<?xml version="1.0" encoding="UTF-8" ?>
<testsuite errors="0" failures="1" hostname="travis-job-fe3ed7b7-e707-4380-9953-78a12fa24794" name="ptolemy.actor.lib.test.junit.JUnitTclTest" skipped="0" tests="517" time="65.718" timestamp="2019-09-27T05:51:57">
  <properties>
    <property name="npm.executable" value="npm" />
    <property name="env.TRAVIS_ROOT" value="/" />
    <property name="ptII.mk.exists" value="true" />
    <property name="env.TRAVIS_APP_HOST" value="build.travis-ci.org" />
    <property name="env.rvm_bin_path" value="/home/travis/.rvm/bin" />
    <property name="java.home" value="/usr/local/lib/jvm/openjdk11" />
    <property name="env.TRAVIS_JOB_NUMBER" value="1342.8" />
    <property name="env.TRAVIS_HOME" value="/home/travis" />
    <property name="env.DISPLAY" value=":99.0" />
    <property name="env.TRAVIS_INIT" value="systemd" />
    <property name="env.SSH_TTY" value="/dev/pts/0" />
    <property name="java.net.preferIPv4Stack" value="true" />
    <property name="env.RUN_TESTS" value="true" />
    <property name="timeout.short" value="1000000" />
    <property name="junit.formatter" value="xml" />
    <property name="env.TRAVIS_SUDO" value="true" />
    <property name="env.TRAVIS_JOB_NAME" value="" />
    <property name="env.TRAVIS_STACK_NODE_ATTRIBUTES" value="/.node-attributes.yml" />
    <property name="env.LOGNAME" value="travis" />
    <property name="env.PT_TRAVIS_TEST_CORE1_XML" value="true" />
    <property name="jsdoc.home" value="node_modules/@terraswarm/jsdoc" />
    <property name="debuglevel" value="source,lines,vars" />
    <property name="checkstyle.formatter" value="xml" />
    <property name="env._system_version" value="16.04" />
    <property name="bin.vergil.makeable" value="true" />
    <property name="sun.os.patch.level" value="unknown" />
    <property name="java.vendor.url" value="http://java.oracle.com/" />
    <property name="env.TRAVIS_BUILD_WEB_URL" value="https://travis-ci.org/icyphy/ptII/builds/590257495" />
    <property name="java.version" value="11.0.2" />
    <property name="env.TZ" value="UTC" />
    <property name="env.TRAVIS_PULL_REQUEST_SHA" value="" />
    <property name="env.PT_NO_NET" value="true" />
    <property name="env.TRAVIS_SECURE_ENV_VARS" value="true" />
    <property name="env._system_type" value="Linux" />
    <property name="java.vendor.url.bug" value="http://bugreport.java.com/bugreport/" />
    <property name="npmjs-org-is-up" value="true" />
    <property name="env.LANGUAGE" value="en_US.UTF-8" />
    <property name="env.SSH_CLIENT" value="10.24.1.28 42438 22" />
    <property name="env.GEM_HOME" value="/home/travis/.rvm/gems/ruby-2.5.3" />
    <property name="env.HAS_ANTARES_THREE_LITTLE_FRONZIES_BADGE" value="true" />
    <property name="java.version.date" value="2019-01-15" />
    <property name="env.PS4" value="+" />
    <property name="ant.project.invoked-targets" value="build,test.core1.xml" />
    <property name="env.TRAVIS_PULL_REQUEST_BRANCH" value="" />
    <property name="env.TRAVIS_REPO_SLUG" value="icyphy/ptII" />
    <property name="env.XDG_DATA_DIRS" value="/usr/local/share:/usr/share:/var/lib/snapd/desktop" />
    <property name="jdk.debug" value="release" />
    <property name="env.TRAVIS_APT_PROXY" value="http://apt.cache.travis-ci.com" />
    <property name="node.in.path" value="true" />
    <property name="user.name" value="travis" />
    <property name="java.maxmemory" value="1400m" />
    <property name="env.RUBY_VERSION" value="ruby-2.5.3" />
    <property name="env.LANG" value="en_US.UTF-8" />
    <property name="sun.io.unicode.encoding" value="UnicodeLittle" />
    <property name="sun.jnu.encoding" value="UTF-8" />
    <property name="java.runtime.name" value="OpenJDK Runtime Environment" />
    <property name="usefile" value="false" />
    <property name="return.code" value="0" />
    <property name="junit.single.formatter" value="plain" />
    <property name="env.DYLD_LIBRARY_PATH" value="/home/travis/pthla/certi-tools/lib:" />
    <property name="env.DEBIAN_FRONTEND" value="noninteractive" />
    <property name="env.SSH_CONNECTION" value="10.24.1.28 42438 10.20.1.120 22" />
    <property name="env.MYSQL_UNIX_PORT" value="/var/run/mysqld/mysqld.sock" />
    <property name="env.LC_ALL" value="en_US.UTF-8" />
    <property name="env.TRAVIS_ALLOW_FAILURE" value="false" />
    <property name="env.TRAVIS_JOB_WEB_URL" value="https://travis-ci.org/icyphy/ptII/jobs/590257503" />
    <property name="java.specification.name" value="Java Platform API Specification" />
    <property name="node.works" value="true" />
    <property name="user.timezone" value="" />
    <property name="path.separator" value=":" />
    <property name="env.TRAVIS_ENABLE_INFRA_DETECTION" value="true" />
    <property name="env.PYTHON_CFLAGS" value="-g -fstack-protector --param=ssp-buffer-size=4 -Wformat -Werror=format-security" />
    <property name="timeout.long" value="4000000" />
    <property name="env.CERTI_HOME" value="/home/travis/pthla/certi-tools" />
    <property name="ant.file.ptII" value="/home/travis/build/icyphy/ptII/build.xml" />
    <property name="javadoc.packagenames" value="com.*,diva.*,lbnl.*,org.hlacerti.*,org.json.*,org.ptolemy.*,org.terraswarm.*,ptolemy.*,ptserver.*" />
    <property name="file.encoding" value="UTF-8" />
    <property name="env.TRAVIS_PULL_REQUEST_SLUG" value="" />
    <property name="ant.project.default-target" value="build" />
    <property name="env.GIT_ASKPASS" value="echo" />
    <property name="env.HOME" value="/home/travis" />
    <property name="sun.java.command" value="org.apache.tools.ant.taskdefs.optional.junit.JUnitTestRunner ptolemy.actor.lib.test.junit.JUnitTclTest skipNonTests=false filtertrace=true haltOnError=false haltOnFailure=false formatter=org.apache.tools.ant.taskdefs.optional.junit.OutErrSummaryJUnitResultFormatter showoutput=true outputtoformatters=true logfailedtests=true threadid=0 logtestlistenerevents=false formatter=org.apache.tools.ant.taskdefs.optional.junit.XMLJUnitResultFormatter,/home/travis/build/icyphy/ptII/reports/junit/TEST-ptolemy.actor.lib.test.junit.JUnitTclTest.xml crashfile=/home/travis/build/icyphy/ptII/junitvmwatcher2668566175421001020.properties propsfile=/home/travis/build/icyphy/ptII/junit13872652871740362874.properties" />
    <property name="env.COMPOSER_NO_INTERACTION" value="1" />
    <property name="env.MANPATH" value="/home/travis/.nvm/versions/node/v7.10.1/share/man:/home/travis/.rvm/rubies/ruby-2.5.3/share/man:/usr/local/cmake-3.12.4/man:/usr/local/clang-7.0.0/share/man:/usr/local/man:/usr/local/share/man:/usr/share/man:/home/travis/.rvm/man" />
    <property name="env.TRAVIS_TIMER_ID" value="10c23264" />
    <property name="ant.file" value="/home/travis/build/icyphy/ptII/build.xml" />
    <property name="env.TRAVIS_COMMIT_RANGE" value="bc7bfed3151ace78f6177b95f8054c233d74f1bf...1691c4a63a7f6e8f7441362a7c71a7ee30ba8bb1" />
    <property name="env._system_name" value="Ubuntu" />
    <property name="ptII.classpath.optional.property" value="/home/travis/build/icyphy/ptII/lib/bsh-2.0b4.jar:/home/travis/build/icyphy/ptII/lib/ptCal.jar:/home/travis/build/icyphy/ptII/lib/java_cup.jar:/home/travis/build/icyphy/ptII/lib/saxon8.jar:/home/travis/build/icyphy/ptII/lib/saxon8-dom.jar:/home/travis/build/icyphy/ptII/lib/chic.jar:/home/travis/build/icyphy/ptII/lib/ptcolt.jar:/home/travis/build/icyphy/ptII/vendors/misc/itext/iText.jar:/home/travis/build/icyphy/ptII/lib/g4ltl.jar:/home/travis/build/icyphy/ptII/lib/StructuralCoder.jar:/home/travis/build/icyphy/ptII/lib/jcerti.jar:/home/travis/build/icyphy/ptII/lib/javax.mail.jar:/home/travis/build/icyphy/ptII/vendors/JMF-2.1.1e/lib/jmf.jar:/home/travis/build/icyphy/ptII/lib/jna-4.0.0-variadic.jar:/home/travis/build/icyphy/ptII/vendors/misc/joystick/Joystick.jar:/home/travis/build/icyphy/ptII/lib/ptjacl.jar:/home/travis/build/icyphy/ptII/lib/jsoup-1.8.2.jar:/home/travis/build/icyphy/ptII/lib/junit-4.8.2.jar:/home/travis/build/icyphy/ptII/lib/JUnitParams-0.4.0.jar:/home/travis/build/icyphy/ptII/ptolemy/actor/lib/excel/jxl.jar:/home/travis/build/icyphy/ptII/lib/jython.jar:/home/travis/build/icyphy/ptII/lib/kieler.jar:/home/travis/build/icyphy/ptII/vendors/opencv/share/OpenCV/java/opencv-341.jar:/home/travis/build/icyphy/ptII/lib/oscP5.jar:/home/travis/build/icyphy/ptII/lib/nrjavaserial-3.11.0.devel.jar:/home/travis/build/icyphy/ptII/vendors/j3d/lib/Linux/j3dcore.jar:/home/travis/build/icyphy/ptII/vendors/j3d/lib/Linux/j3dutils.jar:/home/travis/build/icyphy/ptII/vendors/j3d/lib/Linux/vecmath.jar:/home/travis/build/icyphy/ptII/vendors/jogl/lib/Linux/gluegen-rt-natives-linux-amd64.jar:/home/travis/build/icyphy/ptII/vendors/jogl/lib/Linux/gluegen-rt.jar:/home/travis/build/icyphy/ptII/vendors/jogl/lib/Linux/jogl-all-natives-linux-amd64.jar:/home/travis/build/icyphy/ptII/vendors/jogl/lib/Linux/jogl-all.jar:/home/travis/build/icyphy/ptII/ptolemy/distributed/jini/jar/jini-core.jar:/home/travis/build/icyphy/ptII/ptolemy/distributed/jini/jar/jini-ext.jar:/home/travis/build/icyphy/ptII/ptolemy/distributed/jini/jar/sun-util.jar:/home/travis/build/icyphy/ptII/lib/protobuf-java-2.4.1.jar:/home/travis/build/icyphy/ptII/lib/org.eclipse.paho.client.mqttv3.jar:/home/travis/build/icyphy/ptII/lib/mapss.jar:/home/travis/build/icyphy/ptII/ptolemy/actor/ptalon/antlr/antlr.jar:/home/travis/build/icyphy/ptII/lib/JRI.jar:/home/travis/build/icyphy/ptII/lib/commons-lang-2.6.jar:/home/travis/build/icyphy/ptII/lib/commons-logging-1.1.1.jar:/home/travis/build/icyphy/ptII/lib/sootclasses.jar:/home/travis/build/icyphy/ptII/ptolemy/actor/lib/database/mysql-connector-java-5.1.6-bin.jar:/home/travis/build/icyphy/ptII/vendors/misc/sphinx4/sphinx4-data-5prealpha.jar:/home/travis/build/icyphy/ptII/vendors/misc/sphinx4/sphinx4-core-5prealpha.jar:/home/travis/build/icyphy/ptII/lib/PDFRenderer.jar:/home/travis/build/icyphy/ptII/lib/svgSalamander.jar:/home/travis/build/icyphy/ptII/lib/rsyntaxtextarea-2.6.0-SNAPSHOT.jar:/home/travis/build/icyphy/ptII/lib/hazelcast-3.8.2.jar:/home/travis/build/icyphy/ptII/lib/jackson-annotations-2.9.0.jar:/home/travis/build/icyphy/ptII/lib/jackson-core-2.9.3.jar:/home/travis/build/icyphy/ptII/lib/jackson-databind-2.9.3.jar:/home/travis/build/icyphy/ptII/lib/netty-buffer-4.1.19.Final.jar:/home/travis/build/icyphy/ptII/lib/netty-codec-4.1.19.Final.jar:/home/travis/build/icyphy/ptII/lib/netty-codec-dns-4.1.19.Final.jar:/home/travis/build/icyphy/ptII/lib/netty-codec-http-4.1.19.Final.jar:/home/travis/build/icyphy/ptII/lib/netty-codec-http2-4.1.19.Final.jar:/home/travis/build/icyphy/ptII/lib/netty-common-4.1.19.Final.jar:/home/travis/build/icyphy/ptII/lib/netty-handler-4.1.19.Final.jar:/home/travis/build/icyphy/ptII/lib/netty-resolver-4.1.19.Final.jar:/home/travis/build/icyphy/ptII/lib/netty-resolver-dns-4.1.19.Final.jar:/home/travis/build/icyphy/ptII/lib/netty-transport-4.1.19.Final.jar:/home/travis/build/icyphy/ptII/lib/vertx-codegen-3.5.1.jar:/home/travis/build/icyphy/ptII/lib/vertx-core-3.5.2-SNAPSHOT.jar:/home/travis/build/icyphy/ptII/lib/vertx-hazelcast-3.5.1.jar:/home/travis/build/icyphy/ptII/lib/vertx-lang-js-3.5.1.jar:/home/travis/build/icyphy/ptII/lib/vertx-service-proxy-3.5.1.jar:/home/travis/build/icyphy/ptII/lib/vertx-web-3.5.1.jar:/home/travis/build/icyphy/ptII/lib/slf4j-api-1.7.13.jar:/home/travis/build/icyphy/ptII/lib/slf4j-simple-1.7.13.jar:/home/travis/build/icyphy/ptII/lib/webcam-capture-0.3.12.jar:/home/travis/build/icyphy/ptII/lib/bridj-0.7.0.jar:/home/travis/build/icyphy/ptII/lib/xbjlib-1.1.0.nrjavaserial.jar" />
    <property name="timeout" value="2400000" />
    <property name="test.batch" value="**/junit/*.java" />
    <property name="env._" value="/usr/bin/timeout" />
    <property name="java.io.tmpdir" value="/tmp" />
    <property name="user.language" value="en" />
    <property name="env.TRAVIS_INTERNAL_RUBY_REGEX" value="^ruby-(2\.[0-4]\.[0-9]|1\.9\.3)" />
    <property name="env.HISTCONTROL" value="ignoredups:ignorespace" />
    <property name="env.GOROOT" value="/home/travis/.gimme/versions/go1.11.1.linux.amd64" />
    <property name="line.separator" value="&#xa;" />
    <property name="target" value="11" />
    <property name="env.TRAVIS_BUILD_DIR" value="/home/travis/build/icyphy/ptII" />
    <property name="env.ANT_OPTS" value="-Xmx2048m" />
    <property name="ant.file.type" value="file" />
    <property name="ptolemy.ptII.batchMode" value="true" />
    <property name="env.HISTSIZE" value="1000" />
    <property name="env.MERB_ENV" value="test" />
    <property name="java.vm.info" value="mixed mode" />
    <property name="source" value="11" />
    <property name="java.vm.specification.name" value="Java Virtual Machine Specification" />
    <property name="env.TRAVIS_TEST_RESULT" value="0" />
    <property name="jsdoc.command" value="node_modules/@terraswarm/jsdoc/jsdoc.js" />
    <property name="npm.works" value="true" />
    <property name="cobertura.dir" value="/home/travis/build/icyphy/ptII/vendors/cobertura-2.0.3" />
    <property name="jsdoc.command.exists" value="true" />
    <property name="env.rvm_path" value="/home/travis/.rvm" />
    <property name="env.GEM_PATH" value="/home/travis/.rvm/gems/ruby-2.5.3:/home/travis/.rvm/gems/ruby-2.5.3@global" />
    <property name="env.LC_CTYPE" value="en_US.UTF-8" />
    <property name="env.TRAVIS_CMD" value="$PTII/bin/ptIITravisBuild.sh $SECONDS" />
    <property name="java.awt.printerjob" value="sun.print.PSPrinterJob" />
    <property name="env.TRAVIS_STACK_NAME" value="sardonyx" />
    <property name="env.TRAVIS_TIMER_START_TIME" value="1569562846518944641" />
    <property name="ant.version" value="Apache Ant(TM) version 1.10.1 compiled on February 2 2017" />
    <property name="ptII.reports" value="/home/travis/build/icyphy/ptII/reports" />
    <property name="env.TRAVIS_STACK_TIMESTAMP" value="2019-03-25 16:16:56 UTC" />
    <property name="ant.file.type.ptII" value="file" />
    <property name="env.RBENV_SHELL" value="bash" />
    <property name="os.name" value="Linux" />
    <property name="java.specification.vendor" value="Oracle Corporation" />
    <property name="env.rvm_version" value="1.29.7 (latest)" />
    <property name="env.TRAVIS_INFRA" value="gce" />
    <property name="env.TERM" value="xterm" />
    <property name="java.vm.name" value="OpenJDK 64-Bit Server VM" />
    <property name="env.TRAVIS_BUILD_NUMBER" value="1342" />
    <property name="env.CI" value="true" />
    <property name="java.library.path" value="/home/travis/pthla/certi-tools/lib:/usr/lib/jni:/usr/local/share/OpenCV/java/:/usr/share/OpenCV/java::/usr/java/packages/lib:/usr/lib64:/lib64:/lib:/usr/lib" />
    <property name="jdk.module.path" value="/home/travis/build/icyphy/ptII/vendors/javafx/javafx-sdk-11.0.2/lib:" />
    <property name="env.rvm_prefix" value="/home/travis" />
    <property name="env.PATH" value="/home/travis/pthla/certi-tools/share/scripts:/home/travis/.rvm/gems/ruby-2.5.3/bin:/home/travis/.rvm/gems/ruby-2.5.3@global/bin:/home/travis/.rvm/rubies/ruby-2.5.3/bin:/home/travis/.rvm/bin:/home/travis/.nvm/versions/node/v7.10.1/bin:./node_modules/.bin:/home/travis/build/icyphy/ptII/bin:/home/travis/pthla/certi-tools/bin:/home/travis/bin:/home/travis/.local/bin:/usr/local/lib/jvm/openjdk11/bin:/opt/pyenv/shims:/home/travis/.phpenv/shims:/home/travis/perl5/perlbrew/bin:/home/travis/gopath/bin:/home/travis/.gimme/versions/go1.11.1.linux.amd64/bin:/usr/local/maven-3.6.0/bin:/usr/local/cmake-3.12.4/bin:/usr/local/clang-7.0.0/bin:/usr/local/sbin:/usr/local/bin:/usr/sbin:/usr/bin:/sbin:/bin:/snap/bin:/home/travis/.phpenv/bin:/opt/pyenv/bin:/home/travis/.yarn/bin" />
    <property name="env.TRAVIS_OS_NAME" value="linux" />
    <property name="ant.java.version" value="9" />
    <property name="basedir" value="/home/travis/build/icyphy/ptII" />
    <property name="java.class.version" value="55.0" />
    <property name="env.SHLVL" value="3" />
    <property name="env.LD_LIBRARY_PATH" value="/home/travis/pthla/certi-tools/lib:/usr/lib/jni:/usr/local/share/OpenCV/java/:/usr/share/OpenCV/java:" />
    <property name="env.RACK_ENV" value="test" />
    <property name="ant.home" value="/home/travis/build/icyphy/ptII/ant" />
    <property name="env.NVM_DIR" value="/home/travis/.nvm" />
    <property name="env.CERTI_FOM_PATH" value="/home/travis/pthla/certi-tools/share/federations" />
    <property name="env.TRAVIS_BUILD_ID" value="590257495" />
    <property name="env.PYENV_ROOT" value="/opt/pyenv" />
    <property name="env.TRAVIS_UID" value="2000" />
    <property name="prism.verbose" value="true" />
    <property name="env.NVM_BIN" value="/home/travis/.nvm/versions/node/v7.10.1/bin" />
    <property name="env.TRAVIS_COMMIT" value="1691c4a63a7f6e8f7441362a7c71a7ee30ba8bb1" />
    <property name="env._system_arch" value="x86_64" />
    <property name="node.executable" value="node" />
    <property name="sun.boot.library.path" value="/usr/local/lib/jvm/openjdk11/lib" />
    <property name="sun.management.compiler" value="HotSpot 64-Bit Tiered Compilers" />
    <property name="java.awt.graphicsenv" value="sun.awt.X11GraphicsEnvironment" />
    <property name="env.GOPATH" value="/home/travis/gopath" />
    <property name="ptolemy.ptII.dir" value="/home/travis/build/icyphy/ptII" />
    <property name="env.USER" value="travis" />
    <property name="env.HISTFILESIZE" value="2000" />
    <property name="timeout.longest" value="19000000" />
    <property name="env.PERLBREW_SHELLRC_VERSION" value="0.86" />
    <property name="env.TRAVIS_STACK_FEATURES" value="basic couchdb disabled-ipv6 docker docker-compose elasticsearch firefox go-toolchain google-chrome jdk memcached mongodb mysql nodejs_interpreter perl_interpreter perlbrew phantomjs postgresql python_interpreter redis ruby_interpreter sqlite xserver" />
    <property name="env.TRAVIS_PULL_REQUEST" value="false" />
    <property name="env.PYENV_SHELL" value="bash" />
    <property name="ant.project.name" value="ptII" />
    <property name="env.ANSI_RESET" value="\033[0m" />
    <property name="java.vm.specification.version" value="11" />
    <property name="env.TRAVIS_DIST" value="xenial" />
    <property name="env.CERTI_VERSION" value="4.0.0" />
    <property name="env.CERTI_HOST" value="localhost" />
    <property name="awt.toolkit" value="sun.awt.X11.XToolkit" />
    <property name="env.MY_RUBY_HOME" value="/home/travis/.rvm/rubies/ruby-2.5.3" />
    <property name="sun.cpu.isalist" value="" />
    <property name="env.TRAVIS_TMPDIR" value="/tmp/tmp.22vWgms4y2" />
    <property name="java.vm.compressedOopsMode" value="Zero based" />
    <property name="os.version" value="4.15.0-1028-gcp" />
    <property name="user.home" value="/home/travis" />
    <property name="java.vm.vendor" value="Oracle Corporation" />
    <property name="env.TRAVIS_TAG" value="nightly" />
    <property name="env.ANSI_YELLOW" value="\033[33;1m" />
    <property name="env.TRAVIS_FILTERED" value="redirect_io" />
    <property name="env.ANSI_GREEN" value="\033[32;1m" />
    <property name="env.JAVA_HOME" value="/usr/local/lib/jvm/openjdk11" />
    <property name="javadoc.excludepackagenames" value="adm.cvs2svn.*,build.*,config.*,doc.coding.templates.*,jni.test.jni.meaningOfLife.*,jni.test.jni.testDeux.*,jni.test.jni.testTrois.*,org.terraswarm.accessor.accessors.web.node_modules.*,org.terraswarm.accessor.accessors.web.hosts.cordova.demo.*,org.terraswarm.accessor.accessors.web.hosts.cordova.plugins.*,org.terraswarm.accessor.accessors-svn.*,pt-modules.*,ptolemy.apps.agilent.*,ptolemy.apps.anytimecontrol.*,ptolemy.apps.apes.*,ptolemy.apps.charon.*,ptolemy.apps.crazyboard.*,ptolemy.apps.eclipse.*,ptolemy.apps.etherealSting.*,ptolemy.apps.fullscreen.*,ptolemy.apps.giotto.*,ptolemy.apps.ia.*,ptolemy.apps.interfaces.*,ptolemy.apps.jmf.*,ptolemy.apps.kurt.*,ptolemy.apps.kvm.*,ptolemy.apps.lego.*,ptolemy.apps.lejos.*,ptolemy.apps.midp.*,ptolemy.apps.mobileCoding.*,ptolemy.apps.pendulum.*,ptolemy.apps.rijndael.*,ptolemy.apps.robot.*,ptolemy.apps.security.*,ptolemy.apps.sobel.*,ptolemy.apps.soot.*,ptolemy.apps.throttle.*,ptolemy.apps.tini.*,ptolemy.apps.transmission.*,ptolemy.apps.vergil.*,ptolemy.apps.waba.*,ptolemy.apps.websensor.*,ptolemy.apps.webstart.*,ptolemy.apps.xsl.*,ptolemy.apps.zaurus.*,ptolemy.codegen.c.actor.lib.oldJavaFiles.*,ptolemy.codegen.dsp.lib.*,ptolemy.codegen.kernel.newInterfaces.*,ptolemy.codegen.lib.*,ptolemy.copernicus.kernel.fragment.*,ptolemy.copernicus.shallow.cg.*,ptolemy.domains.giotto.demo.Hierarchy.Hierarchy.*,ptolemy.domains.giotto.demo.Multimode.Multimode.*,ptolemy.domains.giotto.demo.Simple.Simple.*,ptolemy.domains.gr.lib.experimental.*,ptolemy.domains.gro.*,ptolemy.domains.pdf.*,ptolemy.domains.ptinyos.demo.Surge.output.*,ptolemy.moml.test.NoPackageActor.java*,ptolemy.plot.adm.*,ptolemy.plot.servlet.*,reports.*,signed.*,src.*,target.*,vendors.*,ptolemy.copernicus.applet.*,ptolemy.media.viewer.*,ptolemy.actor.corba.*,doc.doclets.*,ptolemy.apps.eclipse.awt.*,ptolemy.backtrack.*,ptolemy.backtrack.ast.*,ptolemy.cg.adapter.generic.program.procedural.c.mbed*,ptolemy.homer.*,ptolemy.actor.lib.jai.*,org.ptolemy.scala.*,diva.util.java2d.svg.*,ptolemy.domains.ptinyos.*,ptolemy.actor.lib.fmi.fmipp.*,,org.terraswarm.accessor.accessors.web.node_modules.*,org.terraswarm.accessor.accessors-svn,ptolemy.apps.*,ptolemy.actor.ptalon.demo.ptinyos.SendAndReceiveCnt.output,ptolemy.actor.ptalon.demo.ptinyos.SenseToLeds.output,ptolemy.domains.ptinyos.demo.CntToLedsAndRfm.output,ptolemy.domains.ptinyos.demo.RfmToLeds.output,ptolemy.domains.ptinyos.demo.SendAndReceiveCnt.output,ptolemy.domains.ptinyos.demo.SenseToLeds.output,ptolemy.actor.lib.jjs.modules.udpSocket.*" />
    <property name="env.PTII" value="/home/travis/build/icyphy/ptII" />
    <property name="env.XDG_SESSION_ID" value="2" />
    <property name="keystore" value="ptKeystore" />
    <property name="env.TRAVIS_COMMIT_MESSAGE" value="Use --release 8 instead of -target 8 -release 8 because --release 8 includes -target 8." />
    <property name="junit.output.dir" value="/home/travis/build/icyphy/ptII/reports/junit" />
    <property name="npm.return.code" value="0" />
    <property name="user.dir" value="/home/travis/build/icyphy/ptII/ptolemy/actor/lib/test" />
    <property name="env.TRAVIS_NODE_VERSION" value="7" />
    <property name="env.TRAVIS_EVENT_TYPE" value="cron" />
    <property name="env.MAIL" value="/var/mail/travis" />
    <property name="env.PERLBREW_ROOT" value="/home/travis/perl5/perlbrew" />
    <property name="env.PWD" value="/home/travis/build/icyphy/ptII" />
    <property name="timeout.npm" value="45000" />
    <property name="env.TRAVIS_ARCH" value="amd64" />
    <property name="sun.cpu.endian" value="little" />
    <property name="env.PAGER" value="cat" />
    <property name="env.TRAVIS_BUILD_STAGE_NAME" value="Test" />
    <property name="env.PERLBREW_HOME" value="/home/travis/.perlbrew" />
    <property name="java.vm.version" value="11.0.2+9" />
    <property name="env.RAILS_ENV" value="test" />
    <property name="java.class.path" value="/home/travis/.ptolemyII:/home/travis/.ptolemyII/*:/home/travis/build/icyphy/ptII:/home/travis/build/icyphy/ptII/lib/bsh-2.0b4.jar:/home/travis/build/icyphy/ptII/lib/ptCal.jar:/home/travis/build/icyphy/ptII/lib/java_cup.jar:/home/travis/build/icyphy/ptII/lib/saxon8.jar:/home/travis/build/icyphy/ptII/lib/saxon8-dom.jar:/home/travis/build/icyphy/ptII/lib/chic.jar:/home/travis/build/icyphy/ptII/lib/ptcolt.jar:/home/travis/build/icyphy/ptII/vendors/misc/itext/iText.jar:/home/travis/build/icyphy/ptII/lib/g4ltl.jar:/home/travis/build/icyphy/ptII/lib/StructuralCoder.jar:/home/travis/build/icyphy/ptII/lib/jcerti.jar:/home/travis/build/icyphy/ptII/lib/javax.mail.jar:/home/travis/build/icyphy/ptII/vendors/JMF-2.1.1e/lib/jmf.jar:/home/travis/build/icyphy/ptII/lib/jna-4.0.0-variadic.jar:/home/travis/build/icyphy/ptII/vendors/misc/joystick/Joystick.jar:/home/travis/build/icyphy/ptII/lib/ptjacl.jar:/home/travis/build/icyphy/ptII/lib/jsoup-1.8.2.jar:/home/travis/build/icyphy/ptII/lib/junit-4.8.2.jar:/home/travis/build/icyphy/ptII/lib/JUnitParams-0.4.0.jar:/home/travis/build/icyphy/ptII/ptolemy/actor/lib/excel/jxl.jar:/home/travis/build/icyphy/ptII/lib/jython.jar:/home/travis/build/icyphy/ptII/lib/kieler.jar:/home/travis/build/icyphy/ptII/vendors/opencv/share/OpenCV/java/opencv-341.jar:/home/travis/build/icyphy/ptII/lib/oscP5.jar:/home/travis/build/icyphy/ptII/lib/nrjavaserial-3.11.0.devel.jar:/home/travis/build/icyphy/ptII/vendors/j3d/lib/Linux/j3dcore.jar:/home/travis/build/icyphy/ptII/vendors/j3d/lib/Linux/j3dutils.jar:/home/travis/build/icyphy/ptII/vendors/j3d/lib/Linux/vecmath.jar:/home/travis/build/icyphy/ptII/vendors/jogl/lib/Linux/gluegen-rt-natives-linux-amd64.jar:/home/travis/build/icyphy/ptII/vendors/jogl/lib/Linux/gluegen-rt.jar:/home/travis/build/icyphy/ptII/vendors/jogl/lib/Linux/jogl-all-natives-linux-amd64.jar:/home/travis/build/icyphy/ptII/vendors/jogl/lib/Linux/jogl-all.jar:/home/travis/build/icyphy/ptII/ptolemy/distributed/jini/jar/jini-core.jar:/home/travis/build/icyphy/ptII/ptolemy/distributed/jini/jar/jini-ext.jar:/home/travis/build/icyphy/ptII/ptolemy/distributed/jini/jar/sun-util.jar:/home/travis/build/icyphy/ptII/lib/protobuf-java-2.4.1.jar:/home/travis/build/icyphy/ptII/lib/org.eclipse.paho.client.mqttv3.jar:/home/travis/build/icyphy/ptII/lib/mapss.jar:/home/travis/build/icyphy/ptII/ptolemy/actor/ptalon/antlr/antlr.jar:/home/travis/build/icyphy/ptII/lib/JRI.jar:/home/travis/build/icyphy/ptII/lib/commons-lang-2.6.jar:/home/travis/build/icyphy/ptII/lib/commons-logging-1.1.1.jar:/home/travis/build/icyphy/ptII/lib/sootclasses.jar:/home/travis/build/icyphy/ptII/ptolemy/actor/lib/database/mysql-connector-java-5.1.6-bin.jar:/home/travis/build/icyphy/ptII/vendors/misc/sphinx4/sphinx4-data-5prealpha.jar:/home/travis/build/icyphy/ptII/vendors/misc/sphinx4/sphinx4-core-5prealpha.jar:/home/travis/build/icyphy/ptII/lib/PDFRenderer.jar:/home/travis/build/icyphy/ptII/lib/svgSalamander.jar:/home/travis/build/icyphy/ptII/lib/rsyntaxtextarea-2.6.0-SNAPSHOT.jar:/home/travis/build/icyphy/ptII/lib/hazelcast-3.8.2.jar:/home/travis/build/icyphy/ptII/lib/jackson-annotations-2.9.0.jar:/home/travis/build/icyphy/ptII/lib/jackson-core-2.9.3.jar:/home/travis/build/icyphy/ptII/lib/jackson-databind-2.9.3.jar:/home/travis/build/icyphy/ptII/lib/netty-buffer-4.1.19.Final.jar:/home/travis/build/icyphy/ptII/lib/netty-codec-4.1.19.Final.jar:/home/travis/build/icyphy/ptII/lib/netty-codec-dns-4.1.19.Final.jar:/home/travis/build/icyphy/ptII/lib/netty-codec-http-4.1.19.Final.jar:/home/travis/build/icyphy/ptII/lib/netty-codec-http2-4.1.19.Final.jar:/home/travis/build/icyphy/ptII/lib/netty-common-4.1.19.Final.jar:/home/travis/build/icyphy/ptII/lib/netty-handler-4.1.19.Final.jar:/home/travis/build/icyphy/ptII/lib/netty-resolver-4.1.19.Final.jar:/home/travis/build/icyphy/ptII/lib/netty-resolver-dns-4.1.19.Final.jar:/home/travis/build/icyphy/ptII/lib/netty-transport-4.1.19.Final.jar:/home/travis/build/icyphy/ptII/lib/vertx-codegen-3.5.1.jar:/home/travis/build/icyphy/ptII/lib/vertx-core-3.5.2-SNAPSHOT.jar:/home/travis/build/icyphy/ptII/lib/vertx-hazelcast-3.5.1.jar:/home/travis/build/icyphy/ptII/lib/vertx-lang-js-3.5.1.jar:/home/travis/build/icyphy/ptII/lib/vertx-service-proxy-3.5.1.jar:/home/travis/build/icyphy/ptII/lib/vertx-web-3.5.1.jar:/home/travis/build/icyphy/ptII/lib/slf4j-api-1.7.13.jar:/home/travis/build/icyphy/ptII/lib/slf4j-simple-1.7.13.jar:/home/travis/build/icyphy/ptII/lib/webcam-capture-0.3.12.jar:/home/travis/build/icyphy/ptII/lib/bridj-0.7.0.jar:/home/travis/build/icyphy/ptII/lib/xbjlib-1.1.0.nrjavaserial.jar:/home/travis/build/icyphy/ptII/ptolemy/moml/test:/home/travis/build/icyphy/ptII/ant/lib/ant-launcher.jar:/home/travis/build/icyphy/ptII/ant/lib/ant.jar:/home/travis/build/icyphy/ptII/ant/lib/ant-junit.jar:/home/travis/build/icyphy/ptII/ant/lib/ant-junit4.jar" />
    <property name="ant.library.dir" value="/home/travis/build/icyphy/ptII/ant/lib" />
    <property name="os.arch" value="amd64" />
    <property name="env.CONTINUOUS_INTEGRATION" value="true" />
    <property name="env.TRAVIS_LANGUAGE" value="node_js" />
    <property name="env.TRAVIS_STACK_LANGUAGES" value="__sardonyx__ c c++ clojure cplusplus cpp default generic go groovy java node_js php pure_java python ruby scala" />
    <property name="test.name" value="ptolemy.actor.lib.test.junit.JUnitTclTest" />
    <property name="env.APT_KEY_DONT_WARN_ON_DANGEROUS_USAGE" value="1" />
    <property name="sun.java.launcher" value="SUN_STANDARD" />
    <property name="env.PYTHON_CONFIGURE_OPTS" value="--enable-unicode=ucs4 --with-wide-unicode --enable-shared --enable-ipv6 --enable-loadable-sqlite-extensions --with-computed-gotos" />
    <property name="ant.core.lib" value="/home/travis/build/icyphy/ptII/ant/lib/ant.jar" />
    <property name="java.vm.specification.vendor" value="Oracle Corporation" />
    <property name="env.BCVTB_HOME" value="/home/travis/build/icyphy/ptII/lbnl" />
    <property name="file.separator" value="/" />
    <property name="spotbugs.home" value="/home/travis/build/icyphy/ptII/vendors/spotbugs-3.1.1" />
    <property name="java.runtime.version" value="11.0.2+9" />
    <property name="env.ANSI_CLEAR" value="\033[0K" />
    <property name="javafx.verbose" value="true" />
    <property name="env.HAS_JOSH_K_SEAL_OF_APPROVAL" value="true" />
    <property name="env.XDG_RUNTIME_DIR" value="/run/user/2000" />
    <property name="env.TRAVIS_OSX_IMAGE" value="" />
    <property name="env.TRAVIS_JOB_ID" value="590257503" />
    <property name="env.TRAVIS_BRANCH" value="master" />
    <property name="user.country" value="US" />
    <property name="env.CERTI_HOME_TRAVIS" value="/home/travis/pthla/certi-tools" />
    <property name="env.SHELL" value="/bin/bash" />
    <property name="java.maxmemory.large" value="3200m" />
    <property name="model" value="" />
    <property name="env.CASHER_DIR" value="/home/travis/.casher" />
    <property name="env.NVM_CD_FLAGS" value="" />
    <property name="java.vendor.version" value="18.9" />
    <property name="jshint.executable" value="/home/travis/node_modules/jshint/bin/jshint" />
    <property name="env.JRUBY_OPTS" value=" --client -J-XX:+TieredCompilation -J-XX:TieredStopAtLevel=1 -J-Xss2m -Xcompile.invokedynamic=false" />
    <property name="java.vendor" value="Oracle Corporation" />
    <property name="env.TRAVIS_PRE_CHEF_BOOTSTRAP_TIME" value="2019-03-25T16:16:42" />
    <property name="env.TRAVIS_STACK_JOB_BOARD_REGISTER" value="/.job-board-register.yml" />
    <property name="env.ANSI_RED" value="\033[31;1m" />
    <property name="java.specification.version" value="11" />
    <property name="env.IRBRC" value="/home/travis/.rvm/rubies/ruby-2.5.3/.irbrc" />
    <property name="env.TRAVIS" value="true" />
    <property name="sun.arch.data.model" value="64" />
  </properties>
  <testcase classname="ptolemy.util.test.junit.TclTests" name="[0] /home/travis/build/icyphy/ptII/ptolemy/actor/lib/test/AbsoluteValue.tcl (RunTclFile)" time="0.786" />
  <testcase classname="ptolemy.util.test.junit.TclTests" name="[1] /home/travis/build/icyphy/ptII/ptolemy/actor/lib/test/AddSubtract.tcl (RunTclFile)" time="0.207" />
  <testcase classname="ptolemy.util.test.junit.TclTests" name="[2] /home/travis/build/icyphy/ptII/ptolemy/actor/lib/test/Average.tcl (RunTclFile)" time="0.048" />
  <testcase classname="ptolemy.util.test.junit.TclTests" name="[3] /home/travis/build/icyphy/ptII/ptolemy/actor/lib/test/Bernoulli.tcl (RunTclFile)" time="0.052" />
  <testcase classname="ptolemy.util.test.junit.TclTests" name="[4] /home/travis/build/icyphy/ptII/ptolemy/actor/lib/test/Clock.tcl (RunTclFile)" time="0.112" />
  <testcase classname="ptolemy.util.test.junit.TclTests" name="[5] /home/travis/build/icyphy/ptII/ptolemy/actor/lib/test/Commutator.tcl (RunTclFile)" time="0.199" />
  <testcase classname="ptolemy.util.test.junit.TclTests" name="[6] /home/travis/build/icyphy/ptII/ptolemy/actor/lib/test/Const.tcl (RunTclFile)" time="0.142" />
  <testcase classname="ptolemy.util.test.junit.TclTests" name="[7] /home/travis/build/icyphy/ptII/ptolemy/actor/lib/test/CurrentTime.tcl (RunTclFile)" time="0.042" />
  <testcase classname="ptolemy.util.test.junit.TclTests" name="[8] /home/travis/build/icyphy/ptII/ptolemy/actor/lib/test/DB.tcl (RunTclFile)" time="0.068" />
  <testcase classname="ptolemy.util.test.junit.TclTests" name="[9] /home/travis/build/icyphy/ptII/ptolemy/actor/lib/test/DiscreteRandomSource.tcl (RunTclFile)" time="0.067" />
  <testcase classname="ptolemy.util.test.junit.TclTests" name="[10] /home/travis/build/icyphy/ptII/ptolemy/actor/lib/test/Distributor.tcl (RunTclFile)" time="0.057" />
  <testcase classname="ptolemy.util.test.junit.TclTests" name="[11] /home/travis/build/icyphy/ptII/ptolemy/actor/lib/test/Exit.tcl (RunTclFile)" time="0.121" />
  <testcase classname="ptolemy.util.test.junit.TclTests" name="[12] /home/travis/build/icyphy/ptII/ptolemy/actor/lib/test/Expression.tcl (RunTclFile)" time="0.142" />
  <testcase classname="ptolemy.util.test.junit.TclTests" name="[13] /home/travis/build/icyphy/ptII/ptolemy/actor/lib/test/Gaussian.tcl (RunTclFile)" time="0.34" />
  <testcase classname="ptolemy.util.test.junit.TclTests" name="[14] /home/travis/build/icyphy/ptII/ptolemy/actor/lib/test/IIR.tcl (RunTclFile)" time="0.037" />
  <testcase classname="ptolemy.util.test.junit.TclTests" name="[15] /home/travis/build/icyphy/ptII/ptolemy/actor/lib/test/Interpolator.tcl (RunTclFile)" time="0.132" />
  <testcase classname="ptolemy.util.test.junit.TclTests" name="[16] /home/travis/build/icyphy/ptII/ptolemy/actor/lib/test/MathFunction.tcl (RunTclFile)" time="0.06" />
  <testcase classname="ptolemy.util.test.junit.TclTests" name="[17] /home/travis/build/icyphy/ptII/ptolemy/actor/lib/test/Maximum.tcl (RunTclFile)" time="0.055" />
  <testcase classname="ptolemy.util.test.junit.TclTests" name="[18] /home/travis/build/icyphy/ptII/ptolemy/actor/lib/test/Minimum.tcl (RunTclFile)" time="0.038" />
  <testcase classname="ptolemy.util.test.junit.TclTests" name="[19] /home/travis/build/icyphy/ptII/ptolemy/actor/lib/test/MultiplyDivide.tcl (RunTclFile)" time="0.05" />
  <testcase classname="ptolemy.util.test.junit.TclTests" name="[20] /home/travis/build/icyphy/ptII/ptolemy/actor/lib/test/OrderedMerge.tcl (RunTclFile)" time="0.154" />
  <testcase classname="ptolemy.util.test.junit.TclTests" name="[21] /home/travis/build/icyphy/ptII/ptolemy/actor/lib/test/Publisher.tcl (RunTclFile)" time="0.937" />
  <testcase classname="ptolemy.util.test.junit.TclTests" name="[22] /home/travis/build/icyphy/ptII/ptolemy/actor/lib/test/Pulse.tcl (RunTclFile)" time="0.046" />
  <testcase classname="ptolemy.util.test.junit.TclTests" name="[23] /home/travis/build/icyphy/ptII/ptolemy/actor/lib/test/Ramp.tcl (RunTclFile)" time="2.653" />
  <testcase classname="ptolemy.util.test.junit.TclTests" name="[24] /home/travis/build/icyphy/ptII/ptolemy/actor/lib/test/RampContinuous.tcl (RunTclFile)" time="0.023" />
  <testcase classname="ptolemy.util.test.junit.TclTests" name="[25] /home/travis/build/icyphy/ptII/ptolemy/actor/lib/test/RecordAssembler.tcl (RunTclFile)" time="0.02" />
  <testcase classname="ptolemy.util.test.junit.TclTests" name="[26] /home/travis/build/icyphy/ptII/ptolemy/actor/lib/test/RecordDisassembler.tcl (RunTclFile)" time="0.04" />
  <testcase classname="ptolemy.util.test.junit.TclTests" name="[27] /home/travis/build/icyphy/ptII/ptolemy/actor/lib/test/Scale.tcl (RunTclFile)" time="0.031" />
  <testcase classname="ptolemy.util.test.junit.TclTests" name="[28] /home/travis/build/icyphy/ptII/ptolemy/actor/lib/test/SequentialClock.tcl (RunTclFile)" time="0.022" />
  <testcase classname="ptolemy.util.test.junit.TclTests" name="[29] /home/travis/build/icyphy/ptII/ptolemy/actor/lib/test/SetVariable.tcl (RunTclFile)" time="0.031">
    <failure message="Number of failed tests is has increased. expected:&lt;0&gt; but was:&lt;1&gt;" type="junit.framework.AssertionFailedError">junit.framework.AssertionFailedError: Number of failed tests is has increased. expected:&lt;0&gt; but was:&lt;1&gt;
	at ptolemy.util.test.junit.TclTests.RunTclFile(TclTests.java:286)
	at jdk.internal.reflect.GeneratedMethodAccessor19.invoke(Unknown Source)
	at java.base/jdk.internal.reflect.DelegatingMethodAccessorImpl.invoke(DelegatingMethodAccessorImpl.java:43)
	at junitparams.internal.InvokeParameterisedMethod.evaluate(InvokeParameterisedMethod.java:102)
	at junitparams.internal.ParameterisedTestMethodRunner.runMethodInvoker(ParameterisedTestMethodRunner.java:47)
	at junitparams.internal.ParameterisedTestMethodRunner.runTestMethod(ParameterisedTestMethodRunner.java:41)
	at junitparams.internal.ParameterisedTestClassRunner.runParameterisedTest(ParameterisedTestClassRunner.java:143)
	at junitparams.JUnitParamsRunner.runChild(JUnitParamsRunner.java:237)
	at junitparams.JUnitParamsRunner.runChild(JUnitParamsRunner.java:215)
</failure>
  </testcase>
  <testcase classname="ptolemy.util.test.junit.TclTests" name="[30] /home/travis/build/icyphy/ptII/ptolemy/actor/lib/test/Sinewave.tcl (RunTclFile)" time="0.049" />
  <testcase classname="ptolemy.util.test.junit.TclTests" name="[31] /home/travis/build/icyphy/ptII/ptolemy/actor/lib/test/SubscriptionAggregator.tcl (RunTclFile)" time="2.434" />
  <testcase classname="ptolemy.util.test.junit.TclTests" name="[32] /home/travis/build/icyphy/ptII/ptolemy/actor/lib/test/Test.tcl (RunTclFile)" time="0.091" />
  <testcase classname="ptolemy.util.test.junit.TclTests" name="[33] /home/travis/build/icyphy/ptII/ptolemy/actor/lib/test/TestExceptionHandler.tcl (RunTclFile)" time="0.014" />
  <testcase classname="ptolemy.util.test.junit.TclTests" name="[34] /home/travis/build/icyphy/ptII/ptolemy/actor/lib/test/UnionDisassembler.tcl (RunTclFile)" time="0.071" />
  <testcase classname="ptolemy.util.test.junit.TclTests" name="[35] /home/travis/build/icyphy/ptII/ptolemy/actor/lib/test/VariableClock.tcl (RunTclFile)" time="0.026" />
  <testcase classname="ptolemy.util.test.junit.AutoKnownFailedTests" name="[0] /home/travis/build/icyphy/ptII/ptolemy/actor/lib/test/auto/knownFailedTests/PublisherPortToplevelSubscriber.xml (RunModel)" time="0.028" />
  <testcase classname="ptolemy.util.test.junit.AutoKnownFailedTests" name="[1] /home/travis/build/icyphy/ptII/ptolemy/actor/lib/test/auto/knownFailedTests/PublisherSubscriberPortToplevel.xml (RunModel)" time="0.024" />
  <testcase classname="ptolemy.util.test.junit.AutoKnownFailedTests" name="[2] /home/travis/build/icyphy/ptII/ptolemy/actor/lib/test/auto/knownFailedTests/PublisherSubscriptionAggregatorPort.xml (RunModel)" time="0.023" />
  <testcase classname="ptolemy.util.test.junit.AutoKnownFailedTests" name="[3] /home/travis/build/icyphy/ptII/ptolemy/actor/lib/test/auto/knownFailedTests/sizedarray3.xml (RunModel)" time="0.035" />
  <testcase classname="ptolemy.util.test.junit.AutoNameArchTests" name="[0] ThereAreNoAutoArchTests (RunModel)" time="0.006" />
  <testcase classname="ptolemy.util.test.junit.AutoTests" name="[0] /home/travis/build/icyphy/ptII/ptolemy/actor/lib/test/auto/AbsoluteValue.xml (RunModel)" time="0.127" />
  <testcase classname="ptolemy.util.test.junit.AutoTests" name="[1] /home/travis/build/icyphy/ptII/ptolemy/actor/lib/test/auto/AbsoluteValue2.xml (RunModel)" time="0.058" />
  <testcase classname="ptolemy.util.test.junit.AutoTests" name="[2] /home/travis/build/icyphy/ptII/ptolemy/actor/lib/test/auto/Accumulator.xml (RunModel)" time="0.028" />
  <testcase classname="ptolemy.util.test.junit.AutoTests" name="[3] /home/travis/build/icyphy/ptII/ptolemy/actor/lib/test/auto/Accumulator2.xml (RunModel)" time="0.121" />
  <testcase classname="ptolemy.util.test.junit.AutoTests" name="[4] /home/travis/build/icyphy/ptII/ptolemy/actor/lib/test/auto/Accumulator3.xml (RunModel)" time="0.031" />
  <testcase classname="ptolemy.util.test.junit.AutoTests" name="[5] /home/travis/build/icyphy/ptII/ptolemy/actor/lib/test/auto/ArrayAppend.xml (RunModel)" time="0.082" />
  <testcase classname="ptolemy.util.test.junit.AutoTests" name="[6] /home/travis/build/icyphy/ptII/ptolemy/actor/lib/test/auto/ArrayAppend2.xml (RunModel)" time="0.386" />
  <testcase classname="ptolemy.util.test.junit.AutoTests" name="[7] /home/travis/build/icyphy/ptII/ptolemy/actor/lib/test/auto/ArrayAppend3.xml (RunModel)" time="0.023" />
  <testcase classname="ptolemy.util.test.junit.AutoTests" name="[8] /home/travis/build/icyphy/ptII/ptolemy/actor/lib/test/auto/ArrayAppend4.xml (RunModel)" time="0.061" />
  <testcase classname="ptolemy.util.test.junit.AutoTests" name="[9] /home/travis/build/icyphy/ptII/ptolemy/actor/lib/test/auto/ArrayAppend5.xml (RunModel)" time="0.017" />
  <testcase classname="ptolemy.util.test.junit.AutoTests" name="[10] /home/travis/build/icyphy/ptII/ptolemy/actor/lib/test/auto/ArrayAppend6.xml (RunModel)" time="0.03" />
  <testcase classname="ptolemy.util.test.junit.AutoTests" name="[11] /home/travis/build/icyphy/ptII/ptolemy/actor/lib/test/auto/ArrayAppendPerformanceTest.xml (RunModel)" time="0.085" />
  <testcase classname="ptolemy.util.test.junit.AutoTests" name="[12] /home/travis/build/icyphy/ptII/ptolemy/actor/lib/test/auto/ArrayAppendWithEmptyInput.xml (RunModel)" time="0.064" />
  <testcase classname="ptolemy.util.test.junit.AutoTests" name="[13] /home/travis/build/icyphy/ptII/ptolemy/actor/lib/test/auto/ArrayAverage.xml (RunModel)" time="0.056" />
  <testcase classname="ptolemy.util.test.junit.AutoTests" name="[14] /home/travis/build/icyphy/ptII/ptolemy/actor/lib/test/auto/ArrayContains.xml (RunModel)" time="0.044" />
  <testcase classname="ptolemy.util.test.junit.AutoTests" name="[15] /home/travis/build/icyphy/ptII/ptolemy/actor/lib/test/auto/ArrayElement.xml (RunModel)" time="0.114" />
  <testcase classname="ptolemy.util.test.junit.AutoTests" name="[16] /home/travis/build/icyphy/ptII/ptolemy/actor/lib/test/auto/ArrayElementAsMatrix.xml (RunModel)" time="0.066" />
  <testcase classname="ptolemy.util.test.junit.AutoTests" name="[17] /home/travis/build/icyphy/ptII/ptolemy/actor/lib/test/auto/ArrayElementI.xml (RunModel)" time="0.021" />
  <testcase classname="ptolemy.util.test.junit.AutoTests" name="[18] /home/travis/build/icyphy/ptII/ptolemy/actor/lib/test/auto/ArrayExtract.xml (RunModel)" time="0.027" />
  <testcase classname="ptolemy.util.test.junit.AutoTests" name="[19] /home/travis/build/icyphy/ptII/ptolemy/actor/lib/test/auto/ArrayExtract2.xml (RunModel)" time="0.025" />
  <testcase classname="ptolemy.util.test.junit.AutoTests" name="[20] /home/travis/build/icyphy/ptII/ptolemy/actor/lib/test/auto/ArrayLength.xml (RunModel)" time="0.023" />
  <testcase classname="ptolemy.util.test.junit.AutoTests" name="[21] /home/travis/build/icyphy/ptII/ptolemy/actor/lib/test/auto/ArrayLevelCrossing.xml (RunModel)" time="0.031" />
  <testcase classname="ptolemy.util.test.junit.AutoTests" name="[22] /home/travis/build/icyphy/ptII/ptolemy/actor/lib/test/auto/ArrayLevelCrossing2.xml (RunModel)" time="0.022" />
  <testcase classname="ptolemy.util.test.junit.AutoTests" name="[23] /home/travis/build/icyphy/ptII/ptolemy/actor/lib/test/auto/ArrayPeakSearch.xml (RunModel)" time="0.03" />
  <testcase classname="ptolemy.util.test.junit.AutoTests" name="[24] /home/travis/build/icyphy/ptII/ptolemy/actor/lib/test/auto/ArrayPeakSearch2.xml (RunModel)" time="0.033" />
  <testcase classname="ptolemy.util.test.junit.AutoTests" name="[25] /home/travis/build/icyphy/ptII/ptolemy/actor/lib/test/auto/ArrayPeakSearch3.xml (RunModel)" time="0.039" />
  <testcase classname="ptolemy.util.test.junit.AutoTests" name="[26] /home/travis/build/icyphy/ptII/ptolemy/actor/lib/test/auto/ArrayRemoveElement.xml (RunModel)" time="0.032" />
  <testcase classname="ptolemy.util.test.junit.AutoTests" name="[27] /home/travis/build/icyphy/ptII/ptolemy/actor/lib/test/auto/ArraySort.xml (RunModel)" time="0.033" />
  <testcase classname="ptolemy.util.test.junit.AutoTests" name="[28] /home/travis/build/icyphy/ptII/ptolemy/actor/lib/test/auto/ArraySum.xml (RunModel)" time="0.021" />
  <testcase classname="ptolemy.util.test.junit.AutoTests" name="[29] /home/travis/build/icyphy/ptII/ptolemy/actor/lib/test/auto/ArrayToElements.xml (RunModel)" time="0.021" />
  <testcase classname="ptolemy.util.test.junit.AutoTests" name="[30] /home/travis/build/icyphy/ptII/ptolemy/actor/lib/test/auto/ArrayToMatrix.xml (RunModel)" time="0.046" />
  <testcase classname="ptolemy.util.test.junit.AutoTests" name="[31] /home/travis/build/icyphy/ptII/ptolemy/actor/lib/test/auto/ArrayUpdate1.xml (RunModel)" time="0.019" />
  <testcase classname="ptolemy.util.test.junit.AutoTests" name="[32] /home/travis/build/icyphy/ptII/ptolemy/actor/lib/test/auto/ArrayUpdate2.xml (RunModel)" time="0.023" />
  <testcase classname="ptolemy.util.test.junit.AutoTests" name="[33] /home/travis/build/icyphy/ptII/ptolemy/actor/lib/test/auto/ArrayUpdate3.xml (RunModel)" time="0.014" />
  <testcase classname="ptolemy.util.test.junit.AutoTests" name="[34] /home/travis/build/icyphy/ptII/ptolemy/actor/lib/test/auto/Assert1.xml (RunModel)" time="0.024" />
  <testcase classname="ptolemy.util.test.junit.AutoTests" name="[35] /home/travis/build/icyphy/ptII/ptolemy/actor/lib/test/auto/Assert2.xml (RunModel)" time="0.02" />
  <testcase classname="ptolemy.util.test.junit.AutoTests" name="[36] /home/travis/build/icyphy/ptII/ptolemy/actor/lib/test/auto/BooleanMultiplexor.xml (RunModel)" time="0.024" />
  <testcase classname="ptolemy.util.test.junit.AutoTests" name="[37] /home/travis/build/icyphy/ptII/ptolemy/actor/lib/test/auto/BooleanMultiplexor2.xml (RunModel)" time="0.025" />
  <testcase classname="ptolemy.util.test.junit.AutoTests" name="[38] /home/travis/build/icyphy/ptII/ptolemy/actor/lib/test/auto/BooleanMultiplexor3.xml (RunModel)" time="0.021" />
  <testcase classname="ptolemy.util.test.junit.AutoTests" name="[39] /home/travis/build/icyphy/ptII/ptolemy/actor/lib/test/auto/BooleanSelect.xml (RunModel)" time="0.025" />
  <testcase classname="ptolemy.util.test.junit.AutoTests" name="[40] /home/travis/build/icyphy/ptII/ptolemy/actor/lib/test/auto/BooleanSelect2.xml (RunModel)" time="0.015" />
  <testcase classname="ptolemy.util.test.junit.AutoTests" name="[41] /home/travis/build/icyphy/ptII/ptolemy/actor/lib/test/auto/BooleanSwitch.xml (RunModel)" time="0.026" />
  <testcase classname="ptolemy.util.test.junit.AutoTests" name="[42] /home/travis/build/icyphy/ptII/ptolemy/actor/lib/test/auto/BooleanSwitch2.xml (RunModel)" time="0.016" />
  <testcase classname="ptolemy.util.test.junit.AutoTests" name="[43] /home/travis/build/icyphy/ptII/ptolemy/actor/lib/test/auto/BooleanSwitchCloningBugWithClassRelationGroup.xml (RunModel)" time="0.033" />
  <testcase classname="ptolemy.util.test.junit.AutoTests" name="[44] /home/travis/build/icyphy/ptII/ptolemy/actor/lib/test/auto/BusActors.xml (RunModel)" time="0.041" />
  <testcase classname="ptolemy.util.test.junit.AutoTests" name="[45] /home/travis/build/icyphy/ptII/ptolemy/actor/lib/test/auto/ClassWrapper.xml (RunModel)" time="0.027" />
  <testcase classname="ptolemy.util.test.junit.AutoTests" name="[46] /home/travis/build/icyphy/ptII/ptolemy/actor/lib/test/auto/Clock.xml (RunModel)" time="0.021" />
  <testcase classname="ptolemy.util.test.junit.AutoTests" name="[47] /home/travis/build/icyphy/ptII/ptolemy/actor/lib/test/auto/Clock10.xml (RunModel)" time="0.037" />
  <testcase classname="ptolemy.util.test.junit.AutoTests" name="[48] /home/travis/build/icyphy/ptII/ptolemy/actor/lib/test/auto/Clock11.xml (RunModel)" time="0.021" />
  <testcase classname="ptolemy.util.test.junit.AutoTests" name="[49] /home/travis/build/icyphy/ptII/ptolemy/actor/lib/test/auto/Clock12.xml (RunModel)" time="0.022" />
  <testcase classname="ptolemy.util.test.junit.AutoTests" name="[50] /home/travis/build/icyphy/ptII/ptolemy/actor/lib/test/auto/Clock13.xml (RunModel)" time="0.021" />
  <testcase classname="ptolemy.util.test.junit.AutoTests" name="[51] /home/travis/build/icyphy/ptII/ptolemy/actor/lib/test/auto/Clock14.xml (RunModel)" time="0.028" />
  <testcase classname="ptolemy.util.test.junit.AutoTests" name="[52] /home/travis/build/icyphy/ptII/ptolemy/actor/lib/test/auto/Clock15.xml (RunModel)" time="0.018" />
  <testcase classname="ptolemy.util.test.junit.AutoTests" name="[53] /home/travis/build/icyphy/ptII/ptolemy/actor/lib/test/auto/Clock16.xml (RunModel)" time="0.119" />
  <testcase classname="ptolemy.util.test.junit.AutoTests" name="[54] /home/travis/build/icyphy/ptII/ptolemy/actor/lib/test/auto/Clock17.xml (RunModel)" time="0.084" />
  <testcase classname="ptolemy.util.test.junit.AutoTests" name="[55] /home/travis/build/icyphy/ptII/ptolemy/actor/lib/test/auto/Clock18.xml (RunModel)" time="0.072" />
  <testcase classname="ptolemy.util.test.junit.AutoTests" name="[56] /home/travis/build/icyphy/ptII/ptolemy/actor/lib/test/auto/Clock19.xml (RunModel)" time="0.049" />
  <testcase classname="ptolemy.util.test.junit.AutoTests" name="[57] /home/travis/build/icyphy/ptII/ptolemy/actor/lib/test/auto/Clock2.xml (RunModel)" time="0.02" />
  <testcase classname="ptolemy.util.test.junit.AutoTests" name="[58] /home/travis/build/icyphy/ptII/ptolemy/actor/lib/test/auto/Clock20.xml (RunModel)" time="0.022" />
  <testcase classname="ptolemy.util.test.junit.AutoTests" name="[59] /home/travis/build/icyphy/ptII/ptolemy/actor/lib/test/auto/Clock21.xml (RunModel)" time="0.02" />
  <testcase classname="ptolemy.util.test.junit.AutoTests" name="[60] /home/travis/build/icyphy/ptII/ptolemy/actor/lib/test/auto/Clock22.xml (RunModel)" time="0.019" />
  <testcase classname="ptolemy.util.test.junit.AutoTests" name="[61] /home/travis/build/icyphy/ptII/ptolemy/actor/lib/test/auto/Clock23.xml (RunModel)" time="0.025" />
  <testcase classname="ptolemy.util.test.junit.AutoTests" name="[62] /home/travis/build/icyphy/ptII/ptolemy/actor/lib/test/auto/Clock24.xml (RunModel)" time="0.019" />
  <testcase classname="ptolemy.util.test.junit.AutoTests" name="[63] /home/travis/build/icyphy/ptII/ptolemy/actor/lib/test/auto/Clock4.xml (RunModel)" time="0.017" />
  <testcase classname="ptolemy.util.test.junit.AutoTests" name="[64] /home/travis/build/icyphy/ptII/ptolemy/actor/lib/test/auto/Clock5.xml (RunModel)" time="0.014" />
  <testcase classname="ptolemy.util.test.junit.AutoTests" name="[65] /home/travis/build/icyphy/ptII/ptolemy/actor/lib/test/auto/Clock6.xml (RunModel)" time="0.013" />
  <testcase classname="ptolemy.util.test.junit.AutoTests" name="[66] /home/travis/build/icyphy/ptII/ptolemy/actor/lib/test/auto/Clock7.xml (RunModel)" time="0.016" />
  <testcase classname="ptolemy.util.test.junit.AutoTests" name="[67] /home/travis/build/icyphy/ptII/ptolemy/actor/lib/test/auto/Clock8.xml (RunModel)" time="0.018" />
  <testcase classname="ptolemy.util.test.junit.AutoTests" name="[68] /home/travis/build/icyphy/ptII/ptolemy/actor/lib/test/auto/Clock9.xml (RunModel)" time="0.019" />
  <testcase classname="ptolemy.util.test.junit.AutoTests" name="[69] /home/travis/build/icyphy/ptII/ptolemy/actor/lib/test/auto/CommDistDiscard.xml (RunModel)" time="0.03" />
  <testcase classname="ptolemy.util.test.junit.AutoTests" name="[70] /home/travis/build/icyphy/ptII/ptolemy/actor/lib/test/auto/Commutator.xml (RunModel)" time="0.018" />
  <testcase classname="ptolemy.util.test.junit.AutoTests" name="[71] /home/travis/build/icyphy/ptII/ptolemy/actor/lib/test/auto/Commutator2.xml (RunModel)" time="0.014" />
  <testcase classname="ptolemy.util.test.junit.AutoTests" name="[72] /home/travis/build/icyphy/ptII/ptolemy/actor/lib/test/auto/Commutator3.xml (RunModel)" time="0.016" />
  <testcase classname="ptolemy.util.test.junit.AutoTests" name="[73] /home/travis/build/icyphy/ptII/ptolemy/actor/lib/test/auto/Compare.xml (RunModel)" time="0.025" />
  <testcase classname="ptolemy.util.test.junit.AutoTests" name="[74] /home/travis/build/icyphy/ptII/ptolemy/actor/lib/test/auto/CompareDE.xml (RunModel)" time="0.024" />
  <testcase classname="ptolemy.util.test.junit.AutoTests" name="[75] /home/travis/build/icyphy/ptII/ptolemy/actor/lib/test/auto/ComplexDivide.xml (RunModel)" time="0.012" />
  <testcase classname="ptolemy.util.test.junit.AutoTests" name="[76] /home/travis/build/icyphy/ptII/ptolemy/actor/lib/test/auto/ComputeHistogram.xml (RunModel)" time="0.082" />
  <testcase classname="ptolemy.util.test.junit.AutoTests" name="[77] /home/travis/build/icyphy/ptII/ptolemy/actor/lib/test/auto/ConfigurationSelect.xml (RunModel)" time="0.024" />
  <testcase classname="ptolemy.util.test.junit.AutoTests" name="[78] /home/travis/build/icyphy/ptII/ptolemy/actor/lib/test/auto/ConfigurationSelect2.xml (RunModel)" time="0.018" />
  <testcase classname="ptolemy.util.test.junit.AutoTests" name="[79] /home/travis/build/icyphy/ptII/ptolemy/actor/lib/test/auto/ConfigurationSwitch.xml (RunModel)" time="0.03" />
  <testcase classname="ptolemy.util.test.junit.AutoTests" name="[80] /home/travis/build/icyphy/ptII/ptolemy/actor/lib/test/auto/ConfigurationSwitch2.xml (RunModel)" time="0.048" />
  <testcase classname="ptolemy.util.test.junit.AutoTests" name="[81] /home/travis/build/icyphy/ptII/ptolemy/actor/lib/test/auto/ConfigurationSwitchCloningBugWithClassRelationGroup.xml (RunModel)" time="0.028" />
  <testcase classname="ptolemy.util.test.junit.AutoTests" name="[82] /home/travis/build/icyphy/ptII/ptolemy/actor/lib/test/auto/ConfigurationSwitchSelectSDF.xml (RunModel)" time="0.015" />
  <testcase classname="ptolemy.util.test.junit.AutoTests" name="[83] /home/travis/build/icyphy/ptII/ptolemy/actor/lib/test/auto/ConfigurationSwitchSelectSDF2.xml (RunModel)" time="0.014" />
  <testcase classname="ptolemy.util.test.junit.AutoTests" name="[84] /home/travis/build/icyphy/ptII/ptolemy/actor/lib/test/auto/Const.xml (RunModel)" time="0.007" />
  <testcase classname="ptolemy.util.test.junit.AutoTests" name="[85] /home/travis/build/icyphy/ptII/ptolemy/actor/lib/test/auto/Const2.xml (RunModel)" time="0.009" />
  <testcase classname="ptolemy.util.test.junit.AutoTests" name="[86] /home/travis/build/icyphy/ptII/ptolemy/actor/lib/test/auto/Const3.xml (RunModel)" time="0.006" />
  <testcase classname="ptolemy.util.test.junit.AutoTests" name="[87] /home/travis/build/icyphy/ptII/ptolemy/actor/lib/test/auto/ConstantPublisherPort1.xml (RunModel)" time="0.021" />
  <testcase classname="ptolemy.util.test.junit.AutoTests" name="[88] /home/travis/build/icyphy/ptII/ptolemy/actor/lib/test/auto/ConstantPublisherPort2.xml (RunModel)" time="0.019" />
  <testcase classname="ptolemy.util.test.junit.AutoTests" name="[89] /home/travis/build/icyphy/ptII/ptolemy/actor/lib/test/auto/ConstantPublisherPort3.xml (RunModel)" time="0.019" />
  <testcase classname="ptolemy.util.test.junit.AutoTests" name="[90] /home/travis/build/icyphy/ptII/ptolemy/actor/lib/test/auto/ConstantPublisherPort4.xml (RunModel)" time="0.017" />
  <testcase classname="ptolemy.util.test.junit.AutoTests" name="[91] /home/travis/build/icyphy/ptII/ptolemy/actor/lib/test/auto/ConstantPublisherPort5.xml (RunModel)" time="0.047" />
  <testcase classname="ptolemy.util.test.junit.AutoTests" name="[92] /home/travis/build/icyphy/ptII/ptolemy/actor/lib/test/auto/ConstantPublisherPort6.xml (RunModel)" time="0.036" />
  <testcase classname="ptolemy.util.test.junit.AutoTests" name="[93] /home/travis/build/icyphy/ptII/ptolemy/actor/lib/test/auto/ConstantPublisherPort7.xml (RunModel)" time="0.041" />
  <testcase classname="ptolemy.util.test.junit.AutoTests" name="[94] /home/travis/build/icyphy/ptII/ptolemy/actor/lib/test/auto/ConstraintMonitor1.xml (RunModel)" time="0.041" />
  <testcase classname="ptolemy.util.test.junit.AutoTests" name="[95] /home/travis/build/icyphy/ptII/ptolemy/actor/lib/test/auto/ConstraintMonitor2.xml (RunModel)" time="0.013" />
  <testcase classname="ptolemy.util.test.junit.AutoTests" name="[96] /home/travis/build/icyphy/ptII/ptolemy/actor/lib/test/auto/ConstraintMonitor3.xml (RunModel)" time="0.015" />
  <testcase classname="ptolemy.util.test.junit.AutoTests" name="[97] /home/travis/build/icyphy/ptII/ptolemy/actor/lib/test/auto/ConstraintMonitor4.xml (RunModel)" time="0.017" />
  <testcase classname="ptolemy.util.test.junit.AutoTests" name="[98] /home/travis/build/icyphy/ptII/ptolemy/actor/lib/test/auto/ConstraintMonitor5.xml (RunModel)" time="0.017" />
  <testcase classname="ptolemy.util.test.junit.AutoTests" name="[99] /home/travis/build/icyphy/ptII/ptolemy/actor/lib/test/auto/ConstraintMonitor6.xml (RunModel)" time="0.021" />
  <testcase classname="ptolemy.util.test.junit.AutoTests" name="[100] /home/travis/build/icyphy/ptII/ptolemy/actor/lib/test/auto/ConstraintMonitor7.xml (RunModel)" time="0.029" />
  <testcase classname="ptolemy.util.test.junit.AutoTests" name="[101] /home/travis/build/icyphy/ptII/ptolemy/actor/lib/test/auto/ConstraintMonitor8.xml (RunModel)" time="0.019" />
  <testcase classname="ptolemy.util.test.junit.AutoTests" name="[102] /home/travis/build/icyphy/ptII/ptolemy/actor/lib/test/auto/Counter.xml (RunModel)" time="0.017" />
  <testcase classname="ptolemy.util.test.junit.AutoTests" name="[103] /home/travis/build/icyphy/ptII/ptolemy/actor/lib/test/auto/CurrentTimeSDF.xml (RunModel)" time="0.013" />
  <testcase classname="ptolemy.util.test.junit.AutoTests" name="[104] /home/travis/build/icyphy/ptII/ptolemy/actor/lib/test/auto/DB.xml (RunModel)" time="0.015" />
  <testcase classname="ptolemy.util.test.junit.AutoTests" name="[105] /home/travis/build/icyphy/ptII/ptolemy/actor/lib/test/auto/DBDE.xml (RunModel)" time="0.017" />
  <testcase classname="ptolemy.util.test.junit.AutoTests" name="[106] /home/travis/build/icyphy/ptII/ptolemy/actor/lib/test/auto/DateConstructor.xml (RunModel)" time="0.085" />
  <testcase classname="ptolemy.util.test.junit.AutoTests" name="[107] /home/travis/build/icyphy/ptII/ptolemy/actor/lib/test/auto/DelayTime.xml (RunModel)" time="0.021" />
  <testcase classname="ptolemy.util.test.junit.AutoTests" name="[108] /home/travis/build/icyphy/ptII/ptolemy/actor/lib/test/auto/Dictionary1.xml (RunModel)" time="0.024" />
  <testcase classname="ptolemy.util.test.junit.AutoTests" name="[109] /home/travis/build/icyphy/ptII/ptolemy/actor/lib/test/auto/Dictionary2.xml (RunModel)" time="0.019" />
  <testcase classname="ptolemy.util.test.junit.AutoTests" name="[110] /home/travis/build/icyphy/ptII/ptolemy/actor/lib/test/auto/Dictionary3.xml (RunModel)" time="0.013" />
  <testcase classname="ptolemy.util.test.junit.AutoTests" name="[111] /home/travis/build/icyphy/ptII/ptolemy/actor/lib/test/auto/Dictionary4.xml (RunModel)" time="0.023" />
  <testcase classname="ptolemy.util.test.junit.AutoTests" name="[112] /home/travis/build/icyphy/ptII/ptolemy/actor/lib/test/auto/Differential.xml (RunModel)" time="0.013" />
  <testcase classname="ptolemy.util.test.junit.AutoTests" name="[113] /home/travis/build/icyphy/ptII/ptolemy/actor/lib/test/auto/Director.xml (RunModel)" time="0.01" />
  <testcase classname="ptolemy.util.test.junit.AutoTests" name="[114] /home/travis/build/icyphy/ptII/ptolemy/actor/lib/test/auto/DiscreteClock.xml (RunModel)" time="0.011" />
  <testcase classname="ptolemy.util.test.junit.AutoTests" name="[115] /home/travis/build/icyphy/ptII/ptolemy/actor/lib/test/auto/DiscreteClock10.xml (RunModel)" time="0.013" />
  <testcase classname="ptolemy.util.test.junit.AutoTests" name="[116] /home/travis/build/icyphy/ptII/ptolemy/actor/lib/test/auto/DiscreteClock11.xml (RunModel)" time="0.014" />
  <testcase classname="ptolemy.util.test.junit.AutoTests" name="[117] /home/travis/build/icyphy/ptII/ptolemy/actor/lib/test/auto/DiscreteClock12.xml (RunModel)" time="0.017" />
  <testcase classname="ptolemy.util.test.junit.AutoTests" name="[118] /home/travis/build/icyphy/ptII/ptolemy/actor/lib/test/auto/DiscreteClock13.xml (RunModel)" time="0.021" />
  <testcase classname="ptolemy.util.test.junit.AutoTests" name="[119] /home/travis/build/icyphy/ptII/ptolemy/actor/lib/test/auto/DiscreteClock14.xml (RunModel)" time="0.018" />
  <testcase classname="ptolemy.util.test.junit.AutoTests" name="[120] /home/travis/build/icyphy/ptII/ptolemy/actor/lib/test/auto/DiscreteClock15.xml (RunModel)" time="0.016" />
  <testcase classname="ptolemy.util.test.junit.AutoTests" name="[121] /home/travis/build/icyphy/ptII/ptolemy/actor/lib/test/auto/DiscreteClock16.xml (RunModel)" time="0.076" />
  <testcase classname="ptolemy.util.test.junit.AutoTests" name="[122] /home/travis/build/icyphy/ptII/ptolemy/actor/lib/test/auto/DiscreteClock17.xml (RunModel)" time="0.083" />
  <testcase classname="ptolemy.util.test.junit.AutoTests" name="[123] /home/travis/build/icyphy/ptII/ptolemy/actor/lib/test/auto/DiscreteClock18.xml (RunModel)" time="0.061" />
  <testcase classname="ptolemy.util.test.junit.AutoTests" name="[124] /home/travis/build/icyphy/ptII/ptolemy/actor/lib/test/auto/DiscreteClock19.xml (RunModel)" time="0.059" />
  <testcase classname="ptolemy.util.test.junit.AutoTests" name="[125] /home/travis/build/icyphy/ptII/ptolemy/actor/lib/test/auto/DiscreteClock2.xml (RunModel)" time="0.015" />
  <testcase classname="ptolemy.util.test.junit.AutoTests" name="[126] /home/travis/build/icyphy/ptII/ptolemy/actor/lib/test/auto/DiscreteClock20.xml (RunModel)" time="0.016" />
  <testcase classname="ptolemy.util.test.junit.AutoTests" name="[127] /home/travis/build/icyphy/ptII/ptolemy/actor/lib/test/auto/DiscreteClock21.xml (RunModel)" time="0.025" />
  <testcase classname="ptolemy.util.test.junit.AutoTests" name="[128] /home/travis/build/icyphy/ptII/ptolemy/actor/lib/test/auto/DiscreteClock22.xml (RunModel)" time="0.02" />
  <testcase classname="ptolemy.util.test.junit.AutoTests" name="[129] /home/travis/build/icyphy/ptII/ptolemy/actor/lib/test/auto/DiscreteClock23.xml (RunModel)" time="0.022" />
  <testcase classname="ptolemy.util.test.junit.AutoTests" name="[130] /home/travis/build/icyphy/ptII/ptolemy/actor/lib/test/auto/DiscreteClock24.xml (RunModel)" time="0.016" />
  <testcase classname="ptolemy.util.test.junit.AutoTests" name="[131] /home/travis/build/icyphy/ptII/ptolemy/actor/lib/test/auto/DiscreteClock4.xml (RunModel)" time="0.019" />
  <testcase classname="ptolemy.util.test.junit.AutoTests" name="[132] /home/travis/build/icyphy/ptII/ptolemy/actor/lib/test/auto/DiscreteClock5.xml (RunModel)" time="0.046" />
  <testcase classname="ptolemy.util.test.junit.AutoTests" name="[133] /home/travis/build/icyphy/ptII/ptolemy/actor/lib/test/auto/DiscreteClock6.xml (RunModel)" time="0.014" />
  <testcase classname="ptolemy.util.test.junit.AutoTests" name="[134] /home/travis/build/icyphy/ptII/ptolemy/actor/lib/test/auto/DiscreteClock7.xml (RunModel)" time="0.015" />
  <testcase classname="ptolemy.util.test.junit.AutoTests" name="[135] /home/travis/build/icyphy/ptII/ptolemy/actor/lib/test/auto/DiscreteClock8.xml (RunModel)" time="0.024" />
  <testcase classname="ptolemy.util.test.junit.AutoTests" name="[136] /home/travis/build/icyphy/ptII/ptolemy/actor/lib/test/auto/DiscreteClock9.xml (RunModel)" time="0.016" />
  <testcase classname="ptolemy.util.test.junit.AutoTests" name="[137] /home/travis/build/icyphy/ptII/ptolemy/actor/lib/test/auto/DisplayArray.xml (RunModel)" time="0.013" />
  <testcase classname="ptolemy.util.test.junit.AutoTests" name="[138] /home/travis/build/icyphy/ptII/ptolemy/actor/lib/test/auto/Distributor.xml (RunModel)" time="0.01" />
  <testcase classname="ptolemy.util.test.junit.AutoTests" name="[139] /home/travis/build/icyphy/ptII/ptolemy/actor/lib/test/auto/Distributor2.xml (RunModel)" time="0.012" />
  <testcase classname="ptolemy.util.test.junit.AutoTests" name="[140] /home/travis/build/icyphy/ptII/ptolemy/actor/lib/test/auto/DownSample.xml (RunModel)" time="0.012" />
  <testcase classname="ptolemy.util.test.junit.AutoTests" name="[141] /home/travis/build/icyphy/ptII/ptolemy/actor/lib/test/auto/ElectronicUnitBase1.xml (RunModel)" time="0.062" />
  <testcase classname="ptolemy.util.test.junit.AutoTests" name="[142] /home/travis/build/icyphy/ptII/ptolemy/actor/lib/test/auto/ElementsToArray.xml (RunModel)" time="0.012" />
  <testcase classname="ptolemy.util.test.junit.AutoTests" name="[143] /home/travis/build/icyphy/ptII/ptolemy/actor/lib/test/auto/Equals.xml (RunModel)" time="0.018" />
  <testcase classname="ptolemy.util.test.junit.AutoTests" name="[144] /home/travis/build/icyphy/ptII/ptolemy/actor/lib/test/auto/Exec.xml (RunModel)" time="0.033" />
  <testcase classname="ptolemy.util.test.junit.AutoTests" name="[145] /home/travis/build/icyphy/ptII/ptolemy/actor/lib/test/auto/ExecEnvironment.xml (RunModel)" time="0.04" />
  <testcase classname="ptolemy.util.test.junit.AutoTests" name="[146] /home/travis/build/icyphy/ptII/ptolemy/actor/lib/test/auto/ExecNonZeroReturnOutput.xml (RunModel)" time="0.226" />
  <testcase classname="ptolemy.util.test.junit.AutoTests" name="[147] /home/travis/build/icyphy/ptII/ptolemy/actor/lib/test/auto/ExecRunDemos.xml (RunModel)" time="11.393" />
  <testcase classname="ptolemy.util.test.junit.AutoTests" name="[148] /home/travis/build/icyphy/ptII/ptolemy/actor/lib/test/auto/ExecStop.xml (RunModel)" time="5.036" />
  <testcase classname="ptolemy.util.test.junit.AutoTests" name="[149] /home/travis/build/icyphy/ptII/ptolemy/actor/lib/test/auto/ExecutionTimeSDF.xml (RunModel)" time="6.037" />
  <testcase classname="ptolemy.util.test.junit.AutoTests" name="[150] /home/travis/build/icyphy/ptII/ptolemy/actor/lib/test/auto/Expression1.xml (RunModel)" time="0.018" />
  <testcase classname="ptolemy.util.test.junit.AutoTests" name="[151] /home/travis/build/icyphy/ptII/ptolemy/actor/lib/test/auto/Expression10.xml (RunModel)" time="0.021" />
  <testcase classname="ptolemy.util.test.junit.AutoTests" name="[152] /home/travis/build/icyphy/ptII/ptolemy/actor/lib/test/auto/Expression11.xml (RunModel)" time="0.012" />
  <testcase classname="ptolemy.util.test.junit.AutoTests" name="[153] /home/travis/build/icyphy/ptII/ptolemy/actor/lib/test/auto/Expression12.xml (RunModel)" time="0.014" />
  <testcase classname="ptolemy.util.test.junit.AutoTests" name="[154] /home/travis/build/icyphy/ptII/ptolemy/actor/lib/test/auto/Expression13.xml (RunModel)" time="0.013" />
  <testcase classname="ptolemy.util.test.junit.AutoTests" name="[155] /home/travis/build/icyphy/ptII/ptolemy/actor/lib/test/auto/Expression14.xml (RunModel)" time="0.017" />
  <testcase classname="ptolemy.util.test.junit.AutoTests" name="[156] /home/travis/build/icyphy/ptII/ptolemy/actor/lib/test/auto/Expression15.xml (RunModel)" time="0.009" />
  <testcase classname="ptolemy.util.test.junit.AutoTests" name="[157] /home/travis/build/icyphy/ptII/ptolemy/actor/lib/test/auto/Expression16.xml (RunModel)" time="0.013" />
  <testcase classname="ptolemy.util.test.junit.AutoTests" name="[158] /home/travis/build/icyphy/ptII/ptolemy/actor/lib/test/auto/Expression17.xml (RunModel)" time="0.011" />
  <testcase classname="ptolemy.util.test.junit.AutoTests" name="[159] /home/travis/build/icyphy/ptII/ptolemy/actor/lib/test/auto/Expression18.xml (RunModel)" time="0.013" />
  <testcase classname="ptolemy.util.test.junit.AutoTests" name="[160] /home/travis/build/icyphy/ptII/ptolemy/actor/lib/test/auto/Expression2.xml (RunModel)" time="0.013" />
  <testcase classname="ptolemy.util.test.junit.AutoTests" name="[161] /home/travis/build/icyphy/ptII/ptolemy/actor/lib/test/auto/Expression3.xml (RunModel)" time="0.016" />
  <testcase classname="ptolemy.util.test.junit.AutoTests" name="[162] /home/travis/build/icyphy/ptII/ptolemy/actor/lib/test/auto/Expression4.xml (RunModel)" time="0.028" />
  <testcase classname="ptolemy.util.test.junit.AutoTests" name="[163] /home/travis/build/icyphy/ptII/ptolemy/actor/lib/test/auto/Expression5.xml (RunModel)" time="0.014" />
  <testcase classname="ptolemy.util.test.junit.AutoTests" name="[164] /home/travis/build/icyphy/ptII/ptolemy/actor/lib/test/auto/Expression6.xml (RunModel)" time="0.01" />
  <testcase classname="ptolemy.util.test.junit.AutoTests" name="[165] /home/travis/build/icyphy/ptII/ptolemy/actor/lib/test/auto/Expression7.xml (RunModel)" time="0.014" />
  <testcase classname="ptolemy.util.test.junit.AutoTests" name="[166] /home/travis/build/icyphy/ptII/ptolemy/actor/lib/test/auto/Expression8.xml (RunModel)" time="0.017" />
  <testcase classname="ptolemy.util.test.junit.AutoTests" name="[167] /home/travis/build/icyphy/ptII/ptolemy/actor/lib/test/auto/Expression9.xml (RunModel)" time="0.008" />
  <testcase classname="ptolemy.util.test.junit.AutoTests" name="[168] /home/travis/build/icyphy/ptII/ptolemy/actor/lib/test/auto/ExpressionConcatenateArrayType.xml (RunModel)" time="0.027" />
  <testcase classname="ptolemy.util.test.junit.AutoTests" name="[169] /home/travis/build/icyphy/ptII/ptolemy/actor/lib/test/auto/ExpressionConcatenateArrayType2.xml (RunModel)" time="0.024" />
  <testcase classname="ptolemy.util.test.junit.AutoTests" name="[170] /home/travis/build/icyphy/ptII/ptolemy/actor/lib/test/auto/ExpressionFix.xml (RunModel)" time="0.056" />
  <testcase classname="ptolemy.util.test.junit.AutoTests" name="[171] /home/travis/build/icyphy/ptII/ptolemy/actor/lib/test/auto/ExpressionFix2.xml (RunModel)" time="0.015" />
  <testcase classname="ptolemy.util.test.junit.AutoTests" name="[172] /home/travis/build/icyphy/ptII/ptolemy/actor/lib/test/auto/ExpressionFix3.xml (RunModel)" time="0.014" />
  <testcase classname="ptolemy.util.test.junit.AutoTests" name="[173] /home/travis/build/icyphy/ptII/ptolemy/actor/lib/test/auto/FileWriter1.xml (RunModel)" time="0.013" />
  <testcase classname="ptolemy.util.test.junit.AutoTests" name="[174] /home/travis/build/icyphy/ptII/ptolemy/actor/lib/test/auto/FileWriter2.xml (RunModel)" time="0.012" />
  <testcase classname="ptolemy.util.test.junit.AutoTests" name="[175] /home/travis/build/icyphy/ptII/ptolemy/actor/lib/test/auto/FileWriter3.xml (RunModel)" time="0.018" />
  <testcase classname="ptolemy.util.test.junit.AutoTests" name="[176] /home/travis/build/icyphy/ptII/ptolemy/actor/lib/test/auto/Gaussian.xml (RunModel)" time="0.011" />
  <testcase classname="ptolemy.util.test.junit.AutoTests" name="[177] /home/travis/build/icyphy/ptII/ptolemy/actor/lib/test/auto/Gaussian1.xml (RunModel)" time="0.02" />
  <testcase classname="ptolemy.util.test.junit.AutoTests" name="[178] /home/travis/build/icyphy/ptII/ptolemy/actor/lib/test/auto/Gaussian2.xml (RunModel)" time="0.023" />
  <testcase classname="ptolemy.util.test.junit.AutoTests" name="[179] /home/travis/build/icyphy/ptII/ptolemy/actor/lib/test/auto/GradientAdaptiveLattice.xml (RunModel)" time="0.019" />
  <testcase classname="ptolemy.util.test.junit.AutoTests" name="[180] /home/travis/build/icyphy/ptII/ptolemy/actor/lib/test/auto/IIR.xml (RunModel)" time="0.011" />
  <testcase classname="ptolemy.util.test.junit.AutoTests" name="[181] /home/travis/build/icyphy/ptII/ptolemy/actor/lib/test/auto/InputOutputTransparentPorts.xml (RunModel)" time="0.025" />
  <testcase classname="ptolemy.util.test.junit.AutoTests" name="[182] /home/travis/build/icyphy/ptII/ptolemy/actor/lib/test/auto/Interpolator.xml (RunModel)" time="0.014" />
  <testcase classname="ptolemy.util.test.junit.AutoTests" name="[183] /home/travis/build/icyphy/ptII/ptolemy/actor/lib/test/auto/InterpolatorFiringLimitDE.xml (RunModel)" time="0.014" />
  <testcase classname="ptolemy.util.test.junit.AutoTests" name="[184] /home/travis/build/icyphy/ptII/ptolemy/actor/lib/test/auto/Lattice.xml (RunModel)" time="0.009" />
  <testcase classname="ptolemy.util.test.junit.AutoTests" name="[185] /home/travis/build/icyphy/ptII/ptolemy/actor/lib/test/auto/LazyAOCTestLazy.xml (RunModel)" time="0.042" />
  <testcase classname="ptolemy.util.test.junit.AutoTests" name="[186] /home/travis/build/icyphy/ptII/ptolemy/actor/lib/test/auto/LazyAOCTestNonLazy.xml (RunModel)" time="0.05" />
  <testcase classname="ptolemy.util.test.junit.AutoTests" name="[187] /home/travis/build/icyphy/ptII/ptolemy/actor/lib/test/auto/LazyInnerClass.xml (RunModel)" time="0.057" />
  <testcase classname="ptolemy.util.test.junit.AutoTests" name="[188] /home/travis/build/icyphy/ptII/ptolemy/actor/lib/test/auto/LazyPubSub.xml (RunModel)" time="0.04" />
  <testcase classname="ptolemy.util.test.junit.AutoTests" name="[189] /home/travis/build/icyphy/ptII/ptolemy/actor/lib/test/auto/LazyPubSub2.xml (RunModel)" time="0.039" />
  <testcase classname="ptolemy.util.test.junit.AutoTests" name="[190] /home/travis/build/icyphy/ptII/ptolemy/actor/lib/test/auto/LazyPubSub3.xml (RunModel)" time="0.031" />
  <testcase classname="ptolemy.util.test.junit.AutoTests" name="[191] /home/travis/build/icyphy/ptII/ptolemy/actor/lib/test/auto/LazySubClassModel.xml (RunModel)" time="0.022" />
  <testcase classname="ptolemy.util.test.junit.AutoTests" name="[192] /home/travis/build/icyphy/ptII/ptolemy/actor/lib/test/auto/LevelCrossTest1.xml (RunModel)" time="0.011" />
  <testcase classname="ptolemy.util.test.junit.AutoTests" name="[193] /home/travis/build/icyphy/ptII/ptolemy/actor/lib/test/auto/LevelCrossTest10.xml (RunModel)" time="0.015" />
  <testcase classname="ptolemy.util.test.junit.AutoTests" name="[194] /home/travis/build/icyphy/ptII/ptolemy/actor/lib/test/auto/LevelCrossTest11.xml (RunModel)" time="0.014" />
  <testcase classname="ptolemy.util.test.junit.AutoTests" name="[195] /home/travis/build/icyphy/ptII/ptolemy/actor/lib/test/auto/LevelCrossTest12.xml (RunModel)" time="0.013" />
  <testcase classname="ptolemy.util.test.junit.AutoTests" name="[196] /home/travis/build/icyphy/ptII/ptolemy/actor/lib/test/auto/LevelCrossTest13.xml (RunModel)" time="0.015" />
  <testcase classname="ptolemy.util.test.junit.AutoTests" name="[197] /home/travis/build/icyphy/ptII/ptolemy/actor/lib/test/auto/LevelCrossTest2.xml (RunModel)" time="0.011" />
  <testcase classname="ptolemy.util.test.junit.AutoTests" name="[198] /home/travis/build/icyphy/ptII/ptolemy/actor/lib/test/auto/LevelCrossTest3.xml (RunModel)" time="0.013" />
  <testcase classname="ptolemy.util.test.junit.AutoTests" name="[199] /home/travis/build/icyphy/ptII/ptolemy/actor/lib/test/auto/LevelCrossTest4.xml (RunModel)" time="0.011" />
  <testcase classname="ptolemy.util.test.junit.AutoTests" name="[200] /home/travis/build/icyphy/ptII/ptolemy/actor/lib/test/auto/LevelCrossTest5.xml (RunModel)" time="0.012" />
  <testcase classname="ptolemy.util.test.junit.AutoTests" name="[201] /home/travis/build/icyphy/ptII/ptolemy/actor/lib/test/auto/LevelCrossTest6.xml (RunModel)" time="0.014" />
  <testcase classname="ptolemy.util.test.junit.AutoTests" name="[202] /home/travis/build/icyphy/ptII/ptolemy/actor/lib/test/auto/LevelCrossTest7.xml (RunModel)" time="0.017" />
  <testcase classname="ptolemy.util.test.junit.AutoTests" name="[203] /home/travis/build/icyphy/ptII/ptolemy/actor/lib/test/auto/LevelCrossTest8.xml (RunModel)" time="0.012" />
  <testcase classname="ptolemy.util.test.junit.AutoTests" name="[204] /home/travis/build/icyphy/ptII/ptolemy/actor/lib/test/auto/LevelCrossTest9.xml (RunModel)" time="0.013" />
  <testcase classname="ptolemy.util.test.junit.AutoTests" name="[205] /home/travis/build/icyphy/ptII/ptolemy/actor/lib/test/auto/LevinsonDurbin.xml (RunModel)" time="0.02" />
  <testcase classname="ptolemy.util.test.junit.AutoTests" name="[206] /home/travis/build/icyphy/ptII/ptolemy/actor/lib/test/auto/LevinsonDurbin2.xml (RunModel)" time="0.008" />
  <testcase classname="ptolemy.util.test.junit.AutoTests" name="[207] /home/travis/build/icyphy/ptII/ptolemy/actor/lib/test/auto/LevinsonDurbin3.xml (RunModel)" time="0.008" />
  <testcase classname="ptolemy.util.test.junit.AutoTests" name="[208] /home/travis/build/icyphy/ptII/ptolemy/actor/lib/test/auto/Limiter.xml (RunModel)" time="0.024" />
  <testcase classname="ptolemy.util.test.junit.AutoTests" name="[209] /home/travis/build/icyphy/ptII/ptolemy/actor/lib/test/auto/LinearDifferenceEquationSystem.xml (RunModel)" time="0.028" />
  <testcase classname="ptolemy.util.test.junit.AutoTests" name="[210] /home/travis/build/icyphy/ptII/ptolemy/actor/lib/test/auto/LookupTable.xml (RunModel)" time="0.009" />
  <testcase classname="ptolemy.util.test.junit.AutoTests" name="[211] /home/travis/build/icyphy/ptII/ptolemy/actor/lib/test/auto/MathFunction.xml (RunModel)" time="0.032" />
  <testcase classname="ptolemy.util.test.junit.AutoTests" name="[212] /home/travis/build/icyphy/ptII/ptolemy/actor/lib/test/auto/MathFunction2.xml (RunModel)" time="0.012" />
  <testcase classname="ptolemy.util.test.junit.AutoTests" name="[213] /home/travis/build/icyphy/ptII/ptolemy/actor/lib/test/auto/MathFunction3.xml (RunModel)" time="0.016" />
  <testcase classname="ptolemy.util.test.junit.AutoTests" name="[214] /home/travis/build/icyphy/ptII/ptolemy/actor/lib/test/auto/MatrixCropBoolean.xml (RunModel)" time="0.01" />
  <testcase classname="ptolemy.util.test.junit.AutoTests" name="[215] /home/travis/build/icyphy/ptII/ptolemy/actor/lib/test/auto/MatrixCropComplex.xml (RunModel)" time="0.011" />
  <testcase classname="ptolemy.util.test.junit.AutoTests" name="[216] /home/travis/build/icyphy/ptII/ptolemy/actor/lib/test/auto/MatrixCropDouble.xml (RunModel)" time="0.012" />
  <testcase classname="ptolemy.util.test.junit.AutoTests" name="[217] /home/travis/build/icyphy/ptII/ptolemy/actor/lib/test/auto/MatrixCropFix.xml (RunModel)" time="0.015" />
  <testcase classname="ptolemy.util.test.junit.AutoTests" name="[218] /home/travis/build/icyphy/ptII/ptolemy/actor/lib/test/auto/MatrixCropInt.xml (RunModel)" time="0.01" />
  <testcase classname="ptolemy.util.test.junit.AutoTests" name="[219] /home/travis/build/icyphy/ptII/ptolemy/actor/lib/test/auto/MatrixCropLong.xml (RunModel)" time="0.01" />
  <testcase classname="ptolemy.util.test.junit.AutoTests" name="[220] /home/travis/build/icyphy/ptII/ptolemy/actor/lib/test/auto/MatrixToArray.xml (RunModel)" time="0.059" />
  <testcase classname="ptolemy.util.test.junit.AutoTests" name="[221] /home/travis/build/icyphy/ptII/ptolemy/actor/lib/test/auto/MaxIndex.xml (RunModel)" time="0.02" />
  <testcase classname="ptolemy.util.test.junit.AutoTests" name="[222] /home/travis/build/icyphy/ptII/ptolemy/actor/lib/test/auto/Maximum.xml (RunModel)" time="0.013" />
  <testcase classname="ptolemy.util.test.junit.AutoTests" name="[223] /home/travis/build/icyphy/ptII/ptolemy/actor/lib/test/auto/MaximumComplex.xml (RunModel)" time="0.013" />
  <testcase classname="ptolemy.util.test.junit.AutoTests" name="[224] /home/travis/build/icyphy/ptII/ptolemy/actor/lib/test/auto/MethodCallTest.xml (RunModel)" time="0.02" />
  <testcase classname="ptolemy.util.test.junit.AutoTests" name="[225] /home/travis/build/icyphy/ptII/ptolemy/actor/lib/test/auto/Minimum.xml (RunModel)" time="0.013" />
  <testcase classname="ptolemy.util.test.junit.AutoTests" name="[226] /home/travis/build/icyphy/ptII/ptolemy/actor/lib/test/auto/MinimumComplex.xml (RunModel)" time="0.02" />
  <testcase classname="ptolemy.util.test.junit.AutoTests" name="[227] /home/travis/build/icyphy/ptII/ptolemy/actor/lib/test/auto/MinimumMultiports.xml (RunModel)" time="0.02" />
  <testcase classname="ptolemy.util.test.junit.AutoTests" name="[228] /home/travis/build/icyphy/ptII/ptolemy/actor/lib/test/auto/ModifyDate.xml (RunModel)" time="0.04" />
  <testcase classname="ptolemy.util.test.junit.AutoTests" name="[229] /home/travis/build/icyphy/ptII/ptolemy/actor/lib/test/auto/ModifyDate2.xml (RunModel)" time="0.032" />
  <testcase classname="ptolemy.util.test.junit.AutoTests" name="[230] /home/travis/build/icyphy/ptII/ptolemy/actor/lib/test/auto/MovingAverage.xml (RunModel)" time="0.012" />
  <testcase classname="ptolemy.util.test.junit.AutoTests" name="[231] /home/travis/build/icyphy/ptII/ptolemy/actor/lib/test/auto/MovingMaximum.xml (RunModel)" time="0.013" />
  <testcase classname="ptolemy.util.test.junit.AutoTests" name="[232] /home/travis/build/icyphy/ptII/ptolemy/actor/lib/test/auto/MultipleLinksToSameRelation.xml (RunModel)" time="0.012" />
  <testcase classname="ptolemy.util.test.junit.AutoTests" name="[233] /home/travis/build/icyphy/ptII/ptolemy/actor/lib/test/auto/MultipleLinksToSameRelationDE.xml (RunModel)" time="0.012" />
  <testcase classname="ptolemy.util.test.junit.AutoTests" name="[234] /home/travis/build/icyphy/ptII/ptolemy/actor/lib/test/auto/Multiplexor.xml (RunModel)" time="0.013" />
  <testcase classname="ptolemy.util.test.junit.AutoTests" name="[235] /home/travis/build/icyphy/ptII/ptolemy/actor/lib/test/auto/Multiplexor1.xml (RunModel)" time="0.014" />
  <testcase classname="ptolemy.util.test.junit.AutoTests" name="[236] /home/travis/build/icyphy/ptII/ptolemy/actor/lib/test/auto/Multiplexor2.xml (RunModel)" time="0.016" />
  <testcase classname="ptolemy.util.test.junit.AutoTests" name="[237] /home/travis/build/icyphy/ptII/ptolemy/actor/lib/test/auto/Multiplexor3.xml (RunModel)" time="0.009" />
  <testcase classname="ptolemy.util.test.junit.AutoTests" name="[238] /home/travis/build/icyphy/ptII/ptolemy/actor/lib/test/auto/MultiplexorDE.xml (RunModel)" time="0.02" />
  <testcase classname="ptolemy.util.test.junit.AutoTests" name="[239] /home/travis/build/icyphy/ptII/ptolemy/actor/lib/test/auto/MultiportBroadcastTest.xml (RunModel)" time="0.094" />
  <testcase classname="ptolemy.util.test.junit.AutoTests" name="[240] /home/travis/build/icyphy/ptII/ptolemy/actor/lib/test/auto/MultiportOutHangDuringGetWidth.xml (RunModel)" time="0.043" />
  <testcase classname="ptolemy.util.test.junit.AutoTests" name="[241] /home/travis/build/icyphy/ptII/ptolemy/actor/lib/test/auto/NilToken.xml (RunModel)" time="0.012" />
  <testcase classname="ptolemy.util.test.junit.AutoTests" name="[242] /home/travis/build/icyphy/ptII/ptolemy/actor/lib/test/auto/NilTokenNonStrictTest.xml (RunModel)" time="0.012" />
  <testcase classname="ptolemy.util.test.junit.AutoTests" name="[243] /home/travis/build/icyphy/ptII/ptolemy/actor/lib/test/auto/NilTokenRecord.xml (RunModel)" time="0.033" />
  <testcase classname="ptolemy.util.test.junit.AutoTests" name="[244] /home/travis/build/icyphy/ptII/ptolemy/actor/lib/test/auto/NilTokenTypeTest.xml (RunModel)" time="0.03" />
  <testcase classname="ptolemy.util.test.junit.AutoTests" name="[245] /home/travis/build/icyphy/ptII/ptolemy/actor/lib/test/auto/ObjectToken1.xml (RunModel)" time="0.009" />
  <testcase classname="ptolemy.util.test.junit.AutoTests" name="[246] /home/travis/build/icyphy/ptII/ptolemy/actor/lib/test/auto/OrderedMerge.xml (RunModel)" time="0.027" />
  <testcase classname="ptolemy.util.test.junit.AutoTests" name="[247] /home/travis/build/icyphy/ptII/ptolemy/actor/lib/test/auto/OrderedRecordDisassembler.xml (RunModel)" time="0.014" />
  <testcase classname="ptolemy.util.test.junit.AutoTests" name="[248] /home/travis/build/icyphy/ptII/ptolemy/actor/lib/test/auto/OrderedRecordDisassembler2.xml (RunModel)" time="0.019" />
  <testcase classname="ptolemy.util.test.junit.AutoTests" name="[249] /home/travis/build/icyphy/ptII/ptolemy/actor/lib/test/auto/OrderedRecordUpdater.xml (RunModel)" time="0.011" />
  <testcase classname="ptolemy.util.test.junit.AutoTests" name="[250] /home/travis/build/icyphy/ptII/ptolemy/actor/lib/test/auto/OrderedRecordUpdater2.xml (RunModel)" time="0.01" />
  <testcase classname="ptolemy.util.test.junit.AutoTests" name="[251] /home/travis/build/icyphy/ptII/ptolemy/actor/lib/test/auto/PhaseUnwrap.xml (RunModel)" time="0.014" />
  <testcase classname="ptolemy.util.test.junit.AutoTests" name="[252] /home/travis/build/icyphy/ptII/ptolemy/actor/lib/test/auto/PoissonClock.xml (RunModel)" time="0.01" />
  <testcase classname="ptolemy.util.test.junit.AutoTests" name="[253] /home/travis/build/icyphy/ptII/ptolemy/actor/lib/test/auto/PoissonClock2.xml (RunModel)" time="0.008" />
  <testcase classname="ptolemy.util.test.junit.AutoTests" name="[254] /home/travis/build/icyphy/ptII/ptolemy/actor/lib/test/auto/PoissonClock3.xml (RunModel)" time="0.01" />
  <testcase classname="ptolemy.util.test.junit.AutoTests" name="[255] /home/travis/build/icyphy/ptII/ptolemy/actor/lib/test/auto/PubSubWithInitialTokens.xml (RunModel)" time="0.018" />
  <testcase classname="ptolemy.util.test.junit.AutoTests" name="[256] /home/travis/build/icyphy/ptII/ptolemy/actor/lib/test/auto/PubSubWithInitialTokens2.xml (RunModel)" time="0.013" />
  <testcase classname="ptolemy.util.test.junit.AutoTests" name="[257] /home/travis/build/icyphy/ptII/ptolemy/actor/lib/test/auto/PublisherClassNoParameter.xml (RunModel)" time="0.025" />
  <testcase classname="ptolemy.util.test.junit.AutoTests" name="[258] /home/travis/build/icyphy/ptII/ptolemy/actor/lib/test/auto/PublisherClassParameter.xml (RunModel)" time="0.024" />
  <testcase classname="ptolemy.util.test.junit.AutoTests" name="[259] /home/travis/build/icyphy/ptII/ptolemy/actor/lib/test/auto/PublisherNonStrictTest.xml (RunModel)" time="0.018" />
  <testcase classname="ptolemy.util.test.junit.AutoTests" name="[260] /home/travis/build/icyphy/ptII/ptolemy/actor/lib/test/auto/PublisherPort1.xml (RunModel)" time="0.013" />
  <testcase classname="ptolemy.util.test.junit.AutoTests" name="[261] /home/travis/build/icyphy/ptII/ptolemy/actor/lib/test/auto/PublisherPort2.xml (RunModel)" time="0.01" />
  <testcase classname="ptolemy.util.test.junit.AutoTests" name="[262] /home/travis/build/icyphy/ptII/ptolemy/actor/lib/test/auto/PublisherPort3.xml (RunModel)" time="0.013" />
  <testcase classname="ptolemy.util.test.junit.AutoTests" name="[263] /home/travis/build/icyphy/ptII/ptolemy/actor/lib/test/auto/PublisherPort4.xml (RunModel)" time="0.011" />
  <testcase classname="ptolemy.util.test.junit.AutoTests" name="[264] /home/travis/build/icyphy/ptII/ptolemy/actor/lib/test/auto/PublisherPort5.xml (RunModel)" time="0.018" />
  <testcase classname="ptolemy.util.test.junit.AutoTests" name="[265] /home/travis/build/icyphy/ptII/ptolemy/actor/lib/test/auto/PublisherPort5LookAlike.xml (RunModel)" time="0.021" />
  <testcase classname="ptolemy.util.test.junit.AutoTests" name="[266] /home/travis/build/icyphy/ptII/ptolemy/actor/lib/test/auto/PublisherPort6.xml (RunModel)" time="0.014" />
  <testcase classname="ptolemy.util.test.junit.AutoTests" name="[267] /home/travis/build/icyphy/ptII/ptolemy/actor/lib/test/auto/PublisherPort7.xml (RunModel)" time="0.017" />
  <testcase classname="ptolemy.util.test.junit.AutoTests" name="[268] /home/travis/build/icyphy/ptII/ptolemy/actor/lib/test/auto/PublisherPort8.xml (RunModel)" time="0.019" />
  <testcase classname="ptolemy.util.test.junit.AutoTests" name="[269] /home/travis/build/icyphy/ptII/ptolemy/actor/lib/test/auto/PublisherPortSubscriberChannelVariablesAOC2.xml (RunModel)" time="0.042" />
  <testcase classname="ptolemy.util.test.junit.AutoTests" name="[270] /home/travis/build/icyphy/ptII/ptolemy/actor/lib/test/auto/PublisherPortSubscriberOpaqueWidthInference.xml (RunModel)" time="0.018" />
  <testcase classname="ptolemy.util.test.junit.AutoTests" name="[271] /home/travis/build/icyphy/ptII/ptolemy/actor/lib/test/auto/PublisherPortSubscriberPortAdjacent.xml (RunModel)" time="0.018" />
  <testcase classname="ptolemy.util.test.junit.AutoTests" name="[272] /home/travis/build/icyphy/ptII/ptolemy/actor/lib/test/auto/PublisherPortSubscriberPortExpression.xml (RunModel)" time="0.018" />
  <testcase classname="ptolemy.util.test.junit.AutoTests" name="[273] /home/travis/build/icyphy/ptII/ptolemy/actor/lib/test/auto/PublisherPortSubscriberPortOpaqueD3Reverse.xml (RunModel)" time="0.02" />
  <testcase classname="ptolemy.util.test.junit.AutoTests" name="[274] /home/travis/build/icyphy/ptII/ptolemy/actor/lib/test/auto/PublisherPortSubscriberPortOpaqueWidthInference.xml (RunModel)" time="0.017" />
  <testcase classname="ptolemy.util.test.junit.AutoTests" name="[275] /home/travis/build/icyphy/ptII/ptolemy/actor/lib/test/auto/PublisherPortToplevelSubscriberPortAOC.xml (RunModel)" time="0.011" />
  <testcase classname="ptolemy.util.test.junit.AutoTests" name="[276] /home/travis/build/icyphy/ptII/ptolemy/actor/lib/test/auto/PublisherSubscriber.xml (RunModel)" time="0.027" />
  <testcase classname="ptolemy.util.test.junit.AutoTests" name="[277] /home/travis/build/icyphy/ptII/ptolemy/actor/lib/test/auto/PublisherSubscriber10.xml (RunModel)" time="0.022" />
  <testcase classname="ptolemy.util.test.junit.AutoTests" name="[278] /home/travis/build/icyphy/ptII/ptolemy/actor/lib/test/auto/PublisherSubscriber10InitialOutputs.xml (RunModel)" time="0.045" />
  <testcase classname="ptolemy.util.test.junit.AutoTests" name="[279] /home/travis/build/icyphy/ptII/ptolemy/actor/lib/test/auto/PublisherSubscriber11.xml (RunModel)" time="0.024" />
  <testcase classname="ptolemy.util.test.junit.AutoTests" name="[280] /home/travis/build/icyphy/ptII/ptolemy/actor/lib/test/auto/PublisherSubscriber12.xml (RunModel)" time="0.031" />
  <testcase classname="ptolemy.util.test.junit.AutoTests" name="[281] /home/travis/build/icyphy/ptII/ptolemy/actor/lib/test/auto/PublisherSubscriber13.xml (RunModel)" time="0.013" />
  <testcase classname="ptolemy.util.test.junit.AutoTests" name="[282] /home/travis/build/icyphy/ptII/ptolemy/actor/lib/test/auto/PublisherSubscriber14.xml (RunModel)" time="0.023" />
  <testcase classname="ptolemy.util.test.junit.AutoTests" name="[283] /home/travis/build/icyphy/ptII/ptolemy/actor/lib/test/auto/PublisherSubscriber2.xml (RunModel)" time="0.011" />
  <testcase classname="ptolemy.util.test.junit.AutoTests" name="[284] /home/travis/build/icyphy/ptII/ptolemy/actor/lib/test/auto/PublisherSubscriber3.xml (RunModel)" time="0.011" />
  <testcase classname="ptolemy.util.test.junit.AutoTests" name="[285] /home/travis/build/icyphy/ptII/ptolemy/actor/lib/test/auto/PublisherSubscriber4.xml (RunModel)" time="0.009" />
  <testcase classname="ptolemy.util.test.junit.AutoTests" name="[286] /home/travis/build/icyphy/ptII/ptolemy/actor/lib/test/auto/PublisherSubscriber5.xml (RunModel)" time="0.012" />
  <testcase classname="ptolemy.util.test.junit.AutoTests" name="[287] /home/travis/build/icyphy/ptII/ptolemy/actor/lib/test/auto/PublisherSubscriber6.xml (RunModel)" time="0.016" />
  <testcase classname="ptolemy.util.test.junit.AutoTests" name="[288] /home/travis/build/icyphy/ptII/ptolemy/actor/lib/test/auto/PublisherSubscriber7.xml (RunModel)" time="0.02" />
  <testcase classname="ptolemy.util.test.junit.AutoTests" name="[289] /home/travis/build/icyphy/ptII/ptolemy/actor/lib/test/auto/PublisherSubscriber8.xml (RunModel)" time="0.042" />
  <testcase classname="ptolemy.util.test.junit.AutoTests" name="[290] /home/travis/build/icyphy/ptII/ptolemy/actor/lib/test/auto/PublisherSubscriber9.xml (RunModel)" time="0.019" />
  <testcase classname="ptolemy.util.test.junit.AutoTests" name="[291] /home/travis/build/icyphy/ptII/ptolemy/actor/lib/test/auto/PublisherSubscriberAdjacent.xml (RunModel)" time="0.017" />
  <testcase classname="ptolemy.util.test.junit.AutoTests" name="[292] /home/travis/build/icyphy/ptII/ptolemy/actor/lib/test/auto/PublisherSubscriberChannelVariablesAOC2.xml (RunModel)" time="0.029" />
  <testcase classname="ptolemy.util.test.junit.AutoTests" name="[293] /home/travis/build/icyphy/ptII/ptolemy/actor/lib/test/auto/PublisherSubscriberD3.xml (RunModel)" time="0.014" />
  <testcase classname="ptolemy.util.test.junit.AutoTests" name="[294] /home/travis/build/icyphy/ptII/ptolemy/actor/lib/test/auto/PublisherSubscriberD3Reverse.xml (RunModel)" time="0.011" />
  <testcase classname="ptolemy.util.test.junit.AutoTests" name="[295] /home/travis/build/icyphy/ptII/ptolemy/actor/lib/test/auto/PublisherSubscriberExpression.xml (RunModel)" time="0.024" />
  <testcase classname="ptolemy.util.test.junit.AutoTests" name="[296] /home/travis/build/icyphy/ptII/ptolemy/actor/lib/test/auto/PublisherSubscriberOpaque.xml (RunModel)" time="0.019" />
  <testcase classname="ptolemy.util.test.junit.AutoTests" name="[297] /home/travis/build/icyphy/ptII/ptolemy/actor/lib/test/auto/PublisherSubscriberOpaqueD3.xml (RunModel)" time="0.027" />
  <testcase classname="ptolemy.util.test.junit.AutoTests" name="[298] /home/travis/build/icyphy/ptII/ptolemy/actor/lib/test/auto/PublisherSubscriberOpaqueD3Reverse.xml (RunModel)" time="0.027" />
  <testcase classname="ptolemy.util.test.junit.AutoTests" name="[299] /home/travis/build/icyphy/ptII/ptolemy/actor/lib/test/auto/PublisherSubscriberOpaqueWidthInference.xml (RunModel)" time="0.02" />
  <testcase classname="ptolemy.util.test.junit.AutoTests" name="[300] /home/travis/build/icyphy/ptII/ptolemy/actor/lib/test/auto/PublisherTestSubscriber.xml (RunModel)" time="0.019" />
  <testcase classname="ptolemy.util.test.junit.AutoTests" name="[301] /home/travis/build/icyphy/ptII/ptolemy/actor/lib/test/auto/PublisherToplevelSubscriberPortAOC.xml (RunModel)" time="0.016" />
  <testcase classname="ptolemy.util.test.junit.AutoTests" name="[302] /home/travis/build/icyphy/ptII/ptolemy/actor/lib/test/auto/PulseFiringLimitDE.xml (RunModel)" time="0.017" />
  <testcase classname="ptolemy.util.test.junit.AutoTests" name="[303] /home/travis/build/icyphy/ptII/ptolemy/actor/lib/test/auto/Ramp1.xml (RunModel)" time="0.008" />
  <testcase classname="ptolemy.util.test.junit.AutoTests" name="[304] /home/travis/build/icyphy/ptII/ptolemy/actor/lib/test/auto/RampFiringLimitDE.xml (RunModel)" time="0.012" />
  <testcase classname="ptolemy.util.test.junit.AutoTests" name="[305] /home/travis/build/icyphy/ptII/ptolemy/actor/lib/test/auto/RampFiringLimitSDF.xml (RunModel)" time="0.011" />
  <testcase classname="ptolemy.util.test.junit.AutoTests" name="[306] /home/travis/build/icyphy/ptII/ptolemy/actor/lib/test/auto/RandomInteger.xml (RunModel)" time="0.01" />
  <testcase classname="ptolemy.util.test.junit.AutoTests" name="[307] /home/travis/build/icyphy/ptII/ptolemy/actor/lib/test/auto/ReadFile1.xml (RunModel)" time="0.01" />
  <testcase classname="ptolemy.util.test.junit.AutoTests" name="[308] /home/travis/build/icyphy/ptII/ptolemy/actor/lib/test/auto/ReadFile2.xml (RunModel)" time="0.009" />
  <testcase classname="ptolemy.util.test.junit.AutoTests" name="[309] /home/travis/build/icyphy/ptII/ptolemy/actor/lib/test/auto/Reader.xml (RunModel)" time="0.013" />
  <testcase classname="ptolemy.util.test.junit.AutoTests" name="[310] /home/travis/build/icyphy/ptII/ptolemy/actor/lib/test/auto/RecordAssemblerDisplayNameTest.xml (RunModel)" time="3.765" />
  <testcase classname="ptolemy.util.test.junit.AutoTests" name="[311] /home/travis/build/icyphy/ptII/ptolemy/actor/lib/test/auto/RecordAssemblerTypeError.xml (RunModel)" time="0.041" />
  <testcase classname="ptolemy.util.test.junit.AutoTests" name="[312] /home/travis/build/icyphy/ptII/ptolemy/actor/lib/test/auto/RecordDisassember.xml (RunModel)" time="0.012" />
  <testcase classname="ptolemy.util.test.junit.AutoTests" name="[313] /home/travis/build/icyphy/ptII/ptolemy/actor/lib/test/auto/RecordDisassemberDisplayNameTest.xml (RunModel)" time="0.021" />
  <testcase classname="ptolemy.util.test.junit.AutoTests" name="[314] /home/travis/build/icyphy/ptII/ptolemy/actor/lib/test/auto/RecordDisassembler.xml (RunModel)" time="0.015" />
  <testcase classname="ptolemy.util.test.junit.AutoTests" name="[315] /home/travis/build/icyphy/ptII/ptolemy/actor/lib/test/auto/RecordDisassembler2.xml (RunModel)" time="0.012" />
  <testcase classname="ptolemy.util.test.junit.AutoTests" name="[316] /home/travis/build/icyphy/ptII/ptolemy/actor/lib/test/auto/RecordUpdater.xml (RunModel)" time="0.011" />
  <testcase classname="ptolemy.util.test.junit.AutoTests" name="[317] /home/travis/build/icyphy/ptII/ptolemy/actor/lib/test/auto/RecordUpdater2.xml (RunModel)" time="0.011" />
  <testcase classname="ptolemy.util.test.junit.AutoTests" name="[318] /home/travis/build/icyphy/ptII/ptolemy/actor/lib/test/auto/RecursiveLattice.xml (RunModel)" time="0.01" />
  <testcase classname="ptolemy.util.test.junit.AutoTests" name="[319] /home/travis/build/icyphy/ptII/ptolemy/actor/lib/test/auto/Router.xml (RunModel)" time="3.028" />
  <testcase classname="ptolemy.util.test.junit.AutoTests" name="[320] /home/travis/build/icyphy/ptII/ptolemy/actor/lib/test/auto/Router2.xml (RunModel)" time="3.032" />
  <testcase classname="ptolemy.util.test.junit.AutoTests" name="[321] /home/travis/build/icyphy/ptII/ptolemy/actor/lib/test/auto/RunningMaximum.xml (RunModel)" time="0.021" />
  <testcase classname="ptolemy.util.test.junit.AutoTests" name="[322] /home/travis/build/icyphy/ptII/ptolemy/actor/lib/test/auto/RunningMinimum.xml (RunModel)" time="0.032" />
  <testcase classname="ptolemy.util.test.junit.AutoTests" name="[323] /home/travis/build/icyphy/ptII/ptolemy/actor/lib/test/auto/Scale.xml (RunModel)" time="0.017" />
  <testcase classname="ptolemy.util.test.junit.AutoTests" name="[324] /home/travis/build/icyphy/ptII/ptolemy/actor/lib/test/auto/Scale2.xml (RunModel)" time="0.01" />
  <testcase classname="ptolemy.util.test.junit.AutoTests" name="[325] /home/travis/build/icyphy/ptII/ptolemy/actor/lib/test/auto/Scale3.xml (RunModel)" time="0.014" />
  <testcase classname="ptolemy.util.test.junit.AutoTests" name="[326] /home/travis/build/icyphy/ptII/ptolemy/actor/lib/test/auto/ScaleArray.xml (RunModel)" time="0.008" />
  <testcase classname="ptolemy.util.test.junit.AutoTests" name="[327] /home/travis/build/icyphy/ptII/ptolemy/actor/lib/test/auto/ScaleArray2.xml (RunModel)" time="0.009" />
  <testcase classname="ptolemy.util.test.junit.AutoTests" name="[328] /home/travis/build/icyphy/ptII/ptolemy/actor/lib/test/auto/ScaleMatrix.xml (RunModel)" time="0.184" />
  <testcase classname="ptolemy.util.test.junit.AutoTests" name="[329] /home/travis/build/icyphy/ptII/ptolemy/actor/lib/test/auto/Select.xml (RunModel)" time="0.024" />
  <testcase classname="ptolemy.util.test.junit.AutoTests" name="[330] /home/travis/build/icyphy/ptII/ptolemy/actor/lib/test/auto/Select2.xml (RunModel)" time="0.009" />
  <testcase classname="ptolemy.util.test.junit.AutoTests" name="[331] /home/travis/build/icyphy/ptII/ptolemy/actor/lib/test/auto/SequenceToArray2.xml (RunModel)" time="0.143" />
  <testcase classname="ptolemy.util.test.junit.AutoTests" name="[332] /home/travis/build/icyphy/ptII/ptolemy/actor/lib/test/auto/SequentialClock.xml (RunModel)" time="0.008" />
  <testcase classname="ptolemy.util.test.junit.AutoTests" name="[333] /home/travis/build/icyphy/ptII/ptolemy/actor/lib/test/auto/SetVariable.xml (RunModel)" time="0.013" />
  <testcase classname="ptolemy.util.test.junit.AutoTests" name="[334] /home/travis/build/icyphy/ptII/ptolemy/actor/lib/test/auto/SetVariable2.xml (RunModel)" time="0.01" />
  <testcase classname="ptolemy.util.test.junit.AutoTests" name="[335] /home/travis/build/icyphy/ptII/ptolemy/actor/lib/test/auto/SetVariable3.xml (RunModel)" time="0.016" />
  <testcase classname="ptolemy.util.test.junit.AutoTests" name="[336] /home/travis/build/icyphy/ptII/ptolemy/actor/lib/test/auto/SetVariable4.xml (RunModel)" time="0.032" />
  <testcase classname="ptolemy.util.test.junit.AutoTests" name="[337] /home/travis/build/icyphy/ptII/ptolemy/actor/lib/test/auto/SetVariable5.xml (RunModel)" time="0.038" />
  <testcase classname="ptolemy.util.test.junit.AutoTests" name="[338] /home/travis/build/icyphy/ptII/ptolemy/actor/lib/test/auto/Sinewave.xml (RunModel)" time="0.028" />
  <testcase classname="ptolemy.util.test.junit.AutoTests" name="[339] /home/travis/build/icyphy/ptII/ptolemy/actor/lib/test/auto/Sinewave2.xml (RunModel)" time="0.022" />
  <testcase classname="ptolemy.util.test.junit.AutoTests" name="[340] /home/travis/build/icyphy/ptII/ptolemy/actor/lib/test/auto/Sinewave3.xml (RunModel)" time="0.021" />
  <testcase classname="ptolemy.util.test.junit.AutoTests" name="[341] /home/travis/build/icyphy/ptII/ptolemy/actor/lib/test/auto/SingleEvent.xml (RunModel)" time="0.009" />
  <testcase classname="ptolemy.util.test.junit.AutoTests" name="[342] /home/travis/build/icyphy/ptII/ptolemy/actor/lib/test/auto/Sleep.xml (RunModel)" time="6.015" />
  <testcase classname="ptolemy.util.test.junit.AutoTests" name="[343] /home/travis/build/icyphy/ptII/ptolemy/actor/lib/test/auto/SleepMultipleFire.xml (RunModel)" time="1.022" />
  <testcase classname="ptolemy.util.test.junit.AutoTests" name="[344] /home/travis/build/icyphy/ptII/ptolemy/actor/lib/test/auto/StopDE.xml (RunModel)" time="0.018" />
  <testcase classname="ptolemy.util.test.junit.AutoTests" name="[345] /home/travis/build/icyphy/ptII/ptolemy/actor/lib/test/auto/StopSDF.xml (RunModel)" time="0.012" />
  <testcase classname="ptolemy.util.test.junit.AutoTests" name="[346] /home/travis/build/icyphy/ptII/ptolemy/actor/lib/test/auto/StringConstant.xml (RunModel)" time="0.032" />
  <testcase classname="ptolemy.util.test.junit.AutoTests" name="[347] /home/travis/build/icyphy/ptII/ptolemy/actor/lib/test/auto/SubscriberPortInitialValues1.xml (RunModel)" time="0.021" />
  <testcase classname="ptolemy.util.test.junit.AutoTests" name="[348] /home/travis/build/icyphy/ptII/ptolemy/actor/lib/test/auto/SubscriberPortInitialValues13.xml (RunModel)" time="0.03" />
  <testcase classname="ptolemy.util.test.junit.AutoTests" name="[349] /home/travis/build/icyphy/ptII/ptolemy/actor/lib/test/auto/SubscriberPortInitialValues14.xml (RunModel)" time="0.018" />
  <testcase classname="ptolemy.util.test.junit.AutoTests" name="[350] /home/travis/build/icyphy/ptII/ptolemy/actor/lib/test/auto/SubscriberPortInitialValues2.xml (RunModel)" time="0.017" />
  <testcase classname="ptolemy.util.test.junit.AutoTests" name="[351] /home/travis/build/icyphy/ptII/ptolemy/actor/lib/test/auto/SubscriberPortInitialValues3.xml (RunModel)" time="0.024" />
  <testcase classname="ptolemy.util.test.junit.AutoTests" name="[352] /home/travis/build/icyphy/ptII/ptolemy/actor/lib/test/auto/SubscriptionAggregator.xml (RunModel)" time="0.013" />
  <testcase classname="ptolemy.util.test.junit.AutoTests" name="[353] /home/travis/build/icyphy/ptII/ptolemy/actor/lib/test/auto/SubscriptionAggregator2.xml (RunModel)" time="0.014" />
  <testcase classname="ptolemy.util.test.junit.AutoTests" name="[354] /home/travis/build/icyphy/ptII/ptolemy/actor/lib/test/auto/SubscriptionAggregator3.xml (RunModel)" time="0.018" />
  <testcase classname="ptolemy.util.test.junit.AutoTests" name="[355] /home/travis/build/icyphy/ptII/ptolemy/actor/lib/test/auto/SubscriptionAggregatorMultiply.xml (RunModel)" time="0.023" />
  <testcase classname="ptolemy.util.test.junit.AutoTests" name="[356] /home/travis/build/icyphy/ptII/ptolemy/actor/lib/test/auto/SubscriptionAggregatorPortMultiply1.xml (RunModel)" time="0.025" />
  <testcase classname="ptolemy.util.test.junit.AutoTests" name="[357] /home/travis/build/icyphy/ptII/ptolemy/actor/lib/test/auto/Switch.xml (RunModel)" time="0.019" />
  <testcase classname="ptolemy.util.test.junit.AutoTests" name="[358] /home/travis/build/icyphy/ptII/ptolemy/actor/lib/test/auto/Switch2.xml (RunModel)" time="0.013" />
  <testcase classname="ptolemy.util.test.junit.AutoTests" name="[359] /home/travis/build/icyphy/ptII/ptolemy/actor/lib/test/auto/SwitchDE.xml (RunModel)" time="0.014" />
  <testcase classname="ptolemy.util.test.junit.AutoTests" name="[360] /home/travis/build/icyphy/ptII/ptolemy/actor/lib/test/auto/SynchronizerDE.xml (RunModel)" time="0.023" />
  <testcase classname="ptolemy.util.test.junit.AutoTests" name="[361] /home/travis/build/icyphy/ptII/ptolemy/actor/lib/test/auto/Test.xml (RunModel)" time="0.016" />
  <testcase classname="ptolemy.util.test.junit.AutoTests" name="[362] /home/travis/build/icyphy/ptII/ptolemy/actor/lib/test/auto/TestExceptionAttribute1.xml (RunModel)" time="0.012" />
  <testcase classname="ptolemy.util.test.junit.AutoTests" name="[363] /home/travis/build/icyphy/ptII/ptolemy/actor/lib/test/auto/TestExceptionAttribute2.xml (RunModel)" time="0.012" />
  <testcase classname="ptolemy.util.test.junit.AutoTests" name="[364] /home/travis/build/icyphy/ptII/ptolemy/actor/lib/test/auto/TestExceptionAttribute3.xml (RunModel)" time="0.012" />
  <testcase classname="ptolemy.util.test.junit.AutoTests" name="[365] /home/travis/build/icyphy/ptII/ptolemy/actor/lib/test/auto/TestExceptionAttribute4.xml (RunModel)" time="0.009" />
  <testcase classname="ptolemy.util.test.junit.AutoTests" name="[366] /home/travis/build/icyphy/ptII/ptolemy/actor/lib/test/auto/TestExceptionHandler1.xml (RunModel)" time="0.01" />
  <testcase classname="ptolemy.util.test.junit.AutoTests" name="[367] /home/travis/build/icyphy/ptII/ptolemy/actor/lib/test/auto/TestExceptionHandler2.xml (RunModel)" time="0.012" />
  <testcase classname="ptolemy.util.test.junit.AutoTests" name="[368] /home/travis/build/icyphy/ptII/ptolemy/actor/lib/test/auto/TestExceptionHandler3.xml (RunModel)" time="0.008" />
  <testcase classname="ptolemy.util.test.junit.AutoTests" name="[369] /home/travis/build/icyphy/ptII/ptolemy/actor/lib/test/auto/TestExceptionHandler4.xml (RunModel)" time="0.007" />
  <testcase classname="ptolemy.util.test.junit.AutoTests" name="[370] /home/travis/build/icyphy/ptII/ptolemy/actor/lib/test/auto/TestRequireCorrectOrder.xml (RunModel)" time="0.013" />
  <testcase classname="ptolemy.util.test.junit.AutoTests" name="[371] /home/travis/build/icyphy/ptII/ptolemy/actor/lib/test/auto/TestSimple.xml (RunModel)" time="0.008" />
  <testcase classname="ptolemy.util.test.junit.AutoTests" name="[372] /home/travis/build/icyphy/ptII/ptolemy/actor/lib/test/auto/ThrowModelError.xml (RunModel)" time="0.011" />
  <testcase classname="ptolemy.util.test.junit.AutoTests" name="[373] /home/travis/build/icyphy/ptII/ptolemy/actor/lib/test/auto/TimeDelayMicrosteps.xml (RunModel)" time="0.015" />
  <testcase classname="ptolemy.util.test.junit.AutoTests" name="[374] /home/travis/build/icyphy/ptII/ptolemy/actor/lib/test/auto/TimeDelayMicrosteps2.xml (RunModel)" time="0.016" />
  <testcase classname="ptolemy.util.test.junit.AutoTests" name="[375] /home/travis/build/icyphy/ptII/ptolemy/actor/lib/test/auto/TimeDelayMicrosteps3.xml (RunModel)" time="0.013" />
  <testcase classname="ptolemy.util.test.junit.AutoTests" name="[376] /home/travis/build/icyphy/ptII/ptolemy/actor/lib/test/auto/TimeDelayVariableMicrosteps.xml (RunModel)" time="0.013" />
  <testcase classname="ptolemy.util.test.junit.AutoTests" name="[377] /home/travis/build/icyphy/ptII/ptolemy/actor/lib/test/auto/TimeGap.xml (RunModel)" time="0.036" />
  <testcase classname="ptolemy.util.test.junit.AutoTests" name="[378] /home/travis/build/icyphy/ptII/ptolemy/actor/lib/test/auto/TimeGap2.xml (RunModel)" time="0.016" />
  <testcase classname="ptolemy.util.test.junit.AutoTests" name="[379] /home/travis/build/icyphy/ptII/ptolemy/actor/lib/test/auto/TimedSinewave.xml (RunModel)" time="0.063" />
  <testcase classname="ptolemy.util.test.junit.AutoTests" name="[380] /home/travis/build/icyphy/ptII/ptolemy/actor/lib/test/auto/TimedSinewavePhase.xml (RunModel)" time="0.034" />
  <testcase classname="ptolemy.util.test.junit.AutoTests" name="[381] /home/travis/build/icyphy/ptII/ptolemy/actor/lib/test/auto/Timer.xml (RunModel)" time="0.014" />
  <testcase classname="ptolemy.util.test.junit.AutoTests" name="[382] /home/travis/build/icyphy/ptII/ptolemy/actor/lib/test/auto/TriangularDistTestModel.xml (RunModel)" time="0.017" />
  <testcase classname="ptolemy.util.test.junit.AutoTests" name="[383] /home/travis/build/icyphy/ptII/ptolemy/actor/lib/test/auto/TrigFunction.xml (RunModel)" time="0.009" />
  <testcase classname="ptolemy.util.test.junit.AutoTests" name="[384] /home/travis/build/icyphy/ptII/ptolemy/actor/lib/test/auto/TrigFunctionDE.xml (RunModel)" time="0.012" />
  <testcase classname="ptolemy.util.test.junit.AutoTests" name="[385] /home/travis/build/icyphy/ptII/ptolemy/actor/lib/test/auto/TrigFunctionInverse.xml (RunModel)" time="0.009" />
  <testcase classname="ptolemy.util.test.junit.AutoTests" name="[386] /home/travis/build/icyphy/ptII/ptolemy/actor/lib/test/auto/TrigFunctionTan.xml (RunModel)" time="0.007" />
  <testcase classname="ptolemy.util.test.junit.AutoTests" name="[387] /home/travis/build/icyphy/ptII/ptolemy/actor/lib/test/auto/TriggeredClock.xml (RunModel)" time="0.009" />
  <testcase classname="ptolemy.util.test.junit.AutoTests" name="[388] /home/travis/build/icyphy/ptII/ptolemy/actor/lib/test/auto/URLDirectoryReader.xml (RunModel)" time="0.135" />
  <testcase classname="ptolemy.util.test.junit.AutoTests" name="[389] /home/travis/build/icyphy/ptII/ptolemy/actor/lib/test/auto/URLDirectoryReader3.xml (RunModel)" time="1.316" />
  <testcase classname="ptolemy.util.test.junit.AutoTests" name="[390] /home/travis/build/icyphy/ptII/ptolemy/actor/lib/test/auto/UnaryMathFunction.xml (RunModel)" time="0.021" />
  <testcase classname="ptolemy.util.test.junit.AutoTests" name="[391] /home/travis/build/icyphy/ptII/ptolemy/actor/lib/test/auto/Uniform.xml (RunModel)" time="0.012" />
  <testcase classname="ptolemy.util.test.junit.AutoTests" name="[392] /home/travis/build/icyphy/ptII/ptolemy/actor/lib/test/auto/UnionDisassemblerTest.xml (RunModel)" time="0.011" />
  <testcase classname="ptolemy.util.test.junit.AutoTests" name="[393] /home/travis/build/icyphy/ptII/ptolemy/actor/lib/test/auto/UtilityFunctions.xml (RunModel)" time="0.01" />
  <testcase classname="ptolemy.util.test.junit.AutoTests" name="[394] /home/travis/build/icyphy/ptII/ptolemy/actor/lib/test/auto/VariableSleep.xml (RunModel)" time="0.514" />
  <testcase classname="ptolemy.util.test.junit.AutoTests" name="[395] /home/travis/build/icyphy/ptII/ptolemy/actor/lib/test/auto/VectorAssemblerDisassemblerCT.xml (RunModel)" time="0.147" />
  <testcase classname="ptolemy.util.test.junit.AutoTests" name="[396] /home/travis/build/icyphy/ptII/ptolemy/actor/lib/test/auto/VectorAssemblerDisassemblerDE.xml (RunModel)" time="0.016" />
  <testcase classname="ptolemy.util.test.junit.AutoTests" name="[397] /home/travis/build/icyphy/ptII/ptolemy/actor/lib/test/auto/VectorAssemblerDisassemblerSDF.xml (RunModel)" time="0.014" />
  <testcase classname="ptolemy.util.test.junit.AutoTests" name="[398] /home/travis/build/icyphy/ptII/ptolemy/actor/lib/test/auto/WallClockTime.xml (RunModel)" time="1.015" />
  <testcase classname="ptolemy.util.test.junit.AutoTests" name="[399] /home/travis/build/icyphy/ptII/ptolemy/actor/lib/test/auto/WidthTestWithSubscriberPublisher.xml (RunModel)" time="0.042" />
  <testcase classname="ptolemy.util.test.junit.AutoTests" name="[400] /home/travis/build/icyphy/ptII/ptolemy/actor/lib/test/auto/WidthTestWithSubscriberPublisher2.xml (RunModel)" time="0.017" />
  <testcase classname="ptolemy.util.test.junit.AutoTests" name="[401] /home/travis/build/icyphy/ptII/ptolemy/actor/lib/test/auto/WidthTestWithSubscriberPublisher3.xml (RunModel)" time="0.011" />
  <testcase classname="ptolemy.util.test.junit.AutoTests" name="[402] /home/travis/build/icyphy/ptII/ptolemy/actor/lib/test/auto/Writer.xml (RunModel)" time="0.009" />
  <testcase classname="ptolemy.util.test.junit.AutoTests" name="[403] /home/travis/build/icyphy/ptII/ptolemy/actor/lib/test/auto/array.xml (RunModel)" time="0.025" />
  <testcase classname="ptolemy.util.test.junit.AutoTests" name="[404] /home/travis/build/icyphy/ptII/ptolemy/actor/lib/test/auto/array2.xml (RunModel)" time="0.011" />
  <testcase classname="ptolemy.util.test.junit.AutoTests" name="[405] /home/travis/build/icyphy/ptII/ptolemy/actor/lib/test/auto/arrayType.xml (RunModel)" time="0.011" />
  <testcase classname="ptolemy.util.test.junit.AutoTests" name="[406] /home/travis/build/icyphy/ptII/ptolemy/actor/lib/test/auto/arrayType10.xml (RunModel)" time="0.01" />
  <testcase classname="ptolemy.util.test.junit.AutoTests" name="[407] /home/travis/build/icyphy/ptII/ptolemy/actor/lib/test/auto/arrayType11.xml (RunModel)" time="0.009" />
  <testcase classname="ptolemy.util.test.junit.AutoTests" name="[408] /home/travis/build/icyphy/ptII/ptolemy/actor/lib/test/auto/arrayType12.xml (RunModel)" time="0.01" />
  <testcase classname="ptolemy.util.test.junit.AutoTests" name="[409] /home/travis/build/icyphy/ptII/ptolemy/actor/lib/test/auto/arrayType13.xml (RunModel)" time="0.01" />
  <testcase classname="ptolemy.util.test.junit.AutoTests" name="[410] /home/travis/build/icyphy/ptII/ptolemy/actor/lib/test/auto/arrayType14.xml (RunModel)" time="0.01" />
  <testcase classname="ptolemy.util.test.junit.AutoTests" name="[411] /home/travis/build/icyphy/ptII/ptolemy/actor/lib/test/auto/arrayType15.xml (RunModel)" time="0.014" />
  <testcase classname="ptolemy.util.test.junit.AutoTests" name="[412] /home/travis/build/icyphy/ptII/ptolemy/actor/lib/test/auto/arrayType16.xml (RunModel)" time="0.009" />
  <testcase classname="ptolemy.util.test.junit.AutoTests" name="[413] /home/travis/build/icyphy/ptII/ptolemy/actor/lib/test/auto/arrayType17.xml (RunModel)" time="0.011" />
  <testcase classname="ptolemy.util.test.junit.AutoTests" name="[414] /home/travis/build/icyphy/ptII/ptolemy/actor/lib/test/auto/arrayType18.xml (RunModel)" time="0.009" />
  <testcase classname="ptolemy.util.test.junit.AutoTests" name="[415] /home/travis/build/icyphy/ptII/ptolemy/actor/lib/test/auto/arrayType19.xml (RunModel)" time="0.011" />
  <testcase classname="ptolemy.util.test.junit.AutoTests" name="[416] /home/travis/build/icyphy/ptII/ptolemy/actor/lib/test/auto/arrayType2.xml (RunModel)" time="0.009" />
  <testcase classname="ptolemy.util.test.junit.AutoTests" name="[417] /home/travis/build/icyphy/ptII/ptolemy/actor/lib/test/auto/arrayType20.xml (RunModel)" time="0.01" />
  <testcase classname="ptolemy.util.test.junit.AutoTests" name="[418] /home/travis/build/icyphy/ptII/ptolemy/actor/lib/test/auto/arrayType21.xml (RunModel)" time="0.01" />
  <testcase classname="ptolemy.util.test.junit.AutoTests" name="[419] /home/travis/build/icyphy/ptII/ptolemy/actor/lib/test/auto/arrayType22.xml (RunModel)" time="0.014" />
  <testcase classname="ptolemy.util.test.junit.AutoTests" name="[420] /home/travis/build/icyphy/ptII/ptolemy/actor/lib/test/auto/arrayType23.xml (RunModel)" time="0.01" />
  <testcase classname="ptolemy.util.test.junit.AutoTests" name="[421] /home/travis/build/icyphy/ptII/ptolemy/actor/lib/test/auto/arrayType24.xml (RunModel)" time="0.01" />
  <testcase classname="ptolemy.util.test.junit.AutoTests" name="[422] /home/travis/build/icyphy/ptII/ptolemy/actor/lib/test/auto/arrayType25.xml (RunModel)" time="0.011" />
  <testcase classname="ptolemy.util.test.junit.AutoTests" name="[423] /home/travis/build/icyphy/ptII/ptolemy/actor/lib/test/auto/arrayType26.xml (RunModel)" time="0.027" />
  <testcase classname="ptolemy.util.test.junit.AutoTests" name="[424] /home/travis/build/icyphy/ptII/ptolemy/actor/lib/test/auto/arrayType27.xml (RunModel)" time="0.011" />
  <testcase classname="ptolemy.util.test.junit.AutoTests" name="[425] /home/travis/build/icyphy/ptII/ptolemy/actor/lib/test/auto/arrayType28.xml (RunModel)" time="0.009" />
  <testcase classname="ptolemy.util.test.junit.AutoTests" name="[426] /home/travis/build/icyphy/ptII/ptolemy/actor/lib/test/auto/arrayType3.xml (RunModel)" time="0.01" />
  <testcase classname="ptolemy.util.test.junit.AutoTests" name="[427] /home/travis/build/icyphy/ptII/ptolemy/actor/lib/test/auto/arrayType4.xml (RunModel)" time="0.01" />
  <testcase classname="ptolemy.util.test.junit.AutoTests" name="[428] /home/travis/build/icyphy/ptII/ptolemy/actor/lib/test/auto/arrayType5.xml (RunModel)" time="0.014" />
  <testcase classname="ptolemy.util.test.junit.AutoTests" name="[429] /home/travis/build/icyphy/ptII/ptolemy/actor/lib/test/auto/arrayType6.xml (RunModel)" time="0.009" />
  <testcase classname="ptolemy.util.test.junit.AutoTests" name="[430] /home/travis/build/icyphy/ptII/ptolemy/actor/lib/test/auto/arrayType7.xml (RunModel)" time="0.009" />
  <testcase classname="ptolemy.util.test.junit.AutoTests" name="[431] /home/travis/build/icyphy/ptII/ptolemy/actor/lib/test/auto/arrayType8.xml (RunModel)" time="0.022" />
  <testcase classname="ptolemy.util.test.junit.AutoTests" name="[432] /home/travis/build/icyphy/ptII/ptolemy/actor/lib/test/auto/arrayType9.xml (RunModel)" time="0.016" />
  <testcase classname="ptolemy.util.test.junit.AutoTests" name="[433] /home/travis/build/icyphy/ptII/ptolemy/actor/lib/test/auto/cast.xml (RunModel)" time="0.01" />
  <testcase classname="ptolemy.util.test.junit.AutoTests" name="[434] /home/travis/build/icyphy/ptII/ptolemy/actor/lib/test/auto/compositeMultiPort.xml (RunModel)" time="0.02" />
  <testcase classname="ptolemy.util.test.junit.AutoTests" name="[435] /home/travis/build/icyphy/ptII/ptolemy/actor/lib/test/auto/expressionCastInference.xml (RunModel)" time="0.01" />
  <testcase classname="ptolemy.util.test.junit.AutoTests" name="[436] /home/travis/build/icyphy/ptII/ptolemy/actor/lib/test/auto/expressionCastInference2.xml (RunModel)" time="0.009" />
  <testcase classname="ptolemy.util.test.junit.AutoTests" name="[437] /home/travis/build/icyphy/ptII/ptolemy/actor/lib/test/auto/expressionInference.xml (RunModel)" time="0.008" />
  <testcase classname="ptolemy.util.test.junit.AutoTests" name="[438] /home/travis/build/icyphy/ptII/ptolemy/actor/lib/test/auto/expression_bug.xml (RunModel)" time="0.009" />
  <testcase classname="ptolemy.util.test.junit.AutoTests" name="[439] /home/travis/build/icyphy/ptII/ptolemy/actor/lib/test/auto/factorial.xml (RunModel)" time="0.058" />
  <testcase classname="ptolemy.util.test.junit.AutoTests" name="[440] /home/travis/build/icyphy/ptII/ptolemy/actor/lib/test/auto/filterTest1.xml (RunModel)" time="0.014" />
  <testcase classname="ptolemy.util.test.junit.AutoTests" name="[441] /home/travis/build/icyphy/ptII/ptolemy/actor/lib/test/auto/funcApplyInConst.xml (RunModel)" time="0.008" />
  <testcase classname="ptolemy.util.test.junit.AutoTests" name="[442] /home/travis/build/icyphy/ptII/ptolemy/actor/lib/test/auto/funcApplyInExpr.xml (RunModel)" time="0.007" />
  <testcase classname="ptolemy.util.test.junit.AutoTests" name="[443] /home/travis/build/icyphy/ptII/ptolemy/actor/lib/test/auto/function.xml (RunModel)" time="0.012" />
  <testcase classname="ptolemy.util.test.junit.AutoTests" name="[444] /home/travis/build/icyphy/ptII/ptolemy/actor/lib/test/auto/function2.xml (RunModel)" time="0.011" />
  <testcase classname="ptolemy.util.test.junit.AutoTests" name="[445] /home/travis/build/icyphy/ptII/ptolemy/actor/lib/test/auto/function3.xml (RunModel)" time="0.008" />
  <testcase classname="ptolemy.util.test.junit.AutoTests" name="[446] /home/travis/build/icyphy/ptII/ptolemy/actor/lib/test/auto/functionClosureTest1.xml (RunModel)" time="0.012" />
  <testcase classname="ptolemy.util.test.junit.AutoTests" name="[447] /home/travis/build/icyphy/ptII/ptolemy/actor/lib/test/auto/functionClosureTest2.xml (RunModel)" time="0.008" />
  <testcase classname="ptolemy.util.test.junit.AutoTests" name="[448] /home/travis/build/icyphy/ptII/ptolemy/actor/lib/test/auto/functionClosureTest3.xml (RunModel)" time="0.012" />
  <testcase classname="ptolemy.util.test.junit.AutoTests" name="[449] /home/travis/build/icyphy/ptII/ptolemy/actor/lib/test/auto/functionClosureTest4.xml (RunModel)" time="0.058" />
  <testcase classname="ptolemy.util.test.junit.AutoTests" name="[450] /home/travis/build/icyphy/ptII/ptolemy/actor/lib/test/auto/functionClosureTest5.xml (RunModel)" time="0.028" />
  <testcase classname="ptolemy.util.test.junit.AutoTests" name="[451] /home/travis/build/icyphy/ptII/ptolemy/actor/lib/test/auto/functionClosureTest6.xml (RunModel)" time="0.009" />
  <testcase classname="ptolemy.util.test.junit.AutoTests" name="[452] /home/travis/build/icyphy/ptII/ptolemy/actor/lib/test/auto/functionsOnArcs.xml (RunModel)" time="0.011" />
  <testcase classname="ptolemy.util.test.junit.AutoTests" name="[453] /home/travis/build/icyphy/ptII/ptolemy/actor/lib/test/auto/functionsOnArcsHOF.xml (RunModel)" time="0.018" />
  <testcase classname="ptolemy.util.test.junit.AutoTests" name="[454] /home/travis/build/icyphy/ptII/ptolemy/actor/lib/test/auto/logic.xml (RunModel)" time="0.02" />
  <testcase classname="ptolemy.util.test.junit.AutoTests" name="[455] /home/travis/build/icyphy/ptII/ptolemy/actor/lib/test/auto/matrixType.xml (RunModel)" time="0.01" />
  <testcase classname="ptolemy.util.test.junit.AutoTests" name="[456] /home/travis/build/icyphy/ptII/ptolemy/actor/lib/test/auto/matrixType10.xml (RunModel)" time="0.009" />
  <testcase classname="ptolemy.util.test.junit.AutoTests" name="[457] /home/travis/build/icyphy/ptII/ptolemy/actor/lib/test/auto/matrixType11.xml (RunModel)" time="0.009" />
  <testcase classname="ptolemy.util.test.junit.AutoTests" name="[458] /home/travis/build/icyphy/ptII/ptolemy/actor/lib/test/auto/matrixType12.xml (RunModel)" time="0.012" />
  <testcase classname="ptolemy.util.test.junit.AutoTests" name="[459] /home/travis/build/icyphy/ptII/ptolemy/actor/lib/test/auto/matrixType13.xml (RunModel)" time="0.009" />
  <testcase classname="ptolemy.util.test.junit.AutoTests" name="[460] /home/travis/build/icyphy/ptII/ptolemy/actor/lib/test/auto/matrixType14.xml (RunModel)" time="0.011" />
  <testcase classname="ptolemy.util.test.junit.AutoTests" name="[461] /home/travis/build/icyphy/ptII/ptolemy/actor/lib/test/auto/matrixType2.xml (RunModel)" time="0.009" />
  <testcase classname="ptolemy.util.test.junit.AutoTests" name="[462] /home/travis/build/icyphy/ptII/ptolemy/actor/lib/test/auto/matrixType3.xml (RunModel)" time="0.011" />
  <testcase classname="ptolemy.util.test.junit.AutoTests" name="[463] /home/travis/build/icyphy/ptII/ptolemy/actor/lib/test/auto/matrixType4.xml (RunModel)" time="0.057" />
  <testcase classname="ptolemy.util.test.junit.AutoTests" name="[464] /home/travis/build/icyphy/ptII/ptolemy/actor/lib/test/auto/matrixType5.xml (RunModel)" time="0.014" />
  <testcase classname="ptolemy.util.test.junit.AutoTests" name="[465] /home/travis/build/icyphy/ptII/ptolemy/actor/lib/test/auto/matrixType6.xml (RunModel)" time="0.039" />
  <testcase classname="ptolemy.util.test.junit.AutoTests" name="[466] /home/travis/build/icyphy/ptII/ptolemy/actor/lib/test/auto/matrixType7.xml (RunModel)" time="0.032" />
  <testcase classname="ptolemy.util.test.junit.AutoTests" name="[467] /home/travis/build/icyphy/ptII/ptolemy/actor/lib/test/auto/matrixType8.xml (RunModel)" time="0.021" />
  <testcase classname="ptolemy.util.test.junit.AutoTests" name="[468] /home/travis/build/icyphy/ptII/ptolemy/actor/lib/test/auto/matrixType9.xml (RunModel)" time="0.008" />
  <testcase classname="ptolemy.util.test.junit.AutoTests" name="[469] /home/travis/build/icyphy/ptII/ptolemy/actor/lib/test/auto/paraFunctest.xml (RunModel)" time="0.008" />
  <testcase classname="ptolemy.util.test.junit.AutoTests" name="[470] /home/travis/build/icyphy/ptII/ptolemy/actor/lib/test/auto/paraFunctest2.xml (RunModel)" time="0.011" />
  <testcase classname="ptolemy.util.test.junit.AutoTests" name="[471] /home/travis/build/icyphy/ptII/ptolemy/actor/lib/test/auto/parameterPassing.xml (RunModel)" time="0.009" />
  <testcase classname="ptolemy.util.test.junit.AutoTests" name="[472] /home/travis/build/icyphy/ptII/ptolemy/actor/lib/test/auto/record.xml (RunModel)" time="0.01" />
  <testcase classname="ptolemy.util.test.junit.AutoTests" name="[473] /home/travis/build/icyphy/ptII/ptolemy/actor/lib/test/auto/sizedarray1.xml (RunModel)" time="0.011" />
  <testcase classname="ptolemy.util.test.junit.AutoTests" name="[474] /home/travis/build/icyphy/ptII/ptolemy/actor/lib/test/auto/sizedarray2.xml (RunModel)" time="0.011" />
  <testcase classname="ptolemy.util.test.junit.AutoTests" name="[475] /home/travis/build/icyphy/ptII/ptolemy/actor/lib/test/auto/twoPublishers.xml (RunModel)" time="0.023" />
  <system-out><![CDATA[/home/travis/build/icyphy/ptII/ptolemy/actor/lib/test/AbsoluteValue.tcl
testDefs.tcl: setting time out to 9000 seconds at Fri Sep 27 05:51:57 UTC 2019
139 ms. Memory: 120832K Free: 85960K (71%)
11 ms. Memory: 120832K Free: 84415K (70%)
16 ms. Memory: 120832K Free: 83383K (69%)
6 ms. Memory: 120832K Free: 82888K (69%)
/home/travis/build/icyphy/ptII/ptolemy/actor/lib/test/AddSubtract.tcl
19 ms. Memory: 120832K Free: 80840K (67%)
21 ms. Memory: 120832K Free: 80319K (66%)
18 ms. Memory: 120832K Free: 79302K (66%)
14 ms. Memory: 120832K Free: 78278K (65%)
71 ms. Memory: 120832K Free: 75720K (63%)
17 ms. Memory: 120832K Free: 74696K (62%)
/home/travis/build/icyphy/ptII/ptolemy/actor/lib/test/Average.tcl
8 ms. Memory: 120832K Free: 73158K (61%)
11 ms. Memory: 120832K Free: 72119K (60%)
/home/travis/build/icyphy/ptII/ptolemy/actor/lib/test/Bernoulli.tcl
13 ms. Memory: 120832K Free: 70600K (58%)
6 ms. Memory: 120832K Free: 70086K (58%)
/home/travis/build/icyphy/ptII/ptolemy/actor/lib/test/Clock.tcl
preinitializing
resolving types
initializing
executing number 1
wrapping up
idle
20 ms. Memory: 120832K Free: 67528K (56%)
Completed execution with 5 iterations
preinitializing
resolving types
initializing
executing number 1
wrapping up
idle
9 ms. Memory: 120832K Free: 66504K (55%)
Completed execution with 5 iterations
preinitializing
resolving types
initializing
executing number 1
wrapping up
idle
10 ms. Memory: 120832K Free: 65983K (55%)
Completed execution with 5 iterations
/home/travis/build/icyphy/ptII/ptolemy/actor/lib/test/Commutator.tcl
19 ms. Memory: 120832K Free: 63927K (53%)
10 ms. Memory: 120832K Free: 62918K (52%)
15 ms. Memory: 120832K Free: 57288K (47%)
/home/travis/build/icyphy/ptII/ptolemy/actor/lib/test/Const.tcl
5 ms. Memory: 120832K Free: 55719K (46%)
2 ms. Memory: 120832K Free: 55240K (46%)
3 ms. Memory: 120832K Free: 54726K (45%)
2 ms. Memory: 120832K Free: 54216K (45%)
10 ms. Memory: 120832K Free: 53192K (44%)
26 ms. Memory: 120832K Free: 51654K (43%)
6 ms. Memory: 120832K Free: 50630K (42%)
13 ms. Memory: 120832K Free: 50120K (41%)
/home/travis/build/icyphy/ptII/ptolemy/actor/lib/test/CurrentTime.tcl
preinitializing
resolving types
initializing
executing number 1
wrapping up
idle
11 ms. Memory: 120832K Free: 48072K (40%)
Completed execution with 11 iterations
/home/travis/build/icyphy/ptII/ptolemy/actor/lib/test/DB.tcl
4 ms. Memory: 120832K Free: 46024K (38%)
45 ms. Memory: 120832K Free: 107035K (89%)
2 ms. Memory: 120832K Free: 107035K (89%)
/home/travis/build/icyphy/ptII/ptolemy/actor/lib/test/DiscreteRandomSource.tcl
preinitializing
resolving types
initializing
executing number 1
wrapping up
idle
10 ms. Memory: 120832K Free: 105506K (87%)
Completed execution with 4 iterations
preinitializing
resolving types
initializing
executing number 1
wrapping up
idle
7 ms. Memory: 120832K Free: 104961K (87%)
Completed execution with 4 iterations
preinitializing
resolving types
initializing
executing number 1
wrapping up
idle
7 ms. Memory: 120832K Free: 104484K (86%)
Completed execution with 4 iterations
preinitializing
resolving types
initializing
executing number 1
wrapping up
idle
14 ms. Memory: 120832K Free: 103963K (86%)
Completed execution with 4 iterations
preinitializing
resolving types
initializing
executing number 1
wrapping up
idle
8 ms. Memory: 120832K Free: 103460K (86%)
Completed execution with 4 iterations
/home/travis/build/icyphy/ptII/ptolemy/actor/lib/test/Distributor.tcl
12 ms. Memory: 120832K Free: 101915K (84%)
7 ms. Memory: 120832K Free: 101412K (84%)
StreamChangeRequest.changeExecuted(): <deleteEntity name="rec2"/> succeeded
StreamChangeRequest.changeExecuted(): <deleteRelation name="r2"/> succeeded
StreamChangeRequest.changeExecuted(): Record firings per iteration succeeded
5 ms. Memory: 120832K Free: 98835K (82%)
/home/travis/build/icyphy/ptII/ptolemy/actor/lib/test/Exit.tcl
Exit.tcl: this will print a message about Manager.exitAfterWrapup, which can be ignored.
12 ms. Memory: 120832K Free: 95886K (79%)
/home/travis/build/icyphy/ptII/ptolemy/actor/lib/test/Expression.tcl
23 ms. Memory: 120832K Free: 92196K (76%)
29 ms. Memory: 120832K Free: 106015K (88%)
3 ms. Memory: 120832K Free: 105094K (87%)
preinitializing
resolving types
initializing
executing number 1
wrapping up
idle
5 ms. Memory: 120832K Free: 103574K (86%)
Completed execution with 6 iterations
4 ms. Memory: 120832K Free: 103030K (85%)
3 ms. Memory: 120832K Free: 102022K (84%)
6 ms. Memory: 120832K Free: 101012K (84%)
8 ms. Memory: 120832K Free: 99478K (82%)
9 ms. Memory: 120832K Free: 98454K (81%)
/home/travis/build/icyphy/ptII/ptolemy/actor/lib/test/Gaussian.tcl
14 ms. Memory: 120832K Free: 96886K (80%)
sleeping 1 seconds: ........................................................................................................................................................................................................................................................................................................................................................................................................................................................................................................................................................................................................................................................................................................................................................................................................................................................................................................................................................................................................................................................................................................................................................................................................................................................................................................................................................................................................................................................................................................................................................................................................................................................................................................................................................................................................................................................................................................................................................................................................................................................................................................................................................................................................................................................................................................................................................................................................................................................................................................................................................................................................................................................................................................................................................................................................................................................................................................................................................................................................................................................................................................................................................................................................................................................................................................................................................................................................................................................................................................................................................................................................................................................................................................................................................................................................................................................................................................................................................................................................................................................................................................................................................................................................................................................................................................................................................................................................................................................................................................................................................................................................................................................................................................................................................................................................................................................................................................................................................................................................................................................................................................................................................................................................................................................................................................................................................................................................................................................................................................................................................................................................................................................................................................................................................................................................................................................................................................................................................................................................................................................................................................................................................................................................................................................................................................................................................................................................................................................................................................................................................................................................................................................................................................................................................................................................................................................................................................................................................................................................................................................................................................................................................................................................................................................................................................................................................................................................................................................................................................................................................................................................................................................................................................................................................................................................................................................................................................................................................................................................................................................................................................................................................................................................................................................................................................................................................................................................................................................................................................................................................................................................................................................................................................................................................................................................................................................................................................................................................................................................................................................................................................................................................................................................................................................................................................................................................................................................................................................................................................................................................................................................................................................................................................................................................................................................................................................................................................................................................................................................................................................................................................................................................................................................................................................................................................................................................................................................................................................................................................................................................................................................................................................................................................................................................................................4 ms. Memory: 120832K Free: 80088K (66%)
4 ms. Memory: 120832K Free: 79560K (66%)
4 ms. Memory: 120832K Free: 78536K (65%)
5 ms. Memory: 120832K Free: 78038K (65%)
6 ms. Memory: 120832K Free: 77526K (64%)
/home/travis/build/icyphy/ptII/ptolemy/actor/lib/test/IIR.tcl
/home/travis/build/icyphy/ptII/ptolemy/actor/lib/test/Interpolator.tcl
5 ms. Memory: 120832K Free: 73944K (61%)
2 ms. Memory: 120832K Free: 73430K (61%)
5 ms. Memory: 120832K Free: 72406K (60%)
2 ms. Memory: 120832K Free: 71896K (60%)
3 ms. Memory: 120832K Free: 71382K (59%)
3 ms. Memory: 120832K Free: 70344K (58%)
2 ms. Memory: 120832K Free: 69334K (57%)
12 ms. Memory: 120832K Free: 105934K (88%)
8 ms. Memory: 120832K Free: 105424K (87%)
3 ms. Memory: 120832K Free: 104400K (86%)
/home/travis/build/icyphy/ptII/ptolemy/actor/lib/test/MathFunction.tcl
6 ms. Memory: 120832K Free: 102352K (85%)
2 ms. Memory: 120832K Free: 101328K (84%)
3 ms. Memory: 120832K Free: 99776K (83%)
2 ms. Memory: 120832K Free: 99280K (82%)
4 ms. Memory: 120832K Free: 97736K (81%)
8 ms. Memory: 120832K Free: 95680K (79%)
/home/travis/build/icyphy/ptII/ptolemy/actor/lib/test/Maximum.tcl
6 ms. Memory: 120832K Free: 93646K (78%)
9 ms. Memory: 120832K Free: 93136K (77%)
8 ms. Memory: 120832K Free: 92592K (77%)
7 ms. Memory: 120832K Free: 92112K (76%)
/home/travis/build/icyphy/ptII/ptolemy/actor/lib/test/Minimum.tcl
8 ms. Memory: 120832K Free: 90064K (75%)
5 ms. Memory: 120832K Free: 89536K (74%)
3 ms. Memory: 120832K Free: 89040K (74%)
3 ms. Memory: 120832K Free: 88016K (73%)
/home/travis/build/icyphy/ptII/ptolemy/actor/lib/test/MultiplyDivide.tcl
8 ms. Memory: 120832K Free: 85968K (71%)
3 ms. Memory: 120832K Free: 85454K (71%)
3 ms. Memory: 120832K Free: 84944K (70%)
3 ms. Memory: 120832K Free: 83920K (69%)
4 ms. Memory: 120832K Free: 83400K (69%)
/home/travis/build/icyphy/ptII/ptolemy/actor/lib/test/OrderedMerge.tcl
Connections changed on port: inputA
Connections changed on port: inputB
Connections changed on port: output
Connections changed on port: output
Connections changed on port: output
Connections changed on port: input
.top. Preinitializing ...
Invoking preinitialize():  .top.OrderedMerge
Called preinitialize()
Invoking preinitialize():  .top.Ramp
Called preinitialize()
Invoking preinitialize():  .top.Ramp2
Called preinitialize()
Invoking preinitialize():  .top.Test
Called preinitialize()
Connections changed on port: inputA
Connections changed on port: output
Connections changed on port: output
Connections changed on port: input
Connections changed on port: inputB
Connections changed on port: output
.top. Finished preinitialize().
Called initialize().
Invoking initialize():  .top.OrderedMerge
Initializing actor: .top.OrderedMerge
Adding a thread: .top.OrderedMerge
Invoking initialize():  .top.Ramp
Initializing actor: .top.Ramp
Adding a thread: .top.Ramp
Invoking initialize():  .top.Ramp2
Initializing actor: .top.Ramp2
Adding a thread: .top.Ramp2
Invoking initialize():  .top.Test
Initializing actor: .top.Test
Adding a thread: .top.Test
Called fire().
Checking for deadlock:
-- Starting thread.
Called initialize()
Called prefire()
Called fire()
-- Starting thread.
Called initialize()
Called prefire()
Called fire()
-- Starting thread.
Called initialize()
Called prefire()
Called fire()
-- Starting thread.
Called initialize()
Called prefire()
Called fire()
There are 0 Blocked actors, 0 Stopped actors, and 4 active threads.
Waiting for actors to stop.
Called postfire()
Called prefire()
Called fire()
Called postfire()
Called prefire()
Called fire()
Read input token from inputA with value 0.0
Next port to read input from is inputB
Called postfire()
Called prefire()
Called fire()
Read input token from inputB with value 0.0
Sent output token with value 0.0
Next port to read input from is inputA
Called postfire()
Called prefire()
Called fire()
Checking for deadlock:
There are 1 Blocked actors, 0 Stopped actors, and 4 active threads.
Waiting for actors to stop.
Called postfire()
Called prefire()
Called fire()
Called postfire()
Called prefire()
Called fire()
-- Read input: 0.0, which is expected to match: 0.0
Called prefire()
Called fire()
Checking for deadlock:
There are 3 Blocked actors, 0 Stopped actors, and 4 active threads.
Waiting for actors to stop.
Called postfire()
Called prefire()
Called fire()
Read input token from inputA with value 1.0
Sent output token with value 0.0
Next port to read input from is inputB
Called postfire()
Called prefire()
Called fire()
Read input token from inputB with value 1.5
Checking for deadlock:
There are 2 Blocked actors, 0 Stopped actors, and 4 active threads.
Waiting for actors to stop.
Called postfire()
Called prefire()
Called fire()
-- Read input: 0.0, which is expected to match: 0.0
Called prefire()
Called fire()
Checking for deadlock:
There are 3 Blocked actors, 0 Stopped actors, and 4 active threads.
Waiting for actors to stop.
-- Read input: 1.0, which is expected to match: 1.0
Called prefire()
Called fire()
Sent output token with value 1.0
Next port to read input from is inputA
Called postfire()
Called prefire()
Called fire()
Read input token from inputA with value 2.0
Sent output token with value 1.5
Next port to read input from is inputB
Called postfire()
Called prefire()
Checking for deadlock:
There are 1 Blocked actors, 0 Stopped actors, and 4 active threads.
Waiting for actors to stop.
Called postfire()
Called prefire()
Called fire()
-- Read input: 1.5, which is expected to match: 1.5
Called prefire()
Called fire()
Checking for deadlock:
There are 3 Blocked actors, 0 Stopped actors, and 4 active threads.
Waiting for actors to stop.
Called fire()
Called postfire()
Called prefire()
Called fire()
Checking for deadlock:
There are 3 Blocked actors, 0 Stopped actors, and 4 active threads.
Waiting for actors to stop.
Read input token from inputB with value 3.0
-- Read input: 2.0, which is expected to match: 2.0
Called prefire()
Called fire()
Checking for deadlock:
There are 3 Blocked actors, 0 Stopped actors, and 4 active threads.
Waiting for actors to stop.
Sent output token with value 2.0
Next port to read input from is inputA
Called postfire()
Called prefire()
Called fire()
Checking for deadlock:
There are 2 Blocked actors, 0 Stopped actors, and 4 active threads.
Waiting for actors to stop.
Called postfire()
Called prefire()
Called fire()
Checking for deadlock:
There are 3 Blocked actors, 0 Stopped actors, and 4 active threads.
Waiting for actors to stop.
Read input token from inputA with value 3.0
Checking for deadlock:
There are 2 Blocked actors, 0 Stopped actors, and 4 active threads.
Waiting for actors to stop.
-- Read input: 3.0, which is expected to match: 3.0
Called prefire()
Called fire()
Checking for deadlock:
There are 3 Blocked actors, 0 Stopped actors, and 4 active threads.
Waiting for actors to stop.
Sent output token with value 3.0
Next port to read input from is inputB
Called postfire()
Called prefire()
Called fire()
Called postfire()
Called prefire()
Called fire()
Checking for deadlock:
There are 3 Blocked actors, 0 Stopped actors, and 4 active threads.
Waiting for actors to stop.
Read input token from inputB with value 4.5
-- Read input: 3.0, which is expected to match: 3.0
Called prefire()
Called fire()
Checking for deadlock:
There are 3 Blocked actors, 0 Stopped actors, and 4 active threads.
Waiting for actors to stop.
Sent output token with value 3.0
Next port to read input from is inputA
Called postfire()
Called prefire()
Called fire()
Checking for deadlock:
There are 2 Blocked actors, 0 Stopped actors, and 4 active threads.
Waiting for actors to stop.
Called postfire()
Called prefire()
Called fire()
Checking for deadlock:
There are 3 Blocked actors, 0 Stopped actors, and 4 active threads.
Waiting for actors to stop.
Read input token from inputA with value 4.0
Checking for deadlock:
There are 2 Blocked actors, 0 Stopped actors, and 4 active threads.
Waiting for actors to stop.
-- Read input: 4.0, which is expected to match: 4.0
Called prefire()
Called fire()
Past the end of training data. Read and discard all inputs.
Checking for deadlock:
There are 3 Blocked actors, 0 Stopped actors, and 4 active threads.
Waiting for actors to stop.
Sent output token with value 4.0
Next port to read input from is inputA
Called postfire()
Called prefire()
Called fire()
Checking for deadlock:
There are 2 Blocked actors, 0 Stopped actors, and 4 active threads.
Waiting for actors to stop.
Called postfire()
Called prefire()
Called fire()
Checking for deadlock:
There are 3 Blocked actors, 0 Stopped actors, and 4 active threads.
Waiting for actors to stop.
Read input token from inputA with value 5.0
Checking for deadlock:
There are 2 Blocked actors, 0 Stopped actors, and 4 active threads.
Waiting for actors to stop.
Called prefire()
Called fire()
Past the end of training data. Read and discard all inputs.
Checking for deadlock:
There are 3 Blocked actors, 0 Stopped actors, and 4 active threads.
Waiting for actors to stop.
Sent output token with value 4.5
Next port to read input from is inputB
Called postfire()
Called prefire()
Called fire()
Called postfire()
Called prefire()
Called fire()
Checking for deadlock:
There are 3 Blocked actors, 0 Stopped actors, and 4 active threads.
Waiting for actors to stop.
Read input token from inputB with value 6.0
Called prefire()
Called fire()
Past the end of training data. Read and discard all inputs.
Checking for deadlock:
There are 3 Blocked actors, 0 Stopped actors, and 4 active threads.
Waiting for actors to stop.
Sent output token with value 5.0
Next port to read input from is inputA
Called postfire()
Called prefire()
Called fire()
Checking for deadlock:
There are 2 Blocked actors, 0 Stopped actors, and 4 active threads.
Waiting for actors to stop.
Called postfire()
Called prefire()
Called fire()
Checking for deadlock:
There are 3 Blocked actors, 0 Stopped actors, and 4 active threads.
Waiting for actors to stop.
Read input token from inputA with value 6.0
Checking for deadlock:
There are 2 Blocked actors, 0 Stopped actors, and 4 active threads.
Waiting for actors to stop.
Called prefire()
Called fire()
Past the end of training data. Read and discard all inputs.
Checking for deadlock:
There are 3 Blocked actors, 0 Stopped actors, and 4 active threads.
Waiting for actors to stop.
Sent output token with value 6.0
Next port to read input from is inputB
Called postfire()
Called prefire()
Called fire()
Called postfire()
Called prefire()
Called fire()
Checking for deadlock:
There are 3 Blocked actors, 0 Stopped actors, and 4 active threads.
Waiting for actors to stop.
Read input token from inputB with value 7.5
Called prefire()
Called fire()
Past the end of training data. Read and discard all inputs.
Checking for deadlock:
There are 3 Blocked actors, 0 Stopped actors, and 4 active threads.
Waiting for actors to stop.
Sent output token with value 6.0
Next port to read input from is inputA
Called postfire()
Called prefire()
Called fire()
Checking for deadlock:
There are 2 Blocked actors, 0 Stopped actors, and 4 active threads.
Waiting for actors to stop.
Called postfire()
Called prefire()
Called fire()
Checking for deadlock:
There are 3 Blocked actors, 0 Stopped actors, and 4 active threads.
Waiting for actors to stop.
Read input token from inputA with value 7.0
Checking for deadlock:
There are 2 Blocked actors, 0 Stopped actors, and 4 active threads.
Waiting for actors to stop.
Called prefire()
Called fire()
Past the end of training data. Read and discard all inputs.
Checking for deadlock:
There are 3 Blocked actors, 0 Stopped actors, and 4 active threads.
Waiting for actors to stop.
Sent output token with value 7.0
Next port to read input from is inputA
Called postfire()
Called prefire()
Called fire()
Checking for deadlock:
There are 2 Blocked actors, 0 Stopped actors, and 4 active threads.
Waiting for actors to stop.
-- Thread wrapup() called.
Called wrapup()
Thread .top.Ramp is exiting.
-- Thread stopped.
Checking for deadlock:
There are 2 Blocked actors, 0 Stopped actors, and 3 active threads.
Waiting for actors to stop.
Read input token from inputA with value 8.0
Called prefire()
Called fire()
Past the end of training data. Read and discard all inputs.
Checking for deadlock:
There are 2 Blocked actors, 0 Stopped actors, and 3 active threads.
Waiting for actors to stop.
Sent output token with value 7.5
Next port to read input from is inputB
Called postfire()
Called prefire()
Called fire()
Checking for deadlock:
There are 1 Blocked actors, 0 Stopped actors, and 3 active threads.
Waiting for actors to stop.
Called postfire()
Called prefire()
Called fire()
Checking for deadlock:
There are 2 Blocked actors, 0 Stopped actors, and 3 active threads.
Waiting for actors to stop.
Read input token from inputB with value 9.0
Checking for deadlock:
There are 1 Blocked actors, 0 Stopped actors, and 3 active threads.
Waiting for actors to stop.
Called prefire()
Called fire()
Past the end of training data. Read and discard all inputs.
Checking for deadlock:
There are 2 Blocked actors, 0 Stopped actors, and 3 active threads.
Waiting for actors to stop.
Sent output token with value 8.0
Next port to read input from is inputA
Called postfire()
Called prefire()
Called fire()
Read input token from inputA with value 9.0
Called prefire()
Called fire()
Past the end of training data. Read and discard all inputs.
Checking for deadlock:
There are 2 Blocked actors, 0 Stopped actors, and 3 active threads.
Waiting for actors to stop.
Sent output token with value 9.0
Next port to read input from is inputB
Called postfire()
Called prefire()
Called fire()
Called postfire()
Called prefire()
Called fire()
Checking for deadlock:
There are 2 Blocked actors, 0 Stopped actors, and 3 active threads.
Waiting for actors to stop.
Read input token from inputB with value 10.5
Called prefire()
Called fire()
Past the end of training data. Read and discard all inputs.
Checking for deadlock:
There are 2 Blocked actors, 0 Stopped actors, and 3 active threads.
Waiting for actors to stop.
Sent output token with value 9.0
Next port to read input from is inputA
Called postfire()
Called prefire()
Called fire()
Checking for deadlock:
There are 3 Blocked actors, 0 Stopped actors, and 3 active threads.
Actors have stopped.
Checking for deadlock:
There are 3 Blocked actors, 0 Stopped actors, and 3 active threads.
Deadlock detected.
Resolving Deadlock
Checking for deadlock:
There are 3 Blocked actors, 0 Stopped actors, and 3 active threads.
Artificial Deadlock - increasing queue capacity.
increasing the capacity of receiver ptolemy.actor.TypedIOPort {.top.OrderedMerge.inputB} to 2
Director: Called postfire().
Called postfire().
_stopRequested = false
_stopFireRequested = false
Returning from postfire(): true
Called fire().
Checking for deadlock:
There are 2 Blocked actors, 0 Stopped actors, and 3 active threads.
Waiting for actors to stop.
-- Thread wrapup() called.
Called wrapup()
Thread .top.Ramp2 is exiting.
-- Thread stopped.
Checking for deadlock:
There are 2 Blocked actors, 0 Stopped actors, and 2 active threads.
Actors have stopped.
Checking for deadlock:
There are 2 Blocked actors, 0 Stopped actors, and 2 active threads.
Deadlock detected.
Resolving Deadlock
Checking for deadlock:
There are 2 Blocked actors, 0 Stopped actors, and 2 active threads.
Deadlock detected: no processes blocked on write, but some are blocked on read.
Called postfire().
_stopRequested = false
_stopFireRequested = false
Returning from postfire(): false
Finished deactivating branches.
Called wrapup().
-- Thread wrapup() called.
Called wrapup()
Thread .top.OrderedMerge is exiting.
-- Thread stopped.
-- Blocked Receiver call threw TerminateProcessException.
-- Thread wrapup() called.
Called wrapup()
Thread .top.Test is exiting.
-- Thread stopped.
-- Blocked Receiver call threw TerminateProcessException.
95 ms. Memory: 120832K Free: 78286K (65%)
.top. Preinitializing ...
Invoking preinitialize():  .top.OrderedMerge
Called preinitialize()
Invoking preinitialize():  .top.Ramp
Called preinitialize()
Invoking preinitialize():  .top.Ramp2
Called preinitialize()
Invoking preinitialize():  .top.Test
Called preinitialize()
.top. Finished preinitialize().
Called initialize().
Invoking initialize():  .top.OrderedMerge
Initializing actor: .top.OrderedMerge
Adding a thread: .top.OrderedMerge
Invoking initialize():  .top.Ramp
Initializing actor: .top.Ramp
Adding a thread: .top.Ramp
Invoking initialize():  .top.Ramp2
Initializing actor: .top.Ramp2
Adding a thread: .top.Ramp2
Invoking initialize():  .top.Test
Initializing actor: .top.Test
Adding a thread: .top.Test
-- Starting thread.
Called initialize()
Called prefire()
Called fire()
-- Starting thread.
Called initialize()
Called prefire()
Called fire()
Called postfire()
Called prefire()
Called fire()
-- Starting thread.
Called initialize()
Called prefire()
Called fire()
Called postfire()
Called prefire()
Called fire()
Called fire().
Checking for deadlock:
There are 3 Blocked actors, 0 Stopped actors, and 4 active threads.
Waiting for actors to stop.
-- Starting thread.
Called initialize()
Called prefire()
Called fire()
Checking for deadlock:
There are 2 Blocked actors, 0 Stopped actors, and 4 active threads.
Waiting for actors to stop.
Called postfire()
Called prefire()
Called fire()
Checking for deadlock:
There are 3 Blocked actors, 0 Stopped actors, and 4 active threads.
Waiting for actors to stop.
Read input token from inputA with value 0.0
Next port to read input from is inputB
Called postfire()
Called prefire()
Called fire()
Called postfire()
Called prefire()
Called fire()
Checking for deadlock:
There are 3 Blocked actors, 0 Stopped actors, and 4 active threads.
Waiting for actors to stop.
Read input token from inputB with value 0.0
-- Read input: 0.0, which is expected to match: 0.0
Called prefire()
Called fire()
Checking for deadlock:
There are 3 Blocked actors, 0 Stopped actors, and 4 active threads.
Waiting for actors to stop.
Sent output token with value 0.0
Next port to read input from is inputA
Called postfire()
Called prefire()
Called fire()
Checking for deadlock:
There are 2 Blocked actors, 0 Stopped actors, and 4 active threads.
Waiting for actors to stop.
Called postfire()
Called prefire()
Called fire()
Checking for deadlock:
There are 3 Blocked actors, 0 Stopped actors, and 4 active threads.
Waiting for actors to stop.
Read input token from inputA with value 1.0
Checking for deadlock:
There are 2 Blocked actors, 0 Stopped actors, and 4 active threads.
Waiting for actors to stop.
-- Read input: 0.0, which is expected to match: 0.0
Called prefire()
Called fire()
Checking for deadlock:
There are 3 Blocked actors, 0 Stopped actors, and 4 active threads.
Waiting for actors to stop.
Sent output token with value 0.0
Next port to read input from is inputB
Called postfire()
Called prefire()
Called fire()
Checking for deadlock:
There are 2 Blocked actors, 0 Stopped actors, and 4 active threads.
Waiting for actors to stop.
Called postfire()
Called prefire()
Called fire()
Checking for deadlock:
There are 3 Blocked actors, 0 Stopped actors, and 4 active threads.
Waiting for actors to stop.
Read input token from inputB with value 1.5
Checking for deadlock:
There are 2 Blocked actors, 0 Stopped actors, and 4 active threads.
Waiting for actors to stop.
-- Read input: 1.0, which is expected to match: 1.0
Called prefire()
Called fire()
Checking for deadlock:
There are 3 Blocked actors, 0 Stopped actors, and 4 active threads.
Waiting for actors to stop.
Sent output token with value 1.0
Next port to read input from is inputA
Called postfire()
Called prefire()
Called fire()
Called postfire()
Called prefire()
Called fire()
Checking for deadlock:
There are 3 Blocked actors, 0 Stopped actors, and 4 active threads.
Waiting for actors to stop.
Read input token from inputA with value 2.0
-- Read input: 1.5, which is expected to match: 1.5
Called prefire()
Called fire()
Checking for deadlock:
There are 3 Blocked actors, 0 Stopped actors, and 4 active threads.
Waiting for actors to stop.
Sent output token with value 1.5
Next port to read input from is inputB
Called postfire()
Called prefire()
Called fire()
Checking for deadlock:
There are 2 Blocked actors, 0 Stopped actors, and 4 active threads.
Waiting for actors to stop.
Called postfire()
Called prefire()
Called fire()
Checking for deadlock:
There are 3 Blocked actors, 0 Stopped actors, and 4 active threads.
Waiting for actors to stop.
Read input token from inputB with value 3.0
Checking for deadlock:
There are 2 Blocked actors, 0 Stopped actors, and 4 active threads.
Waiting for actors to stop.
-- Read input: 2.0, which is expected to match: 2.0
Called prefire()
Called fire()
Checking for deadlock:
There are 3 Blocked actors, 0 Stopped actors, and 4 active threads.
Waiting for actors to stop.
Sent output token with value 2.0
Next port to read input from is inputA
Called postfire()
Called prefire()
Called fire()
Called postfire()
Called prefire()
Called fire()
Checking for deadlock:
There are 3 Blocked actors, 0 Stopped actors, and 4 active threads.
Waiting for actors to stop.
Read input token from inputA with value 3.0
-- Read input: 3.0, which is expected to match: 3.0
Called prefire()
Called fire()
Checking for deadlock:
There are 3 Blocked actors, 0 Stopped actors, and 4 active threads.
Waiting for actors to stop.
Sent output token with value 3.0
Next port to read input from is inputB
Called postfire()
Called prefire()
Called fire()
Checking for deadlock:
There are 2 Blocked actors, 0 Stopped actors, and 4 active threads.
Waiting for actors to stop.
Called postfire()
Called prefire()
Called fire()
Checking for deadlock:
There are 3 Blocked actors, 0 Stopped actors, and 4 active threads.
Waiting for actors to stop.
Read input token from inputB with value 4.5
Checking for deadlock:
There are 2 Blocked actors, 0 Stopped actors, and 4 active threads.
Waiting for actors to stop.
-- Read input: 3.0, which is expected to match: 3.0
Called prefire()
Called fire()
Checking for deadlock:
There are 3 Blocked actors, 0 Stopped actors, and 4 active threads.
Waiting for actors to stop.
Sent output token with value 3.0
Next port to read input from is inputA
Called postfire()
Called prefire()
Called fire()
Called postfire()
Called prefire()
Called fire()
Checking for deadlock:
There are 3 Blocked actors, 0 Stopped actors, and 4 active threads.
Waiting for actors to stop.
Read input token from inputA with value 4.0
-- Read input: 4.0, which is expected to match: 4.0
Called prefire()
Called fire()
Past the end of training data. Read and discard all inputs.
Checking for deadlock:
There are 3 Blocked actors, 0 Stopped actors, and 4 active threads.
Waiting for actors to stop.
Sent output token with value 4.0
Next port to read input from is inputA
Called postfire()
Called prefire()
Called fire()
Called postfire()
Called prefire()
Called fire()
Checking for deadlock:
There are 3 Blocked actors, 0 Stopped actors, and 4 active threads.
Waiting for actors to stop.
Read input token from inputA with value 5.0
Called prefire()
Called fire()
Past the end of training data. Read and discard all inputs.
Checking for deadlock:
There are 3 Blocked actors, 0 Stopped actors, and 4 active threads.
Waiting for actors to stop.
Sent output token with value 4.5
Next port to read input from is inputB
Called postfire()
Called prefire()
Called fire()
Checking for deadlock:
There are 2 Blocked actors, 0 Stopped actors, and 4 active threads.
Waiting for actors to stop.
Called postfire()
Called prefire()
Called fire()
Checking for deadlock:
There are 3 Blocked actors, 0 Stopped actors, and 4 active threads.
Waiting for actors to stop.
Read input token from inputB with value 6.0
Checking for deadlock:
There are 2 Blocked actors, 0 Stopped actors, and 4 active threads.
Waiting for actors to stop.
Called prefire()
Called fire()
Past the end of training data. Read and discard all inputs.
Checking for deadlock:
There are 3 Blocked actors, 0 Stopped actors, and 4 active threads.
Waiting for actors to stop.
Sent output token with value 5.0
Next port to read input from is inputA
Called postfire()
Called prefire()
Called fire()
Called postfire()
Called prefire()
Called fire()
Checking for deadlock:
There are 3 Blocked actors, 0 Stopped actors, and 4 active threads.
Waiting for actors to stop.
Read input token from inputA with value 6.0
Called prefire()
Called fire()
Past the end of training data. Read and discard all inputs.
Checking for deadlock:
There are 3 Blocked actors, 0 Stopped actors, and 4 active threads.
Waiting for actors to stop.
Sent output token with value 6.0
Next port to read input from is inputB
Called postfire()
Called prefire()
Called fire()
Checking for deadlock:
There are 2 Blocked actors, 0 Stopped actors, and 4 active threads.
Waiting for actors to stop.
Called postfire()
Called prefire()
Called fire()
Checking for deadlock:
There are 3 Blocked actors, 0 Stopped actors, and 4 active threads.
Waiting for actors to stop.
Read input token from inputB with value 7.5
Checking for deadlock:
There are 2 Blocked actors, 0 Stopped actors, and 4 active threads.
Waiting for actors to stop.
Called prefire()
Called fire()
Past the end of training data. Read and discard all inputs.
Checking for deadlock:
There are 3 Blocked actors, 0 Stopped actors, and 4 active threads.
Waiting for actors to stop.
Sent output token with value 6.0
Next port to read input from is inputA
Called postfire()
Called prefire()
Called fire()
Called postfire()
Called prefire()
Called fire()
Checking for deadlock:
There are 3 Blocked actors, 0 Stopped actors, and 4 active threads.
Waiting for actors to stop.
Read input token from inputA with value 7.0
Called prefire()
Called fire()
Past the end of training data. Read and discard all inputs.
Checking for deadlock:
There are 3 Blocked actors, 0 Stopped actors, and 4 active threads.
Waiting for actors to stop.
Sent output token with value 7.0
Next port to read input from is inputA
Called postfire()
Called prefire()
Called fire()
-- Thread wrapup() called.
Called wrapup()
Thread .top.Ramp is exiting.
-- Thread stopped.
Checking for deadlock:
There are 2 Blocked actors, 0 Stopped actors, and 3 active threads.
Waiting for actors to stop.
Read input token from inputA with value 8.0
Checking for deadlock:
There are 1 Blocked actors, 0 Stopped actors, and 3 active threads.
Waiting for actors to stop.
Called prefire()
Called fire()
Past the end of training data. Read and discard all inputs.
Checking for deadlock:
There are 2 Blocked actors, 0 Stopped actors, and 3 active threads.
Waiting for actors to stop.
Sent output token with value 7.5
Next port to read input from is inputB
Called postfire()
Called prefire()
Called fire()
Checking for deadlock:
There are 1 Blocked actors, 0 Stopped actors, and 3 active threads.
Waiting for actors to stop.
Called postfire()
Called prefire()
Called fire()
Checking for deadlock:
There are 2 Blocked actors, 0 Stopped actors, and 3 active threads.
Waiting for actors to stop.
Read input token from inputB with value 9.0
Checking for deadlock:
There are 1 Blocked actors, 0 Stopped actors, and 3 active threads.
Waiting for actors to stop.
Called prefire()
Called fire()
Past the end of training data. Read and discard all inputs.
Checking for deadlock:
There are 2 Blocked actors, 0 Stopped actors, and 3 active threads.
Waiting for actors to stop.
Sent output token with value 8.0
Next port to read input from is inputA
Called postfire()
Called prefire()
Called fire()
Read input token from inputA with value 9.0
Called prefire()
Called fire()
Past the end of training data. Read and discard all inputs.
Checking for deadlock:
There are 2 Blocked actors, 0 Stopped actors, and 3 active threads.
Waiting for actors to stop.
Sent output token with value 9.0
Next port to read input from is inputB
Called postfire()
Called prefire()
Called fire()
Called postfire()
Called prefire()
Called fire()
Checking for deadlock:
There are 2 Blocked actors, 0 Stopped actors, and 3 active threads.
Waiting for actors to stop.
Read input token from inputB with value 10.5
Called prefire()
Called fire()
Past the end of training data. Read and discard all inputs.
Checking for deadlock:
There are 2 Blocked actors, 0 Stopped actors, and 3 active threads.
Waiting for actors to stop.
Sent output token with value 9.0
Next port to read input from is inputA
Called postfire()
Called prefire()
Called fire()
Checking for deadlock:
There are 3 Blocked actors, 0 Stopped actors, and 3 active threads.
Actors have stopped.
Checking for deadlock:
There are 3 Blocked actors, 0 Stopped actors, and 3 active threads.
Deadlock detected.
Resolving Deadlock
Checking for deadlock:
There are 3 Blocked actors, 0 Stopped actors, and 3 active threads.
Artificial Deadlock - increasing queue capacity.
increasing the capacity of receiver ptolemy.actor.TypedIOPort {.top.OrderedMerge.inputB} to 2
Director: Called postfire().
Called postfire().
_stopRequested = false
_stopFireRequested = false
Returning from postfire(): true
Called fire().
Checking for deadlock:
There are 2 Blocked actors, 0 Stopped actors, and 3 active threads.
Waiting for actors to stop.
-- Thread wrapup() called.
Called wrapup()
Thread .top.Ramp2 is exiting.
-- Thread stopped.
Checking for deadlock:
There are 2 Blocked actors, 0 Stopped actors, and 2 active threads.
Actors have stopped.
Checking for deadlock:
There are 2 Blocked actors, 0 Stopped actors, and 2 active threads.
Deadlock detected.
Resolving Deadlock
Checking for deadlock:
There are 2 Blocked actors, 0 Stopped actors, and 2 active threads.
Deadlock detected: no processes blocked on write, but some are blocked on read.
Called postfire().
_stopRequested = false
_stopFireRequested = false
Returning from postfire(): false
Finished deactivating branches.
Called wrapup().
-- Thread wrapup() called.
Called wrapup()
-- Thread wrapup() called.
Called wrapup()
Thread .top.OrderedMerge is exiting.
-- Thread stopped.
-- Blocked Receiver call threw TerminateProcessException.
Thread .top.Test is exiting.
-- Thread stopped.
-- Blocked Receiver call threw TerminateProcessException.
32 ms. Memory: 120832K Free: 76279K (63%)
/home/travis/build/icyphy/ptII/ptolemy/actor/lib/test/Publisher.tcl
23 ms. Memory: 149504K Free: 133876K (90%)
19 ms. Memory: 149504K Free: 128244K (86%)
4 ms. Memory: 149504K Free: 124628K (83%)
5 ms. Memory: 149504K Free: 123634K (83%)
3 ms. Memory: 149504K Free: 123124K (82%)
4 ms. Memory: 149504K Free: 122100K (82%)
3 ms. Memory: 149504K Free: 121076K (81%)
4 ms. Memory: 149504K Free: 120562K (81%)
23 ms. Memory: 149504K Free: 110322K (74%)
8 ms. Memory: 149504K Free: 106740K (71%)
4 ms. Memory: 149504K Free: 105716K (71%)
8 ms. Memory: 149504K Free: 103668K (69%)
19 ms. Memory: 149504K Free: 95972K (64%)
6 ms. Memory: 149504K Free: 86770K (58%)
7 ms. Memory: 149504K Free: 130892K (88%)
/home/travis/build/icyphy/ptII/ptolemy/actor/lib/test/Pulse.tcl
2 ms. Memory: 149504K Free: 93518K (63%)
1 ms. Memory: 149504K Free: 93004K (62%)
1 ms. Memory: 149504K Free: 92494K (62%)
2 ms. Memory: 149504K Free: 91980K (62%)
1 ms. Memory: 149504K Free: 91470K (61%)
6 ms. Memory: 149504K Free: 89932K (60%)
3 ms. Memory: 149504K Free: 88908K (59%)
1 ms. Memory: 149504K Free: 88398K (59%)
3 ms. Memory: 149504K Free: 87884K (59%)
/home/travis/build/icyphy/ptII/ptolemy/actor/lib/test/Ramp.tcl
6 ms. Memory: 149504K Free: 85830K (57%)
4 ms. Memory: 149504K Free: 84798K (57%)
3 ms. Memory: 149504K Free: 84302K (56%)
6 ms. Memory: 149504K Free: 83278K (56%)
7 ms. Memory: 149504K Free: 82764K (55%)
9 ms. Memory: 149504K Free: 81726K (55%)
7 ms. Memory: 149504K Free: 80716K (54%)
5 actors
6000 microseconds per iteration to create
13 ms. Memory: 149504K Free: 78158K (52%)
10 ms. Memory: 149504K Free: 77630K (52%)
4 ms. Memory: 149504K Free: 77134K (52%)
6 ms. Memory: 149504K Free: 76606K (51%)
50 actors
28000 microseconds per iteration to create
38 ms. Memory: 149504K Free: 127221K (85%)
5 ms. Memory: 149504K Free: 126197K (84%)
5 ms. Memory: 149504K Free: 125173K (84%)
5 ms. Memory: 149504K Free: 124149K (83%)
500 actors
1927000 microseconds per iteration to create
368 ms. Memory: 180224K Free: 131026K (73%)
57 ms. Memory: 180224K Free: 125392K (70%)
52 ms. Memory: 180224K Free: 120265K (67%)
53 ms. Memory: 180224K Free: 115152K (64%)
/home/travis/build/icyphy/ptII/ptolemy/actor/lib/test/RampContinuous.tcl
11 ms. Memory: 180224K Free: 113618K (63%)
/home/travis/build/icyphy/ptII/ptolemy/actor/lib/test/RecordAssembler.tcl
7 ms. Memory: 180224K Free: 112080K (62%)
4 ms. Memory: 180224K Free: 111041K (62%)
/home/travis/build/icyphy/ptII/ptolemy/actor/lib/test/RecordDisassembler.tcl
16 ms. Memory: 180224K Free: 109522K (61%)
5 ms. Memory: 180224K Free: 108498K (60%)
4 ms. Memory: 180224K Free: 107474K (60%)
/home/travis/build/icyphy/ptII/ptolemy/actor/lib/test/Scale.tcl
2 ms. Memory: 180224K Free: 105426K (58%)
1 ms. Memory: 180224K Free: 104881K (58%)
3 ms. Memory: 180224K Free: 103881K (58%)
3 ms. Memory: 180224K Free: 103378K (57%)
3 ms. Memory: 180224K Free: 102354K (57%)
/home/travis/build/icyphy/ptII/ptolemy/actor/lib/test/SequentialClock.tcl
preinitializing
resolving types
initializing
executing number 1
wrapping up
idle
6 ms. Memory: 180224K Free: 101330K (56%)
Completed execution with 5 iterations
preinitializing
resolving types
initializing
executing number 1
wrapping up
idle
2 ms. Memory: 180224K Free: 100306K (56%)
Completed execution with 5 iterations
preinitializing
resolving types
initializing
executing number 1
wrapping up
idle
3 ms. Memory: 180224K Free: 99792K (55%)
Completed execution with 5 iterations
/home/travis/build/icyphy/ptII/ptolemy/actor/lib/test/SetVariable.tcl
5 ms. Memory: 180224K Free: 98258K (55%)


==== $PTII/ptolemy/actor/lib/test/SetVariable.tcl: SetVariable-3.1 changeFailed
==== Contents of test case:

    #Uses 2.1 above
    jdkCaptureErr {
        # This test was failing if we ran Exit.tcl and then this test.
        # MessageHandler.error() now actually throws the Exception.
	catch {$setVariable changeFailed [java::null]  [java::new Exception {Test exception for SetVariable.changeFailed()}]} errMsg
    } results
    list [string range $results 0 89] "\n" $errMsg

==== Result was:
{java.lang.Exception: Test exception for SetVariable.changeFailed()
	at java.base/jdk.inter} {
} {java.lang.RuntimeException: java.lang.Exception: Test exception for SetVariable.changeFailed()}
---- Result should have been:
{Failed to set variable.
java.lang.Exception: Test exception for SetVariable.changeFailed()} {
} {java.lang.RuntimeException: java.lang.Exception: Test exception for SetVariable.changeFailed()}
---- SetVariable-3.1 FAILED
/home/travis/build/icyphy/ptII/ptolemy/actor/lib/test/Sinewave.tcl
/home/travis/build/icyphy/ptII/ptolemy/actor/lib/test/SubscriptionAggregator.tcl
11 ms. Memory: 180224K Free: 85970K (48%)
8 ms. Memory: 180224K Free: 85441K (47%)
1 ms. Memory: 180224K Free: 84946K (47%)
1 ms. Memory: 180224K Free: 84401K (47%)
2 ms. Memory: 180224K Free: 81345K (45%)
26 ms. Memory: 180224K Free: 78802K (44%)
...............................................................1054 ms. Memory: 289792K Free: 179189K (62%)
/home/travis/build/icyphy/ptII/ptolemy/actor/lib/test/Test.tcl
 The next command will produce a warning about training mode,
   which may be ignored.
5 ms. Memory: 289792K Free: 177143K (61%)
3 ms. Memory: 289792K Free: 176111K (61%)
1 ms. Memory: 289792K Free: 175616K (61%)
2 ms. Memory: 289792K Free: 175087K (60%)
2 ms. Memory: 289792K Free: 174592K (60%)
3 ms. Memory: 289792K Free: 173047K (60%)
3 ms. Memory: 289792K Free: 172015K (59%)
 The next command will produce a warning about training mode,
   which may be ignored.
4 ms. Memory: 289792K Free: 169472K (58%)
 The next command will produce a warning about training mode,
   which may be ignored.
2 ms. Memory: 289792K Free: 168448K (58%)
1 ms. Memory: 289792K Free: 167927K (58%)
1 ms. Memory: 289792K Free: 167424K (58%)
1 ms. Memory: 289792K Free: 166903K (58%)
7 ms. Memory: 289792K Free: 165886K (57%)
6 ms. Memory: 289792K Free: 161790K (56%)
/home/travis/build/icyphy/ptII/ptolemy/actor/lib/test/TestExceptionHandler.tcl
 The next command will produce a warning about training mode,
   which may be ignored.
3 ms. Memory: 289792K Free: 160751K (55%)
1 ms. Memory: 289792K Free: 160256K (55%)
1 ms. Memory: 289792K Free: 159727K (55%)
/home/travis/build/icyphy/ptII/ptolemy/actor/lib/test/UnionDisassembler.tcl
19 ms. Memory: 289792K Free: 152574K (53%)
/home/travis/build/icyphy/ptII/ptolemy/actor/lib/test/VariableClock.tcl
preinitializing
resolving types
initializing
executing number 1
wrapping up
idle
11 ms. Memory: 289792K Free: 150511K (52%)
Completed execution with 11 iterations
preinitializing
resolving types
initializing
executing number 1
wrapping up
idle
4 ms. Memory: 289792K Free: 148992K (51%)
Completed execution with 10 iterations
09/27/19 05:52:07
Failed: 1  Total Tests: 234  ((Passed: 233, Newly Passed: 0)  Known Failed: 0) /home/travis/build/icyphy/ptII/ptolemy/actor/lib/test
----------------- testing (KnownFailure) /home/travis/build/icyphy/ptII/ptolemy/actor/lib/test/auto/knownFailedTests/PublisherPortToplevelSubscriber.xml
0 ms. Memory: 289792K Free: 145920K (50%)
Known Failure: java.lang.reflect.InvocationTargetException
----------------- testing (KnownFailure) /home/travis/build/icyphy/ptII/ptolemy/actor/lib/test/auto/knownFailedTests/PublisherSubscriberPortToplevel.xml
0 ms. Memory: 289792K Free: 141824K (49%)
Known Failure: java.lang.reflect.InvocationTargetException
----------------- testing (KnownFailure) /home/travis/build/icyphy/ptII/ptolemy/actor/lib/test/auto/knownFailedTests/PublisherSubscriptionAggregatorPort.xml
0 ms. Memory: 289792K Free: 137728K (48%)
Known Failure: java.lang.reflect.InvocationTargetException
----------------- testing (KnownFailure) /home/travis/build/icyphy/ptII/ptolemy/actor/lib/test/auto/knownFailedTests/sizedarray3.xml
6 ms. Memory: 289792K Free: 133632K (46%)
Known Failure: java.lang.reflect.InvocationTargetException
No auto/linux-amd64/*.xml tests in /home/travis/build/icyphy/ptII/ptolemy/actor/lib/test
AutoTests.java: About to close Vertx.
AutoTests.java: Vertx closed.

===========================================================================================
----------------- testing Fri Sep 27 05:52:07 UTC 2019 /home/travis/build/icyphy/ptII/ptolemy/actor/lib/test/auto/AbsoluteValue.xml
----------------- Instantiating /home/travis/build/icyphy/ptII/ptolemy/actor/lib/test/auto/AbsoluteValue.xml
4 ms. Memory: 289792K Free: 111104K (38%)
----------------- Invoking toplevel() on ptolemy.moml.MoMLSimpleApplication@7b15dccd
----------------- Done invoking toplevel() on ptolemy.moml.MoMLSimpleApplication@7b15dccd
reloadAllAccessors: .AbsoluteValue

===========================================================================================
----------------- testing Fri Sep 27 05:52:07 UTC 2019 /home/travis/build/icyphy/ptII/ptolemy/actor/lib/test/auto/AbsoluteValue2.xml
----------------- Instantiating /home/travis/build/icyphy/ptII/ptolemy/actor/lib/test/auto/AbsoluteValue2.xml
5 ms. Memory: 289792K Free: 104446K (36%)
----------------- Invoking toplevel() on ptolemy.moml.MoMLSimpleApplication@1640285d
----------------- Done invoking toplevel() on ptolemy.moml.MoMLSimpleApplication@1640285d
reloadAllAccessors: .AbsoluteValue2

===========================================================================================
----------------- testing Fri Sep 27 05:52:07 UTC 2019 /home/travis/build/icyphy/ptII/ptolemy/actor/lib/test/auto/Accumulator.xml
----------------- Instantiating /home/travis/build/icyphy/ptII/ptolemy/actor/lib/test/auto/Accumulator.xml
5 ms. Memory: 289792K Free: 97792K (34%)
----------------- Invoking toplevel() on ptolemy.moml.MoMLSimpleApplication@8d2598d
----------------- Done invoking toplevel() on ptolemy.moml.MoMLSimpleApplication@8d2598d
reloadAllAccessors: .Accumulator

===========================================================================================
----------------- testing Fri Sep 27 05:52:07 UTC 2019 /home/travis/build/icyphy/ptII/ptolemy/actor/lib/test/auto/Accumulator2.xml
----------------- Instantiating /home/travis/build/icyphy/ptII/ptolemy/actor/lib/test/auto/Accumulator2.xml
11 ms. Memory: 289792K Free: 241379K (83%)
----------------- Invoking toplevel() on ptolemy.moml.MoMLSimpleApplication@75e6d49e
----------------- Done invoking toplevel() on ptolemy.moml.MoMLSimpleApplication@75e6d49e
reloadAllAccessors: .Accumulator2

===========================================================================================
----------------- testing Fri Sep 27 05:52:07 UTC 2019 /home/travis/build/icyphy/ptII/ptolemy/actor/lib/test/auto/Accumulator3.xml
----------------- Instantiating /home/travis/build/icyphy/ptII/ptolemy/actor/lib/test/auto/Accumulator3.xml
6 ms. Memory: 289792K Free: 236769K (82%)
----------------- Invoking toplevel() on ptolemy.moml.MoMLSimpleApplication@2c0cd841
----------------- Done invoking toplevel() on ptolemy.moml.MoMLSimpleApplication@2c0cd841
reloadAllAccessors: .Accumulator3

===========================================================================================
----------------- testing Fri Sep 27 05:52:08 UTC 2019 /home/travis/build/icyphy/ptII/ptolemy/actor/lib/test/auto/ArrayAppend.xml
----------------- Instantiating /home/travis/build/icyphy/ptII/ptolemy/actor/lib/test/auto/ArrayAppend.xml
17 ms. Memory: 289792K Free: 231139K (80%)
----------------- Invoking toplevel() on ptolemy.moml.MoMLSimpleApplication@592680e5
----------------- Done invoking toplevel() on ptolemy.moml.MoMLSimpleApplication@592680e5
reloadAllAccessors: .ArrayAppend

===========================================================================================
----------------- testing Fri Sep 27 05:52:08 UTC 2019 /home/travis/build/icyphy/ptII/ptolemy/actor/lib/test/auto/ArrayAppend2.xml
----------------- Instantiating /home/travis/build/icyphy/ptII/ptolemy/actor/lib/test/auto/ArrayAppend2.xml
356 ms. Memory: 289792K Free: 148195K (51%)
----------------- Invoking toplevel() on ptolemy.moml.MoMLSimpleApplication@3f881ca0
----------------- Done invoking toplevel() on ptolemy.moml.MoMLSimpleApplication@3f881ca0
reloadAllAccessors: .ArrayAppend2

===========================================================================================
----------------- testing Fri Sep 27 05:52:08 UTC 2019 /home/travis/build/icyphy/ptII/ptolemy/actor/lib/test/auto/ArrayAppend3.xml
----------------- Instantiating /home/travis/build/icyphy/ptII/ptolemy/actor/lib/test/auto/ArrayAppend3.xml
3 ms. Memory: 289792K Free: 143585K (50%)
----------------- Invoking toplevel() on ptolemy.moml.MoMLSimpleApplication@2a4c5588
----------------- Done invoking toplevel() on ptolemy.moml.MoMLSimpleApplication@2a4c5588
reloadAllAccessors: .ArrayAppend3

===========================================================================================
----------------- testing Fri Sep 27 05:52:08 UTC 2019 /home/travis/build/icyphy/ptII/ptolemy/actor/lib/test/auto/ArrayAppend4.xml
----------------- Instantiating /home/travis/build/icyphy/ptII/ptolemy/actor/lib/test/auto/ArrayAppend4.xml
9 ms. Memory: 289792K Free: 137441K (47%)
----------------- Invoking toplevel() on ptolemy.moml.MoMLSimpleApplication@59640231
----------------- Done invoking toplevel() on ptolemy.moml.MoMLSimpleApplication@59640231
reloadAllAccessors: .ArrayAppend4

===========================================================================================
----------------- testing Fri Sep 27 05:52:08 UTC 2019 /home/travis/build/icyphy/ptII/ptolemy/actor/lib/test/auto/ArrayAppend5.xml
----------------- Instantiating /home/travis/build/icyphy/ptII/ptolemy/actor/lib/test/auto/ArrayAppend5.xml
2 ms. Memory: 289792K Free: 132321K (46%)
----------------- Invoking toplevel() on ptolemy.moml.MoMLSimpleApplication@1c72c626
----------------- Done invoking toplevel() on ptolemy.moml.MoMLSimpleApplication@1c72c626
reloadAllAccessors: .ArrayAppend5

===========================================================================================
----------------- testing Fri Sep 27 05:52:08 UTC 2019 /home/travis/build/icyphy/ptII/ptolemy/actor/lib/test/auto/ArrayAppend6.xml
----------------- Instantiating /home/travis/build/icyphy/ptII/ptolemy/actor/lib/test/auto/ArrayAppend6.xml
6 ms. Memory: 289792K Free: 127201K (44%)
----------------- Invoking toplevel() on ptolemy.moml.MoMLSimpleApplication@1b39427f
----------------- Done invoking toplevel() on ptolemy.moml.MoMLSimpleApplication@1b39427f
reloadAllAccessors: .ArrayAppend6

===========================================================================================
----------------- testing Fri Sep 27 05:52:08 UTC 2019 /home/travis/build/icyphy/ptII/ptolemy/actor/lib/test/auto/ArrayAppendPerformanceTest.xml
----------------- Instantiating /home/travis/build/icyphy/ptII/ptolemy/actor/lib/test/auto/ArrayAppendPerformanceTest.xml
53 ms. Memory: 289792K Free: 115937K (40%)
----------------- Invoking toplevel() on ptolemy.moml.MoMLSimpleApplication@616c8bb8
----------------- Done invoking toplevel() on ptolemy.moml.MoMLSimpleApplication@616c8bb8
reloadAllAccessors: .ArrayAppendPerformanceTest

===========================================================================================
----------------- testing Fri Sep 27 05:52:08 UTC 2019 /home/travis/build/icyphy/ptII/ptolemy/actor/lib/test/auto/ArrayAppendWithEmptyInput.xml
----------------- Instantiating /home/travis/build/icyphy/ptII/ptolemy/actor/lib/test/auto/ArrayAppendWithEmptyInput.xml
20 ms. Memory: 289792K Free: 108259K (37%)
----------------- Invoking toplevel() on ptolemy.moml.MoMLSimpleApplication@428d324
----------------- Done invoking toplevel() on ptolemy.moml.MoMLSimpleApplication@428d324
reloadAllAccessors: .ArrayAppendWithEmptyInput

===========================================================================================
----------------- testing Fri Sep 27 05:52:08 UTC 2019 /home/travis/build/icyphy/ptII/ptolemy/actor/lib/test/auto/ArrayAverage.xml
----------------- Instantiating /home/travis/build/icyphy/ptII/ptolemy/actor/lib/test/auto/ArrayAverage.xml
15 ms. Memory: 289792K Free: 100067K (35%)
----------------- Invoking toplevel() on ptolemy.moml.MoMLSimpleApplication@23371973
----------------- Done invoking toplevel() on ptolemy.moml.MoMLSimpleApplication@23371973
reloadAllAccessors: .ArrayAverage

===========================================================================================
----------------- testing Fri Sep 27 05:52:08 UTC 2019 /home/travis/build/icyphy/ptII/ptolemy/actor/lib/test/auto/ArrayContains.xml
----------------- Instantiating /home/travis/build/icyphy/ptII/ptolemy/actor/lib/test/auto/ArrayContains.xml
13 ms. Memory: 289792K Free: 94433K (33%)
----------------- Invoking toplevel() on ptolemy.moml.MoMLSimpleApplication@4721c608
----------------- Done invoking toplevel() on ptolemy.moml.MoMLSimpleApplication@4721c608
reloadAllAccessors: .ArrayContains

===========================================================================================
----------------- testing Fri Sep 27 05:52:08 UTC 2019 /home/travis/build/icyphy/ptII/ptolemy/actor/lib/test/auto/ArrayElement.xml
----------------- Instantiating /home/travis/build/icyphy/ptII/ptolemy/actor/lib/test/auto/ArrayElement.xml
91 ms. Memory: 289792K Free: 241493K (83%)
----------------- Invoking toplevel() on ptolemy.moml.MoMLSimpleApplication@5cf0dea9
----------------- Done invoking toplevel() on ptolemy.moml.MoMLSimpleApplication@5cf0dea9
reloadAllAccessors: .ArrayElement

===========================================================================================
----------------- testing Fri Sep 27 05:52:09 UTC 2019 /home/travis/build/icyphy/ptII/ptolemy/actor/lib/test/auto/ArrayElementAsMatrix.xml
----------------- Instantiating /home/travis/build/icyphy/ptII/ptolemy/actor/lib/test/auto/ArrayElementAsMatrix.xml
27 ms. Memory: 289792K Free: 230743K (80%)
----------------- Invoking toplevel() on ptolemy.moml.MoMLSimpleApplication@11af1338
----------------- Done invoking toplevel() on ptolemy.moml.MoMLSimpleApplication@11af1338
reloadAllAccessors: .ArrayElementAsMatrix

===========================================================================================
----------------- testing Fri Sep 27 05:52:09 UTC 2019 /home/travis/build/icyphy/ptII/ptolemy/actor/lib/test/auto/ArrayElementI.xml
----------------- Instantiating /home/travis/build/icyphy/ptII/ptolemy/actor/lib/test/auto/ArrayElementI.xml
4 ms. Memory: 289792K Free: 226133K (78%)
----------------- Invoking toplevel() on ptolemy.moml.MoMLSimpleApplication@507f2f6f
----------------- Done invoking toplevel() on ptolemy.moml.MoMLSimpleApplication@507f2f6f
reloadAllAccessors: .ArrayElementI

===========================================================================================
----------------- testing Fri Sep 27 05:52:09 UTC 2019 /home/travis/build/icyphy/ptII/ptolemy/actor/lib/test/auto/ArrayExtract.xml
----------------- Instantiating /home/travis/build/icyphy/ptII/ptolemy/actor/lib/test/auto/ArrayExtract.xml
6 ms. Memory: 289792K Free: 217941K (75%)
----------------- Invoking toplevel() on ptolemy.moml.MoMLSimpleApplication@68fa52b4
----------------- Done invoking toplevel() on ptolemy.moml.MoMLSimpleApplication@68fa52b4
reloadAllAccessors: .ArrayExtract

===========================================================================================
----------------- testing Fri Sep 27 05:52:09 UTC 2019 /home/travis/build/icyphy/ptII/ptolemy/actor/lib/test/auto/ArrayExtract2.xml
----------------- Instantiating /home/travis/build/icyphy/ptII/ptolemy/actor/lib/test/auto/ArrayExtract2.xml
2 ms. Memory: 289792K Free: 212311K (73%)
----------------- Invoking toplevel() on ptolemy.moml.MoMLSimpleApplication@a4781f3
----------------- Done invoking toplevel() on ptolemy.moml.MoMLSimpleApplication@a4781f3
reloadAllAccessors: .ArrayExtract2

===========================================================================================
----------------- testing Fri Sep 27 05:52:09 UTC 2019 /home/travis/build/icyphy/ptII/ptolemy/actor/lib/test/auto/ArrayLength.xml
----------------- Instantiating /home/travis/build/icyphy/ptII/ptolemy/actor/lib/test/auto/ArrayLength.xml
2 ms. Memory: 289792K Free: 208725K (72%)
----------------- Invoking toplevel() on ptolemy.moml.MoMLSimpleApplication@6871ee98
----------------- Done invoking toplevel() on ptolemy.moml.MoMLSimpleApplication@6871ee98
reloadAllAccessors: .ArrayLength

===========================================================================================
----------------- testing Fri Sep 27 05:52:09 UTC 2019 /home/travis/build/icyphy/ptII/ptolemy/actor/lib/test/auto/ArrayLevelCrossing.xml
----------------- Instantiating /home/travis/build/icyphy/ptII/ptolemy/actor/lib/test/auto/ArrayLevelCrossing.xml
4 ms. Memory: 289792K Free: 200533K (69%)
----------------- Invoking toplevel() on ptolemy.moml.MoMLSimpleApplication@18590a79
----------------- Done invoking toplevel() on ptolemy.moml.MoMLSimpleApplication@18590a79
reloadAllAccessors: .ArrayLevelCrossing

===========================================================================================
----------------- testing Fri Sep 27 05:52:09 UTC 2019 /home/travis/build/icyphy/ptII/ptolemy/actor/lib/test/auto/ArrayLevelCrossing2.xml
----------------- Instantiating /home/travis/build/icyphy/ptII/ptolemy/actor/lib/test/auto/ArrayLevelCrossing2.xml
3 ms. Memory: 289792K Free: 193334K (67%)
----------------- Invoking toplevel() on ptolemy.moml.MoMLSimpleApplication@440f8cc2
----------------- Done invoking toplevel() on ptolemy.moml.MoMLSimpleApplication@440f8cc2
reloadAllAccessors: .ArrayLevelCrossing2

===========================================================================================
----------------- testing Fri Sep 27 05:52:09 UTC 2019 /home/travis/build/icyphy/ptII/ptolemy/actor/lib/test/auto/ArrayPeakSearch.xml
----------------- Instantiating /home/travis/build/icyphy/ptII/ptolemy/actor/lib/test/auto/ArrayPeakSearch.xml
4 ms. Memory: 289792K Free: 184149K (64%)
----------------- Invoking toplevel() on ptolemy.moml.MoMLSimpleApplication@5e14c0a3
----------------- Done invoking toplevel() on ptolemy.moml.MoMLSimpleApplication@5e14c0a3
reloadAllAccessors: .ArrayPeakSearch

===========================================================================================
----------------- testing Fri Sep 27 05:52:09 UTC 2019 /home/travis/build/icyphy/ptII/ptolemy/actor/lib/test/auto/ArrayPeakSearch2.xml
----------------- Instantiating /home/travis/build/icyphy/ptII/ptolemy/actor/lib/test/auto/ArrayPeakSearch2.xml
5 ms. Memory: 289792K Free: 173902K (60%)
----------------- Invoking toplevel() on ptolemy.moml.MoMLSimpleApplication@172fcdad
----------------- Done invoking toplevel() on ptolemy.moml.MoMLSimpleApplication@172fcdad
reloadAllAccessors: .ArrayPeakSearch2

===========================================================================================
----------------- testing Fri Sep 27 05:52:09 UTC 2019 /home/travis/build/icyphy/ptII/ptolemy/actor/lib/test/auto/ArrayPeakSearch3.xml
----------------- Instantiating /home/travis/build/icyphy/ptII/ptolemy/actor/lib/test/auto/ArrayPeakSearch3.xml
9 ms. Memory: 289792K Free: 164693K (57%)
----------------- Invoking toplevel() on ptolemy.moml.MoMLSimpleApplication@ffe7c2c
----------------- Done invoking toplevel() on ptolemy.moml.MoMLSimpleApplication@ffe7c2c
reloadAllAccessors: .ArrayPeakSearch3

===========================================================================================
----------------- testing Fri Sep 27 05:52:09 UTC 2019 /home/travis/build/icyphy/ptII/ptolemy/actor/lib/test/auto/ArrayRemoveElement.xml
----------------- Instantiating /home/travis/build/icyphy/ptII/ptolemy/actor/lib/test/auto/ArrayRemoveElement.xml
7 ms. Memory: 289792K Free: 157015K (54%)
----------------- Invoking toplevel() on ptolemy.moml.MoMLSimpleApplication@5fa43f5a
----------------- Done invoking toplevel() on ptolemy.moml.MoMLSimpleApplication@5fa43f5a
reloadAllAccessors: .ArrayRemoveElement

===========================================================================================
----------------- testing Fri Sep 27 05:52:09 UTC 2019 /home/travis/build/icyphy/ptII/ptolemy/actor/lib/test/auto/ArraySort.xml
----------------- Instantiating /home/travis/build/icyphy/ptII/ptolemy/actor/lib/test/auto/ArraySort.xml
4 ms. Memory: 289792K Free: 147799K (51%)
----------------- Invoking toplevel() on ptolemy.moml.MoMLSimpleApplication@2672f203
----------------- Done invoking toplevel() on ptolemy.moml.MoMLSimpleApplication@2672f203
reloadAllAccessors: .ArraySort

===========================================================================================
----------------- testing Fri Sep 27 05:52:09 UTC 2019 /home/travis/build/icyphy/ptII/ptolemy/actor/lib/test/auto/ArraySum.xml
----------------- Instantiating /home/travis/build/icyphy/ptII/ptolemy/actor/lib/test/auto/ArraySum.xml
6 ms. Memory: 289792K Free: 142679K (49%)
----------------- Invoking toplevel() on ptolemy.moml.MoMLSimpleApplication@4e143eee
----------------- Done invoking toplevel() on ptolemy.moml.MoMLSimpleApplication@4e143eee
reloadAllAccessors: .ArraySum

===========================================================================================
----------------- testing Fri Sep 27 05:52:09 UTC 2019 /home/travis/build/icyphy/ptII/ptolemy/actor/lib/test/auto/ArrayToElements.xml
----------------- Instantiating /home/travis/build/icyphy/ptII/ptolemy/actor/lib/test/auto/ArrayToElements.xml
6 ms. Memory: 289792K Free: 137045K (47%)
----------------- Invoking toplevel() on ptolemy.moml.MoMLSimpleApplication@479f7c26
----------------- Done invoking toplevel() on ptolemy.moml.MoMLSimpleApplication@479f7c26
reloadAllAccessors: .ArrayToElements

===========================================================================================
----------------- testing Fri Sep 27 05:52:09 UTC 2019 /home/travis/build/icyphy/ptII/ptolemy/actor/lib/test/auto/ArrayToMatrix.xml
----------------- Instantiating /home/travis/build/icyphy/ptII/ptolemy/actor/lib/test/auto/ArrayToMatrix.xml
7 ms. Memory: 289792K Free: 122709K (42%)
----------------- Invoking toplevel() on ptolemy.moml.MoMLSimpleApplication@165a5248
----------------- Done invoking toplevel() on ptolemy.moml.MoMLSimpleApplication@165a5248
reloadAllAccessors: .ArrayToMatrix

===========================================================================================
----------------- testing Fri Sep 27 05:52:09 UTC 2019 /home/travis/build/icyphy/ptII/ptolemy/actor/lib/test/auto/ArrayUpdate1.xml
----------------- Instantiating /home/travis/build/icyphy/ptII/ptolemy/actor/lib/test/auto/ArrayUpdate1.xml
4 ms. Memory: 289792K Free: 117589K (41%)
----------------- Invoking toplevel() on ptolemy.moml.MoMLSimpleApplication@5f676cfa
----------------- Done invoking toplevel() on ptolemy.moml.MoMLSimpleApplication@5f676cfa
reloadAllAccessors: .ArrayUpdate1

===========================================================================================
----------------- testing Fri Sep 27 05:52:09 UTC 2019 /home/travis/build/icyphy/ptII/ptolemy/actor/lib/test/auto/ArrayUpdate2.xml
----------------- Instantiating /home/travis/build/icyphy/ptII/ptolemy/actor/lib/test/auto/ArrayUpdate2.xml
5 ms. Memory: 289792K Free: 111430K (38%)
----------------- Invoking toplevel() on ptolemy.moml.MoMLSimpleApplication@3b0aa10c
----------------- Done invoking toplevel() on ptolemy.moml.MoMLSimpleApplication@3b0aa10c
reloadAllAccessors: .ArrayUpdate2

===========================================================================================
----------------- testing Fri Sep 27 05:52:09 UTC 2019 /home/travis/build/icyphy/ptII/ptolemy/actor/lib/test/auto/ArrayUpdate3.xml
----------------- Instantiating /home/travis/build/icyphy/ptII/ptolemy/actor/lib/test/auto/ArrayUpdate3.xml
5 ms. Memory: 289792K Free: 106325K (37%)
----------------- Invoking toplevel() on ptolemy.moml.MoMLSimpleApplication@3c311d6d
----------------- Done invoking toplevel() on ptolemy.moml.MoMLSimpleApplication@3c311d6d
reloadAllAccessors: .ArrayUpdate3

===========================================================================================
----------------- testing Fri Sep 27 05:52:09 UTC 2019 /home/travis/build/icyphy/ptII/ptolemy/actor/lib/test/auto/Assert1.xml
----------------- Instantiating /home/travis/build/icyphy/ptII/ptolemy/actor/lib/test/auto/Assert1.xml
5 ms. Memory: 289792K Free: 102229K (35%)
----------------- Invoking toplevel() on ptolemy.moml.MoMLSimpleApplication@6fa92bbd
----------------- Done invoking toplevel() on ptolemy.moml.MoMLSimpleApplication@6fa92bbd
reloadAllAccessors: .Assert1

===========================================================================================
----------------- testing Fri Sep 27 05:52:09 UTC 2019 /home/travis/build/icyphy/ptII/ptolemy/actor/lib/test/auto/Assert2.xml
----------------- Instantiating /home/travis/build/icyphy/ptII/ptolemy/actor/lib/test/auto/Assert2.xml
11 ms. Memory: 289792K Free: 96599K (33%)
----------------- Invoking toplevel() on ptolemy.moml.MoMLSimpleApplication@3451bc7e
----------------- Done invoking toplevel() on ptolemy.moml.MoMLSimpleApplication@3451bc7e
reloadAllAccessors: .Assert2

===========================================================================================
----------------- testing Fri Sep 27 05:52:09 UTC 2019 /home/travis/build/icyphy/ptII/ptolemy/actor/lib/test/auto/BooleanMultiplexor.xml
----------------- Instantiating /home/travis/build/icyphy/ptII/ptolemy/actor/lib/test/auto/BooleanMultiplexor.xml
2 ms. Memory: 289792K Free: 91479K (32%)
----------------- Invoking toplevel() on ptolemy.moml.MoMLSimpleApplication@d690c57
----------------- Done invoking toplevel() on ptolemy.moml.MoMLSimpleApplication@d690c57
reloadAllAccessors: .BooleanMultiplexor

===========================================================================================
----------------- testing Fri Sep 27 05:52:09 UTC 2019 /home/travis/build/icyphy/ptII/ptolemy/actor/lib/test/auto/BooleanMultiplexor2.xml
----------------- Instantiating /home/travis/build/icyphy/ptII/ptolemy/actor/lib/test/auto/BooleanMultiplexor2.xml
13 ms. Memory: 289792K Free: 84821K (29%)
----------------- Invoking toplevel() on ptolemy.moml.MoMLSimpleApplication@58c4a40f
----------------- Done invoking toplevel() on ptolemy.moml.MoMLSimpleApplication@58c4a40f
reloadAllAccessors: .BooleanMultiplexor2

===========================================================================================
----------------- testing Fri Sep 27 05:52:09 UTC 2019 /home/travis/build/icyphy/ptII/ptolemy/actor/lib/test/auto/BooleanMultiplexor3.xml
----------------- Instantiating /home/travis/build/icyphy/ptII/ptolemy/actor/lib/test/auto/BooleanMultiplexor3.xml
4 ms. Memory: 289792K Free: 81239K (28%)
----------------- Invoking toplevel() on ptolemy.moml.MoMLSimpleApplication@c8877a1
----------------- Done invoking toplevel() on ptolemy.moml.MoMLSimpleApplication@c8877a1
reloadAllAccessors: .BooleanMultiplexor3

===========================================================================================
----------------- testing Fri Sep 27 05:52:09 UTC 2019 /home/travis/build/icyphy/ptII/ptolemy/actor/lib/test/auto/BooleanSelect.xml
----------------- Instantiating /home/travis/build/icyphy/ptII/ptolemy/actor/lib/test/auto/BooleanSelect.xml
8 ms. Memory: 289792K Free: 75095K (26%)
----------------- Invoking toplevel() on ptolemy.moml.MoMLSimpleApplication@1b094cd6
----------------- Done invoking toplevel() on ptolemy.moml.MoMLSimpleApplication@1b094cd6
reloadAllAccessors: .BooleanSelect

===========================================================================================
----------------- testing Fri Sep 27 05:52:09 UTC 2019 /home/travis/build/icyphy/ptII/ptolemy/actor/lib/test/auto/BooleanSelect2.xml
----------------- Instantiating /home/travis/build/icyphy/ptII/ptolemy/actor/lib/test/auto/BooleanSelect2.xml
2 ms. Memory: 289792K Free: 70999K (24%)
----------------- Invoking toplevel() on ptolemy.moml.MoMLSimpleApplication@35ba2fe5
----------------- Done invoking toplevel() on ptolemy.moml.MoMLSimpleApplication@35ba2fe5
reloadAllAccessors: .BooleanSelect2

===========================================================================================
----------------- testing Fri Sep 27 05:52:09 UTC 2019 /home/travis/build/icyphy/ptII/ptolemy/actor/lib/test/auto/BooleanSwitch.xml
----------------- Instantiating /home/travis/build/icyphy/ptII/ptolemy/actor/lib/test/auto/BooleanSwitch.xml
7 ms. Memory: 579584K Free: 525689K (91%)
----------------- Invoking toplevel() on ptolemy.moml.MoMLSimpleApplication@7371df37
----------------- Done invoking toplevel() on ptolemy.moml.MoMLSimpleApplication@7371df37
reloadAllAccessors: .BooleanSwitch

===========================================================================================
----------------- testing Fri Sep 27 05:52:09 UTC 2019 /home/travis/build/icyphy/ptII/ptolemy/actor/lib/test/auto/BooleanSwitch2.xml
----------------- Instantiating /home/travis/build/icyphy/ptII/ptolemy/actor/lib/test/auto/BooleanSwitch2.xml
3 ms. Memory: 579584K Free: 521593K (90%)
----------------- Invoking toplevel() on ptolemy.moml.MoMLSimpleApplication@62ef10ed
----------------- Done invoking toplevel() on ptolemy.moml.MoMLSimpleApplication@62ef10ed
reloadAllAccessors: .BooleanSwitch2

===========================================================================================
----------------- testing Fri Sep 27 05:52:09 UTC 2019 /home/travis/build/icyphy/ptII/ptolemy/actor/lib/test/auto/BooleanSwitchCloningBugWithClassRelationGroup.xml
----------------- Instantiating /home/travis/build/icyphy/ptII/ptolemy/actor/lib/test/auto/BooleanSwitchCloningBugWithClassRelationGroup.xml
4 ms. Memory: 579584K Free: 514939K (89%)
----------------- Invoking toplevel() on ptolemy.moml.MoMLSimpleApplication@7192a0be
----------------- Done invoking toplevel() on ptolemy.moml.MoMLSimpleApplication@7192a0be
reloadAllAccessors: .BooleanSwitchCloningBugWithClassRelationGroup

===========================================================================================
----------------- testing Fri Sep 27 05:52:09 UTC 2019 /home/travis/build/icyphy/ptII/ptolemy/actor/lib/test/auto/BusActors.xml
----------------- Instantiating /home/travis/build/icyphy/ptII/ptolemy/actor/lib/test/auto/BusActors.xml
5 ms. Memory: 579584K Free: 507257K (88%)
----------------- Invoking toplevel() on ptolemy.moml.MoMLSimpleApplication@28835823
----------------- Done invoking toplevel() on ptolemy.moml.MoMLSimpleApplication@28835823
reloadAllAccessors: .BusActors

===========================================================================================
----------------- testing Fri Sep 27 05:52:09 UTC 2019 /home/travis/build/icyphy/ptII/ptolemy/actor/lib/test/auto/ClassWrapper.xml
----------------- Instantiating /home/travis/build/icyphy/ptII/ptolemy/actor/lib/test/auto/ClassWrapper.xml
4 ms. Memory: 579584K Free: 502651K (87%)
----------------- Invoking toplevel() on ptolemy.moml.MoMLSimpleApplication@3475d954
----------------- Done invoking toplevel() on ptolemy.moml.MoMLSimpleApplication@3475d954
reloadAllAccessors: .ClassWrapper

===========================================================================================
----------------- testing Fri Sep 27 05:52:10 UTC 2019 /home/travis/build/icyphy/ptII/ptolemy/actor/lib/test/auto/Clock.xml
----------------- Instantiating /home/travis/build/icyphy/ptII/ptolemy/actor/lib/test/auto/Clock.xml
9 ms. Memory: 579584K Free: 499065K (86%)
----------------- Invoking toplevel() on ptolemy.moml.MoMLSimpleApplication@62e5bc0f
----------------- Done invoking toplevel() on ptolemy.moml.MoMLSimpleApplication@62e5bc0f
reloadAllAccessors: .Clock

===========================================================================================
----------------- testing Fri Sep 27 05:52:10 UTC 2019 /home/travis/build/icyphy/ptII/ptolemy/actor/lib/test/auto/Clock10.xml
----------------- Instantiating /home/travis/build/icyphy/ptII/ptolemy/actor/lib/test/auto/Clock10.xml
4 ms. Memory: 579584K Free: 492921K (85%)
----------------- Invoking toplevel() on ptolemy.moml.MoMLSimpleApplication@3838e628
----------------- Done invoking toplevel() on ptolemy.moml.MoMLSimpleApplication@3838e628
reloadAllAccessors: .Clock10

===========================================================================================
----------------- testing Fri Sep 27 05:52:10 UTC 2019 /home/travis/build/icyphy/ptII/ptolemy/actor/lib/test/auto/Clock11.xml
----------------- Instantiating /home/travis/build/icyphy/ptII/ptolemy/actor/lib/test/auto/Clock11.xml
6 ms. Memory: 579584K Free: 487291K (84%)
----------------- Invoking toplevel() on ptolemy.moml.MoMLSimpleApplication@6c0305a5
----------------- Done invoking toplevel() on ptolemy.moml.MoMLSimpleApplication@6c0305a5
reloadAllAccessors: .Clock11

===========================================================================================
----------------- testing Fri Sep 27 05:52:10 UTC 2019 /home/travis/build/icyphy/ptII/ptolemy/actor/lib/test/auto/Clock12.xml
----------------- Instantiating /home/travis/build/icyphy/ptII/ptolemy/actor/lib/test/auto/Clock12.xml
5 ms. Memory: 579584K Free: 481147K (83%)
----------------- Invoking toplevel() on ptolemy.moml.MoMLSimpleApplication@ded6758
----------------- Done invoking toplevel() on ptolemy.moml.MoMLSimpleApplication@ded6758
reloadAllAccessors: .Clock12

===========================================================================================
----------------- testing Fri Sep 27 05:52:10 UTC 2019 /home/travis/build/icyphy/ptII/ptolemy/actor/lib/test/auto/Clock13.xml
----------------- Instantiating /home/travis/build/icyphy/ptII/ptolemy/actor/lib/test/auto/Clock13.xml
7 ms. Memory: 579584K Free: 475003K (82%)
----------------- Invoking toplevel() on ptolemy.moml.MoMLSimpleApplication@1e9df63c
----------------- Done invoking toplevel() on ptolemy.moml.MoMLSimpleApplication@1e9df63c
reloadAllAccessors: .Clock13

===========================================================================================
----------------- testing Fri Sep 27 05:52:10 UTC 2019 /home/travis/build/icyphy/ptII/ptolemy/actor/lib/test/auto/Clock14.xml
----------------- Instantiating /home/travis/build/icyphy/ptII/ptolemy/actor/lib/test/auto/Clock14.xml
10 ms. Memory: 579584K Free: 469339K (81%)
----------------- Invoking toplevel() on ptolemy.moml.MoMLSimpleApplication@1b706ab7
----------------- Done invoking toplevel() on ptolemy.moml.MoMLSimpleApplication@1b706ab7
reloadAllAccessors: .Clock14

===========================================================================================
----------------- testing Fri Sep 27 05:52:10 UTC 2019 /home/travis/build/icyphy/ptII/ptolemy/actor/lib/test/auto/Clock15.xml
----------------- Instantiating /home/travis/build/icyphy/ptII/ptolemy/actor/lib/test/auto/Clock15.xml
6 ms. Memory: 579584K Free: 463195K (80%)
----------------- Invoking toplevel() on ptolemy.moml.MoMLSimpleApplication@71f34d5c
----------------- Done invoking toplevel() on ptolemy.moml.MoMLSimpleApplication@71f34d5c
reloadAllAccessors: .Clock15

===========================================================================================
----------------- testing Fri Sep 27 05:52:10 UTC 2019 /home/travis/build/icyphy/ptII/ptolemy/actor/lib/test/auto/Clock16.xml
----------------- Instantiating /home/travis/build/icyphy/ptII/ptolemy/actor/lib/test/auto/Clock16.xml
47 ms. Memory: 579584K Free: 448379K (77%)
----------------- Invoking toplevel() on ptolemy.moml.MoMLSimpleApplication@6fa9c57d
----------------- Done invoking toplevel() on ptolemy.moml.MoMLSimpleApplication@6fa9c57d
reloadAllAccessors: .Clock16

===========================================================================================
----------------- testing Fri Sep 27 05:52:10 UTC 2019 /home/travis/build/icyphy/ptII/ptolemy/actor/lib/test/auto/Clock17.xml
----------------- Instantiating /home/travis/build/icyphy/ptII/ptolemy/actor/lib/test/auto/Clock17.xml
20 ms. Memory: 579584K Free: 434043K (75%)
----------------- Invoking toplevel() on ptolemy.moml.MoMLSimpleApplication@3019c1ee
----------------- Done invoking toplevel() on ptolemy.moml.MoMLSimpleApplication@3019c1ee
reloadAllAccessors: .Clock17

===========================================================================================
----------------- testing Fri Sep 27 05:52:10 UTC 2019 /home/travis/build/icyphy/ptII/ptolemy/actor/lib/test/auto/Clock18.xml
----------------- Instantiating /home/travis/build/icyphy/ptII/ptolemy/actor/lib/test/auto/Clock18.xml
29 ms. Memory: 579584K Free: 421227K (73%)
----------------- Invoking toplevel() on ptolemy.moml.MoMLSimpleApplication@5ced42b1
----------------- Done invoking toplevel() on ptolemy.moml.MoMLSimpleApplication@5ced42b1
reloadAllAccessors: .Clock18

===========================================================================================
----------------- testing Fri Sep 27 05:52:10 UTC 2019 /home/travis/build/icyphy/ptII/ptolemy/actor/lib/test/auto/Clock19.xml
----------------- Instantiating /home/travis/build/icyphy/ptII/ptolemy/actor/lib/test/auto/Clock19.xml
16 ms. Memory: 579584K Free: 407915K (70%)
----------------- Invoking toplevel() on ptolemy.moml.MoMLSimpleApplication@379ac647
----------------- Done invoking toplevel() on ptolemy.moml.MoMLSimpleApplication@379ac647
reloadAllAccessors: .Clock19

===========================================================================================
----------------- testing Fri Sep 27 05:52:10 UTC 2019 /home/travis/build/icyphy/ptII/ptolemy/actor/lib/test/auto/Clock2.xml
----------------- Instantiating /home/travis/build/icyphy/ptII/ptolemy/actor/lib/test/auto/Clock2.xml
11 ms. Memory: 579584K Free: 403323K (70%)
----------------- Invoking toplevel() on ptolemy.moml.MoMLSimpleApplication@51101e81
----------------- Done invoking toplevel() on ptolemy.moml.MoMLSimpleApplication@51101e81
reloadAllAccessors: .Clock2

===========================================================================================
----------------- testing Fri Sep 27 05:52:10 UTC 2019 /home/travis/build/icyphy/ptII/ptolemy/actor/lib/test/auto/Clock20.xml
----------------- Instantiating /home/travis/build/icyphy/ptII/ptolemy/actor/lib/test/auto/Clock20.xml
8 ms. Memory: 579584K Free: 398203K (69%)
----------------- Invoking toplevel() on ptolemy.moml.MoMLSimpleApplication@643a31d0
----------------- Done invoking toplevel() on ptolemy.moml.MoMLSimpleApplication@643a31d0
reloadAllAccessors: .Clock20

===========================================================================================
----------------- testing Fri Sep 27 05:52:10 UTC 2019 /home/travis/build/icyphy/ptII/ptolemy/actor/lib/test/auto/Clock21.xml
----------------- Instantiating /home/travis/build/icyphy/ptII/ptolemy/actor/lib/test/auto/Clock21.xml
6 ms. Memory: 579584K Free: 392569K (68%)
----------------- Invoking toplevel() on ptolemy.moml.MoMLSimpleApplication@4bc7b953
----------------- Done invoking toplevel() on ptolemy.moml.MoMLSimpleApplication@4bc7b953
reloadAllAccessors: .Clock21

===========================================================================================
----------------- testing Fri Sep 27 05:52:10 UTC 2019 /home/travis/build/icyphy/ptII/ptolemy/actor/lib/test/auto/Clock22.xml
----------------- Instantiating /home/travis/build/icyphy/ptII/ptolemy/actor/lib/test/auto/Clock22.xml
6 ms. Memory: 579584K Free: 387449K (67%)
----------------- Invoking toplevel() on ptolemy.moml.MoMLSimpleApplication@6dd6eb55
----------------- Done invoking toplevel() on ptolemy.moml.MoMLSimpleApplication@6dd6eb55
reloadAllAccessors: .Clock22

===========================================================================================
----------------- testing Fri Sep 27 05:52:10 UTC 2019 /home/travis/build/icyphy/ptII/ptolemy/actor/lib/test/auto/Clock23.xml
----------------- Instantiating /home/travis/build/icyphy/ptII/ptolemy/actor/lib/test/auto/Clock23.xml
8 ms. Memory: 579584K Free: 381819K (66%)
----------------- Invoking toplevel() on ptolemy.moml.MoMLSimpleApplication@707d55b2
----------------- Done invoking toplevel() on ptolemy.moml.MoMLSimpleApplication@707d55b2
reloadAllAccessors: .Clock23

===========================================================================================
----------------- testing Fri Sep 27 05:52:10 UTC 2019 /home/travis/build/icyphy/ptII/ptolemy/actor/lib/test/auto/Clock24.xml
----------------- Instantiating /home/travis/build/icyphy/ptII/ptolemy/actor/lib/test/auto/Clock24.xml
5 ms. Memory: 579584K Free: 376699K (65%)
----------------- Invoking toplevel() on ptolemy.moml.MoMLSimpleApplication@39fe86eb
----------------- Done invoking toplevel() on ptolemy.moml.MoMLSimpleApplication@39fe86eb
reloadAllAccessors: .Clock24

===========================================================================================
----------------- testing Fri Sep 27 05:52:10 UTC 2019 /home/travis/build/icyphy/ptII/ptolemy/actor/lib/test/auto/Clock4.xml
----------------- Instantiating /home/travis/build/icyphy/ptII/ptolemy/actor/lib/test/auto/Clock4.xml
2 ms. Memory: 579584K Free: 371579K (64%)
----------------- Invoking toplevel() on ptolemy.moml.MoMLSimpleApplication@309c7226
----------------- Done invoking toplevel() on ptolemy.moml.MoMLSimpleApplication@309c7226
reloadAllAccessors: .Clock4

===========================================================================================
----------------- testing Fri Sep 27 05:52:10 UTC 2019 /home/travis/build/icyphy/ptII/ptolemy/actor/lib/test/auto/Clock5.xml
----------------- Instantiating /home/travis/build/icyphy/ptII/ptolemy/actor/lib/test/auto/Clock5.xml
3 ms. Memory: 579584K Free: 365939K (63%)
----------------- Invoking toplevel() on ptolemy.moml.MoMLSimpleApplication@5f5897fd
----------------- Done invoking toplevel() on ptolemy.moml.MoMLSimpleApplication@5f5897fd
reloadAllAccessors: .Clock5

===========================================================================================
----------------- testing Fri Sep 27 05:52:10 UTC 2019 /home/travis/build/icyphy/ptII/ptolemy/actor/lib/test/auto/Clock6.xml
----------------- Instantiating /home/travis/build/icyphy/ptII/ptolemy/actor/lib/test/auto/Clock6.xml
2 ms. Memory: 579584K Free: 361849K (62%)
----------------- Invoking toplevel() on ptolemy.moml.MoMLSimpleApplication@6689302d
----------------- Done invoking toplevel() on ptolemy.moml.MoMLSimpleApplication@6689302d
reloadAllAccessors: .Clock6

===========================================================================================
----------------- testing Fri Sep 27 05:52:10 UTC 2019 /home/travis/build/icyphy/ptII/ptolemy/actor/lib/test/auto/Clock7.xml
----------------- Instantiating /home/travis/build/icyphy/ptII/ptolemy/actor/lib/test/auto/Clock7.xml
3 ms. Memory: 579584K Free: 356729K (62%)
----------------- Invoking toplevel() on ptolemy.moml.MoMLSimpleApplication@37abf824
----------------- Done invoking toplevel() on ptolemy.moml.MoMLSimpleApplication@37abf824
reloadAllAccessors: .Clock7

===========================================================================================
----------------- testing Fri Sep 27 05:52:10 UTC 2019 /home/travis/build/icyphy/ptII/ptolemy/actor/lib/test/auto/Clock8.xml
----------------- Instantiating /home/travis/build/icyphy/ptII/ptolemy/actor/lib/test/auto/Clock8.xml
5 ms. Memory: 579584K Free: 351603K (61%)
----------------- Invoking toplevel() on ptolemy.moml.MoMLSimpleApplication@3be4a834
----------------- Done invoking toplevel() on ptolemy.moml.MoMLSimpleApplication@3be4a834
reloadAllAccessors: .Clock8

===========================================================================================
----------------- testing Fri Sep 27 05:52:10 UTC 2019 /home/travis/build/icyphy/ptII/ptolemy/actor/lib/test/auto/Clock9.xml
----------------- Instantiating /home/travis/build/icyphy/ptII/ptolemy/actor/lib/test/auto/Clock9.xml
6 ms. Memory: 579584K Free: 345979K (60%)
----------------- Invoking toplevel() on ptolemy.moml.MoMLSimpleApplication@250f1c43
----------------- Done invoking toplevel() on ptolemy.moml.MoMLSimpleApplication@250f1c43
reloadAllAccessors: .Clock9

===========================================================================================
----------------- testing Fri Sep 27 05:52:10 UTC 2019 /home/travis/build/icyphy/ptII/ptolemy/actor/lib/test/auto/CommDistDiscard.xml
----------------- Instantiating /home/travis/build/icyphy/ptII/ptolemy/actor/lib/test/auto/CommDistDiscard.xml
4 ms. Memory: 579584K Free: 340345K (59%)
----------------- Invoking toplevel() on ptolemy.moml.MoMLSimpleApplication@65bde880
----------------- Done invoking toplevel() on ptolemy.moml.MoMLSimpleApplication@65bde880
reloadAllAccessors: .CommDistDiscard

===========================================================================================
----------------- testing Fri Sep 27 05:52:10 UTC 2019 /home/travis/build/icyphy/ptII/ptolemy/actor/lib/test/auto/Commutator.xml
----------------- Instantiating /home/travis/build/icyphy/ptII/ptolemy/actor/lib/test/auto/Commutator.xml
2 ms. Memory: 579584K Free: 336249K (58%)
----------------- Invoking toplevel() on ptolemy.moml.MoMLSimpleApplication@13e01173
----------------- Done invoking toplevel() on ptolemy.moml.MoMLSimpleApplication@13e01173
reloadAllAccessors: .Commutator

===========================================================================================
----------------- testing Fri Sep 27 05:52:10 UTC 2019 /home/travis/build/icyphy/ptII/ptolemy/actor/lib/test/auto/Commutator2.xml
----------------- Instantiating /home/travis/build/icyphy/ptII/ptolemy/actor/lib/test/auto/Commutator2.xml
2 ms. Memory: 579584K Free: 331643K (57%)
----------------- Invoking toplevel() on ptolemy.moml.MoMLSimpleApplication@781ac55d
----------------- Done invoking toplevel() on ptolemy.moml.MoMLSimpleApplication@781ac55d
reloadAllAccessors: .Commutator2

===========================================================================================
----------------- testing Fri Sep 27 05:52:10 UTC 2019 /home/travis/build/icyphy/ptII/ptolemy/actor/lib/test/auto/Commutator3.xml
----------------- Instantiating /home/travis/build/icyphy/ptII/ptolemy/actor/lib/test/auto/Commutator3.xml
3 ms. Memory: 579584K Free: 327547K (57%)
----------------- Invoking toplevel() on ptolemy.moml.MoMLSimpleApplication@52fbec41
----------------- Done invoking toplevel() on ptolemy.moml.MoMLSimpleApplication@52fbec41
reloadAllAccessors: .Commutator3

===========================================================================================
----------------- testing Fri Sep 27 05:52:10 UTC 2019 /home/travis/build/icyphy/ptII/ptolemy/actor/lib/test/auto/Compare.xml
----------------- Instantiating /home/travis/build/icyphy/ptII/ptolemy/actor/lib/test/auto/Compare.xml
3 ms. Memory: 579584K Free: 320889K (55%)
----------------- Invoking toplevel() on ptolemy.moml.MoMLSimpleApplication@7590be04
----------------- Done invoking toplevel() on ptolemy.moml.MoMLSimpleApplication@7590be04
reloadAllAccessors: .Compare

===========================================================================================
----------------- testing Fri Sep 27 05:52:11 UTC 2019 /home/travis/build/icyphy/ptII/ptolemy/actor/lib/test/auto/CompareDE.xml
----------------- Instantiating /home/travis/build/icyphy/ptII/ptolemy/actor/lib/test/auto/CompareDE.xml
5 ms. Memory: 579584K Free: 313707K (54%)
----------------- Invoking toplevel() on ptolemy.moml.MoMLSimpleApplication@7ce91eb7
----------------- Done invoking toplevel() on ptolemy.moml.MoMLSimpleApplication@7ce91eb7
reloadAllAccessors: .CompareDE

===========================================================================================
----------------- testing Fri Sep 27 05:52:11 UTC 2019 /home/travis/build/icyphy/ptII/ptolemy/actor/lib/test/auto/ComplexDivide.xml
----------------- Instantiating /home/travis/build/icyphy/ptII/ptolemy/actor/lib/test/auto/ComplexDivide.xml
2 ms. Memory: 579584K Free: 310139K (54%)
----------------- Invoking toplevel() on ptolemy.moml.MoMLSimpleApplication@e9f6b14
----------------- Done invoking toplevel() on ptolemy.moml.MoMLSimpleApplication@e9f6b14
reloadAllAccessors: .ComplexDivide

===========================================================================================
----------------- testing Fri Sep 27 05:52:11 UTC 2019 /home/travis/build/icyphy/ptII/ptolemy/actor/lib/test/auto/ComputeHistogram.xml
----------------- Instantiating /home/travis/build/icyphy/ptII/ptolemy/actor/lib/test/auto/ComputeHistogram.xml
40 ms. Memory: 579584K Free: 297337K (51%)
----------------- Invoking toplevel() on ptolemy.moml.MoMLSimpleApplication@443c60df
----------------- Done invoking toplevel() on ptolemy.moml.MoMLSimpleApplication@443c60df
reloadAllAccessors: .ComputeHistogram

===========================================================================================
----------------- testing Fri Sep 27 05:52:11 UTC 2019 /home/travis/build/icyphy/ptII/ptolemy/actor/lib/test/auto/ConfigurationSelect.xml
----------------- Instantiating /home/travis/build/icyphy/ptII/ptolemy/actor/lib/test/auto/ConfigurationSelect.xml
9 ms. Memory: 579584K Free: 292187K (50%)
----------------- Invoking toplevel() on ptolemy.moml.MoMLSimpleApplication@2cd26dd8
----------------- Done invoking toplevel() on ptolemy.moml.MoMLSimpleApplication@2cd26dd8
reloadAllAccessors: .ConfigurationSelect

===========================================================================================
----------------- testing Fri Sep 27 05:52:11 UTC 2019 /home/travis/build/icyphy/ptII/ptolemy/actor/lib/test/auto/ConfigurationSelect2.xml
----------------- Instantiating /home/travis/build/icyphy/ptII/ptolemy/actor/lib/test/auto/ConfigurationSelect2.xml
2 ms. Memory: 579584K Free: 287611K (50%)
----------------- Invoking toplevel() on ptolemy.moml.MoMLSimpleApplication@4a1bba0f
----------------- Done invoking toplevel() on ptolemy.moml.MoMLSimpleApplication@4a1bba0f
reloadAllAccessors: .ConfigurationSelect2

===========================================================================================
----------------- testing Fri Sep 27 05:52:11 UTC 2019 /home/travis/build/icyphy/ptII/ptolemy/actor/lib/test/auto/ConfigurationSwitch.xml
----------------- Instantiating /home/travis/build/icyphy/ptII/ptolemy/actor/lib/test/auto/ConfigurationSwitch.xml
3 ms. Memory: 579584K Free: 281977K (49%)
----------------- Invoking toplevel() on ptolemy.moml.MoMLSimpleApplication@215c5675
----------------- Done invoking toplevel() on ptolemy.moml.MoMLSimpleApplication@215c5675
reloadAllAccessors: .ConfigurationSwitch

===========================================================================================
----------------- testing Fri Sep 27 05:52:11 UTC 2019 /home/travis/build/icyphy/ptII/ptolemy/actor/lib/test/auto/ConfigurationSwitch2.xml
----------------- Instantiating /home/travis/build/icyphy/ptII/ptolemy/actor/lib/test/auto/ConfigurationSwitch2.xml
16 ms. Memory: 579584K Free: 532301K (92%)
----------------- Invoking toplevel() on ptolemy.moml.MoMLSimpleApplication@5d627a89
----------------- Done invoking toplevel() on ptolemy.moml.MoMLSimpleApplication@5d627a89
reloadAllAccessors: .ConfigurationSwitch2

===========================================================================================
----------------- testing Fri Sep 27 05:52:11 UTC 2019 /home/travis/build/icyphy/ptII/ptolemy/actor/lib/test/auto/ConfigurationSwitchCloningBugWithClassRelationGroup.xml
----------------- Instantiating /home/travis/build/icyphy/ptII/ptolemy/actor/lib/test/auto/ConfigurationSwitchCloningBugWithClassRelationGroup.xml
2 ms. Memory: 579584K Free: 524974K (91%)
----------------- Invoking toplevel() on ptolemy.moml.MoMLSimpleApplication@6856883b
----------------- Done invoking toplevel() on ptolemy.moml.MoMLSimpleApplication@6856883b
reloadAllAccessors: .ConfigurationSwitchCloningBugWithClassRelationGroup

===========================================================================================
----------------- testing Fri Sep 27 05:52:11 UTC 2019 /home/travis/build/icyphy/ptII/ptolemy/actor/lib/test/auto/ConfigurationSwitchSelectSDF.xml
----------------- Instantiating /home/travis/build/icyphy/ptII/ptolemy/actor/lib/test/auto/ConfigurationSwitchSelectSDF.xml
3 ms. Memory: 579584K Free: 519344K (90%)
----------------- Invoking toplevel() on ptolemy.moml.MoMLSimpleApplication@27001bbe
----------------- Done invoking toplevel() on ptolemy.moml.MoMLSimpleApplication@27001bbe
reloadAllAccessors: .ConfigurationSwitchSelectSDF

===========================================================================================
----------------- testing Fri Sep 27 05:52:11 UTC 2019 /home/travis/build/icyphy/ptII/ptolemy/actor/lib/test/auto/ConfigurationSwitchSelectSDF2.xml
----------------- Instantiating /home/travis/build/icyphy/ptII/ptolemy/actor/lib/test/auto/ConfigurationSwitchSelectSDF2.xml
3 ms. Memory: 579584K Free: 513200K (89%)
----------------- Invoking toplevel() on ptolemy.moml.MoMLSimpleApplication@38b1e351
----------------- Done invoking toplevel() on ptolemy.moml.MoMLSimpleApplication@38b1e351
reloadAllAccessors: .ConfigurationSwitchSelectSDF2

===========================================================================================
----------------- testing Fri Sep 27 05:52:11 UTC 2019 /home/travis/build/icyphy/ptII/ptolemy/actor/lib/test/auto/Const.xml
----------------- Instantiating /home/travis/build/icyphy/ptII/ptolemy/actor/lib/test/auto/Const.xml
1 ms. Memory: 579584K Free: 510128K (88%)
----------------- Invoking toplevel() on ptolemy.moml.MoMLSimpleApplication@2573b3b6
----------------- Done invoking toplevel() on ptolemy.moml.MoMLSimpleApplication@2573b3b6
reloadAllAccessors: .Const

===========================================================================================
----------------- testing Fri Sep 27 05:52:11 UTC 2019 /home/travis/build/icyphy/ptII/ptolemy/actor/lib/test/auto/Const2.xml
----------------- Instantiating /home/travis/build/icyphy/ptII/ptolemy/actor/lib/test/auto/Const2.xml
2 ms. Memory: 579584K Free: 506032K (87%)
----------------- Invoking toplevel() on ptolemy.moml.MoMLSimpleApplication@7a91da94
----------------- Done invoking toplevel() on ptolemy.moml.MoMLSimpleApplication@7a91da94
reloadAllAccessors: .Const2

===========================================================================================
----------------- testing Fri Sep 27 05:52:11 UTC 2019 /home/travis/build/icyphy/ptII/ptolemy/actor/lib/test/auto/Const3.xml
----------------- Instantiating /home/travis/build/icyphy/ptII/ptolemy/actor/lib/test/auto/Const3.xml
2 ms. Memory: 579584K Free: 502960K (87%)
----------------- Invoking toplevel() on ptolemy.moml.MoMLSimpleApplication@7e998f9a
----------------- Done invoking toplevel() on ptolemy.moml.MoMLSimpleApplication@7e998f9a
reloadAllAccessors: .Const3

===========================================================================================
----------------- testing Fri Sep 27 05:52:11 UTC 2019 /home/travis/build/icyphy/ptII/ptolemy/actor/lib/test/auto/ConstantPublisherPort1.xml
----------------- Instantiating /home/travis/build/icyphy/ptII/ptolemy/actor/lib/test/auto/ConstantPublisherPort1.xml
6 ms. Memory: 579584K Free: 494768K (85%)
----------------- Invoking toplevel() on ptolemy.moml.MoMLSimpleApplication@462303c1
----------------- Done invoking toplevel() on ptolemy.moml.MoMLSimpleApplication@462303c1
reloadAllAccessors: .ConstantPublisherPort1

===========================================================================================
----------------- testing Fri Sep 27 05:52:11 UTC 2019 /home/travis/build/icyphy/ptII/ptolemy/actor/lib/test/auto/ConstantPublisherPort2.xml
----------------- Instantiating /home/travis/build/icyphy/ptII/ptolemy/actor/lib/test/auto/ConstantPublisherPort2.xml
6 ms. Memory: 579584K Free: 487086K (84%)
----------------- Invoking toplevel() on ptolemy.moml.MoMLSimpleApplication@7348a8f5
----------------- Done invoking toplevel() on ptolemy.moml.MoMLSimpleApplication@7348a8f5
reloadAllAccessors: .ConstantPublisherPort2

===========================================================================================
----------------- testing Fri Sep 27 05:52:11 UTC 2019 /home/travis/build/icyphy/ptII/ptolemy/actor/lib/test/auto/ConstantPublisherPort3.xml
----------------- Instantiating /home/travis/build/icyphy/ptII/ptolemy/actor/lib/test/auto/ConstantPublisherPort3.xml
4 ms. Memory: 579584K Free: 479408K (83%)
----------------- Invoking toplevel() on ptolemy.moml.MoMLSimpleApplication@1f5e7a9a
----------------- Done invoking toplevel() on ptolemy.moml.MoMLSimpleApplication@1f5e7a9a
reloadAllAccessors: .ConstantPublisherPort3

===========================================================================================
----------------- testing Fri Sep 27 05:52:11 UTC 2019 /home/travis/build/icyphy/ptII/ptolemy/actor/lib/test/auto/ConstantPublisherPort4.xml
----------------- Instantiating /home/travis/build/icyphy/ptII/ptolemy/actor/lib/test/auto/ConstantPublisherPort4.xml
3 ms. Memory: 579584K Free: 472750K (82%)
----------------- Invoking toplevel() on ptolemy.moml.MoMLSimpleApplication@3a6a38cf
----------------- Done invoking toplevel() on ptolemy.moml.MoMLSimpleApplication@3a6a38cf
reloadAllAccessors: .ConstantPublisherPort4

===========================================================================================
----------------- testing Fri Sep 27 05:52:11 UTC 2019 /home/travis/build/icyphy/ptII/ptolemy/actor/lib/test/auto/ConstantPublisherPort5.xml
----------------- Instantiating /home/travis/build/icyphy/ptII/ptolemy/actor/lib/test/auto/ConstantPublisherPort5.xml
30 ms. Memory: 579584K Free: 463024K (80%)
----------------- Invoking toplevel() on ptolemy.moml.MoMLSimpleApplication@322e41b3
----------------- Done invoking toplevel() on ptolemy.moml.MoMLSimpleApplication@322e41b3
reloadAllAccessors: .ConstantPublisherPort5

===========================================================================================
----------------- testing Fri Sep 27 05:52:11 UTC 2019 /home/travis/build/icyphy/ptII/ptolemy/actor/lib/test/auto/ConstantPublisherPort6.xml
----------------- Instantiating /home/travis/build/icyphy/ptII/ptolemy/actor/lib/test/auto/ConstantPublisherPort6.xml
21 ms. Memory: 579584K Free: 453294K (78%)
----------------- Invoking toplevel() on ptolemy.moml.MoMLSimpleApplication@501c04d1
----------------- Done invoking toplevel() on ptolemy.moml.MoMLSimpleApplication@501c04d1
reloadAllAccessors: .ConstantPublisherPort6

===========================================================================================
----------------- testing Fri Sep 27 05:52:11 UTC 2019 /home/travis/build/icyphy/ptII/ptolemy/actor/lib/test/auto/ConstantPublisherPort7.xml
----------------- Instantiating /home/travis/build/icyphy/ptII/ptolemy/actor/lib/test/auto/ConstantPublisherPort7.xml
17 ms. Memory: 579584K Free: 444592K (77%)
----------------- Invoking toplevel() on ptolemy.moml.MoMLSimpleApplication@3a523749
----------------- Done invoking toplevel() on ptolemy.moml.MoMLSimpleApplication@3a523749
reloadAllAccessors: .ConstantPublisherPort7

===========================================================================================
----------------- testing Fri Sep 27 05:52:11 UTC 2019 /home/travis/build/icyphy/ptII/ptolemy/actor/lib/test/auto/ConstraintMonitor1.xml
----------------- Instantiating /home/travis/build/icyphy/ptII/ptolemy/actor/lib/test/auto/ConstraintMonitor1.xml
2 ms. Memory: 579584K Free: 438958K (76%)
----------------- Invoking toplevel() on ptolemy.moml.MoMLSimpleApplication@14a1b0fb
----------------- Done invoking toplevel() on ptolemy.moml.MoMLSimpleApplication@14a1b0fb
reloadAllAccessors: .ConstraintMonitor1

===========================================================================================
----------------- testing Fri Sep 27 05:52:11 UTC 2019 /home/travis/build/icyphy/ptII/ptolemy/actor/lib/test/auto/ConstraintMonitor2.xml
----------------- Instantiating /home/travis/build/icyphy/ptII/ptolemy/actor/lib/test/auto/ConstraintMonitor2.xml
3 ms. Memory: 579584K Free: 434352K (75%)
----------------- Invoking toplevel() on ptolemy.moml.MoMLSimpleApplication@63de774b
----------------- Done invoking toplevel() on ptolemy.moml.MoMLSimpleApplication@63de774b
reloadAllAccessors: .ConstraintMonitor2

===========================================================================================
----------------- testing Fri Sep 27 05:52:11 UTC 2019 /home/travis/build/icyphy/ptII/ptolemy/actor/lib/test/auto/ConstraintMonitor3.xml
----------------- Instantiating /home/travis/build/icyphy/ptII/ptolemy/actor/lib/test/auto/ConstraintMonitor3.xml
1 ms. Memory: 579584K Free: 430256K (74%)
----------------- Invoking toplevel() on ptolemy.moml.MoMLSimpleApplication@25a65c17
----------------- Done invoking toplevel() on ptolemy.moml.MoMLSimpleApplication@25a65c17
reloadAllAccessors: .ConstraintMonitor3

===========================================================================================
----------------- testing Fri Sep 27 05:52:11 UTC 2019 /home/travis/build/icyphy/ptII/ptolemy/actor/lib/test/auto/ConstraintMonitor4.xml
----------------- Instantiating /home/travis/build/icyphy/ptII/ptolemy/actor/lib/test/auto/ConstraintMonitor4.xml
5 ms. Memory: 579584K Free: 425134K (73%)
----------------- Invoking toplevel() on ptolemy.moml.MoMLSimpleApplication@1b4fa622
----------------- Done invoking toplevel() on ptolemy.moml.MoMLSimpleApplication@1b4fa622
reloadAllAccessors: .ConstraintMonitor4

===========================================================================================
----------------- testing Fri Sep 27 05:52:11 UTC 2019 /home/travis/build/icyphy/ptII/ptolemy/actor/lib/test/auto/ConstraintMonitor5.xml
----------------- Instantiating /home/travis/build/icyphy/ptII/ptolemy/actor/lib/test/auto/ConstraintMonitor5.xml
6 ms. Memory: 579584K Free: 418992K (72%)
----------------- Invoking toplevel() on ptolemy.moml.MoMLSimpleApplication@3254287a
----------------- Done invoking toplevel() on ptolemy.moml.MoMLSimpleApplication@3254287a
reloadAllAccessors: .ConstraintMonitor5

===========================================================================================
----------------- testing Fri Sep 27 05:52:11 UTC 2019 /home/travis/build/icyphy/ptII/ptolemy/actor/lib/test/auto/ConstraintMonitor6.xml
----------------- Instantiating /home/travis/build/icyphy/ptII/ptolemy/actor/lib/test/auto/ConstraintMonitor6.xml
6 ms. Memory: 579584K Free: 413344K (71%)
----------------- Invoking toplevel() on ptolemy.moml.MoMLSimpleApplication@43b39d14
----------------- Done invoking toplevel() on ptolemy.moml.MoMLSimpleApplication@43b39d14
reloadAllAccessors: .ConstraintMonitor6

===========================================================================================
----------------- testing Fri Sep 27 05:52:11 UTC 2019 /home/travis/build/icyphy/ptII/ptolemy/actor/lib/test/auto/ConstraintMonitor7.xml
----------------- Instantiating /home/travis/build/icyphy/ptII/ptolemy/actor/lib/test/auto/ConstraintMonitor7.xml
7 ms. Memory: 579584K Free: 406704K (70%)
----------------- Invoking toplevel() on ptolemy.moml.MoMLSimpleApplication@4f636e24
----------------- Done invoking toplevel() on ptolemy.moml.MoMLSimpleApplication@4f636e24
reloadAllAccessors: .ConstraintMonitor7

===========================================================================================
----------------- testing Fri Sep 27 05:52:11 UTC 2019 /home/travis/build/icyphy/ptII/ptolemy/actor/lib/test/auto/ConstraintMonitor8.xml
----------------- Instantiating /home/travis/build/icyphy/ptII/ptolemy/actor/lib/test/auto/ConstraintMonitor8.xml
4 ms. Memory: 579584K Free: 399022K (69%)
----------------- Invoking toplevel() on ptolemy.moml.MoMLSimpleApplication@314a88c0
----------------- Done invoking toplevel() on ptolemy.moml.MoMLSimpleApplication@314a88c0
reloadAllAccessors: .ConstraintMonitor8

===========================================================================================
----------------- testing Fri Sep 27 05:52:11 UTC 2019 /home/travis/build/icyphy/ptII/ptolemy/actor/lib/test/auto/Counter.xml
----------------- Instantiating /home/travis/build/icyphy/ptII/ptolemy/actor/lib/test/auto/Counter.xml
3 ms. Memory: 579584K Free: 393902K (68%)
----------------- Invoking toplevel() on ptolemy.moml.MoMLSimpleApplication@401d25a6
----------------- Done invoking toplevel() on ptolemy.moml.MoMLSimpleApplication@401d25a6
reloadAllAccessors: .Counter

===========================================================================================
----------------- testing Fri Sep 27 05:52:11 UTC 2019 /home/travis/build/icyphy/ptII/ptolemy/actor/lib/test/auto/CurrentTimeSDF.xml
----------------- Instantiating /home/travis/build/icyphy/ptII/ptolemy/actor/lib/test/auto/CurrentTimeSDF.xml
2 ms. Memory: 579584K Free: 389806K (67%)
----------------- Invoking toplevel() on ptolemy.moml.MoMLSimpleApplication@75253b78
----------------- Done invoking toplevel() on ptolemy.moml.MoMLSimpleApplication@75253b78
reloadAllAccessors: .CurrentTimeSDF

===========================================================================================
----------------- testing Fri Sep 27 05:52:11 UTC 2019 /home/travis/build/icyphy/ptII/ptolemy/actor/lib/test/auto/DB.xml
----------------- Instantiating /home/travis/build/icyphy/ptII/ptolemy/actor/lib/test/auto/DB.xml
3 ms. Memory: 579584K Free: 384686K (66%)
----------------- Invoking toplevel() on ptolemy.moml.MoMLSimpleApplication@163b95d8
----------------- Done invoking toplevel() on ptolemy.moml.MoMLSimpleApplication@163b95d8
reloadAllAccessors: .DB

===========================================================================================
----------------- testing Fri Sep 27 05:52:11 UTC 2019 /home/travis/build/icyphy/ptII/ptolemy/actor/lib/test/auto/DBDE.xml
----------------- Instantiating /home/travis/build/icyphy/ptII/ptolemy/actor/lib/test/auto/DBDE.xml
2 ms. Memory: 579584K Free: 378512K (65%)
----------------- Invoking toplevel() on ptolemy.moml.MoMLSimpleApplication@4b9ac366
----------------- Done invoking toplevel() on ptolemy.moml.MoMLSimpleApplication@4b9ac366
reloadAllAccessors: .DBDE

===========================================================================================
----------------- testing Fri Sep 27 05:52:11 UTC 2019 /home/travis/build/icyphy/ptII/ptolemy/actor/lib/test/auto/DateConstructor.xml
----------------- Instantiating /home/travis/build/icyphy/ptII/ptolemy/actor/lib/test/auto/DateConstructor.xml
34 ms. Memory: 579584K Free: 361648K (62%)
----------------- Invoking toplevel() on ptolemy.moml.MoMLSimpleApplication@4e0a015
----------------- Done invoking toplevel() on ptolemy.moml.MoMLSimpleApplication@4e0a015
reloadAllAccessors: .DateConstructor

===========================================================================================
----------------- testing Fri Sep 27 05:52:12 UTC 2019 /home/travis/build/icyphy/ptII/ptolemy/actor/lib/test/auto/DelayTime.xml
----------------- Instantiating /home/travis/build/icyphy/ptII/ptolemy/actor/lib/test/auto/DelayTime.xml
7 ms. Memory: 579584K Free: 356528K (62%)
----------------- Invoking toplevel() on ptolemy.moml.MoMLSimpleApplication@4ec1d2bf
----------------- Done invoking toplevel() on ptolemy.moml.MoMLSimpleApplication@4ec1d2bf
reloadAllAccessors: .DelayTime

===========================================================================================
----------------- testing Fri Sep 27 05:52:12 UTC 2019 /home/travis/build/icyphy/ptII/ptolemy/actor/lib/test/auto/Dictionary1.xml
----------------- Instantiating /home/travis/build/icyphy/ptII/ptolemy/actor/lib/test/auto/Dictionary1.xml
2 ms. Memory: 579584K Free: 350894K (61%)
----------------- Invoking toplevel() on ptolemy.moml.MoMLSimpleApplication@3687001
----------------- Done invoking toplevel() on ptolemy.moml.MoMLSimpleApplication@3687001
reloadAllAccessors: .Dictionary1

===========================================================================================
----------------- testing Fri Sep 27 05:52:12 UTC 2019 /home/travis/build/icyphy/ptII/ptolemy/actor/lib/test/auto/Dictionary2.xml
----------------- Instantiating /home/travis/build/icyphy/ptII/ptolemy/actor/lib/test/auto/Dictionary2.xml
5 ms. Memory: 579584K Free: 345774K (60%)
----------------- Invoking toplevel() on ptolemy.moml.MoMLSimpleApplication@353e2579
----------------- Done invoking toplevel() on ptolemy.moml.MoMLSimpleApplication@353e2579
reloadAllAccessors: .Dictionary2

===========================================================================================
----------------- testing Fri Sep 27 05:52:12 UTC 2019 /home/travis/build/icyphy/ptII/ptolemy/actor/lib/test/auto/Dictionary3.xml
----------------- Instantiating /home/travis/build/icyphy/ptII/ptolemy/actor/lib/test/auto/Dictionary3.xml
2 ms. Memory: 579584K Free: 340144K (59%)
----------------- Invoking toplevel() on ptolemy.moml.MoMLSimpleApplication@415e8f18
----------------- Done invoking toplevel() on ptolemy.moml.MoMLSimpleApplication@415e8f18
reloadAllAccessors: .Dictionary3

===========================================================================================
----------------- testing Fri Sep 27 05:52:12 UTC 2019 /home/travis/build/icyphy/ptII/ptolemy/actor/lib/test/auto/Dictionary4.xml
----------------- Instantiating /home/travis/build/icyphy/ptII/ptolemy/actor/lib/test/auto/Dictionary4.xml
6 ms. Memory: 579584K Free: 332976K (57%)
----------------- Invoking toplevel() on ptolemy.moml.MoMLSimpleApplication@2b3dcbc3
----------------- Done invoking toplevel() on ptolemy.moml.MoMLSimpleApplication@2b3dcbc3
reloadAllAccessors: .Dictionary4

===========================================================================================
----------------- testing Fri Sep 27 05:52:12 UTC 2019 /home/travis/build/icyphy/ptII/ptolemy/actor/lib/test/auto/Differential.xml
----------------- Instantiating /home/travis/build/icyphy/ptII/ptolemy/actor/lib/test/auto/Differential.xml
4 ms. Memory: 579584K Free: 328366K (57%)
----------------- Invoking toplevel() on ptolemy.moml.MoMLSimpleApplication@1d1c7b1b
----------------- Done invoking toplevel() on ptolemy.moml.MoMLSimpleApplication@1d1c7b1b
reloadAllAccessors: .Differential

===========================================================================================
----------------- testing Fri Sep 27 05:52:12 UTC 2019 /home/travis/build/icyphy/ptII/ptolemy/actor/lib/test/auto/Director.xml
----------------- Instantiating /home/travis/build/icyphy/ptII/ptolemy/actor/lib/test/auto/Director.xml
2 ms. Memory: 579584K Free: 325294K (56%)
----------------- Invoking toplevel() on ptolemy.moml.MoMLSimpleApplication@4d95f1d6
----------------- Done invoking toplevel() on ptolemy.moml.MoMLSimpleApplication@4d95f1d6
reloadAllAccessors: .Director

===========================================================================================
----------------- testing Fri Sep 27 05:52:12 UTC 2019 /home/travis/build/icyphy/ptII/ptolemy/actor/lib/test/auto/DiscreteClock.xml
----------------- Instantiating /home/travis/build/icyphy/ptII/ptolemy/actor/lib/test/auto/DiscreteClock.xml
2 ms. Memory: 579584K Free: 321198K (55%)
----------------- Invoking toplevel() on ptolemy.moml.MoMLSimpleApplication@63a0c185
----------------- Done invoking toplevel() on ptolemy.moml.MoMLSimpleApplication@63a0c185
reloadAllAccessors: .DiscreteClock

===========================================================================================
----------------- testing Fri Sep 27 05:52:12 UTC 2019 /home/travis/build/icyphy/ptII/ptolemy/actor/lib/test/auto/DiscreteClock10.xml
----------------- Instantiating /home/travis/build/icyphy/ptII/ptolemy/actor/lib/test/auto/DiscreteClock10.xml
3 ms. Memory: 579584K Free: 315054K (54%)
----------------- Invoking toplevel() on ptolemy.moml.MoMLSimpleApplication@7d6273c7
----------------- Done invoking toplevel() on ptolemy.moml.MoMLSimpleApplication@7d6273c7
reloadAllAccessors: .DiscreteClock10

===========================================================================================
----------------- testing Fri Sep 27 05:52:12 UTC 2019 /home/travis/build/icyphy/ptII/ptolemy/actor/lib/test/auto/DiscreteClock11.xml
----------------- Instantiating /home/travis/build/icyphy/ptII/ptolemy/actor/lib/test/auto/DiscreteClock11.xml
2 ms. Memory: 579584K Free: 309424K (53%)
----------------- Invoking toplevel() on ptolemy.moml.MoMLSimpleApplication@1c604b8d
----------------- Done invoking toplevel() on ptolemy.moml.MoMLSimpleApplication@1c604b8d
reloadAllAccessors: .DiscreteClock11

===========================================================================================
----------------- testing Fri Sep 27 05:52:12 UTC 2019 /home/travis/build/icyphy/ptII/ptolemy/actor/lib/test/auto/DiscreteClock12.xml
----------------- Instantiating /home/travis/build/icyphy/ptII/ptolemy/actor/lib/test/auto/DiscreteClock12.xml
3 ms. Memory: 579584K Free: 303280K (52%)
----------------- Invoking toplevel() on ptolemy.moml.MoMLSimpleApplication@7fd0a5c1
----------------- Done invoking toplevel() on ptolemy.moml.MoMLSimpleApplication@7fd0a5c1
reloadAllAccessors: .DiscreteClock12

===========================================================================================
----------------- testing Fri Sep 27 05:52:12 UTC 2019 /home/travis/build/icyphy/ptII/ptolemy/actor/lib/test/auto/DiscreteClock13.xml
----------------- Instantiating /home/travis/build/icyphy/ptII/ptolemy/actor/lib/test/auto/DiscreteClock13.xml
7 ms. Memory: 579584K Free: 297136K (51%)
----------------- Invoking toplevel() on ptolemy.moml.MoMLSimpleApplication@573d66f1
----------------- Done invoking toplevel() on ptolemy.moml.MoMLSimpleApplication@573d66f1
reloadAllAccessors: .DiscreteClock13

===========================================================================================
----------------- testing Fri Sep 27 05:52:12 UTC 2019 /home/travis/build/icyphy/ptII/ptolemy/actor/lib/test/auto/DiscreteClock14.xml
----------------- Instantiating /home/travis/build/icyphy/ptII/ptolemy/actor/lib/test/auto/DiscreteClock14.xml
6 ms. Memory: 579584K Free: 290992K (50%)
----------------- Invoking toplevel() on ptolemy.moml.MoMLSimpleApplication@6104db3
----------------- Done invoking toplevel() on ptolemy.moml.MoMLSimpleApplication@6104db3
reloadAllAccessors: .DiscreteClock14

===========================================================================================
----------------- testing Fri Sep 27 05:52:12 UTC 2019 /home/travis/build/icyphy/ptII/ptolemy/actor/lib/test/auto/DiscreteClock15.xml
----------------- Instantiating /home/travis/build/icyphy/ptII/ptolemy/actor/lib/test/auto/DiscreteClock15.xml
4 ms. Memory: 579584K Free: 285328K (49%)
----------------- Invoking toplevel() on ptolemy.moml.MoMLSimpleApplication@906502b
----------------- Done invoking toplevel() on ptolemy.moml.MoMLSimpleApplication@906502b
reloadAllAccessors: .DiscreteClock15

===========================================================================================
----------------- testing Fri Sep 27 05:52:12 UTC 2019 /home/travis/build/icyphy/ptII/ptolemy/actor/lib/test/auto/DiscreteClock16.xml
----------------- Instantiating /home/travis/build/icyphy/ptII/ptolemy/actor/lib/test/auto/DiscreteClock16.xml
23 ms. Memory: 579584K Free: 271536K (47%)
----------------- Invoking toplevel() on ptolemy.moml.MoMLSimpleApplication@73fdf62f
----------------- Done invoking toplevel() on ptolemy.moml.MoMLSimpleApplication@73fdf62f
reloadAllAccessors: .DiscreteClock16

===========================================================================================
----------------- testing Fri Sep 27 05:52:12 UTC 2019 /home/travis/build/icyphy/ptII/ptolemy/actor/lib/test/auto/DiscreteClock17.xml
----------------- Instantiating /home/travis/build/icyphy/ptII/ptolemy/actor/lib/test/auto/DiscreteClock17.xml
21 ms. Memory: 579584K Free: 256680K (44%)
----------------- Invoking toplevel() on ptolemy.moml.MoMLSimpleApplication@6f6fd5d0
----------------- Done invoking toplevel() on ptolemy.moml.MoMLSimpleApplication@6f6fd5d0
reloadAllAccessors: .DiscreteClock17

===========================================================================================
----------------- testing Fri Sep 27 05:52:12 UTC 2019 /home/travis/build/icyphy/ptII/ptolemy/actor/lib/test/auto/DiscreteClock18.xml
----------------- Instantiating /home/travis/build/icyphy/ptII/ptolemy/actor/lib/test/auto/DiscreteClock18.xml
29 ms. Memory: 579584K Free: 243374K (42%)
----------------- Invoking toplevel() on ptolemy.moml.MoMLSimpleApplication@4c24c3c8
----------------- Done invoking toplevel() on ptolemy.moml.MoMLSimpleApplication@4c24c3c8
reloadAllAccessors: .DiscreteClock18

===========================================================================================
----------------- testing Fri Sep 27 05:52:12 UTC 2019 /home/travis/build/icyphy/ptII/ptolemy/actor/lib/test/auto/DiscreteClock19.xml
----------------- Instantiating /home/travis/build/icyphy/ptII/ptolemy/actor/lib/test/auto/DiscreteClock19.xml
21 ms. Memory: 579584K Free: 229552K (40%)
----------------- Invoking toplevel() on ptolemy.moml.MoMLSimpleApplication@1e468914
----------------- Done invoking toplevel() on ptolemy.moml.MoMLSimpleApplication@1e468914
reloadAllAccessors: .DiscreteClock19

===========================================================================================
----------------- testing Fri Sep 27 05:52:12 UTC 2019 /home/travis/build/icyphy/ptII/ptolemy/actor/lib/test/auto/DiscreteClock2.xml
----------------- Instantiating /home/travis/build/icyphy/ptII/ptolemy/actor/lib/test/auto/DiscreteClock2.xml
5 ms. Memory: 579584K Free: 224432K (39%)
----------------- Invoking toplevel() on ptolemy.moml.MoMLSimpleApplication@1ea3bf5e
----------------- Done invoking toplevel() on ptolemy.moml.MoMLSimpleApplication@1ea3bf5e
reloadAllAccessors: .DiscreteClock2

===========================================================================================
----------------- testing Fri Sep 27 05:52:12 UTC 2019 /home/travis/build/icyphy/ptII/ptolemy/actor/lib/test/auto/DiscreteClock20.xml
----------------- Instantiating /home/travis/build/icyphy/ptII/ptolemy/actor/lib/test/auto/DiscreteClock20.xml
6 ms. Memory: 579584K Free: 218798K (38%)
----------------- Invoking toplevel() on ptolemy.moml.MoMLSimpleApplication@535b38b0
----------------- Done invoking toplevel() on ptolemy.moml.MoMLSimpleApplication@535b38b0
reloadAllAccessors: .DiscreteClock20

===========================================================================================
----------------- testing Fri Sep 27 05:52:12 UTC 2019 /home/travis/build/icyphy/ptII/ptolemy/actor/lib/test/auto/DiscreteClock21.xml
----------------- Instantiating /home/travis/build/icyphy/ptII/ptolemy/actor/lib/test/auto/DiscreteClock21.xml
6 ms. Memory: 579584K Free: 213678K (37%)
----------------- Invoking toplevel() on ptolemy.moml.MoMLSimpleApplication@2372587b
----------------- Done invoking toplevel() on ptolemy.moml.MoMLSimpleApplication@2372587b
reloadAllAccessors: .DiscreteClock21

===========================================================================================
----------------- testing Fri Sep 27 05:52:12 UTC 2019 /home/travis/build/icyphy/ptII/ptolemy/actor/lib/test/auto/DiscreteClock22.xml
----------------- Instantiating /home/travis/build/icyphy/ptII/ptolemy/actor/lib/test/auto/DiscreteClock22.xml
6 ms. Memory: 579584K Free: 208048K (36%)
----------------- Invoking toplevel() on ptolemy.moml.MoMLSimpleApplication@541671a5
----------------- Done invoking toplevel() on ptolemy.moml.MoMLSimpleApplication@541671a5
reloadAllAccessors: .DiscreteClock22

===========================================================================================
----------------- testing Fri Sep 27 05:52:12 UTC 2019 /home/travis/build/icyphy/ptII/ptolemy/actor/lib/test/auto/DiscreteClock23.xml
----------------- Instantiating /home/travis/build/icyphy/ptII/ptolemy/actor/lib/test/auto/DiscreteClock23.xml
7 ms. Memory: 579584K Free: 202414K (35%)
----------------- Invoking toplevel() on ptolemy.moml.MoMLSimpleApplication@e50db4e
----------------- Done invoking toplevel() on ptolemy.moml.MoMLSimpleApplication@e50db4e
reloadAllAccessors: .DiscreteClock23

===========================================================================================
----------------- testing Fri Sep 27 05:52:12 UTC 2019 /home/travis/build/icyphy/ptII/ptolemy/actor/lib/test/auto/DiscreteClock24.xml
----------------- Instantiating /home/travis/build/icyphy/ptII/ptolemy/actor/lib/test/auto/DiscreteClock24.xml
5 ms. Memory: 579584K Free: 196784K (34%)
----------------- Invoking toplevel() on ptolemy.moml.MoMLSimpleApplication@632722df
----------------- Done invoking toplevel() on ptolemy.moml.MoMLSimpleApplication@632722df
reloadAllAccessors: .DiscreteClock24

===========================================================================================
----------------- testing Fri Sep 27 05:52:12 UTC 2019 /home/travis/build/icyphy/ptII/ptolemy/actor/lib/test/auto/DiscreteClock4.xml
----------------- Instantiating /home/travis/build/icyphy/ptII/ptolemy/actor/lib/test/auto/DiscreteClock4.xml
4 ms. Memory: 579584K Free: 191664K (33%)
----------------- Invoking toplevel() on ptolemy.moml.MoMLSimpleApplication@53c8d74b
----------------- Done invoking toplevel() on ptolemy.moml.MoMLSimpleApplication@53c8d74b
reloadAllAccessors: .DiscreteClock4

===========================================================================================
----------------- testing Fri Sep 27 05:52:12 UTC 2019 /home/travis/build/icyphy/ptII/ptolemy/actor/lib/test/auto/DiscreteClock5.xml
----------------- Instantiating /home/travis/build/icyphy/ptII/ptolemy/actor/lib/test/auto/DiscreteClock5.xml
2 ms. Memory: 579584K Free: 531118K (92%)
----------------- Invoking toplevel() on ptolemy.moml.MoMLSimpleApplication@3d5359bb
----------------- Done invoking toplevel() on ptolemy.moml.MoMLSimpleApplication@3d5359bb
reloadAllAccessors: .DiscreteClock5

===========================================================================================
----------------- testing Fri Sep 27 05:52:12 UTC 2019 /home/travis/build/icyphy/ptII/ptolemy/actor/lib/test/auto/DiscreteClock6.xml
----------------- Instantiating /home/travis/build/icyphy/ptII/ptolemy/actor/lib/test/auto/DiscreteClock6.xml
2 ms. Memory: 579584K Free: 526508K (91%)
----------------- Invoking toplevel() on ptolemy.moml.MoMLSimpleApplication@24499a02
----------------- Done invoking toplevel() on ptolemy.moml.MoMLSimpleApplication@24499a02
reloadAllAccessors: .DiscreteClock6

===========================================================================================
----------------- testing Fri Sep 27 05:52:12 UTC 2019 /home/travis/build/icyphy/ptII/ptolemy/actor/lib/test/auto/DiscreteClock7.xml
----------------- Instantiating /home/travis/build/icyphy/ptII/ptolemy/actor/lib/test/auto/DiscreteClock7.xml
1 ms. Memory: 579584K Free: 521388K (90%)
----------------- Invoking toplevel() on ptolemy.moml.MoMLSimpleApplication@6b2c312e
----------------- Done invoking toplevel() on ptolemy.moml.MoMLSimpleApplication@6b2c312e
reloadAllAccessors: .DiscreteClock7

===========================================================================================
----------------- testing Fri Sep 27 05:52:12 UTC 2019 /home/travis/build/icyphy/ptII/ptolemy/actor/lib/test/auto/DiscreteClock8.xml
----------------- Instantiating /home/travis/build/icyphy/ptII/ptolemy/actor/lib/test/auto/DiscreteClock8.xml
5 ms. Memory: 579584K Free: 515758K (89%)
----------------- Invoking toplevel() on ptolemy.moml.MoMLSimpleApplication@337099fa
----------------- Done invoking toplevel() on ptolemy.moml.MoMLSimpleApplication@337099fa
reloadAllAccessors: .DiscreteClock8

===========================================================================================
----------------- testing Fri Sep 27 05:52:12 UTC 2019 /home/travis/build/icyphy/ptII/ptolemy/actor/lib/test/auto/DiscreteClock9.xml
----------------- Instantiating /home/travis/build/icyphy/ptII/ptolemy/actor/lib/test/auto/DiscreteClock9.xml
5 ms. Memory: 579584K Free: 510094K (88%)
----------------- Invoking toplevel() on ptolemy.moml.MoMLSimpleApplication@11d76a1c
----------------- Done invoking toplevel() on ptolemy.moml.MoMLSimpleApplication@11d76a1c
reloadAllAccessors: .DiscreteClock9

===========================================================================================
----------------- testing Fri Sep 27 05:52:12 UTC 2019 /home/travis/build/icyphy/ptII/ptolemy/actor/lib/test/auto/DisplayArray.xml
----------------- Instantiating /home/travis/build/icyphy/ptII/ptolemy/actor/lib/test/auto/DisplayArray.xml
4 ms. Memory: 579584K Free: 506542K (87%)
----------------- Invoking toplevel() on ptolemy.moml.MoMLSimpleApplication@5ca482ec
----------------- Done invoking toplevel() on ptolemy.moml.MoMLSimpleApplication@5ca482ec
reloadAllAccessors: .DisplayArray

===========================================================================================
----------------- testing Fri Sep 27 05:52:12 UTC 2019 /home/travis/build/icyphy/ptII/ptolemy/actor/lib/test/auto/Distributor.xml
----------------- Instantiating /home/travis/build/icyphy/ptII/ptolemy/actor/lib/test/auto/Distributor.xml
2 ms. Memory: 579584K Free: 501932K (87%)
----------------- Invoking toplevel() on ptolemy.moml.MoMLSimpleApplication@22fceb3
----------------- Done invoking toplevel() on ptolemy.moml.MoMLSimpleApplication@22fceb3
reloadAllAccessors: .Distributor

===========================================================================================
----------------- testing Fri Sep 27 05:52:12 UTC 2019 /home/travis/build/icyphy/ptII/ptolemy/actor/lib/test/auto/Distributor2.xml
----------------- Instantiating /home/travis/build/icyphy/ptII/ptolemy/actor/lib/test/auto/Distributor2.xml
2 ms. Memory: 579584K Free: 496812K (86%)
----------------- Invoking toplevel() on ptolemy.moml.MoMLSimpleApplication@5dcd549d
----------------- Done invoking toplevel() on ptolemy.moml.MoMLSimpleApplication@5dcd549d
reloadAllAccessors: .Distributor2

===========================================================================================
----------------- testing Fri Sep 27 05:52:13 UTC 2019 /home/travis/build/icyphy/ptII/ptolemy/actor/lib/test/auto/DownSample.xml
----------------- Instantiating /home/travis/build/icyphy/ptII/ptolemy/actor/lib/test/auto/DownSample.xml
2 ms. Memory: 579584K Free: 492206K (85%)
----------------- Invoking toplevel() on ptolemy.moml.MoMLSimpleApplication@48f8c59c
----------------- Done invoking toplevel() on ptolemy.moml.MoMLSimpleApplication@48f8c59c
reloadAllAccessors: .DownSample

===========================================================================================
----------------- testing Fri Sep 27 05:52:13 UTC 2019 /home/travis/build/icyphy/ptII/ptolemy/actor/lib/test/auto/ElectronicUnitBase1.xml
----------------- Instantiating /home/travis/build/icyphy/ptII/ptolemy/actor/lib/test/auto/ElectronicUnitBase1.xml
18 ms. Memory: 579584K Free: 476846K (82%)
----------------- Invoking toplevel() on ptolemy.moml.MoMLSimpleApplication@3e5819ea
----------------- Done invoking toplevel() on ptolemy.moml.MoMLSimpleApplication@3e5819ea
reloadAllAccessors: .ElectronicUnitBase1

===========================================================================================
----------------- testing Fri Sep 27 05:52:13 UTC 2019 /home/travis/build/icyphy/ptII/ptolemy/actor/lib/test/auto/ElementsToArray.xml
----------------- Instantiating /home/travis/build/icyphy/ptII/ptolemy/actor/lib/test/auto/ElementsToArray.xml
3 ms. Memory: 579584K Free: 471726K (81%)
----------------- Invoking toplevel() on ptolemy.moml.MoMLSimpleApplication@101d5f21
----------------- Done invoking toplevel() on ptolemy.moml.MoMLSimpleApplication@101d5f21
reloadAllAccessors: .ElementsToArray

===========================================================================================
----------------- testing Fri Sep 27 05:52:13 UTC 2019 /home/travis/build/icyphy/ptII/ptolemy/actor/lib/test/auto/Equals.xml
----------------- Instantiating /home/travis/build/icyphy/ptII/ptolemy/actor/lib/test/auto/Equals.xml
4 ms. Memory: 579584K Free: 467116K (81%)
----------------- Invoking toplevel() on ptolemy.moml.MoMLSimpleApplication@6f3813c1
----------------- Done invoking toplevel() on ptolemy.moml.MoMLSimpleApplication@6f3813c1
reloadAllAccessors: .Equals

===========================================================================================
----------------- testing Fri Sep 27 05:52:13 UTC 2019 /home/travis/build/icyphy/ptII/ptolemy/actor/lib/test/auto/Exec.xml
----------------- Instantiating /home/travis/build/icyphy/ptII/ptolemy/actor/lib/test/auto/Exec.xml
21 ms. Memory: 579584K Free: 460972K (80%)
----------------- Invoking toplevel() on ptolemy.moml.MoMLSimpleApplication@2ebc14a8
----------------- Done invoking toplevel() on ptolemy.moml.MoMLSimpleApplication@2ebc14a8
reloadAllAccessors: .Exec

===========================================================================================
----------------- testing Fri Sep 27 05:52:13 UTC 2019 /home/travis/build/icyphy/ptII/ptolemy/actor/lib/test/auto/ExecEnvironment.xml
----------------- Instantiating /home/travis/build/icyphy/ptII/ptolemy/actor/lib/test/auto/ExecEnvironment.xml
25 ms. Memory: 579584K Free: 455838K (79%)
----------------- Invoking toplevel() on ptolemy.moml.MoMLSimpleApplication@4ae7de2c
----------------- Done invoking toplevel() on ptolemy.moml.MoMLSimpleApplication@4ae7de2c
reloadAllAccessors: .ExecEnvironment

===========================================================================================
----------------- testing Fri Sep 27 05:52:13 UTC 2019 /home/travis/build/icyphy/ptII/ptolemy/actor/lib/test/auto/ExecNonZeroReturnOutput.xml
----------------- Instantiating /home/travis/build/icyphy/ptII/ptolemy/actor/lib/test/auto/ExecNonZeroReturnOutput.xml
202 ms. Memory: 579584K Free: 444588K (77%)
----------------- Invoking toplevel() on ptolemy.moml.MoMLSimpleApplication@23d91f4c
----------------- Done invoking toplevel() on ptolemy.moml.MoMLSimpleApplication@23d91f4c
reloadAllAccessors: .ExecNonZeroReturnOutput

===========================================================================================
----------------- testing Fri Sep 27 05:52:13 UTC 2019 /home/travis/build/icyphy/ptII/ptolemy/actor/lib/test/auto/ExecRunDemos.xml
----------------- Instantiating /home/travis/build/icyphy/ptII/ptolemy/actor/lib/test/auto/ExecRunDemos.xml
Finished: 81 ms. Memory: 120832K Free: 104609K (87%)

Finished: 97 ms. Memory: 120832K Free: 110752K (92%)

Finished: 114 ms. Memory: 120832K Free: 110757K (92%)

Finished: 77 ms. Memory: 120832K Free: 103147K (85%)

Finished: 77 ms. Memory: 120832K Free: 103810K (86%)

11320 ms. Memory: 579584K Free: 423084K (73%)
----------------- Invoking toplevel() on ptolemy.moml.MoMLSimpleApplication@310fed34
----------------- Done invoking toplevel() on ptolemy.moml.MoMLSimpleApplication@310fed34
reloadAllAccessors: .ExecRunDemos

===========================================================================================
----------------- testing Fri Sep 27 05:52:24 UTC 2019 /home/travis/build/icyphy/ptII/ptolemy/actor/lib/test/auto/ExecStop.xml
----------------- Instantiating /home/travis/build/icyphy/ptII/ptolemy/actor/lib/test/auto/ExecStop.xml
5023 ms. Memory: 579584K Free: 304814K (53%)
----------------- Invoking toplevel() on ptolemy.moml.MoMLSimpleApplication@176e8f50
----------------- Done invoking toplevel() on ptolemy.moml.MoMLSimpleApplication@176e8f50
reloadAllAccessors: .ExecStop

===========================================================================================
----------------- testing Fri Sep 27 05:52:29 UTC 2019 /home/travis/build/icyphy/ptII/ptolemy/actor/lib/test/auto/ExecutionTimeSDF.xml
----------------- Instantiating /home/travis/build/icyphy/ptII/ptolemy/actor/lib/test/auto/ExecutionTimeSDF.xml
Fired ExecutionTime: -2104567296
Fired ExecutionTime: 1039600000
Fired ExecutionTime: 1082000000
6006 ms. Memory: 579584K Free: 292526K (50%)
----------------- Invoking toplevel() on ptolemy.moml.MoMLSimpleApplication@230ba300
----------------- Done invoking toplevel() on ptolemy.moml.MoMLSimpleApplication@230ba300
reloadAllAccessors: .ExecutionTimeSDF

===========================================================================================
----------------- testing Fri Sep 27 05:52:35 UTC 2019 /home/travis/build/icyphy/ptII/ptolemy/actor/lib/test/auto/Expression1.xml
----------------- Instantiating /home/travis/build/icyphy/ptII/ptolemy/actor/lib/test/auto/Expression1.xml
4 ms. Memory: 579584K Free: 289454K (50%)
----------------- Invoking toplevel() on ptolemy.moml.MoMLSimpleApplication@144e0953
----------------- Done invoking toplevel() on ptolemy.moml.MoMLSimpleApplication@144e0953
reloadAllAccessors: .Expression1

===========================================================================================
----------------- testing Fri Sep 27 05:52:35 UTC 2019 /home/travis/build/icyphy/ptII/ptolemy/actor/lib/test/auto/Expression10.xml
----------------- Instantiating /home/travis/build/icyphy/ptII/ptolemy/actor/lib/test/auto/Expression10.xml
10 ms. Memory: 579584K Free: 283820K (49%)
----------------- Invoking toplevel() on ptolemy.moml.MoMLSimpleApplication@7e7292fc
----------------- Done invoking toplevel() on ptolemy.moml.MoMLSimpleApplication@7e7292fc
reloadAllAccessors: .Expression10

===========================================================================================
----------------- testing Fri Sep 27 05:52:35 UTC 2019 /home/travis/build/icyphy/ptII/ptolemy/actor/lib/test/auto/Expression11.xml
----------------- Instantiating /home/travis/build/icyphy/ptII/ptolemy/actor/lib/test/auto/Expression11.xml
2 ms. Memory: 579584K Free: 279724K (48%)
----------------- Invoking toplevel() on ptolemy.moml.MoMLSimpleApplication@5e844a67
----------------- Done invoking toplevel() on ptolemy.moml.MoMLSimpleApplication@5e844a67
reloadAllAccessors: .Expression11

===========================================================================================
----------------- testing Fri Sep 27 05:52:35 UTC 2019 /home/travis/build/icyphy/ptII/ptolemy/actor/lib/test/auto/Expression12.xml
----------------- Instantiating /home/travis/build/icyphy/ptII/ptolemy/actor/lib/test/auto/Expression12.xml
2 ms. Memory: 579584K Free: 274094K (47%)
----------------- Invoking toplevel() on ptolemy.moml.MoMLSimpleApplication@5a35f4f3
----------------- Done invoking toplevel() on ptolemy.moml.MoMLSimpleApplication@5a35f4f3
reloadAllAccessors: .Expression12

===========================================================================================
----------------- testing Fri Sep 27 05:52:36 UTC 2019 /home/travis/build/icyphy/ptII/ptolemy/actor/lib/test/auto/Expression13.xml
----------------- Instantiating /home/travis/build/icyphy/ptII/ptolemy/actor/lib/test/auto/Expression13.xml
4 ms. Memory: 579584K Free: 268974K (46%)
----------------- Invoking toplevel() on ptolemy.moml.MoMLSimpleApplication@5919eac
----------------- Done invoking toplevel() on ptolemy.moml.MoMLSimpleApplication@5919eac
reloadAllAccessors: .Expression13

===========================================================================================
----------------- testing Fri Sep 27 05:52:36 UTC 2019 /home/travis/build/icyphy/ptII/ptolemy/actor/lib/test/auto/Expression14.xml
----------------- Instantiating /home/travis/build/icyphy/ptII/ptolemy/actor/lib/test/auto/Expression14.xml
5 ms. Memory: 579584K Free: 263340K (45%)
----------------- Invoking toplevel() on ptolemy.moml.MoMLSimpleApplication@8c0d63b
----------------- Done invoking toplevel() on ptolemy.moml.MoMLSimpleApplication@8c0d63b
reloadAllAccessors: .Expression14

===========================================================================================
----------------- testing Fri Sep 27 05:52:36 UTC 2019 /home/travis/build/icyphy/ptII/ptolemy/actor/lib/test/auto/Expression15.xml
----------------- Instantiating /home/travis/build/icyphy/ptII/ptolemy/actor/lib/test/auto/Expression15.xml
2 ms. Memory: 579584K Free: 259244K (45%)
----------------- Invoking toplevel() on ptolemy.moml.MoMLSimpleApplication@506acead
----------------- Done invoking toplevel() on ptolemy.moml.MoMLSimpleApplication@506acead
reloadAllAccessors: .Expression15

===========================================================================================
----------------- testing Fri Sep 27 05:52:36 UTC 2019 /home/travis/build/icyphy/ptII/ptolemy/actor/lib/test/auto/Expression16.xml
----------------- Instantiating /home/travis/build/icyphy/ptII/ptolemy/actor/lib/test/auto/Expression16.xml
2 ms. Memory: 579584K Free: 254638K (44%)
----------------- Invoking toplevel() on ptolemy.moml.MoMLSimpleApplication@6c6b8ee1
----------------- Done invoking toplevel() on ptolemy.moml.MoMLSimpleApplication@6c6b8ee1
reloadAllAccessors: .Expression16

===========================================================================================
----------------- testing Fri Sep 27 05:52:36 UTC 2019 /home/travis/build/icyphy/ptII/ptolemy/actor/lib/test/auto/Expression17.xml
----------------- Instantiating /home/travis/build/icyphy/ptII/ptolemy/actor/lib/test/auto/Expression17.xml
2 ms. Memory: 579584K Free: 249518K (43%)
----------------- Invoking toplevel() on ptolemy.moml.MoMLSimpleApplication@bf93073
----------------- Done invoking toplevel() on ptolemy.moml.MoMLSimpleApplication@bf93073
reloadAllAccessors: .Expression17

===========================================================================================
----------------- testing Fri Sep 27 05:52:36 UTC 2019 /home/travis/build/icyphy/ptII/ptolemy/actor/lib/test/auto/Expression18.xml
----------------- Instantiating /home/travis/build/icyphy/ptII/ptolemy/actor/lib/test/auto/Expression18.xml
2 ms. Memory: 579584K Free: 244908K (42%)
----------------- Invoking toplevel() on ptolemy.moml.MoMLSimpleApplication@a037ed7
----------------- Done invoking toplevel() on ptolemy.moml.MoMLSimpleApplication@a037ed7
reloadAllAccessors: .Expression18

===========================================================================================
----------------- testing Fri Sep 27 05:52:36 UTC 2019 /home/travis/build/icyphy/ptII/ptolemy/actor/lib/test/auto/Expression2.xml
----------------- Instantiating /home/travis/build/icyphy/ptII/ptolemy/actor/lib/test/auto/Expression2.xml
4 ms. Memory: 579584K Free: 239788K (41%)
----------------- Invoking toplevel() on ptolemy.moml.MoMLSimpleApplication@2de660af
----------------- Done invoking toplevel() on ptolemy.moml.MoMLSimpleApplication@2de660af
reloadAllAccessors: .Expression2

===========================================================================================
----------------- testing Fri Sep 27 05:52:36 UTC 2019 /home/travis/build/icyphy/ptII/ptolemy/actor/lib/test/auto/Expression3.xml
----------------- Instantiating /home/travis/build/icyphy/ptII/ptolemy/actor/lib/test/auto/Expression3.xml
3 ms. Memory: 579584K Free: 234668K (40%)
----------------- Invoking toplevel() on ptolemy.moml.MoMLSimpleApplication@6f2258d9
----------------- Done invoking toplevel() on ptolemy.moml.MoMLSimpleApplication@6f2258d9
reloadAllAccessors: .Expression3

===========================================================================================
----------------- testing Fri Sep 27 05:52:36 UTC 2019 /home/travis/build/icyphy/ptII/ptolemy/actor/lib/test/auto/Expression4.xml
----------------- Instantiating /home/travis/build/icyphy/ptII/ptolemy/actor/lib/test/auto/Expression4.xml
7 ms. Memory: 579584K Free: 227500K (39%)
----------------- Invoking toplevel() on ptolemy.moml.MoMLSimpleApplication@4d4c8e17
----------------- Done invoking toplevel() on ptolemy.moml.MoMLSimpleApplication@4d4c8e17
reloadAllAccessors: .Expression4

===========================================================================================
----------------- testing Fri Sep 27 05:52:36 UTC 2019 /home/travis/build/icyphy/ptII/ptolemy/actor/lib/test/auto/Expression5.xml
----------------- Instantiating /home/travis/build/icyphy/ptII/ptolemy/actor/lib/test/auto/Expression5.xml
4 ms. Memory: 579584K Free: 222380K (38%)
----------------- Invoking toplevel() on ptolemy.moml.MoMLSimpleApplication@50c4a17d
----------------- Done invoking toplevel() on ptolemy.moml.MoMLSimpleApplication@50c4a17d
reloadAllAccessors: .Expression5

===========================================================================================
----------------- testing Fri Sep 27 05:52:36 UTC 2019 /home/travis/build/icyphy/ptII/ptolemy/actor/lib/test/auto/Expression6.xml
----------------- Instantiating /home/travis/build/icyphy/ptII/ptolemy/actor/lib/test/auto/Expression6.xml
2 ms. Memory: 579584K Free: 218284K (38%)
----------------- Invoking toplevel() on ptolemy.moml.MoMLSimpleApplication@3cad3fd0
----------------- Done invoking toplevel() on ptolemy.moml.MoMLSimpleApplication@3cad3fd0
reloadAllAccessors: .Expression6

===========================================================================================
----------------- testing Fri Sep 27 05:52:36 UTC 2019 /home/travis/build/icyphy/ptII/ptolemy/actor/lib/test/auto/Expression7.xml
----------------- Instantiating /home/travis/build/icyphy/ptII/ptolemy/actor/lib/test/auto/Expression7.xml
3 ms. Memory: 579584K Free: 213164K (37%)
----------------- Invoking toplevel() on ptolemy.moml.MoMLSimpleApplication@77489784
----------------- Done invoking toplevel() on ptolemy.moml.MoMLSimpleApplication@77489784
reloadAllAccessors: .Expression7

===========================================================================================
----------------- testing Fri Sep 27 05:52:36 UTC 2019 /home/travis/build/icyphy/ptII/ptolemy/actor/lib/test/auto/Expression8.xml
----------------- Instantiating /home/travis/build/icyphy/ptII/ptolemy/actor/lib/test/auto/Expression8.xml
10 ms. Memory: 579584K Free: 208044K (36%)
----------------- Invoking toplevel() on ptolemy.moml.MoMLSimpleApplication@dc70758
----------------- Done invoking toplevel() on ptolemy.moml.MoMLSimpleApplication@dc70758
reloadAllAccessors: .Expression8

===========================================================================================
----------------- testing Fri Sep 27 05:52:36 UTC 2019 /home/travis/build/icyphy/ptII/ptolemy/actor/lib/test/auto/Expression9.xml
----------------- Instantiating /home/travis/build/icyphy/ptII/ptolemy/actor/lib/test/auto/Expression9.xml
1 ms. Memory: 579584K Free: 204462K (35%)
----------------- Invoking toplevel() on ptolemy.moml.MoMLSimpleApplication@448746b2
----------------- Done invoking toplevel() on ptolemy.moml.MoMLSimpleApplication@448746b2
reloadAllAccessors: .Expression9

===========================================================================================
----------------- testing Fri Sep 27 05:52:36 UTC 2019 /home/travis/build/icyphy/ptII/ptolemy/actor/lib/test/auto/ExpressionConcatenateArrayType.xml
----------------- Instantiating /home/travis/build/icyphy/ptII/ptolemy/actor/lib/test/auto/ExpressionConcatenateArrayType.xml
3 ms. Memory: 579584K Free: 197804K (34%)
----------------- Invoking toplevel() on ptolemy.moml.MoMLSimpleApplication@2e6d0d33
----------------- Done invoking toplevel() on ptolemy.moml.MoMLSimpleApplication@2e6d0d33
reloadAllAccessors: .ExpressionConcatenateArrayType

===========================================================================================
----------------- testing Fri Sep 27 05:52:36 UTC 2019 /home/travis/build/icyphy/ptII/ptolemy/actor/lib/test/auto/ExpressionConcatenateArrayType2.xml
----------------- Instantiating /home/travis/build/icyphy/ptII/ptolemy/actor/lib/test/auto/ExpressionConcatenateArrayType2.xml
3 ms. Memory: 579584K Free: 191660K (33%)
----------------- Invoking toplevel() on ptolemy.moml.MoMLSimpleApplication@423eeac5
----------------- Done invoking toplevel() on ptolemy.moml.MoMLSimpleApplication@423eeac5
reloadAllAccessors: .ExpressionConcatenateArrayType2

===========================================================================================
----------------- testing Fri Sep 27 05:52:36 UTC 2019 /home/travis/build/icyphy/ptII/ptolemy/actor/lib/test/auto/ExpressionFix.xml
----------------- Instantiating /home/travis/build/icyphy/ptII/ptolemy/actor/lib/test/auto/ExpressionFix.xml
30 ms. Memory: 579584K Free: 530332K (92%)
----------------- Invoking toplevel() on ptolemy.moml.MoMLSimpleApplication@1ffd09c3
----------------- Done invoking toplevel() on ptolemy.moml.MoMLSimpleApplication@1ffd09c3
reloadAllAccessors: .ExpressionFix

===========================================================================================
----------------- testing Fri Sep 27 05:52:36 UTC 2019 /home/travis/build/icyphy/ptII/ptolemy/actor/lib/test/auto/ExpressionFix2.xml
----------------- Instantiating /home/travis/build/icyphy/ptII/ptolemy/actor/lib/test/auto/ExpressionFix2.xml
4 ms. Memory: 579584K Free: 525726K (91%)
----------------- Invoking toplevel() on ptolemy.moml.MoMLSimpleApplication@6bc71c3
----------------- Done invoking toplevel() on ptolemy.moml.MoMLSimpleApplication@6bc71c3
reloadAllAccessors: .ExpressionFix2

===========================================================================================
----------------- testing Fri Sep 27 05:52:36 UTC 2019 /home/travis/build/icyphy/ptII/ptolemy/actor/lib/test/auto/ExpressionFix3.xml
----------------- Instantiating /home/travis/build/icyphy/ptII/ptolemy/actor/lib/test/auto/ExpressionFix3.xml
4 ms. Memory: 579584K Free: 521630K (90%)
----------------- Invoking toplevel() on ptolemy.moml.MoMLSimpleApplication@6cb8912b
----------------- Done invoking toplevel() on ptolemy.moml.MoMLSimpleApplication@6cb8912b
reloadAllAccessors: .ExpressionFix3

===========================================================================================
----------------- testing Fri Sep 27 05:52:36 UTC 2019 /home/travis/build/icyphy/ptII/ptolemy/actor/lib/test/auto/FileWriter1.xml
----------------- Instantiating /home/travis/build/icyphy/ptII/ptolemy/actor/lib/test/auto/FileWriter1.xml
4 ms. Memory: 579584K Free: 517534K (89%)
----------------- Invoking toplevel() on ptolemy.moml.MoMLSimpleApplication@1be118b5
----------------- Done invoking toplevel() on ptolemy.moml.MoMLSimpleApplication@1be118b5
reloadAllAccessors: .FileWriter1

===========================================================================================
----------------- testing Fri Sep 27 05:52:36 UTC 2019 /home/travis/build/icyphy/ptII/ptolemy/actor/lib/test/auto/FileWriter2.xml
----------------- Instantiating /home/travis/build/icyphy/ptII/ptolemy/actor/lib/test/auto/FileWriter2.xml
3 ms. Memory: 579584K Free: 512924K (88%)
----------------- Invoking toplevel() on ptolemy.moml.MoMLSimpleApplication@7c23f7f8
----------------- Done invoking toplevel() on ptolemy.moml.MoMLSimpleApplication@7c23f7f8
reloadAllAccessors: .FileWriter2

===========================================================================================
----------------- testing Fri Sep 27 05:52:36 UTC 2019 /home/travis/build/icyphy/ptII/ptolemy/actor/lib/test/auto/FileWriter3.xml
----------------- Instantiating /home/travis/build/icyphy/ptII/ptolemy/actor/lib/test/auto/FileWriter3.xml
5 ms. Memory: 579584K Free: 509342K (88%)
----------------- Invoking toplevel() on ptolemy.moml.MoMLSimpleApplication@58bb3a70
----------------- Done invoking toplevel() on ptolemy.moml.MoMLSimpleApplication@58bb3a70
reloadAllAccessors: .FileWriter3

===========================================================================================
----------------- testing Fri Sep 27 05:52:36 UTC 2019 /home/travis/build/icyphy/ptII/ptolemy/actor/lib/test/auto/Gaussian.xml
----------------- Instantiating /home/travis/build/icyphy/ptII/ptolemy/actor/lib/test/auto/Gaussian.xml
2 ms. Memory: 579584K Free: 504732K (87%)
----------------- Invoking toplevel() on ptolemy.moml.MoMLSimpleApplication@2c3f08e1
----------------- Done invoking toplevel() on ptolemy.moml.MoMLSimpleApplication@2c3f08e1
reloadAllAccessors: .Gaussian

===========================================================================================
----------------- testing Fri Sep 27 05:52:36 UTC 2019 /home/travis/build/icyphy/ptII/ptolemy/actor/lib/test/auto/Gaussian1.xml
----------------- Instantiating /home/travis/build/icyphy/ptII/ptolemy/actor/lib/test/auto/Gaussian1.xml
8 ms. Memory: 579584K Free: 499102K (86%)
----------------- Invoking toplevel() on ptolemy.moml.MoMLSimpleApplication@40eb603a
----------------- Done invoking toplevel() on ptolemy.moml.MoMLSimpleApplication@40eb603a
reloadAllAccessors: .Gaussian1

===========================================================================================
----------------- testing Fri Sep 27 05:52:36 UTC 2019 /home/travis/build/icyphy/ptII/ptolemy/actor/lib/test/auto/Gaussian2.xml
----------------- Instantiating /home/travis/build/icyphy/ptII/ptolemy/actor/lib/test/auto/Gaussian2.xml
2 ms. Memory: 579584K Free: 493982K (85%)
----------------- Invoking toplevel() on ptolemy.moml.MoMLSimpleApplication@70bc3f33
----------------- Done invoking toplevel() on ptolemy.moml.MoMLSimpleApplication@70bc3f33
reloadAllAccessors: .Gaussian2

===========================================================================================
----------------- testing Fri Sep 27 05:52:36 UTC 2019 /home/travis/build/icyphy/ptII/ptolemy/actor/lib/test/auto/GradientAdaptiveLattice.xml
----------------- Instantiating /home/travis/build/icyphy/ptII/ptolemy/actor/lib/test/auto/GradientAdaptiveLattice.xml
3 ms. Memory: 579584K Free: 488862K (84%)
----------------- Invoking toplevel() on ptolemy.moml.MoMLSimpleApplication@51aada8d
----------------- Done invoking toplevel() on ptolemy.moml.MoMLSimpleApplication@51aada8d
reloadAllAccessors: .GradientAdaptiveLattice

===========================================================================================
----------------- testing Fri Sep 27 05:52:36 UTC 2019 /home/travis/build/icyphy/ptII/ptolemy/actor/lib/test/auto/IIR.xml
----------------- Instantiating /home/travis/build/icyphy/ptII/ptolemy/actor/lib/test/auto/IIR.xml
1 ms. Memory: 579584K Free: 484766K (84%)
----------------- Invoking toplevel() on ptolemy.moml.MoMLSimpleApplication@3967007a
----------------- Done invoking toplevel() on ptolemy.moml.MoMLSimpleApplication@3967007a
reloadAllAccessors: .IIR

===========================================================================================
----------------- testing Fri Sep 27 05:52:36 UTC 2019 /home/travis/build/icyphy/ptII/ptolemy/actor/lib/test/auto/InputOutputTransparentPorts.xml
----------------- Instantiating /home/travis/build/icyphy/ptII/ptolemy/actor/lib/test/auto/InputOutputTransparentPorts.xml
4 ms. Memory: 579584K Free: 477084K (82%)
----------------- Invoking toplevel() on ptolemy.moml.MoMLSimpleApplication@2b544bcc
----------------- Done invoking toplevel() on ptolemy.moml.MoMLSimpleApplication@2b544bcc
reloadAllAccessors: .InputOutputTransparentPorts

===========================================================================================
----------------- testing Fri Sep 27 05:52:36 UTC 2019 /home/travis/build/icyphy/ptII/ptolemy/actor/lib/test/auto/Interpolator.xml
----------------- Instantiating /home/travis/build/icyphy/ptII/ptolemy/actor/lib/test/auto/Interpolator.xml
5 ms. Memory: 579584K Free: 471964K (81%)
----------------- Invoking toplevel() on ptolemy.moml.MoMLSimpleApplication@74b5f637
----------------- Done invoking toplevel() on ptolemy.moml.MoMLSimpleApplication@74b5f637
reloadAllAccessors: .Interpolator

===========================================================================================
----------------- testing Fri Sep 27 05:52:36 UTC 2019 /home/travis/build/icyphy/ptII/ptolemy/actor/lib/test/auto/InterpolatorFiringLimitDE.xml
----------------- Instantiating /home/travis/build/icyphy/ptII/ptolemy/actor/lib/test/auto/InterpolatorFiringLimitDE.xml
3 ms. Memory: 579584K Free: 465820K (80%)
----------------- Invoking toplevel() on ptolemy.moml.MoMLSimpleApplication@29f92f13
----------------- Done invoking toplevel() on ptolemy.moml.MoMLSimpleApplication@29f92f13
reloadAllAccessors: .InterpolatorFiringLimitDE

===========================================================================================
----------------- testing Fri Sep 27 05:52:36 UTC 2019 /home/travis/build/icyphy/ptII/ptolemy/actor/lib/test/auto/Lattice.xml
----------------- Instantiating /home/travis/build/icyphy/ptII/ptolemy/actor/lib/test/auto/Lattice.xml
2 ms. Memory: 579584K Free: 461724K (80%)
----------------- Invoking toplevel() on ptolemy.moml.MoMLSimpleApplication@4ff7bdf
----------------- Done invoking toplevel() on ptolemy.moml.MoMLSimpleApplication@4ff7bdf
reloadAllAccessors: .Lattice

===========================================================================================
----------------- testing Fri Sep 27 05:52:36 UTC 2019 /home/travis/build/icyphy/ptII/ptolemy/actor/lib/test/auto/LazyAOCTestLazy.xml
----------------- Instantiating /home/travis/build/icyphy/ptII/ptolemy/actor/lib/test/auto/LazyAOCTestLazy.xml
9 ms. Memory: 579584K Free: 455565K (79%)
----------------- Invoking toplevel() on ptolemy.moml.MoMLSimpleApplication@5be104cd
----------------- Done invoking toplevel() on ptolemy.moml.MoMLSimpleApplication@5be104cd
reloadAllAccessors: .LazyAOCTestLazy

===========================================================================================
----------------- testing Fri Sep 27 05:52:36 UTC 2019 /home/travis/build/icyphy/ptII/ptolemy/actor/lib/test/auto/LazyAOCTestNonLazy.xml
----------------- Instantiating /home/travis/build/icyphy/ptII/ptolemy/actor/lib/test/auto/LazyAOCTestNonLazy.xml
3 ms. Memory: 579584K Free: 449436K (78%)
----------------- Invoking toplevel() on ptolemy.moml.MoMLSimpleApplication@15734ccd
----------------- Done invoking toplevel() on ptolemy.moml.MoMLSimpleApplication@15734ccd
reloadAllAccessors: .LazyAOCTestNonLazy

===========================================================================================
----------------- testing Fri Sep 27 05:52:36 UTC 2019 /home/travis/build/icyphy/ptII/ptolemy/actor/lib/test/auto/LazyInnerClass.xml
----------------- Instantiating /home/travis/build/icyphy/ptII/ptolemy/actor/lib/test/auto/LazyInnerClass.xml
25 ms. Memory: 579584K Free: 440734K (76%)
----------------- Invoking toplevel() on ptolemy.moml.MoMLSimpleApplication@6e897403
----------------- Done invoking toplevel() on ptolemy.moml.MoMLSimpleApplication@6e897403
reloadAllAccessors: .LazyInnerClass

===========================================================================================
----------------- testing Fri Sep 27 05:52:36 UTC 2019 /home/travis/build/icyphy/ptII/ptolemy/actor/lib/test/auto/LazyPubSub.xml
----------------- Instantiating /home/travis/build/icyphy/ptII/ptolemy/actor/lib/test/auto/LazyPubSub.xml
12 ms. Memory: 579584K Free: 430494K (74%)
----------------- Invoking toplevel() on ptolemy.moml.MoMLSimpleApplication@542f3a01
----------------- Done invoking toplevel() on ptolemy.moml.MoMLSimpleApplication@542f3a01
reloadAllAccessors: .LazyPubSub

===========================================================================================
----------------- testing Fri Sep 27 05:52:36 UTC 2019 /home/travis/build/icyphy/ptII/ptolemy/actor/lib/test/auto/LazyPubSub2.xml
----------------- Instantiating /home/travis/build/icyphy/ptII/ptolemy/actor/lib/test/auto/LazyPubSub2.xml
27 ms. Memory: 579584K Free: 420254K (73%)
----------------- Invoking toplevel() on ptolemy.moml.MoMLSimpleApplication@4ce236b6
----------------- Done invoking toplevel() on ptolemy.moml.MoMLSimpleApplication@4ce236b6
reloadAllAccessors: .LazyPubSub2

===========================================================================================
----------------- testing Fri Sep 27 05:52:36 UTC 2019 /home/travis/build/icyphy/ptII/ptolemy/actor/lib/test/auto/LazyPubSub3.xml
----------------- Instantiating /home/travis/build/icyphy/ptII/ptolemy/actor/lib/test/auto/LazyPubSub3.xml
16 ms. Memory: 579584K Free: 410524K (71%)
----------------- Invoking toplevel() on ptolemy.moml.MoMLSimpleApplication@37455254
----------------- Done invoking toplevel() on ptolemy.moml.MoMLSimpleApplication@37455254
reloadAllAccessors: .LazyPubSub3

===========================================================================================
----------------- testing Fri Sep 27 05:52:36 UTC 2019 /home/travis/build/icyphy/ptII/ptolemy/actor/lib/test/auto/LazySubClassModel.xml
----------------- Instantiating /home/travis/build/icyphy/ptII/ptolemy/actor/lib/test/auto/LazySubClassModel.xml
2 ms. Memory: 579584K Free: 401308K (69%)
----------------- Invoking toplevel() on ptolemy.moml.MoMLSimpleApplication@331b9b88
----------------- Done invoking toplevel() on ptolemy.moml.MoMLSimpleApplication@331b9b88
reloadAllAccessors: .LazySubClassModel

===========================================================================================
----------------- testing Fri Sep 27 05:52:36 UTC 2019 /home/travis/build/icyphy/ptII/ptolemy/actor/lib/test/auto/LevelCrossTest1.xml
----------------- Instantiating /home/travis/build/icyphy/ptII/ptolemy/actor/lib/test/auto/LevelCrossTest1.xml
1 ms. Memory: 579584K Free: 395678K (68%)
----------------- Invoking toplevel() on ptolemy.moml.MoMLSimpleApplication@24fda203
----------------- Done invoking toplevel() on ptolemy.moml.MoMLSimpleApplication@24fda203
reloadAllAccessors: .broken

===========================================================================================
----------------- testing Fri Sep 27 05:52:36 UTC 2019 /home/travis/build/icyphy/ptII/ptolemy/actor/lib/test/auto/LevelCrossTest10.xml
----------------- Instantiating /home/travis/build/icyphy/ptII/ptolemy/actor/lib/test/auto/LevelCrossTest10.xml
1 ms. Memory: 579584K Free: 389020K (67%)
----------------- Invoking toplevel() on ptolemy.moml.MoMLSimpleApplication@4d96c306
----------------- Done invoking toplevel() on ptolemy.moml.MoMLSimpleApplication@4d96c306
reloadAllAccessors: .LevelCrossTest10

===========================================================================================
----------------- testing Fri Sep 27 05:52:37 UTC 2019 /home/travis/build/icyphy/ptII/ptolemy/actor/lib/test/auto/LevelCrossTest11.xml
----------------- Instantiating /home/travis/build/icyphy/ptII/ptolemy/actor/lib/test/auto/LevelCrossTest11.xml
1 ms. Memory: 579584K Free: 381852K (66%)
----------------- Invoking toplevel() on ptolemy.moml.MoMLSimpleApplication@397c634
----------------- Done invoking toplevel() on ptolemy.moml.MoMLSimpleApplication@397c634
reloadAllAccessors: .LevelCrossTest11

===========================================================================================
----------------- testing Fri Sep 27 05:52:37 UTC 2019 /home/travis/build/icyphy/ptII/ptolemy/actor/lib/test/auto/LevelCrossTest12.xml
----------------- Instantiating /home/travis/build/icyphy/ptII/ptolemy/actor/lib/test/auto/LevelCrossTest12.xml
2 ms. Memory: 579584K Free: 374684K (65%)
----------------- Invoking toplevel() on ptolemy.moml.MoMLSimpleApplication@199bdd93
----------------- Done invoking toplevel() on ptolemy.moml.MoMLSimpleApplication@199bdd93
reloadAllAccessors: .LevelCrossTest12

===========================================================================================
----------------- testing Fri Sep 27 05:52:37 UTC 2019 /home/travis/build/icyphy/ptII/ptolemy/actor/lib/test/auto/LevelCrossTest13.xml
----------------- Instantiating /home/travis/build/icyphy/ptII/ptolemy/actor/lib/test/auto/LevelCrossTest13.xml
2 ms. Memory: 579584K Free: 367516K (63%)
----------------- Invoking toplevel() on ptolemy.moml.MoMLSimpleApplication@4a32d2cc
----------------- Done invoking toplevel() on ptolemy.moml.MoMLSimpleApplication@4a32d2cc
reloadAllAccessors: .LevelCrossTest13

===========================================================================================
----------------- testing Fri Sep 27 05:52:37 UTC 2019 /home/travis/build/icyphy/ptII/ptolemy/actor/lib/test/auto/LevelCrossTest2.xml
----------------- Instantiating /home/travis/build/icyphy/ptII/ptolemy/actor/lib/test/auto/LevelCrossTest2.xml
2 ms. Memory: 579584K Free: 361372K (62%)
----------------- Invoking toplevel() on ptolemy.moml.MoMLSimpleApplication@6883a68f
----------------- Done invoking toplevel() on ptolemy.moml.MoMLSimpleApplication@6883a68f
reloadAllAccessors: .broken

===========================================================================================
----------------- testing Fri Sep 27 05:52:37 UTC 2019 /home/travis/build/icyphy/ptII/ptolemy/actor/lib/test/auto/LevelCrossTest3.xml
----------------- Instantiating /home/travis/build/icyphy/ptII/ptolemy/actor/lib/test/auto/LevelCrossTest3.xml
1 ms. Memory: 579584K Free: 354718K (61%)
----------------- Invoking toplevel() on ptolemy.moml.MoMLSimpleApplication@2828c4a8
----------------- Done invoking toplevel() on ptolemy.moml.MoMLSimpleApplication@2828c4a8
reloadAllAccessors: .LevelCrossTest3

===========================================================================================
----------------- testing Fri Sep 27 05:52:37 UTC 2019 /home/travis/build/icyphy/ptII/ptolemy/actor/lib/test/auto/LevelCrossTest4.xml
----------------- Instantiating /home/travis/build/icyphy/ptII/ptolemy/actor/lib/test/auto/LevelCrossTest4.xml
1 ms. Memory: 579584K Free: 349598K (60%)
----------------- Invoking toplevel() on ptolemy.moml.MoMLSimpleApplication@220e6ffa
----------------- Done invoking toplevel() on ptolemy.moml.MoMLSimpleApplication@220e6ffa
reloadAllAccessors: .broken

===========================================================================================
----------------- testing Fri Sep 27 05:52:37 UTC 2019 /home/travis/build/icyphy/ptII/ptolemy/actor/lib/test/auto/LevelCrossTest5.xml
----------------- Instantiating /home/travis/build/icyphy/ptII/ptolemy/actor/lib/test/auto/LevelCrossTest5.xml
2 ms. Memory: 579584K Free: 342940K (59%)
----------------- Invoking toplevel() on ptolemy.moml.MoMLSimpleApplication@7417eb85
----------------- Done invoking toplevel() on ptolemy.moml.MoMLSimpleApplication@7417eb85
reloadAllAccessors: .LevelCrossTest5

===========================================================================================
----------------- testing Fri Sep 27 05:52:37 UTC 2019 /home/travis/build/icyphy/ptII/ptolemy/actor/lib/test/auto/LevelCrossTest6.xml
----------------- Instantiating /home/travis/build/icyphy/ptII/ptolemy/actor/lib/test/auto/LevelCrossTest6.xml
2 ms. Memory: 579584K Free: 335772K (58%)
----------------- Invoking toplevel() on ptolemy.moml.MoMLSimpleApplication@52eba53f
----------------- Done invoking toplevel() on ptolemy.moml.MoMLSimpleApplication@52eba53f
reloadAllAccessors: .LevelCrossTest6

===========================================================================================
----------------- testing Fri Sep 27 05:52:37 UTC 2019 /home/travis/build/icyphy/ptII/ptolemy/actor/lib/test/auto/LevelCrossTest7.xml
----------------- Instantiating /home/travis/build/icyphy/ptII/ptolemy/actor/lib/test/auto/LevelCrossTest7.xml
1 ms. Memory: 579584K Free: 328094K (57%)
----------------- Invoking toplevel() on ptolemy.moml.MoMLSimpleApplication@fd180f2
----------------- Done invoking toplevel() on ptolemy.moml.MoMLSimpleApplication@fd180f2
reloadAllAccessors: .LevelCrossTest7

===========================================================================================
----------------- testing Fri Sep 27 05:52:37 UTC 2019 /home/travis/build/icyphy/ptII/ptolemy/actor/lib/test/auto/LevelCrossTest8.xml
----------------- Instantiating /home/travis/build/icyphy/ptII/ptolemy/actor/lib/test/auto/LevelCrossTest8.xml
2 ms. Memory: 579584K Free: 321950K (56%)
----------------- Invoking toplevel() on ptolemy.moml.MoMLSimpleApplication@38e76010
----------------- Done invoking toplevel() on ptolemy.moml.MoMLSimpleApplication@38e76010
reloadAllAccessors: .LevelCrossTest8

===========================================================================================
----------------- testing Fri Sep 27 05:52:37 UTC 2019 /home/travis/build/icyphy/ptII/ptolemy/actor/lib/test/auto/LevelCrossTest9.xml
----------------- Instantiating /home/travis/build/icyphy/ptII/ptolemy/actor/lib/test/auto/LevelCrossTest9.xml
2 ms. Memory: 579584K Free: 315292K (54%)
----------------- Invoking toplevel() on ptolemy.moml.MoMLSimpleApplication@4564bf5a
----------------- Done invoking toplevel() on ptolemy.moml.MoMLSimpleApplication@4564bf5a
reloadAllAccessors: .LevelCrossTest9

===========================================================================================
----------------- testing Fri Sep 27 05:52:37 UTC 2019 /home/travis/build/icyphy/ptII/ptolemy/actor/lib/test/auto/LevinsonDurbin.xml
----------------- Instantiating /home/travis/build/icyphy/ptII/ptolemy/actor/lib/test/auto/LevinsonDurbin.xml
1 ms. Memory: 579584K Free: 311196K (54%)
----------------- Invoking toplevel() on ptolemy.moml.MoMLSimpleApplication@64c133f9
----------------- Done invoking toplevel() on ptolemy.moml.MoMLSimpleApplication@64c133f9
reloadAllAccessors: .LevinsonDurbin

===========================================================================================
----------------- testing Fri Sep 27 05:52:37 UTC 2019 /home/travis/build/icyphy/ptII/ptolemy/actor/lib/test/auto/LevinsonDurbin2.xml
----------------- Instantiating /home/travis/build/icyphy/ptII/ptolemy/actor/lib/test/auto/LevinsonDurbin2.xml
1 ms. Memory: 579584K Free: 307100K (53%)
----------------- Invoking toplevel() on ptolemy.moml.MoMLSimpleApplication@3c548be
----------------- Done invoking toplevel() on ptolemy.moml.MoMLSimpleApplication@3c548be
reloadAllAccessors: .LevinsonDurbin2

===========================================================================================
----------------- testing Fri Sep 27 05:52:37 UTC 2019 /home/travis/build/icyphy/ptII/ptolemy/actor/lib/test/auto/LevinsonDurbin3.xml
----------------- Instantiating /home/travis/build/icyphy/ptII/ptolemy/actor/lib/test/auto/LevinsonDurbin3.xml
2 ms. Memory: 579584K Free: 303518K (52%)
----------------- Invoking toplevel() on ptolemy.moml.MoMLSimpleApplication@47a05e9d
----------------- Done invoking toplevel() on ptolemy.moml.MoMLSimpleApplication@47a05e9d
reloadAllAccessors: .LevinsonDurbin3

===========================================================================================
----------------- testing Fri Sep 27 05:52:37 UTC 2019 /home/travis/build/icyphy/ptII/ptolemy/actor/lib/test/auto/Limiter.xml
----------------- Instantiating /home/travis/build/icyphy/ptII/ptolemy/actor/lib/test/auto/Limiter.xml
5 ms. Memory: 579584K Free: 294302K (51%)
----------------- Invoking toplevel() on ptolemy.moml.MoMLSimpleApplication@3e35f913
----------------- Done invoking toplevel() on ptolemy.moml.MoMLSimpleApplication@3e35f913
reloadAllAccessors: .Limiter

===========================================================================================
----------------- testing Fri Sep 27 05:52:37 UTC 2019 /home/travis/build/icyphy/ptII/ptolemy/actor/lib/test/auto/LinearDifferenceEquationSystem.xml
----------------- Instantiating /home/travis/build/icyphy/ptII/ptolemy/actor/lib/test/auto/LinearDifferenceEquationSystem.xml
4 ms. Memory: 579584K Free: 286620K (49%)
----------------- Invoking toplevel() on ptolemy.moml.MoMLSimpleApplication@6006a367
----------------- Done invoking toplevel() on ptolemy.moml.MoMLSimpleApplication@6006a367
reloadAllAccessors: .LinearDifferenceEquationSystem

===========================================================================================
----------------- testing Fri Sep 27 05:52:37 UTC 2019 /home/travis/build/icyphy/ptII/ptolemy/actor/lib/test/auto/LookupTable.xml
----------------- Instantiating /home/travis/build/icyphy/ptII/ptolemy/actor/lib/test/auto/LookupTable.xml
2 ms. Memory: 579584K Free: 282524K (49%)
----------------- Invoking toplevel() on ptolemy.moml.MoMLSimpleApplication@2473539
----------------- Done invoking toplevel() on ptolemy.moml.MoMLSimpleApplication@2473539
reloadAllAccessors: .LookupTable

===========================================================================================
----------------- testing Fri Sep 27 05:52:37 UTC 2019 /home/travis/build/icyphy/ptII/ptolemy/actor/lib/test/auto/MathFunction.xml
----------------- Instantiating /home/travis/build/icyphy/ptII/ptolemy/actor/lib/test/auto/MathFunction.xml
3 ms. Memory: 579584K Free: 274332K (47%)
----------------- Invoking toplevel() on ptolemy.moml.MoMLSimpleApplication@16fec2c3
----------------- Done invoking toplevel() on ptolemy.moml.MoMLSimpleApplication@16fec2c3
reloadAllAccessors: .MathFunction

===========================================================================================
----------------- testing Fri Sep 27 05:52:37 UTC 2019 /home/travis/build/icyphy/ptII/ptolemy/actor/lib/test/auto/MathFunction2.xml
----------------- Instantiating /home/travis/build/icyphy/ptII/ptolemy/actor/lib/test/auto/MathFunction2.xml
1 ms. Memory: 579584K Free: 270236K (47%)
----------------- Invoking toplevel() on ptolemy.moml.MoMLSimpleApplication@4dc9e9a1
----------------- Done invoking toplevel() on ptolemy.moml.MoMLSimpleApplication@4dc9e9a1
reloadAllAccessors: .MathFunction2

===========================================================================================
----------------- testing Fri Sep 27 05:52:37 UTC 2019 /home/travis/build/icyphy/ptII/ptolemy/actor/lib/test/auto/MathFunction3.xml
----------------- Instantiating /home/travis/build/icyphy/ptII/ptolemy/actor/lib/test/auto/MathFunction3.xml
3 ms. Memory: 579584K Free: 263068K (45%)
----------------- Invoking toplevel() on ptolemy.moml.MoMLSimpleApplication@43b67d24
----------------- Done invoking toplevel() on ptolemy.moml.MoMLSimpleApplication@43b67d24
reloadAllAccessors: .MathFunction3

===========================================================================================
----------------- testing Fri Sep 27 05:52:37 UTC 2019 /home/travis/build/icyphy/ptII/ptolemy/actor/lib/test/auto/MatrixCropBoolean.xml
----------------- Instantiating /home/travis/build/icyphy/ptII/ptolemy/actor/lib/test/auto/MatrixCropBoolean.xml
2 ms. Memory: 579584K Free: 258462K (45%)
----------------- Invoking toplevel() on ptolemy.moml.MoMLSimpleApplication@34f8c3ef
----------------- Done invoking toplevel() on ptolemy.moml.MoMLSimpleApplication@34f8c3ef
reloadAllAccessors: .MatrixCropBoolean

===========================================================================================
----------------- testing Fri Sep 27 05:52:37 UTC 2019 /home/travis/build/icyphy/ptII/ptolemy/actor/lib/test/auto/MatrixCropComplex.xml
----------------- Instantiating /home/travis/build/icyphy/ptII/ptolemy/actor/lib/test/auto/MatrixCropComplex.xml
3 ms. Memory: 579584K Free: 253845K (44%)
----------------- Invoking toplevel() on ptolemy.moml.MoMLSimpleApplication@4f0e10c9
----------------- Done invoking toplevel() on ptolemy.moml.MoMLSimpleApplication@4f0e10c9
reloadAllAccessors: .MatrixCropComplex

===========================================================================================
----------------- testing Fri Sep 27 05:52:37 UTC 2019 /home/travis/build/icyphy/ptII/ptolemy/actor/lib/test/auto/MatrixCropDouble.xml
----------------- Instantiating /home/travis/build/icyphy/ptII/ptolemy/actor/lib/test/auto/MatrixCropDouble.xml
3 ms. Memory: 579584K Free: 248717K (43%)
----------------- Invoking toplevel() on ptolemy.moml.MoMLSimpleApplication@3f383d39
----------------- Done invoking toplevel() on ptolemy.moml.MoMLSimpleApplication@3f383d39
reloadAllAccessors: .MatrixCropDouble

===========================================================================================
----------------- testing Fri Sep 27 05:52:37 UTC 2019 /home/travis/build/icyphy/ptII/ptolemy/actor/lib/test/auto/MatrixCropFix.xml
----------------- Instantiating /home/travis/build/icyphy/ptII/ptolemy/actor/lib/test/auto/MatrixCropFix.xml
2 ms. Memory: 579584K Free: 243605K (42%)
----------------- Invoking toplevel() on ptolemy.moml.MoMLSimpleApplication@7527371e
----------------- Done invoking toplevel() on ptolemy.moml.MoMLSimpleApplication@7527371e
reloadAllAccessors: .MatrixCropFix

===========================================================================================
----------------- testing Fri Sep 27 05:52:37 UTC 2019 /home/travis/build/icyphy/ptII/ptolemy/actor/lib/test/auto/MatrixCropInt.xml
----------------- Instantiating /home/travis/build/icyphy/ptII/ptolemy/actor/lib/test/auto/MatrixCropInt.xml
2 ms. Memory: 579584K Free: 238461K (41%)
----------------- Invoking toplevel() on ptolemy.moml.MoMLSimpleApplication@74f5e2c2
----------------- Done invoking toplevel() on ptolemy.moml.MoMLSimpleApplication@74f5e2c2
reloadAllAccessors: .MatrixCropInt

===========================================================================================
----------------- testing Fri Sep 27 05:52:37 UTC 2019 /home/travis/build/icyphy/ptII/ptolemy/actor/lib/test/auto/MatrixCropLong.xml
----------------- Instantiating /home/travis/build/icyphy/ptII/ptolemy/actor/lib/test/auto/MatrixCropLong.xml
2 ms. Memory: 579584K Free: 233886K (40%)
----------------- Invoking toplevel() on ptolemy.moml.MoMLSimpleApplication@122c3615
----------------- Done invoking toplevel() on ptolemy.moml.MoMLSimpleApplication@122c3615
reloadAllAccessors: .MatrixCropLong

===========================================================================================
----------------- testing Fri Sep 27 05:52:37 UTC 2019 /home/travis/build/icyphy/ptII/ptolemy/actor/lib/test/auto/MatrixToArray.xml
----------------- Instantiating /home/travis/build/icyphy/ptII/ptolemy/actor/lib/test/auto/MatrixToArray.xml
12 ms. Memory: 579584K Free: 218526K (38%)
----------------- Invoking toplevel() on ptolemy.moml.MoMLSimpleApplication@149badc2
----------------- Done invoking toplevel() on ptolemy.moml.MoMLSimpleApplication@149badc2
reloadAllAccessors: .MatrixToArray

===========================================================================================
----------------- testing Fri Sep 27 05:52:37 UTC 2019 /home/travis/build/icyphy/ptII/ptolemy/actor/lib/test/auto/MaxIndex.xml
----------------- Instantiating /home/travis/build/icyphy/ptII/ptolemy/actor/lib/test/auto/MaxIndex.xml
2 ms. Memory: 579584K Free: 213406K (37%)
----------------- Invoking toplevel() on ptolemy.moml.MoMLSimpleApplication@3e010c92
----------------- Done invoking toplevel() on ptolemy.moml.MoMLSimpleApplication@3e010c92
reloadAllAccessors: .MaxIndex

===========================================================================================
----------------- testing Fri Sep 27 05:52:37 UTC 2019 /home/travis/build/icyphy/ptII/ptolemy/actor/lib/test/auto/Maximum.xml
----------------- Instantiating /home/travis/build/icyphy/ptII/ptolemy/actor/lib/test/auto/Maximum.xml
2 ms. Memory: 579584K Free: 206717K (36%)
----------------- Invoking toplevel() on ptolemy.moml.MoMLSimpleApplication@7300f12f
----------------- Done invoking toplevel() on ptolemy.moml.MoMLSimpleApplication@7300f12f
reloadAllAccessors: .Maximum

===========================================================================================
----------------- testing Fri Sep 27 05:52:37 UTC 2019 /home/travis/build/icyphy/ptII/ptolemy/actor/lib/test/auto/MaximumComplex.xml
----------------- Instantiating /home/travis/build/icyphy/ptII/ptolemy/actor/lib/test/auto/MaximumComplex.xml
3 ms. Memory: 579584K Free: 201118K (35%)
----------------- Invoking toplevel() on ptolemy.moml.MoMLSimpleApplication@8210def
----------------- Done invoking toplevel() on ptolemy.moml.MoMLSimpleApplication@8210def
reloadAllAccessors: .MaximumComplex

===========================================================================================
----------------- testing Fri Sep 27 05:52:37 UTC 2019 /home/travis/build/icyphy/ptII/ptolemy/actor/lib/test/auto/MethodCallTest.xml
----------------- Instantiating /home/travis/build/icyphy/ptII/ptolemy/actor/lib/test/auto/MethodCallTest.xml
3 ms. Memory: 579584K Free: 194460K (34%)
----------------- Invoking toplevel() on ptolemy.moml.MoMLSimpleApplication@3f3456d2
----------------- Done invoking toplevel() on ptolemy.moml.MoMLSimpleApplication@3f3456d2
reloadAllAccessors: .MethodCallTest

===========================================================================================
----------------- testing Fri Sep 27 05:52:37 UTC 2019 /home/travis/build/icyphy/ptII/ptolemy/actor/lib/test/auto/Minimum.xml
----------------- Instantiating /home/travis/build/icyphy/ptII/ptolemy/actor/lib/test/auto/Minimum.xml
2 ms. Memory: 579584K Free: 187806K (32%)
----------------- Invoking toplevel() on ptolemy.moml.MoMLSimpleApplication@2dccfed2
----------------- Done invoking toplevel() on ptolemy.moml.MoMLSimpleApplication@2dccfed2
reloadAllAccessors: .Minimum

===========================================================================================
----------------- testing Fri Sep 27 05:52:37 UTC 2019 /home/travis/build/icyphy/ptII/ptolemy/actor/lib/test/auto/MinimumComplex.xml
----------------- Instantiating /home/travis/build/icyphy/ptII/ptolemy/actor/lib/test/auto/MinimumComplex.xml
3 ms. Memory: 579584K Free: 526394K (91%)
----------------- Invoking toplevel() on ptolemy.moml.MoMLSimpleApplication@1e3404f5
----------------- Done invoking toplevel() on ptolemy.moml.MoMLSimpleApplication@1e3404f5
reloadAllAccessors: .MinimumComplex

===========================================================================================
----------------- testing Fri Sep 27 05:52:37 UTC 2019 /home/travis/build/icyphy/ptII/ptolemy/actor/lib/test/auto/MinimumMultiports.xml
----------------- Instantiating /home/travis/build/icyphy/ptII/ptolemy/actor/lib/test/auto/MinimumMultiports.xml
4 ms. Memory: 579584K Free: 517688K (89%)
----------------- Invoking toplevel() on ptolemy.moml.MoMLSimpleApplication@136f5b6e
----------------- Done invoking toplevel() on ptolemy.moml.MoMLSimpleApplication@136f5b6e
reloadAllAccessors: .MinimumMultiports

===========================================================================================
----------------- testing Fri Sep 27 05:52:37 UTC 2019 /home/travis/build/icyphy/ptII/ptolemy/actor/lib/test/auto/ModifyDate.xml
----------------- Instantiating /home/travis/build/icyphy/ptII/ptolemy/actor/lib/test/auto/ModifyDate.xml
6 ms. Memory: 579584K Free: 505398K (87%)
----------------- Invoking toplevel() on ptolemy.moml.MoMLSimpleApplication@393112fb
----------------- Done invoking toplevel() on ptolemy.moml.MoMLSimpleApplication@393112fb
reloadAllAccessors: .ModifyDate

===========================================================================================
----------------- testing Fri Sep 27 05:52:37 UTC 2019 /home/travis/build/icyphy/ptII/ptolemy/actor/lib/test/auto/ModifyDate2.xml
----------------- Instantiating /home/travis/build/icyphy/ptII/ptolemy/actor/lib/test/auto/ModifyDate2.xml
6 ms. Memory: 579584K Free: 496698K (86%)
----------------- Invoking toplevel() on ptolemy.moml.MoMLSimpleApplication@1b5d44c5
----------------- Done invoking toplevel() on ptolemy.moml.MoMLSimpleApplication@1b5d44c5
reloadAllAccessors: .ModifyDate2

===========================================================================================
----------------- testing Fri Sep 27 05:52:37 UTC 2019 /home/travis/build/icyphy/ptII/ptolemy/actor/lib/test/auto/MovingAverage.xml
----------------- Instantiating /home/travis/build/icyphy/ptII/ptolemy/actor/lib/test/auto/MovingAverage.xml
2 ms. Memory: 579584K Free: 491578K (85%)
----------------- Invoking toplevel() on ptolemy.moml.MoMLSimpleApplication@40b4ff5d
----------------- Done invoking toplevel() on ptolemy.moml.MoMLSimpleApplication@40b4ff5d
reloadAllAccessors: .MovingAverage

===========================================================================================
----------------- testing Fri Sep 27 05:52:37 UTC 2019 /home/travis/build/icyphy/ptII/ptolemy/actor/lib/test/auto/MovingMaximum.xml
----------------- Instantiating /home/travis/build/icyphy/ptII/ptolemy/actor/lib/test/auto/MovingMaximum.xml
2 ms. Memory: 579584K Free: 486968K (84%)
----------------- Invoking toplevel() on ptolemy.moml.MoMLSimpleApplication@60283d0c
----------------- Done invoking toplevel() on ptolemy.moml.MoMLSimpleApplication@60283d0c
reloadAllAccessors: .MovingMaximum

===========================================================================================
----------------- testing Fri Sep 27 05:52:37 UTC 2019 /home/travis/build/icyphy/ptII/ptolemy/actor/lib/test/auto/MultipleLinksToSameRelation.xml
----------------- Instantiating /home/travis/build/icyphy/ptII/ptolemy/actor/lib/test/auto/MultipleLinksToSameRelation.xml
6 ms. Memory: 579584K Free: 482872K (83%)
----------------- Invoking toplevel() on ptolemy.moml.MoMLSimpleApplication@5e937c86
----------------- Done invoking toplevel() on ptolemy.moml.MoMLSimpleApplication@5e937c86
reloadAllAccessors: .MultipleLinksToSameRelation

===========================================================================================
----------------- testing Fri Sep 27 05:52:37 UTC 2019 /home/travis/build/icyphy/ptII/ptolemy/actor/lib/test/auto/MultipleLinksToSameRelationDE.xml
----------------- Instantiating /home/travis/build/icyphy/ptII/ptolemy/actor/lib/test/auto/MultipleLinksToSameRelationDE.xml
5 ms. Memory: 579584K Free: 478762K (83%)
----------------- Invoking toplevel() on ptolemy.moml.MoMLSimpleApplication@71159fed
----------------- Done invoking toplevel() on ptolemy.moml.MoMLSimpleApplication@71159fed
reloadAllAccessors: .MultipleLinksToSameRelationDE

===========================================================================================
----------------- testing Fri Sep 27 05:52:37 UTC 2019 /home/travis/build/icyphy/ptII/ptolemy/actor/lib/test/auto/Multiplexor.xml
----------------- Instantiating /home/travis/build/icyphy/ptII/ptolemy/actor/lib/test/auto/Multiplexor.xml
2 ms. Memory: 579584K Free: 473146K (82%)
----------------- Invoking toplevel() on ptolemy.moml.MoMLSimpleApplication@54b1cf9
----------------- Done invoking toplevel() on ptolemy.moml.MoMLSimpleApplication@54b1cf9
reloadAllAccessors: .Multiplexor

===========================================================================================
----------------- testing Fri Sep 27 05:52:37 UTC 2019 /home/travis/build/icyphy/ptII/ptolemy/actor/lib/test/auto/Multiplexor1.xml
----------------- Instantiating /home/travis/build/icyphy/ptII/ptolemy/actor/lib/test/auto/Multiplexor1.xml
2 ms. Memory: 579584K Free: 467506K (81%)
----------------- Invoking toplevel() on ptolemy.moml.MoMLSimpleApplication@6ac9799e
----------------- Done invoking toplevel() on ptolemy.moml.MoMLSimpleApplication@6ac9799e
reloadAllAccessors: .Multiplexor1

===========================================================================================
----------------- testing Fri Sep 27 05:52:37 UTC 2019 /home/travis/build/icyphy/ptII/ptolemy/actor/lib/test/auto/Multiplexor2.xml
----------------- Instantiating /home/travis/build/icyphy/ptII/ptolemy/actor/lib/test/auto/Multiplexor2.xml
4 ms. Memory: 579584K Free: 460858K (80%)
----------------- Invoking toplevel() on ptolemy.moml.MoMLSimpleApplication@5c479e1a
----------------- Done invoking toplevel() on ptolemy.moml.MoMLSimpleApplication@5c479e1a
reloadAllAccessors: .Multiplexor2

===========================================================================================
----------------- testing Fri Sep 27 05:52:37 UTC 2019 /home/travis/build/icyphy/ptII/ptolemy/actor/lib/test/auto/Multiplexor3.xml
----------------- Instantiating /home/travis/build/icyphy/ptII/ptolemy/actor/lib/test/auto/Multiplexor3.xml
2 ms. Memory: 579584K Free: 456762K (79%)
----------------- Invoking toplevel() on ptolemy.moml.MoMLSimpleApplication@51f52417
----------------- Done invoking toplevel() on ptolemy.moml.MoMLSimpleApplication@51f52417
reloadAllAccessors: .Multiplexor3

===========================================================================================
----------------- testing Fri Sep 27 05:52:37 UTC 2019 /home/travis/build/icyphy/ptII/ptolemy/actor/lib/test/auto/MultiplexorDE.xml
----------------- Instantiating /home/travis/build/icyphy/ptII/ptolemy/actor/lib/test/auto/MultiplexorDE.xml
4 ms. Memory: 579584K Free: 449594K (78%)
----------------- Invoking toplevel() on ptolemy.moml.MoMLSimpleApplication@618e742a
----------------- Done invoking toplevel() on ptolemy.moml.MoMLSimpleApplication@618e742a
reloadAllAccessors: .MultiplexorDE

===========================================================================================
----------------- testing Fri Sep 27 05:52:37 UTC 2019 /home/travis/build/icyphy/ptII/ptolemy/actor/lib/test/auto/MultiportBroadcastTest.xml
----------------- Instantiating /home/travis/build/icyphy/ptII/ptolemy/actor/lib/test/auto/MultiportBroadcastTest.xml
84 ms. Memory: 579584K Free: 443450K (77%)
----------------- Invoking toplevel() on ptolemy.moml.MoMLSimpleApplication@771eb87f
----------------- Done invoking toplevel() on ptolemy.moml.MoMLSimpleApplication@771eb87f
reloadAllAccessors: .MultiportBroadcastTest

===========================================================================================
----------------- testing Fri Sep 27 05:52:38 UTC 2019 /home/travis/build/icyphy/ptII/ptolemy/actor/lib/test/auto/MultiportOutHangDuringGetWidth.xml
----------------- Instantiating /home/travis/build/icyphy/ptII/ptolemy/actor/lib/test/auto/MultiportOutHangDuringGetWidth.xml
5 ms. Memory: 579584K Free: 431162K (74%)
----------------- Invoking toplevel() on ptolemy.moml.MoMLSimpleApplication@34f11955
----------------- Done invoking toplevel() on ptolemy.moml.MoMLSimpleApplication@34f11955
reloadAllAccessors: .MultiportOutHangDuringGetWidth

===========================================================================================
----------------- testing Fri Sep 27 05:52:38 UTC 2019 /home/travis/build/icyphy/ptII/ptolemy/actor/lib/test/auto/NilToken.xml
----------------- Instantiating /home/travis/build/icyphy/ptII/ptolemy/actor/lib/test/auto/NilToken.xml
1 ms. Memory: 579584K Free: 427066K (74%)
----------------- Invoking toplevel() on ptolemy.moml.MoMLSimpleApplication@47c9f992
----------------- Done invoking toplevel() on ptolemy.moml.MoMLSimpleApplication@47c9f992
reloadAllAccessors: .NilToken

===========================================================================================
----------------- testing Fri Sep 27 05:52:38 UTC 2019 /home/travis/build/icyphy/ptII/ptolemy/actor/lib/test/auto/NilTokenNonStrictTest.xml
----------------- Instantiating /home/travis/build/icyphy/ptII/ptolemy/actor/lib/test/auto/NilTokenNonStrictTest.xml
2 ms. Memory: 579584K Free: 422456K (73%)
----------------- Invoking toplevel() on ptolemy.moml.MoMLSimpleApplication@598e792c
----------------- Done invoking toplevel() on ptolemy.moml.MoMLSimpleApplication@598e792c
reloadAllAccessors: .NilTokenNonStrictTest

===========================================================================================
----------------- testing Fri Sep 27 05:52:38 UTC 2019 /home/travis/build/icyphy/ptII/ptolemy/actor/lib/test/auto/NilTokenRecord.xml
----------------- Instantiating /home/travis/build/icyphy/ptII/ptolemy/actor/lib/test/auto/NilTokenRecord.xml
13 ms. Memory: 579584K Free: 415802K (72%)
----------------- Invoking toplevel() on ptolemy.moml.MoMLSimpleApplication@4b81016e
----------------- Done invoking toplevel() on ptolemy.moml.MoMLSimpleApplication@4b81016e
reloadAllAccessors: .NilTokenRecord

===========================================================================================
----------------- testing Fri Sep 27 05:52:38 UTC 2019 /home/travis/build/icyphy/ptII/ptolemy/actor/lib/test/auto/NilTokenTypeTest.xml
----------------- Instantiating /home/travis/build/icyphy/ptII/ptolemy/actor/lib/test/auto/NilTokenTypeTest.xml
7 ms. Memory: 579584K Free: 406586K (70%)
----------------- Invoking toplevel() on ptolemy.moml.MoMLSimpleApplication@498c5630
----------------- Done invoking toplevel() on ptolemy.moml.MoMLSimpleApplication@498c5630
reloadAllAccessors: .NilTokenTypeTest

===========================================================================================
----------------- testing Fri Sep 27 05:52:38 UTC 2019 /home/travis/build/icyphy/ptII/ptolemy/actor/lib/test/auto/ObjectToken1.xml
----------------- Instantiating /home/travis/build/icyphy/ptII/ptolemy/actor/lib/test/auto/ObjectToken1.xml
3 ms. Memory: 579584K Free: 402490K (69%)
----------------- Invoking toplevel() on ptolemy.moml.MoMLSimpleApplication@373da95f
----------------- Done invoking toplevel() on ptolemy.moml.MoMLSimpleApplication@373da95f
reloadAllAccessors: .ObjectToken1

===========================================================================================
----------------- testing Fri Sep 27 05:52:38 UTC 2019 /home/travis/build/icyphy/ptII/ptolemy/actor/lib/test/auto/OrderedMerge.xml
----------------- Instantiating /home/travis/build/icyphy/ptII/ptolemy/actor/lib/test/auto/OrderedMerge.xml
15 ms. Memory: 579584K Free: 396856K (68%)
----------------- Invoking toplevel() on ptolemy.moml.MoMLSimpleApplication@2fa93aa6
----------------- Done invoking toplevel() on ptolemy.moml.MoMLSimpleApplication@2fa93aa6
reloadAllAccessors: .OrderedMerge

===========================================================================================
----------------- testing Fri Sep 27 05:52:38 UTC 2019 /home/travis/build/icyphy/ptII/ptolemy/actor/lib/test/auto/OrderedRecordDisassembler.xml
----------------- Instantiating /home/travis/build/icyphy/ptII/ptolemy/actor/lib/test/auto/OrderedRecordDisassembler.xml
4 ms. Memory: 579584K Free: 391706K (68%)
----------------- Invoking toplevel() on ptolemy.moml.MoMLSimpleApplication@ea173
----------------- Done invoking toplevel() on ptolemy.moml.MoMLSimpleApplication@ea173
reloadAllAccessors: .OrderedRecordDisassembler

===========================================================================================
----------------- testing Fri Sep 27 05:52:38 UTC 2019 /home/travis/build/icyphy/ptII/ptolemy/actor/lib/test/auto/OrderedRecordDisassembler2.xml
----------------- Instantiating /home/travis/build/icyphy/ptII/ptolemy/actor/lib/test/auto/OrderedRecordDisassembler2.xml
5 ms. Memory: 579584K Free: 384058K (66%)
----------------- Invoking toplevel() on ptolemy.moml.MoMLSimpleApplication@547e8d19
----------------- Done invoking toplevel() on ptolemy.moml.MoMLSimpleApplication@547e8d19
reloadAllAccessors: .OrderedRecordDisassembler2

===========================================================================================
----------------- testing Fri Sep 27 05:52:38 UTC 2019 /home/travis/build/icyphy/ptII/ptolemy/actor/lib/test/auto/OrderedRecordUpdater.xml
----------------- Instantiating /home/travis/build/icyphy/ptII/ptolemy/actor/lib/test/auto/OrderedRecordUpdater.xml
2 ms. Memory: 579584K Free: 378938K (65%)
----------------- Invoking toplevel() on ptolemy.moml.MoMLSimpleApplication@362615eb
----------------- Done invoking toplevel() on ptolemy.moml.MoMLSimpleApplication@362615eb
reloadAllAccessors: .RecordUpdater

===========================================================================================
----------------- testing Fri Sep 27 05:52:38 UTC 2019 /home/travis/build/icyphy/ptII/ptolemy/actor/lib/test/auto/OrderedRecordUpdater2.xml
----------------- Instantiating /home/travis/build/icyphy/ptII/ptolemy/actor/lib/test/auto/OrderedRecordUpdater2.xml
2 ms. Memory: 579584K Free: 373818K (64%)
----------------- Invoking toplevel() on ptolemy.moml.MoMLSimpleApplication@405bad40
----------------- Done invoking toplevel() on ptolemy.moml.MoMLSimpleApplication@405bad40
reloadAllAccessors: .RecordUpdater2

===========================================================================================
----------------- testing Fri Sep 27 05:52:38 UTC 2019 /home/travis/build/icyphy/ptII/ptolemy/actor/lib/test/auto/PhaseUnwrap.xml
----------------- Instantiating /home/travis/build/icyphy/ptII/ptolemy/actor/lib/test/auto/PhaseUnwrap.xml
2 ms. Memory: 579584K Free: 369722K (64%)
----------------- Invoking toplevel() on ptolemy.moml.MoMLSimpleApplication@64f6dd4
----------------- Done invoking toplevel() on ptolemy.moml.MoMLSimpleApplication@64f6dd4
reloadAllAccessors: .PhaseUnwrap

===========================================================================================
----------------- testing Fri Sep 27 05:52:38 UTC 2019 /home/travis/build/icyphy/ptII/ptolemy/actor/lib/test/auto/PoissonClock.xml
----------------- Instantiating /home/travis/build/icyphy/ptII/ptolemy/actor/lib/test/auto/PoissonClock.xml
2 ms. Memory: 579584K Free: 365626K (63%)
----------------- Invoking toplevel() on ptolemy.moml.MoMLSimpleApplication@14eedc5f
----------------- Done invoking toplevel() on ptolemy.moml.MoMLSimpleApplication@14eedc5f
reloadAllAccessors: .PoissonClock

===========================================================================================
----------------- testing Fri Sep 27 05:52:38 UTC 2019 /home/travis/build/icyphy/ptII/ptolemy/actor/lib/test/auto/PoissonClock2.xml
----------------- Instantiating /home/travis/build/icyphy/ptII/ptolemy/actor/lib/test/auto/PoissonClock2.xml
2 ms. Memory: 579584K Free: 361016K (62%)
----------------- Invoking toplevel() on ptolemy.moml.MoMLSimpleApplication@2dc38b18
----------------- Done invoking toplevel() on ptolemy.moml.MoMLSimpleApplication@2dc38b18
reloadAllAccessors: .PoissonClock2

===========================================================================================
----------------- testing Fri Sep 27 05:52:38 UTC 2019 /home/travis/build/icyphy/ptII/ptolemy/actor/lib/test/auto/PoissonClock3.xml
----------------- Instantiating /home/travis/build/icyphy/ptII/ptolemy/actor/lib/test/auto/PoissonClock3.xml
1 ms. Memory: 579584K Free: 356410K (61%)
----------------- Invoking toplevel() on ptolemy.moml.MoMLSimpleApplication@edad254
----------------- Done invoking toplevel() on ptolemy.moml.MoMLSimpleApplication@edad254
reloadAllAccessors: .PoissonClock3

===========================================================================================
----------------- testing Fri Sep 27 05:52:38 UTC 2019 /home/travis/build/icyphy/ptII/ptolemy/actor/lib/test/auto/PubSubWithInitialTokens.xml
----------------- Instantiating /home/travis/build/icyphy/ptII/ptolemy/actor/lib/test/auto/PubSubWithInitialTokens.xml
3 ms. Memory: 579584K Free: 350746K (61%)
----------------- Invoking toplevel() on ptolemy.moml.MoMLSimpleApplication@2cb47c3a
----------------- Done invoking toplevel() on ptolemy.moml.MoMLSimpleApplication@2cb47c3a
reloadAllAccessors: .PubSubWithInitialTokens

===========================================================================================
----------------- testing Fri Sep 27 05:52:38 UTC 2019 /home/travis/build/icyphy/ptII/ptolemy/actor/lib/test/auto/PubSubWithInitialTokens2.xml
----------------- Instantiating /home/travis/build/icyphy/ptII/ptolemy/actor/lib/test/auto/PubSubWithInitialTokens2.xml
2 ms. Memory: 579584K Free: 344602K (59%)
----------------- Invoking toplevel() on ptolemy.moml.MoMLSimpleApplication@1e67a7d
----------------- Done invoking toplevel() on ptolemy.moml.MoMLSimpleApplication@1e67a7d
reloadAllAccessors: .PubSubWithInitialTokens2

===========================================================================================
----------------- testing Fri Sep 27 05:52:38 UTC 2019 /home/travis/build/icyphy/ptII/ptolemy/actor/lib/test/auto/PublisherClassNoParameter.xml
----------------- Instantiating /home/travis/build/icyphy/ptII/ptolemy/actor/lib/test/auto/PublisherClassNoParameter.xml
2 ms. Memory: 579584K Free: 334906K (58%)
----------------- Invoking toplevel() on ptolemy.moml.MoMLSimpleApplication@5f5e0747
----------------- Done invoking toplevel() on ptolemy.moml.MoMLSimpleApplication@5f5e0747
reloadAllAccessors: .PublisherClassNoParameter

===========================================================================================
----------------- testing Fri Sep 27 05:52:38 UTC 2019 /home/travis/build/icyphy/ptII/ptolemy/actor/lib/test/auto/PublisherClassParameter.xml
----------------- Instantiating /home/travis/build/icyphy/ptII/ptolemy/actor/lib/test/auto/PublisherClassParameter.xml
3 ms. Memory: 579584K Free: 324666K (56%)
----------------- Invoking toplevel() on ptolemy.moml.MoMLSimpleApplication@76272163
----------------- Done invoking toplevel() on ptolemy.moml.MoMLSimpleApplication@76272163
reloadAllAccessors: .PublisherClassParameter

===========================================================================================
----------------- testing Fri Sep 27 05:52:38 UTC 2019 /home/travis/build/icyphy/ptII/ptolemy/actor/lib/test/auto/PublisherNonStrictTest.xml
----------------- Instantiating /home/travis/build/icyphy/ptII/ptolemy/actor/lib/test/auto/PublisherNonStrictTest.xml
4 ms. Memory: 579584K Free: 317498K (55%)
----------------- Invoking toplevel() on ptolemy.moml.MoMLSimpleApplication@777c41c3
----------------- Done invoking toplevel() on ptolemy.moml.MoMLSimpleApplication@777c41c3
reloadAllAccessors: .PublisherNonStrictTest

===========================================================================================
----------------- testing Fri Sep 27 05:52:38 UTC 2019 /home/travis/build/icyphy/ptII/ptolemy/actor/lib/test/auto/PublisherPort1.xml
----------------- Instantiating /home/travis/build/icyphy/ptII/ptolemy/actor/lib/test/auto/PublisherPort1.xml
3 ms. Memory: 579584K Free: 311834K (54%)
----------------- Invoking toplevel() on ptolemy.moml.MoMLSimpleApplication@7287510b
----------------- Done invoking toplevel() on ptolemy.moml.MoMLSimpleApplication@7287510b
reloadAllAccessors: .PublisherPort1

===========================================================================================
----------------- testing Fri Sep 27 05:52:38 UTC 2019 /home/travis/build/icyphy/ptII/ptolemy/actor/lib/test/auto/PublisherPort2.xml
----------------- Instantiating /home/travis/build/icyphy/ptII/ptolemy/actor/lib/test/auto/PublisherPort2.xml
1 ms. Memory: 579584K Free: 306744K (53%)
----------------- Invoking toplevel() on ptolemy.moml.MoMLSimpleApplication@444c0727
----------------- Done invoking toplevel() on ptolemy.moml.MoMLSimpleApplication@444c0727
reloadAllAccessors: .PublisherPort2

===========================================================================================
----------------- testing Fri Sep 27 05:52:38 UTC 2019 /home/travis/build/icyphy/ptII/ptolemy/actor/lib/test/auto/PublisherPort3.xml
----------------- Instantiating /home/travis/build/icyphy/ptII/ptolemy/actor/lib/test/auto/PublisherPort3.xml
4 ms. Memory: 579584K Free: 300090K (52%)
----------------- Invoking toplevel() on ptolemy.moml.MoMLSimpleApplication@10479f1d
----------------- Done invoking toplevel() on ptolemy.moml.MoMLSimpleApplication@10479f1d
reloadAllAccessors: .PublisherPort3

===========================================================================================
----------------- testing Fri Sep 27 05:52:38 UTC 2019 /home/travis/build/icyphy/ptII/ptolemy/actor/lib/test/auto/PublisherPort4.xml
----------------- Instantiating /home/travis/build/icyphy/ptII/ptolemy/actor/lib/test/auto/PublisherPort4.xml
3 ms. Memory: 579584K Free: 294442K (51%)
----------------- Invoking toplevel() on ptolemy.moml.MoMLSimpleApplication@50f7ba9f
----------------- Done invoking toplevel() on ptolemy.moml.MoMLSimpleApplication@50f7ba9f
reloadAllAccessors: .PublisherPort4

===========================================================================================
----------------- testing Fri Sep 27 05:52:38 UTC 2019 /home/travis/build/icyphy/ptII/ptolemy/actor/lib/test/auto/PublisherPort5.xml
----------------- Instantiating /home/travis/build/icyphy/ptII/ptolemy/actor/lib/test/auto/PublisherPort5.xml
4 ms. Memory: 579584K Free: 286778K (49%)
----------------- Invoking toplevel() on ptolemy.moml.MoMLSimpleApplication@6c4431b4
----------------- Done invoking toplevel() on ptolemy.moml.MoMLSimpleApplication@6c4431b4
reloadAllAccessors: .PublisherPort5

===========================================================================================
----------------- testing Fri Sep 27 05:52:38 UTC 2019 /home/travis/build/icyphy/ptII/ptolemy/actor/lib/test/auto/PublisherPort5LookAlike.xml
----------------- Instantiating /home/travis/build/icyphy/ptII/ptolemy/actor/lib/test/auto/PublisherPort5LookAlike.xml
4 ms. Memory: 579584K Free: 279096K (48%)
----------------- Invoking toplevel() on ptolemy.moml.MoMLSimpleApplication@8bbb44f
----------------- Done invoking toplevel() on ptolemy.moml.MoMLSimpleApplication@8bbb44f
reloadAllAccessors: .PublisherPort5LookAlike

===========================================================================================
----------------- testing Fri Sep 27 05:52:38 UTC 2019 /home/travis/build/icyphy/ptII/ptolemy/actor/lib/test/auto/PublisherPort6.xml
----------------- Instantiating /home/travis/build/icyphy/ptII/ptolemy/actor/lib/test/auto/PublisherPort6.xml
3 ms. Memory: 579584K Free: 272442K (47%)
----------------- Invoking toplevel() on ptolemy.moml.MoMLSimpleApplication@22530d7a
----------------- Done invoking toplevel() on ptolemy.moml.MoMLSimpleApplication@22530d7a
reloadAllAccessors: .PublisherPort6

===========================================================================================
----------------- testing Fri Sep 27 05:52:38 UTC 2019 /home/travis/build/icyphy/ptII/ptolemy/actor/lib/test/auto/PublisherPort7.xml
----------------- Instantiating /home/travis/build/icyphy/ptII/ptolemy/actor/lib/test/auto/PublisherPort7.xml
4 ms. Memory: 579584K Free: 264760K (46%)
----------------- Invoking toplevel() on ptolemy.moml.MoMLSimpleApplication@c003447
----------------- Done invoking toplevel() on ptolemy.moml.MoMLSimpleApplication@c003447
reloadAllAccessors: .PublisherPort7

===========================================================================================
----------------- testing Fri Sep 27 05:52:38 UTC 2019 /home/travis/build/icyphy/ptII/ptolemy/actor/lib/test/auto/PublisherPort8.xml
----------------- Instantiating /home/travis/build/icyphy/ptII/ptolemy/actor/lib/test/auto/PublisherPort8.xml
5 ms. Memory: 579584K Free: 256568K (44%)
----------------- Invoking toplevel() on ptolemy.moml.MoMLSimpleApplication@98cd92a
----------------- Done invoking toplevel() on ptolemy.moml.MoMLSimpleApplication@98cd92a
reloadAllAccessors: .PublisherPort8

===========================================================================================
----------------- testing Fri Sep 27 05:52:38 UTC 2019 /home/travis/build/icyphy/ptII/ptolemy/actor/lib/test/auto/PublisherPortSubscriberChannelVariablesAOC2.xml
----------------- Instantiating /home/travis/build/icyphy/ptII/ptolemy/actor/lib/test/auto/PublisherPortSubscriberChannelVariablesAOC2.xml
3 ms. Memory: 579584K Free: 239160K (41%)
----------------- Invoking toplevel() on ptolemy.moml.MoMLSimpleApplication@151fb13e
----------------- Done invoking toplevel() on ptolemy.moml.MoMLSimpleApplication@151fb13e
reloadAllAccessors: .PublisherPortSubscriberChannelVariablesAOC2

===========================================================================================
----------------- testing Fri Sep 27 05:52:38 UTC 2019 /home/travis/build/icyphy/ptII/ptolemy/actor/lib/test/auto/PublisherPortSubscriberOpaqueWidthInference.xml
----------------- Instantiating /home/travis/build/icyphy/ptII/ptolemy/actor/lib/test/auto/PublisherPortSubscriberOpaqueWidthInference.xml
4 ms. Memory: 579584K Free: 230954K (40%)
----------------- Invoking toplevel() on ptolemy.moml.MoMLSimpleApplication@78d22e90
----------------- Done invoking toplevel() on ptolemy.moml.MoMLSimpleApplication@78d22e90
reloadAllAccessors: .PublisherPortSubscriberOpaqueWidthInference

===========================================================================================
----------------- testing Fri Sep 27 05:52:38 UTC 2019 /home/travis/build/icyphy/ptII/ptolemy/actor/lib/test/auto/PublisherPortSubscriberPortAdjacent.xml
----------------- Instantiating /home/travis/build/icyphy/ptII/ptolemy/actor/lib/test/auto/PublisherPortSubscriberPortAdjacent.xml
2 ms. Memory: 579584K Free: 222776K (38%)
----------------- Invoking toplevel() on ptolemy.moml.MoMLSimpleApplication@655a33f4
----------------- Done invoking toplevel() on ptolemy.moml.MoMLSimpleApplication@655a33f4
reloadAllAccessors: .PublisherPortSubscriberPortAdjacent

===========================================================================================
----------------- testing Fri Sep 27 05:52:38 UTC 2019 /home/travis/build/icyphy/ptII/ptolemy/actor/lib/test/auto/PublisherPortSubscriberPortExpression.xml
----------------- Instantiating /home/travis/build/icyphy/ptII/ptolemy/actor/lib/test/auto/PublisherPortSubscriberPortExpression.xml
4 ms. Memory: 579584K Free: 215098K (37%)
----------------- Invoking toplevel() on ptolemy.moml.MoMLSimpleApplication@1f91423a
----------------- Done invoking toplevel() on ptolemy.moml.MoMLSimpleApplication@1f91423a
reloadAllAccessors: .PublisherPortSubscriberPortExpression

===========================================================================================
----------------- testing Fri Sep 27 05:52:38 UTC 2019 /home/travis/build/icyphy/ptII/ptolemy/actor/lib/test/auto/PublisherPortSubscriberPortOpaqueD3Reverse.xml
----------------- Instantiating /home/travis/build/icyphy/ptII/ptolemy/actor/lib/test/auto/PublisherPortSubscriberPortOpaqueD3Reverse.xml
8 ms. Memory: 579584K Free: 204858K (35%)
----------------- Invoking toplevel() on ptolemy.moml.MoMLSimpleApplication@65d393e4
----------------- Done invoking toplevel() on ptolemy.moml.MoMLSimpleApplication@65d393e4
reloadAllAccessors: .PublisherPortSubscriberPortOpaqueD3Reverse

===========================================================================================
----------------- testing Fri Sep 27 05:52:38 UTC 2019 /home/travis/build/icyphy/ptII/ptolemy/actor/lib/test/auto/PublisherPortSubscriberPortOpaqueWidthInference.xml
----------------- Instantiating /home/travis/build/icyphy/ptII/ptolemy/actor/lib/test/auto/PublisherPortSubscriberPortOpaqueWidthInference.xml
4 ms. Memory: 579584K Free: 197162K (34%)
----------------- Invoking toplevel() on ptolemy.moml.MoMLSimpleApplication@68d193cd
----------------- Done invoking toplevel() on ptolemy.moml.MoMLSimpleApplication@68d193cd
reloadAllAccessors: .PublisherPortSubscriberPortOpaqueWidthInference

===========================================================================================
----------------- testing Fri Sep 27 05:52:38 UTC 2019 /home/travis/build/icyphy/ptII/ptolemy/actor/lib/test/auto/PublisherPortToplevelSubscriberPortAOC.xml
----------------- Instantiating /home/travis/build/icyphy/ptII/ptolemy/actor/lib/test/auto/PublisherPortToplevelSubscriberPortAOC.xml
.PublisherPortToplevelSubscriberPortAOC.TestExceptionAttribute: initialize() was not invoked, but wrapup() was.  This is unusual, but not always a problem.  For example, exporting JNLP will do this.
1 ms. Memory: 579584K Free: 191546K (33%)
----------------- Invoking toplevel() on ptolemy.moml.MoMLSimpleApplication@1b628db6
----------------- Done invoking toplevel() on ptolemy.moml.MoMLSimpleApplication@1b628db6
reloadAllAccessors: .PublisherPortToplevelSubscriberPortAOC

===========================================================================================
----------------- testing Fri Sep 27 05:52:38 UTC 2019 /home/travis/build/icyphy/ptII/ptolemy/actor/lib/test/auto/PublisherSubscriber.xml
----------------- Instantiating /home/travis/build/icyphy/ptII/ptolemy/actor/lib/test/auto/PublisherSubscriber.xml
3 ms. Memory: 579584K Free: 528278K (91%)
----------------- Invoking toplevel() on ptolemy.moml.MoMLSimpleApplication@1d6dd730
----------------- Done invoking toplevel() on ptolemy.moml.MoMLSimpleApplication@1d6dd730
reloadAllAccessors: .PublisherSubscriber

===========================================================================================
----------------- testing Fri Sep 27 05:52:38 UTC 2019 /home/travis/build/icyphy/ptII/ptolemy/actor/lib/test/auto/PublisherSubscriber10.xml
----------------- Instantiating /home/travis/build/icyphy/ptII/ptolemy/actor/lib/test/auto/PublisherSubscriber10.xml
7 ms. Memory: 579584K Free: 518548K (89%)
----------------- Invoking toplevel() on ptolemy.moml.MoMLSimpleApplication@5375b07d
----------------- Done invoking toplevel() on ptolemy.moml.MoMLSimpleApplication@5375b07d
reloadAllAccessors: .PublisherSubscriber10

===========================================================================================
----------------- testing Fri Sep 27 05:52:38 UTC 2019 /home/travis/build/icyphy/ptII/ptolemy/actor/lib/test/auto/PublisherSubscriber10InitialOutputs.xml
----------------- Instantiating /home/travis/build/icyphy/ptII/ptolemy/actor/lib/test/auto/PublisherSubscriber10InitialOutputs.xml
14 ms. Memory: 579584K Free: 509332K (88%)
----------------- Invoking toplevel() on ptolemy.moml.MoMLSimpleApplication@353a3d49
----------------- Done invoking toplevel() on ptolemy.moml.MoMLSimpleApplication@353a3d49
reloadAllAccessors: .PublisherSubscriber10InitialOutputs

===========================================================================================
----------------- testing Fri Sep 27 05:52:38 UTC 2019 /home/travis/build/icyphy/ptII/ptolemy/actor/lib/test/auto/PublisherSubscriber11.xml
----------------- Instantiating /home/travis/build/icyphy/ptII/ptolemy/actor/lib/test/auto/PublisherSubscriber11.xml
5 ms. Memory: 579584K Free: 503158K (87%)
----------------- Invoking toplevel() on ptolemy.moml.MoMLSimpleApplication@483b6103
----------------- Done invoking toplevel() on ptolemy.moml.MoMLSimpleApplication@483b6103
reloadAllAccessors: .PublisherSubscriber11

===========================================================================================
----------------- testing Fri Sep 27 05:52:38 UTC 2019 /home/travis/build/icyphy/ptII/ptolemy/actor/lib/test/auto/PublisherSubscriber12.xml
----------------- Instantiating /home/travis/build/icyphy/ptII/ptolemy/actor/lib/test/auto/PublisherSubscriber12.xml
4 ms. Memory: 579584K Free: 496020K (86%)
----------------- Invoking toplevel() on ptolemy.moml.MoMLSimpleApplication@283569db
----------------- Done invoking toplevel() on ptolemy.moml.MoMLSimpleApplication@283569db
reloadAllAccessors: .PublisherSubscriber12

===========================================================================================
----------------- testing Fri Sep 27 05:52:38 UTC 2019 /home/travis/build/icyphy/ptII/ptolemy/actor/lib/test/auto/PublisherSubscriber13.xml
----------------- Instantiating /home/travis/build/icyphy/ptII/ptolemy/actor/lib/test/auto/PublisherSubscriber13.xml
2 ms. Memory: 579584K Free: 490390K (85%)
----------------- Invoking toplevel() on ptolemy.moml.MoMLSimpleApplication@718bb898
----------------- Done invoking toplevel() on ptolemy.moml.MoMLSimpleApplication@718bb898
reloadAllAccessors: .PublisherSubscriber13

===========================================================================================
----------------- testing Fri Sep 27 05:52:39 UTC 2019 /home/travis/build/icyphy/ptII/ptolemy/actor/lib/test/auto/PublisherSubscriber14.xml
----------------- Instantiating /home/travis/build/icyphy/ptII/ptolemy/actor/lib/test/auto/PublisherSubscriber14.xml
2 ms. Memory: 579584K Free: 481670K (83%)
----------------- Invoking toplevel() on ptolemy.moml.MoMLSimpleApplication@277a9316
----------------- Done invoking toplevel() on ptolemy.moml.MoMLSimpleApplication@277a9316
reloadAllAccessors: .PublisherSubscriber14

===========================================================================================
----------------- testing Fri Sep 27 05:52:39 UTC 2019 /home/travis/build/icyphy/ptII/ptolemy/actor/lib/test/auto/PublisherSubscriber2.xml
----------------- Instantiating /home/travis/build/icyphy/ptII/ptolemy/actor/lib/test/auto/PublisherSubscriber2.xml
4 ms. Memory: 579584K Free: 476054K (82%)
----------------- Invoking toplevel() on ptolemy.moml.MoMLSimpleApplication@7859e584
----------------- Done invoking toplevel() on ptolemy.moml.MoMLSimpleApplication@7859e584
reloadAllAccessors: .PublisherSubscriber2

===========================================================================================
----------------- testing Fri Sep 27 05:52:39 UTC 2019 /home/travis/build/icyphy/ptII/ptolemy/actor/lib/test/auto/PublisherSubscriber3.xml
----------------- Instantiating /home/travis/build/icyphy/ptII/ptolemy/actor/lib/test/auto/PublisherSubscriber3.xml
2 ms. Memory: 579584K Free: 470406K (81%)
----------------- Invoking toplevel() on ptolemy.moml.MoMLSimpleApplication@24730abf
----------------- Done invoking toplevel() on ptolemy.moml.MoMLSimpleApplication@24730abf
reloadAllAccessors: .PublisherSubscriber3

===========================================================================================
----------------- testing Fri Sep 27 05:52:39 UTC 2019 /home/travis/build/icyphy/ptII/ptolemy/actor/lib/test/auto/PublisherSubscriber4.xml
----------------- Instantiating /home/travis/build/icyphy/ptII/ptolemy/actor/lib/test/auto/PublisherSubscriber4.xml
2 ms. Memory: 579584K Free: 464790K (80%)
----------------- Invoking toplevel() on ptolemy.moml.MoMLSimpleApplication@7d659441
----------------- Done invoking toplevel() on ptolemy.moml.MoMLSimpleApplication@7d659441
reloadAllAccessors: .PublisherSubscriber4

===========================================================================================
----------------- testing Fri Sep 27 05:52:39 UTC 2019 /home/travis/build/icyphy/ptII/ptolemy/actor/lib/test/auto/PublisherSubscriber5.xml
----------------- Instantiating /home/travis/build/icyphy/ptII/ptolemy/actor/lib/test/auto/PublisherSubscriber5.xml
2 ms. Memory: 579584K Free: 458132K (79%)
----------------- Invoking toplevel() on ptolemy.moml.MoMLSimpleApplication@27b68132
----------------- Done invoking toplevel() on ptolemy.moml.MoMLSimpleApplication@27b68132
reloadAllAccessors: .PublisherSubscriber5

===========================================================================================
----------------- testing Fri Sep 27 05:52:39 UTC 2019 /home/travis/build/icyphy/ptII/ptolemy/actor/lib/test/auto/PublisherSubscriber6.xml
----------------- Instantiating /home/travis/build/icyphy/ptII/ptolemy/actor/lib/test/auto/PublisherSubscriber6.xml
4 ms. Memory: 579584K Free: 451478K (78%)
----------------- Invoking toplevel() on ptolemy.moml.MoMLSimpleApplication@1a5cd97
----------------- Done invoking toplevel() on ptolemy.moml.MoMLSimpleApplication@1a5cd97
reloadAllAccessors: .PublisherSubscriber6

===========================================================================================
----------------- testing Fri Sep 27 05:52:39 UTC 2019 /home/travis/build/icyphy/ptII/ptolemy/actor/lib/test/auto/PublisherSubscriber7.xml
----------------- Instantiating /home/travis/build/icyphy/ptII/ptolemy/actor/lib/test/auto/PublisherSubscriber7.xml
8 ms. Memory: 579584K Free: 444820K (77%)
----------------- Invoking toplevel() on ptolemy.moml.MoMLSimpleApplication@7a7ad4d0
----------------- Done invoking toplevel() on ptolemy.moml.MoMLSimpleApplication@7a7ad4d0
reloadAllAccessors: .PublisherSubscriber7

===========================================================================================
----------------- testing Fri Sep 27 05:52:39 UTC 2019 /home/travis/build/icyphy/ptII/ptolemy/actor/lib/test/auto/PublisherSubscriber8.xml
----------------- Instantiating /home/travis/build/icyphy/ptII/ptolemy/actor/lib/test/auto/PublisherSubscriber8.xml
22 ms. Memory: 579584K Free: 433046K (75%)
----------------- Invoking toplevel() on ptolemy.moml.MoMLSimpleApplication@3839744b
----------------- Done invoking toplevel() on ptolemy.moml.MoMLSimpleApplication@3839744b
reloadAllAccessors: .PublisherSubscriber8

===========================================================================================
----------------- testing Fri Sep 27 05:52:39 UTC 2019 /home/travis/build/icyphy/ptII/ptolemy/actor/lib/test/auto/PublisherSubscriber9.xml
----------------- Instantiating /home/travis/build/icyphy/ptII/ptolemy/actor/lib/test/auto/PublisherSubscriber9.xml
3 ms. Memory: 579584K Free: 425878K (73%)
----------------- Invoking toplevel() on ptolemy.moml.MoMLSimpleApplication@186e323f
----------------- Done invoking toplevel() on ptolemy.moml.MoMLSimpleApplication@186e323f
reloadAllAccessors: .PublisherSubscriber9

===========================================================================================
----------------- testing Fri Sep 27 05:52:39 UTC 2019 /home/travis/build/icyphy/ptII/ptolemy/actor/lib/test/auto/PublisherSubscriberAdjacent.xml
----------------- Instantiating /home/travis/build/icyphy/ptII/ptolemy/actor/lib/test/auto/PublisherSubscriberAdjacent.xml
2 ms. Memory: 579584K Free: 417686K (72%)
----------------- Invoking toplevel() on ptolemy.moml.MoMLSimpleApplication@43d87e3
----------------- Done invoking toplevel() on ptolemy.moml.MoMLSimpleApplication@43d87e3
reloadAllAccessors: .PublisherSubscriberAdjacent

===========================================================================================
----------------- testing Fri Sep 27 05:52:39 UTC 2019 /home/travis/build/icyphy/ptII/ptolemy/actor/lib/test/auto/PublisherSubscriberChannelVariablesAOC2.xml
----------------- Instantiating /home/travis/build/icyphy/ptII/ptolemy/actor/lib/test/auto/PublisherSubscriberChannelVariablesAOC2.xml
4 ms. Memory: 579584K Free: 402326K (69%)
----------------- Invoking toplevel() on ptolemy.moml.MoMLSimpleApplication@306b73e0
----------------- Done invoking toplevel() on ptolemy.moml.MoMLSimpleApplication@306b73e0
reloadAllAccessors: .PublisherSubscriberChannelVariablesAOC2

===========================================================================================
----------------- testing Fri Sep 27 05:52:39 UTC 2019 /home/travis/build/icyphy/ptII/ptolemy/actor/lib/test/auto/PublisherSubscriberD3.xml
----------------- Instantiating /home/travis/build/icyphy/ptII/ptolemy/actor/lib/test/auto/PublisherSubscriberD3.xml
1 ms. Memory: 579584K Free: 395158K (68%)
----------------- Invoking toplevel() on ptolemy.moml.MoMLSimpleApplication@386a7e88
----------------- Done invoking toplevel() on ptolemy.moml.MoMLSimpleApplication@386a7e88
reloadAllAccessors: .PublisherSubscriberD3

===========================================================================================
----------------- testing Fri Sep 27 05:52:39 UTC 2019 /home/travis/build/icyphy/ptII/ptolemy/actor/lib/test/auto/PublisherSubscriberD3Reverse.xml
----------------- Instantiating /home/travis/build/icyphy/ptII/ptolemy/actor/lib/test/auto/PublisherSubscriberD3Reverse.xml
2 ms. Memory: 579584K Free: 389014K (67%)
----------------- Invoking toplevel() on ptolemy.moml.MoMLSimpleApplication@78736500
----------------- Done invoking toplevel() on ptolemy.moml.MoMLSimpleApplication@78736500
reloadAllAccessors: .PublisherSubscriberD3Reverse

===========================================================================================
----------------- testing Fri Sep 27 05:52:39 UTC 2019 /home/travis/build/icyphy/ptII/ptolemy/actor/lib/test/auto/PublisherSubscriberExpression.xml
----------------- Instantiating /home/travis/build/icyphy/ptII/ptolemy/actor/lib/test/auto/PublisherSubscriberExpression.xml
8 ms. Memory: 579584K Free: 380278K (66%)
----------------- Invoking toplevel() on ptolemy.moml.MoMLSimpleApplication@562042fa
----------------- Done invoking toplevel() on ptolemy.moml.MoMLSimpleApplication@562042fa
reloadAllAccessors: .PublisherSubscriberExpression

===========================================================================================
----------------- testing Fri Sep 27 05:52:39 UTC 2019 /home/travis/build/icyphy/ptII/ptolemy/actor/lib/test/auto/PublisherSubscriberOpaque.xml
----------------- Instantiating /home/travis/build/icyphy/ptII/ptolemy/actor/lib/test/auto/PublisherSubscriberOpaque.xml
6 ms. Memory: 579584K Free: 372630K (64%)
----------------- Invoking toplevel() on ptolemy.moml.MoMLSimpleApplication@da41fef
----------------- Done invoking toplevel() on ptolemy.moml.MoMLSimpleApplication@da41fef
reloadAllAccessors: .PublisherSubscriberOpaque

===========================================================================================
----------------- testing Fri Sep 27 05:52:39 UTC 2019 /home/travis/build/icyphy/ptII/ptolemy/actor/lib/test/auto/PublisherSubscriberOpaqueD3.xml
----------------- Instantiating /home/travis/build/icyphy/ptII/ptolemy/actor/lib/test/auto/PublisherSubscriberOpaqueD3.xml
6 ms. Memory: 579584K Free: 360852K (62%)
----------------- Invoking toplevel() on ptolemy.moml.MoMLSimpleApplication@2b1be3f7
----------------- Done invoking toplevel() on ptolemy.moml.MoMLSimpleApplication@2b1be3f7
reloadAllAccessors: .PublisherSubscriberOpaqueD3

===========================================================================================
----------------- testing Fri Sep 27 05:52:39 UTC 2019 /home/travis/build/icyphy/ptII/ptolemy/actor/lib/test/auto/PublisherSubscriberOpaqueD3Reverse.xml
----------------- Instantiating /home/travis/build/icyphy/ptII/ptolemy/actor/lib/test/auto/PublisherSubscriberOpaqueD3Reverse.xml
9 ms. Memory: 579584K Free: 350102K (60%)
----------------- Invoking toplevel() on ptolemy.moml.MoMLSimpleApplication@220135b8
----------------- Done invoking toplevel() on ptolemy.moml.MoMLSimpleApplication@220135b8
reloadAllAccessors: .PublisherSubscriberOpaqueD3Reverse

===========================================================================================
----------------- testing Fri Sep 27 05:52:39 UTC 2019 /home/travis/build/icyphy/ptII/ptolemy/actor/lib/test/auto/PublisherSubscriberOpaqueWidthInference.xml
----------------- Instantiating /home/travis/build/icyphy/ptII/ptolemy/actor/lib/test/auto/PublisherSubscriberOpaqueWidthInference.xml
6 ms. Memory: 579584K Free: 341910K (59%)
----------------- Invoking toplevel() on ptolemy.moml.MoMLSimpleApplication@425b1252
----------------- Done invoking toplevel() on ptolemy.moml.MoMLSimpleApplication@425b1252
reloadAllAccessors: .PublisherSubscriberOpaqueWidthInference

===========================================================================================
----------------- testing Fri Sep 27 05:52:39 UTC 2019 /home/travis/build/icyphy/ptII/ptolemy/actor/lib/test/auto/PublisherTestSubscriber.xml
----------------- Instantiating /home/travis/build/icyphy/ptII/ptolemy/actor/lib/test/auto/PublisherTestSubscriber.xml
3 ms. Memory: 579584K Free: 334222K (58%)
----------------- Invoking toplevel() on ptolemy.moml.MoMLSimpleApplication@1d5d3030
----------------- Done invoking toplevel() on ptolemy.moml.MoMLSimpleApplication@1d5d3030
reloadAllAccessors: .PublisherTestSubscriber

===========================================================================================
----------------- testing Fri Sep 27 05:52:39 UTC 2019 /home/travis/build/icyphy/ptII/ptolemy/actor/lib/test/auto/PublisherToplevelSubscriberPortAOC.xml
----------------- Instantiating /home/travis/build/icyphy/ptII/ptolemy/actor/lib/test/auto/PublisherToplevelSubscriberPortAOC.xml
2 ms. Memory: 579584K Free: 327574K (57%)
----------------- Invoking toplevel() on ptolemy.moml.MoMLSimpleApplication@19fca94e
----------------- Done invoking toplevel() on ptolemy.moml.MoMLSimpleApplication@19fca94e
reloadAllAccessors: .PublisherToplevelSubscriberPortAOC

===========================================================================================
----------------- testing Fri Sep 27 05:52:39 UTC 2019 /home/travis/build/icyphy/ptII/ptolemy/actor/lib/test/auto/PulseFiringLimitDE.xml
----------------- Instantiating /home/travis/build/icyphy/ptII/ptolemy/actor/lib/test/auto/PulseFiringLimitDE.xml
2 ms. Memory: 579584K Free: 321430K (55%)
----------------- Invoking toplevel() on ptolemy.moml.MoMLSimpleApplication@3a630e5e
----------------- Done invoking toplevel() on ptolemy.moml.MoMLSimpleApplication@3a630e5e
reloadAllAccessors: .PulseFiringLimitDE

===========================================================================================
----------------- testing Fri Sep 27 05:52:39 UTC 2019 /home/travis/build/icyphy/ptII/ptolemy/actor/lib/test/auto/Ramp1.xml
----------------- Instantiating /home/travis/build/icyphy/ptII/ptolemy/actor/lib/test/auto/Ramp1.xml
1 ms. Memory: 579584K Free: 317334K (55%)
----------------- Invoking toplevel() on ptolemy.moml.MoMLSimpleApplication@288d73ee
----------------- Done invoking toplevel() on ptolemy.moml.MoMLSimpleApplication@288d73ee
reloadAllAccessors: .Ramp1

===========================================================================================
----------------- testing Fri Sep 27 05:52:39 UTC 2019 /home/travis/build/icyphy/ptII/ptolemy/actor/lib/test/auto/RampFiringLimitDE.xml
----------------- Instantiating /home/travis/build/icyphy/ptII/ptolemy/actor/lib/test/auto/RampFiringLimitDE.xml
3 ms. Memory: 579584K Free: 311190K (54%)
----------------- Invoking toplevel() on ptolemy.moml.MoMLSimpleApplication@1e9b37bf
----------------- Done invoking toplevel() on ptolemy.moml.MoMLSimpleApplication@1e9b37bf
reloadAllAccessors: .RampFiringLimitDE

===========================================================================================
----------------- testing Fri Sep 27 05:52:39 UTC 2019 /home/travis/build/icyphy/ptII/ptolemy/actor/lib/test/auto/RampFiringLimitSDF.xml
----------------- Instantiating /home/travis/build/icyphy/ptII/ptolemy/actor/lib/test/auto/RampFiringLimitSDF.xml
2 ms. Memory: 579584K Free: 306070K (53%)
----------------- Invoking toplevel() on ptolemy.moml.MoMLSimpleApplication@50f27447
----------------- Done invoking toplevel() on ptolemy.moml.MoMLSimpleApplication@50f27447
reloadAllAccessors: .RampFiringLimitSDF

===========================================================================================
----------------- testing Fri Sep 27 05:52:39 UTC 2019 /home/travis/build/icyphy/ptII/ptolemy/actor/lib/test/auto/RandomInteger.xml
----------------- Instantiating /home/travis/build/icyphy/ptII/ptolemy/actor/lib/test/auto/RandomInteger.xml
2 ms. Memory: 579584K Free: 301974K (52%)
----------------- Invoking toplevel() on ptolemy.moml.MoMLSimpleApplication@4609066e
----------------- Done invoking toplevel() on ptolemy.moml.MoMLSimpleApplication@4609066e
reloadAllAccessors: .RandomInteger

===========================================================================================
----------------- testing Fri Sep 27 05:52:39 UTC 2019 /home/travis/build/icyphy/ptII/ptolemy/actor/lib/test/auto/ReadFile1.xml
----------------- Instantiating /home/travis/build/icyphy/ptII/ptolemy/actor/lib/test/auto/ReadFile1.xml
2 ms. Memory: 579584K Free: 297364K (51%)
----------------- Invoking toplevel() on ptolemy.moml.MoMLSimpleApplication@17ae61b5
----------------- Done invoking toplevel() on ptolemy.moml.MoMLSimpleApplication@17ae61b5
reloadAllAccessors: .ReadFile1

===========================================================================================
----------------- testing Fri Sep 27 05:52:39 UTC 2019 /home/travis/build/icyphy/ptII/ptolemy/actor/lib/test/auto/ReadFile2.xml
----------------- Instantiating /home/travis/build/icyphy/ptII/ptolemy/actor/lib/test/auto/ReadFile2.xml
2 ms. Memory: 579584K Free: 293268K (51%)
----------------- Invoking toplevel() on ptolemy.moml.MoMLSimpleApplication@1e01c494
----------------- Done invoking toplevel() on ptolemy.moml.MoMLSimpleApplication@1e01c494
reloadAllAccessors: .ReadFile2

===========================================================================================
----------------- testing Fri Sep 27 05:52:39 UTC 2019 /home/travis/build/icyphy/ptII/ptolemy/actor/lib/test/auto/Reader.xml
----------------- Instantiating /home/travis/build/icyphy/ptII/ptolemy/actor/lib/test/auto/Reader.xml
actor.lib.Reader is obsolete, use actor.lib.io.ExpressionReader instead
5 ms. Memory: 579584K Free: 289172K (50%)
----------------- Invoking toplevel() on ptolemy.moml.MoMLSimpleApplication@131d98ee
----------------- Done invoking toplevel() on ptolemy.moml.MoMLSimpleApplication@131d98ee
reloadAllAccessors: .Reader

===========================================================================================
----------------- testing Fri Sep 27 05:52:39 UTC 2019 /home/travis/build/icyphy/ptII/ptolemy/actor/lib/test/auto/RecordAssemblerDisplayNameTest.xml
----------------- Instantiating /home/travis/build/icyphy/ptII/ptolemy/actor/lib/test/auto/RecordAssemblerDisplayNameTest.xml
3754 ms. Memory: 579584K Free: 434412K (75%)
----------------- Invoking toplevel() on ptolemy.moml.MoMLSimpleApplication@ccc7356
----------------- Done invoking toplevel() on ptolemy.moml.MoMLSimpleApplication@ccc7356
reloadAllAccessors: .RecordAssemblerDisplayNameTest

===========================================================================================
----------------- testing Fri Sep 27 05:52:43 UTC 2019 /home/travis/build/icyphy/ptII/ptolemy/actor/lib/test/auto/RecordAssemblerTypeError.xml
----------------- Instantiating /home/travis/build/icyphy/ptII/ptolemy/actor/lib/test/auto/RecordAssemblerTypeError.xml
17 ms. Memory: 579584K Free: 424686K (73%)
----------------- Invoking toplevel() on ptolemy.moml.MoMLSimpleApplication@5df3883a
----------------- Done invoking toplevel() on ptolemy.moml.MoMLSimpleApplication@5df3883a
reloadAllAccessors: .RecordAssemblerTypeError

===========================================================================================
----------------- testing Fri Sep 27 05:52:43 UTC 2019 /home/travis/build/icyphy/ptII/ptolemy/actor/lib/test/auto/RecordDisassember.xml
----------------- Instantiating /home/travis/build/icyphy/ptII/ptolemy/actor/lib/test/auto/RecordDisassember.xml
5 ms. Memory: 579584K Free: 420046K (72%)
----------------- Invoking toplevel() on ptolemy.moml.MoMLSimpleApplication@2091a26b
----------------- Done invoking toplevel() on ptolemy.moml.MoMLSimpleApplication@2091a26b
reloadAllAccessors: .RecordDisassember

===========================================================================================
----------------- testing Fri Sep 27 05:52:43 UTC 2019 /home/travis/build/icyphy/ptII/ptolemy/actor/lib/test/auto/RecordDisassemberDisplayNameTest.xml
----------------- Instantiating /home/travis/build/icyphy/ptII/ptolemy/actor/lib/test/auto/RecordDisassemberDisplayNameTest.xml
6 ms. Memory: 579584K Free: 411884K (71%)
----------------- Invoking toplevel() on ptolemy.moml.MoMLSimpleApplication@1c610e63
----------------- Done invoking toplevel() on ptolemy.moml.MoMLSimpleApplication@1c610e63
reloadAllAccessors: .RecordDisassemberDisplayNameTest

===========================================================================================
----------------- testing Fri Sep 27 05:52:43 UTC 2019 /home/travis/build/icyphy/ptII/ptolemy/actor/lib/test/auto/RecordDisassembler.xml
----------------- Instantiating /home/travis/build/icyphy/ptII/ptolemy/actor/lib/test/auto/RecordDisassembler.xml
3 ms. Memory: 579584K Free: 406734K (70%)
----------------- Invoking toplevel() on ptolemy.moml.MoMLSimpleApplication@686b9174
----------------- Done invoking toplevel() on ptolemy.moml.MoMLSimpleApplication@686b9174
reloadAllAccessors: .RecordDisassembler

===========================================================================================
----------------- testing Fri Sep 27 05:52:43 UTC 2019 /home/travis/build/icyphy/ptII/ptolemy/actor/lib/test/auto/RecordDisassembler2.xml
----------------- Instantiating /home/travis/build/icyphy/ptII/ptolemy/actor/lib/test/auto/RecordDisassembler2.xml
3 ms. Memory: 579584K Free: 401614K (69%)
----------------- Invoking toplevel() on ptolemy.moml.MoMLSimpleApplication@6ef7c4da
----------------- Done invoking toplevel() on ptolemy.moml.MoMLSimpleApplication@6ef7c4da
reloadAllAccessors: .RecordDisassembler2

===========================================================================================
----------------- testing Fri Sep 27 05:52:43 UTC 2019 /home/travis/build/icyphy/ptII/ptolemy/actor/lib/test/auto/RecordUpdater.xml
----------------- Instantiating /home/travis/build/icyphy/ptII/ptolemy/actor/lib/test/auto/RecordUpdater.xml
2 ms. Memory: 579584K Free: 397038K (69%)
----------------- Invoking toplevel() on ptolemy.moml.MoMLSimpleApplication@4ece1012
----------------- Done invoking toplevel() on ptolemy.moml.MoMLSimpleApplication@4ece1012
reloadAllAccessors: .RecordUpdater

===========================================================================================
----------------- testing Fri Sep 27 05:52:43 UTC 2019 /home/travis/build/icyphy/ptII/ptolemy/actor/lib/test/auto/RecordUpdater2.xml
----------------- Instantiating /home/travis/build/icyphy/ptII/ptolemy/actor/lib/test/auto/RecordUpdater2.xml
2 ms. Memory: 579584K Free: 391918K (68%)
----------------- Invoking toplevel() on ptolemy.moml.MoMLSimpleApplication@427d2a14
----------------- Done invoking toplevel() on ptolemy.moml.MoMLSimpleApplication@427d2a14
reloadAllAccessors: .RecordUpdater2

===========================================================================================
----------------- testing Fri Sep 27 05:52:43 UTC 2019 /home/travis/build/icyphy/ptII/ptolemy/actor/lib/test/auto/RecursiveLattice.xml
----------------- Instantiating /home/travis/build/icyphy/ptII/ptolemy/actor/lib/test/auto/RecursiveLattice.xml
1 ms. Memory: 579584K Free: 387822K (67%)
----------------- Invoking toplevel() on ptolemy.moml.MoMLSimpleApplication@49442ac7
----------------- Done invoking toplevel() on ptolemy.moml.MoMLSimpleApplication@49442ac7
reloadAllAccessors: .RecursiveLattice

===========================================================================================
----------------- testing Fri Sep 27 05:52:43 UTC 2019 /home/travis/build/icyphy/ptII/ptolemy/actor/lib/test/auto/Router.xml
----------------- Instantiating /home/travis/build/icyphy/ptII/ptolemy/actor/lib/test/auto/Router.xml
3005 ms. Memory: 579584K Free: 376044K (65%)
----------------- Invoking toplevel() on ptolemy.moml.MoMLSimpleApplication@6a1ccc34
----------------- Done invoking toplevel() on ptolemy.moml.MoMLSimpleApplication@6a1ccc34
reloadAllAccessors: .Router

===========================================================================================
----------------- testing Fri Sep 27 05:52:46 UTC 2019 /home/travis/build/icyphy/ptII/ptolemy/actor/lib/test/auto/Router2.xml
----------------- Instantiating /home/travis/build/icyphy/ptII/ptolemy/actor/lib/test/auto/Router2.xml
3005 ms. Memory: 579584K Free: 365804K (63%)
----------------- Invoking toplevel() on ptolemy.moml.MoMLSimpleApplication@62dea4c8
----------------- Done invoking toplevel() on ptolemy.moml.MoMLSimpleApplication@62dea4c8
reloadAllAccessors: .Router2

===========================================================================================
----------------- testing Fri Sep 27 05:52:49 UTC 2019 /home/travis/build/icyphy/ptII/ptolemy/actor/lib/test/auto/RunningMaximum.xml
----------------- Instantiating /home/travis/build/icyphy/ptII/ptolemy/actor/lib/test/auto/RunningMaximum.xml
5 ms. Memory: 579584K Free: 361198K (62%)
----------------- Invoking toplevel() on ptolemy.moml.MoMLSimpleApplication@6c8fdf7c
----------------- Done invoking toplevel() on ptolemy.moml.MoMLSimpleApplication@6c8fdf7c
reloadAllAccessors: .RunningMaximum

===========================================================================================
----------------- testing Fri Sep 27 05:52:49 UTC 2019 /home/travis/build/icyphy/ptII/ptolemy/actor/lib/test/auto/RunningMinimum.xml
----------------- Instantiating /home/travis/build/icyphy/ptII/ptolemy/actor/lib/test/auto/RunningMinimum.xml
12 ms. Memory: 579584K Free: 356588K (62%)
----------------- Invoking toplevel() on ptolemy.moml.MoMLSimpleApplication@353671f7
----------------- Done invoking toplevel() on ptolemy.moml.MoMLSimpleApplication@353671f7
reloadAllAccessors: .RunningMinimum

===========================================================================================
----------------- testing Fri Sep 27 05:52:49 UTC 2019 /home/travis/build/icyphy/ptII/ptolemy/actor/lib/test/auto/Scale.xml
----------------- Instantiating /home/travis/build/icyphy/ptII/ptolemy/actor/lib/test/auto/Scale.xml
1 ms. Memory: 579584K Free: 351982K (61%)
----------------- Invoking toplevel() on ptolemy.moml.MoMLSimpleApplication@3ee9380c
----------------- Done invoking toplevel() on ptolemy.moml.MoMLSimpleApplication@3ee9380c
reloadAllAccessors: .Scale

===========================================================================================
----------------- testing Fri Sep 27 05:52:49 UTC 2019 /home/travis/build/icyphy/ptII/ptolemy/actor/lib/test/auto/Scale2.xml
----------------- Instantiating /home/travis/build/icyphy/ptII/ptolemy/actor/lib/test/auto/Scale2.xml
2 ms. Memory: 579584K Free: 347372K (60%)
----------------- Invoking toplevel() on ptolemy.moml.MoMLSimpleApplication@65977ed0
----------------- Done invoking toplevel() on ptolemy.moml.MoMLSimpleApplication@65977ed0
reloadAllAccessors: .Scale2

===========================================================================================
----------------- testing Fri Sep 27 05:52:49 UTC 2019 /home/travis/build/icyphy/ptII/ptolemy/actor/lib/test/auto/Scale3.xml
----------------- Instantiating /home/travis/build/icyphy/ptII/ptolemy/actor/lib/test/auto/Scale3.xml
3 ms. Memory: 579584K Free: 340718K (59%)
----------------- Invoking toplevel() on ptolemy.moml.MoMLSimpleApplication@461b367d
----------------- Done invoking toplevel() on ptolemy.moml.MoMLSimpleApplication@461b367d
reloadAllAccessors: .Scale3

===========================================================================================
----------------- testing Fri Sep 27 05:52:49 UTC 2019 /home/travis/build/icyphy/ptII/ptolemy/actor/lib/test/auto/ScaleArray.xml
----------------- Instantiating /home/travis/build/icyphy/ptII/ptolemy/actor/lib/test/auto/ScaleArray.xml
2 ms. Memory: 579584K Free: 336108K (58%)
----------------- Invoking toplevel() on ptolemy.moml.MoMLSimpleApplication@143027e1
----------------- Done invoking toplevel() on ptolemy.moml.MoMLSimpleApplication@143027e1
reloadAllAccessors: .ScaleArray

===========================================================================================
----------------- testing Fri Sep 27 05:52:49 UTC 2019 /home/travis/build/icyphy/ptII/ptolemy/actor/lib/test/auto/ScaleArray2.xml
----------------- Instantiating /home/travis/build/icyphy/ptII/ptolemy/actor/lib/test/auto/ScaleArray2.xml
1 ms. Memory: 579584K Free: 331982K (57%)
----------------- Invoking toplevel() on ptolemy.moml.MoMLSimpleApplication@7569f518
----------------- Done invoking toplevel() on ptolemy.moml.MoMLSimpleApplication@7569f518
reloadAllAccessors: .ScaleArray2

===========================================================================================
----------------- testing Fri Sep 27 05:52:49 UTC 2019 /home/travis/build/icyphy/ptII/ptolemy/actor/lib/test/auto/ScaleMatrix.xml
----------------- Instantiating /home/travis/build/icyphy/ptII/ptolemy/actor/lib/test/auto/ScaleMatrix.xml
175 ms. Memory: 579584K Free: 316142K (55%)
----------------- Invoking toplevel() on ptolemy.moml.MoMLSimpleApplication@34b6b1d8
----------------- Done invoking toplevel() on ptolemy.moml.MoMLSimpleApplication@34b6b1d8
reloadAllAccessors: .ScaleMatrix

===========================================================================================
----------------- testing Fri Sep 27 05:52:49 UTC 2019 /home/travis/build/icyphy/ptII/ptolemy/actor/lib/test/auto/Select.xml
----------------- Instantiating /home/travis/build/icyphy/ptII/ptolemy/actor/lib/test/auto/Select.xml
3 ms. Memory: 579584K Free: 309998K (53%)
----------------- Invoking toplevel() on ptolemy.moml.MoMLSimpleApplication@3e7412f9
----------------- Done invoking toplevel() on ptolemy.moml.MoMLSimpleApplication@3e7412f9
reloadAllAccessors: .Select

===========================================================================================
----------------- testing Fri Sep 27 05:52:49 UTC 2019 /home/travis/build/icyphy/ptII/ptolemy/actor/lib/test/auto/Select2.xml
----------------- Instantiating /home/travis/build/icyphy/ptII/ptolemy/actor/lib/test/auto/Select2.xml
1 ms. Memory: 579584K Free: 305388K (53%)
----------------- Invoking toplevel() on ptolemy.moml.MoMLSimpleApplication@6447677e
----------------- Done invoking toplevel() on ptolemy.moml.MoMLSimpleApplication@6447677e
reloadAllAccessors: .Select2

===========================================================================================
----------------- testing Fri Sep 27 05:52:49 UTC 2019 /home/travis/build/icyphy/ptII/ptolemy/actor/lib/test/auto/SequenceToArray2.xml
----------------- Instantiating /home/travis/build/icyphy/ptII/ptolemy/actor/lib/test/auto/SequenceToArray2.xml
107 ms. Memory: 579584K Free: 281326K (49%)
----------------- Invoking toplevel() on ptolemy.moml.MoMLSimpleApplication@77c62fca
----------------- Done invoking toplevel() on ptolemy.moml.MoMLSimpleApplication@77c62fca
reloadAllAccessors: .SequenceToArray2

===========================================================================================
----------------- testing Fri Sep 27 05:52:50 UTC 2019 /home/travis/build/icyphy/ptII/ptolemy/actor/lib/test/auto/SequentialClock.xml
----------------- Instantiating /home/travis/build/icyphy/ptII/ptolemy/actor/lib/test/auto/SequentialClock.xml
2 ms. Memory: 579584K Free: 277230K (48%)
----------------- Invoking toplevel() on ptolemy.moml.MoMLSimpleApplication@1af1176b
----------------- Done invoking toplevel() on ptolemy.moml.MoMLSimpleApplication@1af1176b
reloadAllAccessors: .SequentialClock

===========================================================================================
----------------- testing Fri Sep 27 05:52:50 UTC 2019 /home/travis/build/icyphy/ptII/ptolemy/actor/lib/test/auto/SetVariable.xml
----------------- Instantiating /home/travis/build/icyphy/ptII/ptolemy/actor/lib/test/auto/SetVariable.xml
5 ms. Memory: 579584K Free: 272620K (47%)
----------------- Invoking toplevel() on ptolemy.moml.MoMLSimpleApplication@39609bf0
----------------- Done invoking toplevel() on ptolemy.moml.MoMLSimpleApplication@39609bf0
reloadAllAccessors: .SetVariable

===========================================================================================
----------------- testing Fri Sep 27 05:52:50 UTC 2019 /home/travis/build/icyphy/ptII/ptolemy/actor/lib/test/auto/SetVariable2.xml
----------------- Instantiating /home/travis/build/icyphy/ptII/ptolemy/actor/lib/test/auto/SetVariable2.xml
3 ms. Memory: 579584K Free: 267500K (46%)
----------------- Invoking toplevel() on ptolemy.moml.MoMLSimpleApplication@70bc2cda
----------------- Done invoking toplevel() on ptolemy.moml.MoMLSimpleApplication@70bc2cda
reloadAllAccessors: .SetVariable2

===========================================================================================
----------------- testing Fri Sep 27 05:52:50 UTC 2019 /home/travis/build/icyphy/ptII/ptolemy/actor/lib/test/auto/SetVariable3.xml
----------------- Instantiating /home/travis/build/icyphy/ptII/ptolemy/actor/lib/test/auto/SetVariable3.xml
7 ms. Memory: 579584K Free: 261870K (45%)
----------------- Invoking toplevel() on ptolemy.moml.MoMLSimpleApplication@28643d08
----------------- Done invoking toplevel() on ptolemy.moml.MoMLSimpleApplication@28643d08
reloadAllAccessors: .SetVariable3

===========================================================================================
----------------- testing Fri Sep 27 05:52:50 UTC 2019 /home/travis/build/icyphy/ptII/ptolemy/actor/lib/test/auto/SetVariable4.xml
----------------- Instantiating /home/travis/build/icyphy/ptII/ptolemy/actor/lib/test/auto/SetVariable4.xml
17 ms. Memory: 579584K Free: 252652K (44%)
----------------- Invoking toplevel() on ptolemy.moml.MoMLSimpleApplication@2ab48288
----------------- Done invoking toplevel() on ptolemy.moml.MoMLSimpleApplication@2ab48288
reloadAllAccessors: .SetVariable4

===========================================================================================
----------------- testing Fri Sep 27 05:52:50 UTC 2019 /home/travis/build/icyphy/ptII/ptolemy/actor/lib/test/auto/SetVariable5.xml
----------------- Instantiating /home/travis/build/icyphy/ptII/ptolemy/actor/lib/test/auto/SetVariable5.xml
18 ms. Memory: 579584K Free: 243438K (42%)
----------------- Invoking toplevel() on ptolemy.moml.MoMLSimpleApplication@634b9e92
----------------- Done invoking toplevel() on ptolemy.moml.MoMLSimpleApplication@634b9e92
reloadAllAccessors: .SetVariable5

===========================================================================================
----------------- testing Fri Sep 27 05:52:50 UTC 2019 /home/travis/build/icyphy/ptII/ptolemy/actor/lib/test/auto/Sinewave.xml
----------------- Instantiating /home/travis/build/icyphy/ptII/ptolemy/actor/lib/test/auto/Sinewave.xml
5 ms. Memory: 579584K Free: 233198K (40%)
----------------- Invoking toplevel() on ptolemy.moml.MoMLSimpleApplication@e4f51fd
----------------- Done invoking toplevel() on ptolemy.moml.MoMLSimpleApplication@e4f51fd
reloadAllAccessors: .Sinewave

===========================================================================================
----------------- testing Fri Sep 27 05:52:50 UTC 2019 /home/travis/build/icyphy/ptII/ptolemy/actor/lib/test/auto/Sinewave2.xml
----------------- Instantiating /home/travis/build/icyphy/ptII/ptolemy/actor/lib/test/auto/Sinewave2.xml
10 ms. Memory: 579584K Free: 225006K (39%)
----------------- Invoking toplevel() on ptolemy.moml.MoMLSimpleApplication@16d66754
----------------- Done invoking toplevel() on ptolemy.moml.MoMLSimpleApplication@16d66754
reloadAllAccessors: .Sinewave2

===========================================================================================
----------------- testing Fri Sep 27 05:52:50 UTC 2019 /home/travis/build/icyphy/ptII/ptolemy/actor/lib/test/auto/Sinewave3.xml
----------------- Instantiating /home/travis/build/icyphy/ptII/ptolemy/actor/lib/test/auto/Sinewave3.xml
7 ms. Memory: 579584K Free: 216814K (37%)
----------------- Invoking toplevel() on ptolemy.moml.MoMLSimpleApplication@1d1f4f51
----------------- Done invoking toplevel() on ptolemy.moml.MoMLSimpleApplication@1d1f4f51
reloadAllAccessors: .Sinewave3

===========================================================================================
----------------- testing Fri Sep 27 05:52:50 UTC 2019 /home/travis/build/icyphy/ptII/ptolemy/actor/lib/test/auto/SingleEvent.xml
----------------- Instantiating /home/travis/build/icyphy/ptII/ptolemy/actor/lib/test/auto/SingleEvent.xml
1 ms. Memory: 579584K Free: 212718K (37%)
----------------- Invoking toplevel() on ptolemy.moml.MoMLSimpleApplication@bb7597c
----------------- Done invoking toplevel() on ptolemy.moml.MoMLSimpleApplication@bb7597c
reloadAllAccessors: .SingleEvent

===========================================================================================
----------------- testing Fri Sep 27 05:52:50 UTC 2019 /home/travis/build/icyphy/ptII/ptolemy/actor/lib/test/auto/Sleep.xml
----------------- Instantiating /home/travis/build/icyphy/ptII/ptolemy/actor/lib/test/auto/Sleep.xml
6003 ms. Memory: 579584K Free: 207054K (36%)
----------------- Invoking toplevel() on ptolemy.moml.MoMLSimpleApplication@1b7399b6
----------------- Done invoking toplevel() on ptolemy.moml.MoMLSimpleApplication@1b7399b6
reloadAllAccessors: .Sleep

===========================================================================================
----------------- testing Fri Sep 27 05:52:56 UTC 2019 /home/travis/build/icyphy/ptII/ptolemy/actor/lib/test/auto/SleepMultipleFire.xml
----------------- Instantiating /home/travis/build/icyphy/ptII/ptolemy/actor/lib/test/auto/SleepMultipleFire.xml
1006 ms. Memory: 579584K Free: 201454K (35%)
----------------- Invoking toplevel() on ptolemy.moml.MoMLSimpleApplication@53b7f002
----------------- Done invoking toplevel() on ptolemy.moml.MoMLSimpleApplication@53b7f002
reloadAllAccessors: .SleepMultipleFire

===========================================================================================
----------------- testing Fri Sep 27 05:52:57 UTC 2019 /home/travis/build/icyphy/ptII/ptolemy/actor/lib/test/auto/StopDE.xml
----------------- Instantiating /home/travis/build/icyphy/ptII/ptolemy/actor/lib/test/auto/StopDE.xml
4 ms. Memory: 579584K Free: 195310K (34%)
----------------- Invoking toplevel() on ptolemy.moml.MoMLSimpleApplication@183dcec0
----------------- Done invoking toplevel() on ptolemy.moml.MoMLSimpleApplication@183dcec0
reloadAllAccessors: .StopDE

===========================================================================================
----------------- testing Fri Sep 27 05:52:57 UTC 2019 /home/travis/build/icyphy/ptII/ptolemy/actor/lib/test/auto/StopSDF.xml
----------------- Instantiating /home/travis/build/icyphy/ptII/ptolemy/actor/lib/test/auto/StopSDF.xml
2 ms. Memory: 579584K Free: 190190K (33%)
----------------- Invoking toplevel() on ptolemy.moml.MoMLSimpleApplication@df2deb3
----------------- Done invoking toplevel() on ptolemy.moml.MoMLSimpleApplication@df2deb3
reloadAllAccessors: .StopSDF

===========================================================================================
----------------- testing Fri Sep 27 05:52:57 UTC 2019 /home/travis/build/icyphy/ptII/ptolemy/actor/lib/test/auto/StringConstant.xml
----------------- Instantiating /home/travis/build/icyphy/ptII/ptolemy/actor/lib/test/auto/StringConstant.xml
10 ms. Memory: 579584K Free: 529425K (91%)
----------------- Invoking toplevel() on ptolemy.moml.MoMLSimpleApplication@649c993e
----------------- Done invoking toplevel() on ptolemy.moml.MoMLSimpleApplication@649c993e
reloadAllAccessors: .StringConstant

===========================================================================================
----------------- testing Fri Sep 27 05:52:57 UTC 2019 /home/travis/build/icyphy/ptII/ptolemy/actor/lib/test/auto/SubscriberPortInitialValues1.xml
----------------- Instantiating /home/travis/build/icyphy/ptII/ptolemy/actor/lib/test/auto/SubscriberPortInitialValues1.xml
6 ms. Memory: 579584K Free: 520211K (90%)
----------------- Invoking toplevel() on ptolemy.moml.MoMLSimpleApplication@658d35c3
----------------- Done invoking toplevel() on ptolemy.moml.MoMLSimpleApplication@658d35c3
reloadAllAccessors: .SubscriberPortInitialValues1

===========================================================================================
----------------- testing Fri Sep 27 05:52:57 UTC 2019 /home/travis/build/icyphy/ptII/ptolemy/actor/lib/test/auto/SubscriberPortInitialValues13.xml
----------------- Instantiating /home/travis/build/icyphy/ptII/ptolemy/actor/lib/test/auto/SubscriberPortInitialValues13.xml
6 ms. Memory: 579584K Free: 507413K (88%)
----------------- Invoking toplevel() on ptolemy.moml.MoMLSimpleApplication@7a8d8386
----------------- Done invoking toplevel() on ptolemy.moml.MoMLSimpleApplication@7a8d8386
reloadAllAccessors: .SubscriberPortInitialValues13

===========================================================================================
----------------- testing Fri Sep 27 05:52:57 UTC 2019 /home/travis/build/icyphy/ptII/ptolemy/actor/lib/test/auto/SubscriberPortInitialValues14.xml
----------------- Instantiating /home/travis/build/icyphy/ptII/ptolemy/actor/lib/test/auto/SubscriberPortInitialValues14.xml
5 ms. Memory: 579584K Free: 499731K (86%)
----------------- Invoking toplevel() on ptolemy.moml.MoMLSimpleApplication@44747cc0
----------------- Done invoking toplevel() on ptolemy.moml.MoMLSimpleApplication@44747cc0
reloadAllAccessors: .SubscriberPortInitialValues14

===========================================================================================
----------------- testing Fri Sep 27 05:52:57 UTC 2019 /home/travis/build/icyphy/ptII/ptolemy/actor/lib/test/auto/SubscriberPortInitialValues2.xml
----------------- Instantiating /home/travis/build/icyphy/ptII/ptolemy/actor/lib/test/auto/SubscriberPortInitialValues2.xml
4 ms. Memory: 579584K Free: 492053K (85%)
----------------- Invoking toplevel() on ptolemy.moml.MoMLSimpleApplication@7ace5273
----------------- Done invoking toplevel() on ptolemy.moml.MoMLSimpleApplication@7ace5273
reloadAllAccessors: .SubscriberPortInitialValues2

===========================================================================================
----------------- testing Fri Sep 27 05:52:57 UTC 2019 /home/travis/build/icyphy/ptII/ptolemy/actor/lib/test/auto/SubscriberPortInitialValues3.xml
----------------- Instantiating /home/travis/build/icyphy/ptII/ptolemy/actor/lib/test/auto/SubscriberPortInitialValues3.xml
5 ms. Memory: 579584K Free: 481299K (83%)
----------------- Invoking toplevel() on ptolemy.moml.MoMLSimpleApplication@77184cd2
----------------- Done invoking toplevel() on ptolemy.moml.MoMLSimpleApplication@77184cd2
reloadAllAccessors: .SubscriberPortInitialValues3

===========================================================================================
----------------- testing Fri Sep 27 05:52:57 UTC 2019 /home/travis/build/icyphy/ptII/ptolemy/actor/lib/test/auto/SubscriptionAggregator.xml
----------------- Instantiating /home/travis/build/icyphy/ptII/ptolemy/actor/lib/test/auto/SubscriptionAggregator.xml
3 ms. Memory: 579584K Free: 474645K (82%)
----------------- Invoking toplevel() on ptolemy.moml.MoMLSimpleApplication@4fef24fd
----------------- Done invoking toplevel() on ptolemy.moml.MoMLSimpleApplication@4fef24fd
reloadAllAccessors: .SubscriptionAggregator

===========================================================================================
----------------- testing Fri Sep 27 05:52:57 UTC 2019 /home/travis/build/icyphy/ptII/ptolemy/actor/lib/test/auto/SubscriptionAggregator2.xml
----------------- Instantiating /home/travis/build/icyphy/ptII/ptolemy/actor/lib/test/auto/SubscriptionAggregator2.xml
3 ms. Memory: 579584K Free: 467477K (81%)
----------------- Invoking toplevel() on ptolemy.moml.MoMLSimpleApplication@1d2ab3b9
----------------- Done invoking toplevel() on ptolemy.moml.MoMLSimpleApplication@1d2ab3b9
reloadAllAccessors: .SubscriptionAggregator2

===========================================================================================
----------------- testing Fri Sep 27 05:52:57 UTC 2019 /home/travis/build/icyphy/ptII/ptolemy/actor/lib/test/auto/SubscriptionAggregator3.xml
----------------- Instantiating /home/travis/build/icyphy/ptII/ptolemy/actor/lib/test/auto/SubscriptionAggregator3.xml
5 ms. Memory: 579584K Free: 458757K (79%)
----------------- Invoking toplevel() on ptolemy.moml.MoMLSimpleApplication@40b55e3b
----------------- Done invoking toplevel() on ptolemy.moml.MoMLSimpleApplication@40b55e3b
reloadAllAccessors: .SubscriptionAggregator3

===========================================================================================
----------------- testing Fri Sep 27 05:52:57 UTC 2019 /home/travis/build/icyphy/ptII/ptolemy/actor/lib/test/auto/SubscriptionAggregatorMultiply.xml
----------------- Instantiating /home/travis/build/icyphy/ptII/ptolemy/actor/lib/test/auto/SubscriptionAggregatorMultiply.xml
11 ms. Memory: 579584K Free: 450069K (78%)
----------------- Invoking toplevel() on ptolemy.moml.MoMLSimpleApplication@6fb99977
----------------- Done invoking toplevel() on ptolemy.moml.MoMLSimpleApplication@6fb99977
reloadAllAccessors: .SubscriptionAggregatorMultiply

===========================================================================================
----------------- testing Fri Sep 27 05:52:57 UTC 2019 /home/travis/build/icyphy/ptII/ptolemy/actor/lib/test/auto/SubscriptionAggregatorPortMultiply1.xml
----------------- Instantiating /home/travis/build/icyphy/ptII/ptolemy/actor/lib/test/auto/SubscriptionAggregatorPortMultiply1.xml
4 ms. Memory: 579584K Free: 441877K (76%)
----------------- Invoking toplevel() on ptolemy.moml.MoMLSimpleApplication@1c28ce28
----------------- Done invoking toplevel() on ptolemy.moml.MoMLSimpleApplication@1c28ce28
reloadAllAccessors: .SubscriptionAggregatorPortMultiply1

===========================================================================================
----------------- testing Fri Sep 27 05:52:57 UTC 2019 /home/travis/build/icyphy/ptII/ptolemy/actor/lib/test/auto/Switch.xml
----------------- Instantiating /home/travis/build/icyphy/ptII/ptolemy/actor/lib/test/auto/Switch.xml
7 ms. Memory: 579584K Free: 433685K (75%)
----------------- Invoking toplevel() on ptolemy.moml.MoMLSimpleApplication@503574a9
----------------- Done invoking toplevel() on ptolemy.moml.MoMLSimpleApplication@503574a9
reloadAllAccessors: .Switch

===========================================================================================
----------------- testing Fri Sep 27 05:52:57 UTC 2019 /home/travis/build/icyphy/ptII/ptolemy/actor/lib/test/auto/Switch2.xml
----------------- Instantiating /home/travis/build/icyphy/ptII/ptolemy/actor/lib/test/auto/Switch2.xml
2 ms. Memory: 579584K Free: 429075K (74%)
----------------- Invoking toplevel() on ptolemy.moml.MoMLSimpleApplication@cf509ce
----------------- Done invoking toplevel() on ptolemy.moml.MoMLSimpleApplication@cf509ce
reloadAllAccessors: .Switch2

===========================================================================================
----------------- testing Fri Sep 27 05:52:57 UTC 2019 /home/travis/build/icyphy/ptII/ptolemy/actor/lib/test/auto/SwitchDE.xml
----------------- Instantiating /home/travis/build/icyphy/ptII/ptolemy/actor/lib/test/auto/SwitchDE.xml
3 ms. Memory: 579584K Free: 422421K (73%)
----------------- Invoking toplevel() on ptolemy.moml.MoMLSimpleApplication@c9cd3e1
----------------- Done invoking toplevel() on ptolemy.moml.MoMLSimpleApplication@c9cd3e1
reloadAllAccessors: .SwitchDE

===========================================================================================
----------------- testing Fri Sep 27 05:52:57 UTC 2019 /home/travis/build/icyphy/ptII/ptolemy/actor/lib/test/auto/SynchronizerDE.xml
----------------- Instantiating /home/travis/build/icyphy/ptII/ptolemy/actor/lib/test/auto/SynchronizerDE.xml
8 ms. Memory: 579584K Free: 414229K (71%)
----------------- Invoking toplevel() on ptolemy.moml.MoMLSimpleApplication@7f715581
----------------- Done invoking toplevel() on ptolemy.moml.MoMLSimpleApplication@7f715581
reloadAllAccessors: .SynchronizerDE

===========================================================================================
----------------- testing Fri Sep 27 05:52:57 UTC 2019 /home/travis/build/icyphy/ptII/ptolemy/actor/lib/test/auto/Test.xml
----------------- Instantiating /home/travis/build/icyphy/ptII/ptolemy/actor/lib/test/auto/Test.xml
9 ms. Memory: 579584K Free: 409109K (71%)
----------------- Invoking toplevel() on ptolemy.moml.MoMLSimpleApplication@697d4b99
----------------- Done invoking toplevel() on ptolemy.moml.MoMLSimpleApplication@697d4b99
reloadAllAccessors: .Test

===========================================================================================
----------------- testing Fri Sep 27 05:52:57 UTC 2019 /home/travis/build/icyphy/ptII/ptolemy/actor/lib/test/auto/TestExceptionAttribute1.xml
----------------- Instantiating /home/travis/build/icyphy/ptII/ptolemy/actor/lib/test/auto/TestExceptionAttribute1.xml
2 ms. Memory: 579584K Free: 405523K (70%)
----------------- Invoking toplevel() on ptolemy.moml.MoMLSimpleApplication@36d5ff57
----------------- Done invoking toplevel() on ptolemy.moml.MoMLSimpleApplication@36d5ff57
reloadAllAccessors: .TestExceptionAttribute1

===========================================================================================
----------------- testing Fri Sep 27 05:52:57 UTC 2019 /home/travis/build/icyphy/ptII/ptolemy/actor/lib/test/auto/TestExceptionAttribute2.xml
----------------- Instantiating /home/travis/build/icyphy/ptII/ptolemy/actor/lib/test/auto/TestExceptionAttribute2.xml
1 ms. Memory: 579584K Free: 401941K (69%)
----------------- Invoking toplevel() on ptolemy.moml.MoMLSimpleApplication@3d37b702
----------------- Done invoking toplevel() on ptolemy.moml.MoMLSimpleApplication@3d37b702
reloadAllAccessors: .TestExceptionAttribute2

===========================================================================================
----------------- testing Fri Sep 27 05:52:57 UTC 2019 /home/travis/build/icyphy/ptII/ptolemy/actor/lib/test/auto/TestExceptionAttribute3.xml
----------------- Instantiating /home/travis/build/icyphy/ptII/ptolemy/actor/lib/test/auto/TestExceptionAttribute3.xml
.TestExceptionAttribute3.TestExceptionAttribute: initialize() was not invoked, but wrapup() was.  This is unusual, but not always a problem.  For example, exporting JNLP will do this.
0 ms. Memory: 579584K Free: 398355K (69%)
----------------- Invoking toplevel() on ptolemy.moml.MoMLSimpleApplication@4b237e4a
----------------- Done invoking toplevel() on ptolemy.moml.MoMLSimpleApplication@4b237e4a
reloadAllAccessors: .TestExceptionAttribute3

===========================================================================================
----------------- testing Fri Sep 27 05:52:57 UTC 2019 /home/travis/build/icyphy/ptII/ptolemy/actor/lib/test/auto/TestExceptionAttribute4.xml
----------------- Instantiating /home/travis/build/icyphy/ptII/ptolemy/actor/lib/test/auto/TestExceptionAttribute4.xml
.TestExceptionAttribute4.TestExceptionAttribute: initialize() was not invoked, but wrapup() was.  This is unusual, but not always a problem.  For example, exporting JNLP will do this.
.TestExceptionAttribute4.TestExceptionAttribute2: initialize() was not invoked, but wrapup() was.  This is unusual, but not always a problem.  For example, exporting JNLP will do this.
0 ms. Memory: 579584K Free: 394259K (68%)
----------------- Invoking toplevel() on ptolemy.moml.MoMLSimpleApplication@4397455d
----------------- Done invoking toplevel() on ptolemy.moml.MoMLSimpleApplication@4397455d
reloadAllAccessors: .TestExceptionAttribute4

===========================================================================================
----------------- testing Fri Sep 27 05:52:57 UTC 2019 /home/travis/build/icyphy/ptII/ptolemy/actor/lib/test/auto/TestExceptionHandler1.xml
----------------- Instantiating /home/travis/build/icyphy/ptII/ptolemy/actor/lib/test/auto/TestExceptionHandler1.xml
1 ms. Memory: 579584K Free: 390677K (67%)
----------------- Invoking toplevel() on ptolemy.moml.MoMLSimpleApplication@4e3385bd
----------------- Done invoking toplevel() on ptolemy.moml.MoMLSimpleApplication@4e3385bd
reloadAllAccessors: .TestExceptionHandler1

===========================================================================================
----------------- testing Fri Sep 27 05:52:57 UTC 2019 /home/travis/build/icyphy/ptII/ptolemy/actor/lib/test/auto/TestExceptionHandler2.xml
----------------- Instantiating /home/travis/build/icyphy/ptII/ptolemy/actor/lib/test/auto/TestExceptionHandler2.xml
1 ms. Memory: 579584K Free: 387091K (67%)
----------------- Invoking toplevel() on ptolemy.moml.MoMLSimpleApplication@4336c312
----------------- Done invoking toplevel() on ptolemy.moml.MoMLSimpleApplication@4336c312
reloadAllAccessors: .TestExceptionHandler2

===========================================================================================
----------------- testing Fri Sep 27 05:52:57 UTC 2019 /home/travis/build/icyphy/ptII/ptolemy/actor/lib/test/auto/TestExceptionHandler3.xml
----------------- Instantiating /home/travis/build/icyphy/ptII/ptolemy/actor/lib/test/auto/TestExceptionHandler3.xml
1 ms. Memory: 579584K Free: 383509K (66%)
----------------- Invoking toplevel() on ptolemy.moml.MoMLSimpleApplication@1cb79977
----------------- Done invoking toplevel() on ptolemy.moml.MoMLSimpleApplication@1cb79977
reloadAllAccessors: .TestExceptionHandler3

===========================================================================================
----------------- testing Fri Sep 27 05:52:57 UTC 2019 /home/travis/build/icyphy/ptII/ptolemy/actor/lib/test/auto/TestExceptionHandler4.xml
----------------- Instantiating /home/travis/build/icyphy/ptII/ptolemy/actor/lib/test/auto/TestExceptionHandler4.xml
1 ms. Memory: 579584K Free: 379413K (65%)
----------------- Invoking toplevel() on ptolemy.moml.MoMLSimpleApplication@1cd096a
----------------- Done invoking toplevel() on ptolemy.moml.MoMLSimpleApplication@1cd096a
reloadAllAccessors: .TestExceptionHandler4

===========================================================================================
----------------- testing Fri Sep 27 05:52:57 UTC 2019 /home/travis/build/icyphy/ptII/ptolemy/actor/lib/test/auto/TestRequireCorrectOrder.xml
----------------- Instantiating /home/travis/build/icyphy/ptII/ptolemy/actor/lib/test/auto/TestRequireCorrectOrder.xml
6 ms. Memory: 579584K Free: 373773K (64%)
----------------- Invoking toplevel() on ptolemy.moml.MoMLSimpleApplication@37a2f55a
----------------- Done invoking toplevel() on ptolemy.moml.MoMLSimpleApplication@37a2f55a
reloadAllAccessors: .TestRequireCorrectOrder

===========================================================================================
----------------- testing Fri Sep 27 05:52:57 UTC 2019 /home/travis/build/icyphy/ptII/ptolemy/actor/lib/test/auto/TestSimple.xml
----------------- Instantiating /home/travis/build/icyphy/ptII/ptolemy/actor/lib/test/auto/TestSimple.xml
2 ms. Memory: 579584K Free: 369683K (64%)
----------------- Invoking toplevel() on ptolemy.moml.MoMLSimpleApplication@51b38ed9
----------------- Done invoking toplevel() on ptolemy.moml.MoMLSimpleApplication@51b38ed9
reloadAllAccessors: .TestSimple

===========================================================================================
----------------- testing Fri Sep 27 05:52:57 UTC 2019 /home/travis/build/icyphy/ptII/ptolemy/actor/lib/test/auto/ThrowModelError.xml
----------------- Instantiating /home/travis/build/icyphy/ptII/ptolemy/actor/lib/test/auto/ThrowModelError.xml
2 ms. Memory: 579584K Free: 365077K (63%)
----------------- Invoking toplevel() on ptolemy.moml.MoMLSimpleApplication@2d70de4b
----------------- Done invoking toplevel() on ptolemy.moml.MoMLSimpleApplication@2d70de4b
reloadAllAccessors: .ThrowModelError

===========================================================================================
----------------- testing Fri Sep 27 05:52:58 UTC 2019 /home/travis/build/icyphy/ptII/ptolemy/actor/lib/test/auto/TimeDelayMicrosteps.xml
----------------- Instantiating /home/travis/build/icyphy/ptII/ptolemy/actor/lib/test/auto/TimeDelayMicrosteps.xml
3 ms. Memory: 579584K Free: 358405K (62%)
----------------- Invoking toplevel() on ptolemy.moml.MoMLSimpleApplication@283500b9
----------------- Done invoking toplevel() on ptolemy.moml.MoMLSimpleApplication@283500b9
reloadAllAccessors: .TimeDelayMicrosteps

===========================================================================================
----------------- testing Fri Sep 27 05:52:58 UTC 2019 /home/travis/build/icyphy/ptII/ptolemy/actor/lib/test/auto/TimeDelayMicrosteps2.xml
----------------- Instantiating /home/travis/build/icyphy/ptII/ptolemy/actor/lib/test/auto/TimeDelayMicrosteps2.xml
4 ms. Memory: 579584K Free: 351237K (61%)
----------------- Invoking toplevel() on ptolemy.moml.MoMLSimpleApplication@63e63506
----------------- Done invoking toplevel() on ptolemy.moml.MoMLSimpleApplication@63e63506
reloadAllAccessors: .TimeDelayMicrosteps2

===========================================================================================
----------------- testing Fri Sep 27 05:52:58 UTC 2019 /home/travis/build/icyphy/ptII/ptolemy/actor/lib/test/auto/TimeDelayMicrosteps3.xml
----------------- Instantiating /home/travis/build/icyphy/ptII/ptolemy/actor/lib/test/auto/TimeDelayMicrosteps3.xml
2 ms. Memory: 579584K Free: 344597K (59%)
----------------- Invoking toplevel() on ptolemy.moml.MoMLSimpleApplication@71e171d8
----------------- Done invoking toplevel() on ptolemy.moml.MoMLSimpleApplication@71e171d8
reloadAllAccessors: .TimeDelayMicrosteps3

===========================================================================================
----------------- testing Fri Sep 27 05:52:58 UTC 2019 /home/travis/build/icyphy/ptII/ptolemy/actor/lib/test/auto/TimeDelayVariableMicrosteps.xml
----------------- Instantiating /home/travis/build/icyphy/ptII/ptolemy/actor/lib/test/auto/TimeDelayVariableMicrosteps.xml
4 ms. Memory: 579584K Free: 337939K (58%)
----------------- Invoking toplevel() on ptolemy.moml.MoMLSimpleApplication@69b963f5
----------------- Done invoking toplevel() on ptolemy.moml.MoMLSimpleApplication@69b963f5
reloadAllAccessors: .TimeDelayVariableMicrosteps

===========================================================================================
----------------- testing Fri Sep 27 05:52:58 UTC 2019 /home/travis/build/icyphy/ptII/ptolemy/actor/lib/test/auto/TimeGap.xml
----------------- Instantiating /home/travis/build/icyphy/ptII/ptolemy/actor/lib/test/auto/TimeGap.xml
3 ms. Memory: 579584K Free: 331765K (57%)
----------------- Invoking toplevel() on ptolemy.moml.MoMLSimpleApplication@2f1e6a51
----------------- Done invoking toplevel() on ptolemy.moml.MoMLSimpleApplication@2f1e6a51
reloadAllAccessors: .TimeGap

===========================================================================================
----------------- testing Fri Sep 27 05:52:58 UTC 2019 /home/travis/build/icyphy/ptII/ptolemy/actor/lib/test/auto/TimeGap2.xml
----------------- Instantiating /home/travis/build/icyphy/ptII/ptolemy/actor/lib/test/auto/TimeGap2.xml
2 ms. Memory: 579584K Free: 326165K (56%)
----------------- Invoking toplevel() on ptolemy.moml.MoMLSimpleApplication@5bb3ecf9
----------------- Done invoking toplevel() on ptolemy.moml.MoMLSimpleApplication@5bb3ecf9
reloadAllAccessors: .TimeGap2

===========================================================================================
----------------- testing Fri Sep 27 05:52:58 UTC 2019 /home/travis/build/icyphy/ptII/ptolemy/actor/lib/test/auto/TimedSinewave.xml
----------------- Instantiating /home/travis/build/icyphy/ptII/ptolemy/actor/lib/test/auto/TimedSinewave.xml
29 ms. Memory: 579584K Free: 311829K (54%)
----------------- Invoking toplevel() on ptolemy.moml.MoMLSimpleApplication@3e5f5908
----------------- Done invoking toplevel() on ptolemy.moml.MoMLSimpleApplication@3e5f5908
reloadAllAccessors: .TimedSinewave

===========================================================================================
----------------- testing Fri Sep 27 05:52:58 UTC 2019 /home/travis/build/icyphy/ptII/ptolemy/actor/lib/test/auto/TimedSinewavePhase.xml
----------------- Instantiating /home/travis/build/icyphy/ptII/ptolemy/actor/lib/test/auto/TimedSinewavePhase.xml
11 ms. Memory: 579584K Free: 302099K (52%)
----------------- Invoking toplevel() on ptolemy.moml.MoMLSimpleApplication@5827ad94
----------------- Done invoking toplevel() on ptolemy.moml.MoMLSimpleApplication@5827ad94
reloadAllAccessors: .TimedSinewavePhase

===========================================================================================
----------------- testing Fri Sep 27 05:52:58 UTC 2019 /home/travis/build/icyphy/ptII/ptolemy/actor/lib/test/auto/Timer.xml
----------------- Instantiating /home/travis/build/icyphy/ptII/ptolemy/actor/lib/test/auto/Timer.xml
2 ms. Memory: 579584K Free: 296469K (51%)
----------------- Invoking toplevel() on ptolemy.moml.MoMLSimpleApplication@5b7d41d4
----------------- Done invoking toplevel() on ptolemy.moml.MoMLSimpleApplication@5b7d41d4
reloadAllAccessors: .Timer

===========================================================================================
----------------- testing Fri Sep 27 05:52:58 UTC 2019 /home/travis/build/icyphy/ptII/ptolemy/actor/lib/test/auto/TriangularDistTestModel.xml
----------------- Instantiating /home/travis/build/icyphy/ptII/ptolemy/actor/lib/test/auto/TriangularDistTestModel.xml
2 ms. Memory: 579584K Free: 290821K (50%)
----------------- Invoking toplevel() on ptolemy.moml.MoMLSimpleApplication@11586f33
----------------- Done invoking toplevel() on ptolemy.moml.MoMLSimpleApplication@11586f33
reloadAllAccessors: .TriangularDistTestModel

===========================================================================================
----------------- testing Fri Sep 27 05:52:58 UTC 2019 /home/travis/build/icyphy/ptII/ptolemy/actor/lib/test/auto/TrigFunction.xml
----------------- Instantiating /home/travis/build/icyphy/ptII/ptolemy/actor/lib/test/auto/TrigFunction.xml
2 ms. Memory: 579584K Free: 285715K (49%)
----------------- Invoking toplevel() on ptolemy.moml.MoMLSimpleApplication@4ff12dc0
----------------- Done invoking toplevel() on ptolemy.moml.MoMLSimpleApplication@4ff12dc0
reloadAllAccessors: .TrigFunction

===========================================================================================
----------------- testing Fri Sep 27 05:52:58 UTC 2019 /home/travis/build/icyphy/ptII/ptolemy/actor/lib/test/auto/TrigFunctionDE.xml
----------------- Instantiating /home/travis/build/icyphy/ptII/ptolemy/actor/lib/test/auto/TrigFunctionDE.xml
2 ms. Memory: 579584K Free: 279571K (48%)
----------------- Invoking toplevel() on ptolemy.moml.MoMLSimpleApplication@2e9d7e6d
----------------- Done invoking toplevel() on ptolemy.moml.MoMLSimpleApplication@2e9d7e6d
reloadAllAccessors: .TrigFunctionDE

===========================================================================================
----------------- testing Fri Sep 27 05:52:58 UTC 2019 /home/travis/build/icyphy/ptII/ptolemy/actor/lib/test/auto/TrigFunctionInverse.xml
----------------- Instantiating /home/travis/build/icyphy/ptII/ptolemy/actor/lib/test/auto/TrigFunctionInverse.xml
2 ms. Memory: 579584K Free: 274451K (47%)
----------------- Invoking toplevel() on ptolemy.moml.MoMLSimpleApplication@1a7a62c3
----------------- Done invoking toplevel() on ptolemy.moml.MoMLSimpleApplication@1a7a62c3
reloadAllAccessors: .TrigFunctionInverse

===========================================================================================
----------------- testing Fri Sep 27 05:52:58 UTC 2019 /home/travis/build/icyphy/ptII/ptolemy/actor/lib/test/auto/TrigFunctionTan.xml
----------------- Instantiating /home/travis/build/icyphy/ptII/ptolemy/actor/lib/test/auto/TrigFunctionTan.xml
2 ms. Memory: 579584K Free: 270355K (47%)
----------------- Invoking toplevel() on ptolemy.moml.MoMLSimpleApplication@662f7f68
----------------- Done invoking toplevel() on ptolemy.moml.MoMLSimpleApplication@662f7f68
reloadAllAccessors: .TrigFunctionTan

===========================================================================================
----------------- testing Fri Sep 27 05:52:58 UTC 2019 /home/travis/build/icyphy/ptII/ptolemy/actor/lib/test/auto/TriggeredClock.xml
----------------- Instantiating /home/travis/build/icyphy/ptII/ptolemy/actor/lib/test/auto/TriggeredClock.xml
1 ms. Memory: 579584K Free: 265717K (46%)
----------------- Invoking toplevel() on ptolemy.moml.MoMLSimpleApplication@64aa0e5e
----------------- Done invoking toplevel() on ptolemy.moml.MoMLSimpleApplication@64aa0e5e
reloadAllAccessors: .TriggeredClock

===========================================================================================
----------------- testing Fri Sep 27 05:52:58 UTC 2019 /home/travis/build/icyphy/ptII/ptolemy/actor/lib/test/auto/URLDirectoryReader.xml
----------------- Instantiating /home/travis/build/icyphy/ptII/ptolemy/actor/lib/test/auto/URLDirectoryReader.xml
41 ms. Memory: 579584K Free: 256019K (44%)
----------------- Invoking toplevel() on ptolemy.moml.MoMLSimpleApplication@3241eec0
----------------- Done invoking toplevel() on ptolemy.moml.MoMLSimpleApplication@3241eec0
reloadAllAccessors: .URLDirectoryReader

===========================================================================================
----------------- testing Fri Sep 27 05:52:58 UTC 2019 /home/travis/build/icyphy/ptII/ptolemy/actor/lib/test/auto/URLDirectoryReader3.xml
----------------- Instantiating /home/travis/build/icyphy/ptII/ptolemy/actor/lib/test/auto/URLDirectoryReader3.xml
1078 ms. Memory: 579584K Free: 521830K (90%)
----------------- Invoking toplevel() on ptolemy.moml.MoMLSimpleApplication@5778e1dc
----------------- Done invoking toplevel() on ptolemy.moml.MoMLSimpleApplication@5778e1dc
reloadAllAccessors: .URLDirectoryReader3

===========================================================================================
----------------- testing Fri Sep 27 05:52:59 UTC 2019 /home/travis/build/icyphy/ptII/ptolemy/actor/lib/test/auto/UnaryMathFunction.xml
----------------- Instantiating /home/travis/build/icyphy/ptII/ptolemy/actor/lib/test/auto/UnaryMathFunction.xml
3 ms. Memory: 579584K Free: 514148K (89%)
----------------- Invoking toplevel() on ptolemy.moml.MoMLSimpleApplication@3813d574
----------------- Done invoking toplevel() on ptolemy.moml.MoMLSimpleApplication@3813d574
reloadAllAccessors: .UnaryMathFunction

===========================================================================================
----------------- testing Fri Sep 27 05:52:59 UTC 2019 /home/travis/build/icyphy/ptII/ptolemy/actor/lib/test/auto/Uniform.xml
----------------- Instantiating /home/travis/build/icyphy/ptII/ptolemy/actor/lib/test/auto/Uniform.xml
1 ms. Memory: 579584K Free: 509542K (88%)
----------------- Invoking toplevel() on ptolemy.moml.MoMLSimpleApplication@bc54dfb
----------------- Done invoking toplevel() on ptolemy.moml.MoMLSimpleApplication@bc54dfb
reloadAllAccessors: .Uniform

===========================================================================================
----------------- testing Fri Sep 27 05:52:59 UTC 2019 /home/travis/build/icyphy/ptII/ptolemy/actor/lib/test/auto/UnionDisassemblerTest.xml
----------------- Instantiating /home/travis/build/icyphy/ptII/ptolemy/actor/lib/test/auto/UnionDisassemblerTest.xml
10 ms. Memory: 579584K Free: 504932K (87%)
----------------- Invoking toplevel() on ptolemy.moml.MoMLSimpleApplication@7b718ce7
----------------- Done invoking toplevel() on ptolemy.moml.MoMLSimpleApplication@7b718ce7
reloadAllAccessors: .UnionDisassemblerTest

===========================================================================================
----------------- testing Fri Sep 27 05:52:59 UTC 2019 /home/travis/build/icyphy/ptII/ptolemy/actor/lib/test/auto/UtilityFunctions.xml
----------------- Instantiating /home/travis/build/icyphy/ptII/ptolemy/actor/lib/test/auto/UtilityFunctions.xml
1 ms. Memory: 579584K Free: 500836K (86%)
----------------- Invoking toplevel() on ptolemy.moml.MoMLSimpleApplication@39ae3078
----------------- Done invoking toplevel() on ptolemy.moml.MoMLSimpleApplication@39ae3078
reloadAllAccessors: .UtilityFunctions

===========================================================================================
----------------- testing Fri Sep 27 05:52:59 UTC 2019 /home/travis/build/icyphy/ptII/ptolemy/actor/lib/test/auto/VariableSleep.xml
----------------- Instantiating /home/travis/build/icyphy/ptII/ptolemy/actor/lib/test/auto/VariableSleep.xml
503 ms. Memory: 579584K Free: 495716K (86%)
----------------- Invoking toplevel() on ptolemy.moml.MoMLSimpleApplication@785e513e
----------------- Done invoking toplevel() on ptolemy.moml.MoMLSimpleApplication@785e513e
reloadAllAccessors: .VariableSleep

===========================================================================================
----------------- testing Fri Sep 27 05:53:00 UTC 2019 /home/travis/build/icyphy/ptII/ptolemy/actor/lib/test/auto/VectorAssemblerDisassemblerCT.xml
----------------- Instantiating /home/travis/build/icyphy/ptII/ptolemy/actor/lib/test/auto/VectorAssemblerDisassemblerCT.xml
91 ms. Memory: 579584K Free: 475236K (82%)
----------------- Invoking toplevel() on ptolemy.moml.MoMLSimpleApplication@13187d3a
----------------- Done invoking toplevel() on ptolemy.moml.MoMLSimpleApplication@13187d3a
reloadAllAccessors: .VectorAssemblerDisassemblerCT

===========================================================================================
----------------- testing Fri Sep 27 05:53:00 UTC 2019 /home/travis/build/icyphy/ptII/ptolemy/actor/lib/test/auto/VectorAssemblerDisassemblerDE.xml
----------------- Instantiating /home/travis/build/icyphy/ptII/ptolemy/actor/lib/test/auto/VectorAssemblerDisassemblerDE.xml
3 ms. Memory: 579584K Free: 468068K (81%)
----------------- Invoking toplevel() on ptolemy.moml.MoMLSimpleApplication@7e93e225
----------------- Done invoking toplevel() on ptolemy.moml.MoMLSimpleApplication@7e93e225
reloadAllAccessors: .VectorAssemblerDisassemblerDE

===========================================================================================
----------------- testing Fri Sep 27 05:53:00 UTC 2019 /home/travis/build/icyphy/ptII/ptolemy/actor/lib/test/auto/VectorAssemblerDisassemblerSDF.xml
----------------- Instantiating /home/travis/build/icyphy/ptII/ptolemy/actor/lib/test/auto/VectorAssemblerDisassemblerSDF.xml
4 ms. Memory: 579584K Free: 461414K (80%)
----------------- Invoking toplevel() on ptolemy.moml.MoMLSimpleApplication@610d07a
----------------- Done invoking toplevel() on ptolemy.moml.MoMLSimpleApplication@610d07a
reloadAllAccessors: .VectorAssemblerDisassemblerSDF

===========================================================================================
----------------- testing Fri Sep 27 05:53:00 UTC 2019 /home/travis/build/icyphy/ptII/ptolemy/actor/lib/test/auto/WallClockTime.xml
----------------- Instantiating /home/travis/build/icyphy/ptII/ptolemy/actor/lib/test/auto/WallClockTime.xml
1005 ms. Memory: 579584K Free: 454756K (78%)
----------------- Invoking toplevel() on ptolemy.moml.MoMLSimpleApplication@14a3c213
----------------- Done invoking toplevel() on ptolemy.moml.MoMLSimpleApplication@14a3c213
reloadAllAccessors: .WallClockTime

===========================================================================================
----------------- testing Fri Sep 27 05:53:01 UTC 2019 /home/travis/build/icyphy/ptII/ptolemy/actor/lib/test/auto/WidthTestWithSubscriberPublisher.xml
----------------- Instantiating /home/travis/build/icyphy/ptII/ptolemy/actor/lib/test/auto/WidthTestWithSubscriberPublisher.xml
8 ms. Memory: 579584K Free: 436838K (75%)
----------------- Invoking toplevel() on ptolemy.moml.MoMLSimpleApplication@4085fb9f
----------------- Done invoking toplevel() on ptolemy.moml.MoMLSimpleApplication@4085fb9f
reloadAllAccessors: .WidthTestWithSubscriberPublisher

===========================================================================================
----------------- testing Fri Sep 27 05:53:01 UTC 2019 /home/travis/build/icyphy/ptII/ptolemy/actor/lib/test/auto/WidthTestWithSubscriberPublisher2.xml
----------------- Instantiating /home/travis/build/icyphy/ptII/ptolemy/actor/lib/test/auto/WidthTestWithSubscriberPublisher2.xml
3 ms. Memory: 579584K Free: 430694K (74%)
----------------- Invoking toplevel() on ptolemy.moml.MoMLSimpleApplication@24e1076
----------------- Done invoking toplevel() on ptolemy.moml.MoMLSimpleApplication@24e1076
reloadAllAccessors: .WidthTestWithSubscriberPublisher2

===========================================================================================
----------------- testing Fri Sep 27 05:53:01 UTC 2019 /home/travis/build/icyphy/ptII/ptolemy/actor/lib/test/auto/WidthTestWithSubscriberPublisher3.xml
----------------- Instantiating /home/travis/build/icyphy/ptII/ptolemy/actor/lib/test/auto/WidthTestWithSubscriberPublisher3.xml
2 ms. Memory: 579584K Free: 425060K (73%)
----------------- Invoking toplevel() on ptolemy.moml.MoMLSimpleApplication@f08945d
----------------- Done invoking toplevel() on ptolemy.moml.MoMLSimpleApplication@f08945d
reloadAllAccessors: .WidthTestWithSubscriberPublisher3

===========================================================================================
----------------- testing Fri Sep 27 05:53:01 UTC 2019 /home/travis/build/icyphy/ptII/ptolemy/actor/lib/test/auto/Writer.xml
----------------- Instantiating /home/travis/build/icyphy/ptII/ptolemy/actor/lib/test/auto/Writer.xml
0
1
2
3
4
1 ms. Memory: 579584K Free: 420950K (73%)
----------------- Invoking toplevel() on ptolemy.moml.MoMLSimpleApplication@5a811554
----------------- Done invoking toplevel() on ptolemy.moml.MoMLSimpleApplication@5a811554
reloadAllAccessors: .Writer

===========================================================================================
----------------- testing Fri Sep 27 05:53:01 UTC 2019 /home/travis/build/icyphy/ptII/ptolemy/actor/lib/test/auto/array.xml
----------------- Instantiating /home/travis/build/icyphy/ptII/ptolemy/actor/lib/test/auto/array.xml
2 ms. Memory: 579584K Free: 415844K (72%)
----------------- Invoking toplevel() on ptolemy.moml.MoMLSimpleApplication@17312950
----------------- Done invoking toplevel() on ptolemy.moml.MoMLSimpleApplication@17312950
reloadAllAccessors: .array

===========================================================================================
----------------- testing Fri Sep 27 05:53:01 UTC 2019 /home/travis/build/icyphy/ptII/ptolemy/actor/lib/test/auto/array2.xml
----------------- Instantiating /home/travis/build/icyphy/ptII/ptolemy/actor/lib/test/auto/array2.xml
3 ms. Memory: 579584K Free: 410710K (71%)
----------------- Invoking toplevel() on ptolemy.moml.MoMLSimpleApplication@2ed5f0e9
----------------- Done invoking toplevel() on ptolemy.moml.MoMLSimpleApplication@2ed5f0e9
reloadAllAccessors: .array2

===========================================================================================
----------------- testing Fri Sep 27 05:53:01 UTC 2019 /home/travis/build/icyphy/ptII/ptolemy/actor/lib/test/auto/arrayType.xml
----------------- Instantiating /home/travis/build/icyphy/ptII/ptolemy/actor/lib/test/auto/arrayType.xml
1 ms. Memory: 579584K Free: 405604K (70%)
----------------- Invoking toplevel() on ptolemy.moml.MoMLSimpleApplication@205df2cb
----------------- Done invoking toplevel() on ptolemy.moml.MoMLSimpleApplication@205df2cb
reloadAllAccessors: .arrayType

===========================================================================================
----------------- testing Fri Sep 27 05:53:01 UTC 2019 /home/travis/build/icyphy/ptII/ptolemy/actor/lib/test/auto/arrayType10.xml
----------------- Instantiating /home/travis/build/icyphy/ptII/ptolemy/actor/lib/test/auto/arrayType10.xml
1 ms. Memory: 579584K Free: 400998K (69%)
----------------- Invoking toplevel() on ptolemy.moml.MoMLSimpleApplication@22b38875
----------------- Done invoking toplevel() on ptolemy.moml.MoMLSimpleApplication@22b38875
reloadAllAccessors: .arrayType10

===========================================================================================
----------------- testing Fri Sep 27 05:53:01 UTC 2019 /home/travis/build/icyphy/ptII/ptolemy/actor/lib/test/auto/arrayType11.xml
----------------- Instantiating /home/travis/build/icyphy/ptII/ptolemy/actor/lib/test/auto/arrayType11.xml
2 ms. Memory: 579584K Free: 395878K (68%)
----------------- Invoking toplevel() on ptolemy.moml.MoMLSimpleApplication@672f6b51
----------------- Done invoking toplevel() on ptolemy.moml.MoMLSimpleApplication@672f6b51
reloadAllAccessors: .arrayType11

===========================================================================================
----------------- testing Fri Sep 27 05:53:01 UTC 2019 /home/travis/build/icyphy/ptII/ptolemy/actor/lib/test/auto/arrayType12.xml
----------------- Instantiating /home/travis/build/icyphy/ptII/ptolemy/actor/lib/test/auto/arrayType12.xml
2 ms. Memory: 579584K Free: 391268K (68%)
----------------- Invoking toplevel() on ptolemy.moml.MoMLSimpleApplication@38910359
----------------- Done invoking toplevel() on ptolemy.moml.MoMLSimpleApplication@38910359
reloadAllAccessors: .arrayType12

===========================================================================================
----------------- testing Fri Sep 27 05:53:01 UTC 2019 /home/travis/build/icyphy/ptII/ptolemy/actor/lib/test/auto/arrayType13.xml
----------------- Instantiating /home/travis/build/icyphy/ptII/ptolemy/actor/lib/test/auto/arrayType13.xml
1 ms. Memory: 579584K Free: 386148K (67%)
----------------- Invoking toplevel() on ptolemy.moml.MoMLSimpleApplication@65ef322e
----------------- Done invoking toplevel() on ptolemy.moml.MoMLSimpleApplication@65ef322e
reloadAllAccessors: .arrayType13

===========================================================================================
----------------- testing Fri Sep 27 05:53:01 UTC 2019 /home/travis/build/icyphy/ptII/ptolemy/actor/lib/test/auto/arrayType14.xml
----------------- Instantiating /home/travis/build/icyphy/ptII/ptolemy/actor/lib/test/auto/arrayType14.xml
2 ms. Memory: 579584K Free: 381028K (66%)
----------------- Invoking toplevel() on ptolemy.moml.MoMLSimpleApplication@7bedfecd
----------------- Done invoking toplevel() on ptolemy.moml.MoMLSimpleApplication@7bedfecd
reloadAllAccessors: .arrayType14

===========================================================================================
----------------- testing Fri Sep 27 05:53:01 UTC 2019 /home/travis/build/icyphy/ptII/ptolemy/actor/lib/test/auto/arrayType15.xml
----------------- Instantiating /home/travis/build/icyphy/ptII/ptolemy/actor/lib/test/auto/arrayType15.xml
6 ms. Memory: 579584K Free: 375908K (65%)
----------------- Invoking toplevel() on ptolemy.moml.MoMLSimpleApplication@4836575d
----------------- Done invoking toplevel() on ptolemy.moml.MoMLSimpleApplication@4836575d
reloadAllAccessors: .arrayType15

===========================================================================================
----------------- testing Fri Sep 27 05:53:01 UTC 2019 /home/travis/build/icyphy/ptII/ptolemy/actor/lib/test/auto/arrayType16.xml
----------------- Instantiating /home/travis/build/icyphy/ptII/ptolemy/actor/lib/test/auto/arrayType16.xml
2 ms. Memory: 579584K Free: 370278K (64%)
----------------- Invoking toplevel() on ptolemy.moml.MoMLSimpleApplication@1e5643ed
----------------- Done invoking toplevel() on ptolemy.moml.MoMLSimpleApplication@1e5643ed
reloadAllAccessors: .arrayType16

===========================================================================================
----------------- testing Fri Sep 27 05:53:01 UTC 2019 /home/travis/build/icyphy/ptII/ptolemy/actor/lib/test/auto/arrayType17.xml
----------------- Instantiating /home/travis/build/icyphy/ptII/ptolemy/actor/lib/test/auto/arrayType17.xml
2 ms. Memory: 579584K Free: 365158K (63%)
----------------- Invoking toplevel() on ptolemy.moml.MoMLSimpleApplication@8ab7fd2
----------------- Done invoking toplevel() on ptolemy.moml.MoMLSimpleApplication@8ab7fd2
reloadAllAccessors: .arrayType17

===========================================================================================
----------------- testing Fri Sep 27 05:53:01 UTC 2019 /home/travis/build/icyphy/ptII/ptolemy/actor/lib/test/auto/arrayType18.xml
----------------- Instantiating /home/travis/build/icyphy/ptII/ptolemy/actor/lib/test/auto/arrayType18.xml
1 ms. Memory: 579584K Free: 360548K (62%)
----------------- Invoking toplevel() on ptolemy.moml.MoMLSimpleApplication@3cb5b90c
----------------- Done invoking toplevel() on ptolemy.moml.MoMLSimpleApplication@3cb5b90c
reloadAllAccessors: .arrayType18

===========================================================================================
----------------- testing Fri Sep 27 05:53:01 UTC 2019 /home/travis/build/icyphy/ptII/ptolemy/actor/lib/test/auto/arrayType19.xml
----------------- Instantiating /home/travis/build/icyphy/ptII/ptolemy/actor/lib/test/auto/arrayType19.xml
1 ms. Memory: 579584K Free: 355942K (61%)
----------------- Invoking toplevel() on ptolemy.moml.MoMLSimpleApplication@25cf49a4
----------------- Done invoking toplevel() on ptolemy.moml.MoMLSimpleApplication@25cf49a4
reloadAllAccessors: .arrayType19

===========================================================================================
----------------- testing Fri Sep 27 05:53:01 UTC 2019 /home/travis/build/icyphy/ptII/ptolemy/actor/lib/test/auto/arrayType2.xml
----------------- Instantiating /home/travis/build/icyphy/ptII/ptolemy/actor/lib/test/auto/arrayType2.xml
2 ms. Memory: 579584K Free: 350308K (60%)
----------------- Invoking toplevel() on ptolemy.moml.MoMLSimpleApplication@45c8b8a6
----------------- Done invoking toplevel() on ptolemy.moml.MoMLSimpleApplication@45c8b8a6
reloadAllAccessors: .arrayType2

===========================================================================================
----------------- testing Fri Sep 27 05:53:01 UTC 2019 /home/travis/build/icyphy/ptII/ptolemy/actor/lib/test/auto/arrayType20.xml
----------------- Instantiating /home/travis/build/icyphy/ptII/ptolemy/actor/lib/test/auto/arrayType20.xml
2 ms. Memory: 579584K Free: 345702K (60%)
----------------- Invoking toplevel() on ptolemy.moml.MoMLSimpleApplication@76902cb0
----------------- Done invoking toplevel() on ptolemy.moml.MoMLSimpleApplication@76902cb0
reloadAllAccessors: .arrayType20

===========================================================================================
----------------- testing Fri Sep 27 05:53:01 UTC 2019 /home/travis/build/icyphy/ptII/ptolemy/actor/lib/test/auto/arrayType21.xml
----------------- Instantiating /home/travis/build/icyphy/ptII/ptolemy/actor/lib/test/auto/arrayType21.xml
1 ms. Memory: 579584K Free: 341092K (59%)
----------------- Invoking toplevel() on ptolemy.moml.MoMLSimpleApplication@1205afe0
----------------- Done invoking toplevel() on ptolemy.moml.MoMLSimpleApplication@1205afe0
reloadAllAccessors: .arrayType21

===========================================================================================
----------------- testing Fri Sep 27 05:53:01 UTC 2019 /home/travis/build/icyphy/ptII/ptolemy/actor/lib/test/auto/arrayType22.xml
----------------- Instantiating /home/travis/build/icyphy/ptII/ptolemy/actor/lib/test/auto/arrayType22.xml
3 ms. Memory: 579584K Free: 336486K (58%)
----------------- Invoking toplevel() on ptolemy.moml.MoMLSimpleApplication@c6e152b
----------------- Done invoking toplevel() on ptolemy.moml.MoMLSimpleApplication@c6e152b
reloadAllAccessors: .arrayType22

===========================================================================================
----------------- testing Fri Sep 27 05:53:01 UTC 2019 /home/travis/build/icyphy/ptII/ptolemy/actor/lib/test/auto/arrayType23.xml
----------------- Instantiating /home/travis/build/icyphy/ptII/ptolemy/actor/lib/test/auto/arrayType23.xml
1 ms. Memory: 579584K Free: 331366K (57%)
----------------- Invoking toplevel() on ptolemy.moml.MoMLSimpleApplication@53ddc74e
----------------- Done invoking toplevel() on ptolemy.moml.MoMLSimpleApplication@53ddc74e
reloadAllAccessors: .arrayType23

===========================================================================================
----------------- testing Fri Sep 27 05:53:01 UTC 2019 /home/travis/build/icyphy/ptII/ptolemy/actor/lib/test/auto/arrayType24.xml
----------------- Instantiating /home/travis/build/icyphy/ptII/ptolemy/actor/lib/test/auto/arrayType24.xml
1 ms. Memory: 579584K Free: 326756K (56%)
----------------- Invoking toplevel() on ptolemy.moml.MoMLSimpleApplication@76783a59
----------------- Done invoking toplevel() on ptolemy.moml.MoMLSimpleApplication@76783a59
reloadAllAccessors: .arrayType24

===========================================================================================
----------------- testing Fri Sep 27 05:53:02 UTC 2019 /home/travis/build/icyphy/ptII/ptolemy/actor/lib/test/auto/arrayType25.xml
----------------- Instantiating /home/travis/build/icyphy/ptII/ptolemy/actor/lib/test/auto/arrayType25.xml
2 ms. Memory: 579584K Free: 321636K (55%)
----------------- Invoking toplevel() on ptolemy.moml.MoMLSimpleApplication@4b6ba3cc
----------------- Done invoking toplevel() on ptolemy.moml.MoMLSimpleApplication@4b6ba3cc
reloadAllAccessors: .arrayType25

===========================================================================================
----------------- testing Fri Sep 27 05:53:02 UTC 2019 /home/travis/build/icyphy/ptII/ptolemy/actor/lib/test/auto/arrayType26.xml
----------------- Instantiating /home/travis/build/icyphy/ptII/ptolemy/actor/lib/test/auto/arrayType26.xml
2 ms. Memory: 579584K Free: 316516K (55%)
----------------- Invoking toplevel() on ptolemy.moml.MoMLSimpleApplication@7b0de886
----------------- Done invoking toplevel() on ptolemy.moml.MoMLSimpleApplication@7b0de886
reloadAllAccessors: .arrayType26

===========================================================================================
----------------- testing Fri Sep 27 05:53:02 UTC 2019 /home/travis/build/icyphy/ptII/ptolemy/actor/lib/test/auto/arrayType27.xml
----------------- Instantiating /home/travis/build/icyphy/ptII/ptolemy/actor/lib/test/auto/arrayType27.xml
2 ms. Memory: 579584K Free: 310886K (54%)
----------------- Invoking toplevel() on ptolemy.moml.MoMLSimpleApplication@4febd458
----------------- Done invoking toplevel() on ptolemy.moml.MoMLSimpleApplication@4febd458
reloadAllAccessors: .arrayType27

===========================================================================================
----------------- testing Fri Sep 27 05:53:02 UTC 2019 /home/travis/build/icyphy/ptII/ptolemy/actor/lib/test/auto/arrayType28.xml
----------------- Instantiating /home/travis/build/icyphy/ptII/ptolemy/actor/lib/test/auto/arrayType28.xml
2 ms. Memory: 579584K Free: 305766K (53%)
----------------- Invoking toplevel() on ptolemy.moml.MoMLSimpleApplication@75d12568
----------------- Done invoking toplevel() on ptolemy.moml.MoMLSimpleApplication@75d12568
reloadAllAccessors: .arrayType28

===========================================================================================
----------------- testing Fri Sep 27 05:53:02 UTC 2019 /home/travis/build/icyphy/ptII/ptolemy/actor/lib/test/auto/arrayType3.xml
----------------- Instantiating /home/travis/build/icyphy/ptII/ptolemy/actor/lib/test/auto/arrayType3.xml
2 ms. Memory: 579584K Free: 300646K (52%)
----------------- Invoking toplevel() on ptolemy.moml.MoMLSimpleApplication@6d145af0
----------------- Done invoking toplevel() on ptolemy.moml.MoMLSimpleApplication@6d145af0
reloadAllAccessors: .arrayType3

===========================================================================================
----------------- testing Fri Sep 27 05:53:02 UTC 2019 /home/travis/build/icyphy/ptII/ptolemy/actor/lib/test/auto/arrayType4.xml
----------------- Instantiating /home/travis/build/icyphy/ptII/ptolemy/actor/lib/test/auto/arrayType4.xml
2 ms. Memory: 579584K Free: 295526K (51%)
----------------- Invoking toplevel() on ptolemy.moml.MoMLSimpleApplication@45c4857
----------------- Done invoking toplevel() on ptolemy.moml.MoMLSimpleApplication@45c4857
reloadAllAccessors: .arrayType4

===========================================================================================
----------------- testing Fri Sep 27 05:53:02 UTC 2019 /home/travis/build/icyphy/ptII/ptolemy/actor/lib/test/auto/arrayType5.xml
----------------- Instantiating /home/travis/build/icyphy/ptII/ptolemy/actor/lib/test/auto/arrayType5.xml
2 ms. Memory: 579584K Free: 289892K (50%)
----------------- Invoking toplevel() on ptolemy.moml.MoMLSimpleApplication@4d5be002
----------------- Done invoking toplevel() on ptolemy.moml.MoMLSimpleApplication@4d5be002
reloadAllAccessors: .arrayType5

===========================================================================================
----------------- testing Fri Sep 27 05:53:02 UTC 2019 /home/travis/build/icyphy/ptII/ptolemy/actor/lib/test/auto/arrayType6.xml
----------------- Instantiating /home/travis/build/icyphy/ptII/ptolemy/actor/lib/test/auto/arrayType6.xml
2 ms. Memory: 579584K Free: 285286K (49%)
----------------- Invoking toplevel() on ptolemy.moml.MoMLSimpleApplication@6c4b17e8
----------------- Done invoking toplevel() on ptolemy.moml.MoMLSimpleApplication@6c4b17e8
reloadAllAccessors: .arrayType6

===========================================================================================
----------------- testing Fri Sep 27 05:53:02 UTC 2019 /home/travis/build/icyphy/ptII/ptolemy/actor/lib/test/auto/arrayType7.xml
----------------- Instantiating /home/travis/build/icyphy/ptII/ptolemy/actor/lib/test/auto/arrayType7.xml
2 ms. Memory: 579584K Free: 280676K (48%)
----------------- Invoking toplevel() on ptolemy.moml.MoMLSimpleApplication@510f7b80
----------------- Done invoking toplevel() on ptolemy.moml.MoMLSimpleApplication@510f7b80
reloadAllAccessors: .arrayType7

===========================================================================================
----------------- testing Fri Sep 27 05:53:02 UTC 2019 /home/travis/build/icyphy/ptII/ptolemy/actor/lib/test/auto/arrayType8.xml
----------------- Instantiating /home/travis/build/icyphy/ptII/ptolemy/actor/lib/test/auto/arrayType8.xml
2 ms. Memory: 579584K Free: 275556K (48%)
----------------- Invoking toplevel() on ptolemy.moml.MoMLSimpleApplication@74861658
----------------- Done invoking toplevel() on ptolemy.moml.MoMLSimpleApplication@74861658
reloadAllAccessors: .arrayType8

===========================================================================================
----------------- testing Fri Sep 27 05:53:02 UTC 2019 /home/travis/build/icyphy/ptII/ptolemy/actor/lib/test/auto/arrayType9.xml
----------------- Instantiating /home/travis/build/icyphy/ptII/ptolemy/actor/lib/test/auto/arrayType9.xml
1 ms. Memory: 579584K Free: 270950K (47%)
----------------- Invoking toplevel() on ptolemy.moml.MoMLSimpleApplication@5b62dff8
----------------- Done invoking toplevel() on ptolemy.moml.MoMLSimpleApplication@5b62dff8
reloadAllAccessors: .arrayType9

===========================================================================================
----------------- testing Fri Sep 27 05:53:02 UTC 2019 /home/travis/build/icyphy/ptII/ptolemy/actor/lib/test/auto/cast.xml
----------------- Instantiating /home/travis/build/icyphy/ptII/ptolemy/actor/lib/test/auto/cast.xml
2 ms. Memory: 579584K Free: 266340K (46%)
----------------- Invoking toplevel() on ptolemy.moml.MoMLSimpleApplication@10534e21
----------------- Done invoking toplevel() on ptolemy.moml.MoMLSimpleApplication@10534e21
reloadAllAccessors: .cast

===========================================================================================
----------------- testing Fri Sep 27 05:53:02 UTC 2019 /home/travis/build/icyphy/ptII/ptolemy/actor/lib/test/auto/compositeMultiPort.xml
----------------- Instantiating /home/travis/build/icyphy/ptII/ptolemy/actor/lib/test/auto/compositeMultiPort.xml
4 ms. Memory: 579584K Free: 257638K (44%)
----------------- Invoking toplevel() on ptolemy.moml.MoMLSimpleApplication@6ce1e0cf
----------------- Done invoking toplevel() on ptolemy.moml.MoMLSimpleApplication@6ce1e0cf
reloadAllAccessors: .compositeMultiPort

===========================================================================================
----------------- testing Fri Sep 27 05:53:02 UTC 2019 /home/travis/build/icyphy/ptII/ptolemy/actor/lib/test/auto/expressionCastInference.xml
----------------- Instantiating /home/travis/build/icyphy/ptII/ptolemy/actor/lib/test/auto/expressionCastInference.xml
2 ms. Memory: 579584K Free: 252518K (44%)
----------------- Invoking toplevel() on ptolemy.moml.MoMLSimpleApplication@5749550b
----------------- Done invoking toplevel() on ptolemy.moml.MoMLSimpleApplication@5749550b
reloadAllAccessors: .expressionCastInference

===========================================================================================
----------------- testing Fri Sep 27 05:53:02 UTC 2019 /home/travis/build/icyphy/ptII/ptolemy/actor/lib/test/auto/expressionCastInference2.xml
----------------- Instantiating /home/travis/build/icyphy/ptII/ptolemy/actor/lib/test/auto/expressionCastInference2.xml
2 ms. Memory: 579584K Free: 247908K (43%)
----------------- Invoking toplevel() on ptolemy.moml.MoMLSimpleApplication@28bccee4
----------------- Done invoking toplevel() on ptolemy.moml.MoMLSimpleApplication@28bccee4
reloadAllAccessors: .expressionCastInference2

===========================================================================================
----------------- testing Fri Sep 27 05:53:02 UTC 2019 /home/travis/build/icyphy/ptII/ptolemy/actor/lib/test/auto/expressionInference.xml
----------------- Instantiating /home/travis/build/icyphy/ptII/ptolemy/actor/lib/test/auto/expressionInference.xml
2 ms. Memory: 579584K Free: 243812K (42%)
----------------- Invoking toplevel() on ptolemy.moml.MoMLSimpleApplication@2fa9fb7e
----------------- Done invoking toplevel() on ptolemy.moml.MoMLSimpleApplication@2fa9fb7e
reloadAllAccessors: .expressionInference

===========================================================================================
----------------- testing Fri Sep 27 05:53:02 UTC 2019 /home/travis/build/icyphy/ptII/ptolemy/actor/lib/test/auto/expression_bug.xml
----------------- Instantiating /home/travis/build/icyphy/ptII/ptolemy/actor/lib/test/auto/expression_bug.xml
1 ms. Memory: 579584K Free: 238692K (41%)
----------------- Invoking toplevel() on ptolemy.moml.MoMLSimpleApplication@762a57f7
----------------- Done invoking toplevel() on ptolemy.moml.MoMLSimpleApplication@762a57f7
reloadAllAccessors: .expression_bug

===========================================================================================
----------------- testing Fri Sep 27 05:53:02 UTC 2019 /home/travis/build/icyphy/ptII/ptolemy/actor/lib/test/auto/factorial.xml
----------------- Instantiating /home/travis/build/icyphy/ptII/ptolemy/actor/lib/test/auto/factorial.xml
44 ms. Memory: 579584K Free: 229990K (40%)
----------------- Invoking toplevel() on ptolemy.moml.MoMLSimpleApplication@314f8842
----------------- Done invoking toplevel() on ptolemy.moml.MoMLSimpleApplication@314f8842
reloadAllAccessors: .factorial

===========================================================================================
----------------- testing Fri Sep 27 05:53:02 UTC 2019 /home/travis/build/icyphy/ptII/ptolemy/actor/lib/test/auto/filterTest1.xml
----------------- Instantiating /home/travis/build/icyphy/ptII/ptolemy/actor/lib/test/auto/filterTest1.xml
3 ms. Memory: 579584K Free: 224356K (39%)
----------------- Invoking toplevel() on ptolemy.moml.MoMLSimpleApplication@533c0784
----------------- Done invoking toplevel() on ptolemy.moml.MoMLSimpleApplication@533c0784
reloadAllAccessors: .filterTest1

===========================================================================================
----------------- testing Fri Sep 27 05:53:02 UTC 2019 /home/travis/build/icyphy/ptII/ptolemy/actor/lib/test/auto/funcApplyInConst.xml
----------------- Instantiating /home/travis/build/icyphy/ptII/ptolemy/actor/lib/test/auto/funcApplyInConst.xml
1 ms. Memory: 579584K Free: 220260K (38%)
----------------- Invoking toplevel() on ptolemy.moml.MoMLSimpleApplication@6c82d373
----------------- Done invoking toplevel() on ptolemy.moml.MoMLSimpleApplication@6c82d373
reloadAllAccessors: .funcApplyInConst

===========================================================================================
----------------- testing Fri Sep 27 05:53:02 UTC 2019 /home/travis/build/icyphy/ptII/ptolemy/actor/lib/test/auto/funcApplyInExpr.xml
----------------- Instantiating /home/travis/build/icyphy/ptII/ptolemy/actor/lib/test/auto/funcApplyInExpr.xml
2 ms. Memory: 579584K Free: 216678K (37%)
----------------- Invoking toplevel() on ptolemy.moml.MoMLSimpleApplication@58282e9a
----------------- Done invoking toplevel() on ptolemy.moml.MoMLSimpleApplication@58282e9a
reloadAllAccessors: .funcApplyInExpr

===========================================================================================
----------------- testing Fri Sep 27 05:53:02 UTC 2019 /home/travis/build/icyphy/ptII/ptolemy/actor/lib/test/auto/function.xml
----------------- Instantiating /home/travis/build/icyphy/ptII/ptolemy/actor/lib/test/auto/function.xml
2 ms. Memory: 579584K Free: 212068K (37%)
----------------- Invoking toplevel() on ptolemy.moml.MoMLSimpleApplication@2d885cb0
----------------- Done invoking toplevel() on ptolemy.moml.MoMLSimpleApplication@2d885cb0
reloadAllAccessors: .function

===========================================================================================
----------------- testing Fri Sep 27 05:53:02 UTC 2019 /home/travis/build/icyphy/ptII/ptolemy/actor/lib/test/auto/function2.xml
----------------- Instantiating /home/travis/build/icyphy/ptII/ptolemy/actor/lib/test/auto/function2.xml
5 ms. Memory: 579584K Free: 207462K (36%)
----------------- Invoking toplevel() on ptolemy.moml.MoMLSimpleApplication@719a7117
----------------- Done invoking toplevel() on ptolemy.moml.MoMLSimpleApplication@719a7117
reloadAllAccessors: .function2

===========================================================================================
----------------- testing Fri Sep 27 05:53:02 UTC 2019 /home/travis/build/icyphy/ptII/ptolemy/actor/lib/test/auto/function3.xml
----------------- Instantiating /home/travis/build/icyphy/ptII/ptolemy/actor/lib/test/auto/function3.xml
2 ms. Memory: 579584K Free: 203366K (35%)
----------------- Invoking toplevel() on ptolemy.moml.MoMLSimpleApplication@a263414
----------------- Done invoking toplevel() on ptolemy.moml.MoMLSimpleApplication@a263414
reloadAllAccessors: .function3

===========================================================================================
----------------- testing Fri Sep 27 05:53:02 UTC 2019 /home/travis/build/icyphy/ptII/ptolemy/actor/lib/test/auto/functionClosureTest1.xml
----------------- Instantiating /home/travis/build/icyphy/ptII/ptolemy/actor/lib/test/auto/functionClosureTest1.xml
2 ms. Memory: 579584K Free: 197726K (34%)
----------------- Invoking toplevel() on ptolemy.moml.MoMLSimpleApplication@63fe95cd
----------------- Done invoking toplevel() on ptolemy.moml.MoMLSimpleApplication@63fe95cd
reloadAllAccessors: .functionClosureTest1

===========================================================================================
----------------- testing Fri Sep 27 05:53:02 UTC 2019 /home/travis/build/icyphy/ptII/ptolemy/actor/lib/test/auto/functionClosureTest2.xml
----------------- Instantiating /home/travis/build/icyphy/ptII/ptolemy/actor/lib/test/auto/functionClosureTest2.xml
1 ms. Memory: 579584K Free: 194150K (33%)
----------------- Invoking toplevel() on ptolemy.moml.MoMLSimpleApplication@67f55309
----------------- Done invoking toplevel() on ptolemy.moml.MoMLSimpleApplication@67f55309
reloadAllAccessors: .functionClosureTest2

===========================================================================================
----------------- testing Fri Sep 27 05:53:02 UTC 2019 /home/travis/build/icyphy/ptII/ptolemy/actor/lib/test/auto/functionClosureTest3.xml
----------------- Instantiating /home/travis/build/icyphy/ptII/ptolemy/actor/lib/test/auto/functionClosureTest3.xml
3 ms. Memory: 579584K Free: 188502K (33%)
----------------- Invoking toplevel() on ptolemy.moml.MoMLSimpleApplication@5abb7a61
----------------- Done invoking toplevel() on ptolemy.moml.MoMLSimpleApplication@5abb7a61
reloadAllAccessors: .functionClosureTest3

===========================================================================================
----------------- testing Fri Sep 27 05:53:02 UTC 2019 /home/travis/build/icyphy/ptII/ptolemy/actor/lib/test/auto/functionClosureTest4.xml
----------------- Instantiating /home/travis/build/icyphy/ptII/ptolemy/actor/lib/test/auto/functionClosureTest4.xml
4 ms. Memory: 579584K Free: 523226K (90%)
----------------- Invoking toplevel() on ptolemy.moml.MoMLSimpleApplication@4d21a3df
----------------- Done invoking toplevel() on ptolemy.moml.MoMLSimpleApplication@4d21a3df
reloadAllAccessors: .functionClosureTest4

===========================================================================================
----------------- testing Fri Sep 27 05:53:02 UTC 2019 /home/travis/build/icyphy/ptII/ptolemy/actor/lib/test/auto/functionClosureTest5.xml
----------------- Instantiating /home/travis/build/icyphy/ptII/ptolemy/actor/lib/test/auto/functionClosureTest5.xml
5 ms. Memory: 579584K Free: 517578K (89%)
----------------- Invoking toplevel() on ptolemy.moml.MoMLSimpleApplication@2b8d1bed
----------------- Done invoking toplevel() on ptolemy.moml.MoMLSimpleApplication@2b8d1bed
reloadAllAccessors: .functionClosureTest5

===========================================================================================
----------------- testing Fri Sep 27 05:53:02 UTC 2019 /home/travis/build/icyphy/ptII/ptolemy/actor/lib/test/auto/functionClosureTest6.xml
----------------- Instantiating /home/travis/build/icyphy/ptII/ptolemy/actor/lib/test/auto/functionClosureTest6.xml
2 ms. Memory: 579584K Free: 512986K (89%)
----------------- Invoking toplevel() on ptolemy.moml.MoMLSimpleApplication@586fd8e
----------------- Done invoking toplevel() on ptolemy.moml.MoMLSimpleApplication@586fd8e
reloadAllAccessors: .functionClosureTest6

===========================================================================================
----------------- testing Fri Sep 27 05:53:02 UTC 2019 /home/travis/build/icyphy/ptII/ptolemy/actor/lib/test/auto/functionsOnArcs.xml
----------------- Instantiating /home/travis/build/icyphy/ptII/ptolemy/actor/lib/test/auto/functionsOnArcs.xml
2 ms. Memory: 579584K Free: 507352K (88%)
----------------- Invoking toplevel() on ptolemy.moml.MoMLSimpleApplication@4ecf9862
----------------- Done invoking toplevel() on ptolemy.moml.MoMLSimpleApplication@4ecf9862
reloadAllAccessors: .functionsOnArcs

===========================================================================================
----------------- testing Fri Sep 27 05:53:02 UTC 2019 /home/travis/build/icyphy/ptII/ptolemy/actor/lib/test/auto/functionsOnArcsHOF.xml
----------------- Instantiating /home/travis/build/icyphy/ptII/ptolemy/actor/lib/test/auto/functionsOnArcsHOF.xml
8 ms. Memory: 579584K Free: 501722K (87%)
----------------- Invoking toplevel() on ptolemy.moml.MoMLSimpleApplication@3403647d
----------------- Done invoking toplevel() on ptolemy.moml.MoMLSimpleApplication@3403647d
reloadAllAccessors: .functionsOnArcsHOF

===========================================================================================
----------------- testing Fri Sep 27 05:53:02 UTC 2019 /home/travis/build/icyphy/ptII/ptolemy/actor/lib/test/auto/logic.xml
----------------- Instantiating /home/travis/build/icyphy/ptII/ptolemy/actor/lib/test/auto/logic.xml
2 ms. Memory: 579584K Free: 494554K (85%)
----------------- Invoking toplevel() on ptolemy.moml.MoMLSimpleApplication@5c05c521
----------------- Done invoking toplevel() on ptolemy.moml.MoMLSimpleApplication@5c05c521
reloadAllAccessors: .logic

===========================================================================================
----------------- testing Fri Sep 27 05:53:02 UTC 2019 /home/travis/build/icyphy/ptII/ptolemy/actor/lib/test/auto/matrixType.xml
----------------- Instantiating /home/travis/build/icyphy/ptII/ptolemy/actor/lib/test/auto/matrixType.xml
2 ms. Memory: 579584K Free: 488920K (84%)
----------------- Invoking toplevel() on ptolemy.moml.MoMLSimpleApplication@2edc2219
----------------- Done invoking toplevel() on ptolemy.moml.MoMLSimpleApplication@2edc2219
reloadAllAccessors: .matrixType

===========================================================================================
----------------- testing Fri Sep 27 05:53:02 UTC 2019 /home/travis/build/icyphy/ptII/ptolemy/actor/lib/test/auto/matrixType10.xml
----------------- Instantiating /home/travis/build/icyphy/ptII/ptolemy/actor/lib/test/auto/matrixType10.xml
2 ms. Memory: 579584K Free: 484314K (84%)
----------------- Invoking toplevel() on ptolemy.moml.MoMLSimpleApplication@3c4396f1
----------------- Done invoking toplevel() on ptolemy.moml.MoMLSimpleApplication@3c4396f1
reloadAllAccessors: .matrixType10

===========================================================================================
----------------- testing Fri Sep 27 05:53:02 UTC 2019 /home/travis/build/icyphy/ptII/ptolemy/actor/lib/test/auto/matrixType11.xml
----------------- Instantiating /home/travis/build/icyphy/ptII/ptolemy/actor/lib/test/auto/matrixType11.xml
1 ms. Memory: 579584K Free: 479704K (83%)
----------------- Invoking toplevel() on ptolemy.moml.MoMLSimpleApplication@7ffd20ea
----------------- Done invoking toplevel() on ptolemy.moml.MoMLSimpleApplication@7ffd20ea
reloadAllAccessors: .matrixType11

===========================================================================================
----------------- testing Fri Sep 27 05:53:02 UTC 2019 /home/travis/build/icyphy/ptII/ptolemy/actor/lib/test/auto/matrixType12.xml
----------------- Instantiating /home/travis/build/icyphy/ptII/ptolemy/actor/lib/test/auto/matrixType12.xml
2 ms. Memory: 579584K Free: 474584K (82%)
----------------- Invoking toplevel() on ptolemy.moml.MoMLSimpleApplication@7d1f4a3f
----------------- Done invoking toplevel() on ptolemy.moml.MoMLSimpleApplication@7d1f4a3f
reloadAllAccessors: .matrixType12

===========================================================================================
----------------- testing Fri Sep 27 05:53:02 UTC 2019 /home/travis/build/icyphy/ptII/ptolemy/actor/lib/test/auto/matrixType13.xml
----------------- Instantiating /home/travis/build/icyphy/ptII/ptolemy/actor/lib/test/auto/matrixType13.xml
2 ms. Memory: 579584K Free: 469978K (81%)
----------------- Invoking toplevel() on ptolemy.moml.MoMLSimpleApplication@68efecfb
----------------- Done invoking toplevel() on ptolemy.moml.MoMLSimpleApplication@68efecfb
reloadAllAccessors: .matrixType13

===========================================================================================
----------------- testing Fri Sep 27 05:53:02 UTC 2019 /home/travis/build/icyphy/ptII/ptolemy/actor/lib/test/auto/matrixType14.xml
----------------- Instantiating /home/travis/build/icyphy/ptII/ptolemy/actor/lib/test/auto/matrixType14.xml
1 ms. Memory: 579584K Free: 465368K (80%)
----------------- Invoking toplevel() on ptolemy.moml.MoMLSimpleApplication@23a1bd55
----------------- Done invoking toplevel() on ptolemy.moml.MoMLSimpleApplication@23a1bd55
reloadAllAccessors: .matrixType14

===========================================================================================
----------------- testing Fri Sep 27 05:53:02 UTC 2019 /home/travis/build/icyphy/ptII/ptolemy/actor/lib/test/auto/matrixType2.xml
----------------- Instantiating /home/travis/build/icyphy/ptII/ptolemy/actor/lib/test/auto/matrixType2.xml
2 ms. Memory: 579584K Free: 460248K (79%)
----------------- Invoking toplevel() on ptolemy.moml.MoMLSimpleApplication@2181e569
----------------- Done invoking toplevel() on ptolemy.moml.MoMLSimpleApplication@2181e569
reloadAllAccessors: .matrixType2

===========================================================================================
----------------- testing Fri Sep 27 05:53:02 UTC 2019 /home/travis/build/icyphy/ptII/ptolemy/actor/lib/test/auto/matrixType3.xml
----------------- Instantiating /home/travis/build/icyphy/ptII/ptolemy/actor/lib/test/auto/matrixType3.xml
4 ms. Memory: 579584K Free: 455642K (79%)
----------------- Invoking toplevel() on ptolemy.moml.MoMLSimpleApplication@5feb8c0f
----------------- Done invoking toplevel() on ptolemy.moml.MoMLSimpleApplication@5feb8c0f
reloadAllAccessors: .matrixType3

===========================================================================================
----------------- testing Fri Sep 27 05:53:02 UTC 2019 /home/travis/build/icyphy/ptII/ptolemy/actor/lib/test/auto/matrixType4.xml
----------------- Instantiating /home/travis/build/icyphy/ptII/ptolemy/actor/lib/test/auto/matrixType4.xml
2 ms. Memory: 579584K Free: 451032K (78%)
----------------- Invoking toplevel() on ptolemy.moml.MoMLSimpleApplication@6be0b026
----------------- Done invoking toplevel() on ptolemy.moml.MoMLSimpleApplication@6be0b026
reloadAllAccessors: .matrixType4

===========================================================================================
----------------- testing Fri Sep 27 05:53:02 UTC 2019 /home/travis/build/icyphy/ptII/ptolemy/actor/lib/test/auto/matrixType5.xml
----------------- Instantiating /home/travis/build/icyphy/ptII/ptolemy/actor/lib/test/auto/matrixType5.xml
2 ms. Memory: 579584K Free: 445912K (77%)
----------------- Invoking toplevel() on ptolemy.moml.MoMLSimpleApplication@2045a81
----------------- Done invoking toplevel() on ptolemy.moml.MoMLSimpleApplication@2045a81
reloadAllAccessors: .matrixType5

===========================================================================================
----------------- testing Fri Sep 27 05:53:02 UTC 2019 /home/travis/build/icyphy/ptII/ptolemy/actor/lib/test/auto/matrixType6.xml
----------------- Instantiating /home/travis/build/icyphy/ptII/ptolemy/actor/lib/test/auto/matrixType6.xml
2 ms. Memory: 579584K Free: 441306K (76%)
----------------- Invoking toplevel() on ptolemy.moml.MoMLSimpleApplication@3449d81a
----------------- Done invoking toplevel() on ptolemy.moml.MoMLSimpleApplication@3449d81a
reloadAllAccessors: .matrixType6

===========================================================================================
----------------- testing Fri Sep 27 05:53:02 UTC 2019 /home/travis/build/icyphy/ptII/ptolemy/actor/lib/test/auto/matrixType7.xml
----------------- Instantiating /home/travis/build/icyphy/ptII/ptolemy/actor/lib/test/auto/matrixType7.xml
2 ms. Memory: 579584K Free: 436186K (75%)
----------------- Invoking toplevel() on ptolemy.moml.MoMLSimpleApplication@1a44f8a0
----------------- Done invoking toplevel() on ptolemy.moml.MoMLSimpleApplication@1a44f8a0
reloadAllAccessors: .matrixType7

===========================================================================================
----------------- testing Fri Sep 27 05:53:02 UTC 2019 /home/travis/build/icyphy/ptII/ptolemy/actor/lib/test/auto/matrixType8.xml
----------------- Instantiating /home/travis/build/icyphy/ptII/ptolemy/actor/lib/test/auto/matrixType8.xml
2 ms. Memory: 579584K Free: 431576K (74%)
----------------- Invoking toplevel() on ptolemy.moml.MoMLSimpleApplication@270d0f07
----------------- Done invoking toplevel() on ptolemy.moml.MoMLSimpleApplication@270d0f07
reloadAllAccessors: .matrixType8

===========================================================================================
----------------- testing Fri Sep 27 05:53:02 UTC 2019 /home/travis/build/icyphy/ptII/ptolemy/actor/lib/test/auto/matrixType9.xml
----------------- Instantiating /home/travis/build/icyphy/ptII/ptolemy/actor/lib/test/auto/matrixType9.xml
2 ms. Memory: 579584K Free: 426970K (74%)
----------------- Invoking toplevel() on ptolemy.moml.MoMLSimpleApplication@57b98abc
----------------- Done invoking toplevel() on ptolemy.moml.MoMLSimpleApplication@57b98abc
reloadAllAccessors: .matrixType9

===========================================================================================
----------------- testing Fri Sep 27 05:53:02 UTC 2019 /home/travis/build/icyphy/ptII/ptolemy/actor/lib/test/auto/paraFunctest.xml
----------------- Instantiating /home/travis/build/icyphy/ptII/ptolemy/actor/lib/test/auto/paraFunctest.xml
2 ms. Memory: 579584K Free: 422874K (73%)
----------------- Invoking toplevel() on ptolemy.moml.MoMLSimpleApplication@1852e0c1
----------------- Done invoking toplevel() on ptolemy.moml.MoMLSimpleApplication@1852e0c1
reloadAllAccessors: .paraFunctest

===========================================================================================
----------------- testing Fri Sep 27 05:53:02 UTC 2019 /home/travis/build/icyphy/ptII/ptolemy/actor/lib/test/auto/paraFunctest2.xml
----------------- Instantiating /home/travis/build/icyphy/ptII/ptolemy/actor/lib/test/auto/paraFunctest2.xml
1 ms. Memory: 579584K Free: 418264K (72%)
----------------- Invoking toplevel() on ptolemy.moml.MoMLSimpleApplication@658d512a
----------------- Done invoking toplevel() on ptolemy.moml.MoMLSimpleApplication@658d512a
reloadAllAccessors: .paraFunctest2

===========================================================================================
----------------- testing Fri Sep 27 05:53:03 UTC 2019 /home/travis/build/icyphy/ptII/ptolemy/actor/lib/test/auto/parameterPassing.xml
----------------- Instantiating /home/travis/build/icyphy/ptII/ptolemy/actor/lib/test/auto/parameterPassing.xml
1 ms. Memory: 579584K Free: 413658K (71%)
----------------- Invoking toplevel() on ptolemy.moml.MoMLSimpleApplication@51298e86
----------------- Done invoking toplevel() on ptolemy.moml.MoMLSimpleApplication@51298e86
reloadAllAccessors: .parameterPassing

===========================================================================================
----------------- testing Fri Sep 27 05:53:03 UTC 2019 /home/travis/build/icyphy/ptII/ptolemy/actor/lib/test/auto/record.xml
----------------- Instantiating /home/travis/build/icyphy/ptII/ptolemy/actor/lib/test/auto/record.xml
3 ms. Memory: 579584K Free: 409048K (71%)
----------------- Invoking toplevel() on ptolemy.moml.MoMLSimpleApplication@4c934ab9
----------------- Done invoking toplevel() on ptolemy.moml.MoMLSimpleApplication@4c934ab9
reloadAllAccessors: .record

===========================================================================================
----------------- testing Fri Sep 27 05:53:03 UTC 2019 /home/travis/build/icyphy/ptII/ptolemy/actor/lib/test/auto/sizedarray1.xml
----------------- Instantiating /home/travis/build/icyphy/ptII/ptolemy/actor/lib/test/auto/sizedarray1.xml
1 ms. Memory: 579584K Free: 403928K (70%)
----------------- Invoking toplevel() on ptolemy.moml.MoMLSimpleApplication@2576b2a8
----------------- Done invoking toplevel() on ptolemy.moml.MoMLSimpleApplication@2576b2a8
reloadAllAccessors: .sizedarray1

===========================================================================================
----------------- testing Fri Sep 27 05:53:03 UTC 2019 /home/travis/build/icyphy/ptII/ptolemy/actor/lib/test/auto/sizedarray2.xml
----------------- Instantiating /home/travis/build/icyphy/ptII/ptolemy/actor/lib/test/auto/sizedarray2.xml
3 ms. Memory: 579584K Free: 397784K (69%)
----------------- Invoking toplevel() on ptolemy.moml.MoMLSimpleApplication@212f36fc
----------------- Done invoking toplevel() on ptolemy.moml.MoMLSimpleApplication@212f36fc
reloadAllAccessors: .sizedarray2

===========================================================================================
----------------- testing Fri Sep 27 05:53:03 UTC 2019 /home/travis/build/icyphy/ptII/ptolemy/actor/lib/test/auto/twoPublishers.xml
----------------- Instantiating /home/travis/build/icyphy/ptII/ptolemy/actor/lib/test/auto/twoPublishers.xml
7 ms. Memory: 579584K Free: 387530K (67%)
----------------- Invoking toplevel() on ptolemy.moml.MoMLSimpleApplication@a90f6cc
----------------- Done invoking toplevel() on ptolemy.moml.MoMLSimpleApplication@a90f6cc
reloadAllAccessors: .twoPublishers
AutoTests.java: About to close Vertx.
AutoTests.java: Vertx closed.
]]></system-out>
  <system-err><![CDATA[java.lang.RuntimeException: Execution failed
	at ptolemy.moml.MoMLSimpleApplication$UnloadThread.run(MoMLSimpleApplication.java:402)
Caused by: java.lang.RuntimeException: StringUtilities.exit() was called. Normally, we would exit here because Manager.exitAfterWrapup() was called.  However, because the ptolemy.ptII.exitAfterWrapup property is set, we throw this exception instead.
	at ptolemy.util.StringUtilities.exit(StringUtilities.java:365)
	at ptolemy.actor.Manager.wrapup(Manager.java:1549)
	at ptolemy.actor.Manager.execute(Manager.java:407)
	at ptolemy.actor.Manager.run(Manager.java:1263)
	at ptolemy.actor.Manager$PtolemyRunThread.run(Manager.java:1933)
Warning: '.top.test' is in training mode, set the trainingMode parameter to false before checking in
Warning: '.top.test' is in training mode, set the trainingMode parameter to false before checking in
Warning: '.top.test' is in training mode, set the trainingMode parameter to false before checking in
Warning: '.BooleanSwitch_RegressionTest_WrongTrainingValues.Test' is in training mode, set the trainingMode parameter to false before checking in
Warning: '.BooleanSwitch_RegressionTest_WrongTrainingValues.Test2' is in training mode, set the trainingMode parameter to false before checking in
Warning: '.BooleanSwitch_RegressionTest_WrongTrainingValues.Test2' The test produced 0 tokens.
Warning: '.top.testExceptionHandler' is in training mode, set the trainingMode parameter to false before checking in
java.lang.RuntimeException: Execution failed
	at ptolemy.moml.MoMLSimpleApplication$UnloadThread.run(MoMLSimpleApplication.java:402)
Caused by: ptolemy.kernel.util.IllegalActionException: PublisherPorts cannot be used at the top level, use a Publisher actor instead.
  in .PublisherPortToplevelSubscriber.PublisherPort
	at ptolemy.actor.PublisherPort.preinitialize(PublisherPort.java:403)
	at ptolemy.actor.CompositeActor.preinitialize(CompositeActor.java:1769)
	at ptolemy.actor.Manager.preinitializeAndResolveTypes(Manager.java:1040)
	at ptolemy.actor.Manager.initialize(Manager.java:710)
	at ptolemy.actor.Manager.execute(Manager.java:356)
	at ptolemy.actor.Manager.run(Manager.java:1263)
	at ptolemy.actor.Manager$PtolemyRunThread.run(Manager.java:1933)
java.lang.reflect.InvocationTargetException
	at java.base/jdk.internal.reflect.NativeConstructorAccessorImpl.newInstance0(Native Method)
	at java.base/jdk.internal.reflect.NativeConstructorAccessorImpl.newInstance(NativeConstructorAccessorImpl.java:62)
	at java.base/jdk.internal.reflect.DelegatingConstructorAccessorImpl.newInstance(DelegatingConstructorAccessorImpl.java:45)
	at java.base/java.lang.reflect.Constructor.newInstance(Constructor.java:490)
	at ptolemy.util.test.junit.AutoKnownFailedTests.RunModel(AutoKnownFailedTests.java:105)
	at java.base/jdk.internal.reflect.NativeMethodAccessorImpl.invoke0(Native Method)
	at java.base/jdk.internal.reflect.NativeMethodAccessorImpl.invoke(NativeMethodAccessorImpl.java:62)
	at java.base/jdk.internal.reflect.DelegatingMethodAccessorImpl.invoke(DelegatingMethodAccessorImpl.java:43)
	at java.base/java.lang.reflect.Method.invoke(Method.java:566)
	at org.junit.runners.model.FrameworkMethod$1.runReflectiveCall(FrameworkMethod.java:44)
	at org.junit.internal.runners.model.ReflectiveCallable.run(ReflectiveCallable.java:15)
	at org.junit.runners.model.FrameworkMethod.invokeExplosively(FrameworkMethod.java:41)
	at junitparams.internal.InvokeParameterisedMethod.evaluate(InvokeParameterisedMethod.java:102)
	at org.junit.internal.runners.statements.FailOnTimeout$1.run(FailOnTimeout.java:28)
Caused by: ptolemy.kernel.util.IllegalActionException: PublisherPorts cannot be used at the top level, use a Publisher actor instead.
  in .PublisherPortToplevelSubscriber.PublisherPort
	at ptolemy.actor.PublisherPort.preinitialize(PublisherPort.java:403)
	at ptolemy.actor.CompositeActor.preinitialize(CompositeActor.java:1769)
	at ptolemy.actor.Manager.preinitializeAndResolveTypes(Manager.java:1040)
	at ptolemy.actor.Manager.initialize(Manager.java:710)
	at ptolemy.actor.Manager.execute(Manager.java:356)
	at ptolemy.actor.Manager.run(Manager.java:1263)
	at ptolemy.actor.Manager$PtolemyRunThread.run(Manager.java:1933)
java.lang.RuntimeException: Execution failed
	at ptolemy.moml.MoMLSimpleApplication$UnloadThread.run(MoMLSimpleApplication.java:402)
Caused by: ptolemy.kernel.util.IllegalActionException: SubscriberPorts cannot be used at the top level, use a Subscriber actor instead.
  in .PublisherSubscriberPortToplevel.SubscriberPort
	at ptolemy.actor.SubscriberPort.preinitialize(SubscriberPort.java:328)
	at ptolemy.actor.CompositeActor.preinitialize(CompositeActor.java:1769)
	at ptolemy.actor.Manager.preinitializeAndResolveTypes(Manager.java:1040)
	at ptolemy.actor.Manager.initialize(Manager.java:710)
	at ptolemy.actor.Manager.execute(Manager.java:356)
	at ptolemy.actor.Manager.run(Manager.java:1263)
	at ptolemy.actor.Manager$PtolemyRunThread.run(Manager.java:1933)
java.lang.reflect.InvocationTargetException
	at java.base/jdk.internal.reflect.NativeConstructorAccessorImpl.newInstance0(Native Method)
	at java.base/jdk.internal.reflect.NativeConstructorAccessorImpl.newInstance(NativeConstructorAccessorImpl.java:62)
	at java.base/jdk.internal.reflect.DelegatingConstructorAccessorImpl.newInstance(DelegatingConstructorAccessorImpl.java:45)
	at java.base/java.lang.reflect.Constructor.newInstance(Constructor.java:490)
	at ptolemy.util.test.junit.AutoKnownFailedTests.RunModel(AutoKnownFailedTests.java:105)
	at java.base/jdk.internal.reflect.NativeMethodAccessorImpl.invoke0(Native Method)
	at java.base/jdk.internal.reflect.NativeMethodAccessorImpl.invoke(NativeMethodAccessorImpl.java:62)
	at java.base/jdk.internal.reflect.DelegatingMethodAccessorImpl.invoke(DelegatingMethodAccessorImpl.java:43)
	at java.base/java.lang.reflect.Method.invoke(Method.java:566)
	at org.junit.runners.model.FrameworkMethod$1.runReflectiveCall(FrameworkMethod.java:44)
	at org.junit.internal.runners.model.ReflectiveCallable.run(ReflectiveCallable.java:15)
	at org.junit.runners.model.FrameworkMethod.invokeExplosively(FrameworkMethod.java:41)
	at junitparams.internal.InvokeParameterisedMethod.evaluate(InvokeParameterisedMethod.java:102)
	at org.junit.internal.runners.statements.FailOnTimeout$1.run(FailOnTimeout.java:28)
Caused by: ptolemy.kernel.util.IllegalActionException: SubscriberPorts cannot be used at the top level, use a Subscriber actor instead.
  in .PublisherSubscriberPortToplevel.SubscriberPort
	at ptolemy.actor.SubscriberPort.preinitialize(SubscriberPort.java:328)
	at ptolemy.actor.CompositeActor.preinitialize(CompositeActor.java:1769)
	at ptolemy.actor.Manager.preinitializeAndResolveTypes(Manager.java:1040)
	at ptolemy.actor.Manager.initialize(Manager.java:710)
	at ptolemy.actor.Manager.execute(Manager.java:356)
	at ptolemy.actor.Manager.run(Manager.java:1263)
	at ptolemy.actor.Manager$PtolemyRunThread.run(Manager.java:1933)
java.lang.RuntimeException: Execution failed
	at ptolemy.moml.MoMLSimpleApplication$UnloadThread.run(MoMLSimpleApplication.java:402)
Caused by: ptolemy.kernel.util.IllegalActionException: SubscriptionAggregatorPorts cannot be used at the top level, use a SubscriptionAggregator actor instead.
  in .PublisherSubscriptionAggregatorPort.SubscriptionAggregatorPort
	at ptolemy.actor.SubscriptionAggregatorPort.preinitialize(SubscriptionAggregatorPort.java:353)
	at ptolemy.actor.CompositeActor.preinitialize(CompositeActor.java:1769)
	at ptolemy.actor.Manager.preinitializeAndResolveTypes(Manager.java:1040)
	at ptolemy.actor.Manager.initialize(Manager.java:710)
	at ptolemy.actor.Manager.execute(Manager.java:356)
	at ptolemy.actor.Manager.run(Manager.java:1263)
	at ptolemy.actor.Manager$PtolemyRunThread.run(Manager.java:1933)
java.lang.reflect.InvocationTargetException
	at java.base/jdk.internal.reflect.NativeConstructorAccessorImpl.newInstance0(Native Method)
	at java.base/jdk.internal.reflect.NativeConstructorAccessorImpl.newInstance(NativeConstructorAccessorImpl.java:62)
	at java.base/jdk.internal.reflect.DelegatingConstructorAccessorImpl.newInstance(DelegatingConstructorAccessorImpl.java:45)
	at java.base/java.lang.reflect.Constructor.newInstance(Constructor.java:490)
	at ptolemy.util.test.junit.AutoKnownFailedTests.RunModel(AutoKnownFailedTests.java:105)
	at java.base/jdk.internal.reflect.NativeMethodAccessorImpl.invoke0(Native Method)
	at java.base/jdk.internal.reflect.NativeMethodAccessorImpl.invoke(NativeMethodAccessorImpl.java:62)
	at java.base/jdk.internal.reflect.DelegatingMethodAccessorImpl.invoke(DelegatingMethodAccessorImpl.java:43)
	at java.base/java.lang.reflect.Method.invoke(Method.java:566)
	at org.junit.runners.model.FrameworkMethod$1.runReflectiveCall(FrameworkMethod.java:44)
	at org.junit.internal.runners.model.ReflectiveCallable.run(ReflectiveCallable.java:15)
	at org.junit.runners.model.FrameworkMethod.invokeExplosively(FrameworkMethod.java:41)
	at junitparams.internal.InvokeParameterisedMethod.evaluate(InvokeParameterisedMethod.java:102)
	at org.junit.internal.runners.statements.FailOnTimeout$1.run(FailOnTimeout.java:28)
Caused by: ptolemy.kernel.util.IllegalActionException: SubscriptionAggregatorPorts cannot be used at the top level, use a SubscriptionAggregator actor instead.
  in .PublisherSubscriptionAggregatorPort.SubscriptionAggregatorPort
	at ptolemy.actor.SubscriptionAggregatorPort.preinitialize(SubscriptionAggregatorPort.java:353)
	at ptolemy.actor.CompositeActor.preinitialize(CompositeActor.java:1769)
	at ptolemy.actor.Manager.preinitializeAndResolveTypes(Manager.java:1040)
	at ptolemy.actor.Manager.initialize(Manager.java:710)
	at ptolemy.actor.Manager.execute(Manager.java:356)
	at ptolemy.actor.Manager.run(Manager.java:1263)
	at ptolemy.actor.Manager$PtolemyRunThread.run(Manager.java:1933)
java.lang.RuntimeException: Execution failed
	at ptolemy.moml.MoMLSimpleApplication$UnloadThread.run(MoMLSimpleApplication.java:402)
Caused by: ptolemy.kernel.util.IllegalActionException: TypeTest actor has no training data.
  in .sizedarray3.TypeTest
	at ptolemy.actor.lib.TypeTest.initialize(TypeTest.java:250)
	at ptolemy.actor.Director.initialize(Director.java:938)
	at ptolemy.actor.Director.initialize(Director.java:907)
	at ptolemy.actor.sched.StaticSchedulingDirector.initialize(StaticSchedulingDirector.java:159)
	at ptolemy.domains.sdf.kernel.SDFDirector.initialize(SDFDirector.java:544)
	at ptolemy.actor.CompositeActor.initialize(CompositeActor.java:935)
	at ptolemy.actor.Manager.initialize(Manager.java:724)
	at ptolemy.actor.Manager.execute(Manager.java:356)
	at ptolemy.actor.Manager.run(Manager.java:1263)
	at ptolemy.actor.Manager$PtolemyRunThread.run(Manager.java:1933)
java.lang.reflect.InvocationTargetException
	at java.base/jdk.internal.reflect.NativeConstructorAccessorImpl.newInstance0(Native Method)
	at java.base/jdk.internal.reflect.NativeConstructorAccessorImpl.newInstance(NativeConstructorAccessorImpl.java:62)
	at java.base/jdk.internal.reflect.DelegatingConstructorAccessorImpl.newInstance(DelegatingConstructorAccessorImpl.java:45)
	at java.base/java.lang.reflect.Constructor.newInstance(Constructor.java:490)
	at ptolemy.util.test.junit.AutoKnownFailedTests.RunModel(AutoKnownFailedTests.java:105)
	at java.base/jdk.internal.reflect.NativeMethodAccessorImpl.invoke0(Native Method)
	at java.base/jdk.internal.reflect.NativeMethodAccessorImpl.invoke(NativeMethodAccessorImpl.java:62)
	at java.base/jdk.internal.reflect.DelegatingMethodAccessorImpl.invoke(DelegatingMethodAccessorImpl.java:43)
	at java.base/java.lang.reflect.Method.invoke(Method.java:566)
	at org.junit.runners.model.FrameworkMethod$1.runReflectiveCall(FrameworkMethod.java:44)
	at org.junit.internal.runners.model.ReflectiveCallable.run(ReflectiveCallable.java:15)
	at org.junit.runners.model.FrameworkMethod.invokeExplosively(FrameworkMethod.java:41)
	at junitparams.internal.InvokeParameterisedMethod.evaluate(InvokeParameterisedMethod.java:102)
	at org.junit.internal.runners.statements.FailOnTimeout$1.run(FailOnTimeout.java:28)
Caused by: ptolemy.kernel.util.IllegalActionException: TypeTest actor has no training data.
  in .sizedarray3.TypeTest
	at ptolemy.actor.lib.TypeTest.initialize(TypeTest.java:250)
	at ptolemy.actor.Director.initialize(Director.java:938)
	at ptolemy.actor.Director.initialize(Director.java:907)
	at ptolemy.actor.sched.StaticSchedulingDirector.initialize(StaticSchedulingDirector.java:159)
	at ptolemy.domains.sdf.kernel.SDFDirector.initialize(SDFDirector.java:544)
	at ptolemy.actor.CompositeActor.initialize(CompositeActor.java:935)
	at ptolemy.actor.Manager.initialize(Manager.java:724)
	at ptolemy.actor.Manager.execute(Manager.java:356)
	at ptolemy.actor.Manager.run(Manager.java:1263)
	at ptolemy.actor.Manager$PtolemyRunThread.run(Manager.java:1933)
]]></system-err>
</testsuite>
