<?xml version="1.0" encoding="UTF-8" ?>
<testsuite errors="0" failures="0" hostname="travis-job-5548e1e6-5456-42a8-a890-81b01ad26ccd" name="ptolemy.actor.lib.test.junit.JUnitTclTest" skipped="0" tests="517" time="59.997" timestamp="2019-02-07T03:27:20">
  <properties>
    <property name="npm.executable" value="npm" />
    <property name="file.encoding.pkg" value="sun.io" />
    <property name="env.TRAVIS_ROOT" value="/" />
    <property name="ptII.mk.exists" value="true" />
    <property name="env.TRAVIS_APP_HOST" value="build.travis-ci.org" />
    <property name="env.rvm_bin_path" value="/home/travis/.rvm/bin" />
    <property name="java.home" value="/usr/lib/jvm/java-8-oracle/jre" />
    <property name="env.TRAVIS_JOB_NUMBER" value="994.8" />
    <property name="env.TRAVIS_HOME" value="/home/travis" />
    <property name="env.DISPLAY" value=":99.0" />
    <property name="java.net.preferIPv4Stack" value="true" />
    <property name="env.TRAVIS_INIT" value="upstart" />
    <property name="env.SSH_TTY" value="/dev/pts/0" />
    <property name="env.RUN_TESTS" value="true" />
    <property name="timeout.short" value="1000000" />
    <property name="env.TRAVIS_JOB_NAME" value="" />
    <property name="env.TRAVIS_STACK_NODE_ATTRIBUTES" value="/.node-attributes.yml" />
    <property name="junit.formatter" value="xml" />
    <property name="java.endorsed.dirs" value="/usr/lib/jvm/java-8-oracle/jre/lib/endorsed" />
    <property name="env.TRAVIS_SUDO" value="true" />
    <property name="env.LOGNAME" value="travis" />
    <property name="env.PT_TRAVIS_TEST_CORE1_XML" value="true" />
    <property name="jsdoc.home" value="node_modules/@terraswarm/jsdoc" />
    <property name="debuglevel" value="source,lines,vars" />
    <property name="checkstyle.formatter" value="xml" />
    <property name="bin.vergil.makeable" value="true" />
    <property name="env._system_version" value="14.04" />
    <property name="sun.os.patch.level" value="unknown" />
    <property name="java.vendor.url" value="http://java.oracle.com/" />
    <property name="env.TRAVIS_BUILD_WEB_URL" value="https://travis-ci.org/icyphy/ptII/builds/489863467" />
    <property name="java.version" value="1.8.0_151" />
    <property name="env.TZ" value="UTC" />
    <property name="env.PT_NO_NET" value="true" />
    <property name="env.TRAVIS_PULL_REQUEST_SHA" value="" />
    <property name="env.TRAVIS_SECURE_ENV_VARS" value="true" />
    <property name="env._system_type" value="Linux" />
    <property name="java.vendor.url.bug" value="http://bugreport.sun.com/bugreport/" />
    <property name="env.SSH_CLIENT" value="10.10.19.210 46432 22" />
    <property name="npmjs-org-is-up" value="true" />
    <property name="env.GEM_HOME" value="/home/travis/.rvm/gems/ruby-2.4.1" />
    <property name="env.HAS_ANTARES_THREE_LITTLE_FRONZIES_BADGE" value="true" />
    <property name="env.PS4" value="+" />
    <property name="ant.project.invoked-targets" value="build,test.core1.xml" />
    <property name="env.TRAVIS_PULL_REQUEST_BRANCH" value="" />
    <property name="env.TRAVIS_REPO_SLUG" value="icyphy/ptII" />
    <property name="env.TRAVIS_APT_PROXY" value="http://build-cache.travisci.net" />
    <property name="node.in.path" value="true" />
    <property name="java.maxmemory" value="1400m" />
    <property name="env.RUBY_VERSION" value="ruby-2.4.1" />
    <property name="user.name" value="travis" />
    <property name="env.LANG" value="en_US.UTF-8" />
    <property name="sun.io.unicode.encoding" value="UnicodeLittle" />
    <property name="sun.jnu.encoding" value="UTF-8" />
    <property name="java.runtime.name" value="Java(TM) SE Runtime Environment" />
    <property name="usefile" value="false" />
    <property name="return.code" value="0" />
    <property name="junit.single.formatter" value="plain" />
    <property name="env.DYLD_LIBRARY_PATH" value="/home/travis/pthla/certi-tools/lib:" />
    <property name="env.DEBIAN_FRONTEND" value="noninteractive" />
    <property name="env.SSH_CONNECTION" value="10.10.19.210 46432 10.20.0.177 22" />
    <property name="env.MYSQL_UNIX_PORT" value="/var/run/mysqld/mysqld.sock" />
    <property name="env.TRAVIS_ALLOW_FAILURE" value="false" />
    <property name="env.LC_ALL" value="en_US.UTF-8" />
    <property name="env.TRAVIS_JOB_WEB_URL" value="https://travis-ci.org/icyphy/ptII/jobs/489863475" />
    <property name="java.specification.name" value="Java Platform API Specification" />
    <property name="node.works" value="true" />
    <property name="user.timezone" value="" />
    <property name="path.separator" value=":" />
    <property name="env.TRAVIS_ENABLE_INFRA_DETECTION" value="true" />
    <property name="env.PYTHON_CFLAGS" value="-g -fstack-protector --param=ssp-buffer-size=4 -Wformat -Werror=format-security" />
    <property name="timeout.long" value="4000000" />
    <property name="env.CERTI_HOME" value="/home/travis/pthla/certi-tools" />
    <property name="file.encoding" value="UTF-8" />
    <property name="ant.file.ptII" value="/home/travis/build/icyphy/ptII/build.xml" />
    <property name="javadoc.packagenames" value="com.*,diva.*,lbnl.*,org.hlacerti.*,org.json.*,org.ptolemy.*,org.terraswarm.*,ptolemy.*,ptserver.*" />
    <property name="env.TRAVIS_PULL_REQUEST_SLUG" value="" />
    <property name="ant.project.default-target" value="build" />
    <property name="env.GIT_ASKPASS" value="echo" />
    <property name="env.HOME" value="/home/travis" />
    <property name="sun.java.command" value="org.apache.tools.ant.taskdefs.optional.junit.JUnitTestRunner ptolemy.actor.lib.test.junit.JUnitTclTest skipNonTests=false filtertrace=true haltOnError=false haltOnFailure=false formatter=org.apache.tools.ant.taskdefs.optional.junit.OutErrSummaryJUnitResultFormatter showoutput=true outputtoformatters=true logfailedtests=true threadid=0 logtestlistenerevents=false formatter=org.apache.tools.ant.taskdefs.optional.junit.XMLJUnitResultFormatter,/home/travis/build/icyphy/ptII/reports/junit/TEST-ptolemy.actor.lib.test.junit.JUnitTclTest.xml crashfile=/home/travis/build/icyphy/ptII/junitvmwatcher2672411239839248878.properties propsfile=/home/travis/build/icyphy/ptII/junit666851137960403770.properties" />
    <property name="env.MANPATH" value="/home/travis/.nvm/versions/node/v7.10.1/share/man:/home/travis/.kiex/elixirs/elixir-1.4.5/man:/home/travis/.rvm/rubies/ruby-2.4.1/share/man:/usr/local/man:/usr/local/cmake-3.9.2/man:/usr/local/clang-5.0.0/share/man:/usr/local/share/man:/usr/share/man:/home/travis/.rvm/man" />
    <property name="env.COMPOSER_NO_INTERACTION" value="1" />
    <property name="env.JDK_SWITCHER_DEFAULT" value="oraclejdk8" />
    <property name="env.TRAVIS_TIMER_ID" value="18682e7b" />
    <property name="ant.file" value="/home/travis/build/icyphy/ptII/build.xml" />
    <property name="env.TRAVIS_COMMIT_RANGE" value="fd33c76baa16530294e6993287231cfe75e3f9f4...879f111b998daf2a28aa833b9629496c9080eaab" />
    <property name="env._system_name" value="Ubuntu" />
    <property name="timeout" value="2400000" />
    <property name="ptII.classpath.optional.property" value="/home/travis/build/icyphy/ptII/lib/bsh-2.0b4.jar:/home/travis/build/icyphy/ptII/lib/ptCal.jar:/home/travis/build/icyphy/ptII/lib/java_cup.jar:/home/travis/build/icyphy/ptII/lib/saxon8.jar:/home/travis/build/icyphy/ptII/lib/saxon8-dom.jar:/home/travis/build/icyphy/ptII/lib/chic.jar:/home/travis/build/icyphy/ptII/lib/ptcolt.jar:/usr/lib/jvm/java-8-oracle/lib/tools.jar:/home/travis/build/icyphy/ptII/vendors/misc/itext/iText.jar:/home/travis/build/icyphy/ptII/lib/g4ltl.jar:/home/travis/build/icyphy/ptII/lib/StructuralCoder.jar:/home/travis/build/icyphy/ptII/vendors/jai-1_1_2_01/lib/jai_core.jar:/home/travis/build/icyphy/ptII/vendors/jai-1_1_2_01/lib/jai_codec.jar:/home/travis/build/icyphy/ptII/lib/jcerti.jar:/home/travis/build/icyphy/ptII/lib/javax.mail.jar:/home/travis/build/icyphy/ptII/vendors/JMF-2.1.1e/lib/jmf.jar:/home/travis/build/icyphy/ptII/lib/jna-4.0.0-variadic.jar:/home/travis/build/icyphy/ptII/vendors/misc/joystick/Joystick.jar:/home/travis/build/icyphy/ptII/lib/ptjacl.jar:/home/travis/build/icyphy/ptII/lib/jsoup-1.8.2.jar:/home/travis/build/icyphy/ptII/lib/junit-4.8.2.jar:/home/travis/build/icyphy/ptII/lib/JUnitParams-0.4.0.jar:/home/travis/build/icyphy/ptII/ptolemy/actor/lib/excel/jxl.jar:/home/travis/build/icyphy/ptII/lib/jython.jar:/home/travis/build/icyphy/ptII/lib/kieler.jar:/home/travis/build/icyphy/ptII/vendors/opencv/share/OpenCV/java/opencv-341.jar:/home/travis/build/icyphy/ptII/lib/oscP5.jar:/home/travis/build/icyphy/ptII/lib/nrjavaserial-3.11.0.devel.jar:/home/travis/build/icyphy/ptII/vendors/j3d/lib/j3dcore.jar:/home/travis/build/icyphy/ptII/vendors/j3d/lib/j3dutils.jar:/home/travis/build/icyphy/ptII/vendors/j3d/lib/vecmath.jar:/home/travis/build/icyphy/ptII/ptolemy/distributed/jini/jar/jini-core.jar:/home/travis/build/icyphy/ptII/ptolemy/distributed/jini/jar/jini-ext.jar:/home/travis/build/icyphy/ptII/ptolemy/distributed/jini/jar/sun-util.jar:/home/travis/build/icyphy/ptII/lib/protobuf-java-2.4.1.jar:/home/travis/build/icyphy/ptII/lib/org.eclipse.paho.client.mqttv3.jar:/home/travis/build/icyphy/ptII/lib/mapss.jar:/home/travis/build/icyphy/ptII/ptolemy/actor/ptalon/antlr/antlr.jar:/home/travis/build/icyphy/ptII/lib/JRI.jar:/home/travis/build/icyphy/ptII/lib/commons-lang-2.6.jar:/home/travis/build/icyphy/ptII/lib/commons-logging-1.1.1.jar:/home/travis/build/icyphy/ptII/lib/sootclasses.jar:/home/travis/build/icyphy/ptII/ptolemy/actor/lib/database/mysql-connector-java-5.1.6-bin.jar:/home/travis/build/icyphy/ptII/vendors/misc/sphinx4/sphinx4-data-5prealpha.jar:/home/travis/build/icyphy/ptII/vendors/misc/sphinx4/sphinx4-core-5prealpha.jar:/home/travis/build/icyphy/ptII/lib/PDFRenderer.jar:/home/travis/build/icyphy/ptII/lib/svgSalamander.jar:/home/travis/build/icyphy/ptII/lib/rsyntaxtextarea-2.6.0-SNAPSHOT.jar:/home/travis/build/icyphy/ptII/lib/hazelcast-3.8.2.jar:/home/travis/build/icyphy/ptII/lib/jackson-annotations-2.9.0.jar:/home/travis/build/icyphy/ptII/lib/jackson-core-2.9.3.jar:/home/travis/build/icyphy/ptII/lib/jackson-databind-2.9.3.jar:/home/travis/build/icyphy/ptII/lib/netty-buffer-4.1.19.Final.jar:/home/travis/build/icyphy/ptII/lib/netty-codec-4.1.19.Final.jar:/home/travis/build/icyphy/ptII/lib/netty-codec-dns-4.1.19.Final.jar:/home/travis/build/icyphy/ptII/lib/netty-codec-http-4.1.19.Final.jar:/home/travis/build/icyphy/ptII/lib/netty-codec-http2-4.1.19.Final.jar:/home/travis/build/icyphy/ptII/lib/netty-common-4.1.19.Final.jar:/home/travis/build/icyphy/ptII/lib/netty-handler-4.1.19.Final.jar:/home/travis/build/icyphy/ptII/lib/netty-resolver-4.1.19.Final.jar:/home/travis/build/icyphy/ptII/lib/netty-resolver-dns-4.1.19.Final.jar:/home/travis/build/icyphy/ptII/lib/netty-transport-4.1.19.Final.jar:/home/travis/build/icyphy/ptII/lib/vertx-codegen-3.5.1.jar:/home/travis/build/icyphy/ptII/lib/vertx-core-3.5.2-SNAPSHOT.jar:/home/travis/build/icyphy/ptII/lib/vertx-hazelcast-3.5.1.jar:/home/travis/build/icyphy/ptII/lib/vertx-lang-js-3.5.1.jar:/home/travis/build/icyphy/ptII/lib/vertx-service-proxy-3.5.1.jar:/home/travis/build/icyphy/ptII/lib/vertx-web-3.5.1.jar:/home/travis/build/icyphy/ptII/lib/slf4j-api-1.7.13.jar:/home/travis/build/icyphy/ptII/lib/slf4j-simple-1.7.13.jar:/home/travis/build/icyphy/ptII/lib/webcam-capture-0.3.12.jar:/home/travis/build/icyphy/ptII/lib/bridj-0.7.0.jar:/home/travis/build/icyphy/ptII/lib/xbjlib-1.1.0.nrjavaserial.jar" />
    <property name="test.batch" value="**/junit/*.java" />
    <property name="env._" value="/usr/bin/timeout" />
    <property name="java.io.tmpdir" value="/tmp" />
    <property name="env.TRAVIS_INTERNAL_RUBY_REGEX" value="^ruby-(2\.[0-4]\.[0-9]|1\.9\.3)" />
    <property name="user.language" value="en" />
    <property name="env.HISTCONTROL" value="ignoredups:ignorespace" />
    <property name="env.GOROOT" value="/home/travis/.gimme/versions/go1.7.4.linux.amd64" />
    <property name="line.separator" value="&#xa;" />
    <property name="target" value="1.8" />
    <property name="env.TRAVIS_BUILD_DIR" value="/home/travis/build/icyphy/ptII" />
    <property name="env.ANT_OPTS" value="-Xmx2048m" />
    <property name="ant.file.type" value="file" />
    <property name="ptolemy.ptII.batchMode" value="true" />
    <property name="env.HISTSIZE" value="1000" />
    <property name="env.MERB_ENV" value="test" />
    <property name="java.vm.info" value="mixed mode" />
    <property name="source" value="1.8" />
    <property name="java.vm.specification.name" value="Java Virtual Machine Specification" />
    <property name="env.TRAVIS_TEST_RESULT" value="0" />
    <property name="jsdoc.command" value="node_modules/@terraswarm/jsdoc/jsdoc.js" />
    <property name="npm.works" value="true" />
    <property name="cobertura.dir" value="/home/travis/build/icyphy/ptII/vendors/cobertura-2.0.3" />
    <property name="env.rvm_path" value="/home/travis/.rvm" />
    <property name="env.GEM_PATH" value="/home/travis/.rvm/gems/ruby-2.4.1:/home/travis/.rvm/gems/ruby-2.4.1@global" />
    <property name="env.LC_CTYPE" value="en_US.UTF-8" />
    <property name="java.awt.printerjob" value="sun.print.PSPrinterJob" />
    <property name="env.TRAVIS_CMD" value="$PTII/bin/ptIITravisBuild.sh $SECONDS" />
    <property name="env.TRAVIS_STACK_NAME" value="garnet" />
    <property name="env.TRAVIS_TIMER_START_TIME" value="1549509664343324898" />
    <property name="ant.version" value="Apache Ant(TM) version 1.10.1 compiled on February 2 2017" />
    <property name="ptII.reports" value="/home/travis/build/icyphy/ptII/reports" />
    <property name="env.TRAVIS_STACK_TIMESTAMP" value="2017-12-05 19:33:09 UTC" />
    <property name="ant.file.type.ptII" value="file" />
    <property name="env.RBENV_SHELL" value="bash" />
    <property name="os.name" value="Linux" />
    <property name="java.specification.vendor" value="Oracle Corporation" />
    <property name="env.rvm_version" value="1.29.3 (latest)" />
    <property name="env.TRAVIS_INFRA" value="gce" />
    <property name="env.TERM" value="xterm" />
    <property name="java.vm.name" value="Java HotSpot(TM) 64-Bit Server VM" />
    <property name="env.TRAVIS_BUILD_NUMBER" value="994" />
    <property name="env.CI" value="true" />
    <property name="java.library.path" value="/home/travis/pthla/certi-tools/lib:/usr/lib/jni:/usr/local/share/OpenCV/java/:/usr/share/OpenCV/java::/usr/java/packages/lib/amd64:/usr/lib64:/lib64:/lib:/usr/lib" />
    <property name="env.rvm_prefix" value="/home/travis" />
    <property name="env.PATH" value="/home/travis/pthla/certi-tools/share/scripts:/home/travis/.rvm/gems/ruby-2.4.1/bin:/home/travis/.rvm/gems/ruby-2.4.1@global/bin:/home/travis/.rvm/rubies/ruby-2.4.1/bin:/home/travis/.rvm/bin:/home/travis/.nvm/versions/node/v7.10.1/bin:./node_modules/.bin:/home/travis/build/icyphy/ptII/bin:/home/travis/pthla/certi-tools/bin:/home/travis/bin:/home/travis/.local/bin:/opt/pyenv/shims:/home/travis/.phpenv/shims:/home/travis/perl5/perlbrew/bin:/home/travis/.kiex/elixirs/elixir-1.4.5/bin:/home/travis/.kiex/bin:/home/travis/gopath/bin:/home/travis/.gimme/versions/go1.7.4.linux.amd64/bin:/usr/local/phantomjs/bin:/usr/local/phantomjs:/usr/local/neo4j-3.2.7/bin:/usr/local/maven-3.5.2/bin:/usr/local/cmake-3.9.2/bin:/usr/local/clang-5.0.0/bin:/usr/local/sbin:/usr/local/bin:/usr/sbin:/usr/bin:/sbin:/bin:/home/travis/.phpenv/bin:/opt/pyenv/bin:/home/travis/.yarn/bin" />
    <property name="env.TRAVIS_OS_NAME" value="linux" />
    <property name="ant.java.version" value="1.8" />
    <property name="basedir" value="/home/travis/build/icyphy/ptII" />
    <property name="java.class.version" value="52.0" />
    <property name="env.SHLVL" value="3" />
    <property name="env.LD_LIBRARY_PATH" value="/home/travis/pthla/certi-tools/lib:/usr/lib/jni:/usr/local/share/OpenCV/java/:/usr/share/OpenCV/java:" />
    <property name="env.RACK_ENV" value="test" />
    <property name="ant.home" value="/home/travis/build/icyphy/ptII/ant" />
    <property name="env.PERLBREW_BASHRC_VERSION" value="0.80" />
    <property name="env.NVM_DIR" value="/home/travis/.nvm" />
    <property name="env.TRAVIS_BUILD_ID" value="489863467" />
    <property name="env.CERTI_FOM_PATH" value="/home/travis/pthla/certi-tools/share/federations" />
    <property name="env.PYENV_ROOT" value="/opt/pyenv" />
    <property name="env.TRAVIS_UID" value="2000" />
    <property name="env.rvm_pretty_print_flag" value="auto" />
    <property name="env.NVM_BIN" value="/home/travis/.nvm/versions/node/v7.10.1/bin" />
    <property name="env.TRAVIS_COMMIT" value="879f111b998daf2a28aa833b9629496c9080eaab" />
    <property name="env._system_arch" value="x86_64" />
    <property name="node.executable" value="node" />
    <property name="sun.boot.library.path" value="/usr/lib/jvm/java-8-oracle/jre/lib/amd64" />
    <property name="sun.management.compiler" value="HotSpot 64-Bit Tiered Compilers" />
    <property name="env.GOPATH" value="/home/travis/gopath" />
    <property name="java.awt.graphicsenv" value="sun.awt.X11GraphicsEnvironment" />
    <property name="ptolemy.ptII.dir" value="/home/travis/build/icyphy/ptII" />
    <property name="env.USER" value="travis" />
    <property name="env.HISTFILESIZE" value="2000" />
    <property name="timeout.longest" value="19000000" />
    <property name="env.TRAVIS_STACK_FEATURES" value="basic cassandra chromium couchdb disabled-ipv6 docker docker-compose elasticsearch firefox go-toolchain google-chrome jdk memcached mongodb mysql neo4j nodejs_interpreter perl_interpreter perlbrew phantomjs postgresql python_interpreter rabbitmq redis riak ruby_interpreter sqlite xserver" />
    <property name="env.TRAVIS_PULL_REQUEST" value="false" />
    <property name="env.PYENV_SHELL" value="bash" />
    <property name="ant.project.name" value="ptII" />
    <property name="java.vm.specification.version" value="1.8" />
    <property name="env.ANSI_RESET" value="\033[0m" />
    <property name="env.TRAVIS_DIST" value="trusty" />
    <property name="env.CERTI_VERSION" value="4.0.0" />
    <property name="env.NLSPATH" value="/usr/dt/lib/nls/msg/%L/%N.cat" />
    <property name="awt.toolkit" value="sun.awt.X11.XToolkit" />
    <property name="env.CERTI_HOST" value="localhost" />
    <property name="env.MY_RUBY_HOME" value="/home/travis/.rvm/rubies/ruby-2.4.1" />
    <property name="sun.cpu.isalist" value="" />
    <property name="env.TRAVIS_TMPDIR" value="/tmp/tmp.k0JLqbXoSm" />
    <property name="java.ext.dirs" value="/usr/lib/jvm/java-8-oracle/jre/lib/ext:/usr/java/packages/lib/ext" />
    <property name="os.version" value="4.4.0-101-generic" />
    <property name="user.home" value="/home/travis" />
    <property name="env.MIX_ARCHIVES" value="/home/travis/.kiex/mix/elixir-1.4.5" />
    <property name="java.vm.vendor" value="Oracle Corporation" />
    <property name="env.TRAVIS_TAG" value="nightly" />
    <property name="env.ANSI_YELLOW" value="\033[33;1m" />
    <property name="env.TRAVIS_FILTERED" value="redirect_io" />
    <property name="env.ANSI_GREEN" value="\033[32;1m" />
    <property name="env.JAVA_HOME" value="/usr/lib/jvm/java-8-oracle" />
    <property name="env.PTII" value="/home/travis/build/icyphy/ptII" />
    <property name="javadoc.excludepackagenames" value="adm.cvs2svn.*,build.*,config.*,doc.coding.templates.*,jni.test.jni.meaningOfLife.*,jni.test.jni.testDeux.*,jni.test.jni.testTrois.*,org.terraswarm.accessor.accessors.web.node_modules.*,org.terraswarm.accessor.accessors.web.hosts.cordova.demo.*,org.terraswarm.accessor.accessors.web.hosts.cordova.plugins.*,org.terraswarm.accessor.accessors-svn.*,pt-modules.*,ptolemy.apps.agilent.*,ptolemy.apps.anytimecontrol.*,ptolemy.apps.apes.*,ptolemy.apps.charon.*,ptolemy.apps.crazyboard.*,ptolemy.apps.eclipse.*,ptolemy.apps.etherealSting.*,ptolemy.apps.fullscreen.*,ptolemy.apps.giotto.*,ptolemy.apps.ia.*,ptolemy.apps.interfaces.*,ptolemy.apps.jmf.*,ptolemy.apps.kurt.*,ptolemy.apps.kvm.*,ptolemy.apps.lego.*,ptolemy.apps.lejos.*,ptolemy.apps.midp.*,ptolemy.apps.mobileCoding.*,ptolemy.apps.pendulum.*,ptolemy.apps.rijndael.*,ptolemy.apps.robot.*,ptolemy.apps.security.*,ptolemy.apps.sobel.*,ptolemy.apps.soot.*,ptolemy.apps.throttle.*,ptolemy.apps.tini.*,ptolemy.apps.transmission.*,ptolemy.apps.vergil.*,ptolemy.apps.waba.*,ptolemy.apps.websensor.*,ptolemy.apps.webstart.*,ptolemy.apps.xsl.*,ptolemy.apps.zaurus.*,ptolemy.codegen.c.actor.lib.oldJavaFiles.*,ptolemy.codegen.dsp.lib.*,ptolemy.codegen.kernel.newInterfaces.*,ptolemy.codegen.lib.*,ptolemy.copernicus.kernel.fragment.*,ptolemy.copernicus.shallow.cg.*,ptolemy.domains.giotto.demo.Hierarchy.Hierarchy.*,ptolemy.domains.giotto.demo.Multimode.Multimode.*,ptolemy.domains.giotto.demo.Simple.Simple.*,ptolemy.domains.gr.lib.experimental.*,ptolemy.domains.gro.*,ptolemy.domains.pdf.*,ptolemy.domains.ptinyos.demo.Surge.output.*,ptolemy.moml.test.NoPackageActor.java*,ptolemy.plot.adm.*,ptolemy.plot.servlet.*,reports.*,signed.*,src.*,target.*,vendors.*,ptolemy.apps.eclipse.awt.*,ptolemy.backtrack.*,ptolemy.backtrack.ast.*,ptolemy.cg.adapter.generic.program.procedural.c.mbed*,ptolemy.homer.*,org.ptolemy.scala.*,diva.util.java2d.svg.*,ptolemy.domains.ptinyos.*,ptolemy.actor.lib.fmi.fmipp.*,,org.terraswarm.accessor.accessors.web.node_modules.*,org.terraswarm.accessor.accessors-svn,ptolemy.apps.*,ptolemy.actor.ptalon.demo.ptinyos.SendAndReceiveCnt.output,ptolemy.actor.ptalon.demo.ptinyos.SenseToLeds.output,ptolemy.domains.ptinyos.demo.CntToLedsAndRfm.output,ptolemy.domains.ptinyos.demo.RfmToLeds.output,ptolemy.domains.ptinyos.demo.SendAndReceiveCnt.output,ptolemy.domains.ptinyos.demo.SenseToLeds.output,ptolemy.actor.lib.jjs.modules.udpSocket.*" />
    <property name="env.TRAVIS_COMMIT_MESSAGE" value="Updated seating in DOP Center" />
    <property name="keystore" value="ptKeystore" />
    <property name="env.XDG_SESSION_ID" value="2" />
    <property name="junit.output.dir" value="/home/travis/build/icyphy/ptII/reports/junit" />
    <property name="npm.return.code" value="0" />
    <property name="user.dir" value="/home/travis/build/icyphy/ptII/ptolemy/actor/lib/test" />
    <property name="env.TRAVIS_NODE_VERSION" value="7" />
    <property name="env.XFILESEARCHPATH" value="/usr/dt/app-defaults/%L/Dt" />
    <property name="env.TRAVIS_EVENT_TYPE" value="cron" />
    <property name="env.MAIL" value="/var/mail/travis" />
    <property name="env.PWD" value="/home/travis/build/icyphy/ptII" />
    <property name="env.PERLBREW_ROOT" value="/home/travis/perl5/perlbrew" />
    <property name="timeout.npm" value="45000" />
    <property name="env.TRAVIS_ARCH" value="amd64" />
    <property name="env.PAGER" value="cat" />
    <property name="sun.cpu.endian" value="little" />
    <property name="env.TRAVIS_BUILD_STAGE_NAME" value="Test" />
    <property name="env.PERLBREW_HOME" value="/home/travis/.perlbrew" />
    <property name="env.RAILS_ENV" value="test" />
    <property name="java.vm.version" value="25.151-b12" />
    <property name="java.class.path" value="/home/travis/.ptolemyII:/home/travis/.ptolemyII/*:/home/travis/build/icyphy/ptII:/home/travis/build/icyphy/ptII/lib/bsh-2.0b4.jar:/home/travis/build/icyphy/ptII/lib/ptCal.jar:/home/travis/build/icyphy/ptII/lib/java_cup.jar:/home/travis/build/icyphy/ptII/lib/saxon8.jar:/home/travis/build/icyphy/ptII/lib/saxon8-dom.jar:/home/travis/build/icyphy/ptII/lib/chic.jar:/home/travis/build/icyphy/ptII/lib/ptcolt.jar:/usr/lib/jvm/java-8-oracle/lib/tools.jar:/home/travis/build/icyphy/ptII/vendors/misc/itext/iText.jar:/home/travis/build/icyphy/ptII/lib/g4ltl.jar:/home/travis/build/icyphy/ptII/lib/StructuralCoder.jar:/home/travis/build/icyphy/ptII/vendors/jai-1_1_2_01/lib/jai_core.jar:/home/travis/build/icyphy/ptII/vendors/jai-1_1_2_01/lib/jai_codec.jar:/home/travis/build/icyphy/ptII/lib/jcerti.jar:/home/travis/build/icyphy/ptII/lib/javax.mail.jar:/home/travis/build/icyphy/ptII/vendors/JMF-2.1.1e/lib/jmf.jar:/home/travis/build/icyphy/ptII/lib/jna-4.0.0-variadic.jar:/home/travis/build/icyphy/ptII/vendors/misc/joystick/Joystick.jar:/home/travis/build/icyphy/ptII/lib/ptjacl.jar:/home/travis/build/icyphy/ptII/lib/jsoup-1.8.2.jar:/home/travis/build/icyphy/ptII/lib/junit-4.8.2.jar:/home/travis/build/icyphy/ptII/lib/JUnitParams-0.4.0.jar:/home/travis/build/icyphy/ptII/ptolemy/actor/lib/excel/jxl.jar:/home/travis/build/icyphy/ptII/lib/jython.jar:/home/travis/build/icyphy/ptII/lib/kieler.jar:/home/travis/build/icyphy/ptII/vendors/opencv/share/OpenCV/java/opencv-341.jar:/home/travis/build/icyphy/ptII/lib/oscP5.jar:/home/travis/build/icyphy/ptII/lib/nrjavaserial-3.11.0.devel.jar:/home/travis/build/icyphy/ptII/vendors/j3d/lib/j3dcore.jar:/home/travis/build/icyphy/ptII/vendors/j3d/lib/j3dutils.jar:/home/travis/build/icyphy/ptII/vendors/j3d/lib/vecmath.jar:/home/travis/build/icyphy/ptII/ptolemy/distributed/jini/jar/jini-core.jar:/home/travis/build/icyphy/ptII/ptolemy/distributed/jini/jar/jini-ext.jar:/home/travis/build/icyphy/ptII/ptolemy/distributed/jini/jar/sun-util.jar:/home/travis/build/icyphy/ptII/lib/protobuf-java-2.4.1.jar:/home/travis/build/icyphy/ptII/lib/org.eclipse.paho.client.mqttv3.jar:/home/travis/build/icyphy/ptII/lib/mapss.jar:/home/travis/build/icyphy/ptII/ptolemy/actor/ptalon/antlr/antlr.jar:/home/travis/build/icyphy/ptII/lib/JRI.jar:/home/travis/build/icyphy/ptII/lib/commons-lang-2.6.jar:/home/travis/build/icyphy/ptII/lib/commons-logging-1.1.1.jar:/home/travis/build/icyphy/ptII/lib/sootclasses.jar:/home/travis/build/icyphy/ptII/ptolemy/actor/lib/database/mysql-connector-java-5.1.6-bin.jar:/home/travis/build/icyphy/ptII/vendors/misc/sphinx4/sphinx4-data-5prealpha.jar:/home/travis/build/icyphy/ptII/vendors/misc/sphinx4/sphinx4-core-5prealpha.jar:/home/travis/build/icyphy/ptII/lib/PDFRenderer.jar:/home/travis/build/icyphy/ptII/lib/svgSalamander.jar:/home/travis/build/icyphy/ptII/lib/rsyntaxtextarea-2.6.0-SNAPSHOT.jar:/home/travis/build/icyphy/ptII/lib/hazelcast-3.8.2.jar:/home/travis/build/icyphy/ptII/lib/jackson-annotations-2.9.0.jar:/home/travis/build/icyphy/ptII/lib/jackson-core-2.9.3.jar:/home/travis/build/icyphy/ptII/lib/jackson-databind-2.9.3.jar:/home/travis/build/icyphy/ptII/lib/netty-buffer-4.1.19.Final.jar:/home/travis/build/icyphy/ptII/lib/netty-codec-4.1.19.Final.jar:/home/travis/build/icyphy/ptII/lib/netty-codec-dns-4.1.19.Final.jar:/home/travis/build/icyphy/ptII/lib/netty-codec-http-4.1.19.Final.jar:/home/travis/build/icyphy/ptII/lib/netty-codec-http2-4.1.19.Final.jar:/home/travis/build/icyphy/ptII/lib/netty-common-4.1.19.Final.jar:/home/travis/build/icyphy/ptII/lib/netty-handler-4.1.19.Final.jar:/home/travis/build/icyphy/ptII/lib/netty-resolver-4.1.19.Final.jar:/home/travis/build/icyphy/ptII/lib/netty-resolver-dns-4.1.19.Final.jar:/home/travis/build/icyphy/ptII/lib/netty-transport-4.1.19.Final.jar:/home/travis/build/icyphy/ptII/lib/vertx-codegen-3.5.1.jar:/home/travis/build/icyphy/ptII/lib/vertx-core-3.5.2-SNAPSHOT.jar:/home/travis/build/icyphy/ptII/lib/vertx-hazelcast-3.5.1.jar:/home/travis/build/icyphy/ptII/lib/vertx-lang-js-3.5.1.jar:/home/travis/build/icyphy/ptII/lib/vertx-service-proxy-3.5.1.jar:/home/travis/build/icyphy/ptII/lib/vertx-web-3.5.1.jar:/home/travis/build/icyphy/ptII/lib/slf4j-api-1.7.13.jar:/home/travis/build/icyphy/ptII/lib/slf4j-simple-1.7.13.jar:/home/travis/build/icyphy/ptII/lib/webcam-capture-0.3.12.jar:/home/travis/build/icyphy/ptII/lib/bridj-0.7.0.jar:/home/travis/build/icyphy/ptII/lib/xbjlib-1.1.0.nrjavaserial.jar:/home/travis/build/icyphy/ptII/ptolemy/moml/test:/home/travis/build/icyphy/ptII/ant/lib/ant-launcher.jar:/home/travis/build/icyphy/ptII/ant/lib/ant.jar:/home/travis/build/icyphy/ptII/ant/lib/ant-junit.jar:/home/travis/build/icyphy/ptII/ant/lib/ant-junit4.jar" />
    <property name="ant.library.dir" value="/home/travis/build/icyphy/ptII/ant/lib" />
    <property name="os.arch" value="amd64" />
    <property name="env.TRAVIS_LANGUAGE" value="node_js" />
    <property name="env.CONTINUOUS_INTEGRATION" value="true" />
    <property name="env.TRAVIS_STACK_LANGUAGES" value="__garnet__ c c++ clojure cplusplus cpp default go groovy java node_js php pure_java python ruby scala" />
    <property name="test.name" value="ptolemy.actor.lib.test.junit.JUnitTclTest" />
    <property name="sun.java.launcher" value="SUN_STANDARD" />
    <property name="env.PYTHON_CONFIGURE_OPTS" value="--enable-unicode=ucs4 --with-wide-unicode --enable-shared --enable-ipv6 --enable-loadable-sqlite-extensions --with-computed-gotos" />
    <property name="ant.core.lib" value="/home/travis/build/icyphy/ptII/ant/lib/ant.jar" />
    <property name="java.vm.specification.vendor" value="Oracle Corporation" />
    <property name="env.BCVTB_HOME" value="/home/travis/build/icyphy/ptII/lbnl" />
    <property name="file.separator" value="/" />
    <property name="spotbugs.home" value="/home/travis/build/icyphy/ptII/vendors/spotbugs-3.1.1" />
    <property name="java.runtime.version" value="1.8.0_151-b12" />
    <property name="sun.boot.class.path" value="/usr/lib/jvm/java-8-oracle/jre/lib/resources.jar:/usr/lib/jvm/java-8-oracle/jre/lib/rt.jar:/usr/lib/jvm/java-8-oracle/jre/lib/sunrsasign.jar:/usr/lib/jvm/java-8-oracle/jre/lib/jsse.jar:/usr/lib/jvm/java-8-oracle/jre/lib/jce.jar:/usr/lib/jvm/java-8-oracle/jre/lib/charsets.jar:/usr/lib/jvm/java-8-oracle/jre/lib/jfr.jar:/usr/lib/jvm/java-8-oracle/jre/classes" />
    <property name="env.ANSI_CLEAR" value="\033[0K" />
    <property name="env.HAS_JOSH_K_SEAL_OF_APPROVAL" value="true" />
    <property name="env.XDG_RUNTIME_DIR" value="/run/user/2000" />
    <property name="env.TRAVIS_OSX_IMAGE" value="" />
    <property name="env.TRAVIS_BRANCH" value="master" />
    <property name="env.TRAVIS_JOB_ID" value="489863475" />
    <property name="user.country" value="US" />
    <property name="env.CERTI_HOME_TRAVIS" value="/home/travis/pthla/certi-tools" />
    <property name="env.SHELL" value="/bin/bash" />
    <property name="java.maxmemory.large" value="5000m" />
    <property name="model" value="" />
    <property name="env.CASHER_DIR" value="/home/travis/.casher" />
    <property name="env.NVM_CD_FLAGS" value="" />
    <property name="jshint.executable" value="/home/travis/node_modules/jshint/bin/jshint" />
    <property name="java.vendor" value="Oracle Corporation" />
    <property name="env.JRUBY_OPTS" value=" --client -J-XX:+TieredCompilation -J-XX:TieredStopAtLevel=1 -J-Xss2m -Xcompile.invokedynamic=false" />
    <property name="env.TRAVIS_PRE_CHEF_BOOTSTRAP_TIME" value="2017-12-05T19:32:55" />
    <property name="env.TRAVIS_STACK_JOB_BOARD_REGISTER" value="/.job-board-register.yml" />
    <property name="env.ELIXIR_VERSION" value="1.4.5" />
    <property name="env.ANSI_RED" value="\033[31;1m" />
    <property name="java.specification.version" value="1.8" />
    <property name="env.TRAVIS" value="true" />
    <property name="env.IRBRC" value="/home/travis/.rvm/rubies/ruby-2.4.1/.irbrc" />
    <property name="sun.arch.data.model" value="64" />
  </properties>
  <testcase classname="ptolemy.util.test.junit.TclTests" name="[0] /home/travis/build/icyphy/ptII/ptolemy/actor/lib/test/AbsoluteValue.tcl (RunTclFile)" time="0.477" />
  <testcase classname="ptolemy.util.test.junit.TclTests" name="[1] /home/travis/build/icyphy/ptII/ptolemy/actor/lib/test/AddSubtract.tcl (RunTclFile)" time="0.09" />
  <testcase classname="ptolemy.util.test.junit.TclTests" name="[2] /home/travis/build/icyphy/ptII/ptolemy/actor/lib/test/Average.tcl (RunTclFile)" time="0.044" />
  <testcase classname="ptolemy.util.test.junit.TclTests" name="[3] /home/travis/build/icyphy/ptII/ptolemy/actor/lib/test/Bernoulli.tcl (RunTclFile)" time="0.039" />
  <testcase classname="ptolemy.util.test.junit.TclTests" name="[4] /home/travis/build/icyphy/ptII/ptolemy/actor/lib/test/Clock.tcl (RunTclFile)" time="0.099" />
  <testcase classname="ptolemy.util.test.junit.TclTests" name="[5] /home/travis/build/icyphy/ptII/ptolemy/actor/lib/test/Commutator.tcl (RunTclFile)" time="0.081" />
  <testcase classname="ptolemy.util.test.junit.TclTests" name="[6] /home/travis/build/icyphy/ptII/ptolemy/actor/lib/test/Const.tcl (RunTclFile)" time="0.12" />
  <testcase classname="ptolemy.util.test.junit.TclTests" name="[7] /home/travis/build/icyphy/ptII/ptolemy/actor/lib/test/CurrentTime.tcl (RunTclFile)" time="0.018" />
  <testcase classname="ptolemy.util.test.junit.TclTests" name="[8] /home/travis/build/icyphy/ptII/ptolemy/actor/lib/test/DB.tcl (RunTclFile)" time="0.018" />
  <testcase classname="ptolemy.util.test.junit.TclTests" name="[9] /home/travis/build/icyphy/ptII/ptolemy/actor/lib/test/DiscreteRandomSource.tcl (RunTclFile)" time="0.041" />
  <testcase classname="ptolemy.util.test.junit.TclTests" name="[10] /home/travis/build/icyphy/ptII/ptolemy/actor/lib/test/Distributor.tcl (RunTclFile)" time="0.066" />
  <testcase classname="ptolemy.util.test.junit.TclTests" name="[11] /home/travis/build/icyphy/ptII/ptolemy/actor/lib/test/Exit.tcl (RunTclFile)" time="0.057" />
  <testcase classname="ptolemy.util.test.junit.TclTests" name="[12] /home/travis/build/icyphy/ptII/ptolemy/actor/lib/test/Expression.tcl (RunTclFile)" time="0.126" />
  <testcase classname="ptolemy.util.test.junit.TclTests" name="[13] /home/travis/build/icyphy/ptII/ptolemy/actor/lib/test/Gaussian.tcl (RunTclFile)" time="0.965" />
  <testcase classname="ptolemy.util.test.junit.TclTests" name="[14] /home/travis/build/icyphy/ptII/ptolemy/actor/lib/test/IIR.tcl (RunTclFile)" time="0.05" />
  <testcase classname="ptolemy.util.test.junit.TclTests" name="[15] /home/travis/build/icyphy/ptII/ptolemy/actor/lib/test/Interpolator.tcl (RunTclFile)" time="0.117" />
  <testcase classname="ptolemy.util.test.junit.TclTests" name="[16] /home/travis/build/icyphy/ptII/ptolemy/actor/lib/test/MathFunction.tcl (RunTclFile)" time="0.07" />
  <testcase classname="ptolemy.util.test.junit.TclTests" name="[17] /home/travis/build/icyphy/ptII/ptolemy/actor/lib/test/Maximum.tcl (RunTclFile)" time="0.031" />
  <testcase classname="ptolemy.util.test.junit.TclTests" name="[18] /home/travis/build/icyphy/ptII/ptolemy/actor/lib/test/Minimum.tcl (RunTclFile)" time="0.019" />
  <testcase classname="ptolemy.util.test.junit.TclTests" name="[19] /home/travis/build/icyphy/ptII/ptolemy/actor/lib/test/MultiplyDivide.tcl (RunTclFile)" time="0.025" />
  <testcase classname="ptolemy.util.test.junit.TclTests" name="[20] /home/travis/build/icyphy/ptII/ptolemy/actor/lib/test/OrderedMerge.tcl (RunTclFile)" time="0.093" />
  <testcase classname="ptolemy.util.test.junit.TclTests" name="[21] /home/travis/build/icyphy/ptII/ptolemy/actor/lib/test/Publisher.tcl (RunTclFile)" time="0.63" />
  <testcase classname="ptolemy.util.test.junit.TclTests" name="[22] /home/travis/build/icyphy/ptII/ptolemy/actor/lib/test/Pulse.tcl (RunTclFile)" time="0.061" />
  <testcase classname="ptolemy.util.test.junit.TclTests" name="[23] /home/travis/build/icyphy/ptII/ptolemy/actor/lib/test/Ramp.tcl (RunTclFile)" time="2.128" />
  <testcase classname="ptolemy.util.test.junit.TclTests" name="[24] /home/travis/build/icyphy/ptII/ptolemy/actor/lib/test/RampContinuous.tcl (RunTclFile)" time="0.021" />
  <testcase classname="ptolemy.util.test.junit.TclTests" name="[25] /home/travis/build/icyphy/ptII/ptolemy/actor/lib/test/RecordAssembler.tcl (RunTclFile)" time="0.023" />
  <testcase classname="ptolemy.util.test.junit.TclTests" name="[26] /home/travis/build/icyphy/ptII/ptolemy/actor/lib/test/RecordDisassembler.tcl (RunTclFile)" time="0.029" />
  <testcase classname="ptolemy.util.test.junit.TclTests" name="[27] /home/travis/build/icyphy/ptII/ptolemy/actor/lib/test/Scale.tcl (RunTclFile)" time="0.024" />
  <testcase classname="ptolemy.util.test.junit.TclTests" name="[28] /home/travis/build/icyphy/ptII/ptolemy/actor/lib/test/SequentialClock.tcl (RunTclFile)" time="0.023" />
  <testcase classname="ptolemy.util.test.junit.TclTests" name="[29] /home/travis/build/icyphy/ptII/ptolemy/actor/lib/test/SetVariable.tcl (RunTclFile)" time="0.016" />
  <testcase classname="ptolemy.util.test.junit.TclTests" name="[30] /home/travis/build/icyphy/ptII/ptolemy/actor/lib/test/Sinewave.tcl (RunTclFile)" time="0.052" />
  <testcase classname="ptolemy.util.test.junit.TclTests" name="[31] /home/travis/build/icyphy/ptII/ptolemy/actor/lib/test/SubscriptionAggregator.tcl (RunTclFile)" time="2.008" />
  <testcase classname="ptolemy.util.test.junit.TclTests" name="[32] /home/travis/build/icyphy/ptII/ptolemy/actor/lib/test/Test.tcl (RunTclFile)" time="0.091" />
  <testcase classname="ptolemy.util.test.junit.TclTests" name="[33] /home/travis/build/icyphy/ptII/ptolemy/actor/lib/test/TestExceptionHandler.tcl (RunTclFile)" time="0.01" />
  <testcase classname="ptolemy.util.test.junit.TclTests" name="[34] /home/travis/build/icyphy/ptII/ptolemy/actor/lib/test/UnionDisassembler.tcl (RunTclFile)" time="0.065" />
  <testcase classname="ptolemy.util.test.junit.TclTests" name="[35] /home/travis/build/icyphy/ptII/ptolemy/actor/lib/test/VariableClock.tcl (RunTclFile)" time="0.034" />
  <testcase classname="ptolemy.util.test.junit.AutoKnownFailedTests" name="[0] /home/travis/build/icyphy/ptII/ptolemy/actor/lib/test/auto/knownFailedTests/PublisherPortToplevelSubscriber.xml (RunModel)" time="0.025" />
  <testcase classname="ptolemy.util.test.junit.AutoKnownFailedTests" name="[1] /home/travis/build/icyphy/ptII/ptolemy/actor/lib/test/auto/knownFailedTests/PublisherSubscriberPortToplevel.xml (RunModel)" time="0.021" />
  <testcase classname="ptolemy.util.test.junit.AutoKnownFailedTests" name="[2] /home/travis/build/icyphy/ptII/ptolemy/actor/lib/test/auto/knownFailedTests/PublisherSubscriptionAggregatorPort.xml (RunModel)" time="0.018" />
  <testcase classname="ptolemy.util.test.junit.AutoKnownFailedTests" name="[3] /home/travis/build/icyphy/ptII/ptolemy/actor/lib/test/auto/knownFailedTests/sizedarray3.xml (RunModel)" time="0.039" />
  <testcase classname="ptolemy.util.test.junit.AutoNameArchTests" name="[0] ThereAreNoAutoArchTests (RunModel)" time="0.004" />
  <testcase classname="ptolemy.util.test.junit.AutoTests" name="[0] /home/travis/build/icyphy/ptII/ptolemy/actor/lib/test/auto/AbsoluteValue.xml (RunModel)" time="0.089" />
  <testcase classname="ptolemy.util.test.junit.AutoTests" name="[1] /home/travis/build/icyphy/ptII/ptolemy/actor/lib/test/auto/AbsoluteValue2.xml (RunModel)" time="0.067" />
  <testcase classname="ptolemy.util.test.junit.AutoTests" name="[2] /home/travis/build/icyphy/ptII/ptolemy/actor/lib/test/auto/Accumulator.xml (RunModel)" time="0.052" />
  <testcase classname="ptolemy.util.test.junit.AutoTests" name="[3] /home/travis/build/icyphy/ptII/ptolemy/actor/lib/test/auto/Accumulator2.xml (RunModel)" time="0.042" />
  <testcase classname="ptolemy.util.test.junit.AutoTests" name="[4] /home/travis/build/icyphy/ptII/ptolemy/actor/lib/test/auto/Accumulator3.xml (RunModel)" time="0.019" />
  <testcase classname="ptolemy.util.test.junit.AutoTests" name="[5] /home/travis/build/icyphy/ptII/ptolemy/actor/lib/test/auto/ArrayAppend.xml (RunModel)" time="0.023" />
  <testcase classname="ptolemy.util.test.junit.AutoTests" name="[6] /home/travis/build/icyphy/ptII/ptolemy/actor/lib/test/auto/ArrayAppend2.xml (RunModel)" time="0.435" />
  <testcase classname="ptolemy.util.test.junit.AutoTests" name="[7] /home/travis/build/icyphy/ptII/ptolemy/actor/lib/test/auto/ArrayAppend3.xml (RunModel)" time="0.03" />
  <testcase classname="ptolemy.util.test.junit.AutoTests" name="[8] /home/travis/build/icyphy/ptII/ptolemy/actor/lib/test/auto/ArrayAppend4.xml (RunModel)" time="0.024" />
  <testcase classname="ptolemy.util.test.junit.AutoTests" name="[9] /home/travis/build/icyphy/ptII/ptolemy/actor/lib/test/auto/ArrayAppend5.xml (RunModel)" time="0.022" />
  <testcase classname="ptolemy.util.test.junit.AutoTests" name="[10] /home/travis/build/icyphy/ptII/ptolemy/actor/lib/test/auto/ArrayAppend6.xml (RunModel)" time="0.023" />
  <testcase classname="ptolemy.util.test.junit.AutoTests" name="[11] /home/travis/build/icyphy/ptII/ptolemy/actor/lib/test/auto/ArrayAppendPerformanceTest.xml (RunModel)" time="0.051" />
  <testcase classname="ptolemy.util.test.junit.AutoTests" name="[12] /home/travis/build/icyphy/ptII/ptolemy/actor/lib/test/auto/ArrayAppendWithEmptyInput.xml (RunModel)" time="0.044" />
  <testcase classname="ptolemy.util.test.junit.AutoTests" name="[13] /home/travis/build/icyphy/ptII/ptolemy/actor/lib/test/auto/ArrayAverage.xml (RunModel)" time="0.065" />
  <testcase classname="ptolemy.util.test.junit.AutoTests" name="[14] /home/travis/build/icyphy/ptII/ptolemy/actor/lib/test/auto/ArrayContains.xml (RunModel)" time="0.032" />
  <testcase classname="ptolemy.util.test.junit.AutoTests" name="[15] /home/travis/build/icyphy/ptII/ptolemy/actor/lib/test/auto/ArrayElement.xml (RunModel)" time="0.031" />
  <testcase classname="ptolemy.util.test.junit.AutoTests" name="[16] /home/travis/build/icyphy/ptII/ptolemy/actor/lib/test/auto/ArrayElementAsMatrix.xml (RunModel)" time="0.063" />
  <testcase classname="ptolemy.util.test.junit.AutoTests" name="[17] /home/travis/build/icyphy/ptII/ptolemy/actor/lib/test/auto/ArrayElementI.xml (RunModel)" time="0.037" />
  <testcase classname="ptolemy.util.test.junit.AutoTests" name="[18] /home/travis/build/icyphy/ptII/ptolemy/actor/lib/test/auto/ArrayExtract.xml (RunModel)" time="0.045" />
  <testcase classname="ptolemy.util.test.junit.AutoTests" name="[19] /home/travis/build/icyphy/ptII/ptolemy/actor/lib/test/auto/ArrayExtract2.xml (RunModel)" time="0.019" />
  <testcase classname="ptolemy.util.test.junit.AutoTests" name="[20] /home/travis/build/icyphy/ptII/ptolemy/actor/lib/test/auto/ArrayLength.xml (RunModel)" time="0.022" />
  <testcase classname="ptolemy.util.test.junit.AutoTests" name="[21] /home/travis/build/icyphy/ptII/ptolemy/actor/lib/test/auto/ArrayLevelCrossing.xml (RunModel)" time="0.037" />
  <testcase classname="ptolemy.util.test.junit.AutoTests" name="[22] /home/travis/build/icyphy/ptII/ptolemy/actor/lib/test/auto/ArrayLevelCrossing2.xml (RunModel)" time="0.028" />
  <testcase classname="ptolemy.util.test.junit.AutoTests" name="[23] /home/travis/build/icyphy/ptII/ptolemy/actor/lib/test/auto/ArrayPeakSearch.xml (RunModel)" time="0.044" />
  <testcase classname="ptolemy.util.test.junit.AutoTests" name="[24] /home/travis/build/icyphy/ptII/ptolemy/actor/lib/test/auto/ArrayPeakSearch2.xml (RunModel)" time="0.036" />
  <testcase classname="ptolemy.util.test.junit.AutoTests" name="[25] /home/travis/build/icyphy/ptII/ptolemy/actor/lib/test/auto/ArrayPeakSearch3.xml (RunModel)" time="0.032" />
  <testcase classname="ptolemy.util.test.junit.AutoTests" name="[26] /home/travis/build/icyphy/ptII/ptolemy/actor/lib/test/auto/ArrayRemoveElement.xml (RunModel)" time="0.028" />
  <testcase classname="ptolemy.util.test.junit.AutoTests" name="[27] /home/travis/build/icyphy/ptII/ptolemy/actor/lib/test/auto/ArraySort.xml (RunModel)" time="0.04" />
  <testcase classname="ptolemy.util.test.junit.AutoTests" name="[28] /home/travis/build/icyphy/ptII/ptolemy/actor/lib/test/auto/ArraySum.xml (RunModel)" time="0.02" />
  <testcase classname="ptolemy.util.test.junit.AutoTests" name="[29] /home/travis/build/icyphy/ptII/ptolemy/actor/lib/test/auto/ArrayToElements.xml (RunModel)" time="0.02" />
  <testcase classname="ptolemy.util.test.junit.AutoTests" name="[30] /home/travis/build/icyphy/ptII/ptolemy/actor/lib/test/auto/ArrayToMatrix.xml (RunModel)" time="0.064" />
  <testcase classname="ptolemy.util.test.junit.AutoTests" name="[31] /home/travis/build/icyphy/ptII/ptolemy/actor/lib/test/auto/ArrayUpdate1.xml (RunModel)" time="0.034" />
  <testcase classname="ptolemy.util.test.junit.AutoTests" name="[32] /home/travis/build/icyphy/ptII/ptolemy/actor/lib/test/auto/ArrayUpdate2.xml (RunModel)" time="0.023" />
  <testcase classname="ptolemy.util.test.junit.AutoTests" name="[33] /home/travis/build/icyphy/ptII/ptolemy/actor/lib/test/auto/ArrayUpdate3.xml (RunModel)" time="0.017" />
  <testcase classname="ptolemy.util.test.junit.AutoTests" name="[34] /home/travis/build/icyphy/ptII/ptolemy/actor/lib/test/auto/Assert1.xml (RunModel)" time="0.02" />
  <testcase classname="ptolemy.util.test.junit.AutoTests" name="[35] /home/travis/build/icyphy/ptII/ptolemy/actor/lib/test/auto/Assert2.xml (RunModel)" time="0.015" />
  <testcase classname="ptolemy.util.test.junit.AutoTests" name="[36] /home/travis/build/icyphy/ptII/ptolemy/actor/lib/test/auto/BooleanMultiplexor.xml (RunModel)" time="0.015" />
  <testcase classname="ptolemy.util.test.junit.AutoTests" name="[37] /home/travis/build/icyphy/ptII/ptolemy/actor/lib/test/auto/BooleanMultiplexor2.xml (RunModel)" time="0.017" />
  <testcase classname="ptolemy.util.test.junit.AutoTests" name="[38] /home/travis/build/icyphy/ptII/ptolemy/actor/lib/test/auto/BooleanMultiplexor3.xml (RunModel)" time="0.011" />
  <testcase classname="ptolemy.util.test.junit.AutoTests" name="[39] /home/travis/build/icyphy/ptII/ptolemy/actor/lib/test/auto/BooleanSelect.xml (RunModel)" time="0.017" />
  <testcase classname="ptolemy.util.test.junit.AutoTests" name="[40] /home/travis/build/icyphy/ptII/ptolemy/actor/lib/test/auto/BooleanSelect2.xml (RunModel)" time="0.014" />
  <testcase classname="ptolemy.util.test.junit.AutoTests" name="[41] /home/travis/build/icyphy/ptII/ptolemy/actor/lib/test/auto/BooleanSwitch.xml (RunModel)" time="0.016" />
  <testcase classname="ptolemy.util.test.junit.AutoTests" name="[42] /home/travis/build/icyphy/ptII/ptolemy/actor/lib/test/auto/BooleanSwitch2.xml (RunModel)" time="0.014" />
  <testcase classname="ptolemy.util.test.junit.AutoTests" name="[43] /home/travis/build/icyphy/ptII/ptolemy/actor/lib/test/auto/BooleanSwitchCloningBugWithClassRelationGroup.xml (RunModel)" time="0.023" />
  <testcase classname="ptolemy.util.test.junit.AutoTests" name="[44] /home/travis/build/icyphy/ptII/ptolemy/actor/lib/test/auto/BusActors.xml (RunModel)" time="0.025" />
  <testcase classname="ptolemy.util.test.junit.AutoTests" name="[45] /home/travis/build/icyphy/ptII/ptolemy/actor/lib/test/auto/ClassWrapper.xml (RunModel)" time="0.01" />
  <testcase classname="ptolemy.util.test.junit.AutoTests" name="[46] /home/travis/build/icyphy/ptII/ptolemy/actor/lib/test/auto/Clock.xml (RunModel)" time="0.01" />
  <testcase classname="ptolemy.util.test.junit.AutoTests" name="[47] /home/travis/build/icyphy/ptII/ptolemy/actor/lib/test/auto/Clock10.xml (RunModel)" time="0.017" />
  <testcase classname="ptolemy.util.test.junit.AutoTests" name="[48] /home/travis/build/icyphy/ptII/ptolemy/actor/lib/test/auto/Clock11.xml (RunModel)" time="0.013" />
  <testcase classname="ptolemy.util.test.junit.AutoTests" name="[49] /home/travis/build/icyphy/ptII/ptolemy/actor/lib/test/auto/Clock12.xml (RunModel)" time="0.014" />
  <testcase classname="ptolemy.util.test.junit.AutoTests" name="[50] /home/travis/build/icyphy/ptII/ptolemy/actor/lib/test/auto/Clock13.xml (RunModel)" time="0.016" />
  <testcase classname="ptolemy.util.test.junit.AutoTests" name="[51] /home/travis/build/icyphy/ptII/ptolemy/actor/lib/test/auto/Clock14.xml (RunModel)" time="0.018" />
  <testcase classname="ptolemy.util.test.junit.AutoTests" name="[52] /home/travis/build/icyphy/ptII/ptolemy/actor/lib/test/auto/Clock15.xml (RunModel)" time="0.019" />
  <testcase classname="ptolemy.util.test.junit.AutoTests" name="[53] /home/travis/build/icyphy/ptII/ptolemy/actor/lib/test/auto/Clock16.xml (RunModel)" time="0.083" />
  <testcase classname="ptolemy.util.test.junit.AutoTests" name="[54] /home/travis/build/icyphy/ptII/ptolemy/actor/lib/test/auto/Clock17.xml (RunModel)" time="0.098" />
  <testcase classname="ptolemy.util.test.junit.AutoTests" name="[55] /home/travis/build/icyphy/ptII/ptolemy/actor/lib/test/auto/Clock18.xml (RunModel)" time="0.048" />
  <testcase classname="ptolemy.util.test.junit.AutoTests" name="[56] /home/travis/build/icyphy/ptII/ptolemy/actor/lib/test/auto/Clock19.xml (RunModel)" time="0.031" />
  <testcase classname="ptolemy.util.test.junit.AutoTests" name="[57] /home/travis/build/icyphy/ptII/ptolemy/actor/lib/test/auto/Clock2.xml (RunModel)" time="0.01" />
  <testcase classname="ptolemy.util.test.junit.AutoTests" name="[58] /home/travis/build/icyphy/ptII/ptolemy/actor/lib/test/auto/Clock20.xml (RunModel)" time="0.022" />
  <testcase classname="ptolemy.util.test.junit.AutoTests" name="[59] /home/travis/build/icyphy/ptII/ptolemy/actor/lib/test/auto/Clock21.xml (RunModel)" time="0.012" />
  <testcase classname="ptolemy.util.test.junit.AutoTests" name="[60] /home/travis/build/icyphy/ptII/ptolemy/actor/lib/test/auto/Clock22.xml (RunModel)" time="0.018" />
  <testcase classname="ptolemy.util.test.junit.AutoTests" name="[61] /home/travis/build/icyphy/ptII/ptolemy/actor/lib/test/auto/Clock23.xml (RunModel)" time="0.014" />
  <testcase classname="ptolemy.util.test.junit.AutoTests" name="[62] /home/travis/build/icyphy/ptII/ptolemy/actor/lib/test/auto/Clock24.xml (RunModel)" time="0.012" />
  <testcase classname="ptolemy.util.test.junit.AutoTests" name="[63] /home/travis/build/icyphy/ptII/ptolemy/actor/lib/test/auto/Clock4.xml (RunModel)" time="0.018" />
  <testcase classname="ptolemy.util.test.junit.AutoTests" name="[64] /home/travis/build/icyphy/ptII/ptolemy/actor/lib/test/auto/Clock5.xml (RunModel)" time="0.016" />
  <testcase classname="ptolemy.util.test.junit.AutoTests" name="[65] /home/travis/build/icyphy/ptII/ptolemy/actor/lib/test/auto/Clock6.xml (RunModel)" time="0.012" />
  <testcase classname="ptolemy.util.test.junit.AutoTests" name="[66] /home/travis/build/icyphy/ptII/ptolemy/actor/lib/test/auto/Clock7.xml (RunModel)" time="0.011" />
  <testcase classname="ptolemy.util.test.junit.AutoTests" name="[67] /home/travis/build/icyphy/ptII/ptolemy/actor/lib/test/auto/Clock8.xml (RunModel)" time="0.013" />
  <testcase classname="ptolemy.util.test.junit.AutoTests" name="[68] /home/travis/build/icyphy/ptII/ptolemy/actor/lib/test/auto/Clock9.xml (RunModel)" time="0.014" />
  <testcase classname="ptolemy.util.test.junit.AutoTests" name="[69] /home/travis/build/icyphy/ptII/ptolemy/actor/lib/test/auto/CommDistDiscard.xml (RunModel)" time="0.022" />
  <testcase classname="ptolemy.util.test.junit.AutoTests" name="[70] /home/travis/build/icyphy/ptII/ptolemy/actor/lib/test/auto/Commutator.xml (RunModel)" time="0.01" />
  <testcase classname="ptolemy.util.test.junit.AutoTests" name="[71] /home/travis/build/icyphy/ptII/ptolemy/actor/lib/test/auto/Commutator2.xml (RunModel)" time="0.01" />
  <testcase classname="ptolemy.util.test.junit.AutoTests" name="[72] /home/travis/build/icyphy/ptII/ptolemy/actor/lib/test/auto/Commutator3.xml (RunModel)" time="0.009" />
  <testcase classname="ptolemy.util.test.junit.AutoTests" name="[73] /home/travis/build/icyphy/ptII/ptolemy/actor/lib/test/auto/Compare.xml (RunModel)" time="0.014" />
  <testcase classname="ptolemy.util.test.junit.AutoTests" name="[74] /home/travis/build/icyphy/ptII/ptolemy/actor/lib/test/auto/CompareDE.xml (RunModel)" time="0.014" />
  <testcase classname="ptolemy.util.test.junit.AutoTests" name="[75] /home/travis/build/icyphy/ptII/ptolemy/actor/lib/test/auto/ComplexDivide.xml (RunModel)" time="0.008" />
  <testcase classname="ptolemy.util.test.junit.AutoTests" name="[76] /home/travis/build/icyphy/ptII/ptolemy/actor/lib/test/auto/ComputeHistogram.xml (RunModel)" time="0.046" />
  <testcase classname="ptolemy.util.test.junit.AutoTests" name="[77] /home/travis/build/icyphy/ptII/ptolemy/actor/lib/test/auto/ConfigurationSelect.xml (RunModel)" time="0.012" />
  <testcase classname="ptolemy.util.test.junit.AutoTests" name="[78] /home/travis/build/icyphy/ptII/ptolemy/actor/lib/test/auto/ConfigurationSelect2.xml (RunModel)" time="0.01" />
  <testcase classname="ptolemy.util.test.junit.AutoTests" name="[79] /home/travis/build/icyphy/ptII/ptolemy/actor/lib/test/auto/ConfigurationSwitch.xml (RunModel)" time="0.015" />
  <testcase classname="ptolemy.util.test.junit.AutoTests" name="[80] /home/travis/build/icyphy/ptII/ptolemy/actor/lib/test/auto/ConfigurationSwitch2.xml (RunModel)" time="0.016" />
  <testcase classname="ptolemy.util.test.junit.AutoTests" name="[81] /home/travis/build/icyphy/ptII/ptolemy/actor/lib/test/auto/ConfigurationSwitchCloningBugWithClassRelationGroup.xml (RunModel)" time="0.019" />
  <testcase classname="ptolemy.util.test.junit.AutoTests" name="[82] /home/travis/build/icyphy/ptII/ptolemy/actor/lib/test/auto/ConfigurationSwitchSelectSDF.xml (RunModel)" time="0.018" />
  <testcase classname="ptolemy.util.test.junit.AutoTests" name="[83] /home/travis/build/icyphy/ptII/ptolemy/actor/lib/test/auto/ConfigurationSwitchSelectSDF2.xml (RunModel)" time="0.012" />
  <testcase classname="ptolemy.util.test.junit.AutoTests" name="[84] /home/travis/build/icyphy/ptII/ptolemy/actor/lib/test/auto/Const.xml (RunModel)" time="0.006" />
  <testcase classname="ptolemy.util.test.junit.AutoTests" name="[85] /home/travis/build/icyphy/ptII/ptolemy/actor/lib/test/auto/Const2.xml (RunModel)" time="0.009" />
  <testcase classname="ptolemy.util.test.junit.AutoTests" name="[86] /home/travis/build/icyphy/ptII/ptolemy/actor/lib/test/auto/Const3.xml (RunModel)" time="0.005" />
  <testcase classname="ptolemy.util.test.junit.AutoTests" name="[87] /home/travis/build/icyphy/ptII/ptolemy/actor/lib/test/auto/ConstantPublisherPort1.xml (RunModel)" time="0.023" />
  <testcase classname="ptolemy.util.test.junit.AutoTests" name="[88] /home/travis/build/icyphy/ptII/ptolemy/actor/lib/test/auto/ConstantPublisherPort2.xml (RunModel)" time="0.022" />
  <testcase classname="ptolemy.util.test.junit.AutoTests" name="[89] /home/travis/build/icyphy/ptII/ptolemy/actor/lib/test/auto/ConstantPublisherPort3.xml (RunModel)" time="0.02" />
  <testcase classname="ptolemy.util.test.junit.AutoTests" name="[90] /home/travis/build/icyphy/ptII/ptolemy/actor/lib/test/auto/ConstantPublisherPort4.xml (RunModel)" time="0.015" />
  <testcase classname="ptolemy.util.test.junit.AutoTests" name="[91] /home/travis/build/icyphy/ptII/ptolemy/actor/lib/test/auto/ConstantPublisherPort5.xml (RunModel)" time="0.038" />
  <testcase classname="ptolemy.util.test.junit.AutoTests" name="[92] /home/travis/build/icyphy/ptII/ptolemy/actor/lib/test/auto/ConstantPublisherPort6.xml (RunModel)" time="0.031" />
  <testcase classname="ptolemy.util.test.junit.AutoTests" name="[93] /home/travis/build/icyphy/ptII/ptolemy/actor/lib/test/auto/ConstantPublisherPort7.xml (RunModel)" time="0.029" />
  <testcase classname="ptolemy.util.test.junit.AutoTests" name="[94] /home/travis/build/icyphy/ptII/ptolemy/actor/lib/test/auto/ConstraintMonitor1.xml (RunModel)" time="0.032" />
  <testcase classname="ptolemy.util.test.junit.AutoTests" name="[95] /home/travis/build/icyphy/ptII/ptolemy/actor/lib/test/auto/ConstraintMonitor2.xml (RunModel)" time="0.009" />
  <testcase classname="ptolemy.util.test.junit.AutoTests" name="[96] /home/travis/build/icyphy/ptII/ptolemy/actor/lib/test/auto/ConstraintMonitor3.xml (RunModel)" time="0.01" />
  <testcase classname="ptolemy.util.test.junit.AutoTests" name="[97] /home/travis/build/icyphy/ptII/ptolemy/actor/lib/test/auto/ConstraintMonitor4.xml (RunModel)" time="0.013" />
  <testcase classname="ptolemy.util.test.junit.AutoTests" name="[98] /home/travis/build/icyphy/ptII/ptolemy/actor/lib/test/auto/ConstraintMonitor5.xml (RunModel)" time="0.018" />
  <testcase classname="ptolemy.util.test.junit.AutoTests" name="[99] /home/travis/build/icyphy/ptII/ptolemy/actor/lib/test/auto/ConstraintMonitor6.xml (RunModel)" time="0.011" />
  <testcase classname="ptolemy.util.test.junit.AutoTests" name="[100] /home/travis/build/icyphy/ptII/ptolemy/actor/lib/test/auto/ConstraintMonitor7.xml (RunModel)" time="0.014" />
  <testcase classname="ptolemy.util.test.junit.AutoTests" name="[101] /home/travis/build/icyphy/ptII/ptolemy/actor/lib/test/auto/ConstraintMonitor8.xml (RunModel)" time="0.014" />
  <testcase classname="ptolemy.util.test.junit.AutoTests" name="[102] /home/travis/build/icyphy/ptII/ptolemy/actor/lib/test/auto/Counter.xml (RunModel)" time="0.011" />
  <testcase classname="ptolemy.util.test.junit.AutoTests" name="[103] /home/travis/build/icyphy/ptII/ptolemy/actor/lib/test/auto/CurrentTimeSDF.xml (RunModel)" time="0.013" />
  <testcase classname="ptolemy.util.test.junit.AutoTests" name="[104] /home/travis/build/icyphy/ptII/ptolemy/actor/lib/test/auto/DB.xml (RunModel)" time="0.01" />
  <testcase classname="ptolemy.util.test.junit.AutoTests" name="[105] /home/travis/build/icyphy/ptII/ptolemy/actor/lib/test/auto/DBDE.xml (RunModel)" time="0.012" />
  <testcase classname="ptolemy.util.test.junit.AutoTests" name="[106] /home/travis/build/icyphy/ptII/ptolemy/actor/lib/test/auto/DateConstructor.xml (RunModel)" time="0.042" />
  <testcase classname="ptolemy.util.test.junit.AutoTests" name="[107] /home/travis/build/icyphy/ptII/ptolemy/actor/lib/test/auto/DelayTime.xml (RunModel)" time="0.013" />
  <testcase classname="ptolemy.util.test.junit.AutoTests" name="[108] /home/travis/build/icyphy/ptII/ptolemy/actor/lib/test/auto/Dictionary1.xml (RunModel)" time="0.014" />
  <testcase classname="ptolemy.util.test.junit.AutoTests" name="[109] /home/travis/build/icyphy/ptII/ptolemy/actor/lib/test/auto/Dictionary2.xml (RunModel)" time="0.013" />
  <testcase classname="ptolemy.util.test.junit.AutoTests" name="[110] /home/travis/build/icyphy/ptII/ptolemy/actor/lib/test/auto/Dictionary3.xml (RunModel)" time="0.011" />
  <testcase classname="ptolemy.util.test.junit.AutoTests" name="[111] /home/travis/build/icyphy/ptII/ptolemy/actor/lib/test/auto/Dictionary4.xml (RunModel)" time="0.014" />
  <testcase classname="ptolemy.util.test.junit.AutoTests" name="[112] /home/travis/build/icyphy/ptII/ptolemy/actor/lib/test/auto/Differential.xml (RunModel)" time="0.01" />
  <testcase classname="ptolemy.util.test.junit.AutoTests" name="[113] /home/travis/build/icyphy/ptII/ptolemy/actor/lib/test/auto/Director.xml (RunModel)" time="0.009" />
  <testcase classname="ptolemy.util.test.junit.AutoTests" name="[114] /home/travis/build/icyphy/ptII/ptolemy/actor/lib/test/auto/DiscreteClock.xml (RunModel)" time="0.008" />
  <testcase classname="ptolemy.util.test.junit.AutoTests" name="[115] /home/travis/build/icyphy/ptII/ptolemy/actor/lib/test/auto/DiscreteClock10.xml (RunModel)" time="0.011" />
  <testcase classname="ptolemy.util.test.junit.AutoTests" name="[116] /home/travis/build/icyphy/ptII/ptolemy/actor/lib/test/auto/DiscreteClock11.xml (RunModel)" time="0.012" />
  <testcase classname="ptolemy.util.test.junit.AutoTests" name="[117] /home/travis/build/icyphy/ptII/ptolemy/actor/lib/test/auto/DiscreteClock12.xml (RunModel)" time="0.011" />
  <testcase classname="ptolemy.util.test.junit.AutoTests" name="[118] /home/travis/build/icyphy/ptII/ptolemy/actor/lib/test/auto/DiscreteClock13.xml (RunModel)" time="0.017" />
  <testcase classname="ptolemy.util.test.junit.AutoTests" name="[119] /home/travis/build/icyphy/ptII/ptolemy/actor/lib/test/auto/DiscreteClock14.xml (RunModel)" time="0.015" />
  <testcase classname="ptolemy.util.test.junit.AutoTests" name="[120] /home/travis/build/icyphy/ptII/ptolemy/actor/lib/test/auto/DiscreteClock15.xml (RunModel)" time="0.014" />
  <testcase classname="ptolemy.util.test.junit.AutoTests" name="[121] /home/travis/build/icyphy/ptII/ptolemy/actor/lib/test/auto/DiscreteClock16.xml (RunModel)" time="0.494" />
  <testcase classname="ptolemy.util.test.junit.AutoTests" name="[122] /home/travis/build/icyphy/ptII/ptolemy/actor/lib/test/auto/DiscreteClock17.xml (RunModel)" time="0.035" />
  <testcase classname="ptolemy.util.test.junit.AutoTests" name="[123] /home/travis/build/icyphy/ptII/ptolemy/actor/lib/test/auto/DiscreteClock18.xml (RunModel)" time="0.032" />
  <testcase classname="ptolemy.util.test.junit.AutoTests" name="[124] /home/travis/build/icyphy/ptII/ptolemy/actor/lib/test/auto/DiscreteClock19.xml (RunModel)" time="0.032" />
  <testcase classname="ptolemy.util.test.junit.AutoTests" name="[125] /home/travis/build/icyphy/ptII/ptolemy/actor/lib/test/auto/DiscreteClock2.xml (RunModel)" time="0.012" />
  <testcase classname="ptolemy.util.test.junit.AutoTests" name="[126] /home/travis/build/icyphy/ptII/ptolemy/actor/lib/test/auto/DiscreteClock20.xml (RunModel)" time="0.015" />
  <testcase classname="ptolemy.util.test.junit.AutoTests" name="[127] /home/travis/build/icyphy/ptII/ptolemy/actor/lib/test/auto/DiscreteClock21.xml (RunModel)" time="0.021" />
  <testcase classname="ptolemy.util.test.junit.AutoTests" name="[128] /home/travis/build/icyphy/ptII/ptolemy/actor/lib/test/auto/DiscreteClock22.xml (RunModel)" time="0.01" />
  <testcase classname="ptolemy.util.test.junit.AutoTests" name="[129] /home/travis/build/icyphy/ptII/ptolemy/actor/lib/test/auto/DiscreteClock23.xml (RunModel)" time="0.013" />
  <testcase classname="ptolemy.util.test.junit.AutoTests" name="[130] /home/travis/build/icyphy/ptII/ptolemy/actor/lib/test/auto/DiscreteClock24.xml (RunModel)" time="0.013" />
  <testcase classname="ptolemy.util.test.junit.AutoTests" name="[131] /home/travis/build/icyphy/ptII/ptolemy/actor/lib/test/auto/DiscreteClock4.xml (RunModel)" time="0.011" />
  <testcase classname="ptolemy.util.test.junit.AutoTests" name="[132] /home/travis/build/icyphy/ptII/ptolemy/actor/lib/test/auto/DiscreteClock5.xml (RunModel)" time="0.013" />
  <testcase classname="ptolemy.util.test.junit.AutoTests" name="[133] /home/travis/build/icyphy/ptII/ptolemy/actor/lib/test/auto/DiscreteClock6.xml (RunModel)" time="0.007" />
  <testcase classname="ptolemy.util.test.junit.AutoTests" name="[134] /home/travis/build/icyphy/ptII/ptolemy/actor/lib/test/auto/DiscreteClock7.xml (RunModel)" time="0.008" />
  <testcase classname="ptolemy.util.test.junit.AutoTests" name="[135] /home/travis/build/icyphy/ptII/ptolemy/actor/lib/test/auto/DiscreteClock8.xml (RunModel)" time="0.013" />
  <testcase classname="ptolemy.util.test.junit.AutoTests" name="[136] /home/travis/build/icyphy/ptII/ptolemy/actor/lib/test/auto/DiscreteClock9.xml (RunModel)" time="0.013" />
  <testcase classname="ptolemy.util.test.junit.AutoTests" name="[137] /home/travis/build/icyphy/ptII/ptolemy/actor/lib/test/auto/DisplayArray.xml (RunModel)" time="0.008" />
  <testcase classname="ptolemy.util.test.junit.AutoTests" name="[138] /home/travis/build/icyphy/ptII/ptolemy/actor/lib/test/auto/Distributor.xml (RunModel)" time="0.011" />
  <testcase classname="ptolemy.util.test.junit.AutoTests" name="[139] /home/travis/build/icyphy/ptII/ptolemy/actor/lib/test/auto/Distributor2.xml (RunModel)" time="0.008" />
  <testcase classname="ptolemy.util.test.junit.AutoTests" name="[140] /home/travis/build/icyphy/ptII/ptolemy/actor/lib/test/auto/DownSample.xml (RunModel)" time="0.01" />
  <testcase classname="ptolemy.util.test.junit.AutoTests" name="[141] /home/travis/build/icyphy/ptII/ptolemy/actor/lib/test/auto/ElectronicUnitBase1.xml (RunModel)" time="0.055" />
  <testcase classname="ptolemy.util.test.junit.AutoTests" name="[142] /home/travis/build/icyphy/ptII/ptolemy/actor/lib/test/auto/ElementsToArray.xml (RunModel)" time="0.01" />
  <testcase classname="ptolemy.util.test.junit.AutoTests" name="[143] /home/travis/build/icyphy/ptII/ptolemy/actor/lib/test/auto/Equals.xml (RunModel)" time="0.019" />
  <testcase classname="ptolemy.util.test.junit.AutoTests" name="[144] /home/travis/build/icyphy/ptII/ptolemy/actor/lib/test/auto/Exec.xml (RunModel)" time="0.019" />
  <testcase classname="ptolemy.util.test.junit.AutoTests" name="[145] /home/travis/build/icyphy/ptII/ptolemy/actor/lib/test/auto/ExecEnvironment.xml (RunModel)" time="0.035" />
  <testcase classname="ptolemy.util.test.junit.AutoTests" name="[146] /home/travis/build/icyphy/ptII/ptolemy/actor/lib/test/auto/ExecNonZeroReturnOutput.xml (RunModel)" time="0.13" />
  <testcase classname="ptolemy.util.test.junit.AutoTests" name="[147] /home/travis/build/icyphy/ptII/ptolemy/actor/lib/test/auto/ExecRunDemos.xml (RunModel)" time="9.726" />
  <testcase classname="ptolemy.util.test.junit.AutoTests" name="[148] /home/travis/build/icyphy/ptII/ptolemy/actor/lib/test/auto/ExecStop.xml (RunModel)" time="5.028" />
  <testcase classname="ptolemy.util.test.junit.AutoTests" name="[149] /home/travis/build/icyphy/ptII/ptolemy/actor/lib/test/auto/ExecutionTimeSDF.xml (RunModel)" time="6.03" />
  <testcase classname="ptolemy.util.test.junit.AutoTests" name="[150] /home/travis/build/icyphy/ptII/ptolemy/actor/lib/test/auto/Expression1.xml (RunModel)" time="0.012" />
  <testcase classname="ptolemy.util.test.junit.AutoTests" name="[151] /home/travis/build/icyphy/ptII/ptolemy/actor/lib/test/auto/Expression10.xml (RunModel)" time="0.019" />
  <testcase classname="ptolemy.util.test.junit.AutoTests" name="[152] /home/travis/build/icyphy/ptII/ptolemy/actor/lib/test/auto/Expression11.xml (RunModel)" time="0.012" />
  <testcase classname="ptolemy.util.test.junit.AutoTests" name="[153] /home/travis/build/icyphy/ptII/ptolemy/actor/lib/test/auto/Expression12.xml (RunModel)" time="0.013" />
  <testcase classname="ptolemy.util.test.junit.AutoTests" name="[154] /home/travis/build/icyphy/ptII/ptolemy/actor/lib/test/auto/Expression13.xml (RunModel)" time="0.015" />
  <testcase classname="ptolemy.util.test.junit.AutoTests" name="[155] /home/travis/build/icyphy/ptII/ptolemy/actor/lib/test/auto/Expression14.xml (RunModel)" time="0.018" />
  <testcase classname="ptolemy.util.test.junit.AutoTests" name="[156] /home/travis/build/icyphy/ptII/ptolemy/actor/lib/test/auto/Expression15.xml (RunModel)" time="0.013" />
  <testcase classname="ptolemy.util.test.junit.AutoTests" name="[157] /home/travis/build/icyphy/ptII/ptolemy/actor/lib/test/auto/Expression16.xml (RunModel)" time="0.012" />
  <testcase classname="ptolemy.util.test.junit.AutoTests" name="[158] /home/travis/build/icyphy/ptII/ptolemy/actor/lib/test/auto/Expression17.xml (RunModel)" time="0.013" />
  <testcase classname="ptolemy.util.test.junit.AutoTests" name="[159] /home/travis/build/icyphy/ptII/ptolemy/actor/lib/test/auto/Expression18.xml (RunModel)" time="0.013" />
  <testcase classname="ptolemy.util.test.junit.AutoTests" name="[160] /home/travis/build/icyphy/ptII/ptolemy/actor/lib/test/auto/Expression2.xml (RunModel)" time="0.014" />
  <testcase classname="ptolemy.util.test.junit.AutoTests" name="[161] /home/travis/build/icyphy/ptII/ptolemy/actor/lib/test/auto/Expression3.xml (RunModel)" time="0.012" />
  <testcase classname="ptolemy.util.test.junit.AutoTests" name="[162] /home/travis/build/icyphy/ptII/ptolemy/actor/lib/test/auto/Expression4.xml (RunModel)" time="0.02" />
  <testcase classname="ptolemy.util.test.junit.AutoTests" name="[163] /home/travis/build/icyphy/ptII/ptolemy/actor/lib/test/auto/Expression5.xml (RunModel)" time="0.016" />
  <testcase classname="ptolemy.util.test.junit.AutoTests" name="[164] /home/travis/build/icyphy/ptII/ptolemy/actor/lib/test/auto/Expression6.xml (RunModel)" time="0.011" />
  <testcase classname="ptolemy.util.test.junit.AutoTests" name="[165] /home/travis/build/icyphy/ptII/ptolemy/actor/lib/test/auto/Expression7.xml (RunModel)" time="0.017" />
  <testcase classname="ptolemy.util.test.junit.AutoTests" name="[166] /home/travis/build/icyphy/ptII/ptolemy/actor/lib/test/auto/Expression8.xml (RunModel)" time="0.012" />
  <testcase classname="ptolemy.util.test.junit.AutoTests" name="[167] /home/travis/build/icyphy/ptII/ptolemy/actor/lib/test/auto/Expression9.xml (RunModel)" time="0.01" />
  <testcase classname="ptolemy.util.test.junit.AutoTests" name="[168] /home/travis/build/icyphy/ptII/ptolemy/actor/lib/test/auto/ExpressionConcatenateArrayType.xml (RunModel)" time="0.023" />
  <testcase classname="ptolemy.util.test.junit.AutoTests" name="[169] /home/travis/build/icyphy/ptII/ptolemy/actor/lib/test/auto/ExpressionConcatenateArrayType2.xml (RunModel)" time="0.017" />
  <testcase classname="ptolemy.util.test.junit.AutoTests" name="[170] /home/travis/build/icyphy/ptII/ptolemy/actor/lib/test/auto/ExpressionFix.xml (RunModel)" time="0.027" />
  <testcase classname="ptolemy.util.test.junit.AutoTests" name="[171] /home/travis/build/icyphy/ptII/ptolemy/actor/lib/test/auto/ExpressionFix2.xml (RunModel)" time="0.014" />
  <testcase classname="ptolemy.util.test.junit.AutoTests" name="[172] /home/travis/build/icyphy/ptII/ptolemy/actor/lib/test/auto/ExpressionFix3.xml (RunModel)" time="0.016" />
  <testcase classname="ptolemy.util.test.junit.AutoTests" name="[173] /home/travis/build/icyphy/ptII/ptolemy/actor/lib/test/auto/FileWriter1.xml (RunModel)" time="0.011" />
  <testcase classname="ptolemy.util.test.junit.AutoTests" name="[174] /home/travis/build/icyphy/ptII/ptolemy/actor/lib/test/auto/FileWriter2.xml (RunModel)" time="0.021" />
  <testcase classname="ptolemy.util.test.junit.AutoTests" name="[175] /home/travis/build/icyphy/ptII/ptolemy/actor/lib/test/auto/FileWriter3.xml (RunModel)" time="0.014" />
  <testcase classname="ptolemy.util.test.junit.AutoTests" name="[176] /home/travis/build/icyphy/ptII/ptolemy/actor/lib/test/auto/Gaussian.xml (RunModel)" time="0.011" />
  <testcase classname="ptolemy.util.test.junit.AutoTests" name="[177] /home/travis/build/icyphy/ptII/ptolemy/actor/lib/test/auto/Gaussian1.xml (RunModel)" time="0.02" />
  <testcase classname="ptolemy.util.test.junit.AutoTests" name="[178] /home/travis/build/icyphy/ptII/ptolemy/actor/lib/test/auto/Gaussian2.xml (RunModel)" time="0.022" />
  <testcase classname="ptolemy.util.test.junit.AutoTests" name="[179] /home/travis/build/icyphy/ptII/ptolemy/actor/lib/test/auto/GradientAdaptiveLattice.xml (RunModel)" time="0.015" />
  <testcase classname="ptolemy.util.test.junit.AutoTests" name="[180] /home/travis/build/icyphy/ptII/ptolemy/actor/lib/test/auto/IIR.xml (RunModel)" time="0.008" />
  <testcase classname="ptolemy.util.test.junit.AutoTests" name="[181] /home/travis/build/icyphy/ptII/ptolemy/actor/lib/test/auto/InputOutputTransparentPorts.xml (RunModel)" time="0.022" />
  <testcase classname="ptolemy.util.test.junit.AutoTests" name="[182] /home/travis/build/icyphy/ptII/ptolemy/actor/lib/test/auto/Interpolator.xml (RunModel)" time="0.012" />
  <testcase classname="ptolemy.util.test.junit.AutoTests" name="[183] /home/travis/build/icyphy/ptII/ptolemy/actor/lib/test/auto/InterpolatorFiringLimitDE.xml (RunModel)" time="0.013" />
  <testcase classname="ptolemy.util.test.junit.AutoTests" name="[184] /home/travis/build/icyphy/ptII/ptolemy/actor/lib/test/auto/Lattice.xml (RunModel)" time="0.008" />
  <testcase classname="ptolemy.util.test.junit.AutoTests" name="[185] /home/travis/build/icyphy/ptII/ptolemy/actor/lib/test/auto/LazyAOCTestLazy.xml (RunModel)" time="0.024" />
  <testcase classname="ptolemy.util.test.junit.AutoTests" name="[186] /home/travis/build/icyphy/ptII/ptolemy/actor/lib/test/auto/LazyAOCTestNonLazy.xml (RunModel)" time="0.045" />
  <testcase classname="ptolemy.util.test.junit.AutoTests" name="[187] /home/travis/build/icyphy/ptII/ptolemy/actor/lib/test/auto/LazyInnerClass.xml (RunModel)" time="0.049" />
  <testcase classname="ptolemy.util.test.junit.AutoTests" name="[188] /home/travis/build/icyphy/ptII/ptolemy/actor/lib/test/auto/LazyPubSub.xml (RunModel)" time="0.061" />
  <testcase classname="ptolemy.util.test.junit.AutoTests" name="[189] /home/travis/build/icyphy/ptII/ptolemy/actor/lib/test/auto/LazyPubSub2.xml (RunModel)" time="0.059" />
  <testcase classname="ptolemy.util.test.junit.AutoTests" name="[190] /home/travis/build/icyphy/ptII/ptolemy/actor/lib/test/auto/LazyPubSub3.xml (RunModel)" time="0.031" />
  <testcase classname="ptolemy.util.test.junit.AutoTests" name="[191] /home/travis/build/icyphy/ptII/ptolemy/actor/lib/test/auto/LazySubClassModel.xml (RunModel)" time="0.021" />
  <testcase classname="ptolemy.util.test.junit.AutoTests" name="[192] /home/travis/build/icyphy/ptII/ptolemy/actor/lib/test/auto/LevelCrossTest1.xml (RunModel)" time="0.011" />
  <testcase classname="ptolemy.util.test.junit.AutoTests" name="[193] /home/travis/build/icyphy/ptII/ptolemy/actor/lib/test/auto/LevelCrossTest10.xml (RunModel)" time="0.017" />
  <testcase classname="ptolemy.util.test.junit.AutoTests" name="[194] /home/travis/build/icyphy/ptII/ptolemy/actor/lib/test/auto/LevelCrossTest11.xml (RunModel)" time="0.012" />
  <testcase classname="ptolemy.util.test.junit.AutoTests" name="[195] /home/travis/build/icyphy/ptII/ptolemy/actor/lib/test/auto/LevelCrossTest12.xml (RunModel)" time="0.016" />
  <testcase classname="ptolemy.util.test.junit.AutoTests" name="[196] /home/travis/build/icyphy/ptII/ptolemy/actor/lib/test/auto/LevelCrossTest13.xml (RunModel)" time="0.012" />
  <testcase classname="ptolemy.util.test.junit.AutoTests" name="[197] /home/travis/build/icyphy/ptII/ptolemy/actor/lib/test/auto/LevelCrossTest2.xml (RunModel)" time="0.009" />
  <testcase classname="ptolemy.util.test.junit.AutoTests" name="[198] /home/travis/build/icyphy/ptII/ptolemy/actor/lib/test/auto/LevelCrossTest3.xml (RunModel)" time="0.011" />
  <testcase classname="ptolemy.util.test.junit.AutoTests" name="[199] /home/travis/build/icyphy/ptII/ptolemy/actor/lib/test/auto/LevelCrossTest4.xml (RunModel)" time="0.009" />
  <testcase classname="ptolemy.util.test.junit.AutoTests" name="[200] /home/travis/build/icyphy/ptII/ptolemy/actor/lib/test/auto/LevelCrossTest5.xml (RunModel)" time="0.014" />
  <testcase classname="ptolemy.util.test.junit.AutoTests" name="[201] /home/travis/build/icyphy/ptII/ptolemy/actor/lib/test/auto/LevelCrossTest6.xml (RunModel)" time="0.021" />
  <testcase classname="ptolemy.util.test.junit.AutoTests" name="[202] /home/travis/build/icyphy/ptII/ptolemy/actor/lib/test/auto/LevelCrossTest7.xml (RunModel)" time="0.015" />
  <testcase classname="ptolemy.util.test.junit.AutoTests" name="[203] /home/travis/build/icyphy/ptII/ptolemy/actor/lib/test/auto/LevelCrossTest8.xml (RunModel)" time="0.013" />
  <testcase classname="ptolemy.util.test.junit.AutoTests" name="[204] /home/travis/build/icyphy/ptII/ptolemy/actor/lib/test/auto/LevelCrossTest9.xml (RunModel)" time="0.013" />
  <testcase classname="ptolemy.util.test.junit.AutoTests" name="[205] /home/travis/build/icyphy/ptII/ptolemy/actor/lib/test/auto/LevinsonDurbin.xml (RunModel)" time="0.009" />
  <testcase classname="ptolemy.util.test.junit.AutoTests" name="[206] /home/travis/build/icyphy/ptII/ptolemy/actor/lib/test/auto/LevinsonDurbin2.xml (RunModel)" time="0.008" />
  <testcase classname="ptolemy.util.test.junit.AutoTests" name="[207] /home/travis/build/icyphy/ptII/ptolemy/actor/lib/test/auto/LevinsonDurbin3.xml (RunModel)" time="0.009" />
  <testcase classname="ptolemy.util.test.junit.AutoTests" name="[208] /home/travis/build/icyphy/ptII/ptolemy/actor/lib/test/auto/Limiter.xml (RunModel)" time="0.033" />
  <testcase classname="ptolemy.util.test.junit.AutoTests" name="[209] /home/travis/build/icyphy/ptII/ptolemy/actor/lib/test/auto/LinearDifferenceEquationSystem.xml (RunModel)" time="0.019" />
  <testcase classname="ptolemy.util.test.junit.AutoTests" name="[210] /home/travis/build/icyphy/ptII/ptolemy/actor/lib/test/auto/LookupTable.xml (RunModel)" time="0.012" />
  <testcase classname="ptolemy.util.test.junit.AutoTests" name="[211] /home/travis/build/icyphy/ptII/ptolemy/actor/lib/test/auto/MathFunction.xml (RunModel)" time="0.017" />
  <testcase classname="ptolemy.util.test.junit.AutoTests" name="[212] /home/travis/build/icyphy/ptII/ptolemy/actor/lib/test/auto/MathFunction2.xml (RunModel)" time="0.008" />
  <testcase classname="ptolemy.util.test.junit.AutoTests" name="[213] /home/travis/build/icyphy/ptII/ptolemy/actor/lib/test/auto/MathFunction3.xml (RunModel)" time="0.017" />
  <testcase classname="ptolemy.util.test.junit.AutoTests" name="[214] /home/travis/build/icyphy/ptII/ptolemy/actor/lib/test/auto/MatrixCropBoolean.xml (RunModel)" time="0.011" />
  <testcase classname="ptolemy.util.test.junit.AutoTests" name="[215] /home/travis/build/icyphy/ptII/ptolemy/actor/lib/test/auto/MatrixCropComplex.xml (RunModel)" time="0.009" />
  <testcase classname="ptolemy.util.test.junit.AutoTests" name="[216] /home/travis/build/icyphy/ptII/ptolemy/actor/lib/test/auto/MatrixCropDouble.xml (RunModel)" time="0.012" />
  <testcase classname="ptolemy.util.test.junit.AutoTests" name="[217] /home/travis/build/icyphy/ptII/ptolemy/actor/lib/test/auto/MatrixCropFix.xml (RunModel)" time="0.015" />
  <testcase classname="ptolemy.util.test.junit.AutoTests" name="[218] /home/travis/build/icyphy/ptII/ptolemy/actor/lib/test/auto/MatrixCropInt.xml (RunModel)" time="0.009" />
  <testcase classname="ptolemy.util.test.junit.AutoTests" name="[219] /home/travis/build/icyphy/ptII/ptolemy/actor/lib/test/auto/MatrixCropLong.xml (RunModel)" time="0.011" />
  <testcase classname="ptolemy.util.test.junit.AutoTests" name="[220] /home/travis/build/icyphy/ptII/ptolemy/actor/lib/test/auto/MatrixToArray.xml (RunModel)" time="0.06" />
  <testcase classname="ptolemy.util.test.junit.AutoTests" name="[221] /home/travis/build/icyphy/ptII/ptolemy/actor/lib/test/auto/MaxIndex.xml (RunModel)" time="0.014" />
  <testcase classname="ptolemy.util.test.junit.AutoTests" name="[222] /home/travis/build/icyphy/ptII/ptolemy/actor/lib/test/auto/Maximum.xml (RunModel)" time="0.016" />
  <testcase classname="ptolemy.util.test.junit.AutoTests" name="[223] /home/travis/build/icyphy/ptII/ptolemy/actor/lib/test/auto/MaximumComplex.xml (RunModel)" time="0.015" />
  <testcase classname="ptolemy.util.test.junit.AutoTests" name="[224] /home/travis/build/icyphy/ptII/ptolemy/actor/lib/test/auto/MethodCallTest.xml (RunModel)" time="0.02" />
  <testcase classname="ptolemy.util.test.junit.AutoTests" name="[225] /home/travis/build/icyphy/ptII/ptolemy/actor/lib/test/auto/Minimum.xml (RunModel)" time="0.014" />
  <testcase classname="ptolemy.util.test.junit.AutoTests" name="[226] /home/travis/build/icyphy/ptII/ptolemy/actor/lib/test/auto/MinimumComplex.xml (RunModel)" time="0.015" />
  <testcase classname="ptolemy.util.test.junit.AutoTests" name="[227] /home/travis/build/icyphy/ptII/ptolemy/actor/lib/test/auto/MinimumMultiports.xml (RunModel)" time="0.021" />
  <testcase classname="ptolemy.util.test.junit.AutoTests" name="[228] /home/travis/build/icyphy/ptII/ptolemy/actor/lib/test/auto/ModifyDate.xml (RunModel)" time="0.042" />
  <testcase classname="ptolemy.util.test.junit.AutoTests" name="[229] /home/travis/build/icyphy/ptII/ptolemy/actor/lib/test/auto/ModifyDate2.xml (RunModel)" time="0.024" />
  <testcase classname="ptolemy.util.test.junit.AutoTests" name="[230] /home/travis/build/icyphy/ptII/ptolemy/actor/lib/test/auto/MovingAverage.xml (RunModel)" time="0.01" />
  <testcase classname="ptolemy.util.test.junit.AutoTests" name="[231] /home/travis/build/icyphy/ptII/ptolemy/actor/lib/test/auto/MovingMaximum.xml (RunModel)" time="0.014" />
  <testcase classname="ptolemy.util.test.junit.AutoTests" name="[232] /home/travis/build/icyphy/ptII/ptolemy/actor/lib/test/auto/MultipleLinksToSameRelation.xml (RunModel)" time="0.011" />
  <testcase classname="ptolemy.util.test.junit.AutoTests" name="[233] /home/travis/build/icyphy/ptII/ptolemy/actor/lib/test/auto/MultipleLinksToSameRelationDE.xml (RunModel)" time="0.009" />
  <testcase classname="ptolemy.util.test.junit.AutoTests" name="[234] /home/travis/build/icyphy/ptII/ptolemy/actor/lib/test/auto/Multiplexor.xml (RunModel)" time="0.011" />
  <testcase classname="ptolemy.util.test.junit.AutoTests" name="[235] /home/travis/build/icyphy/ptII/ptolemy/actor/lib/test/auto/Multiplexor1.xml (RunModel)" time="0.012" />
  <testcase classname="ptolemy.util.test.junit.AutoTests" name="[236] /home/travis/build/icyphy/ptII/ptolemy/actor/lib/test/auto/Multiplexor2.xml (RunModel)" time="0.018" />
  <testcase classname="ptolemy.util.test.junit.AutoTests" name="[237] /home/travis/build/icyphy/ptII/ptolemy/actor/lib/test/auto/Multiplexor3.xml (RunModel)" time="0.008" />
  <testcase classname="ptolemy.util.test.junit.AutoTests" name="[238] /home/travis/build/icyphy/ptII/ptolemy/actor/lib/test/auto/MultiplexorDE.xml (RunModel)" time="0.021" />
  <testcase classname="ptolemy.util.test.junit.AutoTests" name="[239] /home/travis/build/icyphy/ptII/ptolemy/actor/lib/test/auto/MultiportBroadcastTest.xml (RunModel)" time="0.075" />
  <testcase classname="ptolemy.util.test.junit.AutoTests" name="[240] /home/travis/build/icyphy/ptII/ptolemy/actor/lib/test/auto/MultiportOutHangDuringGetWidth.xml (RunModel)" time="0.034" />
  <testcase classname="ptolemy.util.test.junit.AutoTests" name="[241] /home/travis/build/icyphy/ptII/ptolemy/actor/lib/test/auto/NilToken.xml (RunModel)" time="0.016" />
  <testcase classname="ptolemy.util.test.junit.AutoTests" name="[242] /home/travis/build/icyphy/ptII/ptolemy/actor/lib/test/auto/NilTokenNonStrictTest.xml (RunModel)" time="0.014" />
  <testcase classname="ptolemy.util.test.junit.AutoTests" name="[243] /home/travis/build/icyphy/ptII/ptolemy/actor/lib/test/auto/NilTokenRecord.xml (RunModel)" time="0.024" />
  <testcase classname="ptolemy.util.test.junit.AutoTests" name="[244] /home/travis/build/icyphy/ptII/ptolemy/actor/lib/test/auto/NilTokenTypeTest.xml (RunModel)" time="0.039" />
  <testcase classname="ptolemy.util.test.junit.AutoTests" name="[245] /home/travis/build/icyphy/ptII/ptolemy/actor/lib/test/auto/ObjectToken1.xml (RunModel)" time="0.009" />
  <testcase classname="ptolemy.util.test.junit.AutoTests" name="[246] /home/travis/build/icyphy/ptII/ptolemy/actor/lib/test/auto/OrderedMerge.xml (RunModel)" time="0.02" />
  <testcase classname="ptolemy.util.test.junit.AutoTests" name="[247] /home/travis/build/icyphy/ptII/ptolemy/actor/lib/test/auto/OrderedRecordDisassembler.xml (RunModel)" time="0.022" />
  <testcase classname="ptolemy.util.test.junit.AutoTests" name="[248] /home/travis/build/icyphy/ptII/ptolemy/actor/lib/test/auto/OrderedRecordDisassembler2.xml (RunModel)" time="0.02" />
  <testcase classname="ptolemy.util.test.junit.AutoTests" name="[249] /home/travis/build/icyphy/ptII/ptolemy/actor/lib/test/auto/OrderedRecordUpdater.xml (RunModel)" time="0.015" />
  <testcase classname="ptolemy.util.test.junit.AutoTests" name="[250] /home/travis/build/icyphy/ptII/ptolemy/actor/lib/test/auto/OrderedRecordUpdater2.xml (RunModel)" time="0.019" />
  <testcase classname="ptolemy.util.test.junit.AutoTests" name="[251] /home/travis/build/icyphy/ptII/ptolemy/actor/lib/test/auto/PhaseUnwrap.xml (RunModel)" time="0.017" />
  <testcase classname="ptolemy.util.test.junit.AutoTests" name="[252] /home/travis/build/icyphy/ptII/ptolemy/actor/lib/test/auto/PoissonClock.xml (RunModel)" time="0.008" />
  <testcase classname="ptolemy.util.test.junit.AutoTests" name="[253] /home/travis/build/icyphy/ptII/ptolemy/actor/lib/test/auto/PoissonClock2.xml (RunModel)" time="0.01" />
  <testcase classname="ptolemy.util.test.junit.AutoTests" name="[254] /home/travis/build/icyphy/ptII/ptolemy/actor/lib/test/auto/PoissonClock3.xml (RunModel)" time="0.009" />
  <testcase classname="ptolemy.util.test.junit.AutoTests" name="[255] /home/travis/build/icyphy/ptII/ptolemy/actor/lib/test/auto/PubSubWithInitialTokens.xml (RunModel)" time="0.013" />
  <testcase classname="ptolemy.util.test.junit.AutoTests" name="[256] /home/travis/build/icyphy/ptII/ptolemy/actor/lib/test/auto/PubSubWithInitialTokens2.xml (RunModel)" time="0.012" />
  <testcase classname="ptolemy.util.test.junit.AutoTests" name="[257] /home/travis/build/icyphy/ptII/ptolemy/actor/lib/test/auto/PublisherClassNoParameter.xml (RunModel)" time="0.023" />
  <testcase classname="ptolemy.util.test.junit.AutoTests" name="[258] /home/travis/build/icyphy/ptII/ptolemy/actor/lib/test/auto/PublisherClassParameter.xml (RunModel)" time="0.019" />
  <testcase classname="ptolemy.util.test.junit.AutoTests" name="[259] /home/travis/build/icyphy/ptII/ptolemy/actor/lib/test/auto/PublisherNonStrictTest.xml (RunModel)" time="0.013" />
  <testcase classname="ptolemy.util.test.junit.AutoTests" name="[260] /home/travis/build/icyphy/ptII/ptolemy/actor/lib/test/auto/PublisherPort1.xml (RunModel)" time="0.024" />
  <testcase classname="ptolemy.util.test.junit.AutoTests" name="[261] /home/travis/build/icyphy/ptII/ptolemy/actor/lib/test/auto/PublisherPort2.xml (RunModel)" time="0.008" />
  <testcase classname="ptolemy.util.test.junit.AutoTests" name="[262] /home/travis/build/icyphy/ptII/ptolemy/actor/lib/test/auto/PublisherPort3.xml (RunModel)" time="0.015" />
  <testcase classname="ptolemy.util.test.junit.AutoTests" name="[263] /home/travis/build/icyphy/ptII/ptolemy/actor/lib/test/auto/PublisherPort4.xml (RunModel)" time="0.011" />
  <testcase classname="ptolemy.util.test.junit.AutoTests" name="[264] /home/travis/build/icyphy/ptII/ptolemy/actor/lib/test/auto/PublisherPort5.xml (RunModel)" time="0.013" />
  <testcase classname="ptolemy.util.test.junit.AutoTests" name="[265] /home/travis/build/icyphy/ptII/ptolemy/actor/lib/test/auto/PublisherPort5LookAlike.xml (RunModel)" time="0.017" />
  <testcase classname="ptolemy.util.test.junit.AutoTests" name="[266] /home/travis/build/icyphy/ptII/ptolemy/actor/lib/test/auto/PublisherPort6.xml (RunModel)" time="0.011" />
  <testcase classname="ptolemy.util.test.junit.AutoTests" name="[267] /home/travis/build/icyphy/ptII/ptolemy/actor/lib/test/auto/PublisherPort7.xml (RunModel)" time="0.016" />
  <testcase classname="ptolemy.util.test.junit.AutoTests" name="[268] /home/travis/build/icyphy/ptII/ptolemy/actor/lib/test/auto/PublisherPort8.xml (RunModel)" time="0.014" />
  <testcase classname="ptolemy.util.test.junit.AutoTests" name="[269] /home/travis/build/icyphy/ptII/ptolemy/actor/lib/test/auto/PublisherPortSubscriberChannelVariablesAOC2.xml (RunModel)" time="0.031" />
  <testcase classname="ptolemy.util.test.junit.AutoTests" name="[270] /home/travis/build/icyphy/ptII/ptolemy/actor/lib/test/auto/PublisherPortSubscriberOpaqueWidthInference.xml (RunModel)" time="0.014" />
  <testcase classname="ptolemy.util.test.junit.AutoTests" name="[271] /home/travis/build/icyphy/ptII/ptolemy/actor/lib/test/auto/PublisherPortSubscriberPortAdjacent.xml (RunModel)" time="0.019" />
  <testcase classname="ptolemy.util.test.junit.AutoTests" name="[272] /home/travis/build/icyphy/ptII/ptolemy/actor/lib/test/auto/PublisherPortSubscriberPortExpression.xml (RunModel)" time="0.017" />
  <testcase classname="ptolemy.util.test.junit.AutoTests" name="[273] /home/travis/build/icyphy/ptII/ptolemy/actor/lib/test/auto/PublisherPortSubscriberPortOpaqueD3Reverse.xml (RunModel)" time="0.034" />
  <testcase classname="ptolemy.util.test.junit.AutoTests" name="[274] /home/travis/build/icyphy/ptII/ptolemy/actor/lib/test/auto/PublisherPortSubscriberPortOpaqueWidthInference.xml (RunModel)" time="0.016" />
  <testcase classname="ptolemy.util.test.junit.AutoTests" name="[275] /home/travis/build/icyphy/ptII/ptolemy/actor/lib/test/auto/PublisherPortToplevelSubscriberPortAOC.xml (RunModel)" time="0.01" />
  <testcase classname="ptolemy.util.test.junit.AutoTests" name="[276] /home/travis/build/icyphy/ptII/ptolemy/actor/lib/test/auto/PublisherSubscriber.xml (RunModel)" time="0.013" />
  <testcase classname="ptolemy.util.test.junit.AutoTests" name="[277] /home/travis/build/icyphy/ptII/ptolemy/actor/lib/test/auto/PublisherSubscriber10.xml (RunModel)" time="0.02" />
  <testcase classname="ptolemy.util.test.junit.AutoTests" name="[278] /home/travis/build/icyphy/ptII/ptolemy/actor/lib/test/auto/PublisherSubscriber10InitialOutputs.xml (RunModel)" time="0.028" />
  <testcase classname="ptolemy.util.test.junit.AutoTests" name="[279] /home/travis/build/icyphy/ptII/ptolemy/actor/lib/test/auto/PublisherSubscriber11.xml (RunModel)" time="0.016" />
  <testcase classname="ptolemy.util.test.junit.AutoTests" name="[280] /home/travis/build/icyphy/ptII/ptolemy/actor/lib/test/auto/PublisherSubscriber12.xml (RunModel)" time="0.012" />
  <testcase classname="ptolemy.util.test.junit.AutoTests" name="[281] /home/travis/build/icyphy/ptII/ptolemy/actor/lib/test/auto/PublisherSubscriber13.xml (RunModel)" time="0.01" />
  <testcase classname="ptolemy.util.test.junit.AutoTests" name="[282] /home/travis/build/icyphy/ptII/ptolemy/actor/lib/test/auto/PublisherSubscriber14.xml (RunModel)" time="0.028" />
  <testcase classname="ptolemy.util.test.junit.AutoTests" name="[283] /home/travis/build/icyphy/ptII/ptolemy/actor/lib/test/auto/PublisherSubscriber2.xml (RunModel)" time="0.01" />
  <testcase classname="ptolemy.util.test.junit.AutoTests" name="[284] /home/travis/build/icyphy/ptII/ptolemy/actor/lib/test/auto/PublisherSubscriber3.xml (RunModel)" time="0.01" />
  <testcase classname="ptolemy.util.test.junit.AutoTests" name="[285] /home/travis/build/icyphy/ptII/ptolemy/actor/lib/test/auto/PublisherSubscriber4.xml (RunModel)" time="0.01" />
  <testcase classname="ptolemy.util.test.junit.AutoTests" name="[286] /home/travis/build/icyphy/ptII/ptolemy/actor/lib/test/auto/PublisherSubscriber5.xml (RunModel)" time="0.012" />
  <testcase classname="ptolemy.util.test.junit.AutoTests" name="[287] /home/travis/build/icyphy/ptII/ptolemy/actor/lib/test/auto/PublisherSubscriber6.xml (RunModel)" time="0.019" />
  <testcase classname="ptolemy.util.test.junit.AutoTests" name="[288] /home/travis/build/icyphy/ptII/ptolemy/actor/lib/test/auto/PublisherSubscriber7.xml (RunModel)" time="0.02" />
  <testcase classname="ptolemy.util.test.junit.AutoTests" name="[289] /home/travis/build/icyphy/ptII/ptolemy/actor/lib/test/auto/PublisherSubscriber8.xml (RunModel)" time="0.029" />
  <testcase classname="ptolemy.util.test.junit.AutoTests" name="[290] /home/travis/build/icyphy/ptII/ptolemy/actor/lib/test/auto/PublisherSubscriber9.xml (RunModel)" time="0.018" />
  <testcase classname="ptolemy.util.test.junit.AutoTests" name="[291] /home/travis/build/icyphy/ptII/ptolemy/actor/lib/test/auto/PublisherSubscriberAdjacent.xml (RunModel)" time="0.014" />
  <testcase classname="ptolemy.util.test.junit.AutoTests" name="[292] /home/travis/build/icyphy/ptII/ptolemy/actor/lib/test/auto/PublisherSubscriberChannelVariablesAOC2.xml (RunModel)" time="0.024" />
  <testcase classname="ptolemy.util.test.junit.AutoTests" name="[293] /home/travis/build/icyphy/ptII/ptolemy/actor/lib/test/auto/PublisherSubscriberD3.xml (RunModel)" time="0.012" />
  <testcase classname="ptolemy.util.test.junit.AutoTests" name="[294] /home/travis/build/icyphy/ptII/ptolemy/actor/lib/test/auto/PublisherSubscriberD3Reverse.xml (RunModel)" time="0.01" />
  <testcase classname="ptolemy.util.test.junit.AutoTests" name="[295] /home/travis/build/icyphy/ptII/ptolemy/actor/lib/test/auto/PublisherSubscriberExpression.xml (RunModel)" time="0.015" />
  <testcase classname="ptolemy.util.test.junit.AutoTests" name="[296] /home/travis/build/icyphy/ptII/ptolemy/actor/lib/test/auto/PublisherSubscriberOpaque.xml (RunModel)" time="0.013" />
  <testcase classname="ptolemy.util.test.junit.AutoTests" name="[297] /home/travis/build/icyphy/ptII/ptolemy/actor/lib/test/auto/PublisherSubscriberOpaqueD3.xml (RunModel)" time="0.024" />
  <testcase classname="ptolemy.util.test.junit.AutoTests" name="[298] /home/travis/build/icyphy/ptII/ptolemy/actor/lib/test/auto/PublisherSubscriberOpaqueD3Reverse.xml (RunModel)" time="0.019" />
  <testcase classname="ptolemy.util.test.junit.AutoTests" name="[299] /home/travis/build/icyphy/ptII/ptolemy/actor/lib/test/auto/PublisherSubscriberOpaqueWidthInference.xml (RunModel)" time="0.015" />
  <testcase classname="ptolemy.util.test.junit.AutoTests" name="[300] /home/travis/build/icyphy/ptII/ptolemy/actor/lib/test/auto/PublisherTestSubscriber.xml (RunModel)" time="0.015" />
  <testcase classname="ptolemy.util.test.junit.AutoTests" name="[301] /home/travis/build/icyphy/ptII/ptolemy/actor/lib/test/auto/PublisherToplevelSubscriberPortAOC.xml (RunModel)" time="0.01" />
  <testcase classname="ptolemy.util.test.junit.AutoTests" name="[302] /home/travis/build/icyphy/ptII/ptolemy/actor/lib/test/auto/PulseFiringLimitDE.xml (RunModel)" time="0.012" />
  <testcase classname="ptolemy.util.test.junit.AutoTests" name="[303] /home/travis/build/icyphy/ptII/ptolemy/actor/lib/test/auto/Ramp1.xml (RunModel)" time="0.007" />
  <testcase classname="ptolemy.util.test.junit.AutoTests" name="[304] /home/travis/build/icyphy/ptII/ptolemy/actor/lib/test/auto/RampFiringLimitDE.xml (RunModel)" time="0.011" />
  <testcase classname="ptolemy.util.test.junit.AutoTests" name="[305] /home/travis/build/icyphy/ptII/ptolemy/actor/lib/test/auto/RampFiringLimitSDF.xml (RunModel)" time="0.01" />
  <testcase classname="ptolemy.util.test.junit.AutoTests" name="[306] /home/travis/build/icyphy/ptII/ptolemy/actor/lib/test/auto/RandomInteger.xml (RunModel)" time="0.009" />
  <testcase classname="ptolemy.util.test.junit.AutoTests" name="[307] /home/travis/build/icyphy/ptII/ptolemy/actor/lib/test/auto/ReadFile1.xml (RunModel)" time="0.008" />
  <testcase classname="ptolemy.util.test.junit.AutoTests" name="[308] /home/travis/build/icyphy/ptII/ptolemy/actor/lib/test/auto/ReadFile2.xml (RunModel)" time="0.008" />
  <testcase classname="ptolemy.util.test.junit.AutoTests" name="[309] /home/travis/build/icyphy/ptII/ptolemy/actor/lib/test/auto/Reader.xml (RunModel)" time="0.015" />
  <testcase classname="ptolemy.util.test.junit.AutoTests" name="[310] /home/travis/build/icyphy/ptII/ptolemy/actor/lib/test/auto/RecordAssemblerDisplayNameTest.xml (RunModel)" time="2.828" />
  <testcase classname="ptolemy.util.test.junit.AutoTests" name="[311] /home/travis/build/icyphy/ptII/ptolemy/actor/lib/test/auto/RecordAssemblerTypeError.xml (RunModel)" time="0.028" />
  <testcase classname="ptolemy.util.test.junit.AutoTests" name="[312] /home/travis/build/icyphy/ptII/ptolemy/actor/lib/test/auto/RecordDisassember.xml (RunModel)" time="0.01" />
  <testcase classname="ptolemy.util.test.junit.AutoTests" name="[313] /home/travis/build/icyphy/ptII/ptolemy/actor/lib/test/auto/RecordDisassemberDisplayNameTest.xml (RunModel)" time="0.02" />
  <testcase classname="ptolemy.util.test.junit.AutoTests" name="[314] /home/travis/build/icyphy/ptII/ptolemy/actor/lib/test/auto/RecordDisassembler.xml (RunModel)" time="0.011" />
  <testcase classname="ptolemy.util.test.junit.AutoTests" name="[315] /home/travis/build/icyphy/ptII/ptolemy/actor/lib/test/auto/RecordDisassembler2.xml (RunModel)" time="0.011" />
  <testcase classname="ptolemy.util.test.junit.AutoTests" name="[316] /home/travis/build/icyphy/ptII/ptolemy/actor/lib/test/auto/RecordUpdater.xml (RunModel)" time="0.009" />
  <testcase classname="ptolemy.util.test.junit.AutoTests" name="[317] /home/travis/build/icyphy/ptII/ptolemy/actor/lib/test/auto/RecordUpdater2.xml (RunModel)" time="0.008" />
  <testcase classname="ptolemy.util.test.junit.AutoTests" name="[318] /home/travis/build/icyphy/ptII/ptolemy/actor/lib/test/auto/RecursiveLattice.xml (RunModel)" time="0.008" />
  <testcase classname="ptolemy.util.test.junit.AutoTests" name="[319] /home/travis/build/icyphy/ptII/ptolemy/actor/lib/test/auto/Router.xml (RunModel)" time="3.024" />
  <testcase classname="ptolemy.util.test.junit.AutoTests" name="[320] /home/travis/build/icyphy/ptII/ptolemy/actor/lib/test/auto/Router2.xml (RunModel)" time="3.019" />
  <testcase classname="ptolemy.util.test.junit.AutoTests" name="[321] /home/travis/build/icyphy/ptII/ptolemy/actor/lib/test/auto/RunningMaximum.xml (RunModel)" time="0.014" />
  <testcase classname="ptolemy.util.test.junit.AutoTests" name="[322] /home/travis/build/icyphy/ptII/ptolemy/actor/lib/test/auto/RunningMinimum.xml (RunModel)" time="0.01" />
  <testcase classname="ptolemy.util.test.junit.AutoTests" name="[323] /home/travis/build/icyphy/ptII/ptolemy/actor/lib/test/auto/Scale.xml (RunModel)" time="0.007" />
  <testcase classname="ptolemy.util.test.junit.AutoTests" name="[324] /home/travis/build/icyphy/ptII/ptolemy/actor/lib/test/auto/Scale2.xml (RunModel)" time="0.009" />
  <testcase classname="ptolemy.util.test.junit.AutoTests" name="[325] /home/travis/build/icyphy/ptII/ptolemy/actor/lib/test/auto/Scale3.xml (RunModel)" time="0.012" />
  <testcase classname="ptolemy.util.test.junit.AutoTests" name="[326] /home/travis/build/icyphy/ptII/ptolemy/actor/lib/test/auto/ScaleArray.xml (RunModel)" time="0.007" />
  <testcase classname="ptolemy.util.test.junit.AutoTests" name="[327] /home/travis/build/icyphy/ptII/ptolemy/actor/lib/test/auto/ScaleArray2.xml (RunModel)" time="0.009" />
  <testcase classname="ptolemy.util.test.junit.AutoTests" name="[328] /home/travis/build/icyphy/ptII/ptolemy/actor/lib/test/auto/ScaleMatrix.xml (RunModel)" time="0.138" />
  <testcase classname="ptolemy.util.test.junit.AutoTests" name="[329] /home/travis/build/icyphy/ptII/ptolemy/actor/lib/test/auto/Select.xml (RunModel)" time="0.016" />
  <testcase classname="ptolemy.util.test.junit.AutoTests" name="[330] /home/travis/build/icyphy/ptII/ptolemy/actor/lib/test/auto/Select2.xml (RunModel)" time="0.01" />
  <testcase classname="ptolemy.util.test.junit.AutoTests" name="[331] /home/travis/build/icyphy/ptII/ptolemy/actor/lib/test/auto/SequenceToArray2.xml (RunModel)" time="0.133" />
  <testcase classname="ptolemy.util.test.junit.AutoTests" name="[332] /home/travis/build/icyphy/ptII/ptolemy/actor/lib/test/auto/SequentialClock.xml (RunModel)" time="0.008" />
  <testcase classname="ptolemy.util.test.junit.AutoTests" name="[333] /home/travis/build/icyphy/ptII/ptolemy/actor/lib/test/auto/SetVariable.xml (RunModel)" time="0.01" />
  <testcase classname="ptolemy.util.test.junit.AutoTests" name="[334] /home/travis/build/icyphy/ptII/ptolemy/actor/lib/test/auto/SetVariable2.xml (RunModel)" time="0.009" />
  <testcase classname="ptolemy.util.test.junit.AutoTests" name="[335] /home/travis/build/icyphy/ptII/ptolemy/actor/lib/test/auto/SetVariable3.xml (RunModel)" time="0.017" />
  <testcase classname="ptolemy.util.test.junit.AutoTests" name="[336] /home/travis/build/icyphy/ptII/ptolemy/actor/lib/test/auto/SetVariable4.xml (RunModel)" time="0.026" />
  <testcase classname="ptolemy.util.test.junit.AutoTests" name="[337] /home/travis/build/icyphy/ptII/ptolemy/actor/lib/test/auto/SetVariable5.xml (RunModel)" time="0.031" />
  <testcase classname="ptolemy.util.test.junit.AutoTests" name="[338] /home/travis/build/icyphy/ptII/ptolemy/actor/lib/test/auto/Sinewave.xml (RunModel)" time="0.026" />
  <testcase classname="ptolemy.util.test.junit.AutoTests" name="[339] /home/travis/build/icyphy/ptII/ptolemy/actor/lib/test/auto/Sinewave2.xml (RunModel)" time="0.014" />
  <testcase classname="ptolemy.util.test.junit.AutoTests" name="[340] /home/travis/build/icyphy/ptII/ptolemy/actor/lib/test/auto/Sinewave3.xml (RunModel)" time="0.015" />
  <testcase classname="ptolemy.util.test.junit.AutoTests" name="[341] /home/travis/build/icyphy/ptII/ptolemy/actor/lib/test/auto/SingleEvent.xml (RunModel)" time="0.006" />
  <testcase classname="ptolemy.util.test.junit.AutoTests" name="[342] /home/travis/build/icyphy/ptII/ptolemy/actor/lib/test/auto/Sleep.xml (RunModel)" time="6.012" />
  <testcase classname="ptolemy.util.test.junit.AutoTests" name="[343] /home/travis/build/icyphy/ptII/ptolemy/actor/lib/test/auto/SleepMultipleFire.xml (RunModel)" time="1.016" />
  <testcase classname="ptolemy.util.test.junit.AutoTests" name="[344] /home/travis/build/icyphy/ptII/ptolemy/actor/lib/test/auto/StopDE.xml (RunModel)" time="0.016" />
  <testcase classname="ptolemy.util.test.junit.AutoTests" name="[345] /home/travis/build/icyphy/ptII/ptolemy/actor/lib/test/auto/StopSDF.xml (RunModel)" time="0.012" />
  <testcase classname="ptolemy.util.test.junit.AutoTests" name="[346] /home/travis/build/icyphy/ptII/ptolemy/actor/lib/test/auto/StringConstant.xml (RunModel)" time="0.008" />
  <testcase classname="ptolemy.util.test.junit.AutoTests" name="[347] /home/travis/build/icyphy/ptII/ptolemy/actor/lib/test/auto/SubscriberPortInitialValues1.xml (RunModel)" time="0.017" />
  <testcase classname="ptolemy.util.test.junit.AutoTests" name="[348] /home/travis/build/icyphy/ptII/ptolemy/actor/lib/test/auto/SubscriberPortInitialValues13.xml (RunModel)" time="0.023" />
  <testcase classname="ptolemy.util.test.junit.AutoTests" name="[349] /home/travis/build/icyphy/ptII/ptolemy/actor/lib/test/auto/SubscriberPortInitialValues14.xml (RunModel)" time="0.014" />
  <testcase classname="ptolemy.util.test.junit.AutoTests" name="[350] /home/travis/build/icyphy/ptII/ptolemy/actor/lib/test/auto/SubscriberPortInitialValues2.xml (RunModel)" time="0.015" />
  <testcase classname="ptolemy.util.test.junit.AutoTests" name="[351] /home/travis/build/icyphy/ptII/ptolemy/actor/lib/test/auto/SubscriberPortInitialValues3.xml (RunModel)" time="0.017" />
  <testcase classname="ptolemy.util.test.junit.AutoTests" name="[352] /home/travis/build/icyphy/ptII/ptolemy/actor/lib/test/auto/SubscriptionAggregator.xml (RunModel)" time="0.011" />
  <testcase classname="ptolemy.util.test.junit.AutoTests" name="[353] /home/travis/build/icyphy/ptII/ptolemy/actor/lib/test/auto/SubscriptionAggregator2.xml (RunModel)" time="0.011" />
  <testcase classname="ptolemy.util.test.junit.AutoTests" name="[354] /home/travis/build/icyphy/ptII/ptolemy/actor/lib/test/auto/SubscriptionAggregator3.xml (RunModel)" time="0.014" />
  <testcase classname="ptolemy.util.test.junit.AutoTests" name="[355] /home/travis/build/icyphy/ptII/ptolemy/actor/lib/test/auto/SubscriptionAggregatorMultiply.xml (RunModel)" time="0.016" />
  <testcase classname="ptolemy.util.test.junit.AutoTests" name="[356] /home/travis/build/icyphy/ptII/ptolemy/actor/lib/test/auto/SubscriptionAggregatorPortMultiply1.xml (RunModel)" time="0.013" />
  <testcase classname="ptolemy.util.test.junit.AutoTests" name="[357] /home/travis/build/icyphy/ptII/ptolemy/actor/lib/test/auto/Switch.xml (RunModel)" time="0.012" />
  <testcase classname="ptolemy.util.test.junit.AutoTests" name="[358] /home/travis/build/icyphy/ptII/ptolemy/actor/lib/test/auto/Switch2.xml (RunModel)" time="0.009" />
  <testcase classname="ptolemy.util.test.junit.AutoTests" name="[359] /home/travis/build/icyphy/ptII/ptolemy/actor/lib/test/auto/SwitchDE.xml (RunModel)" time="0.011" />
  <testcase classname="ptolemy.util.test.junit.AutoTests" name="[360] /home/travis/build/icyphy/ptII/ptolemy/actor/lib/test/auto/SynchronizerDE.xml (RunModel)" time="0.021" />
  <testcase classname="ptolemy.util.test.junit.AutoTests" name="[361] /home/travis/build/icyphy/ptII/ptolemy/actor/lib/test/auto/Test.xml (RunModel)" time="0.009" />
  <testcase classname="ptolemy.util.test.junit.AutoTests" name="[362] /home/travis/build/icyphy/ptII/ptolemy/actor/lib/test/auto/TestExceptionAttribute1.xml (RunModel)" time="0.011" />
  <testcase classname="ptolemy.util.test.junit.AutoTests" name="[363] /home/travis/build/icyphy/ptII/ptolemy/actor/lib/test/auto/TestExceptionAttribute2.xml (RunModel)" time="0.006" />
  <testcase classname="ptolemy.util.test.junit.AutoTests" name="[364] /home/travis/build/icyphy/ptII/ptolemy/actor/lib/test/auto/TestExceptionAttribute3.xml (RunModel)" time="0.005" />
  <testcase classname="ptolemy.util.test.junit.AutoTests" name="[365] /home/travis/build/icyphy/ptII/ptolemy/actor/lib/test/auto/TestExceptionAttribute4.xml (RunModel)" time="0.006" />
  <testcase classname="ptolemy.util.test.junit.AutoTests" name="[366] /home/travis/build/icyphy/ptII/ptolemy/actor/lib/test/auto/TestExceptionHandler1.xml (RunModel)" time="0.006" />
  <testcase classname="ptolemy.util.test.junit.AutoTests" name="[367] /home/travis/build/icyphy/ptII/ptolemy/actor/lib/test/auto/TestExceptionHandler2.xml (RunModel)" time="0.008" />
  <testcase classname="ptolemy.util.test.junit.AutoTests" name="[368] /home/travis/build/icyphy/ptII/ptolemy/actor/lib/test/auto/TestExceptionHandler3.xml (RunModel)" time="0.009" />
  <testcase classname="ptolemy.util.test.junit.AutoTests" name="[369] /home/travis/build/icyphy/ptII/ptolemy/actor/lib/test/auto/TestExceptionHandler4.xml (RunModel)" time="0.006" />
  <testcase classname="ptolemy.util.test.junit.AutoTests" name="[370] /home/travis/build/icyphy/ptII/ptolemy/actor/lib/test/auto/TestRequireCorrectOrder.xml (RunModel)" time="0.012" />
  <testcase classname="ptolemy.util.test.junit.AutoTests" name="[371] /home/travis/build/icyphy/ptII/ptolemy/actor/lib/test/auto/TestSimple.xml (RunModel)" time="0.006" />
  <testcase classname="ptolemy.util.test.junit.AutoTests" name="[372] /home/travis/build/icyphy/ptII/ptolemy/actor/lib/test/auto/ThrowModelError.xml (RunModel)" time="0.01" />
  <testcase classname="ptolemy.util.test.junit.AutoTests" name="[373] /home/travis/build/icyphy/ptII/ptolemy/actor/lib/test/auto/TimeDelayMicrosteps.xml (RunModel)" time="0.014" />
  <testcase classname="ptolemy.util.test.junit.AutoTests" name="[374] /home/travis/build/icyphy/ptII/ptolemy/actor/lib/test/auto/TimeDelayMicrosteps2.xml (RunModel)" time="0.017" />
  <testcase classname="ptolemy.util.test.junit.AutoTests" name="[375] /home/travis/build/icyphy/ptII/ptolemy/actor/lib/test/auto/TimeDelayMicrosteps3.xml (RunModel)" time="0.012" />
  <testcase classname="ptolemy.util.test.junit.AutoTests" name="[376] /home/travis/build/icyphy/ptII/ptolemy/actor/lib/test/auto/TimeDelayVariableMicrosteps.xml (RunModel)" time="0.012" />
  <testcase classname="ptolemy.util.test.junit.AutoTests" name="[377] /home/travis/build/icyphy/ptII/ptolemy/actor/lib/test/auto/TimeGap.xml (RunModel)" time="0.015" />
  <testcase classname="ptolemy.util.test.junit.AutoTests" name="[378] /home/travis/build/icyphy/ptII/ptolemy/actor/lib/test/auto/TimeGap2.xml (RunModel)" time="0.01" />
  <testcase classname="ptolemy.util.test.junit.AutoTests" name="[379] /home/travis/build/icyphy/ptII/ptolemy/actor/lib/test/auto/TimedSinewave.xml (RunModel)" time="0.043" />
  <testcase classname="ptolemy.util.test.junit.AutoTests" name="[380] /home/travis/build/icyphy/ptII/ptolemy/actor/lib/test/auto/TimedSinewavePhase.xml (RunModel)" time="0.028" />
  <testcase classname="ptolemy.util.test.junit.AutoTests" name="[381] /home/travis/build/icyphy/ptII/ptolemy/actor/lib/test/auto/Timer.xml (RunModel)" time="0.012" />
  <testcase classname="ptolemy.util.test.junit.AutoTests" name="[382] /home/travis/build/icyphy/ptII/ptolemy/actor/lib/test/auto/TriangularDistTestModel.xml (RunModel)" time="0.014" />
  <testcase classname="ptolemy.util.test.junit.AutoTests" name="[383] /home/travis/build/icyphy/ptII/ptolemy/actor/lib/test/auto/TrigFunction.xml (RunModel)" time="0.008" />
  <testcase classname="ptolemy.util.test.junit.AutoTests" name="[384] /home/travis/build/icyphy/ptII/ptolemy/actor/lib/test/auto/TrigFunctionDE.xml (RunModel)" time="0.011" />
  <testcase classname="ptolemy.util.test.junit.AutoTests" name="[385] /home/travis/build/icyphy/ptII/ptolemy/actor/lib/test/auto/TrigFunctionInverse.xml (RunModel)" time="0.011" />
  <testcase classname="ptolemy.util.test.junit.AutoTests" name="[386] /home/travis/build/icyphy/ptII/ptolemy/actor/lib/test/auto/TrigFunctionTan.xml (RunModel)" time="0.007" />
  <testcase classname="ptolemy.util.test.junit.AutoTests" name="[387] /home/travis/build/icyphy/ptII/ptolemy/actor/lib/test/auto/TriggeredClock.xml (RunModel)" time="0.009" />
  <testcase classname="ptolemy.util.test.junit.AutoTests" name="[388] /home/travis/build/icyphy/ptII/ptolemy/actor/lib/test/auto/URLDirectoryReader.xml (RunModel)" time="0.096" />
  <testcase classname="ptolemy.util.test.junit.AutoTests" name="[389] /home/travis/build/icyphy/ptII/ptolemy/actor/lib/test/auto/URLDirectoryReader3.xml (RunModel)" time="1.463" />
  <testcase classname="ptolemy.util.test.junit.AutoTests" name="[390] /home/travis/build/icyphy/ptII/ptolemy/actor/lib/test/auto/UnaryMathFunction.xml (RunModel)" time="0.017" />
  <testcase classname="ptolemy.util.test.junit.AutoTests" name="[391] /home/travis/build/icyphy/ptII/ptolemy/actor/lib/test/auto/Uniform.xml (RunModel)" time="0.035" />
  <testcase classname="ptolemy.util.test.junit.AutoTests" name="[392] /home/travis/build/icyphy/ptII/ptolemy/actor/lib/test/auto/UnionDisassemblerTest.xml (RunModel)" time="0.028" />
  <testcase classname="ptolemy.util.test.junit.AutoTests" name="[393] /home/travis/build/icyphy/ptII/ptolemy/actor/lib/test/auto/UtilityFunctions.xml (RunModel)" time="0.025" />
  <testcase classname="ptolemy.util.test.junit.AutoTests" name="[394] /home/travis/build/icyphy/ptII/ptolemy/actor/lib/test/auto/VariableSleep.xml (RunModel)" time="0.526" />
  <testcase classname="ptolemy.util.test.junit.AutoTests" name="[395] /home/travis/build/icyphy/ptII/ptolemy/actor/lib/test/auto/VectorAssemblerDisassemblerCT.xml (RunModel)" time="0.105" />
  <testcase classname="ptolemy.util.test.junit.AutoTests" name="[396] /home/travis/build/icyphy/ptII/ptolemy/actor/lib/test/auto/VectorAssemblerDisassemblerDE.xml (RunModel)" time="0.013" />
  <testcase classname="ptolemy.util.test.junit.AutoTests" name="[397] /home/travis/build/icyphy/ptII/ptolemy/actor/lib/test/auto/VectorAssemblerDisassemblerSDF.xml (RunModel)" time="0.012" />
  <testcase classname="ptolemy.util.test.junit.AutoTests" name="[398] /home/travis/build/icyphy/ptII/ptolemy/actor/lib/test/auto/WallClockTime.xml (RunModel)" time="1.013" />
  <testcase classname="ptolemy.util.test.junit.AutoTests" name="[399] /home/travis/build/icyphy/ptII/ptolemy/actor/lib/test/auto/WidthTestWithSubscriberPublisher.xml (RunModel)" time="0.039" />
  <testcase classname="ptolemy.util.test.junit.AutoTests" name="[400] /home/travis/build/icyphy/ptII/ptolemy/actor/lib/test/auto/WidthTestWithSubscriberPublisher2.xml (RunModel)" time="0.02" />
  <testcase classname="ptolemy.util.test.junit.AutoTests" name="[401] /home/travis/build/icyphy/ptII/ptolemy/actor/lib/test/auto/WidthTestWithSubscriberPublisher3.xml (RunModel)" time="0.011" />
  <testcase classname="ptolemy.util.test.junit.AutoTests" name="[402] /home/travis/build/icyphy/ptII/ptolemy/actor/lib/test/auto/Writer.xml (RunModel)" time="0.007" />
  <testcase classname="ptolemy.util.test.junit.AutoTests" name="[403] /home/travis/build/icyphy/ptII/ptolemy/actor/lib/test/auto/array.xml (RunModel)" time="0.008" />
  <testcase classname="ptolemy.util.test.junit.AutoTests" name="[404] /home/travis/build/icyphy/ptII/ptolemy/actor/lib/test/auto/array2.xml (RunModel)" time="0.01" />
  <testcase classname="ptolemy.util.test.junit.AutoTests" name="[405] /home/travis/build/icyphy/ptII/ptolemy/actor/lib/test/auto/arrayType.xml (RunModel)" time="0.009" />
  <testcase classname="ptolemy.util.test.junit.AutoTests" name="[406] /home/travis/build/icyphy/ptII/ptolemy/actor/lib/test/auto/arrayType10.xml (RunModel)" time="0.008" />
  <testcase classname="ptolemy.util.test.junit.AutoTests" name="[407] /home/travis/build/icyphy/ptII/ptolemy/actor/lib/test/auto/arrayType11.xml (RunModel)" time="0.011" />
  <testcase classname="ptolemy.util.test.junit.AutoTests" name="[408] /home/travis/build/icyphy/ptII/ptolemy/actor/lib/test/auto/arrayType12.xml (RunModel)" time="0.008" />
  <testcase classname="ptolemy.util.test.junit.AutoTests" name="[409] /home/travis/build/icyphy/ptII/ptolemy/actor/lib/test/auto/arrayType13.xml (RunModel)" time="0.009" />
  <testcase classname="ptolemy.util.test.junit.AutoTests" name="[410] /home/travis/build/icyphy/ptII/ptolemy/actor/lib/test/auto/arrayType14.xml (RunModel)" time="0.009" />
  <testcase classname="ptolemy.util.test.junit.AutoTests" name="[411] /home/travis/build/icyphy/ptII/ptolemy/actor/lib/test/auto/arrayType15.xml (RunModel)" time="0.009" />
  <testcase classname="ptolemy.util.test.junit.AutoTests" name="[412] /home/travis/build/icyphy/ptII/ptolemy/actor/lib/test/auto/arrayType16.xml (RunModel)" time="0.008" />
  <testcase classname="ptolemy.util.test.junit.AutoTests" name="[413] /home/travis/build/icyphy/ptII/ptolemy/actor/lib/test/auto/arrayType17.xml (RunModel)" time="0.009" />
  <testcase classname="ptolemy.util.test.junit.AutoTests" name="[414] /home/travis/build/icyphy/ptII/ptolemy/actor/lib/test/auto/arrayType18.xml (RunModel)" time="0.008" />
  <testcase classname="ptolemy.util.test.junit.AutoTests" name="[415] /home/travis/build/icyphy/ptII/ptolemy/actor/lib/test/auto/arrayType19.xml (RunModel)" time="0.007" />
  <testcase classname="ptolemy.util.test.junit.AutoTests" name="[416] /home/travis/build/icyphy/ptII/ptolemy/actor/lib/test/auto/arrayType2.xml (RunModel)" time="0.008" />
  <testcase classname="ptolemy.util.test.junit.AutoTests" name="[417] /home/travis/build/icyphy/ptII/ptolemy/actor/lib/test/auto/arrayType20.xml (RunModel)" time="0.008" />
  <testcase classname="ptolemy.util.test.junit.AutoTests" name="[418] /home/travis/build/icyphy/ptII/ptolemy/actor/lib/test/auto/arrayType21.xml (RunModel)" time="0.011" />
  <testcase classname="ptolemy.util.test.junit.AutoTests" name="[419] /home/travis/build/icyphy/ptII/ptolemy/actor/lib/test/auto/arrayType22.xml (RunModel)" time="0.008" />
  <testcase classname="ptolemy.util.test.junit.AutoTests" name="[420] /home/travis/build/icyphy/ptII/ptolemy/actor/lib/test/auto/arrayType23.xml (RunModel)" time="0.007" />
  <testcase classname="ptolemy.util.test.junit.AutoTests" name="[421] /home/travis/build/icyphy/ptII/ptolemy/actor/lib/test/auto/arrayType24.xml (RunModel)" time="0.009" />
  <testcase classname="ptolemy.util.test.junit.AutoTests" name="[422] /home/travis/build/icyphy/ptII/ptolemy/actor/lib/test/auto/arrayType25.xml (RunModel)" time="0.008" />
  <testcase classname="ptolemy.util.test.junit.AutoTests" name="[423] /home/travis/build/icyphy/ptII/ptolemy/actor/lib/test/auto/arrayType26.xml (RunModel)" time="0.009" />
  <testcase classname="ptolemy.util.test.junit.AutoTests" name="[424] /home/travis/build/icyphy/ptII/ptolemy/actor/lib/test/auto/arrayType27.xml (RunModel)" time="0.008" />
  <testcase classname="ptolemy.util.test.junit.AutoTests" name="[425] /home/travis/build/icyphy/ptII/ptolemy/actor/lib/test/auto/arrayType28.xml (RunModel)" time="0.008" />
  <testcase classname="ptolemy.util.test.junit.AutoTests" name="[426] /home/travis/build/icyphy/ptII/ptolemy/actor/lib/test/auto/arrayType3.xml (RunModel)" time="0.008" />
  <testcase classname="ptolemy.util.test.junit.AutoTests" name="[427] /home/travis/build/icyphy/ptII/ptolemy/actor/lib/test/auto/arrayType4.xml (RunModel)" time="0.008" />
  <testcase classname="ptolemy.util.test.junit.AutoTests" name="[428] /home/travis/build/icyphy/ptII/ptolemy/actor/lib/test/auto/arrayType5.xml (RunModel)" time="0.01" />
  <testcase classname="ptolemy.util.test.junit.AutoTests" name="[429] /home/travis/build/icyphy/ptII/ptolemy/actor/lib/test/auto/arrayType6.xml (RunModel)" time="0.008" />
  <testcase classname="ptolemy.util.test.junit.AutoTests" name="[430] /home/travis/build/icyphy/ptII/ptolemy/actor/lib/test/auto/arrayType7.xml (RunModel)" time="0.008" />
  <testcase classname="ptolemy.util.test.junit.AutoTests" name="[431] /home/travis/build/icyphy/ptII/ptolemy/actor/lib/test/auto/arrayType8.xml (RunModel)" time="0.014" />
  <testcase classname="ptolemy.util.test.junit.AutoTests" name="[432] /home/travis/build/icyphy/ptII/ptolemy/actor/lib/test/auto/arrayType9.xml (RunModel)" time="0.008" />
  <testcase classname="ptolemy.util.test.junit.AutoTests" name="[433] /home/travis/build/icyphy/ptII/ptolemy/actor/lib/test/auto/cast.xml (RunModel)" time="0.009" />
  <testcase classname="ptolemy.util.test.junit.AutoTests" name="[434] /home/travis/build/icyphy/ptII/ptolemy/actor/lib/test/auto/compositeMultiPort.xml (RunModel)" time="0.017" />
  <testcase classname="ptolemy.util.test.junit.AutoTests" name="[435] /home/travis/build/icyphy/ptII/ptolemy/actor/lib/test/auto/expressionCastInference.xml (RunModel)" time="0.01" />
  <testcase classname="ptolemy.util.test.junit.AutoTests" name="[436] /home/travis/build/icyphy/ptII/ptolemy/actor/lib/test/auto/expressionCastInference2.xml (RunModel)" time="0.008" />
  <testcase classname="ptolemy.util.test.junit.AutoTests" name="[437] /home/travis/build/icyphy/ptII/ptolemy/actor/lib/test/auto/expressionInference.xml (RunModel)" time="0.008" />
  <testcase classname="ptolemy.util.test.junit.AutoTests" name="[438] /home/travis/build/icyphy/ptII/ptolemy/actor/lib/test/auto/expression_bug.xml (RunModel)" time="0.007" />
  <testcase classname="ptolemy.util.test.junit.AutoTests" name="[439] /home/travis/build/icyphy/ptII/ptolemy/actor/lib/test/auto/factorial.xml (RunModel)" time="0.038" />
  <testcase classname="ptolemy.util.test.junit.AutoTests" name="[440] /home/travis/build/icyphy/ptII/ptolemy/actor/lib/test/auto/filterTest1.xml (RunModel)" time="0.012" />
  <testcase classname="ptolemy.util.test.junit.AutoTests" name="[441] /home/travis/build/icyphy/ptII/ptolemy/actor/lib/test/auto/funcApplyInConst.xml (RunModel)" time="0.006" />
  <testcase classname="ptolemy.util.test.junit.AutoTests" name="[442] /home/travis/build/icyphy/ptII/ptolemy/actor/lib/test/auto/funcApplyInExpr.xml (RunModel)" time="0.005" />
  <testcase classname="ptolemy.util.test.junit.AutoTests" name="[443] /home/travis/build/icyphy/ptII/ptolemy/actor/lib/test/auto/function.xml (RunModel)" time="0.008" />
  <testcase classname="ptolemy.util.test.junit.AutoTests" name="[444] /home/travis/build/icyphy/ptII/ptolemy/actor/lib/test/auto/function2.xml (RunModel)" time="0.008" />
  <testcase classname="ptolemy.util.test.junit.AutoTests" name="[445] /home/travis/build/icyphy/ptII/ptolemy/actor/lib/test/auto/function3.xml (RunModel)" time="0.007" />
  <testcase classname="ptolemy.util.test.junit.AutoTests" name="[446] /home/travis/build/icyphy/ptII/ptolemy/actor/lib/test/auto/functionClosureTest1.xml (RunModel)" time="0.01" />
  <testcase classname="ptolemy.util.test.junit.AutoTests" name="[447] /home/travis/build/icyphy/ptII/ptolemy/actor/lib/test/auto/functionClosureTest2.xml (RunModel)" time="0.007" />
  <testcase classname="ptolemy.util.test.junit.AutoTests" name="[448] /home/travis/build/icyphy/ptII/ptolemy/actor/lib/test/auto/functionClosureTest3.xml (RunModel)" time="0.008" />
  <testcase classname="ptolemy.util.test.junit.AutoTests" name="[449] /home/travis/build/icyphy/ptII/ptolemy/actor/lib/test/auto/functionClosureTest4.xml (RunModel)" time="0.012" />
  <testcase classname="ptolemy.util.test.junit.AutoTests" name="[450] /home/travis/build/icyphy/ptII/ptolemy/actor/lib/test/auto/functionClosureTest5.xml (RunModel)" time="0.01" />
  <testcase classname="ptolemy.util.test.junit.AutoTests" name="[451] /home/travis/build/icyphy/ptII/ptolemy/actor/lib/test/auto/functionClosureTest6.xml (RunModel)" time="0.007" />
  <testcase classname="ptolemy.util.test.junit.AutoTests" name="[452] /home/travis/build/icyphy/ptII/ptolemy/actor/lib/test/auto/functionsOnArcs.xml (RunModel)" time="0.009" />
  <testcase classname="ptolemy.util.test.junit.AutoTests" name="[453] /home/travis/build/icyphy/ptII/ptolemy/actor/lib/test/auto/functionsOnArcsHOF.xml (RunModel)" time="0.01" />
  <testcase classname="ptolemy.util.test.junit.AutoTests" name="[454] /home/travis/build/icyphy/ptII/ptolemy/actor/lib/test/auto/logic.xml (RunModel)" time="0.016" />
  <testcase classname="ptolemy.util.test.junit.AutoTests" name="[455] /home/travis/build/icyphy/ptII/ptolemy/actor/lib/test/auto/matrixType.xml (RunModel)" time="0.009" />
  <testcase classname="ptolemy.util.test.junit.AutoTests" name="[456] /home/travis/build/icyphy/ptII/ptolemy/actor/lib/test/auto/matrixType10.xml (RunModel)" time="0.007" />
  <testcase classname="ptolemy.util.test.junit.AutoTests" name="[457] /home/travis/build/icyphy/ptII/ptolemy/actor/lib/test/auto/matrixType11.xml (RunModel)" time="0.008" />
  <testcase classname="ptolemy.util.test.junit.AutoTests" name="[458] /home/travis/build/icyphy/ptII/ptolemy/actor/lib/test/auto/matrixType12.xml (RunModel)" time="0.009" />
  <testcase classname="ptolemy.util.test.junit.AutoTests" name="[459] /home/travis/build/icyphy/ptII/ptolemy/actor/lib/test/auto/matrixType13.xml (RunModel)" time="0.009" />
  <testcase classname="ptolemy.util.test.junit.AutoTests" name="[460] /home/travis/build/icyphy/ptII/ptolemy/actor/lib/test/auto/matrixType14.xml (RunModel)" time="0.008" />
  <testcase classname="ptolemy.util.test.junit.AutoTests" name="[461] /home/travis/build/icyphy/ptII/ptolemy/actor/lib/test/auto/matrixType2.xml (RunModel)" time="0.008" />
  <testcase classname="ptolemy.util.test.junit.AutoTests" name="[462] /home/travis/build/icyphy/ptII/ptolemy/actor/lib/test/auto/matrixType3.xml (RunModel)" time="0.009" />
  <testcase classname="ptolemy.util.test.junit.AutoTests" name="[463] /home/travis/build/icyphy/ptII/ptolemy/actor/lib/test/auto/matrixType4.xml (RunModel)" time="0.009" />
  <testcase classname="ptolemy.util.test.junit.AutoTests" name="[464] /home/travis/build/icyphy/ptII/ptolemy/actor/lib/test/auto/matrixType5.xml (RunModel)" time="0.009" />
  <testcase classname="ptolemy.util.test.junit.AutoTests" name="[465] /home/travis/build/icyphy/ptII/ptolemy/actor/lib/test/auto/matrixType6.xml (RunModel)" time="0.008" />
  <testcase classname="ptolemy.util.test.junit.AutoTests" name="[466] /home/travis/build/icyphy/ptII/ptolemy/actor/lib/test/auto/matrixType7.xml (RunModel)" time="0.008" />
  <testcase classname="ptolemy.util.test.junit.AutoTests" name="[467] /home/travis/build/icyphy/ptII/ptolemy/actor/lib/test/auto/matrixType8.xml (RunModel)" time="0.009" />
  <testcase classname="ptolemy.util.test.junit.AutoTests" name="[468] /home/travis/build/icyphy/ptII/ptolemy/actor/lib/test/auto/matrixType9.xml (RunModel)" time="0.009" />
  <testcase classname="ptolemy.util.test.junit.AutoTests" name="[469] /home/travis/build/icyphy/ptII/ptolemy/actor/lib/test/auto/paraFunctest.xml (RunModel)" time="0.008" />
  <testcase classname="ptolemy.util.test.junit.AutoTests" name="[470] /home/travis/build/icyphy/ptII/ptolemy/actor/lib/test/auto/paraFunctest2.xml (RunModel)" time="0.008" />
  <testcase classname="ptolemy.util.test.junit.AutoTests" name="[471] /home/travis/build/icyphy/ptII/ptolemy/actor/lib/test/auto/parameterPassing.xml (RunModel)" time="0.01" />
  <testcase classname="ptolemy.util.test.junit.AutoTests" name="[472] /home/travis/build/icyphy/ptII/ptolemy/actor/lib/test/auto/record.xml (RunModel)" time="0.021" />
  <testcase classname="ptolemy.util.test.junit.AutoTests" name="[473] /home/travis/build/icyphy/ptII/ptolemy/actor/lib/test/auto/sizedarray1.xml (RunModel)" time="0.009" />
  <testcase classname="ptolemy.util.test.junit.AutoTests" name="[474] /home/travis/build/icyphy/ptII/ptolemy/actor/lib/test/auto/sizedarray2.xml (RunModel)" time="0.008" />
  <testcase classname="ptolemy.util.test.junit.AutoTests" name="[475] /home/travis/build/icyphy/ptII/ptolemy/actor/lib/test/auto/twoPublishers.xml (RunModel)" time="0.017" />
  <system-out><![CDATA[/home/travis/build/icyphy/ptII/ptolemy/actor/lib/test/AbsoluteValue.tcl
testDefs.tcl: setting time out to 9000 seconds at Thu Feb 07 03:27:20 UTC 2019
78 ms. Memory: 116224K Free: 109637K (94%)
4 ms. Memory: 116224K Free: 108449K (93%)
4 ms. Memory: 116224K Free: 107848K (93%)
4 ms. Memory: 116224K Free: 106653K (92%)
/home/travis/build/icyphy/ptII/ptolemy/actor/lib/test/AddSubtract.tcl
8 ms. Memory: 116224K Free: 104832K (90%)
9 ms. Memory: 116224K Free: 104199K (90%)
11 ms. Memory: 116224K Free: 103011K (89%)
15 ms. Memory: 116224K Free: 102418K (88%)
5 ms. Memory: 116224K Free: 101816K (88%)
13 ms. Memory: 116224K Free: 101183K (87%)
/home/travis/build/icyphy/ptII/ptolemy/actor/lib/test/Average.tcl
6 ms. Memory: 116224K Free: 99362K (85%)
5 ms. Memory: 116224K Free: 98135K (84%)
/home/travis/build/icyphy/ptII/ptolemy/actor/lib/test/Bernoulli.tcl
3 ms. Memory: 116224K Free: 96339K (83%)
2 ms. Memory: 116224K Free: 95745K (82%)
/home/travis/build/icyphy/ptII/ptolemy/actor/lib/test/Clock.tcl
preinitializing
resolving types
initializing
executing number 1
wrapping up
idle
16 ms. Memory: 116224K Free: 93933K (81%)
Completed execution with 5 iterations
preinitializing
resolving types
initializing
executing number 1
wrapping up
idle
5 ms. Memory: 116224K Free: 92730K (80%)
Completed execution with 5 iterations
preinitializing
resolving types
initializing
executing number 1
wrapping up
idle
10 ms. Memory: 116224K Free: 92120K (79%)
Completed execution with 5 iterations
/home/travis/build/icyphy/ptII/ptolemy/actor/lib/test/Commutator.tcl
5 ms. Memory: 116224K Free: 90323K (78%)
4 ms. Memory: 116224K Free: 89120K (77%)
7 ms. Memory: 116224K Free: 84910K (73%)
/home/travis/build/icyphy/ptII/ptolemy/actor/lib/test/Const.tcl
7 ms. Memory: 116224K Free: 82480K (71%)
6 ms. Memory: 116224K Free: 81887K (70%)
5 ms. Memory: 116224K Free: 81293K (70%)
26 ms. Memory: 116224K Free: 111519K (96%)
2 ms. Memory: 116224K Free: 110091K (95%)
20 ms. Memory: 116224K Free: 108871K (94%)
9 ms. Memory: 116224K Free: 107657K (93%)
11 ms. Memory: 116224K Free: 106445K (92%)
/home/travis/build/icyphy/ptII/ptolemy/actor/lib/test/CurrentTime.tcl
preinitializing
resolving types
initializing
executing number 1
wrapping up
idle
6 ms. Memory: 116224K Free: 104619K (90%)
Completed execution with 11 iterations
/home/travis/build/icyphy/ptII/ptolemy/actor/lib/test/DB.tcl
3 ms. Memory: 116224K Free: 102810K (88%)
1 ms. Memory: 116224K Free: 102212K (88%)
2 ms. Memory: 116224K Free: 102212K (88%)
/home/travis/build/icyphy/ptII/ptolemy/actor/lib/test/DiscreteRandomSource.tcl
preinitializing
resolving types
initializing
executing number 1
wrapping up
idle
5 ms. Memory: 116224K Free: 100378K (86%)
Completed execution with 4 iterations
preinitializing
resolving types
initializing
executing number 1
wrapping up
idle
2 ms. Memory: 116224K Free: 99756K (86%)
Completed execution with 4 iterations
preinitializing
resolving types
initializing
executing number 1
wrapping up
idle
2 ms. Memory: 116224K Free: 99756K (86%)
Completed execution with 4 iterations
preinitializing
resolving types
initializing
executing number 1
wrapping up
idle
2 ms. Memory: 116224K Free: 99158K (85%)
Completed execution with 4 iterations
preinitializing
resolving types
initializing
executing number 1
wrapping up
idle
3 ms. Memory: 116224K Free: 98536K (85%)
Completed execution with 4 iterations
/home/travis/build/icyphy/ptII/ptolemy/actor/lib/test/Distributor.tcl
8 ms. Memory: 116224K Free: 96686K (83%)
3 ms. Memory: 116224K Free: 96072K (83%)
StreamChangeRequest.changeExecuted(): <deleteEntity name="rec2"/> succeeded
StreamChangeRequest.changeExecuted(): <deleteRelation name="r2"/> succeeded
StreamChangeRequest.changeExecuted(): Record firings per iteration succeeded
5 ms. Memory: 116224K Free: 93616K (81%)
/home/travis/build/icyphy/ptII/ptolemy/actor/lib/test/Exit.tcl
Exit.tcl: this will print a message about Manager.exitAfterWrapup, which can be ignored.
3 ms. Memory: 116224K Free: 90562K (78%)
/home/travis/build/icyphy/ptII/ptolemy/actor/lib/test/Expression.tcl
8 ms. Memory: 116224K Free: 88153K (76%)
8 ms. Memory: 116224K Free: 87523K (75%)
10 ms. Memory: 116224K Free: 86327K (74%)
preinitializing
resolving types
initializing
executing number 1
wrapping up
idle
12 ms. Memory: 116224K Free: 85115K (73%)
Completed execution with 6 iterations
3 ms. Memory: 116224K Free: 84518K (73%)
7 ms. Memory: 116224K Free: 83322K (72%)
9 ms. Memory: 116224K Free: 82094K (71%)
23 ms. Memory: 116224K Free: 110729K (95%)
3 ms. Memory: 116224K Free: 109522K (94%)
/home/travis/build/icyphy/ptII/ptolemy/actor/lib/test/Gaussian.tcl
11 ms. Memory: 116224K Free: 107629K (93%)
sleeping 1 seconds: ....................................................................................................................................................................................................................................................................................................................................................................................................................................................................................................................................................................................................................................................................................................................................................................................................................................................................................................................................................................................................................................................................................................................................................................................................................................................................................................................................................................................................................................................................................................................................................................................................................................................................................................................................................................................................................................................................................................................................................................................................................................................................................................................................................................................................................................................................................................................................................................................................................................................................................................................................................................................................................................................................................................................................................................................................................................................................................................................................................................................................................................................................................................................................................................................................................................................................................................................................................................................................................................................................................................................................................................................................................................................................................................................................................................................................................................................................................................................................................................................................................................................................................................................................................................................................................................................................................................................................................................................................................................................................................................................................................................................................................................................................................................................................................................................................................................................................................................................................................................................................................................................................................................................................................................................................................................................................................................................................................................................................................................................................................................................................................................................................................................................................................................................................................................................................................................................................................................................................................................................................................................................................................................................................................................................................................................................................................................................................................................................................................................................................................................................................................................................................................................................................................................................................................................................................................................................................................................................................................................................................................................................................................................................................................................................................................................................................................................................................................................................................................................................................................................................................................................................................................................................................................................................................................................................................................................................................................................................................................................................................................................................................................................................................................................................................................................................................................................................................................................................................................................................................................................................................................................................................................................................................................................................................................................................................................................................................................................................................................................................................................................................................................................................................................................................................................................................................................................................................................................................................................................................................................................................................................................................................................................................................................................................................................................................................................................................................................................................................................................................................................................................................................................................................................................................................................................................................................................................................................................................................................................................................................................................................................................................................................................................................................................................................................................................................................................................................................................................................................................................................................................................................................................................................................................................................................................................................................................................................................................................................................................................................................................................................................................................................................................................................................................................................................................................................................................................................................................................................................................................................................................................................................................................................................................................................................................................................................................................................................................................................................................................................................................................................................................................................................................................................................................................................................................................................................................................................................................................................................................................................................................................................................................................................................................................................................................................................................................................................................................................................................................................................................................................................................................................................................................................................................................................................................................................................................................................................................................................................................................................................................................................................................................................................................................................................................................................................................................................................................................................................................................................................................................................................................................................................................................................................................................................................................................................................................................................................................................................................................................................................................................................................................................................................................................................................................................................................................................................................................................................................................................................................................................................................................................................................................................................................................................................................................................................................................................................................................................................................................................................................................................................................................................................................................................................................................................................................................................................................................................................................................................................................................................................................................................................................................................................................................................................................................................................................................................................................................................................................................................................................................................................................................................................................................................................................................................................................................................................................................................................................................................................................................................................................................................................................................................................................................................................................................................................................................................................................................................................................................................................................................................................................................................................................................................................................................................................................................................................................................................................................................................................................................................................................................................................................................................................................................................................................................................................................................................................................................................................................................................................................................................................................................................................................................................................................................................................................................................................................................................................................................................................................................................................................................................................................................................................................................................................................................................................................................................................................................................................................................................................................................................................................................................................................................................................................................................................................................................................................................................................................................................................................................................................................................................................................................................................................................................................................................................................................................................................................................................................................................................................................................................................................................................................................................................................................................................................................................................................................................................................................................................................................................................................................................................................................................................................................................................................................................................................................................................................................................................................................................................................................................................................................................................................................................................................................................................................................................................................................................................................................................................................................................................................................................................................................................................................................................................................................................................................................................................................................................................................................................................................................................................................................................................................................................................................................................................................................................................................................................................................................................................................................................................................................................................................................................................................................................................................................................................................................................................................................................................................................................................................................................................................................................................................................................................................................................................................................................................................................................................................................................................................................................................................................................................................................................................................................................................................................................................................................................................................................................................................................................................................................................................................................................................................................................................................................................................................................................................................................................................................................................................................................................................................................................................................................................................................................................................................................................................................................................................................................................................................................................................................................................................................................................................................................................................................................................................................................................................................................................................................................................................................................................................................................................................................................................................................................................................................................................................................................................................................................................................................................................................................................................................................................................................................................................................................................................................................................................................................................................................................................................................................................................................................................................................................................................................................................................................................................................................................................................................................................................................................................................................................................................................................................................................................................................................................................................................................................................................................................................................................................................................................................................................................................................................................................................................................................................................................................................................................................................................................................................................................................................................................................................................................................................................................................................................................................................................................................................................................................................................................................................................................................................................................................................................................................................................................................................................................................................................................................................................................................................................................................................................................................................................................................................................................................................................................................................................................................................................................................................................................................................................................................................................................................................................................................................................................................................................................................................................................................................................................................................................................................................................................................................................................................................................................................................................................................................................................................................................................................................................................................................................................................................................................................................................................................................................................................................................................................................................................................................................................................................................................................................................................................................................................................................................................................................................................................................................................................................................................................................................................................................................................................................................................................................................................................................................................................................................................................................................................................................................................................................................................................................................................................................................................................................................................................................................................................................................................................................................................................................................................................................................................................................................................................................................................................................................................................................................................................................................................................................................................................................................................................................................................................................................................................................................................................................................................................................................................................................................................................................................................................................................................................................................................................................................................................................................................................................................................................................................................................................................................................................................................................................................................................................................................................................................................................................................................................................................................................................................................................................................................................................................................................................................................................................................................................................................................................................................................................................................................................................................................................................................................................................................................................................................................................................................................................................................................................................................................................................................................................................................................................................................................................................................................................................................................................................................................................................................................................................................................................................................................................................................................................................................................................................................................................................................................................................................................................................................................................................................................................................................................................................................................................................................................................................................................................................................................................................................................................................................................................................................................................................................................................................................................................................................................................................................................................................................................................................................................................................................................................................................................................................................................................................................................................................................................................................................................................................................................................................................................................................................................................................................................................................................................................................................................................................................................................................................................................................................................................................................................................................................................................................................................................................................................................................................................................................................................................................................................................................................................................................................................................................................................................................................................................................................................................................................................................................................................................................................................................................................................................................................................................................................................................................................................................................................................................................................................................................................................................................................................................................................................................................................................................................................................................................................................................................................................................................................................................................................................................................................................................................................................................................................................................................................................................................................................................................................................................................................................................................................................................................................................................................................................................................................................................................................................................................................................................................................................................................................................................................................................................................................................................................................................................................................................................................................................................................................................................................................................................................................................................................................................................................................................................................................................................................................................................................................................................................................................................................................................................................................................................................................................................................................................................................................................................................................................................................................................................................................................................................................................................................................................................................................................................................................................................................................................................................................................................................................................................................................................................................................................................................................................................................................................................................................................................................................................................................................................................................................................................................................................................................................................................................................................................................................................................................................................................................................................................................................................................................................................................................................................................................................................................................................................................................................................................................................................................................................................................................................................................................................................................................................................................................................................................................................................................................................................................................................................................................................................................................................................................................................................................................................................................................................................................................................................................................................................................................................................................................................................................................................................................................................................................................................................................................................................................................................................................................................................................................................................................................................................................................................................................................................................................................................................................................................................................................................................................................................................................................................................................................................................................................................................................................................................................................................................................................................................................................................................................................................................................................................................................................................................................................................................................................................................................................................................................................................................................................................................................................................................................................................................................................................................................................................................................................................................................................................................................................................................................................................................................................................................................................................................................................................................................................................................................................................................................................................................................................................................................................................................................................................................................................................................................................................................................................................................................................................................................................................................................................................................................................................................................................................................................................................................................................................................................................................................................................................................................................................................................................................................................................................................................................................................................................................................................................................................................................................................................................................................................................................................................................................................................................................................................................................................................................................................................................................................................................................................................................................................................................................................................................................................................................................................................................................................................................................................................................................................................................................................................................................................................................................................................................................................................................................................................................................................................................................................................................................................................................................................................................................................................................................................................................................................................................................................................................................................................................................................................................................................................................................................................................................................................................................................................................................................................................................................................................................................................................................................................................................................................................................................................................................................................................................................................................................................................................................................................................................................................................................................................................................................................................................................................................................................................................................................................................................................................................................................................................................................................................................................................................................................................................................................................................................................................................................................................................................................................................................................................................................................................................................................................................................................................................................................................................................................................................................................................................................................................................................................................................................................................................................................................................................................................................................................................................................................................................................................................................................................................................................................................................................................................................................................................................................................................................................................................................................................................................................................................................................................................................................................................................................................................................................................................................................................................................................................................................................................................................................................................................................................................................................................................................................................................................................................................................................................................................................................................................................................................................................................................................................................................................................................................................................................................................................................................................................................................................................................................................................................................................................................................................................................................................................................................................................................................................................................................................................................................................................................................................................................................................................................................................................................................................................................................................................................................................................................................................................................................................................................................................................................................................................................................................................................................................................................................................................................................................................................................................................................................................................................................................................................................................................................................................................................................................................................................................................................................................................................................................................................................................................................................................................................................................................................................................................................................................................................................................................................................................................................................................................................................................................................................................................................................................................................................................................................................................................................................................................................................................................................................................................................................................................................................................................................................................................................................................................................................................................................................................................................................................................................................................................................................................................................................................................................................................................................................................................................................................................................................................................................................................................................................................................................................................................................................................................................................................................................................................................................................................................................................................................................................................................................................................................................................................................................................................................................................................................................................................................................................................................................................................................................................................................................................................................................................................................................................................................................................................................................................................................................................................................................................................................................................................................................................................................................................................................................................................................................................................................................................................................................................................................................................................................................................................................................................................................................................................................................................................................................................................................................................................................................................................................................................................................................................................................................................................................................................................................................................................................................................................................................................................................................................................................................................................................................................................................................................................................................................................................................................................................................................................................................................................................................................................................................................................................................................................................................................................................................................................................................................................................................................................................................................................................................................................................................................................................................................................................................................................................................................................................................................................................................................................................................................................................................................................................................................................................................................................................................................................................................................................................................................................................................................................................................................................................................................................................................................................................................................................................................................................................................................................................................................................................................................................................................................................................................................................................................................................................................................................................................................................................................................................................................................................................................................................................................................................................................................................................................................................................................................................................................................................................................................................................................................................................................................................................................................................................................................................................................................................................................................................................................................................................................................................................................................................................................................................................................................................................................................................................................................................................................................................................................................................................................................................................................................................................................................................................................................................................................................................................................................................................................................................................................................................................................................................................................................................................................................................................................................................................................................................................................................................................................................................................................................................................................................................................................................................................................................................................................................................................................................................................................................................................................................................................................................................................................................................................................................................................................................................................................................................................................................................................................................................................................................................................................................................................................................................................................................................................................................................................................................................................................................................................................................................................................................................................................................................................................................................................................................................................................................................................................................................................................................................................................................................................................................................................................................................................................................................................................................................................................................................................................................................................................................................................................................................................................................................................................................................................................................................................................................................................................................................................................................................................................................................................................................................................................................................................................................................................................................................................................................................................................................................................................................................................................................................................................................................................................................................................................................................................................................................................................................................................................................................................................................................................................................................................................................................................................................................................................................................................................................................................................................................................................................................................................................................................................................................................................................................................................................................................................................................................................................................................................................................................................................................................................................................................................................................................................................................................................................................................................................................................................................................................................................................................................................................................................................................................................................................................................................................................................................................................................................................................................................................................................................................................................................................................................................................................................................................................................................................................................................................................................................................................................................................................................................................................................................................................................................................................................................................................................................................................................................................................................................................................................................................................................................................................................................................................................................................................................................................................................................................................................................................................................................................................................................................................................................................................................................................................................................................................................................................................................................................................................................................................................................................................................................................................................................................................................................................................................................................................................................................................................................................................................................................................................................................................................................................................................................................................................................................................................................................................................................................................................................................................................................................................................................................................................................................................................................................................................................................................................................................................................................................................................................................................................................................................................................................................................................................................................................................................................................................................................................................................................................................................................................................................................................................................................................................................................................................................................................................................................................................................................................................................................................................................................................................................................................................................................................................................................................................................................................................................................................................................................................................................................................................................................................................................................................................................................................................................................................................................................................................................................................................................................................................................................................................................................................................................................................................................................................................................................................................................................................................................................................................................................................................................................................................................................................................................................................................................................................................................................................................................................................................................................................................................................................................................................................................................................................................................................................................................................................................................................................................................................................................................................................................................................................................................................................................................................................................................................................................................................................................................................................................................................................................................................................................................................................................................................................................................................................................................................................................................................................................................................................................................................................................................................................................................................................................................................................................................................................................................................................................................................................................................................................................................................................................................................................................................................................................................................................................................................................................................................................................................................................................................................................................................................................................................................................................................................................................................................................................................................................................................................................................................................................................................................................................................................................................................................................................................................................................................................................................................................................................................................................................................................................................................................................................................................................................................................................................................................................................................................................................................................................................................................................................................................................................................................................................................................................................................................................................................................................................................................................................................................................................................................................................................................................................................................................................................................................................................................................................................................................................................................................................................................................................................................................................................................................................................................................................................................................................................................................................................................................................................................................................................................................................................................................................................................................................................................................................................................................................................................................................................................................................................................................................................................................................................................................................................................................................................................................................................................................................................................................................................................................................................................................................................................................................................................................................................................................................................................................................................................................................................................................................................................................................................................................................................................................................................................................................................................................................................................................................................................................................................................................................................................................................................................................................................................................................................................................................................................................................................................................................................................................................................................................................................................................................................................................................................................................................................................................................................................................................................................................................................................................................................................................................................................................................................................................................................................................................................................................................................................................................................................................................................................................................................................................................................................................................................................................................................................................................................................................................................................................................................................................................................................................................................................................................................................................................................................................................................................................................................................................................................................................................................................................................................................................................................................................................................................................................................................................................................................................................................................................................................................................................................................................................................................................................................................................................................................................................................................................................................................................................................................................................................................................................................................................................................................................................................................................................................................................................................................................................................................................................................................................................................................................................................................................................................................................................................................................................................................................................................................................................................................................................................................................................................................................................................................................................................................................................................................................................................................................................................................................................................................................................................................................................................................................................................................................................................................................................................................................................................................................................................................................................................................................................................................................................................................................................................................................................................................................................................................................................................................................................................................................................................................................................................................................................................................................................................................................................................................................................................................................................................................................................................................................................................................................................................................................................................................................................................................................................................................................................................................................................................................................................................................................................................................................................................................................................................................................................................................................................................................................................................................................................................................................................................................................................................................................................................................................................................................................................................................................................................................................................................................................................................................................................................................................................................................................................................................................................................................................................................................................................................................................................................................................................................................................................................................................................................................................................................................................................................................................................................................................................................................................................................................................................................................................................................................................................................................................................................................................................................................................................................................................................................................................................................................................................................................................................................................................................................................................................................................................................................................................................................................................................................................................................................................................................................................................................................................................................................................................................................................................................................................................................................................................................................................................................................................................................................................................................................................................................................................................................................................................................................................................................................................................................................................................................................................................................................................................................................................................................................................................................................................................................................................................................................................................................................................................................................................................................................................................................................................................................................................................................................................................................................................................................................................................................................................................................................................................................................................................................................................................................................................................................................................................................................................................................................................................................................................................................................................................................................................................................................................................................................................................................................................................................................................................................................................................................................................................................................................................................................................................................................................................................................................................................................................................................................................................................................................................................................................................................................................................................................................................................................................................................................................................................................................................................................................................................................................................................................................................................................................................................................................................................................................................................................................................................................................................................................................................................................................................................................................................................................................................................................................................................................................................................................................................................................................................................................................................................................................................................................................................................................................................................................................................................................................................................................................................................................................................................................................................................................................................................................................................................................................................................................................................................................................................................................................................................................................................................................................................................................................................................................................................................................................................................................................................................................................................................................................................................................................................................................................................................................................................................................................................................................................................................................................................................................................................................................................................................................................................................................................................................................................................................................................................................................................................................................................................................................................................................................................................................................................................................................................................................................................................................................................................................2 ms. Memory: 331264K Free: 287249K (87%)
2 ms. Memory: 331264K Free: 282394K (85%)
2 ms. Memory: 331264K Free: 281956K (85%)
7 ms. Memory: 331264K Free: 281956K (85%)
2 ms. Memory: 331264K Free: 281956K (85%)
/home/travis/build/icyphy/ptII/ptolemy/actor/lib/test/IIR.tcl
/home/travis/build/icyphy/ptII/ptolemy/actor/lib/test/Interpolator.tcl
2 ms. Memory: 331264K Free: 277099K (84%)
3 ms. Memory: 331264K Free: 277099K (84%)
2 ms. Memory: 331264K Free: 277099K (84%)
1 ms. Memory: 331264K Free: 277099K (84%)
3 ms. Memory: 331264K Free: 277099K (84%)
7 ms. Memory: 331264K Free: 277099K (84%)
3 ms. Memory: 331264K Free: 272244K (82%)
10 ms. Memory: 331264K Free: 272244K (82%)
2 ms. Memory: 331264K Free: 272244K (82%)
11 ms. Memory: 331264K Free: 272244K (82%)
/home/travis/build/icyphy/ptII/ptolemy/actor/lib/test/MathFunction.tcl
7 ms. Memory: 331264K Free: 267389K (81%)
2 ms. Memory: 331264K Free: 267389K (81%)
2 ms. Memory: 331264K Free: 267389K (81%)
2 ms. Memory: 331264K Free: 267389K (81%)
3 ms. Memory: 331264K Free: 262534K (79%)
13 ms. Memory: 331264K Free: 262534K (79%)
/home/travis/build/icyphy/ptII/ptolemy/actor/lib/test/Maximum.tcl
4 ms. Memory: 331264K Free: 262534K (79%)
5 ms. Memory: 331264K Free: 262534K (79%)
2 ms. Memory: 331264K Free: 257678K (78%)
3 ms. Memory: 331264K Free: 257678K (78%)
/home/travis/build/icyphy/ptII/ptolemy/actor/lib/test/Minimum.tcl
3 ms. Memory: 331264K Free: 257678K (78%)
2 ms. Memory: 331264K Free: 257678K (78%)
1 ms. Memory: 331264K Free: 257678K (78%)
2 ms. Memory: 331264K Free: 252823K (76%)
/home/travis/build/icyphy/ptII/ptolemy/actor/lib/test/MultiplyDivide.tcl
3 ms. Memory: 331264K Free: 252823K (76%)
2 ms. Memory: 331264K Free: 252823K (76%)
3 ms. Memory: 331264K Free: 252823K (76%)
7 ms. Memory: 331264K Free: 252823K (76%)
2 ms. Memory: 331264K Free: 247968K (75%)
/home/travis/build/icyphy/ptII/ptolemy/actor/lib/test/OrderedMerge.tcl
Connections changed on port: inputA
Connections changed on port: inputB
Connections changed on port: output
Connections changed on port: output
Connections changed on port: output
Connections changed on port: input
.top. Preinitializing ...
Invoking preinitialize():  .top.OrderedMerge
Called preinitialize()
Invoking preinitialize():  .top.Ramp
Called preinitialize()
Invoking preinitialize():  .top.Ramp2
Called preinitialize()
Invoking preinitialize():  .top.Test
Called preinitialize()
Connections changed on port: inputA
Connections changed on port: output
Connections changed on port: inputB
Connections changed on port: output
Connections changed on port: output
Connections changed on port: input
.top. Finished preinitialize().
Called initialize().
Invoking initialize():  .top.OrderedMerge
Initializing actor: .top.OrderedMerge
Adding a thread: .top.OrderedMerge
Invoking initialize():  .top.Ramp
Initializing actor: .top.Ramp
Adding a thread: .top.Ramp
Invoking initialize():  .top.Ramp2
Initializing actor: .top.Ramp2
Adding a thread: .top.Ramp2
Invoking initialize():  .top.Test
Initializing actor: .top.Test
Adding a thread: .top.Test
-- Starting thread.
Called initialize()
Called prefire()
Called fire()
-- Starting thread.
Called initialize()
Called prefire()
Called fire()
Called postfire()
Called prefire()
Called fire()
-- Starting thread.
Called initialize()
Called prefire()
Called fire()
Called postfire()
Called prefire()
Called fire()
Called fire().
Checking for deadlock:
There are 3 Blocked actors, 0 Stopped actors, and 4 active threads.
Waiting for actors to stop.
-- Starting thread.
Called initialize()
Called prefire()
Called fire()
Checking for deadlock:
There are 2 Blocked actors, 0 Stopped actors, and 4 active threads.
Waiting for actors to stop.
Called postfire()
Called prefire()
Called fire()
Checking for deadlock:
There are 3 Blocked actors, 0 Stopped actors, and 4 active threads.
Waiting for actors to stop.
Read input token from inputA with value 0.0
Next port to read input from is inputB
Called postfire()
Called prefire()
Called fire()
Checking for deadlock:
There are 2 Blocked actors, 0 Stopped actors, and 4 active threads.
Waiting for actors to stop.
Called postfire()
Called prefire()
Called fire()
Checking for deadlock:
There are 3 Blocked actors, 0 Stopped actors, and 4 active threads.
Waiting for actors to stop.
Read input token from inputB with value 0.0
Checking for deadlock:
There are 2 Blocked actors, 0 Stopped actors, and 4 active threads.
Waiting for actors to stop.
-- Read input: 0.0, which is expected to match: 0.0
Called prefire()
Called fire()
Checking for deadlock:
There are 3 Blocked actors, 0 Stopped actors, and 4 active threads.
Waiting for actors to stop.
Sent output token with value 0.0
Next port to read input from is inputA
Called postfire()
Called prefire()
Called fire()
Called postfire()
Called prefire()
Called fire()
Checking for deadlock:
There are 3 Blocked actors, 0 Stopped actors, and 4 active threads.
Waiting for actors to stop.
Read input token from inputA with value 1.0
-- Read input: 0.0, which is expected to match: 0.0
Called prefire()
Called fire()
Checking for deadlock:
There are 3 Blocked actors, 0 Stopped actors, and 4 active threads.
Waiting for actors to stop.
Sent output token with value 0.0
Next port to read input from is inputB
Called postfire()
Called prefire()
Called fire()
Checking for deadlock:
There are 2 Blocked actors, 0 Stopped actors, and 4 active threads.
Waiting for actors to stop.
Called postfire()
Called prefire()
Called fire()
Checking for deadlock:
There are 3 Blocked actors, 0 Stopped actors, and 4 active threads.
Waiting for actors to stop.
Read input token from inputB with value 1.5
Checking for deadlock:
There are 2 Blocked actors, 0 Stopped actors, and 4 active threads.
Waiting for actors to stop.
-- Read input: 1.0, which is expected to match: 1.0
Called prefire()
Called fire()
Checking for deadlock:
There are 3 Blocked actors, 0 Stopped actors, and 4 active threads.
Waiting for actors to stop.
Sent output token with value 1.0
Next port to read input from is inputA
Called postfire()
Called prefire()
Called fire()
Called postfire()
Called prefire()
Called fire()
Checking for deadlock:
There are 3 Blocked actors, 0 Stopped actors, and 4 active threads.
Waiting for actors to stop.
Read input token from inputA with value 2.0
-- Read input: 1.5, which is expected to match: 1.5
Called prefire()
Called fire()
Checking for deadlock:
There are 3 Blocked actors, 0 Stopped actors, and 4 active threads.
Waiting for actors to stop.
Sent output token with value 1.5
Next port to read input from is inputB
Called postfire()
Called prefire()
Called fire()
Checking for deadlock:
There are 2 Blocked actors, 0 Stopped actors, and 4 active threads.
Waiting for actors to stop.
Called postfire()
Called prefire()
Called fire()
Checking for deadlock:
There are 3 Blocked actors, 0 Stopped actors, and 4 active threads.
Waiting for actors to stop.
Read input token from inputB with value 3.0
Checking for deadlock:
There are 2 Blocked actors, 0 Stopped actors, and 4 active threads.
Waiting for actors to stop.
-- Read input: 2.0, which is expected to match: 2.0
Called prefire()
Called fire()
Checking for deadlock:
There are 3 Blocked actors, 0 Stopped actors, and 4 active threads.
Waiting for actors to stop.
Sent output token with value 2.0
Next port to read input from is inputA
Called postfire()
Called prefire()
Called fire()
Called postfire()
Called prefire()
Called fire()
Checking for deadlock:
There are 3 Blocked actors, 0 Stopped actors, and 4 active threads.
Waiting for actors to stop.
Read input token from inputA with value 3.0
-- Read input: 3.0, which is expected to match: 3.0
Called prefire()
Called fire()
Checking for deadlock:
There are 3 Blocked actors, 0 Stopped actors, and 4 active threads.
Waiting for actors to stop.
Sent output token with value 3.0
Next port to read input from is inputB
Called postfire()
Called prefire()
Called fire()
Checking for deadlock:
There are 2 Blocked actors, 0 Stopped actors, and 4 active threads.
Waiting for actors to stop.
Called postfire()
Called prefire()
Called fire()
Checking for deadlock:
There are 3 Blocked actors, 0 Stopped actors, and 4 active threads.
Waiting for actors to stop.
Read input token from inputB with value 4.5
Checking for deadlock:
There are 2 Blocked actors, 0 Stopped actors, and 4 active threads.
Waiting for actors to stop.
-- Read input: 3.0, which is expected to match: 3.0
Called prefire()
Called fire()
Checking for deadlock:
There are 3 Blocked actors, 0 Stopped actors, and 4 active threads.
Waiting for actors to stop.
Sent output token with value 3.0
Next port to read input from is inputA
Called postfire()
Called prefire()
Called fire()
Called postfire()
Called prefire()
Called fire()
Checking for deadlock:
There are 3 Blocked actors, 0 Stopped actors, and 4 active threads.
Waiting for actors to stop.
Read input token from inputA with value 4.0
-- Read input: 4.0, which is expected to match: 4.0
Called prefire()
Called fire()
Past the end of training data. Read and discard all inputs.
Checking for deadlock:
There are 3 Blocked actors, 0 Stopped actors, and 4 active threads.
Waiting for actors to stop.
Sent output token with value 4.0
Next port to read input from is inputA
Called postfire()
Called prefire()
Called fire()
Called postfire()
Called prefire()
Called fire()
Checking for deadlock:
There are 3 Blocked actors, 0 Stopped actors, and 4 active threads.
Waiting for actors to stop.
Read input token from inputA with value 5.0
Called prefire()
Called fire()
Past the end of training data. Read and discard all inputs.
Checking for deadlock:
There are 3 Blocked actors, 0 Stopped actors, and 4 active threads.
Waiting for actors to stop.
Sent output token with value 4.5
Next port to read input from is inputB
Called postfire()
Called prefire()
Called fire()
Checking for deadlock:
There are 2 Blocked actors, 0 Stopped actors, and 4 active threads.
Waiting for actors to stop.
Called postfire()
Called prefire()
Called fire()
Checking for deadlock:
There are 3 Blocked actors, 0 Stopped actors, and 4 active threads.
Waiting for actors to stop.
Read input token from inputB with value 6.0
Checking for deadlock:
There are 2 Blocked actors, 0 Stopped actors, and 4 active threads.
Waiting for actors to stop.
Called prefire()
Called fire()
Past the end of training data. Read and discard all inputs.
Checking for deadlock:
There are 3 Blocked actors, 0 Stopped actors, and 4 active threads.
Waiting for actors to stop.
Sent output token with value 5.0
Next port to read input from is inputA
Called postfire()
Called prefire()
Called fire()
Called postfire()
Called prefire()
Called fire()
Checking for deadlock:
There are 3 Blocked actors, 0 Stopped actors, and 4 active threads.
Waiting for actors to stop.
Read input token from inputA with value 6.0
Called prefire()
Called fire()
Past the end of training data. Read and discard all inputs.
Checking for deadlock:
There are 3 Blocked actors, 0 Stopped actors, and 4 active threads.
Waiting for actors to stop.
Sent output token with value 6.0
Next port to read input from is inputB
Called postfire()
Called prefire()
Called fire()
Checking for deadlock:
There are 2 Blocked actors, 0 Stopped actors, and 4 active threads.
Waiting for actors to stop.
Called postfire()
Called prefire()
Called fire()
Checking for deadlock:
There are 3 Blocked actors, 0 Stopped actors, and 4 active threads.
Waiting for actors to stop.
Read input token from inputB with value 7.5
Checking for deadlock:
There are 2 Blocked actors, 0 Stopped actors, and 4 active threads.
Waiting for actors to stop.
Called prefire()
Called fire()
Past the end of training data. Read and discard all inputs.
Checking for deadlock:
There are 3 Blocked actors, 0 Stopped actors, and 4 active threads.
Waiting for actors to stop.
Sent output token with value 6.0
Next port to read input from is inputA
Called postfire()
Called prefire()
Called fire()
Called postfire()
Checking for deadlock:
There are 2 Blocked actors, 0 Stopped actors, and 4 active threads.
Waiting for actors to stop.
Read input token from inputA with value 7.0
Called prefire()
Called fire()
Checking for deadlock:
There are 3 Blocked actors, 0 Stopped actors, and 4 active threads.
Waiting for actors to stop.
Checking for deadlock:
There are 2 Blocked actors, 0 Stopped actors, and 4 active threads.
Waiting for actors to stop.
Called prefire()
Called fire()
Past the end of training data. Read and discard all inputs.
Checking for deadlock:
There are 3 Blocked actors, 0 Stopped actors, and 4 active threads.
Waiting for actors to stop.
Sent output token with value 7.0
Next port to read input from is inputA
Called postfire()
Called prefire()
Called fire()
Checking for deadlock:
There are 2 Blocked actors, 0 Stopped actors, and 4 active threads.
Waiting for actors to stop.
-- Thread wrapup() called.
Called wrapup()
Thread .top.Ramp is exiting.
-- Thread stopped.
Checking for deadlock:
There are 2 Blocked actors, 0 Stopped actors, and 3 active threads.
Waiting for actors to stop.
Read input token from inputA with value 8.0
Checking for deadlock:
There are 1 Blocked actors, 0 Stopped actors, and 3 active threads.
Waiting for actors to stop.
Called prefire()
Called fire()
Past the end of training data. Read and discard all inputs.
Checking for deadlock:
There are 2 Blocked actors, 0 Stopped actors, and 3 active threads.
Waiting for actors to stop.
Sent output token with value 7.5
Next port to read input from is inputB
Called postfire()
Called prefire()
Called fire()
Checking for deadlock:
There are 1 Blocked actors, 0 Stopped actors, and 3 active threads.
Waiting for actors to stop.
Called postfire()
Called prefire()
Called fire()
Checking for deadlock:
There are 2 Blocked actors, 0 Stopped actors, and 3 active threads.
Waiting for actors to stop.
Read input token from inputB with value 9.0
Checking for deadlock:
There are 1 Blocked actors, 0 Stopped actors, and 3 active threads.
Waiting for actors to stop.
Called prefire()
Called fire()
Past the end of training data. Read and discard all inputs.
Checking for deadlock:
There are 2 Blocked actors, 0 Stopped actors, and 3 active threads.
Waiting for actors to stop.
Sent output token with value 8.0
Next port to read input from is inputA
Called postfire()
Called prefire()
Called fire()
Read input token from inputA with value 9.0
Checking for deadlock:
There are 1 Blocked actors, 0 Stopped actors, and 3 active threads.
Waiting for actors to stop.
Called prefire()
Called fire()
Past the end of training data. Read and discard all inputs.
Checking for deadlock:
There are 2 Blocked actors, 0 Stopped actors, and 3 active threads.
Waiting for actors to stop.
Sent output token with value 9.0
Next port to read input from is inputB
Called postfire()
Called prefire()
Called fire()
Checking for deadlock:
There are 1 Blocked actors, 0 Stopped actors, and 3 active threads.
Waiting for actors to stop.
Called postfire()
Called prefire()
Called fire()
Checking for deadlock:
There are 2 Blocked actors, 0 Stopped actors, and 3 active threads.
Waiting for actors to stop.
Read input token from inputB with value 10.5
Checking for deadlock:
There are 1 Blocked actors, 0 Stopped actors, and 3 active threads.
Waiting for actors to stop.
Called prefire()
Called fire()
Past the end of training data. Read and discard all inputs.
Checking for deadlock:
There are 2 Blocked actors, 0 Stopped actors, and 3 active threads.
Waiting for actors to stop.
Sent output token with value 9.0
Next port to read input from is inputA
Called postfire()
Called prefire()
Called fire()
Checking for deadlock:
There are 3 Blocked actors, 0 Stopped actors, and 3 active threads.
Actors have stopped.
Checking for deadlock:
There are 3 Blocked actors, 0 Stopped actors, and 3 active threads.
Deadlock detected.
Resolving Deadlock
Checking for deadlock:
There are 3 Blocked actors, 0 Stopped actors, and 3 active threads.
Artificial Deadlock - increasing queue capacity.
increasing the capacity of receiver ptolemy.actor.TypedIOPort {.top.OrderedMerge.inputB} to 2
Director: Called postfire().
Called postfire().
_stopRequested = false
_stopFireRequested = false
Returning from postfire(): true
Called fire().
Checking for deadlock:
There are 2 Blocked actors, 0 Stopped actors, and 3 active threads.
Waiting for actors to stop.
-- Thread wrapup() called.
Called wrapup()
Thread .top.Ramp2 is exiting.
-- Thread stopped.
Checking for deadlock:
There are 2 Blocked actors, 0 Stopped actors, and 2 active threads.
Actors have stopped.
Checking for deadlock:
There are 2 Blocked actors, 0 Stopped actors, and 2 active threads.
Deadlock detected.
Resolving Deadlock
Checking for deadlock:
There are 2 Blocked actors, 0 Stopped actors, and 2 active threads.
Deadlock detected: no processes blocked on write, but some are blocked on read.
Called postfire().
_stopRequested = false
_stopFireRequested = false
Returning from postfire(): false
Finished deactivating branches.
Called wrapup().
-- Thread wrapup() called.
Called wrapup()
Thread .top.Test is exiting.
-- Thread stopped.
-- Blocked Receiver call threw TerminateProcessException.
-- Thread wrapup() called.
Called wrapup()
Thread .top.OrderedMerge is exiting.
32 ms. Memory: 331264K Free: 238178K (72%)
.top. Preinitializing ...
Invoking preinitialize():  .top.OrderedMerge
Called preinitialize()
Invoking preinitialize():  .top.Ramp
Called preinitialize()
Invoking preinitialize():  .top.Ramp2
Called preinitialize()
Invoking preinitialize():  .top.Test
Called preinitialize()
.top. Finished preinitialize().
Called initialize().
Invoking initialize():  .top.OrderedMerge
Initializing actor: .top.OrderedMerge
Adding a thread: .top.OrderedMerge
Invoking initialize():  .top.Ramp
Initializing actor: .top.Ramp
Adding a thread: .top.Ramp
Invoking initialize():  .top.Ramp2
Initializing actor: .top.Ramp2
Adding a thread: .top.Ramp2
Invoking initialize():  .top.Test
Initializing actor: .top.Test
Adding a thread: .top.Test
-- Thread stopped.
-- Blocked Receiver call threw TerminateProcessException.
-- Starting thread.
Called initialize()
Called prefire()
Called fire()
-- Starting thread.
Called initialize()
-- Starting thread.
Called initialize()
Called prefire()
Called fire()
Called postfire()
Called prefire()
Called fire()
Called fire().
Checking for deadlock:
There are 2 Blocked actors, 0 Stopped actors, and 4 active threads.
Waiting for actors to stop.
-- Starting thread.
Called initialize()
Called prefire()
Called fire()
Checking for deadlock:
There are 1 Blocked actors, 0 Stopped actors, and 4 active threads.
Waiting for actors to stop.
Called postfire()
Called prefire()
Called fire()
Checking for deadlock:
There are 2 Blocked actors, 0 Stopped actors, and 4 active threads.
Waiting for actors to stop.
Read input token from inputA with value 0.0
Next port to read input from is inputB
Called postfire()
Called prefire()
Called fire()
Checking for deadlock:
There are 3 Blocked actors, 0 Stopped actors, and 4 active threads.
Waiting for actors to stop.
Called prefire()
Called fire()
Called postfire()
Called prefire()
Called fire()
Checking for deadlock:
There are 2 Blocked actors, 0 Stopped actors, and 4 active threads.
Waiting for actors to stop.
Called postfire()
Called prefire()
Called fire()
Read input token from inputB with value 0.0
Checking for deadlock:
There are 3 Blocked actors, 0 Stopped actors, and 4 active threads.
Waiting for actors to stop.
Sent output token with value 0.0
-- Read input: 0.0, which is expected to match: 0.0
Called prefire()
Called fire()
Checking for deadlock:
There are 3 Blocked actors, 0 Stopped actors, and 4 active threads.
Waiting for actors to stop.
Next port to read input from is inputA
Called postfire()
Called prefire()
Called fire()
Checking for deadlock:
There are 2 Blocked actors, 0 Stopped actors, and 4 active threads.
Read input token from inputA with value 1.0
Waiting for actors to stop.
Sent output token with value 0.0
-- Read input: 0.0, which is expected to match: 0.0
Checking for deadlock:
There are 1 Blocked actors, 0 Stopped actors, and 4 active threads.
Waiting for actors to stop.
Called postfire()
Called prefire()
Called prefire()
Called fire()
Called fire()
Checking for deadlock:
There are 2 Blocked actors, 0 Stopped actors, and 4 active threads.
Waiting for actors to stop.
Checking for deadlock:
There are 3 Blocked actors, 0 Stopped actors, and 4 active threads.
Waiting for actors to stop.
Next port to read input from is inputB
Called postfire()
Called prefire()
Called fire()
Read input token from inputB with value 1.5
Checking for deadlock:
There are 2 Blocked actors, 0 Stopped actors, and 4 active threads.
Waiting for actors to stop.
Called postfire()
Called prefire()
Called fire()
Sent output token with value 1.0
Next port to read input from is inputA
Called postfire()
Called prefire()
Called fire()
Read input token from inputA with value 2.0
Checking for deadlock:
There are 2 Blocked actors, 0 Stopped actors, and 4 active threads.
Waiting for actors to stop.
Called postfire()
Called prefire()
Called fire()
-- Read input: 1.0, which is expected to match: 1.0
Called prefire()
Called fire()
Checking for deadlock:
There are 3 Blocked actors, 0 Stopped actors, and 4 active threads.
Waiting for actors to stop.
Sent output token with value 1.5
Next port to read input from is inputB
Called postfire()
Called prefire()
Called fire()
Read input token from inputB with value 3.0
Checking for deadlock:
There are 2 Blocked actors, 0 Stopped actors, and 4 active threads.
Waiting for actors to stop.
Called postfire()
Called prefire()
Called fire()
-- Read input: 1.5, which is expected to match: 1.5
Called prefire()
Called fire()
Checking for deadlock:
There are 3 Blocked actors, 0 Stopped actors, and 4 active threads.
Waiting for actors to stop.
Sent output token with value 2.0
Next port to read input from is inputA
Called postfire()
Called prefire()
Called fire()
Read input token from inputA with value 3.0
Checking for deadlock:
There are 2 Blocked actors, 0 Stopped actors, and 4 active threads.
Waiting for actors to stop.
Called postfire()
Called prefire()
Called fire()
-- Read input: 2.0, which is expected to match: 2.0
Called prefire()
Called fire()
Checking for deadlock:
There are 3 Blocked actors, 0 Stopped actors, and 4 active threads.
Waiting for actors to stop.
Sent output token with value 3.0
Next port to read input from is inputB
Called postfire()
Called prefire()
Called fire()
Read input token from inputB with value 4.5
Checking for deadlock:
There are 2 Blocked actors, 0 Stopped actors, and 4 active threads.
Waiting for actors to stop.
-- Read input: 3.0, which is expected to match: 3.0
Called prefire()
Called fire()
Checking for deadlock:
There are 2 Blocked actors, 0 Stopped actors, and 4 active threads.
Waiting for actors to stop.
Called postfire()
Called prefire()
Called fire()
Checking for deadlock:
There are 3 Blocked actors, 0 Stopped actors, and 4 active threads.
Waiting for actors to stop.
Checking for deadlock:
There are 2 Blocked actors, 0 Stopped actors, and 4 active threads.
Waiting for actors to stop.
-- Read input: 3.0, which is expected to match: 3.0
Called prefire()
Called fire()
Sent output token with value 3.0
Next port to read input from is inputA
Called postfire()
Called prefire()
Called fire()
Read input token from inputA with value 4.0
Sent output token with value 4.0
Next port to read input from is inputA
Called postfire()
Called prefire()
Called fire()
Checking for deadlock:
There are 2 Blocked actors, 0 Stopped actors, and 4 active threads.
Waiting for actors to stop.
-- Read input: 4.0, which is expected to match: 4.0
Called prefire()
Called fire()
Past the end of training data. Read and discard all inputs.
Called postfire()
Called prefire()
Called fire()
Checking for deadlock:
There are 3 Blocked actors, 0 Stopped actors, and 4 active threads.
Waiting for actors to stop.
Checking for deadlock:
There are 2 Blocked actors, 0 Stopped actors, and 4 active threads.
Waiting for actors to stop.
Read input token from inputA with value 5.0
Sent output token with value 4.5
Next port to read input from is inputB
Called postfire()
Called prefire()
Called fire()
Read input token from inputB with value 6.0
Checking for deadlock:
There are 1 Blocked actors, 0 Stopped actors, and 4 active threads.
Waiting for actors to stop.
Called postfire()
Called prefire()
Called fire()
Called prefire()
Called fire()
Past the end of training data. Read and discard all inputs.
Checking for deadlock:
Called postfire()
There are 1 Blocked actors, 0 Stopped actors, and 4 active threads.
Waiting for actors to stop.
Called prefire()
Called fire()
Checking for deadlock:
There are 2 Blocked actors, 0 Stopped actors, and 4 active threads.
Sent output token with value 5.0
Waiting for actors to stop.
Called prefire()
Called fire()
Past the end of training data. Read and discard all inputs.
Next port to read input from is inputA
Called postfire()
Checking for deadlock:
Called prefire()
There are 3 Blocked actors, 0 Stopped actors, and 4 active threads.
Called fire()
Waiting for actors to stop.
Checking for deadlock:
Called postfire()
There are 2 Blocked actors, 0 Stopped actors, and 4 active threads.
Called prefire()
Waiting for actors to stop.
Called fire()
Checking for deadlock:
There are 3 Blocked actors, 0 Stopped actors, and 4 active threads.
Waiting for actors to stop.
Read input token from inputA with value 6.0
Checking for deadlock:
There are 2 Blocked actors, 0 Stopped actors, and 4 active threads.
Waiting for actors to stop.
Called prefire()
Called fire()
Past the end of training data. Read and discard all inputs.
Checking for deadlock:
There are 3 Blocked actors, 0 Stopped actors, and 4 active threads.
Waiting for actors to stop.
Sent output token with value 6.0
Next port to read input from is inputB
Called postfire()
Called prefire()
Called fire()
Checking for deadlock:
Called postfire()
There are 2 Blocked actors, 0 Stopped actors, and 4 active threads.
Called prefire()
Waiting for actors to stop.
Called fire()
Read input token from inputB with value 7.5
Checking for deadlock:
There are 3 Blocked actors, 0 Stopped actors, and 4 active threads.
Waiting for actors to stop.
Checking for deadlock:
There are 2 Blocked actors, 0 Stopped actors, and 4 active threads.
Waiting for actors to stop.
Called prefire()
Called fire()
Past the end of training data. Read and discard all inputs.
Checking for deadlock:
There are 3 Blocked actors, 0 Stopped actors, and 4 active threads.
Waiting for actors to stop.
Sent output token with value 6.0
Next port to read input from is inputA
Called postfire()
Called prefire()
Called fire()
Called postfire()
Called prefire()
Read input token from inputA with value 7.0
Called fire()
Checking for deadlock:
There are 2 Blocked actors, 0 Stopped actors, and 4 active threads.
Waiting for actors to stop.
Called prefire()
Called fire()
Past the end of training data. Read and discard all inputs.
Checking for deadlock:
There are 3 Blocked actors, 0 Stopped actors, and 4 active threads.
Waiting for actors to stop.
Sent output token with value 7.0
Next port to read input from is inputA
Called postfire()
Called prefire()
Called fire()
Checking for deadlock:
There are 2 Blocked actors, 0 Stopped actors, and 4 active threads.
Waiting for actors to stop.
-- Thread wrapup() called.
Called wrapup()
Read input token from inputA with value 8.0
Thread .top.Ramp is exiting.
-- Thread stopped.
Called prefire()
Called fire()
Past the end of training data. Read and discard all inputs.
Checking for deadlock:
There are 2 Blocked actors, 0 Stopped actors, and 3 active threads.
Waiting for actors to stop.
Sent output token with value 7.5
Next port to read input from is inputB
Called postfire()
Called prefire()
Called fire()
Checking for deadlock:
There are 1 Blocked actors, 0 Stopped actors, and 3 active threads.
Waiting for actors to stop.
Read input token from inputB with value 9.0
Called postfire()
Called prefire()
Called fire()
Checking for deadlock:
There are 0 Blocked actors, 0 Stopped actors, and 3 active threads.
Waiting for actors to stop.
Called prefire()
Called fire()
Past the end of training data. Read and discard all inputs.
Checking for deadlock:
There are 1 Blocked actors, 0 Stopped actors, and 3 active threads.
Waiting for actors to stop.
Sent output token with value 8.0
Checking for deadlock:
There are 2 Blocked actors, 0 Stopped actors, and 3 active threads.
Waiting for actors to stop.
Next port to read input from is inputA
Called postfire()
Called prefire()
Called fire()
Read input token from inputA with value 9.0
Checking for deadlock:
There are 1 Blocked actors, 0 Stopped actors, and 3 active threads.
Called prefire()
Waiting for actors to stop.
Called fire()
Past the end of training data. Read and discard all inputs.
Checking for deadlock:
There are 2 Blocked actors, 0 Stopped actors, and 3 active threads.
Waiting for actors to stop.
Sent output token with value 9.0
Next port to read input from is inputB
Called postfire()
Called prefire()
Called fire()
Checking for deadlock:
Read input token from inputB with value 10.5
There are 1 Blocked actors, 0 Stopped actors, and 3 active threads.
Waiting for actors to stop.
Checking for deadlock:
There are 0 Blocked actors, 0 Stopped actors, and 3 active threads.
Called prefire()
Waiting for actors to stop.
Called fire()
Called postfire()
Past the end of training data. Read and discard all inputs.
Called prefire()
Called fire()
Checking for deadlock:
There are 1 Blocked actors, 0 Stopped actors, and 3 active threads.
Waiting for actors to stop.
Sent output token with value 9.0
Checking for deadlock:
There are 2 Blocked actors, 0 Stopped actors, and 3 active threads.
Next port to read input from is inputA
Called postfire()
Called prefire()
Called fire()
Waiting for actors to stop.
Checking for deadlock:
There are 3 Blocked actors, 0 Stopped actors, and 3 active threads.
Actors have stopped.
Checking for deadlock:
There are 3 Blocked actors, 0 Stopped actors, and 3 active threads.
Deadlock detected.
Resolving Deadlock
Checking for deadlock:
There are 3 Blocked actors, 0 Stopped actors, and 3 active threads.
Artificial Deadlock - increasing queue capacity.
increasing the capacity of receiver ptolemy.actor.TypedIOPort {.top.OrderedMerge.inputB} to 2
Director: Called postfire().
Called postfire().
_stopRequested = false
_stopFireRequested = false
Returning from postfire(): true
Called fire().
Checking for deadlock:
There are 2 Blocked actors, 0 Stopped actors, and 3 active threads.
Waiting for actors to stop.
-- Thread wrapup() called.
Called wrapup()
Thread .top.Ramp2 is exiting.
-- Thread stopped.
Checking for deadlock:
There are 2 Blocked actors, 0 Stopped actors, and 2 active threads.
Actors have stopped.
Checking for deadlock:
There are 2 Blocked actors, 0 Stopped actors, and 2 active threads.
Deadlock detected.
Resolving Deadlock
Checking for deadlock:
There are 2 Blocked actors, 0 Stopped actors, and 2 active threads.
Deadlock detected: no processes blocked on write, but some are blocked on read.
Called postfire().
_stopRequested = false
_stopFireRequested = false
Returning from postfire(): false
Finished deactivating branches.
Called wrapup().
-- Thread wrapup() called.
Called wrapup()
-- Thread wrapup() called.
Called wrapup()
Thread .top.OrderedMerge is exiting.
-- Thread stopped.
-- Blocked Receiver call threw TerminateProcessException.
Thread .top.Test is exiting.
-- Thread stopped.
-- Blocked Receiver call threw TerminateProcessException.
26 ms. Memory: 331264K Free: 228389K (69%)
/home/travis/build/icyphy/ptII/ptolemy/actor/lib/test/Publisher.tcl
10 ms. Memory: 331264K Free: 223534K (67%)
3 ms. Memory: 331264K Free: 218678K (66%)
2 ms. Memory: 331264K Free: 213815K (65%)
3 ms. Memory: 331264K Free: 213815K (65%)
2 ms. Memory: 331264K Free: 208960K (63%)
3 ms. Memory: 331264K Free: 208960K (63%)
2 ms. Memory: 331264K Free: 208960K (63%)
3 ms. Memory: 331264K Free: 208960K (63%)
1 ms. Memory: 331264K Free: 199250K (60%)
10 ms. Memory: 331264K Free: 194394K (59%)
4 ms. Memory: 331264K Free: 194394K (59%)
1 ms. Memory: 331264K Free: 194394K (59%)
6 ms. Memory: 331264K Free: 184684K (56%)
19 ms. Memory: 331264K Free: 174974K (53%)
7 ms. Memory: 331264K Free: 165263K (50%)
/home/travis/build/icyphy/ptII/ptolemy/actor/lib/test/Pulse.tcl
5 ms. Memory: 331264K Free: 121565K (37%)
11 ms. Memory: 331264K Free: 121565K (37%)
2 ms. Memory: 331264K Free: 121565K (37%)
1 ms. Memory: 331264K Free: 121565K (37%)
13 ms. Memory: 331264K Free: 121565K (37%)
1 ms. Memory: 331264K Free: 121565K (37%)
2 ms. Memory: 331264K Free: 116710K (35%)
2 ms. Memory: 331264K Free: 116710K (35%)
1 ms. Memory: 331264K Free: 116710K (35%)
/home/travis/build/icyphy/ptII/ptolemy/actor/lib/test/Ramp.tcl
6 ms. Memory: 331264K Free: 116710K (35%)
1 ms. Memory: 331264K Free: 116710K (35%)
1 ms. Memory: 331264K Free: 111855K (34%)
2 ms. Memory: 331264K Free: 111855K (34%)
3 ms. Memory: 331264K Free: 111855K (34%)
4 ms. Memory: 331264K Free: 111855K (34%)
5 ms. Memory: 331264K Free: 111855K (34%)
5 actors
5000 microseconds per iteration to create
6 ms. Memory: 331264K Free: 107000K (32%)
2 ms. Memory: 331264K Free: 107000K (32%)
1 ms. Memory: 331264K Free: 107000K (32%)
2 ms. Memory: 331264K Free: 107000K (32%)
50 actors
26000 microseconds per iteration to create
39 ms. Memory: 331264K Free: 92402K (28%)
11 ms. Memory: 331264K Free: 87531K (26%)
5 ms. Memory: 331264K Free: 87531K (26%)
5 ms. Memory: 331264K Free: 87531K (26%)
500 actors
1629000 microseconds per iteration to create
215 ms. Memory: 332288K Free: 152549K (46%)
39 ms. Memory: 332288K Free: 147812K (44%)
38 ms. Memory: 332288K Free: 143074K (43%)
39 ms. Memory: 332288K Free: 138337K (42%)
/home/travis/build/icyphy/ptII/ptolemy/actor/lib/test/RampContinuous.tcl
10 ms. Memory: 332288K Free: 138337K (42%)
/home/travis/build/icyphy/ptII/ptolemy/actor/lib/test/RecordAssembler.tcl
6 ms. Memory: 332288K Free: 133583K (40%)
6 ms. Memory: 332288K Free: 133583K (40%)
/home/travis/build/icyphy/ptII/ptolemy/actor/lib/test/RecordDisassembler.tcl
6 ms. Memory: 332288K Free: 133583K (40%)
5 ms. Memory: 332288K Free: 133583K (40%)
4 ms. Memory: 332288K Free: 128830K (39%)
/home/travis/build/icyphy/ptII/ptolemy/actor/lib/test/Scale.tcl
2 ms. Memory: 332288K Free: 128830K (39%)
1 ms. Memory: 332288K Free: 128830K (39%)
2 ms. Memory: 332288K Free: 128830K (39%)
6 ms. Memory: 332288K Free: 124092K (37%)
2 ms. Memory: 332288K Free: 124092K (37%)
/home/travis/build/icyphy/ptII/ptolemy/actor/lib/test/SequentialClock.tcl
preinitializing
resolving types
initializing
executing number 1
wrapping up
idle
10 ms. Memory: 332288K Free: 124092K (37%)
Completed execution with 5 iterations
preinitializing
resolving types
initializing
executing number 1
wrapping up
idle
3 ms. Memory: 332288K Free: 124092K (37%)
Completed execution with 5 iterations
preinitializing
resolving types
initializing
executing number 1
wrapping up
idle
3 ms. Memory: 332288K Free: 124092K (37%)
Completed execution with 5 iterations
/home/travis/build/icyphy/ptII/ptolemy/actor/lib/test/SetVariable.tcl
6 ms. Memory: 332288K Free: 119355K (36%)
/home/travis/build/icyphy/ptII/ptolemy/actor/lib/test/Sinewave.tcl
/home/travis/build/icyphy/ptII/ptolemy/actor/lib/test/SubscriptionAggregator.tcl
12 ms. Memory: 332288K Free: 109848K (33%)
2 ms. Memory: 332288K Free: 105110K (32%)
0 ms. Memory: 332288K Free: 105110K (32%)
1 ms. Memory: 332288K Free: 105110K (32%)
2 ms. Memory: 332288K Free: 105110K (32%)
12 ms. Memory: 332288K Free: 100373K (30%)
...............................................................916 ms. Memory: 478720K Free: 345226K (72%)
/home/travis/build/icyphy/ptII/ptolemy/actor/lib/test/Test.tcl
 The next command will produce a warning about training mode,
   which may be ignored.
4 ms. Memory: 478720K Free: 345226K (72%)
2 ms. Memory: 478720K Free: 345226K (72%)
1 ms. Memory: 478720K Free: 337526K (71%)
2 ms. Memory: 478720K Free: 337526K (71%)
3 ms. Memory: 478720K Free: 337526K (71%)
3 ms. Memory: 478720K Free: 337526K (71%)
3 ms. Memory: 478720K Free: 337526K (71%)
 The next command will produce a warning about training mode,
   which may be ignored.
3 ms. Memory: 478720K Free: 337526K (71%)
 The next command will produce a warning about training mode,
   which may be ignored.
2 ms. Memory: 478720K Free: 337526K (71%)
1 ms. Memory: 478720K Free: 329842K (69%)
1 ms. Memory: 478720K Free: 329842K (69%)
1 ms. Memory: 478720K Free: 329842K (69%)
2 ms. Memory: 478720K Free: 329842K (69%)
7 ms. Memory: 478720K Free: 329842K (69%)
/home/travis/build/icyphy/ptII/ptolemy/actor/lib/test/TestExceptionHandler.tcl
 The next command will produce a warning about training mode,
   which may be ignored.
2 ms. Memory: 478720K Free: 329842K (69%)
1 ms. Memory: 478720K Free: 322143K (67%)
1 ms. Memory: 478720K Free: 322143K (67%)
/home/travis/build/icyphy/ptII/ptolemy/actor/lib/test/UnionDisassembler.tcl
18 ms. Memory: 478720K Free: 314459K (66%)
/home/travis/build/icyphy/ptII/ptolemy/actor/lib/test/VariableClock.tcl
preinitializing
resolving types
initializing
executing number 1
wrapping up
idle
11 ms. Memory: 478720K Free: 314459K (66%)
Completed execution with 11 iterations
preinitializing
resolving types
initializing
executing number 1
wrapping up
idle
12 ms. Memory: 478720K Free: 314459K (66%)
Completed execution with 10 iterations
02/07/19 03:27:28
Failed: 0  Total Tests: 234  ((Passed: 234, Newly Passed: 0)  Known Failed: 0) /home/travis/build/icyphy/ptII/ptolemy/actor/lib/test
----------------- testing (KnownFailure) /home/travis/build/icyphy/ptII/ptolemy/actor/lib/test/auto/knownFailedTests/PublisherPortToplevelSubscriber.xml
0 ms. Memory: 478720K Free: 306666K (64%)
Known Failure: java.lang.reflect.InvocationTargetException
----------------- testing (KnownFailure) /home/travis/build/icyphy/ptII/ptolemy/actor/lib/test/auto/knownFailedTests/PublisherSubscriberPortToplevel.xml
0 ms. Memory: 478720K Free: 291081K (61%)
Known Failure: java.lang.reflect.InvocationTargetException
----------------- testing (KnownFailure) /home/travis/build/icyphy/ptII/ptolemy/actor/lib/test/auto/knownFailedTests/PublisherSubscriptionAggregatorPort.xml
1 ms. Memory: 478720K Free: 275495K (58%)
Known Failure: java.lang.reflect.InvocationTargetException
----------------- testing (KnownFailure) /home/travis/build/icyphy/ptII/ptolemy/actor/lib/test/auto/knownFailedTests/sizedarray3.xml
3 ms. Memory: 478720K Free: 259910K (54%)
Known Failure: java.lang.reflect.InvocationTargetException
No auto/linux-amd64/*.xml tests in /home/travis/build/icyphy/ptII/ptolemy/actor/lib/test
AutoTests.java: About to close Vertx.
AutoTests.java: Vertx closed.

===========================================================================================
----------------- testing Thu Feb 07 03:27:29 UTC 2019 /home/travis/build/icyphy/ptII/ptolemy/actor/lib/test/auto/AbsoluteValue.xml
----------------- Instantiating /home/travis/build/icyphy/ptII/ptolemy/actor/lib/test/auto/AbsoluteValue.xml
8 ms. Memory: 478720K Free: 193999K (41%)
----------------- Invoking toplevel() on ptolemy.moml.MoMLSimpleApplication@7197f412
----------------- Done invoking toplevel() on ptolemy.moml.MoMLSimpleApplication@7197f412
reloadAllAccessors: .AbsoluteValue

===========================================================================================
----------------- testing Thu Feb 07 03:27:29 UTC 2019 /home/travis/build/icyphy/ptII/ptolemy/actor/lib/test/auto/AbsoluteValue2.xml
----------------- Instantiating /home/travis/build/icyphy/ptII/ptolemy/actor/lib/test/auto/AbsoluteValue2.xml
7 ms. Memory: 478720K Free: 178397K (37%)
----------------- Invoking toplevel() on ptolemy.moml.MoMLSimpleApplication@6b107dc6
----------------- Done invoking toplevel() on ptolemy.moml.MoMLSimpleApplication@6b107dc6
reloadAllAccessors: .AbsoluteValue2

===========================================================================================
----------------- testing Thu Feb 07 03:27:29 UTC 2019 /home/travis/build/icyphy/ptII/ptolemy/actor/lib/test/auto/Accumulator.xml
----------------- Instantiating /home/travis/build/icyphy/ptII/ptolemy/actor/lib/test/auto/Accumulator.xml
6 ms. Memory: 478720K Free: 159009K (33%)
----------------- Invoking toplevel() on ptolemy.moml.MoMLSimpleApplication@3a5702f4
----------------- Done invoking toplevel() on ptolemy.moml.MoMLSimpleApplication@3a5702f4
reloadAllAccessors: .Accumulator

===========================================================================================
----------------- testing Thu Feb 07 03:27:29 UTC 2019 /home/travis/build/icyphy/ptII/ptolemy/actor/lib/test/auto/Accumulator2.xml
----------------- Instantiating /home/travis/build/icyphy/ptII/ptolemy/actor/lib/test/auto/Accumulator2.xml
6 ms. Memory: 478720K Free: 151216K (32%)
----------------- Invoking toplevel() on ptolemy.moml.MoMLSimpleApplication@3ea55899
----------------- Done invoking toplevel() on ptolemy.moml.MoMLSimpleApplication@3ea55899
reloadAllAccessors: .Accumulator2

===========================================================================================
----------------- testing Thu Feb 07 03:27:29 UTC 2019 /home/travis/build/icyphy/ptII/ptolemy/actor/lib/test/auto/Accumulator3.xml
----------------- Instantiating /home/travis/build/icyphy/ptII/ptolemy/actor/lib/test/auto/Accumulator3.xml
3 ms. Memory: 478720K Free: 143423K (30%)
----------------- Invoking toplevel() on ptolemy.moml.MoMLSimpleApplication@6a05d786
----------------- Done invoking toplevel() on ptolemy.moml.MoMLSimpleApplication@6a05d786
reloadAllAccessors: .Accumulator3

===========================================================================================
----------------- testing Thu Feb 07 03:27:29 UTC 2019 /home/travis/build/icyphy/ptII/ptolemy/actor/lib/test/auto/ArrayAppend.xml
----------------- Instantiating /home/travis/build/icyphy/ptII/ptolemy/actor/lib/test/auto/ArrayAppend.xml
7 ms. Memory: 478720K Free: 135631K (28%)
----------------- Invoking toplevel() on ptolemy.moml.MoMLSimpleApplication@4a4fca46
----------------- Done invoking toplevel() on ptolemy.moml.MoMLSimpleApplication@4a4fca46
reloadAllAccessors: .ArrayAppend

===========================================================================================
----------------- testing Thu Feb 07 03:27:29 UTC 2019 /home/travis/build/icyphy/ptII/ptolemy/actor/lib/test/auto/ArrayAppend2.xml
----------------- Instantiating /home/travis/build/icyphy/ptII/ptolemy/actor/lib/test/auto/ArrayAppend2.xml
419 ms. Memory: 711168K Free: 642209K (90%)
----------------- Invoking toplevel() on ptolemy.moml.MoMLSimpleApplication@c230539
----------------- Done invoking toplevel() on ptolemy.moml.MoMLSimpleApplication@c230539
reloadAllAccessors: .ArrayAppend2

===========================================================================================
----------------- testing Thu Feb 07 03:27:29 UTC 2019 /home/travis/build/icyphy/ptII/ptolemy/actor/lib/test/auto/ArrayAppend3.xml
----------------- Instantiating /home/travis/build/icyphy/ptII/ptolemy/actor/lib/test/auto/ArrayAppend3.xml
6 ms. Memory: 711168K Free: 620901K (87%)
----------------- Invoking toplevel() on ptolemy.moml.MoMLSimpleApplication@c6fa65b
----------------- Done invoking toplevel() on ptolemy.moml.MoMLSimpleApplication@c6fa65b
reloadAllAccessors: .ArrayAppend3

===========================================================================================
----------------- testing Thu Feb 07 03:27:29 UTC 2019 /home/travis/build/icyphy/ptII/ptolemy/actor/lib/test/auto/ArrayAppend4.xml
----------------- Instantiating /home/travis/build/icyphy/ptII/ptolemy/actor/lib/test/auto/ArrayAppend4.xml
10 ms. Memory: 711168K Free: 612668K (86%)
----------------- Invoking toplevel() on ptolemy.moml.MoMLSimpleApplication@7cee864b
----------------- Done invoking toplevel() on ptolemy.moml.MoMLSimpleApplication@7cee864b
reloadAllAccessors: .ArrayAppend4

===========================================================================================
----------------- testing Thu Feb 07 03:27:29 UTC 2019 /home/travis/build/icyphy/ptII/ptolemy/actor/lib/test/auto/ArrayAppend5.xml
----------------- Instantiating /home/travis/build/icyphy/ptII/ptolemy/actor/lib/test/auto/ArrayAppend5.xml
7 ms. Memory: 711168K Free: 604435K (85%)
----------------- Invoking toplevel() on ptolemy.moml.MoMLSimpleApplication@418ea062
----------------- Done invoking toplevel() on ptolemy.moml.MoMLSimpleApplication@418ea062
reloadAllAccessors: .ArrayAppend5

===========================================================================================
----------------- testing Thu Feb 07 03:27:29 UTC 2019 /home/travis/build/icyphy/ptII/ptolemy/actor/lib/test/auto/ArrayAppend6.xml
----------------- Instantiating /home/travis/build/icyphy/ptII/ptolemy/actor/lib/test/auto/ArrayAppend6.xml
4 ms. Memory: 711168K Free: 596202K (84%)
----------------- Invoking toplevel() on ptolemy.moml.MoMLSimpleApplication@6bbe8a87
----------------- Done invoking toplevel() on ptolemy.moml.MoMLSimpleApplication@6bbe8a87
reloadAllAccessors: .ArrayAppend6

===========================================================================================
----------------- testing Thu Feb 07 03:27:29 UTC 2019 /home/travis/build/icyphy/ptII/ptolemy/actor/lib/test/auto/ArrayAppendPerformanceTest.xml
----------------- Instantiating /home/travis/build/icyphy/ptII/ptolemy/actor/lib/test/auto/ArrayAppendPerformanceTest.xml
21 ms. Memory: 711168K Free: 569921K (80%)
----------------- Invoking toplevel() on ptolemy.moml.MoMLSimpleApplication@587be3f3
----------------- Done invoking toplevel() on ptolemy.moml.MoMLSimpleApplication@587be3f3
reloadAllAccessors: .ArrayAppendPerformanceTest

===========================================================================================
----------------- testing Thu Feb 07 03:27:30 UTC 2019 /home/travis/build/icyphy/ptII/ptolemy/actor/lib/test/auto/ArrayAppendWithEmptyInput.xml
----------------- Instantiating /home/travis/build/icyphy/ptII/ptolemy/actor/lib/test/auto/ArrayAppendWithEmptyInput.xml
21 ms. Memory: 711168K Free: 557564K (78%)
----------------- Invoking toplevel() on ptolemy.moml.MoMLSimpleApplication@19d6c78
----------------- Done invoking toplevel() on ptolemy.moml.MoMLSimpleApplication@19d6c78
reloadAllAccessors: .ArrayAppendWithEmptyInput

===========================================================================================
----------------- testing Thu Feb 07 03:27:30 UTC 2019 /home/travis/build/icyphy/ptII/ptolemy/actor/lib/test/auto/ArrayAverage.xml
----------------- Instantiating /home/travis/build/icyphy/ptII/ptolemy/actor/lib/test/auto/ArrayAverage.xml
4 ms. Memory: 711168K Free: 545198K (77%)
----------------- Invoking toplevel() on ptolemy.moml.MoMLSimpleApplication@42acdced
----------------- Done invoking toplevel() on ptolemy.moml.MoMLSimpleApplication@42acdced
reloadAllAccessors: .ArrayAverage

===========================================================================================
----------------- testing Thu Feb 07 03:27:30 UTC 2019 /home/travis/build/icyphy/ptII/ptolemy/actor/lib/test/auto/ArrayContains.xml
----------------- Instantiating /home/travis/build/icyphy/ptII/ptolemy/actor/lib/test/auto/ArrayContains.xml
8 ms. Memory: 711168K Free: 536965K (76%)
----------------- Invoking toplevel() on ptolemy.moml.MoMLSimpleApplication@1c9d804c
----------------- Done invoking toplevel() on ptolemy.moml.MoMLSimpleApplication@1c9d804c
reloadAllAccessors: .ArrayContains

===========================================================================================
----------------- testing Thu Feb 07 03:27:30 UTC 2019 /home/travis/build/icyphy/ptII/ptolemy/actor/lib/test/auto/ArrayElement.xml
----------------- Instantiating /home/travis/build/icyphy/ptII/ptolemy/actor/lib/test/auto/ArrayElement.xml
7 ms. Memory: 711168K Free: 518942K (73%)
----------------- Invoking toplevel() on ptolemy.moml.MoMLSimpleApplication@7349d6fc
----------------- Done invoking toplevel() on ptolemy.moml.MoMLSimpleApplication@7349d6fc
reloadAllAccessors: .ArrayElement

===========================================================================================
----------------- testing Thu Feb 07 03:27:30 UTC 2019 /home/travis/build/icyphy/ptII/ptolemy/actor/lib/test/auto/ArrayElementAsMatrix.xml
----------------- Instantiating /home/travis/build/icyphy/ptII/ptolemy/actor/lib/test/auto/ArrayElementAsMatrix.xml
20 ms. Memory: 711168K Free: 506576K (71%)
----------------- Invoking toplevel() on ptolemy.moml.MoMLSimpleApplication@512ec864
----------------- Done invoking toplevel() on ptolemy.moml.MoMLSimpleApplication@512ec864
reloadAllAccessors: .ArrayElementAsMatrix

===========================================================================================
----------------- testing Thu Feb 07 03:27:30 UTC 2019 /home/travis/build/icyphy/ptII/ptolemy/actor/lib/test/auto/ArrayElementI.xml
----------------- Instantiating /home/travis/build/icyphy/ptII/ptolemy/actor/lib/test/auto/ArrayElementI.xml
3 ms. Memory: 711168K Free: 498343K (70%)
----------------- Invoking toplevel() on ptolemy.moml.MoMLSimpleApplication@10c6a7fa
----------------- Done invoking toplevel() on ptolemy.moml.MoMLSimpleApplication@10c6a7fa
reloadAllAccessors: .ArrayElementI

===========================================================================================
----------------- testing Thu Feb 07 03:27:30 UTC 2019 /home/travis/build/icyphy/ptII/ptolemy/actor/lib/test/auto/ArrayExtract.xml
----------------- Instantiating /home/travis/build/icyphy/ptII/ptolemy/actor/lib/test/auto/ArrayExtract.xml
6 ms. Memory: 711168K Free: 485978K (68%)
----------------- Invoking toplevel() on ptolemy.moml.MoMLSimpleApplication@1fb8c78d
----------------- Done invoking toplevel() on ptolemy.moml.MoMLSimpleApplication@1fb8c78d
reloadAllAccessors: .ArrayExtract

===========================================================================================
----------------- testing Thu Feb 07 03:27:30 UTC 2019 /home/travis/build/icyphy/ptII/ptolemy/actor/lib/test/auto/ArrayExtract2.xml
----------------- Instantiating /home/travis/build/icyphy/ptII/ptolemy/actor/lib/test/auto/ArrayExtract2.xml
2 ms. Memory: 711168K Free: 477745K (67%)
----------------- Invoking toplevel() on ptolemy.moml.MoMLSimpleApplication@1d457600
----------------- Done invoking toplevel() on ptolemy.moml.MoMLSimpleApplication@1d457600
reloadAllAccessors: .ArrayExtract2

===========================================================================================
----------------- testing Thu Feb 07 03:27:30 UTC 2019 /home/travis/build/icyphy/ptII/ptolemy/actor/lib/test/auto/ArrayLength.xml
----------------- Instantiating /home/travis/build/icyphy/ptII/ptolemy/actor/lib/test/auto/ArrayLength.xml
3 ms. Memory: 711168K Free: 459721K (65%)
----------------- Invoking toplevel() on ptolemy.moml.MoMLSimpleApplication@29392e7a
----------------- Done invoking toplevel() on ptolemy.moml.MoMLSimpleApplication@29392e7a
reloadAllAccessors: .ArrayLength

===========================================================================================
----------------- testing Thu Feb 07 03:27:30 UTC 2019 /home/travis/build/icyphy/ptII/ptolemy/actor/lib/test/auto/ArrayLevelCrossing.xml
----------------- Instantiating /home/travis/build/icyphy/ptII/ptolemy/actor/lib/test/auto/ArrayLevelCrossing.xml
3 ms. Memory: 711168K Free: 447356K (63%)
----------------- Invoking toplevel() on ptolemy.moml.MoMLSimpleApplication@7ac4ce94
----------------- Done invoking toplevel() on ptolemy.moml.MoMLSimpleApplication@7ac4ce94
reloadAllAccessors: .ArrayLevelCrossing

===========================================================================================
----------------- testing Thu Feb 07 03:27:30 UTC 2019 /home/travis/build/icyphy/ptII/ptolemy/actor/lib/test/auto/ArrayLevelCrossing2.xml
----------------- Instantiating /home/travis/build/icyphy/ptII/ptolemy/actor/lib/test/auto/ArrayLevelCrossing2.xml
5 ms. Memory: 711168K Free: 434990K (61%)
----------------- Invoking toplevel() on ptolemy.moml.MoMLSimpleApplication@7995f8b
----------------- Done invoking toplevel() on ptolemy.moml.MoMLSimpleApplication@7995f8b
reloadAllAccessors: .ArrayLevelCrossing2

===========================================================================================
----------------- testing Thu Feb 07 03:27:30 UTC 2019 /home/travis/build/icyphy/ptII/ptolemy/actor/lib/test/auto/ArrayPeakSearch.xml
----------------- Instantiating /home/travis/build/icyphy/ptII/ptolemy/actor/lib/test/auto/ArrayPeakSearch.xml
5 ms. Memory: 711168K Free: 422625K (59%)
----------------- Invoking toplevel() on ptolemy.moml.MoMLSimpleApplication@c38fdc7
----------------- Done invoking toplevel() on ptolemy.moml.MoMLSimpleApplication@c38fdc7
reloadAllAccessors: .ArrayPeakSearch

===========================================================================================
----------------- testing Thu Feb 07 03:27:30 UTC 2019 /home/travis/build/icyphy/ptII/ptolemy/actor/lib/test/auto/ArrayPeakSearch2.xml
----------------- Instantiating /home/travis/build/icyphy/ptII/ptolemy/actor/lib/test/auto/ArrayPeakSearch2.xml
5 ms. Memory: 711168K Free: 400484K (56%)
----------------- Invoking toplevel() on ptolemy.moml.MoMLSimpleApplication@343a3ef8
----------------- Done invoking toplevel() on ptolemy.moml.MoMLSimpleApplication@343a3ef8
reloadAllAccessors: .ArrayPeakSearch2

===========================================================================================
----------------- testing Thu Feb 07 03:27:30 UTC 2019 /home/travis/build/icyphy/ptII/ptolemy/actor/lib/test/auto/ArrayPeakSearch3.xml
----------------- Instantiating /home/travis/build/icyphy/ptII/ptolemy/actor/lib/test/auto/ArrayPeakSearch3.xml
3 ms. Memory: 711168K Free: 388118K (55%)
----------------- Invoking toplevel() on ptolemy.moml.MoMLSimpleApplication@788f5e84
----------------- Done invoking toplevel() on ptolemy.moml.MoMLSimpleApplication@788f5e84
reloadAllAccessors: .ArrayPeakSearch3

===========================================================================================
----------------- testing Thu Feb 07 03:27:30 UTC 2019 /home/travis/build/icyphy/ptII/ptolemy/actor/lib/test/auto/ArrayRemoveElement.xml
----------------- Instantiating /home/travis/build/icyphy/ptII/ptolemy/actor/lib/test/auto/ArrayRemoveElement.xml
3 ms. Memory: 711168K Free: 375753K (53%)
----------------- Invoking toplevel() on ptolemy.moml.MoMLSimpleApplication@5519dc01
----------------- Done invoking toplevel() on ptolemy.moml.MoMLSimpleApplication@5519dc01
reloadAllAccessors: .ArrayRemoveElement

===========================================================================================
----------------- testing Thu Feb 07 03:27:30 UTC 2019 /home/travis/build/icyphy/ptII/ptolemy/actor/lib/test/auto/ArraySort.xml
----------------- Instantiating /home/travis/build/icyphy/ptII/ptolemy/actor/lib/test/auto/ArraySort.xml
3 ms. Memory: 711168K Free: 363387K (51%)
----------------- Invoking toplevel() on ptolemy.moml.MoMLSimpleApplication@77f918a7
----------------- Done invoking toplevel() on ptolemy.moml.MoMLSimpleApplication@77f918a7
reloadAllAccessors: .ArraySort

===========================================================================================
----------------- testing Thu Feb 07 03:27:30 UTC 2019 /home/travis/build/icyphy/ptII/ptolemy/actor/lib/test/auto/ArraySum.xml
----------------- Instantiating /home/travis/build/icyphy/ptII/ptolemy/actor/lib/test/auto/ArraySum.xml
1 ms. Memory: 711168K Free: 355154K (50%)
----------------- Invoking toplevel() on ptolemy.moml.MoMLSimpleApplication@2df40854
----------------- Done invoking toplevel() on ptolemy.moml.MoMLSimpleApplication@2df40854
reloadAllAccessors: .ArraySum

===========================================================================================
----------------- testing Thu Feb 07 03:27:30 UTC 2019 /home/travis/build/icyphy/ptII/ptolemy/actor/lib/test/auto/ArrayToElements.xml
----------------- Instantiating /home/travis/build/icyphy/ptII/ptolemy/actor/lib/test/auto/ArrayToElements.xml
3 ms. Memory: 711168K Free: 337131K (47%)
----------------- Invoking toplevel() on ptolemy.moml.MoMLSimpleApplication@32899f51
----------------- Done invoking toplevel() on ptolemy.moml.MoMLSimpleApplication@32899f51
reloadAllAccessors: .ArrayToElements

===========================================================================================
----------------- testing Thu Feb 07 03:27:30 UTC 2019 /home/travis/build/icyphy/ptII/ptolemy/actor/lib/test/auto/ArrayToMatrix.xml
----------------- Instantiating /home/travis/build/icyphy/ptII/ptolemy/actor/lib/test/auto/ArrayToMatrix.xml
8 ms. Memory: 711168K Free: 316516K (45%)
----------------- Invoking toplevel() on ptolemy.moml.MoMLSimpleApplication@acc0e54
----------------- Done invoking toplevel() on ptolemy.moml.MoMLSimpleApplication@acc0e54
reloadAllAccessors: .ArrayToMatrix

===========================================================================================
----------------- testing Thu Feb 07 03:27:30 UTC 2019 /home/travis/build/icyphy/ptII/ptolemy/actor/lib/test/auto/ArrayUpdate1.xml
----------------- Instantiating /home/travis/build/icyphy/ptII/ptolemy/actor/lib/test/auto/ArrayUpdate1.xml
4 ms. Memory: 711168K Free: 308283K (43%)
----------------- Invoking toplevel() on ptolemy.moml.MoMLSimpleApplication@33c20e02
----------------- Done invoking toplevel() on ptolemy.moml.MoMLSimpleApplication@33c20e02
reloadAllAccessors: .ArrayUpdate1

===========================================================================================
----------------- testing Thu Feb 07 03:27:30 UTC 2019 /home/travis/build/icyphy/ptII/ptolemy/actor/lib/test/auto/ArrayUpdate2.xml
----------------- Instantiating /home/travis/build/icyphy/ptII/ptolemy/actor/lib/test/auto/ArrayUpdate2.xml
3 ms. Memory: 711168K Free: 300050K (42%)
----------------- Invoking toplevel() on ptolemy.moml.MoMLSimpleApplication@15e04d78
----------------- Done invoking toplevel() on ptolemy.moml.MoMLSimpleApplication@15e04d78
reloadAllAccessors: .ArrayUpdate2

===========================================================================================
----------------- testing Thu Feb 07 03:27:30 UTC 2019 /home/travis/build/icyphy/ptII/ptolemy/actor/lib/test/auto/ArrayUpdate3.xml
----------------- Instantiating /home/travis/build/icyphy/ptII/ptolemy/actor/lib/test/auto/ArrayUpdate3.xml
6 ms. Memory: 711168K Free: 282027K (40%)
----------------- Invoking toplevel() on ptolemy.moml.MoMLSimpleApplication@2aa4dc5b
----------------- Done invoking toplevel() on ptolemy.moml.MoMLSimpleApplication@2aa4dc5b
reloadAllAccessors: .ArrayUpdate3

===========================================================================================
----------------- testing Thu Feb 07 03:27:30 UTC 2019 /home/travis/build/icyphy/ptII/ptolemy/actor/lib/test/auto/Assert1.xml
----------------- Instantiating /home/travis/build/icyphy/ptII/ptolemy/actor/lib/test/auto/Assert1.xml
2 ms. Memory: 711168K Free: 273794K (38%)
----------------- Invoking toplevel() on ptolemy.moml.MoMLSimpleApplication@604dd23b
----------------- Done invoking toplevel() on ptolemy.moml.MoMLSimpleApplication@604dd23b
reloadAllAccessors: .Assert1

===========================================================================================
----------------- testing Thu Feb 07 03:27:30 UTC 2019 /home/travis/build/icyphy/ptII/ptolemy/actor/lib/test/auto/Assert2.xml
----------------- Instantiating /home/travis/build/icyphy/ptII/ptolemy/actor/lib/test/auto/Assert2.xml
6 ms. Memory: 711168K Free: 265561K (37%)
----------------- Invoking toplevel() on ptolemy.moml.MoMLSimpleApplication@46a5ca86
----------------- Done invoking toplevel() on ptolemy.moml.MoMLSimpleApplication@46a5ca86
reloadAllAccessors: .Assert2

===========================================================================================
----------------- testing Thu Feb 07 03:27:30 UTC 2019 /home/travis/build/icyphy/ptII/ptolemy/actor/lib/test/auto/BooleanMultiplexor.xml
----------------- Instantiating /home/travis/build/icyphy/ptII/ptolemy/actor/lib/test/auto/BooleanMultiplexor.xml
2 ms. Memory: 711168K Free: 257328K (36%)
----------------- Invoking toplevel() on ptolemy.moml.MoMLSimpleApplication@6a6d8467
----------------- Done invoking toplevel() on ptolemy.moml.MoMLSimpleApplication@6a6d8467
reloadAllAccessors: .BooleanMultiplexor

===========================================================================================
----------------- testing Thu Feb 07 03:27:31 UTC 2019 /home/travis/build/icyphy/ptII/ptolemy/actor/lib/test/auto/BooleanMultiplexor2.xml
----------------- Instantiating /home/travis/build/icyphy/ptII/ptolemy/actor/lib/test/auto/BooleanMultiplexor2.xml
3 ms. Memory: 711168K Free: 244970K (34%)
----------------- Invoking toplevel() on ptolemy.moml.MoMLSimpleApplication@730d23c8
----------------- Done invoking toplevel() on ptolemy.moml.MoMLSimpleApplication@730d23c8
reloadAllAccessors: .BooleanMultiplexor2

===========================================================================================
----------------- testing Thu Feb 07 03:27:31 UTC 2019 /home/travis/build/icyphy/ptII/ptolemy/actor/lib/test/auto/BooleanMultiplexor3.xml
----------------- Instantiating /home/travis/build/icyphy/ptII/ptolemy/actor/lib/test/auto/BooleanMultiplexor3.xml
2 ms. Memory: 711168K Free: 226947K (32%)
----------------- Invoking toplevel() on ptolemy.moml.MoMLSimpleApplication@2357afa0
----------------- Done invoking toplevel() on ptolemy.moml.MoMLSimpleApplication@2357afa0
reloadAllAccessors: .BooleanMultiplexor3

===========================================================================================
----------------- testing Thu Feb 07 03:27:31 UTC 2019 /home/travis/build/icyphy/ptII/ptolemy/actor/lib/test/auto/BooleanSelect.xml
----------------- Instantiating /home/travis/build/icyphy/ptII/ptolemy/actor/lib/test/auto/BooleanSelect.xml
2 ms. Memory: 711168K Free: 218714K (31%)
----------------- Invoking toplevel() on ptolemy.moml.MoMLSimpleApplication@4df7e968
----------------- Done invoking toplevel() on ptolemy.moml.MoMLSimpleApplication@4df7e968
reloadAllAccessors: .BooleanSelect

===========================================================================================
----------------- testing Thu Feb 07 03:27:31 UTC 2019 /home/travis/build/icyphy/ptII/ptolemy/actor/lib/test/auto/BooleanSelect2.xml
----------------- Instantiating /home/travis/build/icyphy/ptII/ptolemy/actor/lib/test/auto/BooleanSelect2.xml
2 ms. Memory: 711168K Free: 210481K (30%)
----------------- Invoking toplevel() on ptolemy.moml.MoMLSimpleApplication@176b2b2c
----------------- Done invoking toplevel() on ptolemy.moml.MoMLSimpleApplication@176b2b2c
reloadAllAccessors: .BooleanSelect2

===========================================================================================
----------------- testing Thu Feb 07 03:27:31 UTC 2019 /home/travis/build/icyphy/ptII/ptolemy/actor/lib/test/auto/BooleanSwitch.xml
----------------- Instantiating /home/travis/build/icyphy/ptII/ptolemy/actor/lib/test/auto/BooleanSwitch.xml
2 ms. Memory: 711168K Free: 202248K (28%)
----------------- Invoking toplevel() on ptolemy.moml.MoMLSimpleApplication@51915986
----------------- Done invoking toplevel() on ptolemy.moml.MoMLSimpleApplication@51915986
reloadAllAccessors: .BooleanSwitch

===========================================================================================
----------------- testing Thu Feb 07 03:27:31 UTC 2019 /home/travis/build/icyphy/ptII/ptolemy/actor/lib/test/auto/BooleanSwitch2.xml
----------------- Instantiating /home/travis/build/icyphy/ptII/ptolemy/actor/lib/test/auto/BooleanSwitch2.xml
2 ms. Memory: 711168K Free: 184224K (26%)
----------------- Invoking toplevel() on ptolemy.moml.MoMLSimpleApplication@371c3d1a
----------------- Done invoking toplevel() on ptolemy.moml.MoMLSimpleApplication@371c3d1a
reloadAllAccessors: .BooleanSwitch2

===========================================================================================
----------------- testing Thu Feb 07 03:27:31 UTC 2019 /home/travis/build/icyphy/ptII/ptolemy/actor/lib/test/auto/BooleanSwitchCloningBugWithClassRelationGroup.xml
----------------- Instantiating /home/travis/build/icyphy/ptII/ptolemy/actor/lib/test/auto/BooleanSwitchCloningBugWithClassRelationGroup.xml
3 ms. Memory: 711168K Free: 171875K (24%)
----------------- Invoking toplevel() on ptolemy.moml.MoMLSimpleApplication@1606766
----------------- Done invoking toplevel() on ptolemy.moml.MoMLSimpleApplication@1606766
reloadAllAccessors: .BooleanSwitchCloningBugWithClassRelationGroup

===========================================================================================
----------------- testing Thu Feb 07 03:27:31 UTC 2019 /home/travis/build/icyphy/ptII/ptolemy/actor/lib/test/auto/BusActors.xml
----------------- Instantiating /home/travis/build/icyphy/ptII/ptolemy/actor/lib/test/auto/BusActors.xml
3 ms. Memory: 711168K Free: 159509K (22%)
----------------- Invoking toplevel() on ptolemy.moml.MoMLSimpleApplication@1f315ba9
----------------- Done invoking toplevel() on ptolemy.moml.MoMLSimpleApplication@1f315ba9
reloadAllAccessors: .BusActors

===========================================================================================
----------------- testing Thu Feb 07 03:27:31 UTC 2019 /home/travis/build/icyphy/ptII/ptolemy/actor/lib/test/auto/ClassWrapper.xml
----------------- Instantiating /home/travis/build/icyphy/ptII/ptolemy/actor/lib/test/auto/ClassWrapper.xml
2 ms. Memory: 711168K Free: 151276K (21%)
----------------- Invoking toplevel() on ptolemy.moml.MoMLSimpleApplication@7f06a78
----------------- Done invoking toplevel() on ptolemy.moml.MoMLSimpleApplication@7f06a78
reloadAllAccessors: .ClassWrapper

===========================================================================================
----------------- testing Thu Feb 07 03:27:31 UTC 2019 /home/travis/build/icyphy/ptII/ptolemy/actor/lib/test/auto/Clock.xml
----------------- Instantiating /home/travis/build/icyphy/ptII/ptolemy/actor/lib/test/auto/Clock.xml
1 ms. Memory: 711168K Free: 133253K (19%)
----------------- Invoking toplevel() on ptolemy.moml.MoMLSimpleApplication@1c74c0d0
----------------- Done invoking toplevel() on ptolemy.moml.MoMLSimpleApplication@1c74c0d0
reloadAllAccessors: .Clock

===========================================================================================
----------------- testing Thu Feb 07 03:27:31 UTC 2019 /home/travis/build/icyphy/ptII/ptolemy/actor/lib/test/auto/Clock10.xml
----------------- Instantiating /home/travis/build/icyphy/ptII/ptolemy/actor/lib/test/auto/Clock10.xml
2 ms. Memory: 711168K Free: 125020K (18%)
----------------- Invoking toplevel() on ptolemy.moml.MoMLSimpleApplication@5c96c572
----------------- Done invoking toplevel() on ptolemy.moml.MoMLSimpleApplication@5c96c572
reloadAllAccessors: .Clock10

===========================================================================================
----------------- testing Thu Feb 07 03:27:31 UTC 2019 /home/travis/build/icyphy/ptII/ptolemy/actor/lib/test/auto/Clock11.xml
----------------- Instantiating /home/travis/build/icyphy/ptII/ptolemy/actor/lib/test/auto/Clock11.xml
3 ms. Memory: 711168K Free: 116787K (16%)
----------------- Invoking toplevel() on ptolemy.moml.MoMLSimpleApplication@62022235
----------------- Done invoking toplevel() on ptolemy.moml.MoMLSimpleApplication@62022235
reloadAllAccessors: .Clock11

===========================================================================================
----------------- testing Thu Feb 07 03:27:31 UTC 2019 /home/travis/build/icyphy/ptII/ptolemy/actor/lib/test/auto/Clock12.xml
----------------- Instantiating /home/travis/build/icyphy/ptII/ptolemy/actor/lib/test/auto/Clock12.xml
3 ms. Memory: 711168K Free: 108554K (15%)
----------------- Invoking toplevel() on ptolemy.moml.MoMLSimpleApplication@4585f8d1
----------------- Done invoking toplevel() on ptolemy.moml.MoMLSimpleApplication@4585f8d1
reloadAllAccessors: .Clock12

===========================================================================================
----------------- testing Thu Feb 07 03:27:31 UTC 2019 /home/travis/build/icyphy/ptII/ptolemy/actor/lib/test/auto/Clock13.xml
----------------- Instantiating /home/travis/build/icyphy/ptII/ptolemy/actor/lib/test/auto/Clock13.xml
7 ms. Memory: 711168K Free: 100321K (14%)
----------------- Invoking toplevel() on ptolemy.moml.MoMLSimpleApplication@36257e3a
----------------- Done invoking toplevel() on ptolemy.moml.MoMLSimpleApplication@36257e3a
reloadAllAccessors: .Clock13

===========================================================================================
----------------- testing Thu Feb 07 03:27:31 UTC 2019 /home/travis/build/icyphy/ptII/ptolemy/actor/lib/test/auto/Clock14.xml
----------------- Instantiating /home/travis/build/icyphy/ptII/ptolemy/actor/lib/test/auto/Clock14.xml
7 ms. Memory: 711168K Free: 82297K (12%)
----------------- Invoking toplevel() on ptolemy.moml.MoMLSimpleApplication@21266323
----------------- Done invoking toplevel() on ptolemy.moml.MoMLSimpleApplication@21266323
reloadAllAccessors: .Clock14

===========================================================================================
----------------- testing Thu Feb 07 03:27:31 UTC 2019 /home/travis/build/icyphy/ptII/ptolemy/actor/lib/test/auto/Clock15.xml
----------------- Instantiating /home/travis/build/icyphy/ptII/ptolemy/actor/lib/test/auto/Clock15.xml
6 ms. Memory: 711168K Free: 74064K (10%)
----------------- Invoking toplevel() on ptolemy.moml.MoMLSimpleApplication@6015bcbc
----------------- Done invoking toplevel() on ptolemy.moml.MoMLSimpleApplication@6015bcbc
reloadAllAccessors: .Clock15

===========================================================================================
----------------- testing Thu Feb 07 03:27:31 UTC 2019 /home/travis/build/icyphy/ptII/ptolemy/actor/lib/test/auto/Clock16.xml
----------------- Instantiating /home/travis/build/icyphy/ptII/ptolemy/actor/lib/test/auto/Clock16.xml
23 ms. Memory: 711168K Free: 57590K (8%)
----------------- Invoking toplevel() on ptolemy.moml.MoMLSimpleApplication@6a28c392
----------------- Done invoking toplevel() on ptolemy.moml.MoMLSimpleApplication@6a28c392
reloadAllAccessors: .Clock16

===========================================================================================
----------------- testing Thu Feb 07 03:27:31 UTC 2019 /home/travis/build/icyphy/ptII/ptolemy/actor/lib/test/auto/Clock17.xml
----------------- Instantiating /home/travis/build/icyphy/ptII/ptolemy/actor/lib/test/auto/Clock17.xml
15 ms. Memory: 717312K Free: 665596K (93%)
----------------- Invoking toplevel() on ptolemy.moml.MoMLSimpleApplication@3b3998c9
----------------- Done invoking toplevel() on ptolemy.moml.MoMLSimpleApplication@3b3998c9
reloadAllAccessors: .Clock17

===========================================================================================
----------------- testing Thu Feb 07 03:27:31 UTC 2019 /home/travis/build/icyphy/ptII/ptolemy/actor/lib/test/auto/Clock18.xml
----------------- Instantiating /home/travis/build/icyphy/ptII/ptolemy/actor/lib/test/auto/Clock18.xml
14 ms. Memory: 717312K Free: 637895K (89%)
----------------- Invoking toplevel() on ptolemy.moml.MoMLSimpleApplication@a905305
----------------- Done invoking toplevel() on ptolemy.moml.MoMLSimpleApplication@a905305
reloadAllAccessors: .Clock18

===========================================================================================
----------------- testing Thu Feb 07 03:27:31 UTC 2019 /home/travis/build/icyphy/ptII/ptolemy/actor/lib/test/auto/Clock19.xml
----------------- Instantiating /home/travis/build/icyphy/ptII/ptolemy/actor/lib/test/auto/Clock19.xml
8 ms. Memory: 717312K Free: 621397K (87%)
----------------- Invoking toplevel() on ptolemy.moml.MoMLSimpleApplication@36e5cda5
----------------- Done invoking toplevel() on ptolemy.moml.MoMLSimpleApplication@36e5cda5
reloadAllAccessors: .Clock19

===========================================================================================
----------------- testing Thu Feb 07 03:27:31 UTC 2019 /home/travis/build/icyphy/ptII/ptolemy/actor/lib/test/auto/Clock2.xml
----------------- Instantiating /home/travis/build/icyphy/ptII/ptolemy/actor/lib/test/auto/Clock2.xml
1 ms. Memory: 717312K Free: 613164K (85%)
----------------- Invoking toplevel() on ptolemy.moml.MoMLSimpleApplication@72561310
----------------- Done invoking toplevel() on ptolemy.moml.MoMLSimpleApplication@72561310
reloadAllAccessors: .Clock2

===========================================================================================
----------------- testing Thu Feb 07 03:27:31 UTC 2019 /home/travis/build/icyphy/ptII/ptolemy/actor/lib/test/auto/Clock20.xml
----------------- Instantiating /home/travis/build/icyphy/ptII/ptolemy/actor/lib/test/auto/Clock20.xml
9 ms. Memory: 717312K Free: 597871K (83%)
----------------- Invoking toplevel() on ptolemy.moml.MoMLSimpleApplication@22f19e08
----------------- Done invoking toplevel() on ptolemy.moml.MoMLSimpleApplication@22f19e08
reloadAllAccessors: .Clock20

===========================================================================================
----------------- testing Thu Feb 07 03:27:31 UTC 2019 /home/travis/build/icyphy/ptII/ptolemy/actor/lib/test/auto/Clock21.xml
----------------- Instantiating /home/travis/build/icyphy/ptII/ptolemy/actor/lib/test/auto/Clock21.xml
3 ms. Memory: 717312K Free: 589638K (82%)
----------------- Invoking toplevel() on ptolemy.moml.MoMLSimpleApplication@530e350
----------------- Done invoking toplevel() on ptolemy.moml.MoMLSimpleApplication@530e350
reloadAllAccessors: .Clock21

===========================================================================================
----------------- testing Thu Feb 07 03:27:31 UTC 2019 /home/travis/build/icyphy/ptII/ptolemy/actor/lib/test/auto/Clock22.xml
----------------- Instantiating /home/travis/build/icyphy/ptII/ptolemy/actor/lib/test/auto/Clock22.xml
3 ms. Memory: 717312K Free: 581405K (81%)
----------------- Invoking toplevel() on ptolemy.moml.MoMLSimpleApplication@30d88864
----------------- Done invoking toplevel() on ptolemy.moml.MoMLSimpleApplication@30d88864
reloadAllAccessors: .Clock22

===========================================================================================
----------------- testing Thu Feb 07 03:27:31 UTC 2019 /home/travis/build/icyphy/ptII/ptolemy/actor/lib/test/auto/Clock23.xml
----------------- Instantiating /home/travis/build/icyphy/ptII/ptolemy/actor/lib/test/auto/Clock23.xml
3 ms. Memory: 717312K Free: 566111K (79%)
----------------- Invoking toplevel() on ptolemy.moml.MoMLSimpleApplication@86ee47b
----------------- Done invoking toplevel() on ptolemy.moml.MoMLSimpleApplication@86ee47b
reloadAllAccessors: .Clock23

===========================================================================================
----------------- testing Thu Feb 07 03:27:31 UTC 2019 /home/travis/build/icyphy/ptII/ptolemy/actor/lib/test/auto/Clock24.xml
----------------- Instantiating /home/travis/build/icyphy/ptII/ptolemy/actor/lib/test/auto/Clock24.xml
1 ms. Memory: 717312K Free: 557878K (78%)
----------------- Invoking toplevel() on ptolemy.moml.MoMLSimpleApplication@10c7493d
----------------- Done invoking toplevel() on ptolemy.moml.MoMLSimpleApplication@10c7493d
reloadAllAccessors: .Clock24

===========================================================================================
----------------- testing Thu Feb 07 03:27:31 UTC 2019 /home/travis/build/icyphy/ptII/ptolemy/actor/lib/test/auto/Clock4.xml
----------------- Instantiating /home/travis/build/icyphy/ptII/ptolemy/actor/lib/test/auto/Clock4.xml
2 ms. Memory: 717312K Free: 549645K (77%)
----------------- Invoking toplevel() on ptolemy.moml.MoMLSimpleApplication@1ed22db6
----------------- Done invoking toplevel() on ptolemy.moml.MoMLSimpleApplication@1ed22db6
reloadAllAccessors: .Clock4

===========================================================================================
----------------- testing Thu Feb 07 03:27:31 UTC 2019 /home/travis/build/icyphy/ptII/ptolemy/actor/lib/test/auto/Clock5.xml
----------------- Instantiating /home/travis/build/icyphy/ptII/ptolemy/actor/lib/test/auto/Clock5.xml
7 ms. Memory: 717312K Free: 534351K (74%)
----------------- Invoking toplevel() on ptolemy.moml.MoMLSimpleApplication@9aa9fef
----------------- Done invoking toplevel() on ptolemy.moml.MoMLSimpleApplication@9aa9fef
reloadAllAccessors: .Clock5

===========================================================================================
----------------- testing Thu Feb 07 03:27:31 UTC 2019 /home/travis/build/icyphy/ptII/ptolemy/actor/lib/test/auto/Clock6.xml
----------------- Instantiating /home/travis/build/icyphy/ptII/ptolemy/actor/lib/test/auto/Clock6.xml
1 ms. Memory: 717312K Free: 526118K (73%)
----------------- Invoking toplevel() on ptolemy.moml.MoMLSimpleApplication@2d99e5cf
----------------- Done invoking toplevel() on ptolemy.moml.MoMLSimpleApplication@2d99e5cf
reloadAllAccessors: .Clock6

===========================================================================================
----------------- testing Thu Feb 07 03:27:31 UTC 2019 /home/travis/build/icyphy/ptII/ptolemy/actor/lib/test/auto/Clock7.xml
----------------- Instantiating /home/travis/build/icyphy/ptII/ptolemy/actor/lib/test/auto/Clock7.xml
2 ms. Memory: 717312K Free: 517885K (72%)
----------------- Invoking toplevel() on ptolemy.moml.MoMLSimpleApplication@39e091d8
----------------- Done invoking toplevel() on ptolemy.moml.MoMLSimpleApplication@39e091d8
reloadAllAccessors: .Clock7

===========================================================================================
----------------- testing Thu Feb 07 03:27:31 UTC 2019 /home/travis/build/icyphy/ptII/ptolemy/actor/lib/test/auto/Clock8.xml
----------------- Instantiating /home/travis/build/icyphy/ptII/ptolemy/actor/lib/test/auto/Clock8.xml
2 ms. Memory: 717312K Free: 502591K (70%)
----------------- Invoking toplevel() on ptolemy.moml.MoMLSimpleApplication@2029a3f6
----------------- Done invoking toplevel() on ptolemy.moml.MoMLSimpleApplication@2029a3f6
reloadAllAccessors: .Clock8

===========================================================================================
----------------- testing Thu Feb 07 03:27:31 UTC 2019 /home/travis/build/icyphy/ptII/ptolemy/actor/lib/test/auto/Clock9.xml
----------------- Instantiating /home/travis/build/icyphy/ptII/ptolemy/actor/lib/test/auto/Clock9.xml
6 ms. Memory: 717312K Free: 494358K (69%)
----------------- Invoking toplevel() on ptolemy.moml.MoMLSimpleApplication@6d68a17
----------------- Done invoking toplevel() on ptolemy.moml.MoMLSimpleApplication@6d68a17
reloadAllAccessors: .Clock9

===========================================================================================
----------------- testing Thu Feb 07 03:27:31 UTC 2019 /home/travis/build/icyphy/ptII/ptolemy/actor/lib/test/auto/CommDistDiscard.xml
----------------- Instantiating /home/travis/build/icyphy/ptII/ptolemy/actor/lib/test/auto/CommDistDiscard.xml
3 ms. Memory: 717312K Free: 486125K (68%)
----------------- Invoking toplevel() on ptolemy.moml.MoMLSimpleApplication@46f817ce
----------------- Done invoking toplevel() on ptolemy.moml.MoMLSimpleApplication@46f817ce
reloadAllAccessors: .CommDistDiscard

===========================================================================================
----------------- testing Thu Feb 07 03:27:31 UTC 2019 /home/travis/build/icyphy/ptII/ptolemy/actor/lib/test/auto/Commutator.xml
----------------- Instantiating /home/travis/build/icyphy/ptII/ptolemy/actor/lib/test/auto/Commutator.xml
2 ms. Memory: 717312K Free: 470832K (66%)
----------------- Invoking toplevel() on ptolemy.moml.MoMLSimpleApplication@118dffc4
----------------- Done invoking toplevel() on ptolemy.moml.MoMLSimpleApplication@118dffc4
reloadAllAccessors: .Commutator

===========================================================================================
----------------- testing Thu Feb 07 03:27:31 UTC 2019 /home/travis/build/icyphy/ptII/ptolemy/actor/lib/test/auto/Commutator2.xml
----------------- Instantiating /home/travis/build/icyphy/ptII/ptolemy/actor/lib/test/auto/Commutator2.xml
1 ms. Memory: 717312K Free: 462598K (64%)
----------------- Invoking toplevel() on ptolemy.moml.MoMLSimpleApplication@2d83b861
----------------- Done invoking toplevel() on ptolemy.moml.MoMLSimpleApplication@2d83b861
reloadAllAccessors: .Commutator2

===========================================================================================
----------------- testing Thu Feb 07 03:27:31 UTC 2019 /home/travis/build/icyphy/ptII/ptolemy/actor/lib/test/auto/Commutator3.xml
----------------- Instantiating /home/travis/build/icyphy/ptII/ptolemy/actor/lib/test/auto/Commutator3.xml
2 ms. Memory: 717312K Free: 454365K (63%)
----------------- Invoking toplevel() on ptolemy.moml.MoMLSimpleApplication@5cb98b2c
----------------- Done invoking toplevel() on ptolemy.moml.MoMLSimpleApplication@5cb98b2c
reloadAllAccessors: .Commutator3

===========================================================================================
----------------- testing Thu Feb 07 03:27:31 UTC 2019 /home/travis/build/icyphy/ptII/ptolemy/actor/lib/test/auto/Compare.xml
----------------- Instantiating /home/travis/build/icyphy/ptII/ptolemy/actor/lib/test/auto/Compare.xml
2 ms. Memory: 717312K Free: 434939K (61%)
----------------- Invoking toplevel() on ptolemy.moml.MoMLSimpleApplication@1b387059
----------------- Done invoking toplevel() on ptolemy.moml.MoMLSimpleApplication@1b387059
reloadAllAccessors: .Compare

===========================================================================================
----------------- testing Thu Feb 07 03:27:31 UTC 2019 /home/travis/build/icyphy/ptII/ptolemy/actor/lib/test/auto/CompareDE.xml
----------------- Instantiating /home/travis/build/icyphy/ptII/ptolemy/actor/lib/test/auto/CompareDE.xml
3 ms. Memory: 717312K Free: 426706K (59%)
----------------- Invoking toplevel() on ptolemy.moml.MoMLSimpleApplication@2d8f4934
----------------- Done invoking toplevel() on ptolemy.moml.MoMLSimpleApplication@2d8f4934
reloadAllAccessors: .CompareDE

===========================================================================================
----------------- testing Thu Feb 07 03:27:31 UTC 2019 /home/travis/build/icyphy/ptII/ptolemy/actor/lib/test/auto/ComplexDivide.xml
----------------- Instantiating /home/travis/build/icyphy/ptII/ptolemy/actor/lib/test/auto/ComplexDivide.xml
1 ms. Memory: 717312K Free: 418473K (58%)
----------------- Invoking toplevel() on ptolemy.moml.MoMLSimpleApplication@7e430510
----------------- Done invoking toplevel() on ptolemy.moml.MoMLSimpleApplication@7e430510
reloadAllAccessors: .ComplexDivide

===========================================================================================
----------------- testing Thu Feb 07 03:27:31 UTC 2019 /home/travis/build/icyphy/ptII/ptolemy/actor/lib/test/auto/ComputeHistogram.xml
----------------- Instantiating /home/travis/build/icyphy/ptII/ptolemy/actor/lib/test/auto/ComputeHistogram.xml
23 ms. Memory: 717312K Free: 394915K (55%)
----------------- Invoking toplevel() on ptolemy.moml.MoMLSimpleApplication@b88f7bc
----------------- Done invoking toplevel() on ptolemy.moml.MoMLSimpleApplication@b88f7bc
reloadAllAccessors: .ComputeHistogram

===========================================================================================
----------------- testing Thu Feb 07 03:27:32 UTC 2019 /home/travis/build/icyphy/ptII/ptolemy/actor/lib/test/auto/ConfigurationSelect.xml
----------------- Instantiating /home/travis/build/icyphy/ptII/ptolemy/actor/lib/test/auto/ConfigurationSelect.xml
2 ms. Memory: 717312K Free: 386682K (54%)
----------------- Invoking toplevel() on ptolemy.moml.MoMLSimpleApplication@756977d8
----------------- Done invoking toplevel() on ptolemy.moml.MoMLSimpleApplication@756977d8
reloadAllAccessors: .ConfigurationSelect

===========================================================================================
----------------- testing Thu Feb 07 03:27:32 UTC 2019 /home/travis/build/icyphy/ptII/ptolemy/actor/lib/test/auto/ConfigurationSelect2.xml
----------------- Instantiating /home/travis/build/icyphy/ptII/ptolemy/actor/lib/test/auto/ConfigurationSelect2.xml
1 ms. Memory: 717312K Free: 378448K (53%)
----------------- Invoking toplevel() on ptolemy.moml.MoMLSimpleApplication@21cca784
----------------- Done invoking toplevel() on ptolemy.moml.MoMLSimpleApplication@21cca784
reloadAllAccessors: .ConfigurationSelect2

===========================================================================================
----------------- testing Thu Feb 07 03:27:32 UTC 2019 /home/travis/build/icyphy/ptII/ptolemy/actor/lib/test/auto/ConfigurationSwitch.xml
----------------- Instantiating /home/travis/build/icyphy/ptII/ptolemy/actor/lib/test/auto/ConfigurationSwitch.xml
5 ms. Memory: 717312K Free: 363155K (51%)
----------------- Invoking toplevel() on ptolemy.moml.MoMLSimpleApplication@564994eb
----------------- Done invoking toplevel() on ptolemy.moml.MoMLSimpleApplication@564994eb
reloadAllAccessors: .ConfigurationSwitch

===========================================================================================
----------------- testing Thu Feb 07 03:27:32 UTC 2019 /home/travis/build/icyphy/ptII/ptolemy/actor/lib/test/auto/ConfigurationSwitch2.xml
----------------- Instantiating /home/travis/build/icyphy/ptII/ptolemy/actor/lib/test/auto/ConfigurationSwitch2.xml
2 ms. Memory: 717312K Free: 354922K (49%)
----------------- Invoking toplevel() on ptolemy.moml.MoMLSimpleApplication@2fa85ad3
----------------- Done invoking toplevel() on ptolemy.moml.MoMLSimpleApplication@2fa85ad3
reloadAllAccessors: .ConfigurationSwitch2

===========================================================================================
----------------- testing Thu Feb 07 03:27:32 UTC 2019 /home/travis/build/icyphy/ptII/ptolemy/actor/lib/test/auto/ConfigurationSwitchCloningBugWithClassRelationGroup.xml
----------------- Instantiating /home/travis/build/icyphy/ptII/ptolemy/actor/lib/test/auto/ConfigurationSwitchCloningBugWithClassRelationGroup.xml
1 ms. Memory: 717312K Free: 342556K (48%)
----------------- Invoking toplevel() on ptolemy.moml.MoMLSimpleApplication@55fd5105
----------------- Done invoking toplevel() on ptolemy.moml.MoMLSimpleApplication@55fd5105
reloadAllAccessors: .ConfigurationSwitchCloningBugWithClassRelationGroup

===========================================================================================
----------------- testing Thu Feb 07 03:27:32 UTC 2019 /home/travis/build/icyphy/ptII/ptolemy/actor/lib/test/auto/ConfigurationSwitchSelectSDF.xml
----------------- Instantiating /home/travis/build/icyphy/ptII/ptolemy/actor/lib/test/auto/ConfigurationSwitchSelectSDF.xml
2 ms. Memory: 717312K Free: 334323K (47%)
----------------- Invoking toplevel() on ptolemy.moml.MoMLSimpleApplication@5a63707e
----------------- Done invoking toplevel() on ptolemy.moml.MoMLSimpleApplication@5a63707e
reloadAllAccessors: .ConfigurationSwitchSelectSDF

===========================================================================================
----------------- testing Thu Feb 07 03:27:32 UTC 2019 /home/travis/build/icyphy/ptII/ptolemy/actor/lib/test/auto/ConfigurationSwitchSelectSDF2.xml
----------------- Instantiating /home/travis/build/icyphy/ptII/ptolemy/actor/lib/test/auto/ConfigurationSwitchSelectSDF2.xml
1 ms. Memory: 717312K Free: 319029K (44%)
----------------- Invoking toplevel() on ptolemy.moml.MoMLSimpleApplication@2d26438
----------------- Done invoking toplevel() on ptolemy.moml.MoMLSimpleApplication@2d26438
reloadAllAccessors: .ConfigurationSwitchSelectSDF2

===========================================================================================
----------------- testing Thu Feb 07 03:27:32 UTC 2019 /home/travis/build/icyphy/ptII/ptolemy/actor/lib/test/auto/Const.xml
----------------- Instantiating /home/travis/build/icyphy/ptII/ptolemy/actor/lib/test/auto/Const.xml
1 ms. Memory: 717312K Free: 310796K (43%)
----------------- Invoking toplevel() on ptolemy.moml.MoMLSimpleApplication@12ef0e58
----------------- Done invoking toplevel() on ptolemy.moml.MoMLSimpleApplication@12ef0e58
reloadAllAccessors: .Const

===========================================================================================
----------------- testing Thu Feb 07 03:27:32 UTC 2019 /home/travis/build/icyphy/ptII/ptolemy/actor/lib/test/auto/Const2.xml
----------------- Instantiating /home/travis/build/icyphy/ptII/ptolemy/actor/lib/test/auto/Const2.xml
2 ms. Memory: 717312K Free: 302563K (42%)
----------------- Invoking toplevel() on ptolemy.moml.MoMLSimpleApplication@409cc788
----------------- Done invoking toplevel() on ptolemy.moml.MoMLSimpleApplication@409cc788
reloadAllAccessors: .Const2

===========================================================================================
----------------- testing Thu Feb 07 03:27:32 UTC 2019 /home/travis/build/icyphy/ptII/ptolemy/actor/lib/test/auto/Const3.xml
----------------- Instantiating /home/travis/build/icyphy/ptII/ptolemy/actor/lib/test/auto/Const3.xml
1 ms. Memory: 717312K Free: 287269K (40%)
----------------- Invoking toplevel() on ptolemy.moml.MoMLSimpleApplication@46ffccf8
----------------- Done invoking toplevel() on ptolemy.moml.MoMLSimpleApplication@46ffccf8
reloadAllAccessors: .Const3

===========================================================================================
----------------- testing Thu Feb 07 03:27:32 UTC 2019 /home/travis/build/icyphy/ptII/ptolemy/actor/lib/test/auto/ConstantPublisherPort1.xml
----------------- Instantiating /home/travis/build/icyphy/ptII/ptolemy/actor/lib/test/auto/ConstantPublisherPort1.xml
6 ms. Memory: 717312K Free: 274904K (38%)
----------------- Invoking toplevel() on ptolemy.moml.MoMLSimpleApplication@6dcc5f46
----------------- Done invoking toplevel() on ptolemy.moml.MoMLSimpleApplication@6dcc5f46
reloadAllAccessors: .ConstantPublisherPort1

===========================================================================================
----------------- testing Thu Feb 07 03:27:32 UTC 2019 /home/travis/build/icyphy/ptII/ptolemy/actor/lib/test/auto/ConstantPublisherPort2.xml
----------------- Instantiating /home/travis/build/icyphy/ptII/ptolemy/actor/lib/test/auto/ConstantPublisherPort2.xml
8 ms. Memory: 717312K Free: 262538K (37%)
----------------- Invoking toplevel() on ptolemy.moml.MoMLSimpleApplication@2413c4b1
----------------- Done invoking toplevel() on ptolemy.moml.MoMLSimpleApplication@2413c4b1
reloadAllAccessors: .ConstantPublisherPort2

===========================================================================================
----------------- testing Thu Feb 07 03:27:32 UTC 2019 /home/travis/build/icyphy/ptII/ptolemy/actor/lib/test/auto/ConstantPublisherPort3.xml
----------------- Instantiating /home/travis/build/icyphy/ptII/ptolemy/actor/lib/test/auto/ConstantPublisherPort3.xml
5 ms. Memory: 717312K Free: 243120K (34%)
----------------- Invoking toplevel() on ptolemy.moml.MoMLSimpleApplication@41d00cfb
----------------- Done invoking toplevel() on ptolemy.moml.MoMLSimpleApplication@41d00cfb
reloadAllAccessors: .ConstantPublisherPort3

===========================================================================================
----------------- testing Thu Feb 07 03:27:32 UTC 2019 /home/travis/build/icyphy/ptII/ptolemy/actor/lib/test/auto/ConstantPublisherPort4.xml
----------------- Instantiating /home/travis/build/icyphy/ptII/ptolemy/actor/lib/test/auto/ConstantPublisherPort4.xml
3 ms. Memory: 717312K Free: 230755K (32%)
----------------- Invoking toplevel() on ptolemy.moml.MoMLSimpleApplication@18d06d8
----------------- Done invoking toplevel() on ptolemy.moml.MoMLSimpleApplication@18d06d8
reloadAllAccessors: .ConstantPublisherPort4

===========================================================================================
----------------- testing Thu Feb 07 03:27:32 UTC 2019 /home/travis/build/icyphy/ptII/ptolemy/actor/lib/test/auto/ConstantPublisherPort5.xml
----------------- Instantiating /home/travis/build/icyphy/ptII/ptolemy/actor/lib/test/auto/ConstantPublisherPort5.xml
26 ms. Memory: 717312K Free: 210156K (29%)
----------------- Invoking toplevel() on ptolemy.moml.MoMLSimpleApplication@40da09cf
----------------- Done invoking toplevel() on ptolemy.moml.MoMLSimpleApplication@40da09cf
reloadAllAccessors: .ConstantPublisherPort5

===========================================================================================
----------------- testing Thu Feb 07 03:27:32 UTC 2019 /home/travis/build/icyphy/ptII/ptolemy/actor/lib/test/auto/ConstantPublisherPort6.xml
----------------- Instantiating /home/travis/build/icyphy/ptII/ptolemy/actor/lib/test/auto/ConstantPublisherPort6.xml
13 ms. Memory: 717312K Free: 178380K (25%)
----------------- Invoking toplevel() on ptolemy.moml.MoMLSimpleApplication@7b3d896a
----------------- Done invoking toplevel() on ptolemy.moml.MoMLSimpleApplication@7b3d896a
reloadAllAccessors: .ConstantPublisherPort6

===========================================================================================
----------------- testing Thu Feb 07 03:27:32 UTC 2019 /home/travis/build/icyphy/ptII/ptolemy/actor/lib/test/auto/ConstantPublisherPort7.xml
----------------- Instantiating /home/travis/build/icyphy/ptII/ptolemy/actor/lib/test/auto/ConstantPublisherPort7.xml
13 ms. Memory: 717312K Free: 153665K (21%)
----------------- Invoking toplevel() on ptolemy.moml.MoMLSimpleApplication@1a4fe2ac
----------------- Done invoking toplevel() on ptolemy.moml.MoMLSimpleApplication@1a4fe2ac
reloadAllAccessors: .ConstantPublisherPort7

===========================================================================================
----------------- testing Thu Feb 07 03:27:32 UTC 2019 /home/travis/build/icyphy/ptII/ptolemy/actor/lib/test/auto/ConstraintMonitor1.xml
----------------- Instantiating /home/travis/build/icyphy/ptII/ptolemy/actor/lib/test/auto/ConstraintMonitor1.xml
6 ms. Memory: 717312K Free: 145432K (20%)
----------------- Invoking toplevel() on ptolemy.moml.MoMLSimpleApplication@675031a8
----------------- Done invoking toplevel() on ptolemy.moml.MoMLSimpleApplication@675031a8
reloadAllAccessors: .ConstraintMonitor1

===========================================================================================
----------------- testing Thu Feb 07 03:27:32 UTC 2019 /home/travis/build/icyphy/ptII/ptolemy/actor/lib/test/auto/ConstraintMonitor2.xml
----------------- Instantiating /home/travis/build/icyphy/ptII/ptolemy/actor/lib/test/auto/ConstraintMonitor2.xml
1 ms. Memory: 717312K Free: 130139K (18%)
----------------- Invoking toplevel() on ptolemy.moml.MoMLSimpleApplication@1e2e954
----------------- Done invoking toplevel() on ptolemy.moml.MoMLSimpleApplication@1e2e954
reloadAllAccessors: .ConstraintMonitor2

===========================================================================================
----------------- testing Thu Feb 07 03:27:32 UTC 2019 /home/travis/build/icyphy/ptII/ptolemy/actor/lib/test/auto/ConstraintMonitor3.xml
----------------- Instantiating /home/travis/build/icyphy/ptII/ptolemy/actor/lib/test/auto/ConstraintMonitor3.xml
2 ms. Memory: 717312K Free: 121906K (17%)
----------------- Invoking toplevel() on ptolemy.moml.MoMLSimpleApplication@4a18a236
----------------- Done invoking toplevel() on ptolemy.moml.MoMLSimpleApplication@4a18a236
reloadAllAccessors: .ConstraintMonitor3

===========================================================================================
----------------- testing Thu Feb 07 03:27:32 UTC 2019 /home/travis/build/icyphy/ptII/ptolemy/actor/lib/test/auto/ConstraintMonitor4.xml
----------------- Instantiating /home/travis/build/icyphy/ptII/ptolemy/actor/lib/test/auto/ConstraintMonitor4.xml
3 ms. Memory: 717312K Free: 113673K (16%)
----------------- Invoking toplevel() on ptolemy.moml.MoMLSimpleApplication@4cb2a9df
----------------- Done invoking toplevel() on ptolemy.moml.MoMLSimpleApplication@4cb2a9df
reloadAllAccessors: .ConstraintMonitor4

===========================================================================================
----------------- testing Thu Feb 07 03:27:32 UTC 2019 /home/travis/build/icyphy/ptII/ptolemy/actor/lib/test/auto/ConstraintMonitor5.xml
----------------- Instantiating /home/travis/build/icyphy/ptII/ptolemy/actor/lib/test/auto/ConstraintMonitor5.xml
5 ms. Memory: 717312K Free: 98379K (14%)
----------------- Invoking toplevel() on ptolemy.moml.MoMLSimpleApplication@c5a6a7f
----------------- Done invoking toplevel() on ptolemy.moml.MoMLSimpleApplication@c5a6a7f
reloadAllAccessors: .ConstraintMonitor5

===========================================================================================
----------------- testing Thu Feb 07 03:27:32 UTC 2019 /home/travis/build/icyphy/ptII/ptolemy/actor/lib/test/auto/ConstraintMonitor6.xml
----------------- Instantiating /home/travis/build/icyphy/ptII/ptolemy/actor/lib/test/auto/ConstraintMonitor6.xml
2 ms. Memory: 717312K Free: 90146K (13%)
----------------- Invoking toplevel() on ptolemy.moml.MoMLSimpleApplication@3a5274aa
----------------- Done invoking toplevel() on ptolemy.moml.MoMLSimpleApplication@3a5274aa
reloadAllAccessors: .ConstraintMonitor6

===========================================================================================
----------------- testing Thu Feb 07 03:27:32 UTC 2019 /home/travis/build/icyphy/ptII/ptolemy/actor/lib/test/auto/ConstraintMonitor7.xml
----------------- Instantiating /home/travis/build/icyphy/ptII/ptolemy/actor/lib/test/auto/ConstraintMonitor7.xml
2 ms. Memory: 717312K Free: 81913K (11%)
----------------- Invoking toplevel() on ptolemy.moml.MoMLSimpleApplication@2055b2f8
----------------- Done invoking toplevel() on ptolemy.moml.MoMLSimpleApplication@2055b2f8
reloadAllAccessors: .ConstraintMonitor7

===========================================================================================
----------------- testing Thu Feb 07 03:27:32 UTC 2019 /home/travis/build/icyphy/ptII/ptolemy/actor/lib/test/auto/ConstraintMonitor8.xml
----------------- Instantiating /home/travis/build/icyphy/ptII/ptolemy/actor/lib/test/auto/ConstraintMonitor8.xml
2 ms. Memory: 717312K Free: 62503K (9%)
----------------- Invoking toplevel() on ptolemy.moml.MoMLSimpleApplication@636ac586
----------------- Done invoking toplevel() on ptolemy.moml.MoMLSimpleApplication@636ac586
reloadAllAccessors: .ConstraintMonitor8

===========================================================================================
----------------- testing Thu Feb 07 03:27:32 UTC 2019 /home/travis/build/icyphy/ptII/ptolemy/actor/lib/test/auto/Counter.xml
----------------- Instantiating /home/travis/build/icyphy/ptII/ptolemy/actor/lib/test/auto/Counter.xml
2 ms. Memory: 717312K Free: 56517K (8%)
----------------- Invoking toplevel() on ptolemy.moml.MoMLSimpleApplication@3b73d461
----------------- Done invoking toplevel() on ptolemy.moml.MoMLSimpleApplication@3b73d461
reloadAllAccessors: .Counter

===========================================================================================
----------------- testing Thu Feb 07 03:27:32 UTC 2019 /home/travis/build/icyphy/ptII/ptolemy/actor/lib/test/auto/CurrentTimeSDF.xml
----------------- Instantiating /home/travis/build/icyphy/ptII/ptolemy/actor/lib/test/auto/CurrentTimeSDF.xml
1 ms. Memory: 1088000K Free: 1024941K (94%)
----------------- Invoking toplevel() on ptolemy.moml.MoMLSimpleApplication@1b69a141
----------------- Done invoking toplevel() on ptolemy.moml.MoMLSimpleApplication@1b69a141
reloadAllAccessors: .CurrentTimeSDF

===========================================================================================
----------------- testing Thu Feb 07 03:27:32 UTC 2019 /home/travis/build/icyphy/ptII/ptolemy/actor/lib/test/auto/DB.xml
----------------- Instantiating /home/travis/build/icyphy/ptII/ptolemy/actor/lib/test/auto/DB.xml
2 ms. Memory: 1088000K Free: 1003141K (92%)
----------------- Invoking toplevel() on ptolemy.moml.MoMLSimpleApplication@431eca60
----------------- Done invoking toplevel() on ptolemy.moml.MoMLSimpleApplication@431eca60
reloadAllAccessors: .DB

===========================================================================================
----------------- testing Thu Feb 07 03:27:32 UTC 2019 /home/travis/build/icyphy/ptII/ptolemy/actor/lib/test/auto/DBDE.xml
----------------- Instantiating /home/travis/build/icyphy/ptII/ptolemy/actor/lib/test/auto/DBDE.xml
2 ms. Memory: 1088000K Free: 989966K (91%)
----------------- Invoking toplevel() on ptolemy.moml.MoMLSimpleApplication@11236474
----------------- Done invoking toplevel() on ptolemy.moml.MoMLSimpleApplication@11236474
reloadAllAccessors: .DBDE

===========================================================================================
----------------- testing Thu Feb 07 03:27:32 UTC 2019 /home/travis/build/icyphy/ptII/ptolemy/actor/lib/test/auto/DateConstructor.xml
----------------- Instantiating /home/travis/build/icyphy/ptII/ptolemy/actor/lib/test/auto/DateConstructor.xml
10 ms. Memory: 1088000K Free: 963449K (89%)
----------------- Invoking toplevel() on ptolemy.moml.MoMLSimpleApplication@6301171c
----------------- Done invoking toplevel() on ptolemy.moml.MoMLSimpleApplication@6301171c
reloadAllAccessors: .DateConstructor

===========================================================================================
----------------- testing Thu Feb 07 03:27:32 UTC 2019 /home/travis/build/icyphy/ptII/ptolemy/actor/lib/test/auto/DelayTime.xml
----------------- Instantiating /home/travis/build/icyphy/ptII/ptolemy/actor/lib/test/auto/DelayTime.xml
2 ms. Memory: 1088000K Free: 941650K (87%)
----------------- Invoking toplevel() on ptolemy.moml.MoMLSimpleApplication@80ccedb
----------------- Done invoking toplevel() on ptolemy.moml.MoMLSimpleApplication@80ccedb
reloadAllAccessors: .DelayTime

===========================================================================================
----------------- testing Thu Feb 07 03:27:32 UTC 2019 /home/travis/build/icyphy/ptII/ptolemy/actor/lib/test/auto/Dictionary1.xml
----------------- Instantiating /home/travis/build/icyphy/ptII/ptolemy/actor/lib/test/auto/Dictionary1.xml
2 ms. Memory: 1088000K Free: 928474K (85%)
----------------- Invoking toplevel() on ptolemy.moml.MoMLSimpleApplication@776d0449
----------------- Done invoking toplevel() on ptolemy.moml.MoMLSimpleApplication@776d0449
reloadAllAccessors: .Dictionary1

===========================================================================================
----------------- testing Thu Feb 07 03:27:32 UTC 2019 /home/travis/build/icyphy/ptII/ptolemy/actor/lib/test/auto/Dictionary2.xml
----------------- Instantiating /home/travis/build/icyphy/ptII/ptolemy/actor/lib/test/auto/Dictionary2.xml
3 ms. Memory: 1088000K Free: 915299K (84%)
----------------- Invoking toplevel() on ptolemy.moml.MoMLSimpleApplication@2a8b2bed
----------------- Done invoking toplevel() on ptolemy.moml.MoMLSimpleApplication@2a8b2bed
reloadAllAccessors: .Dictionary2

===========================================================================================
----------------- testing Thu Feb 07 03:27:32 UTC 2019 /home/travis/build/icyphy/ptII/ptolemy/actor/lib/test/auto/Dictionary3.xml
----------------- Instantiating /home/travis/build/icyphy/ptII/ptolemy/actor/lib/test/auto/Dictionary3.xml
2 ms. Memory: 1088000K Free: 902123K (83%)
----------------- Invoking toplevel() on ptolemy.moml.MoMLSimpleApplication@47217eba
----------------- Done invoking toplevel() on ptolemy.moml.MoMLSimpleApplication@47217eba
reloadAllAccessors: .Dictionary3

===========================================================================================
----------------- testing Thu Feb 07 03:27:32 UTC 2019 /home/travis/build/icyphy/ptII/ptolemy/actor/lib/test/auto/Dictionary4.xml
----------------- Instantiating /home/travis/build/icyphy/ptII/ptolemy/actor/lib/test/auto/Dictionary4.xml
2 ms. Memory: 1088000K Free: 880324K (81%)
----------------- Invoking toplevel() on ptolemy.moml.MoMLSimpleApplication@196ad61d
----------------- Done invoking toplevel() on ptolemy.moml.MoMLSimpleApplication@196ad61d
reloadAllAccessors: .Dictionary4

===========================================================================================
----------------- testing Thu Feb 07 03:27:32 UTC 2019 /home/travis/build/icyphy/ptII/ptolemy/actor/lib/test/auto/Differential.xml
----------------- Instantiating /home/travis/build/icyphy/ptII/ptolemy/actor/lib/test/auto/Differential.xml
1 ms. Memory: 1088000K Free: 867148K (80%)
----------------- Invoking toplevel() on ptolemy.moml.MoMLSimpleApplication@64b9e758
----------------- Done invoking toplevel() on ptolemy.moml.MoMLSimpleApplication@64b9e758
reloadAllAccessors: .Differential

===========================================================================================
----------------- testing Thu Feb 07 03:27:32 UTC 2019 /home/travis/build/icyphy/ptII/ptolemy/actor/lib/test/auto/Director.xml
----------------- Instantiating /home/travis/build/icyphy/ptII/ptolemy/actor/lib/test/auto/Director.xml
2 ms. Memory: 1088000K Free: 853973K (78%)
----------------- Invoking toplevel() on ptolemy.moml.MoMLSimpleApplication@43ff6637
----------------- Done invoking toplevel() on ptolemy.moml.MoMLSimpleApplication@43ff6637
reloadAllAccessors: .Director

===========================================================================================
----------------- testing Thu Feb 07 03:27:32 UTC 2019 /home/travis/build/icyphy/ptII/ptolemy/actor/lib/test/auto/DiscreteClock.xml
----------------- Instantiating /home/travis/build/icyphy/ptII/ptolemy/actor/lib/test/auto/DiscreteClock.xml
1 ms. Memory: 1088000K Free: 840797K (77%)
----------------- Invoking toplevel() on ptolemy.moml.MoMLSimpleApplication@3460c75f
----------------- Done invoking toplevel() on ptolemy.moml.MoMLSimpleApplication@3460c75f
reloadAllAccessors: .DiscreteClock

===========================================================================================
----------------- testing Thu Feb 07 03:27:32 UTC 2019 /home/travis/build/icyphy/ptII/ptolemy/actor/lib/test/auto/DiscreteClock10.xml
----------------- Instantiating /home/travis/build/icyphy/ptII/ptolemy/actor/lib/test/auto/DiscreteClock10.xml
2 ms. Memory: 1088000K Free: 818997K (75%)
----------------- Invoking toplevel() on ptolemy.moml.MoMLSimpleApplication@179179fd
----------------- Done invoking toplevel() on ptolemy.moml.MoMLSimpleApplication@179179fd
reloadAllAccessors: .DiscreteClock10

===========================================================================================
----------------- testing Thu Feb 07 03:27:32 UTC 2019 /home/travis/build/icyphy/ptII/ptolemy/actor/lib/test/auto/DiscreteClock11.xml
----------------- Instantiating /home/travis/build/icyphy/ptII/ptolemy/actor/lib/test/auto/DiscreteClock11.xml
1 ms. Memory: 1088000K Free: 805822K (74%)
----------------- Invoking toplevel() on ptolemy.moml.MoMLSimpleApplication@921ddbc
----------------- Done invoking toplevel() on ptolemy.moml.MoMLSimpleApplication@921ddbc
reloadAllAccessors: .DiscreteClock11

===========================================================================================
----------------- testing Thu Feb 07 03:27:32 UTC 2019 /home/travis/build/icyphy/ptII/ptolemy/actor/lib/test/auto/DiscreteClock12.xml
----------------- Instantiating /home/travis/build/icyphy/ptII/ptolemy/actor/lib/test/auto/DiscreteClock12.xml
2 ms. Memory: 1088000K Free: 792646K (73%)
----------------- Invoking toplevel() on ptolemy.moml.MoMLSimpleApplication@7b30ea00
----------------- Done invoking toplevel() on ptolemy.moml.MoMLSimpleApplication@7b30ea00
reloadAllAccessors: .DiscreteClock12

===========================================================================================
----------------- testing Thu Feb 07 03:27:32 UTC 2019 /home/travis/build/icyphy/ptII/ptolemy/actor/lib/test/auto/DiscreteClock13.xml
----------------- Instantiating /home/travis/build/icyphy/ptII/ptolemy/actor/lib/test/auto/DiscreteClock13.xml
8 ms. Memory: 1088000K Free: 770847K (71%)
----------------- Invoking toplevel() on ptolemy.moml.MoMLSimpleApplication@767c812e
----------------- Done invoking toplevel() on ptolemy.moml.MoMLSimpleApplication@767c812e
reloadAllAccessors: .DiscreteClock13

===========================================================================================
----------------- testing Thu Feb 07 03:27:32 UTC 2019 /home/travis/build/icyphy/ptII/ptolemy/actor/lib/test/auto/DiscreteClock14.xml
----------------- Instantiating /home/travis/build/icyphy/ptII/ptolemy/actor/lib/test/auto/DiscreteClock14.xml
6 ms. Memory: 1088000K Free: 757671K (70%)
----------------- Invoking toplevel() on ptolemy.moml.MoMLSimpleApplication@74d41506
----------------- Done invoking toplevel() on ptolemy.moml.MoMLSimpleApplication@74d41506
reloadAllAccessors: .DiscreteClock14

===========================================================================================
----------------- testing Thu Feb 07 03:27:32 UTC 2019 /home/travis/build/icyphy/ptII/ptolemy/actor/lib/test/auto/DiscreteClock15.xml
----------------- Instantiating /home/travis/build/icyphy/ptII/ptolemy/actor/lib/test/auto/DiscreteClock15.xml
6 ms. Memory: 1088000K Free: 744496K (68%)
----------------- Invoking toplevel() on ptolemy.moml.MoMLSimpleApplication@5d09068f
----------------- Done invoking toplevel() on ptolemy.moml.MoMLSimpleApplication@5d09068f
reloadAllAccessors: .DiscreteClock15

===========================================================================================
----------------- testing Thu Feb 07 03:27:32 UTC 2019 /home/travis/build/icyphy/ptII/ptolemy/actor/lib/test/auto/DiscreteClock16.xml
----------------- Instantiating /home/travis/build/icyphy/ptII/ptolemy/actor/lib/test/auto/DiscreteClock16.xml
473 ms. Memory: 1106432K Free: 1062583K (96%)
----------------- Invoking toplevel() on ptolemy.moml.MoMLSimpleApplication@7a6a59b7
----------------- Done invoking toplevel() on ptolemy.moml.MoMLSimpleApplication@7a6a59b7
reloadAllAccessors: .DiscreteClock16

===========================================================================================
----------------- testing Thu Feb 07 03:27:33 UTC 2019 /home/travis/build/icyphy/ptII/ptolemy/actor/lib/test/auto/DiscreteClock17.xml
----------------- Instantiating /home/travis/build/icyphy/ptII/ptolemy/actor/lib/test/auto/DiscreteClock17.xml
9 ms. Memory: 1106432K Free: 1032533K (93%)
----------------- Invoking toplevel() on ptolemy.moml.MoMLSimpleApplication@1d3390a3
----------------- Done invoking toplevel() on ptolemy.moml.MoMLSimpleApplication@1d3390a3
reloadAllAccessors: .DiscreteClock17

===========================================================================================
----------------- testing Thu Feb 07 03:27:33 UTC 2019 /home/travis/build/icyphy/ptII/ptolemy/actor/lib/test/auto/DiscreteClock18.xml
----------------- Instantiating /home/travis/build/icyphy/ptII/ptolemy/actor/lib/test/auto/DiscreteClock18.xml
12 ms. Memory: 1106432K Free: 1017695K (92%)
----------------- Invoking toplevel() on ptolemy.moml.MoMLSimpleApplication@4d2ff974
----------------- Done invoking toplevel() on ptolemy.moml.MoMLSimpleApplication@4d2ff974
reloadAllAccessors: .DiscreteClock18

===========================================================================================
----------------- testing Thu Feb 07 03:27:33 UTC 2019 /home/travis/build/icyphy/ptII/ptolemy/actor/lib/test/auto/DiscreteClock19.xml
----------------- Instantiating /home/travis/build/icyphy/ptII/ptolemy/actor/lib/test/auto/DiscreteClock19.xml
12 ms. Memory: 1106432K Free: 1002856K (91%)
----------------- Invoking toplevel() on ptolemy.moml.MoMLSimpleApplication@13f0a5cb
----------------- Done invoking toplevel() on ptolemy.moml.MoMLSimpleApplication@13f0a5cb
reloadAllAccessors: .DiscreteClock19

===========================================================================================
----------------- testing Thu Feb 07 03:27:33 UTC 2019 /home/travis/build/icyphy/ptII/ptolemy/actor/lib/test/auto/DiscreteClock2.xml
----------------- Instantiating /home/travis/build/icyphy/ptII/ptolemy/actor/lib/test/auto/DiscreteClock2.xml
6 ms. Memory: 1106432K Free: 984351K (89%)
----------------- Invoking toplevel() on ptolemy.moml.MoMLSimpleApplication@4229e11b
----------------- Done invoking toplevel() on ptolemy.moml.MoMLSimpleApplication@4229e11b
reloadAllAccessors: .DiscreteClock2

===========================================================================================
----------------- testing Thu Feb 07 03:27:33 UTC 2019 /home/travis/build/icyphy/ptII/ptolemy/actor/lib/test/auto/DiscreteClock20.xml
----------------- Instantiating /home/travis/build/icyphy/ptII/ptolemy/actor/lib/test/auto/DiscreteClock20.xml
2 ms. Memory: 1106432K Free: 974469K (88%)
----------------- Invoking toplevel() on ptolemy.moml.MoMLSimpleApplication@e218133
----------------- Done invoking toplevel() on ptolemy.moml.MoMLSimpleApplication@e218133
reloadAllAccessors: .DiscreteClock20

===========================================================================================
----------------- testing Thu Feb 07 03:27:33 UTC 2019 /home/travis/build/icyphy/ptII/ptolemy/actor/lib/test/auto/DiscreteClock21.xml
----------------- Instantiating /home/travis/build/icyphy/ptII/ptolemy/actor/lib/test/auto/DiscreteClock21.xml
8 ms. Memory: 1106432K Free: 964587K (87%)
----------------- Invoking toplevel() on ptolemy.moml.MoMLSimpleApplication@27e98481
----------------- Done invoking toplevel() on ptolemy.moml.MoMLSimpleApplication@27e98481
reloadAllAccessors: .DiscreteClock21

===========================================================================================
----------------- testing Thu Feb 07 03:27:33 UTC 2019 /home/travis/build/icyphy/ptII/ptolemy/actor/lib/test/auto/DiscreteClock22.xml
----------------- Instantiating /home/travis/build/icyphy/ptII/ptolemy/actor/lib/test/auto/DiscreteClock22.xml
1 ms. Memory: 1106432K Free: 954705K (86%)
----------------- Invoking toplevel() on ptolemy.moml.MoMLSimpleApplication@25fdac54
----------------- Done invoking toplevel() on ptolemy.moml.MoMLSimpleApplication@25fdac54
reloadAllAccessors: .DiscreteClock22

===========================================================================================
----------------- testing Thu Feb 07 03:27:33 UTC 2019 /home/travis/build/icyphy/ptII/ptolemy/actor/lib/test/auto/DiscreteClock23.xml
----------------- Instantiating /home/travis/build/icyphy/ptII/ptolemy/actor/lib/test/auto/DiscreteClock23.xml
6 ms. Memory: 1106432K Free: 936200K (85%)
----------------- Invoking toplevel() on ptolemy.moml.MoMLSimpleApplication@447f62e0
----------------- Done invoking toplevel() on ptolemy.moml.MoMLSimpleApplication@447f62e0
reloadAllAccessors: .DiscreteClock23

===========================================================================================
----------------- testing Thu Feb 07 03:27:33 UTC 2019 /home/travis/build/icyphy/ptII/ptolemy/actor/lib/test/auto/DiscreteClock24.xml
----------------- Instantiating /home/travis/build/icyphy/ptII/ptolemy/actor/lib/test/auto/DiscreteClock24.xml
1 ms. Memory: 1106432K Free: 926318K (84%)
----------------- Invoking toplevel() on ptolemy.moml.MoMLSimpleApplication@33d6925a
----------------- Done invoking toplevel() on ptolemy.moml.MoMLSimpleApplication@33d6925a
reloadAllAccessors: .DiscreteClock24

===========================================================================================
----------------- testing Thu Feb 07 03:27:33 UTC 2019 /home/travis/build/icyphy/ptII/ptolemy/actor/lib/test/auto/DiscreteClock4.xml
----------------- Instantiating /home/travis/build/icyphy/ptII/ptolemy/actor/lib/test/auto/DiscreteClock4.xml
1 ms. Memory: 1106432K Free: 916436K (83%)
----------------- Invoking toplevel() on ptolemy.moml.MoMLSimpleApplication@5554d238
----------------- Done invoking toplevel() on ptolemy.moml.MoMLSimpleApplication@5554d238
reloadAllAccessors: .DiscreteClock4

===========================================================================================
----------------- testing Thu Feb 07 03:27:33 UTC 2019 /home/travis/build/icyphy/ptII/ptolemy/actor/lib/test/auto/DiscreteClock5.xml
----------------- Instantiating /home/travis/build/icyphy/ptII/ptolemy/actor/lib/test/auto/DiscreteClock5.xml
6 ms. Memory: 1106432K Free: 906554K (82%)
----------------- Invoking toplevel() on ptolemy.moml.MoMLSimpleApplication@3713fe56
----------------- Done invoking toplevel() on ptolemy.moml.MoMLSimpleApplication@3713fe56
reloadAllAccessors: .DiscreteClock5

===========================================================================================
----------------- testing Thu Feb 07 03:27:33 UTC 2019 /home/travis/build/icyphy/ptII/ptolemy/actor/lib/test/auto/DiscreteClock6.xml
----------------- Instantiating /home/travis/build/icyphy/ptII/ptolemy/actor/lib/test/auto/DiscreteClock6.xml
1 ms. Memory: 1106432K Free: 888049K (80%)
----------------- Invoking toplevel() on ptolemy.moml.MoMLSimpleApplication@46da1bfb
----------------- Done invoking toplevel() on ptolemy.moml.MoMLSimpleApplication@46da1bfb
reloadAllAccessors: .DiscreteClock6

===========================================================================================
----------------- testing Thu Feb 07 03:27:33 UTC 2019 /home/travis/build/icyphy/ptII/ptolemy/actor/lib/test/auto/DiscreteClock7.xml
----------------- Instantiating /home/travis/build/icyphy/ptII/ptolemy/actor/lib/test/auto/DiscreteClock7.xml
1 ms. Memory: 1106432K Free: 878167K (79%)
----------------- Invoking toplevel() on ptolemy.moml.MoMLSimpleApplication@2079034d
----------------- Done invoking toplevel() on ptolemy.moml.MoMLSimpleApplication@2079034d
reloadAllAccessors: .DiscreteClock7

===========================================================================================
----------------- testing Thu Feb 07 03:27:33 UTC 2019 /home/travis/build/icyphy/ptII/ptolemy/actor/lib/test/auto/DiscreteClock8.xml
----------------- Instantiating /home/travis/build/icyphy/ptII/ptolemy/actor/lib/test/auto/DiscreteClock8.xml
6 ms. Memory: 1106432K Free: 868286K (78%)
----------------- Invoking toplevel() on ptolemy.moml.MoMLSimpleApplication@19ade80d
----------------- Done invoking toplevel() on ptolemy.moml.MoMLSimpleApplication@19ade80d
reloadAllAccessors: .DiscreteClock8

===========================================================================================
----------------- testing Thu Feb 07 03:27:33 UTC 2019 /home/travis/build/icyphy/ptII/ptolemy/actor/lib/test/auto/DiscreteClock9.xml
----------------- Instantiating /home/travis/build/icyphy/ptII/ptolemy/actor/lib/test/auto/DiscreteClock9.xml
6 ms. Memory: 1106432K Free: 849780K (77%)
----------------- Invoking toplevel() on ptolemy.moml.MoMLSimpleApplication@59b5d077
----------------- Done invoking toplevel() on ptolemy.moml.MoMLSimpleApplication@59b5d077
reloadAllAccessors: .DiscreteClock9

===========================================================================================
----------------- testing Thu Feb 07 03:27:33 UTC 2019 /home/travis/build/icyphy/ptII/ptolemy/actor/lib/test/auto/DisplayArray.xml
----------------- Instantiating /home/travis/build/icyphy/ptII/ptolemy/actor/lib/test/auto/DisplayArray.xml
1 ms. Memory: 1106432K Free: 839898K (76%)
----------------- Invoking toplevel() on ptolemy.moml.MoMLSimpleApplication@18bf7763
----------------- Done invoking toplevel() on ptolemy.moml.MoMLSimpleApplication@18bf7763
reloadAllAccessors: .DisplayArray

===========================================================================================
----------------- testing Thu Feb 07 03:27:33 UTC 2019 /home/travis/build/icyphy/ptII/ptolemy/actor/lib/test/auto/Distributor.xml
----------------- Instantiating /home/travis/build/icyphy/ptII/ptolemy/actor/lib/test/auto/Distributor.xml
1 ms. Memory: 1106432K Free: 830017K (75%)
----------------- Invoking toplevel() on ptolemy.moml.MoMLSimpleApplication@38126e85
----------------- Done invoking toplevel() on ptolemy.moml.MoMLSimpleApplication@38126e85
reloadAllAccessors: .Distributor

===========================================================================================
----------------- testing Thu Feb 07 03:27:33 UTC 2019 /home/travis/build/icyphy/ptII/ptolemy/actor/lib/test/auto/Distributor2.xml
----------------- Instantiating /home/travis/build/icyphy/ptII/ptolemy/actor/lib/test/auto/Distributor2.xml
2 ms. Memory: 1106432K Free: 820135K (74%)
----------------- Invoking toplevel() on ptolemy.moml.MoMLSimpleApplication@5f309dca
----------------- Done invoking toplevel() on ptolemy.moml.MoMLSimpleApplication@5f309dca
reloadAllAccessors: .Distributor2

===========================================================================================
----------------- testing Thu Feb 07 03:27:33 UTC 2019 /home/travis/build/icyphy/ptII/ptolemy/actor/lib/test/auto/DownSample.xml
----------------- Instantiating /home/travis/build/icyphy/ptII/ptolemy/actor/lib/test/auto/DownSample.xml
1 ms. Memory: 1106432K Free: 801629K (72%)
----------------- Invoking toplevel() on ptolemy.moml.MoMLSimpleApplication@360453cd
----------------- Done invoking toplevel() on ptolemy.moml.MoMLSimpleApplication@360453cd
reloadAllAccessors: .DownSample

===========================================================================================
----------------- testing Thu Feb 07 03:27:33 UTC 2019 /home/travis/build/icyphy/ptII/ptolemy/actor/lib/test/auto/ElectronicUnitBase1.xml
----------------- Instantiating /home/travis/build/icyphy/ptII/ptolemy/actor/lib/test/auto/ElectronicUnitBase1.xml
19 ms. Memory: 1106432K Free: 781850K (71%)
----------------- Invoking toplevel() on ptolemy.moml.MoMLSimpleApplication@4f33dba5
----------------- Done invoking toplevel() on ptolemy.moml.MoMLSimpleApplication@4f33dba5
reloadAllAccessors: .ElectronicUnitBase1

===========================================================================================
----------------- testing Thu Feb 07 03:27:33 UTC 2019 /home/travis/build/icyphy/ptII/ptolemy/actor/lib/test/auto/ElementsToArray.xml
----------------- Instantiating /home/travis/build/icyphy/ptII/ptolemy/actor/lib/test/auto/ElementsToArray.xml
1 ms. Memory: 1106432K Free: 771968K (70%)
----------------- Invoking toplevel() on ptolemy.moml.MoMLSimpleApplication@480c5df3
----------------- Done invoking toplevel() on ptolemy.moml.MoMLSimpleApplication@480c5df3
reloadAllAccessors: .ElementsToArray

===========================================================================================
----------------- testing Thu Feb 07 03:27:33 UTC 2019 /home/travis/build/icyphy/ptII/ptolemy/actor/lib/test/auto/Equals.xml
----------------- Instantiating /home/travis/build/icyphy/ptII/ptolemy/actor/lib/test/auto/Equals.xml
2 ms. Memory: 1106432K Free: 762086K (69%)
----------------- Invoking toplevel() on ptolemy.moml.MoMLSimpleApplication@55cd9eeb
----------------- Done invoking toplevel() on ptolemy.moml.MoMLSimpleApplication@55cd9eeb
reloadAllAccessors: .Equals

===========================================================================================
----------------- testing Thu Feb 07 03:27:33 UTC 2019 /home/travis/build/icyphy/ptII/ptolemy/actor/lib/test/auto/Exec.xml
----------------- Instantiating /home/travis/build/icyphy/ptII/ptolemy/actor/lib/test/auto/Exec.xml
10 ms. Memory: 1106432K Free: 728758K (66%)
----------------- Invoking toplevel() on ptolemy.moml.MoMLSimpleApplication@58d97a2d
----------------- Done invoking toplevel() on ptolemy.moml.MoMLSimpleApplication@58d97a2d
reloadAllAccessors: .Exec

===========================================================================================
----------------- testing Thu Feb 07 03:27:34 UTC 2019 /home/travis/build/icyphy/ptII/ptolemy/actor/lib/test/auto/ExecEnvironment.xml
----------------- Instantiating /home/travis/build/icyphy/ptII/ptolemy/actor/lib/test/auto/ExecEnvironment.xml
25 ms. Memory: 1106432K Free: 718876K (65%)
----------------- Invoking toplevel() on ptolemy.moml.MoMLSimpleApplication@70729c06
----------------- Done invoking toplevel() on ptolemy.moml.MoMLSimpleApplication@70729c06
reloadAllAccessors: .ExecEnvironment

===========================================================================================
----------------- testing Thu Feb 07 03:27:34 UTC 2019 /home/travis/build/icyphy/ptII/ptolemy/actor/lib/test/auto/ExecNonZeroReturnOutput.xml
----------------- Instantiating /home/travis/build/icyphy/ptII/ptolemy/actor/lib/test/auto/ExecNonZeroReturnOutput.xml
116 ms. Memory: 1106432K Free: 644763K (58%)
----------------- Invoking toplevel() on ptolemy.moml.MoMLSimpleApplication@11c0d325
----------------- Done invoking toplevel() on ptolemy.moml.MoMLSimpleApplication@11c0d325
reloadAllAccessors: .ExecNonZeroReturnOutput

===========================================================================================
----------------- testing Thu Feb 07 03:27:34 UTC 2019 /home/travis/build/icyphy/ptII/ptolemy/actor/lib/test/auto/ExecRunDemos.xml
----------------- Instantiating /home/travis/build/icyphy/ptII/ptolemy/actor/lib/test/auto/ExecRunDemos.xml
Finished: 93 ms. Memory: 116224K Free: 100720K (87%)

Finished: 61 ms. Memory: 116224K Free: 97676K (84%)

Finished: 57 ms. Memory: 116224K Free: 98218K (85%)

Finished: 55 ms. Memory: 116224K Free: 99544K (86%)

Finished: 57 ms. Memory: 116224K Free: 100576K (87%)

9689 ms. Memory: 1106432K Free: 566941K (51%)
----------------- Invoking toplevel() on ptolemy.moml.MoMLSimpleApplication@36cc3970
----------------- Done invoking toplevel() on ptolemy.moml.MoMLSimpleApplication@36cc3970
reloadAllAccessors: .ExecRunDemos

===========================================================================================
----------------- testing Thu Feb 07 03:27:43 UTC 2019 /home/travis/build/icyphy/ptII/ptolemy/actor/lib/test/auto/ExecStop.xml
----------------- Instantiating /home/travis/build/icyphy/ptII/ptolemy/actor/lib/test/auto/ExecStop.xml
5014 ms. Memory: 1106432K Free: 408834K (37%)
----------------- Invoking toplevel() on ptolemy.moml.MoMLSimpleApplication@4811ecd7
----------------- Done invoking toplevel() on ptolemy.moml.MoMLSimpleApplication@4811ecd7
reloadAllAccessors: .ExecStop

===========================================================================================
----------------- testing Thu Feb 07 03:27:48 UTC 2019 /home/travis/build/icyphy/ptII/ptolemy/actor/lib/test/auto/ExecutionTimeSDF.xml
----------------- Instantiating /home/travis/build/icyphy/ptII/ptolemy/actor/lib/test/auto/ExecutionTimeSDF.xml
Fired ExecutionTime: -1946967296
Fired ExecutionTime: 917200000
Fired ExecutionTime: -906967296
6005 ms. Memory: 1106432K Free: 389047K (35%)
----------------- Invoking toplevel() on ptolemy.moml.MoMLSimpleApplication@2bc7382
----------------- Done invoking toplevel() on ptolemy.moml.MoMLSimpleApplication@2bc7382
reloadAllAccessors: .ExecutionTimeSDF

===========================================================================================
----------------- testing Thu Feb 07 03:27:54 UTC 2019 /home/travis/build/icyphy/ptII/ptolemy/actor/lib/test/auto/Expression1.xml
----------------- Instantiating /home/travis/build/icyphy/ptII/ptolemy/actor/lib/test/auto/Expression1.xml
2 ms. Memory: 1106432K Free: 379165K (34%)
----------------- Invoking toplevel() on ptolemy.moml.MoMLSimpleApplication@46b5f52f
----------------- Done invoking toplevel() on ptolemy.moml.MoMLSimpleApplication@46b5f52f
reloadAllAccessors: .Expression1

===========================================================================================
----------------- testing Thu Feb 07 03:27:55 UTC 2019 /home/travis/build/icyphy/ptII/ptolemy/actor/lib/test/auto/Expression10.xml
----------------- Instantiating /home/travis/build/icyphy/ptII/ptolemy/actor/lib/test/auto/Expression10.xml
5 ms. Memory: 1106432K Free: 360659K (33%)
----------------- Invoking toplevel() on ptolemy.moml.MoMLSimpleApplication@39ee48c7
----------------- Done invoking toplevel() on ptolemy.moml.MoMLSimpleApplication@39ee48c7
reloadAllAccessors: .Expression10

===========================================================================================
----------------- testing Thu Feb 07 03:27:55 UTC 2019 /home/travis/build/icyphy/ptII/ptolemy/actor/lib/test/auto/Expression11.xml
----------------- Instantiating /home/travis/build/icyphy/ptII/ptolemy/actor/lib/test/auto/Expression11.xml
2 ms. Memory: 1106432K Free: 350778K (32%)
----------------- Invoking toplevel() on ptolemy.moml.MoMLSimpleApplication@54da7ab8
----------------- Done invoking toplevel() on ptolemy.moml.MoMLSimpleApplication@54da7ab8
reloadAllAccessors: .Expression11

===========================================================================================
----------------- testing Thu Feb 07 03:27:55 UTC 2019 /home/travis/build/icyphy/ptII/ptolemy/actor/lib/test/auto/Expression12.xml
----------------- Instantiating /home/travis/build/icyphy/ptII/ptolemy/actor/lib/test/auto/Expression12.xml
3 ms. Memory: 1106432K Free: 340896K (31%)
----------------- Invoking toplevel() on ptolemy.moml.MoMLSimpleApplication@3386090
----------------- Done invoking toplevel() on ptolemy.moml.MoMLSimpleApplication@3386090
reloadAllAccessors: .Expression12

===========================================================================================
----------------- testing Thu Feb 07 03:27:55 UTC 2019 /home/travis/build/icyphy/ptII/ptolemy/actor/lib/test/auto/Expression13.xml
----------------- Instantiating /home/travis/build/icyphy/ptII/ptolemy/actor/lib/test/auto/Expression13.xml
4 ms. Memory: 1106432K Free: 331014K (30%)
----------------- Invoking toplevel() on ptolemy.moml.MoMLSimpleApplication@7207b12
----------------- Done invoking toplevel() on ptolemy.moml.MoMLSimpleApplication@7207b12
reloadAllAccessors: .Expression13

===========================================================================================
----------------- testing Thu Feb 07 03:27:55 UTC 2019 /home/travis/build/icyphy/ptII/ptolemy/actor/lib/test/auto/Expression14.xml
----------------- Instantiating /home/travis/build/icyphy/ptII/ptolemy/actor/lib/test/auto/Expression14.xml
5 ms. Memory: 1106432K Free: 312509K (28%)
----------------- Invoking toplevel() on ptolemy.moml.MoMLSimpleApplication@3c625a28
----------------- Done invoking toplevel() on ptolemy.moml.MoMLSimpleApplication@3c625a28
reloadAllAccessors: .Expression14

===========================================================================================
----------------- testing Thu Feb 07 03:27:55 UTC 2019 /home/travis/build/icyphy/ptII/ptolemy/actor/lib/test/auto/Expression15.xml
----------------- Instantiating /home/travis/build/icyphy/ptII/ptolemy/actor/lib/test/auto/Expression15.xml
1 ms. Memory: 1106432K Free: 302627K (27%)
----------------- Invoking toplevel() on ptolemy.moml.MoMLSimpleApplication@57b3bdbe
----------------- Done invoking toplevel() on ptolemy.moml.MoMLSimpleApplication@57b3bdbe
reloadAllAccessors: .Expression15

===========================================================================================
----------------- testing Thu Feb 07 03:27:55 UTC 2019 /home/travis/build/icyphy/ptII/ptolemy/actor/lib/test/auto/Expression16.xml
----------------- Instantiating /home/travis/build/icyphy/ptII/ptolemy/actor/lib/test/auto/Expression16.xml
2 ms. Memory: 1106432K Free: 292745K (26%)
----------------- Invoking toplevel() on ptolemy.moml.MoMLSimpleApplication@5345d87c
----------------- Done invoking toplevel() on ptolemy.moml.MoMLSimpleApplication@5345d87c
reloadAllAccessors: .Expression16

===========================================================================================
----------------- testing Thu Feb 07 03:27:55 UTC 2019 /home/travis/build/icyphy/ptII/ptolemy/actor/lib/test/auto/Expression17.xml
----------------- Instantiating /home/travis/build/icyphy/ptII/ptolemy/actor/lib/test/auto/Expression17.xml
3 ms. Memory: 1106432K Free: 274240K (25%)
----------------- Invoking toplevel() on ptolemy.moml.MoMLSimpleApplication@779b1ec
----------------- Done invoking toplevel() on ptolemy.moml.MoMLSimpleApplication@779b1ec
reloadAllAccessors: .Expression17

===========================================================================================
----------------- testing Thu Feb 07 03:27:55 UTC 2019 /home/travis/build/icyphy/ptII/ptolemy/actor/lib/test/auto/Expression18.xml
----------------- Instantiating /home/travis/build/icyphy/ptII/ptolemy/actor/lib/test/auto/Expression18.xml
2 ms. Memory: 1106432K Free: 264358K (24%)
----------------- Invoking toplevel() on ptolemy.moml.MoMLSimpleApplication@2c264bdc
----------------- Done invoking toplevel() on ptolemy.moml.MoMLSimpleApplication@2c264bdc
reloadAllAccessors: .Expression18

===========================================================================================
----------------- testing Thu Feb 07 03:27:55 UTC 2019 /home/travis/build/icyphy/ptII/ptolemy/actor/lib/test/auto/Expression2.xml
----------------- Instantiating /home/travis/build/icyphy/ptII/ptolemy/actor/lib/test/auto/Expression2.xml
4 ms. Memory: 1106432K Free: 254476K (23%)
----------------- Invoking toplevel() on ptolemy.moml.MoMLSimpleApplication@12ded3bd
----------------- Done invoking toplevel() on ptolemy.moml.MoMLSimpleApplication@12ded3bd
reloadAllAccessors: .Expression2

===========================================================================================
----------------- testing Thu Feb 07 03:27:55 UTC 2019 /home/travis/build/icyphy/ptII/ptolemy/actor/lib/test/auto/Expression3.xml
----------------- Instantiating /home/travis/build/icyphy/ptII/ptolemy/actor/lib/test/auto/Expression3.xml
2 ms. Memory: 1106432K Free: 244595K (22%)
----------------- Invoking toplevel() on ptolemy.moml.MoMLSimpleApplication@4abf1e55
----------------- Done invoking toplevel() on ptolemy.moml.MoMLSimpleApplication@4abf1e55
reloadAllAccessors: .Expression3

===========================================================================================
----------------- testing Thu Feb 07 03:27:55 UTC 2019 /home/travis/build/icyphy/ptII/ptolemy/actor/lib/test/auto/Expression4.xml
----------------- Instantiating /home/travis/build/icyphy/ptII/ptolemy/actor/lib/test/auto/Expression4.xml
5 ms. Memory: 1106432K Free: 221132K (20%)
----------------- Invoking toplevel() on ptolemy.moml.MoMLSimpleApplication@2b3b05c8
----------------- Done invoking toplevel() on ptolemy.moml.MoMLSimpleApplication@2b3b05c8
reloadAllAccessors: .Expression4

===========================================================================================
----------------- testing Thu Feb 07 03:27:55 UTC 2019 /home/travis/build/icyphy/ptII/ptolemy/actor/lib/test/auto/Expression5.xml
----------------- Instantiating /home/travis/build/icyphy/ptII/ptolemy/actor/lib/test/auto/Expression5.xml
3 ms. Memory: 1106432K Free: 207076K (19%)
----------------- Invoking toplevel() on ptolemy.moml.MoMLSimpleApplication@6ea0a73d
----------------- Done invoking toplevel() on ptolemy.moml.MoMLSimpleApplication@6ea0a73d
reloadAllAccessors: .Expression5

===========================================================================================
----------------- testing Thu Feb 07 03:27:55 UTC 2019 /home/travis/build/icyphy/ptII/ptolemy/actor/lib/test/auto/Expression6.xml
----------------- Instantiating /home/travis/build/icyphy/ptII/ptolemy/actor/lib/test/auto/Expression6.xml
3 ms. Memory: 1106432K Free: 197194K (18%)
----------------- Invoking toplevel() on ptolemy.moml.MoMLSimpleApplication@3f808cf6
----------------- Done invoking toplevel() on ptolemy.moml.MoMLSimpleApplication@3f808cf6
reloadAllAccessors: .Expression6

===========================================================================================
----------------- testing Thu Feb 07 03:27:55 UTC 2019 /home/travis/build/icyphy/ptII/ptolemy/actor/lib/test/auto/Expression7.xml
----------------- Instantiating /home/travis/build/icyphy/ptII/ptolemy/actor/lib/test/auto/Expression7.xml
3 ms. Memory: 1106432K Free: 187312K (17%)
----------------- Invoking toplevel() on ptolemy.moml.MoMLSimpleApplication@3b52601a
----------------- Done invoking toplevel() on ptolemy.moml.MoMLSimpleApplication@3b52601a
reloadAllAccessors: .Expression7

===========================================================================================
----------------- testing Thu Feb 07 03:27:55 UTC 2019 /home/travis/build/icyphy/ptII/ptolemy/actor/lib/test/auto/Expression8.xml
----------------- Instantiating /home/travis/build/icyphy/ptII/ptolemy/actor/lib/test/auto/Expression8.xml
4 ms. Memory: 1106432K Free: 168807K (15%)
----------------- Invoking toplevel() on ptolemy.moml.MoMLSimpleApplication@79cca50e
----------------- Done invoking toplevel() on ptolemy.moml.MoMLSimpleApplication@79cca50e
reloadAllAccessors: .Expression8

===========================================================================================
----------------- testing Thu Feb 07 03:27:55 UTC 2019 /home/travis/build/icyphy/ptII/ptolemy/actor/lib/test/auto/Expression9.xml
----------------- Instantiating /home/travis/build/icyphy/ptII/ptolemy/actor/lib/test/auto/Expression9.xml
2 ms. Memory: 1106432K Free: 158925K (14%)
----------------- Invoking toplevel() on ptolemy.moml.MoMLSimpleApplication@4d76c209
----------------- Done invoking toplevel() on ptolemy.moml.MoMLSimpleApplication@4d76c209
reloadAllAccessors: .Expression9

===========================================================================================
----------------- testing Thu Feb 07 03:27:55 UTC 2019 /home/travis/build/icyphy/ptII/ptolemy/actor/lib/test/auto/ExpressionConcatenateArrayType.xml
----------------- Instantiating /home/travis/build/icyphy/ptII/ptolemy/actor/lib/test/auto/ExpressionConcatenateArrayType.xml
2 ms. Memory: 1106432K Free: 144102K (13%)
----------------- Invoking toplevel() on ptolemy.moml.MoMLSimpleApplication@3244512b
----------------- Done invoking toplevel() on ptolemy.moml.MoMLSimpleApplication@3244512b
reloadAllAccessors: .ExpressionConcatenateArrayType

===========================================================================================
----------------- testing Thu Feb 07 03:27:55 UTC 2019 /home/travis/build/icyphy/ptII/ptolemy/actor/lib/test/auto/ExpressionConcatenateArrayType2.xml
----------------- Instantiating /home/travis/build/icyphy/ptII/ptolemy/actor/lib/test/auto/ExpressionConcatenateArrayType2.xml
2 ms. Memory: 1106432K Free: 125597K (11%)
----------------- Invoking toplevel() on ptolemy.moml.MoMLSimpleApplication@2b868df9
----------------- Done invoking toplevel() on ptolemy.moml.MoMLSimpleApplication@2b868df9
reloadAllAccessors: .ExpressionConcatenateArrayType2

===========================================================================================
----------------- testing Thu Feb 07 03:27:55 UTC 2019 /home/travis/build/icyphy/ptII/ptolemy/actor/lib/test/auto/ExpressionFix.xml
----------------- Instantiating /home/travis/build/icyphy/ptII/ptolemy/actor/lib/test/auto/ExpressionFix.xml
9 ms. Memory: 1106432K Free: 115715K (10%)
----------------- Invoking toplevel() on ptolemy.moml.MoMLSimpleApplication@1c467d4b
----------------- Done invoking toplevel() on ptolemy.moml.MoMLSimpleApplication@1c467d4b
reloadAllAccessors: .ExpressionFix

===========================================================================================
----------------- testing Thu Feb 07 03:27:55 UTC 2019 /home/travis/build/icyphy/ptII/ptolemy/actor/lib/test/auto/ExpressionFix2.xml
----------------- Instantiating /home/travis/build/icyphy/ptII/ptolemy/actor/lib/test/auto/ExpressionFix2.xml
5 ms. Memory: 1106432K Free: 105833K (10%)
----------------- Invoking toplevel() on ptolemy.moml.MoMLSimpleApplication@1a328c31
----------------- Done invoking toplevel() on ptolemy.moml.MoMLSimpleApplication@1a328c31
reloadAllAccessors: .ExpressionFix2

===========================================================================================
----------------- testing Thu Feb 07 03:27:55 UTC 2019 /home/travis/build/icyphy/ptII/ptolemy/actor/lib/test/auto/ExpressionFix3.xml
----------------- Instantiating /home/travis/build/icyphy/ptII/ptolemy/actor/lib/test/auto/ExpressionFix3.xml
4 ms. Memory: 1106432K Free: 95952K (9%)
----------------- Invoking toplevel() on ptolemy.moml.MoMLSimpleApplication@12dbffdc
----------------- Done invoking toplevel() on ptolemy.moml.MoMLSimpleApplication@12dbffdc
reloadAllAccessors: .ExpressionFix3

===========================================================================================
----------------- testing Thu Feb 07 03:27:55 UTC 2019 /home/travis/build/icyphy/ptII/ptolemy/actor/lib/test/auto/FileWriter1.xml
----------------- Instantiating /home/travis/build/icyphy/ptII/ptolemy/actor/lib/test/auto/FileWriter1.xml
2 ms. Memory: 1106432K Free: 81144K (7%)
----------------- Invoking toplevel() on ptolemy.moml.MoMLSimpleApplication@5e5f798c
----------------- Done invoking toplevel() on ptolemy.moml.MoMLSimpleApplication@5e5f798c
reloadAllAccessors: .FileWriter1

===========================================================================================
----------------- testing Thu Feb 07 03:27:55 UTC 2019 /home/travis/build/icyphy/ptII/ptolemy/actor/lib/test/auto/FileWriter2.xml
----------------- Instantiating /home/travis/build/icyphy/ptII/ptolemy/actor/lib/test/auto/FileWriter2.xml
3 ms. Memory: 1268736K Free: 1219164K (96%)
----------------- Invoking toplevel() on ptolemy.moml.MoMLSimpleApplication@56e63f2f
----------------- Done invoking toplevel() on ptolemy.moml.MoMLSimpleApplication@56e63f2f
reloadAllAccessors: .FileWriter2

===========================================================================================
----------------- testing Thu Feb 07 03:27:55 UTC 2019 /home/travis/build/icyphy/ptII/ptolemy/actor/lib/test/auto/FileWriter3.xml
----------------- Instantiating /home/travis/build/icyphy/ptII/ptolemy/actor/lib/test/auto/FileWriter3.xml
2 ms. Memory: 1268736K Free: 1199853K (95%)
----------------- Invoking toplevel() on ptolemy.moml.MoMLSimpleApplication@df453fe
----------------- Done invoking toplevel() on ptolemy.moml.MoMLSimpleApplication@df453fe
reloadAllAccessors: .FileWriter3

===========================================================================================
----------------- testing Thu Feb 07 03:27:55 UTC 2019 /home/travis/build/icyphy/ptII/ptolemy/actor/lib/test/auto/Gaussian.xml
----------------- Instantiating /home/travis/build/icyphy/ptII/ptolemy/actor/lib/test/auto/Gaussian.xml
2 ms. Memory: 1268736K Free: 1188169K (94%)
----------------- Invoking toplevel() on ptolemy.moml.MoMLSimpleApplication@1766394e
----------------- Done invoking toplevel() on ptolemy.moml.MoMLSimpleApplication@1766394e
reloadAllAccessors: .Gaussian

===========================================================================================
----------------- testing Thu Feb 07 03:27:55 UTC 2019 /home/travis/build/icyphy/ptII/ptolemy/actor/lib/test/auto/Gaussian1.xml
----------------- Instantiating /home/travis/build/icyphy/ptII/ptolemy/actor/lib/test/auto/Gaussian1.xml
4 ms. Memory: 1268736K Free: 1176486K (93%)
----------------- Invoking toplevel() on ptolemy.moml.MoMLSimpleApplication@7b661365
----------------- Done invoking toplevel() on ptolemy.moml.MoMLSimpleApplication@7b661365
reloadAllAccessors: .Gaussian1

===========================================================================================
----------------- testing Thu Feb 07 03:27:55 UTC 2019 /home/travis/build/icyphy/ptII/ptolemy/actor/lib/test/auto/Gaussian2.xml
----------------- Instantiating /home/travis/build/icyphy/ptII/ptolemy/actor/lib/test/auto/Gaussian2.xml
2 ms. Memory: 1268736K Free: 1157174K (91%)
----------------- Invoking toplevel() on ptolemy.moml.MoMLSimpleApplication@17e7bc8b
----------------- Done invoking toplevel() on ptolemy.moml.MoMLSimpleApplication@17e7bc8b
reloadAllAccessors: .Gaussian2

===========================================================================================
----------------- testing Thu Feb 07 03:27:55 UTC 2019 /home/travis/build/icyphy/ptII/ptolemy/actor/lib/test/auto/GradientAdaptiveLattice.xml
----------------- Instantiating /home/travis/build/icyphy/ptII/ptolemy/actor/lib/test/auto/GradientAdaptiveLattice.xml
3 ms. Memory: 1268736K Free: 1145490K (90%)
----------------- Invoking toplevel() on ptolemy.moml.MoMLSimpleApplication@78f94f04
----------------- Done invoking toplevel() on ptolemy.moml.MoMLSimpleApplication@78f94f04
reloadAllAccessors: .GradientAdaptiveLattice

===========================================================================================
----------------- testing Thu Feb 07 03:27:55 UTC 2019 /home/travis/build/icyphy/ptII/ptolemy/actor/lib/test/auto/IIR.xml
----------------- Instantiating /home/travis/build/icyphy/ptII/ptolemy/actor/lib/test/auto/IIR.xml
1 ms. Memory: 1268736K Free: 1133807K (89%)
----------------- Invoking toplevel() on ptolemy.moml.MoMLSimpleApplication@8de076d
----------------- Done invoking toplevel() on ptolemy.moml.MoMLSimpleApplication@8de076d
reloadAllAccessors: .IIR

===========================================================================================
----------------- testing Thu Feb 07 03:27:55 UTC 2019 /home/travis/build/icyphy/ptII/ptolemy/actor/lib/test/auto/InputOutputTransparentPorts.xml
----------------- Instantiating /home/travis/build/icyphy/ptII/ptolemy/actor/lib/test/auto/InputOutputTransparentPorts.xml
1 ms. Memory: 1268736K Free: 1114495K (88%)
----------------- Invoking toplevel() on ptolemy.moml.MoMLSimpleApplication@271663e7
----------------- Done invoking toplevel() on ptolemy.moml.MoMLSimpleApplication@271663e7
reloadAllAccessors: .InputOutputTransparentPorts

===========================================================================================
----------------- testing Thu Feb 07 03:27:55 UTC 2019 /home/travis/build/icyphy/ptII/ptolemy/actor/lib/test/auto/Interpolator.xml
----------------- Instantiating /home/travis/build/icyphy/ptII/ptolemy/actor/lib/test/auto/Interpolator.xml
6 ms. Memory: 1268736K Free: 1102811K (87%)
----------------- Invoking toplevel() on ptolemy.moml.MoMLSimpleApplication@5832f805
----------------- Done invoking toplevel() on ptolemy.moml.MoMLSimpleApplication@5832f805
reloadAllAccessors: .Interpolator

===========================================================================================
----------------- testing Thu Feb 07 03:27:55 UTC 2019 /home/travis/build/icyphy/ptII/ptolemy/actor/lib/test/auto/InterpolatorFiringLimitDE.xml
----------------- Instantiating /home/travis/build/icyphy/ptII/ptolemy/actor/lib/test/auto/InterpolatorFiringLimitDE.xml
2 ms. Memory: 1268736K Free: 1091128K (86%)
----------------- Invoking toplevel() on ptolemy.moml.MoMLSimpleApplication@79ab3e09
----------------- Done invoking toplevel() on ptolemy.moml.MoMLSimpleApplication@79ab3e09
reloadAllAccessors: .InterpolatorFiringLimitDE

===========================================================================================
----------------- testing Thu Feb 07 03:27:55 UTC 2019 /home/travis/build/icyphy/ptII/ptolemy/actor/lib/test/auto/Lattice.xml
----------------- Instantiating /home/travis/build/icyphy/ptII/ptolemy/actor/lib/test/auto/Lattice.xml
1 ms. Memory: 1268736K Free: 1071816K (84%)
----------------- Invoking toplevel() on ptolemy.moml.MoMLSimpleApplication@53b2c9da
----------------- Done invoking toplevel() on ptolemy.moml.MoMLSimpleApplication@53b2c9da
reloadAllAccessors: .Lattice

===========================================================================================
----------------- testing Thu Feb 07 03:27:55 UTC 2019 /home/travis/build/icyphy/ptII/ptolemy/actor/lib/test/auto/LazyAOCTestLazy.xml
----------------- Instantiating /home/travis/build/icyphy/ptII/ptolemy/actor/lib/test/auto/LazyAOCTestLazy.xml
8 ms. Memory: 1268736K Free: 1060132K (84%)
----------------- Invoking toplevel() on ptolemy.moml.MoMLSimpleApplication@626cf916
----------------- Done invoking toplevel() on ptolemy.moml.MoMLSimpleApplication@626cf916
reloadAllAccessors: .LazyAOCTestLazy

===========================================================================================
----------------- testing Thu Feb 07 03:27:55 UTC 2019 /home/travis/build/icyphy/ptII/ptolemy/actor/lib/test/auto/LazyAOCTestNonLazy.xml
----------------- Instantiating /home/travis/build/icyphy/ptII/ptolemy/actor/lib/test/auto/LazyAOCTestNonLazy.xml
1 ms. Memory: 1268736K Free: 1048448K (83%)
----------------- Invoking toplevel() on ptolemy.moml.MoMLSimpleApplication@268882b1
----------------- Done invoking toplevel() on ptolemy.moml.MoMLSimpleApplication@268882b1
reloadAllAccessors: .LazyAOCTestNonLazy

===========================================================================================
----------------- testing Thu Feb 07 03:27:55 UTC 2019 /home/travis/build/icyphy/ptII/ptolemy/actor/lib/test/auto/LazyInnerClass.xml
----------------- Instantiating /home/travis/build/icyphy/ptII/ptolemy/actor/lib/test/auto/LazyInnerClass.xml
18 ms. Memory: 1268736K Free: 1036765K (82%)
----------------- Invoking toplevel() on ptolemy.moml.MoMLSimpleApplication@3318eb0d
----------------- Done invoking toplevel() on ptolemy.moml.MoMLSimpleApplication@3318eb0d
reloadAllAccessors: .LazyInnerClass

===========================================================================================
----------------- testing Thu Feb 07 03:27:55 UTC 2019 /home/travis/build/icyphy/ptII/ptolemy/actor/lib/test/auto/LazyPubSub.xml
----------------- Instantiating /home/travis/build/icyphy/ptII/ptolemy/actor/lib/test/auto/LazyPubSub.xml
26 ms. Memory: 1268736K Free: 1017453K (80%)
----------------- Invoking toplevel() on ptolemy.moml.MoMLSimpleApplication@6dc6615e
----------------- Done invoking toplevel() on ptolemy.moml.MoMLSimpleApplication@6dc6615e
reloadAllAccessors: .LazyPubSub

===========================================================================================
----------------- testing Thu Feb 07 03:27:55 UTC 2019 /home/travis/build/icyphy/ptII/ptolemy/actor/lib/test/auto/LazyPubSub2.xml
----------------- Instantiating /home/travis/build/icyphy/ptII/ptolemy/actor/lib/test/auto/LazyPubSub2.xml
21 ms. Memory: 1268736K Free: 1005667K (79%)
----------------- Invoking toplevel() on ptolemy.moml.MoMLSimpleApplication@2cd7a689
----------------- Done invoking toplevel() on ptolemy.moml.MoMLSimpleApplication@2cd7a689
reloadAllAccessors: .LazyPubSub2

===========================================================================================
----------------- testing Thu Feb 07 03:27:55 UTC 2019 /home/travis/build/icyphy/ptII/ptolemy/actor/lib/test/auto/LazyPubSub3.xml
----------------- Instantiating /home/travis/build/icyphy/ptII/ptolemy/actor/lib/test/auto/LazyPubSub3.xml
17 ms. Memory: 1268736K Free: 993983K (78%)
----------------- Invoking toplevel() on ptolemy.moml.MoMLSimpleApplication@e7ce695
----------------- Done invoking toplevel() on ptolemy.moml.MoMLSimpleApplication@e7ce695
reloadAllAccessors: .LazyPubSub3

===========================================================================================
----------------- testing Thu Feb 07 03:27:55 UTC 2019 /home/travis/build/icyphy/ptII/ptolemy/actor/lib/test/auto/LazySubClassModel.xml
----------------- Instantiating /home/travis/build/icyphy/ptII/ptolemy/actor/lib/test/auto/LazySubClassModel.xml
1 ms. Memory: 1268736K Free: 968814K (76%)
----------------- Invoking toplevel() on ptolemy.moml.MoMLSimpleApplication@31ac770a
----------------- Done invoking toplevel() on ptolemy.moml.MoMLSimpleApplication@31ac770a
reloadAllAccessors: .LazySubClassModel

===========================================================================================
----------------- testing Thu Feb 07 03:27:56 UTC 2019 /home/travis/build/icyphy/ptII/ptolemy/actor/lib/test/auto/LevelCrossTest1.xml
----------------- Instantiating /home/travis/build/icyphy/ptII/ptolemy/actor/lib/test/auto/LevelCrossTest1.xml
2 ms. Memory: 1268736K Free: 957130K (75%)
----------------- Invoking toplevel() on ptolemy.moml.MoMLSimpleApplication@68927856
----------------- Done invoking toplevel() on ptolemy.moml.MoMLSimpleApplication@68927856
reloadAllAccessors: .broken

===========================================================================================
----------------- testing Thu Feb 07 03:27:56 UTC 2019 /home/travis/build/icyphy/ptII/ptolemy/actor/lib/test/auto/LevelCrossTest10.xml
----------------- Instantiating /home/travis/build/icyphy/ptII/ptolemy/actor/lib/test/auto/LevelCrossTest10.xml
1 ms. Memory: 1268736K Free: 945446K (75%)
----------------- Invoking toplevel() on ptolemy.moml.MoMLSimpleApplication@6a4309ba
----------------- Done invoking toplevel() on ptolemy.moml.MoMLSimpleApplication@6a4309ba
reloadAllAccessors: .LevelCrossTest10

===========================================================================================
----------------- testing Thu Feb 07 03:27:56 UTC 2019 /home/travis/build/icyphy/ptII/ptolemy/actor/lib/test/auto/LevelCrossTest11.xml
----------------- Instantiating /home/travis/build/icyphy/ptII/ptolemy/actor/lib/test/auto/LevelCrossTest11.xml
0 ms. Memory: 1268736K Free: 926135K (73%)
----------------- Invoking toplevel() on ptolemy.moml.MoMLSimpleApplication@3be4bc92
----------------- Done invoking toplevel() on ptolemy.moml.MoMLSimpleApplication@3be4bc92
reloadAllAccessors: .LevelCrossTest11

===========================================================================================
----------------- testing Thu Feb 07 03:27:56 UTC 2019 /home/travis/build/icyphy/ptII/ptolemy/actor/lib/test/auto/LevelCrossTest12.xml
----------------- Instantiating /home/travis/build/icyphy/ptII/ptolemy/actor/lib/test/auto/LevelCrossTest12.xml
1 ms. Memory: 1268736K Free: 914451K (72%)
----------------- Invoking toplevel() on ptolemy.moml.MoMLSimpleApplication@48cf064
----------------- Done invoking toplevel() on ptolemy.moml.MoMLSimpleApplication@48cf064
reloadAllAccessors: .LevelCrossTest12

===========================================================================================
----------------- testing Thu Feb 07 03:27:56 UTC 2019 /home/travis/build/icyphy/ptII/ptolemy/actor/lib/test/auto/LevelCrossTest13.xml
----------------- Instantiating /home/travis/build/icyphy/ptII/ptolemy/actor/lib/test/auto/LevelCrossTest13.xml
0 ms. Memory: 1268736K Free: 902767K (71%)
----------------- Invoking toplevel() on ptolemy.moml.MoMLSimpleApplication@5656e086
----------------- Done invoking toplevel() on ptolemy.moml.MoMLSimpleApplication@5656e086
reloadAllAccessors: .LevelCrossTest13

===========================================================================================
----------------- testing Thu Feb 07 03:27:56 UTC 2019 /home/travis/build/icyphy/ptII/ptolemy/actor/lib/test/auto/LevelCrossTest2.xml
----------------- Instantiating /home/travis/build/icyphy/ptII/ptolemy/actor/lib/test/auto/LevelCrossTest2.xml
1 ms. Memory: 1268736K Free: 883456K (70%)
----------------- Invoking toplevel() on ptolemy.moml.MoMLSimpleApplication@2bde9081
----------------- Done invoking toplevel() on ptolemy.moml.MoMLSimpleApplication@2bde9081
reloadAllAccessors: .broken

===========================================================================================
----------------- testing Thu Feb 07 03:27:56 UTC 2019 /home/travis/build/icyphy/ptII/ptolemy/actor/lib/test/auto/LevelCrossTest3.xml
----------------- Instantiating /home/travis/build/icyphy/ptII/ptolemy/actor/lib/test/auto/LevelCrossTest3.xml
1 ms. Memory: 1268736K Free: 871772K (69%)
----------------- Invoking toplevel() on ptolemy.moml.MoMLSimpleApplication@7bc9dc58
----------------- Done invoking toplevel() on ptolemy.moml.MoMLSimpleApplication@7bc9dc58
reloadAllAccessors: .LevelCrossTest3

===========================================================================================
----------------- testing Thu Feb 07 03:27:56 UTC 2019 /home/travis/build/icyphy/ptII/ptolemy/actor/lib/test/auto/LevelCrossTest4.xml
----------------- Instantiating /home/travis/build/icyphy/ptII/ptolemy/actor/lib/test/auto/LevelCrossTest4.xml
1 ms. Memory: 1268736K Free: 860088K (68%)
----------------- Invoking toplevel() on ptolemy.moml.MoMLSimpleApplication@7356dba8
----------------- Done invoking toplevel() on ptolemy.moml.MoMLSimpleApplication@7356dba8
reloadAllAccessors: .broken

===========================================================================================
----------------- testing Thu Feb 07 03:27:56 UTC 2019 /home/travis/build/icyphy/ptII/ptolemy/actor/lib/test/auto/LevelCrossTest5.xml
----------------- Instantiating /home/travis/build/icyphy/ptII/ptolemy/actor/lib/test/auto/LevelCrossTest5.xml
1 ms. Memory: 1268736K Free: 840777K (66%)
----------------- Invoking toplevel() on ptolemy.moml.MoMLSimpleApplication@39d9be0d
----------------- Done invoking toplevel() on ptolemy.moml.MoMLSimpleApplication@39d9be0d
reloadAllAccessors: .LevelCrossTest5

===========================================================================================
----------------- testing Thu Feb 07 03:27:56 UTC 2019 /home/travis/build/icyphy/ptII/ptolemy/actor/lib/test/auto/LevelCrossTest6.xml
----------------- Instantiating /home/travis/build/icyphy/ptII/ptolemy/actor/lib/test/auto/LevelCrossTest6.xml
4 ms. Memory: 1268736K Free: 829093K (65%)
----------------- Invoking toplevel() on ptolemy.moml.MoMLSimpleApplication@57b0ed86
----------------- Done invoking toplevel() on ptolemy.moml.MoMLSimpleApplication@57b0ed86
reloadAllAccessors: .LevelCrossTest6

===========================================================================================
----------------- testing Thu Feb 07 03:27:56 UTC 2019 /home/travis/build/icyphy/ptII/ptolemy/actor/lib/test/auto/LevelCrossTest7.xml
----------------- Instantiating /home/travis/build/icyphy/ptII/ptolemy/actor/lib/test/auto/LevelCrossTest7.xml
1 ms. Memory: 1268736K Free: 811567K (64%)
----------------- Invoking toplevel() on ptolemy.moml.MoMLSimpleApplication@4a3c3931
----------------- Done invoking toplevel() on ptolemy.moml.MoMLSimpleApplication@4a3c3931
reloadAllAccessors: .LevelCrossTest7

===========================================================================================
----------------- testing Thu Feb 07 03:27:56 UTC 2019 /home/travis/build/icyphy/ptII/ptolemy/actor/lib/test/auto/LevelCrossTest8.xml
----------------- Instantiating /home/travis/build/icyphy/ptII/ptolemy/actor/lib/test/auto/LevelCrossTest8.xml
1 ms. Memory: 1268736K Free: 799883K (63%)
----------------- Invoking toplevel() on ptolemy.moml.MoMLSimpleApplication@41479827
----------------- Done invoking toplevel() on ptolemy.moml.MoMLSimpleApplication@41479827
reloadAllAccessors: .LevelCrossTest8

===========================================================================================
----------------- testing Thu Feb 07 03:27:56 UTC 2019 /home/travis/build/icyphy/ptII/ptolemy/actor/lib/test/auto/LevelCrossTest9.xml
----------------- Instantiating /home/travis/build/icyphy/ptII/ptolemy/actor/lib/test/auto/LevelCrossTest9.xml
1 ms. Memory: 1268736K Free: 780572K (62%)
----------------- Invoking toplevel() on ptolemy.moml.MoMLSimpleApplication@5d9ee089
----------------- Done invoking toplevel() on ptolemy.moml.MoMLSimpleApplication@5d9ee089
reloadAllAccessors: .LevelCrossTest9

===========================================================================================
----------------- testing Thu Feb 07 03:27:56 UTC 2019 /home/travis/build/icyphy/ptII/ptolemy/actor/lib/test/auto/LevinsonDurbin.xml
----------------- Instantiating /home/travis/build/icyphy/ptII/ptolemy/actor/lib/test/auto/LevinsonDurbin.xml
1 ms. Memory: 1268736K Free: 768888K (61%)
----------------- Invoking toplevel() on ptolemy.moml.MoMLSimpleApplication@7f9a109c
----------------- Done invoking toplevel() on ptolemy.moml.MoMLSimpleApplication@7f9a109c
reloadAllAccessors: .LevinsonDurbin

===========================================================================================
----------------- testing Thu Feb 07 03:27:56 UTC 2019 /home/travis/build/icyphy/ptII/ptolemy/actor/lib/test/auto/LevinsonDurbin2.xml
----------------- Instantiating /home/travis/build/icyphy/ptII/ptolemy/actor/lib/test/auto/LevinsonDurbin2.xml
1 ms. Memory: 1268736K Free: 757204K (60%)
----------------- Invoking toplevel() on ptolemy.moml.MoMLSimpleApplication@3b9d81a0
----------------- Done invoking toplevel() on ptolemy.moml.MoMLSimpleApplication@3b9d81a0
reloadAllAccessors: .LevinsonDurbin2

===========================================================================================
----------------- testing Thu Feb 07 03:27:56 UTC 2019 /home/travis/build/icyphy/ptII/ptolemy/actor/lib/test/auto/LevinsonDurbin3.xml
----------------- Instantiating /home/travis/build/icyphy/ptII/ptolemy/actor/lib/test/auto/LevinsonDurbin3.xml
2 ms. Memory: 1268736K Free: 737893K (58%)
----------------- Invoking toplevel() on ptolemy.moml.MoMLSimpleApplication@67e55e64
----------------- Done invoking toplevel() on ptolemy.moml.MoMLSimpleApplication@67e55e64
reloadAllAccessors: .LevinsonDurbin3

===========================================================================================
----------------- testing Thu Feb 07 03:27:56 UTC 2019 /home/travis/build/icyphy/ptII/ptolemy/actor/lib/test/auto/Limiter.xml
----------------- Instantiating /home/travis/build/icyphy/ptII/ptolemy/actor/lib/test/auto/Limiter.xml
3 ms. Memory: 1268736K Free: 720351K (57%)
----------------- Invoking toplevel() on ptolemy.moml.MoMLSimpleApplication@47625810
----------------- Done invoking toplevel() on ptolemy.moml.MoMLSimpleApplication@47625810
reloadAllAccessors: .Limiter

===========================================================================================
----------------- testing Thu Feb 07 03:27:56 UTC 2019 /home/travis/build/icyphy/ptII/ptolemy/actor/lib/test/auto/LinearDifferenceEquationSystem.xml
----------------- Instantiating /home/travis/build/icyphy/ptII/ptolemy/actor/lib/test/auto/LinearDifferenceEquationSystem.xml
2 ms. Memory: 1268736K Free: 708667K (56%)
----------------- Invoking toplevel() on ptolemy.moml.MoMLSimpleApplication@db23b3a
----------------- Done invoking toplevel() on ptolemy.moml.MoMLSimpleApplication@db23b3a
reloadAllAccessors: .LinearDifferenceEquationSystem

===========================================================================================
----------------- testing Thu Feb 07 03:27:56 UTC 2019 /home/travis/build/icyphy/ptII/ptolemy/actor/lib/test/auto/LookupTable.xml
----------------- Instantiating /home/travis/build/icyphy/ptII/ptolemy/actor/lib/test/auto/LookupTable.xml
1 ms. Memory: 1268736K Free: 689356K (54%)
----------------- Invoking toplevel() on ptolemy.moml.MoMLSimpleApplication@77f7703b
----------------- Done invoking toplevel() on ptolemy.moml.MoMLSimpleApplication@77f7703b
reloadAllAccessors: .LookupTable

===========================================================================================
----------------- testing Thu Feb 07 03:27:56 UTC 2019 /home/travis/build/icyphy/ptII/ptolemy/actor/lib/test/auto/MathFunction.xml
----------------- Instantiating /home/travis/build/icyphy/ptII/ptolemy/actor/lib/test/auto/MathFunction.xml
2 ms. Memory: 1268736K Free: 671814K (53%)
----------------- Invoking toplevel() on ptolemy.moml.MoMLSimpleApplication@29c351ba
----------------- Done invoking toplevel() on ptolemy.moml.MoMLSimpleApplication@29c351ba
reloadAllAccessors: .MathFunction

===========================================================================================
----------------- testing Thu Feb 07 03:27:56 UTC 2019 /home/travis/build/icyphy/ptII/ptolemy/actor/lib/test/auto/MathFunction2.xml
----------------- Instantiating /home/travis/build/icyphy/ptII/ptolemy/actor/lib/test/auto/MathFunction2.xml
1 ms. Memory: 1268736K Free: 660130K (52%)
----------------- Invoking toplevel() on ptolemy.moml.MoMLSimpleApplication@12008e1c
----------------- Done invoking toplevel() on ptolemy.moml.MoMLSimpleApplication@12008e1c
reloadAllAccessors: .MathFunction2

===========================================================================================
----------------- testing Thu Feb 07 03:27:56 UTC 2019 /home/travis/build/icyphy/ptII/ptolemy/actor/lib/test/auto/MathFunction3.xml
----------------- Instantiating /home/travis/build/icyphy/ptII/ptolemy/actor/lib/test/auto/MathFunction3.xml
4 ms. Memory: 1268736K Free: 640819K (51%)
----------------- Invoking toplevel() on ptolemy.moml.MoMLSimpleApplication@2e1bf47a
----------------- Done invoking toplevel() on ptolemy.moml.MoMLSimpleApplication@2e1bf47a
reloadAllAccessors: .MathFunction3

===========================================================================================
----------------- testing Thu Feb 07 03:27:56 UTC 2019 /home/travis/build/icyphy/ptII/ptolemy/actor/lib/test/auto/MatrixCropBoolean.xml
----------------- Instantiating /home/travis/build/icyphy/ptII/ptolemy/actor/lib/test/auto/MatrixCropBoolean.xml
2 ms. Memory: 1268736K Free: 629135K (50%)
----------------- Invoking toplevel() on ptolemy.moml.MoMLSimpleApplication@5cc3a61e
----------------- Done invoking toplevel() on ptolemy.moml.MoMLSimpleApplication@5cc3a61e
reloadAllAccessors: .MatrixCropBoolean

===========================================================================================
----------------- testing Thu Feb 07 03:27:56 UTC 2019 /home/travis/build/icyphy/ptII/ptolemy/actor/lib/test/auto/MatrixCropComplex.xml
----------------- Instantiating /home/travis/build/icyphy/ptII/ptolemy/actor/lib/test/auto/MatrixCropComplex.xml
1 ms. Memory: 1268736K Free: 617451K (49%)
----------------- Invoking toplevel() on ptolemy.moml.MoMLSimpleApplication@4b4e1865
----------------- Done invoking toplevel() on ptolemy.moml.MoMLSimpleApplication@4b4e1865
reloadAllAccessors: .MatrixCropComplex

===========================================================================================
----------------- testing Thu Feb 07 03:27:56 UTC 2019 /home/travis/build/icyphy/ptII/ptolemy/actor/lib/test/auto/MatrixCropDouble.xml
----------------- Instantiating /home/travis/build/icyphy/ptII/ptolemy/actor/lib/test/auto/MatrixCropDouble.xml
2 ms. Memory: 1268736K Free: 598140K (47%)
----------------- Invoking toplevel() on ptolemy.moml.MoMLSimpleApplication@5d00fda6
----------------- Done invoking toplevel() on ptolemy.moml.MoMLSimpleApplication@5d00fda6
reloadAllAccessors: .MatrixCropDouble

===========================================================================================
----------------- testing Thu Feb 07 03:27:56 UTC 2019 /home/travis/build/icyphy/ptII/ptolemy/actor/lib/test/auto/MatrixCropFix.xml
----------------- Instantiating /home/travis/build/icyphy/ptII/ptolemy/actor/lib/test/auto/MatrixCropFix.xml
3 ms. Memory: 1268736K Free: 586457K (46%)
----------------- Invoking toplevel() on ptolemy.moml.MoMLSimpleApplication@1b9135a2
----------------- Done invoking toplevel() on ptolemy.moml.MoMLSimpleApplication@1b9135a2
reloadAllAccessors: .MatrixCropFix

===========================================================================================
----------------- testing Thu Feb 07 03:27:56 UTC 2019 /home/travis/build/icyphy/ptII/ptolemy/actor/lib/test/auto/MatrixCropInt.xml
----------------- Instantiating /home/travis/build/icyphy/ptII/ptolemy/actor/lib/test/auto/MatrixCropInt.xml
1 ms. Memory: 1268736K Free: 574773K (45%)
----------------- Invoking toplevel() on ptolemy.moml.MoMLSimpleApplication@65f7ef45
----------------- Done invoking toplevel() on ptolemy.moml.MoMLSimpleApplication@65f7ef45
reloadAllAccessors: .MatrixCropInt

===========================================================================================
----------------- testing Thu Feb 07 03:27:56 UTC 2019 /home/travis/build/icyphy/ptII/ptolemy/actor/lib/test/auto/MatrixCropLong.xml
----------------- Instantiating /home/travis/build/icyphy/ptII/ptolemy/actor/lib/test/auto/MatrixCropLong.xml
2 ms. Memory: 1268736K Free: 563089K (44%)
----------------- Invoking toplevel() on ptolemy.moml.MoMLSimpleApplication@193149c6
----------------- Done invoking toplevel() on ptolemy.moml.MoMLSimpleApplication@193149c6
reloadAllAccessors: .MatrixCropLong

===========================================================================================
----------------- testing Thu Feb 07 03:27:56 UTC 2019 /home/travis/build/icyphy/ptII/ptolemy/actor/lib/test/auto/MatrixToArray.xml
----------------- Instantiating /home/travis/build/icyphy/ptII/ptolemy/actor/lib/test/auto/MatrixToArray.xml
8 ms. Memory: 1268736K Free: 532070K (42%)
----------------- Invoking toplevel() on ptolemy.moml.MoMLSimpleApplication@65af21f6
----------------- Done invoking toplevel() on ptolemy.moml.MoMLSimpleApplication@65af21f6
reloadAllAccessors: .MatrixToArray

===========================================================================================
----------------- testing Thu Feb 07 03:27:56 UTC 2019 /home/travis/build/icyphy/ptII/ptolemy/actor/lib/test/auto/MaxIndex.xml
----------------- Instantiating /home/travis/build/icyphy/ptII/ptolemy/actor/lib/test/auto/MaxIndex.xml
1 ms. Memory: 1268736K Free: 520386K (41%)
----------------- Invoking toplevel() on ptolemy.moml.MoMLSimpleApplication@4f0d1d7c
----------------- Done invoking toplevel() on ptolemy.moml.MoMLSimpleApplication@4f0d1d7c
reloadAllAccessors: .MaxIndex

===========================================================================================
----------------- testing Thu Feb 07 03:27:56 UTC 2019 /home/travis/build/icyphy/ptII/ptolemy/actor/lib/test/auto/Maximum.xml
----------------- Instantiating /home/travis/build/icyphy/ptII/ptolemy/actor/lib/test/auto/Maximum.xml
2 ms. Memory: 1268736K Free: 508702K (40%)
----------------- Invoking toplevel() on ptolemy.moml.MoMLSimpleApplication@586d7f63
----------------- Done invoking toplevel() on ptolemy.moml.MoMLSimpleApplication@586d7f63
reloadAllAccessors: .Maximum

===========================================================================================
----------------- testing Thu Feb 07 03:27:56 UTC 2019 /home/travis/build/icyphy/ptII/ptolemy/actor/lib/test/auto/MaximumComplex.xml
----------------- Instantiating /home/travis/build/icyphy/ptII/ptolemy/actor/lib/test/auto/MaximumComplex.xml
4 ms. Memory: 1268736K Free: 489391K (39%)
----------------- Invoking toplevel() on ptolemy.moml.MoMLSimpleApplication@76e82aca
----------------- Done invoking toplevel() on ptolemy.moml.MoMLSimpleApplication@76e82aca
reloadAllAccessors: .MaximumComplex

===========================================================================================
----------------- testing Thu Feb 07 03:27:56 UTC 2019 /home/travis/build/icyphy/ptII/ptolemy/actor/lib/test/auto/MethodCallTest.xml
----------------- Instantiating /home/travis/build/icyphy/ptII/ptolemy/actor/lib/test/auto/MethodCallTest.xml
2 ms. Memory: 1268736K Free: 477707K (38%)
----------------- Invoking toplevel() on ptolemy.moml.MoMLSimpleApplication@5b8c4d17
----------------- Done invoking toplevel() on ptolemy.moml.MoMLSimpleApplication@5b8c4d17
reloadAllAccessors: .MethodCallTest

===========================================================================================
----------------- testing Thu Feb 07 03:27:56 UTC 2019 /home/travis/build/icyphy/ptII/ptolemy/actor/lib/test/auto/Minimum.xml
----------------- Instantiating /home/travis/build/icyphy/ptII/ptolemy/actor/lib/test/auto/Minimum.xml
2 ms. Memory: 1268736K Free: 466023K (37%)
----------------- Invoking toplevel() on ptolemy.moml.MoMLSimpleApplication@5f7e0599
----------------- Done invoking toplevel() on ptolemy.moml.MoMLSimpleApplication@5f7e0599
reloadAllAccessors: .Minimum

===========================================================================================
----------------- testing Thu Feb 07 03:27:56 UTC 2019 /home/travis/build/icyphy/ptII/ptolemy/actor/lib/test/auto/MinimumComplex.xml
----------------- Instantiating /home/travis/build/icyphy/ptII/ptolemy/actor/lib/test/auto/MinimumComplex.xml
2 ms. Memory: 1268736K Free: 446712K (35%)
----------------- Invoking toplevel() on ptolemy.moml.MoMLSimpleApplication@214e2d0e
----------------- Done invoking toplevel() on ptolemy.moml.MoMLSimpleApplication@214e2d0e
reloadAllAccessors: .MinimumComplex

===========================================================================================
----------------- testing Thu Feb 07 03:27:56 UTC 2019 /home/travis/build/icyphy/ptII/ptolemy/actor/lib/test/auto/MinimumMultiports.xml
----------------- Instantiating /home/travis/build/icyphy/ptII/ptolemy/actor/lib/test/auto/MinimumMultiports.xml
4 ms. Memory: 1268736K Free: 435028K (34%)
----------------- Invoking toplevel() on ptolemy.moml.MoMLSimpleApplication@47198f7b
----------------- Done invoking toplevel() on ptolemy.moml.MoMLSimpleApplication@47198f7b
reloadAllAccessors: .MinimumMultiports

===========================================================================================
----------------- testing Thu Feb 07 03:27:56 UTC 2019 /home/travis/build/icyphy/ptII/ptolemy/actor/lib/test/auto/ModifyDate.xml
----------------- Instantiating /home/travis/build/icyphy/ptII/ptolemy/actor/lib/test/auto/ModifyDate.xml
9 ms. Memory: 1268736K Free: 417495K (33%)
----------------- Invoking toplevel() on ptolemy.moml.MoMLSimpleApplication@3a9894e1
----------------- Done invoking toplevel() on ptolemy.moml.MoMLSimpleApplication@3a9894e1
reloadAllAccessors: .ModifyDate

===========================================================================================
----------------- testing Thu Feb 07 03:27:56 UTC 2019 /home/travis/build/icyphy/ptII/ptolemy/actor/lib/test/auto/ModifyDate2.xml
----------------- Instantiating /home/travis/build/icyphy/ptII/ptolemy/actor/lib/test/auto/ModifyDate2.xml
2 ms. Memory: 1268736K Free: 392326K (31%)
----------------- Invoking toplevel() on ptolemy.moml.MoMLSimpleApplication@6869b057
----------------- Done invoking toplevel() on ptolemy.moml.MoMLSimpleApplication@6869b057
reloadAllAccessors: .ModifyDate2

===========================================================================================
----------------- testing Thu Feb 07 03:27:56 UTC 2019 /home/travis/build/icyphy/ptII/ptolemy/actor/lib/test/auto/MovingAverage.xml
----------------- Instantiating /home/travis/build/icyphy/ptII/ptolemy/actor/lib/test/auto/MovingAverage.xml
1 ms. Memory: 1268736K Free: 380642K (30%)
----------------- Invoking toplevel() on ptolemy.moml.MoMLSimpleApplication@3e606fc8
----------------- Done invoking toplevel() on ptolemy.moml.MoMLSimpleApplication@3e606fc8
reloadAllAccessors: .MovingAverage

===========================================================================================
----------------- testing Thu Feb 07 03:27:56 UTC 2019 /home/travis/build/icyphy/ptII/ptolemy/actor/lib/test/auto/MovingMaximum.xml
----------------- Instantiating /home/travis/build/icyphy/ptII/ptolemy/actor/lib/test/auto/MovingMaximum.xml
6 ms. Memory: 1268736K Free: 368958K (29%)
----------------- Invoking toplevel() on ptolemy.moml.MoMLSimpleApplication@40bf5fe3
----------------- Done invoking toplevel() on ptolemy.moml.MoMLSimpleApplication@40bf5fe3
reloadAllAccessors: .MovingMaximum

===========================================================================================
----------------- testing Thu Feb 07 03:27:56 UTC 2019 /home/travis/build/icyphy/ptII/ptolemy/actor/lib/test/auto/MultipleLinksToSameRelation.xml
----------------- Instantiating /home/travis/build/icyphy/ptII/ptolemy/actor/lib/test/auto/MultipleLinksToSameRelation.xml
5 ms. Memory: 1268736K Free: 349647K (28%)
----------------- Invoking toplevel() on ptolemy.moml.MoMLSimpleApplication@37730f59
----------------- Done invoking toplevel() on ptolemy.moml.MoMLSimpleApplication@37730f59
reloadAllAccessors: .MultipleLinksToSameRelation

===========================================================================================
----------------- testing Thu Feb 07 03:27:56 UTC 2019 /home/travis/build/icyphy/ptII/ptolemy/actor/lib/test/auto/MultipleLinksToSameRelationDE.xml
----------------- Instantiating /home/travis/build/icyphy/ptII/ptolemy/actor/lib/test/auto/MultipleLinksToSameRelationDE.xml
2 ms. Memory: 1268736K Free: 337963K (27%)
----------------- Invoking toplevel() on ptolemy.moml.MoMLSimpleApplication@443322ad
----------------- Done invoking toplevel() on ptolemy.moml.MoMLSimpleApplication@443322ad
reloadAllAccessors: .MultipleLinksToSameRelationDE

===========================================================================================
----------------- testing Thu Feb 07 03:27:56 UTC 2019 /home/travis/build/icyphy/ptII/ptolemy/actor/lib/test/auto/Multiplexor.xml
----------------- Instantiating /home/travis/build/icyphy/ptII/ptolemy/actor/lib/test/auto/Multiplexor.xml
2 ms. Memory: 1268736K Free: 326279K (26%)
----------------- Invoking toplevel() on ptolemy.moml.MoMLSimpleApplication@3fcd3187
----------------- Done invoking toplevel() on ptolemy.moml.MoMLSimpleApplication@3fcd3187
reloadAllAccessors: .Multiplexor

===========================================================================================
----------------- testing Thu Feb 07 03:27:56 UTC 2019 /home/travis/build/icyphy/ptII/ptolemy/actor/lib/test/auto/Multiplexor1.xml
----------------- Instantiating /home/travis/build/icyphy/ptII/ptolemy/actor/lib/test/auto/Multiplexor1.xml
4 ms. Memory: 1268736K Free: 306968K (24%)
----------------- Invoking toplevel() on ptolemy.moml.MoMLSimpleApplication@74b79bdf
----------------- Done invoking toplevel() on ptolemy.moml.MoMLSimpleApplication@74b79bdf
reloadAllAccessors: .Multiplexor1

===========================================================================================
----------------- testing Thu Feb 07 03:27:56 UTC 2019 /home/travis/build/icyphy/ptII/ptolemy/actor/lib/test/auto/Multiplexor2.xml
----------------- Instantiating /home/travis/build/icyphy/ptII/ptolemy/actor/lib/test/auto/Multiplexor2.xml
6 ms. Memory: 1268736K Free: 295284K (23%)
----------------- Invoking toplevel() on ptolemy.moml.MoMLSimpleApplication@4e0e1df5
----------------- Done invoking toplevel() on ptolemy.moml.MoMLSimpleApplication@4e0e1df5
reloadAllAccessors: .Multiplexor2

===========================================================================================
----------------- testing Thu Feb 07 03:27:56 UTC 2019 /home/travis/build/icyphy/ptII/ptolemy/actor/lib/test/auto/Multiplexor3.xml
----------------- Instantiating /home/travis/build/icyphy/ptII/ptolemy/actor/lib/test/auto/Multiplexor3.xml
2 ms. Memory: 1268736K Free: 283600K (22%)
----------------- Invoking toplevel() on ptolemy.moml.MoMLSimpleApplication@4c23a5f3
----------------- Done invoking toplevel() on ptolemy.moml.MoMLSimpleApplication@4c23a5f3
reloadAllAccessors: .Multiplexor3

===========================================================================================
----------------- testing Thu Feb 07 03:27:56 UTC 2019 /home/travis/build/icyphy/ptII/ptolemy/actor/lib/test/auto/MultiplexorDE.xml
----------------- Instantiating /home/travis/build/icyphy/ptII/ptolemy/actor/lib/test/auto/MultiplexorDE.xml
2 ms. Memory: 1268736K Free: 271917K (21%)
----------------- Invoking toplevel() on ptolemy.moml.MoMLSimpleApplication@d5bceec
----------------- Done invoking toplevel() on ptolemy.moml.MoMLSimpleApplication@d5bceec
reloadAllAccessors: .MultiplexorDE

===========================================================================================
----------------- testing Thu Feb 07 03:27:56 UTC 2019 /home/travis/build/icyphy/ptII/ptolemy/actor/lib/test/auto/MultiportBroadcastTest.xml
----------------- Instantiating /home/travis/build/icyphy/ptII/ptolemy/actor/lib/test/auto/MultiportBroadcastTest.xml
67 ms. Memory: 1268736K Free: 252606K (20%)
----------------- Invoking toplevel() on ptolemy.moml.MoMLSimpleApplication@488d5f26
----------------- Done invoking toplevel() on ptolemy.moml.MoMLSimpleApplication@488d5f26
reloadAllAccessors: .MultiportBroadcastTest

===========================================================================================
----------------- testing Thu Feb 07 03:27:57 UTC 2019 /home/travis/build/icyphy/ptII/ptolemy/actor/lib/test/auto/MultiportOutHangDuringGetWidth.xml
----------------- Instantiating /home/travis/build/icyphy/ptII/ptolemy/actor/lib/test/auto/MultiportOutHangDuringGetWidth.xml
5 ms. Memory: 1268736K Free: 235080K (19%)
----------------- Invoking toplevel() on ptolemy.moml.MoMLSimpleApplication@7364e71d
----------------- Done invoking toplevel() on ptolemy.moml.MoMLSimpleApplication@7364e71d
reloadAllAccessors: .MultiportOutHangDuringGetWidth

===========================================================================================
----------------- testing Thu Feb 07 03:27:57 UTC 2019 /home/travis/build/icyphy/ptII/ptolemy/actor/lib/test/auto/NilToken.xml
----------------- Instantiating /home/travis/build/icyphy/ptII/ptolemy/actor/lib/test/auto/NilToken.xml
2 ms. Memory: 1268736K Free: 223396K (18%)
----------------- Invoking toplevel() on ptolemy.moml.MoMLSimpleApplication@13e83e57
----------------- Done invoking toplevel() on ptolemy.moml.MoMLSimpleApplication@13e83e57
reloadAllAccessors: .NilToken

===========================================================================================
----------------- testing Thu Feb 07 03:27:57 UTC 2019 /home/travis/build/icyphy/ptII/ptolemy/actor/lib/test/auto/NilTokenNonStrictTest.xml
----------------- Instantiating /home/travis/build/icyphy/ptII/ptolemy/actor/lib/test/auto/NilTokenNonStrictTest.xml
4 ms. Memory: 1268736K Free: 204085K (16%)
----------------- Invoking toplevel() on ptolemy.moml.MoMLSimpleApplication@2c27017e
----------------- Done invoking toplevel() on ptolemy.moml.MoMLSimpleApplication@2c27017e
reloadAllAccessors: .NilTokenNonStrictTest

===========================================================================================
----------------- testing Thu Feb 07 03:27:57 UTC 2019 /home/travis/build/icyphy/ptII/ptolemy/actor/lib/test/auto/NilTokenRecord.xml
----------------- Instantiating /home/travis/build/icyphy/ptII/ptolemy/actor/lib/test/auto/NilTokenRecord.xml
5 ms. Memory: 1268736K Free: 192401K (15%)
----------------- Invoking toplevel() on ptolemy.moml.MoMLSimpleApplication@4b9c25d4
----------------- Done invoking toplevel() on ptolemy.moml.MoMLSimpleApplication@4b9c25d4
reloadAllAccessors: .NilTokenRecord

===========================================================================================
----------------- testing Thu Feb 07 03:27:57 UTC 2019 /home/travis/build/icyphy/ptII/ptolemy/actor/lib/test/auto/NilTokenTypeTest.xml
----------------- Instantiating /home/travis/build/icyphy/ptII/ptolemy/actor/lib/test/auto/NilTokenTypeTest.xml
7 ms. Memory: 1268736K Free: 174859K (14%)
----------------- Invoking toplevel() on ptolemy.moml.MoMLSimpleApplication@787c23e
----------------- Done invoking toplevel() on ptolemy.moml.MoMLSimpleApplication@787c23e
reloadAllAccessors: .NilTokenTypeTest

===========================================================================================
----------------- testing Thu Feb 07 03:27:57 UTC 2019 /home/travis/build/icyphy/ptII/ptolemy/actor/lib/test/auto/ObjectToken1.xml
----------------- Instantiating /home/travis/build/icyphy/ptII/ptolemy/actor/lib/test/auto/ObjectToken1.xml
2 ms. Memory: 1268736K Free: 155548K (12%)
----------------- Invoking toplevel() on ptolemy.moml.MoMLSimpleApplication@3252dbaa
----------------- Done invoking toplevel() on ptolemy.moml.MoMLSimpleApplication@3252dbaa
reloadAllAccessors: .ObjectToken1

===========================================================================================
----------------- testing Thu Feb 07 03:27:57 UTC 2019 /home/travis/build/icyphy/ptII/ptolemy/actor/lib/test/auto/OrderedMerge.xml
----------------- Instantiating /home/travis/build/icyphy/ptII/ptolemy/actor/lib/test/auto/OrderedMerge.xml
11 ms. Memory: 1268736K Free: 120496K (9%)
----------------- Invoking toplevel() on ptolemy.moml.MoMLSimpleApplication@4bcdd7b
----------------- Done invoking toplevel() on ptolemy.moml.MoMLSimpleApplication@4bcdd7b
reloadAllAccessors: .OrderedMerge

===========================================================================================
----------------- testing Thu Feb 07 03:27:57 UTC 2019 /home/travis/build/icyphy/ptII/ptolemy/actor/lib/test/auto/OrderedRecordDisassembler.xml
----------------- Instantiating /home/travis/build/icyphy/ptII/ptolemy/actor/lib/test/auto/OrderedRecordDisassembler.xml
4 ms. Memory: 1268736K Free: 108813K (9%)
----------------- Invoking toplevel() on ptolemy.moml.MoMLSimpleApplication@328cf3cb
----------------- Done invoking toplevel() on ptolemy.moml.MoMLSimpleApplication@328cf3cb
reloadAllAccessors: .OrderedRecordDisassembler

===========================================================================================
----------------- testing Thu Feb 07 03:27:57 UTC 2019 /home/travis/build/icyphy/ptII/ptolemy/actor/lib/test/auto/OrderedRecordDisassembler2.xml
----------------- Instantiating /home/travis/build/icyphy/ptII/ptolemy/actor/lib/test/auto/OrderedRecordDisassembler2.xml
4 ms. Memory: 1268736K Free: 89501K (7%)
----------------- Invoking toplevel() on ptolemy.moml.MoMLSimpleApplication@a61af70
----------------- Done invoking toplevel() on ptolemy.moml.MoMLSimpleApplication@a61af70
reloadAllAccessors: .OrderedRecordDisassembler2

===========================================================================================
----------------- testing Thu Feb 07 03:27:57 UTC 2019 /home/travis/build/icyphy/ptII/ptolemy/actor/lib/test/auto/OrderedRecordUpdater.xml
----------------- Instantiating /home/travis/build/icyphy/ptII/ptolemy/actor/lib/test/auto/OrderedRecordUpdater.xml
3 ms. Memory: 1268736K Free: 77817K (6%)
----------------- Invoking toplevel() on ptolemy.moml.MoMLSimpleApplication@56e6a206
----------------- Done invoking toplevel() on ptolemy.moml.MoMLSimpleApplication@56e6a206
reloadAllAccessors: .RecordUpdater

===========================================================================================
----------------- testing Thu Feb 07 03:27:57 UTC 2019 /home/travis/build/icyphy/ptII/ptolemy/actor/lib/test/auto/OrderedRecordUpdater2.xml
----------------- Instantiating /home/travis/build/icyphy/ptII/ptolemy/actor/lib/test/auto/OrderedRecordUpdater2.xml
3 ms. Memory: 1268736K Free: 66134K (5%)
----------------- Invoking toplevel() on ptolemy.moml.MoMLSimpleApplication@414ea5b3
----------------- Done invoking toplevel() on ptolemy.moml.MoMLSimpleApplication@414ea5b3
reloadAllAccessors: .RecordUpdater2

===========================================================================================
----------------- testing Thu Feb 07 03:27:57 UTC 2019 /home/travis/build/icyphy/ptII/ptolemy/actor/lib/test/auto/PhaseUnwrap.xml
----------------- Instantiating /home/travis/build/icyphy/ptII/ptolemy/actor/lib/test/auto/PhaseUnwrap.xml
1 ms. Memory: 1407488K Free: 1358839K (97%)
----------------- Invoking toplevel() on ptolemy.moml.MoMLSimpleApplication@659ec0ea
----------------- Done invoking toplevel() on ptolemy.moml.MoMLSimpleApplication@659ec0ea
reloadAllAccessors: .PhaseUnwrap

===========================================================================================
----------------- testing Thu Feb 07 03:27:57 UTC 2019 /home/travis/build/icyphy/ptII/ptolemy/actor/lib/test/auto/PoissonClock.xml
----------------- Instantiating /home/travis/build/icyphy/ptII/ptolemy/actor/lib/test/auto/PoissonClock.xml
1 ms. Memory: 1407488K Free: 1339031K (95%)
----------------- Invoking toplevel() on ptolemy.moml.MoMLSimpleApplication@230857a8
----------------- Done invoking toplevel() on ptolemy.moml.MoMLSimpleApplication@230857a8
reloadAllAccessors: .PoissonClock

===========================================================================================
----------------- testing Thu Feb 07 03:27:57 UTC 2019 /home/travis/build/icyphy/ptII/ptolemy/actor/lib/test/auto/PoissonClock2.xml
----------------- Instantiating /home/travis/build/icyphy/ptII/ptolemy/actor/lib/test/auto/PoissonClock2.xml
1 ms. Memory: 1407488K Free: 1326134K (94%)
----------------- Invoking toplevel() on ptolemy.moml.MoMLSimpleApplication@34a27df6
----------------- Done invoking toplevel() on ptolemy.moml.MoMLSimpleApplication@34a27df6
reloadAllAccessors: .PoissonClock2

===========================================================================================
----------------- testing Thu Feb 07 03:27:57 UTC 2019 /home/travis/build/icyphy/ptII/ptolemy/actor/lib/test/auto/PoissonClock3.xml
----------------- Instantiating /home/travis/build/icyphy/ptII/ptolemy/actor/lib/test/auto/PoissonClock3.xml
1 ms. Memory: 1407488K Free: 1306251K (93%)
----------------- Invoking toplevel() on ptolemy.moml.MoMLSimpleApplication@4dce5c74
----------------- Done invoking toplevel() on ptolemy.moml.MoMLSimpleApplication@4dce5c74
reloadAllAccessors: .PoissonClock3

===========================================================================================
----------------- testing Thu Feb 07 03:27:57 UTC 2019 /home/travis/build/icyphy/ptII/ptolemy/actor/lib/test/auto/PubSubWithInitialTokens.xml
----------------- Instantiating /home/travis/build/icyphy/ptII/ptolemy/actor/lib/test/auto/PubSubWithInitialTokens.xml
1 ms. Memory: 1407488K Free: 1293354K (92%)
----------------- Invoking toplevel() on ptolemy.moml.MoMLSimpleApplication@3a1a1fd3
----------------- Done invoking toplevel() on ptolemy.moml.MoMLSimpleApplication@3a1a1fd3
reloadAllAccessors: .PubSubWithInitialTokens

===========================================================================================
----------------- testing Thu Feb 07 03:27:57 UTC 2019 /home/travis/build/icyphy/ptII/ptolemy/actor/lib/test/auto/PubSubWithInitialTokens2.xml
----------------- Instantiating /home/travis/build/icyphy/ptII/ptolemy/actor/lib/test/auto/PubSubWithInitialTokens2.xml
2 ms. Memory: 1407488K Free: 1280457K (91%)
----------------- Invoking toplevel() on ptolemy.moml.MoMLSimpleApplication@37955727
----------------- Done invoking toplevel() on ptolemy.moml.MoMLSimpleApplication@37955727
reloadAllAccessors: .PubSubWithInitialTokens2

===========================================================================================
----------------- testing Thu Feb 07 03:27:57 UTC 2019 /home/travis/build/icyphy/ptII/ptolemy/actor/lib/test/auto/PublisherClassNoParameter.xml
----------------- Instantiating /home/travis/build/icyphy/ptII/ptolemy/actor/lib/test/auto/PublisherClassNoParameter.xml
1 ms. Memory: 1407488K Free: 1254184K (89%)
----------------- Invoking toplevel() on ptolemy.moml.MoMLSimpleApplication@4cddf70c
----------------- Done invoking toplevel() on ptolemy.moml.MoMLSimpleApplication@4cddf70c
reloadAllAccessors: .PublisherClassNoParameter

===========================================================================================
----------------- testing Thu Feb 07 03:27:57 UTC 2019 /home/travis/build/icyphy/ptII/ptolemy/actor/lib/test/auto/PublisherClassParameter.xml
----------------- Instantiating /home/travis/build/icyphy/ptII/ptolemy/actor/lib/test/auto/PublisherClassParameter.xml
2 ms. Memory: 1407488K Free: 1234822K (88%)
----------------- Invoking toplevel() on ptolemy.moml.MoMLSimpleApplication@61cb314a
----------------- Done invoking toplevel() on ptolemy.moml.MoMLSimpleApplication@61cb314a
reloadAllAccessors: .PublisherClassParameter

===========================================================================================
----------------- testing Thu Feb 07 03:27:57 UTC 2019 /home/travis/build/icyphy/ptII/ptolemy/actor/lib/test/auto/PublisherNonStrictTest.xml
----------------- Instantiating /home/travis/build/icyphy/ptII/ptolemy/actor/lib/test/auto/PublisherNonStrictTest.xml
2 ms. Memory: 1407488K Free: 1221924K (87%)
----------------- Invoking toplevel() on ptolemy.moml.MoMLSimpleApplication@4dc8427e
----------------- Done invoking toplevel() on ptolemy.moml.MoMLSimpleApplication@4dc8427e
reloadAllAccessors: .PublisherNonStrictTest

===========================================================================================
----------------- testing Thu Feb 07 03:27:57 UTC 2019 /home/travis/build/icyphy/ptII/ptolemy/actor/lib/test/auto/PublisherPort1.xml
----------------- Instantiating /home/travis/build/icyphy/ptII/ptolemy/actor/lib/test/auto/PublisherPort1.xml
6 ms. Memory: 1407488K Free: 1202116K (85%)
----------------- Invoking toplevel() on ptolemy.moml.MoMLSimpleApplication@71746534
----------------- Done invoking toplevel() on ptolemy.moml.MoMLSimpleApplication@71746534
reloadAllAccessors: .PublisherPort1

===========================================================================================
----------------- testing Thu Feb 07 03:27:57 UTC 2019 /home/travis/build/icyphy/ptII/ptolemy/actor/lib/test/auto/PublisherPort2.xml
----------------- Instantiating /home/travis/build/icyphy/ptII/ptolemy/actor/lib/test/auto/PublisherPort2.xml
1 ms. Memory: 1407488K Free: 1189219K (84%)
----------------- Invoking toplevel() on ptolemy.moml.MoMLSimpleApplication@364ce063
----------------- Done invoking toplevel() on ptolemy.moml.MoMLSimpleApplication@364ce063
reloadAllAccessors: .PublisherPort2

===========================================================================================
----------------- testing Thu Feb 07 03:27:57 UTC 2019 /home/travis/build/icyphy/ptII/ptolemy/actor/lib/test/auto/PublisherPort3.xml
----------------- Instantiating /home/travis/build/icyphy/ptII/ptolemy/actor/lib/test/auto/PublisherPort3.xml
2 ms. Memory: 1407488K Free: 1176321K (84%)
----------------- Invoking toplevel() on ptolemy.moml.MoMLSimpleApplication@2ad9173f
----------------- Done invoking toplevel() on ptolemy.moml.MoMLSimpleApplication@2ad9173f
reloadAllAccessors: .PublisherPort3

===========================================================================================
----------------- testing Thu Feb 07 03:27:57 UTC 2019 /home/travis/build/icyphy/ptII/ptolemy/actor/lib/test/auto/PublisherPort4.xml
----------------- Instantiating /home/travis/build/icyphy/ptII/ptolemy/actor/lib/test/auto/PublisherPort4.xml
2 ms. Memory: 1407488K Free: 1156513K (82%)
----------------- Invoking toplevel() on ptolemy.moml.MoMLSimpleApplication@4a411fe8
----------------- Done invoking toplevel() on ptolemy.moml.MoMLSimpleApplication@4a411fe8
reloadAllAccessors: .PublisherPort4

===========================================================================================
----------------- testing Thu Feb 07 03:27:57 UTC 2019 /home/travis/build/icyphy/ptII/ptolemy/actor/lib/test/auto/PublisherPort5.xml
----------------- Instantiating /home/travis/build/icyphy/ptII/ptolemy/actor/lib/test/auto/PublisherPort5.xml
3 ms. Memory: 1407488K Free: 1143615K (81%)
----------------- Invoking toplevel() on ptolemy.moml.MoMLSimpleApplication@73869279
----------------- Done invoking toplevel() on ptolemy.moml.MoMLSimpleApplication@73869279
reloadAllAccessors: .PublisherPort5

===========================================================================================
----------------- testing Thu Feb 07 03:27:57 UTC 2019 /home/travis/build/icyphy/ptII/ptolemy/actor/lib/test/auto/PublisherPort5LookAlike.xml
----------------- Instantiating /home/travis/build/icyphy/ptII/ptolemy/actor/lib/test/auto/PublisherPort5LookAlike.xml
5 ms. Memory: 1407488K Free: 1130718K (80%)
----------------- Invoking toplevel() on ptolemy.moml.MoMLSimpleApplication@290f6da6
----------------- Done invoking toplevel() on ptolemy.moml.MoMLSimpleApplication@290f6da6
reloadAllAccessors: .PublisherPort5LookAlike

===========================================================================================
----------------- testing Thu Feb 07 03:27:57 UTC 2019 /home/travis/build/icyphy/ptII/ptolemy/actor/lib/test/auto/PublisherPort6.xml
----------------- Instantiating /home/travis/build/icyphy/ptII/ptolemy/actor/lib/test/auto/PublisherPort6.xml
2 ms. Memory: 1407488K Free: 1110910K (79%)
----------------- Invoking toplevel() on ptolemy.moml.MoMLSimpleApplication@79d1a90a
----------------- Done invoking toplevel() on ptolemy.moml.MoMLSimpleApplication@79d1a90a
reloadAllAccessors: .PublisherPort6

===========================================================================================
----------------- testing Thu Feb 07 03:27:57 UTC 2019 /home/travis/build/icyphy/ptII/ptolemy/actor/lib/test/auto/PublisherPort7.xml
----------------- Instantiating /home/travis/build/icyphy/ptII/ptolemy/actor/lib/test/auto/PublisherPort7.xml
3 ms. Memory: 1407488K Free: 1098012K (78%)
----------------- Invoking toplevel() on ptolemy.moml.MoMLSimpleApplication@5219366a
----------------- Done invoking toplevel() on ptolemy.moml.MoMLSimpleApplication@5219366a
reloadAllAccessors: .PublisherPort7

===========================================================================================
----------------- testing Thu Feb 07 03:27:57 UTC 2019 /home/travis/build/icyphy/ptII/ptolemy/actor/lib/test/auto/PublisherPort8.xml
----------------- Instantiating /home/travis/build/icyphy/ptII/ptolemy/actor/lib/test/auto/PublisherPort8.xml
3 ms. Memory: 1407488K Free: 1078204K (77%)
----------------- Invoking toplevel() on ptolemy.moml.MoMLSimpleApplication@1d3aa8a0
----------------- Done invoking toplevel() on ptolemy.moml.MoMLSimpleApplication@1d3aa8a0
reloadAllAccessors: .PublisherPort8

===========================================================================================
----------------- testing Thu Feb 07 03:27:57 UTC 2019 /home/travis/build/icyphy/ptII/ptolemy/actor/lib/test/auto/PublisherPortSubscriberChannelVariablesAOC2.xml
----------------- Instantiating /home/travis/build/icyphy/ptII/ptolemy/actor/lib/test/auto/PublisherPortSubscriberChannelVariablesAOC2.xml
2 ms. Memory: 1407488K Free: 1052401K (75%)
----------------- Invoking toplevel() on ptolemy.moml.MoMLSimpleApplication@33b7773d
----------------- Done invoking toplevel() on ptolemy.moml.MoMLSimpleApplication@33b7773d
reloadAllAccessors: .PublisherPortSubscriberChannelVariablesAOC2

===========================================================================================
----------------- testing Thu Feb 07 03:27:57 UTC 2019 /home/travis/build/icyphy/ptII/ptolemy/actor/lib/test/auto/PublisherPortSubscriberOpaqueWidthInference.xml
----------------- Instantiating /home/travis/build/icyphy/ptII/ptolemy/actor/lib/test/auto/PublisherPortSubscriberOpaqueWidthInference.xml
3 ms. Memory: 1407488K Free: 1039504K (74%)
----------------- Invoking toplevel() on ptolemy.moml.MoMLSimpleApplication@a2abb9f
----------------- Done invoking toplevel() on ptolemy.moml.MoMLSimpleApplication@a2abb9f
reloadAllAccessors: .PublisherPortSubscriberOpaqueWidthInference

===========================================================================================
----------------- testing Thu Feb 07 03:27:57 UTC 2019 /home/travis/build/icyphy/ptII/ptolemy/actor/lib/test/auto/PublisherPortSubscriberPortAdjacent.xml
----------------- Instantiating /home/travis/build/icyphy/ptII/ptolemy/actor/lib/test/auto/PublisherPortSubscriberPortAdjacent.xml
1 ms. Memory: 1407488K Free: 1019695K (72%)
----------------- Invoking toplevel() on ptolemy.moml.MoMLSimpleApplication@381bd705
----------------- Done invoking toplevel() on ptolemy.moml.MoMLSimpleApplication@381bd705
reloadAllAccessors: .PublisherPortSubscriberPortAdjacent

===========================================================================================
----------------- testing Thu Feb 07 03:27:57 UTC 2019 /home/travis/build/icyphy/ptII/ptolemy/actor/lib/test/auto/PublisherPortSubscriberPortExpression.xml
----------------- Instantiating /home/travis/build/icyphy/ptII/ptolemy/actor/lib/test/auto/PublisherPortSubscriberPortExpression.xml
4 ms. Memory: 1407488K Free: 1006798K (72%)
----------------- Invoking toplevel() on ptolemy.moml.MoMLSimpleApplication@7c9d5720
----------------- Done invoking toplevel() on ptolemy.moml.MoMLSimpleApplication@7c9d5720
reloadAllAccessors: .PublisherPortSubscriberPortExpression

===========================================================================================
----------------- testing Thu Feb 07 03:27:57 UTC 2019 /home/travis/build/icyphy/ptII/ptolemy/actor/lib/test/auto/PublisherPortSubscriberPortOpaqueD3Reverse.xml
----------------- Instantiating /home/travis/build/icyphy/ptII/ptolemy/actor/lib/test/auto/PublisherPortSubscriberPortOpaqueD3Reverse.xml
5 ms. Memory: 1407488K Free: 993901K (71%)
----------------- Invoking toplevel() on ptolemy.moml.MoMLSimpleApplication@29e95b03
----------------- Done invoking toplevel() on ptolemy.moml.MoMLSimpleApplication@29e95b03
reloadAllAccessors: .PublisherPortSubscriberPortOpaqueD3Reverse

===========================================================================================
----------------- testing Thu Feb 07 03:27:57 UTC 2019 /home/travis/build/icyphy/ptII/ptolemy/actor/lib/test/auto/PublisherPortSubscriberPortOpaqueWidthInference.xml
----------------- Instantiating /home/travis/build/icyphy/ptII/ptolemy/actor/lib/test/auto/PublisherPortSubscriberPortOpaqueWidthInference.xml
3 ms. Memory: 1407488K Free: 974092K (69%)
----------------- Invoking toplevel() on ptolemy.moml.MoMLSimpleApplication@37734a0a
----------------- Done invoking toplevel() on ptolemy.moml.MoMLSimpleApplication@37734a0a
reloadAllAccessors: .PublisherPortSubscriberPortOpaqueWidthInference

===========================================================================================
----------------- testing Thu Feb 07 03:27:57 UTC 2019 /home/travis/build/icyphy/ptII/ptolemy/actor/lib/test/auto/PublisherPortToplevelSubscriberPortAOC.xml
----------------- Instantiating /home/travis/build/icyphy/ptII/ptolemy/actor/lib/test/auto/PublisherPortToplevelSubscriberPortAOC.xml
.PublisherPortToplevelSubscriberPortAOC.TestExceptionAttribute: initialize() was not invoked, but wrapup() was.  This is unusual, but not always a problem.  For example, exporting JNLP will do this.
0 ms. Memory: 1407488K Free: 961194K (68%)
----------------- Invoking toplevel() on ptolemy.moml.MoMLSimpleApplication@67f7eedb
----------------- Done invoking toplevel() on ptolemy.moml.MoMLSimpleApplication@67f7eedb
reloadAllAccessors: .PublisherPortToplevelSubscriberPortAOC

===========================================================================================
----------------- testing Thu Feb 07 03:27:57 UTC 2019 /home/travis/build/icyphy/ptII/ptolemy/actor/lib/test/auto/PublisherSubscriber.xml
----------------- Instantiating /home/travis/build/icyphy/ptII/ptolemy/actor/lib/test/auto/PublisherSubscriber.xml
3 ms. Memory: 1407488K Free: 948297K (67%)
----------------- Invoking toplevel() on ptolemy.moml.MoMLSimpleApplication@13b6f957
----------------- Done invoking toplevel() on ptolemy.moml.MoMLSimpleApplication@13b6f957
reloadAllAccessors: .PublisherSubscriber

===========================================================================================
----------------- testing Thu Feb 07 03:27:57 UTC 2019 /home/travis/build/icyphy/ptII/ptolemy/actor/lib/test/auto/PublisherSubscriber10.xml
----------------- Instantiating /home/travis/build/icyphy/ptII/ptolemy/actor/lib/test/auto/PublisherSubscriber10.xml
6 ms. Memory: 1407488K Free: 928489K (66%)
----------------- Invoking toplevel() on ptolemy.moml.MoMLSimpleApplication@2c12679a
----------------- Done invoking toplevel() on ptolemy.moml.MoMLSimpleApplication@2c12679a
reloadAllAccessors: .PublisherSubscriber10

===========================================================================================
----------------- testing Thu Feb 07 03:27:57 UTC 2019 /home/travis/build/icyphy/ptII/ptolemy/actor/lib/test/auto/PublisherSubscriber10InitialOutputs.xml
----------------- Instantiating /home/travis/build/icyphy/ptII/ptolemy/actor/lib/test/auto/PublisherSubscriber10InitialOutputs.xml
12 ms. Memory: 1407488K Free: 915591K (65%)
----------------- Invoking toplevel() on ptolemy.moml.MoMLSimpleApplication@33fd6076
----------------- Done invoking toplevel() on ptolemy.moml.MoMLSimpleApplication@33fd6076
reloadAllAccessors: .PublisherSubscriber10InitialOutputs

===========================================================================================
----------------- testing Thu Feb 07 03:27:57 UTC 2019 /home/travis/build/icyphy/ptII/ptolemy/actor/lib/test/auto/PublisherSubscriber11.xml
----------------- Instantiating /home/travis/build/icyphy/ptII/ptolemy/actor/lib/test/auto/PublisherSubscriber11.xml
3 ms. Memory: 1407488K Free: 902694K (64%)
----------------- Invoking toplevel() on ptolemy.moml.MoMLSimpleApplication@7841c739
----------------- Done invoking toplevel() on ptolemy.moml.MoMLSimpleApplication@7841c739
reloadAllAccessors: .PublisherSubscriber11

===========================================================================================
----------------- testing Thu Feb 07 03:27:57 UTC 2019 /home/travis/build/icyphy/ptII/ptolemy/actor/lib/test/auto/PublisherSubscriber12.xml
----------------- Instantiating /home/travis/build/icyphy/ptII/ptolemy/actor/lib/test/auto/PublisherSubscriber12.xml
3 ms. Memory: 1407488K Free: 882885K (63%)
----------------- Invoking toplevel() on ptolemy.moml.MoMLSimpleApplication@5a13afa9
----------------- Done invoking toplevel() on ptolemy.moml.MoMLSimpleApplication@5a13afa9
reloadAllAccessors: .PublisherSubscriber12

===========================================================================================
----------------- testing Thu Feb 07 03:27:57 UTC 2019 /home/travis/build/icyphy/ptII/ptolemy/actor/lib/test/auto/PublisherSubscriber13.xml
----------------- Instantiating /home/travis/build/icyphy/ptII/ptolemy/actor/lib/test/auto/PublisherSubscriber13.xml
2 ms. Memory: 1407488K Free: 869988K (62%)
----------------- Invoking toplevel() on ptolemy.moml.MoMLSimpleApplication@12c532c3
----------------- Done invoking toplevel() on ptolemy.moml.MoMLSimpleApplication@12c532c3
reloadAllAccessors: .PublisherSubscriber13

===========================================================================================
----------------- testing Thu Feb 07 03:27:58 UTC 2019 /home/travis/build/icyphy/ptII/ptolemy/actor/lib/test/auto/PublisherSubscriber14.xml
----------------- Instantiating /home/travis/build/icyphy/ptII/ptolemy/actor/lib/test/auto/PublisherSubscriber14.xml
2 ms. Memory: 1407488K Free: 850179K (60%)
----------------- Invoking toplevel() on ptolemy.moml.MoMLSimpleApplication@70cd69fa
----------------- Done invoking toplevel() on ptolemy.moml.MoMLSimpleApplication@70cd69fa
reloadAllAccessors: .PublisherSubscriber14

===========================================================================================
----------------- testing Thu Feb 07 03:27:58 UTC 2019 /home/travis/build/icyphy/ptII/ptolemy/actor/lib/test/auto/PublisherSubscriber2.xml
----------------- Instantiating /home/travis/build/icyphy/ptII/ptolemy/actor/lib/test/auto/PublisherSubscriber2.xml
3 ms. Memory: 1407488K Free: 837282K (59%)
----------------- Invoking toplevel() on ptolemy.moml.MoMLSimpleApplication@270d33ff
----------------- Done invoking toplevel() on ptolemy.moml.MoMLSimpleApplication@270d33ff
reloadAllAccessors: .PublisherSubscriber2

===========================================================================================
----------------- testing Thu Feb 07 03:27:58 UTC 2019 /home/travis/build/icyphy/ptII/ptolemy/actor/lib/test/auto/PublisherSubscriber3.xml
----------------- Instantiating /home/travis/build/icyphy/ptII/ptolemy/actor/lib/test/auto/PublisherSubscriber3.xml
2 ms. Memory: 1407488K Free: 824385K (59%)
----------------- Invoking toplevel() on ptolemy.moml.MoMLSimpleApplication@8a39d86
----------------- Done invoking toplevel() on ptolemy.moml.MoMLSimpleApplication@8a39d86
reloadAllAccessors: .PublisherSubscriber3

===========================================================================================
----------------- testing Thu Feb 07 03:27:58 UTC 2019 /home/travis/build/icyphy/ptII/ptolemy/actor/lib/test/auto/PublisherSubscriber4.xml
----------------- Instantiating /home/travis/build/icyphy/ptII/ptolemy/actor/lib/test/auto/PublisherSubscriber4.xml
1 ms. Memory: 1407488K Free: 804576K (57%)
----------------- Invoking toplevel() on ptolemy.moml.MoMLSimpleApplication@7a432b90
----------------- Done invoking toplevel() on ptolemy.moml.MoMLSimpleApplication@7a432b90
reloadAllAccessors: .PublisherSubscriber4

===========================================================================================
----------------- testing Thu Feb 07 03:27:58 UTC 2019 /home/travis/build/icyphy/ptII/ptolemy/actor/lib/test/auto/PublisherSubscriber5.xml
----------------- Instantiating /home/travis/build/icyphy/ptII/ptolemy/actor/lib/test/auto/PublisherSubscriber5.xml
2 ms. Memory: 1407488K Free: 791679K (56%)
----------------- Invoking toplevel() on ptolemy.moml.MoMLSimpleApplication@6325bff3
----------------- Done invoking toplevel() on ptolemy.moml.MoMLSimpleApplication@6325bff3
reloadAllAccessors: .PublisherSubscriber5

===========================================================================================
----------------- testing Thu Feb 07 03:27:58 UTC 2019 /home/travis/build/icyphy/ptII/ptolemy/actor/lib/test/auto/PublisherSubscriber6.xml
----------------- Instantiating /home/travis/build/icyphy/ptII/ptolemy/actor/lib/test/auto/PublisherSubscriber6.xml
3 ms. Memory: 1407488K Free: 778782K (55%)
----------------- Invoking toplevel() on ptolemy.moml.MoMLSimpleApplication@294ba9b5
----------------- Done invoking toplevel() on ptolemy.moml.MoMLSimpleApplication@294ba9b5
reloadAllAccessors: .PublisherSubscriber6

===========================================================================================
----------------- testing Thu Feb 07 03:27:58 UTC 2019 /home/travis/build/icyphy/ptII/ptolemy/actor/lib/test/auto/PublisherSubscriber7.xml
----------------- Instantiating /home/travis/build/icyphy/ptII/ptolemy/actor/lib/test/auto/PublisherSubscriber7.xml
6 ms. Memory: 1407488K Free: 758973K (54%)
----------------- Invoking toplevel() on ptolemy.moml.MoMLSimpleApplication@4418c225
----------------- Done invoking toplevel() on ptolemy.moml.MoMLSimpleApplication@4418c225
reloadAllAccessors: .PublisherSubscriber7

===========================================================================================
----------------- testing Thu Feb 07 03:27:58 UTC 2019 /home/travis/build/icyphy/ptII/ptolemy/actor/lib/test/auto/PublisherSubscriber8.xml
----------------- Instantiating /home/travis/build/icyphy/ptII/ptolemy/actor/lib/test/auto/PublisherSubscriber8.xml
17 ms. Memory: 1407488K Free: 681589K (48%)
----------------- Invoking toplevel() on ptolemy.moml.MoMLSimpleApplication@78bc4550
----------------- Done invoking toplevel() on ptolemy.moml.MoMLSimpleApplication@78bc4550
reloadAllAccessors: .PublisherSubscriber8

===========================================================================================
----------------- testing Thu Feb 07 03:27:58 UTC 2019 /home/travis/build/icyphy/ptII/ptolemy/actor/lib/test/auto/PublisherSubscriber9.xml
----------------- Instantiating /home/travis/build/icyphy/ptII/ptolemy/actor/lib/test/auto/PublisherSubscriber9.xml
2 ms. Memory: 1407488K Free: 668691K (48%)
----------------- Invoking toplevel() on ptolemy.moml.MoMLSimpleApplication@4be2d33b
----------------- Done invoking toplevel() on ptolemy.moml.MoMLSimpleApplication@4be2d33b
reloadAllAccessors: .PublisherSubscriber9

===========================================================================================
----------------- testing Thu Feb 07 03:27:58 UTC 2019 /home/travis/build/icyphy/ptII/ptolemy/actor/lib/test/auto/PublisherSubscriberAdjacent.xml
----------------- Instantiating /home/travis/build/icyphy/ptII/ptolemy/actor/lib/test/auto/PublisherSubscriberAdjacent.xml
1 ms. Memory: 1407488K Free: 642418K (46%)
----------------- Invoking toplevel() on ptolemy.moml.MoMLSimpleApplication@17e7ffa9
----------------- Done invoking toplevel() on ptolemy.moml.MoMLSimpleApplication@17e7ffa9
reloadAllAccessors: .PublisherSubscriberAdjacent

===========================================================================================
----------------- testing Thu Feb 07 03:27:58 UTC 2019 /home/travis/build/icyphy/ptII/ptolemy/actor/lib/test/auto/PublisherSubscriberChannelVariablesAOC2.xml
----------------- Instantiating /home/travis/build/icyphy/ptII/ptolemy/actor/lib/test/auto/PublisherSubscriberChannelVariablesAOC2.xml
2 ms. Memory: 1407488K Free: 623056K (44%)
----------------- Invoking toplevel() on ptolemy.moml.MoMLSimpleApplication@62da31c3
----------------- Done invoking toplevel() on ptolemy.moml.MoMLSimpleApplication@62da31c3
reloadAllAccessors: .PublisherSubscriberChannelVariablesAOC2

===========================================================================================
----------------- testing Thu Feb 07 03:27:58 UTC 2019 /home/travis/build/icyphy/ptII/ptolemy/actor/lib/test/auto/PublisherSubscriberD3.xml
----------------- Instantiating /home/travis/build/icyphy/ptII/ptolemy/actor/lib/test/auto/PublisherSubscriberD3.xml
1 ms. Memory: 1407488K Free: 603248K (43%)
----------------- Invoking toplevel() on ptolemy.moml.MoMLSimpleApplication@1007c20e
----------------- Done invoking toplevel() on ptolemy.moml.MoMLSimpleApplication@1007c20e
reloadAllAccessors: .PublisherSubscriberD3

===========================================================================================
----------------- testing Thu Feb 07 03:27:58 UTC 2019 /home/travis/build/icyphy/ptII/ptolemy/actor/lib/test/auto/PublisherSubscriberD3Reverse.xml
----------------- Instantiating /home/travis/build/icyphy/ptII/ptolemy/actor/lib/test/auto/PublisherSubscriberD3Reverse.xml
2 ms. Memory: 1407488K Free: 590350K (42%)
----------------- Invoking toplevel() on ptolemy.moml.MoMLSimpleApplication@8fe545a
----------------- Done invoking toplevel() on ptolemy.moml.MoMLSimpleApplication@8fe545a
reloadAllAccessors: .PublisherSubscriberD3Reverse

===========================================================================================
----------------- testing Thu Feb 07 03:27:58 UTC 2019 /home/travis/build/icyphy/ptII/ptolemy/actor/lib/test/auto/PublisherSubscriberExpression.xml
----------------- Instantiating /home/travis/build/icyphy/ptII/ptolemy/actor/lib/test/auto/PublisherSubscriberExpression.xml
3 ms. Memory: 1407488K Free: 577453K (41%)
----------------- Invoking toplevel() on ptolemy.moml.MoMLSimpleApplication@7fe4a392
----------------- Done invoking toplevel() on ptolemy.moml.MoMLSimpleApplication@7fe4a392
reloadAllAccessors: .PublisherSubscriberExpression

===========================================================================================
----------------- testing Thu Feb 07 03:27:58 UTC 2019 /home/travis/build/icyphy/ptII/ptolemy/actor/lib/test/auto/PublisherSubscriberOpaque.xml
----------------- Instantiating /home/travis/build/icyphy/ptII/ptolemy/actor/lib/test/auto/PublisherSubscriberOpaque.xml
3 ms. Memory: 1407488K Free: 557644K (40%)
----------------- Invoking toplevel() on ptolemy.moml.MoMLSimpleApplication@6ffefeb6
----------------- Done invoking toplevel() on ptolemy.moml.MoMLSimpleApplication@6ffefeb6
reloadAllAccessors: .PublisherSubscriberOpaque

===========================================================================================
----------------- testing Thu Feb 07 03:27:58 UTC 2019 /home/travis/build/icyphy/ptII/ptolemy/actor/lib/test/auto/PublisherSubscriberOpaqueD3.xml
----------------- Instantiating /home/travis/build/icyphy/ptII/ptolemy/actor/lib/test/auto/PublisherSubscriberOpaqueD3.xml
4 ms. Memory: 1407488K Free: 538282K (38%)
----------------- Invoking toplevel() on ptolemy.moml.MoMLSimpleApplication@36d803c6
----------------- Done invoking toplevel() on ptolemy.moml.MoMLSimpleApplication@36d803c6
reloadAllAccessors: .PublisherSubscriberOpaqueD3

===========================================================================================
----------------- testing Thu Feb 07 03:27:58 UTC 2019 /home/travis/build/icyphy/ptII/ptolemy/actor/lib/test/auto/PublisherSubscriberOpaqueD3Reverse.xml
----------------- Instantiating /home/travis/build/icyphy/ptII/ptolemy/actor/lib/test/auto/PublisherSubscriberOpaqueD3Reverse.xml
6 ms. Memory: 1407488K Free: 525385K (37%)
----------------- Invoking toplevel() on ptolemy.moml.MoMLSimpleApplication@2d823b22
----------------- Done invoking toplevel() on ptolemy.moml.MoMLSimpleApplication@2d823b22
reloadAllAccessors: .PublisherSubscriberOpaqueD3Reverse

===========================================================================================
----------------- testing Thu Feb 07 03:27:58 UTC 2019 /home/travis/build/icyphy/ptII/ptolemy/actor/lib/test/auto/PublisherSubscriberOpaqueWidthInference.xml
----------------- Instantiating /home/travis/build/icyphy/ptII/ptolemy/actor/lib/test/auto/PublisherSubscriberOpaqueWidthInference.xml
3 ms. Memory: 1407488K Free: 505577K (36%)
----------------- Invoking toplevel() on ptolemy.moml.MoMLSimpleApplication@55f5c196
----------------- Done invoking toplevel() on ptolemy.moml.MoMLSimpleApplication@55f5c196
reloadAllAccessors: .PublisherSubscriberOpaqueWidthInference

===========================================================================================
----------------- testing Thu Feb 07 03:27:58 UTC 2019 /home/travis/build/icyphy/ptII/ptolemy/actor/lib/test/auto/PublisherTestSubscriber.xml
----------------- Instantiating /home/travis/build/icyphy/ptII/ptolemy/actor/lib/test/auto/PublisherTestSubscriber.xml
2 ms. Memory: 1407488K Free: 492679K (35%)
----------------- Invoking toplevel() on ptolemy.moml.MoMLSimpleApplication@84861c6
----------------- Done invoking toplevel() on ptolemy.moml.MoMLSimpleApplication@84861c6
reloadAllAccessors: .PublisherTestSubscriber

===========================================================================================
----------------- testing Thu Feb 07 03:27:58 UTC 2019 /home/travis/build/icyphy/ptII/ptolemy/actor/lib/test/auto/PublisherToplevelSubscriberPortAOC.xml
----------------- Instantiating /home/travis/build/icyphy/ptII/ptolemy/actor/lib/test/auto/PublisherToplevelSubscriberPortAOC.xml
2 ms. Memory: 1407488K Free: 479782K (34%)
----------------- Invoking toplevel() on ptolemy.moml.MoMLSimpleApplication@308fc729
----------------- Done invoking toplevel() on ptolemy.moml.MoMLSimpleApplication@308fc729
reloadAllAccessors: .PublisherToplevelSubscriberPortAOC

===========================================================================================
----------------- testing Thu Feb 07 03:27:58 UTC 2019 /home/travis/build/icyphy/ptII/ptolemy/actor/lib/test/auto/PulseFiringLimitDE.xml
----------------- Instantiating /home/travis/build/icyphy/ptII/ptolemy/actor/lib/test/auto/PulseFiringLimitDE.xml
1 ms. Memory: 1407488K Free: 459973K (33%)
----------------- Invoking toplevel() on ptolemy.moml.MoMLSimpleApplication@377423a6
----------------- Done invoking toplevel() on ptolemy.moml.MoMLSimpleApplication@377423a6
reloadAllAccessors: .PulseFiringLimitDE

===========================================================================================
----------------- testing Thu Feb 07 03:27:58 UTC 2019 /home/travis/build/icyphy/ptII/ptolemy/actor/lib/test/auto/Ramp1.xml
----------------- Instantiating /home/travis/build/icyphy/ptII/ptolemy/actor/lib/test/auto/Ramp1.xml
1 ms. Memory: 1407488K Free: 447076K (32%)
----------------- Invoking toplevel() on ptolemy.moml.MoMLSimpleApplication@73187fc4
----------------- Done invoking toplevel() on ptolemy.moml.MoMLSimpleApplication@73187fc4
reloadAllAccessors: .Ramp1

===========================================================================================
----------------- testing Thu Feb 07 03:27:58 UTC 2019 /home/travis/build/icyphy/ptII/ptolemy/actor/lib/test/auto/RampFiringLimitDE.xml
----------------- Instantiating /home/travis/build/icyphy/ptII/ptolemy/actor/lib/test/auto/RampFiringLimitDE.xml
3 ms. Memory: 1407488K Free: 434179K (31%)
----------------- Invoking toplevel() on ptolemy.moml.MoMLSimpleApplication@7727e10f
----------------- Done invoking toplevel() on ptolemy.moml.MoMLSimpleApplication@7727e10f
reloadAllAccessors: .RampFiringLimitDE

===========================================================================================
----------------- testing Thu Feb 07 03:27:58 UTC 2019 /home/travis/build/icyphy/ptII/ptolemy/actor/lib/test/auto/RampFiringLimitSDF.xml
----------------- Instantiating /home/travis/build/icyphy/ptII/ptolemy/actor/lib/test/auto/RampFiringLimitSDF.xml
1 ms. Memory: 1407488K Free: 414370K (29%)
----------------- Invoking toplevel() on ptolemy.moml.MoMLSimpleApplication@1a485ec1
----------------- Done invoking toplevel() on ptolemy.moml.MoMLSimpleApplication@1a485ec1
reloadAllAccessors: .RampFiringLimitSDF

===========================================================================================
----------------- testing Thu Feb 07 03:27:58 UTC 2019 /home/travis/build/icyphy/ptII/ptolemy/actor/lib/test/auto/RandomInteger.xml
----------------- Instantiating /home/travis/build/icyphy/ptII/ptolemy/actor/lib/test/auto/RandomInteger.xml
2 ms. Memory: 1407488K Free: 401473K (29%)
----------------- Invoking toplevel() on ptolemy.moml.MoMLSimpleApplication@2a2c2e7d
----------------- Done invoking toplevel() on ptolemy.moml.MoMLSimpleApplication@2a2c2e7d
reloadAllAccessors: .RandomInteger

===========================================================================================
----------------- testing Thu Feb 07 03:27:58 UTC 2019 /home/travis/build/icyphy/ptII/ptolemy/actor/lib/test/auto/ReadFile1.xml
----------------- Instantiating /home/travis/build/icyphy/ptII/ptolemy/actor/lib/test/auto/ReadFile1.xml
1 ms. Memory: 1407488K Free: 381665K (27%)
----------------- Invoking toplevel() on ptolemy.moml.MoMLSimpleApplication@1e1b6658
----------------- Done invoking toplevel() on ptolemy.moml.MoMLSimpleApplication@1e1b6658
reloadAllAccessors: .ReadFile1

===========================================================================================
----------------- testing Thu Feb 07 03:27:58 UTC 2019 /home/travis/build/icyphy/ptII/ptolemy/actor/lib/test/auto/ReadFile2.xml
----------------- Instantiating /home/travis/build/icyphy/ptII/ptolemy/actor/lib/test/auto/ReadFile2.xml
2 ms. Memory: 1407488K Free: 368767K (26%)
----------------- Invoking toplevel() on ptolemy.moml.MoMLSimpleApplication@4ca24c31
----------------- Done invoking toplevel() on ptolemy.moml.MoMLSimpleApplication@4ca24c31
reloadAllAccessors: .ReadFile2

===========================================================================================
----------------- testing Thu Feb 07 03:27:58 UTC 2019 /home/travis/build/icyphy/ptII/ptolemy/actor/lib/test/auto/Reader.xml
----------------- Instantiating /home/travis/build/icyphy/ptII/ptolemy/actor/lib/test/auto/Reader.xml
actor.lib.Reader is obsolete, use actor.lib.io.ExpressionReader instead
6 ms. Memory: 1407488K Free: 355870K (25%)
----------------- Invoking toplevel() on ptolemy.moml.MoMLSimpleApplication@51125c3
----------------- Done invoking toplevel() on ptolemy.moml.MoMLSimpleApplication@51125c3
reloadAllAccessors: .Reader

===========================================================================================
----------------- testing Thu Feb 07 03:27:58 UTC 2019 /home/travis/build/icyphy/ptII/ptolemy/actor/lib/test/auto/RecordAssemblerDisplayNameTest.xml
----------------- Instantiating /home/travis/build/icyphy/ptII/ptolemy/actor/lib/test/auto/RecordAssemblerDisplayNameTest.xml
2817 ms. Memory: 1508864K Free: 497700K (33%)
----------------- Invoking toplevel() on ptolemy.moml.MoMLSimpleApplication@3e6f2fcd
----------------- Done invoking toplevel() on ptolemy.moml.MoMLSimpleApplication@3e6f2fcd
reloadAllAccessors: .RecordAssemblerDisplayNameTest

===========================================================================================
----------------- testing Thu Feb 07 03:28:01 UTC 2019 /home/travis/build/icyphy/ptII/ptolemy/actor/lib/test/auto/RecordAssemblerTypeError.xml
----------------- Instantiating /home/travis/build/icyphy/ptII/ptolemy/actor/lib/test/auto/RecordAssemblerTypeError.xml
5 ms. Memory: 1508864K Free: 467010K (31%)
----------------- Invoking toplevel() on ptolemy.moml.MoMLSimpleApplication@283bb7e3
----------------- Done invoking toplevel() on ptolemy.moml.MoMLSimpleApplication@283bb7e3
reloadAllAccessors: .RecordAssemblerTypeError

===========================================================================================
----------------- testing Thu Feb 07 03:28:01 UTC 2019 /home/travis/build/icyphy/ptII/ptolemy/actor/lib/test/auto/RecordDisassember.xml
----------------- Instantiating /home/travis/build/icyphy/ptII/ptolemy/actor/lib/test/auto/RecordDisassember.xml
2 ms. Memory: 1508864K Free: 452940K (30%)
----------------- Invoking toplevel() on ptolemy.moml.MoMLSimpleApplication@3d1b5436
----------------- Done invoking toplevel() on ptolemy.moml.MoMLSimpleApplication@3d1b5436
reloadAllAccessors: .RecordDisassember

===========================================================================================
----------------- testing Thu Feb 07 03:28:01 UTC 2019 /home/travis/build/icyphy/ptII/ptolemy/actor/lib/test/auto/RecordDisassemberDisplayNameTest.xml
----------------- Instantiating /home/travis/build/icyphy/ptII/ptolemy/actor/lib/test/auto/RecordDisassemberDisplayNameTest.xml
4 ms. Memory: 1508864K Free: 432855K (29%)
----------------- Invoking toplevel() on ptolemy.moml.MoMLSimpleApplication@70f4911b
----------------- Done invoking toplevel() on ptolemy.moml.MoMLSimpleApplication@70f4911b
reloadAllAccessors: .RecordDisassemberDisplayNameTest

===========================================================================================
----------------- testing Thu Feb 07 03:28:01 UTC 2019 /home/travis/build/icyphy/ptII/ptolemy/actor/lib/test/auto/RecordDisassembler.xml
----------------- Instantiating /home/travis/build/icyphy/ptII/ptolemy/actor/lib/test/auto/RecordDisassembler.xml
2 ms. Memory: 1508864K Free: 418785K (28%)
----------------- Invoking toplevel() on ptolemy.moml.MoMLSimpleApplication@68a17c3e
----------------- Done invoking toplevel() on ptolemy.moml.MoMLSimpleApplication@68a17c3e
reloadAllAccessors: .RecordDisassembler

===========================================================================================
----------------- testing Thu Feb 07 03:28:01 UTC 2019 /home/travis/build/icyphy/ptII/ptolemy/actor/lib/test/auto/RecordDisassembler2.xml
----------------- Instantiating /home/travis/build/icyphy/ptII/ptolemy/actor/lib/test/auto/RecordDisassembler2.xml
2 ms. Memory: 1508864K Free: 398699K (26%)
----------------- Invoking toplevel() on ptolemy.moml.MoMLSimpleApplication@341e4441
----------------- Done invoking toplevel() on ptolemy.moml.MoMLSimpleApplication@341e4441
reloadAllAccessors: .RecordDisassembler2

===========================================================================================
----------------- testing Thu Feb 07 03:28:01 UTC 2019 /home/travis/build/icyphy/ptII/ptolemy/actor/lib/test/auto/RecordUpdater.xml
----------------- Instantiating /home/travis/build/icyphy/ptII/ptolemy/actor/lib/test/auto/RecordUpdater.xml
1 ms. Memory: 1508864K Free: 384629K (25%)
----------------- Invoking toplevel() on ptolemy.moml.MoMLSimpleApplication@49439919
----------------- Done invoking toplevel() on ptolemy.moml.MoMLSimpleApplication@49439919
reloadAllAccessors: .RecordUpdater

===========================================================================================
----------------- testing Thu Feb 07 03:28:01 UTC 2019 /home/travis/build/icyphy/ptII/ptolemy/actor/lib/test/auto/RecordUpdater2.xml
----------------- Instantiating /home/travis/build/icyphy/ptII/ptolemy/actor/lib/test/auto/RecordUpdater2.xml
1 ms. Memory: 1508864K Free: 370560K (25%)
----------------- Invoking toplevel() on ptolemy.moml.MoMLSimpleApplication@559b56c4
----------------- Done invoking toplevel() on ptolemy.moml.MoMLSimpleApplication@559b56c4
reloadAllAccessors: .RecordUpdater2

===========================================================================================
----------------- testing Thu Feb 07 03:28:01 UTC 2019 /home/travis/build/icyphy/ptII/ptolemy/actor/lib/test/auto/RecursiveLattice.xml
----------------- Instantiating /home/travis/build/icyphy/ptII/ptolemy/actor/lib/test/auto/RecursiveLattice.xml
1 ms. Memory: 1508864K Free: 350474K (23%)
----------------- Invoking toplevel() on ptolemy.moml.MoMLSimpleApplication@be81f2c
----------------- Done invoking toplevel() on ptolemy.moml.MoMLSimpleApplication@be81f2c
reloadAllAccessors: .RecursiveLattice

===========================================================================================
----------------- testing Thu Feb 07 03:28:01 UTC 2019 /home/travis/build/icyphy/ptII/ptolemy/actor/lib/test/auto/Router.xml
----------------- Instantiating /home/travis/build/icyphy/ptII/ptolemy/actor/lib/test/auto/Router.xml
3003 ms. Memory: 1508864K Free: 336404K (22%)
----------------- Invoking toplevel() on ptolemy.moml.MoMLSimpleApplication@1180e408
----------------- Done invoking toplevel() on ptolemy.moml.MoMLSimpleApplication@1180e408
reloadAllAccessors: .Router

===========================================================================================
----------------- testing Thu Feb 07 03:28:04 UTC 2019 /home/travis/build/icyphy/ptII/ptolemy/actor/lib/test/auto/Router2.xml
----------------- Instantiating /home/travis/build/icyphy/ptII/ptolemy/actor/lib/test/auto/Router2.xml
3003 ms. Memory: 1508864K Free: 316319K (21%)
----------------- Invoking toplevel() on ptolemy.moml.MoMLSimpleApplication@24264c22
----------------- Done invoking toplevel() on ptolemy.moml.MoMLSimpleApplication@24264c22
reloadAllAccessors: .Router2

===========================================================================================
----------------- testing Thu Feb 07 03:28:07 UTC 2019 /home/travis/build/icyphy/ptII/ptolemy/actor/lib/test/auto/RunningMaximum.xml
----------------- Instantiating /home/travis/build/icyphy/ptII/ptolemy/actor/lib/test/auto/RunningMaximum.xml
1 ms. Memory: 1508864K Free: 302249K (20%)
----------------- Invoking toplevel() on ptolemy.moml.MoMLSimpleApplication@1085d6b6
----------------- Done invoking toplevel() on ptolemy.moml.MoMLSimpleApplication@1085d6b6
reloadAllAccessors: .RunningMaximum

===========================================================================================
----------------- testing Thu Feb 07 03:28:07 UTC 2019 /home/travis/build/icyphy/ptII/ptolemy/actor/lib/test/auto/RunningMinimum.xml
----------------- Instantiating /home/travis/build/icyphy/ptII/ptolemy/actor/lib/test/auto/RunningMinimum.xml
1 ms. Memory: 1508864K Free: 282163K (19%)
----------------- Invoking toplevel() on ptolemy.moml.MoMLSimpleApplication@88daeeb
----------------- Done invoking toplevel() on ptolemy.moml.MoMLSimpleApplication@88daeeb
reloadAllAccessors: .RunningMinimum

===========================================================================================
----------------- testing Thu Feb 07 03:28:07 UTC 2019 /home/travis/build/icyphy/ptII/ptolemy/actor/lib/test/auto/Scale.xml
----------------- Instantiating /home/travis/build/icyphy/ptII/ptolemy/actor/lib/test/auto/Scale.xml
2 ms. Memory: 1508864K Free: 268093K (18%)
----------------- Invoking toplevel() on ptolemy.moml.MoMLSimpleApplication@454270f2
----------------- Done invoking toplevel() on ptolemy.moml.MoMLSimpleApplication@454270f2
reloadAllAccessors: .Scale

===========================================================================================
----------------- testing Thu Feb 07 03:28:07 UTC 2019 /home/travis/build/icyphy/ptII/ptolemy/actor/lib/test/auto/Scale2.xml
----------------- Instantiating /home/travis/build/icyphy/ptII/ptolemy/actor/lib/test/auto/Scale2.xml
1 ms. Memory: 1508864K Free: 254024K (17%)
----------------- Invoking toplevel() on ptolemy.moml.MoMLSimpleApplication@18b32281
----------------- Done invoking toplevel() on ptolemy.moml.MoMLSimpleApplication@18b32281
reloadAllAccessors: .Scale2

===========================================================================================
----------------- testing Thu Feb 07 03:28:07 UTC 2019 /home/travis/build/icyphy/ptII/ptolemy/actor/lib/test/auto/Scale3.xml
----------------- Instantiating /home/travis/build/icyphy/ptII/ptolemy/actor/lib/test/auto/Scale3.xml
2 ms. Memory: 1508864K Free: 233938K (16%)
----------------- Invoking toplevel() on ptolemy.moml.MoMLSimpleApplication@786f9390
----------------- Done invoking toplevel() on ptolemy.moml.MoMLSimpleApplication@786f9390
reloadAllAccessors: .Scale3

===========================================================================================
----------------- testing Thu Feb 07 03:28:07 UTC 2019 /home/travis/build/icyphy/ptII/ptolemy/actor/lib/test/auto/ScaleArray.xml
----------------- Instantiating /home/travis/build/icyphy/ptII/ptolemy/actor/lib/test/auto/ScaleArray.xml
2 ms. Memory: 1508864K Free: 219868K (15%)
----------------- Invoking toplevel() on ptolemy.moml.MoMLSimpleApplication@35489cfd
----------------- Done invoking toplevel() on ptolemy.moml.MoMLSimpleApplication@35489cfd
reloadAllAccessors: .ScaleArray

===========================================================================================
----------------- testing Thu Feb 07 03:28:07 UTC 2019 /home/travis/build/icyphy/ptII/ptolemy/actor/lib/test/auto/ScaleArray2.xml
----------------- Instantiating /home/travis/build/icyphy/ptII/ptolemy/actor/lib/test/auto/ScaleArray2.xml
2 ms. Memory: 1508864K Free: 199783K (13%)
----------------- Invoking toplevel() on ptolemy.moml.MoMLSimpleApplication@44a20de0
----------------- Done invoking toplevel() on ptolemy.moml.MoMLSimpleApplication@44a20de0
reloadAllAccessors: .ScaleArray2

===========================================================================================
----------------- testing Thu Feb 07 03:28:07 UTC 2019 /home/travis/build/icyphy/ptII/ptolemy/actor/lib/test/auto/ScaleMatrix.xml
----------------- Instantiating /home/travis/build/icyphy/ptII/ptolemy/actor/lib/test/auto/ScaleMatrix.xml
130 ms. Memory: 1508864K Free: 178678K (12%)
----------------- Invoking toplevel() on ptolemy.moml.MoMLSimpleApplication@21ce070a
----------------- Done invoking toplevel() on ptolemy.moml.MoMLSimpleApplication@21ce070a
reloadAllAccessors: .ScaleMatrix

===========================================================================================
----------------- testing Thu Feb 07 03:28:07 UTC 2019 /home/travis/build/icyphy/ptII/ptolemy/actor/lib/test/auto/Select.xml
----------------- Instantiating /home/travis/build/icyphy/ptII/ptolemy/actor/lib/test/auto/Select.xml
3 ms. Memory: 1508864K Free: 164608K (11%)
----------------- Invoking toplevel() on ptolemy.moml.MoMLSimpleApplication@241f2a42
----------------- Done invoking toplevel() on ptolemy.moml.MoMLSimpleApplication@241f2a42
reloadAllAccessors: .Select

===========================================================================================
----------------- testing Thu Feb 07 03:28:07 UTC 2019 /home/travis/build/icyphy/ptII/ptolemy/actor/lib/test/auto/Select2.xml
----------------- Instantiating /home/travis/build/icyphy/ptII/ptolemy/actor/lib/test/auto/Select2.xml
2 ms. Memory: 1508864K Free: 144523K (10%)
----------------- Invoking toplevel() on ptolemy.moml.MoMLSimpleApplication@66c6fee5
----------------- Done invoking toplevel() on ptolemy.moml.MoMLSimpleApplication@66c6fee5
reloadAllAccessors: .Select2

===========================================================================================
----------------- testing Thu Feb 07 03:28:07 UTC 2019 /home/travis/build/icyphy/ptII/ptolemy/actor/lib/test/auto/SequenceToArray2.xml
----------------- Instantiating /home/travis/build/icyphy/ptII/ptolemy/actor/lib/test/auto/SequenceToArray2.xml
98 ms. Memory: 1508864K Free: 62688K (4%)
----------------- Invoking toplevel() on ptolemy.moml.MoMLSimpleApplication@1fa723c5
----------------- Done invoking toplevel() on ptolemy.moml.MoMLSimpleApplication@1fa723c5
reloadAllAccessors: .SequenceToArray2

===========================================================================================
----------------- testing Thu Feb 07 03:28:08 UTC 2019 /home/travis/build/icyphy/ptII/ptolemy/actor/lib/test/auto/SequentialClock.xml
----------------- Instantiating /home/travis/build/icyphy/ptII/ptolemy/actor/lib/test/auto/SequentialClock.xml
2 ms. Memory: 1612288K Free: 1548218K (96%)
----------------- Invoking toplevel() on ptolemy.moml.MoMLSimpleApplication@6793a883
----------------- Done invoking toplevel() on ptolemy.moml.MoMLSimpleApplication@6793a883
reloadAllAccessors: .SequentialClock

===========================================================================================
----------------- testing Thu Feb 07 03:28:08 UTC 2019 /home/travis/build/icyphy/ptII/ptolemy/actor/lib/test/auto/SetVariable.xml
----------------- Instantiating /home/travis/build/icyphy/ptII/ptolemy/actor/lib/test/auto/SetVariable.xml
3 ms. Memory: 1612288K Free: 1528079K (95%)
----------------- Invoking toplevel() on ptolemy.moml.MoMLSimpleApplication@3fd6330e
----------------- Done invoking toplevel() on ptolemy.moml.MoMLSimpleApplication@3fd6330e
reloadAllAccessors: .SetVariable

===========================================================================================
----------------- testing Thu Feb 07 03:28:08 UTC 2019 /home/travis/build/icyphy/ptII/ptolemy/actor/lib/test/auto/SetVariable2.xml
----------------- Instantiating /home/travis/build/icyphy/ptII/ptolemy/actor/lib/test/auto/SetVariable2.xml
2 ms. Memory: 1612288K Free: 1503327K (93%)
----------------- Invoking toplevel() on ptolemy.moml.MoMLSimpleApplication@4c35053
----------------- Done invoking toplevel() on ptolemy.moml.MoMLSimpleApplication@4c35053
reloadAllAccessors: .SetVariable2

===========================================================================================
----------------- testing Thu Feb 07 03:28:08 UTC 2019 /home/travis/build/icyphy/ptII/ptolemy/actor/lib/test/auto/SetVariable3.xml
----------------- Instantiating /home/travis/build/icyphy/ptII/ptolemy/actor/lib/test/auto/SetVariable3.xml
8 ms. Memory: 1612288K Free: 1478574K (92%)
----------------- Invoking toplevel() on ptolemy.moml.MoMLSimpleApplication@5b58bfaf
----------------- Done invoking toplevel() on ptolemy.moml.MoMLSimpleApplication@5b58bfaf
reloadAllAccessors: .SetVariable3

===========================================================================================
----------------- testing Thu Feb 07 03:28:08 UTC 2019 /home/travis/build/icyphy/ptII/ptolemy/actor/lib/test/auto/SetVariable4.xml
----------------- Instantiating /home/travis/build/icyphy/ptII/ptolemy/actor/lib/test/auto/SetVariable4.xml
12 ms. Memory: 1612288K Free: 1387950K (86%)
----------------- Invoking toplevel() on ptolemy.moml.MoMLSimpleApplication@5b86c5f7
----------------- Done invoking toplevel() on ptolemy.moml.MoMLSimpleApplication@5b86c5f7
reloadAllAccessors: .SetVariable4

===========================================================================================
----------------- testing Thu Feb 07 03:28:08 UTC 2019 /home/travis/build/icyphy/ptII/ptolemy/actor/lib/test/auto/SetVariable5.xml
----------------- Instantiating /home/travis/build/icyphy/ptII/ptolemy/actor/lib/test/auto/SetVariable5.xml
13 ms. Memory: 1612288K Free: 1363161K (85%)
----------------- Invoking toplevel() on ptolemy.moml.MoMLSimpleApplication@40bf29a3
----------------- Done invoking toplevel() on ptolemy.moml.MoMLSimpleApplication@40bf29a3
reloadAllAccessors: .SetVariable5

===========================================================================================
----------------- testing Thu Feb 07 03:28:08 UTC 2019 /home/travis/build/icyphy/ptII/ptolemy/actor/lib/test/auto/Sinewave.xml
----------------- Instantiating /home/travis/build/icyphy/ptII/ptolemy/actor/lib/test/auto/Sinewave.xml
4 ms. Memory: 1612288K Free: 1343022K (83%)
----------------- Invoking toplevel() on ptolemy.moml.MoMLSimpleApplication@5a3da8ef
----------------- Done invoking toplevel() on ptolemy.moml.MoMLSimpleApplication@5a3da8ef
reloadAllAccessors: .Sinewave

===========================================================================================
----------------- testing Thu Feb 07 03:28:08 UTC 2019 /home/travis/build/icyphy/ptII/ptolemy/actor/lib/test/auto/Sinewave2.xml
----------------- Instantiating /home/travis/build/icyphy/ptII/ptolemy/actor/lib/test/auto/Sinewave2.xml
4 ms. Memory: 1612288K Free: 1318269K (82%)
----------------- Invoking toplevel() on ptolemy.moml.MoMLSimpleApplication@4c39ca89
----------------- Done invoking toplevel() on ptolemy.moml.MoMLSimpleApplication@4c39ca89
reloadAllAccessors: .Sinewave2

===========================================================================================
----------------- testing Thu Feb 07 03:28:08 UTC 2019 /home/travis/build/icyphy/ptII/ptolemy/actor/lib/test/auto/Sinewave3.xml
----------------- Instantiating /home/travis/build/icyphy/ptII/ptolemy/actor/lib/test/auto/Sinewave3.xml
4 ms. Memory: 1612288K Free: 1298131K (81%)
----------------- Invoking toplevel() on ptolemy.moml.MoMLSimpleApplication@24a53303
----------------- Done invoking toplevel() on ptolemy.moml.MoMLSimpleApplication@24a53303
reloadAllAccessors: .Sinewave3

===========================================================================================
----------------- testing Thu Feb 07 03:28:08 UTC 2019 /home/travis/build/icyphy/ptII/ptolemy/actor/lib/test/auto/SingleEvent.xml
----------------- Instantiating /home/travis/build/icyphy/ptII/ptolemy/actor/lib/test/auto/SingleEvent.xml
1 ms. Memory: 1612288K Free: 1273378K (79%)
----------------- Invoking toplevel() on ptolemy.moml.MoMLSimpleApplication@50b4a014
----------------- Done invoking toplevel() on ptolemy.moml.MoMLSimpleApplication@50b4a014
reloadAllAccessors: .SingleEvent

===========================================================================================
----------------- testing Thu Feb 07 03:28:08 UTC 2019 /home/travis/build/icyphy/ptII/ptolemy/actor/lib/test/auto/Sleep.xml
----------------- Instantiating /home/travis/build/icyphy/ptII/ptolemy/actor/lib/test/auto/Sleep.xml
6002 ms. Memory: 1612288K Free: 1253239K (78%)
----------------- Invoking toplevel() on ptolemy.moml.MoMLSimpleApplication@15791fc1
----------------- Done invoking toplevel() on ptolemy.moml.MoMLSimpleApplication@15791fc1
reloadAllAccessors: .Sleep

===========================================================================================
----------------- testing Thu Feb 07 03:28:14 UTC 2019 /home/travis/build/icyphy/ptII/ptolemy/actor/lib/test/auto/SleepMultipleFire.xml
----------------- Instantiating /home/travis/build/icyphy/ptII/ptolemy/actor/lib/test/auto/SleepMultipleFire.xml
1004 ms. Memory: 1612288K Free: 1228487K (76%)
----------------- Invoking toplevel() on ptolemy.moml.MoMLSimpleApplication@203013b6
----------------- Done invoking toplevel() on ptolemy.moml.MoMLSimpleApplication@203013b6
reloadAllAccessors: .SleepMultipleFire

===========================================================================================
----------------- testing Thu Feb 07 03:28:15 UTC 2019 /home/travis/build/icyphy/ptII/ptolemy/actor/lib/test/auto/StopDE.xml
----------------- Instantiating /home/travis/build/icyphy/ptII/ptolemy/actor/lib/test/auto/StopDE.xml
6 ms. Memory: 1612288K Free: 1203734K (75%)
----------------- Invoking toplevel() on ptolemy.moml.MoMLSimpleApplication@729ddb73
----------------- Done invoking toplevel() on ptolemy.moml.MoMLSimpleApplication@729ddb73
reloadAllAccessors: .StopDE

===========================================================================================
----------------- testing Thu Feb 07 03:28:15 UTC 2019 /home/travis/build/icyphy/ptII/ptolemy/actor/lib/test/auto/StopSDF.xml
----------------- Instantiating /home/travis/build/icyphy/ptII/ptolemy/actor/lib/test/auto/StopSDF.xml
2 ms. Memory: 1612288K Free: 1183596K (73%)
----------------- Invoking toplevel() on ptolemy.moml.MoMLSimpleApplication@633574e8
----------------- Done invoking toplevel() on ptolemy.moml.MoMLSimpleApplication@633574e8
reloadAllAccessors: .StopSDF

===========================================================================================
----------------- testing Thu Feb 07 03:28:15 UTC 2019 /home/travis/build/icyphy/ptII/ptolemy/actor/lib/test/auto/StringConstant.xml
----------------- Instantiating /home/travis/build/icyphy/ptII/ptolemy/actor/lib/test/auto/StringConstant.xml
2 ms. Memory: 1612288K Free: 1158843K (72%)
----------------- Invoking toplevel() on ptolemy.moml.MoMLSimpleApplication@58873c79
----------------- Done invoking toplevel() on ptolemy.moml.MoMLSimpleApplication@58873c79
reloadAllAccessors: .StringConstant

===========================================================================================
----------------- testing Thu Feb 07 03:28:15 UTC 2019 /home/travis/build/icyphy/ptII/ptolemy/actor/lib/test/auto/SubscriberPortInitialValues1.xml
----------------- Instantiating /home/travis/build/icyphy/ptII/ptolemy/actor/lib/test/auto/SubscriberPortInitialValues1.xml
5 ms. Memory: 1612288K Free: 1138705K (71%)
----------------- Invoking toplevel() on ptolemy.moml.MoMLSimpleApplication@6d84237e
----------------- Done invoking toplevel() on ptolemy.moml.MoMLSimpleApplication@6d84237e
reloadAllAccessors: .SubscriberPortInitialValues1

===========================================================================================
----------------- testing Thu Feb 07 03:28:15 UTC 2019 /home/travis/build/icyphy/ptII/ptolemy/actor/lib/test/auto/SubscriberPortInitialValues13.xml
----------------- Instantiating /home/travis/build/icyphy/ptII/ptolemy/actor/lib/test/auto/SubscriberPortInitialValues13.xml
4 ms. Memory: 1612288K Free: 1113952K (69%)
----------------- Invoking toplevel() on ptolemy.moml.MoMLSimpleApplication@33f0b5b
----------------- Done invoking toplevel() on ptolemy.moml.MoMLSimpleApplication@33f0b5b
reloadAllAccessors: .SubscriberPortInitialValues13

===========================================================================================
----------------- testing Thu Feb 07 03:28:15 UTC 2019 /home/travis/build/icyphy/ptII/ptolemy/actor/lib/test/auto/SubscriberPortInitialValues14.xml
----------------- Instantiating /home/travis/build/icyphy/ptII/ptolemy/actor/lib/test/auto/SubscriberPortInitialValues14.xml
3 ms. Memory: 1612288K Free: 1093813K (68%)
----------------- Invoking toplevel() on ptolemy.moml.MoMLSimpleApplication@3a8a2d54
----------------- Done invoking toplevel() on ptolemy.moml.MoMLSimpleApplication@3a8a2d54
reloadAllAccessors: .SubscriberPortInitialValues14

===========================================================================================
----------------- testing Thu Feb 07 03:28:15 UTC 2019 /home/travis/build/icyphy/ptII/ptolemy/actor/lib/test/auto/SubscriberPortInitialValues2.xml
----------------- Instantiating /home/travis/build/icyphy/ptII/ptolemy/actor/lib/test/auto/SubscriberPortInitialValues2.xml
3 ms. Memory: 1612288K Free: 1069061K (66%)
----------------- Invoking toplevel() on ptolemy.moml.MoMLSimpleApplication@71f0055d
----------------- Done invoking toplevel() on ptolemy.moml.MoMLSimpleApplication@71f0055d
reloadAllAccessors: .SubscriberPortInitialValues2

===========================================================================================
----------------- testing Thu Feb 07 03:28:15 UTC 2019 /home/travis/build/icyphy/ptII/ptolemy/actor/lib/test/auto/SubscriberPortInitialValues3.xml
----------------- Instantiating /home/travis/build/icyphy/ptII/ptolemy/actor/lib/test/auto/SubscriberPortInitialValues3.xml
3 ms. Memory: 1612288K Free: 1048922K (65%)
----------------- Invoking toplevel() on ptolemy.moml.MoMLSimpleApplication@7be60fdc
----------------- Done invoking toplevel() on ptolemy.moml.MoMLSimpleApplication@7be60fdc
reloadAllAccessors: .SubscriberPortInitialValues3

===========================================================================================
----------------- testing Thu Feb 07 03:28:15 UTC 2019 /home/travis/build/icyphy/ptII/ptolemy/actor/lib/test/auto/SubscriptionAggregator.xml
----------------- Instantiating /home/travis/build/icyphy/ptII/ptolemy/actor/lib/test/auto/SubscriptionAggregator.xml
2 ms. Memory: 1612288K Free: 1024170K (64%)
----------------- Invoking toplevel() on ptolemy.moml.MoMLSimpleApplication@4df92dd1
----------------- Done invoking toplevel() on ptolemy.moml.MoMLSimpleApplication@4df92dd1
reloadAllAccessors: .SubscriptionAggregator

===========================================================================================
----------------- testing Thu Feb 07 03:28:15 UTC 2019 /home/travis/build/icyphy/ptII/ptolemy/actor/lib/test/auto/SubscriptionAggregator2.xml
----------------- Instantiating /home/travis/build/icyphy/ptII/ptolemy/actor/lib/test/auto/SubscriptionAggregator2.xml
2 ms. Memory: 1612288K Free: 999417K (62%)
----------------- Invoking toplevel() on ptolemy.moml.MoMLSimpleApplication@4e1f9d94
----------------- Done invoking toplevel() on ptolemy.moml.MoMLSimpleApplication@4e1f9d94
reloadAllAccessors: .SubscriptionAggregator2

===========================================================================================
----------------- testing Thu Feb 07 03:28:15 UTC 2019 /home/travis/build/icyphy/ptII/ptolemy/actor/lib/test/auto/SubscriptionAggregator3.xml
----------------- Instantiating /home/travis/build/icyphy/ptII/ptolemy/actor/lib/test/auto/SubscriptionAggregator3.xml
3 ms. Memory: 1612288K Free: 979278K (61%)
----------------- Invoking toplevel() on ptolemy.moml.MoMLSimpleApplication@175394bc
----------------- Done invoking toplevel() on ptolemy.moml.MoMLSimpleApplication@175394bc
reloadAllAccessors: .SubscriptionAggregator3

===========================================================================================
----------------- testing Thu Feb 07 03:28:15 UTC 2019 /home/travis/build/icyphy/ptII/ptolemy/actor/lib/test/auto/SubscriptionAggregatorMultiply.xml
----------------- Instantiating /home/travis/build/icyphy/ptII/ptolemy/actor/lib/test/auto/SubscriptionAggregatorMultiply.xml
2 ms. Memory: 1612288K Free: 954526K (59%)
----------------- Invoking toplevel() on ptolemy.moml.MoMLSimpleApplication@38a8255d
----------------- Done invoking toplevel() on ptolemy.moml.MoMLSimpleApplication@38a8255d
reloadAllAccessors: .SubscriptionAggregatorMultiply

===========================================================================================
----------------- testing Thu Feb 07 03:28:15 UTC 2019 /home/travis/build/icyphy/ptII/ptolemy/actor/lib/test/auto/SubscriptionAggregatorPortMultiply1.xml
----------------- Instantiating /home/travis/build/icyphy/ptII/ptolemy/actor/lib/test/auto/SubscriptionAggregatorPortMultiply1.xml
3 ms. Memory: 1612288K Free: 934387K (58%)
----------------- Invoking toplevel() on ptolemy.moml.MoMLSimpleApplication@775ecd8d
----------------- Done invoking toplevel() on ptolemy.moml.MoMLSimpleApplication@775ecd8d
reloadAllAccessors: .SubscriptionAggregatorPortMultiply1

===========================================================================================
----------------- testing Thu Feb 07 03:28:15 UTC 2019 /home/travis/build/icyphy/ptII/ptolemy/actor/lib/test/auto/Switch.xml
----------------- Instantiating /home/travis/build/icyphy/ptII/ptolemy/actor/lib/test/auto/Switch.xml
3 ms. Memory: 1612288K Free: 849218K (53%)
----------------- Invoking toplevel() on ptolemy.moml.MoMLSimpleApplication@5e20459e
----------------- Done invoking toplevel() on ptolemy.moml.MoMLSimpleApplication@5e20459e
reloadAllAccessors: .Switch

===========================================================================================
----------------- testing Thu Feb 07 03:28:15 UTC 2019 /home/travis/build/icyphy/ptII/ptolemy/actor/lib/test/auto/Switch2.xml
----------------- Instantiating /home/travis/build/icyphy/ptII/ptolemy/actor/lib/test/auto/Switch2.xml
1 ms. Memory: 1612288K Free: 829079K (51%)
----------------- Invoking toplevel() on ptolemy.moml.MoMLSimpleApplication@1732c58
----------------- Done invoking toplevel() on ptolemy.moml.MoMLSimpleApplication@1732c58
reloadAllAccessors: .Switch2

===========================================================================================
----------------- testing Thu Feb 07 03:28:15 UTC 2019 /home/travis/build/icyphy/ptII/ptolemy/actor/lib/test/auto/SwitchDE.xml
----------------- Instantiating /home/travis/build/icyphy/ptII/ptolemy/actor/lib/test/auto/SwitchDE.xml
1 ms. Memory: 1612288K Free: 804327K (50%)
----------------- Invoking toplevel() on ptolemy.moml.MoMLSimpleApplication@266c5ce
----------------- Done invoking toplevel() on ptolemy.moml.MoMLSimpleApplication@266c5ce
reloadAllAccessors: .SwitchDE

===========================================================================================
----------------- testing Thu Feb 07 03:28:15 UTC 2019 /home/travis/build/icyphy/ptII/ptolemy/actor/lib/test/auto/SynchronizerDE.xml
----------------- Instantiating /home/travis/build/icyphy/ptII/ptolemy/actor/lib/test/auto/SynchronizerDE.xml
7 ms. Memory: 1612288K Free: 784188K (49%)
----------------- Invoking toplevel() on ptolemy.moml.MoMLSimpleApplication@b05896e
----------------- Done invoking toplevel() on ptolemy.moml.MoMLSimpleApplication@b05896e
reloadAllAccessors: .SynchronizerDE

===========================================================================================
----------------- testing Thu Feb 07 03:28:15 UTC 2019 /home/travis/build/icyphy/ptII/ptolemy/actor/lib/test/auto/Test.xml
----------------- Instantiating /home/travis/build/icyphy/ptII/ptolemy/actor/lib/test/auto/Test.xml
2 ms. Memory: 1612288K Free: 759436K (47%)
----------------- Invoking toplevel() on ptolemy.moml.MoMLSimpleApplication@73dfef42
----------------- Done invoking toplevel() on ptolemy.moml.MoMLSimpleApplication@73dfef42
reloadAllAccessors: .Test

===========================================================================================
----------------- testing Thu Feb 07 03:28:15 UTC 2019 /home/travis/build/icyphy/ptII/ptolemy/actor/lib/test/auto/TestExceptionAttribute1.xml
----------------- Instantiating /home/travis/build/icyphy/ptII/ptolemy/actor/lib/test/auto/TestExceptionAttribute1.xml
1 ms. Memory: 1612288K Free: 734683K (46%)
----------------- Invoking toplevel() on ptolemy.moml.MoMLSimpleApplication@6d4268e2
----------------- Done invoking toplevel() on ptolemy.moml.MoMLSimpleApplication@6d4268e2
reloadAllAccessors: .TestExceptionAttribute1

===========================================================================================
----------------- testing Thu Feb 07 03:28:15 UTC 2019 /home/travis/build/icyphy/ptII/ptolemy/actor/lib/test/auto/TestExceptionAttribute2.xml
----------------- Instantiating /home/travis/build/icyphy/ptII/ptolemy/actor/lib/test/auto/TestExceptionAttribute2.xml
1 ms. Memory: 1612288K Free: 714544K (44%)
----------------- Invoking toplevel() on ptolemy.moml.MoMLSimpleApplication@29f73c73
----------------- Done invoking toplevel() on ptolemy.moml.MoMLSimpleApplication@29f73c73
reloadAllAccessors: .TestExceptionAttribute2

===========================================================================================
----------------- testing Thu Feb 07 03:28:15 UTC 2019 /home/travis/build/icyphy/ptII/ptolemy/actor/lib/test/auto/TestExceptionAttribute3.xml
----------------- Instantiating /home/travis/build/icyphy/ptII/ptolemy/actor/lib/test/auto/TestExceptionAttribute3.xml
.TestExceptionAttribute3.TestExceptionAttribute: initialize() was not invoked, but wrapup() was.  This is unusual, but not always a problem.  For example, exporting JNLP will do this.
1 ms. Memory: 1612288K Free: 689792K (43%)
----------------- Invoking toplevel() on ptolemy.moml.MoMLSimpleApplication@6e21398
----------------- Done invoking toplevel() on ptolemy.moml.MoMLSimpleApplication@6e21398
reloadAllAccessors: .TestExceptionAttribute3

===========================================================================================
----------------- testing Thu Feb 07 03:28:15 UTC 2019 /home/travis/build/icyphy/ptII/ptolemy/actor/lib/test/auto/TestExceptionAttribute4.xml
----------------- Instantiating /home/travis/build/icyphy/ptII/ptolemy/actor/lib/test/auto/TestExceptionAttribute4.xml
.TestExceptionAttribute4.TestExceptionAttribute: initialize() was not invoked, but wrapup() was.  This is unusual, but not always a problem.  For example, exporting JNLP will do this.
.TestExceptionAttribute4.TestExceptionAttribute2: initialize() was not invoked, but wrapup() was.  This is unusual, but not always a problem.  For example, exporting JNLP will do this.
0 ms. Memory: 1612288K Free: 669653K (42%)
----------------- Invoking toplevel() on ptolemy.moml.MoMLSimpleApplication@4533f49b
----------------- Done invoking toplevel() on ptolemy.moml.MoMLSimpleApplication@4533f49b
reloadAllAccessors: .TestExceptionAttribute4

===========================================================================================
----------------- testing Thu Feb 07 03:28:15 UTC 2019 /home/travis/build/icyphy/ptII/ptolemy/actor/lib/test/auto/TestExceptionHandler1.xml
----------------- Instantiating /home/travis/build/icyphy/ptII/ptolemy/actor/lib/test/auto/TestExceptionHandler1.xml
1 ms. Memory: 1612288K Free: 644901K (40%)
----------------- Invoking toplevel() on ptolemy.moml.MoMLSimpleApplication@700e37da
----------------- Done invoking toplevel() on ptolemy.moml.MoMLSimpleApplication@700e37da
reloadAllAccessors: .TestExceptionHandler1

===========================================================================================
----------------- testing Thu Feb 07 03:28:15 UTC 2019 /home/travis/build/icyphy/ptII/ptolemy/actor/lib/test/auto/TestExceptionHandler2.xml
----------------- Instantiating /home/travis/build/icyphy/ptII/ptolemy/actor/lib/test/auto/TestExceptionHandler2.xml
1 ms. Memory: 1612288K Free: 624762K (39%)
----------------- Invoking toplevel() on ptolemy.moml.MoMLSimpleApplication@68112a09
----------------- Done invoking toplevel() on ptolemy.moml.MoMLSimpleApplication@68112a09
reloadAllAccessors: .TestExceptionHandler2

===========================================================================================
----------------- testing Thu Feb 07 03:28:15 UTC 2019 /home/travis/build/icyphy/ptII/ptolemy/actor/lib/test/auto/TestExceptionHandler3.xml
----------------- Instantiating /home/travis/build/icyphy/ptII/ptolemy/actor/lib/test/auto/TestExceptionHandler3.xml
1 ms. Memory: 1612288K Free: 600009K (37%)
----------------- Invoking toplevel() on ptolemy.moml.MoMLSimpleApplication@2f4ab99e
----------------- Done invoking toplevel() on ptolemy.moml.MoMLSimpleApplication@2f4ab99e
reloadAllAccessors: .TestExceptionHandler3

===========================================================================================
----------------- testing Thu Feb 07 03:28:15 UTC 2019 /home/travis/build/icyphy/ptII/ptolemy/actor/lib/test/auto/TestExceptionHandler4.xml
----------------- Instantiating /home/travis/build/icyphy/ptII/ptolemy/actor/lib/test/auto/TestExceptionHandler4.xml
1 ms. Memory: 1612288K Free: 579871K (36%)
----------------- Invoking toplevel() on ptolemy.moml.MoMLSimpleApplication@44b5f0ce
----------------- Done invoking toplevel() on ptolemy.moml.MoMLSimpleApplication@44b5f0ce
reloadAllAccessors: .TestExceptionHandler4

===========================================================================================
----------------- testing Thu Feb 07 03:28:15 UTC 2019 /home/travis/build/icyphy/ptII/ptolemy/actor/lib/test/auto/TestRequireCorrectOrder.xml
----------------- Instantiating /home/travis/build/icyphy/ptII/ptolemy/actor/lib/test/auto/TestRequireCorrectOrder.xml
2 ms. Memory: 1612288K Free: 555118K (34%)
----------------- Invoking toplevel() on ptolemy.moml.MoMLSimpleApplication@3fb689c1
----------------- Done invoking toplevel() on ptolemy.moml.MoMLSimpleApplication@3fb689c1
reloadAllAccessors: .TestRequireCorrectOrder

===========================================================================================
----------------- testing Thu Feb 07 03:28:15 UTC 2019 /home/travis/build/icyphy/ptII/ptolemy/actor/lib/test/auto/TestSimple.xml
----------------- Instantiating /home/travis/build/icyphy/ptII/ptolemy/actor/lib/test/auto/TestSimple.xml
1 ms. Memory: 1612288K Free: 530366K (33%)
----------------- Invoking toplevel() on ptolemy.moml.MoMLSimpleApplication@47e2f057
----------------- Done invoking toplevel() on ptolemy.moml.MoMLSimpleApplication@47e2f057
reloadAllAccessors: .TestSimple

===========================================================================================
----------------- testing Thu Feb 07 03:28:15 UTC 2019 /home/travis/build/icyphy/ptII/ptolemy/actor/lib/test/auto/ThrowModelError.xml
----------------- Instantiating /home/travis/build/icyphy/ptII/ptolemy/actor/lib/test/auto/ThrowModelError.xml
1 ms. Memory: 1612288K Free: 510227K (32%)
----------------- Invoking toplevel() on ptolemy.moml.MoMLSimpleApplication@9e51f9
----------------- Done invoking toplevel() on ptolemy.moml.MoMLSimpleApplication@9e51f9
reloadAllAccessors: .ThrowModelError

===========================================================================================
----------------- testing Thu Feb 07 03:28:15 UTC 2019 /home/travis/build/icyphy/ptII/ptolemy/actor/lib/test/auto/TimeDelayMicrosteps.xml
----------------- Instantiating /home/travis/build/icyphy/ptII/ptolemy/actor/lib/test/auto/TimeDelayMicrosteps.xml
4 ms. Memory: 1612288K Free: 485475K (30%)
----------------- Invoking toplevel() on ptolemy.moml.MoMLSimpleApplication@4054867f
----------------- Done invoking toplevel() on ptolemy.moml.MoMLSimpleApplication@4054867f
reloadAllAccessors: .TimeDelayMicrosteps

===========================================================================================
----------------- testing Thu Feb 07 03:28:15 UTC 2019 /home/travis/build/icyphy/ptII/ptolemy/actor/lib/test/auto/TimeDelayMicrosteps2.xml
----------------- Instantiating /home/travis/build/icyphy/ptII/ptolemy/actor/lib/test/auto/TimeDelayMicrosteps2.xml
4 ms. Memory: 1612288K Free: 465336K (29%)
----------------- Invoking toplevel() on ptolemy.moml.MoMLSimpleApplication@52548969
----------------- Done invoking toplevel() on ptolemy.moml.MoMLSimpleApplication@52548969
reloadAllAccessors: .TimeDelayMicrosteps2

===========================================================================================
----------------- testing Thu Feb 07 03:28:15 UTC 2019 /home/travis/build/icyphy/ptII/ptolemy/actor/lib/test/auto/TimeDelayMicrosteps3.xml
----------------- Instantiating /home/travis/build/icyphy/ptII/ptolemy/actor/lib/test/auto/TimeDelayMicrosteps3.xml
2 ms. Memory: 1612288K Free: 440584K (27%)
----------------- Invoking toplevel() on ptolemy.moml.MoMLSimpleApplication@2e801b50
----------------- Done invoking toplevel() on ptolemy.moml.MoMLSimpleApplication@2e801b50
reloadAllAccessors: .TimeDelayMicrosteps3

===========================================================================================
----------------- testing Thu Feb 07 03:28:15 UTC 2019 /home/travis/build/icyphy/ptII/ptolemy/actor/lib/test/auto/TimeDelayVariableMicrosteps.xml
----------------- Instantiating /home/travis/build/icyphy/ptII/ptolemy/actor/lib/test/auto/TimeDelayVariableMicrosteps.xml
2 ms. Memory: 1612288K Free: 420445K (26%)
----------------- Invoking toplevel() on ptolemy.moml.MoMLSimpleApplication@65c5d2ef
----------------- Done invoking toplevel() on ptolemy.moml.MoMLSimpleApplication@65c5d2ef
reloadAllAccessors: .TimeDelayVariableMicrosteps

===========================================================================================
----------------- testing Thu Feb 07 03:28:15 UTC 2019 /home/travis/build/icyphy/ptII/ptolemy/actor/lib/test/auto/TimeGap.xml
----------------- Instantiating /home/travis/build/icyphy/ptII/ptolemy/actor/lib/test/auto/TimeGap.xml
3 ms. Memory: 1612288K Free: 395692K (25%)
----------------- Invoking toplevel() on ptolemy.moml.MoMLSimpleApplication@3da9ed02
----------------- Done invoking toplevel() on ptolemy.moml.MoMLSimpleApplication@3da9ed02
reloadAllAccessors: .TimeGap

===========================================================================================
----------------- testing Thu Feb 07 03:28:15 UTC 2019 /home/travis/build/icyphy/ptII/ptolemy/actor/lib/test/auto/TimeGap2.xml
----------------- Instantiating /home/travis/build/icyphy/ptII/ptolemy/actor/lib/test/auto/TimeGap2.xml
1 ms. Memory: 1612288K Free: 370940K (23%)
----------------- Invoking toplevel() on ptolemy.moml.MoMLSimpleApplication@68e2ab47
----------------- Done invoking toplevel() on ptolemy.moml.MoMLSimpleApplication@68e2ab47
reloadAllAccessors: .TimeGap2

===========================================================================================
----------------- testing Thu Feb 07 03:28:15 UTC 2019 /home/travis/build/icyphy/ptII/ptolemy/actor/lib/test/auto/TimedSinewave.xml
----------------- Instantiating /home/travis/build/icyphy/ptII/ptolemy/actor/lib/test/auto/TimedSinewave.xml
12 ms. Memory: 1612288K Free: 340716K (21%)
----------------- Invoking toplevel() on ptolemy.moml.MoMLSimpleApplication@632abfca
----------------- Done invoking toplevel() on ptolemy.moml.MoMLSimpleApplication@632abfca
reloadAllAccessors: .TimedSinewave

===========================================================================================
----------------- testing Thu Feb 07 03:28:15 UTC 2019 /home/travis/build/icyphy/ptII/ptolemy/actor/lib/test/auto/TimedSinewavePhase.xml
----------------- Instantiating /home/travis/build/icyphy/ptII/ptolemy/actor/lib/test/auto/TimedSinewavePhase.xml
8 ms. Memory: 1612288K Free: 315963K (20%)
----------------- Invoking toplevel() on ptolemy.moml.MoMLSimpleApplication@61ffc60b
----------------- Done invoking toplevel() on ptolemy.moml.MoMLSimpleApplication@61ffc60b
reloadAllAccessors: .TimedSinewavePhase

===========================================================================================
----------------- testing Thu Feb 07 03:28:15 UTC 2019 /home/travis/build/icyphy/ptII/ptolemy/actor/lib/test/auto/Timer.xml
----------------- Instantiating /home/travis/build/icyphy/ptII/ptolemy/actor/lib/test/auto/Timer.xml
2 ms. Memory: 1612288K Free: 295825K (18%)
----------------- Invoking toplevel() on ptolemy.moml.MoMLSimpleApplication@3c3500c9
----------------- Done invoking toplevel() on ptolemy.moml.MoMLSimpleApplication@3c3500c9
reloadAllAccessors: .Timer

===========================================================================================
----------------- testing Thu Feb 07 03:28:15 UTC 2019 /home/travis/build/icyphy/ptII/ptolemy/actor/lib/test/auto/TriangularDistTestModel.xml
----------------- Instantiating /home/travis/build/icyphy/ptII/ptolemy/actor/lib/test/auto/TriangularDistTestModel.xml
1 ms. Memory: 1612288K Free: 271072K (17%)
----------------- Invoking toplevel() on ptolemy.moml.MoMLSimpleApplication@13cd49f4
----------------- Done invoking toplevel() on ptolemy.moml.MoMLSimpleApplication@13cd49f4
reloadAllAccessors: .TriangularDistTestModel

===========================================================================================
----------------- testing Thu Feb 07 03:28:15 UTC 2019 /home/travis/build/icyphy/ptII/ptolemy/actor/lib/test/auto/TrigFunction.xml
----------------- Instantiating /home/travis/build/icyphy/ptII/ptolemy/actor/lib/test/auto/TrigFunction.xml
1 ms. Memory: 1612288K Free: 250933K (16%)
----------------- Invoking toplevel() on ptolemy.moml.MoMLSimpleApplication@a032369
----------------- Done invoking toplevel() on ptolemy.moml.MoMLSimpleApplication@a032369
reloadAllAccessors: .TrigFunction

===========================================================================================
----------------- testing Thu Feb 07 03:28:15 UTC 2019 /home/travis/build/icyphy/ptII/ptolemy/actor/lib/test/auto/TrigFunctionDE.xml
----------------- Instantiating /home/travis/build/icyphy/ptII/ptolemy/actor/lib/test/auto/TrigFunctionDE.xml
2 ms. Memory: 1612288K Free: 226181K (14%)
----------------- Invoking toplevel() on ptolemy.moml.MoMLSimpleApplication@5ee362c7
----------------- Done invoking toplevel() on ptolemy.moml.MoMLSimpleApplication@5ee362c7
reloadAllAccessors: .TrigFunctionDE

===========================================================================================
----------------- testing Thu Feb 07 03:28:16 UTC 2019 /home/travis/build/icyphy/ptII/ptolemy/actor/lib/test/auto/TrigFunctionInverse.xml
----------------- Instantiating /home/travis/build/icyphy/ptII/ptolemy/actor/lib/test/auto/TrigFunctionInverse.xml
1 ms. Memory: 1612288K Free: 201429K (12%)
----------------- Invoking toplevel() on ptolemy.moml.MoMLSimpleApplication@2a029743
----------------- Done invoking toplevel() on ptolemy.moml.MoMLSimpleApplication@2a029743
reloadAllAccessors: .TrigFunctionInverse

===========================================================================================
----------------- testing Thu Feb 07 03:28:16 UTC 2019 /home/travis/build/icyphy/ptII/ptolemy/actor/lib/test/auto/TrigFunctionTan.xml
----------------- Instantiating /home/travis/build/icyphy/ptII/ptolemy/actor/lib/test/auto/TrigFunctionTan.xml
1 ms. Memory: 1612288K Free: 181290K (11%)
----------------- Invoking toplevel() on ptolemy.moml.MoMLSimpleApplication@7782600c
----------------- Done invoking toplevel() on ptolemy.moml.MoMLSimpleApplication@7782600c
reloadAllAccessors: .TrigFunctionTan

===========================================================================================
----------------- testing Thu Feb 07 03:28:16 UTC 2019 /home/travis/build/icyphy/ptII/ptolemy/actor/lib/test/auto/TriggeredClock.xml
----------------- Instantiating /home/travis/build/icyphy/ptII/ptolemy/actor/lib/test/auto/TriggeredClock.xml
2 ms. Memory: 1612288K Free: 156537K (10%)
----------------- Invoking toplevel() on ptolemy.moml.MoMLSimpleApplication@14631ae3
----------------- Done invoking toplevel() on ptolemy.moml.MoMLSimpleApplication@14631ae3
reloadAllAccessors: .TriggeredClock

===========================================================================================
----------------- testing Thu Feb 07 03:28:16 UTC 2019 /home/travis/build/icyphy/ptII/ptolemy/actor/lib/test/auto/URLDirectoryReader.xml
----------------- Instantiating /home/travis/build/icyphy/ptII/ptolemy/actor/lib/test/auto/URLDirectoryReader.xml
48 ms. Memory: 1612288K Free: 136399K (8%)
----------------- Invoking toplevel() on ptolemy.moml.MoMLSimpleApplication@1701e5be
----------------- Done invoking toplevel() on ptolemy.moml.MoMLSimpleApplication@1701e5be
reloadAllAccessors: .URLDirectoryReader

===========================================================================================
----------------- testing Thu Feb 07 03:28:16 UTC 2019 /home/travis/build/icyphy/ptII/ptolemy/actor/lib/test/auto/URLDirectoryReader3.xml
----------------- Instantiating /home/travis/build/icyphy/ptII/ptolemy/actor/lib/test/auto/URLDirectoryReader3.xml
1230 ms. Memory: 1667072K Free: 1597487K (96%)
----------------- Invoking toplevel() on ptolemy.moml.MoMLSimpleApplication@30ae3c23
----------------- Done invoking toplevel() on ptolemy.moml.MoMLSimpleApplication@30ae3c23
reloadAllAccessors: .URLDirectoryReader3

===========================================================================================
----------------- testing Thu Feb 07 03:28:17 UTC 2019 /home/travis/build/icyphy/ptII/ptolemy/actor/lib/test/auto/UnaryMathFunction.xml
----------------- Instantiating /home/travis/build/icyphy/ptII/ptolemy/actor/lib/test/auto/UnaryMathFunction.xml
2 ms. Memory: 1667072K Free: 1572652K (94%)
----------------- Invoking toplevel() on ptolemy.moml.MoMLSimpleApplication@10c93c14
----------------- Done invoking toplevel() on ptolemy.moml.MoMLSimpleApplication@10c93c14
reloadAllAccessors: .UnaryMathFunction

===========================================================================================
----------------- testing Thu Feb 07 03:28:17 UTC 2019 /home/travis/build/icyphy/ptII/ptolemy/actor/lib/test/auto/Uniform.xml
----------------- Instantiating /home/travis/build/icyphy/ptII/ptolemy/actor/lib/test/auto/Uniform.xml
1 ms. Memory: 1667072K Free: 1552990K (93%)
----------------- Invoking toplevel() on ptolemy.moml.MoMLSimpleApplication@7ae845f8
----------------- Done invoking toplevel() on ptolemy.moml.MoMLSimpleApplication@7ae845f8
reloadAllAccessors: .Uniform

===========================================================================================
----------------- testing Thu Feb 07 03:28:17 UTC 2019 /home/travis/build/icyphy/ptII/ptolemy/actor/lib/test/auto/UnionDisassemblerTest.xml
----------------- Instantiating /home/travis/build/icyphy/ptII/ptolemy/actor/lib/test/auto/UnionDisassemblerTest.xml
9 ms. Memory: 1667072K Free: 1537471K (92%)
----------------- Invoking toplevel() on ptolemy.moml.MoMLSimpleApplication@50cf965c
----------------- Done invoking toplevel() on ptolemy.moml.MoMLSimpleApplication@50cf965c
reloadAllAccessors: .UnionDisassemblerTest

===========================================================================================
----------------- testing Thu Feb 07 03:28:17 UTC 2019 /home/travis/build/icyphy/ptII/ptolemy/actor/lib/test/auto/UtilityFunctions.xml
----------------- Instantiating /home/travis/build/icyphy/ptII/ptolemy/actor/lib/test/auto/UtilityFunctions.xml
5 ms. Memory: 1667072K Free: 1517809K (91%)
----------------- Invoking toplevel() on ptolemy.moml.MoMLSimpleApplication@b35204e
----------------- Done invoking toplevel() on ptolemy.moml.MoMLSimpleApplication@b35204e
reloadAllAccessors: .UtilityFunctions

===========================================================================================
----------------- testing Thu Feb 07 03:28:17 UTC 2019 /home/travis/build/icyphy/ptII/ptolemy/actor/lib/test/auto/VariableSleep.xml
----------------- Instantiating /home/travis/build/icyphy/ptII/ptolemy/actor/lib/test/auto/VariableSleep.xml
502 ms. Memory: 1667072K Free: 1498147K (90%)
----------------- Invoking toplevel() on ptolemy.moml.MoMLSimpleApplication@a0f8160
----------------- Done invoking toplevel() on ptolemy.moml.MoMLSimpleApplication@a0f8160
reloadAllAccessors: .VariableSleep

===========================================================================================
----------------- testing Thu Feb 07 03:28:18 UTC 2019 /home/travis/build/icyphy/ptII/ptolemy/actor/lib/test/auto/VectorAssemblerDisassemblerCT.xml
----------------- Instantiating /home/travis/build/icyphy/ptII/ptolemy/actor/lib/test/auto/VectorAssemblerDisassemblerCT.xml
67 ms. Memory: 1667072K Free: 1467085K (88%)
----------------- Invoking toplevel() on ptolemy.moml.MoMLSimpleApplication@22782145
----------------- Done invoking toplevel() on ptolemy.moml.MoMLSimpleApplication@22782145
reloadAllAccessors: .VectorAssemblerDisassemblerCT

===========================================================================================
----------------- testing Thu Feb 07 03:28:18 UTC 2019 /home/travis/build/icyphy/ptII/ptolemy/actor/lib/test/auto/VectorAssemblerDisassemblerDE.xml
----------------- Instantiating /home/travis/build/icyphy/ptII/ptolemy/actor/lib/test/auto/VectorAssemblerDisassemblerDE.xml
2 ms. Memory: 1667072K Free: 1447423K (87%)
----------------- Invoking toplevel() on ptolemy.moml.MoMLSimpleApplication@6c1be3f5
----------------- Done invoking toplevel() on ptolemy.moml.MoMLSimpleApplication@6c1be3f5
reloadAllAccessors: .VectorAssemblerDisassemblerDE

===========================================================================================
----------------- testing Thu Feb 07 03:28:18 UTC 2019 /home/travis/build/icyphy/ptII/ptolemy/actor/lib/test/auto/VectorAssemblerDisassemblerSDF.xml
----------------- Instantiating /home/travis/build/icyphy/ptII/ptolemy/actor/lib/test/auto/VectorAssemblerDisassemblerSDF.xml
2 ms. Memory: 1667072K Free: 1427761K (86%)
----------------- Invoking toplevel() on ptolemy.moml.MoMLSimpleApplication@2a9d4c17
----------------- Done invoking toplevel() on ptolemy.moml.MoMLSimpleApplication@2a9d4c17
reloadAllAccessors: .VectorAssemblerDisassemblerSDF

===========================================================================================
----------------- testing Thu Feb 07 03:28:18 UTC 2019 /home/travis/build/icyphy/ptII/ptolemy/actor/lib/test/auto/WallClockTime.xml
----------------- Instantiating /home/travis/build/icyphy/ptII/ptolemy/actor/lib/test/auto/WallClockTime.xml
1003 ms. Memory: 1667072K Free: 1412242K (85%)
----------------- Invoking toplevel() on ptolemy.moml.MoMLSimpleApplication@40c3db91
----------------- Done invoking toplevel() on ptolemy.moml.MoMLSimpleApplication@40c3db91
reloadAllAccessors: .WallClockTime

===========================================================================================
----------------- testing Thu Feb 07 03:28:19 UTC 2019 /home/travis/build/icyphy/ptII/ptolemy/actor/lib/test/auto/WidthTestWithSubscriberPublisher.xml
----------------- Instantiating /home/travis/build/icyphy/ptII/ptolemy/actor/lib/test/auto/WidthTestWithSubscriberPublisher.xml
6 ms. Memory: 1667072K Free: 1384805K (83%)
----------------- Invoking toplevel() on ptolemy.moml.MoMLSimpleApplication@833006d
----------------- Done invoking toplevel() on ptolemy.moml.MoMLSimpleApplication@833006d
reloadAllAccessors: .WidthTestWithSubscriberPublisher

===========================================================================================
----------------- testing Thu Feb 07 03:28:19 UTC 2019 /home/travis/build/icyphy/ptII/ptolemy/actor/lib/test/auto/WidthTestWithSubscriberPublisher2.xml
----------------- Instantiating /home/travis/build/icyphy/ptII/ptolemy/actor/lib/test/auto/WidthTestWithSubscriberPublisher2.xml
2 ms. Memory: 1667072K Free: 1365143K (82%)
----------------- Invoking toplevel() on ptolemy.moml.MoMLSimpleApplication@48ba3d7b
----------------- Done invoking toplevel() on ptolemy.moml.MoMLSimpleApplication@48ba3d7b
reloadAllAccessors: .WidthTestWithSubscriberPublisher2

===========================================================================================
----------------- testing Thu Feb 07 03:28:19 UTC 2019 /home/travis/build/icyphy/ptII/ptolemy/actor/lib/test/auto/WidthTestWithSubscriberPublisher3.xml
----------------- Instantiating /home/travis/build/icyphy/ptII/ptolemy/actor/lib/test/auto/WidthTestWithSubscriberPublisher3.xml
2 ms. Memory: 1667072K Free: 1349624K (81%)
----------------- Invoking toplevel() on ptolemy.moml.MoMLSimpleApplication@58c2aecd
----------------- Done invoking toplevel() on ptolemy.moml.MoMLSimpleApplication@58c2aecd
reloadAllAccessors: .WidthTestWithSubscriberPublisher3

===========================================================================================
----------------- testing Thu Feb 07 03:28:19 UTC 2019 /home/travis/build/icyphy/ptII/ptolemy/actor/lib/test/auto/Writer.xml
----------------- Instantiating /home/travis/build/icyphy/ptII/ptolemy/actor/lib/test/auto/Writer.xml
0
1
2
3
4
1 ms. Memory: 1667072K Free: 1329962K (80%)
----------------- Invoking toplevel() on ptolemy.moml.MoMLSimpleApplication@51ec6dcc
----------------- Done invoking toplevel() on ptolemy.moml.MoMLSimpleApplication@51ec6dcc
reloadAllAccessors: .Writer

===========================================================================================
----------------- testing Thu Feb 07 03:28:19 UTC 2019 /home/travis/build/icyphy/ptII/ptolemy/actor/lib/test/auto/array.xml
----------------- Instantiating /home/travis/build/icyphy/ptII/ptolemy/actor/lib/test/auto/array.xml
2 ms. Memory: 1667072K Free: 1314443K (79%)
----------------- Invoking toplevel() on ptolemy.moml.MoMLSimpleApplication@6545046
----------------- Done invoking toplevel() on ptolemy.moml.MoMLSimpleApplication@6545046
reloadAllAccessors: .array

===========================================================================================
----------------- testing Thu Feb 07 03:28:19 UTC 2019 /home/travis/build/icyphy/ptII/ptolemy/actor/lib/test/auto/array2.xml
----------------- Instantiating /home/travis/build/icyphy/ptII/ptolemy/actor/lib/test/auto/array2.xml
2 ms. Memory: 1667072K Free: 1294781K (78%)
----------------- Invoking toplevel() on ptolemy.moml.MoMLSimpleApplication@754497f3
----------------- Done invoking toplevel() on ptolemy.moml.MoMLSimpleApplication@754497f3
reloadAllAccessors: .array2

===========================================================================================
----------------- testing Thu Feb 07 03:28:19 UTC 2019 /home/travis/build/icyphy/ptII/ptolemy/actor/lib/test/auto/arrayType.xml
----------------- Instantiating /home/travis/build/icyphy/ptII/ptolemy/actor/lib/test/auto/arrayType.xml
2 ms. Memory: 1667072K Free: 1275119K (76%)
----------------- Invoking toplevel() on ptolemy.moml.MoMLSimpleApplication@7a6dce99
----------------- Done invoking toplevel() on ptolemy.moml.MoMLSimpleApplication@7a6dce99
reloadAllAccessors: .arrayType

===========================================================================================
----------------- testing Thu Feb 07 03:28:19 UTC 2019 /home/travis/build/icyphy/ptII/ptolemy/actor/lib/test/auto/arrayType10.xml
----------------- Instantiating /home/travis/build/icyphy/ptII/ptolemy/actor/lib/test/auto/arrayType10.xml
2 ms. Memory: 1667072K Free: 1259600K (76%)
----------------- Invoking toplevel() on ptolemy.moml.MoMLSimpleApplication@2919dd3a
----------------- Done invoking toplevel() on ptolemy.moml.MoMLSimpleApplication@2919dd3a
reloadAllAccessors: .arrayType10

===========================================================================================
----------------- testing Thu Feb 07 03:28:19 UTC 2019 /home/travis/build/icyphy/ptII/ptolemy/actor/lib/test/auto/arrayType11.xml
----------------- Instantiating /home/travis/build/icyphy/ptII/ptolemy/actor/lib/test/auto/arrayType11.xml
1 ms. Memory: 1667072K Free: 1239938K (74%)
----------------- Invoking toplevel() on ptolemy.moml.MoMLSimpleApplication@de6097e
----------------- Done invoking toplevel() on ptolemy.moml.MoMLSimpleApplication@de6097e
reloadAllAccessors: .arrayType11

===========================================================================================
----------------- testing Thu Feb 07 03:28:19 UTC 2019 /home/travis/build/icyphy/ptII/ptolemy/actor/lib/test/auto/arrayType12.xml
----------------- Instantiating /home/travis/build/icyphy/ptII/ptolemy/actor/lib/test/auto/arrayType12.xml
1 ms. Memory: 1667072K Free: 1220276K (73%)
----------------- Invoking toplevel() on ptolemy.moml.MoMLSimpleApplication@1038319e
----------------- Done invoking toplevel() on ptolemy.moml.MoMLSimpleApplication@1038319e
reloadAllAccessors: .arrayType12

===========================================================================================
----------------- testing Thu Feb 07 03:28:19 UTC 2019 /home/travis/build/icyphy/ptII/ptolemy/actor/lib/test/auto/arrayType13.xml
----------------- Instantiating /home/travis/build/icyphy/ptII/ptolemy/actor/lib/test/auto/arrayType13.xml
2 ms. Memory: 1667072K Free: 1204758K (72%)
----------------- Invoking toplevel() on ptolemy.moml.MoMLSimpleApplication@4e8db1a9
----------------- Done invoking toplevel() on ptolemy.moml.MoMLSimpleApplication@4e8db1a9
reloadAllAccessors: .arrayType13

===========================================================================================
----------------- testing Thu Feb 07 03:28:19 UTC 2019 /home/travis/build/icyphy/ptII/ptolemy/actor/lib/test/auto/arrayType14.xml
----------------- Instantiating /home/travis/build/icyphy/ptII/ptolemy/actor/lib/test/auto/arrayType14.xml
1 ms. Memory: 1667072K Free: 1185096K (71%)
----------------- Invoking toplevel() on ptolemy.moml.MoMLSimpleApplication@437af1cb
----------------- Done invoking toplevel() on ptolemy.moml.MoMLSimpleApplication@437af1cb
reloadAllAccessors: .arrayType14

===========================================================================================
----------------- testing Thu Feb 07 03:28:19 UTC 2019 /home/travis/build/icyphy/ptII/ptolemy/actor/lib/test/auto/arrayType15.xml
----------------- Instantiating /home/travis/build/icyphy/ptII/ptolemy/actor/lib/test/auto/arrayType15.xml
1 ms. Memory: 1667072K Free: 1165434K (70%)
----------------- Invoking toplevel() on ptolemy.moml.MoMLSimpleApplication@382bec11
----------------- Done invoking toplevel() on ptolemy.moml.MoMLSimpleApplication@382bec11
reloadAllAccessors: .arrayType15

===========================================================================================
----------------- testing Thu Feb 07 03:28:19 UTC 2019 /home/travis/build/icyphy/ptII/ptolemy/actor/lib/test/auto/arrayType16.xml
----------------- Instantiating /home/travis/build/icyphy/ptII/ptolemy/actor/lib/test/auto/arrayType16.xml
1 ms. Memory: 1667072K Free: 1149915K (69%)
----------------- Invoking toplevel() on ptolemy.moml.MoMLSimpleApplication@5c7780bc
----------------- Done invoking toplevel() on ptolemy.moml.MoMLSimpleApplication@5c7780bc
reloadAllAccessors: .arrayType16

===========================================================================================
----------------- testing Thu Feb 07 03:28:19 UTC 2019 /home/travis/build/icyphy/ptII/ptolemy/actor/lib/test/auto/arrayType17.xml
----------------- Instantiating /home/travis/build/icyphy/ptII/ptolemy/actor/lib/test/auto/arrayType17.xml
1 ms. Memory: 1667072K Free: 1130253K (68%)
----------------- Invoking toplevel() on ptolemy.moml.MoMLSimpleApplication@345974cc
----------------- Done invoking toplevel() on ptolemy.moml.MoMLSimpleApplication@345974cc
reloadAllAccessors: .arrayType17

===========================================================================================
----------------- testing Thu Feb 07 03:28:19 UTC 2019 /home/travis/build/icyphy/ptII/ptolemy/actor/lib/test/auto/arrayType18.xml
----------------- Instantiating /home/travis/build/icyphy/ptII/ptolemy/actor/lib/test/auto/arrayType18.xml
1 ms. Memory: 1667072K Free: 1114734K (67%)
----------------- Invoking toplevel() on ptolemy.moml.MoMLSimpleApplication@5924ea25
----------------- Done invoking toplevel() on ptolemy.moml.MoMLSimpleApplication@5924ea25
reloadAllAccessors: .arrayType18

===========================================================================================
----------------- testing Thu Feb 07 03:28:19 UTC 2019 /home/travis/build/icyphy/ptII/ptolemy/actor/lib/test/auto/arrayType19.xml
----------------- Instantiating /home/travis/build/icyphy/ptII/ptolemy/actor/lib/test/auto/arrayType19.xml
1 ms. Memory: 1667072K Free: 1095072K (66%)
----------------- Invoking toplevel() on ptolemy.moml.MoMLSimpleApplication@55f94cc0
----------------- Done invoking toplevel() on ptolemy.moml.MoMLSimpleApplication@55f94cc0
reloadAllAccessors: .arrayType19

===========================================================================================
----------------- testing Thu Feb 07 03:28:19 UTC 2019 /home/travis/build/icyphy/ptII/ptolemy/actor/lib/test/auto/arrayType2.xml
----------------- Instantiating /home/travis/build/icyphy/ptII/ptolemy/actor/lib/test/auto/arrayType2.xml
2 ms. Memory: 1667072K Free: 1075410K (65%)
----------------- Invoking toplevel() on ptolemy.moml.MoMLSimpleApplication@409eae4f
----------------- Done invoking toplevel() on ptolemy.moml.MoMLSimpleApplication@409eae4f
reloadAllAccessors: .arrayType2

===========================================================================================
----------------- testing Thu Feb 07 03:28:19 UTC 2019 /home/travis/build/icyphy/ptII/ptolemy/actor/lib/test/auto/arrayType20.xml
----------------- Instantiating /home/travis/build/icyphy/ptII/ptolemy/actor/lib/test/auto/arrayType20.xml
1 ms. Memory: 1667072K Free: 1059891K (64%)
----------------- Invoking toplevel() on ptolemy.moml.MoMLSimpleApplication@7960fb1b
----------------- Done invoking toplevel() on ptolemy.moml.MoMLSimpleApplication@7960fb1b
reloadAllAccessors: .arrayType20

===========================================================================================
----------------- testing Thu Feb 07 03:28:19 UTC 2019 /home/travis/build/icyphy/ptII/ptolemy/actor/lib/test/auto/arrayType21.xml
----------------- Instantiating /home/travis/build/icyphy/ptII/ptolemy/actor/lib/test/auto/arrayType21.xml
1 ms. Memory: 1667072K Free: 1040229K (62%)
----------------- Invoking toplevel() on ptolemy.moml.MoMLSimpleApplication@79a630bc
----------------- Done invoking toplevel() on ptolemy.moml.MoMLSimpleApplication@79a630bc
reloadAllAccessors: .arrayType21

===========================================================================================
----------------- testing Thu Feb 07 03:28:19 UTC 2019 /home/travis/build/icyphy/ptII/ptolemy/actor/lib/test/auto/arrayType22.xml
----------------- Instantiating /home/travis/build/icyphy/ptII/ptolemy/actor/lib/test/auto/arrayType22.xml
1 ms. Memory: 1667072K Free: 1020567K (61%)
----------------- Invoking toplevel() on ptolemy.moml.MoMLSimpleApplication@6d045df2
----------------- Done invoking toplevel() on ptolemy.moml.MoMLSimpleApplication@6d045df2
reloadAllAccessors: .arrayType22

===========================================================================================
----------------- testing Thu Feb 07 03:28:19 UTC 2019 /home/travis/build/icyphy/ptII/ptolemy/actor/lib/test/auto/arrayType23.xml
----------------- Instantiating /home/travis/build/icyphy/ptII/ptolemy/actor/lib/test/auto/arrayType23.xml
1 ms. Memory: 1667072K Free: 1005049K (60%)
----------------- Invoking toplevel() on ptolemy.moml.MoMLSimpleApplication@39233b3b
----------------- Done invoking toplevel() on ptolemy.moml.MoMLSimpleApplication@39233b3b
reloadAllAccessors: .arrayType23

===========================================================================================
----------------- testing Thu Feb 07 03:28:19 UTC 2019 /home/travis/build/icyphy/ptII/ptolemy/actor/lib/test/auto/arrayType24.xml
----------------- Instantiating /home/travis/build/icyphy/ptII/ptolemy/actor/lib/test/auto/arrayType24.xml
1 ms. Memory: 1667072K Free: 985386K (59%)
----------------- Invoking toplevel() on ptolemy.moml.MoMLSimpleApplication@39291c11
----------------- Done invoking toplevel() on ptolemy.moml.MoMLSimpleApplication@39291c11
reloadAllAccessors: .arrayType24

===========================================================================================
----------------- testing Thu Feb 07 03:28:19 UTC 2019 /home/travis/build/icyphy/ptII/ptolemy/actor/lib/test/auto/arrayType25.xml
----------------- Instantiating /home/travis/build/icyphy/ptII/ptolemy/actor/lib/test/auto/arrayType25.xml
1 ms. Memory: 1667072K Free: 965725K (58%)
----------------- Invoking toplevel() on ptolemy.moml.MoMLSimpleApplication@311efd92
----------------- Done invoking toplevel() on ptolemy.moml.MoMLSimpleApplication@311efd92
reloadAllAccessors: .arrayType25

===========================================================================================
----------------- testing Thu Feb 07 03:28:19 UTC 2019 /home/travis/build/icyphy/ptII/ptolemy/actor/lib/test/auto/arrayType26.xml
----------------- Instantiating /home/travis/build/icyphy/ptII/ptolemy/actor/lib/test/auto/arrayType26.xml
2 ms. Memory: 1667072K Free: 950206K (57%)
----------------- Invoking toplevel() on ptolemy.moml.MoMLSimpleApplication@4730ba10
----------------- Done invoking toplevel() on ptolemy.moml.MoMLSimpleApplication@4730ba10
reloadAllAccessors: .arrayType26

===========================================================================================
----------------- testing Thu Feb 07 03:28:19 UTC 2019 /home/travis/build/icyphy/ptII/ptolemy/actor/lib/test/auto/arrayType27.xml
----------------- Instantiating /home/travis/build/icyphy/ptII/ptolemy/actor/lib/test/auto/arrayType27.xml
1 ms. Memory: 1667072K Free: 930544K (56%)
----------------- Invoking toplevel() on ptolemy.moml.MoMLSimpleApplication@f6ce21c
----------------- Done invoking toplevel() on ptolemy.moml.MoMLSimpleApplication@f6ce21c
reloadAllAccessors: .arrayType27

===========================================================================================
----------------- testing Thu Feb 07 03:28:19 UTC 2019 /home/travis/build/icyphy/ptII/ptolemy/actor/lib/test/auto/arrayType28.xml
----------------- Instantiating /home/travis/build/icyphy/ptII/ptolemy/actor/lib/test/auto/arrayType28.xml
1 ms. Memory: 1667072K Free: 910882K (55%)
----------------- Invoking toplevel() on ptolemy.moml.MoMLSimpleApplication@516429ac
----------------- Done invoking toplevel() on ptolemy.moml.MoMLSimpleApplication@516429ac
reloadAllAccessors: .arrayType28

===========================================================================================
----------------- testing Thu Feb 07 03:28:19 UTC 2019 /home/travis/build/icyphy/ptII/ptolemy/actor/lib/test/auto/arrayType3.xml
----------------- Instantiating /home/travis/build/icyphy/ptII/ptolemy/actor/lib/test/auto/arrayType3.xml
1 ms. Memory: 1667072K Free: 895363K (54%)
----------------- Invoking toplevel() on ptolemy.moml.MoMLSimpleApplication@2f8ba437
----------------- Done invoking toplevel() on ptolemy.moml.MoMLSimpleApplication@2f8ba437
reloadAllAccessors: .arrayType3

===========================================================================================
----------------- testing Thu Feb 07 03:28:19 UTC 2019 /home/travis/build/icyphy/ptII/ptolemy/actor/lib/test/auto/arrayType4.xml
----------------- Instantiating /home/travis/build/icyphy/ptII/ptolemy/actor/lib/test/auto/arrayType4.xml
1 ms. Memory: 1667072K Free: 875701K (53%)
----------------- Invoking toplevel() on ptolemy.moml.MoMLSimpleApplication@435d6c95
----------------- Done invoking toplevel() on ptolemy.moml.MoMLSimpleApplication@435d6c95
reloadAllAccessors: .arrayType4

===========================================================================================
----------------- testing Thu Feb 07 03:28:19 UTC 2019 /home/travis/build/icyphy/ptII/ptolemy/actor/lib/test/auto/arrayType5.xml
----------------- Instantiating /home/travis/build/icyphy/ptII/ptolemy/actor/lib/test/auto/arrayType5.xml
1 ms. Memory: 1667072K Free: 860182K (52%)
----------------- Invoking toplevel() on ptolemy.moml.MoMLSimpleApplication@4cf8e13
----------------- Done invoking toplevel() on ptolemy.moml.MoMLSimpleApplication@4cf8e13
reloadAllAccessors: .arrayType5

===========================================================================================
----------------- testing Thu Feb 07 03:28:19 UTC 2019 /home/travis/build/icyphy/ptII/ptolemy/actor/lib/test/auto/arrayType6.xml
----------------- Instantiating /home/travis/build/icyphy/ptII/ptolemy/actor/lib/test/auto/arrayType6.xml
1 ms. Memory: 1667072K Free: 840520K (50%)
----------------- Invoking toplevel() on ptolemy.moml.MoMLSimpleApplication@2230c2d8
----------------- Done invoking toplevel() on ptolemy.moml.MoMLSimpleApplication@2230c2d8
reloadAllAccessors: .arrayType6

===========================================================================================
----------------- testing Thu Feb 07 03:28:19 UTC 2019 /home/travis/build/icyphy/ptII/ptolemy/actor/lib/test/auto/arrayType7.xml
----------------- Instantiating /home/travis/build/icyphy/ptII/ptolemy/actor/lib/test/auto/arrayType7.xml
1 ms. Memory: 1667072K Free: 820858K (49%)
----------------- Invoking toplevel() on ptolemy.moml.MoMLSimpleApplication@3447f050
----------------- Done invoking toplevel() on ptolemy.moml.MoMLSimpleApplication@3447f050
reloadAllAccessors: .arrayType7

===========================================================================================
----------------- testing Thu Feb 07 03:28:19 UTC 2019 /home/travis/build/icyphy/ptII/ptolemy/actor/lib/test/auto/arrayType8.xml
----------------- Instantiating /home/travis/build/icyphy/ptII/ptolemy/actor/lib/test/auto/arrayType8.xml
1 ms. Memory: 1667072K Free: 805339K (48%)
----------------- Invoking toplevel() on ptolemy.moml.MoMLSimpleApplication@1555922
----------------- Done invoking toplevel() on ptolemy.moml.MoMLSimpleApplication@1555922
reloadAllAccessors: .arrayType8

===========================================================================================
----------------- testing Thu Feb 07 03:28:19 UTC 2019 /home/travis/build/icyphy/ptII/ptolemy/actor/lib/test/auto/arrayType9.xml
----------------- Instantiating /home/travis/build/icyphy/ptII/ptolemy/actor/lib/test/auto/arrayType9.xml
2 ms. Memory: 1667072K Free: 785677K (47%)
----------------- Invoking toplevel() on ptolemy.moml.MoMLSimpleApplication@e211346
----------------- Done invoking toplevel() on ptolemy.moml.MoMLSimpleApplication@e211346
reloadAllAccessors: .arrayType9

===========================================================================================
----------------- testing Thu Feb 07 03:28:19 UTC 2019 /home/travis/build/icyphy/ptII/ptolemy/actor/lib/test/auto/cast.xml
----------------- Instantiating /home/travis/build/icyphy/ptII/ptolemy/actor/lib/test/auto/cast.xml
2 ms. Memory: 1667072K Free: 766015K (46%)
----------------- Invoking toplevel() on ptolemy.moml.MoMLSimpleApplication@651b1db3
----------------- Done invoking toplevel() on ptolemy.moml.MoMLSimpleApplication@651b1db3
reloadAllAccessors: .cast

===========================================================================================
----------------- testing Thu Feb 07 03:28:19 UTC 2019 /home/travis/build/icyphy/ptII/ptolemy/actor/lib/test/auto/compositeMultiPort.xml
----------------- Instantiating /home/travis/build/icyphy/ptII/ptolemy/actor/lib/test/auto/compositeMultiPort.xml
3 ms. Memory: 1667072K Free: 750496K (45%)
----------------- Invoking toplevel() on ptolemy.moml.MoMLSimpleApplication@539047db
----------------- Done invoking toplevel() on ptolemy.moml.MoMLSimpleApplication@539047db
reloadAllAccessors: .compositeMultiPort

===========================================================================================
----------------- testing Thu Feb 07 03:28:20 UTC 2019 /home/travis/build/icyphy/ptII/ptolemy/actor/lib/test/auto/expressionCastInference.xml
----------------- Instantiating /home/travis/build/icyphy/ptII/ptolemy/actor/lib/test/auto/expressionCastInference.xml
2 ms. Memory: 1667072K Free: 730834K (44%)
----------------- Invoking toplevel() on ptolemy.moml.MoMLSimpleApplication@4da5ffb9
----------------- Done invoking toplevel() on ptolemy.moml.MoMLSimpleApplication@4da5ffb9
reloadAllAccessors: .expressionCastInference

===========================================================================================
----------------- testing Thu Feb 07 03:28:20 UTC 2019 /home/travis/build/icyphy/ptII/ptolemy/actor/lib/test/auto/expressionCastInference2.xml
----------------- Instantiating /home/travis/build/icyphy/ptII/ptolemy/actor/lib/test/auto/expressionCastInference2.xml
2 ms. Memory: 1667072K Free: 711172K (43%)
----------------- Invoking toplevel() on ptolemy.moml.MoMLSimpleApplication@9d35c44
----------------- Done invoking toplevel() on ptolemy.moml.MoMLSimpleApplication@9d35c44
reloadAllAccessors: .expressionCastInference2

===========================================================================================
----------------- testing Thu Feb 07 03:28:20 UTC 2019 /home/travis/build/icyphy/ptII/ptolemy/actor/lib/test/auto/expressionInference.xml
----------------- Instantiating /home/travis/build/icyphy/ptII/ptolemy/actor/lib/test/auto/expressionInference.xml
1 ms. Memory: 1667072K Free: 695653K (42%)
----------------- Invoking toplevel() on ptolemy.moml.MoMLSimpleApplication@7b0c5329
----------------- Done invoking toplevel() on ptolemy.moml.MoMLSimpleApplication@7b0c5329
reloadAllAccessors: .expressionInference

===========================================================================================
----------------- testing Thu Feb 07 03:28:20 UTC 2019 /home/travis/build/icyphy/ptII/ptolemy/actor/lib/test/auto/expression_bug.xml
----------------- Instantiating /home/travis/build/icyphy/ptII/ptolemy/actor/lib/test/auto/expression_bug.xml
1 ms. Memory: 1667072K Free: 675991K (41%)
----------------- Invoking toplevel() on ptolemy.moml.MoMLSimpleApplication@60c2fb59
----------------- Done invoking toplevel() on ptolemy.moml.MoMLSimpleApplication@60c2fb59
reloadAllAccessors: .expression_bug

===========================================================================================
----------------- testing Thu Feb 07 03:28:20 UTC 2019 /home/travis/build/icyphy/ptII/ptolemy/actor/lib/test/auto/factorial.xml
----------------- Instantiating /home/travis/build/icyphy/ptII/ptolemy/actor/lib/test/auto/factorial.xml
26 ms. Memory: 1667072K Free: 656329K (39%)
----------------- Invoking toplevel() on ptolemy.moml.MoMLSimpleApplication@7cbc8ddd
----------------- Done invoking toplevel() on ptolemy.moml.MoMLSimpleApplication@7cbc8ddd
reloadAllAccessors: .factorial

===========================================================================================
----------------- testing Thu Feb 07 03:28:20 UTC 2019 /home/travis/build/icyphy/ptII/ptolemy/actor/lib/test/auto/filterTest1.xml
----------------- Instantiating /home/travis/build/icyphy/ptII/ptolemy/actor/lib/test/auto/filterTest1.xml
3 ms. Memory: 1667072K Free: 640811K (38%)
----------------- Invoking toplevel() on ptolemy.moml.MoMLSimpleApplication@123c0c11
----------------- Done invoking toplevel() on ptolemy.moml.MoMLSimpleApplication@123c0c11
reloadAllAccessors: .filterTest1

===========================================================================================
----------------- testing Thu Feb 07 03:28:20 UTC 2019 /home/travis/build/icyphy/ptII/ptolemy/actor/lib/test/auto/funcApplyInConst.xml
----------------- Instantiating /home/travis/build/icyphy/ptII/ptolemy/actor/lib/test/auto/funcApplyInConst.xml
1 ms. Memory: 1667072K Free: 621148K (37%)
----------------- Invoking toplevel() on ptolemy.moml.MoMLSimpleApplication@7184c0e6
----------------- Done invoking toplevel() on ptolemy.moml.MoMLSimpleApplication@7184c0e6
reloadAllAccessors: .funcApplyInConst

===========================================================================================
----------------- testing Thu Feb 07 03:28:20 UTC 2019 /home/travis/build/icyphy/ptII/ptolemy/actor/lib/test/auto/funcApplyInExpr.xml
----------------- Instantiating /home/travis/build/icyphy/ptII/ptolemy/actor/lib/test/auto/funcApplyInExpr.xml
1 ms. Memory: 1667072K Free: 601487K (36%)
----------------- Invoking toplevel() on ptolemy.moml.MoMLSimpleApplication@3a9e7c38
----------------- Done invoking toplevel() on ptolemy.moml.MoMLSimpleApplication@3a9e7c38
reloadAllAccessors: .funcApplyInExpr

===========================================================================================
----------------- testing Thu Feb 07 03:28:20 UTC 2019 /home/travis/build/icyphy/ptII/ptolemy/actor/lib/test/auto/function.xml
----------------- Instantiating /home/travis/build/icyphy/ptII/ptolemy/actor/lib/test/auto/function.xml
2 ms. Memory: 1667072K Free: 585968K (35%)
----------------- Invoking toplevel() on ptolemy.moml.MoMLSimpleApplication@7ce5ddd8
----------------- Done invoking toplevel() on ptolemy.moml.MoMLSimpleApplication@7ce5ddd8
reloadAllAccessors: .function

===========================================================================================
----------------- testing Thu Feb 07 03:28:20 UTC 2019 /home/travis/build/icyphy/ptII/ptolemy/actor/lib/test/auto/function2.xml
----------------- Instantiating /home/travis/build/icyphy/ptII/ptolemy/actor/lib/test/auto/function2.xml
1 ms. Memory: 1667072K Free: 566306K (34%)
----------------- Invoking toplevel() on ptolemy.moml.MoMLSimpleApplication@3f363c3f
----------------- Done invoking toplevel() on ptolemy.moml.MoMLSimpleApplication@3f363c3f
reloadAllAccessors: .function2

===========================================================================================
----------------- testing Thu Feb 07 03:28:20 UTC 2019 /home/travis/build/icyphy/ptII/ptolemy/actor/lib/test/auto/function3.xml
----------------- Instantiating /home/travis/build/icyphy/ptII/ptolemy/actor/lib/test/auto/function3.xml
1 ms. Memory: 1667072K Free: 546644K (33%)
----------------- Invoking toplevel() on ptolemy.moml.MoMLSimpleApplication@53061305
----------------- Done invoking toplevel() on ptolemy.moml.MoMLSimpleApplication@53061305
reloadAllAccessors: .function3

===========================================================================================
----------------- testing Thu Feb 07 03:28:20 UTC 2019 /home/travis/build/icyphy/ptII/ptolemy/actor/lib/test/auto/functionClosureTest1.xml
----------------- Instantiating /home/travis/build/icyphy/ptII/ptolemy/actor/lib/test/auto/functionClosureTest1.xml
1 ms. Memory: 1667072K Free: 531125K (32%)
----------------- Invoking toplevel() on ptolemy.moml.MoMLSimpleApplication@69bf280c
----------------- Done invoking toplevel() on ptolemy.moml.MoMLSimpleApplication@69bf280c
reloadAllAccessors: .functionClosureTest1

===========================================================================================
----------------- testing Thu Feb 07 03:28:20 UTC 2019 /home/travis/build/icyphy/ptII/ptolemy/actor/lib/test/auto/functionClosureTest2.xml
----------------- Instantiating /home/travis/build/icyphy/ptII/ptolemy/actor/lib/test/auto/functionClosureTest2.xml
1 ms. Memory: 1667072K Free: 511463K (31%)
----------------- Invoking toplevel() on ptolemy.moml.MoMLSimpleApplication@5ca6ec54
----------------- Done invoking toplevel() on ptolemy.moml.MoMLSimpleApplication@5ca6ec54
reloadAllAccessors: .functionClosureTest2

===========================================================================================
----------------- testing Thu Feb 07 03:28:20 UTC 2019 /home/travis/build/icyphy/ptII/ptolemy/actor/lib/test/auto/functionClosureTest3.xml
----------------- Instantiating /home/travis/build/icyphy/ptII/ptolemy/actor/lib/test/auto/functionClosureTest3.xml
1 ms. Memory: 1667072K Free: 495944K (30%)
----------------- Invoking toplevel() on ptolemy.moml.MoMLSimpleApplication@7432c474
----------------- Done invoking toplevel() on ptolemy.moml.MoMLSimpleApplication@7432c474
reloadAllAccessors: .functionClosureTest3

===========================================================================================
----------------- testing Thu Feb 07 03:28:20 UTC 2019 /home/travis/build/icyphy/ptII/ptolemy/actor/lib/test/auto/functionClosureTest4.xml
----------------- Instantiating /home/travis/build/icyphy/ptII/ptolemy/actor/lib/test/auto/functionClosureTest4.xml
2 ms. Memory: 1667072K Free: 476282K (29%)
----------------- Invoking toplevel() on ptolemy.moml.MoMLSimpleApplication@68ec0db8
----------------- Done invoking toplevel() on ptolemy.moml.MoMLSimpleApplication@68ec0db8
reloadAllAccessors: .functionClosureTest4

===========================================================================================
----------------- testing Thu Feb 07 03:28:20 UTC 2019 /home/travis/build/icyphy/ptII/ptolemy/actor/lib/test/auto/functionClosureTest5.xml
----------------- Instantiating /home/travis/build/icyphy/ptII/ptolemy/actor/lib/test/auto/functionClosureTest5.xml
3 ms. Memory: 1667072K Free: 456620K (27%)
----------------- Invoking toplevel() on ptolemy.moml.MoMLSimpleApplication@15b38d8e
----------------- Done invoking toplevel() on ptolemy.moml.MoMLSimpleApplication@15b38d8e
reloadAllAccessors: .functionClosureTest5

===========================================================================================
----------------- testing Thu Feb 07 03:28:20 UTC 2019 /home/travis/build/icyphy/ptII/ptolemy/actor/lib/test/auto/functionClosureTest6.xml
----------------- Instantiating /home/travis/build/icyphy/ptII/ptolemy/actor/lib/test/auto/functionClosureTest6.xml
1 ms. Memory: 1667072K Free: 441101K (26%)
----------------- Invoking toplevel() on ptolemy.moml.MoMLSimpleApplication@50fdd757
----------------- Done invoking toplevel() on ptolemy.moml.MoMLSimpleApplication@50fdd757
reloadAllAccessors: .functionClosureTest6

===========================================================================================
----------------- testing Thu Feb 07 03:28:20 UTC 2019 /home/travis/build/icyphy/ptII/ptolemy/actor/lib/test/auto/functionsOnArcs.xml
----------------- Instantiating /home/travis/build/icyphy/ptII/ptolemy/actor/lib/test/auto/functionsOnArcs.xml
1 ms. Memory: 1667072K Free: 421439K (25%)
----------------- Invoking toplevel() on ptolemy.moml.MoMLSimpleApplication@56356779
----------------- Done invoking toplevel() on ptolemy.moml.MoMLSimpleApplication@56356779
reloadAllAccessors: .functionsOnArcs

===========================================================================================
----------------- testing Thu Feb 07 03:28:20 UTC 2019 /home/travis/build/icyphy/ptII/ptolemy/actor/lib/test/auto/functionsOnArcsHOF.xml
----------------- Instantiating /home/travis/build/icyphy/ptII/ptolemy/actor/lib/test/auto/functionsOnArcsHOF.xml
2 ms. Memory: 1667072K Free: 401777K (24%)
----------------- Invoking toplevel() on ptolemy.moml.MoMLSimpleApplication@65034386
----------------- Done invoking toplevel() on ptolemy.moml.MoMLSimpleApplication@65034386
reloadAllAccessors: .functionsOnArcsHOF

===========================================================================================
----------------- testing Thu Feb 07 03:28:20 UTC 2019 /home/travis/build/icyphy/ptII/ptolemy/actor/lib/test/auto/logic.xml
----------------- Instantiating /home/travis/build/icyphy/ptII/ptolemy/actor/lib/test/auto/logic.xml
2 ms. Memory: 1667072K Free: 386258K (23%)
----------------- Invoking toplevel() on ptolemy.moml.MoMLSimpleApplication@1aa34f62
----------------- Done invoking toplevel() on ptolemy.moml.MoMLSimpleApplication@1aa34f62
reloadAllAccessors: .logic

===========================================================================================
----------------- testing Thu Feb 07 03:28:20 UTC 2019 /home/travis/build/icyphy/ptII/ptolemy/actor/lib/test/auto/matrixType.xml
----------------- Instantiating /home/travis/build/icyphy/ptII/ptolemy/actor/lib/test/auto/matrixType.xml
1 ms. Memory: 1667072K Free: 366596K (22%)
----------------- Invoking toplevel() on ptolemy.moml.MoMLSimpleApplication@6f6aee44
----------------- Done invoking toplevel() on ptolemy.moml.MoMLSimpleApplication@6f6aee44
reloadAllAccessors: .matrixType

===========================================================================================
----------------- testing Thu Feb 07 03:28:20 UTC 2019 /home/travis/build/icyphy/ptII/ptolemy/actor/lib/test/auto/matrixType10.xml
----------------- Instantiating /home/travis/build/icyphy/ptII/ptolemy/actor/lib/test/auto/matrixType10.xml
1 ms. Memory: 1667072K Free: 346934K (21%)
----------------- Invoking toplevel() on ptolemy.moml.MoMLSimpleApplication@33165da
----------------- Done invoking toplevel() on ptolemy.moml.MoMLSimpleApplication@33165da
reloadAllAccessors: .matrixType10

===========================================================================================
----------------- testing Thu Feb 07 03:28:20 UTC 2019 /home/travis/build/icyphy/ptII/ptolemy/actor/lib/test/auto/matrixType11.xml
----------------- Instantiating /home/travis/build/icyphy/ptII/ptolemy/actor/lib/test/auto/matrixType11.xml
1 ms. Memory: 1667072K Free: 331415K (20%)
----------------- Invoking toplevel() on ptolemy.moml.MoMLSimpleApplication@55907ce
----------------- Done invoking toplevel() on ptolemy.moml.MoMLSimpleApplication@55907ce
reloadAllAccessors: .matrixType11

===========================================================================================
----------------- testing Thu Feb 07 03:28:20 UTC 2019 /home/travis/build/icyphy/ptII/ptolemy/actor/lib/test/auto/matrixType12.xml
----------------- Instantiating /home/travis/build/icyphy/ptII/ptolemy/actor/lib/test/auto/matrixType12.xml
1 ms. Memory: 1667072K Free: 311753K (19%)
----------------- Invoking toplevel() on ptolemy.moml.MoMLSimpleApplication@6ff3ac66
----------------- Done invoking toplevel() on ptolemy.moml.MoMLSimpleApplication@6ff3ac66
reloadAllAccessors: .matrixType12

===========================================================================================
----------------- testing Thu Feb 07 03:28:20 UTC 2019 /home/travis/build/icyphy/ptII/ptolemy/actor/lib/test/auto/matrixType13.xml
----------------- Instantiating /home/travis/build/icyphy/ptII/ptolemy/actor/lib/test/auto/matrixType13.xml
1 ms. Memory: 1667072K Free: 292091K (18%)
----------------- Invoking toplevel() on ptolemy.moml.MoMLSimpleApplication@1e5478bb
----------------- Done invoking toplevel() on ptolemy.moml.MoMLSimpleApplication@1e5478bb
reloadAllAccessors: .matrixType13

===========================================================================================
----------------- testing Thu Feb 07 03:28:20 UTC 2019 /home/travis/build/icyphy/ptII/ptolemy/actor/lib/test/auto/matrixType14.xml
----------------- Instantiating /home/travis/build/icyphy/ptII/ptolemy/actor/lib/test/auto/matrixType14.xml
1 ms. Memory: 1667072K Free: 276572K (17%)
----------------- Invoking toplevel() on ptolemy.moml.MoMLSimpleApplication@1181b29e
----------------- Done invoking toplevel() on ptolemy.moml.MoMLSimpleApplication@1181b29e
reloadAllAccessors: .matrixType14

===========================================================================================
----------------- testing Thu Feb 07 03:28:20 UTC 2019 /home/travis/build/icyphy/ptII/ptolemy/actor/lib/test/auto/matrixType2.xml
----------------- Instantiating /home/travis/build/icyphy/ptII/ptolemy/actor/lib/test/auto/matrixType2.xml
1 ms. Memory: 1667072K Free: 256910K (15%)
----------------- Invoking toplevel() on ptolemy.moml.MoMLSimpleApplication@e7f37bc
----------------- Done invoking toplevel() on ptolemy.moml.MoMLSimpleApplication@e7f37bc
reloadAllAccessors: .matrixType2

===========================================================================================
----------------- testing Thu Feb 07 03:28:20 UTC 2019 /home/travis/build/icyphy/ptII/ptolemy/actor/lib/test/auto/matrixType3.xml
----------------- Instantiating /home/travis/build/icyphy/ptII/ptolemy/actor/lib/test/auto/matrixType3.xml
1 ms. Memory: 1667072K Free: 237248K (14%)
----------------- Invoking toplevel() on ptolemy.moml.MoMLSimpleApplication@6ba32ec9
----------------- Done invoking toplevel() on ptolemy.moml.MoMLSimpleApplication@6ba32ec9
reloadAllAccessors: .matrixType3

===========================================================================================
----------------- testing Thu Feb 07 03:28:20 UTC 2019 /home/travis/build/icyphy/ptII/ptolemy/actor/lib/test/auto/matrixType4.xml
----------------- Instantiating /home/travis/build/icyphy/ptII/ptolemy/actor/lib/test/auto/matrixType4.xml
1 ms. Memory: 1667072K Free: 221729K (13%)
----------------- Invoking toplevel() on ptolemy.moml.MoMLSimpleApplication@3bbfc9b7
----------------- Done invoking toplevel() on ptolemy.moml.MoMLSimpleApplication@3bbfc9b7
reloadAllAccessors: .matrixType4

===========================================================================================
----------------- testing Thu Feb 07 03:28:20 UTC 2019 /home/travis/build/icyphy/ptII/ptolemy/actor/lib/test/auto/matrixType5.xml
----------------- Instantiating /home/travis/build/icyphy/ptII/ptolemy/actor/lib/test/auto/matrixType5.xml
3 ms. Memory: 1667072K Free: 202067K (12%)
----------------- Invoking toplevel() on ptolemy.moml.MoMLSimpleApplication@564fb20a
----------------- Done invoking toplevel() on ptolemy.moml.MoMLSimpleApplication@564fb20a
reloadAllAccessors: .matrixType5

===========================================================================================
----------------- testing Thu Feb 07 03:28:20 UTC 2019 /home/travis/build/icyphy/ptII/ptolemy/actor/lib/test/auto/matrixType6.xml
----------------- Instantiating /home/travis/build/icyphy/ptII/ptolemy/actor/lib/test/auto/matrixType6.xml
1 ms. Memory: 1667072K Free: 182405K (11%)
----------------- Invoking toplevel() on ptolemy.moml.MoMLSimpleApplication@5815f1da
----------------- Done invoking toplevel() on ptolemy.moml.MoMLSimpleApplication@5815f1da
reloadAllAccessors: .matrixType6

===========================================================================================
----------------- testing Thu Feb 07 03:28:20 UTC 2019 /home/travis/build/icyphy/ptII/ptolemy/actor/lib/test/auto/matrixType7.xml
----------------- Instantiating /home/travis/build/icyphy/ptII/ptolemy/actor/lib/test/auto/matrixType7.xml
2 ms. Memory: 1667072K Free: 166886K (10%)
----------------- Invoking toplevel() on ptolemy.moml.MoMLSimpleApplication@18f45279
----------------- Done invoking toplevel() on ptolemy.moml.MoMLSimpleApplication@18f45279
reloadAllAccessors: .matrixType7

===========================================================================================
----------------- testing Thu Feb 07 03:28:20 UTC 2019 /home/travis/build/icyphy/ptII/ptolemy/actor/lib/test/auto/matrixType8.xml
----------------- Instantiating /home/travis/build/icyphy/ptII/ptolemy/actor/lib/test/auto/matrixType8.xml
1 ms. Memory: 1667072K Free: 147224K (9%)
----------------- Invoking toplevel() on ptolemy.moml.MoMLSimpleApplication@be20ca3
----------------- Done invoking toplevel() on ptolemy.moml.MoMLSimpleApplication@be20ca3
reloadAllAccessors: .matrixType8

===========================================================================================
----------------- testing Thu Feb 07 03:28:20 UTC 2019 /home/travis/build/icyphy/ptII/ptolemy/actor/lib/test/auto/matrixType9.xml
----------------- Instantiating /home/travis/build/icyphy/ptII/ptolemy/actor/lib/test/auto/matrixType9.xml
1 ms. Memory: 1667072K Free: 127562K (8%)
----------------- Invoking toplevel() on ptolemy.moml.MoMLSimpleApplication@4b7f77fc
----------------- Done invoking toplevel() on ptolemy.moml.MoMLSimpleApplication@4b7f77fc
reloadAllAccessors: .matrixType9

===========================================================================================
----------------- testing Thu Feb 07 03:28:20 UTC 2019 /home/travis/build/icyphy/ptII/ptolemy/actor/lib/test/auto/paraFunctest.xml
----------------- Instantiating /home/travis/build/icyphy/ptII/ptolemy/actor/lib/test/auto/paraFunctest.xml
2 ms. Memory: 1667072K Free: 112044K (7%)
----------------- Invoking toplevel() on ptolemy.moml.MoMLSimpleApplication@1d248653
----------------- Done invoking toplevel() on ptolemy.moml.MoMLSimpleApplication@1d248653
reloadAllAccessors: .paraFunctest

===========================================================================================
----------------- testing Thu Feb 07 03:28:20 UTC 2019 /home/travis/build/icyphy/ptII/ptolemy/actor/lib/test/auto/paraFunctest2.xml
----------------- Instantiating /home/travis/build/icyphy/ptII/ptolemy/actor/lib/test/auto/paraFunctest2.xml
2 ms. Memory: 1667072K Free: 92381K (6%)
----------------- Invoking toplevel() on ptolemy.moml.MoMLSimpleApplication@6781e899
----------------- Done invoking toplevel() on ptolemy.moml.MoMLSimpleApplication@6781e899
reloadAllAccessors: .paraFunctest2

===========================================================================================
----------------- testing Thu Feb 07 03:28:20 UTC 2019 /home/travis/build/icyphy/ptII/ptolemy/actor/lib/test/auto/parameterPassing.xml
----------------- Instantiating /home/travis/build/icyphy/ptII/ptolemy/actor/lib/test/auto/parameterPassing.xml
1 ms. Memory: 1667072K Free: 72719K (4%)
----------------- Invoking toplevel() on ptolemy.moml.MoMLSimpleApplication@1698c8ff
----------------- Done invoking toplevel() on ptolemy.moml.MoMLSimpleApplication@1698c8ff
reloadAllAccessors: .parameterPassing

===========================================================================================
----------------- testing Thu Feb 07 03:28:20 UTC 2019 /home/travis/build/icyphy/ptII/ptolemy/actor/lib/test/auto/record.xml
----------------- Instantiating /home/travis/build/icyphy/ptII/ptolemy/actor/lib/test/auto/record.xml
2 ms. Memory: 1667072K Free: 1612657K (97%)
----------------- Invoking toplevel() on ptolemy.moml.MoMLSimpleApplication@11985577
----------------- Done invoking toplevel() on ptolemy.moml.MoMLSimpleApplication@11985577
reloadAllAccessors: .record

===========================================================================================
----------------- testing Thu Feb 07 03:28:20 UTC 2019 /home/travis/build/icyphy/ptII/ptolemy/actor/lib/test/auto/sizedarray1.xml
----------------- Instantiating /home/travis/build/icyphy/ptII/ptolemy/actor/lib/test/auto/sizedarray1.xml
1 ms. Memory: 1667072K Free: 1592898K (96%)
----------------- Invoking toplevel() on ptolemy.moml.MoMLSimpleApplication@7de307f0
----------------- Done invoking toplevel() on ptolemy.moml.MoMLSimpleApplication@7de307f0
reloadAllAccessors: .sizedarray1

===========================================================================================
----------------- testing Thu Feb 07 03:28:20 UTC 2019 /home/travis/build/icyphy/ptII/ptolemy/actor/lib/test/auto/sizedarray2.xml
----------------- Instantiating /home/travis/build/icyphy/ptII/ptolemy/actor/lib/test/auto/sizedarray2.xml
1 ms. Memory: 1667072K Free: 1573138K (94%)
----------------- Invoking toplevel() on ptolemy.moml.MoMLSimpleApplication@37613b3f
----------------- Done invoking toplevel() on ptolemy.moml.MoMLSimpleApplication@37613b3f
reloadAllAccessors: .sizedarray2

===========================================================================================
----------------- testing Thu Feb 07 03:28:20 UTC 2019 /home/travis/build/icyphy/ptII/ptolemy/actor/lib/test/auto/twoPublishers.xml
----------------- Instantiating /home/travis/build/icyphy/ptII/ptolemy/actor/lib/test/auto/twoPublishers.xml
2 ms. Memory: 1667072K Free: 1549860K (93%)
----------------- Invoking toplevel() on ptolemy.moml.MoMLSimpleApplication@4e57b2a8
----------------- Done invoking toplevel() on ptolemy.moml.MoMLSimpleApplication@4e57b2a8
reloadAllAccessors: .twoPublishers
AutoTests.java: About to close Vertx.
AutoTests.java: Vertx closed.
]]></system-out>
  <system-err><![CDATA[java.lang.RuntimeException: Execution failed
	at ptolemy.moml.MoMLSimpleApplication$UnloadThread.run(MoMLSimpleApplication.java:402)
Caused by: java.lang.RuntimeException: StringUtilities.exit() was called. Normally, we would exit here because Manager.exitAfterWrapup() was called.  However, because the ptolemy.ptII.exitAfterWrapup property is set, we throw this exception instead.
	at ptolemy.util.StringUtilities.exit(StringUtilities.java:363)
	at ptolemy.actor.Manager.wrapup(Manager.java:1531)
	at ptolemy.actor.Manager.execute(Manager.java:407)
	at ptolemy.actor.Manager.run(Manager.java:1263)
	at ptolemy.actor.Manager$PtolemyRunThread.run(Manager.java:1915)
Warning: '.top.test' is in training mode, set the trainingMode parameter to false before checking in
Warning: '.top.test' is in training mode, set the trainingMode parameter to false before checking in
Warning: '.top.test' is in training mode, set the trainingMode parameter to false before checking in
Warning: '.BooleanSwitch_RegressionTest_WrongTrainingValues.Test' is in training mode, set the trainingMode parameter to false before checking in
Warning: '.BooleanSwitch_RegressionTest_WrongTrainingValues.Test2' is in training mode, set the trainingMode parameter to false before checking in
Warning: '.BooleanSwitch_RegressionTest_WrongTrainingValues.Test2' The test produced 0 tokens.
Warning: '.top.testExceptionHandler' is in training mode, set the trainingMode parameter to false before checking in
java.lang.RuntimeException: Execution failed
	at ptolemy.moml.MoMLSimpleApplication$UnloadThread.run(MoMLSimpleApplication.java:402)
Caused by: ptolemy.kernel.util.IllegalActionException: PublisherPorts cannot be used at the top level, use a Publisher actor instead.
  in .PublisherPortToplevelSubscriber.PublisherPort
	at ptolemy.actor.PublisherPort.preinitialize(PublisherPort.java:403)
	at ptolemy.actor.CompositeActor.preinitialize(CompositeActor.java:1769)
	at ptolemy.actor.Manager.preinitializeAndResolveTypes(Manager.java:1040)
	at ptolemy.actor.Manager.initialize(Manager.java:710)
	at ptolemy.actor.Manager.execute(Manager.java:356)
	at ptolemy.actor.Manager.run(Manager.java:1263)
	at ptolemy.actor.Manager$PtolemyRunThread.run(Manager.java:1915)
java.lang.reflect.InvocationTargetException
	at sun.reflect.NativeConstructorAccessorImpl.newInstance0(Native Method)
	at sun.reflect.NativeConstructorAccessorImpl.newInstance(NativeConstructorAccessorImpl.java:62)
	at sun.reflect.DelegatingConstructorAccessorImpl.newInstance(DelegatingConstructorAccessorImpl.java:45)
	at java.lang.reflect.Constructor.newInstance(Constructor.java:423)
	at ptolemy.util.test.junit.AutoKnownFailedTests.RunModel(AutoKnownFailedTests.java:105)
	at sun.reflect.NativeMethodAccessorImpl.invoke0(Native Method)
	at sun.reflect.NativeMethodAccessorImpl.invoke(NativeMethodAccessorImpl.java:62)
	at sun.reflect.DelegatingMethodAccessorImpl.invoke(DelegatingMethodAccessorImpl.java:43)
	at java.lang.reflect.Method.invoke(Method.java:498)
	at org.junit.runners.model.FrameworkMethod$1.runReflectiveCall(FrameworkMethod.java:44)
	at org.junit.internal.runners.model.ReflectiveCallable.run(ReflectiveCallable.java:15)
	at org.junit.runners.model.FrameworkMethod.invokeExplosively(FrameworkMethod.java:41)
	at junitparams.internal.InvokeParameterisedMethod.evaluate(InvokeParameterisedMethod.java:102)
	at org.junit.internal.runners.statements.FailOnTimeout$1.run(FailOnTimeout.java:28)
Caused by: ptolemy.kernel.util.IllegalActionException: PublisherPorts cannot be used at the top level, use a Publisher actor instead.
  in .PublisherPortToplevelSubscriber.PublisherPort
	at ptolemy.actor.PublisherPort.preinitialize(PublisherPort.java:403)
	at ptolemy.actor.CompositeActor.preinitialize(CompositeActor.java:1769)
	at ptolemy.actor.Manager.preinitializeAndResolveTypes(Manager.java:1040)
	at ptolemy.actor.Manager.initialize(Manager.java:710)
	at ptolemy.actor.Manager.execute(Manager.java:356)
	at ptolemy.actor.Manager.run(Manager.java:1263)
	at ptolemy.actor.Manager$PtolemyRunThread.run(Manager.java:1915)
java.lang.RuntimeException: Execution failed
	at ptolemy.moml.MoMLSimpleApplication$UnloadThread.run(MoMLSimpleApplication.java:402)
Caused by: ptolemy.kernel.util.IllegalActionException: SubscriberPorts cannot be used at the top level, use a Subscriber actor instead.
  in .PublisherSubscriberPortToplevel.SubscriberPort
	at ptolemy.actor.SubscriberPort.preinitialize(SubscriberPort.java:328)
	at ptolemy.actor.CompositeActor.preinitialize(CompositeActor.java:1769)
	at ptolemy.actor.Manager.preinitializeAndResolveTypes(Manager.java:1040)
	at ptolemy.actor.Manager.initialize(Manager.java:710)
	at ptolemy.actor.Manager.execute(Manager.java:356)
	at ptolemy.actor.Manager.run(Manager.java:1263)
	at ptolemy.actor.Manager$PtolemyRunThread.run(Manager.java:1915)
java.lang.reflect.InvocationTargetException
	at sun.reflect.NativeConstructorAccessorImpl.newInstance0(Native Method)
	at sun.reflect.NativeConstructorAccessorImpl.newInstance(NativeConstructorAccessorImpl.java:62)
	at sun.reflect.DelegatingConstructorAccessorImpl.newInstance(DelegatingConstructorAccessorImpl.java:45)
	at java.lang.reflect.Constructor.newInstance(Constructor.java:423)
	at ptolemy.util.test.junit.AutoKnownFailedTests.RunModel(AutoKnownFailedTests.java:105)
	at sun.reflect.NativeMethodAccessorImpl.invoke0(Native Method)
	at sun.reflect.NativeMethodAccessorImpl.invoke(NativeMethodAccessorImpl.java:62)
	at sun.reflect.DelegatingMethodAccessorImpl.invoke(DelegatingMethodAccessorImpl.java:43)
	at java.lang.reflect.Method.invoke(Method.java:498)
	at org.junit.runners.model.FrameworkMethod$1.runReflectiveCall(FrameworkMethod.java:44)
	at org.junit.internal.runners.model.ReflectiveCallable.run(ReflectiveCallable.java:15)
	at org.junit.runners.model.FrameworkMethod.invokeExplosively(FrameworkMethod.java:41)
	at junitparams.internal.InvokeParameterisedMethod.evaluate(InvokeParameterisedMethod.java:102)
	at org.junit.internal.runners.statements.FailOnTimeout$1.run(FailOnTimeout.java:28)
Caused by: ptolemy.kernel.util.IllegalActionException: SubscriberPorts cannot be used at the top level, use a Subscriber actor instead.
  in .PublisherSubscriberPortToplevel.SubscriberPort
	at ptolemy.actor.SubscriberPort.preinitialize(SubscriberPort.java:328)
	at ptolemy.actor.CompositeActor.preinitialize(CompositeActor.java:1769)
	at ptolemy.actor.Manager.preinitializeAndResolveTypes(Manager.java:1040)
	at ptolemy.actor.Manager.initialize(Manager.java:710)
	at ptolemy.actor.Manager.execute(Manager.java:356)
	at ptolemy.actor.Manager.run(Manager.java:1263)
	at ptolemy.actor.Manager$PtolemyRunThread.run(Manager.java:1915)
java.lang.RuntimeException: Execution failed
	at ptolemy.moml.MoMLSimpleApplication$UnloadThread.run(MoMLSimpleApplication.java:402)
Caused by: ptolemy.kernel.util.IllegalActionException: SubscriptionAggregatorPorts cannot be used at the top level, use a SubscriptionAggregator actor instead.
  in .PublisherSubscriptionAggregatorPort.SubscriptionAggregatorPort
	at ptolemy.actor.SubscriptionAggregatorPort.preinitialize(SubscriptionAggregatorPort.java:353)
	at ptolemy.actor.CompositeActor.preinitialize(CompositeActor.java:1769)
	at ptolemy.actor.Manager.preinitializeAndResolveTypes(Manager.java:1040)
	at ptolemy.actor.Manager.initialize(Manager.java:710)
	at ptolemy.actor.Manager.execute(Manager.java:356)
	at ptolemy.actor.Manager.run(Manager.java:1263)
	at ptolemy.actor.Manager$PtolemyRunThread.run(Manager.java:1915)
java.lang.reflect.InvocationTargetException
	at sun.reflect.NativeConstructorAccessorImpl.newInstance0(Native Method)
	at sun.reflect.NativeConstructorAccessorImpl.newInstance(NativeConstructorAccessorImpl.java:62)
	at sun.reflect.DelegatingConstructorAccessorImpl.newInstance(DelegatingConstructorAccessorImpl.java:45)
	at java.lang.reflect.Constructor.newInstance(Constructor.java:423)
	at ptolemy.util.test.junit.AutoKnownFailedTests.RunModel(AutoKnownFailedTests.java:105)
	at sun.reflect.NativeMethodAccessorImpl.invoke0(Native Method)
	at sun.reflect.NativeMethodAccessorImpl.invoke(NativeMethodAccessorImpl.java:62)
	at sun.reflect.DelegatingMethodAccessorImpl.invoke(DelegatingMethodAccessorImpl.java:43)
	at java.lang.reflect.Method.invoke(Method.java:498)
	at org.junit.runners.model.FrameworkMethod$1.runReflectiveCall(FrameworkMethod.java:44)
	at org.junit.internal.runners.model.ReflectiveCallable.run(ReflectiveCallable.java:15)
	at org.junit.runners.model.FrameworkMethod.invokeExplosively(FrameworkMethod.java:41)
	at junitparams.internal.InvokeParameterisedMethod.evaluate(InvokeParameterisedMethod.java:102)
	at org.junit.internal.runners.statements.FailOnTimeout$1.run(FailOnTimeout.java:28)
Caused by: ptolemy.kernel.util.IllegalActionException: SubscriptionAggregatorPorts cannot be used at the top level, use a SubscriptionAggregator actor instead.
  in .PublisherSubscriptionAggregatorPort.SubscriptionAggregatorPort
	at ptolemy.actor.SubscriptionAggregatorPort.preinitialize(SubscriptionAggregatorPort.java:353)
	at ptolemy.actor.CompositeActor.preinitialize(CompositeActor.java:1769)
	at ptolemy.actor.Manager.preinitializeAndResolveTypes(Manager.java:1040)
	at ptolemy.actor.Manager.initialize(Manager.java:710)
	at ptolemy.actor.Manager.execute(Manager.java:356)
	at ptolemy.actor.Manager.run(Manager.java:1263)
	at ptolemy.actor.Manager$PtolemyRunThread.run(Manager.java:1915)
java.lang.RuntimeException: Execution failed
	at ptolemy.moml.MoMLSimpleApplication$UnloadThread.run(MoMLSimpleApplication.java:402)
Caused by: ptolemy.kernel.util.IllegalActionException: TypeTest actor has no training data.
  in .sizedarray3.TypeTest
	at ptolemy.actor.lib.TypeTest.initialize(TypeTest.java:250)
	at ptolemy.actor.Director.initialize(Director.java:938)
	at ptolemy.actor.Director.initialize(Director.java:907)
	at ptolemy.actor.sched.StaticSchedulingDirector.initialize(StaticSchedulingDirector.java:159)
	at ptolemy.domains.sdf.kernel.SDFDirector.initialize(SDFDirector.java:544)
	at ptolemy.actor.CompositeActor.initialize(CompositeActor.java:935)
	at ptolemy.actor.Manager.initialize(Manager.java:724)
	at ptolemy.actor.Manager.execute(Manager.java:356)
	at ptolemy.actor.Manager.run(Manager.java:1263)
	at ptolemy.actor.Manager$PtolemyRunThread.run(Manager.java:1915)
java.lang.reflect.InvocationTargetException
	at sun.reflect.NativeConstructorAccessorImpl.newInstance0(Native Method)
	at sun.reflect.NativeConstructorAccessorImpl.newInstance(NativeConstructorAccessorImpl.java:62)
	at sun.reflect.DelegatingConstructorAccessorImpl.newInstance(DelegatingConstructorAccessorImpl.java:45)
	at java.lang.reflect.Constructor.newInstance(Constructor.java:423)
	at ptolemy.util.test.junit.AutoKnownFailedTests.RunModel(AutoKnownFailedTests.java:105)
	at sun.reflect.NativeMethodAccessorImpl.invoke0(Native Method)
	at sun.reflect.NativeMethodAccessorImpl.invoke(NativeMethodAccessorImpl.java:62)
	at sun.reflect.DelegatingMethodAccessorImpl.invoke(DelegatingMethodAccessorImpl.java:43)
	at java.lang.reflect.Method.invoke(Method.java:498)
	at org.junit.runners.model.FrameworkMethod$1.runReflectiveCall(FrameworkMethod.java:44)
	at org.junit.internal.runners.model.ReflectiveCallable.run(ReflectiveCallable.java:15)
	at org.junit.runners.model.FrameworkMethod.invokeExplosively(FrameworkMethod.java:41)
	at junitparams.internal.InvokeParameterisedMethod.evaluate(InvokeParameterisedMethod.java:102)
	at org.junit.internal.runners.statements.FailOnTimeout$1.run(FailOnTimeout.java:28)
Caused by: ptolemy.kernel.util.IllegalActionException: TypeTest actor has no training data.
  in .sizedarray3.TypeTest
	at ptolemy.actor.lib.TypeTest.initialize(TypeTest.java:250)
	at ptolemy.actor.Director.initialize(Director.java:938)
	at ptolemy.actor.Director.initialize(Director.java:907)
	at ptolemy.actor.sched.StaticSchedulingDirector.initialize(StaticSchedulingDirector.java:159)
	at ptolemy.domains.sdf.kernel.SDFDirector.initialize(SDFDirector.java:544)
	at ptolemy.actor.CompositeActor.initialize(CompositeActor.java:935)
	at ptolemy.actor.Manager.initialize(Manager.java:724)
	at ptolemy.actor.Manager.execute(Manager.java:356)
	at ptolemy.actor.Manager.run(Manager.java:1263)
	at ptolemy.actor.Manager$PtolemyRunThread.run(Manager.java:1915)
]]></system-err>
</testsuite>
