<?xml version="1.0" encoding="UTF-8" ?>
<testsuite errors="0" failures="0" hostname="travis-job-99bd8a68-fd71-4bb0-9e90-636029c7b516" name="ptolemy.actor.lib.test.junit.JUnitTclTest" skipped="0" tests="517" time="62.183" timestamp="2020-08-22T15:33:12">
  <properties>
    <property name="npm.executable" value="npm" />
    <property name="env.TRAVIS_ROOT" value="/" />
    <property name="ptII.mk.exists" value="true" />
    <property name="env.TRAVIS_APP_HOST" value="build.travis-ci.org" />
    <property name="env.rvm_bin_path" value="/home/travis/.rvm/bin" />
    <property name="java.home" value="/usr/local/lib/jvm/openjdk11" />
    <property name="env.TRAVIS_JOB_NUMBER" value="1741.8" />
    <property name="env.TRAVIS_HOME" value="/home/travis" />
    <property name="env.DISPLAY" value=":99.0" />
    <property name="env.TRAVIS_INIT" value="systemd" />
    <property name="env.SSH_TTY" value="/dev/pts/0" />
    <property name="java.net.preferIPv4Stack" value="true" />
    <property name="env.RUN_TESTS" value="true" />
    <property name="timeout.short" value="1000000" />
    <property name="junit.formatter" value="xml" />
    <property name="env.TRAVIS_SUDO" value="true" />
    <property name="env.TRAVIS_JOB_NAME" value="" />
    <property name="env.TRAVIS_STACK_NODE_ATTRIBUTES" value="/.node-attributes.yml" />
    <property name="env.LOGNAME" value="travis" />
    <property name="env.PT_TRAVIS_TEST_CORE1_XML" value="true" />
    <property name="jsdoc.home" value="node_modules/@terraswarm/jsdoc" />
    <property name="debuglevel" value="source,lines,vars" />
    <property name="checkstyle.formatter" value="xml" />
    <property name="bin.vergil.makeable" value="true" />
    <property name="sun.os.patch.level" value="unknown" />
    <property name="java.vendor.url" value="http://java.oracle.com/" />
    <property name="env.TRAVIS_BUILD_WEB_URL" value="https://travis-ci.org/icyphy/ptII/builds/720212703" />
    <property name="java.version" value="11.0.2" />
    <property name="env.TZ" value="UTC" />
    <property name="env.TRAVIS_PULL_REQUEST_SHA" value="" />
    <property name="env.PT_NO_NET" value="true" />
    <property name="env.TRAVIS_SECURE_ENV_VARS" value="true" />
    <property name="java.vendor.url.bug" value="http://bugreport.java.com/bugreport/" />
    <property name="npmjs-org-is-up" value="true" />
    <property name="env.LANGUAGE" value="en_US.UTF-8" />
    <property name="env.SSH_CLIENT" value="10.24.1.95 41776 22" />
    <property name="env.GEM_HOME" value="/home/travis/.rvm/gems/ruby-2.5.3" />
    <property name="env.HAS_ANTARES_THREE_LITTLE_FRONZIES_BADGE" value="true" />
    <property name="java.version.date" value="2019-01-15" />
    <property name="env.PS4" value="+" />
    <property name="ant.project.invoked-targets" value="build,test.core1.xml" />
    <property name="env.TRAVIS_PULL_REQUEST_BRANCH" value="" />
    <property name="env.TRAVIS_REPO_SLUG" value="icyphy/ptII" />
    <property name="env.XDG_DATA_DIRS" value="/usr/local/share:/usr/share:/var/lib/snapd/desktop" />
    <property name="jdk.debug" value="release" />
    <property name="env.TRAVIS_APT_PROXY" value="http://build-cache.travisci.net" />
    <property name="env.TRAVIS_CPU_ARCH" value="amd64" />
    <property name="node.in.path" value="true" />
    <property name="user.name" value="travis" />
    <property name="java.maxmemory" value="1400m" />
    <property name="env.RUBY_VERSION" value="ruby-2.5.3" />
    <property name="env.LANG" value="en_US.UTF-8" />
    <property name="sun.io.unicode.encoding" value="UnicodeLittle" />
    <property name="sun.jnu.encoding" value="UTF-8" />
    <property name="java.runtime.name" value="OpenJDK Runtime Environment" />
    <property name="usefile" value="false" />
    <property name="return.code" value="0" />
    <property name="junit.single.formatter" value="plain" />
    <property name="env.DYLD_LIBRARY_PATH" value="/home/travis/pthla/certi-tools/lib:" />
    <property name="env.DEBIAN_FRONTEND" value="noninteractive" />
    <property name="env.SSH_CONNECTION" value="10.24.1.95 41776 10.20.0.52 22" />
    <property name="env.MYSQL_UNIX_PORT" value="/var/run/mysqld/mysqld.sock" />
    <property name="env.LC_ALL" value="en_US.UTF-8" />
    <property name="env.TRAVIS_ALLOW_FAILURE" value="" />
    <property name="env.TRAVIS_JOB_WEB_URL" value="https://travis-ci.org/icyphy/ptII/jobs/720212720" />
    <property name="java.specification.name" value="Java Platform API Specification" />
    <property name="node.works" value="true" />
    <property name="user.timezone" value="" />
    <property name="path.separator" value=":" />
    <property name="env.TRAVIS_ENABLE_INFRA_DETECTION" value="true" />
    <property name="env.PYTHON_CFLAGS" value="-g -fstack-protector --param=ssp-buffer-size=4 -Wformat -Werror=format-security" />
    <property name="timeout.long" value="4000000" />
    <property name="env.CERTI_HOME" value="/home/travis/pthla/certi-tools" />
    <property name="ant.file.ptII" value="/home/travis/build/icyphy/ptII/build.xml" />
    <property name="javadoc.packagenames" value="com.*,diva.*,lbnl.*,org.hlacerti.*,org.json.*,org.ptolemy.*,org.terraswarm.*,ptolemy.*,ptserver.*" />
    <property name="file.encoding" value="UTF-8" />
    <property name="env.TRAVIS_PULL_REQUEST_SLUG" value="" />
    <property name="ant.project.default-target" value="build" />
    <property name="env.GIT_ASKPASS" value="echo" />
    <property name="env.HOME" value="/home/travis" />
    <property name="sun.java.command" value="org.apache.tools.ant.taskdefs.optional.junit.JUnitTestRunner ptolemy.actor.lib.test.junit.JUnitTclTest skipNonTests=false filtertrace=true haltOnError=false haltOnFailure=false formatter=org.apache.tools.ant.taskdefs.optional.junit.OutErrSummaryJUnitResultFormatter showoutput=true outputtoformatters=true logfailedtests=true threadid=0 logtestlistenerevents=false formatter=org.apache.tools.ant.taskdefs.optional.junit.XMLJUnitResultFormatter,/home/travis/build/icyphy/ptII/reports/junit/TEST-ptolemy.actor.lib.test.junit.JUnitTclTest.xml crashfile=/home/travis/build/icyphy/ptII/junitvmwatcher5805304269803086654.properties propsfile=/home/travis/build/icyphy/ptII/junit8887657721643002022.properties" />
    <property name="env.COMPOSER_NO_INTERACTION" value="1" />
    <property name="env.MANPATH" value="/home/travis/.nvm/versions/node/v7.10.1/share/man:/home/travis/.rvm/rubies/ruby-2.5.3/share/man:/usr/local/cmake-3.12.4/man:/usr/local/clang-7.0.0/share/man:/usr/local/man:/usr/local/share/man:/usr/share/man:/home/travis/.rvm/man" />
    <property name="env.TRAVIS_TIMER_ID" value="11f259fc" />
    <property name="ant.file" value="/home/travis/build/icyphy/ptII/build.xml" />
    <property name="env.TRAVIS_COMMIT_RANGE" value="3bb573e462e9b4151952318d01b7e361e9f419ad...74248200255084cca0f8d02e5ad09f36c0965423" />
    <property name="ptII.classpath.optional.property" value="/home/travis/build/icyphy/ptII/lib/bsh-2.0b4.jar:/home/travis/build/icyphy/ptII/lib/ptCal.jar:/home/travis/build/icyphy/ptII/lib/java_cup.jar:/home/travis/build/icyphy/ptII/lib/saxon8.jar:/home/travis/build/icyphy/ptII/lib/saxon8-dom.jar:/home/travis/build/icyphy/ptII/lib/chic.jar:/home/travis/build/icyphy/ptII/lib/ptcolt.jar:/home/travis/build/icyphy/ptII/vendors/misc/itext/iText.jar:/home/travis/build/icyphy/ptII/lib/g4ltl.jar:/home/travis/build/icyphy/ptII/lib/StructuralCoder.jar:/home/travis/build/icyphy/ptII/lib/jcerti.jar:/home/travis/build/icyphy/ptII/lib/javax.mail.jar:/home/travis/build/icyphy/ptII/vendors/JMF-2.1.1e/lib/jmf.jar:/home/travis/build/icyphy/ptII/lib/jna-4.0.0-variadic.jar:/home/travis/build/icyphy/ptII/vendors/misc/joystick/Joystick.jar:/home/travis/build/icyphy/ptII/lib/ptjacl.jar:/home/travis/build/icyphy/ptII/lib/jsoup-1.8.2.jar:/home/travis/build/icyphy/ptII/lib/junit-4.8.2.jar:/home/travis/build/icyphy/ptII/lib/JUnitParams-0.4.0.jar:/home/travis/build/icyphy/ptII/ptolemy/actor/lib/excel/jxl.jar:/home/travis/build/icyphy/ptII/lib/jython.jar:/home/travis/build/icyphy/ptII/lib/kieler.jar:/home/travis/build/icyphy/ptII/vendors/opencv/share/OpenCV/java/opencv-341.jar:/home/travis/build/icyphy/ptII/lib/oscP5.jar:/home/travis/build/icyphy/ptII/lib/nrjavaserial-3.11.0.devel.jar:/home/travis/build/icyphy/ptII/vendors/j3d/lib/Linux/j3dcore.jar:/home/travis/build/icyphy/ptII/vendors/j3d/lib/Linux/j3dutils.jar:/home/travis/build/icyphy/ptII/vendors/j3d/lib/Linux/vecmath.jar:/home/travis/build/icyphy/ptII/vendors/jogl/lib/Linux/gluegen-rt-natives-linux-amd64.jar:/home/travis/build/icyphy/ptII/vendors/jogl/lib/Linux/gluegen-rt.jar:/home/travis/build/icyphy/ptII/vendors/jogl/lib/Linux/jogl-all-natives-linux-amd64.jar:/home/travis/build/icyphy/ptII/vendors/jogl/lib/Linux/jogl-all.jar:/home/travis/build/icyphy/ptII/ptolemy/distributed/jini/jar/jini-core.jar:/home/travis/build/icyphy/ptII/ptolemy/distributed/jini/jar/jini-ext.jar:/home/travis/build/icyphy/ptII/ptolemy/distributed/jini/jar/sun-util.jar:/home/travis/build/icyphy/ptII/lib/protobuf-java-2.4.1.jar:/home/travis/build/icyphy/ptII/lib/org.eclipse.paho.client.mqttv3.jar:/home/travis/build/icyphy/ptII/lib/mapss.jar:/home/travis/build/icyphy/ptII/ptolemy/actor/ptalon/antlr/antlr.jar:/home/travis/build/icyphy/ptII/lib/JRI.jar:/home/travis/build/icyphy/ptII/lib/commons-lang-2.6.jar:/home/travis/build/icyphy/ptII/lib/commons-logging-1.1.1.jar:/home/travis/build/icyphy/ptII/lib/sootclasses.jar:/home/travis/build/icyphy/ptII/ptolemy/actor/lib/database/mysql-connector-java-5.1.6-bin.jar:/home/travis/build/icyphy/ptII/vendors/misc/sphinx4/sphinx4-data-5prealpha.jar:/home/travis/build/icyphy/ptII/vendors/misc/sphinx4/sphinx4-core-5prealpha.jar:/home/travis/build/icyphy/ptII/lib/PDFRenderer.jar:/home/travis/build/icyphy/ptII/lib/svgSalamander.jar:/home/travis/build/icyphy/ptII/lib/rsyntaxtextarea-2.6.0-SNAPSHOT.jar:/home/travis/build/icyphy/ptII/lib/hazelcast-3.8.2.jar:/home/travis/build/icyphy/ptII/lib/jackson-annotations-2.9.0.jar:/home/travis/build/icyphy/ptII/lib/jackson-core-2.9.3.jar:/home/travis/build/icyphy/ptII/lib/jackson-databind-2.9.3.jar:/home/travis/build/icyphy/ptII/lib/netty-buffer-4.1.19.Final.jar:/home/travis/build/icyphy/ptII/lib/netty-codec-4.1.19.Final.jar:/home/travis/build/icyphy/ptII/lib/netty-codec-dns-4.1.19.Final.jar:/home/travis/build/icyphy/ptII/lib/netty-codec-http-4.1.19.Final.jar:/home/travis/build/icyphy/ptII/lib/netty-codec-http2-4.1.19.Final.jar:/home/travis/build/icyphy/ptII/lib/netty-common-4.1.19.Final.jar:/home/travis/build/icyphy/ptII/lib/netty-handler-4.1.19.Final.jar:/home/travis/build/icyphy/ptII/lib/netty-resolver-4.1.19.Final.jar:/home/travis/build/icyphy/ptII/lib/netty-resolver-dns-4.1.19.Final.jar:/home/travis/build/icyphy/ptII/lib/netty-transport-4.1.19.Final.jar:/home/travis/build/icyphy/ptII/lib/vertx-codegen-3.5.1.jar:/home/travis/build/icyphy/ptII/lib/vertx-core-3.5.2-SNAPSHOT.jar:/home/travis/build/icyphy/ptII/lib/vertx-hazelcast-3.5.1.jar:/home/travis/build/icyphy/ptII/lib/vertx-lang-js-3.5.1.jar:/home/travis/build/icyphy/ptII/lib/vertx-service-proxy-3.5.1.jar:/home/travis/build/icyphy/ptII/lib/vertx-web-3.5.1.jar:/home/travis/build/icyphy/ptII/lib/slf4j-api-1.7.13.jar:/home/travis/build/icyphy/ptII/lib/slf4j-simple-1.7.13.jar:/home/travis/build/icyphy/ptII/lib/webcam-capture-0.3.12.jar:/home/travis/build/icyphy/ptII/lib/bridj-0.7.0.jar:/home/travis/build/icyphy/ptII/lib/xbjlib-1.1.0.nrjavaserial.jar" />
    <property name="timeout" value="2400000" />
    <property name="test.batch" value="**/junit/*.java" />
    <property name="env._" value="/usr/bin/timeout" />
    <property name="java.io.tmpdir" value="/tmp" />
    <property name="user.language" value="en" />
    <property name="env.TRAVIS_INTERNAL_RUBY_REGEX" value="^ruby-(2\.[0-4]\.[0-9]|1\.9\.3)" />
    <property name="env.HISTCONTROL" value="ignoredups:ignorespace" />
    <property name="env.GOROOT" value="/home/travis/.gimme/versions/go1.11.1.linux.amd64" />
    <property name="line.separator" value="&#xa;" />
    <property name="target" value="11" />
    <property name="env.TRAVIS_BUILD_DIR" value="/home/travis/build/icyphy/ptII" />
    <property name="env.ANT_OPTS" value="-Xmx2048m" />
    <property name="ant.file.type" value="file" />
    <property name="ptolemy.ptII.batchMode" value="true" />
    <property name="env.HISTSIZE" value="1000" />
    <property name="env.MERB_ENV" value="test" />
    <property name="java.vm.info" value="mixed mode" />
    <property name="source" value="11" />
    <property name="java.vm.specification.name" value="Java Virtual Machine Specification" />
    <property name="env.TRAVIS_TEST_RESULT" value="0" />
    <property name="jsdoc.command" value="node_modules/@terraswarm/jsdoc/jsdoc.js" />
    <property name="npm.works" value="true" />
    <property name="cobertura.dir" value="/home/travis/build/icyphy/ptII/vendors/cobertura-2.0.3" />
    <property name="jsdoc.command.exists" value="true" />
    <property name="env.rvm_path" value="/home/travis/.rvm" />
    <property name="env.GEM_PATH" value="/home/travis/.rvm/gems/ruby-2.5.3:/home/travis/.rvm/gems/ruby-2.5.3@global" />
    <property name="env.LC_CTYPE" value="en_US.UTF-8" />
    <property name="env.TRAVIS_CMD" value="$PTII/bin/ptIITravisBuild.sh $SECONDS" />
    <property name="java.awt.printerjob" value="sun.print.PSPrinterJob" />
    <property name="env.TRAVIS_STACK_NAME" value="sardonyx" />
    <property name="env.TRAVIS_TIMER_START_TIME" value="1598109770010998013" />
    <property name="ant.version" value="Apache Ant(TM) version 1.10.1 compiled on February 2 2017" />
    <property name="ptII.reports" value="/home/travis/build/icyphy/ptII/reports" />
    <property name="env.TRAVIS_STACK_TIMESTAMP" value="2020-06-24 13:13:18 UTC" />
    <property name="ant.file.type.ptII" value="file" />
    <property name="env.RBENV_SHELL" value="bash" />
    <property name="os.name" value="Linux" />
    <property name="java.specification.vendor" value="Oracle Corporation" />
    <property name="env.rvm_version" value="1.29.10 (latest)" />
    <property name="env.TRAVIS_INFRA" value="gce" />
    <property name="env.TERM" value="xterm" />
    <property name="java.vm.name" value="OpenJDK 64-Bit Server VM" />
    <property name="env.TRAVIS_BUILD_NUMBER" value="1741" />
    <property name="env.CI" value="true" />
    <property name="java.library.path" value="/home/travis/pthla/certi-tools/lib:/usr/lib/jni:/usr/local/share/OpenCV/java/:/usr/share/OpenCV/java::/usr/java/packages/lib:/usr/lib64:/lib64:/lib:/usr/lib" />
    <property name="jdk.module.path" value="/home/travis/build/icyphy/ptII/vendors/javafx/javafx-sdk-11.0.2/lib:" />
    <property name="env.rvm_prefix" value="/home/travis" />
    <property name="env.PATH" value="/home/travis/pthla/certi-tools/share/scripts:/home/travis/.rvm/gems/ruby-2.5.3/bin:/home/travis/.rvm/gems/ruby-2.5.3@global/bin:/home/travis/.rvm/rubies/ruby-2.5.3/bin:/home/travis/.rvm/bin:/home/travis/.nvm/versions/node/v7.10.1/bin:./node_modules/.bin:/home/travis/build/icyphy/ptII/bin:/home/travis/pthla/certi-tools/bin:/home/travis/bin:/home/travis/.local/bin:/usr/local/lib/jvm/openjdk11/bin:/opt/pyenv/shims:/home/travis/.phpenv/shims:/home/travis/perl5/perlbrew/bin:/home/travis/gopath/bin:/home/travis/.gimme/versions/go1.11.1.linux.amd64/bin:/usr/local/maven-3.6.3/bin:/usr/local/cmake-3.12.4/bin:/usr/local/clang-7.0.0/bin:/usr/local/sbin:/usr/local/bin:/usr/sbin:/usr/bin:/sbin:/bin:/snap/bin:/home/travis/.phpenv/bin:/opt/pyenv/bin:/home/travis/.yarn/bin" />
    <property name="env.TRAVIS_OS_NAME" value="linux" />
    <property name="ant.java.version" value="9" />
    <property name="basedir" value="/home/travis/build/icyphy/ptII" />
    <property name="java.class.version" value="55.0" />
    <property name="env.SHLVL" value="3" />
    <property name="env.LD_LIBRARY_PATH" value="/home/travis/pthla/certi-tools/lib:/usr/lib/jni:/usr/local/share/OpenCV/java/:/usr/share/OpenCV/java:" />
    <property name="env.RACK_ENV" value="test" />
    <property name="ant.home" value="/home/travis/build/icyphy/ptII/ant" />
    <property name="env.NVM_DIR" value="/home/travis/.nvm" />
    <property name="env.CERTI_FOM_PATH" value="/home/travis/pthla/certi-tools/share/federations" />
    <property name="env.TRAVIS_BUILD_ID" value="720212703" />
    <property name="env.PYENV_ROOT" value="/opt/pyenv" />
    <property name="env.TRAVIS_UID" value="2000" />
    <property name="prism.verbose" value="true" />
    <property name="env.NVM_BIN" value="/home/travis/.nvm/versions/node/v7.10.1/bin" />
    <property name="env.TRAVIS_COMMIT" value="74248200255084cca0f8d02e5ad09f36c0965423" />
    <property name="node.executable" value="node" />
    <property name="sun.boot.library.path" value="/usr/local/lib/jvm/openjdk11/lib" />
    <property name="sun.management.compiler" value="HotSpot 64-Bit Tiered Compilers" />
    <property name="java.awt.graphicsenv" value="sun.awt.X11GraphicsEnvironment" />
    <property name="env.GOPATH" value="/home/travis/gopath" />
    <property name="ptolemy.ptII.dir" value="/home/travis/build/icyphy/ptII" />
    <property name="env.USER" value="travis" />
    <property name="env.HISTFILESIZE" value="2000" />
    <property name="env.NVM_INC" value="/home/travis/.nvm/versions/node/v7.10.1/include/node" />
    <property name="timeout.longest" value="19000000" />
    <property name="env.PERLBREW_SHELLRC_VERSION" value="0.88" />
    <property name="env.TRAVIS_STACK_FEATURES" value="basic couchdb disabled-ipv6 docker docker-compose elasticsearch firefox go-toolchain google-chrome jdk memcached mongodb mysql nodejs_interpreter perl_interpreter perlbrew phantomjs postgresql python_interpreter redis ruby_interpreter sqlite xserver" />
    <property name="env.TRAVIS_PULL_REQUEST" value="false" />
    <property name="env.PYENV_SHELL" value="bash" />
    <property name="ant.project.name" value="ptII" />
    <property name="env.ANSI_RESET" value="\033[0m" />
    <property name="java.vm.specification.version" value="11" />
    <property name="env.TRAVIS_DIST" value="xenial" />
    <property name="env.CERTI_VERSION" value="4.0.0" />
    <property name="env.CERTI_HOST" value="localhost" />
    <property name="awt.toolkit" value="sun.awt.X11.XToolkit" />
    <property name="env.MY_RUBY_HOME" value="/home/travis/.rvm/rubies/ruby-2.5.3" />
    <property name="sun.cpu.isalist" value="" />
    <property name="env.TRAVIS_TMPDIR" value="/tmp/tmp.UZujneAWes" />
    <property name="java.vm.compressedOopsMode" value="Zero based" />
    <property name="os.version" value="4.15.0-1077-gcp" />
    <property name="user.home" value="/home/travis" />
    <property name="java.vm.vendor" value="Oracle Corporation" />
    <property name="env.TRAVIS_TAG" value="nightly" />
    <property name="env.ANSI_YELLOW" value="\033[33;1m" />
    <property name="env.TRAVIS_FILTERED" value="redirect_io" />
    <property name="env.ANSI_GREEN" value="\033[32;1m" />
    <property name="env.JAVA_HOME" value="/usr/local/lib/jvm/openjdk11" />
    <property name="javadoc.excludepackagenames" value="adm.cvs2svn.*,build.*,config.*,doc.coding.templates.*,jni.test.jni.meaningOfLife.*,jni.test.jni.testDeux.*,jni.test.jni.testTrois.*,org.terraswarm.accessor.accessors.web.node_modules.*,org.terraswarm.accessor.accessors.web.hosts.cordova.demo.*,org.terraswarm.accessor.accessors.web.hosts.cordova.plugins.*,org.terraswarm.accessor.accessors-svn.*,pt-modules.*,ptolemy.apps.agilent.*,ptolemy.apps.anytimecontrol.*,ptolemy.apps.apes.*,ptolemy.apps.charon.*,ptolemy.apps.crazyboard.*,ptolemy.apps.eclipse.*,ptolemy.apps.etherealSting.*,ptolemy.apps.fullscreen.*,ptolemy.apps.giotto.*,ptolemy.apps.ia.*,ptolemy.apps.interfaces.*,ptolemy.apps.jmf.*,ptolemy.apps.kurt.*,ptolemy.apps.kvm.*,ptolemy.apps.lego.*,ptolemy.apps.lejos.*,ptolemy.apps.midp.*,ptolemy.apps.mobileCoding.*,ptolemy.apps.pendulum.*,ptolemy.apps.rijndael.*,ptolemy.apps.robot.*,ptolemy.apps.security.*,ptolemy.apps.sobel.*,ptolemy.apps.soot.*,ptolemy.apps.throttle.*,ptolemy.apps.tini.*,ptolemy.apps.transmission.*,ptolemy.apps.vergil.*,ptolemy.apps.waba.*,ptolemy.apps.websensor.*,ptolemy.apps.webstart.*,ptolemy.apps.xsl.*,ptolemy.apps.zaurus.*,ptolemy.codegen.c.actor.lib.oldJavaFiles.*,ptolemy.codegen.dsp.lib.*,ptolemy.codegen.kernel.newInterfaces.*,ptolemy.codegen.lib.*,ptolemy.copernicus.kernel.fragment.*,ptolemy.copernicus.shallow.cg.*,ptolemy.domains.giotto.demo.Hierarchy.Hierarchy.*,ptolemy.domains.giotto.demo.Multimode.Multimode.*,ptolemy.domains.giotto.demo.Simple.Simple.*,ptolemy.domains.gr.lib.experimental.*,ptolemy.domains.gro.*,ptolemy.domains.pdf.*,ptolemy.domains.ptinyos.demo.Surge.output.*,ptolemy.moml.test.NoPackageActor.java*,ptolemy.plot.adm.*,ptolemy.plot.servlet.*,reports.*,signed.*,src.*,target.*,vendors.*,ptolemy.copernicus.applet.*,ptolemy.media.viewer.*,ptolemy.actor.corba.*,doc.doclets.*,ptolemy.apps.eclipse.awt.*,ptolemy.backtrack.*,ptolemy.backtrack.ast.*,ptolemy.cg.adapter.generic.program.procedural.c.mbed*,ptolemy.homer.*,ptolemy.actor.lib.jai.*,org.ptolemy.scala.*,diva.util.java2d.svg.*,ptolemy.domains.ptinyos.*,ptolemy.actor.lib.fmi.fmipp.*,,org.terraswarm.accessor.accessors.web.node_modules.*,org.terraswarm.accessor.accessors-svn,ptolemy.apps.*,ptolemy.actor.ptalon.demo.ptinyos.SendAndReceiveCnt.output,ptolemy.actor.ptalon.demo.ptinyos.SenseToLeds.output,ptolemy.domains.ptinyos.demo.CntToLedsAndRfm.output,ptolemy.domains.ptinyos.demo.RfmToLeds.output,ptolemy.domains.ptinyos.demo.SendAndReceiveCnt.output,ptolemy.domains.ptinyos.demo.SenseToLeds.output,ptolemy.actor.lib.jjs.modules.udpSocket.*" />
    <property name="env.PTII" value="/home/travis/build/icyphy/ptII" />
    <property name="env.XDG_SESSION_ID" value="2" />
    <property name="keystore" value="ptKeystore" />
    <property name="env.TRAVIS_COMMIT_MESSAGE" value="Exclude org/hlacerti/newModels1516e/VariableArrayPTIIJavaFed" />
    <property name="junit.output.dir" value="/home/travis/build/icyphy/ptII/reports/junit" />
    <property name="npm.return.code" value="0" />
    <property name="user.dir" value="/home/travis/build/icyphy/ptII/ptolemy/actor/lib/test" />
    <property name="env.TRAVIS_NODE_VERSION" value="7" />
    <property name="env.TRAVIS_EVENT_TYPE" value="cron" />
    <property name="env.MAIL" value="/var/mail/travis" />
    <property name="env.PERLBREW_ROOT" value="/home/travis/perl5/perlbrew" />
    <property name="env.PWD" value="/home/travis/build/icyphy/ptII" />
    <property name="timeout.npm" value="45000" />
    <property name="env.TRAVIS_ARCH" value="amd64" />
    <property name="sun.cpu.endian" value="little" />
    <property name="env.PAGER" value="cat" />
    <property name="env.TRAVIS_BUILD_STAGE_NAME" value="test" />
    <property name="env.PERLBREW_HOME" value="/home/travis/.perlbrew" />
    <property name="java.vm.version" value="11.0.2+9" />
    <property name="env.RAILS_ENV" value="test" />
    <property name="java.class.path" value="/home/travis/.ptolemyII:/home/travis/.ptolemyII/*:/home/travis/build/icyphy/ptII:/home/travis/build/icyphy/ptII/lib/bsh-2.0b4.jar:/home/travis/build/icyphy/ptII/lib/ptCal.jar:/home/travis/build/icyphy/ptII/lib/java_cup.jar:/home/travis/build/icyphy/ptII/lib/saxon8.jar:/home/travis/build/icyphy/ptII/lib/saxon8-dom.jar:/home/travis/build/icyphy/ptII/lib/chic.jar:/home/travis/build/icyphy/ptII/lib/ptcolt.jar:/home/travis/build/icyphy/ptII/vendors/misc/itext/iText.jar:/home/travis/build/icyphy/ptII/lib/g4ltl.jar:/home/travis/build/icyphy/ptII/lib/StructuralCoder.jar:/home/travis/build/icyphy/ptII/lib/jcerti.jar:/home/travis/build/icyphy/ptII/lib/javax.mail.jar:/home/travis/build/icyphy/ptII/vendors/JMF-2.1.1e/lib/jmf.jar:/home/travis/build/icyphy/ptII/lib/jna-4.0.0-variadic.jar:/home/travis/build/icyphy/ptII/vendors/misc/joystick/Joystick.jar:/home/travis/build/icyphy/ptII/lib/ptjacl.jar:/home/travis/build/icyphy/ptII/lib/jsoup-1.8.2.jar:/home/travis/build/icyphy/ptII/lib/junit-4.8.2.jar:/home/travis/build/icyphy/ptII/lib/JUnitParams-0.4.0.jar:/home/travis/build/icyphy/ptII/ptolemy/actor/lib/excel/jxl.jar:/home/travis/build/icyphy/ptII/lib/jython.jar:/home/travis/build/icyphy/ptII/lib/kieler.jar:/home/travis/build/icyphy/ptII/vendors/opencv/share/OpenCV/java/opencv-341.jar:/home/travis/build/icyphy/ptII/lib/oscP5.jar:/home/travis/build/icyphy/ptII/lib/nrjavaserial-3.11.0.devel.jar:/home/travis/build/icyphy/ptII/vendors/j3d/lib/Linux/j3dcore.jar:/home/travis/build/icyphy/ptII/vendors/j3d/lib/Linux/j3dutils.jar:/home/travis/build/icyphy/ptII/vendors/j3d/lib/Linux/vecmath.jar:/home/travis/build/icyphy/ptII/vendors/jogl/lib/Linux/gluegen-rt-natives-linux-amd64.jar:/home/travis/build/icyphy/ptII/vendors/jogl/lib/Linux/gluegen-rt.jar:/home/travis/build/icyphy/ptII/vendors/jogl/lib/Linux/jogl-all-natives-linux-amd64.jar:/home/travis/build/icyphy/ptII/vendors/jogl/lib/Linux/jogl-all.jar:/home/travis/build/icyphy/ptII/ptolemy/distributed/jini/jar/jini-core.jar:/home/travis/build/icyphy/ptII/ptolemy/distributed/jini/jar/jini-ext.jar:/home/travis/build/icyphy/ptII/ptolemy/distributed/jini/jar/sun-util.jar:/home/travis/build/icyphy/ptII/lib/protobuf-java-2.4.1.jar:/home/travis/build/icyphy/ptII/lib/org.eclipse.paho.client.mqttv3.jar:/home/travis/build/icyphy/ptII/lib/mapss.jar:/home/travis/build/icyphy/ptII/ptolemy/actor/ptalon/antlr/antlr.jar:/home/travis/build/icyphy/ptII/lib/JRI.jar:/home/travis/build/icyphy/ptII/lib/commons-lang-2.6.jar:/home/travis/build/icyphy/ptII/lib/commons-logging-1.1.1.jar:/home/travis/build/icyphy/ptII/lib/sootclasses.jar:/home/travis/build/icyphy/ptII/ptolemy/actor/lib/database/mysql-connector-java-5.1.6-bin.jar:/home/travis/build/icyphy/ptII/vendors/misc/sphinx4/sphinx4-data-5prealpha.jar:/home/travis/build/icyphy/ptII/vendors/misc/sphinx4/sphinx4-core-5prealpha.jar:/home/travis/build/icyphy/ptII/lib/PDFRenderer.jar:/home/travis/build/icyphy/ptII/lib/svgSalamander.jar:/home/travis/build/icyphy/ptII/lib/rsyntaxtextarea-2.6.0-SNAPSHOT.jar:/home/travis/build/icyphy/ptII/lib/hazelcast-3.8.2.jar:/home/travis/build/icyphy/ptII/lib/jackson-annotations-2.9.0.jar:/home/travis/build/icyphy/ptII/lib/jackson-core-2.9.3.jar:/home/travis/build/icyphy/ptII/lib/jackson-databind-2.9.3.jar:/home/travis/build/icyphy/ptII/lib/netty-buffer-4.1.19.Final.jar:/home/travis/build/icyphy/ptII/lib/netty-codec-4.1.19.Final.jar:/home/travis/build/icyphy/ptII/lib/netty-codec-dns-4.1.19.Final.jar:/home/travis/build/icyphy/ptII/lib/netty-codec-http-4.1.19.Final.jar:/home/travis/build/icyphy/ptII/lib/netty-codec-http2-4.1.19.Final.jar:/home/travis/build/icyphy/ptII/lib/netty-common-4.1.19.Final.jar:/home/travis/build/icyphy/ptII/lib/netty-handler-4.1.19.Final.jar:/home/travis/build/icyphy/ptII/lib/netty-resolver-4.1.19.Final.jar:/home/travis/build/icyphy/ptII/lib/netty-resolver-dns-4.1.19.Final.jar:/home/travis/build/icyphy/ptII/lib/netty-transport-4.1.19.Final.jar:/home/travis/build/icyphy/ptII/lib/vertx-codegen-3.5.1.jar:/home/travis/build/icyphy/ptII/lib/vertx-core-3.5.2-SNAPSHOT.jar:/home/travis/build/icyphy/ptII/lib/vertx-hazelcast-3.5.1.jar:/home/travis/build/icyphy/ptII/lib/vertx-lang-js-3.5.1.jar:/home/travis/build/icyphy/ptII/lib/vertx-service-proxy-3.5.1.jar:/home/travis/build/icyphy/ptII/lib/vertx-web-3.5.1.jar:/home/travis/build/icyphy/ptII/lib/slf4j-api-1.7.13.jar:/home/travis/build/icyphy/ptII/lib/slf4j-simple-1.7.13.jar:/home/travis/build/icyphy/ptII/lib/webcam-capture-0.3.12.jar:/home/travis/build/icyphy/ptII/lib/bridj-0.7.0.jar:/home/travis/build/icyphy/ptII/lib/xbjlib-1.1.0.nrjavaserial.jar:/home/travis/build/icyphy/ptII/ptolemy/moml/test:/home/travis/build/icyphy/ptII/ant/lib/ant-launcher.jar:/home/travis/build/icyphy/ptII/ant/lib/ant.jar:/home/travis/build/icyphy/ptII/ant/lib/ant-junit.jar:/home/travis/build/icyphy/ptII/ant/lib/ant-junit4.jar" />
    <property name="ant.library.dir" value="/home/travis/build/icyphy/ptII/ant/lib" />
    <property name="os.arch" value="amd64" />
    <property name="env.CONTINUOUS_INTEGRATION" value="true" />
    <property name="env.TRAVIS_LANGUAGE" value="node_js" />
    <property name="env.TRAVIS_STACK_LANGUAGES" value="__sardonyx__ c c++ clojure cplusplus cpp default generic go groovy java node_js php pure_java python ruby scala" />
    <property name="test.name" value="ptolemy.actor.lib.test.junit.JUnitTclTest" />
    <property name="env.APT_KEY_DONT_WARN_ON_DANGEROUS_USAGE" value="1" />
    <property name="sun.java.launcher" value="SUN_STANDARD" />
    <property name="env.PYTHON_CONFIGURE_OPTS" value="--enable-unicode=ucs4 --with-wide-unicode --enable-shared --enable-ipv6 --enable-loadable-sqlite-extensions --with-computed-gotos" />
    <property name="ant.core.lib" value="/home/travis/build/icyphy/ptII/ant/lib/ant.jar" />
    <property name="java.vm.specification.vendor" value="Oracle Corporation" />
    <property name="env.BCVTB_HOME" value="/home/travis/build/icyphy/ptII/lbnl" />
    <property name="file.separator" value="/" />
    <property name="spotbugs.home" value="/home/travis/build/icyphy/ptII/vendors/spotbugs-3.1.1" />
    <property name="java.runtime.version" value="11.0.2+9" />
    <property name="env.ANSI_CLEAR" value="\033[0K" />
    <property name="javafx.verbose" value="true" />
    <property name="env.HAS_JOSH_K_SEAL_OF_APPROVAL" value="true" />
    <property name="env.XDG_RUNTIME_DIR" value="/run/user/2000" />
    <property name="env.TRAVIS_OSX_IMAGE" value="" />
    <property name="env.TRAVIS_JOB_ID" value="720212720" />
    <property name="env.TRAVIS_BRANCH" value="master" />
    <property name="user.country" value="US" />
    <property name="env.CERTI_HOME_TRAVIS" value="/home/travis/pthla/certi-tools" />
    <property name="env.SHELL" value="/bin/bash" />
    <property name="java.maxmemory.large" value="3200m" />
    <property name="model" value="" />
    <property name="env.CASHER_DIR" value="/home/travis/.casher" />
    <property name="env.NVM_CD_FLAGS" value="" />
    <property name="java.vendor.version" value="18.9" />
    <property name="jshint.executable" value="/home/travis/node_modules/jshint/bin/jshint" />
    <property name="env.JRUBY_OPTS" value=" --client -J-XX:+TieredCompilation -J-XX:TieredStopAtLevel=1 -J-Xss2m -Xcompile.invokedynamic=false" />
    <property name="java.vendor" value="Oracle Corporation" />
    <property name="env.TRAVIS_PRE_CHEF_BOOTSTRAP_TIME" value="2020-06-24T13:13:03" />
    <property name="env.TRAVIS_STACK_JOB_BOARD_REGISTER" value="/.job-board-register.yml" />
    <property name="env.ANSI_RED" value="\033[31;1m" />
    <property name="java.specification.version" value="11" />
    <property name="env.IRBRC" value="/home/travis/.rvm/rubies/ruby-2.5.3/.irbrc" />
    <property name="env.TRAVIS" value="true" />
    <property name="sun.arch.data.model" value="64" />
  </properties>
  <testcase classname="ptolemy.util.test.junit.TclTests" name="[0] /home/travis/build/icyphy/ptII/ptolemy/actor/lib/test/AbsoluteValue.tcl (RunTclFile)" time="0.53" />
  <testcase classname="ptolemy.util.test.junit.TclTests" name="[1] /home/travis/build/icyphy/ptII/ptolemy/actor/lib/test/AddSubtract.tcl (RunTclFile)" time="0.149" />
  <testcase classname="ptolemy.util.test.junit.TclTests" name="[2] /home/travis/build/icyphy/ptII/ptolemy/actor/lib/test/Average.tcl (RunTclFile)" time="0.062" />
  <testcase classname="ptolemy.util.test.junit.TclTests" name="[3] /home/travis/build/icyphy/ptII/ptolemy/actor/lib/test/Bernoulli.tcl (RunTclFile)" time="0.036" />
  <testcase classname="ptolemy.util.test.junit.TclTests" name="[4] /home/travis/build/icyphy/ptII/ptolemy/actor/lib/test/Clock.tcl (RunTclFile)" time="0.122" />
  <testcase classname="ptolemy.util.test.junit.TclTests" name="[5] /home/travis/build/icyphy/ptII/ptolemy/actor/lib/test/Commutator.tcl (RunTclFile)" time="0.193" />
  <testcase classname="ptolemy.util.test.junit.TclTests" name="[6] /home/travis/build/icyphy/ptII/ptolemy/actor/lib/test/Const.tcl (RunTclFile)" time="0.12" />
  <testcase classname="ptolemy.util.test.junit.TclTests" name="[7] /home/travis/build/icyphy/ptII/ptolemy/actor/lib/test/CurrentTime.tcl (RunTclFile)" time="0.019" />
  <testcase classname="ptolemy.util.test.junit.TclTests" name="[8] /home/travis/build/icyphy/ptII/ptolemy/actor/lib/test/DB.tcl (RunTclFile)" time="0.02" />
  <testcase classname="ptolemy.util.test.junit.TclTests" name="[9] /home/travis/build/icyphy/ptII/ptolemy/actor/lib/test/DiscreteRandomSource.tcl (RunTclFile)" time="0.028" />
  <testcase classname="ptolemy.util.test.junit.TclTests" name="[10] /home/travis/build/icyphy/ptII/ptolemy/actor/lib/test/Distributor.tcl (RunTclFile)" time="0.065" />
  <testcase classname="ptolemy.util.test.junit.TclTests" name="[11] /home/travis/build/icyphy/ptII/ptolemy/actor/lib/test/Exit.tcl (RunTclFile)" time="0.093" />
  <testcase classname="ptolemy.util.test.junit.TclTests" name="[12] /home/travis/build/icyphy/ptII/ptolemy/actor/lib/test/Expression.tcl (RunTclFile)" time="0.104" />
  <testcase classname="ptolemy.util.test.junit.TclTests" name="[13] /home/travis/build/icyphy/ptII/ptolemy/actor/lib/test/Gaussian.tcl (RunTclFile)" time="0.116" />
  <testcase classname="ptolemy.util.test.junit.TclTests" name="[14] /home/travis/build/icyphy/ptII/ptolemy/actor/lib/test/IIR.tcl (RunTclFile)" time="0.041" />
  <testcase classname="ptolemy.util.test.junit.TclTests" name="[15] /home/travis/build/icyphy/ptII/ptolemy/actor/lib/test/Interpolator.tcl (RunTclFile)" time="0.109" />
  <testcase classname="ptolemy.util.test.junit.TclTests" name="[16] /home/travis/build/icyphy/ptII/ptolemy/actor/lib/test/MathFunction.tcl (RunTclFile)" time="0.068" />
  <testcase classname="ptolemy.util.test.junit.TclTests" name="[17] /home/travis/build/icyphy/ptII/ptolemy/actor/lib/test/Maximum.tcl (RunTclFile)" time="0.023" />
  <testcase classname="ptolemy.util.test.junit.TclTests" name="[18] /home/travis/build/icyphy/ptII/ptolemy/actor/lib/test/Minimum.tcl (RunTclFile)" time="0.031" />
  <testcase classname="ptolemy.util.test.junit.TclTests" name="[19] /home/travis/build/icyphy/ptII/ptolemy/actor/lib/test/MultiplyDivide.tcl (RunTclFile)" time="0.031" />
  <testcase classname="ptolemy.util.test.junit.TclTests" name="[20] /home/travis/build/icyphy/ptII/ptolemy/actor/lib/test/OrderedMerge.tcl (RunTclFile)" time="0.14" />
  <testcase classname="ptolemy.util.test.junit.TclTests" name="[21] /home/travis/build/icyphy/ptII/ptolemy/actor/lib/test/Publisher.tcl (RunTclFile)" time="0.893" />
  <testcase classname="ptolemy.util.test.junit.TclTests" name="[22] /home/travis/build/icyphy/ptII/ptolemy/actor/lib/test/Pulse.tcl (RunTclFile)" time="0.082" />
  <testcase classname="ptolemy.util.test.junit.TclTests" name="[23] /home/travis/build/icyphy/ptII/ptolemy/actor/lib/test/Ramp.tcl (RunTclFile)" time="2.019" />
  <testcase classname="ptolemy.util.test.junit.TclTests" name="[24] /home/travis/build/icyphy/ptII/ptolemy/actor/lib/test/RampContinuous.tcl (RunTclFile)" time="0.017" />
  <testcase classname="ptolemy.util.test.junit.TclTests" name="[25] /home/travis/build/icyphy/ptII/ptolemy/actor/lib/test/RecordAssembler.tcl (RunTclFile)" time="0.015" />
  <testcase classname="ptolemy.util.test.junit.TclTests" name="[26] /home/travis/build/icyphy/ptII/ptolemy/actor/lib/test/RecordDisassembler.tcl (RunTclFile)" time="0.019" />
  <testcase classname="ptolemy.util.test.junit.TclTests" name="[27] /home/travis/build/icyphy/ptII/ptolemy/actor/lib/test/Scale.tcl (RunTclFile)" time="0.019" />
  <testcase classname="ptolemy.util.test.junit.TclTests" name="[28] /home/travis/build/icyphy/ptII/ptolemy/actor/lib/test/SequentialClock.tcl (RunTclFile)" time="0.013" />
  <testcase classname="ptolemy.util.test.junit.TclTests" name="[29] /home/travis/build/icyphy/ptII/ptolemy/actor/lib/test/SetVariable.tcl (RunTclFile)" time="0.009" />
  <testcase classname="ptolemy.util.test.junit.TclTests" name="[30] /home/travis/build/icyphy/ptII/ptolemy/actor/lib/test/Sinewave.tcl (RunTclFile)" time="0.027" />
  <testcase classname="ptolemy.util.test.junit.TclTests" name="[31] /home/travis/build/icyphy/ptII/ptolemy/actor/lib/test/SubscriptionAggregator.tcl (RunTclFile)" time="2.17" />
  <testcase classname="ptolemy.util.test.junit.TclTests" name="[32] /home/travis/build/icyphy/ptII/ptolemy/actor/lib/test/Test.tcl (RunTclFile)" time="0.127" />
  <testcase classname="ptolemy.util.test.junit.TclTests" name="[33] /home/travis/build/icyphy/ptII/ptolemy/actor/lib/test/TestExceptionHandler.tcl (RunTclFile)" time="0.01" />
  <testcase classname="ptolemy.util.test.junit.TclTests" name="[34] /home/travis/build/icyphy/ptII/ptolemy/actor/lib/test/UnionDisassembler.tcl (RunTclFile)" time="0.045" />
  <testcase classname="ptolemy.util.test.junit.TclTests" name="[35] /home/travis/build/icyphy/ptII/ptolemy/actor/lib/test/VariableClock.tcl (RunTclFile)" time="0.015" />
  <testcase classname="ptolemy.util.test.junit.AutoKnownFailedTests" name="[0] /home/travis/build/icyphy/ptII/ptolemy/actor/lib/test/auto/knownFailedTests/PublisherPortToplevelSubscriber.xml (RunModel)" time="0.027" />
  <testcase classname="ptolemy.util.test.junit.AutoKnownFailedTests" name="[1] /home/travis/build/icyphy/ptII/ptolemy/actor/lib/test/auto/knownFailedTests/PublisherSubscriberPortToplevel.xml (RunModel)" time="0.024" />
  <testcase classname="ptolemy.util.test.junit.AutoKnownFailedTests" name="[2] /home/travis/build/icyphy/ptII/ptolemy/actor/lib/test/auto/knownFailedTests/PublisherSubscriptionAggregatorPort.xml (RunModel)" time="0.019" />
  <testcase classname="ptolemy.util.test.junit.AutoKnownFailedTests" name="[3] /home/travis/build/icyphy/ptII/ptolemy/actor/lib/test/auto/knownFailedTests/sizedarray3.xml (RunModel)" time="0.028" />
  <testcase classname="ptolemy.util.test.junit.AutoNameArchTests" name="[0] ThereAreNoAutoArchTests (RunModel)" time="0.003" />
  <testcase classname="ptolemy.util.test.junit.AutoTests" name="[0] /home/travis/build/icyphy/ptII/ptolemy/actor/lib/test/auto/AbsoluteValue.xml (RunModel)" time="0.097" />
  <testcase classname="ptolemy.util.test.junit.AutoTests" name="[1] /home/travis/build/icyphy/ptII/ptolemy/actor/lib/test/auto/AbsoluteValue2.xml (RunModel)" time="0.047" />
  <testcase classname="ptolemy.util.test.junit.AutoTests" name="[2] /home/travis/build/icyphy/ptII/ptolemy/actor/lib/test/auto/Accumulator.xml (RunModel)" time="0.151" />
  <testcase classname="ptolemy.util.test.junit.AutoTests" name="[3] /home/travis/build/icyphy/ptII/ptolemy/actor/lib/test/auto/Accumulator2.xml (RunModel)" time="0.041" />
  <testcase classname="ptolemy.util.test.junit.AutoTests" name="[4] /home/travis/build/icyphy/ptII/ptolemy/actor/lib/test/auto/Accumulator3.xml (RunModel)" time="0.029" />
  <testcase classname="ptolemy.util.test.junit.AutoTests" name="[5] /home/travis/build/icyphy/ptII/ptolemy/actor/lib/test/auto/ArrayAppend.xml (RunModel)" time="0.037" />
  <testcase classname="ptolemy.util.test.junit.AutoTests" name="[6] /home/travis/build/icyphy/ptII/ptolemy/actor/lib/test/auto/ArrayAppend2.xml (RunModel)" time="0.344" />
  <testcase classname="ptolemy.util.test.junit.AutoTests" name="[7] /home/travis/build/icyphy/ptII/ptolemy/actor/lib/test/auto/ArrayAppend3.xml (RunModel)" time="0.045" />
  <testcase classname="ptolemy.util.test.junit.AutoTests" name="[8] /home/travis/build/icyphy/ptII/ptolemy/actor/lib/test/auto/ArrayAppend4.xml (RunModel)" time="0.018" />
  <testcase classname="ptolemy.util.test.junit.AutoTests" name="[9] /home/travis/build/icyphy/ptII/ptolemy/actor/lib/test/auto/ArrayAppend5.xml (RunModel)" time="0.025" />
  <testcase classname="ptolemy.util.test.junit.AutoTests" name="[10] /home/travis/build/icyphy/ptII/ptolemy/actor/lib/test/auto/ArrayAppend6.xml (RunModel)" time="0.02" />
  <testcase classname="ptolemy.util.test.junit.AutoTests" name="[11] /home/travis/build/icyphy/ptII/ptolemy/actor/lib/test/auto/ArrayAppendPerformanceTest.xml (RunModel)" time="0.075" />
  <testcase classname="ptolemy.util.test.junit.AutoTests" name="[12] /home/travis/build/icyphy/ptII/ptolemy/actor/lib/test/auto/ArrayAppendWithEmptyInput.xml (RunModel)" time="0.107" />
  <testcase classname="ptolemy.util.test.junit.AutoTests" name="[13] /home/travis/build/icyphy/ptII/ptolemy/actor/lib/test/auto/ArrayAverage.xml (RunModel)" time="0.05" />
  <testcase classname="ptolemy.util.test.junit.AutoTests" name="[14] /home/travis/build/icyphy/ptII/ptolemy/actor/lib/test/auto/ArrayContains.xml (RunModel)" time="0.025" />
  <testcase classname="ptolemy.util.test.junit.AutoTests" name="[15] /home/travis/build/icyphy/ptII/ptolemy/actor/lib/test/auto/ArrayElement.xml (RunModel)" time="0.019" />
  <testcase classname="ptolemy.util.test.junit.AutoTests" name="[16] /home/travis/build/icyphy/ptII/ptolemy/actor/lib/test/auto/ArrayElementAsMatrix.xml (RunModel)" time="0.037" />
  <testcase classname="ptolemy.util.test.junit.AutoTests" name="[17] /home/travis/build/icyphy/ptII/ptolemy/actor/lib/test/auto/ArrayElementI.xml (RunModel)" time="0.022" />
  <testcase classname="ptolemy.util.test.junit.AutoTests" name="[18] /home/travis/build/icyphy/ptII/ptolemy/actor/lib/test/auto/ArrayExtract.xml (RunModel)" time="0.037" />
  <testcase classname="ptolemy.util.test.junit.AutoTests" name="[19] /home/travis/build/icyphy/ptII/ptolemy/actor/lib/test/auto/ArrayExtract2.xml (RunModel)" time="0.017" />
  <testcase classname="ptolemy.util.test.junit.AutoTests" name="[20] /home/travis/build/icyphy/ptII/ptolemy/actor/lib/test/auto/ArrayLength.xml (RunModel)" time="0.02" />
  <testcase classname="ptolemy.util.test.junit.AutoTests" name="[21] /home/travis/build/icyphy/ptII/ptolemy/actor/lib/test/auto/ArrayLevelCrossing.xml (RunModel)" time="0.03" />
  <testcase classname="ptolemy.util.test.junit.AutoTests" name="[22] /home/travis/build/icyphy/ptII/ptolemy/actor/lib/test/auto/ArrayLevelCrossing2.xml (RunModel)" time="0.029" />
  <testcase classname="ptolemy.util.test.junit.AutoTests" name="[23] /home/travis/build/icyphy/ptII/ptolemy/actor/lib/test/auto/ArrayPeakSearch.xml (RunModel)" time="0.03" />
  <testcase classname="ptolemy.util.test.junit.AutoTests" name="[24] /home/travis/build/icyphy/ptII/ptolemy/actor/lib/test/auto/ArrayPeakSearch2.xml (RunModel)" time="0.033" />
  <testcase classname="ptolemy.util.test.junit.AutoTests" name="[25] /home/travis/build/icyphy/ptII/ptolemy/actor/lib/test/auto/ArrayPeakSearch3.xml (RunModel)" time="0.027" />
  <testcase classname="ptolemy.util.test.junit.AutoTests" name="[26] /home/travis/build/icyphy/ptII/ptolemy/actor/lib/test/auto/ArrayRemoveElement.xml (RunModel)" time="0.028" />
  <testcase classname="ptolemy.util.test.junit.AutoTests" name="[27] /home/travis/build/icyphy/ptII/ptolemy/actor/lib/test/auto/ArraySort.xml (RunModel)" time="0.028" />
  <testcase classname="ptolemy.util.test.junit.AutoTests" name="[28] /home/travis/build/icyphy/ptII/ptolemy/actor/lib/test/auto/ArraySum.xml (RunModel)" time="0.022" />
  <testcase classname="ptolemy.util.test.junit.AutoTests" name="[29] /home/travis/build/icyphy/ptII/ptolemy/actor/lib/test/auto/ArrayToElements.xml (RunModel)" time="0.015" />
  <testcase classname="ptolemy.util.test.junit.AutoTests" name="[30] /home/travis/build/icyphy/ptII/ptolemy/actor/lib/test/auto/ArrayToMatrix.xml (RunModel)" time="0.046" />
  <testcase classname="ptolemy.util.test.junit.AutoTests" name="[31] /home/travis/build/icyphy/ptII/ptolemy/actor/lib/test/auto/ArrayUpdate1.xml (RunModel)" time="0.026" />
  <testcase classname="ptolemy.util.test.junit.AutoTests" name="[32] /home/travis/build/icyphy/ptII/ptolemy/actor/lib/test/auto/ArrayUpdate2.xml (RunModel)" time="0.023" />
  <testcase classname="ptolemy.util.test.junit.AutoTests" name="[33] /home/travis/build/icyphy/ptII/ptolemy/actor/lib/test/auto/ArrayUpdate3.xml (RunModel)" time="0.016" />
  <testcase classname="ptolemy.util.test.junit.AutoTests" name="[34] /home/travis/build/icyphy/ptII/ptolemy/actor/lib/test/auto/Assert1.xml (RunModel)" time="0.031" />
  <testcase classname="ptolemy.util.test.junit.AutoTests" name="[35] /home/travis/build/icyphy/ptII/ptolemy/actor/lib/test/auto/Assert2.xml (RunModel)" time="0.028" />
  <testcase classname="ptolemy.util.test.junit.AutoTests" name="[36] /home/travis/build/icyphy/ptII/ptolemy/actor/lib/test/auto/BooleanMultiplexor.xml (RunModel)" time="0.017" />
  <testcase classname="ptolemy.util.test.junit.AutoTests" name="[37] /home/travis/build/icyphy/ptII/ptolemy/actor/lib/test/auto/BooleanMultiplexor2.xml (RunModel)" time="0.03" />
  <testcase classname="ptolemy.util.test.junit.AutoTests" name="[38] /home/travis/build/icyphy/ptII/ptolemy/actor/lib/test/auto/BooleanMultiplexor3.xml (RunModel)" time="0.018" />
  <testcase classname="ptolemy.util.test.junit.AutoTests" name="[39] /home/travis/build/icyphy/ptII/ptolemy/actor/lib/test/auto/BooleanSelect.xml (RunModel)" time="0.023" />
  <testcase classname="ptolemy.util.test.junit.AutoTests" name="[40] /home/travis/build/icyphy/ptII/ptolemy/actor/lib/test/auto/BooleanSelect2.xml (RunModel)" time="0.017" />
  <testcase classname="ptolemy.util.test.junit.AutoTests" name="[41] /home/travis/build/icyphy/ptII/ptolemy/actor/lib/test/auto/BooleanSwitch.xml (RunModel)" time="0.031" />
  <testcase classname="ptolemy.util.test.junit.AutoTests" name="[42] /home/travis/build/icyphy/ptII/ptolemy/actor/lib/test/auto/BooleanSwitch2.xml (RunModel)" time="0.019" />
  <testcase classname="ptolemy.util.test.junit.AutoTests" name="[43] /home/travis/build/icyphy/ptII/ptolemy/actor/lib/test/auto/BooleanSwitchCloningBugWithClassRelationGroup.xml (RunModel)" time="0.039" />
  <testcase classname="ptolemy.util.test.junit.AutoTests" name="[44] /home/travis/build/icyphy/ptII/ptolemy/actor/lib/test/auto/BusActors.xml (RunModel)" time="0.057" />
  <testcase classname="ptolemy.util.test.junit.AutoTests" name="[45] /home/travis/build/icyphy/ptII/ptolemy/actor/lib/test/auto/ClassWrapper.xml (RunModel)" time="0.029" />
  <testcase classname="ptolemy.util.test.junit.AutoTests" name="[46] /home/travis/build/icyphy/ptII/ptolemy/actor/lib/test/auto/Clock.xml (RunModel)" time="0.015" />
  <testcase classname="ptolemy.util.test.junit.AutoTests" name="[47] /home/travis/build/icyphy/ptII/ptolemy/actor/lib/test/auto/Clock10.xml (RunModel)" time="0.022" />
  <testcase classname="ptolemy.util.test.junit.AutoTests" name="[48] /home/travis/build/icyphy/ptII/ptolemy/actor/lib/test/auto/Clock11.xml (RunModel)" time="0.021" />
  <testcase classname="ptolemy.util.test.junit.AutoTests" name="[49] /home/travis/build/icyphy/ptII/ptolemy/actor/lib/test/auto/Clock12.xml (RunModel)" time="0.024" />
  <testcase classname="ptolemy.util.test.junit.AutoTests" name="[50] /home/travis/build/icyphy/ptII/ptolemy/actor/lib/test/auto/Clock13.xml (RunModel)" time="0.028" />
  <testcase classname="ptolemy.util.test.junit.AutoTests" name="[51] /home/travis/build/icyphy/ptII/ptolemy/actor/lib/test/auto/Clock14.xml (RunModel)" time="0.021" />
  <testcase classname="ptolemy.util.test.junit.AutoTests" name="[52] /home/travis/build/icyphy/ptII/ptolemy/actor/lib/test/auto/Clock15.xml (RunModel)" time="0.025" />
  <testcase classname="ptolemy.util.test.junit.AutoTests" name="[53] /home/travis/build/icyphy/ptII/ptolemy/actor/lib/test/auto/Clock16.xml (RunModel)" time="0.106" />
  <testcase classname="ptolemy.util.test.junit.AutoTests" name="[54] /home/travis/build/icyphy/ptII/ptolemy/actor/lib/test/auto/Clock17.xml (RunModel)" time="0.068" />
  <testcase classname="ptolemy.util.test.junit.AutoTests" name="[55] /home/travis/build/icyphy/ptII/ptolemy/actor/lib/test/auto/Clock18.xml (RunModel)" time="0.059" />
  <testcase classname="ptolemy.util.test.junit.AutoTests" name="[56] /home/travis/build/icyphy/ptII/ptolemy/actor/lib/test/auto/Clock19.xml (RunModel)" time="0.05" />
  <testcase classname="ptolemy.util.test.junit.AutoTests" name="[57] /home/travis/build/icyphy/ptII/ptolemy/actor/lib/test/auto/Clock2.xml (RunModel)" time="0.016" />
  <testcase classname="ptolemy.util.test.junit.AutoTests" name="[58] /home/travis/build/icyphy/ptII/ptolemy/actor/lib/test/auto/Clock20.xml (RunModel)" time="0.025" />
  <testcase classname="ptolemy.util.test.junit.AutoTests" name="[59] /home/travis/build/icyphy/ptII/ptolemy/actor/lib/test/auto/Clock21.xml (RunModel)" time="0.033" />
  <testcase classname="ptolemy.util.test.junit.AutoTests" name="[60] /home/travis/build/icyphy/ptII/ptolemy/actor/lib/test/auto/Clock22.xml (RunModel)" time="0.019" />
  <testcase classname="ptolemy.util.test.junit.AutoTests" name="[61] /home/travis/build/icyphy/ptII/ptolemy/actor/lib/test/auto/Clock23.xml (RunModel)" time="0.021" />
  <testcase classname="ptolemy.util.test.junit.AutoTests" name="[62] /home/travis/build/icyphy/ptII/ptolemy/actor/lib/test/auto/Clock24.xml (RunModel)" time="0.02" />
  <testcase classname="ptolemy.util.test.junit.AutoTests" name="[63] /home/travis/build/icyphy/ptII/ptolemy/actor/lib/test/auto/Clock4.xml (RunModel)" time="0.015" />
  <testcase classname="ptolemy.util.test.junit.AutoTests" name="[64] /home/travis/build/icyphy/ptII/ptolemy/actor/lib/test/auto/Clock5.xml (RunModel)" time="0.019" />
  <testcase classname="ptolemy.util.test.junit.AutoTests" name="[65] /home/travis/build/icyphy/ptII/ptolemy/actor/lib/test/auto/Clock6.xml (RunModel)" time="0.012" />
  <testcase classname="ptolemy.util.test.junit.AutoTests" name="[66] /home/travis/build/icyphy/ptII/ptolemy/actor/lib/test/auto/Clock7.xml (RunModel)" time="0.012" />
  <testcase classname="ptolemy.util.test.junit.AutoTests" name="[67] /home/travis/build/icyphy/ptII/ptolemy/actor/lib/test/auto/Clock8.xml (RunModel)" time="0.018" />
  <testcase classname="ptolemy.util.test.junit.AutoTests" name="[68] /home/travis/build/icyphy/ptII/ptolemy/actor/lib/test/auto/Clock9.xml (RunModel)" time="0.022" />
  <testcase classname="ptolemy.util.test.junit.AutoTests" name="[69] /home/travis/build/icyphy/ptII/ptolemy/actor/lib/test/auto/CommDistDiscard.xml (RunModel)" time="0.025" />
  <testcase classname="ptolemy.util.test.junit.AutoTests" name="[70] /home/travis/build/icyphy/ptII/ptolemy/actor/lib/test/auto/Commutator.xml (RunModel)" time="0.016" />
  <testcase classname="ptolemy.util.test.junit.AutoTests" name="[71] /home/travis/build/icyphy/ptII/ptolemy/actor/lib/test/auto/Commutator2.xml (RunModel)" time="0.009" />
  <testcase classname="ptolemy.util.test.junit.AutoTests" name="[72] /home/travis/build/icyphy/ptII/ptolemy/actor/lib/test/auto/Commutator3.xml (RunModel)" time="0.012" />
  <testcase classname="ptolemy.util.test.junit.AutoTests" name="[73] /home/travis/build/icyphy/ptII/ptolemy/actor/lib/test/auto/Compare.xml (RunModel)" time="0.018" />
  <testcase classname="ptolemy.util.test.junit.AutoTests" name="[74] /home/travis/build/icyphy/ptII/ptolemy/actor/lib/test/auto/CompareDE.xml (RunModel)" time="0.016" />
  <testcase classname="ptolemy.util.test.junit.AutoTests" name="[75] /home/travis/build/icyphy/ptII/ptolemy/actor/lib/test/auto/ComplexDivide.xml (RunModel)" time="0.009" />
  <testcase classname="ptolemy.util.test.junit.AutoTests" name="[76] /home/travis/build/icyphy/ptII/ptolemy/actor/lib/test/auto/ComputeHistogram.xml (RunModel)" time="0.066" />
  <testcase classname="ptolemy.util.test.junit.AutoTests" name="[77] /home/travis/build/icyphy/ptII/ptolemy/actor/lib/test/auto/ConfigurationSelect.xml (RunModel)" time="0.02" />
  <testcase classname="ptolemy.util.test.junit.AutoTests" name="[78] /home/travis/build/icyphy/ptII/ptolemy/actor/lib/test/auto/ConfigurationSelect2.xml (RunModel)" time="0.015" />
  <testcase classname="ptolemy.util.test.junit.AutoTests" name="[79] /home/travis/build/icyphy/ptII/ptolemy/actor/lib/test/auto/ConfigurationSwitch.xml (RunModel)" time="0.023" />
  <testcase classname="ptolemy.util.test.junit.AutoTests" name="[80] /home/travis/build/icyphy/ptII/ptolemy/actor/lib/test/auto/ConfigurationSwitch2.xml (RunModel)" time="0.019" />
  <testcase classname="ptolemy.util.test.junit.AutoTests" name="[81] /home/travis/build/icyphy/ptII/ptolemy/actor/lib/test/auto/ConfigurationSwitchCloningBugWithClassRelationGroup.xml (RunModel)" time="0.015" />
  <testcase classname="ptolemy.util.test.junit.AutoTests" name="[82] /home/travis/build/icyphy/ptII/ptolemy/actor/lib/test/auto/ConfigurationSwitchSelectSDF.xml (RunModel)" time="0.015" />
  <testcase classname="ptolemy.util.test.junit.AutoTests" name="[83] /home/travis/build/icyphy/ptII/ptolemy/actor/lib/test/auto/ConfigurationSwitchSelectSDF2.xml (RunModel)" time="0.013" />
  <testcase classname="ptolemy.util.test.junit.AutoTests" name="[84] /home/travis/build/icyphy/ptII/ptolemy/actor/lib/test/auto/Const.xml (RunModel)" time="0.007" />
  <testcase classname="ptolemy.util.test.junit.AutoTests" name="[85] /home/travis/build/icyphy/ptII/ptolemy/actor/lib/test/auto/Const2.xml (RunModel)" time="0.008" />
  <testcase classname="ptolemy.util.test.junit.AutoTests" name="[86] /home/travis/build/icyphy/ptII/ptolemy/actor/lib/test/auto/Const3.xml (RunModel)" time="0.007" />
  <testcase classname="ptolemy.util.test.junit.AutoTests" name="[87] /home/travis/build/icyphy/ptII/ptolemy/actor/lib/test/auto/ConstantPublisherPort1.xml (RunModel)" time="0.019" />
  <testcase classname="ptolemy.util.test.junit.AutoTests" name="[88] /home/travis/build/icyphy/ptII/ptolemy/actor/lib/test/auto/ConstantPublisherPort2.xml (RunModel)" time="0.024" />
  <testcase classname="ptolemy.util.test.junit.AutoTests" name="[89] /home/travis/build/icyphy/ptII/ptolemy/actor/lib/test/auto/ConstantPublisherPort3.xml (RunModel)" time="0.018" />
  <testcase classname="ptolemy.util.test.junit.AutoTests" name="[90] /home/travis/build/icyphy/ptII/ptolemy/actor/lib/test/auto/ConstantPublisherPort4.xml (RunModel)" time="0.014" />
  <testcase classname="ptolemy.util.test.junit.AutoTests" name="[91] /home/travis/build/icyphy/ptII/ptolemy/actor/lib/test/auto/ConstantPublisherPort5.xml (RunModel)" time="0.045" />
  <testcase classname="ptolemy.util.test.junit.AutoTests" name="[92] /home/travis/build/icyphy/ptII/ptolemy/actor/lib/test/auto/ConstantPublisherPort6.xml (RunModel)" time="0.03" />
  <testcase classname="ptolemy.util.test.junit.AutoTests" name="[93] /home/travis/build/icyphy/ptII/ptolemy/actor/lib/test/auto/ConstantPublisherPort7.xml (RunModel)" time="0.033" />
  <testcase classname="ptolemy.util.test.junit.AutoTests" name="[94] /home/travis/build/icyphy/ptII/ptolemy/actor/lib/test/auto/ConstraintMonitor1.xml (RunModel)" time="0.031" />
  <testcase classname="ptolemy.util.test.junit.AutoTests" name="[95] /home/travis/build/icyphy/ptII/ptolemy/actor/lib/test/auto/ConstraintMonitor2.xml (RunModel)" time="0.01" />
  <testcase classname="ptolemy.util.test.junit.AutoTests" name="[96] /home/travis/build/icyphy/ptII/ptolemy/actor/lib/test/auto/ConstraintMonitor3.xml (RunModel)" time="0.015" />
  <testcase classname="ptolemy.util.test.junit.AutoTests" name="[97] /home/travis/build/icyphy/ptII/ptolemy/actor/lib/test/auto/ConstraintMonitor4.xml (RunModel)" time="0.011" />
  <testcase classname="ptolemy.util.test.junit.AutoTests" name="[98] /home/travis/build/icyphy/ptII/ptolemy/actor/lib/test/auto/ConstraintMonitor5.xml (RunModel)" time="0.014" />
  <testcase classname="ptolemy.util.test.junit.AutoTests" name="[99] /home/travis/build/icyphy/ptII/ptolemy/actor/lib/test/auto/ConstraintMonitor6.xml (RunModel)" time="0.012" />
  <testcase classname="ptolemy.util.test.junit.AutoTests" name="[100] /home/travis/build/icyphy/ptII/ptolemy/actor/lib/test/auto/ConstraintMonitor7.xml (RunModel)" time="0.017" />
  <testcase classname="ptolemy.util.test.junit.AutoTests" name="[101] /home/travis/build/icyphy/ptII/ptolemy/actor/lib/test/auto/ConstraintMonitor8.xml (RunModel)" time="0.016" />
  <testcase classname="ptolemy.util.test.junit.AutoTests" name="[102] /home/travis/build/icyphy/ptII/ptolemy/actor/lib/test/auto/Counter.xml (RunModel)" time="0.013" />
  <testcase classname="ptolemy.util.test.junit.AutoTests" name="[103] /home/travis/build/icyphy/ptII/ptolemy/actor/lib/test/auto/CurrentTimeSDF.xml (RunModel)" time="0.008" />
  <testcase classname="ptolemy.util.test.junit.AutoTests" name="[104] /home/travis/build/icyphy/ptII/ptolemy/actor/lib/test/auto/DB.xml (RunModel)" time="0.011" />
  <testcase classname="ptolemy.util.test.junit.AutoTests" name="[105] /home/travis/build/icyphy/ptII/ptolemy/actor/lib/test/auto/DBDE.xml (RunModel)" time="0.013" />
  <testcase classname="ptolemy.util.test.junit.AutoTests" name="[106] /home/travis/build/icyphy/ptII/ptolemy/actor/lib/test/auto/DateConstructor.xml (RunModel)" time="0.061" />
  <testcase classname="ptolemy.util.test.junit.AutoTests" name="[107] /home/travis/build/icyphy/ptII/ptolemy/actor/lib/test/auto/DelayTime.xml (RunModel)" time="0.023" />
  <testcase classname="ptolemy.util.test.junit.AutoTests" name="[108] /home/travis/build/icyphy/ptII/ptolemy/actor/lib/test/auto/Dictionary1.xml (RunModel)" time="0.016" />
  <testcase classname="ptolemy.util.test.junit.AutoTests" name="[109] /home/travis/build/icyphy/ptII/ptolemy/actor/lib/test/auto/Dictionary2.xml (RunModel)" time="0.013" />
  <testcase classname="ptolemy.util.test.junit.AutoTests" name="[110] /home/travis/build/icyphy/ptII/ptolemy/actor/lib/test/auto/Dictionary3.xml (RunModel)" time="0.013" />
  <testcase classname="ptolemy.util.test.junit.AutoTests" name="[111] /home/travis/build/icyphy/ptII/ptolemy/actor/lib/test/auto/Dictionary4.xml (RunModel)" time="0.019" />
  <testcase classname="ptolemy.util.test.junit.AutoTests" name="[112] /home/travis/build/icyphy/ptII/ptolemy/actor/lib/test/auto/Differential.xml (RunModel)" time="0.012" />
  <testcase classname="ptolemy.util.test.junit.AutoTests" name="[113] /home/travis/build/icyphy/ptII/ptolemy/actor/lib/test/auto/Director.xml (RunModel)" time="0.011" />
  <testcase classname="ptolemy.util.test.junit.AutoTests" name="[114] /home/travis/build/icyphy/ptII/ptolemy/actor/lib/test/auto/DiscreteClock.xml (RunModel)" time="0.011" />
  <testcase classname="ptolemy.util.test.junit.AutoTests" name="[115] /home/travis/build/icyphy/ptII/ptolemy/actor/lib/test/auto/DiscreteClock10.xml (RunModel)" time="0.013" />
  <testcase classname="ptolemy.util.test.junit.AutoTests" name="[116] /home/travis/build/icyphy/ptII/ptolemy/actor/lib/test/auto/DiscreteClock11.xml (RunModel)" time="0.011" />
  <testcase classname="ptolemy.util.test.junit.AutoTests" name="[117] /home/travis/build/icyphy/ptII/ptolemy/actor/lib/test/auto/DiscreteClock12.xml (RunModel)" time="0.019" />
  <testcase classname="ptolemy.util.test.junit.AutoTests" name="[118] /home/travis/build/icyphy/ptII/ptolemy/actor/lib/test/auto/DiscreteClock13.xml (RunModel)" time="0.017" />
  <testcase classname="ptolemy.util.test.junit.AutoTests" name="[119] /home/travis/build/icyphy/ptII/ptolemy/actor/lib/test/auto/DiscreteClock14.xml (RunModel)" time="0.014" />
  <testcase classname="ptolemy.util.test.junit.AutoTests" name="[120] /home/travis/build/icyphy/ptII/ptolemy/actor/lib/test/auto/DiscreteClock15.xml (RunModel)" time="0.015" />
  <testcase classname="ptolemy.util.test.junit.AutoTests" name="[121] /home/travis/build/icyphy/ptII/ptolemy/actor/lib/test/auto/DiscreteClock16.xml (RunModel)" time="0.063" />
  <testcase classname="ptolemy.util.test.junit.AutoTests" name="[122] /home/travis/build/icyphy/ptII/ptolemy/actor/lib/test/auto/DiscreteClock17.xml (RunModel)" time="0.04" />
  <testcase classname="ptolemy.util.test.junit.AutoTests" name="[123] /home/travis/build/icyphy/ptII/ptolemy/actor/lib/test/auto/DiscreteClock18.xml (RunModel)" time="0.046" />
  <testcase classname="ptolemy.util.test.junit.AutoTests" name="[124] /home/travis/build/icyphy/ptII/ptolemy/actor/lib/test/auto/DiscreteClock19.xml (RunModel)" time="0.041" />
  <testcase classname="ptolemy.util.test.junit.AutoTests" name="[125] /home/travis/build/icyphy/ptII/ptolemy/actor/lib/test/auto/DiscreteClock2.xml (RunModel)" time="0.012" />
  <testcase classname="ptolemy.util.test.junit.AutoTests" name="[126] /home/travis/build/icyphy/ptII/ptolemy/actor/lib/test/auto/DiscreteClock20.xml (RunModel)" time="0.017" />
  <testcase classname="ptolemy.util.test.junit.AutoTests" name="[127] /home/travis/build/icyphy/ptII/ptolemy/actor/lib/test/auto/DiscreteClock21.xml (RunModel)" time="0.026" />
  <testcase classname="ptolemy.util.test.junit.AutoTests" name="[128] /home/travis/build/icyphy/ptII/ptolemy/actor/lib/test/auto/DiscreteClock22.xml (RunModel)" time="0.015" />
  <testcase classname="ptolemy.util.test.junit.AutoTests" name="[129] /home/travis/build/icyphy/ptII/ptolemy/actor/lib/test/auto/DiscreteClock23.xml (RunModel)" time="0.02" />
  <testcase classname="ptolemy.util.test.junit.AutoTests" name="[130] /home/travis/build/icyphy/ptII/ptolemy/actor/lib/test/auto/DiscreteClock24.xml (RunModel)" time="0.023" />
  <testcase classname="ptolemy.util.test.junit.AutoTests" name="[131] /home/travis/build/icyphy/ptII/ptolemy/actor/lib/test/auto/DiscreteClock4.xml (RunModel)" time="0.014" />
  <testcase classname="ptolemy.util.test.junit.AutoTests" name="[132] /home/travis/build/icyphy/ptII/ptolemy/actor/lib/test/auto/DiscreteClock5.xml (RunModel)" time="0.01" />
  <testcase classname="ptolemy.util.test.junit.AutoTests" name="[133] /home/travis/build/icyphy/ptII/ptolemy/actor/lib/test/auto/DiscreteClock6.xml (RunModel)" time="0.011" />
  <testcase classname="ptolemy.util.test.junit.AutoTests" name="[134] /home/travis/build/icyphy/ptII/ptolemy/actor/lib/test/auto/DiscreteClock7.xml (RunModel)" time="0.01" />
  <testcase classname="ptolemy.util.test.junit.AutoTests" name="[135] /home/travis/build/icyphy/ptII/ptolemy/actor/lib/test/auto/DiscreteClock8.xml (RunModel)" time="0.02" />
  <testcase classname="ptolemy.util.test.junit.AutoTests" name="[136] /home/travis/build/icyphy/ptII/ptolemy/actor/lib/test/auto/DiscreteClock9.xml (RunModel)" time="0.011" />
  <testcase classname="ptolemy.util.test.junit.AutoTests" name="[137] /home/travis/build/icyphy/ptII/ptolemy/actor/lib/test/auto/DisplayArray.xml (RunModel)" time="0.009" />
  <testcase classname="ptolemy.util.test.junit.AutoTests" name="[138] /home/travis/build/icyphy/ptII/ptolemy/actor/lib/test/auto/Distributor.xml (RunModel)" time="0.009" />
  <testcase classname="ptolemy.util.test.junit.AutoTests" name="[139] /home/travis/build/icyphy/ptII/ptolemy/actor/lib/test/auto/Distributor2.xml (RunModel)" time="0.011" />
  <testcase classname="ptolemy.util.test.junit.AutoTests" name="[140] /home/travis/build/icyphy/ptII/ptolemy/actor/lib/test/auto/DownSample.xml (RunModel)" time="0.01" />
  <testcase classname="ptolemy.util.test.junit.AutoTests" name="[141] /home/travis/build/icyphy/ptII/ptolemy/actor/lib/test/auto/ElectronicUnitBase1.xml (RunModel)" time="0.059" />
  <testcase classname="ptolemy.util.test.junit.AutoTests" name="[142] /home/travis/build/icyphy/ptII/ptolemy/actor/lib/test/auto/ElementsToArray.xml (RunModel)" time="0.014" />
  <testcase classname="ptolemy.util.test.junit.AutoTests" name="[143] /home/travis/build/icyphy/ptII/ptolemy/actor/lib/test/auto/Equals.xml (RunModel)" time="0.018" />
  <testcase classname="ptolemy.util.test.junit.AutoTests" name="[144] /home/travis/build/icyphy/ptII/ptolemy/actor/lib/test/auto/Exec.xml (RunModel)" time="0.024" />
  <testcase classname="ptolemy.util.test.junit.AutoTests" name="[145] /home/travis/build/icyphy/ptII/ptolemy/actor/lib/test/auto/ExecEnvironment.xml (RunModel)" time="0.038" />
  <testcase classname="ptolemy.util.test.junit.AutoTests" name="[146] /home/travis/build/icyphy/ptII/ptolemy/actor/lib/test/auto/ExecNonZeroReturnOutput.xml (RunModel)" time="0.187" />
  <testcase classname="ptolemy.util.test.junit.AutoTests" name="[147] /home/travis/build/icyphy/ptII/ptolemy/actor/lib/test/auto/ExecRunDemos.xml (RunModel)" time="10.665" />
  <testcase classname="ptolemy.util.test.junit.AutoTests" name="[148] /home/travis/build/icyphy/ptII/ptolemy/actor/lib/test/auto/ExecStop.xml (RunModel)" time="5.039" />
  <testcase classname="ptolemy.util.test.junit.AutoTests" name="[149] /home/travis/build/icyphy/ptII/ptolemy/actor/lib/test/auto/ExecutionTimeSDF.xml (RunModel)" time="6.032" />
  <testcase classname="ptolemy.util.test.junit.AutoTests" name="[150] /home/travis/build/icyphy/ptII/ptolemy/actor/lib/test/auto/Expression1.xml (RunModel)" time="0.014" />
  <testcase classname="ptolemy.util.test.junit.AutoTests" name="[151] /home/travis/build/icyphy/ptII/ptolemy/actor/lib/test/auto/Expression10.xml (RunModel)" time="0.018" />
  <testcase classname="ptolemy.util.test.junit.AutoTests" name="[152] /home/travis/build/icyphy/ptII/ptolemy/actor/lib/test/auto/Expression11.xml (RunModel)" time="0.011" />
  <testcase classname="ptolemy.util.test.junit.AutoTests" name="[153] /home/travis/build/icyphy/ptII/ptolemy/actor/lib/test/auto/Expression12.xml (RunModel)" time="0.015" />
  <testcase classname="ptolemy.util.test.junit.AutoTests" name="[154] /home/travis/build/icyphy/ptII/ptolemy/actor/lib/test/auto/Expression13.xml (RunModel)" time="0.011" />
  <testcase classname="ptolemy.util.test.junit.AutoTests" name="[155] /home/travis/build/icyphy/ptII/ptolemy/actor/lib/test/auto/Expression14.xml (RunModel)" time="0.02" />
  <testcase classname="ptolemy.util.test.junit.AutoTests" name="[156] /home/travis/build/icyphy/ptII/ptolemy/actor/lib/test/auto/Expression15.xml (RunModel)" time="0.009" />
  <testcase classname="ptolemy.util.test.junit.AutoTests" name="[157] /home/travis/build/icyphy/ptII/ptolemy/actor/lib/test/auto/Expression16.xml (RunModel)" time="0.014" />
  <testcase classname="ptolemy.util.test.junit.AutoTests" name="[158] /home/travis/build/icyphy/ptII/ptolemy/actor/lib/test/auto/Expression17.xml (RunModel)" time="0.011" />
  <testcase classname="ptolemy.util.test.junit.AutoTests" name="[159] /home/travis/build/icyphy/ptII/ptolemy/actor/lib/test/auto/Expression18.xml (RunModel)" time="0.013" />
  <testcase classname="ptolemy.util.test.junit.AutoTests" name="[160] /home/travis/build/icyphy/ptII/ptolemy/actor/lib/test/auto/Expression2.xml (RunModel)" time="0.014" />
  <testcase classname="ptolemy.util.test.junit.AutoTests" name="[161] /home/travis/build/icyphy/ptII/ptolemy/actor/lib/test/auto/Expression3.xml (RunModel)" time="0.013" />
  <testcase classname="ptolemy.util.test.junit.AutoTests" name="[162] /home/travis/build/icyphy/ptII/ptolemy/actor/lib/test/auto/Expression4.xml (RunModel)" time="0.021" />
  <testcase classname="ptolemy.util.test.junit.AutoTests" name="[163] /home/travis/build/icyphy/ptII/ptolemy/actor/lib/test/auto/Expression5.xml (RunModel)" time="0.012" />
  <testcase classname="ptolemy.util.test.junit.AutoTests" name="[164] /home/travis/build/icyphy/ptII/ptolemy/actor/lib/test/auto/Expression6.xml (RunModel)" time="0.009" />
  <testcase classname="ptolemy.util.test.junit.AutoTests" name="[165] /home/travis/build/icyphy/ptII/ptolemy/actor/lib/test/auto/Expression7.xml (RunModel)" time="0.014" />
  <testcase classname="ptolemy.util.test.junit.AutoTests" name="[166] /home/travis/build/icyphy/ptII/ptolemy/actor/lib/test/auto/Expression8.xml (RunModel)" time="0.015" />
  <testcase classname="ptolemy.util.test.junit.AutoTests" name="[167] /home/travis/build/icyphy/ptII/ptolemy/actor/lib/test/auto/Expression9.xml (RunModel)" time="0.007" />
  <testcase classname="ptolemy.util.test.junit.AutoTests" name="[168] /home/travis/build/icyphy/ptII/ptolemy/actor/lib/test/auto/ExpressionConcatenateArrayType.xml (RunModel)" time="0.041" />
  <testcase classname="ptolemy.util.test.junit.AutoTests" name="[169] /home/travis/build/icyphy/ptII/ptolemy/actor/lib/test/auto/ExpressionConcatenateArrayType2.xml (RunModel)" time="0.021" />
  <testcase classname="ptolemy.util.test.junit.AutoTests" name="[170] /home/travis/build/icyphy/ptII/ptolemy/actor/lib/test/auto/ExpressionFix.xml (RunModel)" time="0.046" />
  <testcase classname="ptolemy.util.test.junit.AutoTests" name="[171] /home/travis/build/icyphy/ptII/ptolemy/actor/lib/test/auto/ExpressionFix2.xml (RunModel)" time="0.012" />
  <testcase classname="ptolemy.util.test.junit.AutoTests" name="[172] /home/travis/build/icyphy/ptII/ptolemy/actor/lib/test/auto/ExpressionFix3.xml (RunModel)" time="0.012" />
  <testcase classname="ptolemy.util.test.junit.AutoTests" name="[173] /home/travis/build/icyphy/ptII/ptolemy/actor/lib/test/auto/FileWriter1.xml (RunModel)" time="0.01" />
  <testcase classname="ptolemy.util.test.junit.AutoTests" name="[174] /home/travis/build/icyphy/ptII/ptolemy/actor/lib/test/auto/FileWriter2.xml (RunModel)" time="0.011" />
  <testcase classname="ptolemy.util.test.junit.AutoTests" name="[175] /home/travis/build/icyphy/ptII/ptolemy/actor/lib/test/auto/FileWriter3.xml (RunModel)" time="0.014" />
  <testcase classname="ptolemy.util.test.junit.AutoTests" name="[176] /home/travis/build/icyphy/ptII/ptolemy/actor/lib/test/auto/Gaussian.xml (RunModel)" time="0.011" />
  <testcase classname="ptolemy.util.test.junit.AutoTests" name="[177] /home/travis/build/icyphy/ptII/ptolemy/actor/lib/test/auto/Gaussian1.xml (RunModel)" time="0.012" />
  <testcase classname="ptolemy.util.test.junit.AutoTests" name="[178] /home/travis/build/icyphy/ptII/ptolemy/actor/lib/test/auto/Gaussian2.xml (RunModel)" time="0.024" />
  <testcase classname="ptolemy.util.test.junit.AutoTests" name="[179] /home/travis/build/icyphy/ptII/ptolemy/actor/lib/test/auto/GradientAdaptiveLattice.xml (RunModel)" time="0.016" />
  <testcase classname="ptolemy.util.test.junit.AutoTests" name="[180] /home/travis/build/icyphy/ptII/ptolemy/actor/lib/test/auto/IIR.xml (RunModel)" time="0.01" />
  <testcase classname="ptolemy.util.test.junit.AutoTests" name="[181] /home/travis/build/icyphy/ptII/ptolemy/actor/lib/test/auto/InputOutputTransparentPorts.xml (RunModel)" time="0.017" />
  <testcase classname="ptolemy.util.test.junit.AutoTests" name="[182] /home/travis/build/icyphy/ptII/ptolemy/actor/lib/test/auto/Interpolator.xml (RunModel)" time="0.015" />
  <testcase classname="ptolemy.util.test.junit.AutoTests" name="[183] /home/travis/build/icyphy/ptII/ptolemy/actor/lib/test/auto/InterpolatorFiringLimitDE.xml (RunModel)" time="0.012" />
  <testcase classname="ptolemy.util.test.junit.AutoTests" name="[184] /home/travis/build/icyphy/ptII/ptolemy/actor/lib/test/auto/Lattice.xml (RunModel)" time="0.01" />
  <testcase classname="ptolemy.util.test.junit.AutoTests" name="[185] /home/travis/build/icyphy/ptII/ptolemy/actor/lib/test/auto/LazyAOCTestLazy.xml (RunModel)" time="0.033" />
  <testcase classname="ptolemy.util.test.junit.AutoTests" name="[186] /home/travis/build/icyphy/ptII/ptolemy/actor/lib/test/auto/LazyAOCTestNonLazy.xml (RunModel)" time="0.046" />
  <testcase classname="ptolemy.util.test.junit.AutoTests" name="[187] /home/travis/build/icyphy/ptII/ptolemy/actor/lib/test/auto/LazyInnerClass.xml (RunModel)" time="0.036" />
  <testcase classname="ptolemy.util.test.junit.AutoTests" name="[188] /home/travis/build/icyphy/ptII/ptolemy/actor/lib/test/auto/LazyPubSub.xml (RunModel)" time="0.073" />
  <testcase classname="ptolemy.util.test.junit.AutoTests" name="[189] /home/travis/build/icyphy/ptII/ptolemy/actor/lib/test/auto/LazyPubSub2.xml (RunModel)" time="0.039" />
  <testcase classname="ptolemy.util.test.junit.AutoTests" name="[190] /home/travis/build/icyphy/ptII/ptolemy/actor/lib/test/auto/LazyPubSub3.xml (RunModel)" time="0.027" />
  <testcase classname="ptolemy.util.test.junit.AutoTests" name="[191] /home/travis/build/icyphy/ptII/ptolemy/actor/lib/test/auto/LazySubClassModel.xml (RunModel)" time="0.018" />
  <testcase classname="ptolemy.util.test.junit.AutoTests" name="[192] /home/travis/build/icyphy/ptII/ptolemy/actor/lib/test/auto/LevelCrossTest1.xml (RunModel)" time="0.009" />
  <testcase classname="ptolemy.util.test.junit.AutoTests" name="[193] /home/travis/build/icyphy/ptII/ptolemy/actor/lib/test/auto/LevelCrossTest10.xml (RunModel)" time="0.014" />
  <testcase classname="ptolemy.util.test.junit.AutoTests" name="[194] /home/travis/build/icyphy/ptII/ptolemy/actor/lib/test/auto/LevelCrossTest11.xml (RunModel)" time="0.016" />
  <testcase classname="ptolemy.util.test.junit.AutoTests" name="[195] /home/travis/build/icyphy/ptII/ptolemy/actor/lib/test/auto/LevelCrossTest12.xml (RunModel)" time="0.023" />
  <testcase classname="ptolemy.util.test.junit.AutoTests" name="[196] /home/travis/build/icyphy/ptII/ptolemy/actor/lib/test/auto/LevelCrossTest13.xml (RunModel)" time="0.014" />
  <testcase classname="ptolemy.util.test.junit.AutoTests" name="[197] /home/travis/build/icyphy/ptII/ptolemy/actor/lib/test/auto/LevelCrossTest2.xml (RunModel)" time="0.01" />
  <testcase classname="ptolemy.util.test.junit.AutoTests" name="[198] /home/travis/build/icyphy/ptII/ptolemy/actor/lib/test/auto/LevelCrossTest3.xml (RunModel)" time="0.014" />
  <testcase classname="ptolemy.util.test.junit.AutoTests" name="[199] /home/travis/build/icyphy/ptII/ptolemy/actor/lib/test/auto/LevelCrossTest4.xml (RunModel)" time="0.017" />
  <testcase classname="ptolemy.util.test.junit.AutoTests" name="[200] /home/travis/build/icyphy/ptII/ptolemy/actor/lib/test/auto/LevelCrossTest5.xml (RunModel)" time="0.014" />
  <testcase classname="ptolemy.util.test.junit.AutoTests" name="[201] /home/travis/build/icyphy/ptII/ptolemy/actor/lib/test/auto/LevelCrossTest6.xml (RunModel)" time="0.017" />
  <testcase classname="ptolemy.util.test.junit.AutoTests" name="[202] /home/travis/build/icyphy/ptII/ptolemy/actor/lib/test/auto/LevelCrossTest7.xml (RunModel)" time="0.016" />
  <testcase classname="ptolemy.util.test.junit.AutoTests" name="[203] /home/travis/build/icyphy/ptII/ptolemy/actor/lib/test/auto/LevelCrossTest8.xml (RunModel)" time="0.017" />
  <testcase classname="ptolemy.util.test.junit.AutoTests" name="[204] /home/travis/build/icyphy/ptII/ptolemy/actor/lib/test/auto/LevelCrossTest9.xml (RunModel)" time="0.016" />
  <testcase classname="ptolemy.util.test.junit.AutoTests" name="[205] /home/travis/build/icyphy/ptII/ptolemy/actor/lib/test/auto/LevinsonDurbin.xml (RunModel)" time="0.01" />
  <testcase classname="ptolemy.util.test.junit.AutoTests" name="[206] /home/travis/build/icyphy/ptII/ptolemy/actor/lib/test/auto/LevinsonDurbin2.xml (RunModel)" time="0.01" />
  <testcase classname="ptolemy.util.test.junit.AutoTests" name="[207] /home/travis/build/icyphy/ptII/ptolemy/actor/lib/test/auto/LevinsonDurbin3.xml (RunModel)" time="0.014" />
  <testcase classname="ptolemy.util.test.junit.AutoTests" name="[208] /home/travis/build/icyphy/ptII/ptolemy/actor/lib/test/auto/Limiter.xml (RunModel)" time="0.042" />
  <testcase classname="ptolemy.util.test.junit.AutoTests" name="[209] /home/travis/build/icyphy/ptII/ptolemy/actor/lib/test/auto/LinearDifferenceEquationSystem.xml (RunModel)" time="0.024" />
  <testcase classname="ptolemy.util.test.junit.AutoTests" name="[210] /home/travis/build/icyphy/ptII/ptolemy/actor/lib/test/auto/LookupTable.xml (RunModel)" time="0.011" />
  <testcase classname="ptolemy.util.test.junit.AutoTests" name="[211] /home/travis/build/icyphy/ptII/ptolemy/actor/lib/test/auto/MathFunction.xml (RunModel)" time="0.03" />
  <testcase classname="ptolemy.util.test.junit.AutoTests" name="[212] /home/travis/build/icyphy/ptII/ptolemy/actor/lib/test/auto/MathFunction2.xml (RunModel)" time="0.019" />
  <testcase classname="ptolemy.util.test.junit.AutoTests" name="[213] /home/travis/build/icyphy/ptII/ptolemy/actor/lib/test/auto/MathFunction3.xml (RunModel)" time="0.019" />
  <testcase classname="ptolemy.util.test.junit.AutoTests" name="[214] /home/travis/build/icyphy/ptII/ptolemy/actor/lib/test/auto/MatrixCropBoolean.xml (RunModel)" time="0.014" />
  <testcase classname="ptolemy.util.test.junit.AutoTests" name="[215] /home/travis/build/icyphy/ptII/ptolemy/actor/lib/test/auto/MatrixCropComplex.xml (RunModel)" time="0.01" />
  <testcase classname="ptolemy.util.test.junit.AutoTests" name="[216] /home/travis/build/icyphy/ptII/ptolemy/actor/lib/test/auto/MatrixCropDouble.xml (RunModel)" time="0.011" />
  <testcase classname="ptolemy.util.test.junit.AutoTests" name="[217] /home/travis/build/icyphy/ptII/ptolemy/actor/lib/test/auto/MatrixCropFix.xml (RunModel)" time="0.016" />
  <testcase classname="ptolemy.util.test.junit.AutoTests" name="[218] /home/travis/build/icyphy/ptII/ptolemy/actor/lib/test/auto/MatrixCropInt.xml (RunModel)" time="0.012" />
  <testcase classname="ptolemy.util.test.junit.AutoTests" name="[219] /home/travis/build/icyphy/ptII/ptolemy/actor/lib/test/auto/MatrixCropLong.xml (RunModel)" time="0.011" />
  <testcase classname="ptolemy.util.test.junit.AutoTests" name="[220] /home/travis/build/icyphy/ptII/ptolemy/actor/lib/test/auto/MatrixToArray.xml (RunModel)" time="0.076" />
  <testcase classname="ptolemy.util.test.junit.AutoTests" name="[221] /home/travis/build/icyphy/ptII/ptolemy/actor/lib/test/auto/MaxIndex.xml (RunModel)" time="0.015" />
  <testcase classname="ptolemy.util.test.junit.AutoTests" name="[222] /home/travis/build/icyphy/ptII/ptolemy/actor/lib/test/auto/Maximum.xml (RunModel)" time="0.015" />
  <testcase classname="ptolemy.util.test.junit.AutoTests" name="[223] /home/travis/build/icyphy/ptII/ptolemy/actor/lib/test/auto/MaximumComplex.xml (RunModel)" time="0.018" />
  <testcase classname="ptolemy.util.test.junit.AutoTests" name="[224] /home/travis/build/icyphy/ptII/ptolemy/actor/lib/test/auto/MethodCallTest.xml (RunModel)" time="0.024" />
  <testcase classname="ptolemy.util.test.junit.AutoTests" name="[225] /home/travis/build/icyphy/ptII/ptolemy/actor/lib/test/auto/Minimum.xml (RunModel)" time="0.017" />
  <testcase classname="ptolemy.util.test.junit.AutoTests" name="[226] /home/travis/build/icyphy/ptII/ptolemy/actor/lib/test/auto/MinimumComplex.xml (RunModel)" time="0.028" />
  <testcase classname="ptolemy.util.test.junit.AutoTests" name="[227] /home/travis/build/icyphy/ptII/ptolemy/actor/lib/test/auto/MinimumMultiports.xml (RunModel)" time="0.02" />
  <testcase classname="ptolemy.util.test.junit.AutoTests" name="[228] /home/travis/build/icyphy/ptII/ptolemy/actor/lib/test/auto/ModifyDate.xml (RunModel)" time="0.049" />
  <testcase classname="ptolemy.util.test.junit.AutoTests" name="[229] /home/travis/build/icyphy/ptII/ptolemy/actor/lib/test/auto/ModifyDate2.xml (RunModel)" time="0.029" />
  <testcase classname="ptolemy.util.test.junit.AutoTests" name="[230] /home/travis/build/icyphy/ptII/ptolemy/actor/lib/test/auto/MovingAverage.xml (RunModel)" time="0.013" />
  <testcase classname="ptolemy.util.test.junit.AutoTests" name="[231] /home/travis/build/icyphy/ptII/ptolemy/actor/lib/test/auto/MovingMaximum.xml (RunModel)" time="0.013" />
  <testcase classname="ptolemy.util.test.junit.AutoTests" name="[232] /home/travis/build/icyphy/ptII/ptolemy/actor/lib/test/auto/MultipleLinksToSameRelation.xml (RunModel)" time="0.011" />
  <testcase classname="ptolemy.util.test.junit.AutoTests" name="[233] /home/travis/build/icyphy/ptII/ptolemy/actor/lib/test/auto/MultipleLinksToSameRelationDE.xml (RunModel)" time="0.017" />
  <testcase classname="ptolemy.util.test.junit.AutoTests" name="[234] /home/travis/build/icyphy/ptII/ptolemy/actor/lib/test/auto/Multiplexor.xml (RunModel)" time="0.021" />
  <testcase classname="ptolemy.util.test.junit.AutoTests" name="[235] /home/travis/build/icyphy/ptII/ptolemy/actor/lib/test/auto/Multiplexor1.xml (RunModel)" time="0.014" />
  <testcase classname="ptolemy.util.test.junit.AutoTests" name="[236] /home/travis/build/icyphy/ptII/ptolemy/actor/lib/test/auto/Multiplexor2.xml (RunModel)" time="0.015" />
  <testcase classname="ptolemy.util.test.junit.AutoTests" name="[237] /home/travis/build/icyphy/ptII/ptolemy/actor/lib/test/auto/Multiplexor3.xml (RunModel)" time="0.01" />
  <testcase classname="ptolemy.util.test.junit.AutoTests" name="[238] /home/travis/build/icyphy/ptII/ptolemy/actor/lib/test/auto/MultiplexorDE.xml (RunModel)" time="0.021" />
  <testcase classname="ptolemy.util.test.junit.AutoTests" name="[239] /home/travis/build/icyphy/ptII/ptolemy/actor/lib/test/auto/MultiportBroadcastTest.xml (RunModel)" time="0.107" />
  <testcase classname="ptolemy.util.test.junit.AutoTests" name="[240] /home/travis/build/icyphy/ptII/ptolemy/actor/lib/test/auto/MultiportOutHangDuringGetWidth.xml (RunModel)" time="0.037" />
  <testcase classname="ptolemy.util.test.junit.AutoTests" name="[241] /home/travis/build/icyphy/ptII/ptolemy/actor/lib/test/auto/NilToken.xml (RunModel)" time="0.012" />
  <testcase classname="ptolemy.util.test.junit.AutoTests" name="[242] /home/travis/build/icyphy/ptII/ptolemy/actor/lib/test/auto/NilTokenNonStrictTest.xml (RunModel)" time="0.014" />
  <testcase classname="ptolemy.util.test.junit.AutoTests" name="[243] /home/travis/build/icyphy/ptII/ptolemy/actor/lib/test/auto/NilTokenRecord.xml (RunModel)" time="0.026" />
  <testcase classname="ptolemy.util.test.junit.AutoTests" name="[244] /home/travis/build/icyphy/ptII/ptolemy/actor/lib/test/auto/NilTokenTypeTest.xml (RunModel)" time="0.031" />
  <testcase classname="ptolemy.util.test.junit.AutoTests" name="[245] /home/travis/build/icyphy/ptII/ptolemy/actor/lib/test/auto/ObjectToken1.xml (RunModel)" time="0.008" />
  <testcase classname="ptolemy.util.test.junit.AutoTests" name="[246] /home/travis/build/icyphy/ptII/ptolemy/actor/lib/test/auto/OrderedMerge.xml (RunModel)" time="0.018" />
  <testcase classname="ptolemy.util.test.junit.AutoTests" name="[247] /home/travis/build/icyphy/ptII/ptolemy/actor/lib/test/auto/OrderedRecordDisassembler.xml (RunModel)" time="0.022" />
  <testcase classname="ptolemy.util.test.junit.AutoTests" name="[248] /home/travis/build/icyphy/ptII/ptolemy/actor/lib/test/auto/OrderedRecordDisassembler2.xml (RunModel)" time="0.019" />
  <testcase classname="ptolemy.util.test.junit.AutoTests" name="[249] /home/travis/build/icyphy/ptII/ptolemy/actor/lib/test/auto/OrderedRecordUpdater.xml (RunModel)" time="0.01" />
  <testcase classname="ptolemy.util.test.junit.AutoTests" name="[250] /home/travis/build/icyphy/ptII/ptolemy/actor/lib/test/auto/OrderedRecordUpdater2.xml (RunModel)" time="0.015" />
  <testcase classname="ptolemy.util.test.junit.AutoTests" name="[251] /home/travis/build/icyphy/ptII/ptolemy/actor/lib/test/auto/PhaseUnwrap.xml (RunModel)" time="0.014" />
  <testcase classname="ptolemy.util.test.junit.AutoTests" name="[252] /home/travis/build/icyphy/ptII/ptolemy/actor/lib/test/auto/PoissonClock.xml (RunModel)" time="0.01" />
  <testcase classname="ptolemy.util.test.junit.AutoTests" name="[253] /home/travis/build/icyphy/ptII/ptolemy/actor/lib/test/auto/PoissonClock2.xml (RunModel)" time="0.007" />
  <testcase classname="ptolemy.util.test.junit.AutoTests" name="[254] /home/travis/build/icyphy/ptII/ptolemy/actor/lib/test/auto/PoissonClock3.xml (RunModel)" time="0.022" />
  <testcase classname="ptolemy.util.test.junit.AutoTests" name="[255] /home/travis/build/icyphy/ptII/ptolemy/actor/lib/test/auto/PubSubWithInitialTokens.xml (RunModel)" time="0.015" />
  <testcase classname="ptolemy.util.test.junit.AutoTests" name="[256] /home/travis/build/icyphy/ptII/ptolemy/actor/lib/test/auto/PubSubWithInitialTokens2.xml (RunModel)" time="0.01" />
  <testcase classname="ptolemy.util.test.junit.AutoTests" name="[257] /home/travis/build/icyphy/ptII/ptolemy/actor/lib/test/auto/PublisherClassNoParameter.xml (RunModel)" time="0.023" />
  <testcase classname="ptolemy.util.test.junit.AutoTests" name="[258] /home/travis/build/icyphy/ptII/ptolemy/actor/lib/test/auto/PublisherClassParameter.xml (RunModel)" time="0.02" />
  <testcase classname="ptolemy.util.test.junit.AutoTests" name="[259] /home/travis/build/icyphy/ptII/ptolemy/actor/lib/test/auto/PublisherNonStrictTest.xml (RunModel)" time="0.015" />
  <testcase classname="ptolemy.util.test.junit.AutoTests" name="[260] /home/travis/build/icyphy/ptII/ptolemy/actor/lib/test/auto/PublisherPort1.xml (RunModel)" time="0.009" />
  <testcase classname="ptolemy.util.test.junit.AutoTests" name="[261] /home/travis/build/icyphy/ptII/ptolemy/actor/lib/test/auto/PublisherPort2.xml (RunModel)" time="0.007" />
  <testcase classname="ptolemy.util.test.junit.AutoTests" name="[262] /home/travis/build/icyphy/ptII/ptolemy/actor/lib/test/auto/PublisherPort3.xml (RunModel)" time="0.021" />
  <testcase classname="ptolemy.util.test.junit.AutoTests" name="[263] /home/travis/build/icyphy/ptII/ptolemy/actor/lib/test/auto/PublisherPort4.xml (RunModel)" time="0.012" />
  <testcase classname="ptolemy.util.test.junit.AutoTests" name="[264] /home/travis/build/icyphy/ptII/ptolemy/actor/lib/test/auto/PublisherPort5.xml (RunModel)" time="0.013" />
  <testcase classname="ptolemy.util.test.junit.AutoTests" name="[265] /home/travis/build/icyphy/ptII/ptolemy/actor/lib/test/auto/PublisherPort5LookAlike.xml (RunModel)" time="0.016" />
  <testcase classname="ptolemy.util.test.junit.AutoTests" name="[266] /home/travis/build/icyphy/ptII/ptolemy/actor/lib/test/auto/PublisherPort6.xml (RunModel)" time="0.011" />
  <testcase classname="ptolemy.util.test.junit.AutoTests" name="[267] /home/travis/build/icyphy/ptII/ptolemy/actor/lib/test/auto/PublisherPort7.xml (RunModel)" time="0.013" />
  <testcase classname="ptolemy.util.test.junit.AutoTests" name="[268] /home/travis/build/icyphy/ptII/ptolemy/actor/lib/test/auto/PublisherPort8.xml (RunModel)" time="0.014" />
  <testcase classname="ptolemy.util.test.junit.AutoTests" name="[269] /home/travis/build/icyphy/ptII/ptolemy/actor/lib/test/auto/PublisherPortSubscriberChannelVariablesAOC2.xml (RunModel)" time="0.029" />
  <testcase classname="ptolemy.util.test.junit.AutoTests" name="[270] /home/travis/build/icyphy/ptII/ptolemy/actor/lib/test/auto/PublisherPortSubscriberOpaqueWidthInference.xml (RunModel)" time="0.018" />
  <testcase classname="ptolemy.util.test.junit.AutoTests" name="[271] /home/travis/build/icyphy/ptII/ptolemy/actor/lib/test/auto/PublisherPortSubscriberPortAdjacent.xml (RunModel)" time="0.018" />
  <testcase classname="ptolemy.util.test.junit.AutoTests" name="[272] /home/travis/build/icyphy/ptII/ptolemy/actor/lib/test/auto/PublisherPortSubscriberPortExpression.xml (RunModel)" time="0.026" />
  <testcase classname="ptolemy.util.test.junit.AutoTests" name="[273] /home/travis/build/icyphy/ptII/ptolemy/actor/lib/test/auto/PublisherPortSubscriberPortOpaqueD3Reverse.xml (RunModel)" time="0.032" />
  <testcase classname="ptolemy.util.test.junit.AutoTests" name="[274] /home/travis/build/icyphy/ptII/ptolemy/actor/lib/test/auto/PublisherPortSubscriberPortOpaqueWidthInference.xml (RunModel)" time="0.015" />
  <testcase classname="ptolemy.util.test.junit.AutoTests" name="[275] /home/travis/build/icyphy/ptII/ptolemy/actor/lib/test/auto/PublisherPortToplevelSubscriberPortAOC.xml (RunModel)" time="0.01" />
  <testcase classname="ptolemy.util.test.junit.AutoTests" name="[276] /home/travis/build/icyphy/ptII/ptolemy/actor/lib/test/auto/PublisherSubscriber.xml (RunModel)" time="0.012" />
  <testcase classname="ptolemy.util.test.junit.AutoTests" name="[277] /home/travis/build/icyphy/ptII/ptolemy/actor/lib/test/auto/PublisherSubscriber10.xml (RunModel)" time="0.022" />
  <testcase classname="ptolemy.util.test.junit.AutoTests" name="[278] /home/travis/build/icyphy/ptII/ptolemy/actor/lib/test/auto/PublisherSubscriber10InitialOutputs.xml (RunModel)" time="0.037" />
  <testcase classname="ptolemy.util.test.junit.AutoTests" name="[279] /home/travis/build/icyphy/ptII/ptolemy/actor/lib/test/auto/PublisherSubscriber11.xml (RunModel)" time="0.013" />
  <testcase classname="ptolemy.util.test.junit.AutoTests" name="[280] /home/travis/build/icyphy/ptII/ptolemy/actor/lib/test/auto/PublisherSubscriber12.xml (RunModel)" time="0.022" />
  <testcase classname="ptolemy.util.test.junit.AutoTests" name="[281] /home/travis/build/icyphy/ptII/ptolemy/actor/lib/test/auto/PublisherSubscriber13.xml (RunModel)" time="0.011" />
  <testcase classname="ptolemy.util.test.junit.AutoTests" name="[282] /home/travis/build/icyphy/ptII/ptolemy/actor/lib/test/auto/PublisherSubscriber14.xml (RunModel)" time="0.025" />
  <testcase classname="ptolemy.util.test.junit.AutoTests" name="[283] /home/travis/build/icyphy/ptII/ptolemy/actor/lib/test/auto/PublisherSubscriber2.xml (RunModel)" time="0.042" />
  <testcase classname="ptolemy.util.test.junit.AutoTests" name="[284] /home/travis/build/icyphy/ptII/ptolemy/actor/lib/test/auto/PublisherSubscriber3.xml (RunModel)" time="0.01" />
  <testcase classname="ptolemy.util.test.junit.AutoTests" name="[285] /home/travis/build/icyphy/ptII/ptolemy/actor/lib/test/auto/PublisherSubscriber4.xml (RunModel)" time="0.008" />
  <testcase classname="ptolemy.util.test.junit.AutoTests" name="[286] /home/travis/build/icyphy/ptII/ptolemy/actor/lib/test/auto/PublisherSubscriber5.xml (RunModel)" time="0.011" />
  <testcase classname="ptolemy.util.test.junit.AutoTests" name="[287] /home/travis/build/icyphy/ptII/ptolemy/actor/lib/test/auto/PublisherSubscriber6.xml (RunModel)" time="0.014" />
  <testcase classname="ptolemy.util.test.junit.AutoTests" name="[288] /home/travis/build/icyphy/ptII/ptolemy/actor/lib/test/auto/PublisherSubscriber7.xml (RunModel)" time="0.019" />
  <testcase classname="ptolemy.util.test.junit.AutoTests" name="[289] /home/travis/build/icyphy/ptII/ptolemy/actor/lib/test/auto/PublisherSubscriber8.xml (RunModel)" time="0.033" />
  <testcase classname="ptolemy.util.test.junit.AutoTests" name="[290] /home/travis/build/icyphy/ptII/ptolemy/actor/lib/test/auto/PublisherSubscriber9.xml (RunModel)" time="0.015" />
  <testcase classname="ptolemy.util.test.junit.AutoTests" name="[291] /home/travis/build/icyphy/ptII/ptolemy/actor/lib/test/auto/PublisherSubscriberAdjacent.xml (RunModel)" time="0.018" />
  <testcase classname="ptolemy.util.test.junit.AutoTests" name="[292] /home/travis/build/icyphy/ptII/ptolemy/actor/lib/test/auto/PublisherSubscriberChannelVariablesAOC2.xml (RunModel)" time="0.027" />
  <testcase classname="ptolemy.util.test.junit.AutoTests" name="[293] /home/travis/build/icyphy/ptII/ptolemy/actor/lib/test/auto/PublisherSubscriberD3.xml (RunModel)" time="0.012" />
  <testcase classname="ptolemy.util.test.junit.AutoTests" name="[294] /home/travis/build/icyphy/ptII/ptolemy/actor/lib/test/auto/PublisherSubscriberD3Reverse.xml (RunModel)" time="0.011" />
  <testcase classname="ptolemy.util.test.junit.AutoTests" name="[295] /home/travis/build/icyphy/ptII/ptolemy/actor/lib/test/auto/PublisherSubscriberExpression.xml (RunModel)" time="0.016" />
  <testcase classname="ptolemy.util.test.junit.AutoTests" name="[296] /home/travis/build/icyphy/ptII/ptolemy/actor/lib/test/auto/PublisherSubscriberOpaque.xml (RunModel)" time="0.014" />
  <testcase classname="ptolemy.util.test.junit.AutoTests" name="[297] /home/travis/build/icyphy/ptII/ptolemy/actor/lib/test/auto/PublisherSubscriberOpaqueD3.xml (RunModel)" time="0.02" />
  <testcase classname="ptolemy.util.test.junit.AutoTests" name="[298] /home/travis/build/icyphy/ptII/ptolemy/actor/lib/test/auto/PublisherSubscriberOpaqueD3Reverse.xml (RunModel)" time="0.021" />
  <testcase classname="ptolemy.util.test.junit.AutoTests" name="[299] /home/travis/build/icyphy/ptII/ptolemy/actor/lib/test/auto/PublisherSubscriberOpaqueWidthInference.xml (RunModel)" time="0.017" />
  <testcase classname="ptolemy.util.test.junit.AutoTests" name="[300] /home/travis/build/icyphy/ptII/ptolemy/actor/lib/test/auto/PublisherTestSubscriber.xml (RunModel)" time="0.021" />
  <testcase classname="ptolemy.util.test.junit.AutoTests" name="[301] /home/travis/build/icyphy/ptII/ptolemy/actor/lib/test/auto/PublisherToplevelSubscriberPortAOC.xml (RunModel)" time="0.01" />
  <testcase classname="ptolemy.util.test.junit.AutoTests" name="[302] /home/travis/build/icyphy/ptII/ptolemy/actor/lib/test/auto/PulseFiringLimitDE.xml (RunModel)" time="0.014" />
  <testcase classname="ptolemy.util.test.junit.AutoTests" name="[303] /home/travis/build/icyphy/ptII/ptolemy/actor/lib/test/auto/Ramp1.xml (RunModel)" time="0.006" />
  <testcase classname="ptolemy.util.test.junit.AutoTests" name="[304] /home/travis/build/icyphy/ptII/ptolemy/actor/lib/test/auto/RampFiringLimitDE.xml (RunModel)" time="0.01" />
  <testcase classname="ptolemy.util.test.junit.AutoTests" name="[305] /home/travis/build/icyphy/ptII/ptolemy/actor/lib/test/auto/RampFiringLimitSDF.xml (RunModel)" time="0.01" />
  <testcase classname="ptolemy.util.test.junit.AutoTests" name="[306] /home/travis/build/icyphy/ptII/ptolemy/actor/lib/test/auto/RandomInteger.xml (RunModel)" time="0.009" />
  <testcase classname="ptolemy.util.test.junit.AutoTests" name="[307] /home/travis/build/icyphy/ptII/ptolemy/actor/lib/test/auto/ReadFile1.xml (RunModel)" time="0.008" />
  <testcase classname="ptolemy.util.test.junit.AutoTests" name="[308] /home/travis/build/icyphy/ptII/ptolemy/actor/lib/test/auto/ReadFile2.xml (RunModel)" time="0.008" />
  <testcase classname="ptolemy.util.test.junit.AutoTests" name="[309] /home/travis/build/icyphy/ptII/ptolemy/actor/lib/test/auto/Reader.xml (RunModel)" time="0.015" />
  <testcase classname="ptolemy.util.test.junit.AutoTests" name="[310] /home/travis/build/icyphy/ptII/ptolemy/actor/lib/test/auto/RecordAssemblerDisplayNameTest.xml (RunModel)" time="3.812" />
  <testcase classname="ptolemy.util.test.junit.AutoTests" name="[311] /home/travis/build/icyphy/ptII/ptolemy/actor/lib/test/auto/RecordAssemblerTypeError.xml (RunModel)" time="0.028" />
  <testcase classname="ptolemy.util.test.junit.AutoTests" name="[312] /home/travis/build/icyphy/ptII/ptolemy/actor/lib/test/auto/RecordDisassember.xml (RunModel)" time="0.009" />
  <testcase classname="ptolemy.util.test.junit.AutoTests" name="[313] /home/travis/build/icyphy/ptII/ptolemy/actor/lib/test/auto/RecordDisassemberDisplayNameTest.xml (RunModel)" time="0.017" />
  <testcase classname="ptolemy.util.test.junit.AutoTests" name="[314] /home/travis/build/icyphy/ptII/ptolemy/actor/lib/test/auto/RecordDisassembler.xml (RunModel)" time="0.012" />
  <testcase classname="ptolemy.util.test.junit.AutoTests" name="[315] /home/travis/build/icyphy/ptII/ptolemy/actor/lib/test/auto/RecordDisassembler2.xml (RunModel)" time="0.01" />
  <testcase classname="ptolemy.util.test.junit.AutoTests" name="[316] /home/travis/build/icyphy/ptII/ptolemy/actor/lib/test/auto/RecordUpdater.xml (RunModel)" time="0.009" />
  <testcase classname="ptolemy.util.test.junit.AutoTests" name="[317] /home/travis/build/icyphy/ptII/ptolemy/actor/lib/test/auto/RecordUpdater2.xml (RunModel)" time="0.008" />
  <testcase classname="ptolemy.util.test.junit.AutoTests" name="[318] /home/travis/build/icyphy/ptII/ptolemy/actor/lib/test/auto/RecursiveLattice.xml (RunModel)" time="0.009" />
  <testcase classname="ptolemy.util.test.junit.AutoTests" name="[319] /home/travis/build/icyphy/ptII/ptolemy/actor/lib/test/auto/Router.xml (RunModel)" time="3.03" />
  <testcase classname="ptolemy.util.test.junit.AutoTests" name="[320] /home/travis/build/icyphy/ptII/ptolemy/actor/lib/test/auto/Router2.xml (RunModel)" time="3.025" />
  <testcase classname="ptolemy.util.test.junit.AutoTests" name="[321] /home/travis/build/icyphy/ptII/ptolemy/actor/lib/test/auto/RunningMaximum.xml (RunModel)" time="0.023" />
  <testcase classname="ptolemy.util.test.junit.AutoTests" name="[322] /home/travis/build/icyphy/ptII/ptolemy/actor/lib/test/auto/RunningMinimum.xml (RunModel)" time="0.016" />
  <testcase classname="ptolemy.util.test.junit.AutoTests" name="[323] /home/travis/build/icyphy/ptII/ptolemy/actor/lib/test/auto/Scale.xml (RunModel)" time="0.007" />
  <testcase classname="ptolemy.util.test.junit.AutoTests" name="[324] /home/travis/build/icyphy/ptII/ptolemy/actor/lib/test/auto/Scale2.xml (RunModel)" time="0.008" />
  <testcase classname="ptolemy.util.test.junit.AutoTests" name="[325] /home/travis/build/icyphy/ptII/ptolemy/actor/lib/test/auto/Scale3.xml (RunModel)" time="0.02" />
  <testcase classname="ptolemy.util.test.junit.AutoTests" name="[326] /home/travis/build/icyphy/ptII/ptolemy/actor/lib/test/auto/ScaleArray.xml (RunModel)" time="0.01" />
  <testcase classname="ptolemy.util.test.junit.AutoTests" name="[327] /home/travis/build/icyphy/ptII/ptolemy/actor/lib/test/auto/ScaleArray2.xml (RunModel)" time="0.01" />
  <testcase classname="ptolemy.util.test.junit.AutoTests" name="[328] /home/travis/build/icyphy/ptII/ptolemy/actor/lib/test/auto/ScaleMatrix.xml (RunModel)" time="0.106" />
  <testcase classname="ptolemy.util.test.junit.AutoTests" name="[329] /home/travis/build/icyphy/ptII/ptolemy/actor/lib/test/auto/Select.xml (RunModel)" time="0.013" />
  <testcase classname="ptolemy.util.test.junit.AutoTests" name="[330] /home/travis/build/icyphy/ptII/ptolemy/actor/lib/test/auto/Select2.xml (RunModel)" time="0.007" />
  <testcase classname="ptolemy.util.test.junit.AutoTests" name="[331] /home/travis/build/icyphy/ptII/ptolemy/actor/lib/test/auto/SequenceToArray2.xml (RunModel)" time="0.127" />
  <testcase classname="ptolemy.util.test.junit.AutoTests" name="[332] /home/travis/build/icyphy/ptII/ptolemy/actor/lib/test/auto/SequentialClock.xml (RunModel)" time="0.011" />
  <testcase classname="ptolemy.util.test.junit.AutoTests" name="[333] /home/travis/build/icyphy/ptII/ptolemy/actor/lib/test/auto/SetVariable.xml (RunModel)" time="0.009" />
  <testcase classname="ptolemy.util.test.junit.AutoTests" name="[334] /home/travis/build/icyphy/ptII/ptolemy/actor/lib/test/auto/SetVariable2.xml (RunModel)" time="0.01" />
  <testcase classname="ptolemy.util.test.junit.AutoTests" name="[335] /home/travis/build/icyphy/ptII/ptolemy/actor/lib/test/auto/SetVariable3.xml (RunModel)" time="0.016" />
  <testcase classname="ptolemy.util.test.junit.AutoTests" name="[336] /home/travis/build/icyphy/ptII/ptolemy/actor/lib/test/auto/SetVariable4.xml (RunModel)" time="0.023" />
  <testcase classname="ptolemy.util.test.junit.AutoTests" name="[337] /home/travis/build/icyphy/ptII/ptolemy/actor/lib/test/auto/SetVariable5.xml (RunModel)" time="0.036" />
  <testcase classname="ptolemy.util.test.junit.AutoTests" name="[338] /home/travis/build/icyphy/ptII/ptolemy/actor/lib/test/auto/Sinewave.xml (RunModel)" time="0.04" />
  <testcase classname="ptolemy.util.test.junit.AutoTests" name="[339] /home/travis/build/icyphy/ptII/ptolemy/actor/lib/test/auto/Sinewave2.xml (RunModel)" time="0.019" />
  <testcase classname="ptolemy.util.test.junit.AutoTests" name="[340] /home/travis/build/icyphy/ptII/ptolemy/actor/lib/test/auto/Sinewave3.xml (RunModel)" time="0.017" />
  <testcase classname="ptolemy.util.test.junit.AutoTests" name="[341] /home/travis/build/icyphy/ptII/ptolemy/actor/lib/test/auto/SingleEvent.xml (RunModel)" time="0.009" />
  <testcase classname="ptolemy.util.test.junit.AutoTests" name="[342] /home/travis/build/icyphy/ptII/ptolemy/actor/lib/test/auto/Sleep.xml (RunModel)" time="6.012" />
  <testcase classname="ptolemy.util.test.junit.AutoTests" name="[343] /home/travis/build/icyphy/ptII/ptolemy/actor/lib/test/auto/SleepMultipleFire.xml (RunModel)" time="1.031" />
  <testcase classname="ptolemy.util.test.junit.AutoTests" name="[344] /home/travis/build/icyphy/ptII/ptolemy/actor/lib/test/auto/StopDE.xml (RunModel)" time="0.028" />
  <testcase classname="ptolemy.util.test.junit.AutoTests" name="[345] /home/travis/build/icyphy/ptII/ptolemy/actor/lib/test/auto/StopSDF.xml (RunModel)" time="0.026" />
  <testcase classname="ptolemy.util.test.junit.AutoTests" name="[346] /home/travis/build/icyphy/ptII/ptolemy/actor/lib/test/auto/StringConstant.xml (RunModel)" time="0.016" />
  <testcase classname="ptolemy.util.test.junit.AutoTests" name="[347] /home/travis/build/icyphy/ptII/ptolemy/actor/lib/test/auto/SubscriberPortInitialValues1.xml (RunModel)" time="0.027" />
  <testcase classname="ptolemy.util.test.junit.AutoTests" name="[348] /home/travis/build/icyphy/ptII/ptolemy/actor/lib/test/auto/SubscriberPortInitialValues13.xml (RunModel)" time="0.026" />
  <testcase classname="ptolemy.util.test.junit.AutoTests" name="[349] /home/travis/build/icyphy/ptII/ptolemy/actor/lib/test/auto/SubscriberPortInitialValues14.xml (RunModel)" time="0.014" />
  <testcase classname="ptolemy.util.test.junit.AutoTests" name="[350] /home/travis/build/icyphy/ptII/ptolemy/actor/lib/test/auto/SubscriberPortInitialValues2.xml (RunModel)" time="0.016" />
  <testcase classname="ptolemy.util.test.junit.AutoTests" name="[351] /home/travis/build/icyphy/ptII/ptolemy/actor/lib/test/auto/SubscriberPortInitialValues3.xml (RunModel)" time="0.02" />
  <testcase classname="ptolemy.util.test.junit.AutoTests" name="[352] /home/travis/build/icyphy/ptII/ptolemy/actor/lib/test/auto/SubscriptionAggregator.xml (RunModel)" time="0.011" />
  <testcase classname="ptolemy.util.test.junit.AutoTests" name="[353] /home/travis/build/icyphy/ptII/ptolemy/actor/lib/test/auto/SubscriptionAggregator2.xml (RunModel)" time="0.012" />
  <testcase classname="ptolemy.util.test.junit.AutoTests" name="[354] /home/travis/build/icyphy/ptII/ptolemy/actor/lib/test/auto/SubscriptionAggregator3.xml (RunModel)" time="0.016" />
  <testcase classname="ptolemy.util.test.junit.AutoTests" name="[355] /home/travis/build/icyphy/ptII/ptolemy/actor/lib/test/auto/SubscriptionAggregatorMultiply.xml (RunModel)" time="0.022" />
  <testcase classname="ptolemy.util.test.junit.AutoTests" name="[356] /home/travis/build/icyphy/ptII/ptolemy/actor/lib/test/auto/SubscriptionAggregatorPortMultiply1.xml (RunModel)" time="0.015" />
  <testcase classname="ptolemy.util.test.junit.AutoTests" name="[357] /home/travis/build/icyphy/ptII/ptolemy/actor/lib/test/auto/Switch.xml (RunModel)" time="0.018" />
  <testcase classname="ptolemy.util.test.junit.AutoTests" name="[358] /home/travis/build/icyphy/ptII/ptolemy/actor/lib/test/auto/Switch2.xml (RunModel)" time="0.013" />
  <testcase classname="ptolemy.util.test.junit.AutoTests" name="[359] /home/travis/build/icyphy/ptII/ptolemy/actor/lib/test/auto/SwitchDE.xml (RunModel)" time="0.014" />
  <testcase classname="ptolemy.util.test.junit.AutoTests" name="[360] /home/travis/build/icyphy/ptII/ptolemy/actor/lib/test/auto/SynchronizerDE.xml (RunModel)" time="0.021" />
  <testcase classname="ptolemy.util.test.junit.AutoTests" name="[361] /home/travis/build/icyphy/ptII/ptolemy/actor/lib/test/auto/Test.xml (RunModel)" time="0.025" />
  <testcase classname="ptolemy.util.test.junit.AutoTests" name="[362] /home/travis/build/icyphy/ptII/ptolemy/actor/lib/test/auto/TestExceptionAttribute1.xml (RunModel)" time="0.007" />
  <testcase classname="ptolemy.util.test.junit.AutoTests" name="[363] /home/travis/build/icyphy/ptII/ptolemy/actor/lib/test/auto/TestExceptionAttribute2.xml (RunModel)" time="0.009" />
  <testcase classname="ptolemy.util.test.junit.AutoTests" name="[364] /home/travis/build/icyphy/ptII/ptolemy/actor/lib/test/auto/TestExceptionAttribute3.xml (RunModel)" time="0.014" />
  <testcase classname="ptolemy.util.test.junit.AutoTests" name="[365] /home/travis/build/icyphy/ptII/ptolemy/actor/lib/test/auto/TestExceptionAttribute4.xml (RunModel)" time="0.008" />
  <testcase classname="ptolemy.util.test.junit.AutoTests" name="[366] /home/travis/build/icyphy/ptII/ptolemy/actor/lib/test/auto/TestExceptionHandler1.xml (RunModel)" time="0.006" />
  <testcase classname="ptolemy.util.test.junit.AutoTests" name="[367] /home/travis/build/icyphy/ptII/ptolemy/actor/lib/test/auto/TestExceptionHandler2.xml (RunModel)" time="0.009" />
  <testcase classname="ptolemy.util.test.junit.AutoTests" name="[368] /home/travis/build/icyphy/ptII/ptolemy/actor/lib/test/auto/TestExceptionHandler3.xml (RunModel)" time="0.006" />
  <testcase classname="ptolemy.util.test.junit.AutoTests" name="[369] /home/travis/build/icyphy/ptII/ptolemy/actor/lib/test/auto/TestExceptionHandler4.xml (RunModel)" time="0.006" />
  <testcase classname="ptolemy.util.test.junit.AutoTests" name="[370] /home/travis/build/icyphy/ptII/ptolemy/actor/lib/test/auto/TestRequireCorrectOrder.xml (RunModel)" time="0.019" />
  <testcase classname="ptolemy.util.test.junit.AutoTests" name="[371] /home/travis/build/icyphy/ptII/ptolemy/actor/lib/test/auto/TestSimple.xml (RunModel)" time="0.007" />
  <testcase classname="ptolemy.util.test.junit.AutoTests" name="[372] /home/travis/build/icyphy/ptII/ptolemy/actor/lib/test/auto/ThrowModelError.xml (RunModel)" time="0.01" />
  <testcase classname="ptolemy.util.test.junit.AutoTests" name="[373] /home/travis/build/icyphy/ptII/ptolemy/actor/lib/test/auto/TimeDelayMicrosteps.xml (RunModel)" time="0.012" />
  <testcase classname="ptolemy.util.test.junit.AutoTests" name="[374] /home/travis/build/icyphy/ptII/ptolemy/actor/lib/test/auto/TimeDelayMicrosteps2.xml (RunModel)" time="0.015" />
  <testcase classname="ptolemy.util.test.junit.AutoTests" name="[375] /home/travis/build/icyphy/ptII/ptolemy/actor/lib/test/auto/TimeDelayMicrosteps3.xml (RunModel)" time="0.012" />
  <testcase classname="ptolemy.util.test.junit.AutoTests" name="[376] /home/travis/build/icyphy/ptII/ptolemy/actor/lib/test/auto/TimeDelayVariableMicrosteps.xml (RunModel)" time="0.012" />
  <testcase classname="ptolemy.util.test.junit.AutoTests" name="[377] /home/travis/build/icyphy/ptII/ptolemy/actor/lib/test/auto/TimeGap.xml (RunModel)" time="0.038" />
  <testcase classname="ptolemy.util.test.junit.AutoTests" name="[378] /home/travis/build/icyphy/ptII/ptolemy/actor/lib/test/auto/TimeGap2.xml (RunModel)" time="0.012" />
  <testcase classname="ptolemy.util.test.junit.AutoTests" name="[379] /home/travis/build/icyphy/ptII/ptolemy/actor/lib/test/auto/TimedSinewave.xml (RunModel)" time="0.047" />
  <testcase classname="ptolemy.util.test.junit.AutoTests" name="[380] /home/travis/build/icyphy/ptII/ptolemy/actor/lib/test/auto/TimedSinewavePhase.xml (RunModel)" time="0.04" />
  <testcase classname="ptolemy.util.test.junit.AutoTests" name="[381] /home/travis/build/icyphy/ptII/ptolemy/actor/lib/test/auto/Timer.xml (RunModel)" time="0.017" />
  <testcase classname="ptolemy.util.test.junit.AutoTests" name="[382] /home/travis/build/icyphy/ptII/ptolemy/actor/lib/test/auto/TriangularDistTestModel.xml (RunModel)" time="0.018" />
  <testcase classname="ptolemy.util.test.junit.AutoTests" name="[383] /home/travis/build/icyphy/ptII/ptolemy/actor/lib/test/auto/TrigFunction.xml (RunModel)" time="0.008" />
  <testcase classname="ptolemy.util.test.junit.AutoTests" name="[384] /home/travis/build/icyphy/ptII/ptolemy/actor/lib/test/auto/TrigFunctionDE.xml (RunModel)" time="0.012" />
  <testcase classname="ptolemy.util.test.junit.AutoTests" name="[385] /home/travis/build/icyphy/ptII/ptolemy/actor/lib/test/auto/TrigFunctionInverse.xml (RunModel)" time="0.01" />
  <testcase classname="ptolemy.util.test.junit.AutoTests" name="[386] /home/travis/build/icyphy/ptII/ptolemy/actor/lib/test/auto/TrigFunctionTan.xml (RunModel)" time="0.007" />
  <testcase classname="ptolemy.util.test.junit.AutoTests" name="[387] /home/travis/build/icyphy/ptII/ptolemy/actor/lib/test/auto/TriggeredClock.xml (RunModel)" time="0.009" />
  <testcase classname="ptolemy.util.test.junit.AutoTests" name="[388] /home/travis/build/icyphy/ptII/ptolemy/actor/lib/test/auto/URLDirectoryReader.xml (RunModel)" time="0.113" />
  <testcase classname="ptolemy.util.test.junit.AutoTests" name="[389] /home/travis/build/icyphy/ptII/ptolemy/actor/lib/test/auto/URLDirectoryReader3.xml (RunModel)" time="1.683" />
  <testcase classname="ptolemy.util.test.junit.AutoTests" name="[390] /home/travis/build/icyphy/ptII/ptolemy/actor/lib/test/auto/UnaryMathFunction.xml (RunModel)" time="0.031" />
  <testcase classname="ptolemy.util.test.junit.AutoTests" name="[391] /home/travis/build/icyphy/ptII/ptolemy/actor/lib/test/auto/Uniform.xml (RunModel)" time="0.014" />
  <testcase classname="ptolemy.util.test.junit.AutoTests" name="[392] /home/travis/build/icyphy/ptII/ptolemy/actor/lib/test/auto/UnionDisassemblerTest.xml (RunModel)" time="0.007" />
  <testcase classname="ptolemy.util.test.junit.AutoTests" name="[393] /home/travis/build/icyphy/ptII/ptolemy/actor/lib/test/auto/UtilityFunctions.xml (RunModel)" time="0.007" />
  <testcase classname="ptolemy.util.test.junit.AutoTests" name="[394] /home/travis/build/icyphy/ptII/ptolemy/actor/lib/test/auto/VariableSleep.xml (RunModel)" time="0.512" />
  <testcase classname="ptolemy.util.test.junit.AutoTests" name="[395] /home/travis/build/icyphy/ptII/ptolemy/actor/lib/test/auto/VectorAssemblerDisassemblerCT.xml (RunModel)" time="0.127" />
  <testcase classname="ptolemy.util.test.junit.AutoTests" name="[396] /home/travis/build/icyphy/ptII/ptolemy/actor/lib/test/auto/VectorAssemblerDisassemblerDE.xml (RunModel)" time="0.014" />
  <testcase classname="ptolemy.util.test.junit.AutoTests" name="[397] /home/travis/build/icyphy/ptII/ptolemy/actor/lib/test/auto/VectorAssemblerDisassemblerSDF.xml (RunModel)" time="0.012" />
  <testcase classname="ptolemy.util.test.junit.AutoTests" name="[398] /home/travis/build/icyphy/ptII/ptolemy/actor/lib/test/auto/WallClockTime.xml (RunModel)" time="1.012" />
  <testcase classname="ptolemy.util.test.junit.AutoTests" name="[399] /home/travis/build/icyphy/ptII/ptolemy/actor/lib/test/auto/WidthTestWithSubscriberPublisher.xml (RunModel)" time="0.053" />
  <testcase classname="ptolemy.util.test.junit.AutoTests" name="[400] /home/travis/build/icyphy/ptII/ptolemy/actor/lib/test/auto/WidthTestWithSubscriberPublisher2.xml (RunModel)" time="0.014" />
  <testcase classname="ptolemy.util.test.junit.AutoTests" name="[401] /home/travis/build/icyphy/ptII/ptolemy/actor/lib/test/auto/WidthTestWithSubscriberPublisher3.xml (RunModel)" time="0.011" />
  <testcase classname="ptolemy.util.test.junit.AutoTests" name="[402] /home/travis/build/icyphy/ptII/ptolemy/actor/lib/test/auto/Writer.xml (RunModel)" time="0.008" />
  <testcase classname="ptolemy.util.test.junit.AutoTests" name="[403] /home/travis/build/icyphy/ptII/ptolemy/actor/lib/test/auto/array.xml (RunModel)" time="0.033" />
  <testcase classname="ptolemy.util.test.junit.AutoTests" name="[404] /home/travis/build/icyphy/ptII/ptolemy/actor/lib/test/auto/array2.xml (RunModel)" time="0.02" />
  <testcase classname="ptolemy.util.test.junit.AutoTests" name="[405] /home/travis/build/icyphy/ptII/ptolemy/actor/lib/test/auto/arrayType.xml (RunModel)" time="0.026" />
  <testcase classname="ptolemy.util.test.junit.AutoTests" name="[406] /home/travis/build/icyphy/ptII/ptolemy/actor/lib/test/auto/arrayType10.xml (RunModel)" time="0.008" />
  <testcase classname="ptolemy.util.test.junit.AutoTests" name="[407] /home/travis/build/icyphy/ptII/ptolemy/actor/lib/test/auto/arrayType11.xml (RunModel)" time="0.007" />
  <testcase classname="ptolemy.util.test.junit.AutoTests" name="[408] /home/travis/build/icyphy/ptII/ptolemy/actor/lib/test/auto/arrayType12.xml (RunModel)" time="0.009" />
  <testcase classname="ptolemy.util.test.junit.AutoTests" name="[409] /home/travis/build/icyphy/ptII/ptolemy/actor/lib/test/auto/arrayType13.xml (RunModel)" time="0.008" />
  <testcase classname="ptolemy.util.test.junit.AutoTests" name="[410] /home/travis/build/icyphy/ptII/ptolemy/actor/lib/test/auto/arrayType14.xml (RunModel)" time="0.009" />
  <testcase classname="ptolemy.util.test.junit.AutoTests" name="[411] /home/travis/build/icyphy/ptII/ptolemy/actor/lib/test/auto/arrayType15.xml (RunModel)" time="0.009" />
  <testcase classname="ptolemy.util.test.junit.AutoTests" name="[412] /home/travis/build/icyphy/ptII/ptolemy/actor/lib/test/auto/arrayType16.xml (RunModel)" time="0.009" />
  <testcase classname="ptolemy.util.test.junit.AutoTests" name="[413] /home/travis/build/icyphy/ptII/ptolemy/actor/lib/test/auto/arrayType17.xml (RunModel)" time="0.008" />
  <testcase classname="ptolemy.util.test.junit.AutoTests" name="[414] /home/travis/build/icyphy/ptII/ptolemy/actor/lib/test/auto/arrayType18.xml (RunModel)" time="0.007" />
  <testcase classname="ptolemy.util.test.junit.AutoTests" name="[415] /home/travis/build/icyphy/ptII/ptolemy/actor/lib/test/auto/arrayType19.xml (RunModel)" time="0.008" />
  <testcase classname="ptolemy.util.test.junit.AutoTests" name="[416] /home/travis/build/icyphy/ptII/ptolemy/actor/lib/test/auto/arrayType2.xml (RunModel)" time="0.008" />
  <testcase classname="ptolemy.util.test.junit.AutoTests" name="[417] /home/travis/build/icyphy/ptII/ptolemy/actor/lib/test/auto/arrayType20.xml (RunModel)" time="0.008" />
  <testcase classname="ptolemy.util.test.junit.AutoTests" name="[418] /home/travis/build/icyphy/ptII/ptolemy/actor/lib/test/auto/arrayType21.xml (RunModel)" time="0.008" />
  <testcase classname="ptolemy.util.test.junit.AutoTests" name="[419] /home/travis/build/icyphy/ptII/ptolemy/actor/lib/test/auto/arrayType22.xml (RunModel)" time="0.008" />
  <testcase classname="ptolemy.util.test.junit.AutoTests" name="[420] /home/travis/build/icyphy/ptII/ptolemy/actor/lib/test/auto/arrayType23.xml (RunModel)" time="0.008" />
  <testcase classname="ptolemy.util.test.junit.AutoTests" name="[421] /home/travis/build/icyphy/ptII/ptolemy/actor/lib/test/auto/arrayType24.xml (RunModel)" time="0.008" />
  <testcase classname="ptolemy.util.test.junit.AutoTests" name="[422] /home/travis/build/icyphy/ptII/ptolemy/actor/lib/test/auto/arrayType25.xml (RunModel)" time="0.009" />
  <testcase classname="ptolemy.util.test.junit.AutoTests" name="[423] /home/travis/build/icyphy/ptII/ptolemy/actor/lib/test/auto/arrayType26.xml (RunModel)" time="0.009" />
  <testcase classname="ptolemy.util.test.junit.AutoTests" name="[424] /home/travis/build/icyphy/ptII/ptolemy/actor/lib/test/auto/arrayType27.xml (RunModel)" time="0.009" />
  <testcase classname="ptolemy.util.test.junit.AutoTests" name="[425] /home/travis/build/icyphy/ptII/ptolemy/actor/lib/test/auto/arrayType28.xml (RunModel)" time="0.011" />
  <testcase classname="ptolemy.util.test.junit.AutoTests" name="[426] /home/travis/build/icyphy/ptII/ptolemy/actor/lib/test/auto/arrayType3.xml (RunModel)" time="0.009" />
  <testcase classname="ptolemy.util.test.junit.AutoTests" name="[427] /home/travis/build/icyphy/ptII/ptolemy/actor/lib/test/auto/arrayType4.xml (RunModel)" time="0.01" />
  <testcase classname="ptolemy.util.test.junit.AutoTests" name="[428] /home/travis/build/icyphy/ptII/ptolemy/actor/lib/test/auto/arrayType5.xml (RunModel)" time="0.009" />
  <testcase classname="ptolemy.util.test.junit.AutoTests" name="[429] /home/travis/build/icyphy/ptII/ptolemy/actor/lib/test/auto/arrayType6.xml (RunModel)" time="0.008" />
  <testcase classname="ptolemy.util.test.junit.AutoTests" name="[430] /home/travis/build/icyphy/ptII/ptolemy/actor/lib/test/auto/arrayType7.xml (RunModel)" time="0.013" />
  <testcase classname="ptolemy.util.test.junit.AutoTests" name="[431] /home/travis/build/icyphy/ptII/ptolemy/actor/lib/test/auto/arrayType8.xml (RunModel)" time="0.008" />
  <testcase classname="ptolemy.util.test.junit.AutoTests" name="[432] /home/travis/build/icyphy/ptII/ptolemy/actor/lib/test/auto/arrayType9.xml (RunModel)" time="0.008" />
  <testcase classname="ptolemy.util.test.junit.AutoTests" name="[433] /home/travis/build/icyphy/ptII/ptolemy/actor/lib/test/auto/cast.xml (RunModel)" time="0.016" />
  <testcase classname="ptolemy.util.test.junit.AutoTests" name="[434] /home/travis/build/icyphy/ptII/ptolemy/actor/lib/test/auto/compositeMultiPort.xml (RunModel)" time="0.023" />
  <testcase classname="ptolemy.util.test.junit.AutoTests" name="[435] /home/travis/build/icyphy/ptII/ptolemy/actor/lib/test/auto/expressionCastInference.xml (RunModel)" time="0.009" />
  <testcase classname="ptolemy.util.test.junit.AutoTests" name="[436] /home/travis/build/icyphy/ptII/ptolemy/actor/lib/test/auto/expressionCastInference2.xml (RunModel)" time="0.008" />
  <testcase classname="ptolemy.util.test.junit.AutoTests" name="[437] /home/travis/build/icyphy/ptII/ptolemy/actor/lib/test/auto/expressionInference.xml (RunModel)" time="0.007" />
  <testcase classname="ptolemy.util.test.junit.AutoTests" name="[438] /home/travis/build/icyphy/ptII/ptolemy/actor/lib/test/auto/expression_bug.xml (RunModel)" time="0.007" />
  <testcase classname="ptolemy.util.test.junit.AutoTests" name="[439] /home/travis/build/icyphy/ptII/ptolemy/actor/lib/test/auto/factorial.xml (RunModel)" time="0.068" />
  <testcase classname="ptolemy.util.test.junit.AutoTests" name="[440] /home/travis/build/icyphy/ptII/ptolemy/actor/lib/test/auto/filterTest1.xml (RunModel)" time="0.051" />
  <testcase classname="ptolemy.util.test.junit.AutoTests" name="[441] /home/travis/build/icyphy/ptII/ptolemy/actor/lib/test/auto/funcApplyInConst.xml (RunModel)" time="0.038" />
  <testcase classname="ptolemy.util.test.junit.AutoTests" name="[442] /home/travis/build/icyphy/ptII/ptolemy/actor/lib/test/auto/funcApplyInExpr.xml (RunModel)" time="0.026" />
  <testcase classname="ptolemy.util.test.junit.AutoTests" name="[443] /home/travis/build/icyphy/ptII/ptolemy/actor/lib/test/auto/function.xml (RunModel)" time="0.058" />
  <testcase classname="ptolemy.util.test.junit.AutoTests" name="[444] /home/travis/build/icyphy/ptII/ptolemy/actor/lib/test/auto/function2.xml (RunModel)" time="0.037" />
  <testcase classname="ptolemy.util.test.junit.AutoTests" name="[445] /home/travis/build/icyphy/ptII/ptolemy/actor/lib/test/auto/function3.xml (RunModel)" time="0.026" />
  <testcase classname="ptolemy.util.test.junit.AutoTests" name="[446] /home/travis/build/icyphy/ptII/ptolemy/actor/lib/test/auto/functionClosureTest1.xml (RunModel)" time="0.013" />
  <testcase classname="ptolemy.util.test.junit.AutoTests" name="[447] /home/travis/build/icyphy/ptII/ptolemy/actor/lib/test/auto/functionClosureTest2.xml (RunModel)" time="0.007" />
  <testcase classname="ptolemy.util.test.junit.AutoTests" name="[448] /home/travis/build/icyphy/ptII/ptolemy/actor/lib/test/auto/functionClosureTest3.xml (RunModel)" time="0.009" />
  <testcase classname="ptolemy.util.test.junit.AutoTests" name="[449] /home/travis/build/icyphy/ptII/ptolemy/actor/lib/test/auto/functionClosureTest4.xml (RunModel)" time="0.014" />
  <testcase classname="ptolemy.util.test.junit.AutoTests" name="[450] /home/travis/build/icyphy/ptII/ptolemy/actor/lib/test/auto/functionClosureTest5.xml (RunModel)" time="0.011" />
  <testcase classname="ptolemy.util.test.junit.AutoTests" name="[451] /home/travis/build/icyphy/ptII/ptolemy/actor/lib/test/auto/functionClosureTest6.xml (RunModel)" time="0.007" />
  <testcase classname="ptolemy.util.test.junit.AutoTests" name="[452] /home/travis/build/icyphy/ptII/ptolemy/actor/lib/test/auto/functionsOnArcs.xml (RunModel)" time="0.009" />
  <testcase classname="ptolemy.util.test.junit.AutoTests" name="[453] /home/travis/build/icyphy/ptII/ptolemy/actor/lib/test/auto/functionsOnArcsHOF.xml (RunModel)" time="0.014" />
  <testcase classname="ptolemy.util.test.junit.AutoTests" name="[454] /home/travis/build/icyphy/ptII/ptolemy/actor/lib/test/auto/logic.xml (RunModel)" time="0.017" />
  <testcase classname="ptolemy.util.test.junit.AutoTests" name="[455] /home/travis/build/icyphy/ptII/ptolemy/actor/lib/test/auto/matrixType.xml (RunModel)" time="0.008" />
  <testcase classname="ptolemy.util.test.junit.AutoTests" name="[456] /home/travis/build/icyphy/ptII/ptolemy/actor/lib/test/auto/matrixType10.xml (RunModel)" time="0.007" />
  <testcase classname="ptolemy.util.test.junit.AutoTests" name="[457] /home/travis/build/icyphy/ptII/ptolemy/actor/lib/test/auto/matrixType11.xml (RunModel)" time="0.008" />
  <testcase classname="ptolemy.util.test.junit.AutoTests" name="[458] /home/travis/build/icyphy/ptII/ptolemy/actor/lib/test/auto/matrixType12.xml (RunModel)" time="0.01" />
  <testcase classname="ptolemy.util.test.junit.AutoTests" name="[459] /home/travis/build/icyphy/ptII/ptolemy/actor/lib/test/auto/matrixType13.xml (RunModel)" time="0.008" />
  <testcase classname="ptolemy.util.test.junit.AutoTests" name="[460] /home/travis/build/icyphy/ptII/ptolemy/actor/lib/test/auto/matrixType14.xml (RunModel)" time="0.008" />
  <testcase classname="ptolemy.util.test.junit.AutoTests" name="[461] /home/travis/build/icyphy/ptII/ptolemy/actor/lib/test/auto/matrixType2.xml (RunModel)" time="0.009" />
  <testcase classname="ptolemy.util.test.junit.AutoTests" name="[462] /home/travis/build/icyphy/ptII/ptolemy/actor/lib/test/auto/matrixType3.xml (RunModel)" time="0.009" />
  <testcase classname="ptolemy.util.test.junit.AutoTests" name="[463] /home/travis/build/icyphy/ptII/ptolemy/actor/lib/test/auto/matrixType4.xml (RunModel)" time="0.008" />
  <testcase classname="ptolemy.util.test.junit.AutoTests" name="[464] /home/travis/build/icyphy/ptII/ptolemy/actor/lib/test/auto/matrixType5.xml (RunModel)" time="0.007" />
  <testcase classname="ptolemy.util.test.junit.AutoTests" name="[465] /home/travis/build/icyphy/ptII/ptolemy/actor/lib/test/auto/matrixType6.xml (RunModel)" time="0.008" />
  <testcase classname="ptolemy.util.test.junit.AutoTests" name="[466] /home/travis/build/icyphy/ptII/ptolemy/actor/lib/test/auto/matrixType7.xml (RunModel)" time="0.009" />
  <testcase classname="ptolemy.util.test.junit.AutoTests" name="[467] /home/travis/build/icyphy/ptII/ptolemy/actor/lib/test/auto/matrixType8.xml (RunModel)" time="0.008" />
  <testcase classname="ptolemy.util.test.junit.AutoTests" name="[468] /home/travis/build/icyphy/ptII/ptolemy/actor/lib/test/auto/matrixType9.xml (RunModel)" time="0.009" />
  <testcase classname="ptolemy.util.test.junit.AutoTests" name="[469] /home/travis/build/icyphy/ptII/ptolemy/actor/lib/test/auto/paraFunctest.xml (RunModel)" time="0.008" />
  <testcase classname="ptolemy.util.test.junit.AutoTests" name="[470] /home/travis/build/icyphy/ptII/ptolemy/actor/lib/test/auto/paraFunctest2.xml (RunModel)" time="0.012" />
  <testcase classname="ptolemy.util.test.junit.AutoTests" name="[471] /home/travis/build/icyphy/ptII/ptolemy/actor/lib/test/auto/parameterPassing.xml (RunModel)" time="0.008" />
  <testcase classname="ptolemy.util.test.junit.AutoTests" name="[472] /home/travis/build/icyphy/ptII/ptolemy/actor/lib/test/auto/record.xml (RunModel)" time="0.01" />
  <testcase classname="ptolemy.util.test.junit.AutoTests" name="[473] /home/travis/build/icyphy/ptII/ptolemy/actor/lib/test/auto/sizedarray1.xml (RunModel)" time="0.009" />
  <testcase classname="ptolemy.util.test.junit.AutoTests" name="[474] /home/travis/build/icyphy/ptII/ptolemy/actor/lib/test/auto/sizedarray2.xml (RunModel)" time="0.009" />
  <testcase classname="ptolemy.util.test.junit.AutoTests" name="[475] /home/travis/build/icyphy/ptII/ptolemy/actor/lib/test/auto/twoPublishers.xml (RunModel)" time="0.028" />
  <system-out><![CDATA[/home/travis/build/icyphy/ptII/ptolemy/actor/lib/test/AbsoluteValue.tcl
testDefs.tcl: setting time out to 9000 seconds at Sat Aug 22 15:33:12 UTC 2020
89 ms. Memory: 129024K Free: 92595K (72%)
5 ms. Memory: 129024K Free: 90531K (70%)
5 ms. Memory: 129024K Free: 90050K (70%)
5 ms. Memory: 129024K Free: 89028K (69%)
/home/travis/build/icyphy/ptII/ptolemy/actor/lib/test/AddSubtract.tcl
21 ms. Memory: 129024K Free: 86980K (67%)
14 ms. Memory: 129024K Free: 86435K (67%)
7 ms. Memory: 129024K Free: 85442K (66%)
8 ms. Memory: 129024K Free: 84932K (66%)
46 ms. Memory: 129024K Free: 81860K (63%)
5 ms. Memory: 129024K Free: 80836K (63%)
/home/travis/build/icyphy/ptII/ptolemy/actor/lib/test/Average.tcl
11 ms. Memory: 129024K Free: 79298K (61%)
6 ms. Memory: 129024K Free: 78274K (61%)
/home/travis/build/icyphy/ptII/ptolemy/actor/lib/test/Bernoulli.tcl
11 ms. Memory: 129024K Free: 76740K (59%)
2 ms. Memory: 129024K Free: 76211K (59%)
/home/travis/build/icyphy/ptII/ptolemy/actor/lib/test/Clock.tcl
preinitializing
resolving types
initializing
executing number 1
wrapping up
idle
32 ms. Memory: 129024K Free: 73668K (57%)
Completed execution with 5 iterations
preinitializing
resolving types
initializing
executing number 1
wrapping up
idle
10 ms. Memory: 129024K Free: 72644K (56%)
Completed execution with 5 iterations
preinitializing
resolving types
initializing
executing number 1
wrapping up
idle
9 ms. Memory: 129024K Free: 72115K (56%)
Completed execution with 5 iterations
/home/travis/build/icyphy/ptII/ptolemy/actor/lib/test/Commutator.tcl
17 ms. Memory: 129024K Free: 70051K (54%)
15 ms. Memory: 129024K Free: 69027K (53%)
18 ms. Memory: 129024K Free: 63428K (49%)
/home/travis/build/icyphy/ptII/ptolemy/actor/lib/test/Const.tcl
3 ms. Memory: 129024K Free: 61875K (48%)
2 ms. Memory: 129024K Free: 61380K (48%)
3 ms. Memory: 129024K Free: 60851K (47%)
2 ms. Memory: 129024K Free: 60356K (47%)
4 ms. Memory: 129024K Free: 59842K (46%)
21 ms. Memory: 129024K Free: 57794K (45%)
13 ms. Memory: 129024K Free: 56755K (44%)
3 ms. Memory: 129024K Free: 56260K (44%)
/home/travis/build/icyphy/ptII/ptolemy/actor/lib/test/CurrentTime.tcl
preinitializing
resolving types
initializing
executing number 1
wrapping up
idle
7 ms. Memory: 129024K Free: 54212K (42%)
Completed execution with 11 iterations
/home/travis/build/icyphy/ptII/ptolemy/actor/lib/test/DB.tcl
4 ms. Memory: 129024K Free: 52659K (41%)
2 ms. Memory: 129024K Free: 52164K (40%)
2 ms. Memory: 129024K Free: 51650K (40%)
/home/travis/build/icyphy/ptII/ptolemy/actor/lib/test/DiscreteRandomSource.tcl
preinitializing
resolving types
initializing
executing number 1
wrapping up
idle
4 ms. Memory: 129024K Free: 50116K (39%)
Completed execution with 4 iterations
preinitializing
resolving types
initializing
executing number 1
wrapping up
idle
3 ms. Memory: 129024K Free: 49595K (38%)
Completed execution with 4 iterations
preinitializing
resolving types
initializing
executing number 1
wrapping up
idle
3 ms. Memory: 129024K Free: 49092K (38%)
Completed execution with 4 iterations
preinitializing
resolving types
initializing
executing number 1
wrapping up
idle
3 ms. Memory: 129024K Free: 48563K (38%)
Completed execution with 4 iterations
preinitializing
resolving types
initializing
executing number 1
wrapping up
idle
6 ms. Memory: 129024K Free: 48068K (37%)
Completed execution with 4 iterations
/home/travis/build/icyphy/ptII/ptolemy/actor/lib/test/Distributor.tcl
3 ms. Memory: 129024K Free: 113025K (88%)
8 ms. Memory: 129024K Free: 112001K (87%)
StreamChangeRequest.changeExecuted(): <deleteEntity name="rec2"/> succeeded
StreamChangeRequest.changeExecuted(): <deleteRelation name="r2"/> succeeded
StreamChangeRequest.changeExecuted(): Record firings per iteration succeeded
4 ms. Memory: 129024K Free: 109953K (85%)
/home/travis/build/icyphy/ptII/ptolemy/actor/lib/test/Exit.tcl
Exit.tcl: this will print a message about Manager.exitAfterWrapup, which can be ignored.
13 ms. Memory: 129024K Free: 106979K (83%)
/home/travis/build/icyphy/ptII/ptolemy/actor/lib/test/Expression.tcl
12 ms. Memory: 129024K Free: 103349K (80%)
2 ms. Memory: 129024K Free: 102785K (80%)
2 ms. Memory: 129024K Free: 102301K (79%)
preinitializing
resolving types
initializing
executing number 1
wrapping up
idle
11 ms. Memory: 129024K Free: 100707K (78%)
Completed execution with 6 iterations
3 ms. Memory: 129024K Free: 99691K (77%)
9 ms. Memory: 129024K Free: 99247K (77%)
9 ms. Memory: 129024K Free: 97651K (76%)
7 ms. Memory: 129024K Free: 96641K (75%)
6 ms. Memory: 129024K Free: 95151K (74%)
/home/travis/build/icyphy/ptII/ptolemy/actor/lib/test/Gaussian.tcl
3 ms. Memory: 129024K Free: 93561K (73%)
sleeping 1 seconds: ................................................................................................................................................................................................................................................................................................................................................................................................................................................................................................................................................................................................................................................................................................................................................................................................................................................................................................................................................................................2 ms. Memory: 129024K Free: 110404K (86%)
2 ms. Memory: 129024K Free: 109909K (85%)
2 ms. Memory: 129024K Free: 109395K (85%)
2 ms. Memory: 129024K Free: 108885K (84%)
2 ms. Memory: 129024K Free: 107861K (84%)
/home/travis/build/icyphy/ptII/ptolemy/actor/lib/test/IIR.tcl
/home/travis/build/icyphy/ptII/ptolemy/actor/lib/test/Interpolator.tcl
4 ms. Memory: 129024K Free: 104260K (81%)
2 ms. Memory: 129024K Free: 103765K (80%)
4 ms. Memory: 129024K Free: 103236K (80%)
1 ms. Memory: 129024K Free: 102227K (79%)
2 ms. Memory: 129024K Free: 101717K (79%)
2 ms. Memory: 129024K Free: 100693K (78%)
2 ms. Memory: 129024K Free: 99669K (77%)
12 ms. Memory: 129024K Free: 99155K (77%)
1 ms. Memory: 129024K Free: 98116K (76%)
12 ms. Memory: 129024K Free: 97107K (75%)
/home/travis/build/icyphy/ptII/ptolemy/actor/lib/test/MathFunction.tcl
5 ms. Memory: 129024K Free: 95059K (74%)
2 ms. Memory: 129024K Free: 94035K (73%)
2 ms. Memory: 129024K Free: 93011K (72%)
2 ms. Memory: 129024K Free: 91972K (71%)
3 ms. Memory: 129024K Free: 90963K (71%)
5 ms. Memory: 129024K Free: 88915K (69%)
/home/travis/build/icyphy/ptII/ptolemy/actor/lib/test/Maximum.tcl
3 ms. Memory: 129024K Free: 86867K (67%)
1 ms. Memory: 129024K Free: 86357K (67%)
2 ms. Memory: 129024K Free: 85812K (67%)
2 ms. Memory: 129024K Free: 85331K (66%)
/home/travis/build/icyphy/ptII/ptolemy/actor/lib/test/Minimum.tcl
8 ms. Memory: 129024K Free: 83285K (65%)
1 ms. Memory: 129024K Free: 82764K (64%)
2 ms. Memory: 129024K Free: 82261K (64%)
2 ms. Memory: 129024K Free: 81237K (63%)
/home/travis/build/icyphy/ptII/ptolemy/actor/lib/test/MultiplyDivide.tcl
4 ms. Memory: 129024K Free: 79682K (62%)
2 ms. Memory: 129024K Free: 78675K (61%)
2 ms. Memory: 129024K Free: 78165K (61%)
11 ms. Memory: 129024K Free: 112621K (87%)
2 ms. Memory: 129024K Free: 112107K (87%)
/home/travis/build/icyphy/ptII/ptolemy/actor/lib/test/OrderedMerge.tcl
Connections changed on port: inputA
Connections changed on port: inputB
Connections changed on port: output
Connections changed on port: output
Connections changed on port: output
Connections changed on port: input
.top. Preinitializing ...
Invoking preinitialize():  .top.OrderedMerge
Called preinitialize()
Invoking preinitialize():  .top.Ramp
Called preinitialize()
Invoking preinitialize():  .top.Ramp2
Called preinitialize()
Invoking preinitialize():  .top.Test
Called preinitialize()
Connections changed on port: inputA
Connections changed on port: output
Connections changed on port: output
Connections changed on port: input
Connections changed on port: inputB
Connections changed on port: output
.top. Finished preinitialize().
Called initialize().
Invoking initialize():  .top.OrderedMerge
Initializing actor: .top.OrderedMerge
Adding a thread: .top.OrderedMerge
Invoking initialize():  .top.Ramp
Initializing actor: .top.Ramp
Adding a thread: .top.Ramp
Invoking initialize():  .top.Ramp2
Initializing actor: .top.Ramp2
Adding a thread: .top.Ramp2
Invoking initialize():  .top.Test
Initializing actor: .top.Test
Adding a thread: .top.Test
Called fire().
Checking for deadlock:
-- Starting thread.
Called initialize()
Called prefire()
Called fire()
-- Starting thread.
Called initialize()
-- Starting thread.
Called initialize()
Called prefire()
Called prefire()
-- Starting thread.
Called fire()
Called initialize()
Called fire()
Called prefire()
Called fire()
There are 0 Blocked actors, 0 Stopped actors, and 4 active threads.
Waiting for actors to stop.
Called postfire()
Called prefire()
Called fire()
Called postfire()
Called prefire()
Called fire()
Checking for deadlock:
There are 2 Blocked actors, 0 Stopped actors, and 4 active threads.
Waiting for actors to stop.
Called postfire()
Called prefire()
Called fire()
Checking for deadlock:
There are 3 Blocked actors, 0 Stopped actors, and 4 active threads.
Waiting for actors to stop.
Read input token from inputA with value 0.0
Next port to read input from is inputB
Called postfire()
Called prefire()
Called fire()
Checking for deadlock:
Read input token from inputB with value 0.0
There are 2 Blocked actors, 0 Stopped actors, and 4 active threads.
Waiting for actors to stop.
Checking for deadlock:
There are 1 Blocked actors, 0 Stopped actors, and 4 active threads.
Waiting for actors to stop.
Called postfire()
Called prefire()
Called fire()
Sent output token with value 0.0
-- Read input: 0.0, which is expected to match: 0.0
Next port to read input from is inputA
Called postfire()
Called prefire()
Called fire()
Called prefire()
Called fire()
Called postfire()
Read input token from inputA with value 1.0
Called prefire()
Called fire()
Checking for deadlock:
Sent output token with value 0.0
There are 2 Blocked actors, 0 Stopped actors, and 4 active threads.
Waiting for actors to stop.
Next port to read input from is inputB
-- Read input: 0.0, which is expected to match: 0.0
Called postfire()
Called prefire()
Called fire()
Called prefire()
Called fire()
Checking for deadlock:
Read input token from inputB with value 1.5
There are 2 Blocked actors, 0 Stopped actors, and 4 active threads.
Waiting for actors to stop.
Called postfire()
Called prefire()
Called fire()
Sent output token with value 1.0
Next port to read input from is inputA
Called postfire()
Called prefire()
Called fire()
Read input token from inputA with value 2.0
Checking for deadlock:
There are 2 Blocked actors, 0 Stopped actors, and 4 active threads.
Waiting for actors to stop.
Called postfire()
Called prefire()
Called fire()
-- Read input: 1.0, which is expected to match: 1.0
Called prefire()
Called fire()
Checking for deadlock:
There are 3 Blocked actors, 0 Stopped actors, and 4 active threads.
Waiting for actors to stop.
-- Read input: 1.5, which is expected to match: 1.5
Called prefire()
Called fire()
Sent output token with value 1.5
Next port to read input from is inputB
Called postfire()
Called prefire()
Called fire()
Read input token from inputB with value 3.0
Sent output token with value 2.0
Next port to read input from is inputA
Called postfire()
Called prefire()
Called fire()
Read input token from inputA with value 3.0
Checking for deadlock:
There are 1 Blocked actors, 0 Stopped actors, and 4 active threads.
Waiting for actors to stop.
Called postfire()
Called postfire()
Called prefire()
Called prefire()
Called fire()
Called fire()
-- Read input: 2.0, which is expected to match: 2.0
Called prefire()
Called fire()
Checking for deadlock:
There are 2 Blocked actors, 0 Stopped actors, and 4 active threads.
Waiting for actors to stop.
Sent output token with value 3.0
Next port to read input from is inputB
Called postfire()
Called prefire()
Called fire()
Read input token from inputB with value 4.5
Checking for deadlock:
There are 2 Blocked actors, 0 Stopped actors, and 4 active threads.
Waiting for actors to stop.
Called postfire()
Called prefire()
Called fire()
-- Read input: 3.0, which is expected to match: 3.0
Called prefire()
Called fire()
Checking for deadlock:
There are 3 Blocked actors, 0 Stopped actors, and 4 active threads.
Waiting for actors to stop.
-- Read input: 3.0, which is expected to match: 3.0
Called prefire()
Called fire()
Sent output token with value 3.0
Next port to read input from is inputA
Called postfire()
Called prefire()
Called fire()
Read input token from inputA with value 4.0
Checking for deadlock:
There are 1 Blocked actors, 0 Stopped actors, and 4 active threads.
Waiting for actors to stop.
Called postfire()
Called prefire()
Called fire()
-- Read input: 4.0, which is expected to match: 4.0
Called prefire()
Called fire()
Past the end of training data. Read and discard all inputs.
Sent output token with value 4.0
Next port to read input from is inputA
Called postfire()
Called prefire()
Called fire()
Read input token from inputA with value 5.0
Sent output token with value 4.5
Next port to read input from is inputB
Called postfire()
Called prefire()
Called fire()
Checking for deadlock:
There are 1 Blocked actors, 0 Stopped actors, and 4 active threads.
Waiting for actors to stop.
Called prefire()
Called postfire()
Called prefire()
Called fire()
Called fire()
Past the end of training data. Read and discard all inputs.
Called postfire()
Called prefire()
Called fire()
Checking for deadlock:
There are 3 Blocked actors, 0 Stopped actors, and 4 active threads.
Waiting for actors to stop.
Read input token from inputB with value 6.0
Called prefire()
Called fire()
Past the end of training data. Read and discard all inputs.
Checking for deadlock:
There are 3 Blocked actors, 0 Stopped actors, and 4 active threads.
Waiting for actors to stop.
Sent output token with value 5.0
Next port to read input from is inputA
Called postfire()
Called prefire()
Called fire()
Checking for deadlock:
Called postfire()
There are 2 Blocked actors, 0 Stopped actors, and 4 active threads.
Waiting for actors to stop.
Called prefire()
Called fire()
Checking for deadlock:
There are 3 Blocked actors, 0 Stopped actors, and 4 active threads.
Waiting for actors to stop.
Read input token from inputA with value 6.0
Checking for deadlock:
There are 2 Blocked actors, 0 Stopped actors, and 4 active threads.
Waiting for actors to stop.
Called prefire()
Called fire()
Past the end of training data. Read and discard all inputs.
Checking for deadlock:
There are 3 Blocked actors, 0 Stopped actors, and 4 active threads.
Waiting for actors to stop.
Sent output token with value 6.0
Next port to read input from is inputB
Called postfire()
Called prefire()
Called fire()
Read input token from inputB with value 7.5
Sent output token with value 6.0
Next port to read input from is inputA
Called postfire()
Called prefire()
Called fire()
Read input token from inputA with value 7.0
Checking for deadlock:
There are 1 Blocked actors, 0 Stopped actors, and 4 active threads.
Waiting for actors to stop.
Called postfire()
Called postfire()
Called prefire()
Called fire()
Called prefire()
Called fire()
Past the end of training data. Read and discard all inputs.
Called prefire()
Called fire()
Checking for deadlock:
There are 3 Blocked actors, 0 Stopped actors, and 4 active threads.
Waiting for actors to stop.
Called prefire()
Called fire()
Past the end of training data. Read and discard all inputs.
Checking for deadlock:
There are 3 Blocked actors, 0 Stopped actors, and 4 active threads.
Waiting for actors to stop.
Sent output token with value 7.0
Next port to read input from is inputA
Called postfire()
Called prefire()
Called fire()
Checking for deadlock:
There are 2 Blocked actors, 0 Stopped actors, and 4 active threads.
Waiting for actors to stop.
-- Thread wrapup() called.
Called wrapup()
Read input token from inputA with value 8.0
Thread .top.Ramp is exiting.
-- Thread stopped.
Checking for deadlock:
There are 2 Blocked actors, 0 Stopped actors, and 3 active threads.
Waiting for actors to stop.
Checking for deadlock:
Sent output token with value 7.5
Called prefire()
Called fire()
Past the end of training data. Read and discard all inputs.
There are 1 Blocked actors, 0 Stopped actors, and 3 active threads.
Waiting for actors to stop.
Checking for deadlock:
There are 2 Blocked actors, 0 Stopped actors, and 3 active threads.
Waiting for actors to stop.
Next port to read input from is inputB
Called postfire()
Called prefire()
Called fire()
Called postfire()
Called prefire()
Called fire()
Checking for deadlock:
There are 2 Blocked actors, 0 Stopped actors, and 3 active threads.
Waiting for actors to stop.
Read input token from inputB with value 9.0
Called prefire()
Called fire()
Past the end of training data. Read and discard all inputs.
Checking for deadlock:
There are 2 Blocked actors, 0 Stopped actors, and 3 active threads.
Waiting for actors to stop.
Sent output token with value 8.0
Next port to read input from is inputA
Called postfire()
Called prefire()
Called fire()
Read input token from inputA with value 9.0
Called prefire()
Called fire()
Past the end of training data. Read and discard all inputs.
Checking for deadlock:
There are 2 Blocked actors, 0 Stopped actors, and 3 active threads.
Waiting for actors to stop.
Sent output token with value 9.0
Next port to read input from is inputB
Called postfire()
Called prefire()
Called fire()
Checking for deadlock:
There are 1 Blocked actors, 0 Stopped actors, and 3 active threads.
Waiting for actors to stop.
Called postfire()
Called prefire()
Called fire()
Checking for deadlock:
There are 2 Blocked actors, 0 Stopped actors, and 3 active threads.
Waiting for actors to stop.
Read input token from inputB with value 10.5
Checking for deadlock:
There are 1 Blocked actors, 0 Stopped actors, and 3 active threads.
Waiting for actors to stop.
Called prefire()
Called fire()
Past the end of training data. Read and discard all inputs.
Checking for deadlock:
There are 2 Blocked actors, 0 Stopped actors, and 3 active threads.
Waiting for actors to stop.
Sent output token with value 9.0
Next port to read input from is inputA
Called postfire()
Called prefire()
Called fire()
Checking for deadlock:
There are 3 Blocked actors, 0 Stopped actors, and 3 active threads.
Actors have stopped.
Checking for deadlock:
There are 3 Blocked actors, 0 Stopped actors, and 3 active threads.
Deadlock detected.
Resolving Deadlock
Checking for deadlock:
There are 3 Blocked actors, 0 Stopped actors, and 3 active threads.
Artificial Deadlock - increasing queue capacity.
increasing the capacity of receiver ptolemy.actor.TypedIOPort {.top.OrderedMerge.inputB} to 2
-- Thread wrapup() called.
Called wrapup()
Thread .top.Ramp2 is exiting.
-- Thread stopped.
Director: Called postfire().
Called postfire().
_stopRequested = false
_stopFireRequested = false
Returning from postfire(): true
Called fire().
Checking for deadlock:
There are 2 Blocked actors, 0 Stopped actors, and 2 active threads.
Actors have stopped.
Checking for deadlock:
There are 2 Blocked actors, 0 Stopped actors, and 2 active threads.
Deadlock detected.
Resolving Deadlock
Checking for deadlock:
There are 2 Blocked actors, 0 Stopped actors, and 2 active threads.
Deadlock detected: no processes blocked on write, but some are blocked on read.
Called postfire().
_stopRequested = false
_stopFireRequested = false
Returning from postfire(): false
Finished deactivating branches.
Called wrapup().
-- Thread wrapup() called.
Called wrapup()
Thread .top.Test is exiting.
-- Thread stopped.
-- Blocked Receiver call threw TerminateProcessException.
-- Thread wrapup() called.
Called wrapup()
Thread .top.OrderedMerge is exiting.
-- Thread stopped.
-- Blocked Receiver call threw TerminateProcessException.
81 ms. Memory: 129024K Free: 108011K (84%)
.top. Preinitializing ...
Invoking preinitialize():  .top.OrderedMerge
Called preinitialize()
Invoking preinitialize():  .top.Ramp
Called preinitialize()
Invoking preinitialize():  .top.Ramp2
Called preinitialize()
Invoking preinitialize():  .top.Test
Called preinitialize()
.top. Finished preinitialize().
Called initialize().
Invoking initialize():  .top.OrderedMerge
Initializing actor: .top.OrderedMerge
Adding a thread: .top.OrderedMerge
Invoking initialize():  .top.Ramp
Initializing actor: .top.Ramp
Adding a thread: .top.Ramp
Invoking initialize():  .top.Ramp2
Initializing actor: .top.Ramp2
Adding a thread: .top.Ramp2
Invoking initialize():  .top.Test
Initializing actor: .top.Test
Adding a thread: .top.Test
-- Starting thread.
Called initialize()
Called prefire()
Called fire()
-- Starting thread.
Called initialize()
Called prefire()
Called fire()
Called postfire()
Called prefire()
Called fire()
Called fire().
Checking for deadlock:
There are 2 Blocked actors, 0 Stopped actors, and 4 active threads.
Waiting for actors to stop.
-- Starting thread.
Called initialize()
Called prefire()
Called fire()
Called postfire()
Called prefire()
Called fire()
Checking for deadlock:
There are 3 Blocked actors, 0 Stopped actors, and 4 active threads.
Waiting for actors to stop.
-- Starting thread.
Called initialize()
Called prefire()
Called fire()
Read input token from inputA with value 0.0
Next port to read input from is inputB
Called postfire()
Called prefire()
Called fire()
Read input token from inputB with value 0.0
Sent output token with value 0.0
Next port to read input from is inputA
Called postfire()
Called prefire()
Called fire()
Called postfire()
Called prefire()
Called fire()
-- Read input: 0.0, which is expected to match: 0.0
Checking for deadlock:
There are 1 Blocked actors, 0 Stopped actors, and 4 active threads.
Waiting for actors to stop.
Called prefire()
Called fire()
Called postfire()
Called prefire()
Called fire()
Checking for deadlock:
There are 3 Blocked actors, 0 Stopped actors, and 4 active threads.
Waiting for actors to stop.
Read input token from inputA with value 1.0
Sent output token with value 0.0
Next port to read input from is inputB
Called postfire()
Called prefire()
Called fire()
Read input token from inputB with value 1.5
Called postfire()
Called prefire()
Called fire()
Checking for deadlock:
There are 2 Blocked actors, 0 Stopped actors, and 4 active threads.
Waiting for actors to stop.
-- Read input: 0.0, which is expected to match: 0.0
Called prefire()
Called fire()
Called postfire()
Called prefire()
Called fire()
Checking for deadlock:
There are 3 Blocked actors, 0 Stopped actors, and 4 active threads.
Waiting for actors to stop.
Sent output token with value 1.0
Next port to read input from is inputA
Called postfire()
Called prefire()
Called fire()
Read input token from inputA with value 2.0
Called postfire()
Called prefire()
Called fire()
Checking for deadlock:
There are 3 Blocked actors, 0 Stopped actors, and 4 active threads.
Waiting for actors to stop.
-- Read input: 1.0, which is expected to match: 1.0
Called prefire()
Called fire()
Checking for deadlock:
There are 3 Blocked actors, 0 Stopped actors, and 4 active threads.
Waiting for actors to stop.
-- Read input: 1.5, which is expected to match: 1.5
Called prefire()
Called fire()
Checking for deadlock:
There are 3 Blocked actors, 0 Stopped actors, and 4 active threads.
Waiting for actors to stop.
Sent output token with value 1.5
Next port to read input from is inputB
Called postfire()
Called prefire()
Called fire()
Checking for deadlock:
There are 2 Blocked actors, 0 Stopped actors, and 4 active threads.
Waiting for actors to stop.
Called postfire()
Called prefire()
Called fire()
Checking for deadlock:
There are 3 Blocked actors, 0 Stopped actors, and 4 active threads.
Waiting for actors to stop.
Read input token from inputB with value 3.0
Sent output token with value 2.0
Next port to read input from is inputA
Called postfire()
Called prefire()
Called fire()
Checking for deadlock:
There are 1 Blocked actors, 0 Stopped actors, and 4 active threads.
Waiting for actors to stop.
Called postfire()
Called prefire()
Called fire()
Checking for deadlock:
There are 2 Blocked actors, 0 Stopped actors, and 4 active threads.
Waiting for actors to stop.
-- Read input: 2.0, which is expected to match: 2.0
Called prefire()
Called fire()
Checking for deadlock:
There are 3 Blocked actors, 0 Stopped actors, and 4 active threads.
Waiting for actors to stop.
Read input token from inputA with value 3.0
-- Read input: 3.0, which is expected to match: 3.0
Called prefire()
Called fire()
Checking for deadlock:
There are 3 Blocked actors, 0 Stopped actors, and 4 active threads.
Waiting for actors to stop.
Sent output token with value 3.0
Next port to read input from is inputB
Called postfire()
Called prefire()
Called fire()
Checking for deadlock:
There are 2 Blocked actors, 0 Stopped actors, and 4 active threads.
Waiting for actors to stop.
Called postfire()
Called prefire()
Called fire()
Checking for deadlock:
There are 3 Blocked actors, 0 Stopped actors, and 4 active threads.
Waiting for actors to stop.
Read input token from inputB with value 4.5
Sent output token with value 3.0
Next port to read input from is inputA
Called postfire()
Called prefire()
Called fire()
Read input token from inputA with value 4.0
Checking for deadlock:
There are 2 Blocked actors, 0 Stopped actors, and 4 active threads.
Waiting for actors to stop.
-- Read input: 3.0, which is expected to match: 3.0
Called prefire()
Called fire()
Called postfire()
Called prefire()
Called fire()
Checking for deadlock:
There are 3 Blocked actors, 0 Stopped actors, and 4 active threads.
Waiting for actors to stop.
Sent output token with value 4.0
Next port to read input from is inputA
Called postfire()
Called prefire()
Called fire()
Read input token from inputA with value 5.0
Called postfire()
Called prefire()
Called fire()
Checking for deadlock:
There are 3 Blocked actors, 0 Stopped actors, and 4 active threads.
Waiting for actors to stop.
-- Read input: 4.0, which is expected to match: 4.0
Called prefire()
Called fire()
Past the end of training data. Read and discard all inputs.
Checking for deadlock:
There are 3 Blocked actors, 0 Stopped actors, and 4 active threads.
Waiting for actors to stop.
Called prefire()
Called fire()
Past the end of training data. Read and discard all inputs.
Checking for deadlock:
There are 3 Blocked actors, 0 Stopped actors, and 4 active threads.
Waiting for actors to stop.
Sent output token with value 4.5
Next port to read input from is inputB
Called postfire()
Called prefire()
Called fire()
Checking for deadlock:
There are 2 Blocked actors, 0 Stopped actors, and 4 active threads.
Waiting for actors to stop.
Called postfire()
Called prefire()
Called fire()
Checking for deadlock:
There are 3 Blocked actors, 0 Stopped actors, and 4 active threads.
Waiting for actors to stop.
Read input token from inputB with value 6.0
Checking for deadlock:
There are 2 Blocked actors, 0 Stopped actors, and 4 active threads.
Waiting for actors to stop.
Called prefire()
Called fire()
Past the end of training data. Read and discard all inputs.
Checking for deadlock:
There are 3 Blocked actors, 0 Stopped actors, and 4 active threads.
Waiting for actors to stop.
Sent output token with value 5.0
Next port to read input from is inputA
Called postfire()
Called prefire()
Called fire()
Called postfire()
Called prefire()
Called fire()
Checking for deadlock:
There are 3 Blocked actors, 0 Stopped actors, and 4 active threads.
Waiting for actors to stop.
Read input token from inputA with value 6.0
Sent output token with value 6.0
Next port to read input from is inputB
Called postfire()
Called prefire()
Called fire()
Read input token from inputB with value 7.5
Called prefire()
Called fire()
Past the end of training data. Read and discard all inputs.
Checking for deadlock:
There are 2 Blocked actors, 0 Stopped actors, and 4 active threads.
Waiting for actors to stop.
Called postfire()
Called prefire()
Called fire()
Checking for deadlock:
There are 3 Blocked actors, 0 Stopped actors, and 4 active threads.
Waiting for actors to stop.
Called prefire()
Called fire()
Past the end of training data. Read and discard all inputs.
Checking for deadlock:
There are 3 Blocked actors, 0 Stopped actors, and 4 active threads.
Waiting for actors to stop.
Sent output token with value 6.0
Next port to read input from is inputA
Called postfire()
Called prefire()
Called fire()
Called postfire()
Called prefire()
Called fire()
Checking for deadlock:
There are 3 Blocked actors, 0 Stopped actors, and 4 active threads.
Waiting for actors to stop.
Read input token from inputA with value 7.0
Called prefire()
Called fire()
Past the end of training data. Read and discard all inputs.
Checking for deadlock:
There are 3 Blocked actors, 0 Stopped actors, and 4 active threads.
Waiting for actors to stop.
Sent output token with value 7.0
Next port to read input from is inputA
Called postfire()
Called prefire()
Called fire()
-- Thread wrapup() called.
Called wrapup()
Thread .top.Ramp is exiting.
-- Thread stopped.
Checking for deadlock:
There are 2 Blocked actors, 0 Stopped actors, and 3 active threads.
Waiting for actors to stop.
Read input token from inputA with value 8.0
Checking for deadlock:
There are 1 Blocked actors, 0 Stopped actors, and 3 active threads.
Waiting for actors to stop.
Called prefire()
Called fire()
Past the end of training data. Read and discard all inputs.
Checking for deadlock:
There are 2 Blocked actors, 0 Stopped actors, and 3 active threads.
Waiting for actors to stop.
Sent output token with value 7.5
Next port to read input from is inputB
Called postfire()
Called prefire()
Called fire()
Checking for deadlock:
There are 1 Blocked actors, 0 Stopped actors, and 3 active threads.
Waiting for actors to stop.
Called postfire()
Called prefire()
Called fire()
Checking for deadlock:
There are 2 Blocked actors, 0 Stopped actors, and 3 active threads.
Waiting for actors to stop.
Read input token from inputB with value 9.0
Checking for deadlock:
There are 1 Blocked actors, 0 Stopped actors, and 3 active threads.
Waiting for actors to stop.
Called prefire()
Called fire()
Past the end of training data. Read and discard all inputs.
Checking for deadlock:
There are 2 Blocked actors, 0 Stopped actors, and 3 active threads.
Waiting for actors to stop.
Sent output token with value 8.0
Next port to read input from is inputA
Called postfire()
Called prefire()
Called fire()
Read input token from inputA with value 9.0
Called prefire()
Called fire()
Past the end of training data. Read and discard all inputs.
Checking for deadlock:
There are 2 Blocked actors, 0 Stopped actors, and 3 active threads.
Waiting for actors to stop.
Sent output token with value 9.0
Next port to read input from is inputB
Called postfire()
Called prefire()
Called fire()
Checking for deadlock:
There are 1 Blocked actors, 0 Stopped actors, and 3 active threads.
Waiting for actors to stop.
Called postfire()
Called prefire()
Called fire()
Checking for deadlock:
There are 2 Blocked actors, 0 Stopped actors, and 3 active threads.
Waiting for actors to stop.
Read input token from inputB with value 10.5
Checking for deadlock:
There are 1 Blocked actors, 0 Stopped actors, and 3 active threads.
Waiting for actors to stop.
Called prefire()
Called fire()
Past the end of training data. Read and discard all inputs.
Checking for deadlock:
There are 2 Blocked actors, 0 Stopped actors, and 3 active threads.
Waiting for actors to stop.
Sent output token with value 9.0
Next port to read input from is inputA
Called postfire()
Called prefire()
Called fire()
Checking for deadlock:
There are 3 Blocked actors, 0 Stopped actors, and 3 active threads.
Actors have stopped.
Checking for deadlock:
There are 3 Blocked actors, 0 Stopped actors, and 3 active threads.
Deadlock detected.
Resolving Deadlock
Checking for deadlock:
There are 3 Blocked actors, 0 Stopped actors, and 3 active threads.
Artificial Deadlock - increasing queue capacity.
increasing the capacity of receiver ptolemy.actor.TypedIOPort {.top.OrderedMerge.inputB} to 2
Director: Called postfire().
Called postfire().
_stopRequested = false
_stopFireRequested = false
Returning from postfire(): true
Called fire().
Checking for deadlock:
There are 2 Blocked actors, 0 Stopped actors, and 3 active threads.
Waiting for actors to stop.
-- Thread wrapup() called.
Called wrapup()
Thread .top.Ramp2 is exiting.
-- Thread stopped.
Checking for deadlock:
There are 2 Blocked actors, 0 Stopped actors, and 2 active threads.
Actors have stopped.
Checking for deadlock:
There are 2 Blocked actors, 0 Stopped actors, and 2 active threads.
Deadlock detected.
Resolving Deadlock
Checking for deadlock:
There are 2 Blocked actors, 0 Stopped actors, and 2 active threads.
Deadlock detected: no processes blocked on write, but some are blocked on read.
Called postfire().
_stopRequested = false
_stopFireRequested = false
Returning from postfire(): false
Finished deactivating branches.
Called wrapup().
-- Thread wrapup() called.
Called wrapup()
-- Thread wrapup() called.
Called wrapup()
Thread .top.Test is exiting.
-- Thread stopped.
-- Blocked Receiver call threw TerminateProcessException.
Thread .top.OrderedMerge is exiting.
-- Thread stopped.
-- Blocked Receiver call threw TerminateProcessException.
43 ms. Memory: 129024K Free: 106477K (83%)
/home/travis/build/icyphy/ptII/ptolemy/actor/lib/test/Publisher.tcl
14 ms. Memory: 129024K Free: 100333K (78%)
5 ms. Memory: 129024K Free: 95213K (74%)
9 ms. Memory: 129024K Free: 91613K (71%)
8 ms. Memory: 129024K Free: 90589K (70%)
2 ms. Memory: 129024K Free: 89579K (69%)
3 ms. Memory: 129024K Free: 89069K (69%)
5 ms. Memory: 129024K Free: 88045K (68%)
4 ms. Memory: 129024K Free: 87021K (67%)
46 ms. Memory: 155648K Free: 138591K (89%)
4 ms. Memory: 155648K Free: 134999K (87%)
3 ms. Memory: 155648K Free: 133981K (86%)
4 ms. Memory: 155648K Free: 131919K (85%)
7 ms. Memory: 155648K Free: 124255K (80%)
10 ms. Memory: 155648K Free: 114511K (74%)
20 ms. Memory: 155648K Free: 103775K (67%)
/home/travis/build/icyphy/ptII/ptolemy/actor/lib/test/Pulse.tcl
3 ms. Memory: 155648K Free: 118227K (76%)
9 ms. Memory: 155648K Free: 117713K (76%)
1 ms. Memory: 155648K Free: 117203K (75%)
8 ms. Memory: 155648K Free: 116659K (75%)
1 ms. Memory: 155648K Free: 116179K (75%)
15 ms. Memory: 155648K Free: 115155K (74%)
5 ms. Memory: 155648K Free: 114131K (73%)
4 ms. Memory: 155648K Free: 113107K (73%)
4 ms. Memory: 155648K Free: 112563K (72%)
/home/travis/build/icyphy/ptII/ptolemy/actor/lib/test/Ramp.tcl
5 ms. Memory: 155648K Free: 110545K (71%)
5 ms. Memory: 155648K Free: 110035K (71%)
2 ms. Memory: 155648K Free: 109011K (70%)
2 ms. Memory: 155648K Free: 108497K (70%)
5 ms. Memory: 155648K Free: 107473K (69%)
8 ms. Memory: 155648K Free: 106963K (69%)
5 ms. Memory: 155648K Free: 105939K (68%)
5 actors
6000 microseconds per iteration to create
5 ms. Memory: 155648K Free: 102867K (66%)
2 ms. Memory: 155648K Free: 102353K (66%)
2 ms. Memory: 155648K Free: 101843K (65%)
1 ms. Memory: 155648K Free: 101329K (65%)
50 actors
27000 microseconds per iteration to create
24 ms. Memory: 155648K Free: 85969K (55%)
5 ms. Memory: 155648K Free: 84945K (55%)
4 ms. Memory: 155648K Free: 83411K (54%)
4 ms. Memory: 155648K Free: 82387K (53%)
500 actors
1548000 microseconds per iteration to create
228 ms. Memory: 187392K Free: 155700K (83%)
32 ms. Memory: 187392K Free: 150587K (80%)
32 ms. Memory: 187392K Free: 144957K (77%)
36 ms. Memory: 187392K Free: 139837K (75%)
/home/travis/build/icyphy/ptII/ptolemy/actor/lib/test/RampContinuous.tcl
7 ms. Memory: 187392K Free: 138284K (74%)
/home/travis/build/icyphy/ptII/ptolemy/actor/lib/test/RecordAssembler.tcl
4 ms. Memory: 187392K Free: 136765K (73%)
3 ms. Memory: 187392K Free: 135741K (72%)
/home/travis/build/icyphy/ptII/ptolemy/actor/lib/test/RecordDisassembler.tcl
6 ms. Memory: 187392K Free: 134188K (72%)
3 ms. Memory: 187392K Free: 133693K (71%)
3 ms. Memory: 187392K Free: 132155K (71%)
/home/travis/build/icyphy/ptII/ptolemy/actor/lib/test/Scale.tcl
3 ms. Memory: 187392K Free: 130621K (70%)
1 ms. Memory: 187392K Free: 129597K (69%)
2 ms. Memory: 187392K Free: 128573K (69%)
2 ms. Memory: 187392K Free: 128059K (68%)
3 ms. Memory: 187392K Free: 127035K (68%)
/home/travis/build/icyphy/ptII/ptolemy/actor/lib/test/SequentialClock.tcl
preinitializing
resolving types
initializing
executing number 1
wrapping up
idle
3 ms. Memory: 187392K Free: 125996K (67%)
Completed execution with 5 iterations
preinitializing
resolving types
initializing
executing number 1
wrapping up
idle
1 ms. Memory: 187392K Free: 125501K (67%)
Completed execution with 5 iterations
preinitializing
resolving types
initializing
executing number 1
wrapping up
idle
1 ms. Memory: 187392K Free: 124987K (67%)
Completed execution with 5 iterations
/home/travis/build/icyphy/ptII/ptolemy/actor/lib/test/SetVariable.tcl
4 ms. Memory: 187392K Free: 122924K (66%)
/home/travis/build/icyphy/ptII/ptolemy/actor/lib/test/Sinewave.tcl
/home/travis/build/icyphy/ptII/ptolemy/actor/lib/test/SubscriptionAggregator.tcl
3 ms. Memory: 187392K Free: 111660K (60%)
2 ms. Memory: 187392K Free: 110651K (59%)
1 ms. Memory: 187392K Free: 110141K (59%)
1 ms. Memory: 187392K Free: 110141K (59%)
2 ms. Memory: 187392K Free: 106555K (57%)
8 ms. Memory: 187392K Free: 103997K (55%)
...............................................................950 ms. Memory: 260096K Free: 159492K (61%)
/home/travis/build/icyphy/ptII/ptolemy/actor/lib/test/Test.tcl
 The next command will produce a warning about training mode,
   which may be ignored.
4 ms. Memory: 260096K Free: 157430K (61%)
7 ms. Memory: 260096K Free: 156934K (60%)
9 ms. Memory: 260096K Free: 156406K (60%)
1 ms. Memory: 260096K Free: 155382K (60%)
1 ms. Memory: 260096K Free: 154886K (60%)
11 ms. Memory: 260096K Free: 153862K (59%)
3 ms. Memory: 260096K Free: 152294K (59%)
 The next command will produce a warning about training mode,
   which may be ignored.
3 ms. Memory: 260096K Free: 150262K (58%)
 The next command will produce a warning about training mode,
   which may be ignored.
2 ms. Memory: 260096K Free: 148742K (57%)
1 ms. Memory: 260096K Free: 148742K (57%)
1 ms. Memory: 260096K Free: 148228K (57%)
1 ms. Memory: 260096K Free: 147718K (57%)
5 ms. Memory: 260096K Free: 146694K (56%)
3 ms. Memory: 260096K Free: 142598K (55%)
/home/travis/build/icyphy/ptII/ptolemy/actor/lib/test/TestExceptionHandler.tcl
 The next command will produce a warning about training mode,
   which may be ignored.
2 ms. Memory: 260096K Free: 141574K (54%)
1 ms. Memory: 260096K Free: 141046K (54%)
1 ms. Memory: 260096K Free: 140550K (54%)
/home/travis/build/icyphy/ptII/ptolemy/actor/lib/test/UnionDisassembler.tcl
14 ms. Memory: 260096K Free: 132868K (51%)
/home/travis/build/icyphy/ptII/ptolemy/actor/lib/test/VariableClock.tcl
preinitializing
resolving types
initializing
executing number 1
wrapping up
idle
3 ms. Memory: 260096K Free: 131334K (50%)
Completed execution with 11 iterations
preinitializing
resolving types
initializing
executing number 1
wrapping up
idle
3 ms. Memory: 260096K Free: 129782K (50%)
Completed execution with 10 iterations
08/22/20 03:33:19
Failed: 0  Total Tests: 233  ((Passed: 233, Newly Passed: 0)  Known Failed: 0) /home/travis/build/icyphy/ptII/ptolemy/actor/lib/test
----------------- testing (KnownFailure) /home/travis/build/icyphy/ptII/ptolemy/actor/lib/test/auto/knownFailedTests/PublisherPortToplevelSubscriber.xml
0 ms. Memory: 260096K Free: 126214K (49%)
Known Failure: java.lang.reflect.InvocationTargetException
----------------- testing (KnownFailure) /home/travis/build/icyphy/ptII/ptolemy/actor/lib/test/auto/knownFailedTests/PublisherSubscriberPortToplevel.xml
1 ms. Memory: 260096K Free: 122628K (47%)
Known Failure: java.lang.reflect.InvocationTargetException
----------------- testing (KnownFailure) /home/travis/build/icyphy/ptII/ptolemy/actor/lib/test/auto/knownFailedTests/PublisherSubscriptionAggregatorPort.xml
0 ms. Memory: 260096K Free: 118532K (46%)
Known Failure: java.lang.reflect.InvocationTargetException
----------------- testing (KnownFailure) /home/travis/build/icyphy/ptII/ptolemy/actor/lib/test/auto/knownFailedTests/sizedarray3.xml
4 ms. Memory: 260096K Free: 113926K (44%)
Known Failure: java.lang.reflect.InvocationTargetException
No auto/linux-amd64/*.xml tests in /home/travis/build/icyphy/ptII/ptolemy/actor/lib/test
AutoTests.java: About to close Vertx.
AutoTests.java: Vertx closed.

===========================================================================================
----------------- testing Sat Aug 22 15:33:20 UTC 2020 /home/travis/build/icyphy/ptII/ptolemy/actor/lib/test/auto/AbsoluteValue.xml
----------------- Instantiating /home/travis/build/icyphy/ptII/ptolemy/actor/lib/test/auto/AbsoluteValue.xml
10 ms. Memory: 260096K Free: 91398K (35%)
----------------- Invoking toplevel() on ptolemy.moml.MoMLSimpleApplication@53e72976
----------------- Done invoking toplevel() on ptolemy.moml.MoMLSimpleApplication@53e72976
reloadAllAccessors: .AbsoluteValue

===========================================================================================
----------------- testing Sat Aug 22 15:33:20 UTC 2020 /home/travis/build/icyphy/ptII/ptolemy/actor/lib/test/auto/AbsoluteValue2.xml
----------------- Instantiating /home/travis/build/icyphy/ptII/ptolemy/actor/lib/test/auto/AbsoluteValue2.xml
5 ms. Memory: 260096K Free: 84230K (32%)
----------------- Invoking toplevel() on ptolemy.moml.MoMLSimpleApplication@64261b79
----------------- Done invoking toplevel() on ptolemy.moml.MoMLSimpleApplication@64261b79
reloadAllAccessors: .AbsoluteValue2

===========================================================================================
----------------- testing Sat Aug 22 15:33:20 UTC 2020 /home/travis/build/icyphy/ptII/ptolemy/actor/lib/test/auto/Accumulator.xml
----------------- Instantiating /home/travis/build/icyphy/ptII/ptolemy/actor/lib/test/auto/Accumulator.xml
13 ms. Memory: 260096K Free: 210916K (81%)
----------------- Invoking toplevel() on ptolemy.moml.MoMLSimpleApplication@1072aedb
----------------- Done invoking toplevel() on ptolemy.moml.MoMLSimpleApplication@1072aedb
reloadAllAccessors: .Accumulator

===========================================================================================
----------------- testing Sat Aug 22 15:33:20 UTC 2020 /home/travis/build/icyphy/ptII/ptolemy/actor/lib/test/auto/Accumulator2.xml
----------------- Instantiating /home/travis/build/icyphy/ptII/ptolemy/actor/lib/test/auto/Accumulator2.xml
3 ms. Memory: 260096K Free: 205282K (79%)
----------------- Invoking toplevel() on ptolemy.moml.MoMLSimpleApplication@684df99a
----------------- Done invoking toplevel() on ptolemy.moml.MoMLSimpleApplication@684df99a
reloadAllAccessors: .Accumulator2

===========================================================================================
----------------- testing Sat Aug 22 15:33:20 UTC 2020 /home/travis/build/icyphy/ptII/ptolemy/actor/lib/test/auto/Accumulator3.xml
----------------- Instantiating /home/travis/build/icyphy/ptII/ptolemy/actor/lib/test/auto/Accumulator3.xml
7 ms. Memory: 260096K Free: 201186K (77%)
----------------- Invoking toplevel() on ptolemy.moml.MoMLSimpleApplication@53d7bc6b
----------------- Done invoking toplevel() on ptolemy.moml.MoMLSimpleApplication@53d7bc6b
reloadAllAccessors: .Accumulator3

===========================================================================================
----------------- testing Sat Aug 22 15:33:20 UTC 2020 /home/travis/build/icyphy/ptII/ptolemy/actor/lib/test/auto/ArrayAppend.xml
----------------- Instantiating /home/travis/build/icyphy/ptII/ptolemy/actor/lib/test/auto/ArrayAppend.xml
8 ms. Memory: 260096K Free: 195011K (75%)
----------------- Invoking toplevel() on ptolemy.moml.MoMLSimpleApplication@1c358c21
----------------- Done invoking toplevel() on ptolemy.moml.MoMLSimpleApplication@1c358c21
reloadAllAccessors: .ArrayAppend

===========================================================================================
----------------- testing Sat Aug 22 15:33:20 UTC 2020 /home/travis/build/icyphy/ptII/ptolemy/actor/lib/test/auto/ArrayAppend2.xml
----------------- Instantiating /home/travis/build/icyphy/ptII/ptolemy/actor/lib/test/auto/ArrayAppend2.xml
313 ms. Memory: 260096K Free: 112612K (43%)
----------------- Invoking toplevel() on ptolemy.moml.MoMLSimpleApplication@1fb475b0
----------------- Done invoking toplevel() on ptolemy.moml.MoMLSimpleApplication@1fb475b0
reloadAllAccessors: .ArrayAppend2

===========================================================================================
----------------- testing Sat Aug 22 15:33:21 UTC 2020 /home/travis/build/icyphy/ptII/ptolemy/actor/lib/test/auto/ArrayAppend3.xml
----------------- Instantiating /home/travis/build/icyphy/ptII/ptolemy/actor/lib/test/auto/ArrayAppend3.xml
6 ms. Memory: 260096K Free: 106978K (41%)
----------------- Invoking toplevel() on ptolemy.moml.MoMLSimpleApplication@688e7c73
----------------- Done invoking toplevel() on ptolemy.moml.MoMLSimpleApplication@688e7c73
reloadAllAccessors: .ArrayAppend3

===========================================================================================
----------------- testing Sat Aug 22 15:33:21 UTC 2020 /home/travis/build/icyphy/ptII/ptolemy/actor/lib/test/auto/ArrayAppend4.xml
----------------- Instantiating /home/travis/build/icyphy/ptII/ptolemy/actor/lib/test/auto/ArrayAppend4.xml
3 ms. Memory: 260096K Free: 101858K (39%)
----------------- Invoking toplevel() on ptolemy.moml.MoMLSimpleApplication@53b44af5
----------------- Done invoking toplevel() on ptolemy.moml.MoMLSimpleApplication@53b44af5
reloadAllAccessors: .ArrayAppend4

===========================================================================================
----------------- testing Sat Aug 22 15:33:21 UTC 2020 /home/travis/build/icyphy/ptII/ptolemy/actor/lib/test/auto/ArrayAppend5.xml
----------------- Instantiating /home/travis/build/icyphy/ptII/ptolemy/actor/lib/test/auto/ArrayAppend5.xml
5 ms. Memory: 260096K Free: 96738K (37%)
----------------- Invoking toplevel() on ptolemy.moml.MoMLSimpleApplication@2a918a6a
----------------- Done invoking toplevel() on ptolemy.moml.MoMLSimpleApplication@2a918a6a
reloadAllAccessors: .ArrayAppend5

===========================================================================================
----------------- testing Sat Aug 22 15:33:21 UTC 2020 /home/travis/build/icyphy/ptII/ptolemy/actor/lib/test/auto/ArrayAppend6.xml
----------------- Instantiating /home/travis/build/icyphy/ptII/ptolemy/actor/lib/test/auto/ArrayAppend6.xml
3 ms. Memory: 260096K Free: 91108K (35%)
----------------- Invoking toplevel() on ptolemy.moml.MoMLSimpleApplication@19779df
----------------- Done invoking toplevel() on ptolemy.moml.MoMLSimpleApplication@19779df
reloadAllAccessors: .ArrayAppend6

===========================================================================================
----------------- testing Sat Aug 22 15:33:21 UTC 2020 /home/travis/build/icyphy/ptII/ptolemy/actor/lib/test/auto/ArrayAppendPerformanceTest.xml
----------------- Instantiating /home/travis/build/icyphy/ptII/ptolemy/actor/lib/test/auto/ArrayAppendPerformanceTest.xml
44 ms. Memory: 260096K Free: 80354K (31%)
----------------- Invoking toplevel() on ptolemy.moml.MoMLSimpleApplication@5f85d933
----------------- Done invoking toplevel() on ptolemy.moml.MoMLSimpleApplication@5f85d933
reloadAllAccessors: .ArrayAppendPerformanceTest

===========================================================================================
----------------- testing Sat Aug 22 15:33:21 UTC 2020 /home/travis/build/icyphy/ptII/ptolemy/actor/lib/test/auto/ArrayAppendWithEmptyInput.xml
----------------- Instantiating /home/travis/build/icyphy/ptII/ptolemy/actor/lib/test/auto/ArrayAppendWithEmptyInput.xml
70 ms. Memory: 260096K Free: 210430K (81%)
----------------- Invoking toplevel() on ptolemy.moml.MoMLSimpleApplication@5125115e
----------------- Done invoking toplevel() on ptolemy.moml.MoMLSimpleApplication@5125115e
reloadAllAccessors: .ArrayAppendWithEmptyInput

===========================================================================================
----------------- testing Sat Aug 22 15:33:21 UTC 2020 /home/travis/build/icyphy/ptII/ptolemy/actor/lib/test/auto/ArrayAverage.xml
----------------- Instantiating /home/travis/build/icyphy/ptII/ptolemy/actor/lib/test/auto/ArrayAverage.xml
12 ms. Memory: 260096K Free: 201728K (78%)
----------------- Invoking toplevel() on ptolemy.moml.MoMLSimpleApplication@6d94b712
----------------- Done invoking toplevel() on ptolemy.moml.MoMLSimpleApplication@6d94b712
reloadAllAccessors: .ArrayAverage

===========================================================================================
----------------- testing Sat Aug 22 15:33:21 UTC 2020 /home/travis/build/icyphy/ptII/ptolemy/actor/lib/test/auto/ArrayContains.xml
----------------- Instantiating /home/travis/build/icyphy/ptII/ptolemy/actor/lib/test/auto/ArrayContains.xml
3 ms. Memory: 260096K Free: 196094K (75%)
----------------- Invoking toplevel() on ptolemy.moml.MoMLSimpleApplication@24154a4c
----------------- Done invoking toplevel() on ptolemy.moml.MoMLSimpleApplication@24154a4c
reloadAllAccessors: .ArrayContains

===========================================================================================
----------------- testing Sat Aug 22 15:33:21 UTC 2020 /home/travis/build/icyphy/ptII/ptolemy/actor/lib/test/auto/ArrayElement.xml
----------------- Instantiating /home/travis/build/icyphy/ptII/ptolemy/actor/lib/test/auto/ArrayElement.xml
4 ms. Memory: 260096K Free: 190943K (73%)
----------------- Invoking toplevel() on ptolemy.moml.MoMLSimpleApplication@59224ba3
----------------- Done invoking toplevel() on ptolemy.moml.MoMLSimpleApplication@59224ba3
reloadAllAccessors: .ArrayElement

===========================================================================================
----------------- testing Sat Aug 22 15:33:21 UTC 2020 /home/travis/build/icyphy/ptII/ptolemy/actor/lib/test/auto/ArrayElementAsMatrix.xml
----------------- Instantiating /home/travis/build/icyphy/ptII/ptolemy/actor/lib/test/auto/ArrayElementAsMatrix.xml
10 ms. Memory: 260096K Free: 180734K (69%)
----------------- Invoking toplevel() on ptolemy.moml.MoMLSimpleApplication@5aaac648
----------------- Done invoking toplevel() on ptolemy.moml.MoMLSimpleApplication@5aaac648
reloadAllAccessors: .ArrayElementAsMatrix

===========================================================================================
----------------- testing Sat Aug 22 15:33:21 UTC 2020 /home/travis/build/icyphy/ptII/ptolemy/actor/lib/test/auto/ArrayElementI.xml
----------------- Instantiating /home/travis/build/icyphy/ptII/ptolemy/actor/lib/test/auto/ArrayElementI.xml
3 ms. Memory: 260096K Free: 175614K (68%)
----------------- Invoking toplevel() on ptolemy.moml.MoMLSimpleApplication@72e8ce37
----------------- Done invoking toplevel() on ptolemy.moml.MoMLSimpleApplication@72e8ce37
reloadAllAccessors: .ArrayElementI

===========================================================================================
----------------- testing Sat Aug 22 15:33:21 UTC 2020 /home/travis/build/icyphy/ptII/ptolemy/actor/lib/test/auto/ArrayExtract.xml
----------------- Instantiating /home/travis/build/icyphy/ptII/ptolemy/actor/lib/test/auto/ArrayExtract.xml
5 ms. Memory: 260096K Free: 166912K (64%)
----------------- Invoking toplevel() on ptolemy.moml.MoMLSimpleApplication@2d8d2ee9
----------------- Done invoking toplevel() on ptolemy.moml.MoMLSimpleApplication@2d8d2ee9
reloadAllAccessors: .ArrayExtract

===========================================================================================
----------------- testing Sat Aug 22 15:33:21 UTC 2020 /home/travis/build/icyphy/ptII/ptolemy/actor/lib/test/auto/ArrayExtract2.xml
----------------- Instantiating /home/travis/build/icyphy/ptII/ptolemy/actor/lib/test/auto/ArrayExtract2.xml
3 ms. Memory: 260096K Free: 161792K (62%)
----------------- Invoking toplevel() on ptolemy.moml.MoMLSimpleApplication@4f6493df
----------------- Done invoking toplevel() on ptolemy.moml.MoMLSimpleApplication@4f6493df
reloadAllAccessors: .ArrayExtract2

===========================================================================================
----------------- testing Sat Aug 22 15:33:21 UTC 2020 /home/travis/build/icyphy/ptII/ptolemy/actor/lib/test/auto/ArrayLength.xml
----------------- Instantiating /home/travis/build/icyphy/ptII/ptolemy/actor/lib/test/auto/ArrayLength.xml
2 ms. Memory: 260096K Free: 157696K (61%)
----------------- Invoking toplevel() on ptolemy.moml.MoMLSimpleApplication@548b804
----------------- Done invoking toplevel() on ptolemy.moml.MoMLSimpleApplication@548b804
reloadAllAccessors: .ArrayLength

===========================================================================================
----------------- testing Sat Aug 22 15:33:21 UTC 2020 /home/travis/build/icyphy/ptII/ptolemy/actor/lib/test/auto/ArrayLevelCrossing.xml
----------------- Instantiating /home/travis/build/icyphy/ptII/ptolemy/actor/lib/test/auto/ArrayLevelCrossing.xml
4 ms. Memory: 260096K Free: 150014K (58%)
----------------- Invoking toplevel() on ptolemy.moml.MoMLSimpleApplication@1a08aa57
----------------- Done invoking toplevel() on ptolemy.moml.MoMLSimpleApplication@1a08aa57
reloadAllAccessors: .ArrayLevelCrossing

===========================================================================================
----------------- testing Sat Aug 22 15:33:21 UTC 2020 /home/travis/build/icyphy/ptII/ptolemy/actor/lib/test/auto/ArrayLevelCrossing2.xml
----------------- Instantiating /home/travis/build/icyphy/ptII/ptolemy/actor/lib/test/auto/ArrayLevelCrossing2.xml
3 ms. Memory: 260096K Free: 142336K (55%)
----------------- Invoking toplevel() on ptolemy.moml.MoMLSimpleApplication@6e1a7118
----------------- Done invoking toplevel() on ptolemy.moml.MoMLSimpleApplication@6e1a7118
reloadAllAccessors: .ArrayLevelCrossing2

===========================================================================================
----------------- testing Sat Aug 22 15:33:21 UTC 2020 /home/travis/build/icyphy/ptII/ptolemy/actor/lib/test/auto/ArrayPeakSearch.xml
----------------- Instantiating /home/travis/build/icyphy/ptII/ptolemy/actor/lib/test/auto/ArrayPeakSearch.xml
4 ms. Memory: 260096K Free: 133630K (51%)
----------------- Invoking toplevel() on ptolemy.moml.MoMLSimpleApplication@6bf179de
----------------- Done invoking toplevel() on ptolemy.moml.MoMLSimpleApplication@6bf179de
reloadAllAccessors: .ArrayPeakSearch

===========================================================================================
----------------- testing Sat Aug 22 15:33:21 UTC 2020 /home/travis/build/icyphy/ptII/ptolemy/actor/lib/test/auto/ArrayPeakSearch2.xml
----------------- Instantiating /home/travis/build/icyphy/ptII/ptolemy/actor/lib/test/auto/ArrayPeakSearch2.xml
5 ms. Memory: 260096K Free: 122880K (47%)
----------------- Invoking toplevel() on ptolemy.moml.MoMLSimpleApplication@2345967e
----------------- Done invoking toplevel() on ptolemy.moml.MoMLSimpleApplication@2345967e
reloadAllAccessors: .ArrayPeakSearch2

===========================================================================================
----------------- testing Sat Aug 22 15:33:21 UTC 2020 /home/travis/build/icyphy/ptII/ptolemy/actor/lib/test/auto/ArrayPeakSearch3.xml
----------------- Instantiating /home/travis/build/icyphy/ptII/ptolemy/actor/lib/test/auto/ArrayPeakSearch3.xml
3 ms. Memory: 260096K Free: 114174K (44%)
----------------- Invoking toplevel() on ptolemy.moml.MoMLSimpleApplication@4a2858bf
----------------- Done invoking toplevel() on ptolemy.moml.MoMLSimpleApplication@4a2858bf
reloadAllAccessors: .ArrayPeakSearch3

===========================================================================================
----------------- testing Sat Aug 22 15:33:21 UTC 2020 /home/travis/build/icyphy/ptII/ptolemy/actor/lib/test/auto/ArrayRemoveElement.xml
----------------- Instantiating /home/travis/build/icyphy/ptII/ptolemy/actor/lib/test/auto/ArrayRemoveElement.xml
3 ms. Memory: 260096K Free: 105982K (41%)
----------------- Invoking toplevel() on ptolemy.moml.MoMLSimpleApplication@6d229d5a
----------------- Done invoking toplevel() on ptolemy.moml.MoMLSimpleApplication@6d229d5a
reloadAllAccessors: .ArrayRemoveElement

===========================================================================================
----------------- testing Sat Aug 22 15:33:22 UTC 2020 /home/travis/build/icyphy/ptII/ptolemy/actor/lib/test/auto/ArraySort.xml
----------------- Instantiating /home/travis/build/icyphy/ptII/ptolemy/actor/lib/test/auto/ArraySort.xml
6 ms. Memory: 260096K Free: 97280K (37%)
----------------- Invoking toplevel() on ptolemy.moml.MoMLSimpleApplication@6f9e4425
----------------- Done invoking toplevel() on ptolemy.moml.MoMLSimpleApplication@6f9e4425
reloadAllAccessors: .ArraySort

===========================================================================================
----------------- testing Sat Aug 22 15:33:22 UTC 2020 /home/travis/build/icyphy/ptII/ptolemy/actor/lib/test/auto/ArraySum.xml
----------------- Instantiating /home/travis/build/icyphy/ptII/ptolemy/actor/lib/test/auto/ArraySum.xml
7 ms. Memory: 260096K Free: 91646K (35%)
----------------- Invoking toplevel() on ptolemy.moml.MoMLSimpleApplication@5fd3ffb4
----------------- Done invoking toplevel() on ptolemy.moml.MoMLSimpleApplication@5fd3ffb4
reloadAllAccessors: .ArraySum

===========================================================================================
----------------- testing Sat Aug 22 15:33:22 UTC 2020 /home/travis/build/icyphy/ptII/ptolemy/actor/lib/test/auto/ArrayToElements.xml
----------------- Instantiating /home/travis/build/icyphy/ptII/ptolemy/actor/lib/test/auto/ArrayToElements.xml
3 ms. Memory: 260096K Free: 86526K (33%)
----------------- Invoking toplevel() on ptolemy.moml.MoMLSimpleApplication@691ebfdb
----------------- Done invoking toplevel() on ptolemy.moml.MoMLSimpleApplication@691ebfdb
reloadAllAccessors: .ArrayToElements

===========================================================================================
----------------- testing Sat Aug 22 15:33:22 UTC 2020 /home/travis/build/icyphy/ptII/ptolemy/actor/lib/test/auto/ArrayToMatrix.xml
----------------- Instantiating /home/travis/build/icyphy/ptII/ptolemy/actor/lib/test/auto/ArrayToMatrix.xml
9 ms. Memory: 260096K Free: 71680K (28%)
----------------- Invoking toplevel() on ptolemy.moml.MoMLSimpleApplication@1e063e70
----------------- Done invoking toplevel() on ptolemy.moml.MoMLSimpleApplication@1e063e70
reloadAllAccessors: .ArrayToMatrix

===========================================================================================
----------------- testing Sat Aug 22 15:33:22 UTC 2020 /home/travis/build/icyphy/ptII/ptolemy/actor/lib/test/auto/ArrayUpdate1.xml
----------------- Instantiating /home/travis/build/icyphy/ptII/ptolemy/actor/lib/test/auto/ArrayUpdate1.xml
17 ms. Memory: 503808K Free: 455416K (90%)
----------------- Invoking toplevel() on ptolemy.moml.MoMLSimpleApplication@2df5ebed
----------------- Done invoking toplevel() on ptolemy.moml.MoMLSimpleApplication@2df5ebed
reloadAllAccessors: .ArrayUpdate1

===========================================================================================
----------------- testing Sat Aug 22 15:33:22 UTC 2020 /home/travis/build/icyphy/ptII/ptolemy/actor/lib/test/auto/ArrayUpdate2.xml
----------------- Instantiating /home/travis/build/icyphy/ptII/ptolemy/actor/lib/test/auto/ArrayUpdate2.xml
8 ms. Memory: 503808K Free: 448177K (89%)
----------------- Invoking toplevel() on ptolemy.moml.MoMLSimpleApplication@612304f1
----------------- Done invoking toplevel() on ptolemy.moml.MoMLSimpleApplication@612304f1
reloadAllAccessors: .ArrayUpdate2

===========================================================================================
----------------- testing Sat Aug 22 15:33:22 UTC 2020 /home/travis/build/icyphy/ptII/ptolemy/actor/lib/test/auto/ArrayUpdate3.xml
----------------- Instantiating /home/travis/build/icyphy/ptII/ptolemy/actor/lib/test/auto/ArrayUpdate3.xml
4 ms. Memory: 503808K Free: 443585K (88%)
----------------- Invoking toplevel() on ptolemy.moml.MoMLSimpleApplication@49a4a093
----------------- Done invoking toplevel() on ptolemy.moml.MoMLSimpleApplication@49a4a093
reloadAllAccessors: .ArrayUpdate3

===========================================================================================
----------------- testing Sat Aug 22 15:33:22 UTC 2020 /home/travis/build/icyphy/ptII/ptolemy/actor/lib/test/auto/Assert1.xml
----------------- Instantiating /home/travis/build/icyphy/ptII/ptolemy/actor/lib/test/auto/Assert1.xml
13 ms. Memory: 503808K Free: 438975K (87%)
----------------- Invoking toplevel() on ptolemy.moml.MoMLSimpleApplication@190c86e7
----------------- Done invoking toplevel() on ptolemy.moml.MoMLSimpleApplication@190c86e7
reloadAllAccessors: .Assert1

===========================================================================================
----------------- testing Sat Aug 22 15:33:22 UTC 2020 /home/travis/build/icyphy/ptII/ptolemy/actor/lib/test/auto/Assert2.xml
----------------- Instantiating /home/travis/build/icyphy/ptII/ptolemy/actor/lib/test/auto/Assert2.xml
3 ms. Memory: 503808K Free: 433855K (86%)
----------------- Invoking toplevel() on ptolemy.moml.MoMLSimpleApplication@2a0a268f
----------------- Done invoking toplevel() on ptolemy.moml.MoMLSimpleApplication@2a0a268f
reloadAllAccessors: .Assert2

===========================================================================================
----------------- testing Sat Aug 22 15:33:22 UTC 2020 /home/travis/build/icyphy/ptII/ptolemy/actor/lib/test/auto/BooleanMultiplexor.xml
----------------- Instantiating /home/travis/build/icyphy/ptII/ptolemy/actor/lib/test/auto/BooleanMultiplexor.xml
3 ms. Memory: 503808K Free: 428225K (85%)
----------------- Invoking toplevel() on ptolemy.moml.MoMLSimpleApplication@3bf8f625
----------------- Done invoking toplevel() on ptolemy.moml.MoMLSimpleApplication@3bf8f625
reloadAllAccessors: .BooleanMultiplexor

===========================================================================================
----------------- testing Sat Aug 22 15:33:22 UTC 2020 /home/travis/build/icyphy/ptII/ptolemy/actor/lib/test/auto/BooleanMultiplexor2.xml
----------------- Instantiating /home/travis/build/icyphy/ptII/ptolemy/actor/lib/test/auto/BooleanMultiplexor2.xml
11 ms. Memory: 503808K Free: 422081K (84%)
----------------- Invoking toplevel() on ptolemy.moml.MoMLSimpleApplication@420ab629
----------------- Done invoking toplevel() on ptolemy.moml.MoMLSimpleApplication@420ab629
reloadAllAccessors: .BooleanMultiplexor2

===========================================================================================
----------------- testing Sat Aug 22 15:33:22 UTC 2020 /home/travis/build/icyphy/ptII/ptolemy/actor/lib/test/auto/BooleanMultiplexor3.xml
----------------- Instantiating /home/travis/build/icyphy/ptII/ptolemy/actor/lib/test/auto/BooleanMultiplexor3.xml
4 ms. Memory: 503808K Free: 417985K (83%)
----------------- Invoking toplevel() on ptolemy.moml.MoMLSimpleApplication@333ef8b1
----------------- Done invoking toplevel() on ptolemy.moml.MoMLSimpleApplication@333ef8b1
reloadAllAccessors: .BooleanMultiplexor3

===========================================================================================
----------------- testing Sat Aug 22 15:33:22 UTC 2020 /home/travis/build/icyphy/ptII/ptolemy/actor/lib/test/auto/BooleanSelect.xml
----------------- Instantiating /home/travis/build/icyphy/ptII/ptolemy/actor/lib/test/auto/BooleanSelect.xml
8 ms. Memory: 503808K Free: 412337K (82%)
----------------- Invoking toplevel() on ptolemy.moml.MoMLSimpleApplication@748b69dd
----------------- Done invoking toplevel() on ptolemy.moml.MoMLSimpleApplication@748b69dd
reloadAllAccessors: .BooleanSelect

===========================================================================================
----------------- testing Sat Aug 22 15:33:22 UTC 2020 /home/travis/build/icyphy/ptII/ptolemy/actor/lib/test/auto/BooleanSelect2.xml
----------------- Instantiating /home/travis/build/icyphy/ptII/ptolemy/actor/lib/test/auto/BooleanSelect2.xml
1 ms. Memory: 503808K Free: 407745K (81%)
----------------- Invoking toplevel() on ptolemy.moml.MoMLSimpleApplication@162896e
----------------- Done invoking toplevel() on ptolemy.moml.MoMLSimpleApplication@162896e
reloadAllAccessors: .BooleanSelect2

===========================================================================================
----------------- testing Sat Aug 22 15:33:22 UTC 2020 /home/travis/build/icyphy/ptII/ptolemy/actor/lib/test/auto/BooleanSwitch.xml
----------------- Instantiating /home/travis/build/icyphy/ptII/ptolemy/actor/lib/test/auto/BooleanSwitch.xml
14 ms. Memory: 503808K Free: 402111K (80%)
----------------- Invoking toplevel() on ptolemy.moml.MoMLSimpleApplication@1a02eab0
----------------- Done invoking toplevel() on ptolemy.moml.MoMLSimpleApplication@1a02eab0
reloadAllAccessors: .BooleanSwitch

===========================================================================================
----------------- testing Sat Aug 22 15:33:22 UTC 2020 /home/travis/build/icyphy/ptII/ptolemy/actor/lib/test/auto/BooleanSwitch2.xml
----------------- Instantiating /home/travis/build/icyphy/ptII/ptolemy/actor/lib/test/auto/BooleanSwitch2.xml
2 ms. Memory: 503808K Free: 397505K (79%)
----------------- Invoking toplevel() on ptolemy.moml.MoMLSimpleApplication@d316bd5
----------------- Done invoking toplevel() on ptolemy.moml.MoMLSimpleApplication@d316bd5
reloadAllAccessors: .BooleanSwitch2

===========================================================================================
----------------- testing Sat Aug 22 15:33:22 UTC 2020 /home/travis/build/icyphy/ptII/ptolemy/actor/lib/test/auto/BooleanSwitchCloningBugWithClassRelationGroup.xml
----------------- Instantiating /home/travis/build/icyphy/ptII/ptolemy/actor/lib/test/auto/BooleanSwitchCloningBugWithClassRelationGroup.xml
4 ms. Memory: 503808K Free: 391361K (78%)
----------------- Invoking toplevel() on ptolemy.moml.MoMLSimpleApplication@6643d242
----------------- Done invoking toplevel() on ptolemy.moml.MoMLSimpleApplication@6643d242
reloadAllAccessors: .BooleanSwitchCloningBugWithClassRelationGroup

===========================================================================================
----------------- testing Sat Aug 22 15:33:22 UTC 2020 /home/travis/build/icyphy/ptII/ptolemy/actor/lib/test/auto/BusActors.xml
----------------- Instantiating /home/travis/build/icyphy/ptII/ptolemy/actor/lib/test/auto/BusActors.xml
10 ms. Memory: 503808K Free: 383169K (76%)
----------------- Invoking toplevel() on ptolemy.moml.MoMLSimpleApplication@2403320f
----------------- Done invoking toplevel() on ptolemy.moml.MoMLSimpleApplication@2403320f
reloadAllAccessors: .BusActors

===========================================================================================
----------------- testing Sat Aug 22 15:33:22 UTC 2020 /home/travis/build/icyphy/ptII/ptolemy/actor/lib/test/auto/ClassWrapper.xml
----------------- Instantiating /home/travis/build/icyphy/ptII/ptolemy/actor/lib/test/auto/ClassWrapper.xml
4 ms. Memory: 503808K Free: 378559K (75%)
----------------- Invoking toplevel() on ptolemy.moml.MoMLSimpleApplication@4f8fbdb
----------------- Done invoking toplevel() on ptolemy.moml.MoMLSimpleApplication@4f8fbdb
reloadAllAccessors: .ClassWrapper

===========================================================================================
----------------- testing Sat Aug 22 15:33:22 UTC 2020 /home/travis/build/icyphy/ptII/ptolemy/actor/lib/test/auto/Clock.xml
----------------- Instantiating /home/travis/build/icyphy/ptII/ptolemy/actor/lib/test/auto/Clock.xml
3 ms. Memory: 503808K Free: 374977K (74%)
----------------- Invoking toplevel() on ptolemy.moml.MoMLSimpleApplication@347257ba
----------------- Done invoking toplevel() on ptolemy.moml.MoMLSimpleApplication@347257ba
reloadAllAccessors: .Clock

===========================================================================================
----------------- testing Sat Aug 22 15:33:22 UTC 2020 /home/travis/build/icyphy/ptII/ptolemy/actor/lib/test/auto/Clock10.xml
----------------- Instantiating /home/travis/build/icyphy/ptII/ptolemy/actor/lib/test/auto/Clock10.xml
5 ms. Memory: 503808K Free: 368833K (73%)
----------------- Invoking toplevel() on ptolemy.moml.MoMLSimpleApplication@16283bac
----------------- Done invoking toplevel() on ptolemy.moml.MoMLSimpleApplication@16283bac
reloadAllAccessors: .Clock10

===========================================================================================
----------------- testing Sat Aug 22 15:33:22 UTC 2020 /home/travis/build/icyphy/ptII/ptolemy/actor/lib/test/auto/Clock11.xml
----------------- Instantiating /home/travis/build/icyphy/ptII/ptolemy/actor/lib/test/auto/Clock11.xml
4 ms. Memory: 503808K Free: 363199K (72%)
----------------- Invoking toplevel() on ptolemy.moml.MoMLSimpleApplication@545a969d
----------------- Done invoking toplevel() on ptolemy.moml.MoMLSimpleApplication@545a969d
reloadAllAccessors: .Clock11

===========================================================================================
----------------- testing Sat Aug 22 15:33:22 UTC 2020 /home/travis/build/icyphy/ptII/ptolemy/actor/lib/test/auto/Clock12.xml
----------------- Instantiating /home/travis/build/icyphy/ptII/ptolemy/actor/lib/test/auto/Clock12.xml
5 ms. Memory: 503808K Free: 357055K (71%)
----------------- Invoking toplevel() on ptolemy.moml.MoMLSimpleApplication@1479976
----------------- Done invoking toplevel() on ptolemy.moml.MoMLSimpleApplication@1479976
reloadAllAccessors: .Clock12

===========================================================================================
----------------- testing Sat Aug 22 15:33:22 UTC 2020 /home/travis/build/icyphy/ptII/ptolemy/actor/lib/test/auto/Clock13.xml
----------------- Instantiating /home/travis/build/icyphy/ptII/ptolemy/actor/lib/test/auto/Clock13.xml
6 ms. Memory: 503808K Free: 351425K (70%)
----------------- Invoking toplevel() on ptolemy.moml.MoMLSimpleApplication@7fddc416
----------------- Done invoking toplevel() on ptolemy.moml.MoMLSimpleApplication@7fddc416
reloadAllAccessors: .Clock13

===========================================================================================
----------------- testing Sat Aug 22 15:33:22 UTC 2020 /home/travis/build/icyphy/ptII/ptolemy/actor/lib/test/auto/Clock14.xml
----------------- Instantiating /home/travis/build/icyphy/ptII/ptolemy/actor/lib/test/auto/Clock14.xml
6 ms. Memory: 503808K Free: 345281K (69%)
----------------- Invoking toplevel() on ptolemy.moml.MoMLSimpleApplication@65025812
----------------- Done invoking toplevel() on ptolemy.moml.MoMLSimpleApplication@65025812
reloadAllAccessors: .Clock14

===========================================================================================
----------------- testing Sat Aug 22 15:33:22 UTC 2020 /home/travis/build/icyphy/ptII/ptolemy/actor/lib/test/auto/Clock15.xml
----------------- Instantiating /home/travis/build/icyphy/ptII/ptolemy/actor/lib/test/auto/Clock15.xml
8 ms. Memory: 503808K Free: 339617K (67%)
----------------- Invoking toplevel() on ptolemy.moml.MoMLSimpleApplication@206299c0
----------------- Done invoking toplevel() on ptolemy.moml.MoMLSimpleApplication@206299c0
reloadAllAccessors: .Clock15

===========================================================================================
----------------- testing Sat Aug 22 15:33:22 UTC 2020 /home/travis/build/icyphy/ptII/ptolemy/actor/lib/test/auto/Clock16.xml
----------------- Instantiating /home/travis/build/icyphy/ptII/ptolemy/actor/lib/test/auto/Clock16.xml
34 ms. Memory: 503808K Free: 324801K (64%)
----------------- Invoking toplevel() on ptolemy.moml.MoMLSimpleApplication@2c8c1173
----------------- Done invoking toplevel() on ptolemy.moml.MoMLSimpleApplication@2c8c1173
reloadAllAccessors: .Clock16

===========================================================================================
----------------- testing Sat Aug 22 15:33:22 UTC 2020 /home/travis/build/icyphy/ptII/ptolemy/actor/lib/test/auto/Clock17.xml
----------------- Instantiating /home/travis/build/icyphy/ptII/ptolemy/actor/lib/test/auto/Clock17.xml
31 ms. Memory: 503808K Free: 310961K (62%)
----------------- Invoking toplevel() on ptolemy.moml.MoMLSimpleApplication@6578ac7a
----------------- Done invoking toplevel() on ptolemy.moml.MoMLSimpleApplication@6578ac7a
reloadAllAccessors: .Clock17

===========================================================================================
----------------- testing Sat Aug 22 15:33:23 UTC 2020 /home/travis/build/icyphy/ptII/ptolemy/actor/lib/test/auto/Clock18.xml
----------------- Instantiating /home/travis/build/icyphy/ptII/ptolemy/actor/lib/test/auto/Clock18.xml
25 ms. Memory: 503808K Free: 297649K (59%)
----------------- Invoking toplevel() on ptolemy.moml.MoMLSimpleApplication@669e410
----------------- Done invoking toplevel() on ptolemy.moml.MoMLSimpleApplication@669e410
reloadAllAccessors: .Clock18

===========================================================================================
----------------- testing Sat Aug 22 15:33:23 UTC 2020 /home/travis/build/icyphy/ptII/ptolemy/actor/lib/test/auto/Clock19.xml
----------------- Instantiating /home/travis/build/icyphy/ptII/ptolemy/actor/lib/test/auto/Clock19.xml
17 ms. Memory: 503808K Free: 284351K (56%)
----------------- Invoking toplevel() on ptolemy.moml.MoMLSimpleApplication@66c53c4d
----------------- Done invoking toplevel() on ptolemy.moml.MoMLSimpleApplication@66c53c4d
reloadAllAccessors: .Clock19

===========================================================================================
----------------- testing Sat Aug 22 15:33:23 UTC 2020 /home/travis/build/icyphy/ptII/ptolemy/actor/lib/test/auto/Clock2.xml
----------------- Instantiating /home/travis/build/icyphy/ptII/ptolemy/actor/lib/test/auto/Clock2.xml
8 ms. Memory: 503808K Free: 280225K (56%)
----------------- Invoking toplevel() on ptolemy.moml.MoMLSimpleApplication@60623a68
----------------- Done invoking toplevel() on ptolemy.moml.MoMLSimpleApplication@60623a68
reloadAllAccessors: .Clock2

===========================================================================================
----------------- testing Sat Aug 22 15:33:23 UTC 2020 /home/travis/build/icyphy/ptII/ptolemy/actor/lib/test/auto/Clock20.xml
----------------- Instantiating /home/travis/build/icyphy/ptII/ptolemy/actor/lib/test/auto/Clock20.xml
12 ms. Memory: 503808K Free: 274625K (55%)
----------------- Invoking toplevel() on ptolemy.moml.MoMLSimpleApplication@3cbdaccf
----------------- Done invoking toplevel() on ptolemy.moml.MoMLSimpleApplication@3cbdaccf
reloadAllAccessors: .Clock20

===========================================================================================
----------------- testing Sat Aug 22 15:33:23 UTC 2020 /home/travis/build/icyphy/ptII/ptolemy/actor/lib/test/auto/Clock21.xml
----------------- Instantiating /home/travis/build/icyphy/ptII/ptolemy/actor/lib/test/auto/Clock21.xml
10 ms. Memory: 503808K Free: 269505K (53%)
----------------- Invoking toplevel() on ptolemy.moml.MoMLSimpleApplication@2652c8a0
----------------- Done invoking toplevel() on ptolemy.moml.MoMLSimpleApplication@2652c8a0
reloadAllAccessors: .Clock21

===========================================================================================
----------------- testing Sat Aug 22 15:33:23 UTC 2020 /home/travis/build/icyphy/ptII/ptolemy/actor/lib/test/auto/Clock22.xml
----------------- Instantiating /home/travis/build/icyphy/ptII/ptolemy/actor/lib/test/auto/Clock22.xml
6 ms. Memory: 503808K Free: 263871K (52%)
----------------- Invoking toplevel() on ptolemy.moml.MoMLSimpleApplication@48d785cc
----------------- Done invoking toplevel() on ptolemy.moml.MoMLSimpleApplication@48d785cc
reloadAllAccessors: .Clock22

===========================================================================================
----------------- testing Sat Aug 22 15:33:23 UTC 2020 /home/travis/build/icyphy/ptII/ptolemy/actor/lib/test/auto/Clock23.xml
----------------- Instantiating /home/travis/build/icyphy/ptII/ptolemy/actor/lib/test/auto/Clock23.xml
6 ms. Memory: 503808K Free: 258241K (51%)
----------------- Invoking toplevel() on ptolemy.moml.MoMLSimpleApplication@ebc4869
----------------- Done invoking toplevel() on ptolemy.moml.MoMLSimpleApplication@ebc4869
reloadAllAccessors: .Clock23

===========================================================================================
----------------- testing Sat Aug 22 15:33:23 UTC 2020 /home/travis/build/icyphy/ptII/ptolemy/actor/lib/test/auto/Clock24.xml
----------------- Instantiating /home/travis/build/icyphy/ptII/ptolemy/actor/lib/test/auto/Clock24.xml
7 ms. Memory: 503808K Free: 253121K (50%)
----------------- Invoking toplevel() on ptolemy.moml.MoMLSimpleApplication@7e981fb
----------------- Done invoking toplevel() on ptolemy.moml.MoMLSimpleApplication@7e981fb
reloadAllAccessors: .Clock24

===========================================================================================
----------------- testing Sat Aug 22 15:33:23 UTC 2020 /home/travis/build/icyphy/ptII/ptolemy/actor/lib/test/auto/Clock4.xml
----------------- Instantiating /home/travis/build/icyphy/ptII/ptolemy/actor/lib/test/auto/Clock4.xml
3 ms. Memory: 503808K Free: 248001K (49%)
----------------- Invoking toplevel() on ptolemy.moml.MoMLSimpleApplication@9026a9c
----------------- Done invoking toplevel() on ptolemy.moml.MoMLSimpleApplication@9026a9c
reloadAllAccessors: .Clock4

===========================================================================================
----------------- testing Sat Aug 22 15:33:23 UTC 2020 /home/travis/build/icyphy/ptII/ptolemy/actor/lib/test/auto/Clock5.xml
----------------- Instantiating /home/travis/build/icyphy/ptII/ptolemy/actor/lib/test/auto/Clock5.xml
2 ms. Memory: 503808K Free: 242881K (48%)
----------------- Invoking toplevel() on ptolemy.moml.MoMLSimpleApplication@321a4533
----------------- Done invoking toplevel() on ptolemy.moml.MoMLSimpleApplication@321a4533
reloadAllAccessors: .Clock5

===========================================================================================
----------------- testing Sat Aug 22 15:33:23 UTC 2020 /home/travis/build/icyphy/ptII/ptolemy/actor/lib/test/auto/Clock6.xml
----------------- Instantiating /home/travis/build/icyphy/ptII/ptolemy/actor/lib/test/auto/Clock6.xml
3 ms. Memory: 503808K Free: 238271K (47%)
----------------- Invoking toplevel() on ptolemy.moml.MoMLSimpleApplication@2e0e7837
----------------- Done invoking toplevel() on ptolemy.moml.MoMLSimpleApplication@2e0e7837
reloadAllAccessors: .Clock6

===========================================================================================
----------------- testing Sat Aug 22 15:33:23 UTC 2020 /home/travis/build/icyphy/ptII/ptolemy/actor/lib/test/auto/Clock7.xml
----------------- Instantiating /home/travis/build/icyphy/ptII/ptolemy/actor/lib/test/auto/Clock7.xml
2 ms. Memory: 503808K Free: 234175K (46%)
----------------- Invoking toplevel() on ptolemy.moml.MoMLSimpleApplication@1755140e
----------------- Done invoking toplevel() on ptolemy.moml.MoMLSimpleApplication@1755140e
reloadAllAccessors: .Clock7

===========================================================================================
----------------- testing Sat Aug 22 15:33:23 UTC 2020 /home/travis/build/icyphy/ptII/ptolemy/actor/lib/test/auto/Clock8.xml
----------------- Instantiating /home/travis/build/icyphy/ptII/ptolemy/actor/lib/test/auto/Clock8.xml
5 ms. Memory: 503808K Free: 228545K (45%)
----------------- Invoking toplevel() on ptolemy.moml.MoMLSimpleApplication@79fb7499
----------------- Done invoking toplevel() on ptolemy.moml.MoMLSimpleApplication@79fb7499
reloadAllAccessors: .Clock8

===========================================================================================
----------------- testing Sat Aug 22 15:33:23 UTC 2020 /home/travis/build/icyphy/ptII/ptolemy/actor/lib/test/auto/Clock9.xml
----------------- Instantiating /home/travis/build/icyphy/ptII/ptolemy/actor/lib/test/auto/Clock9.xml
8 ms. Memory: 503808K Free: 222881K (44%)
----------------- Invoking toplevel() on ptolemy.moml.MoMLSimpleApplication@6b865e91
----------------- Done invoking toplevel() on ptolemy.moml.MoMLSimpleApplication@6b865e91
reloadAllAccessors: .Clock9

===========================================================================================
----------------- testing Sat Aug 22 15:33:23 UTC 2020 /home/travis/build/icyphy/ptII/ptolemy/actor/lib/test/auto/CommDistDiscard.xml
----------------- Instantiating /home/travis/build/icyphy/ptII/ptolemy/actor/lib/test/auto/CommDistDiscard.xml
4 ms. Memory: 503808K Free: 217791K (43%)
----------------- Invoking toplevel() on ptolemy.moml.MoMLSimpleApplication@6d726bfa
----------------- Done invoking toplevel() on ptolemy.moml.MoMLSimpleApplication@6d726bfa
reloadAllAccessors: .CommDistDiscard

===========================================================================================
----------------- testing Sat Aug 22 15:33:23 UTC 2020 /home/travis/build/icyphy/ptII/ptolemy/actor/lib/test/auto/Commutator.xml
----------------- Instantiating /home/travis/build/icyphy/ptII/ptolemy/actor/lib/test/auto/Commutator.xml
3 ms. Memory: 503808K Free: 213185K (42%)
----------------- Invoking toplevel() on ptolemy.moml.MoMLSimpleApplication@373a2eb4
----------------- Done invoking toplevel() on ptolemy.moml.MoMLSimpleApplication@373a2eb4
reloadAllAccessors: .Commutator

===========================================================================================
----------------- testing Sat Aug 22 15:33:23 UTC 2020 /home/travis/build/icyphy/ptII/ptolemy/actor/lib/test/auto/Commutator2.xml
----------------- Instantiating /home/travis/build/icyphy/ptII/ptolemy/actor/lib/test/auto/Commutator2.xml
1 ms. Memory: 503808K Free: 209089K (42%)
----------------- Invoking toplevel() on ptolemy.moml.MoMLSimpleApplication@6d9aec49
----------------- Done invoking toplevel() on ptolemy.moml.MoMLSimpleApplication@6d9aec49
reloadAllAccessors: .Commutator2

===========================================================================================
----------------- testing Sat Aug 22 15:33:23 UTC 2020 /home/travis/build/icyphy/ptII/ptolemy/actor/lib/test/auto/Commutator3.xml
----------------- Instantiating /home/travis/build/icyphy/ptII/ptolemy/actor/lib/test/auto/Commutator3.xml
2 ms. Memory: 503808K Free: 204479K (41%)
----------------- Invoking toplevel() on ptolemy.moml.MoMLSimpleApplication@5ff57e8c
----------------- Done invoking toplevel() on ptolemy.moml.MoMLSimpleApplication@5ff57e8c
reloadAllAccessors: .Commutator3

===========================================================================================
----------------- testing Sat Aug 22 15:33:23 UTC 2020 /home/travis/build/icyphy/ptII/ptolemy/actor/lib/test/auto/Compare.xml
----------------- Instantiating /home/travis/build/icyphy/ptII/ptolemy/actor/lib/test/auto/Compare.xml
2 ms. Memory: 503808K Free: 449536K (89%)
----------------- Invoking toplevel() on ptolemy.moml.MoMLSimpleApplication@44122462
----------------- Done invoking toplevel() on ptolemy.moml.MoMLSimpleApplication@44122462
reloadAllAccessors: .Compare

===========================================================================================
----------------- testing Sat Aug 22 15:33:23 UTC 2020 /home/travis/build/icyphy/ptII/ptolemy/actor/lib/test/auto/CompareDE.xml
----------------- Instantiating /home/travis/build/icyphy/ptII/ptolemy/actor/lib/test/auto/CompareDE.xml
4 ms. Memory: 503808K Free: 442863K (88%)
----------------- Invoking toplevel() on ptolemy.moml.MoMLSimpleApplication@6d8a1169
----------------- Done invoking toplevel() on ptolemy.moml.MoMLSimpleApplication@6d8a1169
reloadAllAccessors: .CompareDE

===========================================================================================
----------------- testing Sat Aug 22 15:33:23 UTC 2020 /home/travis/build/icyphy/ptII/ptolemy/actor/lib/test/auto/ComplexDivide.xml
----------------- Instantiating /home/travis/build/icyphy/ptII/ptolemy/actor/lib/test/auto/ComplexDivide.xml
2 ms. Memory: 503808K Free: 438782K (87%)
----------------- Invoking toplevel() on ptolemy.moml.MoMLSimpleApplication@363b51f7
----------------- Done invoking toplevel() on ptolemy.moml.MoMLSimpleApplication@363b51f7
reloadAllAccessors: .ComplexDivide

===========================================================================================
----------------- testing Sat Aug 22 15:33:23 UTC 2020 /home/travis/build/icyphy/ptII/ptolemy/actor/lib/test/auto/ComputeHistogram.xml
----------------- Instantiating /home/travis/build/icyphy/ptII/ptolemy/actor/lib/test/auto/ComputeHistogram.xml
31 ms. Memory: 503808K Free: 425984K (85%)
----------------- Invoking toplevel() on ptolemy.moml.MoMLSimpleApplication@24bb95e1
----------------- Done invoking toplevel() on ptolemy.moml.MoMLSimpleApplication@24bb95e1
reloadAllAccessors: .ComputeHistogram

===========================================================================================
----------------- testing Sat Aug 22 15:33:23 UTC 2020 /home/travis/build/icyphy/ptII/ptolemy/actor/lib/test/auto/ConfigurationSelect.xml
----------------- Instantiating /home/travis/build/icyphy/ptII/ptolemy/actor/lib/test/auto/ConfigurationSelect.xml
8 ms. Memory: 503808K Free: 420864K (84%)
----------------- Invoking toplevel() on ptolemy.moml.MoMLSimpleApplication@2746c63e
----------------- Done invoking toplevel() on ptolemy.moml.MoMLSimpleApplication@2746c63e
reloadAllAccessors: .ConfigurationSelect

===========================================================================================
----------------- testing Sat Aug 22 15:33:23 UTC 2020 /home/travis/build/icyphy/ptII/ptolemy/actor/lib/test/auto/ConfigurationSelect2.xml
----------------- Instantiating /home/travis/build/icyphy/ptII/ptolemy/actor/lib/test/auto/ConfigurationSelect2.xml
2 ms. Memory: 503808K Free: 416254K (83%)
----------------- Invoking toplevel() on ptolemy.moml.MoMLSimpleApplication@7776930a
----------------- Done invoking toplevel() on ptolemy.moml.MoMLSimpleApplication@7776930a
reloadAllAccessors: .ConfigurationSelect2

===========================================================================================
----------------- testing Sat Aug 22 15:33:23 UTC 2020 /home/travis/build/icyphy/ptII/ptolemy/actor/lib/test/auto/ConfigurationSwitch.xml
----------------- Instantiating /home/travis/build/icyphy/ptII/ptolemy/actor/lib/test/auto/ConfigurationSwitch.xml
2 ms. Memory: 503808K Free: 411134K (82%)
----------------- Invoking toplevel() on ptolemy.moml.MoMLSimpleApplication@45b81d4d
----------------- Done invoking toplevel() on ptolemy.moml.MoMLSimpleApplication@45b81d4d
reloadAllAccessors: .ConfigurationSwitch

===========================================================================================
----------------- testing Sat Aug 22 15:33:23 UTC 2020 /home/travis/build/icyphy/ptII/ptolemy/actor/lib/test/auto/ConfigurationSwitch2.xml
----------------- Instantiating /home/travis/build/icyphy/ptII/ptolemy/actor/lib/test/auto/ConfigurationSwitch2.xml
2 ms. Memory: 503808K Free: 405504K (80%)
----------------- Invoking toplevel() on ptolemy.moml.MoMLSimpleApplication@403b3680
----------------- Done invoking toplevel() on ptolemy.moml.MoMLSimpleApplication@403b3680
reloadAllAccessors: .ConfigurationSwitch2

===========================================================================================
----------------- testing Sat Aug 22 15:33:23 UTC 2020 /home/travis/build/icyphy/ptII/ptolemy/actor/lib/test/auto/ConfigurationSwitchCloningBugWithClassRelationGroup.xml
----------------- Instantiating /home/travis/build/icyphy/ptII/ptolemy/actor/lib/test/auto/ConfigurationSwitchCloningBugWithClassRelationGroup.xml
2 ms. Memory: 503808K Free: 398846K (79%)
----------------- Invoking toplevel() on ptolemy.moml.MoMLSimpleApplication@4a2ea52
----------------- Done invoking toplevel() on ptolemy.moml.MoMLSimpleApplication@4a2ea52
reloadAllAccessors: .ConfigurationSwitchCloningBugWithClassRelationGroup

===========================================================================================
----------------- testing Sat Aug 22 15:33:23 UTC 2020 /home/travis/build/icyphy/ptII/ptolemy/actor/lib/test/auto/ConfigurationSwitchSelectSDF.xml
----------------- Instantiating /home/travis/build/icyphy/ptII/ptolemy/actor/lib/test/auto/ConfigurationSwitchSelectSDF.xml
2 ms. Memory: 503808K Free: 393726K (78%)
----------------- Invoking toplevel() on ptolemy.moml.MoMLSimpleApplication@2fd746b9
----------------- Done invoking toplevel() on ptolemy.moml.MoMLSimpleApplication@2fd746b9
reloadAllAccessors: .ConfigurationSwitchSelectSDF

===========================================================================================
----------------- testing Sat Aug 22 15:33:23 UTC 2020 /home/travis/build/icyphy/ptII/ptolemy/actor/lib/test/auto/ConfigurationSwitchSelectSDF2.xml
----------------- Instantiating /home/travis/build/icyphy/ptII/ptolemy/actor/lib/test/auto/ConfigurationSwitchSelectSDF2.xml
1 ms. Memory: 503808K Free: 387582K (77%)
----------------- Invoking toplevel() on ptolemy.moml.MoMLSimpleApplication@7e8c2fef
----------------- Done invoking toplevel() on ptolemy.moml.MoMLSimpleApplication@7e8c2fef
reloadAllAccessors: .ConfigurationSwitchSelectSDF2

===========================================================================================
----------------- testing Sat Aug 22 15:33:23 UTC 2020 /home/travis/build/icyphy/ptII/ptolemy/actor/lib/test/auto/Const.xml
----------------- Instantiating /home/travis/build/icyphy/ptII/ptolemy/actor/lib/test/auto/Const.xml
1 ms. Memory: 503808K Free: 384000K (76%)
----------------- Invoking toplevel() on ptolemy.moml.MoMLSimpleApplication@6ce77b7f
----------------- Done invoking toplevel() on ptolemy.moml.MoMLSimpleApplication@6ce77b7f
reloadAllAccessors: .Const

===========================================================================================
----------------- testing Sat Aug 22 15:33:23 UTC 2020 /home/travis/build/icyphy/ptII/ptolemy/actor/lib/test/auto/Const2.xml
----------------- Instantiating /home/travis/build/icyphy/ptII/ptolemy/actor/lib/test/auto/Const2.xml
1 ms. Memory: 503808K Free: 380414K (76%)
----------------- Invoking toplevel() on ptolemy.moml.MoMLSimpleApplication@5bca009a
----------------- Done invoking toplevel() on ptolemy.moml.MoMLSimpleApplication@5bca009a
reloadAllAccessors: .Const2

===========================================================================================
----------------- testing Sat Aug 22 15:33:23 UTC 2020 /home/travis/build/icyphy/ptII/ptolemy/actor/lib/test/auto/Const3.xml
----------------- Instantiating /home/travis/build/icyphy/ptII/ptolemy/actor/lib/test/auto/Const3.xml
1 ms. Memory: 503808K Free: 377342K (75%)
----------------- Invoking toplevel() on ptolemy.moml.MoMLSimpleApplication@62b7b1da
----------------- Done invoking toplevel() on ptolemy.moml.MoMLSimpleApplication@62b7b1da
reloadAllAccessors: .Const3

===========================================================================================
----------------- testing Sat Aug 22 15:33:23 UTC 2020 /home/travis/build/icyphy/ptII/ptolemy/actor/lib/test/auto/ConstantPublisherPort1.xml
----------------- Instantiating /home/travis/build/icyphy/ptII/ptolemy/actor/lib/test/auto/ConstantPublisherPort1.xml
5 ms. Memory: 503808K Free: 368640K (73%)
----------------- Invoking toplevel() on ptolemy.moml.MoMLSimpleApplication@105567c1
----------------- Done invoking toplevel() on ptolemy.moml.MoMLSimpleApplication@105567c1
reloadAllAccessors: .ConstantPublisherPort1

===========================================================================================
----------------- testing Sat Aug 22 15:33:23 UTC 2020 /home/travis/build/icyphy/ptII/ptolemy/actor/lib/test/auto/ConstantPublisherPort2.xml
----------------- Instantiating /home/travis/build/icyphy/ptII/ptolemy/actor/lib/test/auto/ConstantPublisherPort2.xml
4 ms. Memory: 503808K Free: 360958K (72%)
----------------- Invoking toplevel() on ptolemy.moml.MoMLSimpleApplication@478e3efd
----------------- Done invoking toplevel() on ptolemy.moml.MoMLSimpleApplication@478e3efd
reloadAllAccessors: .ConstantPublisherPort2

===========================================================================================
----------------- testing Sat Aug 22 15:33:23 UTC 2020 /home/travis/build/icyphy/ptII/ptolemy/actor/lib/test/auto/ConstantPublisherPort3.xml
----------------- Instantiating /home/travis/build/icyphy/ptII/ptolemy/actor/lib/test/auto/ConstantPublisherPort3.xml
4 ms. Memory: 503808K Free: 353280K (70%)
----------------- Invoking toplevel() on ptolemy.moml.MoMLSimpleApplication@1ca8105d
----------------- Done invoking toplevel() on ptolemy.moml.MoMLSimpleApplication@1ca8105d
reloadAllAccessors: .ConstantPublisherPort3

===========================================================================================
----------------- testing Sat Aug 22 15:33:23 UTC 2020 /home/travis/build/icyphy/ptII/ptolemy/actor/lib/test/auto/ConstantPublisherPort4.xml
----------------- Instantiating /home/travis/build/icyphy/ptII/ptolemy/actor/lib/test/auto/ConstantPublisherPort4.xml
2 ms. Memory: 503808K Free: 346607K (69%)
----------------- Invoking toplevel() on ptolemy.moml.MoMLSimpleApplication@7a22c550
----------------- Done invoking toplevel() on ptolemy.moml.MoMLSimpleApplication@7a22c550
reloadAllAccessors: .ConstantPublisherPort4

===========================================================================================
----------------- testing Sat Aug 22 15:33:23 UTC 2020 /home/travis/build/icyphy/ptII/ptolemy/actor/lib/test/auto/ConstantPublisherPort5.xml
----------------- Instantiating /home/travis/build/icyphy/ptII/ptolemy/actor/lib/test/auto/ConstantPublisherPort5.xml
31 ms. Memory: 503808K Free: 336896K (67%)
----------------- Invoking toplevel() on ptolemy.moml.MoMLSimpleApplication@5a53c057
----------------- Done invoking toplevel() on ptolemy.moml.MoMLSimpleApplication@5a53c057
reloadAllAccessors: .ConstantPublisherPort5

===========================================================================================
----------------- testing Sat Aug 22 15:33:23 UTC 2020 /home/travis/build/icyphy/ptII/ptolemy/actor/lib/test/auto/ConstantPublisherPort6.xml
----------------- Instantiating /home/travis/build/icyphy/ptII/ptolemy/actor/lib/test/auto/ConstantPublisherPort6.xml
15 ms. Memory: 503808K Free: 327680K (65%)
----------------- Invoking toplevel() on ptolemy.moml.MoMLSimpleApplication@2a0013f3
----------------- Done invoking toplevel() on ptolemy.moml.MoMLSimpleApplication@2a0013f3
reloadAllAccessors: .ConstantPublisherPort6

===========================================================================================
----------------- testing Sat Aug 22 15:33:24 UTC 2020 /home/travis/build/icyphy/ptII/ptolemy/actor/lib/test/auto/ConstantPublisherPort7.xml
----------------- Instantiating /home/travis/build/icyphy/ptII/ptolemy/actor/lib/test/auto/ConstantPublisherPort7.xml
19 ms. Memory: 503808K Free: 318974K (63%)
----------------- Invoking toplevel() on ptolemy.moml.MoMLSimpleApplication@3339177f
----------------- Done invoking toplevel() on ptolemy.moml.MoMLSimpleApplication@3339177f
reloadAllAccessors: .ConstantPublisherPort7

===========================================================================================
----------------- testing Sat Aug 22 15:33:24 UTC 2020 /home/travis/build/icyphy/ptII/ptolemy/actor/lib/test/auto/ConstraintMonitor1.xml
----------------- Instantiating /home/travis/build/icyphy/ptII/ptolemy/actor/lib/test/auto/ConstraintMonitor1.xml
3 ms. Memory: 503808K Free: 313344K (62%)
----------------- Invoking toplevel() on ptolemy.moml.MoMLSimpleApplication@7ed31be0
----------------- Done invoking toplevel() on ptolemy.moml.MoMLSimpleApplication@7ed31be0
reloadAllAccessors: .ConstraintMonitor1

===========================================================================================
----------------- testing Sat Aug 22 15:33:24 UTC 2020 /home/travis/build/icyphy/ptII/ptolemy/actor/lib/test/auto/ConstraintMonitor2.xml
----------------- Instantiating /home/travis/build/icyphy/ptII/ptolemy/actor/lib/test/auto/ConstraintMonitor2.xml
2 ms. Memory: 503808K Free: 308734K (61%)
----------------- Invoking toplevel() on ptolemy.moml.MoMLSimpleApplication@76a51cc1
----------------- Done invoking toplevel() on ptolemy.moml.MoMLSimpleApplication@76a51cc1
reloadAllAccessors: .ConstraintMonitor2

===========================================================================================
----------------- testing Sat Aug 22 15:33:24 UTC 2020 /home/travis/build/icyphy/ptII/ptolemy/actor/lib/test/auto/ConstraintMonitor3.xml
----------------- Instantiating /home/travis/build/icyphy/ptII/ptolemy/actor/lib/test/auto/ConstraintMonitor3.xml
7 ms. Memory: 503808K Free: 304638K (60%)
----------------- Invoking toplevel() on ptolemy.moml.MoMLSimpleApplication@20340a1
----------------- Done invoking toplevel() on ptolemy.moml.MoMLSimpleApplication@20340a1
reloadAllAccessors: .ConstraintMonitor3

===========================================================================================
----------------- testing Sat Aug 22 15:33:24 UTC 2020 /home/travis/build/icyphy/ptII/ptolemy/actor/lib/test/auto/ConstraintMonitor4.xml
----------------- Instantiating /home/travis/build/icyphy/ptII/ptolemy/actor/lib/test/auto/ConstraintMonitor4.xml
2 ms. Memory: 503808K Free: 299518K (59%)
----------------- Invoking toplevel() on ptolemy.moml.MoMLSimpleApplication@79a83b8d
----------------- Done invoking toplevel() on ptolemy.moml.MoMLSimpleApplication@79a83b8d
reloadAllAccessors: .ConstraintMonitor4

===========================================================================================
----------------- testing Sat Aug 22 15:33:24 UTC 2020 /home/travis/build/icyphy/ptII/ptolemy/actor/lib/test/auto/ConstraintMonitor5.xml
----------------- Instantiating /home/travis/build/icyphy/ptII/ptolemy/actor/lib/test/auto/ConstraintMonitor5.xml
1 ms. Memory: 503808K Free: 294398K (58%)
----------------- Invoking toplevel() on ptolemy.moml.MoMLSimpleApplication@32f0b54f
----------------- Done invoking toplevel() on ptolemy.moml.MoMLSimpleApplication@32f0b54f
reloadAllAccessors: .ConstraintMonitor5

===========================================================================================
----------------- testing Sat Aug 22 15:33:24 UTC 2020 /home/travis/build/icyphy/ptII/ptolemy/actor/lib/test/auto/ConstraintMonitor6.xml
----------------- Instantiating /home/travis/build/icyphy/ptII/ptolemy/actor/lib/test/auto/ConstraintMonitor6.xml
3 ms. Memory: 503808K Free: 288768K (57%)
----------------- Invoking toplevel() on ptolemy.moml.MoMLSimpleApplication@2903856b
----------------- Done invoking toplevel() on ptolemy.moml.MoMLSimpleApplication@2903856b
reloadAllAccessors: .ConstraintMonitor6

===========================================================================================
----------------- testing Sat Aug 22 15:33:24 UTC 2020 /home/travis/build/icyphy/ptII/ptolemy/actor/lib/test/auto/ConstraintMonitor7.xml
----------------- Instantiating /home/travis/build/icyphy/ptII/ptolemy/actor/lib/test/auto/ConstraintMonitor7.xml
2 ms. Memory: 503808K Free: 282103K (56%)
----------------- Invoking toplevel() on ptolemy.moml.MoMLSimpleApplication@328c7e1c
----------------- Done invoking toplevel() on ptolemy.moml.MoMLSimpleApplication@328c7e1c
reloadAllAccessors: .ConstraintMonitor7

===========================================================================================
----------------- testing Sat Aug 22 15:33:24 UTC 2020 /home/travis/build/icyphy/ptII/ptolemy/actor/lib/test/auto/ConstraintMonitor8.xml
----------------- Instantiating /home/travis/build/icyphy/ptII/ptolemy/actor/lib/test/auto/ConstraintMonitor8.xml
3 ms. Memory: 503808K Free: 273918K (54%)
----------------- Invoking toplevel() on ptolemy.moml.MoMLSimpleApplication@4f721155
----------------- Done invoking toplevel() on ptolemy.moml.MoMLSimpleApplication@4f721155
reloadAllAccessors: .ConstraintMonitor8

===========================================================================================
----------------- testing Sat Aug 22 15:33:24 UTC 2020 /home/travis/build/icyphy/ptII/ptolemy/actor/lib/test/auto/Counter.xml
----------------- Instantiating /home/travis/build/icyphy/ptII/ptolemy/actor/lib/test/auto/Counter.xml
2 ms. Memory: 503808K Free: 268797K (53%)
----------------- Invoking toplevel() on ptolemy.moml.MoMLSimpleApplication@1d6dbd5c
----------------- Done invoking toplevel() on ptolemy.moml.MoMLSimpleApplication@1d6dbd5c
reloadAllAccessors: .Counter

===========================================================================================
----------------- testing Sat Aug 22 15:33:24 UTC 2020 /home/travis/build/icyphy/ptII/ptolemy/actor/lib/test/auto/CurrentTimeSDF.xml
----------------- Instantiating /home/travis/build/icyphy/ptII/ptolemy/actor/lib/test/auto/CurrentTimeSDF.xml
1 ms. Memory: 503808K Free: 265216K (53%)
----------------- Invoking toplevel() on ptolemy.moml.MoMLSimpleApplication@68c2e159
----------------- Done invoking toplevel() on ptolemy.moml.MoMLSimpleApplication@68c2e159
reloadAllAccessors: .CurrentTimeSDF

===========================================================================================
----------------- testing Sat Aug 22 15:33:24 UTC 2020 /home/travis/build/icyphy/ptII/ptolemy/actor/lib/test/auto/DB.xml
----------------- Instantiating /home/travis/build/icyphy/ptII/ptolemy/actor/lib/test/auto/DB.xml
1 ms. Memory: 503808K Free: 260096K (52%)
----------------- Invoking toplevel() on ptolemy.moml.MoMLSimpleApplication@17a813c6
----------------- Done invoking toplevel() on ptolemy.moml.MoMLSimpleApplication@17a813c6
reloadAllAccessors: .DB

===========================================================================================
----------------- testing Sat Aug 22 15:33:24 UTC 2020 /home/travis/build/icyphy/ptII/ptolemy/actor/lib/test/auto/DBDE.xml
----------------- Instantiating /home/travis/build/icyphy/ptII/ptolemy/actor/lib/test/auto/DBDE.xml
2 ms. Memory: 503808K Free: 253952K (50%)
----------------- Invoking toplevel() on ptolemy.moml.MoMLSimpleApplication@25a406e2
----------------- Done invoking toplevel() on ptolemy.moml.MoMLSimpleApplication@25a406e2
reloadAllAccessors: .DBDE

===========================================================================================
----------------- testing Sat Aug 22 15:33:24 UTC 2020 /home/travis/build/icyphy/ptII/ptolemy/actor/lib/test/auto/DateConstructor.xml
----------------- Instantiating /home/travis/build/icyphy/ptII/ptolemy/actor/lib/test/auto/DateConstructor.xml
26 ms. Memory: 503808K Free: 237054K (47%)
----------------- Invoking toplevel() on ptolemy.moml.MoMLSimpleApplication@66c163e7
----------------- Done invoking toplevel() on ptolemy.moml.MoMLSimpleApplication@66c163e7
reloadAllAccessors: .DateConstructor

===========================================================================================
----------------- testing Sat Aug 22 15:33:24 UTC 2020 /home/travis/build/icyphy/ptII/ptolemy/actor/lib/test/auto/DelayTime.xml
----------------- Instantiating /home/travis/build/icyphy/ptII/ptolemy/actor/lib/test/auto/DelayTime.xml
9 ms. Memory: 503808K Free: 231934K (46%)
----------------- Invoking toplevel() on ptolemy.moml.MoMLSimpleApplication@21f9bc9
----------------- Done invoking toplevel() on ptolemy.moml.MoMLSimpleApplication@21f9bc9
reloadAllAccessors: .DelayTime

===========================================================================================
----------------- testing Sat Aug 22 15:33:24 UTC 2020 /home/travis/build/icyphy/ptII/ptolemy/actor/lib/test/auto/Dictionary1.xml
----------------- Instantiating /home/travis/build/icyphy/ptII/ptolemy/actor/lib/test/auto/Dictionary1.xml
2 ms. Memory: 503808K Free: 226304K (45%)
----------------- Invoking toplevel() on ptolemy.moml.MoMLSimpleApplication@110b6f9c
----------------- Done invoking toplevel() on ptolemy.moml.MoMLSimpleApplication@110b6f9c
reloadAllAccessors: .Dictionary1

===========================================================================================
----------------- testing Sat Aug 22 15:33:24 UTC 2020 /home/travis/build/icyphy/ptII/ptolemy/actor/lib/test/auto/Dictionary2.xml
----------------- Instantiating /home/travis/build/icyphy/ptII/ptolemy/actor/lib/test/auto/Dictionary2.xml
2 ms. Memory: 503808K Free: 221184K (44%)
----------------- Invoking toplevel() on ptolemy.moml.MoMLSimpleApplication@ff9102c
----------------- Done invoking toplevel() on ptolemy.moml.MoMLSimpleApplication@ff9102c
reloadAllAccessors: .Dictionary2

===========================================================================================
----------------- testing Sat Aug 22 15:33:24 UTC 2020 /home/travis/build/icyphy/ptII/ptolemy/actor/lib/test/auto/Dictionary3.xml
----------------- Instantiating /home/travis/build/icyphy/ptII/ptolemy/actor/lib/test/auto/Dictionary3.xml
1 ms. Memory: 503808K Free: 215550K (43%)
----------------- Invoking toplevel() on ptolemy.moml.MoMLSimpleApplication@53aca860
----------------- Done invoking toplevel() on ptolemy.moml.MoMLSimpleApplication@53aca860
reloadAllAccessors: .Dictionary3

===========================================================================================
----------------- testing Sat Aug 22 15:33:24 UTC 2020 /home/travis/build/icyphy/ptII/ptolemy/actor/lib/test/auto/Dictionary4.xml
----------------- Instantiating /home/travis/build/icyphy/ptII/ptolemy/actor/lib/test/auto/Dictionary4.xml
3 ms. Memory: 503808K Free: 208375K (41%)
----------------- Invoking toplevel() on ptolemy.moml.MoMLSimpleApplication@74d80d59
----------------- Done invoking toplevel() on ptolemy.moml.MoMLSimpleApplication@74d80d59
reloadAllAccessors: .Dictionary4

===========================================================================================
----------------- testing Sat Aug 22 15:33:24 UTC 2020 /home/travis/build/icyphy/ptII/ptolemy/actor/lib/test/auto/Differential.xml
----------------- Instantiating /home/travis/build/icyphy/ptII/ptolemy/actor/lib/test/auto/Differential.xml
2 ms. Memory: 503808K Free: 203776K (40%)
----------------- Invoking toplevel() on ptolemy.moml.MoMLSimpleApplication@67b549f9
----------------- Done invoking toplevel() on ptolemy.moml.MoMLSimpleApplication@67b549f9
reloadAllAccessors: .Differential

===========================================================================================
----------------- testing Sat Aug 22 15:33:24 UTC 2020 /home/travis/build/icyphy/ptII/ptolemy/actor/lib/test/auto/Director.xml
----------------- Instantiating /home/travis/build/icyphy/ptII/ptolemy/actor/lib/test/auto/Director.xml
2 ms. Memory: 503808K Free: 200704K (40%)
----------------- Invoking toplevel() on ptolemy.moml.MoMLSimpleApplication@3da6ae59
----------------- Done invoking toplevel() on ptolemy.moml.MoMLSimpleApplication@3da6ae59
reloadAllAccessors: .Director

===========================================================================================
----------------- testing Sat Aug 22 15:33:24 UTC 2020 /home/travis/build/icyphy/ptII/ptolemy/actor/lib/test/auto/DiscreteClock.xml
----------------- Instantiating /home/travis/build/icyphy/ptII/ptolemy/actor/lib/test/auto/DiscreteClock.xml
1 ms. Memory: 503808K Free: 196608K (39%)
----------------- Invoking toplevel() on ptolemy.moml.MoMLSimpleApplication@3b126038
----------------- Done invoking toplevel() on ptolemy.moml.MoMLSimpleApplication@3b126038
reloadAllAccessors: .DiscreteClock

===========================================================================================
----------------- testing Sat Aug 22 15:33:24 UTC 2020 /home/travis/build/icyphy/ptII/ptolemy/actor/lib/test/auto/DiscreteClock10.xml
----------------- Instantiating /home/travis/build/icyphy/ptII/ptolemy/actor/lib/test/auto/DiscreteClock10.xml
3 ms. Memory: 503808K Free: 190464K (38%)
----------------- Invoking toplevel() on ptolemy.moml.MoMLSimpleApplication@14427c31
----------------- Done invoking toplevel() on ptolemy.moml.MoMLSimpleApplication@14427c31
reloadAllAccessors: .DiscreteClock10

===========================================================================================
----------------- testing Sat Aug 22 15:33:24 UTC 2020 /home/travis/build/icyphy/ptII/ptolemy/actor/lib/test/auto/DiscreteClock11.xml
----------------- Instantiating /home/travis/build/icyphy/ptII/ptolemy/actor/lib/test/auto/DiscreteClock11.xml
2 ms. Memory: 503808K Free: 184830K (37%)
----------------- Invoking toplevel() on ptolemy.moml.MoMLSimpleApplication@dcfd22c
----------------- Done invoking toplevel() on ptolemy.moml.MoMLSimpleApplication@dcfd22c
reloadAllAccessors: .DiscreteClock11

===========================================================================================
----------------- testing Sat Aug 22 15:33:24 UTC 2020 /home/travis/build/icyphy/ptII/ptolemy/actor/lib/test/auto/DiscreteClock12.xml
----------------- Instantiating /home/travis/build/icyphy/ptII/ptolemy/actor/lib/test/auto/DiscreteClock12.xml
4 ms. Memory: 503808K Free: 178686K (35%)
----------------- Invoking toplevel() on ptolemy.moml.MoMLSimpleApplication@33595d0e
----------------- Done invoking toplevel() on ptolemy.moml.MoMLSimpleApplication@33595d0e
reloadAllAccessors: .DiscreteClock12

===========================================================================================
----------------- testing Sat Aug 22 15:33:24 UTC 2020 /home/travis/build/icyphy/ptII/ptolemy/actor/lib/test/auto/DiscreteClock13.xml
----------------- Instantiating /home/travis/build/icyphy/ptII/ptolemy/actor/lib/test/auto/DiscreteClock13.xml
5 ms. Memory: 503808K Free: 172511K (34%)
----------------- Invoking toplevel() on ptolemy.moml.MoMLSimpleApplication@459680b
----------------- Done invoking toplevel() on ptolemy.moml.MoMLSimpleApplication@459680b
reloadAllAccessors: .DiscreteClock13

===========================================================================================
----------------- testing Sat Aug 22 15:33:24 UTC 2020 /home/travis/build/icyphy/ptII/ptolemy/actor/lib/test/auto/DiscreteClock14.xml
----------------- Instantiating /home/travis/build/icyphy/ptII/ptolemy/actor/lib/test/auto/DiscreteClock14.xml
6 ms. Memory: 503808K Free: 166367K (33%)
----------------- Invoking toplevel() on ptolemy.moml.MoMLSimpleApplication@22704a6b
----------------- Done invoking toplevel() on ptolemy.moml.MoMLSimpleApplication@22704a6b
reloadAllAccessors: .DiscreteClock14

===========================================================================================
----------------- testing Sat Aug 22 15:33:24 UTC 2020 /home/travis/build/icyphy/ptII/ptolemy/actor/lib/test/auto/DiscreteClock15.xml
----------------- Instantiating /home/travis/build/icyphy/ptII/ptolemy/actor/lib/test/auto/DiscreteClock15.xml
4 ms. Memory: 503808K Free: 160223K (32%)
----------------- Invoking toplevel() on ptolemy.moml.MoMLSimpleApplication@56022681
----------------- Done invoking toplevel() on ptolemy.moml.MoMLSimpleApplication@56022681
reloadAllAccessors: .DiscreteClock15

===========================================================================================
----------------- testing Sat Aug 22 15:33:24 UTC 2020 /home/travis/build/icyphy/ptII/ptolemy/actor/lib/test/auto/DiscreteClock16.xml
----------------- Instantiating /home/travis/build/icyphy/ptII/ptolemy/actor/lib/test/auto/DiscreteClock16.xml
13 ms. Memory: 503808K Free: 447401K (89%)
----------------- Invoking toplevel() on ptolemy.moml.MoMLSimpleApplication@59b0004f
----------------- Done invoking toplevel() on ptolemy.moml.MoMLSimpleApplication@59b0004f
reloadAllAccessors: .DiscreteClock16

===========================================================================================
----------------- testing Sat Aug 22 15:33:24 UTC 2020 /home/travis/build/icyphy/ptII/ptolemy/actor/lib/test/auto/DiscreteClock17.xml
----------------- Instantiating /home/travis/build/icyphy/ptII/ptolemy/actor/lib/test/auto/DiscreteClock17.xml
16 ms. Memory: 503808K Free: 433079K (86%)
----------------- Invoking toplevel() on ptolemy.moml.MoMLSimpleApplication@507dd387
----------------- Done invoking toplevel() on ptolemy.moml.MoMLSimpleApplication@507dd387
reloadAllAccessors: .DiscreteClock17

===========================================================================================
----------------- testing Sat Aug 22 15:33:24 UTC 2020 /home/travis/build/icyphy/ptII/ptolemy/actor/lib/test/auto/DiscreteClock18.xml
----------------- Instantiating /home/travis/build/icyphy/ptII/ptolemy/actor/lib/test/auto/DiscreteClock18.xml
21 ms. Memory: 503808K Free: 419767K (83%)
----------------- Invoking toplevel() on ptolemy.moml.MoMLSimpleApplication@306e0f4b
----------------- Done invoking toplevel() on ptolemy.moml.MoMLSimpleApplication@306e0f4b
reloadAllAccessors: .DiscreteClock18

===========================================================================================
----------------- testing Sat Aug 22 15:33:24 UTC 2020 /home/travis/build/icyphy/ptII/ptolemy/actor/lib/test/auto/DiscreteClock19.xml
----------------- Instantiating /home/travis/build/icyphy/ptII/ptolemy/actor/lib/test/auto/DiscreteClock19.xml
12 ms. Memory: 503808K Free: 405417K (80%)
----------------- Invoking toplevel() on ptolemy.moml.MoMLSimpleApplication@742b7910
----------------- Done invoking toplevel() on ptolemy.moml.MoMLSimpleApplication@742b7910
reloadAllAccessors: .DiscreteClock19

===========================================================================================
----------------- testing Sat Aug 22 15:33:24 UTC 2020 /home/travis/build/icyphy/ptII/ptolemy/actor/lib/test/auto/DiscreteClock2.xml
----------------- Instantiating /home/travis/build/icyphy/ptII/ptolemy/actor/lib/test/auto/DiscreteClock2.xml
4 ms. Memory: 503808K Free: 400297K (79%)
----------------- Invoking toplevel() on ptolemy.moml.MoMLSimpleApplication@3cd28f7a
----------------- Done invoking toplevel() on ptolemy.moml.MoMLSimpleApplication@3cd28f7a
reloadAllAccessors: .DiscreteClock2

===========================================================================================
----------------- testing Sat Aug 22 15:33:24 UTC 2020 /home/travis/build/icyphy/ptII/ptolemy/actor/lib/test/auto/DiscreteClock20.xml
----------------- Instantiating /home/travis/build/icyphy/ptII/ptolemy/actor/lib/test/auto/DiscreteClock20.xml
6 ms. Memory: 503808K Free: 395191K (78%)
----------------- Invoking toplevel() on ptolemy.moml.MoMLSimpleApplication@467f6f37
----------------- Done invoking toplevel() on ptolemy.moml.MoMLSimpleApplication@467f6f37
reloadAllAccessors: .DiscreteClock20

===========================================================================================
----------------- testing Sat Aug 22 15:33:24 UTC 2020 /home/travis/build/icyphy/ptII/ptolemy/actor/lib/test/auto/DiscreteClock21.xml
----------------- Instantiating /home/travis/build/icyphy/ptII/ptolemy/actor/lib/test/auto/DiscreteClock21.xml
9 ms. Memory: 503808K Free: 389561K (77%)
----------------- Invoking toplevel() on ptolemy.moml.MoMLSimpleApplication@1d437514
----------------- Done invoking toplevel() on ptolemy.moml.MoMLSimpleApplication@1d437514
reloadAllAccessors: .DiscreteClock21

===========================================================================================
----------------- testing Sat Aug 22 15:33:24 UTC 2020 /home/travis/build/icyphy/ptII/ptolemy/actor/lib/test/auto/DiscreteClock22.xml
----------------- Instantiating /home/travis/build/icyphy/ptII/ptolemy/actor/lib/test/auto/DiscreteClock22.xml
5 ms. Memory: 503808K Free: 383927K (76%)
----------------- Invoking toplevel() on ptolemy.moml.MoMLSimpleApplication@40c664af
----------------- Done invoking toplevel() on ptolemy.moml.MoMLSimpleApplication@40c664af
reloadAllAccessors: .DiscreteClock22

===========================================================================================
----------------- testing Sat Aug 22 15:33:24 UTC 2020 /home/travis/build/icyphy/ptII/ptolemy/actor/lib/test/auto/DiscreteClock23.xml
----------------- Instantiating /home/travis/build/icyphy/ptII/ptolemy/actor/lib/test/auto/DiscreteClock23.xml
11 ms. Memory: 503808K Free: 378297K (75%)
----------------- Invoking toplevel() on ptolemy.moml.MoMLSimpleApplication@26821e66
----------------- Done invoking toplevel() on ptolemy.moml.MoMLSimpleApplication@26821e66
reloadAllAccessors: .DiscreteClock23

===========================================================================================
----------------- testing Sat Aug 22 15:33:24 UTC 2020 /home/travis/build/icyphy/ptII/ptolemy/actor/lib/test/auto/DiscreteClock24.xml
----------------- Instantiating /home/travis/build/icyphy/ptII/ptolemy/actor/lib/test/auto/DiscreteClock24.xml
12 ms. Memory: 503808K Free: 373177K (74%)
----------------- Invoking toplevel() on ptolemy.moml.MoMLSimpleApplication@1281c9e6
----------------- Done invoking toplevel() on ptolemy.moml.MoMLSimpleApplication@1281c9e6
reloadAllAccessors: .DiscreteClock24

===========================================================================================
----------------- testing Sat Aug 22 15:33:25 UTC 2020 /home/travis/build/icyphy/ptII/ptolemy/actor/lib/test/auto/DiscreteClock4.xml
----------------- Instantiating /home/travis/build/icyphy/ptII/ptolemy/actor/lib/test/auto/DiscreteClock4.xml
5 ms. Memory: 503808K Free: 367545K (73%)
----------------- Invoking toplevel() on ptolemy.moml.MoMLSimpleApplication@16824d62
----------------- Done invoking toplevel() on ptolemy.moml.MoMLSimpleApplication@16824d62
reloadAllAccessors: .DiscreteClock4

===========================================================================================
----------------- testing Sat Aug 22 15:33:25 UTC 2020 /home/travis/build/icyphy/ptII/ptolemy/actor/lib/test/auto/DiscreteClock5.xml
----------------- Instantiating /home/travis/build/icyphy/ptII/ptolemy/actor/lib/test/auto/DiscreteClock5.xml
1 ms. Memory: 503808K Free: 361913K (72%)
----------------- Invoking toplevel() on ptolemy.moml.MoMLSimpleApplication@4000ddc
----------------- Done invoking toplevel() on ptolemy.moml.MoMLSimpleApplication@4000ddc
reloadAllAccessors: .DiscreteClock5

===========================================================================================
----------------- testing Sat Aug 22 15:33:25 UTC 2020 /home/travis/build/icyphy/ptII/ptolemy/actor/lib/test/auto/DiscreteClock6.xml
----------------- Instantiating /home/travis/build/icyphy/ptII/ptolemy/actor/lib/test/auto/DiscreteClock6.xml
1 ms. Memory: 503808K Free: 357303K (71%)
----------------- Invoking toplevel() on ptolemy.moml.MoMLSimpleApplication@3620786b
----------------- Done invoking toplevel() on ptolemy.moml.MoMLSimpleApplication@3620786b
reloadAllAccessors: .DiscreteClock6

===========================================================================================
----------------- testing Sat Aug 22 15:33:25 UTC 2020 /home/travis/build/icyphy/ptII/ptolemy/actor/lib/test/auto/DiscreteClock7.xml
----------------- Instantiating /home/travis/build/icyphy/ptII/ptolemy/actor/lib/test/auto/DiscreteClock7.xml
1 ms. Memory: 503808K Free: 353207K (70%)
----------------- Invoking toplevel() on ptolemy.moml.MoMLSimpleApplication@429c9082
----------------- Done invoking toplevel() on ptolemy.moml.MoMLSimpleApplication@429c9082
reloadAllAccessors: .DiscreteClock7

===========================================================================================
----------------- testing Sat Aug 22 15:33:25 UTC 2020 /home/travis/build/icyphy/ptII/ptolemy/actor/lib/test/auto/DiscreteClock8.xml
----------------- Instantiating /home/travis/build/icyphy/ptII/ptolemy/actor/lib/test/auto/DiscreteClock8.xml
4 ms. Memory: 503808K Free: 347577K (69%)
----------------- Invoking toplevel() on ptolemy.moml.MoMLSimpleApplication@6303ee94
----------------- Done invoking toplevel() on ptolemy.moml.MoMLSimpleApplication@6303ee94
reloadAllAccessors: .DiscreteClock8

===========================================================================================
----------------- testing Sat Aug 22 15:33:25 UTC 2020 /home/travis/build/icyphy/ptII/ptolemy/actor/lib/test/auto/DiscreteClock9.xml
----------------- Instantiating /home/travis/build/icyphy/ptII/ptolemy/actor/lib/test/auto/DiscreteClock9.xml
3 ms. Memory: 503808K Free: 341433K (68%)
----------------- Invoking toplevel() on ptolemy.moml.MoMLSimpleApplication@55bc30c1
----------------- Done invoking toplevel() on ptolemy.moml.MoMLSimpleApplication@55bc30c1
reloadAllAccessors: .DiscreteClock9

===========================================================================================
----------------- testing Sat Aug 22 15:33:25 UTC 2020 /home/travis/build/icyphy/ptII/ptolemy/actor/lib/test/auto/DisplayArray.xml
----------------- Instantiating /home/travis/build/icyphy/ptII/ptolemy/actor/lib/test/auto/DisplayArray.xml
2 ms. Memory: 503808K Free: 337847K (67%)
----------------- Invoking toplevel() on ptolemy.moml.MoMLSimpleApplication@5ce2e182
----------------- Done invoking toplevel() on ptolemy.moml.MoMLSimpleApplication@5ce2e182
reloadAllAccessors: .DisplayArray

===========================================================================================
----------------- testing Sat Aug 22 15:33:25 UTC 2020 /home/travis/build/icyphy/ptII/ptolemy/actor/lib/test/auto/Distributor.xml
----------------- Instantiating /home/travis/build/icyphy/ptII/ptolemy/actor/lib/test/auto/Distributor.xml
2 ms. Memory: 503808K Free: 332727K (66%)
----------------- Invoking toplevel() on ptolemy.moml.MoMLSimpleApplication@482f70b6
----------------- Done invoking toplevel() on ptolemy.moml.MoMLSimpleApplication@482f70b6
reloadAllAccessors: .Distributor

===========================================================================================
----------------- testing Sat Aug 22 15:33:25 UTC 2020 /home/travis/build/icyphy/ptII/ptolemy/actor/lib/test/auto/Distributor2.xml
----------------- Instantiating /home/travis/build/icyphy/ptII/ptolemy/actor/lib/test/auto/Distributor2.xml
2 ms. Memory: 503808K Free: 328121K (65%)
----------------- Invoking toplevel() on ptolemy.moml.MoMLSimpleApplication@622508fa
----------------- Done invoking toplevel() on ptolemy.moml.MoMLSimpleApplication@622508fa
reloadAllAccessors: .Distributor2

===========================================================================================
----------------- testing Sat Aug 22 15:33:25 UTC 2020 /home/travis/build/icyphy/ptII/ptolemy/actor/lib/test/auto/DownSample.xml
----------------- Instantiating /home/travis/build/icyphy/ptII/ptolemy/actor/lib/test/auto/DownSample.xml
2 ms. Memory: 503808K Free: 323511K (64%)
----------------- Invoking toplevel() on ptolemy.moml.MoMLSimpleApplication@5ab0a304
----------------- Done invoking toplevel() on ptolemy.moml.MoMLSimpleApplication@5ab0a304
reloadAllAccessors: .DownSample

===========================================================================================
----------------- testing Sat Aug 22 15:33:25 UTC 2020 /home/travis/build/icyphy/ptII/ptolemy/actor/lib/test/auto/ElectronicUnitBase1.xml
----------------- Instantiating /home/travis/build/icyphy/ptII/ptolemy/actor/lib/test/auto/ElectronicUnitBase1.xml
16 ms. Memory: 503808K Free: 307127K (61%)
----------------- Invoking toplevel() on ptolemy.moml.MoMLSimpleApplication@7381b55a
----------------- Done invoking toplevel() on ptolemy.moml.MoMLSimpleApplication@7381b55a
reloadAllAccessors: .ElectronicUnitBase1

===========================================================================================
----------------- testing Sat Aug 22 15:33:25 UTC 2020 /home/travis/build/icyphy/ptII/ptolemy/actor/lib/test/auto/ElementsToArray.xml
----------------- Instantiating /home/travis/build/icyphy/ptII/ptolemy/actor/lib/test/auto/ElementsToArray.xml
2 ms. Memory: 503808K Free: 302007K (60%)
----------------- Invoking toplevel() on ptolemy.moml.MoMLSimpleApplication@293d2605
----------------- Done invoking toplevel() on ptolemy.moml.MoMLSimpleApplication@293d2605
reloadAllAccessors: .ElementsToArray

===========================================================================================
----------------- testing Sat Aug 22 15:33:25 UTC 2020 /home/travis/build/icyphy/ptII/ptolemy/actor/lib/test/auto/Equals.xml
----------------- Instantiating /home/travis/build/icyphy/ptII/ptolemy/actor/lib/test/auto/Equals.xml
3 ms. Memory: 503808K Free: 297401K (59%)
----------------- Invoking toplevel() on ptolemy.moml.MoMLSimpleApplication@3fad76b6
----------------- Done invoking toplevel() on ptolemy.moml.MoMLSimpleApplication@3fad76b6
reloadAllAccessors: .Equals

===========================================================================================
----------------- testing Sat Aug 22 15:33:25 UTC 2020 /home/travis/build/icyphy/ptII/ptolemy/actor/lib/test/auto/Exec.xml
----------------- Instantiating /home/travis/build/icyphy/ptII/ptolemy/actor/lib/test/auto/Exec.xml
14 ms. Memory: 503808K Free: 291767K (58%)
----------------- Invoking toplevel() on ptolemy.moml.MoMLSimpleApplication@7c8e1949
----------------- Done invoking toplevel() on ptolemy.moml.MoMLSimpleApplication@7c8e1949
reloadAllAccessors: .Exec

===========================================================================================
----------------- testing Sat Aug 22 15:33:25 UTC 2020 /home/travis/build/icyphy/ptII/ptolemy/actor/lib/test/auto/ExecEnvironment.xml
----------------- Instantiating /home/travis/build/icyphy/ptII/ptolemy/actor/lib/test/auto/ExecEnvironment.xml
25 ms. Memory: 503808K Free: 286137K (57%)
----------------- Invoking toplevel() on ptolemy.moml.MoMLSimpleApplication@6d18554d
----------------- Done invoking toplevel() on ptolemy.moml.MoMLSimpleApplication@6d18554d
reloadAllAccessors: .ExecEnvironment

===========================================================================================
----------------- testing Sat Aug 22 15:33:25 UTC 2020 /home/travis/build/icyphy/ptII/ptolemy/actor/lib/test/auto/ExecNonZeroReturnOutput.xml
----------------- Instantiating /home/travis/build/icyphy/ptII/ptolemy/actor/lib/test/auto/ExecNonZeroReturnOutput.xml
167 ms. Memory: 503808K Free: 274873K (55%)
----------------- Invoking toplevel() on ptolemy.moml.MoMLSimpleApplication@7857643a
----------------- Done invoking toplevel() on ptolemy.moml.MoMLSimpleApplication@7857643a
reloadAllAccessors: .ExecNonZeroReturnOutput

===========================================================================================
----------------- testing Sat Aug 22 15:33:25 UTC 2020 /home/travis/build/icyphy/ptII/ptolemy/actor/lib/test/auto/ExecRunDemos.xml
----------------- Instantiating /home/travis/build/icyphy/ptII/ptolemy/actor/lib/test/auto/ExecRunDemos.xml
Finished: 65 ms. Memory: 129024K Free: 112430K (87%)

Finished: 66 ms. Memory: 129024K Free: 109631K (85%)

Finished: 78 ms. Memory: 129024K Free: 109694K (85%)

Finished: 101 ms. Memory: 129024K Free: 111124K (86%)

Finished: 76 ms. Memory: 129024K Free: 112002K (87%)

10614 ms. Memory: 503808K Free: 253367K (50%)
----------------- Invoking toplevel() on ptolemy.moml.MoMLSimpleApplication@703e4b94
----------------- Done invoking toplevel() on ptolemy.moml.MoMLSimpleApplication@703e4b94
reloadAllAccessors: .ExecRunDemos

===========================================================================================
----------------- testing Sat Aug 22 15:33:36 UTC 2020 /home/travis/build/icyphy/ptII/ptolemy/actor/lib/test/auto/ExecStop.xml
----------------- Instantiating /home/travis/build/icyphy/ptII/ptolemy/actor/lib/test/auto/ExecStop.xml
5023 ms. Memory: 503808K Free: 433547K (86%)
----------------- Invoking toplevel() on ptolemy.moml.MoMLSimpleApplication@308d8e33
----------------- Done invoking toplevel() on ptolemy.moml.MoMLSimpleApplication@308d8e33
reloadAllAccessors: .ExecStop

===========================================================================================
----------------- testing Sat Aug 22 15:33:41 UTC 2020 /home/travis/build/icyphy/ptII/ptolemy/actor/lib/test/auto/ExecutionTimeSDF.xml
----------------- Instantiating /home/travis/build/icyphy/ptII/ptolemy/actor/lib/test/auto/ExecutionTimeSDF.xml
Fired ExecutionTime: -670567296
Fired ExecutionTime: 1384000000
Fired ExecutionTime: -189367296
6005 ms. Memory: 503808K Free: 420235K (83%)
----------------- Invoking toplevel() on ptolemy.moml.MoMLSimpleApplication@31ea2df7
----------------- Done invoking toplevel() on ptolemy.moml.MoMLSimpleApplication@31ea2df7
reloadAllAccessors: .ExecutionTimeSDF

===========================================================================================
----------------- testing Sat Aug 22 15:33:47 UTC 2020 /home/travis/build/icyphy/ptII/ptolemy/actor/lib/test/auto/Expression1.xml
----------------- Instantiating /home/travis/build/icyphy/ptII/ptolemy/actor/lib/test/auto/Expression1.xml
2 ms. Memory: 503808K Free: 416649K (83%)
----------------- Invoking toplevel() on ptolemy.moml.MoMLSimpleApplication@56b40346
----------------- Done invoking toplevel() on ptolemy.moml.MoMLSimpleApplication@56b40346
reloadAllAccessors: .Expression1

===========================================================================================
----------------- testing Sat Aug 22 15:33:47 UTC 2020 /home/travis/build/icyphy/ptII/ptolemy/actor/lib/test/auto/Expression10.xml
----------------- Instantiating /home/travis/build/icyphy/ptII/ptolemy/actor/lib/test/auto/Expression10.xml
7 ms. Memory: 503808K Free: 411529K (82%)
----------------- Invoking toplevel() on ptolemy.moml.MoMLSimpleApplication@f7abab7
----------------- Done invoking toplevel() on ptolemy.moml.MoMLSimpleApplication@f7abab7
reloadAllAccessors: .Expression10

===========================================================================================
----------------- testing Sat Aug 22 15:33:47 UTC 2020 /home/travis/build/icyphy/ptII/ptolemy/actor/lib/test/auto/Expression11.xml
----------------- Instantiating /home/travis/build/icyphy/ptII/ptolemy/actor/lib/test/auto/Expression11.xml
2 ms. Memory: 503808K Free: 406923K (81%)
----------------- Invoking toplevel() on ptolemy.moml.MoMLSimpleApplication@1985cb49
----------------- Done invoking toplevel() on ptolemy.moml.MoMLSimpleApplication@1985cb49
reloadAllAccessors: .Expression11

===========================================================================================
----------------- testing Sat Aug 22 15:33:47 UTC 2020 /home/travis/build/icyphy/ptII/ptolemy/actor/lib/test/auto/Expression12.xml
----------------- Instantiating /home/travis/build/icyphy/ptII/ptolemy/actor/lib/test/auto/Expression12.xml
3 ms. Memory: 503808K Free: 401289K (80%)
----------------- Invoking toplevel() on ptolemy.moml.MoMLSimpleApplication@44606979
----------------- Done invoking toplevel() on ptolemy.moml.MoMLSimpleApplication@44606979
reloadAllAccessors: .Expression12

===========================================================================================
----------------- testing Sat Aug 22 15:33:47 UTC 2020 /home/travis/build/icyphy/ptII/ptolemy/actor/lib/test/auto/Expression13.xml
----------------- Instantiating /home/travis/build/icyphy/ptII/ptolemy/actor/lib/test/auto/Expression13.xml
2 ms. Memory: 503808K Free: 396169K (79%)
----------------- Invoking toplevel() on ptolemy.moml.MoMLSimpleApplication@3a759c4a
----------------- Done invoking toplevel() on ptolemy.moml.MoMLSimpleApplication@3a759c4a
reloadAllAccessors: .Expression13

===========================================================================================
----------------- testing Sat Aug 22 15:33:47 UTC 2020 /home/travis/build/icyphy/ptII/ptolemy/actor/lib/test/auto/Expression14.xml
----------------- Instantiating /home/travis/build/icyphy/ptII/ptolemy/actor/lib/test/auto/Expression14.xml
9 ms. Memory: 503808K Free: 390025K (77%)
----------------- Invoking toplevel() on ptolemy.moml.MoMLSimpleApplication@222158b7
----------------- Done invoking toplevel() on ptolemy.moml.MoMLSimpleApplication@222158b7
reloadAllAccessors: .Expression14

===========================================================================================
----------------- testing Sat Aug 22 15:33:47 UTC 2020 /home/travis/build/icyphy/ptII/ptolemy/actor/lib/test/auto/Expression15.xml
----------------- Instantiating /home/travis/build/icyphy/ptII/ptolemy/actor/lib/test/auto/Expression15.xml
1 ms. Memory: 503808K Free: 386443K (77%)
----------------- Invoking toplevel() on ptolemy.moml.MoMLSimpleApplication@1d906839
----------------- Done invoking toplevel() on ptolemy.moml.MoMLSimpleApplication@1d906839
reloadAllAccessors: .Expression15

===========================================================================================
----------------- testing Sat Aug 22 15:33:47 UTC 2020 /home/travis/build/icyphy/ptII/ptolemy/actor/lib/test/auto/Expression16.xml
----------------- Instantiating /home/travis/build/icyphy/ptII/ptolemy/actor/lib/test/auto/Expression16.xml
4 ms. Memory: 503808K Free: 381323K (76%)
----------------- Invoking toplevel() on ptolemy.moml.MoMLSimpleApplication@8bd921b
----------------- Done invoking toplevel() on ptolemy.moml.MoMLSimpleApplication@8bd921b
reloadAllAccessors: .Expression16

===========================================================================================
----------------- testing Sat Aug 22 15:33:47 UTC 2020 /home/travis/build/icyphy/ptII/ptolemy/actor/lib/test/auto/Expression17.xml
----------------- Instantiating /home/travis/build/icyphy/ptII/ptolemy/actor/lib/test/auto/Expression17.xml
3 ms. Memory: 503808K Free: 376203K (75%)
----------------- Invoking toplevel() on ptolemy.moml.MoMLSimpleApplication@37afae90
----------------- Done invoking toplevel() on ptolemy.moml.MoMLSimpleApplication@37afae90
reloadAllAccessors: .Expression17

===========================================================================================
----------------- testing Sat Aug 22 15:33:47 UTC 2020 /home/travis/build/icyphy/ptII/ptolemy/actor/lib/test/auto/Expression18.xml
----------------- Instantiating /home/travis/build/icyphy/ptII/ptolemy/actor/lib/test/auto/Expression18.xml
2 ms. Memory: 503808K Free: 370569K (74%)
----------------- Invoking toplevel() on ptolemy.moml.MoMLSimpleApplication@160f0648
----------------- Done invoking toplevel() on ptolemy.moml.MoMLSimpleApplication@160f0648
reloadAllAccessors: .Expression18

===========================================================================================
----------------- testing Sat Aug 22 15:33:47 UTC 2020 /home/travis/build/icyphy/ptII/ptolemy/actor/lib/test/auto/Expression2.xml
----------------- Instantiating /home/travis/build/icyphy/ptII/ptolemy/actor/lib/test/auto/Expression2.xml
2 ms. Memory: 503808K Free: 365449K (73%)
----------------- Invoking toplevel() on ptolemy.moml.MoMLSimpleApplication@4073dea0
----------------- Done invoking toplevel() on ptolemy.moml.MoMLSimpleApplication@4073dea0
reloadAllAccessors: .Expression2

===========================================================================================
----------------- testing Sat Aug 22 15:33:47 UTC 2020 /home/travis/build/icyphy/ptII/ptolemy/actor/lib/test/auto/Expression3.xml
----------------- Instantiating /home/travis/build/icyphy/ptII/ptolemy/actor/lib/test/auto/Expression3.xml
5 ms. Memory: 503808K Free: 360329K (72%)
----------------- Invoking toplevel() on ptolemy.moml.MoMLSimpleApplication@188ca8f0
----------------- Done invoking toplevel() on ptolemy.moml.MoMLSimpleApplication@188ca8f0
reloadAllAccessors: .Expression3

===========================================================================================
----------------- testing Sat Aug 22 15:33:47 UTC 2020 /home/travis/build/icyphy/ptII/ptolemy/actor/lib/test/auto/Expression4.xml
----------------- Instantiating /home/travis/build/icyphy/ptII/ptolemy/actor/lib/test/auto/Expression4.xml
5 ms. Memory: 503808K Free: 353161K (70%)
----------------- Invoking toplevel() on ptolemy.moml.MoMLSimpleApplication@38d864af
----------------- Done invoking toplevel() on ptolemy.moml.MoMLSimpleApplication@38d864af
reloadAllAccessors: .Expression4

===========================================================================================
----------------- testing Sat Aug 22 15:33:47 UTC 2020 /home/travis/build/icyphy/ptII/ptolemy/actor/lib/test/auto/Expression5.xml
----------------- Instantiating /home/travis/build/icyphy/ptII/ptolemy/actor/lib/test/auto/Expression5.xml
3 ms. Memory: 503808K Free: 348041K (69%)
----------------- Invoking toplevel() on ptolemy.moml.MoMLSimpleApplication@10827f42
----------------- Done invoking toplevel() on ptolemy.moml.MoMLSimpleApplication@10827f42
reloadAllAccessors: .Expression5

===========================================================================================
----------------- testing Sat Aug 22 15:33:47 UTC 2020 /home/travis/build/icyphy/ptII/ptolemy/actor/lib/test/auto/Expression6.xml
----------------- Instantiating /home/travis/build/icyphy/ptII/ptolemy/actor/lib/test/auto/Expression6.xml
2 ms. Memory: 503808K Free: 343435K (68%)
----------------- Invoking toplevel() on ptolemy.moml.MoMLSimpleApplication@45567efe
----------------- Done invoking toplevel() on ptolemy.moml.MoMLSimpleApplication@45567efe
reloadAllAccessors: .Expression6

===========================================================================================
----------------- testing Sat Aug 22 15:33:47 UTC 2020 /home/travis/build/icyphy/ptII/ptolemy/actor/lib/test/auto/Expression7.xml
----------------- Instantiating /home/travis/build/icyphy/ptII/ptolemy/actor/lib/test/auto/Expression7.xml
2 ms. Memory: 503808K Free: 338315K (67%)
----------------- Invoking toplevel() on ptolemy.moml.MoMLSimpleApplication@51b68afc
----------------- Done invoking toplevel() on ptolemy.moml.MoMLSimpleApplication@51b68afc
reloadAllAccessors: .Expression7

===========================================================================================
----------------- testing Sat Aug 22 15:33:47 UTC 2020 /home/travis/build/icyphy/ptII/ptolemy/actor/lib/test/auto/Expression8.xml
----------------- Instantiating /home/travis/build/icyphy/ptII/ptolemy/actor/lib/test/auto/Expression8.xml
9 ms. Memory: 503808K Free: 333195K (66%)
----------------- Invoking toplevel() on ptolemy.moml.MoMLSimpleApplication@784be621
----------------- Done invoking toplevel() on ptolemy.moml.MoMLSimpleApplication@784be621
reloadAllAccessors: .Expression8

===========================================================================================
----------------- testing Sat Aug 22 15:33:47 UTC 2020 /home/travis/build/icyphy/ptII/ptolemy/actor/lib/test/auto/Expression9.xml
----------------- Instantiating /home/travis/build/icyphy/ptII/ptolemy/actor/lib/test/auto/Expression9.xml
0 ms. Memory: 503808K Free: 329099K (65%)
----------------- Invoking toplevel() on ptolemy.moml.MoMLSimpleApplication@5d0a7575
----------------- Done invoking toplevel() on ptolemy.moml.MoMLSimpleApplication@5d0a7575
reloadAllAccessors: .Expression9

===========================================================================================
----------------- testing Sat Aug 22 15:33:47 UTC 2020 /home/travis/build/icyphy/ptII/ptolemy/actor/lib/test/auto/ExpressionConcatenateArrayType.xml
----------------- Instantiating /home/travis/build/icyphy/ptII/ptolemy/actor/lib/test/auto/ExpressionConcatenateArrayType.xml
3 ms. Memory: 503808K Free: 322955K (64%)
----------------- Invoking toplevel() on ptolemy.moml.MoMLSimpleApplication@5ff7dac5
----------------- Done invoking toplevel() on ptolemy.moml.MoMLSimpleApplication@5ff7dac5
reloadAllAccessors: .ExpressionConcatenateArrayType

===========================================================================================
----------------- testing Sat Aug 22 15:33:47 UTC 2020 /home/travis/build/icyphy/ptII/ptolemy/actor/lib/test/auto/ExpressionConcatenateArrayType2.xml
----------------- Instantiating /home/travis/build/icyphy/ptII/ptolemy/actor/lib/test/auto/ExpressionConcatenateArrayType2.xml
2 ms. Memory: 503808K Free: 317321K (63%)
----------------- Invoking toplevel() on ptolemy.moml.MoMLSimpleApplication@3eb7a4e3
----------------- Done invoking toplevel() on ptolemy.moml.MoMLSimpleApplication@3eb7a4e3
reloadAllAccessors: .ExpressionConcatenateArrayType2

===========================================================================================
----------------- testing Sat Aug 22 15:33:47 UTC 2020 /home/travis/build/icyphy/ptII/ptolemy/actor/lib/test/auto/ExpressionFix.xml
----------------- Instantiating /home/travis/build/icyphy/ptII/ptolemy/actor/lib/test/auto/ExpressionFix.xml
22 ms. Memory: 503808K Free: 310667K (62%)
----------------- Invoking toplevel() on ptolemy.moml.MoMLSimpleApplication@61132479
----------------- Done invoking toplevel() on ptolemy.moml.MoMLSimpleApplication@61132479
reloadAllAccessors: .ExpressionFix

===========================================================================================
----------------- testing Sat Aug 22 15:33:47 UTC 2020 /home/travis/build/icyphy/ptII/ptolemy/actor/lib/test/auto/ExpressionFix2.xml
----------------- Instantiating /home/travis/build/icyphy/ptII/ptolemy/actor/lib/test/auto/ExpressionFix2.xml
4 ms. Memory: 503808K Free: 306571K (61%)
----------------- Invoking toplevel() on ptolemy.moml.MoMLSimpleApplication@7b75f682
----------------- Done invoking toplevel() on ptolemy.moml.MoMLSimpleApplication@7b75f682
reloadAllAccessors: .ExpressionFix2

===========================================================================================
----------------- testing Sat Aug 22 15:33:47 UTC 2020 /home/travis/build/icyphy/ptII/ptolemy/actor/lib/test/auto/ExpressionFix3.xml
----------------- Instantiating /home/travis/build/icyphy/ptII/ptolemy/actor/lib/test/auto/ExpressionFix3.xml
2 ms. Memory: 503808K Free: 301961K (60%)
----------------- Invoking toplevel() on ptolemy.moml.MoMLSimpleApplication@7fe1b584
----------------- Done invoking toplevel() on ptolemy.moml.MoMLSimpleApplication@7fe1b584
reloadAllAccessors: .ExpressionFix3

===========================================================================================
----------------- testing Sat Aug 22 15:33:47 UTC 2020 /home/travis/build/icyphy/ptII/ptolemy/actor/lib/test/auto/FileWriter1.xml
----------------- Instantiating /home/travis/build/icyphy/ptII/ptolemy/actor/lib/test/auto/FileWriter1.xml
2 ms. Memory: 503808K Free: 297865K (59%)
----------------- Invoking toplevel() on ptolemy.moml.MoMLSimpleApplication@384523c5
----------------- Done invoking toplevel() on ptolemy.moml.MoMLSimpleApplication@384523c5
reloadAllAccessors: .FileWriter1

===========================================================================================
----------------- testing Sat Aug 22 15:33:47 UTC 2020 /home/travis/build/icyphy/ptII/ptolemy/actor/lib/test/auto/FileWriter2.xml
----------------- Instantiating /home/travis/build/icyphy/ptII/ptolemy/actor/lib/test/auto/FileWriter2.xml
2 ms. Memory: 503808K Free: 293755K (58%)
----------------- Invoking toplevel() on ptolemy.moml.MoMLSimpleApplication@3954ea0f
----------------- Done invoking toplevel() on ptolemy.moml.MoMLSimpleApplication@3954ea0f
reloadAllAccessors: .FileWriter2

===========================================================================================
----------------- testing Sat Aug 22 15:33:47 UTC 2020 /home/travis/build/icyphy/ptII/ptolemy/actor/lib/test/auto/FileWriter3.xml
----------------- Instantiating /home/travis/build/icyphy/ptII/ptolemy/actor/lib/test/auto/FileWriter3.xml
4 ms. Memory: 503808K Free: 289673K (57%)
----------------- Invoking toplevel() on ptolemy.moml.MoMLSimpleApplication@7d280651
----------------- Done invoking toplevel() on ptolemy.moml.MoMLSimpleApplication@7d280651
reloadAllAccessors: .FileWriter3

===========================================================================================
----------------- testing Sat Aug 22 15:33:47 UTC 2020 /home/travis/build/icyphy/ptII/ptolemy/actor/lib/test/auto/Gaussian.xml
----------------- Instantiating /home/travis/build/icyphy/ptII/ptolemy/actor/lib/test/auto/Gaussian.xml
3 ms. Memory: 503808K Free: 285067K (57%)
----------------- Invoking toplevel() on ptolemy.moml.MoMLSimpleApplication@1ef43f06
----------------- Done invoking toplevel() on ptolemy.moml.MoMLSimpleApplication@1ef43f06
reloadAllAccessors: .Gaussian

===========================================================================================
----------------- testing Sat Aug 22 15:33:47 UTC 2020 /home/travis/build/icyphy/ptII/ptolemy/actor/lib/test/auto/Gaussian1.xml
----------------- Instantiating /home/travis/build/icyphy/ptII/ptolemy/actor/lib/test/auto/Gaussian1.xml
2 ms. Memory: 503808K Free: 279419K (55%)
----------------- Invoking toplevel() on ptolemy.moml.MoMLSimpleApplication@39489aac
----------------- Done invoking toplevel() on ptolemy.moml.MoMLSimpleApplication@39489aac
reloadAllAccessors: .Gaussian1

===========================================================================================
----------------- testing Sat Aug 22 15:33:47 UTC 2020 /home/travis/build/icyphy/ptII/ptolemy/actor/lib/test/auto/Gaussian2.xml
----------------- Instantiating /home/travis/build/icyphy/ptII/ptolemy/actor/lib/test/auto/Gaussian2.xml
9 ms. Memory: 503808K Free: 273275K (54%)
----------------- Invoking toplevel() on ptolemy.moml.MoMLSimpleApplication@6e2bc26
----------------- Done invoking toplevel() on ptolemy.moml.MoMLSimpleApplication@6e2bc26
reloadAllAccessors: .Gaussian2

===========================================================================================
----------------- testing Sat Aug 22 15:33:47 UTC 2020 /home/travis/build/icyphy/ptII/ptolemy/actor/lib/test/auto/GradientAdaptiveLattice.xml
----------------- Instantiating /home/travis/build/icyphy/ptII/ptolemy/actor/lib/test/auto/GradientAdaptiveLattice.xml
4 ms. Memory: 503808K Free: 268683K (53%)
----------------- Invoking toplevel() on ptolemy.moml.MoMLSimpleApplication@388b5051
----------------- Done invoking toplevel() on ptolemy.moml.MoMLSimpleApplication@388b5051
reloadAllAccessors: .GradientAdaptiveLattice

===========================================================================================
----------------- testing Sat Aug 22 15:33:47 UTC 2020 /home/travis/build/icyphy/ptII/ptolemy/actor/lib/test/auto/IIR.xml
----------------- Instantiating /home/travis/build/icyphy/ptII/ptolemy/actor/lib/test/auto/IIR.xml
1 ms. Memory: 503808K Free: 264073K (52%)
----------------- Invoking toplevel() on ptolemy.moml.MoMLSimpleApplication@1006ec2a
----------------- Done invoking toplevel() on ptolemy.moml.MoMLSimpleApplication@1006ec2a
reloadAllAccessors: .IIR

===========================================================================================
----------------- testing Sat Aug 22 15:33:47 UTC 2020 /home/travis/build/icyphy/ptII/ptolemy/actor/lib/test/auto/InputOutputTransparentPorts.xml
----------------- Instantiating /home/travis/build/icyphy/ptII/ptolemy/actor/lib/test/auto/InputOutputTransparentPorts.xml
1 ms. Memory: 503808K Free: 256905K (51%)
----------------- Invoking toplevel() on ptolemy.moml.MoMLSimpleApplication@442e3b31
----------------- Done invoking toplevel() on ptolemy.moml.MoMLSimpleApplication@442e3b31
reloadAllAccessors: .InputOutputTransparentPorts

===========================================================================================
----------------- testing Sat Aug 22 15:33:47 UTC 2020 /home/travis/build/icyphy/ptII/ptolemy/actor/lib/test/auto/Interpolator.xml
----------------- Instantiating /home/travis/build/icyphy/ptII/ptolemy/actor/lib/test/auto/Interpolator.xml
6 ms. Memory: 503808K Free: 252809K (50%)
----------------- Invoking toplevel() on ptolemy.moml.MoMLSimpleApplication@31e65d27
----------------- Done invoking toplevel() on ptolemy.moml.MoMLSimpleApplication@31e65d27
reloadAllAccessors: .Interpolator

===========================================================================================
----------------- testing Sat Aug 22 15:33:47 UTC 2020 /home/travis/build/icyphy/ptII/ptolemy/actor/lib/test/auto/InterpolatorFiringLimitDE.xml
----------------- Instantiating /home/travis/build/icyphy/ptII/ptolemy/actor/lib/test/auto/InterpolatorFiringLimitDE.xml
2 ms. Memory: 503808K Free: 246155K (49%)
----------------- Invoking toplevel() on ptolemy.moml.MoMLSimpleApplication@15c3efb8
----------------- Done invoking toplevel() on ptolemy.moml.MoMLSimpleApplication@15c3efb8
reloadAllAccessors: .InterpolatorFiringLimitDE

===========================================================================================
----------------- testing Sat Aug 22 15:33:47 UTC 2020 /home/travis/build/icyphy/ptII/ptolemy/actor/lib/test/auto/Lattice.xml
----------------- Instantiating /home/travis/build/icyphy/ptII/ptolemy/actor/lib/test/auto/Lattice.xml
1 ms. Memory: 503808K Free: 242059K (48%)
----------------- Invoking toplevel() on ptolemy.moml.MoMLSimpleApplication@41f1d6e3
----------------- Done invoking toplevel() on ptolemy.moml.MoMLSimpleApplication@41f1d6e3
reloadAllAccessors: .Lattice

===========================================================================================
----------------- testing Sat Aug 22 15:33:47 UTC 2020 /home/travis/build/icyphy/ptII/ptolemy/actor/lib/test/auto/LazyAOCTestLazy.xml
----------------- Instantiating /home/travis/build/icyphy/ptII/ptolemy/actor/lib/test/auto/LazyAOCTestLazy.xml
20 ms. Memory: 503808K Free: 235915K (47%)
----------------- Invoking toplevel() on ptolemy.moml.MoMLSimpleApplication@11aa68e
----------------- Done invoking toplevel() on ptolemy.moml.MoMLSimpleApplication@11aa68e
reloadAllAccessors: .LazyAOCTestLazy

===========================================================================================
----------------- testing Sat Aug 22 15:33:47 UTC 2020 /home/travis/build/icyphy/ptII/ptolemy/actor/lib/test/auto/LazyAOCTestNonLazy.xml
----------------- Instantiating /home/travis/build/icyphy/ptII/ptolemy/actor/lib/test/auto/LazyAOCTestNonLazy.xml
2 ms. Memory: 503808K Free: 229257K (46%)
----------------- Invoking toplevel() on ptolemy.moml.MoMLSimpleApplication@48e7e565
----------------- Done invoking toplevel() on ptolemy.moml.MoMLSimpleApplication@48e7e565
reloadAllAccessors: .LazyAOCTestNonLazy

===========================================================================================
----------------- testing Sat Aug 22 15:33:48 UTC 2020 /home/travis/build/icyphy/ptII/ptolemy/actor/lib/test/auto/LazyInnerClass.xml
----------------- Instantiating /home/travis/build/icyphy/ptII/ptolemy/actor/lib/test/auto/LazyInnerClass.xml
18 ms. Memory: 503808K Free: 221065K (44%)
----------------- Invoking toplevel() on ptolemy.moml.MoMLSimpleApplication@7a8df969
----------------- Done invoking toplevel() on ptolemy.moml.MoMLSimpleApplication@7a8df969
reloadAllAccessors: .LazyInnerClass

===========================================================================================
----------------- testing Sat Aug 22 15:33:48 UTC 2020 /home/travis/build/icyphy/ptII/ptolemy/actor/lib/test/auto/LazyPubSub.xml
----------------- Instantiating /home/travis/build/icyphy/ptII/ptolemy/actor/lib/test/auto/LazyPubSub.xml
32 ms. Memory: 503808K Free: 210825K (42%)
----------------- Invoking toplevel() on ptolemy.moml.MoMLSimpleApplication@70da96db
----------------- Done invoking toplevel() on ptolemy.moml.MoMLSimpleApplication@70da96db
reloadAllAccessors: .LazyPubSub

===========================================================================================
----------------- testing Sat Aug 22 15:33:48 UTC 2020 /home/travis/build/icyphy/ptII/ptolemy/actor/lib/test/auto/LazyPubSub2.xml
----------------- Instantiating /home/travis/build/icyphy/ptII/ptolemy/actor/lib/test/auto/LazyPubSub2.xml
14 ms. Memory: 503808K Free: 200585K (40%)
----------------- Invoking toplevel() on ptolemy.moml.MoMLSimpleApplication@5944e50
----------------- Done invoking toplevel() on ptolemy.moml.MoMLSimpleApplication@5944e50
reloadAllAccessors: .LazyPubSub2

===========================================================================================
----------------- testing Sat Aug 22 15:33:48 UTC 2020 /home/travis/build/icyphy/ptII/ptolemy/actor/lib/test/auto/LazyPubSub3.xml
----------------- Instantiating /home/travis/build/icyphy/ptII/ptolemy/actor/lib/test/auto/LazyPubSub3.xml
16 ms. Memory: 503808K Free: 190345K (38%)
----------------- Invoking toplevel() on ptolemy.moml.MoMLSimpleApplication@236e2b4e
----------------- Done invoking toplevel() on ptolemy.moml.MoMLSimpleApplication@236e2b4e
reloadAllAccessors: .LazyPubSub3

===========================================================================================
----------------- testing Sat Aug 22 15:33:48 UTC 2020 /home/travis/build/icyphy/ptII/ptolemy/actor/lib/test/auto/LazySubClassModel.xml
----------------- Instantiating /home/travis/build/icyphy/ptII/ptolemy/actor/lib/test/auto/LazySubClassModel.xml
2 ms. Memory: 503808K Free: 181129K (36%)
----------------- Invoking toplevel() on ptolemy.moml.MoMLSimpleApplication@227af61e
----------------- Done invoking toplevel() on ptolemy.moml.MoMLSimpleApplication@227af61e
reloadAllAccessors: .LazySubClassModel

===========================================================================================
----------------- testing Sat Aug 22 15:33:48 UTC 2020 /home/travis/build/icyphy/ptII/ptolemy/actor/lib/test/auto/LevelCrossTest1.xml
----------------- Instantiating /home/travis/build/icyphy/ptII/ptolemy/actor/lib/test/auto/LevelCrossTest1.xml
1 ms. Memory: 503808K Free: 175499K (35%)
----------------- Invoking toplevel() on ptolemy.moml.MoMLSimpleApplication@646fa2c5
----------------- Done invoking toplevel() on ptolemy.moml.MoMLSimpleApplication@646fa2c5
reloadAllAccessors: .broken

===========================================================================================
----------------- testing Sat Aug 22 15:33:48 UTC 2020 /home/travis/build/icyphy/ptII/ptolemy/actor/lib/test/auto/LevelCrossTest10.xml
----------------- Instantiating /home/travis/build/icyphy/ptII/ptolemy/actor/lib/test/auto/LevelCrossTest10.xml
1 ms. Memory: 503808K Free: 167817K (33%)
----------------- Invoking toplevel() on ptolemy.moml.MoMLSimpleApplication@254e5bd8
----------------- Done invoking toplevel() on ptolemy.moml.MoMLSimpleApplication@254e5bd8
reloadAllAccessors: .LevelCrossTest10

===========================================================================================
----------------- testing Sat Aug 22 15:33:48 UTC 2020 /home/travis/build/icyphy/ptII/ptolemy/actor/lib/test/auto/LevelCrossTest11.xml
----------------- Instantiating /home/travis/build/icyphy/ptII/ptolemy/actor/lib/test/auto/LevelCrossTest11.xml
1 ms. Memory: 503808K Free: 160139K (32%)
----------------- Invoking toplevel() on ptolemy.moml.MoMLSimpleApplication@4d1fda91
----------------- Done invoking toplevel() on ptolemy.moml.MoMLSimpleApplication@4d1fda91
reloadAllAccessors: .LevelCrossTest11

===========================================================================================
----------------- testing Sat Aug 22 15:33:48 UTC 2020 /home/travis/build/icyphy/ptII/ptolemy/actor/lib/test/auto/LevelCrossTest12.xml
----------------- Instantiating /home/travis/build/icyphy/ptII/ptolemy/actor/lib/test/auto/LevelCrossTest12.xml
1 ms. Memory: 503808K Free: 451822K (90%)
----------------- Invoking toplevel() on ptolemy.moml.MoMLSimpleApplication@28491a4
----------------- Done invoking toplevel() on ptolemy.moml.MoMLSimpleApplication@28491a4
reloadAllAccessors: .LevelCrossTest12

===========================================================================================
----------------- testing Sat Aug 22 15:33:48 UTC 2020 /home/travis/build/icyphy/ptII/ptolemy/actor/lib/test/auto/LevelCrossTest13.xml
----------------- Instantiating /home/travis/build/icyphy/ptII/ptolemy/actor/lib/test/auto/LevelCrossTest13.xml
1 ms. Memory: 503808K Free: 443630K (88%)
----------------- Invoking toplevel() on ptolemy.moml.MoMLSimpleApplication@48143417
----------------- Done invoking toplevel() on ptolemy.moml.MoMLSimpleApplication@48143417
reloadAllAccessors: .LevelCrossTest13

===========================================================================================
----------------- testing Sat Aug 22 15:33:48 UTC 2020 /home/travis/build/icyphy/ptII/ptolemy/actor/lib/test/auto/LevelCrossTest2.xml
----------------- Instantiating /home/travis/build/icyphy/ptII/ptolemy/actor/lib/test/auto/LevelCrossTest2.xml
1 ms. Memory: 503808K Free: 438000K (87%)
----------------- Invoking toplevel() on ptolemy.moml.MoMLSimpleApplication@ac86de6
----------------- Done invoking toplevel() on ptolemy.moml.MoMLSimpleApplication@ac86de6
reloadAllAccessors: .broken

===========================================================================================
----------------- testing Sat Aug 22 15:33:48 UTC 2020 /home/travis/build/icyphy/ptII/ptolemy/actor/lib/test/auto/LevelCrossTest3.xml
----------------- Instantiating /home/travis/build/icyphy/ptII/ptolemy/actor/lib/test/auto/LevelCrossTest3.xml
2 ms. Memory: 503808K Free: 431856K (86%)
----------------- Invoking toplevel() on ptolemy.moml.MoMLSimpleApplication@77bc5f0b
----------------- Done invoking toplevel() on ptolemy.moml.MoMLSimpleApplication@77bc5f0b
reloadAllAccessors: .LevelCrossTest3

===========================================================================================
----------------- testing Sat Aug 22 15:33:48 UTC 2020 /home/travis/build/icyphy/ptII/ptolemy/actor/lib/test/auto/LevelCrossTest4.xml
----------------- Instantiating /home/travis/build/icyphy/ptII/ptolemy/actor/lib/test/auto/LevelCrossTest4.xml
4 ms. Memory: 503808K Free: 426222K (85%)
----------------- Invoking toplevel() on ptolemy.moml.MoMLSimpleApplication@21a74880
----------------- Done invoking toplevel() on ptolemy.moml.MoMLSimpleApplication@21a74880
reloadAllAccessors: .broken

===========================================================================================
----------------- testing Sat Aug 22 15:33:48 UTC 2020 /home/travis/build/icyphy/ptII/ptolemy/actor/lib/test/auto/LevelCrossTest5.xml
----------------- Instantiating /home/travis/build/icyphy/ptII/ptolemy/actor/lib/test/auto/LevelCrossTest5.xml
1 ms. Memory: 503808K Free: 419568K (83%)
----------------- Invoking toplevel() on ptolemy.moml.MoMLSimpleApplication@4c1d38aa
----------------- Done invoking toplevel() on ptolemy.moml.MoMLSimpleApplication@4c1d38aa
reloadAllAccessors: .LevelCrossTest5

===========================================================================================
----------------- testing Sat Aug 22 15:33:48 UTC 2020 /home/travis/build/icyphy/ptII/ptolemy/actor/lib/test/auto/LevelCrossTest6.xml
----------------- Instantiating /home/travis/build/icyphy/ptII/ptolemy/actor/lib/test/auto/LevelCrossTest6.xml
1 ms. Memory: 503808K Free: 412910K (82%)
----------------- Invoking toplevel() on ptolemy.moml.MoMLSimpleApplication@68dfbf99
----------------- Done invoking toplevel() on ptolemy.moml.MoMLSimpleApplication@68dfbf99
reloadAllAccessors: .LevelCrossTest6

===========================================================================================
----------------- testing Sat Aug 22 15:33:48 UTC 2020 /home/travis/build/icyphy/ptII/ptolemy/actor/lib/test/auto/LevelCrossTest7.xml
----------------- Instantiating /home/travis/build/icyphy/ptII/ptolemy/actor/lib/test/auto/LevelCrossTest7.xml
1 ms. Memory: 503808K Free: 405742K (81%)
----------------- Invoking toplevel() on ptolemy.moml.MoMLSimpleApplication@3978f5fe
----------------- Done invoking toplevel() on ptolemy.moml.MoMLSimpleApplication@3978f5fe
reloadAllAccessors: .LevelCrossTest7

===========================================================================================
----------------- testing Sat Aug 22 15:33:48 UTC 2020 /home/travis/build/icyphy/ptII/ptolemy/actor/lib/test/auto/LevelCrossTest8.xml
----------------- Instantiating /home/travis/build/icyphy/ptII/ptolemy/actor/lib/test/auto/LevelCrossTest8.xml
1 ms. Memory: 503808K Free: 398574K (79%)
----------------- Invoking toplevel() on ptolemy.moml.MoMLSimpleApplication@6f3673ef
----------------- Done invoking toplevel() on ptolemy.moml.MoMLSimpleApplication@6f3673ef
reloadAllAccessors: .LevelCrossTest8

===========================================================================================
----------------- testing Sat Aug 22 15:33:48 UTC 2020 /home/travis/build/icyphy/ptII/ptolemy/actor/lib/test/auto/LevelCrossTest9.xml
----------------- Instantiating /home/travis/build/icyphy/ptII/ptolemy/actor/lib/test/auto/LevelCrossTest9.xml
2 ms. Memory: 503808K Free: 391406K (78%)
----------------- Invoking toplevel() on ptolemy.moml.MoMLSimpleApplication@5abc0ab1
----------------- Done invoking toplevel() on ptolemy.moml.MoMLSimpleApplication@5abc0ab1
reloadAllAccessors: .LevelCrossTest9

===========================================================================================
----------------- testing Sat Aug 22 15:33:48 UTC 2020 /home/travis/build/icyphy/ptII/ptolemy/actor/lib/test/auto/LevinsonDurbin.xml
----------------- Instantiating /home/travis/build/icyphy/ptII/ptolemy/actor/lib/test/auto/LevinsonDurbin.xml
1 ms. Memory: 503808K Free: 387310K (77%)
----------------- Invoking toplevel() on ptolemy.moml.MoMLSimpleApplication@3eef6d6b
----------------- Done invoking toplevel() on ptolemy.moml.MoMLSimpleApplication@3eef6d6b
reloadAllAccessors: .LevinsonDurbin

===========================================================================================
----------------- testing Sat Aug 22 15:33:48 UTC 2020 /home/travis/build/icyphy/ptII/ptolemy/actor/lib/test/auto/LevinsonDurbin2.xml
----------------- Instantiating /home/travis/build/icyphy/ptII/ptolemy/actor/lib/test/auto/LevinsonDurbin2.xml
1 ms. Memory: 503808K Free: 383214K (76%)
----------------- Invoking toplevel() on ptolemy.moml.MoMLSimpleApplication@6768967e
----------------- Done invoking toplevel() on ptolemy.moml.MoMLSimpleApplication@6768967e
reloadAllAccessors: .LevinsonDurbin2

===========================================================================================
----------------- testing Sat Aug 22 15:33:48 UTC 2020 /home/travis/build/icyphy/ptII/ptolemy/actor/lib/test/auto/LevinsonDurbin3.xml
----------------- Instantiating /home/travis/build/icyphy/ptII/ptolemy/actor/lib/test/auto/LevinsonDurbin3.xml
3 ms. Memory: 503808K Free: 379118K (75%)
----------------- Invoking toplevel() on ptolemy.moml.MoMLSimpleApplication@61ad9176
----------------- Done invoking toplevel() on ptolemy.moml.MoMLSimpleApplication@61ad9176
reloadAllAccessors: .LevinsonDurbin3

===========================================================================================
----------------- testing Sat Aug 22 15:33:48 UTC 2020 /home/travis/build/icyphy/ptII/ptolemy/actor/lib/test/auto/Limiter.xml
----------------- Instantiating /home/travis/build/icyphy/ptII/ptolemy/actor/lib/test/auto/Limiter.xml
7 ms. Memory: 503808K Free: 369888K (73%)
----------------- Invoking toplevel() on ptolemy.moml.MoMLSimpleApplication@6e3e2837
----------------- Done invoking toplevel() on ptolemy.moml.MoMLSimpleApplication@6e3e2837
reloadAllAccessors: .Limiter

===========================================================================================
----------------- testing Sat Aug 22 15:33:48 UTC 2020 /home/travis/build/icyphy/ptII/ptolemy/actor/lib/test/auto/LinearDifferenceEquationSystem.xml
----------------- Instantiating /home/travis/build/icyphy/ptII/ptolemy/actor/lib/test/auto/LinearDifferenceEquationSystem.xml
6 ms. Memory: 503808K Free: 362734K (72%)
----------------- Invoking toplevel() on ptolemy.moml.MoMLSimpleApplication@5eac910c
----------------- Done invoking toplevel() on ptolemy.moml.MoMLSimpleApplication@5eac910c
reloadAllAccessors: .LinearDifferenceEquationSystem

===========================================================================================
----------------- testing Sat Aug 22 15:33:48 UTC 2020 /home/travis/build/icyphy/ptII/ptolemy/actor/lib/test/auto/LookupTable.xml
----------------- Instantiating /home/travis/build/icyphy/ptII/ptolemy/actor/lib/test/auto/LookupTable.xml
1 ms. Memory: 503808K Free: 358128K (71%)
----------------- Invoking toplevel() on ptolemy.moml.MoMLSimpleApplication@4c2c0308
----------------- Done invoking toplevel() on ptolemy.moml.MoMLSimpleApplication@4c2c0308
reloadAllAccessors: .LookupTable

===========================================================================================
----------------- testing Sat Aug 22 15:33:48 UTC 2020 /home/travis/build/icyphy/ptII/ptolemy/actor/lib/test/auto/MathFunction.xml
----------------- Instantiating /home/travis/build/icyphy/ptII/ptolemy/actor/lib/test/auto/MathFunction.xml
12 ms. Memory: 503808K Free: 349936K (69%)
----------------- Invoking toplevel() on ptolemy.moml.MoMLSimpleApplication@63b42c9
----------------- Done invoking toplevel() on ptolemy.moml.MoMLSimpleApplication@63b42c9
reloadAllAccessors: .MathFunction

===========================================================================================
----------------- testing Sat Aug 22 15:33:48 UTC 2020 /home/travis/build/icyphy/ptII/ptolemy/actor/lib/test/auto/MathFunction2.xml
----------------- Instantiating /home/travis/build/icyphy/ptII/ptolemy/actor/lib/test/auto/MathFunction2.xml
1 ms. Memory: 503808K Free: 345840K (69%)
----------------- Invoking toplevel() on ptolemy.moml.MoMLSimpleApplication@1f576d83
----------------- Done invoking toplevel() on ptolemy.moml.MoMLSimpleApplication@1f576d83
reloadAllAccessors: .MathFunction2

===========================================================================================
----------------- testing Sat Aug 22 15:33:48 UTC 2020 /home/travis/build/icyphy/ptII/ptolemy/actor/lib/test/auto/MathFunction3.xml
----------------- Instantiating /home/travis/build/icyphy/ptII/ptolemy/actor/lib/test/auto/MathFunction3.xml
2 ms. Memory: 503808K Free: 338672K (67%)
----------------- Invoking toplevel() on ptolemy.moml.MoMLSimpleApplication@5e2e3dd1
----------------- Done invoking toplevel() on ptolemy.moml.MoMLSimpleApplication@5e2e3dd1
reloadAllAccessors: .MathFunction3

===========================================================================================
----------------- testing Sat Aug 22 15:33:48 UTC 2020 /home/travis/build/icyphy/ptII/ptolemy/actor/lib/test/auto/MatrixCropBoolean.xml
----------------- Instantiating /home/travis/build/icyphy/ptII/ptolemy/actor/lib/test/auto/MatrixCropBoolean.xml
2 ms. Memory: 503808K Free: 334032K (66%)
----------------- Invoking toplevel() on ptolemy.moml.MoMLSimpleApplication@4ddc8f07
----------------- Done invoking toplevel() on ptolemy.moml.MoMLSimpleApplication@4ddc8f07
reloadAllAccessors: .MatrixCropBoolean

===========================================================================================
----------------- testing Sat Aug 22 15:33:48 UTC 2020 /home/travis/build/icyphy/ptII/ptolemy/actor/lib/test/auto/MatrixCropComplex.xml
----------------- Instantiating /home/travis/build/icyphy/ptII/ptolemy/actor/lib/test/auto/MatrixCropComplex.xml
2 ms. Memory: 503808K Free: 328936K (65%)
----------------- Invoking toplevel() on ptolemy.moml.MoMLSimpleApplication@b3192a2
----------------- Done invoking toplevel() on ptolemy.moml.MoMLSimpleApplication@b3192a2
reloadAllAccessors: .MatrixCropComplex

===========================================================================================
----------------- testing Sat Aug 22 15:33:48 UTC 2020 /home/travis/build/icyphy/ptII/ptolemy/actor/lib/test/auto/MatrixCropDouble.xml
----------------- Instantiating /home/travis/build/icyphy/ptII/ptolemy/actor/lib/test/auto/MatrixCropDouble.xml
3 ms. Memory: 503808K Free: 323792K (64%)
----------------- Invoking toplevel() on ptolemy.moml.MoMLSimpleApplication@22d5f1e8
----------------- Done invoking toplevel() on ptolemy.moml.MoMLSimpleApplication@22d5f1e8
reloadAllAccessors: .MatrixCropDouble

===========================================================================================
----------------- testing Sat Aug 22 15:33:48 UTC 2020 /home/travis/build/icyphy/ptII/ptolemy/actor/lib/test/auto/MatrixCropFix.xml
----------------- Instantiating /home/travis/build/icyphy/ptII/ptolemy/actor/lib/test/auto/MatrixCropFix.xml
2 ms. Memory: 503808K Free: 318688K (63%)
----------------- Invoking toplevel() on ptolemy.moml.MoMLSimpleApplication@75812ceb
----------------- Done invoking toplevel() on ptolemy.moml.MoMLSimpleApplication@75812ceb
reloadAllAccessors: .MatrixCropFix

===========================================================================================
----------------- testing Sat Aug 22 15:33:48 UTC 2020 /home/travis/build/icyphy/ptII/ptolemy/actor/lib/test/auto/MatrixCropInt.xml
----------------- Instantiating /home/travis/build/icyphy/ptII/ptolemy/actor/lib/test/auto/MatrixCropInt.xml
2 ms. Memory: 503808K Free: 313552K (62%)
----------------- Invoking toplevel() on ptolemy.moml.MoMLSimpleApplication@4b53a2dc
----------------- Done invoking toplevel() on ptolemy.moml.MoMLSimpleApplication@4b53a2dc
reloadAllAccessors: .MatrixCropInt

===========================================================================================
----------------- testing Sat Aug 22 15:33:48 UTC 2020 /home/travis/build/icyphy/ptII/ptolemy/actor/lib/test/auto/MatrixCropLong.xml
----------------- Instantiating /home/travis/build/icyphy/ptII/ptolemy/actor/lib/test/auto/MatrixCropLong.xml
2 ms. Memory: 503808K Free: 308432K (61%)
----------------- Invoking toplevel() on ptolemy.moml.MoMLSimpleApplication@72ce5a8e
----------------- Done invoking toplevel() on ptolemy.moml.MoMLSimpleApplication@72ce5a8e
reloadAllAccessors: .MatrixCropLong

===========================================================================================
----------------- testing Sat Aug 22 15:33:48 UTC 2020 /home/travis/build/icyphy/ptII/ptolemy/actor/lib/test/auto/MatrixToArray.xml
----------------- Instantiating /home/travis/build/icyphy/ptII/ptolemy/actor/lib/test/auto/MatrixToArray.xml
11 ms. Memory: 503808K Free: 293616K (58%)
----------------- Invoking toplevel() on ptolemy.moml.MoMLSimpleApplication@7c409d67
----------------- Done invoking toplevel() on ptolemy.moml.MoMLSimpleApplication@7c409d67
reloadAllAccessors: .MatrixToArray

===========================================================================================
----------------- testing Sat Aug 22 15:33:48 UTC 2020 /home/travis/build/icyphy/ptII/ptolemy/actor/lib/test/auto/MaxIndex.xml
----------------- Instantiating /home/travis/build/icyphy/ptII/ptolemy/actor/lib/test/auto/MaxIndex.xml
2 ms. Memory: 503808K Free: 288496K (57%)
----------------- Invoking toplevel() on ptolemy.moml.MoMLSimpleApplication@54f0c37b
----------------- Done invoking toplevel() on ptolemy.moml.MoMLSimpleApplication@54f0c37b
reloadAllAccessors: .MaxIndex

===========================================================================================
----------------- testing Sat Aug 22 15:33:48 UTC 2020 /home/travis/build/icyphy/ptII/ptolemy/actor/lib/test/auto/Maximum.xml
----------------- Instantiating /home/travis/build/icyphy/ptII/ptolemy/actor/lib/test/auto/Maximum.xml
4 ms. Memory: 503808K Free: 281808K (56%)
----------------- Invoking toplevel() on ptolemy.moml.MoMLSimpleApplication@3f90c03a
----------------- Done invoking toplevel() on ptolemy.moml.MoMLSimpleApplication@3f90c03a
reloadAllAccessors: .Maximum

===========================================================================================
----------------- testing Sat Aug 22 15:33:48 UTC 2020 /home/travis/build/icyphy/ptII/ptolemy/actor/lib/test/auto/MaximumComplex.xml
----------------- Instantiating /home/travis/build/icyphy/ptII/ptolemy/actor/lib/test/auto/MaximumComplex.xml
6 ms. Memory: 503808K Free: 275694K (55%)
----------------- Invoking toplevel() on ptolemy.moml.MoMLSimpleApplication@2ce4267c
----------------- Done invoking toplevel() on ptolemy.moml.MoMLSimpleApplication@2ce4267c
reloadAllAccessors: .MaximumComplex

===========================================================================================
----------------- testing Sat Aug 22 15:33:48 UTC 2020 /home/travis/build/icyphy/ptII/ptolemy/actor/lib/test/auto/MethodCallTest.xml
----------------- Instantiating /home/travis/build/icyphy/ptII/ptolemy/actor/lib/test/auto/MethodCallTest.xml
3 ms. Memory: 503808K Free: 269040K (53%)
----------------- Invoking toplevel() on ptolemy.moml.MoMLSimpleApplication@1a8f7c4b
----------------- Done invoking toplevel() on ptolemy.moml.MoMLSimpleApplication@1a8f7c4b
reloadAllAccessors: .MethodCallTest

===========================================================================================
----------------- testing Sat Aug 22 15:33:48 UTC 2020 /home/travis/build/icyphy/ptII/ptolemy/actor/lib/test/auto/Minimum.xml
----------------- Instantiating /home/travis/build/icyphy/ptII/ptolemy/actor/lib/test/auto/Minimum.xml
3 ms. Memory: 503808K Free: 262382K (52%)
----------------- Invoking toplevel() on ptolemy.moml.MoMLSimpleApplication@67ac038d
----------------- Done invoking toplevel() on ptolemy.moml.MoMLSimpleApplication@67ac038d
reloadAllAccessors: .Minimum

===========================================================================================
----------------- testing Sat Aug 22 15:33:48 UTC 2020 /home/travis/build/icyphy/ptII/ptolemy/actor/lib/test/auto/MinimumComplex.xml
----------------- Instantiating /home/travis/build/icyphy/ptII/ptolemy/actor/lib/test/auto/MinimumComplex.xml
4 ms. Memory: 503808K Free: 256208K (51%)
----------------- Invoking toplevel() on ptolemy.moml.MoMLSimpleApplication@2f4f4ef8
----------------- Done invoking toplevel() on ptolemy.moml.MoMLSimpleApplication@2f4f4ef8
reloadAllAccessors: .MinimumComplex

===========================================================================================
----------------- testing Sat Aug 22 15:33:49 UTC 2020 /home/travis/build/icyphy/ptII/ptolemy/actor/lib/test/auto/MinimumMultiports.xml
----------------- Instantiating /home/travis/build/icyphy/ptII/ptolemy/actor/lib/test/auto/MinimumMultiports.xml
4 ms. Memory: 503808K Free: 247536K (49%)
----------------- Invoking toplevel() on ptolemy.moml.MoMLSimpleApplication@651dac1d
----------------- Done invoking toplevel() on ptolemy.moml.MoMLSimpleApplication@651dac1d
reloadAllAccessors: .MinimumMultiports

===========================================================================================
----------------- testing Sat Aug 22 15:33:49 UTC 2020 /home/travis/build/icyphy/ptII/ptolemy/actor/lib/test/auto/ModifyDate.xml
----------------- Instantiating /home/travis/build/icyphy/ptII/ptolemy/actor/lib/test/auto/ModifyDate.xml
9 ms. Memory: 503808K Free: 234734K (47%)
----------------- Invoking toplevel() on ptolemy.moml.MoMLSimpleApplication@6bd9963b
----------------- Done invoking toplevel() on ptolemy.moml.MoMLSimpleApplication@6bd9963b
reloadAllAccessors: .ModifyDate

===========================================================================================
----------------- testing Sat Aug 22 15:33:49 UTC 2020 /home/travis/build/icyphy/ptII/ptolemy/actor/lib/test/auto/ModifyDate2.xml
----------------- Instantiating /home/travis/build/icyphy/ptII/ptolemy/actor/lib/test/auto/ModifyDate2.xml
3 ms. Memory: 503808K Free: 226032K (45%)
----------------- Invoking toplevel() on ptolemy.moml.MoMLSimpleApplication@16d1ec6f
----------------- Done invoking toplevel() on ptolemy.moml.MoMLSimpleApplication@16d1ec6f
reloadAllAccessors: .ModifyDate2

===========================================================================================
----------------- testing Sat Aug 22 15:33:49 UTC 2020 /home/travis/build/icyphy/ptII/ptolemy/actor/lib/test/auto/MovingAverage.xml
----------------- Instantiating /home/travis/build/icyphy/ptII/ptolemy/actor/lib/test/auto/MovingAverage.xml
2 ms. Memory: 503808K Free: 220912K (44%)
----------------- Invoking toplevel() on ptolemy.moml.MoMLSimpleApplication@562c5ec6
----------------- Done invoking toplevel() on ptolemy.moml.MoMLSimpleApplication@562c5ec6
reloadAllAccessors: .MovingAverage

===========================================================================================
----------------- testing Sat Aug 22 15:33:49 UTC 2020 /home/travis/build/icyphy/ptII/ptolemy/actor/lib/test/auto/MovingMaximum.xml
----------------- Instantiating /home/travis/build/icyphy/ptII/ptolemy/actor/lib/test/auto/MovingMaximum.xml
2 ms. Memory: 503808K Free: 216302K (43%)
----------------- Invoking toplevel() on ptolemy.moml.MoMLSimpleApplication@4bd9b617
----------------- Done invoking toplevel() on ptolemy.moml.MoMLSimpleApplication@4bd9b617
reloadAllAccessors: .MovingMaximum

===========================================================================================
----------------- testing Sat Aug 22 15:33:49 UTC 2020 /home/travis/build/icyphy/ptII/ptolemy/actor/lib/test/auto/MultipleLinksToSameRelation.xml
----------------- Instantiating /home/travis/build/icyphy/ptII/ptolemy/actor/lib/test/auto/MultipleLinksToSameRelation.xml
3 ms. Memory: 503808K Free: 212206K (42%)
----------------- Invoking toplevel() on ptolemy.moml.MoMLSimpleApplication@7caa35c9
----------------- Done invoking toplevel() on ptolemy.moml.MoMLSimpleApplication@7caa35c9
reloadAllAccessors: .MultipleLinksToSameRelation

===========================================================================================
----------------- testing Sat Aug 22 15:33:49 UTC 2020 /home/travis/build/icyphy/ptII/ptolemy/actor/lib/test/auto/MultipleLinksToSameRelationDE.xml
----------------- Instantiating /home/travis/build/icyphy/ptII/ptolemy/actor/lib/test/auto/MultipleLinksToSameRelationDE.xml
10 ms. Memory: 503808K Free: 207600K (41%)
----------------- Invoking toplevel() on ptolemy.moml.MoMLSimpleApplication@2fff9ba3
----------------- Done invoking toplevel() on ptolemy.moml.MoMLSimpleApplication@2fff9ba3
reloadAllAccessors: .MultipleLinksToSameRelationDE

===========================================================================================
----------------- testing Sat Aug 22 15:33:49 UTC 2020 /home/travis/build/icyphy/ptII/ptolemy/actor/lib/test/auto/Multiplexor.xml
----------------- Instantiating /home/travis/build/icyphy/ptII/ptolemy/actor/lib/test/auto/Multiplexor.xml
2 ms. Memory: 503808K Free: 201966K (40%)
----------------- Invoking toplevel() on ptolemy.moml.MoMLSimpleApplication@12d686e
----------------- Done invoking toplevel() on ptolemy.moml.MoMLSimpleApplication@12d686e
reloadAllAccessors: .Multiplexor

===========================================================================================
----------------- testing Sat Aug 22 15:33:49 UTC 2020 /home/travis/build/icyphy/ptII/ptolemy/actor/lib/test/auto/Multiplexor1.xml
----------------- Instantiating /home/travis/build/icyphy/ptII/ptolemy/actor/lib/test/auto/Multiplexor1.xml
2 ms. Memory: 503808K Free: 196336K (39%)
----------------- Invoking toplevel() on ptolemy.moml.MoMLSimpleApplication@7d64f02f
----------------- Done invoking toplevel() on ptolemy.moml.MoMLSimpleApplication@7d64f02f
reloadAllAccessors: .Multiplexor1

===========================================================================================
----------------- testing Sat Aug 22 15:33:49 UTC 2020 /home/travis/build/icyphy/ptII/ptolemy/actor/lib/test/auto/Multiplexor2.xml
----------------- Instantiating /home/travis/build/icyphy/ptII/ptolemy/actor/lib/test/auto/Multiplexor2.xml
3 ms. Memory: 503808K Free: 189678K (38%)
----------------- Invoking toplevel() on ptolemy.moml.MoMLSimpleApplication@af71ebc
----------------- Done invoking toplevel() on ptolemy.moml.MoMLSimpleApplication@af71ebc
reloadAllAccessors: .Multiplexor2

===========================================================================================
----------------- testing Sat Aug 22 15:33:49 UTC 2020 /home/travis/build/icyphy/ptII/ptolemy/actor/lib/test/auto/Multiplexor3.xml
----------------- Instantiating /home/travis/build/icyphy/ptII/ptolemy/actor/lib/test/auto/Multiplexor3.xml
1 ms. Memory: 503808K Free: 185582K (37%)
----------------- Invoking toplevel() on ptolemy.moml.MoMLSimpleApplication@7157e7fb
----------------- Done invoking toplevel() on ptolemy.moml.MoMLSimpleApplication@7157e7fb
reloadAllAccessors: .Multiplexor3

===========================================================================================
----------------- testing Sat Aug 22 15:33:49 UTC 2020 /home/travis/build/icyphy/ptII/ptolemy/actor/lib/test/auto/MultiplexorDE.xml
----------------- Instantiating /home/travis/build/icyphy/ptII/ptolemy/actor/lib/test/auto/MultiplexorDE.xml
3 ms. Memory: 503808K Free: 177904K (35%)
----------------- Invoking toplevel() on ptolemy.moml.MoMLSimpleApplication@5821871b
----------------- Done invoking toplevel() on ptolemy.moml.MoMLSimpleApplication@5821871b
reloadAllAccessors: .MultiplexorDE

===========================================================================================
----------------- testing Sat Aug 22 15:33:49 UTC 2020 /home/travis/build/icyphy/ptII/ptolemy/actor/lib/test/auto/MultiportBroadcastTest.xml
----------------- Instantiating /home/travis/build/icyphy/ptII/ptolemy/actor/lib/test/auto/MultiportBroadcastTest.xml
96 ms. Memory: 503808K Free: 171760K (34%)
----------------- Invoking toplevel() on ptolemy.moml.MoMLSimpleApplication@4fd5eadd
----------------- Done invoking toplevel() on ptolemy.moml.MoMLSimpleApplication@4fd5eadd
reloadAllAccessors: .MultiportBroadcastTest

===========================================================================================
----------------- testing Sat Aug 22 15:33:49 UTC 2020 /home/travis/build/icyphy/ptII/ptolemy/actor/lib/test/auto/MultiportOutHangDuringGetWidth.xml
----------------- Instantiating /home/travis/build/icyphy/ptII/ptolemy/actor/lib/test/auto/MultiportOutHangDuringGetWidth.xml
5 ms. Memory: 503808K Free: 159968K (32%)
----------------- Invoking toplevel() on ptolemy.moml.MoMLSimpleApplication@3b3e236e
----------------- Done invoking toplevel() on ptolemy.moml.MoMLSimpleApplication@3b3e236e
reloadAllAccessors: .MultiportOutHangDuringGetWidth

===========================================================================================
----------------- testing Sat Aug 22 15:33:49 UTC 2020 /home/travis/build/icyphy/ptII/ptolemy/actor/lib/test/auto/NilToken.xml
----------------- Instantiating /home/travis/build/icyphy/ptII/ptolemy/actor/lib/test/auto/NilToken.xml
1 ms. Memory: 503808K Free: 155886K (31%)
----------------- Invoking toplevel() on ptolemy.moml.MoMLSimpleApplication@a299c9f
----------------- Done invoking toplevel() on ptolemy.moml.MoMLSimpleApplication@a299c9f
reloadAllAccessors: .NilToken

===========================================================================================
----------------- testing Sat Aug 22 15:33:49 UTC 2020 /home/travis/build/icyphy/ptII/ptolemy/actor/lib/test/auto/NilTokenNonStrictTest.xml
----------------- Instantiating /home/travis/build/icyphy/ptII/ptolemy/actor/lib/test/auto/NilTokenNonStrictTest.xml
3 ms. Memory: 503808K Free: 449864K (89%)
----------------- Invoking toplevel() on ptolemy.moml.MoMLSimpleApplication@21e7e407
----------------- Done invoking toplevel() on ptolemy.moml.MoMLSimpleApplication@21e7e407
reloadAllAccessors: .NilTokenNonStrictTest

===========================================================================================
----------------- testing Sat Aug 22 15:33:49 UTC 2020 /home/travis/build/icyphy/ptII/ptolemy/actor/lib/test/auto/NilTokenRecord.xml
----------------- Instantiating /home/travis/build/icyphy/ptII/ptolemy/actor/lib/test/auto/NilTokenRecord.xml
10 ms. Memory: 503808K Free: 443210K (88%)
----------------- Invoking toplevel() on ptolemy.moml.MoMLSimpleApplication@29162d48
----------------- Done invoking toplevel() on ptolemy.moml.MoMLSimpleApplication@29162d48
reloadAllAccessors: .NilTokenRecord

===========================================================================================
----------------- testing Sat Aug 22 15:33:49 UTC 2020 /home/travis/build/icyphy/ptII/ptolemy/actor/lib/test/auto/NilTokenTypeTest.xml
----------------- Instantiating /home/travis/build/icyphy/ptII/ptolemy/actor/lib/test/auto/NilTokenTypeTest.xml
7 ms. Memory: 503808K Free: 433480K (86%)
----------------- Invoking toplevel() on ptolemy.moml.MoMLSimpleApplication@bea9028
----------------- Done invoking toplevel() on ptolemy.moml.MoMLSimpleApplication@bea9028
reloadAllAccessors: .NilTokenTypeTest

===========================================================================================
----------------- testing Sat Aug 22 15:33:49 UTC 2020 /home/travis/build/icyphy/ptII/ptolemy/actor/lib/test/auto/ObjectToken1.xml
----------------- Instantiating /home/travis/build/icyphy/ptII/ptolemy/actor/lib/test/auto/ObjectToken1.xml
2 ms. Memory: 503808K Free: 429384K (85%)
----------------- Invoking toplevel() on ptolemy.moml.MoMLSimpleApplication@1a22a91f
----------------- Done invoking toplevel() on ptolemy.moml.MoMLSimpleApplication@1a22a91f
reloadAllAccessors: .ObjectToken1

===========================================================================================
----------------- testing Sat Aug 22 15:33:49 UTC 2020 /home/travis/build/icyphy/ptII/ptolemy/actor/lib/test/auto/OrderedMerge.xml
----------------- Instantiating /home/travis/build/icyphy/ptII/ptolemy/actor/lib/test/auto/OrderedMerge.xml
8 ms. Memory: 503808K Free: 423754K (84%)
----------------- Invoking toplevel() on ptolemy.moml.MoMLSimpleApplication@ad3286e
----------------- Done invoking toplevel() on ptolemy.moml.MoMLSimpleApplication@ad3286e
reloadAllAccessors: .OrderedMerge

===========================================================================================
----------------- testing Sat Aug 22 15:33:49 UTC 2020 /home/travis/build/icyphy/ptII/ptolemy/actor/lib/test/auto/OrderedRecordDisassembler.xml
----------------- Instantiating /home/travis/build/icyphy/ptII/ptolemy/actor/lib/test/auto/OrderedRecordDisassembler.xml
5 ms. Memory: 503808K Free: 418114K (83%)
----------------- Invoking toplevel() on ptolemy.moml.MoMLSimpleApplication@71e22e5b
----------------- Done invoking toplevel() on ptolemy.moml.MoMLSimpleApplication@71e22e5b
reloadAllAccessors: .OrderedRecordDisassembler

===========================================================================================
----------------- testing Sat Aug 22 15:33:49 UTC 2020 /home/travis/build/icyphy/ptII/ptolemy/actor/lib/test/auto/OrderedRecordDisassembler2.xml
----------------- Instantiating /home/travis/build/icyphy/ptII/ptolemy/actor/lib/test/auto/OrderedRecordDisassembler2.xml
4 ms. Memory: 503808K Free: 410442K (81%)
----------------- Invoking toplevel() on ptolemy.moml.MoMLSimpleApplication@5d583fc5
----------------- Done invoking toplevel() on ptolemy.moml.MoMLSimpleApplication@5d583fc5
reloadAllAccessors: .OrderedRecordDisassembler2

===========================================================================================
----------------- testing Sat Aug 22 15:33:49 UTC 2020 /home/travis/build/icyphy/ptII/ptolemy/actor/lib/test/auto/OrderedRecordUpdater.xml
----------------- Instantiating /home/travis/build/icyphy/ptII/ptolemy/actor/lib/test/auto/OrderedRecordUpdater.xml
2 ms. Memory: 503808K Free: 405322K (80%)
----------------- Invoking toplevel() on ptolemy.moml.MoMLSimpleApplication@1fea24d7
----------------- Done invoking toplevel() on ptolemy.moml.MoMLSimpleApplication@1fea24d7
reloadAllAccessors: .RecordUpdater

===========================================================================================
----------------- testing Sat Aug 22 15:33:49 UTC 2020 /home/travis/build/icyphy/ptII/ptolemy/actor/lib/test/auto/OrderedRecordUpdater2.xml
----------------- Instantiating /home/travis/build/icyphy/ptII/ptolemy/actor/lib/test/auto/OrderedRecordUpdater2.xml
2 ms. Memory: 503808K Free: 400202K (79%)
----------------- Invoking toplevel() on ptolemy.moml.MoMLSimpleApplication@43da7e21
----------------- Done invoking toplevel() on ptolemy.moml.MoMLSimpleApplication@43da7e21
reloadAllAccessors: .RecordUpdater2

===========================================================================================
----------------- testing Sat Aug 22 15:33:49 UTC 2020 /home/travis/build/icyphy/ptII/ptolemy/actor/lib/test/auto/PhaseUnwrap.xml
----------------- Instantiating /home/travis/build/icyphy/ptII/ptolemy/actor/lib/test/auto/PhaseUnwrap.xml
1 ms. Memory: 503808K Free: 395592K (79%)
----------------- Invoking toplevel() on ptolemy.moml.MoMLSimpleApplication@6dfb40af
----------------- Done invoking toplevel() on ptolemy.moml.MoMLSimpleApplication@6dfb40af
reloadAllAccessors: .PhaseUnwrap

===========================================================================================
----------------- testing Sat Aug 22 15:33:49 UTC 2020 /home/travis/build/icyphy/ptII/ptolemy/actor/lib/test/auto/PoissonClock.xml
----------------- Instantiating /home/travis/build/icyphy/ptII/ptolemy/actor/lib/test/auto/PoissonClock.xml
1 ms. Memory: 503808K Free: 391496K (78%)
----------------- Invoking toplevel() on ptolemy.moml.MoMLSimpleApplication@335b1fb6
----------------- Done invoking toplevel() on ptolemy.moml.MoMLSimpleApplication@335b1fb6
reloadAllAccessors: .PoissonClock

===========================================================================================
----------------- testing Sat Aug 22 15:33:49 UTC 2020 /home/travis/build/icyphy/ptII/ptolemy/actor/lib/test/auto/PoissonClock2.xml
----------------- Instantiating /home/travis/build/icyphy/ptII/ptolemy/actor/lib/test/auto/PoissonClock2.xml
1 ms. Memory: 503808K Free: 386890K (77%)
----------------- Invoking toplevel() on ptolemy.moml.MoMLSimpleApplication@1bd468e9
----------------- Done invoking toplevel() on ptolemy.moml.MoMLSimpleApplication@1bd468e9
reloadAllAccessors: .PoissonClock2

===========================================================================================
----------------- testing Sat Aug 22 15:33:49 UTC 2020 /home/travis/build/icyphy/ptII/ptolemy/actor/lib/test/auto/PoissonClock3.xml
----------------- Instantiating /home/travis/build/icyphy/ptII/ptolemy/actor/lib/test/auto/PoissonClock3.xml
1 ms. Memory: 503808K Free: 382280K (76%)
----------------- Invoking toplevel() on ptolemy.moml.MoMLSimpleApplication@333a9cac
----------------- Done invoking toplevel() on ptolemy.moml.MoMLSimpleApplication@333a9cac
reloadAllAccessors: .PoissonClock3

===========================================================================================
----------------- testing Sat Aug 22 15:33:49 UTC 2020 /home/travis/build/icyphy/ptII/ptolemy/actor/lib/test/auto/PubSubWithInitialTokens.xml
----------------- Instantiating /home/travis/build/icyphy/ptII/ptolemy/actor/lib/test/auto/PubSubWithInitialTokens.xml
1 ms. Memory: 503808K Free: 376650K (75%)
----------------- Invoking toplevel() on ptolemy.moml.MoMLSimpleApplication@3450f2c8
----------------- Done invoking toplevel() on ptolemy.moml.MoMLSimpleApplication@3450f2c8
reloadAllAccessors: .PubSubWithInitialTokens

===========================================================================================
----------------- testing Sat Aug 22 15:33:49 UTC 2020 /home/travis/build/icyphy/ptII/ptolemy/actor/lib/test/auto/PubSubWithInitialTokens2.xml
----------------- Instantiating /home/travis/build/icyphy/ptII/ptolemy/actor/lib/test/auto/PubSubWithInitialTokens2.xml
2 ms. Memory: 503808K Free: 370506K (74%)
----------------- Invoking toplevel() on ptolemy.moml.MoMLSimpleApplication@8bba214
----------------- Done invoking toplevel() on ptolemy.moml.MoMLSimpleApplication@8bba214
reloadAllAccessors: .PubSubWithInitialTokens2

===========================================================================================
----------------- testing Sat Aug 22 15:33:49 UTC 2020 /home/travis/build/icyphy/ptII/ptolemy/actor/lib/test/auto/PublisherClassNoParameter.xml
----------------- Instantiating /home/travis/build/icyphy/ptII/ptolemy/actor/lib/test/auto/PublisherClassNoParameter.xml
3 ms. Memory: 503808K Free: 360776K (72%)
----------------- Invoking toplevel() on ptolemy.moml.MoMLSimpleApplication@53a191e7
----------------- Done invoking toplevel() on ptolemy.moml.MoMLSimpleApplication@53a191e7
reloadAllAccessors: .PublisherClassNoParameter

===========================================================================================
----------------- testing Sat Aug 22 15:33:49 UTC 2020 /home/travis/build/icyphy/ptII/ptolemy/actor/lib/test/auto/PublisherClassParameter.xml
----------------- Instantiating /home/travis/build/icyphy/ptII/ptolemy/actor/lib/test/auto/PublisherClassParameter.xml
2 ms. Memory: 503808K Free: 350536K (70%)
----------------- Invoking toplevel() on ptolemy.moml.MoMLSimpleApplication@6b872ae5
----------------- Done invoking toplevel() on ptolemy.moml.MoMLSimpleApplication@6b872ae5
reloadAllAccessors: .PublisherClassParameter

===========================================================================================
----------------- testing Sat Aug 22 15:33:49 UTC 2020 /home/travis/build/icyphy/ptII/ptolemy/actor/lib/test/auto/PublisherNonStrictTest.xml
----------------- Instantiating /home/travis/build/icyphy/ptII/ptolemy/actor/lib/test/auto/PublisherNonStrictTest.xml
2 ms. Memory: 503808K Free: 342858K (68%)
----------------- Invoking toplevel() on ptolemy.moml.MoMLSimpleApplication@47480dcf
----------------- Done invoking toplevel() on ptolemy.moml.MoMLSimpleApplication@47480dcf
reloadAllAccessors: .PublisherNonStrictTest

===========================================================================================
----------------- testing Sat Aug 22 15:33:49 UTC 2020 /home/travis/build/icyphy/ptII/ptolemy/actor/lib/test/auto/PublisherPort1.xml
----------------- Instantiating /home/travis/build/icyphy/ptII/ptolemy/actor/lib/test/auto/PublisherPort1.xml
2 ms. Memory: 503808K Free: 336714K (67%)
----------------- Invoking toplevel() on ptolemy.moml.MoMLSimpleApplication@66323c33
----------------- Done invoking toplevel() on ptolemy.moml.MoMLSimpleApplication@66323c33
reloadAllAccessors: .PublisherPort1

===========================================================================================
----------------- testing Sat Aug 22 15:33:49 UTC 2020 /home/travis/build/icyphy/ptII/ptolemy/actor/lib/test/auto/PublisherPort2.xml
----------------- Instantiating /home/travis/build/icyphy/ptII/ptolemy/actor/lib/test/auto/PublisherPort2.xml
1 ms. Memory: 503808K Free: 331594K (66%)
----------------- Invoking toplevel() on ptolemy.moml.MoMLSimpleApplication@20a1a1b
----------------- Done invoking toplevel() on ptolemy.moml.MoMLSimpleApplication@20a1a1b
reloadAllAccessors: .PublisherPort2

===========================================================================================
----------------- testing Sat Aug 22 15:33:49 UTC 2020 /home/travis/build/icyphy/ptII/ptolemy/actor/lib/test/auto/PublisherPort3.xml
----------------- Instantiating /home/travis/build/icyphy/ptII/ptolemy/actor/lib/test/auto/PublisherPort3.xml
13 ms. Memory: 503808K Free: 324906K (64%)
----------------- Invoking toplevel() on ptolemy.moml.MoMLSimpleApplication@4da86ed1
----------------- Done invoking toplevel() on ptolemy.moml.MoMLSimpleApplication@4da86ed1
reloadAllAccessors: .PublisherPort3

===========================================================================================
----------------- testing Sat Aug 22 15:33:49 UTC 2020 /home/travis/build/icyphy/ptII/ptolemy/actor/lib/test/auto/PublisherPort4.xml
----------------- Instantiating /home/travis/build/icyphy/ptII/ptolemy/actor/lib/test/auto/PublisherPort4.xml
2 ms. Memory: 503808K Free: 319306K (63%)
----------------- Invoking toplevel() on ptolemy.moml.MoMLSimpleApplication@68ae712d
----------------- Done invoking toplevel() on ptolemy.moml.MoMLSimpleApplication@68ae712d
reloadAllAccessors: .PublisherPort4

===========================================================================================
----------------- testing Sat Aug 22 15:33:49 UTC 2020 /home/travis/build/icyphy/ptII/ptolemy/actor/lib/test/auto/PublisherPort5.xml
----------------- Instantiating /home/travis/build/icyphy/ptII/ptolemy/actor/lib/test/auto/PublisherPort5.xml
3 ms. Memory: 503808K Free: 311624K (62%)
----------------- Invoking toplevel() on ptolemy.moml.MoMLSimpleApplication@60b60960
----------------- Done invoking toplevel() on ptolemy.moml.MoMLSimpleApplication@60b60960
reloadAllAccessors: .PublisherPort5

===========================================================================================
----------------- testing Sat Aug 22 15:33:49 UTC 2020 /home/travis/build/icyphy/ptII/ptolemy/actor/lib/test/auto/PublisherPort5LookAlike.xml
----------------- Instantiating /home/travis/build/icyphy/ptII/ptolemy/actor/lib/test/auto/PublisherPort5LookAlike.xml
7 ms. Memory: 503808K Free: 303946K (60%)
----------------- Invoking toplevel() on ptolemy.moml.MoMLSimpleApplication@466cf3cd
----------------- Done invoking toplevel() on ptolemy.moml.MoMLSimpleApplication@466cf3cd
reloadAllAccessors: .PublisherPort5LookAlike

===========================================================================================
----------------- testing Sat Aug 22 15:33:49 UTC 2020 /home/travis/build/icyphy/ptII/ptolemy/actor/lib/test/auto/PublisherPort6.xml
----------------- Instantiating /home/travis/build/icyphy/ptII/ptolemy/actor/lib/test/auto/PublisherPort6.xml
2 ms. Memory: 503808K Free: 297274K (59%)
----------------- Invoking toplevel() on ptolemy.moml.MoMLSimpleApplication@7d7a5f6
----------------- Done invoking toplevel() on ptolemy.moml.MoMLSimpleApplication@7d7a5f6
reloadAllAccessors: .PublisherPort6

===========================================================================================
----------------- testing Sat Aug 22 15:33:49 UTC 2020 /home/travis/build/icyphy/ptII/ptolemy/actor/lib/test/auto/PublisherPort7.xml
----------------- Instantiating /home/travis/build/icyphy/ptII/ptolemy/actor/lib/test/auto/PublisherPort7.xml
3 ms. Memory: 503808K Free: 289610K (57%)
----------------- Invoking toplevel() on ptolemy.moml.MoMLSimpleApplication@67b8cc19
----------------- Done invoking toplevel() on ptolemy.moml.MoMLSimpleApplication@67b8cc19
reloadAllAccessors: .PublisherPort7

===========================================================================================
----------------- testing Sat Aug 22 15:33:49 UTC 2020 /home/travis/build/icyphy/ptII/ptolemy/actor/lib/test/auto/PublisherPort8.xml
----------------- Instantiating /home/travis/build/icyphy/ptII/ptolemy/actor/lib/test/auto/PublisherPort8.xml
4 ms. Memory: 503808K Free: 280394K (56%)
----------------- Invoking toplevel() on ptolemy.moml.MoMLSimpleApplication@7da0d831
----------------- Done invoking toplevel() on ptolemy.moml.MoMLSimpleApplication@7da0d831
reloadAllAccessors: .PublisherPort8

===========================================================================================
----------------- testing Sat Aug 22 15:33:49 UTC 2020 /home/travis/build/icyphy/ptII/ptolemy/actor/lib/test/auto/PublisherPortSubscriberChannelVariablesAOC2.xml
----------------- Instantiating /home/travis/build/icyphy/ptII/ptolemy/actor/lib/test/auto/PublisherPortSubscriberChannelVariablesAOC2.xml
3 ms. Memory: 503808K Free: 264010K (52%)
----------------- Invoking toplevel() on ptolemy.moml.MoMLSimpleApplication@1ad57d08
----------------- Done invoking toplevel() on ptolemy.moml.MoMLSimpleApplication@1ad57d08
reloadAllAccessors: .PublisherPortSubscriberChannelVariablesAOC2

===========================================================================================
----------------- testing Sat Aug 22 15:33:50 UTC 2020 /home/travis/build/icyphy/ptII/ptolemy/actor/lib/test/auto/PublisherPortSubscriberOpaqueWidthInference.xml
----------------- Instantiating /home/travis/build/icyphy/ptII/ptolemy/actor/lib/test/auto/PublisherPortSubscriberOpaqueWidthInference.xml
3 ms. Memory: 503808K Free: 255818K (51%)
----------------- Invoking toplevel() on ptolemy.moml.MoMLSimpleApplication@37cfc758
----------------- Done invoking toplevel() on ptolemy.moml.MoMLSimpleApplication@37cfc758
reloadAllAccessors: .PublisherPortSubscriberOpaqueWidthInference

===========================================================================================
----------------- testing Sat Aug 22 15:33:50 UTC 2020 /home/travis/build/icyphy/ptII/ptolemy/actor/lib/test/auto/PublisherPortSubscriberPortAdjacent.xml
----------------- Instantiating /home/travis/build/icyphy/ptII/ptolemy/actor/lib/test/auto/PublisherPortSubscriberPortAdjacent.xml
2 ms. Memory: 503808K Free: 247626K (49%)
----------------- Invoking toplevel() on ptolemy.moml.MoMLSimpleApplication@2317763a
----------------- Done invoking toplevel() on ptolemy.moml.MoMLSimpleApplication@2317763a
reloadAllAccessors: .PublisherPortSubscriberPortAdjacent

===========================================================================================
----------------- testing Sat Aug 22 15:33:50 UTC 2020 /home/travis/build/icyphy/ptII/ptolemy/actor/lib/test/auto/PublisherPortSubscriberPortExpression.xml
----------------- Instantiating /home/travis/build/icyphy/ptII/ptolemy/actor/lib/test/auto/PublisherPortSubscriberPortExpression.xml
5 ms. Memory: 503808K Free: 239434K (48%)
----------------- Invoking toplevel() on ptolemy.moml.MoMLSimpleApplication@3f7211f5
----------------- Done invoking toplevel() on ptolemy.moml.MoMLSimpleApplication@3f7211f5
reloadAllAccessors: .PublisherPortSubscriberPortExpression

===========================================================================================
----------------- testing Sat Aug 22 15:33:50 UTC 2020 /home/travis/build/icyphy/ptII/ptolemy/actor/lib/test/auto/PublisherPortSubscriberPortOpaqueD3Reverse.xml
----------------- Instantiating /home/travis/build/icyphy/ptII/ptolemy/actor/lib/test/auto/PublisherPortSubscriberPortOpaqueD3Reverse.xml
6 ms. Memory: 503808K Free: 229194K (45%)
----------------- Invoking toplevel() on ptolemy.moml.MoMLSimpleApplication@702702a0
----------------- Done invoking toplevel() on ptolemy.moml.MoMLSimpleApplication@702702a0
reloadAllAccessors: .PublisherPortSubscriberPortOpaqueD3Reverse

===========================================================================================
----------------- testing Sat Aug 22 15:33:50 UTC 2020 /home/travis/build/icyphy/ptII/ptolemy/actor/lib/test/auto/PublisherPortSubscriberPortOpaqueWidthInference.xml
----------------- Instantiating /home/travis/build/icyphy/ptII/ptolemy/actor/lib/test/auto/PublisherPortSubscriberPortOpaqueWidthInference.xml
3 ms. Memory: 503808K Free: 221498K (44%)
----------------- Invoking toplevel() on ptolemy.moml.MoMLSimpleApplication@6591456a
----------------- Done invoking toplevel() on ptolemy.moml.MoMLSimpleApplication@6591456a
reloadAllAccessors: .PublisherPortSubscriberPortOpaqueWidthInference

===========================================================================================
----------------- testing Sat Aug 22 15:33:50 UTC 2020 /home/travis/build/icyphy/ptII/ptolemy/actor/lib/test/auto/PublisherPortToplevelSubscriberPortAOC.xml
----------------- Instantiating /home/travis/build/icyphy/ptII/ptolemy/actor/lib/test/auto/PublisherPortToplevelSubscriberPortAOC.xml
.PublisherPortToplevelSubscriberPortAOC.TestExceptionAttribute: initialize() was not invoked, but wrapup() was.  This is unusual, but not always a problem.  For example, exporting JNLP will do this.
1 ms. Memory: 503808K Free: 214858K (43%)
----------------- Invoking toplevel() on ptolemy.moml.MoMLSimpleApplication@6527a436
----------------- Done invoking toplevel() on ptolemy.moml.MoMLSimpleApplication@6527a436
reloadAllAccessors: .PublisherPortToplevelSubscriberPortAOC

===========================================================================================
----------------- testing Sat Aug 22 15:33:50 UTC 2020 /home/travis/build/icyphy/ptII/ptolemy/actor/lib/test/auto/PublisherSubscriber.xml
----------------- Instantiating /home/travis/build/icyphy/ptII/ptolemy/actor/lib/test/auto/PublisherSubscriber.xml
3 ms. Memory: 503808K Free: 207146K (41%)
----------------- Invoking toplevel() on ptolemy.moml.MoMLSimpleApplication@5185c044
----------------- Done invoking toplevel() on ptolemy.moml.MoMLSimpleApplication@5185c044
reloadAllAccessors: .PublisherSubscriber

===========================================================================================
----------------- testing Sat Aug 22 15:33:50 UTC 2020 /home/travis/build/icyphy/ptII/ptolemy/actor/lib/test/auto/PublisherSubscriber10.xml
----------------- Instantiating /home/travis/build/icyphy/ptII/ptolemy/actor/lib/test/auto/PublisherSubscriber10.xml
8 ms. Memory: 503808K Free: 197450K (39%)
----------------- Invoking toplevel() on ptolemy.moml.MoMLSimpleApplication@50362733
----------------- Done invoking toplevel() on ptolemy.moml.MoMLSimpleApplication@50362733
reloadAllAccessors: .PublisherSubscriber10

===========================================================================================
----------------- testing Sat Aug 22 15:33:50 UTC 2020 /home/travis/build/icyphy/ptII/ptolemy/actor/lib/test/auto/PublisherSubscriber10InitialOutputs.xml
----------------- Instantiating /home/travis/build/icyphy/ptII/ptolemy/actor/lib/test/auto/PublisherSubscriber10InitialOutputs.xml
15 ms. Memory: 503808K Free: 188234K (37%)
----------------- Invoking toplevel() on ptolemy.moml.MoMLSimpleApplication@57b0aad6
----------------- Done invoking toplevel() on ptolemy.moml.MoMLSimpleApplication@57b0aad6
reloadAllAccessors: .PublisherSubscriber10InitialOutputs

===========================================================================================
----------------- testing Sat Aug 22 15:33:50 UTC 2020 /home/travis/build/icyphy/ptII/ptolemy/actor/lib/test/auto/PublisherSubscriber11.xml
----------------- Instantiating /home/travis/build/icyphy/ptII/ptolemy/actor/lib/test/auto/PublisherSubscriber11.xml
3 ms. Memory: 503808K Free: 182090K (36%)
----------------- Invoking toplevel() on ptolemy.moml.MoMLSimpleApplication@7a014bfb
----------------- Done invoking toplevel() on ptolemy.moml.MoMLSimpleApplication@7a014bfb
reloadAllAccessors: .PublisherSubscriber11

===========================================================================================
----------------- testing Sat Aug 22 15:33:50 UTC 2020 /home/travis/build/icyphy/ptII/ptolemy/actor/lib/test/auto/PublisherSubscriber12.xml
----------------- Instantiating /home/travis/build/icyphy/ptII/ptolemy/actor/lib/test/auto/PublisherSubscriber12.xml
5 ms. Memory: 503808K Free: 174922K (35%)
----------------- Invoking toplevel() on ptolemy.moml.MoMLSimpleApplication@4c658798
----------------- Done invoking toplevel() on ptolemy.moml.MoMLSimpleApplication@4c658798
reloadAllAccessors: .PublisherSubscriber12

===========================================================================================
----------------- testing Sat Aug 22 15:33:50 UTC 2020 /home/travis/build/icyphy/ptII/ptolemy/actor/lib/test/auto/PublisherSubscriber13.xml
----------------- Instantiating /home/travis/build/icyphy/ptII/ptolemy/actor/lib/test/auto/PublisherSubscriber13.xml
1 ms. Memory: 503808K Free: 169258K (34%)
----------------- Invoking toplevel() on ptolemy.moml.MoMLSimpleApplication@32a46a4c
----------------- Done invoking toplevel() on ptolemy.moml.MoMLSimpleApplication@32a46a4c
reloadAllAccessors: .PublisherSubscriber13

===========================================================================================
----------------- testing Sat Aug 22 15:33:50 UTC 2020 /home/travis/build/icyphy/ptII/ptolemy/actor/lib/test/auto/PublisherSubscriber14.xml
----------------- Instantiating /home/travis/build/icyphy/ptII/ptolemy/actor/lib/test/auto/PublisherSubscriber14.xml
2 ms. Memory: 503808K Free: 160042K (32%)
----------------- Invoking toplevel() on ptolemy.moml.MoMLSimpleApplication@26e951b9
----------------- Done invoking toplevel() on ptolemy.moml.MoMLSimpleApplication@26e951b9
reloadAllAccessors: .PublisherSubscriber14

===========================================================================================
----------------- testing Sat Aug 22 15:33:50 UTC 2020 /home/travis/build/icyphy/ptII/ptolemy/actor/lib/test/auto/PublisherSubscriber2.xml
----------------- Instantiating /home/travis/build/icyphy/ptII/ptolemy/actor/lib/test/auto/PublisherSubscriber2.xml
15 ms. Memory: 503808K Free: 452987K (90%)
----------------- Invoking toplevel() on ptolemy.moml.MoMLSimpleApplication@29a59796
----------------- Done invoking toplevel() on ptolemy.moml.MoMLSimpleApplication@29a59796
reloadAllAccessors: .PublisherSubscriber2

===========================================================================================
----------------- testing Sat Aug 22 15:33:50 UTC 2020 /home/travis/build/icyphy/ptII/ptolemy/actor/lib/test/auto/PublisherSubscriber3.xml
----------------- Instantiating /home/travis/build/icyphy/ptII/ptolemy/actor/lib/test/auto/PublisherSubscriber3.xml
2 ms. Memory: 503808K Free: 446843K (89%)
----------------- Invoking toplevel() on ptolemy.moml.MoMLSimpleApplication@d036406
----------------- Done invoking toplevel() on ptolemy.moml.MoMLSimpleApplication@d036406
reloadAllAccessors: .PublisherSubscriber3

===========================================================================================
----------------- testing Sat Aug 22 15:33:50 UTC 2020 /home/travis/build/icyphy/ptII/ptolemy/actor/lib/test/auto/PublisherSubscriber4.xml
----------------- Instantiating /home/travis/build/icyphy/ptII/ptolemy/actor/lib/test/auto/PublisherSubscriber4.xml
2 ms. Memory: 503808K Free: 441723K (88%)
----------------- Invoking toplevel() on ptolemy.moml.MoMLSimpleApplication@546c3eb6
----------------- Done invoking toplevel() on ptolemy.moml.MoMLSimpleApplication@546c3eb6
reloadAllAccessors: .PublisherSubscriber4

===========================================================================================
----------------- testing Sat Aug 22 15:33:50 UTC 2020 /home/travis/build/icyphy/ptII/ptolemy/actor/lib/test/auto/PublisherSubscriber5.xml
----------------- Instantiating /home/travis/build/icyphy/ptII/ptolemy/actor/lib/test/auto/PublisherSubscriber5.xml
1 ms. Memory: 503808K Free: 434555K (86%)
----------------- Invoking toplevel() on ptolemy.moml.MoMLSimpleApplication@16a56433
----------------- Done invoking toplevel() on ptolemy.moml.MoMLSimpleApplication@16a56433
reloadAllAccessors: .PublisherSubscriber5

===========================================================================================
----------------- testing Sat Aug 22 15:33:50 UTC 2020 /home/travis/build/icyphy/ptII/ptolemy/actor/lib/test/auto/PublisherSubscriber6.xml
----------------- Instantiating /home/travis/build/icyphy/ptII/ptolemy/actor/lib/test/auto/PublisherSubscriber6.xml
3 ms. Memory: 503808K Free: 427883K (85%)
----------------- Invoking toplevel() on ptolemy.moml.MoMLSimpleApplication@150e5e71
----------------- Done invoking toplevel() on ptolemy.moml.MoMLSimpleApplication@150e5e71
reloadAllAccessors: .PublisherSubscriber6

===========================================================================================
----------------- testing Sat Aug 22 15:33:50 UTC 2020 /home/travis/build/icyphy/ptII/ptolemy/actor/lib/test/auto/PublisherSubscriber7.xml
----------------- Instantiating /home/travis/build/icyphy/ptII/ptolemy/actor/lib/test/auto/PublisherSubscriber7.xml
10 ms. Memory: 503808K Free: 421243K (84%)
----------------- Invoking toplevel() on ptolemy.moml.MoMLSimpleApplication@3a24c3e8
----------------- Done invoking toplevel() on ptolemy.moml.MoMLSimpleApplication@3a24c3e8
reloadAllAccessors: .PublisherSubscriber7

===========================================================================================
----------------- testing Sat Aug 22 15:33:50 UTC 2020 /home/travis/build/icyphy/ptII/ptolemy/actor/lib/test/auto/PublisherSubscriber8.xml
----------------- Instantiating /home/travis/build/icyphy/ptII/ptolemy/actor/lib/test/auto/PublisherSubscriber8.xml
18 ms. Memory: 503808K Free: 409465K (81%)
----------------- Invoking toplevel() on ptolemy.moml.MoMLSimpleApplication@728f5d56
----------------- Done invoking toplevel() on ptolemy.moml.MoMLSimpleApplication@728f5d56
reloadAllAccessors: .PublisherSubscriber8

===========================================================================================
----------------- testing Sat Aug 22 15:33:50 UTC 2020 /home/travis/build/icyphy/ptII/ptolemy/actor/lib/test/auto/PublisherSubscriber9.xml
----------------- Instantiating /home/travis/build/icyphy/ptII/ptolemy/actor/lib/test/auto/PublisherSubscriber9.xml
2 ms. Memory: 503808K Free: 402297K (80%)
----------------- Invoking toplevel() on ptolemy.moml.MoMLSimpleApplication@47805579
----------------- Done invoking toplevel() on ptolemy.moml.MoMLSimpleApplication@47805579
reloadAllAccessors: .PublisherSubscriber9

===========================================================================================
----------------- testing Sat Aug 22 15:33:50 UTC 2020 /home/travis/build/icyphy/ptII/ptolemy/actor/lib/test/auto/PublisherSubscriberAdjacent.xml
----------------- Instantiating /home/travis/build/icyphy/ptII/ptolemy/actor/lib/test/auto/PublisherSubscriberAdjacent.xml
2 ms. Memory: 503808K Free: 394105K (78%)
----------------- Invoking toplevel() on ptolemy.moml.MoMLSimpleApplication@77fc4287
----------------- Done invoking toplevel() on ptolemy.moml.MoMLSimpleApplication@77fc4287
reloadAllAccessors: .PublisherSubscriberAdjacent

===========================================================================================
----------------- testing Sat Aug 22 15:33:50 UTC 2020 /home/travis/build/icyphy/ptII/ptolemy/actor/lib/test/auto/PublisherSubscriberChannelVariablesAOC2.xml
----------------- Instantiating /home/travis/build/icyphy/ptII/ptolemy/actor/lib/test/auto/PublisherSubscriberChannelVariablesAOC2.xml
2 ms. Memory: 503808K Free: 378235K (75%)
----------------- Invoking toplevel() on ptolemy.moml.MoMLSimpleApplication@72478b80
----------------- Done invoking toplevel() on ptolemy.moml.MoMLSimpleApplication@72478b80
reloadAllAccessors: .PublisherSubscriberChannelVariablesAOC2

===========================================================================================
----------------- testing Sat Aug 22 15:33:50 UTC 2020 /home/travis/build/icyphy/ptII/ptolemy/actor/lib/test/auto/PublisherSubscriberD3.xml
----------------- Instantiating /home/travis/build/icyphy/ptII/ptolemy/actor/lib/test/auto/PublisherSubscriberD3.xml
2 ms. Memory: 503808K Free: 371067K (74%)
----------------- Invoking toplevel() on ptolemy.moml.MoMLSimpleApplication@6b791b8b
----------------- Done invoking toplevel() on ptolemy.moml.MoMLSimpleApplication@6b791b8b
reloadAllAccessors: .PublisherSubscriberD3

===========================================================================================
----------------- testing Sat Aug 22 15:33:50 UTC 2020 /home/travis/build/icyphy/ptII/ptolemy/actor/lib/test/auto/PublisherSubscriberD3Reverse.xml
----------------- Instantiating /home/travis/build/icyphy/ptII/ptolemy/actor/lib/test/auto/PublisherSubscriberD3Reverse.xml
1 ms. Memory: 503808K Free: 364923K (72%)
----------------- Invoking toplevel() on ptolemy.moml.MoMLSimpleApplication@607fd087
----------------- Done invoking toplevel() on ptolemy.moml.MoMLSimpleApplication@607fd087
reloadAllAccessors: .PublisherSubscriberD3Reverse

===========================================================================================
----------------- testing Sat Aug 22 15:33:50 UTC 2020 /home/travis/build/icyphy/ptII/ptolemy/actor/lib/test/auto/PublisherSubscriberExpression.xml
----------------- Instantiating /home/travis/build/icyphy/ptII/ptolemy/actor/lib/test/auto/PublisherSubscriberExpression.xml
3 ms. Memory: 503808K Free: 356203K (71%)
----------------- Invoking toplevel() on ptolemy.moml.MoMLSimpleApplication@39c4f42e
----------------- Done invoking toplevel() on ptolemy.moml.MoMLSimpleApplication@39c4f42e
reloadAllAccessors: .PublisherSubscriberExpression

===========================================================================================
----------------- testing Sat Aug 22 15:33:50 UTC 2020 /home/travis/build/icyphy/ptII/ptolemy/actor/lib/test/auto/PublisherSubscriberOpaque.xml
----------------- Instantiating /home/travis/build/icyphy/ptII/ptolemy/actor/lib/test/auto/PublisherSubscriberOpaque.xml
4 ms. Memory: 503808K Free: 348025K (69%)
----------------- Invoking toplevel() on ptolemy.moml.MoMLSimpleApplication@51686842
----------------- Done invoking toplevel() on ptolemy.moml.MoMLSimpleApplication@51686842
reloadAllAccessors: .PublisherSubscriberOpaque

===========================================================================================
----------------- testing Sat Aug 22 15:33:50 UTC 2020 /home/travis/build/icyphy/ptII/ptolemy/actor/lib/test/auto/PublisherSubscriberOpaqueD3.xml
----------------- Instantiating /home/travis/build/icyphy/ptII/ptolemy/actor/lib/test/auto/PublisherSubscriberOpaqueD3.xml
5 ms. Memory: 503808K Free: 336251K (67%)
----------------- Invoking toplevel() on ptolemy.moml.MoMLSimpleApplication@324be73b
----------------- Done invoking toplevel() on ptolemy.moml.MoMLSimpleApplication@324be73b
reloadAllAccessors: .PublisherSubscriberOpaqueD3

===========================================================================================
----------------- testing Sat Aug 22 15:33:50 UTC 2020 /home/travis/build/icyphy/ptII/ptolemy/actor/lib/test/auto/PublisherSubscriberOpaqueD3Reverse.xml
----------------- Instantiating /home/travis/build/icyphy/ptII/ptolemy/actor/lib/test/auto/PublisherSubscriberOpaqueD3Reverse.xml
7 ms. Memory: 503808K Free: 325497K (65%)
----------------- Invoking toplevel() on ptolemy.moml.MoMLSimpleApplication@3d6ff908
----------------- Done invoking toplevel() on ptolemy.moml.MoMLSimpleApplication@3d6ff908
reloadAllAccessors: .PublisherSubscriberOpaqueD3Reverse

===========================================================================================
----------------- testing Sat Aug 22 15:33:50 UTC 2020 /home/travis/build/icyphy/ptII/ptolemy/actor/lib/test/auto/PublisherSubscriberOpaqueWidthInference.xml
----------------- Instantiating /home/travis/build/icyphy/ptII/ptolemy/actor/lib/test/auto/PublisherSubscriberOpaqueWidthInference.xml
4 ms. Memory: 503808K Free: 317291K (63%)
----------------- Invoking toplevel() on ptolemy.moml.MoMLSimpleApplication@4370c8e
----------------- Done invoking toplevel() on ptolemy.moml.MoMLSimpleApplication@4370c8e
reloadAllAccessors: .PublisherSubscriberOpaqueWidthInference

===========================================================================================
----------------- testing Sat Aug 22 15:33:50 UTC 2020 /home/travis/build/icyphy/ptII/ptolemy/actor/lib/test/auto/PublisherTestSubscriber.xml
----------------- Instantiating /home/travis/build/icyphy/ptII/ptolemy/actor/lib/test/auto/PublisherTestSubscriber.xml
2 ms. Memory: 503808K Free: 309627K (61%)
----------------- Invoking toplevel() on ptolemy.moml.MoMLSimpleApplication@8bd8703
----------------- Done invoking toplevel() on ptolemy.moml.MoMLSimpleApplication@8bd8703
reloadAllAccessors: .PublisherTestSubscriber

===========================================================================================
----------------- testing Sat Aug 22 15:33:50 UTC 2020 /home/travis/build/icyphy/ptII/ptolemy/actor/lib/test/auto/PublisherToplevelSubscriberPortAOC.xml
----------------- Instantiating /home/travis/build/icyphy/ptII/ptolemy/actor/lib/test/auto/PublisherToplevelSubscriberPortAOC.xml
2 ms. Memory: 503808K Free: 302459K (60%)
----------------- Invoking toplevel() on ptolemy.moml.MoMLSimpleApplication@34aa06af
----------------- Done invoking toplevel() on ptolemy.moml.MoMLSimpleApplication@34aa06af
reloadAllAccessors: .PublisherToplevelSubscriberPortAOC

===========================================================================================
----------------- testing Sat Aug 22 15:33:50 UTC 2020 /home/travis/build/icyphy/ptII/ptolemy/actor/lib/test/auto/PulseFiringLimitDE.xml
----------------- Instantiating /home/travis/build/icyphy/ptII/ptolemy/actor/lib/test/auto/PulseFiringLimitDE.xml
2 ms. Memory: 503808K Free: 296315K (59%)
----------------- Invoking toplevel() on ptolemy.moml.MoMLSimpleApplication@640f80b9
----------------- Done invoking toplevel() on ptolemy.moml.MoMLSimpleApplication@640f80b9
reloadAllAccessors: .PulseFiringLimitDE

===========================================================================================
----------------- testing Sat Aug 22 15:33:50 UTC 2020 /home/travis/build/icyphy/ptII/ptolemy/actor/lib/test/auto/Ramp1.xml
----------------- Instantiating /home/travis/build/icyphy/ptII/ptolemy/actor/lib/test/auto/Ramp1.xml
1 ms. Memory: 503808K Free: 292219K (58%)
----------------- Invoking toplevel() on ptolemy.moml.MoMLSimpleApplication@79ac477c
----------------- Done invoking toplevel() on ptolemy.moml.MoMLSimpleApplication@79ac477c
reloadAllAccessors: .Ramp1

===========================================================================================
----------------- testing Sat Aug 22 15:33:50 UTC 2020 /home/travis/build/icyphy/ptII/ptolemy/actor/lib/test/auto/RampFiringLimitDE.xml
----------------- Instantiating /home/travis/build/icyphy/ptII/ptolemy/actor/lib/test/auto/RampFiringLimitDE.xml
2 ms. Memory: 503808K Free: 286075K (57%)
----------------- Invoking toplevel() on ptolemy.moml.MoMLSimpleApplication@714f5f3b
----------------- Done invoking toplevel() on ptolemy.moml.MoMLSimpleApplication@714f5f3b
reloadAllAccessors: .RampFiringLimitDE

===========================================================================================
----------------- testing Sat Aug 22 15:33:50 UTC 2020 /home/travis/build/icyphy/ptII/ptolemy/actor/lib/test/auto/RampFiringLimitSDF.xml
----------------- Instantiating /home/travis/build/icyphy/ptII/ptolemy/actor/lib/test/auto/RampFiringLimitSDF.xml
2 ms. Memory: 503808K Free: 280955K (56%)
----------------- Invoking toplevel() on ptolemy.moml.MoMLSimpleApplication@2db82ce6
----------------- Done invoking toplevel() on ptolemy.moml.MoMLSimpleApplication@2db82ce6
reloadAllAccessors: .RampFiringLimitSDF

===========================================================================================
----------------- testing Sat Aug 22 15:33:50 UTC 2020 /home/travis/build/icyphy/ptII/ptolemy/actor/lib/test/auto/RandomInteger.xml
----------------- Instantiating /home/travis/build/icyphy/ptII/ptolemy/actor/lib/test/auto/RandomInteger.xml
1 ms. Memory: 503808K Free: 276345K (55%)
----------------- Invoking toplevel() on ptolemy.moml.MoMLSimpleApplication@5d291052
----------------- Done invoking toplevel() on ptolemy.moml.MoMLSimpleApplication@5d291052
reloadAllAccessors: .RandomInteger

===========================================================================================
----------------- testing Sat Aug 22 15:33:50 UTC 2020 /home/travis/build/icyphy/ptII/ptolemy/actor/lib/test/auto/ReadFile1.xml
----------------- Instantiating /home/travis/build/icyphy/ptII/ptolemy/actor/lib/test/auto/ReadFile1.xml
2 ms. Memory: 503808K Free: 271739K (54%)
----------------- Invoking toplevel() on ptolemy.moml.MoMLSimpleApplication@49948923
----------------- Done invoking toplevel() on ptolemy.moml.MoMLSimpleApplication@49948923
reloadAllAccessors: .ReadFile1

===========================================================================================
----------------- testing Sat Aug 22 15:33:50 UTC 2020 /home/travis/build/icyphy/ptII/ptolemy/actor/lib/test/auto/ReadFile2.xml
----------------- Instantiating /home/travis/build/icyphy/ptII/ptolemy/actor/lib/test/auto/ReadFile2.xml
1 ms. Memory: 503808K Free: 267643K (53%)
----------------- Invoking toplevel() on ptolemy.moml.MoMLSimpleApplication@4109a871
----------------- Done invoking toplevel() on ptolemy.moml.MoMLSimpleApplication@4109a871
reloadAllAccessors: .ReadFile2

===========================================================================================
----------------- testing Sat Aug 22 15:33:50 UTC 2020 /home/travis/build/icyphy/ptII/ptolemy/actor/lib/test/auto/Reader.xml
----------------- Instantiating /home/travis/build/icyphy/ptII/ptolemy/actor/lib/test/auto/Reader.xml
actor.lib.Reader is obsolete, use actor.lib.io.ExpressionReader instead
4 ms. Memory: 503808K Free: 263547K (52%)
----------------- Invoking toplevel() on ptolemy.moml.MoMLSimpleApplication@3b240874
----------------- Done invoking toplevel() on ptolemy.moml.MoMLSimpleApplication@3b240874
reloadAllAccessors: .Reader

===========================================================================================
----------------- testing Sat Aug 22 15:33:50 UTC 2020 /home/travis/build/icyphy/ptII/ptolemy/actor/lib/test/auto/RecordAssemblerDisplayNameTest.xml
----------------- Instantiating /home/travis/build/icyphy/ptII/ptolemy/actor/lib/test/auto/RecordAssemblerDisplayNameTest.xml
3799 ms. Memory: 503808K Free: 226183K (45%)
----------------- Invoking toplevel() on ptolemy.moml.MoMLSimpleApplication@15b52dca
----------------- Done invoking toplevel() on ptolemy.moml.MoMLSimpleApplication@15b52dca
reloadAllAccessors: .RecordAssemblerDisplayNameTest

===========================================================================================
----------------- testing Sat Aug 22 15:33:54 UTC 2020 /home/travis/build/icyphy/ptII/ptolemy/actor/lib/test/auto/RecordAssemblerTypeError.xml
----------------- Instantiating /home/travis/build/icyphy/ptII/ptolemy/actor/lib/test/auto/RecordAssemblerTypeError.xml
7 ms. Memory: 503808K Free: 216457K (43%)
----------------- Invoking toplevel() on ptolemy.moml.MoMLSimpleApplication@15add583
----------------- Done invoking toplevel() on ptolemy.moml.MoMLSimpleApplication@15add583
reloadAllAccessors: .RecordAssemblerTypeError

===========================================================================================
----------------- testing Sat Aug 22 15:33:54 UTC 2020 /home/travis/build/icyphy/ptII/ptolemy/actor/lib/test/auto/RecordDisassember.xml
----------------- Instantiating /home/travis/build/icyphy/ptII/ptolemy/actor/lib/test/auto/RecordDisassember.xml
3 ms. Memory: 503808K Free: 211337K (42%)
----------------- Invoking toplevel() on ptolemy.moml.MoMLSimpleApplication@23b81ada
----------------- Done invoking toplevel() on ptolemy.moml.MoMLSimpleApplication@23b81ada
reloadAllAccessors: .RecordDisassember

===========================================================================================
----------------- testing Sat Aug 22 15:33:54 UTC 2020 /home/travis/build/icyphy/ptII/ptolemy/actor/lib/test/auto/RecordDisassemberDisplayNameTest.xml
----------------- Instantiating /home/travis/build/icyphy/ptII/ptolemy/actor/lib/test/auto/RecordDisassemberDisplayNameTest.xml
5 ms. Memory: 503808K Free: 203655K (40%)
----------------- Invoking toplevel() on ptolemy.moml.MoMLSimpleApplication@33afdd1e
----------------- Done invoking toplevel() on ptolemy.moml.MoMLSimpleApplication@33afdd1e
reloadAllAccessors: .RecordDisassemberDisplayNameTest

===========================================================================================
----------------- testing Sat Aug 22 15:33:54 UTC 2020 /home/travis/build/icyphy/ptII/ptolemy/actor/lib/test/auto/RecordDisassembler.xml
----------------- Instantiating /home/travis/build/icyphy/ptII/ptolemy/actor/lib/test/auto/RecordDisassembler.xml
3 ms. Memory: 503808K Free: 198529K (39%)
----------------- Invoking toplevel() on ptolemy.moml.MoMLSimpleApplication@63573e78
----------------- Done invoking toplevel() on ptolemy.moml.MoMLSimpleApplication@63573e78
reloadAllAccessors: .RecordDisassembler

===========================================================================================
----------------- testing Sat Aug 22 15:33:54 UTC 2020 /home/travis/build/icyphy/ptII/ptolemy/actor/lib/test/auto/RecordDisassembler2.xml
----------------- Instantiating /home/travis/build/icyphy/ptII/ptolemy/actor/lib/test/auto/RecordDisassembler2.xml
2 ms. Memory: 503808K Free: 193385K (38%)
----------------- Invoking toplevel() on ptolemy.moml.MoMLSimpleApplication@6ede3919
----------------- Done invoking toplevel() on ptolemy.moml.MoMLSimpleApplication@6ede3919
reloadAllAccessors: .RecordDisassembler2

===========================================================================================
----------------- testing Sat Aug 22 15:33:54 UTC 2020 /home/travis/build/icyphy/ptII/ptolemy/actor/lib/test/auto/RecordUpdater.xml
----------------- Instantiating /home/travis/build/icyphy/ptII/ptolemy/actor/lib/test/auto/RecordUpdater.xml
2 ms. Memory: 503808K Free: 187785K (37%)
----------------- Invoking toplevel() on ptolemy.moml.MoMLSimpleApplication@54afbc6
----------------- Done invoking toplevel() on ptolemy.moml.MoMLSimpleApplication@54afbc6
reloadAllAccessors: .RecordUpdater

===========================================================================================
----------------- testing Sat Aug 22 15:33:54 UTC 2020 /home/travis/build/icyphy/ptII/ptolemy/actor/lib/test/auto/RecordUpdater2.xml
----------------- Instantiating /home/travis/build/icyphy/ptII/ptolemy/actor/lib/test/auto/RecordUpdater2.xml
2 ms. Memory: 503808K Free: 183175K (36%)
----------------- Invoking toplevel() on ptolemy.moml.MoMLSimpleApplication@708768d5
----------------- Done invoking toplevel() on ptolemy.moml.MoMLSimpleApplication@708768d5
reloadAllAccessors: .RecordUpdater2

===========================================================================================
----------------- testing Sat Aug 22 15:33:54 UTC 2020 /home/travis/build/icyphy/ptII/ptolemy/actor/lib/test/auto/RecursiveLattice.xml
----------------- Instantiating /home/travis/build/icyphy/ptII/ptolemy/actor/lib/test/auto/RecursiveLattice.xml
1 ms. Memory: 503808K Free: 178569K (35%)
----------------- Invoking toplevel() on ptolemy.moml.MoMLSimpleApplication@5877c7c8
----------------- Done invoking toplevel() on ptolemy.moml.MoMLSimpleApplication@5877c7c8
reloadAllAccessors: .RecursiveLattice

===========================================================================================
----------------- testing Sat Aug 22 15:33:54 UTC 2020 /home/travis/build/icyphy/ptII/ptolemy/actor/lib/test/auto/Router.xml
----------------- Instantiating /home/travis/build/icyphy/ptII/ptolemy/actor/lib/test/auto/Router.xml
3004 ms. Memory: 503808K Free: 167305K (33%)
----------------- Invoking toplevel() on ptolemy.moml.MoMLSimpleApplication@2bfc3624
----------------- Done invoking toplevel() on ptolemy.moml.MoMLSimpleApplication@2bfc3624
reloadAllAccessors: .Router

===========================================================================================
----------------- testing Sat Aug 22 15:33:57 UTC 2020 /home/travis/build/icyphy/ptII/ptolemy/actor/lib/test/auto/Router2.xml
----------------- Instantiating /home/travis/build/icyphy/ptII/ptolemy/actor/lib/test/auto/Router2.xml
3003 ms. Memory: 503808K Free: 156551K (31%)
----------------- Invoking toplevel() on ptolemy.moml.MoMLSimpleApplication@7850f25b
----------------- Done invoking toplevel() on ptolemy.moml.MoMLSimpleApplication@7850f25b
reloadAllAccessors: .Router2

===========================================================================================
----------------- testing Sat Aug 22 15:34:00 UTC 2020 /home/travis/build/icyphy/ptII/ptolemy/actor/lib/test/auto/RunningMaximum.xml
----------------- Instantiating /home/travis/build/icyphy/ptII/ptolemy/actor/lib/test/auto/RunningMaximum.xml
2 ms. Memory: 503808K Free: 451163K (90%)
----------------- Invoking toplevel() on ptolemy.moml.MoMLSimpleApplication@13068e7d
----------------- Done invoking toplevel() on ptolemy.moml.MoMLSimpleApplication@13068e7d
reloadAllAccessors: .RunningMaximum

===========================================================================================
----------------- testing Sat Aug 22 15:34:00 UTC 2020 /home/travis/build/icyphy/ptII/ptolemy/actor/lib/test/auto/RunningMinimum.xml
----------------- Instantiating /home/travis/build/icyphy/ptII/ptolemy/actor/lib/test/auto/RunningMinimum.xml
8 ms. Memory: 503808K Free: 446043K (89%)
----------------- Invoking toplevel() on ptolemy.moml.MoMLSimpleApplication@15b153e8
----------------- Done invoking toplevel() on ptolemy.moml.MoMLSimpleApplication@15b153e8
reloadAllAccessors: .RunningMinimum

===========================================================================================
----------------- testing Sat Aug 22 15:34:00 UTC 2020 /home/travis/build/icyphy/ptII/ptolemy/actor/lib/test/auto/Scale.xml
----------------- Instantiating /home/travis/build/icyphy/ptII/ptolemy/actor/lib/test/auto/Scale.xml
2 ms. Memory: 503808K Free: 441433K (88%)
----------------- Invoking toplevel() on ptolemy.moml.MoMLSimpleApplication@92c1495
----------------- Done invoking toplevel() on ptolemy.moml.MoMLSimpleApplication@92c1495
reloadAllAccessors: .Scale

===========================================================================================
----------------- testing Sat Aug 22 15:34:00 UTC 2020 /home/travis/build/icyphy/ptII/ptolemy/actor/lib/test/auto/Scale2.xml
----------------- Instantiating /home/travis/build/icyphy/ptII/ptolemy/actor/lib/test/auto/Scale2.xml
2 ms. Memory: 503808K Free: 436827K (87%)
----------------- Invoking toplevel() on ptolemy.moml.MoMLSimpleApplication@501e20c7
----------------- Done invoking toplevel() on ptolemy.moml.MoMLSimpleApplication@501e20c7
reloadAllAccessors: .Scale2

===========================================================================================
----------------- testing Sat Aug 22 15:34:00 UTC 2020 /home/travis/build/icyphy/ptII/ptolemy/actor/lib/test/auto/Scale3.xml
----------------- Instantiating /home/travis/build/icyphy/ptII/ptolemy/actor/lib/test/auto/Scale3.xml
8 ms. Memory: 503808K Free: 430169K (85%)
----------------- Invoking toplevel() on ptolemy.moml.MoMLSimpleApplication@33d7deb8
----------------- Done invoking toplevel() on ptolemy.moml.MoMLSimpleApplication@33d7deb8
reloadAllAccessors: .Scale3

===========================================================================================
----------------- testing Sat Aug 22 15:34:00 UTC 2020 /home/travis/build/icyphy/ptII/ptolemy/actor/lib/test/auto/ScaleArray.xml
----------------- Instantiating /home/travis/build/icyphy/ptII/ptolemy/actor/lib/test/auto/ScaleArray.xml
2 ms. Memory: 503808K Free: 425563K (84%)
----------------- Invoking toplevel() on ptolemy.moml.MoMLSimpleApplication@32e7fa3e
----------------- Done invoking toplevel() on ptolemy.moml.MoMLSimpleApplication@32e7fa3e
reloadAllAccessors: .ScaleArray

===========================================================================================
----------------- testing Sat Aug 22 15:34:00 UTC 2020 /home/travis/build/icyphy/ptII/ptolemy/actor/lib/test/auto/ScaleArray2.xml
----------------- Instantiating /home/travis/build/icyphy/ptII/ptolemy/actor/lib/test/auto/ScaleArray2.xml
1 ms. Memory: 503808K Free: 420953K (84%)
----------------- Invoking toplevel() on ptolemy.moml.MoMLSimpleApplication@35f4724b
----------------- Done invoking toplevel() on ptolemy.moml.MoMLSimpleApplication@35f4724b
reloadAllAccessors: .ScaleArray2

===========================================================================================
----------------- testing Sat Aug 22 15:34:00 UTC 2020 /home/travis/build/icyphy/ptII/ptolemy/actor/lib/test/auto/ScaleMatrix.xml
----------------- Instantiating /home/travis/build/icyphy/ptII/ptolemy/actor/lib/test/auto/ScaleMatrix.xml
100 ms. Memory: 503808K Free: 405593K (81%)
----------------- Invoking toplevel() on ptolemy.moml.MoMLSimpleApplication@7ba30d05
----------------- Done invoking toplevel() on ptolemy.moml.MoMLSimpleApplication@7ba30d05
reloadAllAccessors: .ScaleMatrix

===========================================================================================
----------------- testing Sat Aug 22 15:34:01 UTC 2020 /home/travis/build/icyphy/ptII/ptolemy/actor/lib/test/auto/Select.xml
----------------- Instantiating /home/travis/build/icyphy/ptII/ptolemy/actor/lib/test/auto/Select.xml
3 ms. Memory: 503808K Free: 399435K (79%)
----------------- Invoking toplevel() on ptolemy.moml.MoMLSimpleApplication@5c106d51
----------------- Done invoking toplevel() on ptolemy.moml.MoMLSimpleApplication@5c106d51
reloadAllAccessors: .Select

===========================================================================================
----------------- testing Sat Aug 22 15:34:01 UTC 2020 /home/travis/build/icyphy/ptII/ptolemy/actor/lib/test/auto/Select2.xml
----------------- Instantiating /home/travis/build/icyphy/ptII/ptolemy/actor/lib/test/auto/Select2.xml
1 ms. Memory: 503808K Free: 394843K (78%)
----------------- Invoking toplevel() on ptolemy.moml.MoMLSimpleApplication@407dda5a
----------------- Done invoking toplevel() on ptolemy.moml.MoMLSimpleApplication@407dda5a
reloadAllAccessors: .Select2

===========================================================================================
----------------- testing Sat Aug 22 15:34:01 UTC 2020 /home/travis/build/icyphy/ptII/ptolemy/actor/lib/test/auto/SequenceToArray2.xml
----------------- Instantiating /home/travis/build/icyphy/ptII/ptolemy/actor/lib/test/auto/SequenceToArray2.xml
96 ms. Memory: 503808K Free: 369723K (73%)
----------------- Invoking toplevel() on ptolemy.moml.MoMLSimpleApplication@cae0b6f
----------------- Done invoking toplevel() on ptolemy.moml.MoMLSimpleApplication@cae0b6f
reloadAllAccessors: .SequenceToArray2

===========================================================================================
----------------- testing Sat Aug 22 15:34:01 UTC 2020 /home/travis/build/icyphy/ptII/ptolemy/actor/lib/test/auto/SequentialClock.xml
----------------- Instantiating /home/travis/build/icyphy/ptII/ptolemy/actor/lib/test/auto/SequentialClock.xml
1 ms. Memory: 503808K Free: 365657K (73%)
----------------- Invoking toplevel() on ptolemy.moml.MoMLSimpleApplication@48b4b830
----------------- Done invoking toplevel() on ptolemy.moml.MoMLSimpleApplication@48b4b830
reloadAllAccessors: .SequentialClock

===========================================================================================
----------------- testing Sat Aug 22 15:34:01 UTC 2020 /home/travis/build/icyphy/ptII/ptolemy/actor/lib/test/auto/SetVariable.xml
----------------- Instantiating /home/travis/build/icyphy/ptII/ptolemy/actor/lib/test/auto/SetVariable.xml
3 ms. Memory: 503808K Free: 361051K (72%)
----------------- Invoking toplevel() on ptolemy.moml.MoMLSimpleApplication@542c6e59
----------------- Done invoking toplevel() on ptolemy.moml.MoMLSimpleApplication@542c6e59
reloadAllAccessors: .SetVariable

===========================================================================================
----------------- testing Sat Aug 22 15:34:01 UTC 2020 /home/travis/build/icyphy/ptII/ptolemy/actor/lib/test/auto/SetVariable2.xml
----------------- Instantiating /home/travis/build/icyphy/ptII/ptolemy/actor/lib/test/auto/SetVariable2.xml
3 ms. Memory: 503808K Free: 355931K (71%)
----------------- Invoking toplevel() on ptolemy.moml.MoMLSimpleApplication@41f6669
----------------- Done invoking toplevel() on ptolemy.moml.MoMLSimpleApplication@41f6669
reloadAllAccessors: .SetVariable2

===========================================================================================
----------------- testing Sat Aug 22 15:34:01 UTC 2020 /home/travis/build/icyphy/ptII/ptolemy/actor/lib/test/auto/SetVariable3.xml
----------------- Instantiating /home/travis/build/icyphy/ptII/ptolemy/actor/lib/test/auto/SetVariable3.xml
8 ms. Memory: 503808K Free: 350811K (70%)
----------------- Invoking toplevel() on ptolemy.moml.MoMLSimpleApplication@6ef60fcb
----------------- Done invoking toplevel() on ptolemy.moml.MoMLSimpleApplication@6ef60fcb
reloadAllAccessors: .SetVariable3

===========================================================================================
----------------- testing Sat Aug 22 15:34:01 UTC 2020 /home/travis/build/icyphy/ptII/ptolemy/actor/lib/test/auto/SetVariable4.xml
----------------- Instantiating /home/travis/build/icyphy/ptII/ptolemy/actor/lib/test/auto/SetVariable4.xml
12 ms. Memory: 503808K Free: 341593K (68%)
----------------- Invoking toplevel() on ptolemy.moml.MoMLSimpleApplication@236180b1
----------------- Done invoking toplevel() on ptolemy.moml.MoMLSimpleApplication@236180b1
reloadAllAccessors: .SetVariable4

===========================================================================================
----------------- testing Sat Aug 22 15:34:01 UTC 2020 /home/travis/build/icyphy/ptII/ptolemy/actor/lib/test/auto/SetVariable5.xml
----------------- Instantiating /home/travis/build/icyphy/ptII/ptolemy/actor/lib/test/auto/SetVariable5.xml
17 ms. Memory: 503808K Free: 332379K (66%)
----------------- Invoking toplevel() on ptolemy.moml.MoMLSimpleApplication@f8250b0
----------------- Done invoking toplevel() on ptolemy.moml.MoMLSimpleApplication@f8250b0
reloadAllAccessors: .SetVariable5

===========================================================================================
----------------- testing Sat Aug 22 15:34:01 UTC 2020 /home/travis/build/icyphy/ptII/ptolemy/actor/lib/test/auto/Sinewave.xml
----------------- Instantiating /home/travis/build/icyphy/ptII/ptolemy/actor/lib/test/auto/Sinewave.xml
4 ms. Memory: 503808K Free: 321115K (64%)
----------------- Invoking toplevel() on ptolemy.moml.MoMLSimpleApplication@13a53595
----------------- Done invoking toplevel() on ptolemy.moml.MoMLSimpleApplication@13a53595
reloadAllAccessors: .Sinewave

===========================================================================================
----------------- testing Sat Aug 22 15:34:01 UTC 2020 /home/travis/build/icyphy/ptII/ptolemy/actor/lib/test/auto/Sinewave2.xml
----------------- Instantiating /home/travis/build/icyphy/ptII/ptolemy/actor/lib/test/auto/Sinewave2.xml
8 ms. Memory: 503808K Free: 312923K (62%)
----------------- Invoking toplevel() on ptolemy.moml.MoMLSimpleApplication@29ee67f8
----------------- Done invoking toplevel() on ptolemy.moml.MoMLSimpleApplication@29ee67f8
reloadAllAccessors: .Sinewave2

===========================================================================================
----------------- testing Sat Aug 22 15:34:01 UTC 2020 /home/travis/build/icyphy/ptII/ptolemy/actor/lib/test/auto/Sinewave3.xml
----------------- Instantiating /home/travis/build/icyphy/ptII/ptolemy/actor/lib/test/auto/Sinewave3.xml
7 ms. Memory: 503808K Free: 304217K (60%)
----------------- Invoking toplevel() on ptolemy.moml.MoMLSimpleApplication@509a4c04
----------------- Done invoking toplevel() on ptolemy.moml.MoMLSimpleApplication@509a4c04
reloadAllAccessors: .Sinewave3

===========================================================================================
----------------- testing Sat Aug 22 15:34:01 UTC 2020 /home/travis/build/icyphy/ptII/ptolemy/actor/lib/test/auto/SingleEvent.xml
----------------- Instantiating /home/travis/build/icyphy/ptII/ptolemy/actor/lib/test/auto/SingleEvent.xml
1 ms. Memory: 503808K Free: 300121K (60%)
----------------- Invoking toplevel() on ptolemy.moml.MoMLSimpleApplication@7a1081ad
----------------- Done invoking toplevel() on ptolemy.moml.MoMLSimpleApplication@7a1081ad
reloadAllAccessors: .SingleEvent

===========================================================================================
----------------- testing Sat Aug 22 15:34:01 UTC 2020 /home/travis/build/icyphy/ptII/ptolemy/actor/lib/test/auto/Sleep.xml
----------------- Instantiating /home/travis/build/icyphy/ptII/ptolemy/actor/lib/test/auto/Sleep.xml
6003 ms. Memory: 503808K Free: 293977K (58%)
----------------- Invoking toplevel() on ptolemy.moml.MoMLSimpleApplication@3bf8d393
----------------- Done invoking toplevel() on ptolemy.moml.MoMLSimpleApplication@3bf8d393
reloadAllAccessors: .Sleep

===========================================================================================
----------------- testing Sat Aug 22 15:34:07 UTC 2020 /home/travis/build/icyphy/ptII/ptolemy/actor/lib/test/auto/SleepMultipleFire.xml
----------------- Instantiating /home/travis/build/icyphy/ptII/ptolemy/actor/lib/test/auto/SleepMultipleFire.xml
1007 ms. Memory: 503808K Free: 288347K (57%)
----------------- Invoking toplevel() on ptolemy.moml.MoMLSimpleApplication@2435b19c
----------------- Done invoking toplevel() on ptolemy.moml.MoMLSimpleApplication@2435b19c
reloadAllAccessors: .SleepMultipleFire

===========================================================================================
----------------- testing Sat Aug 22 15:34:08 UTC 2020 /home/travis/build/icyphy/ptII/ptolemy/actor/lib/test/auto/StopDE.xml
----------------- Instantiating /home/travis/build/icyphy/ptII/ptolemy/actor/lib/test/auto/StopDE.xml
11 ms. Memory: 503808K Free: 282203K (56%)
----------------- Invoking toplevel() on ptolemy.moml.MoMLSimpleApplication@29807b94
----------------- Done invoking toplevel() on ptolemy.moml.MoMLSimpleApplication@29807b94
reloadAllAccessors: .StopDE

===========================================================================================
----------------- testing Sat Aug 22 15:34:08 UTC 2020 /home/travis/build/icyphy/ptII/ptolemy/actor/lib/test/auto/StopSDF.xml
----------------- Instantiating /home/travis/build/icyphy/ptII/ptolemy/actor/lib/test/auto/StopSDF.xml
7 ms. Memory: 503808K Free: 277083K (55%)
----------------- Invoking toplevel() on ptolemy.moml.MoMLSimpleApplication@2fff0b6c
----------------- Done invoking toplevel() on ptolemy.moml.MoMLSimpleApplication@2fff0b6c
reloadAllAccessors: .StopSDF

===========================================================================================
----------------- testing Sat Aug 22 15:34:08 UTC 2020 /home/travis/build/icyphy/ptII/ptolemy/actor/lib/test/auto/StringConstant.xml
----------------- Instantiating /home/travis/build/icyphy/ptII/ptolemy/actor/lib/test/auto/StringConstant.xml
3 ms. Memory: 503808K Free: 272987K (54%)
----------------- Invoking toplevel() on ptolemy.moml.MoMLSimpleApplication@4b7cd5f8
----------------- Done invoking toplevel() on ptolemy.moml.MoMLSimpleApplication@4b7cd5f8
reloadAllAccessors: .StringConstant

===========================================================================================
----------------- testing Sat Aug 22 15:34:08 UTC 2020 /home/travis/build/icyphy/ptII/ptolemy/actor/lib/test/auto/SubscriberPortInitialValues1.xml
----------------- Instantiating /home/travis/build/icyphy/ptII/ptolemy/actor/lib/test/auto/SubscriberPortInitialValues1.xml
14 ms. Memory: 503808K Free: 264281K (52%)
----------------- Invoking toplevel() on ptolemy.moml.MoMLSimpleApplication@35b677e8
----------------- Done invoking toplevel() on ptolemy.moml.MoMLSimpleApplication@35b677e8
reloadAllAccessors: .SubscriberPortInitialValues1

===========================================================================================
----------------- testing Sat Aug 22 15:34:08 UTC 2020 /home/travis/build/icyphy/ptII/ptolemy/actor/lib/test/auto/SubscriberPortInitialValues13.xml
----------------- Instantiating /home/travis/build/icyphy/ptII/ptolemy/actor/lib/test/auto/SubscriberPortInitialValues13.xml
6 ms. Memory: 503808K Free: 251993K (50%)
----------------- Invoking toplevel() on ptolemy.moml.MoMLSimpleApplication@42c4d477
----------------- Done invoking toplevel() on ptolemy.moml.MoMLSimpleApplication@42c4d477
reloadAllAccessors: .SubscriberPortInitialValues13

===========================================================================================
----------------- testing Sat Aug 22 15:34:08 UTC 2020 /home/travis/build/icyphy/ptII/ptolemy/actor/lib/test/auto/SubscriberPortInitialValues14.xml
----------------- Instantiating /home/travis/build/icyphy/ptII/ptolemy/actor/lib/test/auto/SubscriberPortInitialValues14.xml
4 ms. Memory: 503808K Free: 244313K (48%)
----------------- Invoking toplevel() on ptolemy.moml.MoMLSimpleApplication@4006fa39
----------------- Done invoking toplevel() on ptolemy.moml.MoMLSimpleApplication@4006fa39
reloadAllAccessors: .SubscriberPortInitialValues14

===========================================================================================
----------------- testing Sat Aug 22 15:34:08 UTC 2020 /home/travis/build/icyphy/ptII/ptolemy/actor/lib/test/auto/SubscriberPortInitialValues2.xml
----------------- Instantiating /home/travis/build/icyphy/ptII/ptolemy/actor/lib/test/auto/SubscriberPortInitialValues2.xml
4 ms. Memory: 503808K Free: 236123K (47%)
----------------- Invoking toplevel() on ptolemy.moml.MoMLSimpleApplication@4844ac10
----------------- Done invoking toplevel() on ptolemy.moml.MoMLSimpleApplication@4844ac10
reloadAllAccessors: .SubscriberPortInitialValues2

===========================================================================================
----------------- testing Sat Aug 22 15:34:08 UTC 2020 /home/travis/build/icyphy/ptII/ptolemy/actor/lib/test/auto/SubscriberPortInitialValues3.xml
----------------- Instantiating /home/travis/build/icyphy/ptII/ptolemy/actor/lib/test/auto/SubscriberPortInitialValues3.xml
4 ms. Memory: 503808K Free: 224345K (45%)
----------------- Invoking toplevel() on ptolemy.moml.MoMLSimpleApplication@12fcf3ec
----------------- Done invoking toplevel() on ptolemy.moml.MoMLSimpleApplication@12fcf3ec
reloadAllAccessors: .SubscriberPortInitialValues3

===========================================================================================
----------------- testing Sat Aug 22 15:34:08 UTC 2020 /home/travis/build/icyphy/ptII/ptolemy/actor/lib/test/auto/SubscriptionAggregator.xml
----------------- Instantiating /home/travis/build/icyphy/ptII/ptolemy/actor/lib/test/auto/SubscriptionAggregator.xml
2 ms. Memory: 503808K Free: 217691K (43%)
----------------- Invoking toplevel() on ptolemy.moml.MoMLSimpleApplication@62745b60
----------------- Done invoking toplevel() on ptolemy.moml.MoMLSimpleApplication@62745b60
reloadAllAccessors: .SubscriptionAggregator

===========================================================================================
----------------- testing Sat Aug 22 15:34:08 UTC 2020 /home/travis/build/icyphy/ptII/ptolemy/actor/lib/test/auto/SubscriptionAggregator2.xml
----------------- Instantiating /home/travis/build/icyphy/ptII/ptolemy/actor/lib/test/auto/SubscriptionAggregator2.xml
2 ms. Memory: 503808K Free: 210523K (42%)
----------------- Invoking toplevel() on ptolemy.moml.MoMLSimpleApplication@3ac1ea51
----------------- Done invoking toplevel() on ptolemy.moml.MoMLSimpleApplication@3ac1ea51
reloadAllAccessors: .SubscriptionAggregator2

===========================================================================================
----------------- testing Sat Aug 22 15:34:08 UTC 2020 /home/travis/build/icyphy/ptII/ptolemy/actor/lib/test/auto/SubscriptionAggregator3.xml
----------------- Instantiating /home/travis/build/icyphy/ptII/ptolemy/actor/lib/test/auto/SubscriptionAggregator3.xml
4 ms. Memory: 503808K Free: 201817K (40%)
----------------- Invoking toplevel() on ptolemy.moml.MoMLSimpleApplication@607b89ef
----------------- Done invoking toplevel() on ptolemy.moml.MoMLSimpleApplication@607b89ef
reloadAllAccessors: .SubscriptionAggregator3

===========================================================================================
----------------- testing Sat Aug 22 15:34:08 UTC 2020 /home/travis/build/icyphy/ptII/ptolemy/actor/lib/test/auto/SubscriptionAggregatorMultiply.xml
----------------- Instantiating /home/travis/build/icyphy/ptII/ptolemy/actor/lib/test/auto/SubscriptionAggregatorMultiply.xml
10 ms. Memory: 503808K Free: 193115K (38%)
----------------- Invoking toplevel() on ptolemy.moml.MoMLSimpleApplication@77f7c6b9
----------------- Done invoking toplevel() on ptolemy.moml.MoMLSimpleApplication@77f7c6b9
reloadAllAccessors: .SubscriptionAggregatorMultiply

===========================================================================================
----------------- testing Sat Aug 22 15:34:08 UTC 2020 /home/travis/build/icyphy/ptII/ptolemy/actor/lib/test/auto/SubscriptionAggregatorPortMultiply1.xml
----------------- Instantiating /home/travis/build/icyphy/ptII/ptolemy/actor/lib/test/auto/SubscriptionAggregatorPortMultiply1.xml
3 ms. Memory: 503808K Free: 184409K (37%)
----------------- Invoking toplevel() on ptolemy.moml.MoMLSimpleApplication@35079ea0
----------------- Done invoking toplevel() on ptolemy.moml.MoMLSimpleApplication@35079ea0
reloadAllAccessors: .SubscriptionAggregatorPortMultiply1

===========================================================================================
----------------- testing Sat Aug 22 15:34:08 UTC 2020 /home/travis/build/icyphy/ptII/ptolemy/actor/lib/test/auto/Switch.xml
----------------- Instantiating /home/travis/build/icyphy/ptII/ptolemy/actor/lib/test/auto/Switch.xml
8 ms. Memory: 503808K Free: 176217K (35%)
----------------- Invoking toplevel() on ptolemy.moml.MoMLSimpleApplication@3af14e81
----------------- Done invoking toplevel() on ptolemy.moml.MoMLSimpleApplication@3af14e81
reloadAllAccessors: .Switch

===========================================================================================
----------------- testing Sat Aug 22 15:34:08 UTC 2020 /home/travis/build/icyphy/ptII/ptolemy/actor/lib/test/auto/Switch2.xml
----------------- Instantiating /home/travis/build/icyphy/ptII/ptolemy/actor/lib/test/auto/Switch2.xml
1 ms. Memory: 503808K Free: 171611K (34%)
----------------- Invoking toplevel() on ptolemy.moml.MoMLSimpleApplication@6d937865
----------------- Done invoking toplevel() on ptolemy.moml.MoMLSimpleApplication@6d937865
reloadAllAccessors: .Switch2

===========================================================================================
----------------- testing Sat Aug 22 15:34:08 UTC 2020 /home/travis/build/icyphy/ptII/ptolemy/actor/lib/test/auto/SwitchDE.xml
----------------- Instantiating /home/travis/build/icyphy/ptII/ptolemy/actor/lib/test/auto/SwitchDE.xml
3 ms. Memory: 503808K Free: 165467K (33%)
----------------- Invoking toplevel() on ptolemy.moml.MoMLSimpleApplication@1503bbcd
----------------- Done invoking toplevel() on ptolemy.moml.MoMLSimpleApplication@1503bbcd
reloadAllAccessors: .SwitchDE

===========================================================================================
----------------- testing Sat Aug 22 15:34:08 UTC 2020 /home/travis/build/icyphy/ptII/ptolemy/actor/lib/test/auto/SynchronizerDE.xml
----------------- Instantiating /home/travis/build/icyphy/ptII/ptolemy/actor/lib/test/auto/SynchronizerDE.xml
7 ms. Memory: 503808K Free: 157275K (31%)
----------------- Invoking toplevel() on ptolemy.moml.MoMLSimpleApplication@7095318d
----------------- Done invoking toplevel() on ptolemy.moml.MoMLSimpleApplication@7095318d
reloadAllAccessors: .SynchronizerDE

===========================================================================================
----------------- testing Sat Aug 22 15:34:08 UTC 2020 /home/travis/build/icyphy/ptII/ptolemy/actor/lib/test/auto/Test.xml
----------------- Instantiating /home/travis/build/icyphy/ptII/ptolemy/actor/lib/test/auto/Test.xml
2 ms. Memory: 503808K Free: 450015K (89%)
----------------- Invoking toplevel() on ptolemy.moml.MoMLSimpleApplication@7dd185a3
----------------- Done invoking toplevel() on ptolemy.moml.MoMLSimpleApplication@7dd185a3
reloadAllAccessors: .Test

===========================================================================================
----------------- testing Sat Aug 22 15:34:08 UTC 2020 /home/travis/build/icyphy/ptII/ptolemy/actor/lib/test/auto/TestExceptionAttribute1.xml
----------------- Instantiating /home/travis/build/icyphy/ptII/ptolemy/actor/lib/test/auto/TestExceptionAttribute1.xml
1 ms. Memory: 503808K Free: 445950K (89%)
----------------- Invoking toplevel() on ptolemy.moml.MoMLSimpleApplication@4e71fc7f
----------------- Done invoking toplevel() on ptolemy.moml.MoMLSimpleApplication@4e71fc7f
reloadAllAccessors: .TestExceptionAttribute1

===========================================================================================
----------------- testing Sat Aug 22 15:34:08 UTC 2020 /home/travis/build/icyphy/ptII/ptolemy/actor/lib/test/auto/TestExceptionAttribute2.xml
----------------- Instantiating /home/travis/build/icyphy/ptII/ptolemy/actor/lib/test/auto/TestExceptionAttribute2.xml
2 ms. Memory: 503808K Free: 442368K (88%)
----------------- Invoking toplevel() on ptolemy.moml.MoMLSimpleApplication@2c09ab78
----------------- Done invoking toplevel() on ptolemy.moml.MoMLSimpleApplication@2c09ab78
reloadAllAccessors: .TestExceptionAttribute2

===========================================================================================
----------------- testing Sat Aug 22 15:34:08 UTC 2020 /home/travis/build/icyphy/ptII/ptolemy/actor/lib/test/auto/TestExceptionAttribute3.xml
----------------- Instantiating /home/travis/build/icyphy/ptII/ptolemy/actor/lib/test/auto/TestExceptionAttribute3.xml
.TestExceptionAttribute3.TestExceptionAttribute: initialize() was not invoked, but wrapup() was.  This is unusual, but not always a problem.  For example, exporting JNLP will do this.
1 ms. Memory: 503808K Free: 438782K (87%)
----------------- Invoking toplevel() on ptolemy.moml.MoMLSimpleApplication@545d3ae7
----------------- Done invoking toplevel() on ptolemy.moml.MoMLSimpleApplication@545d3ae7
reloadAllAccessors: .TestExceptionAttribute3

===========================================================================================
----------------- testing Sat Aug 22 15:34:08 UTC 2020 /home/travis/build/icyphy/ptII/ptolemy/actor/lib/test/auto/TestExceptionAttribute4.xml
----------------- Instantiating /home/travis/build/icyphy/ptII/ptolemy/actor/lib/test/auto/TestExceptionAttribute4.xml
.TestExceptionAttribute4.TestExceptionAttribute: initialize() was not invoked, but wrapup() was.  This is unusual, but not always a problem.  For example, exporting JNLP will do this.
.TestExceptionAttribute4.TestExceptionAttribute2: initialize() was not invoked, but wrapup() was.  This is unusual, but not always a problem.  For example, exporting JNLP will do this.
1 ms. Memory: 503808K Free: 434686K (86%)
----------------- Invoking toplevel() on ptolemy.moml.MoMLSimpleApplication@6f651282
----------------- Done invoking toplevel() on ptolemy.moml.MoMLSimpleApplication@6f651282
reloadAllAccessors: .TestExceptionAttribute4

===========================================================================================
----------------- testing Sat Aug 22 15:34:08 UTC 2020 /home/travis/build/icyphy/ptII/ptolemy/actor/lib/test/auto/TestExceptionHandler1.xml
----------------- Instantiating /home/travis/build/icyphy/ptII/ptolemy/actor/lib/test/auto/TestExceptionHandler1.xml
1 ms. Memory: 503808K Free: 430590K (85%)
----------------- Invoking toplevel() on ptolemy.moml.MoMLSimpleApplication@257a8b48
----------------- Done invoking toplevel() on ptolemy.moml.MoMLSimpleApplication@257a8b48
reloadAllAccessors: .TestExceptionHandler1

===========================================================================================
----------------- testing Sat Aug 22 15:34:08 UTC 2020 /home/travis/build/icyphy/ptII/ptolemy/actor/lib/test/auto/TestExceptionHandler2.xml
----------------- Instantiating /home/travis/build/icyphy/ptII/ptolemy/actor/lib/test/auto/TestExceptionHandler2.xml
1 ms. Memory: 503808K Free: 427008K (85%)
----------------- Invoking toplevel() on ptolemy.moml.MoMLSimpleApplication@66f9ba43
----------------- Done invoking toplevel() on ptolemy.moml.MoMLSimpleApplication@66f9ba43
reloadAllAccessors: .TestExceptionHandler2

===========================================================================================
----------------- testing Sat Aug 22 15:34:08 UTC 2020 /home/travis/build/icyphy/ptII/ptolemy/actor/lib/test/auto/TestExceptionHandler3.xml
----------------- Instantiating /home/travis/build/icyphy/ptII/ptolemy/actor/lib/test/auto/TestExceptionHandler3.xml
0 ms. Memory: 503808K Free: 423422K (84%)
----------------- Invoking toplevel() on ptolemy.moml.MoMLSimpleApplication@3583ec78
----------------- Done invoking toplevel() on ptolemy.moml.MoMLSimpleApplication@3583ec78
reloadAllAccessors: .TestExceptionHandler3

===========================================================================================
----------------- testing Sat Aug 22 15:34:09 UTC 2020 /home/travis/build/icyphy/ptII/ptolemy/actor/lib/test/auto/TestExceptionHandler4.xml
----------------- Instantiating /home/travis/build/icyphy/ptII/ptolemy/actor/lib/test/auto/TestExceptionHandler4.xml
0 ms. Memory: 503808K Free: 419326K (83%)
----------------- Invoking toplevel() on ptolemy.moml.MoMLSimpleApplication@51917fe4
----------------- Done invoking toplevel() on ptolemy.moml.MoMLSimpleApplication@51917fe4
reloadAllAccessors: .TestExceptionHandler4

===========================================================================================
----------------- testing Sat Aug 22 15:34:09 UTC 2020 /home/travis/build/icyphy/ptII/ptolemy/actor/lib/test/auto/TestRequireCorrectOrder.xml
----------------- Instantiating /home/travis/build/icyphy/ptII/ptolemy/actor/lib/test/auto/TestRequireCorrectOrder.xml
10 ms. Memory: 503808K Free: 413696K (82%)
----------------- Invoking toplevel() on ptolemy.moml.MoMLSimpleApplication@3d03ff08
----------------- Done invoking toplevel() on ptolemy.moml.MoMLSimpleApplication@3d03ff08
reloadAllAccessors: .TestRequireCorrectOrder

===========================================================================================
----------------- testing Sat Aug 22 15:34:09 UTC 2020 /home/travis/build/icyphy/ptII/ptolemy/actor/lib/test/auto/TestSimple.xml
----------------- Instantiating /home/travis/build/icyphy/ptII/ptolemy/actor/lib/test/auto/TestSimple.xml
2 ms. Memory: 503808K Free: 409086K (81%)
----------------- Invoking toplevel() on ptolemy.moml.MoMLSimpleApplication@45aa893d
----------------- Done invoking toplevel() on ptolemy.moml.MoMLSimpleApplication@45aa893d
reloadAllAccessors: .TestSimple

===========================================================================================
----------------- testing Sat Aug 22 15:34:09 UTC 2020 /home/travis/build/icyphy/ptII/ptolemy/actor/lib/test/auto/ThrowModelError.xml
----------------- Instantiating /home/travis/build/icyphy/ptII/ptolemy/actor/lib/test/auto/ThrowModelError.xml
1 ms. Memory: 503808K Free: 404480K (80%)
----------------- Invoking toplevel() on ptolemy.moml.MoMLSimpleApplication@72a6eeb2
----------------- Done invoking toplevel() on ptolemy.moml.MoMLSimpleApplication@72a6eeb2
reloadAllAccessors: .ThrowModelError

===========================================================================================
----------------- testing Sat Aug 22 15:34:09 UTC 2020 /home/travis/build/icyphy/ptII/ptolemy/actor/lib/test/auto/TimeDelayMicrosteps.xml
----------------- Instantiating /home/travis/build/icyphy/ptII/ptolemy/actor/lib/test/auto/TimeDelayMicrosteps.xml
3 ms. Memory: 503808K Free: 397815K (79%)
----------------- Invoking toplevel() on ptolemy.moml.MoMLSimpleApplication@602d9486
----------------- Done invoking toplevel() on ptolemy.moml.MoMLSimpleApplication@602d9486
reloadAllAccessors: .TimeDelayMicrosteps

===========================================================================================
----------------- testing Sat Aug 22 15:34:09 UTC 2020 /home/travis/build/icyphy/ptII/ptolemy/actor/lib/test/auto/TimeDelayMicrosteps2.xml
----------------- Instantiating /home/travis/build/icyphy/ptII/ptolemy/actor/lib/test/auto/TimeDelayMicrosteps2.xml
5 ms. Memory: 503808K Free: 390639K (78%)
----------------- Invoking toplevel() on ptolemy.moml.MoMLSimpleApplication@2f91e765
----------------- Done invoking toplevel() on ptolemy.moml.MoMLSimpleApplication@2f91e765
reloadAllAccessors: .TimeDelayMicrosteps2

===========================================================================================
----------------- testing Sat Aug 22 15:34:09 UTC 2020 /home/travis/build/icyphy/ptII/ptolemy/actor/lib/test/auto/TimeDelayMicrosteps3.xml
----------------- Instantiating /home/travis/build/icyphy/ptII/ptolemy/actor/lib/test/auto/TimeDelayMicrosteps3.xml
2 ms. Memory: 503808K Free: 383455K (76%)
----------------- Invoking toplevel() on ptolemy.moml.MoMLSimpleApplication@28665e3f
----------------- Done invoking toplevel() on ptolemy.moml.MoMLSimpleApplication@28665e3f
reloadAllAccessors: .TimeDelayMicrosteps3

===========================================================================================
----------------- testing Sat Aug 22 15:34:09 UTC 2020 /home/travis/build/icyphy/ptII/ptolemy/actor/lib/test/auto/TimeDelayVariableMicrosteps.xml
----------------- Instantiating /home/travis/build/icyphy/ptII/ptolemy/actor/lib/test/auto/TimeDelayVariableMicrosteps.xml
3 ms. Memory: 503808K Free: 376830K (75%)
----------------- Invoking toplevel() on ptolemy.moml.MoMLSimpleApplication@7ee72294
----------------- Done invoking toplevel() on ptolemy.moml.MoMLSimpleApplication@7ee72294
reloadAllAccessors: .TimeDelayVariableMicrosteps

===========================================================================================
----------------- testing Sat Aug 22 15:34:09 UTC 2020 /home/travis/build/icyphy/ptII/ptolemy/actor/lib/test/auto/TimeGap.xml
----------------- Instantiating /home/travis/build/icyphy/ptII/ptolemy/actor/lib/test/auto/TimeGap.xml
3 ms. Memory: 503808K Free: 371712K (74%)
----------------- Invoking toplevel() on ptolemy.moml.MoMLSimpleApplication@200309c9
----------------- Done invoking toplevel() on ptolemy.moml.MoMLSimpleApplication@200309c9
reloadAllAccessors: .TimeGap

===========================================================================================
----------------- testing Sat Aug 22 15:34:09 UTC 2020 /home/travis/build/icyphy/ptII/ptolemy/actor/lib/test/auto/TimeGap2.xml
----------------- Instantiating /home/travis/build/icyphy/ptII/ptolemy/actor/lib/test/auto/TimeGap2.xml
2 ms. Memory: 503808K Free: 365568K (73%)
----------------- Invoking toplevel() on ptolemy.moml.MoMLSimpleApplication@39b3d09
----------------- Done invoking toplevel() on ptolemy.moml.MoMLSimpleApplication@39b3d09
reloadAllAccessors: .TimeGap2

===========================================================================================
----------------- testing Sat Aug 22 15:34:09 UTC 2020 /home/travis/build/icyphy/ptII/ptolemy/actor/lib/test/auto/TimedSinewave.xml
----------------- Instantiating /home/travis/build/icyphy/ptII/ptolemy/actor/lib/test/auto/TimedSinewave.xml
21 ms. Memory: 503808K Free: 351232K (70%)
----------------- Invoking toplevel() on ptolemy.moml.MoMLSimpleApplication@6d19e86f
----------------- Done invoking toplevel() on ptolemy.moml.MoMLSimpleApplication@6d19e86f
reloadAllAccessors: .TimedSinewave

===========================================================================================
----------------- testing Sat Aug 22 15:34:09 UTC 2020 /home/travis/build/icyphy/ptII/ptolemy/actor/lib/test/auto/TimedSinewavePhase.xml
----------------- Instantiating /home/travis/build/icyphy/ptII/ptolemy/actor/lib/test/auto/TimedSinewavePhase.xml
9 ms. Memory: 503808K Free: 341502K (68%)
----------------- Invoking toplevel() on ptolemy.moml.MoMLSimpleApplication@1259490e
----------------- Done invoking toplevel() on ptolemy.moml.MoMLSimpleApplication@1259490e
reloadAllAccessors: .TimedSinewavePhase

===========================================================================================
----------------- testing Sat Aug 22 15:34:09 UTC 2020 /home/travis/build/icyphy/ptII/ptolemy/actor/lib/test/auto/Timer.xml
----------------- Instantiating /home/travis/build/icyphy/ptII/ptolemy/actor/lib/test/auto/Timer.xml
3 ms. Memory: 503808K Free: 335872K (67%)
----------------- Invoking toplevel() on ptolemy.moml.MoMLSimpleApplication@64e36cf1
----------------- Done invoking toplevel() on ptolemy.moml.MoMLSimpleApplication@64e36cf1
reloadAllAccessors: .Timer

===========================================================================================
----------------- testing Sat Aug 22 15:34:09 UTC 2020 /home/travis/build/icyphy/ptII/ptolemy/actor/lib/test/auto/TriangularDistTestModel.xml
----------------- Instantiating /home/travis/build/icyphy/ptII/ptolemy/actor/lib/test/auto/TriangularDistTestModel.xml
2 ms. Memory: 503808K Free: 329728K (65%)
----------------- Invoking toplevel() on ptolemy.moml.MoMLSimpleApplication@40849521
----------------- Done invoking toplevel() on ptolemy.moml.MoMLSimpleApplication@40849521
reloadAllAccessors: .TriangularDistTestModel

===========================================================================================
----------------- testing Sat Aug 22 15:34:09 UTC 2020 /home/travis/build/icyphy/ptII/ptolemy/actor/lib/test/auto/TrigFunction.xml
----------------- Instantiating /home/travis/build/icyphy/ptII/ptolemy/actor/lib/test/auto/TrigFunction.xml
2 ms. Memory: 503808K Free: 325118K (65%)
----------------- Invoking toplevel() on ptolemy.moml.MoMLSimpleApplication@19874535
----------------- Done invoking toplevel() on ptolemy.moml.MoMLSimpleApplication@19874535
reloadAllAccessors: .TrigFunction

===========================================================================================
----------------- testing Sat Aug 22 15:34:09 UTC 2020 /home/travis/build/icyphy/ptII/ptolemy/actor/lib/test/auto/TrigFunctionDE.xml
----------------- Instantiating /home/travis/build/icyphy/ptII/ptolemy/actor/lib/test/auto/TrigFunctionDE.xml
2 ms. Memory: 503808K Free: 319488K (63%)
----------------- Invoking toplevel() on ptolemy.moml.MoMLSimpleApplication@20a4bf80
----------------- Done invoking toplevel() on ptolemy.moml.MoMLSimpleApplication@20a4bf80
reloadAllAccessors: .TrigFunctionDE

===========================================================================================
----------------- testing Sat Aug 22 15:34:09 UTC 2020 /home/travis/build/icyphy/ptII/ptolemy/actor/lib/test/auto/TrigFunctionInverse.xml
----------------- Instantiating /home/travis/build/icyphy/ptII/ptolemy/actor/lib/test/auto/TrigFunctionInverse.xml
2 ms. Memory: 503808K Free: 314368K (62%)
----------------- Invoking toplevel() on ptolemy.moml.MoMLSimpleApplication@70eda761
----------------- Done invoking toplevel() on ptolemy.moml.MoMLSimpleApplication@70eda761
reloadAllAccessors: .TrigFunctionInverse

===========================================================================================
----------------- testing Sat Aug 22 15:34:09 UTC 2020 /home/travis/build/icyphy/ptII/ptolemy/actor/lib/test/auto/TrigFunctionTan.xml
----------------- Instantiating /home/travis/build/icyphy/ptII/ptolemy/actor/lib/test/auto/TrigFunctionTan.xml
1 ms. Memory: 503808K Free: 309758K (61%)
----------------- Invoking toplevel() on ptolemy.moml.MoMLSimpleApplication@39236754
----------------- Done invoking toplevel() on ptolemy.moml.MoMLSimpleApplication@39236754
reloadAllAccessors: .TrigFunctionTan

===========================================================================================
----------------- testing Sat Aug 22 15:34:09 UTC 2020 /home/travis/build/icyphy/ptII/ptolemy/actor/lib/test/auto/TriggeredClock.xml
----------------- Instantiating /home/travis/build/icyphy/ptII/ptolemy/actor/lib/test/auto/TriggeredClock.xml
2 ms. Memory: 503808K Free: 304631K (60%)
----------------- Invoking toplevel() on ptolemy.moml.MoMLSimpleApplication@5087be39
----------------- Done invoking toplevel() on ptolemy.moml.MoMLSimpleApplication@5087be39
reloadAllAccessors: .TriggeredClock

===========================================================================================
----------------- testing Sat Aug 22 15:34:09 UTC 2020 /home/travis/build/icyphy/ptII/ptolemy/actor/lib/test/auto/URLDirectoryReader.xml
----------------- Instantiating /home/travis/build/icyphy/ptII/ptolemy/actor/lib/test/auto/URLDirectoryReader.xml
36 ms. Memory: 503808K Free: 294912K (59%)
----------------- Invoking toplevel() on ptolemy.moml.MoMLSimpleApplication@154c2e3c
----------------- Done invoking toplevel() on ptolemy.moml.MoMLSimpleApplication@154c2e3c
reloadAllAccessors: .URLDirectoryReader

===========================================================================================
----------------- testing Sat Aug 22 15:34:09 UTC 2020 /home/travis/build/icyphy/ptII/ptolemy/actor/lib/test/auto/URLDirectoryReader3.xml
----------------- Instantiating /home/travis/build/icyphy/ptII/ptolemy/actor/lib/test/auto/URLDirectoryReader3.xml
1357 ms. Memory: 503808K Free: 445539K (88%)
----------------- Invoking toplevel() on ptolemy.moml.MoMLSimpleApplication@480721d3
----------------- Done invoking toplevel() on ptolemy.moml.MoMLSimpleApplication@480721d3
reloadAllAccessors: .URLDirectoryReader3

===========================================================================================
----------------- testing Sat Aug 22 15:34:11 UTC 2020 /home/travis/build/icyphy/ptII/ptolemy/actor/lib/test/auto/UnaryMathFunction.xml
----------------- Instantiating /home/travis/build/icyphy/ptII/ptolemy/actor/lib/test/auto/UnaryMathFunction.xml
4 ms. Memory: 503808K Free: 437857K (87%)
----------------- Invoking toplevel() on ptolemy.moml.MoMLSimpleApplication@62231e0b
----------------- Done invoking toplevel() on ptolemy.moml.MoMLSimpleApplication@62231e0b
reloadAllAccessors: .UnaryMathFunction

===========================================================================================
----------------- testing Sat Aug 22 15:34:11 UTC 2020 /home/travis/build/icyphy/ptII/ptolemy/actor/lib/test/auto/Uniform.xml
----------------- Instantiating /home/travis/build/icyphy/ptII/ptolemy/actor/lib/test/auto/Uniform.xml
3 ms. Memory: 503808K Free: 432731K (86%)
----------------- Invoking toplevel() on ptolemy.moml.MoMLSimpleApplication@6ab751e2
----------------- Done invoking toplevel() on ptolemy.moml.MoMLSimpleApplication@6ab751e2
reloadAllAccessors: .Uniform

===========================================================================================
----------------- testing Sat Aug 22 15:34:11 UTC 2020 /home/travis/build/icyphy/ptII/ptolemy/actor/lib/test/auto/UnionDisassemblerTest.xml
----------------- Instantiating /home/travis/build/icyphy/ptII/ptolemy/actor/lib/test/auto/UnionDisassemblerTest.xml
7 ms. Memory: 503808K Free: 429155K (85%)
----------------- Invoking toplevel() on ptolemy.moml.MoMLSimpleApplication@7e0ce7b9
----------------- Done invoking toplevel() on ptolemy.moml.MoMLSimpleApplication@7e0ce7b9
reloadAllAccessors: .UnionDisassemblerTest

===========================================================================================
----------------- testing Sat Aug 22 15:34:11 UTC 2020 /home/travis/build/icyphy/ptII/ptolemy/actor/lib/test/auto/UtilityFunctions.xml
----------------- Instantiating /home/travis/build/icyphy/ptII/ptolemy/actor/lib/test/auto/UtilityFunctions.xml
1 ms. Memory: 503808K Free: 425059K (84%)
----------------- Invoking toplevel() on ptolemy.moml.MoMLSimpleApplication@4e349b99
----------------- Done invoking toplevel() on ptolemy.moml.MoMLSimpleApplication@4e349b99
reloadAllAccessors: .UtilityFunctions

===========================================================================================
----------------- testing Sat Aug 22 15:34:11 UTC 2020 /home/travis/build/icyphy/ptII/ptolemy/actor/lib/test/auto/VariableSleep.xml
----------------- Instantiating /home/travis/build/icyphy/ptII/ptolemy/actor/lib/test/auto/VariableSleep.xml
503 ms. Memory: 503808K Free: 419425K (83%)
----------------- Invoking toplevel() on ptolemy.moml.MoMLSimpleApplication@339c5b1e
----------------- Done invoking toplevel() on ptolemy.moml.MoMLSimpleApplication@339c5b1e
reloadAllAccessors: .VariableSleep

===========================================================================================
----------------- testing Sat Aug 22 15:34:11 UTC 2020 /home/travis/build/icyphy/ptII/ptolemy/actor/lib/test/auto/VectorAssemblerDisassemblerCT.xml
----------------- Instantiating /home/travis/build/icyphy/ptII/ptolemy/actor/lib/test/auto/VectorAssemblerDisassemblerCT.xml
72 ms. Memory: 503808K Free: 398945K (79%)
----------------- Invoking toplevel() on ptolemy.moml.MoMLSimpleApplication@268388d6
----------------- Done invoking toplevel() on ptolemy.moml.MoMLSimpleApplication@268388d6
reloadAllAccessors: .VectorAssemblerDisassemblerCT

===========================================================================================
----------------- testing Sat Aug 22 15:34:11 UTC 2020 /home/travis/build/icyphy/ptII/ptolemy/actor/lib/test/auto/VectorAssemblerDisassemblerDE.xml
----------------- Instantiating /home/travis/build/icyphy/ptII/ptolemy/actor/lib/test/auto/VectorAssemblerDisassemblerDE.xml
2 ms. Memory: 503808K Free: 391777K (78%)
----------------- Invoking toplevel() on ptolemy.moml.MoMLSimpleApplication@237f0a85
----------------- Done invoking toplevel() on ptolemy.moml.MoMLSimpleApplication@237f0a85
reloadAllAccessors: .VectorAssemblerDisassemblerDE

===========================================================================================
----------------- testing Sat Aug 22 15:34:11 UTC 2020 /home/travis/build/icyphy/ptII/ptolemy/actor/lib/test/auto/VectorAssemblerDisassemblerSDF.xml
----------------- Instantiating /home/travis/build/icyphy/ptII/ptolemy/actor/lib/test/auto/VectorAssemblerDisassemblerSDF.xml
3 ms. Memory: 503808K Free: 385633K (77%)
----------------- Invoking toplevel() on ptolemy.moml.MoMLSimpleApplication@4e748310
----------------- Done invoking toplevel() on ptolemy.moml.MoMLSimpleApplication@4e748310
reloadAllAccessors: .VectorAssemblerDisassemblerSDF

===========================================================================================
----------------- testing Sat Aug 22 15:34:11 UTC 2020 /home/travis/build/icyphy/ptII/ptolemy/actor/lib/test/auto/WallClockTime.xml
----------------- Instantiating /home/travis/build/icyphy/ptII/ptolemy/actor/lib/test/auto/WallClockTime.xml
1005 ms. Memory: 503808K Free: 380003K (75%)
----------------- Invoking toplevel() on ptolemy.moml.MoMLSimpleApplication@75f0044d
----------------- Done invoking toplevel() on ptolemy.moml.MoMLSimpleApplication@75f0044d
reloadAllAccessors: .WallClockTime

===========================================================================================
----------------- testing Sat Aug 22 15:34:12 UTC 2020 /home/travis/build/icyphy/ptII/ptolemy/actor/lib/test/auto/WidthTestWithSubscriberPublisher.xml
----------------- Instantiating /home/travis/build/icyphy/ptII/ptolemy/actor/lib/test/auto/WidthTestWithSubscriberPublisher.xml
14 ms. Memory: 503808K Free: 362595K (72%)
----------------- Invoking toplevel() on ptolemy.moml.MoMLSimpleApplication@3bbe4e24
----------------- Done invoking toplevel() on ptolemy.moml.MoMLSimpleApplication@3bbe4e24
reloadAllAccessors: .WidthTestWithSubscriberPublisher

===========================================================================================
----------------- testing Sat Aug 22 15:34:13 UTC 2020 /home/travis/build/icyphy/ptII/ptolemy/actor/lib/test/auto/WidthTestWithSubscriberPublisher2.xml
----------------- Instantiating /home/travis/build/icyphy/ptII/ptolemy/actor/lib/test/auto/WidthTestWithSubscriberPublisher2.xml
2 ms. Memory: 503808K Free: 355937K (71%)
----------------- Invoking toplevel() on ptolemy.moml.MoMLSimpleApplication@739c2c12
----------------- Done invoking toplevel() on ptolemy.moml.MoMLSimpleApplication@739c2c12
reloadAllAccessors: .WidthTestWithSubscriberPublisher2

===========================================================================================
----------------- testing Sat Aug 22 15:34:13 UTC 2020 /home/travis/build/icyphy/ptII/ptolemy/actor/lib/test/auto/WidthTestWithSubscriberPublisher3.xml
----------------- Instantiating /home/travis/build/icyphy/ptII/ptolemy/actor/lib/test/auto/WidthTestWithSubscriberPublisher3.xml
2 ms. Memory: 503808K Free: 349793K (69%)
----------------- Invoking toplevel() on ptolemy.moml.MoMLSimpleApplication@32717cba
----------------- Done invoking toplevel() on ptolemy.moml.MoMLSimpleApplication@32717cba
reloadAllAccessors: .WidthTestWithSubscriberPublisher3

===========================================================================================
----------------- testing Sat Aug 22 15:34:13 UTC 2020 /home/travis/build/icyphy/ptII/ptolemy/actor/lib/test/auto/Writer.xml
----------------- Instantiating /home/travis/build/icyphy/ptII/ptolemy/actor/lib/test/auto/Writer.xml
0
1
2
3
4
1 ms. Memory: 503808K Free: 345691K (69%)
----------------- Invoking toplevel() on ptolemy.moml.MoMLSimpleApplication@52983061
----------------- Done invoking toplevel() on ptolemy.moml.MoMLSimpleApplication@52983061
reloadAllAccessors: .Writer

===========================================================================================
----------------- testing Sat Aug 22 15:34:13 UTC 2020 /home/travis/build/icyphy/ptII/ptolemy/actor/lib/test/auto/array.xml
----------------- Instantiating /home/travis/build/icyphy/ptII/ptolemy/actor/lib/test/auto/array.xml
2 ms. Memory: 503808K Free: 341091K (68%)
----------------- Invoking toplevel() on ptolemy.moml.MoMLSimpleApplication@4e583f13
----------------- Done invoking toplevel() on ptolemy.moml.MoMLSimpleApplication@4e583f13
reloadAllAccessors: .array

===========================================================================================
----------------- testing Sat Aug 22 15:34:13 UTC 2020 /home/travis/build/icyphy/ptII/ptolemy/actor/lib/test/auto/array2.xml
----------------- Instantiating /home/travis/build/icyphy/ptII/ptolemy/actor/lib/test/auto/array2.xml
13 ms. Memory: 503808K Free: 335971K (67%)
----------------- Invoking toplevel() on ptolemy.moml.MoMLSimpleApplication@788b5ca9
----------------- Done invoking toplevel() on ptolemy.moml.MoMLSimpleApplication@788b5ca9
reloadAllAccessors: .array2

===========================================================================================
----------------- testing Sat Aug 22 15:34:13 UTC 2020 /home/travis/build/icyphy/ptII/ptolemy/actor/lib/test/auto/arrayType.xml
----------------- Instantiating /home/travis/build/icyphy/ptII/ptolemy/actor/lib/test/auto/arrayType.xml
1 ms. Memory: 503808K Free: 330851K (66%)
----------------- Invoking toplevel() on ptolemy.moml.MoMLSimpleApplication@738bd4a3
----------------- Done invoking toplevel() on ptolemy.moml.MoMLSimpleApplication@738bd4a3
reloadAllAccessors: .arrayType

===========================================================================================
----------------- testing Sat Aug 22 15:34:13 UTC 2020 /home/travis/build/icyphy/ptII/ptolemy/actor/lib/test/auto/arrayType10.xml
----------------- Instantiating /home/travis/build/icyphy/ptII/ptolemy/actor/lib/test/auto/arrayType10.xml
1 ms. Memory: 503808K Free: 326241K (65%)
----------------- Invoking toplevel() on ptolemy.moml.MoMLSimpleApplication@62b931f5
----------------- Done invoking toplevel() on ptolemy.moml.MoMLSimpleApplication@62b931f5
reloadAllAccessors: .arrayType10

===========================================================================================
----------------- testing Sat Aug 22 15:34:13 UTC 2020 /home/travis/build/icyphy/ptII/ptolemy/actor/lib/test/auto/arrayType11.xml
----------------- Instantiating /home/travis/build/icyphy/ptII/ptolemy/actor/lib/test/auto/arrayType11.xml
2 ms. Memory: 503808K Free: 321121K (64%)
----------------- Invoking toplevel() on ptolemy.moml.MoMLSimpleApplication@59028543
----------------- Done invoking toplevel() on ptolemy.moml.MoMLSimpleApplication@59028543
reloadAllAccessors: .arrayType11

===========================================================================================
----------------- testing Sat Aug 22 15:34:13 UTC 2020 /home/travis/build/icyphy/ptII/ptolemy/actor/lib/test/auto/arrayType12.xml
----------------- Instantiating /home/travis/build/icyphy/ptII/ptolemy/actor/lib/test/auto/arrayType12.xml
1 ms. Memory: 503808K Free: 316515K (63%)
----------------- Invoking toplevel() on ptolemy.moml.MoMLSimpleApplication@16444536
----------------- Done invoking toplevel() on ptolemy.moml.MoMLSimpleApplication@16444536
reloadAllAccessors: .arrayType12

===========================================================================================
----------------- testing Sat Aug 22 15:34:13 UTC 2020 /home/travis/build/icyphy/ptII/ptolemy/actor/lib/test/auto/arrayType13.xml
----------------- Instantiating /home/travis/build/icyphy/ptII/ptolemy/actor/lib/test/auto/arrayType13.xml
2 ms. Memory: 503808K Free: 311395K (62%)
----------------- Invoking toplevel() on ptolemy.moml.MoMLSimpleApplication@6ab2f2e8
----------------- Done invoking toplevel() on ptolemy.moml.MoMLSimpleApplication@6ab2f2e8
reloadAllAccessors: .arrayType13

===========================================================================================
----------------- testing Sat Aug 22 15:34:13 UTC 2020 /home/travis/build/icyphy/ptII/ptolemy/actor/lib/test/auto/arrayType14.xml
----------------- Instantiating /home/travis/build/icyphy/ptII/ptolemy/actor/lib/test/auto/arrayType14.xml
2 ms. Memory: 503808K Free: 305761K (61%)
----------------- Invoking toplevel() on ptolemy.moml.MoMLSimpleApplication@7f6b9945
----------------- Done invoking toplevel() on ptolemy.moml.MoMLSimpleApplication@7f6b9945
reloadAllAccessors: .arrayType14

===========================================================================================
----------------- testing Sat Aug 22 15:34:13 UTC 2020 /home/travis/build/icyphy/ptII/ptolemy/actor/lib/test/auto/arrayType15.xml
----------------- Instantiating /home/travis/build/icyphy/ptII/ptolemy/actor/lib/test/auto/arrayType15.xml
2 ms. Memory: 503808K Free: 300641K (60%)
----------------- Invoking toplevel() on ptolemy.moml.MoMLSimpleApplication@142005f7
----------------- Done invoking toplevel() on ptolemy.moml.MoMLSimpleApplication@142005f7
reloadAllAccessors: .arrayType15

===========================================================================================
----------------- testing Sat Aug 22 15:34:13 UTC 2020 /home/travis/build/icyphy/ptII/ptolemy/actor/lib/test/auto/arrayType16.xml
----------------- Instantiating /home/travis/build/icyphy/ptII/ptolemy/actor/lib/test/auto/arrayType16.xml
2 ms. Memory: 503808K Free: 295521K (59%)
----------------- Invoking toplevel() on ptolemy.moml.MoMLSimpleApplication@54a055ab
----------------- Done invoking toplevel() on ptolemy.moml.MoMLSimpleApplication@54a055ab
reloadAllAccessors: .arrayType16

===========================================================================================
----------------- testing Sat Aug 22 15:34:13 UTC 2020 /home/travis/build/icyphy/ptII/ptolemy/actor/lib/test/auto/arrayType17.xml
----------------- Instantiating /home/travis/build/icyphy/ptII/ptolemy/actor/lib/test/auto/arrayType17.xml
2 ms. Memory: 503808K Free: 289891K (58%)
----------------- Invoking toplevel() on ptolemy.moml.MoMLSimpleApplication@5d13a4f0
----------------- Done invoking toplevel() on ptolemy.moml.MoMLSimpleApplication@5d13a4f0
reloadAllAccessors: .arrayType17

===========================================================================================
----------------- testing Sat Aug 22 15:34:13 UTC 2020 /home/travis/build/icyphy/ptII/ptolemy/actor/lib/test/auto/arrayType18.xml
----------------- Instantiating /home/travis/build/icyphy/ptII/ptolemy/actor/lib/test/auto/arrayType18.xml
1 ms. Memory: 503808K Free: 285281K (57%)
----------------- Invoking toplevel() on ptolemy.moml.MoMLSimpleApplication@30f45d19
----------------- Done invoking toplevel() on ptolemy.moml.MoMLSimpleApplication@30f45d19
reloadAllAccessors: .arrayType18

===========================================================================================
----------------- testing Sat Aug 22 15:34:13 UTC 2020 /home/travis/build/icyphy/ptII/ptolemy/actor/lib/test/auto/arrayType19.xml
----------------- Instantiating /home/travis/build/icyphy/ptII/ptolemy/actor/lib/test/auto/arrayType19.xml
2 ms. Memory: 503808K Free: 280675K (56%)
----------------- Invoking toplevel() on ptolemy.moml.MoMLSimpleApplication@7d50c350
----------------- Done invoking toplevel() on ptolemy.moml.MoMLSimpleApplication@7d50c350
reloadAllAccessors: .arrayType19

===========================================================================================
----------------- testing Sat Aug 22 15:34:13 UTC 2020 /home/travis/build/icyphy/ptII/ptolemy/actor/lib/test/auto/arrayType2.xml
----------------- Instantiating /home/travis/build/icyphy/ptII/ptolemy/actor/lib/test/auto/arrayType2.xml
1 ms. Memory: 503808K Free: 275041K (55%)
----------------- Invoking toplevel() on ptolemy.moml.MoMLSimpleApplication@7f5027f5
----------------- Done invoking toplevel() on ptolemy.moml.MoMLSimpleApplication@7f5027f5
reloadAllAccessors: .arrayType2

===========================================================================================
----------------- testing Sat Aug 22 15:34:13 UTC 2020 /home/travis/build/icyphy/ptII/ptolemy/actor/lib/test/auto/arrayType20.xml
----------------- Instantiating /home/travis/build/icyphy/ptII/ptolemy/actor/lib/test/auto/arrayType20.xml
1 ms. Memory: 503808K Free: 270435K (54%)
----------------- Invoking toplevel() on ptolemy.moml.MoMLSimpleApplication@422ead3c
----------------- Done invoking toplevel() on ptolemy.moml.MoMLSimpleApplication@422ead3c
reloadAllAccessors: .arrayType20

===========================================================================================
----------------- testing Sat Aug 22 15:34:13 UTC 2020 /home/travis/build/icyphy/ptII/ptolemy/actor/lib/test/auto/arrayType21.xml
----------------- Instantiating /home/travis/build/icyphy/ptII/ptolemy/actor/lib/test/auto/arrayType21.xml
1 ms. Memory: 503808K Free: 265315K (53%)
----------------- Invoking toplevel() on ptolemy.moml.MoMLSimpleApplication@1c1f9e49
----------------- Done invoking toplevel() on ptolemy.moml.MoMLSimpleApplication@1c1f9e49
reloadAllAccessors: .arrayType21

===========================================================================================
----------------- testing Sat Aug 22 15:34:13 UTC 2020 /home/travis/build/icyphy/ptII/ptolemy/actor/lib/test/auto/arrayType22.xml
----------------- Instantiating /home/travis/build/icyphy/ptII/ptolemy/actor/lib/test/auto/arrayType22.xml
1 ms. Memory: 503808K Free: 259681K (52%)
----------------- Invoking toplevel() on ptolemy.moml.MoMLSimpleApplication@5ef47000
----------------- Done invoking toplevel() on ptolemy.moml.MoMLSimpleApplication@5ef47000
reloadAllAccessors: .arrayType22

===========================================================================================
----------------- testing Sat Aug 22 15:34:13 UTC 2020 /home/travis/build/icyphy/ptII/ptolemy/actor/lib/test/auto/arrayType23.xml
----------------- Instantiating /home/travis/build/icyphy/ptII/ptolemy/actor/lib/test/auto/arrayType23.xml
1 ms. Memory: 503808K Free: 255075K (51%)
----------------- Invoking toplevel() on ptolemy.moml.MoMLSimpleApplication@26956213
----------------- Done invoking toplevel() on ptolemy.moml.MoMLSimpleApplication@26956213
reloadAllAccessors: .arrayType23

===========================================================================================
----------------- testing Sat Aug 22 15:34:13 UTC 2020 /home/travis/build/icyphy/ptII/ptolemy/actor/lib/test/auto/arrayType24.xml
----------------- Instantiating /home/travis/build/icyphy/ptII/ptolemy/actor/lib/test/auto/arrayType24.xml
1 ms. Memory: 503808K Free: 249955K (50%)
----------------- Invoking toplevel() on ptolemy.moml.MoMLSimpleApplication@bfef336
----------------- Done invoking toplevel() on ptolemy.moml.MoMLSimpleApplication@bfef336
reloadAllAccessors: .arrayType24

===========================================================================================
----------------- testing Sat Aug 22 15:34:13 UTC 2020 /home/travis/build/icyphy/ptII/ptolemy/actor/lib/test/auto/arrayType25.xml
----------------- Instantiating /home/travis/build/icyphy/ptII/ptolemy/actor/lib/test/auto/arrayType25.xml
2 ms. Memory: 503808K Free: 244835K (49%)
----------------- Invoking toplevel() on ptolemy.moml.MoMLSimpleApplication@198964ae
----------------- Done invoking toplevel() on ptolemy.moml.MoMLSimpleApplication@198964ae
reloadAllAccessors: .arrayType25

===========================================================================================
----------------- testing Sat Aug 22 15:34:13 UTC 2020 /home/travis/build/icyphy/ptII/ptolemy/actor/lib/test/auto/arrayType26.xml
----------------- Instantiating /home/travis/build/icyphy/ptII/ptolemy/actor/lib/test/auto/arrayType26.xml
1 ms. Memory: 503808K Free: 239715K (48%)
----------------- Invoking toplevel() on ptolemy.moml.MoMLSimpleApplication@58060266
----------------- Done invoking toplevel() on ptolemy.moml.MoMLSimpleApplication@58060266
reloadAllAccessors: .arrayType26

===========================================================================================
----------------- testing Sat Aug 22 15:34:13 UTC 2020 /home/travis/build/icyphy/ptII/ptolemy/actor/lib/test/auto/arrayType27.xml
----------------- Instantiating /home/travis/build/icyphy/ptII/ptolemy/actor/lib/test/auto/arrayType27.xml
2 ms. Memory: 503808K Free: 234081K (46%)
----------------- Invoking toplevel() on ptolemy.moml.MoMLSimpleApplication@77387d87
----------------- Done invoking toplevel() on ptolemy.moml.MoMLSimpleApplication@77387d87
reloadAllAccessors: .arrayType27

===========================================================================================
----------------- testing Sat Aug 22 15:34:13 UTC 2020 /home/travis/build/icyphy/ptII/ptolemy/actor/lib/test/auto/arrayType28.xml
----------------- Instantiating /home/travis/build/icyphy/ptII/ptolemy/actor/lib/test/auto/arrayType28.xml
2 ms. Memory: 503808K Free: 228961K (45%)
----------------- Invoking toplevel() on ptolemy.moml.MoMLSimpleApplication@45f7cf7c
----------------- Done invoking toplevel() on ptolemy.moml.MoMLSimpleApplication@45f7cf7c
reloadAllAccessors: .arrayType28

===========================================================================================
----------------- testing Sat Aug 22 15:34:13 UTC 2020 /home/travis/build/icyphy/ptII/ptolemy/actor/lib/test/auto/arrayType3.xml
----------------- Instantiating /home/travis/build/icyphy/ptII/ptolemy/actor/lib/test/auto/arrayType3.xml
1 ms. Memory: 503808K Free: 223331K (44%)
----------------- Invoking toplevel() on ptolemy.moml.MoMLSimpleApplication@592bdc06
----------------- Done invoking toplevel() on ptolemy.moml.MoMLSimpleApplication@592bdc06
reloadAllAccessors: .arrayType3

===========================================================================================
----------------- testing Sat Aug 22 15:34:13 UTC 2020 /home/travis/build/icyphy/ptII/ptolemy/actor/lib/test/auto/arrayType4.xml
----------------- Instantiating /home/travis/build/icyphy/ptII/ptolemy/actor/lib/test/auto/arrayType4.xml
1 ms. Memory: 503808K Free: 218211K (43%)
----------------- Invoking toplevel() on ptolemy.moml.MoMLSimpleApplication@27fe580a
----------------- Done invoking toplevel() on ptolemy.moml.MoMLSimpleApplication@27fe580a
reloadAllAccessors: .arrayType4

===========================================================================================
----------------- testing Sat Aug 22 15:34:13 UTC 2020 /home/travis/build/icyphy/ptII/ptolemy/actor/lib/test/auto/arrayType5.xml
----------------- Instantiating /home/travis/build/icyphy/ptII/ptolemy/actor/lib/test/auto/arrayType5.xml
2 ms. Memory: 503808K Free: 213091K (42%)
----------------- Invoking toplevel() on ptolemy.moml.MoMLSimpleApplication@7eaec4d9
----------------- Done invoking toplevel() on ptolemy.moml.MoMLSimpleApplication@7eaec4d9
reloadAllAccessors: .arrayType5

===========================================================================================
----------------- testing Sat Aug 22 15:34:13 UTC 2020 /home/travis/build/icyphy/ptII/ptolemy/actor/lib/test/auto/arrayType6.xml
----------------- Instantiating /home/travis/build/icyphy/ptII/ptolemy/actor/lib/test/auto/arrayType6.xml
1 ms. Memory: 503808K Free: 207971K (41%)
----------------- Invoking toplevel() on ptolemy.moml.MoMLSimpleApplication@bf6da56
----------------- Done invoking toplevel() on ptolemy.moml.MoMLSimpleApplication@bf6da56
reloadAllAccessors: .arrayType6

===========================================================================================
----------------- testing Sat Aug 22 15:34:13 UTC 2020 /home/travis/build/icyphy/ptII/ptolemy/actor/lib/test/auto/arrayType7.xml
----------------- Instantiating /home/travis/build/icyphy/ptII/ptolemy/actor/lib/test/auto/arrayType7.xml
6 ms. Memory: 503808K Free: 203361K (40%)
----------------- Invoking toplevel() on ptolemy.moml.MoMLSimpleApplication@3327c935
----------------- Done invoking toplevel() on ptolemy.moml.MoMLSimpleApplication@3327c935
reloadAllAccessors: .arrayType7

===========================================================================================
----------------- testing Sat Aug 22 15:34:13 UTC 2020 /home/travis/build/icyphy/ptII/ptolemy/actor/lib/test/auto/arrayType8.xml
----------------- Instantiating /home/travis/build/icyphy/ptII/ptolemy/actor/lib/test/auto/arrayType8.xml
2 ms. Memory: 503808K Free: 198755K (39%)
----------------- Invoking toplevel() on ptolemy.moml.MoMLSimpleApplication@418eca52
----------------- Done invoking toplevel() on ptolemy.moml.MoMLSimpleApplication@418eca52
reloadAllAccessors: .arrayType8

===========================================================================================
----------------- testing Sat Aug 22 15:34:13 UTC 2020 /home/travis/build/icyphy/ptII/ptolemy/actor/lib/test/auto/arrayType9.xml
----------------- Instantiating /home/travis/build/icyphy/ptII/ptolemy/actor/lib/test/auto/arrayType9.xml
2 ms. Memory: 503808K Free: 193635K (38%)
----------------- Invoking toplevel() on ptolemy.moml.MoMLSimpleApplication@e743ece
----------------- Done invoking toplevel() on ptolemy.moml.MoMLSimpleApplication@e743ece
reloadAllAccessors: .arrayType9

===========================================================================================
----------------- testing Sat Aug 22 15:34:13 UTC 2020 /home/travis/build/icyphy/ptII/ptolemy/actor/lib/test/auto/cast.xml
----------------- Instantiating /home/travis/build/icyphy/ptII/ptolemy/actor/lib/test/auto/cast.xml
9 ms. Memory: 503808K Free: 189022K (38%)
----------------- Invoking toplevel() on ptolemy.moml.MoMLSimpleApplication@442f57b3
----------------- Done invoking toplevel() on ptolemy.moml.MoMLSimpleApplication@442f57b3
reloadAllAccessors: .cast

===========================================================================================
----------------- testing Sat Aug 22 15:34:13 UTC 2020 /home/travis/build/icyphy/ptII/ptolemy/actor/lib/test/auto/compositeMultiPort.xml
----------------- Instantiating /home/travis/build/icyphy/ptII/ptolemy/actor/lib/test/auto/compositeMultiPort.xml
4 ms. Memory: 503808K Free: 179803K (36%)
----------------- Invoking toplevel() on ptolemy.moml.MoMLSimpleApplication@2c036a3d
----------------- Done invoking toplevel() on ptolemy.moml.MoMLSimpleApplication@2c036a3d
reloadAllAccessors: .compositeMultiPort

===========================================================================================
----------------- testing Sat Aug 22 15:34:13 UTC 2020 /home/travis/build/icyphy/ptII/ptolemy/actor/lib/test/auto/expressionCastInference.xml
----------------- Instantiating /home/travis/build/icyphy/ptII/ptolemy/actor/lib/test/auto/expressionCastInference.xml
2 ms. Memory: 503808K Free: 175203K (35%)
----------------- Invoking toplevel() on ptolemy.moml.MoMLSimpleApplication@73cbc5f7
----------------- Done invoking toplevel() on ptolemy.moml.MoMLSimpleApplication@73cbc5f7
reloadAllAccessors: .expressionCastInference

===========================================================================================
----------------- testing Sat Aug 22 15:34:13 UTC 2020 /home/travis/build/icyphy/ptII/ptolemy/actor/lib/test/auto/expressionCastInference2.xml
----------------- Instantiating /home/travis/build/icyphy/ptII/ptolemy/actor/lib/test/auto/expressionCastInference2.xml
2 ms. Memory: 503808K Free: 170083K (34%)
----------------- Invoking toplevel() on ptolemy.moml.MoMLSimpleApplication@39caa392
----------------- Done invoking toplevel() on ptolemy.moml.MoMLSimpleApplication@39caa392
reloadAllAccessors: .expressionCastInference2

===========================================================================================
----------------- testing Sat Aug 22 15:34:13 UTC 2020 /home/travis/build/icyphy/ptII/ptolemy/actor/lib/test/auto/expressionInference.xml
----------------- Instantiating /home/travis/build/icyphy/ptII/ptolemy/actor/lib/test/auto/expressionInference.xml
1 ms. Memory: 503808K Free: 165987K (33%)
----------------- Invoking toplevel() on ptolemy.moml.MoMLSimpleApplication@5fb035ec
----------------- Done invoking toplevel() on ptolemy.moml.MoMLSimpleApplication@5fb035ec
reloadAllAccessors: .expressionInference

===========================================================================================
----------------- testing Sat Aug 22 15:34:13 UTC 2020 /home/travis/build/icyphy/ptII/ptolemy/actor/lib/test/auto/expression_bug.xml
----------------- Instantiating /home/travis/build/icyphy/ptII/ptolemy/actor/lib/test/auto/expression_bug.xml
1 ms. Memory: 503808K Free: 161891K (32%)
----------------- Invoking toplevel() on ptolemy.moml.MoMLSimpleApplication@8524f74
----------------- Done invoking toplevel() on ptolemy.moml.MoMLSimpleApplication@8524f74
reloadAllAccessors: .expression_bug

===========================================================================================
----------------- testing Sat Aug 22 15:34:13 UTC 2020 /home/travis/build/icyphy/ptII/ptolemy/actor/lib/test/auto/factorial.xml
----------------- Instantiating /home/travis/build/icyphy/ptII/ptolemy/actor/lib/test/auto/factorial.xml
47 ms. Memory: 503808K Free: 450276K (89%)
----------------- Invoking toplevel() on ptolemy.moml.MoMLSimpleApplication@597fec41
----------------- Done invoking toplevel() on ptolemy.moml.MoMLSimpleApplication@597fec41
reloadAllAccessors: .factorial

===========================================================================================
----------------- testing Sat Aug 22 15:34:13 UTC 2020 /home/travis/build/icyphy/ptII/ptolemy/actor/lib/test/auto/filterTest1.xml
----------------- Instantiating /home/travis/build/icyphy/ptII/ptolemy/actor/lib/test/auto/filterTest1.xml
9 ms. Memory: 503808K Free: 443893K (88%)
----------------- Invoking toplevel() on ptolemy.moml.MoMLSimpleApplication@5d7e6c1d
----------------- Done invoking toplevel() on ptolemy.moml.MoMLSimpleApplication@5d7e6c1d
reloadAllAccessors: .filterTest1

===========================================================================================
----------------- testing Sat Aug 22 15:34:13 UTC 2020 /home/travis/build/icyphy/ptII/ptolemy/actor/lib/test/auto/funcApplyInConst.xml
----------------- Instantiating /home/travis/build/icyphy/ptII/ptolemy/actor/lib/test/auto/funcApplyInConst.xml
1 ms. Memory: 503808K Free: 440325K (87%)
----------------- Invoking toplevel() on ptolemy.moml.MoMLSimpleApplication@258d2a8a
----------------- Done invoking toplevel() on ptolemy.moml.MoMLSimpleApplication@258d2a8a
reloadAllAccessors: .funcApplyInConst

===========================================================================================
----------------- testing Sat Aug 22 15:34:13 UTC 2020 /home/travis/build/icyphy/ptII/ptolemy/actor/lib/test/auto/funcApplyInExpr.xml
----------------- Instantiating /home/travis/build/icyphy/ptII/ptolemy/actor/lib/test/auto/funcApplyInExpr.xml
2 ms. Memory: 503808K Free: 436229K (87%)
----------------- Invoking toplevel() on ptolemy.moml.MoMLSimpleApplication@26292783
----------------- Done invoking toplevel() on ptolemy.moml.MoMLSimpleApplication@26292783
reloadAllAccessors: .funcApplyInExpr

===========================================================================================
----------------- testing Sat Aug 22 15:34:13 UTC 2020 /home/travis/build/icyphy/ptII/ptolemy/actor/lib/test/auto/function.xml
----------------- Instantiating /home/travis/build/icyphy/ptII/ptolemy/actor/lib/test/auto/function.xml
2 ms. Memory: 503808K Free: 431619K (86%)
----------------- Invoking toplevel() on ptolemy.moml.MoMLSimpleApplication@473ff03f
----------------- Done invoking toplevel() on ptolemy.moml.MoMLSimpleApplication@473ff03f
reloadAllAccessors: .function

===========================================================================================
----------------- testing Sat Aug 22 15:34:13 UTC 2020 /home/travis/build/icyphy/ptII/ptolemy/actor/lib/test/auto/function2.xml
----------------- Instantiating /home/travis/build/icyphy/ptII/ptolemy/actor/lib/test/auto/function2.xml
2 ms. Memory: 503808K Free: 426499K (85%)
----------------- Invoking toplevel() on ptolemy.moml.MoMLSimpleApplication@5088d53b
----------------- Done invoking toplevel() on ptolemy.moml.MoMLSimpleApplication@5088d53b
reloadAllAccessors: .function2

===========================================================================================
----------------- testing Sat Aug 22 15:34:13 UTC 2020 /home/travis/build/icyphy/ptII/ptolemy/actor/lib/test/auto/function3.xml
----------------- Instantiating /home/travis/build/icyphy/ptII/ptolemy/actor/lib/test/auto/function3.xml
2 ms. Memory: 503808K Free: 422917K (84%)
----------------- Invoking toplevel() on ptolemy.moml.MoMLSimpleApplication@2da0c837
----------------- Done invoking toplevel() on ptolemy.moml.MoMLSimpleApplication@2da0c837
reloadAllAccessors: .function3

===========================================================================================
----------------- testing Sat Aug 22 15:34:13 UTC 2020 /home/travis/build/icyphy/ptII/ptolemy/actor/lib/test/auto/functionClosureTest1.xml
----------------- Instantiating /home/travis/build/icyphy/ptII/ptolemy/actor/lib/test/auto/functionClosureTest1.xml
2 ms. Memory: 503808K Free: 416773K (83%)
----------------- Invoking toplevel() on ptolemy.moml.MoMLSimpleApplication@60c78f7e
----------------- Done invoking toplevel() on ptolemy.moml.MoMLSimpleApplication@60c78f7e
reloadAllAccessors: .functionClosureTest1

===========================================================================================
----------------- testing Sat Aug 22 15:34:13 UTC 2020 /home/travis/build/icyphy/ptII/ptolemy/actor/lib/test/auto/functionClosureTest2.xml
----------------- Instantiating /home/travis/build/icyphy/ptII/ptolemy/actor/lib/test/auto/functionClosureTest2.xml
1 ms. Memory: 503808K Free: 413187K (82%)
----------------- Invoking toplevel() on ptolemy.moml.MoMLSimpleApplication@5e0676d8
----------------- Done invoking toplevel() on ptolemy.moml.MoMLSimpleApplication@5e0676d8
reloadAllAccessors: .functionClosureTest2

===========================================================================================
----------------- testing Sat Aug 22 15:34:13 UTC 2020 /home/travis/build/icyphy/ptII/ptolemy/actor/lib/test/auto/functionClosureTest3.xml
----------------- Instantiating /home/travis/build/icyphy/ptII/ptolemy/actor/lib/test/auto/functionClosureTest3.xml
2 ms. Memory: 503808K Free: 407029K (81%)
----------------- Invoking toplevel() on ptolemy.moml.MoMLSimpleApplication@477cda44
----------------- Done invoking toplevel() on ptolemy.moml.MoMLSimpleApplication@477cda44
reloadAllAccessors: .functionClosureTest3

===========================================================================================
----------------- testing Sat Aug 22 15:34:13 UTC 2020 /home/travis/build/icyphy/ptII/ptolemy/actor/lib/test/auto/functionClosureTest4.xml
----------------- Instantiating /home/travis/build/icyphy/ptII/ptolemy/actor/lib/test/auto/functionClosureTest4.xml
3 ms. Memory: 503808K Free: 400899K (80%)
----------------- Invoking toplevel() on ptolemy.moml.MoMLSimpleApplication@1ffc6837
----------------- Done invoking toplevel() on ptolemy.moml.MoMLSimpleApplication@1ffc6837
reloadAllAccessors: .functionClosureTest4

===========================================================================================
----------------- testing Sat Aug 22 15:34:13 UTC 2020 /home/travis/build/icyphy/ptII/ptolemy/actor/lib/test/auto/functionClosureTest5.xml
----------------- Instantiating /home/travis/build/icyphy/ptII/ptolemy/actor/lib/test/auto/functionClosureTest5.xml
4 ms. Memory: 503808K Free: 395269K (78%)
----------------- Invoking toplevel() on ptolemy.moml.MoMLSimpleApplication@3880062b
----------------- Done invoking toplevel() on ptolemy.moml.MoMLSimpleApplication@3880062b
reloadAllAccessors: .functionClosureTest5

===========================================================================================
----------------- testing Sat Aug 22 15:34:13 UTC 2020 /home/travis/build/icyphy/ptII/ptolemy/actor/lib/test/auto/functionClosureTest6.xml
----------------- Instantiating /home/travis/build/icyphy/ptII/ptolemy/actor/lib/test/auto/functionClosureTest6.xml
2 ms. Memory: 503808K Free: 390645K (78%)
----------------- Invoking toplevel() on ptolemy.moml.MoMLSimpleApplication@1580c993
----------------- Done invoking toplevel() on ptolemy.moml.MoMLSimpleApplication@1580c993
reloadAllAccessors: .functionClosureTest6

===========================================================================================
----------------- testing Sat Aug 22 15:34:13 UTC 2020 /home/travis/build/icyphy/ptII/ptolemy/actor/lib/test/auto/functionsOnArcs.xml
----------------- Instantiating /home/travis/build/icyphy/ptII/ptolemy/actor/lib/test/auto/functionsOnArcs.xml
1 ms. Memory: 503808K Free: 385539K (77%)
----------------- Invoking toplevel() on ptolemy.moml.MoMLSimpleApplication@3c4b2dd1
----------------- Done invoking toplevel() on ptolemy.moml.MoMLSimpleApplication@3c4b2dd1
reloadAllAccessors: .functionsOnArcs

===========================================================================================
----------------- testing Sat Aug 22 15:34:14 UTC 2020 /home/travis/build/icyphy/ptII/ptolemy/actor/lib/test/auto/functionsOnArcsHOF.xml
----------------- Instantiating /home/travis/build/icyphy/ptII/ptolemy/actor/lib/test/auto/functionsOnArcsHOF.xml
3 ms. Memory: 503808K Free: 379395K (75%)
----------------- Invoking toplevel() on ptolemy.moml.MoMLSimpleApplication@6af9cb52
----------------- Done invoking toplevel() on ptolemy.moml.MoMLSimpleApplication@6af9cb52
reloadAllAccessors: .functionsOnArcsHOF

===========================================================================================
----------------- testing Sat Aug 22 15:34:14 UTC 2020 /home/travis/build/icyphy/ptII/ptolemy/actor/lib/test/auto/logic.xml
----------------- Instantiating /home/travis/build/icyphy/ptII/ptolemy/actor/lib/test/auto/logic.xml
2 ms. Memory: 503808K Free: 372227K (74%)
----------------- Invoking toplevel() on ptolemy.moml.MoMLSimpleApplication@764fabea
----------------- Done invoking toplevel() on ptolemy.moml.MoMLSimpleApplication@764fabea
reloadAllAccessors: .logic

===========================================================================================
----------------- testing Sat Aug 22 15:34:14 UTC 2020 /home/travis/build/icyphy/ptII/ptolemy/actor/lib/test/auto/matrixType.xml
----------------- Instantiating /home/travis/build/icyphy/ptII/ptolemy/actor/lib/test/auto/matrixType.xml
2 ms. Memory: 503808K Free: 367107K (73%)
----------------- Invoking toplevel() on ptolemy.moml.MoMLSimpleApplication@1e85b71d
----------------- Done invoking toplevel() on ptolemy.moml.MoMLSimpleApplication@1e85b71d
reloadAllAccessors: .matrixType

===========================================================================================
----------------- testing Sat Aug 22 15:34:14 UTC 2020 /home/travis/build/icyphy/ptII/ptolemy/actor/lib/test/auto/matrixType10.xml
----------------- Instantiating /home/travis/build/icyphy/ptII/ptolemy/actor/lib/test/auto/matrixType10.xml
2 ms. Memory: 503808K Free: 362501K (72%)
----------------- Invoking toplevel() on ptolemy.moml.MoMLSimpleApplication@503c574e
----------------- Done invoking toplevel() on ptolemy.moml.MoMLSimpleApplication@503c574e
reloadAllAccessors: .matrixType10

===========================================================================================
----------------- testing Sat Aug 22 15:34:14 UTC 2020 /home/travis/build/icyphy/ptII/ptolemy/actor/lib/test/auto/matrixType11.xml
----------------- Instantiating /home/travis/build/icyphy/ptII/ptolemy/actor/lib/test/auto/matrixType11.xml
1 ms. Memory: 503808K Free: 357381K (71%)
----------------- Invoking toplevel() on ptolemy.moml.MoMLSimpleApplication@3a2c4012
----------------- Done invoking toplevel() on ptolemy.moml.MoMLSimpleApplication@3a2c4012
reloadAllAccessors: .matrixType11

===========================================================================================
----------------- testing Sat Aug 22 15:34:14 UTC 2020 /home/travis/build/icyphy/ptII/ptolemy/actor/lib/test/auto/matrixType12.xml
----------------- Instantiating /home/travis/build/icyphy/ptII/ptolemy/actor/lib/test/auto/matrixType12.xml
2 ms. Memory: 503808K Free: 352771K (70%)
----------------- Invoking toplevel() on ptolemy.moml.MoMLSimpleApplication@17eb6c35
----------------- Done invoking toplevel() on ptolemy.moml.MoMLSimpleApplication@17eb6c35
reloadAllAccessors: .matrixType12

===========================================================================================
----------------- testing Sat Aug 22 15:34:14 UTC 2020 /home/travis/build/icyphy/ptII/ptolemy/actor/lib/test/auto/matrixType13.xml
----------------- Instantiating /home/travis/build/icyphy/ptII/ptolemy/actor/lib/test/auto/matrixType13.xml
1 ms. Memory: 503808K Free: 347651K (69%)
----------------- Invoking toplevel() on ptolemy.moml.MoMLSimpleApplication@1869f901
----------------- Done invoking toplevel() on ptolemy.moml.MoMLSimpleApplication@1869f901
reloadAllAccessors: .matrixType13

===========================================================================================
----------------- testing Sat Aug 22 15:34:14 UTC 2020 /home/travis/build/icyphy/ptII/ptolemy/actor/lib/test/auto/matrixType14.xml
----------------- Instantiating /home/travis/build/icyphy/ptII/ptolemy/actor/lib/test/auto/matrixType14.xml
1 ms. Memory: 503808K Free: 342531K (68%)
----------------- Invoking toplevel() on ptolemy.moml.MoMLSimpleApplication@40526a89
----------------- Done invoking toplevel() on ptolemy.moml.MoMLSimpleApplication@40526a89
reloadAllAccessors: .matrixType14

===========================================================================================
----------------- testing Sat Aug 22 15:34:14 UTC 2020 /home/travis/build/icyphy/ptII/ptolemy/actor/lib/test/auto/matrixType2.xml
----------------- Instantiating /home/travis/build/icyphy/ptII/ptolemy/actor/lib/test/auto/matrixType2.xml
1 ms. Memory: 503808K Free: 337411K (67%)
----------------- Invoking toplevel() on ptolemy.moml.MoMLSimpleApplication@195e25e1
----------------- Done invoking toplevel() on ptolemy.moml.MoMLSimpleApplication@195e25e1
reloadAllAccessors: .matrixType2

===========================================================================================
----------------- testing Sat Aug 22 15:34:14 UTC 2020 /home/travis/build/icyphy/ptII/ptolemy/actor/lib/test/auto/matrixType3.xml
----------------- Instantiating /home/travis/build/icyphy/ptII/ptolemy/actor/lib/test/auto/matrixType3.xml
3 ms. Memory: 503808K Free: 332805K (66%)
----------------- Invoking toplevel() on ptolemy.moml.MoMLSimpleApplication@26b1b057
----------------- Done invoking toplevel() on ptolemy.moml.MoMLSimpleApplication@26b1b057
reloadAllAccessors: .matrixType3

===========================================================================================
----------------- testing Sat Aug 22 15:34:14 UTC 2020 /home/travis/build/icyphy/ptII/ptolemy/actor/lib/test/auto/matrixType4.xml
----------------- Instantiating /home/travis/build/icyphy/ptII/ptolemy/actor/lib/test/auto/matrixType4.xml
2 ms. Memory: 503808K Free: 327685K (65%)
----------------- Invoking toplevel() on ptolemy.moml.MoMLSimpleApplication@47a041f
----------------- Done invoking toplevel() on ptolemy.moml.MoMLSimpleApplication@47a041f
reloadAllAccessors: .matrixType4

===========================================================================================
----------------- testing Sat Aug 22 15:34:14 UTC 2020 /home/travis/build/icyphy/ptII/ptolemy/actor/lib/test/auto/matrixType5.xml
----------------- Instantiating /home/travis/build/icyphy/ptII/ptolemy/actor/lib/test/auto/matrixType5.xml
1 ms. Memory: 503808K Free: 323075K (64%)
----------------- Invoking toplevel() on ptolemy.moml.MoMLSimpleApplication@5b62dff8
----------------- Done invoking toplevel() on ptolemy.moml.MoMLSimpleApplication@5b62dff8
reloadAllAccessors: .matrixType5

===========================================================================================
----------------- testing Sat Aug 22 15:34:14 UTC 2020 /home/travis/build/icyphy/ptII/ptolemy/actor/lib/test/auto/matrixType6.xml
----------------- Instantiating /home/travis/build/icyphy/ptII/ptolemy/actor/lib/test/auto/matrixType6.xml
1 ms. Memory: 503808K Free: 317955K (63%)
----------------- Invoking toplevel() on ptolemy.moml.MoMLSimpleApplication@61294f50
----------------- Done invoking toplevel() on ptolemy.moml.MoMLSimpleApplication@61294f50
reloadAllAccessors: .matrixType6

===========================================================================================
----------------- testing Sat Aug 22 15:34:14 UTC 2020 /home/travis/build/icyphy/ptII/ptolemy/actor/lib/test/auto/matrixType7.xml
----------------- Instantiating /home/travis/build/icyphy/ptII/ptolemy/actor/lib/test/auto/matrixType7.xml
1 ms. Memory: 503808K Free: 313349K (62%)
----------------- Invoking toplevel() on ptolemy.moml.MoMLSimpleApplication@5a19cde2
----------------- Done invoking toplevel() on ptolemy.moml.MoMLSimpleApplication@5a19cde2
reloadAllAccessors: .matrixType7

===========================================================================================
----------------- testing Sat Aug 22 15:34:14 UTC 2020 /home/travis/build/icyphy/ptII/ptolemy/actor/lib/test/auto/matrixType8.xml
----------------- Instantiating /home/travis/build/icyphy/ptII/ptolemy/actor/lib/test/auto/matrixType8.xml
1 ms. Memory: 503808K Free: 308229K (61%)
----------------- Invoking toplevel() on ptolemy.moml.MoMLSimpleApplication@1050feb9
----------------- Done invoking toplevel() on ptolemy.moml.MoMLSimpleApplication@1050feb9
reloadAllAccessors: .matrixType8

===========================================================================================
----------------- testing Sat Aug 22 15:34:14 UTC 2020 /home/travis/build/icyphy/ptII/ptolemy/actor/lib/test/auto/matrixType9.xml
----------------- Instantiating /home/travis/build/icyphy/ptII/ptolemy/actor/lib/test/auto/matrixType9.xml
1 ms. Memory: 503808K Free: 303619K (60%)
----------------- Invoking toplevel() on ptolemy.moml.MoMLSimpleApplication@648576e9
----------------- Done invoking toplevel() on ptolemy.moml.MoMLSimpleApplication@648576e9
reloadAllAccessors: .matrixType9

===========================================================================================
----------------- testing Sat Aug 22 15:34:14 UTC 2020 /home/travis/build/icyphy/ptII/ptolemy/actor/lib/test/auto/paraFunctest.xml
----------------- Instantiating /home/travis/build/icyphy/ptII/ptolemy/actor/lib/test/auto/paraFunctest.xml
3 ms. Memory: 503808K Free: 299013K (59%)
----------------- Invoking toplevel() on ptolemy.moml.MoMLSimpleApplication@323d3ae9
----------------- Done invoking toplevel() on ptolemy.moml.MoMLSimpleApplication@323d3ae9
reloadAllAccessors: .paraFunctest

===========================================================================================
----------------- testing Sat Aug 22 15:34:14 UTC 2020 /home/travis/build/icyphy/ptII/ptolemy/actor/lib/test/auto/paraFunctest2.xml
----------------- Instantiating /home/travis/build/icyphy/ptII/ptolemy/actor/lib/test/auto/paraFunctest2.xml
1 ms. Memory: 503808K Free: 294403K (58%)
----------------- Invoking toplevel() on ptolemy.moml.MoMLSimpleApplication@3103459c
----------------- Done invoking toplevel() on ptolemy.moml.MoMLSimpleApplication@3103459c
reloadAllAccessors: .paraFunctest2

===========================================================================================
----------------- testing Sat Aug 22 15:34:14 UTC 2020 /home/travis/build/icyphy/ptII/ptolemy/actor/lib/test/auto/parameterPassing.xml
----------------- Instantiating /home/travis/build/icyphy/ptII/ptolemy/actor/lib/test/auto/parameterPassing.xml
1 ms. Memory: 503808K Free: 289797K (58%)
----------------- Invoking toplevel() on ptolemy.moml.MoMLSimpleApplication@3c761b9b
----------------- Done invoking toplevel() on ptolemy.moml.MoMLSimpleApplication@3c761b9b
reloadAllAccessors: .parameterPassing

===========================================================================================
----------------- testing Sat Aug 22 15:34:14 UTC 2020 /home/travis/build/icyphy/ptII/ptolemy/actor/lib/test/auto/record.xml
----------------- Instantiating /home/travis/build/icyphy/ptII/ptolemy/actor/lib/test/auto/record.xml
2 ms. Memory: 503808K Free: 285187K (57%)
----------------- Invoking toplevel() on ptolemy.moml.MoMLSimpleApplication@52b4e31c
----------------- Done invoking toplevel() on ptolemy.moml.MoMLSimpleApplication@52b4e31c
reloadAllAccessors: .record

===========================================================================================
----------------- testing Sat Aug 22 15:34:14 UTC 2020 /home/travis/build/icyphy/ptII/ptolemy/actor/lib/test/auto/sizedarray1.xml
----------------- Instantiating /home/travis/build/icyphy/ptII/ptolemy/actor/lib/test/auto/sizedarray1.xml
2 ms. Memory: 503808K Free: 279557K (55%)
----------------- Invoking toplevel() on ptolemy.moml.MoMLSimpleApplication@10c86a2b
----------------- Done invoking toplevel() on ptolemy.moml.MoMLSimpleApplication@10c86a2b
reloadAllAccessors: .sizedarray1

===========================================================================================
----------------- testing Sat Aug 22 15:34:14 UTC 2020 /home/travis/build/icyphy/ptII/ptolemy/actor/lib/test/auto/sizedarray2.xml
----------------- Instantiating /home/travis/build/icyphy/ptII/ptolemy/actor/lib/test/auto/sizedarray2.xml
2 ms. Memory: 503808K Free: 273923K (54%)
----------------- Invoking toplevel() on ptolemy.moml.MoMLSimpleApplication@63c6f77d
----------------- Done invoking toplevel() on ptolemy.moml.MoMLSimpleApplication@63c6f77d
reloadAllAccessors: .sizedarray2

===========================================================================================
----------------- testing Sat Aug 22 15:34:14 UTC 2020 /home/travis/build/icyphy/ptII/ptolemy/actor/lib/test/auto/twoPublishers.xml
----------------- Instantiating /home/travis/build/icyphy/ptII/ptolemy/actor/lib/test/auto/twoPublishers.xml
6 ms. Memory: 503808K Free: 263173K (52%)
----------------- Invoking toplevel() on ptolemy.moml.MoMLSimpleApplication@3e3c098d
----------------- Done invoking toplevel() on ptolemy.moml.MoMLSimpleApplication@3e3c098d
reloadAllAccessors: .twoPublishers
AutoTests.java: About to close Vertx.
AutoTests.java: Vertx closed.
]]></system-out>
  <system-err><![CDATA[java.lang.RuntimeException: Execution failed
	at ptolemy.moml.MoMLSimpleApplication$UnloadThread.run(MoMLSimpleApplication.java:402)
Caused by: java.lang.RuntimeException: StringUtilities.exit() was called. Normally, we would exit here because Manager.exitAfterWrapup() was called.  However, because the ptolemy.ptII.exitAfterWrapup property is set, we throw this exception instead.
	at ptolemy.util.StringUtilities.exit(StringUtilities.java:365)
	at ptolemy.actor.Manager.wrapup(Manager.java:1549)
	at ptolemy.actor.Manager.execute(Manager.java:407)
	at ptolemy.actor.Manager.run(Manager.java:1263)
	at ptolemy.actor.Manager$PtolemyRunThread.run(Manager.java:1933)
Warning: '.top.test' is in training mode, set the trainingMode parameter to false before checking in
Warning: '.top.test' is in training mode, set the trainingMode parameter to false before checking in
Warning: '.top.test' is in training mode, set the trainingMode parameter to false before checking in
Warning: '.BooleanSwitch_RegressionTest_WrongTrainingValues.Test' is in training mode, set the trainingMode parameter to false before checking in
Warning: '.BooleanSwitch_RegressionTest_WrongTrainingValues.Test2' is in training mode, set the trainingMode parameter to false before checking in
Warning: '.BooleanSwitch_RegressionTest_WrongTrainingValues.Test2' The test produced 0 tokens.
Warning: '.top.testExceptionHandler' is in training mode, set the trainingMode parameter to false before checking in
java.lang.RuntimeException: Execution failed
	at ptolemy.moml.MoMLSimpleApplication$UnloadThread.run(MoMLSimpleApplication.java:402)
Caused by: ptolemy.kernel.util.IllegalActionException: PublisherPorts cannot be used at the top level, use a Publisher actor instead.
  in .PublisherPortToplevelSubscriber.PublisherPort
	at ptolemy.actor.PublisherPort.preinitialize(PublisherPort.java:403)
	at ptolemy.actor.CompositeActor.preinitialize(CompositeActor.java:1769)
	at ptolemy.actor.Manager.preinitializeAndResolveTypes(Manager.java:1040)
	at ptolemy.actor.Manager.initialize(Manager.java:710)
	at ptolemy.actor.Manager.execute(Manager.java:356)
	at ptolemy.actor.Manager.run(Manager.java:1263)
	at ptolemy.actor.Manager$PtolemyRunThread.run(Manager.java:1933)
java.lang.reflect.InvocationTargetException
	at java.base/jdk.internal.reflect.NativeConstructorAccessorImpl.newInstance0(Native Method)
	at java.base/jdk.internal.reflect.NativeConstructorAccessorImpl.newInstance(NativeConstructorAccessorImpl.java:62)
	at java.base/jdk.internal.reflect.DelegatingConstructorAccessorImpl.newInstance(DelegatingConstructorAccessorImpl.java:45)
	at java.base/java.lang.reflect.Constructor.newInstance(Constructor.java:490)
	at ptolemy.util.test.junit.AutoKnownFailedTests.RunModel(AutoKnownFailedTests.java:105)
	at java.base/jdk.internal.reflect.NativeMethodAccessorImpl.invoke0(Native Method)
	at java.base/jdk.internal.reflect.NativeMethodAccessorImpl.invoke(NativeMethodAccessorImpl.java:62)
	at java.base/jdk.internal.reflect.DelegatingMethodAccessorImpl.invoke(DelegatingMethodAccessorImpl.java:43)
	at java.base/java.lang.reflect.Method.invoke(Method.java:566)
	at org.junit.runners.model.FrameworkMethod$1.runReflectiveCall(FrameworkMethod.java:44)
	at org.junit.internal.runners.model.ReflectiveCallable.run(ReflectiveCallable.java:15)
	at org.junit.runners.model.FrameworkMethod.invokeExplosively(FrameworkMethod.java:41)
	at junitparams.internal.InvokeParameterisedMethod.evaluate(InvokeParameterisedMethod.java:102)
	at org.junit.internal.runners.statements.FailOnTimeout$1.run(FailOnTimeout.java:28)
Caused by: ptolemy.kernel.util.IllegalActionException: PublisherPorts cannot be used at the top level, use a Publisher actor instead.
  in .PublisherPortToplevelSubscriber.PublisherPort
	at ptolemy.actor.PublisherPort.preinitialize(PublisherPort.java:403)
	at ptolemy.actor.CompositeActor.preinitialize(CompositeActor.java:1769)
	at ptolemy.actor.Manager.preinitializeAndResolveTypes(Manager.java:1040)
	at ptolemy.actor.Manager.initialize(Manager.java:710)
	at ptolemy.actor.Manager.execute(Manager.java:356)
	at ptolemy.actor.Manager.run(Manager.java:1263)
	at ptolemy.actor.Manager$PtolemyRunThread.run(Manager.java:1933)
java.lang.RuntimeException: Execution failed
	at ptolemy.moml.MoMLSimpleApplication$UnloadThread.run(MoMLSimpleApplication.java:402)
Caused by: ptolemy.kernel.util.IllegalActionException: SubscriberPorts cannot be used at the top level, use a Subscriber actor instead.
  in .PublisherSubscriberPortToplevel.SubscriberPort
	at ptolemy.actor.SubscriberPort.preinitialize(SubscriberPort.java:328)
	at ptolemy.actor.CompositeActor.preinitialize(CompositeActor.java:1769)
	at ptolemy.actor.Manager.preinitializeAndResolveTypes(Manager.java:1040)
	at ptolemy.actor.Manager.initialize(Manager.java:710)
	at ptolemy.actor.Manager.execute(Manager.java:356)
	at ptolemy.actor.Manager.run(Manager.java:1263)
	at ptolemy.actor.Manager$PtolemyRunThread.run(Manager.java:1933)
java.lang.reflect.InvocationTargetException
	at java.base/jdk.internal.reflect.NativeConstructorAccessorImpl.newInstance0(Native Method)
	at java.base/jdk.internal.reflect.NativeConstructorAccessorImpl.newInstance(NativeConstructorAccessorImpl.java:62)
	at java.base/jdk.internal.reflect.DelegatingConstructorAccessorImpl.newInstance(DelegatingConstructorAccessorImpl.java:45)
	at java.base/java.lang.reflect.Constructor.newInstance(Constructor.java:490)
	at ptolemy.util.test.junit.AutoKnownFailedTests.RunModel(AutoKnownFailedTests.java:105)
	at java.base/jdk.internal.reflect.NativeMethodAccessorImpl.invoke0(Native Method)
	at java.base/jdk.internal.reflect.NativeMethodAccessorImpl.invoke(NativeMethodAccessorImpl.java:62)
	at java.base/jdk.internal.reflect.DelegatingMethodAccessorImpl.invoke(DelegatingMethodAccessorImpl.java:43)
	at java.base/java.lang.reflect.Method.invoke(Method.java:566)
	at org.junit.runners.model.FrameworkMethod$1.runReflectiveCall(FrameworkMethod.java:44)
	at org.junit.internal.runners.model.ReflectiveCallable.run(ReflectiveCallable.java:15)
	at org.junit.runners.model.FrameworkMethod.invokeExplosively(FrameworkMethod.java:41)
	at junitparams.internal.InvokeParameterisedMethod.evaluate(InvokeParameterisedMethod.java:102)
	at org.junit.internal.runners.statements.FailOnTimeout$1.run(FailOnTimeout.java:28)
Caused by: ptolemy.kernel.util.IllegalActionException: SubscriberPorts cannot be used at the top level, use a Subscriber actor instead.
  in .PublisherSubscriberPortToplevel.SubscriberPort
	at ptolemy.actor.SubscriberPort.preinitialize(SubscriberPort.java:328)
	at ptolemy.actor.CompositeActor.preinitialize(CompositeActor.java:1769)
	at ptolemy.actor.Manager.preinitializeAndResolveTypes(Manager.java:1040)
	at ptolemy.actor.Manager.initialize(Manager.java:710)
	at ptolemy.actor.Manager.execute(Manager.java:356)
	at ptolemy.actor.Manager.run(Manager.java:1263)
	at ptolemy.actor.Manager$PtolemyRunThread.run(Manager.java:1933)
java.lang.RuntimeException: Execution failed
	at ptolemy.moml.MoMLSimpleApplication$UnloadThread.run(MoMLSimpleApplication.java:402)
Caused by: ptolemy.kernel.util.IllegalActionException: SubscriptionAggregatorPorts cannot be used at the top level, use a SubscriptionAggregator actor instead.
  in .PublisherSubscriptionAggregatorPort.SubscriptionAggregatorPort
	at ptolemy.actor.SubscriptionAggregatorPort.preinitialize(SubscriptionAggregatorPort.java:353)
	at ptolemy.actor.CompositeActor.preinitialize(CompositeActor.java:1769)
	at ptolemy.actor.Manager.preinitializeAndResolveTypes(Manager.java:1040)
	at ptolemy.actor.Manager.initialize(Manager.java:710)
	at ptolemy.actor.Manager.execute(Manager.java:356)
	at ptolemy.actor.Manager.run(Manager.java:1263)
	at ptolemy.actor.Manager$PtolemyRunThread.run(Manager.java:1933)
java.lang.reflect.InvocationTargetException
	at java.base/jdk.internal.reflect.NativeConstructorAccessorImpl.newInstance0(Native Method)
	at java.base/jdk.internal.reflect.NativeConstructorAccessorImpl.newInstance(NativeConstructorAccessorImpl.java:62)
	at java.base/jdk.internal.reflect.DelegatingConstructorAccessorImpl.newInstance(DelegatingConstructorAccessorImpl.java:45)
	at java.base/java.lang.reflect.Constructor.newInstance(Constructor.java:490)
	at ptolemy.util.test.junit.AutoKnownFailedTests.RunModel(AutoKnownFailedTests.java:105)
	at java.base/jdk.internal.reflect.NativeMethodAccessorImpl.invoke0(Native Method)
	at java.base/jdk.internal.reflect.NativeMethodAccessorImpl.invoke(NativeMethodAccessorImpl.java:62)
	at java.base/jdk.internal.reflect.DelegatingMethodAccessorImpl.invoke(DelegatingMethodAccessorImpl.java:43)
	at java.base/java.lang.reflect.Method.invoke(Method.java:566)
	at org.junit.runners.model.FrameworkMethod$1.runReflectiveCall(FrameworkMethod.java:44)
	at org.junit.internal.runners.model.ReflectiveCallable.run(ReflectiveCallable.java:15)
	at org.junit.runners.model.FrameworkMethod.invokeExplosively(FrameworkMethod.java:41)
	at junitparams.internal.InvokeParameterisedMethod.evaluate(InvokeParameterisedMethod.java:102)
	at org.junit.internal.runners.statements.FailOnTimeout$1.run(FailOnTimeout.java:28)
Caused by: ptolemy.kernel.util.IllegalActionException: SubscriptionAggregatorPorts cannot be used at the top level, use a SubscriptionAggregator actor instead.
  in .PublisherSubscriptionAggregatorPort.SubscriptionAggregatorPort
	at ptolemy.actor.SubscriptionAggregatorPort.preinitialize(SubscriptionAggregatorPort.java:353)
	at ptolemy.actor.CompositeActor.preinitialize(CompositeActor.java:1769)
	at ptolemy.actor.Manager.preinitializeAndResolveTypes(Manager.java:1040)
	at ptolemy.actor.Manager.initialize(Manager.java:710)
	at ptolemy.actor.Manager.execute(Manager.java:356)
	at ptolemy.actor.Manager.run(Manager.java:1263)
	at ptolemy.actor.Manager$PtolemyRunThread.run(Manager.java:1933)
java.lang.RuntimeException: Execution failed
	at ptolemy.moml.MoMLSimpleApplication$UnloadThread.run(MoMLSimpleApplication.java:402)
Caused by: ptolemy.kernel.util.IllegalActionException: TypeTest actor has no training data.
  in .sizedarray3.TypeTest
	at ptolemy.actor.lib.TypeTest.initialize(TypeTest.java:250)
	at ptolemy.actor.Director.initialize(Director.java:938)
	at ptolemy.actor.Director.initialize(Director.java:907)
	at ptolemy.actor.sched.StaticSchedulingDirector.initialize(StaticSchedulingDirector.java:159)
	at ptolemy.domains.sdf.kernel.SDFDirector.initialize(SDFDirector.java:544)
	at ptolemy.actor.CompositeActor.initialize(CompositeActor.java:935)
	at ptolemy.actor.Manager.initialize(Manager.java:724)
	at ptolemy.actor.Manager.execute(Manager.java:356)
	at ptolemy.actor.Manager.run(Manager.java:1263)
	at ptolemy.actor.Manager$PtolemyRunThread.run(Manager.java:1933)
java.lang.reflect.InvocationTargetException
	at java.base/jdk.internal.reflect.NativeConstructorAccessorImpl.newInstance0(Native Method)
	at java.base/jdk.internal.reflect.NativeConstructorAccessorImpl.newInstance(NativeConstructorAccessorImpl.java:62)
	at java.base/jdk.internal.reflect.DelegatingConstructorAccessorImpl.newInstance(DelegatingConstructorAccessorImpl.java:45)
	at java.base/java.lang.reflect.Constructor.newInstance(Constructor.java:490)
	at ptolemy.util.test.junit.AutoKnownFailedTests.RunModel(AutoKnownFailedTests.java:105)
	at java.base/jdk.internal.reflect.NativeMethodAccessorImpl.invoke0(Native Method)
	at java.base/jdk.internal.reflect.NativeMethodAccessorImpl.invoke(NativeMethodAccessorImpl.java:62)
	at java.base/jdk.internal.reflect.DelegatingMethodAccessorImpl.invoke(DelegatingMethodAccessorImpl.java:43)
	at java.base/java.lang.reflect.Method.invoke(Method.java:566)
	at org.junit.runners.model.FrameworkMethod$1.runReflectiveCall(FrameworkMethod.java:44)
	at org.junit.internal.runners.model.ReflectiveCallable.run(ReflectiveCallable.java:15)
	at org.junit.runners.model.FrameworkMethod.invokeExplosively(FrameworkMethod.java:41)
	at junitparams.internal.InvokeParameterisedMethod.evaluate(InvokeParameterisedMethod.java:102)
	at org.junit.internal.runners.statements.FailOnTimeout$1.run(FailOnTimeout.java:28)
Caused by: ptolemy.kernel.util.IllegalActionException: TypeTest actor has no training data.
  in .sizedarray3.TypeTest
	at ptolemy.actor.lib.TypeTest.initialize(TypeTest.java:250)
	at ptolemy.actor.Director.initialize(Director.java:938)
	at ptolemy.actor.Director.initialize(Director.java:907)
	at ptolemy.actor.sched.StaticSchedulingDirector.initialize(StaticSchedulingDirector.java:159)
	at ptolemy.domains.sdf.kernel.SDFDirector.initialize(SDFDirector.java:544)
	at ptolemy.actor.CompositeActor.initialize(CompositeActor.java:935)
	at ptolemy.actor.Manager.initialize(Manager.java:724)
	at ptolemy.actor.Manager.execute(Manager.java:356)
	at ptolemy.actor.Manager.run(Manager.java:1263)
	at ptolemy.actor.Manager$PtolemyRunThread.run(Manager.java:1933)
]]></system-err>
</testsuite>
