<?xml version="1.0" encoding="UTF-8" ?>
<testsuite errors="0" failures="0" hostname="travis-job-1b787b4d-4f83-4eb6-9f3b-b9e2dc72ca8f" name="ptolemy.actor.lib.test.junit.JUnitTclTest" skipped="0" tests="517" time="60.541" timestamp="2020-01-18T06:50:35">
  <properties>
    <property name="npm.executable" value="npm" />
    <property name="env.TRAVIS_ROOT" value="/" />
    <property name="ptII.mk.exists" value="true" />
    <property name="env.TRAVIS_APP_HOST" value="build.travis-ci.org" />
    <property name="env.rvm_bin_path" value="/home/travis/.rvm/bin" />
    <property name="java.home" value="/usr/local/lib/jvm/openjdk11" />
    <property name="env.TRAVIS_JOB_NUMBER" value="1471.8" />
    <property name="env.TRAVIS_HOME" value="/home/travis" />
    <property name="env.DISPLAY" value=":99.0" />
    <property name="env.TRAVIS_INIT" value="systemd" />
    <property name="env.SSH_TTY" value="/dev/pts/0" />
    <property name="java.net.preferIPv4Stack" value="true" />
    <property name="env.RUN_TESTS" value="true" />
    <property name="timeout.short" value="1000000" />
    <property name="junit.formatter" value="xml" />
    <property name="env.TRAVIS_SUDO" value="true" />
    <property name="env.TRAVIS_JOB_NAME" value="" />
    <property name="env.TRAVIS_STACK_NODE_ATTRIBUTES" value="/.node-attributes.yml" />
    <property name="env.LOGNAME" value="travis" />
    <property name="env.PT_TRAVIS_TEST_CORE1_XML" value="true" />
    <property name="jsdoc.home" value="node_modules/@terraswarm/jsdoc" />
    <property name="debuglevel" value="source,lines,vars" />
    <property name="checkstyle.formatter" value="xml" />
    <property name="env._system_version" value="16.04" />
    <property name="bin.vergil.makeable" value="true" />
    <property name="sun.os.patch.level" value="unknown" />
    <property name="java.vendor.url" value="http://java.oracle.com/" />
    <property name="env.TRAVIS_BUILD_WEB_URL" value="https://travis-ci.org/icyphy/ptII/builds/638745432" />
    <property name="java.version" value="11.0.2" />
    <property name="env.TZ" value="UTC" />
    <property name="env.TRAVIS_PULL_REQUEST_SHA" value="" />
    <property name="env.PT_NO_NET" value="true" />
    <property name="env.TRAVIS_SECURE_ENV_VARS" value="true" />
    <property name="env._system_type" value="Linux" />
    <property name="java.vendor.url.bug" value="http://bugreport.java.com/bugreport/" />
    <property name="npmjs-org-is-up" value="true" />
    <property name="env.LANGUAGE" value="en_US.UTF-8" />
    <property name="env.SSH_CLIENT" value="10.52.6.4 54210 22" />
    <property name="env.GEM_HOME" value="/home/travis/.rvm/gems/ruby-2.5.3" />
    <property name="env.HAS_ANTARES_THREE_LITTLE_FRONZIES_BADGE" value="true" />
    <property name="java.version.date" value="2019-01-15" />
    <property name="env.PS4" value="+" />
    <property name="ant.project.invoked-targets" value="build,test.core1.xml" />
    <property name="env.TRAVIS_PULL_REQUEST_BRANCH" value="" />
    <property name="env.TRAVIS_REPO_SLUG" value="icyphy/ptII" />
    <property name="env.XDG_DATA_DIRS" value="/usr/local/share:/usr/share:/var/lib/snapd/desktop" />
    <property name="jdk.debug" value="release" />
    <property name="env.TRAVIS_APT_PROXY" value="http://build-cache.travisci.net" />
    <property name="env.TRAVIS_CPU_ARCH" value="amd64" />
    <property name="node.in.path" value="true" />
    <property name="user.name" value="travis" />
    <property name="java.maxmemory" value="1400m" />
    <property name="env.RUBY_VERSION" value="ruby-2.5.3" />
    <property name="env.LANG" value="en_US.UTF-8" />
    <property name="sun.io.unicode.encoding" value="UnicodeLittle" />
    <property name="sun.jnu.encoding" value="UTF-8" />
    <property name="java.runtime.name" value="OpenJDK Runtime Environment" />
    <property name="usefile" value="false" />
    <property name="return.code" value="0" />
    <property name="junit.single.formatter" value="plain" />
    <property name="env.DYLD_LIBRARY_PATH" value="/home/travis/pthla/certi-tools/lib:" />
    <property name="env.DEBIAN_FRONTEND" value="noninteractive" />
    <property name="env.SSH_CONNECTION" value="10.52.6.4 54210 10.20.0.63 22" />
    <property name="env.MYSQL_UNIX_PORT" value="/var/run/mysqld/mysqld.sock" />
    <property name="env.LC_ALL" value="en_US.UTF-8" />
    <property name="env.TRAVIS_ALLOW_FAILURE" value="false" />
    <property name="env.TRAVIS_JOB_WEB_URL" value="https://travis-ci.org/icyphy/ptII/jobs/638745442" />
    <property name="java.specification.name" value="Java Platform API Specification" />
    <property name="node.works" value="true" />
    <property name="user.timezone" value="" />
    <property name="path.separator" value=":" />
    <property name="env.TRAVIS_ENABLE_INFRA_DETECTION" value="true" />
    <property name="env.PYTHON_CFLAGS" value="-g -fstack-protector --param=ssp-buffer-size=4 -Wformat -Werror=format-security" />
    <property name="timeout.long" value="4000000" />
    <property name="env.CERTI_HOME" value="/home/travis/pthla/certi-tools" />
    <property name="ant.file.ptII" value="/home/travis/build/icyphy/ptII/build.xml" />
    <property name="javadoc.packagenames" value="com.*,diva.*,lbnl.*,org.hlacerti.*,org.json.*,org.ptolemy.*,org.terraswarm.*,ptolemy.*,ptserver.*" />
    <property name="file.encoding" value="UTF-8" />
    <property name="env.TRAVIS_PULL_REQUEST_SLUG" value="" />
    <property name="ant.project.default-target" value="build" />
    <property name="env.GIT_ASKPASS" value="echo" />
    <property name="env.HOME" value="/home/travis" />
    <property name="sun.java.command" value="org.apache.tools.ant.taskdefs.optional.junit.JUnitTestRunner ptolemy.actor.lib.test.junit.JUnitTclTest skipNonTests=false filtertrace=true haltOnError=false haltOnFailure=false formatter=org.apache.tools.ant.taskdefs.optional.junit.OutErrSummaryJUnitResultFormatter showoutput=true outputtoformatters=true logfailedtests=true threadid=0 logtestlistenerevents=false formatter=org.apache.tools.ant.taskdefs.optional.junit.XMLJUnitResultFormatter,/home/travis/build/icyphy/ptII/reports/junit/TEST-ptolemy.actor.lib.test.junit.JUnitTclTest.xml crashfile=/home/travis/build/icyphy/ptII/junitvmwatcher7604683444094163982.properties propsfile=/home/travis/build/icyphy/ptII/junit16375161592702043761.properties" />
    <property name="env.COMPOSER_NO_INTERACTION" value="1" />
    <property name="env.MANPATH" value="/home/travis/.nvm/versions/node/v7.10.1/share/man:/home/travis/.rvm/rubies/ruby-2.5.3/share/man:/usr/local/cmake-3.12.4/man:/usr/local/clang-7.0.0/share/man:/usr/local/man:/usr/local/share/man:/usr/share/man:/home/travis/.rvm/man" />
    <property name="env.TRAVIS_TIMER_ID" value="291b9580" />
    <property name="ant.file" value="/home/travis/build/icyphy/ptII/build.xml" />
    <property name="env.TRAVIS_COMMIT_RANGE" value="91c18494ffb61df2b5c9e9587cdacc264ddd6f9b...fbd7ecc9139d2f8a4cb1830725c7e7ccf498832a" />
    <property name="env._system_name" value="Ubuntu" />
    <property name="ptII.classpath.optional.property" value="/home/travis/build/icyphy/ptII/lib/bsh-2.0b4.jar:/home/travis/build/icyphy/ptII/lib/ptCal.jar:/home/travis/build/icyphy/ptII/lib/java_cup.jar:/home/travis/build/icyphy/ptII/lib/saxon8.jar:/home/travis/build/icyphy/ptII/lib/saxon8-dom.jar:/home/travis/build/icyphy/ptII/lib/chic.jar:/home/travis/build/icyphy/ptII/lib/ptcolt.jar:/home/travis/build/icyphy/ptII/vendors/misc/itext/iText.jar:/home/travis/build/icyphy/ptII/lib/g4ltl.jar:/home/travis/build/icyphy/ptII/lib/StructuralCoder.jar:/home/travis/build/icyphy/ptII/lib/jcerti.jar:/home/travis/build/icyphy/ptII/lib/javax.mail.jar:/home/travis/build/icyphy/ptII/vendors/JMF-2.1.1e/lib/jmf.jar:/home/travis/build/icyphy/ptII/lib/jna-4.0.0-variadic.jar:/home/travis/build/icyphy/ptII/vendors/misc/joystick/Joystick.jar:/home/travis/build/icyphy/ptII/lib/ptjacl.jar:/home/travis/build/icyphy/ptII/lib/jsoup-1.8.2.jar:/home/travis/build/icyphy/ptII/lib/junit-4.8.2.jar:/home/travis/build/icyphy/ptII/lib/JUnitParams-0.4.0.jar:/home/travis/build/icyphy/ptII/ptolemy/actor/lib/excel/jxl.jar:/home/travis/build/icyphy/ptII/lib/jython.jar:/home/travis/build/icyphy/ptII/lib/kieler.jar:/home/travis/build/icyphy/ptII/vendors/opencv/share/OpenCV/java/opencv-341.jar:/home/travis/build/icyphy/ptII/lib/oscP5.jar:/home/travis/build/icyphy/ptII/lib/nrjavaserial-3.11.0.devel.jar:/home/travis/build/icyphy/ptII/vendors/j3d/lib/Linux/j3dcore.jar:/home/travis/build/icyphy/ptII/vendors/j3d/lib/Linux/j3dutils.jar:/home/travis/build/icyphy/ptII/vendors/j3d/lib/Linux/vecmath.jar:/home/travis/build/icyphy/ptII/vendors/jogl/lib/Linux/gluegen-rt-natives-linux-amd64.jar:/home/travis/build/icyphy/ptII/vendors/jogl/lib/Linux/gluegen-rt.jar:/home/travis/build/icyphy/ptII/vendors/jogl/lib/Linux/jogl-all-natives-linux-amd64.jar:/home/travis/build/icyphy/ptII/vendors/jogl/lib/Linux/jogl-all.jar:/home/travis/build/icyphy/ptII/ptolemy/distributed/jini/jar/jini-core.jar:/home/travis/build/icyphy/ptII/ptolemy/distributed/jini/jar/jini-ext.jar:/home/travis/build/icyphy/ptII/ptolemy/distributed/jini/jar/sun-util.jar:/home/travis/build/icyphy/ptII/lib/protobuf-java-2.4.1.jar:/home/travis/build/icyphy/ptII/lib/org.eclipse.paho.client.mqttv3.jar:/home/travis/build/icyphy/ptII/lib/mapss.jar:/home/travis/build/icyphy/ptII/ptolemy/actor/ptalon/antlr/antlr.jar:/home/travis/build/icyphy/ptII/lib/JRI.jar:/home/travis/build/icyphy/ptII/lib/commons-lang-2.6.jar:/home/travis/build/icyphy/ptII/lib/commons-logging-1.1.1.jar:/home/travis/build/icyphy/ptII/lib/sootclasses.jar:/home/travis/build/icyphy/ptII/ptolemy/actor/lib/database/mysql-connector-java-5.1.6-bin.jar:/home/travis/build/icyphy/ptII/vendors/misc/sphinx4/sphinx4-data-5prealpha.jar:/home/travis/build/icyphy/ptII/vendors/misc/sphinx4/sphinx4-core-5prealpha.jar:/home/travis/build/icyphy/ptII/lib/PDFRenderer.jar:/home/travis/build/icyphy/ptII/lib/svgSalamander.jar:/home/travis/build/icyphy/ptII/lib/rsyntaxtextarea-2.6.0-SNAPSHOT.jar:/home/travis/build/icyphy/ptII/lib/hazelcast-3.8.2.jar:/home/travis/build/icyphy/ptII/lib/jackson-annotations-2.9.0.jar:/home/travis/build/icyphy/ptII/lib/jackson-core-2.9.3.jar:/home/travis/build/icyphy/ptII/lib/jackson-databind-2.9.3.jar:/home/travis/build/icyphy/ptII/lib/netty-buffer-4.1.19.Final.jar:/home/travis/build/icyphy/ptII/lib/netty-codec-4.1.19.Final.jar:/home/travis/build/icyphy/ptII/lib/netty-codec-dns-4.1.19.Final.jar:/home/travis/build/icyphy/ptII/lib/netty-codec-http-4.1.19.Final.jar:/home/travis/build/icyphy/ptII/lib/netty-codec-http2-4.1.19.Final.jar:/home/travis/build/icyphy/ptII/lib/netty-common-4.1.19.Final.jar:/home/travis/build/icyphy/ptII/lib/netty-handler-4.1.19.Final.jar:/home/travis/build/icyphy/ptII/lib/netty-resolver-4.1.19.Final.jar:/home/travis/build/icyphy/ptII/lib/netty-resolver-dns-4.1.19.Final.jar:/home/travis/build/icyphy/ptII/lib/netty-transport-4.1.19.Final.jar:/home/travis/build/icyphy/ptII/lib/vertx-codegen-3.5.1.jar:/home/travis/build/icyphy/ptII/lib/vertx-core-3.5.2-SNAPSHOT.jar:/home/travis/build/icyphy/ptII/lib/vertx-hazelcast-3.5.1.jar:/home/travis/build/icyphy/ptII/lib/vertx-lang-js-3.5.1.jar:/home/travis/build/icyphy/ptII/lib/vertx-service-proxy-3.5.1.jar:/home/travis/build/icyphy/ptII/lib/vertx-web-3.5.1.jar:/home/travis/build/icyphy/ptII/lib/slf4j-api-1.7.13.jar:/home/travis/build/icyphy/ptII/lib/slf4j-simple-1.7.13.jar:/home/travis/build/icyphy/ptII/lib/webcam-capture-0.3.12.jar:/home/travis/build/icyphy/ptII/lib/bridj-0.7.0.jar:/home/travis/build/icyphy/ptII/lib/xbjlib-1.1.0.nrjavaserial.jar" />
    <property name="timeout" value="2400000" />
    <property name="test.batch" value="**/junit/*.java" />
    <property name="env._" value="/usr/bin/timeout" />
    <property name="java.io.tmpdir" value="/tmp" />
    <property name="user.language" value="en" />
    <property name="env.TRAVIS_INTERNAL_RUBY_REGEX" value="^ruby-(2\.[0-4]\.[0-9]|1\.9\.3)" />
    <property name="env.HISTCONTROL" value="ignoredups:ignorespace" />
    <property name="env.GOROOT" value="/home/travis/.gimme/versions/go1.11.1.linux.amd64" />
    <property name="line.separator" value="&#xa;" />
    <property name="target" value="11" />
    <property name="env.TRAVIS_BUILD_DIR" value="/home/travis/build/icyphy/ptII" />
    <property name="env.ANT_OPTS" value="-Xmx2048m" />
    <property name="ant.file.type" value="file" />
    <property name="ptolemy.ptII.batchMode" value="true" />
    <property name="env.HISTSIZE" value="1000" />
    <property name="env.MERB_ENV" value="test" />
    <property name="java.vm.info" value="mixed mode" />
    <property name="source" value="11" />
    <property name="java.vm.specification.name" value="Java Virtual Machine Specification" />
    <property name="env.TRAVIS_TEST_RESULT" value="0" />
    <property name="jsdoc.command" value="node_modules/@terraswarm/jsdoc/jsdoc.js" />
    <property name="npm.works" value="true" />
    <property name="cobertura.dir" value="/home/travis/build/icyphy/ptII/vendors/cobertura-2.0.3" />
    <property name="jsdoc.command.exists" value="true" />
    <property name="env.rvm_path" value="/home/travis/.rvm" />
    <property name="env.GEM_PATH" value="/home/travis/.rvm/gems/ruby-2.5.3:/home/travis/.rvm/gems/ruby-2.5.3@global" />
    <property name="env.LC_CTYPE" value="en_US.UTF-8" />
    <property name="env.TRAVIS_CMD" value="$PTII/bin/ptIITravisBuild.sh $SECONDS" />
    <property name="java.awt.printerjob" value="sun.print.PSPrinterJob" />
    <property name="env.TRAVIS_STACK_NAME" value="sardonyx" />
    <property name="env.TRAVIS_TIMER_START_TIME" value="1579329636730708735" />
    <property name="ant.version" value="Apache Ant(TM) version 1.10.1 compiled on February 2 2017" />
    <property name="ptII.reports" value="/home/travis/build/icyphy/ptII/reports" />
    <property name="env.TRAVIS_STACK_TIMESTAMP" value="2019-03-25 16:16:56 UTC" />
    <property name="ant.file.type.ptII" value="file" />
    <property name="env.RBENV_SHELL" value="bash" />
    <property name="os.name" value="Linux" />
    <property name="java.specification.vendor" value="Oracle Corporation" />
    <property name="env.rvm_version" value="1.29.7 (latest)" />
    <property name="env.TRAVIS_INFRA" value="unknown" />
    <property name="env.TERM" value="xterm" />
    <property name="java.vm.name" value="OpenJDK 64-Bit Server VM" />
    <property name="env.TRAVIS_BUILD_NUMBER" value="1471" />
    <property name="env.CI" value="true" />
    <property name="java.library.path" value="/home/travis/pthla/certi-tools/lib:/usr/lib/jni:/usr/local/share/OpenCV/java/:/usr/share/OpenCV/java::/usr/java/packages/lib:/usr/lib64:/lib64:/lib:/usr/lib" />
    <property name="jdk.module.path" value="/home/travis/build/icyphy/ptII/vendors/javafx/javafx-sdk-11.0.2/lib:" />
    <property name="env.rvm_prefix" value="/home/travis" />
    <property name="env.PATH" value="/home/travis/pthla/certi-tools/share/scripts:/home/travis/.rvm/gems/ruby-2.5.3/bin:/home/travis/.rvm/gems/ruby-2.5.3@global/bin:/home/travis/.rvm/rubies/ruby-2.5.3/bin:/home/travis/.rvm/bin:/home/travis/.nvm/versions/node/v7.10.1/bin:./node_modules/.bin:/home/travis/build/icyphy/ptII/bin:/home/travis/pthla/certi-tools/bin:/home/travis/bin:/home/travis/.local/bin:/usr/local/lib/jvm/openjdk11/bin:/opt/pyenv/shims:/home/travis/.phpenv/shims:/home/travis/perl5/perlbrew/bin:/home/travis/gopath/bin:/home/travis/.gimme/versions/go1.11.1.linux.amd64/bin:/usr/local/maven-3.6.0/bin:/usr/local/cmake-3.12.4/bin:/usr/local/clang-7.0.0/bin:/usr/local/sbin:/usr/local/bin:/usr/sbin:/usr/bin:/sbin:/bin:/snap/bin:/home/travis/.phpenv/bin:/opt/pyenv/bin:/home/travis/.yarn/bin" />
    <property name="env.TRAVIS_OS_NAME" value="linux" />
    <property name="ant.java.version" value="9" />
    <property name="basedir" value="/home/travis/build/icyphy/ptII" />
    <property name="java.class.version" value="55.0" />
    <property name="env.SHLVL" value="3" />
    <property name="env.LD_LIBRARY_PATH" value="/home/travis/pthla/certi-tools/lib:/usr/lib/jni:/usr/local/share/OpenCV/java/:/usr/share/OpenCV/java:" />
    <property name="env.RACK_ENV" value="test" />
    <property name="ant.home" value="/home/travis/build/icyphy/ptII/ant" />
    <property name="env.NVM_DIR" value="/home/travis/.nvm" />
    <property name="env.CERTI_FOM_PATH" value="/home/travis/pthla/certi-tools/share/federations" />
    <property name="env.TRAVIS_BUILD_ID" value="638745432" />
    <property name="env.PYENV_ROOT" value="/opt/pyenv" />
    <property name="env.TRAVIS_UID" value="2000" />
    <property name="prism.verbose" value="true" />
    <property name="env.NVM_BIN" value="/home/travis/.nvm/versions/node/v7.10.1/bin" />
    <property name="env.TRAVIS_COMMIT" value="fbd7ecc9139d2f8a4cb1830725c7e7ccf498832a" />
    <property name="env._system_arch" value="x86_64" />
    <property name="node.executable" value="node" />
    <property name="sun.boot.library.path" value="/usr/local/lib/jvm/openjdk11/lib" />
    <property name="sun.management.compiler" value="HotSpot 64-Bit Tiered Compilers" />
    <property name="java.awt.graphicsenv" value="sun.awt.X11GraphicsEnvironment" />
    <property name="env.GOPATH" value="/home/travis/gopath" />
    <property name="ptolemy.ptII.dir" value="/home/travis/build/icyphy/ptII" />
    <property name="env.USER" value="travis" />
    <property name="env.HISTFILESIZE" value="2000" />
    <property name="timeout.longest" value="19000000" />
    <property name="env.PERLBREW_SHELLRC_VERSION" value="0.86" />
    <property name="env.TRAVIS_STACK_FEATURES" value="basic couchdb disabled-ipv6 docker docker-compose elasticsearch firefox go-toolchain google-chrome jdk memcached mongodb mysql nodejs_interpreter perl_interpreter perlbrew phantomjs postgresql python_interpreter redis ruby_interpreter sqlite xserver" />
    <property name="env.TRAVIS_PULL_REQUEST" value="false" />
    <property name="env.PYENV_SHELL" value="bash" />
    <property name="ant.project.name" value="ptII" />
    <property name="env.ANSI_RESET" value="\033[0m" />
    <property name="java.vm.specification.version" value="11" />
    <property name="env.TRAVIS_DIST" value="xenial" />
    <property name="env.CERTI_VERSION" value="4.0.0" />
    <property name="env.CERTI_HOST" value="localhost" />
    <property name="awt.toolkit" value="sun.awt.X11.XToolkit" />
    <property name="env.MY_RUBY_HOME" value="/home/travis/.rvm/rubies/ruby-2.5.3" />
    <property name="sun.cpu.isalist" value="" />
    <property name="env.TRAVIS_TMPDIR" value="/tmp/tmp.WTsfRwOIYY" />
    <property name="java.vm.compressedOopsMode" value="Zero based" />
    <property name="os.version" value="4.15.0-1028-gcp" />
    <property name="user.home" value="/home/travis" />
    <property name="java.vm.vendor" value="Oracle Corporation" />
    <property name="env.TRAVIS_TAG" value="nightly" />
    <property name="env.ANSI_YELLOW" value="\033[33;1m" />
    <property name="env.TRAVIS_FILTERED" value="redirect_io" />
    <property name="env.ANSI_GREEN" value="\033[32;1m" />
    <property name="env.JAVA_HOME" value="/usr/local/lib/jvm/openjdk11" />
    <property name="javadoc.excludepackagenames" value="adm.cvs2svn.*,build.*,config.*,doc.coding.templates.*,jni.test.jni.meaningOfLife.*,jni.test.jni.testDeux.*,jni.test.jni.testTrois.*,org.terraswarm.accessor.accessors.web.node_modules.*,org.terraswarm.accessor.accessors.web.hosts.cordova.demo.*,org.terraswarm.accessor.accessors.web.hosts.cordova.plugins.*,org.terraswarm.accessor.accessors-svn.*,pt-modules.*,ptolemy.apps.agilent.*,ptolemy.apps.anytimecontrol.*,ptolemy.apps.apes.*,ptolemy.apps.charon.*,ptolemy.apps.crazyboard.*,ptolemy.apps.eclipse.*,ptolemy.apps.etherealSting.*,ptolemy.apps.fullscreen.*,ptolemy.apps.giotto.*,ptolemy.apps.ia.*,ptolemy.apps.interfaces.*,ptolemy.apps.jmf.*,ptolemy.apps.kurt.*,ptolemy.apps.kvm.*,ptolemy.apps.lego.*,ptolemy.apps.lejos.*,ptolemy.apps.midp.*,ptolemy.apps.mobileCoding.*,ptolemy.apps.pendulum.*,ptolemy.apps.rijndael.*,ptolemy.apps.robot.*,ptolemy.apps.security.*,ptolemy.apps.sobel.*,ptolemy.apps.soot.*,ptolemy.apps.throttle.*,ptolemy.apps.tini.*,ptolemy.apps.transmission.*,ptolemy.apps.vergil.*,ptolemy.apps.waba.*,ptolemy.apps.websensor.*,ptolemy.apps.webstart.*,ptolemy.apps.xsl.*,ptolemy.apps.zaurus.*,ptolemy.codegen.c.actor.lib.oldJavaFiles.*,ptolemy.codegen.dsp.lib.*,ptolemy.codegen.kernel.newInterfaces.*,ptolemy.codegen.lib.*,ptolemy.copernicus.kernel.fragment.*,ptolemy.copernicus.shallow.cg.*,ptolemy.domains.giotto.demo.Hierarchy.Hierarchy.*,ptolemy.domains.giotto.demo.Multimode.Multimode.*,ptolemy.domains.giotto.demo.Simple.Simple.*,ptolemy.domains.gr.lib.experimental.*,ptolemy.domains.gro.*,ptolemy.domains.pdf.*,ptolemy.domains.ptinyos.demo.Surge.output.*,ptolemy.moml.test.NoPackageActor.java*,ptolemy.plot.adm.*,ptolemy.plot.servlet.*,reports.*,signed.*,src.*,target.*,vendors.*,ptolemy.copernicus.applet.*,ptolemy.media.viewer.*,ptolemy.actor.corba.*,doc.doclets.*,ptolemy.apps.eclipse.awt.*,ptolemy.backtrack.*,ptolemy.backtrack.ast.*,ptolemy.cg.adapter.generic.program.procedural.c.mbed*,ptolemy.homer.*,ptolemy.actor.lib.jai.*,org.ptolemy.scala.*,diva.util.java2d.svg.*,ptolemy.domains.ptinyos.*,ptolemy.actor.lib.fmi.fmipp.*,,org.terraswarm.accessor.accessors.web.node_modules.*,org.terraswarm.accessor.accessors-svn,ptolemy.apps.*,ptolemy.actor.ptalon.demo.ptinyos.SendAndReceiveCnt.output,ptolemy.actor.ptalon.demo.ptinyos.SenseToLeds.output,ptolemy.domains.ptinyos.demo.CntToLedsAndRfm.output,ptolemy.domains.ptinyos.demo.RfmToLeds.output,ptolemy.domains.ptinyos.demo.SendAndReceiveCnt.output,ptolemy.domains.ptinyos.demo.SenseToLeds.output,ptolemy.actor.lib.jjs.modules.udpSocket.*" />
    <property name="env.PTII" value="/home/travis/build/icyphy/ptII" />
    <property name="env.XDG_SESSION_ID" value="2" />
    <property name="keystore" value="ptKeystore" />
    <property name="env.TRAVIS_COMMIT_MESSAGE" value="Adding a script for installing CERTI following HLA 1516E." />
    <property name="junit.output.dir" value="/home/travis/build/icyphy/ptII/reports/junit" />
    <property name="npm.return.code" value="0" />
    <property name="user.dir" value="/home/travis/build/icyphy/ptII/ptolemy/actor/lib/test" />
    <property name="env.TRAVIS_NODE_VERSION" value="7" />
    <property name="env.TRAVIS_EVENT_TYPE" value="cron" />
    <property name="env.MAIL" value="/var/mail/travis" />
    <property name="env.PERLBREW_ROOT" value="/home/travis/perl5/perlbrew" />
    <property name="env.PWD" value="/home/travis/build/icyphy/ptII" />
    <property name="timeout.npm" value="45000" />
    <property name="env.TRAVIS_ARCH" value="amd64" />
    <property name="sun.cpu.endian" value="little" />
    <property name="env.PAGER" value="cat" />
    <property name="env.TRAVIS_BUILD_STAGE_NAME" value="Test" />
    <property name="env.PERLBREW_HOME" value="/home/travis/.perlbrew" />
    <property name="java.vm.version" value="11.0.2+9" />
    <property name="env.RAILS_ENV" value="test" />
    <property name="java.class.path" value="/home/travis/.ptolemyII:/home/travis/.ptolemyII/*:/home/travis/build/icyphy/ptII:/home/travis/build/icyphy/ptII/lib/bsh-2.0b4.jar:/home/travis/build/icyphy/ptII/lib/ptCal.jar:/home/travis/build/icyphy/ptII/lib/java_cup.jar:/home/travis/build/icyphy/ptII/lib/saxon8.jar:/home/travis/build/icyphy/ptII/lib/saxon8-dom.jar:/home/travis/build/icyphy/ptII/lib/chic.jar:/home/travis/build/icyphy/ptII/lib/ptcolt.jar:/home/travis/build/icyphy/ptII/vendors/misc/itext/iText.jar:/home/travis/build/icyphy/ptII/lib/g4ltl.jar:/home/travis/build/icyphy/ptII/lib/StructuralCoder.jar:/home/travis/build/icyphy/ptII/lib/jcerti.jar:/home/travis/build/icyphy/ptII/lib/javax.mail.jar:/home/travis/build/icyphy/ptII/vendors/JMF-2.1.1e/lib/jmf.jar:/home/travis/build/icyphy/ptII/lib/jna-4.0.0-variadic.jar:/home/travis/build/icyphy/ptII/vendors/misc/joystick/Joystick.jar:/home/travis/build/icyphy/ptII/lib/ptjacl.jar:/home/travis/build/icyphy/ptII/lib/jsoup-1.8.2.jar:/home/travis/build/icyphy/ptII/lib/junit-4.8.2.jar:/home/travis/build/icyphy/ptII/lib/JUnitParams-0.4.0.jar:/home/travis/build/icyphy/ptII/ptolemy/actor/lib/excel/jxl.jar:/home/travis/build/icyphy/ptII/lib/jython.jar:/home/travis/build/icyphy/ptII/lib/kieler.jar:/home/travis/build/icyphy/ptII/vendors/opencv/share/OpenCV/java/opencv-341.jar:/home/travis/build/icyphy/ptII/lib/oscP5.jar:/home/travis/build/icyphy/ptII/lib/nrjavaserial-3.11.0.devel.jar:/home/travis/build/icyphy/ptII/vendors/j3d/lib/Linux/j3dcore.jar:/home/travis/build/icyphy/ptII/vendors/j3d/lib/Linux/j3dutils.jar:/home/travis/build/icyphy/ptII/vendors/j3d/lib/Linux/vecmath.jar:/home/travis/build/icyphy/ptII/vendors/jogl/lib/Linux/gluegen-rt-natives-linux-amd64.jar:/home/travis/build/icyphy/ptII/vendors/jogl/lib/Linux/gluegen-rt.jar:/home/travis/build/icyphy/ptII/vendors/jogl/lib/Linux/jogl-all-natives-linux-amd64.jar:/home/travis/build/icyphy/ptII/vendors/jogl/lib/Linux/jogl-all.jar:/home/travis/build/icyphy/ptII/ptolemy/distributed/jini/jar/jini-core.jar:/home/travis/build/icyphy/ptII/ptolemy/distributed/jini/jar/jini-ext.jar:/home/travis/build/icyphy/ptII/ptolemy/distributed/jini/jar/sun-util.jar:/home/travis/build/icyphy/ptII/lib/protobuf-java-2.4.1.jar:/home/travis/build/icyphy/ptII/lib/org.eclipse.paho.client.mqttv3.jar:/home/travis/build/icyphy/ptII/lib/mapss.jar:/home/travis/build/icyphy/ptII/ptolemy/actor/ptalon/antlr/antlr.jar:/home/travis/build/icyphy/ptII/lib/JRI.jar:/home/travis/build/icyphy/ptII/lib/commons-lang-2.6.jar:/home/travis/build/icyphy/ptII/lib/commons-logging-1.1.1.jar:/home/travis/build/icyphy/ptII/lib/sootclasses.jar:/home/travis/build/icyphy/ptII/ptolemy/actor/lib/database/mysql-connector-java-5.1.6-bin.jar:/home/travis/build/icyphy/ptII/vendors/misc/sphinx4/sphinx4-data-5prealpha.jar:/home/travis/build/icyphy/ptII/vendors/misc/sphinx4/sphinx4-core-5prealpha.jar:/home/travis/build/icyphy/ptII/lib/PDFRenderer.jar:/home/travis/build/icyphy/ptII/lib/svgSalamander.jar:/home/travis/build/icyphy/ptII/lib/rsyntaxtextarea-2.6.0-SNAPSHOT.jar:/home/travis/build/icyphy/ptII/lib/hazelcast-3.8.2.jar:/home/travis/build/icyphy/ptII/lib/jackson-annotations-2.9.0.jar:/home/travis/build/icyphy/ptII/lib/jackson-core-2.9.3.jar:/home/travis/build/icyphy/ptII/lib/jackson-databind-2.9.3.jar:/home/travis/build/icyphy/ptII/lib/netty-buffer-4.1.19.Final.jar:/home/travis/build/icyphy/ptII/lib/netty-codec-4.1.19.Final.jar:/home/travis/build/icyphy/ptII/lib/netty-codec-dns-4.1.19.Final.jar:/home/travis/build/icyphy/ptII/lib/netty-codec-http-4.1.19.Final.jar:/home/travis/build/icyphy/ptII/lib/netty-codec-http2-4.1.19.Final.jar:/home/travis/build/icyphy/ptII/lib/netty-common-4.1.19.Final.jar:/home/travis/build/icyphy/ptII/lib/netty-handler-4.1.19.Final.jar:/home/travis/build/icyphy/ptII/lib/netty-resolver-4.1.19.Final.jar:/home/travis/build/icyphy/ptII/lib/netty-resolver-dns-4.1.19.Final.jar:/home/travis/build/icyphy/ptII/lib/netty-transport-4.1.19.Final.jar:/home/travis/build/icyphy/ptII/lib/vertx-codegen-3.5.1.jar:/home/travis/build/icyphy/ptII/lib/vertx-core-3.5.2-SNAPSHOT.jar:/home/travis/build/icyphy/ptII/lib/vertx-hazelcast-3.5.1.jar:/home/travis/build/icyphy/ptII/lib/vertx-lang-js-3.5.1.jar:/home/travis/build/icyphy/ptII/lib/vertx-service-proxy-3.5.1.jar:/home/travis/build/icyphy/ptII/lib/vertx-web-3.5.1.jar:/home/travis/build/icyphy/ptII/lib/slf4j-api-1.7.13.jar:/home/travis/build/icyphy/ptII/lib/slf4j-simple-1.7.13.jar:/home/travis/build/icyphy/ptII/lib/webcam-capture-0.3.12.jar:/home/travis/build/icyphy/ptII/lib/bridj-0.7.0.jar:/home/travis/build/icyphy/ptII/lib/xbjlib-1.1.0.nrjavaserial.jar:/home/travis/build/icyphy/ptII/ptolemy/moml/test:/home/travis/build/icyphy/ptII/ant/lib/ant-launcher.jar:/home/travis/build/icyphy/ptII/ant/lib/ant.jar:/home/travis/build/icyphy/ptII/ant/lib/ant-junit.jar:/home/travis/build/icyphy/ptII/ant/lib/ant-junit4.jar" />
    <property name="ant.library.dir" value="/home/travis/build/icyphy/ptII/ant/lib" />
    <property name="os.arch" value="amd64" />
    <property name="env.CONTINUOUS_INTEGRATION" value="true" />
    <property name="env.TRAVIS_LANGUAGE" value="node_js" />
    <property name="env.TRAVIS_STACK_LANGUAGES" value="__sardonyx__ c c++ clojure cplusplus cpp default generic go groovy java node_js php pure_java python ruby scala" />
    <property name="test.name" value="ptolemy.actor.lib.test.junit.JUnitTclTest" />
    <property name="env.APT_KEY_DONT_WARN_ON_DANGEROUS_USAGE" value="1" />
    <property name="sun.java.launcher" value="SUN_STANDARD" />
    <property name="env.PYTHON_CONFIGURE_OPTS" value="--enable-unicode=ucs4 --with-wide-unicode --enable-shared --enable-ipv6 --enable-loadable-sqlite-extensions --with-computed-gotos" />
    <property name="ant.core.lib" value="/home/travis/build/icyphy/ptII/ant/lib/ant.jar" />
    <property name="java.vm.specification.vendor" value="Oracle Corporation" />
    <property name="env.BCVTB_HOME" value="/home/travis/build/icyphy/ptII/lbnl" />
    <property name="file.separator" value="/" />
    <property name="spotbugs.home" value="/home/travis/build/icyphy/ptII/vendors/spotbugs-3.1.1" />
    <property name="java.runtime.version" value="11.0.2+9" />
    <property name="env.ANSI_CLEAR" value="\033[0K" />
    <property name="javafx.verbose" value="true" />
    <property name="env.HAS_JOSH_K_SEAL_OF_APPROVAL" value="true" />
    <property name="env.XDG_RUNTIME_DIR" value="/run/user/2000" />
    <property name="env.TRAVIS_OSX_IMAGE" value="" />
    <property name="env.TRAVIS_JOB_ID" value="638745442" />
    <property name="env.TRAVIS_BRANCH" value="master" />
    <property name="user.country" value="US" />
    <property name="env.CERTI_HOME_TRAVIS" value="/home/travis/pthla/certi-tools" />
    <property name="env.SHELL" value="/bin/bash" />
    <property name="java.maxmemory.large" value="3200m" />
    <property name="model" value="" />
    <property name="env.CASHER_DIR" value="/home/travis/.casher" />
    <property name="env.NVM_CD_FLAGS" value="" />
    <property name="java.vendor.version" value="18.9" />
    <property name="jshint.executable" value="/home/travis/node_modules/jshint/bin/jshint" />
    <property name="env.JRUBY_OPTS" value=" --client -J-XX:+TieredCompilation -J-XX:TieredStopAtLevel=1 -J-Xss2m -Xcompile.invokedynamic=false" />
    <property name="java.vendor" value="Oracle Corporation" />
    <property name="env.TRAVIS_PRE_CHEF_BOOTSTRAP_TIME" value="2019-03-25T16:16:42" />
    <property name="env.TRAVIS_STACK_JOB_BOARD_REGISTER" value="/.job-board-register.yml" />
    <property name="env.ANSI_RED" value="\033[31;1m" />
    <property name="java.specification.version" value="11" />
    <property name="env.IRBRC" value="/home/travis/.rvm/rubies/ruby-2.5.3/.irbrc" />
    <property name="env.TRAVIS" value="true" />
    <property name="sun.arch.data.model" value="64" />
  </properties>
  <testcase classname="ptolemy.util.test.junit.TclTests" name="[0] /home/travis/build/icyphy/ptII/ptolemy/actor/lib/test/AbsoluteValue.tcl (RunTclFile)" time="0.433" />
  <testcase classname="ptolemy.util.test.junit.TclTests" name="[1] /home/travis/build/icyphy/ptII/ptolemy/actor/lib/test/AddSubtract.tcl (RunTclFile)" time="0.183" />
  <testcase classname="ptolemy.util.test.junit.TclTests" name="[2] /home/travis/build/icyphy/ptII/ptolemy/actor/lib/test/Average.tcl (RunTclFile)" time="0.062" />
  <testcase classname="ptolemy.util.test.junit.TclTests" name="[3] /home/travis/build/icyphy/ptII/ptolemy/actor/lib/test/Bernoulli.tcl (RunTclFile)" time="0.029" />
  <testcase classname="ptolemy.util.test.junit.TclTests" name="[4] /home/travis/build/icyphy/ptII/ptolemy/actor/lib/test/Clock.tcl (RunTclFile)" time="0.102" />
  <testcase classname="ptolemy.util.test.junit.TclTests" name="[5] /home/travis/build/icyphy/ptII/ptolemy/actor/lib/test/Commutator.tcl (RunTclFile)" time="0.106" />
  <testcase classname="ptolemy.util.test.junit.TclTests" name="[6] /home/travis/build/icyphy/ptII/ptolemy/actor/lib/test/Const.tcl (RunTclFile)" time="0.09" />
  <testcase classname="ptolemy.util.test.junit.TclTests" name="[7] /home/travis/build/icyphy/ptII/ptolemy/actor/lib/test/CurrentTime.tcl (RunTclFile)" time="0.035" />
  <testcase classname="ptolemy.util.test.junit.TclTests" name="[8] /home/travis/build/icyphy/ptII/ptolemy/actor/lib/test/DB.tcl (RunTclFile)" time="0.044" />
  <testcase classname="ptolemy.util.test.junit.TclTests" name="[9] /home/travis/build/icyphy/ptII/ptolemy/actor/lib/test/DiscreteRandomSource.tcl (RunTclFile)" time="0.044" />
  <testcase classname="ptolemy.util.test.junit.TclTests" name="[10] /home/travis/build/icyphy/ptII/ptolemy/actor/lib/test/Distributor.tcl (RunTclFile)" time="0.085" />
  <testcase classname="ptolemy.util.test.junit.TclTests" name="[11] /home/travis/build/icyphy/ptII/ptolemy/actor/lib/test/Exit.tcl (RunTclFile)" time="0.106" />
  <testcase classname="ptolemy.util.test.junit.TclTests" name="[12] /home/travis/build/icyphy/ptII/ptolemy/actor/lib/test/Expression.tcl (RunTclFile)" time="0.115" />
  <testcase classname="ptolemy.util.test.junit.TclTests" name="[13] /home/travis/build/icyphy/ptII/ptolemy/actor/lib/test/Gaussian.tcl (RunTclFile)" time="0.269" />
  <testcase classname="ptolemy.util.test.junit.TclTests" name="[14] /home/travis/build/icyphy/ptII/ptolemy/actor/lib/test/IIR.tcl (RunTclFile)" time="0.041" />
  <testcase classname="ptolemy.util.test.junit.TclTests" name="[15] /home/travis/build/icyphy/ptII/ptolemy/actor/lib/test/Interpolator.tcl (RunTclFile)" time="0.057" />
  <testcase classname="ptolemy.util.test.junit.TclTests" name="[16] /home/travis/build/icyphy/ptII/ptolemy/actor/lib/test/MathFunction.tcl (RunTclFile)" time="0.043" />
  <testcase classname="ptolemy.util.test.junit.TclTests" name="[17] /home/travis/build/icyphy/ptII/ptolemy/actor/lib/test/Maximum.tcl (RunTclFile)" time="0.034" />
  <testcase classname="ptolemy.util.test.junit.TclTests" name="[18] /home/travis/build/icyphy/ptII/ptolemy/actor/lib/test/Minimum.tcl (RunTclFile)" time="0.034" />
  <testcase classname="ptolemy.util.test.junit.TclTests" name="[19] /home/travis/build/icyphy/ptII/ptolemy/actor/lib/test/MultiplyDivide.tcl (RunTclFile)" time="0.04" />
  <testcase classname="ptolemy.util.test.junit.TclTests" name="[20] /home/travis/build/icyphy/ptII/ptolemy/actor/lib/test/OrderedMerge.tcl (RunTclFile)" time="0.116" />
  <testcase classname="ptolemy.util.test.junit.TclTests" name="[21] /home/travis/build/icyphy/ptII/ptolemy/actor/lib/test/Publisher.tcl (RunTclFile)" time="0.835" />
  <testcase classname="ptolemy.util.test.junit.TclTests" name="[22] /home/travis/build/icyphy/ptII/ptolemy/actor/lib/test/Pulse.tcl (RunTclFile)" time="0.035" />
  <testcase classname="ptolemy.util.test.junit.TclTests" name="[23] /home/travis/build/icyphy/ptII/ptolemy/actor/lib/test/Ramp.tcl (RunTclFile)" time="2.009" />
  <testcase classname="ptolemy.util.test.junit.TclTests" name="[24] /home/travis/build/icyphy/ptII/ptolemy/actor/lib/test/RampContinuous.tcl (RunTclFile)" time="0.019" />
  <testcase classname="ptolemy.util.test.junit.TclTests" name="[25] /home/travis/build/icyphy/ptII/ptolemy/actor/lib/test/RecordAssembler.tcl (RunTclFile)" time="0.018" />
  <testcase classname="ptolemy.util.test.junit.TclTests" name="[26] /home/travis/build/icyphy/ptII/ptolemy/actor/lib/test/RecordDisassembler.tcl (RunTclFile)" time="0.034" />
  <testcase classname="ptolemy.util.test.junit.TclTests" name="[27] /home/travis/build/icyphy/ptII/ptolemy/actor/lib/test/Scale.tcl (RunTclFile)" time="0.034" />
  <testcase classname="ptolemy.util.test.junit.TclTests" name="[28] /home/travis/build/icyphy/ptII/ptolemy/actor/lib/test/SequentialClock.tcl (RunTclFile)" time="0.015" />
  <testcase classname="ptolemy.util.test.junit.TclTests" name="[29] /home/travis/build/icyphy/ptII/ptolemy/actor/lib/test/SetVariable.tcl (RunTclFile)" time="0.01" />
  <testcase classname="ptolemy.util.test.junit.TclTests" name="[30] /home/travis/build/icyphy/ptII/ptolemy/actor/lib/test/Sinewave.tcl (RunTclFile)" time="0.027" />
  <testcase classname="ptolemy.util.test.junit.TclTests" name="[31] /home/travis/build/icyphy/ptII/ptolemy/actor/lib/test/SubscriptionAggregator.tcl (RunTclFile)" time="2.233" />
  <testcase classname="ptolemy.util.test.junit.TclTests" name="[32] /home/travis/build/icyphy/ptII/ptolemy/actor/lib/test/Test.tcl (RunTclFile)" time="0.1" />
  <testcase classname="ptolemy.util.test.junit.TclTests" name="[33] /home/travis/build/icyphy/ptII/ptolemy/actor/lib/test/TestExceptionHandler.tcl (RunTclFile)" time="0.011" />
  <testcase classname="ptolemy.util.test.junit.TclTests" name="[34] /home/travis/build/icyphy/ptII/ptolemy/actor/lib/test/UnionDisassembler.tcl (RunTclFile)" time="0.086" />
  <testcase classname="ptolemy.util.test.junit.TclTests" name="[35] /home/travis/build/icyphy/ptII/ptolemy/actor/lib/test/VariableClock.tcl (RunTclFile)" time="0.03" />
  <testcase classname="ptolemy.util.test.junit.AutoKnownFailedTests" name="[0] /home/travis/build/icyphy/ptII/ptolemy/actor/lib/test/auto/knownFailedTests/PublisherPortToplevelSubscriber.xml (RunModel)" time="0.031" />
  <testcase classname="ptolemy.util.test.junit.AutoKnownFailedTests" name="[1] /home/travis/build/icyphy/ptII/ptolemy/actor/lib/test/auto/knownFailedTests/PublisherSubscriberPortToplevel.xml (RunModel)" time="0.023" />
  <testcase classname="ptolemy.util.test.junit.AutoKnownFailedTests" name="[2] /home/travis/build/icyphy/ptII/ptolemy/actor/lib/test/auto/knownFailedTests/PublisherSubscriptionAggregatorPort.xml (RunModel)" time="0.016" />
  <testcase classname="ptolemy.util.test.junit.AutoKnownFailedTests" name="[3] /home/travis/build/icyphy/ptII/ptolemy/actor/lib/test/auto/knownFailedTests/sizedarray3.xml (RunModel)" time="0.027" />
  <testcase classname="ptolemy.util.test.junit.AutoNameArchTests" name="[0] ThereAreNoAutoArchTests (RunModel)" time="0.003" />
  <testcase classname="ptolemy.util.test.junit.AutoTests" name="[0] /home/travis/build/icyphy/ptII/ptolemy/actor/lib/test/auto/AbsoluteValue.xml (RunModel)" time="0.111" />
  <testcase classname="ptolemy.util.test.junit.AutoTests" name="[1] /home/travis/build/icyphy/ptII/ptolemy/actor/lib/test/auto/AbsoluteValue2.xml (RunModel)" time="0.059" />
  <testcase classname="ptolemy.util.test.junit.AutoTests" name="[2] /home/travis/build/icyphy/ptII/ptolemy/actor/lib/test/auto/Accumulator.xml (RunModel)" time="0.055" />
  <testcase classname="ptolemy.util.test.junit.AutoTests" name="[3] /home/travis/build/icyphy/ptII/ptolemy/actor/lib/test/auto/Accumulator2.xml (RunModel)" time="0.03" />
  <testcase classname="ptolemy.util.test.junit.AutoTests" name="[4] /home/travis/build/icyphy/ptII/ptolemy/actor/lib/test/auto/Accumulator3.xml (RunModel)" time="0.123" />
  <testcase classname="ptolemy.util.test.junit.AutoTests" name="[5] /home/travis/build/icyphy/ptII/ptolemy/actor/lib/test/auto/ArrayAppend.xml (RunModel)" time="0.037" />
  <testcase classname="ptolemy.util.test.junit.AutoTests" name="[6] /home/travis/build/icyphy/ptII/ptolemy/actor/lib/test/auto/ArrayAppend2.xml (RunModel)" time="0.29" />
  <testcase classname="ptolemy.util.test.junit.AutoTests" name="[7] /home/travis/build/icyphy/ptII/ptolemy/actor/lib/test/auto/ArrayAppend3.xml (RunModel)" time="0.038" />
  <testcase classname="ptolemy.util.test.junit.AutoTests" name="[8] /home/travis/build/icyphy/ptII/ptolemy/actor/lib/test/auto/ArrayAppend4.xml (RunModel)" time="0.035" />
  <testcase classname="ptolemy.util.test.junit.AutoTests" name="[9] /home/travis/build/icyphy/ptII/ptolemy/actor/lib/test/auto/ArrayAppend5.xml (RunModel)" time="0.021" />
  <testcase classname="ptolemy.util.test.junit.AutoTests" name="[10] /home/travis/build/icyphy/ptII/ptolemy/actor/lib/test/auto/ArrayAppend6.xml (RunModel)" time="0.026" />
  <testcase classname="ptolemy.util.test.junit.AutoTests" name="[11] /home/travis/build/icyphy/ptII/ptolemy/actor/lib/test/auto/ArrayAppendPerformanceTest.xml (RunModel)" time="0.063" />
  <testcase classname="ptolemy.util.test.junit.AutoTests" name="[12] /home/travis/build/icyphy/ptII/ptolemy/actor/lib/test/auto/ArrayAppendWithEmptyInput.xml (RunModel)" time="0.052" />
  <testcase classname="ptolemy.util.test.junit.AutoTests" name="[13] /home/travis/build/icyphy/ptII/ptolemy/actor/lib/test/auto/ArrayAverage.xml (RunModel)" time="0.041" />
  <testcase classname="ptolemy.util.test.junit.AutoTests" name="[14] /home/travis/build/icyphy/ptII/ptolemy/actor/lib/test/auto/ArrayContains.xml (RunModel)" time="0.036" />
  <testcase classname="ptolemy.util.test.junit.AutoTests" name="[15] /home/travis/build/icyphy/ptII/ptolemy/actor/lib/test/auto/ArrayElement.xml (RunModel)" time="0.02" />
  <testcase classname="ptolemy.util.test.junit.AutoTests" name="[16] /home/travis/build/icyphy/ptII/ptolemy/actor/lib/test/auto/ArrayElementAsMatrix.xml (RunModel)" time="0.053" />
  <testcase classname="ptolemy.util.test.junit.AutoTests" name="[17] /home/travis/build/icyphy/ptII/ptolemy/actor/lib/test/auto/ArrayElementI.xml (RunModel)" time="0.037" />
  <testcase classname="ptolemy.util.test.junit.AutoTests" name="[18] /home/travis/build/icyphy/ptII/ptolemy/actor/lib/test/auto/ArrayExtract.xml (RunModel)" time="0.029" />
  <testcase classname="ptolemy.util.test.junit.AutoTests" name="[19] /home/travis/build/icyphy/ptII/ptolemy/actor/lib/test/auto/ArrayExtract2.xml (RunModel)" time="0.014" />
  <testcase classname="ptolemy.util.test.junit.AutoTests" name="[20] /home/travis/build/icyphy/ptII/ptolemy/actor/lib/test/auto/ArrayLength.xml (RunModel)" time="0.027" />
  <testcase classname="ptolemy.util.test.junit.AutoTests" name="[21] /home/travis/build/icyphy/ptII/ptolemy/actor/lib/test/auto/ArrayLevelCrossing.xml (RunModel)" time="0.03" />
  <testcase classname="ptolemy.util.test.junit.AutoTests" name="[22] /home/travis/build/icyphy/ptII/ptolemy/actor/lib/test/auto/ArrayLevelCrossing2.xml (RunModel)" time="0.027" />
  <testcase classname="ptolemy.util.test.junit.AutoTests" name="[23] /home/travis/build/icyphy/ptII/ptolemy/actor/lib/test/auto/ArrayPeakSearch.xml (RunModel)" time="0.039" />
  <testcase classname="ptolemy.util.test.junit.AutoTests" name="[24] /home/travis/build/icyphy/ptII/ptolemy/actor/lib/test/auto/ArrayPeakSearch2.xml (RunModel)" time="0.04" />
  <testcase classname="ptolemy.util.test.junit.AutoTests" name="[25] /home/travis/build/icyphy/ptII/ptolemy/actor/lib/test/auto/ArrayPeakSearch3.xml (RunModel)" time="0.038" />
  <testcase classname="ptolemy.util.test.junit.AutoTests" name="[26] /home/travis/build/icyphy/ptII/ptolemy/actor/lib/test/auto/ArrayRemoveElement.xml (RunModel)" time="0.026" />
  <testcase classname="ptolemy.util.test.junit.AutoTests" name="[27] /home/travis/build/icyphy/ptII/ptolemy/actor/lib/test/auto/ArraySort.xml (RunModel)" time="0.031" />
  <testcase classname="ptolemy.util.test.junit.AutoTests" name="[28] /home/travis/build/icyphy/ptII/ptolemy/actor/lib/test/auto/ArraySum.xml (RunModel)" time="0.016" />
  <testcase classname="ptolemy.util.test.junit.AutoTests" name="[29] /home/travis/build/icyphy/ptII/ptolemy/actor/lib/test/auto/ArrayToElements.xml (RunModel)" time="0.025" />
  <testcase classname="ptolemy.util.test.junit.AutoTests" name="[30] /home/travis/build/icyphy/ptII/ptolemy/actor/lib/test/auto/ArrayToMatrix.xml (RunModel)" time="0.056" />
  <testcase classname="ptolemy.util.test.junit.AutoTests" name="[31] /home/travis/build/icyphy/ptII/ptolemy/actor/lib/test/auto/ArrayUpdate1.xml (RunModel)" time="0.025" />
  <testcase classname="ptolemy.util.test.junit.AutoTests" name="[32] /home/travis/build/icyphy/ptII/ptolemy/actor/lib/test/auto/ArrayUpdate2.xml (RunModel)" time="0.02" />
  <testcase classname="ptolemy.util.test.junit.AutoTests" name="[33] /home/travis/build/icyphy/ptII/ptolemy/actor/lib/test/auto/ArrayUpdate3.xml (RunModel)" time="0.017" />
  <testcase classname="ptolemy.util.test.junit.AutoTests" name="[34] /home/travis/build/icyphy/ptII/ptolemy/actor/lib/test/auto/Assert1.xml (RunModel)" time="0.024" />
  <testcase classname="ptolemy.util.test.junit.AutoTests" name="[35] /home/travis/build/icyphy/ptII/ptolemy/actor/lib/test/auto/Assert2.xml (RunModel)" time="0.013" />
  <testcase classname="ptolemy.util.test.junit.AutoTests" name="[36] /home/travis/build/icyphy/ptII/ptolemy/actor/lib/test/auto/BooleanMultiplexor.xml (RunModel)" time="0.014" />
  <testcase classname="ptolemy.util.test.junit.AutoTests" name="[37] /home/travis/build/icyphy/ptII/ptolemy/actor/lib/test/auto/BooleanMultiplexor2.xml (RunModel)" time="0.025" />
  <testcase classname="ptolemy.util.test.junit.AutoTests" name="[38] /home/travis/build/icyphy/ptII/ptolemy/actor/lib/test/auto/BooleanMultiplexor3.xml (RunModel)" time="0.024" />
  <testcase classname="ptolemy.util.test.junit.AutoTests" name="[39] /home/travis/build/icyphy/ptII/ptolemy/actor/lib/test/auto/BooleanSelect.xml (RunModel)" time="0.05" />
  <testcase classname="ptolemy.util.test.junit.AutoTests" name="[40] /home/travis/build/icyphy/ptII/ptolemy/actor/lib/test/auto/BooleanSelect2.xml (RunModel)" time="0.015" />
  <testcase classname="ptolemy.util.test.junit.AutoTests" name="[41] /home/travis/build/icyphy/ptII/ptolemy/actor/lib/test/auto/BooleanSwitch.xml (RunModel)" time="0.02" />
  <testcase classname="ptolemy.util.test.junit.AutoTests" name="[42] /home/travis/build/icyphy/ptII/ptolemy/actor/lib/test/auto/BooleanSwitch2.xml (RunModel)" time="0.013" />
  <testcase classname="ptolemy.util.test.junit.AutoTests" name="[43] /home/travis/build/icyphy/ptII/ptolemy/actor/lib/test/auto/BooleanSwitchCloningBugWithClassRelationGroup.xml (RunModel)" time="0.025" />
  <testcase classname="ptolemy.util.test.junit.AutoTests" name="[44] /home/travis/build/icyphy/ptII/ptolemy/actor/lib/test/auto/BusActors.xml (RunModel)" time="0.028" />
  <testcase classname="ptolemy.util.test.junit.AutoTests" name="[45] /home/travis/build/icyphy/ptII/ptolemy/actor/lib/test/auto/ClassWrapper.xml (RunModel)" time="0.02" />
  <testcase classname="ptolemy.util.test.junit.AutoTests" name="[46] /home/travis/build/icyphy/ptII/ptolemy/actor/lib/test/auto/Clock.xml (RunModel)" time="0.033" />
  <testcase classname="ptolemy.util.test.junit.AutoTests" name="[47] /home/travis/build/icyphy/ptII/ptolemy/actor/lib/test/auto/Clock10.xml (RunModel)" time="0.017" />
  <testcase classname="ptolemy.util.test.junit.AutoTests" name="[48] /home/travis/build/icyphy/ptII/ptolemy/actor/lib/test/auto/Clock11.xml (RunModel)" time="0.021" />
  <testcase classname="ptolemy.util.test.junit.AutoTests" name="[49] /home/travis/build/icyphy/ptII/ptolemy/actor/lib/test/auto/Clock12.xml (RunModel)" time="0.02" />
  <testcase classname="ptolemy.util.test.junit.AutoTests" name="[50] /home/travis/build/icyphy/ptII/ptolemy/actor/lib/test/auto/Clock13.xml (RunModel)" time="0.018" />
  <testcase classname="ptolemy.util.test.junit.AutoTests" name="[51] /home/travis/build/icyphy/ptII/ptolemy/actor/lib/test/auto/Clock14.xml (RunModel)" time="0.019" />
  <testcase classname="ptolemy.util.test.junit.AutoTests" name="[52] /home/travis/build/icyphy/ptII/ptolemy/actor/lib/test/auto/Clock15.xml (RunModel)" time="0.014" />
  <testcase classname="ptolemy.util.test.junit.AutoTests" name="[53] /home/travis/build/icyphy/ptII/ptolemy/actor/lib/test/auto/Clock16.xml (RunModel)" time="0.096" />
  <testcase classname="ptolemy.util.test.junit.AutoTests" name="[54] /home/travis/build/icyphy/ptII/ptolemy/actor/lib/test/auto/Clock17.xml (RunModel)" time="0.067" />
  <testcase classname="ptolemy.util.test.junit.AutoTests" name="[55] /home/travis/build/icyphy/ptII/ptolemy/actor/lib/test/auto/Clock18.xml (RunModel)" time="0.044" />
  <testcase classname="ptolemy.util.test.junit.AutoTests" name="[56] /home/travis/build/icyphy/ptII/ptolemy/actor/lib/test/auto/Clock19.xml (RunModel)" time="0.034" />
  <testcase classname="ptolemy.util.test.junit.AutoTests" name="[57] /home/travis/build/icyphy/ptII/ptolemy/actor/lib/test/auto/Clock2.xml (RunModel)" time="0.012" />
  <testcase classname="ptolemy.util.test.junit.AutoTests" name="[58] /home/travis/build/icyphy/ptII/ptolemy/actor/lib/test/auto/Clock20.xml (RunModel)" time="0.017" />
  <testcase classname="ptolemy.util.test.junit.AutoTests" name="[59] /home/travis/build/icyphy/ptII/ptolemy/actor/lib/test/auto/Clock21.xml (RunModel)" time="0.014" />
  <testcase classname="ptolemy.util.test.junit.AutoTests" name="[60] /home/travis/build/icyphy/ptII/ptolemy/actor/lib/test/auto/Clock22.xml (RunModel)" time="0.054" />
  <testcase classname="ptolemy.util.test.junit.AutoTests" name="[61] /home/travis/build/icyphy/ptII/ptolemy/actor/lib/test/auto/Clock23.xml (RunModel)" time="0.015" />
  <testcase classname="ptolemy.util.test.junit.AutoTests" name="[62] /home/travis/build/icyphy/ptII/ptolemy/actor/lib/test/auto/Clock24.xml (RunModel)" time="0.017" />
  <testcase classname="ptolemy.util.test.junit.AutoTests" name="[63] /home/travis/build/icyphy/ptII/ptolemy/actor/lib/test/auto/Clock4.xml (RunModel)" time="0.016" />
  <testcase classname="ptolemy.util.test.junit.AutoTests" name="[64] /home/travis/build/icyphy/ptII/ptolemy/actor/lib/test/auto/Clock5.xml (RunModel)" time="0.014" />
  <testcase classname="ptolemy.util.test.junit.AutoTests" name="[65] /home/travis/build/icyphy/ptII/ptolemy/actor/lib/test/auto/Clock6.xml (RunModel)" time="0.013" />
  <testcase classname="ptolemy.util.test.junit.AutoTests" name="[66] /home/travis/build/icyphy/ptII/ptolemy/actor/lib/test/auto/Clock7.xml (RunModel)" time="0.012" />
  <testcase classname="ptolemy.util.test.junit.AutoTests" name="[67] /home/travis/build/icyphy/ptII/ptolemy/actor/lib/test/auto/Clock8.xml (RunModel)" time="0.016" />
  <testcase classname="ptolemy.util.test.junit.AutoTests" name="[68] /home/travis/build/icyphy/ptII/ptolemy/actor/lib/test/auto/Clock9.xml (RunModel)" time="0.02" />
  <testcase classname="ptolemy.util.test.junit.AutoTests" name="[69] /home/travis/build/icyphy/ptII/ptolemy/actor/lib/test/auto/CommDistDiscard.xml (RunModel)" time="0.024" />
  <testcase classname="ptolemy.util.test.junit.AutoTests" name="[70] /home/travis/build/icyphy/ptII/ptolemy/actor/lib/test/auto/Commutator.xml (RunModel)" time="0.019" />
  <testcase classname="ptolemy.util.test.junit.AutoTests" name="[71] /home/travis/build/icyphy/ptII/ptolemy/actor/lib/test/auto/Commutator2.xml (RunModel)" time="0.012" />
  <testcase classname="ptolemy.util.test.junit.AutoTests" name="[72] /home/travis/build/icyphy/ptII/ptolemy/actor/lib/test/auto/Commutator3.xml (RunModel)" time="0.016" />
  <testcase classname="ptolemy.util.test.junit.AutoTests" name="[73] /home/travis/build/icyphy/ptII/ptolemy/actor/lib/test/auto/Compare.xml (RunModel)" time="0.022" />
  <testcase classname="ptolemy.util.test.junit.AutoTests" name="[74] /home/travis/build/icyphy/ptII/ptolemy/actor/lib/test/auto/CompareDE.xml (RunModel)" time="0.02" />
  <testcase classname="ptolemy.util.test.junit.AutoTests" name="[75] /home/travis/build/icyphy/ptII/ptolemy/actor/lib/test/auto/ComplexDivide.xml (RunModel)" time="0.013" />
  <testcase classname="ptolemy.util.test.junit.AutoTests" name="[76] /home/travis/build/icyphy/ptII/ptolemy/actor/lib/test/auto/ComputeHistogram.xml (RunModel)" time="0.071" />
  <testcase classname="ptolemy.util.test.junit.AutoTests" name="[77] /home/travis/build/icyphy/ptII/ptolemy/actor/lib/test/auto/ConfigurationSelect.xml (RunModel)" time="0.022" />
  <testcase classname="ptolemy.util.test.junit.AutoTests" name="[78] /home/travis/build/icyphy/ptII/ptolemy/actor/lib/test/auto/ConfigurationSelect2.xml (RunModel)" time="0.016" />
  <testcase classname="ptolemy.util.test.junit.AutoTests" name="[79] /home/travis/build/icyphy/ptII/ptolemy/actor/lib/test/auto/ConfigurationSwitch.xml (RunModel)" time="0.026" />
  <testcase classname="ptolemy.util.test.junit.AutoTests" name="[80] /home/travis/build/icyphy/ptII/ptolemy/actor/lib/test/auto/ConfigurationSwitch2.xml (RunModel)" time="0.03" />
  <testcase classname="ptolemy.util.test.junit.AutoTests" name="[81] /home/travis/build/icyphy/ptII/ptolemy/actor/lib/test/auto/ConfigurationSwitchCloningBugWithClassRelationGroup.xml (RunModel)" time="0.022" />
  <testcase classname="ptolemy.util.test.junit.AutoTests" name="[82] /home/travis/build/icyphy/ptII/ptolemy/actor/lib/test/auto/ConfigurationSwitchSelectSDF.xml (RunModel)" time="0.018" />
  <testcase classname="ptolemy.util.test.junit.AutoTests" name="[83] /home/travis/build/icyphy/ptII/ptolemy/actor/lib/test/auto/ConfigurationSwitchSelectSDF2.xml (RunModel)" time="0.02" />
  <testcase classname="ptolemy.util.test.junit.AutoTests" name="[84] /home/travis/build/icyphy/ptII/ptolemy/actor/lib/test/auto/Const.xml (RunModel)" time="0.008" />
  <testcase classname="ptolemy.util.test.junit.AutoTests" name="[85] /home/travis/build/icyphy/ptII/ptolemy/actor/lib/test/auto/Const2.xml (RunModel)" time="0.012" />
  <testcase classname="ptolemy.util.test.junit.AutoTests" name="[86] /home/travis/build/icyphy/ptII/ptolemy/actor/lib/test/auto/Const3.xml (RunModel)" time="0.007" />
  <testcase classname="ptolemy.util.test.junit.AutoTests" name="[87] /home/travis/build/icyphy/ptII/ptolemy/actor/lib/test/auto/ConstantPublisherPort1.xml (RunModel)" time="0.026" />
  <testcase classname="ptolemy.util.test.junit.AutoTests" name="[88] /home/travis/build/icyphy/ptII/ptolemy/actor/lib/test/auto/ConstantPublisherPort2.xml (RunModel)" time="0.026" />
  <testcase classname="ptolemy.util.test.junit.AutoTests" name="[89] /home/travis/build/icyphy/ptII/ptolemy/actor/lib/test/auto/ConstantPublisherPort3.xml (RunModel)" time="0.024" />
  <testcase classname="ptolemy.util.test.junit.AutoTests" name="[90] /home/travis/build/icyphy/ptII/ptolemy/actor/lib/test/auto/ConstantPublisherPort4.xml (RunModel)" time="0.018" />
  <testcase classname="ptolemy.util.test.junit.AutoTests" name="[91] /home/travis/build/icyphy/ptII/ptolemy/actor/lib/test/auto/ConstantPublisherPort5.xml (RunModel)" time="0.047" />
  <testcase classname="ptolemy.util.test.junit.AutoTests" name="[92] /home/travis/build/icyphy/ptII/ptolemy/actor/lib/test/auto/ConstantPublisherPort6.xml (RunModel)" time="0.031" />
  <testcase classname="ptolemy.util.test.junit.AutoTests" name="[93] /home/travis/build/icyphy/ptII/ptolemy/actor/lib/test/auto/ConstantPublisherPort7.xml (RunModel)" time="0.035" />
  <testcase classname="ptolemy.util.test.junit.AutoTests" name="[94] /home/travis/build/icyphy/ptII/ptolemy/actor/lib/test/auto/ConstraintMonitor1.xml (RunModel)" time="0.044" />
  <testcase classname="ptolemy.util.test.junit.AutoTests" name="[95] /home/travis/build/icyphy/ptII/ptolemy/actor/lib/test/auto/ConstraintMonitor2.xml (RunModel)" time="0.014" />
  <testcase classname="ptolemy.util.test.junit.AutoTests" name="[96] /home/travis/build/icyphy/ptII/ptolemy/actor/lib/test/auto/ConstraintMonitor3.xml (RunModel)" time="0.018" />
  <testcase classname="ptolemy.util.test.junit.AutoTests" name="[97] /home/travis/build/icyphy/ptII/ptolemy/actor/lib/test/auto/ConstraintMonitor4.xml (RunModel)" time="0.015" />
  <testcase classname="ptolemy.util.test.junit.AutoTests" name="[98] /home/travis/build/icyphy/ptII/ptolemy/actor/lib/test/auto/ConstraintMonitor5.xml (RunModel)" time="0.013" />
  <testcase classname="ptolemy.util.test.junit.AutoTests" name="[99] /home/travis/build/icyphy/ptII/ptolemy/actor/lib/test/auto/ConstraintMonitor6.xml (RunModel)" time="0.016" />
  <testcase classname="ptolemy.util.test.junit.AutoTests" name="[100] /home/travis/build/icyphy/ptII/ptolemy/actor/lib/test/auto/ConstraintMonitor7.xml (RunModel)" time="0.028" />
  <testcase classname="ptolemy.util.test.junit.AutoTests" name="[101] /home/travis/build/icyphy/ptII/ptolemy/actor/lib/test/auto/ConstraintMonitor8.xml (RunModel)" time="0.021" />
  <testcase classname="ptolemy.util.test.junit.AutoTests" name="[102] /home/travis/build/icyphy/ptII/ptolemy/actor/lib/test/auto/Counter.xml (RunModel)" time="0.018" />
  <testcase classname="ptolemy.util.test.junit.AutoTests" name="[103] /home/travis/build/icyphy/ptII/ptolemy/actor/lib/test/auto/CurrentTimeSDF.xml (RunModel)" time="0.01" />
  <testcase classname="ptolemy.util.test.junit.AutoTests" name="[104] /home/travis/build/icyphy/ptII/ptolemy/actor/lib/test/auto/DB.xml (RunModel)" time="0.014" />
  <testcase classname="ptolemy.util.test.junit.AutoTests" name="[105] /home/travis/build/icyphy/ptII/ptolemy/actor/lib/test/auto/DBDE.xml (RunModel)" time="0.014" />
  <testcase classname="ptolemy.util.test.junit.AutoTests" name="[106] /home/travis/build/icyphy/ptII/ptolemy/actor/lib/test/auto/DateConstructor.xml (RunModel)" time="0.072" />
  <testcase classname="ptolemy.util.test.junit.AutoTests" name="[107] /home/travis/build/icyphy/ptII/ptolemy/actor/lib/test/auto/DelayTime.xml (RunModel)" time="0.017" />
  <testcase classname="ptolemy.util.test.junit.AutoTests" name="[108] /home/travis/build/icyphy/ptII/ptolemy/actor/lib/test/auto/Dictionary1.xml (RunModel)" time="0.023" />
  <testcase classname="ptolemy.util.test.junit.AutoTests" name="[109] /home/travis/build/icyphy/ptII/ptolemy/actor/lib/test/auto/Dictionary2.xml (RunModel)" time="0.016" />
  <testcase classname="ptolemy.util.test.junit.AutoTests" name="[110] /home/travis/build/icyphy/ptII/ptolemy/actor/lib/test/auto/Dictionary3.xml (RunModel)" time="0.015" />
  <testcase classname="ptolemy.util.test.junit.AutoTests" name="[111] /home/travis/build/icyphy/ptII/ptolemy/actor/lib/test/auto/Dictionary4.xml (RunModel)" time="0.018" />
  <testcase classname="ptolemy.util.test.junit.AutoTests" name="[112] /home/travis/build/icyphy/ptII/ptolemy/actor/lib/test/auto/Differential.xml (RunModel)" time="0.011" />
  <testcase classname="ptolemy.util.test.junit.AutoTests" name="[113] /home/travis/build/icyphy/ptII/ptolemy/actor/lib/test/auto/Director.xml (RunModel)" time="0.011" />
  <testcase classname="ptolemy.util.test.junit.AutoTests" name="[114] /home/travis/build/icyphy/ptII/ptolemy/actor/lib/test/auto/DiscreteClock.xml (RunModel)" time="0.007" />
  <testcase classname="ptolemy.util.test.junit.AutoTests" name="[115] /home/travis/build/icyphy/ptII/ptolemy/actor/lib/test/auto/DiscreteClock10.xml (RunModel)" time="0.013" />
  <testcase classname="ptolemy.util.test.junit.AutoTests" name="[116] /home/travis/build/icyphy/ptII/ptolemy/actor/lib/test/auto/DiscreteClock11.xml (RunModel)" time="0.011" />
  <testcase classname="ptolemy.util.test.junit.AutoTests" name="[117] /home/travis/build/icyphy/ptII/ptolemy/actor/lib/test/auto/DiscreteClock12.xml (RunModel)" time="0.013" />
  <testcase classname="ptolemy.util.test.junit.AutoTests" name="[118] /home/travis/build/icyphy/ptII/ptolemy/actor/lib/test/auto/DiscreteClock13.xml (RunModel)" time="0.014" />
  <testcase classname="ptolemy.util.test.junit.AutoTests" name="[119] /home/travis/build/icyphy/ptII/ptolemy/actor/lib/test/auto/DiscreteClock14.xml (RunModel)" time="0.013" />
  <testcase classname="ptolemy.util.test.junit.AutoTests" name="[120] /home/travis/build/icyphy/ptII/ptolemy/actor/lib/test/auto/DiscreteClock15.xml (RunModel)" time="0.014" />
  <testcase classname="ptolemy.util.test.junit.AutoTests" name="[121] /home/travis/build/icyphy/ptII/ptolemy/actor/lib/test/auto/DiscreteClock16.xml (RunModel)" time="0.041" />
  <testcase classname="ptolemy.util.test.junit.AutoTests" name="[122] /home/travis/build/icyphy/ptII/ptolemy/actor/lib/test/auto/DiscreteClock17.xml (RunModel)" time="0.041" />
  <testcase classname="ptolemy.util.test.junit.AutoTests" name="[123] /home/travis/build/icyphy/ptII/ptolemy/actor/lib/test/auto/DiscreteClock18.xml (RunModel)" time="0.042" />
  <testcase classname="ptolemy.util.test.junit.AutoTests" name="[124] /home/travis/build/icyphy/ptII/ptolemy/actor/lib/test/auto/DiscreteClock19.xml (RunModel)" time="0.042" />
  <testcase classname="ptolemy.util.test.junit.AutoTests" name="[125] /home/travis/build/icyphy/ptII/ptolemy/actor/lib/test/auto/DiscreteClock2.xml (RunModel)" time="0.01" />
  <testcase classname="ptolemy.util.test.junit.AutoTests" name="[126] /home/travis/build/icyphy/ptII/ptolemy/actor/lib/test/auto/DiscreteClock20.xml (RunModel)" time="0.019" />
  <testcase classname="ptolemy.util.test.junit.AutoTests" name="[127] /home/travis/build/icyphy/ptII/ptolemy/actor/lib/test/auto/DiscreteClock21.xml (RunModel)" time="0.019" />
  <testcase classname="ptolemy.util.test.junit.AutoTests" name="[128] /home/travis/build/icyphy/ptII/ptolemy/actor/lib/test/auto/DiscreteClock22.xml (RunModel)" time="0.018" />
  <testcase classname="ptolemy.util.test.junit.AutoTests" name="[129] /home/travis/build/icyphy/ptII/ptolemy/actor/lib/test/auto/DiscreteClock23.xml (RunModel)" time="0.02" />
  <testcase classname="ptolemy.util.test.junit.AutoTests" name="[130] /home/travis/build/icyphy/ptII/ptolemy/actor/lib/test/auto/DiscreteClock24.xml (RunModel)" time="0.015" />
  <testcase classname="ptolemy.util.test.junit.AutoTests" name="[131] /home/travis/build/icyphy/ptII/ptolemy/actor/lib/test/auto/DiscreteClock4.xml (RunModel)" time="0.017" />
  <testcase classname="ptolemy.util.test.junit.AutoTests" name="[132] /home/travis/build/icyphy/ptII/ptolemy/actor/lib/test/auto/DiscreteClock5.xml (RunModel)" time="0.013" />
  <testcase classname="ptolemy.util.test.junit.AutoTests" name="[133] /home/travis/build/icyphy/ptII/ptolemy/actor/lib/test/auto/DiscreteClock6.xml (RunModel)" time="0.012" />
  <testcase classname="ptolemy.util.test.junit.AutoTests" name="[134] /home/travis/build/icyphy/ptII/ptolemy/actor/lib/test/auto/DiscreteClock7.xml (RunModel)" time="0.011" />
  <testcase classname="ptolemy.util.test.junit.AutoTests" name="[135] /home/travis/build/icyphy/ptII/ptolemy/actor/lib/test/auto/DiscreteClock8.xml (RunModel)" time="0.022" />
  <testcase classname="ptolemy.util.test.junit.AutoTests" name="[136] /home/travis/build/icyphy/ptII/ptolemy/actor/lib/test/auto/DiscreteClock9.xml (RunModel)" time="0.013" />
  <testcase classname="ptolemy.util.test.junit.AutoTests" name="[137] /home/travis/build/icyphy/ptII/ptolemy/actor/lib/test/auto/DisplayArray.xml (RunModel)" time="0.008" />
  <testcase classname="ptolemy.util.test.junit.AutoTests" name="[138] /home/travis/build/icyphy/ptII/ptolemy/actor/lib/test/auto/Distributor.xml (RunModel)" time="0.01" />
  <testcase classname="ptolemy.util.test.junit.AutoTests" name="[139] /home/travis/build/icyphy/ptII/ptolemy/actor/lib/test/auto/Distributor2.xml (RunModel)" time="0.01" />
  <testcase classname="ptolemy.util.test.junit.AutoTests" name="[140] /home/travis/build/icyphy/ptII/ptolemy/actor/lib/test/auto/DownSample.xml (RunModel)" time="0.012" />
  <testcase classname="ptolemy.util.test.junit.AutoTests" name="[141] /home/travis/build/icyphy/ptII/ptolemy/actor/lib/test/auto/ElectronicUnitBase1.xml (RunModel)" time="0.055" />
  <testcase classname="ptolemy.util.test.junit.AutoTests" name="[142] /home/travis/build/icyphy/ptII/ptolemy/actor/lib/test/auto/ElementsToArray.xml (RunModel)" time="0.011" />
  <testcase classname="ptolemy.util.test.junit.AutoTests" name="[143] /home/travis/build/icyphy/ptII/ptolemy/actor/lib/test/auto/Equals.xml (RunModel)" time="0.016" />
  <testcase classname="ptolemy.util.test.junit.AutoTests" name="[144] /home/travis/build/icyphy/ptII/ptolemy/actor/lib/test/auto/Exec.xml (RunModel)" time="0.033" />
  <testcase classname="ptolemy.util.test.junit.AutoTests" name="[145] /home/travis/build/icyphy/ptII/ptolemy/actor/lib/test/auto/ExecEnvironment.xml (RunModel)" time="0.033" />
  <testcase classname="ptolemy.util.test.junit.AutoTests" name="[146] /home/travis/build/icyphy/ptII/ptolemy/actor/lib/test/auto/ExecNonZeroReturnOutput.xml (RunModel)" time="0.193" />
  <testcase classname="ptolemy.util.test.junit.AutoTests" name="[147] /home/travis/build/icyphy/ptII/ptolemy/actor/lib/test/auto/ExecRunDemos.xml (RunModel)" time="10.109" />
  <testcase classname="ptolemy.util.test.junit.AutoTests" name="[148] /home/travis/build/icyphy/ptII/ptolemy/actor/lib/test/auto/ExecStop.xml (RunModel)" time="5.03" />
  <testcase classname="ptolemy.util.test.junit.AutoTests" name="[149] /home/travis/build/icyphy/ptII/ptolemy/actor/lib/test/auto/ExecutionTimeSDF.xml (RunModel)" time="6.024" />
  <testcase classname="ptolemy.util.test.junit.AutoTests" name="[150] /home/travis/build/icyphy/ptII/ptolemy/actor/lib/test/auto/Expression1.xml (RunModel)" time="0.008" />
  <testcase classname="ptolemy.util.test.junit.AutoTests" name="[151] /home/travis/build/icyphy/ptII/ptolemy/actor/lib/test/auto/Expression10.xml (RunModel)" time="0.013" />
  <testcase classname="ptolemy.util.test.junit.AutoTests" name="[152] /home/travis/build/icyphy/ptII/ptolemy/actor/lib/test/auto/Expression11.xml (RunModel)" time="0.022" />
  <testcase classname="ptolemy.util.test.junit.AutoTests" name="[153] /home/travis/build/icyphy/ptII/ptolemy/actor/lib/test/auto/Expression12.xml (RunModel)" time="0.012" />
  <testcase classname="ptolemy.util.test.junit.AutoTests" name="[154] /home/travis/build/icyphy/ptII/ptolemy/actor/lib/test/auto/Expression13.xml (RunModel)" time="0.011" />
  <testcase classname="ptolemy.util.test.junit.AutoTests" name="[155] /home/travis/build/icyphy/ptII/ptolemy/actor/lib/test/auto/Expression14.xml (RunModel)" time="0.015" />
  <testcase classname="ptolemy.util.test.junit.AutoTests" name="[156] /home/travis/build/icyphy/ptII/ptolemy/actor/lib/test/auto/Expression15.xml (RunModel)" time="0.005" />
  <testcase classname="ptolemy.util.test.junit.AutoTests" name="[157] /home/travis/build/icyphy/ptII/ptolemy/actor/lib/test/auto/Expression16.xml (RunModel)" time="0.01" />
  <testcase classname="ptolemy.util.test.junit.AutoTests" name="[158] /home/travis/build/icyphy/ptII/ptolemy/actor/lib/test/auto/Expression17.xml (RunModel)" time="0.01" />
  <testcase classname="ptolemy.util.test.junit.AutoTests" name="[159] /home/travis/build/icyphy/ptII/ptolemy/actor/lib/test/auto/Expression18.xml (RunModel)" time="0.011" />
  <testcase classname="ptolemy.util.test.junit.AutoTests" name="[160] /home/travis/build/icyphy/ptII/ptolemy/actor/lib/test/auto/Expression2.xml (RunModel)" time="0.01" />
  <testcase classname="ptolemy.util.test.junit.AutoTests" name="[161] /home/travis/build/icyphy/ptII/ptolemy/actor/lib/test/auto/Expression3.xml (RunModel)" time="0.011" />
  <testcase classname="ptolemy.util.test.junit.AutoTests" name="[162] /home/travis/build/icyphy/ptII/ptolemy/actor/lib/test/auto/Expression4.xml (RunModel)" time="0.015" />
  <testcase classname="ptolemy.util.test.junit.AutoTests" name="[163] /home/travis/build/icyphy/ptII/ptolemy/actor/lib/test/auto/Expression5.xml (RunModel)" time="0.011" />
  <testcase classname="ptolemy.util.test.junit.AutoTests" name="[164] /home/travis/build/icyphy/ptII/ptolemy/actor/lib/test/auto/Expression6.xml (RunModel)" time="0.007" />
  <testcase classname="ptolemy.util.test.junit.AutoTests" name="[165] /home/travis/build/icyphy/ptII/ptolemy/actor/lib/test/auto/Expression7.xml (RunModel)" time="0.008" />
  <testcase classname="ptolemy.util.test.junit.AutoTests" name="[166] /home/travis/build/icyphy/ptII/ptolemy/actor/lib/test/auto/Expression8.xml (RunModel)" time="0.015" />
  <testcase classname="ptolemy.util.test.junit.AutoTests" name="[167] /home/travis/build/icyphy/ptII/ptolemy/actor/lib/test/auto/Expression9.xml (RunModel)" time="0.006" />
  <testcase classname="ptolemy.util.test.junit.AutoTests" name="[168] /home/travis/build/icyphy/ptII/ptolemy/actor/lib/test/auto/ExpressionConcatenateArrayType.xml (RunModel)" time="0.025" />
  <testcase classname="ptolemy.util.test.junit.AutoTests" name="[169] /home/travis/build/icyphy/ptII/ptolemy/actor/lib/test/auto/ExpressionConcatenateArrayType2.xml (RunModel)" time="0.019" />
  <testcase classname="ptolemy.util.test.junit.AutoTests" name="[170] /home/travis/build/icyphy/ptII/ptolemy/actor/lib/test/auto/ExpressionFix.xml (RunModel)" time="0.036" />
  <testcase classname="ptolemy.util.test.junit.AutoTests" name="[171] /home/travis/build/icyphy/ptII/ptolemy/actor/lib/test/auto/ExpressionFix2.xml (RunModel)" time="0.014" />
  <testcase classname="ptolemy.util.test.junit.AutoTests" name="[172] /home/travis/build/icyphy/ptII/ptolemy/actor/lib/test/auto/ExpressionFix3.xml (RunModel)" time="0.01" />
  <testcase classname="ptolemy.util.test.junit.AutoTests" name="[173] /home/travis/build/icyphy/ptII/ptolemy/actor/lib/test/auto/FileWriter1.xml (RunModel)" time="0.008" />
  <testcase classname="ptolemy.util.test.junit.AutoTests" name="[174] /home/travis/build/icyphy/ptII/ptolemy/actor/lib/test/auto/FileWriter2.xml (RunModel)" time="0.01" />
  <testcase classname="ptolemy.util.test.junit.AutoTests" name="[175] /home/travis/build/icyphy/ptII/ptolemy/actor/lib/test/auto/FileWriter3.xml (RunModel)" time="0.013" />
  <testcase classname="ptolemy.util.test.junit.AutoTests" name="[176] /home/travis/build/icyphy/ptII/ptolemy/actor/lib/test/auto/Gaussian.xml (RunModel)" time="0.013" />
  <testcase classname="ptolemy.util.test.junit.AutoTests" name="[177] /home/travis/build/icyphy/ptII/ptolemy/actor/lib/test/auto/Gaussian1.xml (RunModel)" time="0.019" />
  <testcase classname="ptolemy.util.test.junit.AutoTests" name="[178] /home/travis/build/icyphy/ptII/ptolemy/actor/lib/test/auto/Gaussian2.xml (RunModel)" time="0.018" />
  <testcase classname="ptolemy.util.test.junit.AutoTests" name="[179] /home/travis/build/icyphy/ptII/ptolemy/actor/lib/test/auto/GradientAdaptiveLattice.xml (RunModel)" time="0.015" />
  <testcase classname="ptolemy.util.test.junit.AutoTests" name="[180] /home/travis/build/icyphy/ptII/ptolemy/actor/lib/test/auto/IIR.xml (RunModel)" time="0.009" />
  <testcase classname="ptolemy.util.test.junit.AutoTests" name="[181] /home/travis/build/icyphy/ptII/ptolemy/actor/lib/test/auto/InputOutputTransparentPorts.xml (RunModel)" time="0.015" />
  <testcase classname="ptolemy.util.test.junit.AutoTests" name="[182] /home/travis/build/icyphy/ptII/ptolemy/actor/lib/test/auto/Interpolator.xml (RunModel)" time="0.009" />
  <testcase classname="ptolemy.util.test.junit.AutoTests" name="[183] /home/travis/build/icyphy/ptII/ptolemy/actor/lib/test/auto/InterpolatorFiringLimitDE.xml (RunModel)" time="0.012" />
  <testcase classname="ptolemy.util.test.junit.AutoTests" name="[184] /home/travis/build/icyphy/ptII/ptolemy/actor/lib/test/auto/Lattice.xml (RunModel)" time="0.045" />
  <testcase classname="ptolemy.util.test.junit.AutoTests" name="[185] /home/travis/build/icyphy/ptII/ptolemy/actor/lib/test/auto/LazyAOCTestLazy.xml (RunModel)" time="0.016" />
  <testcase classname="ptolemy.util.test.junit.AutoTests" name="[186] /home/travis/build/icyphy/ptII/ptolemy/actor/lib/test/auto/LazyAOCTestNonLazy.xml (RunModel)" time="0.051" />
  <testcase classname="ptolemy.util.test.junit.AutoTests" name="[187] /home/travis/build/icyphy/ptII/ptolemy/actor/lib/test/auto/LazyInnerClass.xml (RunModel)" time="0.051" />
  <testcase classname="ptolemy.util.test.junit.AutoTests" name="[188] /home/travis/build/icyphy/ptII/ptolemy/actor/lib/test/auto/LazyPubSub.xml (RunModel)" time="0.035" />
  <testcase classname="ptolemy.util.test.junit.AutoTests" name="[189] /home/travis/build/icyphy/ptII/ptolemy/actor/lib/test/auto/LazyPubSub2.xml (RunModel)" time="0.038" />
  <testcase classname="ptolemy.util.test.junit.AutoTests" name="[190] /home/travis/build/icyphy/ptII/ptolemy/actor/lib/test/auto/LazyPubSub3.xml (RunModel)" time="0.023" />
  <testcase classname="ptolemy.util.test.junit.AutoTests" name="[191] /home/travis/build/icyphy/ptII/ptolemy/actor/lib/test/auto/LazySubClassModel.xml (RunModel)" time="0.023" />
  <testcase classname="ptolemy.util.test.junit.AutoTests" name="[192] /home/travis/build/icyphy/ptII/ptolemy/actor/lib/test/auto/LevelCrossTest1.xml (RunModel)" time="0.009" />
  <testcase classname="ptolemy.util.test.junit.AutoTests" name="[193] /home/travis/build/icyphy/ptII/ptolemy/actor/lib/test/auto/LevelCrossTest10.xml (RunModel)" time="0.013" />
  <testcase classname="ptolemy.util.test.junit.AutoTests" name="[194] /home/travis/build/icyphy/ptII/ptolemy/actor/lib/test/auto/LevelCrossTest11.xml (RunModel)" time="0.017" />
  <testcase classname="ptolemy.util.test.junit.AutoTests" name="[195] /home/travis/build/icyphy/ptII/ptolemy/actor/lib/test/auto/LevelCrossTest12.xml (RunModel)" time="0.015" />
  <testcase classname="ptolemy.util.test.junit.AutoTests" name="[196] /home/travis/build/icyphy/ptII/ptolemy/actor/lib/test/auto/LevelCrossTest13.xml (RunModel)" time="0.013" />
  <testcase classname="ptolemy.util.test.junit.AutoTests" name="[197] /home/travis/build/icyphy/ptII/ptolemy/actor/lib/test/auto/LevelCrossTest2.xml (RunModel)" time="0.013" />
  <testcase classname="ptolemy.util.test.junit.AutoTests" name="[198] /home/travis/build/icyphy/ptII/ptolemy/actor/lib/test/auto/LevelCrossTest3.xml (RunModel)" time="0.01" />
  <testcase classname="ptolemy.util.test.junit.AutoTests" name="[199] /home/travis/build/icyphy/ptII/ptolemy/actor/lib/test/auto/LevelCrossTest4.xml (RunModel)" time="0.011" />
  <testcase classname="ptolemy.util.test.junit.AutoTests" name="[200] /home/travis/build/icyphy/ptII/ptolemy/actor/lib/test/auto/LevelCrossTest5.xml (RunModel)" time="0.011" />
  <testcase classname="ptolemy.util.test.junit.AutoTests" name="[201] /home/travis/build/icyphy/ptII/ptolemy/actor/lib/test/auto/LevelCrossTest6.xml (RunModel)" time="0.012" />
  <testcase classname="ptolemy.util.test.junit.AutoTests" name="[202] /home/travis/build/icyphy/ptII/ptolemy/actor/lib/test/auto/LevelCrossTest7.xml (RunModel)" time="0.018" />
  <testcase classname="ptolemy.util.test.junit.AutoTests" name="[203] /home/travis/build/icyphy/ptII/ptolemy/actor/lib/test/auto/LevelCrossTest8.xml (RunModel)" time="0.012" />
  <testcase classname="ptolemy.util.test.junit.AutoTests" name="[204] /home/travis/build/icyphy/ptII/ptolemy/actor/lib/test/auto/LevelCrossTest9.xml (RunModel)" time="0.013" />
  <testcase classname="ptolemy.util.test.junit.AutoTests" name="[205] /home/travis/build/icyphy/ptII/ptolemy/actor/lib/test/auto/LevinsonDurbin.xml (RunModel)" time="0.008" />
  <testcase classname="ptolemy.util.test.junit.AutoTests" name="[206] /home/travis/build/icyphy/ptII/ptolemy/actor/lib/test/auto/LevinsonDurbin2.xml (RunModel)" time="0.008" />
  <testcase classname="ptolemy.util.test.junit.AutoTests" name="[207] /home/travis/build/icyphy/ptII/ptolemy/actor/lib/test/auto/LevinsonDurbin3.xml (RunModel)" time="0.012" />
  <testcase classname="ptolemy.util.test.junit.AutoTests" name="[208] /home/travis/build/icyphy/ptII/ptolemy/actor/lib/test/auto/Limiter.xml (RunModel)" time="0.046" />
  <testcase classname="ptolemy.util.test.junit.AutoTests" name="[209] /home/travis/build/icyphy/ptII/ptolemy/actor/lib/test/auto/LinearDifferenceEquationSystem.xml (RunModel)" time="0.021" />
  <testcase classname="ptolemy.util.test.junit.AutoTests" name="[210] /home/travis/build/icyphy/ptII/ptolemy/actor/lib/test/auto/LookupTable.xml (RunModel)" time="0.009" />
  <testcase classname="ptolemy.util.test.junit.AutoTests" name="[211] /home/travis/build/icyphy/ptII/ptolemy/actor/lib/test/auto/MathFunction.xml (RunModel)" time="0.015" />
  <testcase classname="ptolemy.util.test.junit.AutoTests" name="[212] /home/travis/build/icyphy/ptII/ptolemy/actor/lib/test/auto/MathFunction2.xml (RunModel)" time="0.012" />
  <testcase classname="ptolemy.util.test.junit.AutoTests" name="[213] /home/travis/build/icyphy/ptII/ptolemy/actor/lib/test/auto/MathFunction3.xml (RunModel)" time="0.014" />
  <testcase classname="ptolemy.util.test.junit.AutoTests" name="[214] /home/travis/build/icyphy/ptII/ptolemy/actor/lib/test/auto/MatrixCropBoolean.xml (RunModel)" time="0.011" />
  <testcase classname="ptolemy.util.test.junit.AutoTests" name="[215] /home/travis/build/icyphy/ptII/ptolemy/actor/lib/test/auto/MatrixCropComplex.xml (RunModel)" time="0.008" />
  <testcase classname="ptolemy.util.test.junit.AutoTests" name="[216] /home/travis/build/icyphy/ptII/ptolemy/actor/lib/test/auto/MatrixCropDouble.xml (RunModel)" time="0.009" />
  <testcase classname="ptolemy.util.test.junit.AutoTests" name="[217] /home/travis/build/icyphy/ptII/ptolemy/actor/lib/test/auto/MatrixCropFix.xml (RunModel)" time="0.011" />
  <testcase classname="ptolemy.util.test.junit.AutoTests" name="[218] /home/travis/build/icyphy/ptII/ptolemy/actor/lib/test/auto/MatrixCropInt.xml (RunModel)" time="0.008" />
  <testcase classname="ptolemy.util.test.junit.AutoTests" name="[219] /home/travis/build/icyphy/ptII/ptolemy/actor/lib/test/auto/MatrixCropLong.xml (RunModel)" time="0.008" />
  <testcase classname="ptolemy.util.test.junit.AutoTests" name="[220] /home/travis/build/icyphy/ptII/ptolemy/actor/lib/test/auto/MatrixToArray.xml (RunModel)" time="0.047" />
  <testcase classname="ptolemy.util.test.junit.AutoTests" name="[221] /home/travis/build/icyphy/ptII/ptolemy/actor/lib/test/auto/MaxIndex.xml (RunModel)" time="0.02" />
  <testcase classname="ptolemy.util.test.junit.AutoTests" name="[222] /home/travis/build/icyphy/ptII/ptolemy/actor/lib/test/auto/Maximum.xml (RunModel)" time="0.016" />
  <testcase classname="ptolemy.util.test.junit.AutoTests" name="[223] /home/travis/build/icyphy/ptII/ptolemy/actor/lib/test/auto/MaximumComplex.xml (RunModel)" time="0.016" />
  <testcase classname="ptolemy.util.test.junit.AutoTests" name="[224] /home/travis/build/icyphy/ptII/ptolemy/actor/lib/test/auto/MethodCallTest.xml (RunModel)" time="0.022" />
  <testcase classname="ptolemy.util.test.junit.AutoTests" name="[225] /home/travis/build/icyphy/ptII/ptolemy/actor/lib/test/auto/Minimum.xml (RunModel)" time="0.012" />
  <testcase classname="ptolemy.util.test.junit.AutoTests" name="[226] /home/travis/build/icyphy/ptII/ptolemy/actor/lib/test/auto/MinimumComplex.xml (RunModel)" time="0.019" />
  <testcase classname="ptolemy.util.test.junit.AutoTests" name="[227] /home/travis/build/icyphy/ptII/ptolemy/actor/lib/test/auto/MinimumMultiports.xml (RunModel)" time="0.013" />
  <testcase classname="ptolemy.util.test.junit.AutoTests" name="[228] /home/travis/build/icyphy/ptII/ptolemy/actor/lib/test/auto/ModifyDate.xml (RunModel)" time="0.067" />
  <testcase classname="ptolemy.util.test.junit.AutoTests" name="[229] /home/travis/build/icyphy/ptII/ptolemy/actor/lib/test/auto/ModifyDate2.xml (RunModel)" time="0.034" />
  <testcase classname="ptolemy.util.test.junit.AutoTests" name="[230] /home/travis/build/icyphy/ptII/ptolemy/actor/lib/test/auto/MovingAverage.xml (RunModel)" time="0.012" />
  <testcase classname="ptolemy.util.test.junit.AutoTests" name="[231] /home/travis/build/icyphy/ptII/ptolemy/actor/lib/test/auto/MovingMaximum.xml (RunModel)" time="0.01" />
  <testcase classname="ptolemy.util.test.junit.AutoTests" name="[232] /home/travis/build/icyphy/ptII/ptolemy/actor/lib/test/auto/MultipleLinksToSameRelation.xml (RunModel)" time="0.006" />
  <testcase classname="ptolemy.util.test.junit.AutoTests" name="[233] /home/travis/build/icyphy/ptII/ptolemy/actor/lib/test/auto/MultipleLinksToSameRelationDE.xml (RunModel)" time="0.008" />
  <testcase classname="ptolemy.util.test.junit.AutoTests" name="[234] /home/travis/build/icyphy/ptII/ptolemy/actor/lib/test/auto/Multiplexor.xml (RunModel)" time="0.009" />
  <testcase classname="ptolemy.util.test.junit.AutoTests" name="[235] /home/travis/build/icyphy/ptII/ptolemy/actor/lib/test/auto/Multiplexor1.xml (RunModel)" time="0.009" />
  <testcase classname="ptolemy.util.test.junit.AutoTests" name="[236] /home/travis/build/icyphy/ptII/ptolemy/actor/lib/test/auto/Multiplexor2.xml (RunModel)" time="0.011" />
  <testcase classname="ptolemy.util.test.junit.AutoTests" name="[237] /home/travis/build/icyphy/ptII/ptolemy/actor/lib/test/auto/Multiplexor3.xml (RunModel)" time="0.007" />
  <testcase classname="ptolemy.util.test.junit.AutoTests" name="[238] /home/travis/build/icyphy/ptII/ptolemy/actor/lib/test/auto/MultiplexorDE.xml (RunModel)" time="0.018" />
  <testcase classname="ptolemy.util.test.junit.AutoTests" name="[239] /home/travis/build/icyphy/ptII/ptolemy/actor/lib/test/auto/MultiportBroadcastTest.xml (RunModel)" time="0.089" />
  <testcase classname="ptolemy.util.test.junit.AutoTests" name="[240] /home/travis/build/icyphy/ptII/ptolemy/actor/lib/test/auto/MultiportOutHangDuringGetWidth.xml (RunModel)" time="0.036" />
  <testcase classname="ptolemy.util.test.junit.AutoTests" name="[241] /home/travis/build/icyphy/ptII/ptolemy/actor/lib/test/auto/NilToken.xml (RunModel)" time="0.011" />
  <testcase classname="ptolemy.util.test.junit.AutoTests" name="[242] /home/travis/build/icyphy/ptII/ptolemy/actor/lib/test/auto/NilTokenNonStrictTest.xml (RunModel)" time="0.008" />
  <testcase classname="ptolemy.util.test.junit.AutoTests" name="[243] /home/travis/build/icyphy/ptII/ptolemy/actor/lib/test/auto/NilTokenRecord.xml (RunModel)" time="0.019" />
  <testcase classname="ptolemy.util.test.junit.AutoTests" name="[244] /home/travis/build/icyphy/ptII/ptolemy/actor/lib/test/auto/NilTokenTypeTest.xml (RunModel)" time="0.021" />
  <testcase classname="ptolemy.util.test.junit.AutoTests" name="[245] /home/travis/build/icyphy/ptII/ptolemy/actor/lib/test/auto/ObjectToken1.xml (RunModel)" time="0.007" />
  <testcase classname="ptolemy.util.test.junit.AutoTests" name="[246] /home/travis/build/icyphy/ptII/ptolemy/actor/lib/test/auto/OrderedMerge.xml (RunModel)" time="0.016" />
  <testcase classname="ptolemy.util.test.junit.AutoTests" name="[247] /home/travis/build/icyphy/ptII/ptolemy/actor/lib/test/auto/OrderedRecordDisassembler.xml (RunModel)" time="0.012" />
  <testcase classname="ptolemy.util.test.junit.AutoTests" name="[248] /home/travis/build/icyphy/ptII/ptolemy/actor/lib/test/auto/OrderedRecordDisassembler2.xml (RunModel)" time="0.015" />
  <testcase classname="ptolemy.util.test.junit.AutoTests" name="[249] /home/travis/build/icyphy/ptII/ptolemy/actor/lib/test/auto/OrderedRecordUpdater.xml (RunModel)" time="0.011" />
  <testcase classname="ptolemy.util.test.junit.AutoTests" name="[250] /home/travis/build/icyphy/ptII/ptolemy/actor/lib/test/auto/OrderedRecordUpdater2.xml (RunModel)" time="0.015" />
  <testcase classname="ptolemy.util.test.junit.AutoTests" name="[251] /home/travis/build/icyphy/ptII/ptolemy/actor/lib/test/auto/PhaseUnwrap.xml (RunModel)" time="0.01" />
  <testcase classname="ptolemy.util.test.junit.AutoTests" name="[252] /home/travis/build/icyphy/ptII/ptolemy/actor/lib/test/auto/PoissonClock.xml (RunModel)" time="0.009" />
  <testcase classname="ptolemy.util.test.junit.AutoTests" name="[253] /home/travis/build/icyphy/ptII/ptolemy/actor/lib/test/auto/PoissonClock2.xml (RunModel)" time="0.005" />
  <testcase classname="ptolemy.util.test.junit.AutoTests" name="[254] /home/travis/build/icyphy/ptII/ptolemy/actor/lib/test/auto/PoissonClock3.xml (RunModel)" time="0.02" />
  <testcase classname="ptolemy.util.test.junit.AutoTests" name="[255] /home/travis/build/icyphy/ptII/ptolemy/actor/lib/test/auto/PubSubWithInitialTokens.xml (RunModel)" time="0.014" />
  <testcase classname="ptolemy.util.test.junit.AutoTests" name="[256] /home/travis/build/icyphy/ptII/ptolemy/actor/lib/test/auto/PubSubWithInitialTokens2.xml (RunModel)" time="0.01" />
  <testcase classname="ptolemy.util.test.junit.AutoTests" name="[257] /home/travis/build/icyphy/ptII/ptolemy/actor/lib/test/auto/PublisherClassNoParameter.xml (RunModel)" time="0.021" />
  <testcase classname="ptolemy.util.test.junit.AutoTests" name="[258] /home/travis/build/icyphy/ptII/ptolemy/actor/lib/test/auto/PublisherClassParameter.xml (RunModel)" time="0.018" />
  <testcase classname="ptolemy.util.test.junit.AutoTests" name="[259] /home/travis/build/icyphy/ptII/ptolemy/actor/lib/test/auto/PublisherNonStrictTest.xml (RunModel)" time="0.014" />
  <testcase classname="ptolemy.util.test.junit.AutoTests" name="[260] /home/travis/build/icyphy/ptII/ptolemy/actor/lib/test/auto/PublisherPort1.xml (RunModel)" time="0.008" />
  <testcase classname="ptolemy.util.test.junit.AutoTests" name="[261] /home/travis/build/icyphy/ptII/ptolemy/actor/lib/test/auto/PublisherPort2.xml (RunModel)" time="0.009" />
  <testcase classname="ptolemy.util.test.junit.AutoTests" name="[262] /home/travis/build/icyphy/ptII/ptolemy/actor/lib/test/auto/PublisherPort3.xml (RunModel)" time="0.019" />
  <testcase classname="ptolemy.util.test.junit.AutoTests" name="[263] /home/travis/build/icyphy/ptII/ptolemy/actor/lib/test/auto/PublisherPort4.xml (RunModel)" time="0.023" />
  <testcase classname="ptolemy.util.test.junit.AutoTests" name="[264] /home/travis/build/icyphy/ptII/ptolemy/actor/lib/test/auto/PublisherPort5.xml (RunModel)" time="0.012" />
  <testcase classname="ptolemy.util.test.junit.AutoTests" name="[265] /home/travis/build/icyphy/ptII/ptolemy/actor/lib/test/auto/PublisherPort5LookAlike.xml (RunModel)" time="0.015" />
  <testcase classname="ptolemy.util.test.junit.AutoTests" name="[266] /home/travis/build/icyphy/ptII/ptolemy/actor/lib/test/auto/PublisherPort6.xml (RunModel)" time="0.009" />
  <testcase classname="ptolemy.util.test.junit.AutoTests" name="[267] /home/travis/build/icyphy/ptII/ptolemy/actor/lib/test/auto/PublisherPort7.xml (RunModel)" time="0.013" />
  <testcase classname="ptolemy.util.test.junit.AutoTests" name="[268] /home/travis/build/icyphy/ptII/ptolemy/actor/lib/test/auto/PublisherPort8.xml (RunModel)" time="0.013" />
  <testcase classname="ptolemy.util.test.junit.AutoTests" name="[269] /home/travis/build/icyphy/ptII/ptolemy/actor/lib/test/auto/PublisherPortSubscriberChannelVariablesAOC2.xml (RunModel)" time="0.03" />
  <testcase classname="ptolemy.util.test.junit.AutoTests" name="[270] /home/travis/build/icyphy/ptII/ptolemy/actor/lib/test/auto/PublisherPortSubscriberOpaqueWidthInference.xml (RunModel)" time="0.012" />
  <testcase classname="ptolemy.util.test.junit.AutoTests" name="[271] /home/travis/build/icyphy/ptII/ptolemy/actor/lib/test/auto/PublisherPortSubscriberPortAdjacent.xml (RunModel)" time="0.015" />
  <testcase classname="ptolemy.util.test.junit.AutoTests" name="[272] /home/travis/build/icyphy/ptII/ptolemy/actor/lib/test/auto/PublisherPortSubscriberPortExpression.xml (RunModel)" time="0.021" />
  <testcase classname="ptolemy.util.test.junit.AutoTests" name="[273] /home/travis/build/icyphy/ptII/ptolemy/actor/lib/test/auto/PublisherPortSubscriberPortOpaqueD3Reverse.xml (RunModel)" time="0.033" />
  <testcase classname="ptolemy.util.test.junit.AutoTests" name="[274] /home/travis/build/icyphy/ptII/ptolemy/actor/lib/test/auto/PublisherPortSubscriberPortOpaqueWidthInference.xml (RunModel)" time="0.012" />
  <testcase classname="ptolemy.util.test.junit.AutoTests" name="[275] /home/travis/build/icyphy/ptII/ptolemy/actor/lib/test/auto/PublisherPortToplevelSubscriberPortAOC.xml (RunModel)" time="0.018" />
  <testcase classname="ptolemy.util.test.junit.AutoTests" name="[276] /home/travis/build/icyphy/ptII/ptolemy/actor/lib/test/auto/PublisherSubscriber.xml (RunModel)" time="0.012" />
  <testcase classname="ptolemy.util.test.junit.AutoTests" name="[277] /home/travis/build/icyphy/ptII/ptolemy/actor/lib/test/auto/PublisherSubscriber10.xml (RunModel)" time="0.02" />
  <testcase classname="ptolemy.util.test.junit.AutoTests" name="[278] /home/travis/build/icyphy/ptII/ptolemy/actor/lib/test/auto/PublisherSubscriber10InitialOutputs.xml (RunModel)" time="0.025" />
  <testcase classname="ptolemy.util.test.junit.AutoTests" name="[279] /home/travis/build/icyphy/ptII/ptolemy/actor/lib/test/auto/PublisherSubscriber11.xml (RunModel)" time="0.012" />
  <testcase classname="ptolemy.util.test.junit.AutoTests" name="[280] /home/travis/build/icyphy/ptII/ptolemy/actor/lib/test/auto/PublisherSubscriber12.xml (RunModel)" time="0.011" />
  <testcase classname="ptolemy.util.test.junit.AutoTests" name="[281] /home/travis/build/icyphy/ptII/ptolemy/actor/lib/test/auto/PublisherSubscriber13.xml (RunModel)" time="0.009" />
  <testcase classname="ptolemy.util.test.junit.AutoTests" name="[282] /home/travis/build/icyphy/ptII/ptolemy/actor/lib/test/auto/PublisherSubscriber14.xml (RunModel)" time="0.017" />
  <testcase classname="ptolemy.util.test.junit.AutoTests" name="[283] /home/travis/build/icyphy/ptII/ptolemy/actor/lib/test/auto/PublisherSubscriber2.xml (RunModel)" time="0.008" />
  <testcase classname="ptolemy.util.test.junit.AutoTests" name="[284] /home/travis/build/icyphy/ptII/ptolemy/actor/lib/test/auto/PublisherSubscriber3.xml (RunModel)" time="0.008" />
  <testcase classname="ptolemy.util.test.junit.AutoTests" name="[285] /home/travis/build/icyphy/ptII/ptolemy/actor/lib/test/auto/PublisherSubscriber4.xml (RunModel)" time="0.007" />
  <testcase classname="ptolemy.util.test.junit.AutoTests" name="[286] /home/travis/build/icyphy/ptII/ptolemy/actor/lib/test/auto/PublisherSubscriber5.xml (RunModel)" time="0.009" />
  <testcase classname="ptolemy.util.test.junit.AutoTests" name="[287] /home/travis/build/icyphy/ptII/ptolemy/actor/lib/test/auto/PublisherSubscriber6.xml (RunModel)" time="0.012" />
  <testcase classname="ptolemy.util.test.junit.AutoTests" name="[288] /home/travis/build/icyphy/ptII/ptolemy/actor/lib/test/auto/PublisherSubscriber7.xml (RunModel)" time="0.018" />
  <testcase classname="ptolemy.util.test.junit.AutoTests" name="[289] /home/travis/build/icyphy/ptII/ptolemy/actor/lib/test/auto/PublisherSubscriber8.xml (RunModel)" time="0.029" />
  <testcase classname="ptolemy.util.test.junit.AutoTests" name="[290] /home/travis/build/icyphy/ptII/ptolemy/actor/lib/test/auto/PublisherSubscriber9.xml (RunModel)" time="0.016" />
  <testcase classname="ptolemy.util.test.junit.AutoTests" name="[291] /home/travis/build/icyphy/ptII/ptolemy/actor/lib/test/auto/PublisherSubscriberAdjacent.xml (RunModel)" time="0.013" />
  <testcase classname="ptolemy.util.test.junit.AutoTests" name="[292] /home/travis/build/icyphy/ptII/ptolemy/actor/lib/test/auto/PublisherSubscriberChannelVariablesAOC2.xml (RunModel)" time="0.025" />
  <testcase classname="ptolemy.util.test.junit.AutoTests" name="[293] /home/travis/build/icyphy/ptII/ptolemy/actor/lib/test/auto/PublisherSubscriberD3.xml (RunModel)" time="0.01" />
  <testcase classname="ptolemy.util.test.junit.AutoTests" name="[294] /home/travis/build/icyphy/ptII/ptolemy/actor/lib/test/auto/PublisherSubscriberD3Reverse.xml (RunModel)" time="0.009" />
  <testcase classname="ptolemy.util.test.junit.AutoTests" name="[295] /home/travis/build/icyphy/ptII/ptolemy/actor/lib/test/auto/PublisherSubscriberExpression.xml (RunModel)" time="0.014" />
  <testcase classname="ptolemy.util.test.junit.AutoTests" name="[296] /home/travis/build/icyphy/ptII/ptolemy/actor/lib/test/auto/PublisherSubscriberOpaque.xml (RunModel)" time="0.013" />
  <testcase classname="ptolemy.util.test.junit.AutoTests" name="[297] /home/travis/build/icyphy/ptII/ptolemy/actor/lib/test/auto/PublisherSubscriberOpaqueD3.xml (RunModel)" time="0.019" />
  <testcase classname="ptolemy.util.test.junit.AutoTests" name="[298] /home/travis/build/icyphy/ptII/ptolemy/actor/lib/test/auto/PublisherSubscriberOpaqueD3Reverse.xml (RunModel)" time="0.018" />
  <testcase classname="ptolemy.util.test.junit.AutoTests" name="[299] /home/travis/build/icyphy/ptII/ptolemy/actor/lib/test/auto/PublisherSubscriberOpaqueWidthInference.xml (RunModel)" time="0.014" />
  <testcase classname="ptolemy.util.test.junit.AutoTests" name="[300] /home/travis/build/icyphy/ptII/ptolemy/actor/lib/test/auto/PublisherTestSubscriber.xml (RunModel)" time="0.013" />
  <testcase classname="ptolemy.util.test.junit.AutoTests" name="[301] /home/travis/build/icyphy/ptII/ptolemy/actor/lib/test/auto/PublisherToplevelSubscriberPortAOC.xml (RunModel)" time="0.008" />
  <testcase classname="ptolemy.util.test.junit.AutoTests" name="[302] /home/travis/build/icyphy/ptII/ptolemy/actor/lib/test/auto/PulseFiringLimitDE.xml (RunModel)" time="0.012" />
  <testcase classname="ptolemy.util.test.junit.AutoTests" name="[303] /home/travis/build/icyphy/ptII/ptolemy/actor/lib/test/auto/Ramp1.xml (RunModel)" time="0.005" />
  <testcase classname="ptolemy.util.test.junit.AutoTests" name="[304] /home/travis/build/icyphy/ptII/ptolemy/actor/lib/test/auto/RampFiringLimitDE.xml (RunModel)" time="0.008" />
  <testcase classname="ptolemy.util.test.junit.AutoTests" name="[305] /home/travis/build/icyphy/ptII/ptolemy/actor/lib/test/auto/RampFiringLimitSDF.xml (RunModel)" time="0.007" />
  <testcase classname="ptolemy.util.test.junit.AutoTests" name="[306] /home/travis/build/icyphy/ptII/ptolemy/actor/lib/test/auto/RandomInteger.xml (RunModel)" time="0.006" />
  <testcase classname="ptolemy.util.test.junit.AutoTests" name="[307] /home/travis/build/icyphy/ptII/ptolemy/actor/lib/test/auto/ReadFile1.xml (RunModel)" time="0.006" />
  <testcase classname="ptolemy.util.test.junit.AutoTests" name="[308] /home/travis/build/icyphy/ptII/ptolemy/actor/lib/test/auto/ReadFile2.xml (RunModel)" time="0.006" />
  <testcase classname="ptolemy.util.test.junit.AutoTests" name="[309] /home/travis/build/icyphy/ptII/ptolemy/actor/lib/test/auto/Reader.xml (RunModel)" time="0.007" />
  <testcase classname="ptolemy.util.test.junit.AutoTests" name="[310] /home/travis/build/icyphy/ptII/ptolemy/actor/lib/test/auto/RecordAssemblerDisplayNameTest.xml (RunModel)" time="3.421" />
  <testcase classname="ptolemy.util.test.junit.AutoTests" name="[311] /home/travis/build/icyphy/ptII/ptolemy/actor/lib/test/auto/RecordAssemblerTypeError.xml (RunModel)" time="0.036" />
  <testcase classname="ptolemy.util.test.junit.AutoTests" name="[312] /home/travis/build/icyphy/ptII/ptolemy/actor/lib/test/auto/RecordDisassember.xml (RunModel)" time="0.011" />
  <testcase classname="ptolemy.util.test.junit.AutoTests" name="[313] /home/travis/build/icyphy/ptII/ptolemy/actor/lib/test/auto/RecordDisassemberDisplayNameTest.xml (RunModel)" time="0.016" />
  <testcase classname="ptolemy.util.test.junit.AutoTests" name="[314] /home/travis/build/icyphy/ptII/ptolemy/actor/lib/test/auto/RecordDisassembler.xml (RunModel)" time="0.009" />
  <testcase classname="ptolemy.util.test.junit.AutoTests" name="[315] /home/travis/build/icyphy/ptII/ptolemy/actor/lib/test/auto/RecordDisassembler2.xml (RunModel)" time="0.008" />
  <testcase classname="ptolemy.util.test.junit.AutoTests" name="[316] /home/travis/build/icyphy/ptII/ptolemy/actor/lib/test/auto/RecordUpdater.xml (RunModel)" time="0.007" />
  <testcase classname="ptolemy.util.test.junit.AutoTests" name="[317] /home/travis/build/icyphy/ptII/ptolemy/actor/lib/test/auto/RecordUpdater2.xml (RunModel)" time="0.007" />
  <testcase classname="ptolemy.util.test.junit.AutoTests" name="[318] /home/travis/build/icyphy/ptII/ptolemy/actor/lib/test/auto/RecursiveLattice.xml (RunModel)" time="0.006" />
  <testcase classname="ptolemy.util.test.junit.AutoTests" name="[319] /home/travis/build/icyphy/ptII/ptolemy/actor/lib/test/auto/Router.xml (RunModel)" time="3.022" />
  <testcase classname="ptolemy.util.test.junit.AutoTests" name="[320] /home/travis/build/icyphy/ptII/ptolemy/actor/lib/test/auto/Router2.xml (RunModel)" time="3.034" />
  <testcase classname="ptolemy.util.test.junit.AutoTests" name="[321] /home/travis/build/icyphy/ptII/ptolemy/actor/lib/test/auto/RunningMaximum.xml (RunModel)" time="0.018" />
  <testcase classname="ptolemy.util.test.junit.AutoTests" name="[322] /home/travis/build/icyphy/ptII/ptolemy/actor/lib/test/auto/RunningMinimum.xml (RunModel)" time="0.017" />
  <testcase classname="ptolemy.util.test.junit.AutoTests" name="[323] /home/travis/build/icyphy/ptII/ptolemy/actor/lib/test/auto/Scale.xml (RunModel)" time="0.023" />
  <testcase classname="ptolemy.util.test.junit.AutoTests" name="[324] /home/travis/build/icyphy/ptII/ptolemy/actor/lib/test/auto/Scale2.xml (RunModel)" time="0.009" />
  <testcase classname="ptolemy.util.test.junit.AutoTests" name="[325] /home/travis/build/icyphy/ptII/ptolemy/actor/lib/test/auto/Scale3.xml (RunModel)" time="0.011" />
  <testcase classname="ptolemy.util.test.junit.AutoTests" name="[326] /home/travis/build/icyphy/ptII/ptolemy/actor/lib/test/auto/ScaleArray.xml (RunModel)" time="0.005" />
  <testcase classname="ptolemy.util.test.junit.AutoTests" name="[327] /home/travis/build/icyphy/ptII/ptolemy/actor/lib/test/auto/ScaleArray2.xml (RunModel)" time="0.006" />
  <testcase classname="ptolemy.util.test.junit.AutoTests" name="[328] /home/travis/build/icyphy/ptII/ptolemy/actor/lib/test/auto/ScaleMatrix.xml (RunModel)" time="0.143" />
  <testcase classname="ptolemy.util.test.junit.AutoTests" name="[329] /home/travis/build/icyphy/ptII/ptolemy/actor/lib/test/auto/Select.xml (RunModel)" time="0.013" />
  <testcase classname="ptolemy.util.test.junit.AutoTests" name="[330] /home/travis/build/icyphy/ptII/ptolemy/actor/lib/test/auto/Select2.xml (RunModel)" time="0.007" />
  <testcase classname="ptolemy.util.test.junit.AutoTests" name="[331] /home/travis/build/icyphy/ptII/ptolemy/actor/lib/test/auto/SequenceToArray2.xml (RunModel)" time="0.144" />
  <testcase classname="ptolemy.util.test.junit.AutoTests" name="[332] /home/travis/build/icyphy/ptII/ptolemy/actor/lib/test/auto/SequentialClock.xml (RunModel)" time="0.009" />
  <testcase classname="ptolemy.util.test.junit.AutoTests" name="[333] /home/travis/build/icyphy/ptII/ptolemy/actor/lib/test/auto/SetVariable.xml (RunModel)" time="0.011" />
  <testcase classname="ptolemy.util.test.junit.AutoTests" name="[334] /home/travis/build/icyphy/ptII/ptolemy/actor/lib/test/auto/SetVariable2.xml (RunModel)" time="0.007" />
  <testcase classname="ptolemy.util.test.junit.AutoTests" name="[335] /home/travis/build/icyphy/ptII/ptolemy/actor/lib/test/auto/SetVariable3.xml (RunModel)" time="0.012" />
  <testcase classname="ptolemy.util.test.junit.AutoTests" name="[336] /home/travis/build/icyphy/ptII/ptolemy/actor/lib/test/auto/SetVariable4.xml (RunModel)" time="0.02" />
  <testcase classname="ptolemy.util.test.junit.AutoTests" name="[337] /home/travis/build/icyphy/ptII/ptolemy/actor/lib/test/auto/SetVariable5.xml (RunModel)" time="0.033" />
  <testcase classname="ptolemy.util.test.junit.AutoTests" name="[338] /home/travis/build/icyphy/ptII/ptolemy/actor/lib/test/auto/Sinewave.xml (RunModel)" time="0.029" />
  <testcase classname="ptolemy.util.test.junit.AutoTests" name="[339] /home/travis/build/icyphy/ptII/ptolemy/actor/lib/test/auto/Sinewave2.xml (RunModel)" time="0.015" />
  <testcase classname="ptolemy.util.test.junit.AutoTests" name="[340] /home/travis/build/icyphy/ptII/ptolemy/actor/lib/test/auto/Sinewave3.xml (RunModel)" time="0.019" />
  <testcase classname="ptolemy.util.test.junit.AutoTests" name="[341] /home/travis/build/icyphy/ptII/ptolemy/actor/lib/test/auto/SingleEvent.xml (RunModel)" time="0.006" />
  <testcase classname="ptolemy.util.test.junit.AutoTests" name="[342] /home/travis/build/icyphy/ptII/ptolemy/actor/lib/test/auto/Sleep.xml (RunModel)" time="6.013" />
  <testcase classname="ptolemy.util.test.junit.AutoTests" name="[343] /home/travis/build/icyphy/ptII/ptolemy/actor/lib/test/auto/SleepMultipleFire.xml (RunModel)" time="1.015" />
  <testcase classname="ptolemy.util.test.junit.AutoTests" name="[344] /home/travis/build/icyphy/ptII/ptolemy/actor/lib/test/auto/StopDE.xml (RunModel)" time="0.013" />
  <testcase classname="ptolemy.util.test.junit.AutoTests" name="[345] /home/travis/build/icyphy/ptII/ptolemy/actor/lib/test/auto/StopSDF.xml (RunModel)" time="0.009" />
  <testcase classname="ptolemy.util.test.junit.AutoTests" name="[346] /home/travis/build/icyphy/ptII/ptolemy/actor/lib/test/auto/StringConstant.xml (RunModel)" time="0.014" />
  <testcase classname="ptolemy.util.test.junit.AutoTests" name="[347] /home/travis/build/icyphy/ptII/ptolemy/actor/lib/test/auto/SubscriberPortInitialValues1.xml (RunModel)" time="0.021" />
  <testcase classname="ptolemy.util.test.junit.AutoTests" name="[348] /home/travis/build/icyphy/ptII/ptolemy/actor/lib/test/auto/SubscriberPortInitialValues13.xml (RunModel)" time="0.024" />
  <testcase classname="ptolemy.util.test.junit.AutoTests" name="[349] /home/travis/build/icyphy/ptII/ptolemy/actor/lib/test/auto/SubscriberPortInitialValues14.xml (RunModel)" time="0.012" />
  <testcase classname="ptolemy.util.test.junit.AutoTests" name="[350] /home/travis/build/icyphy/ptII/ptolemy/actor/lib/test/auto/SubscriberPortInitialValues2.xml (RunModel)" time="0.014" />
  <testcase classname="ptolemy.util.test.junit.AutoTests" name="[351] /home/travis/build/icyphy/ptII/ptolemy/actor/lib/test/auto/SubscriberPortInitialValues3.xml (RunModel)" time="0.053" />
  <testcase classname="ptolemy.util.test.junit.AutoTests" name="[352] /home/travis/build/icyphy/ptII/ptolemy/actor/lib/test/auto/SubscriptionAggregator.xml (RunModel)" time="0.013" />
  <testcase classname="ptolemy.util.test.junit.AutoTests" name="[353] /home/travis/build/icyphy/ptII/ptolemy/actor/lib/test/auto/SubscriptionAggregator2.xml (RunModel)" time="0.01" />
  <testcase classname="ptolemy.util.test.junit.AutoTests" name="[354] /home/travis/build/icyphy/ptII/ptolemy/actor/lib/test/auto/SubscriptionAggregator3.xml (RunModel)" time="0.014" />
  <testcase classname="ptolemy.util.test.junit.AutoTests" name="[355] /home/travis/build/icyphy/ptII/ptolemy/actor/lib/test/auto/SubscriptionAggregatorMultiply.xml (RunModel)" time="0.013" />
  <testcase classname="ptolemy.util.test.junit.AutoTests" name="[356] /home/travis/build/icyphy/ptII/ptolemy/actor/lib/test/auto/SubscriptionAggregatorPortMultiply1.xml (RunModel)" time="0.011" />
  <testcase classname="ptolemy.util.test.junit.AutoTests" name="[357] /home/travis/build/icyphy/ptII/ptolemy/actor/lib/test/auto/Switch.xml (RunModel)" time="0.015" />
  <testcase classname="ptolemy.util.test.junit.AutoTests" name="[358] /home/travis/build/icyphy/ptII/ptolemy/actor/lib/test/auto/Switch2.xml (RunModel)" time="0.01" />
  <testcase classname="ptolemy.util.test.junit.AutoTests" name="[359] /home/travis/build/icyphy/ptII/ptolemy/actor/lib/test/auto/SwitchDE.xml (RunModel)" time="0.011" />
  <testcase classname="ptolemy.util.test.junit.AutoTests" name="[360] /home/travis/build/icyphy/ptII/ptolemy/actor/lib/test/auto/SynchronizerDE.xml (RunModel)" time="0.017" />
  <testcase classname="ptolemy.util.test.junit.AutoTests" name="[361] /home/travis/build/icyphy/ptII/ptolemy/actor/lib/test/auto/Test.xml (RunModel)" time="0.016" />
  <testcase classname="ptolemy.util.test.junit.AutoTests" name="[362] /home/travis/build/icyphy/ptII/ptolemy/actor/lib/test/auto/TestExceptionAttribute1.xml (RunModel)" time="0.006" />
  <testcase classname="ptolemy.util.test.junit.AutoTests" name="[363] /home/travis/build/icyphy/ptII/ptolemy/actor/lib/test/auto/TestExceptionAttribute2.xml (RunModel)" time="0.007" />
  <testcase classname="ptolemy.util.test.junit.AutoTests" name="[364] /home/travis/build/icyphy/ptII/ptolemy/actor/lib/test/auto/TestExceptionAttribute3.xml (RunModel)" time="0.009" />
  <testcase classname="ptolemy.util.test.junit.AutoTests" name="[365] /home/travis/build/icyphy/ptII/ptolemy/actor/lib/test/auto/TestExceptionAttribute4.xml (RunModel)" time="0.006" />
  <testcase classname="ptolemy.util.test.junit.AutoTests" name="[366] /home/travis/build/icyphy/ptII/ptolemy/actor/lib/test/auto/TestExceptionHandler1.xml (RunModel)" time="0.006" />
  <testcase classname="ptolemy.util.test.junit.AutoTests" name="[367] /home/travis/build/icyphy/ptII/ptolemy/actor/lib/test/auto/TestExceptionHandler2.xml (RunModel)" time="0.008" />
  <testcase classname="ptolemy.util.test.junit.AutoTests" name="[368] /home/travis/build/icyphy/ptII/ptolemy/actor/lib/test/auto/TestExceptionHandler3.xml (RunModel)" time="0.005" />
  <testcase classname="ptolemy.util.test.junit.AutoTests" name="[369] /home/travis/build/icyphy/ptII/ptolemy/actor/lib/test/auto/TestExceptionHandler4.xml (RunModel)" time="0.005" />
  <testcase classname="ptolemy.util.test.junit.AutoTests" name="[370] /home/travis/build/icyphy/ptII/ptolemy/actor/lib/test/auto/TestRequireCorrectOrder.xml (RunModel)" time="0.008" />
  <testcase classname="ptolemy.util.test.junit.AutoTests" name="[371] /home/travis/build/icyphy/ptII/ptolemy/actor/lib/test/auto/TestSimple.xml (RunModel)" time="0.005" />
  <testcase classname="ptolemy.util.test.junit.AutoTests" name="[372] /home/travis/build/icyphy/ptII/ptolemy/actor/lib/test/auto/ThrowModelError.xml (RunModel)" time="0.01" />
  <testcase classname="ptolemy.util.test.junit.AutoTests" name="[373] /home/travis/build/icyphy/ptII/ptolemy/actor/lib/test/auto/TimeDelayMicrosteps.xml (RunModel)" time="0.01" />
  <testcase classname="ptolemy.util.test.junit.AutoTests" name="[374] /home/travis/build/icyphy/ptII/ptolemy/actor/lib/test/auto/TimeDelayMicrosteps2.xml (RunModel)" time="0.012" />
  <testcase classname="ptolemy.util.test.junit.AutoTests" name="[375] /home/travis/build/icyphy/ptII/ptolemy/actor/lib/test/auto/TimeDelayMicrosteps3.xml (RunModel)" time="0.01" />
  <testcase classname="ptolemy.util.test.junit.AutoTests" name="[376] /home/travis/build/icyphy/ptII/ptolemy/actor/lib/test/auto/TimeDelayVariableMicrosteps.xml (RunModel)" time="0.011" />
  <testcase classname="ptolemy.util.test.junit.AutoTests" name="[377] /home/travis/build/icyphy/ptII/ptolemy/actor/lib/test/auto/TimeGap.xml (RunModel)" time="0.017" />
  <testcase classname="ptolemy.util.test.junit.AutoTests" name="[378] /home/travis/build/icyphy/ptII/ptolemy/actor/lib/test/auto/TimeGap2.xml (RunModel)" time="0.01" />
  <testcase classname="ptolemy.util.test.junit.AutoTests" name="[379] /home/travis/build/icyphy/ptII/ptolemy/actor/lib/test/auto/TimedSinewave.xml (RunModel)" time="0.044" />
  <testcase classname="ptolemy.util.test.junit.AutoTests" name="[380] /home/travis/build/icyphy/ptII/ptolemy/actor/lib/test/auto/TimedSinewavePhase.xml (RunModel)" time="0.036" />
  <testcase classname="ptolemy.util.test.junit.AutoTests" name="[381] /home/travis/build/icyphy/ptII/ptolemy/actor/lib/test/auto/Timer.xml (RunModel)" time="0.016" />
  <testcase classname="ptolemy.util.test.junit.AutoTests" name="[382] /home/travis/build/icyphy/ptII/ptolemy/actor/lib/test/auto/TriangularDistTestModel.xml (RunModel)" time="0.016" />
  <testcase classname="ptolemy.util.test.junit.AutoTests" name="[383] /home/travis/build/icyphy/ptII/ptolemy/actor/lib/test/auto/TrigFunction.xml (RunModel)" time="0.007" />
  <testcase classname="ptolemy.util.test.junit.AutoTests" name="[384] /home/travis/build/icyphy/ptII/ptolemy/actor/lib/test/auto/TrigFunctionDE.xml (RunModel)" time="0.009" />
  <testcase classname="ptolemy.util.test.junit.AutoTests" name="[385] /home/travis/build/icyphy/ptII/ptolemy/actor/lib/test/auto/TrigFunctionInverse.xml (RunModel)" time="0.008" />
  <testcase classname="ptolemy.util.test.junit.AutoTests" name="[386] /home/travis/build/icyphy/ptII/ptolemy/actor/lib/test/auto/TrigFunctionTan.xml (RunModel)" time="0.006" />
  <testcase classname="ptolemy.util.test.junit.AutoTests" name="[387] /home/travis/build/icyphy/ptII/ptolemy/actor/lib/test/auto/TriggeredClock.xml (RunModel)" time="0.008" />
  <testcase classname="ptolemy.util.test.junit.AutoTests" name="[388] /home/travis/build/icyphy/ptII/ptolemy/actor/lib/test/auto/URLDirectoryReader.xml (RunModel)" time="0.107" />
  <testcase classname="ptolemy.util.test.junit.AutoTests" name="[389] /home/travis/build/icyphy/ptII/ptolemy/actor/lib/test/auto/URLDirectoryReader3.xml (RunModel)" time="1.766" />
  <testcase classname="ptolemy.util.test.junit.AutoTests" name="[390] /home/travis/build/icyphy/ptII/ptolemy/actor/lib/test/auto/UnaryMathFunction.xml (RunModel)" time="0.031" />
  <testcase classname="ptolemy.util.test.junit.AutoTests" name="[391] /home/travis/build/icyphy/ptII/ptolemy/actor/lib/test/auto/Uniform.xml (RunModel)" time="0.01" />
  <testcase classname="ptolemy.util.test.junit.AutoTests" name="[392] /home/travis/build/icyphy/ptII/ptolemy/actor/lib/test/auto/UnionDisassemblerTest.xml (RunModel)" time="0.014" />
  <testcase classname="ptolemy.util.test.junit.AutoTests" name="[393] /home/travis/build/icyphy/ptII/ptolemy/actor/lib/test/auto/UtilityFunctions.xml (RunModel)" time="0.006" />
  <testcase classname="ptolemy.util.test.junit.AutoTests" name="[394] /home/travis/build/icyphy/ptII/ptolemy/actor/lib/test/auto/VariableSleep.xml (RunModel)" time="0.511" />
  <testcase classname="ptolemy.util.test.junit.AutoTests" name="[395] /home/travis/build/icyphy/ptII/ptolemy/actor/lib/test/auto/VectorAssemblerDisassemblerCT.xml (RunModel)" time="0.1" />
  <testcase classname="ptolemy.util.test.junit.AutoTests" name="[396] /home/travis/build/icyphy/ptII/ptolemy/actor/lib/test/auto/VectorAssemblerDisassemblerDE.xml (RunModel)" time="0.012" />
  <testcase classname="ptolemy.util.test.junit.AutoTests" name="[397] /home/travis/build/icyphy/ptII/ptolemy/actor/lib/test/auto/VectorAssemblerDisassemblerSDF.xml (RunModel)" time="0.009" />
  <testcase classname="ptolemy.util.test.junit.AutoTests" name="[398] /home/travis/build/icyphy/ptII/ptolemy/actor/lib/test/auto/WallClockTime.xml (RunModel)" time="1.011" />
  <testcase classname="ptolemy.util.test.junit.AutoTests" name="[399] /home/travis/build/icyphy/ptII/ptolemy/actor/lib/test/auto/WidthTestWithSubscriberPublisher.xml (RunModel)" time="0.036" />
  <testcase classname="ptolemy.util.test.junit.AutoTests" name="[400] /home/travis/build/icyphy/ptII/ptolemy/actor/lib/test/auto/WidthTestWithSubscriberPublisher2.xml (RunModel)" time="0.015" />
  <testcase classname="ptolemy.util.test.junit.AutoTests" name="[401] /home/travis/build/icyphy/ptII/ptolemy/actor/lib/test/auto/WidthTestWithSubscriberPublisher3.xml (RunModel)" time="0.01" />
  <testcase classname="ptolemy.util.test.junit.AutoTests" name="[402] /home/travis/build/icyphy/ptII/ptolemy/actor/lib/test/auto/Writer.xml (RunModel)" time="0.007" />
  <testcase classname="ptolemy.util.test.junit.AutoTests" name="[403] /home/travis/build/icyphy/ptII/ptolemy/actor/lib/test/auto/array.xml (RunModel)" time="0.008" />
  <testcase classname="ptolemy.util.test.junit.AutoTests" name="[404] /home/travis/build/icyphy/ptII/ptolemy/actor/lib/test/auto/array2.xml (RunModel)" time="0.013" />
  <testcase classname="ptolemy.util.test.junit.AutoTests" name="[405] /home/travis/build/icyphy/ptII/ptolemy/actor/lib/test/auto/arrayType.xml (RunModel)" time="0.01" />
  <testcase classname="ptolemy.util.test.junit.AutoTests" name="[406] /home/travis/build/icyphy/ptII/ptolemy/actor/lib/test/auto/arrayType10.xml (RunModel)" time="0.007" />
  <testcase classname="ptolemy.util.test.junit.AutoTests" name="[407] /home/travis/build/icyphy/ptII/ptolemy/actor/lib/test/auto/arrayType11.xml (RunModel)" time="0.009" />
  <testcase classname="ptolemy.util.test.junit.AutoTests" name="[408] /home/travis/build/icyphy/ptII/ptolemy/actor/lib/test/auto/arrayType12.xml (RunModel)" time="0.01" />
  <testcase classname="ptolemy.util.test.junit.AutoTests" name="[409] /home/travis/build/icyphy/ptII/ptolemy/actor/lib/test/auto/arrayType13.xml (RunModel)" time="0.008" />
  <testcase classname="ptolemy.util.test.junit.AutoTests" name="[410] /home/travis/build/icyphy/ptII/ptolemy/actor/lib/test/auto/arrayType14.xml (RunModel)" time="0.008" />
  <testcase classname="ptolemy.util.test.junit.AutoTests" name="[411] /home/travis/build/icyphy/ptII/ptolemy/actor/lib/test/auto/arrayType15.xml (RunModel)" time="0.008" />
  <testcase classname="ptolemy.util.test.junit.AutoTests" name="[412] /home/travis/build/icyphy/ptII/ptolemy/actor/lib/test/auto/arrayType16.xml (RunModel)" time="0.007" />
  <testcase classname="ptolemy.util.test.junit.AutoTests" name="[413] /home/travis/build/icyphy/ptII/ptolemy/actor/lib/test/auto/arrayType17.xml (RunModel)" time="0.007" />
  <testcase classname="ptolemy.util.test.junit.AutoTests" name="[414] /home/travis/build/icyphy/ptII/ptolemy/actor/lib/test/auto/arrayType18.xml (RunModel)" time="0.007" />
  <testcase classname="ptolemy.util.test.junit.AutoTests" name="[415] /home/travis/build/icyphy/ptII/ptolemy/actor/lib/test/auto/arrayType19.xml (RunModel)" time="0.006" />
  <testcase classname="ptolemy.util.test.junit.AutoTests" name="[416] /home/travis/build/icyphy/ptII/ptolemy/actor/lib/test/auto/arrayType2.xml (RunModel)" time="0.007" />
  <testcase classname="ptolemy.util.test.junit.AutoTests" name="[417] /home/travis/build/icyphy/ptII/ptolemy/actor/lib/test/auto/arrayType20.xml (RunModel)" time="0.007" />
  <testcase classname="ptolemy.util.test.junit.AutoTests" name="[418] /home/travis/build/icyphy/ptII/ptolemy/actor/lib/test/auto/arrayType21.xml (RunModel)" time="0.006" />
  <testcase classname="ptolemy.util.test.junit.AutoTests" name="[419] /home/travis/build/icyphy/ptII/ptolemy/actor/lib/test/auto/arrayType22.xml (RunModel)" time="0.007" />
  <testcase classname="ptolemy.util.test.junit.AutoTests" name="[420] /home/travis/build/icyphy/ptII/ptolemy/actor/lib/test/auto/arrayType23.xml (RunModel)" time="0.006" />
  <testcase classname="ptolemy.util.test.junit.AutoTests" name="[421] /home/travis/build/icyphy/ptII/ptolemy/actor/lib/test/auto/arrayType24.xml (RunModel)" time="0.007" />
  <testcase classname="ptolemy.util.test.junit.AutoTests" name="[422] /home/travis/build/icyphy/ptII/ptolemy/actor/lib/test/auto/arrayType25.xml (RunModel)" time="0.007" />
  <testcase classname="ptolemy.util.test.junit.AutoTests" name="[423] /home/travis/build/icyphy/ptII/ptolemy/actor/lib/test/auto/arrayType26.xml (RunModel)" time="0.007" />
  <testcase classname="ptolemy.util.test.junit.AutoTests" name="[424] /home/travis/build/icyphy/ptII/ptolemy/actor/lib/test/auto/arrayType27.xml (RunModel)" time="0.007" />
  <testcase classname="ptolemy.util.test.junit.AutoTests" name="[425] /home/travis/build/icyphy/ptII/ptolemy/actor/lib/test/auto/arrayType28.xml (RunModel)" time="0.006" />
  <testcase classname="ptolemy.util.test.junit.AutoTests" name="[426] /home/travis/build/icyphy/ptII/ptolemy/actor/lib/test/auto/arrayType3.xml (RunModel)" time="0.007" />
  <testcase classname="ptolemy.util.test.junit.AutoTests" name="[427] /home/travis/build/icyphy/ptII/ptolemy/actor/lib/test/auto/arrayType4.xml (RunModel)" time="0.007" />
  <testcase classname="ptolemy.util.test.junit.AutoTests" name="[428] /home/travis/build/icyphy/ptII/ptolemy/actor/lib/test/auto/arrayType5.xml (RunModel)" time="0.007" />
  <testcase classname="ptolemy.util.test.junit.AutoTests" name="[429] /home/travis/build/icyphy/ptII/ptolemy/actor/lib/test/auto/arrayType6.xml (RunModel)" time="0.007" />
  <testcase classname="ptolemy.util.test.junit.AutoTests" name="[430] /home/travis/build/icyphy/ptII/ptolemy/actor/lib/test/auto/arrayType7.xml (RunModel)" time="0.012" />
  <testcase classname="ptolemy.util.test.junit.AutoTests" name="[431] /home/travis/build/icyphy/ptII/ptolemy/actor/lib/test/auto/arrayType8.xml (RunModel)" time="0.008" />
  <testcase classname="ptolemy.util.test.junit.AutoTests" name="[432] /home/travis/build/icyphy/ptII/ptolemy/actor/lib/test/auto/arrayType9.xml (RunModel)" time="0.017" />
  <testcase classname="ptolemy.util.test.junit.AutoTests" name="[433] /home/travis/build/icyphy/ptII/ptolemy/actor/lib/test/auto/cast.xml (RunModel)" time="0.008" />
  <testcase classname="ptolemy.util.test.junit.AutoTests" name="[434] /home/travis/build/icyphy/ptII/ptolemy/actor/lib/test/auto/compositeMultiPort.xml (RunModel)" time="0.014" />
  <testcase classname="ptolemy.util.test.junit.AutoTests" name="[435] /home/travis/build/icyphy/ptII/ptolemy/actor/lib/test/auto/expressionCastInference.xml (RunModel)" time="0.007" />
  <testcase classname="ptolemy.util.test.junit.AutoTests" name="[436] /home/travis/build/icyphy/ptII/ptolemy/actor/lib/test/auto/expressionCastInference2.xml (RunModel)" time="0.007" />
  <testcase classname="ptolemy.util.test.junit.AutoTests" name="[437] /home/travis/build/icyphy/ptII/ptolemy/actor/lib/test/auto/expressionInference.xml (RunModel)" time="0.006" />
  <testcase classname="ptolemy.util.test.junit.AutoTests" name="[438] /home/travis/build/icyphy/ptII/ptolemy/actor/lib/test/auto/expression_bug.xml (RunModel)" time="0.006" />
  <testcase classname="ptolemy.util.test.junit.AutoTests" name="[439] /home/travis/build/icyphy/ptII/ptolemy/actor/lib/test/auto/factorial.xml (RunModel)" time="0.042" />
  <testcase classname="ptolemy.util.test.junit.AutoTests" name="[440] /home/travis/build/icyphy/ptII/ptolemy/actor/lib/test/auto/filterTest1.xml (RunModel)" time="0.01" />
  <testcase classname="ptolemy.util.test.junit.AutoTests" name="[441] /home/travis/build/icyphy/ptII/ptolemy/actor/lib/test/auto/funcApplyInConst.xml (RunModel)" time="0.03" />
  <testcase classname="ptolemy.util.test.junit.AutoTests" name="[442] /home/travis/build/icyphy/ptII/ptolemy/actor/lib/test/auto/funcApplyInExpr.xml (RunModel)" time="0.042" />
  <testcase classname="ptolemy.util.test.junit.AutoTests" name="[443] /home/travis/build/icyphy/ptII/ptolemy/actor/lib/test/auto/function.xml (RunModel)" time="0.031" />
  <testcase classname="ptolemy.util.test.junit.AutoTests" name="[444] /home/travis/build/icyphy/ptII/ptolemy/actor/lib/test/auto/function2.xml (RunModel)" time="0.039" />
  <testcase classname="ptolemy.util.test.junit.AutoTests" name="[445] /home/travis/build/icyphy/ptII/ptolemy/actor/lib/test/auto/function3.xml (RunModel)" time="0.059" />
  <testcase classname="ptolemy.util.test.junit.AutoTests" name="[446] /home/travis/build/icyphy/ptII/ptolemy/actor/lib/test/auto/functionClosureTest1.xml (RunModel)" time="0.034" />
  <testcase classname="ptolemy.util.test.junit.AutoTests" name="[447] /home/travis/build/icyphy/ptII/ptolemy/actor/lib/test/auto/functionClosureTest2.xml (RunModel)" time="0.027" />
  <testcase classname="ptolemy.util.test.junit.AutoTests" name="[448] /home/travis/build/icyphy/ptII/ptolemy/actor/lib/test/auto/functionClosureTest3.xml (RunModel)" time="0.012" />
  <testcase classname="ptolemy.util.test.junit.AutoTests" name="[449] /home/travis/build/icyphy/ptII/ptolemy/actor/lib/test/auto/functionClosureTest4.xml (RunModel)" time="0.017" />
  <testcase classname="ptolemy.util.test.junit.AutoTests" name="[450] /home/travis/build/icyphy/ptII/ptolemy/actor/lib/test/auto/functionClosureTest5.xml (RunModel)" time="0.015" />
  <testcase classname="ptolemy.util.test.junit.AutoTests" name="[451] /home/travis/build/icyphy/ptII/ptolemy/actor/lib/test/auto/functionClosureTest6.xml (RunModel)" time="0.007" />
  <testcase classname="ptolemy.util.test.junit.AutoTests" name="[452] /home/travis/build/icyphy/ptII/ptolemy/actor/lib/test/auto/functionsOnArcs.xml (RunModel)" time="0.008" />
  <testcase classname="ptolemy.util.test.junit.AutoTests" name="[453] /home/travis/build/icyphy/ptII/ptolemy/actor/lib/test/auto/functionsOnArcsHOF.xml (RunModel)" time="0.012" />
  <testcase classname="ptolemy.util.test.junit.AutoTests" name="[454] /home/travis/build/icyphy/ptII/ptolemy/actor/lib/test/auto/logic.xml (RunModel)" time="0.015" />
  <testcase classname="ptolemy.util.test.junit.AutoTests" name="[455] /home/travis/build/icyphy/ptII/ptolemy/actor/lib/test/auto/matrixType.xml (RunModel)" time="0.008" />
  <testcase classname="ptolemy.util.test.junit.AutoTests" name="[456] /home/travis/build/icyphy/ptII/ptolemy/actor/lib/test/auto/matrixType10.xml (RunModel)" time="0.007" />
  <testcase classname="ptolemy.util.test.junit.AutoTests" name="[457] /home/travis/build/icyphy/ptII/ptolemy/actor/lib/test/auto/matrixType11.xml (RunModel)" time="0.007" />
  <testcase classname="ptolemy.util.test.junit.AutoTests" name="[458] /home/travis/build/icyphy/ptII/ptolemy/actor/lib/test/auto/matrixType12.xml (RunModel)" time="0.009" />
  <testcase classname="ptolemy.util.test.junit.AutoTests" name="[459] /home/travis/build/icyphy/ptII/ptolemy/actor/lib/test/auto/matrixType13.xml (RunModel)" time="0.007" />
  <testcase classname="ptolemy.util.test.junit.AutoTests" name="[460] /home/travis/build/icyphy/ptII/ptolemy/actor/lib/test/auto/matrixType14.xml (RunModel)" time="0.008" />
  <testcase classname="ptolemy.util.test.junit.AutoTests" name="[461] /home/travis/build/icyphy/ptII/ptolemy/actor/lib/test/auto/matrixType2.xml (RunModel)" time="0.007" />
  <testcase classname="ptolemy.util.test.junit.AutoTests" name="[462] /home/travis/build/icyphy/ptII/ptolemy/actor/lib/test/auto/matrixType3.xml (RunModel)" time="0.008" />
  <testcase classname="ptolemy.util.test.junit.AutoTests" name="[463] /home/travis/build/icyphy/ptII/ptolemy/actor/lib/test/auto/matrixType4.xml (RunModel)" time="0.007" />
  <testcase classname="ptolemy.util.test.junit.AutoTests" name="[464] /home/travis/build/icyphy/ptII/ptolemy/actor/lib/test/auto/matrixType5.xml (RunModel)" time="0.007" />
  <testcase classname="ptolemy.util.test.junit.AutoTests" name="[465] /home/travis/build/icyphy/ptII/ptolemy/actor/lib/test/auto/matrixType6.xml (RunModel)" time="0.006" />
  <testcase classname="ptolemy.util.test.junit.AutoTests" name="[466] /home/travis/build/icyphy/ptII/ptolemy/actor/lib/test/auto/matrixType7.xml (RunModel)" time="0.007" />
  <testcase classname="ptolemy.util.test.junit.AutoTests" name="[467] /home/travis/build/icyphy/ptII/ptolemy/actor/lib/test/auto/matrixType8.xml (RunModel)" time="0.007" />
  <testcase classname="ptolemy.util.test.junit.AutoTests" name="[468] /home/travis/build/icyphy/ptII/ptolemy/actor/lib/test/auto/matrixType9.xml (RunModel)" time="0.007" />
  <testcase classname="ptolemy.util.test.junit.AutoTests" name="[469] /home/travis/build/icyphy/ptII/ptolemy/actor/lib/test/auto/paraFunctest.xml (RunModel)" time="0.006" />
  <testcase classname="ptolemy.util.test.junit.AutoTests" name="[470] /home/travis/build/icyphy/ptII/ptolemy/actor/lib/test/auto/paraFunctest2.xml (RunModel)" time="0.011" />
  <testcase classname="ptolemy.util.test.junit.AutoTests" name="[471] /home/travis/build/icyphy/ptII/ptolemy/actor/lib/test/auto/parameterPassing.xml (RunModel)" time="0.007" />
  <testcase classname="ptolemy.util.test.junit.AutoTests" name="[472] /home/travis/build/icyphy/ptII/ptolemy/actor/lib/test/auto/record.xml (RunModel)" time="0.007" />
  <testcase classname="ptolemy.util.test.junit.AutoTests" name="[473] /home/travis/build/icyphy/ptII/ptolemy/actor/lib/test/auto/sizedarray1.xml (RunModel)" time="0.009" />
  <testcase classname="ptolemy.util.test.junit.AutoTests" name="[474] /home/travis/build/icyphy/ptII/ptolemy/actor/lib/test/auto/sizedarray2.xml (RunModel)" time="0.008" />
  <testcase classname="ptolemy.util.test.junit.AutoTests" name="[475] /home/travis/build/icyphy/ptII/ptolemy/actor/lib/test/auto/twoPublishers.xml (RunModel)" time="0.02" />
  <system-out><![CDATA[/home/travis/build/icyphy/ptII/ptolemy/actor/lib/test/AbsoluteValue.tcl
testDefs.tcl: setting time out to 9000 seconds at Sat Jan 18 06:50:35 UTC 2020
89 ms. Memory: 129024K Free: 93128K (72%)
4 ms. Memory: 129024K Free: 91575K (71%)
5 ms. Memory: 129024K Free: 90559K (70%)
4 ms. Memory: 129024K Free: 90056K (70%)
/home/travis/build/icyphy/ptII/ptolemy/actor/lib/test/AddSubtract.tcl
15 ms. Memory: 129024K Free: 88008K (68%)
11 ms. Memory: 129024K Free: 87463K (68%)
5 ms. Memory: 129024K Free: 86470K (67%)
7 ms. Memory: 129024K Free: 85446K (66%)
84 ms. Memory: 129024K Free: 82888K (64%)
8 ms. Memory: 129024K Free: 81864K (63%)
/home/travis/build/icyphy/ptII/ptolemy/actor/lib/test/Average.tcl
13 ms. Memory: 129024K Free: 80326K (62%)
7 ms. Memory: 129024K Free: 79302K (61%)
/home/travis/build/icyphy/ptII/ptolemy/actor/lib/test/Bernoulli.tcl
8 ms. Memory: 129024K Free: 77768K (60%)
1 ms. Memory: 129024K Free: 77254K (60%)
/home/travis/build/icyphy/ptII/ptolemy/actor/lib/test/Clock.tcl
preinitializing
resolving types
initializing
executing number 1
wrapping up
idle
33 ms. Memory: 129024K Free: 74696K (58%)
Completed execution with 5 iterations
preinitializing
resolving types
initializing
executing number 1
wrapping up
idle
8 ms. Memory: 129024K Free: 73672K (57%)
Completed execution with 5 iterations
preinitializing
resolving types
initializing
executing number 1
wrapping up
idle
7 ms. Memory: 129024K Free: 73143K (57%)
Completed execution with 5 iterations
/home/travis/build/icyphy/ptII/ptolemy/actor/lib/test/Commutator.tcl
5 ms. Memory: 129024K Free: 71110K (55%)
5 ms. Memory: 129024K Free: 70086K (54%)
18 ms. Memory: 129024K Free: 64456K (50%)
/home/travis/build/icyphy/ptII/ptolemy/actor/lib/test/Const.tcl
4 ms. Memory: 129024K Free: 62903K (49%)
2 ms. Memory: 129024K Free: 62408K (48%)
2 ms. Memory: 129024K Free: 61879K (48%)
1 ms. Memory: 129024K Free: 61384K (48%)
1 ms. Memory: 129024K Free: 60360K (47%)
16 ms. Memory: 129024K Free: 58815K (46%)
6 ms. Memory: 129024K Free: 57798K (45%)
13 ms. Memory: 129024K Free: 57288K (44%)
/home/travis/build/icyphy/ptII/ptolemy/actor/lib/test/CurrentTime.tcl
preinitializing
resolving types
initializing
executing number 1
wrapping up
idle
12 ms. Memory: 129024K Free: 55240K (43%)
Completed execution with 11 iterations
/home/travis/build/icyphy/ptII/ptolemy/actor/lib/test/DB.tcl
8 ms. Memory: 129024K Free: 53687K (42%)
1 ms. Memory: 129024K Free: 52678K (41%)
3 ms. Memory: 129024K Free: 52678K (41%)
/home/travis/build/icyphy/ptII/ptolemy/actor/lib/test/DiscreteRandomSource.tcl
preinitializing
resolving types
initializing
executing number 1
wrapping up
idle
10 ms. Memory: 129024K Free: 51144K (40%)
Completed execution with 4 iterations
preinitializing
resolving types
initializing
executing number 1
wrapping up
idle
5 ms. Memory: 129024K Free: 50623K (39%)
Completed execution with 4 iterations
preinitializing
resolving types
initializing
executing number 1
wrapping up
idle
7 ms. Memory: 129024K Free: 50120K (39%)
Completed execution with 4 iterations
preinitializing
resolving types
initializing
executing number 1
wrapping up
idle
8 ms. Memory: 129024K Free: 49591K (38%)
Completed execution with 4 iterations
preinitializing
resolving types
initializing
executing number 1
wrapping up
idle
3 ms. Memory: 129024K Free: 49096K (38%)
Completed execution with 4 iterations
/home/travis/build/icyphy/ptII/ptolemy/actor/lib/test/Distributor.tcl
27 ms. Memory: 129024K Free: 113783K (88%)
11 ms. Memory: 129024K Free: 113245K (88%)
StreamChangeRequest.changeExecuted(): <deleteEntity name="rec2"/> succeeded
StreamChangeRequest.changeExecuted(): <deleteRelation name="r2"/> succeeded
StreamChangeRequest.changeExecuted(): Record firings per iteration succeeded
9 ms. Memory: 129024K Free: 110711K (86%)
/home/travis/build/icyphy/ptII/ptolemy/actor/lib/test/Exit.tcl
Exit.tcl: this will print a message about Manager.exitAfterWrapup, which can be ignored.
9 ms. Memory: 129024K Free: 107686K (83%)
/home/travis/build/icyphy/ptII/ptolemy/actor/lib/test/Expression.tcl
17 ms. Memory: 129024K Free: 104061K (81%)
7 ms. Memory: 129024K Free: 103549K (80%)
3 ms. Memory: 129024K Free: 102525K (79%)
preinitializing
resolving types
initializing
executing number 1
wrapping up
idle
8 ms. Memory: 129024K Free: 100959K (78%)
Completed execution with 6 iterations
5 ms. Memory: 129024K Free: 100471K (78%)
3 ms. Memory: 129024K Free: 99447K (77%)
3 ms. Memory: 129024K Free: 98436K (76%)
7 ms. Memory: 129024K Free: 96861K (75%)
11 ms. Memory: 129024K Free: 95870K (74%)
/home/travis/build/icyphy/ptII/ptolemy/actor/lib/test/Gaussian.tcl
6 ms. Memory: 129024K Free: 94334K (73%)
sleeping 1 seconds: ..................................................................................................................................................................................................................................................................................................................................................................................................................................................................................................................................................................................................................................................................................................................................................................................................................................................................................................................................................................................................................................................................................................................................................................................................................................................................................................................................................................................................................................................................................................................................................................................................................................................................................................................................................................................................................................................................................................................................................................................................................................................................................................................................................................................................................................................................................................................................................................................................................................................................................................................................................................................................................................................................................................................................................................................................................................................................................................................................................................................................................................................................................................................................................................................................................................................................................................................................................................................................................................................................................................................................................................................................................................................................................................................................................................................................................................................................................................................................................................................................................................................................................................................................................................................................................................................................................................................................................................................................................................................................................................................................................................................................................................................................................................................................................................................................................................................................................................................................................................................................................................................................................................................................................................................................................................................................................................................................................................................................................................................................................................................................................................................................................................................................................................................................................................................................................................................................................................................................................................................................................................................................................................................................................................................................................................................................................................................................................................................................................................................................................................................................................................................................................................................................................................................................................................................................................................................................................................................................................................................................................................................................................................................................................................................................................................................................................................................................................................................................................................................................................................................................................................................................................................................................................................................................................................................................................................................................................................................................................................................................................................................................................................................................................................................................................................................................................................................................................................................................................................................................................................................................................................................................................................................................................................................................................................................................................................................................................................................................................................................................................................................................................................................................................................................................................................................................................................................................................................................................................................................................................................................................................2 ms. Memory: 129024K Free: 77253K (60%)
3 ms. Memory: 129024K Free: 76215K (59%)
1 ms. Memory: 129024K Free: 75719K (59%)
2 ms. Memory: 129024K Free: 75191K (58%)
3 ms. Memory: 129024K Free: 74695K (58%)
/home/travis/build/icyphy/ptII/ptolemy/actor/lib/test/IIR.tcl
/home/travis/build/icyphy/ptII/ptolemy/actor/lib/test/Interpolator.tcl
3 ms. Memory: 129024K Free: 111559K (86%)
1 ms. Memory: 129024K Free: 111039K (86%)
2 ms. Memory: 129024K Free: 110535K (86%)
1 ms. Memory: 129024K Free: 110007K (85%)
2 ms. Memory: 129024K Free: 108997K (84%)
2 ms. Memory: 129024K Free: 108487K (84%)
2 ms. Memory: 129024K Free: 107463K (83%)
1 ms. Memory: 129024K Free: 106439K (82%)
2 ms. Memory: 129024K Free: 105925K (82%)
1 ms. Memory: 129024K Free: 104871K (81%)
/home/travis/build/icyphy/ptII/ptolemy/actor/lib/test/MathFunction.tcl
3 ms. Memory: 129024K Free: 102839K (80%)
2 ms. Memory: 129024K Free: 101799K (79%)
2 ms. Memory: 129024K Free: 100295K (78%)
2 ms. Memory: 129024K Free: 99767K (77%)
3 ms. Memory: 129024K Free: 98247K (76%)
5 ms. Memory: 129024K Free: 96709K (75%)
/home/travis/build/icyphy/ptII/ptolemy/actor/lib/test/Maximum.tcl
3 ms. Memory: 129024K Free: 94661K (73%)
2 ms. Memory: 129024K Free: 93637K (73%)
6 ms. Memory: 129024K Free: 93127K (72%)
5 ms. Memory: 129024K Free: 92613K (72%)
/home/travis/build/icyphy/ptII/ptolemy/actor/lib/test/Minimum.tcl
6 ms. Memory: 129024K Free: 90565K (70%)
4 ms. Memory: 129024K Free: 90055K (70%)
3 ms. Memory: 129024K Free: 89541K (69%)
3 ms. Memory: 129024K Free: 88517K (69%)
/home/travis/build/icyphy/ptII/ptolemy/actor/lib/test/MultiplyDivide.tcl
8 ms. Memory: 129024K Free: 86983K (67%)
8 ms. Memory: 129024K Free: 85959K (67%)
2 ms. Memory: 129024K Free: 85445K (66%)
4 ms. Memory: 129024K Free: 84407K (65%)
3 ms. Memory: 129024K Free: 83911K (65%)
/home/travis/build/icyphy/ptII/ptolemy/actor/lib/test/OrderedMerge.tcl
Connections changed on port: inputA
Connections changed on port: inputB
Connections changed on port: output
Connections changed on port: output
Connections changed on port: output
Connections changed on port: input
.top. Preinitializing ...
Invoking preinitialize():  .top.OrderedMerge
Called preinitialize()
Invoking preinitialize():  .top.Ramp
Called preinitialize()
Invoking preinitialize():  .top.Ramp2
Called preinitialize()
Invoking preinitialize():  .top.Test
Called preinitialize()
Connections changed on port: inputA
Connections changed on port: output
Connections changed on port: output
Connections changed on port: input
Connections changed on port: inputB
Connections changed on port: output
.top. Finished preinitialize().
Called initialize().
Invoking initialize():  .top.OrderedMerge
Initializing actor: .top.OrderedMerge
Adding a thread: .top.OrderedMerge
Invoking initialize():  .top.Ramp
Initializing actor: .top.Ramp
Adding a thread: .top.Ramp
Invoking initialize():  .top.Ramp2
Initializing actor: .top.Ramp2
Adding a thread: .top.Ramp2
Invoking initialize():  .top.Test
Initializing actor: .top.Test
Adding a thread: .top.Test
Called fire().
Checking for deadlock:
-- Starting thread.
-- Starting thread.
Called initialize()
Called initialize()
Called prefire()
Called fire()
-- Starting thread.
Called initialize()
Called prefire()
-- Starting thread.
Called prefire()
Called initialize()
Called fire()
Called prefire()
Called fire()
Called fire()
There are 0 Blocked actors, 0 Stopped actors, and 4 active threads.
Waiting for actors to stop.
Called postfire()
Called prefire()
Called fire()
Called postfire()
Called prefire()
Called fire()
Read input token from inputA with value 0.0
Next port to read input from is inputB
Called postfire()
Called prefire()
Called fire()
Read input token from inputB with value 0.0
Sent output token with value 0.0
Next port to read input from is inputA
Called postfire()
Called prefire()
Called fire()
Called postfire()
Called prefire()
Called fire()
Checking for deadlock:
There are 1 Blocked actors, 0 Stopped actors, and 4 active threads.
Waiting for actors to stop.
Read input token from inputA with value 1.0
Called postfire()
Called prefire()
Called fire()
-- Read input: 0.0, which is expected to match: 0.0
Called prefire()
Called fire()
Checking for deadlock:
There are 2 Blocked actors, 0 Stopped actors, and 4 active threads.
Waiting for actors to stop.
Called postfire()
Called prefire()
Called fire()
Sent output token with value 0.0
Next port to read input from is inputB
Called postfire()
Called prefire()
Called fire()
Read input token from inputB with value 1.5
Checking for deadlock:
There are 2 Blocked actors, 0 Stopped actors, and 4 active threads.
Waiting for actors to stop.
Called postfire()
-- Read input: 0.0, which is expected to match: 0.0
Called prefire()
Called fire()
Called prefire()
Called fire()
Checking for deadlock:
There are 3 Blocked actors, 0 Stopped actors, and 4 active threads.
Waiting for actors to stop.
Sent output token with value 1.0
Next port to read input from is inputA
Called postfire()
Called prefire()
Called fire()
Read input token from inputA with value 2.0
-- Read input: 1.0, which is expected to match: 1.0
Called prefire()
Called fire()
Checking for deadlock:
There are 2 Blocked actors, 0 Stopped actors, and 4 active threads.
Waiting for actors to stop.
Sent output token with value 1.5
Next port to read input from is inputB
Called postfire()
Called prefire()
Called fire()
Read input token from inputB with value 3.0
Called postfire()
Called postfire()
Called prefire()
Called prefire()
Called fire()
Called fire()
Checking for deadlock:
There are 3 Blocked actors, 0 Stopped actors, and 4 active threads.
Waiting for actors to stop.
-- Read input: 1.5, which is expected to match: 1.5
Called prefire()
Called fire()
Sent output token with value 2.0
Next port to read input from is inputA
Called postfire()
Called prefire()
Called fire()
Read input token from inputA with value 3.0
Checking for deadlock:
There are 2 Blocked actors, 0 Stopped actors, and 4 active threads.
Waiting for actors to stop.
Called postfire()
Called prefire()
Called fire()
-- Read input: 2.0, which is expected to match: 2.0
Called prefire()
Called fire()
Checking for deadlock:
There are 3 Blocked actors, 0 Stopped actors, and 4 active threads.
Waiting for actors to stop.
Sent output token with value 3.0
Next port to read input from is inputB
Called postfire()
Called prefire()
Called fire()
Read input token from inputB with value 4.5
Checking for deadlock:
There are 2 Blocked actors, 0 Stopped actors, and 4 active threads.
Waiting for actors to stop.
Called postfire()
Called prefire()
Called fire()
-- Read input: 3.0, which is expected to match: 3.0
Called prefire()
Called fire()
Checking for deadlock:
There are 3 Blocked actors, 0 Stopped actors, and 4 active threads.
Waiting for actors to stop.
Sent output token with value 3.0
Next port to read input from is inputA
Called postfire()
Called prefire()
Called fire()
Read input token from inputA with value 4.0
-- Read input: 3.0, which is expected to match: 3.0
Called prefire()
Called fire()
Called postfire()
Called prefire()
Called fire()
Checking for deadlock:
There are 3 Blocked actors, 0 Stopped actors, and 4 active threads.
Waiting for actors to stop.
Sent output token with value 4.0
Next port to read input from is inputA
Called postfire()
Called prefire()
Called fire()
Read input token from inputA with value 5.0
Called postfire()
Called prefire()
Called fire()
-- Read input: 4.0, which is expected to match: 4.0
Called prefire()
Called fire()
Past the end of training data. Read and discard all inputs.
Checking for deadlock:
There are 3 Blocked actors, 0 Stopped actors, and 4 active threads.
Waiting for actors to stop.
Called prefire()
Called fire()
Past the end of training data. Read and discard all inputs.
Sent output token with value 4.5
Next port to read input from is inputB
Called postfire()
Called prefire()
Called fire()
Read input token from inputB with value 6.0
Sent output token with value 5.0
Next port to read input from is inputA
Called postfire()
Called prefire()
Called fire()
Read input token from inputA with value 6.0
Checking for deadlock:
There are 1 Blocked actors, 0 Stopped actors, and 4 active threads.
Waiting for actors to stop.
Called postfire()
Called prefire()
Called fire()
Called prefire()
Called fire()
Called postfire()
Past the end of training data. Read and discard all inputs.
Called prefire()
Called fire()
Checking for deadlock:
There are 3 Blocked actors, 0 Stopped actors, and 4 active threads.
Waiting for actors to stop.
Sent output token with value 6.0
Next port to read input from is inputB
Called postfire()
Called prefire()
Called fire()
Read input token from inputB with value 7.5
Called prefire()
Called fire()
Past the end of training data. Read and discard all inputs.
Checking for deadlock:
There are 2 Blocked actors, 0 Stopped actors, and 4 active threads.
Waiting for actors to stop.
Called postfire()
Called prefire()
Called fire()
Called prefire()
Called fire()
Past the end of training data. Read and discard all inputs.
Sent output token with value 6.0
Next port to read input from is inputA
Called postfire()
Called prefire()
Called fire()
Read input token from inputA with value 7.0
Sent output token with value 7.0
Next port to read input from is inputA
Called postfire()
Called prefire()
Called fire()
Checking for deadlock:
There are 2 Blocked actors, 0 Stopped actors, and 4 active threads.
Waiting for actors to stop.
Called postfire()
Called prefire()
Called fire()
Called prefire()
Called fire()
Past the end of training data. Read and discard all inputs.
Checking for deadlock:
There are 3 Blocked actors, 0 Stopped actors, and 4 active threads.
Waiting for actors to stop.
Read input token from inputA with value 8.0
Sent output token with value 7.5
Next port to read input from is inputB
Called postfire()
Called prefire()
Called fire()
Read input token from inputB with value 9.0
Called postfire()
Called prefire()
-- Thread wrapup() called.
Called fire()
Called wrapup()
Thread .top.Ramp is exiting.
-- Thread stopped.
Checking for deadlock:
There are 2 Blocked actors, 0 Stopped actors, and 3 active threads.
Waiting for actors to stop.
Called prefire()
Called fire()
Past the end of training data. Read and discard all inputs.
Sent output token with value 8.0
Next port to read input from is inputA
Called postfire()
Called prefire()
Called fire()
Read input token from inputA with value 9.0
Checking for deadlock:
There are 2 Blocked actors, 0 Stopped actors, and 3 active threads.
Waiting for actors to stop.
Called prefire()
Called fire()
Past the end of training data. Read and discard all inputs.
Sent output token with value 9.0
Next port to read input from is inputB
Called postfire()
Called prefire()
Called fire()
Read input token from inputB with value 10.5
Checking for deadlock:
There are 1 Blocked actors, 0 Stopped actors, and 3 active threads.
Waiting for actors to stop.
Called postfire()
Called prefire()
Called fire()
Past the end of training data. Read and discard all inputs.
Called prefire()
Called fire()
Sent output token with value 9.0
Next port to read input from is inputA
Called postfire()
Called prefire()
Called fire()
Checking for deadlock:
There are 2 Blocked actors, 0 Stopped actors, and 3 active threads.
Waiting for actors to stop.
Called prefire()
Called fire()
Past the end of training data. Read and discard all inputs.
Checking for deadlock:
There are 3 Blocked actors, 0 Stopped actors, and 3 active threads.
Actors have stopped.
Checking for deadlock:
There are 3 Blocked actors, 0 Stopped actors, and 3 active threads.
Deadlock detected.
Resolving Deadlock
Checking for deadlock:
There are 3 Blocked actors, 0 Stopped actors, and 3 active threads.
Artificial Deadlock - increasing queue capacity.
increasing the capacity of receiver ptolemy.actor.TypedIOPort {.top.OrderedMerge.inputB} to 2
-- Thread wrapup() called.
Called wrapup()
Thread .top.Ramp2 is exiting.
-- Thread stopped.
Director: Called postfire().
Called postfire().
_stopRequested = false
_stopFireRequested = false
Returning from postfire(): true
Called fire().
Checking for deadlock:
There are 2 Blocked actors, 0 Stopped actors, and 2 active threads.
Actors have stopped.
Checking for deadlock:
There are 2 Blocked actors, 0 Stopped actors, and 2 active threads.
Deadlock detected.
Resolving Deadlock
Checking for deadlock:
There are 2 Blocked actors, 0 Stopped actors, and 2 active threads.
Deadlock detected: no processes blocked on write, but some are blocked on read.
Called postfire().
_stopRequested = false
_stopFireRequested = false
Returning from postfire(): false
Finished deactivating branches.
Called wrapup().
-- Thread wrapup() called.
Called wrapup()
Thread .top.Test is exiting.
-- Thread stopped.
-- Blocked Receiver call threw TerminateProcessException.
-- Thread wrapup() called.
Called wrapup()
Thread .top.OrderedMerge is exiting.
-- Thread stopped.
-- Blocked Receiver call threw TerminateProcessException.
59 ms. Memory: 129024K Free: 78791K (61%)
.top. Preinitializing ...
Invoking preinitialize():  .top.OrderedMerge
Called preinitialize()
Invoking preinitialize():  .top.Ramp
Called preinitialize()
Invoking preinitialize():  .top.Ramp2
Called preinitialize()
Invoking preinitialize():  .top.Test
Called preinitialize()
.top. Finished preinitialize().
Called initialize().
Invoking initialize():  .top.OrderedMerge
Initializing actor: .top.OrderedMerge
Adding a thread: .top.OrderedMerge
Invoking initialize():  .top.Ramp
Initializing actor: .top.Ramp
Adding a thread: .top.Ramp
Invoking initialize():  .top.Ramp2
Initializing actor: .top.Ramp2
Adding a thread: .top.Ramp2
Invoking initialize():  .top.Test
Initializing actor: .top.Test
Adding a thread: .top.Test
-- Starting thread.
Called initialize()
Called prefire()
Called fire()
Called postfire()
Called prefire()
Called fire()
-- Starting thread.
Called initialize()
Called prefire()
Called fire()
Called postfire()
Called prefire()
Called fire()
Called fire().
Checking for deadlock:
There are 2 Blocked actors, 0 Stopped actors, and 4 active threads.
Waiting for actors to stop.
-- Starting thread.
Called initialize()
Called prefire()
Called fire()
-- Starting thread.
Called initialize()
Called prefire()
Called fire()
Read input token from inputA with value 0.0
Next port to read input from is inputB
Called postfire()
Called prefire()
Called fire()
Read input token from inputB with value 0.0
Sent output token with value 0.0
Next port to read input from is inputA
Called postfire()
Called prefire()
Called fire()
-- Read input: 0.0, which is expected to match: 0.0
Called prefire()
Called fire()
Checking for deadlock:
There are 2 Blocked actors, 0 Stopped actors, and 4 active threads.
Waiting for actors to stop.
Called postfire()
Called prefire()
Called fire()
Called postfire()
Called prefire()
Called fire()
Checking for deadlock:
There are 3 Blocked actors, 0 Stopped actors, and 4 active threads.
Waiting for actors to stop.
Checking for deadlock:
There are 2 Blocked actors, 0 Stopped actors, and 4 active threads.
Waiting for actors to stop.
Called postfire()
Called prefire()
Called fire()
Checking for deadlock:
There are 3 Blocked actors, 0 Stopped actors, and 4 active threads.
Waiting for actors to stop.
Read input token from inputA with value 1.0
Checking for deadlock:
There are 2 Blocked actors, 0 Stopped actors, and 4 active threads.
Waiting for actors to stop.
-- Read input: 0.0, which is expected to match: 0.0
Called prefire()
Called fire()
Checking for deadlock:
There are 3 Blocked actors, 0 Stopped actors, and 4 active threads.
Waiting for actors to stop.
Sent output token with value 0.0
Next port to read input from is inputB
Called postfire()
Called prefire()
Called fire()
Called postfire()
Called prefire()
Called fire()
Checking for deadlock:
There are 3 Blocked actors, 0 Stopped actors, and 4 active threads.
Waiting for actors to stop.
Read input token from inputB with value 1.5
-- Read input: 1.0, which is expected to match: 1.0
Called prefire()
Called fire()
Checking for deadlock:
There are 3 Blocked actors, 0 Stopped actors, and 4 active threads.
Waiting for actors to stop.
Sent output token with value 1.0
Next port to read input from is inputA
Called postfire()
Called prefire()
Called fire()
Checking for deadlock:
There are 2 Blocked actors, 0 Stopped actors, and 4 active threads.
Waiting for actors to stop.
Called postfire()
Called prefire()
Called fire()
Checking for deadlock:
There are 3 Blocked actors, 0 Stopped actors, and 4 active threads.
Waiting for actors to stop.
Read input token from inputA with value 2.0
Checking for deadlock:
There are 2 Blocked actors, 0 Stopped actors, and 4 active threads.
Waiting for actors to stop.
-- Read input: 1.5, which is expected to match: 1.5
Called prefire()
Called fire()
Checking for deadlock:
There are 3 Blocked actors, 0 Stopped actors, and 4 active threads.
Waiting for actors to stop.
Sent output token with value 1.5
Next port to read input from is inputB
Called postfire()
Called prefire()
Called fire()
Checking for deadlock:
There are 2 Blocked actors, 0 Stopped actors, and 4 active threads.
Waiting for actors to stop.
Called postfire()
Called prefire()
Called fire()
Checking for deadlock:
There are 3 Blocked actors, 0 Stopped actors, and 4 active threads.
Waiting for actors to stop.
Read input token from inputB with value 3.0
Checking for deadlock:
There are 2 Blocked actors, 0 Stopped actors, and 4 active threads.
Waiting for actors to stop.
-- Read input: 2.0, which is expected to match: 2.0
Called prefire()
Called fire()
Checking for deadlock:
There are 3 Blocked actors, 0 Stopped actors, and 4 active threads.
Waiting for actors to stop.
Sent output token with value 2.0
Next port to read input from is inputA
Called postfire()
Called prefire()
Called fire()
Checking for deadlock:
There are 2 Blocked actors, 0 Stopped actors, and 4 active threads.
Waiting for actors to stop.
Called postfire()
Called prefire()
Called fire()
Checking for deadlock:
There are 3 Blocked actors, 0 Stopped actors, and 4 active threads.
Waiting for actors to stop.
Read input token from inputA with value 3.0
Checking for deadlock:
There are 2 Blocked actors, 0 Stopped actors, and 4 active threads.
Waiting for actors to stop.
-- Read input: 3.0, which is expected to match: 3.0
Called prefire()
Called fire()
Checking for deadlock:
There are 3 Blocked actors, 0 Stopped actors, and 4 active threads.
Waiting for actors to stop.
Sent output token with value 3.0
Next port to read input from is inputB
Called postfire()
Called prefire()
Called fire()
Called postfire()
Called prefire()
Called fire()
Checking for deadlock:
There are 3 Blocked actors, 0 Stopped actors, and 4 active threads.
Waiting for actors to stop.
Read input token from inputB with value 4.5
-- Read input: 3.0, which is expected to match: 3.0
Called prefire()
Called fire()
Checking for deadlock:
There are 3 Blocked actors, 0 Stopped actors, and 4 active threads.
Waiting for actors to stop.
Sent output token with value 3.0
Next port to read input from is inputA
Called postfire()
Called prefire()
Called fire()
Checking for deadlock:
There are 2 Blocked actors, 0 Stopped actors, and 4 active threads.
Waiting for actors to stop.
Called postfire()
Called prefire()
Called fire()
Checking for deadlock:
There are 3 Blocked actors, 0 Stopped actors, and 4 active threads.
Waiting for actors to stop.
Read input token from inputA with value 4.0
Checking for deadlock:
There are 2 Blocked actors, 0 Stopped actors, and 4 active threads.
Waiting for actors to stop.
-- Read input: 4.0, which is expected to match: 4.0
Called prefire()
Called fire()
Past the end of training data. Read and discard all inputs.
Checking for deadlock:
There are 3 Blocked actors, 0 Stopped actors, and 4 active threads.
Waiting for actors to stop.
Sent output token with value 4.0
Next port to read input from is inputA
Called postfire()
Called prefire()
Called fire()
Checking for deadlock:
There are 2 Blocked actors, 0 Stopped actors, and 4 active threads.
Waiting for actors to stop.
Called postfire()
Called prefire()
Called fire()
Checking for deadlock:
There are 3 Blocked actors, 0 Stopped actors, and 4 active threads.
Waiting for actors to stop.
Read input token from inputA with value 5.0
Checking for deadlock:
There are 2 Blocked actors, 0 Stopped actors, and 4 active threads.
Waiting for actors to stop.
Called prefire()
Called fire()
Past the end of training data. Read and discard all inputs.
Checking for deadlock:
There are 3 Blocked actors, 0 Stopped actors, and 4 active threads.
Waiting for actors to stop.
Sent output token with value 4.5
Next port to read input from is inputB
Called postfire()
Called prefire()
Called fire()
Called postfire()
Called prefire()
Called fire()
Checking for deadlock:
There are 3 Blocked actors, 0 Stopped actors, and 4 active threads.
Waiting for actors to stop.
Read input token from inputB with value 6.0
Called prefire()
Called fire()
Past the end of training data. Read and discard all inputs.
Checking for deadlock:
There are 3 Blocked actors, 0 Stopped actors, and 4 active threads.
Waiting for actors to stop.
Sent output token with value 5.0
Next port to read input from is inputA
Called postfire()
Called prefire()
Called fire()
Checking for deadlock:
There are 2 Blocked actors, 0 Stopped actors, and 4 active threads.
Waiting for actors to stop.
Called postfire()
Called prefire()
Called fire()
Checking for deadlock:
There are 3 Blocked actors, 0 Stopped actors, and 4 active threads.
Waiting for actors to stop.
Read input token from inputA with value 6.0
Checking for deadlock:
There are 2 Blocked actors, 0 Stopped actors, and 4 active threads.
Waiting for actors to stop.
Called prefire()
Called fire()
Past the end of training data. Read and discard all inputs.
Checking for deadlock:
There are 3 Blocked actors, 0 Stopped actors, and 4 active threads.
Waiting for actors to stop.
Sent output token with value 6.0
Next port to read input from is inputB
Called postfire()
Called prefire()
Called fire()
Checking for deadlock:
There are 2 Blocked actors, 0 Stopped actors, and 4 active threads.
Waiting for actors to stop.
Called postfire()
Called prefire()
Called fire()
Checking for deadlock:
There are 3 Blocked actors, 0 Stopped actors, and 4 active threads.
Waiting for actors to stop.
Read input token from inputB with value 7.5
Checking for deadlock:
There are 2 Blocked actors, 0 Stopped actors, and 4 active threads.
Waiting for actors to stop.
Called prefire()
Called fire()
Past the end of training data. Read and discard all inputs.
Checking for deadlock:
There are 3 Blocked actors, 0 Stopped actors, and 4 active threads.
Waiting for actors to stop.
Sent output token with value 6.0
Next port to read input from is inputA
Called postfire()
Called prefire()
Called fire()
Called postfire()
Called prefire()
Called fire()
Checking for deadlock:
There are 3 Blocked actors, 0 Stopped actors, and 4 active threads.
Waiting for actors to stop.
Read input token from inputA with value 7.0
Called prefire()
Called fire()
Past the end of training data. Read and discard all inputs.
Checking for deadlock:
There are 3 Blocked actors, 0 Stopped actors, and 4 active threads.
Waiting for actors to stop.
Sent output token with value 7.0
Next port to read input from is inputA
Called postfire()
Called prefire()
Called fire()
-- Thread wrapup() called.
Called wrapup()
Thread .top.Ramp is exiting.
-- Thread stopped.
Checking for deadlock:
There are 2 Blocked actors, 0 Stopped actors, and 3 active threads.
Waiting for actors to stop.
Read input token from inputA with value 8.0
Checking for deadlock:
There are 1 Blocked actors, 0 Stopped actors, and 3 active threads.
Waiting for actors to stop.
Called prefire()
Called fire()
Past the end of training data. Read and discard all inputs.
Checking for deadlock:
There are 2 Blocked actors, 0 Stopped actors, and 3 active threads.
Waiting for actors to stop.
Sent output token with value 7.5
Next port to read input from is inputB
Called postfire()
Called prefire()
Called fire()
Checking for deadlock:
There are 1 Blocked actors, 0 Stopped actors, and 3 active threads.
Waiting for actors to stop.
Called postfire()
Called prefire()
Called fire()
Checking for deadlock:
There are 2 Blocked actors, 0 Stopped actors, and 3 active threads.
Waiting for actors to stop.
Read input token from inputB with value 9.0
Checking for deadlock:
There are 1 Blocked actors, 0 Stopped actors, and 3 active threads.
Waiting for actors to stop.
Called prefire()
Called fire()
Past the end of training data. Read and discard all inputs.
Checking for deadlock:
There are 2 Blocked actors, 0 Stopped actors, and 3 active threads.
Waiting for actors to stop.
Sent output token with value 8.0
Next port to read input from is inputA
Called postfire()
Called prefire()
Called fire()
Read input token from inputA with value 9.0
Called prefire()
Called fire()
Past the end of training data. Read and discard all inputs.
Checking for deadlock:
There are 2 Blocked actors, 0 Stopped actors, and 3 active threads.
Waiting for actors to stop.
Sent output token with value 9.0
Next port to read input from is inputB
Called postfire()
Called prefire()
Called fire()
Called postfire()
Called prefire()
Called fire()
Checking for deadlock:
There are 2 Blocked actors, 0 Stopped actors, and 3 active threads.
Waiting for actors to stop.
Read input token from inputB with value 10.5
Called prefire()
Called fire()
Past the end of training data. Read and discard all inputs.
Checking for deadlock:
There are 2 Blocked actors, 0 Stopped actors, and 3 active threads.
Waiting for actors to stop.
Sent output token with value 9.0
Next port to read input from is inputA
Called postfire()
Called prefire()
Called fire()
Checking for deadlock:
There are 3 Blocked actors, 0 Stopped actors, and 3 active threads.
Actors have stopped.
Checking for deadlock:
There are 3 Blocked actors, 0 Stopped actors, and 3 active threads.
Deadlock detected.
Resolving Deadlock
Checking for deadlock:
There are 3 Blocked actors, 0 Stopped actors, and 3 active threads.
Artificial Deadlock - increasing queue capacity.
increasing the capacity of receiver ptolemy.actor.TypedIOPort {.top.OrderedMerge.inputB} to 2
Director: Called postfire().
Called postfire().
_stopRequested = false
_stopFireRequested = false
Returning from postfire(): true
Called fire().
Checking for deadlock:
There are 2 Blocked actors, 0 Stopped actors, and 3 active threads.
Waiting for actors to stop.
-- Thread wrapup() called.
Called wrapup()
Thread .top.Ramp2 is exiting.
-- Thread stopped.
Checking for deadlock:
There are 2 Blocked actors, 0 Stopped actors, and 2 active threads.
Actors have stopped.
Checking for deadlock:
There are 2 Blocked actors, 0 Stopped actors, and 2 active threads.
Deadlock detected.
Resolving Deadlock
Checking for deadlock:
There are 2 Blocked actors, 0 Stopped actors, and 2 active threads.
Deadlock detected: no processes blocked on write, but some are blocked on read.
Called postfire().
_stopRequested = false
_stopFireRequested = false
Returning from postfire(): false
Finished deactivating branches.
Called wrapup().
-- Thread wrapup() called.
Called wrapup()
-- Thread wrapup() called.
Called wrapup()
Thread .top.Test is exiting.
-- Thread stopped.
-- Blocked Receiver call threw TerminateProcessException.
Thread .top.OrderedMerge is exiting.
-- Thread stopped.
-- Blocked Receiver call threw TerminateProcessException.
38 ms. Memory: 129024K Free: 76743K (59%)
/home/travis/build/icyphy/ptII/ptolemy/actor/lib/test/Publisher.tcl
11 ms. Memory: 129024K Free: 70599K (55%)
13 ms. Memory: 129024K Free: 107792K (84%)
2 ms. Memory: 129024K Free: 104210K (81%)
3 ms. Memory: 129024K Free: 103186K (80%)
2 ms. Memory: 129024K Free: 102658K (80%)
3 ms. Memory: 129024K Free: 101634K (79%)
2 ms. Memory: 129024K Free: 100610K (78%)
3 ms. Memory: 129024K Free: 100114K (78%)
20 ms. Memory: 129024K Free: 89874K (70%)
3 ms. Memory: 129024K Free: 86274K (67%)
2 ms. Memory: 129024K Free: 85264K (66%)
5 ms. Memory: 129024K Free: 83210K (64%)
6 ms. Memory: 129024K Free: 75538K (59%)
15 ms. Memory: 129024K Free: 65794K (51%)
5 ms. Memory: 129024K Free: 55058K (43%)
/home/travis/build/icyphy/ptII/ptolemy/actor/lib/test/Pulse.tcl
2 ms. Memory: 159744K Free: 105087K (66%)
1 ms. Memory: 159744K Free: 104543K (65%)
1 ms. Memory: 159744K Free: 104063K (65%)
1 ms. Memory: 159744K Free: 103549K (65%)
1 ms. Memory: 159744K Free: 103039K (65%)
6 ms. Memory: 159744K Free: 102015K (64%)
2 ms. Memory: 159744K Free: 100991K (63%)
1 ms. Memory: 159744K Free: 99967K (63%)
1 ms. Memory: 159744K Free: 99447K (62%)
/home/travis/build/icyphy/ptII/ptolemy/actor/lib/test/Ramp.tcl
7 ms. Memory: 159744K Free: 97391K (61%)
3 ms. Memory: 159744K Free: 96895K (61%)
3 ms. Memory: 159744K Free: 95871K (60%)
2 ms. Memory: 159744K Free: 95343K (60%)
5 ms. Memory: 159744K Free: 94333K (59%)
8 ms. Memory: 159744K Free: 93309K (58%)
8 ms. Memory: 159744K Free: 92799K (58%)
5 actors
4000 microseconds per iteration to create
5 ms. Memory: 159744K Free: 89727K (56%)
1 ms. Memory: 159744K Free: 89199K (56%)
2 ms. Memory: 159744K Free: 88703K (56%)
2 ms. Memory: 159744K Free: 88175K (55%)
50 actors
27000 microseconds per iteration to create
27 ms. Memory: 159744K Free: 72319K (45%)
13 ms. Memory: 159744K Free: 71295K (45%)
4 ms. Memory: 159744K Free: 70271K (44%)
12 ms. Memory: 159744K Free: 69247K (43%)
500 actors
1477000 microseconds per iteration to create
213 ms. Memory: 159744K Free: 62451K (39%)
52 ms. Memory: 159744K Free: 56817K (36%)
64 ms. Memory: 159744K Free: 132497K (83%)
39 ms. Memory: 159744K Free: 127377K (80%)
/home/travis/build/icyphy/ptII/ptolemy/actor/lib/test/RampContinuous.tcl
10 ms. Memory: 159744K Free: 125843K (79%)
/home/travis/build/icyphy/ptII/ptolemy/actor/lib/test/RecordAssembler.tcl
6 ms. Memory: 159744K Free: 124291K (78%)
3 ms. Memory: 159744K Free: 123281K (77%)
/home/travis/build/icyphy/ptII/ptolemy/actor/lib/test/RecordDisassembler.tcl
15 ms. Memory: 159744K Free: 121233K (76%)
5 ms. Memory: 159744K Free: 120723K (76%)
4 ms. Memory: 159744K Free: 119699K (75%)
/home/travis/build/icyphy/ptII/ptolemy/actor/lib/test/Scale.tcl
3 ms. Memory: 159744K Free: 117651K (74%)
1 ms. Memory: 159744K Free: 117123K (73%)
2 ms. Memory: 159744K Free: 116099K (73%)
4 ms. Memory: 159744K Free: 115089K (72%)
4 ms. Memory: 159744K Free: 114579K (72%)
/home/travis/build/icyphy/ptII/ptolemy/actor/lib/test/SequentialClock.tcl
preinitializing
resolving types
initializing
executing number 1
wrapping up
idle
3 ms. Memory: 159744K Free: 113041K (71%)
Completed execution with 5 iterations
preinitializing
resolving types
initializing
executing number 1
wrapping up
idle
2 ms. Memory: 159744K Free: 112531K (70%)
Completed execution with 5 iterations
preinitializing
resolving types
initializing
executing number 1
wrapping up
idle
1 ms. Memory: 159744K Free: 112011K (70%)
Completed execution with 5 iterations
/home/travis/build/icyphy/ptII/ptolemy/actor/lib/test/SetVariable.tcl
4 ms. Memory: 159744K Free: 110483K (69%)
/home/travis/build/icyphy/ptII/ptolemy/actor/lib/test/Sinewave.tcl
/home/travis/build/icyphy/ptII/ptolemy/actor/lib/test/SubscriptionAggregator.tcl
4 ms. Memory: 159744K Free: 98705K (62%)
2 ms. Memory: 159744K Free: 98195K (61%)
0 ms. Memory: 159744K Free: 97681K (61%)
0 ms. Memory: 159744K Free: 97171K (61%)
4 ms. Memory: 159744K Free: 93571K (59%)
8 ms. Memory: 159744K Free: 91537K (57%)
...............................................................1068 ms. Memory: 266240K Free: 168038K (63%)
/home/travis/build/icyphy/ptII/ptolemy/actor/lib/test/Test.tcl
 The next command will produce a warning about training mode,
   which may be ignored.
6 ms. Memory: 266240K Free: 165976K (62%)
3 ms. Memory: 266240K Free: 165480K (62%)
2 ms. Memory: 266240K Free: 164936K (62%)
2 ms. Memory: 266240K Free: 163942K (62%)
2 ms. Memory: 266240K Free: 163432K (61%)
3 ms. Memory: 266240K Free: 162408K (61%)
4 ms. Memory: 266240K Free: 160856K (60%)
 The next command will produce a warning about training mode,
   which may be ignored.
5 ms. Memory: 266240K Free: 158792K (60%)
 The next command will produce a warning about training mode,
   which may be ignored.
3 ms. Memory: 266240K Free: 157288K (59%)
1 ms. Memory: 266240K Free: 157288K (59%)
1 ms. Memory: 266240K Free: 156774K (59%)
3 ms. Memory: 266240K Free: 156264K (59%)
7 ms. Memory: 266240K Free: 155240K (58%)
3 ms. Memory: 266240K Free: 151144K (57%)
/home/travis/build/icyphy/ptII/ptolemy/actor/lib/test/TestExceptionHandler.tcl
 The next command will produce a warning about training mode,
   which may be ignored.
2 ms. Memory: 266240K Free: 150120K (56%)
1 ms. Memory: 266240K Free: 149592K (56%)
0 ms. Memory: 266240K Free: 149096K (56%)
/home/travis/build/icyphy/ptII/ptolemy/actor/lib/test/UnionDisassembler.tcl
19 ms. Memory: 266240K Free: 141414K (53%)
/home/travis/build/icyphy/ptII/ptolemy/actor/lib/test/VariableClock.tcl
preinitializing
resolving types
initializing
executing number 1
wrapping up
idle
9 ms. Memory: 266240K Free: 139880K (53%)
Completed execution with 11 iterations
preinitializing
resolving types
initializing
executing number 1
wrapping up
idle
7 ms. Memory: 266240K Free: 138328K (52%)
Completed execution with 10 iterations
01/18/20 06:50:42
Failed: 0  Total Tests: 233  ((Passed: 233, Newly Passed: 0)  Known Failed: 0) /home/travis/build/icyphy/ptII/ptolemy/actor/lib/test
----------------- testing (KnownFailure) /home/travis/build/icyphy/ptII/ptolemy/actor/lib/test/auto/knownFailedTests/PublisherPortToplevelSubscriber.xml
0 ms. Memory: 266240K Free: 134760K (51%)
Known Failure: java.lang.reflect.InvocationTargetException
----------------- testing (KnownFailure) /home/travis/build/icyphy/ptII/ptolemy/actor/lib/test/auto/knownFailedTests/PublisherSubscriberPortToplevel.xml
1 ms. Memory: 266240K Free: 131174K (49%)
Known Failure: java.lang.reflect.InvocationTargetException
----------------- testing (KnownFailure) /home/travis/build/icyphy/ptII/ptolemy/actor/lib/test/auto/knownFailedTests/PublisherSubscriptionAggregatorPort.xml
0 ms. Memory: 266240K Free: 127078K (48%)
Known Failure: java.lang.reflect.InvocationTargetException
----------------- testing (KnownFailure) /home/travis/build/icyphy/ptII/ptolemy/actor/lib/test/auto/knownFailedTests/sizedarray3.xml
5 ms. Memory: 266240K Free: 122982K (46%)
Known Failure: java.lang.reflect.InvocationTargetException
No auto/linux-amd64/*.xml tests in /home/travis/build/icyphy/ptII/ptolemy/actor/lib/test
AutoTests.java: About to close Vertx.
AutoTests.java: Vertx closed.

===========================================================================================
----------------- testing Sat Jan 18 06:50:43 UTC 2020 /home/travis/build/icyphy/ptII/ptolemy/actor/lib/test/auto/AbsoluteValue.xml
----------------- Instantiating /home/travis/build/icyphy/ptII/ptolemy/actor/lib/test/auto/AbsoluteValue.xml
8 ms. Memory: 266240K Free: 99944K (38%)
----------------- Invoking toplevel() on ptolemy.moml.MoMLSimpleApplication@30eba873
----------------- Done invoking toplevel() on ptolemy.moml.MoMLSimpleApplication@30eba873
reloadAllAccessors: .AbsoluteValue

===========================================================================================
----------------- testing Sat Jan 18 06:50:43 UTC 2020 /home/travis/build/icyphy/ptII/ptolemy/actor/lib/test/auto/AbsoluteValue2.xml
----------------- Instantiating /home/travis/build/icyphy/ptII/ptolemy/actor/lib/test/auto/AbsoluteValue2.xml
12 ms. Memory: 266240K Free: 92262K (35%)
----------------- Invoking toplevel() on ptolemy.moml.MoMLSimpleApplication@72b937c2
----------------- Done invoking toplevel() on ptolemy.moml.MoMLSimpleApplication@72b937c2
reloadAllAccessors: .AbsoluteValue2

===========================================================================================
----------------- testing Sat Jan 18 06:50:43 UTC 2020 /home/travis/build/icyphy/ptII/ptolemy/actor/lib/test/auto/Accumulator.xml
----------------- Instantiating /home/travis/build/icyphy/ptII/ptolemy/actor/lib/test/auto/Accumulator.xml
7 ms. Memory: 266240K Free: 86118K (32%)
----------------- Invoking toplevel() on ptolemy.moml.MoMLSimpleApplication@74a3261
----------------- Done invoking toplevel() on ptolemy.moml.MoMLSimpleApplication@74a3261
reloadAllAccessors: .Accumulator

===========================================================================================
----------------- testing Sat Jan 18 06:50:43 UTC 2020 /home/travis/build/icyphy/ptII/ptolemy/actor/lib/test/auto/Accumulator2.xml
----------------- Instantiating /home/travis/build/icyphy/ptII/ptolemy/actor/lib/test/auto/Accumulator2.xml
3 ms. Memory: 266240K Free: 80488K (30%)
----------------- Invoking toplevel() on ptolemy.moml.MoMLSimpleApplication@8f738d3
----------------- Done invoking toplevel() on ptolemy.moml.MoMLSimpleApplication@8f738d3
reloadAllAccessors: .Accumulator2

===========================================================================================
----------------- testing Sat Jan 18 06:50:43 UTC 2020 /home/travis/build/icyphy/ptII/ptolemy/actor/lib/test/auto/Accumulator3.xml
----------------- Instantiating /home/travis/build/icyphy/ptII/ptolemy/actor/lib/test/auto/Accumulator3.xml
9 ms. Memory: 266240K Free: 215107K (81%)
----------------- Invoking toplevel() on ptolemy.moml.MoMLSimpleApplication@32fea19c
----------------- Done invoking toplevel() on ptolemy.moml.MoMLSimpleApplication@32fea19c
reloadAllAccessors: .Accumulator3

===========================================================================================
----------------- testing Sat Jan 18 06:50:43 UTC 2020 /home/travis/build/icyphy/ptII/ptolemy/actor/lib/test/auto/ArrayAppend.xml
----------------- Instantiating /home/travis/build/icyphy/ptII/ptolemy/actor/lib/test/auto/ArrayAppend.xml
7 ms. Memory: 266240K Free: 208932K (78%)
----------------- Invoking toplevel() on ptolemy.moml.MoMLSimpleApplication@6ee37994
----------------- Done invoking toplevel() on ptolemy.moml.MoMLSimpleApplication@6ee37994
reloadAllAccessors: .ArrayAppend

===========================================================================================
----------------- testing Sat Jan 18 06:50:43 UTC 2020 /home/travis/build/icyphy/ptII/ptolemy/actor/lib/test/auto/ArrayAppend2.xml
----------------- Instantiating /home/travis/build/icyphy/ptII/ptolemy/actor/lib/test/auto/ArrayAppend2.xml
262 ms. Memory: 266240K Free: 150085K (56%)
----------------- Invoking toplevel() on ptolemy.moml.MoMLSimpleApplication@42d7e932
----------------- Done invoking toplevel() on ptolemy.moml.MoMLSimpleApplication@42d7e932
reloadAllAccessors: .ArrayAppend2

===========================================================================================
----------------- testing Sat Jan 18 06:50:44 UTC 2020 /home/travis/build/icyphy/ptII/ptolemy/actor/lib/test/auto/ArrayAppend3.xml
----------------- Instantiating /home/travis/build/icyphy/ptII/ptolemy/actor/lib/test/auto/ArrayAppend3.xml
4 ms. Memory: 266240K Free: 144451K (54%)
----------------- Invoking toplevel() on ptolemy.moml.MoMLSimpleApplication@668d2c09
----------------- Done invoking toplevel() on ptolemy.moml.MoMLSimpleApplication@668d2c09
reloadAllAccessors: .ArrayAppend3

===========================================================================================
----------------- testing Sat Jan 18 06:50:44 UTC 2020 /home/travis/build/icyphy/ptII/ptolemy/actor/lib/test/auto/ArrayAppend4.xml
----------------- Instantiating /home/travis/build/icyphy/ptII/ptolemy/actor/lib/test/auto/ArrayAppend4.xml
2 ms. Memory: 266240K Free: 139331K (52%)
----------------- Invoking toplevel() on ptolemy.moml.MoMLSimpleApplication@13afbc28
----------------- Done invoking toplevel() on ptolemy.moml.MoMLSimpleApplication@13afbc28
reloadAllAccessors: .ArrayAppend4

===========================================================================================
----------------- testing Sat Jan 18 06:50:44 UTC 2020 /home/travis/build/icyphy/ptII/ptolemy/actor/lib/test/auto/ArrayAppend5.xml
----------------- Instantiating /home/travis/build/icyphy/ptII/ptolemy/actor/lib/test/auto/ArrayAppend5.xml
1 ms. Memory: 266240K Free: 134211K (50%)
----------------- Invoking toplevel() on ptolemy.moml.MoMLSimpleApplication@266a0830
----------------- Done invoking toplevel() on ptolemy.moml.MoMLSimpleApplication@266a0830
reloadAllAccessors: .ArrayAppend5

===========================================================================================
----------------- testing Sat Jan 18 06:50:44 UTC 2020 /home/travis/build/icyphy/ptII/ptolemy/actor/lib/test/auto/ArrayAppend6.xml
----------------- Instantiating /home/travis/build/icyphy/ptII/ptolemy/actor/lib/test/auto/ArrayAppend6.xml
2 ms. Memory: 266240K Free: 129091K (48%)
----------------- Invoking toplevel() on ptolemy.moml.MoMLSimpleApplication@1db4e5fb
----------------- Done invoking toplevel() on ptolemy.moml.MoMLSimpleApplication@1db4e5fb
reloadAllAccessors: .ArrayAppend6

===========================================================================================
----------------- testing Sat Jan 18 06:50:44 UTC 2020 /home/travis/build/icyphy/ptII/ptolemy/actor/lib/test/auto/ArrayAppendPerformanceTest.xml
----------------- Instantiating /home/travis/build/icyphy/ptII/ptolemy/actor/lib/test/auto/ArrayAppendPerformanceTest.xml
36 ms. Memory: 266240K Free: 118339K (44%)
----------------- Invoking toplevel() on ptolemy.moml.MoMLSimpleApplication@5f44e444
----------------- Done invoking toplevel() on ptolemy.moml.MoMLSimpleApplication@5f44e444
reloadAllAccessors: .ArrayAppendPerformanceTest

===========================================================================================
----------------- testing Sat Jan 18 06:50:44 UTC 2020 /home/travis/build/icyphy/ptII/ptolemy/actor/lib/test/auto/ArrayAppendWithEmptyInput.xml
----------------- Instantiating /home/travis/build/icyphy/ptII/ptolemy/actor/lib/test/auto/ArrayAppendWithEmptyInput.xml
11 ms. Memory: 266240K Free: 110659K (42%)
----------------- Invoking toplevel() on ptolemy.moml.MoMLSimpleApplication@4b30a2b1
----------------- Done invoking toplevel() on ptolemy.moml.MoMLSimpleApplication@4b30a2b1
reloadAllAccessors: .ArrayAppendWithEmptyInput

===========================================================================================
----------------- testing Sat Jan 18 06:50:44 UTC 2020 /home/travis/build/icyphy/ptII/ptolemy/actor/lib/test/auto/ArrayAverage.xml
----------------- Instantiating /home/travis/build/icyphy/ptII/ptolemy/actor/lib/test/auto/ArrayAverage.xml
4 ms. Memory: 266240K Free: 102981K (39%)
----------------- Invoking toplevel() on ptolemy.moml.MoMLSimpleApplication@6e23d8d9
----------------- Done invoking toplevel() on ptolemy.moml.MoMLSimpleApplication@6e23d8d9
reloadAllAccessors: .ArrayAverage

===========================================================================================
----------------- testing Sat Jan 18 06:50:44 UTC 2020 /home/travis/build/icyphy/ptII/ptolemy/actor/lib/test/auto/ArrayContains.xml
----------------- Instantiating /home/travis/build/icyphy/ptII/ptolemy/actor/lib/test/auto/ArrayContains.xml
15 ms. Memory: 266240K Free: 96837K (36%)
----------------- Invoking toplevel() on ptolemy.moml.MoMLSimpleApplication@52d87eed
----------------- Done invoking toplevel() on ptolemy.moml.MoMLSimpleApplication@52d87eed
reloadAllAccessors: .ArrayContains

===========================================================================================
----------------- testing Sat Jan 18 06:50:44 UTC 2020 /home/travis/build/icyphy/ptII/ptolemy/actor/lib/test/auto/ArrayElement.xml
----------------- Instantiating /home/travis/build/icyphy/ptII/ptolemy/actor/lib/test/auto/ArrayElement.xml
4 ms. Memory: 266240K Free: 91203K (34%)
----------------- Invoking toplevel() on ptolemy.moml.MoMLSimpleApplication@32b70b40
----------------- Done invoking toplevel() on ptolemy.moml.MoMLSimpleApplication@32b70b40
reloadAllAccessors: .ArrayElement

===========================================================================================
----------------- testing Sat Jan 18 06:50:44 UTC 2020 /home/travis/build/icyphy/ptII/ptolemy/actor/lib/test/auto/ArrayElementAsMatrix.xml
----------------- Instantiating /home/travis/build/icyphy/ptII/ptolemy/actor/lib/test/auto/ArrayElementAsMatrix.xml
15 ms. Memory: 266240K Free: 80963K (30%)
----------------- Invoking toplevel() on ptolemy.moml.MoMLSimpleApplication@50059d7d
----------------- Done invoking toplevel() on ptolemy.moml.MoMLSimpleApplication@50059d7d
reloadAllAccessors: .ArrayElementAsMatrix

===========================================================================================
----------------- testing Sat Jan 18 06:50:44 UTC 2020 /home/travis/build/icyphy/ptII/ptolemy/actor/lib/test/auto/ArrayElementI.xml
----------------- Instantiating /home/travis/build/icyphy/ptII/ptolemy/actor/lib/test/auto/ArrayElementI.xml
5 ms. Memory: 266240K Free: 75843K (28%)
----------------- Invoking toplevel() on ptolemy.moml.MoMLSimpleApplication@1c5bf9d6
----------------- Done invoking toplevel() on ptolemy.moml.MoMLSimpleApplication@1c5bf9d6
reloadAllAccessors: .ArrayElementI

===========================================================================================
----------------- testing Sat Jan 18 06:50:44 UTC 2020 /home/travis/build/icyphy/ptII/ptolemy/actor/lib/test/auto/ArrayExtract.xml
----------------- Instantiating /home/travis/build/icyphy/ptII/ptolemy/actor/lib/test/auto/ArrayExtract.xml
5 ms. Memory: 266240K Free: 209536K (79%)
----------------- Invoking toplevel() on ptolemy.moml.MoMLSimpleApplication@26baab4f
----------------- Done invoking toplevel() on ptolemy.moml.MoMLSimpleApplication@26baab4f
reloadAllAccessors: .ArrayExtract

===========================================================================================
----------------- testing Sat Jan 18 06:50:44 UTC 2020 /home/travis/build/icyphy/ptII/ptolemy/actor/lib/test/auto/ArrayExtract2.xml
----------------- Instantiating /home/travis/build/icyphy/ptII/ptolemy/actor/lib/test/auto/ArrayExtract2.xml
2 ms. Memory: 266240K Free: 204416K (77%)
----------------- Invoking toplevel() on ptolemy.moml.MoMLSimpleApplication@9979d50
----------------- Done invoking toplevel() on ptolemy.moml.MoMLSimpleApplication@9979d50
reloadAllAccessors: .ArrayExtract2

===========================================================================================
----------------- testing Sat Jan 18 06:50:44 UTC 2020 /home/travis/build/icyphy/ptII/ptolemy/actor/lib/test/auto/ArrayLength.xml
----------------- Instantiating /home/travis/build/icyphy/ptII/ptolemy/actor/lib/test/auto/ArrayLength.xml
2 ms. Memory: 266240K Free: 200320K (75%)
----------------- Invoking toplevel() on ptolemy.moml.MoMLSimpleApplication@22e9e878
----------------- Done invoking toplevel() on ptolemy.moml.MoMLSimpleApplication@22e9e878
reloadAllAccessors: .ArrayLength

===========================================================================================
----------------- testing Sat Jan 18 06:50:44 UTC 2020 /home/travis/build/icyphy/ptII/ptolemy/actor/lib/test/auto/ArrayLevelCrossing.xml
----------------- Instantiating /home/travis/build/icyphy/ptII/ptolemy/actor/lib/test/auto/ArrayLevelCrossing.xml
6 ms. Memory: 266240K Free: 192638K (72%)
----------------- Invoking toplevel() on ptolemy.moml.MoMLSimpleApplication@1807c1de
----------------- Done invoking toplevel() on ptolemy.moml.MoMLSimpleApplication@1807c1de
reloadAllAccessors: .ArrayLevelCrossing

===========================================================================================
----------------- testing Sat Jan 18 06:50:44 UTC 2020 /home/travis/build/icyphy/ptII/ptolemy/actor/lib/test/auto/ArrayLevelCrossing2.xml
----------------- Instantiating /home/travis/build/icyphy/ptII/ptolemy/actor/lib/test/auto/ArrayLevelCrossing2.xml
7 ms. Memory: 266240K Free: 184960K (69%)
----------------- Invoking toplevel() on ptolemy.moml.MoMLSimpleApplication@458f8e0a
----------------- Done invoking toplevel() on ptolemy.moml.MoMLSimpleApplication@458f8e0a
reloadAllAccessors: .ArrayLevelCrossing2

===========================================================================================
----------------- testing Sat Jan 18 06:50:44 UTC 2020 /home/travis/build/icyphy/ptII/ptolemy/actor/lib/test/auto/ArrayPeakSearch.xml
----------------- Instantiating /home/travis/build/icyphy/ptII/ptolemy/actor/lib/test/auto/ArrayPeakSearch.xml
6 ms. Memory: 266240K Free: 176254K (66%)
----------------- Invoking toplevel() on ptolemy.moml.MoMLSimpleApplication@2543b3c1
----------------- Done invoking toplevel() on ptolemy.moml.MoMLSimpleApplication@2543b3c1
reloadAllAccessors: .ArrayPeakSearch

===========================================================================================
----------------- testing Sat Jan 18 06:50:44 UTC 2020 /home/travis/build/icyphy/ptII/ptolemy/actor/lib/test/auto/ArrayPeakSearch2.xml
----------------- Instantiating /home/travis/build/icyphy/ptII/ptolemy/actor/lib/test/auto/ArrayPeakSearch2.xml
8 ms. Memory: 266240K Free: 165983K (62%)
----------------- Invoking toplevel() on ptolemy.moml.MoMLSimpleApplication@3c2647e
----------------- Done invoking toplevel() on ptolemy.moml.MoMLSimpleApplication@3c2647e
reloadAllAccessors: .ArrayPeakSearch2

===========================================================================================
----------------- testing Sat Jan 18 06:50:44 UTC 2020 /home/travis/build/icyphy/ptII/ptolemy/actor/lib/test/auto/ArrayPeakSearch3.xml
----------------- Instantiating /home/travis/build/icyphy/ptII/ptolemy/actor/lib/test/auto/ArrayPeakSearch3.xml
6 ms. Memory: 266240K Free: 156798K (59%)
----------------- Invoking toplevel() on ptolemy.moml.MoMLSimpleApplication@4a75963e
----------------- Done invoking toplevel() on ptolemy.moml.MoMLSimpleApplication@4a75963e
reloadAllAccessors: .ArrayPeakSearch3

===========================================================================================
----------------- testing Sat Jan 18 06:50:44 UTC 2020 /home/travis/build/icyphy/ptII/ptolemy/actor/lib/test/auto/ArrayRemoveElement.xml
----------------- Instantiating /home/travis/build/icyphy/ptII/ptolemy/actor/lib/test/auto/ArrayRemoveElement.xml
3 ms. Memory: 266240K Free: 149120K (56%)
----------------- Invoking toplevel() on ptolemy.moml.MoMLSimpleApplication@632db414
----------------- Done invoking toplevel() on ptolemy.moml.MoMLSimpleApplication@632db414
reloadAllAccessors: .ArrayRemoveElement

===========================================================================================
----------------- testing Sat Jan 18 06:50:44 UTC 2020 /home/travis/build/icyphy/ptII/ptolemy/actor/lib/test/auto/ArraySort.xml
----------------- Instantiating /home/travis/build/icyphy/ptII/ptolemy/actor/lib/test/auto/ArraySort.xml
6 ms. Memory: 266240K Free: 139904K (53%)
----------------- Invoking toplevel() on ptolemy.moml.MoMLSimpleApplication@3ee7ef2
----------------- Done invoking toplevel() on ptolemy.moml.MoMLSimpleApplication@3ee7ef2
reloadAllAccessors: .ArraySort

===========================================================================================
----------------- testing Sat Jan 18 06:50:44 UTC 2020 /home/travis/build/icyphy/ptII/ptolemy/actor/lib/test/auto/ArraySum.xml
----------------- Instantiating /home/travis/build/icyphy/ptII/ptolemy/actor/lib/test/auto/ArraySum.xml
5 ms. Memory: 266240K Free: 134784K (51%)
----------------- Invoking toplevel() on ptolemy.moml.MoMLSimpleApplication@5f4b863c
----------------- Done invoking toplevel() on ptolemy.moml.MoMLSimpleApplication@5f4b863c
reloadAllAccessors: .ArraySum

===========================================================================================
----------------- testing Sat Jan 18 06:50:44 UTC 2020 /home/travis/build/icyphy/ptII/ptolemy/actor/lib/test/auto/ArrayToElements.xml
----------------- Instantiating /home/travis/build/icyphy/ptII/ptolemy/actor/lib/test/auto/ArrayToElements.xml
8 ms. Memory: 266240K Free: 129150K (49%)
----------------- Invoking toplevel() on ptolemy.moml.MoMLSimpleApplication@2e6b7eb2
----------------- Done invoking toplevel() on ptolemy.moml.MoMLSimpleApplication@2e6b7eb2
reloadAllAccessors: .ArrayToElements

===========================================================================================
----------------- testing Sat Jan 18 06:50:45 UTC 2020 /home/travis/build/icyphy/ptII/ptolemy/actor/lib/test/auto/ArrayToMatrix.xml
----------------- Instantiating /home/travis/build/icyphy/ptII/ptolemy/actor/lib/test/auto/ArrayToMatrix.xml
11 ms. Memory: 266240K Free: 115328K (43%)
----------------- Invoking toplevel() on ptolemy.moml.MoMLSimpleApplication@287ad2f9
----------------- Done invoking toplevel() on ptolemy.moml.MoMLSimpleApplication@287ad2f9
reloadAllAccessors: .ArrayToMatrix

===========================================================================================
----------------- testing Sat Jan 18 06:50:45 UTC 2020 /home/travis/build/icyphy/ptII/ptolemy/actor/lib/test/auto/ArrayUpdate1.xml
----------------- Instantiating /home/travis/build/icyphy/ptII/ptolemy/actor/lib/test/auto/ArrayUpdate1.xml
5 ms. Memory: 266240K Free: 110208K (41%)
----------------- Invoking toplevel() on ptolemy.moml.MoMLSimpleApplication@787786c
----------------- Done invoking toplevel() on ptolemy.moml.MoMLSimpleApplication@787786c
reloadAllAccessors: .ArrayUpdate1

===========================================================================================
----------------- testing Sat Jan 18 06:50:45 UTC 2020 /home/travis/build/icyphy/ptII/ptolemy/actor/lib/test/auto/ArrayUpdate2.xml
----------------- Instantiating /home/travis/build/icyphy/ptII/ptolemy/actor/lib/test/auto/ArrayUpdate2.xml
6 ms. Memory: 266240K Free: 104064K (39%)
----------------- Invoking toplevel() on ptolemy.moml.MoMLSimpleApplication@3f91180e
----------------- Done invoking toplevel() on ptolemy.moml.MoMLSimpleApplication@3f91180e
reloadAllAccessors: .ArrayUpdate2

===========================================================================================
----------------- testing Sat Jan 18 06:50:45 UTC 2020 /home/travis/build/icyphy/ptII/ptolemy/actor/lib/test/auto/ArrayUpdate3.xml
----------------- Instantiating /home/travis/build/icyphy/ptII/ptolemy/actor/lib/test/auto/ArrayUpdate3.xml
7 ms. Memory: 266240K Free: 98944K (37%)
----------------- Invoking toplevel() on ptolemy.moml.MoMLSimpleApplication@6df8f050
----------------- Done invoking toplevel() on ptolemy.moml.MoMLSimpleApplication@6df8f050
reloadAllAccessors: .ArrayUpdate3

===========================================================================================
----------------- testing Sat Jan 18 06:50:45 UTC 2020 /home/travis/build/icyphy/ptII/ptolemy/actor/lib/test/auto/Assert1.xml
----------------- Instantiating /home/travis/build/icyphy/ptII/ptolemy/actor/lib/test/auto/Assert1.xml
5 ms. Memory: 266240K Free: 94848K (36%)
----------------- Invoking toplevel() on ptolemy.moml.MoMLSimpleApplication@3999da45
----------------- Done invoking toplevel() on ptolemy.moml.MoMLSimpleApplication@3999da45
reloadAllAccessors: .Assert1

===========================================================================================
----------------- testing Sat Jan 18 06:50:45 UTC 2020 /home/travis/build/icyphy/ptII/ptolemy/actor/lib/test/auto/Assert2.xml
----------------- Instantiating /home/travis/build/icyphy/ptII/ptolemy/actor/lib/test/auto/Assert2.xml
2 ms. Memory: 266240K Free: 89214K (34%)
----------------- Invoking toplevel() on ptolemy.moml.MoMLSimpleApplication@367e480d
----------------- Done invoking toplevel() on ptolemy.moml.MoMLSimpleApplication@367e480d
reloadAllAccessors: .Assert2

===========================================================================================
----------------- testing Sat Jan 18 06:50:45 UTC 2020 /home/travis/build/icyphy/ptII/ptolemy/actor/lib/test/auto/BooleanMultiplexor.xml
----------------- Instantiating /home/travis/build/icyphy/ptII/ptolemy/actor/lib/test/auto/BooleanMultiplexor.xml
2 ms. Memory: 266240K Free: 84063K (32%)
----------------- Invoking toplevel() on ptolemy.moml.MoMLSimpleApplication@3156480c
----------------- Done invoking toplevel() on ptolemy.moml.MoMLSimpleApplication@3156480c
reloadAllAccessors: .BooleanMultiplexor

===========================================================================================
----------------- testing Sat Jan 18 06:50:45 UTC 2020 /home/travis/build/icyphy/ptII/ptolemy/actor/lib/test/auto/BooleanMultiplexor2.xml
----------------- Instantiating /home/travis/build/icyphy/ptII/ptolemy/actor/lib/test/auto/BooleanMultiplexor2.xml
11 ms. Memory: 266240K Free: 77440K (29%)
----------------- Invoking toplevel() on ptolemy.moml.MoMLSimpleApplication@5514403a
----------------- Done invoking toplevel() on ptolemy.moml.MoMLSimpleApplication@5514403a
reloadAllAccessors: .BooleanMultiplexor2

===========================================================================================
----------------- testing Sat Jan 18 06:50:45 UTC 2020 /home/travis/build/icyphy/ptII/ptolemy/actor/lib/test/auto/BooleanMultiplexor3.xml
----------------- Instantiating /home/travis/build/icyphy/ptII/ptolemy/actor/lib/test/auto/BooleanMultiplexor3.xml
4 ms. Memory: 266240K Free: 73854K (28%)
----------------- Invoking toplevel() on ptolemy.moml.MoMLSimpleApplication@2da52c92
----------------- Done invoking toplevel() on ptolemy.moml.MoMLSimpleApplication@2da52c92
reloadAllAccessors: .BooleanMultiplexor3

===========================================================================================
----------------- testing Sat Jan 18 06:50:45 UTC 2020 /home/travis/build/icyphy/ptII/ptolemy/actor/lib/test/auto/BooleanSelect.xml
----------------- Instantiating /home/travis/build/icyphy/ptII/ptolemy/actor/lib/test/auto/BooleanSelect.xml
3 ms. Memory: 266240K Free: 216175K (81%)
----------------- Invoking toplevel() on ptolemy.moml.MoMLSimpleApplication@1e8c616d
----------------- Done invoking toplevel() on ptolemy.moml.MoMLSimpleApplication@1e8c616d
reloadAllAccessors: .BooleanSelect

===========================================================================================
----------------- testing Sat Jan 18 06:50:45 UTC 2020 /home/travis/build/icyphy/ptII/ptolemy/actor/lib/test/auto/BooleanSelect2.xml
----------------- Instantiating /home/travis/build/icyphy/ptII/ptolemy/actor/lib/test/auto/BooleanSelect2.xml
2 ms. Memory: 266240K Free: 211584K (79%)
----------------- Invoking toplevel() on ptolemy.moml.MoMLSimpleApplication@2499e5b1
----------------- Done invoking toplevel() on ptolemy.moml.MoMLSimpleApplication@2499e5b1
reloadAllAccessors: .BooleanSelect2

===========================================================================================
----------------- testing Sat Jan 18 06:50:45 UTC 2020 /home/travis/build/icyphy/ptII/ptolemy/actor/lib/test/auto/BooleanSwitch.xml
----------------- Instantiating /home/travis/build/icyphy/ptII/ptolemy/actor/lib/test/auto/BooleanSwitch.xml
6 ms. Memory: 266240K Free: 204919K (77%)
----------------- Invoking toplevel() on ptolemy.moml.MoMLSimpleApplication@f774409
----------------- Done invoking toplevel() on ptolemy.moml.MoMLSimpleApplication@f774409
reloadAllAccessors: .BooleanSwitch

===========================================================================================
----------------- testing Sat Jan 18 06:50:45 UTC 2020 /home/travis/build/icyphy/ptII/ptolemy/actor/lib/test/auto/BooleanSwitch2.xml
----------------- Instantiating /home/travis/build/icyphy/ptII/ptolemy/actor/lib/test/auto/BooleanSwitch2.xml
2 ms. Memory: 266240K Free: 200830K (75%)
----------------- Invoking toplevel() on ptolemy.moml.MoMLSimpleApplication@5e8230c9
----------------- Done invoking toplevel() on ptolemy.moml.MoMLSimpleApplication@5e8230c9
reloadAllAccessors: .BooleanSwitch2

===========================================================================================
----------------- testing Sat Jan 18 06:50:45 UTC 2020 /home/travis/build/icyphy/ptII/ptolemy/actor/lib/test/auto/BooleanSwitchCloningBugWithClassRelationGroup.xml
----------------- Instantiating /home/travis/build/icyphy/ptII/ptolemy/actor/lib/test/auto/BooleanSwitchCloningBugWithClassRelationGroup.xml
2 ms. Memory: 266240K Free: 194176K (73%)
----------------- Invoking toplevel() on ptolemy.moml.MoMLSimpleApplication@ef4dbb0
----------------- Done invoking toplevel() on ptolemy.moml.MoMLSimpleApplication@ef4dbb0
reloadAllAccessors: .BooleanSwitchCloningBugWithClassRelationGroup

===========================================================================================
----------------- testing Sat Jan 18 06:50:45 UTC 2020 /home/travis/build/icyphy/ptII/ptolemy/actor/lib/test/auto/BusActors.xml
----------------- Instantiating /home/travis/build/icyphy/ptII/ptolemy/actor/lib/test/auto/BusActors.xml
6 ms. Memory: 266240K Free: 186494K (70%)
----------------- Invoking toplevel() on ptolemy.moml.MoMLSimpleApplication@4b12eabc
----------------- Done invoking toplevel() on ptolemy.moml.MoMLSimpleApplication@4b12eabc
reloadAllAccessors: .BusActors

===========================================================================================
----------------- testing Sat Jan 18 06:50:45 UTC 2020 /home/travis/build/icyphy/ptII/ptolemy/actor/lib/test/auto/ClassWrapper.xml
----------------- Instantiating /home/travis/build/icyphy/ptII/ptolemy/actor/lib/test/auto/ClassWrapper.xml
3 ms. Memory: 266240K Free: 181888K (68%)
----------------- Invoking toplevel() on ptolemy.moml.MoMLSimpleApplication@5004141
----------------- Done invoking toplevel() on ptolemy.moml.MoMLSimpleApplication@5004141
reloadAllAccessors: .ClassWrapper

===========================================================================================
----------------- testing Sat Jan 18 06:50:45 UTC 2020 /home/travis/build/icyphy/ptII/ptolemy/actor/lib/test/auto/Clock.xml
----------------- Instantiating /home/travis/build/icyphy/ptII/ptolemy/actor/lib/test/auto/Clock.xml
2 ms. Memory: 266240K Free: 178302K (67%)
----------------- Invoking toplevel() on ptolemy.moml.MoMLSimpleApplication@2cf50a65
----------------- Done invoking toplevel() on ptolemy.moml.MoMLSimpleApplication@2cf50a65
reloadAllAccessors: .Clock

===========================================================================================
----------------- testing Sat Jan 18 06:50:45 UTC 2020 /home/travis/build/icyphy/ptII/ptolemy/actor/lib/test/auto/Clock10.xml
----------------- Instantiating /home/travis/build/icyphy/ptII/ptolemy/actor/lib/test/auto/Clock10.xml
4 ms. Memory: 266240K Free: 172158K (65%)
----------------- Invoking toplevel() on ptolemy.moml.MoMLSimpleApplication@358b6a06
----------------- Done invoking toplevel() on ptolemy.moml.MoMLSimpleApplication@358b6a06
reloadAllAccessors: .Clock10

===========================================================================================
----------------- testing Sat Jan 18 06:50:45 UTC 2020 /home/travis/build/icyphy/ptII/ptolemy/actor/lib/test/auto/Clock11.xml
----------------- Instantiating /home/travis/build/icyphy/ptII/ptolemy/actor/lib/test/auto/Clock11.xml
7 ms. Memory: 266240K Free: 166528K (63%)
----------------- Invoking toplevel() on ptolemy.moml.MoMLSimpleApplication@2834b2cf
----------------- Done invoking toplevel() on ptolemy.moml.MoMLSimpleApplication@2834b2cf
reloadAllAccessors: .Clock11

===========================================================================================
----------------- testing Sat Jan 18 06:50:45 UTC 2020 /home/travis/build/icyphy/ptII/ptolemy/actor/lib/test/auto/Clock12.xml
----------------- Instantiating /home/travis/build/icyphy/ptII/ptolemy/actor/lib/test/auto/Clock12.xml
4 ms. Memory: 266240K Free: 160384K (60%)
----------------- Invoking toplevel() on ptolemy.moml.MoMLSimpleApplication@4c586ec5
----------------- Done invoking toplevel() on ptolemy.moml.MoMLSimpleApplication@4c586ec5
reloadAllAccessors: .Clock12

===========================================================================================
----------------- testing Sat Jan 18 06:50:45 UTC 2020 /home/travis/build/icyphy/ptII/ptolemy/actor/lib/test/auto/Clock13.xml
----------------- Instantiating /home/travis/build/icyphy/ptII/ptolemy/actor/lib/test/auto/Clock13.xml
6 ms. Memory: 266240K Free: 154719K (58%)
----------------- Invoking toplevel() on ptolemy.moml.MoMLSimpleApplication@8228138
----------------- Done invoking toplevel() on ptolemy.moml.MoMLSimpleApplication@8228138
reloadAllAccessors: .Clock13

===========================================================================================
----------------- testing Sat Jan 18 06:50:45 UTC 2020 /home/travis/build/icyphy/ptII/ptolemy/actor/lib/test/auto/Clock14.xml
----------------- Instantiating /home/travis/build/icyphy/ptII/ptolemy/actor/lib/test/auto/Clock14.xml
5 ms. Memory: 266240K Free: 148599K (56%)
----------------- Invoking toplevel() on ptolemy.moml.MoMLSimpleApplication@55cd82a2
----------------- Done invoking toplevel() on ptolemy.moml.MoMLSimpleApplication@55cd82a2
reloadAllAccessors: .Clock14

===========================================================================================
----------------- testing Sat Jan 18 06:50:45 UTC 2020 /home/travis/build/icyphy/ptII/ptolemy/actor/lib/test/auto/Clock15.xml
----------------- Instantiating /home/travis/build/icyphy/ptII/ptolemy/actor/lib/test/auto/Clock15.xml
4 ms. Memory: 266240K Free: 142431K (53%)
----------------- Invoking toplevel() on ptolemy.moml.MoMLSimpleApplication@393b4737
----------------- Done invoking toplevel() on ptolemy.moml.MoMLSimpleApplication@393b4737
reloadAllAccessors: .Clock15

===========================================================================================
----------------- testing Sat Jan 18 06:50:45 UTC 2020 /home/travis/build/icyphy/ptII/ptolemy/actor/lib/test/auto/Clock16.xml
----------------- Instantiating /home/travis/build/icyphy/ptII/ptolemy/actor/lib/test/auto/Clock16.xml
43 ms. Memory: 266240K Free: 128111K (48%)
----------------- Invoking toplevel() on ptolemy.moml.MoMLSimpleApplication@2c8c1173
----------------- Done invoking toplevel() on ptolemy.moml.MoMLSimpleApplication@2c8c1173
reloadAllAccessors: .Clock16

===========================================================================================
----------------- testing Sat Jan 18 06:50:45 UTC 2020 /home/travis/build/icyphy/ptII/ptolemy/actor/lib/test/auto/Clock17.xml
----------------- Instantiating /home/travis/build/icyphy/ptII/ptolemy/actor/lib/test/auto/Clock17.xml
12 ms. Memory: 266240K Free: 113775K (43%)
----------------- Invoking toplevel() on ptolemy.moml.MoMLSimpleApplication@6f29096a
----------------- Done invoking toplevel() on ptolemy.moml.MoMLSimpleApplication@6f29096a
reloadAllAccessors: .Clock17

===========================================================================================
----------------- testing Sat Jan 18 06:50:45 UTC 2020 /home/travis/build/icyphy/ptII/ptolemy/actor/lib/test/auto/Clock18.xml
----------------- Instantiating /home/travis/build/icyphy/ptII/ptolemy/actor/lib/test/auto/Clock18.xml
19 ms. Memory: 266240K Free: 100992K (38%)
----------------- Invoking toplevel() on ptolemy.moml.MoMLSimpleApplication@669e410
----------------- Done invoking toplevel() on ptolemy.moml.MoMLSimpleApplication@669e410
reloadAllAccessors: .Clock18

===========================================================================================
----------------- testing Sat Jan 18 06:50:45 UTC 2020 /home/travis/build/icyphy/ptII/ptolemy/actor/lib/test/auto/Clock19.xml
----------------- Instantiating /home/travis/build/icyphy/ptII/ptolemy/actor/lib/test/auto/Clock19.xml
10 ms. Memory: 266240K Free: 87680K (33%)
----------------- Invoking toplevel() on ptolemy.moml.MoMLSimpleApplication@66c53c4d
----------------- Done invoking toplevel() on ptolemy.moml.MoMLSimpleApplication@66c53c4d
reloadAllAccessors: .Clock19

===========================================================================================
----------------- testing Sat Jan 18 06:50:45 UTC 2020 /home/travis/build/icyphy/ptII/ptolemy/actor/lib/test/auto/Clock2.xml
----------------- Instantiating /home/travis/build/icyphy/ptII/ptolemy/actor/lib/test/auto/Clock2.xml
6 ms. Memory: 266240K Free: 83584K (31%)
----------------- Invoking toplevel() on ptolemy.moml.MoMLSimpleApplication@eea57f8
----------------- Done invoking toplevel() on ptolemy.moml.MoMLSimpleApplication@eea57f8
reloadAllAccessors: .Clock2

===========================================================================================
----------------- testing Sat Jan 18 06:50:45 UTC 2020 /home/travis/build/icyphy/ptII/ptolemy/actor/lib/test/auto/Clock20.xml
----------------- Instantiating /home/travis/build/icyphy/ptII/ptolemy/actor/lib/test/auto/Clock20.xml
6 ms. Memory: 266240K Free: 77950K (29%)
----------------- Invoking toplevel() on ptolemy.moml.MoMLSimpleApplication@5d00f765
----------------- Done invoking toplevel() on ptolemy.moml.MoMLSimpleApplication@5d00f765
reloadAllAccessors: .Clock20

===========================================================================================
----------------- testing Sat Jan 18 06:50:45 UTC 2020 /home/travis/build/icyphy/ptII/ptolemy/actor/lib/test/auto/Clock21.xml
----------------- Instantiating /home/travis/build/icyphy/ptII/ptolemy/actor/lib/test/auto/Clock21.xml
4 ms. Memory: 266240K Free: 72320K (27%)
----------------- Invoking toplevel() on ptolemy.moml.MoMLSimpleApplication@132ff1a0
----------------- Done invoking toplevel() on ptolemy.moml.MoMLSimpleApplication@132ff1a0
reloadAllAccessors: .Clock21

===========================================================================================
----------------- testing Sat Jan 18 06:50:45 UTC 2020 /home/travis/build/icyphy/ptII/ptolemy/actor/lib/test/auto/Clock22.xml
----------------- Instantiating /home/travis/build/icyphy/ptII/ptolemy/actor/lib/test/auto/Clock22.xml
42 ms. Memory: 514048K Free: 464512K (90%)
----------------- Invoking toplevel() on ptolemy.moml.MoMLSimpleApplication@6d8178fe
----------------- Done invoking toplevel() on ptolemy.moml.MoMLSimpleApplication@6d8178fe
reloadAllAccessors: .Clock22

===========================================================================================
----------------- testing Sat Jan 18 06:50:46 UTC 2020 /home/travis/build/icyphy/ptII/ptolemy/actor/lib/test/auto/Clock23.xml
----------------- Instantiating /home/travis/build/icyphy/ptII/ptolemy/actor/lib/test/auto/Clock23.xml
2 ms. Memory: 514048K Free: 458368K (89%)
----------------- Invoking toplevel() on ptolemy.moml.MoMLSimpleApplication@6be833d8
----------------- Done invoking toplevel() on ptolemy.moml.MoMLSimpleApplication@6be833d8
reloadAllAccessors: .Clock23

===========================================================================================
----------------- testing Sat Jan 18 06:50:46 UTC 2020 /home/travis/build/icyphy/ptII/ptolemy/actor/lib/test/auto/Clock24.xml
----------------- Instantiating /home/travis/build/icyphy/ptII/ptolemy/actor/lib/test/auto/Clock24.xml
3 ms. Memory: 514048K Free: 452734K (88%)
----------------- Invoking toplevel() on ptolemy.moml.MoMLSimpleApplication@563c62bf
----------------- Done invoking toplevel() on ptolemy.moml.MoMLSimpleApplication@563c62bf
reloadAllAccessors: .Clock24

===========================================================================================
----------------- testing Sat Jan 18 06:50:46 UTC 2020 /home/travis/build/icyphy/ptII/ptolemy/actor/lib/test/auto/Clock4.xml
----------------- Instantiating /home/travis/build/icyphy/ptII/ptolemy/actor/lib/test/auto/Clock4.xml
2 ms. Memory: 514048K Free: 448128K (87%)
----------------- Invoking toplevel() on ptolemy.moml.MoMLSimpleApplication@521c58eb
----------------- Done invoking toplevel() on ptolemy.moml.MoMLSimpleApplication@521c58eb
reloadAllAccessors: .Clock4

===========================================================================================
----------------- testing Sat Jan 18 06:50:46 UTC 2020 /home/travis/build/icyphy/ptII/ptolemy/actor/lib/test/auto/Clock5.xml
----------------- Instantiating /home/travis/build/icyphy/ptII/ptolemy/actor/lib/test/auto/Clock5.xml
2 ms. Memory: 514048K Free: 442494K (86%)
----------------- Invoking toplevel() on ptolemy.moml.MoMLSimpleApplication@6f994c5d
----------------- Done invoking toplevel() on ptolemy.moml.MoMLSimpleApplication@6f994c5d
reloadAllAccessors: .Clock5

===========================================================================================
----------------- testing Sat Jan 18 06:50:46 UTC 2020 /home/travis/build/icyphy/ptII/ptolemy/actor/lib/test/auto/Clock6.xml
----------------- Instantiating /home/travis/build/icyphy/ptII/ptolemy/actor/lib/test/auto/Clock6.xml
2 ms. Memory: 514048K Free: 438912K (85%)
----------------- Invoking toplevel() on ptolemy.moml.MoMLSimpleApplication@101eb40c
----------------- Done invoking toplevel() on ptolemy.moml.MoMLSimpleApplication@101eb40c
reloadAllAccessors: .Clock6

===========================================================================================
----------------- testing Sat Jan 18 06:50:46 UTC 2020 /home/travis/build/icyphy/ptII/ptolemy/actor/lib/test/auto/Clock7.xml
----------------- Instantiating /home/travis/build/icyphy/ptII/ptolemy/actor/lib/test/auto/Clock7.xml
3 ms. Memory: 514048K Free: 434302K (84%)
----------------- Invoking toplevel() on ptolemy.moml.MoMLSimpleApplication@d90af89
----------------- Done invoking toplevel() on ptolemy.moml.MoMLSimpleApplication@d90af89
reloadAllAccessors: .Clock7

===========================================================================================
----------------- testing Sat Jan 18 06:50:46 UTC 2020 /home/travis/build/icyphy/ptII/ptolemy/actor/lib/test/auto/Clock8.xml
----------------- Instantiating /home/travis/build/icyphy/ptII/ptolemy/actor/lib/test/auto/Clock8.xml
4 ms. Memory: 514048K Free: 428672K (83%)
----------------- Invoking toplevel() on ptolemy.moml.MoMLSimpleApplication@322157d0
----------------- Done invoking toplevel() on ptolemy.moml.MoMLSimpleApplication@322157d0
reloadAllAccessors: .Clock8

===========================================================================================
----------------- testing Sat Jan 18 06:50:46 UTC 2020 /home/travis/build/icyphy/ptII/ptolemy/actor/lib/test/auto/Clock9.xml
----------------- Instantiating /home/travis/build/icyphy/ptII/ptolemy/actor/lib/test/auto/Clock9.xml
5 ms. Memory: 514048K Free: 423552K (82%)
----------------- Invoking toplevel() on ptolemy.moml.MoMLSimpleApplication@1749054b
----------------- Done invoking toplevel() on ptolemy.moml.MoMLSimpleApplication@1749054b
reloadAllAccessors: .Clock9

===========================================================================================
----------------- testing Sat Jan 18 06:50:46 UTC 2020 /home/travis/build/icyphy/ptII/ptolemy/actor/lib/test/auto/CommDistDiscard.xml
----------------- Instantiating /home/travis/build/icyphy/ptII/ptolemy/actor/lib/test/auto/CommDistDiscard.xml
4 ms. Memory: 514048K Free: 417918K (81%)
----------------- Invoking toplevel() on ptolemy.moml.MoMLSimpleApplication@63cb398b
----------------- Done invoking toplevel() on ptolemy.moml.MoMLSimpleApplication@63cb398b
reloadAllAccessors: .CommDistDiscard

===========================================================================================
----------------- testing Sat Jan 18 06:50:46 UTC 2020 /home/travis/build/icyphy/ptII/ptolemy/actor/lib/test/auto/Commutator.xml
----------------- Instantiating /home/travis/build/icyphy/ptII/ptolemy/actor/lib/test/auto/Commutator.xml
6 ms. Memory: 514048K Free: 413822K (81%)
----------------- Invoking toplevel() on ptolemy.moml.MoMLSimpleApplication@2b3e61c6
----------------- Done invoking toplevel() on ptolemy.moml.MoMLSimpleApplication@2b3e61c6
reloadAllAccessors: .Commutator

===========================================================================================
----------------- testing Sat Jan 18 06:50:46 UTC 2020 /home/travis/build/icyphy/ptII/ptolemy/actor/lib/test/auto/Commutator2.xml
----------------- Instantiating /home/travis/build/icyphy/ptII/ptolemy/actor/lib/test/auto/Commutator2.xml
2 ms. Memory: 514048K Free: 409216K (80%)
----------------- Invoking toplevel() on ptolemy.moml.MoMLSimpleApplication@b45ad6
----------------- Done invoking toplevel() on ptolemy.moml.MoMLSimpleApplication@b45ad6
reloadAllAccessors: .Commutator2

===========================================================================================
----------------- testing Sat Jan 18 06:50:46 UTC 2020 /home/travis/build/icyphy/ptII/ptolemy/actor/lib/test/auto/Commutator3.xml
----------------- Instantiating /home/travis/build/icyphy/ptII/ptolemy/actor/lib/test/auto/Commutator3.xml
3 ms. Memory: 514048K Free: 404606K (79%)
----------------- Invoking toplevel() on ptolemy.moml.MoMLSimpleApplication@3de1fa8
----------------- Done invoking toplevel() on ptolemy.moml.MoMLSimpleApplication@3de1fa8
reloadAllAccessors: .Commutator3

===========================================================================================
----------------- testing Sat Jan 18 06:50:46 UTC 2020 /home/travis/build/icyphy/ptII/ptolemy/actor/lib/test/auto/Compare.xml
----------------- Instantiating /home/travis/build/icyphy/ptII/ptolemy/actor/lib/test/auto/Compare.xml
2 ms. Memory: 514048K Free: 398462K (78%)
----------------- Invoking toplevel() on ptolemy.moml.MoMLSimpleApplication@1c8740df
----------------- Done invoking toplevel() on ptolemy.moml.MoMLSimpleApplication@1c8740df
reloadAllAccessors: .Compare

===========================================================================================
----------------- testing Sat Jan 18 06:50:46 UTC 2020 /home/travis/build/icyphy/ptII/ptolemy/actor/lib/test/auto/CompareDE.xml
----------------- Instantiating /home/travis/build/icyphy/ptII/ptolemy/actor/lib/test/auto/CompareDE.xml
3 ms. Memory: 514048K Free: 391279K (76%)
----------------- Invoking toplevel() on ptolemy.moml.MoMLSimpleApplication@4759c5de
----------------- Done invoking toplevel() on ptolemy.moml.MoMLSimpleApplication@4759c5de
reloadAllAccessors: .CompareDE

===========================================================================================
----------------- testing Sat Jan 18 06:50:46 UTC 2020 /home/travis/build/icyphy/ptII/ptolemy/actor/lib/test/auto/ComplexDivide.xml
----------------- Instantiating /home/travis/build/icyphy/ptII/ptolemy/actor/lib/test/auto/ComplexDivide.xml
2 ms. Memory: 514048K Free: 387712K (75%)
----------------- Invoking toplevel() on ptolemy.moml.MoMLSimpleApplication@262fa548
----------------- Done invoking toplevel() on ptolemy.moml.MoMLSimpleApplication@262fa548
reloadAllAccessors: .ComplexDivide

===========================================================================================
----------------- testing Sat Jan 18 06:50:46 UTC 2020 /home/travis/build/icyphy/ptII/ptolemy/actor/lib/test/auto/ComputeHistogram.xml
----------------- Instantiating /home/travis/build/icyphy/ptII/ptolemy/actor/lib/test/auto/ComputeHistogram.xml
34 ms. Memory: 514048K Free: 374910K (73%)
----------------- Invoking toplevel() on ptolemy.moml.MoMLSimpleApplication@105fa082
----------------- Done invoking toplevel() on ptolemy.moml.MoMLSimpleApplication@105fa082
reloadAllAccessors: .ComputeHistogram

===========================================================================================
----------------- testing Sat Jan 18 06:50:46 UTC 2020 /home/travis/build/icyphy/ptII/ptolemy/actor/lib/test/auto/ConfigurationSelect.xml
----------------- Instantiating /home/travis/build/icyphy/ptII/ptolemy/actor/lib/test/auto/ConfigurationSelect.xml
7 ms. Memory: 514048K Free: 369280K (72%)
----------------- Invoking toplevel() on ptolemy.moml.MoMLSimpleApplication@4f26ff7c
----------------- Done invoking toplevel() on ptolemy.moml.MoMLSimpleApplication@4f26ff7c
reloadAllAccessors: .ConfigurationSelect

===========================================================================================
----------------- testing Sat Jan 18 06:50:46 UTC 2020 /home/travis/build/icyphy/ptII/ptolemy/actor/lib/test/auto/ConfigurationSelect2.xml
----------------- Instantiating /home/travis/build/icyphy/ptII/ptolemy/actor/lib/test/auto/ConfigurationSelect2.xml
2 ms. Memory: 514048K Free: 365184K (71%)
----------------- Invoking toplevel() on ptolemy.moml.MoMLSimpleApplication@34bd1264
----------------- Done invoking toplevel() on ptolemy.moml.MoMLSimpleApplication@34bd1264
reloadAllAccessors: .ConfigurationSelect2

===========================================================================================
----------------- testing Sat Jan 18 06:50:46 UTC 2020 /home/travis/build/icyphy/ptII/ptolemy/actor/lib/test/auto/ConfigurationSwitch.xml
----------------- Instantiating /home/travis/build/icyphy/ptII/ptolemy/actor/lib/test/auto/ConfigurationSwitch.xml
2 ms. Memory: 514048K Free: 359550K (70%)
----------------- Invoking toplevel() on ptolemy.moml.MoMLSimpleApplication@640d3169
----------------- Done invoking toplevel() on ptolemy.moml.MoMLSimpleApplication@640d3169
reloadAllAccessors: .ConfigurationSwitch

===========================================================================================
----------------- testing Sat Jan 18 06:50:46 UTC 2020 /home/travis/build/icyphy/ptII/ptolemy/actor/lib/test/auto/ConfigurationSwitch2.xml
----------------- Instantiating /home/travis/build/icyphy/ptII/ptolemy/actor/lib/test/auto/ConfigurationSwitch2.xml
4 ms. Memory: 514048K Free: 354430K (69%)
----------------- Invoking toplevel() on ptolemy.moml.MoMLSimpleApplication@4914a14c
----------------- Done invoking toplevel() on ptolemy.moml.MoMLSimpleApplication@4914a14c
reloadAllAccessors: .ConfigurationSwitch2

===========================================================================================
----------------- testing Sat Jan 18 06:50:46 UTC 2020 /home/travis/build/icyphy/ptII/ptolemy/actor/lib/test/auto/ConfigurationSwitchCloningBugWithClassRelationGroup.xml
----------------- Instantiating /home/travis/build/icyphy/ptII/ptolemy/actor/lib/test/auto/ConfigurationSwitchCloningBugWithClassRelationGroup.xml
1 ms. Memory: 514048K Free: 347776K (68%)
----------------- Invoking toplevel() on ptolemy.moml.MoMLSimpleApplication@40107f14
----------------- Done invoking toplevel() on ptolemy.moml.MoMLSimpleApplication@40107f14
reloadAllAccessors: .ConfigurationSwitchCloningBugWithClassRelationGroup

===========================================================================================
----------------- testing Sat Jan 18 06:50:46 UTC 2020 /home/travis/build/icyphy/ptII/ptolemy/actor/lib/test/auto/ConfigurationSwitchSelectSDF.xml
----------------- Instantiating /home/travis/build/icyphy/ptII/ptolemy/actor/lib/test/auto/ConfigurationSwitchSelectSDF.xml
3 ms. Memory: 514048K Free: 342142K (67%)
----------------- Invoking toplevel() on ptolemy.moml.MoMLSimpleApplication@7dc6b023
----------------- Done invoking toplevel() on ptolemy.moml.MoMLSimpleApplication@7dc6b023
reloadAllAccessors: .ConfigurationSwitchSelectSDF

===========================================================================================
----------------- testing Sat Jan 18 06:50:46 UTC 2020 /home/travis/build/icyphy/ptII/ptolemy/actor/lib/test/auto/ConfigurationSwitchSelectSDF2.xml
----------------- Instantiating /home/travis/build/icyphy/ptII/ptolemy/actor/lib/test/auto/ConfigurationSwitchSelectSDF2.xml
2 ms. Memory: 514048K Free: 337022K (66%)
----------------- Invoking toplevel() on ptolemy.moml.MoMLSimpleApplication@117ca064
----------------- Done invoking toplevel() on ptolemy.moml.MoMLSimpleApplication@117ca064
reloadAllAccessors: .ConfigurationSwitchSelectSDF2

===========================================================================================
----------------- testing Sat Jan 18 06:50:46 UTC 2020 /home/travis/build/icyphy/ptII/ptolemy/actor/lib/test/auto/Const.xml
----------------- Instantiating /home/travis/build/icyphy/ptII/ptolemy/actor/lib/test/auto/Const.xml
1 ms. Memory: 514048K Free: 333440K (65%)
----------------- Invoking toplevel() on ptolemy.moml.MoMLSimpleApplication@c7c6e4f
----------------- Done invoking toplevel() on ptolemy.moml.MoMLSimpleApplication@c7c6e4f
reloadAllAccessors: .Const

===========================================================================================
----------------- testing Sat Jan 18 06:50:46 UTC 2020 /home/travis/build/icyphy/ptII/ptolemy/actor/lib/test/auto/Const2.xml
----------------- Instantiating /home/travis/build/icyphy/ptII/ptolemy/actor/lib/test/auto/Const2.xml
2 ms. Memory: 514048K Free: 329344K (64%)
----------------- Invoking toplevel() on ptolemy.moml.MoMLSimpleApplication@71c25a4a
----------------- Done invoking toplevel() on ptolemy.moml.MoMLSimpleApplication@71c25a4a
reloadAllAccessors: .Const2

===========================================================================================
----------------- testing Sat Jan 18 06:50:46 UTC 2020 /home/travis/build/icyphy/ptII/ptolemy/actor/lib/test/auto/Const3.xml
----------------- Instantiating /home/travis/build/icyphy/ptII/ptolemy/actor/lib/test/auto/Const3.xml
1 ms. Memory: 514048K Free: 326782K (64%)
----------------- Invoking toplevel() on ptolemy.moml.MoMLSimpleApplication@32e45238
----------------- Done invoking toplevel() on ptolemy.moml.MoMLSimpleApplication@32e45238
reloadAllAccessors: .Const3

===========================================================================================
----------------- testing Sat Jan 18 06:50:46 UTC 2020 /home/travis/build/icyphy/ptII/ptolemy/actor/lib/test/auto/ConstantPublisherPort1.xml
----------------- Instantiating /home/travis/build/icyphy/ptII/ptolemy/actor/lib/test/auto/ConstantPublisherPort1.xml
7 ms. Memory: 514048K Free: 317566K (62%)
----------------- Invoking toplevel() on ptolemy.moml.MoMLSimpleApplication@27331c06
----------------- Done invoking toplevel() on ptolemy.moml.MoMLSimpleApplication@27331c06
reloadAllAccessors: .ConstantPublisherPort1

===========================================================================================
----------------- testing Sat Jan 18 06:50:46 UTC 2020 /home/travis/build/icyphy/ptII/ptolemy/actor/lib/test/auto/ConstantPublisherPort2.xml
----------------- Instantiating /home/travis/build/icyphy/ptII/ptolemy/actor/lib/test/auto/ConstantPublisherPort2.xml
11 ms. Memory: 514048K Free: 310398K (60%)
----------------- Invoking toplevel() on ptolemy.moml.MoMLSimpleApplication@64003e4
----------------- Done invoking toplevel() on ptolemy.moml.MoMLSimpleApplication@64003e4
reloadAllAccessors: .ConstantPublisherPort2

===========================================================================================
----------------- testing Sat Jan 18 06:50:46 UTC 2020 /home/travis/build/icyphy/ptII/ptolemy/actor/lib/test/auto/ConstantPublisherPort3.xml
----------------- Instantiating /home/travis/build/icyphy/ptII/ptolemy/actor/lib/test/auto/ConstantPublisherPort3.xml
6 ms. Memory: 514048K Free: 302720K (59%)
----------------- Invoking toplevel() on ptolemy.moml.MoMLSimpleApplication@20807f65
----------------- Done invoking toplevel() on ptolemy.moml.MoMLSimpleApplication@20807f65
reloadAllAccessors: .ConstantPublisherPort3

===========================================================================================
----------------- testing Sat Jan 18 06:50:46 UTC 2020 /home/travis/build/icyphy/ptII/ptolemy/actor/lib/test/auto/ConstantPublisherPort4.xml
----------------- Instantiating /home/travis/build/icyphy/ptII/ptolemy/actor/lib/test/auto/ConstantPublisherPort4.xml
3 ms. Memory: 514048K Free: 295552K (57%)
----------------- Invoking toplevel() on ptolemy.moml.MoMLSimpleApplication@2f00475c
----------------- Done invoking toplevel() on ptolemy.moml.MoMLSimpleApplication@2f00475c
reloadAllAccessors: .ConstantPublisherPort4

===========================================================================================
----------------- testing Sat Jan 18 06:50:46 UTC 2020 /home/travis/build/icyphy/ptII/ptolemy/actor/lib/test/auto/ConstantPublisherPort5.xml
----------------- Instantiating /home/travis/build/icyphy/ptII/ptolemy/actor/lib/test/auto/ConstantPublisherPort5.xml
30 ms. Memory: 514048K Free: 286336K (56%)
----------------- Invoking toplevel() on ptolemy.moml.MoMLSimpleApplication@1fc9b437
----------------- Done invoking toplevel() on ptolemy.moml.MoMLSimpleApplication@1fc9b437
reloadAllAccessors: .ConstantPublisherPort5

===========================================================================================
----------------- testing Sat Jan 18 06:50:46 UTC 2020 /home/travis/build/icyphy/ptII/ptolemy/actor/lib/test/auto/ConstantPublisherPort6.xml
----------------- Instantiating /home/travis/build/icyphy/ptII/ptolemy/actor/lib/test/auto/ConstantPublisherPort6.xml
14 ms. Memory: 514048K Free: 277120K (54%)
----------------- Invoking toplevel() on ptolemy.moml.MoMLSimpleApplication@3339177f
----------------- Done invoking toplevel() on ptolemy.moml.MoMLSimpleApplication@3339177f
reloadAllAccessors: .ConstantPublisherPort6

===========================================================================================
----------------- testing Sat Jan 18 06:50:46 UTC 2020 /home/travis/build/icyphy/ptII/ptolemy/actor/lib/test/auto/ConstantPublisherPort7.xml
----------------- Instantiating /home/travis/build/icyphy/ptII/ptolemy/actor/lib/test/auto/ConstantPublisherPort7.xml
16 ms. Memory: 514048K Free: 267904K (52%)
----------------- Invoking toplevel() on ptolemy.moml.MoMLSimpleApplication@2615323a
----------------- Done invoking toplevel() on ptolemy.moml.MoMLSimpleApplication@2615323a
reloadAllAccessors: .ConstantPublisherPort7

===========================================================================================
----------------- testing Sat Jan 18 06:50:46 UTC 2020 /home/travis/build/icyphy/ptII/ptolemy/actor/lib/test/auto/ConstraintMonitor1.xml
----------------- Instantiating /home/travis/build/icyphy/ptII/ptolemy/actor/lib/test/auto/ConstraintMonitor1.xml
2 ms. Memory: 514048K Free: 262784K (51%)
----------------- Invoking toplevel() on ptolemy.moml.MoMLSimpleApplication@17906ee6
----------------- Done invoking toplevel() on ptolemy.moml.MoMLSimpleApplication@17906ee6
reloadAllAccessors: .ConstraintMonitor1

===========================================================================================
----------------- testing Sat Jan 18 06:50:46 UTC 2020 /home/travis/build/icyphy/ptII/ptolemy/actor/lib/test/auto/ConstraintMonitor2.xml
----------------- Instantiating /home/travis/build/icyphy/ptII/ptolemy/actor/lib/test/auto/ConstraintMonitor2.xml
4 ms. Memory: 514048K Free: 258174K (50%)
----------------- Invoking toplevel() on ptolemy.moml.MoMLSimpleApplication@674f3f97
----------------- Done invoking toplevel() on ptolemy.moml.MoMLSimpleApplication@674f3f97
reloadAllAccessors: .ConstraintMonitor2

===========================================================================================
----------------- testing Sat Jan 18 06:50:46 UTC 2020 /home/travis/build/icyphy/ptII/ptolemy/actor/lib/test/auto/ConstraintMonitor3.xml
----------------- Instantiating /home/travis/build/icyphy/ptII/ptolemy/actor/lib/test/auto/ConstraintMonitor3.xml
6 ms. Memory: 514048K Free: 254078K (49%)
----------------- Invoking toplevel() on ptolemy.moml.MoMLSimpleApplication@589e4dcc
----------------- Done invoking toplevel() on ptolemy.moml.MoMLSimpleApplication@589e4dcc
reloadAllAccessors: .ConstraintMonitor3

===========================================================================================
----------------- testing Sat Jan 18 06:50:47 UTC 2020 /home/travis/build/icyphy/ptII/ptolemy/actor/lib/test/auto/ConstraintMonitor4.xml
----------------- Instantiating /home/travis/build/icyphy/ptII/ptolemy/actor/lib/test/auto/ConstraintMonitor4.xml
2 ms. Memory: 514048K Free: 248958K (48%)
----------------- Invoking toplevel() on ptolemy.moml.MoMLSimpleApplication@52d85d8d
----------------- Done invoking toplevel() on ptolemy.moml.MoMLSimpleApplication@52d85d8d
reloadAllAccessors: .ConstraintMonitor4

===========================================================================================
----------------- testing Sat Jan 18 06:50:47 UTC 2020 /home/travis/build/icyphy/ptII/ptolemy/actor/lib/test/auto/ConstraintMonitor5.xml
----------------- Instantiating /home/travis/build/icyphy/ptII/ptolemy/actor/lib/test/auto/ConstraintMonitor5.xml
2 ms. Memory: 514048K Free: 244352K (48%)
----------------- Invoking toplevel() on ptolemy.moml.MoMLSimpleApplication@5a19d11a
----------------- Done invoking toplevel() on ptolemy.moml.MoMLSimpleApplication@5a19d11a
reloadAllAccessors: .ConstraintMonitor5

===========================================================================================
----------------- testing Sat Jan 18 06:50:47 UTC 2020 /home/travis/build/icyphy/ptII/ptolemy/actor/lib/test/auto/ConstraintMonitor6.xml
----------------- Instantiating /home/travis/build/icyphy/ptII/ptolemy/actor/lib/test/auto/ConstraintMonitor6.xml
3 ms. Memory: 514048K Free: 238208K (46%)
----------------- Invoking toplevel() on ptolemy.moml.MoMLSimpleApplication@4f0d75dc
----------------- Done invoking toplevel() on ptolemy.moml.MoMLSimpleApplication@4f0d75dc
reloadAllAccessors: .ConstraintMonitor6

===========================================================================================
----------------- testing Sat Jan 18 06:50:47 UTC 2020 /home/travis/build/icyphy/ptII/ptolemy/actor/lib/test/auto/ConstraintMonitor7.xml
----------------- Instantiating /home/travis/build/icyphy/ptII/ptolemy/actor/lib/test/auto/ConstraintMonitor7.xml
6 ms. Memory: 514048K Free: 232064K (45%)
----------------- Invoking toplevel() on ptolemy.moml.MoMLSimpleApplication@72fd8476
----------------- Done invoking toplevel() on ptolemy.moml.MoMLSimpleApplication@72fd8476
reloadAllAccessors: .ConstraintMonitor7

===========================================================================================
----------------- testing Sat Jan 18 06:50:47 UTC 2020 /home/travis/build/icyphy/ptII/ptolemy/actor/lib/test/auto/ConstraintMonitor8.xml
----------------- Instantiating /home/travis/build/icyphy/ptII/ptolemy/actor/lib/test/auto/ConstraintMonitor8.xml
7 ms. Memory: 514048K Free: 224896K (44%)
----------------- Invoking toplevel() on ptolemy.moml.MoMLSimpleApplication@29570fac
----------------- Done invoking toplevel() on ptolemy.moml.MoMLSimpleApplication@29570fac
reloadAllAccessors: .ConstraintMonitor8

===========================================================================================
----------------- testing Sat Jan 18 06:50:47 UTC 2020 /home/travis/build/icyphy/ptII/ptolemy/actor/lib/test/auto/Counter.xml
----------------- Instantiating /home/travis/build/icyphy/ptII/ptolemy/actor/lib/test/auto/Counter.xml
3 ms. Memory: 514048K Free: 219776K (43%)
----------------- Invoking toplevel() on ptolemy.moml.MoMLSimpleApplication@7b2cda3d
----------------- Done invoking toplevel() on ptolemy.moml.MoMLSimpleApplication@7b2cda3d
reloadAllAccessors: .Counter

===========================================================================================
----------------- testing Sat Jan 18 06:50:47 UTC 2020 /home/travis/build/icyphy/ptII/ptolemy/actor/lib/test/auto/CurrentTimeSDF.xml
----------------- Instantiating /home/travis/build/icyphy/ptII/ptolemy/actor/lib/test/auto/CurrentTimeSDF.xml
1 ms. Memory: 514048K Free: 215680K (42%)
----------------- Invoking toplevel() on ptolemy.moml.MoMLSimpleApplication@70be97c8
----------------- Done invoking toplevel() on ptolemy.moml.MoMLSimpleApplication@70be97c8
reloadAllAccessors: .CurrentTimeSDF

===========================================================================================
----------------- testing Sat Jan 18 06:50:47 UTC 2020 /home/travis/build/icyphy/ptII/ptolemy/actor/lib/test/auto/DB.xml
----------------- Instantiating /home/travis/build/icyphy/ptII/ptolemy/actor/lib/test/auto/DB.xml
3 ms. Memory: 514048K Free: 210560K (41%)
----------------- Invoking toplevel() on ptolemy.moml.MoMLSimpleApplication@703ba49c
----------------- Done invoking toplevel() on ptolemy.moml.MoMLSimpleApplication@703ba49c
reloadAllAccessors: .DB

===========================================================================================
----------------- testing Sat Jan 18 06:50:47 UTC 2020 /home/travis/build/icyphy/ptII/ptolemy/actor/lib/test/auto/DBDE.xml
----------------- Instantiating /home/travis/build/icyphy/ptII/ptolemy/actor/lib/test/auto/DBDE.xml
2 ms. Memory: 514048K Free: 204416K (40%)
----------------- Invoking toplevel() on ptolemy.moml.MoMLSimpleApplication@6c94f0f8
----------------- Done invoking toplevel() on ptolemy.moml.MoMLSimpleApplication@6c94f0f8
reloadAllAccessors: .DBDE

===========================================================================================
----------------- testing Sat Jan 18 06:50:47 UTC 2020 /home/travis/build/icyphy/ptII/ptolemy/actor/lib/test/auto/DateConstructor.xml
----------------- Instantiating /home/travis/build/icyphy/ptII/ptolemy/actor/lib/test/auto/DateConstructor.xml
29 ms. Memory: 514048K Free: 186494K (36%)
----------------- Invoking toplevel() on ptolemy.moml.MoMLSimpleApplication@41f77836
----------------- Done invoking toplevel() on ptolemy.moml.MoMLSimpleApplication@41f77836
reloadAllAccessors: .DateConstructor

===========================================================================================
----------------- testing Sat Jan 18 06:50:47 UTC 2020 /home/travis/build/icyphy/ptII/ptolemy/actor/lib/test/auto/DelayTime.xml
----------------- Instantiating /home/travis/build/icyphy/ptII/ptolemy/actor/lib/test/auto/DelayTime.xml
6 ms. Memory: 514048K Free: 181888K (35%)
----------------- Invoking toplevel() on ptolemy.moml.MoMLSimpleApplication@7f7a6bd4
----------------- Done invoking toplevel() on ptolemy.moml.MoMLSimpleApplication@7f7a6bd4
reloadAllAccessors: .DelayTime

===========================================================================================
----------------- testing Sat Jan 18 06:50:47 UTC 2020 /home/travis/build/icyphy/ptII/ptolemy/actor/lib/test/auto/Dictionary1.xml
----------------- Instantiating /home/travis/build/icyphy/ptII/ptolemy/actor/lib/test/auto/Dictionary1.xml
1 ms. Memory: 514048K Free: 459390K (89%)
----------------- Invoking toplevel() on ptolemy.moml.MoMLSimpleApplication@863a90
----------------- Done invoking toplevel() on ptolemy.moml.MoMLSimpleApplication@863a90
reloadAllAccessors: .Dictionary1

===========================================================================================
----------------- testing Sat Jan 18 06:50:47 UTC 2020 /home/travis/build/icyphy/ptII/ptolemy/actor/lib/test/auto/Dictionary2.xml
----------------- Instantiating /home/travis/build/icyphy/ptII/ptolemy/actor/lib/test/auto/Dictionary2.xml
4 ms. Memory: 514048K Free: 453760K (88%)
----------------- Invoking toplevel() on ptolemy.moml.MoMLSimpleApplication@3e93543e
----------------- Done invoking toplevel() on ptolemy.moml.MoMLSimpleApplication@3e93543e
reloadAllAccessors: .Dictionary2

===========================================================================================
----------------- testing Sat Jan 18 06:50:47 UTC 2020 /home/travis/build/icyphy/ptII/ptolemy/actor/lib/test/auto/Dictionary3.xml
----------------- Instantiating /home/travis/build/icyphy/ptII/ptolemy/actor/lib/test/auto/Dictionary3.xml
2 ms. Memory: 514048K Free: 448640K (87%)
----------------- Invoking toplevel() on ptolemy.moml.MoMLSimpleApplication@c9da0cf
----------------- Done invoking toplevel() on ptolemy.moml.MoMLSimpleApplication@c9da0cf
reloadAllAccessors: .Dictionary3

===========================================================================================
----------------- testing Sat Jan 18 06:50:47 UTC 2020 /home/travis/build/icyphy/ptII/ptolemy/actor/lib/test/auto/Dictionary4.xml
----------------- Instantiating /home/travis/build/icyphy/ptII/ptolemy/actor/lib/test/auto/Dictionary4.xml
3 ms. Memory: 514048K Free: 441472K (86%)
----------------- Invoking toplevel() on ptolemy.moml.MoMLSimpleApplication@5e1ca00a
----------------- Done invoking toplevel() on ptolemy.moml.MoMLSimpleApplication@5e1ca00a
reloadAllAccessors: .Dictionary4

===========================================================================================
----------------- testing Sat Jan 18 06:50:47 UTC 2020 /home/travis/build/icyphy/ptII/ptolemy/actor/lib/test/auto/Differential.xml
----------------- Instantiating /home/travis/build/icyphy/ptII/ptolemy/actor/lib/test/auto/Differential.xml
2 ms. Memory: 514048K Free: 436862K (85%)
----------------- Invoking toplevel() on ptolemy.moml.MoMLSimpleApplication@5b38b26f
----------------- Done invoking toplevel() on ptolemy.moml.MoMLSimpleApplication@5b38b26f
reloadAllAccessors: .Differential

===========================================================================================
----------------- testing Sat Jan 18 06:50:47 UTC 2020 /home/travis/build/icyphy/ptII/ptolemy/actor/lib/test/auto/Director.xml
----------------- Instantiating /home/travis/build/icyphy/ptII/ptolemy/actor/lib/test/auto/Director.xml
4 ms. Memory: 514048K Free: 433280K (84%)
----------------- Invoking toplevel() on ptolemy.moml.MoMLSimpleApplication@881f7b4
----------------- Done invoking toplevel() on ptolemy.moml.MoMLSimpleApplication@881f7b4
reloadAllAccessors: .Director

===========================================================================================
----------------- testing Sat Jan 18 06:50:47 UTC 2020 /home/travis/build/icyphy/ptII/ptolemy/actor/lib/test/auto/DiscreteClock.xml
----------------- Instantiating /home/travis/build/icyphy/ptII/ptolemy/actor/lib/test/auto/DiscreteClock.xml
1 ms. Memory: 514048K Free: 429694K (84%)
----------------- Invoking toplevel() on ptolemy.moml.MoMLSimpleApplication@6acbe57f
----------------- Done invoking toplevel() on ptolemy.moml.MoMLSimpleApplication@6acbe57f
reloadAllAccessors: .DiscreteClock

===========================================================================================
----------------- testing Sat Jan 18 06:50:47 UTC 2020 /home/travis/build/icyphy/ptII/ptolemy/actor/lib/test/auto/DiscreteClock10.xml
----------------- Instantiating /home/travis/build/icyphy/ptII/ptolemy/actor/lib/test/auto/DiscreteClock10.xml
4 ms. Memory: 514048K Free: 423550K (82%)
----------------- Invoking toplevel() on ptolemy.moml.MoMLSimpleApplication@408ff7ae
----------------- Done invoking toplevel() on ptolemy.moml.MoMLSimpleApplication@408ff7ae
reloadAllAccessors: .DiscreteClock10

===========================================================================================
----------------- testing Sat Jan 18 06:50:47 UTC 2020 /home/travis/build/icyphy/ptII/ptolemy/actor/lib/test/auto/DiscreteClock11.xml
----------------- Instantiating /home/travis/build/icyphy/ptII/ptolemy/actor/lib/test/auto/DiscreteClock11.xml
2 ms. Memory: 514048K Free: 417406K (81%)
----------------- Invoking toplevel() on ptolemy.moml.MoMLSimpleApplication@600e54ca
----------------- Done invoking toplevel() on ptolemy.moml.MoMLSimpleApplication@600e54ca
reloadAllAccessors: .DiscreteClock11

===========================================================================================
----------------- testing Sat Jan 18 06:50:47 UTC 2020 /home/travis/build/icyphy/ptII/ptolemy/actor/lib/test/auto/DiscreteClock12.xml
----------------- Instantiating /home/travis/build/icyphy/ptII/ptolemy/actor/lib/test/auto/DiscreteClock12.xml
3 ms. Memory: 514048K Free: 411776K (80%)
----------------- Invoking toplevel() on ptolemy.moml.MoMLSimpleApplication@1ea3263e
----------------- Done invoking toplevel() on ptolemy.moml.MoMLSimpleApplication@1ea3263e
reloadAllAccessors: .DiscreteClock12

===========================================================================================
----------------- testing Sat Jan 18 06:50:47 UTC 2020 /home/travis/build/icyphy/ptII/ptolemy/actor/lib/test/auto/DiscreteClock13.xml
----------------- Instantiating /home/travis/build/icyphy/ptII/ptolemy/actor/lib/test/auto/DiscreteClock13.xml
4 ms. Memory: 514048K Free: 405632K (79%)
----------------- Invoking toplevel() on ptolemy.moml.MoMLSimpleApplication@66e87b6e
----------------- Done invoking toplevel() on ptolemy.moml.MoMLSimpleApplication@66e87b6e
reloadAllAccessors: .DiscreteClock13

===========================================================================================
----------------- testing Sat Jan 18 06:50:47 UTC 2020 /home/travis/build/icyphy/ptII/ptolemy/actor/lib/test/auto/DiscreteClock14.xml
----------------- Instantiating /home/travis/build/icyphy/ptII/ptolemy/actor/lib/test/auto/DiscreteClock14.xml
5 ms. Memory: 514048K Free: 399488K (78%)
----------------- Invoking toplevel() on ptolemy.moml.MoMLSimpleApplication@266ba160
----------------- Done invoking toplevel() on ptolemy.moml.MoMLSimpleApplication@266ba160
reloadAllAccessors: .DiscreteClock14

===========================================================================================
----------------- testing Sat Jan 18 06:50:47 UTC 2020 /home/travis/build/icyphy/ptII/ptolemy/actor/lib/test/auto/DiscreteClock15.xml
----------------- Instantiating /home/travis/build/icyphy/ptII/ptolemy/actor/lib/test/auto/DiscreteClock15.xml
4 ms. Memory: 514048K Free: 393344K (77%)
----------------- Invoking toplevel() on ptolemy.moml.MoMLSimpleApplication@42508fcd
----------------- Done invoking toplevel() on ptolemy.moml.MoMLSimpleApplication@42508fcd
reloadAllAccessors: .DiscreteClock15

===========================================================================================
----------------- testing Sat Jan 18 06:50:47 UTC 2020 /home/travis/build/icyphy/ptII/ptolemy/actor/lib/test/auto/DiscreteClock16.xml
----------------- Instantiating /home/travis/build/icyphy/ptII/ptolemy/actor/lib/test/auto/DiscreteClock16.xml
17 ms. Memory: 514048K Free: 380032K (74%)
----------------- Invoking toplevel() on ptolemy.moml.MoMLSimpleApplication@43be58d2
----------------- Done invoking toplevel() on ptolemy.moml.MoMLSimpleApplication@43be58d2
reloadAllAccessors: .DiscreteClock16

===========================================================================================
----------------- testing Sat Jan 18 06:50:47 UTC 2020 /home/travis/build/icyphy/ptII/ptolemy/actor/lib/test/auto/DiscreteClock17.xml
----------------- Instantiating /home/travis/build/icyphy/ptII/ptolemy/actor/lib/test/auto/DiscreteClock17.xml
16 ms. Memory: 514048K Free: 365151K (71%)
----------------- Invoking toplevel() on ptolemy.moml.MoMLSimpleApplication@65d04b12
----------------- Done invoking toplevel() on ptolemy.moml.MoMLSimpleApplication@65d04b12
reloadAllAccessors: .DiscreteClock17

===========================================================================================
----------------- testing Sat Jan 18 06:50:47 UTC 2020 /home/travis/build/icyphy/ptII/ptolemy/actor/lib/test/auto/DiscreteClock18.xml
----------------- Instantiating /home/travis/build/icyphy/ptII/ptolemy/actor/lib/test/auto/DiscreteClock18.xml
21 ms. Memory: 514048K Free: 351360K (68%)
----------------- Invoking toplevel() on ptolemy.moml.MoMLSimpleApplication@6503c0ac
----------------- Done invoking toplevel() on ptolemy.moml.MoMLSimpleApplication@6503c0ac
reloadAllAccessors: .DiscreteClock18

===========================================================================================
----------------- testing Sat Jan 18 06:50:47 UTC 2020 /home/travis/build/icyphy/ptII/ptolemy/actor/lib/test/auto/DiscreteClock19.xml
----------------- Instantiating /home/travis/build/icyphy/ptII/ptolemy/actor/lib/test/auto/DiscreteClock19.xml
20 ms. Memory: 514048K Free: 337534K (66%)
----------------- Invoking toplevel() on ptolemy.moml.MoMLSimpleApplication@650da52
----------------- Done invoking toplevel() on ptolemy.moml.MoMLSimpleApplication@650da52
reloadAllAccessors: .DiscreteClock19

===========================================================================================
----------------- testing Sat Jan 18 06:50:47 UTC 2020 /home/travis/build/icyphy/ptII/ptolemy/actor/lib/test/auto/DiscreteClock2.xml
----------------- Instantiating /home/travis/build/icyphy/ptII/ptolemy/actor/lib/test/auto/DiscreteClock2.xml
2 ms. Memory: 514048K Free: 332928K (65%)
----------------- Invoking toplevel() on ptolemy.moml.MoMLSimpleApplication@7d32357
----------------- Done invoking toplevel() on ptolemy.moml.MoMLSimpleApplication@7d32357
reloadAllAccessors: .DiscreteClock2

===========================================================================================
----------------- testing Sat Jan 18 06:50:47 UTC 2020 /home/travis/build/icyphy/ptII/ptolemy/actor/lib/test/auto/DiscreteClock20.xml
----------------- Instantiating /home/travis/build/icyphy/ptII/ptolemy/actor/lib/test/auto/DiscreteClock20.xml
5 ms. Memory: 514048K Free: 327294K (64%)
----------------- Invoking toplevel() on ptolemy.moml.MoMLSimpleApplication@5dca665b
----------------- Done invoking toplevel() on ptolemy.moml.MoMLSimpleApplication@5dca665b
reloadAllAccessors: .DiscreteClock20

===========================================================================================
----------------- testing Sat Jan 18 06:50:47 UTC 2020 /home/travis/build/icyphy/ptII/ptolemy/actor/lib/test/auto/DiscreteClock21.xml
----------------- Instantiating /home/travis/build/icyphy/ptII/ptolemy/actor/lib/test/auto/DiscreteClock21.xml
5 ms. Memory: 514048K Free: 321664K (63%)
----------------- Invoking toplevel() on ptolemy.moml.MoMLSimpleApplication@285eb0bb
----------------- Done invoking toplevel() on ptolemy.moml.MoMLSimpleApplication@285eb0bb
reloadAllAccessors: .DiscreteClock21

===========================================================================================
----------------- testing Sat Jan 18 06:50:47 UTC 2020 /home/travis/build/icyphy/ptII/ptolemy/actor/lib/test/auto/DiscreteClock22.xml
----------------- Instantiating /home/travis/build/icyphy/ptII/ptolemy/actor/lib/test/auto/DiscreteClock22.xml
6 ms. Memory: 514048K Free: 316030K (61%)
----------------- Invoking toplevel() on ptolemy.moml.MoMLSimpleApplication@247cd817
----------------- Done invoking toplevel() on ptolemy.moml.MoMLSimpleApplication@247cd817
reloadAllAccessors: .DiscreteClock22

===========================================================================================
----------------- testing Sat Jan 18 06:50:47 UTC 2020 /home/travis/build/icyphy/ptII/ptolemy/actor/lib/test/auto/DiscreteClock23.xml
----------------- Instantiating /home/travis/build/icyphy/ptII/ptolemy/actor/lib/test/auto/DiscreteClock23.xml
10 ms. Memory: 514048K Free: 310910K (60%)
----------------- Invoking toplevel() on ptolemy.moml.MoMLSimpleApplication@4b1b537d
----------------- Done invoking toplevel() on ptolemy.moml.MoMLSimpleApplication@4b1b537d
reloadAllAccessors: .DiscreteClock23

===========================================================================================
----------------- testing Sat Jan 18 06:50:47 UTC 2020 /home/travis/build/icyphy/ptII/ptolemy/actor/lib/test/auto/DiscreteClock24.xml
----------------- Instantiating /home/travis/build/icyphy/ptII/ptolemy/actor/lib/test/auto/DiscreteClock24.xml
4 ms. Memory: 514048K Free: 305280K (59%)
----------------- Invoking toplevel() on ptolemy.moml.MoMLSimpleApplication@2577b53d
----------------- Done invoking toplevel() on ptolemy.moml.MoMLSimpleApplication@2577b53d
reloadAllAccessors: .DiscreteClock24

===========================================================================================
----------------- testing Sat Jan 18 06:50:47 UTC 2020 /home/travis/build/icyphy/ptII/ptolemy/actor/lib/test/auto/DiscreteClock4.xml
----------------- Instantiating /home/travis/build/icyphy/ptII/ptolemy/actor/lib/test/auto/DiscreteClock4.xml
4 ms. Memory: 514048K Free: 299631K (58%)
----------------- Invoking toplevel() on ptolemy.moml.MoMLSimpleApplication@4579b9b8
----------------- Done invoking toplevel() on ptolemy.moml.MoMLSimpleApplication@4579b9b8
reloadAllAccessors: .DiscreteClock4

===========================================================================================
----------------- testing Sat Jan 18 06:50:47 UTC 2020 /home/travis/build/icyphy/ptII/ptolemy/actor/lib/test/auto/DiscreteClock5.xml
----------------- Instantiating /home/travis/build/icyphy/ptII/ptolemy/actor/lib/test/auto/DiscreteClock5.xml
2 ms. Memory: 514048K Free: 294016K (57%)
----------------- Invoking toplevel() on ptolemy.moml.MoMLSimpleApplication@70b5cf61
----------------- Done invoking toplevel() on ptolemy.moml.MoMLSimpleApplication@70b5cf61
reloadAllAccessors: .DiscreteClock5

===========================================================================================
----------------- testing Sat Jan 18 06:50:47 UTC 2020 /home/travis/build/icyphy/ptII/ptolemy/actor/lib/test/auto/DiscreteClock6.xml
----------------- Instantiating /home/travis/build/icyphy/ptII/ptolemy/actor/lib/test/auto/DiscreteClock6.xml
1 ms. Memory: 514048K Free: 289920K (56%)
----------------- Invoking toplevel() on ptolemy.moml.MoMLSimpleApplication@4a6a8c70
----------------- Done invoking toplevel() on ptolemy.moml.MoMLSimpleApplication@4a6a8c70
reloadAllAccessors: .DiscreteClock6

===========================================================================================
----------------- testing Sat Jan 18 06:50:47 UTC 2020 /home/travis/build/icyphy/ptII/ptolemy/actor/lib/test/auto/DiscreteClock7.xml
----------------- Instantiating /home/travis/build/icyphy/ptII/ptolemy/actor/lib/test/auto/DiscreteClock7.xml
1 ms. Memory: 514048K Free: 285310K (56%)
----------------- Invoking toplevel() on ptolemy.moml.MoMLSimpleApplication@3b633523
----------------- Done invoking toplevel() on ptolemy.moml.MoMLSimpleApplication@3b633523
reloadAllAccessors: .DiscreteClock7

===========================================================================================
----------------- testing Sat Jan 18 06:50:48 UTC 2020 /home/travis/build/icyphy/ptII/ptolemy/actor/lib/test/auto/DiscreteClock8.xml
----------------- Instantiating /home/travis/build/icyphy/ptII/ptolemy/actor/lib/test/auto/DiscreteClock8.xml
2 ms. Memory: 514048K Free: 279680K (54%)
----------------- Invoking toplevel() on ptolemy.moml.MoMLSimpleApplication@3eb68f06
----------------- Done invoking toplevel() on ptolemy.moml.MoMLSimpleApplication@3eb68f06
reloadAllAccessors: .DiscreteClock8

===========================================================================================
----------------- testing Sat Jan 18 06:50:48 UTC 2020 /home/travis/build/icyphy/ptII/ptolemy/actor/lib/test/auto/DiscreteClock9.xml
----------------- Instantiating /home/travis/build/icyphy/ptII/ptolemy/actor/lib/test/auto/DiscreteClock9.xml
4 ms. Memory: 514048K Free: 274039K (53%)
----------------- Invoking toplevel() on ptolemy.moml.MoMLSimpleApplication@7e083523
----------------- Done invoking toplevel() on ptolemy.moml.MoMLSimpleApplication@7e083523
reloadAllAccessors: .DiscreteClock9

===========================================================================================
----------------- testing Sat Jan 18 06:50:48 UTC 2020 /home/travis/build/icyphy/ptII/ptolemy/actor/lib/test/auto/DisplayArray.xml
----------------- Instantiating /home/travis/build/icyphy/ptII/ptolemy/actor/lib/test/auto/DisplayArray.xml
1 ms. Memory: 514048K Free: 270464K (53%)
----------------- Invoking toplevel() on ptolemy.moml.MoMLSimpleApplication@6dd27105
----------------- Done invoking toplevel() on ptolemy.moml.MoMLSimpleApplication@6dd27105
reloadAllAccessors: .DisplayArray

===========================================================================================
----------------- testing Sat Jan 18 06:50:48 UTC 2020 /home/travis/build/icyphy/ptII/ptolemy/actor/lib/test/auto/Distributor.xml
----------------- Instantiating /home/travis/build/icyphy/ptII/ptolemy/actor/lib/test/auto/Distributor.xml
1 ms. Memory: 514048K Free: 265854K (52%)
----------------- Invoking toplevel() on ptolemy.moml.MoMLSimpleApplication@7842cbbb
----------------- Done invoking toplevel() on ptolemy.moml.MoMLSimpleApplication@7842cbbb
reloadAllAccessors: .Distributor

===========================================================================================
----------------- testing Sat Jan 18 06:50:48 UTC 2020 /home/travis/build/icyphy/ptII/ptolemy/actor/lib/test/auto/Distributor2.xml
----------------- Instantiating /home/travis/build/icyphy/ptII/ptolemy/actor/lib/test/auto/Distributor2.xml
2 ms. Memory: 514048K Free: 260734K (51%)
----------------- Invoking toplevel() on ptolemy.moml.MoMLSimpleApplication@7fa4f6aa
----------------- Done invoking toplevel() on ptolemy.moml.MoMLSimpleApplication@7fa4f6aa
reloadAllAccessors: .Distributor2

===========================================================================================
----------------- testing Sat Jan 18 06:50:48 UTC 2020 /home/travis/build/icyphy/ptII/ptolemy/actor/lib/test/auto/DownSample.xml
----------------- Instantiating /home/travis/build/icyphy/ptII/ptolemy/actor/lib/test/auto/DownSample.xml
2 ms. Memory: 514048K Free: 256128K (50%)
----------------- Invoking toplevel() on ptolemy.moml.MoMLSimpleApplication@5be22b4d
----------------- Done invoking toplevel() on ptolemy.moml.MoMLSimpleApplication@5be22b4d
reloadAllAccessors: .DownSample

===========================================================================================
----------------- testing Sat Jan 18 06:50:48 UTC 2020 /home/travis/build/icyphy/ptII/ptolemy/actor/lib/test/auto/ElectronicUnitBase1.xml
----------------- Instantiating /home/travis/build/icyphy/ptII/ptolemy/actor/lib/test/auto/ElectronicUnitBase1.xml
13 ms. Memory: 514048K Free: 240254K (47%)
----------------- Invoking toplevel() on ptolemy.moml.MoMLSimpleApplication@62394248
----------------- Done invoking toplevel() on ptolemy.moml.MoMLSimpleApplication@62394248
reloadAllAccessors: .ElectronicUnitBase1

===========================================================================================
----------------- testing Sat Jan 18 06:50:48 UTC 2020 /home/travis/build/icyphy/ptII/ptolemy/actor/lib/test/auto/ElementsToArray.xml
----------------- Instantiating /home/travis/build/icyphy/ptII/ptolemy/actor/lib/test/auto/ElementsToArray.xml
2 ms. Memory: 514048K Free: 235134K (46%)
----------------- Invoking toplevel() on ptolemy.moml.MoMLSimpleApplication@76ed6fce
----------------- Done invoking toplevel() on ptolemy.moml.MoMLSimpleApplication@76ed6fce
reloadAllAccessors: .ElementsToArray

===========================================================================================
----------------- testing Sat Jan 18 06:50:48 UTC 2020 /home/travis/build/icyphy/ptII/ptolemy/actor/lib/test/auto/Equals.xml
----------------- Instantiating /home/travis/build/icyphy/ptII/ptolemy/actor/lib/test/auto/Equals.xml
3 ms. Memory: 514048K Free: 231038K (45%)
----------------- Invoking toplevel() on ptolemy.moml.MoMLSimpleApplication@3dfdc65e
----------------- Done invoking toplevel() on ptolemy.moml.MoMLSimpleApplication@3dfdc65e
reloadAllAccessors: .Equals

===========================================================================================
----------------- testing Sat Jan 18 06:50:48 UTC 2020 /home/travis/build/icyphy/ptII/ptolemy/actor/lib/test/auto/Exec.xml
----------------- Instantiating /home/travis/build/icyphy/ptII/ptolemy/actor/lib/test/auto/Exec.xml
21 ms. Memory: 514048K Free: 224384K (44%)
----------------- Invoking toplevel() on ptolemy.moml.MoMLSimpleApplication@38e6d009
----------------- Done invoking toplevel() on ptolemy.moml.MoMLSimpleApplication@38e6d009
reloadAllAccessors: .Exec

===========================================================================================
----------------- testing Sat Jan 18 06:50:48 UTC 2020 /home/travis/build/icyphy/ptII/ptolemy/actor/lib/test/auto/ExecEnvironment.xml
----------------- Instantiating /home/travis/build/icyphy/ptII/ptolemy/actor/lib/test/auto/ExecEnvironment.xml
20 ms. Memory: 514048K Free: 219264K (43%)
----------------- Invoking toplevel() on ptolemy.moml.MoMLSimpleApplication@7f24c97
----------------- Done invoking toplevel() on ptolemy.moml.MoMLSimpleApplication@7f24c97
reloadAllAccessors: .ExecEnvironment

===========================================================================================
----------------- testing Sat Jan 18 06:50:48 UTC 2020 /home/travis/build/icyphy/ptII/ptolemy/actor/lib/test/auto/ExecNonZeroReturnOutput.xml
----------------- Instantiating /home/travis/build/icyphy/ptII/ptolemy/actor/lib/test/auto/ExecNonZeroReturnOutput.xml
172 ms. Memory: 514048K Free: 208000K (40%)
----------------- Invoking toplevel() on ptolemy.moml.MoMLSimpleApplication@34bd055c
----------------- Done invoking toplevel() on ptolemy.moml.MoMLSimpleApplication@34bd055c
reloadAllAccessors: .ExecNonZeroReturnOutput

===========================================================================================
----------------- testing Sat Jan 18 06:50:48 UTC 2020 /home/travis/build/icyphy/ptII/ptolemy/actor/lib/test/auto/ExecRunDemos.xml
----------------- Instantiating /home/travis/build/icyphy/ptII/ptolemy/actor/lib/test/auto/ExecRunDemos.xml
Finished: 58 ms. Memory: 129024K Free: 112483K (87%)

Finished: 86 ms. Memory: 129024K Free: 109441K (85%)

Finished: 93 ms. Memory: 129024K Free: 109589K (85%)

Finished: 108 ms. Memory: 129024K Free: 111018K (86%)

Finished: 64 ms. Memory: 129024K Free: 111831K (87%)

10062 ms. Memory: 514048K Free: 186494K (36%)
----------------- Invoking toplevel() on ptolemy.moml.MoMLSimpleApplication@62a832f4
----------------- Done invoking toplevel() on ptolemy.moml.MoMLSimpleApplication@62a832f4
reloadAllAccessors: .ExecRunDemos

===========================================================================================
----------------- testing Sat Jan 18 06:50:58 UTC 2020 /home/travis/build/icyphy/ptII/ptolemy/actor/lib/test/auto/ExecStop.xml
----------------- Instantiating /home/travis/build/icyphy/ptII/ptolemy/actor/lib/test/auto/ExecStop.xml
5014 ms. Memory: 514048K Free: 350589K (68%)
----------------- Invoking toplevel() on ptolemy.moml.MoMLSimpleApplication@757e56b
----------------- Done invoking toplevel() on ptolemy.moml.MoMLSimpleApplication@757e56b
reloadAllAccessors: .ExecStop

===========================================================================================
----------------- testing Sat Jan 18 06:51:03 UTC 2020 /home/travis/build/icyphy/ptII/ptolemy/actor/lib/test/auto/ExecutionTimeSDF.xml
----------------- Instantiating /home/travis/build/icyphy/ptII/ptolemy/actor/lib/test/auto/ExecutionTimeSDF.xml
Fired ExecutionTime: -726167296
Fired ExecutionTime: 1319200000
Fired ExecutionTime: -199367296
6004 ms. Memory: 514048K Free: 338031K (66%)
----------------- Invoking toplevel() on ptolemy.moml.MoMLSimpleApplication@90727
----------------- Done invoking toplevel() on ptolemy.moml.MoMLSimpleApplication@90727
reloadAllAccessors: .ExecutionTimeSDF

===========================================================================================
----------------- testing Sat Jan 18 06:51:09 UTC 2020 /home/travis/build/icyphy/ptII/ptolemy/actor/lib/test/auto/Expression1.xml
----------------- Instantiating /home/travis/build/icyphy/ptII/ptolemy/actor/lib/test/auto/Expression1.xml
1 ms. Memory: 514048K Free: 334464K (65%)
----------------- Invoking toplevel() on ptolemy.moml.MoMLSimpleApplication@7fe4a717
----------------- Done invoking toplevel() on ptolemy.moml.MoMLSimpleApplication@7fe4a717
reloadAllAccessors: .Expression1

===========================================================================================
----------------- testing Sat Jan 18 06:51:09 UTC 2020 /home/travis/build/icyphy/ptII/ptolemy/actor/lib/test/auto/Expression10.xml
----------------- Instantiating /home/travis/build/icyphy/ptII/ptolemy/actor/lib/test/auto/Expression10.xml
4 ms. Memory: 514048K Free: 329344K (64%)
----------------- Invoking toplevel() on ptolemy.moml.MoMLSimpleApplication@189228fc
----------------- Done invoking toplevel() on ptolemy.moml.MoMLSimpleApplication@189228fc
reloadAllAccessors: .Expression10

===========================================================================================
----------------- testing Sat Jan 18 06:51:09 UTC 2020 /home/travis/build/icyphy/ptII/ptolemy/actor/lib/test/auto/Expression11.xml
----------------- Instantiating /home/travis/build/icyphy/ptII/ptolemy/actor/lib/test/auto/Expression11.xml
2 ms. Memory: 514048K Free: 324734K (63%)
----------------- Invoking toplevel() on ptolemy.moml.MoMLSimpleApplication@7130a152
----------------- Done invoking toplevel() on ptolemy.moml.MoMLSimpleApplication@7130a152
reloadAllAccessors: .Expression11

===========================================================================================
----------------- testing Sat Jan 18 06:51:09 UTC 2020 /home/travis/build/icyphy/ptII/ptolemy/actor/lib/test/auto/Expression12.xml
----------------- Instantiating /home/travis/build/icyphy/ptII/ptolemy/actor/lib/test/auto/Expression12.xml
2 ms. Memory: 514048K Free: 319104K (62%)
----------------- Invoking toplevel() on ptolemy.moml.MoMLSimpleApplication@38a616e7
----------------- Done invoking toplevel() on ptolemy.moml.MoMLSimpleApplication@38a616e7
reloadAllAccessors: .Expression12

===========================================================================================
----------------- testing Sat Jan 18 06:51:09 UTC 2020 /home/travis/build/icyphy/ptII/ptolemy/actor/lib/test/auto/Expression13.xml
----------------- Instantiating /home/travis/build/icyphy/ptII/ptolemy/actor/lib/test/auto/Expression13.xml
3 ms. Memory: 514048K Free: 314494K (61%)
----------------- Invoking toplevel() on ptolemy.moml.MoMLSimpleApplication@2ac0b20
----------------- Done invoking toplevel() on ptolemy.moml.MoMLSimpleApplication@2ac0b20
reloadAllAccessors: .Expression13

===========================================================================================
----------------- testing Sat Jan 18 06:51:09 UTC 2020 /home/travis/build/icyphy/ptII/ptolemy/actor/lib/test/auto/Expression14.xml
----------------- Instantiating /home/travis/build/icyphy/ptII/ptolemy/actor/lib/test/auto/Expression14.xml
6 ms. Memory: 514048K Free: 308350K (60%)
----------------- Invoking toplevel() on ptolemy.moml.MoMLSimpleApplication@9da7708
----------------- Done invoking toplevel() on ptolemy.moml.MoMLSimpleApplication@9da7708
reloadAllAccessors: .Expression14

===========================================================================================
----------------- testing Sat Jan 18 06:51:09 UTC 2020 /home/travis/build/icyphy/ptII/ptolemy/actor/lib/test/auto/Expression15.xml
----------------- Instantiating /home/travis/build/icyphy/ptII/ptolemy/actor/lib/test/auto/Expression15.xml
1 ms. Memory: 514048K Free: 304768K (59%)
----------------- Invoking toplevel() on ptolemy.moml.MoMLSimpleApplication@690a0f1d
----------------- Done invoking toplevel() on ptolemy.moml.MoMLSimpleApplication@690a0f1d
reloadAllAccessors: .Expression15

===========================================================================================
----------------- testing Sat Jan 18 06:51:09 UTC 2020 /home/travis/build/icyphy/ptII/ptolemy/actor/lib/test/auto/Expression16.xml
----------------- Instantiating /home/travis/build/icyphy/ptII/ptolemy/actor/lib/test/auto/Expression16.xml
2 ms. Memory: 514048K Free: 299648K (58%)
----------------- Invoking toplevel() on ptolemy.moml.MoMLSimpleApplication@6fcc5dc8
----------------- Done invoking toplevel() on ptolemy.moml.MoMLSimpleApplication@6fcc5dc8
reloadAllAccessors: .Expression16

===========================================================================================
----------------- testing Sat Jan 18 06:51:09 UTC 2020 /home/travis/build/icyphy/ptII/ptolemy/actor/lib/test/auto/Expression17.xml
----------------- Instantiating /home/travis/build/icyphy/ptII/ptolemy/actor/lib/test/auto/Expression17.xml
3 ms. Memory: 514048K Free: 295038K (57%)
----------------- Invoking toplevel() on ptolemy.moml.MoMLSimpleApplication@324e8390
----------------- Done invoking toplevel() on ptolemy.moml.MoMLSimpleApplication@324e8390
reloadAllAccessors: .Expression17

===========================================================================================
----------------- testing Sat Jan 18 06:51:09 UTC 2020 /home/travis/build/icyphy/ptII/ptolemy/actor/lib/test/auto/Expression18.xml
----------------- Instantiating /home/travis/build/icyphy/ptII/ptolemy/actor/lib/test/auto/Expression18.xml
2 ms. Memory: 514048K Free: 289918K (56%)
----------------- Invoking toplevel() on ptolemy.moml.MoMLSimpleApplication@478a8b9e
----------------- Done invoking toplevel() on ptolemy.moml.MoMLSimpleApplication@478a8b9e
reloadAllAccessors: .Expression18

===========================================================================================
----------------- testing Sat Jan 18 06:51:09 UTC 2020 /home/travis/build/icyphy/ptII/ptolemy/actor/lib/test/auto/Expression2.xml
----------------- Instantiating /home/travis/build/icyphy/ptII/ptolemy/actor/lib/test/auto/Expression2.xml
2 ms. Memory: 514048K Free: 284798K (55%)
----------------- Invoking toplevel() on ptolemy.moml.MoMLSimpleApplication@3852c091
----------------- Done invoking toplevel() on ptolemy.moml.MoMLSimpleApplication@3852c091
reloadAllAccessors: .Expression2

===========================================================================================
----------------- testing Sat Jan 18 06:51:09 UTC 2020 /home/travis/build/icyphy/ptII/ptolemy/actor/lib/test/auto/Expression3.xml
----------------- Instantiating /home/travis/build/icyphy/ptII/ptolemy/actor/lib/test/auto/Expression3.xml
6 ms. Memory: 514048K Free: 280192K (55%)
----------------- Invoking toplevel() on ptolemy.moml.MoMLSimpleApplication@2f1a1177
----------------- Done invoking toplevel() on ptolemy.moml.MoMLSimpleApplication@2f1a1177
reloadAllAccessors: .Expression3

===========================================================================================
----------------- testing Sat Jan 18 06:51:09 UTC 2020 /home/travis/build/icyphy/ptII/ptolemy/actor/lib/test/auto/Expression4.xml
----------------- Instantiating /home/travis/build/icyphy/ptII/ptolemy/actor/lib/test/auto/Expression4.xml
3 ms. Memory: 514048K Free: 272510K (53%)
----------------- Invoking toplevel() on ptolemy.moml.MoMLSimpleApplication@18fa8ca3
----------------- Done invoking toplevel() on ptolemy.moml.MoMLSimpleApplication@18fa8ca3
reloadAllAccessors: .Expression4

===========================================================================================
----------------- testing Sat Jan 18 06:51:09 UTC 2020 /home/travis/build/icyphy/ptII/ptolemy/actor/lib/test/auto/Expression5.xml
----------------- Instantiating /home/travis/build/icyphy/ptII/ptolemy/actor/lib/test/auto/Expression5.xml
4 ms. Memory: 514048K Free: 267904K (52%)
----------------- Invoking toplevel() on ptolemy.moml.MoMLSimpleApplication@6e8243fb
----------------- Done invoking toplevel() on ptolemy.moml.MoMLSimpleApplication@6e8243fb
reloadAllAccessors: .Expression5

===========================================================================================
----------------- testing Sat Jan 18 06:51:09 UTC 2020 /home/travis/build/icyphy/ptII/ptolemy/actor/lib/test/auto/Expression6.xml
----------------- Instantiating /home/travis/build/icyphy/ptII/ptolemy/actor/lib/test/auto/Expression6.xml
2 ms. Memory: 514048K Free: 262784K (51%)
----------------- Invoking toplevel() on ptolemy.moml.MoMLSimpleApplication@fb3867e
----------------- Done invoking toplevel() on ptolemy.moml.MoMLSimpleApplication@fb3867e
reloadAllAccessors: .Expression6

===========================================================================================
----------------- testing Sat Jan 18 06:51:09 UTC 2020 /home/travis/build/icyphy/ptII/ptolemy/actor/lib/test/auto/Expression7.xml
----------------- Instantiating /home/travis/build/icyphy/ptII/ptolemy/actor/lib/test/auto/Expression7.xml
2 ms. Memory: 514048K Free: 258174K (50%)
----------------- Invoking toplevel() on ptolemy.moml.MoMLSimpleApplication@65d31e1c
----------------- Done invoking toplevel() on ptolemy.moml.MoMLSimpleApplication@65d31e1c
reloadAllAccessors: .Expression7

===========================================================================================
----------------- testing Sat Jan 18 06:51:09 UTC 2020 /home/travis/build/icyphy/ptII/ptolemy/actor/lib/test/auto/Expression8.xml
----------------- Instantiating /home/travis/build/icyphy/ptII/ptolemy/actor/lib/test/auto/Expression8.xml
7 ms. Memory: 514048K Free: 253054K (49%)
----------------- Invoking toplevel() on ptolemy.moml.MoMLSimpleApplication@482ae4cb
----------------- Done invoking toplevel() on ptolemy.moml.MoMLSimpleApplication@482ae4cb
reloadAllAccessors: .Expression8

===========================================================================================
----------------- testing Sat Jan 18 06:51:09 UTC 2020 /home/travis/build/icyphy/ptII/ptolemy/actor/lib/test/auto/Expression9.xml
----------------- Instantiating /home/travis/build/icyphy/ptII/ptolemy/actor/lib/test/auto/Expression9.xml
1 ms. Memory: 514048K Free: 248958K (48%)
----------------- Invoking toplevel() on ptolemy.moml.MoMLSimpleApplication@639d40fd
----------------- Done invoking toplevel() on ptolemy.moml.MoMLSimpleApplication@639d40fd
reloadAllAccessors: .Expression9

===========================================================================================
----------------- testing Sat Jan 18 06:51:09 UTC 2020 /home/travis/build/icyphy/ptII/ptolemy/actor/lib/test/auto/ExpressionConcatenateArrayType.xml
----------------- Instantiating /home/travis/build/icyphy/ptII/ptolemy/actor/lib/test/auto/ExpressionConcatenateArrayType.xml
2 ms. Memory: 514048K Free: 242814K (47%)
----------------- Invoking toplevel() on ptolemy.moml.MoMLSimpleApplication@32d64798
----------------- Done invoking toplevel() on ptolemy.moml.MoMLSimpleApplication@32d64798
reloadAllAccessors: .ExpressionConcatenateArrayType

===========================================================================================
----------------- testing Sat Jan 18 06:51:09 UTC 2020 /home/travis/build/icyphy/ptII/ptolemy/actor/lib/test/auto/ExpressionConcatenateArrayType2.xml
----------------- Instantiating /home/travis/build/icyphy/ptII/ptolemy/actor/lib/test/auto/ExpressionConcatenateArrayType2.xml
2 ms. Memory: 514048K Free: 237184K (46%)
----------------- Invoking toplevel() on ptolemy.moml.MoMLSimpleApplication@6f41ad66
----------------- Done invoking toplevel() on ptolemy.moml.MoMLSimpleApplication@6f41ad66
reloadAllAccessors: .ExpressionConcatenateArrayType2

===========================================================================================
----------------- testing Sat Jan 18 06:51:09 UTC 2020 /home/travis/build/icyphy/ptII/ptolemy/actor/lib/test/auto/ExpressionFix.xml
----------------- Instantiating /home/travis/build/icyphy/ptII/ptolemy/actor/lib/test/auto/ExpressionFix.xml
16 ms. Memory: 514048K Free: 231040K (45%)
----------------- Invoking toplevel() on ptolemy.moml.MoMLSimpleApplication@21a29e19
----------------- Done invoking toplevel() on ptolemy.moml.MoMLSimpleApplication@21a29e19
reloadAllAccessors: .ExpressionFix

===========================================================================================
----------------- testing Sat Jan 18 06:51:10 UTC 2020 /home/travis/build/icyphy/ptII/ptolemy/actor/lib/test/auto/ExpressionFix2.xml
----------------- Instantiating /home/travis/build/icyphy/ptII/ptolemy/actor/lib/test/auto/ExpressionFix2.xml
4 ms. Memory: 514048K Free: 226944K (44%)
----------------- Invoking toplevel() on ptolemy.moml.MoMLSimpleApplication@6b0280c8
----------------- Done invoking toplevel() on ptolemy.moml.MoMLSimpleApplication@6b0280c8
reloadAllAccessors: .ExpressionFix2

===========================================================================================
----------------- testing Sat Jan 18 06:51:10 UTC 2020 /home/travis/build/icyphy/ptII/ptolemy/actor/lib/test/auto/ExpressionFix3.xml
----------------- Instantiating /home/travis/build/icyphy/ptII/ptolemy/actor/lib/test/auto/ExpressionFix3.xml
2 ms. Memory: 514048K Free: 222334K (43%)
----------------- Invoking toplevel() on ptolemy.moml.MoMLSimpleApplication@76d7e708
----------------- Done invoking toplevel() on ptolemy.moml.MoMLSimpleApplication@76d7e708
reloadAllAccessors: .ExpressionFix3

===========================================================================================
----------------- testing Sat Jan 18 06:51:10 UTC 2020 /home/travis/build/icyphy/ptII/ptolemy/actor/lib/test/auto/FileWriter1.xml
----------------- Instantiating /home/travis/build/icyphy/ptII/ptolemy/actor/lib/test/auto/FileWriter1.xml
2 ms. Memory: 514048K Free: 218752K (43%)
----------------- Invoking toplevel() on ptolemy.moml.MoMLSimpleApplication@3300e035
----------------- Done invoking toplevel() on ptolemy.moml.MoMLSimpleApplication@3300e035
reloadAllAccessors: .FileWriter1

===========================================================================================
----------------- testing Sat Jan 18 06:51:10 UTC 2020 /home/travis/build/icyphy/ptII/ptolemy/actor/lib/test/auto/FileWriter2.xml
----------------- Instantiating /home/travis/build/icyphy/ptII/ptolemy/actor/lib/test/auto/FileWriter2.xml
2 ms. Memory: 514048K Free: 214656K (42%)
----------------- Invoking toplevel() on ptolemy.moml.MoMLSimpleApplication@184bb566
----------------- Done invoking toplevel() on ptolemy.moml.MoMLSimpleApplication@184bb566
reloadAllAccessors: .FileWriter2

===========================================================================================
----------------- testing Sat Jan 18 06:51:10 UTC 2020 /home/travis/build/icyphy/ptII/ptolemy/actor/lib/test/auto/FileWriter3.xml
----------------- Instantiating /home/travis/build/icyphy/ptII/ptolemy/actor/lib/test/auto/FileWriter3.xml
1 ms. Memory: 514048K Free: 210560K (41%)
----------------- Invoking toplevel() on ptolemy.moml.MoMLSimpleApplication@7a3f0f6b
----------------- Done invoking toplevel() on ptolemy.moml.MoMLSimpleApplication@7a3f0f6b
reloadAllAccessors: .FileWriter3

===========================================================================================
----------------- testing Sat Jan 18 06:51:10 UTC 2020 /home/travis/build/icyphy/ptII/ptolemy/actor/lib/test/auto/Gaussian.xml
----------------- Instantiating /home/travis/build/icyphy/ptII/ptolemy/actor/lib/test/auto/Gaussian.xml
3 ms. Memory: 514048K Free: 206464K (40%)
----------------- Invoking toplevel() on ptolemy.moml.MoMLSimpleApplication@78c579ba
----------------- Done invoking toplevel() on ptolemy.moml.MoMLSimpleApplication@78c579ba
reloadAllAccessors: .Gaussian

===========================================================================================
----------------- testing Sat Jan 18 06:51:10 UTC 2020 /home/travis/build/icyphy/ptII/ptolemy/actor/lib/test/auto/Gaussian1.xml
----------------- Instantiating /home/travis/build/icyphy/ptII/ptolemy/actor/lib/test/auto/Gaussian1.xml
9 ms. Memory: 514048K Free: 200799K (39%)
----------------- Invoking toplevel() on ptolemy.moml.MoMLSimpleApplication@4af0eb91
----------------- Done invoking toplevel() on ptolemy.moml.MoMLSimpleApplication@4af0eb91
reloadAllAccessors: .Gaussian1

===========================================================================================
----------------- testing Sat Jan 18 06:51:10 UTC 2020 /home/travis/build/icyphy/ptII/ptolemy/actor/lib/test/auto/Gaussian2.xml
----------------- Instantiating /home/travis/build/icyphy/ptII/ptolemy/actor/lib/test/auto/Gaussian2.xml
2 ms. Memory: 514048K Free: 195695K (38%)
----------------- Invoking toplevel() on ptolemy.moml.MoMLSimpleApplication@5ccb30e7
----------------- Done invoking toplevel() on ptolemy.moml.MoMLSimpleApplication@5ccb30e7
reloadAllAccessors: .Gaussian2

===========================================================================================
----------------- testing Sat Jan 18 06:51:10 UTC 2020 /home/travis/build/icyphy/ptII/ptolemy/actor/lib/test/auto/GradientAdaptiveLattice.xml
----------------- Instantiating /home/travis/build/icyphy/ptII/ptolemy/actor/lib/test/auto/GradientAdaptiveLattice.xml
3 ms. Memory: 514048K Free: 190590K (37%)
----------------- Invoking toplevel() on ptolemy.moml.MoMLSimpleApplication@776de740
----------------- Done invoking toplevel() on ptolemy.moml.MoMLSimpleApplication@776de740
reloadAllAccessors: .GradientAdaptiveLattice

===========================================================================================
----------------- testing Sat Jan 18 06:51:10 UTC 2020 /home/travis/build/icyphy/ptII/ptolemy/actor/lib/test/auto/IIR.xml
----------------- Instantiating /home/travis/build/icyphy/ptII/ptolemy/actor/lib/test/auto/IIR.xml
1 ms. Memory: 514048K Free: 185984K (36%)
----------------- Invoking toplevel() on ptolemy.moml.MoMLSimpleApplication@6fae1e6b
----------------- Done invoking toplevel() on ptolemy.moml.MoMLSimpleApplication@6fae1e6b
reloadAllAccessors: .IIR

===========================================================================================
----------------- testing Sat Jan 18 06:51:10 UTC 2020 /home/travis/build/icyphy/ptII/ptolemy/actor/lib/test/auto/InputOutputTransparentPorts.xml
----------------- Instantiating /home/travis/build/icyphy/ptII/ptolemy/actor/lib/test/auto/InputOutputTransparentPorts.xml
1 ms. Memory: 514048K Free: 179326K (35%)
----------------- Invoking toplevel() on ptolemy.moml.MoMLSimpleApplication@458c8a93
----------------- Done invoking toplevel() on ptolemy.moml.MoMLSimpleApplication@458c8a93
reloadAllAccessors: .InputOutputTransparentPorts

===========================================================================================
----------------- testing Sat Jan 18 06:51:10 UTC 2020 /home/travis/build/icyphy/ptII/ptolemy/actor/lib/test/auto/Interpolator.xml
----------------- Instantiating /home/travis/build/icyphy/ptII/ptolemy/actor/lib/test/auto/Interpolator.xml
3 ms. Memory: 514048K Free: 175230K (34%)
----------------- Invoking toplevel() on ptolemy.moml.MoMLSimpleApplication@618d0061
----------------- Done invoking toplevel() on ptolemy.moml.MoMLSimpleApplication@618d0061
reloadAllAccessors: .Interpolator

===========================================================================================
----------------- testing Sat Jan 18 06:51:10 UTC 2020 /home/travis/build/icyphy/ptII/ptolemy/actor/lib/test/auto/InterpolatorFiringLimitDE.xml
----------------- Instantiating /home/travis/build/icyphy/ptII/ptolemy/actor/lib/test/auto/InterpolatorFiringLimitDE.xml
2 ms. Memory: 514048K Free: 168576K (33%)
----------------- Invoking toplevel() on ptolemy.moml.MoMLSimpleApplication@32190add
----------------- Done invoking toplevel() on ptolemy.moml.MoMLSimpleApplication@32190add
reloadAllAccessors: .InterpolatorFiringLimitDE

===========================================================================================
----------------- testing Sat Jan 18 06:51:10 UTC 2020 /home/travis/build/icyphy/ptII/ptolemy/actor/lib/test/auto/Lattice.xml
----------------- Instantiating /home/travis/build/icyphy/ptII/ptolemy/actor/lib/test/auto/Lattice.xml
1 ms. Memory: 514048K Free: 461950K (90%)
----------------- Invoking toplevel() on ptolemy.moml.MoMLSimpleApplication@453d3717
----------------- Done invoking toplevel() on ptolemy.moml.MoMLSimpleApplication@453d3717
reloadAllAccessors: .Lattice

===========================================================================================
----------------- testing Sat Jan 18 06:51:10 UTC 2020 /home/travis/build/icyphy/ptII/ptolemy/actor/lib/test/auto/LazyAOCTestLazy.xml
----------------- Instantiating /home/travis/build/icyphy/ptII/ptolemy/actor/lib/test/auto/LazyAOCTestLazy.xml
5 ms. Memory: 514048K Free: 455791K (89%)
----------------- Invoking toplevel() on ptolemy.moml.MoMLSimpleApplication@d6d3bf
----------------- Done invoking toplevel() on ptolemy.moml.MoMLSimpleApplication@d6d3bf
reloadAllAccessors: .LazyAOCTestLazy

===========================================================================================
----------------- testing Sat Jan 18 06:51:10 UTC 2020 /home/travis/build/icyphy/ptII/ptolemy/actor/lib/test/auto/LazyAOCTestNonLazy.xml
----------------- Instantiating /home/travis/build/icyphy/ptII/ptolemy/actor/lib/test/auto/LazyAOCTestNonLazy.xml
2 ms. Memory: 514048K Free: 449152K (87%)
----------------- Invoking toplevel() on ptolemy.moml.MoMLSimpleApplication@f9008f9
----------------- Done invoking toplevel() on ptolemy.moml.MoMLSimpleApplication@f9008f9
reloadAllAccessors: .LazyAOCTestNonLazy

===========================================================================================
----------------- testing Sat Jan 18 06:51:10 UTC 2020 /home/travis/build/icyphy/ptII/ptolemy/actor/lib/test/auto/LazyInnerClass.xml
----------------- Instantiating /home/travis/build/icyphy/ptII/ptolemy/actor/lib/test/auto/LazyInnerClass.xml
19 ms. Memory: 514048K Free: 440960K (86%)
----------------- Invoking toplevel() on ptolemy.moml.MoMLSimpleApplication@1de5f229
----------------- Done invoking toplevel() on ptolemy.moml.MoMLSimpleApplication@1de5f229
reloadAllAccessors: .LazyInnerClass

===========================================================================================
----------------- testing Sat Jan 18 06:51:10 UTC 2020 /home/travis/build/icyphy/ptII/ptolemy/actor/lib/test/auto/LazyPubSub.xml
----------------- Instantiating /home/travis/build/icyphy/ptII/ptolemy/actor/lib/test/auto/LazyPubSub.xml
23 ms. Memory: 514048K Free: 430720K (84%)
----------------- Invoking toplevel() on ptolemy.moml.MoMLSimpleApplication@355a6fa6
----------------- Done invoking toplevel() on ptolemy.moml.MoMLSimpleApplication@355a6fa6
reloadAllAccessors: .LazyPubSub

===========================================================================================
----------------- testing Sat Jan 18 06:51:10 UTC 2020 /home/travis/build/icyphy/ptII/ptolemy/actor/lib/test/auto/LazyPubSub2.xml
----------------- Instantiating /home/travis/build/icyphy/ptII/ptolemy/actor/lib/test/auto/LazyPubSub2.xml
13 ms. Memory: 514048K Free: 420480K (82%)
----------------- Invoking toplevel() on ptolemy.moml.MoMLSimpleApplication@24d6b163
----------------- Done invoking toplevel() on ptolemy.moml.MoMLSimpleApplication@24d6b163
reloadAllAccessors: .LazyPubSub2

===========================================================================================
----------------- testing Sat Jan 18 06:51:10 UTC 2020 /home/travis/build/icyphy/ptII/ptolemy/actor/lib/test/auto/LazyPubSub3.xml
----------------- Instantiating /home/travis/build/icyphy/ptII/ptolemy/actor/lib/test/auto/LazyPubSub3.xml
11 ms. Memory: 514048K Free: 410750K (80%)
----------------- Invoking toplevel() on ptolemy.moml.MoMLSimpleApplication@32909d5b
----------------- Done invoking toplevel() on ptolemy.moml.MoMLSimpleApplication@32909d5b
reloadAllAccessors: .LazyPubSub3

===========================================================================================
----------------- testing Sat Jan 18 06:51:10 UTC 2020 /home/travis/build/icyphy/ptII/ptolemy/actor/lib/test/auto/LazySubClassModel.xml
----------------- Instantiating /home/travis/build/icyphy/ptII/ptolemy/actor/lib/test/auto/LazySubClassModel.xml
2 ms. Memory: 514048K Free: 401534K (78%)
----------------- Invoking toplevel() on ptolemy.moml.MoMLSimpleApplication@19775418
----------------- Done invoking toplevel() on ptolemy.moml.MoMLSimpleApplication@19775418
reloadAllAccessors: .LazySubClassModel

===========================================================================================
----------------- testing Sat Jan 18 06:51:10 UTC 2020 /home/travis/build/icyphy/ptII/ptolemy/actor/lib/test/auto/LevelCrossTest1.xml
----------------- Instantiating /home/travis/build/icyphy/ptII/ptolemy/actor/lib/test/auto/LevelCrossTest1.xml
1 ms. Memory: 514048K Free: 395904K (77%)
----------------- Invoking toplevel() on ptolemy.moml.MoMLSimpleApplication@4fa0b05a
----------------- Done invoking toplevel() on ptolemy.moml.MoMLSimpleApplication@4fa0b05a
reloadAllAccessors: .broken

===========================================================================================
----------------- testing Sat Jan 18 06:51:10 UTC 2020 /home/travis/build/icyphy/ptII/ptolemy/actor/lib/test/auto/LevelCrossTest10.xml
----------------- Instantiating /home/travis/build/icyphy/ptII/ptolemy/actor/lib/test/auto/LevelCrossTest10.xml
1 ms. Memory: 514048K Free: 389246K (76%)
----------------- Invoking toplevel() on ptolemy.moml.MoMLSimpleApplication@15efa50b
----------------- Done invoking toplevel() on ptolemy.moml.MoMLSimpleApplication@15efa50b
reloadAllAccessors: .LevelCrossTest10

===========================================================================================
----------------- testing Sat Jan 18 06:51:10 UTC 2020 /home/travis/build/icyphy/ptII/ptolemy/actor/lib/test/auto/LevelCrossTest11.xml
----------------- Instantiating /home/travis/build/icyphy/ptII/ptolemy/actor/lib/test/auto/LevelCrossTest11.xml
1 ms. Memory: 514048K Free: 381054K (74%)
----------------- Invoking toplevel() on ptolemy.moml.MoMLSimpleApplication@2eefa211
----------------- Done invoking toplevel() on ptolemy.moml.MoMLSimpleApplication@2eefa211
reloadAllAccessors: .LevelCrossTest11

===========================================================================================
----------------- testing Sat Jan 18 06:51:10 UTC 2020 /home/travis/build/icyphy/ptII/ptolemy/actor/lib/test/auto/LevelCrossTest12.xml
----------------- Instantiating /home/travis/build/icyphy/ptII/ptolemy/actor/lib/test/auto/LevelCrossTest12.xml
0 ms. Memory: 514048K Free: 374400K (73%)
----------------- Invoking toplevel() on ptolemy.moml.MoMLSimpleApplication@5bfadcb0
----------------- Done invoking toplevel() on ptolemy.moml.MoMLSimpleApplication@5bfadcb0
reloadAllAccessors: .LevelCrossTest12

===========================================================================================
----------------- testing Sat Jan 18 06:51:10 UTC 2020 /home/travis/build/icyphy/ptII/ptolemy/actor/lib/test/auto/LevelCrossTest13.xml
----------------- Instantiating /home/travis/build/icyphy/ptII/ptolemy/actor/lib/test/auto/LevelCrossTest13.xml
1 ms. Memory: 514048K Free: 367232K (71%)
----------------- Invoking toplevel() on ptolemy.moml.MoMLSimpleApplication@30b84308
----------------- Done invoking toplevel() on ptolemy.moml.MoMLSimpleApplication@30b84308
reloadAllAccessors: .LevelCrossTest13

===========================================================================================
----------------- testing Sat Jan 18 06:51:10 UTC 2020 /home/travis/build/icyphy/ptII/ptolemy/actor/lib/test/auto/LevelCrossTest2.xml
----------------- Instantiating /home/travis/build/icyphy/ptII/ptolemy/actor/lib/test/auto/LevelCrossTest2.xml
1 ms. Memory: 514048K Free: 361598K (70%)
----------------- Invoking toplevel() on ptolemy.moml.MoMLSimpleApplication@2f4337e
----------------- Done invoking toplevel() on ptolemy.moml.MoMLSimpleApplication@2f4337e
reloadAllAccessors: .broken

===========================================================================================
----------------- testing Sat Jan 18 06:51:10 UTC 2020 /home/travis/build/icyphy/ptII/ptolemy/actor/lib/test/auto/LevelCrossTest3.xml
----------------- Instantiating /home/travis/build/icyphy/ptII/ptolemy/actor/lib/test/auto/LevelCrossTest3.xml
1 ms. Memory: 514048K Free: 355454K (69%)
----------------- Invoking toplevel() on ptolemy.moml.MoMLSimpleApplication@51c97fa4
----------------- Done invoking toplevel() on ptolemy.moml.MoMLSimpleApplication@51c97fa4
reloadAllAccessors: .LevelCrossTest3

===========================================================================================
----------------- testing Sat Jan 18 06:51:10 UTC 2020 /home/travis/build/icyphy/ptII/ptolemy/actor/lib/test/auto/LevelCrossTest4.xml
----------------- Instantiating /home/travis/build/icyphy/ptII/ptolemy/actor/lib/test/auto/LevelCrossTest4.xml
3 ms. Memory: 514048K Free: 350334K (68%)
----------------- Invoking toplevel() on ptolemy.moml.MoMLSimpleApplication@70c35fb5
----------------- Done invoking toplevel() on ptolemy.moml.MoMLSimpleApplication@70c35fb5
reloadAllAccessors: .broken

===========================================================================================
----------------- testing Sat Jan 18 06:51:10 UTC 2020 /home/travis/build/icyphy/ptII/ptolemy/actor/lib/test/auto/LevelCrossTest5.xml
----------------- Instantiating /home/travis/build/icyphy/ptII/ptolemy/actor/lib/test/auto/LevelCrossTest5.xml
1 ms. Memory: 514048K Free: 344190K (67%)
----------------- Invoking toplevel() on ptolemy.moml.MoMLSimpleApplication@4bff3a68
----------------- Done invoking toplevel() on ptolemy.moml.MoMLSimpleApplication@4bff3a68
reloadAllAccessors: .LevelCrossTest5

===========================================================================================
----------------- testing Sat Jan 18 06:51:10 UTC 2020 /home/travis/build/icyphy/ptII/ptolemy/actor/lib/test/auto/LevelCrossTest6.xml
----------------- Instantiating /home/travis/build/icyphy/ptII/ptolemy/actor/lib/test/auto/LevelCrossTest6.xml
1 ms. Memory: 514048K Free: 337536K (66%)
----------------- Invoking toplevel() on ptolemy.moml.MoMLSimpleApplication@69f3702
----------------- Done invoking toplevel() on ptolemy.moml.MoMLSimpleApplication@69f3702
reloadAllAccessors: .LevelCrossTest6

===========================================================================================
----------------- testing Sat Jan 18 06:51:10 UTC 2020 /home/travis/build/icyphy/ptII/ptolemy/actor/lib/test/auto/LevelCrossTest7.xml
----------------- Instantiating /home/travis/build/icyphy/ptII/ptolemy/actor/lib/test/auto/LevelCrossTest7.xml
1 ms. Memory: 514048K Free: 329854K (64%)
----------------- Invoking toplevel() on ptolemy.moml.MoMLSimpleApplication@267f5ea0
----------------- Done invoking toplevel() on ptolemy.moml.MoMLSimpleApplication@267f5ea0
reloadAllAccessors: .LevelCrossTest7

===========================================================================================
----------------- testing Sat Jan 18 06:51:10 UTC 2020 /home/travis/build/icyphy/ptII/ptolemy/actor/lib/test/auto/LevelCrossTest8.xml
----------------- Instantiating /home/travis/build/icyphy/ptII/ptolemy/actor/lib/test/auto/LevelCrossTest8.xml
1 ms. Memory: 514048K Free: 323200K (63%)
----------------- Invoking toplevel() on ptolemy.moml.MoMLSimpleApplication@1537ac72
----------------- Done invoking toplevel() on ptolemy.moml.MoMLSimpleApplication@1537ac72
reloadAllAccessors: .LevelCrossTest8

===========================================================================================
----------------- testing Sat Jan 18 06:51:10 UTC 2020 /home/travis/build/icyphy/ptII/ptolemy/actor/lib/test/auto/LevelCrossTest9.xml
----------------- Instantiating /home/travis/build/icyphy/ptII/ptolemy/actor/lib/test/auto/LevelCrossTest9.xml
1 ms. Memory: 514048K Free: 316032K (61%)
----------------- Invoking toplevel() on ptolemy.moml.MoMLSimpleApplication@376e3274
----------------- Done invoking toplevel() on ptolemy.moml.MoMLSimpleApplication@376e3274
reloadAllAccessors: .LevelCrossTest9

===========================================================================================
----------------- testing Sat Jan 18 06:51:10 UTC 2020 /home/travis/build/icyphy/ptII/ptolemy/actor/lib/test/auto/LevinsonDurbin.xml
----------------- Instantiating /home/travis/build/icyphy/ptII/ptolemy/actor/lib/test/auto/LevinsonDurbin.xml
1 ms. Memory: 514048K Free: 311936K (61%)
----------------- Invoking toplevel() on ptolemy.moml.MoMLSimpleApplication@53bb8c91
----------------- Done invoking toplevel() on ptolemy.moml.MoMLSimpleApplication@53bb8c91
reloadAllAccessors: .LevinsonDurbin

===========================================================================================
----------------- testing Sat Jan 18 06:51:10 UTC 2020 /home/travis/build/icyphy/ptII/ptolemy/actor/lib/test/auto/LevinsonDurbin2.xml
----------------- Instantiating /home/travis/build/icyphy/ptII/ptolemy/actor/lib/test/auto/LevinsonDurbin2.xml
1 ms. Memory: 514048K Free: 308350K (60%)
----------------- Invoking toplevel() on ptolemy.moml.MoMLSimpleApplication@83dae42
----------------- Done invoking toplevel() on ptolemy.moml.MoMLSimpleApplication@83dae42
reloadAllAccessors: .LevinsonDurbin2

===========================================================================================
----------------- testing Sat Jan 18 06:51:10 UTC 2020 /home/travis/build/icyphy/ptII/ptolemy/actor/lib/test/auto/LevinsonDurbin3.xml
----------------- Instantiating /home/travis/build/icyphy/ptII/ptolemy/actor/lib/test/auto/LevinsonDurbin3.xml
7 ms. Memory: 514048K Free: 304254K (59%)
----------------- Invoking toplevel() on ptolemy.moml.MoMLSimpleApplication@1a20cd94
----------------- Done invoking toplevel() on ptolemy.moml.MoMLSimpleApplication@1a20cd94
reloadAllAccessors: .LevinsonDurbin3

===========================================================================================
----------------- testing Sat Jan 18 06:51:10 UTC 2020 /home/travis/build/icyphy/ptII/ptolemy/actor/lib/test/auto/Limiter.xml
----------------- Instantiating /home/travis/build/icyphy/ptII/ptolemy/actor/lib/test/auto/Limiter.xml
4 ms. Memory: 514048K Free: 295007K (57%)
----------------- Invoking toplevel() on ptolemy.moml.MoMLSimpleApplication@1a460b9c
----------------- Done invoking toplevel() on ptolemy.moml.MoMLSimpleApplication@1a460b9c
reloadAllAccessors: .Limiter

===========================================================================================
----------------- testing Sat Jan 18 06:51:10 UTC 2020 /home/travis/build/icyphy/ptII/ptolemy/actor/lib/test/auto/LinearDifferenceEquationSystem.xml
----------------- Instantiating /home/travis/build/icyphy/ptII/ptolemy/actor/lib/test/auto/LinearDifferenceEquationSystem.xml
4 ms. Memory: 514048K Free: 287870K (56%)
----------------- Invoking toplevel() on ptolemy.moml.MoMLSimpleApplication@69273fcd
----------------- Done invoking toplevel() on ptolemy.moml.MoMLSimpleApplication@69273fcd
reloadAllAccessors: .LinearDifferenceEquationSystem

===========================================================================================
----------------- testing Sat Jan 18 06:51:10 UTC 2020 /home/travis/build/icyphy/ptII/ptolemy/actor/lib/test/auto/LookupTable.xml
----------------- Instantiating /home/travis/build/icyphy/ptII/ptolemy/actor/lib/test/auto/LookupTable.xml
1 ms. Memory: 514048K Free: 283774K (55%)
----------------- Invoking toplevel() on ptolemy.moml.MoMLSimpleApplication@d6e4a3b
----------------- Done invoking toplevel() on ptolemy.moml.MoMLSimpleApplication@d6e4a3b
reloadAllAccessors: .LookupTable

===========================================================================================
----------------- testing Sat Jan 18 06:51:10 UTC 2020 /home/travis/build/icyphy/ptII/ptolemy/actor/lib/test/auto/MathFunction.xml
----------------- Instantiating /home/travis/build/icyphy/ptII/ptolemy/actor/lib/test/auto/MathFunction.xml
2 ms. Memory: 514048K Free: 275582K (54%)
----------------- Invoking toplevel() on ptolemy.moml.MoMLSimpleApplication@46254823
----------------- Done invoking toplevel() on ptolemy.moml.MoMLSimpleApplication@46254823
reloadAllAccessors: .MathFunction

===========================================================================================
----------------- testing Sat Jan 18 06:51:10 UTC 2020 /home/travis/build/icyphy/ptII/ptolemy/actor/lib/test/auto/MathFunction2.xml
----------------- Instantiating /home/travis/build/icyphy/ptII/ptolemy/actor/lib/test/auto/MathFunction2.xml
1 ms. Memory: 514048K Free: 271486K (53%)
----------------- Invoking toplevel() on ptolemy.moml.MoMLSimpleApplication@5819c104
----------------- Done invoking toplevel() on ptolemy.moml.MoMLSimpleApplication@5819c104
reloadAllAccessors: .MathFunction2

===========================================================================================
----------------- testing Sat Jan 18 06:51:10 UTC 2020 /home/travis/build/icyphy/ptII/ptolemy/actor/lib/test/auto/MathFunction3.xml
----------------- Instantiating /home/travis/build/icyphy/ptII/ptolemy/actor/lib/test/auto/MathFunction3.xml
2 ms. Memory: 514048K Free: 264832K (52%)
----------------- Invoking toplevel() on ptolemy.moml.MoMLSimpleApplication@2a020488
----------------- Done invoking toplevel() on ptolemy.moml.MoMLSimpleApplication@2a020488
reloadAllAccessors: .MathFunction3

===========================================================================================
----------------- testing Sat Jan 18 06:51:10 UTC 2020 /home/travis/build/icyphy/ptII/ptolemy/actor/lib/test/auto/MatrixCropBoolean.xml
----------------- Instantiating /home/travis/build/icyphy/ptII/ptolemy/actor/lib/test/auto/MatrixCropBoolean.xml
1 ms. Memory: 514048K Free: 259712K (51%)
----------------- Invoking toplevel() on ptolemy.moml.MoMLSimpleApplication@352face6
----------------- Done invoking toplevel() on ptolemy.moml.MoMLSimpleApplication@352face6
reloadAllAccessors: .MatrixCropBoolean

===========================================================================================
----------------- testing Sat Jan 18 06:51:10 UTC 2020 /home/travis/build/icyphy/ptII/ptolemy/actor/lib/test/auto/MatrixCropComplex.xml
----------------- Instantiating /home/travis/build/icyphy/ptII/ptolemy/actor/lib/test/auto/MatrixCropComplex.xml
2 ms. Memory: 514048K Free: 254592K (50%)
----------------- Invoking toplevel() on ptolemy.moml.MoMLSimpleApplication@1b68be90
----------------- Done invoking toplevel() on ptolemy.moml.MoMLSimpleApplication@1b68be90
reloadAllAccessors: .MatrixCropComplex

===========================================================================================
----------------- testing Sat Jan 18 06:51:10 UTC 2020 /home/travis/build/icyphy/ptII/ptolemy/actor/lib/test/auto/MatrixCropDouble.xml
----------------- Instantiating /home/travis/build/icyphy/ptII/ptolemy/actor/lib/test/auto/MatrixCropDouble.xml
2 ms. Memory: 514048K Free: 249472K (49%)
----------------- Invoking toplevel() on ptolemy.moml.MoMLSimpleApplication@58e67333
----------------- Done invoking toplevel() on ptolemy.moml.MoMLSimpleApplication@58e67333
reloadAllAccessors: .MatrixCropDouble

===========================================================================================
----------------- testing Sat Jan 18 06:51:10 UTC 2020 /home/travis/build/icyphy/ptII/ptolemy/actor/lib/test/auto/MatrixCropFix.xml
----------------- Instantiating /home/travis/build/icyphy/ptII/ptolemy/actor/lib/test/auto/MatrixCropFix.xml
1 ms. Memory: 514048K Free: 244831K (48%)
----------------- Invoking toplevel() on ptolemy.moml.MoMLSimpleApplication@1825b768
----------------- Done invoking toplevel() on ptolemy.moml.MoMLSimpleApplication@1825b768
reloadAllAccessors: .MatrixCropFix

===========================================================================================
----------------- testing Sat Jan 18 06:51:10 UTC 2020 /home/travis/build/icyphy/ptII/ptolemy/actor/lib/test/auto/MatrixCropInt.xml
----------------- Instantiating /home/travis/build/icyphy/ptII/ptolemy/actor/lib/test/auto/MatrixCropInt.xml
1 ms. Memory: 514048K Free: 240256K (47%)
----------------- Invoking toplevel() on ptolemy.moml.MoMLSimpleApplication@48df2ba
----------------- Done invoking toplevel() on ptolemy.moml.MoMLSimpleApplication@48df2ba
reloadAllAccessors: .MatrixCropInt

===========================================================================================
----------------- testing Sat Jan 18 06:51:10 UTC 2020 /home/travis/build/icyphy/ptII/ptolemy/actor/lib/test/auto/MatrixCropLong.xml
----------------- Instantiating /home/travis/build/icyphy/ptII/ptolemy/actor/lib/test/auto/MatrixCropLong.xml
1 ms. Memory: 514048K Free: 235136K (46%)
----------------- Invoking toplevel() on ptolemy.moml.MoMLSimpleApplication@93fd065
----------------- Done invoking toplevel() on ptolemy.moml.MoMLSimpleApplication@93fd065
reloadAllAccessors: .MatrixCropLong

===========================================================================================
----------------- testing Sat Jan 18 06:51:10 UTC 2020 /home/travis/build/icyphy/ptII/ptolemy/actor/lib/test/auto/MatrixToArray.xml
----------------- Instantiating /home/travis/build/icyphy/ptII/ptolemy/actor/lib/test/auto/MatrixToArray.xml
7 ms. Memory: 514048K Free: 220286K (43%)
----------------- Invoking toplevel() on ptolemy.moml.MoMLSimpleApplication@1819b834
----------------- Done invoking toplevel() on ptolemy.moml.MoMLSimpleApplication@1819b834
reloadAllAccessors: .MatrixToArray

===========================================================================================
----------------- testing Sat Jan 18 06:51:11 UTC 2020 /home/travis/build/icyphy/ptII/ptolemy/actor/lib/test/auto/MaxIndex.xml
----------------- Instantiating /home/travis/build/icyphy/ptII/ptolemy/actor/lib/test/auto/MaxIndex.xml
6 ms. Memory: 514048K Free: 215680K (42%)
----------------- Invoking toplevel() on ptolemy.moml.MoMLSimpleApplication@31a0cdc5
----------------- Done invoking toplevel() on ptolemy.moml.MoMLSimpleApplication@31a0cdc5
reloadAllAccessors: .MaxIndex

===========================================================================================
----------------- testing Sat Jan 18 06:51:11 UTC 2020 /home/travis/build/icyphy/ptII/ptolemy/actor/lib/test/auto/Maximum.xml
----------------- Instantiating /home/travis/build/icyphy/ptII/ptolemy/actor/lib/test/auto/Maximum.xml
5 ms. Memory: 514048K Free: 208991K (41%)
----------------- Invoking toplevel() on ptolemy.moml.MoMLSimpleApplication@1bab3885
----------------- Done invoking toplevel() on ptolemy.moml.MoMLSimpleApplication@1bab3885
reloadAllAccessors: .Maximum

===========================================================================================
----------------- testing Sat Jan 18 06:51:11 UTC 2020 /home/travis/build/icyphy/ptII/ptolemy/actor/lib/test/auto/MaximumComplex.xml
----------------- Instantiating /home/travis/build/icyphy/ptII/ptolemy/actor/lib/test/auto/MaximumComplex.xml
5 ms. Memory: 514048K Free: 202863K (39%)
----------------- Invoking toplevel() on ptolemy.moml.MoMLSimpleApplication@7d5e75f3
----------------- Done invoking toplevel() on ptolemy.moml.MoMLSimpleApplication@7d5e75f3
reloadAllAccessors: .MaximumComplex

===========================================================================================
----------------- testing Sat Jan 18 06:51:11 UTC 2020 /home/travis/build/icyphy/ptII/ptolemy/actor/lib/test/auto/MethodCallTest.xml
----------------- Instantiating /home/travis/build/icyphy/ptII/ptolemy/actor/lib/test/auto/MethodCallTest.xml
2 ms. Memory: 514048K Free: 196224K (38%)
----------------- Invoking toplevel() on ptolemy.moml.MoMLSimpleApplication@2c133964
----------------- Done invoking toplevel() on ptolemy.moml.MoMLSimpleApplication@2c133964
reloadAllAccessors: .MethodCallTest

===========================================================================================
----------------- testing Sat Jan 18 06:51:11 UTC 2020 /home/travis/build/icyphy/ptII/ptolemy/actor/lib/test/auto/Minimum.xml
----------------- Instantiating /home/travis/build/icyphy/ptII/ptolemy/actor/lib/test/auto/Minimum.xml
2 ms. Memory: 514048K Free: 190080K (37%)
----------------- Invoking toplevel() on ptolemy.moml.MoMLSimpleApplication@6cdd5a18
----------------- Done invoking toplevel() on ptolemy.moml.MoMLSimpleApplication@6cdd5a18
reloadAllAccessors: .Minimum

===========================================================================================
----------------- testing Sat Jan 18 06:51:11 UTC 2020 /home/travis/build/icyphy/ptII/ptolemy/actor/lib/test/auto/MinimumComplex.xml
----------------- Instantiating /home/travis/build/icyphy/ptII/ptolemy/actor/lib/test/auto/MinimumComplex.xml
2 ms. Memory: 514048K Free: 184431K (36%)
----------------- Invoking toplevel() on ptolemy.moml.MoMLSimpleApplication@6d6d9514
----------------- Done invoking toplevel() on ptolemy.moml.MoMLSimpleApplication@6d6d9514
reloadAllAccessors: .MinimumComplex

===========================================================================================
----------------- testing Sat Jan 18 06:51:11 UTC 2020 /home/travis/build/icyphy/ptII/ptolemy/actor/lib/test/auto/MinimumMultiports.xml
----------------- Instantiating /home/travis/build/icyphy/ptII/ptolemy/actor/lib/test/auto/MinimumMultiports.xml
3 ms. Memory: 514048K Free: 175744K (34%)
----------------- Invoking toplevel() on ptolemy.moml.MoMLSimpleApplication@7366dd5c
----------------- Done invoking toplevel() on ptolemy.moml.MoMLSimpleApplication@7366dd5c
reloadAllAccessors: .MinimumMultiports

===========================================================================================
----------------- testing Sat Jan 18 06:51:11 UTC 2020 /home/travis/build/icyphy/ptII/ptolemy/actor/lib/test/auto/ModifyDate.xml
----------------- Instantiating /home/travis/build/icyphy/ptII/ptolemy/actor/lib/test/auto/ModifyDate.xml
4 ms. Memory: 514048K Free: 459390K (89%)
----------------- Invoking toplevel() on ptolemy.moml.MoMLSimpleApplication@4d382b04
----------------- Done invoking toplevel() on ptolemy.moml.MoMLSimpleApplication@4d382b04
reloadAllAccessors: .ModifyDate

===========================================================================================
----------------- testing Sat Jan 18 06:51:11 UTC 2020 /home/travis/build/icyphy/ptII/ptolemy/actor/lib/test/auto/ModifyDate2.xml
----------------- Instantiating /home/travis/build/icyphy/ptII/ptolemy/actor/lib/test/auto/ModifyDate2.xml
9 ms. Memory: 514048K Free: 450688K (88%)
----------------- Invoking toplevel() on ptolemy.moml.MoMLSimpleApplication@12daa04a
----------------- Done invoking toplevel() on ptolemy.moml.MoMLSimpleApplication@12daa04a
reloadAllAccessors: .ModifyDate2

===========================================================================================
----------------- testing Sat Jan 18 06:51:11 UTC 2020 /home/travis/build/icyphy/ptII/ptolemy/actor/lib/test/auto/MovingAverage.xml
----------------- Instantiating /home/travis/build/icyphy/ptII/ptolemy/actor/lib/test/auto/MovingAverage.xml
1 ms. Memory: 514048K Free: 445568K (87%)
----------------- Invoking toplevel() on ptolemy.moml.MoMLSimpleApplication@5b70b816
----------------- Done invoking toplevel() on ptolemy.moml.MoMLSimpleApplication@5b70b816
reloadAllAccessors: .MovingAverage

===========================================================================================
----------------- testing Sat Jan 18 06:51:11 UTC 2020 /home/travis/build/icyphy/ptII/ptolemy/actor/lib/test/auto/MovingMaximum.xml
----------------- Instantiating /home/travis/build/icyphy/ptII/ptolemy/actor/lib/test/auto/MovingMaximum.xml
1 ms. Memory: 514048K Free: 440958K (86%)
----------------- Invoking toplevel() on ptolemy.moml.MoMLSimpleApplication@5d6eeb10
----------------- Done invoking toplevel() on ptolemy.moml.MoMLSimpleApplication@5d6eeb10
reloadAllAccessors: .MovingMaximum

===========================================================================================
----------------- testing Sat Jan 18 06:51:11 UTC 2020 /home/travis/build/icyphy/ptII/ptolemy/actor/lib/test/auto/MultipleLinksToSameRelation.xml
----------------- Instantiating /home/travis/build/icyphy/ptII/ptolemy/actor/lib/test/auto/MultipleLinksToSameRelation.xml
2 ms. Memory: 514048K Free: 436862K (85%)
----------------- Invoking toplevel() on ptolemy.moml.MoMLSimpleApplication@625da830
----------------- Done invoking toplevel() on ptolemy.moml.MoMLSimpleApplication@625da830
reloadAllAccessors: .MultipleLinksToSameRelation

===========================================================================================
----------------- testing Sat Jan 18 06:51:11 UTC 2020 /home/travis/build/icyphy/ptII/ptolemy/actor/lib/test/auto/MultipleLinksToSameRelationDE.xml
----------------- Instantiating /home/travis/build/icyphy/ptII/ptolemy/actor/lib/test/auto/MultipleLinksToSameRelationDE.xml
1 ms. Memory: 514048K Free: 432735K (84%)
----------------- Invoking toplevel() on ptolemy.moml.MoMLSimpleApplication@6c4a889b
----------------- Done invoking toplevel() on ptolemy.moml.MoMLSimpleApplication@6c4a889b
reloadAllAccessors: .MultipleLinksToSameRelationDE

===========================================================================================
----------------- testing Sat Jan 18 06:51:11 UTC 2020 /home/travis/build/icyphy/ptII/ptolemy/actor/lib/test/auto/Multiplexor.xml
----------------- Instantiating /home/travis/build/icyphy/ptII/ptolemy/actor/lib/test/auto/Multiplexor.xml
2 ms. Memory: 514048K Free: 427136K (83%)
----------------- Invoking toplevel() on ptolemy.moml.MoMLSimpleApplication@45363e82
----------------- Done invoking toplevel() on ptolemy.moml.MoMLSimpleApplication@45363e82
reloadAllAccessors: .Multiplexor

===========================================================================================
----------------- testing Sat Jan 18 06:51:11 UTC 2020 /home/travis/build/icyphy/ptII/ptolemy/actor/lib/test/auto/Multiplexor1.xml
----------------- Instantiating /home/travis/build/icyphy/ptII/ptolemy/actor/lib/test/auto/Multiplexor1.xml
1 ms. Memory: 514048K Free: 421495K (82%)
----------------- Invoking toplevel() on ptolemy.moml.MoMLSimpleApplication@35b18806
----------------- Done invoking toplevel() on ptolemy.moml.MoMLSimpleApplication@35b18806
reloadAllAccessors: .Multiplexor1

===========================================================================================
----------------- testing Sat Jan 18 06:51:11 UTC 2020 /home/travis/build/icyphy/ptII/ptolemy/actor/lib/test/auto/Multiplexor2.xml
----------------- Instantiating /home/travis/build/icyphy/ptII/ptolemy/actor/lib/test/auto/Multiplexor2.xml
3 ms. Memory: 514048K Free: 414846K (81%)
----------------- Invoking toplevel() on ptolemy.moml.MoMLSimpleApplication@13b85b05
----------------- Done invoking toplevel() on ptolemy.moml.MoMLSimpleApplication@13b85b05
reloadAllAccessors: .Multiplexor2

===========================================================================================
----------------- testing Sat Jan 18 06:51:11 UTC 2020 /home/travis/build/icyphy/ptII/ptolemy/actor/lib/test/auto/Multiplexor3.xml
----------------- Instantiating /home/travis/build/icyphy/ptII/ptolemy/actor/lib/test/auto/Multiplexor3.xml
1 ms. Memory: 514048K Free: 410752K (80%)
----------------- Invoking toplevel() on ptolemy.moml.MoMLSimpleApplication@32be2c6d
----------------- Done invoking toplevel() on ptolemy.moml.MoMLSimpleApplication@32be2c6d
reloadAllAccessors: .Multiplexor3

===========================================================================================
----------------- testing Sat Jan 18 06:51:11 UTC 2020 /home/travis/build/icyphy/ptII/ptolemy/actor/lib/test/auto/MultiplexorDE.xml
----------------- Instantiating /home/travis/build/icyphy/ptII/ptolemy/actor/lib/test/auto/MultiplexorDE.xml
2 ms. Memory: 514048K Free: 403584K (79%)
----------------- Invoking toplevel() on ptolemy.moml.MoMLSimpleApplication@58b01a1b
----------------- Done invoking toplevel() on ptolemy.moml.MoMLSimpleApplication@58b01a1b
reloadAllAccessors: .MultiplexorDE

===========================================================================================
----------------- testing Sat Jan 18 06:51:11 UTC 2020 /home/travis/build/icyphy/ptII/ptolemy/actor/lib/test/auto/MultiportBroadcastTest.xml
----------------- Instantiating /home/travis/build/icyphy/ptII/ptolemy/actor/lib/test/auto/MultiportBroadcastTest.xml
83 ms. Memory: 514048K Free: 397440K (77%)
----------------- Invoking toplevel() on ptolemy.moml.MoMLSimpleApplication@6dec29a7
----------------- Done invoking toplevel() on ptolemy.moml.MoMLSimpleApplication@6dec29a7
reloadAllAccessors: .MultiportBroadcastTest

===========================================================================================
----------------- testing Sat Jan 18 06:51:11 UTC 2020 /home/travis/build/icyphy/ptII/ptolemy/actor/lib/test/auto/MultiportOutHangDuringGetWidth.xml
----------------- Instantiating /home/travis/build/icyphy/ptII/ptolemy/actor/lib/test/auto/MultiportOutHangDuringGetWidth.xml
9 ms. Memory: 514048K Free: 385152K (75%)
----------------- Invoking toplevel() on ptolemy.moml.MoMLSimpleApplication@48b50007
----------------- Done invoking toplevel() on ptolemy.moml.MoMLSimpleApplication@48b50007
reloadAllAccessors: .MultiportOutHangDuringGetWidth

===========================================================================================
----------------- testing Sat Jan 18 06:51:11 UTC 2020 /home/travis/build/icyphy/ptII/ptolemy/actor/lib/test/auto/NilToken.xml
----------------- Instantiating /home/travis/build/icyphy/ptII/ptolemy/actor/lib/test/auto/NilToken.xml
1 ms. Memory: 514048K Free: 381056K (74%)
----------------- Invoking toplevel() on ptolemy.moml.MoMLSimpleApplication@76c725ba
----------------- Done invoking toplevel() on ptolemy.moml.MoMLSimpleApplication@76c725ba
reloadAllAccessors: .NilToken

===========================================================================================
----------------- testing Sat Jan 18 06:51:11 UTC 2020 /home/travis/build/icyphy/ptII/ptolemy/actor/lib/test/auto/NilTokenNonStrictTest.xml
----------------- Instantiating /home/travis/build/icyphy/ptII/ptolemy/actor/lib/test/auto/NilTokenNonStrictTest.xml
1 ms. Memory: 514048K Free: 376446K (73%)
----------------- Invoking toplevel() on ptolemy.moml.MoMLSimpleApplication@785d95ab
----------------- Done invoking toplevel() on ptolemy.moml.MoMLSimpleApplication@785d95ab
reloadAllAccessors: .NilTokenNonStrictTest

===========================================================================================
----------------- testing Sat Jan 18 06:51:11 UTC 2020 /home/travis/build/icyphy/ptII/ptolemy/actor/lib/test/auto/NilTokenRecord.xml
----------------- Instantiating /home/travis/build/icyphy/ptII/ptolemy/actor/lib/test/auto/NilTokenRecord.xml
4 ms. Memory: 514048K Free: 370302K (72%)
----------------- Invoking toplevel() on ptolemy.moml.MoMLSimpleApplication@2b16845f
----------------- Done invoking toplevel() on ptolemy.moml.MoMLSimpleApplication@2b16845f
reloadAllAccessors: .NilTokenRecord

===========================================================================================
----------------- testing Sat Jan 18 06:51:11 UTC 2020 /home/travis/build/icyphy/ptII/ptolemy/actor/lib/test/auto/NilTokenTypeTest.xml
----------------- Instantiating /home/travis/build/icyphy/ptII/ptolemy/actor/lib/test/auto/NilTokenTypeTest.xml
3 ms. Memory: 514048K Free: 360576K (70%)
----------------- Invoking toplevel() on ptolemy.moml.MoMLSimpleApplication@203a29d1
----------------- Done invoking toplevel() on ptolemy.moml.MoMLSimpleApplication@203a29d1
reloadAllAccessors: .NilTokenTypeTest

===========================================================================================
----------------- testing Sat Jan 18 06:51:11 UTC 2020 /home/travis/build/icyphy/ptII/ptolemy/actor/lib/test/auto/ObjectToken1.xml
----------------- Instantiating /home/travis/build/icyphy/ptII/ptolemy/actor/lib/test/auto/ObjectToken1.xml
2 ms. Memory: 514048K Free: 356480K (69%)
----------------- Invoking toplevel() on ptolemy.moml.MoMLSimpleApplication@20905e1e
----------------- Done invoking toplevel() on ptolemy.moml.MoMLSimpleApplication@20905e1e
reloadAllAccessors: .ObjectToken1

===========================================================================================
----------------- testing Sat Jan 18 06:51:11 UTC 2020 /home/travis/build/icyphy/ptII/ptolemy/actor/lib/test/auto/OrderedMerge.xml
----------------- Instantiating /home/travis/build/icyphy/ptII/ptolemy/actor/lib/test/auto/OrderedMerge.xml
11 ms. Memory: 514048K Free: 350846K (68%)
----------------- Invoking toplevel() on ptolemy.moml.MoMLSimpleApplication@524e10ca
----------------- Done invoking toplevel() on ptolemy.moml.MoMLSimpleApplication@524e10ca
reloadAllAccessors: .OrderedMerge

===========================================================================================
----------------- testing Sat Jan 18 06:51:11 UTC 2020 /home/travis/build/icyphy/ptII/ptolemy/actor/lib/test/auto/OrderedRecordDisassembler.xml
----------------- Instantiating /home/travis/build/icyphy/ptII/ptolemy/actor/lib/test/auto/OrderedRecordDisassembler.xml
3 ms. Memory: 514048K Free: 345695K (67%)
----------------- Invoking toplevel() on ptolemy.moml.MoMLSimpleApplication@452eb41b
----------------- Done invoking toplevel() on ptolemy.moml.MoMLSimpleApplication@452eb41b
reloadAllAccessors: .OrderedRecordDisassembler

===========================================================================================
----------------- testing Sat Jan 18 06:51:11 UTC 2020 /home/travis/build/icyphy/ptII/ptolemy/actor/lib/test/auto/OrderedRecordDisassembler2.xml
----------------- Instantiating /home/travis/build/icyphy/ptII/ptolemy/actor/lib/test/auto/OrderedRecordDisassembler2.xml
4 ms. Memory: 514048K Free: 338048K (66%)
----------------- Invoking toplevel() on ptolemy.moml.MoMLSimpleApplication@77cca426
----------------- Done invoking toplevel() on ptolemy.moml.MoMLSimpleApplication@77cca426
reloadAllAccessors: .OrderedRecordDisassembler2

===========================================================================================
----------------- testing Sat Jan 18 06:51:11 UTC 2020 /home/travis/build/icyphy/ptII/ptolemy/actor/lib/test/auto/OrderedRecordUpdater.xml
----------------- Instantiating /home/travis/build/icyphy/ptII/ptolemy/actor/lib/test/auto/OrderedRecordUpdater.xml
1 ms. Memory: 514048K Free: 333438K (65%)
----------------- Invoking toplevel() on ptolemy.moml.MoMLSimpleApplication@1758db50
----------------- Done invoking toplevel() on ptolemy.moml.MoMLSimpleApplication@1758db50
reloadAllAccessors: .RecordUpdater

===========================================================================================
----------------- testing Sat Jan 18 06:51:11 UTC 2020 /home/travis/build/icyphy/ptII/ptolemy/actor/lib/test/auto/OrderedRecordUpdater2.xml
----------------- Instantiating /home/travis/build/icyphy/ptII/ptolemy/actor/lib/test/auto/OrderedRecordUpdater2.xml
3 ms. Memory: 514048K Free: 328318K (64%)
----------------- Invoking toplevel() on ptolemy.moml.MoMLSimpleApplication@24055cb2
----------------- Done invoking toplevel() on ptolemy.moml.MoMLSimpleApplication@24055cb2
reloadAllAccessors: .RecordUpdater2

===========================================================================================
----------------- testing Sat Jan 18 06:51:11 UTC 2020 /home/travis/build/icyphy/ptII/ptolemy/actor/lib/test/auto/PhaseUnwrap.xml
----------------- Instantiating /home/travis/build/icyphy/ptII/ptolemy/actor/lib/test/auto/PhaseUnwrap.xml
2 ms. Memory: 514048K Free: 323712K (63%)
----------------- Invoking toplevel() on ptolemy.moml.MoMLSimpleApplication@46c58b54
----------------- Done invoking toplevel() on ptolemy.moml.MoMLSimpleApplication@46c58b54
reloadAllAccessors: .PhaseUnwrap

===========================================================================================
----------------- testing Sat Jan 18 06:51:11 UTC 2020 /home/travis/build/icyphy/ptII/ptolemy/actor/lib/test/auto/PoissonClock.xml
----------------- Instantiating /home/travis/build/icyphy/ptII/ptolemy/actor/lib/test/auto/PoissonClock.xml
2 ms. Memory: 514048K Free: 319616K (62%)
----------------- Invoking toplevel() on ptolemy.moml.MoMLSimpleApplication@4620ea2e
----------------- Done invoking toplevel() on ptolemy.moml.MoMLSimpleApplication@4620ea2e
reloadAllAccessors: .PoissonClock

===========================================================================================
----------------- testing Sat Jan 18 06:51:11 UTC 2020 /home/travis/build/icyphy/ptII/ptolemy/actor/lib/test/auto/PoissonClock2.xml
----------------- Instantiating /home/travis/build/icyphy/ptII/ptolemy/actor/lib/test/auto/PoissonClock2.xml
1 ms. Memory: 514048K Free: 315006K (61%)
----------------- Invoking toplevel() on ptolemy.moml.MoMLSimpleApplication@6c2d8a30
----------------- Done invoking toplevel() on ptolemy.moml.MoMLSimpleApplication@6c2d8a30
reloadAllAccessors: .PoissonClock2

===========================================================================================
----------------- testing Sat Jan 18 06:51:11 UTC 2020 /home/travis/build/icyphy/ptII/ptolemy/actor/lib/test/auto/PoissonClock3.xml
----------------- Instantiating /home/travis/build/icyphy/ptII/ptolemy/actor/lib/test/auto/PoissonClock3.xml
1 ms. Memory: 514048K Free: 310400K (60%)
----------------- Invoking toplevel() on ptolemy.moml.MoMLSimpleApplication@20d57004
----------------- Done invoking toplevel() on ptolemy.moml.MoMLSimpleApplication@20d57004
reloadAllAccessors: .PoissonClock3

===========================================================================================
----------------- testing Sat Jan 18 06:51:11 UTC 2020 /home/travis/build/icyphy/ptII/ptolemy/actor/lib/test/auto/PubSubWithInitialTokens.xml
----------------- Instantiating /home/travis/build/icyphy/ptII/ptolemy/actor/lib/test/auto/PubSubWithInitialTokens.xml
2 ms. Memory: 514048K Free: 305280K (59%)
----------------- Invoking toplevel() on ptolemy.moml.MoMLSimpleApplication@32a585ac
----------------- Done invoking toplevel() on ptolemy.moml.MoMLSimpleApplication@32a585ac
reloadAllAccessors: .PubSubWithInitialTokens

===========================================================================================
----------------- testing Sat Jan 18 06:51:11 UTC 2020 /home/travis/build/icyphy/ptII/ptolemy/actor/lib/test/auto/PubSubWithInitialTokens2.xml
----------------- Instantiating /home/travis/build/icyphy/ptII/ptolemy/actor/lib/test/auto/PubSubWithInitialTokens2.xml
2 ms. Memory: 514048K Free: 299136K (58%)
----------------- Invoking toplevel() on ptolemy.moml.MoMLSimpleApplication@7d97a7cf
----------------- Done invoking toplevel() on ptolemy.moml.MoMLSimpleApplication@7d97a7cf
reloadAllAccessors: .PubSubWithInitialTokens2

===========================================================================================
----------------- testing Sat Jan 18 06:51:11 UTC 2020 /home/travis/build/icyphy/ptII/ptolemy/actor/lib/test/auto/PublisherClassNoParameter.xml
----------------- Instantiating /home/travis/build/icyphy/ptII/ptolemy/actor/lib/test/auto/PublisherClassNoParameter.xml
2 ms. Memory: 514048K Free: 289391K (56%)
----------------- Invoking toplevel() on ptolemy.moml.MoMLSimpleApplication@4a94d56b
----------------- Done invoking toplevel() on ptolemy.moml.MoMLSimpleApplication@4a94d56b
reloadAllAccessors: .PublisherClassNoParameter

===========================================================================================
----------------- testing Sat Jan 18 06:51:11 UTC 2020 /home/travis/build/icyphy/ptII/ptolemy/actor/lib/test/auto/PublisherClassParameter.xml
----------------- Instantiating /home/travis/build/icyphy/ptII/ptolemy/actor/lib/test/auto/PublisherClassParameter.xml
2 ms. Memory: 514048K Free: 279166K (54%)
----------------- Invoking toplevel() on ptolemy.moml.MoMLSimpleApplication@528de6a3
----------------- Done invoking toplevel() on ptolemy.moml.MoMLSimpleApplication@528de6a3
reloadAllAccessors: .PublisherClassParameter

===========================================================================================
----------------- testing Sat Jan 18 06:51:11 UTC 2020 /home/travis/build/icyphy/ptII/ptolemy/actor/lib/test/auto/PublisherNonStrictTest.xml
----------------- Instantiating /home/travis/build/icyphy/ptII/ptolemy/actor/lib/test/auto/PublisherNonStrictTest.xml
4 ms. Memory: 514048K Free: 270967K (53%)
----------------- Invoking toplevel() on ptolemy.moml.MoMLSimpleApplication@496c22a2
----------------- Done invoking toplevel() on ptolemy.moml.MoMLSimpleApplication@496c22a2
reloadAllAccessors: .PublisherNonStrictTest

===========================================================================================
----------------- testing Sat Jan 18 06:51:11 UTC 2020 /home/travis/build/icyphy/ptII/ptolemy/actor/lib/test/auto/PublisherPort1.xml
----------------- Instantiating /home/travis/build/icyphy/ptII/ptolemy/actor/lib/test/auto/PublisherPort1.xml
3 ms. Memory: 514048K Free: 265344K (52%)
----------------- Invoking toplevel() on ptolemy.moml.MoMLSimpleApplication@5fd99e1
----------------- Done invoking toplevel() on ptolemy.moml.MoMLSimpleApplication@5fd99e1
reloadAllAccessors: .PublisherPort1

===========================================================================================
----------------- testing Sat Jan 18 06:51:11 UTC 2020 /home/travis/build/icyphy/ptII/ptolemy/actor/lib/test/auto/PublisherPort2.xml
----------------- Instantiating /home/travis/build/icyphy/ptII/ptolemy/actor/lib/test/auto/PublisherPort2.xml
1 ms. Memory: 514048K Free: 260224K (51%)
----------------- Invoking toplevel() on ptolemy.moml.MoMLSimpleApplication@753b608a
----------------- Done invoking toplevel() on ptolemy.moml.MoMLSimpleApplication@753b608a
reloadAllAccessors: .PublisherPort2

===========================================================================================
----------------- testing Sat Jan 18 06:51:11 UTC 2020 /home/travis/build/icyphy/ptII/ptolemy/actor/lib/test/auto/PublisherPort3.xml
----------------- Instantiating /home/travis/build/icyphy/ptII/ptolemy/actor/lib/test/auto/PublisherPort3.xml
13 ms. Memory: 514048K Free: 254080K (49%)
----------------- Invoking toplevel() on ptolemy.moml.MoMLSimpleApplication@5ab90e16
----------------- Done invoking toplevel() on ptolemy.moml.MoMLSimpleApplication@5ab90e16
reloadAllAccessors: .PublisherPort3

===========================================================================================
----------------- testing Sat Jan 18 06:51:11 UTC 2020 /home/travis/build/icyphy/ptII/ptolemy/actor/lib/test/auto/PublisherPort4.xml
----------------- Instantiating /home/travis/build/icyphy/ptII/ptolemy/actor/lib/test/auto/PublisherPort4.xml
2 ms. Memory: 514048K Free: 248439K (48%)
----------------- Invoking toplevel() on ptolemy.moml.MoMLSimpleApplication@27d0c2bf
----------------- Done invoking toplevel() on ptolemy.moml.MoMLSimpleApplication@27d0c2bf
reloadAllAccessors: .PublisherPort4

===========================================================================================
----------------- testing Sat Jan 18 06:51:11 UTC 2020 /home/travis/build/icyphy/ptII/ptolemy/actor/lib/test/auto/PublisherPort5.xml
----------------- Instantiating /home/travis/build/icyphy/ptII/ptolemy/actor/lib/test/auto/PublisherPort5.xml
3 ms. Memory: 514048K Free: 240768K (47%)
----------------- Invoking toplevel() on ptolemy.moml.MoMLSimpleApplication@4e0ca1d
----------------- Done invoking toplevel() on ptolemy.moml.MoMLSimpleApplication@4e0ca1d
reloadAllAccessors: .PublisherPort5

===========================================================================================
----------------- testing Sat Jan 18 06:51:11 UTC 2020 /home/travis/build/icyphy/ptII/ptolemy/actor/lib/test/auto/PublisherPort5LookAlike.xml
----------------- Instantiating /home/travis/build/icyphy/ptII/ptolemy/actor/lib/test/auto/PublisherPort5LookAlike.xml
7 ms. Memory: 514048K Free: 233086K (45%)
----------------- Invoking toplevel() on ptolemy.moml.MoMLSimpleApplication@1dae5667
----------------- Done invoking toplevel() on ptolemy.moml.MoMLSimpleApplication@1dae5667
reloadAllAccessors: .PublisherPort5LookAlike

===========================================================================================
----------------- testing Sat Jan 18 06:51:11 UTC 2020 /home/travis/build/icyphy/ptII/ptolemy/actor/lib/test/auto/PublisherPort6.xml
----------------- Instantiating /home/travis/build/icyphy/ptII/ptolemy/actor/lib/test/auto/PublisherPort6.xml
2 ms. Memory: 514048K Free: 226432K (44%)
----------------- Invoking toplevel() on ptolemy.moml.MoMLSimpleApplication@5b5e1e4b
----------------- Done invoking toplevel() on ptolemy.moml.MoMLSimpleApplication@5b5e1e4b
reloadAllAccessors: .PublisherPort6

===========================================================================================
----------------- testing Sat Jan 18 06:51:11 UTC 2020 /home/travis/build/icyphy/ptII/ptolemy/actor/lib/test/auto/PublisherPort7.xml
----------------- Instantiating /home/travis/build/icyphy/ptII/ptolemy/actor/lib/test/auto/PublisherPort7.xml
3 ms. Memory: 514048K Free: 218750K (43%)
----------------- Invoking toplevel() on ptolemy.moml.MoMLSimpleApplication@65ebf22
----------------- Done invoking toplevel() on ptolemy.moml.MoMLSimpleApplication@65ebf22
reloadAllAccessors: .PublisherPort7

===========================================================================================
----------------- testing Sat Jan 18 06:51:12 UTC 2020 /home/travis/build/icyphy/ptII/ptolemy/actor/lib/test/auto/PublisherPort8.xml
----------------- Instantiating /home/travis/build/icyphy/ptII/ptolemy/actor/lib/test/auto/PublisherPort8.xml
4 ms. Memory: 514048K Free: 210048K (41%)
----------------- Invoking toplevel() on ptolemy.moml.MoMLSimpleApplication@257141e4
----------------- Done invoking toplevel() on ptolemy.moml.MoMLSimpleApplication@257141e4
reloadAllAccessors: .PublisherPort8

===========================================================================================
----------------- testing Sat Jan 18 06:51:12 UTC 2020 /home/travis/build/icyphy/ptII/ptolemy/actor/lib/test/auto/PublisherPortSubscriberChannelVariablesAOC2.xml
----------------- Instantiating /home/travis/build/icyphy/ptII/ptolemy/actor/lib/test/auto/PublisherPortSubscriberChannelVariablesAOC2.xml
4 ms. Memory: 514048K Free: 193150K (38%)
----------------- Invoking toplevel() on ptolemy.moml.MoMLSimpleApplication@4c040a77
----------------- Done invoking toplevel() on ptolemy.moml.MoMLSimpleApplication@4c040a77
reloadAllAccessors: .PublisherPortSubscriberChannelVariablesAOC2

===========================================================================================
----------------- testing Sat Jan 18 06:51:12 UTC 2020 /home/travis/build/icyphy/ptII/ptolemy/actor/lib/test/auto/PublisherPortSubscriberOpaqueWidthInference.xml
----------------- Instantiating /home/travis/build/icyphy/ptII/ptolemy/actor/lib/test/auto/PublisherPortSubscriberOpaqueWidthInference.xml
3 ms. Memory: 514048K Free: 184943K (36%)
----------------- Invoking toplevel() on ptolemy.moml.MoMLSimpleApplication@5906695d
----------------- Done invoking toplevel() on ptolemy.moml.MoMLSimpleApplication@5906695d
reloadAllAccessors: .PublisherPortSubscriberOpaqueWidthInference

===========================================================================================
----------------- testing Sat Jan 18 06:51:12 UTC 2020 /home/travis/build/icyphy/ptII/ptolemy/actor/lib/test/auto/PublisherPortSubscriberPortAdjacent.xml
----------------- Instantiating /home/travis/build/icyphy/ptII/ptolemy/actor/lib/test/auto/PublisherPortSubscriberPortAdjacent.xml
1 ms. Memory: 514048K Free: 176766K (34%)
----------------- Invoking toplevel() on ptolemy.moml.MoMLSimpleApplication@3f2b2041
----------------- Done invoking toplevel() on ptolemy.moml.MoMLSimpleApplication@3f2b2041
reloadAllAccessors: .PublisherPortSubscriberPortAdjacent

===========================================================================================
----------------- testing Sat Jan 18 06:51:12 UTC 2020 /home/travis/build/icyphy/ptII/ptolemy/actor/lib/test/auto/PublisherPortSubscriberPortExpression.xml
----------------- Instantiating /home/travis/build/icyphy/ptII/ptolemy/actor/lib/test/auto/PublisherPortSubscriberPortExpression.xml
10 ms. Memory: 514048K Free: 169088K (33%)
----------------- Invoking toplevel() on ptolemy.moml.MoMLSimpleApplication@37fcd185
----------------- Done invoking toplevel() on ptolemy.moml.MoMLSimpleApplication@37fcd185
reloadAllAccessors: .PublisherPortSubscriberPortExpression

===========================================================================================
----------------- testing Sat Jan 18 06:51:12 UTC 2020 /home/travis/build/icyphy/ptII/ptolemy/actor/lib/test/auto/PublisherPortSubscriberPortOpaqueD3Reverse.xml
----------------- Instantiating /home/travis/build/icyphy/ptII/ptolemy/actor/lib/test/auto/PublisherPortSubscriberPortOpaqueD3Reverse.xml
5 ms. Memory: 514048K Free: 454784K (88%)
----------------- Invoking toplevel() on ptolemy.moml.MoMLSimpleApplication@3cbebcb9
----------------- Done invoking toplevel() on ptolemy.moml.MoMLSimpleApplication@3cbebcb9
reloadAllAccessors: .PublisherPortSubscriberPortOpaqueD3Reverse

===========================================================================================
----------------- testing Sat Jan 18 06:51:12 UTC 2020 /home/travis/build/icyphy/ptII/ptolemy/actor/lib/test/auto/PublisherPortSubscriberPortOpaqueWidthInference.xml
----------------- Instantiating /home/travis/build/icyphy/ptII/ptolemy/actor/lib/test/auto/PublisherPortSubscriberPortOpaqueWidthInference.xml
3 ms. Memory: 514048K Free: 447087K (87%)
----------------- Invoking toplevel() on ptolemy.moml.MoMLSimpleApplication@730eb2e8
----------------- Done invoking toplevel() on ptolemy.moml.MoMLSimpleApplication@730eb2e8
reloadAllAccessors: .PublisherPortSubscriberPortOpaqueWidthInference

===========================================================================================
----------------- testing Sat Jan 18 06:51:12 UTC 2020 /home/travis/build/icyphy/ptII/ptolemy/actor/lib/test/auto/PublisherPortToplevelSubscriberPortAOC.xml
----------------- Instantiating /home/travis/build/icyphy/ptII/ptolemy/actor/lib/test/auto/PublisherPortToplevelSubscriberPortAOC.xml
.PublisherPortToplevelSubscriberPortAOC.TestExceptionAttribute: initialize() was not invoked, but wrapup() was.  This is unusual, but not always a problem.  For example, exporting JNLP will do this.
0 ms. Memory: 514048K Free: 441472K (86%)
----------------- Invoking toplevel() on ptolemy.moml.MoMLSimpleApplication@11878d8f
----------------- Done invoking toplevel() on ptolemy.moml.MoMLSimpleApplication@11878d8f
reloadAllAccessors: .PublisherPortToplevelSubscriberPortAOC

===========================================================================================
----------------- testing Sat Jan 18 06:51:12 UTC 2020 /home/travis/build/icyphy/ptII/ptolemy/actor/lib/test/auto/PublisherSubscriber.xml
----------------- Instantiating /home/travis/build/icyphy/ptII/ptolemy/actor/lib/test/auto/PublisherSubscriber.xml
3 ms. Memory: 514048K Free: 433759K (84%)
----------------- Invoking toplevel() on ptolemy.moml.MoMLSimpleApplication@df2623
----------------- Done invoking toplevel() on ptolemy.moml.MoMLSimpleApplication@df2623
reloadAllAccessors: .PublisherSubscriber

===========================================================================================
----------------- testing Sat Jan 18 06:51:12 UTC 2020 /home/travis/build/icyphy/ptII/ptolemy/actor/lib/test/auto/PublisherSubscriber10.xml
----------------- Instantiating /home/travis/build/icyphy/ptII/ptolemy/actor/lib/test/auto/PublisherSubscriber10.xml
5 ms. Memory: 514048K Free: 424574K (83%)
----------------- Invoking toplevel() on ptolemy.moml.MoMLSimpleApplication@49abbbd1
----------------- Done invoking toplevel() on ptolemy.moml.MoMLSimpleApplication@49abbbd1
reloadAllAccessors: .PublisherSubscriber10

===========================================================================================
----------------- testing Sat Jan 18 06:51:12 UTC 2020 /home/travis/build/icyphy/ptII/ptolemy/actor/lib/test/auto/PublisherSubscriber10InitialOutputs.xml
----------------- Instantiating /home/travis/build/icyphy/ptII/ptolemy/actor/lib/test/auto/PublisherSubscriber10InitialOutputs.xml
13 ms. Memory: 514048K Free: 415358K (81%)
----------------- Invoking toplevel() on ptolemy.moml.MoMLSimpleApplication@57012828
----------------- Done invoking toplevel() on ptolemy.moml.MoMLSimpleApplication@57012828
reloadAllAccessors: .PublisherSubscriber10InitialOutputs

===========================================================================================
----------------- testing Sat Jan 18 06:51:12 UTC 2020 /home/travis/build/icyphy/ptII/ptolemy/actor/lib/test/auto/PublisherSubscriber11.xml
----------------- Instantiating /home/travis/build/icyphy/ptII/ptolemy/actor/lib/test/auto/PublisherSubscriber11.xml
2 ms. Memory: 514048K Free: 409183K (80%)
----------------- Invoking toplevel() on ptolemy.moml.MoMLSimpleApplication@3081fa85
----------------- Done invoking toplevel() on ptolemy.moml.MoMLSimpleApplication@3081fa85
reloadAllAccessors: .PublisherSubscriber11

===========================================================================================
----------------- testing Sat Jan 18 06:51:12 UTC 2020 /home/travis/build/icyphy/ptII/ptolemy/actor/lib/test/auto/PublisherSubscriber12.xml
----------------- Instantiating /home/travis/build/icyphy/ptII/ptolemy/actor/lib/test/auto/PublisherSubscriber12.xml
4 ms. Memory: 514048K Free: 402560K (78%)
----------------- Invoking toplevel() on ptolemy.moml.MoMLSimpleApplication@21c1e520
----------------- Done invoking toplevel() on ptolemy.moml.MoMLSimpleApplication@21c1e520
reloadAllAccessors: .PublisherSubscriber12

===========================================================================================
----------------- testing Sat Jan 18 06:51:12 UTC 2020 /home/travis/build/icyphy/ptII/ptolemy/actor/lib/test/auto/PublisherSubscriber13.xml
----------------- Instantiating /home/travis/build/icyphy/ptII/ptolemy/actor/lib/test/auto/PublisherSubscriber13.xml
4 ms. Memory: 514048K Free: 397440K (77%)
----------------- Invoking toplevel() on ptolemy.moml.MoMLSimpleApplication@4cea2a90
----------------- Done invoking toplevel() on ptolemy.moml.MoMLSimpleApplication@4cea2a90
reloadAllAccessors: .PublisherSubscriber13

===========================================================================================
----------------- testing Sat Jan 18 06:51:12 UTC 2020 /home/travis/build/icyphy/ptII/ptolemy/actor/lib/test/auto/PublisherSubscriber14.xml
----------------- Instantiating /home/travis/build/icyphy/ptII/ptolemy/actor/lib/test/auto/PublisherSubscriber14.xml
2 ms. Memory: 514048K Free: 388719K (76%)
----------------- Invoking toplevel() on ptolemy.moml.MoMLSimpleApplication@aa3b9bc
----------------- Done invoking toplevel() on ptolemy.moml.MoMLSimpleApplication@aa3b9bc
reloadAllAccessors: .PublisherSubscriber14

===========================================================================================
----------------- testing Sat Jan 18 06:51:12 UTC 2020 /home/travis/build/icyphy/ptII/ptolemy/actor/lib/test/auto/PublisherSubscriber2.xml
----------------- Instantiating /home/travis/build/icyphy/ptII/ptolemy/actor/lib/test/auto/PublisherSubscriber2.xml
2 ms. Memory: 514048K Free: 383104K (75%)
----------------- Invoking toplevel() on ptolemy.moml.MoMLSimpleApplication@cb16929
----------------- Done invoking toplevel() on ptolemy.moml.MoMLSimpleApplication@cb16929
reloadAllAccessors: .PublisherSubscriber2

===========================================================================================
----------------- testing Sat Jan 18 06:51:12 UTC 2020 /home/travis/build/icyphy/ptII/ptolemy/actor/lib/test/auto/PublisherSubscriber3.xml
----------------- Instantiating /home/travis/build/icyphy/ptII/ptolemy/actor/lib/test/auto/PublisherSubscriber3.xml
1 ms. Memory: 514048K Free: 377439K (73%)
----------------- Invoking toplevel() on ptolemy.moml.MoMLSimpleApplication@549d22f1
----------------- Done invoking toplevel() on ptolemy.moml.MoMLSimpleApplication@549d22f1
reloadAllAccessors: .PublisherSubscriber3

===========================================================================================
----------------- testing Sat Jan 18 06:51:12 UTC 2020 /home/travis/build/icyphy/ptII/ptolemy/actor/lib/test/auto/PublisherSubscriber4.xml
----------------- Instantiating /home/travis/build/icyphy/ptII/ptolemy/actor/lib/test/auto/PublisherSubscriber4.xml
2 ms. Memory: 514048K Free: 372319K (72%)
----------------- Invoking toplevel() on ptolemy.moml.MoMLSimpleApplication@261079ca
----------------- Done invoking toplevel() on ptolemy.moml.MoMLSimpleApplication@261079ca
reloadAllAccessors: .PublisherSubscriber4

===========================================================================================
----------------- testing Sat Jan 18 06:51:12 UTC 2020 /home/travis/build/icyphy/ptII/ptolemy/actor/lib/test/auto/PublisherSubscriber5.xml
----------------- Instantiating /home/travis/build/icyphy/ptII/ptolemy/actor/lib/test/auto/PublisherSubscriber5.xml
2 ms. Memory: 514048K Free: 365696K (71%)
----------------- Invoking toplevel() on ptolemy.moml.MoMLSimpleApplication@19901f25
----------------- Done invoking toplevel() on ptolemy.moml.MoMLSimpleApplication@19901f25
reloadAllAccessors: .PublisherSubscriber5

===========================================================================================
----------------- testing Sat Jan 18 06:51:12 UTC 2020 /home/travis/build/icyphy/ptII/ptolemy/actor/lib/test/auto/PublisherSubscriber6.xml
----------------- Instantiating /home/travis/build/icyphy/ptII/ptolemy/actor/lib/test/auto/PublisherSubscriber6.xml
3 ms. Memory: 514048K Free: 359023K (70%)
----------------- Invoking toplevel() on ptolemy.moml.MoMLSimpleApplication@c340d8d
----------------- Done invoking toplevel() on ptolemy.moml.MoMLSimpleApplication@c340d8d
reloadAllAccessors: .PublisherSubscriber6

===========================================================================================
----------------- testing Sat Jan 18 06:51:12 UTC 2020 /home/travis/build/icyphy/ptII/ptolemy/actor/lib/test/auto/PublisherSubscriber7.xml
----------------- Instantiating /home/travis/build/icyphy/ptII/ptolemy/actor/lib/test/auto/PublisherSubscriber7.xml
8 ms. Memory: 514048K Free: 352384K (69%)
----------------- Invoking toplevel() on ptolemy.moml.MoMLSimpleApplication@2e0b2007
----------------- Done invoking toplevel() on ptolemy.moml.MoMLSimpleApplication@2e0b2007
reloadAllAccessors: .PublisherSubscriber7

===========================================================================================
----------------- testing Sat Jan 18 06:51:12 UTC 2020 /home/travis/build/icyphy/ptII/ptolemy/actor/lib/test/auto/PublisherSubscriber8.xml
----------------- Instantiating /home/travis/build/icyphy/ptII/ptolemy/actor/lib/test/auto/PublisherSubscriber8.xml
14 ms. Memory: 514048K Free: 340606K (66%)
----------------- Invoking toplevel() on ptolemy.moml.MoMLSimpleApplication@34a0f7eb
----------------- Done invoking toplevel() on ptolemy.moml.MoMLSimpleApplication@34a0f7eb
reloadAllAccessors: .PublisherSubscriber8

===========================================================================================
----------------- testing Sat Jan 18 06:51:12 UTC 2020 /home/travis/build/icyphy/ptII/ptolemy/actor/lib/test/auto/PublisherSubscriber9.xml
----------------- Instantiating /home/travis/build/icyphy/ptII/ptolemy/actor/lib/test/auto/PublisherSubscriber9.xml
4 ms. Memory: 514048K Free: 333423K (65%)
----------------- Invoking toplevel() on ptolemy.moml.MoMLSimpleApplication@7cd1b90e
----------------- Done invoking toplevel() on ptolemy.moml.MoMLSimpleApplication@7cd1b90e
reloadAllAccessors: .PublisherSubscriber9

===========================================================================================
----------------- testing Sat Jan 18 06:51:12 UTC 2020 /home/travis/build/icyphy/ptII/ptolemy/actor/lib/test/auto/PublisherSubscriberAdjacent.xml
----------------- Instantiating /home/travis/build/icyphy/ptII/ptolemy/actor/lib/test/auto/PublisherSubscriberAdjacent.xml
1 ms. Memory: 514048K Free: 325246K (63%)
----------------- Invoking toplevel() on ptolemy.moml.MoMLSimpleApplication@7fa87b34
----------------- Done invoking toplevel() on ptolemy.moml.MoMLSimpleApplication@7fa87b34
reloadAllAccessors: .PublisherSubscriberAdjacent

===========================================================================================
----------------- testing Sat Jan 18 06:51:12 UTC 2020 /home/travis/build/icyphy/ptII/ptolemy/actor/lib/test/auto/PublisherSubscriberChannelVariablesAOC2.xml
----------------- Instantiating /home/travis/build/icyphy/ptII/ptolemy/actor/lib/test/auto/PublisherSubscriberChannelVariablesAOC2.xml
2 ms. Memory: 514048K Free: 310400K (60%)
----------------- Invoking toplevel() on ptolemy.moml.MoMLSimpleApplication@1800d55e
----------------- Done invoking toplevel() on ptolemy.moml.MoMLSimpleApplication@1800d55e
reloadAllAccessors: .PublisherSubscriberChannelVariablesAOC2

===========================================================================================
----------------- testing Sat Jan 18 06:51:12 UTC 2020 /home/travis/build/icyphy/ptII/ptolemy/actor/lib/test/auto/PublisherSubscriberD3.xml
----------------- Instantiating /home/travis/build/icyphy/ptII/ptolemy/actor/lib/test/auto/PublisherSubscriberD3.xml
1 ms. Memory: 514048K Free: 303232K (59%)
----------------- Invoking toplevel() on ptolemy.moml.MoMLSimpleApplication@25c9dce1
----------------- Done invoking toplevel() on ptolemy.moml.MoMLSimpleApplication@25c9dce1
reloadAllAccessors: .PublisherSubscriberD3

===========================================================================================
----------------- testing Sat Jan 18 06:51:12 UTC 2020 /home/travis/build/icyphy/ptII/ptolemy/actor/lib/test/auto/PublisherSubscriberD3Reverse.xml
----------------- Instantiating /home/travis/build/icyphy/ptII/ptolemy/actor/lib/test/auto/PublisherSubscriberD3Reverse.xml
1 ms. Memory: 514048K Free: 297088K (58%)
----------------- Invoking toplevel() on ptolemy.moml.MoMLSimpleApplication@40173500
----------------- Done invoking toplevel() on ptolemy.moml.MoMLSimpleApplication@40173500
reloadAllAccessors: .PublisherSubscriberD3Reverse

===========================================================================================
----------------- testing Sat Jan 18 06:51:12 UTC 2020 /home/travis/build/icyphy/ptII/ptolemy/actor/lib/test/auto/PublisherSubscriberExpression.xml
----------------- Instantiating /home/travis/build/icyphy/ptII/ptolemy/actor/lib/test/auto/PublisherSubscriberExpression.xml
3 ms. Memory: 514048K Free: 288896K (56%)
----------------- Invoking toplevel() on ptolemy.moml.MoMLSimpleApplication@30c300
----------------- Done invoking toplevel() on ptolemy.moml.MoMLSimpleApplication@30c300
reloadAllAccessors: .PublisherSubscriberExpression

===========================================================================================
----------------- testing Sat Jan 18 06:51:12 UTC 2020 /home/travis/build/icyphy/ptII/ptolemy/actor/lib/test/auto/PublisherSubscriberOpaque.xml
----------------- Instantiating /home/travis/build/icyphy/ptII/ptolemy/actor/lib/test/auto/PublisherSubscriberOpaque.xml
3 ms. Memory: 514048K Free: 280704K (55%)
----------------- Invoking toplevel() on ptolemy.moml.MoMLSimpleApplication@1cb14c5c
----------------- Done invoking toplevel() on ptolemy.moml.MoMLSimpleApplication@1cb14c5c
reloadAllAccessors: .PublisherSubscriberOpaque

===========================================================================================
----------------- testing Sat Jan 18 06:51:12 UTC 2020 /home/travis/build/icyphy/ptII/ptolemy/actor/lib/test/auto/PublisherSubscriberOpaqueD3.xml
----------------- Instantiating /home/travis/build/icyphy/ptII/ptolemy/actor/lib/test/auto/PublisherSubscriberOpaqueD3.xml
5 ms. Memory: 514048K Free: 269440K (52%)
----------------- Invoking toplevel() on ptolemy.moml.MoMLSimpleApplication@652ea39c
----------------- Done invoking toplevel() on ptolemy.moml.MoMLSimpleApplication@652ea39c
reloadAllAccessors: .PublisherSubscriberOpaqueD3

===========================================================================================
----------------- testing Sat Jan 18 06:51:12 UTC 2020 /home/travis/build/icyphy/ptII/ptolemy/actor/lib/test/auto/PublisherSubscriberOpaqueD3Reverse.xml
----------------- Instantiating /home/travis/build/icyphy/ptII/ptolemy/actor/lib/test/auto/PublisherSubscriberOpaqueD3Reverse.xml
7 ms. Memory: 514048K Free: 258686K (50%)
----------------- Invoking toplevel() on ptolemy.moml.MoMLSimpleApplication@1232bf9d
----------------- Done invoking toplevel() on ptolemy.moml.MoMLSimpleApplication@1232bf9d
reloadAllAccessors: .PublisherSubscriberOpaqueD3Reverse

===========================================================================================
----------------- testing Sat Jan 18 06:51:12 UTC 2020 /home/travis/build/icyphy/ptII/ptolemy/actor/lib/test/auto/PublisherSubscriberOpaqueWidthInference.xml
----------------- Instantiating /home/travis/build/icyphy/ptII/ptolemy/actor/lib/test/auto/PublisherSubscriberOpaqueWidthInference.xml
3 ms. Memory: 514048K Free: 250479K (49%)
----------------- Invoking toplevel() on ptolemy.moml.MoMLSimpleApplication@5a673b07
----------------- Done invoking toplevel() on ptolemy.moml.MoMLSimpleApplication@5a673b07
reloadAllAccessors: .PublisherSubscriberOpaqueWidthInference

===========================================================================================
----------------- testing Sat Jan 18 06:51:12 UTC 2020 /home/travis/build/icyphy/ptII/ptolemy/actor/lib/test/auto/PublisherTestSubscriber.xml
----------------- Instantiating /home/travis/build/icyphy/ptII/ptolemy/actor/lib/test/auto/PublisherTestSubscriber.xml
3 ms. Memory: 514048K Free: 242816K (47%)
----------------- Invoking toplevel() on ptolemy.moml.MoMLSimpleApplication@4303fa72
----------------- Done invoking toplevel() on ptolemy.moml.MoMLSimpleApplication@4303fa72
reloadAllAccessors: .PublisherTestSubscriber

===========================================================================================
----------------- testing Sat Jan 18 06:51:12 UTC 2020 /home/travis/build/icyphy/ptII/ptolemy/actor/lib/test/auto/PublisherToplevelSubscriberPortAOC.xml
----------------- Instantiating /home/travis/build/icyphy/ptII/ptolemy/actor/lib/test/auto/PublisherToplevelSubscriberPortAOC.xml
1 ms. Memory: 514048K Free: 236151K (46%)
----------------- Invoking toplevel() on ptolemy.moml.MoMLSimpleApplication@416d7132
----------------- Done invoking toplevel() on ptolemy.moml.MoMLSimpleApplication@416d7132
reloadAllAccessors: .PublisherToplevelSubscriberPortAOC

===========================================================================================
----------------- testing Sat Jan 18 06:51:12 UTC 2020 /home/travis/build/icyphy/ptII/ptolemy/actor/lib/test/auto/PulseFiringLimitDE.xml
----------------- Instantiating /home/travis/build/icyphy/ptII/ptolemy/actor/lib/test/auto/PulseFiringLimitDE.xml
2 ms. Memory: 514048K Free: 230014K (45%)
----------------- Invoking toplevel() on ptolemy.moml.MoMLSimpleApplication@1e6ab956
----------------- Done invoking toplevel() on ptolemy.moml.MoMLSimpleApplication@1e6ab956
reloadAllAccessors: .PulseFiringLimitDE

===========================================================================================
----------------- testing Sat Jan 18 06:51:12 UTC 2020 /home/travis/build/icyphy/ptII/ptolemy/actor/lib/test/auto/Ramp1.xml
----------------- Instantiating /home/travis/build/icyphy/ptII/ptolemy/actor/lib/test/auto/Ramp1.xml
1 ms. Memory: 514048K Free: 225911K (44%)
----------------- Invoking toplevel() on ptolemy.moml.MoMLSimpleApplication@7e184230
----------------- Done invoking toplevel() on ptolemy.moml.MoMLSimpleApplication@7e184230
reloadAllAccessors: .Ramp1

===========================================================================================
----------------- testing Sat Jan 18 06:51:12 UTC 2020 /home/travis/build/icyphy/ptII/ptolemy/actor/lib/test/auto/RampFiringLimitDE.xml
----------------- Instantiating /home/travis/build/icyphy/ptII/ptolemy/actor/lib/test/auto/RampFiringLimitDE.xml
2 ms. Memory: 514048K Free: 219759K (43%)
----------------- Invoking toplevel() on ptolemy.moml.MoMLSimpleApplication@2b6b10a1
----------------- Done invoking toplevel() on ptolemy.moml.MoMLSimpleApplication@2b6b10a1
reloadAllAccessors: .RampFiringLimitDE

===========================================================================================
----------------- testing Sat Jan 18 06:51:12 UTC 2020 /home/travis/build/icyphy/ptII/ptolemy/actor/lib/test/auto/RampFiringLimitSDF.xml
----------------- Instantiating /home/travis/build/icyphy/ptII/ptolemy/actor/lib/test/auto/RampFiringLimitSDF.xml
2 ms. Memory: 514048K Free: 214639K (42%)
----------------- Invoking toplevel() on ptolemy.moml.MoMLSimpleApplication@56c1656
----------------- Done invoking toplevel() on ptolemy.moml.MoMLSimpleApplication@56c1656
reloadAllAccessors: .RampFiringLimitSDF

===========================================================================================
----------------- testing Sat Jan 18 06:51:12 UTC 2020 /home/travis/build/icyphy/ptII/ptolemy/actor/lib/test/auto/RandomInteger.xml
----------------- Instantiating /home/travis/build/icyphy/ptII/ptolemy/actor/lib/test/auto/RandomInteger.xml
1 ms. Memory: 514048K Free: 210558K (41%)
----------------- Invoking toplevel() on ptolemy.moml.MoMLSimpleApplication@7d1be05c
----------------- Done invoking toplevel() on ptolemy.moml.MoMLSimpleApplication@7d1be05c
reloadAllAccessors: .RandomInteger

===========================================================================================
----------------- testing Sat Jan 18 06:51:12 UTC 2020 /home/travis/build/icyphy/ptII/ptolemy/actor/lib/test/auto/ReadFile1.xml
----------------- Instantiating /home/travis/build/icyphy/ptII/ptolemy/actor/lib/test/auto/ReadFile1.xml
1 ms. Memory: 514048K Free: 205952K (40%)
----------------- Invoking toplevel() on ptolemy.moml.MoMLSimpleApplication@7f8b1981
----------------- Done invoking toplevel() on ptolemy.moml.MoMLSimpleApplication@7f8b1981
reloadAllAccessors: .ReadFile1

===========================================================================================
----------------- testing Sat Jan 18 06:51:12 UTC 2020 /home/travis/build/icyphy/ptII/ptolemy/actor/lib/test/auto/ReadFile2.xml
----------------- Instantiating /home/travis/build/icyphy/ptII/ptolemy/actor/lib/test/auto/ReadFile2.xml
0 ms. Memory: 514048K Free: 201856K (39%)
----------------- Invoking toplevel() on ptolemy.moml.MoMLSimpleApplication@14912cd9
----------------- Done invoking toplevel() on ptolemy.moml.MoMLSimpleApplication@14912cd9
reloadAllAccessors: .ReadFile2

===========================================================================================
----------------- testing Sat Jan 18 06:51:12 UTC 2020 /home/travis/build/icyphy/ptII/ptolemy/actor/lib/test/auto/Reader.xml
----------------- Instantiating /home/travis/build/icyphy/ptII/ptolemy/actor/lib/test/auto/Reader.xml
actor.lib.Reader is obsolete, use actor.lib.io.ExpressionReader instead
1 ms. Memory: 514048K Free: 197760K (38%)
----------------- Invoking toplevel() on ptolemy.moml.MoMLSimpleApplication@30504a66
----------------- Done invoking toplevel() on ptolemy.moml.MoMLSimpleApplication@30504a66
reloadAllAccessors: .Reader

===========================================================================================
----------------- testing Sat Jan 18 06:51:12 UTC 2020 /home/travis/build/icyphy/ptII/ptolemy/actor/lib/test/auto/RecordAssemblerDisplayNameTest.xml
----------------- Instantiating /home/travis/build/icyphy/ptII/ptolemy/actor/lib/test/auto/RecordAssemblerDisplayNameTest.xml
3411 ms. Memory: 514048K Free: 460928K (90%)
----------------- Invoking toplevel() on ptolemy.moml.MoMLSimpleApplication@5620347a
----------------- Done invoking toplevel() on ptolemy.moml.MoMLSimpleApplication@5620347a
reloadAllAccessors: .RecordAssemblerDisplayNameTest

===========================================================================================
----------------- testing Sat Jan 18 06:51:16 UTC 2020 /home/travis/build/icyphy/ptII/ptolemy/actor/lib/test/auto/RecordAssemblerTypeError.xml
----------------- Instantiating /home/travis/build/icyphy/ptII/ptolemy/actor/lib/test/auto/RecordAssemblerTypeError.xml
14 ms. Memory: 514048K Free: 451198K (88%)
----------------- Invoking toplevel() on ptolemy.moml.MoMLSimpleApplication@3f40281
----------------- Done invoking toplevel() on ptolemy.moml.MoMLSimpleApplication@3f40281
reloadAllAccessors: .RecordAssemblerTypeError

===========================================================================================
----------------- testing Sat Jan 18 06:51:16 UTC 2020 /home/travis/build/icyphy/ptII/ptolemy/actor/lib/test/auto/RecordDisassember.xml
----------------- Instantiating /home/travis/build/icyphy/ptII/ptolemy/actor/lib/test/auto/RecordDisassember.xml
3 ms. Memory: 514048K Free: 446592K (87%)
----------------- Invoking toplevel() on ptolemy.moml.MoMLSimpleApplication@6d18148d
----------------- Done invoking toplevel() on ptolemy.moml.MoMLSimpleApplication@6d18148d
reloadAllAccessors: .RecordDisassember

===========================================================================================
----------------- testing Sat Jan 18 06:51:16 UTC 2020 /home/travis/build/icyphy/ptII/ptolemy/actor/lib/test/auto/RecordDisassemberDisplayNameTest.xml
----------------- Instantiating /home/travis/build/icyphy/ptII/ptolemy/actor/lib/test/auto/RecordDisassemberDisplayNameTest.xml
5 ms. Memory: 514048K Free: 438910K (85%)
----------------- Invoking toplevel() on ptolemy.moml.MoMLSimpleApplication@375ffb09
----------------- Done invoking toplevel() on ptolemy.moml.MoMLSimpleApplication@375ffb09
reloadAllAccessors: .RecordDisassemberDisplayNameTest

===========================================================================================
----------------- testing Sat Jan 18 06:51:16 UTC 2020 /home/travis/build/icyphy/ptII/ptolemy/actor/lib/test/auto/RecordDisassembler.xml
----------------- Instantiating /home/travis/build/icyphy/ptII/ptolemy/actor/lib/test/auto/RecordDisassembler.xml
3 ms. Memory: 514048K Free: 433759K (84%)
----------------- Invoking toplevel() on ptolemy.moml.MoMLSimpleApplication@1ad97ae2
----------------- Done invoking toplevel() on ptolemy.moml.MoMLSimpleApplication@1ad97ae2
reloadAllAccessors: .RecordDisassembler

===========================================================================================
----------------- testing Sat Jan 18 06:51:16 UTC 2020 /home/travis/build/icyphy/ptII/ptolemy/actor/lib/test/auto/RecordDisassembler2.xml
----------------- Instantiating /home/travis/build/icyphy/ptII/ptolemy/actor/lib/test/auto/RecordDisassembler2.xml
2 ms. Memory: 514048K Free: 428639K (83%)
----------------- Invoking toplevel() on ptolemy.moml.MoMLSimpleApplication@13d234bf
----------------- Done invoking toplevel() on ptolemy.moml.MoMLSimpleApplication@13d234bf
reloadAllAccessors: .RecordDisassembler2

===========================================================================================
----------------- testing Sat Jan 18 06:51:16 UTC 2020 /home/travis/build/icyphy/ptII/ptolemy/actor/lib/test/auto/RecordUpdater.xml
----------------- Instantiating /home/travis/build/icyphy/ptII/ptolemy/actor/lib/test/auto/RecordUpdater.xml
2 ms. Memory: 514048K Free: 423550K (82%)
----------------- Invoking toplevel() on ptolemy.moml.MoMLSimpleApplication@2bf8c6d
----------------- Done invoking toplevel() on ptolemy.moml.MoMLSimpleApplication@2bf8c6d
reloadAllAccessors: .RecordUpdater

===========================================================================================
----------------- testing Sat Jan 18 06:51:16 UTC 2020 /home/travis/build/icyphy/ptII/ptolemy/actor/lib/test/auto/RecordUpdater2.xml
----------------- Instantiating /home/travis/build/icyphy/ptII/ptolemy/actor/lib/test/auto/RecordUpdater2.xml
2 ms. Memory: 514048K Free: 418430K (81%)
----------------- Invoking toplevel() on ptolemy.moml.MoMLSimpleApplication@454db62f
----------------- Done invoking toplevel() on ptolemy.moml.MoMLSimpleApplication@454db62f
reloadAllAccessors: .RecordUpdater2

===========================================================================================
----------------- testing Sat Jan 18 06:51:16 UTC 2020 /home/travis/build/icyphy/ptII/ptolemy/actor/lib/test/auto/RecursiveLattice.xml
----------------- Instantiating /home/travis/build/icyphy/ptII/ptolemy/actor/lib/test/auto/RecursiveLattice.xml
1 ms. Memory: 514048K Free: 414334K (81%)
----------------- Invoking toplevel() on ptolemy.moml.MoMLSimpleApplication@10f658bf
----------------- Done invoking toplevel() on ptolemy.moml.MoMLSimpleApplication@10f658bf
reloadAllAccessors: .RecursiveLattice

===========================================================================================
----------------- testing Sat Jan 18 06:51:16 UTC 2020 /home/travis/build/icyphy/ptII/ptolemy/actor/lib/test/auto/Router.xml
----------------- Instantiating /home/travis/build/icyphy/ptII/ptolemy/actor/lib/test/auto/Router.xml
3004 ms. Memory: 514048K Free: 404094K (79%)
----------------- Invoking toplevel() on ptolemy.moml.MoMLSimpleApplication@6a3c98dd
----------------- Done invoking toplevel() on ptolemy.moml.MoMLSimpleApplication@6a3c98dd
reloadAllAccessors: .Router

===========================================================================================
----------------- testing Sat Jan 18 06:51:19 UTC 2020 /home/travis/build/icyphy/ptII/ptolemy/actor/lib/test/auto/Router2.xml
----------------- Instantiating /home/travis/build/icyphy/ptII/ptolemy/actor/lib/test/auto/Router2.xml
3003 ms. Memory: 514048K Free: 393854K (77%)
----------------- Invoking toplevel() on ptolemy.moml.MoMLSimpleApplication@399fd1e8
----------------- Done invoking toplevel() on ptolemy.moml.MoMLSimpleApplication@399fd1e8
reloadAllAccessors: .Router2

===========================================================================================
----------------- testing Sat Jan 18 06:51:22 UTC 2020 /home/travis/build/icyphy/ptII/ptolemy/actor/lib/test/auto/RunningMaximum.xml
----------------- Instantiating /home/travis/build/icyphy/ptII/ptolemy/actor/lib/test/auto/RunningMaximum.xml
2 ms. Memory: 514048K Free: 389248K (76%)
----------------- Invoking toplevel() on ptolemy.moml.MoMLSimpleApplication@7587bb5a
----------------- Done invoking toplevel() on ptolemy.moml.MoMLSimpleApplication@7587bb5a
reloadAllAccessors: .RunningMaximum

===========================================================================================
----------------- testing Sat Jan 18 06:51:22 UTC 2020 /home/travis/build/icyphy/ptII/ptolemy/actor/lib/test/auto/RunningMinimum.xml
----------------- Instantiating /home/travis/build/icyphy/ptII/ptolemy/actor/lib/test/auto/RunningMinimum.xml
1 ms. Memory: 514048K Free: 384638K (75%)
----------------- Invoking toplevel() on ptolemy.moml.MoMLSimpleApplication@422fa9f0
----------------- Done invoking toplevel() on ptolemy.moml.MoMLSimpleApplication@422fa9f0
reloadAllAccessors: .RunningMinimum

===========================================================================================
----------------- testing Sat Jan 18 06:51:22 UTC 2020 /home/travis/build/icyphy/ptII/ptolemy/actor/lib/test/auto/Scale.xml
----------------- Instantiating /home/travis/build/icyphy/ptII/ptolemy/actor/lib/test/auto/Scale.xml
2 ms. Memory: 514048K Free: 380032K (74%)
----------------- Invoking toplevel() on ptolemy.moml.MoMLSimpleApplication@7734d327
----------------- Done invoking toplevel() on ptolemy.moml.MoMLSimpleApplication@7734d327
reloadAllAccessors: .Scale

===========================================================================================
----------------- testing Sat Jan 18 06:51:22 UTC 2020 /home/travis/build/icyphy/ptII/ptolemy/actor/lib/test/auto/Scale2.xml
----------------- Instantiating /home/travis/build/icyphy/ptII/ptolemy/actor/lib/test/auto/Scale2.xml
1 ms. Memory: 514048K Free: 375422K (73%)
----------------- Invoking toplevel() on ptolemy.moml.MoMLSimpleApplication@2b2a9d98
----------------- Done invoking toplevel() on ptolemy.moml.MoMLSimpleApplication@2b2a9d98
reloadAllAccessors: .Scale2

===========================================================================================
----------------- testing Sat Jan 18 06:51:22 UTC 2020 /home/travis/build/icyphy/ptII/ptolemy/actor/lib/test/auto/Scale3.xml
----------------- Instantiating /home/travis/build/icyphy/ptII/ptolemy/actor/lib/test/auto/Scale3.xml
3 ms. Memory: 514048K Free: 369278K (72%)
----------------- Invoking toplevel() on ptolemy.moml.MoMLSimpleApplication@7fd7ebb7
----------------- Done invoking toplevel() on ptolemy.moml.MoMLSimpleApplication@7fd7ebb7
reloadAllAccessors: .Scale3

===========================================================================================
----------------- testing Sat Jan 18 06:51:22 UTC 2020 /home/travis/build/icyphy/ptII/ptolemy/actor/lib/test/auto/ScaleArray.xml
----------------- Instantiating /home/travis/build/icyphy/ptII/ptolemy/actor/lib/test/auto/ScaleArray.xml
1 ms. Memory: 514048K Free: 364158K (71%)
----------------- Invoking toplevel() on ptolemy.moml.MoMLSimpleApplication@174bfd60
----------------- Done invoking toplevel() on ptolemy.moml.MoMLSimpleApplication@174bfd60
reloadAllAccessors: .ScaleArray

===========================================================================================
----------------- testing Sat Jan 18 06:51:22 UTC 2020 /home/travis/build/icyphy/ptII/ptolemy/actor/lib/test/auto/ScaleArray2.xml
----------------- Instantiating /home/travis/build/icyphy/ptII/ptolemy/actor/lib/test/auto/ScaleArray2.xml
1 ms. Memory: 514048K Free: 359552K (70%)
----------------- Invoking toplevel() on ptolemy.moml.MoMLSimpleApplication@5c8a61d9
----------------- Done invoking toplevel() on ptolemy.moml.MoMLSimpleApplication@5c8a61d9
reloadAllAccessors: .ScaleArray2

===========================================================================================
----------------- testing Sat Jan 18 06:51:22 UTC 2020 /home/travis/build/icyphy/ptII/ptolemy/actor/lib/test/auto/ScaleMatrix.xml
----------------- Instantiating /home/travis/build/icyphy/ptII/ptolemy/actor/lib/test/auto/ScaleMatrix.xml
138 ms. Memory: 514048K Free: 344702K (67%)
----------------- Invoking toplevel() on ptolemy.moml.MoMLSimpleApplication@37ffe58e
----------------- Done invoking toplevel() on ptolemy.moml.MoMLSimpleApplication@37ffe58e
reloadAllAccessors: .ScaleMatrix

===========================================================================================
----------------- testing Sat Jan 18 06:51:22 UTC 2020 /home/travis/build/icyphy/ptII/ptolemy/actor/lib/test/auto/Select.xml
----------------- Instantiating /home/travis/build/icyphy/ptII/ptolemy/actor/lib/test/auto/Select.xml
2 ms. Memory: 514048K Free: 338543K (66%)
----------------- Invoking toplevel() on ptolemy.moml.MoMLSimpleApplication@3381237c
----------------- Done invoking toplevel() on ptolemy.moml.MoMLSimpleApplication@3381237c
reloadAllAccessors: .Select

===========================================================================================
----------------- testing Sat Jan 18 06:51:22 UTC 2020 /home/travis/build/icyphy/ptII/ptolemy/actor/lib/test/auto/Select2.xml
----------------- Instantiating /home/travis/build/icyphy/ptII/ptolemy/actor/lib/test/auto/Select2.xml
1 ms. Memory: 514048K Free: 333952K (65%)
----------------- Invoking toplevel() on ptolemy.moml.MoMLSimpleApplication@38bcc2be
----------------- Done invoking toplevel() on ptolemy.moml.MoMLSimpleApplication@38bcc2be
reloadAllAccessors: .Select2

===========================================================================================
----------------- testing Sat Jan 18 06:51:22 UTC 2020 /home/travis/build/icyphy/ptII/ptolemy/actor/lib/test/auto/SequenceToArray2.xml
----------------- Instantiating /home/travis/build/icyphy/ptII/ptolemy/actor/lib/test/auto/SequenceToArray2.xml
115 ms. Memory: 514048K Free: 309376K (60%)
----------------- Invoking toplevel() on ptolemy.moml.MoMLSimpleApplication@788a63f0
----------------- Done invoking toplevel() on ptolemy.moml.MoMLSimpleApplication@788a63f0
reloadAllAccessors: .SequenceToArray2

===========================================================================================
----------------- testing Sat Jan 18 06:51:22 UTC 2020 /home/travis/build/icyphy/ptII/ptolemy/actor/lib/test/auto/SequentialClock.xml
----------------- Instantiating /home/travis/build/icyphy/ptII/ptolemy/actor/lib/test/auto/SequentialClock.xml
1 ms. Memory: 514048K Free: 305280K (59%)
----------------- Invoking toplevel() on ptolemy.moml.MoMLSimpleApplication@4dbd89e8
----------------- Done invoking toplevel() on ptolemy.moml.MoMLSimpleApplication@4dbd89e8
reloadAllAccessors: .SequentialClock

===========================================================================================
----------------- testing Sat Jan 18 06:51:22 UTC 2020 /home/travis/build/icyphy/ptII/ptolemy/actor/lib/test/auto/SetVariable.xml
----------------- Instantiating /home/travis/build/icyphy/ptII/ptolemy/actor/lib/test/auto/SetVariable.xml
3 ms. Memory: 514048K Free: 300670K (58%)
----------------- Invoking toplevel() on ptolemy.moml.MoMLSimpleApplication@44944cfe
----------------- Done invoking toplevel() on ptolemy.moml.MoMLSimpleApplication@44944cfe
reloadAllAccessors: .SetVariable

===========================================================================================
----------------- testing Sat Jan 18 06:51:22 UTC 2020 /home/travis/build/icyphy/ptII/ptolemy/actor/lib/test/auto/SetVariable2.xml
----------------- Instantiating /home/travis/build/icyphy/ptII/ptolemy/actor/lib/test/auto/SetVariable2.xml
2 ms. Memory: 514048K Free: 295550K (57%)
----------------- Invoking toplevel() on ptolemy.moml.MoMLSimpleApplication@778f6224
----------------- Done invoking toplevel() on ptolemy.moml.MoMLSimpleApplication@778f6224
reloadAllAccessors: .SetVariable2

===========================================================================================
----------------- testing Sat Jan 18 06:51:22 UTC 2020 /home/travis/build/icyphy/ptII/ptolemy/actor/lib/test/auto/SetVariable3.xml
----------------- Instantiating /home/travis/build/icyphy/ptII/ptolemy/actor/lib/test/auto/SetVariable3.xml
5 ms. Memory: 514048K Free: 290430K (56%)
----------------- Invoking toplevel() on ptolemy.moml.MoMLSimpleApplication@5e35c17e
----------------- Done invoking toplevel() on ptolemy.moml.MoMLSimpleApplication@5e35c17e
reloadAllAccessors: .SetVariable3

===========================================================================================
----------------- testing Sat Jan 18 06:51:22 UTC 2020 /home/travis/build/icyphy/ptII/ptolemy/actor/lib/test/auto/SetVariable4.xml
----------------- Instantiating /home/travis/build/icyphy/ptII/ptolemy/actor/lib/test/auto/SetVariable4.xml
12 ms. Memory: 514048K Free: 280702K (55%)
----------------- Invoking toplevel() on ptolemy.moml.MoMLSimpleApplication@43d8b61c
----------------- Done invoking toplevel() on ptolemy.moml.MoMLSimpleApplication@43d8b61c
reloadAllAccessors: .SetVariable4

===========================================================================================
----------------- testing Sat Jan 18 06:51:22 UTC 2020 /home/travis/build/icyphy/ptII/ptolemy/actor/lib/test/auto/SetVariable5.xml
----------------- Instantiating /home/travis/build/icyphy/ptII/ptolemy/actor/lib/test/auto/SetVariable5.xml
18 ms. Memory: 514048K Free: 271488K (53%)
----------------- Invoking toplevel() on ptolemy.moml.MoMLSimpleApplication@744e7a7d
----------------- Done invoking toplevel() on ptolemy.moml.MoMLSimpleApplication@744e7a7d
reloadAllAccessors: .SetVariable5

===========================================================================================
----------------- testing Sat Jan 18 06:51:22 UTC 2020 /home/travis/build/icyphy/ptII/ptolemy/actor/lib/test/auto/Sinewave.xml
----------------- Instantiating /home/travis/build/icyphy/ptII/ptolemy/actor/lib/test/auto/Sinewave.xml
12 ms. Memory: 514048K Free: 261248K (51%)
----------------- Invoking toplevel() on ptolemy.moml.MoMLSimpleApplication@1b661c77
----------------- Done invoking toplevel() on ptolemy.moml.MoMLSimpleApplication@1b661c77
reloadAllAccessors: .Sinewave

===========================================================================================
----------------- testing Sat Jan 18 06:51:22 UTC 2020 /home/travis/build/icyphy/ptII/ptolemy/actor/lib/test/auto/Sinewave2.xml
----------------- Instantiating /home/travis/build/icyphy/ptII/ptolemy/actor/lib/test/auto/Sinewave2.xml
7 ms. Memory: 514048K Free: 253056K (49%)
----------------- Invoking toplevel() on ptolemy.moml.MoMLSimpleApplication@273f17b2
----------------- Done invoking toplevel() on ptolemy.moml.MoMLSimpleApplication@273f17b2
reloadAllAccessors: .Sinewave2

===========================================================================================
----------------- testing Sat Jan 18 06:51:22 UTC 2020 /home/travis/build/icyphy/ptII/ptolemy/actor/lib/test/auto/Sinewave3.xml
----------------- Instantiating /home/travis/build/icyphy/ptII/ptolemy/actor/lib/test/auto/Sinewave3.xml
9 ms. Memory: 514048K Free: 244864K (48%)
----------------- Invoking toplevel() on ptolemy.moml.MoMLSimpleApplication@5d36235d
----------------- Done invoking toplevel() on ptolemy.moml.MoMLSimpleApplication@5d36235d
reloadAllAccessors: .Sinewave3

===========================================================================================
----------------- testing Sat Jan 18 06:51:23 UTC 2020 /home/travis/build/icyphy/ptII/ptolemy/actor/lib/test/auto/SingleEvent.xml
----------------- Instantiating /home/travis/build/icyphy/ptII/ptolemy/actor/lib/test/auto/SingleEvent.xml
0 ms. Memory: 514048K Free: 240768K (47%)
----------------- Invoking toplevel() on ptolemy.moml.MoMLSimpleApplication@47d9117c
----------------- Done invoking toplevel() on ptolemy.moml.MoMLSimpleApplication@47d9117c
reloadAllAccessors: .SingleEvent

===========================================================================================
----------------- testing Sat Jan 18 06:51:23 UTC 2020 /home/travis/build/icyphy/ptII/ptolemy/actor/lib/test/auto/Sleep.xml
----------------- Instantiating /home/travis/build/icyphy/ptII/ptolemy/actor/lib/test/auto/Sleep.xml
6003 ms. Memory: 514048K Free: 234624K (46%)
----------------- Invoking toplevel() on ptolemy.moml.MoMLSimpleApplication@5450efd
----------------- Done invoking toplevel() on ptolemy.moml.MoMLSimpleApplication@5450efd
reloadAllAccessors: .Sleep

===========================================================================================
----------------- testing Sat Jan 18 06:51:29 UTC 2020 /home/travis/build/icyphy/ptII/ptolemy/actor/lib/test/auto/SleepMultipleFire.xml
----------------- Instantiating /home/travis/build/icyphy/ptII/ptolemy/actor/lib/test/auto/SleepMultipleFire.xml
1005 ms. Memory: 514048K Free: 228990K (45%)
----------------- Invoking toplevel() on ptolemy.moml.MoMLSimpleApplication@eb9ddbe
----------------- Done invoking toplevel() on ptolemy.moml.MoMLSimpleApplication@eb9ddbe
reloadAllAccessors: .SleepMultipleFire

===========================================================================================
----------------- testing Sat Jan 18 06:51:30 UTC 2020 /home/travis/build/icyphy/ptII/ptolemy/actor/lib/test/auto/StopDE.xml
----------------- Instantiating /home/travis/build/icyphy/ptII/ptolemy/actor/lib/test/auto/StopDE.xml
3 ms. Memory: 514048K Free: 223360K (43%)
----------------- Invoking toplevel() on ptolemy.moml.MoMLSimpleApplication@24537d2d
----------------- Done invoking toplevel() on ptolemy.moml.MoMLSimpleApplication@24537d2d
reloadAllAccessors: .StopDE

===========================================================================================
----------------- testing Sat Jan 18 06:51:30 UTC 2020 /home/travis/build/icyphy/ptII/ptolemy/actor/lib/test/auto/StopSDF.xml
----------------- Instantiating /home/travis/build/icyphy/ptII/ptolemy/actor/lib/test/auto/StopSDF.xml
2 ms. Memory: 514048K Free: 218240K (42%)
----------------- Invoking toplevel() on ptolemy.moml.MoMLSimpleApplication@1bacdf9c
----------------- Done invoking toplevel() on ptolemy.moml.MoMLSimpleApplication@1bacdf9c
reloadAllAccessors: .StopSDF

===========================================================================================
----------------- testing Sat Jan 18 06:51:30 UTC 2020 /home/travis/build/icyphy/ptII/ptolemy/actor/lib/test/auto/StringConstant.xml
----------------- Instantiating /home/travis/build/icyphy/ptII/ptolemy/actor/lib/test/auto/StringConstant.xml
9 ms. Memory: 514048K Free: 214144K (42%)
----------------- Invoking toplevel() on ptolemy.moml.MoMLSimpleApplication@27f583ca
----------------- Done invoking toplevel() on ptolemy.moml.MoMLSimpleApplication@27f583ca
reloadAllAccessors: .StringConstant

===========================================================================================
----------------- testing Sat Jan 18 06:51:30 UTC 2020 /home/travis/build/icyphy/ptII/ptolemy/actor/lib/test/auto/SubscriberPortInitialValues1.xml
----------------- Instantiating /home/travis/build/icyphy/ptII/ptolemy/actor/lib/test/auto/SubscriberPortInitialValues1.xml
10 ms. Memory: 514048K Free: 205438K (40%)
----------------- Invoking toplevel() on ptolemy.moml.MoMLSimpleApplication@152fea30
----------------- Done invoking toplevel() on ptolemy.moml.MoMLSimpleApplication@152fea30
reloadAllAccessors: .SubscriberPortInitialValues1

===========================================================================================
----------------- testing Sat Jan 18 06:51:30 UTC 2020 /home/travis/build/icyphy/ptII/ptolemy/actor/lib/test/auto/SubscriberPortInitialValues13.xml
----------------- Instantiating /home/travis/build/icyphy/ptII/ptolemy/actor/lib/test/auto/SubscriberPortInitialValues13.xml
5 ms. Memory: 514048K Free: 192640K (37%)
----------------- Invoking toplevel() on ptolemy.moml.MoMLSimpleApplication@25f209d9
----------------- Done invoking toplevel() on ptolemy.moml.MoMLSimpleApplication@25f209d9
reloadAllAccessors: .SubscriberPortInitialValues13

===========================================================================================
----------------- testing Sat Jan 18 06:51:30 UTC 2020 /home/travis/build/icyphy/ptII/ptolemy/actor/lib/test/auto/SubscriberPortInitialValues14.xml
----------------- Instantiating /home/travis/build/icyphy/ptII/ptolemy/actor/lib/test/auto/SubscriberPortInitialValues14.xml
4 ms. Memory: 514048K Free: 184958K (36%)
----------------- Invoking toplevel() on ptolemy.moml.MoMLSimpleApplication@678220d8
----------------- Done invoking toplevel() on ptolemy.moml.MoMLSimpleApplication@678220d8
reloadAllAccessors: .SubscriberPortInitialValues14

===========================================================================================
----------------- testing Sat Jan 18 06:51:30 UTC 2020 /home/travis/build/icyphy/ptII/ptolemy/actor/lib/test/auto/SubscriberPortInitialValues2.xml
----------------- Instantiating /home/travis/build/icyphy/ptII/ptolemy/actor/lib/test/auto/SubscriberPortInitialValues2.xml
3 ms. Memory: 514048K Free: 177280K (34%)
----------------- Invoking toplevel() on ptolemy.moml.MoMLSimpleApplication@15bbe10f
----------------- Done invoking toplevel() on ptolemy.moml.MoMLSimpleApplication@15bbe10f
reloadAllAccessors: .SubscriberPortInitialValues2

===========================================================================================
----------------- testing Sat Jan 18 06:51:30 UTC 2020 /home/travis/build/icyphy/ptII/ptolemy/actor/lib/test/auto/SubscriberPortInitialValues3.xml
----------------- Instantiating /home/travis/build/icyphy/ptII/ptolemy/actor/lib/test/auto/SubscriberPortInitialValues3.xml
41 ms. Memory: 514048K Free: 461949K (90%)
----------------- Invoking toplevel() on ptolemy.moml.MoMLSimpleApplication@6d83a4ec
----------------- Done invoking toplevel() on ptolemy.moml.MoMLSimpleApplication@6d83a4ec
reloadAllAccessors: .SubscriberPortInitialValues3

===========================================================================================
----------------- testing Sat Jan 18 06:51:30 UTC 2020 /home/travis/build/icyphy/ptII/ptolemy/actor/lib/test/auto/SubscriptionAggregator.xml
----------------- Instantiating /home/travis/build/icyphy/ptII/ptolemy/actor/lib/test/auto/SubscriptionAggregator.xml
2 ms. Memory: 514048K Free: 454767K (88%)
----------------- Invoking toplevel() on ptolemy.moml.MoMLSimpleApplication@6a02d90d
----------------- Done invoking toplevel() on ptolemy.moml.MoMLSimpleApplication@6a02d90d
reloadAllAccessors: .SubscriptionAggregator

===========================================================================================
----------------- testing Sat Jan 18 06:51:30 UTC 2020 /home/travis/build/icyphy/ptII/ptolemy/actor/lib/test/auto/SubscriptionAggregator2.xml
----------------- Instantiating /home/travis/build/icyphy/ptII/ptolemy/actor/lib/test/auto/SubscriptionAggregator2.xml
2 ms. Memory: 514048K Free: 448128K (87%)
----------------- Invoking toplevel() on ptolemy.moml.MoMLSimpleApplication@763fefb4
----------------- Done invoking toplevel() on ptolemy.moml.MoMLSimpleApplication@763fefb4
reloadAllAccessors: .SubscriptionAggregator2

===========================================================================================
----------------- testing Sat Jan 18 06:51:30 UTC 2020 /home/travis/build/icyphy/ptII/ptolemy/actor/lib/test/auto/SubscriptionAggregator3.xml
----------------- Instantiating /home/travis/build/icyphy/ptII/ptolemy/actor/lib/test/auto/SubscriptionAggregator3.xml
3 ms. Memory: 514048K Free: 439415K (85%)
----------------- Invoking toplevel() on ptolemy.moml.MoMLSimpleApplication@18c400fe
----------------- Done invoking toplevel() on ptolemy.moml.MoMLSimpleApplication@18c400fe
reloadAllAccessors: .SubscriptionAggregator3

===========================================================================================
----------------- testing Sat Jan 18 06:51:30 UTC 2020 /home/travis/build/icyphy/ptII/ptolemy/actor/lib/test/auto/SubscriptionAggregatorMultiply.xml
----------------- Instantiating /home/travis/build/icyphy/ptII/ptolemy/actor/lib/test/auto/SubscriptionAggregatorMultiply.xml
3 ms. Memory: 514048K Free: 431230K (84%)
----------------- Invoking toplevel() on ptolemy.moml.MoMLSimpleApplication@38853117
----------------- Done invoking toplevel() on ptolemy.moml.MoMLSimpleApplication@38853117
reloadAllAccessors: .SubscriptionAggregatorMultiply

===========================================================================================
----------------- testing Sat Jan 18 06:51:30 UTC 2020 /home/travis/build/icyphy/ptII/ptolemy/actor/lib/test/auto/SubscriptionAggregatorPortMultiply1.xml
----------------- Instantiating /home/travis/build/icyphy/ptII/ptolemy/actor/lib/test/auto/SubscriptionAggregatorPortMultiply1.xml
2 ms. Memory: 514048K Free: 423038K (82%)
----------------- Invoking toplevel() on ptolemy.moml.MoMLSimpleApplication@5b35035d
----------------- Done invoking toplevel() on ptolemy.moml.MoMLSimpleApplication@5b35035d
reloadAllAccessors: .SubscriptionAggregatorPortMultiply1

===========================================================================================
----------------- testing Sat Jan 18 06:51:30 UTC 2020 /home/travis/build/icyphy/ptII/ptolemy/actor/lib/test/auto/Switch.xml
----------------- Instantiating /home/travis/build/icyphy/ptII/ptolemy/actor/lib/test/auto/Switch.xml
6 ms. Memory: 514048K Free: 414846K (81%)
----------------- Invoking toplevel() on ptolemy.moml.MoMLSimpleApplication@7b609b5c
----------------- Done invoking toplevel() on ptolemy.moml.MoMLSimpleApplication@7b609b5c
reloadAllAccessors: .Switch

===========================================================================================
----------------- testing Sat Jan 18 06:51:30 UTC 2020 /home/travis/build/icyphy/ptII/ptolemy/actor/lib/test/auto/Switch2.xml
----------------- Instantiating /home/travis/build/icyphy/ptII/ptolemy/actor/lib/test/auto/Switch2.xml
1 ms. Memory: 514048K Free: 409726K (80%)
----------------- Invoking toplevel() on ptolemy.moml.MoMLSimpleApplication@22ab2d2d
----------------- Done invoking toplevel() on ptolemy.moml.MoMLSimpleApplication@22ab2d2d
reloadAllAccessors: .Switch2

===========================================================================================
----------------- testing Sat Jan 18 06:51:30 UTC 2020 /home/travis/build/icyphy/ptII/ptolemy/actor/lib/test/auto/SwitchDE.xml
----------------- Instantiating /home/travis/build/icyphy/ptII/ptolemy/actor/lib/test/auto/SwitchDE.xml
2 ms. Memory: 514048K Free: 403551K (79%)
----------------- Invoking toplevel() on ptolemy.moml.MoMLSimpleApplication@56bcee1f
----------------- Done invoking toplevel() on ptolemy.moml.MoMLSimpleApplication@56bcee1f
reloadAllAccessors: .SwitchDE

===========================================================================================
----------------- testing Sat Jan 18 06:51:30 UTC 2020 /home/travis/build/icyphy/ptII/ptolemy/actor/lib/test/auto/SynchronizerDE.xml
----------------- Instantiating /home/travis/build/icyphy/ptII/ptolemy/actor/lib/test/auto/SynchronizerDE.xml
4 ms. Memory: 514048K Free: 395359K (77%)
----------------- Invoking toplevel() on ptolemy.moml.MoMLSimpleApplication@5791aca2
----------------- Done invoking toplevel() on ptolemy.moml.MoMLSimpleApplication@5791aca2
reloadAllAccessors: .SynchronizerDE

===========================================================================================
----------------- testing Sat Jan 18 06:51:30 UTC 2020 /home/travis/build/icyphy/ptII/ptolemy/actor/lib/test/auto/Test.xml
----------------- Instantiating /home/travis/build/icyphy/ptII/ptolemy/actor/lib/test/auto/Test.xml
9 ms. Memory: 514048K Free: 390255K (76%)
----------------- Invoking toplevel() on ptolemy.moml.MoMLSimpleApplication@16ec7a0e
----------------- Done invoking toplevel() on ptolemy.moml.MoMLSimpleApplication@16ec7a0e
reloadAllAccessors: .Test

===========================================================================================
----------------- testing Sat Jan 18 06:51:30 UTC 2020 /home/travis/build/icyphy/ptII/ptolemy/actor/lib/test/auto/TestExceptionAttribute1.xml
----------------- Instantiating /home/travis/build/icyphy/ptII/ptolemy/actor/lib/test/auto/TestExceptionAttribute1.xml
1 ms. Memory: 514048K Free: 386688K (75%)
----------------- Invoking toplevel() on ptolemy.moml.MoMLSimpleApplication@5a4f42e6
----------------- Done invoking toplevel() on ptolemy.moml.MoMLSimpleApplication@5a4f42e6
reloadAllAccessors: .TestExceptionAttribute1

===========================================================================================
----------------- testing Sat Jan 18 06:51:30 UTC 2020 /home/travis/build/icyphy/ptII/ptolemy/actor/lib/test/auto/TestExceptionAttribute2.xml
----------------- Instantiating /home/travis/build/icyphy/ptII/ptolemy/actor/lib/test/auto/TestExceptionAttribute2.xml
2 ms. Memory: 514048K Free: 383102K (75%)
----------------- Invoking toplevel() on ptolemy.moml.MoMLSimpleApplication@2c09ab78
----------------- Done invoking toplevel() on ptolemy.moml.MoMLSimpleApplication@2c09ab78
reloadAllAccessors: .TestExceptionAttribute2

===========================================================================================
----------------- testing Sat Jan 18 06:51:30 UTC 2020 /home/travis/build/icyphy/ptII/ptolemy/actor/lib/test/auto/TestExceptionAttribute3.xml
----------------- Instantiating /home/travis/build/icyphy/ptII/ptolemy/actor/lib/test/auto/TestExceptionAttribute3.xml
.TestExceptionAttribute3.TestExceptionAttribute: initialize() was not invoked, but wrapup() was.  This is unusual, but not always a problem.  For example, exporting JNLP will do this.
1 ms. Memory: 514048K Free: 379520K (74%)
----------------- Invoking toplevel() on ptolemy.moml.MoMLSimpleApplication@505ee2bb
----------------- Done invoking toplevel() on ptolemy.moml.MoMLSimpleApplication@505ee2bb
reloadAllAccessors: .TestExceptionAttribute3

===========================================================================================
----------------- testing Sat Jan 18 06:51:30 UTC 2020 /home/travis/build/icyphy/ptII/ptolemy/actor/lib/test/auto/TestExceptionAttribute4.xml
----------------- Instantiating /home/travis/build/icyphy/ptII/ptolemy/actor/lib/test/auto/TestExceptionAttribute4.xml
.TestExceptionAttribute4.TestExceptionAttribute: initialize() was not invoked, but wrapup() was.  This is unusual, but not always a problem.  For example, exporting JNLP will do this.
.TestExceptionAttribute4.TestExceptionAttribute2: initialize() was not invoked, but wrapup() was.  This is unusual, but not always a problem.  For example, exporting JNLP will do this.
0 ms. Memory: 514048K Free: 375424K (73%)
----------------- Invoking toplevel() on ptolemy.moml.MoMLSimpleApplication@6f651282
----------------- Done invoking toplevel() on ptolemy.moml.MoMLSimpleApplication@6f651282
reloadAllAccessors: .TestExceptionAttribute4

===========================================================================================
----------------- testing Sat Jan 18 06:51:30 UTC 2020 /home/travis/build/icyphy/ptII/ptolemy/actor/lib/test/auto/TestExceptionHandler1.xml
----------------- Instantiating /home/travis/build/icyphy/ptII/ptolemy/actor/lib/test/auto/TestExceptionHandler1.xml
1 ms. Memory: 514048K Free: 371838K (72%)
----------------- Invoking toplevel() on ptolemy.moml.MoMLSimpleApplication@25315453
----------------- Done invoking toplevel() on ptolemy.moml.MoMLSimpleApplication@25315453
reloadAllAccessors: .TestExceptionHandler1

===========================================================================================
----------------- testing Sat Jan 18 06:51:30 UTC 2020 /home/travis/build/icyphy/ptII/ptolemy/actor/lib/test/auto/TestExceptionHandler2.xml
----------------- Instantiating /home/travis/build/icyphy/ptII/ptolemy/actor/lib/test/auto/TestExceptionHandler2.xml
1 ms. Memory: 514048K Free: 368256K (72%)
----------------- Invoking toplevel() on ptolemy.moml.MoMLSimpleApplication@1e26accb
----------------- Done invoking toplevel() on ptolemy.moml.MoMLSimpleApplication@1e26accb
reloadAllAccessors: .TestExceptionHandler2

===========================================================================================
----------------- testing Sat Jan 18 06:51:30 UTC 2020 /home/travis/build/icyphy/ptII/ptolemy/actor/lib/test/auto/TestExceptionHandler3.xml
----------------- Instantiating /home/travis/build/icyphy/ptII/ptolemy/actor/lib/test/auto/TestExceptionHandler3.xml
0 ms. Memory: 514048K Free: 364670K (71%)
----------------- Invoking toplevel() on ptolemy.moml.MoMLSimpleApplication@18f88830
----------------- Done invoking toplevel() on ptolemy.moml.MoMLSimpleApplication@18f88830
reloadAllAccessors: .TestExceptionHandler3

===========================================================================================
----------------- testing Sat Jan 18 06:51:30 UTC 2020 /home/travis/build/icyphy/ptII/ptolemy/actor/lib/test/auto/TestExceptionHandler4.xml
----------------- Instantiating /home/travis/build/icyphy/ptII/ptolemy/actor/lib/test/auto/TestExceptionHandler4.xml
1 ms. Memory: 514048K Free: 360574K (70%)
----------------- Invoking toplevel() on ptolemy.moml.MoMLSimpleApplication@51917fe4
----------------- Done invoking toplevel() on ptolemy.moml.MoMLSimpleApplication@51917fe4
reloadAllAccessors: .TestExceptionHandler4

===========================================================================================
----------------- testing Sat Jan 18 06:51:30 UTC 2020 /home/travis/build/icyphy/ptII/ptolemy/actor/lib/test/auto/TestRequireCorrectOrder.xml
----------------- Instantiating /home/travis/build/icyphy/ptII/ptolemy/actor/lib/test/auto/TestRequireCorrectOrder.xml
2 ms. Memory: 514048K Free: 354944K (69%)
----------------- Invoking toplevel() on ptolemy.moml.MoMLSimpleApplication@3d03ff08
----------------- Done invoking toplevel() on ptolemy.moml.MoMLSimpleApplication@3d03ff08
reloadAllAccessors: .TestRequireCorrectOrder

===========================================================================================
----------------- testing Sat Jan 18 06:51:30 UTC 2020 /home/travis/build/icyphy/ptII/ptolemy/actor/lib/test/auto/TestSimple.xml
----------------- Instantiating /home/travis/build/icyphy/ptII/ptolemy/actor/lib/test/auto/TestSimple.xml
1 ms. Memory: 514048K Free: 350327K (68%)
----------------- Invoking toplevel() on ptolemy.moml.MoMLSimpleApplication@45aa893d
----------------- Done invoking toplevel() on ptolemy.moml.MoMLSimpleApplication@45aa893d
reloadAllAccessors: .TestSimple

===========================================================================================
----------------- testing Sat Jan 18 06:51:30 UTC 2020 /home/travis/build/icyphy/ptII/ptolemy/actor/lib/test/auto/ThrowModelError.xml
----------------- Instantiating /home/travis/build/icyphy/ptII/ptolemy/actor/lib/test/auto/ThrowModelError.xml
1 ms. Memory: 514048K Free: 345728K (67%)
----------------- Invoking toplevel() on ptolemy.moml.MoMLSimpleApplication@72a6eeb2
----------------- Done invoking toplevel() on ptolemy.moml.MoMLSimpleApplication@72a6eeb2
reloadAllAccessors: .ThrowModelError

===========================================================================================
----------------- testing Sat Jan 18 06:51:30 UTC 2020 /home/travis/build/icyphy/ptII/ptolemy/actor/lib/test/auto/TimeDelayMicrosteps.xml
----------------- Instantiating /home/travis/build/icyphy/ptII/ptolemy/actor/lib/test/auto/TimeDelayMicrosteps.xml
2 ms. Memory: 514048K Free: 339063K (66%)
----------------- Invoking toplevel() on ptolemy.moml.MoMLSimpleApplication@602d9486
----------------- Done invoking toplevel() on ptolemy.moml.MoMLSimpleApplication@602d9486
reloadAllAccessors: .TimeDelayMicrosteps

===========================================================================================
----------------- testing Sat Jan 18 06:51:30 UTC 2020 /home/travis/build/icyphy/ptII/ptolemy/actor/lib/test/auto/TimeDelayMicrosteps2.xml
----------------- Instantiating /home/travis/build/icyphy/ptII/ptolemy/actor/lib/test/auto/TimeDelayMicrosteps2.xml
3 ms. Memory: 514048K Free: 331887K (65%)
----------------- Invoking toplevel() on ptolemy.moml.MoMLSimpleApplication@2f91e765
----------------- Done invoking toplevel() on ptolemy.moml.MoMLSimpleApplication@2f91e765
reloadAllAccessors: .TimeDelayMicrosteps2

===========================================================================================
----------------- testing Sat Jan 18 06:51:30 UTC 2020 /home/travis/build/icyphy/ptII/ptolemy/actor/lib/test/auto/TimeDelayMicrosteps3.xml
----------------- Instantiating /home/travis/build/icyphy/ptII/ptolemy/actor/lib/test/auto/TimeDelayMicrosteps3.xml
2 ms. Memory: 514048K Free: 325248K (63%)
----------------- Invoking toplevel() on ptolemy.moml.MoMLSimpleApplication@28665e3f
----------------- Done invoking toplevel() on ptolemy.moml.MoMLSimpleApplication@28665e3f
reloadAllAccessors: .TimeDelayMicrosteps3

===========================================================================================
----------------- testing Sat Jan 18 06:51:30 UTC 2020 /home/travis/build/icyphy/ptII/ptolemy/actor/lib/test/auto/TimeDelayVariableMicrosteps.xml
----------------- Instantiating /home/travis/build/icyphy/ptII/ptolemy/actor/lib/test/auto/TimeDelayVariableMicrosteps.xml
3 ms. Memory: 514048K Free: 318587K (62%)
----------------- Invoking toplevel() on ptolemy.moml.MoMLSimpleApplication@7ee72294
----------------- Done invoking toplevel() on ptolemy.moml.MoMLSimpleApplication@7ee72294
reloadAllAccessors: .TimeDelayVariableMicrosteps

===========================================================================================
----------------- testing Sat Jan 18 06:51:30 UTC 2020 /home/travis/build/icyphy/ptII/ptolemy/actor/lib/test/auto/TimeGap.xml
----------------- Instantiating /home/travis/build/icyphy/ptII/ptolemy/actor/lib/test/auto/TimeGap.xml
5 ms. Memory: 514048K Free: 313455K (61%)
----------------- Invoking toplevel() on ptolemy.moml.MoMLSimpleApplication@5a9c5aff
----------------- Done invoking toplevel() on ptolemy.moml.MoMLSimpleApplication@5a9c5aff
reloadAllAccessors: .TimeGap

===========================================================================================
----------------- testing Sat Jan 18 06:51:30 UTC 2020 /home/travis/build/icyphy/ptII/ptolemy/actor/lib/test/auto/TimeGap2.xml
----------------- Instantiating /home/travis/build/icyphy/ptII/ptolemy/actor/lib/test/auto/TimeGap2.xml
1 ms. Memory: 514048K Free: 307840K (60%)
----------------- Invoking toplevel() on ptolemy.moml.MoMLSimpleApplication@39b3d09
----------------- Done invoking toplevel() on ptolemy.moml.MoMLSimpleApplication@39b3d09
reloadAllAccessors: .TimeGap2

===========================================================================================
----------------- testing Sat Jan 18 06:51:30 UTC 2020 /home/travis/build/icyphy/ptII/ptolemy/actor/lib/test/auto/TimedSinewave.xml
----------------- Instantiating /home/travis/build/icyphy/ptII/ptolemy/actor/lib/test/auto/TimedSinewave.xml
20 ms. Memory: 514048K Free: 292990K (57%)
----------------- Invoking toplevel() on ptolemy.moml.MoMLSimpleApplication@6d19e86f
----------------- Done invoking toplevel() on ptolemy.moml.MoMLSimpleApplication@6d19e86f
reloadAllAccessors: .TimedSinewave

===========================================================================================
----------------- testing Sat Jan 18 06:51:30 UTC 2020 /home/travis/build/icyphy/ptII/ptolemy/actor/lib/test/auto/TimedSinewavePhase.xml
----------------- Instantiating /home/travis/build/icyphy/ptII/ptolemy/actor/lib/test/auto/TimedSinewavePhase.xml
9 ms. Memory: 514048K Free: 283264K (55%)
----------------- Invoking toplevel() on ptolemy.moml.MoMLSimpleApplication@660e2358
----------------- Done invoking toplevel() on ptolemy.moml.MoMLSimpleApplication@660e2358
reloadAllAccessors: .TimedSinewavePhase

===========================================================================================
----------------- testing Sat Jan 18 06:51:30 UTC 2020 /home/travis/build/icyphy/ptII/ptolemy/actor/lib/test/auto/Timer.xml
----------------- Instantiating /home/travis/build/icyphy/ptII/ptolemy/actor/lib/test/auto/Timer.xml
2 ms. Memory: 514048K Free: 277623K (54%)
----------------- Invoking toplevel() on ptolemy.moml.MoMLSimpleApplication@652b140a
----------------- Done invoking toplevel() on ptolemy.moml.MoMLSimpleApplication@652b140a
reloadAllAccessors: .Timer

===========================================================================================
----------------- testing Sat Jan 18 06:51:30 UTC 2020 /home/travis/build/icyphy/ptII/ptolemy/actor/lib/test/auto/TriangularDistTestModel.xml
----------------- Instantiating /home/travis/build/icyphy/ptII/ptolemy/actor/lib/test/auto/TriangularDistTestModel.xml
1 ms. Memory: 514048K Free: 272000K (53%)
----------------- Invoking toplevel() on ptolemy.moml.MoMLSimpleApplication@562220b1
----------------- Done invoking toplevel() on ptolemy.moml.MoMLSimpleApplication@562220b1
reloadAllAccessors: .TriangularDistTestModel

===========================================================================================
----------------- testing Sat Jan 18 06:51:30 UTC 2020 /home/travis/build/icyphy/ptII/ptolemy/actor/lib/test/auto/TrigFunction.xml
----------------- Instantiating /home/travis/build/icyphy/ptII/ptolemy/actor/lib/test/auto/TrigFunction.xml
2 ms. Memory: 514048K Free: 267390K (52%)
----------------- Invoking toplevel() on ptolemy.moml.MoMLSimpleApplication@19874535
----------------- Done invoking toplevel() on ptolemy.moml.MoMLSimpleApplication@19874535
reloadAllAccessors: .TrigFunction

===========================================================================================
----------------- testing Sat Jan 18 06:51:30 UTC 2020 /home/travis/build/icyphy/ptII/ptolemy/actor/lib/test/auto/TrigFunctionDE.xml
----------------- Instantiating /home/travis/build/icyphy/ptII/ptolemy/actor/lib/test/auto/TrigFunctionDE.xml
2 ms. Memory: 514048K Free: 261239K (51%)
----------------- Invoking toplevel() on ptolemy.moml.MoMLSimpleApplication@20a4bf80
----------------- Done invoking toplevel() on ptolemy.moml.MoMLSimpleApplication@20a4bf80
reloadAllAccessors: .TrigFunctionDE

===========================================================================================
----------------- testing Sat Jan 18 06:51:30 UTC 2020 /home/travis/build/icyphy/ptII/ptolemy/actor/lib/test/auto/TrigFunctionInverse.xml
----------------- Instantiating /home/travis/build/icyphy/ptII/ptolemy/actor/lib/test/auto/TrigFunctionInverse.xml
1 ms. Memory: 514048K Free: 256126K (50%)
----------------- Invoking toplevel() on ptolemy.moml.MoMLSimpleApplication@70eda761
----------------- Done invoking toplevel() on ptolemy.moml.MoMLSimpleApplication@70eda761
reloadAllAccessors: .TrigFunctionInverse

===========================================================================================
----------------- testing Sat Jan 18 06:51:30 UTC 2020 /home/travis/build/icyphy/ptII/ptolemy/actor/lib/test/auto/TrigFunctionTan.xml
----------------- Instantiating /home/travis/build/icyphy/ptII/ptolemy/actor/lib/test/auto/TrigFunctionTan.xml
2 ms. Memory: 514048K Free: 252030K (49%)
----------------- Invoking toplevel() on ptolemy.moml.MoMLSimpleApplication@39236754
----------------- Done invoking toplevel() on ptolemy.moml.MoMLSimpleApplication@39236754
reloadAllAccessors: .TrigFunctionTan

===========================================================================================
----------------- testing Sat Jan 18 06:51:30 UTC 2020 /home/travis/build/icyphy/ptII/ptolemy/actor/lib/test/auto/TriggeredClock.xml
----------------- Instantiating /home/travis/build/icyphy/ptII/ptolemy/actor/lib/test/auto/TriggeredClock.xml
1 ms. Memory: 514048K Free: 246400K (48%)
----------------- Invoking toplevel() on ptolemy.moml.MoMLSimpleApplication@5087be39
----------------- Done invoking toplevel() on ptolemy.moml.MoMLSimpleApplication@5087be39
reloadAllAccessors: .TriggeredClock

===========================================================================================
----------------- testing Sat Jan 18 06:51:30 UTC 2020 /home/travis/build/icyphy/ptII/ptolemy/actor/lib/test/auto/URLDirectoryReader.xml
----------------- Instantiating /home/travis/build/icyphy/ptII/ptolemy/actor/lib/test/auto/URLDirectoryReader.xml
28 ms. Memory: 514048K Free: 236670K (46%)
----------------- Invoking toplevel() on ptolemy.moml.MoMLSimpleApplication@154c2e3c
----------------- Done invoking toplevel() on ptolemy.moml.MoMLSimpleApplication@154c2e3c
reloadAllAccessors: .URLDirectoryReader

===========================================================================================
----------------- testing Sat Jan 18 06:51:30 UTC 2020 /home/travis/build/icyphy/ptII/ptolemy/actor/lib/test/auto/URLDirectoryReader3.xml
----------------- Instantiating /home/travis/build/icyphy/ptII/ptolemy/actor/lib/test/auto/URLDirectoryReader3.xml
1445 ms. Memory: 514048K Free: 454982K (89%)
----------------- Invoking toplevel() on ptolemy.moml.MoMLSimpleApplication@480721d3
----------------- Done invoking toplevel() on ptolemy.moml.MoMLSimpleApplication@480721d3
reloadAllAccessors: .URLDirectoryReader3

===========================================================================================
----------------- testing Sat Jan 18 06:51:32 UTC 2020 /home/travis/build/icyphy/ptII/ptolemy/actor/lib/test/auto/UnaryMathFunction.xml
----------------- Instantiating /home/travis/build/icyphy/ptII/ptolemy/actor/lib/test/auto/UnaryMathFunction.xml
2 ms. Memory: 514048K Free: 447300K (87%)
----------------- Invoking toplevel() on ptolemy.moml.MoMLSimpleApplication@1d5f580b
----------------- Done invoking toplevel() on ptolemy.moml.MoMLSimpleApplication@1d5f580b
reloadAllAccessors: .UnaryMathFunction

===========================================================================================
----------------- testing Sat Jan 18 06:51:32 UTC 2020 /home/travis/build/icyphy/ptII/ptolemy/actor/lib/test/auto/Uniform.xml
----------------- Instantiating /home/travis/build/icyphy/ptII/ptolemy/actor/lib/test/auto/Uniform.xml
2 ms. Memory: 514048K Free: 442694K (86%)
----------------- Invoking toplevel() on ptolemy.moml.MoMLSimpleApplication@25ae5fd3
----------------- Done invoking toplevel() on ptolemy.moml.MoMLSimpleApplication@25ae5fd3
reloadAllAccessors: .Uniform

===========================================================================================
----------------- testing Sat Jan 18 06:51:32 UTC 2020 /home/travis/build/icyphy/ptII/ptolemy/actor/lib/test/auto/UnionDisassemblerTest.xml
----------------- Instantiating /home/travis/build/icyphy/ptII/ptolemy/actor/lib/test/auto/UnionDisassemblerTest.xml
14 ms. Memory: 514048K Free: 438598K (85%)
----------------- Invoking toplevel() on ptolemy.moml.MoMLSimpleApplication@70ebe29b
----------------- Done invoking toplevel() on ptolemy.moml.MoMLSimpleApplication@70ebe29b
reloadAllAccessors: .UnionDisassemblerTest

===========================================================================================
----------------- testing Sat Jan 18 06:51:32 UTC 2020 /home/travis/build/icyphy/ptII/ptolemy/actor/lib/test/auto/UtilityFunctions.xml
----------------- Instantiating /home/travis/build/icyphy/ptII/ptolemy/actor/lib/test/auto/UtilityFunctions.xml
1 ms. Memory: 514048K Free: 434997K (85%)
----------------- Invoking toplevel() on ptolemy.moml.MoMLSimpleApplication@569517c5
----------------- Done invoking toplevel() on ptolemy.moml.MoMLSimpleApplication@569517c5
reloadAllAccessors: .UtilityFunctions

===========================================================================================
----------------- testing Sat Jan 18 06:51:32 UTC 2020 /home/travis/build/icyphy/ptII/ptolemy/actor/lib/test/auto/VariableSleep.xml
----------------- Instantiating /home/travis/build/icyphy/ptII/ptolemy/actor/lib/test/auto/VariableSleep.xml
503 ms. Memory: 514048K Free: 429892K (84%)
----------------- Invoking toplevel() on ptolemy.moml.MoMLSimpleApplication@1348acde
----------------- Done invoking toplevel() on ptolemy.moml.MoMLSimpleApplication@1348acde
reloadAllAccessors: .VariableSleep

===========================================================================================
----------------- testing Sat Jan 18 06:51:33 UTC 2020 /home/travis/build/icyphy/ptII/ptolemy/actor/lib/test/auto/VectorAssemblerDisassemblerCT.xml
----------------- Instantiating /home/travis/build/icyphy/ptII/ptolemy/actor/lib/test/auto/VectorAssemblerDisassemblerCT.xml
64 ms. Memory: 514048K Free: 409926K (80%)
----------------- Invoking toplevel() on ptolemy.moml.MoMLSimpleApplication@208e7751
----------------- Done invoking toplevel() on ptolemy.moml.MoMLSimpleApplication@208e7751
reloadAllAccessors: .VectorAssemblerDisassemblerCT

===========================================================================================
----------------- testing Sat Jan 18 06:51:33 UTC 2020 /home/travis/build/icyphy/ptII/ptolemy/actor/lib/test/auto/VectorAssemblerDisassemblerDE.xml
----------------- Instantiating /home/travis/build/icyphy/ptII/ptolemy/actor/lib/test/auto/VectorAssemblerDisassemblerDE.xml
2 ms. Memory: 514048K Free: 402758K (78%)
----------------- Invoking toplevel() on ptolemy.moml.MoMLSimpleApplication@3101019
----------------- Done invoking toplevel() on ptolemy.moml.MoMLSimpleApplication@3101019
reloadAllAccessors: .VectorAssemblerDisassemblerDE

===========================================================================================
----------------- testing Sat Jan 18 06:51:33 UTC 2020 /home/travis/build/icyphy/ptII/ptolemy/actor/lib/test/auto/VectorAssemblerDisassemblerSDF.xml
----------------- Instantiating /home/travis/build/icyphy/ptII/ptolemy/actor/lib/test/auto/VectorAssemblerDisassemblerSDF.xml
2 ms. Memory: 514048K Free: 396614K (77%)
----------------- Invoking toplevel() on ptolemy.moml.MoMLSimpleApplication@214c3f23
----------------- Done invoking toplevel() on ptolemy.moml.MoMLSimpleApplication@214c3f23
reloadAllAccessors: .VectorAssemblerDisassemblerSDF

===========================================================================================
----------------- testing Sat Jan 18 06:51:33 UTC 2020 /home/travis/build/icyphy/ptII/ptolemy/actor/lib/test/auto/WallClockTime.xml
----------------- Instantiating /home/travis/build/icyphy/ptII/ptolemy/actor/lib/test/auto/WallClockTime.xml
1004 ms. Memory: 514048K Free: 390980K (76%)
----------------- Invoking toplevel() on ptolemy.moml.MoMLSimpleApplication@30023c51
----------------- Done invoking toplevel() on ptolemy.moml.MoMLSimpleApplication@30023c51
reloadAllAccessors: .WallClockTime

===========================================================================================
----------------- testing Sat Jan 18 06:51:34 UTC 2020 /home/travis/build/icyphy/ptII/ptolemy/actor/lib/test/auto/WidthTestWithSubscriberPublisher.xml
----------------- Instantiating /home/travis/build/icyphy/ptII/ptolemy/actor/lib/test/auto/WidthTestWithSubscriberPublisher.xml
6 ms. Memory: 514048K Free: 373572K (73%)
----------------- Invoking toplevel() on ptolemy.moml.MoMLSimpleApplication@1139f766
----------------- Done invoking toplevel() on ptolemy.moml.MoMLSimpleApplication@1139f766
reloadAllAccessors: .WidthTestWithSubscriberPublisher

===========================================================================================
----------------- testing Sat Jan 18 06:51:34 UTC 2020 /home/travis/build/icyphy/ptII/ptolemy/actor/lib/test/auto/WidthTestWithSubscriberPublisher2.xml
----------------- Instantiating /home/travis/build/icyphy/ptII/ptolemy/actor/lib/test/auto/WidthTestWithSubscriberPublisher2.xml
3 ms. Memory: 514048K Free: 367428K (71%)
----------------- Invoking toplevel() on ptolemy.moml.MoMLSimpleApplication@7b3ea478
----------------- Done invoking toplevel() on ptolemy.moml.MoMLSimpleApplication@7b3ea478
reloadAllAccessors: .WidthTestWithSubscriberPublisher2

===========================================================================================
----------------- testing Sat Jan 18 06:51:34 UTC 2020 /home/travis/build/icyphy/ptII/ptolemy/actor/lib/test/auto/WidthTestWithSubscriberPublisher3.xml
----------------- Instantiating /home/travis/build/icyphy/ptII/ptolemy/actor/lib/test/auto/WidthTestWithSubscriberPublisher3.xml
2 ms. Memory: 514048K Free: 361798K (70%)
----------------- Invoking toplevel() on ptolemy.moml.MoMLSimpleApplication@3fde2bab
----------------- Done invoking toplevel() on ptolemy.moml.MoMLSimpleApplication@3fde2bab
reloadAllAccessors: .WidthTestWithSubscriberPublisher3

===========================================================================================
----------------- testing Sat Jan 18 06:51:34 UTC 2020 /home/travis/build/icyphy/ptII/ptolemy/actor/lib/test/auto/Writer.xml
----------------- Instantiating /home/travis/build/icyphy/ptII/ptolemy/actor/lib/test/auto/Writer.xml
0
1
2
3
4
1 ms. Memory: 514048K Free: 357702K (70%)
----------------- Invoking toplevel() on ptolemy.moml.MoMLSimpleApplication@6b9643b2
----------------- Done invoking toplevel() on ptolemy.moml.MoMLSimpleApplication@6b9643b2
reloadAllAccessors: .Writer

===========================================================================================
----------------- testing Sat Jan 18 06:51:34 UTC 2020 /home/travis/build/icyphy/ptII/ptolemy/actor/lib/test/auto/array.xml
----------------- Instantiating /home/travis/build/icyphy/ptII/ptolemy/actor/lib/test/auto/array.xml
2 ms. Memory: 514048K Free: 353092K (69%)
----------------- Invoking toplevel() on ptolemy.moml.MoMLSimpleApplication@5ef47000
----------------- Done invoking toplevel() on ptolemy.moml.MoMLSimpleApplication@5ef47000
reloadAllAccessors: .array

===========================================================================================
----------------- testing Sat Jan 18 06:51:34 UTC 2020 /home/travis/build/icyphy/ptII/ptolemy/actor/lib/test/auto/array2.xml
----------------- Instantiating /home/travis/build/icyphy/ptII/ptolemy/actor/lib/test/auto/array2.xml
6 ms. Memory: 514048K Free: 347957K (68%)
----------------- Invoking toplevel() on ptolemy.moml.MoMLSimpleApplication@1fbc9b58
----------------- Done invoking toplevel() on ptolemy.moml.MoMLSimpleApplication@1fbc9b58
reloadAllAccessors: .array2

===========================================================================================
----------------- testing Sat Jan 18 06:51:34 UTC 2020 /home/travis/build/icyphy/ptII/ptolemy/actor/lib/test/auto/arrayType.xml
----------------- Instantiating /home/travis/build/icyphy/ptII/ptolemy/actor/lib/test/auto/arrayType.xml
1 ms. Memory: 514048K Free: 342852K (67%)
----------------- Invoking toplevel() on ptolemy.moml.MoMLSimpleApplication@5e6e14f2
----------------- Done invoking toplevel() on ptolemy.moml.MoMLSimpleApplication@5e6e14f2
reloadAllAccessors: .arrayType

===========================================================================================
----------------- testing Sat Jan 18 06:51:34 UTC 2020 /home/travis/build/icyphy/ptII/ptolemy/actor/lib/test/auto/arrayType10.xml
----------------- Instantiating /home/travis/build/icyphy/ptII/ptolemy/actor/lib/test/auto/arrayType10.xml
1 ms. Memory: 514048K Free: 337222K (66%)
----------------- Invoking toplevel() on ptolemy.moml.MoMLSimpleApplication@2d5e316f
----------------- Done invoking toplevel() on ptolemy.moml.MoMLSimpleApplication@2d5e316f
reloadAllAccessors: .arrayType10

===========================================================================================
----------------- testing Sat Jan 18 06:51:34 UTC 2020 /home/travis/build/icyphy/ptII/ptolemy/actor/lib/test/auto/arrayType11.xml
----------------- Instantiating /home/travis/build/icyphy/ptII/ptolemy/actor/lib/test/auto/arrayType11.xml
1 ms. Memory: 514048K Free: 332612K (65%)
----------------- Invoking toplevel() on ptolemy.moml.MoMLSimpleApplication@3ab4ca7e
----------------- Done invoking toplevel() on ptolemy.moml.MoMLSimpleApplication@3ab4ca7e
reloadAllAccessors: .arrayType11

===========================================================================================
----------------- testing Sat Jan 18 06:51:34 UTC 2020 /home/travis/build/icyphy/ptII/ptolemy/actor/lib/test/auto/arrayType12.xml
----------------- Instantiating /home/travis/build/icyphy/ptII/ptolemy/actor/lib/test/auto/arrayType12.xml
2 ms. Memory: 514048K Free: 328006K (64%)
----------------- Invoking toplevel() on ptolemy.moml.MoMLSimpleApplication@7bf810fa
----------------- Done invoking toplevel() on ptolemy.moml.MoMLSimpleApplication@7bf810fa
reloadAllAccessors: .arrayType12

===========================================================================================
----------------- testing Sat Jan 18 06:51:34 UTC 2020 /home/travis/build/icyphy/ptII/ptolemy/actor/lib/test/auto/arrayType13.xml
----------------- Instantiating /home/travis/build/icyphy/ptII/ptolemy/actor/lib/test/auto/arrayType13.xml
1 ms. Memory: 514048K Free: 322372K (63%)
----------------- Invoking toplevel() on ptolemy.moml.MoMLSimpleApplication@2fe53fd5
----------------- Done invoking toplevel() on ptolemy.moml.MoMLSimpleApplication@2fe53fd5
reloadAllAccessors: .arrayType13

===========================================================================================
----------------- testing Sat Jan 18 06:51:34 UTC 2020 /home/travis/build/icyphy/ptII/ptolemy/actor/lib/test/auto/arrayType14.xml
----------------- Instantiating /home/travis/build/icyphy/ptII/ptolemy/actor/lib/test/auto/arrayType14.xml
1 ms. Memory: 514048K Free: 317252K (62%)
----------------- Invoking toplevel() on ptolemy.moml.MoMLSimpleApplication@9eb655a
----------------- Done invoking toplevel() on ptolemy.moml.MoMLSimpleApplication@9eb655a
reloadAllAccessors: .arrayType14

===========================================================================================
----------------- testing Sat Jan 18 06:51:34 UTC 2020 /home/travis/build/icyphy/ptII/ptolemy/actor/lib/test/auto/arrayType15.xml
----------------- Instantiating /home/travis/build/icyphy/ptII/ptolemy/actor/lib/test/auto/arrayType15.xml
2 ms. Memory: 514048K Free: 312132K (61%)
----------------- Invoking toplevel() on ptolemy.moml.MoMLSimpleApplication@5b0c0b8f
----------------- Done invoking toplevel() on ptolemy.moml.MoMLSimpleApplication@5b0c0b8f
reloadAllAccessors: .arrayType15

===========================================================================================
----------------- testing Sat Jan 18 06:51:34 UTC 2020 /home/travis/build/icyphy/ptII/ptolemy/actor/lib/test/auto/arrayType16.xml
----------------- Instantiating /home/travis/build/icyphy/ptII/ptolemy/actor/lib/test/auto/arrayType16.xml
1 ms. Memory: 514048K Free: 307012K (60%)
----------------- Invoking toplevel() on ptolemy.moml.MoMLSimpleApplication@48418c83
----------------- Done invoking toplevel() on ptolemy.moml.MoMLSimpleApplication@48418c83
reloadAllAccessors: .arrayType16

===========================================================================================
----------------- testing Sat Jan 18 06:51:34 UTC 2020 /home/travis/build/icyphy/ptII/ptolemy/actor/lib/test/auto/arrayType17.xml
----------------- Instantiating /home/travis/build/icyphy/ptII/ptolemy/actor/lib/test/auto/arrayType17.xml
1 ms. Memory: 514048K Free: 301892K (59%)
----------------- Invoking toplevel() on ptolemy.moml.MoMLSimpleApplication@3bbe650d
----------------- Done invoking toplevel() on ptolemy.moml.MoMLSimpleApplication@3bbe650d
reloadAllAccessors: .arrayType17

===========================================================================================
----------------- testing Sat Jan 18 06:51:34 UTC 2020 /home/travis/build/icyphy/ptII/ptolemy/actor/lib/test/auto/arrayType18.xml
----------------- Instantiating /home/travis/build/icyphy/ptII/ptolemy/actor/lib/test/auto/arrayType18.xml
1 ms. Memory: 514048K Free: 296772K (58%)
----------------- Invoking toplevel() on ptolemy.moml.MoMLSimpleApplication@bf6da56
----------------- Done invoking toplevel() on ptolemy.moml.MoMLSimpleApplication@bf6da56
reloadAllAccessors: .arrayType18

===========================================================================================
----------------- testing Sat Jan 18 06:51:34 UTC 2020 /home/travis/build/icyphy/ptII/ptolemy/actor/lib/test/auto/arrayType19.xml
----------------- Instantiating /home/travis/build/icyphy/ptII/ptolemy/actor/lib/test/auto/arrayType19.xml
1 ms. Memory: 514048K Free: 292166K (57%)
----------------- Invoking toplevel() on ptolemy.moml.MoMLSimpleApplication@43484476
----------------- Done invoking toplevel() on ptolemy.moml.MoMLSimpleApplication@43484476
reloadAllAccessors: .arrayType19

===========================================================================================
----------------- testing Sat Jan 18 06:51:34 UTC 2020 /home/travis/build/icyphy/ptII/ptolemy/actor/lib/test/auto/arrayType2.xml
----------------- Instantiating /home/travis/build/icyphy/ptII/ptolemy/actor/lib/test/auto/arrayType2.xml
2 ms. Memory: 514048K Free: 287046K (56%)
----------------- Invoking toplevel() on ptolemy.moml.MoMLSimpleApplication@1f0eeb8f
----------------- Done invoking toplevel() on ptolemy.moml.MoMLSimpleApplication@1f0eeb8f
reloadAllAccessors: .arrayType2

===========================================================================================
----------------- testing Sat Jan 18 06:51:34 UTC 2020 /home/travis/build/icyphy/ptII/ptolemy/actor/lib/test/auto/arrayType20.xml
----------------- Instantiating /home/travis/build/icyphy/ptII/ptolemy/actor/lib/test/auto/arrayType20.xml
2 ms. Memory: 514048K Free: 281926K (55%)
----------------- Invoking toplevel() on ptolemy.moml.MoMLSimpleApplication@5a9d8943
----------------- Done invoking toplevel() on ptolemy.moml.MoMLSimpleApplication@5a9d8943
reloadAllAccessors: .arrayType20

===========================================================================================
----------------- testing Sat Jan 18 06:51:34 UTC 2020 /home/travis/build/icyphy/ptII/ptolemy/actor/lib/test/auto/arrayType21.xml
----------------- Instantiating /home/travis/build/icyphy/ptII/ptolemy/actor/lib/test/auto/arrayType21.xml
1 ms. Memory: 514048K Free: 276806K (54%)
----------------- Invoking toplevel() on ptolemy.moml.MoMLSimpleApplication@b97e76f
----------------- Done invoking toplevel() on ptolemy.moml.MoMLSimpleApplication@b97e76f
reloadAllAccessors: .arrayType21

===========================================================================================
----------------- testing Sat Jan 18 06:51:34 UTC 2020 /home/travis/build/icyphy/ptII/ptolemy/actor/lib/test/auto/arrayType22.xml
----------------- Instantiating /home/travis/build/icyphy/ptII/ptolemy/actor/lib/test/auto/arrayType22.xml
2 ms. Memory: 514048K Free: 272196K (53%)
----------------- Invoking toplevel() on ptolemy.moml.MoMLSimpleApplication@7dc542c3
----------------- Done invoking toplevel() on ptolemy.moml.MoMLSimpleApplication@7dc542c3
reloadAllAccessors: .arrayType22

===========================================================================================
----------------- testing Sat Jan 18 06:51:34 UTC 2020 /home/travis/build/icyphy/ptII/ptolemy/actor/lib/test/auto/arrayType23.xml
----------------- Instantiating /home/travis/build/icyphy/ptII/ptolemy/actor/lib/test/auto/arrayType23.xml
1 ms. Memory: 514048K Free: 267590K (52%)
----------------- Invoking toplevel() on ptolemy.moml.MoMLSimpleApplication@290c5b9
----------------- Done invoking toplevel() on ptolemy.moml.MoMLSimpleApplication@290c5b9
reloadAllAccessors: .arrayType23

===========================================================================================
----------------- testing Sat Jan 18 06:51:34 UTC 2020 /home/travis/build/icyphy/ptII/ptolemy/actor/lib/test/auto/arrayType24.xml
----------------- Instantiating /home/travis/build/icyphy/ptII/ptolemy/actor/lib/test/auto/arrayType24.xml
2 ms. Memory: 514048K Free: 262980K (51%)
----------------- Invoking toplevel() on ptolemy.moml.MoMLSimpleApplication@7b8102fd
----------------- Done invoking toplevel() on ptolemy.moml.MoMLSimpleApplication@7b8102fd
reloadAllAccessors: .arrayType24

===========================================================================================
----------------- testing Sat Jan 18 06:51:34 UTC 2020 /home/travis/build/icyphy/ptII/ptolemy/actor/lib/test/auto/arrayType25.xml
----------------- Instantiating /home/travis/build/icyphy/ptII/ptolemy/actor/lib/test/auto/arrayType25.xml
1 ms. Memory: 514048K Free: 257860K (50%)
----------------- Invoking toplevel() on ptolemy.moml.MoMLSimpleApplication@51d3b83c
----------------- Done invoking toplevel() on ptolemy.moml.MoMLSimpleApplication@51d3b83c
reloadAllAccessors: .arrayType25

===========================================================================================
----------------- testing Sat Jan 18 06:51:34 UTC 2020 /home/travis/build/icyphy/ptII/ptolemy/actor/lib/test/auto/arrayType26.xml
----------------- Instantiating /home/travis/build/icyphy/ptII/ptolemy/actor/lib/test/auto/arrayType26.xml
2 ms. Memory: 514048K Free: 252230K (49%)
----------------- Invoking toplevel() on ptolemy.moml.MoMLSimpleApplication@1b2621c4
----------------- Done invoking toplevel() on ptolemy.moml.MoMLSimpleApplication@1b2621c4
reloadAllAccessors: .arrayType26

===========================================================================================
----------------- testing Sat Jan 18 06:51:34 UTC 2020 /home/travis/build/icyphy/ptII/ptolemy/actor/lib/test/auto/arrayType27.xml
----------------- Instantiating /home/travis/build/icyphy/ptII/ptolemy/actor/lib/test/auto/arrayType27.xml
2 ms. Memory: 514048K Free: 247110K (48%)
----------------- Invoking toplevel() on ptolemy.moml.MoMLSimpleApplication@7eee3fd5
----------------- Done invoking toplevel() on ptolemy.moml.MoMLSimpleApplication@7eee3fd5
reloadAllAccessors: .arrayType27

===========================================================================================
----------------- testing Sat Jan 18 06:51:34 UTC 2020 /home/travis/build/icyphy/ptII/ptolemy/actor/lib/test/auto/arrayType28.xml
----------------- Instantiating /home/travis/build/icyphy/ptII/ptolemy/actor/lib/test/auto/arrayType28.xml
1 ms. Memory: 514048K Free: 241990K (47%)
----------------- Invoking toplevel() on ptolemy.moml.MoMLSimpleApplication@686304f0
----------------- Done invoking toplevel() on ptolemy.moml.MoMLSimpleApplication@686304f0
reloadAllAccessors: .arrayType28

===========================================================================================
----------------- testing Sat Jan 18 06:51:34 UTC 2020 /home/travis/build/icyphy/ptII/ptolemy/actor/lib/test/auto/arrayType3.xml
----------------- Instantiating /home/travis/build/icyphy/ptII/ptolemy/actor/lib/test/auto/arrayType3.xml
2 ms. Memory: 514048K Free: 236870K (46%)
----------------- Invoking toplevel() on ptolemy.moml.MoMLSimpleApplication@1e36f632
----------------- Done invoking toplevel() on ptolemy.moml.MoMLSimpleApplication@1e36f632
reloadAllAccessors: .arrayType3

===========================================================================================
----------------- testing Sat Jan 18 06:51:34 UTC 2020 /home/travis/build/icyphy/ptII/ptolemy/actor/lib/test/auto/arrayType4.xml
----------------- Instantiating /home/travis/build/icyphy/ptII/ptolemy/actor/lib/test/auto/arrayType4.xml
1 ms. Memory: 514048K Free: 231236K (45%)
----------------- Invoking toplevel() on ptolemy.moml.MoMLSimpleApplication@78526823
----------------- Done invoking toplevel() on ptolemy.moml.MoMLSimpleApplication@78526823
reloadAllAccessors: .arrayType4

===========================================================================================
----------------- testing Sat Jan 18 06:51:34 UTC 2020 /home/travis/build/icyphy/ptII/ptolemy/actor/lib/test/auto/arrayType5.xml
----------------- Instantiating /home/travis/build/icyphy/ptII/ptolemy/actor/lib/test/auto/arrayType5.xml
2 ms. Memory: 514048K Free: 226116K (44%)
----------------- Invoking toplevel() on ptolemy.moml.MoMLSimpleApplication@57d1b6dd
----------------- Done invoking toplevel() on ptolemy.moml.MoMLSimpleApplication@57d1b6dd
reloadAllAccessors: .arrayType5

===========================================================================================
----------------- testing Sat Jan 18 06:51:34 UTC 2020 /home/travis/build/icyphy/ptII/ptolemy/actor/lib/test/auto/arrayType6.xml
----------------- Instantiating /home/travis/build/icyphy/ptII/ptolemy/actor/lib/test/auto/arrayType6.xml
2 ms. Memory: 514048K Free: 221510K (43%)
----------------- Invoking toplevel() on ptolemy.moml.MoMLSimpleApplication@353919e5
----------------- Done invoking toplevel() on ptolemy.moml.MoMLSimpleApplication@353919e5
reloadAllAccessors: .arrayType6

===========================================================================================
----------------- testing Sat Jan 18 06:51:34 UTC 2020 /home/travis/build/icyphy/ptII/ptolemy/actor/lib/test/auto/arrayType7.xml
----------------- Instantiating /home/travis/build/icyphy/ptII/ptolemy/actor/lib/test/auto/arrayType7.xml
5 ms. Memory: 514048K Free: 216900K (42%)
----------------- Invoking toplevel() on ptolemy.moml.MoMLSimpleApplication@b8f7a99
----------------- Done invoking toplevel() on ptolemy.moml.MoMLSimpleApplication@b8f7a99
reloadAllAccessors: .arrayType7

===========================================================================================
----------------- testing Sat Jan 18 06:51:34 UTC 2020 /home/travis/build/icyphy/ptII/ptolemy/actor/lib/test/auto/arrayType8.xml
----------------- Instantiating /home/travis/build/icyphy/ptII/ptolemy/actor/lib/test/auto/arrayType8.xml
1 ms. Memory: 514048K Free: 211270K (41%)
----------------- Invoking toplevel() on ptolemy.moml.MoMLSimpleApplication@7dc6b2e6
----------------- Done invoking toplevel() on ptolemy.moml.MoMLSimpleApplication@7dc6b2e6
reloadAllAccessors: .arrayType8

===========================================================================================
----------------- testing Sat Jan 18 06:51:34 UTC 2020 /home/travis/build/icyphy/ptII/ptolemy/actor/lib/test/auto/arrayType9.xml
----------------- Instantiating /home/travis/build/icyphy/ptII/ptolemy/actor/lib/test/auto/arrayType9.xml
2 ms. Memory: 514048K Free: 206660K (40%)
----------------- Invoking toplevel() on ptolemy.moml.MoMLSimpleApplication@1abe2f87
----------------- Done invoking toplevel() on ptolemy.moml.MoMLSimpleApplication@1abe2f87
reloadAllAccessors: .arrayType9

===========================================================================================
----------------- testing Sat Jan 18 06:51:34 UTC 2020 /home/travis/build/icyphy/ptII/ptolemy/actor/lib/test/auto/cast.xml
----------------- Instantiating /home/travis/build/icyphy/ptII/ptolemy/actor/lib/test/auto/cast.xml
1 ms. Memory: 514048K Free: 202054K (39%)
----------------- Invoking toplevel() on ptolemy.moml.MoMLSimpleApplication@558122de
----------------- Done invoking toplevel() on ptolemy.moml.MoMLSimpleApplication@558122de
reloadAllAccessors: .cast

===========================================================================================
----------------- testing Sat Jan 18 06:51:34 UTC 2020 /home/travis/build/icyphy/ptII/ptolemy/actor/lib/test/auto/compositeMultiPort.xml
----------------- Instantiating /home/travis/build/icyphy/ptII/ptolemy/actor/lib/test/auto/compositeMultiPort.xml
3 ms. Memory: 514048K Free: 193317K (38%)
----------------- Invoking toplevel() on ptolemy.moml.MoMLSimpleApplication@4b7baa6e
----------------- Done invoking toplevel() on ptolemy.moml.MoMLSimpleApplication@4b7baa6e
reloadAllAccessors: .compositeMultiPort

===========================================================================================
----------------- testing Sat Jan 18 06:51:34 UTC 2020 /home/travis/build/icyphy/ptII/ptolemy/actor/lib/test/auto/expressionCastInference.xml
----------------- Instantiating /home/travis/build/icyphy/ptII/ptolemy/actor/lib/test/auto/expressionCastInference.xml
2 ms. Memory: 514048K Free: 188228K (37%)
----------------- Invoking toplevel() on ptolemy.moml.MoMLSimpleApplication@7d799d88
----------------- Done invoking toplevel() on ptolemy.moml.MoMLSimpleApplication@7d799d88
reloadAllAccessors: .expressionCastInference

===========================================================================================
----------------- testing Sat Jan 18 06:51:34 UTC 2020 /home/travis/build/icyphy/ptII/ptolemy/actor/lib/test/auto/expressionCastInference2.xml
----------------- Instantiating /home/travis/build/icyphy/ptII/ptolemy/actor/lib/test/auto/expressionCastInference2.xml
1 ms. Memory: 514048K Free: 183622K (36%)
----------------- Invoking toplevel() on ptolemy.moml.MoMLSimpleApplication@354d5723
----------------- Done invoking toplevel() on ptolemy.moml.MoMLSimpleApplication@354d5723
reloadAllAccessors: .expressionCastInference2

===========================================================================================
----------------- testing Sat Jan 18 06:51:34 UTC 2020 /home/travis/build/icyphy/ptII/ptolemy/actor/lib/test/auto/expressionInference.xml
----------------- Instantiating /home/travis/build/icyphy/ptII/ptolemy/actor/lib/test/auto/expressionInference.xml
1 ms. Memory: 514048K Free: 179526K (35%)
----------------- Invoking toplevel() on ptolemy.moml.MoMLSimpleApplication@16ceefcf
----------------- Done invoking toplevel() on ptolemy.moml.MoMLSimpleApplication@16ceefcf
reloadAllAccessors: .expressionInference

===========================================================================================
----------------- testing Sat Jan 18 06:51:34 UTC 2020 /home/travis/build/icyphy/ptII/ptolemy/actor/lib/test/auto/expression_bug.xml
----------------- Instantiating /home/travis/build/icyphy/ptII/ptolemy/actor/lib/test/auto/expression_bug.xml
1 ms. Memory: 514048K Free: 174916K (34%)
----------------- Invoking toplevel() on ptolemy.moml.MoMLSimpleApplication@26edf5d7
----------------- Done invoking toplevel() on ptolemy.moml.MoMLSimpleApplication@26edf5d7
reloadAllAccessors: .expression_bug

===========================================================================================
----------------- testing Sat Jan 18 06:51:34 UTC 2020 /home/travis/build/icyphy/ptII/ptolemy/actor/lib/test/auto/factorial.xml
----------------- Instantiating /home/travis/build/icyphy/ptII/ptolemy/actor/lib/test/auto/factorial.xml
32 ms. Memory: 514048K Free: 166724K (32%)
----------------- Invoking toplevel() on ptolemy.moml.MoMLSimpleApplication@10fa128
----------------- Done invoking toplevel() on ptolemy.moml.MoMLSimpleApplication@10fa128
reloadAllAccessors: .factorial

===========================================================================================
----------------- testing Sat Jan 18 06:51:34 UTC 2020 /home/travis/build/icyphy/ptII/ptolemy/actor/lib/test/auto/filterTest1.xml
----------------- Instantiating /home/travis/build/icyphy/ptII/ptolemy/actor/lib/test/auto/filterTest1.xml
3 ms. Memory: 514048K Free: 161094K (31%)
----------------- Invoking toplevel() on ptolemy.moml.MoMLSimpleApplication@3bb6dbbe
----------------- Done invoking toplevel() on ptolemy.moml.MoMLSimpleApplication@3bb6dbbe
reloadAllAccessors: .filterTest1

===========================================================================================
----------------- testing Sat Jan 18 06:51:34 UTC 2020 /home/travis/build/icyphy/ptII/ptolemy/actor/lib/test/auto/funcApplyInConst.xml
----------------- Instantiating /home/travis/build/icyphy/ptII/ptolemy/actor/lib/test/auto/funcApplyInConst.xml
22 ms. Memory: 514048K Free: 459262K (89%)
----------------- Invoking toplevel() on ptolemy.moml.MoMLSimpleApplication@23531fc8
----------------- Done invoking toplevel() on ptolemy.moml.MoMLSimpleApplication@23531fc8
reloadAllAccessors: .funcApplyInConst

===========================================================================================
----------------- testing Sat Jan 18 06:51:35 UTC 2020 /home/travis/build/icyphy/ptII/ptolemy/actor/lib/test/auto/funcApplyInExpr.xml
----------------- Instantiating /home/travis/build/icyphy/ptII/ptolemy/actor/lib/test/auto/funcApplyInExpr.xml
2 ms. Memory: 514048K Free: 454656K (88%)
----------------- Invoking toplevel() on ptolemy.moml.MoMLSimpleApplication@62e44e55
----------------- Done invoking toplevel() on ptolemy.moml.MoMLSimpleApplication@62e44e55
reloadAllAccessors: .funcApplyInExpr

===========================================================================================
----------------- testing Sat Jan 18 06:51:35 UTC 2020 /home/travis/build/icyphy/ptII/ptolemy/actor/lib/test/auto/function.xml
----------------- Instantiating /home/travis/build/icyphy/ptII/ptolemy/actor/lib/test/auto/function.xml
2 ms. Memory: 514048K Free: 449536K (87%)
----------------- Invoking toplevel() on ptolemy.moml.MoMLSimpleApplication@29b54d4
----------------- Done invoking toplevel() on ptolemy.moml.MoMLSimpleApplication@29b54d4
reloadAllAccessors: .function

===========================================================================================
----------------- testing Sat Jan 18 06:51:35 UTC 2020 /home/travis/build/icyphy/ptII/ptolemy/actor/lib/test/auto/function2.xml
----------------- Instantiating /home/travis/build/icyphy/ptII/ptolemy/actor/lib/test/auto/function2.xml
2 ms. Memory: 514048K Free: 444926K (87%)
----------------- Invoking toplevel() on ptolemy.moml.MoMLSimpleApplication@1205afe0
----------------- Done invoking toplevel() on ptolemy.moml.MoMLSimpleApplication@1205afe0
reloadAllAccessors: .function2

===========================================================================================
----------------- testing Sat Jan 18 06:51:35 UTC 2020 /home/travis/build/icyphy/ptII/ptolemy/actor/lib/test/auto/function3.xml
----------------- Instantiating /home/travis/build/icyphy/ptII/ptolemy/actor/lib/test/auto/function3.xml
2 ms. Memory: 514048K Free: 441344K (86%)
----------------- Invoking toplevel() on ptolemy.moml.MoMLSimpleApplication@78a91a8e
----------------- Done invoking toplevel() on ptolemy.moml.MoMLSimpleApplication@78a91a8e
reloadAllAccessors: .function3

===========================================================================================
----------------- testing Sat Jan 18 06:51:35 UTC 2020 /home/travis/build/icyphy/ptII/ptolemy/actor/lib/test/auto/functionClosureTest1.xml
----------------- Instantiating /home/travis/build/icyphy/ptII/ptolemy/actor/lib/test/auto/functionClosureTest1.xml
2 ms. Memory: 514048K Free: 435703K (85%)
----------------- Invoking toplevel() on ptolemy.moml.MoMLSimpleApplication@2c1710a3
----------------- Done invoking toplevel() on ptolemy.moml.MoMLSimpleApplication@2c1710a3
reloadAllAccessors: .functionClosureTest1

===========================================================================================
----------------- testing Sat Jan 18 06:51:35 UTC 2020 /home/travis/build/icyphy/ptII/ptolemy/actor/lib/test/auto/functionClosureTest2.xml
----------------- Instantiating /home/travis/build/icyphy/ptII/ptolemy/actor/lib/test/auto/functionClosureTest2.xml
1 ms. Memory: 514048K Free: 431614K (84%)
----------------- Invoking toplevel() on ptolemy.moml.MoMLSimpleApplication@54336a55
----------------- Done invoking toplevel() on ptolemy.moml.MoMLSimpleApplication@54336a55
reloadAllAccessors: .functionClosureTest2

===========================================================================================
----------------- testing Sat Jan 18 06:51:35 UTC 2020 /home/travis/build/icyphy/ptII/ptolemy/actor/lib/test/auto/functionClosureTest3.xml
----------------- Instantiating /home/travis/build/icyphy/ptII/ptolemy/actor/lib/test/auto/functionClosureTest3.xml
4 ms. Memory: 514048K Free: 426494K (83%)
----------------- Invoking toplevel() on ptolemy.moml.MoMLSimpleApplication@5df9866b
----------------- Done invoking toplevel() on ptolemy.moml.MoMLSimpleApplication@5df9866b
reloadAllAccessors: .functionClosureTest3

===========================================================================================
----------------- testing Sat Jan 18 06:51:35 UTC 2020 /home/travis/build/icyphy/ptII/ptolemy/actor/lib/test/auto/functionClosureTest4.xml
----------------- Instantiating /home/travis/build/icyphy/ptII/ptolemy/actor/lib/test/auto/functionClosureTest4.xml
7 ms. Memory: 514048K Free: 420350K (82%)
----------------- Invoking toplevel() on ptolemy.moml.MoMLSimpleApplication@617626e1
----------------- Done invoking toplevel() on ptolemy.moml.MoMLSimpleApplication@617626e1
reloadAllAccessors: .functionClosureTest4

===========================================================================================
----------------- testing Sat Jan 18 06:51:35 UTC 2020 /home/travis/build/icyphy/ptII/ptolemy/actor/lib/test/auto/functionClosureTest5.xml
----------------- Instantiating /home/travis/build/icyphy/ptII/ptolemy/actor/lib/test/auto/functionClosureTest5.xml
4 ms. Memory: 514048K Free: 414720K (81%)
----------------- Invoking toplevel() on ptolemy.moml.MoMLSimpleApplication@790e076d
----------------- Done invoking toplevel() on ptolemy.moml.MoMLSimpleApplication@790e076d
reloadAllAccessors: .functionClosureTest5

===========================================================================================
----------------- testing Sat Jan 18 06:51:35 UTC 2020 /home/travis/build/icyphy/ptII/ptolemy/actor/lib/test/auto/functionClosureTest6.xml
----------------- Instantiating /home/travis/build/icyphy/ptII/ptolemy/actor/lib/test/auto/functionClosureTest6.xml
1 ms. Memory: 514048K Free: 410095K (80%)
----------------- Invoking toplevel() on ptolemy.moml.MoMLSimpleApplication@26fbc1ca
----------------- Done invoking toplevel() on ptolemy.moml.MoMLSimpleApplication@26fbc1ca
reloadAllAccessors: .functionClosureTest6

===========================================================================================
----------------- testing Sat Jan 18 06:51:35 UTC 2020 /home/travis/build/icyphy/ptII/ptolemy/actor/lib/test/auto/functionsOnArcs.xml
----------------- Instantiating /home/travis/build/icyphy/ptII/ptolemy/actor/lib/test/auto/functionsOnArcs.xml
2 ms. Memory: 514048K Free: 404990K (79%)
----------------- Invoking toplevel() on ptolemy.moml.MoMLSimpleApplication@42879ea3
----------------- Done invoking toplevel() on ptolemy.moml.MoMLSimpleApplication@42879ea3
reloadAllAccessors: .functionsOnArcs

===========================================================================================
----------------- testing Sat Jan 18 06:51:35 UTC 2020 /home/travis/build/icyphy/ptII/ptolemy/actor/lib/test/auto/functionsOnArcsHOF.xml
----------------- Instantiating /home/travis/build/icyphy/ptII/ptolemy/actor/lib/test/auto/functionsOnArcsHOF.xml
3 ms. Memory: 514048K Free: 398846K (78%)
----------------- Invoking toplevel() on ptolemy.moml.MoMLSimpleApplication@4c83e90b
----------------- Done invoking toplevel() on ptolemy.moml.MoMLSimpleApplication@4c83e90b
reloadAllAccessors: .functionsOnArcsHOF

===========================================================================================
----------------- testing Sat Jan 18 06:51:35 UTC 2020 /home/travis/build/icyphy/ptII/ptolemy/actor/lib/test/auto/logic.xml
----------------- Instantiating /home/travis/build/icyphy/ptII/ptolemy/actor/lib/test/auto/logic.xml
2 ms. Memory: 514048K Free: 391678K (76%)
----------------- Invoking toplevel() on ptolemy.moml.MoMLSimpleApplication@55a21fe
----------------- Done invoking toplevel() on ptolemy.moml.MoMLSimpleApplication@55a21fe
reloadAllAccessors: .logic

===========================================================================================
----------------- testing Sat Jan 18 06:51:35 UTC 2020 /home/travis/build/icyphy/ptII/ptolemy/actor/lib/test/auto/matrixType.xml
----------------- Instantiating /home/travis/build/icyphy/ptII/ptolemy/actor/lib/test/auto/matrixType.xml
2 ms. Memory: 514048K Free: 386543K (75%)
----------------- Invoking toplevel() on ptolemy.moml.MoMLSimpleApplication@46acd075
----------------- Done invoking toplevel() on ptolemy.moml.MoMLSimpleApplication@46acd075
reloadAllAccessors: .matrixType

===========================================================================================
----------------- testing Sat Jan 18 06:51:35 UTC 2020 /home/travis/build/icyphy/ptII/ptolemy/actor/lib/test/auto/matrixType10.xml
----------------- Instantiating /home/travis/build/icyphy/ptII/ptolemy/actor/lib/test/auto/matrixType10.xml
2 ms. Memory: 514048K Free: 381438K (74%)
----------------- Invoking toplevel() on ptolemy.moml.MoMLSimpleApplication@61afdec8
----------------- Done invoking toplevel() on ptolemy.moml.MoMLSimpleApplication@61afdec8
reloadAllAccessors: .matrixType10

===========================================================================================
----------------- testing Sat Jan 18 06:51:35 UTC 2020 /home/travis/build/icyphy/ptII/ptolemy/actor/lib/test/auto/matrixType11.xml
----------------- Instantiating /home/travis/build/icyphy/ptII/ptolemy/actor/lib/test/auto/matrixType11.xml
1 ms. Memory: 514048K Free: 376832K (73%)
----------------- Invoking toplevel() on ptolemy.moml.MoMLSimpleApplication@8393d69
----------------- Done invoking toplevel() on ptolemy.moml.MoMLSimpleApplication@8393d69
reloadAllAccessors: .matrixType11

===========================================================================================
----------------- testing Sat Jan 18 06:51:35 UTC 2020 /home/travis/build/icyphy/ptII/ptolemy/actor/lib/test/auto/matrixType12.xml
----------------- Instantiating /home/travis/build/icyphy/ptII/ptolemy/actor/lib/test/auto/matrixType12.xml
1 ms. Memory: 514048K Free: 372222K (72%)
----------------- Invoking toplevel() on ptolemy.moml.MoMLSimpleApplication@5e1043b9
----------------- Done invoking toplevel() on ptolemy.moml.MoMLSimpleApplication@5e1043b9
reloadAllAccessors: .matrixType12

===========================================================================================
----------------- testing Sat Jan 18 06:51:35 UTC 2020 /home/travis/build/icyphy/ptII/ptolemy/actor/lib/test/auto/matrixType13.xml
----------------- Instantiating /home/travis/build/icyphy/ptII/ptolemy/actor/lib/test/auto/matrixType13.xml
2 ms. Memory: 514048K Free: 367102K (71%)
----------------- Invoking toplevel() on ptolemy.moml.MoMLSimpleApplication@738bf47b
----------------- Done invoking toplevel() on ptolemy.moml.MoMLSimpleApplication@738bf47b
reloadAllAccessors: .matrixType13

===========================================================================================
----------------- testing Sat Jan 18 06:51:35 UTC 2020 /home/travis/build/icyphy/ptII/ptolemy/actor/lib/test/auto/matrixType14.xml
----------------- Instantiating /home/travis/build/icyphy/ptII/ptolemy/actor/lib/test/auto/matrixType14.xml
1 ms. Memory: 514048K Free: 361982K (70%)
----------------- Invoking toplevel() on ptolemy.moml.MoMLSimpleApplication@40e3e001
----------------- Done invoking toplevel() on ptolemy.moml.MoMLSimpleApplication@40e3e001
reloadAllAccessors: .matrixType14

===========================================================================================
----------------- testing Sat Jan 18 06:51:35 UTC 2020 /home/travis/build/icyphy/ptII/ptolemy/actor/lib/test/auto/matrixType2.xml
----------------- Instantiating /home/travis/build/icyphy/ptII/ptolemy/actor/lib/test/auto/matrixType2.xml
1 ms. Memory: 514048K Free: 356862K (69%)
----------------- Invoking toplevel() on ptolemy.moml.MoMLSimpleApplication@42fe3009
----------------- Done invoking toplevel() on ptolemy.moml.MoMLSimpleApplication@42fe3009
reloadAllAccessors: .matrixType2

===========================================================================================
----------------- testing Sat Jan 18 06:51:35 UTC 2020 /home/travis/build/icyphy/ptII/ptolemy/actor/lib/test/auto/matrixType3.xml
----------------- Instantiating /home/travis/build/icyphy/ptII/ptolemy/actor/lib/test/auto/matrixType3.xml
3 ms. Memory: 514048K Free: 351742K (68%)
----------------- Invoking toplevel() on ptolemy.moml.MoMLSimpleApplication@350dfacd
----------------- Done invoking toplevel() on ptolemy.moml.MoMLSimpleApplication@350dfacd
reloadAllAccessors: .matrixType3

===========================================================================================
----------------- testing Sat Jan 18 06:51:35 UTC 2020 /home/travis/build/icyphy/ptII/ptolemy/actor/lib/test/auto/matrixType4.xml
----------------- Instantiating /home/travis/build/icyphy/ptII/ptolemy/actor/lib/test/auto/matrixType4.xml
1 ms. Memory: 514048K Free: 347136K (68%)
----------------- Invoking toplevel() on ptolemy.moml.MoMLSimpleApplication@91f278a
----------------- Done invoking toplevel() on ptolemy.moml.MoMLSimpleApplication@91f278a
reloadAllAccessors: .matrixType4

===========================================================================================
----------------- testing Sat Jan 18 06:51:35 UTC 2020 /home/travis/build/icyphy/ptII/ptolemy/actor/lib/test/auto/matrixType5.xml
----------------- Instantiating /home/travis/build/icyphy/ptII/ptolemy/actor/lib/test/auto/matrixType5.xml
1 ms. Memory: 514048K Free: 342526K (67%)
----------------- Invoking toplevel() on ptolemy.moml.MoMLSimpleApplication@19e9538e
----------------- Done invoking toplevel() on ptolemy.moml.MoMLSimpleApplication@19e9538e
reloadAllAccessors: .matrixType5

===========================================================================================
----------------- testing Sat Jan 18 06:51:35 UTC 2020 /home/travis/build/icyphy/ptII/ptolemy/actor/lib/test/auto/matrixType6.xml
----------------- Instantiating /home/travis/build/icyphy/ptII/ptolemy/actor/lib/test/auto/matrixType6.xml
1 ms. Memory: 514048K Free: 337406K (66%)
----------------- Invoking toplevel() on ptolemy.moml.MoMLSimpleApplication@4b3458ae
----------------- Done invoking toplevel() on ptolemy.moml.MoMLSimpleApplication@4b3458ae
reloadAllAccessors: .matrixType6

===========================================================================================
----------------- testing Sat Jan 18 06:51:35 UTC 2020 /home/travis/build/icyphy/ptII/ptolemy/actor/lib/test/auto/matrixType7.xml
----------------- Instantiating /home/travis/build/icyphy/ptII/ptolemy/actor/lib/test/auto/matrixType7.xml
1 ms. Memory: 514048K Free: 332800K (65%)
----------------- Invoking toplevel() on ptolemy.moml.MoMLSimpleApplication@20a59289
----------------- Done invoking toplevel() on ptolemy.moml.MoMLSimpleApplication@20a59289
reloadAllAccessors: .matrixType7

===========================================================================================
----------------- testing Sat Jan 18 06:51:35 UTC 2020 /home/travis/build/icyphy/ptII/ptolemy/actor/lib/test/auto/matrixType8.xml
----------------- Instantiating /home/travis/build/icyphy/ptII/ptolemy/actor/lib/test/auto/matrixType8.xml
1 ms. Memory: 514048K Free: 327680K (64%)
----------------- Invoking toplevel() on ptolemy.moml.MoMLSimpleApplication@464c1bfc
----------------- Done invoking toplevel() on ptolemy.moml.MoMLSimpleApplication@464c1bfc
reloadAllAccessors: .matrixType8

===========================================================================================
----------------- testing Sat Jan 18 06:51:35 UTC 2020 /home/travis/build/icyphy/ptII/ptolemy/actor/lib/test/auto/matrixType9.xml
----------------- Instantiating /home/travis/build/icyphy/ptII/ptolemy/actor/lib/test/auto/matrixType9.xml
1 ms. Memory: 514048K Free: 323070K (63%)
----------------- Invoking toplevel() on ptolemy.moml.MoMLSimpleApplication@1c891512
----------------- Done invoking toplevel() on ptolemy.moml.MoMLSimpleApplication@1c891512
reloadAllAccessors: .matrixType9

===========================================================================================
----------------- testing Sat Jan 18 06:51:35 UTC 2020 /home/travis/build/icyphy/ptII/ptolemy/actor/lib/test/auto/paraFunctest.xml
----------------- Instantiating /home/travis/build/icyphy/ptII/ptolemy/actor/lib/test/auto/paraFunctest.xml
2 ms. Memory: 514048K Free: 319488K (62%)
----------------- Invoking toplevel() on ptolemy.moml.MoMLSimpleApplication@6ce3e4e5
----------------- Done invoking toplevel() on ptolemy.moml.MoMLSimpleApplication@6ce3e4e5
reloadAllAccessors: .paraFunctest

===========================================================================================
----------------- testing Sat Jan 18 06:51:35 UTC 2020 /home/travis/build/icyphy/ptII/ptolemy/actor/lib/test/auto/paraFunctest2.xml
----------------- Instantiating /home/travis/build/icyphy/ptII/ptolemy/actor/lib/test/auto/paraFunctest2.xml
2 ms. Memory: 514048K Free: 315392K (61%)
----------------- Invoking toplevel() on ptolemy.moml.MoMLSimpleApplication@6337a14c
----------------- Done invoking toplevel() on ptolemy.moml.MoMLSimpleApplication@6337a14c
reloadAllAccessors: .paraFunctest2

===========================================================================================
----------------- testing Sat Jan 18 06:51:35 UTC 2020 /home/travis/build/icyphy/ptII/ptolemy/actor/lib/test/auto/parameterPassing.xml
----------------- Instantiating /home/travis/build/icyphy/ptII/ptolemy/actor/lib/test/auto/parameterPassing.xml
1 ms. Memory: 514048K Free: 311296K (61%)
----------------- Invoking toplevel() on ptolemy.moml.MoMLSimpleApplication@28d0627d
----------------- Done invoking toplevel() on ptolemy.moml.MoMLSimpleApplication@28d0627d
reloadAllAccessors: .parameterPassing

===========================================================================================
----------------- testing Sat Jan 18 06:51:35 UTC 2020 /home/travis/build/icyphy/ptII/ptolemy/actor/lib/test/auto/record.xml
----------------- Instantiating /home/travis/build/icyphy/ptII/ptolemy/actor/lib/test/auto/record.xml
2 ms. Memory: 514048K Free: 306686K (60%)
----------------- Invoking toplevel() on ptolemy.moml.MoMLSimpleApplication@2124e703
----------------- Done invoking toplevel() on ptolemy.moml.MoMLSimpleApplication@2124e703
reloadAllAccessors: .record

===========================================================================================
----------------- testing Sat Jan 18 06:51:35 UTC 2020 /home/travis/build/icyphy/ptII/ptolemy/actor/lib/test/auto/sizedarray1.xml
----------------- Instantiating /home/travis/build/icyphy/ptII/ptolemy/actor/lib/test/auto/sizedarray1.xml
1 ms. Memory: 514048K Free: 301056K (59%)
----------------- Invoking toplevel() on ptolemy.moml.MoMLSimpleApplication@67b7bba4
----------------- Done invoking toplevel() on ptolemy.moml.MoMLSimpleApplication@67b7bba4
reloadAllAccessors: .sizedarray1

===========================================================================================
----------------- testing Sat Jan 18 06:51:35 UTC 2020 /home/travis/build/icyphy/ptII/ptolemy/actor/lib/test/auto/sizedarray2.xml
----------------- Instantiating /home/travis/build/icyphy/ptII/ptolemy/actor/lib/test/auto/sizedarray2.xml
2 ms. Memory: 514048K Free: 295422K (57%)
----------------- Invoking toplevel() on ptolemy.moml.MoMLSimpleApplication@3053c380
----------------- Done invoking toplevel() on ptolemy.moml.MoMLSimpleApplication@3053c380
reloadAllAccessors: .sizedarray2

===========================================================================================
----------------- testing Sat Jan 18 06:51:35 UTC 2020 /home/travis/build/icyphy/ptII/ptolemy/actor/lib/test/auto/twoPublishers.xml
----------------- Instantiating /home/travis/build/icyphy/ptII/ptolemy/actor/lib/test/auto/twoPublishers.xml
6 ms. Memory: 514048K Free: 284672K (55%)
----------------- Invoking toplevel() on ptolemy.moml.MoMLSimpleApplication@3a238ea6
----------------- Done invoking toplevel() on ptolemy.moml.MoMLSimpleApplication@3a238ea6
reloadAllAccessors: .twoPublishers
AutoTests.java: About to close Vertx.
AutoTests.java: Vertx closed.
]]></system-out>
  <system-err><![CDATA[java.lang.RuntimeException: Execution failed
	at ptolemy.moml.MoMLSimpleApplication$UnloadThread.run(MoMLSimpleApplication.java:402)
Caused by: java.lang.RuntimeException: StringUtilities.exit() was called. Normally, we would exit here because Manager.exitAfterWrapup() was called.  However, because the ptolemy.ptII.exitAfterWrapup property is set, we throw this exception instead.
	at ptolemy.util.StringUtilities.exit(StringUtilities.java:365)
	at ptolemy.actor.Manager.wrapup(Manager.java:1549)
	at ptolemy.actor.Manager.execute(Manager.java:407)
	at ptolemy.actor.Manager.run(Manager.java:1263)
	at ptolemy.actor.Manager$PtolemyRunThread.run(Manager.java:1933)
Warning: '.top.test' is in training mode, set the trainingMode parameter to false before checking in
Warning: '.top.test' is in training mode, set the trainingMode parameter to false before checking in
Warning: '.top.test' is in training mode, set the trainingMode parameter to false before checking in
Warning: '.BooleanSwitch_RegressionTest_WrongTrainingValues.Test' is in training mode, set the trainingMode parameter to false before checking in
Warning: '.BooleanSwitch_RegressionTest_WrongTrainingValues.Test2' is in training mode, set the trainingMode parameter to false before checking in
Warning: '.BooleanSwitch_RegressionTest_WrongTrainingValues.Test2' The test produced 0 tokens.
Warning: '.top.testExceptionHandler' is in training mode, set the trainingMode parameter to false before checking in
java.lang.RuntimeException: Execution failed
	at ptolemy.moml.MoMLSimpleApplication$UnloadThread.run(MoMLSimpleApplication.java:402)
Caused by: ptolemy.kernel.util.IllegalActionException: PublisherPorts cannot be used at the top level, use a Publisher actor instead.
  in .PublisherPortToplevelSubscriber.PublisherPort
	at ptolemy.actor.PublisherPort.preinitialize(PublisherPort.java:403)
	at ptolemy.actor.CompositeActor.preinitialize(CompositeActor.java:1769)
	at ptolemy.actor.Manager.preinitializeAndResolveTypes(Manager.java:1040)
	at ptolemy.actor.Manager.initialize(Manager.java:710)
	at ptolemy.actor.Manager.execute(Manager.java:356)
	at ptolemy.actor.Manager.run(Manager.java:1263)
	at ptolemy.actor.Manager$PtolemyRunThread.run(Manager.java:1933)
java.lang.reflect.InvocationTargetException
	at java.base/jdk.internal.reflect.NativeConstructorAccessorImpl.newInstance0(Native Method)
	at java.base/jdk.internal.reflect.NativeConstructorAccessorImpl.newInstance(NativeConstructorAccessorImpl.java:62)
	at java.base/jdk.internal.reflect.DelegatingConstructorAccessorImpl.newInstance(DelegatingConstructorAccessorImpl.java:45)
	at java.base/java.lang.reflect.Constructor.newInstance(Constructor.java:490)
	at ptolemy.util.test.junit.AutoKnownFailedTests.RunModel(AutoKnownFailedTests.java:105)
	at java.base/jdk.internal.reflect.NativeMethodAccessorImpl.invoke0(Native Method)
	at java.base/jdk.internal.reflect.NativeMethodAccessorImpl.invoke(NativeMethodAccessorImpl.java:62)
	at java.base/jdk.internal.reflect.DelegatingMethodAccessorImpl.invoke(DelegatingMethodAccessorImpl.java:43)
	at java.base/java.lang.reflect.Method.invoke(Method.java:566)
	at org.junit.runners.model.FrameworkMethod$1.runReflectiveCall(FrameworkMethod.java:44)
	at org.junit.internal.runners.model.ReflectiveCallable.run(ReflectiveCallable.java:15)
	at org.junit.runners.model.FrameworkMethod.invokeExplosively(FrameworkMethod.java:41)
	at junitparams.internal.InvokeParameterisedMethod.evaluate(InvokeParameterisedMethod.java:102)
	at org.junit.internal.runners.statements.FailOnTimeout$1.run(FailOnTimeout.java:28)
Caused by: ptolemy.kernel.util.IllegalActionException: PublisherPorts cannot be used at the top level, use a Publisher actor instead.
  in .PublisherPortToplevelSubscriber.PublisherPort
	at ptolemy.actor.PublisherPort.preinitialize(PublisherPort.java:403)
	at ptolemy.actor.CompositeActor.preinitialize(CompositeActor.java:1769)
	at ptolemy.actor.Manager.preinitializeAndResolveTypes(Manager.java:1040)
	at ptolemy.actor.Manager.initialize(Manager.java:710)
	at ptolemy.actor.Manager.execute(Manager.java:356)
	at ptolemy.actor.Manager.run(Manager.java:1263)
	at ptolemy.actor.Manager$PtolemyRunThread.run(Manager.java:1933)
java.lang.RuntimeException: Execution failed
	at ptolemy.moml.MoMLSimpleApplication$UnloadThread.run(MoMLSimpleApplication.java:402)
Caused by: ptolemy.kernel.util.IllegalActionException: SubscriberPorts cannot be used at the top level, use a Subscriber actor instead.
  in .PublisherSubscriberPortToplevel.SubscriberPort
	at ptolemy.actor.SubscriberPort.preinitialize(SubscriberPort.java:328)
	at ptolemy.actor.CompositeActor.preinitialize(CompositeActor.java:1769)
	at ptolemy.actor.Manager.preinitializeAndResolveTypes(Manager.java:1040)
	at ptolemy.actor.Manager.initialize(Manager.java:710)
	at ptolemy.actor.Manager.execute(Manager.java:356)
	at ptolemy.actor.Manager.run(Manager.java:1263)
	at ptolemy.actor.Manager$PtolemyRunThread.run(Manager.java:1933)
java.lang.reflect.InvocationTargetException
	at java.base/jdk.internal.reflect.NativeConstructorAccessorImpl.newInstance0(Native Method)
	at java.base/jdk.internal.reflect.NativeConstructorAccessorImpl.newInstance(NativeConstructorAccessorImpl.java:62)
	at java.base/jdk.internal.reflect.DelegatingConstructorAccessorImpl.newInstance(DelegatingConstructorAccessorImpl.java:45)
	at java.base/java.lang.reflect.Constructor.newInstance(Constructor.java:490)
	at ptolemy.util.test.junit.AutoKnownFailedTests.RunModel(AutoKnownFailedTests.java:105)
	at java.base/jdk.internal.reflect.NativeMethodAccessorImpl.invoke0(Native Method)
	at java.base/jdk.internal.reflect.NativeMethodAccessorImpl.invoke(NativeMethodAccessorImpl.java:62)
	at java.base/jdk.internal.reflect.DelegatingMethodAccessorImpl.invoke(DelegatingMethodAccessorImpl.java:43)
	at java.base/java.lang.reflect.Method.invoke(Method.java:566)
	at org.junit.runners.model.FrameworkMethod$1.runReflectiveCall(FrameworkMethod.java:44)
	at org.junit.internal.runners.model.ReflectiveCallable.run(ReflectiveCallable.java:15)
	at org.junit.runners.model.FrameworkMethod.invokeExplosively(FrameworkMethod.java:41)
	at junitparams.internal.InvokeParameterisedMethod.evaluate(InvokeParameterisedMethod.java:102)
	at org.junit.internal.runners.statements.FailOnTimeout$1.run(FailOnTimeout.java:28)
Caused by: ptolemy.kernel.util.IllegalActionException: SubscriberPorts cannot be used at the top level, use a Subscriber actor instead.
  in .PublisherSubscriberPortToplevel.SubscriberPort
	at ptolemy.actor.SubscriberPort.preinitialize(SubscriberPort.java:328)
	at ptolemy.actor.CompositeActor.preinitialize(CompositeActor.java:1769)
	at ptolemy.actor.Manager.preinitializeAndResolveTypes(Manager.java:1040)
	at ptolemy.actor.Manager.initialize(Manager.java:710)
	at ptolemy.actor.Manager.execute(Manager.java:356)
	at ptolemy.actor.Manager.run(Manager.java:1263)
	at ptolemy.actor.Manager$PtolemyRunThread.run(Manager.java:1933)
java.lang.RuntimeException: Execution failed
	at ptolemy.moml.MoMLSimpleApplication$UnloadThread.run(MoMLSimpleApplication.java:402)
Caused by: ptolemy.kernel.util.IllegalActionException: SubscriptionAggregatorPorts cannot be used at the top level, use a SubscriptionAggregator actor instead.
  in .PublisherSubscriptionAggregatorPort.SubscriptionAggregatorPort
	at ptolemy.actor.SubscriptionAggregatorPort.preinitialize(SubscriptionAggregatorPort.java:353)
	at ptolemy.actor.CompositeActor.preinitialize(CompositeActor.java:1769)
	at ptolemy.actor.Manager.preinitializeAndResolveTypes(Manager.java:1040)
	at ptolemy.actor.Manager.initialize(Manager.java:710)
	at ptolemy.actor.Manager.execute(Manager.java:356)
	at ptolemy.actor.Manager.run(Manager.java:1263)
	at ptolemy.actor.Manager$PtolemyRunThread.run(Manager.java:1933)
java.lang.reflect.InvocationTargetException
	at java.base/jdk.internal.reflect.NativeConstructorAccessorImpl.newInstance0(Native Method)
	at java.base/jdk.internal.reflect.NativeConstructorAccessorImpl.newInstance(NativeConstructorAccessorImpl.java:62)
	at java.base/jdk.internal.reflect.DelegatingConstructorAccessorImpl.newInstance(DelegatingConstructorAccessorImpl.java:45)
	at java.base/java.lang.reflect.Constructor.newInstance(Constructor.java:490)
	at ptolemy.util.test.junit.AutoKnownFailedTests.RunModel(AutoKnownFailedTests.java:105)
	at java.base/jdk.internal.reflect.NativeMethodAccessorImpl.invoke0(Native Method)
	at java.base/jdk.internal.reflect.NativeMethodAccessorImpl.invoke(NativeMethodAccessorImpl.java:62)
	at java.base/jdk.internal.reflect.DelegatingMethodAccessorImpl.invoke(DelegatingMethodAccessorImpl.java:43)
	at java.base/java.lang.reflect.Method.invoke(Method.java:566)
	at org.junit.runners.model.FrameworkMethod$1.runReflectiveCall(FrameworkMethod.java:44)
	at org.junit.internal.runners.model.ReflectiveCallable.run(ReflectiveCallable.java:15)
	at org.junit.runners.model.FrameworkMethod.invokeExplosively(FrameworkMethod.java:41)
	at junitparams.internal.InvokeParameterisedMethod.evaluate(InvokeParameterisedMethod.java:102)
	at org.junit.internal.runners.statements.FailOnTimeout$1.run(FailOnTimeout.java:28)
Caused by: ptolemy.kernel.util.IllegalActionException: SubscriptionAggregatorPorts cannot be used at the top level, use a SubscriptionAggregator actor instead.
  in .PublisherSubscriptionAggregatorPort.SubscriptionAggregatorPort
	at ptolemy.actor.SubscriptionAggregatorPort.preinitialize(SubscriptionAggregatorPort.java:353)
	at ptolemy.actor.CompositeActor.preinitialize(CompositeActor.java:1769)
	at ptolemy.actor.Manager.preinitializeAndResolveTypes(Manager.java:1040)
	at ptolemy.actor.Manager.initialize(Manager.java:710)
	at ptolemy.actor.Manager.execute(Manager.java:356)
	at ptolemy.actor.Manager.run(Manager.java:1263)
	at ptolemy.actor.Manager$PtolemyRunThread.run(Manager.java:1933)
java.lang.RuntimeException: Execution failed
	at ptolemy.moml.MoMLSimpleApplication$UnloadThread.run(MoMLSimpleApplication.java:402)
Caused by: ptolemy.kernel.util.IllegalActionException: TypeTest actor has no training data.
  in .sizedarray3.TypeTest
	at ptolemy.actor.lib.TypeTest.initialize(TypeTest.java:250)
	at ptolemy.actor.Director.initialize(Director.java:938)
	at ptolemy.actor.Director.initialize(Director.java:907)
	at ptolemy.actor.sched.StaticSchedulingDirector.initialize(StaticSchedulingDirector.java:159)
	at ptolemy.domains.sdf.kernel.SDFDirector.initialize(SDFDirector.java:544)
	at ptolemy.actor.CompositeActor.initialize(CompositeActor.java:935)
	at ptolemy.actor.Manager.initialize(Manager.java:724)
	at ptolemy.actor.Manager.execute(Manager.java:356)
	at ptolemy.actor.Manager.run(Manager.java:1263)
	at ptolemy.actor.Manager$PtolemyRunThread.run(Manager.java:1933)
java.lang.reflect.InvocationTargetException
	at java.base/jdk.internal.reflect.NativeConstructorAccessorImpl.newInstance0(Native Method)
	at java.base/jdk.internal.reflect.NativeConstructorAccessorImpl.newInstance(NativeConstructorAccessorImpl.java:62)
	at java.base/jdk.internal.reflect.DelegatingConstructorAccessorImpl.newInstance(DelegatingConstructorAccessorImpl.java:45)
	at java.base/java.lang.reflect.Constructor.newInstance(Constructor.java:490)
	at ptolemy.util.test.junit.AutoKnownFailedTests.RunModel(AutoKnownFailedTests.java:105)
	at java.base/jdk.internal.reflect.NativeMethodAccessorImpl.invoke0(Native Method)
	at java.base/jdk.internal.reflect.NativeMethodAccessorImpl.invoke(NativeMethodAccessorImpl.java:62)
	at java.base/jdk.internal.reflect.DelegatingMethodAccessorImpl.invoke(DelegatingMethodAccessorImpl.java:43)
	at java.base/java.lang.reflect.Method.invoke(Method.java:566)
	at org.junit.runners.model.FrameworkMethod$1.runReflectiveCall(FrameworkMethod.java:44)
	at org.junit.internal.runners.model.ReflectiveCallable.run(ReflectiveCallable.java:15)
	at org.junit.runners.model.FrameworkMethod.invokeExplosively(FrameworkMethod.java:41)
	at junitparams.internal.InvokeParameterisedMethod.evaluate(InvokeParameterisedMethod.java:102)
	at org.junit.internal.runners.statements.FailOnTimeout$1.run(FailOnTimeout.java:28)
Caused by: ptolemy.kernel.util.IllegalActionException: TypeTest actor has no training data.
  in .sizedarray3.TypeTest
	at ptolemy.actor.lib.TypeTest.initialize(TypeTest.java:250)
	at ptolemy.actor.Director.initialize(Director.java:938)
	at ptolemy.actor.Director.initialize(Director.java:907)
	at ptolemy.actor.sched.StaticSchedulingDirector.initialize(StaticSchedulingDirector.java:159)
	at ptolemy.domains.sdf.kernel.SDFDirector.initialize(SDFDirector.java:544)
	at ptolemy.actor.CompositeActor.initialize(CompositeActor.java:935)
	at ptolemy.actor.Manager.initialize(Manager.java:724)
	at ptolemy.actor.Manager.execute(Manager.java:356)
	at ptolemy.actor.Manager.run(Manager.java:1263)
	at ptolemy.actor.Manager$PtolemyRunThread.run(Manager.java:1933)
]]></system-err>
</testsuite>
