<?xml version="1.0" encoding="UTF-8" ?>
<testsuite errors="0" failures="0" hostname="travis-job-0b918cea-a1ef-4de4-b1c3-505dd4c4135b" name="ptolemy.actor.lib.test.junit.JUnitTclTest" skipped="0" tests="517" time="60.228" timestamp="2020-10-13T15:48:35">
  <properties>
    <property name="npm.executable" value="npm" />
    <property name="env.TRAVIS_ROOT" value="/" />
    <property name="ptII.mk.exists" value="true" />
    <property name="env.TRAVIS_APP_HOST" value="build.travis-ci.com" />
    <property name="env.rvm_bin_path" value="/home/travis/.rvm/bin" />
    <property name="java.home" value="/usr/local/lib/jvm/openjdk11" />
    <property name="env.TRAVIS_JOB_NUMBER" value="1797.8" />
    <property name="env.TRAVIS_HOME" value="/home/travis" />
    <property name="env.DISPLAY" value=":99.0" />
    <property name="env.TRAVIS_INIT" value="systemd" />
    <property name="env.SSH_TTY" value="/dev/pts/0" />
    <property name="java.net.preferIPv4Stack" value="true" />
    <property name="env.RUN_TESTS" value="true" />
    <property name="timeout.short" value="1000000" />
    <property name="junit.formatter" value="xml" />
    <property name="env.TRAVIS_SUDO" value="true" />
    <property name="env.TRAVIS_JOB_NAME" value="" />
    <property name="env.TRAVIS_STACK_NODE_ATTRIBUTES" value="/.node-attributes.yml" />
    <property name="env.LOGNAME" value="travis" />
    <property name="env.PT_TRAVIS_TEST_CORE1_XML" value="true" />
    <property name="jsdoc.home" value="node_modules/@terraswarm/jsdoc" />
    <property name="debuglevel" value="source,lines,vars" />
    <property name="checkstyle.formatter" value="xml" />
    <property name="bin.vergil.makeable" value="true" />
    <property name="sun.os.patch.level" value="unknown" />
    <property name="java.vendor.url" value="http://java.oracle.com/" />
    <property name="env.TRAVIS_BUILD_WEB_URL" value="https://travis-ci.com/icyphy/ptII/builds/189747056" />
    <property name="java.version" value="11.0.2" />
    <property name="env.TZ" value="UTC" />
    <property name="env.TRAVIS_PULL_REQUEST_SHA" value="" />
    <property name="env.PT_NO_NET" value="true" />
    <property name="env.TRAVIS_SECURE_ENV_VARS" value="true" />
    <property name="java.vendor.url.bug" value="http://bugreport.java.com/bugreport/" />
    <property name="npmjs-org-is-up" value="true" />
    <property name="env.LANGUAGE" value="en_US.UTF-8" />
    <property name="env.SSH_CLIENT" value="10.16.6.10 40866 22" />
    <property name="env.GEM_HOME" value="/home/travis/.rvm/gems/ruby-2.5.3" />
    <property name="env.HAS_ANTARES_THREE_LITTLE_FRONZIES_BADGE" value="true" />
    <property name="java.version.date" value="2019-01-15" />
    <property name="env.PS4" value="+" />
    <property name="ant.project.invoked-targets" value="build,test.core1.xml" />
    <property name="env.TRAVIS_PULL_REQUEST_BRANCH" value="" />
    <property name="env.TRAVIS_REPO_SLUG" value="icyphy/ptII" />
    <property name="env.XDG_DATA_DIRS" value="/usr/local/share:/usr/share:/var/lib/snapd/desktop" />
    <property name="jdk.debug" value="release" />
    <property name="env.TRAVIS_APT_PROXY" value="http://build-cache.travisci.net" />
    <property name="env.TRAVIS_CPU_ARCH" value="amd64" />
    <property name="node.in.path" value="true" />
    <property name="user.name" value="travis" />
    <property name="java.maxmemory" value="1400m" />
    <property name="env.RUBY_VERSION" value="ruby-2.5.3" />
    <property name="env.LANG" value="en_US.UTF-8" />
    <property name="sun.io.unicode.encoding" value="UnicodeLittle" />
    <property name="sun.jnu.encoding" value="UTF-8" />
    <property name="java.runtime.name" value="OpenJDK Runtime Environment" />
    <property name="usefile" value="false" />
    <property name="return.code" value="0" />
    <property name="junit.single.formatter" value="plain" />
    <property name="env.DYLD_LIBRARY_PATH" value="/home/travis/pthla/certi-tools/lib:" />
    <property name="env.DEBIAN_FRONTEND" value="noninteractive" />
    <property name="env.SSH_CONNECTION" value="10.16.6.10 40866 10.30.0.253 22" />
    <property name="env.MYSQL_UNIX_PORT" value="/var/run/mysqld/mysqld.sock" />
    <property name="env.LC_ALL" value="en_US.UTF-8" />
    <property name="env.TRAVIS_ALLOW_FAILURE" value="" />
    <property name="env.TRAVIS_JOB_WEB_URL" value="https://travis-ci.com/icyphy/ptII/jobs/398941188" />
    <property name="java.specification.name" value="Java Platform API Specification" />
    <property name="node.works" value="true" />
    <property name="user.timezone" value="" />
    <property name="path.separator" value=":" />
    <property name="env.TRAVIS_ENABLE_INFRA_DETECTION" value="true" />
    <property name="env.PYTHON_CFLAGS" value="-g -fstack-protector --param=ssp-buffer-size=4 -Wformat -Werror=format-security" />
    <property name="timeout.long" value="4000000" />
    <property name="env.CERTI_HOME" value="/home/travis/pthla/certi-tools" />
    <property name="ant.file.ptII" value="/home/travis/build/icyphy/ptII/build.xml" />
    <property name="javadoc.packagenames" value="com.*,diva.*,lbnl.*,org.hlacerti.*,org.json.*,org.ptolemy.*,org.terraswarm.*,ptolemy.*,ptserver.*" />
    <property name="file.encoding" value="UTF-8" />
    <property name="env.TRAVIS_PULL_REQUEST_SLUG" value="" />
    <property name="ant.project.default-target" value="build" />
    <property name="env.GIT_ASKPASS" value="echo" />
    <property name="env.HOME" value="/home/travis" />
    <property name="sun.java.command" value="org.apache.tools.ant.taskdefs.optional.junit.JUnitTestRunner ptolemy.actor.lib.test.junit.JUnitTclTest skipNonTests=false filtertrace=true haltOnError=false haltOnFailure=false formatter=org.apache.tools.ant.taskdefs.optional.junit.OutErrSummaryJUnitResultFormatter showoutput=true outputtoformatters=true logfailedtests=true threadid=0 logtestlistenerevents=false formatter=org.apache.tools.ant.taskdefs.optional.junit.XMLJUnitResultFormatter,/home/travis/build/icyphy/ptII/reports/junit/TEST-ptolemy.actor.lib.test.junit.JUnitTclTest.xml crashfile=/home/travis/build/icyphy/ptII/junitvmwatcher6727789222530807472.properties propsfile=/home/travis/build/icyphy/ptII/junit555085135233770075.properties" />
    <property name="env.COMPOSER_NO_INTERACTION" value="1" />
    <property name="env.MANPATH" value="/home/travis/.nvm/versions/node/v7.10.1/share/man:/home/travis/.rvm/rubies/ruby-2.5.3/share/man:/usr/local/cmake-3.12.4/man:/usr/local/clang-7.0.0/share/man:/usr/local/man:/usr/local/share/man:/usr/share/man:/home/travis/.rvm/man" />
    <property name="env.TRAVIS_TIMER_ID" value="001171f4" />
    <property name="ant.file" value="/home/travis/build/icyphy/ptII/build.xml" />
    <property name="env.TRAVIS_COMMIT_RANGE" value="3bb573e462e9b4151952318d01b7e361e9f419ad...74248200255084cca0f8d02e5ad09f36c0965423" />
    <property name="ptII.classpath.optional.property" value="/home/travis/build/icyphy/ptII/lib/bsh-2.0b4.jar:/home/travis/build/icyphy/ptII/lib/ptCal.jar:/home/travis/build/icyphy/ptII/lib/java_cup.jar:/home/travis/build/icyphy/ptII/lib/saxon8.jar:/home/travis/build/icyphy/ptII/lib/saxon8-dom.jar:/home/travis/build/icyphy/ptII/lib/chic.jar:/home/travis/build/icyphy/ptII/lib/ptcolt.jar:/home/travis/build/icyphy/ptII/vendors/misc/itext/iText.jar:/home/travis/build/icyphy/ptII/lib/g4ltl.jar:/home/travis/build/icyphy/ptII/lib/StructuralCoder.jar:/home/travis/build/icyphy/ptII/lib/jcerti.jar:/home/travis/build/icyphy/ptII/lib/javax.mail.jar:/home/travis/build/icyphy/ptII/vendors/JMF-2.1.1e/lib/jmf.jar:/home/travis/build/icyphy/ptII/lib/jna-4.0.0-variadic.jar:/home/travis/build/icyphy/ptII/vendors/misc/joystick/Joystick.jar:/home/travis/build/icyphy/ptII/lib/ptjacl.jar:/home/travis/build/icyphy/ptII/lib/jsoup-1.8.2.jar:/home/travis/build/icyphy/ptII/lib/junit-4.8.2.jar:/home/travis/build/icyphy/ptII/lib/JUnitParams-0.4.0.jar:/home/travis/build/icyphy/ptII/ptolemy/actor/lib/excel/jxl.jar:/home/travis/build/icyphy/ptII/lib/jython.jar:/home/travis/build/icyphy/ptII/lib/kieler.jar:/home/travis/build/icyphy/ptII/vendors/opencv/share/OpenCV/java/opencv-341.jar:/home/travis/build/icyphy/ptII/lib/oscP5.jar:/home/travis/build/icyphy/ptII/lib/nrjavaserial-3.11.0.devel.jar:/home/travis/build/icyphy/ptII/vendors/j3d/lib/Linux/j3dcore.jar:/home/travis/build/icyphy/ptII/vendors/j3d/lib/Linux/j3dutils.jar:/home/travis/build/icyphy/ptII/vendors/j3d/lib/Linux/vecmath.jar:/home/travis/build/icyphy/ptII/vendors/jogl/lib/Linux/gluegen-rt-natives-linux-amd64.jar:/home/travis/build/icyphy/ptII/vendors/jogl/lib/Linux/gluegen-rt.jar:/home/travis/build/icyphy/ptII/vendors/jogl/lib/Linux/jogl-all-natives-linux-amd64.jar:/home/travis/build/icyphy/ptII/vendors/jogl/lib/Linux/jogl-all.jar:/home/travis/build/icyphy/ptII/ptolemy/distributed/jini/jar/jini-core.jar:/home/travis/build/icyphy/ptII/ptolemy/distributed/jini/jar/jini-ext.jar:/home/travis/build/icyphy/ptII/ptolemy/distributed/jini/jar/sun-util.jar:/home/travis/build/icyphy/ptII/lib/protobuf-java-2.4.1.jar:/home/travis/build/icyphy/ptII/lib/org.eclipse.paho.client.mqttv3.jar:/home/travis/build/icyphy/ptII/lib/mapss.jar:/home/travis/build/icyphy/ptII/ptolemy/actor/ptalon/antlr/antlr.jar:/home/travis/build/icyphy/ptII/lib/JRI.jar:/home/travis/build/icyphy/ptII/lib/commons-lang-2.6.jar:/home/travis/build/icyphy/ptII/lib/commons-logging-1.1.1.jar:/home/travis/build/icyphy/ptII/lib/sootclasses.jar:/home/travis/build/icyphy/ptII/ptolemy/actor/lib/database/mysql-connector-java-5.1.6-bin.jar:/home/travis/build/icyphy/ptII/vendors/misc/sphinx4/sphinx4-data-5prealpha.jar:/home/travis/build/icyphy/ptII/vendors/misc/sphinx4/sphinx4-core-5prealpha.jar:/home/travis/build/icyphy/ptII/lib/PDFRenderer.jar:/home/travis/build/icyphy/ptII/lib/svgSalamander.jar:/home/travis/build/icyphy/ptII/lib/rsyntaxtextarea-2.6.0-SNAPSHOT.jar:/home/travis/build/icyphy/ptII/lib/hazelcast-3.8.2.jar:/home/travis/build/icyphy/ptII/lib/jackson-annotations-2.9.0.jar:/home/travis/build/icyphy/ptII/lib/jackson-core-2.9.3.jar:/home/travis/build/icyphy/ptII/lib/jackson-databind-2.9.3.jar:/home/travis/build/icyphy/ptII/lib/netty-buffer-4.1.19.Final.jar:/home/travis/build/icyphy/ptII/lib/netty-codec-4.1.19.Final.jar:/home/travis/build/icyphy/ptII/lib/netty-codec-dns-4.1.19.Final.jar:/home/travis/build/icyphy/ptII/lib/netty-codec-http-4.1.19.Final.jar:/home/travis/build/icyphy/ptII/lib/netty-codec-http2-4.1.19.Final.jar:/home/travis/build/icyphy/ptII/lib/netty-common-4.1.19.Final.jar:/home/travis/build/icyphy/ptII/lib/netty-handler-4.1.19.Final.jar:/home/travis/build/icyphy/ptII/lib/netty-resolver-4.1.19.Final.jar:/home/travis/build/icyphy/ptII/lib/netty-resolver-dns-4.1.19.Final.jar:/home/travis/build/icyphy/ptII/lib/netty-transport-4.1.19.Final.jar:/home/travis/build/icyphy/ptII/lib/vertx-codegen-3.5.1.jar:/home/travis/build/icyphy/ptII/lib/vertx-core-3.5.2-SNAPSHOT.jar:/home/travis/build/icyphy/ptII/lib/vertx-hazelcast-3.5.1.jar:/home/travis/build/icyphy/ptII/lib/vertx-lang-js-3.5.1.jar:/home/travis/build/icyphy/ptII/lib/vertx-service-proxy-3.5.1.jar:/home/travis/build/icyphy/ptII/lib/vertx-web-3.5.1.jar:/home/travis/build/icyphy/ptII/lib/slf4j-api-1.7.13.jar:/home/travis/build/icyphy/ptII/lib/slf4j-simple-1.7.13.jar:/home/travis/build/icyphy/ptII/lib/webcam-capture-0.3.12.jar:/home/travis/build/icyphy/ptII/lib/bridj-0.7.0.jar:/home/travis/build/icyphy/ptII/lib/xbjlib-1.1.0.nrjavaserial.jar" />
    <property name="timeout" value="2400000" />
    <property name="test.batch" value="**/junit/*.java" />
    <property name="env._" value="/usr/bin/timeout" />
    <property name="java.io.tmpdir" value="/tmp" />
    <property name="user.language" value="en" />
    <property name="env.TRAVIS_INTERNAL_RUBY_REGEX" value="^ruby-(2\.[0-4]\.[0-9]|1\.9\.3)" />
    <property name="env.HISTCONTROL" value="ignoredups:ignorespace" />
    <property name="env.GOROOT" value="/home/travis/.gimme/versions/go1.11.1.linux.amd64" />
    <property name="line.separator" value="&#xa;" />
    <property name="target" value="11" />
    <property name="env.TRAVIS_BUILD_DIR" value="/home/travis/build/icyphy/ptII" />
    <property name="env.ANT_OPTS" value="-Xmx2048m" />
    <property name="ant.file.type" value="file" />
    <property name="ptolemy.ptII.batchMode" value="true" />
    <property name="env.HISTSIZE" value="1000" />
    <property name="env.MERB_ENV" value="test" />
    <property name="java.vm.info" value="mixed mode" />
    <property name="source" value="11" />
    <property name="java.vm.specification.name" value="Java Virtual Machine Specification" />
    <property name="env.TRAVIS_TEST_RESULT" value="0" />
    <property name="jsdoc.command" value="node_modules/@terraswarm/jsdoc/jsdoc.js" />
    <property name="npm.works" value="true" />
    <property name="cobertura.dir" value="/home/travis/build/icyphy/ptII/vendors/cobertura-2.0.3" />
    <property name="jsdoc.command.exists" value="true" />
    <property name="env.rvm_path" value="/home/travis/.rvm" />
    <property name="env.GEM_PATH" value="/home/travis/.rvm/gems/ruby-2.5.3:/home/travis/.rvm/gems/ruby-2.5.3@global" />
    <property name="env.LC_CTYPE" value="en_US.UTF-8" />
    <property name="env.TRAVIS_CMD" value="$PTII/bin/ptIITravisBuild.sh $SECONDS" />
    <property name="java.awt.printerjob" value="sun.print.PSPrinterJob" />
    <property name="env.TRAVIS_STACK_NAME" value="sardonyx" />
    <property name="env.TRAVIS_TIMER_START_TIME" value="1602603540723724943" />
    <property name="ant.version" value="Apache Ant(TM) version 1.10.1 compiled on February 2 2017" />
    <property name="ptII.reports" value="/home/travis/build/icyphy/ptII/reports" />
    <property name="env.TRAVIS_STACK_TIMESTAMP" value="2020-06-24 13:13:18 UTC" />
    <property name="ant.file.type.ptII" value="file" />
    <property name="env.RBENV_SHELL" value="bash" />
    <property name="os.name" value="Linux" />
    <property name="java.specification.vendor" value="Oracle Corporation" />
    <property name="env.rvm_version" value="1.29.10 (latest)" />
    <property name="env.TRAVIS_INFRA" value="unknown" />
    <property name="env.TERM" value="xterm" />
    <property name="java.vm.name" value="OpenJDK 64-Bit Server VM" />
    <property name="env.TRAVIS_BUILD_NUMBER" value="1797" />
    <property name="env.CI" value="true" />
    <property name="java.library.path" value="/home/travis/pthla/certi-tools/lib:/usr/lib/jni:/usr/local/share/OpenCV/java/:/usr/share/OpenCV/java::/usr/java/packages/lib:/usr/lib64:/lib64:/lib:/usr/lib" />
    <property name="jdk.module.path" value="/home/travis/build/icyphy/ptII/vendors/javafx/javafx-sdk-11.0.2/lib:" />
    <property name="env.rvm_prefix" value="/home/travis" />
    <property name="env.PATH" value="/home/travis/pthla/certi-tools/share/scripts:/home/travis/.rvm/gems/ruby-2.5.3/bin:/home/travis/.rvm/gems/ruby-2.5.3@global/bin:/home/travis/.rvm/rubies/ruby-2.5.3/bin:/home/travis/.rvm/bin:/home/travis/.nvm/versions/node/v7.10.1/bin:./node_modules/.bin:/home/travis/build/icyphy/ptII/bin:/home/travis/pthla/certi-tools/bin:/home/travis/bin:/home/travis/.local/bin:/usr/local/lib/jvm/openjdk11/bin:/opt/pyenv/shims:/home/travis/.phpenv/shims:/home/travis/perl5/perlbrew/bin:/home/travis/gopath/bin:/home/travis/.gimme/versions/go1.11.1.linux.amd64/bin:/usr/local/maven-3.6.3/bin:/usr/local/cmake-3.12.4/bin:/usr/local/clang-7.0.0/bin:/usr/local/sbin:/usr/local/bin:/usr/sbin:/usr/bin:/sbin:/bin:/snap/bin:/home/travis/.phpenv/bin:/opt/pyenv/bin:/home/travis/.yarn/bin" />
    <property name="env.TRAVIS_OS_NAME" value="linux" />
    <property name="ant.java.version" value="9" />
    <property name="basedir" value="/home/travis/build/icyphy/ptII" />
    <property name="java.class.version" value="55.0" />
    <property name="env.SHLVL" value="3" />
    <property name="env.LD_LIBRARY_PATH" value="/home/travis/pthla/certi-tools/lib:/usr/lib/jni:/usr/local/share/OpenCV/java/:/usr/share/OpenCV/java:" />
    <property name="env.RACK_ENV" value="test" />
    <property name="ant.home" value="/home/travis/build/icyphy/ptII/ant" />
    <property name="env.NVM_DIR" value="/home/travis/.nvm" />
    <property name="env.CERTI_FOM_PATH" value="/home/travis/pthla/certi-tools/share/federations" />
    <property name="env.TRAVIS_BUILD_ID" value="189747056" />
    <property name="env.PYENV_ROOT" value="/opt/pyenv" />
    <property name="env.TRAVIS_UID" value="2000" />
    <property name="prism.verbose" value="true" />
    <property name="env.NVM_BIN" value="/home/travis/.nvm/versions/node/v7.10.1/bin" />
    <property name="env.TRAVIS_COMMIT" value="74248200255084cca0f8d02e5ad09f36c0965423" />
    <property name="node.executable" value="node" />
    <property name="sun.boot.library.path" value="/usr/local/lib/jvm/openjdk11/lib" />
    <property name="sun.management.compiler" value="HotSpot 64-Bit Tiered Compilers" />
    <property name="java.awt.graphicsenv" value="sun.awt.X11GraphicsEnvironment" />
    <property name="env.GOPATH" value="/home/travis/gopath" />
    <property name="ptolemy.ptII.dir" value="/home/travis/build/icyphy/ptII" />
    <property name="env.USER" value="travis" />
    <property name="env.HISTFILESIZE" value="2000" />
    <property name="env.NVM_INC" value="/home/travis/.nvm/versions/node/v7.10.1/include/node" />
    <property name="timeout.longest" value="19000000" />
    <property name="env.PERLBREW_SHELLRC_VERSION" value="0.88" />
    <property name="env.TRAVIS_STACK_FEATURES" value="basic couchdb disabled-ipv6 docker docker-compose elasticsearch firefox go-toolchain google-chrome jdk memcached mongodb mysql nodejs_interpreter perl_interpreter perlbrew phantomjs postgresql python_interpreter redis ruby_interpreter sqlite xserver" />
    <property name="env.TRAVIS_PULL_REQUEST" value="false" />
    <property name="env.PYENV_SHELL" value="bash" />
    <property name="ant.project.name" value="ptII" />
    <property name="env.ANSI_RESET" value="\033[0m" />
    <property name="java.vm.specification.version" value="11" />
    <property name="env.TRAVIS_DIST" value="xenial" />
    <property name="env.CERTI_VERSION" value="4.0.0" />
    <property name="env.CERTI_HOST" value="localhost" />
    <property name="awt.toolkit" value="sun.awt.X11.XToolkit" />
    <property name="env.MY_RUBY_HOME" value="/home/travis/.rvm/rubies/ruby-2.5.3" />
    <property name="sun.cpu.isalist" value="" />
    <property name="env.TRAVIS_TMPDIR" value="/tmp/tmp.F8rRX1u5oB" />
    <property name="java.vm.compressedOopsMode" value="Zero based" />
    <property name="os.version" value="4.15.0-1077-gcp" />
    <property name="user.home" value="/home/travis" />
    <property name="java.vm.vendor" value="Oracle Corporation" />
    <property name="env.TRAVIS_TAG" value="nightly" />
    <property name="env.ANSI_YELLOW" value="\033[33;1m" />
    <property name="env.TRAVIS_FILTERED" value="redirect_io" />
    <property name="env.ANSI_GREEN" value="\033[32;1m" />
    <property name="env.JAVA_HOME" value="/usr/local/lib/jvm/openjdk11" />
    <property name="javadoc.excludepackagenames" value="adm.cvs2svn.*,build.*,config.*,doc.coding.templates.*,jni.test.jni.meaningOfLife.*,jni.test.jni.testDeux.*,jni.test.jni.testTrois.*,org.terraswarm.accessor.accessors.web.node_modules.*,org.terraswarm.accessor.accessors.web.hosts.cordova.demo.*,org.terraswarm.accessor.accessors.web.hosts.cordova.plugins.*,org.terraswarm.accessor.accessors-svn.*,pt-modules.*,ptolemy.apps.agilent.*,ptolemy.apps.anytimecontrol.*,ptolemy.apps.apes.*,ptolemy.apps.charon.*,ptolemy.apps.crazyboard.*,ptolemy.apps.eclipse.*,ptolemy.apps.etherealSting.*,ptolemy.apps.fullscreen.*,ptolemy.apps.giotto.*,ptolemy.apps.ia.*,ptolemy.apps.interfaces.*,ptolemy.apps.jmf.*,ptolemy.apps.kurt.*,ptolemy.apps.kvm.*,ptolemy.apps.lego.*,ptolemy.apps.lejos.*,ptolemy.apps.midp.*,ptolemy.apps.mobileCoding.*,ptolemy.apps.pendulum.*,ptolemy.apps.rijndael.*,ptolemy.apps.robot.*,ptolemy.apps.security.*,ptolemy.apps.sobel.*,ptolemy.apps.soot.*,ptolemy.apps.throttle.*,ptolemy.apps.tini.*,ptolemy.apps.transmission.*,ptolemy.apps.vergil.*,ptolemy.apps.waba.*,ptolemy.apps.websensor.*,ptolemy.apps.webstart.*,ptolemy.apps.xsl.*,ptolemy.apps.zaurus.*,ptolemy.codegen.c.actor.lib.oldJavaFiles.*,ptolemy.codegen.dsp.lib.*,ptolemy.codegen.kernel.newInterfaces.*,ptolemy.codegen.lib.*,ptolemy.copernicus.kernel.fragment.*,ptolemy.copernicus.shallow.cg.*,ptolemy.domains.giotto.demo.Hierarchy.Hierarchy.*,ptolemy.domains.giotto.demo.Multimode.Multimode.*,ptolemy.domains.giotto.demo.Simple.Simple.*,ptolemy.domains.gr.lib.experimental.*,ptolemy.domains.gro.*,ptolemy.domains.pdf.*,ptolemy.domains.ptinyos.demo.Surge.output.*,ptolemy.moml.test.NoPackageActor.java*,ptolemy.plot.adm.*,ptolemy.plot.servlet.*,reports.*,signed.*,src.*,target.*,vendors.*,ptolemy.copernicus.applet.*,ptolemy.media.viewer.*,ptolemy.actor.corba.*,doc.doclets.*,ptolemy.apps.eclipse.awt.*,ptolemy.backtrack.*,ptolemy.backtrack.ast.*,ptolemy.cg.adapter.generic.program.procedural.c.mbed*,ptolemy.homer.*,ptolemy.actor.lib.jai.*,org.ptolemy.scala.*,diva.util.java2d.svg.*,ptolemy.domains.ptinyos.*,ptolemy.actor.lib.fmi.fmipp.*,,org.terraswarm.accessor.accessors.web.node_modules.*,org.terraswarm.accessor.accessors-svn,ptolemy.apps.*,ptolemy.actor.ptalon.demo.ptinyos.SendAndReceiveCnt.output,ptolemy.actor.ptalon.demo.ptinyos.SenseToLeds.output,ptolemy.domains.ptinyos.demo.CntToLedsAndRfm.output,ptolemy.domains.ptinyos.demo.RfmToLeds.output,ptolemy.domains.ptinyos.demo.SendAndReceiveCnt.output,ptolemy.domains.ptinyos.demo.SenseToLeds.output,ptolemy.actor.lib.jjs.modules.udpSocket.*" />
    <property name="env.PTII" value="/home/travis/build/icyphy/ptII" />
    <property name="env.XDG_SESSION_ID" value="2" />
    <property name="keystore" value="ptKeystore" />
    <property name="env.TRAVIS_COMMIT_MESSAGE" value="Exclude org/hlacerti/newModels1516e/VariableArrayPTIIJavaFed" />
    <property name="junit.output.dir" value="/home/travis/build/icyphy/ptII/reports/junit" />
    <property name="npm.return.code" value="0" />
    <property name="user.dir" value="/home/travis/build/icyphy/ptII/ptolemy/actor/lib/test" />
    <property name="env.TRAVIS_NODE_VERSION" value="7" />
    <property name="env.TRAVIS_EVENT_TYPE" value="cron" />
    <property name="env.MAIL" value="/var/mail/travis" />
    <property name="env.PERLBREW_ROOT" value="/home/travis/perl5/perlbrew" />
    <property name="env.PWD" value="/home/travis/build/icyphy/ptII" />
    <property name="timeout.npm" value="45000" />
    <property name="env.TRAVIS_ARCH" value="amd64" />
    <property name="sun.cpu.endian" value="little" />
    <property name="env.PAGER" value="cat" />
    <property name="env.TRAVIS_BUILD_STAGE_NAME" value="test" />
    <property name="env.PERLBREW_HOME" value="/home/travis/.perlbrew" />
    <property name="java.vm.version" value="11.0.2+9" />
    <property name="env.RAILS_ENV" value="test" />
    <property name="java.class.path" value="/home/travis/.ptolemyII:/home/travis/.ptolemyII/*:/home/travis/build/icyphy/ptII:/home/travis/build/icyphy/ptII/lib/bsh-2.0b4.jar:/home/travis/build/icyphy/ptII/lib/ptCal.jar:/home/travis/build/icyphy/ptII/lib/java_cup.jar:/home/travis/build/icyphy/ptII/lib/saxon8.jar:/home/travis/build/icyphy/ptII/lib/saxon8-dom.jar:/home/travis/build/icyphy/ptII/lib/chic.jar:/home/travis/build/icyphy/ptII/lib/ptcolt.jar:/home/travis/build/icyphy/ptII/vendors/misc/itext/iText.jar:/home/travis/build/icyphy/ptII/lib/g4ltl.jar:/home/travis/build/icyphy/ptII/lib/StructuralCoder.jar:/home/travis/build/icyphy/ptII/lib/jcerti.jar:/home/travis/build/icyphy/ptII/lib/javax.mail.jar:/home/travis/build/icyphy/ptII/vendors/JMF-2.1.1e/lib/jmf.jar:/home/travis/build/icyphy/ptII/lib/jna-4.0.0-variadic.jar:/home/travis/build/icyphy/ptII/vendors/misc/joystick/Joystick.jar:/home/travis/build/icyphy/ptII/lib/ptjacl.jar:/home/travis/build/icyphy/ptII/lib/jsoup-1.8.2.jar:/home/travis/build/icyphy/ptII/lib/junit-4.8.2.jar:/home/travis/build/icyphy/ptII/lib/JUnitParams-0.4.0.jar:/home/travis/build/icyphy/ptII/ptolemy/actor/lib/excel/jxl.jar:/home/travis/build/icyphy/ptII/lib/jython.jar:/home/travis/build/icyphy/ptII/lib/kieler.jar:/home/travis/build/icyphy/ptII/vendors/opencv/share/OpenCV/java/opencv-341.jar:/home/travis/build/icyphy/ptII/lib/oscP5.jar:/home/travis/build/icyphy/ptII/lib/nrjavaserial-3.11.0.devel.jar:/home/travis/build/icyphy/ptII/vendors/j3d/lib/Linux/j3dcore.jar:/home/travis/build/icyphy/ptII/vendors/j3d/lib/Linux/j3dutils.jar:/home/travis/build/icyphy/ptII/vendors/j3d/lib/Linux/vecmath.jar:/home/travis/build/icyphy/ptII/vendors/jogl/lib/Linux/gluegen-rt-natives-linux-amd64.jar:/home/travis/build/icyphy/ptII/vendors/jogl/lib/Linux/gluegen-rt.jar:/home/travis/build/icyphy/ptII/vendors/jogl/lib/Linux/jogl-all-natives-linux-amd64.jar:/home/travis/build/icyphy/ptII/vendors/jogl/lib/Linux/jogl-all.jar:/home/travis/build/icyphy/ptII/ptolemy/distributed/jini/jar/jini-core.jar:/home/travis/build/icyphy/ptII/ptolemy/distributed/jini/jar/jini-ext.jar:/home/travis/build/icyphy/ptII/ptolemy/distributed/jini/jar/sun-util.jar:/home/travis/build/icyphy/ptII/lib/protobuf-java-2.4.1.jar:/home/travis/build/icyphy/ptII/lib/org.eclipse.paho.client.mqttv3.jar:/home/travis/build/icyphy/ptII/lib/mapss.jar:/home/travis/build/icyphy/ptII/ptolemy/actor/ptalon/antlr/antlr.jar:/home/travis/build/icyphy/ptII/lib/JRI.jar:/home/travis/build/icyphy/ptII/lib/commons-lang-2.6.jar:/home/travis/build/icyphy/ptII/lib/commons-logging-1.1.1.jar:/home/travis/build/icyphy/ptII/lib/sootclasses.jar:/home/travis/build/icyphy/ptII/ptolemy/actor/lib/database/mysql-connector-java-5.1.6-bin.jar:/home/travis/build/icyphy/ptII/vendors/misc/sphinx4/sphinx4-data-5prealpha.jar:/home/travis/build/icyphy/ptII/vendors/misc/sphinx4/sphinx4-core-5prealpha.jar:/home/travis/build/icyphy/ptII/lib/PDFRenderer.jar:/home/travis/build/icyphy/ptII/lib/svgSalamander.jar:/home/travis/build/icyphy/ptII/lib/rsyntaxtextarea-2.6.0-SNAPSHOT.jar:/home/travis/build/icyphy/ptII/lib/hazelcast-3.8.2.jar:/home/travis/build/icyphy/ptII/lib/jackson-annotations-2.9.0.jar:/home/travis/build/icyphy/ptII/lib/jackson-core-2.9.3.jar:/home/travis/build/icyphy/ptII/lib/jackson-databind-2.9.3.jar:/home/travis/build/icyphy/ptII/lib/netty-buffer-4.1.19.Final.jar:/home/travis/build/icyphy/ptII/lib/netty-codec-4.1.19.Final.jar:/home/travis/build/icyphy/ptII/lib/netty-codec-dns-4.1.19.Final.jar:/home/travis/build/icyphy/ptII/lib/netty-codec-http-4.1.19.Final.jar:/home/travis/build/icyphy/ptII/lib/netty-codec-http2-4.1.19.Final.jar:/home/travis/build/icyphy/ptII/lib/netty-common-4.1.19.Final.jar:/home/travis/build/icyphy/ptII/lib/netty-handler-4.1.19.Final.jar:/home/travis/build/icyphy/ptII/lib/netty-resolver-4.1.19.Final.jar:/home/travis/build/icyphy/ptII/lib/netty-resolver-dns-4.1.19.Final.jar:/home/travis/build/icyphy/ptII/lib/netty-transport-4.1.19.Final.jar:/home/travis/build/icyphy/ptII/lib/vertx-codegen-3.5.1.jar:/home/travis/build/icyphy/ptII/lib/vertx-core-3.5.2-SNAPSHOT.jar:/home/travis/build/icyphy/ptII/lib/vertx-hazelcast-3.5.1.jar:/home/travis/build/icyphy/ptII/lib/vertx-lang-js-3.5.1.jar:/home/travis/build/icyphy/ptII/lib/vertx-service-proxy-3.5.1.jar:/home/travis/build/icyphy/ptII/lib/vertx-web-3.5.1.jar:/home/travis/build/icyphy/ptII/lib/slf4j-api-1.7.13.jar:/home/travis/build/icyphy/ptII/lib/slf4j-simple-1.7.13.jar:/home/travis/build/icyphy/ptII/lib/webcam-capture-0.3.12.jar:/home/travis/build/icyphy/ptII/lib/bridj-0.7.0.jar:/home/travis/build/icyphy/ptII/lib/xbjlib-1.1.0.nrjavaserial.jar:/home/travis/build/icyphy/ptII/ptolemy/moml/test:/home/travis/build/icyphy/ptII/ant/lib/ant-launcher.jar:/home/travis/build/icyphy/ptII/ant/lib/ant.jar:/home/travis/build/icyphy/ptII/ant/lib/ant-junit.jar:/home/travis/build/icyphy/ptII/ant/lib/ant-junit4.jar" />
    <property name="ant.library.dir" value="/home/travis/build/icyphy/ptII/ant/lib" />
    <property name="os.arch" value="amd64" />
    <property name="env.CONTINUOUS_INTEGRATION" value="true" />
    <property name="env.TRAVIS_LANGUAGE" value="node_js" />
    <property name="env.TRAVIS_STACK_LANGUAGES" value="__sardonyx__ c c++ clojure cplusplus cpp default generic go groovy java node_js php pure_java python ruby scala" />
    <property name="test.name" value="ptolemy.actor.lib.test.junit.JUnitTclTest" />
    <property name="env.APT_KEY_DONT_WARN_ON_DANGEROUS_USAGE" value="1" />
    <property name="sun.java.launcher" value="SUN_STANDARD" />
    <property name="env.PYTHON_CONFIGURE_OPTS" value="--enable-unicode=ucs4 --with-wide-unicode --enable-shared --enable-ipv6 --enable-loadable-sqlite-extensions --with-computed-gotos" />
    <property name="ant.core.lib" value="/home/travis/build/icyphy/ptII/ant/lib/ant.jar" />
    <property name="java.vm.specification.vendor" value="Oracle Corporation" />
    <property name="env.BCVTB_HOME" value="/home/travis/build/icyphy/ptII/lbnl" />
    <property name="file.separator" value="/" />
    <property name="spotbugs.home" value="/home/travis/build/icyphy/ptII/vendors/spotbugs-3.1.1" />
    <property name="java.runtime.version" value="11.0.2+9" />
    <property name="env.ANSI_CLEAR" value="\033[0K" />
    <property name="javafx.verbose" value="true" />
    <property name="env.HAS_JOSH_K_SEAL_OF_APPROVAL" value="true" />
    <property name="env.XDG_RUNTIME_DIR" value="/run/user/2000" />
    <property name="env.TRAVIS_OSX_IMAGE" value="" />
    <property name="env.TRAVIS_JOB_ID" value="398941188" />
    <property name="env.TRAVIS_BRANCH" value="master" />
    <property name="user.country" value="US" />
    <property name="env.CERTI_HOME_TRAVIS" value="/home/travis/pthla/certi-tools" />
    <property name="env.SHELL" value="/bin/bash" />
    <property name="java.maxmemory.large" value="3200m" />
    <property name="model" value="" />
    <property name="env.CASHER_DIR" value="/home/travis/.casher" />
    <property name="env.NVM_CD_FLAGS" value="" />
    <property name="java.vendor.version" value="18.9" />
    <property name="jshint.executable" value="/home/travis/node_modules/jshint/bin/jshint" />
    <property name="env.JRUBY_OPTS" value=" --client -J-XX:+TieredCompilation -J-XX:TieredStopAtLevel=1 -J-Xss2m -Xcompile.invokedynamic=false" />
    <property name="java.vendor" value="Oracle Corporation" />
    <property name="env.TRAVIS_PRE_CHEF_BOOTSTRAP_TIME" value="2020-06-24T13:13:03" />
    <property name="env.TRAVIS_STACK_JOB_BOARD_REGISTER" value="/.job-board-register.yml" />
    <property name="env.ANSI_RED" value="\033[31;1m" />
    <property name="java.specification.version" value="11" />
    <property name="env.IRBRC" value="/home/travis/.rvm/rubies/ruby-2.5.3/.irbrc" />
    <property name="env.TRAVIS" value="true" />
    <property name="sun.arch.data.model" value="64" />
  </properties>
  <testcase classname="ptolemy.util.test.junit.TclTests" name="[0] /home/travis/build/icyphy/ptII/ptolemy/actor/lib/test/AbsoluteValue.tcl (RunTclFile)" time="0.487" />
  <testcase classname="ptolemy.util.test.junit.TclTests" name="[1] /home/travis/build/icyphy/ptII/ptolemy/actor/lib/test/AddSubtract.tcl (RunTclFile)" time="0.138" />
  <testcase classname="ptolemy.util.test.junit.TclTests" name="[2] /home/travis/build/icyphy/ptII/ptolemy/actor/lib/test/Average.tcl (RunTclFile)" time="0.053" />
  <testcase classname="ptolemy.util.test.junit.TclTests" name="[3] /home/travis/build/icyphy/ptII/ptolemy/actor/lib/test/Bernoulli.tcl (RunTclFile)" time="0.027" />
  <testcase classname="ptolemy.util.test.junit.TclTests" name="[4] /home/travis/build/icyphy/ptII/ptolemy/actor/lib/test/Clock.tcl (RunTclFile)" time="0.1" />
  <testcase classname="ptolemy.util.test.junit.TclTests" name="[5] /home/travis/build/icyphy/ptII/ptolemy/actor/lib/test/Commutator.tcl (RunTclFile)" time="0.097" />
  <testcase classname="ptolemy.util.test.junit.TclTests" name="[6] /home/travis/build/icyphy/ptII/ptolemy/actor/lib/test/Const.tcl (RunTclFile)" time="0.105" />
  <testcase classname="ptolemy.util.test.junit.TclTests" name="[7] /home/travis/build/icyphy/ptII/ptolemy/actor/lib/test/CurrentTime.tcl (RunTclFile)" time="0.02" />
  <testcase classname="ptolemy.util.test.junit.TclTests" name="[8] /home/travis/build/icyphy/ptII/ptolemy/actor/lib/test/DB.tcl (RunTclFile)" time="0.027" />
  <testcase classname="ptolemy.util.test.junit.TclTests" name="[9] /home/travis/build/icyphy/ptII/ptolemy/actor/lib/test/DiscreteRandomSource.tcl (RunTclFile)" time="0.052" />
  <testcase classname="ptolemy.util.test.junit.TclTests" name="[10] /home/travis/build/icyphy/ptII/ptolemy/actor/lib/test/Distributor.tcl (RunTclFile)" time="0.079" />
  <testcase classname="ptolemy.util.test.junit.TclTests" name="[11] /home/travis/build/icyphy/ptII/ptolemy/actor/lib/test/Exit.tcl (RunTclFile)" time="0.059" />
  <testcase classname="ptolemy.util.test.junit.TclTests" name="[12] /home/travis/build/icyphy/ptII/ptolemy/actor/lib/test/Expression.tcl (RunTclFile)" time="0.055" />
  <testcase classname="ptolemy.util.test.junit.TclTests" name="[13] /home/travis/build/icyphy/ptII/ptolemy/actor/lib/test/Gaussian.tcl (RunTclFile)" time="0.945" />
  <testcase classname="ptolemy.util.test.junit.TclTests" name="[14] /home/travis/build/icyphy/ptII/ptolemy/actor/lib/test/IIR.tcl (RunTclFile)" time="0.043" />
  <testcase classname="ptolemy.util.test.junit.TclTests" name="[15] /home/travis/build/icyphy/ptII/ptolemy/actor/lib/test/Interpolator.tcl (RunTclFile)" time="0.117" />
  <testcase classname="ptolemy.util.test.junit.TclTests" name="[16] /home/travis/build/icyphy/ptII/ptolemy/actor/lib/test/MathFunction.tcl (RunTclFile)" time="0.085" />
  <testcase classname="ptolemy.util.test.junit.TclTests" name="[17] /home/travis/build/icyphy/ptII/ptolemy/actor/lib/test/Maximum.tcl (RunTclFile)" time="0.044" />
  <testcase classname="ptolemy.util.test.junit.TclTests" name="[18] /home/travis/build/icyphy/ptII/ptolemy/actor/lib/test/Minimum.tcl (RunTclFile)" time="0.021" />
  <testcase classname="ptolemy.util.test.junit.TclTests" name="[19] /home/travis/build/icyphy/ptII/ptolemy/actor/lib/test/MultiplyDivide.tcl (RunTclFile)" time="0.032" />
  <testcase classname="ptolemy.util.test.junit.TclTests" name="[20] /home/travis/build/icyphy/ptII/ptolemy/actor/lib/test/OrderedMerge.tcl (RunTclFile)" time="0.097" />
  <testcase classname="ptolemy.util.test.junit.TclTests" name="[21] /home/travis/build/icyphy/ptII/ptolemy/actor/lib/test/Publisher.tcl (RunTclFile)" time="0.675" />
  <testcase classname="ptolemy.util.test.junit.TclTests" name="[22] /home/travis/build/icyphy/ptII/ptolemy/actor/lib/test/Pulse.tcl (RunTclFile)" time="0.047" />
  <testcase classname="ptolemy.util.test.junit.TclTests" name="[23] /home/travis/build/icyphy/ptII/ptolemy/actor/lib/test/Ramp.tcl (RunTclFile)" time="1.915" />
  <testcase classname="ptolemy.util.test.junit.TclTests" name="[24] /home/travis/build/icyphy/ptII/ptolemy/actor/lib/test/RampContinuous.tcl (RunTclFile)" time="0.016" />
  <testcase classname="ptolemy.util.test.junit.TclTests" name="[25] /home/travis/build/icyphy/ptII/ptolemy/actor/lib/test/RecordAssembler.tcl (RunTclFile)" time="0.012" />
  <testcase classname="ptolemy.util.test.junit.TclTests" name="[26] /home/travis/build/icyphy/ptII/ptolemy/actor/lib/test/RecordDisassembler.tcl (RunTclFile)" time="0.016" />
  <testcase classname="ptolemy.util.test.junit.TclTests" name="[27] /home/travis/build/icyphy/ptII/ptolemy/actor/lib/test/Scale.tcl (RunTclFile)" time="0.037" />
  <testcase classname="ptolemy.util.test.junit.TclTests" name="[28] /home/travis/build/icyphy/ptII/ptolemy/actor/lib/test/SequentialClock.tcl (RunTclFile)" time="0.014" />
  <testcase classname="ptolemy.util.test.junit.TclTests" name="[29] /home/travis/build/icyphy/ptII/ptolemy/actor/lib/test/SetVariable.tcl (RunTclFile)" time="0.017" />
  <testcase classname="ptolemy.util.test.junit.TclTests" name="[30] /home/travis/build/icyphy/ptII/ptolemy/actor/lib/test/Sinewave.tcl (RunTclFile)" time="0.05" />
  <testcase classname="ptolemy.util.test.junit.TclTests" name="[31] /home/travis/build/icyphy/ptII/ptolemy/actor/lib/test/SubscriptionAggregator.tcl (RunTclFile)" time="2.133" />
  <testcase classname="ptolemy.util.test.junit.TclTests" name="[32] /home/travis/build/icyphy/ptII/ptolemy/actor/lib/test/Test.tcl (RunTclFile)" time="0.132" />
  <testcase classname="ptolemy.util.test.junit.TclTests" name="[33] /home/travis/build/icyphy/ptII/ptolemy/actor/lib/test/TestExceptionHandler.tcl (RunTclFile)" time="0.013" />
  <testcase classname="ptolemy.util.test.junit.TclTests" name="[34] /home/travis/build/icyphy/ptII/ptolemy/actor/lib/test/UnionDisassembler.tcl (RunTclFile)" time="0.073" />
  <testcase classname="ptolemy.util.test.junit.TclTests" name="[35] /home/travis/build/icyphy/ptII/ptolemy/actor/lib/test/VariableClock.tcl (RunTclFile)" time="0.026" />
  <testcase classname="ptolemy.util.test.junit.AutoKnownFailedTests" name="[0] /home/travis/build/icyphy/ptII/ptolemy/actor/lib/test/auto/knownFailedTests/PublisherPortToplevelSubscriber.xml (RunModel)" time="0.022" />
  <testcase classname="ptolemy.util.test.junit.AutoKnownFailedTests" name="[1] /home/travis/build/icyphy/ptII/ptolemy/actor/lib/test/auto/knownFailedTests/PublisherSubscriberPortToplevel.xml (RunModel)" time="0.023" />
  <testcase classname="ptolemy.util.test.junit.AutoKnownFailedTests" name="[2] /home/travis/build/icyphy/ptII/ptolemy/actor/lib/test/auto/knownFailedTests/PublisherSubscriptionAggregatorPort.xml (RunModel)" time="0.016" />
  <testcase classname="ptolemy.util.test.junit.AutoKnownFailedTests" name="[3] /home/travis/build/icyphy/ptII/ptolemy/actor/lib/test/auto/knownFailedTests/sizedarray3.xml (RunModel)" time="0.031" />
  <testcase classname="ptolemy.util.test.junit.AutoNameArchTests" name="[0] ThereAreNoAutoArchTests (RunModel)" time="0.001" />
  <testcase classname="ptolemy.util.test.junit.AutoTests" name="[0] /home/travis/build/icyphy/ptII/ptolemy/actor/lib/test/auto/AbsoluteValue.xml (RunModel)" time="0.113" />
  <testcase classname="ptolemy.util.test.junit.AutoTests" name="[1] /home/travis/build/icyphy/ptII/ptolemy/actor/lib/test/auto/AbsoluteValue2.xml (RunModel)" time="0.08" />
  <testcase classname="ptolemy.util.test.junit.AutoTests" name="[2] /home/travis/build/icyphy/ptII/ptolemy/actor/lib/test/auto/Accumulator.xml (RunModel)" time="0.05" />
  <testcase classname="ptolemy.util.test.junit.AutoTests" name="[3] /home/travis/build/icyphy/ptII/ptolemy/actor/lib/test/auto/Accumulator2.xml (RunModel)" time="0.031" />
  <testcase classname="ptolemy.util.test.junit.AutoTests" name="[4] /home/travis/build/icyphy/ptII/ptolemy/actor/lib/test/auto/Accumulator3.xml (RunModel)" time="0.02" />
  <testcase classname="ptolemy.util.test.junit.AutoTests" name="[5] /home/travis/build/icyphy/ptII/ptolemy/actor/lib/test/auto/ArrayAppend.xml (RunModel)" time="0.034" />
  <testcase classname="ptolemy.util.test.junit.AutoTests" name="[6] /home/travis/build/icyphy/ptII/ptolemy/actor/lib/test/auto/ArrayAppend2.xml (RunModel)" time="0.47" />
  <testcase classname="ptolemy.util.test.junit.AutoTests" name="[7] /home/travis/build/icyphy/ptII/ptolemy/actor/lib/test/auto/ArrayAppend3.xml (RunModel)" time="0.047" />
  <testcase classname="ptolemy.util.test.junit.AutoTests" name="[8] /home/travis/build/icyphy/ptII/ptolemy/actor/lib/test/auto/ArrayAppend4.xml (RunModel)" time="0.019" />
  <testcase classname="ptolemy.util.test.junit.AutoTests" name="[9] /home/travis/build/icyphy/ptII/ptolemy/actor/lib/test/auto/ArrayAppend5.xml (RunModel)" time="0.029" />
  <testcase classname="ptolemy.util.test.junit.AutoTests" name="[10] /home/travis/build/icyphy/ptII/ptolemy/actor/lib/test/auto/ArrayAppend6.xml (RunModel)" time="0.012" />
  <testcase classname="ptolemy.util.test.junit.AutoTests" name="[11] /home/travis/build/icyphy/ptII/ptolemy/actor/lib/test/auto/ArrayAppendPerformanceTest.xml (RunModel)" time="0.063" />
  <testcase classname="ptolemy.util.test.junit.AutoTests" name="[12] /home/travis/build/icyphy/ptII/ptolemy/actor/lib/test/auto/ArrayAppendWithEmptyInput.xml (RunModel)" time="0.058" />
  <testcase classname="ptolemy.util.test.junit.AutoTests" name="[13] /home/travis/build/icyphy/ptII/ptolemy/actor/lib/test/auto/ArrayAverage.xml (RunModel)" time="0.042" />
  <testcase classname="ptolemy.util.test.junit.AutoTests" name="[14] /home/travis/build/icyphy/ptII/ptolemy/actor/lib/test/auto/ArrayContains.xml (RunModel)" time="0.033" />
  <testcase classname="ptolemy.util.test.junit.AutoTests" name="[15] /home/travis/build/icyphy/ptII/ptolemy/actor/lib/test/auto/ArrayElement.xml (RunModel)" time="0.028" />
  <testcase classname="ptolemy.util.test.junit.AutoTests" name="[16] /home/travis/build/icyphy/ptII/ptolemy/actor/lib/test/auto/ArrayElementAsMatrix.xml (RunModel)" time="0.048" />
  <testcase classname="ptolemy.util.test.junit.AutoTests" name="[17] /home/travis/build/icyphy/ptII/ptolemy/actor/lib/test/auto/ArrayElementI.xml (RunModel)" time="0.019" />
  <testcase classname="ptolemy.util.test.junit.AutoTests" name="[18] /home/travis/build/icyphy/ptII/ptolemy/actor/lib/test/auto/ArrayExtract.xml (RunModel)" time="0.033" />
  <testcase classname="ptolemy.util.test.junit.AutoTests" name="[19] /home/travis/build/icyphy/ptII/ptolemy/actor/lib/test/auto/ArrayExtract2.xml (RunModel)" time="0.014" />
  <testcase classname="ptolemy.util.test.junit.AutoTests" name="[20] /home/travis/build/icyphy/ptII/ptolemy/actor/lib/test/auto/ArrayLength.xml (RunModel)" time="0.016" />
  <testcase classname="ptolemy.util.test.junit.AutoTests" name="[21] /home/travis/build/icyphy/ptII/ptolemy/actor/lib/test/auto/ArrayLevelCrossing.xml (RunModel)" time="0.024" />
  <testcase classname="ptolemy.util.test.junit.AutoTests" name="[22] /home/travis/build/icyphy/ptII/ptolemy/actor/lib/test/auto/ArrayLevelCrossing2.xml (RunModel)" time="0.022" />
  <testcase classname="ptolemy.util.test.junit.AutoTests" name="[23] /home/travis/build/icyphy/ptII/ptolemy/actor/lib/test/auto/ArrayPeakSearch.xml (RunModel)" time="0.089" />
  <testcase classname="ptolemy.util.test.junit.AutoTests" name="[24] /home/travis/build/icyphy/ptII/ptolemy/actor/lib/test/auto/ArrayPeakSearch2.xml (RunModel)" time="0.033" />
  <testcase classname="ptolemy.util.test.junit.AutoTests" name="[25] /home/travis/build/icyphy/ptII/ptolemy/actor/lib/test/auto/ArrayPeakSearch3.xml (RunModel)" time="0.026" />
  <testcase classname="ptolemy.util.test.junit.AutoTests" name="[26] /home/travis/build/icyphy/ptII/ptolemy/actor/lib/test/auto/ArrayRemoveElement.xml (RunModel)" time="0.024" />
  <testcase classname="ptolemy.util.test.junit.AutoTests" name="[27] /home/travis/build/icyphy/ptII/ptolemy/actor/lib/test/auto/ArraySort.xml (RunModel)" time="0.028" />
  <testcase classname="ptolemy.util.test.junit.AutoTests" name="[28] /home/travis/build/icyphy/ptII/ptolemy/actor/lib/test/auto/ArraySum.xml (RunModel)" time="0.015" />
  <testcase classname="ptolemy.util.test.junit.AutoTests" name="[29] /home/travis/build/icyphy/ptII/ptolemy/actor/lib/test/auto/ArrayToElements.xml (RunModel)" time="0.017" />
  <testcase classname="ptolemy.util.test.junit.AutoTests" name="[30] /home/travis/build/icyphy/ptII/ptolemy/actor/lib/test/auto/ArrayToMatrix.xml (RunModel)" time="0.04" />
  <testcase classname="ptolemy.util.test.junit.AutoTests" name="[31] /home/travis/build/icyphy/ptII/ptolemy/actor/lib/test/auto/ArrayUpdate1.xml (RunModel)" time="0.016" />
  <testcase classname="ptolemy.util.test.junit.AutoTests" name="[32] /home/travis/build/icyphy/ptII/ptolemy/actor/lib/test/auto/ArrayUpdate2.xml (RunModel)" time="0.014" />
  <testcase classname="ptolemy.util.test.junit.AutoTests" name="[33] /home/travis/build/icyphy/ptII/ptolemy/actor/lib/test/auto/ArrayUpdate3.xml (RunModel)" time="0.011" />
  <testcase classname="ptolemy.util.test.junit.AutoTests" name="[34] /home/travis/build/icyphy/ptII/ptolemy/actor/lib/test/auto/Assert1.xml (RunModel)" time="0.017" />
  <testcase classname="ptolemy.util.test.junit.AutoTests" name="[35] /home/travis/build/icyphy/ptII/ptolemy/actor/lib/test/auto/Assert2.xml (RunModel)" time="0.019" />
  <testcase classname="ptolemy.util.test.junit.AutoTests" name="[36] /home/travis/build/icyphy/ptII/ptolemy/actor/lib/test/auto/BooleanMultiplexor.xml (RunModel)" time="0.012" />
  <testcase classname="ptolemy.util.test.junit.AutoTests" name="[37] /home/travis/build/icyphy/ptII/ptolemy/actor/lib/test/auto/BooleanMultiplexor2.xml (RunModel)" time="0.022" />
  <testcase classname="ptolemy.util.test.junit.AutoTests" name="[38] /home/travis/build/icyphy/ptII/ptolemy/actor/lib/test/auto/BooleanMultiplexor3.xml (RunModel)" time="0.01" />
  <testcase classname="ptolemy.util.test.junit.AutoTests" name="[39] /home/travis/build/icyphy/ptII/ptolemy/actor/lib/test/auto/BooleanSelect.xml (RunModel)" time="0.015" />
  <testcase classname="ptolemy.util.test.junit.AutoTests" name="[40] /home/travis/build/icyphy/ptII/ptolemy/actor/lib/test/auto/BooleanSelect2.xml (RunModel)" time="0.012" />
  <testcase classname="ptolemy.util.test.junit.AutoTests" name="[41] /home/travis/build/icyphy/ptII/ptolemy/actor/lib/test/auto/BooleanSwitch.xml (RunModel)" time="0.016" />
  <testcase classname="ptolemy.util.test.junit.AutoTests" name="[42] /home/travis/build/icyphy/ptII/ptolemy/actor/lib/test/auto/BooleanSwitch2.xml (RunModel)" time="0.009" />
  <testcase classname="ptolemy.util.test.junit.AutoTests" name="[43] /home/travis/build/icyphy/ptII/ptolemy/actor/lib/test/auto/BooleanSwitchCloningBugWithClassRelationGroup.xml (RunModel)" time="0.031" />
  <testcase classname="ptolemy.util.test.junit.AutoTests" name="[44] /home/travis/build/icyphy/ptII/ptolemy/actor/lib/test/auto/BusActors.xml (RunModel)" time="0.026" />
  <testcase classname="ptolemy.util.test.junit.AutoTests" name="[45] /home/travis/build/icyphy/ptII/ptolemy/actor/lib/test/auto/ClassWrapper.xml (RunModel)" time="0.019" />
  <testcase classname="ptolemy.util.test.junit.AutoTests" name="[46] /home/travis/build/icyphy/ptII/ptolemy/actor/lib/test/auto/Clock.xml (RunModel)" time="0.008" />
  <testcase classname="ptolemy.util.test.junit.AutoTests" name="[47] /home/travis/build/icyphy/ptII/ptolemy/actor/lib/test/auto/Clock10.xml (RunModel)" time="0.014" />
  <testcase classname="ptolemy.util.test.junit.AutoTests" name="[48] /home/travis/build/icyphy/ptII/ptolemy/actor/lib/test/auto/Clock11.xml (RunModel)" time="0.014" />
  <testcase classname="ptolemy.util.test.junit.AutoTests" name="[49] /home/travis/build/icyphy/ptII/ptolemy/actor/lib/test/auto/Clock12.xml (RunModel)" time="0.018" />
  <testcase classname="ptolemy.util.test.junit.AutoTests" name="[50] /home/travis/build/icyphy/ptII/ptolemy/actor/lib/test/auto/Clock13.xml (RunModel)" time="0.013" />
  <testcase classname="ptolemy.util.test.junit.AutoTests" name="[51] /home/travis/build/icyphy/ptII/ptolemy/actor/lib/test/auto/Clock14.xml (RunModel)" time="0.017" />
  <testcase classname="ptolemy.util.test.junit.AutoTests" name="[52] /home/travis/build/icyphy/ptII/ptolemy/actor/lib/test/auto/Clock15.xml (RunModel)" time="0.009" />
  <testcase classname="ptolemy.util.test.junit.AutoTests" name="[53] /home/travis/build/icyphy/ptII/ptolemy/actor/lib/test/auto/Clock16.xml (RunModel)" time="0.168" />
  <testcase classname="ptolemy.util.test.junit.AutoTests" name="[54] /home/travis/build/icyphy/ptII/ptolemy/actor/lib/test/auto/Clock17.xml (RunModel)" time="0.054" />
  <testcase classname="ptolemy.util.test.junit.AutoTests" name="[55] /home/travis/build/icyphy/ptII/ptolemy/actor/lib/test/auto/Clock18.xml (RunModel)" time="0.046" />
  <testcase classname="ptolemy.util.test.junit.AutoTests" name="[56] /home/travis/build/icyphy/ptII/ptolemy/actor/lib/test/auto/Clock19.xml (RunModel)" time="0.03" />
  <testcase classname="ptolemy.util.test.junit.AutoTests" name="[57] /home/travis/build/icyphy/ptII/ptolemy/actor/lib/test/auto/Clock2.xml (RunModel)" time="0.012" />
  <testcase classname="ptolemy.util.test.junit.AutoTests" name="[58] /home/travis/build/icyphy/ptII/ptolemy/actor/lib/test/auto/Clock20.xml (RunModel)" time="0.012" />
  <testcase classname="ptolemy.util.test.junit.AutoTests" name="[59] /home/travis/build/icyphy/ptII/ptolemy/actor/lib/test/auto/Clock21.xml (RunModel)" time="0.012" />
  <testcase classname="ptolemy.util.test.junit.AutoTests" name="[60] /home/travis/build/icyphy/ptII/ptolemy/actor/lib/test/auto/Clock22.xml (RunModel)" time="0.011" />
  <testcase classname="ptolemy.util.test.junit.AutoTests" name="[61] /home/travis/build/icyphy/ptII/ptolemy/actor/lib/test/auto/Clock23.xml (RunModel)" time="0.016" />
  <testcase classname="ptolemy.util.test.junit.AutoTests" name="[62] /home/travis/build/icyphy/ptII/ptolemy/actor/lib/test/auto/Clock24.xml (RunModel)" time="0.012" />
  <testcase classname="ptolemy.util.test.junit.AutoTests" name="[63] /home/travis/build/icyphy/ptII/ptolemy/actor/lib/test/auto/Clock4.xml (RunModel)" time="0.012" />
  <testcase classname="ptolemy.util.test.junit.AutoTests" name="[64] /home/travis/build/icyphy/ptII/ptolemy/actor/lib/test/auto/Clock5.xml (RunModel)" time="0.009" />
  <testcase classname="ptolemy.util.test.junit.AutoTests" name="[65] /home/travis/build/icyphy/ptII/ptolemy/actor/lib/test/auto/Clock6.xml (RunModel)" time="0.008" />
  <testcase classname="ptolemy.util.test.junit.AutoTests" name="[66] /home/travis/build/icyphy/ptII/ptolemy/actor/lib/test/auto/Clock7.xml (RunModel)" time="0.009" />
  <testcase classname="ptolemy.util.test.junit.AutoTests" name="[67] /home/travis/build/icyphy/ptII/ptolemy/actor/lib/test/auto/Clock8.xml (RunModel)" time="0.011" />
  <testcase classname="ptolemy.util.test.junit.AutoTests" name="[68] /home/travis/build/icyphy/ptII/ptolemy/actor/lib/test/auto/Clock9.xml (RunModel)" time="0.011" />
  <testcase classname="ptolemy.util.test.junit.AutoTests" name="[69] /home/travis/build/icyphy/ptII/ptolemy/actor/lib/test/auto/CommDistDiscard.xml (RunModel)" time="0.02" />
  <testcase classname="ptolemy.util.test.junit.AutoTests" name="[70] /home/travis/build/icyphy/ptII/ptolemy/actor/lib/test/auto/Commutator.xml (RunModel)" time="0.011" />
  <testcase classname="ptolemy.util.test.junit.AutoTests" name="[71] /home/travis/build/icyphy/ptII/ptolemy/actor/lib/test/auto/Commutator2.xml (RunModel)" time="0.008" />
  <testcase classname="ptolemy.util.test.junit.AutoTests" name="[72] /home/travis/build/icyphy/ptII/ptolemy/actor/lib/test/auto/Commutator3.xml (RunModel)" time="0.009" />
  <testcase classname="ptolemy.util.test.junit.AutoTests" name="[73] /home/travis/build/icyphy/ptII/ptolemy/actor/lib/test/auto/Compare.xml (RunModel)" time="0.015" />
  <testcase classname="ptolemy.util.test.junit.AutoTests" name="[74] /home/travis/build/icyphy/ptII/ptolemy/actor/lib/test/auto/CompareDE.xml (RunModel)" time="0.017" />
  <testcase classname="ptolemy.util.test.junit.AutoTests" name="[75] /home/travis/build/icyphy/ptII/ptolemy/actor/lib/test/auto/ComplexDivide.xml (RunModel)" time="0.01" />
  <testcase classname="ptolemy.util.test.junit.AutoTests" name="[76] /home/travis/build/icyphy/ptII/ptolemy/actor/lib/test/auto/ComputeHistogram.xml (RunModel)" time="0.053" />
  <testcase classname="ptolemy.util.test.junit.AutoTests" name="[77] /home/travis/build/icyphy/ptII/ptolemy/actor/lib/test/auto/ConfigurationSelect.xml (RunModel)" time="0.015" />
  <testcase classname="ptolemy.util.test.junit.AutoTests" name="[78] /home/travis/build/icyphy/ptII/ptolemy/actor/lib/test/auto/ConfigurationSelect2.xml (RunModel)" time="0.012" />
  <testcase classname="ptolemy.util.test.junit.AutoTests" name="[79] /home/travis/build/icyphy/ptII/ptolemy/actor/lib/test/auto/ConfigurationSwitch.xml (RunModel)" time="0.019" />
  <testcase classname="ptolemy.util.test.junit.AutoTests" name="[80] /home/travis/build/icyphy/ptII/ptolemy/actor/lib/test/auto/ConfigurationSwitch2.xml (RunModel)" time="0.025" />
  <testcase classname="ptolemy.util.test.junit.AutoTests" name="[81] /home/travis/build/icyphy/ptII/ptolemy/actor/lib/test/auto/ConfigurationSwitchCloningBugWithClassRelationGroup.xml (RunModel)" time="0.017" />
  <testcase classname="ptolemy.util.test.junit.AutoTests" name="[82] /home/travis/build/icyphy/ptII/ptolemy/actor/lib/test/auto/ConfigurationSwitchSelectSDF.xml (RunModel)" time="0.012" />
  <testcase classname="ptolemy.util.test.junit.AutoTests" name="[83] /home/travis/build/icyphy/ptII/ptolemy/actor/lib/test/auto/ConfigurationSwitchSelectSDF2.xml (RunModel)" time="0.011" />
  <testcase classname="ptolemy.util.test.junit.AutoTests" name="[84] /home/travis/build/icyphy/ptII/ptolemy/actor/lib/test/auto/Const.xml (RunModel)" time="0.006" />
  <testcase classname="ptolemy.util.test.junit.AutoTests" name="[85] /home/travis/build/icyphy/ptII/ptolemy/actor/lib/test/auto/Const2.xml (RunModel)" time="0.008" />
  <testcase classname="ptolemy.util.test.junit.AutoTests" name="[86] /home/travis/build/icyphy/ptII/ptolemy/actor/lib/test/auto/Const3.xml (RunModel)" time="0.005" />
  <testcase classname="ptolemy.util.test.junit.AutoTests" name="[87] /home/travis/build/icyphy/ptII/ptolemy/actor/lib/test/auto/ConstantPublisherPort1.xml (RunModel)" time="0.019" />
  <testcase classname="ptolemy.util.test.junit.AutoTests" name="[88] /home/travis/build/icyphy/ptII/ptolemy/actor/lib/test/auto/ConstantPublisherPort2.xml (RunModel)" time="0.017" />
  <testcase classname="ptolemy.util.test.junit.AutoTests" name="[89] /home/travis/build/icyphy/ptII/ptolemy/actor/lib/test/auto/ConstantPublisherPort3.xml (RunModel)" time="0.016" />
  <testcase classname="ptolemy.util.test.junit.AutoTests" name="[90] /home/travis/build/icyphy/ptII/ptolemy/actor/lib/test/auto/ConstantPublisherPort4.xml (RunModel)" time="0.015" />
  <testcase classname="ptolemy.util.test.junit.AutoTests" name="[91] /home/travis/build/icyphy/ptII/ptolemy/actor/lib/test/auto/ConstantPublisherPort5.xml (RunModel)" time="0.041" />
  <testcase classname="ptolemy.util.test.junit.AutoTests" name="[92] /home/travis/build/icyphy/ptII/ptolemy/actor/lib/test/auto/ConstantPublisherPort6.xml (RunModel)" time="0.029" />
  <testcase classname="ptolemy.util.test.junit.AutoTests" name="[93] /home/travis/build/icyphy/ptII/ptolemy/actor/lib/test/auto/ConstantPublisherPort7.xml (RunModel)" time="0.027" />
  <testcase classname="ptolemy.util.test.junit.AutoTests" name="[94] /home/travis/build/icyphy/ptII/ptolemy/actor/lib/test/auto/ConstraintMonitor1.xml (RunModel)" time="0.037" />
  <testcase classname="ptolemy.util.test.junit.AutoTests" name="[95] /home/travis/build/icyphy/ptII/ptolemy/actor/lib/test/auto/ConstraintMonitor2.xml (RunModel)" time="0.013" />
  <testcase classname="ptolemy.util.test.junit.AutoTests" name="[96] /home/travis/build/icyphy/ptII/ptolemy/actor/lib/test/auto/ConstraintMonitor3.xml (RunModel)" time="0.016" />
  <testcase classname="ptolemy.util.test.junit.AutoTests" name="[97] /home/travis/build/icyphy/ptII/ptolemy/actor/lib/test/auto/ConstraintMonitor4.xml (RunModel)" time="0.011" />
  <testcase classname="ptolemy.util.test.junit.AutoTests" name="[98] /home/travis/build/icyphy/ptII/ptolemy/actor/lib/test/auto/ConstraintMonitor5.xml (RunModel)" time="0.01" />
  <testcase classname="ptolemy.util.test.junit.AutoTests" name="[99] /home/travis/build/icyphy/ptII/ptolemy/actor/lib/test/auto/ConstraintMonitor6.xml (RunModel)" time="0.014" />
  <testcase classname="ptolemy.util.test.junit.AutoTests" name="[100] /home/travis/build/icyphy/ptII/ptolemy/actor/lib/test/auto/ConstraintMonitor7.xml (RunModel)" time="0.016" />
  <testcase classname="ptolemy.util.test.junit.AutoTests" name="[101] /home/travis/build/icyphy/ptII/ptolemy/actor/lib/test/auto/ConstraintMonitor8.xml (RunModel)" time="0.019" />
  <testcase classname="ptolemy.util.test.junit.AutoTests" name="[102] /home/travis/build/icyphy/ptII/ptolemy/actor/lib/test/auto/Counter.xml (RunModel)" time="0.013" />
  <testcase classname="ptolemy.util.test.junit.AutoTests" name="[103] /home/travis/build/icyphy/ptII/ptolemy/actor/lib/test/auto/CurrentTimeSDF.xml (RunModel)" time="0.009" />
  <testcase classname="ptolemy.util.test.junit.AutoTests" name="[104] /home/travis/build/icyphy/ptII/ptolemy/actor/lib/test/auto/DB.xml (RunModel)" time="0.012" />
  <testcase classname="ptolemy.util.test.junit.AutoTests" name="[105] /home/travis/build/icyphy/ptII/ptolemy/actor/lib/test/auto/DBDE.xml (RunModel)" time="0.013" />
  <testcase classname="ptolemy.util.test.junit.AutoTests" name="[106] /home/travis/build/icyphy/ptII/ptolemy/actor/lib/test/auto/DateConstructor.xml (RunModel)" time="0.065" />
  <testcase classname="ptolemy.util.test.junit.AutoTests" name="[107] /home/travis/build/icyphy/ptII/ptolemy/actor/lib/test/auto/DelayTime.xml (RunModel)" time="0.014" />
  <testcase classname="ptolemy.util.test.junit.AutoTests" name="[108] /home/travis/build/icyphy/ptII/ptolemy/actor/lib/test/auto/Dictionary1.xml (RunModel)" time="0.016" />
  <testcase classname="ptolemy.util.test.junit.AutoTests" name="[109] /home/travis/build/icyphy/ptII/ptolemy/actor/lib/test/auto/Dictionary2.xml (RunModel)" time="0.017" />
  <testcase classname="ptolemy.util.test.junit.AutoTests" name="[110] /home/travis/build/icyphy/ptII/ptolemy/actor/lib/test/auto/Dictionary3.xml (RunModel)" time="0.015" />
  <testcase classname="ptolemy.util.test.junit.AutoTests" name="[111] /home/travis/build/icyphy/ptII/ptolemy/actor/lib/test/auto/Dictionary4.xml (RunModel)" time="0.018" />
  <testcase classname="ptolemy.util.test.junit.AutoTests" name="[112] /home/travis/build/icyphy/ptII/ptolemy/actor/lib/test/auto/Differential.xml (RunModel)" time="0.01" />
  <testcase classname="ptolemy.util.test.junit.AutoTests" name="[113] /home/travis/build/icyphy/ptII/ptolemy/actor/lib/test/auto/Director.xml (RunModel)" time="0.008" />
  <testcase classname="ptolemy.util.test.junit.AutoTests" name="[114] /home/travis/build/icyphy/ptII/ptolemy/actor/lib/test/auto/DiscreteClock.xml (RunModel)" time="0.007" />
  <testcase classname="ptolemy.util.test.junit.AutoTests" name="[115] /home/travis/build/icyphy/ptII/ptolemy/actor/lib/test/auto/DiscreteClock10.xml (RunModel)" time="0.015" />
  <testcase classname="ptolemy.util.test.junit.AutoTests" name="[116] /home/travis/build/icyphy/ptII/ptolemy/actor/lib/test/auto/DiscreteClock11.xml (RunModel)" time="0.014" />
  <testcase classname="ptolemy.util.test.junit.AutoTests" name="[117] /home/travis/build/icyphy/ptII/ptolemy/actor/lib/test/auto/DiscreteClock12.xml (RunModel)" time="0.016" />
  <testcase classname="ptolemy.util.test.junit.AutoTests" name="[118] /home/travis/build/icyphy/ptII/ptolemy/actor/lib/test/auto/DiscreteClock13.xml (RunModel)" time="0.018" />
  <testcase classname="ptolemy.util.test.junit.AutoTests" name="[119] /home/travis/build/icyphy/ptII/ptolemy/actor/lib/test/auto/DiscreteClock14.xml (RunModel)" time="0.016" />
  <testcase classname="ptolemy.util.test.junit.AutoTests" name="[120] /home/travis/build/icyphy/ptII/ptolemy/actor/lib/test/auto/DiscreteClock15.xml (RunModel)" time="0.016" />
  <testcase classname="ptolemy.util.test.junit.AutoTests" name="[121] /home/travis/build/icyphy/ptII/ptolemy/actor/lib/test/auto/DiscreteClock16.xml (RunModel)" time="0.049" />
  <testcase classname="ptolemy.util.test.junit.AutoTests" name="[122] /home/travis/build/icyphy/ptII/ptolemy/actor/lib/test/auto/DiscreteClock17.xml (RunModel)" time="0.049" />
  <testcase classname="ptolemy.util.test.junit.AutoTests" name="[123] /home/travis/build/icyphy/ptII/ptolemy/actor/lib/test/auto/DiscreteClock18.xml (RunModel)" time="0.055" />
  <testcase classname="ptolemy.util.test.junit.AutoTests" name="[124] /home/travis/build/icyphy/ptII/ptolemy/actor/lib/test/auto/DiscreteClock19.xml (RunModel)" time="0.068" />
  <testcase classname="ptolemy.util.test.junit.AutoTests" name="[125] /home/travis/build/icyphy/ptII/ptolemy/actor/lib/test/auto/DiscreteClock2.xml (RunModel)" time="0.011" />
  <testcase classname="ptolemy.util.test.junit.AutoTests" name="[126] /home/travis/build/icyphy/ptII/ptolemy/actor/lib/test/auto/DiscreteClock20.xml (RunModel)" time="0.02" />
  <testcase classname="ptolemy.util.test.junit.AutoTests" name="[127] /home/travis/build/icyphy/ptII/ptolemy/actor/lib/test/auto/DiscreteClock21.xml (RunModel)" time="0.018" />
  <testcase classname="ptolemy.util.test.junit.AutoTests" name="[128] /home/travis/build/icyphy/ptII/ptolemy/actor/lib/test/auto/DiscreteClock22.xml (RunModel)" time="0.017" />
  <testcase classname="ptolemy.util.test.junit.AutoTests" name="[129] /home/travis/build/icyphy/ptII/ptolemy/actor/lib/test/auto/DiscreteClock23.xml (RunModel)" time="0.022" />
  <testcase classname="ptolemy.util.test.junit.AutoTests" name="[130] /home/travis/build/icyphy/ptII/ptolemy/actor/lib/test/auto/DiscreteClock24.xml (RunModel)" time="0.016" />
  <testcase classname="ptolemy.util.test.junit.AutoTests" name="[131] /home/travis/build/icyphy/ptII/ptolemy/actor/lib/test/auto/DiscreteClock4.xml (RunModel)" time="0.012" />
  <testcase classname="ptolemy.util.test.junit.AutoTests" name="[132] /home/travis/build/icyphy/ptII/ptolemy/actor/lib/test/auto/DiscreteClock5.xml (RunModel)" time="0.01" />
  <testcase classname="ptolemy.util.test.junit.AutoTests" name="[133] /home/travis/build/icyphy/ptII/ptolemy/actor/lib/test/auto/DiscreteClock6.xml (RunModel)" time="0.012" />
  <testcase classname="ptolemy.util.test.junit.AutoTests" name="[134] /home/travis/build/icyphy/ptII/ptolemy/actor/lib/test/auto/DiscreteClock7.xml (RunModel)" time="0.011" />
  <testcase classname="ptolemy.util.test.junit.AutoTests" name="[135] /home/travis/build/icyphy/ptII/ptolemy/actor/lib/test/auto/DiscreteClock8.xml (RunModel)" time="0.019" />
  <testcase classname="ptolemy.util.test.junit.AutoTests" name="[136] /home/travis/build/icyphy/ptII/ptolemy/actor/lib/test/auto/DiscreteClock9.xml (RunModel)" time="0.012" />
  <testcase classname="ptolemy.util.test.junit.AutoTests" name="[137] /home/travis/build/icyphy/ptII/ptolemy/actor/lib/test/auto/DisplayArray.xml (RunModel)" time="0.01" />
  <testcase classname="ptolemy.util.test.junit.AutoTests" name="[138] /home/travis/build/icyphy/ptII/ptolemy/actor/lib/test/auto/Distributor.xml (RunModel)" time="0.008" />
  <testcase classname="ptolemy.util.test.junit.AutoTests" name="[139] /home/travis/build/icyphy/ptII/ptolemy/actor/lib/test/auto/Distributor2.xml (RunModel)" time="0.008" />
  <testcase classname="ptolemy.util.test.junit.AutoTests" name="[140] /home/travis/build/icyphy/ptII/ptolemy/actor/lib/test/auto/DownSample.xml (RunModel)" time="0.008" />
  <testcase classname="ptolemy.util.test.junit.AutoTests" name="[141] /home/travis/build/icyphy/ptII/ptolemy/actor/lib/test/auto/ElectronicUnitBase1.xml (RunModel)" time="0.047" />
  <testcase classname="ptolemy.util.test.junit.AutoTests" name="[142] /home/travis/build/icyphy/ptII/ptolemy/actor/lib/test/auto/ElementsToArray.xml (RunModel)" time="0.009" />
  <testcase classname="ptolemy.util.test.junit.AutoTests" name="[143] /home/travis/build/icyphy/ptII/ptolemy/actor/lib/test/auto/Equals.xml (RunModel)" time="0.01" />
  <testcase classname="ptolemy.util.test.junit.AutoTests" name="[144] /home/travis/build/icyphy/ptII/ptolemy/actor/lib/test/auto/Exec.xml (RunModel)" time="0.025" />
  <testcase classname="ptolemy.util.test.junit.AutoTests" name="[145] /home/travis/build/icyphy/ptII/ptolemy/actor/lib/test/auto/ExecEnvironment.xml (RunModel)" time="0.031" />
  <testcase classname="ptolemy.util.test.junit.AutoTests" name="[146] /home/travis/build/icyphy/ptII/ptolemy/actor/lib/test/auto/ExecNonZeroReturnOutput.xml (RunModel)" time="0.178" />
  <testcase classname="ptolemy.util.test.junit.AutoTests" name="[147] /home/travis/build/icyphy/ptII/ptolemy/actor/lib/test/auto/ExecRunDemos.xml (RunModel)" time="10.275" />
  <testcase classname="ptolemy.util.test.junit.AutoTests" name="[148] /home/travis/build/icyphy/ptII/ptolemy/actor/lib/test/auto/ExecStop.xml (RunModel)" time="5.037" />
  <testcase classname="ptolemy.util.test.junit.AutoTests" name="[149] /home/travis/build/icyphy/ptII/ptolemy/actor/lib/test/auto/ExecutionTimeSDF.xml (RunModel)" time="6.038" />
  <testcase classname="ptolemy.util.test.junit.AutoTests" name="[150] /home/travis/build/icyphy/ptII/ptolemy/actor/lib/test/auto/Expression1.xml (RunModel)" time="0.011" />
  <testcase classname="ptolemy.util.test.junit.AutoTests" name="[151] /home/travis/build/icyphy/ptII/ptolemy/actor/lib/test/auto/Expression10.xml (RunModel)" time="0.015" />
  <testcase classname="ptolemy.util.test.junit.AutoTests" name="[152] /home/travis/build/icyphy/ptII/ptolemy/actor/lib/test/auto/Expression11.xml (RunModel)" time="0.027" />
  <testcase classname="ptolemy.util.test.junit.AutoTests" name="[153] /home/travis/build/icyphy/ptII/ptolemy/actor/lib/test/auto/Expression12.xml (RunModel)" time="0.016" />
  <testcase classname="ptolemy.util.test.junit.AutoTests" name="[154] /home/travis/build/icyphy/ptII/ptolemy/actor/lib/test/auto/Expression13.xml (RunModel)" time="0.013" />
  <testcase classname="ptolemy.util.test.junit.AutoTests" name="[155] /home/travis/build/icyphy/ptII/ptolemy/actor/lib/test/auto/Expression14.xml (RunModel)" time="0.019" />
  <testcase classname="ptolemy.util.test.junit.AutoTests" name="[156] /home/travis/build/icyphy/ptII/ptolemy/actor/lib/test/auto/Expression15.xml (RunModel)" time="0.006" />
  <testcase classname="ptolemy.util.test.junit.AutoTests" name="[157] /home/travis/build/icyphy/ptII/ptolemy/actor/lib/test/auto/Expression16.xml (RunModel)" time="0.011" />
  <testcase classname="ptolemy.util.test.junit.AutoTests" name="[158] /home/travis/build/icyphy/ptII/ptolemy/actor/lib/test/auto/Expression17.xml (RunModel)" time="0.01" />
  <testcase classname="ptolemy.util.test.junit.AutoTests" name="[159] /home/travis/build/icyphy/ptII/ptolemy/actor/lib/test/auto/Expression18.xml (RunModel)" time="0.02" />
  <testcase classname="ptolemy.util.test.junit.AutoTests" name="[160] /home/travis/build/icyphy/ptII/ptolemy/actor/lib/test/auto/Expression2.xml (RunModel)" time="0.011" />
  <testcase classname="ptolemy.util.test.junit.AutoTests" name="[161] /home/travis/build/icyphy/ptII/ptolemy/actor/lib/test/auto/Expression3.xml (RunModel)" time="0.009" />
  <testcase classname="ptolemy.util.test.junit.AutoTests" name="[162] /home/travis/build/icyphy/ptII/ptolemy/actor/lib/test/auto/Expression4.xml (RunModel)" time="0.017" />
  <testcase classname="ptolemy.util.test.junit.AutoTests" name="[163] /home/travis/build/icyphy/ptII/ptolemy/actor/lib/test/auto/Expression5.xml (RunModel)" time="0.009" />
  <testcase classname="ptolemy.util.test.junit.AutoTests" name="[164] /home/travis/build/icyphy/ptII/ptolemy/actor/lib/test/auto/Expression6.xml (RunModel)" time="0.007" />
  <testcase classname="ptolemy.util.test.junit.AutoTests" name="[165] /home/travis/build/icyphy/ptII/ptolemy/actor/lib/test/auto/Expression7.xml (RunModel)" time="0.009" />
  <testcase classname="ptolemy.util.test.junit.AutoTests" name="[166] /home/travis/build/icyphy/ptII/ptolemy/actor/lib/test/auto/Expression8.xml (RunModel)" time="0.009" />
  <testcase classname="ptolemy.util.test.junit.AutoTests" name="[167] /home/travis/build/icyphy/ptII/ptolemy/actor/lib/test/auto/Expression9.xml (RunModel)" time="0.013" />
  <testcase classname="ptolemy.util.test.junit.AutoTests" name="[168] /home/travis/build/icyphy/ptII/ptolemy/actor/lib/test/auto/ExpressionConcatenateArrayType.xml (RunModel)" time="0.028" />
  <testcase classname="ptolemy.util.test.junit.AutoTests" name="[169] /home/travis/build/icyphy/ptII/ptolemy/actor/lib/test/auto/ExpressionConcatenateArrayType2.xml (RunModel)" time="0.018" />
  <testcase classname="ptolemy.util.test.junit.AutoTests" name="[170] /home/travis/build/icyphy/ptII/ptolemy/actor/lib/test/auto/ExpressionFix.xml (RunModel)" time="0.04" />
  <testcase classname="ptolemy.util.test.junit.AutoTests" name="[171] /home/travis/build/icyphy/ptII/ptolemy/actor/lib/test/auto/ExpressionFix2.xml (RunModel)" time="0.013" />
  <testcase classname="ptolemy.util.test.junit.AutoTests" name="[172] /home/travis/build/icyphy/ptII/ptolemy/actor/lib/test/auto/ExpressionFix3.xml (RunModel)" time="0.01" />
  <testcase classname="ptolemy.util.test.junit.AutoTests" name="[173] /home/travis/build/icyphy/ptII/ptolemy/actor/lib/test/auto/FileWriter1.xml (RunModel)" time="0.009" />
  <testcase classname="ptolemy.util.test.junit.AutoTests" name="[174] /home/travis/build/icyphy/ptII/ptolemy/actor/lib/test/auto/FileWriter2.xml (RunModel)" time="0.012" />
  <testcase classname="ptolemy.util.test.junit.AutoTests" name="[175] /home/travis/build/icyphy/ptII/ptolemy/actor/lib/test/auto/FileWriter3.xml (RunModel)" time="0.009" />
  <testcase classname="ptolemy.util.test.junit.AutoTests" name="[176] /home/travis/build/icyphy/ptII/ptolemy/actor/lib/test/auto/Gaussian.xml (RunModel)" time="0.012" />
  <testcase classname="ptolemy.util.test.junit.AutoTests" name="[177] /home/travis/build/icyphy/ptII/ptolemy/actor/lib/test/auto/Gaussian1.xml (RunModel)" time="0.013" />
  <testcase classname="ptolemy.util.test.junit.AutoTests" name="[178] /home/travis/build/icyphy/ptII/ptolemy/actor/lib/test/auto/Gaussian2.xml (RunModel)" time="0.023" />
  <testcase classname="ptolemy.util.test.junit.AutoTests" name="[179] /home/travis/build/icyphy/ptII/ptolemy/actor/lib/test/auto/GradientAdaptiveLattice.xml (RunModel)" time="0.014" />
  <testcase classname="ptolemy.util.test.junit.AutoTests" name="[180] /home/travis/build/icyphy/ptII/ptolemy/actor/lib/test/auto/IIR.xml (RunModel)" time="0.009" />
  <testcase classname="ptolemy.util.test.junit.AutoTests" name="[181] /home/travis/build/icyphy/ptII/ptolemy/actor/lib/test/auto/InputOutputTransparentPorts.xml (RunModel)" time="0.019" />
  <testcase classname="ptolemy.util.test.junit.AutoTests" name="[182] /home/travis/build/icyphy/ptII/ptolemy/actor/lib/test/auto/Interpolator.xml (RunModel)" time="0.011" />
  <testcase classname="ptolemy.util.test.junit.AutoTests" name="[183] /home/travis/build/icyphy/ptII/ptolemy/actor/lib/test/auto/InterpolatorFiringLimitDE.xml (RunModel)" time="0.015" />
  <testcase classname="ptolemy.util.test.junit.AutoTests" name="[184] /home/travis/build/icyphy/ptII/ptolemy/actor/lib/test/auto/Lattice.xml (RunModel)" time="0.01" />
  <testcase classname="ptolemy.util.test.junit.AutoTests" name="[185] /home/travis/build/icyphy/ptII/ptolemy/actor/lib/test/auto/LazyAOCTestLazy.xml (RunModel)" time="0.035" />
  <testcase classname="ptolemy.util.test.junit.AutoTests" name="[186] /home/travis/build/icyphy/ptII/ptolemy/actor/lib/test/auto/LazyAOCTestNonLazy.xml (RunModel)" time="0.052" />
  <testcase classname="ptolemy.util.test.junit.AutoTests" name="[187] /home/travis/build/icyphy/ptII/ptolemy/actor/lib/test/auto/LazyInnerClass.xml (RunModel)" time="0.047" />
  <testcase classname="ptolemy.util.test.junit.AutoTests" name="[188] /home/travis/build/icyphy/ptII/ptolemy/actor/lib/test/auto/LazyPubSub.xml (RunModel)" time="0.05" />
  <testcase classname="ptolemy.util.test.junit.AutoTests" name="[189] /home/travis/build/icyphy/ptII/ptolemy/actor/lib/test/auto/LazyPubSub2.xml (RunModel)" time="0.031" />
  <testcase classname="ptolemy.util.test.junit.AutoTests" name="[190] /home/travis/build/icyphy/ptII/ptolemy/actor/lib/test/auto/LazyPubSub3.xml (RunModel)" time="0.025" />
  <testcase classname="ptolemy.util.test.junit.AutoTests" name="[191] /home/travis/build/icyphy/ptII/ptolemy/actor/lib/test/auto/LazySubClassModel.xml (RunModel)" time="0.033" />
  <testcase classname="ptolemy.util.test.junit.AutoTests" name="[192] /home/travis/build/icyphy/ptII/ptolemy/actor/lib/test/auto/LevelCrossTest1.xml (RunModel)" time="0.011" />
  <testcase classname="ptolemy.util.test.junit.AutoTests" name="[193] /home/travis/build/icyphy/ptII/ptolemy/actor/lib/test/auto/LevelCrossTest10.xml (RunModel)" time="0.018" />
  <testcase classname="ptolemy.util.test.junit.AutoTests" name="[194] /home/travis/build/icyphy/ptII/ptolemy/actor/lib/test/auto/LevelCrossTest11.xml (RunModel)" time="0.016" />
  <testcase classname="ptolemy.util.test.junit.AutoTests" name="[195] /home/travis/build/icyphy/ptII/ptolemy/actor/lib/test/auto/LevelCrossTest12.xml (RunModel)" time="0.018" />
  <testcase classname="ptolemy.util.test.junit.AutoTests" name="[196] /home/travis/build/icyphy/ptII/ptolemy/actor/lib/test/auto/LevelCrossTest13.xml (RunModel)" time="0.014" />
  <testcase classname="ptolemy.util.test.junit.AutoTests" name="[197] /home/travis/build/icyphy/ptII/ptolemy/actor/lib/test/auto/LevelCrossTest2.xml (RunModel)" time="0.01" />
  <testcase classname="ptolemy.util.test.junit.AutoTests" name="[198] /home/travis/build/icyphy/ptII/ptolemy/actor/lib/test/auto/LevelCrossTest3.xml (RunModel)" time="0.012" />
  <testcase classname="ptolemy.util.test.junit.AutoTests" name="[199] /home/travis/build/icyphy/ptII/ptolemy/actor/lib/test/auto/LevelCrossTest4.xml (RunModel)" time="0.01" />
  <testcase classname="ptolemy.util.test.junit.AutoTests" name="[200] /home/travis/build/icyphy/ptII/ptolemy/actor/lib/test/auto/LevelCrossTest5.xml (RunModel)" time="0.013" />
  <testcase classname="ptolemy.util.test.junit.AutoTests" name="[201] /home/travis/build/icyphy/ptII/ptolemy/actor/lib/test/auto/LevelCrossTest6.xml (RunModel)" time="0.014" />
  <testcase classname="ptolemy.util.test.junit.AutoTests" name="[202] /home/travis/build/icyphy/ptII/ptolemy/actor/lib/test/auto/LevelCrossTest7.xml (RunModel)" time="0.024" />
  <testcase classname="ptolemy.util.test.junit.AutoTests" name="[203] /home/travis/build/icyphy/ptII/ptolemy/actor/lib/test/auto/LevelCrossTest8.xml (RunModel)" time="0.016" />
  <testcase classname="ptolemy.util.test.junit.AutoTests" name="[204] /home/travis/build/icyphy/ptII/ptolemy/actor/lib/test/auto/LevelCrossTest9.xml (RunModel)" time="0.014" />
  <testcase classname="ptolemy.util.test.junit.AutoTests" name="[205] /home/travis/build/icyphy/ptII/ptolemy/actor/lib/test/auto/LevinsonDurbin.xml (RunModel)" time="0.007" />
  <testcase classname="ptolemy.util.test.junit.AutoTests" name="[206] /home/travis/build/icyphy/ptII/ptolemy/actor/lib/test/auto/LevinsonDurbin2.xml (RunModel)" time="0.007" />
  <testcase classname="ptolemy.util.test.junit.AutoTests" name="[207] /home/travis/build/icyphy/ptII/ptolemy/actor/lib/test/auto/LevinsonDurbin3.xml (RunModel)" time="0.011" />
  <testcase classname="ptolemy.util.test.junit.AutoTests" name="[208] /home/travis/build/icyphy/ptII/ptolemy/actor/lib/test/auto/Limiter.xml (RunModel)" time="0.035" />
  <testcase classname="ptolemy.util.test.junit.AutoTests" name="[209] /home/travis/build/icyphy/ptII/ptolemy/actor/lib/test/auto/LinearDifferenceEquationSystem.xml (RunModel)" time="0.022" />
  <testcase classname="ptolemy.util.test.junit.AutoTests" name="[210] /home/travis/build/icyphy/ptII/ptolemy/actor/lib/test/auto/LookupTable.xml (RunModel)" time="0.01" />
  <testcase classname="ptolemy.util.test.junit.AutoTests" name="[211] /home/travis/build/icyphy/ptII/ptolemy/actor/lib/test/auto/MathFunction.xml (RunModel)" time="0.023" />
  <testcase classname="ptolemy.util.test.junit.AutoTests" name="[212] /home/travis/build/icyphy/ptII/ptolemy/actor/lib/test/auto/MathFunction2.xml (RunModel)" time="0.02" />
  <testcase classname="ptolemy.util.test.junit.AutoTests" name="[213] /home/travis/build/icyphy/ptII/ptolemy/actor/lib/test/auto/MathFunction3.xml (RunModel)" time="0.026" />
  <testcase classname="ptolemy.util.test.junit.AutoTests" name="[214] /home/travis/build/icyphy/ptII/ptolemy/actor/lib/test/auto/MatrixCropBoolean.xml (RunModel)" time="0.014" />
  <testcase classname="ptolemy.util.test.junit.AutoTests" name="[215] /home/travis/build/icyphy/ptII/ptolemy/actor/lib/test/auto/MatrixCropComplex.xml (RunModel)" time="0.008" />
  <testcase classname="ptolemy.util.test.junit.AutoTests" name="[216] /home/travis/build/icyphy/ptII/ptolemy/actor/lib/test/auto/MatrixCropDouble.xml (RunModel)" time="0.009" />
  <testcase classname="ptolemy.util.test.junit.AutoTests" name="[217] /home/travis/build/icyphy/ptII/ptolemy/actor/lib/test/auto/MatrixCropFix.xml (RunModel)" time="0.013" />
  <testcase classname="ptolemy.util.test.junit.AutoTests" name="[218] /home/travis/build/icyphy/ptII/ptolemy/actor/lib/test/auto/MatrixCropInt.xml (RunModel)" time="0.01" />
  <testcase classname="ptolemy.util.test.junit.AutoTests" name="[219] /home/travis/build/icyphy/ptII/ptolemy/actor/lib/test/auto/MatrixCropLong.xml (RunModel)" time="0.01" />
  <testcase classname="ptolemy.util.test.junit.AutoTests" name="[220] /home/travis/build/icyphy/ptII/ptolemy/actor/lib/test/auto/MatrixToArray.xml (RunModel)" time="0.052" />
  <testcase classname="ptolemy.util.test.junit.AutoTests" name="[221] /home/travis/build/icyphy/ptII/ptolemy/actor/lib/test/auto/MaxIndex.xml (RunModel)" time="0.012" />
  <testcase classname="ptolemy.util.test.junit.AutoTests" name="[222] /home/travis/build/icyphy/ptII/ptolemy/actor/lib/test/auto/Maximum.xml (RunModel)" time="0.017" />
  <testcase classname="ptolemy.util.test.junit.AutoTests" name="[223] /home/travis/build/icyphy/ptII/ptolemy/actor/lib/test/auto/MaximumComplex.xml (RunModel)" time="0.022" />
  <testcase classname="ptolemy.util.test.junit.AutoTests" name="[224] /home/travis/build/icyphy/ptII/ptolemy/actor/lib/test/auto/MethodCallTest.xml (RunModel)" time="0.022" />
  <testcase classname="ptolemy.util.test.junit.AutoTests" name="[225] /home/travis/build/icyphy/ptII/ptolemy/actor/lib/test/auto/Minimum.xml (RunModel)" time="0.023" />
  <testcase classname="ptolemy.util.test.junit.AutoTests" name="[226] /home/travis/build/icyphy/ptII/ptolemy/actor/lib/test/auto/MinimumComplex.xml (RunModel)" time="0.023" />
  <testcase classname="ptolemy.util.test.junit.AutoTests" name="[227] /home/travis/build/icyphy/ptII/ptolemy/actor/lib/test/auto/MinimumMultiports.xml (RunModel)" time="0.02" />
  <testcase classname="ptolemy.util.test.junit.AutoTests" name="[228] /home/travis/build/icyphy/ptII/ptolemy/actor/lib/test/auto/ModifyDate.xml (RunModel)" time="0.042" />
  <testcase classname="ptolemy.util.test.junit.AutoTests" name="[229] /home/travis/build/icyphy/ptII/ptolemy/actor/lib/test/auto/ModifyDate2.xml (RunModel)" time="0.02" />
  <testcase classname="ptolemy.util.test.junit.AutoTests" name="[230] /home/travis/build/icyphy/ptII/ptolemy/actor/lib/test/auto/MovingAverage.xml (RunModel)" time="0.009" />
  <testcase classname="ptolemy.util.test.junit.AutoTests" name="[231] /home/travis/build/icyphy/ptII/ptolemy/actor/lib/test/auto/MovingMaximum.xml (RunModel)" time="0.008" />
  <testcase classname="ptolemy.util.test.junit.AutoTests" name="[232] /home/travis/build/icyphy/ptII/ptolemy/actor/lib/test/auto/MultipleLinksToSameRelation.xml (RunModel)" time="0.005" />
  <testcase classname="ptolemy.util.test.junit.AutoTests" name="[233] /home/travis/build/icyphy/ptII/ptolemy/actor/lib/test/auto/MultipleLinksToSameRelationDE.xml (RunModel)" time="0.006" />
  <testcase classname="ptolemy.util.test.junit.AutoTests" name="[234] /home/travis/build/icyphy/ptII/ptolemy/actor/lib/test/auto/Multiplexor.xml (RunModel)" time="0.009" />
  <testcase classname="ptolemy.util.test.junit.AutoTests" name="[235] /home/travis/build/icyphy/ptII/ptolemy/actor/lib/test/auto/Multiplexor1.xml (RunModel)" time="0.008" />
  <testcase classname="ptolemy.util.test.junit.AutoTests" name="[236] /home/travis/build/icyphy/ptII/ptolemy/actor/lib/test/auto/Multiplexor2.xml (RunModel)" time="0.01" />
  <testcase classname="ptolemy.util.test.junit.AutoTests" name="[237] /home/travis/build/icyphy/ptII/ptolemy/actor/lib/test/auto/Multiplexor3.xml (RunModel)" time="0.008" />
  <testcase classname="ptolemy.util.test.junit.AutoTests" name="[238] /home/travis/build/icyphy/ptII/ptolemy/actor/lib/test/auto/MultiplexorDE.xml (RunModel)" time="0.015" />
  <testcase classname="ptolemy.util.test.junit.AutoTests" name="[239] /home/travis/build/icyphy/ptII/ptolemy/actor/lib/test/auto/MultiportBroadcastTest.xml (RunModel)" time="0.081" />
  <testcase classname="ptolemy.util.test.junit.AutoTests" name="[240] /home/travis/build/icyphy/ptII/ptolemy/actor/lib/test/auto/MultiportOutHangDuringGetWidth.xml (RunModel)" time="0.033" />
  <testcase classname="ptolemy.util.test.junit.AutoTests" name="[241] /home/travis/build/icyphy/ptII/ptolemy/actor/lib/test/auto/NilToken.xml (RunModel)" time="0.009" />
  <testcase classname="ptolemy.util.test.junit.AutoTests" name="[242] /home/travis/build/icyphy/ptII/ptolemy/actor/lib/test/auto/NilTokenNonStrictTest.xml (RunModel)" time="0.008" />
  <testcase classname="ptolemy.util.test.junit.AutoTests" name="[243] /home/travis/build/icyphy/ptII/ptolemy/actor/lib/test/auto/NilTokenRecord.xml (RunModel)" time="0.022" />
  <testcase classname="ptolemy.util.test.junit.AutoTests" name="[244] /home/travis/build/icyphy/ptII/ptolemy/actor/lib/test/auto/NilTokenTypeTest.xml (RunModel)" time="0.031" />
  <testcase classname="ptolemy.util.test.junit.AutoTests" name="[245] /home/travis/build/icyphy/ptII/ptolemy/actor/lib/test/auto/ObjectToken1.xml (RunModel)" time="0.006" />
  <testcase classname="ptolemy.util.test.junit.AutoTests" name="[246] /home/travis/build/icyphy/ptII/ptolemy/actor/lib/test/auto/OrderedMerge.xml (RunModel)" time="0.016" />
  <testcase classname="ptolemy.util.test.junit.AutoTests" name="[247] /home/travis/build/icyphy/ptII/ptolemy/actor/lib/test/auto/OrderedRecordDisassembler.xml (RunModel)" time="0.016" />
  <testcase classname="ptolemy.util.test.junit.AutoTests" name="[248] /home/travis/build/icyphy/ptII/ptolemy/actor/lib/test/auto/OrderedRecordDisassembler2.xml (RunModel)" time="0.016" />
  <testcase classname="ptolemy.util.test.junit.AutoTests" name="[249] /home/travis/build/icyphy/ptII/ptolemy/actor/lib/test/auto/OrderedRecordUpdater.xml (RunModel)" time="0.009" />
  <testcase classname="ptolemy.util.test.junit.AutoTests" name="[250] /home/travis/build/icyphy/ptII/ptolemy/actor/lib/test/auto/OrderedRecordUpdater2.xml (RunModel)" time="0.015" />
  <testcase classname="ptolemy.util.test.junit.AutoTests" name="[251] /home/travis/build/icyphy/ptII/ptolemy/actor/lib/test/auto/PhaseUnwrap.xml (RunModel)" time="0.01" />
  <testcase classname="ptolemy.util.test.junit.AutoTests" name="[252] /home/travis/build/icyphy/ptII/ptolemy/actor/lib/test/auto/PoissonClock.xml (RunModel)" time="0.009" />
  <testcase classname="ptolemy.util.test.junit.AutoTests" name="[253] /home/travis/build/icyphy/ptII/ptolemy/actor/lib/test/auto/PoissonClock2.xml (RunModel)" time="0.006" />
  <testcase classname="ptolemy.util.test.junit.AutoTests" name="[254] /home/travis/build/icyphy/ptII/ptolemy/actor/lib/test/auto/PoissonClock3.xml (RunModel)" time="0.022" />
  <testcase classname="ptolemy.util.test.junit.AutoTests" name="[255] /home/travis/build/icyphy/ptII/ptolemy/actor/lib/test/auto/PubSubWithInitialTokens.xml (RunModel)" time="0.01" />
  <testcase classname="ptolemy.util.test.junit.AutoTests" name="[256] /home/travis/build/icyphy/ptII/ptolemy/actor/lib/test/auto/PubSubWithInitialTokens2.xml (RunModel)" time="0.013" />
  <testcase classname="ptolemy.util.test.junit.AutoTests" name="[257] /home/travis/build/icyphy/ptII/ptolemy/actor/lib/test/auto/PublisherClassNoParameter.xml (RunModel)" time="0.018" />
  <testcase classname="ptolemy.util.test.junit.AutoTests" name="[258] /home/travis/build/icyphy/ptII/ptolemy/actor/lib/test/auto/PublisherClassParameter.xml (RunModel)" time="0.018" />
  <testcase classname="ptolemy.util.test.junit.AutoTests" name="[259] /home/travis/build/icyphy/ptII/ptolemy/actor/lib/test/auto/PublisherNonStrictTest.xml (RunModel)" time="0.013" />
  <testcase classname="ptolemy.util.test.junit.AutoTests" name="[260] /home/travis/build/icyphy/ptII/ptolemy/actor/lib/test/auto/PublisherPort1.xml (RunModel)" time="0.017" />
  <testcase classname="ptolemy.util.test.junit.AutoTests" name="[261] /home/travis/build/icyphy/ptII/ptolemy/actor/lib/test/auto/PublisherPort2.xml (RunModel)" time="0.007" />
  <testcase classname="ptolemy.util.test.junit.AutoTests" name="[262] /home/travis/build/icyphy/ptII/ptolemy/actor/lib/test/auto/PublisherPort3.xml (RunModel)" time="0.012" />
  <testcase classname="ptolemy.util.test.junit.AutoTests" name="[263] /home/travis/build/icyphy/ptII/ptolemy/actor/lib/test/auto/PublisherPort4.xml (RunModel)" time="0.009" />
  <testcase classname="ptolemy.util.test.junit.AutoTests" name="[264] /home/travis/build/icyphy/ptII/ptolemy/actor/lib/test/auto/PublisherPort5.xml (RunModel)" time="0.01" />
  <testcase classname="ptolemy.util.test.junit.AutoTests" name="[265] /home/travis/build/icyphy/ptII/ptolemy/actor/lib/test/auto/PublisherPort5LookAlike.xml (RunModel)" time="0.014" />
  <testcase classname="ptolemy.util.test.junit.AutoTests" name="[266] /home/travis/build/icyphy/ptII/ptolemy/actor/lib/test/auto/PublisherPort6.xml (RunModel)" time="0.009" />
  <testcase classname="ptolemy.util.test.junit.AutoTests" name="[267] /home/travis/build/icyphy/ptII/ptolemy/actor/lib/test/auto/PublisherPort7.xml (RunModel)" time="0.012" />
  <testcase classname="ptolemy.util.test.junit.AutoTests" name="[268] /home/travis/build/icyphy/ptII/ptolemy/actor/lib/test/auto/PublisherPort8.xml (RunModel)" time="0.012" />
  <testcase classname="ptolemy.util.test.junit.AutoTests" name="[269] /home/travis/build/icyphy/ptII/ptolemy/actor/lib/test/auto/PublisherPortSubscriberChannelVariablesAOC2.xml (RunModel)" time="0.034" />
  <testcase classname="ptolemy.util.test.junit.AutoTests" name="[270] /home/travis/build/icyphy/ptII/ptolemy/actor/lib/test/auto/PublisherPortSubscriberOpaqueWidthInference.xml (RunModel)" time="0.011" />
  <testcase classname="ptolemy.util.test.junit.AutoTests" name="[271] /home/travis/build/icyphy/ptII/ptolemy/actor/lib/test/auto/PublisherPortSubscriberPortAdjacent.xml (RunModel)" time="0.014" />
  <testcase classname="ptolemy.util.test.junit.AutoTests" name="[272] /home/travis/build/icyphy/ptII/ptolemy/actor/lib/test/auto/PublisherPortSubscriberPortExpression.xml (RunModel)" time="0.017" />
  <testcase classname="ptolemy.util.test.junit.AutoTests" name="[273] /home/travis/build/icyphy/ptII/ptolemy/actor/lib/test/auto/PublisherPortSubscriberPortOpaqueD3Reverse.xml (RunModel)" time="0.014" />
  <testcase classname="ptolemy.util.test.junit.AutoTests" name="[274] /home/travis/build/icyphy/ptII/ptolemy/actor/lib/test/auto/PublisherPortSubscriberPortOpaqueWidthInference.xml (RunModel)" time="0.012" />
  <testcase classname="ptolemy.util.test.junit.AutoTests" name="[275] /home/travis/build/icyphy/ptII/ptolemy/actor/lib/test/auto/PublisherPortToplevelSubscriberPortAOC.xml (RunModel)" time="0.008" />
  <testcase classname="ptolemy.util.test.junit.AutoTests" name="[276] /home/travis/build/icyphy/ptII/ptolemy/actor/lib/test/auto/PublisherSubscriber.xml (RunModel)" time="0.01" />
  <testcase classname="ptolemy.util.test.junit.AutoTests" name="[277] /home/travis/build/icyphy/ptII/ptolemy/actor/lib/test/auto/PublisherSubscriber10.xml (RunModel)" time="0.02" />
  <testcase classname="ptolemy.util.test.junit.AutoTests" name="[278] /home/travis/build/icyphy/ptII/ptolemy/actor/lib/test/auto/PublisherSubscriber10InitialOutputs.xml (RunModel)" time="0.04" />
  <testcase classname="ptolemy.util.test.junit.AutoTests" name="[279] /home/travis/build/icyphy/ptII/ptolemy/actor/lib/test/auto/PublisherSubscriber11.xml (RunModel)" time="0.017" />
  <testcase classname="ptolemy.util.test.junit.AutoTests" name="[280] /home/travis/build/icyphy/ptII/ptolemy/actor/lib/test/auto/PublisherSubscriber12.xml (RunModel)" time="0.016" />
  <testcase classname="ptolemy.util.test.junit.AutoTests" name="[281] /home/travis/build/icyphy/ptII/ptolemy/actor/lib/test/auto/PublisherSubscriber13.xml (RunModel)" time="0.007" />
  <testcase classname="ptolemy.util.test.junit.AutoTests" name="[282] /home/travis/build/icyphy/ptII/ptolemy/actor/lib/test/auto/PublisherSubscriber14.xml (RunModel)" time="0.021" />
  <testcase classname="ptolemy.util.test.junit.AutoTests" name="[283] /home/travis/build/icyphy/ptII/ptolemy/actor/lib/test/auto/PublisherSubscriber2.xml (RunModel)" time="0.008" />
  <testcase classname="ptolemy.util.test.junit.AutoTests" name="[284] /home/travis/build/icyphy/ptII/ptolemy/actor/lib/test/auto/PublisherSubscriber3.xml (RunModel)" time="0.007" />
  <testcase classname="ptolemy.util.test.junit.AutoTests" name="[285] /home/travis/build/icyphy/ptII/ptolemy/actor/lib/test/auto/PublisherSubscriber4.xml (RunModel)" time="0.007" />
  <testcase classname="ptolemy.util.test.junit.AutoTests" name="[286] /home/travis/build/icyphy/ptII/ptolemy/actor/lib/test/auto/PublisherSubscriber5.xml (RunModel)" time="0.009" />
  <testcase classname="ptolemy.util.test.junit.AutoTests" name="[287] /home/travis/build/icyphy/ptII/ptolemy/actor/lib/test/auto/PublisherSubscriber6.xml (RunModel)" time="0.011" />
  <testcase classname="ptolemy.util.test.junit.AutoTests" name="[288] /home/travis/build/icyphy/ptII/ptolemy/actor/lib/test/auto/PublisherSubscriber7.xml (RunModel)" time="0.017" />
  <testcase classname="ptolemy.util.test.junit.AutoTests" name="[289] /home/travis/build/icyphy/ptII/ptolemy/actor/lib/test/auto/PublisherSubscriber8.xml (RunModel)" time="0.027" />
  <testcase classname="ptolemy.util.test.junit.AutoTests" name="[290] /home/travis/build/icyphy/ptII/ptolemy/actor/lib/test/auto/PublisherSubscriber9.xml (RunModel)" time="0.015" />
  <testcase classname="ptolemy.util.test.junit.AutoTests" name="[291] /home/travis/build/icyphy/ptII/ptolemy/actor/lib/test/auto/PublisherSubscriberAdjacent.xml (RunModel)" time="0.014" />
  <testcase classname="ptolemy.util.test.junit.AutoTests" name="[292] /home/travis/build/icyphy/ptII/ptolemy/actor/lib/test/auto/PublisherSubscriberChannelVariablesAOC2.xml (RunModel)" time="0.026" />
  <testcase classname="ptolemy.util.test.junit.AutoTests" name="[293] /home/travis/build/icyphy/ptII/ptolemy/actor/lib/test/auto/PublisherSubscriberD3.xml (RunModel)" time="0.011" />
  <testcase classname="ptolemy.util.test.junit.AutoTests" name="[294] /home/travis/build/icyphy/ptII/ptolemy/actor/lib/test/auto/PublisherSubscriberD3Reverse.xml (RunModel)" time="0.009" />
  <testcase classname="ptolemy.util.test.junit.AutoTests" name="[295] /home/travis/build/icyphy/ptII/ptolemy/actor/lib/test/auto/PublisherSubscriberExpression.xml (RunModel)" time="0.015" />
  <testcase classname="ptolemy.util.test.junit.AutoTests" name="[296] /home/travis/build/icyphy/ptII/ptolemy/actor/lib/test/auto/PublisherSubscriberOpaque.xml (RunModel)" time="0.012" />
  <testcase classname="ptolemy.util.test.junit.AutoTests" name="[297] /home/travis/build/icyphy/ptII/ptolemy/actor/lib/test/auto/PublisherSubscriberOpaqueD3.xml (RunModel)" time="0.019" />
  <testcase classname="ptolemy.util.test.junit.AutoTests" name="[298] /home/travis/build/icyphy/ptII/ptolemy/actor/lib/test/auto/PublisherSubscriberOpaqueD3Reverse.xml (RunModel)" time="0.017" />
  <testcase classname="ptolemy.util.test.junit.AutoTests" name="[299] /home/travis/build/icyphy/ptII/ptolemy/actor/lib/test/auto/PublisherSubscriberOpaqueWidthInference.xml (RunModel)" time="0.014" />
  <testcase classname="ptolemy.util.test.junit.AutoTests" name="[300] /home/travis/build/icyphy/ptII/ptolemy/actor/lib/test/auto/PublisherTestSubscriber.xml (RunModel)" time="0.012" />
  <testcase classname="ptolemy.util.test.junit.AutoTests" name="[301] /home/travis/build/icyphy/ptII/ptolemy/actor/lib/test/auto/PublisherToplevelSubscriberPortAOC.xml (RunModel)" time="0.009" />
  <testcase classname="ptolemy.util.test.junit.AutoTests" name="[302] /home/travis/build/icyphy/ptII/ptolemy/actor/lib/test/auto/PulseFiringLimitDE.xml (RunModel)" time="0.012" />
  <testcase classname="ptolemy.util.test.junit.AutoTests" name="[303] /home/travis/build/icyphy/ptII/ptolemy/actor/lib/test/auto/Ramp1.xml (RunModel)" time="0.005" />
  <testcase classname="ptolemy.util.test.junit.AutoTests" name="[304] /home/travis/build/icyphy/ptII/ptolemy/actor/lib/test/auto/RampFiringLimitDE.xml (RunModel)" time="0.008" />
  <testcase classname="ptolemy.util.test.junit.AutoTests" name="[305] /home/travis/build/icyphy/ptII/ptolemy/actor/lib/test/auto/RampFiringLimitSDF.xml (RunModel)" time="0.007" />
  <testcase classname="ptolemy.util.test.junit.AutoTests" name="[306] /home/travis/build/icyphy/ptII/ptolemy/actor/lib/test/auto/RandomInteger.xml (RunModel)" time="0.006" />
  <testcase classname="ptolemy.util.test.junit.AutoTests" name="[307] /home/travis/build/icyphy/ptII/ptolemy/actor/lib/test/auto/ReadFile1.xml (RunModel)" time="0.006" />
  <testcase classname="ptolemy.util.test.junit.AutoTests" name="[308] /home/travis/build/icyphy/ptII/ptolemy/actor/lib/test/auto/ReadFile2.xml (RunModel)" time="0.005" />
  <testcase classname="ptolemy.util.test.junit.AutoTests" name="[309] /home/travis/build/icyphy/ptII/ptolemy/actor/lib/test/auto/Reader.xml (RunModel)" time="0.013" />
  <testcase classname="ptolemy.util.test.junit.AutoTests" name="[310] /home/travis/build/icyphy/ptII/ptolemy/actor/lib/test/auto/RecordAssemblerDisplayNameTest.xml (RunModel)" time="3.317" />
  <testcase classname="ptolemy.util.test.junit.AutoTests" name="[311] /home/travis/build/icyphy/ptII/ptolemy/actor/lib/test/auto/RecordAssemblerTypeError.xml (RunModel)" time="0.042" />
  <testcase classname="ptolemy.util.test.junit.AutoTests" name="[312] /home/travis/build/icyphy/ptII/ptolemy/actor/lib/test/auto/RecordDisassember.xml (RunModel)" time="0.01" />
  <testcase classname="ptolemy.util.test.junit.AutoTests" name="[313] /home/travis/build/icyphy/ptII/ptolemy/actor/lib/test/auto/RecordDisassemberDisplayNameTest.xml (RunModel)" time="0.021" />
  <testcase classname="ptolemy.util.test.junit.AutoTests" name="[314] /home/travis/build/icyphy/ptII/ptolemy/actor/lib/test/auto/RecordDisassembler.xml (RunModel)" time="0.011" />
  <testcase classname="ptolemy.util.test.junit.AutoTests" name="[315] /home/travis/build/icyphy/ptII/ptolemy/actor/lib/test/auto/RecordDisassembler2.xml (RunModel)" time="0.008" />
  <testcase classname="ptolemy.util.test.junit.AutoTests" name="[316] /home/travis/build/icyphy/ptII/ptolemy/actor/lib/test/auto/RecordUpdater.xml (RunModel)" time="0.007" />
  <testcase classname="ptolemy.util.test.junit.AutoTests" name="[317] /home/travis/build/icyphy/ptII/ptolemy/actor/lib/test/auto/RecordUpdater2.xml (RunModel)" time="0.007" />
  <testcase classname="ptolemy.util.test.junit.AutoTests" name="[318] /home/travis/build/icyphy/ptII/ptolemy/actor/lib/test/auto/RecursiveLattice.xml (RunModel)" time="0.008" />
  <testcase classname="ptolemy.util.test.junit.AutoTests" name="[319] /home/travis/build/icyphy/ptII/ptolemy/actor/lib/test/auto/Router.xml (RunModel)" time="3.024" />
  <testcase classname="ptolemy.util.test.junit.AutoTests" name="[320] /home/travis/build/icyphy/ptII/ptolemy/actor/lib/test/auto/Router2.xml (RunModel)" time="3.034" />
  <testcase classname="ptolemy.util.test.junit.AutoTests" name="[321] /home/travis/build/icyphy/ptII/ptolemy/actor/lib/test/auto/RunningMaximum.xml (RunModel)" time="0.013" />
  <testcase classname="ptolemy.util.test.junit.AutoTests" name="[322] /home/travis/build/icyphy/ptII/ptolemy/actor/lib/test/auto/RunningMinimum.xml (RunModel)" time="0.017" />
  <testcase classname="ptolemy.util.test.junit.AutoTests" name="[323] /home/travis/build/icyphy/ptII/ptolemy/actor/lib/test/auto/Scale.xml (RunModel)" time="0.01" />
  <testcase classname="ptolemy.util.test.junit.AutoTests" name="[324] /home/travis/build/icyphy/ptII/ptolemy/actor/lib/test/auto/Scale2.xml (RunModel)" time="0.009" />
  <testcase classname="ptolemy.util.test.junit.AutoTests" name="[325] /home/travis/build/icyphy/ptII/ptolemy/actor/lib/test/auto/Scale3.xml (RunModel)" time="0.014" />
  <testcase classname="ptolemy.util.test.junit.AutoTests" name="[326] /home/travis/build/icyphy/ptII/ptolemy/actor/lib/test/auto/ScaleArray.xml (RunModel)" time="0.012" />
  <testcase classname="ptolemy.util.test.junit.AutoTests" name="[327] /home/travis/build/icyphy/ptII/ptolemy/actor/lib/test/auto/ScaleArray2.xml (RunModel)" time="0.007" />
  <testcase classname="ptolemy.util.test.junit.AutoTests" name="[328] /home/travis/build/icyphy/ptII/ptolemy/actor/lib/test/auto/ScaleMatrix.xml (RunModel)" time="0.135" />
  <testcase classname="ptolemy.util.test.junit.AutoTests" name="[329] /home/travis/build/icyphy/ptII/ptolemy/actor/lib/test/auto/Select.xml (RunModel)" time="0.018" />
  <testcase classname="ptolemy.util.test.junit.AutoTests" name="[330] /home/travis/build/icyphy/ptII/ptolemy/actor/lib/test/auto/Select2.xml (RunModel)" time="0.013" />
  <testcase classname="ptolemy.util.test.junit.AutoTests" name="[331] /home/travis/build/icyphy/ptII/ptolemy/actor/lib/test/auto/SequenceToArray2.xml (RunModel)" time="0.118" />
  <testcase classname="ptolemy.util.test.junit.AutoTests" name="[332] /home/travis/build/icyphy/ptII/ptolemy/actor/lib/test/auto/SequentialClock.xml (RunModel)" time="0.008" />
  <testcase classname="ptolemy.util.test.junit.AutoTests" name="[333] /home/travis/build/icyphy/ptII/ptolemy/actor/lib/test/auto/SetVariable.xml (RunModel)" time="0.01" />
  <testcase classname="ptolemy.util.test.junit.AutoTests" name="[334] /home/travis/build/icyphy/ptII/ptolemy/actor/lib/test/auto/SetVariable2.xml (RunModel)" time="0.01" />
  <testcase classname="ptolemy.util.test.junit.AutoTests" name="[335] /home/travis/build/icyphy/ptII/ptolemy/actor/lib/test/auto/SetVariable3.xml (RunModel)" time="0.013" />
  <testcase classname="ptolemy.util.test.junit.AutoTests" name="[336] /home/travis/build/icyphy/ptII/ptolemy/actor/lib/test/auto/SetVariable4.xml (RunModel)" time="0.025" />
  <testcase classname="ptolemy.util.test.junit.AutoTests" name="[337] /home/travis/build/icyphy/ptII/ptolemy/actor/lib/test/auto/SetVariable5.xml (RunModel)" time="0.031" />
  <testcase classname="ptolemy.util.test.junit.AutoTests" name="[338] /home/travis/build/icyphy/ptII/ptolemy/actor/lib/test/auto/Sinewave.xml (RunModel)" time="0.046" />
  <testcase classname="ptolemy.util.test.junit.AutoTests" name="[339] /home/travis/build/icyphy/ptII/ptolemy/actor/lib/test/auto/Sinewave2.xml (RunModel)" time="0.015" />
  <testcase classname="ptolemy.util.test.junit.AutoTests" name="[340] /home/travis/build/icyphy/ptII/ptolemy/actor/lib/test/auto/Sinewave3.xml (RunModel)" time="0.021" />
  <testcase classname="ptolemy.util.test.junit.AutoTests" name="[341] /home/travis/build/icyphy/ptII/ptolemy/actor/lib/test/auto/SingleEvent.xml (RunModel)" time="0.005" />
  <testcase classname="ptolemy.util.test.junit.AutoTests" name="[342] /home/travis/build/icyphy/ptII/ptolemy/actor/lib/test/auto/Sleep.xml (RunModel)" time="6.012" />
  <testcase classname="ptolemy.util.test.junit.AutoTests" name="[343] /home/travis/build/icyphy/ptII/ptolemy/actor/lib/test/auto/SleepMultipleFire.xml (RunModel)" time="1.018" />
  <testcase classname="ptolemy.util.test.junit.AutoTests" name="[344] /home/travis/build/icyphy/ptII/ptolemy/actor/lib/test/auto/StopDE.xml (RunModel)" time="0.013" />
  <testcase classname="ptolemy.util.test.junit.AutoTests" name="[345] /home/travis/build/icyphy/ptII/ptolemy/actor/lib/test/auto/StopSDF.xml (RunModel)" time="0.012" />
  <testcase classname="ptolemy.util.test.junit.AutoTests" name="[346] /home/travis/build/icyphy/ptII/ptolemy/actor/lib/test/auto/StringConstant.xml (RunModel)" time="0.012" />
  <testcase classname="ptolemy.util.test.junit.AutoTests" name="[347] /home/travis/build/icyphy/ptII/ptolemy/actor/lib/test/auto/SubscriberPortInitialValues1.xml (RunModel)" time="0.016" />
  <testcase classname="ptolemy.util.test.junit.AutoTests" name="[348] /home/travis/build/icyphy/ptII/ptolemy/actor/lib/test/auto/SubscriberPortInitialValues13.xml (RunModel)" time="0.023" />
  <testcase classname="ptolemy.util.test.junit.AutoTests" name="[349] /home/travis/build/icyphy/ptII/ptolemy/actor/lib/test/auto/SubscriberPortInitialValues14.xml (RunModel)" time="0.018" />
  <testcase classname="ptolemy.util.test.junit.AutoTests" name="[350] /home/travis/build/icyphy/ptII/ptolemy/actor/lib/test/auto/SubscriberPortInitialValues2.xml (RunModel)" time="0.012" />
  <testcase classname="ptolemy.util.test.junit.AutoTests" name="[351] /home/travis/build/icyphy/ptII/ptolemy/actor/lib/test/auto/SubscriberPortInitialValues3.xml (RunModel)" time="0.016" />
  <testcase classname="ptolemy.util.test.junit.AutoTests" name="[352] /home/travis/build/icyphy/ptII/ptolemy/actor/lib/test/auto/SubscriptionAggregator.xml (RunModel)" time="0.009" />
  <testcase classname="ptolemy.util.test.junit.AutoTests" name="[353] /home/travis/build/icyphy/ptII/ptolemy/actor/lib/test/auto/SubscriptionAggregator2.xml (RunModel)" time="0.008" />
  <testcase classname="ptolemy.util.test.junit.AutoTests" name="[354] /home/travis/build/icyphy/ptII/ptolemy/actor/lib/test/auto/SubscriptionAggregator3.xml (RunModel)" time="0.012" />
  <testcase classname="ptolemy.util.test.junit.AutoTests" name="[355] /home/travis/build/icyphy/ptII/ptolemy/actor/lib/test/auto/SubscriptionAggregatorMultiply.xml (RunModel)" time="0.019" />
  <testcase classname="ptolemy.util.test.junit.AutoTests" name="[356] /home/travis/build/icyphy/ptII/ptolemy/actor/lib/test/auto/SubscriptionAggregatorPortMultiply1.xml (RunModel)" time="0.018" />
  <testcase classname="ptolemy.util.test.junit.AutoTests" name="[357] /home/travis/build/icyphy/ptII/ptolemy/actor/lib/test/auto/Switch.xml (RunModel)" time="0.017" />
  <testcase classname="ptolemy.util.test.junit.AutoTests" name="[358] /home/travis/build/icyphy/ptII/ptolemy/actor/lib/test/auto/Switch2.xml (RunModel)" time="0.009" />
  <testcase classname="ptolemy.util.test.junit.AutoTests" name="[359] /home/travis/build/icyphy/ptII/ptolemy/actor/lib/test/auto/SwitchDE.xml (RunModel)" time="0.013" />
  <testcase classname="ptolemy.util.test.junit.AutoTests" name="[360] /home/travis/build/icyphy/ptII/ptolemy/actor/lib/test/auto/SynchronizerDE.xml (RunModel)" time="0.022" />
  <testcase classname="ptolemy.util.test.junit.AutoTests" name="[361] /home/travis/build/icyphy/ptII/ptolemy/actor/lib/test/auto/Test.xml (RunModel)" time="0.01" />
  <testcase classname="ptolemy.util.test.junit.AutoTests" name="[362] /home/travis/build/icyphy/ptII/ptolemy/actor/lib/test/auto/TestExceptionAttribute1.xml (RunModel)" time="0.006" />
  <testcase classname="ptolemy.util.test.junit.AutoTests" name="[363] /home/travis/build/icyphy/ptII/ptolemy/actor/lib/test/auto/TestExceptionAttribute2.xml (RunModel)" time="0.009" />
  <testcase classname="ptolemy.util.test.junit.AutoTests" name="[364] /home/travis/build/icyphy/ptII/ptolemy/actor/lib/test/auto/TestExceptionAttribute3.xml (RunModel)" time="0.008" />
  <testcase classname="ptolemy.util.test.junit.AutoTests" name="[365] /home/travis/build/icyphy/ptII/ptolemy/actor/lib/test/auto/TestExceptionAttribute4.xml (RunModel)" time="0.006" />
  <testcase classname="ptolemy.util.test.junit.AutoTests" name="[366] /home/travis/build/icyphy/ptII/ptolemy/actor/lib/test/auto/TestExceptionHandler1.xml (RunModel)" time="0.005" />
  <testcase classname="ptolemy.util.test.junit.AutoTests" name="[367] /home/travis/build/icyphy/ptII/ptolemy/actor/lib/test/auto/TestExceptionHandler2.xml (RunModel)" time="0.01" />
  <testcase classname="ptolemy.util.test.junit.AutoTests" name="[368] /home/travis/build/icyphy/ptII/ptolemy/actor/lib/test/auto/TestExceptionHandler3.xml (RunModel)" time="0.004" />
  <testcase classname="ptolemy.util.test.junit.AutoTests" name="[369] /home/travis/build/icyphy/ptII/ptolemy/actor/lib/test/auto/TestExceptionHandler4.xml (RunModel)" time="0.004" />
  <testcase classname="ptolemy.util.test.junit.AutoTests" name="[370] /home/travis/build/icyphy/ptII/ptolemy/actor/lib/test/auto/TestRequireCorrectOrder.xml (RunModel)" time="0.013" />
  <testcase classname="ptolemy.util.test.junit.AutoTests" name="[371] /home/travis/build/icyphy/ptII/ptolemy/actor/lib/test/auto/TestSimple.xml (RunModel)" time="0.008" />
  <testcase classname="ptolemy.util.test.junit.AutoTests" name="[372] /home/travis/build/icyphy/ptII/ptolemy/actor/lib/test/auto/ThrowModelError.xml (RunModel)" time="0.007" />
  <testcase classname="ptolemy.util.test.junit.AutoTests" name="[373] /home/travis/build/icyphy/ptII/ptolemy/actor/lib/test/auto/TimeDelayMicrosteps.xml (RunModel)" time="0.011" />
  <testcase classname="ptolemy.util.test.junit.AutoTests" name="[374] /home/travis/build/icyphy/ptII/ptolemy/actor/lib/test/auto/TimeDelayMicrosteps2.xml (RunModel)" time="0.013" />
  <testcase classname="ptolemy.util.test.junit.AutoTests" name="[375] /home/travis/build/icyphy/ptII/ptolemy/actor/lib/test/auto/TimeDelayMicrosteps3.xml (RunModel)" time="0.011" />
  <testcase classname="ptolemy.util.test.junit.AutoTests" name="[376] /home/travis/build/icyphy/ptII/ptolemy/actor/lib/test/auto/TimeDelayVariableMicrosteps.xml (RunModel)" time="0.014" />
  <testcase classname="ptolemy.util.test.junit.AutoTests" name="[377] /home/travis/build/icyphy/ptII/ptolemy/actor/lib/test/auto/TimeGap.xml (RunModel)" time="0.014" />
  <testcase classname="ptolemy.util.test.junit.AutoTests" name="[378] /home/travis/build/icyphy/ptII/ptolemy/actor/lib/test/auto/TimeGap2.xml (RunModel)" time="0.009" />
  <testcase classname="ptolemy.util.test.junit.AutoTests" name="[379] /home/travis/build/icyphy/ptII/ptolemy/actor/lib/test/auto/TimedSinewave.xml (RunModel)" time="0.06" />
  <testcase classname="ptolemy.util.test.junit.AutoTests" name="[380] /home/travis/build/icyphy/ptII/ptolemy/actor/lib/test/auto/TimedSinewavePhase.xml (RunModel)" time="0.026" />
  <testcase classname="ptolemy.util.test.junit.AutoTests" name="[381] /home/travis/build/icyphy/ptII/ptolemy/actor/lib/test/auto/Timer.xml (RunModel)" time="0.011" />
  <testcase classname="ptolemy.util.test.junit.AutoTests" name="[382] /home/travis/build/icyphy/ptII/ptolemy/actor/lib/test/auto/TriangularDistTestModel.xml (RunModel)" time="0.015" />
  <testcase classname="ptolemy.util.test.junit.AutoTests" name="[383] /home/travis/build/icyphy/ptII/ptolemy/actor/lib/test/auto/TrigFunction.xml (RunModel)" time="0.008" />
  <testcase classname="ptolemy.util.test.junit.AutoTests" name="[384] /home/travis/build/icyphy/ptII/ptolemy/actor/lib/test/auto/TrigFunctionDE.xml (RunModel)" time="0.01" />
  <testcase classname="ptolemy.util.test.junit.AutoTests" name="[385] /home/travis/build/icyphy/ptII/ptolemy/actor/lib/test/auto/TrigFunctionInverse.xml (RunModel)" time="0.008" />
  <testcase classname="ptolemy.util.test.junit.AutoTests" name="[386] /home/travis/build/icyphy/ptII/ptolemy/actor/lib/test/auto/TrigFunctionTan.xml (RunModel)" time="0.005" />
  <testcase classname="ptolemy.util.test.junit.AutoTests" name="[387] /home/travis/build/icyphy/ptII/ptolemy/actor/lib/test/auto/TriggeredClock.xml (RunModel)" time="0.008" />
  <testcase classname="ptolemy.util.test.junit.AutoTests" name="[388] /home/travis/build/icyphy/ptII/ptolemy/actor/lib/test/auto/URLDirectoryReader.xml (RunModel)" time="0.113" />
  <testcase classname="ptolemy.util.test.junit.AutoTests" name="[389] /home/travis/build/icyphy/ptII/ptolemy/actor/lib/test/auto/URLDirectoryReader3.xml (RunModel)" time="1.428" />
  <testcase classname="ptolemy.util.test.junit.AutoTests" name="[390] /home/travis/build/icyphy/ptII/ptolemy/actor/lib/test/auto/UnaryMathFunction.xml (RunModel)" time="0.028" />
  <testcase classname="ptolemy.util.test.junit.AutoTests" name="[391] /home/travis/build/icyphy/ptII/ptolemy/actor/lib/test/auto/Uniform.xml (RunModel)" time="0.008" />
  <testcase classname="ptolemy.util.test.junit.AutoTests" name="[392] /home/travis/build/icyphy/ptII/ptolemy/actor/lib/test/auto/UnionDisassemblerTest.xml (RunModel)" time="0.018" />
  <testcase classname="ptolemy.util.test.junit.AutoTests" name="[393] /home/travis/build/icyphy/ptII/ptolemy/actor/lib/test/auto/UtilityFunctions.xml (RunModel)" time="0.006" />
  <testcase classname="ptolemy.util.test.junit.AutoTests" name="[394] /home/travis/build/icyphy/ptII/ptolemy/actor/lib/test/auto/VariableSleep.xml (RunModel)" time="0.509" />
  <testcase classname="ptolemy.util.test.junit.AutoTests" name="[395] /home/travis/build/icyphy/ptII/ptolemy/actor/lib/test/auto/VectorAssemblerDisassemblerCT.xml (RunModel)" time="0.102" />
  <testcase classname="ptolemy.util.test.junit.AutoTests" name="[396] /home/travis/build/icyphy/ptII/ptolemy/actor/lib/test/auto/VectorAssemblerDisassemblerDE.xml (RunModel)" time="0.011" />
  <testcase classname="ptolemy.util.test.junit.AutoTests" name="[397] /home/travis/build/icyphy/ptII/ptolemy/actor/lib/test/auto/VectorAssemblerDisassemblerSDF.xml (RunModel)" time="0.009" />
  <testcase classname="ptolemy.util.test.junit.AutoTests" name="[398] /home/travis/build/icyphy/ptII/ptolemy/actor/lib/test/auto/WallClockTime.xml (RunModel)" time="1.009" />
  <testcase classname="ptolemy.util.test.junit.AutoTests" name="[399] /home/travis/build/icyphy/ptII/ptolemy/actor/lib/test/auto/WidthTestWithSubscriberPublisher.xml (RunModel)" time="0.043" />
  <testcase classname="ptolemy.util.test.junit.AutoTests" name="[400] /home/travis/build/icyphy/ptII/ptolemy/actor/lib/test/auto/WidthTestWithSubscriberPublisher2.xml (RunModel)" time="0.014" />
  <testcase classname="ptolemy.util.test.junit.AutoTests" name="[401] /home/travis/build/icyphy/ptII/ptolemy/actor/lib/test/auto/WidthTestWithSubscriberPublisher3.xml (RunModel)" time="0.01" />
  <testcase classname="ptolemy.util.test.junit.AutoTests" name="[402] /home/travis/build/icyphy/ptII/ptolemy/actor/lib/test/auto/Writer.xml (RunModel)" time="0.007" />
  <testcase classname="ptolemy.util.test.junit.AutoTests" name="[403] /home/travis/build/icyphy/ptII/ptolemy/actor/lib/test/auto/array.xml (RunModel)" time="0.008" />
  <testcase classname="ptolemy.util.test.junit.AutoTests" name="[404] /home/travis/build/icyphy/ptII/ptolemy/actor/lib/test/auto/array2.xml (RunModel)" time="0.01" />
  <testcase classname="ptolemy.util.test.junit.AutoTests" name="[405] /home/travis/build/icyphy/ptII/ptolemy/actor/lib/test/auto/arrayType.xml (RunModel)" time="0.01" />
  <testcase classname="ptolemy.util.test.junit.AutoTests" name="[406] /home/travis/build/icyphy/ptII/ptolemy/actor/lib/test/auto/arrayType10.xml (RunModel)" time="0.008" />
  <testcase classname="ptolemy.util.test.junit.AutoTests" name="[407] /home/travis/build/icyphy/ptII/ptolemy/actor/lib/test/auto/arrayType11.xml (RunModel)" time="0.007" />
  <testcase classname="ptolemy.util.test.junit.AutoTests" name="[408] /home/travis/build/icyphy/ptII/ptolemy/actor/lib/test/auto/arrayType12.xml (RunModel)" time="0.008" />
  <testcase classname="ptolemy.util.test.junit.AutoTests" name="[409] /home/travis/build/icyphy/ptII/ptolemy/actor/lib/test/auto/arrayType13.xml (RunModel)" time="0.007" />
  <testcase classname="ptolemy.util.test.junit.AutoTests" name="[410] /home/travis/build/icyphy/ptII/ptolemy/actor/lib/test/auto/arrayType14.xml (RunModel)" time="0.007" />
  <testcase classname="ptolemy.util.test.junit.AutoTests" name="[411] /home/travis/build/icyphy/ptII/ptolemy/actor/lib/test/auto/arrayType15.xml (RunModel)" time="0.009" />
  <testcase classname="ptolemy.util.test.junit.AutoTests" name="[412] /home/travis/build/icyphy/ptII/ptolemy/actor/lib/test/auto/arrayType16.xml (RunModel)" time="0.008" />
  <testcase classname="ptolemy.util.test.junit.AutoTests" name="[413] /home/travis/build/icyphy/ptII/ptolemy/actor/lib/test/auto/arrayType17.xml (RunModel)" time="0.007" />
  <testcase classname="ptolemy.util.test.junit.AutoTests" name="[414] /home/travis/build/icyphy/ptII/ptolemy/actor/lib/test/auto/arrayType18.xml (RunModel)" time="0.007" />
  <testcase classname="ptolemy.util.test.junit.AutoTests" name="[415] /home/travis/build/icyphy/ptII/ptolemy/actor/lib/test/auto/arrayType19.xml (RunModel)" time="0.006" />
  <testcase classname="ptolemy.util.test.junit.AutoTests" name="[416] /home/travis/build/icyphy/ptII/ptolemy/actor/lib/test/auto/arrayType2.xml (RunModel)" time="0.007" />
  <testcase classname="ptolemy.util.test.junit.AutoTests" name="[417] /home/travis/build/icyphy/ptII/ptolemy/actor/lib/test/auto/arrayType20.xml (RunModel)" time="0.007" />
  <testcase classname="ptolemy.util.test.junit.AutoTests" name="[418] /home/travis/build/icyphy/ptII/ptolemy/actor/lib/test/auto/arrayType21.xml (RunModel)" time="0.007" />
  <testcase classname="ptolemy.util.test.junit.AutoTests" name="[419] /home/travis/build/icyphy/ptII/ptolemy/actor/lib/test/auto/arrayType22.xml (RunModel)" time="0.007" />
  <testcase classname="ptolemy.util.test.junit.AutoTests" name="[420] /home/travis/build/icyphy/ptII/ptolemy/actor/lib/test/auto/arrayType23.xml (RunModel)" time="0.008" />
  <testcase classname="ptolemy.util.test.junit.AutoTests" name="[421] /home/travis/build/icyphy/ptII/ptolemy/actor/lib/test/auto/arrayType24.xml (RunModel)" time="0.007" />
  <testcase classname="ptolemy.util.test.junit.AutoTests" name="[422] /home/travis/build/icyphy/ptII/ptolemy/actor/lib/test/auto/arrayType25.xml (RunModel)" time="0.008" />
  <testcase classname="ptolemy.util.test.junit.AutoTests" name="[423] /home/travis/build/icyphy/ptII/ptolemy/actor/lib/test/auto/arrayType26.xml (RunModel)" time="0.008" />
  <testcase classname="ptolemy.util.test.junit.AutoTests" name="[424] /home/travis/build/icyphy/ptII/ptolemy/actor/lib/test/auto/arrayType27.xml (RunModel)" time="0.008" />
  <testcase classname="ptolemy.util.test.junit.AutoTests" name="[425] /home/travis/build/icyphy/ptII/ptolemy/actor/lib/test/auto/arrayType28.xml (RunModel)" time="0.012" />
  <testcase classname="ptolemy.util.test.junit.AutoTests" name="[426] /home/travis/build/icyphy/ptII/ptolemy/actor/lib/test/auto/arrayType3.xml (RunModel)" time="0.008" />
  <testcase classname="ptolemy.util.test.junit.AutoTests" name="[427] /home/travis/build/icyphy/ptII/ptolemy/actor/lib/test/auto/arrayType4.xml (RunModel)" time="0.007" />
  <testcase classname="ptolemy.util.test.junit.AutoTests" name="[428] /home/travis/build/icyphy/ptII/ptolemy/actor/lib/test/auto/arrayType5.xml (RunModel)" time="0.009" />
  <testcase classname="ptolemy.util.test.junit.AutoTests" name="[429] /home/travis/build/icyphy/ptII/ptolemy/actor/lib/test/auto/arrayType6.xml (RunModel)" time="0.007" />
  <testcase classname="ptolemy.util.test.junit.AutoTests" name="[430] /home/travis/build/icyphy/ptII/ptolemy/actor/lib/test/auto/arrayType7.xml (RunModel)" time="0.007" />
  <testcase classname="ptolemy.util.test.junit.AutoTests" name="[431] /home/travis/build/icyphy/ptII/ptolemy/actor/lib/test/auto/arrayType8.xml (RunModel)" time="0.007" />
  <testcase classname="ptolemy.util.test.junit.AutoTests" name="[432] /home/travis/build/icyphy/ptII/ptolemy/actor/lib/test/auto/arrayType9.xml (RunModel)" time="0.007" />
  <testcase classname="ptolemy.util.test.junit.AutoTests" name="[433] /home/travis/build/icyphy/ptII/ptolemy/actor/lib/test/auto/cast.xml (RunModel)" time="0.015" />
  <testcase classname="ptolemy.util.test.junit.AutoTests" name="[434] /home/travis/build/icyphy/ptII/ptolemy/actor/lib/test/auto/compositeMultiPort.xml (RunModel)" time="0.026" />
  <testcase classname="ptolemy.util.test.junit.AutoTests" name="[435] /home/travis/build/icyphy/ptII/ptolemy/actor/lib/test/auto/expressionCastInference.xml (RunModel)" time="0.008" />
  <testcase classname="ptolemy.util.test.junit.AutoTests" name="[436] /home/travis/build/icyphy/ptII/ptolemy/actor/lib/test/auto/expressionCastInference2.xml (RunModel)" time="0.007" />
  <testcase classname="ptolemy.util.test.junit.AutoTests" name="[437] /home/travis/build/icyphy/ptII/ptolemy/actor/lib/test/auto/expressionInference.xml (RunModel)" time="0.006" />
  <testcase classname="ptolemy.util.test.junit.AutoTests" name="[438] /home/travis/build/icyphy/ptII/ptolemy/actor/lib/test/auto/expression_bug.xml (RunModel)" time="0.007" />
  <testcase classname="ptolemy.util.test.junit.AutoTests" name="[439] /home/travis/build/icyphy/ptII/ptolemy/actor/lib/test/auto/factorial.xml (RunModel)" time="0.044" />
  <testcase classname="ptolemy.util.test.junit.AutoTests" name="[440] /home/travis/build/icyphy/ptII/ptolemy/actor/lib/test/auto/filterTest1.xml (RunModel)" time="0.014" />
  <testcase classname="ptolemy.util.test.junit.AutoTests" name="[441] /home/travis/build/icyphy/ptII/ptolemy/actor/lib/test/auto/funcApplyInConst.xml (RunModel)" time="0.005" />
  <testcase classname="ptolemy.util.test.junit.AutoTests" name="[442] /home/travis/build/icyphy/ptII/ptolemy/actor/lib/test/auto/funcApplyInExpr.xml (RunModel)" time="0.004" />
  <testcase classname="ptolemy.util.test.junit.AutoTests" name="[443] /home/travis/build/icyphy/ptII/ptolemy/actor/lib/test/auto/function.xml (RunModel)" time="0.009" />
  <testcase classname="ptolemy.util.test.junit.AutoTests" name="[444] /home/travis/build/icyphy/ptII/ptolemy/actor/lib/test/auto/function2.xml (RunModel)" time="0.011" />
  <testcase classname="ptolemy.util.test.junit.AutoTests" name="[445] /home/travis/build/icyphy/ptII/ptolemy/actor/lib/test/auto/function3.xml (RunModel)" time="0.005" />
  <testcase classname="ptolemy.util.test.junit.AutoTests" name="[446] /home/travis/build/icyphy/ptII/ptolemy/actor/lib/test/auto/functionClosureTest1.xml (RunModel)" time="0.01" />
  <testcase classname="ptolemy.util.test.junit.AutoTests" name="[447] /home/travis/build/icyphy/ptII/ptolemy/actor/lib/test/auto/functionClosureTest2.xml (RunModel)" time="0.006" />
  <testcase classname="ptolemy.util.test.junit.AutoTests" name="[448] /home/travis/build/icyphy/ptII/ptolemy/actor/lib/test/auto/functionClosureTest3.xml (RunModel)" time="0.008" />
  <testcase classname="ptolemy.util.test.junit.AutoTests" name="[449] /home/travis/build/icyphy/ptII/ptolemy/actor/lib/test/auto/functionClosureTest4.xml (RunModel)" time="0.013" />
  <testcase classname="ptolemy.util.test.junit.AutoTests" name="[450] /home/travis/build/icyphy/ptII/ptolemy/actor/lib/test/auto/functionClosureTest5.xml (RunModel)" time="0.01" />
  <testcase classname="ptolemy.util.test.junit.AutoTests" name="[451] /home/travis/build/icyphy/ptII/ptolemy/actor/lib/test/auto/functionClosureTest6.xml (RunModel)" time="0.006" />
  <testcase classname="ptolemy.util.test.junit.AutoTests" name="[452] /home/travis/build/icyphy/ptII/ptolemy/actor/lib/test/auto/functionsOnArcs.xml (RunModel)" time="0.007" />
  <testcase classname="ptolemy.util.test.junit.AutoTests" name="[453] /home/travis/build/icyphy/ptII/ptolemy/actor/lib/test/auto/functionsOnArcsHOF.xml (RunModel)" time="0.009" />
  <testcase classname="ptolemy.util.test.junit.AutoTests" name="[454] /home/travis/build/icyphy/ptII/ptolemy/actor/lib/test/auto/logic.xml (RunModel)" time="0.014" />
  <testcase classname="ptolemy.util.test.junit.AutoTests" name="[455] /home/travis/build/icyphy/ptII/ptolemy/actor/lib/test/auto/matrixType.xml (RunModel)" time="0.006" />
  <testcase classname="ptolemy.util.test.junit.AutoTests" name="[456] /home/travis/build/icyphy/ptII/ptolemy/actor/lib/test/auto/matrixType10.xml (RunModel)" time="0.006" />
  <testcase classname="ptolemy.util.test.junit.AutoTests" name="[457] /home/travis/build/icyphy/ptII/ptolemy/actor/lib/test/auto/matrixType11.xml (RunModel)" time="0.006" />
  <testcase classname="ptolemy.util.test.junit.AutoTests" name="[458] /home/travis/build/icyphy/ptII/ptolemy/actor/lib/test/auto/matrixType12.xml (RunModel)" time="0.008" />
  <testcase classname="ptolemy.util.test.junit.AutoTests" name="[459] /home/travis/build/icyphy/ptII/ptolemy/actor/lib/test/auto/matrixType13.xml (RunModel)" time="0.006" />
  <testcase classname="ptolemy.util.test.junit.AutoTests" name="[460] /home/travis/build/icyphy/ptII/ptolemy/actor/lib/test/auto/matrixType14.xml (RunModel)" time="0.031" />
  <testcase classname="ptolemy.util.test.junit.AutoTests" name="[461] /home/travis/build/icyphy/ptII/ptolemy/actor/lib/test/auto/matrixType2.xml (RunModel)" time="0.029" />
  <testcase classname="ptolemy.util.test.junit.AutoTests" name="[462] /home/travis/build/icyphy/ptII/ptolemy/actor/lib/test/auto/matrixType3.xml (RunModel)" time="0.03" />
  <testcase classname="ptolemy.util.test.junit.AutoTests" name="[463] /home/travis/build/icyphy/ptII/ptolemy/actor/lib/test/auto/matrixType4.xml (RunModel)" time="0.049" />
  <testcase classname="ptolemy.util.test.junit.AutoTests" name="[464] /home/travis/build/icyphy/ptII/ptolemy/actor/lib/test/auto/matrixType5.xml (RunModel)" time="0.027" />
  <testcase classname="ptolemy.util.test.junit.AutoTests" name="[465] /home/travis/build/icyphy/ptII/ptolemy/actor/lib/test/auto/matrixType6.xml (RunModel)" time="0.032" />
  <testcase classname="ptolemy.util.test.junit.AutoTests" name="[466] /home/travis/build/icyphy/ptII/ptolemy/actor/lib/test/auto/matrixType7.xml (RunModel)" time="0.024" />
  <testcase classname="ptolemy.util.test.junit.AutoTests" name="[467] /home/travis/build/icyphy/ptII/ptolemy/actor/lib/test/auto/matrixType8.xml (RunModel)" time="0.007" />
  <testcase classname="ptolemy.util.test.junit.AutoTests" name="[468] /home/travis/build/icyphy/ptII/ptolemy/actor/lib/test/auto/matrixType9.xml (RunModel)" time="0.006" />
  <testcase classname="ptolemy.util.test.junit.AutoTests" name="[469] /home/travis/build/icyphy/ptII/ptolemy/actor/lib/test/auto/paraFunctest.xml (RunModel)" time="0.005" />
  <testcase classname="ptolemy.util.test.junit.AutoTests" name="[470] /home/travis/build/icyphy/ptII/ptolemy/actor/lib/test/auto/paraFunctest2.xml (RunModel)" time="0.011" />
  <testcase classname="ptolemy.util.test.junit.AutoTests" name="[471] /home/travis/build/icyphy/ptII/ptolemy/actor/lib/test/auto/parameterPassing.xml (RunModel)" time="0.009" />
  <testcase classname="ptolemy.util.test.junit.AutoTests" name="[472] /home/travis/build/icyphy/ptII/ptolemy/actor/lib/test/auto/record.xml (RunModel)" time="0.007" />
  <testcase classname="ptolemy.util.test.junit.AutoTests" name="[473] /home/travis/build/icyphy/ptII/ptolemy/actor/lib/test/auto/sizedarray1.xml (RunModel)" time="0.007" />
  <testcase classname="ptolemy.util.test.junit.AutoTests" name="[474] /home/travis/build/icyphy/ptII/ptolemy/actor/lib/test/auto/sizedarray2.xml (RunModel)" time="0.007" />
  <testcase classname="ptolemy.util.test.junit.AutoTests" name="[475] /home/travis/build/icyphy/ptII/ptolemy/actor/lib/test/auto/twoPublishers.xml (RunModel)" time="0.017" />
  <system-out><![CDATA[/home/travis/build/icyphy/ptII/ptolemy/actor/lib/test/AbsoluteValue.tcl
testDefs.tcl: setting time out to 9000 seconds at Tue Oct 13 15:48:35 UTC 2020
95 ms. Memory: 129024K Free: 92614K (72%)
4 ms. Memory: 129024K Free: 90551K (70%)
5 ms. Memory: 129024K Free: 90056K (70%)
4 ms. Memory: 129024K Free: 89032K (69%)
/home/travis/build/icyphy/ptII/ptolemy/actor/lib/test/AddSubtract.tcl
9 ms. Memory: 129024K Free: 86984K (67%)
5 ms. Memory: 129024K Free: 86455K (67%)
5 ms. Memory: 129024K Free: 85446K (66%)
7 ms. Memory: 129024K Free: 84936K (66%)
73 ms. Memory: 129024K Free: 81864K (63%)
11 ms. Memory: 129024K Free: 80840K (63%)
/home/travis/build/icyphy/ptII/ptolemy/actor/lib/test/Average.tcl
14 ms. Memory: 129024K Free: 79302K (61%)
6 ms. Memory: 129024K Free: 78278K (61%)
/home/travis/build/icyphy/ptII/ptolemy/actor/lib/test/Bernoulli.tcl
13 ms. Memory: 129024K Free: 76744K (59%)
2 ms. Memory: 129024K Free: 76215K (59%)
/home/travis/build/icyphy/ptII/ptolemy/actor/lib/test/Clock.tcl
preinitializing
resolving types
initializing
executing number 1
wrapping up
idle
39 ms. Memory: 129024K Free: 73672K (57%)
Completed execution with 5 iterations
preinitializing
resolving types
initializing
executing number 1
wrapping up
idle
3 ms. Memory: 129024K Free: 72648K (56%)
Completed execution with 5 iterations
preinitializing
resolving types
initializing
executing number 1
wrapping up
idle
3 ms. Memory: 129024K Free: 72119K (56%)
Completed execution with 5 iterations
/home/travis/build/icyphy/ptII/ptolemy/actor/lib/test/Commutator.tcl
6 ms. Memory: 129024K Free: 70055K (54%)
5 ms. Memory: 129024K Free: 69031K (54%)
13 ms. Memory: 129024K Free: 63432K (49%)
/home/travis/build/icyphy/ptII/ptolemy/actor/lib/test/Const.tcl
7 ms. Memory: 129024K Free: 61879K (48%)
2 ms. Memory: 129024K Free: 61384K (48%)
5 ms. Memory: 129024K Free: 60855K (47%)
5 ms. Memory: 129024K Free: 60360K (47%)
2 ms. Memory: 129024K Free: 59846K (46%)
14 ms. Memory: 129024K Free: 57798K (45%)
4 ms. Memory: 129024K Free: 56759K (44%)
6 ms. Memory: 129024K Free: 56264K (44%)
/home/travis/build/icyphy/ptII/ptolemy/actor/lib/test/CurrentTime.tcl
preinitializing
resolving types
initializing
executing number 1
wrapping up
idle
7 ms. Memory: 129024K Free: 54216K (42%)
Completed execution with 11 iterations
/home/travis/build/icyphy/ptII/ptolemy/actor/lib/test/DB.tcl
4 ms. Memory: 129024K Free: 52663K (41%)
2 ms. Memory: 129024K Free: 52168K (40%)
1 ms. Memory: 129024K Free: 51654K (40%)
/home/travis/build/icyphy/ptII/ptolemy/actor/lib/test/DiscreteRandomSource.tcl
preinitializing
resolving types
initializing
executing number 1
wrapping up
idle
9 ms. Memory: 129024K Free: 50120K (39%)
Completed execution with 4 iterations
preinitializing
resolving types
initializing
executing number 1
wrapping up
idle
3 ms. Memory: 129024K Free: 49599K (38%)
Completed execution with 4 iterations
preinitializing
resolving types
initializing
executing number 1
wrapping up
idle
6 ms. Memory: 129024K Free: 49096K (38%)
Completed execution with 4 iterations
preinitializing
resolving types
initializing
executing number 1
wrapping up
idle
9 ms. Memory: 129024K Free: 48567K (38%)
Completed execution with 4 iterations
preinitializing
resolving types
initializing
executing number 1
wrapping up
idle
10 ms. Memory: 129024K Free: 48072K (37%)
Completed execution with 4 iterations
/home/travis/build/icyphy/ptII/ptolemy/actor/lib/test/Distributor.tcl
3 ms. Memory: 129024K Free: 113090K (88%)
4 ms. Memory: 129024K Free: 112036K (87%)
StreamChangeRequest.changeExecuted(): <deleteEntity name="rec2"/> succeeded
StreamChangeRequest.changeExecuted(): <deleteRelation name="r2"/> succeeded
StreamChangeRequest.changeExecuted(): Record firings per iteration succeeded
4 ms. Memory: 129024K Free: 110004K (85%)
/home/travis/build/icyphy/ptII/ptolemy/actor/lib/test/Exit.tcl
Exit.tcl: this will print a message about Manager.exitAfterWrapup, which can be ignored.
4 ms. Memory: 129024K Free: 107026K (83%)
/home/travis/build/icyphy/ptII/ptolemy/actor/lib/test/Expression.tcl
10 ms. Memory: 129024K Free: 103388K (80%)
3 ms. Memory: 129024K Free: 102836K (80%)
3 ms. Memory: 129024K Free: 101812K (79%)
preinitializing
resolving types
initializing
executing number 1
wrapping up
idle
4 ms. Memory: 129024K Free: 100324K (78%)
Completed execution with 6 iterations
2 ms. Memory: 129024K Free: 99748K (77%)
2 ms. Memory: 129024K Free: 98724K (77%)
4 ms. Memory: 129024K Free: 97716K (76%)
3 ms. Memory: 129024K Free: 96684K (75%)
3 ms. Memory: 129024K Free: 95196K (74%)
/home/travis/build/icyphy/ptII/ptolemy/actor/lib/test/Gaussian.tcl
3 ms. Memory: 129024K Free: 93634K (73%)
sleeping 1 seconds: ................................................................................................................................................................................................................................................................................................................................................................................................................................................................................................................................................................................................................................................................................................................................................................................................................................................................................................................................................................................................................................................................................................................................................................................................................................................................................................................................................................................................................................................................................................................................................................................................................................................................................................................................................................................................................................................................................................................................................................................................................................................................................................................................................................................................................................................................................................................................................................................................................................................................................................................................................................................................................................................................................................................................................................................................................................................................................................................................................................................................................................................................................................................................................................................................................................................................................................................................................................................................................................................................................................................................................................................................................................................................................................................................................................................................................................................................................................................................................................................................................................................................................................................................................................................................................................................................................................................................................................................................................................................................................................................................................................................................................................................................................................................................................................................................................................................................................................................................................................................................................................................................................................................................................................................................................................................................................................................................................................................................................................................................................................................................................................................................................................................................................................................................................................................................................................................................................................................................................................................................................................................................................................................................................................................................................................................................................................................................................................................................................................................................................................................................................................................................................................................................................................................................................................................................................................................................................................................................................................................................................................................................................................................................................................................................................................................................................................................................................................................................................................................................................................................................................................................................................................................................................................................................................................................................................................................................................................................................................................................................................................................................................................................................................................................................................................................................................................................................................................................................................................................................................................................................................................................................................................................................................................................................................................................................................................................................................................................................................................................................................................................................................................................................................................................................................................................................................................................................................................................................................................................................................................................................................................................................................................................................................................................................................................................................................................................................................................................................................................................................................................................................................................................................................................................................................................................................................................................................................................................................................................................................................................................................................................................................................................................................................................................................................................................................................................................................................................................................................................................................................................................................................................................................................................................................................................................................................................................................................................................................................................................................................................................................................................................................................................................................................................................................................................................................................................................................................................................................................................................................................................................................................................................................................................................................................................................................................................................................................................................................................................................................................................................................................................................................................................................................................................................................................................................................................................................................................................................................................................................................................................................................................................................................................................................................................................................................................................................................................................................................................................................................................................................................................................................................................................................................................................................................................................................................................................................................................................................................................................................................................................................................................................................................................................................................................................................................................................................................................................................................................................................................................................................................................................................................................................................................................................................................................................................................................................................................................................................................................................................................................................................................................................................................................................................................................................................................................................................................................................................................................................................................................................................................................................................................................................................................................................................................................................................................................................................................................................................................................................................................................................................................................................................................................................................................................................................................................................................................................................................................................................................................................................................................................................................................................................................................................................................................................................................................................................................................................................................................................................................................................................................................................................................................................................................................................................................................................................................................................................................................................................................................................................................................................................................................................................................................................................................................................................................................................................................................................................................................................................................................................................................................................................................................................................................................................................................................................................................................................................................................................................................................................................................................................................................................................................................................................................................................................................................................................................................................................................................................................................................................................................................................................................................................................................................................................................................................................................................................................................................................................................................................................................................................................................................................................................................................................................................................................................................................................................................................................................................................................................................................................................................................................................................................................................................................................................................................................................................................................................................................................................................................................................................................................................................................................................................................................................................................................................................................................................................................................................................................................................................................................................................................................................................................................................................................................................................................................................................................................................................................................................................................................................................................................................................................................................................................................................................................................................................................................................................................................................................................................................................................................................................................................................................................................................................................................................................................................................................................................................................................................................................................................................................................................................................................................................................................................................................................................................................................................................................................................................................................................................................................................................................................................................................................................................................................................................................................................................................................................................................................................................................................................................................................................................................................................................................................................................................................................................................................................................................................................................................................................................................................................................................................................................................................................................................................................................................................................................................................................................................................................................................................................................................................................................................................................................................................................................................................................................................................................................................................................................................................................................................................................................................................................................................................................................................................................................................................................................................................................................................................................................................................................................................................................................................................................................................................................................................................................................................................................................................................................................................................................................................................................................................................................................................................................................................................................................................................................................................................................................................................................................................................................................................................................................................................................................................................................................................................................................................................................................................................................................................................................................................................................................................................................................................................................................................................................................................................................................................................................................................................................................................................................................................................................................................................................................................................................................................................................................................................................................................................................................................................................................................................................................................................................................................................................................................................................................................................................................................................................................................................................................................................................................................................................................................................................................................................................................................................................................................................................................................................................................................................................................................................................................................................................................................................................................................................................................................................................................................................................................................................................................................................................................................................................................................................................................................................................................................................................................................................................................................................................................................................................................................................................................................................................................................................................................................................................................................................................................................................................................................................................................................................................................................................................................................................................................................................................................................................................................................................................................................................................................................................................................................................................................................................................................................................................................................................................................................................................................................................................................................................................................................................................................................................................................................................................................................................................................................................................................................................................................................................................................................................................................................................................................................................................................................................................................................................................................................................................................................................................................................................................................................................................................................................................................................................................................................................................................................................................................................................................................................................................................................................................................................................................................................................................................................................................................................................................................................................................................................................................................................................................................................................................................................................................................................................................................................................................................................................................................................................................................................................................................................................................................................................................................................................................................................................................................................................................................................................................................................................................................................................................................................................................................................................................................................................................................................................................................................................................................................................................................................................................................................................................................................................................................................................................................................................................................................................................................................................................................................................................................................................................................................................................................................................................................................................................................................................................................................................................................................................................................................................................................................................................................................................................................................................................................................................................................................................................................................................................................................................................................................................................................................................................................................................................................................................................................................................................................................................................................................................................................................................................................................................................................................................................................................................................................................................................................................................................................................................................................................................................................................................................................................................................................................................................................................................................................................................................................................................................................................................................................................................................................................................................................................................................................................................................................................................................................................................................................................................................................................................................................................................................................................................................................................................................................................................................................................................................................................................................................................................................................................................................................................................................................................................................................................................................................................................................................................................................................................................................................................................................................................................................................................................................................................................................................................................................................................................................................................................................................................................................................................................................................................................................................................................................................................................................................................................................................................................................................................................................................................................................................................................................................................................................................................................................................................................................................................................................................................................................................................................................................................................................................................................................................................................................................................................................................................................................................................................................................................................................................................................................................................................................................................................................................................................................................................................................................................................................................................................................................................................................................................................................................................................................................................................................................................................................................................................................................................................................................................................................................................................................................................................................................................................................................................................................................................................................................................................................................................................................................................................................................................................................................................................................................................................................................................................................................................................................................................................................................................................................................................................................................................................................................................................................................................................................................................................................................................................................................................................................................................................................................................................................................................................................................................................................................................................................................................................................................................................................................................................................................................................................................................................................................................................................................................................................................................................................................................................................................................................................................................................................................................................................................................................................................................................................................................................................................................................................................................................................................................................................................................................................................................................................................................................................................................................................................................................................................................................................................................................................................................................................................................................................................................................................................................................................................................................................................................................................................................................................................................................................................................................................................................................................................................................................................................................................................................................................................................................................................................................................................................................................................................................................................................................................................................................................................................................................................................................................................................................................................................................................................................................................................................................................................................................................................................................................................................................................................................................................................................................................................................................................................................................................................................................................................................................................................................................................................................................................................................................................................................................................................................................................................................................................................................................................................................................................................................................................................................................................................................................................................................................................................................................................................................................................................................................................................................................................................................................................................................................................................................................................................................................................................................................................................................................................................................................................................................................................................................................................................................................................................................................................................................................................................................................................................................................................................................................................................................................................................................................................................................................................................................................................................................................................................................................................................................................................................................................................................................................................................................................................................................................................................................................................................................................................................................................................................................................................................................................................................................................................................................................................................................................................................................................................................................................................................................................................................................................................................................................................................................................................................................................................................................................................................................................................................................................................................................................................................................................................................................................................................................................................................................................................................................................................................................................................................................................................................................................................................................................................................................................................................................................................................................................................................................................................................................................................................................................................................................................................................................................................................................................................................................................................................................................................................................................................................................................................................................................................................................................................................................................................................................................................................................................................................................................................................................................................................................................................................................................................................................................................................................................................................................................................................................................................................................................................................................................................................................................................................................................................................................................................................................................................................................................................................................................................................................................................................................................................................................................................................................................................................................................................................................................................................................................................................................................................................................................................................................................................................................................................................................................................................................................................................................................................................................................................................................................................................................................................................................................................................................................................................................................................................................................................................................................................................................................................................................................................................................................................................................................................................................................................................................................................................................................................................................................................................................................................................................................................................................................................................................................................................................................................................................................................................................................................................................................................................................................................................................................................................................................................................................................................................................................................................................................................................................................................................................................................................................................................................................................................................................................................................................................................................................................................................................................................................................................................................................................................................................................................................................................................................................................................................................................................................................................................................................................................................................................................................................................................................................................................................................................................................................................................................................................................................................................................................................................................................................................................................................................................................................................................................................................................................................................................................................................................................................................................................................................................................................................................................................................................................................................................................................................................................................................................................................................................................................................................................................................................................................................................................................................................................................................................................................................................................................................................................................................................................................................................................................................................................................................................................................................................................................................................................................................................................................................................................................................................................................................................................................................................................................................................................................................................................................................................................................................................................................................................................................................................................................................................................................................................................................................................................................................................................................................................................................................................................................................................................................................................................................................................................................................................................................................................................................................................................................................................................................................................................................................................................................................................................................................................................................................................................................................................................................................................................................................................................................................................................................................................................................................................................................................................................................................................................................................................................................................................................................................................................................................................................................................................................................................................................................................................................................................................................................................................................................................................................................................................................................................................................................................................................................................................................................................................................................................................................................................................................................................................................................................................................................................................................................................................................................................................................................................................................................................................................................................................................................................................................................................................................................................................................................................................................................................................................................................................................................................................................................................................................................................................................................................................................................................................................................................................................................................................................................................................................................................................................................................................................................................................................................................................................................................................................................................................................................................................................................................................................................................................................................................................................................................................................................................................................................................................................................................................................................................................................................................................................................................................................................................................................................................................................................................................................................................................................................................................................................................................................................................................................................................................................................................................................................................................................................................................................................................................................................................................................................................................................................................................................................................................................................................................................................................................................................................................................................................................................................................................................................................................................................................................................................................................................................................................................................................................................................................................................................................................................................................................................................................................................................................................................................................................................................................................................................................................................................................................................................................................................................................................................................................................................................................................................................................................................................................................................................................................................................................................................................................................................................................................................................................................................................................................................................................................................................................................................................................................................................................................................................................................................................................................................................................................................................................................................................................................................................................................................................................................................................................................................................................................................................................................................................................................................................................................................................................................................................................................................................................................................................................................................................................................................................................................................................................................................................................................................................................................................................................................................................................................................................................................................................................................................................................................................................................................................................................................................................................................................................................................................................................................................................................................................................................................................................................................................................................................................................................................................................................................................................................................................................................................................................................................................................................................................................................................................................................................................................................................................................................................................................................................................................................................................................................................................................................................................................................................................................................................................................................................................................................................................................................................................................................................................................................................................................................................................................................................................................................................................................................................................................................................................................................................................................................................................................................................................................................................................................................................................................................................................................................................................................................................................................................................................................................................................................................................................................................................................................................................................................................................................................................................................................................................................................................................................................................................................................................................................................................................................................................................................................................................................................................................................................................................................................................................................................................................................................................................................................................................................................................................................................................................................................................................................................................................................................................................................................................................................................................................................................................................................................................................................................................................................................................................................................................................................................................................................................................................................................................................................................................................................................................................................................................................................................................................................................................................................................................................................................................................................................................................................................................................................................................................................................................................................................................................................................................................................................................................................................................................................................................................................................................................................................................................................................................................................................................................................................................................................................................................................................................................................................................................................................................................................................................................................................................................................................................................................................................................................................................................................................................................................................................................................................................................................................................................................................................................................................................................................................................................................................................................................................................................................................................................................................................................................................................................................................................................................................................................................................................................................................................................................................................................................................................................................................................................................................................................................................................................................................................................................................................................................................................................................................................................................................................................................................................................................................................................................................................................................................................................................................................................................................................................................................................................................................................................................................................................................................................................................................................................................................................................................................................................................................................................................................................................................................................................................................................................................................................................................................................................................................................................................................................................................................................................................................................................................................................................................................................................................................................................................................................................................................................................................................................................................................................................................................................................................................................................................................................................................................................................................................................................................................................................................................................................................................................................................................................................................................................................................................................................................................................................................................................................................................................................................................................................................................................................................................................................................................................................................................................................................................................................................................................................................................................................................................................................................................................................................................................................................................................................................................................................................................................................................................................................................................................................................................................................................................................................................................................................................................................................................................................................................................................................................................................................................................................................................................................................................................................................................................................................................................................................................................................................2 ms. Memory: 129024K Free: 103683K (80%)
2 ms. Memory: 129024K Free: 103155K (80%)
1 ms. Memory: 129024K Free: 102145K (79%)
2 ms. Memory: 129024K Free: 101635K (79%)
1 ms. Memory: 129024K Free: 101091K (78%)
/home/travis/build/icyphy/ptII/ptolemy/actor/lib/test/IIR.tcl
/home/travis/build/icyphy/ptII/ptolemy/actor/lib/test/Interpolator.tcl
7 ms. Memory: 129024K Free: 97539K (76%)
2 ms. Memory: 129024K Free: 97025K (75%)
8 ms. Memory: 129024K Free: 96515K (75%)
1 ms. Memory: 129024K Free: 95491K (74%)
7 ms. Memory: 129024K Free: 94977K (74%)
2 ms. Memory: 129024K Free: 93953K (73%)
3 ms. Memory: 129024K Free: 92899K (72%)
2 ms. Memory: 129024K Free: 91899K (71%)
2 ms. Memory: 129024K Free: 91395K (71%)
2 ms. Memory: 129024K Free: 90371K (70%)
/home/travis/build/icyphy/ptII/ptolemy/actor/lib/test/MathFunction.tcl
8 ms. Memory: 129024K Free: 88323K (68%)
2 ms. Memory: 129024K Free: 87299K (68%)
1 ms. Memory: 129024K Free: 86275K (67%)
2 ms. Memory: 129024K Free: 85251K (66%)
9 ms. Memory: 129024K Free: 84227K (65%)
13 ms. Memory: 129024K Free: 82179K (64%)
/home/travis/build/icyphy/ptII/ptolemy/actor/lib/test/Maximum.tcl
7 ms. Memory: 129024K Free: 80131K (62%)
6 ms. Memory: 129024K Free: 79603K (62%)
5 ms. Memory: 129024K Free: 79107K (61%)
4 ms. Memory: 129024K Free: 78083K (61%)
/home/travis/build/icyphy/ptII/ptolemy/actor/lib/test/Minimum.tcl
7 ms. Memory: 129024K Free: 76531K (59%)
1 ms. Memory: 129024K Free: 76035K (59%)
1 ms. Memory: 129024K Free: 75011K (58%)
2 ms. Memory: 129024K Free: 74483K (58%)
/home/travis/build/icyphy/ptII/ptolemy/actor/lib/test/MultiplyDivide.tcl
8 ms. Memory: 129024K Free: 72449K (56%)
2 ms. Memory: 129024K Free: 71939K (56%)
2 ms. Memory: 129024K Free: 70915K (55%)
6 ms. Memory: 129024K Free: 70401K (55%)
5 ms. Memory: 129024K Free: 69891K (54%)
/home/travis/build/icyphy/ptII/ptolemy/actor/lib/test/OrderedMerge.tcl
Connections changed on port: inputA
Connections changed on port: inputB
Connections changed on port: output
Connections changed on port: output
Connections changed on port: output
Connections changed on port: input
.top. Preinitializing ...
Invoking preinitialize():  .top.OrderedMerge
Called preinitialize()
Invoking preinitialize():  .top.Ramp
Called preinitialize()
Invoking preinitialize():  .top.Ramp2
Called preinitialize()
Invoking preinitialize():  .top.Test
Called preinitialize()
Connections changed on port: inputA
Connections changed on port: output
Connections changed on port: output
Connections changed on port: input
Connections changed on port: inputB
Connections changed on port: output
.top. Finished preinitialize().
Called initialize().
Invoking initialize():  .top.OrderedMerge
Initializing actor: .top.OrderedMerge
Adding a thread: .top.OrderedMerge
Invoking initialize():  .top.Ramp
Initializing actor: .top.Ramp
Adding a thread: .top.Ramp
Invoking initialize():  .top.Ramp2
Initializing actor: .top.Ramp2
Adding a thread: .top.Ramp2
Invoking initialize():  .top.Test
Initializing actor: .top.Test
Adding a thread: .top.Test
Called fire().
Checking for deadlock:
-- Starting thread.
Called initialize()
Called prefire()
Called fire()
-- Starting thread.
Called initialize()
-- Starting thread.
Called initialize()
Called prefire()
Called prefire()
Called fire()
-- Starting thread.
Called fire()
Called initialize()
Called prefire()
Called fire()
There are 0 Blocked actors, 0 Stopped actors, and 4 active threads.
Waiting for actors to stop.
Called postfire()
Called prefire()
Called fire()
Called postfire()
Called prefire()
Called fire()
Checking for deadlock:
There are 2 Blocked actors, 0 Stopped actors, and 4 active threads.
Waiting for actors to stop.
Called postfire()
Called prefire()
Called fire()
Read input token from inputA with value 0.0
Next port to read input from is inputB
Called postfire()
Called prefire()
Called fire()
Read input token from inputB with value 0.0
Sent output token with value 0.0
Next port to read input from is inputA
Called postfire()
Called prefire()
Called fire()
Read input token from inputA with value 1.0
Checking for deadlock:
There are 1 Blocked actors, 0 Stopped actors, and 4 active threads.
Waiting for actors to stop.
Called postfire()
Called prefire()
Called fire()
-- Read input: 0.0, which is expected to match: 0.0
Called prefire()
Called fire()
Called postfire()
Called prefire()
Called fire()
Checking for deadlock:
There are 3 Blocked actors, 0 Stopped actors, and 4 active threads.
Waiting for actors to stop.
-- Read input: 0.0, which is expected to match: 0.0
Called prefire()
Called fire()
Sent output token with value 0.0
Next port to read input from is inputB
Called postfire()
Called prefire()
Called fire()
Read input token from inputB with value 1.5
Sent output token with value 1.0
Next port to read input from is inputA
Called postfire()
Called prefire()
Called fire()
Read input token from inputA with value 2.0
Checking for deadlock:
There are 1 Blocked actors, 0 Stopped actors, and 4 active threads.
Waiting for actors to stop.
Called postfire()
Called prefire()
Called fire()
-- Read input: 1.0, which is expected to match: 1.0
Called prefire()
Called fire()
Called postfire()
Called prefire()
Called fire()
Checking for deadlock:
There are 3 Blocked actors, 0 Stopped actors, and 4 active threads.
Waiting for actors to stop.
-- Read input: 1.5, which is expected to match: 1.5
Called prefire()
Called fire()
Sent output token with value 1.5
Next port to read input from is inputB
Called postfire()
Called prefire()
Called fire()
Read input token from inputB with value 3.0
Sent output token with value 2.0
Next port to read input from is inputA
Called postfire()
Called prefire()
Called fire()
Read input token from inputA with value 3.0
Checking for deadlock:
There are 1 Blocked actors, 0 Stopped actors, and 4 active threads.
Waiting for actors to stop.
Called postfire()
Called prefire()
Called fire()
-- Read input: 2.0, which is expected to match: 2.0
Called prefire()
Called fire()
Called postfire()
Called prefire()
Called fire()
Checking for deadlock:
There are 3 Blocked actors, 0 Stopped actors, and 4 active threads.
Waiting for actors to stop.
-- Read input: 3.0, which is expected to match: 3.0
Called prefire()
Called fire()
Checking for deadlock:
There are 3 Blocked actors, 0 Stopped actors, and 4 active threads.
Waiting for actors to stop.
Sent output token with value 3.0
Next port to read input from is inputB
Called postfire()
Called prefire()
Called fire()
Called postfire()
Called prefire()
Called fire()
Checking for deadlock:
There are 3 Blocked actors, 0 Stopped actors, and 4 active threads.
Waiting for actors to stop.
Read input token from inputB with value 4.5
-- Read input: 3.0, which is expected to match: 3.0
Called prefire()
Called fire()
Checking for deadlock:
There are 3 Blocked actors, 0 Stopped actors, and 4 active threads.
Waiting for actors to stop.
Sent output token with value 3.0
Next port to read input from is inputA
Called postfire()
Called prefire()
Called fire()
Called postfire()
Called prefire()
Called fire()
Checking for deadlock:
There are 3 Blocked actors, 0 Stopped actors, and 4 active threads.
Waiting for actors to stop.
Read input token from inputA with value 4.0
-- Read input: 4.0, which is expected to match: 4.0
Called prefire()
Called fire()
Past the end of training data. Read and discard all inputs.
Checking for deadlock:
There are 3 Blocked actors, 0 Stopped actors, and 4 active threads.
Waiting for actors to stop.
Sent output token with value 4.0
Next port to read input from is inputA
Called postfire()
Called prefire()
Called fire()
Called postfire()
Called prefire()
Called fire()
Checking for deadlock:
There are 3 Blocked actors, 0 Stopped actors, and 4 active threads.
Waiting for actors to stop.
Read input token from inputA with value 5.0
Called prefire()
Called fire()
Past the end of training data. Read and discard all inputs.
Checking for deadlock:
There are 3 Blocked actors, 0 Stopped actors, and 4 active threads.
Waiting for actors to stop.
Sent output token with value 4.5
Next port to read input from is inputB
Called postfire()
Called prefire()
Called fire()
Checking for deadlock:
There are 2 Blocked actors, 0 Stopped actors, and 4 active threads.
Waiting for actors to stop.
Called postfire()
Called prefire()
Called fire()
Checking for deadlock:
There are 3 Blocked actors, 0 Stopped actors, and 4 active threads.
Waiting for actors to stop.
Read input token from inputB with value 6.0
Checking for deadlock:
There are 2 Blocked actors, 0 Stopped actors, and 4 active threads.
Waiting for actors to stop.
Called prefire()
Called fire()
Past the end of training data. Read and discard all inputs.
Checking for deadlock:
There are 3 Blocked actors, 0 Stopped actors, and 4 active threads.
Waiting for actors to stop.
Sent output token with value 5.0
Next port to read input from is inputA
Called postfire()
Called prefire()
Called fire()
Called postfire()
Called prefire()
Called fire()
Checking for deadlock:
There are 3 Blocked actors, 0 Stopped actors, and 4 active threads.
Waiting for actors to stop.
Read input token from inputA with value 6.0
Called prefire()
Called fire()
Past the end of training data. Read and discard all inputs.
Checking for deadlock:
There are 3 Blocked actors, 0 Stopped actors, and 4 active threads.
Waiting for actors to stop.
Sent output token with value 6.0
Next port to read input from is inputB
Called postfire()
Called prefire()
Called fire()
Checking for deadlock:
There are 2 Blocked actors, 0 Stopped actors, and 4 active threads.
Waiting for actors to stop.
Called postfire()
Called prefire()
Called fire()
Checking for deadlock:
There are 3 Blocked actors, 0 Stopped actors, and 4 active threads.
Waiting for actors to stop.
Read input token from inputB with value 7.5
Checking for deadlock:
There are 2 Blocked actors, 0 Stopped actors, and 4 active threads.
Waiting for actors to stop.
Called prefire()
Called fire()
Past the end of training data. Read and discard all inputs.
Checking for deadlock:
There are 3 Blocked actors, 0 Stopped actors, and 4 active threads.
Waiting for actors to stop.
Sent output token with value 6.0
Next port to read input from is inputA
Called postfire()
Called prefire()
Called fire()
Called postfire()
Called prefire()
Called fire()
Checking for deadlock:
There are 3 Blocked actors, 0 Stopped actors, and 4 active threads.
Waiting for actors to stop.
Read input token from inputA with value 7.0
Called prefire()
Called fire()
Past the end of training data. Read and discard all inputs.
Checking for deadlock:
There are 3 Blocked actors, 0 Stopped actors, and 4 active threads.
Waiting for actors to stop.
Sent output token with value 7.0
Next port to read input from is inputA
Called postfire()
Called prefire()
Called fire()
-- Thread wrapup() called.
Called wrapup()
Thread .top.Ramp is exiting.
-- Thread stopped.
Checking for deadlock:
There are 2 Blocked actors, 0 Stopped actors, and 3 active threads.
Waiting for actors to stop.
Read input token from inputA with value 8.0
Sent output token with value 7.5
Next port to read input from is inputB
Called postfire()
Called prefire()
Called fire()
Read input token from inputB with value 9.0
Checking for deadlock:
There are 1 Blocked actors, 0 Stopped actors, and 3 active threads.
Waiting for actors to stop.
Called prefire()
Called fire()
Past the end of training data. Read and discard all inputs.
Called postfire()
Called prefire()
Called fire()
Checking for deadlock:
There are 2 Blocked actors, 0 Stopped actors, and 3 active threads.
Waiting for actors to stop.
Called prefire()
Called fire()
Past the end of training data. Read and discard all inputs.
Checking for deadlock:
There are 2 Blocked actors, 0 Stopped actors, and 3 active threads.
Waiting for actors to stop.
Sent output token with value 8.0
Next port to read input from is inputA
Called postfire()
Called prefire()
Called fire()
Read input token from inputA with value 9.0
Called prefire()
Called fire()
Past the end of training data. Read and discard all inputs.
Checking for deadlock:
There are 2 Blocked actors, 0 Stopped actors, and 3 active threads.
Waiting for actors to stop.
Sent output token with value 9.0
Next port to read input from is inputB
Called postfire()
Called prefire()
Called fire()
Checking for deadlock:
There are 1 Blocked actors, 0 Stopped actors, and 3 active threads.
Waiting for actors to stop.
Called postfire()
Called prefire()
Called fire()
Checking for deadlock:
There are 2 Blocked actors, 0 Stopped actors, and 3 active threads.
Waiting for actors to stop.
Read input token from inputB with value 10.5
Checking for deadlock:
There are 1 Blocked actors, 0 Stopped actors, and 3 active threads.
Waiting for actors to stop.
Called prefire()
Called fire()
Past the end of training data. Read and discard all inputs.
Checking for deadlock:
There are 2 Blocked actors, 0 Stopped actors, and 3 active threads.
Waiting for actors to stop.
Sent output token with value 9.0
Next port to read input from is inputA
Called postfire()
Called prefire()
Called fire()
Checking for deadlock:
There are 3 Blocked actors, 0 Stopped actors, and 3 active threads.
Actors have stopped.
Checking for deadlock:
There are 3 Blocked actors, 0 Stopped actors, and 3 active threads.
Deadlock detected.
Resolving Deadlock
Checking for deadlock:
There are 3 Blocked actors, 0 Stopped actors, and 3 active threads.
Artificial Deadlock - increasing queue capacity.
increasing the capacity of receiver ptolemy.actor.TypedIOPort {.top.OrderedMerge.inputB} to 2
-- Thread wrapup() called.
Called wrapup()
Thread .top.Ramp2 is exiting.
-- Thread stopped.
Director: Called postfire().
Called postfire().
_stopRequested = false
_stopFireRequested = false
Returning from postfire(): true
Called fire().
Checking for deadlock:
There are 2 Blocked actors, 0 Stopped actors, and 2 active threads.
Actors have stopped.
Checking for deadlock:
There are 2 Blocked actors, 0 Stopped actors, and 2 active threads.
Deadlock detected.
Resolving Deadlock
Checking for deadlock:
There are 2 Blocked actors, 0 Stopped actors, and 2 active threads.
Deadlock detected: no processes blocked on write, but some are blocked on read.
Called postfire().
_stopRequested = false
_stopFireRequested = false
Returning from postfire(): false
Finished deactivating branches.
Called wrapup().
-- Thread wrapup() called.
Called wrapup()
Thread .top.Test is exiting.
-- Thread stopped.
-- Blocked Receiver call threw TerminateProcessException.
-- Thread wrapup() called.
Called wrapup()
Thread .top.OrderedMerge is exiting.
-- Thread stopped.
-- Blocked Receiver call threw TerminateProcessException.
53 ms. Memory: 129024K Free: 64771K (50%)
.top. Preinitializing ...
Invoking preinitialize():  .top.OrderedMerge
Called preinitialize()
Invoking preinitialize():  .top.Ramp
Called preinitialize()
Invoking preinitialize():  .top.Ramp2
Called preinitialize()
Invoking preinitialize():  .top.Test
Called preinitialize()
.top. Finished preinitialize().
Called initialize().
Invoking initialize():  .top.OrderedMerge
Initializing actor: .top.OrderedMerge
Adding a thread: .top.OrderedMerge
Invoking initialize():  .top.Ramp
Initializing actor: .top.Ramp
Adding a thread: .top.Ramp
Invoking initialize():  .top.Ramp2
Initializing actor: .top.Ramp2
Adding a thread: .top.Ramp2
Invoking initialize():  .top.Test
Initializing actor: .top.Test
Adding a thread: .top.Test
-- Starting thread.
Called initialize()
Called prefire()
Called fire()
-- Starting thread.
Called initialize()
Called prefire()
Called fire()
Called postfire()
Called prefire()
Called fire()
-- Starting thread.
Called initialize()
Called prefire()
Called fire()
Called postfire()
Called prefire()
Called fire()
Called fire().
Checking for deadlock:
There are 3 Blocked actors, 0 Stopped actors, and 4 active threads.
Waiting for actors to stop.
-- Starting thread.
Called initialize()
Called prefire()
Called fire()
Read input token from inputA with value 0.0
Next port to read input from is inputB
Called postfire()
Called prefire()
Called fire()
Read input token from inputB with value 0.0
Sent output token with value 0.0
Next port to read input from is inputA
Called postfire()
Called prefire()
Called fire()
Checking for deadlock:
There are 1 Blocked actors, 0 Stopped actors, and 4 active threads.
Waiting for actors to stop.
-- Read input: 0.0, which is expected to match: 0.0
Called prefire()
Called fire()
Called postfire()
Called prefire()
Called fire()
Called postfire()
Called prefire()
Called fire()
Checking for deadlock:
There are 3 Blocked actors, 0 Stopped actors, and 4 active threads.
Waiting for actors to stop.
Read input token from inputA with value 1.0
Sent output token with value 0.0
Next port to read input from is inputB
Called postfire()
Called prefire()
Called fire()
Checking for deadlock:
There are 0 Blocked actors, 0 Stopped actors, and 4 active threads.
Waiting for actors to stop.
-- Read input: 0.0, which is expected to match: 0.0
Called prefire()
Called fire()
Checking for deadlock:
There are 1 Blocked actors, 0 Stopped actors, and 4 active threads.
Waiting for actors to stop.
Called postfire()
Called prefire()
Called fire()
Checking for deadlock:
There are 2 Blocked actors, 0 Stopped actors, and 4 active threads.
Waiting for actors to stop.
Called postfire()
Called prefire()
Called fire()
Checking for deadlock:
There are 3 Blocked actors, 0 Stopped actors, and 4 active threads.
Waiting for actors to stop.
Read input token from inputB with value 1.5
Sent output token with value 1.0
Next port to read input from is inputA
Called postfire()
Called prefire()
Called fire()
Read input token from inputA with value 2.0
-- Read input: 1.0, which is expected to match: 1.0
Called prefire()
Called fire()
Checking for deadlock:
There are 2 Blocked actors, 0 Stopped actors, and 4 active threads.
Waiting for actors to stop.
Called postfire()
Called prefire()
Called fire()
Checking for deadlock:
There are 3 Blocked actors, 0 Stopped actors, and 4 active threads.
Waiting for actors to stop.
Sent output token with value 1.5
-- Read input: 1.5, which is expected to match: 1.5
Called prefire()
Called fire()
Checking for deadlock:
There are 3 Blocked actors, 0 Stopped actors, and 4 active threads.
Waiting for actors to stop.
Next port to read input from is inputB
Called postfire()
Called prefire()
Called fire()
Checking for deadlock:
There are 2 Blocked actors, 0 Stopped actors, and 4 active threads.
Waiting for actors to stop.
Called postfire()
Called prefire()
Called fire()
Checking for deadlock:
There are 3 Blocked actors, 0 Stopped actors, and 4 active threads.
Waiting for actors to stop.
Read input token from inputB with value 3.0
Checking for deadlock:
There are 2 Blocked actors, 0 Stopped actors, and 4 active threads.
Waiting for actors to stop.
-- Read input: 2.0, which is expected to match: 2.0
Called prefire()
Called fire()
Checking for deadlock:
There are 3 Blocked actors, 0 Stopped actors, and 4 active threads.
Waiting for actors to stop.
Sent output token with value 2.0
Next port to read input from is inputA
Called postfire()
Called prefire()
Called fire()
Checking for deadlock:
There are 2 Blocked actors, 0 Stopped actors, and 4 active threads.
Waiting for actors to stop.
Called postfire()
Called prefire()
Called fire()
Checking for deadlock:
There are 3 Blocked actors, 0 Stopped actors, and 4 active threads.
Waiting for actors to stop.
Read input token from inputA with value 3.0
Sent output token with value 3.0
Next port to read input from is inputB
Called postfire()
Called prefire()
Called fire()
Read input token from inputB with value 4.5
Checking for deadlock:
There are 2 Blocked actors, 0 Stopped actors, and 4 active threads.
Waiting for actors to stop.
-- Read input: 3.0, which is expected to match: 3.0
Called prefire()
Called fire()
Called postfire()
Called prefire()
Called fire()
Checking for deadlock:
There are 3 Blocked actors, 0 Stopped actors, and 4 active threads.
Waiting for actors to stop.
Checking for deadlock:
There are 2 Blocked actors, 0 Stopped actors, and 4 active threads.
Waiting for actors to stop.
-- Read input: 3.0, which is expected to match: 3.0
Called prefire()
Called fire()
Checking for deadlock:
There are 3 Blocked actors, 0 Stopped actors, and 4 active threads.
Waiting for actors to stop.
Sent output token with value 3.0
Next port to read input from is inputA
Called postfire()
Called prefire()
Called fire()
Checking for deadlock:
There are 2 Blocked actors, 0 Stopped actors, and 4 active threads.
Waiting for actors to stop.
Called postfire()
Called prefire()
Called fire()
Checking for deadlock:
There are 3 Blocked actors, 0 Stopped actors, and 4 active threads.
Waiting for actors to stop.
Read input token from inputA with value 4.0
Sent output token with value 4.0
Next port to read input from is inputA
Called postfire()
Called prefire()
Called fire()
Read input token from inputA with value 5.0
Checking for deadlock:
There are 2 Blocked actors, 0 Stopped actors, and 4 active threads.
Waiting for actors to stop.
-- Read input: 4.0, which is expected to match: 4.0
Called prefire()
Called fire()
Past the end of training data. Read and discard all inputs.
Called postfire()
Called prefire()
Called fire()
Checking for deadlock:
There are 3 Blocked actors, 0 Stopped actors, and 4 active threads.
Waiting for actors to stop.
Sent output token with value 4.5
Next port to read input from is inputB
Called postfire()
Called prefire()
Called fire()
Read input token from inputB with value 6.0
Checking for deadlock:
There are 2 Blocked actors, 0 Stopped actors, and 4 active threads.
Waiting for actors to stop.
Called prefire()
Called fire()
Past the end of training data. Read and discard all inputs.
Called postfire()
Called prefire()
Called fire()
Checking for deadlock:
There are 3 Blocked actors, 0 Stopped actors, and 4 active threads.
Waiting for actors to stop.
Checking for deadlock:
There are 2 Blocked actors, 0 Stopped actors, and 4 active threads.
Waiting for actors to stop.
Called prefire()
Called fire()
Past the end of training data. Read and discard all inputs.
Checking for deadlock:
There are 3 Blocked actors, 0 Stopped actors, and 4 active threads.
Waiting for actors to stop.
Sent output token with value 5.0
Next port to read input from is inputA
Called postfire()
Called prefire()
Called fire()
Checking for deadlock:
There are 2 Blocked actors, 0 Stopped actors, and 4 active threads.
Waiting for actors to stop.
Called postfire()
Called prefire()
Called fire()
Checking for deadlock:
There are 3 Blocked actors, 0 Stopped actors, and 4 active threads.
Waiting for actors to stop.
Read input token from inputA with value 6.0
Sent output token with value 6.0
Next port to read input from is inputB
Called postfire()
Called prefire()
Called fire()
Read input token from inputB with value 7.5
Checking for deadlock:
There are 2 Blocked actors, 0 Stopped actors, and 4 active threads.
Waiting for actors to stop.
Called prefire()
Called fire()
Past the end of training data. Read and discard all inputs.
Called postfire()
Called prefire()
Called fire()
Checking for deadlock:
There are 3 Blocked actors, 0 Stopped actors, and 4 active threads.
Waiting for actors to stop.
Checking for deadlock:
There are 2 Blocked actors, 0 Stopped actors, and 4 active threads.
Waiting for actors to stop.
Called prefire()
Called fire()
Past the end of training data. Read and discard all inputs.
Checking for deadlock:
There are 3 Blocked actors, 0 Stopped actors, and 4 active threads.
Waiting for actors to stop.
Sent output token with value 6.0
Next port to read input from is inputA
Called postfire()
Called prefire()
Called fire()
Checking for deadlock:
There are 2 Blocked actors, 0 Stopped actors, and 4 active threads.
Waiting for actors to stop.
Called postfire()
Called prefire()
Called fire()
Checking for deadlock:
There are 3 Blocked actors, 0 Stopped actors, and 4 active threads.
Waiting for actors to stop.
Read input token from inputA with value 7.0
Sent output token with value 7.0
Next port to read input from is inputA
Called postfire()
Called prefire()
Called fire()
Read input token from inputA with value 8.0
Checking for deadlock:
There are 2 Blocked actors, 0 Stopped actors, and 4 active threads.
Waiting for actors to stop.
Called prefire()
Called fire()
Past the end of training data. Read and discard all inputs.
-- Thread wrapup() called.
Called wrapup()
Thread .top.Ramp is exiting.
-- Thread stopped.
Checking for deadlock:
There are 2 Blocked actors, 0 Stopped actors, and 3 active threads.
Waiting for actors to stop.
Called prefire()
Called fire()
Past the end of training data. Read and discard all inputs.
Checking for deadlock:
There are 2 Blocked actors, 0 Stopped actors, and 3 active threads.
Waiting for actors to stop.
Sent output token with value 7.5
Next port to read input from is inputB
Called postfire()
Called prefire()
Called fire()
Checking for deadlock:
There are 1 Blocked actors, 0 Stopped actors, and 3 active threads.
Waiting for actors to stop.
Called postfire()
Called prefire()
Called fire()
Checking for deadlock:
There are 2 Blocked actors, 0 Stopped actors, and 3 active threads.
Waiting for actors to stop.
Read input token from inputB with value 9.0
Checking for deadlock:
There are 1 Blocked actors, 0 Stopped actors, and 3 active threads.
Waiting for actors to stop.
Called prefire()
Called fire()
Past the end of training data. Read and discard all inputs.
Checking for deadlock:
There are 2 Blocked actors, 0 Stopped actors, and 3 active threads.
Waiting for actors to stop.
Sent output token with value 8.0
Next port to read input from is inputA
Called postfire()
Called prefire()
Called fire()
Read input token from inputA with value 9.0
Called prefire()
Called fire()
Past the end of training data. Read and discard all inputs.
Checking for deadlock:
There are 2 Blocked actors, 0 Stopped actors, and 3 active threads.
Waiting for actors to stop.
Sent output token with value 9.0
Next port to read input from is inputB
Called postfire()
Called prefire()
Called fire()
Called postfire()
Called prefire()
Called fire()
Checking for deadlock:
There are 2 Blocked actors, 0 Stopped actors, and 3 active threads.
Waiting for actors to stop.
Read input token from inputB with value 10.5
Called prefire()
Called fire()
Past the end of training data. Read and discard all inputs.
Checking for deadlock:
There are 2 Blocked actors, 0 Stopped actors, and 3 active threads.
Waiting for actors to stop.
Sent output token with value 9.0
Next port to read input from is inputA
Called postfire()
Called prefire()
Called fire()
Checking for deadlock:
There are 3 Blocked actors, 0 Stopped actors, and 3 active threads.
Actors have stopped.
Checking for deadlock:
There are 3 Blocked actors, 0 Stopped actors, and 3 active threads.
Deadlock detected.
Resolving Deadlock
Checking for deadlock:
There are 3 Blocked actors, 0 Stopped actors, and 3 active threads.
Artificial Deadlock - increasing queue capacity.
increasing the capacity of receiver ptolemy.actor.TypedIOPort {.top.OrderedMerge.inputB} to 2
Director: Called postfire().
Called postfire().
_stopRequested = false
_stopFireRequested = false
Returning from postfire(): true
Called fire().
Checking for deadlock:
There are 2 Blocked actors, 0 Stopped actors, and 3 active threads.
Waiting for actors to stop.
-- Thread wrapup() called.
Called wrapup()
Thread .top.Ramp2 is exiting.
-- Thread stopped.
Checking for deadlock:
There are 2 Blocked actors, 0 Stopped actors, and 2 active threads.
Actors have stopped.
Checking for deadlock:
There are 2 Blocked actors, 0 Stopped actors, and 2 active threads.
Deadlock detected.
Resolving Deadlock
Checking for deadlock:
There are 2 Blocked actors, 0 Stopped actors, and 2 active threads.
Deadlock detected: no processes blocked on write, but some are blocked on read.
Called postfire().
_stopRequested = false
_stopFireRequested = false
Returning from postfire(): false
Finished deactivating branches.
Called wrapup().
-- Thread wrapup() called.
Called wrapup()
-- Thread wrapup() called.
Called wrapup()
Thread .top.Test is exiting.
-- Thread stopped.
-- Blocked Receiver call threw TerminateProcessException.
Thread .top.OrderedMerge is exiting.
27 ms. Memory: 129024K Free: 62209K (48%)
/home/travis/build/icyphy/ptII/ptolemy/actor/lib/test/Publisher.tcl
-- Thread stopped.
-- Blocked Receiver call threw TerminateProcessException.
19 ms. Memory: 129024K Free: 56065K (43%)
6 ms. Memory: 129024K Free: 50915K (39%)
5 ms. Memory: 129024K Free: 47363K (37%)
7 ms. Memory: 129024K Free: 46339K (36%)
5 ms. Memory: 129024K Free: 45315K (35%)
10 ms. Memory: 129024K Free: 44801K (35%)
13 ms. Memory: 129024K Free: 112318K (87%)
3 ms. Memory: 129024K Free: 111808K (87%)
27 ms. Memory: 162816K Free: 145905K (90%)
3 ms. Memory: 162816K Free: 142321K (87%)
2 ms. Memory: 162816K Free: 141297K (87%)
3 ms. Memory: 162816K Free: 139249K (86%)
6 ms. Memory: 162816K Free: 131567K (81%)
5 ms. Memory: 162816K Free: 122351K (75%)
6 ms. Memory: 162816K Free: 111087K (68%)
/home/travis/build/icyphy/ptII/ptolemy/actor/lib/test/Pulse.tcl
1 ms. Memory: 162816K Free: 140099K (86%)
12 ms. Memory: 162816K Free: 139555K (86%)
2 ms. Memory: 162816K Free: 139075K (85%)
2 ms. Memory: 162816K Free: 138561K (85%)
1 ms. Memory: 162816K Free: 138051K (85%)
5 ms. Memory: 162816K Free: 136513K (84%)
2 ms. Memory: 162816K Free: 136003K (84%)
1 ms. Memory: 162816K Free: 134979K (83%)
1 ms. Memory: 162816K Free: 134465K (83%)
/home/travis/build/icyphy/ptII/ptolemy/actor/lib/test/Ramp.tcl
2 ms. Memory: 162816K Free: 132403K (81%)
1 ms. Memory: 162816K Free: 131393K (81%)
1 ms. Memory: 162816K Free: 130883K (80%)
2 ms. Memory: 162816K Free: 129859K (80%)
3 ms. Memory: 162816K Free: 129345K (79%)
4 ms. Memory: 162816K Free: 128321K (79%)
5 ms. Memory: 162816K Free: 127297K (78%)
5 actors
4000 microseconds per iteration to create
11 ms. Memory: 162816K Free: 124739K (77%)
2 ms. Memory: 162816K Free: 124195K (76%)
3 ms. Memory: 162816K Free: 123715K (76%)
1 ms. Memory: 162816K Free: 123171K (76%)
50 actors
33000 microseconds per iteration to create
24 ms. Memory: 162816K Free: 107331K (66%)
8 ms. Memory: 162816K Free: 106307K (65%)
9 ms. Memory: 162816K Free: 105283K (65%)
5 ms. Memory: 162816K Free: 104259K (64%)
500 actors
1425000 microseconds per iteration to create
237 ms. Memory: 162816K Free: 90139K (55%)
33 ms. Memory: 162816K Free: 84505K (52%)
33 ms. Memory: 162816K Free: 79385K (49%)
33 ms. Memory: 162816K Free: 74235K (46%)
/home/travis/build/icyphy/ptII/ptolemy/actor/lib/test/RampContinuous.tcl
6 ms. Memory: 162816K Free: 72731K (45%)
/home/travis/build/icyphy/ptII/ptolemy/actor/lib/test/RecordAssembler.tcl
4 ms. Memory: 162816K Free: 71192K (44%)
3 ms. Memory: 162816K Free: 70169K (43%)
/home/travis/build/icyphy/ptII/ptolemy/actor/lib/test/RecordDisassembler.tcl
5 ms. Memory: 162816K Free: 68635K (42%)
2 ms. Memory: 162816K Free: 67611K (42%)
3 ms. Memory: 162816K Free: 66587K (41%)
/home/travis/build/icyphy/ptII/ptolemy/actor/lib/test/Scale.tcl
2 ms. Memory: 162816K Free: 65035K (40%)
1 ms. Memory: 162816K Free: 64011K (39%)
1 ms. Memory: 162816K Free: 63515K (39%)
2 ms. Memory: 162816K Free: 62491K (38%)
3 ms. Memory: 215040K Free: 190887K (89%)
/home/travis/build/icyphy/ptII/ptolemy/actor/lib/test/SequentialClock.tcl
preinitializing
resolving types
initializing
executing number 1
wrapping up
idle
4 ms. Memory: 215040K Free: 189863K (88%)
Completed execution with 5 iterations
preinitializing
resolving types
initializing
executing number 1
wrapping up
idle
1 ms. Memory: 215040K Free: 189349K (88%)
Completed execution with 5 iterations
preinitializing
resolving types
initializing
executing number 1
wrapping up
idle
1 ms. Memory: 215040K Free: 188839K (88%)
Completed execution with 5 iterations
/home/travis/build/icyphy/ptII/ptolemy/actor/lib/test/SetVariable.tcl
5 ms. Memory: 215040K Free: 186791K (87%)
/home/travis/build/icyphy/ptII/ptolemy/actor/lib/test/Sinewave.tcl
/home/travis/build/icyphy/ptII/ptolemy/actor/lib/test/SubscriptionAggregator.tcl
4 ms. Memory: 215040K Free: 175527K (82%)
6 ms. Memory: 215040K Free: 174982K (81%)
2 ms. Memory: 215040K Free: 174503K (81%)
0 ms. Memory: 215040K Free: 173989K (81%)
2 ms. Memory: 215040K Free: 170407K (79%)
13 ms. Memory: 215040K Free: 167845K (78%)
...............................................................949 ms. Memory: 338944K Free: 221173K (65%)
/home/travis/build/icyphy/ptII/ptolemy/actor/lib/test/Test.tcl
 The next command will produce a warning about training mode,
   which may be ignored.
5 ms. Memory: 338944K Free: 219142K (65%)
8 ms. Memory: 338944K Free: 218118K (64%)
3 ms. Memory: 338944K Free: 217608K (64%)
11 ms. Memory: 338944K Free: 217080K (64%)
1 ms. Memory: 338944K Free: 216584K (64%)
3 ms. Memory: 338944K Free: 215046K (63%)
10 ms. Memory: 338944K Free: 214008K (63%)
 The next command will produce a warning about training mode,
   which may be ignored.
12 ms. Memory: 338944K Free: 211464K (62%)
 The next command will produce a warning about training mode,
   which may be ignored.
2 ms. Memory: 338944K Free: 210440K (62%)
1 ms. Memory: 338944K Free: 209896K (62%)
1 ms. Memory: 338944K Free: 209416K (62%)
2 ms. Memory: 338944K Free: 208872K (62%)
8 ms. Memory: 338944K Free: 207878K (61%)
5 ms. Memory: 338944K Free: 203782K (60%)
/home/travis/build/icyphy/ptII/ptolemy/actor/lib/test/TestExceptionHandler.tcl
 The next command will produce a warning about training mode,
   which may be ignored.
2 ms. Memory: 338944K Free: 202752K (60%)
1 ms. Memory: 338944K Free: 202248K (60%)
1 ms. Memory: 338944K Free: 201728K (60%)
/home/travis/build/icyphy/ptII/ptolemy/actor/lib/test/UnionDisassembler.tcl
26 ms. Memory: 338944K Free: 194560K (57%)
/home/travis/build/icyphy/ptII/ptolemy/actor/lib/test/VariableClock.tcl
preinitializing
resolving types
initializing
executing number 1
wrapping up
idle
8 ms. Memory: 338944K Free: 192512K (57%)
Completed execution with 11 iterations
preinitializing
resolving types
initializing
executing number 1
wrapping up
idle
4 ms. Memory: 338944K Free: 190984K (56%)
Completed execution with 10 iterations
10/13/20 03:48:43
Failed: 0  Total Tests: 233  ((Passed: 233, Newly Passed: 0)  Known Failed: 0) /home/travis/build/icyphy/ptII/ptolemy/actor/lib/test
----------------- testing (KnownFailure) /home/travis/build/icyphy/ptII/ptolemy/actor/lib/test/auto/knownFailedTests/PublisherPortToplevelSubscriber.xml
1 ms. Memory: 338944K Free: 187398K (55%)
Known Failure: java.lang.reflect.InvocationTargetException
----------------- testing (KnownFailure) /home/travis/build/icyphy/ptII/ptolemy/actor/lib/test/auto/knownFailedTests/PublisherSubscriberPortToplevel.xml
0 ms. Memory: 338944K Free: 183302K (54%)
Known Failure: java.lang.reflect.InvocationTargetException
----------------- testing (KnownFailure) /home/travis/build/icyphy/ptII/ptolemy/actor/lib/test/auto/knownFailedTests/PublisherSubscriptionAggregatorPort.xml
0 ms. Memory: 338944K Free: 179206K (53%)
Known Failure: java.lang.reflect.InvocationTargetException
----------------- testing (KnownFailure) /home/travis/build/icyphy/ptII/ptolemy/actor/lib/test/auto/knownFailedTests/sizedarray3.xml
11 ms. Memory: 338944K Free: 175110K (52%)
Known Failure: java.lang.reflect.InvocationTargetException
No auto/linux-amd64/*.xml tests in /home/travis/build/icyphy/ptII/ptolemy/actor/lib/test
AutoTests.java: About to close Vertx.
AutoTests.java: Vertx closed.

===========================================================================================
----------------- testing Tue Oct 13 15:48:44 UTC 2020 /home/travis/build/icyphy/ptII/ptolemy/actor/lib/test/auto/AbsoluteValue.xml
----------------- Instantiating /home/travis/build/icyphy/ptII/ptolemy/actor/lib/test/auto/AbsoluteValue.xml
4 ms. Memory: 338944K Free: 152072K (45%)
----------------- Invoking toplevel() on ptolemy.moml.MoMLSimpleApplication@45e77d0c
----------------- Done invoking toplevel() on ptolemy.moml.MoMLSimpleApplication@45e77d0c
reloadAllAccessors: .AbsoluteValue

===========================================================================================
----------------- testing Tue Oct 13 15:48:44 UTC 2020 /home/travis/build/icyphy/ptII/ptolemy/actor/lib/test/auto/AbsoluteValue2.xml
----------------- Instantiating /home/travis/build/icyphy/ptII/ptolemy/actor/lib/test/auto/AbsoluteValue2.xml
4 ms. Memory: 338944K Free: 145414K (43%)
----------------- Invoking toplevel() on ptolemy.moml.MoMLSimpleApplication@29ffa34
----------------- Done invoking toplevel() on ptolemy.moml.MoMLSimpleApplication@29ffa34
reloadAllAccessors: .AbsoluteValue2

===========================================================================================
----------------- testing Tue Oct 13 15:48:44 UTC 2020 /home/travis/build/icyphy/ptII/ptolemy/actor/lib/test/auto/Accumulator.xml
----------------- Instantiating /home/travis/build/icyphy/ptII/ptolemy/actor/lib/test/auto/Accumulator.xml
5 ms. Memory: 338944K Free: 138760K (41%)
----------------- Invoking toplevel() on ptolemy.moml.MoMLSimpleApplication@1c6c00a4
----------------- Done invoking toplevel() on ptolemy.moml.MoMLSimpleApplication@1c6c00a4
reloadAllAccessors: .Accumulator

===========================================================================================
----------------- testing Tue Oct 13 15:48:44 UTC 2020 /home/travis/build/icyphy/ptII/ptolemy/actor/lib/test/auto/Accumulator2.xml
----------------- Instantiating /home/travis/build/icyphy/ptII/ptolemy/actor/lib/test/auto/Accumulator2.xml
3 ms. Memory: 338944K Free: 133640K (39%)
----------------- Invoking toplevel() on ptolemy.moml.MoMLSimpleApplication@31862b24
----------------- Done invoking toplevel() on ptolemy.moml.MoMLSimpleApplication@31862b24
reloadAllAccessors: .Accumulator2

===========================================================================================
----------------- testing Tue Oct 13 15:48:44 UTC 2020 /home/travis/build/icyphy/ptII/ptolemy/actor/lib/test/auto/Accumulator3.xml
----------------- Instantiating /home/travis/build/icyphy/ptII/ptolemy/actor/lib/test/auto/Accumulator3.xml
2 ms. Memory: 338944K Free: 129030K (38%)
----------------- Invoking toplevel() on ptolemy.moml.MoMLSimpleApplication@689d2d6d
----------------- Done invoking toplevel() on ptolemy.moml.MoMLSimpleApplication@689d2d6d
reloadAllAccessors: .Accumulator3

===========================================================================================
----------------- testing Tue Oct 13 15:48:44 UTC 2020 /home/travis/build/icyphy/ptII/ptolemy/actor/lib/test/auto/ArrayAppend.xml
----------------- Instantiating /home/travis/build/icyphy/ptII/ptolemy/actor/lib/test/auto/ArrayAppend.xml
5 ms. Memory: 338944K Free: 123400K (36%)
----------------- Invoking toplevel() on ptolemy.moml.MoMLSimpleApplication@65dbbc05
----------------- Done invoking toplevel() on ptolemy.moml.MoMLSimpleApplication@65dbbc05
reloadAllAccessors: .ArrayAppend

===========================================================================================
----------------- testing Tue Oct 13 15:48:44 UTC 2020 /home/travis/build/icyphy/ptII/ptolemy/actor/lib/test/auto/ArrayAppend2.xml
----------------- Instantiating /home/travis/build/icyphy/ptII/ptolemy/actor/lib/test/auto/ArrayAppend2.xml
441 ms. Memory: 338944K Free: 221878K (65%)
----------------- Invoking toplevel() on ptolemy.moml.MoMLSimpleApplication@489d0ae0
----------------- Done invoking toplevel() on ptolemy.moml.MoMLSimpleApplication@489d0ae0
reloadAllAccessors: .ArrayAppend2

===========================================================================================
----------------- testing Tue Oct 13 15:48:44 UTC 2020 /home/travis/build/icyphy/ptII/ptolemy/actor/lib/test/auto/ArrayAppend3.xml
----------------- Instantiating /home/travis/build/icyphy/ptII/ptolemy/actor/lib/test/auto/ArrayAppend3.xml
8 ms. Memory: 338944K Free: 216072K (64%)
----------------- Invoking toplevel() on ptolemy.moml.MoMLSimpleApplication@5b67bf5b
----------------- Done invoking toplevel() on ptolemy.moml.MoMLSimpleApplication@5b67bf5b
reloadAllAccessors: .ArrayAppend3

===========================================================================================
----------------- testing Tue Oct 13 15:48:44 UTC 2020 /home/travis/build/icyphy/ptII/ptolemy/actor/lib/test/auto/ArrayAppend4.xml
----------------- Instantiating /home/travis/build/icyphy/ptII/ptolemy/actor/lib/test/auto/ArrayAppend4.xml
3 ms. Memory: 338944K Free: 210438K (62%)
----------------- Invoking toplevel() on ptolemy.moml.MoMLSimpleApplication@3779e0cc
----------------- Done invoking toplevel() on ptolemy.moml.MoMLSimpleApplication@3779e0cc
reloadAllAccessors: .ArrayAppend4

===========================================================================================
----------------- testing Tue Oct 13 15:48:44 UTC 2020 /home/travis/build/icyphy/ptII/ptolemy/actor/lib/test/auto/ArrayAppend5.xml
----------------- Instantiating /home/travis/build/icyphy/ptII/ptolemy/actor/lib/test/auto/ArrayAppend5.xml
4 ms. Memory: 338944K Free: 205318K (61%)
----------------- Invoking toplevel() on ptolemy.moml.MoMLSimpleApplication@50fadc9d
----------------- Done invoking toplevel() on ptolemy.moml.MoMLSimpleApplication@50fadc9d
reloadAllAccessors: .ArrayAppend5

===========================================================================================
----------------- testing Tue Oct 13 15:48:44 UTC 2020 /home/travis/build/icyphy/ptII/ptolemy/actor/lib/test/auto/ArrayAppend6.xml
----------------- Instantiating /home/travis/build/icyphy/ptII/ptolemy/actor/lib/test/auto/ArrayAppend6.xml
1 ms. Memory: 338944K Free: 200198K (59%)
----------------- Invoking toplevel() on ptolemy.moml.MoMLSimpleApplication@129eafcd
----------------- Done invoking toplevel() on ptolemy.moml.MoMLSimpleApplication@129eafcd
reloadAllAccessors: .ArrayAppend6

===========================================================================================
----------------- testing Tue Oct 13 15:48:45 UTC 2020 /home/travis/build/icyphy/ptII/ptolemy/actor/lib/test/auto/ArrayAppendPerformanceTest.xml
----------------- Instantiating /home/travis/build/icyphy/ptII/ptolemy/actor/lib/test/auto/ArrayAppendPerformanceTest.xml
34 ms. Memory: 338944K Free: 188934K (56%)
----------------- Invoking toplevel() on ptolemy.moml.MoMLSimpleApplication@1d162fa8
----------------- Done invoking toplevel() on ptolemy.moml.MoMLSimpleApplication@1d162fa8
reloadAllAccessors: .ArrayAppendPerformanceTest

===========================================================================================
----------------- testing Tue Oct 13 15:48:45 UTC 2020 /home/travis/build/icyphy/ptII/ptolemy/actor/lib/test/auto/ArrayAppendWithEmptyInput.xml
----------------- Instantiating /home/travis/build/icyphy/ptII/ptolemy/actor/lib/test/auto/ArrayAppendWithEmptyInput.xml
17 ms. Memory: 338944K Free: 181256K (53%)
----------------- Invoking toplevel() on ptolemy.moml.MoMLSimpleApplication@3eeccf78
----------------- Done invoking toplevel() on ptolemy.moml.MoMLSimpleApplication@3eeccf78
reloadAllAccessors: .ArrayAppendWithEmptyInput

===========================================================================================
----------------- testing Tue Oct 13 15:48:45 UTC 2020 /home/travis/build/icyphy/ptII/ptolemy/actor/lib/test/auto/ArrayAverage.xml
----------------- Instantiating /home/travis/build/icyphy/ptII/ptolemy/actor/lib/test/auto/ArrayAverage.xml
11 ms. Memory: 338944K Free: 173574K (51%)
----------------- Invoking toplevel() on ptolemy.moml.MoMLSimpleApplication@6965644f
----------------- Done invoking toplevel() on ptolemy.moml.MoMLSimpleApplication@6965644f
reloadAllAccessors: .ArrayAverage

===========================================================================================
----------------- testing Tue Oct 13 15:48:45 UTC 2020 /home/travis/build/icyphy/ptII/ptolemy/actor/lib/test/auto/ArrayContains.xml
----------------- Instantiating /home/travis/build/icyphy/ptII/ptolemy/actor/lib/test/auto/ArrayContains.xml
3 ms. Memory: 338944K Free: 167944K (50%)
----------------- Invoking toplevel() on ptolemy.moml.MoMLSimpleApplication@d4276bd
----------------- Done invoking toplevel() on ptolemy.moml.MoMLSimpleApplication@d4276bd
reloadAllAccessors: .ArrayContains

===========================================================================================
----------------- testing Tue Oct 13 15:48:45 UTC 2020 /home/travis/build/icyphy/ptII/ptolemy/actor/lib/test/auto/ArrayElement.xml
----------------- Instantiating /home/travis/build/icyphy/ptII/ptolemy/actor/lib/test/auto/ArrayElement.xml
6 ms. Memory: 338944K Free: 161800K (48%)
----------------- Invoking toplevel() on ptolemy.moml.MoMLSimpleApplication@40361de3
----------------- Done invoking toplevel() on ptolemy.moml.MoMLSimpleApplication@40361de3
reloadAllAccessors: .ArrayElement

===========================================================================================
----------------- testing Tue Oct 13 15:48:45 UTC 2020 /home/travis/build/icyphy/ptII/ptolemy/actor/lib/test/auto/ArrayElementAsMatrix.xml
----------------- Instantiating /home/travis/build/icyphy/ptII/ptolemy/actor/lib/test/auto/ArrayElementAsMatrix.xml
16 ms. Memory: 338944K Free: 152070K (45%)
----------------- Invoking toplevel() on ptolemy.moml.MoMLSimpleApplication@38018cb9
----------------- Done invoking toplevel() on ptolemy.moml.MoMLSimpleApplication@38018cb9
reloadAllAccessors: .ArrayElementAsMatrix

===========================================================================================
----------------- testing Tue Oct 13 15:48:45 UTC 2020 /home/travis/build/icyphy/ptII/ptolemy/actor/lib/test/auto/ArrayElementI.xml
----------------- Instantiating /home/travis/build/icyphy/ptII/ptolemy/actor/lib/test/auto/ArrayElementI.xml
3 ms. Memory: 338944K Free: 146950K (43%)
----------------- Invoking toplevel() on ptolemy.moml.MoMLSimpleApplication@13473f5a
----------------- Done invoking toplevel() on ptolemy.moml.MoMLSimpleApplication@13473f5a
reloadAllAccessors: .ArrayElementI

===========================================================================================
----------------- testing Tue Oct 13 15:48:45 UTC 2020 /home/travis/build/icyphy/ptII/ptolemy/actor/lib/test/auto/ArrayExtract.xml
----------------- Instantiating /home/travis/build/icyphy/ptII/ptolemy/actor/lib/test/auto/ArrayExtract.xml
4 ms. Memory: 338944K Free: 138758K (41%)
----------------- Invoking toplevel() on ptolemy.moml.MoMLSimpleApplication@6d975210
----------------- Done invoking toplevel() on ptolemy.moml.MoMLSimpleApplication@6d975210
reloadAllAccessors: .ArrayExtract

===========================================================================================
----------------- testing Tue Oct 13 15:48:45 UTC 2020 /home/travis/build/icyphy/ptII/ptolemy/actor/lib/test/auto/ArrayExtract2.xml
----------------- Instantiating /home/travis/build/icyphy/ptII/ptolemy/actor/lib/test/auto/ArrayExtract2.xml
2 ms. Memory: 338944K Free: 133624K (39%)
----------------- Invoking toplevel() on ptolemy.moml.MoMLSimpleApplication@2c10463b
----------------- Done invoking toplevel() on ptolemy.moml.MoMLSimpleApplication@2c10463b
reloadAllAccessors: .ArrayExtract2

===========================================================================================
----------------- testing Tue Oct 13 15:48:45 UTC 2020 /home/travis/build/icyphy/ptII/ptolemy/actor/lib/test/auto/ArrayLength.xml
----------------- Instantiating /home/travis/build/icyphy/ptII/ptolemy/actor/lib/test/auto/ArrayLength.xml
1 ms. Memory: 338944K Free: 129542K (38%)
----------------- Invoking toplevel() on ptolemy.moml.MoMLSimpleApplication@37e5f76a
----------------- Done invoking toplevel() on ptolemy.moml.MoMLSimpleApplication@37e5f76a
reloadAllAccessors: .ArrayLength

===========================================================================================
----------------- testing Tue Oct 13 15:48:45 UTC 2020 /home/travis/build/icyphy/ptII/ptolemy/actor/lib/test/auto/ArrayLevelCrossing.xml
----------------- Instantiating /home/travis/build/icyphy/ptII/ptolemy/actor/lib/test/auto/ArrayLevelCrossing.xml
4 ms. Memory: 338944K Free: 121350K (36%)
----------------- Invoking toplevel() on ptolemy.moml.MoMLSimpleApplication@45accbf1
----------------- Done invoking toplevel() on ptolemy.moml.MoMLSimpleApplication@45accbf1
reloadAllAccessors: .ArrayLevelCrossing

===========================================================================================
----------------- testing Tue Oct 13 15:48:45 UTC 2020 /home/travis/build/icyphy/ptII/ptolemy/actor/lib/test/auto/ArrayLevelCrossing2.xml
----------------- Instantiating /home/travis/build/icyphy/ptII/ptolemy/actor/lib/test/auto/ArrayLevelCrossing2.xml
2 ms. Memory: 338944K Free: 113672K (34%)
----------------- Invoking toplevel() on ptolemy.moml.MoMLSimpleApplication@6d6daae6
----------------- Done invoking toplevel() on ptolemy.moml.MoMLSimpleApplication@6d6daae6
reloadAllAccessors: .ArrayLevelCrossing2

===========================================================================================
----------------- testing Tue Oct 13 15:48:45 UTC 2020 /home/travis/build/icyphy/ptII/ptolemy/actor/lib/test/auto/ArrayPeakSearch.xml
----------------- Instantiating /home/travis/build/icyphy/ptII/ptolemy/actor/lib/test/auto/ArrayPeakSearch.xml
10 ms. Memory: 338944K Free: 286734K (85%)
----------------- Invoking toplevel() on ptolemy.moml.MoMLSimpleApplication@31feec3e
----------------- Done invoking toplevel() on ptolemy.moml.MoMLSimpleApplication@31feec3e
reloadAllAccessors: .ArrayPeakSearch

===========================================================================================
----------------- testing Tue Oct 13 15:48:45 UTC 2020 /home/travis/build/icyphy/ptII/ptolemy/actor/lib/test/auto/ArrayPeakSearch2.xml
----------------- Instantiating /home/travis/build/icyphy/ptII/ptolemy/actor/lib/test/auto/ArrayPeakSearch2.xml
4 ms. Memory: 338944K Free: 275984K (81%)
----------------- Invoking toplevel() on ptolemy.moml.MoMLSimpleApplication@702c6ccd
----------------- Done invoking toplevel() on ptolemy.moml.MoMLSimpleApplication@702c6ccd
reloadAllAccessors: .ArrayPeakSearch2

===========================================================================================
----------------- testing Tue Oct 13 15:48:45 UTC 2020 /home/travis/build/icyphy/ptII/ptolemy/actor/lib/test/auto/ArrayPeakSearch3.xml
----------------- Instantiating /home/travis/build/icyphy/ptII/ptolemy/actor/lib/test/auto/ArrayPeakSearch3.xml
3 ms. Memory: 338944K Free: 267278K (79%)
----------------- Invoking toplevel() on ptolemy.moml.MoMLSimpleApplication@5e0e2ccf
----------------- Done invoking toplevel() on ptolemy.moml.MoMLSimpleApplication@5e0e2ccf
reloadAllAccessors: .ArrayPeakSearch3

===========================================================================================
----------------- testing Tue Oct 13 15:48:45 UTC 2020 /home/travis/build/icyphy/ptII/ptolemy/actor/lib/test/auto/ArrayRemoveElement.xml
----------------- Instantiating /home/travis/build/icyphy/ptII/ptolemy/actor/lib/test/auto/ArrayRemoveElement.xml
3 ms. Memory: 338944K Free: 259086K (76%)
----------------- Invoking toplevel() on ptolemy.moml.MoMLSimpleApplication@106d1a25
----------------- Done invoking toplevel() on ptolemy.moml.MoMLSimpleApplication@106d1a25
reloadAllAccessors: .ArrayRemoveElement

===========================================================================================
----------------- testing Tue Oct 13 15:48:45 UTC 2020 /home/travis/build/icyphy/ptII/ptolemy/actor/lib/test/auto/ArraySort.xml
----------------- Instantiating /home/travis/build/icyphy/ptII/ptolemy/actor/lib/test/auto/ArraySort.xml
9 ms. Memory: 338944K Free: 250384K (74%)
----------------- Invoking toplevel() on ptolemy.moml.MoMLSimpleApplication@17ecce48
----------------- Done invoking toplevel() on ptolemy.moml.MoMLSimpleApplication@17ecce48
reloadAllAccessors: .ArraySort

===========================================================================================
----------------- testing Tue Oct 13 15:48:45 UTC 2020 /home/travis/build/icyphy/ptII/ptolemy/actor/lib/test/auto/ArraySum.xml
----------------- Instantiating /home/travis/build/icyphy/ptII/ptolemy/actor/lib/test/auto/ArraySum.xml
6 ms. Memory: 338944K Free: 244750K (72%)
----------------- Invoking toplevel() on ptolemy.moml.MoMLSimpleApplication@29d95fe8
----------------- Done invoking toplevel() on ptolemy.moml.MoMLSimpleApplication@29d95fe8
reloadAllAccessors: .ArraySum

===========================================================================================
----------------- testing Tue Oct 13 15:48:45 UTC 2020 /home/travis/build/icyphy/ptII/ptolemy/actor/lib/test/auto/ArrayToElements.xml
----------------- Instantiating /home/travis/build/icyphy/ptII/ptolemy/actor/lib/test/auto/ArrayToElements.xml
8 ms. Memory: 338944K Free: 239630K (71%)
----------------- Invoking toplevel() on ptolemy.moml.MoMLSimpleApplication@32db2fef
----------------- Done invoking toplevel() on ptolemy.moml.MoMLSimpleApplication@32db2fef
reloadAllAccessors: .ArrayToElements

===========================================================================================
----------------- testing Tue Oct 13 15:48:45 UTC 2020 /home/travis/build/icyphy/ptII/ptolemy/actor/lib/test/auto/ArrayToMatrix.xml
----------------- Instantiating /home/travis/build/icyphy/ptII/ptolemy/actor/lib/test/auto/ArrayToMatrix.xml
6 ms. Memory: 338944K Free: 225294K (66%)
----------------- Invoking toplevel() on ptolemy.moml.MoMLSimpleApplication@5bf4136d
----------------- Done invoking toplevel() on ptolemy.moml.MoMLSimpleApplication@5bf4136d
reloadAllAccessors: .ArrayToMatrix

===========================================================================================
----------------- testing Tue Oct 13 15:48:45 UTC 2020 /home/travis/build/icyphy/ptII/ptolemy/actor/lib/test/auto/ArrayUpdate1.xml
----------------- Instantiating /home/travis/build/icyphy/ptII/ptolemy/actor/lib/test/auto/ArrayUpdate1.xml
8 ms. Memory: 338944K Free: 220688K (65%)
----------------- Invoking toplevel() on ptolemy.moml.MoMLSimpleApplication@5b511cd0
----------------- Done invoking toplevel() on ptolemy.moml.MoMLSimpleApplication@5b511cd0
reloadAllAccessors: .ArrayUpdate1

===========================================================================================
----------------- testing Tue Oct 13 15:48:45 UTC 2020 /home/travis/build/icyphy/ptII/ptolemy/actor/lib/test/auto/ArrayUpdate2.xml
----------------- Instantiating /home/travis/build/icyphy/ptII/ptolemy/actor/lib/test/auto/ArrayUpdate2.xml
5 ms. Memory: 338944K Free: 214030K (63%)
----------------- Invoking toplevel() on ptolemy.moml.MoMLSimpleApplication@4ef764d
----------------- Done invoking toplevel() on ptolemy.moml.MoMLSimpleApplication@4ef764d
reloadAllAccessors: .ArrayUpdate2

===========================================================================================
----------------- testing Tue Oct 13 15:48:45 UTC 2020 /home/travis/build/icyphy/ptII/ptolemy/actor/lib/test/auto/ArrayUpdate3.xml
----------------- Instantiating /home/travis/build/icyphy/ptII/ptolemy/actor/lib/test/auto/ArrayUpdate3.xml
4 ms. Memory: 338944K Free: 209424K (62%)
----------------- Invoking toplevel() on ptolemy.moml.MoMLSimpleApplication@1062a3ac
----------------- Done invoking toplevel() on ptolemy.moml.MoMLSimpleApplication@1062a3ac
reloadAllAccessors: .ArrayUpdate3

===========================================================================================
----------------- testing Tue Oct 13 15:48:45 UTC 2020 /home/travis/build/icyphy/ptII/ptolemy/actor/lib/test/auto/Assert1.xml
----------------- Instantiating /home/travis/build/icyphy/ptII/ptolemy/actor/lib/test/auto/Assert1.xml
4 ms. Memory: 338944K Free: 204814K (60%)
----------------- Invoking toplevel() on ptolemy.moml.MoMLSimpleApplication@b20da19
----------------- Done invoking toplevel() on ptolemy.moml.MoMLSimpleApplication@b20da19
reloadAllAccessors: .Assert1

===========================================================================================
----------------- testing Tue Oct 13 15:48:45 UTC 2020 /home/travis/build/icyphy/ptII/ptolemy/actor/lib/test/auto/Assert2.xml
----------------- Instantiating /home/travis/build/icyphy/ptII/ptolemy/actor/lib/test/auto/Assert2.xml
1 ms. Memory: 338944K Free: 199694K (59%)
----------------- Invoking toplevel() on ptolemy.moml.MoMLSimpleApplication@36d59598
----------------- Done invoking toplevel() on ptolemy.moml.MoMLSimpleApplication@36d59598
reloadAllAccessors: .Assert2

===========================================================================================
----------------- testing Tue Oct 13 15:48:45 UTC 2020 /home/travis/build/icyphy/ptII/ptolemy/actor/lib/test/auto/BooleanMultiplexor.xml
----------------- Instantiating /home/travis/build/icyphy/ptII/ptolemy/actor/lib/test/auto/BooleanMultiplexor.xml
1 ms. Memory: 338944K Free: 194064K (57%)
----------------- Invoking toplevel() on ptolemy.moml.MoMLSimpleApplication@31e9e133
----------------- Done invoking toplevel() on ptolemy.moml.MoMLSimpleApplication@31e9e133
reloadAllAccessors: .BooleanMultiplexor

===========================================================================================
----------------- testing Tue Oct 13 15:48:45 UTC 2020 /home/travis/build/icyphy/ptII/ptolemy/actor/lib/test/auto/BooleanMultiplexor2.xml
----------------- Instantiating /home/travis/build/icyphy/ptII/ptolemy/actor/lib/test/auto/BooleanMultiplexor2.xml
3 ms. Memory: 338944K Free: 187920K (55%)
----------------- Invoking toplevel() on ptolemy.moml.MoMLSimpleApplication@25177c7c
----------------- Done invoking toplevel() on ptolemy.moml.MoMLSimpleApplication@25177c7c
reloadAllAccessors: .BooleanMultiplexor2

===========================================================================================
----------------- testing Tue Oct 13 15:48:45 UTC 2020 /home/travis/build/icyphy/ptII/ptolemy/actor/lib/test/auto/BooleanMultiplexor3.xml
----------------- Instantiating /home/travis/build/icyphy/ptII/ptolemy/actor/lib/test/auto/BooleanMultiplexor3.xml
2 ms. Memory: 338944K Free: 183824K (54%)
----------------- Invoking toplevel() on ptolemy.moml.MoMLSimpleApplication@79d6d240
----------------- Done invoking toplevel() on ptolemy.moml.MoMLSimpleApplication@79d6d240
reloadAllAccessors: .BooleanMultiplexor3

===========================================================================================
----------------- testing Tue Oct 13 15:48:45 UTC 2020 /home/travis/build/icyphy/ptII/ptolemy/actor/lib/test/auto/BooleanSelect.xml
----------------- Instantiating /home/travis/build/icyphy/ptII/ptolemy/actor/lib/test/auto/BooleanSelect.xml
2 ms. Memory: 338944K Free: 177680K (52%)
----------------- Invoking toplevel() on ptolemy.moml.MoMLSimpleApplication@2b5fb1a7
----------------- Done invoking toplevel() on ptolemy.moml.MoMLSimpleApplication@2b5fb1a7
reloadAllAccessors: .BooleanSelect

===========================================================================================
----------------- testing Tue Oct 13 15:48:45 UTC 2020 /home/travis/build/icyphy/ptII/ptolemy/actor/lib/test/auto/BooleanSelect2.xml
----------------- Instantiating /home/travis/build/icyphy/ptII/ptolemy/actor/lib/test/auto/BooleanSelect2.xml
1 ms. Memory: 338944K Free: 173584K (51%)
----------------- Invoking toplevel() on ptolemy.moml.MoMLSimpleApplication@5cfbcca7
----------------- Done invoking toplevel() on ptolemy.moml.MoMLSimpleApplication@5cfbcca7
reloadAllAccessors: .BooleanSelect2

===========================================================================================
----------------- testing Tue Oct 13 15:48:45 UTC 2020 /home/travis/build/icyphy/ptII/ptolemy/actor/lib/test/auto/BooleanSwitch.xml
----------------- Instantiating /home/travis/build/icyphy/ptII/ptolemy/actor/lib/test/auto/BooleanSwitch.xml
4 ms. Memory: 338944K Free: 167440K (49%)
----------------- Invoking toplevel() on ptolemy.moml.MoMLSimpleApplication@24b12867
----------------- Done invoking toplevel() on ptolemy.moml.MoMLSimpleApplication@24b12867
reloadAllAccessors: .BooleanSwitch

===========================================================================================
----------------- testing Tue Oct 13 15:48:45 UTC 2020 /home/travis/build/icyphy/ptII/ptolemy/actor/lib/test/auto/BooleanSwitch2.xml
----------------- Instantiating /home/travis/build/icyphy/ptII/ptolemy/actor/lib/test/auto/BooleanSwitch2.xml
0 ms. Memory: 338944K Free: 163344K (48%)
----------------- Invoking toplevel() on ptolemy.moml.MoMLSimpleApplication@67ed381b
----------------- Done invoking toplevel() on ptolemy.moml.MoMLSimpleApplication@67ed381b
reloadAllAccessors: .BooleanSwitch2

===========================================================================================
----------------- testing Tue Oct 13 15:48:45 UTC 2020 /home/travis/build/icyphy/ptII/ptolemy/actor/lib/test/auto/BooleanSwitchCloningBugWithClassRelationGroup.xml
----------------- Instantiating /home/travis/build/icyphy/ptII/ptolemy/actor/lib/test/auto/BooleanSwitchCloningBugWithClassRelationGroup.xml
9 ms. Memory: 338944K Free: 156686K (46%)
----------------- Invoking toplevel() on ptolemy.moml.MoMLSimpleApplication@3fd8dc20
----------------- Done invoking toplevel() on ptolemy.moml.MoMLSimpleApplication@3fd8dc20
reloadAllAccessors: .BooleanSwitchCloningBugWithClassRelationGroup

===========================================================================================
----------------- testing Tue Oct 13 15:48:46 UTC 2020 /home/travis/build/icyphy/ptII/ptolemy/actor/lib/test/auto/BusActors.xml
----------------- Instantiating /home/travis/build/icyphy/ptII/ptolemy/actor/lib/test/auto/BusActors.xml
6 ms. Memory: 338944K Free: 149008K (44%)
----------------- Invoking toplevel() on ptolemy.moml.MoMLSimpleApplication@28bc00c9
----------------- Done invoking toplevel() on ptolemy.moml.MoMLSimpleApplication@28bc00c9
reloadAllAccessors: .BusActors

===========================================================================================
----------------- testing Tue Oct 13 15:48:46 UTC 2020 /home/travis/build/icyphy/ptII/ptolemy/actor/lib/test/auto/ClassWrapper.xml
----------------- Instantiating /home/travis/build/icyphy/ptII/ptolemy/actor/lib/test/auto/ClassWrapper.xml
2 ms. Memory: 338944K Free: 144398K (43%)
----------------- Invoking toplevel() on ptolemy.moml.MoMLSimpleApplication@6b5a0326
----------------- Done invoking toplevel() on ptolemy.moml.MoMLSimpleApplication@6b5a0326
reloadAllAccessors: .ClassWrapper

===========================================================================================
----------------- testing Tue Oct 13 15:48:46 UTC 2020 /home/travis/build/icyphy/ptII/ptolemy/actor/lib/test/auto/Clock.xml
----------------- Instantiating /home/travis/build/icyphy/ptII/ptolemy/actor/lib/test/auto/Clock.xml
3 ms. Memory: 338944K Free: 140302K (41%)
----------------- Invoking toplevel() on ptolemy.moml.MoMLSimpleApplication@390e550d
----------------- Done invoking toplevel() on ptolemy.moml.MoMLSimpleApplication@390e550d
reloadAllAccessors: .Clock

===========================================================================================
----------------- testing Tue Oct 13 15:48:46 UTC 2020 /home/travis/build/icyphy/ptII/ptolemy/actor/lib/test/auto/Clock10.xml
----------------- Instantiating /home/travis/build/icyphy/ptII/ptolemy/actor/lib/test/auto/Clock10.xml
4 ms. Memory: 338944K Free: 134672K (40%)
----------------- Invoking toplevel() on ptolemy.moml.MoMLSimpleApplication@193ab8ec
----------------- Done invoking toplevel() on ptolemy.moml.MoMLSimpleApplication@193ab8ec
reloadAllAccessors: .Clock10

===========================================================================================
----------------- testing Tue Oct 13 15:48:46 UTC 2020 /home/travis/build/icyphy/ptII/ptolemy/actor/lib/test/auto/Clock11.xml
----------------- Instantiating /home/travis/build/icyphy/ptII/ptolemy/actor/lib/test/auto/Clock11.xml
3 ms. Memory: 338944K Free: 128528K (38%)
----------------- Invoking toplevel() on ptolemy.moml.MoMLSimpleApplication@40a51665
----------------- Done invoking toplevel() on ptolemy.moml.MoMLSimpleApplication@40a51665
reloadAllAccessors: .Clock11

===========================================================================================
----------------- testing Tue Oct 13 15:48:46 UTC 2020 /home/travis/build/icyphy/ptII/ptolemy/actor/lib/test/auto/Clock12.xml
----------------- Instantiating /home/travis/build/icyphy/ptII/ptolemy/actor/lib/test/auto/Clock12.xml
4 ms. Memory: 338944K Free: 122894K (36%)
----------------- Invoking toplevel() on ptolemy.moml.MoMLSimpleApplication@52447d41
----------------- Done invoking toplevel() on ptolemy.moml.MoMLSimpleApplication@52447d41
reloadAllAccessors: .Clock12

===========================================================================================
----------------- testing Tue Oct 13 15:48:46 UTC 2020 /home/travis/build/icyphy/ptII/ptolemy/actor/lib/test/auto/Clock13.xml
----------------- Instantiating /home/travis/build/icyphy/ptII/ptolemy/actor/lib/test/auto/Clock13.xml
3 ms. Memory: 338944K Free: 116720K (34%)
----------------- Invoking toplevel() on ptolemy.moml.MoMLSimpleApplication@7593fa7a
----------------- Done invoking toplevel() on ptolemy.moml.MoMLSimpleApplication@7593fa7a
reloadAllAccessors: .Clock13

===========================================================================================
----------------- testing Tue Oct 13 15:48:46 UTC 2020 /home/travis/build/icyphy/ptII/ptolemy/actor/lib/test/auto/Clock14.xml
----------------- Instantiating /home/travis/build/icyphy/ptII/ptolemy/actor/lib/test/auto/Clock14.xml
6 ms. Memory: 338944K Free: 111120K (33%)
----------------- Invoking toplevel() on ptolemy.moml.MoMLSimpleApplication@224e7242
----------------- Done invoking toplevel() on ptolemy.moml.MoMLSimpleApplication@224e7242
reloadAllAccessors: .Clock14

===========================================================================================
----------------- testing Tue Oct 13 15:48:46 UTC 2020 /home/travis/build/icyphy/ptII/ptolemy/actor/lib/test/auto/Clock15.xml
----------------- Instantiating /home/travis/build/icyphy/ptII/ptolemy/actor/lib/test/auto/Clock15.xml
2 ms. Memory: 338944K Free: 104976K (31%)
----------------- Invoking toplevel() on ptolemy.moml.MoMLSimpleApplication@557547de
----------------- Done invoking toplevel() on ptolemy.moml.MoMLSimpleApplication@557547de
reloadAllAccessors: .Clock15

===========================================================================================
----------------- testing Tue Oct 13 15:48:46 UTC 2020 /home/travis/build/icyphy/ptII/ptolemy/actor/lib/test/auto/Clock16.xml
----------------- Instantiating /home/travis/build/icyphy/ptII/ptolemy/actor/lib/test/auto/Clock16.xml
32 ms. Memory: 338944K Free: 278243K (82%)
----------------- Invoking toplevel() on ptolemy.moml.MoMLSimpleApplication@27b493e6
----------------- Done invoking toplevel() on ptolemy.moml.MoMLSimpleApplication@27b493e6
reloadAllAccessors: .Clock16

===========================================================================================
----------------- testing Tue Oct 13 15:48:46 UTC 2020 /home/travis/build/icyphy/ptII/ptolemy/actor/lib/test/auto/Clock17.xml
----------------- Instantiating /home/travis/build/icyphy/ptII/ptolemy/actor/lib/test/auto/Clock17.xml
14 ms. Memory: 338944K Free: 263907K (78%)
----------------- Invoking toplevel() on ptolemy.moml.MoMLSimpleApplication@5c013b23
----------------- Done invoking toplevel() on ptolemy.moml.MoMLSimpleApplication@5c013b23
reloadAllAccessors: .Clock17

===========================================================================================
----------------- testing Tue Oct 13 15:48:46 UTC 2020 /home/travis/build/icyphy/ptII/ptolemy/actor/lib/test/auto/Clock18.xml
----------------- Instantiating /home/travis/build/icyphy/ptII/ptolemy/actor/lib/test/auto/Clock18.xml
20 ms. Memory: 338944K Free: 250595K (74%)
----------------- Invoking toplevel() on ptolemy.moml.MoMLSimpleApplication@3731e70d
----------------- Done invoking toplevel() on ptolemy.moml.MoMLSimpleApplication@3731e70d
reloadAllAccessors: .Clock18

===========================================================================================
----------------- testing Tue Oct 13 15:48:46 UTC 2020 /home/travis/build/icyphy/ptII/ptolemy/actor/lib/test/auto/Clock19.xml
----------------- Instantiating /home/travis/build/icyphy/ptII/ptolemy/actor/lib/test/auto/Clock19.xml
7 ms. Memory: 338944K Free: 237779K (70%)
----------------- Invoking toplevel() on ptolemy.moml.MoMLSimpleApplication@67d2db27
----------------- Done invoking toplevel() on ptolemy.moml.MoMLSimpleApplication@67d2db27
reloadAllAccessors: .Clock19

===========================================================================================
----------------- testing Tue Oct 13 15:48:46 UTC 2020 /home/travis/build/icyphy/ptII/ptolemy/actor/lib/test/auto/Clock2.xml
----------------- Instantiating /home/travis/build/icyphy/ptII/ptolemy/actor/lib/test/auto/Clock2.xml
6 ms. Memory: 338944K Free: 233187K (69%)
----------------- Invoking toplevel() on ptolemy.moml.MoMLSimpleApplication@47747b87
----------------- Done invoking toplevel() on ptolemy.moml.MoMLSimpleApplication@47747b87
reloadAllAccessors: .Clock2

===========================================================================================
----------------- testing Tue Oct 13 15:48:46 UTC 2020 /home/travis/build/icyphy/ptII/ptolemy/actor/lib/test/auto/Clock20.xml
----------------- Instantiating /home/travis/build/icyphy/ptII/ptolemy/actor/lib/test/auto/Clock20.xml
3 ms. Memory: 338944K Free: 228067K (67%)
----------------- Invoking toplevel() on ptolemy.moml.MoMLSimpleApplication@28c6b2a5
----------------- Done invoking toplevel() on ptolemy.moml.MoMLSimpleApplication@28c6b2a5
reloadAllAccessors: .Clock20

===========================================================================================
----------------- testing Tue Oct 13 15:48:46 UTC 2020 /home/travis/build/icyphy/ptII/ptolemy/actor/lib/test/auto/Clock21.xml
----------------- Instantiating /home/travis/build/icyphy/ptII/ptolemy/actor/lib/test/auto/Clock21.xml
4 ms. Memory: 338944K Free: 222433K (66%)
----------------- Invoking toplevel() on ptolemy.moml.MoMLSimpleApplication@2f89cca7
----------------- Done invoking toplevel() on ptolemy.moml.MoMLSimpleApplication@2f89cca7
reloadAllAccessors: .Clock21

===========================================================================================
----------------- testing Tue Oct 13 15:48:46 UTC 2020 /home/travis/build/icyphy/ptII/ptolemy/actor/lib/test/auto/Clock22.xml
----------------- Instantiating /home/travis/build/icyphy/ptII/ptolemy/actor/lib/test/auto/Clock22.xml
4 ms. Memory: 338944K Free: 217313K (64%)
----------------- Invoking toplevel() on ptolemy.moml.MoMLSimpleApplication@4cd00dbd
----------------- Done invoking toplevel() on ptolemy.moml.MoMLSimpleApplication@4cd00dbd
reloadAllAccessors: .Clock22

===========================================================================================
----------------- testing Tue Oct 13 15:48:46 UTC 2020 /home/travis/build/icyphy/ptII/ptolemy/actor/lib/test/auto/Clock23.xml
----------------- Instantiating /home/travis/build/icyphy/ptII/ptolemy/actor/lib/test/auto/Clock23.xml
6 ms. Memory: 338944K Free: 211683K (62%)
----------------- Invoking toplevel() on ptolemy.moml.MoMLSimpleApplication@788dedf8
----------------- Done invoking toplevel() on ptolemy.moml.MoMLSimpleApplication@788dedf8
reloadAllAccessors: .Clock23

===========================================================================================
----------------- testing Tue Oct 13 15:48:46 UTC 2020 /home/travis/build/icyphy/ptII/ptolemy/actor/lib/test/auto/Clock24.xml
----------------- Instantiating /home/travis/build/icyphy/ptII/ptolemy/actor/lib/test/auto/Clock24.xml
4 ms. Memory: 338944K Free: 206049K (61%)
----------------- Invoking toplevel() on ptolemy.moml.MoMLSimpleApplication@3a150232
----------------- Done invoking toplevel() on ptolemy.moml.MoMLSimpleApplication@3a150232
reloadAllAccessors: .Clock24

===========================================================================================
----------------- testing Tue Oct 13 15:48:46 UTC 2020 /home/travis/build/icyphy/ptII/ptolemy/actor/lib/test/auto/Clock4.xml
----------------- Instantiating /home/travis/build/icyphy/ptII/ptolemy/actor/lib/test/auto/Clock4.xml
1 ms. Memory: 338944K Free: 201443K (59%)
----------------- Invoking toplevel() on ptolemy.moml.MoMLSimpleApplication@64a19bfb
----------------- Done invoking toplevel() on ptolemy.moml.MoMLSimpleApplication@64a19bfb
reloadAllAccessors: .Clock4

===========================================================================================
----------------- testing Tue Oct 13 15:48:46 UTC 2020 /home/travis/build/icyphy/ptII/ptolemy/actor/lib/test/auto/Clock5.xml
----------------- Instantiating /home/travis/build/icyphy/ptII/ptolemy/actor/lib/test/auto/Clock5.xml
1 ms. Memory: 338944K Free: 195803K (58%)
----------------- Invoking toplevel() on ptolemy.moml.MoMLSimpleApplication@861820f
----------------- Done invoking toplevel() on ptolemy.moml.MoMLSimpleApplication@861820f
reloadAllAccessors: .Clock5

===========================================================================================
----------------- testing Tue Oct 13 15:48:46 UTC 2020 /home/travis/build/icyphy/ptII/ptolemy/actor/lib/test/auto/Clock6.xml
----------------- Instantiating /home/travis/build/icyphy/ptII/ptolemy/actor/lib/test/auto/Clock6.xml
1 ms. Memory: 338944K Free: 192227K (57%)
----------------- Invoking toplevel() on ptolemy.moml.MoMLSimpleApplication@552af655
----------------- Done invoking toplevel() on ptolemy.moml.MoMLSimpleApplication@552af655
reloadAllAccessors: .Clock6

===========================================================================================
----------------- testing Tue Oct 13 15:48:46 UTC 2020 /home/travis/build/icyphy/ptII/ptolemy/actor/lib/test/auto/Clock7.xml
----------------- Instantiating /home/travis/build/icyphy/ptII/ptolemy/actor/lib/test/auto/Clock7.xml
1 ms. Memory: 338944K Free: 187617K (55%)
----------------- Invoking toplevel() on ptolemy.moml.MoMLSimpleApplication@6d18e767
----------------- Done invoking toplevel() on ptolemy.moml.MoMLSimpleApplication@6d18e767
reloadAllAccessors: .Clock7

===========================================================================================
----------------- testing Tue Oct 13 15:48:46 UTC 2020 /home/travis/build/icyphy/ptII/ptolemy/actor/lib/test/auto/Clock8.xml
----------------- Instantiating /home/travis/build/icyphy/ptII/ptolemy/actor/lib/test/auto/Clock8.xml
4 ms. Memory: 338944K Free: 181987K (54%)
----------------- Invoking toplevel() on ptolemy.moml.MoMLSimpleApplication@15066c3
----------------- Done invoking toplevel() on ptolemy.moml.MoMLSimpleApplication@15066c3
reloadAllAccessors: .Clock8

===========================================================================================
----------------- testing Tue Oct 13 15:48:46 UTC 2020 /home/travis/build/icyphy/ptII/ptolemy/actor/lib/test/auto/Clock9.xml
----------------- Instantiating /home/travis/build/icyphy/ptII/ptolemy/actor/lib/test/auto/Clock9.xml
3 ms. Memory: 338944K Free: 176867K (52%)
----------------- Invoking toplevel() on ptolemy.moml.MoMLSimpleApplication@683bd0c8
----------------- Done invoking toplevel() on ptolemy.moml.MoMLSimpleApplication@683bd0c8
reloadAllAccessors: .Clock9

===========================================================================================
----------------- testing Tue Oct 13 15:48:46 UTC 2020 /home/travis/build/icyphy/ptII/ptolemy/actor/lib/test/auto/CommDistDiscard.xml
----------------- Instantiating /home/travis/build/icyphy/ptII/ptolemy/actor/lib/test/auto/CommDistDiscard.xml
3 ms. Memory: 338944K Free: 171233K (51%)
----------------- Invoking toplevel() on ptolemy.moml.MoMLSimpleApplication@61d5bbfb
----------------- Done invoking toplevel() on ptolemy.moml.MoMLSimpleApplication@61d5bbfb
reloadAllAccessors: .CommDistDiscard

===========================================================================================
----------------- testing Tue Oct 13 15:48:46 UTC 2020 /home/travis/build/icyphy/ptII/ptolemy/actor/lib/test/auto/Commutator.xml
----------------- Instantiating /home/travis/build/icyphy/ptII/ptolemy/actor/lib/test/auto/Commutator.xml
1 ms. Memory: 338944K Free: 167137K (49%)
----------------- Invoking toplevel() on ptolemy.moml.MoMLSimpleApplication@1dbf0df
----------------- Done invoking toplevel() on ptolemy.moml.MoMLSimpleApplication@1dbf0df
reloadAllAccessors: .Commutator

===========================================================================================
----------------- testing Tue Oct 13 15:48:46 UTC 2020 /home/travis/build/icyphy/ptII/ptolemy/actor/lib/test/auto/Commutator2.xml
----------------- Instantiating /home/travis/build/icyphy/ptII/ptolemy/actor/lib/test/auto/Commutator2.xml
1 ms. Memory: 338944K Free: 162531K (48%)
----------------- Invoking toplevel() on ptolemy.moml.MoMLSimpleApplication@5ccaea23
----------------- Done invoking toplevel() on ptolemy.moml.MoMLSimpleApplication@5ccaea23
reloadAllAccessors: .Commutator2

===========================================================================================
----------------- testing Tue Oct 13 15:48:46 UTC 2020 /home/travis/build/icyphy/ptII/ptolemy/actor/lib/test/auto/Commutator3.xml
----------------- Instantiating /home/travis/build/icyphy/ptII/ptolemy/actor/lib/test/auto/Commutator3.xml
1 ms. Memory: 338944K Free: 157921K (47%)
----------------- Invoking toplevel() on ptolemy.moml.MoMLSimpleApplication@7121bb45
----------------- Done invoking toplevel() on ptolemy.moml.MoMLSimpleApplication@7121bb45
reloadAllAccessors: .Commutator3

===========================================================================================
----------------- testing Tue Oct 13 15:48:46 UTC 2020 /home/travis/build/icyphy/ptII/ptolemy/actor/lib/test/auto/Compare.xml
----------------- Instantiating /home/travis/build/icyphy/ptII/ptolemy/actor/lib/test/auto/Compare.xml
2 ms. Memory: 338944K Free: 151777K (45%)
----------------- Invoking toplevel() on ptolemy.moml.MoMLSimpleApplication@230661c3
----------------- Done invoking toplevel() on ptolemy.moml.MoMLSimpleApplication@230661c3
reloadAllAccessors: .Compare

===========================================================================================
----------------- testing Tue Oct 13 15:48:46 UTC 2020 /home/travis/build/icyphy/ptII/ptolemy/actor/lib/test/auto/CompareDE.xml
----------------- Instantiating /home/travis/build/icyphy/ptII/ptolemy/actor/lib/test/auto/CompareDE.xml
5 ms. Memory: 338944K Free: 144595K (43%)
----------------- Invoking toplevel() on ptolemy.moml.MoMLSimpleApplication@610ab59f
----------------- Done invoking toplevel() on ptolemy.moml.MoMLSimpleApplication@610ab59f
reloadAllAccessors: .CompareDE

===========================================================================================
----------------- testing Tue Oct 13 15:48:46 UTC 2020 /home/travis/build/icyphy/ptII/ptolemy/actor/lib/test/auto/ComplexDivide.xml
----------------- Instantiating /home/travis/build/icyphy/ptII/ptolemy/actor/lib/test/auto/ComplexDivide.xml
1 ms. Memory: 338944K Free: 141027K (42%)
----------------- Invoking toplevel() on ptolemy.moml.MoMLSimpleApplication@1ae35578
----------------- Done invoking toplevel() on ptolemy.moml.MoMLSimpleApplication@1ae35578
reloadAllAccessors: .ComplexDivide

===========================================================================================
----------------- testing Tue Oct 13 15:48:46 UTC 2020 /home/travis/build/icyphy/ptII/ptolemy/actor/lib/test/auto/ComputeHistogram.xml
----------------- Instantiating /home/travis/build/icyphy/ptII/ptolemy/actor/lib/test/auto/ComputeHistogram.xml
28 ms. Memory: 338944K Free: 128225K (38%)
----------------- Invoking toplevel() on ptolemy.moml.MoMLSimpleApplication@62c1388c
----------------- Done invoking toplevel() on ptolemy.moml.MoMLSimpleApplication@62c1388c
reloadAllAccessors: .ComputeHistogram

===========================================================================================
----------------- testing Tue Oct 13 15:48:46 UTC 2020 /home/travis/build/icyphy/ptII/ptolemy/actor/lib/test/auto/ConfigurationSelect.xml
----------------- Instantiating /home/travis/build/icyphy/ptII/ptolemy/actor/lib/test/auto/ConfigurationSelect.xml
6 ms. Memory: 338944K Free: 122595K (36%)
----------------- Invoking toplevel() on ptolemy.moml.MoMLSimpleApplication@4fe6bc3e
----------------- Done invoking toplevel() on ptolemy.moml.MoMLSimpleApplication@4fe6bc3e
reloadAllAccessors: .ConfigurationSelect

===========================================================================================
----------------- testing Tue Oct 13 15:48:46 UTC 2020 /home/travis/build/icyphy/ptII/ptolemy/actor/lib/test/auto/ConfigurationSelect2.xml
----------------- Instantiating /home/travis/build/icyphy/ptII/ptolemy/actor/lib/test/auto/ConfigurationSelect2.xml
2 ms. Memory: 338944K Free: 118499K (35%)
----------------- Invoking toplevel() on ptolemy.moml.MoMLSimpleApplication@467a4dcd
----------------- Done invoking toplevel() on ptolemy.moml.MoMLSimpleApplication@467a4dcd
reloadAllAccessors: .ConfigurationSelect2

===========================================================================================
----------------- testing Tue Oct 13 15:48:46 UTC 2020 /home/travis/build/icyphy/ptII/ptolemy/actor/lib/test/auto/ConfigurationSwitch.xml
----------------- Instantiating /home/travis/build/icyphy/ptII/ptolemy/actor/lib/test/auto/ConfigurationSwitch.xml
1 ms. Memory: 338944K Free: 112865K (33%)
----------------- Invoking toplevel() on ptolemy.moml.MoMLSimpleApplication@2c38f868
----------------- Done invoking toplevel() on ptolemy.moml.MoMLSimpleApplication@2c38f868
reloadAllAccessors: .ConfigurationSwitch

===========================================================================================
----------------- testing Tue Oct 13 15:48:46 UTC 2020 /home/travis/build/icyphy/ptII/ptolemy/actor/lib/test/auto/ConfigurationSwitch2.xml
----------------- Instantiating /home/travis/build/icyphy/ptII/ptolemy/actor/lib/test/auto/ConfigurationSwitch2.xml
1 ms. Memory: 338944K Free: 107745K (32%)
----------------- Invoking toplevel() on ptolemy.moml.MoMLSimpleApplication@67f3b41d
----------------- Done invoking toplevel() on ptolemy.moml.MoMLSimpleApplication@67f3b41d
reloadAllAccessors: .ConfigurationSwitch2

===========================================================================================
----------------- testing Tue Oct 13 15:48:46 UTC 2020 /home/travis/build/icyphy/ptII/ptolemy/actor/lib/test/auto/ConfigurationSwitchCloningBugWithClassRelationGroup.xml
----------------- Instantiating /home/travis/build/icyphy/ptII/ptolemy/actor/lib/test/auto/ConfigurationSwitchCloningBugWithClassRelationGroup.xml
1 ms. Memory: 338944K Free: 101091K (30%)
----------------- Invoking toplevel() on ptolemy.moml.MoMLSimpleApplication@442ba57
----------------- Done invoking toplevel() on ptolemy.moml.MoMLSimpleApplication@442ba57
reloadAllAccessors: .ConfigurationSwitchCloningBugWithClassRelationGroup

===========================================================================================
----------------- testing Tue Oct 13 15:48:46 UTC 2020 /home/travis/build/icyphy/ptII/ptolemy/actor/lib/test/auto/ConfigurationSwitchSelectSDF.xml
----------------- Instantiating /home/travis/build/icyphy/ptII/ptolemy/actor/lib/test/auto/ConfigurationSwitchSelectSDF.xml
3 ms. Memory: 338944K Free: 95457K (28%)
----------------- Invoking toplevel() on ptolemy.moml.MoMLSimpleApplication@493276a0
----------------- Done invoking toplevel() on ptolemy.moml.MoMLSimpleApplication@493276a0
reloadAllAccessors: .ConfigurationSwitchSelectSDF

===========================================================================================
----------------- testing Tue Oct 13 15:48:47 UTC 2020 /home/travis/build/icyphy/ptII/ptolemy/actor/lib/test/auto/ConfigurationSwitchSelectSDF2.xml
----------------- Instantiating /home/travis/build/icyphy/ptII/ptolemy/actor/lib/test/auto/ConfigurationSwitchSelectSDF2.xml
2 ms. Memory: 338944K Free: 89827K (27%)
----------------- Invoking toplevel() on ptolemy.moml.MoMLSimpleApplication@4731b4ad
----------------- Done invoking toplevel() on ptolemy.moml.MoMLSimpleApplication@4731b4ad
reloadAllAccessors: .ConfigurationSwitchSelectSDF2

===========================================================================================
----------------- testing Tue Oct 13 15:48:47 UTC 2020 /home/travis/build/icyphy/ptII/ptolemy/actor/lib/test/auto/Const.xml
----------------- Instantiating /home/travis/build/icyphy/ptII/ptolemy/actor/lib/test/auto/Const.xml
1 ms. Memory: 677888K Free: 625988K (92%)
----------------- Invoking toplevel() on ptolemy.moml.MoMLSimpleApplication@3894c831
----------------- Done invoking toplevel() on ptolemy.moml.MoMLSimpleApplication@3894c831
reloadAllAccessors: .Const

===========================================================================================
----------------- testing Tue Oct 13 15:48:47 UTC 2020 /home/travis/build/icyphy/ptII/ptolemy/actor/lib/test/auto/Const2.xml
----------------- Instantiating /home/travis/build/icyphy/ptII/ptolemy/actor/lib/test/auto/Const2.xml
1 ms. Memory: 677888K Free: 621892K (92%)
----------------- Invoking toplevel() on ptolemy.moml.MoMLSimpleApplication@29cfc80c
----------------- Done invoking toplevel() on ptolemy.moml.MoMLSimpleApplication@29cfc80c
reloadAllAccessors: .Const2

===========================================================================================
----------------- testing Tue Oct 13 15:48:47 UTC 2020 /home/travis/build/icyphy/ptII/ptolemy/actor/lib/test/auto/Const3.xml
----------------- Instantiating /home/travis/build/icyphy/ptII/ptolemy/actor/lib/test/auto/Const3.xml
0 ms. Memory: 677888K Free: 619334K (91%)
----------------- Invoking toplevel() on ptolemy.moml.MoMLSimpleApplication@535e14cd
----------------- Done invoking toplevel() on ptolemy.moml.MoMLSimpleApplication@535e14cd
reloadAllAccessors: .Const3

===========================================================================================
----------------- testing Tue Oct 13 15:48:47 UTC 2020 /home/travis/build/icyphy/ptII/ptolemy/actor/lib/test/auto/ConstantPublisherPort1.xml
----------------- Instantiating /home/travis/build/icyphy/ptII/ptolemy/actor/lib/test/auto/ConstantPublisherPort1.xml
5 ms. Memory: 677888K Free: 610118K (90%)
----------------- Invoking toplevel() on ptolemy.moml.MoMLSimpleApplication@23e1d0f9
----------------- Done invoking toplevel() on ptolemy.moml.MoMLSimpleApplication@23e1d0f9
reloadAllAccessors: .ConstantPublisherPort1

===========================================================================================
----------------- testing Tue Oct 13 15:48:47 UTC 2020 /home/travis/build/icyphy/ptII/ptolemy/actor/lib/test/auto/ConstantPublisherPort2.xml
----------------- Instantiating /home/travis/build/icyphy/ptII/ptolemy/actor/lib/test/auto/ConstantPublisherPort2.xml
4 ms. Memory: 677888K Free: 602436K (89%)
----------------- Invoking toplevel() on ptolemy.moml.MoMLSimpleApplication@5d1375f9
----------------- Done invoking toplevel() on ptolemy.moml.MoMLSimpleApplication@5d1375f9
reloadAllAccessors: .ConstantPublisherPort2

===========================================================================================
----------------- testing Tue Oct 13 15:48:47 UTC 2020 /home/travis/build/icyphy/ptII/ptolemy/actor/lib/test/auto/ConstantPublisherPort3.xml
----------------- Instantiating /home/travis/build/icyphy/ptII/ptolemy/actor/lib/test/auto/ConstantPublisherPort3.xml
4 ms. Memory: 677888K Free: 594758K (88%)
----------------- Invoking toplevel() on ptolemy.moml.MoMLSimpleApplication@7087d450
----------------- Done invoking toplevel() on ptolemy.moml.MoMLSimpleApplication@7087d450
reloadAllAccessors: .ConstantPublisherPort3

===========================================================================================
----------------- testing Tue Oct 13 15:48:47 UTC 2020 /home/travis/build/icyphy/ptII/ptolemy/actor/lib/test/auto/ConstantPublisherPort4.xml
----------------- Instantiating /home/travis/build/icyphy/ptII/ptolemy/actor/lib/test/auto/ConstantPublisherPort4.xml
3 ms. Memory: 677888K Free: 587590K (87%)
----------------- Invoking toplevel() on ptolemy.moml.MoMLSimpleApplication@44a2990b
----------------- Done invoking toplevel() on ptolemy.moml.MoMLSimpleApplication@44a2990b
reloadAllAccessors: .ConstantPublisherPort4

===========================================================================================
----------------- testing Tue Oct 13 15:48:47 UTC 2020 /home/travis/build/icyphy/ptII/ptolemy/actor/lib/test/auto/ConstantPublisherPort5.xml
----------------- Instantiating /home/travis/build/icyphy/ptII/ptolemy/actor/lib/test/auto/ConstantPublisherPort5.xml
26 ms. Memory: 677888K Free: 577860K (85%)
----------------- Invoking toplevel() on ptolemy.moml.MoMLSimpleApplication@5a39c360
----------------- Done invoking toplevel() on ptolemy.moml.MoMLSimpleApplication@5a39c360
reloadAllAccessors: .ConstantPublisherPort5

===========================================================================================
----------------- testing Tue Oct 13 15:48:47 UTC 2020 /home/travis/build/icyphy/ptII/ptolemy/actor/lib/test/auto/ConstantPublisherPort6.xml
----------------- Instantiating /home/travis/build/icyphy/ptII/ptolemy/actor/lib/test/auto/ConstantPublisherPort6.xml
16 ms. Memory: 677888K Free: 568644K (84%)
----------------- Invoking toplevel() on ptolemy.moml.MoMLSimpleApplication@34edaa25
----------------- Done invoking toplevel() on ptolemy.moml.MoMLSimpleApplication@34edaa25
reloadAllAccessors: .ConstantPublisherPort6

===========================================================================================
----------------- testing Tue Oct 13 15:48:47 UTC 2020 /home/travis/build/icyphy/ptII/ptolemy/actor/lib/test/auto/ConstantPublisherPort7.xml
----------------- Instantiating /home/travis/build/icyphy/ptII/ptolemy/actor/lib/test/auto/ConstantPublisherPort7.xml
12 ms. Memory: 677888K Free: 559428K (83%)
----------------- Invoking toplevel() on ptolemy.moml.MoMLSimpleApplication@b773004
----------------- Done invoking toplevel() on ptolemy.moml.MoMLSimpleApplication@b773004
reloadAllAccessors: .ConstantPublisherPort7

===========================================================================================
----------------- testing Tue Oct 13 15:48:47 UTC 2020 /home/travis/build/icyphy/ptII/ptolemy/actor/lib/test/auto/ConstraintMonitor1.xml
----------------- Instantiating /home/travis/build/icyphy/ptII/ptolemy/actor/lib/test/auto/ConstraintMonitor1.xml
5 ms. Memory: 677888K Free: 554308K (82%)
----------------- Invoking toplevel() on ptolemy.moml.MoMLSimpleApplication@33ace16f
----------------- Done invoking toplevel() on ptolemy.moml.MoMLSimpleApplication@33ace16f
reloadAllAccessors: .ConstraintMonitor1

===========================================================================================
----------------- testing Tue Oct 13 15:48:47 UTC 2020 /home/travis/build/icyphy/ptII/ptolemy/actor/lib/test/auto/ConstraintMonitor2.xml
----------------- Instantiating /home/travis/build/icyphy/ptII/ptolemy/actor/lib/test/auto/ConstraintMonitor2.xml
3 ms. Memory: 677888K Free: 549702K (81%)
----------------- Invoking toplevel() on ptolemy.moml.MoMLSimpleApplication@668050a9
----------------- Done invoking toplevel() on ptolemy.moml.MoMLSimpleApplication@668050a9
reloadAllAccessors: .ConstraintMonitor2

===========================================================================================
----------------- testing Tue Oct 13 15:48:47 UTC 2020 /home/travis/build/icyphy/ptII/ptolemy/actor/lib/test/auto/ConstraintMonitor3.xml
----------------- Instantiating /home/travis/build/icyphy/ptII/ptolemy/actor/lib/test/auto/ConstraintMonitor3.xml
4 ms. Memory: 677888K Free: 545092K (80%)
----------------- Invoking toplevel() on ptolemy.moml.MoMLSimpleApplication@4d79e53
----------------- Done invoking toplevel() on ptolemy.moml.MoMLSimpleApplication@4d79e53
reloadAllAccessors: .ConstraintMonitor3

===========================================================================================
----------------- testing Tue Oct 13 15:48:47 UTC 2020 /home/travis/build/icyphy/ptII/ptolemy/actor/lib/test/auto/ConstraintMonitor4.xml
----------------- Instantiating /home/travis/build/icyphy/ptII/ptolemy/actor/lib/test/auto/ConstraintMonitor4.xml
2 ms. Memory: 677888K Free: 539972K (80%)
----------------- Invoking toplevel() on ptolemy.moml.MoMLSimpleApplication@158f77f6
----------------- Done invoking toplevel() on ptolemy.moml.MoMLSimpleApplication@158f77f6
reloadAllAccessors: .ConstraintMonitor4

===========================================================================================
----------------- testing Tue Oct 13 15:48:47 UTC 2020 /home/travis/build/icyphy/ptII/ptolemy/actor/lib/test/auto/ConstraintMonitor5.xml
----------------- Instantiating /home/travis/build/icyphy/ptII/ptolemy/actor/lib/test/auto/ConstraintMonitor5.xml
1 ms. Memory: 677888K Free: 535366K (79%)
----------------- Invoking toplevel() on ptolemy.moml.MoMLSimpleApplication@3c145f0d
----------------- Done invoking toplevel() on ptolemy.moml.MoMLSimpleApplication@3c145f0d
reloadAllAccessors: .ConstraintMonitor5

===========================================================================================
----------------- testing Tue Oct 13 15:48:47 UTC 2020 /home/travis/build/icyphy/ptII/ptolemy/actor/lib/test/auto/ConstraintMonitor6.xml
----------------- Instantiating /home/travis/build/icyphy/ptII/ptolemy/actor/lib/test/auto/ConstraintMonitor6.xml
3 ms. Memory: 677888K Free: 529222K (78%)
----------------- Invoking toplevel() on ptolemy.moml.MoMLSimpleApplication@8e0dfc3
----------------- Done invoking toplevel() on ptolemy.moml.MoMLSimpleApplication@8e0dfc3
reloadAllAccessors: .ConstraintMonitor6

===========================================================================================
----------------- testing Tue Oct 13 15:48:47 UTC 2020 /home/travis/build/icyphy/ptII/ptolemy/actor/lib/test/auto/ConstraintMonitor7.xml
----------------- Instantiating /home/travis/build/icyphy/ptII/ptolemy/actor/lib/test/auto/ConstraintMonitor7.xml
3 ms. Memory: 677888K Free: 522558K (77%)
----------------- Invoking toplevel() on ptolemy.moml.MoMLSimpleApplication@462c7d57
----------------- Done invoking toplevel() on ptolemy.moml.MoMLSimpleApplication@462c7d57
reloadAllAccessors: .ConstraintMonitor7

===========================================================================================
----------------- testing Tue Oct 13 15:48:47 UTC 2020 /home/travis/build/icyphy/ptII/ptolemy/actor/lib/test/auto/ConstraintMonitor8.xml
----------------- Instantiating /home/travis/build/icyphy/ptII/ptolemy/actor/lib/test/auto/ConstraintMonitor8.xml
5 ms. Memory: 677888K Free: 515396K (76%)
----------------- Invoking toplevel() on ptolemy.moml.MoMLSimpleApplication@239fa96f
----------------- Done invoking toplevel() on ptolemy.moml.MoMLSimpleApplication@239fa96f
reloadAllAccessors: .ConstraintMonitor8

===========================================================================================
----------------- testing Tue Oct 13 15:48:47 UTC 2020 /home/travis/build/icyphy/ptII/ptolemy/actor/lib/test/auto/Counter.xml
----------------- Instantiating /home/travis/build/icyphy/ptII/ptolemy/actor/lib/test/auto/Counter.xml
2 ms. Memory: 677888K Free: 510276K (75%)
----------------- Invoking toplevel() on ptolemy.moml.MoMLSimpleApplication@7499da79
----------------- Done invoking toplevel() on ptolemy.moml.MoMLSimpleApplication@7499da79
reloadAllAccessors: .Counter

===========================================================================================
----------------- testing Tue Oct 13 15:48:47 UTC 2020 /home/travis/build/icyphy/ptII/ptolemy/actor/lib/test/auto/CurrentTimeSDF.xml
----------------- Instantiating /home/travis/build/icyphy/ptII/ptolemy/actor/lib/test/auto/CurrentTimeSDF.xml
1 ms. Memory: 677888K Free: 506180K (75%)
----------------- Invoking toplevel() on ptolemy.moml.MoMLSimpleApplication@3deb1095
----------------- Done invoking toplevel() on ptolemy.moml.MoMLSimpleApplication@3deb1095
reloadAllAccessors: .CurrentTimeSDF

===========================================================================================
----------------- testing Tue Oct 13 15:48:47 UTC 2020 /home/travis/build/icyphy/ptII/ptolemy/actor/lib/test/auto/DB.xml
----------------- Instantiating /home/travis/build/icyphy/ptII/ptolemy/actor/lib/test/auto/DB.xml
2 ms. Memory: 677888K Free: 501574K (74%)
----------------- Invoking toplevel() on ptolemy.moml.MoMLSimpleApplication@563b4d48
----------------- Done invoking toplevel() on ptolemy.moml.MoMLSimpleApplication@563b4d48
reloadAllAccessors: .DB

===========================================================================================
----------------- testing Tue Oct 13 15:48:47 UTC 2020 /home/travis/build/icyphy/ptII/ptolemy/actor/lib/test/auto/DBDE.xml
----------------- Instantiating /home/travis/build/icyphy/ptII/ptolemy/actor/lib/test/auto/DBDE.xml
2 ms. Memory: 677888K Free: 495430K (73%)
----------------- Invoking toplevel() on ptolemy.moml.MoMLSimpleApplication@56bb42dd
----------------- Done invoking toplevel() on ptolemy.moml.MoMLSimpleApplication@56bb42dd
reloadAllAccessors: .DBDE

===========================================================================================
----------------- testing Tue Oct 13 15:48:47 UTC 2020 /home/travis/build/icyphy/ptII/ptolemy/actor/lib/test/auto/DateConstructor.xml
----------------- Instantiating /home/travis/build/icyphy/ptII/ptolemy/actor/lib/test/auto/DateConstructor.xml
26 ms. Memory: 677888K Free: 478022K (71%)
----------------- Invoking toplevel() on ptolemy.moml.MoMLSimpleApplication@b35b98c
----------------- Done invoking toplevel() on ptolemy.moml.MoMLSimpleApplication@b35b98c
reloadAllAccessors: .DateConstructor

===========================================================================================
----------------- testing Tue Oct 13 15:48:47 UTC 2020 /home/travis/build/icyphy/ptII/ptolemy/actor/lib/test/auto/DelayTime.xml
----------------- Instantiating /home/travis/build/icyphy/ptII/ptolemy/actor/lib/test/auto/DelayTime.xml
5 ms. Memory: 677888K Free: 473412K (70%)
----------------- Invoking toplevel() on ptolemy.moml.MoMLSimpleApplication@75704890
----------------- Done invoking toplevel() on ptolemy.moml.MoMLSimpleApplication@75704890
reloadAllAccessors: .DelayTime

===========================================================================================
----------------- testing Tue Oct 13 15:48:47 UTC 2020 /home/travis/build/icyphy/ptII/ptolemy/actor/lib/test/auto/Dictionary1.xml
----------------- Instantiating /home/travis/build/icyphy/ptII/ptolemy/actor/lib/test/auto/Dictionary1.xml
2 ms. Memory: 677888K Free: 467782K (69%)
----------------- Invoking toplevel() on ptolemy.moml.MoMLSimpleApplication@40a4d489
----------------- Done invoking toplevel() on ptolemy.moml.MoMLSimpleApplication@40a4d489
reloadAllAccessors: .Dictionary1

===========================================================================================
----------------- testing Tue Oct 13 15:48:47 UTC 2020 /home/travis/build/icyphy/ptII/ptolemy/actor/lib/test/auto/Dictionary2.xml
----------------- Instantiating /home/travis/build/icyphy/ptII/ptolemy/actor/lib/test/auto/Dictionary2.xml
3 ms. Memory: 677888K Free: 462148K (68%)
----------------- Invoking toplevel() on ptolemy.moml.MoMLSimpleApplication@5ac42dd2
----------------- Done invoking toplevel() on ptolemy.moml.MoMLSimpleApplication@5ac42dd2
reloadAllAccessors: .Dictionary2

===========================================================================================
----------------- testing Tue Oct 13 15:48:47 UTC 2020 /home/travis/build/icyphy/ptII/ptolemy/actor/lib/test/auto/Dictionary3.xml
----------------- Instantiating /home/travis/build/icyphy/ptII/ptolemy/actor/lib/test/auto/Dictionary3.xml
2 ms. Memory: 677888K Free: 456518K (67%)
----------------- Invoking toplevel() on ptolemy.moml.MoMLSimpleApplication@1535fa34
----------------- Done invoking toplevel() on ptolemy.moml.MoMLSimpleApplication@1535fa34
reloadAllAccessors: .Dictionary3

===========================================================================================
----------------- testing Tue Oct 13 15:48:47 UTC 2020 /home/travis/build/icyphy/ptII/ptolemy/actor/lib/test/auto/Dictionary4.xml
----------------- Instantiating /home/travis/build/icyphy/ptII/ptolemy/actor/lib/test/auto/Dictionary4.xml
3 ms. Memory: 677888K Free: 449860K (66%)
----------------- Invoking toplevel() on ptolemy.moml.MoMLSimpleApplication@45868476
----------------- Done invoking toplevel() on ptolemy.moml.MoMLSimpleApplication@45868476
reloadAllAccessors: .Dictionary4

===========================================================================================
----------------- testing Tue Oct 13 15:48:47 UTC 2020 /home/travis/build/icyphy/ptII/ptolemy/actor/lib/test/auto/Differential.xml
----------------- Instantiating /home/travis/build/icyphy/ptII/ptolemy/actor/lib/test/auto/Differential.xml
3 ms. Memory: 677888K Free: 445254K (66%)
----------------- Invoking toplevel() on ptolemy.moml.MoMLSimpleApplication@69c0f995
----------------- Done invoking toplevel() on ptolemy.moml.MoMLSimpleApplication@69c0f995
reloadAllAccessors: .Differential

===========================================================================================
----------------- testing Tue Oct 13 15:48:47 UTC 2020 /home/travis/build/icyphy/ptII/ptolemy/actor/lib/test/auto/Director.xml
----------------- Instantiating /home/travis/build/icyphy/ptII/ptolemy/actor/lib/test/auto/Director.xml
1 ms. Memory: 677888K Free: 441668K (65%)
----------------- Invoking toplevel() on ptolemy.moml.MoMLSimpleApplication@6d3e5c2b
----------------- Done invoking toplevel() on ptolemy.moml.MoMLSimpleApplication@6d3e5c2b
reloadAllAccessors: .Director

===========================================================================================
----------------- testing Tue Oct 13 15:48:47 UTC 2020 /home/travis/build/icyphy/ptII/ptolemy/actor/lib/test/auto/DiscreteClock.xml
----------------- Instantiating /home/travis/build/icyphy/ptII/ptolemy/actor/lib/test/auto/DiscreteClock.xml
1 ms. Memory: 677888K Free: 438086K (65%)
----------------- Invoking toplevel() on ptolemy.moml.MoMLSimpleApplication@58b293aa
----------------- Done invoking toplevel() on ptolemy.moml.MoMLSimpleApplication@58b293aa
reloadAllAccessors: .DiscreteClock

===========================================================================================
----------------- testing Tue Oct 13 15:48:47 UTC 2020 /home/travis/build/icyphy/ptII/ptolemy/actor/lib/test/auto/DiscreteClock10.xml
----------------- Instantiating /home/travis/build/icyphy/ptII/ptolemy/actor/lib/test/auto/DiscreteClock10.xml
5 ms. Memory: 677888K Free: 431942K (64%)
----------------- Invoking toplevel() on ptolemy.moml.MoMLSimpleApplication@1c537c6a
----------------- Done invoking toplevel() on ptolemy.moml.MoMLSimpleApplication@1c537c6a
reloadAllAccessors: .DiscreteClock10

===========================================================================================
----------------- testing Tue Oct 13 15:48:47 UTC 2020 /home/travis/build/icyphy/ptII/ptolemy/actor/lib/test/auto/DiscreteClock11.xml
----------------- Instantiating /home/travis/build/icyphy/ptII/ptolemy/actor/lib/test/auto/DiscreteClock11.xml
3 ms. Memory: 677888K Free: 425798K (63%)
----------------- Invoking toplevel() on ptolemy.moml.MoMLSimpleApplication@35553cd1
----------------- Done invoking toplevel() on ptolemy.moml.MoMLSimpleApplication@35553cd1
reloadAllAccessors: .DiscreteClock11

===========================================================================================
----------------- testing Tue Oct 13 15:48:47 UTC 2020 /home/travis/build/icyphy/ptII/ptolemy/actor/lib/test/auto/DiscreteClock12.xml
----------------- Instantiating /home/travis/build/icyphy/ptII/ptolemy/actor/lib/test/auto/DiscreteClock12.xml
2 ms. Memory: 677888K Free: 419654K (62%)
----------------- Invoking toplevel() on ptolemy.moml.MoMLSimpleApplication@6d640d20
----------------- Done invoking toplevel() on ptolemy.moml.MoMLSimpleApplication@6d640d20
reloadAllAccessors: .DiscreteClock12

===========================================================================================
----------------- testing Tue Oct 13 15:48:47 UTC 2020 /home/travis/build/icyphy/ptII/ptolemy/actor/lib/test/auto/DiscreteClock13.xml
----------------- Instantiating /home/travis/build/icyphy/ptII/ptolemy/actor/lib/test/auto/DiscreteClock13.xml
7 ms. Memory: 677888K Free: 414014K (61%)
----------------- Invoking toplevel() on ptolemy.moml.MoMLSimpleApplication@53e281aa
----------------- Done invoking toplevel() on ptolemy.moml.MoMLSimpleApplication@53e281aa
reloadAllAccessors: .DiscreteClock13

===========================================================================================
----------------- testing Tue Oct 13 15:48:47 UTC 2020 /home/travis/build/icyphy/ptII/ptolemy/actor/lib/test/auto/DiscreteClock14.xml
----------------- Instantiating /home/travis/build/icyphy/ptII/ptolemy/actor/lib/test/auto/DiscreteClock14.xml
5 ms. Memory: 677888K Free: 407846K (60%)
----------------- Invoking toplevel() on ptolemy.moml.MoMLSimpleApplication@257fc98b
----------------- Done invoking toplevel() on ptolemy.moml.MoMLSimpleApplication@257fc98b
reloadAllAccessors: .DiscreteClock14

===========================================================================================
----------------- testing Tue Oct 13 15:48:47 UTC 2020 /home/travis/build/icyphy/ptII/ptolemy/actor/lib/test/auto/DiscreteClock15.xml
----------------- Instantiating /home/travis/build/icyphy/ptII/ptolemy/actor/lib/test/auto/DiscreteClock15.xml
5 ms. Memory: 677888K Free: 401702K (59%)
----------------- Invoking toplevel() on ptolemy.moml.MoMLSimpleApplication@713da20d
----------------- Done invoking toplevel() on ptolemy.moml.MoMLSimpleApplication@713da20d
reloadAllAccessors: .DiscreteClock15

===========================================================================================
----------------- testing Tue Oct 13 15:48:47 UTC 2020 /home/travis/build/icyphy/ptII/ptolemy/actor/lib/test/auto/DiscreteClock16.xml
----------------- Instantiating /home/travis/build/icyphy/ptII/ptolemy/actor/lib/test/auto/DiscreteClock16.xml
18 ms. Memory: 677888K Free: 387910K (57%)
----------------- Invoking toplevel() on ptolemy.moml.MoMLSimpleApplication@4aa97a98
----------------- Done invoking toplevel() on ptolemy.moml.MoMLSimpleApplication@4aa97a98
reloadAllAccessors: .DiscreteClock16

===========================================================================================
----------------- testing Tue Oct 13 15:48:47 UTC 2020 /home/travis/build/icyphy/ptII/ptolemy/actor/lib/test/auto/DiscreteClock17.xml
----------------- Instantiating /home/travis/build/icyphy/ptII/ptolemy/actor/lib/test/auto/DiscreteClock17.xml
19 ms. Memory: 677888K Free: 373574K (55%)
----------------- Invoking toplevel() on ptolemy.moml.MoMLSimpleApplication@7fc7e97c
----------------- Done invoking toplevel() on ptolemy.moml.MoMLSimpleApplication@7fc7e97c
reloadAllAccessors: .DiscreteClock17

===========================================================================================
----------------- testing Tue Oct 13 15:48:47 UTC 2020 /home/travis/build/icyphy/ptII/ptolemy/actor/lib/test/auto/DiscreteClock18.xml
----------------- Instantiating /home/travis/build/icyphy/ptII/ptolemy/actor/lib/test/auto/DiscreteClock18.xml
26 ms. Memory: 677888K Free: 359734K (53%)
----------------- Invoking toplevel() on ptolemy.moml.MoMLSimpleApplication@653a5638
----------------- Done invoking toplevel() on ptolemy.moml.MoMLSimpleApplication@653a5638
reloadAllAccessors: .DiscreteClock18

===========================================================================================
----------------- testing Tue Oct 13 15:48:48 UTC 2020 /home/travis/build/icyphy/ptII/ptolemy/actor/lib/test/auto/DiscreteClock19.xml
----------------- Instantiating /home/travis/build/icyphy/ptII/ptolemy/actor/lib/test/auto/DiscreteClock19.xml
28 ms. Memory: 677888K Free: 625398K (92%)
----------------- Invoking toplevel() on ptolemy.moml.MoMLSimpleApplication@7b85d5b1
----------------- Done invoking toplevel() on ptolemy.moml.MoMLSimpleApplication@7b85d5b1
reloadAllAccessors: .DiscreteClock19

===========================================================================================
----------------- testing Tue Oct 13 15:48:48 UTC 2020 /home/travis/build/icyphy/ptII/ptolemy/actor/lib/test/auto/DiscreteClock2.xml
----------------- Instantiating /home/travis/build/icyphy/ptII/ptolemy/actor/lib/test/auto/DiscreteClock2.xml
3 ms. Memory: 677888K Free: 619760K (91%)
----------------- Invoking toplevel() on ptolemy.moml.MoMLSimpleApplication@2b0c4650
----------------- Done invoking toplevel() on ptolemy.moml.MoMLSimpleApplication@2b0c4650
reloadAllAccessors: .DiscreteClock2

===========================================================================================
----------------- testing Tue Oct 13 15:48:48 UTC 2020 /home/travis/build/icyphy/ptII/ptolemy/actor/lib/test/auto/DiscreteClock20.xml
----------------- Instantiating /home/travis/build/icyphy/ptII/ptolemy/actor/lib/test/auto/DiscreteClock20.xml
8 ms. Memory: 677888K Free: 614136K (91%)
----------------- Invoking toplevel() on ptolemy.moml.MoMLSimpleApplication@247cd817
----------------- Done invoking toplevel() on ptolemy.moml.MoMLSimpleApplication@247cd817
reloadAllAccessors: .DiscreteClock20

===========================================================================================
----------------- testing Tue Oct 13 15:48:48 UTC 2020 /home/travis/build/icyphy/ptII/ptolemy/actor/lib/test/auto/DiscreteClock21.xml
----------------- Instantiating /home/travis/build/icyphy/ptII/ptolemy/actor/lib/test/auto/DiscreteClock21.xml
6 ms. Memory: 677888K Free: 608502K (90%)
----------------- Invoking toplevel() on ptolemy.moml.MoMLSimpleApplication@734e7789
----------------- Done invoking toplevel() on ptolemy.moml.MoMLSimpleApplication@734e7789
reloadAllAccessors: .DiscreteClock21

===========================================================================================
----------------- testing Tue Oct 13 15:48:48 UTC 2020 /home/travis/build/icyphy/ptII/ptolemy/actor/lib/test/auto/DiscreteClock22.xml
----------------- Instantiating /home/travis/build/icyphy/ptII/ptolemy/actor/lib/test/auto/DiscreteClock22.xml
6 ms. Memory: 677888K Free: 603382K (89%)
----------------- Invoking toplevel() on ptolemy.moml.MoMLSimpleApplication@716f6811
----------------- Done invoking toplevel() on ptolemy.moml.MoMLSimpleApplication@716f6811
reloadAllAccessors: .DiscreteClock22

===========================================================================================
----------------- testing Tue Oct 13 15:48:48 UTC 2020 /home/travis/build/icyphy/ptII/ptolemy/actor/lib/test/auto/DiscreteClock23.xml
----------------- Instantiating /home/travis/build/icyphy/ptII/ptolemy/actor/lib/test/auto/DiscreteClock23.xml
9 ms. Memory: 677888K Free: 597752K (88%)
----------------- Invoking toplevel() on ptolemy.moml.MoMLSimpleApplication@4beaff1d
----------------- Done invoking toplevel() on ptolemy.moml.MoMLSimpleApplication@4beaff1d
reloadAllAccessors: .DiscreteClock23

===========================================================================================
----------------- testing Tue Oct 13 15:48:48 UTC 2020 /home/travis/build/icyphy/ptII/ptolemy/actor/lib/test/auto/DiscreteClock24.xml
----------------- Instantiating /home/travis/build/icyphy/ptII/ptolemy/actor/lib/test/auto/DiscreteClock24.xml
4 ms. Memory: 677888K Free: 592118K (87%)
----------------- Invoking toplevel() on ptolemy.moml.MoMLSimpleApplication@7457746b
----------------- Done invoking toplevel() on ptolemy.moml.MoMLSimpleApplication@7457746b
reloadAllAccessors: .DiscreteClock24

===========================================================================================
----------------- testing Tue Oct 13 15:48:48 UTC 2020 /home/travis/build/icyphy/ptII/ptolemy/actor/lib/test/auto/DiscreteClock4.xml
----------------- Instantiating /home/travis/build/icyphy/ptII/ptolemy/actor/lib/test/auto/DiscreteClock4.xml
4 ms. Memory: 677888K Free: 586488K (87%)
----------------- Invoking toplevel() on ptolemy.moml.MoMLSimpleApplication@30a7256a
----------------- Done invoking toplevel() on ptolemy.moml.MoMLSimpleApplication@30a7256a
reloadAllAccessors: .DiscreteClock4

===========================================================================================
----------------- testing Tue Oct 13 15:48:48 UTC 2020 /home/travis/build/icyphy/ptII/ptolemy/actor/lib/test/auto/DiscreteClock5.xml
----------------- Instantiating /home/travis/build/icyphy/ptII/ptolemy/actor/lib/test/auto/DiscreteClock5.xml
1 ms. Memory: 677888K Free: 581368K (86%)
----------------- Invoking toplevel() on ptolemy.moml.MoMLSimpleApplication@7f9469cc
----------------- Done invoking toplevel() on ptolemy.moml.MoMLSimpleApplication@7f9469cc
reloadAllAccessors: .DiscreteClock5

===========================================================================================
----------------- testing Tue Oct 13 15:48:48 UTC 2020 /home/travis/build/icyphy/ptII/ptolemy/actor/lib/test/auto/DiscreteClock6.xml
----------------- Instantiating /home/travis/build/icyphy/ptII/ptolemy/actor/lib/test/auto/DiscreteClock6.xml
1 ms. Memory: 677888K Free: 576758K (85%)
----------------- Invoking toplevel() on ptolemy.moml.MoMLSimpleApplication@2cb6afe1
----------------- Done invoking toplevel() on ptolemy.moml.MoMLSimpleApplication@2cb6afe1
reloadAllAccessors: .DiscreteClock6

===========================================================================================
----------------- testing Tue Oct 13 15:48:48 UTC 2020 /home/travis/build/icyphy/ptII/ptolemy/actor/lib/test/auto/DiscreteClock7.xml
----------------- Instantiating /home/travis/build/icyphy/ptII/ptolemy/actor/lib/test/auto/DiscreteClock7.xml
2 ms. Memory: 677888K Free: 571638K (84%)
----------------- Invoking toplevel() on ptolemy.moml.MoMLSimpleApplication@1a82190d
----------------- Done invoking toplevel() on ptolemy.moml.MoMLSimpleApplication@1a82190d
reloadAllAccessors: .DiscreteClock7

===========================================================================================
----------------- testing Tue Oct 13 15:48:48 UTC 2020 /home/travis/build/icyphy/ptII/ptolemy/actor/lib/test/auto/DiscreteClock8.xml
----------------- Instantiating /home/travis/build/icyphy/ptII/ptolemy/actor/lib/test/auto/DiscreteClock8.xml
9 ms. Memory: 677888K Free: 566008K (83%)
----------------- Invoking toplevel() on ptolemy.moml.MoMLSimpleApplication@5a6bf29b
----------------- Done invoking toplevel() on ptolemy.moml.MoMLSimpleApplication@5a6bf29b
reloadAllAccessors: .DiscreteClock8

===========================================================================================
----------------- testing Tue Oct 13 15:48:48 UTC 2020 /home/travis/build/icyphy/ptII/ptolemy/actor/lib/test/auto/DiscreteClock9.xml
----------------- Instantiating /home/travis/build/icyphy/ptII/ptolemy/actor/lib/test/auto/DiscreteClock9.xml
3 ms. Memory: 677888K Free: 559864K (83%)
----------------- Invoking toplevel() on ptolemy.moml.MoMLSimpleApplication@6abd517d
----------------- Done invoking toplevel() on ptolemy.moml.MoMLSimpleApplication@6abd517d
reloadAllAccessors: .DiscreteClock9

===========================================================================================
----------------- testing Tue Oct 13 15:48:48 UTC 2020 /home/travis/build/icyphy/ptII/ptolemy/actor/lib/test/auto/DisplayArray.xml
----------------- Instantiating /home/travis/build/icyphy/ptII/ptolemy/actor/lib/test/auto/DisplayArray.xml
1 ms. Memory: 677888K Free: 556792K (82%)
----------------- Invoking toplevel() on ptolemy.moml.MoMLSimpleApplication@3ed49a5c
----------------- Done invoking toplevel() on ptolemy.moml.MoMLSimpleApplication@3ed49a5c
reloadAllAccessors: .DisplayArray

===========================================================================================
----------------- testing Tue Oct 13 15:48:48 UTC 2020 /home/travis/build/icyphy/ptII/ptolemy/actor/lib/test/auto/Distributor.xml
----------------- Instantiating /home/travis/build/icyphy/ptII/ptolemy/actor/lib/test/auto/Distributor.xml
2 ms. Memory: 677888K Free: 551672K (81%)
----------------- Invoking toplevel() on ptolemy.moml.MoMLSimpleApplication@61c9650f
----------------- Done invoking toplevel() on ptolemy.moml.MoMLSimpleApplication@61c9650f
reloadAllAccessors: .Distributor

===========================================================================================
----------------- testing Tue Oct 13 15:48:48 UTC 2020 /home/travis/build/icyphy/ptII/ptolemy/actor/lib/test/auto/Distributor2.xml
----------------- Instantiating /home/travis/build/icyphy/ptII/ptolemy/actor/lib/test/auto/Distributor2.xml
1 ms. Memory: 677888K Free: 546552K (81%)
----------------- Invoking toplevel() on ptolemy.moml.MoMLSimpleApplication@70bbaf4e
----------------- Done invoking toplevel() on ptolemy.moml.MoMLSimpleApplication@70bbaf4e
reloadAllAccessors: .Distributor2

===========================================================================================
----------------- testing Tue Oct 13 15:48:48 UTC 2020 /home/travis/build/icyphy/ptII/ptolemy/actor/lib/test/auto/DownSample.xml
----------------- Instantiating /home/travis/build/icyphy/ptII/ptolemy/actor/lib/test/auto/DownSample.xml
1 ms. Memory: 677888K Free: 541942K (80%)
----------------- Invoking toplevel() on ptolemy.moml.MoMLSimpleApplication@27e02475
----------------- Done invoking toplevel() on ptolemy.moml.MoMLSimpleApplication@27e02475
reloadAllAccessors: .DownSample

===========================================================================================
----------------- testing Tue Oct 13 15:48:48 UTC 2020 /home/travis/build/icyphy/ptII/ptolemy/actor/lib/test/auto/ElectronicUnitBase1.xml
----------------- Instantiating /home/travis/build/icyphy/ptII/ptolemy/actor/lib/test/auto/ElectronicUnitBase1.xml
12 ms. Memory: 677888K Free: 525558K (78%)
----------------- Invoking toplevel() on ptolemy.moml.MoMLSimpleApplication@76d4598b
----------------- Done invoking toplevel() on ptolemy.moml.MoMLSimpleApplication@76d4598b
reloadAllAccessors: .ElectronicUnitBase1

===========================================================================================
----------------- testing Tue Oct 13 15:48:48 UTC 2020 /home/travis/build/icyphy/ptII/ptolemy/actor/lib/test/auto/ElementsToArray.xml
----------------- Instantiating /home/travis/build/icyphy/ptII/ptolemy/actor/lib/test/auto/ElementsToArray.xml
1 ms. Memory: 677888K Free: 520952K (77%)
----------------- Invoking toplevel() on ptolemy.moml.MoMLSimpleApplication@62f2241d
----------------- Done invoking toplevel() on ptolemy.moml.MoMLSimpleApplication@62f2241d
reloadAllAccessors: .ElementsToArray

===========================================================================================
----------------- testing Tue Oct 13 15:48:48 UTC 2020 /home/travis/build/icyphy/ptII/ptolemy/actor/lib/test/auto/Equals.xml
----------------- Instantiating /home/travis/build/icyphy/ptII/ptolemy/actor/lib/test/auto/Equals.xml
1 ms. Memory: 677888K Free: 516342K (76%)
----------------- Invoking toplevel() on ptolemy.moml.MoMLSimpleApplication@13245200
----------------- Done invoking toplevel() on ptolemy.moml.MoMLSimpleApplication@13245200
reloadAllAccessors: .Equals

===========================================================================================
----------------- testing Tue Oct 13 15:48:48 UTC 2020 /home/travis/build/icyphy/ptII/ptolemy/actor/lib/test/auto/Exec.xml
----------------- Instantiating /home/travis/build/icyphy/ptII/ptolemy/actor/lib/test/auto/Exec.xml
17 ms. Memory: 677888K Free: 510198K (75%)
----------------- Invoking toplevel() on ptolemy.moml.MoMLSimpleApplication@2945a890
----------------- Done invoking toplevel() on ptolemy.moml.MoMLSimpleApplication@2945a890
reloadAllAccessors: .Exec

===========================================================================================
----------------- testing Tue Oct 13 15:48:48 UTC 2020 /home/travis/build/icyphy/ptII/ptolemy/actor/lib/test/auto/ExecEnvironment.xml
----------------- Instantiating /home/travis/build/icyphy/ptII/ptolemy/actor/lib/test/auto/ExecEnvironment.xml
16 ms. Memory: 677888K Free: 505064K (75%)
----------------- Invoking toplevel() on ptolemy.moml.MoMLSimpleApplication@363e3a5b
----------------- Done invoking toplevel() on ptolemy.moml.MoMLSimpleApplication@363e3a5b
reloadAllAccessors: .ExecEnvironment

===========================================================================================
----------------- testing Tue Oct 13 15:48:48 UTC 2020 /home/travis/build/icyphy/ptII/ptolemy/actor/lib/test/auto/ExecNonZeroReturnOutput.xml
----------------- Instantiating /home/travis/build/icyphy/ptII/ptolemy/actor/lib/test/auto/ExecNonZeroReturnOutput.xml
153 ms. Memory: 677888K Free: 493814K (73%)
----------------- Invoking toplevel() on ptolemy.moml.MoMLSimpleApplication@4f52b659
----------------- Done invoking toplevel() on ptolemy.moml.MoMLSimpleApplication@4f52b659
reloadAllAccessors: .ExecNonZeroReturnOutput

===========================================================================================
----------------- testing Tue Oct 13 15:48:48 UTC 2020 /home/travis/build/icyphy/ptII/ptolemy/actor/lib/test/auto/ExecRunDemos.xml
----------------- Instantiating /home/travis/build/icyphy/ptII/ptolemy/actor/lib/test/auto/ExecRunDemos.xml
Finished: 81 ms. Memory: 129024K Free: 112192K (87%)

Finished: 74 ms. Memory: 129024K Free: 109431K (85%)

Finished: 85 ms. Memory: 129024K Free: 109547K (85%)

Finished: 92 ms. Memory: 129024K Free: 111143K (86%)

Finished: 79 ms. Memory: 129024K Free: 111905K (87%)

10238 ms. Memory: 677888K Free: 472822K (70%)
----------------- Invoking toplevel() on ptolemy.moml.MoMLSimpleApplication@70dfff46
----------------- Done invoking toplevel() on ptolemy.moml.MoMLSimpleApplication@70dfff46
reloadAllAccessors: .ExecRunDemos

===========================================================================================
----------------- testing Tue Oct 13 15:48:59 UTC 2020 /home/travis/build/icyphy/ptII/ptolemy/actor/lib/test/auto/ExecStop.xml
----------------- Instantiating /home/travis/build/icyphy/ptII/ptolemy/actor/lib/test/auto/ExecStop.xml
5017 ms. Memory: 677888K Free: 330488K (49%)
----------------- Invoking toplevel() on ptolemy.moml.MoMLSimpleApplication@6992bc68
----------------- Done invoking toplevel() on ptolemy.moml.MoMLSimpleApplication@6992bc68
reloadAllAccessors: .ExecStop

===========================================================================================
----------------- testing Tue Oct 13 15:49:04 UTC 2020 /home/travis/build/icyphy/ptII/ptolemy/actor/lib/test/auto/ExecutionTimeSDF.xml
----------------- Instantiating /home/travis/build/icyphy/ptII/ptolemy/actor/lib/test/auto/ExecutionTimeSDF.xml
Fired ExecutionTime: -979367296
Fired ExecutionTime: 1312000000
Fired ExecutionTime: -136567296
6007 ms. Memory: 677888K Free: 318200K (47%)
----------------- Invoking toplevel() on ptolemy.moml.MoMLSimpleApplication@50e745e8
----------------- Done invoking toplevel() on ptolemy.moml.MoMLSimpleApplication@50e745e8
reloadAllAccessors: .ExecutionTimeSDF

===========================================================================================
----------------- testing Tue Oct 13 15:49:10 UTC 2020 /home/travis/build/icyphy/ptII/ptolemy/actor/lib/test/auto/Expression1.xml
----------------- Instantiating /home/travis/build/icyphy/ptII/ptolemy/actor/lib/test/auto/Expression1.xml
2 ms. Memory: 677888K Free: 314614K (46%)
----------------- Invoking toplevel() on ptolemy.moml.MoMLSimpleApplication@3ff1042b
----------------- Done invoking toplevel() on ptolemy.moml.MoMLSimpleApplication@3ff1042b
reloadAllAccessors: .Expression1

===========================================================================================
----------------- testing Tue Oct 13 15:49:10 UTC 2020 /home/travis/build/icyphy/ptII/ptolemy/actor/lib/test/auto/Expression10.xml
----------------- Instantiating /home/travis/build/icyphy/ptII/ptolemy/actor/lib/test/auto/Expression10.xml
6 ms. Memory: 677888K Free: 308984K (46%)
----------------- Invoking toplevel() on ptolemy.moml.MoMLSimpleApplication@79b18eae
----------------- Done invoking toplevel() on ptolemy.moml.MoMLSimpleApplication@79b18eae
reloadAllAccessors: .Expression10

===========================================================================================
----------------- testing Tue Oct 13 15:49:10 UTC 2020 /home/travis/build/icyphy/ptII/ptolemy/actor/lib/test/auto/Expression11.xml
----------------- Instantiating /home/travis/build/icyphy/ptII/ptolemy/actor/lib/test/auto/Expression11.xml
2 ms. Memory: 677888K Free: 304374K (45%)
----------------- Invoking toplevel() on ptolemy.moml.MoMLSimpleApplication@7affc72c
----------------- Done invoking toplevel() on ptolemy.moml.MoMLSimpleApplication@7affc72c
reloadAllAccessors: .Expression11

===========================================================================================
----------------- testing Tue Oct 13 15:49:10 UTC 2020 /home/travis/build/icyphy/ptII/ptolemy/actor/lib/test/auto/Expression12.xml
----------------- Instantiating /home/travis/build/icyphy/ptII/ptolemy/actor/lib/test/auto/Expression12.xml
4 ms. Memory: 677888K Free: 298744K (44%)
----------------- Invoking toplevel() on ptolemy.moml.MoMLSimpleApplication@2a349628
----------------- Done invoking toplevel() on ptolemy.moml.MoMLSimpleApplication@2a349628
reloadAllAccessors: .Expression12

===========================================================================================
----------------- testing Tue Oct 13 15:49:10 UTC 2020 /home/travis/build/icyphy/ptII/ptolemy/actor/lib/test/auto/Expression13.xml
----------------- Instantiating /home/travis/build/icyphy/ptII/ptolemy/actor/lib/test/auto/Expression13.xml
4 ms. Memory: 677888K Free: 293624K (43%)
----------------- Invoking toplevel() on ptolemy.moml.MoMLSimpleApplication@10827f42
----------------- Done invoking toplevel() on ptolemy.moml.MoMLSimpleApplication@10827f42
reloadAllAccessors: .Expression13

===========================================================================================
----------------- testing Tue Oct 13 15:49:10 UTC 2020 /home/travis/build/icyphy/ptII/ptolemy/actor/lib/test/auto/Expression14.xml
----------------- Instantiating /home/travis/build/icyphy/ptII/ptolemy/actor/lib/test/auto/Expression14.xml
7 ms. Memory: 677888K Free: 287480K (42%)
----------------- Invoking toplevel() on ptolemy.moml.MoMLSimpleApplication@18d0c4e6
----------------- Done invoking toplevel() on ptolemy.moml.MoMLSimpleApplication@18d0c4e6
reloadAllAccessors: .Expression14

===========================================================================================
----------------- testing Tue Oct 13 15:49:10 UTC 2020 /home/travis/build/icyphy/ptII/ptolemy/actor/lib/test/auto/Expression15.xml
----------------- Instantiating /home/travis/build/icyphy/ptII/ptolemy/actor/lib/test/auto/Expression15.xml
2 ms. Memory: 677888K Free: 283894K (42%)
----------------- Invoking toplevel() on ptolemy.moml.MoMLSimpleApplication@4b9ca772
----------------- Done invoking toplevel() on ptolemy.moml.MoMLSimpleApplication@4b9ca772
reloadAllAccessors: .Expression15

===========================================================================================
----------------- testing Tue Oct 13 15:49:10 UTC 2020 /home/travis/build/icyphy/ptII/ptolemy/actor/lib/test/auto/Expression16.xml
----------------- Instantiating /home/travis/build/icyphy/ptII/ptolemy/actor/lib/test/auto/Expression16.xml
2 ms. Memory: 677888K Free: 278774K (41%)
----------------- Invoking toplevel() on ptolemy.moml.MoMLSimpleApplication@28fe0510
----------------- Done invoking toplevel() on ptolemy.moml.MoMLSimpleApplication@28fe0510
reloadAllAccessors: .Expression16

===========================================================================================
----------------- testing Tue Oct 13 15:49:10 UTC 2020 /home/travis/build/icyphy/ptII/ptolemy/actor/lib/test/auto/Expression17.xml
----------------- Instantiating /home/travis/build/icyphy/ptII/ptolemy/actor/lib/test/auto/Expression17.xml
3 ms. Memory: 677888K Free: 273654K (40%)
----------------- Invoking toplevel() on ptolemy.moml.MoMLSimpleApplication@d08e97b
----------------- Done invoking toplevel() on ptolemy.moml.MoMLSimpleApplication@d08e97b
reloadAllAccessors: .Expression17

===========================================================================================
----------------- testing Tue Oct 13 15:49:10 UTC 2020 /home/travis/build/icyphy/ptII/ptolemy/actor/lib/test/auto/Expression18.xml
----------------- Instantiating /home/travis/build/icyphy/ptII/ptolemy/actor/lib/test/auto/Expression18.xml
1 ms. Memory: 677888K Free: 268534K (40%)
----------------- Invoking toplevel() on ptolemy.moml.MoMLSimpleApplication@2cb3ad7b
----------------- Done invoking toplevel() on ptolemy.moml.MoMLSimpleApplication@2cb3ad7b
reloadAllAccessors: .Expression18

===========================================================================================
----------------- testing Tue Oct 13 15:49:10 UTC 2020 /home/travis/build/icyphy/ptII/ptolemy/actor/lib/test/auto/Expression2.xml
----------------- Instantiating /home/travis/build/icyphy/ptII/ptolemy/actor/lib/test/auto/Expression2.xml
2 ms. Memory: 677888K Free: 623913K (92%)
----------------- Invoking toplevel() on ptolemy.moml.MoMLSimpleApplication@4dff8493
----------------- Done invoking toplevel() on ptolemy.moml.MoMLSimpleApplication@4dff8493
reloadAllAccessors: .Expression2

===========================================================================================
----------------- testing Tue Oct 13 15:49:10 UTC 2020 /home/travis/build/icyphy/ptII/ptolemy/actor/lib/test/auto/Expression3.xml
----------------- Instantiating /home/travis/build/icyphy/ptII/ptolemy/actor/lib/test/auto/Expression3.xml
2 ms. Memory: 677888K Free: 619307K (91%)
----------------- Invoking toplevel() on ptolemy.moml.MoMLSimpleApplication@5edbc164
----------------- Done invoking toplevel() on ptolemy.moml.MoMLSimpleApplication@5edbc164
reloadAllAccessors: .Expression3

===========================================================================================
----------------- testing Tue Oct 13 15:49:10 UTC 2020 /home/travis/build/icyphy/ptII/ptolemy/actor/lib/test/auto/Expression4.xml
----------------- Instantiating /home/travis/build/icyphy/ptII/ptolemy/actor/lib/test/auto/Expression4.xml
4 ms. Memory: 677888K Free: 611625K (90%)
----------------- Invoking toplevel() on ptolemy.moml.MoMLSimpleApplication@22b1a32f
----------------- Done invoking toplevel() on ptolemy.moml.MoMLSimpleApplication@22b1a32f
reloadAllAccessors: .Expression4

===========================================================================================
----------------- testing Tue Oct 13 15:49:10 UTC 2020 /home/travis/build/icyphy/ptII/ptolemy/actor/lib/test/auto/Expression5.xml
----------------- Instantiating /home/travis/build/icyphy/ptII/ptolemy/actor/lib/test/auto/Expression5.xml
2 ms. Memory: 677888K Free: 606505K (89%)
----------------- Invoking toplevel() on ptolemy.moml.MoMLSimpleApplication@5e7b4ab
----------------- Done invoking toplevel() on ptolemy.moml.MoMLSimpleApplication@5e7b4ab
reloadAllAccessors: .Expression5

===========================================================================================
----------------- testing Tue Oct 13 15:49:10 UTC 2020 /home/travis/build/icyphy/ptII/ptolemy/actor/lib/test/auto/Expression6.xml
----------------- Instantiating /home/travis/build/icyphy/ptII/ptolemy/actor/lib/test/auto/Expression6.xml
1 ms. Memory: 677888K Free: 601899K (89%)
----------------- Invoking toplevel() on ptolemy.moml.MoMLSimpleApplication@208a6cd2
----------------- Done invoking toplevel() on ptolemy.moml.MoMLSimpleApplication@208a6cd2
reloadAllAccessors: .Expression6

===========================================================================================
----------------- testing Tue Oct 13 15:49:10 UTC 2020 /home/travis/build/icyphy/ptII/ptolemy/actor/lib/test/auto/Expression7.xml
----------------- Instantiating /home/travis/build/icyphy/ptII/ptolemy/actor/lib/test/auto/Expression7.xml
2 ms. Memory: 677888K Free: 596779K (88%)
----------------- Invoking toplevel() on ptolemy.moml.MoMLSimpleApplication@38dc43b5
----------------- Done invoking toplevel() on ptolemy.moml.MoMLSimpleApplication@38dc43b5
reloadAllAccessors: .Expression7

===========================================================================================
----------------- testing Tue Oct 13 15:49:10 UTC 2020 /home/travis/build/icyphy/ptII/ptolemy/actor/lib/test/auto/Expression8.xml
----------------- Instantiating /home/travis/build/icyphy/ptII/ptolemy/actor/lib/test/auto/Expression8.xml
3 ms. Memory: 677888K Free: 592169K (87%)
----------------- Invoking toplevel() on ptolemy.moml.MoMLSimpleApplication@19cdf9bd
----------------- Done invoking toplevel() on ptolemy.moml.MoMLSimpleApplication@19cdf9bd
reloadAllAccessors: .Expression8

===========================================================================================
----------------- testing Tue Oct 13 15:49:10 UTC 2020 /home/travis/build/icyphy/ptII/ptolemy/actor/lib/test/auto/Expression9.xml
----------------- Instantiating /home/travis/build/icyphy/ptII/ptolemy/actor/lib/test/auto/Expression9.xml
1 ms. Memory: 677888K Free: 588073K (87%)
----------------- Invoking toplevel() on ptolemy.moml.MoMLSimpleApplication@55beb0fc
----------------- Done invoking toplevel() on ptolemy.moml.MoMLSimpleApplication@55beb0fc
reloadAllAccessors: .Expression9

===========================================================================================
----------------- testing Tue Oct 13 15:49:10 UTC 2020 /home/travis/build/icyphy/ptII/ptolemy/actor/lib/test/auto/ExpressionConcatenateArrayType.xml
----------------- Instantiating /home/travis/build/icyphy/ptII/ptolemy/actor/lib/test/auto/ExpressionConcatenateArrayType.xml
3 ms. Memory: 677888K Free: 581419K (86%)
----------------- Invoking toplevel() on ptolemy.moml.MoMLSimpleApplication@321457de
----------------- Done invoking toplevel() on ptolemy.moml.MoMLSimpleApplication@321457de
reloadAllAccessors: .ExpressionConcatenateArrayType

===========================================================================================
----------------- testing Tue Oct 13 15:49:10 UTC 2020 /home/travis/build/icyphy/ptII/ptolemy/actor/lib/test/auto/ExpressionConcatenateArrayType2.xml
----------------- Instantiating /home/travis/build/icyphy/ptII/ptolemy/actor/lib/test/auto/ExpressionConcatenateArrayType2.xml
2 ms. Memory: 677888K Free: 575785K (85%)
----------------- Invoking toplevel() on ptolemy.moml.MoMLSimpleApplication@507cd19e
----------------- Done invoking toplevel() on ptolemy.moml.MoMLSimpleApplication@507cd19e
reloadAllAccessors: .ExpressionConcatenateArrayType2

===========================================================================================
----------------- testing Tue Oct 13 15:49:10 UTC 2020 /home/travis/build/icyphy/ptII/ptolemy/actor/lib/test/auto/ExpressionFix.xml
----------------- Instantiating /home/travis/build/icyphy/ptII/ptolemy/actor/lib/test/auto/ExpressionFix.xml
21 ms. Memory: 677888K Free: 569131K (84%)
----------------- Invoking toplevel() on ptolemy.moml.MoMLSimpleApplication@6aa6dacc
----------------- Done invoking toplevel() on ptolemy.moml.MoMLSimpleApplication@6aa6dacc
reloadAllAccessors: .ExpressionFix

===========================================================================================
----------------- testing Tue Oct 13 15:49:10 UTC 2020 /home/travis/build/icyphy/ptII/ptolemy/actor/lib/test/auto/ExpressionFix2.xml
----------------- Instantiating /home/travis/build/icyphy/ptII/ptolemy/actor/lib/test/auto/ExpressionFix2.xml
4 ms. Memory: 677888K Free: 565035K (83%)
----------------- Invoking toplevel() on ptolemy.moml.MoMLSimpleApplication@3e00e657
----------------- Done invoking toplevel() on ptolemy.moml.MoMLSimpleApplication@3e00e657
reloadAllAccessors: .ExpressionFix2

===========================================================================================
----------------- testing Tue Oct 13 15:49:10 UTC 2020 /home/travis/build/icyphy/ptII/ptolemy/actor/lib/test/auto/ExpressionFix3.xml
----------------- Instantiating /home/travis/build/icyphy/ptII/ptolemy/actor/lib/test/auto/ExpressionFix3.xml
2 ms. Memory: 677888K Free: 560939K (83%)
----------------- Invoking toplevel() on ptolemy.moml.MoMLSimpleApplication@70aa71fd
----------------- Done invoking toplevel() on ptolemy.moml.MoMLSimpleApplication@70aa71fd
reloadAllAccessors: .ExpressionFix3

===========================================================================================
----------------- testing Tue Oct 13 15:49:10 UTC 2020 /home/travis/build/icyphy/ptII/ptolemy/actor/lib/test/auto/FileWriter1.xml
----------------- Instantiating /home/travis/build/icyphy/ptII/ptolemy/actor/lib/test/auto/FileWriter1.xml
2 ms. Memory: 677888K Free: 556843K (82%)
----------------- Invoking toplevel() on ptolemy.moml.MoMLSimpleApplication@48e7c0da
----------------- Done invoking toplevel() on ptolemy.moml.MoMLSimpleApplication@48e7c0da
reloadAllAccessors: .FileWriter1

===========================================================================================
----------------- testing Tue Oct 13 15:49:10 UTC 2020 /home/travis/build/icyphy/ptII/ptolemy/actor/lib/test/auto/FileWriter2.xml
----------------- Instantiating /home/travis/build/icyphy/ptII/ptolemy/actor/lib/test/auto/FileWriter2.xml
5 ms. Memory: 677888K Free: 552219K (81%)
----------------- Invoking toplevel() on ptolemy.moml.MoMLSimpleApplication@36d7eb42
----------------- Done invoking toplevel() on ptolemy.moml.MoMLSimpleApplication@36d7eb42
reloadAllAccessors: .FileWriter2

===========================================================================================
----------------- testing Tue Oct 13 15:49:10 UTC 2020 /home/travis/build/icyphy/ptII/ptolemy/actor/lib/test/auto/FileWriter3.xml
----------------- Instantiating /home/travis/build/icyphy/ptII/ptolemy/actor/lib/test/auto/FileWriter3.xml
2 ms. Memory: 677888K Free: 548137K (81%)
----------------- Invoking toplevel() on ptolemy.moml.MoMLSimpleApplication@929fb72
----------------- Done invoking toplevel() on ptolemy.moml.MoMLSimpleApplication@929fb72
reloadAllAccessors: .FileWriter3

===========================================================================================
----------------- testing Tue Oct 13 15:49:10 UTC 2020 /home/travis/build/icyphy/ptII/ptolemy/actor/lib/test/auto/Gaussian.xml
----------------- Instantiating /home/travis/build/icyphy/ptII/ptolemy/actor/lib/test/auto/Gaussian.xml
3 ms. Memory: 677888K Free: 543531K (80%)
----------------- Invoking toplevel() on ptolemy.moml.MoMLSimpleApplication@2dc46341
----------------- Done invoking toplevel() on ptolemy.moml.MoMLSimpleApplication@2dc46341
reloadAllAccessors: .Gaussian

===========================================================================================
----------------- testing Tue Oct 13 15:49:10 UTC 2020 /home/travis/build/icyphy/ptII/ptolemy/actor/lib/test/auto/Gaussian1.xml
----------------- Instantiating /home/travis/build/icyphy/ptII/ptolemy/actor/lib/test/auto/Gaussian1.xml
3 ms. Memory: 677888K Free: 537891K (79%)
----------------- Invoking toplevel() on ptolemy.moml.MoMLSimpleApplication@2c07c739
----------------- Done invoking toplevel() on ptolemy.moml.MoMLSimpleApplication@2c07c739
reloadAllAccessors: .Gaussian1

===========================================================================================
----------------- testing Tue Oct 13 15:49:10 UTC 2020 /home/travis/build/icyphy/ptII/ptolemy/actor/lib/test/auto/Gaussian2.xml
----------------- Instantiating /home/travis/build/icyphy/ptII/ptolemy/actor/lib/test/auto/Gaussian2.xml
10 ms. Memory: 677888K Free: 532267K (79%)
----------------- Invoking toplevel() on ptolemy.moml.MoMLSimpleApplication@40f69432
----------------- Done invoking toplevel() on ptolemy.moml.MoMLSimpleApplication@40f69432
reloadAllAccessors: .Gaussian2

===========================================================================================
----------------- testing Tue Oct 13 15:49:10 UTC 2020 /home/travis/build/icyphy/ptII/ptolemy/actor/lib/test/auto/GradientAdaptiveLattice.xml
----------------- Instantiating /home/travis/build/icyphy/ptII/ptolemy/actor/lib/test/auto/GradientAdaptiveLattice.xml
2 ms. Memory: 677888K Free: 527657K (78%)
----------------- Invoking toplevel() on ptolemy.moml.MoMLSimpleApplication@53a3cc93
----------------- Done invoking toplevel() on ptolemy.moml.MoMLSimpleApplication@53a3cc93
reloadAllAccessors: .GradientAdaptiveLattice

===========================================================================================
----------------- testing Tue Oct 13 15:49:10 UTC 2020 /home/travis/build/icyphy/ptII/ptolemy/actor/lib/test/auto/IIR.xml
----------------- Instantiating /home/travis/build/icyphy/ptII/ptolemy/actor/lib/test/auto/IIR.xml
2 ms. Memory: 677888K Free: 523051K (77%)
----------------- Invoking toplevel() on ptolemy.moml.MoMLSimpleApplication@4e3944ef
----------------- Done invoking toplevel() on ptolemy.moml.MoMLSimpleApplication@4e3944ef
reloadAllAccessors: .IIR

===========================================================================================
----------------- testing Tue Oct 13 15:49:10 UTC 2020 /home/travis/build/icyphy/ptII/ptolemy/actor/lib/test/auto/InputOutputTransparentPorts.xml
----------------- Instantiating /home/travis/build/icyphy/ptII/ptolemy/actor/lib/test/auto/InputOutputTransparentPorts.xml
2 ms. Memory: 677888K Free: 515883K (76%)
----------------- Invoking toplevel() on ptolemy.moml.MoMLSimpleApplication@3ea55c2f
----------------- Done invoking toplevel() on ptolemy.moml.MoMLSimpleApplication@3ea55c2f
reloadAllAccessors: .InputOutputTransparentPorts

===========================================================================================
----------------- testing Tue Oct 13 15:49:10 UTC 2020 /home/travis/build/icyphy/ptII/ptolemy/actor/lib/test/auto/Interpolator.xml
----------------- Instantiating /home/travis/build/icyphy/ptII/ptolemy/actor/lib/test/auto/Interpolator.xml
4 ms. Memory: 677888K Free: 511273K (75%)
----------------- Invoking toplevel() on ptolemy.moml.MoMLSimpleApplication@7136166d
----------------- Done invoking toplevel() on ptolemy.moml.MoMLSimpleApplication@7136166d
reloadAllAccessors: .Interpolator

===========================================================================================
----------------- testing Tue Oct 13 15:49:10 UTC 2020 /home/travis/build/icyphy/ptII/ptolemy/actor/lib/test/auto/InterpolatorFiringLimitDE.xml
----------------- Instantiating /home/travis/build/icyphy/ptII/ptolemy/actor/lib/test/auto/InterpolatorFiringLimitDE.xml
2 ms. Memory: 677888K Free: 505129K (75%)
----------------- Invoking toplevel() on ptolemy.moml.MoMLSimpleApplication@673b0e18
----------------- Done invoking toplevel() on ptolemy.moml.MoMLSimpleApplication@673b0e18
reloadAllAccessors: .InterpolatorFiringLimitDE

===========================================================================================
----------------- testing Tue Oct 13 15:49:10 UTC 2020 /home/travis/build/icyphy/ptII/ptolemy/actor/lib/test/auto/Lattice.xml
----------------- Instantiating /home/travis/build/icyphy/ptII/ptolemy/actor/lib/test/auto/Lattice.xml
1 ms. Memory: 677888K Free: 501033K (74%)
----------------- Invoking toplevel() on ptolemy.moml.MoMLSimpleApplication@5c8b8e32
----------------- Done invoking toplevel() on ptolemy.moml.MoMLSimpleApplication@5c8b8e32
reloadAllAccessors: .Lattice

===========================================================================================
----------------- testing Tue Oct 13 15:49:10 UTC 2020 /home/travis/build/icyphy/ptII/ptolemy/actor/lib/test/auto/LazyAOCTestLazy.xml
----------------- Instantiating /home/travis/build/icyphy/ptII/ptolemy/actor/lib/test/auto/LazyAOCTestLazy.xml
14 ms. Memory: 677888K Free: 494889K (73%)
----------------- Invoking toplevel() on ptolemy.moml.MoMLSimpleApplication@9f955f6
----------------- Done invoking toplevel() on ptolemy.moml.MoMLSimpleApplication@9f955f6
reloadAllAccessors: .LazyAOCTestLazy

===========================================================================================
----------------- testing Tue Oct 13 15:49:10 UTC 2020 /home/travis/build/icyphy/ptII/ptolemy/actor/lib/test/auto/LazyAOCTestNonLazy.xml
----------------- Instantiating /home/travis/build/icyphy/ptII/ptolemy/actor/lib/test/auto/LazyAOCTestNonLazy.xml
2 ms. Memory: 677888K Free: 489259K (72%)
----------------- Invoking toplevel() on ptolemy.moml.MoMLSimpleApplication@794d4d56
----------------- Done invoking toplevel() on ptolemy.moml.MoMLSimpleApplication@794d4d56
reloadAllAccessors: .LazyAOCTestNonLazy

===========================================================================================
----------------- testing Tue Oct 13 15:49:10 UTC 2020 /home/travis/build/icyphy/ptII/ptolemy/actor/lib/test/auto/LazyInnerClass.xml
----------------- Instantiating /home/travis/build/icyphy/ptII/ptolemy/actor/lib/test/auto/LazyInnerClass.xml
23 ms. Memory: 677888K Free: 480553K (71%)
----------------- Invoking toplevel() on ptolemy.moml.MoMLSimpleApplication@2734bbff
----------------- Done invoking toplevel() on ptolemy.moml.MoMLSimpleApplication@2734bbff
reloadAllAccessors: .LazyInnerClass

===========================================================================================
----------------- testing Tue Oct 13 15:49:10 UTC 2020 /home/travis/build/icyphy/ptII/ptolemy/actor/lib/test/auto/LazyPubSub.xml
----------------- Instantiating /home/travis/build/icyphy/ptII/ptolemy/actor/lib/test/auto/LazyPubSub.xml
18 ms. Memory: 677888K Free: 470313K (69%)
----------------- Invoking toplevel() on ptolemy.moml.MoMLSimpleApplication@33aa5661
----------------- Done invoking toplevel() on ptolemy.moml.MoMLSimpleApplication@33aa5661
reloadAllAccessors: .LazyPubSub

===========================================================================================
----------------- testing Tue Oct 13 15:49:11 UTC 2020 /home/travis/build/icyphy/ptII/ptolemy/actor/lib/test/auto/LazyPubSub2.xml
----------------- Instantiating /home/travis/build/icyphy/ptII/ptolemy/actor/lib/test/auto/LazyPubSub2.xml
19 ms. Memory: 677888K Free: 460073K (68%)
----------------- Invoking toplevel() on ptolemy.moml.MoMLSimpleApplication@49febd6e
----------------- Done invoking toplevel() on ptolemy.moml.MoMLSimpleApplication@49febd6e
reloadAllAccessors: .LazyPubSub2

===========================================================================================
----------------- testing Tue Oct 13 15:49:11 UTC 2020 /home/travis/build/icyphy/ptII/ptolemy/actor/lib/test/auto/LazyPubSub3.xml
----------------- Instantiating /home/travis/build/icyphy/ptII/ptolemy/actor/lib/test/auto/LazyPubSub3.xml
10 ms. Memory: 677888K Free: 449833K (66%)
----------------- Invoking toplevel() on ptolemy.moml.MoMLSimpleApplication@1a813573
----------------- Done invoking toplevel() on ptolemy.moml.MoMLSimpleApplication@1a813573
reloadAllAccessors: .LazyPubSub3

===========================================================================================
----------------- testing Tue Oct 13 15:49:11 UTC 2020 /home/travis/build/icyphy/ptII/ptolemy/actor/lib/test/auto/LazySubClassModel.xml
----------------- Instantiating /home/travis/build/icyphy/ptII/ptolemy/actor/lib/test/auto/LazySubClassModel.xml
3 ms. Memory: 677888K Free: 440617K (65%)
----------------- Invoking toplevel() on ptolemy.moml.MoMLSimpleApplication@91c9740
----------------- Done invoking toplevel() on ptolemy.moml.MoMLSimpleApplication@91c9740
reloadAllAccessors: .LazySubClassModel

===========================================================================================
----------------- testing Tue Oct 13 15:49:11 UTC 2020 /home/travis/build/icyphy/ptII/ptolemy/actor/lib/test/auto/LevelCrossTest1.xml
----------------- Instantiating /home/travis/build/icyphy/ptII/ptolemy/actor/lib/test/auto/LevelCrossTest1.xml
1 ms. Memory: 677888K Free: 434987K (64%)
----------------- Invoking toplevel() on ptolemy.moml.MoMLSimpleApplication@3af02344
----------------- Done invoking toplevel() on ptolemy.moml.MoMLSimpleApplication@3af02344
reloadAllAccessors: .broken

===========================================================================================
----------------- testing Tue Oct 13 15:49:11 UTC 2020 /home/travis/build/icyphy/ptII/ptolemy/actor/lib/test/auto/LevelCrossTest10.xml
----------------- Instantiating /home/travis/build/icyphy/ptII/ptolemy/actor/lib/test/auto/LevelCrossTest10.xml
1 ms. Memory: 677888K Free: 426795K (63%)
----------------- Invoking toplevel() on ptolemy.moml.MoMLSimpleApplication@2ceada83
----------------- Done invoking toplevel() on ptolemy.moml.MoMLSimpleApplication@2ceada83
reloadAllAccessors: .LevelCrossTest10

===========================================================================================
----------------- testing Tue Oct 13 15:49:11 UTC 2020 /home/travis/build/icyphy/ptII/ptolemy/actor/lib/test/auto/LevelCrossTest11.xml
----------------- Instantiating /home/travis/build/icyphy/ptII/ptolemy/actor/lib/test/auto/LevelCrossTest11.xml
1 ms. Memory: 677888K Free: 420651K (62%)
----------------- Invoking toplevel() on ptolemy.moml.MoMLSimpleApplication@5a85be66
----------------- Done invoking toplevel() on ptolemy.moml.MoMLSimpleApplication@5a85be66
reloadAllAccessors: .LevelCrossTest11

===========================================================================================
----------------- testing Tue Oct 13 15:49:11 UTC 2020 /home/travis/build/icyphy/ptII/ptolemy/actor/lib/test/auto/LevelCrossTest12.xml
----------------- Instantiating /home/travis/build/icyphy/ptII/ptolemy/actor/lib/test/auto/LevelCrossTest12.xml
3 ms. Memory: 677888K Free: 413993K (61%)
----------------- Invoking toplevel() on ptolemy.moml.MoMLSimpleApplication@abd9755
----------------- Done invoking toplevel() on ptolemy.moml.MoMLSimpleApplication@abd9755
reloadAllAccessors: .LevelCrossTest12

===========================================================================================
----------------- testing Tue Oct 13 15:49:11 UTC 2020 /home/travis/build/icyphy/ptII/ptolemy/actor/lib/test/auto/LevelCrossTest13.xml
----------------- Instantiating /home/travis/build/icyphy/ptII/ptolemy/actor/lib/test/auto/LevelCrossTest13.xml
2 ms. Memory: 677888K Free: 406315K (60%)
----------------- Invoking toplevel() on ptolemy.moml.MoMLSimpleApplication@28a4f62f
----------------- Done invoking toplevel() on ptolemy.moml.MoMLSimpleApplication@28a4f62f
reloadAllAccessors: .LevelCrossTest13

===========================================================================================
----------------- testing Tue Oct 13 15:49:11 UTC 2020 /home/travis/build/icyphy/ptII/ptolemy/actor/lib/test/auto/LevelCrossTest2.xml
----------------- Instantiating /home/travis/build/icyphy/ptII/ptolemy/actor/lib/test/auto/LevelCrossTest2.xml
2 ms. Memory: 677888K Free: 400681K (59%)
----------------- Invoking toplevel() on ptolemy.moml.MoMLSimpleApplication@62ef053a
----------------- Done invoking toplevel() on ptolemy.moml.MoMLSimpleApplication@62ef053a
reloadAllAccessors: .broken

===========================================================================================
----------------- testing Tue Oct 13 15:49:11 UTC 2020 /home/travis/build/icyphy/ptII/ptolemy/actor/lib/test/auto/LevelCrossTest3.xml
----------------- Instantiating /home/travis/build/icyphy/ptII/ptolemy/actor/lib/test/auto/LevelCrossTest3.xml
2 ms. Memory: 677888K Free: 394027K (58%)
----------------- Invoking toplevel() on ptolemy.moml.MoMLSimpleApplication@3689b745
----------------- Done invoking toplevel() on ptolemy.moml.MoMLSimpleApplication@3689b745
reloadAllAccessors: .LevelCrossTest3

===========================================================================================
----------------- testing Tue Oct 13 15:49:11 UTC 2020 /home/travis/build/icyphy/ptII/ptolemy/actor/lib/test/auto/LevelCrossTest4.xml
----------------- Instantiating /home/travis/build/icyphy/ptII/ptolemy/actor/lib/test/auto/LevelCrossTest4.xml
1 ms. Memory: 677888K Free: 388907K (57%)
----------------- Invoking toplevel() on ptolemy.moml.MoMLSimpleApplication@2f0e891f
----------------- Done invoking toplevel() on ptolemy.moml.MoMLSimpleApplication@2f0e891f
reloadAllAccessors: .broken

===========================================================================================
----------------- testing Tue Oct 13 15:49:11 UTC 2020 /home/travis/build/icyphy/ptII/ptolemy/actor/lib/test/auto/LevelCrossTest5.xml
----------------- Instantiating /home/travis/build/icyphy/ptII/ptolemy/actor/lib/test/auto/LevelCrossTest5.xml
1 ms. Memory: 677888K Free: 382763K (56%)
----------------- Invoking toplevel() on ptolemy.moml.MoMLSimpleApplication@6ee39f5d
----------------- Done invoking toplevel() on ptolemy.moml.MoMLSimpleApplication@6ee39f5d
reloadAllAccessors: .LevelCrossTest5

===========================================================================================
----------------- testing Tue Oct 13 15:49:11 UTC 2020 /home/travis/build/icyphy/ptII/ptolemy/actor/lib/test/auto/LevelCrossTest6.xml
----------------- Instantiating /home/travis/build/icyphy/ptII/ptolemy/actor/lib/test/auto/LevelCrossTest6.xml
0 ms. Memory: 677888K Free: 375081K (55%)
----------------- Invoking toplevel() on ptolemy.moml.MoMLSimpleApplication@11189ba6
----------------- Done invoking toplevel() on ptolemy.moml.MoMLSimpleApplication@11189ba6
reloadAllAccessors: .LevelCrossTest6

===========================================================================================
----------------- testing Tue Oct 13 15:49:11 UTC 2020 /home/travis/build/icyphy/ptII/ptolemy/actor/lib/test/auto/LevelCrossTest7.xml
----------------- Instantiating /home/travis/build/icyphy/ptII/ptolemy/actor/lib/test/auto/LevelCrossTest7.xml
8 ms. Memory: 677888K Free: 367403K (54%)
----------------- Invoking toplevel() on ptolemy.moml.MoMLSimpleApplication@72cedbff
----------------- Done invoking toplevel() on ptolemy.moml.MoMLSimpleApplication@72cedbff
reloadAllAccessors: .LevelCrossTest7

===========================================================================================
----------------- testing Tue Oct 13 15:49:11 UTC 2020 /home/travis/build/icyphy/ptII/ptolemy/actor/lib/test/auto/LevelCrossTest8.xml
----------------- Instantiating /home/travis/build/icyphy/ptII/ptolemy/actor/lib/test/auto/LevelCrossTest8.xml
1 ms. Memory: 677888K Free: 360235K (53%)
----------------- Invoking toplevel() on ptolemy.moml.MoMLSimpleApplication@13186b63
----------------- Done invoking toplevel() on ptolemy.moml.MoMLSimpleApplication@13186b63
reloadAllAccessors: .LevelCrossTest8

===========================================================================================
----------------- testing Tue Oct 13 15:49:11 UTC 2020 /home/travis/build/icyphy/ptII/ptolemy/actor/lib/test/auto/LevelCrossTest9.xml
----------------- Instantiating /home/travis/build/icyphy/ptII/ptolemy/actor/lib/test/auto/LevelCrossTest9.xml
1 ms. Memory: 677888K Free: 352553K (52%)
----------------- Invoking toplevel() on ptolemy.moml.MoMLSimpleApplication@59d95a41
----------------- Done invoking toplevel() on ptolemy.moml.MoMLSimpleApplication@59d95a41
reloadAllAccessors: .LevelCrossTest9

===========================================================================================
----------------- testing Tue Oct 13 15:49:11 UTC 2020 /home/travis/build/icyphy/ptII/ptolemy/actor/lib/test/auto/LevinsonDurbin.xml
----------------- Instantiating /home/travis/build/icyphy/ptII/ptolemy/actor/lib/test/auto/LevinsonDurbin.xml
1 ms. Memory: 677888K Free: 348971K (51%)
----------------- Invoking toplevel() on ptolemy.moml.MoMLSimpleApplication@65a607ba
----------------- Done invoking toplevel() on ptolemy.moml.MoMLSimpleApplication@65a607ba
reloadAllAccessors: .LevinsonDurbin

===========================================================================================
----------------- testing Tue Oct 13 15:49:11 UTC 2020 /home/travis/build/icyphy/ptII/ptolemy/actor/lib/test/auto/LevinsonDurbin2.xml
----------------- Instantiating /home/travis/build/icyphy/ptII/ptolemy/actor/lib/test/auto/LevinsonDurbin2.xml
1 ms. Memory: 677888K Free: 344875K (51%)
----------------- Invoking toplevel() on ptolemy.moml.MoMLSimpleApplication@2ded177e
----------------- Done invoking toplevel() on ptolemy.moml.MoMLSimpleApplication@2ded177e
reloadAllAccessors: .LevinsonDurbin2

===========================================================================================
----------------- testing Tue Oct 13 15:49:11 UTC 2020 /home/travis/build/icyphy/ptII/ptolemy/actor/lib/test/auto/LevinsonDurbin3.xml
----------------- Instantiating /home/travis/build/icyphy/ptII/ptolemy/actor/lib/test/auto/LevinsonDurbin3.xml
4 ms. Memory: 677888K Free: 340779K (50%)
----------------- Invoking toplevel() on ptolemy.moml.MoMLSimpleApplication@2585e32f
----------------- Done invoking toplevel() on ptolemy.moml.MoMLSimpleApplication@2585e32f
reloadAllAccessors: .LevinsonDurbin3

===========================================================================================
----------------- testing Tue Oct 13 15:49:11 UTC 2020 /home/travis/build/icyphy/ptII/ptolemy/actor/lib/test/auto/Limiter.xml
----------------- Instantiating /home/travis/build/icyphy/ptII/ptolemy/actor/lib/test/auto/Limiter.xml
5 ms. Memory: 677888K Free: 331563K (49%)
----------------- Invoking toplevel() on ptolemy.moml.MoMLSimpleApplication@7a2c1f5c
----------------- Done invoking toplevel() on ptolemy.moml.MoMLSimpleApplication@7a2c1f5c
reloadAllAccessors: .Limiter

===========================================================================================
----------------- testing Tue Oct 13 15:49:11 UTC 2020 /home/travis/build/icyphy/ptII/ptolemy/actor/lib/test/auto/LinearDifferenceEquationSystem.xml
----------------- Instantiating /home/travis/build/icyphy/ptII/ptolemy/actor/lib/test/auto/LinearDifferenceEquationSystem.xml
4 ms. Memory: 677888K Free: 324395K (48%)
----------------- Invoking toplevel() on ptolemy.moml.MoMLSimpleApplication@71bb9a8b
----------------- Done invoking toplevel() on ptolemy.moml.MoMLSimpleApplication@71bb9a8b
reloadAllAccessors: .LinearDifferenceEquationSystem

===========================================================================================
----------------- testing Tue Oct 13 15:49:11 UTC 2020 /home/travis/build/icyphy/ptII/ptolemy/actor/lib/test/auto/LookupTable.xml
----------------- Instantiating /home/travis/build/icyphy/ptII/ptolemy/actor/lib/test/auto/LookupTable.xml
1 ms. Memory: 677888K Free: 319785K (47%)
----------------- Invoking toplevel() on ptolemy.moml.MoMLSimpleApplication@911bd13
----------------- Done invoking toplevel() on ptolemy.moml.MoMLSimpleApplication@911bd13
reloadAllAccessors: .LookupTable

===========================================================================================
----------------- testing Tue Oct 13 15:49:11 UTC 2020 /home/travis/build/icyphy/ptII/ptolemy/actor/lib/test/auto/MathFunction.xml
----------------- Instantiating /home/travis/build/icyphy/ptII/ptolemy/actor/lib/test/auto/MathFunction.xml
2 ms. Memory: 677888K Free: 311593K (46%)
----------------- Invoking toplevel() on ptolemy.moml.MoMLSimpleApplication@42b4062f
----------------- Done invoking toplevel() on ptolemy.moml.MoMLSimpleApplication@42b4062f
reloadAllAccessors: .MathFunction

===========================================================================================
----------------- testing Tue Oct 13 15:49:11 UTC 2020 /home/travis/build/icyphy/ptII/ptolemy/actor/lib/test/auto/MathFunction2.xml
----------------- Instantiating /home/travis/build/icyphy/ptII/ptolemy/actor/lib/test/auto/MathFunction2.xml
8 ms. Memory: 677888K Free: 307497K (45%)
----------------- Invoking toplevel() on ptolemy.moml.MoMLSimpleApplication@44c0ac42
----------------- Done invoking toplevel() on ptolemy.moml.MoMLSimpleApplication@44c0ac42
reloadAllAccessors: .MathFunction2

===========================================================================================
----------------- testing Tue Oct 13 15:49:11 UTC 2020 /home/travis/build/icyphy/ptII/ptolemy/actor/lib/test/auto/MathFunction3.xml
----------------- Instantiating /home/travis/build/icyphy/ptII/ptolemy/actor/lib/test/auto/MathFunction3.xml
2 ms. Memory: 677888K Free: 300329K (44%)
----------------- Invoking toplevel() on ptolemy.moml.MoMLSimpleApplication@62647f8a
----------------- Done invoking toplevel() on ptolemy.moml.MoMLSimpleApplication@62647f8a
reloadAllAccessors: .MathFunction3

===========================================================================================
----------------- testing Tue Oct 13 15:49:11 UTC 2020 /home/travis/build/icyphy/ptII/ptolemy/actor/lib/test/auto/MatrixCropBoolean.xml
----------------- Instantiating /home/travis/build/icyphy/ptII/ptolemy/actor/lib/test/auto/MatrixCropBoolean.xml
3 ms. Memory: 677888K Free: 295179K (44%)
----------------- Invoking toplevel() on ptolemy.moml.MoMLSimpleApplication@2ccae57e
----------------- Done invoking toplevel() on ptolemy.moml.MoMLSimpleApplication@2ccae57e
reloadAllAccessors: .MatrixCropBoolean

===========================================================================================
----------------- testing Tue Oct 13 15:49:11 UTC 2020 /home/travis/build/icyphy/ptII/ptolemy/actor/lib/test/auto/MatrixCropComplex.xml
----------------- Instantiating /home/travis/build/icyphy/ptII/ptolemy/actor/lib/test/auto/MatrixCropComplex.xml
2 ms. Memory: 677888K Free: 290059K (43%)
----------------- Invoking toplevel() on ptolemy.moml.MoMLSimpleApplication@729e31ce
----------------- Done invoking toplevel() on ptolemy.moml.MoMLSimpleApplication@729e31ce
reloadAllAccessors: .MatrixCropComplex

===========================================================================================
----------------- testing Tue Oct 13 15:49:11 UTC 2020 /home/travis/build/icyphy/ptII/ptolemy/actor/lib/test/auto/MatrixCropDouble.xml
----------------- Instantiating /home/travis/build/icyphy/ptII/ptolemy/actor/lib/test/auto/MatrixCropDouble.xml
2 ms. Memory: 677888K Free: 284955K (42%)
----------------- Invoking toplevel() on ptolemy.moml.MoMLSimpleApplication@587f199e
----------------- Done invoking toplevel() on ptolemy.moml.MoMLSimpleApplication@587f199e
reloadAllAccessors: .MatrixCropDouble

===========================================================================================
----------------- testing Tue Oct 13 15:49:11 UTC 2020 /home/travis/build/icyphy/ptII/ptolemy/actor/lib/test/auto/MatrixCropFix.xml
----------------- Instantiating /home/travis/build/icyphy/ptII/ptolemy/actor/lib/test/auto/MatrixCropFix.xml
1 ms. Memory: 677888K Free: 279843K (41%)
----------------- Invoking toplevel() on ptolemy.moml.MoMLSimpleApplication@55e43833
----------------- Done invoking toplevel() on ptolemy.moml.MoMLSimpleApplication@55e43833
reloadAllAccessors: .MatrixCropFix

===========================================================================================
----------------- testing Tue Oct 13 15:49:11 UTC 2020 /home/travis/build/icyphy/ptII/ptolemy/actor/lib/test/auto/MatrixCropInt.xml
----------------- Instantiating /home/travis/build/icyphy/ptII/ptolemy/actor/lib/test/auto/MatrixCropInt.xml
1 ms. Memory: 677888K Free: 274715K (41%)
----------------- Invoking toplevel() on ptolemy.moml.MoMLSimpleApplication@2cda1fff
----------------- Done invoking toplevel() on ptolemy.moml.MoMLSimpleApplication@2cda1fff
reloadAllAccessors: .MatrixCropInt

===========================================================================================
----------------- testing Tue Oct 13 15:49:11 UTC 2020 /home/travis/build/icyphy/ptII/ptolemy/actor/lib/test/auto/MatrixCropLong.xml
----------------- Instantiating /home/travis/build/icyphy/ptII/ptolemy/actor/lib/test/auto/MatrixCropLong.xml
1 ms. Memory: 677888K Free: 269579K (40%)
----------------- Invoking toplevel() on ptolemy.moml.MoMLSimpleApplication@28443342
----------------- Done invoking toplevel() on ptolemy.moml.MoMLSimpleApplication@28443342
reloadAllAccessors: .MatrixCropLong

===========================================================================================
----------------- testing Tue Oct 13 15:49:11 UTC 2020 /home/travis/build/icyphy/ptII/ptolemy/actor/lib/test/auto/MatrixToArray.xml
----------------- Instantiating /home/travis/build/icyphy/ptII/ptolemy/actor/lib/test/auto/MatrixToArray.xml
6 ms. Memory: 677888K Free: 254249K (38%)
----------------- Invoking toplevel() on ptolemy.moml.MoMLSimpleApplication@22e0a0e8
----------------- Done invoking toplevel() on ptolemy.moml.MoMLSimpleApplication@22e0a0e8
reloadAllAccessors: .MatrixToArray

===========================================================================================
----------------- testing Tue Oct 13 15:49:11 UTC 2020 /home/travis/build/icyphy/ptII/ptolemy/actor/lib/test/auto/MaxIndex.xml
----------------- Instantiating /home/travis/build/icyphy/ptII/ptolemy/actor/lib/test/auto/MaxIndex.xml
1 ms. Memory: 677888K Free: 249129K (37%)
----------------- Invoking toplevel() on ptolemy.moml.MoMLSimpleApplication@642b52da
----------------- Done invoking toplevel() on ptolemy.moml.MoMLSimpleApplication@642b52da
reloadAllAccessors: .MaxIndex

===========================================================================================
----------------- testing Tue Oct 13 15:49:11 UTC 2020 /home/travis/build/icyphy/ptII/ptolemy/actor/lib/test/auto/Maximum.xml
----------------- Instantiating /home/travis/build/icyphy/ptII/ptolemy/actor/lib/test/auto/Maximum.xml
7 ms. Memory: 677888K Free: 242475K (36%)
----------------- Invoking toplevel() on ptolemy.moml.MoMLSimpleApplication@fbf7c71
----------------- Done invoking toplevel() on ptolemy.moml.MoMLSimpleApplication@fbf7c71
reloadAllAccessors: .Maximum

===========================================================================================
----------------- testing Tue Oct 13 15:49:11 UTC 2020 /home/travis/build/icyphy/ptII/ptolemy/actor/lib/test/auto/MaximumComplex.xml
----------------- Instantiating /home/travis/build/icyphy/ptII/ptolemy/actor/lib/test/auto/MaximumComplex.xml
4 ms. Memory: 677888K Free: 236331K (35%)
----------------- Invoking toplevel() on ptolemy.moml.MoMLSimpleApplication@78ed4de3
----------------- Done invoking toplevel() on ptolemy.moml.MoMLSimpleApplication@78ed4de3
reloadAllAccessors: .MaximumComplex

===========================================================================================
----------------- testing Tue Oct 13 15:49:11 UTC 2020 /home/travis/build/icyphy/ptII/ptolemy/actor/lib/test/auto/MethodCallTest.xml
----------------- Instantiating /home/travis/build/icyphy/ptII/ptolemy/actor/lib/test/auto/MethodCallTest.xml
2 ms. Memory: 677888K Free: 229673K (34%)
----------------- Invoking toplevel() on ptolemy.moml.MoMLSimpleApplication@26bbfd8
----------------- Done invoking toplevel() on ptolemy.moml.MoMLSimpleApplication@26bbfd8
reloadAllAccessors: .MethodCallTest

===========================================================================================
----------------- testing Tue Oct 13 15:49:11 UTC 2020 /home/travis/build/icyphy/ptII/ptolemy/actor/lib/test/auto/Minimum.xml
----------------- Instantiating /home/travis/build/icyphy/ptII/ptolemy/actor/lib/test/auto/Minimum.xml
11 ms. Memory: 677888K Free: 627408K (93%)
----------------- Invoking toplevel() on ptolemy.moml.MoMLSimpleApplication@540b0575
----------------- Done invoking toplevel() on ptolemy.moml.MoMLSimpleApplication@540b0575
reloadAllAccessors: .Minimum

===========================================================================================
----------------- testing Tue Oct 13 15:49:11 UTC 2020 /home/travis/build/icyphy/ptII/ptolemy/actor/lib/test/auto/MinimumComplex.xml
----------------- Instantiating /home/travis/build/icyphy/ptII/ptolemy/actor/lib/test/auto/MinimumComplex.xml
2 ms. Memory: 677888K Free: 621056K (92%)
----------------- Invoking toplevel() on ptolemy.moml.MoMLSimpleApplication@3693b884
----------------- Done invoking toplevel() on ptolemy.moml.MoMLSimpleApplication@3693b884
reloadAllAccessors: .MinimumComplex

===========================================================================================
----------------- testing Tue Oct 13 15:49:11 UTC 2020 /home/travis/build/icyphy/ptII/ptolemy/actor/lib/test/auto/MinimumMultiports.xml
----------------- Instantiating /home/travis/build/icyphy/ptII/ptolemy/actor/lib/test/auto/MinimumMultiports.xml
4 ms. Memory: 677888K Free: 612343K (90%)
----------------- Invoking toplevel() on ptolemy.moml.MoMLSimpleApplication@2d77f696
----------------- Done invoking toplevel() on ptolemy.moml.MoMLSimpleApplication@2d77f696
reloadAllAccessors: .MinimumMultiports

===========================================================================================
----------------- testing Tue Oct 13 15:49:11 UTC 2020 /home/travis/build/icyphy/ptII/ptolemy/actor/lib/test/auto/ModifyDate.xml
----------------- Instantiating /home/travis/build/icyphy/ptII/ptolemy/actor/lib/test/auto/ModifyDate.xml
8 ms. Memory: 677888K Free: 599552K (88%)
----------------- Invoking toplevel() on ptolemy.moml.MoMLSimpleApplication@58040232
----------------- Done invoking toplevel() on ptolemy.moml.MoMLSimpleApplication@58040232
reloadAllAccessors: .ModifyDate

===========================================================================================
----------------- testing Tue Oct 13 15:49:11 UTC 2020 /home/travis/build/icyphy/ptII/ptolemy/actor/lib/test/auto/ModifyDate2.xml
----------------- Instantiating /home/travis/build/icyphy/ptII/ptolemy/actor/lib/test/auto/ModifyDate2.xml
3 ms. Memory: 677888K Free: 590846K (87%)
----------------- Invoking toplevel() on ptolemy.moml.MoMLSimpleApplication@557dd09d
----------------- Done invoking toplevel() on ptolemy.moml.MoMLSimpleApplication@557dd09d
reloadAllAccessors: .ModifyDate2

===========================================================================================
----------------- testing Tue Oct 13 15:49:11 UTC 2020 /home/travis/build/icyphy/ptII/ptolemy/actor/lib/test/auto/MovingAverage.xml
----------------- Instantiating /home/travis/build/icyphy/ptII/ptolemy/actor/lib/test/auto/MovingAverage.xml
1 ms. Memory: 677888K Free: 585726K (86%)
----------------- Invoking toplevel() on ptolemy.moml.MoMLSimpleApplication@7fdd6316
----------------- Done invoking toplevel() on ptolemy.moml.MoMLSimpleApplication@7fdd6316
reloadAllAccessors: .MovingAverage

===========================================================================================
----------------- testing Tue Oct 13 15:49:11 UTC 2020 /home/travis/build/icyphy/ptII/ptolemy/actor/lib/test/auto/MovingMaximum.xml
----------------- Instantiating /home/travis/build/icyphy/ptII/ptolemy/actor/lib/test/auto/MovingMaximum.xml
1 ms. Memory: 677888K Free: 581120K (86%)
----------------- Invoking toplevel() on ptolemy.moml.MoMLSimpleApplication@667979b9
----------------- Done invoking toplevel() on ptolemy.moml.MoMLSimpleApplication@667979b9
reloadAllAccessors: .MovingMaximum

===========================================================================================
----------------- testing Tue Oct 13 15:49:11 UTC 2020 /home/travis/build/icyphy/ptII/ptolemy/actor/lib/test/auto/MultipleLinksToSameRelation.xml
----------------- Instantiating /home/travis/build/icyphy/ptII/ptolemy/actor/lib/test/auto/MultipleLinksToSameRelation.xml
2 ms. Memory: 677888K Free: 577024K (85%)
----------------- Invoking toplevel() on ptolemy.moml.MoMLSimpleApplication@1952c0d6
----------------- Done invoking toplevel() on ptolemy.moml.MoMLSimpleApplication@1952c0d6
reloadAllAccessors: .MultipleLinksToSameRelation

===========================================================================================
----------------- testing Tue Oct 13 15:49:11 UTC 2020 /home/travis/build/icyphy/ptII/ptolemy/actor/lib/test/auto/MultipleLinksToSameRelationDE.xml
----------------- Instantiating /home/travis/build/icyphy/ptII/ptolemy/actor/lib/test/auto/MultipleLinksToSameRelationDE.xml
1 ms. Memory: 677888K Free: 572399K (84%)
----------------- Invoking toplevel() on ptolemy.moml.MoMLSimpleApplication@21603b49
----------------- Done invoking toplevel() on ptolemy.moml.MoMLSimpleApplication@21603b49
reloadAllAccessors: .MultipleLinksToSameRelationDE

===========================================================================================
----------------- testing Tue Oct 13 15:49:11 UTC 2020 /home/travis/build/icyphy/ptII/ptolemy/actor/lib/test/auto/Multiplexor.xml
----------------- Instantiating /home/travis/build/icyphy/ptII/ptolemy/actor/lib/test/auto/Multiplexor.xml
2 ms. Memory: 677888K Free: 566784K (84%)
----------------- Invoking toplevel() on ptolemy.moml.MoMLSimpleApplication@6a209720
----------------- Done invoking toplevel() on ptolemy.moml.MoMLSimpleApplication@6a209720
reloadAllAccessors: .Multiplexor

===========================================================================================
----------------- testing Tue Oct 13 15:49:11 UTC 2020 /home/travis/build/icyphy/ptII/ptolemy/actor/lib/test/auto/Multiplexor1.xml
----------------- Instantiating /home/travis/build/icyphy/ptII/ptolemy/actor/lib/test/auto/Multiplexor1.xml
2 ms. Memory: 677888K Free: 561119K (83%)
----------------- Invoking toplevel() on ptolemy.moml.MoMLSimpleApplication@72b14f9b
----------------- Done invoking toplevel() on ptolemy.moml.MoMLSimpleApplication@72b14f9b
reloadAllAccessors: .Multiplexor1

===========================================================================================
----------------- testing Tue Oct 13 15:49:11 UTC 2020 /home/travis/build/icyphy/ptII/ptolemy/actor/lib/test/auto/Multiplexor2.xml
----------------- Instantiating /home/travis/build/icyphy/ptII/ptolemy/actor/lib/test/auto/Multiplexor2.xml
2 ms. Memory: 677888K Free: 553982K (82%)
----------------- Invoking toplevel() on ptolemy.moml.MoMLSimpleApplication@ae4a5b3
----------------- Done invoking toplevel() on ptolemy.moml.MoMLSimpleApplication@ae4a5b3
reloadAllAccessors: .Multiplexor2

===========================================================================================
----------------- testing Tue Oct 13 15:49:12 UTC 2020 /home/travis/build/icyphy/ptII/ptolemy/actor/lib/test/auto/Multiplexor3.xml
----------------- Instantiating /home/travis/build/icyphy/ptII/ptolemy/actor/lib/test/auto/Multiplexor3.xml
2 ms. Memory: 677888K Free: 549886K (81%)
----------------- Invoking toplevel() on ptolemy.moml.MoMLSimpleApplication@5aef021d
----------------- Done invoking toplevel() on ptolemy.moml.MoMLSimpleApplication@5aef021d
reloadAllAccessors: .Multiplexor3

===========================================================================================
----------------- testing Tue Oct 13 15:49:12 UTC 2020 /home/travis/build/icyphy/ptII/ptolemy/actor/lib/test/auto/MultiplexorDE.xml
----------------- Instantiating /home/travis/build/icyphy/ptII/ptolemy/actor/lib/test/auto/MultiplexorDE.xml
2 ms. Memory: 677888K Free: 542208K (80%)
----------------- Invoking toplevel() on ptolemy.moml.MoMLSimpleApplication@3246e4de
----------------- Done invoking toplevel() on ptolemy.moml.MoMLSimpleApplication@3246e4de
reloadAllAccessors: .MultiplexorDE

===========================================================================================
----------------- testing Tue Oct 13 15:49:12 UTC 2020 /home/travis/build/icyphy/ptII/ptolemy/actor/lib/test/auto/MultiportBroadcastTest.xml
----------------- Instantiating /home/travis/build/icyphy/ptII/ptolemy/actor/lib/test/auto/MultiportBroadcastTest.xml
75 ms. Memory: 677888K Free: 536064K (79%)
----------------- Invoking toplevel() on ptolemy.moml.MoMLSimpleApplication@2d913b02
----------------- Done invoking toplevel() on ptolemy.moml.MoMLSimpleApplication@2d913b02
reloadAllAccessors: .MultiportBroadcastTest

===========================================================================================
----------------- testing Tue Oct 13 15:49:12 UTC 2020 /home/travis/build/icyphy/ptII/ptolemy/actor/lib/test/auto/MultiportOutHangDuringGetWidth.xml
----------------- Instantiating /home/travis/build/icyphy/ptII/ptolemy/actor/lib/test/auto/MultiportOutHangDuringGetWidth.xml
4 ms. Memory: 677888K Free: 524271K (77%)
----------------- Invoking toplevel() on ptolemy.moml.MoMLSimpleApplication@265804dd
----------------- Done invoking toplevel() on ptolemy.moml.MoMLSimpleApplication@265804dd
reloadAllAccessors: .MultiportOutHangDuringGetWidth

===========================================================================================
----------------- testing Tue Oct 13 15:49:12 UTC 2020 /home/travis/build/icyphy/ptII/ptolemy/actor/lib/test/auto/NilToken.xml
----------------- Instantiating /home/travis/build/icyphy/ptII/ptolemy/actor/lib/test/auto/NilToken.xml
0 ms. Memory: 677888K Free: 520190K (77%)
----------------- Invoking toplevel() on ptolemy.moml.MoMLSimpleApplication@4a0e5fad
----------------- Done invoking toplevel() on ptolemy.moml.MoMLSimpleApplication@4a0e5fad
reloadAllAccessors: .NilToken

===========================================================================================
----------------- testing Tue Oct 13 15:49:12 UTC 2020 /home/travis/build/icyphy/ptII/ptolemy/actor/lib/test/auto/NilTokenNonStrictTest.xml
----------------- Instantiating /home/travis/build/icyphy/ptII/ptolemy/actor/lib/test/auto/NilTokenNonStrictTest.xml
2 ms. Memory: 677888K Free: 515070K (76%)
----------------- Invoking toplevel() on ptolemy.moml.MoMLSimpleApplication@7f324a94
----------------- Done invoking toplevel() on ptolemy.moml.MoMLSimpleApplication@7f324a94
reloadAllAccessors: .NilTokenNonStrictTest

===========================================================================================
----------------- testing Tue Oct 13 15:49:12 UTC 2020 /home/travis/build/icyphy/ptII/ptolemy/actor/lib/test/auto/NilTokenRecord.xml
----------------- Instantiating /home/travis/build/icyphy/ptII/ptolemy/actor/lib/test/auto/NilTokenRecord.xml
9 ms. Memory: 677888K Free: 508416K (75%)
----------------- Invoking toplevel() on ptolemy.moml.MoMLSimpleApplication@366dcc52
----------------- Done invoking toplevel() on ptolemy.moml.MoMLSimpleApplication@366dcc52
reloadAllAccessors: .NilTokenRecord

===========================================================================================
----------------- testing Tue Oct 13 15:49:12 UTC 2020 /home/travis/build/icyphy/ptII/ptolemy/actor/lib/test/auto/NilTokenTypeTest.xml
----------------- Instantiating /home/travis/build/icyphy/ptII/ptolemy/actor/lib/test/auto/NilTokenTypeTest.xml
8 ms. Memory: 677888K Free: 498686K (74%)
----------------- Invoking toplevel() on ptolemy.moml.MoMLSimpleApplication@56b50768
----------------- Done invoking toplevel() on ptolemy.moml.MoMLSimpleApplication@56b50768
reloadAllAccessors: .NilTokenTypeTest

===========================================================================================
----------------- testing Tue Oct 13 15:49:12 UTC 2020 /home/travis/build/icyphy/ptII/ptolemy/actor/lib/test/auto/ObjectToken1.xml
----------------- Instantiating /home/travis/build/icyphy/ptII/ptolemy/actor/lib/test/auto/ObjectToken1.xml
2 ms. Memory: 677888K Free: 494590K (73%)
----------------- Invoking toplevel() on ptolemy.moml.MoMLSimpleApplication@182a3f57
----------------- Done invoking toplevel() on ptolemy.moml.MoMLSimpleApplication@182a3f57
reloadAllAccessors: .ObjectToken1

===========================================================================================
----------------- testing Tue Oct 13 15:49:12 UTC 2020 /home/travis/build/icyphy/ptII/ptolemy/actor/lib/test/auto/OrderedMerge.xml
----------------- Instantiating /home/travis/build/icyphy/ptII/ptolemy/actor/lib/test/auto/OrderedMerge.xml
7 ms. Memory: 677888K Free: 488960K (72%)
----------------- Invoking toplevel() on ptolemy.moml.MoMLSimpleApplication@3fe605fd
----------------- Done invoking toplevel() on ptolemy.moml.MoMLSimpleApplication@3fe605fd
reloadAllAccessors: .OrderedMerge

===========================================================================================
----------------- testing Tue Oct 13 15:49:12 UTC 2020 /home/travis/build/icyphy/ptII/ptolemy/actor/lib/test/auto/OrderedRecordDisassembler.xml
----------------- Instantiating /home/travis/build/icyphy/ptII/ptolemy/actor/lib/test/auto/OrderedRecordDisassembler.xml
3 ms. Memory: 677888K Free: 483840K (71%)
----------------- Invoking toplevel() on ptolemy.moml.MoMLSimpleApplication@5c3b34ca
----------------- Done invoking toplevel() on ptolemy.moml.MoMLSimpleApplication@5c3b34ca
reloadAllAccessors: .OrderedRecordDisassembler

===========================================================================================
----------------- testing Tue Oct 13 15:49:12 UTC 2020 /home/travis/build/icyphy/ptII/ptolemy/actor/lib/test/auto/OrderedRecordDisassembler2.xml
----------------- Instantiating /home/travis/build/icyphy/ptII/ptolemy/actor/lib/test/auto/OrderedRecordDisassembler2.xml
4 ms. Memory: 677888K Free: 476143K (70%)
----------------- Invoking toplevel() on ptolemy.moml.MoMLSimpleApplication@4eaa4f91
----------------- Done invoking toplevel() on ptolemy.moml.MoMLSimpleApplication@4eaa4f91
reloadAllAccessors: .OrderedRecordDisassembler2

===========================================================================================
----------------- testing Tue Oct 13 15:49:12 UTC 2020 /home/travis/build/icyphy/ptII/ptolemy/actor/lib/test/auto/OrderedRecordUpdater.xml
----------------- Instantiating /home/travis/build/icyphy/ptII/ptolemy/actor/lib/test/auto/OrderedRecordUpdater.xml
1 ms. Memory: 677888K Free: 471550K (70%)
----------------- Invoking toplevel() on ptolemy.moml.MoMLSimpleApplication@56e1faaf
----------------- Done invoking toplevel() on ptolemy.moml.MoMLSimpleApplication@56e1faaf
reloadAllAccessors: .RecordUpdater

===========================================================================================
----------------- testing Tue Oct 13 15:49:12 UTC 2020 /home/travis/build/icyphy/ptII/ptolemy/actor/lib/test/auto/OrderedRecordUpdater2.xml
----------------- Instantiating /home/travis/build/icyphy/ptII/ptolemy/actor/lib/test/auto/OrderedRecordUpdater2.xml
2 ms. Memory: 677888K Free: 465918K (69%)
----------------- Invoking toplevel() on ptolemy.moml.MoMLSimpleApplication@1bf1cbfe
----------------- Done invoking toplevel() on ptolemy.moml.MoMLSimpleApplication@1bf1cbfe
reloadAllAccessors: .RecordUpdater2

===========================================================================================
----------------- testing Tue Oct 13 15:49:12 UTC 2020 /home/travis/build/icyphy/ptII/ptolemy/actor/lib/test/auto/PhaseUnwrap.xml
----------------- Instantiating /home/travis/build/icyphy/ptII/ptolemy/actor/lib/test/auto/PhaseUnwrap.xml
2 ms. Memory: 677888K Free: 461312K (68%)
----------------- Invoking toplevel() on ptolemy.moml.MoMLSimpleApplication@61a35147
----------------- Done invoking toplevel() on ptolemy.moml.MoMLSimpleApplication@61a35147
reloadAllAccessors: .PhaseUnwrap

===========================================================================================
----------------- testing Tue Oct 13 15:49:12 UTC 2020 /home/travis/build/icyphy/ptII/ptolemy/actor/lib/test/auto/PoissonClock.xml
----------------- Instantiating /home/travis/build/icyphy/ptII/ptolemy/actor/lib/test/auto/PoissonClock.xml
1 ms. Memory: 677888K Free: 457216K (67%)
----------------- Invoking toplevel() on ptolemy.moml.MoMLSimpleApplication@5cf6efb2
----------------- Done invoking toplevel() on ptolemy.moml.MoMLSimpleApplication@5cf6efb2
reloadAllAccessors: .PoissonClock

===========================================================================================
----------------- testing Tue Oct 13 15:49:12 UTC 2020 /home/travis/build/icyphy/ptII/ptolemy/actor/lib/test/auto/PoissonClock2.xml
----------------- Instantiating /home/travis/build/icyphy/ptII/ptolemy/actor/lib/test/auto/PoissonClock2.xml
2 ms. Memory: 677888K Free: 452606K (67%)
----------------- Invoking toplevel() on ptolemy.moml.MoMLSimpleApplication@2e2d872
----------------- Done invoking toplevel() on ptolemy.moml.MoMLSimpleApplication@2e2d872
reloadAllAccessors: .PoissonClock2

===========================================================================================
----------------- testing Tue Oct 13 15:49:12 UTC 2020 /home/travis/build/icyphy/ptII/ptolemy/actor/lib/test/auto/PoissonClock3.xml
----------------- Instantiating /home/travis/build/icyphy/ptII/ptolemy/actor/lib/test/auto/PoissonClock3.xml
1 ms. Memory: 677888K Free: 448000K (66%)
----------------- Invoking toplevel() on ptolemy.moml.MoMLSimpleApplication@476f998d
----------------- Done invoking toplevel() on ptolemy.moml.MoMLSimpleApplication@476f998d
reloadAllAccessors: .PoissonClock3

===========================================================================================
----------------- testing Tue Oct 13 15:49:12 UTC 2020 /home/travis/build/icyphy/ptII/ptolemy/actor/lib/test/auto/PubSubWithInitialTokens.xml
----------------- Instantiating /home/travis/build/icyphy/ptII/ptolemy/actor/lib/test/auto/PubSubWithInitialTokens.xml
2 ms. Memory: 677888K Free: 442351K (65%)
----------------- Invoking toplevel() on ptolemy.moml.MoMLSimpleApplication@4d0922b3
----------------- Done invoking toplevel() on ptolemy.moml.MoMLSimpleApplication@4d0922b3
reloadAllAccessors: .PubSubWithInitialTokens

===========================================================================================
----------------- testing Tue Oct 13 15:49:12 UTC 2020 /home/travis/build/icyphy/ptII/ptolemy/actor/lib/test/auto/PubSubWithInitialTokens2.xml
----------------- Instantiating /home/travis/build/icyphy/ptII/ptolemy/actor/lib/test/auto/PubSubWithInitialTokens2.xml
2 ms. Memory: 677888K Free: 436207K (64%)
----------------- Invoking toplevel() on ptolemy.moml.MoMLSimpleApplication@3846283b
----------------- Done invoking toplevel() on ptolemy.moml.MoMLSimpleApplication@3846283b
reloadAllAccessors: .PubSubWithInitialTokens2

===========================================================================================
----------------- testing Tue Oct 13 15:49:12 UTC 2020 /home/travis/build/icyphy/ptII/ptolemy/actor/lib/test/auto/PublisherClassNoParameter.xml
----------------- Instantiating /home/travis/build/icyphy/ptII/ptolemy/actor/lib/test/auto/PublisherClassNoParameter.xml
2 ms. Memory: 677888K Free: 425982K (63%)
----------------- Invoking toplevel() on ptolemy.moml.MoMLSimpleApplication@62608d60
----------------- Done invoking toplevel() on ptolemy.moml.MoMLSimpleApplication@62608d60
reloadAllAccessors: .PublisherClassNoParameter

===========================================================================================
----------------- testing Tue Oct 13 15:49:12 UTC 2020 /home/travis/build/icyphy/ptII/ptolemy/actor/lib/test/auto/PublisherClassParameter.xml
----------------- Instantiating /home/travis/build/icyphy/ptII/ptolemy/actor/lib/test/auto/PublisherClassParameter.xml
2 ms. Memory: 677888K Free: 415727K (61%)
----------------- Invoking toplevel() on ptolemy.moml.MoMLSimpleApplication@8afc647
----------------- Done invoking toplevel() on ptolemy.moml.MoMLSimpleApplication@8afc647
reloadAllAccessors: .PublisherClassParameter

===========================================================================================
----------------- testing Tue Oct 13 15:49:12 UTC 2020 /home/travis/build/icyphy/ptII/ptolemy/actor/lib/test/auto/PublisherNonStrictTest.xml
----------------- Instantiating /home/travis/build/icyphy/ptII/ptolemy/actor/lib/test/auto/PublisherNonStrictTest.xml
2 ms. Memory: 677888K Free: 408064K (60%)
----------------- Invoking toplevel() on ptolemy.moml.MoMLSimpleApplication@10ef5be4
----------------- Done invoking toplevel() on ptolemy.moml.MoMLSimpleApplication@10ef5be4
reloadAllAccessors: .PublisherNonStrictTest

===========================================================================================
----------------- testing Tue Oct 13 15:49:12 UTC 2020 /home/travis/build/icyphy/ptII/ptolemy/actor/lib/test/auto/PublisherPort1.xml
----------------- Instantiating /home/travis/build/icyphy/ptII/ptolemy/actor/lib/test/auto/PublisherPort1.xml
12 ms. Memory: 677888K Free: 402399K (59%)
----------------- Invoking toplevel() on ptolemy.moml.MoMLSimpleApplication@74a38ecb
----------------- Done invoking toplevel() on ptolemy.moml.MoMLSimpleApplication@74a38ecb
reloadAllAccessors: .PublisherPort1

===========================================================================================
----------------- testing Tue Oct 13 15:49:12 UTC 2020 /home/travis/build/icyphy/ptII/ptolemy/actor/lib/test/auto/PublisherPort2.xml
----------------- Instantiating /home/travis/build/icyphy/ptII/ptolemy/actor/lib/test/auto/PublisherPort2.xml
1 ms. Memory: 677888K Free: 397310K (59%)
----------------- Invoking toplevel() on ptolemy.moml.MoMLSimpleApplication@66dab6ce
----------------- Done invoking toplevel() on ptolemy.moml.MoMLSimpleApplication@66dab6ce
reloadAllAccessors: .PublisherPort2

===========================================================================================
----------------- testing Tue Oct 13 15:49:12 UTC 2020 /home/travis/build/icyphy/ptII/ptolemy/actor/lib/test/auto/PublisherPort3.xml
----------------- Instantiating /home/travis/build/icyphy/ptII/ptolemy/actor/lib/test/auto/PublisherPort3.xml
6 ms. Memory: 677888K Free: 390656K (58%)
----------------- Invoking toplevel() on ptolemy.moml.MoMLSimpleApplication@7a70e9cf
----------------- Done invoking toplevel() on ptolemy.moml.MoMLSimpleApplication@7a70e9cf
reloadAllAccessors: .PublisherPort3

===========================================================================================
----------------- testing Tue Oct 13 15:49:12 UTC 2020 /home/travis/build/icyphy/ptII/ptolemy/actor/lib/test/auto/PublisherPort4.xml
----------------- Instantiating /home/travis/build/icyphy/ptII/ptolemy/actor/lib/test/auto/PublisherPort4.xml
2 ms. Memory: 677888K Free: 385015K (57%)
----------------- Invoking toplevel() on ptolemy.moml.MoMLSimpleApplication@522f98c7
----------------- Done invoking toplevel() on ptolemy.moml.MoMLSimpleApplication@522f98c7
reloadAllAccessors: .PublisherPort4

===========================================================================================
----------------- testing Tue Oct 13 15:49:12 UTC 2020 /home/travis/build/icyphy/ptII/ptolemy/actor/lib/test/auto/PublisherPort5.xml
----------------- Instantiating /home/travis/build/icyphy/ptII/ptolemy/actor/lib/test/auto/PublisherPort5.xml
3 ms. Memory: 677888K Free: 377344K (56%)
----------------- Invoking toplevel() on ptolemy.moml.MoMLSimpleApplication@1bb4925c
----------------- Done invoking toplevel() on ptolemy.moml.MoMLSimpleApplication@1bb4925c
reloadAllAccessors: .PublisherPort5

===========================================================================================
----------------- testing Tue Oct 13 15:49:12 UTC 2020 /home/travis/build/icyphy/ptII/ptolemy/actor/lib/test/auto/PublisherPort5LookAlike.xml
----------------- Instantiating /home/travis/build/icyphy/ptII/ptolemy/actor/lib/test/auto/PublisherPort5LookAlike.xml
6 ms. Memory: 677888K Free: 369662K (55%)
----------------- Invoking toplevel() on ptolemy.moml.MoMLSimpleApplication@12ce52b3
----------------- Done invoking toplevel() on ptolemy.moml.MoMLSimpleApplication@12ce52b3
reloadAllAccessors: .PublisherPort5LookAlike

===========================================================================================
----------------- testing Tue Oct 13 15:49:12 UTC 2020 /home/travis/build/icyphy/ptII/ptolemy/actor/lib/test/auto/PublisherPort6.xml
----------------- Instantiating /home/travis/build/icyphy/ptII/ptolemy/actor/lib/test/auto/PublisherPort6.xml
2 ms. Memory: 677888K Free: 363008K (54%)
----------------- Invoking toplevel() on ptolemy.moml.MoMLSimpleApplication@763efa3
----------------- Done invoking toplevel() on ptolemy.moml.MoMLSimpleApplication@763efa3
reloadAllAccessors: .PublisherPort6

===========================================================================================
----------------- testing Tue Oct 13 15:49:12 UTC 2020 /home/travis/build/icyphy/ptII/ptolemy/actor/lib/test/auto/PublisherPort7.xml
----------------- Instantiating /home/travis/build/icyphy/ptII/ptolemy/actor/lib/test/auto/PublisherPort7.xml
3 ms. Memory: 677888K Free: 355326K (52%)
----------------- Invoking toplevel() on ptolemy.moml.MoMLSimpleApplication@36d41f0d
----------------- Done invoking toplevel() on ptolemy.moml.MoMLSimpleApplication@36d41f0d
reloadAllAccessors: .PublisherPort7

===========================================================================================
----------------- testing Tue Oct 13 15:49:12 UTC 2020 /home/travis/build/icyphy/ptII/ptolemy/actor/lib/test/auto/PublisherPort8.xml
----------------- Instantiating /home/travis/build/icyphy/ptII/ptolemy/actor/lib/test/auto/PublisherPort8.xml
4 ms. Memory: 677888K Free: 346110K (51%)
----------------- Invoking toplevel() on ptolemy.moml.MoMLSimpleApplication@4ef568d3
----------------- Done invoking toplevel() on ptolemy.moml.MoMLSimpleApplication@4ef568d3
reloadAllAccessors: .PublisherPort8

===========================================================================================
----------------- testing Tue Oct 13 15:49:12 UTC 2020 /home/travis/build/icyphy/ptII/ptolemy/actor/lib/test/auto/PublisherPortSubscriberChannelVariablesAOC2.xml
----------------- Instantiating /home/travis/build/icyphy/ptII/ptolemy/actor/lib/test/auto/PublisherPortSubscriberChannelVariablesAOC2.xml
2 ms. Memory: 677888K Free: 328192K (48%)
----------------- Invoking toplevel() on ptolemy.moml.MoMLSimpleApplication@26079d91
----------------- Done invoking toplevel() on ptolemy.moml.MoMLSimpleApplication@26079d91
reloadAllAccessors: .PublisherPortSubscriberChannelVariablesAOC2

===========================================================================================
----------------- testing Tue Oct 13 15:49:12 UTC 2020 /home/travis/build/icyphy/ptII/ptolemy/actor/lib/test/auto/PublisherPortSubscriberOpaqueWidthInference.xml
----------------- Instantiating /home/travis/build/icyphy/ptII/ptolemy/actor/lib/test/auto/PublisherPortSubscriberOpaqueWidthInference.xml
2 ms. Memory: 677888K Free: 320495K (47%)
----------------- Invoking toplevel() on ptolemy.moml.MoMLSimpleApplication@70b37760
----------------- Done invoking toplevel() on ptolemy.moml.MoMLSimpleApplication@70b37760
reloadAllAccessors: .PublisherPortSubscriberOpaqueWidthInference

===========================================================================================
----------------- testing Tue Oct 13 15:49:12 UTC 2020 /home/travis/build/icyphy/ptII/ptolemy/actor/lib/test/auto/PublisherPortSubscriberPortAdjacent.xml
----------------- Instantiating /home/travis/build/icyphy/ptII/ptolemy/actor/lib/test/auto/PublisherPortSubscriberPortAdjacent.xml
1 ms. Memory: 677888K Free: 311808K (46%)
----------------- Invoking toplevel() on ptolemy.moml.MoMLSimpleApplication@3f9b64e3
----------------- Done invoking toplevel() on ptolemy.moml.MoMLSimpleApplication@3f9b64e3
reloadAllAccessors: .PublisherPortSubscriberPortAdjacent

===========================================================================================
----------------- testing Tue Oct 13 15:49:12 UTC 2020 /home/travis/build/icyphy/ptII/ptolemy/actor/lib/test/auto/PublisherPortSubscriberPortExpression.xml
----------------- Instantiating /home/travis/build/icyphy/ptII/ptolemy/actor/lib/test/auto/PublisherPortSubscriberPortExpression.xml
7 ms. Memory: 677888K Free: 304119K (45%)
----------------- Invoking toplevel() on ptolemy.moml.MoMLSimpleApplication@6f31dc9f
----------------- Done invoking toplevel() on ptolemy.moml.MoMLSimpleApplication@6f31dc9f
reloadAllAccessors: .PublisherPortSubscriberPortExpression

===========================================================================================
----------------- testing Tue Oct 13 15:49:12 UTC 2020 /home/travis/build/icyphy/ptII/ptolemy/actor/lib/test/auto/PublisherPortSubscriberPortOpaqueD3Reverse.xml
----------------- Instantiating /home/travis/build/icyphy/ptII/ptolemy/actor/lib/test/auto/PublisherPortSubscriberPortOpaqueD3Reverse.xml
4 ms. Memory: 677888K Free: 293886K (43%)
----------------- Invoking toplevel() on ptolemy.moml.MoMLSimpleApplication@1cc8fe70
----------------- Done invoking toplevel() on ptolemy.moml.MoMLSimpleApplication@1cc8fe70
reloadAllAccessors: .PublisherPortSubscriberPortOpaqueD3Reverse

===========================================================================================
----------------- testing Tue Oct 13 15:49:12 UTC 2020 /home/travis/build/icyphy/ptII/ptolemy/actor/lib/test/auto/PublisherPortSubscriberPortOpaqueWidthInference.xml
----------------- Instantiating /home/travis/build/icyphy/ptII/ptolemy/actor/lib/test/auto/PublisherPortSubscriberPortOpaqueWidthInference.xml
3 ms. Memory: 677888K Free: 286208K (42%)
----------------- Invoking toplevel() on ptolemy.moml.MoMLSimpleApplication@3fa533f1
----------------- Done invoking toplevel() on ptolemy.moml.MoMLSimpleApplication@3fa533f1
reloadAllAccessors: .PublisherPortSubscriberPortOpaqueWidthInference

===========================================================================================
----------------- testing Tue Oct 13 15:49:12 UTC 2020 /home/travis/build/icyphy/ptII/ptolemy/actor/lib/test/auto/PublisherPortToplevelSubscriberPortAOC.xml
----------------- Instantiating /home/travis/build/icyphy/ptII/ptolemy/actor/lib/test/auto/PublisherPortToplevelSubscriberPortAOC.xml
.PublisherPortToplevelSubscriberPortAOC.TestExceptionAttribute: initialize() was not invoked, but wrapup() was.  This is unusual, but not always a problem.  For example, exporting JNLP will do this.
0 ms. Memory: 677888K Free: 280064K (41%)
----------------- Invoking toplevel() on ptolemy.moml.MoMLSimpleApplication@b185c1b
----------------- Done invoking toplevel() on ptolemy.moml.MoMLSimpleApplication@b185c1b
reloadAllAccessors: .PublisherPortToplevelSubscriberPortAOC

===========================================================================================
----------------- testing Tue Oct 13 15:49:12 UTC 2020 /home/travis/build/icyphy/ptII/ptolemy/actor/lib/test/auto/PublisherSubscriber.xml
----------------- Instantiating /home/travis/build/icyphy/ptII/ptolemy/actor/lib/test/auto/PublisherSubscriber.xml
2 ms. Memory: 677888K Free: 272351K (40%)
----------------- Invoking toplevel() on ptolemy.moml.MoMLSimpleApplication@108cafb6
----------------- Done invoking toplevel() on ptolemy.moml.MoMLSimpleApplication@108cafb6
reloadAllAccessors: .PublisherSubscriber

===========================================================================================
----------------- testing Tue Oct 13 15:49:12 UTC 2020 /home/travis/build/icyphy/ptII/ptolemy/actor/lib/test/auto/PublisherSubscriber10.xml
----------------- Instantiating /home/travis/build/icyphy/ptII/ptolemy/actor/lib/test/auto/PublisherSubscriber10.xml
5 ms. Memory: 677888K Free: 262142K (39%)
----------------- Invoking toplevel() on ptolemy.moml.MoMLSimpleApplication@3bacec49
----------------- Done invoking toplevel() on ptolemy.moml.MoMLSimpleApplication@3bacec49
reloadAllAccessors: .PublisherSubscriber10

===========================================================================================
----------------- testing Tue Oct 13 15:49:12 UTC 2020 /home/travis/build/icyphy/ptII/ptolemy/actor/lib/test/auto/PublisherSubscriber10InitialOutputs.xml
----------------- Instantiating /home/travis/build/icyphy/ptII/ptolemy/actor/lib/test/auto/PublisherSubscriber10InitialOutputs.xml
28 ms. Memory: 677888K Free: 252926K (37%)
----------------- Invoking toplevel() on ptolemy.moml.MoMLSimpleApplication@1adcd2a9
----------------- Done invoking toplevel() on ptolemy.moml.MoMLSimpleApplication@1adcd2a9
reloadAllAccessors: .PublisherSubscriber10InitialOutputs

===========================================================================================
----------------- testing Tue Oct 13 15:49:12 UTC 2020 /home/travis/build/icyphy/ptII/ptolemy/actor/lib/test/auto/PublisherSubscriber11.xml
----------------- Instantiating /home/travis/build/icyphy/ptII/ptolemy/actor/lib/test/auto/PublisherSubscriber11.xml
5 ms. Memory: 677888K Free: 246272K (36%)
----------------- Invoking toplevel() on ptolemy.moml.MoMLSimpleApplication@904a40
----------------- Done invoking toplevel() on ptolemy.moml.MoMLSimpleApplication@904a40
reloadAllAccessors: .PublisherSubscriber11

===========================================================================================
----------------- testing Tue Oct 13 15:49:12 UTC 2020 /home/travis/build/icyphy/ptII/ptolemy/actor/lib/test/auto/PublisherSubscriber12.xml
----------------- Instantiating /home/travis/build/icyphy/ptII/ptolemy/actor/lib/test/auto/PublisherSubscriber12.xml
2 ms. Memory: 677888K Free: 239104K (35%)
----------------- Invoking toplevel() on ptolemy.moml.MoMLSimpleApplication@7a056b6c
----------------- Done invoking toplevel() on ptolemy.moml.MoMLSimpleApplication@7a056b6c
reloadAllAccessors: .PublisherSubscriber12

===========================================================================================
----------------- testing Tue Oct 13 15:49:12 UTC 2020 /home/travis/build/icyphy/ptII/ptolemy/actor/lib/test/auto/PublisherSubscriber13.xml
----------------- Instantiating /home/travis/build/icyphy/ptII/ptolemy/actor/lib/test/auto/PublisherSubscriber13.xml
2 ms. Memory: 677888K Free: 233439K (34%)
----------------- Invoking toplevel() on ptolemy.moml.MoMLSimpleApplication@7a120541
----------------- Done invoking toplevel() on ptolemy.moml.MoMLSimpleApplication@7a120541
reloadAllAccessors: .PublisherSubscriber13

===========================================================================================
----------------- testing Tue Oct 13 15:49:12 UTC 2020 /home/travis/build/icyphy/ptII/ptolemy/actor/lib/test/auto/PublisherSubscriber14.xml
----------------- Instantiating /home/travis/build/icyphy/ptII/ptolemy/actor/lib/test/auto/PublisherSubscriber14.xml
2 ms. Memory: 677888K Free: 223744K (33%)
----------------- Invoking toplevel() on ptolemy.moml.MoMLSimpleApplication@41e3d5b1
----------------- Done invoking toplevel() on ptolemy.moml.MoMLSimpleApplication@41e3d5b1
reloadAllAccessors: .PublisherSubscriber14

===========================================================================================
----------------- testing Tue Oct 13 15:49:12 UTC 2020 /home/travis/build/icyphy/ptII/ptolemy/actor/lib/test/auto/PublisherSubscriber2.xml
----------------- Instantiating /home/travis/build/icyphy/ptII/ptolemy/actor/lib/test/auto/PublisherSubscriber2.xml
3 ms. Memory: 677888K Free: 622641K (92%)
----------------- Invoking toplevel() on ptolemy.moml.MoMLSimpleApplication@3aff00b8
----------------- Done invoking toplevel() on ptolemy.moml.MoMLSimpleApplication@3aff00b8
reloadAllAccessors: .PublisherSubscriber2

===========================================================================================
----------------- testing Tue Oct 13 15:49:12 UTC 2020 /home/travis/build/icyphy/ptII/ptolemy/actor/lib/test/auto/PublisherSubscriber3.xml
----------------- Instantiating /home/travis/build/icyphy/ptII/ptolemy/actor/lib/test/auto/PublisherSubscriber3.xml
1 ms. Memory: 677888K Free: 616467K (91%)
----------------- Invoking toplevel() on ptolemy.moml.MoMLSimpleApplication@72908361
----------------- Done invoking toplevel() on ptolemy.moml.MoMLSimpleApplication@72908361
reloadAllAccessors: .PublisherSubscriber3

===========================================================================================
----------------- testing Tue Oct 13 15:49:12 UTC 2020 /home/travis/build/icyphy/ptII/ptolemy/actor/lib/test/auto/PublisherSubscriber4.xml
----------------- Instantiating /home/travis/build/icyphy/ptII/ptolemy/actor/lib/test/auto/PublisherSubscriber4.xml
2 ms. Memory: 677888K Free: 611347K (90%)
----------------- Invoking toplevel() on ptolemy.moml.MoMLSimpleApplication@7f056932
----------------- Done invoking toplevel() on ptolemy.moml.MoMLSimpleApplication@7f056932
reloadAllAccessors: .PublisherSubscriber4

===========================================================================================
----------------- testing Tue Oct 13 15:49:12 UTC 2020 /home/travis/build/icyphy/ptII/ptolemy/actor/lib/test/auto/PublisherSubscriber5.xml
----------------- Instantiating /home/travis/build/icyphy/ptII/ptolemy/actor/lib/test/auto/PublisherSubscriber5.xml
2 ms. Memory: 677888K Free: 604723K (89%)
----------------- Invoking toplevel() on ptolemy.moml.MoMLSimpleApplication@63c08ae7
----------------- Done invoking toplevel() on ptolemy.moml.MoMLSimpleApplication@63c08ae7
reloadAllAccessors: .PublisherSubscriber5

===========================================================================================
----------------- testing Tue Oct 13 15:49:12 UTC 2020 /home/travis/build/icyphy/ptII/ptolemy/actor/lib/test/auto/PublisherSubscriber6.xml
----------------- Instantiating /home/travis/build/icyphy/ptII/ptolemy/actor/lib/test/auto/PublisherSubscriber6.xml
3 ms. Memory: 677888K Free: 598059K (88%)
----------------- Invoking toplevel() on ptolemy.moml.MoMLSimpleApplication@4eee77b5
----------------- Done invoking toplevel() on ptolemy.moml.MoMLSimpleApplication@4eee77b5
reloadAllAccessors: .PublisherSubscriber6

===========================================================================================
----------------- testing Tue Oct 13 15:49:12 UTC 2020 /home/travis/build/icyphy/ptII/ptolemy/actor/lib/test/auto/PublisherSubscriber7.xml
----------------- Instantiating /home/travis/build/icyphy/ptII/ptolemy/actor/lib/test/auto/PublisherSubscriber7.xml
6 ms. Memory: 677888K Free: 591411K (87%)
----------------- Invoking toplevel() on ptolemy.moml.MoMLSimpleApplication@294b1cf1
----------------- Done invoking toplevel() on ptolemy.moml.MoMLSimpleApplication@294b1cf1
reloadAllAccessors: .PublisherSubscriber7

===========================================================================================
----------------- testing Tue Oct 13 15:49:13 UTC 2020 /home/travis/build/icyphy/ptII/ptolemy/actor/lib/test/auto/PublisherSubscriber8.xml
----------------- Instantiating /home/travis/build/icyphy/ptII/ptolemy/actor/lib/test/auto/PublisherSubscriber8.xml
16 ms. Memory: 677888K Free: 579123K (85%)
----------------- Invoking toplevel() on ptolemy.moml.MoMLSimpleApplication@1a4f4bf4
----------------- Done invoking toplevel() on ptolemy.moml.MoMLSimpleApplication@1a4f4bf4
reloadAllAccessors: .PublisherSubscriber8

===========================================================================================
----------------- testing Tue Oct 13 15:49:13 UTC 2020 /home/travis/build/icyphy/ptII/ptolemy/actor/lib/test/auto/PublisherSubscriber9.xml
----------------- Instantiating /home/travis/build/icyphy/ptII/ptolemy/actor/lib/test/auto/PublisherSubscriber9.xml
2 ms. Memory: 677888K Free: 571955K (84%)
----------------- Invoking toplevel() on ptolemy.moml.MoMLSimpleApplication@4fa4f1f0
----------------- Done invoking toplevel() on ptolemy.moml.MoMLSimpleApplication@4fa4f1f0
reloadAllAccessors: .PublisherSubscriber9

===========================================================================================
----------------- testing Tue Oct 13 15:49:13 UTC 2020 /home/travis/build/icyphy/ptII/ptolemy/actor/lib/test/auto/PublisherSubscriberAdjacent.xml
----------------- Instantiating /home/travis/build/icyphy/ptII/ptolemy/actor/lib/test/auto/PublisherSubscriberAdjacent.xml
1 ms. Memory: 677888K Free: 563763K (83%)
----------------- Invoking toplevel() on ptolemy.moml.MoMLSimpleApplication@75a58bdf
----------------- Done invoking toplevel() on ptolemy.moml.MoMLSimpleApplication@75a58bdf
reloadAllAccessors: .PublisherSubscriberAdjacent

===========================================================================================
----------------- testing Tue Oct 13 15:49:13 UTC 2020 /home/travis/build/icyphy/ptII/ptolemy/actor/lib/test/auto/PublisherSubscriberChannelVariablesAOC2.xml
----------------- Instantiating /home/travis/build/icyphy/ptII/ptolemy/actor/lib/test/auto/PublisherSubscriberChannelVariablesAOC2.xml
2 ms. Memory: 677888K Free: 549427K (81%)
----------------- Invoking toplevel() on ptolemy.moml.MoMLSimpleApplication@7a6386b9
----------------- Done invoking toplevel() on ptolemy.moml.MoMLSimpleApplication@7a6386b9
reloadAllAccessors: .PublisherSubscriberChannelVariablesAOC2

===========================================================================================
----------------- testing Tue Oct 13 15:49:13 UTC 2020 /home/travis/build/icyphy/ptII/ptolemy/actor/lib/test/auto/PublisherSubscriberD3.xml
----------------- Instantiating /home/travis/build/icyphy/ptII/ptolemy/actor/lib/test/auto/PublisherSubscriberD3.xml
2 ms. Memory: 677888K Free: 542259K (80%)
----------------- Invoking toplevel() on ptolemy.moml.MoMLSimpleApplication@1fdd78ad
----------------- Done invoking toplevel() on ptolemy.moml.MoMLSimpleApplication@1fdd78ad
reloadAllAccessors: .PublisherSubscriberD3

===========================================================================================
----------------- testing Tue Oct 13 15:49:13 UTC 2020 /home/travis/build/icyphy/ptII/ptolemy/actor/lib/test/auto/PublisherSubscriberD3Reverse.xml
----------------- Instantiating /home/travis/build/icyphy/ptII/ptolemy/actor/lib/test/auto/PublisherSubscriberD3Reverse.xml
1 ms. Memory: 677888K Free: 536115K (79%)
----------------- Invoking toplevel() on ptolemy.moml.MoMLSimpleApplication@40b41190
----------------- Done invoking toplevel() on ptolemy.moml.MoMLSimpleApplication@40b41190
reloadAllAccessors: .PublisherSubscriberD3Reverse

===========================================================================================
----------------- testing Tue Oct 13 15:49:13 UTC 2020 /home/travis/build/icyphy/ptII/ptolemy/actor/lib/test/auto/PublisherSubscriberExpression.xml
----------------- Instantiating /home/travis/build/icyphy/ptII/ptolemy/actor/lib/test/auto/PublisherSubscriberExpression.xml
3 ms. Memory: 677888K Free: 526899K (78%)
----------------- Invoking toplevel() on ptolemy.moml.MoMLSimpleApplication@3f0a055c
----------------- Done invoking toplevel() on ptolemy.moml.MoMLSimpleApplication@3f0a055c
reloadAllAccessors: .PublisherSubscriberExpression

===========================================================================================
----------------- testing Tue Oct 13 15:49:13 UTC 2020 /home/travis/build/icyphy/ptII/ptolemy/actor/lib/test/auto/PublisherSubscriberOpaque.xml
----------------- Instantiating /home/travis/build/icyphy/ptII/ptolemy/actor/lib/test/auto/PublisherSubscriberOpaque.xml
3 ms. Memory: 677888K Free: 518707K (77%)
----------------- Invoking toplevel() on ptolemy.moml.MoMLSimpleApplication@596d2e9c
----------------- Done invoking toplevel() on ptolemy.moml.MoMLSimpleApplication@596d2e9c
reloadAllAccessors: .PublisherSubscriberOpaque

===========================================================================================
----------------- testing Tue Oct 13 15:49:13 UTC 2020 /home/travis/build/icyphy/ptII/ptolemy/actor/lib/test/auto/PublisherSubscriberOpaqueD3.xml
----------------- Instantiating /home/travis/build/icyphy/ptII/ptolemy/actor/lib/test/auto/PublisherSubscriberOpaqueD3.xml
5 ms. Memory: 677888K Free: 507443K (75%)
----------------- Invoking toplevel() on ptolemy.moml.MoMLSimpleApplication@7eb380bc
----------------- Done invoking toplevel() on ptolemy.moml.MoMLSimpleApplication@7eb380bc
reloadAllAccessors: .PublisherSubscriberOpaqueD3

===========================================================================================
----------------- testing Tue Oct 13 15:49:13 UTC 2020 /home/travis/build/icyphy/ptII/ptolemy/actor/lib/test/auto/PublisherSubscriberOpaqueD3Reverse.xml
----------------- Instantiating /home/travis/build/icyphy/ptII/ptolemy/actor/lib/test/auto/PublisherSubscriberOpaqueD3Reverse.xml
7 ms. Memory: 677888K Free: 497203K (73%)
----------------- Invoking toplevel() on ptolemy.moml.MoMLSimpleApplication@bd13a23
----------------- Done invoking toplevel() on ptolemy.moml.MoMLSimpleApplication@bd13a23
reloadAllAccessors: .PublisherSubscriberOpaqueD3Reverse

===========================================================================================
----------------- testing Tue Oct 13 15:49:13 UTC 2020 /home/travis/build/icyphy/ptII/ptolemy/actor/lib/test/auto/PublisherSubscriberOpaqueWidthInference.xml
----------------- Instantiating /home/travis/build/icyphy/ptII/ptolemy/actor/lib/test/auto/PublisherSubscriberOpaqueWidthInference.xml
4 ms. Memory: 677888K Free: 488483K (72%)
----------------- Invoking toplevel() on ptolemy.moml.MoMLSimpleApplication@28384f33
----------------- Done invoking toplevel() on ptolemy.moml.MoMLSimpleApplication@28384f33
reloadAllAccessors: .PublisherSubscriberOpaqueWidthInference

===========================================================================================
----------------- testing Tue Oct 13 15:49:13 UTC 2020 /home/travis/build/icyphy/ptII/ptolemy/actor/lib/test/auto/PublisherTestSubscriber.xml
----------------- Instantiating /home/travis/build/icyphy/ptII/ptolemy/actor/lib/test/auto/PublisherTestSubscriber.xml
2 ms. Memory: 677888K Free: 480819K (71%)
----------------- Invoking toplevel() on ptolemy.moml.MoMLSimpleApplication@300f2fa3
----------------- Done invoking toplevel() on ptolemy.moml.MoMLSimpleApplication@300f2fa3
reloadAllAccessors: .PublisherTestSubscriber

===========================================================================================
----------------- testing Tue Oct 13 15:49:13 UTC 2020 /home/travis/build/icyphy/ptII/ptolemy/actor/lib/test/auto/PublisherToplevelSubscriberPortAOC.xml
----------------- Instantiating /home/travis/build/icyphy/ptII/ptolemy/actor/lib/test/auto/PublisherToplevelSubscriberPortAOC.xml
1 ms. Memory: 677888K Free: 474147K (70%)
----------------- Invoking toplevel() on ptolemy.moml.MoMLSimpleApplication@6269172c
----------------- Done invoking toplevel() on ptolemy.moml.MoMLSimpleApplication@6269172c
reloadAllAccessors: .PublisherToplevelSubscriberPortAOC

===========================================================================================
----------------- testing Tue Oct 13 15:49:13 UTC 2020 /home/travis/build/icyphy/ptII/ptolemy/actor/lib/test/auto/PulseFiringLimitDE.xml
----------------- Instantiating /home/travis/build/icyphy/ptII/ptolemy/actor/lib/test/auto/PulseFiringLimitDE.xml
2 ms. Memory: 677888K Free: 468017K (69%)
----------------- Invoking toplevel() on ptolemy.moml.MoMLSimpleApplication@211584a3
----------------- Done invoking toplevel() on ptolemy.moml.MoMLSimpleApplication@211584a3
reloadAllAccessors: .PulseFiringLimitDE

===========================================================================================
----------------- testing Tue Oct 13 15:49:13 UTC 2020 /home/travis/build/icyphy/ptII/ptolemy/actor/lib/test/auto/Ramp1.xml
----------------- Instantiating /home/travis/build/icyphy/ptII/ptolemy/actor/lib/test/auto/Ramp1.xml
1 ms. Memory: 677888K Free: 463907K (68%)
----------------- Invoking toplevel() on ptolemy.moml.MoMLSimpleApplication@1d93659e
----------------- Done invoking toplevel() on ptolemy.moml.MoMLSimpleApplication@1d93659e
reloadAllAccessors: .Ramp1

===========================================================================================
----------------- testing Tue Oct 13 15:49:13 UTC 2020 /home/travis/build/icyphy/ptII/ptolemy/actor/lib/test/auto/RampFiringLimitDE.xml
----------------- Instantiating /home/travis/build/icyphy/ptII/ptolemy/actor/lib/test/auto/RampFiringLimitDE.xml
2 ms. Memory: 677888K Free: 457763K (68%)
----------------- Invoking toplevel() on ptolemy.moml.MoMLSimpleApplication@60e999fb
----------------- Done invoking toplevel() on ptolemy.moml.MoMLSimpleApplication@60e999fb
reloadAllAccessors: .RampFiringLimitDE

===========================================================================================
----------------- testing Tue Oct 13 15:49:13 UTC 2020 /home/travis/build/icyphy/ptII/ptolemy/actor/lib/test/auto/RampFiringLimitSDF.xml
----------------- Instantiating /home/travis/build/icyphy/ptII/ptolemy/actor/lib/test/auto/RampFiringLimitSDF.xml
1 ms. Memory: 677888K Free: 452147K (67%)
----------------- Invoking toplevel() on ptolemy.moml.MoMLSimpleApplication@63246bd4
----------------- Done invoking toplevel() on ptolemy.moml.MoMLSimpleApplication@63246bd4
reloadAllAccessors: .RampFiringLimitSDF

===========================================================================================
----------------- testing Tue Oct 13 15:49:13 UTC 2020 /home/travis/build/icyphy/ptII/ptolemy/actor/lib/test/auto/RandomInteger.xml
----------------- Instantiating /home/travis/build/icyphy/ptII/ptolemy/actor/lib/test/auto/RandomInteger.xml
1 ms. Memory: 677888K Free: 448051K (66%)
----------------- Invoking toplevel() on ptolemy.moml.MoMLSimpleApplication@35df8e3
----------------- Done invoking toplevel() on ptolemy.moml.MoMLSimpleApplication@35df8e3
reloadAllAccessors: .RandomInteger

===========================================================================================
----------------- testing Tue Oct 13 15:49:13 UTC 2020 /home/travis/build/icyphy/ptII/ptolemy/actor/lib/test/auto/ReadFile1.xml
----------------- Instantiating /home/travis/build/icyphy/ptII/ptolemy/actor/lib/test/auto/ReadFile1.xml
1 ms. Memory: 677888K Free: 443441K (65%)
----------------- Invoking toplevel() on ptolemy.moml.MoMLSimpleApplication@e3b5c2b
----------------- Done invoking toplevel() on ptolemy.moml.MoMLSimpleApplication@e3b5c2b
reloadAllAccessors: .ReadFile1

===========================================================================================
----------------- testing Tue Oct 13 15:49:13 UTC 2020 /home/travis/build/icyphy/ptII/ptolemy/actor/lib/test/auto/ReadFile2.xml
----------------- Instantiating /home/travis/build/icyphy/ptII/ptolemy/actor/lib/test/auto/ReadFile2.xml
1 ms. Memory: 677888K Free: 439345K (65%)
----------------- Invoking toplevel() on ptolemy.moml.MoMLSimpleApplication@55ec0027
----------------- Done invoking toplevel() on ptolemy.moml.MoMLSimpleApplication@55ec0027
reloadAllAccessors: .ReadFile2

===========================================================================================
----------------- testing Tue Oct 13 15:49:13 UTC 2020 /home/travis/build/icyphy/ptII/ptolemy/actor/lib/test/auto/Reader.xml
----------------- Instantiating /home/travis/build/icyphy/ptII/ptolemy/actor/lib/test/auto/Reader.xml
actor.lib.Reader is obsolete, use actor.lib.io.ExpressionReader instead
3 ms. Memory: 677888K Free: 435249K (64%)
----------------- Invoking toplevel() on ptolemy.moml.MoMLSimpleApplication@37e80e50
----------------- Done invoking toplevel() on ptolemy.moml.MoMLSimpleApplication@37e80e50
reloadAllAccessors: .Reader

===========================================================================================
----------------- testing Tue Oct 13 15:49:13 UTC 2020 /home/travis/build/icyphy/ptII/ptolemy/actor/lib/test/auto/RecordAssemblerDisplayNameTest.xml
----------------- Instantiating /home/travis/build/icyphy/ptII/ptolemy/actor/lib/test/auto/RecordAssemblerDisplayNameTest.xml
3308 ms. Memory: 677888K Free: 425273K (63%)
----------------- Invoking toplevel() on ptolemy.moml.MoMLSimpleApplication@371f1d93
----------------- Done invoking toplevel() on ptolemy.moml.MoMLSimpleApplication@371f1d93
reloadAllAccessors: .RecordAssemblerDisplayNameTest

===========================================================================================
----------------- testing Tue Oct 13 15:49:16 UTC 2020 /home/travis/build/icyphy/ptII/ptolemy/actor/lib/test/auto/RecordAssemblerTypeError.xml
----------------- Instantiating /home/travis/build/icyphy/ptII/ptolemy/actor/lib/test/auto/RecordAssemblerTypeError.xml
18 ms. Memory: 677888K Free: 415543K (61%)
----------------- Invoking toplevel() on ptolemy.moml.MoMLSimpleApplication@3d9b121c
----------------- Done invoking toplevel() on ptolemy.moml.MoMLSimpleApplication@3d9b121c
reloadAllAccessors: .RecordAssemblerTypeError

===========================================================================================
----------------- testing Tue Oct 13 15:49:16 UTC 2020 /home/travis/build/icyphy/ptII/ptolemy/actor/lib/test/auto/RecordDisassember.xml
----------------- Instantiating /home/travis/build/icyphy/ptII/ptolemy/actor/lib/test/auto/RecordDisassember.xml
3 ms. Memory: 677888K Free: 410937K (61%)
----------------- Invoking toplevel() on ptolemy.moml.MoMLSimpleApplication@1d25685b
----------------- Done invoking toplevel() on ptolemy.moml.MoMLSimpleApplication@1d25685b
reloadAllAccessors: .RecordDisassember

===========================================================================================
----------------- testing Tue Oct 13 15:49:16 UTC 2020 /home/travis/build/icyphy/ptII/ptolemy/actor/lib/test/auto/RecordDisassemberDisplayNameTest.xml
----------------- Instantiating /home/travis/build/icyphy/ptII/ptolemy/actor/lib/test/auto/RecordDisassemberDisplayNameTest.xml
8 ms. Memory: 677888K Free: 402745K (59%)
----------------- Invoking toplevel() on ptolemy.moml.MoMLSimpleApplication@a210a1a
----------------- Done invoking toplevel() on ptolemy.moml.MoMLSimpleApplication@a210a1a
reloadAllAccessors: .RecordDisassemberDisplayNameTest

===========================================================================================
----------------- testing Tue Oct 13 15:49:16 UTC 2020 /home/travis/build/icyphy/ptII/ptolemy/actor/lib/test/auto/RecordDisassembler.xml
----------------- Instantiating /home/travis/build/icyphy/ptII/ptolemy/actor/lib/test/auto/RecordDisassembler.xml
2 ms. Memory: 677888K Free: 397625K (59%)
----------------- Invoking toplevel() on ptolemy.moml.MoMLSimpleApplication@6d62725c
----------------- Done invoking toplevel() on ptolemy.moml.MoMLSimpleApplication@6d62725c
reloadAllAccessors: .RecordDisassembler

===========================================================================================
----------------- testing Tue Oct 13 15:49:16 UTC 2020 /home/travis/build/icyphy/ptII/ptolemy/actor/lib/test/auto/RecordDisassembler2.xml
----------------- Instantiating /home/travis/build/icyphy/ptII/ptolemy/actor/lib/test/auto/RecordDisassembler2.xml
2 ms. Memory: 677888K Free: 392505K (58%)
----------------- Invoking toplevel() on ptolemy.moml.MoMLSimpleApplication@4d1a9a2b
----------------- Done invoking toplevel() on ptolemy.moml.MoMLSimpleApplication@4d1a9a2b
reloadAllAccessors: .RecordDisassembler2

===========================================================================================
----------------- testing Tue Oct 13 15:49:16 UTC 2020 /home/travis/build/icyphy/ptII/ptolemy/actor/lib/test/auto/RecordUpdater.xml
----------------- Instantiating /home/travis/build/icyphy/ptII/ptolemy/actor/lib/test/auto/RecordUpdater.xml
2 ms. Memory: 677888K Free: 387895K (57%)
----------------- Invoking toplevel() on ptolemy.moml.MoMLSimpleApplication@7235ac4a
----------------- Done invoking toplevel() on ptolemy.moml.MoMLSimpleApplication@7235ac4a
reloadAllAccessors: .RecordUpdater

===========================================================================================
----------------- testing Tue Oct 13 15:49:16 UTC 2020 /home/travis/build/icyphy/ptII/ptolemy/actor/lib/test/auto/RecordUpdater2.xml
----------------- Instantiating /home/travis/build/icyphy/ptII/ptolemy/actor/lib/test/auto/RecordUpdater2.xml
2 ms. Memory: 677888K Free: 382265K (56%)
----------------- Invoking toplevel() on ptolemy.moml.MoMLSimpleApplication@1914e685
----------------- Done invoking toplevel() on ptolemy.moml.MoMLSimpleApplication@1914e685
reloadAllAccessors: .RecordUpdater2

===========================================================================================
----------------- testing Tue Oct 13 15:49:16 UTC 2020 /home/travis/build/icyphy/ptII/ptolemy/actor/lib/test/auto/RecursiveLattice.xml
----------------- Instantiating /home/travis/build/icyphy/ptII/ptolemy/actor/lib/test/auto/RecursiveLattice.xml
3 ms. Memory: 677888K Free: 378169K (56%)
----------------- Invoking toplevel() on ptolemy.moml.MoMLSimpleApplication@59b0ca43
----------------- Done invoking toplevel() on ptolemy.moml.MoMLSimpleApplication@59b0ca43
reloadAllAccessors: .RecursiveLattice

===========================================================================================
----------------- testing Tue Oct 13 15:49:16 UTC 2020 /home/travis/build/icyphy/ptII/ptolemy/actor/lib/test/auto/Router.xml
----------------- Instantiating /home/travis/build/icyphy/ptII/ptolemy/actor/lib/test/auto/Router.xml
3003 ms. Memory: 677888K Free: 367929K (54%)
----------------- Invoking toplevel() on ptolemy.moml.MoMLSimpleApplication@470841a3
----------------- Done invoking toplevel() on ptolemy.moml.MoMLSimpleApplication@470841a3
reloadAllAccessors: .Router

===========================================================================================
----------------- testing Tue Oct 13 15:49:19 UTC 2020 /home/travis/build/icyphy/ptII/ptolemy/actor/lib/test/auto/Router2.xml
----------------- Instantiating /home/travis/build/icyphy/ptII/ptolemy/actor/lib/test/auto/Router2.xml
3003 ms. Memory: 677888K Free: 356665K (53%)
----------------- Invoking toplevel() on ptolemy.moml.MoMLSimpleApplication@7fe22a13
----------------- Done invoking toplevel() on ptolemy.moml.MoMLSimpleApplication@7fe22a13
reloadAllAccessors: .Router2

===========================================================================================
----------------- testing Tue Oct 13 15:49:22 UTC 2020 /home/travis/build/icyphy/ptII/ptolemy/actor/lib/test/auto/RunningMaximum.xml
----------------- Instantiating /home/travis/build/icyphy/ptII/ptolemy/actor/lib/test/auto/RunningMaximum.xml
2 ms. Memory: 677888K Free: 351545K (52%)
----------------- Invoking toplevel() on ptolemy.moml.MoMLSimpleApplication@7e366bfa
----------------- Done invoking toplevel() on ptolemy.moml.MoMLSimpleApplication@7e366bfa
reloadAllAccessors: .RunningMaximum

===========================================================================================
----------------- testing Tue Oct 13 15:49:22 UTC 2020 /home/travis/build/icyphy/ptII/ptolemy/actor/lib/test/auto/RunningMinimum.xml
----------------- Instantiating /home/travis/build/icyphy/ptII/ptolemy/actor/lib/test/auto/RunningMinimum.xml
8 ms. Memory: 677888K Free: 346935K (51%)
----------------- Invoking toplevel() on ptolemy.moml.MoMLSimpleApplication@723910c6
----------------- Done invoking toplevel() on ptolemy.moml.MoMLSimpleApplication@723910c6
reloadAllAccessors: .RunningMinimum

===========================================================================================
----------------- testing Tue Oct 13 15:49:22 UTC 2020 /home/travis/build/icyphy/ptII/ptolemy/actor/lib/test/auto/Scale.xml
----------------- Instantiating /home/travis/build/icyphy/ptII/ptolemy/actor/lib/test/auto/Scale.xml
1 ms. Memory: 677888K Free: 342329K (50%)
----------------- Invoking toplevel() on ptolemy.moml.MoMLSimpleApplication@6f230053
----------------- Done invoking toplevel() on ptolemy.moml.MoMLSimpleApplication@6f230053
reloadAllAccessors: .Scale

===========================================================================================
----------------- testing Tue Oct 13 15:49:22 UTC 2020 /home/travis/build/icyphy/ptII/ptolemy/actor/lib/test/auto/Scale2.xml
----------------- Instantiating /home/travis/build/icyphy/ptII/ptolemy/actor/lib/test/auto/Scale2.xml
2 ms. Memory: 677888K Free: 337719K (50%)
----------------- Invoking toplevel() on ptolemy.moml.MoMLSimpleApplication@6c588c18
----------------- Done invoking toplevel() on ptolemy.moml.MoMLSimpleApplication@6c588c18
reloadAllAccessors: .Scale2

===========================================================================================
----------------- testing Tue Oct 13 15:49:22 UTC 2020 /home/travis/build/icyphy/ptII/ptolemy/actor/lib/test/auto/Scale3.xml
----------------- Instantiating /home/travis/build/icyphy/ptII/ptolemy/actor/lib/test/auto/Scale3.xml
3 ms. Memory: 677888K Free: 330551K (49%)
----------------- Invoking toplevel() on ptolemy.moml.MoMLSimpleApplication@329276df
----------------- Done invoking toplevel() on ptolemy.moml.MoMLSimpleApplication@329276df
reloadAllAccessors: .Scale3

===========================================================================================
----------------- testing Tue Oct 13 15:49:22 UTC 2020 /home/travis/build/icyphy/ptII/ptolemy/actor/lib/test/auto/ScaleArray.xml
----------------- Instantiating /home/travis/build/icyphy/ptII/ptolemy/actor/lib/test/auto/ScaleArray.xml
6 ms. Memory: 677888K Free: 325945K (48%)
----------------- Invoking toplevel() on ptolemy.moml.MoMLSimpleApplication@52550043
----------------- Done invoking toplevel() on ptolemy.moml.MoMLSimpleApplication@52550043
reloadAllAccessors: .ScaleArray

===========================================================================================
----------------- testing Tue Oct 13 15:49:22 UTC 2020 /home/travis/build/icyphy/ptII/ptolemy/actor/lib/test/auto/ScaleArray2.xml
----------------- Instantiating /home/travis/build/icyphy/ptII/ptolemy/actor/lib/test/auto/ScaleArray2.xml
1 ms. Memory: 677888K Free: 321335K (47%)
----------------- Invoking toplevel() on ptolemy.moml.MoMLSimpleApplication@33c0a789
----------------- Done invoking toplevel() on ptolemy.moml.MoMLSimpleApplication@33c0a789
reloadAllAccessors: .ScaleArray2

===========================================================================================
----------------- testing Tue Oct 13 15:49:22 UTC 2020 /home/travis/build/icyphy/ptII/ptolemy/actor/lib/test/auto/ScaleMatrix.xml
----------------- Instantiating /home/travis/build/icyphy/ptII/ptolemy/actor/lib/test/auto/ScaleMatrix.xml
128 ms. Memory: 677888K Free: 307513K (45%)
----------------- Invoking toplevel() on ptolemy.moml.MoMLSimpleApplication@1688aa9b
----------------- Done invoking toplevel() on ptolemy.moml.MoMLSimpleApplication@1688aa9b
reloadAllAccessors: .ScaleMatrix

===========================================================================================
----------------- testing Tue Oct 13 15:49:23 UTC 2020 /home/travis/build/icyphy/ptII/ptolemy/actor/lib/test/auto/Select.xml
----------------- Instantiating /home/travis/build/icyphy/ptII/ptolemy/actor/lib/test/auto/Select.xml
2 ms. Memory: 677888K Free: 300841K (44%)
----------------- Invoking toplevel() on ptolemy.moml.MoMLSimpleApplication@7d6c30f
----------------- Done invoking toplevel() on ptolemy.moml.MoMLSimpleApplication@7d6c30f
reloadAllAccessors: .Select

===========================================================================================
----------------- testing Tue Oct 13 15:49:23 UTC 2020 /home/travis/build/icyphy/ptII/ptolemy/actor/lib/test/auto/Select2.xml
----------------- Instantiating /home/travis/build/icyphy/ptII/ptolemy/actor/lib/test/auto/Select2.xml
1 ms. Memory: 677888K Free: 296249K (44%)
----------------- Invoking toplevel() on ptolemy.moml.MoMLSimpleApplication@422b4a0f
----------------- Done invoking toplevel() on ptolemy.moml.MoMLSimpleApplication@422b4a0f
reloadAllAccessors: .Select2

===========================================================================================
----------------- testing Tue Oct 13 15:49:23 UTC 2020 /home/travis/build/icyphy/ptII/ptolemy/actor/lib/test/auto/SequenceToArray2.xml
----------------- Instantiating /home/travis/build/icyphy/ptII/ptolemy/actor/lib/test/auto/SequenceToArray2.xml
82 ms. Memory: 677888K Free: 272183K (40%)
----------------- Invoking toplevel() on ptolemy.moml.MoMLSimpleApplication@307c50b
----------------- Done invoking toplevel() on ptolemy.moml.MoMLSimpleApplication@307c50b
reloadAllAccessors: .SequenceToArray2

===========================================================================================
----------------- testing Tue Oct 13 15:49:23 UTC 2020 /home/travis/build/icyphy/ptII/ptolemy/actor/lib/test/auto/SequentialClock.xml
----------------- Instantiating /home/travis/build/icyphy/ptII/ptolemy/actor/lib/test/auto/SequentialClock.xml
2 ms. Memory: 677888K Free: 267577K (39%)
----------------- Invoking toplevel() on ptolemy.moml.MoMLSimpleApplication@7fabb0e0
----------------- Done invoking toplevel() on ptolemy.moml.MoMLSimpleApplication@7fabb0e0
reloadAllAccessors: .SequentialClock

===========================================================================================
----------------- testing Tue Oct 13 15:49:23 UTC 2020 /home/travis/build/icyphy/ptII/ptolemy/actor/lib/test/auto/SetVariable.xml
----------------- Instantiating /home/travis/build/icyphy/ptII/ptolemy/actor/lib/test/auto/SetVariable.xml
2 ms. Memory: 677888K Free: 262457K (39%)
----------------- Invoking toplevel() on ptolemy.moml.MoMLSimpleApplication@47b65d6f
----------------- Done invoking toplevel() on ptolemy.moml.MoMLSimpleApplication@47b65d6f
reloadAllAccessors: .SetVariable

===========================================================================================
----------------- testing Tue Oct 13 15:49:23 UTC 2020 /home/travis/build/icyphy/ptII/ptolemy/actor/lib/test/auto/SetVariable2.xml
----------------- Instantiating /home/travis/build/icyphy/ptII/ptolemy/actor/lib/test/auto/SetVariable2.xml
4 ms. Memory: 677888K Free: 257337K (38%)
----------------- Invoking toplevel() on ptolemy.moml.MoMLSimpleApplication@12b2f4c4
----------------- Done invoking toplevel() on ptolemy.moml.MoMLSimpleApplication@12b2f4c4
reloadAllAccessors: .SetVariable2

===========================================================================================
----------------- testing Tue Oct 13 15:49:23 UTC 2020 /home/travis/build/icyphy/ptII/ptolemy/actor/lib/test/auto/SetVariable3.xml
----------------- Instantiating /home/travis/build/icyphy/ptII/ptolemy/actor/lib/test/auto/SetVariable3.xml
7 ms. Memory: 677888K Free: 252217K (37%)
----------------- Invoking toplevel() on ptolemy.moml.MoMLSimpleApplication@1de09b17
----------------- Done invoking toplevel() on ptolemy.moml.MoMLSimpleApplication@1de09b17
reloadAllAccessors: .SetVariable3

===========================================================================================
----------------- testing Tue Oct 13 15:49:23 UTC 2020 /home/travis/build/icyphy/ptII/ptolemy/actor/lib/test/auto/SetVariable4.xml
----------------- Instantiating /home/travis/build/icyphy/ptII/ptolemy/actor/lib/test/auto/SetVariable4.xml
16 ms. Memory: 677888K Free: 241975K (36%)
----------------- Invoking toplevel() on ptolemy.moml.MoMLSimpleApplication@62d83d09
----------------- Done invoking toplevel() on ptolemy.moml.MoMLSimpleApplication@62d83d09
reloadAllAccessors: .SetVariable4

===========================================================================================
----------------- testing Tue Oct 13 15:49:23 UTC 2020 /home/travis/build/icyphy/ptII/ptolemy/actor/lib/test/auto/SetVariable5.xml
----------------- Instantiating /home/travis/build/icyphy/ptII/ptolemy/actor/lib/test/auto/SetVariable5.xml
14 ms. Memory: 677888K Free: 232761K (34%)
----------------- Invoking toplevel() on ptolemy.moml.MoMLSimpleApplication@43e6f08d
----------------- Done invoking toplevel() on ptolemy.moml.MoMLSimpleApplication@43e6f08d
reloadAllAccessors: .SetVariable5

===========================================================================================
----------------- testing Tue Oct 13 15:49:23 UTC 2020 /home/travis/build/icyphy/ptII/ptolemy/actor/lib/test/auto/Sinewave.xml
----------------- Instantiating /home/travis/build/icyphy/ptII/ptolemy/actor/lib/test/auto/Sinewave.xml
13 ms. Memory: 677888K Free: 625061K (92%)
----------------- Invoking toplevel() on ptolemy.moml.MoMLSimpleApplication@752fc545
----------------- Done invoking toplevel() on ptolemy.moml.MoMLSimpleApplication@752fc545
reloadAllAccessors: .Sinewave

===========================================================================================
----------------- testing Tue Oct 13 15:49:23 UTC 2020 /home/travis/build/icyphy/ptII/ptolemy/actor/lib/test/auto/Sinewave2.xml
----------------- Instantiating /home/travis/build/icyphy/ptII/ptolemy/actor/lib/test/auto/Sinewave2.xml
6 ms. Memory: 677888K Free: 616359K (91%)
----------------- Invoking toplevel() on ptolemy.moml.MoMLSimpleApplication@3f827b40
----------------- Done invoking toplevel() on ptolemy.moml.MoMLSimpleApplication@3f827b40
reloadAllAccessors: .Sinewave2

===========================================================================================
----------------- testing Tue Oct 13 15:49:23 UTC 2020 /home/travis/build/icyphy/ptII/ptolemy/actor/lib/test/auto/Sinewave3.xml
----------------- Instantiating /home/travis/build/icyphy/ptII/ptolemy/actor/lib/test/auto/Sinewave3.xml
12 ms. Memory: 677888K Free: 607143K (90%)
----------------- Invoking toplevel() on ptolemy.moml.MoMLSimpleApplication@7d421da4
----------------- Done invoking toplevel() on ptolemy.moml.MoMLSimpleApplication@7d421da4
reloadAllAccessors: .Sinewave3

===========================================================================================
----------------- testing Tue Oct 13 15:49:23 UTC 2020 /home/travis/build/icyphy/ptII/ptolemy/actor/lib/test/auto/SingleEvent.xml
----------------- Instantiating /home/travis/build/icyphy/ptII/ptolemy/actor/lib/test/auto/SingleEvent.xml
1 ms. Memory: 677888K Free: 603047K (89%)
----------------- Invoking toplevel() on ptolemy.moml.MoMLSimpleApplication@66502b2b
----------------- Done invoking toplevel() on ptolemy.moml.MoMLSimpleApplication@66502b2b
reloadAllAccessors: .SingleEvent

===========================================================================================
----------------- testing Tue Oct 13 15:49:23 UTC 2020 /home/travis/build/icyphy/ptII/ptolemy/actor/lib/test/auto/Sleep.xml
----------------- Instantiating /home/travis/build/icyphy/ptII/ptolemy/actor/lib/test/auto/Sleep.xml
6003 ms. Memory: 677888K Free: 597413K (88%)
----------------- Invoking toplevel() on ptolemy.moml.MoMLSimpleApplication@a784b67
----------------- Done invoking toplevel() on ptolemy.moml.MoMLSimpleApplication@a784b67
reloadAllAccessors: .Sleep

===========================================================================================
----------------- testing Tue Oct 13 15:49:29 UTC 2020 /home/travis/build/icyphy/ptII/ptolemy/actor/lib/test/auto/SleepMultipleFire.xml
----------------- Instantiating /home/travis/build/icyphy/ptII/ptolemy/actor/lib/test/auto/SleepMultipleFire.xml
1003 ms. Memory: 677888K Free: 591269K (87%)
----------------- Invoking toplevel() on ptolemy.moml.MoMLSimpleApplication@60386001
----------------- Done invoking toplevel() on ptolemy.moml.MoMLSimpleApplication@60386001
reloadAllAccessors: .SleepMultipleFire

===========================================================================================
----------------- testing Tue Oct 13 15:49:30 UTC 2020 /home/travis/build/icyphy/ptII/ptolemy/actor/lib/test/auto/StopDE.xml
----------------- Instantiating /home/travis/build/icyphy/ptII/ptolemy/actor/lib/test/auto/StopDE.xml
3 ms. Memory: 677888K Free: 585639K (86%)
----------------- Invoking toplevel() on ptolemy.moml.MoMLSimpleApplication@2e1c6728
----------------- Done invoking toplevel() on ptolemy.moml.MoMLSimpleApplication@2e1c6728
reloadAllAccessors: .StopDE

===========================================================================================
----------------- testing Tue Oct 13 15:49:30 UTC 2020 /home/travis/build/icyphy/ptII/ptolemy/actor/lib/test/auto/StopSDF.xml
----------------- Instantiating /home/travis/build/icyphy/ptII/ptolemy/actor/lib/test/auto/StopSDF.xml
4 ms. Memory: 677888K Free: 580519K (86%)
----------------- Invoking toplevel() on ptolemy.moml.MoMLSimpleApplication@3dfb18
----------------- Done invoking toplevel() on ptolemy.moml.MoMLSimpleApplication@3dfb18
reloadAllAccessors: .StopSDF

===========================================================================================
----------------- testing Tue Oct 13 15:49:30 UTC 2020 /home/travis/build/icyphy/ptII/ptolemy/actor/lib/test/auto/StringConstant.xml
----------------- Instantiating /home/travis/build/icyphy/ptII/ptolemy/actor/lib/test/auto/StringConstant.xml
8 ms. Memory: 677888K Free: 575909K (85%)
----------------- Invoking toplevel() on ptolemy.moml.MoMLSimpleApplication@1f89ad80
----------------- Done invoking toplevel() on ptolemy.moml.MoMLSimpleApplication@1f89ad80
reloadAllAccessors: .StringConstant

===========================================================================================
----------------- testing Tue Oct 13 15:49:30 UTC 2020 /home/travis/build/icyphy/ptII/ptolemy/actor/lib/test/auto/SubscriberPortInitialValues1.xml
----------------- Instantiating /home/travis/build/icyphy/ptII/ptolemy/actor/lib/test/auto/SubscriberPortInitialValues1.xml
7 ms. Memory: 677888K Free: 567207K (84%)
----------------- Invoking toplevel() on ptolemy.moml.MoMLSimpleApplication@674ee09e
----------------- Done invoking toplevel() on ptolemy.moml.MoMLSimpleApplication@674ee09e
reloadAllAccessors: .SubscriberPortInitialValues1

===========================================================================================
----------------- testing Tue Oct 13 15:49:30 UTC 2020 /home/travis/build/icyphy/ptII/ptolemy/actor/lib/test/auto/SubscriberPortInitialValues13.xml
----------------- Instantiating /home/travis/build/icyphy/ptII/ptolemy/actor/lib/test/auto/SubscriberPortInitialValues13.xml
4 ms. Memory: 677888K Free: 554405K (82%)
----------------- Invoking toplevel() on ptolemy.moml.MoMLSimpleApplication@378af370
----------------- Done invoking toplevel() on ptolemy.moml.MoMLSimpleApplication@378af370
reloadAllAccessors: .SubscriberPortInitialValues13

===========================================================================================
----------------- testing Tue Oct 13 15:49:30 UTC 2020 /home/travis/build/icyphy/ptII/ptolemy/actor/lib/test/auto/SubscriberPortInitialValues14.xml
----------------- Instantiating /home/travis/build/icyphy/ptII/ptolemy/actor/lib/test/auto/SubscriberPortInitialValues14.xml
10 ms. Memory: 677888K Free: 546213K (81%)
----------------- Invoking toplevel() on ptolemy.moml.MoMLSimpleApplication@389fce02
----------------- Done invoking toplevel() on ptolemy.moml.MoMLSimpleApplication@389fce02
reloadAllAccessors: .SubscriberPortInitialValues14

===========================================================================================
----------------- testing Tue Oct 13 15:49:30 UTC 2020 /home/travis/build/icyphy/ptII/ptolemy/actor/lib/test/auto/SubscriberPortInitialValues2.xml
----------------- Instantiating /home/travis/build/icyphy/ptII/ptolemy/actor/lib/test/auto/SubscriberPortInitialValues2.xml
2 ms. Memory: 677888K Free: 538535K (79%)
----------------- Invoking toplevel() on ptolemy.moml.MoMLSimpleApplication@5c63e5c4
----------------- Done invoking toplevel() on ptolemy.moml.MoMLSimpleApplication@5c63e5c4
reloadAllAccessors: .SubscriberPortInitialValues2

===========================================================================================
----------------- testing Tue Oct 13 15:49:30 UTC 2020 /home/travis/build/icyphy/ptII/ptolemy/actor/lib/test/auto/SubscriberPortInitialValues3.xml
----------------- Instantiating /home/travis/build/icyphy/ptII/ptolemy/actor/lib/test/auto/SubscriberPortInitialValues3.xml
3 ms. Memory: 677888K Free: 527271K (78%)
----------------- Invoking toplevel() on ptolemy.moml.MoMLSimpleApplication@2272b52c
----------------- Done invoking toplevel() on ptolemy.moml.MoMLSimpleApplication@2272b52c
reloadAllAccessors: .SubscriberPortInitialValues3

===========================================================================================
----------------- testing Tue Oct 13 15:49:30 UTC 2020 /home/travis/build/icyphy/ptII/ptolemy/actor/lib/test/auto/SubscriptionAggregator.xml
----------------- Instantiating /home/travis/build/icyphy/ptII/ptolemy/actor/lib/test/auto/SubscriptionAggregator.xml
1 ms. Memory: 677888K Free: 520103K (77%)
----------------- Invoking toplevel() on ptolemy.moml.MoMLSimpleApplication@2b3b964f
----------------- Done invoking toplevel() on ptolemy.moml.MoMLSimpleApplication@2b3b964f
reloadAllAccessors: .SubscriptionAggregator

===========================================================================================
----------------- testing Tue Oct 13 15:49:30 UTC 2020 /home/travis/build/icyphy/ptII/ptolemy/actor/lib/test/auto/SubscriptionAggregator2.xml
----------------- Instantiating /home/travis/build/icyphy/ptII/ptolemy/actor/lib/test/auto/SubscriptionAggregator2.xml
2 ms. Memory: 677888K Free: 512935K (76%)
----------------- Invoking toplevel() on ptolemy.moml.MoMLSimpleApplication@c8014e7
----------------- Done invoking toplevel() on ptolemy.moml.MoMLSimpleApplication@c8014e7
reloadAllAccessors: .SubscriptionAggregator2

===========================================================================================
----------------- testing Tue Oct 13 15:49:30 UTC 2020 /home/travis/build/icyphy/ptII/ptolemy/actor/lib/test/auto/SubscriptionAggregator3.xml
----------------- Instantiating /home/travis/build/icyphy/ptII/ptolemy/actor/lib/test/auto/SubscriptionAggregator3.xml
3 ms. Memory: 677888K Free: 504229K (74%)
----------------- Invoking toplevel() on ptolemy.moml.MoMLSimpleApplication@3f359ac1
----------------- Done invoking toplevel() on ptolemy.moml.MoMLSimpleApplication@3f359ac1
reloadAllAccessors: .SubscriptionAggregator3

===========================================================================================
----------------- testing Tue Oct 13 15:49:30 UTC 2020 /home/travis/build/icyphy/ptII/ptolemy/actor/lib/test/auto/SubscriptionAggregatorMultiply.xml
----------------- Instantiating /home/travis/build/icyphy/ptII/ptolemy/actor/lib/test/auto/SubscriptionAggregatorMultiply.xml
9 ms. Memory: 677888K Free: 495007K (73%)
----------------- Invoking toplevel() on ptolemy.moml.MoMLSimpleApplication@36953e35
----------------- Done invoking toplevel() on ptolemy.moml.MoMLSimpleApplication@36953e35
reloadAllAccessors: .SubscriptionAggregatorMultiply

===========================================================================================
----------------- testing Tue Oct 13 15:49:30 UTC 2020 /home/travis/build/icyphy/ptII/ptolemy/actor/lib/test/auto/SubscriptionAggregatorPortMultiply1.xml
----------------- Instantiating /home/travis/build/icyphy/ptII/ptolemy/actor/lib/test/auto/SubscriptionAggregatorPortMultiply1.xml
3 ms. Memory: 677888K Free: 487335K (72%)
----------------- Invoking toplevel() on ptolemy.moml.MoMLSimpleApplication@75d3216e
----------------- Done invoking toplevel() on ptolemy.moml.MoMLSimpleApplication@75d3216e
reloadAllAccessors: .SubscriptionAggregatorPortMultiply1

===========================================================================================
----------------- testing Tue Oct 13 15:49:30 UTC 2020 /home/travis/build/icyphy/ptII/ptolemy/actor/lib/test/auto/Switch.xml
----------------- Instantiating /home/travis/build/icyphy/ptII/ptolemy/actor/lib/test/auto/Switch.xml
7 ms. Memory: 677888K Free: 479143K (71%)
----------------- Invoking toplevel() on ptolemy.moml.MoMLSimpleApplication@1dbe64f4
----------------- Done invoking toplevel() on ptolemy.moml.MoMLSimpleApplication@1dbe64f4
reloadAllAccessors: .Switch

===========================================================================================
----------------- testing Tue Oct 13 15:49:30 UTC 2020 /home/travis/build/icyphy/ptII/ptolemy/actor/lib/test/auto/Switch2.xml
----------------- Instantiating /home/travis/build/icyphy/ptII/ptolemy/actor/lib/test/auto/Switch2.xml
1 ms. Memory: 677888K Free: 474023K (70%)
----------------- Invoking toplevel() on ptolemy.moml.MoMLSimpleApplication@2c007328
----------------- Done invoking toplevel() on ptolemy.moml.MoMLSimpleApplication@2c007328
reloadAllAccessors: .Switch2

===========================================================================================
----------------- testing Tue Oct 13 15:49:30 UTC 2020 /home/travis/build/icyphy/ptII/ptolemy/actor/lib/test/auto/SwitchDE.xml
----------------- Instantiating /home/travis/build/icyphy/ptII/ptolemy/actor/lib/test/auto/SwitchDE.xml
3 ms. Memory: 677888K Free: 467879K (69%)
----------------- Invoking toplevel() on ptolemy.moml.MoMLSimpleApplication@183dcec0
----------------- Done invoking toplevel() on ptolemy.moml.MoMLSimpleApplication@183dcec0
reloadAllAccessors: .SwitchDE

===========================================================================================
----------------- testing Tue Oct 13 15:49:30 UTC 2020 /home/travis/build/icyphy/ptII/ptolemy/actor/lib/test/auto/SynchronizerDE.xml
----------------- Instantiating /home/travis/build/icyphy/ptII/ptolemy/actor/lib/test/auto/SynchronizerDE.xml
8 ms. Memory: 677888K Free: 459687K (68%)
----------------- Invoking toplevel() on ptolemy.moml.MoMLSimpleApplication@4f2f4c37
----------------- Done invoking toplevel() on ptolemy.moml.MoMLSimpleApplication@4f2f4c37
reloadAllAccessors: .SynchronizerDE

===========================================================================================
----------------- testing Tue Oct 13 15:49:30 UTC 2020 /home/travis/build/icyphy/ptII/ptolemy/actor/lib/test/auto/Test.xml
----------------- Instantiating /home/travis/build/icyphy/ptII/ptolemy/actor/lib/test/auto/Test.xml
2 ms. Memory: 677888K Free: 454023K (67%)
----------------- Invoking toplevel() on ptolemy.moml.MoMLSimpleApplication@72abd7fb
----------------- Done invoking toplevel() on ptolemy.moml.MoMLSimpleApplication@72abd7fb
reloadAllAccessors: .Test

===========================================================================================
----------------- testing Tue Oct 13 15:49:30 UTC 2020 /home/travis/build/icyphy/ptII/ptolemy/actor/lib/test/auto/TestExceptionAttribute1.xml
----------------- Instantiating /home/travis/build/icyphy/ptII/ptolemy/actor/lib/test/auto/TestExceptionAttribute1.xml
1 ms. Memory: 677888K Free: 450471K (66%)
----------------- Invoking toplevel() on ptolemy.moml.MoMLSimpleApplication@35129643
----------------- Done invoking toplevel() on ptolemy.moml.MoMLSimpleApplication@35129643
reloadAllAccessors: .TestExceptionAttribute1

===========================================================================================
----------------- testing Tue Oct 13 15:49:30 UTC 2020 /home/travis/build/icyphy/ptII/ptolemy/actor/lib/test/auto/TestExceptionAttribute2.xml
----------------- Instantiating /home/travis/build/icyphy/ptII/ptolemy/actor/lib/test/auto/TestExceptionAttribute2.xml
1 ms. Memory: 677888K Free: 446885K (66%)
----------------- Invoking toplevel() on ptolemy.moml.MoMLSimpleApplication@58e9632
----------------- Done invoking toplevel() on ptolemy.moml.MoMLSimpleApplication@58e9632
reloadAllAccessors: .TestExceptionAttribute2

===========================================================================================
----------------- testing Tue Oct 13 15:49:30 UTC 2020 /home/travis/build/icyphy/ptII/ptolemy/actor/lib/test/auto/TestExceptionAttribute3.xml
----------------- Instantiating /home/travis/build/icyphy/ptII/ptolemy/actor/lib/test/auto/TestExceptionAttribute3.xml
.TestExceptionAttribute3.TestExceptionAttribute: initialize() was not invoked, but wrapup() was.  This is unusual, but not always a problem.  For example, exporting JNLP will do this.
1 ms. Memory: 677888K Free: 442789K (65%)
----------------- Invoking toplevel() on ptolemy.moml.MoMLSimpleApplication@6cf37997
----------------- Done invoking toplevel() on ptolemy.moml.MoMLSimpleApplication@6cf37997
reloadAllAccessors: .TestExceptionAttribute3

===========================================================================================
----------------- testing Tue Oct 13 15:49:30 UTC 2020 /home/travis/build/icyphy/ptII/ptolemy/actor/lib/test/auto/TestExceptionAttribute4.xml
----------------- Instantiating /home/travis/build/icyphy/ptII/ptolemy/actor/lib/test/auto/TestExceptionAttribute4.xml
.TestExceptionAttribute4.TestExceptionAttribute: initialize() was not invoked, but wrapup() was.  This is unusual, but not always a problem.  For example, exporting JNLP will do this.
.TestExceptionAttribute4.TestExceptionAttribute2: initialize() was not invoked, but wrapup() was.  This is unusual, but not always a problem.  For example, exporting JNLP will do this.
0 ms. Memory: 677888K Free: 438693K (65%)
----------------- Invoking toplevel() on ptolemy.moml.MoMLSimpleApplication@fb52af5
----------------- Done invoking toplevel() on ptolemy.moml.MoMLSimpleApplication@fb52af5
reloadAllAccessors: .TestExceptionAttribute4

===========================================================================================
----------------- testing Tue Oct 13 15:49:30 UTC 2020 /home/travis/build/icyphy/ptII/ptolemy/actor/lib/test/auto/TestExceptionHandler1.xml
----------------- Instantiating /home/travis/build/icyphy/ptII/ptolemy/actor/lib/test/auto/TestExceptionHandler1.xml
1 ms. Memory: 677888K Free: 434597K (64%)
----------------- Invoking toplevel() on ptolemy.moml.MoMLSimpleApplication@3e1a39df
----------------- Done invoking toplevel() on ptolemy.moml.MoMLSimpleApplication@3e1a39df
reloadAllAccessors: .TestExceptionHandler1

===========================================================================================
----------------- testing Tue Oct 13 15:49:30 UTC 2020 /home/travis/build/icyphy/ptII/ptolemy/actor/lib/test/auto/TestExceptionHandler2.xml
----------------- Instantiating /home/travis/build/icyphy/ptII/ptolemy/actor/lib/test/auto/TestExceptionHandler2.xml
1 ms. Memory: 677888K Free: 431015K (64%)
----------------- Invoking toplevel() on ptolemy.moml.MoMLSimpleApplication@1894e0b1
----------------- Done invoking toplevel() on ptolemy.moml.MoMLSimpleApplication@1894e0b1
reloadAllAccessors: .TestExceptionHandler2

===========================================================================================
----------------- testing Tue Oct 13 15:49:30 UTC 2020 /home/travis/build/icyphy/ptII/ptolemy/actor/lib/test/auto/TestExceptionHandler3.xml
----------------- Instantiating /home/travis/build/icyphy/ptII/ptolemy/actor/lib/test/auto/TestExceptionHandler3.xml
1 ms. Memory: 677888K Free: 427429K (63%)
----------------- Invoking toplevel() on ptolemy.moml.MoMLSimpleApplication@588e271d
----------------- Done invoking toplevel() on ptolemy.moml.MoMLSimpleApplication@588e271d
reloadAllAccessors: .TestExceptionHandler3

===========================================================================================
----------------- testing Tue Oct 13 15:49:30 UTC 2020 /home/travis/build/icyphy/ptII/ptolemy/actor/lib/test/auto/TestExceptionHandler4.xml
----------------- Instantiating /home/travis/build/icyphy/ptII/ptolemy/actor/lib/test/auto/TestExceptionHandler4.xml
1 ms. Memory: 677888K Free: 422823K (62%)
----------------- Invoking toplevel() on ptolemy.moml.MoMLSimpleApplication@63f93660
----------------- Done invoking toplevel() on ptolemy.moml.MoMLSimpleApplication@63f93660
reloadAllAccessors: .TestExceptionHandler4

===========================================================================================
----------------- testing Tue Oct 13 15:49:30 UTC 2020 /home/travis/build/icyphy/ptII/ptolemy/actor/lib/test/auto/TestRequireCorrectOrder.xml
----------------- Instantiating /home/travis/build/icyphy/ptII/ptolemy/actor/lib/test/auto/TestRequireCorrectOrder.xml
8 ms. Memory: 677888K Free: 417703K (62%)
----------------- Invoking toplevel() on ptolemy.moml.MoMLSimpleApplication@4dd2547a
----------------- Done invoking toplevel() on ptolemy.moml.MoMLSimpleApplication@4dd2547a
reloadAllAccessors: .TestRequireCorrectOrder

===========================================================================================
----------------- testing Tue Oct 13 15:49:30 UTC 2020 /home/travis/build/icyphy/ptII/ptolemy/actor/lib/test/auto/TestSimple.xml
----------------- Instantiating /home/travis/build/icyphy/ptII/ptolemy/actor/lib/test/auto/TestSimple.xml
3 ms. Memory: 677888K Free: 413093K (61%)
----------------- Invoking toplevel() on ptolemy.moml.MoMLSimpleApplication@11a10d49
----------------- Done invoking toplevel() on ptolemy.moml.MoMLSimpleApplication@11a10d49
reloadAllAccessors: .TestSimple

===========================================================================================
----------------- testing Tue Oct 13 15:49:30 UTC 2020 /home/travis/build/icyphy/ptII/ptolemy/actor/lib/test/auto/ThrowModelError.xml
----------------- Instantiating /home/travis/build/icyphy/ptII/ptolemy/actor/lib/test/auto/ThrowModelError.xml
1 ms. Memory: 677888K Free: 407973K (60%)
----------------- Invoking toplevel() on ptolemy.moml.MoMLSimpleApplication@15c0c68d
----------------- Done invoking toplevel() on ptolemy.moml.MoMLSimpleApplication@15c0c68d
reloadAllAccessors: .ThrowModelError

===========================================================================================
----------------- testing Tue Oct 13 15:49:30 UTC 2020 /home/travis/build/icyphy/ptII/ptolemy/actor/lib/test/auto/TimeDelayMicrosteps.xml
----------------- Instantiating /home/travis/build/icyphy/ptII/ptolemy/actor/lib/test/auto/TimeDelayMicrosteps.xml
2 ms. Memory: 677888K Free: 401319K (59%)
----------------- Invoking toplevel() on ptolemy.moml.MoMLSimpleApplication@30ce4939
----------------- Done invoking toplevel() on ptolemy.moml.MoMLSimpleApplication@30ce4939
reloadAllAccessors: .TimeDelayMicrosteps

===========================================================================================
----------------- testing Tue Oct 13 15:49:30 UTC 2020 /home/travis/build/icyphy/ptII/ptolemy/actor/lib/test/auto/TimeDelayMicrosteps2.xml
----------------- Instantiating /home/travis/build/icyphy/ptII/ptolemy/actor/lib/test/auto/TimeDelayMicrosteps2.xml
4 ms. Memory: 677888K Free: 393623K (58%)
----------------- Invoking toplevel() on ptolemy.moml.MoMLSimpleApplication@bf61b5e
----------------- Done invoking toplevel() on ptolemy.moml.MoMLSimpleApplication@bf61b5e
reloadAllAccessors: .TimeDelayMicrosteps2

===========================================================================================
----------------- testing Tue Oct 13 15:49:31 UTC 2020 /home/travis/build/icyphy/ptII/ptolemy/actor/lib/test/auto/TimeDelayMicrosteps3.xml
----------------- Instantiating /home/travis/build/icyphy/ptII/ptolemy/actor/lib/test/auto/TimeDelayMicrosteps3.xml
3 ms. Memory: 677888K Free: 386983K (57%)
----------------- Invoking toplevel() on ptolemy.moml.MoMLSimpleApplication@6cb5c39c
----------------- Done invoking toplevel() on ptolemy.moml.MoMLSimpleApplication@6cb5c39c
reloadAllAccessors: .TimeDelayMicrosteps3

===========================================================================================
----------------- testing Tue Oct 13 15:49:31 UTC 2020 /home/travis/build/icyphy/ptII/ptolemy/actor/lib/test/auto/TimeDelayVariableMicrosteps.xml
----------------- Instantiating /home/travis/build/icyphy/ptII/ptolemy/actor/lib/test/auto/TimeDelayVariableMicrosteps.xml
6 ms. Memory: 677888K Free: 380325K (56%)
----------------- Invoking toplevel() on ptolemy.moml.MoMLSimpleApplication@c67cf37
----------------- Done invoking toplevel() on ptolemy.moml.MoMLSimpleApplication@c67cf37
reloadAllAccessors: .TimeDelayVariableMicrosteps

===========================================================================================
----------------- testing Tue Oct 13 15:49:31 UTC 2020 /home/travis/build/icyphy/ptII/ptolemy/actor/lib/test/auto/TimeGap.xml
----------------- Instantiating /home/travis/build/icyphy/ptII/ptolemy/actor/lib/test/auto/TimeGap.xml
3 ms. Memory: 677888K Free: 374695K (55%)
----------------- Invoking toplevel() on ptolemy.moml.MoMLSimpleApplication@5bdf677a
----------------- Done invoking toplevel() on ptolemy.moml.MoMLSimpleApplication@5bdf677a
reloadAllAccessors: .TimeGap

===========================================================================================
----------------- testing Tue Oct 13 15:49:31 UTC 2020 /home/travis/build/icyphy/ptII/ptolemy/actor/lib/test/auto/TimeGap2.xml
----------------- Instantiating /home/travis/build/icyphy/ptII/ptolemy/actor/lib/test/auto/TimeGap2.xml
2 ms. Memory: 677888K Free: 369047K (54%)
----------------- Invoking toplevel() on ptolemy.moml.MoMLSimpleApplication@79790d15
----------------- Done invoking toplevel() on ptolemy.moml.MoMLSimpleApplication@79790d15
reloadAllAccessors: .TimeGap2

===========================================================================================
----------------- testing Tue Oct 13 15:49:31 UTC 2020 /home/travis/build/icyphy/ptII/ptolemy/actor/lib/test/auto/TimedSinewave.xml
----------------- Instantiating /home/travis/build/icyphy/ptII/ptolemy/actor/lib/test/auto/TimedSinewave.xml
22 ms. Memory: 677888K Free: 354215K (52%)
----------------- Invoking toplevel() on ptolemy.moml.MoMLSimpleApplication@30575f3f
----------------- Done invoking toplevel() on ptolemy.moml.MoMLSimpleApplication@30575f3f
reloadAllAccessors: .TimedSinewave

===========================================================================================
----------------- testing Tue Oct 13 15:49:31 UTC 2020 /home/travis/build/icyphy/ptII/ptolemy/actor/lib/test/auto/TimedSinewavePhase.xml
----------------- Instantiating /home/travis/build/icyphy/ptII/ptolemy/actor/lib/test/auto/TimedSinewavePhase.xml
9 ms. Memory: 677888K Free: 344485K (51%)
----------------- Invoking toplevel() on ptolemy.moml.MoMLSimpleApplication@6197c594
----------------- Done invoking toplevel() on ptolemy.moml.MoMLSimpleApplication@6197c594
reloadAllAccessors: .TimedSinewavePhase

===========================================================================================
----------------- testing Tue Oct 13 15:49:31 UTC 2020 /home/travis/build/icyphy/ptII/ptolemy/actor/lib/test/auto/Timer.xml
----------------- Instantiating /home/travis/build/icyphy/ptII/ptolemy/actor/lib/test/auto/Timer.xml
2 ms. Memory: 677888K Free: 338341K (50%)
----------------- Invoking toplevel() on ptolemy.moml.MoMLSimpleApplication@5291569b
----------------- Done invoking toplevel() on ptolemy.moml.MoMLSimpleApplication@5291569b
reloadAllAccessors: .Timer

===========================================================================================
----------------- testing Tue Oct 13 15:49:31 UTC 2020 /home/travis/build/icyphy/ptII/ptolemy/actor/lib/test/auto/TriangularDistTestModel.xml
----------------- Instantiating /home/travis/build/icyphy/ptII/ptolemy/actor/lib/test/auto/TriangularDistTestModel.xml
2 ms. Memory: 677888K Free: 332711K (49%)
----------------- Invoking toplevel() on ptolemy.moml.MoMLSimpleApplication@6922c472
----------------- Done invoking toplevel() on ptolemy.moml.MoMLSimpleApplication@6922c472
reloadAllAccessors: .TriangularDistTestModel

===========================================================================================
----------------- testing Tue Oct 13 15:49:31 UTC 2020 /home/travis/build/icyphy/ptII/ptolemy/actor/lib/test/auto/TrigFunction.xml
----------------- Instantiating /home/travis/build/icyphy/ptII/ptolemy/actor/lib/test/auto/TrigFunction.xml
1 ms. Memory: 677888K Free: 328101K (48%)
----------------- Invoking toplevel() on ptolemy.moml.MoMLSimpleApplication@700cc041
----------------- Done invoking toplevel() on ptolemy.moml.MoMLSimpleApplication@700cc041
reloadAllAccessors: .TrigFunction

===========================================================================================
----------------- testing Tue Oct 13 15:49:31 UTC 2020 /home/travis/build/icyphy/ptII/ptolemy/actor/lib/test/auto/TrigFunctionDE.xml
----------------- Instantiating /home/travis/build/icyphy/ptII/ptolemy/actor/lib/test/auto/TrigFunctionDE.xml
2 ms. Memory: 677888K Free: 321447K (47%)
----------------- Invoking toplevel() on ptolemy.moml.MoMLSimpleApplication@330e1b89
----------------- Done invoking toplevel() on ptolemy.moml.MoMLSimpleApplication@330e1b89
reloadAllAccessors: .TrigFunctionDE

===========================================================================================
----------------- testing Tue Oct 13 15:49:31 UTC 2020 /home/travis/build/icyphy/ptII/ptolemy/actor/lib/test/auto/TrigFunctionInverse.xml
----------------- Instantiating /home/travis/build/icyphy/ptII/ptolemy/actor/lib/test/auto/TrigFunctionInverse.xml
2 ms. Memory: 677888K Free: 316327K (47%)
----------------- Invoking toplevel() on ptolemy.moml.MoMLSimpleApplication@52d4b18a
----------------- Done invoking toplevel() on ptolemy.moml.MoMLSimpleApplication@52d4b18a
reloadAllAccessors: .TrigFunctionInverse

===========================================================================================
----------------- testing Tue Oct 13 15:49:31 UTC 2020 /home/travis/build/icyphy/ptII/ptolemy/actor/lib/test/auto/TrigFunctionTan.xml
----------------- Instantiating /home/travis/build/icyphy/ptII/ptolemy/actor/lib/test/auto/TrigFunctionTan.xml
2 ms. Memory: 677888K Free: 311717K (46%)
----------------- Invoking toplevel() on ptolemy.moml.MoMLSimpleApplication@544d8807
----------------- Done invoking toplevel() on ptolemy.moml.MoMLSimpleApplication@544d8807
reloadAllAccessors: .TrigFunctionTan

===========================================================================================
----------------- testing Tue Oct 13 15:49:31 UTC 2020 /home/travis/build/icyphy/ptII/ptolemy/actor/lib/test/auto/TriggeredClock.xml
----------------- Instantiating /home/travis/build/icyphy/ptII/ptolemy/actor/lib/test/auto/TriggeredClock.xml
1 ms. Memory: 677888K Free: 306591K (45%)
----------------- Invoking toplevel() on ptolemy.moml.MoMLSimpleApplication@3b7519b4
----------------- Done invoking toplevel() on ptolemy.moml.MoMLSimpleApplication@3b7519b4
reloadAllAccessors: .TriggeredClock

===========================================================================================
----------------- testing Tue Oct 13 15:49:31 UTC 2020 /home/travis/build/icyphy/ptII/ptolemy/actor/lib/test/auto/URLDirectoryReader.xml
----------------- Instantiating /home/travis/build/icyphy/ptII/ptolemy/actor/lib/test/auto/URLDirectoryReader.xml
33 ms. Memory: 677888K Free: 296357K (44%)
----------------- Invoking toplevel() on ptolemy.moml.MoMLSimpleApplication@21f017a6
----------------- Done invoking toplevel() on ptolemy.moml.MoMLSimpleApplication@21f017a6
reloadAllAccessors: .URLDirectoryReader

===========================================================================================
----------------- testing Tue Oct 13 15:49:31 UTC 2020 /home/travis/build/icyphy/ptII/ptolemy/actor/lib/test/auto/URLDirectoryReader3.xml
----------------- Instantiating /home/travis/build/icyphy/ptII/ptolemy/actor/lib/test/auto/URLDirectoryReader3.xml
1108 ms. Memory: 677888K Free: 618559K (91%)
----------------- Invoking toplevel() on ptolemy.moml.MoMLSimpleApplication@14003386
----------------- Done invoking toplevel() on ptolemy.moml.MoMLSimpleApplication@14003386
reloadAllAccessors: .URLDirectoryReader3

===========================================================================================
----------------- testing Tue Oct 13 15:49:32 UTC 2020 /home/travis/build/icyphy/ptII/ptolemy/actor/lib/test/auto/UnaryMathFunction.xml
----------------- Instantiating /home/travis/build/icyphy/ptII/ptolemy/actor/lib/test/auto/UnaryMathFunction.xml
9 ms. Memory: 677888K Free: 610877K (90%)
----------------- Invoking toplevel() on ptolemy.moml.MoMLSimpleApplication@60a424a0
----------------- Done invoking toplevel() on ptolemy.moml.MoMLSimpleApplication@60a424a0
reloadAllAccessors: .UnaryMathFunction

===========================================================================================
----------------- testing Tue Oct 13 15:49:32 UTC 2020 /home/travis/build/icyphy/ptII/ptolemy/actor/lib/test/auto/Uniform.xml
----------------- Instantiating /home/travis/build/icyphy/ptII/ptolemy/actor/lib/test/auto/Uniform.xml
1 ms. Memory: 677888K Free: 605757K (89%)
----------------- Invoking toplevel() on ptolemy.moml.MoMLSimpleApplication@16faf6ea
----------------- Done invoking toplevel() on ptolemy.moml.MoMLSimpleApplication@16faf6ea
reloadAllAccessors: .Uniform

===========================================================================================
----------------- testing Tue Oct 13 15:49:32 UTC 2020 /home/travis/build/icyphy/ptII/ptolemy/actor/lib/test/auto/UnionDisassemblerTest.xml
----------------- Instantiating /home/travis/build/icyphy/ptII/ptolemy/actor/lib/test/auto/UnionDisassemblerTest.xml
17 ms. Memory: 677888K Free: 602175K (89%)
----------------- Invoking toplevel() on ptolemy.moml.MoMLSimpleApplication@a99f64
----------------- Done invoking toplevel() on ptolemy.moml.MoMLSimpleApplication@a99f64
reloadAllAccessors: .UnionDisassemblerTest

===========================================================================================
----------------- testing Tue Oct 13 15:49:32 UTC 2020 /home/travis/build/icyphy/ptII/ptolemy/actor/lib/test/auto/UtilityFunctions.xml
----------------- Instantiating /home/travis/build/icyphy/ptII/ptolemy/actor/lib/test/auto/UtilityFunctions.xml
1 ms. Memory: 677888K Free: 598079K (88%)
----------------- Invoking toplevel() on ptolemy.moml.MoMLSimpleApplication@30af2da3
----------------- Done invoking toplevel() on ptolemy.moml.MoMLSimpleApplication@30af2da3
reloadAllAccessors: .UtilityFunctions

===========================================================================================
----------------- testing Tue Oct 13 15:49:32 UTC 2020 /home/travis/build/icyphy/ptII/ptolemy/actor/lib/test/auto/VariableSleep.xml
----------------- Instantiating /home/travis/build/icyphy/ptII/ptolemy/actor/lib/test/auto/VariableSleep.xml
503 ms. Memory: 677888K Free: 592959K (87%)
----------------- Invoking toplevel() on ptolemy.moml.MoMLSimpleApplication@74824186
----------------- Done invoking toplevel() on ptolemy.moml.MoMLSimpleApplication@74824186
reloadAllAccessors: .VariableSleep

===========================================================================================
----------------- testing Tue Oct 13 15:49:33 UTC 2020 /home/travis/build/icyphy/ptII/ptolemy/actor/lib/test/auto/VectorAssemblerDisassemblerCT.xml
----------------- Instantiating /home/travis/build/icyphy/ptII/ptolemy/actor/lib/test/auto/VectorAssemblerDisassemblerCT.xml
67 ms. Memory: 677888K Free: 572479K (84%)
----------------- Invoking toplevel() on ptolemy.moml.MoMLSimpleApplication@2cd4663d
----------------- Done invoking toplevel() on ptolemy.moml.MoMLSimpleApplication@2cd4663d
reloadAllAccessors: .VectorAssemblerDisassemblerCT

===========================================================================================
----------------- testing Tue Oct 13 15:49:33 UTC 2020 /home/travis/build/icyphy/ptII/ptolemy/actor/lib/test/auto/VectorAssemblerDisassemblerDE.xml
----------------- Instantiating /home/travis/build/icyphy/ptII/ptolemy/actor/lib/test/auto/VectorAssemblerDisassemblerDE.xml
2 ms. Memory: 677888K Free: 564797K (83%)
----------------- Invoking toplevel() on ptolemy.moml.MoMLSimpleApplication@107781de
----------------- Done invoking toplevel() on ptolemy.moml.MoMLSimpleApplication@107781de
reloadAllAccessors: .VectorAssemblerDisassemblerDE

===========================================================================================
----------------- testing Tue Oct 13 15:49:33 UTC 2020 /home/travis/build/icyphy/ptII/ptolemy/actor/lib/test/auto/VectorAssemblerDisassemblerSDF.xml
----------------- Instantiating /home/travis/build/icyphy/ptII/ptolemy/actor/lib/test/auto/VectorAssemblerDisassemblerSDF.xml
2 ms. Memory: 677888K Free: 558143K (82%)
----------------- Invoking toplevel() on ptolemy.moml.MoMLSimpleApplication@3bad8a1c
----------------- Done invoking toplevel() on ptolemy.moml.MoMLSimpleApplication@3bad8a1c
reloadAllAccessors: .VectorAssemblerDisassemblerSDF

===========================================================================================
----------------- testing Tue Oct 13 15:49:33 UTC 2020 /home/travis/build/icyphy/ptII/ptolemy/actor/lib/test/auto/WallClockTime.xml
----------------- Instantiating /home/travis/build/icyphy/ptII/ptolemy/actor/lib/test/auto/WallClockTime.xml
1003 ms. Memory: 677888K Free: 553023K (82%)
----------------- Invoking toplevel() on ptolemy.moml.MoMLSimpleApplication@13253912
----------------- Done invoking toplevel() on ptolemy.moml.MoMLSimpleApplication@13253912
reloadAllAccessors: .WallClockTime

===========================================================================================
----------------- testing Tue Oct 13 15:49:34 UTC 2020 /home/travis/build/icyphy/ptII/ptolemy/actor/lib/test/auto/WidthTestWithSubscriberPublisher.xml
----------------- Instantiating /home/travis/build/icyphy/ptII/ptolemy/actor/lib/test/auto/WidthTestWithSubscriberPublisher.xml
7 ms. Memory: 677888K Free: 534591K (79%)
----------------- Invoking toplevel() on ptolemy.moml.MoMLSimpleApplication@747c2557
----------------- Done invoking toplevel() on ptolemy.moml.MoMLSimpleApplication@747c2557
reloadAllAccessors: .WidthTestWithSubscriberPublisher

===========================================================================================
----------------- testing Tue Oct 13 15:49:34 UTC 2020 /home/travis/build/icyphy/ptII/ptolemy/actor/lib/test/auto/WidthTestWithSubscriberPublisher2.xml
----------------- Instantiating /home/travis/build/icyphy/ptII/ptolemy/actor/lib/test/auto/WidthTestWithSubscriberPublisher2.xml
2 ms. Memory: 677888K Free: 527933K (78%)
----------------- Invoking toplevel() on ptolemy.moml.MoMLSimpleApplication@3aa6d7a2
----------------- Done invoking toplevel() on ptolemy.moml.MoMLSimpleApplication@3aa6d7a2
reloadAllAccessors: .WidthTestWithSubscriberPublisher2

===========================================================================================
----------------- testing Tue Oct 13 15:49:34 UTC 2020 /home/travis/build/icyphy/ptII/ptolemy/actor/lib/test/auto/WidthTestWithSubscriberPublisher3.xml
----------------- Instantiating /home/travis/build/icyphy/ptII/ptolemy/actor/lib/test/auto/WidthTestWithSubscriberPublisher3.xml
2 ms. Memory: 677888K Free: 522303K (77%)
----------------- Invoking toplevel() on ptolemy.moml.MoMLSimpleApplication@5c2e39ce
----------------- Done invoking toplevel() on ptolemy.moml.MoMLSimpleApplication@5c2e39ce
reloadAllAccessors: .WidthTestWithSubscriberPublisher3

===========================================================================================
----------------- testing Tue Oct 13 15:49:34 UTC 2020 /home/travis/build/icyphy/ptII/ptolemy/actor/lib/test/auto/Writer.xml
----------------- Instantiating /home/travis/build/icyphy/ptII/ptolemy/actor/lib/test/auto/Writer.xml
0
1
2
3
4
1 ms. Memory: 677888K Free: 517663K (76%)
----------------- Invoking toplevel() on ptolemy.moml.MoMLSimpleApplication@7df4654c
----------------- Done invoking toplevel() on ptolemy.moml.MoMLSimpleApplication@7df4654c
reloadAllAccessors: .Writer

===========================================================================================
----------------- testing Tue Oct 13 15:49:34 UTC 2020 /home/travis/build/icyphy/ptII/ptolemy/actor/lib/test/auto/array.xml
----------------- Instantiating /home/travis/build/icyphy/ptII/ptolemy/actor/lib/test/auto/array.xml
2 ms. Memory: 677888K Free: 513087K (76%)
----------------- Invoking toplevel() on ptolemy.moml.MoMLSimpleApplication@38e5b67f
----------------- Done invoking toplevel() on ptolemy.moml.MoMLSimpleApplication@38e5b67f
reloadAllAccessors: .array

===========================================================================================
----------------- testing Tue Oct 13 15:49:34 UTC 2020 /home/travis/build/icyphy/ptII/ptolemy/actor/lib/test/auto/array2.xml
----------------- Instantiating /home/travis/build/icyphy/ptII/ptolemy/actor/lib/test/auto/array2.xml
5 ms. Memory: 677888K Free: 507967K (75%)
----------------- Invoking toplevel() on ptolemy.moml.MoMLSimpleApplication@7dc13fad
----------------- Done invoking toplevel() on ptolemy.moml.MoMLSimpleApplication@7dc13fad
reloadAllAccessors: .array2

===========================================================================================
----------------- testing Tue Oct 13 15:49:34 UTC 2020 /home/travis/build/icyphy/ptII/ptolemy/actor/lib/test/auto/arrayType.xml
----------------- Instantiating /home/travis/build/icyphy/ptII/ptolemy/actor/lib/test/auto/arrayType.xml
1 ms. Memory: 677888K Free: 502333K (74%)
----------------- Invoking toplevel() on ptolemy.moml.MoMLSimpleApplication@1f6093f8
----------------- Done invoking toplevel() on ptolemy.moml.MoMLSimpleApplication@1f6093f8
reloadAllAccessors: .arrayType

===========================================================================================
----------------- testing Tue Oct 13 15:49:34 UTC 2020 /home/travis/build/icyphy/ptII/ptolemy/actor/lib/test/auto/arrayType10.xml
----------------- Instantiating /home/travis/build/icyphy/ptII/ptolemy/actor/lib/test/auto/arrayType10.xml
1 ms. Memory: 677888K Free: 497727K (73%)
----------------- Invoking toplevel() on ptolemy.moml.MoMLSimpleApplication@5ce316cf
----------------- Done invoking toplevel() on ptolemy.moml.MoMLSimpleApplication@5ce316cf
reloadAllAccessors: .arrayType10

===========================================================================================
----------------- testing Tue Oct 13 15:49:34 UTC 2020 /home/travis/build/icyphy/ptII/ptolemy/actor/lib/test/auto/arrayType11.xml
----------------- Instantiating /home/travis/build/icyphy/ptII/ptolemy/actor/lib/test/auto/arrayType11.xml
1 ms. Memory: 677888K Free: 493117K (73%)
----------------- Invoking toplevel() on ptolemy.moml.MoMLSimpleApplication@50a1f05
----------------- Done invoking toplevel() on ptolemy.moml.MoMLSimpleApplication@50a1f05
reloadAllAccessors: .arrayType11

===========================================================================================
----------------- testing Tue Oct 13 15:49:34 UTC 2020 /home/travis/build/icyphy/ptII/ptolemy/actor/lib/test/auto/arrayType12.xml
----------------- Instantiating /home/travis/build/icyphy/ptII/ptolemy/actor/lib/test/auto/arrayType12.xml
1 ms. Memory: 677888K Free: 487997K (72%)
----------------- Invoking toplevel() on ptolemy.moml.MoMLSimpleApplication@370ae78d
----------------- Done invoking toplevel() on ptolemy.moml.MoMLSimpleApplication@370ae78d
reloadAllAccessors: .arrayType12

===========================================================================================
----------------- testing Tue Oct 13 15:49:34 UTC 2020 /home/travis/build/icyphy/ptII/ptolemy/actor/lib/test/auto/arrayType13.xml
----------------- Instantiating /home/travis/build/icyphy/ptII/ptolemy/actor/lib/test/auto/arrayType13.xml
1 ms. Memory: 677888K Free: 482877K (71%)
----------------- Invoking toplevel() on ptolemy.moml.MoMLSimpleApplication@3eabe2ef
----------------- Done invoking toplevel() on ptolemy.moml.MoMLSimpleApplication@3eabe2ef
reloadAllAccessors: .arrayType13

===========================================================================================
----------------- testing Tue Oct 13 15:49:34 UTC 2020 /home/travis/build/icyphy/ptII/ptolemy/actor/lib/test/auto/arrayType14.xml
----------------- Instantiating /home/travis/build/icyphy/ptII/ptolemy/actor/lib/test/auto/arrayType14.xml
2 ms. Memory: 677888K Free: 477757K (70%)
----------------- Invoking toplevel() on ptolemy.moml.MoMLSimpleApplication@425109d9
----------------- Done invoking toplevel() on ptolemy.moml.MoMLSimpleApplication@425109d9
reloadAllAccessors: .arrayType14

===========================================================================================
----------------- testing Tue Oct 13 15:49:34 UTC 2020 /home/travis/build/icyphy/ptII/ptolemy/actor/lib/test/auto/arrayType15.xml
----------------- Instantiating /home/travis/build/icyphy/ptII/ptolemy/actor/lib/test/auto/arrayType15.xml
2 ms. Memory: 677888K Free: 472127K (70%)
----------------- Invoking toplevel() on ptolemy.moml.MoMLSimpleApplication@57c4f037
----------------- Done invoking toplevel() on ptolemy.moml.MoMLSimpleApplication@57c4f037
reloadAllAccessors: .arrayType15

===========================================================================================
----------------- testing Tue Oct 13 15:49:34 UTC 2020 /home/travis/build/icyphy/ptII/ptolemy/actor/lib/test/auto/arrayType16.xml
----------------- Instantiating /home/travis/build/icyphy/ptII/ptolemy/actor/lib/test/auto/arrayType16.xml
1 ms. Memory: 677888K Free: 467007K (69%)
----------------- Invoking toplevel() on ptolemy.moml.MoMLSimpleApplication@5e6e14f2
----------------- Done invoking toplevel() on ptolemy.moml.MoMLSimpleApplication@5e6e14f2
reloadAllAccessors: .arrayType16

===========================================================================================
----------------- testing Tue Oct 13 15:49:34 UTC 2020 /home/travis/build/icyphy/ptII/ptolemy/actor/lib/test/auto/arrayType17.xml
----------------- Instantiating /home/travis/build/icyphy/ptII/ptolemy/actor/lib/test/auto/arrayType17.xml
1 ms. Memory: 677888K Free: 461887K (68%)
----------------- Invoking toplevel() on ptolemy.moml.MoMLSimpleApplication@3bcbe1d3
----------------- Done invoking toplevel() on ptolemy.moml.MoMLSimpleApplication@3bcbe1d3
reloadAllAccessors: .arrayType17

===========================================================================================
----------------- testing Tue Oct 13 15:49:34 UTC 2020 /home/travis/build/icyphy/ptII/ptolemy/actor/lib/test/auto/arrayType18.xml
----------------- Instantiating /home/travis/build/icyphy/ptII/ptolemy/actor/lib/test/auto/arrayType18.xml
1 ms. Memory: 677888K Free: 456767K (67%)
----------------- Invoking toplevel() on ptolemy.moml.MoMLSimpleApplication@7f7dd40
----------------- Done invoking toplevel() on ptolemy.moml.MoMLSimpleApplication@7f7dd40
reloadAllAccessors: .arrayType18

===========================================================================================
----------------- testing Tue Oct 13 15:49:34 UTC 2020 /home/travis/build/icyphy/ptII/ptolemy/actor/lib/test/auto/arrayType19.xml
----------------- Instantiating /home/travis/build/icyphy/ptII/ptolemy/actor/lib/test/auto/arrayType19.xml
1 ms. Memory: 677888K Free: 452157K (67%)
----------------- Invoking toplevel() on ptolemy.moml.MoMLSimpleApplication@36b2e705
----------------- Done invoking toplevel() on ptolemy.moml.MoMLSimpleApplication@36b2e705
reloadAllAccessors: .arrayType19

===========================================================================================
----------------- testing Tue Oct 13 15:49:34 UTC 2020 /home/travis/build/icyphy/ptII/ptolemy/actor/lib/test/auto/arrayType2.xml
----------------- Instantiating /home/travis/build/icyphy/ptII/ptolemy/actor/lib/test/auto/arrayType2.xml
1 ms. Memory: 677888K Free: 446527K (66%)
----------------- Invoking toplevel() on ptolemy.moml.MoMLSimpleApplication@5b0c0b8f
----------------- Done invoking toplevel() on ptolemy.moml.MoMLSimpleApplication@5b0c0b8f
reloadAllAccessors: .arrayType2

===========================================================================================
----------------- testing Tue Oct 13 15:49:34 UTC 2020 /home/travis/build/icyphy/ptII/ptolemy/actor/lib/test/auto/arrayType20.xml
----------------- Instantiating /home/travis/build/icyphy/ptII/ptolemy/actor/lib/test/auto/arrayType20.xml
1 ms. Memory: 677888K Free: 441917K (65%)
----------------- Invoking toplevel() on ptolemy.moml.MoMLSimpleApplication@741cfec6
----------------- Done invoking toplevel() on ptolemy.moml.MoMLSimpleApplication@741cfec6
reloadAllAccessors: .arrayType20

===========================================================================================
----------------- testing Tue Oct 13 15:49:34 UTC 2020 /home/travis/build/icyphy/ptII/ptolemy/actor/lib/test/auto/arrayType21.xml
----------------- Instantiating /home/travis/build/icyphy/ptII/ptolemy/actor/lib/test/auto/arrayType21.xml
1 ms. Memory: 677888K Free: 437311K (65%)
----------------- Invoking toplevel() on ptolemy.moml.MoMLSimpleApplication@7e9d72da
----------------- Done invoking toplevel() on ptolemy.moml.MoMLSimpleApplication@7e9d72da
reloadAllAccessors: .arrayType21

===========================================================================================
----------------- testing Tue Oct 13 15:49:34 UTC 2020 /home/travis/build/icyphy/ptII/ptolemy/actor/lib/test/auto/arrayType22.xml
----------------- Instantiating /home/travis/build/icyphy/ptII/ptolemy/actor/lib/test/auto/arrayType22.xml
2 ms. Memory: 677888K Free: 432191K (64%)
----------------- Invoking toplevel() on ptolemy.moml.MoMLSimpleApplication@3327c935
----------------- Done invoking toplevel() on ptolemy.moml.MoMLSimpleApplication@3327c935
reloadAllAccessors: .arrayType22

===========================================================================================
----------------- testing Tue Oct 13 15:49:34 UTC 2020 /home/travis/build/icyphy/ptII/ptolemy/actor/lib/test/auto/arrayType23.xml
----------------- Instantiating /home/travis/build/icyphy/ptII/ptolemy/actor/lib/test/auto/arrayType23.xml
2 ms. Memory: 677888K Free: 427581K (63%)
----------------- Invoking toplevel() on ptolemy.moml.MoMLSimpleApplication@11b8c85c
----------------- Done invoking toplevel() on ptolemy.moml.MoMLSimpleApplication@11b8c85c
reloadAllAccessors: .arrayType23

===========================================================================================
----------------- testing Tue Oct 13 15:49:34 UTC 2020 /home/travis/build/icyphy/ptII/ptolemy/actor/lib/test/auto/arrayType24.xml
----------------- Instantiating /home/travis/build/icyphy/ptII/ptolemy/actor/lib/test/auto/arrayType24.xml
1 ms. Memory: 677888K Free: 422975K (62%)
----------------- Invoking toplevel() on ptolemy.moml.MoMLSimpleApplication@57286eea
----------------- Done invoking toplevel() on ptolemy.moml.MoMLSimpleApplication@57286eea
reloadAllAccessors: .arrayType24

===========================================================================================
----------------- testing Tue Oct 13 15:49:34 UTC 2020 /home/travis/build/icyphy/ptII/ptolemy/actor/lib/test/auto/arrayType25.xml
----------------- Instantiating /home/travis/build/icyphy/ptII/ptolemy/actor/lib/test/auto/arrayType25.xml
1 ms. Memory: 677888K Free: 417341K (62%)
----------------- Invoking toplevel() on ptolemy.moml.MoMLSimpleApplication@192fb0dc
----------------- Done invoking toplevel() on ptolemy.moml.MoMLSimpleApplication@192fb0dc
reloadAllAccessors: .arrayType25

===========================================================================================
----------------- testing Tue Oct 13 15:49:34 UTC 2020 /home/travis/build/icyphy/ptII/ptolemy/actor/lib/test/auto/arrayType26.xml
----------------- Instantiating /home/travis/build/icyphy/ptII/ptolemy/actor/lib/test/auto/arrayType26.xml
3 ms. Memory: 677888K Free: 412221K (61%)
----------------- Invoking toplevel() on ptolemy.moml.MoMLSimpleApplication@2b507afd
----------------- Done invoking toplevel() on ptolemy.moml.MoMLSimpleApplication@2b507afd
reloadAllAccessors: .arrayType26

===========================================================================================
----------------- testing Tue Oct 13 15:49:34 UTC 2020 /home/travis/build/icyphy/ptII/ptolemy/actor/lib/test/auto/arrayType27.xml
----------------- Instantiating /home/travis/build/icyphy/ptII/ptolemy/actor/lib/test/auto/arrayType27.xml
2 ms. Memory: 677888K Free: 407101K (60%)
----------------- Invoking toplevel() on ptolemy.moml.MoMLSimpleApplication@2a37e08e
----------------- Done invoking toplevel() on ptolemy.moml.MoMLSimpleApplication@2a37e08e
reloadAllAccessors: .arrayType27

===========================================================================================
----------------- testing Tue Oct 13 15:49:34 UTC 2020 /home/travis/build/icyphy/ptII/ptolemy/actor/lib/test/auto/arrayType28.xml
----------------- Instantiating /home/travis/build/icyphy/ptII/ptolemy/actor/lib/test/auto/arrayType28.xml
2 ms. Memory: 677888K Free: 401471K (59%)
----------------- Invoking toplevel() on ptolemy.moml.MoMLSimpleApplication@689476a4
----------------- Done invoking toplevel() on ptolemy.moml.MoMLSimpleApplication@689476a4
reloadAllAccessors: .arrayType28

===========================================================================================
----------------- testing Tue Oct 13 15:49:34 UTC 2020 /home/travis/build/icyphy/ptII/ptolemy/actor/lib/test/auto/arrayType3.xml
----------------- Instantiating /home/travis/build/icyphy/ptII/ptolemy/actor/lib/test/auto/arrayType3.xml
1 ms. Memory: 677888K Free: 396351K (58%)
----------------- Invoking toplevel() on ptolemy.moml.MoMLSimpleApplication@103eb53
----------------- Done invoking toplevel() on ptolemy.moml.MoMLSimpleApplication@103eb53
reloadAllAccessors: .arrayType3

===========================================================================================
----------------- testing Tue Oct 13 15:49:34 UTC 2020 /home/travis/build/icyphy/ptII/ptolemy/actor/lib/test/auto/arrayType4.xml
----------------- Instantiating /home/travis/build/icyphy/ptII/ptolemy/actor/lib/test/auto/arrayType4.xml
2 ms. Memory: 677888K Free: 390717K (58%)
----------------- Invoking toplevel() on ptolemy.moml.MoMLSimpleApplication@65dff212
----------------- Done invoking toplevel() on ptolemy.moml.MoMLSimpleApplication@65dff212
reloadAllAccessors: .arrayType4

===========================================================================================
----------------- testing Tue Oct 13 15:49:34 UTC 2020 /home/travis/build/icyphy/ptII/ptolemy/actor/lib/test/auto/arrayType5.xml
----------------- Instantiating /home/travis/build/icyphy/ptII/ptolemy/actor/lib/test/auto/arrayType5.xml
3 ms. Memory: 677888K Free: 385597K (57%)
----------------- Invoking toplevel() on ptolemy.moml.MoMLSimpleApplication@686304f0
----------------- Done invoking toplevel() on ptolemy.moml.MoMLSimpleApplication@686304f0
reloadAllAccessors: .arrayType5

===========================================================================================
----------------- testing Tue Oct 13 15:49:34 UTC 2020 /home/travis/build/icyphy/ptII/ptolemy/actor/lib/test/auto/arrayType6.xml
----------------- Instantiating /home/travis/build/icyphy/ptII/ptolemy/actor/lib/test/auto/arrayType6.xml
2 ms. Memory: 677888K Free: 380991K (56%)
----------------- Invoking toplevel() on ptolemy.moml.MoMLSimpleApplication@69a5800c
----------------- Done invoking toplevel() on ptolemy.moml.MoMLSimpleApplication@69a5800c
reloadAllAccessors: .arrayType6

===========================================================================================
----------------- testing Tue Oct 13 15:49:34 UTC 2020 /home/travis/build/icyphy/ptII/ptolemy/actor/lib/test/auto/arrayType7.xml
----------------- Instantiating /home/travis/build/icyphy/ptII/ptolemy/actor/lib/test/auto/arrayType7.xml
1 ms. Memory: 677888K Free: 375871K (55%)
----------------- Invoking toplevel() on ptolemy.moml.MoMLSimpleApplication@ff2d52c
----------------- Done invoking toplevel() on ptolemy.moml.MoMLSimpleApplication@ff2d52c
reloadAllAccessors: .arrayType7

===========================================================================================
----------------- testing Tue Oct 13 15:49:34 UTC 2020 /home/travis/build/icyphy/ptII/ptolemy/actor/lib/test/auto/arrayType8.xml
----------------- Instantiating /home/travis/build/icyphy/ptII/ptolemy/actor/lib/test/auto/arrayType8.xml
1 ms. Memory: 677888K Free: 370751K (55%)
----------------- Invoking toplevel() on ptolemy.moml.MoMLSimpleApplication@119ab80a
----------------- Done invoking toplevel() on ptolemy.moml.MoMLSimpleApplication@119ab80a
reloadAllAccessors: .arrayType8

===========================================================================================
----------------- testing Tue Oct 13 15:49:34 UTC 2020 /home/travis/build/icyphy/ptII/ptolemy/actor/lib/test/auto/arrayType9.xml
----------------- Instantiating /home/travis/build/icyphy/ptII/ptolemy/actor/lib/test/auto/arrayType9.xml
1 ms. Memory: 677888K Free: 365631K (54%)
----------------- Invoking toplevel() on ptolemy.moml.MoMLSimpleApplication@1ddc1360
----------------- Done invoking toplevel() on ptolemy.moml.MoMLSimpleApplication@1ddc1360
reloadAllAccessors: .arrayType9

===========================================================================================
----------------- testing Tue Oct 13 15:49:34 UTC 2020 /home/travis/build/icyphy/ptII/ptolemy/actor/lib/test/auto/cast.xml
----------------- Instantiating /home/travis/build/icyphy/ptII/ptolemy/actor/lib/test/auto/cast.xml
9 ms. Memory: 677888K Free: 361021K (53%)
----------------- Invoking toplevel() on ptolemy.moml.MoMLSimpleApplication@72bd9b1c
----------------- Done invoking toplevel() on ptolemy.moml.MoMLSimpleApplication@72bd9b1c
reloadAllAccessors: .cast

===========================================================================================
----------------- testing Tue Oct 13 15:49:35 UTC 2020 /home/travis/build/icyphy/ptII/ptolemy/actor/lib/test/auto/compositeMultiPort.xml
----------------- Instantiating /home/travis/build/icyphy/ptII/ptolemy/actor/lib/test/auto/compositeMultiPort.xml
11 ms. Memory: 677888K Free: 352319K (52%)
----------------- Invoking toplevel() on ptolemy.moml.MoMLSimpleApplication@6017df2
----------------- Done invoking toplevel() on ptolemy.moml.MoMLSimpleApplication@6017df2
reloadAllAccessors: .compositeMultiPort

===========================================================================================
----------------- testing Tue Oct 13 15:49:35 UTC 2020 /home/travis/build/icyphy/ptII/ptolemy/actor/lib/test/auto/expressionCastInference.xml
----------------- Instantiating /home/travis/build/icyphy/ptII/ptolemy/actor/lib/test/auto/expressionCastInference.xml
2 ms. Memory: 677888K Free: 347199K (51%)
----------------- Invoking toplevel() on ptolemy.moml.MoMLSimpleApplication@7788f6e
----------------- Done invoking toplevel() on ptolemy.moml.MoMLSimpleApplication@7788f6e
reloadAllAccessors: .expressionCastInference

===========================================================================================
----------------- testing Tue Oct 13 15:49:35 UTC 2020 /home/travis/build/icyphy/ptII/ptolemy/actor/lib/test/auto/expressionCastInference2.xml
----------------- Instantiating /home/travis/build/icyphy/ptII/ptolemy/actor/lib/test/auto/expressionCastInference2.xml
2 ms. Memory: 677888K Free: 342589K (51%)
----------------- Invoking toplevel() on ptolemy.moml.MoMLSimpleApplication@887fc97
----------------- Done invoking toplevel() on ptolemy.moml.MoMLSimpleApplication@887fc97
reloadAllAccessors: .expressionCastInference2

===========================================================================================
----------------- testing Tue Oct 13 15:49:35 UTC 2020 /home/travis/build/icyphy/ptII/ptolemy/actor/lib/test/auto/expressionInference.xml
----------------- Instantiating /home/travis/build/icyphy/ptII/ptolemy/actor/lib/test/auto/expressionInference.xml
1 ms. Memory: 677888K Free: 337983K (50%)
----------------- Invoking toplevel() on ptolemy.moml.MoMLSimpleApplication@5feb5e77
----------------- Done invoking toplevel() on ptolemy.moml.MoMLSimpleApplication@5feb5e77
reloadAllAccessors: .expressionInference

===========================================================================================
----------------- testing Tue Oct 13 15:49:35 UTC 2020 /home/travis/build/icyphy/ptII/ptolemy/actor/lib/test/auto/expression_bug.xml
----------------- Instantiating /home/travis/build/icyphy/ptII/ptolemy/actor/lib/test/auto/expression_bug.xml
1 ms. Memory: 677888K Free: 333887K (49%)
----------------- Invoking toplevel() on ptolemy.moml.MoMLSimpleApplication@d912644
----------------- Done invoking toplevel() on ptolemy.moml.MoMLSimpleApplication@d912644
reloadAllAccessors: .expression_bug

===========================================================================================
----------------- testing Tue Oct 13 15:49:35 UTC 2020 /home/travis/build/icyphy/ptII/ptolemy/actor/lib/test/auto/factorial.xml
----------------- Instantiating /home/travis/build/icyphy/ptII/ptolemy/actor/lib/test/auto/factorial.xml
32 ms. Memory: 677888K Free: 325181K (48%)
----------------- Invoking toplevel() on ptolemy.moml.MoMLSimpleApplication@7f80793
----------------- Done invoking toplevel() on ptolemy.moml.MoMLSimpleApplication@7f80793
reloadAllAccessors: .factorial

===========================================================================================
----------------- testing Tue Oct 13 15:49:35 UTC 2020 /home/travis/build/icyphy/ptII/ptolemy/actor/lib/test/auto/filterTest1.xml
----------------- Instantiating /home/travis/build/icyphy/ptII/ptolemy/actor/lib/test/auto/filterTest1.xml
2 ms. Memory: 677888K Free: 319551K (47%)
----------------- Invoking toplevel() on ptolemy.moml.MoMLSimpleApplication@a6d86fd
----------------- Done invoking toplevel() on ptolemy.moml.MoMLSimpleApplication@a6d86fd
reloadAllAccessors: .filterTest1

===========================================================================================
----------------- testing Tue Oct 13 15:49:35 UTC 2020 /home/travis/build/icyphy/ptII/ptolemy/actor/lib/test/auto/funcApplyInConst.xml
----------------- Instantiating /home/travis/build/icyphy/ptII/ptolemy/actor/lib/test/auto/funcApplyInConst.xml
0 ms. Memory: 677888K Free: 315965K (47%)
----------------- Invoking toplevel() on ptolemy.moml.MoMLSimpleApplication@3f600d64
----------------- Done invoking toplevel() on ptolemy.moml.MoMLSimpleApplication@3f600d64
reloadAllAccessors: .funcApplyInConst

===========================================================================================
----------------- testing Tue Oct 13 15:49:35 UTC 2020 /home/travis/build/icyphy/ptII/ptolemy/actor/lib/test/auto/funcApplyInExpr.xml
----------------- Instantiating /home/travis/build/icyphy/ptII/ptolemy/actor/lib/test/auto/funcApplyInExpr.xml
1 ms. Memory: 677888K Free: 311869K (46%)
----------------- Invoking toplevel() on ptolemy.moml.MoMLSimpleApplication@70eea0cf
----------------- Done invoking toplevel() on ptolemy.moml.MoMLSimpleApplication@70eea0cf
reloadAllAccessors: .funcApplyInExpr

===========================================================================================
----------------- testing Tue Oct 13 15:49:35 UTC 2020 /home/travis/build/icyphy/ptII/ptolemy/actor/lib/test/auto/function.xml
----------------- Instantiating /home/travis/build/icyphy/ptII/ptolemy/actor/lib/test/auto/function.xml
2 ms. Memory: 677888K Free: 307263K (45%)
----------------- Invoking toplevel() on ptolemy.moml.MoMLSimpleApplication@107983cf
----------------- Done invoking toplevel() on ptolemy.moml.MoMLSimpleApplication@107983cf
reloadAllAccessors: .function

===========================================================================================
----------------- testing Tue Oct 13 15:49:35 UTC 2020 /home/travis/build/icyphy/ptII/ptolemy/actor/lib/test/auto/function2.xml
----------------- Instantiating /home/travis/build/icyphy/ptII/ptolemy/actor/lib/test/auto/function2.xml
2 ms. Memory: 677888K Free: 302143K (45%)
----------------- Invoking toplevel() on ptolemy.moml.MoMLSimpleApplication@15d23b2c
----------------- Done invoking toplevel() on ptolemy.moml.MoMLSimpleApplication@15d23b2c
reloadAllAccessors: .function2

===========================================================================================
----------------- testing Tue Oct 13 15:49:35 UTC 2020 /home/travis/build/icyphy/ptII/ptolemy/actor/lib/test/auto/function3.xml
----------------- Instantiating /home/travis/build/icyphy/ptII/ptolemy/actor/lib/test/auto/function3.xml
1 ms. Memory: 677888K Free: 298557K (44%)
----------------- Invoking toplevel() on ptolemy.moml.MoMLSimpleApplication@78a91a8e
----------------- Done invoking toplevel() on ptolemy.moml.MoMLSimpleApplication@78a91a8e
reloadAllAccessors: .function3

===========================================================================================
----------------- testing Tue Oct 13 15:49:35 UTC 2020 /home/travis/build/icyphy/ptII/ptolemy/actor/lib/test/auto/functionClosureTest1.xml
----------------- Instantiating /home/travis/build/icyphy/ptII/ptolemy/actor/lib/test/auto/functionClosureTest1.xml
1 ms. Memory: 677888K Free: 292407K (43%)
----------------- Invoking toplevel() on ptolemy.moml.MoMLSimpleApplication@2c1710a3
----------------- Done invoking toplevel() on ptolemy.moml.MoMLSimpleApplication@2c1710a3
reloadAllAccessors: .functionClosureTest1

===========================================================================================
----------------- testing Tue Oct 13 15:49:35 UTC 2020 /home/travis/build/icyphy/ptII/ptolemy/actor/lib/test/auto/functionClosureTest2.xml
----------------- Instantiating /home/travis/build/icyphy/ptII/ptolemy/actor/lib/test/auto/functionClosureTest2.xml
1 ms. Memory: 677888K Free: 288831K (43%)
----------------- Invoking toplevel() on ptolemy.moml.MoMLSimpleApplication@3875568
----------------- Done invoking toplevel() on ptolemy.moml.MoMLSimpleApplication@3875568
reloadAllAccessors: .functionClosureTest2

===========================================================================================
----------------- testing Tue Oct 13 15:49:35 UTC 2020 /home/travis/build/icyphy/ptII/ptolemy/actor/lib/test/auto/functionClosureTest3.xml
----------------- Instantiating /home/travis/build/icyphy/ptII/ptolemy/actor/lib/test/auto/functionClosureTest3.xml
2 ms. Memory: 677888K Free: 283711K (42%)
----------------- Invoking toplevel() on ptolemy.moml.MoMLSimpleApplication@1a06bf1b
----------------- Done invoking toplevel() on ptolemy.moml.MoMLSimpleApplication@1a06bf1b
reloadAllAccessors: .functionClosureTest3

===========================================================================================
----------------- testing Tue Oct 13 15:49:35 UTC 2020 /home/travis/build/icyphy/ptII/ptolemy/actor/lib/test/auto/functionClosureTest4.xml
----------------- Instantiating /home/travis/build/icyphy/ptII/ptolemy/actor/lib/test/auto/functionClosureTest4.xml
4 ms. Memory: 677888K Free: 277053K (41%)
----------------- Invoking toplevel() on ptolemy.moml.MoMLSimpleApplication@720235a
----------------- Done invoking toplevel() on ptolemy.moml.MoMLSimpleApplication@720235a
reloadAllAccessors: .functionClosureTest4

===========================================================================================
----------------- testing Tue Oct 13 15:49:35 UTC 2020 /home/travis/build/icyphy/ptII/ptolemy/actor/lib/test/auto/functionClosureTest5.xml
----------------- Instantiating /home/travis/build/icyphy/ptII/ptolemy/actor/lib/test/auto/functionClosureTest5.xml
3 ms. Memory: 677888K Free: 271903K (40%)
----------------- Invoking toplevel() on ptolemy.moml.MoMLSimpleApplication@c4562ba
----------------- Done invoking toplevel() on ptolemy.moml.MoMLSimpleApplication@c4562ba
reloadAllAccessors: .functionClosureTest5

===========================================================================================
----------------- testing Tue Oct 13 15:49:35 UTC 2020 /home/travis/build/icyphy/ptII/ptolemy/actor/lib/test/auto/functionClosureTest6.xml
----------------- Instantiating /home/travis/build/icyphy/ptII/ptolemy/actor/lib/test/auto/functionClosureTest6.xml
1 ms. Memory: 677888K Free: 266799K (39%)
----------------- Invoking toplevel() on ptolemy.moml.MoMLSimpleApplication@d852ea9
----------------- Done invoking toplevel() on ptolemy.moml.MoMLSimpleApplication@d852ea9
reloadAllAccessors: .functionClosureTest6

===========================================================================================
----------------- testing Tue Oct 13 15:49:35 UTC 2020 /home/travis/build/icyphy/ptII/ptolemy/actor/lib/test/auto/functionsOnArcs.xml
----------------- Instantiating /home/travis/build/icyphy/ptII/ptolemy/actor/lib/test/auto/functionsOnArcs.xml
1 ms. Memory: 677888K Free: 261693K (39%)
----------------- Invoking toplevel() on ptolemy.moml.MoMLSimpleApplication@50c6f855
----------------- Done invoking toplevel() on ptolemy.moml.MoMLSimpleApplication@50c6f855
reloadAllAccessors: .functionsOnArcs

===========================================================================================
----------------- testing Tue Oct 13 15:49:35 UTC 2020 /home/travis/build/icyphy/ptII/ptolemy/actor/lib/test/auto/functionsOnArcsHOF.xml
----------------- Instantiating /home/travis/build/icyphy/ptII/ptolemy/actor/lib/test/auto/functionsOnArcsHOF.xml
3 ms. Memory: 677888K Free: 255549K (38%)
----------------- Invoking toplevel() on ptolemy.moml.MoMLSimpleApplication@2c3c2756
----------------- Done invoking toplevel() on ptolemy.moml.MoMLSimpleApplication@2c3c2756
reloadAllAccessors: .functionsOnArcsHOF

===========================================================================================
----------------- testing Tue Oct 13 15:49:35 UTC 2020 /home/travis/build/icyphy/ptII/ptolemy/actor/lib/test/auto/logic.xml
----------------- Instantiating /home/travis/build/icyphy/ptII/ptolemy/actor/lib/test/auto/logic.xml
2 ms. Memory: 677888K Free: 248381K (37%)
----------------- Invoking toplevel() on ptolemy.moml.MoMLSimpleApplication@52f9e0f8
----------------- Done invoking toplevel() on ptolemy.moml.MoMLSimpleApplication@52f9e0f8
reloadAllAccessors: .logic

===========================================================================================
----------------- testing Tue Oct 13 15:49:35 UTC 2020 /home/travis/build/icyphy/ptII/ptolemy/actor/lib/test/auto/matrixType.xml
----------------- Instantiating /home/travis/build/icyphy/ptII/ptolemy/actor/lib/test/auto/matrixType.xml
1 ms. Memory: 677888K Free: 243261K (36%)
----------------- Invoking toplevel() on ptolemy.moml.MoMLSimpleApplication@137e2daf
----------------- Done invoking toplevel() on ptolemy.moml.MoMLSimpleApplication@137e2daf
reloadAllAccessors: .matrixType

===========================================================================================
----------------- testing Tue Oct 13 15:49:35 UTC 2020 /home/travis/build/icyphy/ptII/ptolemy/actor/lib/test/auto/matrixType10.xml
----------------- Instantiating /home/travis/build/icyphy/ptII/ptolemy/actor/lib/test/auto/matrixType10.xml
1 ms. Memory: 677888K Free: 238655K (35%)
----------------- Invoking toplevel() on ptolemy.moml.MoMLSimpleApplication@8393d69
----------------- Done invoking toplevel() on ptolemy.moml.MoMLSimpleApplication@8393d69
reloadAllAccessors: .matrixType10

===========================================================================================
----------------- testing Tue Oct 13 15:49:35 UTC 2020 /home/travis/build/icyphy/ptII/ptolemy/actor/lib/test/auto/matrixType11.xml
----------------- Instantiating /home/travis/build/icyphy/ptII/ptolemy/actor/lib/test/auto/matrixType11.xml
1 ms. Memory: 677888K Free: 233535K (34%)
----------------- Invoking toplevel() on ptolemy.moml.MoMLSimpleApplication@149a0d19
----------------- Done invoking toplevel() on ptolemy.moml.MoMLSimpleApplication@149a0d19
reloadAllAccessors: .matrixType11

===========================================================================================
----------------- testing Tue Oct 13 15:49:35 UTC 2020 /home/travis/build/icyphy/ptII/ptolemy/actor/lib/test/auto/matrixType12.xml
----------------- Instantiating /home/travis/build/icyphy/ptII/ptolemy/actor/lib/test/auto/matrixType12.xml
1 ms. Memory: 677888K Free: 228925K (34%)
----------------- Invoking toplevel() on ptolemy.moml.MoMLSimpleApplication@3b260b43
----------------- Done invoking toplevel() on ptolemy.moml.MoMLSimpleApplication@3b260b43
reloadAllAccessors: .matrixType12

===========================================================================================
----------------- testing Tue Oct 13 15:49:35 UTC 2020 /home/travis/build/icyphy/ptII/ptolemy/actor/lib/test/auto/matrixType13.xml
----------------- Instantiating /home/travis/build/icyphy/ptII/ptolemy/actor/lib/test/auto/matrixType13.xml
1 ms. Memory: 677888K Free: 223805K (33%)
----------------- Invoking toplevel() on ptolemy.moml.MoMLSimpleApplication@19fc903e
----------------- Done invoking toplevel() on ptolemy.moml.MoMLSimpleApplication@19fc903e
reloadAllAccessors: .matrixType13

===========================================================================================
----------------- testing Tue Oct 13 15:49:35 UTC 2020 /home/travis/build/icyphy/ptII/ptolemy/actor/lib/test/auto/matrixType14.xml
----------------- Instantiating /home/travis/build/icyphy/ptII/ptolemy/actor/lib/test/auto/matrixType14.xml
1 ms. Memory: 677888K Free: 619518K (91%)
----------------- Invoking toplevel() on ptolemy.moml.MoMLSimpleApplication@4af2e287
----------------- Done invoking toplevel() on ptolemy.moml.MoMLSimpleApplication@4af2e287
reloadAllAccessors: .matrixType14

===========================================================================================
----------------- testing Tue Oct 13 15:49:35 UTC 2020 /home/travis/build/icyphy/ptII/ptolemy/actor/lib/test/auto/matrixType2.xml
----------------- Instantiating /home/travis/build/icyphy/ptII/ptolemy/actor/lib/test/auto/matrixType2.xml
1 ms. Memory: 677888K Free: 614398K (91%)
----------------- Invoking toplevel() on ptolemy.moml.MoMLSimpleApplication@6a405f06
----------------- Done invoking toplevel() on ptolemy.moml.MoMLSimpleApplication@6a405f06
reloadAllAccessors: .matrixType2

===========================================================================================
----------------- testing Tue Oct 13 15:49:35 UTC 2020 /home/travis/build/icyphy/ptII/ptolemy/actor/lib/test/auto/matrixType3.xml
----------------- Instantiating /home/travis/build/icyphy/ptII/ptolemy/actor/lib/test/auto/matrixType3.xml
3 ms. Memory: 677888K Free: 609792K (90%)
----------------- Invoking toplevel() on ptolemy.moml.MoMLSimpleApplication@6cbbfd1
----------------- Done invoking toplevel() on ptolemy.moml.MoMLSimpleApplication@6cbbfd1
reloadAllAccessors: .matrixType3

===========================================================================================
----------------- testing Tue Oct 13 15:49:35 UTC 2020 /home/travis/build/icyphy/ptII/ptolemy/actor/lib/test/auto/matrixType4.xml
----------------- Instantiating /home/travis/build/icyphy/ptII/ptolemy/actor/lib/test/auto/matrixType4.xml
1 ms. Memory: 677888K Free: 604672K (89%)
----------------- Invoking toplevel() on ptolemy.moml.MoMLSimpleApplication@2c3459f1
----------------- Done invoking toplevel() on ptolemy.moml.MoMLSimpleApplication@2c3459f1
reloadAllAccessors: .matrixType4

===========================================================================================
----------------- testing Tue Oct 13 15:49:35 UTC 2020 /home/travis/build/icyphy/ptII/ptolemy/actor/lib/test/auto/matrixType5.xml
----------------- Instantiating /home/travis/build/icyphy/ptII/ptolemy/actor/lib/test/auto/matrixType5.xml
1 ms. Memory: 677888K Free: 600062K (89%)
----------------- Invoking toplevel() on ptolemy.moml.MoMLSimpleApplication@64fe6ede
----------------- Done invoking toplevel() on ptolemy.moml.MoMLSimpleApplication@64fe6ede
reloadAllAccessors: .matrixType5

===========================================================================================
----------------- testing Tue Oct 13 15:49:35 UTC 2020 /home/travis/build/icyphy/ptII/ptolemy/actor/lib/test/auto/matrixType6.xml
----------------- Instantiating /home/travis/build/icyphy/ptII/ptolemy/actor/lib/test/auto/matrixType6.xml
1 ms. Memory: 677888K Free: 594942K (88%)
----------------- Invoking toplevel() on ptolemy.moml.MoMLSimpleApplication@4139bc58
----------------- Done invoking toplevel() on ptolemy.moml.MoMLSimpleApplication@4139bc58
reloadAllAccessors: .matrixType6

===========================================================================================
----------------- testing Tue Oct 13 15:49:35 UTC 2020 /home/travis/build/icyphy/ptII/ptolemy/actor/lib/test/auto/matrixType7.xml
----------------- Instantiating /home/travis/build/icyphy/ptII/ptolemy/actor/lib/test/auto/matrixType7.xml
2 ms. Memory: 677888K Free: 590336K (87%)
----------------- Invoking toplevel() on ptolemy.moml.MoMLSimpleApplication@1c58cbf3
----------------- Done invoking toplevel() on ptolemy.moml.MoMLSimpleApplication@1c58cbf3
reloadAllAccessors: .matrixType7

===========================================================================================
----------------- testing Tue Oct 13 15:49:35 UTC 2020 /home/travis/build/icyphy/ptII/ptolemy/actor/lib/test/auto/matrixType8.xml
----------------- Instantiating /home/travis/build/icyphy/ptII/ptolemy/actor/lib/test/auto/matrixType8.xml
1 ms. Memory: 677888K Free: 585216K (86%)
----------------- Invoking toplevel() on ptolemy.moml.MoMLSimpleApplication@2b810156
----------------- Done invoking toplevel() on ptolemy.moml.MoMLSimpleApplication@2b810156
reloadAllAccessors: .matrixType8

===========================================================================================
----------------- testing Tue Oct 13 15:49:35 UTC 2020 /home/travis/build/icyphy/ptII/ptolemy/actor/lib/test/auto/matrixType9.xml
----------------- Instantiating /home/travis/build/icyphy/ptII/ptolemy/actor/lib/test/auto/matrixType9.xml
1 ms. Memory: 677888K Free: 580606K (86%)
----------------- Invoking toplevel() on ptolemy.moml.MoMLSimpleApplication@4496c74f
----------------- Done invoking toplevel() on ptolemy.moml.MoMLSimpleApplication@4496c74f
reloadAllAccessors: .matrixType9

===========================================================================================
----------------- testing Tue Oct 13 15:49:35 UTC 2020 /home/travis/build/icyphy/ptII/ptolemy/actor/lib/test/auto/paraFunctest.xml
----------------- Instantiating /home/travis/build/icyphy/ptII/ptolemy/actor/lib/test/auto/paraFunctest.xml
1 ms. Memory: 677888K Free: 576000K (85%)
----------------- Invoking toplevel() on ptolemy.moml.MoMLSimpleApplication@3f15cfc6
----------------- Done invoking toplevel() on ptolemy.moml.MoMLSimpleApplication@3f15cfc6
reloadAllAccessors: .paraFunctest

===========================================================================================
----------------- testing Tue Oct 13 15:49:35 UTC 2020 /home/travis/build/icyphy/ptII/ptolemy/actor/lib/test/auto/paraFunctest2.xml
----------------- Instantiating /home/travis/build/icyphy/ptII/ptolemy/actor/lib/test/auto/paraFunctest2.xml
1 ms. Memory: 677888K Free: 571390K (84%)
----------------- Invoking toplevel() on ptolemy.moml.MoMLSimpleApplication@4752ac53
----------------- Done invoking toplevel() on ptolemy.moml.MoMLSimpleApplication@4752ac53
reloadAllAccessors: .paraFunctest2

===========================================================================================
----------------- testing Tue Oct 13 15:49:35 UTC 2020 /home/travis/build/icyphy/ptII/ptolemy/actor/lib/test/auto/parameterPassing.xml
----------------- Instantiating /home/travis/build/icyphy/ptII/ptolemy/actor/lib/test/auto/parameterPassing.xml
1 ms. Memory: 677888K Free: 566784K (84%)
----------------- Invoking toplevel() on ptolemy.moml.MoMLSimpleApplication@2deeff0d
----------------- Done invoking toplevel() on ptolemy.moml.MoMLSimpleApplication@2deeff0d
reloadAllAccessors: .parameterPassing

===========================================================================================
----------------- testing Tue Oct 13 15:49:35 UTC 2020 /home/travis/build/icyphy/ptII/ptolemy/actor/lib/test/auto/record.xml
----------------- Instantiating /home/travis/build/icyphy/ptII/ptolemy/actor/lib/test/auto/record.xml
3 ms. Memory: 677888K Free: 562174K (83%)
----------------- Invoking toplevel() on ptolemy.moml.MoMLSimpleApplication@25034a36
----------------- Done invoking toplevel() on ptolemy.moml.MoMLSimpleApplication@25034a36
reloadAllAccessors: .record

===========================================================================================
----------------- testing Tue Oct 13 15:49:35 UTC 2020 /home/travis/build/icyphy/ptII/ptolemy/actor/lib/test/auto/sizedarray1.xml
----------------- Instantiating /home/travis/build/icyphy/ptII/ptolemy/actor/lib/test/auto/sizedarray1.xml
1 ms. Memory: 677888K Free: 556544K (82%)
----------------- Invoking toplevel() on ptolemy.moml.MoMLSimpleApplication@5eb8c704
----------------- Done invoking toplevel() on ptolemy.moml.MoMLSimpleApplication@5eb8c704
reloadAllAccessors: .sizedarray1

===========================================================================================
----------------- testing Tue Oct 13 15:49:35 UTC 2020 /home/travis/build/icyphy/ptII/ptolemy/actor/lib/test/auto/sizedarray2.xml
----------------- Instantiating /home/travis/build/icyphy/ptII/ptolemy/actor/lib/test/auto/sizedarray2.xml
1 ms. Memory: 677888K Free: 551424K (81%)
----------------- Invoking toplevel() on ptolemy.moml.MoMLSimpleApplication@76d809e0
----------------- Done invoking toplevel() on ptolemy.moml.MoMLSimpleApplication@76d809e0
reloadAllAccessors: .sizedarray2

===========================================================================================
----------------- testing Tue Oct 13 15:49:35 UTC 2020 /home/travis/build/icyphy/ptII/ptolemy/actor/lib/test/auto/twoPublishers.xml
----------------- Instantiating /home/travis/build/icyphy/ptII/ptolemy/actor/lib/test/auto/twoPublishers.xml
4 ms. Memory: 677888K Free: 540670K (80%)
----------------- Invoking toplevel() on ptolemy.moml.MoMLSimpleApplication@3e411e64
----------------- Done invoking toplevel() on ptolemy.moml.MoMLSimpleApplication@3e411e64
reloadAllAccessors: .twoPublishers
AutoTests.java: About to close Vertx.
AutoTests.java: Vertx closed.
]]></system-out>
  <system-err><![CDATA[java.lang.RuntimeException: Execution failed
	at ptolemy.moml.MoMLSimpleApplication$UnloadThread.run(MoMLSimpleApplication.java:402)
Caused by: java.lang.RuntimeException: StringUtilities.exit() was called. Normally, we would exit here because Manager.exitAfterWrapup() was called.  However, because the ptolemy.ptII.exitAfterWrapup property is set, we throw this exception instead.
	at ptolemy.util.StringUtilities.exit(StringUtilities.java:365)
	at ptolemy.actor.Manager.wrapup(Manager.java:1549)
	at ptolemy.actor.Manager.execute(Manager.java:407)
	at ptolemy.actor.Manager.run(Manager.java:1263)
	at ptolemy.actor.Manager$PtolemyRunThread.run(Manager.java:1933)
Warning: '.top.test' is in training mode, set the trainingMode parameter to false before checking in
Warning: '.top.test' is in training mode, set the trainingMode parameter to false before checking in
Warning: '.top.test' is in training mode, set the trainingMode parameter to false before checking in
Warning: '.BooleanSwitch_RegressionTest_WrongTrainingValues.Test' is in training mode, set the trainingMode parameter to false before checking in
Warning: '.BooleanSwitch_RegressionTest_WrongTrainingValues.Test2' is in training mode, set the trainingMode parameter to false before checking in
Warning: '.BooleanSwitch_RegressionTest_WrongTrainingValues.Test2' The test produced 0 tokens.
Warning: '.top.testExceptionHandler' is in training mode, set the trainingMode parameter to false before checking in
java.lang.RuntimeException: Execution failed
	at ptolemy.moml.MoMLSimpleApplication$UnloadThread.run(MoMLSimpleApplication.java:402)
Caused by: ptolemy.kernel.util.IllegalActionException: PublisherPorts cannot be used at the top level, use a Publisher actor instead.
  in .PublisherPortToplevelSubscriber.PublisherPort
	at ptolemy.actor.PublisherPort.preinitialize(PublisherPort.java:403)
	at ptolemy.actor.CompositeActor.preinitialize(CompositeActor.java:1769)
	at ptolemy.actor.Manager.preinitializeAndResolveTypes(Manager.java:1040)
	at ptolemy.actor.Manager.initialize(Manager.java:710)
	at ptolemy.actor.Manager.execute(Manager.java:356)
	at ptolemy.actor.Manager.run(Manager.java:1263)
	at ptolemy.actor.Manager$PtolemyRunThread.run(Manager.java:1933)
java.lang.reflect.InvocationTargetException
	at java.base/jdk.internal.reflect.NativeConstructorAccessorImpl.newInstance0(Native Method)
	at java.base/jdk.internal.reflect.NativeConstructorAccessorImpl.newInstance(NativeConstructorAccessorImpl.java:62)
	at java.base/jdk.internal.reflect.DelegatingConstructorAccessorImpl.newInstance(DelegatingConstructorAccessorImpl.java:45)
	at java.base/java.lang.reflect.Constructor.newInstance(Constructor.java:490)
	at ptolemy.util.test.junit.AutoKnownFailedTests.RunModel(AutoKnownFailedTests.java:105)
	at java.base/jdk.internal.reflect.NativeMethodAccessorImpl.invoke0(Native Method)
	at java.base/jdk.internal.reflect.NativeMethodAccessorImpl.invoke(NativeMethodAccessorImpl.java:62)
	at java.base/jdk.internal.reflect.DelegatingMethodAccessorImpl.invoke(DelegatingMethodAccessorImpl.java:43)
	at java.base/java.lang.reflect.Method.invoke(Method.java:566)
	at org.junit.runners.model.FrameworkMethod$1.runReflectiveCall(FrameworkMethod.java:44)
	at org.junit.internal.runners.model.ReflectiveCallable.run(ReflectiveCallable.java:15)
	at org.junit.runners.model.FrameworkMethod.invokeExplosively(FrameworkMethod.java:41)
	at junitparams.internal.InvokeParameterisedMethod.evaluate(InvokeParameterisedMethod.java:102)
	at org.junit.internal.runners.statements.FailOnTimeout$1.run(FailOnTimeout.java:28)
Caused by: ptolemy.kernel.util.IllegalActionException: PublisherPorts cannot be used at the top level, use a Publisher actor instead.
  in .PublisherPortToplevelSubscriber.PublisherPort
	at ptolemy.actor.PublisherPort.preinitialize(PublisherPort.java:403)
	at ptolemy.actor.CompositeActor.preinitialize(CompositeActor.java:1769)
	at ptolemy.actor.Manager.preinitializeAndResolveTypes(Manager.java:1040)
	at ptolemy.actor.Manager.initialize(Manager.java:710)
	at ptolemy.actor.Manager.execute(Manager.java:356)
	at ptolemy.actor.Manager.run(Manager.java:1263)
	at ptolemy.actor.Manager$PtolemyRunThread.run(Manager.java:1933)
java.lang.RuntimeException: Execution failed
	at ptolemy.moml.MoMLSimpleApplication$UnloadThread.run(MoMLSimpleApplication.java:402)
Caused by: ptolemy.kernel.util.IllegalActionException: SubscriberPorts cannot be used at the top level, use a Subscriber actor instead.
  in .PublisherSubscriberPortToplevel.SubscriberPort
	at ptolemy.actor.SubscriberPort.preinitialize(SubscriberPort.java:328)
	at ptolemy.actor.CompositeActor.preinitialize(CompositeActor.java:1769)
	at ptolemy.actor.Manager.preinitializeAndResolveTypes(Manager.java:1040)
	at ptolemy.actor.Manager.initialize(Manager.java:710)
	at ptolemy.actor.Manager.execute(Manager.java:356)
	at ptolemy.actor.Manager.run(Manager.java:1263)
	at ptolemy.actor.Manager$PtolemyRunThread.run(Manager.java:1933)
java.lang.reflect.InvocationTargetException
	at java.base/jdk.internal.reflect.NativeConstructorAccessorImpl.newInstance0(Native Method)
	at java.base/jdk.internal.reflect.NativeConstructorAccessorImpl.newInstance(NativeConstructorAccessorImpl.java:62)
	at java.base/jdk.internal.reflect.DelegatingConstructorAccessorImpl.newInstance(DelegatingConstructorAccessorImpl.java:45)
	at java.base/java.lang.reflect.Constructor.newInstance(Constructor.java:490)
	at ptolemy.util.test.junit.AutoKnownFailedTests.RunModel(AutoKnownFailedTests.java:105)
	at java.base/jdk.internal.reflect.NativeMethodAccessorImpl.invoke0(Native Method)
	at java.base/jdk.internal.reflect.NativeMethodAccessorImpl.invoke(NativeMethodAccessorImpl.java:62)
	at java.base/jdk.internal.reflect.DelegatingMethodAccessorImpl.invoke(DelegatingMethodAccessorImpl.java:43)
	at java.base/java.lang.reflect.Method.invoke(Method.java:566)
	at org.junit.runners.model.FrameworkMethod$1.runReflectiveCall(FrameworkMethod.java:44)
	at org.junit.internal.runners.model.ReflectiveCallable.run(ReflectiveCallable.java:15)
	at org.junit.runners.model.FrameworkMethod.invokeExplosively(FrameworkMethod.java:41)
	at junitparams.internal.InvokeParameterisedMethod.evaluate(InvokeParameterisedMethod.java:102)
	at org.junit.internal.runners.statements.FailOnTimeout$1.run(FailOnTimeout.java:28)
Caused by: ptolemy.kernel.util.IllegalActionException: SubscriberPorts cannot be used at the top level, use a Subscriber actor instead.
  in .PublisherSubscriberPortToplevel.SubscriberPort
	at ptolemy.actor.SubscriberPort.preinitialize(SubscriberPort.java:328)
	at ptolemy.actor.CompositeActor.preinitialize(CompositeActor.java:1769)
	at ptolemy.actor.Manager.preinitializeAndResolveTypes(Manager.java:1040)
	at ptolemy.actor.Manager.initialize(Manager.java:710)
	at ptolemy.actor.Manager.execute(Manager.java:356)
	at ptolemy.actor.Manager.run(Manager.java:1263)
	at ptolemy.actor.Manager$PtolemyRunThread.run(Manager.java:1933)
java.lang.RuntimeException: Execution failed
	at ptolemy.moml.MoMLSimpleApplication$UnloadThread.run(MoMLSimpleApplication.java:402)
Caused by: ptolemy.kernel.util.IllegalActionException: SubscriptionAggregatorPorts cannot be used at the top level, use a SubscriptionAggregator actor instead.
  in .PublisherSubscriptionAggregatorPort.SubscriptionAggregatorPort
	at ptolemy.actor.SubscriptionAggregatorPort.preinitialize(SubscriptionAggregatorPort.java:353)
	at ptolemy.actor.CompositeActor.preinitialize(CompositeActor.java:1769)
	at ptolemy.actor.Manager.preinitializeAndResolveTypes(Manager.java:1040)
	at ptolemy.actor.Manager.initialize(Manager.java:710)
	at ptolemy.actor.Manager.execute(Manager.java:356)
	at ptolemy.actor.Manager.run(Manager.java:1263)
	at ptolemy.actor.Manager$PtolemyRunThread.run(Manager.java:1933)
java.lang.reflect.InvocationTargetException
	at java.base/jdk.internal.reflect.NativeConstructorAccessorImpl.newInstance0(Native Method)
	at java.base/jdk.internal.reflect.NativeConstructorAccessorImpl.newInstance(NativeConstructorAccessorImpl.java:62)
	at java.base/jdk.internal.reflect.DelegatingConstructorAccessorImpl.newInstance(DelegatingConstructorAccessorImpl.java:45)
	at java.base/java.lang.reflect.Constructor.newInstance(Constructor.java:490)
	at ptolemy.util.test.junit.AutoKnownFailedTests.RunModel(AutoKnownFailedTests.java:105)
	at java.base/jdk.internal.reflect.NativeMethodAccessorImpl.invoke0(Native Method)
	at java.base/jdk.internal.reflect.NativeMethodAccessorImpl.invoke(NativeMethodAccessorImpl.java:62)
	at java.base/jdk.internal.reflect.DelegatingMethodAccessorImpl.invoke(DelegatingMethodAccessorImpl.java:43)
	at java.base/java.lang.reflect.Method.invoke(Method.java:566)
	at org.junit.runners.model.FrameworkMethod$1.runReflectiveCall(FrameworkMethod.java:44)
	at org.junit.internal.runners.model.ReflectiveCallable.run(ReflectiveCallable.java:15)
	at org.junit.runners.model.FrameworkMethod.invokeExplosively(FrameworkMethod.java:41)
	at junitparams.internal.InvokeParameterisedMethod.evaluate(InvokeParameterisedMethod.java:102)
	at org.junit.internal.runners.statements.FailOnTimeout$1.run(FailOnTimeout.java:28)
Caused by: ptolemy.kernel.util.IllegalActionException: SubscriptionAggregatorPorts cannot be used at the top level, use a SubscriptionAggregator actor instead.
  in .PublisherSubscriptionAggregatorPort.SubscriptionAggregatorPort
	at ptolemy.actor.SubscriptionAggregatorPort.preinitialize(SubscriptionAggregatorPort.java:353)
	at ptolemy.actor.CompositeActor.preinitialize(CompositeActor.java:1769)
	at ptolemy.actor.Manager.preinitializeAndResolveTypes(Manager.java:1040)
	at ptolemy.actor.Manager.initialize(Manager.java:710)
	at ptolemy.actor.Manager.execute(Manager.java:356)
	at ptolemy.actor.Manager.run(Manager.java:1263)
	at ptolemy.actor.Manager$PtolemyRunThread.run(Manager.java:1933)
java.lang.RuntimeException: Execution failed
	at ptolemy.moml.MoMLSimpleApplication$UnloadThread.run(MoMLSimpleApplication.java:402)
Caused by: ptolemy.kernel.util.IllegalActionException: TypeTest actor has no training data.
  in .sizedarray3.TypeTest
	at ptolemy.actor.lib.TypeTest.initialize(TypeTest.java:250)
	at ptolemy.actor.Director.initialize(Director.java:938)
	at ptolemy.actor.Director.initialize(Director.java:907)
	at ptolemy.actor.sched.StaticSchedulingDirector.initialize(StaticSchedulingDirector.java:159)
	at ptolemy.domains.sdf.kernel.SDFDirector.initialize(SDFDirector.java:544)
	at ptolemy.actor.CompositeActor.initialize(CompositeActor.java:935)
	at ptolemy.actor.Manager.initialize(Manager.java:724)
	at ptolemy.actor.Manager.execute(Manager.java:356)
	at ptolemy.actor.Manager.run(Manager.java:1263)
	at ptolemy.actor.Manager$PtolemyRunThread.run(Manager.java:1933)
java.lang.reflect.InvocationTargetException
	at java.base/jdk.internal.reflect.NativeConstructorAccessorImpl.newInstance0(Native Method)
	at java.base/jdk.internal.reflect.NativeConstructorAccessorImpl.newInstance(NativeConstructorAccessorImpl.java:62)
	at java.base/jdk.internal.reflect.DelegatingConstructorAccessorImpl.newInstance(DelegatingConstructorAccessorImpl.java:45)
	at java.base/java.lang.reflect.Constructor.newInstance(Constructor.java:490)
	at ptolemy.util.test.junit.AutoKnownFailedTests.RunModel(AutoKnownFailedTests.java:105)
	at java.base/jdk.internal.reflect.NativeMethodAccessorImpl.invoke0(Native Method)
	at java.base/jdk.internal.reflect.NativeMethodAccessorImpl.invoke(NativeMethodAccessorImpl.java:62)
	at java.base/jdk.internal.reflect.DelegatingMethodAccessorImpl.invoke(DelegatingMethodAccessorImpl.java:43)
	at java.base/java.lang.reflect.Method.invoke(Method.java:566)
	at org.junit.runners.model.FrameworkMethod$1.runReflectiveCall(FrameworkMethod.java:44)
	at org.junit.internal.runners.model.ReflectiveCallable.run(ReflectiveCallable.java:15)
	at org.junit.runners.model.FrameworkMethod.invokeExplosively(FrameworkMethod.java:41)
	at junitparams.internal.InvokeParameterisedMethod.evaluate(InvokeParameterisedMethod.java:102)
	at org.junit.internal.runners.statements.FailOnTimeout$1.run(FailOnTimeout.java:28)
Caused by: ptolemy.kernel.util.IllegalActionException: TypeTest actor has no training data.
  in .sizedarray3.TypeTest
	at ptolemy.actor.lib.TypeTest.initialize(TypeTest.java:250)
	at ptolemy.actor.Director.initialize(Director.java:938)
	at ptolemy.actor.Director.initialize(Director.java:907)
	at ptolemy.actor.sched.StaticSchedulingDirector.initialize(StaticSchedulingDirector.java:159)
	at ptolemy.domains.sdf.kernel.SDFDirector.initialize(SDFDirector.java:544)
	at ptolemy.actor.CompositeActor.initialize(CompositeActor.java:935)
	at ptolemy.actor.Manager.initialize(Manager.java:724)
	at ptolemy.actor.Manager.execute(Manager.java:356)
	at ptolemy.actor.Manager.run(Manager.java:1263)
	at ptolemy.actor.Manager$PtolemyRunThread.run(Manager.java:1933)
]]></system-err>
</testsuite>
