<?xml version="1.0" encoding="UTF-8" ?>
<testsuite errors="0" failures="0" hostname="travis-job-db45ccc3-6646-4e48-9245-2c1d6e7fd085" name="ptolemy.domains.de.test.junit.JUnitTclTest" skipped="0" tests="101" time="129.136" timestamp="2020-07-25T15:10:35">
  <properties>
    <property name="npm.executable" value="npm" />
    <property name="env.TRAVIS_ROOT" value="/" />
    <property name="ptII.mk.exists" value="true" />
    <property name="env.TRAVIS_APP_HOST" value="build.travis-ci.org" />
    <property name="env.rvm_bin_path" value="/home/travis/.rvm/bin" />
    <property name="java.home" value="/usr/local/lib/jvm/openjdk11" />
    <property name="env.TRAVIS_JOB_NUMBER" value="1712.9" />
    <property name="env.TRAVIS_HOME" value="/home/travis" />
    <property name="env.DISPLAY" value=":99.0" />
    <property name="env.TRAVIS_INIT" value="systemd" />
    <property name="env.SSH_TTY" value="/dev/pts/0" />
    <property name="java.net.preferIPv4Stack" value="true" />
    <property name="env.RUN_TESTS" value="true" />
    <property name="timeout.short" value="1000000" />
    <property name="junit.formatter" value="xml" />
    <property name="env.TRAVIS_SUDO" value="true" />
    <property name="env.TRAVIS_JOB_NAME" value="" />
    <property name="env.TRAVIS_STACK_NODE_ATTRIBUTES" value="/.node-attributes.yml" />
    <property name="env.LOGNAME" value="travis" />
    <property name="jsdoc.home" value="node_modules/@terraswarm/jsdoc" />
    <property name="debuglevel" value="source,lines,vars" />
    <property name="checkstyle.formatter" value="xml" />
    <property name="bin.vergil.makeable" value="true" />
    <property name="sun.os.patch.level" value="unknown" />
    <property name="java.vendor.url" value="http://java.oracle.com/" />
    <property name="env.TRAVIS_BUILD_WEB_URL" value="https://travis-ci.org/icyphy/ptII/builds/711742564" />
    <property name="java.version" value="11.0.2" />
    <property name="env.TZ" value="UTC" />
    <property name="env.TRAVIS_PULL_REQUEST_SHA" value="" />
    <property name="env.PT_NO_NET" value="true" />
    <property name="env.TRAVIS_SECURE_ENV_VARS" value="true" />
    <property name="java.vendor.url.bug" value="http://bugreport.java.com/bugreport/" />
    <property name="npmjs-org-is-up" value="true" />
    <property name="env.LANGUAGE" value="en_US.UTF-8" />
    <property name="env.SSH_CLIENT" value="10.16.0.72 51932 22" />
    <property name="env.GEM_HOME" value="/home/travis/.rvm/gems/ruby-2.5.3" />
    <property name="env.HAS_ANTARES_THREE_LITTLE_FRONZIES_BADGE" value="true" />
    <property name="java.version.date" value="2019-01-15" />
    <property name="env.PS4" value="+" />
    <property name="ant.project.invoked-targets" value="build,test.core2.xml" />
    <property name="env.TRAVIS_PULL_REQUEST_BRANCH" value="" />
    <property name="env.TRAVIS_REPO_SLUG" value="icyphy/ptII" />
    <property name="env.XDG_DATA_DIRS" value="/usr/local/share:/usr/share:/var/lib/snapd/desktop" />
    <property name="jdk.debug" value="release" />
    <property name="env.TRAVIS_APT_PROXY" value="http://build-cache.travisci.net" />
    <property name="env.TRAVIS_CPU_ARCH" value="amd64" />
    <property name="node.in.path" value="true" />
    <property name="user.name" value="travis" />
    <property name="java.maxmemory" value="1400m" />
    <property name="env.RUBY_VERSION" value="ruby-2.5.3" />
    <property name="env.LANG" value="en_US.UTF-8" />
    <property name="sun.io.unicode.encoding" value="UnicodeLittle" />
    <property name="sun.jnu.encoding" value="UTF-8" />
    <property name="java.runtime.name" value="OpenJDK Runtime Environment" />
    <property name="usefile" value="false" />
    <property name="return.code" value="0" />
    <property name="junit.single.formatter" value="plain" />
    <property name="env.DYLD_LIBRARY_PATH" value="/home/travis/pthla/certi-tools/lib:" />
    <property name="env.DEBIAN_FRONTEND" value="noninteractive" />
    <property name="env.SSH_CONNECTION" value="10.16.0.72 51932 10.20.0.138 22" />
    <property name="env.MYSQL_UNIX_PORT" value="/var/run/mysqld/mysqld.sock" />
    <property name="env.LC_ALL" value="en_US.UTF-8" />
    <property name="env.TRAVIS_ALLOW_FAILURE" value="" />
    <property name="env.TRAVIS_JOB_WEB_URL" value="https://travis-ci.org/icyphy/ptII/jobs/711742588" />
    <property name="java.specification.name" value="Java Platform API Specification" />
    <property name="node.works" value="true" />
    <property name="user.timezone" value="" />
    <property name="path.separator" value=":" />
    <property name="env.TRAVIS_ENABLE_INFRA_DETECTION" value="true" />
    <property name="env.PYTHON_CFLAGS" value="-g -fstack-protector --param=ssp-buffer-size=4 -Wformat -Werror=format-security" />
    <property name="timeout.long" value="4000000" />
    <property name="env.CERTI_HOME" value="/home/travis/pthla/certi-tools" />
    <property name="ant.file.ptII" value="/home/travis/build/icyphy/ptII/build.xml" />
    <property name="javadoc.packagenames" value="com.*,diva.*,lbnl.*,org.hlacerti.*,org.json.*,org.ptolemy.*,org.terraswarm.*,ptolemy.*,ptserver.*" />
    <property name="file.encoding" value="UTF-8" />
    <property name="env.TRAVIS_PULL_REQUEST_SLUG" value="" />
    <property name="ant.project.default-target" value="build" />
    <property name="env.GIT_ASKPASS" value="echo" />
    <property name="env.HOME" value="/home/travis" />
    <property name="sun.java.command" value="org.apache.tools.ant.taskdefs.optional.junit.JUnitTestRunner ptolemy.domains.de.test.junit.JUnitTclTest skipNonTests=false filtertrace=true haltOnError=false haltOnFailure=false formatter=org.apache.tools.ant.taskdefs.optional.junit.OutErrSummaryJUnitResultFormatter showoutput=true outputtoformatters=true logfailedtests=true threadid=0 logtestlistenerevents=false formatter=org.apache.tools.ant.taskdefs.optional.junit.XMLJUnitResultFormatter,/home/travis/build/icyphy/ptII/reports/junit/TEST-ptolemy.domains.de.test.junit.JUnitTclTest.xml crashfile=/home/travis/build/icyphy/ptII/junitvmwatcher15009299682100326940.properties propsfile=/home/travis/build/icyphy/ptII/junit13456109112541850472.properties" />
    <property name="env.COMPOSER_NO_INTERACTION" value="1" />
    <property name="env.MANPATH" value="/home/travis/.nvm/versions/node/v7.10.1/share/man:/home/travis/.rvm/rubies/ruby-2.5.3/share/man:/usr/local/cmake-3.12.4/man:/usr/local/clang-7.0.0/share/man:/usr/local/man:/usr/local/share/man:/usr/share/man:/home/travis/.rvm/man" />
    <property name="env.TRAVIS_TIMER_ID" value="0a7c16fd" />
    <property name="ant.file" value="/home/travis/build/icyphy/ptII/build.xml" />
    <property name="env.TRAVIS_COMMIT_RANGE" value="17979da7832bb1a899771395d4b6dec33713c3c1...3bb573e462e9b4151952318d01b7e361e9f419ad" />
    <property name="ptII.classpath.optional.property" value="/home/travis/build/icyphy/ptII/lib/bsh-2.0b4.jar:/home/travis/build/icyphy/ptII/lib/ptCal.jar:/home/travis/build/icyphy/ptII/lib/java_cup.jar:/home/travis/build/icyphy/ptII/lib/saxon8.jar:/home/travis/build/icyphy/ptII/lib/saxon8-dom.jar:/home/travis/build/icyphy/ptII/lib/chic.jar:/home/travis/build/icyphy/ptII/lib/ptcolt.jar:/home/travis/build/icyphy/ptII/vendors/misc/itext/iText.jar:/home/travis/build/icyphy/ptII/lib/g4ltl.jar:/home/travis/build/icyphy/ptII/lib/StructuralCoder.jar:/home/travis/build/icyphy/ptII/lib/jcerti.jar:/home/travis/build/icyphy/ptII/lib/javax.mail.jar:/home/travis/build/icyphy/ptII/vendors/JMF-2.1.1e/lib/jmf.jar:/home/travis/build/icyphy/ptII/lib/jna-4.0.0-variadic.jar:/home/travis/build/icyphy/ptII/vendors/misc/joystick/Joystick.jar:/home/travis/build/icyphy/ptII/lib/ptjacl.jar:/home/travis/build/icyphy/ptII/lib/jsoup-1.8.2.jar:/home/travis/build/icyphy/ptII/lib/junit-4.8.2.jar:/home/travis/build/icyphy/ptII/lib/JUnitParams-0.4.0.jar:/home/travis/build/icyphy/ptII/ptolemy/actor/lib/excel/jxl.jar:/home/travis/build/icyphy/ptII/lib/jython.jar:/home/travis/build/icyphy/ptII/lib/kieler.jar:/home/travis/build/icyphy/ptII/vendors/opencv/share/OpenCV/java/opencv-341.jar:/home/travis/build/icyphy/ptII/lib/oscP5.jar:/home/travis/build/icyphy/ptII/lib/nrjavaserial-3.11.0.devel.jar:/home/travis/build/icyphy/ptII/vendors/j3d/lib/Linux/j3dcore.jar:/home/travis/build/icyphy/ptII/vendors/j3d/lib/Linux/j3dutils.jar:/home/travis/build/icyphy/ptII/vendors/j3d/lib/Linux/vecmath.jar:/home/travis/build/icyphy/ptII/vendors/jogl/lib/Linux/gluegen-rt-natives-linux-amd64.jar:/home/travis/build/icyphy/ptII/vendors/jogl/lib/Linux/gluegen-rt.jar:/home/travis/build/icyphy/ptII/vendors/jogl/lib/Linux/jogl-all-natives-linux-amd64.jar:/home/travis/build/icyphy/ptII/vendors/jogl/lib/Linux/jogl-all.jar:/home/travis/build/icyphy/ptII/ptolemy/distributed/jini/jar/jini-core.jar:/home/travis/build/icyphy/ptII/ptolemy/distributed/jini/jar/jini-ext.jar:/home/travis/build/icyphy/ptII/ptolemy/distributed/jini/jar/sun-util.jar:/home/travis/build/icyphy/ptII/lib/protobuf-java-2.4.1.jar:/home/travis/build/icyphy/ptII/lib/org.eclipse.paho.client.mqttv3.jar:/home/travis/build/icyphy/ptII/lib/mapss.jar:/home/travis/build/icyphy/ptII/ptolemy/actor/ptalon/antlr/antlr.jar:/home/travis/build/icyphy/ptII/lib/JRI.jar:/home/travis/build/icyphy/ptII/lib/commons-lang-2.6.jar:/home/travis/build/icyphy/ptII/lib/commons-logging-1.1.1.jar:/home/travis/build/icyphy/ptII/lib/sootclasses.jar:/home/travis/build/icyphy/ptII/ptolemy/actor/lib/database/mysql-connector-java-5.1.6-bin.jar:/home/travis/build/icyphy/ptII/vendors/misc/sphinx4/sphinx4-data-5prealpha.jar:/home/travis/build/icyphy/ptII/vendors/misc/sphinx4/sphinx4-core-5prealpha.jar:/home/travis/build/icyphy/ptII/lib/PDFRenderer.jar:/home/travis/build/icyphy/ptII/lib/svgSalamander.jar:/home/travis/build/icyphy/ptII/lib/rsyntaxtextarea-2.6.0-SNAPSHOT.jar:/home/travis/build/icyphy/ptII/lib/hazelcast-3.8.2.jar:/home/travis/build/icyphy/ptII/lib/jackson-annotations-2.9.0.jar:/home/travis/build/icyphy/ptII/lib/jackson-core-2.9.3.jar:/home/travis/build/icyphy/ptII/lib/jackson-databind-2.9.3.jar:/home/travis/build/icyphy/ptII/lib/netty-buffer-4.1.19.Final.jar:/home/travis/build/icyphy/ptII/lib/netty-codec-4.1.19.Final.jar:/home/travis/build/icyphy/ptII/lib/netty-codec-dns-4.1.19.Final.jar:/home/travis/build/icyphy/ptII/lib/netty-codec-http-4.1.19.Final.jar:/home/travis/build/icyphy/ptII/lib/netty-codec-http2-4.1.19.Final.jar:/home/travis/build/icyphy/ptII/lib/netty-common-4.1.19.Final.jar:/home/travis/build/icyphy/ptII/lib/netty-handler-4.1.19.Final.jar:/home/travis/build/icyphy/ptII/lib/netty-resolver-4.1.19.Final.jar:/home/travis/build/icyphy/ptII/lib/netty-resolver-dns-4.1.19.Final.jar:/home/travis/build/icyphy/ptII/lib/netty-transport-4.1.19.Final.jar:/home/travis/build/icyphy/ptII/lib/vertx-codegen-3.5.1.jar:/home/travis/build/icyphy/ptII/lib/vertx-core-3.5.2-SNAPSHOT.jar:/home/travis/build/icyphy/ptII/lib/vertx-hazelcast-3.5.1.jar:/home/travis/build/icyphy/ptII/lib/vertx-lang-js-3.5.1.jar:/home/travis/build/icyphy/ptII/lib/vertx-service-proxy-3.5.1.jar:/home/travis/build/icyphy/ptII/lib/vertx-web-3.5.1.jar:/home/travis/build/icyphy/ptII/lib/slf4j-api-1.7.13.jar:/home/travis/build/icyphy/ptII/lib/slf4j-simple-1.7.13.jar:/home/travis/build/icyphy/ptII/lib/webcam-capture-0.3.12.jar:/home/travis/build/icyphy/ptII/lib/bridj-0.7.0.jar:/home/travis/build/icyphy/ptII/lib/xbjlib-1.1.0.nrjavaserial.jar" />
    <property name="timeout" value="2400000" />
    <property name="test.batch" value="**/junit/*.java" />
    <property name="env._" value="/usr/bin/timeout" />
    <property name="java.io.tmpdir" value="/tmp" />
    <property name="user.language" value="en" />
    <property name="env.TRAVIS_INTERNAL_RUBY_REGEX" value="^ruby-(2\.[0-4]\.[0-9]|1\.9\.3)" />
    <property name="env.HISTCONTROL" value="ignoredups:ignorespace" />
    <property name="env.GOROOT" value="/home/travis/.gimme/versions/go1.11.1.linux.amd64" />
    <property name="line.separator" value="&#xa;" />
    <property name="target" value="11" />
    <property name="env.TRAVIS_BUILD_DIR" value="/home/travis/build/icyphy/ptII" />
    <property name="env.ANT_OPTS" value="-Xmx2048m" />
    <property name="ant.file.type" value="file" />
    <property name="ptolemy.ptII.batchMode" value="true" />
    <property name="env.HISTSIZE" value="1000" />
    <property name="env.MERB_ENV" value="test" />
    <property name="java.vm.info" value="mixed mode" />
    <property name="source" value="11" />
    <property name="java.vm.specification.name" value="Java Virtual Machine Specification" />
    <property name="env.TRAVIS_TEST_RESULT" value="0" />
    <property name="jsdoc.command" value="node_modules/@terraswarm/jsdoc/jsdoc.js" />
    <property name="npm.works" value="true" />
    <property name="cobertura.dir" value="/home/travis/build/icyphy/ptII/vendors/cobertura-2.0.3" />
    <property name="jsdoc.command.exists" value="true" />
    <property name="env.rvm_path" value="/home/travis/.rvm" />
    <property name="env.GEM_PATH" value="/home/travis/.rvm/gems/ruby-2.5.3:/home/travis/.rvm/gems/ruby-2.5.3@global" />
    <property name="env.LC_CTYPE" value="en_US.UTF-8" />
    <property name="env.TRAVIS_CMD" value="$PTII/bin/ptIITravisBuild.sh $SECONDS" />
    <property name="java.awt.printerjob" value="sun.print.PSPrinterJob" />
    <property name="env.TRAVIS_STACK_NAME" value="sardonyx" />
    <property name="env.TRAVIS_TIMER_START_TIME" value="1595689607080739615" />
    <property name="ant.version" value="Apache Ant(TM) version 1.10.1 compiled on February 2 2017" />
    <property name="ptII.reports" value="/home/travis/build/icyphy/ptII/reports" />
    <property name="env.TRAVIS_STACK_TIMESTAMP" value="2020-06-24 13:13:18 UTC" />
    <property name="ant.file.type.ptII" value="file" />
    <property name="env.RBENV_SHELL" value="bash" />
    <property name="os.name" value="Linux" />
    <property name="java.specification.vendor" value="Oracle Corporation" />
    <property name="env.rvm_version" value="1.29.10 (latest)" />
    <property name="env.TRAVIS_INFRA" value="unknown" />
    <property name="env.TERM" value="xterm" />
    <property name="java.vm.name" value="OpenJDK 64-Bit Server VM" />
    <property name="env.TRAVIS_BUILD_NUMBER" value="1712" />
    <property name="env.CI" value="true" />
    <property name="java.library.path" value="/home/travis/pthla/certi-tools/lib:/usr/lib/jni:/usr/local/share/OpenCV/java/:/usr/share/OpenCV/java::/usr/java/packages/lib:/usr/lib64:/lib64:/lib:/usr/lib" />
    <property name="jdk.module.path" value="/home/travis/build/icyphy/ptII/vendors/javafx/javafx-sdk-11.0.2/lib:" />
    <property name="env.rvm_prefix" value="/home/travis" />
    <property name="env.PATH" value="/home/travis/pthla/certi-tools/share/scripts:/home/travis/.rvm/gems/ruby-2.5.3/bin:/home/travis/.rvm/gems/ruby-2.5.3@global/bin:/home/travis/.rvm/rubies/ruby-2.5.3/bin:/home/travis/.rvm/bin:/home/travis/.nvm/versions/node/v7.10.1/bin:./node_modules/.bin:/home/travis/build/icyphy/ptII/bin:/home/travis/pthla/certi-tools/bin:/home/travis/bin:/home/travis/.local/bin:/usr/local/lib/jvm/openjdk11/bin:/opt/pyenv/shims:/home/travis/.phpenv/shims:/home/travis/perl5/perlbrew/bin:/home/travis/gopath/bin:/home/travis/.gimme/versions/go1.11.1.linux.amd64/bin:/usr/local/maven-3.6.3/bin:/usr/local/cmake-3.12.4/bin:/usr/local/clang-7.0.0/bin:/usr/local/sbin:/usr/local/bin:/usr/sbin:/usr/bin:/sbin:/bin:/snap/bin:/home/travis/.phpenv/bin:/opt/pyenv/bin:/home/travis/.yarn/bin" />
    <property name="env.TRAVIS_OS_NAME" value="linux" />
    <property name="ant.java.version" value="9" />
    <property name="basedir" value="/home/travis/build/icyphy/ptII" />
    <property name="java.class.version" value="55.0" />
    <property name="env.SHLVL" value="3" />
    <property name="env.LD_LIBRARY_PATH" value="/home/travis/pthla/certi-tools/lib:/usr/lib/jni:/usr/local/share/OpenCV/java/:/usr/share/OpenCV/java:" />
    <property name="env.RACK_ENV" value="test" />
    <property name="ant.home" value="/home/travis/build/icyphy/ptII/ant" />
    <property name="env.NVM_DIR" value="/home/travis/.nvm" />
    <property name="env.CERTI_FOM_PATH" value="/home/travis/pthla/certi-tools/share/federations" />
    <property name="env.TRAVIS_BUILD_ID" value="711742564" />
    <property name="env.PYENV_ROOT" value="/opt/pyenv" />
    <property name="env.TRAVIS_UID" value="2000" />
    <property name="prism.verbose" value="true" />
    <property name="env.NVM_BIN" value="/home/travis/.nvm/versions/node/v7.10.1/bin" />
    <property name="env.TRAVIS_COMMIT" value="3bb573e462e9b4151952318d01b7e361e9f419ad" />
    <property name="node.executable" value="node" />
    <property name="sun.boot.library.path" value="/usr/local/lib/jvm/openjdk11/lib" />
    <property name="sun.management.compiler" value="HotSpot 64-Bit Tiered Compilers" />
    <property name="java.awt.graphicsenv" value="sun.awt.X11GraphicsEnvironment" />
    <property name="env.GOPATH" value="/home/travis/gopath" />
    <property name="ptolemy.ptII.dir" value="/home/travis/build/icyphy/ptII" />
    <property name="env.USER" value="travis" />
    <property name="env.HISTFILESIZE" value="2000" />
    <property name="env.NVM_INC" value="/home/travis/.nvm/versions/node/v7.10.1/include/node" />
    <property name="timeout.longest" value="19000000" />
    <property name="env.PERLBREW_SHELLRC_VERSION" value="0.88" />
    <property name="env.TRAVIS_STACK_FEATURES" value="basic couchdb disabled-ipv6 docker docker-compose elasticsearch firefox go-toolchain google-chrome jdk memcached mongodb mysql nodejs_interpreter perl_interpreter perlbrew phantomjs postgresql python_interpreter redis ruby_interpreter sqlite xserver" />
    <property name="env.TRAVIS_PULL_REQUEST" value="false" />
    <property name="env.PYENV_SHELL" value="bash" />
    <property name="ant.project.name" value="ptII" />
    <property name="env.ANSI_RESET" value="\033[0m" />
    <property name="java.vm.specification.version" value="11" />
    <property name="env.TRAVIS_DIST" value="xenial" />
    <property name="env.CERTI_VERSION" value="4.0.0" />
    <property name="env.CERTI_HOST" value="localhost" />
    <property name="awt.toolkit" value="sun.awt.X11.XToolkit" />
    <property name="env.MY_RUBY_HOME" value="/home/travis/.rvm/rubies/ruby-2.5.3" />
    <property name="sun.cpu.isalist" value="" />
    <property name="env.TRAVIS_TMPDIR" value="/tmp/tmp.JvMKsvaN7v" />
    <property name="java.vm.compressedOopsMode" value="Zero based" />
    <property name="os.version" value="4.15.0-1077-gcp" />
    <property name="user.home" value="/home/travis" />
    <property name="java.vm.vendor" value="Oracle Corporation" />
    <property name="env.TRAVIS_TAG" value="nightly" />
    <property name="env.ANSI_YELLOW" value="\033[33;1m" />
    <property name="env.TRAVIS_FILTERED" value="redirect_io" />
    <property name="env.ANSI_GREEN" value="\033[32;1m" />
    <property name="env.JAVA_HOME" value="/usr/local/lib/jvm/openjdk11" />
    <property name="javadoc.excludepackagenames" value="adm.cvs2svn.*,build.*,config.*,doc.coding.templates.*,jni.test.jni.meaningOfLife.*,jni.test.jni.testDeux.*,jni.test.jni.testTrois.*,org.terraswarm.accessor.accessors.web.node_modules.*,org.terraswarm.accessor.accessors.web.hosts.cordova.demo.*,org.terraswarm.accessor.accessors.web.hosts.cordova.plugins.*,org.terraswarm.accessor.accessors-svn.*,pt-modules.*,ptolemy.apps.agilent.*,ptolemy.apps.anytimecontrol.*,ptolemy.apps.apes.*,ptolemy.apps.charon.*,ptolemy.apps.crazyboard.*,ptolemy.apps.eclipse.*,ptolemy.apps.etherealSting.*,ptolemy.apps.fullscreen.*,ptolemy.apps.giotto.*,ptolemy.apps.ia.*,ptolemy.apps.interfaces.*,ptolemy.apps.jmf.*,ptolemy.apps.kurt.*,ptolemy.apps.kvm.*,ptolemy.apps.lego.*,ptolemy.apps.lejos.*,ptolemy.apps.midp.*,ptolemy.apps.mobileCoding.*,ptolemy.apps.pendulum.*,ptolemy.apps.rijndael.*,ptolemy.apps.robot.*,ptolemy.apps.security.*,ptolemy.apps.sobel.*,ptolemy.apps.soot.*,ptolemy.apps.throttle.*,ptolemy.apps.tini.*,ptolemy.apps.transmission.*,ptolemy.apps.vergil.*,ptolemy.apps.waba.*,ptolemy.apps.websensor.*,ptolemy.apps.webstart.*,ptolemy.apps.xsl.*,ptolemy.apps.zaurus.*,ptolemy.codegen.c.actor.lib.oldJavaFiles.*,ptolemy.codegen.dsp.lib.*,ptolemy.codegen.kernel.newInterfaces.*,ptolemy.codegen.lib.*,ptolemy.copernicus.kernel.fragment.*,ptolemy.copernicus.shallow.cg.*,ptolemy.domains.giotto.demo.Hierarchy.Hierarchy.*,ptolemy.domains.giotto.demo.Multimode.Multimode.*,ptolemy.domains.giotto.demo.Simple.Simple.*,ptolemy.domains.gr.lib.experimental.*,ptolemy.domains.gro.*,ptolemy.domains.pdf.*,ptolemy.domains.ptinyos.demo.Surge.output.*,ptolemy.moml.test.NoPackageActor.java*,ptolemy.plot.adm.*,ptolemy.plot.servlet.*,reports.*,signed.*,src.*,target.*,vendors.*,ptolemy.copernicus.applet.*,ptolemy.media.viewer.*,ptolemy.actor.corba.*,doc.doclets.*,ptolemy.apps.eclipse.awt.*,ptolemy.backtrack.*,ptolemy.backtrack.ast.*,ptolemy.cg.adapter.generic.program.procedural.c.mbed*,ptolemy.homer.*,ptolemy.actor.lib.jai.*,org.ptolemy.scala.*,diva.util.java2d.svg.*,ptolemy.domains.ptinyos.*,ptolemy.actor.lib.fmi.fmipp.*,,org.terraswarm.accessor.accessors.web.node_modules.*,org.terraswarm.accessor.accessors-svn,ptolemy.apps.*,ptolemy.actor.ptalon.demo.ptinyos.SendAndReceiveCnt.output,ptolemy.actor.ptalon.demo.ptinyos.SenseToLeds.output,ptolemy.domains.ptinyos.demo.CntToLedsAndRfm.output,ptolemy.domains.ptinyos.demo.RfmToLeds.output,ptolemy.domains.ptinyos.demo.SendAndReceiveCnt.output,ptolemy.domains.ptinyos.demo.SenseToLeds.output,ptolemy.actor.lib.jjs.modules.udpSocket.*" />
    <property name="env.PTII" value="/home/travis/build/icyphy/ptII" />
    <property name="env.XDG_SESSION_ID" value="2" />
    <property name="keystore" value="ptKeystore" />
    <property name="env.TRAVIS_COMMIT_MESSAGE" value="Removed duplicate $CLASSPATH/ptolemy/domains/sdf/demo/MaximumEntropySpectrum/MaximumEntropySpectrum.xml" />
    <property name="junit.output.dir" value="/home/travis/build/icyphy/ptII/reports/junit" />
    <property name="npm.return.code" value="0" />
    <property name="user.dir" value="/home/travis/build/icyphy/ptII/ptolemy/domains/de/test" />
    <property name="env.TRAVIS_NODE_VERSION" value="7" />
    <property name="env.TRAVIS_EVENT_TYPE" value="cron" />
    <property name="env.MAIL" value="/var/mail/travis" />
    <property name="env.PERLBREW_ROOT" value="/home/travis/perl5/perlbrew" />
    <property name="env.PWD" value="/home/travis/build/icyphy/ptII" />
    <property name="timeout.npm" value="45000" />
    <property name="env.PT_TRAVIS_TEST_CORE2_XML" value="true" />
    <property name="env.TRAVIS_ARCH" value="amd64" />
    <property name="sun.cpu.endian" value="little" />
    <property name="env.PAGER" value="cat" />
    <property name="env.TRAVIS_BUILD_STAGE_NAME" value="test" />
    <property name="env.PERLBREW_HOME" value="/home/travis/.perlbrew" />
    <property name="java.vm.version" value="11.0.2+9" />
    <property name="env.RAILS_ENV" value="test" />
    <property name="java.class.path" value="/home/travis/build/icyphy/ptII:/home/travis/build/icyphy/ptII/lib/bsh-2.0b4.jar:/home/travis/build/icyphy/ptII/lib/ptCal.jar:/home/travis/build/icyphy/ptII/lib/java_cup.jar:/home/travis/build/icyphy/ptII/lib/saxon8.jar:/home/travis/build/icyphy/ptII/lib/saxon8-dom.jar:/home/travis/build/icyphy/ptII/lib/chic.jar:/home/travis/build/icyphy/ptII/lib/ptcolt.jar:/home/travis/build/icyphy/ptII/vendors/misc/itext/iText.jar:/home/travis/build/icyphy/ptII/lib/g4ltl.jar:/home/travis/build/icyphy/ptII/lib/StructuralCoder.jar:/home/travis/build/icyphy/ptII/lib/jcerti.jar:/home/travis/build/icyphy/ptII/lib/javax.mail.jar:/home/travis/build/icyphy/ptII/vendors/JMF-2.1.1e/lib/jmf.jar:/home/travis/build/icyphy/ptII/lib/jna-4.0.0-variadic.jar:/home/travis/build/icyphy/ptII/vendors/misc/joystick/Joystick.jar:/home/travis/build/icyphy/ptII/lib/ptjacl.jar:/home/travis/build/icyphy/ptII/lib/jsoup-1.8.2.jar:/home/travis/build/icyphy/ptII/lib/junit-4.8.2.jar:/home/travis/build/icyphy/ptII/lib/JUnitParams-0.4.0.jar:/home/travis/build/icyphy/ptII/ptolemy/actor/lib/excel/jxl.jar:/home/travis/build/icyphy/ptII/lib/jython.jar:/home/travis/build/icyphy/ptII/lib/kieler.jar:/home/travis/build/icyphy/ptII/vendors/opencv/share/OpenCV/java/opencv-341.jar:/home/travis/build/icyphy/ptII/lib/oscP5.jar:/home/travis/build/icyphy/ptII/lib/nrjavaserial-3.11.0.devel.jar:/home/travis/build/icyphy/ptII/vendors/j3d/lib/Linux/j3dcore.jar:/home/travis/build/icyphy/ptII/vendors/j3d/lib/Linux/j3dutils.jar:/home/travis/build/icyphy/ptII/vendors/j3d/lib/Linux/vecmath.jar:/home/travis/build/icyphy/ptII/vendors/jogl/lib/Linux/gluegen-rt-natives-linux-amd64.jar:/home/travis/build/icyphy/ptII/vendors/jogl/lib/Linux/gluegen-rt.jar:/home/travis/build/icyphy/ptII/vendors/jogl/lib/Linux/jogl-all-natives-linux-amd64.jar:/home/travis/build/icyphy/ptII/vendors/jogl/lib/Linux/jogl-all.jar:/home/travis/build/icyphy/ptII/ptolemy/distributed/jini/jar/jini-core.jar:/home/travis/build/icyphy/ptII/ptolemy/distributed/jini/jar/jini-ext.jar:/home/travis/build/icyphy/ptII/ptolemy/distributed/jini/jar/sun-util.jar:/home/travis/build/icyphy/ptII/lib/protobuf-java-2.4.1.jar:/home/travis/build/icyphy/ptII/lib/org.eclipse.paho.client.mqttv3.jar:/home/travis/build/icyphy/ptII/lib/mapss.jar:/home/travis/build/icyphy/ptII/ptolemy/actor/ptalon/antlr/antlr.jar:/home/travis/build/icyphy/ptII/lib/JRI.jar:/home/travis/build/icyphy/ptII/lib/commons-lang-2.6.jar:/home/travis/build/icyphy/ptII/lib/commons-logging-1.1.1.jar:/home/travis/build/icyphy/ptII/lib/sootclasses.jar:/home/travis/build/icyphy/ptII/ptolemy/actor/lib/database/mysql-connector-java-5.1.6-bin.jar:/home/travis/build/icyphy/ptII/vendors/misc/sphinx4/sphinx4-data-5prealpha.jar:/home/travis/build/icyphy/ptII/vendors/misc/sphinx4/sphinx4-core-5prealpha.jar:/home/travis/build/icyphy/ptII/lib/PDFRenderer.jar:/home/travis/build/icyphy/ptII/lib/svgSalamander.jar:/home/travis/build/icyphy/ptII/lib/rsyntaxtextarea-2.6.0-SNAPSHOT.jar:/home/travis/build/icyphy/ptII/lib/hazelcast-3.8.2.jar:/home/travis/build/icyphy/ptII/lib/jackson-annotations-2.9.0.jar:/home/travis/build/icyphy/ptII/lib/jackson-core-2.9.3.jar:/home/travis/build/icyphy/ptII/lib/jackson-databind-2.9.3.jar:/home/travis/build/icyphy/ptII/lib/netty-buffer-4.1.19.Final.jar:/home/travis/build/icyphy/ptII/lib/netty-codec-4.1.19.Final.jar:/home/travis/build/icyphy/ptII/lib/netty-codec-dns-4.1.19.Final.jar:/home/travis/build/icyphy/ptII/lib/netty-codec-http-4.1.19.Final.jar:/home/travis/build/icyphy/ptII/lib/netty-codec-http2-4.1.19.Final.jar:/home/travis/build/icyphy/ptII/lib/netty-common-4.1.19.Final.jar:/home/travis/build/icyphy/ptII/lib/netty-handler-4.1.19.Final.jar:/home/travis/build/icyphy/ptII/lib/netty-resolver-4.1.19.Final.jar:/home/travis/build/icyphy/ptII/lib/netty-resolver-dns-4.1.19.Final.jar:/home/travis/build/icyphy/ptII/lib/netty-transport-4.1.19.Final.jar:/home/travis/build/icyphy/ptII/lib/vertx-codegen-3.5.1.jar:/home/travis/build/icyphy/ptII/lib/vertx-core-3.5.2-SNAPSHOT.jar:/home/travis/build/icyphy/ptII/lib/vertx-hazelcast-3.5.1.jar:/home/travis/build/icyphy/ptII/lib/vertx-lang-js-3.5.1.jar:/home/travis/build/icyphy/ptII/lib/vertx-service-proxy-3.5.1.jar:/home/travis/build/icyphy/ptII/lib/vertx-web-3.5.1.jar:/home/travis/build/icyphy/ptII/lib/slf4j-api-1.7.13.jar:/home/travis/build/icyphy/ptII/lib/slf4j-simple-1.7.13.jar:/home/travis/build/icyphy/ptII/lib/webcam-capture-0.3.12.jar:/home/travis/build/icyphy/ptII/lib/bridj-0.7.0.jar:/home/travis/build/icyphy/ptII/lib/xbjlib-1.1.0.nrjavaserial.jar:/home/travis/build/icyphy/ptII/ptolemy/moml/test:/home/travis/build/icyphy/ptII/ant/lib/ant-launcher.jar:/home/travis/build/icyphy/ptII/ant/lib/ant.jar:/home/travis/build/icyphy/ptII/ant/lib/ant-junit.jar:/home/travis/build/icyphy/ptII/ant/lib/ant-junit4.jar" />
    <property name="ant.library.dir" value="/home/travis/build/icyphy/ptII/ant/lib" />
    <property name="os.arch" value="amd64" />
    <property name="env.CONTINUOUS_INTEGRATION" value="true" />
    <property name="env.TRAVIS_LANGUAGE" value="node_js" />
    <property name="env.TRAVIS_STACK_LANGUAGES" value="__sardonyx__ c c++ clojure cplusplus cpp default generic go groovy java node_js php pure_java python ruby scala" />
    <property name="test.name" value="ptolemy.actor.lib.test.junit.JUnitTclTest" />
    <property name="env.APT_KEY_DONT_WARN_ON_DANGEROUS_USAGE" value="1" />
    <property name="sun.java.launcher" value="SUN_STANDARD" />
    <property name="env.PYTHON_CONFIGURE_OPTS" value="--enable-unicode=ucs4 --with-wide-unicode --enable-shared --enable-ipv6 --enable-loadable-sqlite-extensions --with-computed-gotos" />
    <property name="ant.core.lib" value="/home/travis/build/icyphy/ptII/ant/lib/ant.jar" />
    <property name="java.vm.specification.vendor" value="Oracle Corporation" />
    <property name="env.BCVTB_HOME" value="/home/travis/build/icyphy/ptII/lbnl" />
    <property name="file.separator" value="/" />
    <property name="spotbugs.home" value="/home/travis/build/icyphy/ptII/vendors/spotbugs-3.1.1" />
    <property name="java.runtime.version" value="11.0.2+9" />
    <property name="javafx.verbose" value="true" />
    <property name="env.ANSI_CLEAR" value="\033[0K" />
    <property name="env.HAS_JOSH_K_SEAL_OF_APPROVAL" value="true" />
    <property name="env.XDG_RUNTIME_DIR" value="/run/user/2000" />
    <property name="env.TRAVIS_OSX_IMAGE" value="" />
    <property name="env.TRAVIS_JOB_ID" value="711742588" />
    <property name="env.TRAVIS_BRANCH" value="master" />
    <property name="user.country" value="US" />
    <property name="env.CERTI_HOME_TRAVIS" value="/home/travis/pthla/certi-tools" />
    <property name="env.SHELL" value="/bin/bash" />
    <property name="java.maxmemory.large" value="3200m" />
    <property name="model" value="" />
    <property name="env.CASHER_DIR" value="/home/travis/.casher" />
    <property name="env.NVM_CD_FLAGS" value="" />
    <property name="java.vendor.version" value="18.9" />
    <property name="jshint.executable" value="/home/travis/node_modules/jshint/bin/jshint" />
    <property name="env.JRUBY_OPTS" value=" --client -J-XX:+TieredCompilation -J-XX:TieredStopAtLevel=1 -J-Xss2m -Xcompile.invokedynamic=false" />
    <property name="java.vendor" value="Oracle Corporation" />
    <property name="env.TRAVIS_PRE_CHEF_BOOTSTRAP_TIME" value="2020-06-24T13:13:03" />
    <property name="env.TRAVIS_STACK_JOB_BOARD_REGISTER" value="/.job-board-register.yml" />
    <property name="env.ANSI_RED" value="\033[31;1m" />
    <property name="java.specification.version" value="11" />
    <property name="env.IRBRC" value="/home/travis/.rvm/rubies/ruby-2.5.3/.irbrc" />
    <property name="env.TRAVIS" value="true" />
    <property name="sun.arch.data.model" value="64" />
  </properties>
  <testcase classname="ptolemy.util.test.junit.TclTests" name="[0] /home/travis/build/icyphy/ptII/ptolemy/domains/de/test/DependencyLoop.tcl (RunTclFile)" time="1.187" />
  <testcase classname="ptolemy.util.test.junit.TclTests" name="[1] /home/travis/build/icyphy/ptII/ptolemy/domains/de/test/RunDETestsAsQSS.tcl (RunTclFile)" time="88.383" />
  <testcase classname="ptolemy.util.test.junit.AutoKnownFailedTests" name="[0] /home/travis/build/icyphy/ptII/ptolemy/domains/de/test/auto/knownFailedTests/DESDFClockTest.xml (RunModel)" time="2.048" />
  <testcase classname="ptolemy.util.test.junit.AutoKnownFailedTests" name="[1] /home/travis/build/icyphy/ptII/ptolemy/domains/de/test/auto/knownFailedTests/DirectFeedback.xml (RunModel)" time="0.021" />
  <testcase classname="ptolemy.util.test.junit.AutoKnownFailedTests" name="[2] /home/travis/build/icyphy/ptII/ptolemy/domains/de/test/auto/knownFailedTests/FSMSource.xml (RunModel)" time="0.018" />
  <testcase classname="ptolemy.util.test.junit.AutoKnownFailedTests" name="[3] /home/travis/build/icyphy/ptII/ptolemy/domains/de/test/auto/knownFailedTests/HierarchicalModel.xml (RunModel)" time="0.067" />
  <testcase classname="ptolemy.util.test.junit.AutoKnownFailedTests" name="[4] /home/travis/build/icyphy/ptII/ptolemy/domains/de/test/auto/knownFailedTests/dependencyLoop.xml (RunModel)" time="0.05" />
  <testcase classname="ptolemy.util.test.junit.AutoKnownFailedTests" name="[5] /home/travis/build/icyphy/ptII/ptolemy/domains/de/test/auto/knownFailedTests/dependencyLoop2.xml (RunModel)" time="0.051" />
  <testcase classname="ptolemy.util.test.junit.AutoNameArchTests" name="[0] ThereAreNoAutoArchTests (RunModel)" time="0.001" />
  <testcase classname="ptolemy.util.test.junit.AutoTests" name="[0] /home/travis/build/icyphy/ptII/ptolemy/domains/de/test/auto/ActorDepthCalculation_actorWithoutPorts.xml (RunModel)" time="0.016" />
  <testcase classname="ptolemy.util.test.junit.AutoTests" name="[1] /home/travis/build/icyphy/ptII/ptolemy/domains/de/test/auto/AssemblyLine.xml (RunModel)" time="0.021" />
  <testcase classname="ptolemy.util.test.junit.AutoTests" name="[2] /home/travis/build/icyphy/ptII/ptolemy/domains/de/test/auto/CQBug1.xml (RunModel)" time="0.013" />
  <testcase classname="ptolemy.util.test.junit.AutoTests" name="[3] /home/travis/build/icyphy/ptII/ptolemy/domains/de/test/auto/CancelFireAt.xml (RunModel)" time="0.026" />
  <testcase classname="ptolemy.util.test.junit.AutoTests" name="[4] /home/travis/build/icyphy/ptII/ptolemy/domains/de/test/auto/CausalityAndComposabilityAnalysis.xml (RunModel)" time="0.021" />
  <testcase classname="ptolemy.util.test.junit.AutoTests" name="[5] /home/travis/build/icyphy/ptII/ptolemy/domains/de/test/auto/CausalityInterface1.xml (RunModel)" time="0.024" />
  <testcase classname="ptolemy.util.test.junit.AutoTests" name="[6] /home/travis/build/icyphy/ptII/ptolemy/domains/de/test/auto/CausalityInterface15.xml (RunModel)" time="0.018" />
  <testcase classname="ptolemy.util.test.junit.AutoTests" name="[7] /home/travis/build/icyphy/ptII/ptolemy/domains/de/test/auto/CausalityInterface2.xml (RunModel)" time="0.02" />
  <testcase classname="ptolemy.util.test.junit.AutoTests" name="[8] /home/travis/build/icyphy/ptII/ptolemy/domains/de/test/auto/CausalityInterface3.xml (RunModel)" time="0.019" />
  <testcase classname="ptolemy.util.test.junit.AutoTests" name="[9] /home/travis/build/icyphy/ptII/ptolemy/domains/de/test/auto/ClockDrift.xml (RunModel)" time="0.043" />
  <testcase classname="ptolemy.util.test.junit.AutoTests" name="[10] /home/travis/build/icyphy/ptII/ptolemy/domains/de/test/auto/ClockDriftAndValueChange.xml (RunModel)" time="0.031" />
  <testcase classname="ptolemy.util.test.junit.AutoTests" name="[11] /home/travis/build/icyphy/ptII/ptolemy/domains/de/test/auto/ClockDriftChange.xml (RunModel)" time="0.036" />
  <testcase classname="ptolemy.util.test.junit.AutoTests" name="[12] /home/travis/build/icyphy/ptII/ptolemy/domains/de/test/auto/ComposableCausalityAnalysis.xml (RunModel)" time="0.016" />
  <testcase classname="ptolemy.util.test.junit.AutoTests" name="[13] /home/travis/build/icyphy/ptII/ptolemy/domains/de/test/auto/DEFixedPointLimitation.xml (RunModel)" time="0.011" />
  <testcase classname="ptolemy.util.test.junit.AutoTests" name="[14] /home/travis/build/icyphy/ptII/ptolemy/domains/de/test/auto/DEScheduleTest.xml (RunModel)" time="0.024" />
  <testcase classname="ptolemy.util.test.junit.AutoTests" name="[15] /home/travis/build/icyphy/ptII/ptolemy/domains/de/test/auto/DEinDEwithStartTimes.xml (RunModel)" time="0.017" />
  <testcase classname="ptolemy.util.test.junit.AutoTests" name="[16] /home/travis/build/icyphy/ptII/ptolemy/domains/de/test/auto/DEinDEwithStartTimes2.xml (RunModel)" time="0.019" />
  <testcase classname="ptolemy.util.test.junit.AutoTests" name="[17] /home/travis/build/icyphy/ptII/ptolemy/domains/de/test/auto/DateDemo.xml (RunModel)" time="0.036" />
  <testcase classname="ptolemy.util.test.junit.AutoTests" name="[18] /home/travis/build/icyphy/ptII/ptolemy/domains/de/test/auto/DateToEvent.xml (RunModel)" time="2.045" />
  <testcase classname="ptolemy.util.test.junit.AutoTests" name="[19] /home/travis/build/icyphy/ptII/ptolemy/domains/de/test/auto/DepthTest1.xml (RunModel)" time="0.014" />
  <testcase classname="ptolemy.util.test.junit.AutoTests" name="[20] /home/travis/build/icyphy/ptII/ptolemy/domains/de/test/auto/DepthTest2.xml (RunModel)" time="0.019" />
  <testcase classname="ptolemy.util.test.junit.AutoTests" name="[21] /home/travis/build/icyphy/ptII/ptolemy/domains/de/test/auto/DepthTest3.xml (RunModel)" time="0.011" />
  <testcase classname="ptolemy.util.test.junit.AutoTests" name="[22] /home/travis/build/icyphy/ptII/ptolemy/domains/de/test/auto/DepthTest4.xml (RunModel)" time="0.022" />
  <testcase classname="ptolemy.util.test.junit.AutoTests" name="[23] /home/travis/build/icyphy/ptII/ptolemy/domains/de/test/auto/DepthTest5.xml (RunModel)" time="0.02" />
  <testcase classname="ptolemy.util.test.junit.AutoTests" name="[24] /home/travis/build/icyphy/ptII/ptolemy/domains/de/test/auto/DepthTest6.xml (RunModel)" time="0.014" />
  <testcase classname="ptolemy.util.test.junit.AutoTests" name="[25] /home/travis/build/icyphy/ptII/ptolemy/domains/de/test/auto/DepthTest7.xml (RunModel)" time="0.016" />
  <testcase classname="ptolemy.util.test.junit.AutoTests" name="[26] /home/travis/build/icyphy/ptII/ptolemy/domains/de/test/auto/EventToDate.xml (RunModel)" time="3.035" />
  <testcase classname="ptolemy.util.test.junit.AutoTests" name="[27] /home/travis/build/icyphy/ptII/ptolemy/domains/de/test/auto/FSM1.xml (RunModel)" time="0.047" />
  <testcase classname="ptolemy.util.test.junit.AutoTests" name="[28] /home/travis/build/icyphy/ptII/ptolemy/domains/de/test/auto/FSM7.xml (RunModel)" time="0.046" />
  <testcase classname="ptolemy.util.test.junit.AutoTests" name="[29] /home/travis/build/icyphy/ptII/ptolemy/domains/de/test/auto/Inspection.xml (RunModel)" time="0.048" />
  <testcase classname="ptolemy.util.test.junit.AutoTests" name="[30] /home/travis/build/icyphy/ptII/ptolemy/domains/de/test/auto/Iteration.xml (RunModel)" time="0.023" />
  <testcase classname="ptolemy.util.test.junit.AutoTests" name="[31] /home/travis/build/icyphy/ptII/ptolemy/domains/de/test/auto/LineFault.xml (RunModel)" time="0.565" />
  <testcase classname="ptolemy.util.test.junit.AutoTests" name="[32] /home/travis/build/icyphy/ptII/ptolemy/domains/de/test/auto/MergeModel1Add.xml (RunModel)" time="0.047" />
  <testcase classname="ptolemy.util.test.junit.AutoTests" name="[33] /home/travis/build/icyphy/ptII/ptolemy/domains/de/test/auto/MergeModel2Add.xml (RunModel)" time="0.053" />
  <testcase classname="ptolemy.util.test.junit.AutoTests" name="[34] /home/travis/build/icyphy/ptII/ptolemy/domains/de/test/auto/MergeModel3Add.xml (RunModel)" time="0.049" />
  <testcase classname="ptolemy.util.test.junit.AutoTests" name="[35] /home/travis/build/icyphy/ptII/ptolemy/domains/de/test/auto/MergeWithoutDiscard.xml (RunModel)" time="0.012" />
  <testcase classname="ptolemy.util.test.junit.AutoTests" name="[36] /home/travis/build/icyphy/ptII/ptolemy/domains/de/test/auto/Modal1.xml (RunModel)" time="0.026" />
  <testcase classname="ptolemy.util.test.junit.AutoTests" name="[37] /home/travis/build/icyphy/ptII/ptolemy/domains/de/test/auto/Modal2.xml (RunModel)" time="0.035" />
  <testcase classname="ptolemy.util.test.junit.AutoTests" name="[38] /home/travis/build/icyphy/ptII/ptolemy/domains/de/test/auto/Modal3.xml (RunModel)" time="0.031" />
  <testcase classname="ptolemy.util.test.junit.AutoTests" name="[39] /home/travis/build/icyphy/ptII/ptolemy/domains/de/test/auto/Modal4.xml (RunModel)" time="0.035" />
  <testcase classname="ptolemy.util.test.junit.AutoTests" name="[40] /home/travis/build/icyphy/ptII/ptolemy/domains/de/test/auto/Modal5.xml (RunModel)" time="0.032" />
  <testcase classname="ptolemy.util.test.junit.AutoTests" name="[41] /home/travis/build/icyphy/ptII/ptolemy/domains/de/test/auto/Modal6.xml (RunModel)" time="0.029" />
  <testcase classname="ptolemy.util.test.junit.AutoTests" name="[42] /home/travis/build/icyphy/ptII/ptolemy/domains/de/test/auto/Modal7.xml (RunModel)" time="0.031" />
  <testcase classname="ptolemy.util.test.junit.AutoTests" name="[43] /home/travis/build/icyphy/ptII/ptolemy/domains/de/test/auto/ModalModel.xml (RunModel)" time="0.165" />
  <testcase classname="ptolemy.util.test.junit.AutoTests" name="[44] /home/travis/build/icyphy/ptII/ptolemy/domains/de/test/auto/ModalSource.xml (RunModel)" time="0.021" />
  <testcase classname="ptolemy.util.test.junit.AutoTests" name="[45] /home/travis/build/icyphy/ptII/ptolemy/domains/de/test/auto/NonInterruptibleTimerZeroDelay.xml (RunModel)" time="0.01" />
  <testcase classname="ptolemy.util.test.junit.AutoTests" name="[46] /home/travis/build/icyphy/ptII/ptolemy/domains/de/test/auto/OpenQueueingNetwork.xml (RunModel)" time="2.239" />
  <testcase classname="ptolemy.util.test.junit.AutoTests" name="[47] /home/travis/build/icyphy/ptII/ptolemy/domains/de/test/auto/OpenQueuingNetwork.xml (RunModel)" time="0.267" />
  <testcase classname="ptolemy.util.test.junit.AutoTests" name="[48] /home/travis/build/icyphy/ptII/ptolemy/domains/de/test/auto/PeriodicSampler.xml (RunModel)" time="0.009" />
  <testcase classname="ptolemy.util.test.junit.AutoTests" name="[49] /home/travis/build/icyphy/ptII/ptolemy/domains/de/test/auto/PersistentIO.xml (RunModel)" time="0.021" />
  <testcase classname="ptolemy.util.test.junit.AutoTests" name="[50] /home/travis/build/icyphy/ptII/ptolemy/domains/de/test/auto/PortParameterResetOnInitialize.xml (RunModel)" time="0.01" />
  <testcase classname="ptolemy.util.test.junit.AutoTests" name="[51] /home/travis/build/icyphy/ptII/ptolemy/domains/de/test/auto/PortParameterUpdates.xml (RunModel)" time="0.015" />
  <testcase classname="ptolemy.util.test.junit.AutoTests" name="[52] /home/travis/build/icyphy/ptII/ptolemy/domains/de/test/auto/QueueAndServer.xml (RunModel)" time="0.022" />
  <testcase classname="ptolemy.util.test.junit.AutoTests" name="[53] /home/travis/build/icyphy/ptII/ptolemy/domains/de/test/auto/Records.xml (RunModel)" time="0.016" />
  <testcase classname="ptolemy.util.test.junit.AutoTests" name="[54] /home/travis/build/icyphy/ptII/ptolemy/domains/de/test/auto/ResetTransitionWithStartTime1.xml (RunModel)" time="0.026" />
  <testcase classname="ptolemy.util.test.junit.AutoTests" name="[55] /home/travis/build/icyphy/ptII/ptolemy/domains/de/test/auto/ResetTransitionWithStartTime2.xml (RunModel)" time="0.029" />
  <testcase classname="ptolemy.util.test.junit.AutoTests" name="[56] /home/travis/build/icyphy/ptII/ptolemy/domains/de/test/auto/ResetTransitionWithStartTime3.xml (RunModel)" time="0.024" />
  <testcase classname="ptolemy.util.test.junit.AutoTests" name="[57] /home/travis/build/icyphy/ptII/ptolemy/domains/de/test/auto/ResetTransitionWithStartTime4.xml (RunModel)" time="0.021" />
  <testcase classname="ptolemy.util.test.junit.AutoTests" name="[58] /home/travis/build/icyphy/ptII/ptolemy/domains/de/test/auto/ResettableTimer1.xml (RunModel)" time="0.013" />
  <testcase classname="ptolemy.util.test.junit.AutoTests" name="[59] /home/travis/build/icyphy/ptII/ptolemy/domains/de/test/auto/ResettableTimer2.xml (RunModel)" time="0.012" />
  <testcase classname="ptolemy.util.test.junit.AutoTests" name="[60] /home/travis/build/icyphy/ptII/ptolemy/domains/de/test/auto/ResettableTimer3.xml (RunModel)" time="0.01" />
  <testcase classname="ptolemy.util.test.junit.AutoTests" name="[61] /home/travis/build/icyphy/ptII/ptolemy/domains/de/test/auto/ResettableTimer4.xml (RunModel)" time="0.012" />
  <testcase classname="ptolemy.util.test.junit.AutoTests" name="[62] /home/travis/build/icyphy/ptII/ptolemy/domains/de/test/auto/ResettableTimer5.xml (RunModel)" time="0.012" />
  <testcase classname="ptolemy.util.test.junit.AutoTests" name="[63] /home/travis/build/icyphy/ptII/ptolemy/domains/de/test/auto/ResettableTimer6.xml (RunModel)" time="0.02" />
  <testcase classname="ptolemy.util.test.junit.AutoTests" name="[64] /home/travis/build/icyphy/ptII/ptolemy/domains/de/test/auto/ServerZeroDelay.xml (RunModel)" time="0.018" />
  <testcase classname="ptolemy.util.test.junit.AutoTests" name="[65] /home/travis/build/icyphy/ptII/ptolemy/domains/de/test/auto/SmartSender.xml (RunModel)" time="3.013" />
  <testcase classname="ptolemy.util.test.junit.AutoTests" name="[66] /home/travis/build/icyphy/ptII/ptolemy/domains/de/test/auto/ThreadedComposite.xml (RunModel)" time="0.15" />
  <testcase classname="ptolemy.util.test.junit.AutoTests" name="[67] /home/travis/build/icyphy/ptII/ptolemy/domains/de/test/auto/Time.xml (RunModel)" time="0.372" />
  <testcase classname="ptolemy.util.test.junit.AutoTests" name="[68] /home/travis/build/icyphy/ptII/ptolemy/domains/de/test/auto/TimeDelayZeroDelay.xml (RunModel)" time="0.015" />
  <testcase classname="ptolemy.util.test.junit.AutoTests" name="[69] /home/travis/build/icyphy/ptII/ptolemy/domains/de/test/auto/TimerZeroDelay.xml (RunModel)" time="0.014" />
  <testcase classname="ptolemy.util.test.junit.AutoTests" name="[70] /home/travis/build/icyphy/ptII/ptolemy/domains/de/test/auto/TimingParadox.xml (RunModel)" time="0.333" />
  <testcase classname="ptolemy.util.test.junit.AutoTests" name="[71] /home/travis/build/icyphy/ptII/ptolemy/domains/de/test/auto/TransferInputs.xml (RunModel)" time="0.018" />
  <testcase classname="ptolemy.util.test.junit.AutoTests" name="[72] /home/travis/build/icyphy/ptII/ptolemy/domains/de/test/auto/TransferOutputs2.xml (RunModel)" time="0.023" />
  <testcase classname="ptolemy.util.test.junit.AutoTests" name="[73] /home/travis/build/icyphy/ptII/ptolemy/domains/de/test/auto/Trilateration.xml (RunModel)" time="11.233" />
  <testcase classname="ptolemy.util.test.junit.AutoTests" name="[74] /home/travis/build/icyphy/ptII/ptolemy/domains/de/test/auto/TwoSigmaDelta.xml (RunModel)" time="1.784" />
  <testcase classname="ptolemy.util.test.junit.AutoTests" name="[75] /home/travis/build/icyphy/ptII/ptolemy/domains/de/test/auto/VariableDelay.xml (RunModel)" time="0.01" />
  <testcase classname="ptolemy.util.test.junit.AutoTests" name="[76] /home/travis/build/icyphy/ptII/ptolemy/domains/de/test/auto/VariableDelay2.xml (RunModel)" time="0.01" />
  <testcase classname="ptolemy.util.test.junit.AutoTests" name="[77] /home/travis/build/icyphy/ptII/ptolemy/domains/de/test/auto/VariableDelayZeroDelay.xml (RunModel)" time="0.016" />
  <testcase classname="ptolemy.util.test.junit.AutoTests" name="[78] /home/travis/build/icyphy/ptII/ptolemy/domains/de/test/auto/VariableDelayZeroDelay2.xml (RunModel)" time="0.011" />
  <testcase classname="ptolemy.util.test.junit.AutoTests" name="[79] /home/travis/build/icyphy/ptII/ptolemy/domains/de/test/auto/deInCt.xml (RunModel)" time="0.014" />
  <testcase classname="ptolemy.util.test.junit.AutoTests" name="[80] /home/travis/build/icyphy/ptII/ptolemy/domains/de/test/auto/deInCt2.xml (RunModel)" time="0.016" />
  <testcase classname="ptolemy.util.test.junit.AutoTests" name="[81] /home/travis/build/icyphy/ptII/ptolemy/domains/de/test/auto/dynamicCausalityInterface1.xml (RunModel)" time="0.018" />
  <testcase classname="ptolemy.util.test.junit.AutoTests" name="[82] /home/travis/build/icyphy/ptII/ptolemy/domains/de/test/auto/fsm_de_test.xml (RunModel)" time="0.027" />
  <testcase classname="ptolemy.util.test.junit.AutoTests" name="[83] /home/travis/build/icyphy/ptII/ptolemy/domains/de/test/auto/functionDependencyReconstruction.xml (RunModel)" time="0.038" />
  <testcase classname="ptolemy.util.test.junit.AutoTests" name="[84] /home/travis/build/icyphy/ptII/ptolemy/domains/de/test/auto/multirate.xml (RunModel)" time="0.02" />
  <testcase classname="ptolemy.util.test.junit.AutoTests" name="[85] /home/travis/build/icyphy/ptII/ptolemy/domains/de/test/auto/multirate2.xml (RunModel)" time="0.021" />
  <testcase classname="ptolemy.util.test.junit.AutoTests" name="[86] /home/travis/build/icyphy/ptII/ptolemy/domains/de/test/auto/realtime.xml (RunModel)" time="10.011" />
  <testcase classname="ptolemy.util.test.junit.AutoTests" name="[87] /home/travis/build/icyphy/ptII/ptolemy/domains/de/test/auto/relationGroup.xml (RunModel)" time="0.009" />
  <testcase classname="ptolemy.util.test.junit.AutoTests" name="[88] /home/travis/build/icyphy/ptII/ptolemy/domains/de/test/auto/relationGroup2.xml (RunModel)" time="0.006" />
  <testcase classname="ptolemy.util.test.junit.AutoTests" name="[89] /home/travis/build/icyphy/ptII/ptolemy/domains/de/test/auto/sortWithOpaquePorts.xml (RunModel)" time="0.01" />
  <testcase classname="ptolemy.util.test.junit.AutoTests" name="[90] /home/travis/build/icyphy/ptII/ptolemy/domains/de/test/auto/transferInputsandOutputs.xml (RunModel)" time="0.018" />
  <testcase classname="ptolemy.util.test.junit.AutoTests" name="[91] /home/travis/build/icyphy/ptII/ptolemy/domains/de/test/auto/triggerType.xml (RunModel)" time="0.007" />
  <system-out><![CDATA[/home/travis/build/icyphy/ptII/ptolemy/domains/de/test/DependencyLoop.tcl
testDefs.tcl: setting time out to 9000 seconds at Sat Jul 25 15:10:36 UTC 2020
94 ms. Memory: 129024K Free: 78792K (61%)
23 ms. Memory: 129024K Free: 61384K (48%)
/home/travis/build/icyphy/ptII/ptolemy/domains/de/test/RunDETestsAsQSS.tcl
Run the DE tests using ptolemy.domains.qss.test.QSSDirectorTest, which extends QSSDirector and prints a message in the constructors.
------------------ testing $PTII/ptolemy/domains/de/test/auto/knownFailedTests/DirectFeedback.xml (Known Failure) 
43 ms. Memory: 129024K Free: 56264K (44%)


==== $PTIIhome/travis/build/icyphy/ptII/ptolemy/domains/de/test/../../../../: Auto Automatic test in file $PTII/ptolemy/domains/de/test/auto/knownFailedTests/DirectFeedback.xml
==== Contents of test case:

	    # FIXME: we should use $relativeFilename here, but it
	    # might have backslashes under Windows, which causes no end
	    # of trouble.
	    createAndExecute $file
	    list {}
	
.... Test generated KNOWN error:
    while executing
ptolemy.kernel.util.IllegalActionException: Test fails in iteration 1.
Value was: 1.0. Should have been: 2.0
  in .DirectFeedback.Test
	at ptolemy.actor.lib.Test.fire(Test.java:268)
	at ptolemy.domains.de.kernel.DEDirector._fire(DEDirector.java:1949)
	at ptolemy.domains.de.kernel.DEDirector.fire(DEDirector.java:502)
	at ptolemy.actor.CompositeActor.fire(CompositeActor.java:455)
	at ptolemy.actor.Manager.iterate(Manager.java:851)
	at ptolemy.actor.Manager.execute(Manager.java:369)
	at ptolemy.actor.Manager.run(Manager.java:1263)
	at ptolemy.actor.Manager$PtolemyRunThread.run(Manager.java:1933)

    while executing
ptolemy.kernel.util.IllegalActionException: Test fails in iteration 1.
Value was: 1.0. Should have been: 2.0
  in .DirectFeedback.Test
    while executing
"java::new ptolemy.moml.MoMLSimpleApplication $file
"
    (procedure "createAndExecute" line 2)
    invoked from within
"createAndExecute $file"
    ("uplevel" body line 5)
    invoked from within
"uplevel $contents_of_test"
------------------ testing $PTII/ptolemy/domains/de/test/auto/knownFailedTests/dependencyLoop.xml (Known Failure) 
25 ms. Memory: 129024K Free: 53192K (41%)


==== $PTIIhome/travis/build/icyphy/ptII/ptolemy/domains/de/test/../../../../: Auto Automatic test in file $PTII/ptolemy/domains/de/test/auto/knownFailedTests/dependencyLoop.xml
==== Contents of test case:

	    # FIXME: we should use $relativeFilename here, but it
	    # might have backslashes under Windows, which causes no end
	    # of trouble.
	    createAndExecute $file
	    list {}
	
.... Test generated KNOWN error:
    while executing
ptolemy.kernel.util.IllegalActionException: Found a zero delay loop containing .dependencyLoop.original
  in .dependencyLoop and .dependencyLoop.original
	at ptolemy.actor.util.CausalityInterfaceForComposites._computeOutputPortDepth(CausalityInterfaceForComposites.java:759)
	at ptolemy.actor.util.CausalityInterfaceForComposites._computeInputDepth(CausalityInterfaceForComposites.java:696)
	at ptolemy.actor.util.CausalityInterfaceForComposites._computeOutputPortDepth(CausalityInterfaceForComposites.java:765)
	at ptolemy.actor.util.CausalityInterfaceForComposites._computeInputDepth(CausalityInterfaceForComposites.java:696)
	at ptolemy.actor.util.CausalityInterfaceForComposites._computeOutputPortDepth(CausalityInterfaceForComposites.java:765)
	at ptolemy.actor.util.CausalityInterfaceForComposites._computeInputDepth(CausalityInterfaceForComposites.java:696)
	at ptolemy.actor.util.CausalityInterfaceForComposites._computeActorDepth(CausalityInterfaceForComposites.java:532)
	at ptolemy.actor.util.CausalityInterfaceForComposites.checkForCycles(CausalityInterfaceForComposites.java:96)
	at ptolemy.domains.de.kernel.DEDirector.preinitialize(DEDirector.java:1338)
	at ptolemy.actor.CompositeActor.preinitialize(CompositeActor.java:1828)
	at ptolemy.actor.Manager.preinitializeAndResolveTypes(Manager.java:1040)
	at ptolemy.actor.Manager.initialize(Manager.java:710)
	at ptolemy.actor.Manager.execute(Manager.java:356)
	at ptolemy.actor.Manager.run(Manager.java:1263)
	at ptolemy.actor.Manager$PtolemyRunThread.run(Manager.java:1933)

    while executing
ptolemy.kernel.util.IllegalActionException: Found a zero delay loop containing .dependencyLoop.original
  in .dependencyLoop and .dependencyLoop.original
    while executing
"java::new ptolemy.moml.MoMLSimpleApplication $file
"
    (procedure "createAndExecute" line 2)
    invoked from within
"createAndExecute $file"
    ("uplevel" body line 5)
    invoked from within
"uplevel $contents_of_test"
------------------ testing $PTII/ptolemy/domains/de/test/auto/knownFailedTests/FSMSource.xml (Known Failure) 
69 ms. Memory: 129024K Free: 111974K (87%)
!!!! Auto was marked as failing, but now passes
------------------ testing $PTII/ptolemy/domains/de/test/auto/knownFailedTests/HierarchicalModel.xml (Known Failure) 
7 ms. Memory: 129024K Free: 94558K (73%)


==== $PTIIhome/travis/build/icyphy/ptII/ptolemy/domains/de/test/../../../../: Auto Automatic test in file $PTII/ptolemy/domains/de/test/auto/knownFailedTests/HierarchicalModel.xml
==== Contents of test case:

	    # FIXME: we should use $relativeFilename here, but it
	    # might have backslashes under Windows, which causes no end
	    # of trouble.
	    createAndExecute $file
	    list {}
	
.... Test generated KNOWN error:
    while executing
ptolemy.kernel.util.IllegalActionException: Found a zero delay loop containing .HierarchicalModel.A
  in .HierarchicalModel and .HierarchicalModel.A
	at ptolemy.actor.util.CausalityInterfaceForComposites._computeOutputPortDepth(CausalityInterfaceForComposites.java:759)
	at ptolemy.actor.util.CausalityInterfaceForComposites._computeInputDepth(CausalityInterfaceForComposites.java:696)
	at ptolemy.actor.util.CausalityInterfaceForComposites._computeOutputPortDepth(CausalityInterfaceForComposites.java:765)
	at ptolemy.actor.util.CausalityInterfaceForComposites._computeInputDepth(CausalityInterfaceForComposites.java:696)
	at ptolemy.actor.util.CausalityInterfaceForComposites._computeOutputPortDepth(CausalityInterfaceForComposites.java:765)
	at ptolemy.actor.util.CausalityInterfaceForComposites._computeInputDepth(CausalityInterfaceForComposites.java:696)
	at ptolemy.actor.util.CausalityInterfaceForComposites._computeActorDepth(CausalityInterfaceForComposites.java:532)
	at ptolemy.actor.util.CausalityInterfaceForComposites.checkForCycles(CausalityInterfaceForComposites.java:96)
	at ptolemy.domains.de.kernel.DEDirector.preinitialize(DEDirector.java:1338)
	at ptolemy.actor.CompositeActor.preinitialize(CompositeActor.java:1828)
	at ptolemy.actor.Manager.preinitializeAndResolveTypes(Manager.java:1040)
	at ptolemy.actor.Manager.initialize(Manager.java:710)
	at ptolemy.actor.Manager.execute(Manager.java:356)
	at ptolemy.actor.Manager.run(Manager.java:1263)
	at ptolemy.actor.Manager$PtolemyRunThread.run(Manager.java:1933)

    while executing
ptolemy.kernel.util.IllegalActionException: Found a zero delay loop containing .HierarchicalModel.A
  in .HierarchicalModel and .HierarchicalModel.A
    while executing
"java::new ptolemy.moml.MoMLSimpleApplication $file
"
    (procedure "createAndExecute" line 2)
    invoked from within
"createAndExecute $file"
    ("uplevel" body line 5)
    invoked from within
"uplevel $contents_of_test"
------------------ testing $PTII/ptolemy/domains/de/test/auto/knownFailedTests/dependencyLoop2.xml (Known Failure) 
8 ms. Memory: 129024K Free: 78506K (61%)


==== $PTIIhome/travis/build/icyphy/ptII/ptolemy/domains/de/test/../../../../: Auto Automatic test in file $PTII/ptolemy/domains/de/test/auto/knownFailedTests/dependencyLoop2.xml
==== Contents of test case:

	    # FIXME: we should use $relativeFilename here, but it
	    # might have backslashes under Windows, which causes no end
	    # of trouble.
	    createAndExecute $file
	    list {}
	
.... Test generated KNOWN error:
    while executing
ptolemy.kernel.util.IllegalActionException: Found a zero delay loop containing .dependencyLoop2.original
  in .dependencyLoop2 and .dependencyLoop2.original
	at ptolemy.actor.util.CausalityInterfaceForComposites._computeOutputPortDepth(CausalityInterfaceForComposites.java:759)
	at ptolemy.actor.util.CausalityInterfaceForComposites._computeInputDepth(CausalityInterfaceForComposites.java:696)
	at ptolemy.actor.util.CausalityInterfaceForComposites._computeOutputPortDepth(CausalityInterfaceForComposites.java:765)
	at ptolemy.actor.util.CausalityInterfaceForComposites._computeInputDepth(CausalityInterfaceForComposites.java:696)
	at ptolemy.actor.util.CausalityInterfaceForComposites._computeOutputPortDepth(CausalityInterfaceForComposites.java:765)
	at ptolemy.actor.util.CausalityInterfaceForComposites._computeInputDepth(CausalityInterfaceForComposites.java:696)
	at ptolemy.actor.util.CausalityInterfaceForComposites._computeActorDepth(CausalityInterfaceForComposites.java:532)
	at ptolemy.actor.util.CausalityInterfaceForComposites.checkForCycles(CausalityInterfaceForComposites.java:96)
	at ptolemy.domains.de.kernel.DEDirector.preinitialize(DEDirector.java:1338)
	at ptolemy.actor.CompositeActor.preinitialize(CompositeActor.java:1828)
	at ptolemy.actor.Manager.preinitializeAndResolveTypes(Manager.java:1040)
	at ptolemy.actor.Manager.initialize(Manager.java:710)
	at ptolemy.actor.Manager.execute(Manager.java:356)
	at ptolemy.actor.Manager.run(Manager.java:1263)
	at ptolemy.actor.Manager$PtolemyRunThread.run(Manager.java:1933)

    while executing
ptolemy.kernel.util.IllegalActionException: Found a zero delay loop containing .dependencyLoop2.original
  in .dependencyLoop2 and .dependencyLoop2.original
    while executing
"java::new ptolemy.moml.MoMLSimpleApplication $file
"
    (procedure "createAndExecute" line 2)
    invoked from within
"createAndExecute $file"
    ("uplevel" body line 5)
    invoked from within
"uplevel $contents_of_test"
------------------ testing $PTII/ptolemy/domains/de/test/auto/knownFailedTests/DESDFClockTest.xml (Known Failure) 
2072 ms. Memory: 129024K Free: 108554K (84%)


==== $PTIIhome/travis/build/icyphy/ptII/ptolemy/domains/de/test/../../../../: Auto Automatic test in file $PTII/ptolemy/domains/de/test/auto/knownFailedTests/DESDFClockTest.xml
==== Contents of test case:

	    # FIXME: we should use $relativeFilename here, but it
	    # might have backslashes under Windows, which causes no end
	    # of trouble.
	    createAndExecute $file
	    list {}
	
.... Test generated KNOWN error:
    while executing
ptolemy.kernel.util.IllegalActionException: Actor is not ready to fire.  Perhaps UpSample.prefire() returned false? Try debugging the actor by selecting "Listen to Actor".  Also, for SDF check moml for tokenConsumptionRate on input.
  in .DESDFClockTest.Play Bell.Copy1:SDF Director and .DESDFClockTest.Play Bell.UpSample
	at ptolemy.actor.sched.StaticSchedulingDirector.fire(StaticSchedulingDirector.java:227)
	at ptolemy.domains.sdf.kernel.SDFDirector.fire(SDFDirector.java:500)
	at ptolemy.actor.CompositeActor.fire(CompositeActor.java:455)
	at ptolemy.domains.de.kernel.DEDirector._fire(DEDirector.java:1949)
	at ptolemy.domains.de.kernel.DEDirector.fire(DEDirector.java:502)
	at ptolemy.actor.CompositeActor.fire(CompositeActor.java:455)
	at ptolemy.actor.Manager.iterate(Manager.java:851)
	at ptolemy.actor.Manager.execute(Manager.java:369)
	at ptolemy.actor.Manager.run(Manager.java:1263)
	at ptolemy.actor.Manager$PtolemyRunThread.run(Manager.java:1933)

    while executing
ptolemy.kernel.util.IllegalActionException: Actor is not ready to fire.  Perhaps UpSample.prefire() returned false? Try debugging the actor by selecting "Listen to Actor".  Also, for SDF check moml for tokenConsumptionRate on input.
  in .DESDFClockTest.Play Bell.Copy1:SDF Director and .DESDFClockTest.Play Bell.UpSample
    while executing
"java::new ptolemy.moml.MoMLSimpleApplication $file
"
    (procedure "createAndExecute" line 2)
    invoked from within
"createAndExecute $file"
    ("uplevel" body line 5)
    invoked from within
"uplevel $contents_of_test"
------------------ testing $PTII/ptolemy/domains/de/test/auto/ActorDepthCalculation_actorWithoutPorts.xml
auto.tcl: Setting watchdog for 200 seconds at Sat Jul 25 15:10:40 UTC 2020
13 ms. Memory: 129024K Free: 100876K (78%)
ptolemy.util.test.WatchDog.cancel(): canceling Sat Jul 25 15:10:40 UTC 2020
auto.tcl: Setting watchdog for 200 seconds at Sat Jul 25 15:10:40 UTC 2020
13 ms. Memory: 129024K Free: 99338K (77%)
ptolemy.util.test.WatchDog.cancel(): canceling Sat Jul 25 15:10:40 UTC 2020
------------------ testing $PTII/ptolemy/domains/de/test/auto/AssemblyLine.xml
auto.tcl: Setting watchdog for 200 seconds at Sat Jul 25 15:10:40 UTC 2020
11 ms. Memory: 51200K Free: 27444K (54%)
ptolemy.util.test.WatchDog.cancel(): canceling Sat Jul 25 15:10:40 UTC 2020
auto.tcl: Setting watchdog for 200 seconds at Sat Jul 25 15:10:40 UTC 2020
7 ms. Memory: 51200K Free: 26726K (52%)
ptolemy.util.test.WatchDog.cancel(): canceling Sat Jul 25 15:10:40 UTC 2020
------------------ testing $PTII/ptolemy/domains/de/test/auto/CQBug1.xml
auto.tcl: Setting watchdog for 200 seconds at Sat Jul 25 15:10:41 UTC 2020
3 ms. Memory: 51200K Free: 33819K (66%)
ptolemy.util.test.WatchDog.cancel(): canceling Sat Jul 25 15:10:41 UTC 2020
auto.tcl: Setting watchdog for 200 seconds at Sat Jul 25 15:10:41 UTC 2020
4 ms. Memory: 51200K Free: 33324K (65%)
ptolemy.util.test.WatchDog.cancel(): canceling Sat Jul 25 15:10:41 UTC 2020
------------------ testing $PTII/ptolemy/domains/de/test/auto/CancelFireAt.xml
auto.tcl: Setting watchdog for 200 seconds at Sat Jul 25 15:10:41 UTC 2020
3 ms. Memory: 51200K Free: 34485K (67%)
ptolemy.util.test.WatchDog.cancel(): canceling Sat Jul 25 15:10:41 UTC 2020
auto.tcl: Setting watchdog for 200 seconds at Sat Jul 25 15:10:41 UTC 2020
4 ms. Memory: 51200K Free: 33996K (66%)
ptolemy.util.test.WatchDog.cancel(): canceling Sat Jul 25 15:10:41 UTC 2020
------------------ testing $PTII/ptolemy/domains/de/test/auto/CausalityAndComposabilityAnalysis.xml
auto.tcl: Setting watchdog for 200 seconds at Sat Jul 25 15:10:41 UTC 2020
16 ms. Memory: 51200K Free: 32428K (63%)
ptolemy.util.test.WatchDog.cancel(): canceling Sat Jul 25 15:10:41 UTC 2020
auto.tcl: Setting watchdog for 200 seconds at Sat Jul 25 15:10:41 UTC 2020
5 ms. Memory: 51200K Free: 31955K (62%)
ptolemy.util.test.WatchDog.cancel(): canceling Sat Jul 25 15:10:41 UTC 2020
------------------ testing $PTII/ptolemy/domains/de/test/auto/CausalityInterface1.xml
auto.tcl: Setting watchdog for 200 seconds at Sat Jul 25 15:10:41 UTC 2020
22 ms. Memory: 51200K Free: 31360K (61%)
ptolemy.util.test.WatchDog.cancel(): canceling Sat Jul 25 15:10:41 UTC 2020
auto.tcl: Setting watchdog for 200 seconds at Sat Jul 25 15:10:41 UTC 2020
4 ms. Memory: 51200K Free: 30370K (59%)
ptolemy.util.test.WatchDog.cancel(): canceling Sat Jul 25 15:10:41 UTC 2020
------------------ testing $PTII/ptolemy/domains/de/test/auto/CausalityInterface15.xml
auto.tcl: Setting watchdog for 200 seconds at Sat Jul 25 15:10:41 UTC 2020
16 ms. Memory: 51200K Free: 31292K (61%)
ptolemy.util.test.WatchDog.cancel(): canceling Sat Jul 25 15:10:41 UTC 2020
auto.tcl: Setting watchdog for 200 seconds at Sat Jul 25 15:10:41 UTC 2020
7 ms. Memory: 51200K Free: 30336K (59%)
ptolemy.util.test.WatchDog.cancel(): canceling Sat Jul 25 15:10:41 UTC 2020
------------------ testing $PTII/ptolemy/domains/de/test/auto/CausalityInterface2.xml
auto.tcl: Setting watchdog for 200 seconds at Sat Jul 25 15:10:41 UTC 2020
6 ms. Memory: 51200K Free: 32008K (63%)
ptolemy.util.test.WatchDog.cancel(): canceling Sat Jul 25 15:10:41 UTC 2020
auto.tcl: Setting watchdog for 200 seconds at Sat Jul 25 15:10:41 UTC 2020
4 ms. Memory: 51200K Free: 31343K (61%)
ptolemy.util.test.WatchDog.cancel(): canceling Sat Jul 25 15:10:41 UTC 2020
------------------ testing $PTII/ptolemy/domains/de/test/auto/CausalityInterface3.xml
auto.tcl: Setting watchdog for 200 seconds at Sat Jul 25 15:10:41 UTC 2020
5 ms. Memory: 51200K Free: 31551K (62%)
ptolemy.util.test.WatchDog.cancel(): canceling Sat Jul 25 15:10:41 UTC 2020
auto.tcl: Setting watchdog for 200 seconds at Sat Jul 25 15:10:41 UTC 2020
3 ms. Memory: 51200K Free: 30818K (60%)
ptolemy.util.test.WatchDog.cancel(): canceling Sat Jul 25 15:10:41 UTC 2020
------------------ testing $PTII/ptolemy/domains/de/test/auto/ClockDrift.xml
auto.tcl: Setting watchdog for 200 seconds at Sat Jul 25 15:10:41 UTC 2020
92 ms. Memory: 51200K Free: 24147K (47%)
ptolemy.util.test.WatchDog.cancel(): canceling Sat Jul 25 15:10:41 UTC 2020
auto.tcl: Setting watchdog for 200 seconds at Sat Jul 25 15:10:41 UTC 2020
68 ms. Memory: 51200K Free: 21135K (41%)
ptolemy.util.test.WatchDog.cancel(): canceling Sat Jul 25 15:10:41 UTC 2020
------------------ testing $PTII/ptolemy/domains/de/test/auto/ClockDriftAndValueChange.xml
auto.tcl: Setting watchdog for 200 seconds at Sat Jul 25 15:10:41 UTC 2020
43 ms. Memory: 51200K Free: 24245K (47%)
ptolemy.util.test.WatchDog.cancel(): canceling Sat Jul 25 15:10:42 UTC 2020
auto.tcl: Setting watchdog for 200 seconds at Sat Jul 25 15:10:42 UTC 2020
30 ms. Memory: 51200K Free: 21432K (42%)
ptolemy.util.test.WatchDog.cancel(): canceling Sat Jul 25 15:10:42 UTC 2020
------------------ testing $PTII/ptolemy/domains/de/test/auto/ClockDriftChange.xml
auto.tcl: Setting watchdog for 200 seconds at Sat Jul 25 15:10:42 UTC 2020
18 ms. Memory: 51200K Free: 26037K (51%)
ptolemy.util.test.WatchDog.cancel(): canceling Sat Jul 25 15:10:42 UTC 2020
auto.tcl: Setting watchdog for 200 seconds at Sat Jul 25 15:10:42 UTC 2020
21 ms. Memory: 51200K Free: 23667K (46%)
ptolemy.util.test.WatchDog.cancel(): canceling Sat Jul 25 15:10:42 UTC 2020
------------------ testing $PTII/ptolemy/domains/de/test/auto/ComposableCausalityAnalysis.xml
auto.tcl: Setting watchdog for 200 seconds at Sat Jul 25 15:10:42 UTC 2020
2 ms. Memory: 51200K Free: 30845K (60%)
ptolemy.util.test.WatchDog.cancel(): canceling Sat Jul 25 15:10:42 UTC 2020
auto.tcl: Setting watchdog for 200 seconds at Sat Jul 25 15:10:42 UTC 2020
5 ms. Memory: 51200K Free: 29830K (58%)
ptolemy.util.test.WatchDog.cancel(): canceling Sat Jul 25 15:10:42 UTC 2020
------------------ testing $PTII/ptolemy/domains/de/test/auto/DEFixedPointLimitation.xml
auto.tcl: Setting watchdog for 200 seconds at Sat Jul 25 15:10:42 UTC 2020
3 ms. Memory: 51200K Free: 32168K (63%)
ptolemy.util.test.WatchDog.cancel(): canceling Sat Jul 25 15:10:42 UTC 2020
auto.tcl: Setting watchdog for 200 seconds at Sat Jul 25 15:10:42 UTC 2020
2 ms. Memory: 51200K Free: 31358K (61%)
ptolemy.util.test.WatchDog.cancel(): canceling Sat Jul 25 15:10:42 UTC 2020
------------------ testing $PTII/ptolemy/domains/de/test/auto/DEScheduleTest.xml
auto.tcl: Setting watchdog for 200 seconds at Sat Jul 25 15:10:42 UTC 2020
10 ms. Memory: 51200K Free: 32589K (64%)
ptolemy.util.test.WatchDog.cancel(): canceling Sat Jul 25 15:10:42 UTC 2020
auto.tcl: Setting watchdog for 200 seconds at Sat Jul 25 15:10:42 UTC 2020
4 ms. Memory: 51200K Free: 31823K (62%)
ptolemy.util.test.WatchDog.cancel(): canceling Sat Jul 25 15:10:42 UTC 2020
------------------ testing $PTII/ptolemy/domains/de/test/auto/DEinDEwithStartTimes.xml
auto.tcl: Setting watchdog for 200 seconds at Sat Jul 25 15:10:42 UTC 2020
6 ms. Memory: 51200K Free: 30750K (60%)
ptolemy.util.test.WatchDog.cancel(): canceling Sat Jul 25 15:10:42 UTC 2020
auto.tcl: Setting watchdog for 200 seconds at Sat Jul 25 15:10:42 UTC 2020
4 ms. Memory: 51200K Free: 29726K (58%)
ptolemy.util.test.WatchDog.cancel(): canceling Sat Jul 25 15:10:42 UTC 2020
------------------ testing $PTII/ptolemy/domains/de/test/auto/DEinDEwithStartTimes2.xml
auto.tcl: Setting watchdog for 200 seconds at Sat Jul 25 15:10:42 UTC 2020
4 ms. Memory: 51200K Free: 29835K (58%)
ptolemy.util.test.WatchDog.cancel(): canceling Sat Jul 25 15:10:42 UTC 2020
auto.tcl: Setting watchdog for 200 seconds at Sat Jul 25 15:10:42 UTC 2020
5 ms. Memory: 51200K Free: 28681K (56%)
ptolemy.util.test.WatchDog.cancel(): canceling Sat Jul 25 15:10:42 UTC 2020
------------------ testing $PTII/ptolemy/domains/de/test/auto/DateDemo.xml
auto.tcl: Setting watchdog for 200 seconds at Sat Jul 25 15:10:42 UTC 2020
16 ms. Memory: 51200K Free: 24292K (47%)
ptolemy.util.test.WatchDog.cancel(): canceling Sat Jul 25 15:10:42 UTC 2020
auto.tcl: Setting watchdog for 200 seconds at Sat Jul 25 15:10:42 UTC 2020
15 ms. Memory: 51200K Free: 22640K (44%)
ptolemy.util.test.WatchDog.cancel(): canceling Sat Jul 25 15:10:42 UTC 2020
------------------ testing $PTII/ptolemy/domains/de/test/auto/DateToEvent.xml
auto.tcl: Setting watchdog for 200 seconds at Sat Jul 25 15:10:42 UTC 2020
2011 ms. Memory: 51200K Free: 20244K (40%)
ptolemy.util.test.WatchDog.cancel(): canceling Sat Jul 25 15:10:44 UTC 2020
auto.tcl: Setting watchdog for 200 seconds at Sat Jul 25 15:10:44 UTC 2020
2009 ms. Memory: 51200K Free: 19411K (38%)
ptolemy.util.test.WatchDog.cancel(): canceling Sat Jul 25 15:10:47 UTC 2020
------------------ testing $PTII/ptolemy/domains/de/test/auto/DepthTest1.xml
auto.tcl: Setting watchdog for 200 seconds at Sat Jul 25 15:10:47 UTC 2020
3 ms. Memory: 51200K Free: 33416K (65%)
ptolemy.util.test.WatchDog.cancel(): canceling Sat Jul 25 15:10:47 UTC 2020
auto.tcl: Setting watchdog for 200 seconds at Sat Jul 25 15:10:47 UTC 2020
1 ms. Memory: 51200K Free: 32928K (64%)
ptolemy.util.test.WatchDog.cancel(): canceling Sat Jul 25 15:10:47 UTC 2020
------------------ testing $PTII/ptolemy/domains/de/test/auto/DepthTest2.xml
auto.tcl: Setting watchdog for 200 seconds at Sat Jul 25 15:10:47 UTC 2020
4 ms. Memory: 51200K Free: 30191K (59%)
ptolemy.util.test.WatchDog.cancel(): canceling Sat Jul 25 15:10:47 UTC 2020
auto.tcl: Setting watchdog for 200 seconds at Sat Jul 25 15:10:47 UTC 2020
3 ms. Memory: 51200K Free: 29286K (57%)
ptolemy.util.test.WatchDog.cancel(): canceling Sat Jul 25 15:10:47 UTC 2020
------------------ testing $PTII/ptolemy/domains/de/test/auto/DepthTest3.xml
auto.tcl: Setting watchdog for 200 seconds at Sat Jul 25 15:10:47 UTC 2020
5 ms. Memory: 51200K Free: 33723K (66%)
ptolemy.util.test.WatchDog.cancel(): canceling Sat Jul 25 15:10:47 UTC 2020
auto.tcl: Setting watchdog for 200 seconds at Sat Jul 25 15:10:47 UTC 2020
2 ms. Memory: 51200K Free: 33255K (65%)
ptolemy.util.test.WatchDog.cancel(): canceling Sat Jul 25 15:10:47 UTC 2020
------------------ testing $PTII/ptolemy/domains/de/test/auto/DepthTest4.xml
auto.tcl: Setting watchdog for 200 seconds at Sat Jul 25 15:10:47 UTC 2020
4 ms. Memory: 51200K Free: 31458K (61%)
ptolemy.util.test.WatchDog.cancel(): canceling Sat Jul 25 15:10:47 UTC 2020
auto.tcl: Setting watchdog for 200 seconds at Sat Jul 25 15:10:47 UTC 2020
3 ms. Memory: 51200K Free: 30976K (61%)
ptolemy.util.test.WatchDog.cancel(): canceling Sat Jul 25 15:10:47 UTC 2020
------------------ testing $PTII/ptolemy/domains/de/test/auto/DepthTest5.xml
auto.tcl: Setting watchdog for 200 seconds at Sat Jul 25 15:10:47 UTC 2020
3 ms. Memory: 51200K Free: 31440K (61%)
ptolemy.util.test.WatchDog.cancel(): canceling Sat Jul 25 15:10:47 UTC 2020
auto.tcl: Setting watchdog for 200 seconds at Sat Jul 25 15:10:47 UTC 2020
3 ms. Memory: 51200K Free: 30682K (60%)
ptolemy.util.test.WatchDog.cancel(): canceling Sat Jul 25 15:10:47 UTC 2020
------------------ testing $PTII/ptolemy/domains/de/test/auto/DepthTest6.xml
auto.tcl: Setting watchdog for 200 seconds at Sat Jul 25 15:10:47 UTC 2020
6 ms. Memory: 51200K Free: 30867K (60%)
ptolemy.util.test.WatchDog.cancel(): canceling Sat Jul 25 15:10:47 UTC 2020
auto.tcl: Setting watchdog for 200 seconds at Sat Jul 25 15:10:47 UTC 2020
3 ms. Memory: 51200K Free: 30179K (59%)
ptolemy.util.test.WatchDog.cancel(): canceling Sat Jul 25 15:10:47 UTC 2020
------------------ testing $PTII/ptolemy/domains/de/test/auto/DepthTest7.xml
auto.tcl: Setting watchdog for 200 seconds at Sat Jul 25 15:10:47 UTC 2020
3 ms. Memory: 51200K Free: 31895K (62%)
ptolemy.util.test.WatchDog.cancel(): canceling Sat Jul 25 15:10:47 UTC 2020
auto.tcl: Setting watchdog for 200 seconds at Sat Jul 25 15:10:47 UTC 2020
2 ms. Memory: 51200K Free: 31247K (61%)
ptolemy.util.test.WatchDog.cancel(): canceling Sat Jul 25 15:10:47 UTC 2020
------------------ testing $PTII/ptolemy/domains/de/test/auto/EventToDate.xml
auto.tcl: Setting watchdog for 200 seconds at Sat Jul 25 15:10:47 UTC 2020
3011 ms. Memory: 51200K Free: 22485K (44%)
ptolemy.util.test.WatchDog.cancel(): canceling Sat Jul 25 15:10:50 UTC 2020
auto.tcl: Setting watchdog for 200 seconds at Sat Jul 25 15:10:50 UTC 2020
3005 ms. Memory: 51200K Free: 22051K (43%)
ptolemy.util.test.WatchDog.cancel(): canceling Sat Jul 25 15:10:53 UTC 2020
------------------ testing $PTII/ptolemy/domains/de/test/auto/FSM1.xml
auto.tcl: Setting watchdog for 200 seconds at Sat Jul 25 15:10:53 UTC 2020
42 ms. Memory: 51200K Free: 23966K (47%)
ptolemy.util.test.WatchDog.cancel(): canceling Sat Jul 25 15:10:53 UTC 2020
auto.tcl: Setting watchdog for 200 seconds at Sat Jul 25 15:10:53 UTC 2020
26 ms. Memory: 51200K Free: 20687K (40%)
ptolemy.util.test.WatchDog.cancel(): canceling Sat Jul 25 15:10:53 UTC 2020
------------------ testing $PTII/ptolemy/domains/de/test/auto/FSM7.xml
auto.tcl: Setting watchdog for 200 seconds at Sat Jul 25 15:10:53 UTC 2020
20 ms. Memory: 51200K Free: 23870K (47%)
ptolemy.util.test.WatchDog.cancel(): canceling Sat Jul 25 15:10:53 UTC 2020
auto.tcl: Setting watchdog for 200 seconds at Sat Jul 25 15:10:53 UTC 2020
21 ms. Memory: 51200K Free: 20477K (40%)
ptolemy.util.test.WatchDog.cancel(): canceling Sat Jul 25 15:10:54 UTC 2020
------------------ testing $PTII/ptolemy/domains/de/test/auto/Inspection.xml
auto.tcl: Setting watchdog for 200 seconds at Sat Jul 25 15:10:54 UTC 2020
20 ms. Memory: 51200K Free: 23644K (46%)
ptolemy.util.test.WatchDog.cancel(): canceling Sat Jul 25 15:10:54 UTC 2020
auto.tcl: Setting watchdog for 200 seconds at Sat Jul 25 15:10:54 UTC 2020
22 ms. Memory: 51200K Free: 21949K (43%)
ptolemy.util.test.WatchDog.cancel(): canceling Sat Jul 25 15:10:54 UTC 2020
------------------ testing $PTII/ptolemy/domains/de/test/auto/Iteration.xml
auto.tcl: Setting watchdog for 200 seconds at Sat Jul 25 15:10:54 UTC 2020
9 ms. Memory: 51200K Free: 29191K (57%)
ptolemy.util.test.WatchDog.cancel(): canceling Sat Jul 25 15:10:54 UTC 2020
auto.tcl: Setting watchdog for 200 seconds at Sat Jul 25 15:10:54 UTC 2020
5 ms. Memory: 51200K Free: 28007K (55%)
ptolemy.util.test.WatchDog.cancel(): canceling Sat Jul 25 15:10:54 UTC 2020
------------------ testing $PTII/ptolemy/domains/de/test/auto/LineFault.xml
auto.tcl: Setting watchdog for 200 seconds at Sat Jul 25 15:10:54 UTC 2020
677 ms. Memory: 61440K Free: 40853K (66%)
ptolemy.util.test.WatchDog.cancel(): canceling Sat Jul 25 15:10:55 UTC 2020
auto.tcl: Setting watchdog for 200 seconds at Sat Jul 25 15:10:55 UTC 2020
543 ms. Memory: 61440K Free: 15433K (25%)
ptolemy.util.test.WatchDog.cancel(): canceling Sat Jul 25 15:10:55 UTC 2020
------------------ testing $PTII/ptolemy/domains/de/test/auto/MergeModel1Add.xml
auto.tcl: Setting watchdog for 200 seconds at Sat Jul 25 15:10:55 UTC 2020
18 ms. Memory: 58368K Free: 22552K (39%)
ptolemy.util.test.WatchDog.cancel(): canceling Sat Jul 25 15:10:55 UTC 2020
auto.tcl: Setting watchdog for 200 seconds at Sat Jul 25 15:10:55 UTC 2020
12 ms. Memory: 58368K Free: 20817K (36%)
ptolemy.util.test.WatchDog.cancel(): canceling Sat Jul 25 15:10:55 UTC 2020
------------------ testing $PTII/ptolemy/domains/de/test/auto/MergeModel2Add.xml
auto.tcl: Setting watchdog for 200 seconds at Sat Jul 25 15:10:55 UTC 2020
15 ms. Memory: 55296K Free: 21511K (39%)
ptolemy.util.test.WatchDog.cancel(): canceling Sat Jul 25 15:10:56 UTC 2020
auto.tcl: Setting watchdog for 200 seconds at Sat Jul 25 15:10:56 UTC 2020
12 ms. Memory: 55296K Free: 19550K (35%)
ptolemy.util.test.WatchDog.cancel(): canceling Sat Jul 25 15:10:56 UTC 2020
------------------ testing $PTII/ptolemy/domains/de/test/auto/MergeModel3Add.xml
auto.tcl: Setting watchdog for 200 seconds at Sat Jul 25 15:10:56 UTC 2020
7 ms. Memory: 55296K Free: 21520K (39%)
ptolemy.util.test.WatchDog.cancel(): canceling Sat Jul 25 15:10:56 UTC 2020
auto.tcl: Setting watchdog for 200 seconds at Sat Jul 25 15:10:56 UTC 2020
8 ms. Memory: 55296K Free: 20068K (36%)
ptolemy.util.test.WatchDog.cancel(): canceling Sat Jul 25 15:10:56 UTC 2020
------------------ testing $PTII/ptolemy/domains/de/test/auto/MergeWithoutDiscard.xml
auto.tcl: Setting watchdog for 200 seconds at Sat Jul 25 15:10:56 UTC 2020
2 ms. Memory: 55296K Free: 36450K (66%)
ptolemy.util.test.WatchDog.cancel(): canceling Sat Jul 25 15:10:56 UTC 2020
auto.tcl: Setting watchdog for 200 seconds at Sat Jul 25 15:10:56 UTC 2020
1 ms. Memory: 55296K Free: 35930K (65%)
ptolemy.util.test.WatchDog.cancel(): canceling Sat Jul 25 15:10:56 UTC 2020
------------------ testing $PTII/ptolemy/domains/de/test/auto/Modal1.xml
auto.tcl: Setting watchdog for 200 seconds at Sat Jul 25 15:10:56 UTC 2020
18 ms. Memory: 55296K Free: 28054K (51%)
ptolemy.util.test.WatchDog.cancel(): canceling Sat Jul 25 15:10:56 UTC 2020
auto.tcl: Setting watchdog for 200 seconds at Sat Jul 25 15:10:56 UTC 2020
25 ms. Memory: 55296K Free: 24472K (44%)
ptolemy.util.test.WatchDog.cancel(): canceling Sat Jul 25 15:10:56 UTC 2020
------------------ testing $PTII/ptolemy/domains/de/test/auto/Modal2.xml
auto.tcl: Setting watchdog for 200 seconds at Sat Jul 25 15:10:56 UTC 2020
19 ms. Memory: 55296K Free: 28144K (51%)
ptolemy.util.test.WatchDog.cancel(): canceling Sat Jul 25 15:10:56 UTC 2020
auto.tcl: Setting watchdog for 200 seconds at Sat Jul 25 15:10:56 UTC 2020
13 ms. Memory: 55296K Free: 24875K (45%)
ptolemy.util.test.WatchDog.cancel(): canceling Sat Jul 25 15:10:56 UTC 2020
------------------ testing $PTII/ptolemy/domains/de/test/auto/Modal3.xml
auto.tcl: Setting watchdog for 200 seconds at Sat Jul 25 15:10:56 UTC 2020
23 ms. Memory: 55296K Free: 28113K (51%)
ptolemy.util.test.WatchDog.cancel(): canceling Sat Jul 25 15:10:56 UTC 2020
auto.tcl: Setting watchdog for 200 seconds at Sat Jul 25 15:10:56 UTC 2020
17 ms. Memory: 55296K Free: 24893K (45%)
ptolemy.util.test.WatchDog.cancel(): canceling Sat Jul 25 15:10:56 UTC 2020
------------------ testing $PTII/ptolemy/domains/de/test/auto/Modal4.xml
auto.tcl: Setting watchdog for 200 seconds at Sat Jul 25 15:10:56 UTC 2020
24 ms. Memory: 55296K Free: 27077K (49%)
ptolemy.util.test.WatchDog.cancel(): canceling Sat Jul 25 15:10:56 UTC 2020
auto.tcl: Setting watchdog for 200 seconds at Sat Jul 25 15:10:56 UTC 2020
20 ms. Memory: 55296K Free: 23366K (42%)
ptolemy.util.test.WatchDog.cancel(): canceling Sat Jul 25 15:10:56 UTC 2020
------------------ testing $PTII/ptolemy/domains/de/test/auto/Modal5.xml
auto.tcl: Setting watchdog for 200 seconds at Sat Jul 25 15:10:56 UTC 2020
16 ms. Memory: 51200K Free: 23004K (45%)
ptolemy.util.test.WatchDog.cancel(): canceling Sat Jul 25 15:10:56 UTC 2020
auto.tcl: Setting watchdog for 200 seconds at Sat Jul 25 15:10:56 UTC 2020
16 ms. Memory: 51200K Free: 19344K (38%)
ptolemy.util.test.WatchDog.cancel(): canceling Sat Jul 25 15:10:56 UTC 2020
------------------ testing $PTII/ptolemy/domains/de/test/auto/Modal6.xml
auto.tcl: Setting watchdog for 200 seconds at Sat Jul 25 15:10:56 UTC 2020
22 ms. Memory: 51200K Free: 23760K (46%)
ptolemy.util.test.WatchDog.cancel(): canceling Sat Jul 25 15:10:56 UTC 2020
auto.tcl: Setting watchdog for 200 seconds at Sat Jul 25 15:10:56 UTC 2020
23 ms. Memory: 51200K Free: 19818K (39%)
ptolemy.util.test.WatchDog.cancel(): canceling Sat Jul 25 15:10:56 UTC 2020
------------------ testing $PTII/ptolemy/domains/de/test/auto/Modal7.xml
auto.tcl: Setting watchdog for 200 seconds at Sat Jul 25 15:10:57 UTC 2020
10 ms. Memory: 51200K Free: 22996K (45%)
ptolemy.util.test.WatchDog.cancel(): canceling Sat Jul 25 15:10:57 UTC 2020
auto.tcl: Setting watchdog for 200 seconds at Sat Jul 25 15:10:57 UTC 2020
12 ms. Memory: 51200K Free: 19371K (38%)
ptolemy.util.test.WatchDog.cancel(): canceling Sat Jul 25 15:10:57 UTC 2020
------------------ testing $PTII/ptolemy/domains/de/test/auto/ModalModel.xml
auto.tcl: Setting watchdog for 200 seconds at Sat Jul 25 15:10:57 UTC 2020
255 ms. Memory: 61440K Free: 28572K (47%)
ptolemy.util.test.WatchDog.cancel(): canceling Sat Jul 25 15:10:57 UTC 2020
auto.tcl: Setting watchdog for 200 seconds at Sat Jul 25 15:10:57 UTC 2020
208 ms. Memory: 61440K Free: 32120K (52%)
ptolemy.util.test.WatchDog.cancel(): canceling Sat Jul 25 15:10:57 UTC 2020
------------------ testing $PTII/ptolemy/domains/de/test/auto/ModalSource.xml
auto.tcl: Setting watchdog for 200 seconds at Sat Jul 25 15:10:57 UTC 2020
7 ms. Memory: 58368K Free: 34536K (59%)
ptolemy.util.test.WatchDog.cancel(): canceling Sat Jul 25 15:10:57 UTC 2020
auto.tcl: Setting watchdog for 200 seconds at Sat Jul 25 15:10:57 UTC 2020
7 ms. Memory: 58368K Free: 32532K (56%)
ptolemy.util.test.WatchDog.cancel(): canceling Sat Jul 25 15:10:57 UTC 2020
------------------ testing $PTII/ptolemy/domains/de/test/auto/NonInterruptibleTimerZeroDelay.xml
auto.tcl: Setting watchdog for 200 seconds at Sat Jul 25 15:10:57 UTC 2020
4 ms. Memory: 55296K Free: 37108K (67%)
ptolemy.util.test.WatchDog.cancel(): canceling Sat Jul 25 15:10:57 UTC 2020
auto.tcl: Setting watchdog for 200 seconds at Sat Jul 25 15:10:57 UTC 2020
3 ms. Memory: 55296K Free: 36257K (66%)
ptolemy.util.test.WatchDog.cancel(): canceling Sat Jul 25 15:10:57 UTC 2020
------------------ testing $PTII/ptolemy/domains/de/test/auto/OpenQueueingNetwork.xml
auto.tcl: Setting watchdog for 200 seconds at Sat Jul 25 15:10:57 UTC 2020
2984 ms. Memory: 116736K Free: 72955K (62%)
ptolemy.util.test.WatchDog.cancel(): canceling Sat Jul 25 15:11:00 UTC 2020
auto.tcl: Setting watchdog for 200 seconds at Sat Jul 25 15:11:00 UTC 2020
2592 ms. Memory: 168960K Free: 94886K (56%)
ptolemy.util.test.WatchDog.cancel(): canceling Sat Jul 25 15:11:03 UTC 2020
------------------ testing $PTII/ptolemy/domains/de/test/auto/OpenQueuingNetwork.xml
auto.tcl: Setting watchdog for 200 seconds at Sat Jul 25 15:11:03 UTC 2020
248 ms. Memory: 58368K Free: 30998K (53%)
ptolemy.util.test.WatchDog.cancel(): canceling Sat Jul 25 15:11:03 UTC 2020
auto.tcl: Setting watchdog for 200 seconds at Sat Jul 25 15:11:03 UTC 2020
227 ms. Memory: 58368K Free: 11400K (20%)
ptolemy.util.test.WatchDog.cancel(): canceling Sat Jul 25 15:11:04 UTC 2020
------------------ testing $PTII/ptolemy/domains/de/test/auto/PeriodicSampler.xml
auto.tcl: Setting watchdog for 200 seconds at Sat Jul 25 15:11:04 UTC 2020
3 ms. Memory: 55296K Free: 36115K (65%)
ptolemy.util.test.WatchDog.cancel(): canceling Sat Jul 25 15:11:04 UTC 2020
auto.tcl: Setting watchdog for 200 seconds at Sat Jul 25 15:11:04 UTC 2020
2 ms. Memory: 55296K Free: 35595K (64%)
ptolemy.util.test.WatchDog.cancel(): canceling Sat Jul 25 15:11:04 UTC 2020
------------------ testing $PTII/ptolemy/domains/de/test/auto/PersistentIO.xml
auto.tcl: Setting watchdog for 200 seconds at Sat Jul 25 15:11:04 UTC 2020
6 ms. Memory: 51200K Free: 26943K (53%)
ptolemy.util.test.WatchDog.cancel(): canceling Sat Jul 25 15:11:04 UTC 2020
auto.tcl: Setting watchdog for 200 seconds at Sat Jul 25 15:11:04 UTC 2020
5 ms. Memory: 51200K Free: 25423K (50%)
ptolemy.util.test.WatchDog.cancel(): canceling Sat Jul 25 15:11:04 UTC 2020
------------------ testing $PTII/ptolemy/domains/de/test/auto/PortParameterResetOnInitialize.xml
auto.tcl: Setting watchdog for 200 seconds at Sat Jul 25 15:11:04 UTC 2020
9 ms. Memory: 51200K Free: 31909K (62%)
ptolemy.util.test.WatchDog.cancel(): canceling Sat Jul 25 15:11:04 UTC 2020
auto.tcl: Setting watchdog for 200 seconds at Sat Jul 25 15:11:04 UTC 2020
2 ms. Memory: 51200K Free: 31431K (61%)
ptolemy.util.test.WatchDog.cancel(): canceling Sat Jul 25 15:11:04 UTC 2020
------------------ testing $PTII/ptolemy/domains/de/test/auto/PortParameterUpdates.xml
auto.tcl: Setting watchdog for 200 seconds at Sat Jul 25 15:11:04 UTC 2020
4 ms. Memory: 51200K Free: 30011K (59%)
ptolemy.util.test.WatchDog.cancel(): canceling Sat Jul 25 15:11:04 UTC 2020
auto.tcl: Setting watchdog for 200 seconds at Sat Jul 25 15:11:04 UTC 2020
4 ms. Memory: 51200K Free: 28997K (57%)
ptolemy.util.test.WatchDog.cancel(): canceling Sat Jul 25 15:11:04 UTC 2020
------------------ testing $PTII/ptolemy/domains/de/test/auto/QueueAndServer.xml
auto.tcl: Setting watchdog for 200 seconds at Sat Jul 25 15:11:04 UTC 2020
18 ms. Memory: 51200K Free: 28882K (56%)
ptolemy.util.test.WatchDog.cancel(): canceling Sat Jul 25 15:11:04 UTC 2020
auto.tcl: Setting watchdog for 200 seconds at Sat Jul 25 15:11:04 UTC 2020
5 ms. Memory: 51200K Free: 27430K (54%)
ptolemy.util.test.WatchDog.cancel(): canceling Sat Jul 25 15:11:04 UTC 2020
------------------ testing $PTII/ptolemy/domains/de/test/auto/Records.xml
auto.tcl: Setting watchdog for 200 seconds at Sat Jul 25 15:11:04 UTC 2020
5 ms. Memory: 51200K Free: 31171K (61%)
ptolemy.util.test.WatchDog.cancel(): canceling Sat Jul 25 15:11:04 UTC 2020
auto.tcl: Setting watchdog for 200 seconds at Sat Jul 25 15:11:04 UTC 2020
3 ms. Memory: 51200K Free: 30659K (60%)
ptolemy.util.test.WatchDog.cancel(): canceling Sat Jul 25 15:11:04 UTC 2020
------------------ testing $PTII/ptolemy/domains/de/test/auto/ResetTransitionWithStartTime1.xml
auto.tcl: Setting watchdog for 200 seconds at Sat Jul 25 15:11:04 UTC 2020
6 ms. Memory: 51200K Free: 28427K (56%)
ptolemy.util.test.WatchDog.cancel(): canceling Sat Jul 25 15:11:04 UTC 2020
auto.tcl: Setting watchdog for 200 seconds at Sat Jul 25 15:11:04 UTC 2020
8 ms. Memory: 51200K Free: 25878K (51%)
ptolemy.util.test.WatchDog.cancel(): canceling Sat Jul 25 15:11:04 UTC 2020
------------------ testing $PTII/ptolemy/domains/de/test/auto/ResetTransitionWithStartTime2.xml
auto.tcl: Setting watchdog for 200 seconds at Sat Jul 25 15:11:04 UTC 2020
5 ms. Memory: 51200K Free: 28382K (55%)
ptolemy.util.test.WatchDog.cancel(): canceling Sat Jul 25 15:11:04 UTC 2020
auto.tcl: Setting watchdog for 200 seconds at Sat Jul 25 15:11:04 UTC 2020
8 ms. Memory: 51200K Free: 25819K (50%)
ptolemy.util.test.WatchDog.cancel(): canceling Sat Jul 25 15:11:04 UTC 2020
------------------ testing $PTII/ptolemy/domains/de/test/auto/ResetTransitionWithStartTime3.xml
auto.tcl: Setting watchdog for 200 seconds at Sat Jul 25 15:11:04 UTC 2020
6 ms. Memory: 51200K Free: 28381K (55%)
ptolemy.util.test.WatchDog.cancel(): canceling Sat Jul 25 15:11:04 UTC 2020
auto.tcl: Setting watchdog for 200 seconds at Sat Jul 25 15:11:04 UTC 2020
6 ms. Memory: 51200K Free: 26348K (51%)
ptolemy.util.test.WatchDog.cancel(): canceling Sat Jul 25 15:11:04 UTC 2020
------------------ testing $PTII/ptolemy/domains/de/test/auto/ResetTransitionWithStartTime4.xml
auto.tcl: Setting watchdog for 200 seconds at Sat Jul 25 15:11:04 UTC 2020
8 ms. Memory: 51200K Free: 28805K (56%)
ptolemy.util.test.WatchDog.cancel(): canceling Sat Jul 25 15:11:04 UTC 2020
auto.tcl: Setting watchdog for 200 seconds at Sat Jul 25 15:11:04 UTC 2020
3 ms. Memory: 51200K Free: 27355K (53%)
ptolemy.util.test.WatchDog.cancel(): canceling Sat Jul 25 15:11:04 UTC 2020
------------------ testing $PTII/ptolemy/domains/de/test/auto/ResettableTimer1.xml
auto.tcl: Setting watchdog for 200 seconds at Sat Jul 25 15:11:05 UTC 2020
3 ms. Memory: 51200K Free: 32557K (64%)
ptolemy.util.test.WatchDog.cancel(): canceling Sat Jul 25 15:11:05 UTC 2020
auto.tcl: Setting watchdog for 200 seconds at Sat Jul 25 15:11:05 UTC 2020
2 ms. Memory: 51200K Free: 31930K (62%)
ptolemy.util.test.WatchDog.cancel(): canceling Sat Jul 25 15:11:05 UTC 2020
------------------ testing $PTII/ptolemy/domains/de/test/auto/ResettableTimer2.xml
auto.tcl: Setting watchdog for 200 seconds at Sat Jul 25 15:11:05 UTC 2020
2 ms. Memory: 51200K Free: 32613K (64%)
ptolemy.util.test.WatchDog.cancel(): canceling Sat Jul 25 15:11:05 UTC 2020
auto.tcl: Setting watchdog for 200 seconds at Sat Jul 25 15:11:05 UTC 2020
2 ms. Memory: 51200K Free: 31994K (62%)
ptolemy.util.test.WatchDog.cancel(): canceling Sat Jul 25 15:11:05 UTC 2020
------------------ testing $PTII/ptolemy/domains/de/test/auto/ResettableTimer3.xml
auto.tcl: Setting watchdog for 200 seconds at Sat Jul 25 15:11:05 UTC 2020
1 ms. Memory: 51200K Free: 32513K (64%)
ptolemy.util.test.WatchDog.cancel(): canceling Sat Jul 25 15:11:05 UTC 2020
auto.tcl: Setting watchdog for 200 seconds at Sat Jul 25 15:11:05 UTC 2020
1 ms. Memory: 51200K Free: 32513K (64%)
ptolemy.util.test.WatchDog.cancel(): canceling Sat Jul 25 15:11:05 UTC 2020
------------------ testing $PTII/ptolemy/domains/de/test/auto/ResettableTimer4.xml
auto.tcl: Setting watchdog for 200 seconds at Sat Jul 25 15:11:05 UTC 2020
1 ms. Memory: 51200K Free: 32527K (64%)
ptolemy.util.test.WatchDog.cancel(): canceling Sat Jul 25 15:11:05 UTC 2020
auto.tcl: Setting watchdog for 200 seconds at Sat Jul 25 15:11:05 UTC 2020
1 ms. Memory: 51200K Free: 32026K (63%)
ptolemy.util.test.WatchDog.cancel(): canceling Sat Jul 25 15:11:05 UTC 2020
------------------ testing $PTII/ptolemy/domains/de/test/auto/ResettableTimer5.xml
auto.tcl: Setting watchdog for 200 seconds at Sat Jul 25 15:11:05 UTC 2020
1 ms. Memory: 51200K Free: 32011K (63%)
ptolemy.util.test.WatchDog.cancel(): canceling Sat Jul 25 15:11:05 UTC 2020
auto.tcl: Setting watchdog for 200 seconds at Sat Jul 25 15:11:05 UTC 2020
2 ms. Memory: 51200K Free: 31512K (62%)
ptolemy.util.test.WatchDog.cancel(): canceling Sat Jul 25 15:11:05 UTC 2020
------------------ testing $PTII/ptolemy/domains/de/test/auto/ResettableTimer6.xml
auto.tcl: Setting watchdog for 200 seconds at Sat Jul 25 15:11:05 UTC 2020
1 ms. Memory: 51200K Free: 32001K (63%)
ptolemy.util.test.WatchDog.cancel(): canceling Sat Jul 25 15:11:05 UTC 2020
auto.tcl: Setting watchdog for 200 seconds at Sat Jul 25 15:11:05 UTC 2020
2 ms. Memory: 51200K Free: 31491K (62%)
ptolemy.util.test.WatchDog.cancel(): canceling Sat Jul 25 15:11:05 UTC 2020
------------------ testing $PTII/ptolemy/domains/de/test/auto/ServerZeroDelay.xml
auto.tcl: Setting watchdog for 200 seconds at Sat Jul 25 15:11:05 UTC 2020
2 ms. Memory: 51200K Free: 32506K (63%)
ptolemy.util.test.WatchDog.cancel(): canceling Sat Jul 25 15:11:05 UTC 2020
auto.tcl: Setting watchdog for 200 seconds at Sat Jul 25 15:11:05 UTC 2020
2 ms. Memory: 51200K Free: 31482K (61%)
ptolemy.util.test.WatchDog.cancel(): canceling Sat Jul 25 15:11:05 UTC 2020
------------------ testing $PTII/ptolemy/domains/de/test/auto/SmartSender.xml
auto.tcl: Setting watchdog for 200 seconds at Sat Jul 25 15:11:05 UTC 2020
3002 ms. Memory: 51200K Free: 32501K (63%)
ptolemy.util.test.WatchDog.cancel(): canceling Sat Jul 25 15:11:08 UTC 2020
auto.tcl: Setting watchdog for 200 seconds at Sat Jul 25 15:11:08 UTC 2020
3001 ms. Memory: 51200K Free: 32000K (63%)
ptolemy.util.test.WatchDog.cancel(): canceling Sat Jul 25 15:11:11 UTC 2020
------------------ testing $PTII/ptolemy/domains/de/test/auto/ThreadedComposite.xml
auto.tcl: Setting watchdog for 200 seconds at Sat Jul 25 15:11:11 UTC 2020
251 ms. Memory: 51200K Free: 13569K (27%)
ptolemy.util.test.WatchDog.cancel(): canceling Sat Jul 25 15:11:11 UTC 2020
auto.tcl: Setting watchdog for 200 seconds at Sat Jul 25 15:11:11 UTC 2020
138 ms. Memory: 51200K Free: 28769K (56%)
ptolemy.util.test.WatchDog.cancel(): canceling Sat Jul 25 15:11:11 UTC 2020
------------------ testing $PTII/ptolemy/domains/de/test/auto/Time.xml
auto.tcl: Setting watchdog for 200 seconds at Sat Jul 25 15:11:12 UTC 2020
444 ms. Memory: 51200K Free: 7738K (15%)
ptolemy.util.test.WatchDog.cancel(): canceling Sat Jul 25 15:11:12 UTC 2020
auto.tcl: Setting watchdog for 200 seconds at Sat Jul 25 15:11:12 UTC 2020
402 ms. Memory: 51200K Free: 10953K (21%)
ptolemy.util.test.WatchDog.cancel(): canceling Sat Jul 25 15:11:12 UTC 2020
------------------ testing $PTII/ptolemy/domains/de/test/auto/TimeDelayZeroDelay.xml
auto.tcl: Setting watchdog for 200 seconds at Sat Jul 25 15:11:12 UTC 2020
3 ms. Memory: 51200K Free: 32431K (63%)
ptolemy.util.test.WatchDog.cancel(): canceling Sat Jul 25 15:11:12 UTC 2020
auto.tcl: Setting watchdog for 200 seconds at Sat Jul 25 15:11:12 UTC 2020
2 ms. Memory: 51200K Free: 31578K (62%)
ptolemy.util.test.WatchDog.cancel(): canceling Sat Jul 25 15:11:12 UTC 2020
------------------ testing $PTII/ptolemy/domains/de/test/auto/TimerZeroDelay.xml
auto.tcl: Setting watchdog for 200 seconds at Sat Jul 25 15:11:13 UTC 2020
3 ms. Memory: 51200K Free: 32902K (64%)
ptolemy.util.test.WatchDog.cancel(): canceling Sat Jul 25 15:11:13 UTC 2020
auto.tcl: Setting watchdog for 200 seconds at Sat Jul 25 15:11:13 UTC 2020
2 ms. Memory: 51200K Free: 32474K (63%)
ptolemy.util.test.WatchDog.cancel(): canceling Sat Jul 25 15:11:13 UTC 2020
------------------ testing $PTII/ptolemy/domains/de/test/auto/TimingParadox.xml
auto.tcl: Setting watchdog for 200 seconds at Sat Jul 25 15:11:13 UTC 2020
335 ms. Memory: 51200K Free: 18094K (35%)
ptolemy.util.test.WatchDog.cancel(): canceling Sat Jul 25 15:11:13 UTC 2020
auto.tcl: Setting watchdog for 200 seconds at Sat Jul 25 15:11:13 UTC 2020
299 ms. Memory: 51200K Free: 32017K (63%)
ptolemy.util.test.WatchDog.cancel(): canceling Sat Jul 25 15:11:13 UTC 2020
------------------ testing $PTII/ptolemy/domains/de/test/auto/TransferInputs.xml
auto.tcl: Setting watchdog for 200 seconds at Sat Jul 25 15:11:13 UTC 2020
2 ms. Memory: 51200K Free: 30942K (60%)
ptolemy.util.test.WatchDog.cancel(): canceling Sat Jul 25 15:11:13 UTC 2020
auto.tcl: Setting watchdog for 200 seconds at Sat Jul 25 15:11:13 UTC 2020
2 ms. Memory: 51200K Free: 30070K (59%)
ptolemy.util.test.WatchDog.cancel(): canceling Sat Jul 25 15:11:13 UTC 2020
------------------ testing $PTII/ptolemy/domains/de/test/auto/TransferOutputs2.xml
auto.tcl: Setting watchdog for 200 seconds at Sat Jul 25 15:11:13 UTC 2020
3 ms. Memory: 51200K Free: 28384K (55%)
ptolemy.util.test.WatchDog.cancel(): canceling Sat Jul 25 15:11:14 UTC 2020
auto.tcl: Setting watchdog for 200 seconds at Sat Jul 25 15:11:14 UTC 2020
2 ms. Memory: 51200K Free: 26984K (53%)
ptolemy.util.test.WatchDog.cancel(): canceling Sat Jul 25 15:11:14 UTC 2020
------------------ testing $PTII/ptolemy/domains/de/test/auto/Trilateration.xml
auto.tcl: Setting watchdog for 200 seconds at Sat Jul 25 15:11:14 UTC 2020
14057 ms. Memory: 418816K Free: 367159K (88%)
ptolemy.util.test.WatchDog.cancel(): canceling Sat Jul 25 15:11:29 UTC 2020
auto.tcl: Setting watchdog for 200 seconds at Sat Jul 25 15:11:29 UTC 2020
10532 ms. Memory: 418816K Free: 197560K (47%)
ptolemy.util.test.WatchDog.cancel(): canceling Sat Jul 25 15:11:39 UTC 2020
------------------ testing $PTII/ptolemy/domains/de/test/auto/TwoSigmaDelta.xml
auto.tcl: Setting watchdog for 200 seconds at Sat Jul 25 15:11:40 UTC 2020
2447 ms. Memory: 92160K Free: 23485K (25%)
ptolemy.util.test.WatchDog.cancel(): canceling Sat Jul 25 15:11:42 UTC 2020
auto.tcl: Setting watchdog for 200 seconds at Sat Jul 25 15:11:42 UTC 2020
1812 ms. Memory: 92160K Free: 20895K (23%)
ptolemy.util.test.WatchDog.cancel(): canceling Sat Jul 25 15:11:44 UTC 2020
------------------ testing $PTII/ptolemy/domains/de/test/auto/VariableDelay.xml
auto.tcl: Setting watchdog for 200 seconds at Sat Jul 25 15:11:44 UTC 2020
3 ms. Memory: 58368K Free: 38604K (66%)
ptolemy.util.test.WatchDog.cancel(): canceling Sat Jul 25 15:11:44 UTC 2020
auto.tcl: Setting watchdog for 200 seconds at Sat Jul 25 15:11:44 UTC 2020
2 ms. Memory: 58368K Free: 37588K (64%)
ptolemy.util.test.WatchDog.cancel(): canceling Sat Jul 25 15:11:44 UTC 2020
------------------ testing $PTII/ptolemy/domains/de/test/auto/VariableDelay2.xml
auto.tcl: Setting watchdog for 200 seconds at Sat Jul 25 15:11:44 UTC 2020
8 ms. Memory: 55296K Free: 35939K (65%)
ptolemy.util.test.WatchDog.cancel(): canceling Sat Jul 25 15:11:44 UTC 2020
auto.tcl: Setting watchdog for 200 seconds at Sat Jul 25 15:11:44 UTC 2020
2 ms. Memory: 55296K Free: 35435K (64%)
ptolemy.util.test.WatchDog.cancel(): canceling Sat Jul 25 15:11:44 UTC 2020
------------------ testing $PTII/ptolemy/domains/de/test/auto/VariableDelayZeroDelay.xml
auto.tcl: Setting watchdog for 200 seconds at Sat Jul 25 15:11:44 UTC 2020
2 ms. Memory: 51200K Free: 32362K (63%)
ptolemy.util.test.WatchDog.cancel(): canceling Sat Jul 25 15:11:44 UTC 2020
auto.tcl: Setting watchdog for 200 seconds at Sat Jul 25 15:11:44 UTC 2020
3 ms. Memory: 51200K Free: 31834K (62%)
ptolemy.util.test.WatchDog.cancel(): canceling Sat Jul 25 15:11:44 UTC 2020
------------------ testing $PTII/ptolemy/domains/de/test/auto/VariableDelayZeroDelay2.xml
auto.tcl: Setting watchdog for 200 seconds at Sat Jul 25 15:11:44 UTC 2020
2 ms. Memory: 51200K Free: 32361K (63%)
ptolemy.util.test.WatchDog.cancel(): canceling Sat Jul 25 15:11:44 UTC 2020
auto.tcl: Setting watchdog for 200 seconds at Sat Jul 25 15:11:44 UTC 2020
2 ms. Memory: 51200K Free: 31344K (61%)
ptolemy.util.test.WatchDog.cancel(): canceling Sat Jul 25 15:11:44 UTC 2020
------------------ testing $PTII/ptolemy/domains/de/test/auto/deInCt.xml
auto.tcl: Setting watchdog for 200 seconds at Sat Jul 25 15:11:44 UTC 2020
0
1
1
1
0
0
0
0
0
1
1
0
0
1
1
1
0
0
0
0
1
1
1
0
0
0
0
1
1
1
0
0
0
0
0
1
1
1
1
16 ms. Memory: 51200K Free: 31334K (61%)
ptolemy.util.test.WatchDog.cancel(): canceling Sat Jul 25 15:11:44 UTC 2020
auto.tcl: Setting watchdog for 200 seconds at Sat Jul 25 15:11:44 UTC 2020
0
1
1
1
0
0
0
0
1
1
1
1
0
0
0
1
1
1
0
0
1
1
1
0
0
0
0
0
1
1
1
0
0
0
0
1
1
1
0
0
0
0
10 ms. Memory: 51200K Free: 29794K (58%)
ptolemy.util.test.WatchDog.cancel(): canceling Sat Jul 25 15:11:44 UTC 2020
------------------ testing $PTII/ptolemy/domains/de/test/auto/deInCt2.xml
auto.tcl: Setting watchdog for 200 seconds at Sat Jul 25 15:11:44 UTC 2020
0
1
1
1
0
0
1
1
1
0
0
1
1
1
0
0
1
1
1
0
0
1
1
1
0
0
1
1
1
0
0
1
1
1
0
0
1
1
1
0
0
0
10 ms. Memory: 51200K Free: 31336K (61%)
ptolemy.util.test.WatchDog.cancel(): canceling Sat Jul 25 15:11:44 UTC 2020
auto.tcl: Setting watchdog for 200 seconds at Sat Jul 25 15:11:44 UTC 2020
0
1
1
1
0
0
1
1
1
0
0
1
1
1
0
0
1
1
1
0
0
1
1
1
0
0
1
1
1
0
0
1
1
1
0
0
1
1
1
0
0
0
9 ms. Memory: 51200K Free: 29792K (58%)
ptolemy.util.test.WatchDog.cancel(): canceling Sat Jul 25 15:11:44 UTC 2020
------------------ testing $PTII/ptolemy/domains/de/test/auto/dynamicCausalityInterface1.xml
auto.tcl: Setting watchdog for 200 seconds at Sat Jul 25 15:11:44 UTC 2020
1 ms. Memory: 51200K Free: 27235K (53%)
ptolemy.util.test.WatchDog.cancel(): canceling Sat Jul 25 15:11:44 UTC 2020
auto.tcl: Setting watchdog for 200 seconds at Sat Jul 25 15:11:44 UTC 2020
1 ms. Memory: 51200K Free: 26732K (52%)
ptolemy.util.test.WatchDog.cancel(): canceling Sat Jul 25 15:11:44 UTC 2020
------------------ testing $PTII/ptolemy/domains/de/test/auto/fsm_de_test.xml
auto.tcl: Setting watchdog for 200 seconds at Sat Jul 25 15:11:44 UTC 2020
15 ms. Memory: 51200K Free: 27133K (53%)
ptolemy.util.test.WatchDog.cancel(): canceling Sat Jul 25 15:11:44 UTC 2020
auto.tcl: Setting watchdog for 200 seconds at Sat Jul 25 15:11:44 UTC 2020
10 ms. Memory: 51200K Free: 25085K (49%)
ptolemy.util.test.WatchDog.cancel(): canceling Sat Jul 25 15:11:44 UTC 2020
------------------ testing $PTII/ptolemy/domains/de/test/auto/functionDependencyReconstruction.xml
auto.tcl: Setting watchdog for 200 seconds at Sat Jul 25 15:11:45 UTC 2020
2 ms. Memory: 51200K Free: 20979K (41%)
ptolemy.util.test.WatchDog.cancel(): canceling Sat Jul 25 15:11:45 UTC 2020
auto.tcl: Setting watchdog for 200 seconds at Sat Jul 25 15:11:45 UTC 2020
2 ms. Memory: 51200K Free: 18931K (37%)
ptolemy.util.test.WatchDog.cancel(): canceling Sat Jul 25 15:11:45 UTC 2020
------------------ testing $PTII/ptolemy/domains/de/test/auto/multirate.xml
auto.tcl: Setting watchdog for 200 seconds at Sat Jul 25 15:11:45 UTC 2020
3 ms. Memory: 51200K Free: 29775K (58%)
ptolemy.util.test.WatchDog.cancel(): canceling Sat Jul 25 15:11:45 UTC 2020
auto.tcl: Setting watchdog for 200 seconds at Sat Jul 25 15:11:45 UTC 2020
3 ms. Memory: 51200K Free: 28034K (55%)
ptolemy.util.test.WatchDog.cancel(): canceling Sat Jul 25 15:11:45 UTC 2020
------------------ testing $PTII/ptolemy/domains/de/test/auto/multirate2.xml
auto.tcl: Setting watchdog for 200 seconds at Sat Jul 25 15:11:45 UTC 2020
3 ms. Memory: 51200K Free: 29730K (58%)
ptolemy.util.test.WatchDog.cancel(): canceling Sat Jul 25 15:11:45 UTC 2020
auto.tcl: Setting watchdog for 200 seconds at Sat Jul 25 15:11:45 UTC 2020
3 ms. Memory: 51200K Free: 28210K (55%)
ptolemy.util.test.WatchDog.cancel(): canceling Sat Jul 25 15:11:45 UTC 2020
------------------ testing $PTII/ptolemy/domains/de/test/auto/realtime.xml
auto.tcl: Setting watchdog for 200 seconds at Sat Jul 25 15:11:45 UTC 2020
10001 ms. Memory: 51200K Free: 31994K (62%)
ptolemy.util.test.WatchDog.cancel(): canceling Sat Jul 25 15:11:55 UTC 2020
auto.tcl: Setting watchdog for 200 seconds at Sat Jul 25 15:11:55 UTC 2020
10000 ms. Memory: 51200K Free: 31281K (61%)
ptolemy.util.test.WatchDog.cancel(): canceling Sat Jul 25 15:12:05 UTC 2020
------------------ testing $PTII/ptolemy/domains/de/test/auto/relationGroup.xml
auto.tcl: Setting watchdog for 200 seconds at Sat Jul 25 15:12:05 UTC 2020
2 ms. Memory: 51200K Free: 33097K (65%)
ptolemy.util.test.WatchDog.cancel(): canceling Sat Jul 25 15:12:05 UTC 2020
auto.tcl: Setting watchdog for 200 seconds at Sat Jul 25 15:12:05 UTC 2020
2 ms. Memory: 51200K Free: 32563K (64%)
ptolemy.util.test.WatchDog.cancel(): canceling Sat Jul 25 15:12:05 UTC 2020
------------------ testing $PTII/ptolemy/domains/de/test/auto/relationGroup2.xml
auto.tcl: Setting watchdog for 200 seconds at Sat Jul 25 15:12:05 UTC 2020
2 ms. Memory: 51200K Free: 32898K (64%)
ptolemy.util.test.WatchDog.cancel(): canceling Sat Jul 25 15:12:05 UTC 2020
auto.tcl: Setting watchdog for 200 seconds at Sat Jul 25 15:12:05 UTC 2020
2 ms. Memory: 51200K Free: 32388K (63%)
ptolemy.util.test.WatchDog.cancel(): canceling Sat Jul 25 15:12:05 UTC 2020
------------------ testing $PTII/ptolemy/domains/de/test/auto/sortWithOpaquePorts.xml
auto.tcl: Setting watchdog for 200 seconds at Sat Jul 25 15:12:05 UTC 2020
2 ms. Memory: 51200K Free: 31869K (62%)
ptolemy.util.test.WatchDog.cancel(): canceling Sat Jul 25 15:12:05 UTC 2020
auto.tcl: Setting watchdog for 200 seconds at Sat Jul 25 15:12:05 UTC 2020
2 ms. Memory: 51200K Free: 30847K (60%)
ptolemy.util.test.WatchDog.cancel(): canceling Sat Jul 25 15:12:05 UTC 2020
------------------ testing $PTII/ptolemy/domains/de/test/auto/transferInputsandOutputs.xml
auto.tcl: Setting watchdog for 200 seconds at Sat Jul 25 15:12:05 UTC 2020
2 ms. Memory: 51200K Free: 29304K (57%)
ptolemy.util.test.WatchDog.cancel(): canceling Sat Jul 25 15:12:05 UTC 2020
auto.tcl: Setting watchdog for 200 seconds at Sat Jul 25 15:12:05 UTC 2020
3 ms. Memory: 51200K Free: 28280K (55%)
ptolemy.util.test.WatchDog.cancel(): canceling Sat Jul 25 15:12:05 UTC 2020
------------------ testing $PTII/ptolemy/domains/de/test/auto/triggerType.xml
auto.tcl: Setting watchdog for 200 seconds at Sat Jul 25 15:12:05 UTC 2020
1 ms. Memory: 51200K Free: 32329K (63%)
ptolemy.util.test.WatchDog.cancel(): canceling Sat Jul 25 15:12:05 UTC 2020
auto.tcl: Setting watchdog for 200 seconds at Sat Jul 25 15:12:05 UTC 2020
2 ms. Memory: 51200K Free: 31305K (61%)
ptolemy.util.test.WatchDog.cancel(): canceling Sat Jul 25 15:12:05 UTC 2020
07/25/20 03:12:05
Failed: 0  Total Tests: 192  ((Passed: 187, Newly Passed: 1)  Known Failed: 5) /home/travis/build/icyphy/ptII/ptolemy/domains/de/test
07/25/20 03:12:05
Failed: 0  Total Tests: 192  ((Passed: 187, Newly Passed: 1)  Known Failed: 5) /home/travis/build/icyphy/ptII/ptolemy/domains/de/test
----------------- testing (KnownFailure) /home/travis/build/icyphy/ptII/ptolemy/domains/de/test/auto/knownFailedTests/DESDFClockTest.xml
2015 ms. Memory: 51200K Free: 25214K (49%)
Known Failure: java.lang.reflect.InvocationTargetException
----------------- testing (KnownFailure) /home/travis/build/icyphy/ptII/ptolemy/domains/de/test/auto/knownFailedTests/DirectFeedback.xml
2 ms. Memory: 51200K Free: 21628K (42%)
Known Failure: java.lang.reflect.InvocationTargetException
----------------- testing (KnownFailure) /home/travis/build/icyphy/ptII/ptolemy/domains/de/test/auto/knownFailedTests/FSMSource.xml
6 ms. Memory: 51200K Free: 13950K (27%)
----------------- testing (KnownFailure) /home/travis/build/icyphy/ptII/ptolemy/domains/de/test/auto/knownFailedTests/HierarchicalModel.xml
10 ms. Memory: 51200K Free: 26154K (51%)
Known Failure: java.lang.reflect.InvocationTargetException
----------------- testing (KnownFailure) /home/travis/build/icyphy/ptII/ptolemy/domains/de/test/auto/knownFailedTests/dependencyLoop.xml
3 ms. Memory: 51200K Free: 10850K (21%)
Known Failure: java.lang.reflect.InvocationTargetException
----------------- testing (KnownFailure) /home/travis/build/icyphy/ptII/ptolemy/domains/de/test/auto/knownFailedTests/dependencyLoop2.xml
6 ms. Memory: 51200K Free: 23432K (46%)
Known Failure: java.lang.reflect.InvocationTargetException
No auto/linux-amd64/*.xml tests in /home/travis/build/icyphy/ptII/ptolemy/domains/de/test
AutoTests.java: About to close Vertx.
AutoTests.java: Vertx closed.

===========================================================================================
----------------- testing Sat Jul 25 15:12:07 UTC 2020 /home/travis/build/icyphy/ptII/ptolemy/domains/de/test/auto/ActorDepthCalculation_actorWithoutPorts.xml
----------------- Instantiating /home/travis/build/icyphy/ptII/ptolemy/domains/de/test/auto/ActorDepthCalculation_actorWithoutPorts.xml
2 ms. Memory: 51200K Free: 16278K (32%)
----------------- Invoking toplevel() on ptolemy.moml.MoMLSimpleApplication@5094f6f2
----------------- Done invoking toplevel() on ptolemy.moml.MoMLSimpleApplication@5094f6f2
reloadAllAccessors: .ActorDepthCalculation_actorWithoutPorts

===========================================================================================
----------------- testing Sat Jul 25 15:12:07 UTC 2020 /home/travis/build/icyphy/ptII/ptolemy/domains/de/test/auto/AssemblyLine.xml
----------------- Instantiating /home/travis/build/icyphy/ptII/ptolemy/domains/de/test/auto/AssemblyLine.xml
2 ms. Memory: 51200K Free: 9389K (18%)
----------------- Invoking toplevel() on ptolemy.moml.MoMLSimpleApplication@dc617d9
----------------- Done invoking toplevel() on ptolemy.moml.MoMLSimpleApplication@dc617d9
reloadAllAccessors: .AssemblyLine

===========================================================================================
----------------- testing Sat Jul 25 15:12:07 UTC 2020 /home/travis/build/icyphy/ptII/ptolemy/domains/de/test/auto/CQBug1.xml
----------------- Instantiating /home/travis/build/icyphy/ptII/ptolemy/domains/de/test/auto/CQBug1.xml
2 ms. Memory: 51200K Free: 34266K (67%)
----------------- Invoking toplevel() on ptolemy.moml.MoMLSimpleApplication@5fed3a83
----------------- Done invoking toplevel() on ptolemy.moml.MoMLSimpleApplication@5fed3a83
reloadAllAccessors: .CQBug1

===========================================================================================
----------------- testing Sat Jul 25 15:12:07 UTC 2020 /home/travis/build/icyphy/ptII/ptolemy/domains/de/test/auto/CancelFireAt.xml
----------------- Instantiating /home/travis/build/icyphy/ptII/ptolemy/domains/de/test/auto/CancelFireAt.xml
12 ms. Memory: 51200K Free: 31526K (62%)
----------------- Invoking toplevel() on ptolemy.moml.MoMLSimpleApplication@22fc378d
----------------- Done invoking toplevel() on ptolemy.moml.MoMLSimpleApplication@22fc378d
reloadAllAccessors: .CancelFireAt

===========================================================================================
----------------- testing Sat Jul 25 15:12:08 UTC 2020 /home/travis/build/icyphy/ptII/ptolemy/domains/de/test/auto/CausalityAndComposabilityAnalysis.xml
----------------- Instantiating /home/travis/build/icyphy/ptII/ptolemy/domains/de/test/auto/CausalityAndComposabilityAnalysis.xml
2 ms. Memory: 51200K Free: 27377K (53%)
----------------- Invoking toplevel() on ptolemy.moml.MoMLSimpleApplication@290e7060
----------------- Done invoking toplevel() on ptolemy.moml.MoMLSimpleApplication@290e7060
reloadAllAccessors: .CausalityAndComposabilityAnalysis

===========================================================================================
----------------- testing Sat Jul 25 15:12:08 UTC 2020 /home/travis/build/icyphy/ptII/ptolemy/domains/de/test/auto/CausalityInterface1.xml
----------------- Instantiating /home/travis/build/icyphy/ptII/ptolemy/domains/de/test/auto/CausalityInterface1.xml
6 ms. Memory: 51200K Free: 21997K (43%)
----------------- Invoking toplevel() on ptolemy.moml.MoMLSimpleApplication@37b41e3
----------------- Done invoking toplevel() on ptolemy.moml.MoMLSimpleApplication@37b41e3
reloadAllAccessors: .CausalityInterface1

===========================================================================================
----------------- testing Sat Jul 25 15:12:08 UTC 2020 /home/travis/build/icyphy/ptII/ptolemy/domains/de/test/auto/CausalityInterface15.xml
----------------- Instantiating /home/travis/build/icyphy/ptII/ptolemy/domains/de/test/auto/CausalityInterface15.xml
3 ms. Memory: 51200K Free: 16429K (32%)
----------------- Invoking toplevel() on ptolemy.moml.MoMLSimpleApplication@155e3f3a
----------------- Done invoking toplevel() on ptolemy.moml.MoMLSimpleApplication@155e3f3a
reloadAllAccessors: .CausalityInterface15

===========================================================================================
----------------- testing Sat Jul 25 15:12:08 UTC 2020 /home/travis/build/icyphy/ptII/ptolemy/domains/de/test/auto/CausalityInterface2.xml
----------------- Instantiating /home/travis/build/icyphy/ptII/ptolemy/domains/de/test/auto/CausalityInterface2.xml
2 ms. Memory: 51200K Free: 11787K (23%)
----------------- Invoking toplevel() on ptolemy.moml.MoMLSimpleApplication@32756762
----------------- Done invoking toplevel() on ptolemy.moml.MoMLSimpleApplication@32756762
reloadAllAccessors: .CausalityInterface2

===========================================================================================
----------------- testing Sat Jul 25 15:12:08 UTC 2020 /home/travis/build/icyphy/ptII/ptolemy/domains/de/test/auto/CausalityInterface3.xml
----------------- Instantiating /home/travis/build/icyphy/ptII/ptolemy/domains/de/test/auto/CausalityInterface3.xml
2 ms. Memory: 51200K Free: 34255K (67%)
----------------- Invoking toplevel() on ptolemy.moml.MoMLSimpleApplication@28c061d0
----------------- Done invoking toplevel() on ptolemy.moml.MoMLSimpleApplication@28c061d0
reloadAllAccessors: .CausalityInterface3

===========================================================================================
----------------- testing Sat Jul 25 15:12:08 UTC 2020 /home/travis/build/icyphy/ptII/ptolemy/domains/de/test/auto/ClockDrift.xml
----------------- Instantiating /home/travis/build/icyphy/ptII/ptolemy/domains/de/test/auto/ClockDrift.xml
17 ms. Memory: 51200K Free: 22215K (43%)
----------------- Invoking toplevel() on ptolemy.moml.MoMLSimpleApplication@67679630
----------------- Done invoking toplevel() on ptolemy.moml.MoMLSimpleApplication@67679630
reloadAllAccessors: .ClockDrift

===========================================================================================
----------------- testing Sat Jul 25 15:12:08 UTC 2020 /home/travis/build/icyphy/ptII/ptolemy/domains/de/test/auto/ClockDriftAndValueChange.xml
----------------- Instantiating /home/travis/build/icyphy/ptII/ptolemy/domains/de/test/auto/ClockDriftAndValueChange.xml
10 ms. Memory: 51200K Free: 10552K (21%)
----------------- Invoking toplevel() on ptolemy.moml.MoMLSimpleApplication@25da8e8f
----------------- Done invoking toplevel() on ptolemy.moml.MoMLSimpleApplication@25da8e8f
reloadAllAccessors: .ClockDriftAndValueChange

===========================================================================================
----------------- testing Sat Jul 25 15:12:08 UTC 2020 /home/travis/build/icyphy/ptII/ptolemy/domains/de/test/auto/ClockDriftChange.xml
----------------- Instantiating /home/travis/build/icyphy/ptII/ptolemy/domains/de/test/auto/ClockDriftChange.xml
9 ms. Memory: 51200K Free: 28540K (56%)
----------------- Invoking toplevel() on ptolemy.moml.MoMLSimpleApplication@4d46f97f
----------------- Done invoking toplevel() on ptolemy.moml.MoMLSimpleApplication@4d46f97f
reloadAllAccessors: .ClockDriftChange

===========================================================================================
----------------- testing Sat Jul 25 15:12:08 UTC 2020 /home/travis/build/icyphy/ptII/ptolemy/domains/de/test/auto/ComposableCausalityAnalysis.xml
----------------- Instantiating /home/travis/build/icyphy/ptII/ptolemy/domains/de/test/auto/ComposableCausalityAnalysis.xml
1 ms. Memory: 51200K Free: 22767K (44%)
----------------- Invoking toplevel() on ptolemy.moml.MoMLSimpleApplication@39c09d70
----------------- Done invoking toplevel() on ptolemy.moml.MoMLSimpleApplication@39c09d70
reloadAllAccessors: .ComposableCausalityAnalysis

===========================================================================================
----------------- testing Sat Jul 25 15:12:08 UTC 2020 /home/travis/build/icyphy/ptII/ptolemy/domains/de/test/auto/DEFixedPointLimitation.xml
----------------- Instantiating /home/travis/build/icyphy/ptII/ptolemy/domains/de/test/auto/DEFixedPointLimitation.xml
1 ms. Memory: 51200K Free: 18190K (36%)
----------------- Invoking toplevel() on ptolemy.moml.MoMLSimpleApplication@5e261eda
----------------- Done invoking toplevel() on ptolemy.moml.MoMLSimpleApplication@5e261eda
reloadAllAccessors: .DEFixedPointLimitation

===========================================================================================
----------------- testing Sat Jul 25 15:12:08 UTC 2020 /home/travis/build/icyphy/ptII/ptolemy/domains/de/test/auto/DEScheduleTest.xml
----------------- Instantiating /home/travis/build/icyphy/ptII/ptolemy/domains/de/test/auto/DEScheduleTest.xml
2 ms. Memory: 51200K Free: 14150K (28%)
----------------- Invoking toplevel() on ptolemy.moml.MoMLSimpleApplication@74f48829
----------------- Done invoking toplevel() on ptolemy.moml.MoMLSimpleApplication@74f48829
reloadAllAccessors: .DEScheduleTest

===========================================================================================
----------------- testing Sat Jul 25 15:12:08 UTC 2020 /home/travis/build/icyphy/ptII/ptolemy/domains/de/test/auto/DEinDEwithStartTimes.xml
----------------- Instantiating /home/travis/build/icyphy/ptII/ptolemy/domains/de/test/auto/DEinDEwithStartTimes.xml
2 ms. Memory: 51200K Free: 8445K (16%)
----------------- Invoking toplevel() on ptolemy.moml.MoMLSimpleApplication@5120c32d
----------------- Done invoking toplevel() on ptolemy.moml.MoMLSimpleApplication@5120c32d
reloadAllAccessors: .DEinDEwithStartTimes

===========================================================================================
----------------- testing Sat Jul 25 15:12:08 UTC 2020 /home/travis/build/icyphy/ptII/ptolemy/domains/de/test/auto/DEinDEwithStartTimes2.xml
----------------- Instantiating /home/travis/build/icyphy/ptII/ptolemy/domains/de/test/auto/DEinDEwithStartTimes2.xml
3 ms. Memory: 51200K Free: 29741K (58%)
----------------- Invoking toplevel() on ptolemy.moml.MoMLSimpleApplication@b9844ad
----------------- Done invoking toplevel() on ptolemy.moml.MoMLSimpleApplication@b9844ad
reloadAllAccessors: .DEinDEwithStartTimes2

===========================================================================================
----------------- testing Sat Jul 25 15:12:08 UTC 2020 /home/travis/build/icyphy/ptII/ptolemy/domains/de/test/auto/DateDemo.xml
----------------- Instantiating /home/travis/build/icyphy/ptII/ptolemy/domains/de/test/auto/DateDemo.xml
9 ms. Memory: 51200K Free: 18692K (37%)
----------------- Invoking toplevel() on ptolemy.moml.MoMLSimpleApplication@27e2412e
----------------- Done invoking toplevel() on ptolemy.moml.MoMLSimpleApplication@27e2412e
reloadAllAccessors: .DateDemo

===========================================================================================
----------------- testing Sat Jul 25 15:12:08 UTC 2020 /home/travis/build/icyphy/ptII/ptolemy/domains/de/test/auto/DateToEvent.xml
----------------- Instantiating /home/travis/build/icyphy/ptII/ptolemy/domains/de/test/auto/DateToEvent.xml
2005 ms. Memory: 51200K Free: 29379K (57%)
----------------- Invoking toplevel() on ptolemy.moml.MoMLSimpleApplication@406ddd20
----------------- Done invoking toplevel() on ptolemy.moml.MoMLSimpleApplication@406ddd20
reloadAllAccessors: .DateToEvent

===========================================================================================
----------------- testing Sat Jul 25 15:12:10 UTC 2020 /home/travis/build/icyphy/ptII/ptolemy/domains/de/test/auto/DepthTest1.xml
----------------- Instantiating /home/travis/build/icyphy/ptII/ptolemy/domains/de/test/auto/DepthTest1.xml
2 ms. Memory: 51200K Free: 26581K (52%)
----------------- Invoking toplevel() on ptolemy.moml.MoMLSimpleApplication@d4c97e1
----------------- Done invoking toplevel() on ptolemy.moml.MoMLSimpleApplication@d4c97e1
reloadAllAccessors: .DepthTest1

===========================================================================================
----------------- testing Sat Jul 25 15:12:10 UTC 2020 /home/travis/build/icyphy/ptII/ptolemy/domains/de/test/auto/DepthTest2.xml
----------------- Instantiating /home/travis/build/icyphy/ptII/ptolemy/domains/de/test/auto/DepthTest2.xml
3 ms. Memory: 51200K Free: 20343K (40%)
----------------- Invoking toplevel() on ptolemy.moml.MoMLSimpleApplication@2c18a994
----------------- Done invoking toplevel() on ptolemy.moml.MoMLSimpleApplication@2c18a994
reloadAllAccessors: .DepthTest2

===========================================================================================
----------------- testing Sat Jul 25 15:12:10 UTC 2020 /home/travis/build/icyphy/ptII/ptolemy/domains/de/test/auto/DepthTest3.xml
----------------- Instantiating /home/travis/build/icyphy/ptII/ptolemy/domains/de/test/auto/DepthTest3.xml
1 ms. Memory: 51200K Free: 17326K (34%)
----------------- Invoking toplevel() on ptolemy.moml.MoMLSimpleApplication@6533ebba
----------------- Done invoking toplevel() on ptolemy.moml.MoMLSimpleApplication@6533ebba
reloadAllAccessors: .DepthTest3

===========================================================================================
----------------- testing Sat Jul 25 15:12:10 UTC 2020 /home/travis/build/icyphy/ptII/ptolemy/domains/de/test/auto/DepthTest4.xml
----------------- Instantiating /home/travis/build/icyphy/ptII/ptolemy/domains/de/test/auto/DepthTest4.xml
2 ms. Memory: 51200K Free: 12546K (25%)
----------------- Invoking toplevel() on ptolemy.moml.MoMLSimpleApplication@4650db6e
----------------- Done invoking toplevel() on ptolemy.moml.MoMLSimpleApplication@4650db6e
reloadAllAccessors: .DepthTest4

===========================================================================================
----------------- testing Sat Jul 25 15:12:10 UTC 2020 /home/travis/build/icyphy/ptII/ptolemy/domains/de/test/auto/DepthTest5.xml
----------------- Instantiating /home/travis/build/icyphy/ptII/ptolemy/domains/de/test/auto/DepthTest5.xml
2 ms. Memory: 51200K Free: 34121K (67%)
----------------- Invoking toplevel() on ptolemy.moml.MoMLSimpleApplication@67ce2426
----------------- Done invoking toplevel() on ptolemy.moml.MoMLSimpleApplication@67ce2426
reloadAllAccessors: .DepthTest5

===========================================================================================
----------------- testing Sat Jul 25 15:12:10 UTC 2020 /home/travis/build/icyphy/ptII/ptolemy/domains/de/test/auto/DepthTest6.xml
----------------- Instantiating /home/travis/build/icyphy/ptII/ptolemy/domains/de/test/auto/DepthTest6.xml
2 ms. Memory: 51200K Free: 28834K (56%)
----------------- Invoking toplevel() on ptolemy.moml.MoMLSimpleApplication@426ef6c9
----------------- Done invoking toplevel() on ptolemy.moml.MoMLSimpleApplication@426ef6c9
reloadAllAccessors: .DepthTest6

===========================================================================================
----------------- testing Sat Jul 25 15:12:10 UTC 2020 /home/travis/build/icyphy/ptII/ptolemy/domains/de/test/auto/DepthTest7.xml
----------------- Instantiating /home/travis/build/icyphy/ptII/ptolemy/domains/de/test/auto/DepthTest7.xml
3 ms. Memory: 51200K Free: 23881K (47%)
----------------- Invoking toplevel() on ptolemy.moml.MoMLSimpleApplication@1cad6a5e
----------------- Done invoking toplevel() on ptolemy.moml.MoMLSimpleApplication@1cad6a5e
reloadAllAccessors: .DepthTest7

===========================================================================================
----------------- testing Sat Jul 25 15:12:10 UTC 2020 /home/travis/build/icyphy/ptII/ptolemy/domains/de/test/auto/EventToDate.xml
----------------- Instantiating /home/travis/build/icyphy/ptII/ptolemy/domains/de/test/auto/EventToDate.xml
3003 ms. Memory: 51200K Free: 10571K (21%)
----------------- Invoking toplevel() on ptolemy.moml.MoMLSimpleApplication@64c11b17
----------------- Done invoking toplevel() on ptolemy.moml.MoMLSimpleApplication@64c11b17
reloadAllAccessors: .EventToDate

===========================================================================================
----------------- testing Sat Jul 25 15:12:13 UTC 2020 /home/travis/build/icyphy/ptII/ptolemy/domains/de/test/auto/FSM1.xml
----------------- Instantiating /home/travis/build/icyphy/ptII/ptolemy/domains/de/test/auto/FSM1.xml
24 ms. Memory: 51200K Free: 25112K (49%)
----------------- Invoking toplevel() on ptolemy.moml.MoMLSimpleApplication@2ac27b51
----------------- Done invoking toplevel() on ptolemy.moml.MoMLSimpleApplication@2ac27b51
reloadAllAccessors: .FSM1

===========================================================================================
----------------- testing Sat Jul 25 15:12:13 UTC 2020 /home/travis/build/icyphy/ptII/ptolemy/domains/de/test/auto/FSM7.xml
----------------- Instantiating /home/travis/build/icyphy/ptII/ptolemy/domains/de/test/auto/FSM7.xml
26 ms. Memory: 51200K Free: 12808K (25%)
----------------- Invoking toplevel() on ptolemy.moml.MoMLSimpleApplication@226e3c15
----------------- Done invoking toplevel() on ptolemy.moml.MoMLSimpleApplication@226e3c15
reloadAllAccessors: .FSM7

===========================================================================================
----------------- testing Sat Jul 25 15:12:13 UTC 2020 /home/travis/build/icyphy/ptII/ptolemy/domains/de/test/auto/Inspection.xml
----------------- Instantiating /home/travis/build/icyphy/ptII/ptolemy/domains/de/test/auto/Inspection.xml
13 ms. Memory: 51200K Free: 27010K (53%)
----------------- Invoking toplevel() on ptolemy.moml.MoMLSimpleApplication@5e464ebe
----------------- Done invoking toplevel() on ptolemy.moml.MoMLSimpleApplication@5e464ebe
reloadAllAccessors: .Inspection

===========================================================================================
----------------- testing Sat Jul 25 15:12:13 UTC 2020 /home/travis/build/icyphy/ptII/ptolemy/domains/de/test/auto/Iteration.xml
----------------- Instantiating /home/travis/build/icyphy/ptII/ptolemy/domains/de/test/auto/Iteration.xml
8 ms. Memory: 51200K Free: 19966K (39%)
----------------- Invoking toplevel() on ptolemy.moml.MoMLSimpleApplication@2b3b6ed
----------------- Done invoking toplevel() on ptolemy.moml.MoMLSimpleApplication@2b3b6ed
reloadAllAccessors: .Iteration

===========================================================================================
----------------- testing Sat Jul 25 15:12:13 UTC 2020 /home/travis/build/icyphy/ptII/ptolemy/domains/de/test/auto/LineFault.xml
----------------- Instantiating /home/travis/build/icyphy/ptII/ptolemy/domains/de/test/auto/LineFault.xml
428 ms. Memory: 51200K Free: 33245K (65%)
----------------- Invoking toplevel() on ptolemy.moml.MoMLSimpleApplication@688002b9
----------------- Done invoking toplevel() on ptolemy.moml.MoMLSimpleApplication@688002b9
reloadAllAccessors: .LineFault

===========================================================================================
----------------- testing Sat Jul 25 15:12:14 UTC 2020 /home/travis/build/icyphy/ptII/ptolemy/domains/de/test/auto/MergeModel1Add.xml
----------------- Instantiating /home/travis/build/icyphy/ptII/ptolemy/domains/de/test/auto/MergeModel1Add.xml
6 ms. Memory: 51200K Free: 14330K (28%)
----------------- Invoking toplevel() on ptolemy.moml.MoMLSimpleApplication@38ae5b4f
----------------- Done invoking toplevel() on ptolemy.moml.MoMLSimpleApplication@38ae5b4f
reloadAllAccessors: .MergeModel1Add

===========================================================================================
----------------- testing Sat Jul 25 15:12:14 UTC 2020 /home/travis/build/icyphy/ptII/ptolemy/domains/de/test/auto/MergeModel2Add.xml
----------------- Instantiating /home/travis/build/icyphy/ptII/ptolemy/domains/de/test/auto/MergeModel2Add.xml
5 ms. Memory: 61440K Free: 31539K (51%)
----------------- Invoking toplevel() on ptolemy.moml.MoMLSimpleApplication@43b92e9a
----------------- Done invoking toplevel() on ptolemy.moml.MoMLSimpleApplication@43b92e9a
reloadAllAccessors: .MergeModel2Add

===========================================================================================
----------------- testing Sat Jul 25 15:12:14 UTC 2020 /home/travis/build/icyphy/ptII/ptolemy/domains/de/test/auto/MergeModel3Add.xml
----------------- Instantiating /home/travis/build/icyphy/ptII/ptolemy/domains/de/test/auto/MergeModel3Add.xml
4 ms. Memory: 61440K Free: 42806K (70%)
----------------- Invoking toplevel() on ptolemy.moml.MoMLSimpleApplication@2dd03b70
----------------- Done invoking toplevel() on ptolemy.moml.MoMLSimpleApplication@2dd03b70
reloadAllAccessors: .MergeModel3Add

===========================================================================================
----------------- testing Sat Jul 25 15:12:14 UTC 2020 /home/travis/build/icyphy/ptII/ptolemy/domains/de/test/auto/MergeWithoutDiscard.xml
----------------- Instantiating /home/travis/build/icyphy/ptII/ptolemy/domains/de/test/auto/MergeWithoutDiscard.xml
1 ms. Memory: 61440K Free: 38260K (62%)
----------------- Invoking toplevel() on ptolemy.moml.MoMLSimpleApplication@5b07622c
----------------- Done invoking toplevel() on ptolemy.moml.MoMLSimpleApplication@5b07622c
reloadAllAccessors: .MergeWithoutDiscard

===========================================================================================
----------------- testing Sat Jul 25 15:12:14 UTC 2020 /home/travis/build/icyphy/ptII/ptolemy/domains/de/test/auto/Modal1.xml
----------------- Instantiating /home/travis/build/icyphy/ptII/ptolemy/domains/de/test/auto/Modal1.xml
8 ms. Memory: 61440K Free: 26261K (43%)
----------------- Invoking toplevel() on ptolemy.moml.MoMLSimpleApplication@2b31c781
----------------- Done invoking toplevel() on ptolemy.moml.MoMLSimpleApplication@2b31c781
reloadAllAccessors: .Modal1

===========================================================================================
----------------- testing Sat Jul 25 15:12:14 UTC 2020 /home/travis/build/icyphy/ptII/ptolemy/domains/de/test/auto/Modal2.xml
----------------- Instantiating /home/travis/build/icyphy/ptII/ptolemy/domains/de/test/auto/Modal2.xml
16 ms. Memory: 61440K Free: 42958K (70%)
----------------- Invoking toplevel() on ptolemy.moml.MoMLSimpleApplication@60d53d3b
----------------- Done invoking toplevel() on ptolemy.moml.MoMLSimpleApplication@60d53d3b
reloadAllAccessors: .Modal2

===========================================================================================
----------------- testing Sat Jul 25 15:12:14 UTC 2020 /home/travis/build/icyphy/ptII/ptolemy/domains/de/test/auto/Modal3.xml
----------------- Instantiating /home/travis/build/icyphy/ptII/ptolemy/domains/de/test/auto/Modal3.xml
10 ms. Memory: 61440K Free: 30670K (50%)
----------------- Invoking toplevel() on ptolemy.moml.MoMLSimpleApplication@70e10faa
----------------- Done invoking toplevel() on ptolemy.moml.MoMLSimpleApplication@70e10faa
reloadAllAccessors: .Modal3

===========================================================================================
----------------- testing Sat Jul 25 15:12:14 UTC 2020 /home/travis/build/icyphy/ptII/ptolemy/domains/de/test/auto/Modal4.xml
----------------- Instantiating /home/travis/build/icyphy/ptII/ptolemy/domains/de/test/auto/Modal4.xml
14 ms. Memory: 61440K Free: 17772K (29%)
----------------- Invoking toplevel() on ptolemy.moml.MoMLSimpleApplication@129d224a
----------------- Done invoking toplevel() on ptolemy.moml.MoMLSimpleApplication@129d224a
reloadAllAccessors: .Modal4

===========================================================================================
----------------- testing Sat Jul 25 15:12:14 UTC 2020 /home/travis/build/icyphy/ptII/ptolemy/domains/de/test/auto/Modal5.xml
----------------- Instantiating /home/travis/build/icyphy/ptII/ptolemy/domains/de/test/auto/Modal5.xml
8 ms. Memory: 61440K Free: 34358K (56%)
----------------- Invoking toplevel() on ptolemy.moml.MoMLSimpleApplication@49a8b07e
----------------- Done invoking toplevel() on ptolemy.moml.MoMLSimpleApplication@49a8b07e
reloadAllAccessors: .Modal5

===========================================================================================
----------------- testing Sat Jul 25 15:12:14 UTC 2020 /home/travis/build/icyphy/ptII/ptolemy/domains/de/test/auto/Modal6.xml
----------------- Instantiating /home/travis/build/icyphy/ptII/ptolemy/domains/de/test/auto/Modal6.xml
9 ms. Memory: 61440K Free: 21754K (35%)
----------------- Invoking toplevel() on ptolemy.moml.MoMLSimpleApplication@2b152426
----------------- Done invoking toplevel() on ptolemy.moml.MoMLSimpleApplication@2b152426
reloadAllAccessors: .Modal6

===========================================================================================
----------------- testing Sat Jul 25 15:12:14 UTC 2020 /home/travis/build/icyphy/ptII/ptolemy/domains/de/test/auto/Modal7.xml
----------------- Instantiating /home/travis/build/icyphy/ptII/ptolemy/domains/de/test/auto/Modal7.xml
7 ms. Memory: 61440K Free: 39112K (64%)
----------------- Invoking toplevel() on ptolemy.moml.MoMLSimpleApplication@6b8f4568
----------------- Done invoking toplevel() on ptolemy.moml.MoMLSimpleApplication@6b8f4568
reloadAllAccessors: .Modal7

===========================================================================================
----------------- testing Sat Jul 25 15:12:14 UTC 2020 /home/travis/build/icyphy/ptII/ptolemy/domains/de/test/auto/ModalModel.xml
----------------- Instantiating /home/travis/build/icyphy/ptII/ptolemy/domains/de/test/auto/ModalModel.xml
124 ms. Memory: 61440K Free: 32418K (53%)
----------------- Invoking toplevel() on ptolemy.moml.MoMLSimpleApplication@78cafc27
----------------- Done invoking toplevel() on ptolemy.moml.MoMLSimpleApplication@78cafc27
reloadAllAccessors: .ModalModel

===========================================================================================
----------------- testing Sat Jul 25 15:12:14 UTC 2020 /home/travis/build/icyphy/ptII/ptolemy/domains/de/test/auto/ModalSource.xml
----------------- Instantiating /home/travis/build/icyphy/ptII/ptolemy/domains/de/test/auto/ModalSource.xml
4 ms. Memory: 61440K Free: 23961K (39%)
----------------- Invoking toplevel() on ptolemy.moml.MoMLSimpleApplication@28ef5726
----------------- Done invoking toplevel() on ptolemy.moml.MoMLSimpleApplication@28ef5726
reloadAllAccessors: .ModalSource

===========================================================================================
----------------- testing Sat Jul 25 15:12:14 UTC 2020 /home/travis/build/icyphy/ptII/ptolemy/domains/de/test/auto/NonInterruptibleTimerZeroDelay.xml
----------------- Instantiating /home/travis/build/icyphy/ptII/ptolemy/domains/de/test/auto/NonInterruptibleTimerZeroDelay.xml
2 ms. Memory: 61440K Free: 20221K (33%)
----------------- Invoking toplevel() on ptolemy.moml.MoMLSimpleApplication@160b67f8
----------------- Done invoking toplevel() on ptolemy.moml.MoMLSimpleApplication@160b67f8
reloadAllAccessors: .NonInterruptibleTimerZeroDelay

===========================================================================================
----------------- testing Sat Jul 25 15:12:14 UTC 2020 /home/travis/build/icyphy/ptII/ptolemy/domains/de/test/auto/OpenQueueingNetwork.xml
----------------- Instantiating /home/travis/build/icyphy/ptII/ptolemy/domains/de/test/auto/OpenQueueingNetwork.xml
2134 ms. Memory: 167936K Free: 144864K (86%)
----------------- Invoking toplevel() on ptolemy.moml.MoMLSimpleApplication@d1206a6
----------------- Done invoking toplevel() on ptolemy.moml.MoMLSimpleApplication@d1206a6
reloadAllAccessors: .OpenQueueingNetwork

===========================================================================================
----------------- testing Sat Jul 25 15:12:17 UTC 2020 /home/travis/build/icyphy/ptII/ptolemy/domains/de/test/auto/OpenQueuingNetwork.xml
----------------- Instantiating /home/travis/build/icyphy/ptII/ptolemy/domains/de/test/auto/OpenQueuingNetwork.xml
217 ms. Memory: 167936K Free: 68064K (41%)
----------------- Invoking toplevel() on ptolemy.moml.MoMLSimpleApplication@1056589a
----------------- Done invoking toplevel() on ptolemy.moml.MoMLSimpleApplication@1056589a
reloadAllAccessors: .OpenQueuingNetwork

===========================================================================================
----------------- testing Sat Jul 25 15:12:17 UTC 2020 /home/travis/build/icyphy/ptII/ptolemy/domains/de/test/auto/PeriodicSampler.xml
----------------- Instantiating /home/travis/build/icyphy/ptII/ptolemy/domains/de/test/auto/PeriodicSampler.xml
2 ms. Memory: 167936K Free: 63968K (38%)
----------------- Invoking toplevel() on ptolemy.moml.MoMLSimpleApplication@400823d9
----------------- Done invoking toplevel() on ptolemy.moml.MoMLSimpleApplication@400823d9
reloadAllAccessors: .PeriodicSampler

===========================================================================================
----------------- testing Sat Jul 25 15:12:17 UTC 2020 /home/travis/build/icyphy/ptII/ptolemy/domains/de/test/auto/PersistentIO.xml
----------------- Instantiating /home/travis/build/icyphy/ptII/ptolemy/domains/de/test/auto/PersistentIO.xml
3 ms. Memory: 167936K Free: 144278K (86%)
----------------- Invoking toplevel() on ptolemy.moml.MoMLSimpleApplication@2880f365
----------------- Done invoking toplevel() on ptolemy.moml.MoMLSimpleApplication@2880f365
reloadAllAccessors: .PersistentIO

===========================================================================================
----------------- testing Sat Jul 25 15:12:17 UTC 2020 /home/travis/build/icyphy/ptII/ptolemy/domains/de/test/auto/PortParameterResetOnInitialize.xml
----------------- Instantiating /home/travis/build/icyphy/ptII/ptolemy/domains/de/test/auto/PortParameterResetOnInitialize.xml
2 ms. Memory: 167936K Free: 139662K (83%)
----------------- Invoking toplevel() on ptolemy.moml.MoMLSimpleApplication@5472a2bd
----------------- Done invoking toplevel() on ptolemy.moml.MoMLSimpleApplication@5472a2bd
reloadAllAccessors: .PortParameterResetOnInitialize

===========================================================================================
----------------- testing Sat Jul 25 15:12:17 UTC 2020 /home/travis/build/icyphy/ptII/ptolemy/domains/de/test/auto/PortParameterUpdates.xml
----------------- Instantiating /home/travis/build/icyphy/ptII/ptolemy/domains/de/test/auto/PortParameterUpdates.xml
4 ms. Memory: 167936K Free: 133510K (80%)
----------------- Invoking toplevel() on ptolemy.moml.MoMLSimpleApplication@6dcf0ed
----------------- Done invoking toplevel() on ptolemy.moml.MoMLSimpleApplication@6dcf0ed
reloadAllAccessors: .PortParameterUpdates

===========================================================================================
----------------- testing Sat Jul 25 15:12:17 UTC 2020 /home/travis/build/icyphy/ptII/ptolemy/domains/de/test/auto/QueueAndServer.xml
----------------- Instantiating /home/travis/build/icyphy/ptII/ptolemy/domains/de/test/auto/QueueAndServer.xml
5 ms. Memory: 167936K Free: 125846K (75%)
----------------- Invoking toplevel() on ptolemy.moml.MoMLSimpleApplication@1eac5bfb
----------------- Done invoking toplevel() on ptolemy.moml.MoMLSimpleApplication@1eac5bfb
reloadAllAccessors: .QueueAndServer

===========================================================================================
----------------- testing Sat Jul 25 15:12:17 UTC 2020 /home/travis/build/icyphy/ptII/ptolemy/domains/de/test/auto/Records.xml
----------------- Instantiating /home/travis/build/icyphy/ptII/ptolemy/domains/de/test/auto/Records.xml
4 ms. Memory: 167936K Free: 120212K (72%)
----------------- Invoking toplevel() on ptolemy.moml.MoMLSimpleApplication@65116684
----------------- Done invoking toplevel() on ptolemy.moml.MoMLSimpleApplication@65116684
reloadAllAccessors: .Records

===========================================================================================
----------------- testing Sat Jul 25 15:12:17 UTC 2020 /home/travis/build/icyphy/ptII/ptolemy/domains/de/test/auto/ResetTransitionWithStartTime1.xml
----------------- Instantiating /home/travis/build/icyphy/ptII/ptolemy/domains/de/test/auto/ResetTransitionWithStartTime1.xml
11 ms. Memory: 167936K Free: 112006K (67%)
----------------- Invoking toplevel() on ptolemy.moml.MoMLSimpleApplication@44f10d17
----------------- Done invoking toplevel() on ptolemy.moml.MoMLSimpleApplication@44f10d17
reloadAllAccessors: .ResetTransitionWithStartTime1

===========================================================================================
----------------- testing Sat Jul 25 15:12:17 UTC 2020 /home/travis/build/icyphy/ptII/ptolemy/domains/de/test/auto/ResetTransitionWithStartTime2.xml
----------------- Instantiating /home/travis/build/icyphy/ptII/ptolemy/domains/de/test/auto/ResetTransitionWithStartTime2.xml
10 ms. Memory: 167936K Free: 103814K (62%)
----------------- Invoking toplevel() on ptolemy.moml.MoMLSimpleApplication@42edd044
----------------- Done invoking toplevel() on ptolemy.moml.MoMLSimpleApplication@42edd044
reloadAllAccessors: .ResetTransitionWithStartTime2

===========================================================================================
----------------- testing Sat Jul 25 15:12:17 UTC 2020 /home/travis/build/icyphy/ptII/ptolemy/domains/de/test/auto/ResetTransitionWithStartTime3.xml
----------------- Instantiating /home/travis/build/icyphy/ptII/ptolemy/domains/de/test/auto/ResetTransitionWithStartTime3.xml
6 ms. Memory: 167936K Free: 95622K (57%)
----------------- Invoking toplevel() on ptolemy.moml.MoMLSimpleApplication@482e3148
----------------- Done invoking toplevel() on ptolemy.moml.MoMLSimpleApplication@482e3148
reloadAllAccessors: .ResetTransitionWithStartTime3

===========================================================================================
----------------- testing Sat Jul 25 15:12:17 UTC 2020 /home/travis/build/icyphy/ptII/ptolemy/domains/de/test/auto/ResetTransitionWithStartTime4.xml
----------------- Instantiating /home/travis/build/icyphy/ptII/ptolemy/domains/de/test/auto/ResetTransitionWithStartTime4.xml
4 ms. Memory: 167936K Free: 87958K (52%)
----------------- Invoking toplevel() on ptolemy.moml.MoMLSimpleApplication@2332ebf8
----------------- Done invoking toplevel() on ptolemy.moml.MoMLSimpleApplication@2332ebf8
reloadAllAccessors: .ResetTransitionWithStartTime4

===========================================================================================
----------------- testing Sat Jul 25 15:12:17 UTC 2020 /home/travis/build/icyphy/ptII/ptolemy/domains/de/test/auto/ResettableTimer1.xml
----------------- Instantiating /home/travis/build/icyphy/ptII/ptolemy/domains/de/test/auto/ResettableTimer1.xml
2 ms. Memory: 167936K Free: 83862K (50%)
----------------- Invoking toplevel() on ptolemy.moml.MoMLSimpleApplication@50ad07b7
----------------- Done invoking toplevel() on ptolemy.moml.MoMLSimpleApplication@50ad07b7
reloadAllAccessors: .ResettableTimer1

===========================================================================================
----------------- testing Sat Jul 25 15:12:17 UTC 2020 /home/travis/build/icyphy/ptII/ptolemy/domains/de/test/auto/ResettableTimer2.xml
----------------- Instantiating /home/travis/build/icyphy/ptII/ptolemy/domains/de/test/auto/ResettableTimer2.xml
3 ms. Memory: 167936K Free: 79766K (47%)
----------------- Invoking toplevel() on ptolemy.moml.MoMLSimpleApplication@2b643264
----------------- Done invoking toplevel() on ptolemy.moml.MoMLSimpleApplication@2b643264
reloadAllAccessors: .ResettableTimer2

===========================================================================================
----------------- testing Sat Jul 25 15:12:17 UTC 2020 /home/travis/build/icyphy/ptII/ptolemy/domains/de/test/auto/ResettableTimer3.xml
----------------- Instantiating /home/travis/build/icyphy/ptII/ptolemy/domains/de/test/auto/ResettableTimer3.xml
1 ms. Memory: 167936K Free: 75670K (45%)
----------------- Invoking toplevel() on ptolemy.moml.MoMLSimpleApplication@5f8dcdda
----------------- Done invoking toplevel() on ptolemy.moml.MoMLSimpleApplication@5f8dcdda
reloadAllAccessors: .ResettableTimer3

===========================================================================================
----------------- testing Sat Jul 25 15:12:17 UTC 2020 /home/travis/build/icyphy/ptII/ptolemy/domains/de/test/auto/ResettableTimer4.xml
----------------- Instantiating /home/travis/build/icyphy/ptII/ptolemy/domains/de/test/auto/ResettableTimer4.xml
1 ms. Memory: 167936K Free: 71574K (43%)
----------------- Invoking toplevel() on ptolemy.moml.MoMLSimpleApplication@21981f8d
----------------- Done invoking toplevel() on ptolemy.moml.MoMLSimpleApplication@21981f8d
reloadAllAccessors: .ResettableTimer4

===========================================================================================
----------------- testing Sat Jul 25 15:12:17 UTC 2020 /home/travis/build/icyphy/ptII/ptolemy/domains/de/test/auto/ResettableTimer5.xml
----------------- Instantiating /home/travis/build/icyphy/ptII/ptolemy/domains/de/test/auto/ResettableTimer5.xml
2 ms. Memory: 167936K Free: 67478K (40%)
----------------- Invoking toplevel() on ptolemy.moml.MoMLSimpleApplication@7bbc8bf
----------------- Done invoking toplevel() on ptolemy.moml.MoMLSimpleApplication@7bbc8bf
reloadAllAccessors: .ResettableTimer5

===========================================================================================
----------------- testing Sat Jul 25 15:12:17 UTC 2020 /home/travis/build/icyphy/ptII/ptolemy/domains/de/test/auto/ResettableTimer6.xml
----------------- Instantiating /home/travis/build/icyphy/ptII/ptolemy/domains/de/test/auto/ResettableTimer6.xml
9 ms. Memory: 167936K Free: 62868K (37%)
----------------- Invoking toplevel() on ptolemy.moml.MoMLSimpleApplication@b7eee05
----------------- Done invoking toplevel() on ptolemy.moml.MoMLSimpleApplication@b7eee05
reloadAllAccessors: .ResettableTimer6

===========================================================================================
----------------- testing Sat Jul 25 15:12:17 UTC 2020 /home/travis/build/icyphy/ptII/ptolemy/domains/de/test/auto/ServerZeroDelay.xml
----------------- Instantiating /home/travis/build/icyphy/ptII/ptolemy/domains/de/test/auto/ServerZeroDelay.xml
2 ms. Memory: 167936K Free: 150858K (90%)
----------------- Invoking toplevel() on ptolemy.moml.MoMLSimpleApplication@1b85ebad
----------------- Done invoking toplevel() on ptolemy.moml.MoMLSimpleApplication@1b85ebad
reloadAllAccessors: .ServerZeroDelay

===========================================================================================
----------------- testing Sat Jul 25 15:12:17 UTC 2020 /home/travis/build/icyphy/ptII/ptolemy/domains/de/test/auto/SmartSender.xml
----------------- Instantiating /home/travis/build/icyphy/ptII/ptolemy/domains/de/test/auto/SmartSender.xml
3002 ms. Memory: 167936K Free: 146792K (87%)
----------------- Invoking toplevel() on ptolemy.moml.MoMLSimpleApplication@4ef3beab
----------------- Done invoking toplevel() on ptolemy.moml.MoMLSimpleApplication@4ef3beab
reloadAllAccessors: .SmartSender

===========================================================================================
----------------- testing Sat Jul 25 15:12:20 UTC 2020 /home/travis/build/icyphy/ptII/ptolemy/domains/de/test/auto/ThreadedComposite.xml
----------------- Instantiating /home/travis/build/icyphy/ptII/ptolemy/domains/de/test/auto/ThreadedComposite.xml
108 ms. Memory: 167936K Free: 126312K (75%)
----------------- Invoking toplevel() on ptolemy.moml.MoMLSimpleApplication@187cc0e8
----------------- Done invoking toplevel() on ptolemy.moml.MoMLSimpleApplication@187cc0e8
reloadAllAccessors: .ThreadedComposite

===========================================================================================
----------------- testing Sat Jul 25 15:12:20 UTC 2020 /home/travis/build/icyphy/ptII/ptolemy/domains/de/test/auto/Time.xml
----------------- Instantiating /home/travis/build/icyphy/ptII/ptolemy/domains/de/test/auto/Time.xml
360 ms. Memory: 167936K Free: 73064K (44%)
----------------- Invoking toplevel() on ptolemy.moml.MoMLSimpleApplication@4820b4a3
----------------- Done invoking toplevel() on ptolemy.moml.MoMLSimpleApplication@4820b4a3
reloadAllAccessors: .Time

===========================================================================================
----------------- testing Sat Jul 25 15:12:21 UTC 2020 /home/travis/build/icyphy/ptII/ptolemy/domains/de/test/auto/TimeDelayZeroDelay.xml
----------------- Instantiating /home/travis/build/icyphy/ptII/ptolemy/domains/de/test/auto/TimeDelayZeroDelay.xml
1 ms. Memory: 167936K Free: 68954K (41%)
----------------- Invoking toplevel() on ptolemy.moml.MoMLSimpleApplication@76bf0712
----------------- Done invoking toplevel() on ptolemy.moml.MoMLSimpleApplication@76bf0712
reloadAllAccessors: .TimeDelayZeroDelay

===========================================================================================
----------------- testing Sat Jul 25 15:12:21 UTC 2020 /home/travis/build/icyphy/ptII/ptolemy/domains/de/test/auto/TimerZeroDelay.xml
----------------- Instantiating /home/travis/build/icyphy/ptII/ptolemy/domains/de/test/auto/TimerZeroDelay.xml
3 ms. Memory: 167936K Free: 64872K (39%)
----------------- Invoking toplevel() on ptolemy.moml.MoMLSimpleApplication@3c57e4a9
----------------- Done invoking toplevel() on ptolemy.moml.MoMLSimpleApplication@3c57e4a9
reloadAllAccessors: .TimerZeroDelay

===========================================================================================
----------------- testing Sat Jul 25 15:12:21 UTC 2020 /home/travis/build/icyphy/ptII/ptolemy/domains/de/test/auto/TimingParadox.xml
----------------- Instantiating /home/travis/build/icyphy/ptII/ptolemy/domains/de/test/auto/TimingParadox.xml
271 ms. Memory: 167936K Free: 93530K (56%)
----------------- Invoking toplevel() on ptolemy.moml.MoMLSimpleApplication@74911bce
----------------- Done invoking toplevel() on ptolemy.moml.MoMLSimpleApplication@74911bce
reloadAllAccessors: .TimingParadox

===========================================================================================
----------------- testing Sat Jul 25 15:12:21 UTC 2020 /home/travis/build/icyphy/ptII/ptolemy/domains/de/test/auto/TransferInputs.xml
----------------- Instantiating /home/travis/build/icyphy/ptII/ptolemy/domains/de/test/auto/TransferInputs.xml
2 ms. Memory: 167936K Free: 88890K (53%)
----------------- Invoking toplevel() on ptolemy.moml.MoMLSimpleApplication@7c80aea7
----------------- Done invoking toplevel() on ptolemy.moml.MoMLSimpleApplication@7c80aea7
reloadAllAccessors: .TransferInputs

===========================================================================================
----------------- testing Sat Jul 25 15:12:21 UTC 2020 /home/travis/build/icyphy/ptII/ptolemy/domains/de/test/auto/TransferOutputs2.xml
----------------- Instantiating /home/travis/build/icyphy/ptII/ptolemy/domains/de/test/auto/TransferOutputs2.xml
4 ms. Memory: 167936K Free: 81242K (48%)
----------------- Invoking toplevel() on ptolemy.moml.MoMLSimpleApplication@7be6e45f
----------------- Done invoking toplevel() on ptolemy.moml.MoMLSimpleApplication@7be6e45f
reloadAllAccessors: .TransferOutputs2

===========================================================================================
----------------- testing Sat Jul 25 15:12:21 UTC 2020 /home/travis/build/icyphy/ptII/ptolemy/domains/de/test/auto/Trilateration.xml
----------------- Instantiating /home/travis/build/icyphy/ptII/ptolemy/domains/de/test/auto/Trilateration.xml
10520 ms. Memory: 448512K Free: 408055K (91%)
----------------- Invoking toplevel() on ptolemy.moml.MoMLSimpleApplication@62ae4ad0
----------------- Done invoking toplevel() on ptolemy.moml.MoMLSimpleApplication@62ae4ad0
reloadAllAccessors: .Trilateration

===========================================================================================
----------------- testing Sat Jul 25 15:12:32 UTC 2020 /home/travis/build/icyphy/ptII/ptolemy/domains/de/test/auto/TwoSigmaDelta.xml
----------------- Instantiating /home/travis/build/icyphy/ptII/ptolemy/domains/de/test/auto/TwoSigmaDelta.xml
1717 ms. Memory: 448512K Free: 200183K (45%)
----------------- Invoking toplevel() on ptolemy.moml.MoMLSimpleApplication@2f46df9f
----------------- Done invoking toplevel() on ptolemy.moml.MoMLSimpleApplication@2f46df9f
reloadAllAccessors: .TwoSigmaDelta

===========================================================================================
----------------- testing Sat Jul 25 15:12:34 UTC 2020 /home/travis/build/icyphy/ptII/ptolemy/domains/de/test/auto/VariableDelay.xml
----------------- Instantiating /home/travis/build/icyphy/ptII/ptolemy/domains/de/test/auto/VariableDelay.xml
1 ms. Memory: 448512K Free: 195577K (44%)
----------------- Invoking toplevel() on ptolemy.moml.MoMLSimpleApplication@3f7a98c6
----------------- Done invoking toplevel() on ptolemy.moml.MoMLSimpleApplication@3f7a98c6
reloadAllAccessors: .VariableDelay

===========================================================================================
----------------- testing Sat Jul 25 15:12:34 UTC 2020 /home/travis/build/icyphy/ptII/ptolemy/domains/de/test/auto/VariableDelay2.xml
----------------- Instantiating /home/travis/build/icyphy/ptII/ptolemy/domains/de/test/auto/VariableDelay2.xml
2 ms. Memory: 448512K Free: 190953K (43%)
----------------- Invoking toplevel() on ptolemy.moml.MoMLSimpleApplication@6fb180fa
----------------- Done invoking toplevel() on ptolemy.moml.MoMLSimpleApplication@6fb180fa
reloadAllAccessors: .VariableDelay2

===========================================================================================
----------------- testing Sat Jul 25 15:12:34 UTC 2020 /home/travis/build/icyphy/ptII/ptolemy/domains/de/test/auto/VariableDelayZeroDelay.xml
----------------- Instantiating /home/travis/build/icyphy/ptII/ptolemy/domains/de/test/auto/VariableDelayZeroDelay.xml
4 ms. Memory: 448512K Free: 186871K (42%)
----------------- Invoking toplevel() on ptolemy.moml.MoMLSimpleApplication@712d30c8
----------------- Done invoking toplevel() on ptolemy.moml.MoMLSimpleApplication@712d30c8
reloadAllAccessors: .VariableDelayZeroDelay

===========================================================================================
----------------- testing Sat Jul 25 15:12:34 UTC 2020 /home/travis/build/icyphy/ptII/ptolemy/domains/de/test/auto/VariableDelayZeroDelay2.xml
----------------- Instantiating /home/travis/build/icyphy/ptII/ptolemy/domains/de/test/auto/VariableDelayZeroDelay2.xml
2 ms. Memory: 448512K Free: 182265K (41%)
----------------- Invoking toplevel() on ptolemy.moml.MoMLSimpleApplication@474eb241
----------------- Done invoking toplevel() on ptolemy.moml.MoMLSimpleApplication@474eb241
reloadAllAccessors: .VariableDelayZeroDelay2

===========================================================================================
----------------- testing Sat Jul 25 15:12:34 UTC 2020 /home/travis/build/icyphy/ptII/ptolemy/domains/de/test/auto/deInCt.xml
----------------- Instantiating /home/travis/build/icyphy/ptII/ptolemy/domains/de/test/auto/deInCt.xml
0
1
1
0
0
0
1
1
0
0
0
0
1
1
1
0
0
0
1
1
1
0
0
0
1
1
1
1
1
0
0
0
0
0
0
0
4 ms. Memory: 448512K Free: 177145K (39%)
----------------- Invoking toplevel() on ptolemy.moml.MoMLSimpleApplication@5cea491b
----------------- Done invoking toplevel() on ptolemy.moml.MoMLSimpleApplication@5cea491b
reloadAllAccessors: .deInCt

===========================================================================================
----------------- testing Sat Jul 25 15:12:34 UTC 2020 /home/travis/build/icyphy/ptII/ptolemy/domains/de/test/auto/deInCt2.xml
----------------- Instantiating /home/travis/build/icyphy/ptII/ptolemy/domains/de/test/auto/deInCt2.xml
0
1
1
1
0
0
1
1
1
0
0
1
1
1
0
0
1
1
1
0
0
1
1
1
0
0
1
1
1
0
0
1
1
1
0
0
1
1
1
0
0
0
8 ms. Memory: 448512K Free: 172025K (38%)
----------------- Invoking toplevel() on ptolemy.moml.MoMLSimpleApplication@179126bd
----------------- Done invoking toplevel() on ptolemy.moml.MoMLSimpleApplication@179126bd
reloadAllAccessors: .deInCt2

===========================================================================================
----------------- testing Sat Jul 25 15:12:34 UTC 2020 /home/travis/build/icyphy/ptII/ptolemy/domains/de/test/auto/dynamicCausalityInterface1.xml
----------------- Instantiating /home/travis/build/icyphy/ptII/ptolemy/domains/de/test/auto/dynamicCausalityInterface1.xml
1 ms. Memory: 448512K Free: 162809K (36%)
----------------- Invoking toplevel() on ptolemy.moml.MoMLSimpleApplication@5dd5496f
----------------- Done invoking toplevel() on ptolemy.moml.MoMLSimpleApplication@5dd5496f
reloadAllAccessors: .dynamicCausalityInterface1

===========================================================================================
----------------- testing Sat Jul 25 15:12:34 UTC 2020 /home/travis/build/icyphy/ptII/ptolemy/domains/de/test/auto/fsm_de_test.xml
----------------- Instantiating /home/travis/build/icyphy/ptII/ptolemy/domains/de/test/auto/fsm_de_test.xml
5 ms. Memory: 448512K Free: 153593K (34%)
----------------- Invoking toplevel() on ptolemy.moml.MoMLSimpleApplication@7f5af9a2
----------------- Done invoking toplevel() on ptolemy.moml.MoMLSimpleApplication@7f5af9a2
reloadAllAccessors: .fsm_de_test

===========================================================================================
----------------- testing Sat Jul 25 15:12:34 UTC 2020 /home/travis/build/icyphy/ptII/ptolemy/domains/de/test/auto/functionDependencyReconstruction.xml
----------------- Instantiating /home/travis/build/icyphy/ptII/ptolemy/domains/de/test/auto/functionDependencyReconstruction.xml
2 ms. Memory: 448512K Free: 406231K (91%)
----------------- Invoking toplevel() on ptolemy.moml.MoMLSimpleApplication@61009cd2
----------------- Done invoking toplevel() on ptolemy.moml.MoMLSimpleApplication@61009cd2
reloadAllAccessors: .functionDependencyReconstruction

===========================================================================================
----------------- testing Sat Jul 25 15:12:34 UTC 2020 /home/travis/build/icyphy/ptII/ptolemy/domains/de/test/auto/multirate.xml
----------------- Instantiating /home/travis/build/icyphy/ptII/ptolemy/domains/de/test/auto/multirate.xml
7 ms. Memory: 448512K Free: 399577K (89%)
----------------- Invoking toplevel() on ptolemy.moml.MoMLSimpleApplication@201197d8
----------------- Done invoking toplevel() on ptolemy.moml.MoMLSimpleApplication@201197d8
reloadAllAccessors: .multirate

===========================================================================================
----------------- testing Sat Jul 25 15:12:34 UTC 2020 /home/travis/build/icyphy/ptII/ptolemy/domains/de/test/auto/multirate2.xml
----------------- Instantiating /home/travis/build/icyphy/ptII/ptolemy/domains/de/test/auto/multirate2.xml
3 ms. Memory: 448512K Free: 392889K (88%)
----------------- Invoking toplevel() on ptolemy.moml.MoMLSimpleApplication@27d5f922
----------------- Done invoking toplevel() on ptolemy.moml.MoMLSimpleApplication@27d5f922
reloadAllAccessors: .multirate2

===========================================================================================
----------------- testing Sat Jul 25 15:12:34 UTC 2020 /home/travis/build/icyphy/ptII/ptolemy/domains/de/test/auto/realtime.xml
----------------- Instantiating /home/travis/build/icyphy/ptII/ptolemy/domains/de/test/auto/realtime.xml
10002 ms. Memory: 448512K Free: 387799K (86%)
----------------- Invoking toplevel() on ptolemy.moml.MoMLSimpleApplication@41927a97
----------------- Done invoking toplevel() on ptolemy.moml.MoMLSimpleApplication@41927a97
reloadAllAccessors: .realtime

===========================================================================================
----------------- testing Sat Jul 25 15:12:44 UTC 2020 /home/travis/build/icyphy/ptII/ptolemy/domains/de/test/auto/relationGroup.xml
----------------- Instantiating /home/travis/build/icyphy/ptII/ptolemy/domains/de/test/auto/relationGroup.xml
2 ms. Memory: 448512K Free: 384217K (86%)
----------------- Invoking toplevel() on ptolemy.moml.MoMLSimpleApplication@20d27236
----------------- Done invoking toplevel() on ptolemy.moml.MoMLSimpleApplication@20d27236
reloadAllAccessors: .relationGroup

===========================================================================================
----------------- testing Sat Jul 25 15:12:44 UTC 2020 /home/travis/build/icyphy/ptII/ptolemy/domains/de/test/auto/relationGroup2.xml
----------------- Instantiating /home/travis/build/icyphy/ptII/ptolemy/domains/de/test/auto/relationGroup2.xml
2 ms. Memory: 448512K Free: 380631K (85%)
----------------- Invoking toplevel() on ptolemy.moml.MoMLSimpleApplication@76956284
----------------- Done invoking toplevel() on ptolemy.moml.MoMLSimpleApplication@76956284
reloadAllAccessors: .relationGroup2

===========================================================================================
----------------- testing Sat Jul 25 15:12:44 UTC 2020 /home/travis/build/icyphy/ptII/ptolemy/domains/de/test/auto/sortWithOpaquePorts.xml
----------------- Instantiating /home/travis/build/icyphy/ptII/ptolemy/domains/de/test/auto/sortWithOpaquePorts.xml
1 ms. Memory: 448512K Free: 376025K (84%)
----------------- Invoking toplevel() on ptolemy.moml.MoMLSimpleApplication@e8e52de
----------------- Done invoking toplevel() on ptolemy.moml.MoMLSimpleApplication@e8e52de
reloadAllAccessors: .sortWithOpaquePorts

===========================================================================================
----------------- testing Sat Jul 25 15:12:44 UTC 2020 /home/travis/build/icyphy/ptII/ptolemy/domains/de/test/auto/transferInputsandOutputs.xml
----------------- Instantiating /home/travis/build/icyphy/ptII/ptolemy/domains/de/test/auto/transferInputsandOutputs.xml
1 ms. Memory: 448512K Free: 368857K (82%)
----------------- Invoking toplevel() on ptolemy.moml.MoMLSimpleApplication@77c020ba
----------------- Done invoking toplevel() on ptolemy.moml.MoMLSimpleApplication@77c020ba
reloadAllAccessors: .transferInputsandOutputs

===========================================================================================
----------------- testing Sat Jul 25 15:12:45 UTC 2020 /home/travis/build/icyphy/ptII/ptolemy/domains/de/test/auto/triggerType.xml
----------------- Instantiating /home/travis/build/icyphy/ptII/ptolemy/domains/de/test/auto/triggerType.xml
1 ms. Memory: 448512K Free: 364761K (81%)
----------------- Invoking toplevel() on ptolemy.moml.MoMLSimpleApplication@11814a97
----------------- Done invoking toplevel() on ptolemy.moml.MoMLSimpleApplication@11814a97
reloadAllAccessors: .triggerType
AutoTests.java: About to close Vertx.
AutoTests.java: Vertx closed.
]]></system-out>
  <system-err><![CDATA[java.lang.RuntimeException: Execution failed
	at ptolemy.moml.MoMLSimpleApplication$UnloadThread.run(MoMLSimpleApplication.java:402)
Caused by: ptolemy.kernel.util.IllegalActionException: Found a zero delay loop containing .dependencyLoop.original
  in .dependencyLoop and .dependencyLoop.original
	at ptolemy.actor.util.CausalityInterfaceForComposites._computeOutputPortDepth(CausalityInterfaceForComposites.java:759)
	at ptolemy.actor.util.CausalityInterfaceForComposites._computeInputDepth(CausalityInterfaceForComposites.java:696)
	at ptolemy.actor.util.CausalityInterfaceForComposites._computeOutputPortDepth(CausalityInterfaceForComposites.java:765)
	at ptolemy.actor.util.CausalityInterfaceForComposites._computeInputDepth(CausalityInterfaceForComposites.java:696)
	at ptolemy.actor.util.CausalityInterfaceForComposites._computeOutputPortDepth(CausalityInterfaceForComposites.java:765)
	at ptolemy.actor.util.CausalityInterfaceForComposites._computeInputDepth(CausalityInterfaceForComposites.java:696)
	at ptolemy.actor.util.CausalityInterfaceForComposites._computeActorDepth(CausalityInterfaceForComposites.java:532)
	at ptolemy.actor.util.CausalityInterfaceForComposites.checkForCycles(CausalityInterfaceForComposites.java:96)
	at ptolemy.domains.de.kernel.DEDirector.preinitialize(DEDirector.java:1338)
	at ptolemy.actor.CompositeActor.preinitialize(CompositeActor.java:1828)
	at ptolemy.actor.Manager.preinitializeAndResolveTypes(Manager.java:1040)
	at ptolemy.actor.Manager.initialize(Manager.java:710)
	at ptolemy.actor.Manager.execute(Manager.java:356)
	at ptolemy.actor.Manager.run(Manager.java:1263)
	at ptolemy.actor.Manager$PtolemyRunThread.run(Manager.java:1933)
java.lang.RuntimeException: Execution failed
	at ptolemy.moml.MoMLSimpleApplication$UnloadThread.run(MoMLSimpleApplication.java:402)
Caused by: ptolemy.kernel.util.IllegalActionException: Found a zero delay loop containing .dependencyLoop2.original
  in .dependencyLoop2 and .dependencyLoop2.original
	at ptolemy.actor.util.CausalityInterfaceForComposites._computeOutputPortDepth(CausalityInterfaceForComposites.java:759)
	at ptolemy.actor.util.CausalityInterfaceForComposites._computeInputDepth(CausalityInterfaceForComposites.java:696)
	at ptolemy.actor.util.CausalityInterfaceForComposites._computeOutputPortDepth(CausalityInterfaceForComposites.java:765)
	at ptolemy.actor.util.CausalityInterfaceForComposites._computeInputDepth(CausalityInterfaceForComposites.java:696)
	at ptolemy.actor.util.CausalityInterfaceForComposites._computeOutputPortDepth(CausalityInterfaceForComposites.java:765)
	at ptolemy.actor.util.CausalityInterfaceForComposites._computeInputDepth(CausalityInterfaceForComposites.java:696)
	at ptolemy.actor.util.CausalityInterfaceForComposites._computeActorDepth(CausalityInterfaceForComposites.java:532)
	at ptolemy.actor.util.CausalityInterfaceForComposites.checkForCycles(CausalityInterfaceForComposites.java:96)
	at ptolemy.domains.de.kernel.DEDirector.preinitialize(DEDirector.java:1338)
	at ptolemy.actor.CompositeActor.preinitialize(CompositeActor.java:1828)
	at ptolemy.actor.Manager.preinitializeAndResolveTypes(Manager.java:1040)
	at ptolemy.actor.Manager.initialize(Manager.java:710)
	at ptolemy.actor.Manager.execute(Manager.java:356)
	at ptolemy.actor.Manager.run(Manager.java:1263)
	at ptolemy.actor.Manager$PtolemyRunThread.run(Manager.java:1933)
java.lang.RuntimeException: Execution failed
	at ptolemy.moml.MoMLSimpleApplication$UnloadThread.run(MoMLSimpleApplication.java:402)
Caused by: ptolemy.kernel.util.IllegalActionException: Test fails in iteration 1.
Value was: 1.0. Should have been: 2.0
  in .DirectFeedback.Test
	at ptolemy.actor.lib.Test.fire(Test.java:268)
	at ptolemy.domains.de.kernel.DEDirector._fire(DEDirector.java:1949)
	at ptolemy.domains.de.kernel.DEDirector.fire(DEDirector.java:502)
	at ptolemy.actor.CompositeActor.fire(CompositeActor.java:455)
	at ptolemy.actor.Manager.iterate(Manager.java:851)
	at ptolemy.actor.Manager.execute(Manager.java:369)
	at ptolemy.actor.Manager.run(Manager.java:1263)
	at ptolemy.actor.Manager$PtolemyRunThread.run(Manager.java:1933)
java.lang.RuntimeException: Execution failed
	at ptolemy.moml.MoMLSimpleApplication$UnloadThread.run(MoMLSimpleApplication.java:402)
Caused by: ptolemy.kernel.util.IllegalActionException: Found a zero delay loop containing .dependencyLoop.original
  in .dependencyLoop and .dependencyLoop.original
	at ptolemy.actor.util.CausalityInterfaceForComposites._computeOutputPortDepth(CausalityInterfaceForComposites.java:759)
	at ptolemy.actor.util.CausalityInterfaceForComposites._computeInputDepth(CausalityInterfaceForComposites.java:696)
	at ptolemy.actor.util.CausalityInterfaceForComposites._computeOutputPortDepth(CausalityInterfaceForComposites.java:765)
	at ptolemy.actor.util.CausalityInterfaceForComposites._computeInputDepth(CausalityInterfaceForComposites.java:696)
	at ptolemy.actor.util.CausalityInterfaceForComposites._computeOutputPortDepth(CausalityInterfaceForComposites.java:765)
	at ptolemy.actor.util.CausalityInterfaceForComposites._computeInputDepth(CausalityInterfaceForComposites.java:696)
	at ptolemy.actor.util.CausalityInterfaceForComposites._computeActorDepth(CausalityInterfaceForComposites.java:532)
	at ptolemy.actor.util.CausalityInterfaceForComposites.checkForCycles(CausalityInterfaceForComposites.java:96)
	at ptolemy.domains.de.kernel.DEDirector.preinitialize(DEDirector.java:1338)
	at ptolemy.actor.CompositeActor.preinitialize(CompositeActor.java:1828)
	at ptolemy.actor.Manager.preinitializeAndResolveTypes(Manager.java:1040)
	at ptolemy.actor.Manager.initialize(Manager.java:710)
	at ptolemy.actor.Manager.execute(Manager.java:356)
	at ptolemy.actor.Manager.run(Manager.java:1263)
	at ptolemy.actor.Manager$PtolemyRunThread.run(Manager.java:1933)
java.lang.RuntimeException: Execution failed
	at ptolemy.moml.MoMLSimpleApplication$UnloadThread.run(MoMLSimpleApplication.java:402)
Caused by: ptolemy.kernel.util.IllegalActionException: Found a zero delay loop containing .HierarchicalModel.A
  in .HierarchicalModel and .HierarchicalModel.A
	at ptolemy.actor.util.CausalityInterfaceForComposites._computeOutputPortDepth(CausalityInterfaceForComposites.java:759)
	at ptolemy.actor.util.CausalityInterfaceForComposites._computeInputDepth(CausalityInterfaceForComposites.java:696)
	at ptolemy.actor.util.CausalityInterfaceForComposites._computeOutputPortDepth(CausalityInterfaceForComposites.java:765)
	at ptolemy.actor.util.CausalityInterfaceForComposites._computeInputDepth(CausalityInterfaceForComposites.java:696)
	at ptolemy.actor.util.CausalityInterfaceForComposites._computeOutputPortDepth(CausalityInterfaceForComposites.java:765)
	at ptolemy.actor.util.CausalityInterfaceForComposites._computeInputDepth(CausalityInterfaceForComposites.java:696)
	at ptolemy.actor.util.CausalityInterfaceForComposites._computeActorDepth(CausalityInterfaceForComposites.java:532)
	at ptolemy.actor.util.CausalityInterfaceForComposites.checkForCycles(CausalityInterfaceForComposites.java:96)
	at ptolemy.domains.de.kernel.DEDirector.preinitialize(DEDirector.java:1338)
	at ptolemy.actor.CompositeActor.preinitialize(CompositeActor.java:1828)
	at ptolemy.actor.Manager.preinitializeAndResolveTypes(Manager.java:1040)
	at ptolemy.actor.Manager.initialize(Manager.java:710)
	at ptolemy.actor.Manager.execute(Manager.java:356)
	at ptolemy.actor.Manager.run(Manager.java:1263)
	at ptolemy.actor.Manager$PtolemyRunThread.run(Manager.java:1933)
java.lang.RuntimeException: Execution failed
	at ptolemy.moml.MoMLSimpleApplication$UnloadThread.run(MoMLSimpleApplication.java:402)
Caused by: ptolemy.kernel.util.IllegalActionException: Found a zero delay loop containing .dependencyLoop2.original
  in .dependencyLoop2 and .dependencyLoop2.original
	at ptolemy.actor.util.CausalityInterfaceForComposites._computeOutputPortDepth(CausalityInterfaceForComposites.java:759)
	at ptolemy.actor.util.CausalityInterfaceForComposites._computeInputDepth(CausalityInterfaceForComposites.java:696)
	at ptolemy.actor.util.CausalityInterfaceForComposites._computeOutputPortDepth(CausalityInterfaceForComposites.java:765)
	at ptolemy.actor.util.CausalityInterfaceForComposites._computeInputDepth(CausalityInterfaceForComposites.java:696)
	at ptolemy.actor.util.CausalityInterfaceForComposites._computeOutputPortDepth(CausalityInterfaceForComposites.java:765)
	at ptolemy.actor.util.CausalityInterfaceForComposites._computeInputDepth(CausalityInterfaceForComposites.java:696)
	at ptolemy.actor.util.CausalityInterfaceForComposites._computeActorDepth(CausalityInterfaceForComposites.java:532)
	at ptolemy.actor.util.CausalityInterfaceForComposites.checkForCycles(CausalityInterfaceForComposites.java:96)
	at ptolemy.domains.de.kernel.DEDirector.preinitialize(DEDirector.java:1338)
	at ptolemy.actor.CompositeActor.preinitialize(CompositeActor.java:1828)
	at ptolemy.actor.Manager.preinitializeAndResolveTypes(Manager.java:1040)
	at ptolemy.actor.Manager.initialize(Manager.java:710)
	at ptolemy.actor.Manager.execute(Manager.java:356)
	at ptolemy.actor.Manager.run(Manager.java:1263)
	at ptolemy.actor.Manager$PtolemyRunThread.run(Manager.java:1933)
java.lang.RuntimeException: Execution failed
	at ptolemy.moml.MoMLSimpleApplication$UnloadThread.run(MoMLSimpleApplication.java:402)
Caused by: ptolemy.kernel.util.IllegalActionException: Actor is not ready to fire.  Perhaps UpSample.prefire() returned false? Try debugging the actor by selecting "Listen to Actor".  Also, for SDF check moml for tokenConsumptionRate on input.
  in .DESDFClockTest.Play Bell.Copy1:SDF Director and .DESDFClockTest.Play Bell.UpSample
	at ptolemy.actor.sched.StaticSchedulingDirector.fire(StaticSchedulingDirector.java:227)
	at ptolemy.domains.sdf.kernel.SDFDirector.fire(SDFDirector.java:500)
	at ptolemy.actor.CompositeActor.fire(CompositeActor.java:455)
	at ptolemy.domains.de.kernel.DEDirector._fire(DEDirector.java:1949)
	at ptolemy.domains.de.kernel.DEDirector.fire(DEDirector.java:502)
	at ptolemy.actor.CompositeActor.fire(CompositeActor.java:455)
	at ptolemy.actor.Manager.iterate(Manager.java:851)
	at ptolemy.actor.Manager.execute(Manager.java:369)
	at ptolemy.actor.Manager.run(Manager.java:1263)
	at ptolemy.actor.Manager$PtolemyRunThread.run(Manager.java:1933)
java.lang.RuntimeException: Execution failed
	at ptolemy.moml.MoMLSimpleApplication$UnloadThread.run(MoMLSimpleApplication.java:402)
Caused by: ptolemy.kernel.util.IllegalActionException: Actor is not ready to fire.  Perhaps UpSample.prefire() returned false? Try debugging the actor by selecting "Listen to Actor".  Also, for SDF check moml for tokenConsumptionRate on input.
  in .DESDFClockTest.Play Bell.Copy1:SDF Director and .DESDFClockTest.Play Bell.UpSample
	at ptolemy.actor.sched.StaticSchedulingDirector.fire(StaticSchedulingDirector.java:227)
	at ptolemy.domains.sdf.kernel.SDFDirector.fire(SDFDirector.java:500)
	at ptolemy.actor.CompositeActor.fire(CompositeActor.java:455)
	at ptolemy.domains.de.kernel.DEDirector._fire(DEDirector.java:1949)
	at ptolemy.domains.de.kernel.DEDirector.fire(DEDirector.java:502)
	at ptolemy.actor.CompositeActor.fire(CompositeActor.java:455)
	at ptolemy.actor.Manager.iterate(Manager.java:851)
	at ptolemy.actor.Manager.execute(Manager.java:369)
	at ptolemy.actor.Manager.run(Manager.java:1263)
	at ptolemy.actor.Manager$PtolemyRunThread.run(Manager.java:1933)
java.lang.reflect.InvocationTargetException
	at java.base/jdk.internal.reflect.NativeConstructorAccessorImpl.newInstance0(Native Method)
	at java.base/jdk.internal.reflect.NativeConstructorAccessorImpl.newInstance(NativeConstructorAccessorImpl.java:62)
	at java.base/jdk.internal.reflect.DelegatingConstructorAccessorImpl.newInstance(DelegatingConstructorAccessorImpl.java:45)
	at java.base/java.lang.reflect.Constructor.newInstance(Constructor.java:490)
	at ptolemy.util.test.junit.AutoKnownFailedTests.RunModel(AutoKnownFailedTests.java:105)
	at java.base/jdk.internal.reflect.NativeMethodAccessorImpl.invoke0(Native Method)
	at java.base/jdk.internal.reflect.NativeMethodAccessorImpl.invoke(NativeMethodAccessorImpl.java:62)
	at java.base/jdk.internal.reflect.DelegatingMethodAccessorImpl.invoke(DelegatingMethodAccessorImpl.java:43)
	at java.base/java.lang.reflect.Method.invoke(Method.java:566)
	at org.junit.runners.model.FrameworkMethod$1.runReflectiveCall(FrameworkMethod.java:44)
	at org.junit.internal.runners.model.ReflectiveCallable.run(ReflectiveCallable.java:15)
	at org.junit.runners.model.FrameworkMethod.invokeExplosively(FrameworkMethod.java:41)
	at junitparams.internal.InvokeParameterisedMethod.evaluate(InvokeParameterisedMethod.java:102)
	at org.junit.internal.runners.statements.FailOnTimeout$1.run(FailOnTimeout.java:28)
Caused by: ptolemy.kernel.util.IllegalActionException: Actor is not ready to fire.  Perhaps UpSample.prefire() returned false? Try debugging the actor by selecting "Listen to Actor".  Also, for SDF check moml for tokenConsumptionRate on input.
  in .DESDFClockTest.Play Bell.Copy1:SDF Director and .DESDFClockTest.Play Bell.UpSample
	at ptolemy.actor.sched.StaticSchedulingDirector.fire(StaticSchedulingDirector.java:227)
	at ptolemy.domains.sdf.kernel.SDFDirector.fire(SDFDirector.java:500)
	at ptolemy.actor.CompositeActor.fire(CompositeActor.java:455)
	at ptolemy.domains.de.kernel.DEDirector._fire(DEDirector.java:1949)
	at ptolemy.domains.de.kernel.DEDirector.fire(DEDirector.java:502)
	at ptolemy.actor.CompositeActor.fire(CompositeActor.java:455)
	at ptolemy.actor.Manager.iterate(Manager.java:851)
	at ptolemy.actor.Manager.execute(Manager.java:369)
	at ptolemy.actor.Manager.run(Manager.java:1263)
	at ptolemy.actor.Manager$PtolemyRunThread.run(Manager.java:1933)
java.lang.RuntimeException: Execution failed
	at ptolemy.moml.MoMLSimpleApplication$UnloadThread.run(MoMLSimpleApplication.java:402)
Caused by: ptolemy.kernel.util.IllegalActionException: Test fails in iteration 1.
Value was: 1.0. Should have been: 2.0
  in .DirectFeedback.Test
	at ptolemy.actor.lib.Test.fire(Test.java:268)
	at ptolemy.domains.de.kernel.DEDirector._fire(DEDirector.java:1949)
	at ptolemy.domains.de.kernel.DEDirector.fire(DEDirector.java:502)
	at ptolemy.actor.CompositeActor.fire(CompositeActor.java:455)
	at ptolemy.actor.Manager.iterate(Manager.java:851)
	at ptolemy.actor.Manager.execute(Manager.java:369)
	at ptolemy.actor.Manager.run(Manager.java:1263)
	at ptolemy.actor.Manager$PtolemyRunThread.run(Manager.java:1933)
java.lang.reflect.InvocationTargetException
	at java.base/jdk.internal.reflect.NativeConstructorAccessorImpl.newInstance0(Native Method)
	at java.base/jdk.internal.reflect.NativeConstructorAccessorImpl.newInstance(NativeConstructorAccessorImpl.java:62)
	at java.base/jdk.internal.reflect.DelegatingConstructorAccessorImpl.newInstance(DelegatingConstructorAccessorImpl.java:45)
	at java.base/java.lang.reflect.Constructor.newInstance(Constructor.java:490)
	at ptolemy.util.test.junit.AutoKnownFailedTests.RunModel(AutoKnownFailedTests.java:105)
	at java.base/jdk.internal.reflect.NativeMethodAccessorImpl.invoke0(Native Method)
	at java.base/jdk.internal.reflect.NativeMethodAccessorImpl.invoke(NativeMethodAccessorImpl.java:62)
	at java.base/jdk.internal.reflect.DelegatingMethodAccessorImpl.invoke(DelegatingMethodAccessorImpl.java:43)
	at java.base/java.lang.reflect.Method.invoke(Method.java:566)
	at org.junit.runners.model.FrameworkMethod$1.runReflectiveCall(FrameworkMethod.java:44)
	at org.junit.internal.runners.model.ReflectiveCallable.run(ReflectiveCallable.java:15)
	at org.junit.runners.model.FrameworkMethod.invokeExplosively(FrameworkMethod.java:41)
	at junitparams.internal.InvokeParameterisedMethod.evaluate(InvokeParameterisedMethod.java:102)
	at org.junit.internal.runners.statements.FailOnTimeout$1.run(FailOnTimeout.java:28)
Caused by: ptolemy.kernel.util.IllegalActionException: Test fails in iteration 1.
Value was: 1.0. Should have been: 2.0
  in .DirectFeedback.Test
	at ptolemy.actor.lib.Test.fire(Test.java:268)
	at ptolemy.domains.de.kernel.DEDirector._fire(DEDirector.java:1949)
	at ptolemy.domains.de.kernel.DEDirector.fire(DEDirector.java:502)
	at ptolemy.actor.CompositeActor.fire(CompositeActor.java:455)
	at ptolemy.actor.Manager.iterate(Manager.java:851)
	at ptolemy.actor.Manager.execute(Manager.java:369)
	at ptolemy.actor.Manager.run(Manager.java:1263)
	at ptolemy.actor.Manager$PtolemyRunThread.run(Manager.java:1933)
java.lang.RuntimeException: Execution failed
	at ptolemy.moml.MoMLSimpleApplication$UnloadThread.run(MoMLSimpleApplication.java:402)
Caused by: ptolemy.kernel.util.IllegalActionException: Found a zero delay loop containing .HierarchicalModel.A
  in .HierarchicalModel and .HierarchicalModel.A
	at ptolemy.actor.util.CausalityInterfaceForComposites._computeOutputPortDepth(CausalityInterfaceForComposites.java:759)
	at ptolemy.actor.util.CausalityInterfaceForComposites._computeInputDepth(CausalityInterfaceForComposites.java:696)
	at ptolemy.actor.util.CausalityInterfaceForComposites._computeOutputPortDepth(CausalityInterfaceForComposites.java:765)
	at ptolemy.actor.util.CausalityInterfaceForComposites._computeInputDepth(CausalityInterfaceForComposites.java:696)
	at ptolemy.actor.util.CausalityInterfaceForComposites._computeOutputPortDepth(CausalityInterfaceForComposites.java:765)
	at ptolemy.actor.util.CausalityInterfaceForComposites._computeInputDepth(CausalityInterfaceForComposites.java:696)
	at ptolemy.actor.util.CausalityInterfaceForComposites._computeActorDepth(CausalityInterfaceForComposites.java:532)
	at ptolemy.actor.util.CausalityInterfaceForComposites.checkForCycles(CausalityInterfaceForComposites.java:96)
	at ptolemy.domains.de.kernel.DEDirector.preinitialize(DEDirector.java:1338)
	at ptolemy.actor.CompositeActor.preinitialize(CompositeActor.java:1828)
	at ptolemy.actor.Manager.preinitializeAndResolveTypes(Manager.java:1040)
	at ptolemy.actor.Manager.initialize(Manager.java:710)
	at ptolemy.actor.Manager.execute(Manager.java:356)
	at ptolemy.actor.Manager.run(Manager.java:1263)
	at ptolemy.actor.Manager$PtolemyRunThread.run(Manager.java:1933)
java.lang.reflect.InvocationTargetException
	at java.base/jdk.internal.reflect.NativeConstructorAccessorImpl.newInstance0(Native Method)
	at java.base/jdk.internal.reflect.NativeConstructorAccessorImpl.newInstance(NativeConstructorAccessorImpl.java:62)
	at java.base/jdk.internal.reflect.DelegatingConstructorAccessorImpl.newInstance(DelegatingConstructorAccessorImpl.java:45)
	at java.base/java.lang.reflect.Constructor.newInstance(Constructor.java:490)
	at ptolemy.util.test.junit.AutoKnownFailedTests.RunModel(AutoKnownFailedTests.java:105)
	at java.base/jdk.internal.reflect.NativeMethodAccessorImpl.invoke0(Native Method)
	at java.base/jdk.internal.reflect.NativeMethodAccessorImpl.invoke(NativeMethodAccessorImpl.java:62)
	at java.base/jdk.internal.reflect.DelegatingMethodAccessorImpl.invoke(DelegatingMethodAccessorImpl.java:43)
	at java.base/java.lang.reflect.Method.invoke(Method.java:566)
	at org.junit.runners.model.FrameworkMethod$1.runReflectiveCall(FrameworkMethod.java:44)
	at org.junit.internal.runners.model.ReflectiveCallable.run(ReflectiveCallable.java:15)
	at org.junit.runners.model.FrameworkMethod.invokeExplosively(FrameworkMethod.java:41)
	at junitparams.internal.InvokeParameterisedMethod.evaluate(InvokeParameterisedMethod.java:102)
	at org.junit.internal.runners.statements.FailOnTimeout$1.run(FailOnTimeout.java:28)
Caused by: ptolemy.kernel.util.IllegalActionException: Found a zero delay loop containing .HierarchicalModel.A
  in .HierarchicalModel and .HierarchicalModel.A
	at ptolemy.actor.util.CausalityInterfaceForComposites._computeOutputPortDepth(CausalityInterfaceForComposites.java:759)
	at ptolemy.actor.util.CausalityInterfaceForComposites._computeInputDepth(CausalityInterfaceForComposites.java:696)
	at ptolemy.actor.util.CausalityInterfaceForComposites._computeOutputPortDepth(CausalityInterfaceForComposites.java:765)
	at ptolemy.actor.util.CausalityInterfaceForComposites._computeInputDepth(CausalityInterfaceForComposites.java:696)
	at ptolemy.actor.util.CausalityInterfaceForComposites._computeOutputPortDepth(CausalityInterfaceForComposites.java:765)
	at ptolemy.actor.util.CausalityInterfaceForComposites._computeInputDepth(CausalityInterfaceForComposites.java:696)
	at ptolemy.actor.util.CausalityInterfaceForComposites._computeActorDepth(CausalityInterfaceForComposites.java:532)
	at ptolemy.actor.util.CausalityInterfaceForComposites.checkForCycles(CausalityInterfaceForComposites.java:96)
	at ptolemy.domains.de.kernel.DEDirector.preinitialize(DEDirector.java:1338)
	at ptolemy.actor.CompositeActor.preinitialize(CompositeActor.java:1828)
	at ptolemy.actor.Manager.preinitializeAndResolveTypes(Manager.java:1040)
	at ptolemy.actor.Manager.initialize(Manager.java:710)
	at ptolemy.actor.Manager.execute(Manager.java:356)
	at ptolemy.actor.Manager.run(Manager.java:1263)
	at ptolemy.actor.Manager$PtolemyRunThread.run(Manager.java:1933)
java.lang.RuntimeException: Execution failed
	at ptolemy.moml.MoMLSimpleApplication$UnloadThread.run(MoMLSimpleApplication.java:402)
Caused by: ptolemy.kernel.util.IllegalActionException: Found a zero delay loop containing .dependencyLoop.original
  in .dependencyLoop and .dependencyLoop.original
	at ptolemy.actor.util.CausalityInterfaceForComposites._computeOutputPortDepth(CausalityInterfaceForComposites.java:759)
	at ptolemy.actor.util.CausalityInterfaceForComposites._computeInputDepth(CausalityInterfaceForComposites.java:696)
	at ptolemy.actor.util.CausalityInterfaceForComposites._computeOutputPortDepth(CausalityInterfaceForComposites.java:765)
	at ptolemy.actor.util.CausalityInterfaceForComposites._computeInputDepth(CausalityInterfaceForComposites.java:696)
	at ptolemy.actor.util.CausalityInterfaceForComposites._computeOutputPortDepth(CausalityInterfaceForComposites.java:765)
	at ptolemy.actor.util.CausalityInterfaceForComposites._computeInputDepth(CausalityInterfaceForComposites.java:696)
	at ptolemy.actor.util.CausalityInterfaceForComposites._computeActorDepth(CausalityInterfaceForComposites.java:532)
	at ptolemy.actor.util.CausalityInterfaceForComposites.checkForCycles(CausalityInterfaceForComposites.java:96)
	at ptolemy.domains.de.kernel.DEDirector.preinitialize(DEDirector.java:1338)
	at ptolemy.actor.CompositeActor.preinitialize(CompositeActor.java:1828)
	at ptolemy.actor.Manager.preinitializeAndResolveTypes(Manager.java:1040)
	at ptolemy.actor.Manager.initialize(Manager.java:710)
	at ptolemy.actor.Manager.execute(Manager.java:356)
	at ptolemy.actor.Manager.run(Manager.java:1263)
	at ptolemy.actor.Manager$PtolemyRunThread.run(Manager.java:1933)
java.lang.reflect.InvocationTargetException
	at java.base/jdk.internal.reflect.NativeConstructorAccessorImpl.newInstance0(Native Method)
	at java.base/jdk.internal.reflect.NativeConstructorAccessorImpl.newInstance(NativeConstructorAccessorImpl.java:62)
	at java.base/jdk.internal.reflect.DelegatingConstructorAccessorImpl.newInstance(DelegatingConstructorAccessorImpl.java:45)
	at java.base/java.lang.reflect.Constructor.newInstance(Constructor.java:490)
	at ptolemy.util.test.junit.AutoKnownFailedTests.RunModel(AutoKnownFailedTests.java:105)
	at java.base/jdk.internal.reflect.NativeMethodAccessorImpl.invoke0(Native Method)
	at java.base/jdk.internal.reflect.NativeMethodAccessorImpl.invoke(NativeMethodAccessorImpl.java:62)
	at java.base/jdk.internal.reflect.DelegatingMethodAccessorImpl.invoke(DelegatingMethodAccessorImpl.java:43)
	at java.base/java.lang.reflect.Method.invoke(Method.java:566)
	at org.junit.runners.model.FrameworkMethod$1.runReflectiveCall(FrameworkMethod.java:44)
	at org.junit.internal.runners.model.ReflectiveCallable.run(ReflectiveCallable.java:15)
	at org.junit.runners.model.FrameworkMethod.invokeExplosively(FrameworkMethod.java:41)
	at junitparams.internal.InvokeParameterisedMethod.evaluate(InvokeParameterisedMethod.java:102)
	at org.junit.internal.runners.statements.FailOnTimeout$1.run(FailOnTimeout.java:28)
Caused by: ptolemy.kernel.util.IllegalActionException: Found a zero delay loop containing .dependencyLoop.original
  in .dependencyLoop and .dependencyLoop.original
	at ptolemy.actor.util.CausalityInterfaceForComposites._computeOutputPortDepth(CausalityInterfaceForComposites.java:759)
	at ptolemy.actor.util.CausalityInterfaceForComposites._computeInputDepth(CausalityInterfaceForComposites.java:696)
	at ptolemy.actor.util.CausalityInterfaceForComposites._computeOutputPortDepth(CausalityInterfaceForComposites.java:765)
	at ptolemy.actor.util.CausalityInterfaceForComposites._computeInputDepth(CausalityInterfaceForComposites.java:696)
	at ptolemy.actor.util.CausalityInterfaceForComposites._computeOutputPortDepth(CausalityInterfaceForComposites.java:765)
	at ptolemy.actor.util.CausalityInterfaceForComposites._computeInputDepth(CausalityInterfaceForComposites.java:696)
	at ptolemy.actor.util.CausalityInterfaceForComposites._computeActorDepth(CausalityInterfaceForComposites.java:532)
	at ptolemy.actor.util.CausalityInterfaceForComposites.checkForCycles(CausalityInterfaceForComposites.java:96)
	at ptolemy.domains.de.kernel.DEDirector.preinitialize(DEDirector.java:1338)
	at ptolemy.actor.CompositeActor.preinitialize(CompositeActor.java:1828)
	at ptolemy.actor.Manager.preinitializeAndResolveTypes(Manager.java:1040)
	at ptolemy.actor.Manager.initialize(Manager.java:710)
	at ptolemy.actor.Manager.execute(Manager.java:356)
	at ptolemy.actor.Manager.run(Manager.java:1263)
	at ptolemy.actor.Manager$PtolemyRunThread.run(Manager.java:1933)
java.lang.RuntimeException: Execution failed
	at ptolemy.moml.MoMLSimpleApplication$UnloadThread.run(MoMLSimpleApplication.java:402)
Caused by: ptolemy.kernel.util.IllegalActionException: Found a zero delay loop containing .dependencyLoop2.original
  in .dependencyLoop2 and .dependencyLoop2.original
	at ptolemy.actor.util.CausalityInterfaceForComposites._computeOutputPortDepth(CausalityInterfaceForComposites.java:759)
	at ptolemy.actor.util.CausalityInterfaceForComposites._computeInputDepth(CausalityInterfaceForComposites.java:696)
	at ptolemy.actor.util.CausalityInterfaceForComposites._computeOutputPortDepth(CausalityInterfaceForComposites.java:765)
	at ptolemy.actor.util.CausalityInterfaceForComposites._computeInputDepth(CausalityInterfaceForComposites.java:696)
	at ptolemy.actor.util.CausalityInterfaceForComposites._computeOutputPortDepth(CausalityInterfaceForComposites.java:765)
	at ptolemy.actor.util.CausalityInterfaceForComposites._computeInputDepth(CausalityInterfaceForComposites.java:696)
	at ptolemy.actor.util.CausalityInterfaceForComposites._computeActorDepth(CausalityInterfaceForComposites.java:532)
	at ptolemy.actor.util.CausalityInterfaceForComposites.checkForCycles(CausalityInterfaceForComposites.java:96)
	at ptolemy.domains.de.kernel.DEDirector.preinitialize(DEDirector.java:1338)
	at ptolemy.actor.CompositeActor.preinitialize(CompositeActor.java:1828)
	at ptolemy.actor.Manager.preinitializeAndResolveTypes(Manager.java:1040)
	at ptolemy.actor.Manager.initialize(Manager.java:710)
	at ptolemy.actor.Manager.execute(Manager.java:356)
	at ptolemy.actor.Manager.run(Manager.java:1263)
	at ptolemy.actor.Manager$PtolemyRunThread.run(Manager.java:1933)
java.lang.reflect.InvocationTargetException
	at java.base/jdk.internal.reflect.NativeConstructorAccessorImpl.newInstance0(Native Method)
	at java.base/jdk.internal.reflect.NativeConstructorAccessorImpl.newInstance(NativeConstructorAccessorImpl.java:62)
	at java.base/jdk.internal.reflect.DelegatingConstructorAccessorImpl.newInstance(DelegatingConstructorAccessorImpl.java:45)
	at java.base/java.lang.reflect.Constructor.newInstance(Constructor.java:490)
	at ptolemy.util.test.junit.AutoKnownFailedTests.RunModel(AutoKnownFailedTests.java:105)
	at java.base/jdk.internal.reflect.NativeMethodAccessorImpl.invoke0(Native Method)
	at java.base/jdk.internal.reflect.NativeMethodAccessorImpl.invoke(NativeMethodAccessorImpl.java:62)
	at java.base/jdk.internal.reflect.DelegatingMethodAccessorImpl.invoke(DelegatingMethodAccessorImpl.java:43)
	at java.base/java.lang.reflect.Method.invoke(Method.java:566)
	at org.junit.runners.model.FrameworkMethod$1.runReflectiveCall(FrameworkMethod.java:44)
	at org.junit.internal.runners.model.ReflectiveCallable.run(ReflectiveCallable.java:15)
	at org.junit.runners.model.FrameworkMethod.invokeExplosively(FrameworkMethod.java:41)
	at junitparams.internal.InvokeParameterisedMethod.evaluate(InvokeParameterisedMethod.java:102)
	at org.junit.internal.runners.statements.FailOnTimeout$1.run(FailOnTimeout.java:28)
Caused by: ptolemy.kernel.util.IllegalActionException: Found a zero delay loop containing .dependencyLoop2.original
  in .dependencyLoop2 and .dependencyLoop2.original
	at ptolemy.actor.util.CausalityInterfaceForComposites._computeOutputPortDepth(CausalityInterfaceForComposites.java:759)
	at ptolemy.actor.util.CausalityInterfaceForComposites._computeInputDepth(CausalityInterfaceForComposites.java:696)
	at ptolemy.actor.util.CausalityInterfaceForComposites._computeOutputPortDepth(CausalityInterfaceForComposites.java:765)
	at ptolemy.actor.util.CausalityInterfaceForComposites._computeInputDepth(CausalityInterfaceForComposites.java:696)
	at ptolemy.actor.util.CausalityInterfaceForComposites._computeOutputPortDepth(CausalityInterfaceForComposites.java:765)
	at ptolemy.actor.util.CausalityInterfaceForComposites._computeInputDepth(CausalityInterfaceForComposites.java:696)
	at ptolemy.actor.util.CausalityInterfaceForComposites._computeActorDepth(CausalityInterfaceForComposites.java:532)
	at ptolemy.actor.util.CausalityInterfaceForComposites.checkForCycles(CausalityInterfaceForComposites.java:96)
	at ptolemy.domains.de.kernel.DEDirector.preinitialize(DEDirector.java:1338)
	at ptolemy.actor.CompositeActor.preinitialize(CompositeActor.java:1828)
	at ptolemy.actor.Manager.preinitializeAndResolveTypes(Manager.java:1040)
	at ptolemy.actor.Manager.initialize(Manager.java:710)
	at ptolemy.actor.Manager.execute(Manager.java:356)
	at ptolemy.actor.Manager.run(Manager.java:1263)
	at ptolemy.actor.Manager$PtolemyRunThread.run(Manager.java:1933)
]]></system-err>
</testsuite>
