<?xml version="1.0" encoding="UTF-8" ?>
<testsuite errors="0" failures="0" hostname="travis-job-b3d40fa0-a821-4d9b-8061-b3233335af64" name="ptolemy.domains.ptera.test.junit.JUnitTclTest" skipped="0" tests="36" time="4.324" timestamp="2019-09-03T20:57:43">
  <properties>
    <property name="npm.executable" value="npm" />
    <property name="env.TRAVIS_ROOT" value="/" />
    <property name="ptII.mk.exists" value="true" />
    <property name="env.TRAVIS_APP_HOST" value="build.travis-ci.org" />
    <property name="env.rvm_bin_path" value="/home/travis/.rvm/bin" />
    <property name="java.home" value="/usr/local/lib/jvm/openjdk11" />
    <property name="env.TRAVIS_JOB_NUMBER" value="1318.9" />
    <property name="env.TRAVIS_HOME" value="/home/travis" />
    <property name="env.DISPLAY" value=":99.0" />
    <property name="env.TRAVIS_INIT" value="systemd" />
    <property name="env.SSH_TTY" value="/dev/pts/0" />
    <property name="java.net.preferIPv4Stack" value="true" />
    <property name="env.RUN_TESTS" value="true" />
    <property name="timeout.short" value="1000000" />
    <property name="junit.formatter" value="xml" />
    <property name="env.TRAVIS_SUDO" value="true" />
    <property name="env.TRAVIS_JOB_NAME" value="" />
    <property name="env.TRAVIS_STACK_NODE_ATTRIBUTES" value="/.node-attributes.yml" />
    <property name="env.LOGNAME" value="travis" />
    <property name="jsdoc.home" value="node_modules/@terraswarm/jsdoc" />
    <property name="debuglevel" value="source,lines,vars" />
    <property name="checkstyle.formatter" value="xml" />
    <property name="env._system_version" value="16.04" />
    <property name="bin.vergil.makeable" value="true" />
    <property name="sun.os.patch.level" value="unknown" />
    <property name="java.vendor.url" value="http://java.oracle.com/" />
    <property name="env.TRAVIS_BUILD_WEB_URL" value="https://travis-ci.org/icyphy/ptII/builds/580414516" />
    <property name="java.version" value="11.0.2" />
    <property name="env.TZ" value="UTC" />
    <property name="env.TRAVIS_PULL_REQUEST_SHA" value="" />
    <property name="env.PT_NO_NET" value="true" />
    <property name="env.TRAVIS_SECURE_ENV_VARS" value="true" />
    <property name="env._system_type" value="Linux" />
    <property name="java.vendor.url.bug" value="http://bugreport.java.com/bugreport/" />
    <property name="npmjs-org-is-up" value="true" />
    <property name="env.LANGUAGE" value="en_US.UTF-8" />
    <property name="env.SSH_CLIENT" value="10.24.4.16 53136 22" />
    <property name="env.GEM_HOME" value="/home/travis/.rvm/gems/ruby-2.5.3" />
    <property name="env.HAS_ANTARES_THREE_LITTLE_FRONZIES_BADGE" value="true" />
    <property name="java.version.date" value="2019-01-15" />
    <property name="env.PS4" value="+" />
    <property name="ant.project.invoked-targets" value="build,test.core2.xml" />
    <property name="env.TRAVIS_PULL_REQUEST_BRANCH" value="" />
    <property name="env.TRAVIS_REPO_SLUG" value="icyphy/ptII" />
    <property name="env.XDG_DATA_DIRS" value="/usr/local/share:/usr/share:/var/lib/snapd/desktop" />
    <property name="jdk.debug" value="release" />
    <property name="env.TRAVIS_APT_PROXY" value="http://apt.cache.travis-ci.com" />
    <property name="node.in.path" value="true" />
    <property name="user.name" value="travis" />
    <property name="java.maxmemory" value="1400m" />
    <property name="env.RUBY_VERSION" value="ruby-2.5.3" />
    <property name="env.LANG" value="en_US.UTF-8" />
    <property name="sun.io.unicode.encoding" value="UnicodeLittle" />
    <property name="sun.jnu.encoding" value="UTF-8" />
    <property name="java.runtime.name" value="OpenJDK Runtime Environment" />
    <property name="usefile" value="false" />
    <property name="return.code" value="0" />
    <property name="junit.single.formatter" value="plain" />
    <property name="env.DYLD_LIBRARY_PATH" value="/home/travis/pthla/certi-tools/lib:" />
    <property name="env.DEBIAN_FRONTEND" value="noninteractive" />
    <property name="env.SSH_CONNECTION" value="10.24.4.16 53136 10.20.0.79 22" />
    <property name="env.MYSQL_UNIX_PORT" value="/var/run/mysqld/mysqld.sock" />
    <property name="env.LC_ALL" value="en_US.UTF-8" />
    <property name="env.TRAVIS_ALLOW_FAILURE" value="false" />
    <property name="env.TRAVIS_JOB_WEB_URL" value="https://travis-ci.org/icyphy/ptII/jobs/580414525" />
    <property name="java.specification.name" value="Java Platform API Specification" />
    <property name="node.works" value="true" />
    <property name="user.timezone" value="" />
    <property name="path.separator" value=":" />
    <property name="env.TRAVIS_ENABLE_INFRA_DETECTION" value="true" />
    <property name="env.PYTHON_CFLAGS" value="-g -fstack-protector --param=ssp-buffer-size=4 -Wformat -Werror=format-security" />
    <property name="timeout.long" value="4000000" />
    <property name="env.CERTI_HOME" value="/home/travis/pthla/certi-tools" />
    <property name="ant.file.ptII" value="/home/travis/build/icyphy/ptII/build.xml" />
    <property name="javadoc.packagenames" value="com.*,diva.*,lbnl.*,org.hlacerti.*,org.json.*,org.ptolemy.*,org.terraswarm.*,ptolemy.*,ptserver.*" />
    <property name="file.encoding" value="UTF-8" />
    <property name="env.TRAVIS_PULL_REQUEST_SLUG" value="" />
    <property name="ant.project.default-target" value="build" />
    <property name="env.GIT_ASKPASS" value="echo" />
    <property name="env.HOME" value="/home/travis" />
    <property name="sun.java.command" value="org.apache.tools.ant.taskdefs.optional.junit.JUnitTestRunner ptolemy.domains.ptera.test.junit.JUnitTclTest skipNonTests=false filtertrace=true haltOnError=false haltOnFailure=false formatter=org.apache.tools.ant.taskdefs.optional.junit.OutErrSummaryJUnitResultFormatter showoutput=true outputtoformatters=true logfailedtests=true threadid=0 logtestlistenerevents=false formatter=org.apache.tools.ant.taskdefs.optional.junit.XMLJUnitResultFormatter,/home/travis/build/icyphy/ptII/reports/junit/TEST-ptolemy.domains.ptera.test.junit.JUnitTclTest.xml crashfile=/home/travis/build/icyphy/ptII/junitvmwatcher4886937914160432316.properties propsfile=/home/travis/build/icyphy/ptII/junit3476701837811188196.properties" />
    <property name="env.COMPOSER_NO_INTERACTION" value="1" />
    <property name="env.MANPATH" value="/home/travis/.nvm/versions/node/v7.10.1/share/man:/home/travis/.rvm/rubies/ruby-2.5.3/share/man:/usr/local/cmake-3.12.4/man:/usr/local/clang-7.0.0/share/man:/usr/local/man:/usr/local/share/man:/usr/share/man:/home/travis/.rvm/man" />
    <property name="env.TRAVIS_TIMER_ID" value="01955f2e" />
    <property name="ant.file" value="/home/travis/build/icyphy/ptII/build.xml" />
    <property name="env.TRAVIS_COMMIT_RANGE" value="bc7bfed3151a...1691c4a63a7f" />
    <property name="env._system_name" value="Ubuntu" />
    <property name="ptII.classpath.optional.property" value="/home/travis/build/icyphy/ptII/lib/bsh-2.0b4.jar:/home/travis/build/icyphy/ptII/lib/ptCal.jar:/home/travis/build/icyphy/ptII/lib/java_cup.jar:/home/travis/build/icyphy/ptII/lib/saxon8.jar:/home/travis/build/icyphy/ptII/lib/saxon8-dom.jar:/home/travis/build/icyphy/ptII/lib/chic.jar:/home/travis/build/icyphy/ptII/lib/ptcolt.jar:/home/travis/build/icyphy/ptII/vendors/misc/itext/iText.jar:/home/travis/build/icyphy/ptII/lib/g4ltl.jar:/home/travis/build/icyphy/ptII/lib/StructuralCoder.jar:/home/travis/build/icyphy/ptII/lib/jcerti.jar:/home/travis/build/icyphy/ptII/lib/javax.mail.jar:/home/travis/build/icyphy/ptII/vendors/JMF-2.1.1e/lib/jmf.jar:/home/travis/build/icyphy/ptII/lib/jna-4.0.0-variadic.jar:/home/travis/build/icyphy/ptII/vendors/misc/joystick/Joystick.jar:/home/travis/build/icyphy/ptII/lib/ptjacl.jar:/home/travis/build/icyphy/ptII/lib/jsoup-1.8.2.jar:/home/travis/build/icyphy/ptII/lib/junit-4.8.2.jar:/home/travis/build/icyphy/ptII/lib/JUnitParams-0.4.0.jar:/home/travis/build/icyphy/ptII/ptolemy/actor/lib/excel/jxl.jar:/home/travis/build/icyphy/ptII/lib/jython.jar:/home/travis/build/icyphy/ptII/lib/kieler.jar:/home/travis/build/icyphy/ptII/vendors/opencv/share/OpenCV/java/opencv-341.jar:/home/travis/build/icyphy/ptII/lib/oscP5.jar:/home/travis/build/icyphy/ptII/lib/nrjavaserial-3.11.0.devel.jar:/home/travis/build/icyphy/ptII/vendors/j3d/lib/Linux/j3dcore.jar:/home/travis/build/icyphy/ptII/vendors/j3d/lib/Linux/j3dutils.jar:/home/travis/build/icyphy/ptII/vendors/j3d/lib/Linux/vecmath.jar:/home/travis/build/icyphy/ptII/vendors/jogl/lib/Linux/gluegen-rt-natives-linux-amd64.jar:/home/travis/build/icyphy/ptII/vendors/jogl/lib/Linux/gluegen-rt.jar:/home/travis/build/icyphy/ptII/vendors/jogl/lib/Linux/jogl-all-natives-linux-amd64.jar:/home/travis/build/icyphy/ptII/vendors/jogl/lib/Linux/jogl-all.jar:/home/travis/build/icyphy/ptII/ptolemy/distributed/jini/jar/jini-core.jar:/home/travis/build/icyphy/ptII/ptolemy/distributed/jini/jar/jini-ext.jar:/home/travis/build/icyphy/ptII/ptolemy/distributed/jini/jar/sun-util.jar:/home/travis/build/icyphy/ptII/lib/protobuf-java-2.4.1.jar:/home/travis/build/icyphy/ptII/lib/org.eclipse.paho.client.mqttv3.jar:/home/travis/build/icyphy/ptII/lib/mapss.jar:/home/travis/build/icyphy/ptII/ptolemy/actor/ptalon/antlr/antlr.jar:/home/travis/build/icyphy/ptII/lib/JRI.jar:/home/travis/build/icyphy/ptII/lib/commons-lang-2.6.jar:/home/travis/build/icyphy/ptII/lib/commons-logging-1.1.1.jar:/home/travis/build/icyphy/ptII/lib/sootclasses.jar:/home/travis/build/icyphy/ptII/ptolemy/actor/lib/database/mysql-connector-java-5.1.6-bin.jar:/home/travis/build/icyphy/ptII/vendors/misc/sphinx4/sphinx4-data-5prealpha.jar:/home/travis/build/icyphy/ptII/vendors/misc/sphinx4/sphinx4-core-5prealpha.jar:/home/travis/build/icyphy/ptII/lib/PDFRenderer.jar:/home/travis/build/icyphy/ptII/lib/svgSalamander.jar:/home/travis/build/icyphy/ptII/lib/rsyntaxtextarea-2.6.0-SNAPSHOT.jar:/home/travis/build/icyphy/ptII/lib/hazelcast-3.8.2.jar:/home/travis/build/icyphy/ptII/lib/jackson-annotations-2.9.0.jar:/home/travis/build/icyphy/ptII/lib/jackson-core-2.9.3.jar:/home/travis/build/icyphy/ptII/lib/jackson-databind-2.9.3.jar:/home/travis/build/icyphy/ptII/lib/netty-buffer-4.1.19.Final.jar:/home/travis/build/icyphy/ptII/lib/netty-codec-4.1.19.Final.jar:/home/travis/build/icyphy/ptII/lib/netty-codec-dns-4.1.19.Final.jar:/home/travis/build/icyphy/ptII/lib/netty-codec-http-4.1.19.Final.jar:/home/travis/build/icyphy/ptII/lib/netty-codec-http2-4.1.19.Final.jar:/home/travis/build/icyphy/ptII/lib/netty-common-4.1.19.Final.jar:/home/travis/build/icyphy/ptII/lib/netty-handler-4.1.19.Final.jar:/home/travis/build/icyphy/ptII/lib/netty-resolver-4.1.19.Final.jar:/home/travis/build/icyphy/ptII/lib/netty-resolver-dns-4.1.19.Final.jar:/home/travis/build/icyphy/ptII/lib/netty-transport-4.1.19.Final.jar:/home/travis/build/icyphy/ptII/lib/vertx-codegen-3.5.1.jar:/home/travis/build/icyphy/ptII/lib/vertx-core-3.5.2-SNAPSHOT.jar:/home/travis/build/icyphy/ptII/lib/vertx-hazelcast-3.5.1.jar:/home/travis/build/icyphy/ptII/lib/vertx-lang-js-3.5.1.jar:/home/travis/build/icyphy/ptII/lib/vertx-service-proxy-3.5.1.jar:/home/travis/build/icyphy/ptII/lib/vertx-web-3.5.1.jar:/home/travis/build/icyphy/ptII/lib/slf4j-api-1.7.13.jar:/home/travis/build/icyphy/ptII/lib/slf4j-simple-1.7.13.jar:/home/travis/build/icyphy/ptII/lib/webcam-capture-0.3.12.jar:/home/travis/build/icyphy/ptII/lib/bridj-0.7.0.jar:/home/travis/build/icyphy/ptII/lib/xbjlib-1.1.0.nrjavaserial.jar" />
    <property name="timeout" value="2400000" />
    <property name="test.batch" value="**/junit/*.java" />
    <property name="env._" value="/usr/bin/timeout" />
    <property name="java.io.tmpdir" value="/tmp" />
    <property name="user.language" value="en" />
    <property name="env.TRAVIS_INTERNAL_RUBY_REGEX" value="^ruby-(2\.[0-4]\.[0-9]|1\.9\.3)" />
    <property name="env.HISTCONTROL" value="ignoredups:ignorespace" />
    <property name="env.GOROOT" value="/home/travis/.gimme/versions/go1.11.1.linux.amd64" />
    <property name="line.separator" value="&#xa;" />
    <property name="target" value="11" />
    <property name="env.TRAVIS_BUILD_DIR" value="/home/travis/build/icyphy/ptII" />
    <property name="env.ANT_OPTS" value="-Xmx2048m" />
    <property name="ant.file.type" value="file" />
    <property name="ptolemy.ptII.batchMode" value="true" />
    <property name="env.HISTSIZE" value="1000" />
    <property name="env.MERB_ENV" value="test" />
    <property name="java.vm.info" value="mixed mode" />
    <property name="source" value="11" />
    <property name="java.vm.specification.name" value="Java Virtual Machine Specification" />
    <property name="env.TRAVIS_TEST_RESULT" value="0" />
    <property name="jsdoc.command" value="node_modules/@terraswarm/jsdoc/jsdoc.js" />
    <property name="npm.works" value="true" />
    <property name="cobertura.dir" value="/home/travis/build/icyphy/ptII/vendors/cobertura-2.0.3" />
    <property name="jsdoc.command.exists" value="true" />
    <property name="env.rvm_path" value="/home/travis/.rvm" />
    <property name="env.GEM_PATH" value="/home/travis/.rvm/gems/ruby-2.5.3:/home/travis/.rvm/gems/ruby-2.5.3@global" />
    <property name="env.LC_CTYPE" value="en_US.UTF-8" />
    <property name="env.TRAVIS_CMD" value="$PTII/bin/ptIITravisBuild.sh $SECONDS" />
    <property name="java.awt.printerjob" value="sun.print.PSPrinterJob" />
    <property name="env.TRAVIS_STACK_NAME" value="sardonyx" />
    <property name="env.TRAVIS_TIMER_START_TIME" value="1567543807067293712" />
    <property name="ant.version" value="Apache Ant(TM) version 1.10.1 compiled on February 2 2017" />
    <property name="ptII.reports" value="/home/travis/build/icyphy/ptII/reports" />
    <property name="env.TRAVIS_STACK_TIMESTAMP" value="2019-03-25 16:16:56 UTC" />
    <property name="ant.file.type.ptII" value="file" />
    <property name="env.RBENV_SHELL" value="bash" />
    <property name="os.name" value="Linux" />
    <property name="java.specification.vendor" value="Oracle Corporation" />
    <property name="env.rvm_version" value="1.29.7 (latest)" />
    <property name="env.TRAVIS_INFRA" value="unknown" />
    <property name="env.TERM" value="xterm" />
    <property name="java.vm.name" value="OpenJDK 64-Bit Server VM" />
    <property name="env.TRAVIS_BUILD_NUMBER" value="1318" />
    <property name="env.CI" value="true" />
    <property name="java.library.path" value="/home/travis/pthla/certi-tools/lib:/usr/lib/jni:/usr/local/share/OpenCV/java/:/usr/share/OpenCV/java::/usr/java/packages/lib:/usr/lib64:/lib64:/lib:/usr/lib" />
    <property name="jdk.module.path" value="/home/travis/build/icyphy/ptII/vendors/javafx/javafx-sdk-11.0.2/lib:" />
    <property name="env.rvm_prefix" value="/home/travis" />
    <property name="env.PATH" value="/home/travis/pthla/certi-tools/share/scripts:/home/travis/.rvm/gems/ruby-2.5.3/bin:/home/travis/.rvm/gems/ruby-2.5.3@global/bin:/home/travis/.rvm/rubies/ruby-2.5.3/bin:/home/travis/.rvm/bin:/home/travis/.nvm/versions/node/v7.10.1/bin:./node_modules/.bin:/home/travis/build/icyphy/ptII/bin:/home/travis/pthla/certi-tools/bin:/home/travis/bin:/home/travis/.local/bin:/usr/local/lib/jvm/openjdk11/bin:/opt/pyenv/shims:/home/travis/.phpenv/shims:/home/travis/perl5/perlbrew/bin:/home/travis/gopath/bin:/home/travis/.gimme/versions/go1.11.1.linux.amd64/bin:/usr/local/maven-3.6.0/bin:/usr/local/cmake-3.12.4/bin:/usr/local/clang-7.0.0/bin:/usr/local/sbin:/usr/local/bin:/usr/sbin:/usr/bin:/sbin:/bin:/snap/bin:/home/travis/.phpenv/bin:/opt/pyenv/bin:/home/travis/.yarn/bin" />
    <property name="env.TRAVIS_OS_NAME" value="linux" />
    <property name="ant.java.version" value="9" />
    <property name="basedir" value="/home/travis/build/icyphy/ptII" />
    <property name="java.class.version" value="55.0" />
    <property name="env.SHLVL" value="3" />
    <property name="env.LD_LIBRARY_PATH" value="/home/travis/pthla/certi-tools/lib:/usr/lib/jni:/usr/local/share/OpenCV/java/:/usr/share/OpenCV/java:" />
    <property name="env.RACK_ENV" value="test" />
    <property name="ant.home" value="/home/travis/build/icyphy/ptII/ant" />
    <property name="env.NVM_DIR" value="/home/travis/.nvm" />
    <property name="env.CERTI_FOM_PATH" value="/home/travis/pthla/certi-tools/share/federations" />
    <property name="env.TRAVIS_BUILD_ID" value="580414516" />
    <property name="env.PYENV_ROOT" value="/opt/pyenv" />
    <property name="env.TRAVIS_UID" value="2000" />
    <property name="prism.verbose" value="true" />
    <property name="env.NVM_BIN" value="/home/travis/.nvm/versions/node/v7.10.1/bin" />
    <property name="env.TRAVIS_COMMIT" value="1691c4a63a7f6e8f7441362a7c71a7ee30ba8bb1" />
    <property name="env._system_arch" value="x86_64" />
    <property name="node.executable" value="node" />
    <property name="sun.boot.library.path" value="/usr/local/lib/jvm/openjdk11/lib" />
    <property name="sun.management.compiler" value="HotSpot 64-Bit Tiered Compilers" />
    <property name="java.awt.graphicsenv" value="sun.awt.X11GraphicsEnvironment" />
    <property name="env.GOPATH" value="/home/travis/gopath" />
    <property name="ptolemy.ptII.dir" value="/home/travis/build/icyphy/ptII" />
    <property name="env.USER" value="travis" />
    <property name="env.HISTFILESIZE" value="2000" />
    <property name="timeout.longest" value="19000000" />
    <property name="env.PERLBREW_SHELLRC_VERSION" value="0.86" />
    <property name="env.TRAVIS_STACK_FEATURES" value="basic couchdb disabled-ipv6 docker docker-compose elasticsearch firefox go-toolchain google-chrome jdk memcached mongodb mysql nodejs_interpreter perl_interpreter perlbrew phantomjs postgresql python_interpreter redis ruby_interpreter sqlite xserver" />
    <property name="env.TRAVIS_PULL_REQUEST" value="false" />
    <property name="env.PYENV_SHELL" value="bash" />
    <property name="ant.project.name" value="ptII" />
    <property name="env.ANSI_RESET" value="\033[0m" />
    <property name="java.vm.specification.version" value="11" />
    <property name="env.TRAVIS_DIST" value="xenial" />
    <property name="env.CERTI_VERSION" value="4.0.0" />
    <property name="env.CERTI_HOST" value="localhost" />
    <property name="awt.toolkit" value="sun.awt.X11.XToolkit" />
    <property name="env.MY_RUBY_HOME" value="/home/travis/.rvm/rubies/ruby-2.5.3" />
    <property name="sun.cpu.isalist" value="" />
    <property name="env.TRAVIS_TMPDIR" value="/tmp/tmp.nzWnzEHetU" />
    <property name="java.vm.compressedOopsMode" value="Zero based" />
    <property name="os.version" value="4.15.0-1028-gcp" />
    <property name="user.home" value="/home/travis" />
    <property name="java.vm.vendor" value="Oracle Corporation" />
    <property name="env.TRAVIS_TAG" value="nightly" />
    <property name="env.ANSI_YELLOW" value="\033[33;1m" />
    <property name="env.TRAVIS_FILTERED" value="redirect_io" />
    <property name="env.ANSI_GREEN" value="\033[32;1m" />
    <property name="env.JAVA_HOME" value="/usr/local/lib/jvm/openjdk11" />
    <property name="javadoc.excludepackagenames" value="adm.cvs2svn.*,build.*,config.*,doc.coding.templates.*,jni.test.jni.meaningOfLife.*,jni.test.jni.testDeux.*,jni.test.jni.testTrois.*,org.terraswarm.accessor.accessors.web.node_modules.*,org.terraswarm.accessor.accessors.web.hosts.cordova.demo.*,org.terraswarm.accessor.accessors.web.hosts.cordova.plugins.*,org.terraswarm.accessor.accessors-svn.*,pt-modules.*,ptolemy.apps.agilent.*,ptolemy.apps.anytimecontrol.*,ptolemy.apps.apes.*,ptolemy.apps.charon.*,ptolemy.apps.crazyboard.*,ptolemy.apps.eclipse.*,ptolemy.apps.etherealSting.*,ptolemy.apps.fullscreen.*,ptolemy.apps.giotto.*,ptolemy.apps.ia.*,ptolemy.apps.interfaces.*,ptolemy.apps.jmf.*,ptolemy.apps.kurt.*,ptolemy.apps.kvm.*,ptolemy.apps.lego.*,ptolemy.apps.lejos.*,ptolemy.apps.midp.*,ptolemy.apps.mobileCoding.*,ptolemy.apps.pendulum.*,ptolemy.apps.rijndael.*,ptolemy.apps.robot.*,ptolemy.apps.security.*,ptolemy.apps.sobel.*,ptolemy.apps.soot.*,ptolemy.apps.throttle.*,ptolemy.apps.tini.*,ptolemy.apps.transmission.*,ptolemy.apps.vergil.*,ptolemy.apps.waba.*,ptolemy.apps.websensor.*,ptolemy.apps.webstart.*,ptolemy.apps.xsl.*,ptolemy.apps.zaurus.*,ptolemy.codegen.c.actor.lib.oldJavaFiles.*,ptolemy.codegen.dsp.lib.*,ptolemy.codegen.kernel.newInterfaces.*,ptolemy.codegen.lib.*,ptolemy.copernicus.kernel.fragment.*,ptolemy.copernicus.shallow.cg.*,ptolemy.domains.giotto.demo.Hierarchy.Hierarchy.*,ptolemy.domains.giotto.demo.Multimode.Multimode.*,ptolemy.domains.giotto.demo.Simple.Simple.*,ptolemy.domains.gr.lib.experimental.*,ptolemy.domains.gro.*,ptolemy.domains.pdf.*,ptolemy.domains.ptinyos.demo.Surge.output.*,ptolemy.moml.test.NoPackageActor.java*,ptolemy.plot.adm.*,ptolemy.plot.servlet.*,reports.*,signed.*,src.*,target.*,vendors.*,ptolemy.copernicus.applet.*,ptolemy.media.viewer.*,ptolemy.actor.corba.*,doc.doclets.*,ptolemy.apps.eclipse.awt.*,ptolemy.backtrack.*,ptolemy.backtrack.ast.*,ptolemy.cg.adapter.generic.program.procedural.c.mbed*,ptolemy.homer.*,ptolemy.actor.lib.jai.*,org.ptolemy.scala.*,diva.util.java2d.svg.*,ptolemy.domains.ptinyos.*,ptolemy.actor.lib.fmi.fmipp.*,,org.terraswarm.accessor.accessors.web.node_modules.*,org.terraswarm.accessor.accessors-svn,ptolemy.apps.*,ptolemy.actor.ptalon.demo.ptinyos.SendAndReceiveCnt.output,ptolemy.actor.ptalon.demo.ptinyos.SenseToLeds.output,ptolemy.domains.ptinyos.demo.CntToLedsAndRfm.output,ptolemy.domains.ptinyos.demo.RfmToLeds.output,ptolemy.domains.ptinyos.demo.SendAndReceiveCnt.output,ptolemy.domains.ptinyos.demo.SenseToLeds.output,ptolemy.actor.lib.jjs.modules.udpSocket.*" />
    <property name="env.PTII" value="/home/travis/build/icyphy/ptII" />
    <property name="env.XDG_SESSION_ID" value="2" />
    <property name="keystore" value="ptKeystore" />
    <property name="env.TRAVIS_COMMIT_MESSAGE" value="Use --release 8 instead of -target 8 -release 8 because --release 8 includes -target 8." />
    <property name="junit.output.dir" value="/home/travis/build/icyphy/ptII/reports/junit" />
    <property name="npm.return.code" value="0" />
    <property name="user.dir" value="/home/travis/build/icyphy/ptII/ptolemy/domains/ptera/test" />
    <property name="env.TRAVIS_NODE_VERSION" value="7" />
    <property name="env.TRAVIS_EVENT_TYPE" value="push" />
    <property name="env.MAIL" value="/var/mail/travis" />
    <property name="env.PERLBREW_ROOT" value="/home/travis/perl5/perlbrew" />
    <property name="env.PWD" value="/home/travis/build/icyphy/ptII" />
    <property name="timeout.npm" value="45000" />
    <property name="env.PT_TRAVIS_TEST_CORE2_XML" value="true" />
    <property name="env.TRAVIS_ARCH" value="amd64" />
    <property name="sun.cpu.endian" value="little" />
    <property name="env.PAGER" value="cat" />
    <property name="env.TRAVIS_BUILD_STAGE_NAME" value="Test" />
    <property name="env.PERLBREW_HOME" value="/home/travis/.perlbrew" />
    <property name="java.vm.version" value="11.0.2+9" />
    <property name="env.RAILS_ENV" value="test" />
    <property name="java.class.path" value="/home/travis/build/icyphy/ptII:/home/travis/build/icyphy/ptII/lib/bsh-2.0b4.jar:/home/travis/build/icyphy/ptII/lib/ptCal.jar:/home/travis/build/icyphy/ptII/lib/java_cup.jar:/home/travis/build/icyphy/ptII/lib/saxon8.jar:/home/travis/build/icyphy/ptII/lib/saxon8-dom.jar:/home/travis/build/icyphy/ptII/lib/chic.jar:/home/travis/build/icyphy/ptII/lib/ptcolt.jar:/home/travis/build/icyphy/ptII/vendors/misc/itext/iText.jar:/home/travis/build/icyphy/ptII/lib/g4ltl.jar:/home/travis/build/icyphy/ptII/lib/StructuralCoder.jar:/home/travis/build/icyphy/ptII/lib/jcerti.jar:/home/travis/build/icyphy/ptII/lib/javax.mail.jar:/home/travis/build/icyphy/ptII/vendors/JMF-2.1.1e/lib/jmf.jar:/home/travis/build/icyphy/ptII/lib/jna-4.0.0-variadic.jar:/home/travis/build/icyphy/ptII/vendors/misc/joystick/Joystick.jar:/home/travis/build/icyphy/ptII/lib/ptjacl.jar:/home/travis/build/icyphy/ptII/lib/jsoup-1.8.2.jar:/home/travis/build/icyphy/ptII/lib/junit-4.8.2.jar:/home/travis/build/icyphy/ptII/lib/JUnitParams-0.4.0.jar:/home/travis/build/icyphy/ptII/ptolemy/actor/lib/excel/jxl.jar:/home/travis/build/icyphy/ptII/lib/jython.jar:/home/travis/build/icyphy/ptII/lib/kieler.jar:/home/travis/build/icyphy/ptII/vendors/opencv/share/OpenCV/java/opencv-341.jar:/home/travis/build/icyphy/ptII/lib/oscP5.jar:/home/travis/build/icyphy/ptII/lib/nrjavaserial-3.11.0.devel.jar:/home/travis/build/icyphy/ptII/vendors/j3d/lib/Linux/j3dcore.jar:/home/travis/build/icyphy/ptII/vendors/j3d/lib/Linux/j3dutils.jar:/home/travis/build/icyphy/ptII/vendors/j3d/lib/Linux/vecmath.jar:/home/travis/build/icyphy/ptII/vendors/jogl/lib/Linux/gluegen-rt-natives-linux-amd64.jar:/home/travis/build/icyphy/ptII/vendors/jogl/lib/Linux/gluegen-rt.jar:/home/travis/build/icyphy/ptII/vendors/jogl/lib/Linux/jogl-all-natives-linux-amd64.jar:/home/travis/build/icyphy/ptII/vendors/jogl/lib/Linux/jogl-all.jar:/home/travis/build/icyphy/ptII/ptolemy/distributed/jini/jar/jini-core.jar:/home/travis/build/icyphy/ptII/ptolemy/distributed/jini/jar/jini-ext.jar:/home/travis/build/icyphy/ptII/ptolemy/distributed/jini/jar/sun-util.jar:/home/travis/build/icyphy/ptII/lib/protobuf-java-2.4.1.jar:/home/travis/build/icyphy/ptII/lib/org.eclipse.paho.client.mqttv3.jar:/home/travis/build/icyphy/ptII/lib/mapss.jar:/home/travis/build/icyphy/ptII/ptolemy/actor/ptalon/antlr/antlr.jar:/home/travis/build/icyphy/ptII/lib/JRI.jar:/home/travis/build/icyphy/ptII/lib/commons-lang-2.6.jar:/home/travis/build/icyphy/ptII/lib/commons-logging-1.1.1.jar:/home/travis/build/icyphy/ptII/lib/sootclasses.jar:/home/travis/build/icyphy/ptII/ptolemy/actor/lib/database/mysql-connector-java-5.1.6-bin.jar:/home/travis/build/icyphy/ptII/vendors/misc/sphinx4/sphinx4-data-5prealpha.jar:/home/travis/build/icyphy/ptII/vendors/misc/sphinx4/sphinx4-core-5prealpha.jar:/home/travis/build/icyphy/ptII/lib/PDFRenderer.jar:/home/travis/build/icyphy/ptII/lib/svgSalamander.jar:/home/travis/build/icyphy/ptII/lib/rsyntaxtextarea-2.6.0-SNAPSHOT.jar:/home/travis/build/icyphy/ptII/lib/hazelcast-3.8.2.jar:/home/travis/build/icyphy/ptII/lib/jackson-annotations-2.9.0.jar:/home/travis/build/icyphy/ptII/lib/jackson-core-2.9.3.jar:/home/travis/build/icyphy/ptII/lib/jackson-databind-2.9.3.jar:/home/travis/build/icyphy/ptII/lib/netty-buffer-4.1.19.Final.jar:/home/travis/build/icyphy/ptII/lib/netty-codec-4.1.19.Final.jar:/home/travis/build/icyphy/ptII/lib/netty-codec-dns-4.1.19.Final.jar:/home/travis/build/icyphy/ptII/lib/netty-codec-http-4.1.19.Final.jar:/home/travis/build/icyphy/ptII/lib/netty-codec-http2-4.1.19.Final.jar:/home/travis/build/icyphy/ptII/lib/netty-common-4.1.19.Final.jar:/home/travis/build/icyphy/ptII/lib/netty-handler-4.1.19.Final.jar:/home/travis/build/icyphy/ptII/lib/netty-resolver-4.1.19.Final.jar:/home/travis/build/icyphy/ptII/lib/netty-resolver-dns-4.1.19.Final.jar:/home/travis/build/icyphy/ptII/lib/netty-transport-4.1.19.Final.jar:/home/travis/build/icyphy/ptII/lib/vertx-codegen-3.5.1.jar:/home/travis/build/icyphy/ptII/lib/vertx-core-3.5.2-SNAPSHOT.jar:/home/travis/build/icyphy/ptII/lib/vertx-hazelcast-3.5.1.jar:/home/travis/build/icyphy/ptII/lib/vertx-lang-js-3.5.1.jar:/home/travis/build/icyphy/ptII/lib/vertx-service-proxy-3.5.1.jar:/home/travis/build/icyphy/ptII/lib/vertx-web-3.5.1.jar:/home/travis/build/icyphy/ptII/lib/slf4j-api-1.7.13.jar:/home/travis/build/icyphy/ptII/lib/slf4j-simple-1.7.13.jar:/home/travis/build/icyphy/ptII/lib/webcam-capture-0.3.12.jar:/home/travis/build/icyphy/ptII/lib/bridj-0.7.0.jar:/home/travis/build/icyphy/ptII/lib/xbjlib-1.1.0.nrjavaserial.jar:/home/travis/build/icyphy/ptII/ptolemy/moml/test:/home/travis/build/icyphy/ptII/ant/lib/ant-launcher.jar:/home/travis/build/icyphy/ptII/ant/lib/ant.jar:/home/travis/build/icyphy/ptII/ant/lib/ant-junit.jar:/home/travis/build/icyphy/ptII/ant/lib/ant-junit4.jar" />
    <property name="ant.library.dir" value="/home/travis/build/icyphy/ptII/ant/lib" />
    <property name="os.arch" value="amd64" />
    <property name="env.CONTINUOUS_INTEGRATION" value="true" />
    <property name="env.TRAVIS_LANGUAGE" value="node_js" />
    <property name="env.TRAVIS_STACK_LANGUAGES" value="__sardonyx__ c c++ clojure cplusplus cpp default generic go groovy java node_js php pure_java python ruby scala" />
    <property name="test.name" value="ptolemy.actor.lib.test.junit.JUnitTclTest" />
    <property name="env.APT_KEY_DONT_WARN_ON_DANGEROUS_USAGE" value="1" />
    <property name="sun.java.launcher" value="SUN_STANDARD" />
    <property name="env.PYTHON_CONFIGURE_OPTS" value="--enable-unicode=ucs4 --with-wide-unicode --enable-shared --enable-ipv6 --enable-loadable-sqlite-extensions --with-computed-gotos" />
    <property name="ant.core.lib" value="/home/travis/build/icyphy/ptII/ant/lib/ant.jar" />
    <property name="java.vm.specification.vendor" value="Oracle Corporation" />
    <property name="env.BCVTB_HOME" value="/home/travis/build/icyphy/ptII/lbnl" />
    <property name="file.separator" value="/" />
    <property name="spotbugs.home" value="/home/travis/build/icyphy/ptII/vendors/spotbugs-3.1.1" />
    <property name="java.runtime.version" value="11.0.2+9" />
    <property name="env.ANSI_CLEAR" value="\033[0K" />
    <property name="javafx.verbose" value="true" />
    <property name="env.HAS_JOSH_K_SEAL_OF_APPROVAL" value="true" />
    <property name="env.XDG_RUNTIME_DIR" value="/run/user/2000" />
    <property name="env.TRAVIS_OSX_IMAGE" value="" />
    <property name="env.TRAVIS_JOB_ID" value="580414525" />
    <property name="env.TRAVIS_BRANCH" value="master" />
    <property name="user.country" value="US" />
    <property name="env.CERTI_HOME_TRAVIS" value="/home/travis/pthla/certi-tools" />
    <property name="env.SHELL" value="/bin/bash" />
    <property name="java.maxmemory.large" value="3200m" />
    <property name="model" value="" />
    <property name="env.CASHER_DIR" value="/home/travis/.casher" />
    <property name="env.NVM_CD_FLAGS" value="" />
    <property name="java.vendor.version" value="18.9" />
    <property name="jshint.executable" value="/home/travis/node_modules/jshint/bin/jshint" />
    <property name="env.JRUBY_OPTS" value=" --client -J-XX:+TieredCompilation -J-XX:TieredStopAtLevel=1 -J-Xss2m -Xcompile.invokedynamic=false" />
    <property name="java.vendor" value="Oracle Corporation" />
    <property name="env.TRAVIS_PRE_CHEF_BOOTSTRAP_TIME" value="2019-03-25T16:16:42" />
    <property name="env.TRAVIS_STACK_JOB_BOARD_REGISTER" value="/.job-board-register.yml" />
    <property name="env.ANSI_RED" value="\033[31;1m" />
    <property name="java.specification.version" value="11" />
    <property name="env.IRBRC" value="/home/travis/.rvm/rubies/ruby-2.5.3/.irbrc" />
    <property name="env.TRAVIS" value="true" />
    <property name="sun.arch.data.model" value="64" />
  </properties>
  <testcase classname="ptolemy.util.test.junit.TclTests" name="[0] ThereAreNoTclTests (RunTclFile)" time="0.014" />
  <testcase classname="ptolemy.util.test.junit.AutoKnownFailedTests" name="[0] ThereAreNoKnowFailedTests (RunModel)" time="0.01" />
  <testcase classname="ptolemy.util.test.junit.AutoNameArchTests" name="[0] ThereAreNoAutoArchTests (RunModel)" time="0.012" />
  <testcase classname="ptolemy.util.test.junit.AutoTests" name="[0] /home/travis/build/icyphy/ptII/ptolemy/domains/ptera/test/auto/CarWash.xml (RunModel)" time="0.661" />
  <testcase classname="ptolemy.util.test.junit.AutoTests" name="[1] /home/travis/build/icyphy/ptII/ptolemy/domains/ptera/test/auto/CarWashHierarchical.xml (RunModel)" time="0.764" />
  <testcase classname="ptolemy.util.test.junit.AutoTests" name="[2] /home/travis/build/icyphy/ptII/ptolemy/domains/ptera/test/auto/Composition1.xml (RunModel)" time="0.214" />
  <testcase classname="ptolemy.util.test.junit.AutoTests" name="[3] /home/travis/build/icyphy/ptII/ptolemy/domains/ptera/test/auto/EventNameTest1.xml (RunModel)" time="0.095" />
  <testcase classname="ptolemy.util.test.junit.AutoTests" name="[4] /home/travis/build/icyphy/ptII/ptolemy/domains/ptera/test/auto/EventNameTest2.xml (RunModel)" time="0.052" />
  <testcase classname="ptolemy.util.test.junit.AutoTests" name="[5] /home/travis/build/icyphy/ptII/ptolemy/domains/ptera/test/auto/EventNameTest3.xml (RunModel)" time="0.056" />
  <testcase classname="ptolemy.util.test.junit.AutoTests" name="[6] /home/travis/build/icyphy/ptII/ptolemy/domains/ptera/test/auto/EventNameTest4.xml (RunModel)" time="0.066" />
  <testcase classname="ptolemy.util.test.junit.AutoTests" name="[7] /home/travis/build/icyphy/ptII/ptolemy/domains/ptera/test/auto/EventNameTest5.xml (RunModel)" time="0.049" />
  <testcase classname="ptolemy.util.test.junit.AutoTests" name="[8] /home/travis/build/icyphy/ptII/ptolemy/domains/ptera/test/auto/EventNameTest6.xml (RunModel)" time="0.076" />
  <testcase classname="ptolemy.util.test.junit.AutoTests" name="[9] /home/travis/build/icyphy/ptII/ptolemy/domains/ptera/test/auto/Hierarchy1.xml (RunModel)" time="0.207" />
  <testcase classname="ptolemy.util.test.junit.AutoTests" name="[10] /home/travis/build/icyphy/ptII/ptolemy/domains/ptera/test/auto/Hierarchy2.xml (RunModel)" time="0.099" />
  <testcase classname="ptolemy.util.test.junit.AutoTests" name="[11] /home/travis/build/icyphy/ptII/ptolemy/domains/ptera/test/auto/Hierarchy3.xml (RunModel)" time="0.056" />
  <testcase classname="ptolemy.util.test.junit.AutoTests" name="[12] /home/travis/build/icyphy/ptII/ptolemy/domains/ptera/test/auto/Hierarchy4.xml (RunModel)" time="0.103" />
  <testcase classname="ptolemy.util.test.junit.AutoTests" name="[13] /home/travis/build/icyphy/ptII/ptolemy/domains/ptera/test/auto/Hierarchy5.xml (RunModel)" time="0.088" />
  <testcase classname="ptolemy.util.test.junit.AutoTests" name="[14] /home/travis/build/icyphy/ptII/ptolemy/domains/ptera/test/auto/Hierarchy6.xml (RunModel)" time="0.075" />
  <testcase classname="ptolemy.util.test.junit.AutoTests" name="[15] /home/travis/build/icyphy/ptII/ptolemy/domains/ptera/test/auto/Hierarchy7.xml (RunModel)" time="0.201" />
  <testcase classname="ptolemy.util.test.junit.AutoTests" name="[16] /home/travis/build/icyphy/ptII/ptolemy/domains/ptera/test/auto/Hierarchy8.xml (RunModel)" time="0.164" />
  <testcase classname="ptolemy.util.test.junit.AutoTests" name="[17] /home/travis/build/icyphy/ptII/ptolemy/domains/ptera/test/auto/ParameterTest1.xml (RunModel)" time="0.061" />
  <testcase classname="ptolemy.util.test.junit.AutoTests" name="[18] /home/travis/build/icyphy/ptII/ptolemy/domains/ptera/test/auto/ParameterTest10.xml (RunModel)" time="0.046" />
  <testcase classname="ptolemy.util.test.junit.AutoTests" name="[19] /home/travis/build/icyphy/ptII/ptolemy/domains/ptera/test/auto/ParameterTest2.xml (RunModel)" time="0.037" />
  <testcase classname="ptolemy.util.test.junit.AutoTests" name="[20] /home/travis/build/icyphy/ptII/ptolemy/domains/ptera/test/auto/ParameterTest3.xml (RunModel)" time="0.029" />
  <testcase classname="ptolemy.util.test.junit.AutoTests" name="[21] /home/travis/build/icyphy/ptII/ptolemy/domains/ptera/test/auto/ParameterTest4.xml (RunModel)" time="0.043" />
  <testcase classname="ptolemy.util.test.junit.AutoTests" name="[22] /home/travis/build/icyphy/ptII/ptolemy/domains/ptera/test/auto/ParameterTest5.xml (RunModel)" time="0.043" />
  <testcase classname="ptolemy.util.test.junit.AutoTests" name="[23] /home/travis/build/icyphy/ptII/ptolemy/domains/ptera/test/auto/ParameterTest6.xml (RunModel)" time="0.042" />
  <testcase classname="ptolemy.util.test.junit.AutoTests" name="[24] /home/travis/build/icyphy/ptII/ptolemy/domains/ptera/test/auto/ParameterTest7.xml (RunModel)" time="0.048" />
  <testcase classname="ptolemy.util.test.junit.AutoTests" name="[25] /home/travis/build/icyphy/ptII/ptolemy/domains/ptera/test/auto/ParameterTest8.xml (RunModel)" time="0.046" />
  <testcase classname="ptolemy.util.test.junit.AutoTests" name="[26] /home/travis/build/icyphy/ptII/ptolemy/domains/ptera/test/auto/ParameterTest9.xml (RunModel)" time="0.044" />
  <testcase classname="ptolemy.util.test.junit.AutoTests" name="[27] /home/travis/build/icyphy/ptII/ptolemy/domains/ptera/test/auto/PriorityTest1.xml (RunModel)" time="0.037" />
  <testcase classname="ptolemy.util.test.junit.AutoTests" name="[28] /home/travis/build/icyphy/ptII/ptolemy/domains/ptera/test/auto/PriorityTest2.xml (RunModel)" time="0.028" />
  <testcase classname="ptolemy.util.test.junit.AutoTests" name="[29] /home/travis/build/icyphy/ptII/ptolemy/domains/ptera/test/auto/PriorityTest3.xml (RunModel)" time="0.044" />
  <testcase classname="ptolemy.util.test.junit.AutoTests" name="[30] /home/travis/build/icyphy/ptII/ptolemy/domains/ptera/test/auto/PriorityTest4.xml (RunModel)" time="0.048" />
  <testcase classname="ptolemy.util.test.junit.AutoTests" name="[31] /home/travis/build/icyphy/ptII/ptolemy/domains/ptera/test/auto/RelationNameTest1.xml (RunModel)" time="0.035" />
  <testcase classname="ptolemy.util.test.junit.AutoTests" name="[32] /home/travis/build/icyphy/ptII/ptolemy/domains/ptera/test/auto/RelationNameTest2.xml (RunModel)" time="0.042" />
  <system-out><![CDATA[No tcl tests in /home/travis/build/icyphy/ptII/ptolemy/domains/ptera/test
No auto/knownFailedTests/*.xml tests in /home/travis/build/icyphy/ptII/ptolemy/domains/ptera/test
No auto/linux-amd64/*.xml tests in /home/travis/build/icyphy/ptII/ptolemy/domains/ptera/test
AutoTests.java: About to close Vertx.
AutoTests.java: Vertx closed.

===========================================================================================
----------------- testing Tue Sep 03 20:57:43 UTC 2019 /home/travis/build/icyphy/ptII/ptolemy/domains/ptera/test/auto/CarWash.xml
----------------- Instantiating /home/travis/build/icyphy/ptII/ptolemy/domains/ptera/test/auto/CarWash.xml
192 ms. Memory: 120832K Free: 106302K (88%)
----------------- Invoking toplevel() on ptolemy.moml.MoMLSimpleApplication@66029782
----------------- Done invoking toplevel() on ptolemy.moml.MoMLSimpleApplication@66029782
reloadAllAccessors: .CarWash

===========================================================================================
----------------- testing Tue Sep 03 20:57:44 UTC 2019 /home/travis/build/icyphy/ptII/ptolemy/domains/ptera/test/auto/CarWashHierarchical.xml
----------------- Instantiating /home/travis/build/icyphy/ptII/ptolemy/domains/ptera/test/auto/CarWashHierarchical.xml
441 ms. Memory: 120832K Free: 101311K (84%)
----------------- Invoking toplevel() on ptolemy.moml.MoMLSimpleApplication@ac2f681
----------------- Done invoking toplevel() on ptolemy.moml.MoMLSimpleApplication@ac2f681
reloadAllAccessors: .CarWashHierarchical

===========================================================================================
----------------- testing Tue Sep 03 20:57:45 UTC 2019 /home/travis/build/icyphy/ptII/ptolemy/domains/ptera/test/auto/Composition1.xml
----------------- Instantiating /home/travis/build/icyphy/ptII/ptolemy/domains/ptera/test/auto/Composition1.xml
65 ms. Memory: 120832K Free: 82221K (68%)
----------------- Invoking toplevel() on ptolemy.moml.MoMLSimpleApplication@7e3a6e2d
----------------- Done invoking toplevel() on ptolemy.moml.MoMLSimpleApplication@7e3a6e2d
reloadAllAccessors: .Composition1

===========================================================================================
----------------- testing Tue Sep 03 20:57:45 UTC 2019 /home/travis/build/icyphy/ptII/ptolemy/domains/ptera/test/auto/EventNameTest1.xml
----------------- Instantiating /home/travis/build/icyphy/ptII/ptolemy/domains/ptera/test/auto/EventNameTest1.xml
4 ms. Memory: 120832K Free: 72611K (60%)
----------------- Invoking toplevel() on ptolemy.moml.MoMLSimpleApplication@67612451
----------------- Done invoking toplevel() on ptolemy.moml.MoMLSimpleApplication@67612451
reloadAllAccessors: .EventNameTest1

===========================================================================================
----------------- testing Tue Sep 03 20:57:45 UTC 2019 /home/travis/build/icyphy/ptII/ptolemy/domains/ptera/test/auto/EventNameTest2.xml
----------------- Instantiating /home/travis/build/icyphy/ptII/ptolemy/domains/ptera/test/auto/EventNameTest2.xml
6 ms. Memory: 120832K Free: 63789K (53%)
----------------- Invoking toplevel() on ptolemy.moml.MoMLSimpleApplication@46f8e375
----------------- Done invoking toplevel() on ptolemy.moml.MoMLSimpleApplication@46f8e375
reloadAllAccessors: .EventNameTest2

===========================================================================================
----------------- testing Tue Sep 03 20:57:45 UTC 2019 /home/travis/build/icyphy/ptII/ptolemy/domains/ptera/test/auto/EventNameTest3.xml
----------------- Instantiating /home/travis/build/icyphy/ptII/ptolemy/domains/ptera/test/auto/EventNameTest3.xml
14 ms. Memory: 147456K Free: 134057K (91%)
----------------- Invoking toplevel() on ptolemy.moml.MoMLSimpleApplication@7ee79290
----------------- Done invoking toplevel() on ptolemy.moml.MoMLSimpleApplication@7ee79290
reloadAllAccessors: .EventNameTest3

===========================================================================================
----------------- testing Tue Sep 03 20:57:45 UTC 2019 /home/travis/build/icyphy/ptII/ptolemy/domains/ptera/test/auto/EventNameTest4.xml
----------------- Instantiating /home/travis/build/icyphy/ptII/ptolemy/domains/ptera/test/auto/EventNameTest4.xml
4 ms. Memory: 147456K Free: 121774K (83%)
----------------- Invoking toplevel() on ptolemy.moml.MoMLSimpleApplication@16654835
----------------- Done invoking toplevel() on ptolemy.moml.MoMLSimpleApplication@16654835
reloadAllAccessors: .EventNameTest4

===========================================================================================
----------------- testing Tue Sep 03 20:57:45 UTC 2019 /home/travis/build/icyphy/ptII/ptolemy/domains/ptera/test/auto/EventNameTest5.xml
----------------- Instantiating /home/travis/build/icyphy/ptII/ptolemy/domains/ptera/test/auto/EventNameTest5.xml
4 ms. Memory: 147456K Free: 109984K (75%)
----------------- Invoking toplevel() on ptolemy.moml.MoMLSimpleApplication@2d9b0fad
----------------- Done invoking toplevel() on ptolemy.moml.MoMLSimpleApplication@2d9b0fad
reloadAllAccessors: .EventNameTest5

===========================================================================================
----------------- testing Tue Sep 03 20:57:45 UTC 2019 /home/travis/build/icyphy/ptII/ptolemy/domains/ptera/test/auto/EventNameTest6.xml
----------------- Instantiating /home/travis/build/icyphy/ptII/ptolemy/domains/ptera/test/auto/EventNameTest6.xml
7 ms. Memory: 147456K Free: 98720K (67%)
----------------- Invoking toplevel() on ptolemy.moml.MoMLSimpleApplication@52d4d801
----------------- Done invoking toplevel() on ptolemy.moml.MoMLSimpleApplication@52d4d801
reloadAllAccessors: .EventNameTest6

===========================================================================================
----------------- testing Tue Sep 03 20:57:45 UTC 2019 /home/travis/build/icyphy/ptII/ptolemy/domains/ptera/test/auto/Hierarchy1.xml
----------------- Instantiating /home/travis/build/icyphy/ptII/ptolemy/domains/ptera/test/auto/Hierarchy1.xml
42 ms. Memory: 147456K Free: 133189K (90%)
----------------- Invoking toplevel() on ptolemy.moml.MoMLSimpleApplication@71c311ef
----------------- Done invoking toplevel() on ptolemy.moml.MoMLSimpleApplication@71c311ef
reloadAllAccessors: .Hierarchy1

===========================================================================================
----------------- testing Tue Sep 03 20:57:46 UTC 2019 /home/travis/build/icyphy/ptII/ptolemy/domains/ptera/test/auto/Hierarchy2.xml
----------------- Instantiating /home/travis/build/icyphy/ptII/ptolemy/domains/ptera/test/auto/Hierarchy2.xml
11 ms. Memory: 147456K Free: 108927K (74%)
----------------- Invoking toplevel() on ptolemy.moml.MoMLSimpleApplication@4a2c6c8d
----------------- Done invoking toplevel() on ptolemy.moml.MoMLSimpleApplication@4a2c6c8d
reloadAllAccessors: .Hierarchy2

===========================================================================================
----------------- testing Tue Sep 03 20:57:46 UTC 2019 /home/travis/build/icyphy/ptII/ptolemy/domains/ptera/test/auto/Hierarchy3.xml
----------------- Instantiating /home/travis/build/icyphy/ptII/ptolemy/domains/ptera/test/auto/Hierarchy3.xml
10 ms. Memory: 147456K Free: 84861K (58%)
----------------- Invoking toplevel() on ptolemy.moml.MoMLSimpleApplication@634e337d
----------------- Done invoking toplevel() on ptolemy.moml.MoMLSimpleApplication@634e337d
reloadAllAccessors: .Hierarchy3

===========================================================================================
----------------- testing Tue Sep 03 20:57:46 UTC 2019 /home/travis/build/icyphy/ptII/ptolemy/domains/ptera/test/auto/Hierarchy4.xml
----------------- Instantiating /home/travis/build/icyphy/ptII/ptolemy/domains/ptera/test/auto/Hierarchy4.xml
19 ms. Memory: 147456K Free: 61309K (42%)
----------------- Invoking toplevel() on ptolemy.moml.MoMLSimpleApplication@17008ff1
----------------- Done invoking toplevel() on ptolemy.moml.MoMLSimpleApplication@17008ff1
reloadAllAccessors: .Hierarchy4

===========================================================================================
----------------- testing Tue Sep 03 20:57:46 UTC 2019 /home/travis/build/icyphy/ptII/ptolemy/domains/ptera/test/auto/Hierarchy5.xml
----------------- Instantiating /home/travis/build/icyphy/ptII/ptolemy/domains/ptera/test/auto/Hierarchy5.xml
13 ms. Memory: 147456K Free: 122050K (83%)
----------------- Invoking toplevel() on ptolemy.moml.MoMLSimpleApplication@1c21967c
----------------- Done invoking toplevel() on ptolemy.moml.MoMLSimpleApplication@1c21967c
reloadAllAccessors: .Hierarchy5

===========================================================================================
----------------- testing Tue Sep 03 20:57:46 UTC 2019 /home/travis/build/icyphy/ptII/ptolemy/domains/ptera/test/auto/Hierarchy6.xml
----------------- Instantiating /home/travis/build/icyphy/ptII/ptolemy/domains/ptera/test/auto/Hierarchy6.xml
14 ms. Memory: 147456K Free: 98498K (67%)
----------------- Invoking toplevel() on ptolemy.moml.MoMLSimpleApplication@2832d350
----------------- Done invoking toplevel() on ptolemy.moml.MoMLSimpleApplication@2832d350
reloadAllAccessors: .Hierarchy6

===========================================================================================
----------------- testing Tue Sep 03 20:57:46 UTC 2019 /home/travis/build/icyphy/ptII/ptolemy/domains/ptera/test/auto/Hierarchy7.xml
----------------- Instantiating /home/travis/build/icyphy/ptII/ptolemy/domains/ptera/test/auto/Hierarchy7.xml
26 ms. Memory: 147456K Free: 114600K (78%)
----------------- Invoking toplevel() on ptolemy.moml.MoMLSimpleApplication@7588606e
----------------- Done invoking toplevel() on ptolemy.moml.MoMLSimpleApplication@7588606e
reloadAllAccessors: .Hierarchy7

===========================================================================================
----------------- testing Tue Sep 03 20:57:46 UTC 2019 /home/travis/build/icyphy/ptII/ptolemy/domains/ptera/test/auto/Hierarchy8.xml
----------------- Instantiating /home/travis/build/icyphy/ptII/ptolemy/domains/ptera/test/auto/Hierarchy8.xml
35 ms. Memory: 147456K Free: 131204K (89%)
----------------- Invoking toplevel() on ptolemy.moml.MoMLSimpleApplication@44a8f28d
----------------- Done invoking toplevel() on ptolemy.moml.MoMLSimpleApplication@44a8f28d
reloadAllAccessors: .Hierarchy8

===========================================================================================
----------------- testing Tue Sep 03 20:57:46 UTC 2019 /home/travis/build/icyphy/ptII/ptolemy/domains/ptera/test/auto/ParameterTest1.xml
----------------- Instantiating /home/travis/build/icyphy/ptII/ptolemy/domains/ptera/test/auto/ParameterTest1.xml
9 ms. Memory: 147456K Free: 119303K (81%)
----------------- Invoking toplevel() on ptolemy.moml.MoMLSimpleApplication@4d371416
----------------- Done invoking toplevel() on ptolemy.moml.MoMLSimpleApplication@4d371416
reloadAllAccessors: .ParameterTest1

===========================================================================================
----------------- testing Tue Sep 03 20:57:47 UTC 2019 /home/travis/build/icyphy/ptII/ptolemy/domains/ptera/test/auto/ParameterTest10.xml
----------------- Instantiating /home/travis/build/icyphy/ptII/ptolemy/domains/ptera/test/auto/ParameterTest10.xml
8 ms. Memory: 147456K Free: 104951K (71%)
----------------- Invoking toplevel() on ptolemy.moml.MoMLSimpleApplication@336d5a3c
----------------- Done invoking toplevel() on ptolemy.moml.MoMLSimpleApplication@336d5a3c
reloadAllAccessors: .ParameterTest10

===========================================================================================
----------------- testing Tue Sep 03 20:57:47 UTC 2019 /home/travis/build/icyphy/ptII/ptolemy/domains/ptera/test/auto/ParameterTest2.xml
----------------- Instantiating /home/travis/build/icyphy/ptII/ptolemy/domains/ptera/test/auto/ParameterTest2.xml
4 ms. Memory: 147456K Free: 94231K (64%)
----------------- Invoking toplevel() on ptolemy.moml.MoMLSimpleApplication@18111dec
----------------- Done invoking toplevel() on ptolemy.moml.MoMLSimpleApplication@18111dec
reloadAllAccessors: .ParameterTest2

===========================================================================================
----------------- testing Tue Sep 03 20:57:47 UTC 2019 /home/travis/build/icyphy/ptII/ptolemy/domains/ptera/test/auto/ParameterTest3.xml
----------------- Instantiating /home/travis/build/icyphy/ptII/ptolemy/domains/ptera/test/auto/ParameterTest3.xml
6 ms. Memory: 147456K Free: 83477K (57%)
----------------- Invoking toplevel() on ptolemy.moml.MoMLSimpleApplication@5a45b23b
----------------- Done invoking toplevel() on ptolemy.moml.MoMLSimpleApplication@5a45b23b
reloadAllAccessors: .ParameterTest3

===========================================================================================
----------------- testing Tue Sep 03 20:57:47 UTC 2019 /home/travis/build/icyphy/ptII/ptolemy/domains/ptera/test/auto/ParameterTest4.xml
----------------- Instantiating /home/travis/build/icyphy/ptII/ptolemy/domains/ptera/test/auto/ParameterTest4.xml
7 ms. Memory: 147456K Free: 70165K (48%)
----------------- Invoking toplevel() on ptolemy.moml.MoMLSimpleApplication@3170c9c5
----------------- Done invoking toplevel() on ptolemy.moml.MoMLSimpleApplication@3170c9c5
reloadAllAccessors: .ParameterTest4

===========================================================================================
----------------- testing Tue Sep 03 20:57:47 UTC 2019 /home/travis/build/icyphy/ptII/ptolemy/domains/ptera/test/auto/ParameterTest5.xml
----------------- Instantiating /home/travis/build/icyphy/ptII/ptolemy/domains/ptera/test/auto/ParameterTest5.xml
5 ms. Memory: 147456K Free: 56853K (39%)
----------------- Invoking toplevel() on ptolemy.moml.MoMLSimpleApplication@21c5e370
----------------- Done invoking toplevel() on ptolemy.moml.MoMLSimpleApplication@21c5e370
reloadAllAccessors: .ParameterTest5

===========================================================================================
----------------- testing Tue Sep 03 20:57:47 UTC 2019 /home/travis/build/icyphy/ptII/ptolemy/domains/ptera/test/auto/ParameterTest6.xml
----------------- Instantiating /home/travis/build/icyphy/ptII/ptolemy/domains/ptera/test/auto/ParameterTest6.xml
3 ms. Memory: 147456K Free: 129150K (88%)
----------------- Invoking toplevel() on ptolemy.moml.MoMLSimpleApplication@5416084b
----------------- Done invoking toplevel() on ptolemy.moml.MoMLSimpleApplication@5416084b
reloadAllAccessors: .ParameterTest6

===========================================================================================
----------------- testing Tue Sep 03 20:57:47 UTC 2019 /home/travis/build/icyphy/ptII/ptolemy/domains/ptera/test/auto/ParameterTest7.xml
----------------- Instantiating /home/travis/build/icyphy/ptII/ptolemy/domains/ptera/test/auto/ParameterTest7.xml
5 ms. Memory: 147456K Free: 114304K (78%)
----------------- Invoking toplevel() on ptolemy.moml.MoMLSimpleApplication@4f67cab2
----------------- Done invoking toplevel() on ptolemy.moml.MoMLSimpleApplication@4f67cab2
reloadAllAccessors: .ParameterTest7

===========================================================================================
----------------- testing Tue Sep 03 20:57:47 UTC 2019 /home/travis/build/icyphy/ptII/ptolemy/domains/ptera/test/auto/ParameterTest8.xml
----------------- Instantiating /home/travis/build/icyphy/ptII/ptolemy/domains/ptera/test/auto/ParameterTest8.xml
7 ms. Memory: 147456K Free: 99448K (67%)
----------------- Invoking toplevel() on ptolemy.moml.MoMLSimpleApplication@29fe26b2
----------------- Done invoking toplevel() on ptolemy.moml.MoMLSimpleApplication@29fe26b2
reloadAllAccessors: .ParameterTest8

===========================================================================================
----------------- testing Tue Sep 03 20:57:47 UTC 2019 /home/travis/build/icyphy/ptII/ptolemy/domains/ptera/test/auto/ParameterTest9.xml
----------------- Instantiating /home/travis/build/icyphy/ptII/ptolemy/domains/ptera/test/auto/ParameterTest9.xml
5 ms. Memory: 147456K Free: 85088K (58%)
----------------- Invoking toplevel() on ptolemy.moml.MoMLSimpleApplication@245c48f7
----------------- Done invoking toplevel() on ptolemy.moml.MoMLSimpleApplication@245c48f7
reloadAllAccessors: .ParameterTest9

===========================================================================================
----------------- testing Tue Sep 03 20:57:47 UTC 2019 /home/travis/build/icyphy/ptII/ptolemy/domains/ptera/test/auto/PriorityTest1.xml
----------------- Instantiating /home/travis/build/icyphy/ptII/ptolemy/domains/ptera/test/auto/PriorityTest1.xml
3 ms. Memory: 147456K Free: 73344K (50%)
----------------- Invoking toplevel() on ptolemy.moml.MoMLSimpleApplication@5b22f003
----------------- Done invoking toplevel() on ptolemy.moml.MoMLSimpleApplication@5b22f003
reloadAllAccessors: .PriorityTest1

===========================================================================================
----------------- testing Tue Sep 03 20:57:47 UTC 2019 /home/travis/build/icyphy/ptII/ptolemy/domains/ptera/test/auto/PriorityTest2.xml
----------------- Instantiating /home/travis/build/icyphy/ptII/ptolemy/domains/ptera/test/auto/PriorityTest2.xml
2 ms. Memory: 147456K Free: 61566K (42%)
----------------- Invoking toplevel() on ptolemy.moml.MoMLSimpleApplication@9209009
----------------- Done invoking toplevel() on ptolemy.moml.MoMLSimpleApplication@9209009
reloadAllAccessors: .PriorityTest2

===========================================================================================
----------------- testing Tue Sep 03 20:57:47 UTC 2019 /home/travis/build/icyphy/ptII/ptolemy/domains/ptera/test/auto/PriorityTest3.xml
----------------- Instantiating /home/travis/build/icyphy/ptII/ptolemy/domains/ptera/test/auto/PriorityTest3.xml
16 ms. Memory: 177152K Free: 164217K (93%)
----------------- Invoking toplevel() on ptolemy.moml.MoMLSimpleApplication@e61c747
----------------- Done invoking toplevel() on ptolemy.moml.MoMLSimpleApplication@e61c747
reloadAllAccessors: .PriorityTest3

===========================================================================================
----------------- testing Tue Sep 03 20:57:47 UTC 2019 /home/travis/build/icyphy/ptII/ptolemy/domains/ptera/test/auto/PriorityTest4.xml
----------------- Instantiating /home/travis/build/icyphy/ptII/ptolemy/domains/ptera/test/auto/PriorityTest4.xml
7 ms. Memory: 177152K Free: 150211K (85%)
----------------- Invoking toplevel() on ptolemy.moml.MoMLSimpleApplication@2544ad87
----------------- Done invoking toplevel() on ptolemy.moml.MoMLSimpleApplication@2544ad87
reloadAllAccessors: .PriorityTest4

===========================================================================================
----------------- testing Tue Sep 03 20:57:47 UTC 2019 /home/travis/build/icyphy/ptII/ptolemy/domains/ptera/test/auto/RelationNameTest1.xml
----------------- Instantiating /home/travis/build/icyphy/ptII/ptolemy/domains/ptera/test/auto/RelationNameTest1.xml
4 ms. Memory: 177152K Free: 139457K (79%)
----------------- Invoking toplevel() on ptolemy.moml.MoMLSimpleApplication@6632ac19
----------------- Done invoking toplevel() on ptolemy.moml.MoMLSimpleApplication@6632ac19
reloadAllAccessors: .RelationNameTest1

===========================================================================================
----------------- testing Tue Sep 03 20:57:47 UTC 2019 /home/travis/build/icyphy/ptII/ptolemy/domains/ptera/test/auto/RelationNameTest2.xml
----------------- Instantiating /home/travis/build/icyphy/ptII/ptolemy/domains/ptera/test/auto/RelationNameTest2.xml
8 ms. Memory: 177152K Free: 128707K (73%)
----------------- Invoking toplevel() on ptolemy.moml.MoMLSimpleApplication@5faf3211
----------------- Done invoking toplevel() on ptolemy.moml.MoMLSimpleApplication@5faf3211
reloadAllAccessors: .RelationNameTest2
AutoTests.java: About to close Vertx.
AutoTests.java: Vertx closed.
]]></system-out>
  <system-err><![CDATA[]]></system-err>
</testsuite>
