<?xml version="1.0" encoding="UTF-8" ?>
<testsuite errors="0" failures="0" hostname="travis-job-589b07eb-a13a-4fac-a9d3-d15cfaa055c3" name="ptolemy.actor.lib.test.junit.JUnitTclTest" skipped="0" tests="517" time="56.972" timestamp="2019-01-30T15:52:35">
  <properties>
    <property name="npm.executable" value="npm" />
    <property name="file.encoding.pkg" value="sun.io" />
    <property name="env.TRAVIS_ROOT" value="/" />
    <property name="ptII.mk.exists" value="true" />
    <property name="env.TRAVIS_APP_HOST" value="build.travis-ci.org" />
    <property name="env.rvm_bin_path" value="/home/travis/.rvm/bin" />
    <property name="java.home" value="/usr/lib/jvm/java-8-oracle/jre" />
    <property name="env.TRAVIS_JOB_NUMBER" value="983.8" />
    <property name="env.TRAVIS_HOME" value="/home/travis" />
    <property name="env.DISPLAY" value=":99.0" />
    <property name="java.net.preferIPv4Stack" value="true" />
    <property name="env.TRAVIS_INIT" value="upstart" />
    <property name="env.SSH_TTY" value="/dev/pts/0" />
    <property name="env.RUN_TESTS" value="true" />
    <property name="timeout.short" value="1000000" />
    <property name="env.TRAVIS_JOB_NAME" value="" />
    <property name="env.TRAVIS_STACK_NODE_ATTRIBUTES" value="/.node-attributes.yml" />
    <property name="junit.formatter" value="xml" />
    <property name="java.endorsed.dirs" value="/usr/lib/jvm/java-8-oracle/jre/lib/endorsed" />
    <property name="env.TRAVIS_SUDO" value="true" />
    <property name="env.LOGNAME" value="travis" />
    <property name="env.PT_TRAVIS_TEST_CORE1_XML" value="true" />
    <property name="jsdoc.home" value="node_modules/@terraswarm/jsdoc" />
    <property name="debuglevel" value="source,lines,vars" />
    <property name="checkstyle.formatter" value="xml" />
    <property name="bin.vergil.makeable" value="true" />
    <property name="env._system_version" value="14.04" />
    <property name="sun.os.patch.level" value="unknown" />
    <property name="java.vendor.url" value="http://java.oracle.com/" />
    <property name="env.TRAVIS_BUILD_WEB_URL" value="https://travis-ci.org/icyphy/ptII/builds/486473173" />
    <property name="java.version" value="1.8.0_151" />
    <property name="env.TZ" value="UTC" />
    <property name="env.PT_NO_NET" value="true" />
    <property name="env.TRAVIS_PULL_REQUEST_SHA" value="" />
    <property name="env.TRAVIS_SECURE_ENV_VARS" value="true" />
    <property name="env._system_type" value="Linux" />
    <property name="java.vendor.url.bug" value="http://bugreport.sun.com/bugreport/" />
    <property name="env.SSH_CLIENT" value="10.10.19.230 46626 22" />
    <property name="npmjs-org-is-up" value="true" />
    <property name="env.GEM_HOME" value="/home/travis/.rvm/gems/ruby-2.4.1" />
    <property name="env.HAS_ANTARES_THREE_LITTLE_FRONZIES_BADGE" value="true" />
    <property name="env.PS4" value="+" />
    <property name="ant.project.invoked-targets" value="build,test.core1.xml" />
    <property name="env.TRAVIS_PULL_REQUEST_BRANCH" value="" />
    <property name="env.TRAVIS_REPO_SLUG" value="icyphy/ptII" />
    <property name="env.TRAVIS_APT_PROXY" value="http://build-cache.travisci.net" />
    <property name="node.in.path" value="true" />
    <property name="java.maxmemory" value="1400m" />
    <property name="env.RUBY_VERSION" value="ruby-2.4.1" />
    <property name="user.name" value="travis" />
    <property name="env.LANG" value="en_US.UTF-8" />
    <property name="sun.io.unicode.encoding" value="UnicodeLittle" />
    <property name="sun.jnu.encoding" value="UTF-8" />
    <property name="java.runtime.name" value="Java(TM) SE Runtime Environment" />
    <property name="usefile" value="false" />
    <property name="return.code" value="0" />
    <property name="junit.single.formatter" value="plain" />
    <property name="env.DYLD_LIBRARY_PATH" value="/home/travis/pthla/certi-tools/lib:" />
    <property name="env.DEBIAN_FRONTEND" value="noninteractive" />
    <property name="env.SSH_CONNECTION" value="10.10.19.230 46626 10.20.2.123 22" />
    <property name="env.MYSQL_UNIX_PORT" value="/var/run/mysqld/mysqld.sock" />
    <property name="env.TRAVIS_ALLOW_FAILURE" value="false" />
    <property name="env.LC_ALL" value="en_US.UTF-8" />
    <property name="env.TRAVIS_JOB_WEB_URL" value="https://travis-ci.org/icyphy/ptII/jobs/486473190" />
    <property name="java.specification.name" value="Java Platform API Specification" />
    <property name="node.works" value="true" />
    <property name="user.timezone" value="" />
    <property name="path.separator" value=":" />
    <property name="env.TRAVIS_ENABLE_INFRA_DETECTION" value="true" />
    <property name="env.PYTHON_CFLAGS" value="-g -fstack-protector --param=ssp-buffer-size=4 -Wformat -Werror=format-security" />
    <property name="timeout.long" value="4000000" />
    <property name="env.CERTI_HOME" value="/home/travis/pthla/certi-tools" />
    <property name="file.encoding" value="UTF-8" />
    <property name="ant.file.ptII" value="/home/travis/build/icyphy/ptII/build.xml" />
    <property name="javadoc.packagenames" value="com.*,diva.*,lbnl.*,org.hlacerti.*,org.json.*,org.ptolemy.*,org.terraswarm.*,ptolemy.*,ptserver.*" />
    <property name="env.TRAVIS_PULL_REQUEST_SLUG" value="" />
    <property name="ant.project.default-target" value="build" />
    <property name="env.GIT_ASKPASS" value="echo" />
    <property name="env.HOME" value="/home/travis" />
    <property name="sun.java.command" value="org.apache.tools.ant.taskdefs.optional.junit.JUnitTestRunner ptolemy.actor.lib.test.junit.JUnitTclTest skipNonTests=false filtertrace=true haltOnError=false haltOnFailure=false formatter=org.apache.tools.ant.taskdefs.optional.junit.OutErrSummaryJUnitResultFormatter showoutput=true outputtoformatters=true logfailedtests=true threadid=0 logtestlistenerevents=false formatter=org.apache.tools.ant.taskdefs.optional.junit.XMLJUnitResultFormatter,/home/travis/build/icyphy/ptII/reports/junit/TEST-ptolemy.actor.lib.test.junit.JUnitTclTest.xml crashfile=/home/travis/build/icyphy/ptII/junitvmwatcher7708943829543523183.properties propsfile=/home/travis/build/icyphy/ptII/junit8952779135951072187.properties" />
    <property name="env.MANPATH" value="/home/travis/.nvm/versions/node/v7.10.1/share/man:/home/travis/.kiex/elixirs/elixir-1.4.5/man:/home/travis/.rvm/rubies/ruby-2.4.1/share/man:/usr/local/man:/usr/local/cmake-3.9.2/man:/usr/local/clang-5.0.0/share/man:/usr/local/share/man:/usr/share/man:/home/travis/.rvm/man" />
    <property name="env.COMPOSER_NO_INTERACTION" value="1" />
    <property name="env.JDK_SWITCHER_DEFAULT" value="oraclejdk8" />
    <property name="env.TRAVIS_TIMER_ID" value="1f69d4ca" />
    <property name="ant.file" value="/home/travis/build/icyphy/ptII/build.xml" />
    <property name="env.TRAVIS_COMMIT_RANGE" value="f3f2305f4b53...128e79ecef90" />
    <property name="env._system_name" value="Ubuntu" />
    <property name="timeout" value="2400000" />
    <property name="ptII.classpath.optional.property" value="/home/travis/build/icyphy/ptII/lib/bsh-2.0b4.jar:/home/travis/build/icyphy/ptII/lib/ptCal.jar:/home/travis/build/icyphy/ptII/lib/java_cup.jar:/home/travis/build/icyphy/ptII/lib/saxon8.jar:/home/travis/build/icyphy/ptII/lib/saxon8-dom.jar:/home/travis/build/icyphy/ptII/lib/chic.jar:/home/travis/build/icyphy/ptII/lib/ptcolt.jar:/usr/lib/jvm/java-8-oracle/lib/tools.jar:/home/travis/build/icyphy/ptII/vendors/misc/itext/iText.jar:/home/travis/build/icyphy/ptII/lib/g4ltl.jar:/home/travis/build/icyphy/ptII/lib/StructuralCoder.jar:/home/travis/build/icyphy/ptII/vendors/jai-1_1_2_01/lib/jai_core.jar:/home/travis/build/icyphy/ptII/vendors/jai-1_1_2_01/lib/jai_codec.jar:/home/travis/build/icyphy/ptII/lib/jcerti.jar:/home/travis/build/icyphy/ptII/lib/javax.mail.jar:/home/travis/build/icyphy/ptII/vendors/JMF-2.1.1e/lib/jmf.jar:/home/travis/build/icyphy/ptII/lib/jna-4.0.0-variadic.jar:/home/travis/build/icyphy/ptII/vendors/misc/joystick/Joystick.jar:/home/travis/build/icyphy/ptII/lib/ptjacl.jar:/home/travis/build/icyphy/ptII/lib/jsoup-1.8.2.jar:/home/travis/build/icyphy/ptII/lib/junit-4.8.2.jar:/home/travis/build/icyphy/ptII/lib/JUnitParams-0.4.0.jar:/home/travis/build/icyphy/ptII/ptolemy/actor/lib/excel/jxl.jar:/home/travis/build/icyphy/ptII/lib/jython.jar:/home/travis/build/icyphy/ptII/lib/kieler.jar:/home/travis/build/icyphy/ptII/vendors/opencv/share/OpenCV/java/opencv-341.jar:/home/travis/build/icyphy/ptII/lib/oscP5.jar:/home/travis/build/icyphy/ptII/lib/nrjavaserial-3.11.0.devel.jar:/home/travis/build/icyphy/ptII/vendors/j3d/lib/j3dcore.jar:/home/travis/build/icyphy/ptII/vendors/j3d/lib/j3dutils.jar:/home/travis/build/icyphy/ptII/vendors/j3d/lib/vecmath.jar:/home/travis/build/icyphy/ptII/ptolemy/distributed/jini/jar/jini-core.jar:/home/travis/build/icyphy/ptII/ptolemy/distributed/jini/jar/jini-ext.jar:/home/travis/build/icyphy/ptII/ptolemy/distributed/jini/jar/sun-util.jar:/home/travis/build/icyphy/ptII/lib/protobuf-java-2.4.1.jar:/home/travis/build/icyphy/ptII/lib/org.eclipse.paho.client.mqttv3.jar:/home/travis/build/icyphy/ptII/lib/mapss.jar:/home/travis/build/icyphy/ptII/ptolemy/actor/ptalon/antlr/antlr.jar:/home/travis/build/icyphy/ptII/lib/JRI.jar:/home/travis/build/icyphy/ptII/lib/commons-lang-2.6.jar:/home/travis/build/icyphy/ptII/lib/commons-logging-1.1.1.jar:/home/travis/build/icyphy/ptII/lib/sootclasses.jar:/home/travis/build/icyphy/ptII/ptolemy/actor/lib/database/mysql-connector-java-5.1.6-bin.jar:/home/travis/build/icyphy/ptII/vendors/misc/sphinx4/sphinx4-data-5prealpha.jar:/home/travis/build/icyphy/ptII/vendors/misc/sphinx4/sphinx4-core-5prealpha.jar:/home/travis/build/icyphy/ptII/lib/PDFRenderer.jar:/home/travis/build/icyphy/ptII/lib/svgSalamander.jar:/home/travis/build/icyphy/ptII/lib/rsyntaxtextarea-2.6.0-SNAPSHOT.jar:/home/travis/build/icyphy/ptII/lib/hazelcast-3.8.2.jar:/home/travis/build/icyphy/ptII/lib/jackson-annotations-2.9.0.jar:/home/travis/build/icyphy/ptII/lib/jackson-core-2.9.3.jar:/home/travis/build/icyphy/ptII/lib/jackson-databind-2.9.3.jar:/home/travis/build/icyphy/ptII/lib/netty-buffer-4.1.19.Final.jar:/home/travis/build/icyphy/ptII/lib/netty-codec-4.1.19.Final.jar:/home/travis/build/icyphy/ptII/lib/netty-codec-dns-4.1.19.Final.jar:/home/travis/build/icyphy/ptII/lib/netty-codec-http-4.1.19.Final.jar:/home/travis/build/icyphy/ptII/lib/netty-codec-http2-4.1.19.Final.jar:/home/travis/build/icyphy/ptII/lib/netty-common-4.1.19.Final.jar:/home/travis/build/icyphy/ptII/lib/netty-handler-4.1.19.Final.jar:/home/travis/build/icyphy/ptII/lib/netty-resolver-4.1.19.Final.jar:/home/travis/build/icyphy/ptII/lib/netty-resolver-dns-4.1.19.Final.jar:/home/travis/build/icyphy/ptII/lib/netty-transport-4.1.19.Final.jar:/home/travis/build/icyphy/ptII/lib/vertx-codegen-3.5.1.jar:/home/travis/build/icyphy/ptII/lib/vertx-core-3.5.2-SNAPSHOT.jar:/home/travis/build/icyphy/ptII/lib/vertx-hazelcast-3.5.1.jar:/home/travis/build/icyphy/ptII/lib/vertx-lang-js-3.5.1.jar:/home/travis/build/icyphy/ptII/lib/vertx-service-proxy-3.5.1.jar:/home/travis/build/icyphy/ptII/lib/vertx-web-3.5.1.jar:/home/travis/build/icyphy/ptII/lib/slf4j-api-1.7.13.jar:/home/travis/build/icyphy/ptII/lib/slf4j-simple-1.7.13.jar:/home/travis/build/icyphy/ptII/lib/webcam-capture-0.3.12.jar:/home/travis/build/icyphy/ptII/lib/bridj-0.7.0.jar:/home/travis/build/icyphy/ptII/lib/xbjlib-1.1.0.nrjavaserial.jar" />
    <property name="test.batch" value="**/junit/*.java" />
    <property name="env._" value="/usr/bin/timeout" />
    <property name="java.io.tmpdir" value="/tmp" />
    <property name="env.TRAVIS_INTERNAL_RUBY_REGEX" value="^ruby-(2\.[0-4]\.[0-9]|1\.9\.3)" />
    <property name="user.language" value="en" />
    <property name="env.HISTCONTROL" value="ignoredups:ignorespace" />
    <property name="env.GOROOT" value="/home/travis/.gimme/versions/go1.7.4.linux.amd64" />
    <property name="line.separator" value="&#xa;" />
    <property name="target" value="1.8" />
    <property name="env.TRAVIS_BUILD_DIR" value="/home/travis/build/icyphy/ptII" />
    <property name="env.ANT_OPTS" value="-Xmx2048m" />
    <property name="ant.file.type" value="file" />
    <property name="ptolemy.ptII.batchMode" value="true" />
    <property name="env.HISTSIZE" value="1000" />
    <property name="env.MERB_ENV" value="test" />
    <property name="java.vm.info" value="mixed mode" />
    <property name="source" value="1.8" />
    <property name="java.vm.specification.name" value="Java Virtual Machine Specification" />
    <property name="env.TRAVIS_TEST_RESULT" value="0" />
    <property name="jsdoc.command" value="node_modules/@terraswarm/jsdoc/jsdoc.js" />
    <property name="npm.works" value="true" />
    <property name="cobertura.dir" value="/home/travis/build/icyphy/ptII/vendors/cobertura-2.0.3" />
    <property name="env.rvm_path" value="/home/travis/.rvm" />
    <property name="env.GEM_PATH" value="/home/travis/.rvm/gems/ruby-2.4.1:/home/travis/.rvm/gems/ruby-2.4.1@global" />
    <property name="env.LC_CTYPE" value="en_US.UTF-8" />
    <property name="java.awt.printerjob" value="sun.print.PSPrinterJob" />
    <property name="env.TRAVIS_CMD" value="$PTII/bin/ptIITravisBuild.sh $SECONDS" />
    <property name="env.TRAVIS_STACK_NAME" value="garnet" />
    <property name="env.TRAVIS_TIMER_START_TIME" value="1548863216423705383" />
    <property name="ant.version" value="Apache Ant(TM) version 1.10.1 compiled on February 2 2017" />
    <property name="ptII.reports" value="/home/travis/build/icyphy/ptII/reports" />
    <property name="env.TRAVIS_STACK_TIMESTAMP" value="2017-12-05 19:33:09 UTC" />
    <property name="ant.file.type.ptII" value="file" />
    <property name="env.RBENV_SHELL" value="bash" />
    <property name="os.name" value="Linux" />
    <property name="java.specification.vendor" value="Oracle Corporation" />
    <property name="env.rvm_version" value="1.29.3 (latest)" />
    <property name="env.TRAVIS_INFRA" value="gce" />
    <property name="env.TERM" value="xterm" />
    <property name="java.vm.name" value="Java HotSpot(TM) 64-Bit Server VM" />
    <property name="env.TRAVIS_BUILD_NUMBER" value="983" />
    <property name="env.CI" value="true" />
    <property name="java.library.path" value="/home/travis/pthla/certi-tools/lib:/usr/lib/jni:/usr/local/share/OpenCV/java/:/usr/share/OpenCV/java::/usr/java/packages/lib/amd64:/usr/lib64:/lib64:/lib:/usr/lib" />
    <property name="env.rvm_prefix" value="/home/travis" />
    <property name="env.PATH" value="/home/travis/pthla/certi-tools/share/scripts:/home/travis/.rvm/gems/ruby-2.4.1/bin:/home/travis/.rvm/gems/ruby-2.4.1@global/bin:/home/travis/.rvm/rubies/ruby-2.4.1/bin:/home/travis/.rvm/bin:/home/travis/.nvm/versions/node/v7.10.1/bin:./node_modules/.bin:/home/travis/build/icyphy/ptII/bin:/home/travis/pthla/certi-tools/bin:/home/travis/bin:/home/travis/.local/bin:/opt/pyenv/shims:/home/travis/.phpenv/shims:/home/travis/perl5/perlbrew/bin:/home/travis/.kiex/elixirs/elixir-1.4.5/bin:/home/travis/.kiex/bin:/home/travis/gopath/bin:/home/travis/.gimme/versions/go1.7.4.linux.amd64/bin:/usr/local/phantomjs/bin:/usr/local/phantomjs:/usr/local/neo4j-3.2.7/bin:/usr/local/maven-3.5.2/bin:/usr/local/cmake-3.9.2/bin:/usr/local/clang-5.0.0/bin:/usr/local/sbin:/usr/local/bin:/usr/sbin:/usr/bin:/sbin:/bin:/home/travis/.phpenv/bin:/opt/pyenv/bin:/home/travis/.yarn/bin" />
    <property name="env.TRAVIS_OS_NAME" value="linux" />
    <property name="ant.java.version" value="1.8" />
    <property name="basedir" value="/home/travis/build/icyphy/ptII" />
    <property name="java.class.version" value="52.0" />
    <property name="env.SHLVL" value="3" />
    <property name="env.LD_LIBRARY_PATH" value="/home/travis/pthla/certi-tools/lib:/usr/lib/jni:/usr/local/share/OpenCV/java/:/usr/share/OpenCV/java:" />
    <property name="env.RACK_ENV" value="test" />
    <property name="ant.home" value="/home/travis/build/icyphy/ptII/ant" />
    <property name="env.PERLBREW_BASHRC_VERSION" value="0.80" />
    <property name="env.NVM_DIR" value="/home/travis/.nvm" />
    <property name="env.TRAVIS_BUILD_ID" value="486473173" />
    <property name="env.CERTI_FOM_PATH" value="/home/travis/pthla/certi-tools/share/federations" />
    <property name="env.PYENV_ROOT" value="/opt/pyenv" />
    <property name="env.TRAVIS_UID" value="2000" />
    <property name="env.rvm_pretty_print_flag" value="auto" />
    <property name="env.NVM_BIN" value="/home/travis/.nvm/versions/node/v7.10.1/bin" />
    <property name="env.TRAVIS_COMMIT" value="128e79ecef909740071799f5206dcaa3a0f0a5c4" />
    <property name="env._system_arch" value="x86_64" />
    <property name="node.executable" value="node" />
    <property name="sun.boot.library.path" value="/usr/lib/jvm/java-8-oracle/jre/lib/amd64" />
    <property name="sun.management.compiler" value="HotSpot 64-Bit Tiered Compilers" />
    <property name="env.GOPATH" value="/home/travis/gopath" />
    <property name="java.awt.graphicsenv" value="sun.awt.X11GraphicsEnvironment" />
    <property name="ptolemy.ptII.dir" value="/home/travis/build/icyphy/ptII" />
    <property name="env.USER" value="travis" />
    <property name="env.HISTFILESIZE" value="2000" />
    <property name="timeout.longest" value="19000000" />
    <property name="env.TRAVIS_STACK_FEATURES" value="basic cassandra chromium couchdb disabled-ipv6 docker docker-compose elasticsearch firefox go-toolchain google-chrome jdk memcached mongodb mysql neo4j nodejs_interpreter perl_interpreter perlbrew phantomjs postgresql python_interpreter rabbitmq redis riak ruby_interpreter sqlite xserver" />
    <property name="env.TRAVIS_PULL_REQUEST" value="false" />
    <property name="env.PYENV_SHELL" value="bash" />
    <property name="ant.project.name" value="ptII" />
    <property name="java.vm.specification.version" value="1.8" />
    <property name="env.ANSI_RESET" value="\033[0m" />
    <property name="env.TRAVIS_DIST" value="trusty" />
    <property name="env.CERTI_VERSION" value="4.0.0" />
    <property name="env.NLSPATH" value="/usr/dt/lib/nls/msg/%L/%N.cat" />
    <property name="awt.toolkit" value="sun.awt.X11.XToolkit" />
    <property name="env.CERTI_HOST" value="localhost" />
    <property name="env.MY_RUBY_HOME" value="/home/travis/.rvm/rubies/ruby-2.4.1" />
    <property name="sun.cpu.isalist" value="" />
    <property name="env.TRAVIS_TMPDIR" value="/tmp/tmp.fwKf5ggYeY" />
    <property name="java.ext.dirs" value="/usr/lib/jvm/java-8-oracle/jre/lib/ext:/usr/java/packages/lib/ext" />
    <property name="os.version" value="4.4.0-101-generic" />
    <property name="user.home" value="/home/travis" />
    <property name="env.MIX_ARCHIVES" value="/home/travis/.kiex/mix/elixir-1.4.5" />
    <property name="java.vm.vendor" value="Oracle Corporation" />
    <property name="env.TRAVIS_TAG" value="nightly" />
    <property name="env.ANSI_YELLOW" value="\033[33;1m" />
    <property name="env.TRAVIS_FILTERED" value="redirect_io" />
    <property name="env.ANSI_GREEN" value="\033[32;1m" />
    <property name="env.JAVA_HOME" value="/usr/lib/jvm/java-8-oracle" />
    <property name="env.PTII" value="/home/travis/build/icyphy/ptII" />
    <property name="javadoc.excludepackagenames" value="adm.cvs2svn.*,build.*,config.*,doc.coding.templates.*,jni.test.jni.meaningOfLife.*,jni.test.jni.testDeux.*,jni.test.jni.testTrois.*,org.terraswarm.accessor.accessors.web.node_modules.*,org.terraswarm.accessor.accessors.web.hosts.cordova.demo.*,org.terraswarm.accessor.accessors.web.hosts.cordova.plugins.*,org.terraswarm.accessor.accessors-svn.*,pt-modules.*,ptolemy.apps.agilent.*,ptolemy.apps.anytimecontrol.*,ptolemy.apps.apes.*,ptolemy.apps.charon.*,ptolemy.apps.crazyboard.*,ptolemy.apps.eclipse.*,ptolemy.apps.etherealSting.*,ptolemy.apps.fullscreen.*,ptolemy.apps.giotto.*,ptolemy.apps.ia.*,ptolemy.apps.interfaces.*,ptolemy.apps.jmf.*,ptolemy.apps.kurt.*,ptolemy.apps.kvm.*,ptolemy.apps.lego.*,ptolemy.apps.lejos.*,ptolemy.apps.midp.*,ptolemy.apps.mobileCoding.*,ptolemy.apps.pendulum.*,ptolemy.apps.rijndael.*,ptolemy.apps.robot.*,ptolemy.apps.security.*,ptolemy.apps.sobel.*,ptolemy.apps.soot.*,ptolemy.apps.throttle.*,ptolemy.apps.tini.*,ptolemy.apps.transmission.*,ptolemy.apps.vergil.*,ptolemy.apps.waba.*,ptolemy.apps.websensor.*,ptolemy.apps.webstart.*,ptolemy.apps.xsl.*,ptolemy.apps.zaurus.*,ptolemy.codegen.c.actor.lib.oldJavaFiles.*,ptolemy.codegen.dsp.lib.*,ptolemy.codegen.kernel.newInterfaces.*,ptolemy.codegen.lib.*,ptolemy.copernicus.kernel.fragment.*,ptolemy.copernicus.shallow.cg.*,ptolemy.domains.giotto.demo.Hierarchy.Hierarchy.*,ptolemy.domains.giotto.demo.Multimode.Multimode.*,ptolemy.domains.giotto.demo.Simple.Simple.*,ptolemy.domains.gr.lib.experimental.*,ptolemy.domains.gro.*,ptolemy.domains.pdf.*,ptolemy.domains.ptinyos.demo.Surge.output.*,ptolemy.moml.test.NoPackageActor.java*,ptolemy.plot.adm.*,ptolemy.plot.servlet.*,reports.*,signed.*,src.*,target.*,vendors.*,ptolemy.apps.eclipse.awt.*,ptolemy.backtrack.*,ptolemy.backtrack.ast.*,ptolemy.cg.adapter.generic.program.procedural.c.mbed*,ptolemy.homer.*,org.ptolemy.scala.*,diva.util.java2d.svg.*,ptolemy.domains.ptinyos.*,ptolemy.actor.lib.fmi.fmipp.*,,org.terraswarm.accessor.accessors.web.node_modules.*,org.terraswarm.accessor.accessors-svn,ptolemy.apps.*,ptolemy.actor.ptalon.demo.ptinyos.SendAndReceiveCnt.output,ptolemy.actor.ptalon.demo.ptinyos.SenseToLeds.output,ptolemy.domains.ptinyos.demo.CntToLedsAndRfm.output,ptolemy.domains.ptinyos.demo.RfmToLeds.output,ptolemy.domains.ptinyos.demo.SendAndReceiveCnt.output,ptolemy.domains.ptinyos.demo.SenseToLeds.output,ptolemy.actor.lib.jjs.modules.udpSocket.*" />
    <property name="env.TRAVIS_COMMIT_MESSAGE" value="Updated copyright date." />
    <property name="keystore" value="ptKeystore" />
    <property name="env.XDG_SESSION_ID" value="2" />
    <property name="junit.output.dir" value="/home/travis/build/icyphy/ptII/reports/junit" />
    <property name="npm.return.code" value="0" />
    <property name="user.dir" value="/home/travis/build/icyphy/ptII/ptolemy/actor/lib/test" />
    <property name="env.TRAVIS_NODE_VERSION" value="7" />
    <property name="env.XFILESEARCHPATH" value="/usr/dt/app-defaults/%L/Dt" />
    <property name="env.TRAVIS_EVENT_TYPE" value="push" />
    <property name="env.MAIL" value="/var/mail/travis" />
    <property name="env.PWD" value="/home/travis/build/icyphy/ptII" />
    <property name="env.PERLBREW_ROOT" value="/home/travis/perl5/perlbrew" />
    <property name="timeout.npm" value="45000" />
    <property name="env.TRAVIS_ARCH" value="amd64" />
    <property name="env.PAGER" value="cat" />
    <property name="sun.cpu.endian" value="little" />
    <property name="env.TRAVIS_BUILD_STAGE_NAME" value="Test" />
    <property name="env.PERLBREW_HOME" value="/home/travis/.perlbrew" />
    <property name="env.RAILS_ENV" value="test" />
    <property name="java.vm.version" value="25.151-b12" />
    <property name="java.class.path" value="/home/travis/.ptolemyII:/home/travis/.ptolemyII/*:/home/travis/build/icyphy/ptII:/home/travis/build/icyphy/ptII/lib/bsh-2.0b4.jar:/home/travis/build/icyphy/ptII/lib/ptCal.jar:/home/travis/build/icyphy/ptII/lib/java_cup.jar:/home/travis/build/icyphy/ptII/lib/saxon8.jar:/home/travis/build/icyphy/ptII/lib/saxon8-dom.jar:/home/travis/build/icyphy/ptII/lib/chic.jar:/home/travis/build/icyphy/ptII/lib/ptcolt.jar:/usr/lib/jvm/java-8-oracle/lib/tools.jar:/home/travis/build/icyphy/ptII/vendors/misc/itext/iText.jar:/home/travis/build/icyphy/ptII/lib/g4ltl.jar:/home/travis/build/icyphy/ptII/lib/StructuralCoder.jar:/home/travis/build/icyphy/ptII/vendors/jai-1_1_2_01/lib/jai_core.jar:/home/travis/build/icyphy/ptII/vendors/jai-1_1_2_01/lib/jai_codec.jar:/home/travis/build/icyphy/ptII/lib/jcerti.jar:/home/travis/build/icyphy/ptII/lib/javax.mail.jar:/home/travis/build/icyphy/ptII/vendors/JMF-2.1.1e/lib/jmf.jar:/home/travis/build/icyphy/ptII/lib/jna-4.0.0-variadic.jar:/home/travis/build/icyphy/ptII/vendors/misc/joystick/Joystick.jar:/home/travis/build/icyphy/ptII/lib/ptjacl.jar:/home/travis/build/icyphy/ptII/lib/jsoup-1.8.2.jar:/home/travis/build/icyphy/ptII/lib/junit-4.8.2.jar:/home/travis/build/icyphy/ptII/lib/JUnitParams-0.4.0.jar:/home/travis/build/icyphy/ptII/ptolemy/actor/lib/excel/jxl.jar:/home/travis/build/icyphy/ptII/lib/jython.jar:/home/travis/build/icyphy/ptII/lib/kieler.jar:/home/travis/build/icyphy/ptII/vendors/opencv/share/OpenCV/java/opencv-341.jar:/home/travis/build/icyphy/ptII/lib/oscP5.jar:/home/travis/build/icyphy/ptII/lib/nrjavaserial-3.11.0.devel.jar:/home/travis/build/icyphy/ptII/vendors/j3d/lib/j3dcore.jar:/home/travis/build/icyphy/ptII/vendors/j3d/lib/j3dutils.jar:/home/travis/build/icyphy/ptII/vendors/j3d/lib/vecmath.jar:/home/travis/build/icyphy/ptII/ptolemy/distributed/jini/jar/jini-core.jar:/home/travis/build/icyphy/ptII/ptolemy/distributed/jini/jar/jini-ext.jar:/home/travis/build/icyphy/ptII/ptolemy/distributed/jini/jar/sun-util.jar:/home/travis/build/icyphy/ptII/lib/protobuf-java-2.4.1.jar:/home/travis/build/icyphy/ptII/lib/org.eclipse.paho.client.mqttv3.jar:/home/travis/build/icyphy/ptII/lib/mapss.jar:/home/travis/build/icyphy/ptII/ptolemy/actor/ptalon/antlr/antlr.jar:/home/travis/build/icyphy/ptII/lib/JRI.jar:/home/travis/build/icyphy/ptII/lib/commons-lang-2.6.jar:/home/travis/build/icyphy/ptII/lib/commons-logging-1.1.1.jar:/home/travis/build/icyphy/ptII/lib/sootclasses.jar:/home/travis/build/icyphy/ptII/ptolemy/actor/lib/database/mysql-connector-java-5.1.6-bin.jar:/home/travis/build/icyphy/ptII/vendors/misc/sphinx4/sphinx4-data-5prealpha.jar:/home/travis/build/icyphy/ptII/vendors/misc/sphinx4/sphinx4-core-5prealpha.jar:/home/travis/build/icyphy/ptII/lib/PDFRenderer.jar:/home/travis/build/icyphy/ptII/lib/svgSalamander.jar:/home/travis/build/icyphy/ptII/lib/rsyntaxtextarea-2.6.0-SNAPSHOT.jar:/home/travis/build/icyphy/ptII/lib/hazelcast-3.8.2.jar:/home/travis/build/icyphy/ptII/lib/jackson-annotations-2.9.0.jar:/home/travis/build/icyphy/ptII/lib/jackson-core-2.9.3.jar:/home/travis/build/icyphy/ptII/lib/jackson-databind-2.9.3.jar:/home/travis/build/icyphy/ptII/lib/netty-buffer-4.1.19.Final.jar:/home/travis/build/icyphy/ptII/lib/netty-codec-4.1.19.Final.jar:/home/travis/build/icyphy/ptII/lib/netty-codec-dns-4.1.19.Final.jar:/home/travis/build/icyphy/ptII/lib/netty-codec-http-4.1.19.Final.jar:/home/travis/build/icyphy/ptII/lib/netty-codec-http2-4.1.19.Final.jar:/home/travis/build/icyphy/ptII/lib/netty-common-4.1.19.Final.jar:/home/travis/build/icyphy/ptII/lib/netty-handler-4.1.19.Final.jar:/home/travis/build/icyphy/ptII/lib/netty-resolver-4.1.19.Final.jar:/home/travis/build/icyphy/ptII/lib/netty-resolver-dns-4.1.19.Final.jar:/home/travis/build/icyphy/ptII/lib/netty-transport-4.1.19.Final.jar:/home/travis/build/icyphy/ptII/lib/vertx-codegen-3.5.1.jar:/home/travis/build/icyphy/ptII/lib/vertx-core-3.5.2-SNAPSHOT.jar:/home/travis/build/icyphy/ptII/lib/vertx-hazelcast-3.5.1.jar:/home/travis/build/icyphy/ptII/lib/vertx-lang-js-3.5.1.jar:/home/travis/build/icyphy/ptII/lib/vertx-service-proxy-3.5.1.jar:/home/travis/build/icyphy/ptII/lib/vertx-web-3.5.1.jar:/home/travis/build/icyphy/ptII/lib/slf4j-api-1.7.13.jar:/home/travis/build/icyphy/ptII/lib/slf4j-simple-1.7.13.jar:/home/travis/build/icyphy/ptII/lib/webcam-capture-0.3.12.jar:/home/travis/build/icyphy/ptII/lib/bridj-0.7.0.jar:/home/travis/build/icyphy/ptII/lib/xbjlib-1.1.0.nrjavaserial.jar:/home/travis/build/icyphy/ptII/ptolemy/moml/test:/home/travis/build/icyphy/ptII/ant/lib/ant-launcher.jar:/home/travis/build/icyphy/ptII/ant/lib/ant.jar:/home/travis/build/icyphy/ptII/ant/lib/ant-junit.jar:/home/travis/build/icyphy/ptII/ant/lib/ant-junit4.jar" />
    <property name="ant.library.dir" value="/home/travis/build/icyphy/ptII/ant/lib" />
    <property name="os.arch" value="amd64" />
    <property name="env.TRAVIS_LANGUAGE" value="node_js" />
    <property name="env.CONTINUOUS_INTEGRATION" value="true" />
    <property name="env.TRAVIS_STACK_LANGUAGES" value="__garnet__ c c++ clojure cplusplus cpp default go groovy java node_js php pure_java python ruby scala" />
    <property name="test.name" value="ptolemy.actor.lib.test.junit.JUnitTclTest" />
    <property name="sun.java.launcher" value="SUN_STANDARD" />
    <property name="env.PYTHON_CONFIGURE_OPTS" value="--enable-unicode=ucs4 --with-wide-unicode --enable-shared --enable-ipv6 --enable-loadable-sqlite-extensions --with-computed-gotos" />
    <property name="ant.core.lib" value="/home/travis/build/icyphy/ptII/ant/lib/ant.jar" />
    <property name="java.vm.specification.vendor" value="Oracle Corporation" />
    <property name="env.BCVTB_HOME" value="/home/travis/build/icyphy/ptII/lbnl" />
    <property name="file.separator" value="/" />
    <property name="spotbugs.home" value="/home/travis/build/icyphy/ptII/vendors/spotbugs-3.1.1" />
    <property name="java.runtime.version" value="1.8.0_151-b12" />
    <property name="sun.boot.class.path" value="/usr/lib/jvm/java-8-oracle/jre/lib/resources.jar:/usr/lib/jvm/java-8-oracle/jre/lib/rt.jar:/usr/lib/jvm/java-8-oracle/jre/lib/sunrsasign.jar:/usr/lib/jvm/java-8-oracle/jre/lib/jsse.jar:/usr/lib/jvm/java-8-oracle/jre/lib/jce.jar:/usr/lib/jvm/java-8-oracle/jre/lib/charsets.jar:/usr/lib/jvm/java-8-oracle/jre/lib/jfr.jar:/usr/lib/jvm/java-8-oracle/jre/classes" />
    <property name="env.ANSI_CLEAR" value="\033[0K" />
    <property name="env.HAS_JOSH_K_SEAL_OF_APPROVAL" value="true" />
    <property name="env.XDG_RUNTIME_DIR" value="/run/user/2000" />
    <property name="env.TRAVIS_OSX_IMAGE" value="" />
    <property name="env.TRAVIS_BRANCH" value="master" />
    <property name="env.TRAVIS_JOB_ID" value="486473190" />
    <property name="user.country" value="US" />
    <property name="env.CERTI_HOME_TRAVIS" value="/home/travis/pthla/certi-tools" />
    <property name="env.SHELL" value="/bin/bash" />
    <property name="java.maxmemory.large" value="5000m" />
    <property name="model" value="" />
    <property name="env.CASHER_DIR" value="/home/travis/.casher" />
    <property name="env.NVM_CD_FLAGS" value="" />
    <property name="jshint.executable" value="/home/travis/node_modules/jshint/bin/jshint" />
    <property name="java.vendor" value="Oracle Corporation" />
    <property name="env.JRUBY_OPTS" value=" --client -J-XX:+TieredCompilation -J-XX:TieredStopAtLevel=1 -J-Xss2m -Xcompile.invokedynamic=false" />
    <property name="env.TRAVIS_PRE_CHEF_BOOTSTRAP_TIME" value="2017-12-05T19:32:55" />
    <property name="env.TRAVIS_STACK_JOB_BOARD_REGISTER" value="/.job-board-register.yml" />
    <property name="env.ELIXIR_VERSION" value="1.4.5" />
    <property name="env.ANSI_RED" value="\033[31;1m" />
    <property name="java.specification.version" value="1.8" />
    <property name="env.TRAVIS" value="true" />
    <property name="env.IRBRC" value="/home/travis/.rvm/rubies/ruby-2.4.1/.irbrc" />
    <property name="sun.arch.data.model" value="64" />
  </properties>
  <testcase classname="ptolemy.util.test.junit.TclTests" name="[0] /home/travis/build/icyphy/ptII/ptolemy/actor/lib/test/AbsoluteValue.tcl (RunTclFile)" time="0.464" />
  <testcase classname="ptolemy.util.test.junit.TclTests" name="[1] /home/travis/build/icyphy/ptII/ptolemy/actor/lib/test/AddSubtract.tcl (RunTclFile)" time="0.065" />
  <testcase classname="ptolemy.util.test.junit.TclTests" name="[2] /home/travis/build/icyphy/ptII/ptolemy/actor/lib/test/Average.tcl (RunTclFile)" time="0.061" />
  <testcase classname="ptolemy.util.test.junit.TclTests" name="[3] /home/travis/build/icyphy/ptII/ptolemy/actor/lib/test/Bernoulli.tcl (RunTclFile)" time="0.039" />
  <testcase classname="ptolemy.util.test.junit.TclTests" name="[4] /home/travis/build/icyphy/ptII/ptolemy/actor/lib/test/Clock.tcl (RunTclFile)" time="0.05" />
  <testcase classname="ptolemy.util.test.junit.TclTests" name="[5] /home/travis/build/icyphy/ptII/ptolemy/actor/lib/test/Commutator.tcl (RunTclFile)" time="0.128" />
  <testcase classname="ptolemy.util.test.junit.TclTests" name="[6] /home/travis/build/icyphy/ptII/ptolemy/actor/lib/test/Const.tcl (RunTclFile)" time="0.092" />
  <testcase classname="ptolemy.util.test.junit.TclTests" name="[7] /home/travis/build/icyphy/ptII/ptolemy/actor/lib/test/CurrentTime.tcl (RunTclFile)" time="0.039" />
  <testcase classname="ptolemy.util.test.junit.TclTests" name="[8] /home/travis/build/icyphy/ptII/ptolemy/actor/lib/test/DB.tcl (RunTclFile)" time="0.041" />
  <testcase classname="ptolemy.util.test.junit.TclTests" name="[9] /home/travis/build/icyphy/ptII/ptolemy/actor/lib/test/DiscreteRandomSource.tcl (RunTclFile)" time="0.026" />
  <testcase classname="ptolemy.util.test.junit.TclTests" name="[10] /home/travis/build/icyphy/ptII/ptolemy/actor/lib/test/Distributor.tcl (RunTclFile)" time="0.034" />
  <testcase classname="ptolemy.util.test.junit.TclTests" name="[11] /home/travis/build/icyphy/ptII/ptolemy/actor/lib/test/Exit.tcl (RunTclFile)" time="0.064" />
  <testcase classname="ptolemy.util.test.junit.TclTests" name="[12] /home/travis/build/icyphy/ptII/ptolemy/actor/lib/test/Expression.tcl (RunTclFile)" time="0.084" />
  <testcase classname="ptolemy.util.test.junit.TclTests" name="[13] /home/travis/build/icyphy/ptII/ptolemy/actor/lib/test/Gaussian.tcl (RunTclFile)" time="0.391" />
  <testcase classname="ptolemy.util.test.junit.TclTests" name="[14] /home/travis/build/icyphy/ptII/ptolemy/actor/lib/test/IIR.tcl (RunTclFile)" time="0.042" />
  <testcase classname="ptolemy.util.test.junit.TclTests" name="[15] /home/travis/build/icyphy/ptII/ptolemy/actor/lib/test/Interpolator.tcl (RunTclFile)" time="0.125" />
  <testcase classname="ptolemy.util.test.junit.TclTests" name="[16] /home/travis/build/icyphy/ptII/ptolemy/actor/lib/test/MathFunction.tcl (RunTclFile)" time="0.078" />
  <testcase classname="ptolemy.util.test.junit.TclTests" name="[17] /home/travis/build/icyphy/ptII/ptolemy/actor/lib/test/Maximum.tcl (RunTclFile)" time="0.043" />
  <testcase classname="ptolemy.util.test.junit.TclTests" name="[18] /home/travis/build/icyphy/ptII/ptolemy/actor/lib/test/Minimum.tcl (RunTclFile)" time="0.039" />
  <testcase classname="ptolemy.util.test.junit.TclTests" name="[19] /home/travis/build/icyphy/ptII/ptolemy/actor/lib/test/MultiplyDivide.tcl (RunTclFile)" time="0.042" />
  <testcase classname="ptolemy.util.test.junit.TclTests" name="[20] /home/travis/build/icyphy/ptII/ptolemy/actor/lib/test/OrderedMerge.tcl (RunTclFile)" time="0.064" />
  <testcase classname="ptolemy.util.test.junit.TclTests" name="[21] /home/travis/build/icyphy/ptII/ptolemy/actor/lib/test/Publisher.tcl (RunTclFile)" time="0.621" />
  <testcase classname="ptolemy.util.test.junit.TclTests" name="[22] /home/travis/build/icyphy/ptII/ptolemy/actor/lib/test/Pulse.tcl (RunTclFile)" time="0.026" />
  <testcase classname="ptolemy.util.test.junit.TclTests" name="[23] /home/travis/build/icyphy/ptII/ptolemy/actor/lib/test/Ramp.tcl (RunTclFile)" time="1.745" />
  <testcase classname="ptolemy.util.test.junit.TclTests" name="[24] /home/travis/build/icyphy/ptII/ptolemy/actor/lib/test/RampContinuous.tcl (RunTclFile)" time="0.019" />
  <testcase classname="ptolemy.util.test.junit.TclTests" name="[25] /home/travis/build/icyphy/ptII/ptolemy/actor/lib/test/RecordAssembler.tcl (RunTclFile)" time="0.016" />
  <testcase classname="ptolemy.util.test.junit.TclTests" name="[26] /home/travis/build/icyphy/ptII/ptolemy/actor/lib/test/RecordDisassembler.tcl (RunTclFile)" time="0.023" />
  <testcase classname="ptolemy.util.test.junit.TclTests" name="[27] /home/travis/build/icyphy/ptII/ptolemy/actor/lib/test/Scale.tcl (RunTclFile)" time="0.028" />
  <testcase classname="ptolemy.util.test.junit.TclTests" name="[28] /home/travis/build/icyphy/ptII/ptolemy/actor/lib/test/SequentialClock.tcl (RunTclFile)" time="0.017" />
  <testcase classname="ptolemy.util.test.junit.TclTests" name="[29] /home/travis/build/icyphy/ptII/ptolemy/actor/lib/test/SetVariable.tcl (RunTclFile)" time="0.013" />
  <testcase classname="ptolemy.util.test.junit.TclTests" name="[30] /home/travis/build/icyphy/ptII/ptolemy/actor/lib/test/Sinewave.tcl (RunTclFile)" time="0.054" />
  <testcase classname="ptolemy.util.test.junit.TclTests" name="[31] /home/travis/build/icyphy/ptII/ptolemy/actor/lib/test/SubscriptionAggregator.tcl (RunTclFile)" time="1.91" />
  <testcase classname="ptolemy.util.test.junit.TclTests" name="[32] /home/travis/build/icyphy/ptII/ptolemy/actor/lib/test/Test.tcl (RunTclFile)" time="0.101" />
  <testcase classname="ptolemy.util.test.junit.TclTests" name="[33] /home/travis/build/icyphy/ptII/ptolemy/actor/lib/test/TestExceptionHandler.tcl (RunTclFile)" time="0.01" />
  <testcase classname="ptolemy.util.test.junit.TclTests" name="[34] /home/travis/build/icyphy/ptII/ptolemy/actor/lib/test/UnionDisassembler.tcl (RunTclFile)" time="0.066" />
  <testcase classname="ptolemy.util.test.junit.TclTests" name="[35] /home/travis/build/icyphy/ptII/ptolemy/actor/lib/test/VariableClock.tcl (RunTclFile)" time="0.022" />
  <testcase classname="ptolemy.util.test.junit.AutoKnownFailedTests" name="[0] /home/travis/build/icyphy/ptII/ptolemy/actor/lib/test/auto/knownFailedTests/PublisherPortToplevelSubscriber.xml (RunModel)" time="0.022" />
  <testcase classname="ptolemy.util.test.junit.AutoKnownFailedTests" name="[1] /home/travis/build/icyphy/ptII/ptolemy/actor/lib/test/auto/knownFailedTests/PublisherSubscriberPortToplevel.xml (RunModel)" time="0.024" />
  <testcase classname="ptolemy.util.test.junit.AutoKnownFailedTests" name="[2] /home/travis/build/icyphy/ptII/ptolemy/actor/lib/test/auto/knownFailedTests/PublisherSubscriptionAggregatorPort.xml (RunModel)" time="0.021" />
  <testcase classname="ptolemy.util.test.junit.AutoKnownFailedTests" name="[3] /home/travis/build/icyphy/ptII/ptolemy/actor/lib/test/auto/knownFailedTests/sizedarray3.xml (RunModel)" time="0.025" />
  <testcase classname="ptolemy.util.test.junit.AutoNameArchTests" name="[0] ThereAreNoAutoArchTests (RunModel)" time="0.005" />
  <testcase classname="ptolemy.util.test.junit.AutoTests" name="[0] /home/travis/build/icyphy/ptII/ptolemy/actor/lib/test/auto/AbsoluteValue.xml (RunModel)" time="0.087" />
  <testcase classname="ptolemy.util.test.junit.AutoTests" name="[1] /home/travis/build/icyphy/ptII/ptolemy/actor/lib/test/auto/AbsoluteValue2.xml (RunModel)" time="0.06" />
  <testcase classname="ptolemy.util.test.junit.AutoTests" name="[2] /home/travis/build/icyphy/ptII/ptolemy/actor/lib/test/auto/Accumulator.xml (RunModel)" time="0.064" />
  <testcase classname="ptolemy.util.test.junit.AutoTests" name="[3] /home/travis/build/icyphy/ptII/ptolemy/actor/lib/test/auto/Accumulator2.xml (RunModel)" time="0.115" />
  <testcase classname="ptolemy.util.test.junit.AutoTests" name="[4] /home/travis/build/icyphy/ptII/ptolemy/actor/lib/test/auto/Accumulator3.xml (RunModel)" time="0.049" />
  <testcase classname="ptolemy.util.test.junit.AutoTests" name="[5] /home/travis/build/icyphy/ptII/ptolemy/actor/lib/test/auto/ArrayAppend.xml (RunModel)" time="0.034" />
  <testcase classname="ptolemy.util.test.junit.AutoTests" name="[6] /home/travis/build/icyphy/ptII/ptolemy/actor/lib/test/auto/ArrayAppend2.xml (RunModel)" time="0.353" />
  <testcase classname="ptolemy.util.test.junit.AutoTests" name="[7] /home/travis/build/icyphy/ptII/ptolemy/actor/lib/test/auto/ArrayAppend3.xml (RunModel)" time="0.024" />
  <testcase classname="ptolemy.util.test.junit.AutoTests" name="[8] /home/travis/build/icyphy/ptII/ptolemy/actor/lib/test/auto/ArrayAppend4.xml (RunModel)" time="0.033" />
  <testcase classname="ptolemy.util.test.junit.AutoTests" name="[9] /home/travis/build/icyphy/ptII/ptolemy/actor/lib/test/auto/ArrayAppend5.xml (RunModel)" time="0.026" />
  <testcase classname="ptolemy.util.test.junit.AutoTests" name="[10] /home/travis/build/icyphy/ptII/ptolemy/actor/lib/test/auto/ArrayAppend6.xml (RunModel)" time="0.024" />
  <testcase classname="ptolemy.util.test.junit.AutoTests" name="[11] /home/travis/build/icyphy/ptII/ptolemy/actor/lib/test/auto/ArrayAppendPerformanceTest.xml (RunModel)" time="0.047" />
  <testcase classname="ptolemy.util.test.junit.AutoTests" name="[12] /home/travis/build/icyphy/ptII/ptolemy/actor/lib/test/auto/ArrayAppendWithEmptyInput.xml (RunModel)" time="0.053" />
  <testcase classname="ptolemy.util.test.junit.AutoTests" name="[13] /home/travis/build/icyphy/ptII/ptolemy/actor/lib/test/auto/ArrayAverage.xml (RunModel)" time="0.035" />
  <testcase classname="ptolemy.util.test.junit.AutoTests" name="[14] /home/travis/build/icyphy/ptII/ptolemy/actor/lib/test/auto/ArrayContains.xml (RunModel)" time="0.023" />
  <testcase classname="ptolemy.util.test.junit.AutoTests" name="[15] /home/travis/build/icyphy/ptII/ptolemy/actor/lib/test/auto/ArrayElement.xml (RunModel)" time="0.025" />
  <testcase classname="ptolemy.util.test.junit.AutoTests" name="[16] /home/travis/build/icyphy/ptII/ptolemy/actor/lib/test/auto/ArrayElementAsMatrix.xml (RunModel)" time="0.066" />
  <testcase classname="ptolemy.util.test.junit.AutoTests" name="[17] /home/travis/build/icyphy/ptII/ptolemy/actor/lib/test/auto/ArrayElementI.xml (RunModel)" time="0.013" />
  <testcase classname="ptolemy.util.test.junit.AutoTests" name="[18] /home/travis/build/icyphy/ptII/ptolemy/actor/lib/test/auto/ArrayExtract.xml (RunModel)" time="0.038" />
  <testcase classname="ptolemy.util.test.junit.AutoTests" name="[19] /home/travis/build/icyphy/ptII/ptolemy/actor/lib/test/auto/ArrayExtract2.xml (RunModel)" time="0.014" />
  <testcase classname="ptolemy.util.test.junit.AutoTests" name="[20] /home/travis/build/icyphy/ptII/ptolemy/actor/lib/test/auto/ArrayLength.xml (RunModel)" time="0.013" />
  <testcase classname="ptolemy.util.test.junit.AutoTests" name="[21] /home/travis/build/icyphy/ptII/ptolemy/actor/lib/test/auto/ArrayLevelCrossing.xml (RunModel)" time="0.024" />
  <testcase classname="ptolemy.util.test.junit.AutoTests" name="[22] /home/travis/build/icyphy/ptII/ptolemy/actor/lib/test/auto/ArrayLevelCrossing2.xml (RunModel)" time="0.02" />
  <testcase classname="ptolemy.util.test.junit.AutoTests" name="[23] /home/travis/build/icyphy/ptII/ptolemy/actor/lib/test/auto/ArrayPeakSearch.xml (RunModel)" time="0.029" />
  <testcase classname="ptolemy.util.test.junit.AutoTests" name="[24] /home/travis/build/icyphy/ptII/ptolemy/actor/lib/test/auto/ArrayPeakSearch2.xml (RunModel)" time="0.035" />
  <testcase classname="ptolemy.util.test.junit.AutoTests" name="[25] /home/travis/build/icyphy/ptII/ptolemy/actor/lib/test/auto/ArrayPeakSearch3.xml (RunModel)" time="0.032" />
  <testcase classname="ptolemy.util.test.junit.AutoTests" name="[26] /home/travis/build/icyphy/ptII/ptolemy/actor/lib/test/auto/ArrayRemoveElement.xml (RunModel)" time="0.035" />
  <testcase classname="ptolemy.util.test.junit.AutoTests" name="[27] /home/travis/build/icyphy/ptII/ptolemy/actor/lib/test/auto/ArraySort.xml (RunModel)" time="0.03" />
  <testcase classname="ptolemy.util.test.junit.AutoTests" name="[28] /home/travis/build/icyphy/ptII/ptolemy/actor/lib/test/auto/ArraySum.xml (RunModel)" time="0.018" />
  <testcase classname="ptolemy.util.test.junit.AutoTests" name="[29] /home/travis/build/icyphy/ptII/ptolemy/actor/lib/test/auto/ArrayToElements.xml (RunModel)" time="0.022" />
  <testcase classname="ptolemy.util.test.junit.AutoTests" name="[30] /home/travis/build/icyphy/ptII/ptolemy/actor/lib/test/auto/ArrayToMatrix.xml (RunModel)" time="0.068" />
  <testcase classname="ptolemy.util.test.junit.AutoTests" name="[31] /home/travis/build/icyphy/ptII/ptolemy/actor/lib/test/auto/ArrayUpdate1.xml (RunModel)" time="0.015" />
  <testcase classname="ptolemy.util.test.junit.AutoTests" name="[32] /home/travis/build/icyphy/ptII/ptolemy/actor/lib/test/auto/ArrayUpdate2.xml (RunModel)" time="0.021" />
  <testcase classname="ptolemy.util.test.junit.AutoTests" name="[33] /home/travis/build/icyphy/ptII/ptolemy/actor/lib/test/auto/ArrayUpdate3.xml (RunModel)" time="0.08" />
  <testcase classname="ptolemy.util.test.junit.AutoTests" name="[34] /home/travis/build/icyphy/ptII/ptolemy/actor/lib/test/auto/Assert1.xml (RunModel)" time="0.019" />
  <testcase classname="ptolemy.util.test.junit.AutoTests" name="[35] /home/travis/build/icyphy/ptII/ptolemy/actor/lib/test/auto/Assert2.xml (RunModel)" time="0.027" />
  <testcase classname="ptolemy.util.test.junit.AutoTests" name="[36] /home/travis/build/icyphy/ptII/ptolemy/actor/lib/test/auto/BooleanMultiplexor.xml (RunModel)" time="0.016" />
  <testcase classname="ptolemy.util.test.junit.AutoTests" name="[37] /home/travis/build/icyphy/ptII/ptolemy/actor/lib/test/auto/BooleanMultiplexor2.xml (RunModel)" time="0.022" />
  <testcase classname="ptolemy.util.test.junit.AutoTests" name="[38] /home/travis/build/icyphy/ptII/ptolemy/actor/lib/test/auto/BooleanMultiplexor3.xml (RunModel)" time="0.02" />
  <testcase classname="ptolemy.util.test.junit.AutoTests" name="[39] /home/travis/build/icyphy/ptII/ptolemy/actor/lib/test/auto/BooleanSelect.xml (RunModel)" time="0.031" />
  <testcase classname="ptolemy.util.test.junit.AutoTests" name="[40] /home/travis/build/icyphy/ptII/ptolemy/actor/lib/test/auto/BooleanSelect2.xml (RunModel)" time="0.015" />
  <testcase classname="ptolemy.util.test.junit.AutoTests" name="[41] /home/travis/build/icyphy/ptII/ptolemy/actor/lib/test/auto/BooleanSwitch.xml (RunModel)" time="0.016" />
  <testcase classname="ptolemy.util.test.junit.AutoTests" name="[42] /home/travis/build/icyphy/ptII/ptolemy/actor/lib/test/auto/BooleanSwitch2.xml (RunModel)" time="0.011" />
  <testcase classname="ptolemy.util.test.junit.AutoTests" name="[43] /home/travis/build/icyphy/ptII/ptolemy/actor/lib/test/auto/BooleanSwitchCloningBugWithClassRelationGroup.xml (RunModel)" time="0.03" />
  <testcase classname="ptolemy.util.test.junit.AutoTests" name="[44] /home/travis/build/icyphy/ptII/ptolemy/actor/lib/test/auto/BusActors.xml (RunModel)" time="0.039" />
  <testcase classname="ptolemy.util.test.junit.AutoTests" name="[45] /home/travis/build/icyphy/ptII/ptolemy/actor/lib/test/auto/ClassWrapper.xml (RunModel)" time="0.009" />
  <testcase classname="ptolemy.util.test.junit.AutoTests" name="[46] /home/travis/build/icyphy/ptII/ptolemy/actor/lib/test/auto/Clock.xml (RunModel)" time="0.013" />
  <testcase classname="ptolemy.util.test.junit.AutoTests" name="[47] /home/travis/build/icyphy/ptII/ptolemy/actor/lib/test/auto/Clock10.xml (RunModel)" time="0.015" />
  <testcase classname="ptolemy.util.test.junit.AutoTests" name="[48] /home/travis/build/icyphy/ptII/ptolemy/actor/lib/test/auto/Clock11.xml (RunModel)" time="0.016" />
  <testcase classname="ptolemy.util.test.junit.AutoTests" name="[49] /home/travis/build/icyphy/ptII/ptolemy/actor/lib/test/auto/Clock12.xml (RunModel)" time="0.018" />
  <testcase classname="ptolemy.util.test.junit.AutoTests" name="[50] /home/travis/build/icyphy/ptII/ptolemy/actor/lib/test/auto/Clock13.xml (RunModel)" time="0.02" />
  <testcase classname="ptolemy.util.test.junit.AutoTests" name="[51] /home/travis/build/icyphy/ptII/ptolemy/actor/lib/test/auto/Clock14.xml (RunModel)" time="0.021" />
  <testcase classname="ptolemy.util.test.junit.AutoTests" name="[52] /home/travis/build/icyphy/ptII/ptolemy/actor/lib/test/auto/Clock15.xml (RunModel)" time="0.009" />
  <testcase classname="ptolemy.util.test.junit.AutoTests" name="[53] /home/travis/build/icyphy/ptII/ptolemy/actor/lib/test/auto/Clock16.xml (RunModel)" time="0.065" />
  <testcase classname="ptolemy.util.test.junit.AutoTests" name="[54] /home/travis/build/icyphy/ptII/ptolemy/actor/lib/test/auto/Clock17.xml (RunModel)" time="0.035" />
  <testcase classname="ptolemy.util.test.junit.AutoTests" name="[55] /home/travis/build/icyphy/ptII/ptolemy/actor/lib/test/auto/Clock18.xml (RunModel)" time="0.062" />
  <testcase classname="ptolemy.util.test.junit.AutoTests" name="[56] /home/travis/build/icyphy/ptII/ptolemy/actor/lib/test/auto/Clock19.xml (RunModel)" time="0.039" />
  <testcase classname="ptolemy.util.test.junit.AutoTests" name="[57] /home/travis/build/icyphy/ptII/ptolemy/actor/lib/test/auto/Clock2.xml (RunModel)" time="0.015" />
  <testcase classname="ptolemy.util.test.junit.AutoTests" name="[58] /home/travis/build/icyphy/ptII/ptolemy/actor/lib/test/auto/Clock20.xml (RunModel)" time="0.024" />
  <testcase classname="ptolemy.util.test.junit.AutoTests" name="[59] /home/travis/build/icyphy/ptII/ptolemy/actor/lib/test/auto/Clock21.xml (RunModel)" time="0.011" />
  <testcase classname="ptolemy.util.test.junit.AutoTests" name="[60] /home/travis/build/icyphy/ptII/ptolemy/actor/lib/test/auto/Clock22.xml (RunModel)" time="0.012" />
  <testcase classname="ptolemy.util.test.junit.AutoTests" name="[61] /home/travis/build/icyphy/ptII/ptolemy/actor/lib/test/auto/Clock23.xml (RunModel)" time="0.016" />
  <testcase classname="ptolemy.util.test.junit.AutoTests" name="[62] /home/travis/build/icyphy/ptII/ptolemy/actor/lib/test/auto/Clock24.xml (RunModel)" time="0.014" />
  <testcase classname="ptolemy.util.test.junit.AutoTests" name="[63] /home/travis/build/icyphy/ptII/ptolemy/actor/lib/test/auto/Clock4.xml (RunModel)" time="0.013" />
  <testcase classname="ptolemy.util.test.junit.AutoTests" name="[64] /home/travis/build/icyphy/ptII/ptolemy/actor/lib/test/auto/Clock5.xml (RunModel)" time="0.009" />
  <testcase classname="ptolemy.util.test.junit.AutoTests" name="[65] /home/travis/build/icyphy/ptII/ptolemy/actor/lib/test/auto/Clock6.xml (RunModel)" time="0.007" />
  <testcase classname="ptolemy.util.test.junit.AutoTests" name="[66] /home/travis/build/icyphy/ptII/ptolemy/actor/lib/test/auto/Clock7.xml (RunModel)" time="0.007" />
  <testcase classname="ptolemy.util.test.junit.AutoTests" name="[67] /home/travis/build/icyphy/ptII/ptolemy/actor/lib/test/auto/Clock8.xml (RunModel)" time="0.012" />
  <testcase classname="ptolemy.util.test.junit.AutoTests" name="[68] /home/travis/build/icyphy/ptII/ptolemy/actor/lib/test/auto/Clock9.xml (RunModel)" time="0.013" />
  <testcase classname="ptolemy.util.test.junit.AutoTests" name="[69] /home/travis/build/icyphy/ptII/ptolemy/actor/lib/test/auto/CommDistDiscard.xml (RunModel)" time="0.017" />
  <testcase classname="ptolemy.util.test.junit.AutoTests" name="[70] /home/travis/build/icyphy/ptII/ptolemy/actor/lib/test/auto/Commutator.xml (RunModel)" time="0.009" />
  <testcase classname="ptolemy.util.test.junit.AutoTests" name="[71] /home/travis/build/icyphy/ptII/ptolemy/actor/lib/test/auto/Commutator2.xml (RunModel)" time="0.007" />
  <testcase classname="ptolemy.util.test.junit.AutoTests" name="[72] /home/travis/build/icyphy/ptII/ptolemy/actor/lib/test/auto/Commutator3.xml (RunModel)" time="0.009" />
  <testcase classname="ptolemy.util.test.junit.AutoTests" name="[73] /home/travis/build/icyphy/ptII/ptolemy/actor/lib/test/auto/Compare.xml (RunModel)" time="0.014" />
  <testcase classname="ptolemy.util.test.junit.AutoTests" name="[74] /home/travis/build/icyphy/ptII/ptolemy/actor/lib/test/auto/CompareDE.xml (RunModel)" time="0.014" />
  <testcase classname="ptolemy.util.test.junit.AutoTests" name="[75] /home/travis/build/icyphy/ptII/ptolemy/actor/lib/test/auto/ComplexDivide.xml (RunModel)" time="0.008" />
  <testcase classname="ptolemy.util.test.junit.AutoTests" name="[76] /home/travis/build/icyphy/ptII/ptolemy/actor/lib/test/auto/ComputeHistogram.xml (RunModel)" time="0.043" />
  <testcase classname="ptolemy.util.test.junit.AutoTests" name="[77] /home/travis/build/icyphy/ptII/ptolemy/actor/lib/test/auto/ConfigurationSelect.xml (RunModel)" time="0.012" />
  <testcase classname="ptolemy.util.test.junit.AutoTests" name="[78] /home/travis/build/icyphy/ptII/ptolemy/actor/lib/test/auto/ConfigurationSelect2.xml (RunModel)" time="0.009" />
  <testcase classname="ptolemy.util.test.junit.AutoTests" name="[79] /home/travis/build/icyphy/ptII/ptolemy/actor/lib/test/auto/ConfigurationSwitch.xml (RunModel)" time="0.012" />
  <testcase classname="ptolemy.util.test.junit.AutoTests" name="[80] /home/travis/build/icyphy/ptII/ptolemy/actor/lib/test/auto/ConfigurationSwitch2.xml (RunModel)" time="0.019" />
  <testcase classname="ptolemy.util.test.junit.AutoTests" name="[81] /home/travis/build/icyphy/ptII/ptolemy/actor/lib/test/auto/ConfigurationSwitchCloningBugWithClassRelationGroup.xml (RunModel)" time="0.015" />
  <testcase classname="ptolemy.util.test.junit.AutoTests" name="[82] /home/travis/build/icyphy/ptII/ptolemy/actor/lib/test/auto/ConfigurationSwitchSelectSDF.xml (RunModel)" time="0.016" />
  <testcase classname="ptolemy.util.test.junit.AutoTests" name="[83] /home/travis/build/icyphy/ptII/ptolemy/actor/lib/test/auto/ConfigurationSwitchSelectSDF2.xml (RunModel)" time="0.017" />
  <testcase classname="ptolemy.util.test.junit.AutoTests" name="[84] /home/travis/build/icyphy/ptII/ptolemy/actor/lib/test/auto/Const.xml (RunModel)" time="0.006" />
  <testcase classname="ptolemy.util.test.junit.AutoTests" name="[85] /home/travis/build/icyphy/ptII/ptolemy/actor/lib/test/auto/Const2.xml (RunModel)" time="0.013" />
  <testcase classname="ptolemy.util.test.junit.AutoTests" name="[86] /home/travis/build/icyphy/ptII/ptolemy/actor/lib/test/auto/Const3.xml (RunModel)" time="0.006" />
  <testcase classname="ptolemy.util.test.junit.AutoTests" name="[87] /home/travis/build/icyphy/ptII/ptolemy/actor/lib/test/auto/ConstantPublisherPort1.xml (RunModel)" time="0.022" />
  <testcase classname="ptolemy.util.test.junit.AutoTests" name="[88] /home/travis/build/icyphy/ptII/ptolemy/actor/lib/test/auto/ConstantPublisherPort2.xml (RunModel)" time="0.021" />
  <testcase classname="ptolemy.util.test.junit.AutoTests" name="[89] /home/travis/build/icyphy/ptII/ptolemy/actor/lib/test/auto/ConstantPublisherPort3.xml (RunModel)" time="0.021" />
  <testcase classname="ptolemy.util.test.junit.AutoTests" name="[90] /home/travis/build/icyphy/ptII/ptolemy/actor/lib/test/auto/ConstantPublisherPort4.xml (RunModel)" time="0.021" />
  <testcase classname="ptolemy.util.test.junit.AutoTests" name="[91] /home/travis/build/icyphy/ptII/ptolemy/actor/lib/test/auto/ConstantPublisherPort5.xml (RunModel)" time="0.072" />
  <testcase classname="ptolemy.util.test.junit.AutoTests" name="[92] /home/travis/build/icyphy/ptII/ptolemy/actor/lib/test/auto/ConstantPublisherPort6.xml (RunModel)" time="0.03" />
  <testcase classname="ptolemy.util.test.junit.AutoTests" name="[93] /home/travis/build/icyphy/ptII/ptolemy/actor/lib/test/auto/ConstantPublisherPort7.xml (RunModel)" time="0.028" />
  <testcase classname="ptolemy.util.test.junit.AutoTests" name="[94] /home/travis/build/icyphy/ptII/ptolemy/actor/lib/test/auto/ConstraintMonitor1.xml (RunModel)" time="0.027" />
  <testcase classname="ptolemy.util.test.junit.AutoTests" name="[95] /home/travis/build/icyphy/ptII/ptolemy/actor/lib/test/auto/ConstraintMonitor2.xml (RunModel)" time="0.008" />
  <testcase classname="ptolemy.util.test.junit.AutoTests" name="[96] /home/travis/build/icyphy/ptII/ptolemy/actor/lib/test/auto/ConstraintMonitor3.xml (RunModel)" time="0.007" />
  <testcase classname="ptolemy.util.test.junit.AutoTests" name="[97] /home/travis/build/icyphy/ptII/ptolemy/actor/lib/test/auto/ConstraintMonitor4.xml (RunModel)" time="0.008" />
  <testcase classname="ptolemy.util.test.junit.AutoTests" name="[98] /home/travis/build/icyphy/ptII/ptolemy/actor/lib/test/auto/ConstraintMonitor5.xml (RunModel)" time="0.008" />
  <testcase classname="ptolemy.util.test.junit.AutoTests" name="[99] /home/travis/build/icyphy/ptII/ptolemy/actor/lib/test/auto/ConstraintMonitor6.xml (RunModel)" time="0.014" />
  <testcase classname="ptolemy.util.test.junit.AutoTests" name="[100] /home/travis/build/icyphy/ptII/ptolemy/actor/lib/test/auto/ConstraintMonitor7.xml (RunModel)" time="0.015" />
  <testcase classname="ptolemy.util.test.junit.AutoTests" name="[101] /home/travis/build/icyphy/ptII/ptolemy/actor/lib/test/auto/ConstraintMonitor8.xml (RunModel)" time="0.016" />
  <testcase classname="ptolemy.util.test.junit.AutoTests" name="[102] /home/travis/build/icyphy/ptII/ptolemy/actor/lib/test/auto/Counter.xml (RunModel)" time="0.009" />
  <testcase classname="ptolemy.util.test.junit.AutoTests" name="[103] /home/travis/build/icyphy/ptII/ptolemy/actor/lib/test/auto/CurrentTimeSDF.xml (RunModel)" time="0.006" />
  <testcase classname="ptolemy.util.test.junit.AutoTests" name="[104] /home/travis/build/icyphy/ptII/ptolemy/actor/lib/test/auto/DB.xml (RunModel)" time="0.008" />
  <testcase classname="ptolemy.util.test.junit.AutoTests" name="[105] /home/travis/build/icyphy/ptII/ptolemy/actor/lib/test/auto/DBDE.xml (RunModel)" time="0.01" />
  <testcase classname="ptolemy.util.test.junit.AutoTests" name="[106] /home/travis/build/icyphy/ptII/ptolemy/actor/lib/test/auto/DateConstructor.xml (RunModel)" time="0.039" />
  <testcase classname="ptolemy.util.test.junit.AutoTests" name="[107] /home/travis/build/icyphy/ptII/ptolemy/actor/lib/test/auto/DelayTime.xml (RunModel)" time="0.01" />
  <testcase classname="ptolemy.util.test.junit.AutoTests" name="[108] /home/travis/build/icyphy/ptII/ptolemy/actor/lib/test/auto/Dictionary1.xml (RunModel)" time="0.012" />
  <testcase classname="ptolemy.util.test.junit.AutoTests" name="[109] /home/travis/build/icyphy/ptII/ptolemy/actor/lib/test/auto/Dictionary2.xml (RunModel)" time="0.01" />
  <testcase classname="ptolemy.util.test.junit.AutoTests" name="[110] /home/travis/build/icyphy/ptII/ptolemy/actor/lib/test/auto/Dictionary3.xml (RunModel)" time="0.009" />
  <testcase classname="ptolemy.util.test.junit.AutoTests" name="[111] /home/travis/build/icyphy/ptII/ptolemy/actor/lib/test/auto/Dictionary4.xml (RunModel)" time="0.012" />
  <testcase classname="ptolemy.util.test.junit.AutoTests" name="[112] /home/travis/build/icyphy/ptII/ptolemy/actor/lib/test/auto/Differential.xml (RunModel)" time="0.008" />
  <testcase classname="ptolemy.util.test.junit.AutoTests" name="[113] /home/travis/build/icyphy/ptII/ptolemy/actor/lib/test/auto/Director.xml (RunModel)" time="0.007" />
  <testcase classname="ptolemy.util.test.junit.AutoTests" name="[114] /home/travis/build/icyphy/ptII/ptolemy/actor/lib/test/auto/DiscreteClock.xml (RunModel)" time="0.006" />
  <testcase classname="ptolemy.util.test.junit.AutoTests" name="[115] /home/travis/build/icyphy/ptII/ptolemy/actor/lib/test/auto/DiscreteClock10.xml (RunModel)" time="0.008" />
  <testcase classname="ptolemy.util.test.junit.AutoTests" name="[116] /home/travis/build/icyphy/ptII/ptolemy/actor/lib/test/auto/DiscreteClock11.xml (RunModel)" time="0.009" />
  <testcase classname="ptolemy.util.test.junit.AutoTests" name="[117] /home/travis/build/icyphy/ptII/ptolemy/actor/lib/test/auto/DiscreteClock12.xml (RunModel)" time="0.009" />
  <testcase classname="ptolemy.util.test.junit.AutoTests" name="[118] /home/travis/build/icyphy/ptII/ptolemy/actor/lib/test/auto/DiscreteClock13.xml (RunModel)" time="0.013" />
  <testcase classname="ptolemy.util.test.junit.AutoTests" name="[119] /home/travis/build/icyphy/ptII/ptolemy/actor/lib/test/auto/DiscreteClock14.xml (RunModel)" time="0.013" />
  <testcase classname="ptolemy.util.test.junit.AutoTests" name="[120] /home/travis/build/icyphy/ptII/ptolemy/actor/lib/test/auto/DiscreteClock15.xml (RunModel)" time="0.013" />
  <testcase classname="ptolemy.util.test.junit.AutoTests" name="[121] /home/travis/build/icyphy/ptII/ptolemy/actor/lib/test/auto/DiscreteClock16.xml (RunModel)" time="0.522" />
  <testcase classname="ptolemy.util.test.junit.AutoTests" name="[122] /home/travis/build/icyphy/ptII/ptolemy/actor/lib/test/auto/DiscreteClock17.xml (RunModel)" time="0.031" />
  <testcase classname="ptolemy.util.test.junit.AutoTests" name="[123] /home/travis/build/icyphy/ptII/ptolemy/actor/lib/test/auto/DiscreteClock18.xml (RunModel)" time="0.043" />
  <testcase classname="ptolemy.util.test.junit.AutoTests" name="[124] /home/travis/build/icyphy/ptII/ptolemy/actor/lib/test/auto/DiscreteClock19.xml (RunModel)" time="0.045" />
  <testcase classname="ptolemy.util.test.junit.AutoTests" name="[125] /home/travis/build/icyphy/ptII/ptolemy/actor/lib/test/auto/DiscreteClock2.xml (RunModel)" time="0.012" />
  <testcase classname="ptolemy.util.test.junit.AutoTests" name="[126] /home/travis/build/icyphy/ptII/ptolemy/actor/lib/test/auto/DiscreteClock20.xml (RunModel)" time="0.02" />
  <testcase classname="ptolemy.util.test.junit.AutoTests" name="[127] /home/travis/build/icyphy/ptII/ptolemy/actor/lib/test/auto/DiscreteClock21.xml (RunModel)" time="0.019" />
  <testcase classname="ptolemy.util.test.junit.AutoTests" name="[128] /home/travis/build/icyphy/ptII/ptolemy/actor/lib/test/auto/DiscreteClock22.xml (RunModel)" time="0.017" />
  <testcase classname="ptolemy.util.test.junit.AutoTests" name="[129] /home/travis/build/icyphy/ptII/ptolemy/actor/lib/test/auto/DiscreteClock23.xml (RunModel)" time="0.02" />
  <testcase classname="ptolemy.util.test.junit.AutoTests" name="[130] /home/travis/build/icyphy/ptII/ptolemy/actor/lib/test/auto/DiscreteClock24.xml (RunModel)" time="0.014" />
  <testcase classname="ptolemy.util.test.junit.AutoTests" name="[131] /home/travis/build/icyphy/ptII/ptolemy/actor/lib/test/auto/DiscreteClock4.xml (RunModel)" time="0.01" />
  <testcase classname="ptolemy.util.test.junit.AutoTests" name="[132] /home/travis/build/icyphy/ptII/ptolemy/actor/lib/test/auto/DiscreteClock5.xml (RunModel)" time="0.008" />
  <testcase classname="ptolemy.util.test.junit.AutoTests" name="[133] /home/travis/build/icyphy/ptII/ptolemy/actor/lib/test/auto/DiscreteClock6.xml (RunModel)" time="0.006" />
  <testcase classname="ptolemy.util.test.junit.AutoTests" name="[134] /home/travis/build/icyphy/ptII/ptolemy/actor/lib/test/auto/DiscreteClock7.xml (RunModel)" time="0.008" />
  <testcase classname="ptolemy.util.test.junit.AutoTests" name="[135] /home/travis/build/icyphy/ptII/ptolemy/actor/lib/test/auto/DiscreteClock8.xml (RunModel)" time="0.012" />
  <testcase classname="ptolemy.util.test.junit.AutoTests" name="[136] /home/travis/build/icyphy/ptII/ptolemy/actor/lib/test/auto/DiscreteClock9.xml (RunModel)" time="0.009" />
  <testcase classname="ptolemy.util.test.junit.AutoTests" name="[137] /home/travis/build/icyphy/ptII/ptolemy/actor/lib/test/auto/DisplayArray.xml (RunModel)" time="0.007" />
  <testcase classname="ptolemy.util.test.junit.AutoTests" name="[138] /home/travis/build/icyphy/ptII/ptolemy/actor/lib/test/auto/Distributor.xml (RunModel)" time="0.01" />
  <testcase classname="ptolemy.util.test.junit.AutoTests" name="[139] /home/travis/build/icyphy/ptII/ptolemy/actor/lib/test/auto/Distributor2.xml (RunModel)" time="0.008" />
  <testcase classname="ptolemy.util.test.junit.AutoTests" name="[140] /home/travis/build/icyphy/ptII/ptolemy/actor/lib/test/auto/DownSample.xml (RunModel)" time="0.008" />
  <testcase classname="ptolemy.util.test.junit.AutoTests" name="[141] /home/travis/build/icyphy/ptII/ptolemy/actor/lib/test/auto/ElectronicUnitBase1.xml (RunModel)" time="0.066" />
  <testcase classname="ptolemy.util.test.junit.AutoTests" name="[142] /home/travis/build/icyphy/ptII/ptolemy/actor/lib/test/auto/ElementsToArray.xml (RunModel)" time="0.009" />
  <testcase classname="ptolemy.util.test.junit.AutoTests" name="[143] /home/travis/build/icyphy/ptII/ptolemy/actor/lib/test/auto/Equals.xml (RunModel)" time="0.008" />
  <testcase classname="ptolemy.util.test.junit.AutoTests" name="[144] /home/travis/build/icyphy/ptII/ptolemy/actor/lib/test/auto/Exec.xml (RunModel)" time="0.015" />
  <testcase classname="ptolemy.util.test.junit.AutoTests" name="[145] /home/travis/build/icyphy/ptII/ptolemy/actor/lib/test/auto/ExecEnvironment.xml (RunModel)" time="0.031" />
  <testcase classname="ptolemy.util.test.junit.AutoTests" name="[146] /home/travis/build/icyphy/ptII/ptolemy/actor/lib/test/auto/ExecNonZeroReturnOutput.xml (RunModel)" time="0.127" />
  <testcase classname="ptolemy.util.test.junit.AutoTests" name="[147] /home/travis/build/icyphy/ptII/ptolemy/actor/lib/test/auto/ExecRunDemos.xml (RunModel)" time="9.051" />
  <testcase classname="ptolemy.util.test.junit.AutoTests" name="[148] /home/travis/build/icyphy/ptII/ptolemy/actor/lib/test/auto/ExecStop.xml (RunModel)" time="5.031" />
  <testcase classname="ptolemy.util.test.junit.AutoTests" name="[149] /home/travis/build/icyphy/ptII/ptolemy/actor/lib/test/auto/ExecutionTimeSDF.xml (RunModel)" time="6.029" />
  <testcase classname="ptolemy.util.test.junit.AutoTests" name="[150] /home/travis/build/icyphy/ptII/ptolemy/actor/lib/test/auto/Expression1.xml (RunModel)" time="0.02" />
  <testcase classname="ptolemy.util.test.junit.AutoTests" name="[151] /home/travis/build/icyphy/ptII/ptolemy/actor/lib/test/auto/Expression10.xml (RunModel)" time="0.016" />
  <testcase classname="ptolemy.util.test.junit.AutoTests" name="[152] /home/travis/build/icyphy/ptII/ptolemy/actor/lib/test/auto/Expression11.xml (RunModel)" time="0.013" />
  <testcase classname="ptolemy.util.test.junit.AutoTests" name="[153] /home/travis/build/icyphy/ptII/ptolemy/actor/lib/test/auto/Expression12.xml (RunModel)" time="0.018" />
  <testcase classname="ptolemy.util.test.junit.AutoTests" name="[154] /home/travis/build/icyphy/ptII/ptolemy/actor/lib/test/auto/Expression13.xml (RunModel)" time="0.011" />
  <testcase classname="ptolemy.util.test.junit.AutoTests" name="[155] /home/travis/build/icyphy/ptII/ptolemy/actor/lib/test/auto/Expression14.xml (RunModel)" time="0.02" />
  <testcase classname="ptolemy.util.test.junit.AutoTests" name="[156] /home/travis/build/icyphy/ptII/ptolemy/actor/lib/test/auto/Expression15.xml (RunModel)" time="0.007" />
  <testcase classname="ptolemy.util.test.junit.AutoTests" name="[157] /home/travis/build/icyphy/ptII/ptolemy/actor/lib/test/auto/Expression16.xml (RunModel)" time="0.012" />
  <testcase classname="ptolemy.util.test.junit.AutoTests" name="[158] /home/travis/build/icyphy/ptII/ptolemy/actor/lib/test/auto/Expression17.xml (RunModel)" time="0.013" />
  <testcase classname="ptolemy.util.test.junit.AutoTests" name="[159] /home/travis/build/icyphy/ptII/ptolemy/actor/lib/test/auto/Expression18.xml (RunModel)" time="0.013" />
  <testcase classname="ptolemy.util.test.junit.AutoTests" name="[160] /home/travis/build/icyphy/ptII/ptolemy/actor/lib/test/auto/Expression2.xml (RunModel)" time="0.016" />
  <testcase classname="ptolemy.util.test.junit.AutoTests" name="[161] /home/travis/build/icyphy/ptII/ptolemy/actor/lib/test/auto/Expression3.xml (RunModel)" time="0.015" />
  <testcase classname="ptolemy.util.test.junit.AutoTests" name="[162] /home/travis/build/icyphy/ptII/ptolemy/actor/lib/test/auto/Expression4.xml (RunModel)" time="0.02" />
  <testcase classname="ptolemy.util.test.junit.AutoTests" name="[163] /home/travis/build/icyphy/ptII/ptolemy/actor/lib/test/auto/Expression5.xml (RunModel)" time="0.008" />
  <testcase classname="ptolemy.util.test.junit.AutoTests" name="[164] /home/travis/build/icyphy/ptII/ptolemy/actor/lib/test/auto/Expression6.xml (RunModel)" time="0.007" />
  <testcase classname="ptolemy.util.test.junit.AutoTests" name="[165] /home/travis/build/icyphy/ptII/ptolemy/actor/lib/test/auto/Expression7.xml (RunModel)" time="0.009" />
  <testcase classname="ptolemy.util.test.junit.AutoTests" name="[166] /home/travis/build/icyphy/ptII/ptolemy/actor/lib/test/auto/Expression8.xml (RunModel)" time="0.009" />
  <testcase classname="ptolemy.util.test.junit.AutoTests" name="[167] /home/travis/build/icyphy/ptII/ptolemy/actor/lib/test/auto/Expression9.xml (RunModel)" time="0.006" />
  <testcase classname="ptolemy.util.test.junit.AutoTests" name="[168] /home/travis/build/icyphy/ptII/ptolemy/actor/lib/test/auto/ExpressionConcatenateArrayType.xml (RunModel)" time="0.02" />
  <testcase classname="ptolemy.util.test.junit.AutoTests" name="[169] /home/travis/build/icyphy/ptII/ptolemy/actor/lib/test/auto/ExpressionConcatenateArrayType2.xml (RunModel)" time="0.013" />
  <testcase classname="ptolemy.util.test.junit.AutoTests" name="[170] /home/travis/build/icyphy/ptII/ptolemy/actor/lib/test/auto/ExpressionFix.xml (RunModel)" time="0.022" />
  <testcase classname="ptolemy.util.test.junit.AutoTests" name="[171] /home/travis/build/icyphy/ptII/ptolemy/actor/lib/test/auto/ExpressionFix2.xml (RunModel)" time="0.007" />
  <testcase classname="ptolemy.util.test.junit.AutoTests" name="[172] /home/travis/build/icyphy/ptII/ptolemy/actor/lib/test/auto/ExpressionFix3.xml (RunModel)" time="0.009" />
  <testcase classname="ptolemy.util.test.junit.AutoTests" name="[173] /home/travis/build/icyphy/ptII/ptolemy/actor/lib/test/auto/FileWriter1.xml (RunModel)" time="0.007" />
  <testcase classname="ptolemy.util.test.junit.AutoTests" name="[174] /home/travis/build/icyphy/ptII/ptolemy/actor/lib/test/auto/FileWriter2.xml (RunModel)" time="0.009" />
  <testcase classname="ptolemy.util.test.junit.AutoTests" name="[175] /home/travis/build/icyphy/ptII/ptolemy/actor/lib/test/auto/FileWriter3.xml (RunModel)" time="0.013" />
  <testcase classname="ptolemy.util.test.junit.AutoTests" name="[176] /home/travis/build/icyphy/ptII/ptolemy/actor/lib/test/auto/Gaussian.xml (RunModel)" time="0.009" />
  <testcase classname="ptolemy.util.test.junit.AutoTests" name="[177] /home/travis/build/icyphy/ptII/ptolemy/actor/lib/test/auto/Gaussian1.xml (RunModel)" time="0.01" />
  <testcase classname="ptolemy.util.test.junit.AutoTests" name="[178] /home/travis/build/icyphy/ptII/ptolemy/actor/lib/test/auto/Gaussian2.xml (RunModel)" time="0.011" />
  <testcase classname="ptolemy.util.test.junit.AutoTests" name="[179] /home/travis/build/icyphy/ptII/ptolemy/actor/lib/test/auto/GradientAdaptiveLattice.xml (RunModel)" time="0.013" />
  <testcase classname="ptolemy.util.test.junit.AutoTests" name="[180] /home/travis/build/icyphy/ptII/ptolemy/actor/lib/test/auto/IIR.xml (RunModel)" time="0.01" />
  <testcase classname="ptolemy.util.test.junit.AutoTests" name="[181] /home/travis/build/icyphy/ptII/ptolemy/actor/lib/test/auto/InputOutputTransparentPorts.xml (RunModel)" time="0.015" />
  <testcase classname="ptolemy.util.test.junit.AutoTests" name="[182] /home/travis/build/icyphy/ptII/ptolemy/actor/lib/test/auto/Interpolator.xml (RunModel)" time="0.009" />
  <testcase classname="ptolemy.util.test.junit.AutoTests" name="[183] /home/travis/build/icyphy/ptII/ptolemy/actor/lib/test/auto/InterpolatorFiringLimitDE.xml (RunModel)" time="0.012" />
  <testcase classname="ptolemy.util.test.junit.AutoTests" name="[184] /home/travis/build/icyphy/ptII/ptolemy/actor/lib/test/auto/Lattice.xml (RunModel)" time="0.008" />
  <testcase classname="ptolemy.util.test.junit.AutoTests" name="[185] /home/travis/build/icyphy/ptII/ptolemy/actor/lib/test/auto/LazyAOCTestLazy.xml (RunModel)" time="0.04" />
  <testcase classname="ptolemy.util.test.junit.AutoTests" name="[186] /home/travis/build/icyphy/ptII/ptolemy/actor/lib/test/auto/LazyAOCTestNonLazy.xml (RunModel)" time="0.04" />
  <testcase classname="ptolemy.util.test.junit.AutoTests" name="[187] /home/travis/build/icyphy/ptII/ptolemy/actor/lib/test/auto/LazyInnerClass.xml (RunModel)" time="0.026" />
  <testcase classname="ptolemy.util.test.junit.AutoTests" name="[188] /home/travis/build/icyphy/ptII/ptolemy/actor/lib/test/auto/LazyPubSub.xml (RunModel)" time="0.036" />
  <testcase classname="ptolemy.util.test.junit.AutoTests" name="[189] /home/travis/build/icyphy/ptII/ptolemy/actor/lib/test/auto/LazyPubSub2.xml (RunModel)" time="0.047" />
  <testcase classname="ptolemy.util.test.junit.AutoTests" name="[190] /home/travis/build/icyphy/ptII/ptolemy/actor/lib/test/auto/LazyPubSub3.xml (RunModel)" time="0.024" />
  <testcase classname="ptolemy.util.test.junit.AutoTests" name="[191] /home/travis/build/icyphy/ptII/ptolemy/actor/lib/test/auto/LazySubClassModel.xml (RunModel)" time="0.02" />
  <testcase classname="ptolemy.util.test.junit.AutoTests" name="[192] /home/travis/build/icyphy/ptII/ptolemy/actor/lib/test/auto/LevelCrossTest1.xml (RunModel)" time="0.009" />
  <testcase classname="ptolemy.util.test.junit.AutoTests" name="[193] /home/travis/build/icyphy/ptII/ptolemy/actor/lib/test/auto/LevelCrossTest10.xml (RunModel)" time="0.036" />
  <testcase classname="ptolemy.util.test.junit.AutoTests" name="[194] /home/travis/build/icyphy/ptII/ptolemy/actor/lib/test/auto/LevelCrossTest11.xml (RunModel)" time="0.013" />
  <testcase classname="ptolemy.util.test.junit.AutoTests" name="[195] /home/travis/build/icyphy/ptII/ptolemy/actor/lib/test/auto/LevelCrossTest12.xml (RunModel)" time="0.017" />
  <testcase classname="ptolemy.util.test.junit.AutoTests" name="[196] /home/travis/build/icyphy/ptII/ptolemy/actor/lib/test/auto/LevelCrossTest13.xml (RunModel)" time="0.013" />
  <testcase classname="ptolemy.util.test.junit.AutoTests" name="[197] /home/travis/build/icyphy/ptII/ptolemy/actor/lib/test/auto/LevelCrossTest2.xml (RunModel)" time="0.011" />
  <testcase classname="ptolemy.util.test.junit.AutoTests" name="[198] /home/travis/build/icyphy/ptII/ptolemy/actor/lib/test/auto/LevelCrossTest3.xml (RunModel)" time="0.011" />
  <testcase classname="ptolemy.util.test.junit.AutoTests" name="[199] /home/travis/build/icyphy/ptII/ptolemy/actor/lib/test/auto/LevelCrossTest4.xml (RunModel)" time="0.01" />
  <testcase classname="ptolemy.util.test.junit.AutoTests" name="[200] /home/travis/build/icyphy/ptII/ptolemy/actor/lib/test/auto/LevelCrossTest5.xml (RunModel)" time="0.011" />
  <testcase classname="ptolemy.util.test.junit.AutoTests" name="[201] /home/travis/build/icyphy/ptII/ptolemy/actor/lib/test/auto/LevelCrossTest6.xml (RunModel)" time="0.017" />
  <testcase classname="ptolemy.util.test.junit.AutoTests" name="[202] /home/travis/build/icyphy/ptII/ptolemy/actor/lib/test/auto/LevelCrossTest7.xml (RunModel)" time="0.017" />
  <testcase classname="ptolemy.util.test.junit.AutoTests" name="[203] /home/travis/build/icyphy/ptII/ptolemy/actor/lib/test/auto/LevelCrossTest8.xml (RunModel)" time="0.014" />
  <testcase classname="ptolemy.util.test.junit.AutoTests" name="[204] /home/travis/build/icyphy/ptII/ptolemy/actor/lib/test/auto/LevelCrossTest9.xml (RunModel)" time="0.011" />
  <testcase classname="ptolemy.util.test.junit.AutoTests" name="[205] /home/travis/build/icyphy/ptII/ptolemy/actor/lib/test/auto/LevinsonDurbin.xml (RunModel)" time="0.015" />
  <testcase classname="ptolemy.util.test.junit.AutoTests" name="[206] /home/travis/build/icyphy/ptII/ptolemy/actor/lib/test/auto/LevinsonDurbin2.xml (RunModel)" time="0.008" />
  <testcase classname="ptolemy.util.test.junit.AutoTests" name="[207] /home/travis/build/icyphy/ptII/ptolemy/actor/lib/test/auto/LevinsonDurbin3.xml (RunModel)" time="0.015" />
  <testcase classname="ptolemy.util.test.junit.AutoTests" name="[208] /home/travis/build/icyphy/ptII/ptolemy/actor/lib/test/auto/Limiter.xml (RunModel)" time="0.029" />
  <testcase classname="ptolemy.util.test.junit.AutoTests" name="[209] /home/travis/build/icyphy/ptII/ptolemy/actor/lib/test/auto/LinearDifferenceEquationSystem.xml (RunModel)" time="0.02" />
  <testcase classname="ptolemy.util.test.junit.AutoTests" name="[210] /home/travis/build/icyphy/ptII/ptolemy/actor/lib/test/auto/LookupTable.xml (RunModel)" time="0.012" />
  <testcase classname="ptolemy.util.test.junit.AutoTests" name="[211] /home/travis/build/icyphy/ptII/ptolemy/actor/lib/test/auto/MathFunction.xml (RunModel)" time="0.026" />
  <testcase classname="ptolemy.util.test.junit.AutoTests" name="[212] /home/travis/build/icyphy/ptII/ptolemy/actor/lib/test/auto/MathFunction2.xml (RunModel)" time="0.018" />
  <testcase classname="ptolemy.util.test.junit.AutoTests" name="[213] /home/travis/build/icyphy/ptII/ptolemy/actor/lib/test/auto/MathFunction3.xml (RunModel)" time="0.015" />
  <testcase classname="ptolemy.util.test.junit.AutoTests" name="[214] /home/travis/build/icyphy/ptII/ptolemy/actor/lib/test/auto/MatrixCropBoolean.xml (RunModel)" time="0.009" />
  <testcase classname="ptolemy.util.test.junit.AutoTests" name="[215] /home/travis/build/icyphy/ptII/ptolemy/actor/lib/test/auto/MatrixCropComplex.xml (RunModel)" time="0.009" />
  <testcase classname="ptolemy.util.test.junit.AutoTests" name="[216] /home/travis/build/icyphy/ptII/ptolemy/actor/lib/test/auto/MatrixCropDouble.xml (RunModel)" time="0.008" />
  <testcase classname="ptolemy.util.test.junit.AutoTests" name="[217] /home/travis/build/icyphy/ptII/ptolemy/actor/lib/test/auto/MatrixCropFix.xml (RunModel)" time="0.011" />
  <testcase classname="ptolemy.util.test.junit.AutoTests" name="[218] /home/travis/build/icyphy/ptII/ptolemy/actor/lib/test/auto/MatrixCropInt.xml (RunModel)" time="0.008" />
  <testcase classname="ptolemy.util.test.junit.AutoTests" name="[219] /home/travis/build/icyphy/ptII/ptolemy/actor/lib/test/auto/MatrixCropLong.xml (RunModel)" time="0.01" />
  <testcase classname="ptolemy.util.test.junit.AutoTests" name="[220] /home/travis/build/icyphy/ptII/ptolemy/actor/lib/test/auto/MatrixToArray.xml (RunModel)" time="0.047" />
  <testcase classname="ptolemy.util.test.junit.AutoTests" name="[221] /home/travis/build/icyphy/ptII/ptolemy/actor/lib/test/auto/MaxIndex.xml (RunModel)" time="0.009" />
  <testcase classname="ptolemy.util.test.junit.AutoTests" name="[222] /home/travis/build/icyphy/ptII/ptolemy/actor/lib/test/auto/Maximum.xml (RunModel)" time="0.019" />
  <testcase classname="ptolemy.util.test.junit.AutoTests" name="[223] /home/travis/build/icyphy/ptII/ptolemy/actor/lib/test/auto/MaximumComplex.xml (RunModel)" time="0.015" />
  <testcase classname="ptolemy.util.test.junit.AutoTests" name="[224] /home/travis/build/icyphy/ptII/ptolemy/actor/lib/test/auto/MethodCallTest.xml (RunModel)" time="0.019" />
  <testcase classname="ptolemy.util.test.junit.AutoTests" name="[225] /home/travis/build/icyphy/ptII/ptolemy/actor/lib/test/auto/Minimum.xml (RunModel)" time="0.017" />
  <testcase classname="ptolemy.util.test.junit.AutoTests" name="[226] /home/travis/build/icyphy/ptII/ptolemy/actor/lib/test/auto/MinimumComplex.xml (RunModel)" time="0.016" />
  <testcase classname="ptolemy.util.test.junit.AutoTests" name="[227] /home/travis/build/icyphy/ptII/ptolemy/actor/lib/test/auto/MinimumMultiports.xml (RunModel)" time="0.024" />
  <testcase classname="ptolemy.util.test.junit.AutoTests" name="[228] /home/travis/build/icyphy/ptII/ptolemy/actor/lib/test/auto/ModifyDate.xml (RunModel)" time="0.037" />
  <testcase classname="ptolemy.util.test.junit.AutoTests" name="[229] /home/travis/build/icyphy/ptII/ptolemy/actor/lib/test/auto/ModifyDate2.xml (RunModel)" time="0.022" />
  <testcase classname="ptolemy.util.test.junit.AutoTests" name="[230] /home/travis/build/icyphy/ptII/ptolemy/actor/lib/test/auto/MovingAverage.xml (RunModel)" time="0.01" />
  <testcase classname="ptolemy.util.test.junit.AutoTests" name="[231] /home/travis/build/icyphy/ptII/ptolemy/actor/lib/test/auto/MovingMaximum.xml (RunModel)" time="0.007" />
  <testcase classname="ptolemy.util.test.junit.AutoTests" name="[232] /home/travis/build/icyphy/ptII/ptolemy/actor/lib/test/auto/MultipleLinksToSameRelation.xml (RunModel)" time="0.006" />
  <testcase classname="ptolemy.util.test.junit.AutoTests" name="[233] /home/travis/build/icyphy/ptII/ptolemy/actor/lib/test/auto/MultipleLinksToSameRelationDE.xml (RunModel)" time="0.007" />
  <testcase classname="ptolemy.util.test.junit.AutoTests" name="[234] /home/travis/build/icyphy/ptII/ptolemy/actor/lib/test/auto/Multiplexor.xml (RunModel)" time="0.009" />
  <testcase classname="ptolemy.util.test.junit.AutoTests" name="[235] /home/travis/build/icyphy/ptII/ptolemy/actor/lib/test/auto/Multiplexor1.xml (RunModel)" time="0.009" />
  <testcase classname="ptolemy.util.test.junit.AutoTests" name="[236] /home/travis/build/icyphy/ptII/ptolemy/actor/lib/test/auto/Multiplexor2.xml (RunModel)" time="0.009" />
  <testcase classname="ptolemy.util.test.junit.AutoTests" name="[237] /home/travis/build/icyphy/ptII/ptolemy/actor/lib/test/auto/Multiplexor3.xml (RunModel)" time="0.007" />
  <testcase classname="ptolemy.util.test.junit.AutoTests" name="[238] /home/travis/build/icyphy/ptII/ptolemy/actor/lib/test/auto/MultiplexorDE.xml (RunModel)" time="0.013" />
  <testcase classname="ptolemy.util.test.junit.AutoTests" name="[239] /home/travis/build/icyphy/ptII/ptolemy/actor/lib/test/auto/MultiportBroadcastTest.xml (RunModel)" time="0.053" />
  <testcase classname="ptolemy.util.test.junit.AutoTests" name="[240] /home/travis/build/icyphy/ptII/ptolemy/actor/lib/test/auto/MultiportOutHangDuringGetWidth.xml (RunModel)" time="0.024" />
  <testcase classname="ptolemy.util.test.junit.AutoTests" name="[241] /home/travis/build/icyphy/ptII/ptolemy/actor/lib/test/auto/NilToken.xml (RunModel)" time="0.006" />
  <testcase classname="ptolemy.util.test.junit.AutoTests" name="[242] /home/travis/build/icyphy/ptII/ptolemy/actor/lib/test/auto/NilTokenNonStrictTest.xml (RunModel)" time="0.008" />
  <testcase classname="ptolemy.util.test.junit.AutoTests" name="[243] /home/travis/build/icyphy/ptII/ptolemy/actor/lib/test/auto/NilTokenRecord.xml (RunModel)" time="0.016" />
  <testcase classname="ptolemy.util.test.junit.AutoTests" name="[244] /home/travis/build/icyphy/ptII/ptolemy/actor/lib/test/auto/NilTokenTypeTest.xml (RunModel)" time="0.026" />
  <testcase classname="ptolemy.util.test.junit.AutoTests" name="[245] /home/travis/build/icyphy/ptII/ptolemy/actor/lib/test/auto/ObjectToken1.xml (RunModel)" time="0.008" />
  <testcase classname="ptolemy.util.test.junit.AutoTests" name="[246] /home/travis/build/icyphy/ptII/ptolemy/actor/lib/test/auto/OrderedMerge.xml (RunModel)" time="0.012" />
  <testcase classname="ptolemy.util.test.junit.AutoTests" name="[247] /home/travis/build/icyphy/ptII/ptolemy/actor/lib/test/auto/OrderedRecordDisassembler.xml (RunModel)" time="0.014" />
  <testcase classname="ptolemy.util.test.junit.AutoTests" name="[248] /home/travis/build/icyphy/ptII/ptolemy/actor/lib/test/auto/OrderedRecordDisassembler2.xml (RunModel)" time="0.015" />
  <testcase classname="ptolemy.util.test.junit.AutoTests" name="[249] /home/travis/build/icyphy/ptII/ptolemy/actor/lib/test/auto/OrderedRecordUpdater.xml (RunModel)" time="0.012" />
  <testcase classname="ptolemy.util.test.junit.AutoTests" name="[250] /home/travis/build/icyphy/ptII/ptolemy/actor/lib/test/auto/OrderedRecordUpdater2.xml (RunModel)" time="0.015" />
  <testcase classname="ptolemy.util.test.junit.AutoTests" name="[251] /home/travis/build/icyphy/ptII/ptolemy/actor/lib/test/auto/PhaseUnwrap.xml (RunModel)" time="0.009" />
  <testcase classname="ptolemy.util.test.junit.AutoTests" name="[252] /home/travis/build/icyphy/ptII/ptolemy/actor/lib/test/auto/PoissonClock.xml (RunModel)" time="0.009" />
  <testcase classname="ptolemy.util.test.junit.AutoTests" name="[253] /home/travis/build/icyphy/ptII/ptolemy/actor/lib/test/auto/PoissonClock2.xml (RunModel)" time="0.006" />
  <testcase classname="ptolemy.util.test.junit.AutoTests" name="[254] /home/travis/build/icyphy/ptII/ptolemy/actor/lib/test/auto/PoissonClock3.xml (RunModel)" time="0.014" />
  <testcase classname="ptolemy.util.test.junit.AutoTests" name="[255] /home/travis/build/icyphy/ptII/ptolemy/actor/lib/test/auto/PubSubWithInitialTokens.xml (RunModel)" time="0.013" />
  <testcase classname="ptolemy.util.test.junit.AutoTests" name="[256] /home/travis/build/icyphy/ptII/ptolemy/actor/lib/test/auto/PubSubWithInitialTokens2.xml (RunModel)" time="0.011" />
  <testcase classname="ptolemy.util.test.junit.AutoTests" name="[257] /home/travis/build/icyphy/ptII/ptolemy/actor/lib/test/auto/PublisherClassNoParameter.xml (RunModel)" time="0.019" />
  <testcase classname="ptolemy.util.test.junit.AutoTests" name="[258] /home/travis/build/icyphy/ptII/ptolemy/actor/lib/test/auto/PublisherClassParameter.xml (RunModel)" time="0.02" />
  <testcase classname="ptolemy.util.test.junit.AutoTests" name="[259] /home/travis/build/icyphy/ptII/ptolemy/actor/lib/test/auto/PublisherNonStrictTest.xml (RunModel)" time="0.013" />
  <testcase classname="ptolemy.util.test.junit.AutoTests" name="[260] /home/travis/build/icyphy/ptII/ptolemy/actor/lib/test/auto/PublisherPort1.xml (RunModel)" time="0.009" />
  <testcase classname="ptolemy.util.test.junit.AutoTests" name="[261] /home/travis/build/icyphy/ptII/ptolemy/actor/lib/test/auto/PublisherPort2.xml (RunModel)" time="0.008" />
  <testcase classname="ptolemy.util.test.junit.AutoTests" name="[262] /home/travis/build/icyphy/ptII/ptolemy/actor/lib/test/auto/PublisherPort3.xml (RunModel)" time="0.009" />
  <testcase classname="ptolemy.util.test.junit.AutoTests" name="[263] /home/travis/build/icyphy/ptII/ptolemy/actor/lib/test/auto/PublisherPort4.xml (RunModel)" time="0.009" />
  <testcase classname="ptolemy.util.test.junit.AutoTests" name="[264] /home/travis/build/icyphy/ptII/ptolemy/actor/lib/test/auto/PublisherPort5.xml (RunModel)" time="0.025" />
  <testcase classname="ptolemy.util.test.junit.AutoTests" name="[265] /home/travis/build/icyphy/ptII/ptolemy/actor/lib/test/auto/PublisherPort5LookAlike.xml (RunModel)" time="0.017" />
  <testcase classname="ptolemy.util.test.junit.AutoTests" name="[266] /home/travis/build/icyphy/ptII/ptolemy/actor/lib/test/auto/PublisherPort6.xml (RunModel)" time="0.011" />
  <testcase classname="ptolemy.util.test.junit.AutoTests" name="[267] /home/travis/build/icyphy/ptII/ptolemy/actor/lib/test/auto/PublisherPort7.xml (RunModel)" time="0.012" />
  <testcase classname="ptolemy.util.test.junit.AutoTests" name="[268] /home/travis/build/icyphy/ptII/ptolemy/actor/lib/test/auto/PublisherPort8.xml (RunModel)" time="0.013" />
  <testcase classname="ptolemy.util.test.junit.AutoTests" name="[269] /home/travis/build/icyphy/ptII/ptolemy/actor/lib/test/auto/PublisherPortSubscriberChannelVariablesAOC2.xml (RunModel)" time="0.03" />
  <testcase classname="ptolemy.util.test.junit.AutoTests" name="[270] /home/travis/build/icyphy/ptII/ptolemy/actor/lib/test/auto/PublisherPortSubscriberOpaqueWidthInference.xml (RunModel)" time="0.013" />
  <testcase classname="ptolemy.util.test.junit.AutoTests" name="[271] /home/travis/build/icyphy/ptII/ptolemy/actor/lib/test/auto/PublisherPortSubscriberPortAdjacent.xml (RunModel)" time="0.018" />
  <testcase classname="ptolemy.util.test.junit.AutoTests" name="[272] /home/travis/build/icyphy/ptII/ptolemy/actor/lib/test/auto/PublisherPortSubscriberPortExpression.xml (RunModel)" time="0.016" />
  <testcase classname="ptolemy.util.test.junit.AutoTests" name="[273] /home/travis/build/icyphy/ptII/ptolemy/actor/lib/test/auto/PublisherPortSubscriberPortOpaqueD3Reverse.xml (RunModel)" time="0.031" />
  <testcase classname="ptolemy.util.test.junit.AutoTests" name="[274] /home/travis/build/icyphy/ptII/ptolemy/actor/lib/test/auto/PublisherPortSubscriberPortOpaqueWidthInference.xml (RunModel)" time="0.013" />
  <testcase classname="ptolemy.util.test.junit.AutoTests" name="[275] /home/travis/build/icyphy/ptII/ptolemy/actor/lib/test/auto/PublisherPortToplevelSubscriberPortAOC.xml (RunModel)" time="0.008" />
  <testcase classname="ptolemy.util.test.junit.AutoTests" name="[276] /home/travis/build/icyphy/ptII/ptolemy/actor/lib/test/auto/PublisherSubscriber.xml (RunModel)" time="0.013" />
  <testcase classname="ptolemy.util.test.junit.AutoTests" name="[277] /home/travis/build/icyphy/ptII/ptolemy/actor/lib/test/auto/PublisherSubscriber10.xml (RunModel)" time="0.022" />
  <testcase classname="ptolemy.util.test.junit.AutoTests" name="[278] /home/travis/build/icyphy/ptII/ptolemy/actor/lib/test/auto/PublisherSubscriber10InitialOutputs.xml (RunModel)" time="0.018" />
  <testcase classname="ptolemy.util.test.junit.AutoTests" name="[279] /home/travis/build/icyphy/ptII/ptolemy/actor/lib/test/auto/PublisherSubscriber11.xml (RunModel)" time="0.016" />
  <testcase classname="ptolemy.util.test.junit.AutoTests" name="[280] /home/travis/build/icyphy/ptII/ptolemy/actor/lib/test/auto/PublisherSubscriber12.xml (RunModel)" time="0.011" />
  <testcase classname="ptolemy.util.test.junit.AutoTests" name="[281] /home/travis/build/icyphy/ptII/ptolemy/actor/lib/test/auto/PublisherSubscriber13.xml (RunModel)" time="0.014" />
  <testcase classname="ptolemy.util.test.junit.AutoTests" name="[282] /home/travis/build/icyphy/ptII/ptolemy/actor/lib/test/auto/PublisherSubscriber14.xml (RunModel)" time="0.027" />
  <testcase classname="ptolemy.util.test.junit.AutoTests" name="[283] /home/travis/build/icyphy/ptII/ptolemy/actor/lib/test/auto/PublisherSubscriber2.xml (RunModel)" time="0.011" />
  <testcase classname="ptolemy.util.test.junit.AutoTests" name="[284] /home/travis/build/icyphy/ptII/ptolemy/actor/lib/test/auto/PublisherSubscriber3.xml (RunModel)" time="0.011" />
  <testcase classname="ptolemy.util.test.junit.AutoTests" name="[285] /home/travis/build/icyphy/ptII/ptolemy/actor/lib/test/auto/PublisherSubscriber4.xml (RunModel)" time="0.01" />
  <testcase classname="ptolemy.util.test.junit.AutoTests" name="[286] /home/travis/build/icyphy/ptII/ptolemy/actor/lib/test/auto/PublisherSubscriber5.xml (RunModel)" time="0.013" />
  <testcase classname="ptolemy.util.test.junit.AutoTests" name="[287] /home/travis/build/icyphy/ptII/ptolemy/actor/lib/test/auto/PublisherSubscriber6.xml (RunModel)" time="0.014" />
  <testcase classname="ptolemy.util.test.junit.AutoTests" name="[288] /home/travis/build/icyphy/ptII/ptolemy/actor/lib/test/auto/PublisherSubscriber7.xml (RunModel)" time="0.018" />
  <testcase classname="ptolemy.util.test.junit.AutoTests" name="[289] /home/travis/build/icyphy/ptII/ptolemy/actor/lib/test/auto/PublisherSubscriber8.xml (RunModel)" time="0.047" />
  <testcase classname="ptolemy.util.test.junit.AutoTests" name="[290] /home/travis/build/icyphy/ptII/ptolemy/actor/lib/test/auto/PublisherSubscriber9.xml (RunModel)" time="0.017" />
  <testcase classname="ptolemy.util.test.junit.AutoTests" name="[291] /home/travis/build/icyphy/ptII/ptolemy/actor/lib/test/auto/PublisherSubscriberAdjacent.xml (RunModel)" time="0.014" />
  <testcase classname="ptolemy.util.test.junit.AutoTests" name="[292] /home/travis/build/icyphy/ptII/ptolemy/actor/lib/test/auto/PublisherSubscriberChannelVariablesAOC2.xml (RunModel)" time="0.028" />
  <testcase classname="ptolemy.util.test.junit.AutoTests" name="[293] /home/travis/build/icyphy/ptII/ptolemy/actor/lib/test/auto/PublisherSubscriberD3.xml (RunModel)" time="0.011" />
  <testcase classname="ptolemy.util.test.junit.AutoTests" name="[294] /home/travis/build/icyphy/ptII/ptolemy/actor/lib/test/auto/PublisherSubscriberD3Reverse.xml (RunModel)" time="0.009" />
  <testcase classname="ptolemy.util.test.junit.AutoTests" name="[295] /home/travis/build/icyphy/ptII/ptolemy/actor/lib/test/auto/PublisherSubscriberExpression.xml (RunModel)" time="0.016" />
  <testcase classname="ptolemy.util.test.junit.AutoTests" name="[296] /home/travis/build/icyphy/ptII/ptolemy/actor/lib/test/auto/PublisherSubscriberOpaque.xml (RunModel)" time="0.014" />
  <testcase classname="ptolemy.util.test.junit.AutoTests" name="[297] /home/travis/build/icyphy/ptII/ptolemy/actor/lib/test/auto/PublisherSubscriberOpaqueD3.xml (RunModel)" time="0.018" />
  <testcase classname="ptolemy.util.test.junit.AutoTests" name="[298] /home/travis/build/icyphy/ptII/ptolemy/actor/lib/test/auto/PublisherSubscriberOpaqueD3Reverse.xml (RunModel)" time="0.016" />
  <testcase classname="ptolemy.util.test.junit.AutoTests" name="[299] /home/travis/build/icyphy/ptII/ptolemy/actor/lib/test/auto/PublisherSubscriberOpaqueWidthInference.xml (RunModel)" time="0.013" />
  <testcase classname="ptolemy.util.test.junit.AutoTests" name="[300] /home/travis/build/icyphy/ptII/ptolemy/actor/lib/test/auto/PublisherTestSubscriber.xml (RunModel)" time="0.013" />
  <testcase classname="ptolemy.util.test.junit.AutoTests" name="[301] /home/travis/build/icyphy/ptII/ptolemy/actor/lib/test/auto/PublisherToplevelSubscriberPortAOC.xml (RunModel)" time="0.01" />
  <testcase classname="ptolemy.util.test.junit.AutoTests" name="[302] /home/travis/build/icyphy/ptII/ptolemy/actor/lib/test/auto/PulseFiringLimitDE.xml (RunModel)" time="0.018" />
  <testcase classname="ptolemy.util.test.junit.AutoTests" name="[303] /home/travis/build/icyphy/ptII/ptolemy/actor/lib/test/auto/Ramp1.xml (RunModel)" time="0.007" />
  <testcase classname="ptolemy.util.test.junit.AutoTests" name="[304] /home/travis/build/icyphy/ptII/ptolemy/actor/lib/test/auto/RampFiringLimitDE.xml (RunModel)" time="0.009" />
  <testcase classname="ptolemy.util.test.junit.AutoTests" name="[305] /home/travis/build/icyphy/ptII/ptolemy/actor/lib/test/auto/RampFiringLimitSDF.xml (RunModel)" time="0.011" />
  <testcase classname="ptolemy.util.test.junit.AutoTests" name="[306] /home/travis/build/icyphy/ptII/ptolemy/actor/lib/test/auto/RandomInteger.xml (RunModel)" time="0.007" />
  <testcase classname="ptolemy.util.test.junit.AutoTests" name="[307] /home/travis/build/icyphy/ptII/ptolemy/actor/lib/test/auto/ReadFile1.xml (RunModel)" time="0.007" />
  <testcase classname="ptolemy.util.test.junit.AutoTests" name="[308] /home/travis/build/icyphy/ptII/ptolemy/actor/lib/test/auto/ReadFile2.xml (RunModel)" time="0.01" />
  <testcase classname="ptolemy.util.test.junit.AutoTests" name="[309] /home/travis/build/icyphy/ptII/ptolemy/actor/lib/test/auto/Reader.xml (RunModel)" time="0.016" />
  <testcase classname="ptolemy.util.test.junit.AutoTests" name="[310] /home/travis/build/icyphy/ptII/ptolemy/actor/lib/test/auto/RecordAssemblerDisplayNameTest.xml (RunModel)" time="2.696" />
  <testcase classname="ptolemy.util.test.junit.AutoTests" name="[311] /home/travis/build/icyphy/ptII/ptolemy/actor/lib/test/auto/RecordAssemblerTypeError.xml (RunModel)" time="0.037" />
  <testcase classname="ptolemy.util.test.junit.AutoTests" name="[312] /home/travis/build/icyphy/ptII/ptolemy/actor/lib/test/auto/RecordDisassember.xml (RunModel)" time="0.013" />
  <testcase classname="ptolemy.util.test.junit.AutoTests" name="[313] /home/travis/build/icyphy/ptII/ptolemy/actor/lib/test/auto/RecordDisassemberDisplayNameTest.xml (RunModel)" time="0.014" />
  <testcase classname="ptolemy.util.test.junit.AutoTests" name="[314] /home/travis/build/icyphy/ptII/ptolemy/actor/lib/test/auto/RecordDisassembler.xml (RunModel)" time="0.008" />
  <testcase classname="ptolemy.util.test.junit.AutoTests" name="[315] /home/travis/build/icyphy/ptII/ptolemy/actor/lib/test/auto/RecordDisassembler2.xml (RunModel)" time="0.008" />
  <testcase classname="ptolemy.util.test.junit.AutoTests" name="[316] /home/travis/build/icyphy/ptII/ptolemy/actor/lib/test/auto/RecordUpdater.xml (RunModel)" time="0.011" />
  <testcase classname="ptolemy.util.test.junit.AutoTests" name="[317] /home/travis/build/icyphy/ptII/ptolemy/actor/lib/test/auto/RecordUpdater2.xml (RunModel)" time="0.008" />
  <testcase classname="ptolemy.util.test.junit.AutoTests" name="[318] /home/travis/build/icyphy/ptII/ptolemy/actor/lib/test/auto/RecursiveLattice.xml (RunModel)" time="0.007" />
  <testcase classname="ptolemy.util.test.junit.AutoTests" name="[319] /home/travis/build/icyphy/ptII/ptolemy/actor/lib/test/auto/Router.xml (RunModel)" time="3.024" />
  <testcase classname="ptolemy.util.test.junit.AutoTests" name="[320] /home/travis/build/icyphy/ptII/ptolemy/actor/lib/test/auto/Router2.xml (RunModel)" time="3.019" />
  <testcase classname="ptolemy.util.test.junit.AutoTests" name="[321] /home/travis/build/icyphy/ptII/ptolemy/actor/lib/test/auto/RunningMaximum.xml (RunModel)" time="0.011" />
  <testcase classname="ptolemy.util.test.junit.AutoTests" name="[322] /home/travis/build/icyphy/ptII/ptolemy/actor/lib/test/auto/RunningMinimum.xml (RunModel)" time="0.014" />
  <testcase classname="ptolemy.util.test.junit.AutoTests" name="[323] /home/travis/build/icyphy/ptII/ptolemy/actor/lib/test/auto/Scale.xml (RunModel)" time="0.011" />
  <testcase classname="ptolemy.util.test.junit.AutoTests" name="[324] /home/travis/build/icyphy/ptII/ptolemy/actor/lib/test/auto/Scale2.xml (RunModel)" time="0.009" />
  <testcase classname="ptolemy.util.test.junit.AutoTests" name="[325] /home/travis/build/icyphy/ptII/ptolemy/actor/lib/test/auto/Scale3.xml (RunModel)" time="0.012" />
  <testcase classname="ptolemy.util.test.junit.AutoTests" name="[326] /home/travis/build/icyphy/ptII/ptolemy/actor/lib/test/auto/ScaleArray.xml (RunModel)" time="0.009" />
  <testcase classname="ptolemy.util.test.junit.AutoTests" name="[327] /home/travis/build/icyphy/ptII/ptolemy/actor/lib/test/auto/ScaleArray2.xml (RunModel)" time="0.008" />
  <testcase classname="ptolemy.util.test.junit.AutoTests" name="[328] /home/travis/build/icyphy/ptII/ptolemy/actor/lib/test/auto/ScaleMatrix.xml (RunModel)" time="0.118" />
  <testcase classname="ptolemy.util.test.junit.AutoTests" name="[329] /home/travis/build/icyphy/ptII/ptolemy/actor/lib/test/auto/Select.xml (RunModel)" time="0.011" />
  <testcase classname="ptolemy.util.test.junit.AutoTests" name="[330] /home/travis/build/icyphy/ptII/ptolemy/actor/lib/test/auto/Select2.xml (RunModel)" time="0.008" />
  <testcase classname="ptolemy.util.test.junit.AutoTests" name="[331] /home/travis/build/icyphy/ptII/ptolemy/actor/lib/test/auto/SequenceToArray2.xml (RunModel)" time="0.093" />
  <testcase classname="ptolemy.util.test.junit.AutoTests" name="[332] /home/travis/build/icyphy/ptII/ptolemy/actor/lib/test/auto/SequentialClock.xml (RunModel)" time="0.013" />
  <testcase classname="ptolemy.util.test.junit.AutoTests" name="[333] /home/travis/build/icyphy/ptII/ptolemy/actor/lib/test/auto/SetVariable.xml (RunModel)" time="0.01" />
  <testcase classname="ptolemy.util.test.junit.AutoTests" name="[334] /home/travis/build/icyphy/ptII/ptolemy/actor/lib/test/auto/SetVariable2.xml (RunModel)" time="0.009" />
  <testcase classname="ptolemy.util.test.junit.AutoTests" name="[335] /home/travis/build/icyphy/ptII/ptolemy/actor/lib/test/auto/SetVariable3.xml (RunModel)" time="0.018" />
  <testcase classname="ptolemy.util.test.junit.AutoTests" name="[336] /home/travis/build/icyphy/ptII/ptolemy/actor/lib/test/auto/SetVariable4.xml (RunModel)" time="0.029" />
  <testcase classname="ptolemy.util.test.junit.AutoTests" name="[337] /home/travis/build/icyphy/ptII/ptolemy/actor/lib/test/auto/SetVariable5.xml (RunModel)" time="0.03" />
  <testcase classname="ptolemy.util.test.junit.AutoTests" name="[338] /home/travis/build/icyphy/ptII/ptolemy/actor/lib/test/auto/Sinewave.xml (RunModel)" time="0.022" />
  <testcase classname="ptolemy.util.test.junit.AutoTests" name="[339] /home/travis/build/icyphy/ptII/ptolemy/actor/lib/test/auto/Sinewave2.xml (RunModel)" time="0.022" />
  <testcase classname="ptolemy.util.test.junit.AutoTests" name="[340] /home/travis/build/icyphy/ptII/ptolemy/actor/lib/test/auto/Sinewave3.xml (RunModel)" time="0.019" />
  <testcase classname="ptolemy.util.test.junit.AutoTests" name="[341] /home/travis/build/icyphy/ptII/ptolemy/actor/lib/test/auto/SingleEvent.xml (RunModel)" time="0.01" />
  <testcase classname="ptolemy.util.test.junit.AutoTests" name="[342] /home/travis/build/icyphy/ptII/ptolemy/actor/lib/test/auto/Sleep.xml (RunModel)" time="6.016" />
  <testcase classname="ptolemy.util.test.junit.AutoTests" name="[343] /home/travis/build/icyphy/ptII/ptolemy/actor/lib/test/auto/SleepMultipleFire.xml (RunModel)" time="1.023" />
  <testcase classname="ptolemy.util.test.junit.AutoTests" name="[344] /home/travis/build/icyphy/ptII/ptolemy/actor/lib/test/auto/StopDE.xml (RunModel)" time="0.012" />
  <testcase classname="ptolemy.util.test.junit.AutoTests" name="[345] /home/travis/build/icyphy/ptII/ptolemy/actor/lib/test/auto/StopSDF.xml (RunModel)" time="0.01" />
  <testcase classname="ptolemy.util.test.junit.AutoTests" name="[346] /home/travis/build/icyphy/ptII/ptolemy/actor/lib/test/auto/StringConstant.xml (RunModel)" time="0.007" />
  <testcase classname="ptolemy.util.test.junit.AutoTests" name="[347] /home/travis/build/icyphy/ptII/ptolemy/actor/lib/test/auto/SubscriberPortInitialValues1.xml (RunModel)" time="0.015" />
  <testcase classname="ptolemy.util.test.junit.AutoTests" name="[348] /home/travis/build/icyphy/ptII/ptolemy/actor/lib/test/auto/SubscriberPortInitialValues13.xml (RunModel)" time="0.021" />
  <testcase classname="ptolemy.util.test.junit.AutoTests" name="[349] /home/travis/build/icyphy/ptII/ptolemy/actor/lib/test/auto/SubscriberPortInitialValues14.xml (RunModel)" time="0.014" />
  <testcase classname="ptolemy.util.test.junit.AutoTests" name="[350] /home/travis/build/icyphy/ptII/ptolemy/actor/lib/test/auto/SubscriberPortInitialValues2.xml (RunModel)" time="0.013" />
  <testcase classname="ptolemy.util.test.junit.AutoTests" name="[351] /home/travis/build/icyphy/ptII/ptolemy/actor/lib/test/auto/SubscriberPortInitialValues3.xml (RunModel)" time="0.018" />
  <testcase classname="ptolemy.util.test.junit.AutoTests" name="[352] /home/travis/build/icyphy/ptII/ptolemy/actor/lib/test/auto/SubscriptionAggregator.xml (RunModel)" time="0.011" />
  <testcase classname="ptolemy.util.test.junit.AutoTests" name="[353] /home/travis/build/icyphy/ptII/ptolemy/actor/lib/test/auto/SubscriptionAggregator2.xml (RunModel)" time="0.01" />
  <testcase classname="ptolemy.util.test.junit.AutoTests" name="[354] /home/travis/build/icyphy/ptII/ptolemy/actor/lib/test/auto/SubscriptionAggregator3.xml (RunModel)" time="0.013" />
  <testcase classname="ptolemy.util.test.junit.AutoTests" name="[355] /home/travis/build/icyphy/ptII/ptolemy/actor/lib/test/auto/SubscriptionAggregatorMultiply.xml (RunModel)" time="0.01" />
  <testcase classname="ptolemy.util.test.junit.AutoTests" name="[356] /home/travis/build/icyphy/ptII/ptolemy/actor/lib/test/auto/SubscriptionAggregatorPortMultiply1.xml (RunModel)" time="0.01" />
  <testcase classname="ptolemy.util.test.junit.AutoTests" name="[357] /home/travis/build/icyphy/ptII/ptolemy/actor/lib/test/auto/Switch.xml (RunModel)" time="0.009" />
  <testcase classname="ptolemy.util.test.junit.AutoTests" name="[358] /home/travis/build/icyphy/ptII/ptolemy/actor/lib/test/auto/Switch2.xml (RunModel)" time="0.013" />
  <testcase classname="ptolemy.util.test.junit.AutoTests" name="[359] /home/travis/build/icyphy/ptII/ptolemy/actor/lib/test/auto/SwitchDE.xml (RunModel)" time="0.012" />
  <testcase classname="ptolemy.util.test.junit.AutoTests" name="[360] /home/travis/build/icyphy/ptII/ptolemy/actor/lib/test/auto/SynchronizerDE.xml (RunModel)" time="0.022" />
  <testcase classname="ptolemy.util.test.junit.AutoTests" name="[361] /home/travis/build/icyphy/ptII/ptolemy/actor/lib/test/auto/Test.xml (RunModel)" time="0.008" />
  <testcase classname="ptolemy.util.test.junit.AutoTests" name="[362] /home/travis/build/icyphy/ptII/ptolemy/actor/lib/test/auto/TestExceptionAttribute1.xml (RunModel)" time="0.007" />
  <testcase classname="ptolemy.util.test.junit.AutoTests" name="[363] /home/travis/build/icyphy/ptII/ptolemy/actor/lib/test/auto/TestExceptionAttribute2.xml (RunModel)" time="0.006" />
  <testcase classname="ptolemy.util.test.junit.AutoTests" name="[364] /home/travis/build/icyphy/ptII/ptolemy/actor/lib/test/auto/TestExceptionAttribute3.xml (RunModel)" time="0.006" />
  <testcase classname="ptolemy.util.test.junit.AutoTests" name="[365] /home/travis/build/icyphy/ptII/ptolemy/actor/lib/test/auto/TestExceptionAttribute4.xml (RunModel)" time="0.004" />
  <testcase classname="ptolemy.util.test.junit.AutoTests" name="[366] /home/travis/build/icyphy/ptII/ptolemy/actor/lib/test/auto/TestExceptionHandler1.xml (RunModel)" time="0.004" />
  <testcase classname="ptolemy.util.test.junit.AutoTests" name="[367] /home/travis/build/icyphy/ptII/ptolemy/actor/lib/test/auto/TestExceptionHandler2.xml (RunModel)" time="0.005" />
  <testcase classname="ptolemy.util.test.junit.AutoTests" name="[368] /home/travis/build/icyphy/ptII/ptolemy/actor/lib/test/auto/TestExceptionHandler3.xml (RunModel)" time="0.004" />
  <testcase classname="ptolemy.util.test.junit.AutoTests" name="[369] /home/travis/build/icyphy/ptII/ptolemy/actor/lib/test/auto/TestExceptionHandler4.xml (RunModel)" time="0.004" />
  <testcase classname="ptolemy.util.test.junit.AutoTests" name="[370] /home/travis/build/icyphy/ptII/ptolemy/actor/lib/test/auto/TestRequireCorrectOrder.xml (RunModel)" time="0.007" />
  <testcase classname="ptolemy.util.test.junit.AutoTests" name="[371] /home/travis/build/icyphy/ptII/ptolemy/actor/lib/test/auto/TestSimple.xml (RunModel)" time="0.005" />
  <testcase classname="ptolemy.util.test.junit.AutoTests" name="[372] /home/travis/build/icyphy/ptII/ptolemy/actor/lib/test/auto/ThrowModelError.xml (RunModel)" time="0.007" />
  <testcase classname="ptolemy.util.test.junit.AutoTests" name="[373] /home/travis/build/icyphy/ptII/ptolemy/actor/lib/test/auto/TimeDelayMicrosteps.xml (RunModel)" time="0.009" />
  <testcase classname="ptolemy.util.test.junit.AutoTests" name="[374] /home/travis/build/icyphy/ptII/ptolemy/actor/lib/test/auto/TimeDelayMicrosteps2.xml (RunModel)" time="0.008" />
  <testcase classname="ptolemy.util.test.junit.AutoTests" name="[375] /home/travis/build/icyphy/ptII/ptolemy/actor/lib/test/auto/TimeDelayMicrosteps3.xml (RunModel)" time="0.008" />
  <testcase classname="ptolemy.util.test.junit.AutoTests" name="[376] /home/travis/build/icyphy/ptII/ptolemy/actor/lib/test/auto/TimeDelayVariableMicrosteps.xml (RunModel)" time="0.007" />
  <testcase classname="ptolemy.util.test.junit.AutoTests" name="[377] /home/travis/build/icyphy/ptII/ptolemy/actor/lib/test/auto/TimeGap.xml (RunModel)" time="0.008" />
  <testcase classname="ptolemy.util.test.junit.AutoTests" name="[378] /home/travis/build/icyphy/ptII/ptolemy/actor/lib/test/auto/TimeGap2.xml (RunModel)" time="0.007" />
  <testcase classname="ptolemy.util.test.junit.AutoTests" name="[379] /home/travis/build/icyphy/ptII/ptolemy/actor/lib/test/auto/TimedSinewave.xml (RunModel)" time="0.027" />
  <testcase classname="ptolemy.util.test.junit.AutoTests" name="[380] /home/travis/build/icyphy/ptII/ptolemy/actor/lib/test/auto/TimedSinewavePhase.xml (RunModel)" time="0.026" />
  <testcase classname="ptolemy.util.test.junit.AutoTests" name="[381] /home/travis/build/icyphy/ptII/ptolemy/actor/lib/test/auto/Timer.xml (RunModel)" time="0.013" />
  <testcase classname="ptolemy.util.test.junit.AutoTests" name="[382] /home/travis/build/icyphy/ptII/ptolemy/actor/lib/test/auto/TriangularDistTestModel.xml (RunModel)" time="0.012" />
  <testcase classname="ptolemy.util.test.junit.AutoTests" name="[383] /home/travis/build/icyphy/ptII/ptolemy/actor/lib/test/auto/TrigFunction.xml (RunModel)" time="0.008" />
  <testcase classname="ptolemy.util.test.junit.AutoTests" name="[384] /home/travis/build/icyphy/ptII/ptolemy/actor/lib/test/auto/TrigFunctionDE.xml (RunModel)" time="0.01" />
  <testcase classname="ptolemy.util.test.junit.AutoTests" name="[385] /home/travis/build/icyphy/ptII/ptolemy/actor/lib/test/auto/TrigFunctionInverse.xml (RunModel)" time="0.015" />
  <testcase classname="ptolemy.util.test.junit.AutoTests" name="[386] /home/travis/build/icyphy/ptII/ptolemy/actor/lib/test/auto/TrigFunctionTan.xml (RunModel)" time="0.007" />
  <testcase classname="ptolemy.util.test.junit.AutoTests" name="[387] /home/travis/build/icyphy/ptII/ptolemy/actor/lib/test/auto/TriggeredClock.xml (RunModel)" time="0.009" />
  <testcase classname="ptolemy.util.test.junit.AutoTests" name="[388] /home/travis/build/icyphy/ptII/ptolemy/actor/lib/test/auto/URLDirectoryReader.xml (RunModel)" time="0.062" />
  <testcase classname="ptolemy.util.test.junit.AutoTests" name="[389] /home/travis/build/icyphy/ptII/ptolemy/actor/lib/test/auto/URLDirectoryReader3.xml (RunModel)" time="1.139" />
  <testcase classname="ptolemy.util.test.junit.AutoTests" name="[390] /home/travis/build/icyphy/ptII/ptolemy/actor/lib/test/auto/UnaryMathFunction.xml (RunModel)" time="0.022" />
  <testcase classname="ptolemy.util.test.junit.AutoTests" name="[391] /home/travis/build/icyphy/ptII/ptolemy/actor/lib/test/auto/Uniform.xml (RunModel)" time="0.048" />
  <testcase classname="ptolemy.util.test.junit.AutoTests" name="[392] /home/travis/build/icyphy/ptII/ptolemy/actor/lib/test/auto/UnionDisassemblerTest.xml (RunModel)" time="0.025" />
  <testcase classname="ptolemy.util.test.junit.AutoTests" name="[393] /home/travis/build/icyphy/ptII/ptolemy/actor/lib/test/auto/UtilityFunctions.xml (RunModel)" time="0.023" />
  <testcase classname="ptolemy.util.test.junit.AutoTests" name="[394] /home/travis/build/icyphy/ptII/ptolemy/actor/lib/test/auto/VariableSleep.xml (RunModel)" time="0.54" />
  <testcase classname="ptolemy.util.test.junit.AutoTests" name="[395] /home/travis/build/icyphy/ptII/ptolemy/actor/lib/test/auto/VectorAssemblerDisassemblerCT.xml (RunModel)" time="0.116" />
  <testcase classname="ptolemy.util.test.junit.AutoTests" name="[396] /home/travis/build/icyphy/ptII/ptolemy/actor/lib/test/auto/VectorAssemblerDisassemblerDE.xml (RunModel)" time="0.012" />
  <testcase classname="ptolemy.util.test.junit.AutoTests" name="[397] /home/travis/build/icyphy/ptII/ptolemy/actor/lib/test/auto/VectorAssemblerDisassemblerSDF.xml (RunModel)" time="0.018" />
  <testcase classname="ptolemy.util.test.junit.AutoTests" name="[398] /home/travis/build/icyphy/ptII/ptolemy/actor/lib/test/auto/WallClockTime.xml (RunModel)" time="1.013" />
  <testcase classname="ptolemy.util.test.junit.AutoTests" name="[399] /home/travis/build/icyphy/ptII/ptolemy/actor/lib/test/auto/WidthTestWithSubscriberPublisher.xml (RunModel)" time="0.036" />
  <testcase classname="ptolemy.util.test.junit.AutoTests" name="[400] /home/travis/build/icyphy/ptII/ptolemy/actor/lib/test/auto/WidthTestWithSubscriberPublisher2.xml (RunModel)" time="0.026" />
  <testcase classname="ptolemy.util.test.junit.AutoTests" name="[401] /home/travis/build/icyphy/ptII/ptolemy/actor/lib/test/auto/WidthTestWithSubscriberPublisher3.xml (RunModel)" time="0.009" />
  <testcase classname="ptolemy.util.test.junit.AutoTests" name="[402] /home/travis/build/icyphy/ptII/ptolemy/actor/lib/test/auto/Writer.xml (RunModel)" time="0.007" />
  <testcase classname="ptolemy.util.test.junit.AutoTests" name="[403] /home/travis/build/icyphy/ptII/ptolemy/actor/lib/test/auto/array.xml (RunModel)" time="0.008" />
  <testcase classname="ptolemy.util.test.junit.AutoTests" name="[404] /home/travis/build/icyphy/ptII/ptolemy/actor/lib/test/auto/array2.xml (RunModel)" time="0.009" />
  <testcase classname="ptolemy.util.test.junit.AutoTests" name="[405] /home/travis/build/icyphy/ptII/ptolemy/actor/lib/test/auto/arrayType.xml (RunModel)" time="0.01" />
  <testcase classname="ptolemy.util.test.junit.AutoTests" name="[406] /home/travis/build/icyphy/ptII/ptolemy/actor/lib/test/auto/arrayType10.xml (RunModel)" time="0.009" />
  <testcase classname="ptolemy.util.test.junit.AutoTests" name="[407] /home/travis/build/icyphy/ptII/ptolemy/actor/lib/test/auto/arrayType11.xml (RunModel)" time="0.008" />
  <testcase classname="ptolemy.util.test.junit.AutoTests" name="[408] /home/travis/build/icyphy/ptII/ptolemy/actor/lib/test/auto/arrayType12.xml (RunModel)" time="0.009" />
  <testcase classname="ptolemy.util.test.junit.AutoTests" name="[409] /home/travis/build/icyphy/ptII/ptolemy/actor/lib/test/auto/arrayType13.xml (RunModel)" time="0.008" />
  <testcase classname="ptolemy.util.test.junit.AutoTests" name="[410] /home/travis/build/icyphy/ptII/ptolemy/actor/lib/test/auto/arrayType14.xml (RunModel)" time="0.009" />
  <testcase classname="ptolemy.util.test.junit.AutoTests" name="[411] /home/travis/build/icyphy/ptII/ptolemy/actor/lib/test/auto/arrayType15.xml (RunModel)" time="0.008" />
  <testcase classname="ptolemy.util.test.junit.AutoTests" name="[412] /home/travis/build/icyphy/ptII/ptolemy/actor/lib/test/auto/arrayType16.xml (RunModel)" time="0.008" />
  <testcase classname="ptolemy.util.test.junit.AutoTests" name="[413] /home/travis/build/icyphy/ptII/ptolemy/actor/lib/test/auto/arrayType17.xml (RunModel)" time="0.009" />
  <testcase classname="ptolemy.util.test.junit.AutoTests" name="[414] /home/travis/build/icyphy/ptII/ptolemy/actor/lib/test/auto/arrayType18.xml (RunModel)" time="0.01" />
  <testcase classname="ptolemy.util.test.junit.AutoTests" name="[415] /home/travis/build/icyphy/ptII/ptolemy/actor/lib/test/auto/arrayType19.xml (RunModel)" time="0.008" />
  <testcase classname="ptolemy.util.test.junit.AutoTests" name="[416] /home/travis/build/icyphy/ptII/ptolemy/actor/lib/test/auto/arrayType2.xml (RunModel)" time="0.011" />
  <testcase classname="ptolemy.util.test.junit.AutoTests" name="[417] /home/travis/build/icyphy/ptII/ptolemy/actor/lib/test/auto/arrayType20.xml (RunModel)" time="0.007" />
  <testcase classname="ptolemy.util.test.junit.AutoTests" name="[418] /home/travis/build/icyphy/ptII/ptolemy/actor/lib/test/auto/arrayType21.xml (RunModel)" time="0.008" />
  <testcase classname="ptolemy.util.test.junit.AutoTests" name="[419] /home/travis/build/icyphy/ptII/ptolemy/actor/lib/test/auto/arrayType22.xml (RunModel)" time="0.007" />
  <testcase classname="ptolemy.util.test.junit.AutoTests" name="[420] /home/travis/build/icyphy/ptII/ptolemy/actor/lib/test/auto/arrayType23.xml (RunModel)" time="0.007" />
  <testcase classname="ptolemy.util.test.junit.AutoTests" name="[421] /home/travis/build/icyphy/ptII/ptolemy/actor/lib/test/auto/arrayType24.xml (RunModel)" time="0.009" />
  <testcase classname="ptolemy.util.test.junit.AutoTests" name="[422] /home/travis/build/icyphy/ptII/ptolemy/actor/lib/test/auto/arrayType25.xml (RunModel)" time="0.011" />
  <testcase classname="ptolemy.util.test.junit.AutoTests" name="[423] /home/travis/build/icyphy/ptII/ptolemy/actor/lib/test/auto/arrayType26.xml (RunModel)" time="0.008" />
  <testcase classname="ptolemy.util.test.junit.AutoTests" name="[424] /home/travis/build/icyphy/ptII/ptolemy/actor/lib/test/auto/arrayType27.xml (RunModel)" time="0.008" />
  <testcase classname="ptolemy.util.test.junit.AutoTests" name="[425] /home/travis/build/icyphy/ptII/ptolemy/actor/lib/test/auto/arrayType28.xml (RunModel)" time="0.009" />
  <testcase classname="ptolemy.util.test.junit.AutoTests" name="[426] /home/travis/build/icyphy/ptII/ptolemy/actor/lib/test/auto/arrayType3.xml (RunModel)" time="0.009" />
  <testcase classname="ptolemy.util.test.junit.AutoTests" name="[427] /home/travis/build/icyphy/ptII/ptolemy/actor/lib/test/auto/arrayType4.xml (RunModel)" time="0.008" />
  <testcase classname="ptolemy.util.test.junit.AutoTests" name="[428] /home/travis/build/icyphy/ptII/ptolemy/actor/lib/test/auto/arrayType5.xml (RunModel)" time="0.011" />
  <testcase classname="ptolemy.util.test.junit.AutoTests" name="[429] /home/travis/build/icyphy/ptII/ptolemy/actor/lib/test/auto/arrayType6.xml (RunModel)" time="0.02" />
  <testcase classname="ptolemy.util.test.junit.AutoTests" name="[430] /home/travis/build/icyphy/ptII/ptolemy/actor/lib/test/auto/arrayType7.xml (RunModel)" time="0.009" />
  <testcase classname="ptolemy.util.test.junit.AutoTests" name="[431] /home/travis/build/icyphy/ptII/ptolemy/actor/lib/test/auto/arrayType8.xml (RunModel)" time="0.009" />
  <testcase classname="ptolemy.util.test.junit.AutoTests" name="[432] /home/travis/build/icyphy/ptII/ptolemy/actor/lib/test/auto/arrayType9.xml (RunModel)" time="0.007" />
  <testcase classname="ptolemy.util.test.junit.AutoTests" name="[433] /home/travis/build/icyphy/ptII/ptolemy/actor/lib/test/auto/cast.xml (RunModel)" time="0.008" />
  <testcase classname="ptolemy.util.test.junit.AutoTests" name="[434] /home/travis/build/icyphy/ptII/ptolemy/actor/lib/test/auto/compositeMultiPort.xml (RunModel)" time="0.016" />
  <testcase classname="ptolemy.util.test.junit.AutoTests" name="[435] /home/travis/build/icyphy/ptII/ptolemy/actor/lib/test/auto/expressionCastInference.xml (RunModel)" time="0.008" />
  <testcase classname="ptolemy.util.test.junit.AutoTests" name="[436] /home/travis/build/icyphy/ptII/ptolemy/actor/lib/test/auto/expressionCastInference2.xml (RunModel)" time="0.007" />
  <testcase classname="ptolemy.util.test.junit.AutoTests" name="[437] /home/travis/build/icyphy/ptII/ptolemy/actor/lib/test/auto/expressionInference.xml (RunModel)" time="0.007" />
  <testcase classname="ptolemy.util.test.junit.AutoTests" name="[438] /home/travis/build/icyphy/ptII/ptolemy/actor/lib/test/auto/expression_bug.xml (RunModel)" time="0.006" />
  <testcase classname="ptolemy.util.test.junit.AutoTests" name="[439] /home/travis/build/icyphy/ptII/ptolemy/actor/lib/test/auto/factorial.xml (RunModel)" time="0.044" />
  <testcase classname="ptolemy.util.test.junit.AutoTests" name="[440] /home/travis/build/icyphy/ptII/ptolemy/actor/lib/test/auto/filterTest1.xml (RunModel)" time="0.011" />
  <testcase classname="ptolemy.util.test.junit.AutoTests" name="[441] /home/travis/build/icyphy/ptII/ptolemy/actor/lib/test/auto/funcApplyInConst.xml (RunModel)" time="0.005" />
  <testcase classname="ptolemy.util.test.junit.AutoTests" name="[442] /home/travis/build/icyphy/ptII/ptolemy/actor/lib/test/auto/funcApplyInExpr.xml (RunModel)" time="0.007" />
  <testcase classname="ptolemy.util.test.junit.AutoTests" name="[443] /home/travis/build/icyphy/ptII/ptolemy/actor/lib/test/auto/function.xml (RunModel)" time="0.009" />
  <testcase classname="ptolemy.util.test.junit.AutoTests" name="[444] /home/travis/build/icyphy/ptII/ptolemy/actor/lib/test/auto/function2.xml (RunModel)" time="0.009" />
  <testcase classname="ptolemy.util.test.junit.AutoTests" name="[445] /home/travis/build/icyphy/ptII/ptolemy/actor/lib/test/auto/function3.xml (RunModel)" time="0.006" />
  <testcase classname="ptolemy.util.test.junit.AutoTests" name="[446] /home/travis/build/icyphy/ptII/ptolemy/actor/lib/test/auto/functionClosureTest1.xml (RunModel)" time="0.01" />
  <testcase classname="ptolemy.util.test.junit.AutoTests" name="[447] /home/travis/build/icyphy/ptII/ptolemy/actor/lib/test/auto/functionClosureTest2.xml (RunModel)" time="0.006" />
  <testcase classname="ptolemy.util.test.junit.AutoTests" name="[448] /home/travis/build/icyphy/ptII/ptolemy/actor/lib/test/auto/functionClosureTest3.xml (RunModel)" time="0.008" />
  <testcase classname="ptolemy.util.test.junit.AutoTests" name="[449] /home/travis/build/icyphy/ptII/ptolemy/actor/lib/test/auto/functionClosureTest4.xml (RunModel)" time="0.014" />
  <testcase classname="ptolemy.util.test.junit.AutoTests" name="[450] /home/travis/build/icyphy/ptII/ptolemy/actor/lib/test/auto/functionClosureTest5.xml (RunModel)" time="0.011" />
  <testcase classname="ptolemy.util.test.junit.AutoTests" name="[451] /home/travis/build/icyphy/ptII/ptolemy/actor/lib/test/auto/functionClosureTest6.xml (RunModel)" time="0.009" />
  <testcase classname="ptolemy.util.test.junit.AutoTests" name="[452] /home/travis/build/icyphy/ptII/ptolemy/actor/lib/test/auto/functionsOnArcs.xml (RunModel)" time="0.008" />
  <testcase classname="ptolemy.util.test.junit.AutoTests" name="[453] /home/travis/build/icyphy/ptII/ptolemy/actor/lib/test/auto/functionsOnArcsHOF.xml (RunModel)" time="0.01" />
  <testcase classname="ptolemy.util.test.junit.AutoTests" name="[454] /home/travis/build/icyphy/ptII/ptolemy/actor/lib/test/auto/logic.xml (RunModel)" time="0.014" />
  <testcase classname="ptolemy.util.test.junit.AutoTests" name="[455] /home/travis/build/icyphy/ptII/ptolemy/actor/lib/test/auto/matrixType.xml (RunModel)" time="0.008" />
  <testcase classname="ptolemy.util.test.junit.AutoTests" name="[456] /home/travis/build/icyphy/ptII/ptolemy/actor/lib/test/auto/matrixType10.xml (RunModel)" time="0.009" />
  <testcase classname="ptolemy.util.test.junit.AutoTests" name="[457] /home/travis/build/icyphy/ptII/ptolemy/actor/lib/test/auto/matrixType11.xml (RunModel)" time="0.007" />
  <testcase classname="ptolemy.util.test.junit.AutoTests" name="[458] /home/travis/build/icyphy/ptII/ptolemy/actor/lib/test/auto/matrixType12.xml (RunModel)" time="0.01" />
  <testcase classname="ptolemy.util.test.junit.AutoTests" name="[459] /home/travis/build/icyphy/ptII/ptolemy/actor/lib/test/auto/matrixType13.xml (RunModel)" time="0.01" />
  <testcase classname="ptolemy.util.test.junit.AutoTests" name="[460] /home/travis/build/icyphy/ptII/ptolemy/actor/lib/test/auto/matrixType14.xml (RunModel)" time="0.008" />
  <testcase classname="ptolemy.util.test.junit.AutoTests" name="[461] /home/travis/build/icyphy/ptII/ptolemy/actor/lib/test/auto/matrixType2.xml (RunModel)" time="0.009" />
  <testcase classname="ptolemy.util.test.junit.AutoTests" name="[462] /home/travis/build/icyphy/ptII/ptolemy/actor/lib/test/auto/matrixType3.xml (RunModel)" time="0.009" />
  <testcase classname="ptolemy.util.test.junit.AutoTests" name="[463] /home/travis/build/icyphy/ptII/ptolemy/actor/lib/test/auto/matrixType4.xml (RunModel)" time="0.008" />
  <testcase classname="ptolemy.util.test.junit.AutoTests" name="[464] /home/travis/build/icyphy/ptII/ptolemy/actor/lib/test/auto/matrixType5.xml (RunModel)" time="0.007" />
  <testcase classname="ptolemy.util.test.junit.AutoTests" name="[465] /home/travis/build/icyphy/ptII/ptolemy/actor/lib/test/auto/matrixType6.xml (RunModel)" time="0.008" />
  <testcase classname="ptolemy.util.test.junit.AutoTests" name="[466] /home/travis/build/icyphy/ptII/ptolemy/actor/lib/test/auto/matrixType7.xml (RunModel)" time="0.008" />
  <testcase classname="ptolemy.util.test.junit.AutoTests" name="[467] /home/travis/build/icyphy/ptII/ptolemy/actor/lib/test/auto/matrixType8.xml (RunModel)" time="0.008" />
  <testcase classname="ptolemy.util.test.junit.AutoTests" name="[468] /home/travis/build/icyphy/ptII/ptolemy/actor/lib/test/auto/matrixType9.xml (RunModel)" time="0.008" />
  <testcase classname="ptolemy.util.test.junit.AutoTests" name="[469] /home/travis/build/icyphy/ptII/ptolemy/actor/lib/test/auto/paraFunctest.xml (RunModel)" time="0.007" />
  <testcase classname="ptolemy.util.test.junit.AutoTests" name="[470] /home/travis/build/icyphy/ptII/ptolemy/actor/lib/test/auto/paraFunctest2.xml (RunModel)" time="0.007" />
  <testcase classname="ptolemy.util.test.junit.AutoTests" name="[471] /home/travis/build/icyphy/ptII/ptolemy/actor/lib/test/auto/parameterPassing.xml (RunModel)" time="0.007" />
  <testcase classname="ptolemy.util.test.junit.AutoTests" name="[472] /home/travis/build/icyphy/ptII/ptolemy/actor/lib/test/auto/record.xml (RunModel)" time="0.008" />
  <testcase classname="ptolemy.util.test.junit.AutoTests" name="[473] /home/travis/build/icyphy/ptII/ptolemy/actor/lib/test/auto/sizedarray1.xml (RunModel)" time="0.009" />
  <testcase classname="ptolemy.util.test.junit.AutoTests" name="[474] /home/travis/build/icyphy/ptII/ptolemy/actor/lib/test/auto/sizedarray2.xml (RunModel)" time="0.013" />
  <testcase classname="ptolemy.util.test.junit.AutoTests" name="[475] /home/travis/build/icyphy/ptII/ptolemy/actor/lib/test/auto/twoPublishers.xml (RunModel)" time="0.017" />
  <system-out><![CDATA[/home/travis/build/icyphy/ptII/ptolemy/actor/lib/test/AbsoluteValue.tcl
testDefs.tcl: setting time out to 9000 seconds at Wed Jan 30 15:52:35 UTC 2019
74 ms. Memory: 116224K Free: 109651K (94%)
4 ms. Memory: 116224K Free: 108444K (93%)
12 ms. Memory: 116224K Free: 107841K (93%)
4 ms. Memory: 116224K Free: 106642K (92%)
/home/travis/build/icyphy/ptII/ptolemy/actor/lib/test/AddSubtract.tcl
9 ms. Memory: 116224K Free: 104840K (90%)
8 ms. Memory: 116224K Free: 104237K (90%)
4 ms. Memory: 116224K Free: 103038K (89%)
5 ms. Memory: 116224K Free: 102426K (88%)
5 ms. Memory: 116224K Free: 101815K (88%)
8 ms. Memory: 116224K Free: 101203K (87%)
/home/travis/build/icyphy/ptII/ptolemy/actor/lib/test/Average.tcl
15 ms. Memory: 116224K Free: 99401K (86%)
5 ms. Memory: 116224K Free: 98195K (84%)
/home/travis/build/icyphy/ptII/ptolemy/actor/lib/test/Bernoulli.tcl
6 ms. Memory: 116224K Free: 96369K (83%)
1 ms. Memory: 116224K Free: 95765K (82%)
/home/travis/build/icyphy/ptII/ptolemy/actor/lib/test/Clock.tcl
preinitializing
resolving types
initializing
executing number 1
wrapping up
idle
9 ms. Memory: 116224K Free: 93344K (80%)
Completed execution with 5 iterations
preinitializing
resolving types
initializing
executing number 1
wrapping up
idle
3 ms. Memory: 116224K Free: 92733K (80%)
Completed execution with 5 iterations
preinitializing
resolving types
initializing
executing number 1
wrapping up
idle
3 ms. Memory: 116224K Free: 92097K (79%)
Completed execution with 5 iterations
/home/travis/build/icyphy/ptII/ptolemy/actor/lib/test/Commutator.tcl
14 ms. Memory: 116224K Free: 90279K (78%)
19 ms. Memory: 116224K Free: 89057K (77%)
8 ms. Memory: 116224K Free: 84841K (73%)
/home/travis/build/icyphy/ptII/ptolemy/actor/lib/test/Const.tcl
3 ms. Memory: 116224K Free: 83047K (71%)
3 ms. Memory: 116224K Free: 82452K (71%)
2 ms. Memory: 116224K Free: 81856K (70%)
2 ms. Memory: 116224K Free: 81253K (70%)
14 ms. Memory: 146944K Free: 140434K (96%)
20 ms. Memory: 146944K Free: 138836K (94%)
4 ms. Memory: 146944K Free: 136409K (93%)
3 ms. Memory: 146944K Free: 135211K (92%)
/home/travis/build/icyphy/ptII/ptolemy/actor/lib/test/CurrentTime.tcl
preinitializing
resolving types
initializing
executing number 1
wrapping up
idle
13 ms. Memory: 146944K Free: 134013K (91%)
Completed execution with 11 iterations
/home/travis/build/icyphy/ptII/ptolemy/actor/lib/test/DB.tcl
3 ms. Memory: 146944K Free: 131601K (90%)
7 ms. Memory: 146944K Free: 131601K (90%)
1 ms. Memory: 146944K Free: 130402K (89%)
/home/travis/build/icyphy/ptII/ptolemy/actor/lib/test/DiscreteRandomSource.tcl
preinitializing
resolving types
initializing
executing number 1
wrapping up
idle
4 ms. Memory: 146944K Free: 129204K (88%)
Completed execution with 4 iterations
preinitializing
resolving types
initializing
executing number 1
wrapping up
idle
2 ms. Memory: 146944K Free: 129204K (88%)
Completed execution with 4 iterations
preinitializing
resolving types
initializing
executing number 1
wrapping up
idle
2 ms. Memory: 146944K Free: 127990K (87%)
Completed execution with 4 iterations
preinitializing
resolving types
initializing
executing number 1
wrapping up
idle
2 ms. Memory: 146944K Free: 127990K (87%)
Completed execution with 4 iterations
preinitializing
resolving types
initializing
executing number 1
wrapping up
idle
3 ms. Memory: 146944K Free: 127990K (87%)
Completed execution with 4 iterations
/home/travis/build/icyphy/ptII/ptolemy/actor/lib/test/Distributor.tcl
4 ms. Memory: 146944K Free: 125589K (85%)
3 ms. Memory: 146944K Free: 125589K (85%)
StreamChangeRequest.changeExecuted(): <deleteEntity name="rec2"/> succeeded
StreamChangeRequest.changeExecuted(): <deleteRelation name="r2"/> succeeded
StreamChangeRequest.changeExecuted(): Record firings per iteration succeeded
5 ms. Memory: 146944K Free: 123176K (84%)
/home/travis/build/icyphy/ptII/ptolemy/actor/lib/test/Exit.tcl
Exit.tcl: this will print a message about Manager.exitAfterWrapup, which can be ignored.
4 ms. Memory: 146944K Free: 118951K (81%)
/home/travis/build/icyphy/ptII/ptolemy/actor/lib/test/Expression.tcl
5 ms. Memory: 146944K Free: 116508K (79%)
6 ms. Memory: 146944K Free: 115294K (78%)
2 ms. Memory: 146944K Free: 115294K (78%)
preinitializing
resolving types
initializing
executing number 1
wrapping up
idle
5 ms. Memory: 146944K Free: 114096K (78%)
Completed execution with 6 iterations
3 ms. Memory: 146944K Free: 112898K (77%)
2 ms. Memory: 146944K Free: 111684K (76%)
4 ms. Memory: 146944K Free: 110485K (75%)
4 ms. Memory: 146944K Free: 109271K (74%)
4 ms. Memory: 146944K Free: 108057K (74%)
/home/travis/build/icyphy/ptII/ptolemy/actor/lib/test/Gaussian.tcl
21 ms. Memory: 146944K Free: 106859K (73%)
sleeping 1 seconds: .............................................................................................................................................................................................................................................................................................................................................................................................................................................................................................................................................................................................................................................................................................................................................................................................................................................................................................................................................................................................................................................................................................................................................................................................................................................................................................................................................................................................................................................................................................................................................................................................................................................................................................................................................................................................................................................................................................................................................................................................................................................................................................................................................................................................................................................................................................................................................................................................................................................................................................................................................................................................................................................................................................................................................................................................................................................................................................................................................................................................................................................................................................................................................................................................................................................................................................................................................................................................................................................................................................................................................................................................................................................................................................................................................................................................................................................................................................................................................................................................................................................................................................................................................................................................................................................................................................................................................................................................................................................................................................................................................................................................................................................................................................................................................................................................................................................................................................................................................................................................................................................................................................................................................................................................................................................................................................................................................................................................................................................................................................................................................................................................................................................................................................................................................................................................................................................................................................................................................................................................................................................................................................................................................................................................................................................................................................................................................................................................................................................................................................................................................................................................................................................................................................................................................................................................................................................................................................................................................................................................................................................................................................................................................................................................................................................................................................................................................................................................................................................................................................................................................................................................................................................................................................................................................................................................................................................................................................................................................................................................................................................................................................................................................................................................................................................................................................................................................................................................................................................................................................................................................................................................................................................................................................................................................................................................................................................................................................................................................................................................................................................................................................................................................................................................................................................................................................................................................................................................................................................................................................................................................................................................................................................................................................................................................................................................................................................................................................................................................................................................................................................................................................................................................................................................................................................................................................................................................................................................................................................................................................................................................................................................................................................................................................................................................................................................................................................................................................................................................................................................................................................................................................................................................................................................................................................................................................................................................................................................................................................................................................................................................................................................................................................................................................................................................................................................................................................................................................................................................................................................................................................................................................................................................................................................................................................................................................................................................................................................................................................................................................................................................................................................................................................................................................................................................................................................................................................................................................................................................................................................................................................................................................................................................................................................................................................................................................................................................................................................................................................................................................................................................................................................................................................................................................................................................................................................................................................................................................................................................................................................................................................................................................................................................................................................................................................................................................................................................................................................................................................................................................................................................................................................................................................................................................................................................................................................................................................................................................................................................................................................................................................................................................................................................................................................................................................................................................................................................................................................................................................................................................................................................................................................................................................................................................................................................................................................................................................................................................................................................................................................................................................................................................................................................................................................................................................................................................................................................................................................................................................................................................................................................................................................................................................................................................................................................................................................................................................................................................................................................................................................................................................................................................................................................................................................................................................................................................................................................................................................................................................................................................................................................................................................................................................................................................................................................................................................................................................................................................................................................................................................................................................................................................................................................................................................................................................................................................................................................................................................................................................................................................................................................................................................................................................................................................................................................................................................................................................................................................................................................................................................................................................................................................................................................................................................................................................................................................................................................................................................................................................5 ms. Memory: 146944K Free: 86747K (59%)
5 ms. Memory: 146944K Free: 86747K (59%)
2 ms. Memory: 146944K Free: 85556K (58%)
7 ms. Memory: 146944K Free: 85556K (58%)
2 ms. Memory: 146944K Free: 84364K (57%)
/home/travis/build/icyphy/ptII/ptolemy/actor/lib/test/IIR.tcl
/home/travis/build/icyphy/ptII/ptolemy/actor/lib/test/Interpolator.tcl
7 ms. Memory: 146944K Free: 80578K (55%)
24 ms. Memory: 208384K Free: 200714K (96%)
1 ms. Memory: 208384K Free: 200714K (96%)
10 ms. Memory: 208384K Free: 200376K (96%)
2 ms. Memory: 208384K Free: 200376K (96%)
5 ms. Memory: 208384K Free: 197988K (95%)
10 ms. Memory: 208384K Free: 197988K (95%)
1 ms. Memory: 208384K Free: 195599K (94%)
2 ms. Memory: 208384K Free: 195599K (94%)
10 ms. Memory: 208384K Free: 195599K (94%)
/home/travis/build/icyphy/ptII/ptolemy/actor/lib/test/MathFunction.tcl
5 ms. Memory: 208384K Free: 193211K (93%)
2 ms. Memory: 208384K Free: 190822K (92%)
8 ms. Memory: 208384K Free: 190822K (92%)
2 ms. Memory: 208384K Free: 190822K (92%)
10 ms. Memory: 208384K Free: 188434K (90%)
13 ms. Memory: 208384K Free: 186045K (89%)
/home/travis/build/icyphy/ptII/ptolemy/actor/lib/test/Maximum.tcl
5 ms. Memory: 208384K Free: 183657K (88%)
6 ms. Memory: 208384K Free: 183657K (88%)
1 ms. Memory: 208384K Free: 183657K (88%)
10 ms. Memory: 208384K Free: 183657K (88%)
/home/travis/build/icyphy/ptII/ptolemy/actor/lib/test/Minimum.tcl
6 ms. Memory: 208384K Free: 181268K (87%)
4 ms. Memory: 208384K Free: 181268K (87%)
5 ms. Memory: 208384K Free: 178880K (86%)
2 ms. Memory: 208384K Free: 178880K (86%)
/home/travis/build/icyphy/ptII/ptolemy/actor/lib/test/MultiplyDivide.tcl
9 ms. Memory: 208384K Free: 176492K (85%)
12 ms. Memory: 208384K Free: 176492K (85%)
2 ms. Memory: 208384K Free: 176492K (85%)
2 ms. Memory: 208384K Free: 174100K (84%)
6 ms. Memory: 208384K Free: 174100K (84%)
/home/travis/build/icyphy/ptII/ptolemy/actor/lib/test/OrderedMerge.tcl
Connections changed on port: inputA
Connections changed on port: inputB
Connections changed on port: output
Connections changed on port: output
Connections changed on port: output
Connections changed on port: input
.top. Preinitializing ...
Invoking preinitialize():  .top.OrderedMerge
Called preinitialize()
Invoking preinitialize():  .top.Ramp
Called preinitialize()
Invoking preinitialize():  .top.Ramp2
Called preinitialize()
Invoking preinitialize():  .top.Test
Called preinitialize()
Connections changed on port: inputA
Connections changed on port: output
Connections changed on port: inputB
Connections changed on port: output
Connections changed on port: output
Connections changed on port: input
.top. Finished preinitialize().
Called initialize().
Invoking initialize():  .top.OrderedMerge
Initializing actor: .top.OrderedMerge
Adding a thread: .top.OrderedMerge
Invoking initialize():  .top.Ramp
Initializing actor: .top.Ramp
Adding a thread: .top.Ramp
Invoking initialize():  .top.Ramp2
Initializing actor: .top.Ramp2
Adding a thread: .top.Ramp2
Invoking initialize():  .top.Test
Initializing actor: .top.Test
Adding a thread: .top.Test
-- Starting thread.
Called initialize()
Called prefire()
Called fire()
-- Starting thread.
Called initialize()
Called prefire()
Called fire()
Called postfire()
Called prefire()
Called fire()
-- Starting thread.
Called initialize()
Called prefire()
Called fire()
Called postfire()
Called prefire()
Called fire()
Called fire().
Checking for deadlock:
There are 3 Blocked actors, 0 Stopped actors, and 4 active threads.
Waiting for actors to stop.
-- Starting thread.
Called initialize()
Called prefire()
Called fire()
Checking for deadlock:
There are 2 Blocked actors, 0 Stopped actors, and 4 active threads.
Waiting for actors to stop.
Called postfire()
Called prefire()
Called fire()
Checking for deadlock:
There are 3 Blocked actors, 0 Stopped actors, and 4 active threads.
Waiting for actors to stop.
Read input token from inputA with value 0.0
Next port to read input from is inputB
Called postfire()
Called prefire()
Called fire()
Checking for deadlock:
There are 2 Blocked actors, 0 Stopped actors, and 4 active threads.
Waiting for actors to stop.
Called postfire()
Called prefire()
Called fire()
Checking for deadlock:
There are 3 Blocked actors, 0 Stopped actors, and 4 active threads.
Waiting for actors to stop.
Read input token from inputB with value 0.0
Checking for deadlock:
There are 2 Blocked actors, 0 Stopped actors, and 4 active threads.
Waiting for actors to stop.
-- Read input: 0.0, which is expected to match: 0.0
Called prefire()
Called fire()
Checking for deadlock:
There are 3 Blocked actors, 0 Stopped actors, and 4 active threads.
Waiting for actors to stop.
Sent output token with value 0.0
Next port to read input from is inputA
Called postfire()
Called prefire()
Called fire()
Checking for deadlock:
There are 2 Blocked actors, 0 Stopped actors, and 4 active threads.
Waiting for actors to stop.
Called postfire()
Called prefire()
Called fire()
Checking for deadlock:
There are 3 Blocked actors, 0 Stopped actors, and 4 active threads.
Waiting for actors to stop.
Read input token from inputA with value 1.0
Checking for deadlock:
There are 2 Blocked actors, 0 Stopped actors, and 4 active threads.
Waiting for actors to stop.
-- Read input: 0.0, which is expected to match: 0.0
Called prefire()
Called fire()
Checking for deadlock:
There are 3 Blocked actors, 0 Stopped actors, and 4 active threads.
Waiting for actors to stop.
Sent output token with value 0.0
Next port to read input from is inputB
Called postfire()
Called prefire()
Called fire()
Checking for deadlock:
There are 2 Blocked actors, 0 Stopped actors, and 4 active threads.
Waiting for actors to stop.
Called postfire()
Called prefire()
Called fire()
Checking for deadlock:
There are 3 Blocked actors, 0 Stopped actors, and 4 active threads.
Waiting for actors to stop.
Read input token from inputB with value 1.5
Checking for deadlock:
There are 2 Blocked actors, 0 Stopped actors, and 4 active threads.
Waiting for actors to stop.
-- Read input: 1.0, which is expected to match: 1.0
Called prefire()
Called fire()
Checking for deadlock:
There are 3 Blocked actors, 0 Stopped actors, and 4 active threads.
Waiting for actors to stop.
Sent output token with value 1.0
Next port to read input from is inputA
Called postfire()
Called prefire()
Called fire()
Checking for deadlock:
There are 2 Blocked actors, 0 Stopped actors, and 4 active threads.
Waiting for actors to stop.
Called postfire()
Called prefire()
Called fire()
Checking for deadlock:
There are 3 Blocked actors, 0 Stopped actors, and 4 active threads.
Waiting for actors to stop.
Read input token from inputA with value 2.0
Checking for deadlock:
There are 2 Blocked actors, 0 Stopped actors, and 4 active threads.
Waiting for actors to stop.
-- Read input: 1.5, which is expected to match: 1.5
Called prefire()
Called fire()
Checking for deadlock:
There are 3 Blocked actors, 0 Stopped actors, and 4 active threads.
Waiting for actors to stop.
Sent output token with value 1.5
Next port to read input from is inputB
Called postfire()
Called prefire()
Called fire()
Checking for deadlock:
There are 2 Blocked actors, 0 Stopped actors, and 4 active threads.
Waiting for actors to stop.
Called postfire()
Called prefire()
Called fire()
Checking for deadlock:
There are 3 Blocked actors, 0 Stopped actors, and 4 active threads.
Waiting for actors to stop.
Read input token from inputB with value 3.0
Checking for deadlock:
There are 2 Blocked actors, 0 Stopped actors, and 4 active threads.
Waiting for actors to stop.
-- Read input: 2.0, which is expected to match: 2.0
Called prefire()
Called fire()
Checking for deadlock:
There are 3 Blocked actors, 0 Stopped actors, and 4 active threads.
Waiting for actors to stop.
Sent output token with value 2.0
Next port to read input from is inputA
Called postfire()
Called prefire()
Called fire()
Checking for deadlock:
There are 2 Blocked actors, 0 Stopped actors, and 4 active threads.
Waiting for actors to stop.
Called postfire()
Called prefire()
Called fire()
Checking for deadlock:
There are 3 Blocked actors, 0 Stopped actors, and 4 active threads.
Waiting for actors to stop.
Read input token from inputA with value 3.0
Checking for deadlock:
There are 2 Blocked actors, 0 Stopped actors, and 4 active threads.
Waiting for actors to stop.
-- Read input: 3.0, which is expected to match: 3.0
Called prefire()
Called fire()
Checking for deadlock:
There are 3 Blocked actors, 0 Stopped actors, and 4 active threads.
Waiting for actors to stop.
Sent output token with value 3.0
Next port to read input from is inputB
Called postfire()
Called prefire()
Called fire()
Checking for deadlock:
There are 2 Blocked actors, 0 Stopped actors, and 4 active threads.
Waiting for actors to stop.
Called postfire()
Called prefire()
Called fire()
Checking for deadlock:
There are 3 Blocked actors, 0 Stopped actors, and 4 active threads.
Waiting for actors to stop.
Read input token from inputB with value 4.5
Checking for deadlock:
There are 2 Blocked actors, 0 Stopped actors, and 4 active threads.
Waiting for actors to stop.
-- Read input: 3.0, which is expected to match: 3.0
Called prefire()
Called fire()
Checking for deadlock:
There are 3 Blocked actors, 0 Stopped actors, and 4 active threads.
Waiting for actors to stop.
Sent output token with value 3.0
Next port to read input from is inputA
Called postfire()
Called prefire()
Called fire()
Checking for deadlock:
There are 2 Blocked actors, 0 Stopped actors, and 4 active threads.
Waiting for actors to stop.
Called postfire()
Called prefire()
Called fire()
Checking for deadlock:
There are 3 Blocked actors, 0 Stopped actors, and 4 active threads.
Waiting for actors to stop.
Read input token from inputA with value 4.0
Checking for deadlock:
There are 2 Blocked actors, 0 Stopped actors, and 4 active threads.
Waiting for actors to stop.
-- Read input: 4.0, which is expected to match: 4.0
Called prefire()
Called fire()
Past the end of training data. Read and discard all inputs.
Checking for deadlock:
There are 3 Blocked actors, 0 Stopped actors, and 4 active threads.
Waiting for actors to stop.
Sent output token with value 4.0
Next port to read input from is inputA
Called postfire()
Called prefire()
Called fire()
Checking for deadlock:
There are 2 Blocked actors, 0 Stopped actors, and 4 active threads.
Waiting for actors to stop.
Called postfire()
Called prefire()
Called fire()
Checking for deadlock:
There are 3 Blocked actors, 0 Stopped actors, and 4 active threads.
Waiting for actors to stop.
Read input token from inputA with value 5.0
Checking for deadlock:
There are 2 Blocked actors, 0 Stopped actors, and 4 active threads.
Waiting for actors to stop.
Called prefire()
Called fire()
Past the end of training data. Read and discard all inputs.
Checking for deadlock:
There are 3 Blocked actors, 0 Stopped actors, and 4 active threads.
Waiting for actors to stop.
Sent output token with value 4.5
Next port to read input from is inputB
Called postfire()
Called prefire()
Called fire()
Checking for deadlock:
There are 2 Blocked actors, 0 Stopped actors, and 4 active threads.
Waiting for actors to stop.
Called postfire()
Called prefire()
Called fire()
Checking for deadlock:
There are 3 Blocked actors, 0 Stopped actors, and 4 active threads.
Waiting for actors to stop.
Read input token from inputB with value 6.0
Checking for deadlock:
There are 2 Blocked actors, 0 Stopped actors, and 4 active threads.
Waiting for actors to stop.
Called prefire()
Called fire()
Past the end of training data. Read and discard all inputs.
Checking for deadlock:
There are 3 Blocked actors, 0 Stopped actors, and 4 active threads.
Waiting for actors to stop.
Sent output token with value 5.0
Next port to read input from is inputA
Called postfire()
Called prefire()
Called fire()
Checking for deadlock:
There are 2 Blocked actors, 0 Stopped actors, and 4 active threads.
Waiting for actors to stop.
Called postfire()
Called prefire()
Called fire()
Checking for deadlock:
There are 3 Blocked actors, 0 Stopped actors, and 4 active threads.
Waiting for actors to stop.
Read input token from inputA with value 6.0
Checking for deadlock:
There are 2 Blocked actors, 0 Stopped actors, and 4 active threads.
Waiting for actors to stop.
Called prefire()
Called fire()
Past the end of training data. Read and discard all inputs.
Checking for deadlock:
There are 3 Blocked actors, 0 Stopped actors, and 4 active threads.
Waiting for actors to stop.
Sent output token with value 6.0
Next port to read input from is inputB
Called postfire()
Called prefire()
Called fire()
Checking for deadlock:
There are 2 Blocked actors, 0 Stopped actors, and 4 active threads.
Waiting for actors to stop.
Called postfire()
Called prefire()
Called fire()
Checking for deadlock:
There are 3 Blocked actors, 0 Stopped actors, and 4 active threads.
Waiting for actors to stop.
Read input token from inputB with value 7.5
Checking for deadlock:
There are 2 Blocked actors, 0 Stopped actors, and 4 active threads.
Waiting for actors to stop.
Called prefire()
Called fire()
Past the end of training data. Read and discard all inputs.
Checking for deadlock:
There are 3 Blocked actors, 0 Stopped actors, and 4 active threads.
Waiting for actors to stop.
Sent output token with value 6.0
Next port to read input from is inputA
Called postfire()
Called prefire()
Called fire()
Checking for deadlock:
There are 2 Blocked actors, 0 Stopped actors, and 4 active threads.
Waiting for actors to stop.
Called postfire()
Called prefire()
Called fire()
Checking for deadlock:
There are 3 Blocked actors, 0 Stopped actors, and 4 active threads.
Waiting for actors to stop.
Read input token from inputA with value 7.0
Checking for deadlock:
There are 2 Blocked actors, 0 Stopped actors, and 4 active threads.
Waiting for actors to stop.
Called prefire()
Called fire()
Past the end of training data. Read and discard all inputs.
Checking for deadlock:
There are 3 Blocked actors, 0 Stopped actors, and 4 active threads.
Waiting for actors to stop.
Sent output token with value 7.0
Next port to read input from is inputA
Called postfire()
Called prefire()
Called fire()
Checking for deadlock:
There are 2 Blocked actors, 0 Stopped actors, and 4 active threads.
Waiting for actors to stop.
-- Thread wrapup() called.
Called wrapup()
Thread .top.Ramp is exiting.
-- Thread stopped.
Checking for deadlock:
There are 2 Blocked actors, 0 Stopped actors, and 3 active threads.
Waiting for actors to stop.
Read input token from inputA with value 8.0
Checking for deadlock:
There are 1 Blocked actors, 0 Stopped actors, and 3 active threads.
Waiting for actors to stop.
Called prefire()
Called fire()
Past the end of training data. Read and discard all inputs.
Checking for deadlock:
There are 2 Blocked actors, 0 Stopped actors, and 3 active threads.
Waiting for actors to stop.
Sent output token with value 7.5
Next port to read input from is inputB
Called postfire()
Called prefire()
Called fire()
Checking for deadlock:
There are 1 Blocked actors, 0 Stopped actors, and 3 active threads.
Waiting for actors to stop.
Called postfire()
Called prefire()
Called fire()
Checking for deadlock:
There are 2 Blocked actors, 0 Stopped actors, and 3 active threads.
Waiting for actors to stop.
Read input token from inputB with value 9.0
Checking for deadlock:
There are 1 Blocked actors, 0 Stopped actors, and 3 active threads.
Waiting for actors to stop.
Called prefire()
Called fire()
Past the end of training data. Read and discard all inputs.
Checking for deadlock:
There are 2 Blocked actors, 0 Stopped actors, and 3 active threads.
Waiting for actors to stop.
Sent output token with value 8.0
Next port to read input from is inputA
Called postfire()
Called prefire()
Called fire()
Read input token from inputA with value 9.0
Checking for deadlock:
There are 1 Blocked actors, 0 Stopped actors, and 3 active threads.
Waiting for actors to stop.
Called prefire()
Called fire()
Past the end of training data. Read and discard all inputs.
Checking for deadlock:
There are 2 Blocked actors, 0 Stopped actors, and 3 active threads.
Waiting for actors to stop.
Sent output token with value 9.0
Next port to read input from is inputB
Called postfire()
Called prefire()
Called fire()
Checking for deadlock:
There are 1 Blocked actors, 0 Stopped actors, and 3 active threads.
Waiting for actors to stop.
Called postfire()
Called prefire()
Called fire()
Checking for deadlock:
There are 2 Blocked actors, 0 Stopped actors, and 3 active threads.
Waiting for actors to stop.
Read input token from inputB with value 10.5
Checking for deadlock:
There are 1 Blocked actors, 0 Stopped actors, and 3 active threads.
Waiting for actors to stop.
Called prefire()
Called fire()
Past the end of training data. Read and discard all inputs.
Checking for deadlock:
There are 2 Blocked actors, 0 Stopped actors, and 3 active threads.
Waiting for actors to stop.
Sent output token with value 9.0
Next port to read input from is inputA
Called postfire()
Called prefire()
Called fire()
Checking for deadlock:
There are 3 Blocked actors, 0 Stopped actors, and 3 active threads.
Actors have stopped.
Checking for deadlock:
There are 3 Blocked actors, 0 Stopped actors, and 3 active threads.
Deadlock detected.
Resolving Deadlock
Checking for deadlock:
There are 3 Blocked actors, 0 Stopped actors, and 3 active threads.
Artificial Deadlock - increasing queue capacity.
increasing the capacity of receiver ptolemy.actor.TypedIOPort {.top.OrderedMerge.inputB} to 2
Director: Called postfire().
Called postfire().
_stopRequested = false
_stopFireRequested = false
Returning from postfire(): true
Called fire().
Checking for deadlock:
There are 2 Blocked actors, 0 Stopped actors, and 3 active threads.
Waiting for actors to stop.
-- Thread wrapup() called.
Called wrapup()
Thread .top.Ramp2 is exiting.
-- Thread stopped.
Checking for deadlock:
There are 2 Blocked actors, 0 Stopped actors, and 2 active threads.
Actors have stopped.
Checking for deadlock:
There are 2 Blocked actors, 0 Stopped actors, and 2 active threads.
Deadlock detected.
Resolving Deadlock
Checking for deadlock:
There are 2 Blocked actors, 0 Stopped actors, and 2 active threads.
Deadlock detected: no processes blocked on write, but some are blocked on read.
Called postfire().
_stopRequested = false
_stopFireRequested = false
Returning from postfire(): false
Finished deactivating branches.
Called wrapup().
-- Thread wrapup() called.
Called wrapup()
Thread .top.Test is exiting.
-- Thread stopped.
-- Blocked Receiver call threw TerminateProcessException.
-- Thread wrapup() called.
Called wrapup()
Thread .top.OrderedMerge is exiting.
23 ms. Memory: 208384K Free: 166796K (80%)
.top. Preinitializing ...
Invoking preinitialize():  .top.OrderedMerge
Called preinitialize()
Invoking preinitialize():  .top.Ramp
Called preinitialize()
Invoking preinitialize():  .top.Ramp2
Called preinitialize()
Invoking preinitialize():  .top.Test
Called preinitialize()
.top. Finished preinitialize().
Called initialize().
Invoking initialize():  .top.OrderedMerge
Initializing actor: .top.OrderedMerge
Adding a thread: .top.OrderedMerge
Invoking initialize():  .top.Ramp
Initializing actor: .top.Ramp
Adding a thread: .top.Ramp
Invoking initialize():  .top.Ramp2
Initializing actor: .top.Ramp2
Adding a thread: .top.Ramp2
Invoking initialize():  .top.Test
Initializing actor: .top.Test
Adding a thread: .top.Test
-- Thread stopped.
-- Blocked Receiver call threw TerminateProcessException.
-- Starting thread.
Called initialize()
Called prefire()
Called fire()
-- Starting thread.
Called initialize()
Called prefire()
Called fire()
Called postfire()
Called prefire()
Called fire()
-- Starting thread.
Called initialize()
Called prefire()
Called fire()
Called postfire()
Called prefire()
Called fire()
Called fire().
Checking for deadlock:
There are 3 Blocked actors, 0 Stopped actors, and 4 active threads.
Waiting for actors to stop.
-- Starting thread.
Called initialize()
Called prefire()
Called fire()
Checking for deadlock:
There are 2 Blocked actors, 0 Stopped actors, and 4 active threads.
Waiting for actors to stop.
Called postfire()
Called prefire()
Called fire()
Checking for deadlock:
There are 3 Blocked actors, 0 Stopped actors, and 4 active threads.
Waiting for actors to stop.
Read input token from inputA with value 0.0
Next port to read input from is inputB
Called postfire()
Called prefire()
Called fire()
Checking for deadlock:
There are 2 Blocked actors, 0 Stopped actors, and 4 active threads.
Waiting for actors to stop.
Called postfire()
Called prefire()
Called fire()
Checking for deadlock:
There are 3 Blocked actors, 0 Stopped actors, and 4 active threads.
Waiting for actors to stop.
Read input token from inputB with value 0.0
Checking for deadlock:
There are 2 Blocked actors, 0 Stopped actors, and 4 active threads.
Waiting for actors to stop.
-- Read input: 0.0, which is expected to match: 0.0
Called prefire()
Called fire()
Checking for deadlock:
There are 3 Blocked actors, 0 Stopped actors, and 4 active threads.
Waiting for actors to stop.
Sent output token with value 0.0
Next port to read input from is inputA
Called postfire()
Called prefire()
Called fire()
Checking for deadlock:
There are 2 Blocked actors, 0 Stopped actors, and 4 active threads.
Waiting for actors to stop.
Called postfire()
Called prefire()
Called fire()
Checking for deadlock:
There are 3 Blocked actors, 0 Stopped actors, and 4 active threads.
Waiting for actors to stop.
Read input token from inputA with value 1.0
Checking for deadlock:
There are 2 Blocked actors, 0 Stopped actors, and 4 active threads.
Waiting for actors to stop.
-- Read input: 0.0, which is expected to match: 0.0
Called prefire()
Called fire()
Checking for deadlock:
There are 3 Blocked actors, 0 Stopped actors, and 4 active threads.
Waiting for actors to stop.
Sent output token with value 0.0
Next port to read input from is inputB
Called postfire()
Called prefire()
Called fire()
Checking for deadlock:
There are 2 Blocked actors, 0 Stopped actors, and 4 active threads.
Waiting for actors to stop.
Called postfire()
Called prefire()
Called fire()
Checking for deadlock:
There are 3 Blocked actors, 0 Stopped actors, and 4 active threads.
Waiting for actors to stop.
Read input token from inputB with value 1.5
Checking for deadlock:
There are 2 Blocked actors, 0 Stopped actors, and 4 active threads.
Waiting for actors to stop.
-- Read input: 1.0, which is expected to match: 1.0
Called prefire()
Called fire()
Checking for deadlock:
There are 3 Blocked actors, 0 Stopped actors, and 4 active threads.
Waiting for actors to stop.
Sent output token with value 1.0
Next port to read input from is inputA
Called postfire()
Called prefire()
Called fire()
Checking for deadlock:
There are 2 Blocked actors, 0 Stopped actors, and 4 active threads.
Waiting for actors to stop.
Called postfire()
Called prefire()
Called fire()
Checking for deadlock:
There are 3 Blocked actors, 0 Stopped actors, and 4 active threads.
Waiting for actors to stop.
Read input token from inputA with value 2.0
Checking for deadlock:
There are 2 Blocked actors, 0 Stopped actors, and 4 active threads.
Waiting for actors to stop.
-- Read input: 1.5, which is expected to match: 1.5
Called prefire()
Called fire()
Checking for deadlock:
There are 3 Blocked actors, 0 Stopped actors, and 4 active threads.
Waiting for actors to stop.
Sent output token with value 1.5
Next port to read input from is inputB
Called postfire()
Called prefire()
Called fire()
Checking for deadlock:
There are 2 Blocked actors, 0 Stopped actors, and 4 active threads.
Waiting for actors to stop.
Called postfire()
Called prefire()
Called fire()
Checking for deadlock:
There are 3 Blocked actors, 0 Stopped actors, and 4 active threads.
Waiting for actors to stop.
Read input token from inputB with value 3.0
Checking for deadlock:
There are 2 Blocked actors, 0 Stopped actors, and 4 active threads.
Waiting for actors to stop.
-- Read input: 2.0, which is expected to match: 2.0
Called prefire()
Called fire()
Checking for deadlock:
There are 3 Blocked actors, 0 Stopped actors, and 4 active threads.
Waiting for actors to stop.
Sent output token with value 2.0
Next port to read input from is inputA
Called postfire()
Called prefire()
Called fire()
Checking for deadlock:
There are 2 Blocked actors, 0 Stopped actors, and 4 active threads.
Waiting for actors to stop.
Called postfire()
Called prefire()
Called fire()
Checking for deadlock:
There are 3 Blocked actors, 0 Stopped actors, and 4 active threads.
Waiting for actors to stop.
Read input token from inputA with value 3.0
Checking for deadlock:
There are 2 Blocked actors, 0 Stopped actors, and 4 active threads.
Waiting for actors to stop.
-- Read input: 3.0, which is expected to match: 3.0
Called prefire()
Called fire()
Checking for deadlock:
There are 3 Blocked actors, 0 Stopped actors, and 4 active threads.
Waiting for actors to stop.
Sent output token with value 3.0
Next port to read input from is inputB
Called postfire()
Called prefire()
Called fire()
Checking for deadlock:
There are 2 Blocked actors, 0 Stopped actors, and 4 active threads.
Waiting for actors to stop.
Called postfire()
Called prefire()
Called fire()
Checking for deadlock:
There are 3 Blocked actors, 0 Stopped actors, and 4 active threads.
Waiting for actors to stop.
Read input token from inputB with value 4.5
Checking for deadlock:
There are 2 Blocked actors, 0 Stopped actors, and 4 active threads.
Waiting for actors to stop.
-- Read input: 3.0, which is expected to match: 3.0
Called prefire()
Called fire()
Checking for deadlock:
There are 3 Blocked actors, 0 Stopped actors, and 4 active threads.
Waiting for actors to stop.
Sent output token with value 3.0
Next port to read input from is inputA
Called postfire()
Called prefire()
Called fire()
Checking for deadlock:
There are 2 Blocked actors, 0 Stopped actors, and 4 active threads.
Waiting for actors to stop.
Called postfire()
Called prefire()
Called fire()
Checking for deadlock:
There are 3 Blocked actors, 0 Stopped actors, and 4 active threads.
Waiting for actors to stop.
Read input token from inputA with value 4.0
Checking for deadlock:
There are 2 Blocked actors, 0 Stopped actors, and 4 active threads.
Waiting for actors to stop.
-- Read input: 4.0, which is expected to match: 4.0
Called prefire()
Called fire()
Past the end of training data. Read and discard all inputs.
Checking for deadlock:
There are 3 Blocked actors, 0 Stopped actors, and 4 active threads.
Waiting for actors to stop.
Sent output token with value 4.0
Next port to read input from is inputA
Called postfire()
Called prefire()
Called fire()
Checking for deadlock:
There are 2 Blocked actors, 0 Stopped actors, and 4 active threads.
Waiting for actors to stop.
Called postfire()
Called prefire()
Called fire()
Checking for deadlock:
There are 3 Blocked actors, 0 Stopped actors, and 4 active threads.
Waiting for actors to stop.
Read input token from inputA with value 5.0
Checking for deadlock:
There are 2 Blocked actors, 0 Stopped actors, and 4 active threads.
Waiting for actors to stop.
Called prefire()
Called fire()
Past the end of training data. Read and discard all inputs.
Checking for deadlock:
There are 3 Blocked actors, 0 Stopped actors, and 4 active threads.
Waiting for actors to stop.
Sent output token with value 4.5
Next port to read input from is inputB
Called postfire()
Called prefire()
Called fire()
Checking for deadlock:
There are 2 Blocked actors, 0 Stopped actors, and 4 active threads.
Waiting for actors to stop.
Called postfire()
Called prefire()
Called fire()
Checking for deadlock:
There are 3 Blocked actors, 0 Stopped actors, and 4 active threads.
Waiting for actors to stop.
Read input token from inputB with value 6.0
Checking for deadlock:
There are 2 Blocked actors, 0 Stopped actors, and 4 active threads.
Waiting for actors to stop.
Called prefire()
Called fire()
Past the end of training data. Read and discard all inputs.
Checking for deadlock:
There are 3 Blocked actors, 0 Stopped actors, and 4 active threads.
Waiting for actors to stop.
Sent output token with value 5.0
Next port to read input from is inputA
Called postfire()
Called prefire()
Called fire()
Checking for deadlock:
There are 2 Blocked actors, 0 Stopped actors, and 4 active threads.
Waiting for actors to stop.
Called postfire()
Called prefire()
Called fire()
Checking for deadlock:
There are 3 Blocked actors, 0 Stopped actors, and 4 active threads.
Waiting for actors to stop.
Read input token from inputA with value 6.0
Checking for deadlock:
There are 2 Blocked actors, 0 Stopped actors, and 4 active threads.
Waiting for actors to stop.
Called prefire()
Called fire()
Past the end of training data. Read and discard all inputs.
Checking for deadlock:
There are 3 Blocked actors, 0 Stopped actors, and 4 active threads.
Waiting for actors to stop.
Sent output token with value 6.0
Next port to read input from is inputB
Called postfire()
Called prefire()
Called fire()
Checking for deadlock:
There are 2 Blocked actors, 0 Stopped actors, and 4 active threads.
Waiting for actors to stop.
Called postfire()
Called prefire()
Called fire()
Checking for deadlock:
There are 3 Blocked actors, 0 Stopped actors, and 4 active threads.
Waiting for actors to stop.
Read input token from inputB with value 7.5
Checking for deadlock:
There are 2 Blocked actors, 0 Stopped actors, and 4 active threads.
Waiting for actors to stop.
Called prefire()
Called fire()
Past the end of training data. Read and discard all inputs.
Checking for deadlock:
There are 3 Blocked actors, 0 Stopped actors, and 4 active threads.
Waiting for actors to stop.
Sent output token with value 6.0
Next port to read input from is inputA
Called postfire()
Called prefire()
Called fire()
Checking for deadlock:
There are 2 Blocked actors, 0 Stopped actors, and 4 active threads.
Waiting for actors to stop.
Called postfire()
Called prefire()
Called fire()
Checking for deadlock:
There are 3 Blocked actors, 0 Stopped actors, and 4 active threads.
Waiting for actors to stop.
Read input token from inputA with value 7.0
Checking for deadlock:
There are 2 Blocked actors, 0 Stopped actors, and 4 active threads.
Waiting for actors to stop.
Called prefire()
Called fire()
Past the end of training data. Read and discard all inputs.
Checking for deadlock:
There are 3 Blocked actors, 0 Stopped actors, and 4 active threads.
Waiting for actors to stop.
Sent output token with value 7.0
Next port to read input from is inputA
Called postfire()
Called prefire()
Called fire()
Checking for deadlock:
There are 2 Blocked actors, 0 Stopped actors, and 4 active threads.
Waiting for actors to stop.
-- Thread wrapup() called.
Called wrapup()
Thread .top.Ramp is exiting.
Checking for deadlock:
There are 2 Blocked actors, 0 Stopped actors, and 3 active threads.
Waiting for actors to stop.
-- Thread stopped.
Read input token from inputA with value 8.0
Checking for deadlock:
There are 1 Blocked actors, 0 Stopped actors, and 3 active threads.
Waiting for actors to stop.
Called prefire()
Called fire()
Past the end of training data. Read and discard all inputs.
Checking for deadlock:
There are 2 Blocked actors, 0 Stopped actors, and 3 active threads.
Waiting for actors to stop.
Sent output token with value 7.5
Next port to read input from is inputB
Called postfire()
Called prefire()
Called fire()
Checking for deadlock:
There are 1 Blocked actors, 0 Stopped actors, and 3 active threads.
Waiting for actors to stop.
Called postfire()
Called prefire()
Called fire()
Checking for deadlock:
There are 2 Blocked actors, 0 Stopped actors, and 3 active threads.
Waiting for actors to stop.
Read input token from inputB with value 9.0
Checking for deadlock:
There are 1 Blocked actors, 0 Stopped actors, and 3 active threads.
Waiting for actors to stop.
Called prefire()
Called fire()
Past the end of training data. Read and discard all inputs.
Checking for deadlock:
There are 2 Blocked actors, 0 Stopped actors, and 3 active threads.
Waiting for actors to stop.
Sent output token with value 8.0
Next port to read input from is inputA
Called postfire()
Called prefire()
Called fire()
Read input token from inputA with value 9.0
Checking for deadlock:
There are 1 Blocked actors, 0 Stopped actors, and 3 active threads.
Waiting for actors to stop.
Called prefire()
Called fire()
Past the end of training data. Read and discard all inputs.
Checking for deadlock:
There are 2 Blocked actors, 0 Stopped actors, and 3 active threads.
Waiting for actors to stop.
Sent output token with value 9.0
Next port to read input from is inputB
Called postfire()
Called prefire()
Called fire()
Checking for deadlock:
There are 1 Blocked actors, 0 Stopped actors, and 3 active threads.
Waiting for actors to stop.
Called postfire()
Called prefire()
Called fire()
Checking for deadlock:
There are 2 Blocked actors, 0 Stopped actors, and 3 active threads.
Waiting for actors to stop.
Read input token from inputB with value 10.5
Checking for deadlock:
There are 1 Blocked actors, 0 Stopped actors, and 3 active threads.
Waiting for actors to stop.
Called prefire()
Called fire()
Past the end of training data. Read and discard all inputs.
Checking for deadlock:
There are 2 Blocked actors, 0 Stopped actors, and 3 active threads.
Waiting for actors to stop.
Sent output token with value 9.0
Next port to read input from is inputA
Called postfire()
Called prefire()
Called fire()
Checking for deadlock:
There are 3 Blocked actors, 0 Stopped actors, and 3 active threads.
Actors have stopped.
Checking for deadlock:
There are 3 Blocked actors, 0 Stopped actors, and 3 active threads.
Deadlock detected.
Resolving Deadlock
Checking for deadlock:
There are 3 Blocked actors, 0 Stopped actors, and 3 active threads.
Artificial Deadlock - increasing queue capacity.
increasing the capacity of receiver ptolemy.actor.TypedIOPort {.top.OrderedMerge.inputB} to 2
Director: Called postfire().
Called postfire().
_stopRequested = false
_stopFireRequested = false
Returning from postfire(): true
Called fire().
Checking for deadlock:
There are 2 Blocked actors, 0 Stopped actors, and 3 active threads.
Waiting for actors to stop.
-- Thread wrapup() called.
Called wrapup()
Thread .top.Ramp2 is exiting.
-- Thread stopped.
Checking for deadlock:
There are 2 Blocked actors, 0 Stopped actors, and 2 active threads.
Actors have stopped.
Checking for deadlock:
There are 2 Blocked actors, 0 Stopped actors, and 2 active threads.
Deadlock detected.
Resolving Deadlock
Checking for deadlock:
There are 2 Blocked actors, 0 Stopped actors, and 2 active threads.
Deadlock detected: no processes blocked on write, but some are blocked on read.
Called postfire().
_stopRequested = false
_stopFireRequested = false
Returning from postfire(): false
Finished deactivating branches.
Called wrapup().
-- Thread wrapup() called.
Called wrapup()
Thread .top.OrderedMerge is exiting.
-- Thread stopped.
-- Blocked Receiver call threw TerminateProcessException.
-- Thread wrapup() called.
Called wrapup()
Thread .top.Test is exiting.
-- Thread stopped.
-- Blocked Receiver call threw TerminateProcessException.
11 ms. Memory: 208384K Free: 161881K (78%)
/home/travis/build/icyphy/ptII/ptolemy/actor/lib/test/Publisher.tcl
6 ms. Memory: 208384K Free: 154716K (74%)
10 ms. Memory: 208384K Free: 149939K (72%)
2 ms. Memory: 208384K Free: 145162K (70%)
11 ms. Memory: 208384K Free: 145162K (70%)
3 ms. Memory: 208384K Free: 145162K (70%)
3 ms. Memory: 208384K Free: 142758K (69%)
2 ms. Memory: 208384K Free: 142758K (69%)
3 ms. Memory: 208384K Free: 140369K (67%)
1 ms. Memory: 208384K Free: 133204K (64%)
2 ms. Memory: 208384K Free: 128427K (62%)
2 ms. Memory: 208384K Free: 128427K (62%)
2 ms. Memory: 208384K Free: 126039K (60%)
5 ms. Memory: 208384K Free: 116485K (56%)
5 ms. Memory: 208384K Free: 106931K (51%)
14 ms. Memory: 208384K Free: 94990K (46%)
/home/travis/build/icyphy/ptII/ptolemy/actor/lib/test/Pulse.tcl
1 ms. Memory: 208384K Free: 175183K (84%)
1 ms. Memory: 208384K Free: 175183K (84%)
1 ms. Memory: 208384K Free: 175183K (84%)
1 ms. Memory: 208384K Free: 175183K (84%)
1 ms. Memory: 208384K Free: 175183K (84%)
1 ms. Memory: 208384K Free: 172824K (83%)
2 ms. Memory: 208384K Free: 172824K (83%)
1 ms. Memory: 208384K Free: 170464K (82%)
1 ms. Memory: 208384K Free: 170464K (82%)
/home/travis/build/icyphy/ptII/ptolemy/actor/lib/test/Ramp.tcl
2 ms. Memory: 208384K Free: 168104K (81%)
1 ms. Memory: 208384K Free: 168104K (81%)
2 ms. Memory: 208384K Free: 168104K (81%)
1 ms. Memory: 208384K Free: 165744K (80%)
2 ms. Memory: 208384K Free: 165744K (80%)
3 ms. Memory: 208384K Free: 165744K (80%)
4 ms. Memory: 208384K Free: 163385K (78%)
5 actors
5000 microseconds per iteration to create
5 ms. Memory: 208384K Free: 161009K (77%)
1 ms. Memory: 208384K Free: 161009K (77%)
2 ms. Memory: 208384K Free: 161009K (77%)
2 ms. Memory: 208384K Free: 158641K (76%)
50 actors
25000 microseconds per iteration to create
23 ms. Memory: 208384K Free: 144410K (69%)
5 ms. Memory: 208384K Free: 142050K (68%)
5 ms. Memory: 208384K Free: 142050K (68%)
5 ms. Memory: 208384K Free: 139691K (67%)
500 actors
1241000 microseconds per iteration to create
256 ms. Memory: 331776K Free: 211122K (64%)
49 ms. Memory: 331776K Free: 206369K (62%)
54 ms. Memory: 331776K Free: 196847K (59%)
35 ms. Memory: 331776K Free: 192093K (58%)
/home/travis/build/icyphy/ptII/ptolemy/actor/lib/test/RampContinuous.tcl
8 ms. Memory: 331776K Free: 192093K (58%)
/home/travis/build/icyphy/ptII/ptolemy/actor/lib/test/RecordAssembler.tcl
6 ms. Memory: 331776K Free: 192093K (58%)
4 ms. Memory: 331776K Free: 187324K (56%)
/home/travis/build/icyphy/ptII/ptolemy/actor/lib/test/RecordDisassembler.tcl
7 ms. Memory: 331776K Free: 187324K (56%)
3 ms. Memory: 331776K Free: 187324K (56%)
4 ms. Memory: 331776K Free: 187324K (56%)
/home/travis/build/icyphy/ptII/ptolemy/actor/lib/test/Scale.tcl
3 ms. Memory: 331776K Free: 182571K (55%)
2 ms. Memory: 331776K Free: 182571K (55%)
1 ms. Memory: 331776K Free: 182571K (55%)
3 ms. Memory: 331776K Free: 182571K (55%)
3 ms. Memory: 331776K Free: 182571K (55%)
/home/travis/build/icyphy/ptII/ptolemy/actor/lib/test/SequentialClock.tcl
preinitializing
resolving types
initializing
executing number 1
wrapping up
idle
5 ms. Memory: 331776K Free: 177817K (54%)
Completed execution with 5 iterations
preinitializing
resolving types
initializing
executing number 1
wrapping up
idle
3 ms. Memory: 331776K Free: 177817K (54%)
Completed execution with 5 iterations
preinitializing
resolving types
initializing
executing number 1
wrapping up
idle
1 ms. Memory: 331776K Free: 177817K (54%)
Completed execution with 5 iterations
/home/travis/build/icyphy/ptII/ptolemy/actor/lib/test/SetVariable.tcl
4 ms. Memory: 331776K Free: 177817K (54%)
/home/travis/build/icyphy/ptII/ptolemy/actor/lib/test/Sinewave.tcl
/home/travis/build/icyphy/ptII/ptolemy/actor/lib/test/SubscriptionAggregator.tcl
4 ms. Memory: 331776K Free: 163542K (49%)
11 ms. Memory: 331776K Free: 163542K (49%)
1 ms. Memory: 331776K Free: 163542K (49%)
1 ms. Memory: 331776K Free: 163542K (49%)
1 ms. Memory: 331776K Free: 158787K (48%)
3 ms. Memory: 331776K Free: 154018K (46%)
...............................................................957 ms. Memory: 579072K Free: 287840K (50%)
/home/travis/build/icyphy/ptII/ptolemy/actor/lib/test/Test.tcl
 The next command will produce a warning about training mode,
   which may be ignored.
3 ms. Memory: 579072K Free: 278217K (48%)
2 ms. Memory: 579072K Free: 278217K (48%)
1 ms. Memory: 579072K Free: 278217K (48%)
1 ms. Memory: 579072K Free: 278217K (48%)
2 ms. Memory: 579072K Free: 278217K (48%)
2 ms. Memory: 579072K Free: 278217K (48%)
3 ms. Memory: 579072K Free: 278217K (48%)
 The next command will produce a warning about training mode,
   which may be ignored.
15 ms. Memory: 579072K Free: 278217K (48%)
 The next command will produce a warning about training mode,
   which may be ignored.
2 ms. Memory: 579072K Free: 268609K (46%)
0 ms. Memory: 579072K Free: 268609K (46%)
1 ms. Memory: 579072K Free: 268609K (46%)
2 ms. Memory: 579072K Free: 268609K (46%)
1 ms. Memory: 579072K Free: 268609K (46%)
3 ms. Memory: 579072K Free: 268609K (46%)
/home/travis/build/icyphy/ptII/ptolemy/actor/lib/test/TestExceptionHandler.tcl
 The next command will produce a warning about training mode,
   which may be ignored.
2 ms. Memory: 579072K Free: 268609K (46%)
1 ms. Memory: 579072K Free: 268609K (46%)
0 ms. Memory: 579072K Free: 268609K (46%)
/home/travis/build/icyphy/ptII/ptolemy/actor/lib/test/UnionDisassembler.tcl
25 ms. Memory: 579072K Free: 259002K (45%)
/home/travis/build/icyphy/ptII/ptolemy/actor/lib/test/VariableClock.tcl
preinitializing
resolving types
initializing
executing number 1
wrapping up
idle
7 ms. Memory: 579072K Free: 259002K (45%)
Completed execution with 11 iterations
preinitializing
resolving types
initializing
executing number 1
wrapping up
idle
5 ms. Memory: 579072K Free: 249379K (43%)
Completed execution with 10 iterations
01/30/19 03:52:42
Failed: 0  Total Tests: 234  ((Passed: 234, Newly Passed: 0)  Known Failed: 0) /home/travis/build/icyphy/ptII/ptolemy/actor/lib/test
----------------- testing (KnownFailure) /home/travis/build/icyphy/ptII/ptolemy/actor/lib/test/auto/knownFailedTests/PublisherPortToplevelSubscriber.xml
5 ms. Memory: 579072K Free: 239651K (41%)
Known Failure: java.lang.reflect.InvocationTargetException
----------------- testing (KnownFailure) /home/travis/build/icyphy/ptII/ptolemy/actor/lib/test/auto/knownFailedTests/PublisherSubscriberPortToplevel.xml
0 ms. Memory: 579072K Free: 220194K (38%)
Known Failure: java.lang.reflect.InvocationTargetException
----------------- testing (KnownFailure) /home/travis/build/icyphy/ptII/ptolemy/actor/lib/test/auto/knownFailedTests/PublisherSubscriptionAggregatorPort.xml
2 ms. Memory: 579072K Free: 200738K (35%)
Known Failure: java.lang.reflect.InvocationTargetException
----------------- testing (KnownFailure) /home/travis/build/icyphy/ptII/ptolemy/actor/lib/test/auto/knownFailedTests/sizedarray3.xml
4 ms. Memory: 579072K Free: 181282K (31%)
Known Failure: java.lang.reflect.InvocationTargetException
No auto/linux-amd64/*.xml tests in /home/travis/build/icyphy/ptII/ptolemy/actor/lib/test
AutoTests.java: About to close Vertx.
AutoTests.java: Vertx closed.

===========================================================================================
----------------- testing Wed Jan 30 15:52:42 UTC 2019 /home/travis/build/icyphy/ptII/ptolemy/actor/lib/test/auto/AbsoluteValue.xml
----------------- Instantiating /home/travis/build/icyphy/ptII/ptolemy/actor/lib/test/auto/AbsoluteValue.xml
8 ms. Memory: 579072K Free: 103698K (18%)
----------------- Invoking toplevel() on ptolemy.moml.MoMLSimpleApplication@56b178e6
----------------- Done invoking toplevel() on ptolemy.moml.MoMLSimpleApplication@56b178e6
reloadAllAccessors: .AbsoluteValue

===========================================================================================
----------------- testing Wed Jan 30 15:52:42 UTC 2019 /home/travis/build/icyphy/ptII/ptolemy/actor/lib/test/auto/AbsoluteValue2.xml
----------------- Instantiating /home/travis/build/icyphy/ptII/ptolemy/actor/lib/test/auto/AbsoluteValue2.xml
4 ms. Memory: 579072K Free: 89090K (15%)
----------------- Invoking toplevel() on ptolemy.moml.MoMLSimpleApplication@36cb0d8c
----------------- Done invoking toplevel() on ptolemy.moml.MoMLSimpleApplication@36cb0d8c
reloadAllAccessors: .AbsoluteValue2

===========================================================================================
----------------- testing Wed Jan 30 15:52:42 UTC 2019 /home/travis/build/icyphy/ptII/ptolemy/actor/lib/test/auto/Accumulator.xml
----------------- Instantiating /home/travis/build/icyphy/ptII/ptolemy/actor/lib/test/auto/Accumulator.xml
6 ms. Memory: 579072K Free: 79362K (14%)
----------------- Invoking toplevel() on ptolemy.moml.MoMLSimpleApplication@19be83a2
----------------- Done invoking toplevel() on ptolemy.moml.MoMLSimpleApplication@19be83a2
reloadAllAccessors: .Accumulator

===========================================================================================
----------------- testing Wed Jan 30 15:52:42 UTC 2019 /home/travis/build/icyphy/ptII/ptolemy/actor/lib/test/auto/Accumulator2.xml
----------------- Instantiating /home/travis/build/icyphy/ptII/ptolemy/actor/lib/test/auto/Accumulator2.xml
2 ms. Memory: 581120K Free: 527033K (91%)
----------------- Invoking toplevel() on ptolemy.moml.MoMLSimpleApplication@51ae298
----------------- Done invoking toplevel() on ptolemy.moml.MoMLSimpleApplication@51ae298
reloadAllAccessors: .Accumulator2

===========================================================================================
----------------- testing Wed Jan 30 15:52:42 UTC 2019 /home/travis/build/icyphy/ptII/ptolemy/actor/lib/test/auto/Accumulator3.xml
----------------- Instantiating /home/travis/build/icyphy/ptII/ptolemy/actor/lib/test/auto/Accumulator3.xml
2 ms. Memory: 581120K Free: 508773K (88%)
----------------- Invoking toplevel() on ptolemy.moml.MoMLSimpleApplication@268019e
----------------- Done invoking toplevel() on ptolemy.moml.MoMLSimpleApplication@268019e
reloadAllAccessors: .Accumulator3

===========================================================================================
----------------- testing Wed Jan 30 15:52:42 UTC 2019 /home/travis/build/icyphy/ptII/ptolemy/actor/lib/test/auto/ArrayAppend.xml
----------------- Instantiating /home/travis/build/icyphy/ptII/ptolemy/actor/lib/test/auto/ArrayAppend.xml
4 ms. Memory: 581120K Free: 499045K (86%)
----------------- Invoking toplevel() on ptolemy.moml.MoMLSimpleApplication@67e6f19b
----------------- Done invoking toplevel() on ptolemy.moml.MoMLSimpleApplication@67e6f19b
reloadAllAccessors: .ArrayAppend

===========================================================================================
----------------- testing Wed Jan 30 15:52:43 UTC 2019 /home/travis/build/icyphy/ptII/ptolemy/actor/lib/test/auto/ArrayAppend2.xml
----------------- Instantiating /home/travis/build/icyphy/ptII/ptolemy/actor/lib/test/auto/ArrayAppend2.xml
328 ms. Memory: 581120K Free: 435813K (75%)
----------------- Invoking toplevel() on ptolemy.moml.MoMLSimpleApplication@7e2c3178
----------------- Done invoking toplevel() on ptolemy.moml.MoMLSimpleApplication@7e2c3178
reloadAllAccessors: .ArrayAppend2

===========================================================================================
----------------- testing Wed Jan 30 15:52:43 UTC 2019 /home/travis/build/icyphy/ptII/ptolemy/actor/lib/test/auto/ArrayAppend3.xml
----------------- Instantiating /home/travis/build/icyphy/ptII/ptolemy/actor/lib/test/auto/ArrayAppend3.xml
3 ms. Memory: 581120K Free: 417553K (72%)
----------------- Invoking toplevel() on ptolemy.moml.MoMLSimpleApplication@4e2ba5da
----------------- Done invoking toplevel() on ptolemy.moml.MoMLSimpleApplication@4e2ba5da
reloadAllAccessors: .ArrayAppend3

===========================================================================================
----------------- testing Wed Jan 30 15:52:43 UTC 2019 /home/travis/build/icyphy/ptII/ptolemy/actor/lib/test/auto/ArrayAppend4.xml
----------------- Instantiating /home/travis/build/icyphy/ptII/ptolemy/actor/lib/test/auto/ArrayAppend4.xml
8 ms. Memory: 581120K Free: 407825K (70%)
----------------- Invoking toplevel() on ptolemy.moml.MoMLSimpleApplication@308b4c8
----------------- Done invoking toplevel() on ptolemy.moml.MoMLSimpleApplication@308b4c8
reloadAllAccessors: .ArrayAppend4

===========================================================================================
----------------- testing Wed Jan 30 15:52:43 UTC 2019 /home/travis/build/icyphy/ptII/ptolemy/actor/lib/test/auto/ArrayAppend5.xml
----------------- Instantiating /home/travis/build/icyphy/ptII/ptolemy/actor/lib/test/auto/ArrayAppend5.xml
3 ms. Memory: 581120K Free: 398097K (69%)
----------------- Invoking toplevel() on ptolemy.moml.MoMLSimpleApplication@6d5c5265
----------------- Done invoking toplevel() on ptolemy.moml.MoMLSimpleApplication@6d5c5265
reloadAllAccessors: .ArrayAppend5

===========================================================================================
----------------- testing Wed Jan 30 15:52:43 UTC 2019 /home/travis/build/icyphy/ptII/ptolemy/actor/lib/test/auto/ArrayAppend6.xml
----------------- Instantiating /home/travis/build/icyphy/ptII/ptolemy/actor/lib/test/auto/ArrayAppend6.xml
5 ms. Memory: 581120K Free: 388369K (67%)
----------------- Invoking toplevel() on ptolemy.moml.MoMLSimpleApplication@35df3d61
----------------- Done invoking toplevel() on ptolemy.moml.MoMLSimpleApplication@35df3d61
reloadAllAccessors: .ArrayAppend6

===========================================================================================
----------------- testing Wed Jan 30 15:52:43 UTC 2019 /home/travis/build/icyphy/ptII/ptolemy/actor/lib/test/auto/ArrayAppendPerformanceTest.xml
----------------- Instantiating /home/travis/build/icyphy/ptII/ptolemy/actor/lib/test/auto/ArrayAppendPerformanceTest.xml
21 ms. Memory: 581120K Free: 365229K (63%)
----------------- Invoking toplevel() on ptolemy.moml.MoMLSimpleApplication@36f66a30
----------------- Done invoking toplevel() on ptolemy.moml.MoMLSimpleApplication@36f66a30
reloadAllAccessors: .ArrayAppendPerformanceTest

===========================================================================================
----------------- testing Wed Jan 30 15:52:43 UTC 2019 /home/travis/build/icyphy/ptII/ptolemy/actor/lib/test/auto/ArrayAppendWithEmptyInput.xml
----------------- Instantiating /home/travis/build/icyphy/ptII/ptolemy/actor/lib/test/auto/ArrayAppendWithEmptyInput.xml
7 ms. Memory: 581120K Free: 350621K (60%)
----------------- Invoking toplevel() on ptolemy.moml.MoMLSimpleApplication@71ecc391
----------------- Done invoking toplevel() on ptolemy.moml.MoMLSimpleApplication@71ecc391
reloadAllAccessors: .ArrayAppendWithEmptyInput

===========================================================================================
----------------- testing Wed Jan 30 15:52:43 UTC 2019 /home/travis/build/icyphy/ptII/ptolemy/actor/lib/test/auto/ArrayAverage.xml
----------------- Instantiating /home/travis/build/icyphy/ptII/ptolemy/actor/lib/test/auto/ArrayAverage.xml
11 ms. Memory: 581120K Free: 336013K (58%)
----------------- Invoking toplevel() on ptolemy.moml.MoMLSimpleApplication@2d3c4414
----------------- Done invoking toplevel() on ptolemy.moml.MoMLSimpleApplication@2d3c4414
reloadAllAccessors: .ArrayAverage

===========================================================================================
----------------- testing Wed Jan 30 15:52:43 UTC 2019 /home/travis/build/icyphy/ptII/ptolemy/actor/lib/test/auto/ArrayContains.xml
----------------- Instantiating /home/travis/build/icyphy/ptII/ptolemy/actor/lib/test/auto/ArrayContains.xml
2 ms. Memory: 581120K Free: 326284K (56%)
----------------- Invoking toplevel() on ptolemy.moml.MoMLSimpleApplication@66df7556
----------------- Done invoking toplevel() on ptolemy.moml.MoMLSimpleApplication@66df7556
reloadAllAccessors: .ArrayContains

===========================================================================================
----------------- testing Wed Jan 30 15:52:43 UTC 2019 /home/travis/build/icyphy/ptII/ptolemy/actor/lib/test/auto/ArrayElement.xml
----------------- Instantiating /home/travis/build/icyphy/ptII/ptolemy/actor/lib/test/auto/ArrayElement.xml
3 ms. Memory: 581120K Free: 308024K (53%)
----------------- Invoking toplevel() on ptolemy.moml.MoMLSimpleApplication@76d4648e
----------------- Done invoking toplevel() on ptolemy.moml.MoMLSimpleApplication@76d4648e
reloadAllAccessors: .ArrayElement

===========================================================================================
----------------- testing Wed Jan 30 15:52:43 UTC 2019 /home/travis/build/icyphy/ptII/ptolemy/actor/lib/test/auto/ArrayElementAsMatrix.xml
----------------- Instantiating /home/travis/build/icyphy/ptII/ptolemy/actor/lib/test/auto/ArrayElementAsMatrix.xml
23 ms. Memory: 581120K Free: 288552K (50%)
----------------- Invoking toplevel() on ptolemy.moml.MoMLSimpleApplication@692173bb
----------------- Done invoking toplevel() on ptolemy.moml.MoMLSimpleApplication@692173bb
reloadAllAccessors: .ArrayElementAsMatrix

===========================================================================================
----------------- testing Wed Jan 30 15:52:43 UTC 2019 /home/travis/build/icyphy/ptII/ptolemy/actor/lib/test/auto/ArrayElementI.xml
----------------- Instantiating /home/travis/build/icyphy/ptII/ptolemy/actor/lib/test/auto/ArrayElementI.xml
2 ms. Memory: 581120K Free: 278824K (48%)
----------------- Invoking toplevel() on ptolemy.moml.MoMLSimpleApplication@10c6a7fa
----------------- Done invoking toplevel() on ptolemy.moml.MoMLSimpleApplication@10c6a7fa
reloadAllAccessors: .ArrayElementI

===========================================================================================
----------------- testing Wed Jan 30 15:52:43 UTC 2019 /home/travis/build/icyphy/ptII/ptolemy/actor/lib/test/auto/ArrayExtract.xml
----------------- Instantiating /home/travis/build/icyphy/ptII/ptolemy/actor/lib/test/auto/ArrayExtract.xml
4 ms. Memory: 581120K Free: 269096K (46%)
----------------- Invoking toplevel() on ptolemy.moml.MoMLSimpleApplication@4a53610f
----------------- Done invoking toplevel() on ptolemy.moml.MoMLSimpleApplication@4a53610f
reloadAllAccessors: .ArrayExtract

===========================================================================================
----------------- testing Wed Jan 30 15:52:43 UTC 2019 /home/travis/build/icyphy/ptII/ptolemy/actor/lib/test/auto/ArrayExtract2.xml
----------------- Instantiating /home/travis/build/icyphy/ptII/ptolemy/actor/lib/test/auto/ArrayExtract2.xml
5 ms. Memory: 581120K Free: 250836K (43%)
----------------- Invoking toplevel() on ptolemy.moml.MoMLSimpleApplication@72d5a22
----------------- Done invoking toplevel() on ptolemy.moml.MoMLSimpleApplication@72d5a22
reloadAllAccessors: .ArrayExtract2

===========================================================================================
----------------- testing Wed Jan 30 15:52:43 UTC 2019 /home/travis/build/icyphy/ptII/ptolemy/actor/lib/test/auto/ArrayLength.xml
----------------- Instantiating /home/travis/build/icyphy/ptII/ptolemy/actor/lib/test/auto/ArrayLength.xml
1 ms. Memory: 581120K Free: 241108K (41%)
----------------- Invoking toplevel() on ptolemy.moml.MoMLSimpleApplication@4f8c8b2e
----------------- Done invoking toplevel() on ptolemy.moml.MoMLSimpleApplication@4f8c8b2e
reloadAllAccessors: .ArrayLength

===========================================================================================
----------------- testing Wed Jan 30 15:52:43 UTC 2019 /home/travis/build/icyphy/ptII/ptolemy/actor/lib/test/auto/ArrayLevelCrossing.xml
----------------- Instantiating /home/travis/build/icyphy/ptII/ptolemy/actor/lib/test/auto/ArrayLevelCrossing.xml
3 ms. Memory: 581120K Free: 226500K (39%)
----------------- Invoking toplevel() on ptolemy.moml.MoMLSimpleApplication@6b1a21cc
----------------- Done invoking toplevel() on ptolemy.moml.MoMLSimpleApplication@6b1a21cc
reloadAllAccessors: .ArrayLevelCrossing

===========================================================================================
----------------- testing Wed Jan 30 15:52:43 UTC 2019 /home/travis/build/icyphy/ptII/ptolemy/actor/lib/test/auto/ArrayLevelCrossing2.xml
----------------- Instantiating /home/travis/build/icyphy/ptII/ptolemy/actor/lib/test/auto/ArrayLevelCrossing2.xml
2 ms. Memory: 581120K Free: 216772K (37%)
----------------- Invoking toplevel() on ptolemy.moml.MoMLSimpleApplication@3aee204e
----------------- Done invoking toplevel() on ptolemy.moml.MoMLSimpleApplication@3aee204e
reloadAllAccessors: .ArrayLevelCrossing2

===========================================================================================
----------------- testing Wed Jan 30 15:52:43 UTC 2019 /home/travis/build/icyphy/ptII/ptolemy/actor/lib/test/auto/ArrayPeakSearch.xml
----------------- Instantiating /home/travis/build/icyphy/ptII/ptolemy/actor/lib/test/auto/ArrayPeakSearch.xml
4 ms. Memory: 581120K Free: 193640K (33%)
----------------- Invoking toplevel() on ptolemy.moml.MoMLSimpleApplication@2bd49050
----------------- Done invoking toplevel() on ptolemy.moml.MoMLSimpleApplication@2bd49050
reloadAllAccessors: .ArrayPeakSearch

===========================================================================================
----------------- testing Wed Jan 30 15:52:44 UTC 2019 /home/travis/build/icyphy/ptII/ptolemy/actor/lib/test/auto/ArrayPeakSearch2.xml
----------------- Instantiating /home/travis/build/icyphy/ptII/ptolemy/actor/lib/test/auto/ArrayPeakSearch2.xml
6 ms. Memory: 581120K Free: 179048K (31%)
----------------- Invoking toplevel() on ptolemy.moml.MoMLSimpleApplication@7308c0e5
----------------- Done invoking toplevel() on ptolemy.moml.MoMLSimpleApplication@7308c0e5
reloadAllAccessors: .ArrayPeakSearch2

===========================================================================================
----------------- testing Wed Jan 30 15:52:44 UTC 2019 /home/travis/build/icyphy/ptII/ptolemy/actor/lib/test/auto/ArrayPeakSearch3.xml
----------------- Instantiating /home/travis/build/icyphy/ptII/ptolemy/actor/lib/test/auto/ArrayPeakSearch3.xml
5 ms. Memory: 581120K Free: 164440K (28%)
----------------- Invoking toplevel() on ptolemy.moml.MoMLSimpleApplication@57daa83
----------------- Done invoking toplevel() on ptolemy.moml.MoMLSimpleApplication@57daa83
reloadAllAccessors: .ArrayPeakSearch3

===========================================================================================
----------------- testing Wed Jan 30 15:52:44 UTC 2019 /home/travis/build/icyphy/ptII/ptolemy/actor/lib/test/auto/ArrayRemoveElement.xml
----------------- Instantiating /home/travis/build/icyphy/ptII/ptolemy/actor/lib/test/auto/ArrayRemoveElement.xml
6 ms. Memory: 581120K Free: 149832K (26%)
----------------- Invoking toplevel() on ptolemy.moml.MoMLSimpleApplication@2978339d
----------------- Done invoking toplevel() on ptolemy.moml.MoMLSimpleApplication@2978339d
reloadAllAccessors: .ArrayRemoveElement

===========================================================================================
----------------- testing Wed Jan 30 15:52:44 UTC 2019 /home/travis/build/icyphy/ptII/ptolemy/actor/lib/test/auto/ArraySort.xml
----------------- Instantiating /home/travis/build/icyphy/ptII/ptolemy/actor/lib/test/auto/ArraySort.xml
3 ms. Memory: 581120K Free: 126692K (22%)
----------------- Invoking toplevel() on ptolemy.moml.MoMLSimpleApplication@3c22f469
----------------- Done invoking toplevel() on ptolemy.moml.MoMLSimpleApplication@3c22f469
reloadAllAccessors: .ArraySort

===========================================================================================
----------------- testing Wed Jan 30 15:52:44 UTC 2019 /home/travis/build/icyphy/ptII/ptolemy/actor/lib/test/auto/ArraySum.xml
----------------- Instantiating /home/travis/build/icyphy/ptII/ptolemy/actor/lib/test/auto/ArraySum.xml
2 ms. Memory: 581120K Free: 116964K (20%)
----------------- Invoking toplevel() on ptolemy.moml.MoMLSimpleApplication@7f9da358
----------------- Done invoking toplevel() on ptolemy.moml.MoMLSimpleApplication@7f9da358
reloadAllAccessors: .ArraySum

===========================================================================================
----------------- testing Wed Jan 30 15:52:44 UTC 2019 /home/travis/build/icyphy/ptII/ptolemy/actor/lib/test/auto/ArrayToElements.xml
----------------- Instantiating /home/travis/build/icyphy/ptII/ptolemy/actor/lib/test/auto/ArrayToElements.xml
6 ms. Memory: 581120K Free: 107236K (18%)
----------------- Invoking toplevel() on ptolemy.moml.MoMLSimpleApplication@7b0290e9
----------------- Done invoking toplevel() on ptolemy.moml.MoMLSimpleApplication@7b0290e9
reloadAllAccessors: .ArrayToElements

===========================================================================================
----------------- testing Wed Jan 30 15:52:44 UTC 2019 /home/travis/build/icyphy/ptII/ptolemy/actor/lib/test/auto/ArrayToMatrix.xml
----------------- Instantiating /home/travis/build/icyphy/ptII/ptolemy/actor/lib/test/auto/ArrayToMatrix.xml
9 ms. Memory: 581120K Free: 87748K (15%)
----------------- Invoking toplevel() on ptolemy.moml.MoMLSimpleApplication@26eaf5ac
----------------- Done invoking toplevel() on ptolemy.moml.MoMLSimpleApplication@26eaf5ac
reloadAllAccessors: .ArrayToMatrix

===========================================================================================
----------------- testing Wed Jan 30 15:52:44 UTC 2019 /home/travis/build/icyphy/ptII/ptolemy/actor/lib/test/auto/ArrayUpdate1.xml
----------------- Instantiating /home/travis/build/icyphy/ptII/ptolemy/actor/lib/test/auto/ArrayUpdate1.xml
3 ms. Memory: 581120K Free: 69488K (12%)
----------------- Invoking toplevel() on ptolemy.moml.MoMLSimpleApplication@50dae753
----------------- Done invoking toplevel() on ptolemy.moml.MoMLSimpleApplication@50dae753
reloadAllAccessors: .ArrayUpdate1

===========================================================================================
----------------- testing Wed Jan 30 15:52:44 UTC 2019 /home/travis/build/icyphy/ptII/ptolemy/actor/lib/test/auto/ArrayUpdate2.xml
----------------- Instantiating /home/travis/build/icyphy/ptII/ptolemy/actor/lib/test/auto/ArrayUpdate2.xml
5 ms. Memory: 581120K Free: 59760K (10%)
----------------- Invoking toplevel() on ptolemy.moml.MoMLSimpleApplication@64249e4d
----------------- Done invoking toplevel() on ptolemy.moml.MoMLSimpleApplication@64249e4d
reloadAllAccessors: .ArrayUpdate2

===========================================================================================
----------------- testing Wed Jan 30 15:52:44 UTC 2019 /home/travis/build/icyphy/ptII/ptolemy/actor/lib/test/auto/ArrayUpdate3.xml
----------------- Instantiating /home/travis/build/icyphy/ptII/ptolemy/actor/lib/test/auto/ArrayUpdate3.xml
64 ms. Memory: 879104K Free: 831084K (95%)
----------------- Invoking toplevel() on ptolemy.moml.MoMLSimpleApplication@3bc2fd58
----------------- Done invoking toplevel() on ptolemy.moml.MoMLSimpleApplication@3bc2fd58
reloadAllAccessors: .ArrayUpdate3

===========================================================================================
----------------- testing Wed Jan 30 15:52:44 UTC 2019 /home/travis/build/icyphy/ptII/ptolemy/actor/lib/test/auto/Assert1.xml
----------------- Instantiating /home/travis/build/icyphy/ptII/ptolemy/actor/lib/test/auto/Assert1.xml
3 ms. Memory: 879104K Free: 807261K (92%)
----------------- Invoking toplevel() on ptolemy.moml.MoMLSimpleApplication@4fedd7a4
----------------- Done invoking toplevel() on ptolemy.moml.MoMLSimpleApplication@4fedd7a4
reloadAllAccessors: .Assert1

===========================================================================================
----------------- testing Wed Jan 30 15:52:44 UTC 2019 /home/travis/build/icyphy/ptII/ptolemy/actor/lib/test/auto/Assert2.xml
----------------- Instantiating /home/travis/build/icyphy/ptII/ptolemy/actor/lib/test/auto/Assert2.xml
17 ms. Memory: 879104K Free: 796723K (91%)
----------------- Invoking toplevel() on ptolemy.moml.MoMLSimpleApplication@18a6472d
----------------- Done invoking toplevel() on ptolemy.moml.MoMLSimpleApplication@18a6472d
reloadAllAccessors: .Assert2

===========================================================================================
----------------- testing Wed Jan 30 15:52:44 UTC 2019 /home/travis/build/icyphy/ptII/ptolemy/actor/lib/test/auto/BooleanMultiplexor.xml
----------------- Instantiating /home/travis/build/icyphy/ptII/ptolemy/actor/lib/test/auto/BooleanMultiplexor.xml
1 ms. Memory: 879104K Free: 786346K (89%)
----------------- Invoking toplevel() on ptolemy.moml.MoMLSimpleApplication@5d13c7ee
----------------- Done invoking toplevel() on ptolemy.moml.MoMLSimpleApplication@5d13c7ee
reloadAllAccessors: .BooleanMultiplexor

===========================================================================================
----------------- testing Wed Jan 30 15:52:44 UTC 2019 /home/travis/build/icyphy/ptII/ptolemy/actor/lib/test/auto/BooleanMultiplexor2.xml
----------------- Instantiating /home/travis/build/icyphy/ptII/ptolemy/actor/lib/test/auto/BooleanMultiplexor2.xml
10 ms. Memory: 879104K Free: 775970K (88%)
----------------- Invoking toplevel() on ptolemy.moml.MoMLSimpleApplication@7701c7bc
----------------- Done invoking toplevel() on ptolemy.moml.MoMLSimpleApplication@7701c7bc
reloadAllAccessors: .BooleanMultiplexor2

===========================================================================================
----------------- testing Wed Jan 30 15:52:44 UTC 2019 /home/travis/build/icyphy/ptII/ptolemy/actor/lib/test/auto/BooleanMultiplexor3.xml
----------------- Instantiating /home/travis/build/icyphy/ptII/ptolemy/actor/lib/test/auto/BooleanMultiplexor3.xml
6 ms. Memory: 879104K Free: 756038K (86%)
----------------- Invoking toplevel() on ptolemy.moml.MoMLSimpleApplication@1f883012
----------------- Done invoking toplevel() on ptolemy.moml.MoMLSimpleApplication@1f883012
reloadAllAccessors: .BooleanMultiplexor3

===========================================================================================
----------------- testing Wed Jan 30 15:52:44 UTC 2019 /home/travis/build/icyphy/ptII/ptolemy/actor/lib/test/auto/BooleanSelect.xml
----------------- Instantiating /home/travis/build/icyphy/ptII/ptolemy/actor/lib/test/auto/BooleanSelect.xml
6 ms. Memory: 879104K Free: 745661K (85%)
----------------- Invoking toplevel() on ptolemy.moml.MoMLSimpleApplication@1e74d385
----------------- Done invoking toplevel() on ptolemy.moml.MoMLSimpleApplication@1e74d385
reloadAllAccessors: .BooleanSelect

===========================================================================================
----------------- testing Wed Jan 30 15:52:44 UTC 2019 /home/travis/build/icyphy/ptII/ptolemy/actor/lib/test/auto/BooleanSelect2.xml
----------------- Instantiating /home/travis/build/icyphy/ptII/ptolemy/actor/lib/test/auto/BooleanSelect2.xml
1 ms. Memory: 879104K Free: 735285K (84%)
----------------- Invoking toplevel() on ptolemy.moml.MoMLSimpleApplication@565b456b
----------------- Done invoking toplevel() on ptolemy.moml.MoMLSimpleApplication@565b456b
reloadAllAccessors: .BooleanSelect2

===========================================================================================
----------------- testing Wed Jan 30 15:52:44 UTC 2019 /home/travis/build/icyphy/ptII/ptolemy/actor/lib/test/auto/BooleanSwitch.xml
----------------- Instantiating /home/travis/build/icyphy/ptII/ptolemy/actor/lib/test/auto/BooleanSwitch.xml
3 ms. Memory: 879104K Free: 724908K (82%)
----------------- Invoking toplevel() on ptolemy.moml.MoMLSimpleApplication@81cfaec
----------------- Done invoking toplevel() on ptolemy.moml.MoMLSimpleApplication@81cfaec
reloadAllAccessors: .BooleanSwitch

===========================================================================================
----------------- testing Wed Jan 30 15:52:44 UTC 2019 /home/travis/build/icyphy/ptII/ptolemy/actor/lib/test/auto/BooleanSwitch2.xml
----------------- Instantiating /home/travis/build/icyphy/ptII/ptolemy/actor/lib/test/auto/BooleanSwitch2.xml
2 ms. Memory: 879104K Free: 704976K (80%)
----------------- Invoking toplevel() on ptolemy.moml.MoMLSimpleApplication@2bff43ac
----------------- Done invoking toplevel() on ptolemy.moml.MoMLSimpleApplication@2bff43ac
reloadAllAccessors: .BooleanSwitch2

===========================================================================================
----------------- testing Wed Jan 30 15:52:44 UTC 2019 /home/travis/build/icyphy/ptII/ptolemy/actor/lib/test/auto/BooleanSwitchCloningBugWithClassRelationGroup.xml
----------------- Instantiating /home/travis/build/icyphy/ptII/ptolemy/actor/lib/test/auto/BooleanSwitchCloningBugWithClassRelationGroup.xml
4 ms. Memory: 879104K Free: 694600K (79%)
----------------- Invoking toplevel() on ptolemy.moml.MoMLSimpleApplication@3f13758
----------------- Done invoking toplevel() on ptolemy.moml.MoMLSimpleApplication@3f13758
reloadAllAccessors: .BooleanSwitchCloningBugWithClassRelationGroup

===========================================================================================
----------------- testing Wed Jan 30 15:52:44 UTC 2019 /home/travis/build/icyphy/ptII/ptolemy/actor/lib/test/auto/BusActors.xml
----------------- Instantiating /home/travis/build/icyphy/ptII/ptolemy/actor/lib/test/auto/BusActors.xml
3 ms. Memory: 879104K Free: 679035K (77%)
----------------- Invoking toplevel() on ptolemy.moml.MoMLSimpleApplication@374f4b18
----------------- Done invoking toplevel() on ptolemy.moml.MoMLSimpleApplication@374f4b18
reloadAllAccessors: .BusActors

===========================================================================================
----------------- testing Wed Jan 30 15:52:44 UTC 2019 /home/travis/build/icyphy/ptII/ptolemy/actor/lib/test/auto/ClassWrapper.xml
----------------- Instantiating /home/travis/build/icyphy/ptII/ptolemy/actor/lib/test/auto/ClassWrapper.xml
2 ms. Memory: 879104K Free: 668658K (76%)
----------------- Invoking toplevel() on ptolemy.moml.MoMLSimpleApplication@137577fd
----------------- Done invoking toplevel() on ptolemy.moml.MoMLSimpleApplication@137577fd
reloadAllAccessors: .ClassWrapper

===========================================================================================
----------------- testing Wed Jan 30 15:52:44 UTC 2019 /home/travis/build/icyphy/ptII/ptolemy/actor/lib/test/auto/Clock.xml
----------------- Instantiating /home/travis/build/icyphy/ptII/ptolemy/actor/lib/test/auto/Clock.xml
4 ms. Memory: 879104K Free: 648726K (74%)
----------------- Invoking toplevel() on ptolemy.moml.MoMLSimpleApplication@4551b9bf
----------------- Done invoking toplevel() on ptolemy.moml.MoMLSimpleApplication@4551b9bf
reloadAllAccessors: .Clock

===========================================================================================
----------------- testing Wed Jan 30 15:52:44 UTC 2019 /home/travis/build/icyphy/ptII/ptolemy/actor/lib/test/auto/Clock10.xml
----------------- Instantiating /home/travis/build/icyphy/ptII/ptolemy/actor/lib/test/auto/Clock10.xml
3 ms. Memory: 879104K Free: 638350K (73%)
----------------- Invoking toplevel() on ptolemy.moml.MoMLSimpleApplication@12ea53fd
----------------- Done invoking toplevel() on ptolemy.moml.MoMLSimpleApplication@12ea53fd
reloadAllAccessors: .Clock10

===========================================================================================
----------------- testing Wed Jan 30 15:52:44 UTC 2019 /home/travis/build/icyphy/ptII/ptolemy/actor/lib/test/auto/Clock11.xml
----------------- Instantiating /home/travis/build/icyphy/ptII/ptolemy/actor/lib/test/auto/Clock11.xml
5 ms. Memory: 879104K Free: 627973K (71%)
----------------- Invoking toplevel() on ptolemy.moml.MoMLSimpleApplication@5ae69131
----------------- Done invoking toplevel() on ptolemy.moml.MoMLSimpleApplication@5ae69131
reloadAllAccessors: .Clock11

===========================================================================================
----------------- testing Wed Jan 30 15:52:44 UTC 2019 /home/travis/build/icyphy/ptII/ptolemy/actor/lib/test/auto/Clock12.xml
----------------- Instantiating /home/travis/build/icyphy/ptII/ptolemy/actor/lib/test/auto/Clock12.xml
3 ms. Memory: 879104K Free: 617597K (70%)
----------------- Invoking toplevel() on ptolemy.moml.MoMLSimpleApplication@51a653f6
----------------- Done invoking toplevel() on ptolemy.moml.MoMLSimpleApplication@51a653f6
reloadAllAccessors: .Clock12

===========================================================================================
----------------- testing Wed Jan 30 15:52:44 UTC 2019 /home/travis/build/icyphy/ptII/ptolemy/actor/lib/test/auto/Clock13.xml
----------------- Instantiating /home/travis/build/icyphy/ptII/ptolemy/actor/lib/test/auto/Clock13.xml
8 ms. Memory: 879104K Free: 607220K (69%)
----------------- Invoking toplevel() on ptolemy.moml.MoMLSimpleApplication@4d40fae3
----------------- Done invoking toplevel() on ptolemy.moml.MoMLSimpleApplication@4d40fae3
reloadAllAccessors: .Clock13

===========================================================================================
----------------- testing Wed Jan 30 15:52:44 UTC 2019 /home/travis/build/icyphy/ptII/ptolemy/actor/lib/test/auto/Clock14.xml
----------------- Instantiating /home/travis/build/icyphy/ptII/ptolemy/actor/lib/test/auto/Clock14.xml
10 ms. Memory: 879104K Free: 587288K (67%)
----------------- Invoking toplevel() on ptolemy.moml.MoMLSimpleApplication@5d84f52f
----------------- Done invoking toplevel() on ptolemy.moml.MoMLSimpleApplication@5d84f52f
reloadAllAccessors: .Clock14

===========================================================================================
----------------- testing Wed Jan 30 15:52:44 UTC 2019 /home/travis/build/icyphy/ptII/ptolemy/actor/lib/test/auto/Clock15.xml
----------------- Instantiating /home/travis/build/icyphy/ptII/ptolemy/actor/lib/test/auto/Clock15.xml
1 ms. Memory: 879104K Free: 576912K (66%)
----------------- Invoking toplevel() on ptolemy.moml.MoMLSimpleApplication@3c2005c4
----------------- Done invoking toplevel() on ptolemy.moml.MoMLSimpleApplication@3c2005c4
reloadAllAccessors: .Clock15

===========================================================================================
----------------- testing Wed Jan 30 15:52:44 UTC 2019 /home/travis/build/icyphy/ptII/ptolemy/actor/lib/test/auto/Clock16.xml
----------------- Instantiating /home/travis/build/icyphy/ptII/ptolemy/actor/lib/test/auto/Clock16.xml
13 ms. Memory: 879104K Free: 561331K (64%)
----------------- Invoking toplevel() on ptolemy.moml.MoMLSimpleApplication@53f424a9
----------------- Done invoking toplevel() on ptolemy.moml.MoMLSimpleApplication@53f424a9
reloadAllAccessors: .Clock16

===========================================================================================
----------------- testing Wed Jan 30 15:52:44 UTC 2019 /home/travis/build/icyphy/ptII/ptolemy/actor/lib/test/auto/Clock17.xml
----------------- Instantiating /home/travis/build/icyphy/ptII/ptolemy/actor/lib/test/auto/Clock17.xml
14 ms. Memory: 879104K Free: 545750K (62%)
----------------- Invoking toplevel() on ptolemy.moml.MoMLSimpleApplication@3f0f1527
----------------- Done invoking toplevel() on ptolemy.moml.MoMLSimpleApplication@3f0f1527
reloadAllAccessors: .Clock17

===========================================================================================
----------------- testing Wed Jan 30 15:52:45 UTC 2019 /home/travis/build/icyphy/ptII/ptolemy/actor/lib/test/auto/Clock18.xml
----------------- Instantiating /home/travis/build/icyphy/ptII/ptolemy/actor/lib/test/auto/Clock18.xml
23 ms. Memory: 879104K Free: 520614K (59%)
----------------- Invoking toplevel() on ptolemy.moml.MoMLSimpleApplication@68a47a8e
----------------- Done invoking toplevel() on ptolemy.moml.MoMLSimpleApplication@68a47a8e
reloadAllAccessors: .Clock18

===========================================================================================
----------------- testing Wed Jan 30 15:52:45 UTC 2019 /home/travis/build/icyphy/ptII/ptolemy/actor/lib/test/auto/Clock19.xml
----------------- Instantiating /home/travis/build/icyphy/ptII/ptolemy/actor/lib/test/auto/Clock19.xml
15 ms. Memory: 879104K Free: 505049K (57%)
----------------- Invoking toplevel() on ptolemy.moml.MoMLSimpleApplication@41ddc980
----------------- Done invoking toplevel() on ptolemy.moml.MoMLSimpleApplication@41ddc980
reloadAllAccessors: .Clock19

===========================================================================================
----------------- testing Wed Jan 30 15:52:45 UTC 2019 /home/travis/build/icyphy/ptII/ptolemy/actor/lib/test/auto/Clock2.xml
----------------- Instantiating /home/travis/build/icyphy/ptII/ptolemy/actor/lib/test/auto/Clock2.xml
6 ms. Memory: 879104K Free: 494672K (56%)
----------------- Invoking toplevel() on ptolemy.moml.MoMLSimpleApplication@42a12aa9
----------------- Done invoking toplevel() on ptolemy.moml.MoMLSimpleApplication@42a12aa9
reloadAllAccessors: .Clock2

===========================================================================================
----------------- testing Wed Jan 30 15:52:45 UTC 2019 /home/travis/build/icyphy/ptII/ptolemy/actor/lib/test/auto/Clock20.xml
----------------- Instantiating /home/travis/build/icyphy/ptII/ptolemy/actor/lib/test/auto/Clock20.xml
10 ms. Memory: 879104K Free: 484296K (55%)
----------------- Invoking toplevel() on ptolemy.moml.MoMLSimpleApplication@458929e3
----------------- Done invoking toplevel() on ptolemy.moml.MoMLSimpleApplication@458929e3
reloadAllAccessors: .Clock20

===========================================================================================
----------------- testing Wed Jan 30 15:52:45 UTC 2019 /home/travis/build/icyphy/ptII/ptolemy/actor/lib/test/auto/Clock21.xml
----------------- Instantiating /home/travis/build/icyphy/ptII/ptolemy/actor/lib/test/auto/Clock21.xml
3 ms. Memory: 879104K Free: 464364K (53%)
----------------- Invoking toplevel() on ptolemy.moml.MoMLSimpleApplication@2a9a97a9
----------------- Done invoking toplevel() on ptolemy.moml.MoMLSimpleApplication@2a9a97a9
reloadAllAccessors: .Clock21

===========================================================================================
----------------- testing Wed Jan 30 15:52:45 UTC 2019 /home/travis/build/icyphy/ptII/ptolemy/actor/lib/test/auto/Clock22.xml
----------------- Instantiating /home/travis/build/icyphy/ptII/ptolemy/actor/lib/test/auto/Clock22.xml
3 ms. Memory: 879104K Free: 453987K (52%)
----------------- Invoking toplevel() on ptolemy.moml.MoMLSimpleApplication@3486d82e
----------------- Done invoking toplevel() on ptolemy.moml.MoMLSimpleApplication@3486d82e
reloadAllAccessors: .Clock22

===========================================================================================
----------------- testing Wed Jan 30 15:52:45 UTC 2019 /home/travis/build/icyphy/ptII/ptolemy/actor/lib/test/auto/Clock23.xml
----------------- Instantiating /home/travis/build/icyphy/ptII/ptolemy/actor/lib/test/auto/Clock23.xml
2 ms. Memory: 879104K Free: 443611K (50%)
----------------- Invoking toplevel() on ptolemy.moml.MoMLSimpleApplication@3454955d
----------------- Done invoking toplevel() on ptolemy.moml.MoMLSimpleApplication@3454955d
reloadAllAccessors: .Clock23

===========================================================================================
----------------- testing Wed Jan 30 15:52:45 UTC 2019 /home/travis/build/icyphy/ptII/ptolemy/actor/lib/test/auto/Clock24.xml
----------------- Instantiating /home/travis/build/icyphy/ptII/ptolemy/actor/lib/test/auto/Clock24.xml
6 ms. Memory: 879104K Free: 433234K (49%)
----------------- Invoking toplevel() on ptolemy.moml.MoMLSimpleApplication@354d8afa
----------------- Done invoking toplevel() on ptolemy.moml.MoMLSimpleApplication@354d8afa
reloadAllAccessors: .Clock24

===========================================================================================
----------------- testing Wed Jan 30 15:52:45 UTC 2019 /home/travis/build/icyphy/ptII/ptolemy/actor/lib/test/auto/Clock4.xml
----------------- Instantiating /home/travis/build/icyphy/ptII/ptolemy/actor/lib/test/auto/Clock4.xml
6 ms. Memory: 879104K Free: 413302K (47%)
----------------- Invoking toplevel() on ptolemy.moml.MoMLSimpleApplication@3e9705df
----------------- Done invoking toplevel() on ptolemy.moml.MoMLSimpleApplication@3e9705df
reloadAllAccessors: .Clock4

===========================================================================================
----------------- testing Wed Jan 30 15:52:45 UTC 2019 /home/travis/build/icyphy/ptII/ptolemy/actor/lib/test/auto/Clock5.xml
----------------- Instantiating /home/travis/build/icyphy/ptII/ptolemy/actor/lib/test/auto/Clock5.xml
1 ms. Memory: 879104K Free: 402926K (46%)
----------------- Invoking toplevel() on ptolemy.moml.MoMLSimpleApplication@cc87537
----------------- Done invoking toplevel() on ptolemy.moml.MoMLSimpleApplication@cc87537
reloadAllAccessors: .Clock5

===========================================================================================
----------------- testing Wed Jan 30 15:52:45 UTC 2019 /home/travis/build/icyphy/ptII/ptolemy/actor/lib/test/auto/Clock6.xml
----------------- Instantiating /home/travis/build/icyphy/ptII/ptolemy/actor/lib/test/auto/Clock6.xml
1 ms. Memory: 879104K Free: 392549K (45%)
----------------- Invoking toplevel() on ptolemy.moml.MoMLSimpleApplication@14c59484
----------------- Done invoking toplevel() on ptolemy.moml.MoMLSimpleApplication@14c59484
reloadAllAccessors: .Clock6

===========================================================================================
----------------- testing Wed Jan 30 15:52:45 UTC 2019 /home/travis/build/icyphy/ptII/ptolemy/actor/lib/test/auto/Clock7.xml
----------------- Instantiating /home/travis/build/icyphy/ptII/ptolemy/actor/lib/test/auto/Clock7.xml
2 ms. Memory: 879104K Free: 382172K (43%)
----------------- Invoking toplevel() on ptolemy.moml.MoMLSimpleApplication@1f36f67e
----------------- Done invoking toplevel() on ptolemy.moml.MoMLSimpleApplication@1f36f67e
reloadAllAccessors: .Clock7

===========================================================================================
----------------- testing Wed Jan 30 15:52:45 UTC 2019 /home/travis/build/icyphy/ptII/ptolemy/actor/lib/test/auto/Clock8.xml
----------------- Instantiating /home/travis/build/icyphy/ptII/ptolemy/actor/lib/test/auto/Clock8.xml
6 ms. Memory: 879104K Free: 371796K (42%)
----------------- Invoking toplevel() on ptolemy.moml.MoMLSimpleApplication@304288bf
----------------- Done invoking toplevel() on ptolemy.moml.MoMLSimpleApplication@304288bf
reloadAllAccessors: .Clock8

===========================================================================================
----------------- testing Wed Jan 30 15:52:45 UTC 2019 /home/travis/build/icyphy/ptII/ptolemy/actor/lib/test/auto/Clock9.xml
----------------- Instantiating /home/travis/build/icyphy/ptII/ptolemy/actor/lib/test/auto/Clock9.xml
6 ms. Memory: 879104K Free: 351864K (40%)
----------------- Invoking toplevel() on ptolemy.moml.MoMLSimpleApplication@5753ffc
----------------- Done invoking toplevel() on ptolemy.moml.MoMLSimpleApplication@5753ffc
reloadAllAccessors: .Clock9

===========================================================================================
----------------- testing Wed Jan 30 15:52:45 UTC 2019 /home/travis/build/icyphy/ptII/ptolemy/actor/lib/test/auto/CommDistDiscard.xml
----------------- Instantiating /home/travis/build/icyphy/ptII/ptolemy/actor/lib/test/auto/CommDistDiscard.xml
1 ms. Memory: 879104K Free: 341487K (39%)
----------------- Invoking toplevel() on ptolemy.moml.MoMLSimpleApplication@3ad38a1
----------------- Done invoking toplevel() on ptolemy.moml.MoMLSimpleApplication@3ad38a1
reloadAllAccessors: .CommDistDiscard

===========================================================================================
----------------- testing Wed Jan 30 15:52:45 UTC 2019 /home/travis/build/icyphy/ptII/ptolemy/actor/lib/test/auto/Commutator.xml
----------------- Instantiating /home/travis/build/icyphy/ptII/ptolemy/actor/lib/test/auto/Commutator.xml
1 ms. Memory: 879104K Free: 331111K (38%)
----------------- Invoking toplevel() on ptolemy.moml.MoMLSimpleApplication@6151684c
----------------- Done invoking toplevel() on ptolemy.moml.MoMLSimpleApplication@6151684c
reloadAllAccessors: .Commutator

===========================================================================================
----------------- testing Wed Jan 30 15:52:45 UTC 2019 /home/travis/build/icyphy/ptII/ptolemy/actor/lib/test/auto/Commutator2.xml
----------------- Instantiating /home/travis/build/icyphy/ptII/ptolemy/actor/lib/test/auto/Commutator2.xml
1 ms. Memory: 879104K Free: 320734K (36%)
----------------- Invoking toplevel() on ptolemy.moml.MoMLSimpleApplication@3df0a819
----------------- Done invoking toplevel() on ptolemy.moml.MoMLSimpleApplication@3df0a819
reloadAllAccessors: .Commutator2

===========================================================================================
----------------- testing Wed Jan 30 15:52:45 UTC 2019 /home/travis/build/icyphy/ptII/ptolemy/actor/lib/test/auto/Commutator3.xml
----------------- Instantiating /home/travis/build/icyphy/ptII/ptolemy/actor/lib/test/auto/Commutator3.xml
2 ms. Memory: 879104K Free: 300803K (34%)
----------------- Invoking toplevel() on ptolemy.moml.MoMLSimpleApplication@163287b9
----------------- Done invoking toplevel() on ptolemy.moml.MoMLSimpleApplication@163287b9
reloadAllAccessors: .Commutator3

===========================================================================================
----------------- testing Wed Jan 30 15:52:45 UTC 2019 /home/travis/build/icyphy/ptII/ptolemy/actor/lib/test/auto/Compare.xml
----------------- Instantiating /home/travis/build/icyphy/ptII/ptolemy/actor/lib/test/auto/Compare.xml
1 ms. Memory: 879104K Free: 290426K (33%)
----------------- Invoking toplevel() on ptolemy.moml.MoMLSimpleApplication@6bfb0f64
----------------- Done invoking toplevel() on ptolemy.moml.MoMLSimpleApplication@6bfb0f64
reloadAllAccessors: .Compare

===========================================================================================
----------------- testing Wed Jan 30 15:52:45 UTC 2019 /home/travis/build/icyphy/ptII/ptolemy/actor/lib/test/auto/CompareDE.xml
----------------- Instantiating /home/travis/build/icyphy/ptII/ptolemy/actor/lib/test/auto/CompareDE.xml
3 ms. Memory: 879104K Free: 280049K (32%)
----------------- Invoking toplevel() on ptolemy.moml.MoMLSimpleApplication@468fb26b
----------------- Done invoking toplevel() on ptolemy.moml.MoMLSimpleApplication@468fb26b
reloadAllAccessors: .CompareDE

===========================================================================================
----------------- testing Wed Jan 30 15:52:45 UTC 2019 /home/travis/build/icyphy/ptII/ptolemy/actor/lib/test/auto/ComplexDivide.xml
----------------- Instantiating /home/travis/build/icyphy/ptII/ptolemy/actor/lib/test/auto/ComplexDivide.xml
1 ms. Memory: 879104K Free: 269673K (31%)
----------------- Invoking toplevel() on ptolemy.moml.MoMLSimpleApplication@4c858fe3
----------------- Done invoking toplevel() on ptolemy.moml.MoMLSimpleApplication@4c858fe3
reloadAllAccessors: .ComplexDivide

===========================================================================================
----------------- testing Wed Jan 30 15:52:45 UTC 2019 /home/travis/build/icyphy/ptII/ptolemy/actor/lib/test/auto/ComputeHistogram.xml
----------------- Instantiating /home/travis/build/icyphy/ptII/ptolemy/actor/lib/test/auto/ComputeHistogram.xml
22 ms. Memory: 879104K Free: 244553K (28%)
----------------- Invoking toplevel() on ptolemy.moml.MoMLSimpleApplication@15d3abb4
----------------- Done invoking toplevel() on ptolemy.moml.MoMLSimpleApplication@15d3abb4
reloadAllAccessors: .ComputeHistogram

===========================================================================================
----------------- testing Wed Jan 30 15:52:45 UTC 2019 /home/travis/build/icyphy/ptII/ptolemy/actor/lib/test/auto/ConfigurationSelect.xml
----------------- Instantiating /home/travis/build/icyphy/ptII/ptolemy/actor/lib/test/auto/ConfigurationSelect.xml
2 ms. Memory: 879104K Free: 234176K (27%)
----------------- Invoking toplevel() on ptolemy.moml.MoMLSimpleApplication@6a89f7d0
----------------- Done invoking toplevel() on ptolemy.moml.MoMLSimpleApplication@6a89f7d0
reloadAllAccessors: .ConfigurationSelect

===========================================================================================
----------------- testing Wed Jan 30 15:52:45 UTC 2019 /home/travis/build/icyphy/ptII/ptolemy/actor/lib/test/auto/ConfigurationSelect2.xml
----------------- Instantiating /home/travis/build/icyphy/ptII/ptolemy/actor/lib/test/auto/ConfigurationSelect2.xml
1 ms. Memory: 879104K Free: 223800K (25%)
----------------- Invoking toplevel() on ptolemy.moml.MoMLSimpleApplication@6be16ccd
----------------- Done invoking toplevel() on ptolemy.moml.MoMLSimpleApplication@6be16ccd
reloadAllAccessors: .ConfigurationSelect2

===========================================================================================
----------------- testing Wed Jan 30 15:52:45 UTC 2019 /home/travis/build/icyphy/ptII/ptolemy/actor/lib/test/auto/ConfigurationSwitch.xml
----------------- Instantiating /home/travis/build/icyphy/ptII/ptolemy/actor/lib/test/auto/ConfigurationSwitch.xml
2 ms. Memory: 879104K Free: 213423K (24%)
----------------- Invoking toplevel() on ptolemy.moml.MoMLSimpleApplication@55836429
----------------- Done invoking toplevel() on ptolemy.moml.MoMLSimpleApplication@55836429
reloadAllAccessors: .ConfigurationSwitch

===========================================================================================
----------------- testing Wed Jan 30 15:52:45 UTC 2019 /home/travis/build/icyphy/ptII/ptolemy/actor/lib/test/auto/ConfigurationSwitch2.xml
----------------- Instantiating /home/travis/build/icyphy/ptII/ptolemy/actor/lib/test/auto/ConfigurationSwitch2.xml
3 ms. Memory: 879104K Free: 193491K (22%)
----------------- Invoking toplevel() on ptolemy.moml.MoMLSimpleApplication@56112196
----------------- Done invoking toplevel() on ptolemy.moml.MoMLSimpleApplication@56112196
reloadAllAccessors: .ConfigurationSwitch2

===========================================================================================
----------------- testing Wed Jan 30 15:52:45 UTC 2019 /home/travis/build/icyphy/ptII/ptolemy/actor/lib/test/auto/ConfigurationSwitchCloningBugWithClassRelationGroup.xml
----------------- Instantiating /home/travis/build/icyphy/ptII/ptolemy/actor/lib/test/auto/ConfigurationSwitchCloningBugWithClassRelationGroup.xml
1 ms. Memory: 879104K Free: 183115K (21%)
----------------- Invoking toplevel() on ptolemy.moml.MoMLSimpleApplication@c5e42c5
----------------- Done invoking toplevel() on ptolemy.moml.MoMLSimpleApplication@c5e42c5
reloadAllAccessors: .ConfigurationSwitchCloningBugWithClassRelationGroup

===========================================================================================
----------------- testing Wed Jan 30 15:52:45 UTC 2019 /home/travis/build/icyphy/ptII/ptolemy/actor/lib/test/auto/ConfigurationSwitchSelectSDF.xml
----------------- Instantiating /home/travis/build/icyphy/ptII/ptolemy/actor/lib/test/auto/ConfigurationSwitchSelectSDF.xml
3 ms. Memory: 879104K Free: 172738K (20%)
----------------- Invoking toplevel() on ptolemy.moml.MoMLSimpleApplication@518258c
----------------- Done invoking toplevel() on ptolemy.moml.MoMLSimpleApplication@518258c
reloadAllAccessors: .ConfigurationSwitchSelectSDF

===========================================================================================
----------------- testing Wed Jan 30 15:52:45 UTC 2019 /home/travis/build/icyphy/ptII/ptolemy/actor/lib/test/auto/ConfigurationSwitchSelectSDF2.xml
----------------- Instantiating /home/travis/build/icyphy/ptII/ptolemy/actor/lib/test/auto/ConfigurationSwitchSelectSDF2.xml
3 ms. Memory: 879104K Free: 162361K (18%)
----------------- Invoking toplevel() on ptolemy.moml.MoMLSimpleApplication@1c14a808
----------------- Done invoking toplevel() on ptolemy.moml.MoMLSimpleApplication@1c14a808
reloadAllAccessors: .ConfigurationSwitchSelectSDF2

===========================================================================================
----------------- testing Wed Jan 30 15:52:45 UTC 2019 /home/travis/build/icyphy/ptII/ptolemy/actor/lib/test/auto/Const.xml
----------------- Instantiating /home/travis/build/icyphy/ptII/ptolemy/actor/lib/test/auto/Const.xml
1 ms. Memory: 879104K Free: 142430K (16%)
----------------- Invoking toplevel() on ptolemy.moml.MoMLSimpleApplication@4b15f2f4
----------------- Done invoking toplevel() on ptolemy.moml.MoMLSimpleApplication@4b15f2f4
reloadAllAccessors: .Const

===========================================================================================
----------------- testing Wed Jan 30 15:52:45 UTC 2019 /home/travis/build/icyphy/ptII/ptolemy/actor/lib/test/auto/Const2.xml
----------------- Instantiating /home/travis/build/icyphy/ptII/ptolemy/actor/lib/test/auto/Const2.xml
1 ms. Memory: 879104K Free: 132053K (15%)
----------------- Invoking toplevel() on ptolemy.moml.MoMLSimpleApplication@1419c734
----------------- Done invoking toplevel() on ptolemy.moml.MoMLSimpleApplication@1419c734
reloadAllAccessors: .Const2

===========================================================================================
----------------- testing Wed Jan 30 15:52:45 UTC 2019 /home/travis/build/icyphy/ptII/ptolemy/actor/lib/test/auto/Const3.xml
----------------- Instantiating /home/travis/build/icyphy/ptII/ptolemy/actor/lib/test/auto/Const3.xml
1 ms. Memory: 879104K Free: 121676K (14%)
----------------- Invoking toplevel() on ptolemy.moml.MoMLSimpleApplication@7de17787
----------------- Done invoking toplevel() on ptolemy.moml.MoMLSimpleApplication@7de17787
reloadAllAccessors: .Const3

===========================================================================================
----------------- testing Wed Jan 30 15:52:45 UTC 2019 /home/travis/build/icyphy/ptII/ptolemy/actor/lib/test/auto/ConstantPublisherPort1.xml
----------------- Instantiating /home/travis/build/icyphy/ptII/ptolemy/actor/lib/test/auto/ConstantPublisherPort1.xml
6 ms. Memory: 879104K Free: 106111K (12%)
----------------- Invoking toplevel() on ptolemy.moml.MoMLSimpleApplication@6827ef1b
----------------- Done invoking toplevel() on ptolemy.moml.MoMLSimpleApplication@6827ef1b
reloadAllAccessors: .ConstantPublisherPort1

===========================================================================================
----------------- testing Wed Jan 30 15:52:45 UTC 2019 /home/travis/build/icyphy/ptII/ptolemy/actor/lib/test/auto/ConstantPublisherPort2.xml
----------------- Instantiating /home/travis/build/icyphy/ptII/ptolemy/actor/lib/test/auto/ConstantPublisherPort2.xml
8 ms. Memory: 879104K Free: 95735K (11%)
----------------- Invoking toplevel() on ptolemy.moml.MoMLSimpleApplication@2092332b
----------------- Done invoking toplevel() on ptolemy.moml.MoMLSimpleApplication@2092332b
reloadAllAccessors: .ConstantPublisherPort2

===========================================================================================
----------------- testing Wed Jan 30 15:52:45 UTC 2019 /home/travis/build/icyphy/ptII/ptolemy/actor/lib/test/auto/ConstantPublisherPort3.xml
----------------- Instantiating /home/travis/build/icyphy/ptII/ptolemy/actor/lib/test/auto/ConstantPublisherPort3.xml
8 ms. Memory: 879104K Free: 75803K (9%)
----------------- Invoking toplevel() on ptolemy.moml.MoMLSimpleApplication@42f80b3b
----------------- Done invoking toplevel() on ptolemy.moml.MoMLSimpleApplication@42f80b3b
reloadAllAccessors: .ConstantPublisherPort3

===========================================================================================
----------------- testing Wed Jan 30 15:52:45 UTC 2019 /home/travis/build/icyphy/ptII/ptolemy/actor/lib/test/auto/ConstantPublisherPort4.xml
----------------- Instantiating /home/travis/build/icyphy/ptII/ptolemy/actor/lib/test/auto/ConstantPublisherPort4.xml
2 ms. Memory: 879104K Free: 65427K (7%)
----------------- Invoking toplevel() on ptolemy.moml.MoMLSimpleApplication@3acc5fc
----------------- Done invoking toplevel() on ptolemy.moml.MoMLSimpleApplication@3acc5fc
reloadAllAccessors: .ConstantPublisherPort4

===========================================================================================
----------------- testing Wed Jan 30 15:52:45 UTC 2019 /home/travis/build/icyphy/ptII/ptolemy/actor/lib/test/auto/ConstantPublisherPort5.xml
----------------- Instantiating /home/travis/build/icyphy/ptII/ptolemy/actor/lib/test/auto/ConstantPublisherPort5.xml
35 ms. Memory: 880128K Free: 820948K (93%)
----------------- Invoking toplevel() on ptolemy.moml.MoMLSimpleApplication@748a3ffb
----------------- Done invoking toplevel() on ptolemy.moml.MoMLSimpleApplication@748a3ffb
reloadAllAccessors: .ConstantPublisherPort5

===========================================================================================
----------------- testing Wed Jan 30 15:52:45 UTC 2019 /home/travis/build/icyphy/ptII/ptolemy/actor/lib/test/auto/ConstantPublisherPort6.xml
----------------- Instantiating /home/travis/build/icyphy/ptII/ptolemy/actor/lib/test/auto/ConstantPublisherPort6.xml
18 ms. Memory: 880128K Free: 787883K (90%)
----------------- Invoking toplevel() on ptolemy.moml.MoMLSimpleApplication@101cb011
----------------- Done invoking toplevel() on ptolemy.moml.MoMLSimpleApplication@101cb011
reloadAllAccessors: .ConstantPublisherPort6

===========================================================================================
----------------- testing Wed Jan 30 15:52:45 UTC 2019 /home/travis/build/icyphy/ptII/ptolemy/actor/lib/test/auto/ConstantPublisherPort7.xml
----------------- Instantiating /home/travis/build/icyphy/ptII/ptolemy/actor/lib/test/auto/ConstantPublisherPort7.xml
18 ms. Memory: 880128K Free: 761942K (87%)
----------------- Invoking toplevel() on ptolemy.moml.MoMLSimpleApplication@4ebe1ce0
----------------- Done invoking toplevel() on ptolemy.moml.MoMLSimpleApplication@4ebe1ce0
reloadAllAccessors: .ConstantPublisherPort7

===========================================================================================
----------------- testing Wed Jan 30 15:52:45 UTC 2019 /home/travis/build/icyphy/ptII/ptolemy/actor/lib/test/auto/ConstraintMonitor1.xml
----------------- Instantiating /home/travis/build/icyphy/ptII/ptolemy/actor/lib/test/auto/ConstraintMonitor1.xml
1 ms. Memory: 880128K Free: 751565K (85%)
----------------- Invoking toplevel() on ptolemy.moml.MoMLSimpleApplication@27b7d0fb
----------------- Done invoking toplevel() on ptolemy.moml.MoMLSimpleApplication@27b7d0fb
reloadAllAccessors: .ConstraintMonitor1

===========================================================================================
----------------- testing Wed Jan 30 15:52:45 UTC 2019 /home/travis/build/icyphy/ptII/ptolemy/actor/lib/test/auto/ConstraintMonitor2.xml
----------------- Instantiating /home/travis/build/icyphy/ptII/ptolemy/actor/lib/test/auto/ConstraintMonitor2.xml
2 ms. Memory: 880128K Free: 734065K (83%)
----------------- Invoking toplevel() on ptolemy.moml.MoMLSimpleApplication@38aed763
----------------- Done invoking toplevel() on ptolemy.moml.MoMLSimpleApplication@38aed763
reloadAllAccessors: .ConstraintMonitor2

===========================================================================================
----------------- testing Wed Jan 30 15:52:45 UTC 2019 /home/travis/build/icyphy/ptII/ptolemy/actor/lib/test/auto/ConstraintMonitor3.xml
----------------- Instantiating /home/travis/build/icyphy/ptII/ptolemy/actor/lib/test/auto/ConstraintMonitor3.xml
1 ms. Memory: 880128K Free: 723688K (82%)
----------------- Invoking toplevel() on ptolemy.moml.MoMLSimpleApplication@5e6557d8
----------------- Done invoking toplevel() on ptolemy.moml.MoMLSimpleApplication@5e6557d8
reloadAllAccessors: .ConstraintMonitor3

===========================================================================================
----------------- testing Wed Jan 30 15:52:45 UTC 2019 /home/travis/build/icyphy/ptII/ptolemy/actor/lib/test/auto/ConstraintMonitor4.xml
----------------- Instantiating /home/travis/build/icyphy/ptII/ptolemy/actor/lib/test/auto/ConstraintMonitor4.xml
1 ms. Memory: 880128K Free: 713312K (81%)
----------------- Invoking toplevel() on ptolemy.moml.MoMLSimpleApplication@239cca7d
----------------- Done invoking toplevel() on ptolemy.moml.MoMLSimpleApplication@239cca7d
reloadAllAccessors: .ConstraintMonitor4

===========================================================================================
----------------- testing Wed Jan 30 15:52:45 UTC 2019 /home/travis/build/icyphy/ptII/ptolemy/actor/lib/test/auto/ConstraintMonitor5.xml
----------------- Instantiating /home/travis/build/icyphy/ptII/ptolemy/actor/lib/test/auto/ConstraintMonitor5.xml
1 ms. Memory: 880128K Free: 695811K (79%)
----------------- Invoking toplevel() on ptolemy.moml.MoMLSimpleApplication@33c0753f
----------------- Done invoking toplevel() on ptolemy.moml.MoMLSimpleApplication@33c0753f
reloadAllAccessors: .ConstraintMonitor5

===========================================================================================
----------------- testing Wed Jan 30 15:52:45 UTC 2019 /home/travis/build/icyphy/ptII/ptolemy/actor/lib/test/auto/ConstraintMonitor6.xml
----------------- Instantiating /home/travis/build/icyphy/ptII/ptolemy/actor/lib/test/auto/ConstraintMonitor6.xml
6 ms. Memory: 880128K Free: 685434K (78%)
----------------- Invoking toplevel() on ptolemy.moml.MoMLSimpleApplication@62f9433a
----------------- Done invoking toplevel() on ptolemy.moml.MoMLSimpleApplication@62f9433a
reloadAllAccessors: .ConstraintMonitor6

===========================================================================================
----------------- testing Wed Jan 30 15:52:46 UTC 2019 /home/travis/build/icyphy/ptII/ptolemy/actor/lib/test/auto/ConstraintMonitor7.xml
----------------- Instantiating /home/travis/build/icyphy/ptII/ptolemy/actor/lib/test/auto/ConstraintMonitor7.xml
6 ms. Memory: 880128K Free: 675058K (77%)
----------------- Invoking toplevel() on ptolemy.moml.MoMLSimpleApplication@15f5aa53
----------------- Done invoking toplevel() on ptolemy.moml.MoMLSimpleApplication@15f5aa53
reloadAllAccessors: .ConstraintMonitor7

===========================================================================================
----------------- testing Wed Jan 30 15:52:46 UTC 2019 /home/travis/build/icyphy/ptII/ptolemy/actor/lib/test/auto/ConstraintMonitor8.xml
----------------- Instantiating /home/travis/build/icyphy/ptII/ptolemy/actor/lib/test/auto/ConstraintMonitor8.xml
6 ms. Memory: 880128K Free: 657558K (75%)
----------------- Invoking toplevel() on ptolemy.moml.MoMLSimpleApplication@18ef4290
----------------- Done invoking toplevel() on ptolemy.moml.MoMLSimpleApplication@18ef4290
reloadAllAccessors: .ConstraintMonitor8

===========================================================================================
----------------- testing Wed Jan 30 15:52:46 UTC 2019 /home/travis/build/icyphy/ptII/ptolemy/actor/lib/test/auto/Counter.xml
----------------- Instantiating /home/travis/build/icyphy/ptII/ptolemy/actor/lib/test/auto/Counter.xml
1 ms. Memory: 880128K Free: 647181K (74%)
----------------- Invoking toplevel() on ptolemy.moml.MoMLSimpleApplication@4144bb34
----------------- Done invoking toplevel() on ptolemy.moml.MoMLSimpleApplication@4144bb34
reloadAllAccessors: .Counter

===========================================================================================
----------------- testing Wed Jan 30 15:52:46 UTC 2019 /home/travis/build/icyphy/ptII/ptolemy/actor/lib/test/auto/CurrentTimeSDF.xml
----------------- Instantiating /home/travis/build/icyphy/ptII/ptolemy/actor/lib/test/auto/CurrentTimeSDF.xml
1 ms. Memory: 880128K Free: 636805K (72%)
----------------- Invoking toplevel() on ptolemy.moml.MoMLSimpleApplication@43d974be
----------------- Done invoking toplevel() on ptolemy.moml.MoMLSimpleApplication@43d974be
reloadAllAccessors: .CurrentTimeSDF

===========================================================================================
----------------- testing Wed Jan 30 15:52:46 UTC 2019 /home/travis/build/icyphy/ptII/ptolemy/actor/lib/test/auto/DB.xml
----------------- Instantiating /home/travis/build/icyphy/ptII/ptolemy/actor/lib/test/auto/DB.xml
2 ms. Memory: 880128K Free: 619304K (70%)
----------------- Invoking toplevel() on ptolemy.moml.MoMLSimpleApplication@c08976a
----------------- Done invoking toplevel() on ptolemy.moml.MoMLSimpleApplication@c08976a
reloadAllAccessors: .DB

===========================================================================================
----------------- testing Wed Jan 30 15:52:46 UTC 2019 /home/travis/build/icyphy/ptII/ptolemy/actor/lib/test/auto/DBDE.xml
----------------- Instantiating /home/travis/build/icyphy/ptII/ptolemy/actor/lib/test/auto/DBDE.xml
1 ms. Memory: 880128K Free: 608928K (69%)
----------------- Invoking toplevel() on ptolemy.moml.MoMLSimpleApplication@144312f
----------------- Done invoking toplevel() on ptolemy.moml.MoMLSimpleApplication@144312f
reloadAllAccessors: .DBDE

===========================================================================================
----------------- testing Wed Jan 30 15:52:46 UTC 2019 /home/travis/build/icyphy/ptII/ptolemy/actor/lib/test/auto/DateConstructor.xml
----------------- Instantiating /home/travis/build/icyphy/ptII/ptolemy/actor/lib/test/auto/DateConstructor.xml
10 ms. Memory: 880128K Free: 588158K (67%)
----------------- Invoking toplevel() on ptolemy.moml.MoMLSimpleApplication@c59641a
----------------- Done invoking toplevel() on ptolemy.moml.MoMLSimpleApplication@c59641a
reloadAllAccessors: .DateConstructor

===========================================================================================
----------------- testing Wed Jan 30 15:52:46 UTC 2019 /home/travis/build/icyphy/ptII/ptolemy/actor/lib/test/auto/DelayTime.xml
----------------- Instantiating /home/travis/build/icyphy/ptII/ptolemy/actor/lib/test/auto/DelayTime.xml
2 ms. Memory: 880128K Free: 570658K (65%)
----------------- Invoking toplevel() on ptolemy.moml.MoMLSimpleApplication@98eb94e
----------------- Done invoking toplevel() on ptolemy.moml.MoMLSimpleApplication@98eb94e
reloadAllAccessors: .DelayTime

===========================================================================================
----------------- testing Wed Jan 30 15:52:46 UTC 2019 /home/travis/build/icyphy/ptII/ptolemy/actor/lib/test/auto/Dictionary1.xml
----------------- Instantiating /home/travis/build/icyphy/ptII/ptolemy/actor/lib/test/auto/Dictionary1.xml
1 ms. Memory: 880128K Free: 560282K (64%)
----------------- Invoking toplevel() on ptolemy.moml.MoMLSimpleApplication@2c240333
----------------- Done invoking toplevel() on ptolemy.moml.MoMLSimpleApplication@2c240333
reloadAllAccessors: .Dictionary1

===========================================================================================
----------------- testing Wed Jan 30 15:52:46 UTC 2019 /home/travis/build/icyphy/ptII/ptolemy/actor/lib/test/auto/Dictionary2.xml
----------------- Instantiating /home/travis/build/icyphy/ptII/ptolemy/actor/lib/test/auto/Dictionary2.xml
1 ms. Memory: 880128K Free: 549905K (62%)
----------------- Invoking toplevel() on ptolemy.moml.MoMLSimpleApplication@c7b0bbe
----------------- Done invoking toplevel() on ptolemy.moml.MoMLSimpleApplication@c7b0bbe
reloadAllAccessors: .Dictionary2

===========================================================================================
----------------- testing Wed Jan 30 15:52:46 UTC 2019 /home/travis/build/icyphy/ptII/ptolemy/actor/lib/test/auto/Dictionary3.xml
----------------- Instantiating /home/travis/build/icyphy/ptII/ptolemy/actor/lib/test/auto/Dictionary3.xml
1 ms. Memory: 880128K Free: 532405K (60%)
----------------- Invoking toplevel() on ptolemy.moml.MoMLSimpleApplication@2d2aa345
----------------- Done invoking toplevel() on ptolemy.moml.MoMLSimpleApplication@2d2aa345
reloadAllAccessors: .Dictionary3

===========================================================================================
----------------- testing Wed Jan 30 15:52:46 UTC 2019 /home/travis/build/icyphy/ptII/ptolemy/actor/lib/test/auto/Dictionary4.xml
----------------- Instantiating /home/travis/build/icyphy/ptII/ptolemy/actor/lib/test/auto/Dictionary4.xml
2 ms. Memory: 880128K Free: 522028K (59%)
----------------- Invoking toplevel() on ptolemy.moml.MoMLSimpleApplication@782478e6
----------------- Done invoking toplevel() on ptolemy.moml.MoMLSimpleApplication@782478e6
reloadAllAccessors: .Dictionary4

===========================================================================================
----------------- testing Wed Jan 30 15:52:46 UTC 2019 /home/travis/build/icyphy/ptII/ptolemy/actor/lib/test/auto/Differential.xml
----------------- Instantiating /home/travis/build/icyphy/ptII/ptolemy/actor/lib/test/auto/Differential.xml
1 ms. Memory: 880128K Free: 511652K (58%)
----------------- Invoking toplevel() on ptolemy.moml.MoMLSimpleApplication@60b8f0d3
----------------- Done invoking toplevel() on ptolemy.moml.MoMLSimpleApplication@60b8f0d3
reloadAllAccessors: .Differential

===========================================================================================
----------------- testing Wed Jan 30 15:52:46 UTC 2019 /home/travis/build/icyphy/ptII/ptolemy/actor/lib/test/auto/Director.xml
----------------- Instantiating /home/travis/build/icyphy/ptII/ptolemy/actor/lib/test/auto/Director.xml
1 ms. Memory: 880128K Free: 494151K (56%)
----------------- Invoking toplevel() on ptolemy.moml.MoMLSimpleApplication@4e8d448d
----------------- Done invoking toplevel() on ptolemy.moml.MoMLSimpleApplication@4e8d448d
reloadAllAccessors: .Director

===========================================================================================
----------------- testing Wed Jan 30 15:52:46 UTC 2019 /home/travis/build/icyphy/ptII/ptolemy/actor/lib/test/auto/DiscreteClock.xml
----------------- Instantiating /home/travis/build/icyphy/ptII/ptolemy/actor/lib/test/auto/DiscreteClock.xml
1 ms. Memory: 880128K Free: 483775K (55%)
----------------- Invoking toplevel() on ptolemy.moml.MoMLSimpleApplication@52e56ab9
----------------- Done invoking toplevel() on ptolemy.moml.MoMLSimpleApplication@52e56ab9
reloadAllAccessors: .DiscreteClock

===========================================================================================
----------------- testing Wed Jan 30 15:52:46 UTC 2019 /home/travis/build/icyphy/ptII/ptolemy/actor/lib/test/auto/DiscreteClock10.xml
----------------- Instantiating /home/travis/build/icyphy/ptII/ptolemy/actor/lib/test/auto/DiscreteClock10.xml
1 ms. Memory: 880128K Free: 473398K (54%)
----------------- Invoking toplevel() on ptolemy.moml.MoMLSimpleApplication@30090ef9
----------------- Done invoking toplevel() on ptolemy.moml.MoMLSimpleApplication@30090ef9
reloadAllAccessors: .DiscreteClock10

===========================================================================================
----------------- testing Wed Jan 30 15:52:46 UTC 2019 /home/travis/build/icyphy/ptII/ptolemy/actor/lib/test/auto/DiscreteClock11.xml
----------------- Instantiating /home/travis/build/icyphy/ptII/ptolemy/actor/lib/test/auto/DiscreteClock11.xml
2 ms. Memory: 880128K Free: 455898K (52%)
----------------- Invoking toplevel() on ptolemy.moml.MoMLSimpleApplication@6b79661c
----------------- Done invoking toplevel() on ptolemy.moml.MoMLSimpleApplication@6b79661c
reloadAllAccessors: .DiscreteClock11

===========================================================================================
----------------- testing Wed Jan 30 15:52:46 UTC 2019 /home/travis/build/icyphy/ptII/ptolemy/actor/lib/test/auto/DiscreteClock12.xml
----------------- Instantiating /home/travis/build/icyphy/ptII/ptolemy/actor/lib/test/auto/DiscreteClock12.xml
2 ms. Memory: 880128K Free: 445521K (51%)
----------------- Invoking toplevel() on ptolemy.moml.MoMLSimpleApplication@6e6dc3ff
----------------- Done invoking toplevel() on ptolemy.moml.MoMLSimpleApplication@6e6dc3ff
reloadAllAccessors: .DiscreteClock12

===========================================================================================
----------------- testing Wed Jan 30 15:52:46 UTC 2019 /home/travis/build/icyphy/ptII/ptolemy/actor/lib/test/auto/DiscreteClock13.xml
----------------- Instantiating /home/travis/build/icyphy/ptII/ptolemy/actor/lib/test/auto/DiscreteClock13.xml
6 ms. Memory: 880128K Free: 435145K (49%)
----------------- Invoking toplevel() on ptolemy.moml.MoMLSimpleApplication@303dd7bb
----------------- Done invoking toplevel() on ptolemy.moml.MoMLSimpleApplication@303dd7bb
reloadAllAccessors: .DiscreteClock13

===========================================================================================
----------------- testing Wed Jan 30 15:52:46 UTC 2019 /home/travis/build/icyphy/ptII/ptolemy/actor/lib/test/auto/DiscreteClock14.xml
----------------- Instantiating /home/travis/build/icyphy/ptII/ptolemy/actor/lib/test/auto/DiscreteClock14.xml
5 ms. Memory: 880128K Free: 417645K (47%)
----------------- Invoking toplevel() on ptolemy.moml.MoMLSimpleApplication@66b47eda
----------------- Done invoking toplevel() on ptolemy.moml.MoMLSimpleApplication@66b47eda
reloadAllAccessors: .DiscreteClock14

===========================================================================================
----------------- testing Wed Jan 30 15:52:46 UTC 2019 /home/travis/build/icyphy/ptII/ptolemy/actor/lib/test/auto/DiscreteClock15.xml
----------------- Instantiating /home/travis/build/icyphy/ptII/ptolemy/actor/lib/test/auto/DiscreteClock15.xml
5 ms. Memory: 880128K Free: 407268K (46%)
----------------- Invoking toplevel() on ptolemy.moml.MoMLSimpleApplication@1ad19e25
----------------- Done invoking toplevel() on ptolemy.moml.MoMLSimpleApplication@1ad19e25
reloadAllAccessors: .DiscreteClock15

===========================================================================================
----------------- testing Wed Jan 30 15:52:46 UTC 2019 /home/travis/build/icyphy/ptII/ptolemy/actor/lib/test/auto/DiscreteClock16.xml
----------------- Instantiating /home/travis/build/icyphy/ptII/ptolemy/actor/lib/test/auto/DiscreteClock16.xml
21 ms. Memory: 1364480K Free: 1306504K (96%)
----------------- Invoking toplevel() on ptolemy.moml.MoMLSimpleApplication@55146491
----------------- Done invoking toplevel() on ptolemy.moml.MoMLSimpleApplication@55146491
reloadAllAccessors: .DiscreteClock16

===========================================================================================
----------------- testing Wed Jan 30 15:52:46 UTC 2019 /home/travis/build/icyphy/ptII/ptolemy/actor/lib/test/auto/DiscreteClock17.xml
----------------- Instantiating /home/travis/build/icyphy/ptII/ptolemy/actor/lib/test/auto/DiscreteClock17.xml
10 ms. Memory: 1364480K Free: 1272783K (93%)
----------------- Invoking toplevel() on ptolemy.moml.MoMLSimpleApplication@7a53aebc
----------------- Done invoking toplevel() on ptolemy.moml.MoMLSimpleApplication@7a53aebc
reloadAllAccessors: .DiscreteClock17

===========================================================================================
----------------- testing Wed Jan 30 15:52:46 UTC 2019 /home/travis/build/icyphy/ptII/ptolemy/actor/lib/test/auto/DiscreteClock18.xml
----------------- Instantiating /home/travis/build/icyphy/ptII/ptolemy/actor/lib/test/auto/DiscreteClock18.xml
20 ms. Memory: 1364480K Free: 1247880K (91%)
----------------- Invoking toplevel() on ptolemy.moml.MoMLSimpleApplication@597eb2e1
----------------- Done invoking toplevel() on ptolemy.moml.MoMLSimpleApplication@597eb2e1
reloadAllAccessors: .DiscreteClock18

===========================================================================================
----------------- testing Wed Jan 30 15:52:46 UTC 2019 /home/travis/build/icyphy/ptII/ptolemy/actor/lib/test/auto/DiscreteClock19.xml
----------------- Instantiating /home/travis/build/icyphy/ptII/ptolemy/actor/lib/test/auto/DiscreteClock19.xml
20 ms. Memory: 1364480K Free: 1222975K (90%)
----------------- Invoking toplevel() on ptolemy.moml.MoMLSimpleApplication@6d078d6e
----------------- Done invoking toplevel() on ptolemy.moml.MoMLSimpleApplication@6d078d6e
reloadAllAccessors: .DiscreteClock19

===========================================================================================
----------------- testing Wed Jan 30 15:52:47 UTC 2019 /home/travis/build/icyphy/ptII/ptolemy/actor/lib/test/auto/DiscreteClock2.xml
----------------- Instantiating /home/travis/build/icyphy/ptII/ptolemy/actor/lib/test/auto/DiscreteClock2.xml
6 ms. Memory: 1364480K Free: 1197572K (88%)
----------------- Invoking toplevel() on ptolemy.moml.MoMLSimpleApplication@44cfb5ed
----------------- Done invoking toplevel() on ptolemy.moml.MoMLSimpleApplication@44cfb5ed
reloadAllAccessors: .DiscreteClock2

===========================================================================================
----------------- testing Wed Jan 30 15:52:47 UTC 2019 /home/travis/build/icyphy/ptII/ptolemy/actor/lib/test/auto/DiscreteClock20.xml
----------------- Instantiating /home/travis/build/icyphy/ptII/ptolemy/actor/lib/test/auto/DiscreteClock20.xml
8 ms. Memory: 1364480K Free: 1180969K (87%)
----------------- Invoking toplevel() on ptolemy.moml.MoMLSimpleApplication@22fde4c8
----------------- Done invoking toplevel() on ptolemy.moml.MoMLSimpleApplication@22fde4c8
reloadAllAccessors: .DiscreteClock20

===========================================================================================
----------------- testing Wed Jan 30 15:52:47 UTC 2019 /home/travis/build/icyphy/ptII/ptolemy/actor/lib/test/auto/DiscreteClock21.xml
----------------- Instantiating /home/travis/build/icyphy/ptII/ptolemy/actor/lib/test/auto/DiscreteClock21.xml
7 ms. Memory: 1364480K Free: 1164367K (85%)
----------------- Invoking toplevel() on ptolemy.moml.MoMLSimpleApplication@70ca8568
----------------- Done invoking toplevel() on ptolemy.moml.MoMLSimpleApplication@70ca8568
reloadAllAccessors: .DiscreteClock21

===========================================================================================
----------------- testing Wed Jan 30 15:52:47 UTC 2019 /home/travis/build/icyphy/ptII/ptolemy/actor/lib/test/auto/DiscreteClock22.xml
----------------- Instantiating /home/travis/build/icyphy/ptII/ptolemy/actor/lib/test/auto/DiscreteClock22.xml
7 ms. Memory: 1364480K Free: 1147764K (84%)
----------------- Invoking toplevel() on ptolemy.moml.MoMLSimpleApplication@47c9478a
----------------- Done invoking toplevel() on ptolemy.moml.MoMLSimpleApplication@47c9478a
reloadAllAccessors: .DiscreteClock22

===========================================================================================
----------------- testing Wed Jan 30 15:52:47 UTC 2019 /home/travis/build/icyphy/ptII/ptolemy/actor/lib/test/auto/DiscreteClock23.xml
----------------- Instantiating /home/travis/build/icyphy/ptII/ptolemy/actor/lib/test/auto/DiscreteClock23.xml
9 ms. Memory: 1364480K Free: 1122361K (82%)
----------------- Invoking toplevel() on ptolemy.moml.MoMLSimpleApplication@59807d8
----------------- Done invoking toplevel() on ptolemy.moml.MoMLSimpleApplication@59807d8
reloadAllAccessors: .DiscreteClock23

===========================================================================================
----------------- testing Wed Jan 30 15:52:47 UTC 2019 /home/travis/build/icyphy/ptII/ptolemy/actor/lib/test/auto/DiscreteClock24.xml
----------------- Instantiating /home/travis/build/icyphy/ptII/ptolemy/actor/lib/test/auto/DiscreteClock24.xml
6 ms. Memory: 1364480K Free: 1105758K (81%)
----------------- Invoking toplevel() on ptolemy.moml.MoMLSimpleApplication@4fc31c33
----------------- Done invoking toplevel() on ptolemy.moml.MoMLSimpleApplication@4fc31c33
reloadAllAccessors: .DiscreteClock24

===========================================================================================
----------------- testing Wed Jan 30 15:52:47 UTC 2019 /home/travis/build/icyphy/ptII/ptolemy/actor/lib/test/auto/DiscreteClock4.xml
----------------- Instantiating /home/travis/build/icyphy/ptII/ptolemy/actor/lib/test/auto/DiscreteClock4.xml
3 ms. Memory: 1364480K Free: 1089156K (80%)
----------------- Invoking toplevel() on ptolemy.moml.MoMLSimpleApplication@62861617
----------------- Done invoking toplevel() on ptolemy.moml.MoMLSimpleApplication@62861617
reloadAllAccessors: .DiscreteClock4

===========================================================================================
----------------- testing Wed Jan 30 15:52:47 UTC 2019 /home/travis/build/icyphy/ptII/ptolemy/actor/lib/test/auto/DiscreteClock5.xml
----------------- Instantiating /home/travis/build/icyphy/ptII/ptolemy/actor/lib/test/auto/DiscreteClock5.xml
2 ms. Memory: 1364480K Free: 1072553K (79%)
----------------- Invoking toplevel() on ptolemy.moml.MoMLSimpleApplication@7088de15
----------------- Done invoking toplevel() on ptolemy.moml.MoMLSimpleApplication@7088de15
reloadAllAccessors: .DiscreteClock5

===========================================================================================
----------------- testing Wed Jan 30 15:52:47 UTC 2019 /home/travis/build/icyphy/ptII/ptolemy/actor/lib/test/auto/DiscreteClock6.xml
----------------- Instantiating /home/travis/build/icyphy/ptII/ptolemy/actor/lib/test/auto/DiscreteClock6.xml
1 ms. Memory: 1364480K Free: 1047150K (77%)
----------------- Invoking toplevel() on ptolemy.moml.MoMLSimpleApplication@360453cd
----------------- Done invoking toplevel() on ptolemy.moml.MoMLSimpleApplication@360453cd
reloadAllAccessors: .DiscreteClock6

===========================================================================================
----------------- testing Wed Jan 30 15:52:47 UTC 2019 /home/travis/build/icyphy/ptII/ptolemy/actor/lib/test/auto/DiscreteClock7.xml
----------------- Instantiating /home/travis/build/icyphy/ptII/ptolemy/actor/lib/test/auto/DiscreteClock7.xml
1 ms. Memory: 1364480K Free: 1030547K (76%)
----------------- Invoking toplevel() on ptolemy.moml.MoMLSimpleApplication@358eaa1a
----------------- Done invoking toplevel() on ptolemy.moml.MoMLSimpleApplication@358eaa1a
reloadAllAccessors: .DiscreteClock7

===========================================================================================
----------------- testing Wed Jan 30 15:52:47 UTC 2019 /home/travis/build/icyphy/ptII/ptolemy/actor/lib/test/auto/DiscreteClock8.xml
----------------- Instantiating /home/travis/build/icyphy/ptII/ptolemy/actor/lib/test/auto/DiscreteClock8.xml
6 ms. Memory: 1364480K Free: 1013945K (74%)
----------------- Invoking toplevel() on ptolemy.moml.MoMLSimpleApplication@3fefa2e1
----------------- Done invoking toplevel() on ptolemy.moml.MoMLSimpleApplication@3fefa2e1
reloadAllAccessors: .DiscreteClock8

===========================================================================================
----------------- testing Wed Jan 30 15:52:47 UTC 2019 /home/travis/build/icyphy/ptII/ptolemy/actor/lib/test/auto/DiscreteClock9.xml
----------------- Instantiating /home/travis/build/icyphy/ptII/ptolemy/actor/lib/test/auto/DiscreteClock9.xml
1 ms. Memory: 1364480K Free: 997342K (73%)
----------------- Invoking toplevel() on ptolemy.moml.MoMLSimpleApplication@7320ffbe
----------------- Done invoking toplevel() on ptolemy.moml.MoMLSimpleApplication@7320ffbe
reloadAllAccessors: .DiscreteClock9

===========================================================================================
----------------- testing Wed Jan 30 15:52:47 UTC 2019 /home/travis/build/icyphy/ptII/ptolemy/actor/lib/test/auto/DisplayArray.xml
----------------- Instantiating /home/travis/build/icyphy/ptII/ptolemy/actor/lib/test/auto/DisplayArray.xml
1 ms. Memory: 1364480K Free: 971939K (71%)
----------------- Invoking toplevel() on ptolemy.moml.MoMLSimpleApplication@9e64b0c
----------------- Done invoking toplevel() on ptolemy.moml.MoMLSimpleApplication@9e64b0c
reloadAllAccessors: .DisplayArray

===========================================================================================
----------------- testing Wed Jan 30 15:52:47 UTC 2019 /home/travis/build/icyphy/ptII/ptolemy/actor/lib/test/auto/Distributor.xml
----------------- Instantiating /home/travis/build/icyphy/ptII/ptolemy/actor/lib/test/auto/Distributor.xml
1 ms. Memory: 1364480K Free: 955336K (70%)
----------------- Invoking toplevel() on ptolemy.moml.MoMLSimpleApplication@777abef5
----------------- Done invoking toplevel() on ptolemy.moml.MoMLSimpleApplication@777abef5
reloadAllAccessors: .Distributor

===========================================================================================
----------------- testing Wed Jan 30 15:52:47 UTC 2019 /home/travis/build/icyphy/ptII/ptolemy/actor/lib/test/auto/Distributor2.xml
----------------- Instantiating /home/travis/build/icyphy/ptII/ptolemy/actor/lib/test/auto/Distributor2.xml
2 ms. Memory: 1364480K Free: 938734K (69%)
----------------- Invoking toplevel() on ptolemy.moml.MoMLSimpleApplication@5a2ccdc1
----------------- Done invoking toplevel() on ptolemy.moml.MoMLSimpleApplication@5a2ccdc1
reloadAllAccessors: .Distributor2

===========================================================================================
----------------- testing Wed Jan 30 15:52:47 UTC 2019 /home/travis/build/icyphy/ptII/ptolemy/actor/lib/test/auto/DownSample.xml
----------------- Instantiating /home/travis/build/icyphy/ptII/ptolemy/actor/lib/test/auto/DownSample.xml
2 ms. Memory: 1364480K Free: 913330K (67%)
----------------- Invoking toplevel() on ptolemy.moml.MoMLSimpleApplication@229ea16d
----------------- Done invoking toplevel() on ptolemy.moml.MoMLSimpleApplication@229ea16d
reloadAllAccessors: .DownSample

===========================================================================================
----------------- testing Wed Jan 30 15:52:47 UTC 2019 /home/travis/build/icyphy/ptII/ptolemy/actor/lib/test/auto/ElectronicUnitBase1.xml
----------------- Instantiating /home/travis/build/icyphy/ptII/ptolemy/actor/lib/test/auto/ElectronicUnitBase1.xml
20 ms. Memory: 1364480K Free: 888411K (65%)
----------------- Invoking toplevel() on ptolemy.moml.MoMLSimpleApplication@4bf8cb9c
----------------- Done invoking toplevel() on ptolemy.moml.MoMLSimpleApplication@4bf8cb9c
reloadAllAccessors: .ElectronicUnitBase1

===========================================================================================
----------------- testing Wed Jan 30 15:52:47 UTC 2019 /home/travis/build/icyphy/ptII/ptolemy/actor/lib/test/auto/ElementsToArray.xml
----------------- Instantiating /home/travis/build/icyphy/ptII/ptolemy/actor/lib/test/auto/ElementsToArray.xml
2 ms. Memory: 1364480K Free: 871808K (64%)
----------------- Invoking toplevel() on ptolemy.moml.MoMLSimpleApplication@c420c18
----------------- Done invoking toplevel() on ptolemy.moml.MoMLSimpleApplication@c420c18
reloadAllAccessors: .ElementsToArray

===========================================================================================
----------------- testing Wed Jan 30 15:52:47 UTC 2019 /home/travis/build/icyphy/ptII/ptolemy/actor/lib/test/auto/Equals.xml
----------------- Instantiating /home/travis/build/icyphy/ptII/ptolemy/actor/lib/test/auto/Equals.xml
1 ms. Memory: 1364480K Free: 855206K (63%)
----------------- Invoking toplevel() on ptolemy.moml.MoMLSimpleApplication@175adb67
----------------- Done invoking toplevel() on ptolemy.moml.MoMLSimpleApplication@175adb67
reloadAllAccessors: .Equals

===========================================================================================
----------------- testing Wed Jan 30 15:52:47 UTC 2019 /home/travis/build/icyphy/ptII/ptolemy/actor/lib/test/auto/Exec.xml
----------------- Instantiating /home/travis/build/icyphy/ptII/ptolemy/actor/lib/test/auto/Exec.xml
7 ms. Memory: 1364480K Free: 800747K (59%)
----------------- Invoking toplevel() on ptolemy.moml.MoMLSimpleApplication@2bfcf1e4
----------------- Done invoking toplevel() on ptolemy.moml.MoMLSimpleApplication@2bfcf1e4
reloadAllAccessors: .Exec

===========================================================================================
----------------- testing Wed Jan 30 15:52:47 UTC 2019 /home/travis/build/icyphy/ptII/ptolemy/actor/lib/test/auto/ExecEnvironment.xml
----------------- Instantiating /home/travis/build/icyphy/ptII/ptolemy/actor/lib/test/auto/ExecEnvironment.xml
23 ms. Memory: 1364480K Free: 759241K (56%)
----------------- Invoking toplevel() on ptolemy.moml.MoMLSimpleApplication@7af8b43
----------------- Done invoking toplevel() on ptolemy.moml.MoMLSimpleApplication@7af8b43
reloadAllAccessors: .ExecEnvironment

===========================================================================================
----------------- testing Wed Jan 30 15:52:47 UTC 2019 /home/travis/build/icyphy/ptII/ptolemy/actor/lib/test/auto/ExecNonZeroReturnOutput.xml
----------------- Instantiating /home/travis/build/icyphy/ptII/ptolemy/actor/lib/test/auto/ExecNonZeroReturnOutput.xml
114 ms. Memory: 1364480K Free: 634721K (47%)
----------------- Invoking toplevel() on ptolemy.moml.MoMLSimpleApplication@726108a6
----------------- Done invoking toplevel() on ptolemy.moml.MoMLSimpleApplication@726108a6
reloadAllAccessors: .ExecNonZeroReturnOutput

===========================================================================================
----------------- testing Wed Jan 30 15:52:47 UTC 2019 /home/travis/build/icyphy/ptII/ptolemy/actor/lib/test/auto/ExecRunDemos.xml
----------------- Instantiating /home/travis/build/icyphy/ptII/ptolemy/actor/lib/test/auto/ExecRunDemos.xml
Finished: 66 ms. Memory: 116224K Free: 100672K (87%)

Finished: 29 ms. Memory: 116224K Free: 97677K (84%)

Finished: 64 ms. Memory: 116224K Free: 98219K (85%)

Finished: 60 ms. Memory: 116224K Free: 99544K (86%)

Finished: 34 ms. Memory: 116224K Free: 100658K (87%)

9005 ms. Memory: 1364480K Free: 526788K (39%)
----------------- Invoking toplevel() on ptolemy.moml.MoMLSimpleApplication@2fe50f3d
----------------- Done invoking toplevel() on ptolemy.moml.MoMLSimpleApplication@2fe50f3d
reloadAllAccessors: .ExecRunDemos

===========================================================================================
----------------- testing Wed Jan 30 15:52:56 UTC 2019 /home/travis/build/icyphy/ptII/ptolemy/actor/lib/test/auto/ExecStop.xml
----------------- Instantiating /home/travis/build/icyphy/ptII/ptolemy/actor/lib/test/auto/ExecStop.xml
5013 ms. Memory: 1364480K Free: 327057K (24%)
----------------- Invoking toplevel() on ptolemy.moml.MoMLSimpleApplication@4fb91477
----------------- Done invoking toplevel() on ptolemy.moml.MoMLSimpleApplication@4fb91477
reloadAllAccessors: .ExecStop

===========================================================================================
----------------- testing Wed Jan 30 15:53:01 UTC 2019 /home/travis/build/icyphy/ptII/ptolemy/actor/lib/test/auto/ExecutionTimeSDF.xml
----------------- Instantiating /home/travis/build/icyphy/ptII/ptolemy/actor/lib/test/auto/ExecutionTimeSDF.xml
Fired ExecutionTime: -524567296
Fired ExecutionTime: 986000000
Fired ExecutionTime: -1657367296
6004 ms. Memory: 1364480K Free: 302153K (22%)
----------------- Invoking toplevel() on ptolemy.moml.MoMLSimpleApplication@263756d8
----------------- Done invoking toplevel() on ptolemy.moml.MoMLSimpleApplication@263756d8
reloadAllAccessors: .ExecutionTimeSDF

===========================================================================================
----------------- testing Wed Jan 30 15:53:07 UTC 2019 /home/travis/build/icyphy/ptII/ptolemy/actor/lib/test/auto/Expression1.xml
----------------- Instantiating /home/travis/build/icyphy/ptII/ptolemy/actor/lib/test/auto/Expression1.xml
2 ms. Memory: 1364480K Free: 285551K (21%)
----------------- Invoking toplevel() on ptolemy.moml.MoMLSimpleApplication@68913a39
----------------- Done invoking toplevel() on ptolemy.moml.MoMLSimpleApplication@68913a39
reloadAllAccessors: .Expression1

===========================================================================================
----------------- testing Wed Jan 30 15:53:07 UTC 2019 /home/travis/build/icyphy/ptII/ptolemy/actor/lib/test/auto/Expression10.xml
----------------- Instantiating /home/travis/build/icyphy/ptII/ptolemy/actor/lib/test/auto/Expression10.xml
5 ms. Memory: 1364480K Free: 268948K (20%)
----------------- Invoking toplevel() on ptolemy.moml.MoMLSimpleApplication@5d83d7ff
----------------- Done invoking toplevel() on ptolemy.moml.MoMLSimpleApplication@5d83d7ff
reloadAllAccessors: .Expression10

===========================================================================================
----------------- testing Wed Jan 30 15:53:07 UTC 2019 /home/travis/build/icyphy/ptII/ptolemy/actor/lib/test/auto/Expression11.xml
----------------- Instantiating /home/travis/build/icyphy/ptII/ptolemy/actor/lib/test/auto/Expression11.xml
3 ms. Memory: 1364480K Free: 243545K (18%)
----------------- Invoking toplevel() on ptolemy.moml.MoMLSimpleApplication@3d9702c5
----------------- Done invoking toplevel() on ptolemy.moml.MoMLSimpleApplication@3d9702c5
reloadAllAccessors: .Expression11

===========================================================================================
----------------- testing Wed Jan 30 15:53:07 UTC 2019 /home/travis/build/icyphy/ptII/ptolemy/actor/lib/test/auto/Expression12.xml
----------------- Instantiating /home/travis/build/icyphy/ptII/ptolemy/actor/lib/test/auto/Expression12.xml
6 ms. Memory: 1364480K Free: 226942K (17%)
----------------- Invoking toplevel() on ptolemy.moml.MoMLSimpleApplication@7cc09e0b
----------------- Done invoking toplevel() on ptolemy.moml.MoMLSimpleApplication@7cc09e0b
reloadAllAccessors: .Expression12

===========================================================================================
----------------- testing Wed Jan 30 15:53:07 UTC 2019 /home/travis/build/icyphy/ptII/ptolemy/actor/lib/test/auto/Expression13.xml
----------------- Instantiating /home/travis/build/icyphy/ptII/ptolemy/actor/lib/test/auto/Expression13.xml
3 ms. Memory: 1364480K Free: 210340K (15%)
----------------- Invoking toplevel() on ptolemy.moml.MoMLSimpleApplication@67cf19f
----------------- Done invoking toplevel() on ptolemy.moml.MoMLSimpleApplication@67cf19f
reloadAllAccessors: .Expression13

===========================================================================================
----------------- testing Wed Jan 30 15:53:07 UTC 2019 /home/travis/build/icyphy/ptII/ptolemy/actor/lib/test/auto/Expression14.xml
----------------- Instantiating /home/travis/build/icyphy/ptII/ptolemy/actor/lib/test/auto/Expression14.xml
8 ms. Memory: 1364480K Free: 184936K (14%)
----------------- Invoking toplevel() on ptolemy.moml.MoMLSimpleApplication@35559969
----------------- Done invoking toplevel() on ptolemy.moml.MoMLSimpleApplication@35559969
reloadAllAccessors: .Expression14

===========================================================================================
----------------- testing Wed Jan 30 15:53:07 UTC 2019 /home/travis/build/icyphy/ptII/ptolemy/actor/lib/test/auto/Expression15.xml
----------------- Instantiating /home/travis/build/icyphy/ptII/ptolemy/actor/lib/test/auto/Expression15.xml
2 ms. Memory: 1364480K Free: 168334K (12%)
----------------- Invoking toplevel() on ptolemy.moml.MoMLSimpleApplication@56387ba5
----------------- Done invoking toplevel() on ptolemy.moml.MoMLSimpleApplication@56387ba5
reloadAllAccessors: .Expression15

===========================================================================================
----------------- testing Wed Jan 30 15:53:07 UTC 2019 /home/travis/build/icyphy/ptII/ptolemy/actor/lib/test/auto/Expression16.xml
----------------- Instantiating /home/travis/build/icyphy/ptII/ptolemy/actor/lib/test/auto/Expression16.xml
4 ms. Memory: 1364480K Free: 151731K (11%)
----------------- Invoking toplevel() on ptolemy.moml.MoMLSimpleApplication@259fdb16
----------------- Done invoking toplevel() on ptolemy.moml.MoMLSimpleApplication@259fdb16
reloadAllAccessors: .Expression16

===========================================================================================
----------------- testing Wed Jan 30 15:53:07 UTC 2019 /home/travis/build/icyphy/ptII/ptolemy/actor/lib/test/auto/Expression17.xml
----------------- Instantiating /home/travis/build/icyphy/ptII/ptolemy/actor/lib/test/auto/Expression17.xml
4 ms. Memory: 1364480K Free: 135129K (10%)
----------------- Invoking toplevel() on ptolemy.moml.MoMLSimpleApplication@796117ff
----------------- Done invoking toplevel() on ptolemy.moml.MoMLSimpleApplication@796117ff
reloadAllAccessors: .Expression17

===========================================================================================
----------------- testing Wed Jan 30 15:53:07 UTC 2019 /home/travis/build/icyphy/ptII/ptolemy/actor/lib/test/auto/Expression18.xml
----------------- Instantiating /home/travis/build/icyphy/ptII/ptolemy/actor/lib/test/auto/Expression18.xml
2 ms. Memory: 1364480K Free: 109725K (8%)
----------------- Invoking toplevel() on ptolemy.moml.MoMLSimpleApplication@57be258c
----------------- Done invoking toplevel() on ptolemy.moml.MoMLSimpleApplication@57be258c
reloadAllAccessors: .Expression18

===========================================================================================
----------------- testing Wed Jan 30 15:53:07 UTC 2019 /home/travis/build/icyphy/ptII/ptolemy/actor/lib/test/auto/Expression2.xml
----------------- Instantiating /home/travis/build/icyphy/ptII/ptolemy/actor/lib/test/auto/Expression2.xml
4 ms. Memory: 1364480K Free: 93122K (7%)
----------------- Invoking toplevel() on ptolemy.moml.MoMLSimpleApplication@7746208b
----------------- Done invoking toplevel() on ptolemy.moml.MoMLSimpleApplication@7746208b
reloadAllAccessors: .Expression2

===========================================================================================
----------------- testing Wed Jan 30 15:53:07 UTC 2019 /home/travis/build/icyphy/ptII/ptolemy/actor/lib/test/auto/Expression3.xml
----------------- Instantiating /home/travis/build/icyphy/ptII/ptolemy/actor/lib/test/auto/Expression3.xml
4 ms. Memory: 1364480K Free: 82121K (6%)
----------------- Invoking toplevel() on ptolemy.moml.MoMLSimpleApplication@3de0190b
----------------- Done invoking toplevel() on ptolemy.moml.MoMLSimpleApplication@3de0190b
reloadAllAccessors: .Expression3

===========================================================================================
----------------- testing Wed Jan 30 15:53:07 UTC 2019 /home/travis/build/icyphy/ptII/ptolemy/actor/lib/test/auto/Expression4.xml
----------------- Instantiating /home/travis/build/icyphy/ptII/ptolemy/actor/lib/test/auto/Expression4.xml
3 ms. Memory: 1364480K Free: 1309706K (96%)
----------------- Invoking toplevel() on ptolemy.moml.MoMLSimpleApplication@228b012d
----------------- Done invoking toplevel() on ptolemy.moml.MoMLSimpleApplication@228b012d
reloadAllAccessors: .Expression4

===========================================================================================
----------------- testing Wed Jan 30 15:53:07 UTC 2019 /home/travis/build/icyphy/ptII/ptolemy/actor/lib/test/auto/Expression5.xml
----------------- Instantiating /home/travis/build/icyphy/ptII/ptolemy/actor/lib/test/auto/Expression5.xml
2 ms. Memory: 1364480K Free: 1286767K (94%)
----------------- Invoking toplevel() on ptolemy.moml.MoMLSimpleApplication@573a1c3b
----------------- Done invoking toplevel() on ptolemy.moml.MoMLSimpleApplication@573a1c3b
reloadAllAccessors: .Expression5

===========================================================================================
----------------- testing Wed Jan 30 15:53:07 UTC 2019 /home/travis/build/icyphy/ptII/ptolemy/actor/lib/test/auto/Expression6.xml
----------------- Instantiating /home/travis/build/icyphy/ptII/ptolemy/actor/lib/test/auto/Expression6.xml
2 ms. Memory: 1364480K Free: 1270165K (93%)
----------------- Invoking toplevel() on ptolemy.moml.MoMLSimpleApplication@7d2770f0
----------------- Done invoking toplevel() on ptolemy.moml.MoMLSimpleApplication@7d2770f0
reloadAllAccessors: .Expression6

===========================================================================================
----------------- testing Wed Jan 30 15:53:08 UTC 2019 /home/travis/build/icyphy/ptII/ptolemy/actor/lib/test/auto/Expression7.xml
----------------- Instantiating /home/travis/build/icyphy/ptII/ptolemy/actor/lib/test/auto/Expression7.xml
2 ms. Memory: 1364480K Free: 1247226K (91%)
----------------- Invoking toplevel() on ptolemy.moml.MoMLSimpleApplication@65704734
----------------- Done invoking toplevel() on ptolemy.moml.MoMLSimpleApplication@65704734
reloadAllAccessors: .Expression7

===========================================================================================
----------------- testing Wed Jan 30 15:53:08 UTC 2019 /home/travis/build/icyphy/ptII/ptolemy/actor/lib/test/auto/Expression8.xml
----------------- Instantiating /home/travis/build/icyphy/ptII/ptolemy/actor/lib/test/auto/Expression8.xml
3 ms. Memory: 1364480K Free: 1230623K (90%)
----------------- Invoking toplevel() on ptolemy.moml.MoMLSimpleApplication@1177d5e6
----------------- Done invoking toplevel() on ptolemy.moml.MoMLSimpleApplication@1177d5e6
reloadAllAccessors: .Expression8

===========================================================================================
----------------- testing Wed Jan 30 15:53:08 UTC 2019 /home/travis/build/icyphy/ptII/ptolemy/actor/lib/test/auto/Expression9.xml
----------------- Instantiating /home/travis/build/icyphy/ptII/ptolemy/actor/lib/test/auto/Expression9.xml
1 ms. Memory: 1364480K Free: 1214021K (89%)
----------------- Invoking toplevel() on ptolemy.moml.MoMLSimpleApplication@216483ff
----------------- Done invoking toplevel() on ptolemy.moml.MoMLSimpleApplication@216483ff
reloadAllAccessors: .Expression9

===========================================================================================
----------------- testing Wed Jan 30 15:53:08 UTC 2019 /home/travis/build/icyphy/ptII/ptolemy/actor/lib/test/auto/ExpressionConcatenateArrayType.xml
----------------- Instantiating /home/travis/build/icyphy/ptII/ptolemy/actor/lib/test/auto/ExpressionConcatenateArrayType.xml
2 ms. Memory: 1364480K Free: 1191081K (87%)
----------------- Invoking toplevel() on ptolemy.moml.MoMLSimpleApplication@7cbe6059
----------------- Done invoking toplevel() on ptolemy.moml.MoMLSimpleApplication@7cbe6059
reloadAllAccessors: .ExpressionConcatenateArrayType

===========================================================================================
----------------- testing Wed Jan 30 15:53:08 UTC 2019 /home/travis/build/icyphy/ptII/ptolemy/actor/lib/test/auto/ExpressionConcatenateArrayType2.xml
----------------- Instantiating /home/travis/build/icyphy/ptII/ptolemy/actor/lib/test/auto/ExpressionConcatenateArrayType2.xml
2 ms. Memory: 1364480K Free: 1174479K (86%)
----------------- Invoking toplevel() on ptolemy.moml.MoMLSimpleApplication@67dd0edd
----------------- Done invoking toplevel() on ptolemy.moml.MoMLSimpleApplication@67dd0edd
reloadAllAccessors: .ExpressionConcatenateArrayType2

===========================================================================================
----------------- testing Wed Jan 30 15:53:08 UTC 2019 /home/travis/build/icyphy/ptII/ptolemy/actor/lib/test/auto/ExpressionFix.xml
----------------- Instantiating /home/travis/build/icyphy/ptII/ptolemy/actor/lib/test/auto/ExpressionFix.xml
8 ms. Memory: 1364480K Free: 1157805K (85%)
----------------- Invoking toplevel() on ptolemy.moml.MoMLSimpleApplication@75f149d3
----------------- Done invoking toplevel() on ptolemy.moml.MoMLSimpleApplication@75f149d3
reloadAllAccessors: .ExpressionFix

===========================================================================================
----------------- testing Wed Jan 30 15:53:08 UTC 2019 /home/travis/build/icyphy/ptII/ptolemy/actor/lib/test/auto/ExpressionFix2.xml
----------------- Instantiating /home/travis/build/icyphy/ptII/ptolemy/actor/lib/test/auto/ExpressionFix2.xml
2 ms. Memory: 1364480K Free: 1134866K (83%)
----------------- Invoking toplevel() on ptolemy.moml.MoMLSimpleApplication@7c2ecd8a
----------------- Done invoking toplevel() on ptolemy.moml.MoMLSimpleApplication@7c2ecd8a
reloadAllAccessors: .ExpressionFix2

===========================================================================================
----------------- testing Wed Jan 30 15:53:08 UTC 2019 /home/travis/build/icyphy/ptII/ptolemy/actor/lib/test/auto/ExpressionFix3.xml
----------------- Instantiating /home/travis/build/icyphy/ptII/ptolemy/actor/lib/test/auto/ExpressionFix3.xml
1 ms. Memory: 1364480K Free: 1118263K (82%)
----------------- Invoking toplevel() on ptolemy.moml.MoMLSimpleApplication@7c78d270
----------------- Done invoking toplevel() on ptolemy.moml.MoMLSimpleApplication@7c78d270
reloadAllAccessors: .ExpressionFix3

===========================================================================================
----------------- testing Wed Jan 30 15:53:08 UTC 2019 /home/travis/build/icyphy/ptII/ptolemy/actor/lib/test/auto/FileWriter1.xml
----------------- Instantiating /home/travis/build/icyphy/ptII/ptolemy/actor/lib/test/auto/FileWriter1.xml
2 ms. Memory: 1364480K Free: 1101661K (81%)
----------------- Invoking toplevel() on ptolemy.moml.MoMLSimpleApplication@6216b237
----------------- Done invoking toplevel() on ptolemy.moml.MoMLSimpleApplication@6216b237
reloadAllAccessors: .FileWriter1

===========================================================================================
----------------- testing Wed Jan 30 15:53:08 UTC 2019 /home/travis/build/icyphy/ptII/ptolemy/actor/lib/test/auto/FileWriter2.xml
----------------- Instantiating /home/travis/build/icyphy/ptII/ptolemy/actor/lib/test/auto/FileWriter2.xml
2 ms. Memory: 1364480K Free: 1078722K (79%)
----------------- Invoking toplevel() on ptolemy.moml.MoMLSimpleApplication@3b73dbc4
----------------- Done invoking toplevel() on ptolemy.moml.MoMLSimpleApplication@3b73dbc4
reloadAllAccessors: .FileWriter2

===========================================================================================
----------------- testing Wed Jan 30 15:53:08 UTC 2019 /home/travis/build/icyphy/ptII/ptolemy/actor/lib/test/auto/FileWriter3.xml
----------------- Instantiating /home/travis/build/icyphy/ptII/ptolemy/actor/lib/test/auto/FileWriter3.xml
6 ms. Memory: 1364480K Free: 1062119K (78%)
----------------- Invoking toplevel() on ptolemy.moml.MoMLSimpleApplication@7a5804e6
----------------- Done invoking toplevel() on ptolemy.moml.MoMLSimpleApplication@7a5804e6
reloadAllAccessors: .FileWriter3

===========================================================================================
----------------- testing Wed Jan 30 15:53:08 UTC 2019 /home/travis/build/icyphy/ptII/ptolemy/actor/lib/test/auto/Gaussian.xml
----------------- Instantiating /home/travis/build/icyphy/ptII/ptolemy/actor/lib/test/auto/Gaussian.xml
1 ms. Memory: 1364480K Free: 1039180K (76%)
----------------- Invoking toplevel() on ptolemy.moml.MoMLSimpleApplication@692f10ba
----------------- Done invoking toplevel() on ptolemy.moml.MoMLSimpleApplication@692f10ba
reloadAllAccessors: .Gaussian

===========================================================================================
----------------- testing Wed Jan 30 15:53:08 UTC 2019 /home/travis/build/icyphy/ptII/ptolemy/actor/lib/test/auto/Gaussian1.xml
----------------- Instantiating /home/travis/build/icyphy/ptII/ptolemy/actor/lib/test/auto/Gaussian1.xml
2 ms. Memory: 1364480K Free: 1022577K (75%)
----------------- Invoking toplevel() on ptolemy.moml.MoMLSimpleApplication@4690fd47
----------------- Done invoking toplevel() on ptolemy.moml.MoMLSimpleApplication@4690fd47
reloadAllAccessors: .Gaussian1

===========================================================================================
----------------- testing Wed Jan 30 15:53:08 UTC 2019 /home/travis/build/icyphy/ptII/ptolemy/actor/lib/test/auto/Gaussian2.xml
----------------- Instantiating /home/travis/build/icyphy/ptII/ptolemy/actor/lib/test/auto/Gaussian2.xml
1 ms. Memory: 1364480K Free: 1005975K (74%)
----------------- Invoking toplevel() on ptolemy.moml.MoMLSimpleApplication@7e127bc7
----------------- Done invoking toplevel() on ptolemy.moml.MoMLSimpleApplication@7e127bc7
reloadAllAccessors: .Gaussian2

===========================================================================================
----------------- testing Wed Jan 30 15:53:08 UTC 2019 /home/travis/build/icyphy/ptII/ptolemy/actor/lib/test/auto/GradientAdaptiveLattice.xml
----------------- Instantiating /home/travis/build/icyphy/ptII/ptolemy/actor/lib/test/auto/GradientAdaptiveLattice.xml
2 ms. Memory: 1364480K Free: 983036K (72%)
----------------- Invoking toplevel() on ptolemy.moml.MoMLSimpleApplication@4815b9a0
----------------- Done invoking toplevel() on ptolemy.moml.MoMLSimpleApplication@4815b9a0
reloadAllAccessors: .GradientAdaptiveLattice

===========================================================================================
----------------- testing Wed Jan 30 15:53:08 UTC 2019 /home/travis/build/icyphy/ptII/ptolemy/actor/lib/test/auto/IIR.xml
----------------- Instantiating /home/travis/build/icyphy/ptII/ptolemy/actor/lib/test/auto/IIR.xml
1 ms. Memory: 1364480K Free: 966433K (71%)
----------------- Invoking toplevel() on ptolemy.moml.MoMLSimpleApplication@5e640aac
----------------- Done invoking toplevel() on ptolemy.moml.MoMLSimpleApplication@5e640aac
reloadAllAccessors: .IIR

===========================================================================================
----------------- testing Wed Jan 30 15:53:08 UTC 2019 /home/travis/build/icyphy/ptII/ptolemy/actor/lib/test/auto/InputOutputTransparentPorts.xml
----------------- Instantiating /home/travis/build/icyphy/ptII/ptolemy/actor/lib/test/auto/InputOutputTransparentPorts.xml
1 ms. Memory: 1364480K Free: 949831K (70%)
----------------- Invoking toplevel() on ptolemy.moml.MoMLSimpleApplication@30c45728
----------------- Done invoking toplevel() on ptolemy.moml.MoMLSimpleApplication@30c45728
reloadAllAccessors: .InputOutputTransparentPorts

===========================================================================================
----------------- testing Wed Jan 30 15:53:08 UTC 2019 /home/travis/build/icyphy/ptII/ptolemy/actor/lib/test/auto/Interpolator.xml
----------------- Instantiating /home/travis/build/icyphy/ptII/ptolemy/actor/lib/test/auto/Interpolator.xml
3 ms. Memory: 1364480K Free: 926891K (68%)
----------------- Invoking toplevel() on ptolemy.moml.MoMLSimpleApplication@4c79d715
----------------- Done invoking toplevel() on ptolemy.moml.MoMLSimpleApplication@4c79d715
reloadAllAccessors: .Interpolator

===========================================================================================
----------------- testing Wed Jan 30 15:53:08 UTC 2019 /home/travis/build/icyphy/ptII/ptolemy/actor/lib/test/auto/InterpolatorFiringLimitDE.xml
----------------- Instantiating /home/travis/build/icyphy/ptII/ptolemy/actor/lib/test/auto/InterpolatorFiringLimitDE.xml
3 ms. Memory: 1364480K Free: 910289K (67%)
----------------- Invoking toplevel() on ptolemy.moml.MoMLSimpleApplication@65f54ff5
----------------- Done invoking toplevel() on ptolemy.moml.MoMLSimpleApplication@65f54ff5
reloadAllAccessors: .InterpolatorFiringLimitDE

===========================================================================================
----------------- testing Wed Jan 30 15:53:08 UTC 2019 /home/travis/build/icyphy/ptII/ptolemy/actor/lib/test/auto/Lattice.xml
----------------- Instantiating /home/travis/build/icyphy/ptII/ptolemy/actor/lib/test/auto/Lattice.xml
1 ms. Memory: 1364480K Free: 893686K (65%)
----------------- Invoking toplevel() on ptolemy.moml.MoMLSimpleApplication@c9dc164
----------------- Done invoking toplevel() on ptolemy.moml.MoMLSimpleApplication@c9dc164
reloadAllAccessors: .Lattice

===========================================================================================
----------------- testing Wed Jan 30 15:53:08 UTC 2019 /home/travis/build/icyphy/ptII/ptolemy/actor/lib/test/auto/LazyAOCTestLazy.xml
----------------- Instantiating /home/travis/build/icyphy/ptII/ptolemy/actor/lib/test/auto/LazyAOCTestLazy.xml
6 ms. Memory: 1364480K Free: 870747K (64%)
----------------- Invoking toplevel() on ptolemy.moml.MoMLSimpleApplication@690cc284
----------------- Done invoking toplevel() on ptolemy.moml.MoMLSimpleApplication@690cc284
reloadAllAccessors: .LazyAOCTestLazy

===========================================================================================
----------------- testing Wed Jan 30 15:53:08 UTC 2019 /home/travis/build/icyphy/ptII/ptolemy/actor/lib/test/auto/LazyAOCTestNonLazy.xml
----------------- Instantiating /home/travis/build/icyphy/ptII/ptolemy/actor/lib/test/auto/LazyAOCTestNonLazy.xml
9 ms. Memory: 1364480K Free: 854144K (63%)
----------------- Invoking toplevel() on ptolemy.moml.MoMLSimpleApplication@1c1ad134
----------------- Done invoking toplevel() on ptolemy.moml.MoMLSimpleApplication@1c1ad134
reloadAllAccessors: .LazyAOCTestNonLazy

===========================================================================================
----------------- testing Wed Jan 30 15:53:08 UTC 2019 /home/travis/build/icyphy/ptII/ptolemy/actor/lib/test/auto/LazyInnerClass.xml
----------------- Instantiating /home/travis/build/icyphy/ptII/ptolemy/actor/lib/test/auto/LazyInnerClass.xml
19 ms. Memory: 1364480K Free: 837542K (61%)
----------------- Invoking toplevel() on ptolemy.moml.MoMLSimpleApplication@21ab21aa
----------------- Done invoking toplevel() on ptolemy.moml.MoMLSimpleApplication@21ab21aa
reloadAllAccessors: .LazyInnerClass

===========================================================================================
----------------- testing Wed Jan 30 15:53:08 UTC 2019 /home/travis/build/icyphy/ptII/ptolemy/actor/lib/test/auto/LazyPubSub.xml
----------------- Instantiating /home/travis/build/icyphy/ptII/ptolemy/actor/lib/test/auto/LazyPubSub.xml
18 ms. Memory: 1364480K Free: 814602K (60%)
----------------- Invoking toplevel() on ptolemy.moml.MoMLSimpleApplication@6859753d
----------------- Done invoking toplevel() on ptolemy.moml.MoMLSimpleApplication@6859753d
reloadAllAccessors: .LazyPubSub

===========================================================================================
----------------- testing Wed Jan 30 15:53:08 UTC 2019 /home/travis/build/icyphy/ptII/ptolemy/actor/lib/test/auto/LazyPubSub2.xml
----------------- Instantiating /home/travis/build/icyphy/ptII/ptolemy/actor/lib/test/auto/LazyPubSub2.xml
17 ms. Memory: 1364480K Free: 798000K (58%)
----------------- Invoking toplevel() on ptolemy.moml.MoMLSimpleApplication@7b8fb1e3
----------------- Done invoking toplevel() on ptolemy.moml.MoMLSimpleApplication@7b8fb1e3
reloadAllAccessors: .LazyPubSub2

===========================================================================================
----------------- testing Wed Jan 30 15:53:08 UTC 2019 /home/travis/build/icyphy/ptII/ptolemy/actor/lib/test/auto/LazyPubSub3.xml
----------------- Instantiating /home/travis/build/icyphy/ptII/ptolemy/actor/lib/test/auto/LazyPubSub3.xml
9 ms. Memory: 1364480K Free: 775060K (57%)
----------------- Invoking toplevel() on ptolemy.moml.MoMLSimpleApplication@3a29e06b
----------------- Done invoking toplevel() on ptolemy.moml.MoMLSimpleApplication@3a29e06b
reloadAllAccessors: .LazyPubSub3

===========================================================================================
----------------- testing Wed Jan 30 15:53:08 UTC 2019 /home/travis/build/icyphy/ptII/ptolemy/actor/lib/test/auto/LazySubClassModel.xml
----------------- Instantiating /home/travis/build/icyphy/ptII/ptolemy/actor/lib/test/auto/LazySubClassModel.xml
2 ms. Memory: 1364480K Free: 758458K (56%)
----------------- Invoking toplevel() on ptolemy.moml.MoMLSimpleApplication@fcb3880
----------------- Done invoking toplevel() on ptolemy.moml.MoMLSimpleApplication@fcb3880
reloadAllAccessors: .LazySubClassModel

===========================================================================================
----------------- testing Wed Jan 30 15:53:08 UTC 2019 /home/travis/build/icyphy/ptII/ptolemy/actor/lib/test/auto/LevelCrossTest1.xml
----------------- Instantiating /home/travis/build/icyphy/ptII/ptolemy/actor/lib/test/auto/LevelCrossTest1.xml
1 ms. Memory: 1364480K Free: 741855K (54%)
----------------- Invoking toplevel() on ptolemy.moml.MoMLSimpleApplication@3408d175
----------------- Done invoking toplevel() on ptolemy.moml.MoMLSimpleApplication@3408d175
reloadAllAccessors: .broken

===========================================================================================
----------------- testing Wed Jan 30 15:53:08 UTC 2019 /home/travis/build/icyphy/ptII/ptolemy/actor/lib/test/auto/LevelCrossTest10.xml
----------------- Instantiating /home/travis/build/icyphy/ptII/ptolemy/actor/lib/test/auto/LevelCrossTest10.xml
1 ms. Memory: 1364480K Free: 718916K (53%)
----------------- Invoking toplevel() on ptolemy.moml.MoMLSimpleApplication@76d79117
----------------- Done invoking toplevel() on ptolemy.moml.MoMLSimpleApplication@76d79117
reloadAllAccessors: .LevelCrossTest10

===========================================================================================
----------------- testing Wed Jan 30 15:53:08 UTC 2019 /home/travis/build/icyphy/ptII/ptolemy/actor/lib/test/auto/LevelCrossTest11.xml
----------------- Instantiating /home/travis/build/icyphy/ptII/ptolemy/actor/lib/test/auto/LevelCrossTest11.xml
1 ms. Memory: 1364480K Free: 702313K (51%)
----------------- Invoking toplevel() on ptolemy.moml.MoMLSimpleApplication@60a23a1e
----------------- Done invoking toplevel() on ptolemy.moml.MoMLSimpleApplication@60a23a1e
reloadAllAccessors: .LevelCrossTest11

===========================================================================================
----------------- testing Wed Jan 30 15:53:08 UTC 2019 /home/travis/build/icyphy/ptII/ptolemy/actor/lib/test/auto/LevelCrossTest12.xml
----------------- Instantiating /home/travis/build/icyphy/ptII/ptolemy/actor/lib/test/auto/LevelCrossTest12.xml
1 ms. Memory: 1364480K Free: 685711K (50%)
----------------- Invoking toplevel() on ptolemy.moml.MoMLSimpleApplication@32ee231d
----------------- Done invoking toplevel() on ptolemy.moml.MoMLSimpleApplication@32ee231d
reloadAllAccessors: .LevelCrossTest12

===========================================================================================
----------------- testing Wed Jan 30 15:53:08 UTC 2019 /home/travis/build/icyphy/ptII/ptolemy/actor/lib/test/auto/LevelCrossTest13.xml
----------------- Instantiating /home/travis/build/icyphy/ptII/ptolemy/actor/lib/test/auto/LevelCrossTest13.xml
1 ms. Memory: 1364480K Free: 662771K (49%)
----------------- Invoking toplevel() on ptolemy.moml.MoMLSimpleApplication@4d0dabcf
----------------- Done invoking toplevel() on ptolemy.moml.MoMLSimpleApplication@4d0dabcf
reloadAllAccessors: .LevelCrossTest13

===========================================================================================
----------------- testing Wed Jan 30 15:53:08 UTC 2019 /home/travis/build/icyphy/ptII/ptolemy/actor/lib/test/auto/LevelCrossTest2.xml
----------------- Instantiating /home/travis/build/icyphy/ptII/ptolemy/actor/lib/test/auto/LevelCrossTest2.xml
3 ms. Memory: 1364480K Free: 646169K (47%)
----------------- Invoking toplevel() on ptolemy.moml.MoMLSimpleApplication@6a32f71f
----------------- Done invoking toplevel() on ptolemy.moml.MoMLSimpleApplication@6a32f71f
reloadAllAccessors: .broken

===========================================================================================
----------------- testing Wed Jan 30 15:53:08 UTC 2019 /home/travis/build/icyphy/ptII/ptolemy/actor/lib/test/auto/LevelCrossTest3.xml
----------------- Instantiating /home/travis/build/icyphy/ptII/ptolemy/actor/lib/test/auto/LevelCrossTest3.xml
2 ms. Memory: 1364480K Free: 629566K (46%)
----------------- Invoking toplevel() on ptolemy.moml.MoMLSimpleApplication@1ab08871
----------------- Done invoking toplevel() on ptolemy.moml.MoMLSimpleApplication@1ab08871
reloadAllAccessors: .LevelCrossTest3

===========================================================================================
----------------- testing Wed Jan 30 15:53:08 UTC 2019 /home/travis/build/icyphy/ptII/ptolemy/actor/lib/test/auto/LevelCrossTest4.xml
----------------- Instantiating /home/travis/build/icyphy/ptII/ptolemy/actor/lib/test/auto/LevelCrossTest4.xml
1 ms. Memory: 1364480K Free: 606627K (44%)
----------------- Invoking toplevel() on ptolemy.moml.MoMLSimpleApplication@32875a4b
----------------- Done invoking toplevel() on ptolemy.moml.MoMLSimpleApplication@32875a4b
reloadAllAccessors: .broken

===========================================================================================
----------------- testing Wed Jan 30 15:53:08 UTC 2019 /home/travis/build/icyphy/ptII/ptolemy/actor/lib/test/auto/LevelCrossTest5.xml
----------------- Instantiating /home/travis/build/icyphy/ptII/ptolemy/actor/lib/test/auto/LevelCrossTest5.xml
1 ms. Memory: 1364480K Free: 590025K (43%)
----------------- Invoking toplevel() on ptolemy.moml.MoMLSimpleApplication@8233fd7
----------------- Done invoking toplevel() on ptolemy.moml.MoMLSimpleApplication@8233fd7
reloadAllAccessors: .LevelCrossTest5

===========================================================================================
----------------- testing Wed Jan 30 15:53:08 UTC 2019 /home/travis/build/icyphy/ptII/ptolemy/actor/lib/test/auto/LevelCrossTest6.xml
----------------- Instantiating /home/travis/build/icyphy/ptII/ptolemy/actor/lib/test/auto/LevelCrossTest6.xml
1 ms. Memory: 1364480K Free: 567086K (42%)
----------------- Invoking toplevel() on ptolemy.moml.MoMLSimpleApplication@27bc612
----------------- Done invoking toplevel() on ptolemy.moml.MoMLSimpleApplication@27bc612
reloadAllAccessors: .LevelCrossTest6

===========================================================================================
----------------- testing Wed Jan 30 15:53:08 UTC 2019 /home/travis/build/icyphy/ptII/ptolemy/actor/lib/test/auto/LevelCrossTest7.xml
----------------- Instantiating /home/travis/build/icyphy/ptII/ptolemy/actor/lib/test/auto/LevelCrossTest7.xml
4 ms. Memory: 1364480K Free: 550483K (40%)
----------------- Invoking toplevel() on ptolemy.moml.MoMLSimpleApplication@6f97716b
----------------- Done invoking toplevel() on ptolemy.moml.MoMLSimpleApplication@6f97716b
reloadAllAccessors: .LevelCrossTest7

===========================================================================================
----------------- testing Wed Jan 30 15:53:08 UTC 2019 /home/travis/build/icyphy/ptII/ptolemy/actor/lib/test/auto/LevelCrossTest8.xml
----------------- Instantiating /home/travis/build/icyphy/ptII/ptolemy/actor/lib/test/auto/LevelCrossTest8.xml
1 ms. Memory: 1364480K Free: 533881K (39%)
----------------- Invoking toplevel() on ptolemy.moml.MoMLSimpleApplication@992e36a
----------------- Done invoking toplevel() on ptolemy.moml.MoMLSimpleApplication@992e36a
reloadAllAccessors: .LevelCrossTest8

===========================================================================================
----------------- testing Wed Jan 30 15:53:08 UTC 2019 /home/travis/build/icyphy/ptII/ptolemy/actor/lib/test/auto/LevelCrossTest9.xml
----------------- Instantiating /home/travis/build/icyphy/ptII/ptolemy/actor/lib/test/auto/LevelCrossTest9.xml
1 ms. Memory: 1364480K Free: 510941K (37%)
----------------- Invoking toplevel() on ptolemy.moml.MoMLSimpleApplication@6da484ab
----------------- Done invoking toplevel() on ptolemy.moml.MoMLSimpleApplication@6da484ab
reloadAllAccessors: .LevelCrossTest9

===========================================================================================
----------------- testing Wed Jan 30 15:53:08 UTC 2019 /home/travis/build/icyphy/ptII/ptolemy/actor/lib/test/auto/LevinsonDurbin.xml
----------------- Instantiating /home/travis/build/icyphy/ptII/ptolemy/actor/lib/test/auto/LevinsonDurbin.xml
7 ms. Memory: 1364480K Free: 494339K (36%)
----------------- Invoking toplevel() on ptolemy.moml.MoMLSimpleApplication@7f667f70
----------------- Done invoking toplevel() on ptolemy.moml.MoMLSimpleApplication@7f667f70
reloadAllAccessors: .LevinsonDurbin

===========================================================================================
----------------- testing Wed Jan 30 15:53:08 UTC 2019 /home/travis/build/icyphy/ptII/ptolemy/actor/lib/test/auto/LevinsonDurbin2.xml
----------------- Instantiating /home/travis/build/icyphy/ptII/ptolemy/actor/lib/test/auto/LevinsonDurbin2.xml
1 ms. Memory: 1364480K Free: 477736K (35%)
----------------- Invoking toplevel() on ptolemy.moml.MoMLSimpleApplication@4223a69f
----------------- Done invoking toplevel() on ptolemy.moml.MoMLSimpleApplication@4223a69f
reloadAllAccessors: .LevinsonDurbin2

===========================================================================================
----------------- testing Wed Jan 30 15:53:08 UTC 2019 /home/travis/build/icyphy/ptII/ptolemy/actor/lib/test/auto/LevinsonDurbin3.xml
----------------- Instantiating /home/travis/build/icyphy/ptII/ptolemy/actor/lib/test/auto/LevinsonDurbin3.xml
2 ms. Memory: 1364480K Free: 454797K (33%)
----------------- Invoking toplevel() on ptolemy.moml.MoMLSimpleApplication@1826d117
----------------- Done invoking toplevel() on ptolemy.moml.MoMLSimpleApplication@1826d117
reloadAllAccessors: .LevinsonDurbin3

===========================================================================================
----------------- testing Wed Jan 30 15:53:08 UTC 2019 /home/travis/build/icyphy/ptII/ptolemy/actor/lib/test/auto/Limiter.xml
----------------- Instantiating /home/travis/build/icyphy/ptII/ptolemy/actor/lib/test/auto/Limiter.xml
3 ms. Memory: 1364480K Free: 438194K (32%)
----------------- Invoking toplevel() on ptolemy.moml.MoMLSimpleApplication@e8715f4
----------------- Done invoking toplevel() on ptolemy.moml.MoMLSimpleApplication@e8715f4
reloadAllAccessors: .Limiter

===========================================================================================
----------------- testing Wed Jan 30 15:53:08 UTC 2019 /home/travis/build/icyphy/ptII/ptolemy/actor/lib/test/auto/LinearDifferenceEquationSystem.xml
----------------- Instantiating /home/travis/build/icyphy/ptII/ptolemy/actor/lib/test/auto/LinearDifferenceEquationSystem.xml
4 ms. Memory: 1364480K Free: 415255K (30%)
----------------- Invoking toplevel() on ptolemy.moml.MoMLSimpleApplication@b9ba5b3
----------------- Done invoking toplevel() on ptolemy.moml.MoMLSimpleApplication@b9ba5b3
reloadAllAccessors: .LinearDifferenceEquationSystem

===========================================================================================
----------------- testing Wed Jan 30 15:53:08 UTC 2019 /home/travis/build/icyphy/ptII/ptolemy/actor/lib/test/auto/LookupTable.xml
----------------- Instantiating /home/travis/build/icyphy/ptII/ptolemy/actor/lib/test/auto/LookupTable.xml
2 ms. Memory: 1364480K Free: 398653K (29%)
----------------- Invoking toplevel() on ptolemy.moml.MoMLSimpleApplication@46860c59
----------------- Done invoking toplevel() on ptolemy.moml.MoMLSimpleApplication@46860c59
reloadAllAccessors: .LookupTable

===========================================================================================
----------------- testing Wed Jan 30 15:53:08 UTC 2019 /home/travis/build/icyphy/ptII/ptolemy/actor/lib/test/auto/MathFunction.xml
----------------- Instantiating /home/travis/build/icyphy/ptII/ptolemy/actor/lib/test/auto/MathFunction.xml
5 ms. Memory: 1364480K Free: 382050K (28%)
----------------- Invoking toplevel() on ptolemy.moml.MoMLSimpleApplication@581c878e
----------------- Done invoking toplevel() on ptolemy.moml.MoMLSimpleApplication@581c878e
reloadAllAccessors: .MathFunction

===========================================================================================
----------------- testing Wed Jan 30 15:53:08 UTC 2019 /home/travis/build/icyphy/ptII/ptolemy/actor/lib/test/auto/MathFunction2.xml
----------------- Instantiating /home/travis/build/icyphy/ptII/ptolemy/actor/lib/test/auto/MathFunction2.xml
1 ms. Memory: 1364480K Free: 359111K (26%)
----------------- Invoking toplevel() on ptolemy.moml.MoMLSimpleApplication@6ead203d
----------------- Done invoking toplevel() on ptolemy.moml.MoMLSimpleApplication@6ead203d
reloadAllAccessors: .MathFunction2

===========================================================================================
----------------- testing Wed Jan 30 15:53:08 UTC 2019 /home/travis/build/icyphy/ptII/ptolemy/actor/lib/test/auto/MathFunction3.xml
----------------- Instantiating /home/travis/build/icyphy/ptII/ptolemy/actor/lib/test/auto/MathFunction3.xml
2 ms. Memory: 1364480K Free: 342508K (25%)
----------------- Invoking toplevel() on ptolemy.moml.MoMLSimpleApplication@7c21bca0
----------------- Done invoking toplevel() on ptolemy.moml.MoMLSimpleApplication@7c21bca0
reloadAllAccessors: .MathFunction3

===========================================================================================
----------------- testing Wed Jan 30 15:53:09 UTC 2019 /home/travis/build/icyphy/ptII/ptolemy/actor/lib/test/auto/MatrixCropBoolean.xml
----------------- Instantiating /home/travis/build/icyphy/ptII/ptolemy/actor/lib/test/auto/MatrixCropBoolean.xml
1 ms. Memory: 1364480K Free: 325906K (24%)
----------------- Invoking toplevel() on ptolemy.moml.MoMLSimpleApplication@412445b9
----------------- Done invoking toplevel() on ptolemy.moml.MoMLSimpleApplication@412445b9
reloadAllAccessors: .MatrixCropBoolean

===========================================================================================
----------------- testing Wed Jan 30 15:53:09 UTC 2019 /home/travis/build/icyphy/ptII/ptolemy/actor/lib/test/auto/MatrixCropComplex.xml
----------------- Instantiating /home/travis/build/icyphy/ptII/ptolemy/actor/lib/test/auto/MatrixCropComplex.xml
2 ms. Memory: 1364480K Free: 302967K (22%)
----------------- Invoking toplevel() on ptolemy.moml.MoMLSimpleApplication@44356459
----------------- Done invoking toplevel() on ptolemy.moml.MoMLSimpleApplication@44356459
reloadAllAccessors: .MatrixCropComplex

===========================================================================================
----------------- testing Wed Jan 30 15:53:09 UTC 2019 /home/travis/build/icyphy/ptII/ptolemy/actor/lib/test/auto/MatrixCropDouble.xml
----------------- Instantiating /home/travis/build/icyphy/ptII/ptolemy/actor/lib/test/auto/MatrixCropDouble.xml
2 ms. Memory: 1364480K Free: 286364K (21%)
----------------- Invoking toplevel() on ptolemy.moml.MoMLSimpleApplication@5908482a
----------------- Done invoking toplevel() on ptolemy.moml.MoMLSimpleApplication@5908482a
reloadAllAccessors: .MatrixCropDouble

===========================================================================================
----------------- testing Wed Jan 30 15:53:09 UTC 2019 /home/travis/build/icyphy/ptII/ptolemy/actor/lib/test/auto/MatrixCropFix.xml
----------------- Instantiating /home/travis/build/icyphy/ptII/ptolemy/actor/lib/test/auto/MatrixCropFix.xml
2 ms. Memory: 1364480K Free: 269762K (20%)
----------------- Invoking toplevel() on ptolemy.moml.MoMLSimpleApplication@208169d5
----------------- Done invoking toplevel() on ptolemy.moml.MoMLSimpleApplication@208169d5
reloadAllAccessors: .MatrixCropFix

===========================================================================================
----------------- testing Wed Jan 30 15:53:09 UTC 2019 /home/travis/build/icyphy/ptII/ptolemy/actor/lib/test/auto/MatrixCropInt.xml
----------------- Instantiating /home/travis/build/icyphy/ptII/ptolemy/actor/lib/test/auto/MatrixCropInt.xml
2 ms. Memory: 1364480K Free: 246822K (18%)
----------------- Invoking toplevel() on ptolemy.moml.MoMLSimpleApplication@7e797027
----------------- Done invoking toplevel() on ptolemy.moml.MoMLSimpleApplication@7e797027
reloadAllAccessors: .MatrixCropInt

===========================================================================================
----------------- testing Wed Jan 30 15:53:09 UTC 2019 /home/travis/build/icyphy/ptII/ptolemy/actor/lib/test/auto/MatrixCropLong.xml
----------------- Instantiating /home/travis/build/icyphy/ptII/ptolemy/actor/lib/test/auto/MatrixCropLong.xml
3 ms. Memory: 1364480K Free: 230220K (17%)
----------------- Invoking toplevel() on ptolemy.moml.MoMLSimpleApplication@317afcdb
----------------- Done invoking toplevel() on ptolemy.moml.MoMLSimpleApplication@317afcdb
reloadAllAccessors: .MatrixCropLong

===========================================================================================
----------------- testing Wed Jan 30 15:53:09 UTC 2019 /home/travis/build/icyphy/ptII/ptolemy/actor/lib/test/auto/MatrixToArray.xml
----------------- Instantiating /home/travis/build/icyphy/ptII/ptolemy/actor/lib/test/auto/MatrixToArray.xml
5 ms. Memory: 1364480K Free: 198964K (15%)
----------------- Invoking toplevel() on ptolemy.moml.MoMLSimpleApplication@32d01dea
----------------- Done invoking toplevel() on ptolemy.moml.MoMLSimpleApplication@32d01dea
reloadAllAccessors: .MatrixToArray

===========================================================================================
----------------- testing Wed Jan 30 15:53:09 UTC 2019 /home/travis/build/icyphy/ptII/ptolemy/actor/lib/test/auto/MaxIndex.xml
----------------- Instantiating /home/travis/build/icyphy/ptII/ptolemy/actor/lib/test/auto/MaxIndex.xml
2 ms. Memory: 1364480K Free: 182361K (13%)
----------------- Invoking toplevel() on ptolemy.moml.MoMLSimpleApplication@73237f13
----------------- Done invoking toplevel() on ptolemy.moml.MoMLSimpleApplication@73237f13
reloadAllAccessors: .MaxIndex

===========================================================================================
----------------- testing Wed Jan 30 15:53:09 UTC 2019 /home/travis/build/icyphy/ptII/ptolemy/actor/lib/test/auto/Maximum.xml
----------------- Instantiating /home/travis/build/icyphy/ptII/ptolemy/actor/lib/test/auto/Maximum.xml
7 ms. Memory: 1364480K Free: 165759K (12%)
----------------- Invoking toplevel() on ptolemy.moml.MoMLSimpleApplication@130f0c8f
----------------- Done invoking toplevel() on ptolemy.moml.MoMLSimpleApplication@130f0c8f
reloadAllAccessors: .Maximum

===========================================================================================
----------------- testing Wed Jan 30 15:53:09 UTC 2019 /home/travis/build/icyphy/ptII/ptolemy/actor/lib/test/auto/MaximumComplex.xml
----------------- Instantiating /home/travis/build/icyphy/ptII/ptolemy/actor/lib/test/auto/MaximumComplex.xml
4 ms. Memory: 1364480K Free: 142819K (10%)
----------------- Invoking toplevel() on ptolemy.moml.MoMLSimpleApplication@46e0037e
----------------- Done invoking toplevel() on ptolemy.moml.MoMLSimpleApplication@46e0037e
reloadAllAccessors: .MaximumComplex

===========================================================================================
----------------- testing Wed Jan 30 15:53:09 UTC 2019 /home/travis/build/icyphy/ptII/ptolemy/actor/lib/test/auto/MethodCallTest.xml
----------------- Instantiating /home/travis/build/icyphy/ptII/ptolemy/actor/lib/test/auto/MethodCallTest.xml
2 ms. Memory: 1364480K Free: 126217K (9%)
----------------- Invoking toplevel() on ptolemy.moml.MoMLSimpleApplication@53daa5dc
----------------- Done invoking toplevel() on ptolemy.moml.MoMLSimpleApplication@53daa5dc
reloadAllAccessors: .MethodCallTest

===========================================================================================
----------------- testing Wed Jan 30 15:53:09 UTC 2019 /home/travis/build/icyphy/ptII/ptolemy/actor/lib/test/auto/Minimum.xml
----------------- Instantiating /home/travis/build/icyphy/ptII/ptolemy/actor/lib/test/auto/Minimum.xml
2 ms. Memory: 1364480K Free: 109614K (8%)
----------------- Invoking toplevel() on ptolemy.moml.MoMLSimpleApplication@582268f8
----------------- Done invoking toplevel() on ptolemy.moml.MoMLSimpleApplication@582268f8
reloadAllAccessors: .Minimum

===========================================================================================
----------------- testing Wed Jan 30 15:53:09 UTC 2019 /home/travis/build/icyphy/ptII/ptolemy/actor/lib/test/auto/MinimumComplex.xml
----------------- Instantiating /home/travis/build/icyphy/ptII/ptolemy/actor/lib/test/auto/MinimumComplex.xml
4 ms. Memory: 1364480K Free: 86675K (6%)
----------------- Invoking toplevel() on ptolemy.moml.MoMLSimpleApplication@7d0329a7
----------------- Done invoking toplevel() on ptolemy.moml.MoMLSimpleApplication@7d0329a7
reloadAllAccessors: .MinimumComplex

===========================================================================================
----------------- testing Wed Jan 30 15:53:09 UTC 2019 /home/travis/build/icyphy/ptII/ptolemy/actor/lib/test/auto/MinimumMultiports.xml
----------------- Instantiating /home/travis/build/icyphy/ptII/ptolemy/actor/lib/test/auto/MinimumMultiports.xml
8 ms. Memory: 1555456K Free: 1506997K (97%)
----------------- Invoking toplevel() on ptolemy.moml.MoMLSimpleApplication@124183dd
----------------- Done invoking toplevel() on ptolemy.moml.MoMLSimpleApplication@124183dd
reloadAllAccessors: .MinimumMultiports

===========================================================================================
----------------- testing Wed Jan 30 15:53:09 UTC 2019 /home/travis/build/icyphy/ptII/ptolemy/actor/lib/test/auto/ModifyDate.xml
----------------- Instantiating /home/travis/build/icyphy/ptII/ptolemy/actor/lib/test/auto/ModifyDate.xml
6 ms. Memory: 1555456K Free: 1466951K (94%)
----------------- Invoking toplevel() on ptolemy.moml.MoMLSimpleApplication@480a6690
----------------- Done invoking toplevel() on ptolemy.moml.MoMLSimpleApplication@480a6690
reloadAllAccessors: .ModifyDate

===========================================================================================
----------------- testing Wed Jan 30 15:53:09 UTC 2019 /home/travis/build/icyphy/ptII/ptolemy/actor/lib/test/auto/ModifyDate2.xml
----------------- Instantiating /home/travis/build/icyphy/ptII/ptolemy/actor/lib/test/auto/ModifyDate2.xml
2 ms. Memory: 1555456K Free: 1447488K (93%)
----------------- Invoking toplevel() on ptolemy.moml.MoMLSimpleApplication@470bd457
----------------- Done invoking toplevel() on ptolemy.moml.MoMLSimpleApplication@470bd457
reloadAllAccessors: .ModifyDate2

===========================================================================================
----------------- testing Wed Jan 30 15:53:09 UTC 2019 /home/travis/build/icyphy/ptII/ptolemy/actor/lib/test/auto/MovingAverage.xml
----------------- Instantiating /home/travis/build/icyphy/ptII/ptolemy/actor/lib/test/auto/MovingAverage.xml
1 ms. Memory: 1555456K Free: 1422014K (91%)
----------------- Invoking toplevel() on ptolemy.moml.MoMLSimpleApplication@3434eaee
----------------- Done invoking toplevel() on ptolemy.moml.MoMLSimpleApplication@3434eaee
reloadAllAccessors: .MovingAverage

===========================================================================================
----------------- testing Wed Jan 30 15:53:09 UTC 2019 /home/travis/build/icyphy/ptII/ptolemy/actor/lib/test/auto/MovingMaximum.xml
----------------- Instantiating /home/travis/build/icyphy/ptII/ptolemy/actor/lib/test/auto/MovingMaximum.xml
1 ms. Memory: 1555456K Free: 1402606K (90%)
----------------- Invoking toplevel() on ptolemy.moml.MoMLSimpleApplication@474bf7e3
----------------- Done invoking toplevel() on ptolemy.moml.MoMLSimpleApplication@474bf7e3
reloadAllAccessors: .MovingMaximum

===========================================================================================
----------------- testing Wed Jan 30 15:53:09 UTC 2019 /home/travis/build/icyphy/ptII/ptolemy/actor/lib/test/auto/MultipleLinksToSameRelation.xml
----------------- Instantiating /home/travis/build/icyphy/ptII/ptolemy/actor/lib/test/auto/MultipleLinksToSameRelation.xml
2 ms. Memory: 1555456K Free: 1383198K (89%)
----------------- Invoking toplevel() on ptolemy.moml.MoMLSimpleApplication@76e0b621
----------------- Done invoking toplevel() on ptolemy.moml.MoMLSimpleApplication@76e0b621
reloadAllAccessors: .MultipleLinksToSameRelation

===========================================================================================
----------------- testing Wed Jan 30 15:53:09 UTC 2019 /home/travis/build/icyphy/ptII/ptolemy/actor/lib/test/auto/MultipleLinksToSameRelationDE.xml
----------------- Instantiating /home/travis/build/icyphy/ptII/ptolemy/actor/lib/test/auto/MultipleLinksToSameRelationDE.xml
1 ms. Memory: 1555456K Free: 1357723K (87%)
----------------- Invoking toplevel() on ptolemy.moml.MoMLSimpleApplication@6aa1a19b
----------------- Done invoking toplevel() on ptolemy.moml.MoMLSimpleApplication@6aa1a19b
reloadAllAccessors: .MultipleLinksToSameRelationDE

===========================================================================================
----------------- testing Wed Jan 30 15:53:09 UTC 2019 /home/travis/build/icyphy/ptII/ptolemy/actor/lib/test/auto/Multiplexor.xml
----------------- Instantiating /home/travis/build/icyphy/ptII/ptolemy/actor/lib/test/auto/Multiplexor.xml
2 ms. Memory: 1555456K Free: 1338315K (86%)
----------------- Invoking toplevel() on ptolemy.moml.MoMLSimpleApplication@5bfde137
----------------- Done invoking toplevel() on ptolemy.moml.MoMLSimpleApplication@5bfde137
reloadAllAccessors: .Multiplexor

===========================================================================================
----------------- testing Wed Jan 30 15:53:09 UTC 2019 /home/travis/build/icyphy/ptII/ptolemy/actor/lib/test/auto/Multiplexor1.xml
----------------- Instantiating /home/travis/build/icyphy/ptII/ptolemy/actor/lib/test/auto/Multiplexor1.xml
2 ms. Memory: 1555456K Free: 1312841K (84%)
----------------- Invoking toplevel() on ptolemy.moml.MoMLSimpleApplication@79c913d6
----------------- Done invoking toplevel() on ptolemy.moml.MoMLSimpleApplication@79c913d6
reloadAllAccessors: .Multiplexor1

===========================================================================================
----------------- testing Wed Jan 30 15:53:09 UTC 2019 /home/travis/build/icyphy/ptII/ptolemy/actor/lib/test/auto/Multiplexor2.xml
----------------- Instantiating /home/travis/build/icyphy/ptII/ptolemy/actor/lib/test/auto/Multiplexor2.xml
2 ms. Memory: 1555456K Free: 1293433K (83%)
----------------- Invoking toplevel() on ptolemy.moml.MoMLSimpleApplication@50aab9a0
----------------- Done invoking toplevel() on ptolemy.moml.MoMLSimpleApplication@50aab9a0
reloadAllAccessors: .Multiplexor2

===========================================================================================
----------------- testing Wed Jan 30 15:53:09 UTC 2019 /home/travis/build/icyphy/ptII/ptolemy/actor/lib/test/auto/Multiplexor3.xml
----------------- Instantiating /home/travis/build/icyphy/ptII/ptolemy/actor/lib/test/auto/Multiplexor3.xml
1 ms. Memory: 1555456K Free: 1274025K (82%)
----------------- Invoking toplevel() on ptolemy.moml.MoMLSimpleApplication@cd98511
----------------- Done invoking toplevel() on ptolemy.moml.MoMLSimpleApplication@cd98511
reloadAllAccessors: .Multiplexor3

===========================================================================================
----------------- testing Wed Jan 30 15:53:09 UTC 2019 /home/travis/build/icyphy/ptII/ptolemy/actor/lib/test/auto/MultiplexorDE.xml
----------------- Instantiating /home/travis/build/icyphy/ptII/ptolemy/actor/lib/test/auto/MultiplexorDE.xml
1 ms. Memory: 1555456K Free: 1248550K (80%)
----------------- Invoking toplevel() on ptolemy.moml.MoMLSimpleApplication@415a8542
----------------- Done invoking toplevel() on ptolemy.moml.MoMLSimpleApplication@415a8542
reloadAllAccessors: .MultiplexorDE

===========================================================================================
----------------- testing Wed Jan 30 15:53:09 UTC 2019 /home/travis/build/icyphy/ptII/ptolemy/actor/lib/test/auto/MultiportBroadcastTest.xml
----------------- Instantiating /home/travis/build/icyphy/ptII/ptolemy/actor/lib/test/auto/MultiportBroadcastTest.xml
47 ms. Memory: 1555456K Free: 1229142K (79%)
----------------- Invoking toplevel() on ptolemy.moml.MoMLSimpleApplication@7876ecb
----------------- Done invoking toplevel() on ptolemy.moml.MoMLSimpleApplication@7876ecb
reloadAllAccessors: .MultiportBroadcastTest

===========================================================================================
----------------- testing Wed Jan 30 15:53:09 UTC 2019 /home/travis/build/icyphy/ptII/ptolemy/actor/lib/test/auto/MultiportOutHangDuringGetWidth.xml
----------------- Instantiating /home/travis/build/icyphy/ptII/ptolemy/actor/lib/test/auto/MultiportOutHangDuringGetWidth.xml
4 ms. Memory: 1555456K Free: 1203668K (77%)
----------------- Invoking toplevel() on ptolemy.moml.MoMLSimpleApplication@2f543774
----------------- Done invoking toplevel() on ptolemy.moml.MoMLSimpleApplication@2f543774
reloadAllAccessors: .MultiportOutHangDuringGetWidth

===========================================================================================
----------------- testing Wed Jan 30 15:53:09 UTC 2019 /home/travis/build/icyphy/ptII/ptolemy/actor/lib/test/auto/NilToken.xml
----------------- Instantiating /home/travis/build/icyphy/ptII/ptolemy/actor/lib/test/auto/NilToken.xml
1 ms. Memory: 1555456K Free: 1184260K (76%)
----------------- Invoking toplevel() on ptolemy.moml.MoMLSimpleApplication@aed164e
----------------- Done invoking toplevel() on ptolemy.moml.MoMLSimpleApplication@aed164e
reloadAllAccessors: .NilToken

===========================================================================================
----------------- testing Wed Jan 30 15:53:09 UTC 2019 /home/travis/build/icyphy/ptII/ptolemy/actor/lib/test/auto/NilTokenNonStrictTest.xml
----------------- Instantiating /home/travis/build/icyphy/ptII/ptolemy/actor/lib/test/auto/NilTokenNonStrictTest.xml
1 ms. Memory: 1555456K Free: 1164851K (75%)
----------------- Invoking toplevel() on ptolemy.moml.MoMLSimpleApplication@5fe7d61b
----------------- Done invoking toplevel() on ptolemy.moml.MoMLSimpleApplication@5fe7d61b
reloadAllAccessors: .NilTokenNonStrictTest

===========================================================================================
----------------- testing Wed Jan 30 15:53:09 UTC 2019 /home/travis/build/icyphy/ptII/ptolemy/actor/lib/test/auto/NilTokenRecord.xml
----------------- Instantiating /home/travis/build/icyphy/ptII/ptolemy/actor/lib/test/auto/NilTokenRecord.xml
4 ms. Memory: 1555456K Free: 1139377K (73%)
----------------- Invoking toplevel() on ptolemy.moml.MoMLSimpleApplication@2bf4e3ce
----------------- Done invoking toplevel() on ptolemy.moml.MoMLSimpleApplication@2bf4e3ce
reloadAllAccessors: .NilTokenRecord

===========================================================================================
----------------- testing Wed Jan 30 15:53:09 UTC 2019 /home/travis/build/icyphy/ptII/ptolemy/actor/lib/test/auto/NilTokenTypeTest.xml
----------------- Instantiating /home/travis/build/icyphy/ptII/ptolemy/actor/lib/test/auto/NilTokenTypeTest.xml
6 ms. Memory: 1555456K Free: 1119969K (72%)
----------------- Invoking toplevel() on ptolemy.moml.MoMLSimpleApplication@31d4ee76
----------------- Done invoking toplevel() on ptolemy.moml.MoMLSimpleApplication@31d4ee76
reloadAllAccessors: .NilTokenTypeTest

===========================================================================================
----------------- testing Wed Jan 30 15:53:09 UTC 2019 /home/travis/build/icyphy/ptII/ptolemy/actor/lib/test/auto/ObjectToken1.xml
----------------- Instantiating /home/travis/build/icyphy/ptII/ptolemy/actor/lib/test/auto/ObjectToken1.xml
1 ms. Memory: 1555456K Free: 1094495K (70%)
----------------- Invoking toplevel() on ptolemy.moml.MoMLSimpleApplication@678ee20f
----------------- Done invoking toplevel() on ptolemy.moml.MoMLSimpleApplication@678ee20f
reloadAllAccessors: .ObjectToken1

===========================================================================================
----------------- testing Wed Jan 30 15:53:09 UTC 2019 /home/travis/build/icyphy/ptII/ptolemy/actor/lib/test/auto/OrderedMerge.xml
----------------- Instantiating /home/travis/build/icyphy/ptII/ptolemy/actor/lib/test/auto/OrderedMerge.xml
5 ms. Memory: 1555456K Free: 1036270K (67%)
----------------- Invoking toplevel() on ptolemy.moml.MoMLSimpleApplication@3bc0fa62
----------------- Done invoking toplevel() on ptolemy.moml.MoMLSimpleApplication@3bc0fa62
reloadAllAccessors: .OrderedMerge

===========================================================================================
----------------- testing Wed Jan 30 15:53:09 UTC 2019 /home/travis/build/icyphy/ptII/ptolemy/actor/lib/test/auto/OrderedRecordDisassembler.xml
----------------- Instantiating /home/travis/build/icyphy/ptII/ptolemy/actor/lib/test/auto/OrderedRecordDisassembler.xml
2 ms. Memory: 1555456K Free: 1016862K (65%)
----------------- Invoking toplevel() on ptolemy.moml.MoMLSimpleApplication@5d9d177b
----------------- Done invoking toplevel() on ptolemy.moml.MoMLSimpleApplication@5d9d177b
reloadAllAccessors: .OrderedRecordDisassembler

===========================================================================================
----------------- testing Wed Jan 30 15:53:09 UTC 2019 /home/travis/build/icyphy/ptII/ptolemy/actor/lib/test/auto/OrderedRecordDisassembler2.xml
----------------- Instantiating /home/travis/build/icyphy/ptII/ptolemy/actor/lib/test/auto/OrderedRecordDisassembler2.xml
3 ms. Memory: 1555456K Free: 991388K (64%)
----------------- Invoking toplevel() on ptolemy.moml.MoMLSimpleApplication@44c01e9f
----------------- Done invoking toplevel() on ptolemy.moml.MoMLSimpleApplication@44c01e9f
reloadAllAccessors: .OrderedRecordDisassembler2

===========================================================================================
----------------- testing Wed Jan 30 15:53:09 UTC 2019 /home/travis/build/icyphy/ptII/ptolemy/actor/lib/test/auto/OrderedRecordUpdater.xml
----------------- Instantiating /home/travis/build/icyphy/ptII/ptolemy/actor/lib/test/auto/OrderedRecordUpdater.xml
1 ms. Memory: 1555456K Free: 971979K (62%)
----------------- Invoking toplevel() on ptolemy.moml.MoMLSimpleApplication@615de17c
----------------- Done invoking toplevel() on ptolemy.moml.MoMLSimpleApplication@615de17c
reloadAllAccessors: .RecordUpdater

===========================================================================================
----------------- testing Wed Jan 30 15:53:09 UTC 2019 /home/travis/build/icyphy/ptII/ptolemy/actor/lib/test/auto/OrderedRecordUpdater2.xml
----------------- Instantiating /home/travis/build/icyphy/ptII/ptolemy/actor/lib/test/auto/OrderedRecordUpdater2.xml
2 ms. Memory: 1555456K Free: 952571K (61%)
----------------- Invoking toplevel() on ptolemy.moml.MoMLSimpleApplication@ec34a75
----------------- Done invoking toplevel() on ptolemy.moml.MoMLSimpleApplication@ec34a75
reloadAllAccessors: .RecordUpdater2

===========================================================================================
----------------- testing Wed Jan 30 15:53:09 UTC 2019 /home/travis/build/icyphy/ptII/ptolemy/actor/lib/test/auto/PhaseUnwrap.xml
----------------- Instantiating /home/travis/build/icyphy/ptII/ptolemy/actor/lib/test/auto/PhaseUnwrap.xml
1 ms. Memory: 1555456K Free: 927097K (60%)
----------------- Invoking toplevel() on ptolemy.moml.MoMLSimpleApplication@367d4c06
----------------- Done invoking toplevel() on ptolemy.moml.MoMLSimpleApplication@367d4c06
reloadAllAccessors: .PhaseUnwrap

===========================================================================================
----------------- testing Wed Jan 30 15:53:09 UTC 2019 /home/travis/build/icyphy/ptII/ptolemy/actor/lib/test/auto/PoissonClock.xml
----------------- Instantiating /home/travis/build/icyphy/ptII/ptolemy/actor/lib/test/auto/PoissonClock.xml
2 ms. Memory: 1555456K Free: 907689K (58%)
----------------- Invoking toplevel() on ptolemy.moml.MoMLSimpleApplication@22e91a25
----------------- Done invoking toplevel() on ptolemy.moml.MoMLSimpleApplication@22e91a25
reloadAllAccessors: .PoissonClock

===========================================================================================
----------------- testing Wed Jan 30 15:53:09 UTC 2019 /home/travis/build/icyphy/ptII/ptolemy/actor/lib/test/auto/PoissonClock2.xml
----------------- Instantiating /home/travis/build/icyphy/ptII/ptolemy/actor/lib/test/auto/PoissonClock2.xml
1 ms. Memory: 1555456K Free: 882214K (57%)
----------------- Invoking toplevel() on ptolemy.moml.MoMLSimpleApplication@6241429a
----------------- Done invoking toplevel() on ptolemy.moml.MoMLSimpleApplication@6241429a
reloadAllAccessors: .PoissonClock2

===========================================================================================
----------------- testing Wed Jan 30 15:53:09 UTC 2019 /home/travis/build/icyphy/ptII/ptolemy/actor/lib/test/auto/PoissonClock3.xml
----------------- Instantiating /home/travis/build/icyphy/ptII/ptolemy/actor/lib/test/auto/PoissonClock3.xml
1 ms. Memory: 1555456K Free: 862806K (55%)
----------------- Invoking toplevel() on ptolemy.moml.MoMLSimpleApplication@5c6ed432
----------------- Done invoking toplevel() on ptolemy.moml.MoMLSimpleApplication@5c6ed432
reloadAllAccessors: .PoissonClock3

===========================================================================================
----------------- testing Wed Jan 30 15:53:09 UTC 2019 /home/travis/build/icyphy/ptII/ptolemy/actor/lib/test/auto/PubSubWithInitialTokens.xml
----------------- Instantiating /home/travis/build/icyphy/ptII/ptolemy/actor/lib/test/auto/PubSubWithInitialTokens.xml
2 ms. Memory: 1555456K Free: 843398K (54%)
----------------- Invoking toplevel() on ptolemy.moml.MoMLSimpleApplication@391a8e5c
----------------- Done invoking toplevel() on ptolemy.moml.MoMLSimpleApplication@391a8e5c
reloadAllAccessors: .PubSubWithInitialTokens

===========================================================================================
----------------- testing Wed Jan 30 15:53:09 UTC 2019 /home/travis/build/icyphy/ptII/ptolemy/actor/lib/test/auto/PubSubWithInitialTokens2.xml
----------------- Instantiating /home/travis/build/icyphy/ptII/ptolemy/actor/lib/test/auto/PubSubWithInitialTokens2.xml
2 ms. Memory: 1555456K Free: 817924K (53%)
----------------- Invoking toplevel() on ptolemy.moml.MoMLSimpleApplication@5836a2c7
----------------- Done invoking toplevel() on ptolemy.moml.MoMLSimpleApplication@5836a2c7
reloadAllAccessors: .PubSubWithInitialTokens2

===========================================================================================
----------------- testing Wed Jan 30 15:53:09 UTC 2019 /home/travis/build/icyphy/ptII/ptolemy/actor/lib/test/auto/PublisherClassNoParameter.xml
----------------- Instantiating /home/travis/build/icyphy/ptII/ptolemy/actor/lib/test/auto/PublisherClassNoParameter.xml
2 ms. Memory: 1555456K Free: 798516K (51%)
----------------- Invoking toplevel() on ptolemy.moml.MoMLSimpleApplication@303c6b80
----------------- Done invoking toplevel() on ptolemy.moml.MoMLSimpleApplication@303c6b80
reloadAllAccessors: .PublisherClassNoParameter

===========================================================================================
----------------- testing Wed Jan 30 15:53:09 UTC 2019 /home/travis/build/icyphy/ptII/ptolemy/actor/lib/test/auto/PublisherClassParameter.xml
----------------- Instantiating /home/travis/build/icyphy/ptII/ptolemy/actor/lib/test/auto/PublisherClassParameter.xml
2 ms. Memory: 1555456K Free: 773041K (50%)
----------------- Invoking toplevel() on ptolemy.moml.MoMLSimpleApplication@10ca4786
----------------- Done invoking toplevel() on ptolemy.moml.MoMLSimpleApplication@10ca4786
reloadAllAccessors: .PublisherClassParameter

===========================================================================================
----------------- testing Wed Jan 30 15:53:09 UTC 2019 /home/travis/build/icyphy/ptII/ptolemy/actor/lib/test/auto/PublisherNonStrictTest.xml
----------------- Instantiating /home/travis/build/icyphy/ptII/ptolemy/actor/lib/test/auto/PublisherNonStrictTest.xml
3 ms. Memory: 1555456K Free: 753633K (48%)
----------------- Invoking toplevel() on ptolemy.moml.MoMLSimpleApplication@29c4a0a4
----------------- Done invoking toplevel() on ptolemy.moml.MoMLSimpleApplication@29c4a0a4
reloadAllAccessors: .PublisherNonStrictTest

===========================================================================================
----------------- testing Wed Jan 30 15:53:09 UTC 2019 /home/travis/build/icyphy/ptII/ptolemy/actor/lib/test/auto/PublisherPort1.xml
----------------- Instantiating /home/travis/build/icyphy/ptII/ptolemy/actor/lib/test/auto/PublisherPort1.xml
2 ms. Memory: 1555456K Free: 734225K (47%)
----------------- Invoking toplevel() on ptolemy.moml.MoMLSimpleApplication@10f0ad95
----------------- Done invoking toplevel() on ptolemy.moml.MoMLSimpleApplication@10f0ad95
reloadAllAccessors: .PublisherPort1

===========================================================================================
----------------- testing Wed Jan 30 15:53:09 UTC 2019 /home/travis/build/icyphy/ptII/ptolemy/actor/lib/test/auto/PublisherPort2.xml
----------------- Instantiating /home/travis/build/icyphy/ptII/ptolemy/actor/lib/test/auto/PublisherPort2.xml
1 ms. Memory: 1555456K Free: 708751K (46%)
----------------- Invoking toplevel() on ptolemy.moml.MoMLSimpleApplication@76df39fd
----------------- Done invoking toplevel() on ptolemy.moml.MoMLSimpleApplication@76df39fd
reloadAllAccessors: .PublisherPort2

===========================================================================================
----------------- testing Wed Jan 30 15:53:09 UTC 2019 /home/travis/build/icyphy/ptII/ptolemy/actor/lib/test/auto/PublisherPort3.xml
----------------- Instantiating /home/travis/build/icyphy/ptII/ptolemy/actor/lib/test/auto/PublisherPort3.xml
2 ms. Memory: 1555456K Free: 689343K (44%)
----------------- Invoking toplevel() on ptolemy.moml.MoMLSimpleApplication@66292aaf
----------------- Done invoking toplevel() on ptolemy.moml.MoMLSimpleApplication@66292aaf
reloadAllAccessors: .PublisherPort3

===========================================================================================
----------------- testing Wed Jan 30 15:53:09 UTC 2019 /home/travis/build/icyphy/ptII/ptolemy/actor/lib/test/auto/PublisherPort4.xml
----------------- Instantiating /home/travis/build/icyphy/ptII/ptolemy/actor/lib/test/auto/PublisherPort4.xml
1 ms. Memory: 1555456K Free: 663868K (43%)
----------------- Invoking toplevel() on ptolemy.moml.MoMLSimpleApplication@1367d55e
----------------- Done invoking toplevel() on ptolemy.moml.MoMLSimpleApplication@1367d55e
reloadAllAccessors: .PublisherPort4

===========================================================================================
----------------- testing Wed Jan 30 15:53:09 UTC 2019 /home/travis/build/icyphy/ptII/ptolemy/actor/lib/test/auto/PublisherPort5.xml
----------------- Instantiating /home/travis/build/icyphy/ptII/ptolemy/actor/lib/test/auto/PublisherPort5.xml
17 ms. Memory: 1555456K Free: 644460K (41%)
----------------- Invoking toplevel() on ptolemy.moml.MoMLSimpleApplication@495cb288
----------------- Done invoking toplevel() on ptolemy.moml.MoMLSimpleApplication@495cb288
reloadAllAccessors: .PublisherPort5

===========================================================================================
----------------- testing Wed Jan 30 15:53:09 UTC 2019 /home/travis/build/icyphy/ptII/ptolemy/actor/lib/test/auto/PublisherPort5LookAlike.xml
----------------- Instantiating /home/travis/build/icyphy/ptII/ptolemy/actor/lib/test/auto/PublisherPort5LookAlike.xml
6 ms. Memory: 1555456K Free: 625052K (40%)
----------------- Invoking toplevel() on ptolemy.moml.MoMLSimpleApplication@1596344f
----------------- Done invoking toplevel() on ptolemy.moml.MoMLSimpleApplication@1596344f
reloadAllAccessors: .PublisherPort5LookAlike

===========================================================================================
----------------- testing Wed Jan 30 15:53:10 UTC 2019 /home/travis/build/icyphy/ptII/ptolemy/actor/lib/test/auto/PublisherPort6.xml
----------------- Instantiating /home/travis/build/icyphy/ptII/ptolemy/actor/lib/test/auto/PublisherPort6.xml
2 ms. Memory: 1555456K Free: 599577K (39%)
----------------- Invoking toplevel() on ptolemy.moml.MoMLSimpleApplication@3a638db8
----------------- Done invoking toplevel() on ptolemy.moml.MoMLSimpleApplication@3a638db8
reloadAllAccessors: .PublisherPort6

===========================================================================================
----------------- testing Wed Jan 30 15:53:10 UTC 2019 /home/travis/build/icyphy/ptII/ptolemy/actor/lib/test/auto/PublisherPort7.xml
----------------- Instantiating /home/travis/build/icyphy/ptII/ptolemy/actor/lib/test/auto/PublisherPort7.xml
3 ms. Memory: 1555456K Free: 580169K (37%)
----------------- Invoking toplevel() on ptolemy.moml.MoMLSimpleApplication@706d56c5
----------------- Done invoking toplevel() on ptolemy.moml.MoMLSimpleApplication@706d56c5
reloadAllAccessors: .PublisherPort7

===========================================================================================
----------------- testing Wed Jan 30 15:53:10 UTC 2019 /home/travis/build/icyphy/ptII/ptolemy/actor/lib/test/auto/PublisherPort8.xml
----------------- Instantiating /home/travis/build/icyphy/ptII/ptolemy/actor/lib/test/auto/PublisherPort8.xml
3 ms. Memory: 1555456K Free: 554695K (36%)
----------------- Invoking toplevel() on ptolemy.moml.MoMLSimpleApplication@fe8b4f
----------------- Done invoking toplevel() on ptolemy.moml.MoMLSimpleApplication@fe8b4f
reloadAllAccessors: .PublisherPort8

===========================================================================================
----------------- testing Wed Jan 30 15:53:10 UTC 2019 /home/travis/build/icyphy/ptII/ptolemy/actor/lib/test/auto/PublisherPortSubscriberChannelVariablesAOC2.xml
----------------- Instantiating /home/travis/build/icyphy/ptII/ptolemy/actor/lib/test/auto/PublisherPortSubscriberChannelVariablesAOC2.xml
3 ms. Memory: 1555456K Free: 525583K (34%)
----------------- Invoking toplevel() on ptolemy.moml.MoMLSimpleApplication@61b42a4a
----------------- Done invoking toplevel() on ptolemy.moml.MoMLSimpleApplication@61b42a4a
reloadAllAccessors: .PublisherPortSubscriberChannelVariablesAOC2

===========================================================================================
----------------- testing Wed Jan 30 15:53:10 UTC 2019 /home/travis/build/icyphy/ptII/ptolemy/actor/lib/test/auto/PublisherPortSubscriberOpaqueWidthInference.xml
----------------- Instantiating /home/travis/build/icyphy/ptII/ptolemy/actor/lib/test/auto/PublisherPortSubscriberOpaqueWidthInference.xml
3 ms. Memory: 1555456K Free: 506174K (33%)
----------------- Invoking toplevel() on ptolemy.moml.MoMLSimpleApplication@1848cffb
----------------- Done invoking toplevel() on ptolemy.moml.MoMLSimpleApplication@1848cffb
reloadAllAccessors: .PublisherPortSubscriberOpaqueWidthInference

===========================================================================================
----------------- testing Wed Jan 30 15:53:10 UTC 2019 /home/travis/build/icyphy/ptII/ptolemy/actor/lib/test/auto/PublisherPortSubscriberPortAdjacent.xml
----------------- Instantiating /home/travis/build/icyphy/ptII/ptolemy/actor/lib/test/auto/PublisherPortSubscriberPortAdjacent.xml
2 ms. Memory: 1555456K Free: 480700K (31%)
----------------- Invoking toplevel() on ptolemy.moml.MoMLSimpleApplication@76fd70ea
----------------- Done invoking toplevel() on ptolemy.moml.MoMLSimpleApplication@76fd70ea
reloadAllAccessors: .PublisherPortSubscriberPortAdjacent

===========================================================================================
----------------- testing Wed Jan 30 15:53:10 UTC 2019 /home/travis/build/icyphy/ptII/ptolemy/actor/lib/test/auto/PublisherPortSubscriberPortExpression.xml
----------------- Instantiating /home/travis/build/icyphy/ptII/ptolemy/actor/lib/test/auto/PublisherPortSubscriberPortExpression.xml
5 ms. Memory: 1555456K Free: 461292K (30%)
----------------- Invoking toplevel() on ptolemy.moml.MoMLSimpleApplication@39ad2b03
----------------- Done invoking toplevel() on ptolemy.moml.MoMLSimpleApplication@39ad2b03
reloadAllAccessors: .PublisherPortSubscriberPortExpression

===========================================================================================
----------------- testing Wed Jan 30 15:53:10 UTC 2019 /home/travis/build/icyphy/ptII/ptolemy/actor/lib/test/auto/PublisherPortSubscriberPortOpaqueD3Reverse.xml
----------------- Instantiating /home/travis/build/icyphy/ptII/ptolemy/actor/lib/test/auto/PublisherPortSubscriberPortOpaqueD3Reverse.xml
5 ms. Memory: 1555456K Free: 435818K (28%)
----------------- Invoking toplevel() on ptolemy.moml.MoMLSimpleApplication@720ccb74
----------------- Done invoking toplevel() on ptolemy.moml.MoMLSimpleApplication@720ccb74
reloadAllAccessors: .PublisherPortSubscriberPortOpaqueD3Reverse

===========================================================================================
----------------- testing Wed Jan 30 15:53:10 UTC 2019 /home/travis/build/icyphy/ptII/ptolemy/actor/lib/test/auto/PublisherPortSubscriberPortOpaqueWidthInference.xml
----------------- Instantiating /home/travis/build/icyphy/ptII/ptolemy/actor/lib/test/auto/PublisherPortSubscriberPortOpaqueWidthInference.xml
4 ms. Memory: 1555456K Free: 416410K (27%)
----------------- Invoking toplevel() on ptolemy.moml.MoMLSimpleApplication@f8ad79e
----------------- Done invoking toplevel() on ptolemy.moml.MoMLSimpleApplication@f8ad79e
reloadAllAccessors: .PublisherPortSubscriberPortOpaqueWidthInference

===========================================================================================
----------------- testing Wed Jan 30 15:53:10 UTC 2019 /home/travis/build/icyphy/ptII/ptolemy/actor/lib/test/auto/PublisherPortToplevelSubscriberPortAOC.xml
----------------- Instantiating /home/travis/build/icyphy/ptII/ptolemy/actor/lib/test/auto/PublisherPortToplevelSubscriberPortAOC.xml
.PublisherPortToplevelSubscriberPortAOC.TestExceptionAttribute: initialize() was not invoked, but wrapup() was.  This is unusual, but not always a problem.  For example, exporting JNLP will do this.
1 ms. Memory: 1555456K Free: 397001K (26%)
----------------- Invoking toplevel() on ptolemy.moml.MoMLSimpleApplication@19e12a48
----------------- Done invoking toplevel() on ptolemy.moml.MoMLSimpleApplication@19e12a48
reloadAllAccessors: .PublisherPortToplevelSubscriberPortAOC

===========================================================================================
----------------- testing Wed Jan 30 15:53:10 UTC 2019 /home/travis/build/icyphy/ptII/ptolemy/actor/lib/test/auto/PublisherSubscriber.xml
----------------- Instantiating /home/travis/build/icyphy/ptII/ptolemy/actor/lib/test/auto/PublisherSubscriber.xml
3 ms. Memory: 1555456K Free: 371527K (24%)
----------------- Invoking toplevel() on ptolemy.moml.MoMLSimpleApplication@2afe2efe
----------------- Done invoking toplevel() on ptolemy.moml.MoMLSimpleApplication@2afe2efe
reloadAllAccessors: .PublisherSubscriber

===========================================================================================
----------------- testing Wed Jan 30 15:53:10 UTC 2019 /home/travis/build/icyphy/ptII/ptolemy/actor/lib/test/auto/PublisherSubscriber10.xml
----------------- Instantiating /home/travis/build/icyphy/ptII/ptolemy/actor/lib/test/auto/PublisherSubscriber10.xml
5 ms. Memory: 1555456K Free: 352119K (23%)
----------------- Invoking toplevel() on ptolemy.moml.MoMLSimpleApplication@4d79f93c
----------------- Done invoking toplevel() on ptolemy.moml.MoMLSimpleApplication@4d79f93c
reloadAllAccessors: .PublisherSubscriber10

===========================================================================================
----------------- testing Wed Jan 30 15:53:10 UTC 2019 /home/travis/build/icyphy/ptII/ptolemy/actor/lib/test/auto/PublisherSubscriber10InitialOutputs.xml
----------------- Instantiating /home/travis/build/icyphy/ptII/ptolemy/actor/lib/test/auto/PublisherSubscriber10InitialOutputs.xml
5 ms. Memory: 1555456K Free: 326645K (21%)
----------------- Invoking toplevel() on ptolemy.moml.MoMLSimpleApplication@1622d09c
----------------- Done invoking toplevel() on ptolemy.moml.MoMLSimpleApplication@1622d09c
reloadAllAccessors: .PublisherSubscriber10InitialOutputs

===========================================================================================
----------------- testing Wed Jan 30 15:53:10 UTC 2019 /home/travis/build/icyphy/ptII/ptolemy/actor/lib/test/auto/PublisherSubscriber11.xml
----------------- Instantiating /home/travis/build/icyphy/ptII/ptolemy/actor/lib/test/auto/PublisherSubscriber11.xml
3 ms. Memory: 1555456K Free: 307237K (20%)
----------------- Invoking toplevel() on ptolemy.moml.MoMLSimpleApplication@5d863fb1
----------------- Done invoking toplevel() on ptolemy.moml.MoMLSimpleApplication@5d863fb1
reloadAllAccessors: .PublisherSubscriber11

===========================================================================================
----------------- testing Wed Jan 30 15:53:10 UTC 2019 /home/travis/build/icyphy/ptII/ptolemy/actor/lib/test/auto/PublisherSubscriber12.xml
----------------- Instantiating /home/travis/build/icyphy/ptII/ptolemy/actor/lib/test/auto/PublisherSubscriber12.xml
2 ms. Memory: 1555456K Free: 287828K (19%)
----------------- Invoking toplevel() on ptolemy.moml.MoMLSimpleApplication@70936c8
----------------- Done invoking toplevel() on ptolemy.moml.MoMLSimpleApplication@70936c8
reloadAllAccessors: .PublisherSubscriber12

===========================================================================================
----------------- testing Wed Jan 30 15:53:10 UTC 2019 /home/travis/build/icyphy/ptII/ptolemy/actor/lib/test/auto/PublisherSubscriber13.xml
----------------- Instantiating /home/travis/build/icyphy/ptII/ptolemy/actor/lib/test/auto/PublisherSubscriber13.xml
2 ms. Memory: 1555456K Free: 262354K (17%)
----------------- Invoking toplevel() on ptolemy.moml.MoMLSimpleApplication@599551c1
----------------- Done invoking toplevel() on ptolemy.moml.MoMLSimpleApplication@599551c1
reloadAllAccessors: .PublisherSubscriber13

===========================================================================================
----------------- testing Wed Jan 30 15:53:10 UTC 2019 /home/travis/build/icyphy/ptII/ptolemy/actor/lib/test/auto/PublisherSubscriber14.xml
----------------- Instantiating /home/travis/build/icyphy/ptII/ptolemy/actor/lib/test/auto/PublisherSubscriber14.xml
3 ms. Memory: 1555456K Free: 242946K (16%)
----------------- Invoking toplevel() on ptolemy.moml.MoMLSimpleApplication@1ecfbe74
----------------- Done invoking toplevel() on ptolemy.moml.MoMLSimpleApplication@1ecfbe74
reloadAllAccessors: .PublisherSubscriber14

===========================================================================================
----------------- testing Wed Jan 30 15:53:10 UTC 2019 /home/travis/build/icyphy/ptII/ptolemy/actor/lib/test/auto/PublisherSubscriber2.xml
----------------- Instantiating /home/travis/build/icyphy/ptII/ptolemy/actor/lib/test/auto/PublisherSubscriber2.xml
3 ms. Memory: 1555456K Free: 217472K (14%)
----------------- Invoking toplevel() on ptolemy.moml.MoMLSimpleApplication@391bfcb5
----------------- Done invoking toplevel() on ptolemy.moml.MoMLSimpleApplication@391bfcb5
reloadAllAccessors: .PublisherSubscriber2

===========================================================================================
----------------- testing Wed Jan 30 15:53:10 UTC 2019 /home/travis/build/icyphy/ptII/ptolemy/actor/lib/test/auto/PublisherSubscriber3.xml
----------------- Instantiating /home/travis/build/icyphy/ptII/ptolemy/actor/lib/test/auto/PublisherSubscriber3.xml
2 ms. Memory: 1555456K Free: 198064K (13%)
----------------- Invoking toplevel() on ptolemy.moml.MoMLSimpleApplication@70a6003
----------------- Done invoking toplevel() on ptolemy.moml.MoMLSimpleApplication@70a6003
reloadAllAccessors: .PublisherSubscriber3

===========================================================================================
----------------- testing Wed Jan 30 15:53:10 UTC 2019 /home/travis/build/icyphy/ptII/ptolemy/actor/lib/test/auto/PublisherSubscriber4.xml
----------------- Instantiating /home/travis/build/icyphy/ptII/ptolemy/actor/lib/test/auto/PublisherSubscriber4.xml
2 ms. Memory: 1555456K Free: 178656K (11%)
----------------- Invoking toplevel() on ptolemy.moml.MoMLSimpleApplication@1ef80735
----------------- Done invoking toplevel() on ptolemy.moml.MoMLSimpleApplication@1ef80735
reloadAllAccessors: .PublisherSubscriber4

===========================================================================================
----------------- testing Wed Jan 30 15:53:10 UTC 2019 /home/travis/build/icyphy/ptII/ptolemy/actor/lib/test/auto/PublisherSubscriber5.xml
----------------- Instantiating /home/travis/build/icyphy/ptII/ptolemy/actor/lib/test/auto/PublisherSubscriber5.xml
3 ms. Memory: 1555456K Free: 153181K (10%)
----------------- Invoking toplevel() on ptolemy.moml.MoMLSimpleApplication@774f3794
----------------- Done invoking toplevel() on ptolemy.moml.MoMLSimpleApplication@774f3794
reloadAllAccessors: .PublisherSubscriber5

===========================================================================================
----------------- testing Wed Jan 30 15:53:10 UTC 2019 /home/travis/build/icyphy/ptII/ptolemy/actor/lib/test/auto/PublisherSubscriber6.xml
----------------- Instantiating /home/travis/build/icyphy/ptII/ptolemy/actor/lib/test/auto/PublisherSubscriber6.xml
4 ms. Memory: 1555456K Free: 133773K (9%)
----------------- Invoking toplevel() on ptolemy.moml.MoMLSimpleApplication@41e924e
----------------- Done invoking toplevel() on ptolemy.moml.MoMLSimpleApplication@41e924e
reloadAllAccessors: .PublisherSubscriber6

===========================================================================================
----------------- testing Wed Jan 30 15:53:10 UTC 2019 /home/travis/build/icyphy/ptII/ptolemy/actor/lib/test/auto/PublisherSubscriber7.xml
----------------- Instantiating /home/travis/build/icyphy/ptII/ptolemy/actor/lib/test/auto/PublisherSubscriber7.xml
6 ms. Memory: 1555456K Free: 108299K (7%)
----------------- Invoking toplevel() on ptolemy.moml.MoMLSimpleApplication@1a9067de
----------------- Done invoking toplevel() on ptolemy.moml.MoMLSimpleApplication@1a9067de
reloadAllAccessors: .PublisherSubscriber7

===========================================================================================
----------------- testing Wed Jan 30 15:53:10 UTC 2019 /home/travis/build/icyphy/ptII/ptolemy/actor/lib/test/auto/PublisherSubscriber8.xml
----------------- Instantiating /home/travis/build/icyphy/ptII/ptolemy/actor/lib/test/auto/PublisherSubscriber8.xml
34 ms. Memory: 1593344K Free: 1465883K (92%)
----------------- Invoking toplevel() on ptolemy.moml.MoMLSimpleApplication@329bea3f
----------------- Done invoking toplevel() on ptolemy.moml.MoMLSimpleApplication@329bea3f
reloadAllAccessors: .PublisherSubscriber8

===========================================================================================
----------------- testing Wed Jan 30 15:53:10 UTC 2019 /home/travis/build/icyphy/ptII/ptolemy/actor/lib/test/auto/PublisherSubscriber9.xml
----------------- Instantiating /home/travis/build/icyphy/ptII/ptolemy/actor/lib/test/auto/PublisherSubscriber9.xml
2 ms. Memory: 1593344K Free: 1444116K (91%)
----------------- Invoking toplevel() on ptolemy.moml.MoMLSimpleApplication@39f0cf1
----------------- Done invoking toplevel() on ptolemy.moml.MoMLSimpleApplication@39f0cf1
reloadAllAccessors: .PublisherSubscriber9

===========================================================================================
----------------- testing Wed Jan 30 15:53:10 UTC 2019 /home/travis/build/icyphy/ptII/ptolemy/actor/lib/test/auto/PublisherSubscriberAdjacent.xml
----------------- Instantiating /home/travis/build/icyphy/ptII/ptolemy/actor/lib/test/auto/PublisherSubscriberAdjacent.xml
1 ms. Memory: 1593344K Free: 1426405K (90%)
----------------- Invoking toplevel() on ptolemy.moml.MoMLSimpleApplication@71024c83
----------------- Done invoking toplevel() on ptolemy.moml.MoMLSimpleApplication@71024c83
reloadAllAccessors: .PublisherSubscriberAdjacent

===========================================================================================
----------------- testing Wed Jan 30 15:53:10 UTC 2019 /home/travis/build/icyphy/ptII/ptolemy/actor/lib/test/auto/PublisherSubscriberChannelVariablesAOC2.xml
----------------- Instantiating /home/travis/build/icyphy/ptII/ptolemy/actor/lib/test/auto/PublisherSubscriberChannelVariablesAOC2.xml
2 ms. Memory: 1593344K Free: 1397741K (88%)
----------------- Invoking toplevel() on ptolemy.moml.MoMLSimpleApplication@22d709f3
----------------- Done invoking toplevel() on ptolemy.moml.MoMLSimpleApplication@22d709f3
reloadAllAccessors: .PublisherSubscriberChannelVariablesAOC2

===========================================================================================
----------------- testing Wed Jan 30 15:53:10 UTC 2019 /home/travis/build/icyphy/ptII/ptolemy/actor/lib/test/auto/PublisherSubscriberD3.xml
----------------- Instantiating /home/travis/build/icyphy/ptII/ptolemy/actor/lib/test/auto/PublisherSubscriberD3.xml
2 ms. Memory: 1593344K Free: 1385944K (87%)
----------------- Invoking toplevel() on ptolemy.moml.MoMLSimpleApplication@31c9928d
----------------- Done invoking toplevel() on ptolemy.moml.MoMLSimpleApplication@31c9928d
reloadAllAccessors: .PublisherSubscriberD3

===========================================================================================
----------------- testing Wed Jan 30 15:53:10 UTC 2019 /home/travis/build/icyphy/ptII/ptolemy/actor/lib/test/auto/PublisherSubscriberD3Reverse.xml
----------------- Instantiating /home/travis/build/icyphy/ptII/ptolemy/actor/lib/test/auto/PublisherSubscriberD3Reverse.xml
1 ms. Memory: 1593344K Free: 1369092K (86%)
----------------- Invoking toplevel() on ptolemy.moml.MoMLSimpleApplication@657c9f85
----------------- Done invoking toplevel() on ptolemy.moml.MoMLSimpleApplication@657c9f85
reloadAllAccessors: .PublisherSubscriberD3Reverse

===========================================================================================
----------------- testing Wed Jan 30 15:53:10 UTC 2019 /home/travis/build/icyphy/ptII/ptolemy/actor/lib/test/auto/PublisherSubscriberExpression.xml
----------------- Instantiating /home/travis/build/icyphy/ptII/ptolemy/actor/lib/test/auto/PublisherSubscriberExpression.xml
5 ms. Memory: 1593344K Free: 1351389K (85%)
----------------- Invoking toplevel() on ptolemy.moml.MoMLSimpleApplication@2bdc0543
----------------- Done invoking toplevel() on ptolemy.moml.MoMLSimpleApplication@2bdc0543
reloadAllAccessors: .PublisherSubscriberExpression

===========================================================================================
----------------- testing Wed Jan 30 15:53:10 UTC 2019 /home/travis/build/icyphy/ptII/ptolemy/actor/lib/test/auto/PublisherSubscriberOpaque.xml
----------------- Instantiating /home/travis/build/icyphy/ptII/ptolemy/actor/lib/test/auto/PublisherSubscriberOpaque.xml
3 ms. Memory: 1593344K Free: 1334537K (84%)
----------------- Invoking toplevel() on ptolemy.moml.MoMLSimpleApplication@5f3b91e5
----------------- Done invoking toplevel() on ptolemy.moml.MoMLSimpleApplication@5f3b91e5
reloadAllAccessors: .PublisherSubscriberOpaque

===========================================================================================
----------------- testing Wed Jan 30 15:53:10 UTC 2019 /home/travis/build/icyphy/ptII/ptolemy/actor/lib/test/auto/PublisherSubscriberOpaqueD3.xml
----------------- Instantiating /home/travis/build/icyphy/ptII/ptolemy/actor/lib/test/auto/PublisherSubscriberOpaqueD3.xml
4 ms. Memory: 1593344K Free: 1316826K (83%)
----------------- Invoking toplevel() on ptolemy.moml.MoMLSimpleApplication@1da545d1
----------------- Done invoking toplevel() on ptolemy.moml.MoMLSimpleApplication@1da545d1
reloadAllAccessors: .PublisherSubscriberOpaqueD3

===========================================================================================
----------------- testing Wed Jan 30 15:53:10 UTC 2019 /home/travis/build/icyphy/ptII/ptolemy/actor/lib/test/auto/PublisherSubscriberOpaqueD3Reverse.xml
----------------- Instantiating /home/travis/build/icyphy/ptII/ptolemy/actor/lib/test/auto/PublisherSubscriberOpaqueD3Reverse.xml
5 ms. Memory: 1593344K Free: 1294024K (81%)
----------------- Invoking toplevel() on ptolemy.moml.MoMLSimpleApplication@6f4fad43
----------------- Done invoking toplevel() on ptolemy.moml.MoMLSimpleApplication@6f4fad43
reloadAllAccessors: .PublisherSubscriberOpaqueD3Reverse

===========================================================================================
----------------- testing Wed Jan 30 15:53:10 UTC 2019 /home/travis/build/icyphy/ptII/ptolemy/actor/lib/test/auto/PublisherSubscriberOpaqueWidthInference.xml
----------------- Instantiating /home/travis/build/icyphy/ptII/ptolemy/actor/lib/test/auto/PublisherSubscriberOpaqueWidthInference.xml
3 ms. Memory: 1593344K Free: 1282228K (80%)
----------------- Invoking toplevel() on ptolemy.moml.MoMLSimpleApplication@158d09af
----------------- Done invoking toplevel() on ptolemy.moml.MoMLSimpleApplication@158d09af
reloadAllAccessors: .PublisherSubscriberOpaqueWidthInference

===========================================================================================
----------------- testing Wed Jan 30 15:53:10 UTC 2019 /home/travis/build/icyphy/ptII/ptolemy/actor/lib/test/auto/PublisherTestSubscriber.xml
----------------- Instantiating /home/travis/build/icyphy/ptII/ptolemy/actor/lib/test/auto/PublisherTestSubscriber.xml
2 ms. Memory: 1593344K Free: 1265376K (79%)
----------------- Invoking toplevel() on ptolemy.moml.MoMLSimpleApplication@6fefab93
----------------- Done invoking toplevel() on ptolemy.moml.MoMLSimpleApplication@6fefab93
reloadAllAccessors: .PublisherTestSubscriber

===========================================================================================
----------------- testing Wed Jan 30 15:53:10 UTC 2019 /home/travis/build/icyphy/ptII/ptolemy/actor/lib/test/auto/PublisherToplevelSubscriberPortAOC.xml
----------------- Instantiating /home/travis/build/icyphy/ptII/ptolemy/actor/lib/test/auto/PublisherToplevelSubscriberPortAOC.xml
1 ms. Memory: 1593344K Free: 1253579K (79%)
----------------- Invoking toplevel() on ptolemy.moml.MoMLSimpleApplication@77241fd7
----------------- Done invoking toplevel() on ptolemy.moml.MoMLSimpleApplication@77241fd7
reloadAllAccessors: .PublisherToplevelSubscriberPortAOC

===========================================================================================
----------------- testing Wed Jan 30 15:53:10 UTC 2019 /home/travis/build/icyphy/ptII/ptolemy/actor/lib/test/auto/PulseFiringLimitDE.xml
----------------- Instantiating /home/travis/build/icyphy/ptII/ptolemy/actor/lib/test/auto/PulseFiringLimitDE.xml
2 ms. Memory: 1593344K Free: 1236727K (78%)
----------------- Invoking toplevel() on ptolemy.moml.MoMLSimpleApplication@620dd7e4
----------------- Done invoking toplevel() on ptolemy.moml.MoMLSimpleApplication@620dd7e4
reloadAllAccessors: .PulseFiringLimitDE

===========================================================================================
----------------- testing Wed Jan 30 15:53:10 UTC 2019 /home/travis/build/icyphy/ptII/ptolemy/actor/lib/test/auto/Ramp1.xml
----------------- Instantiating /home/travis/build/icyphy/ptII/ptolemy/actor/lib/test/auto/Ramp1.xml
1 ms. Memory: 1593344K Free: 1224930K (77%)
----------------- Invoking toplevel() on ptolemy.moml.MoMLSimpleApplication@59520071
----------------- Done invoking toplevel() on ptolemy.moml.MoMLSimpleApplication@59520071
reloadAllAccessors: .Ramp1

===========================================================================================
----------------- testing Wed Jan 30 15:53:10 UTC 2019 /home/travis/build/icyphy/ptII/ptolemy/actor/lib/test/auto/RampFiringLimitDE.xml
----------------- Instantiating /home/travis/build/icyphy/ptII/ptolemy/actor/lib/test/auto/RampFiringLimitDE.xml
2 ms. Memory: 1593344K Free: 1208078K (76%)
----------------- Invoking toplevel() on ptolemy.moml.MoMLSimpleApplication@5184f609
----------------- Done invoking toplevel() on ptolemy.moml.MoMLSimpleApplication@5184f609
reloadAllAccessors: .RampFiringLimitDE

===========================================================================================
----------------- testing Wed Jan 30 15:53:10 UTC 2019 /home/travis/build/icyphy/ptII/ptolemy/actor/lib/test/auto/RampFiringLimitSDF.xml
----------------- Instantiating /home/travis/build/icyphy/ptII/ptolemy/actor/lib/test/auto/RampFiringLimitSDF.xml
1 ms. Memory: 1593344K Free: 1196282K (75%)
----------------- Invoking toplevel() on ptolemy.moml.MoMLSimpleApplication@186e56fd
----------------- Done invoking toplevel() on ptolemy.moml.MoMLSimpleApplication@186e56fd
reloadAllAccessors: .RampFiringLimitSDF

===========================================================================================
----------------- testing Wed Jan 30 15:53:10 UTC 2019 /home/travis/build/icyphy/ptII/ptolemy/actor/lib/test/auto/RandomInteger.xml
----------------- Instantiating /home/travis/build/icyphy/ptII/ptolemy/actor/lib/test/auto/RandomInteger.xml
1 ms. Memory: 1593344K Free: 1179430K (74%)
----------------- Invoking toplevel() on ptolemy.moml.MoMLSimpleApplication@1713a26a
----------------- Done invoking toplevel() on ptolemy.moml.MoMLSimpleApplication@1713a26a
reloadAllAccessors: .RandomInteger

===========================================================================================
----------------- testing Wed Jan 30 15:53:10 UTC 2019 /home/travis/build/icyphy/ptII/ptolemy/actor/lib/test/auto/ReadFile1.xml
----------------- Instantiating /home/travis/build/icyphy/ptII/ptolemy/actor/lib/test/auto/ReadFile1.xml
2 ms. Memory: 1593344K Free: 1167633K (73%)
----------------- Invoking toplevel() on ptolemy.moml.MoMLSimpleApplication@7f3776eb
----------------- Done invoking toplevel() on ptolemy.moml.MoMLSimpleApplication@7f3776eb
reloadAllAccessors: .ReadFile1

===========================================================================================
----------------- testing Wed Jan 30 15:53:10 UTC 2019 /home/travis/build/icyphy/ptII/ptolemy/actor/lib/test/auto/ReadFile2.xml
----------------- Instantiating /home/travis/build/icyphy/ptII/ptolemy/actor/lib/test/auto/ReadFile2.xml
0 ms. Memory: 1593344K Free: 1150781K (72%)
----------------- Invoking toplevel() on ptolemy.moml.MoMLSimpleApplication@69b593b
----------------- Done invoking toplevel() on ptolemy.moml.MoMLSimpleApplication@69b593b
reloadAllAccessors: .ReadFile2

===========================================================================================
----------------- testing Wed Jan 30 15:53:10 UTC 2019 /home/travis/build/icyphy/ptII/ptolemy/actor/lib/test/auto/Reader.xml
----------------- Instantiating /home/travis/build/icyphy/ptII/ptolemy/actor/lib/test/auto/Reader.xml
actor.lib.Reader is obsolete, use actor.lib.io.ExpressionReader instead
2 ms. Memory: 1593344K Free: 1138985K (71%)
----------------- Invoking toplevel() on ptolemy.moml.MoMLSimpleApplication@78d5e8f6
----------------- Done invoking toplevel() on ptolemy.moml.MoMLSimpleApplication@78d5e8f6
reloadAllAccessors: .Reader

===========================================================================================
----------------- testing Wed Jan 30 15:53:10 UTC 2019 /home/travis/build/icyphy/ptII/ptolemy/actor/lib/test/auto/RecordAssemblerDisplayNameTest.xml
----------------- Instantiating /home/travis/build/icyphy/ptII/ptolemy/actor/lib/test/auto/RecordAssemblerDisplayNameTest.xml
2687 ms. Memory: 1780736K Free: 1545104K (87%)
----------------- Invoking toplevel() on ptolemy.moml.MoMLSimpleApplication@66f63da8
----------------- Done invoking toplevel() on ptolemy.moml.MoMLSimpleApplication@66f63da8
reloadAllAccessors: .RecordAssemblerDisplayNameTest

===========================================================================================
----------------- testing Wed Jan 30 15:53:13 UTC 2019 /home/travis/build/icyphy/ptII/ptolemy/actor/lib/test/auto/RecordAssemblerTypeError.xml
----------------- Instantiating /home/travis/build/icyphy/ptII/ptolemy/actor/lib/test/auto/RecordAssemblerTypeError.xml
10 ms. Memory: 1780736K Free: 1517636K (85%)
----------------- Invoking toplevel() on ptolemy.moml.MoMLSimpleApplication@17d056c5
----------------- Done invoking toplevel() on ptolemy.moml.MoMLSimpleApplication@17d056c5
reloadAllAccessors: .RecordAssemblerTypeError

===========================================================================================
----------------- testing Wed Jan 30 15:53:13 UTC 2019 /home/travis/build/icyphy/ptII/ptolemy/actor/lib/test/auto/RecordDisassember.xml
----------------- Instantiating /home/travis/build/icyphy/ptII/ptolemy/actor/lib/test/auto/RecordDisassember.xml
6 ms. Memory: 1780736K Free: 1500184K (84%)
----------------- Invoking toplevel() on ptolemy.moml.MoMLSimpleApplication@145ed565
----------------- Done invoking toplevel() on ptolemy.moml.MoMLSimpleApplication@145ed565
reloadAllAccessors: .RecordDisassember

===========================================================================================
----------------- testing Wed Jan 30 15:53:13 UTC 2019 /home/travis/build/icyphy/ptII/ptolemy/actor/lib/test/auto/RecordDisassemberDisplayNameTest.xml
----------------- Instantiating /home/travis/build/icyphy/ptII/ptolemy/actor/lib/test/auto/RecordDisassemberDisplayNameTest.xml
4 ms. Memory: 1780736K Free: 1486864K (83%)
----------------- Invoking toplevel() on ptolemy.moml.MoMLSimpleApplication@2102a83
----------------- Done invoking toplevel() on ptolemy.moml.MoMLSimpleApplication@2102a83
reloadAllAccessors: .RecordDisassemberDisplayNameTest

===========================================================================================
----------------- testing Wed Jan 30 15:53:13 UTC 2019 /home/travis/build/icyphy/ptII/ptolemy/actor/lib/test/auto/RecordDisassembler.xml
----------------- Instantiating /home/travis/build/icyphy/ptII/ptolemy/actor/lib/test/auto/RecordDisassembler.xml
1 ms. Memory: 1780736K Free: 1469413K (83%)
----------------- Invoking toplevel() on ptolemy.moml.MoMLSimpleApplication@7b4b7ffd
----------------- Done invoking toplevel() on ptolemy.moml.MoMLSimpleApplication@7b4b7ffd
reloadAllAccessors: .RecordDisassembler

===========================================================================================
----------------- testing Wed Jan 30 15:53:13 UTC 2019 /home/travis/build/icyphy/ptII/ptolemy/actor/lib/test/auto/RecordDisassembler2.xml
----------------- Instantiating /home/travis/build/icyphy/ptII/ptolemy/actor/lib/test/auto/RecordDisassembler2.xml
2 ms. Memory: 1780736K Free: 1456093K (82%)
----------------- Invoking toplevel() on ptolemy.moml.MoMLSimpleApplication@4dfed181
----------------- Done invoking toplevel() on ptolemy.moml.MoMLSimpleApplication@4dfed181
reloadAllAccessors: .RecordDisassembler2

===========================================================================================
----------------- testing Wed Jan 30 15:53:13 UTC 2019 /home/travis/build/icyphy/ptII/ptolemy/actor/lib/test/auto/RecordUpdater.xml
----------------- Instantiating /home/travis/build/icyphy/ptII/ptolemy/actor/lib/test/auto/RecordUpdater.xml
1 ms. Memory: 1780736K Free: 1438641K (81%)
----------------- Invoking toplevel() on ptolemy.moml.MoMLSimpleApplication@3fa2dae8
----------------- Done invoking toplevel() on ptolemy.moml.MoMLSimpleApplication@3fa2dae8
reloadAllAccessors: .RecordUpdater

===========================================================================================
----------------- testing Wed Jan 30 15:53:13 UTC 2019 /home/travis/build/icyphy/ptII/ptolemy/actor/lib/test/auto/RecordUpdater2.xml
----------------- Instantiating /home/travis/build/icyphy/ptII/ptolemy/actor/lib/test/auto/RecordUpdater2.xml
2 ms. Memory: 1780736K Free: 1421190K (80%)
----------------- Invoking toplevel() on ptolemy.moml.MoMLSimpleApplication@4ee153cb
----------------- Done invoking toplevel() on ptolemy.moml.MoMLSimpleApplication@4ee153cb
reloadAllAccessors: .RecordUpdater2

===========================================================================================
----------------- testing Wed Jan 30 15:53:13 UTC 2019 /home/travis/build/icyphy/ptII/ptolemy/actor/lib/test/auto/RecursiveLattice.xml
----------------- Instantiating /home/travis/build/icyphy/ptII/ptolemy/actor/lib/test/auto/RecursiveLattice.xml
1 ms. Memory: 1780736K Free: 1407870K (79%)
----------------- Invoking toplevel() on ptolemy.moml.MoMLSimpleApplication@11a19290
----------------- Done invoking toplevel() on ptolemy.moml.MoMLSimpleApplication@11a19290
reloadAllAccessors: .RecursiveLattice

===========================================================================================
----------------- testing Wed Jan 30 15:53:13 UTC 2019 /home/travis/build/icyphy/ptII/ptolemy/actor/lib/test/auto/Router.xml
----------------- Instantiating /home/travis/build/icyphy/ptII/ptolemy/actor/lib/test/auto/Router.xml
3003 ms. Memory: 1780736K Free: 1390418K (78%)
----------------- Invoking toplevel() on ptolemy.moml.MoMLSimpleApplication@4a210e52
----------------- Done invoking toplevel() on ptolemy.moml.MoMLSimpleApplication@4a210e52
reloadAllAccessors: .Router

===========================================================================================
----------------- testing Wed Jan 30 15:53:16 UTC 2019 /home/travis/build/icyphy/ptII/ptolemy/actor/lib/test/auto/Router2.xml
----------------- Instantiating /home/travis/build/icyphy/ptII/ptolemy/actor/lib/test/auto/Router2.xml
3003 ms. Memory: 1780736K Free: 1377098K (77%)
----------------- Invoking toplevel() on ptolemy.moml.MoMLSimpleApplication@7d123a28
----------------- Done invoking toplevel() on ptolemy.moml.MoMLSimpleApplication@7d123a28
reloadAllAccessors: .Router2

===========================================================================================
----------------- testing Wed Jan 30 15:53:19 UTC 2019 /home/travis/build/icyphy/ptII/ptolemy/actor/lib/test/auto/RunningMaximum.xml
----------------- Instantiating /home/travis/build/icyphy/ptII/ptolemy/actor/lib/test/auto/RunningMaximum.xml
1 ms. Memory: 1780736K Free: 1359647K (76%)
----------------- Invoking toplevel() on ptolemy.moml.MoMLSimpleApplication@7af356bd
----------------- Done invoking toplevel() on ptolemy.moml.MoMLSimpleApplication@7af356bd
reloadAllAccessors: .RunningMaximum

===========================================================================================
----------------- testing Wed Jan 30 15:53:19 UTC 2019 /home/travis/build/icyphy/ptII/ptolemy/actor/lib/test/auto/RunningMinimum.xml
----------------- Instantiating /home/travis/build/icyphy/ptII/ptolemy/actor/lib/test/auto/RunningMinimum.xml
1 ms. Memory: 1780736K Free: 1342196K (75%)
----------------- Invoking toplevel() on ptolemy.moml.MoMLSimpleApplication@789803b0
----------------- Done invoking toplevel() on ptolemy.moml.MoMLSimpleApplication@789803b0
reloadAllAccessors: .RunningMinimum

===========================================================================================
----------------- testing Wed Jan 30 15:53:19 UTC 2019 /home/travis/build/icyphy/ptII/ptolemy/actor/lib/test/auto/Scale.xml
----------------- Instantiating /home/travis/build/icyphy/ptII/ptolemy/actor/lib/test/auto/Scale.xml
1 ms. Memory: 1780736K Free: 1328875K (75%)
----------------- Invoking toplevel() on ptolemy.moml.MoMLSimpleApplication@693c7d8a
----------------- Done invoking toplevel() on ptolemy.moml.MoMLSimpleApplication@693c7d8a
reloadAllAccessors: .Scale

===========================================================================================
----------------- testing Wed Jan 30 15:53:19 UTC 2019 /home/travis/build/icyphy/ptII/ptolemy/actor/lib/test/auto/Scale2.xml
----------------- Instantiating /home/travis/build/icyphy/ptII/ptolemy/actor/lib/test/auto/Scale2.xml
2 ms. Memory: 1780736K Free: 1311424K (74%)
----------------- Invoking toplevel() on ptolemy.moml.MoMLSimpleApplication@1d23fcab
----------------- Done invoking toplevel() on ptolemy.moml.MoMLSimpleApplication@1d23fcab
reloadAllAccessors: .Scale2

===========================================================================================
----------------- testing Wed Jan 30 15:53:19 UTC 2019 /home/travis/build/icyphy/ptII/ptolemy/actor/lib/test/auto/Scale3.xml
----------------- Instantiating /home/travis/build/icyphy/ptII/ptolemy/actor/lib/test/auto/Scale3.xml
2 ms. Memory: 1780736K Free: 1298104K (73%)
----------------- Invoking toplevel() on ptolemy.moml.MoMLSimpleApplication@35af2f65
----------------- Done invoking toplevel() on ptolemy.moml.MoMLSimpleApplication@35af2f65
reloadAllAccessors: .Scale3

===========================================================================================
----------------- testing Wed Jan 30 15:53:19 UTC 2019 /home/travis/build/icyphy/ptII/ptolemy/actor/lib/test/auto/ScaleArray.xml
----------------- Instantiating /home/travis/build/icyphy/ptII/ptolemy/actor/lib/test/auto/ScaleArray.xml
2 ms. Memory: 1780736K Free: 1280652K (72%)
----------------- Invoking toplevel() on ptolemy.moml.MoMLSimpleApplication@3e76ca4b
----------------- Done invoking toplevel() on ptolemy.moml.MoMLSimpleApplication@3e76ca4b
reloadAllAccessors: .ScaleArray

===========================================================================================
----------------- testing Wed Jan 30 15:53:19 UTC 2019 /home/travis/build/icyphy/ptII/ptolemy/actor/lib/test/auto/ScaleArray2.xml
----------------- Instantiating /home/travis/build/icyphy/ptII/ptolemy/actor/lib/test/auto/ScaleArray2.xml
1 ms. Memory: 1780736K Free: 1263201K (71%)
----------------- Invoking toplevel() on ptolemy.moml.MoMLSimpleApplication@35eeb5e0
----------------- Done invoking toplevel() on ptolemy.moml.MoMLSimpleApplication@35eeb5e0
reloadAllAccessors: .ScaleArray2

===========================================================================================
----------------- testing Wed Jan 30 15:53:19 UTC 2019 /home/travis/build/icyphy/ptII/ptolemy/actor/lib/test/auto/ScaleMatrix.xml
----------------- Instantiating /home/travis/build/icyphy/ptII/ptolemy/actor/lib/test/auto/ScaleMatrix.xml
111 ms. Memory: 1780736K Free: 1243221K (70%)
----------------- Invoking toplevel() on ptolemy.moml.MoMLSimpleApplication@8feace5
----------------- Done invoking toplevel() on ptolemy.moml.MoMLSimpleApplication@8feace5
reloadAllAccessors: .ScaleMatrix

===========================================================================================
----------------- testing Wed Jan 30 15:53:20 UTC 2019 /home/travis/build/icyphy/ptII/ptolemy/actor/lib/test/auto/Select.xml
----------------- Instantiating /home/travis/build/icyphy/ptII/ptolemy/actor/lib/test/auto/Select.xml
2 ms. Memory: 1780736K Free: 1225769K (69%)
----------------- Invoking toplevel() on ptolemy.moml.MoMLSimpleApplication@31bf2108
----------------- Done invoking toplevel() on ptolemy.moml.MoMLSimpleApplication@31bf2108
reloadAllAccessors: .Select

===========================================================================================
----------------- testing Wed Jan 30 15:53:20 UTC 2019 /home/travis/build/icyphy/ptII/ptolemy/actor/lib/test/auto/Select2.xml
----------------- Instantiating /home/travis/build/icyphy/ptII/ptolemy/actor/lib/test/auto/Select2.xml
0 ms. Memory: 1780736K Free: 1212449K (68%)
----------------- Invoking toplevel() on ptolemy.moml.MoMLSimpleApplication@1055e0e8
----------------- Done invoking toplevel() on ptolemy.moml.MoMLSimpleApplication@1055e0e8
reloadAllAccessors: .Select2

===========================================================================================
----------------- testing Wed Jan 30 15:53:20 UTC 2019 /home/travis/build/icyphy/ptII/ptolemy/actor/lib/test/auto/SequenceToArray2.xml
----------------- Instantiating /home/travis/build/icyphy/ptII/ptolemy/actor/lib/test/auto/SequenceToArray2.xml
63 ms. Memory: 1780736K Free: 1128388K (63%)
----------------- Invoking toplevel() on ptolemy.moml.MoMLSimpleApplication@7794aa4b
----------------- Done invoking toplevel() on ptolemy.moml.MoMLSimpleApplication@7794aa4b
reloadAllAccessors: .SequenceToArray2

===========================================================================================
----------------- testing Wed Jan 30 15:53:20 UTC 2019 /home/travis/build/icyphy/ptII/ptolemy/actor/lib/test/auto/SequentialClock.xml
----------------- Instantiating /home/travis/build/icyphy/ptII/ptolemy/actor/lib/test/auto/SequentialClock.xml
1 ms. Memory: 1780736K Free: 1110937K (62%)
----------------- Invoking toplevel() on ptolemy.moml.MoMLSimpleApplication@ca4ee5
----------------- Done invoking toplevel() on ptolemy.moml.MoMLSimpleApplication@ca4ee5
reloadAllAccessors: .SequentialClock

===========================================================================================
----------------- testing Wed Jan 30 15:53:20 UTC 2019 /home/travis/build/icyphy/ptII/ptolemy/actor/lib/test/auto/SetVariable.xml
----------------- Instantiating /home/travis/build/icyphy/ptII/ptolemy/actor/lib/test/auto/SetVariable.xml
2 ms. Memory: 1780736K Free: 1097617K (62%)
----------------- Invoking toplevel() on ptolemy.moml.MoMLSimpleApplication@3555dfe4
----------------- Done invoking toplevel() on ptolemy.moml.MoMLSimpleApplication@3555dfe4
reloadAllAccessors: .SetVariable

===========================================================================================
----------------- testing Wed Jan 30 15:53:20 UTC 2019 /home/travis/build/icyphy/ptII/ptolemy/actor/lib/test/auto/SetVariable2.xml
----------------- Instantiating /home/travis/build/icyphy/ptII/ptolemy/actor/lib/test/auto/SetVariable2.xml
3 ms. Memory: 1780736K Free: 1080166K (61%)
----------------- Invoking toplevel() on ptolemy.moml.MoMLSimpleApplication@1a800a74
----------------- Done invoking toplevel() on ptolemy.moml.MoMLSimpleApplication@1a800a74
reloadAllAccessors: .SetVariable2

===========================================================================================
----------------- testing Wed Jan 30 15:53:20 UTC 2019 /home/travis/build/icyphy/ptII/ptolemy/actor/lib/test/auto/SetVariable3.xml
----------------- Instantiating /home/travis/build/icyphy/ptII/ptolemy/actor/lib/test/auto/SetVariable3.xml
7 ms. Memory: 1780736K Free: 1066845K (60%)
----------------- Invoking toplevel() on ptolemy.moml.MoMLSimpleApplication@3e8006a
----------------- Done invoking toplevel() on ptolemy.moml.MoMLSimpleApplication@3e8006a
reloadAllAccessors: .SetVariable3

===========================================================================================
----------------- testing Wed Jan 30 15:53:20 UTC 2019 /home/travis/build/icyphy/ptII/ptolemy/actor/lib/test/auto/SetVariable4.xml
----------------- Instantiating /home/travis/build/icyphy/ptII/ptolemy/actor/lib/test/auto/SetVariable4.xml
18 ms. Memory: 1780736K Free: 1002773K (56%)
----------------- Invoking toplevel() on ptolemy.moml.MoMLSimpleApplication@7723abe
----------------- Done invoking toplevel() on ptolemy.moml.MoMLSimpleApplication@7723abe
reloadAllAccessors: .SetVariable4

===========================================================================================
----------------- testing Wed Jan 30 15:53:20 UTC 2019 /home/travis/build/icyphy/ptII/ptolemy/actor/lib/test/auto/SetVariable5.xml
----------------- Instantiating /home/travis/build/icyphy/ptII/ptolemy/actor/lib/test/auto/SetVariable5.xml
13 ms. Memory: 1780736K Free: 985322K (55%)
----------------- Invoking toplevel() on ptolemy.moml.MoMLSimpleApplication@7cee737f
----------------- Done invoking toplevel() on ptolemy.moml.MoMLSimpleApplication@7cee737f
reloadAllAccessors: .SetVariable5

===========================================================================================
----------------- testing Wed Jan 30 15:53:20 UTC 2019 /home/travis/build/icyphy/ptII/ptolemy/actor/lib/test/auto/Sinewave.xml
----------------- Instantiating /home/travis/build/icyphy/ptII/ptolemy/actor/lib/test/auto/Sinewave.xml
3 ms. Memory: 1780736K Free: 965342K (54%)
----------------- Invoking toplevel() on ptolemy.moml.MoMLSimpleApplication@6578df6a
----------------- Done invoking toplevel() on ptolemy.moml.MoMLSimpleApplication@6578df6a
reloadAllAccessors: .Sinewave

===========================================================================================
----------------- testing Wed Jan 30 15:53:20 UTC 2019 /home/travis/build/icyphy/ptII/ptolemy/actor/lib/test/auto/Sinewave2.xml
----------------- Instantiating /home/travis/build/icyphy/ptII/ptolemy/actor/lib/test/auto/Sinewave2.xml
13 ms. Memory: 1780736K Free: 947890K (53%)
----------------- Invoking toplevel() on ptolemy.moml.MoMLSimpleApplication@5d645aa3
----------------- Done invoking toplevel() on ptolemy.moml.MoMLSimpleApplication@5d645aa3
reloadAllAccessors: .Sinewave2

===========================================================================================
----------------- testing Wed Jan 30 15:53:20 UTC 2019 /home/travis/build/icyphy/ptII/ptolemy/actor/lib/test/auto/Sinewave3.xml
----------------- Instantiating /home/travis/build/icyphy/ptII/ptolemy/actor/lib/test/auto/Sinewave3.xml
7 ms. Memory: 1780736K Free: 930439K (52%)
----------------- Invoking toplevel() on ptolemy.moml.MoMLSimpleApplication@391db057
----------------- Done invoking toplevel() on ptolemy.moml.MoMLSimpleApplication@391db057
reloadAllAccessors: .Sinewave3

===========================================================================================
----------------- testing Wed Jan 30 15:53:20 UTC 2019 /home/travis/build/icyphy/ptII/ptolemy/actor/lib/test/auto/SingleEvent.xml
----------------- Instantiating /home/travis/build/icyphy/ptII/ptolemy/actor/lib/test/auto/SingleEvent.xml
1 ms. Memory: 1780736K Free: 917119K (52%)
----------------- Invoking toplevel() on ptolemy.moml.MoMLSimpleApplication@1354766f
----------------- Done invoking toplevel() on ptolemy.moml.MoMLSimpleApplication@1354766f
reloadAllAccessors: .SingleEvent

===========================================================================================
----------------- testing Wed Jan 30 15:53:20 UTC 2019 /home/travis/build/icyphy/ptII/ptolemy/actor/lib/test/auto/Sleep.xml
----------------- Instantiating /home/travis/build/icyphy/ptII/ptolemy/actor/lib/test/auto/Sleep.xml
6003 ms. Memory: 1780736K Free: 899668K (51%)
----------------- Invoking toplevel() on ptolemy.moml.MoMLSimpleApplication@18e98263
----------------- Done invoking toplevel() on ptolemy.moml.MoMLSimpleApplication@18e98263
reloadAllAccessors: .Sleep

===========================================================================================
----------------- testing Wed Jan 30 15:53:26 UTC 2019 /home/travis/build/icyphy/ptII/ptolemy/actor/lib/test/auto/SleepMultipleFire.xml
----------------- Instantiating /home/travis/build/icyphy/ptII/ptolemy/actor/lib/test/auto/SleepMultipleFire.xml
1008 ms. Memory: 1780736K Free: 886347K (50%)
----------------- Invoking toplevel() on ptolemy.moml.MoMLSimpleApplication@2d8735e6
----------------- Done invoking toplevel() on ptolemy.moml.MoMLSimpleApplication@2d8735e6
reloadAllAccessors: .SleepMultipleFire

===========================================================================================
----------------- testing Wed Jan 30 15:53:27 UTC 2019 /home/travis/build/icyphy/ptII/ptolemy/actor/lib/test/auto/StopDE.xml
----------------- Instantiating /home/travis/build/icyphy/ptII/ptolemy/actor/lib/test/auto/StopDE.xml
2 ms. Memory: 1780736K Free: 868896K (49%)
----------------- Invoking toplevel() on ptolemy.moml.MoMLSimpleApplication@60de1aae
----------------- Done invoking toplevel() on ptolemy.moml.MoMLSimpleApplication@60de1aae
reloadAllAccessors: .StopDE

===========================================================================================
----------------- testing Wed Jan 30 15:53:27 UTC 2019 /home/travis/build/icyphy/ptII/ptolemy/actor/lib/test/auto/StopSDF.xml
----------------- Instantiating /home/travis/build/icyphy/ptII/ptolemy/actor/lib/test/auto/StopSDF.xml
1 ms. Memory: 1780736K Free: 851445K (48%)
----------------- Invoking toplevel() on ptolemy.moml.MoMLSimpleApplication@1e21161f
----------------- Done invoking toplevel() on ptolemy.moml.MoMLSimpleApplication@1e21161f
reloadAllAccessors: .StopSDF

===========================================================================================
----------------- testing Wed Jan 30 15:53:27 UTC 2019 /home/travis/build/icyphy/ptII/ptolemy/actor/lib/test/auto/StringConstant.xml
----------------- Instantiating /home/travis/build/icyphy/ptII/ptolemy/actor/lib/test/auto/StringConstant.xml
1 ms. Memory: 1780736K Free: 838125K (47%)
----------------- Invoking toplevel() on ptolemy.moml.MoMLSimpleApplication@cd8779f
----------------- Done invoking toplevel() on ptolemy.moml.MoMLSimpleApplication@cd8779f
reloadAllAccessors: .StringConstant

===========================================================================================
----------------- testing Wed Jan 30 15:53:27 UTC 2019 /home/travis/build/icyphy/ptII/ptolemy/actor/lib/test/auto/SubscriberPortInitialValues1.xml
----------------- Instantiating /home/travis/build/icyphy/ptII/ptolemy/actor/lib/test/auto/SubscriberPortInitialValues1.xml
4 ms. Memory: 1780736K Free: 820673K (46%)
----------------- Invoking toplevel() on ptolemy.moml.MoMLSimpleApplication@2ecc45cc
----------------- Done invoking toplevel() on ptolemy.moml.MoMLSimpleApplication@2ecc45cc
reloadAllAccessors: .SubscriberPortInitialValues1

===========================================================================================
----------------- testing Wed Jan 30 15:53:27 UTC 2019 /home/travis/build/icyphy/ptII/ptolemy/actor/lib/test/auto/SubscriberPortInitialValues13.xml
----------------- Instantiating /home/travis/build/icyphy/ptII/ptolemy/actor/lib/test/auto/SubscriberPortInitialValues13.xml
4 ms. Memory: 1780736K Free: 800685K (45%)
----------------- Invoking toplevel() on ptolemy.moml.MoMLSimpleApplication@4877f70
----------------- Done invoking toplevel() on ptolemy.moml.MoMLSimpleApplication@4877f70
reloadAllAccessors: .SubscriberPortInitialValues13

===========================================================================================
----------------- testing Wed Jan 30 15:53:27 UTC 2019 /home/travis/build/icyphy/ptII/ptolemy/actor/lib/test/auto/SubscriberPortInitialValues14.xml
----------------- Instantiating /home/travis/build/icyphy/ptII/ptolemy/actor/lib/test/auto/SubscriberPortInitialValues14.xml
3 ms. Memory: 1780736K Free: 783234K (44%)
----------------- Invoking toplevel() on ptolemy.moml.MoMLSimpleApplication@60017f39
----------------- Done invoking toplevel() on ptolemy.moml.MoMLSimpleApplication@60017f39
reloadAllAccessors: .SubscriberPortInitialValues14

===========================================================================================
----------------- testing Wed Jan 30 15:53:27 UTC 2019 /home/travis/build/icyphy/ptII/ptolemy/actor/lib/test/auto/SubscriberPortInitialValues2.xml
----------------- Instantiating /home/travis/build/icyphy/ptII/ptolemy/actor/lib/test/auto/SubscriberPortInitialValues2.xml
3 ms. Memory: 1780736K Free: 765782K (43%)
----------------- Invoking toplevel() on ptolemy.moml.MoMLSimpleApplication@23558215
----------------- Done invoking toplevel() on ptolemy.moml.MoMLSimpleApplication@23558215
reloadAllAccessors: .SubscriberPortInitialValues2

===========================================================================================
----------------- testing Wed Jan 30 15:53:27 UTC 2019 /home/travis/build/icyphy/ptII/ptolemy/actor/lib/test/auto/SubscriberPortInitialValues3.xml
----------------- Instantiating /home/travis/build/icyphy/ptII/ptolemy/actor/lib/test/auto/SubscriberPortInitialValues3.xml
4 ms. Memory: 1780736K Free: 745786K (42%)
----------------- Invoking toplevel() on ptolemy.moml.MoMLSimpleApplication@79cd9191
----------------- Done invoking toplevel() on ptolemy.moml.MoMLSimpleApplication@79cd9191
reloadAllAccessors: .SubscriberPortInitialValues3

===========================================================================================
----------------- testing Wed Jan 30 15:53:27 UTC 2019 /home/travis/build/icyphy/ptII/ptolemy/actor/lib/test/auto/SubscriptionAggregator.xml
----------------- Instantiating /home/travis/build/icyphy/ptII/ptolemy/actor/lib/test/auto/SubscriptionAggregator.xml
2 ms. Memory: 1780736K Free: 728335K (41%)
----------------- Invoking toplevel() on ptolemy.moml.MoMLSimpleApplication@12dc6317
----------------- Done invoking toplevel() on ptolemy.moml.MoMLSimpleApplication@12dc6317
reloadAllAccessors: .SubscriptionAggregator

===========================================================================================
----------------- testing Wed Jan 30 15:53:27 UTC 2019 /home/travis/build/icyphy/ptII/ptolemy/actor/lib/test/auto/SubscriptionAggregator2.xml
----------------- Instantiating /home/travis/build/icyphy/ptII/ptolemy/actor/lib/test/auto/SubscriptionAggregator2.xml
2 ms. Memory: 1780736K Free: 715014K (40%)
----------------- Invoking toplevel() on ptolemy.moml.MoMLSimpleApplication@5e5079d1
----------------- Done invoking toplevel() on ptolemy.moml.MoMLSimpleApplication@5e5079d1
reloadAllAccessors: .SubscriptionAggregator2

===========================================================================================
----------------- testing Wed Jan 30 15:53:27 UTC 2019 /home/travis/build/icyphy/ptII/ptolemy/actor/lib/test/auto/SubscriptionAggregator3.xml
----------------- Instantiating /home/travis/build/icyphy/ptII/ptolemy/actor/lib/test/auto/SubscriptionAggregator3.xml
2 ms. Memory: 1780736K Free: 697563K (39%)
----------------- Invoking toplevel() on ptolemy.moml.MoMLSimpleApplication@75789a7d
----------------- Done invoking toplevel() on ptolemy.moml.MoMLSimpleApplication@75789a7d
reloadAllAccessors: .SubscriptionAggregator3

===========================================================================================
----------------- testing Wed Jan 30 15:53:27 UTC 2019 /home/travis/build/icyphy/ptII/ptolemy/actor/lib/test/auto/SubscriptionAggregatorMultiply.xml
----------------- Instantiating /home/travis/build/icyphy/ptII/ptolemy/actor/lib/test/auto/SubscriptionAggregatorMultiply.xml
2 ms. Memory: 1780736K Free: 680112K (38%)
----------------- Invoking toplevel() on ptolemy.moml.MoMLSimpleApplication@16b892d2
----------------- Done invoking toplevel() on ptolemy.moml.MoMLSimpleApplication@16b892d2
reloadAllAccessors: .SubscriptionAggregatorMultiply

===========================================================================================
----------------- testing Wed Jan 30 15:53:27 UTC 2019 /home/travis/build/icyphy/ptII/ptolemy/actor/lib/test/auto/SubscriptionAggregatorPortMultiply1.xml
----------------- Instantiating /home/travis/build/icyphy/ptII/ptolemy/actor/lib/test/auto/SubscriptionAggregatorPortMultiply1.xml
2 ms. Memory: 1780736K Free: 666792K (37%)
----------------- Invoking toplevel() on ptolemy.moml.MoMLSimpleApplication@7595e130
----------------- Done invoking toplevel() on ptolemy.moml.MoMLSimpleApplication@7595e130
reloadAllAccessors: .SubscriptionAggregatorPortMultiply1

===========================================================================================
----------------- testing Wed Jan 30 15:53:27 UTC 2019 /home/travis/build/icyphy/ptII/ptolemy/actor/lib/test/auto/Switch.xml
----------------- Instantiating /home/travis/build/icyphy/ptII/ptolemy/actor/lib/test/auto/Switch.xml
2 ms. Memory: 1780736K Free: 609380K (34%)
----------------- Invoking toplevel() on ptolemy.moml.MoMLSimpleApplication@616fac00
----------------- Done invoking toplevel() on ptolemy.moml.MoMLSimpleApplication@616fac00
reloadAllAccessors: .Switch

===========================================================================================
----------------- testing Wed Jan 30 15:53:27 UTC 2019 /home/travis/build/icyphy/ptII/ptolemy/actor/lib/test/auto/Switch2.xml
----------------- Instantiating /home/travis/build/icyphy/ptII/ptolemy/actor/lib/test/auto/Switch2.xml
1 ms. Memory: 1780736K Free: 596059K (33%)
----------------- Invoking toplevel() on ptolemy.moml.MoMLSimpleApplication@57ab2f47
----------------- Done invoking toplevel() on ptolemy.moml.MoMLSimpleApplication@57ab2f47
reloadAllAccessors: .Switch2

===========================================================================================
----------------- testing Wed Jan 30 15:53:27 UTC 2019 /home/travis/build/icyphy/ptII/ptolemy/actor/lib/test/auto/SwitchDE.xml
----------------- Instantiating /home/travis/build/icyphy/ptII/ptolemy/actor/lib/test/auto/SwitchDE.xml
1 ms. Memory: 1780736K Free: 578608K (32%)
----------------- Invoking toplevel() on ptolemy.moml.MoMLSimpleApplication@1a8e4f19
----------------- Done invoking toplevel() on ptolemy.moml.MoMLSimpleApplication@1a8e4f19
reloadAllAccessors: .SwitchDE

===========================================================================================
----------------- testing Wed Jan 30 15:53:27 UTC 2019 /home/travis/build/icyphy/ptII/ptolemy/actor/lib/test/auto/SynchronizerDE.xml
----------------- Instantiating /home/travis/build/icyphy/ptII/ptolemy/actor/lib/test/auto/SynchronizerDE.xml
7 ms. Memory: 1780736K Free: 561157K (32%)
----------------- Invoking toplevel() on ptolemy.moml.MoMLSimpleApplication@795eb591
----------------- Done invoking toplevel() on ptolemy.moml.MoMLSimpleApplication@795eb591
reloadAllAccessors: .SynchronizerDE

===========================================================================================
----------------- testing Wed Jan 30 15:53:27 UTC 2019 /home/travis/build/icyphy/ptII/ptolemy/actor/lib/test/auto/Test.xml
----------------- Instantiating /home/travis/build/icyphy/ptII/ptolemy/actor/lib/test/auto/Test.xml
2 ms. Memory: 1780736K Free: 547836K (31%)
----------------- Invoking toplevel() on ptolemy.moml.MoMLSimpleApplication@413a49f8
----------------- Done invoking toplevel() on ptolemy.moml.MoMLSimpleApplication@413a49f8
reloadAllAccessors: .Test

===========================================================================================
----------------- testing Wed Jan 30 15:53:27 UTC 2019 /home/travis/build/icyphy/ptII/ptolemy/actor/lib/test/auto/TestExceptionAttribute1.xml
----------------- Instantiating /home/travis/build/icyphy/ptII/ptolemy/actor/lib/test/auto/TestExceptionAttribute1.xml
1 ms. Memory: 1780736K Free: 530385K (30%)
----------------- Invoking toplevel() on ptolemy.moml.MoMLSimpleApplication@398004d4
----------------- Done invoking toplevel() on ptolemy.moml.MoMLSimpleApplication@398004d4
reloadAllAccessors: .TestExceptionAttribute1

===========================================================================================
----------------- testing Wed Jan 30 15:53:27 UTC 2019 /home/travis/build/icyphy/ptII/ptolemy/actor/lib/test/auto/TestExceptionAttribute2.xml
----------------- Instantiating /home/travis/build/icyphy/ptII/ptolemy/actor/lib/test/auto/TestExceptionAttribute2.xml
1 ms. Memory: 1780736K Free: 517065K (29%)
----------------- Invoking toplevel() on ptolemy.moml.MoMLSimpleApplication@2ba6d6cf
----------------- Done invoking toplevel() on ptolemy.moml.MoMLSimpleApplication@2ba6d6cf
reloadAllAccessors: .TestExceptionAttribute2

===========================================================================================
----------------- testing Wed Jan 30 15:53:27 UTC 2019 /home/travis/build/icyphy/ptII/ptolemy/actor/lib/test/auto/TestExceptionAttribute3.xml
----------------- Instantiating /home/travis/build/icyphy/ptII/ptolemy/actor/lib/test/auto/TestExceptionAttribute3.xml
.TestExceptionAttribute3.TestExceptionAttribute: initialize() was not invoked, but wrapup() was.  This is unusual, but not always a problem.  For example, exporting JNLP will do this.
1 ms. Memory: 1780736K Free: 499614K (28%)
----------------- Invoking toplevel() on ptolemy.moml.MoMLSimpleApplication@61a16507
----------------- Done invoking toplevel() on ptolemy.moml.MoMLSimpleApplication@61a16507
reloadAllAccessors: .TestExceptionAttribute3

===========================================================================================
----------------- testing Wed Jan 30 15:53:27 UTC 2019 /home/travis/build/icyphy/ptII/ptolemy/actor/lib/test/auto/TestExceptionAttribute4.xml
----------------- Instantiating /home/travis/build/icyphy/ptII/ptolemy/actor/lib/test/auto/TestExceptionAttribute4.xml
.TestExceptionAttribute4.TestExceptionAttribute: initialize() was not invoked, but wrapup() was.  This is unusual, but not always a problem.  For example, exporting JNLP will do this.
.TestExceptionAttribute4.TestExceptionAttribute2: initialize() was not invoked, but wrapup() was.  This is unusual, but not always a problem.  For example, exporting JNLP will do this.
0 ms. Memory: 1780736K Free: 482162K (27%)
----------------- Invoking toplevel() on ptolemy.moml.MoMLSimpleApplication@3aadb915
----------------- Done invoking toplevel() on ptolemy.moml.MoMLSimpleApplication@3aadb915
reloadAllAccessors: .TestExceptionAttribute4

===========================================================================================
----------------- testing Wed Jan 30 15:53:27 UTC 2019 /home/travis/build/icyphy/ptII/ptolemy/actor/lib/test/auto/TestExceptionHandler1.xml
----------------- Instantiating /home/travis/build/icyphy/ptII/ptolemy/actor/lib/test/auto/TestExceptionHandler1.xml
0 ms. Memory: 1780736K Free: 468842K (26%)
----------------- Invoking toplevel() on ptolemy.moml.MoMLSimpleApplication@578754bd
----------------- Done invoking toplevel() on ptolemy.moml.MoMLSimpleApplication@578754bd
reloadAllAccessors: .TestExceptionHandler1

===========================================================================================
----------------- testing Wed Jan 30 15:53:27 UTC 2019 /home/travis/build/icyphy/ptII/ptolemy/actor/lib/test/auto/TestExceptionHandler2.xml
----------------- Instantiating /home/travis/build/icyphy/ptII/ptolemy/actor/lib/test/auto/TestExceptionHandler2.xml
1 ms. Memory: 1780736K Free: 451390K (25%)
----------------- Invoking toplevel() on ptolemy.moml.MoMLSimpleApplication@53a663af
----------------- Done invoking toplevel() on ptolemy.moml.MoMLSimpleApplication@53a663af
reloadAllAccessors: .TestExceptionHandler2

===========================================================================================
----------------- testing Wed Jan 30 15:53:27 UTC 2019 /home/travis/build/icyphy/ptII/ptolemy/actor/lib/test/auto/TestExceptionHandler3.xml
----------------- Instantiating /home/travis/build/icyphy/ptII/ptolemy/actor/lib/test/auto/TestExceptionHandler3.xml
0 ms. Memory: 1780736K Free: 438070K (25%)
----------------- Invoking toplevel() on ptolemy.moml.MoMLSimpleApplication@78a1215
----------------- Done invoking toplevel() on ptolemy.moml.MoMLSimpleApplication@78a1215
reloadAllAccessors: .TestExceptionHandler3

===========================================================================================
----------------- testing Wed Jan 30 15:53:27 UTC 2019 /home/travis/build/icyphy/ptII/ptolemy/actor/lib/test/auto/TestExceptionHandler4.xml
----------------- Instantiating /home/travis/build/icyphy/ptII/ptolemy/actor/lib/test/auto/TestExceptionHandler4.xml
0 ms. Memory: 1780736K Free: 420619K (24%)
----------------- Invoking toplevel() on ptolemy.moml.MoMLSimpleApplication@32c3e0e2
----------------- Done invoking toplevel() on ptolemy.moml.MoMLSimpleApplication@32c3e0e2
reloadAllAccessors: .TestExceptionHandler4

===========================================================================================
----------------- testing Wed Jan 30 15:53:27 UTC 2019 /home/travis/build/icyphy/ptII/ptolemy/actor/lib/test/auto/TestRequireCorrectOrder.xml
----------------- Instantiating /home/travis/build/icyphy/ptII/ptolemy/actor/lib/test/auto/TestRequireCorrectOrder.xml
1 ms. Memory: 1780736K Free: 403168K (23%)
----------------- Invoking toplevel() on ptolemy.moml.MoMLSimpleApplication@796c4f3f
----------------- Done invoking toplevel() on ptolemy.moml.MoMLSimpleApplication@796c4f3f
reloadAllAccessors: .TestRequireCorrectOrder

===========================================================================================
----------------- testing Wed Jan 30 15:53:27 UTC 2019 /home/travis/build/icyphy/ptII/ptolemy/actor/lib/test/auto/TestSimple.xml
----------------- Instantiating /home/travis/build/icyphy/ptII/ptolemy/actor/lib/test/auto/TestSimple.xml
0 ms. Memory: 1780736K Free: 389847K (22%)
----------------- Invoking toplevel() on ptolemy.moml.MoMLSimpleApplication@38af943b
----------------- Done invoking toplevel() on ptolemy.moml.MoMLSimpleApplication@38af943b
reloadAllAccessors: .TestSimple

===========================================================================================
----------------- testing Wed Jan 30 15:53:27 UTC 2019 /home/travis/build/icyphy/ptII/ptolemy/actor/lib/test/auto/ThrowModelError.xml
----------------- Instantiating /home/travis/build/icyphy/ptII/ptolemy/actor/lib/test/auto/ThrowModelError.xml
0 ms. Memory: 1780736K Free: 372396K (21%)
----------------- Invoking toplevel() on ptolemy.moml.MoMLSimpleApplication@20a10b84
----------------- Done invoking toplevel() on ptolemy.moml.MoMLSimpleApplication@20a10b84
reloadAllAccessors: .ThrowModelError

===========================================================================================
----------------- testing Wed Jan 30 15:53:27 UTC 2019 /home/travis/build/icyphy/ptII/ptolemy/actor/lib/test/auto/TimeDelayMicrosteps.xml
----------------- Instantiating /home/travis/build/icyphy/ptII/ptolemy/actor/lib/test/auto/TimeDelayMicrosteps.xml
2 ms. Memory: 1780736K Free: 359076K (20%)
----------------- Invoking toplevel() on ptolemy.moml.MoMLSimpleApplication@5b4524d3
----------------- Done invoking toplevel() on ptolemy.moml.MoMLSimpleApplication@5b4524d3
reloadAllAccessors: .TimeDelayMicrosteps

===========================================================================================
----------------- testing Wed Jan 30 15:53:27 UTC 2019 /home/travis/build/icyphy/ptII/ptolemy/actor/lib/test/auto/TimeDelayMicrosteps2.xml
----------------- Instantiating /home/travis/build/icyphy/ptII/ptolemy/actor/lib/test/auto/TimeDelayMicrosteps2.xml
2 ms. Memory: 1780736K Free: 341624K (19%)
----------------- Invoking toplevel() on ptolemy.moml.MoMLSimpleApplication@ad80227
----------------- Done invoking toplevel() on ptolemy.moml.MoMLSimpleApplication@ad80227
reloadAllAccessors: .TimeDelayMicrosteps2

===========================================================================================
----------------- testing Wed Jan 30 15:53:27 UTC 2019 /home/travis/build/icyphy/ptII/ptolemy/actor/lib/test/auto/TimeDelayMicrosteps3.xml
----------------- Instantiating /home/travis/build/icyphy/ptII/ptolemy/actor/lib/test/auto/TimeDelayMicrosteps3.xml
2 ms. Memory: 1780736K Free: 324173K (18%)
----------------- Invoking toplevel() on ptolemy.moml.MoMLSimpleApplication@582c5eb5
----------------- Done invoking toplevel() on ptolemy.moml.MoMLSimpleApplication@582c5eb5
reloadAllAccessors: .TimeDelayMicrosteps3

===========================================================================================
----------------- testing Wed Jan 30 15:53:27 UTC 2019 /home/travis/build/icyphy/ptII/ptolemy/actor/lib/test/auto/TimeDelayVariableMicrosteps.xml
----------------- Instantiating /home/travis/build/icyphy/ptII/ptolemy/actor/lib/test/auto/TimeDelayVariableMicrosteps.xml
1 ms. Memory: 1780736K Free: 310853K (17%)
----------------- Invoking toplevel() on ptolemy.moml.MoMLSimpleApplication@1a597ba7
----------------- Done invoking toplevel() on ptolemy.moml.MoMLSimpleApplication@1a597ba7
reloadAllAccessors: .TimeDelayVariableMicrosteps

===========================================================================================
----------------- testing Wed Jan 30 15:53:27 UTC 2019 /home/travis/build/icyphy/ptII/ptolemy/actor/lib/test/auto/TimeGap.xml
----------------- Instantiating /home/travis/build/icyphy/ptII/ptolemy/actor/lib/test/auto/TimeGap.xml
1 ms. Memory: 1780736K Free: 293402K (16%)
----------------- Invoking toplevel() on ptolemy.moml.MoMLSimpleApplication@26fe58b0
----------------- Done invoking toplevel() on ptolemy.moml.MoMLSimpleApplication@26fe58b0
reloadAllAccessors: .TimeGap

===========================================================================================
----------------- testing Wed Jan 30 15:53:27 UTC 2019 /home/travis/build/icyphy/ptII/ptolemy/actor/lib/test/auto/TimeGap2.xml
----------------- Instantiating /home/travis/build/icyphy/ptII/ptolemy/actor/lib/test/auto/TimeGap2.xml
1 ms. Memory: 1780736K Free: 280082K (16%)
----------------- Invoking toplevel() on ptolemy.moml.MoMLSimpleApplication@70feaa1e
----------------- Done invoking toplevel() on ptolemy.moml.MoMLSimpleApplication@70feaa1e
reloadAllAccessors: .TimeGap2

===========================================================================================
----------------- testing Wed Jan 30 15:53:27 UTC 2019 /home/travis/build/icyphy/ptII/ptolemy/actor/lib/test/auto/TimedSinewave.xml
----------------- Instantiating /home/travis/build/icyphy/ptII/ptolemy/actor/lib/test/auto/TimedSinewave.xml
11 ms. Memory: 1780736K Free: 255970K (14%)
----------------- Invoking toplevel() on ptolemy.moml.MoMLSimpleApplication@4267cd24
----------------- Done invoking toplevel() on ptolemy.moml.MoMLSimpleApplication@4267cd24
reloadAllAccessors: .TimedSinewave

===========================================================================================
----------------- testing Wed Jan 30 15:53:27 UTC 2019 /home/travis/build/icyphy/ptII/ptolemy/actor/lib/test/auto/TimedSinewavePhase.xml
----------------- Instantiating /home/travis/build/icyphy/ptII/ptolemy/actor/lib/test/auto/TimedSinewavePhase.xml
6 ms. Memory: 1780736K Free: 238519K (13%)
----------------- Invoking toplevel() on ptolemy.moml.MoMLSimpleApplication@1a402908
----------------- Done invoking toplevel() on ptolemy.moml.MoMLSimpleApplication@1a402908
reloadAllAccessors: .TimedSinewavePhase

===========================================================================================
----------------- testing Wed Jan 30 15:53:27 UTC 2019 /home/travis/build/icyphy/ptII/ptolemy/actor/lib/test/auto/Timer.xml
----------------- Instantiating /home/travis/build/icyphy/ptII/ptolemy/actor/lib/test/auto/Timer.xml
3 ms. Memory: 1780736K Free: 225198K (13%)
----------------- Invoking toplevel() on ptolemy.moml.MoMLSimpleApplication@1a4ca2b0
----------------- Done invoking toplevel() on ptolemy.moml.MoMLSimpleApplication@1a4ca2b0
reloadAllAccessors: .Timer

===========================================================================================
----------------- testing Wed Jan 30 15:53:27 UTC 2019 /home/travis/build/icyphy/ptII/ptolemy/actor/lib/test/auto/TriangularDistTestModel.xml
----------------- Instantiating /home/travis/build/icyphy/ptII/ptolemy/actor/lib/test/auto/TriangularDistTestModel.xml
2 ms. Memory: 1780736K Free: 207747K (12%)
----------------- Invoking toplevel() on ptolemy.moml.MoMLSimpleApplication@129994de
----------------- Done invoking toplevel() on ptolemy.moml.MoMLSimpleApplication@129994de
reloadAllAccessors: .TriangularDistTestModel

===========================================================================================
----------------- testing Wed Jan 30 15:53:27 UTC 2019 /home/travis/build/icyphy/ptII/ptolemy/actor/lib/test/auto/TrigFunction.xml
----------------- Instantiating /home/travis/build/icyphy/ptII/ptolemy/actor/lib/test/auto/TrigFunction.xml
2 ms. Memory: 1780736K Free: 194427K (11%)
----------------- Invoking toplevel() on ptolemy.moml.MoMLSimpleApplication@5df257dd
----------------- Done invoking toplevel() on ptolemy.moml.MoMLSimpleApplication@5df257dd
reloadAllAccessors: .TrigFunction

===========================================================================================
----------------- testing Wed Jan 30 15:53:27 UTC 2019 /home/travis/build/icyphy/ptII/ptolemy/actor/lib/test/auto/TrigFunctionDE.xml
----------------- Instantiating /home/travis/build/icyphy/ptII/ptolemy/actor/lib/test/auto/TrigFunctionDE.xml
2 ms. Memory: 1780736K Free: 176976K (10%)
----------------- Invoking toplevel() on ptolemy.moml.MoMLSimpleApplication@43b1e185
----------------- Done invoking toplevel() on ptolemy.moml.MoMLSimpleApplication@43b1e185
reloadAllAccessors: .TrigFunctionDE

===========================================================================================
----------------- testing Wed Jan 30 15:53:28 UTC 2019 /home/travis/build/icyphy/ptII/ptolemy/actor/lib/test/auto/TrigFunctionInverse.xml
----------------- Instantiating /home/travis/build/icyphy/ptII/ptolemy/actor/lib/test/auto/TrigFunctionInverse.xml
2 ms. Memory: 1780736K Free: 159524K (9%)
----------------- Invoking toplevel() on ptolemy.moml.MoMLSimpleApplication@58a6f41
----------------- Done invoking toplevel() on ptolemy.moml.MoMLSimpleApplication@58a6f41
reloadAllAccessors: .TrigFunctionInverse

===========================================================================================
----------------- testing Wed Jan 30 15:53:28 UTC 2019 /home/travis/build/icyphy/ptII/ptolemy/actor/lib/test/auto/TrigFunctionTan.xml
----------------- Instantiating /home/travis/build/icyphy/ptII/ptolemy/actor/lib/test/auto/TrigFunctionTan.xml
2 ms. Memory: 1780736K Free: 146204K (8%)
----------------- Invoking toplevel() on ptolemy.moml.MoMLSimpleApplication@df9592e
----------------- Done invoking toplevel() on ptolemy.moml.MoMLSimpleApplication@df9592e
reloadAllAccessors: .TrigFunctionTan

===========================================================================================
----------------- testing Wed Jan 30 15:53:28 UTC 2019 /home/travis/build/icyphy/ptII/ptolemy/actor/lib/test/auto/TriggeredClock.xml
----------------- Instantiating /home/travis/build/icyphy/ptII/ptolemy/actor/lib/test/auto/TriggeredClock.xml
1 ms. Memory: 1780736K Free: 128753K (7%)
----------------- Invoking toplevel() on ptolemy.moml.MoMLSimpleApplication@6f34acca
----------------- Done invoking toplevel() on ptolemy.moml.MoMLSimpleApplication@6f34acca
reloadAllAccessors: .TriggeredClock

===========================================================================================
----------------- testing Wed Jan 30 15:53:28 UTC 2019 /home/travis/build/icyphy/ptII/ptolemy/actor/lib/test/auto/URLDirectoryReader.xml
----------------- Instantiating /home/travis/build/icyphy/ptII/ptolemy/actor/lib/test/auto/URLDirectoryReader.xml
21 ms. Memory: 1780736K Free: 111301K (6%)
----------------- Invoking toplevel() on ptolemy.moml.MoMLSimpleApplication@7f753edb
----------------- Done invoking toplevel() on ptolemy.moml.MoMLSimpleApplication@7f753edb
reloadAllAccessors: .URLDirectoryReader

===========================================================================================
----------------- testing Wed Jan 30 15:53:28 UTC 2019 /home/travis/build/icyphy/ptII/ptolemy/actor/lib/test/auto/URLDirectoryReader3.xml
----------------- Instantiating /home/travis/build/icyphy/ptII/ptolemy/actor/lib/test/auto/URLDirectoryReader3.xml
934 ms. Memory: 1782272K Free: 1717887K (96%)
----------------- Invoking toplevel() on ptolemy.moml.MoMLSimpleApplication@7fa15c3e
----------------- Done invoking toplevel() on ptolemy.moml.MoMLSimpleApplication@7fa15c3e
reloadAllAccessors: .URLDirectoryReader3

===========================================================================================
----------------- testing Wed Jan 30 15:53:29 UTC 2019 /home/travis/build/icyphy/ptII/ptolemy/actor/lib/test/auto/UnaryMathFunction.xml
----------------- Instantiating /home/travis/build/icyphy/ptII/ptolemy/actor/lib/test/auto/UnaryMathFunction.xml
2 ms. Memory: 1782272K Free: 1697187K (95%)
----------------- Invoking toplevel() on ptolemy.moml.MoMLSimpleApplication@4361fec8
----------------- Done invoking toplevel() on ptolemy.moml.MoMLSimpleApplication@4361fec8
reloadAllAccessors: .UnaryMathFunction

===========================================================================================
----------------- testing Wed Jan 30 15:53:29 UTC 2019 /home/travis/build/icyphy/ptII/ptolemy/actor/lib/test/auto/Uniform.xml
----------------- Instantiating /home/travis/build/icyphy/ptII/ptolemy/actor/lib/test/auto/Uniform.xml
9 ms. Memory: 1782272K Free: 1679816K (94%)
----------------- Invoking toplevel() on ptolemy.moml.MoMLSimpleApplication@741afac6
----------------- Done invoking toplevel() on ptolemy.moml.MoMLSimpleApplication@741afac6
reloadAllAccessors: .Uniform

===========================================================================================
----------------- testing Wed Jan 30 15:53:29 UTC 2019 /home/travis/build/icyphy/ptII/ptolemy/actor/lib/test/auto/UnionDisassemblerTest.xml
----------------- Instantiating /home/travis/build/icyphy/ptII/ptolemy/actor/lib/test/auto/UnionDisassemblerTest.xml
9 ms. Memory: 1782272K Free: 1666496K (94%)
----------------- Invoking toplevel() on ptolemy.moml.MoMLSimpleApplication@1836fc45
----------------- Done invoking toplevel() on ptolemy.moml.MoMLSimpleApplication@1836fc45
reloadAllAccessors: .UnionDisassemblerTest

===========================================================================================
----------------- testing Wed Jan 30 15:53:29 UTC 2019 /home/travis/build/icyphy/ptII/ptolemy/actor/lib/test/auto/UtilityFunctions.xml
----------------- Instantiating /home/travis/build/icyphy/ptII/ptolemy/actor/lib/test/auto/UtilityFunctions.xml
4 ms. Memory: 1782272K Free: 1649126K (93%)
----------------- Invoking toplevel() on ptolemy.moml.MoMLSimpleApplication@130f1a80
----------------- Done invoking toplevel() on ptolemy.moml.MoMLSimpleApplication@130f1a80
reloadAllAccessors: .UtilityFunctions

===========================================================================================
----------------- testing Wed Jan 30 15:53:29 UTC 2019 /home/travis/build/icyphy/ptII/ptolemy/actor/lib/test/auto/VariableSleep.xml
----------------- Instantiating /home/travis/build/icyphy/ptII/ptolemy/actor/lib/test/auto/VariableSleep.xml
510 ms. Memory: 1782272K Free: 1631755K (92%)
----------------- Invoking toplevel() on ptolemy.moml.MoMLSimpleApplication@70a7ee32
----------------- Done invoking toplevel() on ptolemy.moml.MoMLSimpleApplication@70a7ee32
reloadAllAccessors: .VariableSleep

===========================================================================================
----------------- testing Wed Jan 30 15:53:29 UTC 2019 /home/travis/build/icyphy/ptII/ptolemy/actor/lib/test/auto/VectorAssemblerDisassemblerCT.xml
----------------- Instantiating /home/travis/build/icyphy/ptII/ptolemy/actor/lib/test/auto/VectorAssemblerDisassemblerCT.xml
66 ms. Memory: 1782272K Free: 1605099K (90%)
----------------- Invoking toplevel() on ptolemy.moml.MoMLSimpleApplication@4d50dc1c
----------------- Done invoking toplevel() on ptolemy.moml.MoMLSimpleApplication@4d50dc1c
reloadAllAccessors: .VectorAssemblerDisassemblerCT

===========================================================================================
----------------- testing Wed Jan 30 15:53:30 UTC 2019 /home/travis/build/icyphy/ptII/ptolemy/actor/lib/test/auto/VectorAssemblerDisassemblerDE.xml
----------------- Instantiating /home/travis/build/icyphy/ptII/ptolemy/actor/lib/test/auto/VectorAssemblerDisassemblerDE.xml
2 ms. Memory: 1782272K Free: 1587729K (89%)
----------------- Invoking toplevel() on ptolemy.moml.MoMLSimpleApplication@a5de76e
----------------- Done invoking toplevel() on ptolemy.moml.MoMLSimpleApplication@a5de76e
reloadAllAccessors: .VectorAssemblerDisassemblerDE

===========================================================================================
----------------- testing Wed Jan 30 15:53:30 UTC 2019 /home/travis/build/icyphy/ptII/ptolemy/actor/lib/test/auto/VectorAssemblerDisassemblerSDF.xml
----------------- Instantiating /home/travis/build/icyphy/ptII/ptolemy/actor/lib/test/auto/VectorAssemblerDisassemblerSDF.xml
3 ms. Memory: 1782272K Free: 1570358K (88%)
----------------- Invoking toplevel() on ptolemy.moml.MoMLSimpleApplication@3f83ad80
----------------- Done invoking toplevel() on ptolemy.moml.MoMLSimpleApplication@3f83ad80
reloadAllAccessors: .VectorAssemblerDisassemblerSDF

===========================================================================================
----------------- testing Wed Jan 30 15:53:30 UTC 2019 /home/travis/build/icyphy/ptII/ptolemy/actor/lib/test/auto/WallClockTime.xml
----------------- Instantiating /home/travis/build/icyphy/ptII/ptolemy/actor/lib/test/auto/WallClockTime.xml
1004 ms. Memory: 1782272K Free: 1557038K (87%)
----------------- Invoking toplevel() on ptolemy.moml.MoMLSimpleApplication@62f4b912
----------------- Done invoking toplevel() on ptolemy.moml.MoMLSimpleApplication@62f4b912
reloadAllAccessors: .WallClockTime

===========================================================================================
----------------- testing Wed Jan 30 15:53:31 UTC 2019 /home/travis/build/icyphy/ptII/ptolemy/actor/lib/test/auto/WidthTestWithSubscriberPublisher.xml
----------------- Instantiating /home/travis/build/icyphy/ptII/ptolemy/actor/lib/test/auto/WidthTestWithSubscriberPublisher.xml
7 ms. Memory: 1782272K Free: 1526331K (86%)
----------------- Invoking toplevel() on ptolemy.moml.MoMLSimpleApplication@190388f3
----------------- Done invoking toplevel() on ptolemy.moml.MoMLSimpleApplication@190388f3
reloadAllAccessors: .WidthTestWithSubscriberPublisher

===========================================================================================
----------------- testing Wed Jan 30 15:53:31 UTC 2019 /home/travis/build/icyphy/ptII/ptolemy/actor/lib/test/auto/WidthTestWithSubscriberPublisher2.xml
----------------- Instantiating /home/travis/build/icyphy/ptII/ptolemy/actor/lib/test/auto/WidthTestWithSubscriberPublisher2.xml
4 ms. Memory: 1782272K Free: 1513011K (85%)
----------------- Invoking toplevel() on ptolemy.moml.MoMLSimpleApplication@5175aebb
----------------- Done invoking toplevel() on ptolemy.moml.MoMLSimpleApplication@5175aebb
reloadAllAccessors: .WidthTestWithSubscriberPublisher2

===========================================================================================
----------------- testing Wed Jan 30 15:53:31 UTC 2019 /home/travis/build/icyphy/ptII/ptolemy/actor/lib/test/auto/WidthTestWithSubscriberPublisher3.xml
----------------- Instantiating /home/travis/build/icyphy/ptII/ptolemy/actor/lib/test/auto/WidthTestWithSubscriberPublisher3.xml
1 ms. Memory: 1782272K Free: 1495641K (84%)
----------------- Invoking toplevel() on ptolemy.moml.MoMLSimpleApplication@7fde0249
----------------- Done invoking toplevel() on ptolemy.moml.MoMLSimpleApplication@7fde0249
reloadAllAccessors: .WidthTestWithSubscriberPublisher3

===========================================================================================
----------------- testing Wed Jan 30 15:53:31 UTC 2019 /home/travis/build/icyphy/ptII/ptolemy/actor/lib/test/auto/Writer.xml
----------------- Instantiating /home/travis/build/icyphy/ptII/ptolemy/actor/lib/test/auto/Writer.xml
0
1
2
3
4
1 ms. Memory: 1782272K Free: 1478270K (83%)
----------------- Invoking toplevel() on ptolemy.moml.MoMLSimpleApplication@57ddfd55
----------------- Done invoking toplevel() on ptolemy.moml.MoMLSimpleApplication@57ddfd55
reloadAllAccessors: .Writer

===========================================================================================
----------------- testing Wed Jan 30 15:53:31 UTC 2019 /home/travis/build/icyphy/ptII/ptolemy/actor/lib/test/auto/array.xml
----------------- Instantiating /home/travis/build/icyphy/ptII/ptolemy/actor/lib/test/auto/array.xml
1 ms. Memory: 1782272K Free: 1464950K (82%)
----------------- Invoking toplevel() on ptolemy.moml.MoMLSimpleApplication@6baab0ee
----------------- Done invoking toplevel() on ptolemy.moml.MoMLSimpleApplication@6baab0ee
reloadAllAccessors: .array

===========================================================================================
----------------- testing Wed Jan 30 15:53:31 UTC 2019 /home/travis/build/icyphy/ptII/ptolemy/actor/lib/test/auto/array2.xml
----------------- Instantiating /home/travis/build/icyphy/ptII/ptolemy/actor/lib/test/auto/array2.xml
2 ms. Memory: 1782272K Free: 1447579K (81%)
----------------- Invoking toplevel() on ptolemy.moml.MoMLSimpleApplication@4a3f0112
----------------- Done invoking toplevel() on ptolemy.moml.MoMLSimpleApplication@4a3f0112
reloadAllAccessors: .array2

===========================================================================================
----------------- testing Wed Jan 30 15:53:31 UTC 2019 /home/travis/build/icyphy/ptII/ptolemy/actor/lib/test/auto/arrayType.xml
----------------- Instantiating /home/travis/build/icyphy/ptII/ptolemy/actor/lib/test/auto/arrayType.xml
2 ms. Memory: 1782272K Free: 1430209K (80%)
----------------- Invoking toplevel() on ptolemy.moml.MoMLSimpleApplication@d70fdcc
----------------- Done invoking toplevel() on ptolemy.moml.MoMLSimpleApplication@d70fdcc
reloadAllAccessors: .arrayType

===========================================================================================
----------------- testing Wed Jan 30 15:53:31 UTC 2019 /home/travis/build/icyphy/ptII/ptolemy/actor/lib/test/auto/arrayType10.xml
----------------- Instantiating /home/travis/build/icyphy/ptII/ptolemy/actor/lib/test/auto/arrayType10.xml
1 ms. Memory: 1782272K Free: 1416889K (79%)
----------------- Invoking toplevel() on ptolemy.moml.MoMLSimpleApplication@1b41fe31
----------------- Done invoking toplevel() on ptolemy.moml.MoMLSimpleApplication@1b41fe31
reloadAllAccessors: .arrayType10

===========================================================================================
----------------- testing Wed Jan 30 15:53:31 UTC 2019 /home/travis/build/icyphy/ptII/ptolemy/actor/lib/test/auto/arrayType11.xml
----------------- Instantiating /home/travis/build/icyphy/ptII/ptolemy/actor/lib/test/auto/arrayType11.xml
1 ms. Memory: 1782272K Free: 1399518K (79%)
----------------- Invoking toplevel() on ptolemy.moml.MoMLSimpleApplication@52b8501f
----------------- Done invoking toplevel() on ptolemy.moml.MoMLSimpleApplication@52b8501f
reloadAllAccessors: .arrayType11

===========================================================================================
----------------- testing Wed Jan 30 15:53:31 UTC 2019 /home/travis/build/icyphy/ptII/ptolemy/actor/lib/test/auto/arrayType12.xml
----------------- Instantiating /home/travis/build/icyphy/ptII/ptolemy/actor/lib/test/auto/arrayType12.xml
1 ms. Memory: 1782272K Free: 1386198K (78%)
----------------- Invoking toplevel() on ptolemy.moml.MoMLSimpleApplication@2b84ec32
----------------- Done invoking toplevel() on ptolemy.moml.MoMLSimpleApplication@2b84ec32
reloadAllAccessors: .arrayType12

===========================================================================================
----------------- testing Wed Jan 30 15:53:31 UTC 2019 /home/travis/build/icyphy/ptII/ptolemy/actor/lib/test/auto/arrayType13.xml
----------------- Instantiating /home/travis/build/icyphy/ptII/ptolemy/actor/lib/test/auto/arrayType13.xml
1 ms. Memory: 1782272K Free: 1368828K (77%)
----------------- Invoking toplevel() on ptolemy.moml.MoMLSimpleApplication@4f17b73c
----------------- Done invoking toplevel() on ptolemy.moml.MoMLSimpleApplication@4f17b73c
reloadAllAccessors: .arrayType13

===========================================================================================
----------------- testing Wed Jan 30 15:53:31 UTC 2019 /home/travis/build/icyphy/ptII/ptolemy/actor/lib/test/auto/arrayType14.xml
----------------- Instantiating /home/travis/build/icyphy/ptII/ptolemy/actor/lib/test/auto/arrayType14.xml
2 ms. Memory: 1782272K Free: 1351457K (76%)
----------------- Invoking toplevel() on ptolemy.moml.MoMLSimpleApplication@79da5674
----------------- Done invoking toplevel() on ptolemy.moml.MoMLSimpleApplication@79da5674
reloadAllAccessors: .arrayType14

===========================================================================================
----------------- testing Wed Jan 30 15:53:31 UTC 2019 /home/travis/build/icyphy/ptII/ptolemy/actor/lib/test/auto/arrayType15.xml
----------------- Instantiating /home/travis/build/icyphy/ptII/ptolemy/actor/lib/test/auto/arrayType15.xml
1 ms. Memory: 1782272K Free: 1338137K (75%)
----------------- Invoking toplevel() on ptolemy.moml.MoMLSimpleApplication@4f7048a0
----------------- Done invoking toplevel() on ptolemy.moml.MoMLSimpleApplication@4f7048a0
reloadAllAccessors: .arrayType15

===========================================================================================
----------------- testing Wed Jan 30 15:53:31 UTC 2019 /home/travis/build/icyphy/ptII/ptolemy/actor/lib/test/auto/arrayType16.xml
----------------- Instantiating /home/travis/build/icyphy/ptII/ptolemy/actor/lib/test/auto/arrayType16.xml
1 ms. Memory: 1782272K Free: 1320767K (74%)
----------------- Invoking toplevel() on ptolemy.moml.MoMLSimpleApplication@29ae82bc
----------------- Done invoking toplevel() on ptolemy.moml.MoMLSimpleApplication@29ae82bc
reloadAllAccessors: .arrayType16

===========================================================================================
----------------- testing Wed Jan 30 15:53:31 UTC 2019 /home/travis/build/icyphy/ptII/ptolemy/actor/lib/test/auto/arrayType17.xml
----------------- Instantiating /home/travis/build/icyphy/ptII/ptolemy/actor/lib/test/auto/arrayType17.xml
1 ms. Memory: 1782272K Free: 1303396K (73%)
----------------- Invoking toplevel() on ptolemy.moml.MoMLSimpleApplication@5869c7ac
----------------- Done invoking toplevel() on ptolemy.moml.MoMLSimpleApplication@5869c7ac
reloadAllAccessors: .arrayType17

===========================================================================================
----------------- testing Wed Jan 30 15:53:31 UTC 2019 /home/travis/build/icyphy/ptII/ptolemy/actor/lib/test/auto/arrayType18.xml
----------------- Instantiating /home/travis/build/icyphy/ptII/ptolemy/actor/lib/test/auto/arrayType18.xml
2 ms. Memory: 1782272K Free: 1290076K (72%)
----------------- Invoking toplevel() on ptolemy.moml.MoMLSimpleApplication@28a35aca
----------------- Done invoking toplevel() on ptolemy.moml.MoMLSimpleApplication@28a35aca
reloadAllAccessors: .arrayType18

===========================================================================================
----------------- testing Wed Jan 30 15:53:31 UTC 2019 /home/travis/build/icyphy/ptII/ptolemy/actor/lib/test/auto/arrayType19.xml
----------------- Instantiating /home/travis/build/icyphy/ptII/ptolemy/actor/lib/test/auto/arrayType19.xml
2 ms. Memory: 1782272K Free: 1272706K (71%)
----------------- Invoking toplevel() on ptolemy.moml.MoMLSimpleApplication@32f79a5
----------------- Done invoking toplevel() on ptolemy.moml.MoMLSimpleApplication@32f79a5
reloadAllAccessors: .arrayType19

===========================================================================================
----------------- testing Wed Jan 30 15:53:31 UTC 2019 /home/travis/build/icyphy/ptII/ptolemy/actor/lib/test/auto/arrayType2.xml
----------------- Instantiating /home/travis/build/icyphy/ptII/ptolemy/actor/lib/test/auto/arrayType2.xml
2 ms. Memory: 1782272K Free: 1259385K (71%)
----------------- Invoking toplevel() on ptolemy.moml.MoMLSimpleApplication@5d13fe41
----------------- Done invoking toplevel() on ptolemy.moml.MoMLSimpleApplication@5d13fe41
reloadAllAccessors: .arrayType2

===========================================================================================
----------------- testing Wed Jan 30 15:53:31 UTC 2019 /home/travis/build/icyphy/ptII/ptolemy/actor/lib/test/auto/arrayType20.xml
----------------- Instantiating /home/travis/build/icyphy/ptII/ptolemy/actor/lib/test/auto/arrayType20.xml
1 ms. Memory: 1782272K Free: 1242015K (70%)
----------------- Invoking toplevel() on ptolemy.moml.MoMLSimpleApplication@77932815
----------------- Done invoking toplevel() on ptolemy.moml.MoMLSimpleApplication@77932815
reloadAllAccessors: .arrayType20

===========================================================================================
----------------- testing Wed Jan 30 15:53:31 UTC 2019 /home/travis/build/icyphy/ptII/ptolemy/actor/lib/test/auto/arrayType21.xml
----------------- Instantiating /home/travis/build/icyphy/ptII/ptolemy/actor/lib/test/auto/arrayType21.xml
1 ms. Memory: 1782272K Free: 1224645K (69%)
----------------- Invoking toplevel() on ptolemy.moml.MoMLSimpleApplication@7e699921
----------------- Done invoking toplevel() on ptolemy.moml.MoMLSimpleApplication@7e699921
reloadAllAccessors: .arrayType21

===========================================================================================
----------------- testing Wed Jan 30 15:53:31 UTC 2019 /home/travis/build/icyphy/ptII/ptolemy/actor/lib/test/auto/arrayType22.xml
----------------- Instantiating /home/travis/build/icyphy/ptII/ptolemy/actor/lib/test/auto/arrayType22.xml
1 ms. Memory: 1782272K Free: 1211325K (68%)
----------------- Invoking toplevel() on ptolemy.moml.MoMLSimpleApplication@5752327d
----------------- Done invoking toplevel() on ptolemy.moml.MoMLSimpleApplication@5752327d
reloadAllAccessors: .arrayType22

===========================================================================================
----------------- testing Wed Jan 30 15:53:31 UTC 2019 /home/travis/build/icyphy/ptII/ptolemy/actor/lib/test/auto/arrayType23.xml
----------------- Instantiating /home/travis/build/icyphy/ptII/ptolemy/actor/lib/test/auto/arrayType23.xml
1 ms. Memory: 1782272K Free: 1193954K (67%)
----------------- Invoking toplevel() on ptolemy.moml.MoMLSimpleApplication@5aea5e7d
----------------- Done invoking toplevel() on ptolemy.moml.MoMLSimpleApplication@5aea5e7d
reloadAllAccessors: .arrayType23

===========================================================================================
----------------- testing Wed Jan 30 15:53:31 UTC 2019 /home/travis/build/icyphy/ptII/ptolemy/actor/lib/test/auto/arrayType24.xml
----------------- Instantiating /home/travis/build/icyphy/ptII/ptolemy/actor/lib/test/auto/arrayType24.xml
1 ms. Memory: 1782272K Free: 1176584K (66%)
----------------- Invoking toplevel() on ptolemy.moml.MoMLSimpleApplication@7ec1c5a0
----------------- Done invoking toplevel() on ptolemy.moml.MoMLSimpleApplication@7ec1c5a0
reloadAllAccessors: .arrayType24

===========================================================================================
----------------- testing Wed Jan 30 15:53:31 UTC 2019 /home/travis/build/icyphy/ptII/ptolemy/actor/lib/test/auto/arrayType25.xml
----------------- Instantiating /home/travis/build/icyphy/ptII/ptolemy/actor/lib/test/auto/arrayType25.xml
1 ms. Memory: 1782272K Free: 1163263K (65%)
----------------- Invoking toplevel() on ptolemy.moml.MoMLSimpleApplication@4dcc4647
----------------- Done invoking toplevel() on ptolemy.moml.MoMLSimpleApplication@4dcc4647
reloadAllAccessors: .arrayType25

===========================================================================================
----------------- testing Wed Jan 30 15:53:31 UTC 2019 /home/travis/build/icyphy/ptII/ptolemy/actor/lib/test/auto/arrayType26.xml
----------------- Instantiating /home/travis/build/icyphy/ptII/ptolemy/actor/lib/test/auto/arrayType26.xml
1 ms. Memory: 1782272K Free: 1145893K (64%)
----------------- Invoking toplevel() on ptolemy.moml.MoMLSimpleApplication@69732f6c
----------------- Done invoking toplevel() on ptolemy.moml.MoMLSimpleApplication@69732f6c
reloadAllAccessors: .arrayType26

===========================================================================================
----------------- testing Wed Jan 30 15:53:31 UTC 2019 /home/travis/build/icyphy/ptII/ptolemy/actor/lib/test/auto/arrayType27.xml
----------------- Instantiating /home/travis/build/icyphy/ptII/ptolemy/actor/lib/test/auto/arrayType27.xml
1 ms. Memory: 1782272K Free: 1128523K (63%)
----------------- Invoking toplevel() on ptolemy.moml.MoMLSimpleApplication@791cc4c5
----------------- Done invoking toplevel() on ptolemy.moml.MoMLSimpleApplication@791cc4c5
reloadAllAccessors: .arrayType27

===========================================================================================
----------------- testing Wed Jan 30 15:53:31 UTC 2019 /home/travis/build/icyphy/ptII/ptolemy/actor/lib/test/auto/arrayType28.xml
----------------- Instantiating /home/travis/build/icyphy/ptII/ptolemy/actor/lib/test/auto/arrayType28.xml
1 ms. Memory: 1782272K Free: 1115202K (63%)
----------------- Invoking toplevel() on ptolemy.moml.MoMLSimpleApplication@70c720e3
----------------- Done invoking toplevel() on ptolemy.moml.MoMLSimpleApplication@70c720e3
reloadAllAccessors: .arrayType28

===========================================================================================
----------------- testing Wed Jan 30 15:53:31 UTC 2019 /home/travis/build/icyphy/ptII/ptolemy/actor/lib/test/auto/arrayType3.xml
----------------- Instantiating /home/travis/build/icyphy/ptII/ptolemy/actor/lib/test/auto/arrayType3.xml
3 ms. Memory: 1782272K Free: 1097832K (62%)
----------------- Invoking toplevel() on ptolemy.moml.MoMLSimpleApplication@140ad947
----------------- Done invoking toplevel() on ptolemy.moml.MoMLSimpleApplication@140ad947
reloadAllAccessors: .arrayType3

===========================================================================================
----------------- testing Wed Jan 30 15:53:31 UTC 2019 /home/travis/build/icyphy/ptII/ptolemy/actor/lib/test/auto/arrayType4.xml
----------------- Instantiating /home/travis/build/icyphy/ptII/ptolemy/actor/lib/test/auto/arrayType4.xml
1 ms. Memory: 1782272K Free: 1084512K (61%)
----------------- Invoking toplevel() on ptolemy.moml.MoMLSimpleApplication@6481082
----------------- Done invoking toplevel() on ptolemy.moml.MoMLSimpleApplication@6481082
reloadAllAccessors: .arrayType4

===========================================================================================
----------------- testing Wed Jan 30 15:53:31 UTC 2019 /home/travis/build/icyphy/ptII/ptolemy/actor/lib/test/auto/arrayType5.xml
----------------- Instantiating /home/travis/build/icyphy/ptII/ptolemy/actor/lib/test/auto/arrayType5.xml
2 ms. Memory: 1782272K Free: 1067141K (60%)
----------------- Invoking toplevel() on ptolemy.moml.MoMLSimpleApplication@5598b10c
----------------- Done invoking toplevel() on ptolemy.moml.MoMLSimpleApplication@5598b10c
reloadAllAccessors: .arrayType5

===========================================================================================
----------------- testing Wed Jan 30 15:53:31 UTC 2019 /home/travis/build/icyphy/ptII/ptolemy/actor/lib/test/auto/arrayType6.xml
----------------- Instantiating /home/travis/build/icyphy/ptII/ptolemy/actor/lib/test/auto/arrayType6.xml
1 ms. Memory: 1782272K Free: 1042736K (59%)
----------------- Invoking toplevel() on ptolemy.moml.MoMLSimpleApplication@3217d4dd
----------------- Done invoking toplevel() on ptolemy.moml.MoMLSimpleApplication@3217d4dd
reloadAllAccessors: .arrayType6

===========================================================================================
----------------- testing Wed Jan 30 15:53:31 UTC 2019 /home/travis/build/icyphy/ptII/ptolemy/actor/lib/test/auto/arrayType7.xml
----------------- Instantiating /home/travis/build/icyphy/ptII/ptolemy/actor/lib/test/auto/arrayType7.xml
2 ms. Memory: 1782272K Free: 1029415K (58%)
----------------- Invoking toplevel() on ptolemy.moml.MoMLSimpleApplication@3141024e
----------------- Done invoking toplevel() on ptolemy.moml.MoMLSimpleApplication@3141024e
reloadAllAccessors: .arrayType7

===========================================================================================
----------------- testing Wed Jan 30 15:53:31 UTC 2019 /home/travis/build/icyphy/ptII/ptolemy/actor/lib/test/auto/arrayType8.xml
----------------- Instantiating /home/travis/build/icyphy/ptII/ptolemy/actor/lib/test/auto/arrayType8.xml
1 ms. Memory: 1782272K Free: 1012045K (57%)
----------------- Invoking toplevel() on ptolemy.moml.MoMLSimpleApplication@5d1fd35d
----------------- Done invoking toplevel() on ptolemy.moml.MoMLSimpleApplication@5d1fd35d
reloadAllAccessors: .arrayType8

===========================================================================================
----------------- testing Wed Jan 30 15:53:31 UTC 2019 /home/travis/build/icyphy/ptII/ptolemy/actor/lib/test/auto/arrayType9.xml
----------------- Instantiating /home/travis/build/icyphy/ptII/ptolemy/actor/lib/test/auto/arrayType9.xml
1 ms. Memory: 1782272K Free: 994675K (56%)
----------------- Invoking toplevel() on ptolemy.moml.MoMLSimpleApplication@77f3fef0
----------------- Done invoking toplevel() on ptolemy.moml.MoMLSimpleApplication@77f3fef0
reloadAllAccessors: .arrayType9

===========================================================================================
----------------- testing Wed Jan 30 15:53:31 UTC 2019 /home/travis/build/icyphy/ptII/ptolemy/actor/lib/test/auto/cast.xml
----------------- Instantiating /home/travis/build/icyphy/ptII/ptolemy/actor/lib/test/auto/cast.xml
2 ms. Memory: 1782272K Free: 981354K (55%)
----------------- Invoking toplevel() on ptolemy.moml.MoMLSimpleApplication@7b499ff6
----------------- Done invoking toplevel() on ptolemy.moml.MoMLSimpleApplication@7b499ff6
reloadAllAccessors: .cast

===========================================================================================
----------------- testing Wed Jan 30 15:53:31 UTC 2019 /home/travis/build/icyphy/ptII/ptolemy/actor/lib/test/auto/compositeMultiPort.xml
----------------- Instantiating /home/travis/build/icyphy/ptII/ptolemy/actor/lib/test/auto/compositeMultiPort.xml
3 ms. Memory: 1782272K Free: 963984K (54%)
----------------- Invoking toplevel() on ptolemy.moml.MoMLSimpleApplication@3f0d13f1
----------------- Done invoking toplevel() on ptolemy.moml.MoMLSimpleApplication@3f0d13f1
reloadAllAccessors: .compositeMultiPort

===========================================================================================
----------------- testing Wed Jan 30 15:53:31 UTC 2019 /home/travis/build/icyphy/ptII/ptolemy/actor/lib/test/auto/expressionCastInference.xml
----------------- Instantiating /home/travis/build/icyphy/ptII/ptolemy/actor/lib/test/auto/expressionCastInference.xml
2 ms. Memory: 1782272K Free: 946613K (53%)
----------------- Invoking toplevel() on ptolemy.moml.MoMLSimpleApplication@5a16ad93
----------------- Done invoking toplevel() on ptolemy.moml.MoMLSimpleApplication@5a16ad93
reloadAllAccessors: .expressionCastInference

===========================================================================================
----------------- testing Wed Jan 30 15:53:31 UTC 2019 /home/travis/build/icyphy/ptII/ptolemy/actor/lib/test/auto/expressionCastInference2.xml
----------------- Instantiating /home/travis/build/icyphy/ptII/ptolemy/actor/lib/test/auto/expressionCastInference2.xml
1 ms. Memory: 1782272K Free: 933293K (52%)
----------------- Invoking toplevel() on ptolemy.moml.MoMLSimpleApplication@230223e0
----------------- Done invoking toplevel() on ptolemy.moml.MoMLSimpleApplication@230223e0
reloadAllAccessors: .expressionCastInference2

===========================================================================================
----------------- testing Wed Jan 30 15:53:31 UTC 2019 /home/travis/build/icyphy/ptII/ptolemy/actor/lib/test/auto/expressionInference.xml
----------------- Instantiating /home/travis/build/icyphy/ptII/ptolemy/actor/lib/test/auto/expressionInference.xml
1 ms. Memory: 1782272K Free: 915923K (51%)
----------------- Invoking toplevel() on ptolemy.moml.MoMLSimpleApplication@549b2f40
----------------- Done invoking toplevel() on ptolemy.moml.MoMLSimpleApplication@549b2f40
reloadAllAccessors: .expressionInference

===========================================================================================
----------------- testing Wed Jan 30 15:53:31 UTC 2019 /home/travis/build/icyphy/ptII/ptolemy/actor/lib/test/auto/expression_bug.xml
----------------- Instantiating /home/travis/build/icyphy/ptII/ptolemy/actor/lib/test/auto/expression_bug.xml
1 ms. Memory: 1782272K Free: 902603K (51%)
----------------- Invoking toplevel() on ptolemy.moml.MoMLSimpleApplication@72919f4
----------------- Done invoking toplevel() on ptolemy.moml.MoMLSimpleApplication@72919f4
reloadAllAccessors: .expression_bug

===========================================================================================
----------------- testing Wed Jan 30 15:53:31 UTC 2019 /home/travis/build/icyphy/ptII/ptolemy/actor/lib/test/auto/factorial.xml
----------------- Instantiating /home/travis/build/icyphy/ptII/ptolemy/actor/lib/test/auto/factorial.xml
24 ms. Memory: 1782272K Free: 885232K (50%)
----------------- Invoking toplevel() on ptolemy.moml.MoMLSimpleApplication@21bb637d
----------------- Done invoking toplevel() on ptolemy.moml.MoMLSimpleApplication@21bb637d
reloadAllAccessors: .factorial

===========================================================================================
----------------- testing Wed Jan 30 15:53:31 UTC 2019 /home/travis/build/icyphy/ptII/ptolemy/actor/lib/test/auto/filterTest1.xml
----------------- Instantiating /home/travis/build/icyphy/ptII/ptolemy/actor/lib/test/auto/filterTest1.xml
3 ms. Memory: 1782272K Free: 867862K (49%)
----------------- Invoking toplevel() on ptolemy.moml.MoMLSimpleApplication@6af0bd7d
----------------- Done invoking toplevel() on ptolemy.moml.MoMLSimpleApplication@6af0bd7d
reloadAllAccessors: .filterTest1

===========================================================================================
----------------- testing Wed Jan 30 15:53:31 UTC 2019 /home/travis/build/icyphy/ptII/ptolemy/actor/lib/test/auto/funcApplyInConst.xml
----------------- Instantiating /home/travis/build/icyphy/ptII/ptolemy/actor/lib/test/auto/funcApplyInConst.xml
1 ms. Memory: 1782272K Free: 854542K (48%)
----------------- Invoking toplevel() on ptolemy.moml.MoMLSimpleApplication@720f306a
----------------- Done invoking toplevel() on ptolemy.moml.MoMLSimpleApplication@720f306a
reloadAllAccessors: .funcApplyInConst

===========================================================================================
----------------- testing Wed Jan 30 15:53:31 UTC 2019 /home/travis/build/icyphy/ptII/ptolemy/actor/lib/test/auto/funcApplyInExpr.xml
----------------- Instantiating /home/travis/build/icyphy/ptII/ptolemy/actor/lib/test/auto/funcApplyInExpr.xml
1 ms. Memory: 1782272K Free: 837171K (47%)
----------------- Invoking toplevel() on ptolemy.moml.MoMLSimpleApplication@4e6a78af
----------------- Done invoking toplevel() on ptolemy.moml.MoMLSimpleApplication@4e6a78af
reloadAllAccessors: .funcApplyInExpr

===========================================================================================
----------------- testing Wed Jan 30 15:53:31 UTC 2019 /home/travis/build/icyphy/ptII/ptolemy/actor/lib/test/auto/function.xml
----------------- Instantiating /home/travis/build/icyphy/ptII/ptolemy/actor/lib/test/auto/function.xml
1 ms. Memory: 1782272K Free: 819801K (46%)
----------------- Invoking toplevel() on ptolemy.moml.MoMLSimpleApplication@7824c0b
----------------- Done invoking toplevel() on ptolemy.moml.MoMLSimpleApplication@7824c0b
reloadAllAccessors: .function

===========================================================================================
----------------- testing Wed Jan 30 15:53:31 UTC 2019 /home/travis/build/icyphy/ptII/ptolemy/actor/lib/test/auto/function2.xml
----------------- Instantiating /home/travis/build/icyphy/ptII/ptolemy/actor/lib/test/auto/function2.xml
2 ms. Memory: 1782272K Free: 806481K (45%)
----------------- Invoking toplevel() on ptolemy.moml.MoMLSimpleApplication@7fbba74f
----------------- Done invoking toplevel() on ptolemy.moml.MoMLSimpleApplication@7fbba74f
reloadAllAccessors: .function2

===========================================================================================
----------------- testing Wed Jan 30 15:53:31 UTC 2019 /home/travis/build/icyphy/ptII/ptolemy/actor/lib/test/auto/function3.xml
----------------- Instantiating /home/travis/build/icyphy/ptII/ptolemy/actor/lib/test/auto/function3.xml
1 ms. Memory: 1782272K Free: 789110K (44%)
----------------- Invoking toplevel() on ptolemy.moml.MoMLSimpleApplication@cd616bb
----------------- Done invoking toplevel() on ptolemy.moml.MoMLSimpleApplication@cd616bb
reloadAllAccessors: .function3

===========================================================================================
----------------- testing Wed Jan 30 15:53:31 UTC 2019 /home/travis/build/icyphy/ptII/ptolemy/actor/lib/test/auto/functionClosureTest1.xml
----------------- Instantiating /home/travis/build/icyphy/ptII/ptolemy/actor/lib/test/auto/functionClosureTest1.xml
1 ms. Memory: 1782272K Free: 771740K (43%)
----------------- Invoking toplevel() on ptolemy.moml.MoMLSimpleApplication@69954418
----------------- Done invoking toplevel() on ptolemy.moml.MoMLSimpleApplication@69954418
reloadAllAccessors: .functionClosureTest1

===========================================================================================
----------------- testing Wed Jan 30 15:53:31 UTC 2019 /home/travis/build/icyphy/ptII/ptolemy/actor/lib/test/auto/functionClosureTest2.xml
----------------- Instantiating /home/travis/build/icyphy/ptII/ptolemy/actor/lib/test/auto/functionClosureTest2.xml
1 ms. Memory: 1782272K Free: 758419K (43%)
----------------- Invoking toplevel() on ptolemy.moml.MoMLSimpleApplication@59bfc62b
----------------- Done invoking toplevel() on ptolemy.moml.MoMLSimpleApplication@59bfc62b
reloadAllAccessors: .functionClosureTest2

===========================================================================================
----------------- testing Wed Jan 30 15:53:31 UTC 2019 /home/travis/build/icyphy/ptII/ptolemy/actor/lib/test/auto/functionClosureTest3.xml
----------------- Instantiating /home/travis/build/icyphy/ptII/ptolemy/actor/lib/test/auto/functionClosureTest3.xml
1 ms. Memory: 1782272K Free: 741049K (42%)
----------------- Invoking toplevel() on ptolemy.moml.MoMLSimpleApplication@487a6c9d
----------------- Done invoking toplevel() on ptolemy.moml.MoMLSimpleApplication@487a6c9d
reloadAllAccessors: .functionClosureTest3

===========================================================================================
----------------- testing Wed Jan 30 15:53:31 UTC 2019 /home/travis/build/icyphy/ptII/ptolemy/actor/lib/test/auto/functionClosureTest4.xml
----------------- Instantiating /home/travis/build/icyphy/ptII/ptolemy/actor/lib/test/auto/functionClosureTest4.xml
3 ms. Memory: 1782272K Free: 727729K (41%)
----------------- Invoking toplevel() on ptolemy.moml.MoMLSimpleApplication@5f8b6a1c
----------------- Done invoking toplevel() on ptolemy.moml.MoMLSimpleApplication@5f8b6a1c
reloadAllAccessors: .functionClosureTest4

===========================================================================================
----------------- testing Wed Jan 30 15:53:31 UTC 2019 /home/travis/build/icyphy/ptII/ptolemy/actor/lib/test/auto/functionClosureTest5.xml
----------------- Instantiating /home/travis/build/icyphy/ptII/ptolemy/actor/lib/test/auto/functionClosureTest5.xml
4 ms. Memory: 1782272K Free: 710358K (40%)
----------------- Invoking toplevel() on ptolemy.moml.MoMLSimpleApplication@219b195c
----------------- Done invoking toplevel() on ptolemy.moml.MoMLSimpleApplication@219b195c
reloadAllAccessors: .functionClosureTest5

===========================================================================================
----------------- testing Wed Jan 30 15:53:31 UTC 2019 /home/travis/build/icyphy/ptII/ptolemy/actor/lib/test/auto/functionClosureTest6.xml
----------------- Instantiating /home/travis/build/icyphy/ptII/ptolemy/actor/lib/test/auto/functionClosureTest6.xml
1 ms. Memory: 1782272K Free: 692988K (39%)
----------------- Invoking toplevel() on ptolemy.moml.MoMLSimpleApplication@2728606c
----------------- Done invoking toplevel() on ptolemy.moml.MoMLSimpleApplication@2728606c
reloadAllAccessors: .functionClosureTest6

===========================================================================================
----------------- testing Wed Jan 30 15:53:31 UTC 2019 /home/travis/build/icyphy/ptII/ptolemy/actor/lib/test/auto/functionsOnArcs.xml
----------------- Instantiating /home/travis/build/icyphy/ptII/ptolemy/actor/lib/test/auto/functionsOnArcs.xml
2 ms. Memory: 1782272K Free: 679667K (38%)
----------------- Invoking toplevel() on ptolemy.moml.MoMLSimpleApplication@50796250
----------------- Done invoking toplevel() on ptolemy.moml.MoMLSimpleApplication@50796250
reloadAllAccessors: .functionsOnArcs

===========================================================================================
----------------- testing Wed Jan 30 15:53:31 UTC 2019 /home/travis/build/icyphy/ptII/ptolemy/actor/lib/test/auto/functionsOnArcsHOF.xml
----------------- Instantiating /home/travis/build/icyphy/ptII/ptolemy/actor/lib/test/auto/functionsOnArcsHOF.xml
3 ms. Memory: 1782272K Free: 662297K (37%)
----------------- Invoking toplevel() on ptolemy.moml.MoMLSimpleApplication@3790534b
----------------- Done invoking toplevel() on ptolemy.moml.MoMLSimpleApplication@3790534b
reloadAllAccessors: .functionsOnArcsHOF

===========================================================================================
----------------- testing Wed Jan 30 15:53:31 UTC 2019 /home/travis/build/icyphy/ptII/ptolemy/actor/lib/test/auto/logic.xml
----------------- Instantiating /home/travis/build/icyphy/ptII/ptolemy/actor/lib/test/auto/logic.xml
1 ms. Memory: 1782272K Free: 644927K (36%)
----------------- Invoking toplevel() on ptolemy.moml.MoMLSimpleApplication@13f0cceb
----------------- Done invoking toplevel() on ptolemy.moml.MoMLSimpleApplication@13f0cceb
reloadAllAccessors: .logic

===========================================================================================
----------------- testing Wed Jan 30 15:53:31 UTC 2019 /home/travis/build/icyphy/ptII/ptolemy/actor/lib/test/auto/matrixType.xml
----------------- Instantiating /home/travis/build/icyphy/ptII/ptolemy/actor/lib/test/auto/matrixType.xml
1 ms. Memory: 1782272K Free: 631606K (35%)
----------------- Invoking toplevel() on ptolemy.moml.MoMLSimpleApplication@72a5e796
----------------- Done invoking toplevel() on ptolemy.moml.MoMLSimpleApplication@72a5e796
reloadAllAccessors: .matrixType

===========================================================================================
----------------- testing Wed Jan 30 15:53:32 UTC 2019 /home/travis/build/icyphy/ptII/ptolemy/actor/lib/test/auto/matrixType10.xml
----------------- Instantiating /home/travis/build/icyphy/ptII/ptolemy/actor/lib/test/auto/matrixType10.xml
2 ms. Memory: 1782272K Free: 614236K (34%)
----------------- Invoking toplevel() on ptolemy.moml.MoMLSimpleApplication@20bd2fa5
----------------- Done invoking toplevel() on ptolemy.moml.MoMLSimpleApplication@20bd2fa5
reloadAllAccessors: .matrixType10

===========================================================================================
----------------- testing Wed Jan 30 15:53:32 UTC 2019 /home/travis/build/icyphy/ptII/ptolemy/actor/lib/test/auto/matrixType11.xml
----------------- Instantiating /home/travis/build/icyphy/ptII/ptolemy/actor/lib/test/auto/matrixType11.xml
1 ms. Memory: 1782272K Free: 596866K (33%)
----------------- Invoking toplevel() on ptolemy.moml.MoMLSimpleApplication@5e2e1ce5
----------------- Done invoking toplevel() on ptolemy.moml.MoMLSimpleApplication@5e2e1ce5
reloadAllAccessors: .matrixType11

===========================================================================================
----------------- testing Wed Jan 30 15:53:32 UTC 2019 /home/travis/build/icyphy/ptII/ptolemy/actor/lib/test/auto/matrixType12.xml
----------------- Instantiating /home/travis/build/icyphy/ptII/ptolemy/actor/lib/test/auto/matrixType12.xml
3 ms. Memory: 1782272K Free: 583546K (33%)
----------------- Invoking toplevel() on ptolemy.moml.MoMLSimpleApplication@39196750
----------------- Done invoking toplevel() on ptolemy.moml.MoMLSimpleApplication@39196750
reloadAllAccessors: .matrixType12

===========================================================================================
----------------- testing Wed Jan 30 15:53:32 UTC 2019 /home/travis/build/icyphy/ptII/ptolemy/actor/lib/test/auto/matrixType13.xml
----------------- Instantiating /home/travis/build/icyphy/ptII/ptolemy/actor/lib/test/auto/matrixType13.xml
1 ms. Memory: 1782272K Free: 566175K (32%)
----------------- Invoking toplevel() on ptolemy.moml.MoMLSimpleApplication@570a451e
----------------- Done invoking toplevel() on ptolemy.moml.MoMLSimpleApplication@570a451e
reloadAllAccessors: .matrixType13

===========================================================================================
----------------- testing Wed Jan 30 15:53:32 UTC 2019 /home/travis/build/icyphy/ptII/ptolemy/actor/lib/test/auto/matrixType14.xml
----------------- Instantiating /home/travis/build/icyphy/ptII/ptolemy/actor/lib/test/auto/matrixType14.xml
1 ms. Memory: 1782272K Free: 548805K (31%)
----------------- Invoking toplevel() on ptolemy.moml.MoMLSimpleApplication@5124fe41
----------------- Done invoking toplevel() on ptolemy.moml.MoMLSimpleApplication@5124fe41
reloadAllAccessors: .matrixType14

===========================================================================================
----------------- testing Wed Jan 30 15:53:32 UTC 2019 /home/travis/build/icyphy/ptII/ptolemy/actor/lib/test/auto/matrixType2.xml
----------------- Instantiating /home/travis/build/icyphy/ptII/ptolemy/actor/lib/test/auto/matrixType2.xml
1 ms. Memory: 1782272K Free: 535484K (30%)
----------------- Invoking toplevel() on ptolemy.moml.MoMLSimpleApplication@6d294312
----------------- Done invoking toplevel() on ptolemy.moml.MoMLSimpleApplication@6d294312
reloadAllAccessors: .matrixType2

===========================================================================================
----------------- testing Wed Jan 30 15:53:32 UTC 2019 /home/travis/build/icyphy/ptII/ptolemy/actor/lib/test/auto/matrixType3.xml
----------------- Instantiating /home/travis/build/icyphy/ptII/ptolemy/actor/lib/test/auto/matrixType3.xml
3 ms. Memory: 1782272K Free: 518114K (29%)
----------------- Invoking toplevel() on ptolemy.moml.MoMLSimpleApplication@320a2ec5
----------------- Done invoking toplevel() on ptolemy.moml.MoMLSimpleApplication@320a2ec5
reloadAllAccessors: .matrixType3

===========================================================================================
----------------- testing Wed Jan 30 15:53:32 UTC 2019 /home/travis/build/icyphy/ptII/ptolemy/actor/lib/test/auto/matrixType4.xml
----------------- Instantiating /home/travis/build/icyphy/ptII/ptolemy/actor/lib/test/auto/matrixType4.xml
1 ms. Memory: 1782272K Free: 504794K (28%)
----------------- Invoking toplevel() on ptolemy.moml.MoMLSimpleApplication@446f73d1
----------------- Done invoking toplevel() on ptolemy.moml.MoMLSimpleApplication@446f73d1
reloadAllAccessors: .matrixType4

===========================================================================================
----------------- testing Wed Jan 30 15:53:32 UTC 2019 /home/travis/build/icyphy/ptII/ptolemy/actor/lib/test/auto/matrixType5.xml
----------------- Instantiating /home/travis/build/icyphy/ptII/ptolemy/actor/lib/test/auto/matrixType5.xml
1 ms. Memory: 1782272K Free: 487423K (27%)
----------------- Invoking toplevel() on ptolemy.moml.MoMLSimpleApplication@1a361e2f
----------------- Done invoking toplevel() on ptolemy.moml.MoMLSimpleApplication@1a361e2f
reloadAllAccessors: .matrixType5

===========================================================================================
----------------- testing Wed Jan 30 15:53:32 UTC 2019 /home/travis/build/icyphy/ptII/ptolemy/actor/lib/test/auto/matrixType6.xml
----------------- Instantiating /home/travis/build/icyphy/ptII/ptolemy/actor/lib/test/auto/matrixType6.xml
2 ms. Memory: 1782272K Free: 470053K (26%)
----------------- Invoking toplevel() on ptolemy.moml.MoMLSimpleApplication@13ef8a3f
----------------- Done invoking toplevel() on ptolemy.moml.MoMLSimpleApplication@13ef8a3f
reloadAllAccessors: .matrixType6

===========================================================================================
----------------- testing Wed Jan 30 15:53:32 UTC 2019 /home/travis/build/icyphy/ptII/ptolemy/actor/lib/test/auto/matrixType7.xml
----------------- Instantiating /home/travis/build/icyphy/ptII/ptolemy/actor/lib/test/auto/matrixType7.xml
2 ms. Memory: 1782272K Free: 456732K (26%)
----------------- Invoking toplevel() on ptolemy.moml.MoMLSimpleApplication@22b5fa00
----------------- Done invoking toplevel() on ptolemy.moml.MoMLSimpleApplication@22b5fa00
reloadAllAccessors: .matrixType7

===========================================================================================
----------------- testing Wed Jan 30 15:53:32 UTC 2019 /home/travis/build/icyphy/ptII/ptolemy/actor/lib/test/auto/matrixType8.xml
----------------- Instantiating /home/travis/build/icyphy/ptII/ptolemy/actor/lib/test/auto/matrixType8.xml
1 ms. Memory: 1782272K Free: 439362K (25%)
----------------- Invoking toplevel() on ptolemy.moml.MoMLSimpleApplication@2f2a512e
----------------- Done invoking toplevel() on ptolemy.moml.MoMLSimpleApplication@2f2a512e
reloadAllAccessors: .matrixType8

===========================================================================================
----------------- testing Wed Jan 30 15:53:32 UTC 2019 /home/travis/build/icyphy/ptII/ptolemy/actor/lib/test/auto/matrixType9.xml
----------------- Instantiating /home/travis/build/icyphy/ptII/ptolemy/actor/lib/test/auto/matrixType9.xml
1 ms. Memory: 1782272K Free: 421991K (24%)
----------------- Invoking toplevel() on ptolemy.moml.MoMLSimpleApplication@3b14cbf8
----------------- Done invoking toplevel() on ptolemy.moml.MoMLSimpleApplication@3b14cbf8
reloadAllAccessors: .matrixType9

===========================================================================================
----------------- testing Wed Jan 30 15:53:32 UTC 2019 /home/travis/build/icyphy/ptII/ptolemy/actor/lib/test/auto/paraFunctest.xml
----------------- Instantiating /home/travis/build/icyphy/ptII/ptolemy/actor/lib/test/auto/paraFunctest.xml
1 ms. Memory: 1782272K Free: 408671K (23%)
----------------- Invoking toplevel() on ptolemy.moml.MoMLSimpleApplication@125b1edf
----------------- Done invoking toplevel() on ptolemy.moml.MoMLSimpleApplication@125b1edf
reloadAllAccessors: .paraFunctest

===========================================================================================
----------------- testing Wed Jan 30 15:53:32 UTC 2019 /home/travis/build/icyphy/ptII/ptolemy/actor/lib/test/auto/paraFunctest2.xml
----------------- Instantiating /home/travis/build/icyphy/ptII/ptolemy/actor/lib/test/auto/paraFunctest2.xml
2 ms. Memory: 1782272K Free: 391301K (22%)
----------------- Invoking toplevel() on ptolemy.moml.MoMLSimpleApplication@5eef51a8
----------------- Done invoking toplevel() on ptolemy.moml.MoMLSimpleApplication@5eef51a8
reloadAllAccessors: .paraFunctest2

===========================================================================================
----------------- testing Wed Jan 30 15:53:32 UTC 2019 /home/travis/build/icyphy/ptII/ptolemy/actor/lib/test/auto/parameterPassing.xml
----------------- Instantiating /home/travis/build/icyphy/ptII/ptolemy/actor/lib/test/auto/parameterPassing.xml
0 ms. Memory: 1782272K Free: 373930K (21%)
----------------- Invoking toplevel() on ptolemy.moml.MoMLSimpleApplication@137a0966
----------------- Done invoking toplevel() on ptolemy.moml.MoMLSimpleApplication@137a0966
reloadAllAccessors: .parameterPassing

===========================================================================================
----------------- testing Wed Jan 30 15:53:32 UTC 2019 /home/travis/build/icyphy/ptII/ptolemy/actor/lib/test/auto/record.xml
----------------- Instantiating /home/travis/build/icyphy/ptII/ptolemy/actor/lib/test/auto/record.xml
2 ms. Memory: 1782272K Free: 360610K (20%)
----------------- Invoking toplevel() on ptolemy.moml.MoMLSimpleApplication@7dd41e48
----------------- Done invoking toplevel() on ptolemy.moml.MoMLSimpleApplication@7dd41e48
reloadAllAccessors: .record

===========================================================================================
----------------- testing Wed Jan 30 15:53:32 UTC 2019 /home/travis/build/icyphy/ptII/ptolemy/actor/lib/test/auto/sizedarray1.xml
----------------- Instantiating /home/travis/build/icyphy/ptII/ptolemy/actor/lib/test/auto/sizedarray1.xml
1 ms. Memory: 1782272K Free: 343239K (19%)
----------------- Invoking toplevel() on ptolemy.moml.MoMLSimpleApplication@69c1cdcd
----------------- Done invoking toplevel() on ptolemy.moml.MoMLSimpleApplication@69c1cdcd
reloadAllAccessors: .sizedarray1

===========================================================================================
----------------- testing Wed Jan 30 15:53:32 UTC 2019 /home/travis/build/icyphy/ptII/ptolemy/actor/lib/test/auto/sizedarray2.xml
----------------- Instantiating /home/travis/build/icyphy/ptII/ptolemy/actor/lib/test/auto/sizedarray2.xml
2 ms. Memory: 1782272K Free: 325869K (18%)
----------------- Invoking toplevel() on ptolemy.moml.MoMLSimpleApplication@105c0b94
----------------- Done invoking toplevel() on ptolemy.moml.MoMLSimpleApplication@105c0b94
reloadAllAccessors: .sizedarray2

===========================================================================================
----------------- testing Wed Jan 30 15:53:32 UTC 2019 /home/travis/build/icyphy/ptII/ptolemy/actor/lib/test/auto/twoPublishers.xml
----------------- Instantiating /home/travis/build/icyphy/ptII/ptolemy/actor/lib/test/auto/twoPublishers.xml
2 ms. Memory: 1782272K Free: 305873K (17%)
----------------- Invoking toplevel() on ptolemy.moml.MoMLSimpleApplication@437fd8af
----------------- Done invoking toplevel() on ptolemy.moml.MoMLSimpleApplication@437fd8af
reloadAllAccessors: .twoPublishers
AutoTests.java: About to close Vertx.
AutoTests.java: Vertx closed.
]]></system-out>
  <system-err><![CDATA[java.lang.RuntimeException: Execution failed
	at ptolemy.moml.MoMLSimpleApplication$UnloadThread.run(MoMLSimpleApplication.java:402)
Caused by: java.lang.RuntimeException: StringUtilities.exit() was called. Normally, we would exit here because Manager.exitAfterWrapup() was called.  However, because the ptolemy.ptII.exitAfterWrapup property is set, we throw this exception instead.
	at ptolemy.util.StringUtilities.exit(StringUtilities.java:363)
	at ptolemy.actor.Manager.wrapup(Manager.java:1531)
	at ptolemy.actor.Manager.execute(Manager.java:407)
	at ptolemy.actor.Manager.run(Manager.java:1263)
	at ptolemy.actor.Manager$PtolemyRunThread.run(Manager.java:1915)
Warning: '.top.test' is in training mode, set the trainingMode parameter to false before checking in
Warning: '.top.test' is in training mode, set the trainingMode parameter to false before checking in
Warning: '.top.test' is in training mode, set the trainingMode parameter to false before checking in
Warning: '.BooleanSwitch_RegressionTest_WrongTrainingValues.Test' is in training mode, set the trainingMode parameter to false before checking in
Warning: '.BooleanSwitch_RegressionTest_WrongTrainingValues.Test2' is in training mode, set the trainingMode parameter to false before checking in
Warning: '.BooleanSwitch_RegressionTest_WrongTrainingValues.Test2' The test produced 0 tokens.
Warning: '.top.testExceptionHandler' is in training mode, set the trainingMode parameter to false before checking in
java.lang.RuntimeException: Execution failed
	at ptolemy.moml.MoMLSimpleApplication$UnloadThread.run(MoMLSimpleApplication.java:402)
Caused by: ptolemy.kernel.util.IllegalActionException: PublisherPorts cannot be used at the top level, use a Publisher actor instead.
  in .PublisherPortToplevelSubscriber.PublisherPort
	at ptolemy.actor.PublisherPort.preinitialize(PublisherPort.java:403)
	at ptolemy.actor.CompositeActor.preinitialize(CompositeActor.java:1769)
	at ptolemy.actor.Manager.preinitializeAndResolveTypes(Manager.java:1040)
	at ptolemy.actor.Manager.initialize(Manager.java:710)
	at ptolemy.actor.Manager.execute(Manager.java:356)
	at ptolemy.actor.Manager.run(Manager.java:1263)
	at ptolemy.actor.Manager$PtolemyRunThread.run(Manager.java:1915)
java.lang.reflect.InvocationTargetException
	at sun.reflect.NativeConstructorAccessorImpl.newInstance0(Native Method)
	at sun.reflect.NativeConstructorAccessorImpl.newInstance(NativeConstructorAccessorImpl.java:62)
	at sun.reflect.DelegatingConstructorAccessorImpl.newInstance(DelegatingConstructorAccessorImpl.java:45)
	at java.lang.reflect.Constructor.newInstance(Constructor.java:423)
	at ptolemy.util.test.junit.AutoKnownFailedTests.RunModel(AutoKnownFailedTests.java:105)
	at sun.reflect.NativeMethodAccessorImpl.invoke0(Native Method)
	at sun.reflect.NativeMethodAccessorImpl.invoke(NativeMethodAccessorImpl.java:62)
	at sun.reflect.DelegatingMethodAccessorImpl.invoke(DelegatingMethodAccessorImpl.java:43)
	at java.lang.reflect.Method.invoke(Method.java:498)
	at org.junit.runners.model.FrameworkMethod$1.runReflectiveCall(FrameworkMethod.java:44)
	at org.junit.internal.runners.model.ReflectiveCallable.run(ReflectiveCallable.java:15)
	at org.junit.runners.model.FrameworkMethod.invokeExplosively(FrameworkMethod.java:41)
	at junitparams.internal.InvokeParameterisedMethod.evaluate(InvokeParameterisedMethod.java:102)
	at org.junit.internal.runners.statements.FailOnTimeout$1.run(FailOnTimeout.java:28)
Caused by: ptolemy.kernel.util.IllegalActionException: PublisherPorts cannot be used at the top level, use a Publisher actor instead.
  in .PublisherPortToplevelSubscriber.PublisherPort
	at ptolemy.actor.PublisherPort.preinitialize(PublisherPort.java:403)
	at ptolemy.actor.CompositeActor.preinitialize(CompositeActor.java:1769)
	at ptolemy.actor.Manager.preinitializeAndResolveTypes(Manager.java:1040)
	at ptolemy.actor.Manager.initialize(Manager.java:710)
	at ptolemy.actor.Manager.execute(Manager.java:356)
	at ptolemy.actor.Manager.run(Manager.java:1263)
	at ptolemy.actor.Manager$PtolemyRunThread.run(Manager.java:1915)
java.lang.RuntimeException: Execution failed
	at ptolemy.moml.MoMLSimpleApplication$UnloadThread.run(MoMLSimpleApplication.java:402)
Caused by: ptolemy.kernel.util.IllegalActionException: SubscriberPorts cannot be used at the top level, use a Subscriber actor instead.
  in .PublisherSubscriberPortToplevel.SubscriberPort
	at ptolemy.actor.SubscriberPort.preinitialize(SubscriberPort.java:328)
	at ptolemy.actor.CompositeActor.preinitialize(CompositeActor.java:1769)
	at ptolemy.actor.Manager.preinitializeAndResolveTypes(Manager.java:1040)
	at ptolemy.actor.Manager.initialize(Manager.java:710)
	at ptolemy.actor.Manager.execute(Manager.java:356)
	at ptolemy.actor.Manager.run(Manager.java:1263)
	at ptolemy.actor.Manager$PtolemyRunThread.run(Manager.java:1915)
java.lang.reflect.InvocationTargetException
	at sun.reflect.NativeConstructorAccessorImpl.newInstance0(Native Method)
	at sun.reflect.NativeConstructorAccessorImpl.newInstance(NativeConstructorAccessorImpl.java:62)
	at sun.reflect.DelegatingConstructorAccessorImpl.newInstance(DelegatingConstructorAccessorImpl.java:45)
	at java.lang.reflect.Constructor.newInstance(Constructor.java:423)
	at ptolemy.util.test.junit.AutoKnownFailedTests.RunModel(AutoKnownFailedTests.java:105)
	at sun.reflect.NativeMethodAccessorImpl.invoke0(Native Method)
	at sun.reflect.NativeMethodAccessorImpl.invoke(NativeMethodAccessorImpl.java:62)
	at sun.reflect.DelegatingMethodAccessorImpl.invoke(DelegatingMethodAccessorImpl.java:43)
	at java.lang.reflect.Method.invoke(Method.java:498)
	at org.junit.runners.model.FrameworkMethod$1.runReflectiveCall(FrameworkMethod.java:44)
	at org.junit.internal.runners.model.ReflectiveCallable.run(ReflectiveCallable.java:15)
	at org.junit.runners.model.FrameworkMethod.invokeExplosively(FrameworkMethod.java:41)
	at junitparams.internal.InvokeParameterisedMethod.evaluate(InvokeParameterisedMethod.java:102)
	at org.junit.internal.runners.statements.FailOnTimeout$1.run(FailOnTimeout.java:28)
Caused by: ptolemy.kernel.util.IllegalActionException: SubscriberPorts cannot be used at the top level, use a Subscriber actor instead.
  in .PublisherSubscriberPortToplevel.SubscriberPort
	at ptolemy.actor.SubscriberPort.preinitialize(SubscriberPort.java:328)
	at ptolemy.actor.CompositeActor.preinitialize(CompositeActor.java:1769)
	at ptolemy.actor.Manager.preinitializeAndResolveTypes(Manager.java:1040)
	at ptolemy.actor.Manager.initialize(Manager.java:710)
	at ptolemy.actor.Manager.execute(Manager.java:356)
	at ptolemy.actor.Manager.run(Manager.java:1263)
	at ptolemy.actor.Manager$PtolemyRunThread.run(Manager.java:1915)
java.lang.RuntimeException: Execution failed
	at ptolemy.moml.MoMLSimpleApplication$UnloadThread.run(MoMLSimpleApplication.java:402)
Caused by: ptolemy.kernel.util.IllegalActionException: SubscriptionAggregatorPorts cannot be used at the top level, use a SubscriptionAggregator actor instead.
  in .PublisherSubscriptionAggregatorPort.SubscriptionAggregatorPort
	at ptolemy.actor.SubscriptionAggregatorPort.preinitialize(SubscriptionAggregatorPort.java:353)
	at ptolemy.actor.CompositeActor.preinitialize(CompositeActor.java:1769)
	at ptolemy.actor.Manager.preinitializeAndResolveTypes(Manager.java:1040)
	at ptolemy.actor.Manager.initialize(Manager.java:710)
	at ptolemy.actor.Manager.execute(Manager.java:356)
	at ptolemy.actor.Manager.run(Manager.java:1263)
	at ptolemy.actor.Manager$PtolemyRunThread.run(Manager.java:1915)
java.lang.reflect.InvocationTargetException
	at sun.reflect.NativeConstructorAccessorImpl.newInstance0(Native Method)
	at sun.reflect.NativeConstructorAccessorImpl.newInstance(NativeConstructorAccessorImpl.java:62)
	at sun.reflect.DelegatingConstructorAccessorImpl.newInstance(DelegatingConstructorAccessorImpl.java:45)
	at java.lang.reflect.Constructor.newInstance(Constructor.java:423)
	at ptolemy.util.test.junit.AutoKnownFailedTests.RunModel(AutoKnownFailedTests.java:105)
	at sun.reflect.NativeMethodAccessorImpl.invoke0(Native Method)
	at sun.reflect.NativeMethodAccessorImpl.invoke(NativeMethodAccessorImpl.java:62)
	at sun.reflect.DelegatingMethodAccessorImpl.invoke(DelegatingMethodAccessorImpl.java:43)
	at java.lang.reflect.Method.invoke(Method.java:498)
	at org.junit.runners.model.FrameworkMethod$1.runReflectiveCall(FrameworkMethod.java:44)
	at org.junit.internal.runners.model.ReflectiveCallable.run(ReflectiveCallable.java:15)
	at org.junit.runners.model.FrameworkMethod.invokeExplosively(FrameworkMethod.java:41)
	at junitparams.internal.InvokeParameterisedMethod.evaluate(InvokeParameterisedMethod.java:102)
	at org.junit.internal.runners.statements.FailOnTimeout$1.run(FailOnTimeout.java:28)
Caused by: ptolemy.kernel.util.IllegalActionException: SubscriptionAggregatorPorts cannot be used at the top level, use a SubscriptionAggregator actor instead.
  in .PublisherSubscriptionAggregatorPort.SubscriptionAggregatorPort
	at ptolemy.actor.SubscriptionAggregatorPort.preinitialize(SubscriptionAggregatorPort.java:353)
	at ptolemy.actor.CompositeActor.preinitialize(CompositeActor.java:1769)
	at ptolemy.actor.Manager.preinitializeAndResolveTypes(Manager.java:1040)
	at ptolemy.actor.Manager.initialize(Manager.java:710)
	at ptolemy.actor.Manager.execute(Manager.java:356)
	at ptolemy.actor.Manager.run(Manager.java:1263)
	at ptolemy.actor.Manager$PtolemyRunThread.run(Manager.java:1915)
java.lang.RuntimeException: Execution failed
	at ptolemy.moml.MoMLSimpleApplication$UnloadThread.run(MoMLSimpleApplication.java:402)
Caused by: ptolemy.kernel.util.IllegalActionException: TypeTest actor has no training data.
  in .sizedarray3.TypeTest
	at ptolemy.actor.lib.TypeTest.initialize(TypeTest.java:250)
	at ptolemy.actor.Director.initialize(Director.java:938)
	at ptolemy.actor.Director.initialize(Director.java:907)
	at ptolemy.actor.sched.StaticSchedulingDirector.initialize(StaticSchedulingDirector.java:159)
	at ptolemy.domains.sdf.kernel.SDFDirector.initialize(SDFDirector.java:544)
	at ptolemy.actor.CompositeActor.initialize(CompositeActor.java:935)
	at ptolemy.actor.Manager.initialize(Manager.java:724)
	at ptolemy.actor.Manager.execute(Manager.java:356)
	at ptolemy.actor.Manager.run(Manager.java:1263)
	at ptolemy.actor.Manager$PtolemyRunThread.run(Manager.java:1915)
java.lang.reflect.InvocationTargetException
	at sun.reflect.NativeConstructorAccessorImpl.newInstance0(Native Method)
	at sun.reflect.NativeConstructorAccessorImpl.newInstance(NativeConstructorAccessorImpl.java:62)
	at sun.reflect.DelegatingConstructorAccessorImpl.newInstance(DelegatingConstructorAccessorImpl.java:45)
	at java.lang.reflect.Constructor.newInstance(Constructor.java:423)
	at ptolemy.util.test.junit.AutoKnownFailedTests.RunModel(AutoKnownFailedTests.java:105)
	at sun.reflect.NativeMethodAccessorImpl.invoke0(Native Method)
	at sun.reflect.NativeMethodAccessorImpl.invoke(NativeMethodAccessorImpl.java:62)
	at sun.reflect.DelegatingMethodAccessorImpl.invoke(DelegatingMethodAccessorImpl.java:43)
	at java.lang.reflect.Method.invoke(Method.java:498)
	at org.junit.runners.model.FrameworkMethod$1.runReflectiveCall(FrameworkMethod.java:44)
	at org.junit.internal.runners.model.ReflectiveCallable.run(ReflectiveCallable.java:15)
	at org.junit.runners.model.FrameworkMethod.invokeExplosively(FrameworkMethod.java:41)
	at junitparams.internal.InvokeParameterisedMethod.evaluate(InvokeParameterisedMethod.java:102)
	at org.junit.internal.runners.statements.FailOnTimeout$1.run(FailOnTimeout.java:28)
Caused by: ptolemy.kernel.util.IllegalActionException: TypeTest actor has no training data.
  in .sizedarray3.TypeTest
	at ptolemy.actor.lib.TypeTest.initialize(TypeTest.java:250)
	at ptolemy.actor.Director.initialize(Director.java:938)
	at ptolemy.actor.Director.initialize(Director.java:907)
	at ptolemy.actor.sched.StaticSchedulingDirector.initialize(StaticSchedulingDirector.java:159)
	at ptolemy.domains.sdf.kernel.SDFDirector.initialize(SDFDirector.java:544)
	at ptolemy.actor.CompositeActor.initialize(CompositeActor.java:935)
	at ptolemy.actor.Manager.initialize(Manager.java:724)
	at ptolemy.actor.Manager.execute(Manager.java:356)
	at ptolemy.actor.Manager.run(Manager.java:1263)
	at ptolemy.actor.Manager$PtolemyRunThread.run(Manager.java:1915)
ptolemy.kernel.util.InternalErrorException: Exec Stdout Gobbler-6: Failed while reading from java.lang.UNIXProcess$ProcessPipeInputStream@6bda91d2. To avoid this, try setting the ignoreIOExceptionReadErrors parameter to true.null
  in .ExecEnvironment.Exec
Because:
Stream closed
	at ptolemy.actor.lib.Exec$_StreamReaderThread._read(Exec.java:762)
	at ptolemy.actor.lib.Exec$_StreamReaderThread.run(Exec.java:706)
Caused by: java.io.IOException: Stream closed
	at sun.nio.cs.StreamDecoder.ensureOpen(StreamDecoder.java:46)
	at sun.nio.cs.StreamDecoder.read(StreamDecoder.java:148)
	at java.io.InputStreamReader.read(InputStreamReader.java:184)
	at ptolemy.actor.lib.Exec$_StreamReaderThread._read(Exec.java:724)
	... 1 more
Caused by: java.io.IOException: Stream closed
	at sun.nio.cs.StreamDecoder.ensureOpen(StreamDecoder.java:46)
	at sun.nio.cs.StreamDecoder.read(StreamDecoder.java:148)
	at java.io.InputStreamReader.read(InputStreamReader.java:184)
	at ptolemy.actor.lib.Exec$_StreamReaderThread._read(Exec.java:724)
	at ptolemy.actor.lib.Exec$_StreamReaderThread.run(Exec.java:706)
]]></system-err>
</testsuite>
