<?xml version="1.0" encoding="UTF-8" ?>
<testsuite errors="0" failures="0" hostname="travis-job-e49ddd26-cc6e-4405-b3bc-eabb201b8330" name="ptolemy.domains.de.test.junit.JUnitTclTest" skipped="0" tests="101" time="122.58" timestamp="2020-07-23T23:40:52">
  <properties>
    <property name="npm.executable" value="npm" />
    <property name="env.TRAVIS_ROOT" value="/" />
    <property name="ptII.mk.exists" value="true" />
    <property name="env.TRAVIS_APP_HOST" value="build.travis-ci.org" />
    <property name="env.rvm_bin_path" value="/home/travis/.rvm/bin" />
    <property name="java.home" value="/usr/local/lib/jvm/openjdk11" />
    <property name="env.TRAVIS_JOB_NUMBER" value="1703.9" />
    <property name="env.TRAVIS_HOME" value="/home/travis" />
    <property name="env.DISPLAY" value=":99.0" />
    <property name="env.TRAVIS_INIT" value="systemd" />
    <property name="env.SSH_TTY" value="/dev/pts/0" />
    <property name="java.net.preferIPv4Stack" value="true" />
    <property name="env.RUN_TESTS" value="true" />
    <property name="timeout.short" value="1000000" />
    <property name="junit.formatter" value="xml" />
    <property name="env.TRAVIS_SUDO" value="true" />
    <property name="env.TRAVIS_JOB_NAME" value="" />
    <property name="env.TRAVIS_STACK_NODE_ATTRIBUTES" value="/.node-attributes.yml" />
    <property name="env.LOGNAME" value="travis" />
    <property name="jsdoc.home" value="node_modules/@terraswarm/jsdoc" />
    <property name="debuglevel" value="source,lines,vars" />
    <property name="checkstyle.formatter" value="xml" />
    <property name="bin.vergil.makeable" value="true" />
    <property name="sun.os.patch.level" value="unknown" />
    <property name="java.vendor.url" value="http://java.oracle.com/" />
    <property name="env.TRAVIS_BUILD_WEB_URL" value="https://travis-ci.org/icyphy/ptII/builds/711282432" />
    <property name="java.version" value="11.0.2" />
    <property name="env.TZ" value="UTC" />
    <property name="env.TRAVIS_PULL_REQUEST_SHA" value="" />
    <property name="env.PT_NO_NET" value="true" />
    <property name="env.TRAVIS_SECURE_ENV_VARS" value="true" />
    <property name="java.vendor.url.bug" value="http://bugreport.java.com/bugreport/" />
    <property name="npmjs-org-is-up" value="true" />
    <property name="env.LANGUAGE" value="en_US.UTF-8" />
    <property name="env.SSH_CLIENT" value="10.16.1.115 54560 22" />
    <property name="env.GEM_HOME" value="/home/travis/.rvm/gems/ruby-2.5.3" />
    <property name="env.HAS_ANTARES_THREE_LITTLE_FRONZIES_BADGE" value="true" />
    <property name="java.version.date" value="2019-01-15" />
    <property name="env.PS4" value="+" />
    <property name="ant.project.invoked-targets" value="build,test.core2.xml" />
    <property name="env.TRAVIS_PULL_REQUEST_BRANCH" value="" />
    <property name="env.TRAVIS_REPO_SLUG" value="icyphy/ptII" />
    <property name="env.XDG_DATA_DIRS" value="/usr/local/share:/usr/share:/var/lib/snapd/desktop" />
    <property name="jdk.debug" value="release" />
    <property name="env.TRAVIS_APT_PROXY" value="http://build-cache.travisci.net" />
    <property name="env.TRAVIS_CPU_ARCH" value="amd64" />
    <property name="node.in.path" value="true" />
    <property name="user.name" value="travis" />
    <property name="java.maxmemory" value="1400m" />
    <property name="env.RUBY_VERSION" value="ruby-2.5.3" />
    <property name="env.LANG" value="en_US.UTF-8" />
    <property name="sun.io.unicode.encoding" value="UnicodeLittle" />
    <property name="sun.jnu.encoding" value="UTF-8" />
    <property name="java.runtime.name" value="OpenJDK Runtime Environment" />
    <property name="usefile" value="false" />
    <property name="return.code" value="0" />
    <property name="junit.single.formatter" value="plain" />
    <property name="env.DYLD_LIBRARY_PATH" value="/home/travis/pthla/certi-tools/lib:" />
    <property name="env.DEBIAN_FRONTEND" value="noninteractive" />
    <property name="env.SSH_CONNECTION" value="10.16.1.115 54560 10.20.0.17 22" />
    <property name="env.MYSQL_UNIX_PORT" value="/var/run/mysqld/mysqld.sock" />
    <property name="env.LC_ALL" value="en_US.UTF-8" />
    <property name="env.TRAVIS_ALLOW_FAILURE" value="" />
    <property name="env.TRAVIS_JOB_WEB_URL" value="https://travis-ci.org/icyphy/ptII/jobs/711282441" />
    <property name="java.specification.name" value="Java Platform API Specification" />
    <property name="node.works" value="true" />
    <property name="user.timezone" value="" />
    <property name="path.separator" value=":" />
    <property name="env.TRAVIS_ENABLE_INFRA_DETECTION" value="true" />
    <property name="env.PYTHON_CFLAGS" value="-g -fstack-protector --param=ssp-buffer-size=4 -Wformat -Werror=format-security" />
    <property name="timeout.long" value="4000000" />
    <property name="env.CERTI_HOME" value="/home/travis/pthla/certi-tools" />
    <property name="ant.file.ptII" value="/home/travis/build/icyphy/ptII/build.xml" />
    <property name="javadoc.packagenames" value="com.*,diva.*,lbnl.*,org.hlacerti.*,org.json.*,org.ptolemy.*,org.terraswarm.*,ptolemy.*,ptserver.*" />
    <property name="file.encoding" value="UTF-8" />
    <property name="env.TRAVIS_PULL_REQUEST_SLUG" value="" />
    <property name="ant.project.default-target" value="build" />
    <property name="env.GIT_ASKPASS" value="echo" />
    <property name="env.HOME" value="/home/travis" />
    <property name="sun.java.command" value="org.apache.tools.ant.taskdefs.optional.junit.JUnitTestRunner ptolemy.domains.de.test.junit.JUnitTclTest skipNonTests=false filtertrace=true haltOnError=false haltOnFailure=false formatter=org.apache.tools.ant.taskdefs.optional.junit.OutErrSummaryJUnitResultFormatter showoutput=true outputtoformatters=true logfailedtests=true threadid=0 logtestlistenerevents=false formatter=org.apache.tools.ant.taskdefs.optional.junit.XMLJUnitResultFormatter,/home/travis/build/icyphy/ptII/reports/junit/TEST-ptolemy.domains.de.test.junit.JUnitTclTest.xml crashfile=/home/travis/build/icyphy/ptII/junitvmwatcher219578878117740802.properties propsfile=/home/travis/build/icyphy/ptII/junit6779073546496741753.properties" />
    <property name="env.COMPOSER_NO_INTERACTION" value="1" />
    <property name="env.MANPATH" value="/home/travis/.nvm/versions/node/v7.10.1/share/man:/home/travis/.rvm/rubies/ruby-2.5.3/share/man:/usr/local/cmake-3.12.4/man:/usr/local/clang-7.0.0/share/man:/usr/local/man:/usr/local/share/man:/usr/share/man:/home/travis/.rvm/man" />
    <property name="env.TRAVIS_TIMER_ID" value="0cb7ee98" />
    <property name="ant.file" value="/home/travis/build/icyphy/ptII/build.xml" />
    <property name="env.TRAVIS_COMMIT_RANGE" value="bd01ee0aca5a...756ca39c0d44" />
    <property name="ptII.classpath.optional.property" value="/home/travis/build/icyphy/ptII/lib/bsh-2.0b4.jar:/home/travis/build/icyphy/ptII/lib/ptCal.jar:/home/travis/build/icyphy/ptII/lib/java_cup.jar:/home/travis/build/icyphy/ptII/lib/saxon8.jar:/home/travis/build/icyphy/ptII/lib/saxon8-dom.jar:/home/travis/build/icyphy/ptII/lib/chic.jar:/home/travis/build/icyphy/ptII/lib/ptcolt.jar:/home/travis/build/icyphy/ptII/vendors/misc/itext/iText.jar:/home/travis/build/icyphy/ptII/lib/g4ltl.jar:/home/travis/build/icyphy/ptII/lib/StructuralCoder.jar:/home/travis/build/icyphy/ptII/lib/jcerti.jar:/home/travis/build/icyphy/ptII/lib/javax.mail.jar:/home/travis/build/icyphy/ptII/vendors/JMF-2.1.1e/lib/jmf.jar:/home/travis/build/icyphy/ptII/lib/jna-4.0.0-variadic.jar:/home/travis/build/icyphy/ptII/vendors/misc/joystick/Joystick.jar:/home/travis/build/icyphy/ptII/lib/ptjacl.jar:/home/travis/build/icyphy/ptII/lib/jsoup-1.8.2.jar:/home/travis/build/icyphy/ptII/lib/junit-4.8.2.jar:/home/travis/build/icyphy/ptII/lib/JUnitParams-0.4.0.jar:/home/travis/build/icyphy/ptII/ptolemy/actor/lib/excel/jxl.jar:/home/travis/build/icyphy/ptII/lib/jython.jar:/home/travis/build/icyphy/ptII/lib/kieler.jar:/home/travis/build/icyphy/ptII/vendors/opencv/share/OpenCV/java/opencv-341.jar:/home/travis/build/icyphy/ptII/lib/oscP5.jar:/home/travis/build/icyphy/ptII/lib/nrjavaserial-3.11.0.devel.jar:/home/travis/build/icyphy/ptII/vendors/j3d/lib/Linux/j3dcore.jar:/home/travis/build/icyphy/ptII/vendors/j3d/lib/Linux/j3dutils.jar:/home/travis/build/icyphy/ptII/vendors/j3d/lib/Linux/vecmath.jar:/home/travis/build/icyphy/ptII/vendors/jogl/lib/Linux/gluegen-rt-natives-linux-amd64.jar:/home/travis/build/icyphy/ptII/vendors/jogl/lib/Linux/gluegen-rt.jar:/home/travis/build/icyphy/ptII/vendors/jogl/lib/Linux/jogl-all-natives-linux-amd64.jar:/home/travis/build/icyphy/ptII/vendors/jogl/lib/Linux/jogl-all.jar:/home/travis/build/icyphy/ptII/ptolemy/distributed/jini/jar/jini-core.jar:/home/travis/build/icyphy/ptII/ptolemy/distributed/jini/jar/jini-ext.jar:/home/travis/build/icyphy/ptII/ptolemy/distributed/jini/jar/sun-util.jar:/home/travis/build/icyphy/ptII/lib/protobuf-java-2.4.1.jar:/home/travis/build/icyphy/ptII/lib/org.eclipse.paho.client.mqttv3.jar:/home/travis/build/icyphy/ptII/lib/mapss.jar:/home/travis/build/icyphy/ptII/ptolemy/actor/ptalon/antlr/antlr.jar:/home/travis/build/icyphy/ptII/lib/JRI.jar:/home/travis/build/icyphy/ptII/lib/commons-lang-2.6.jar:/home/travis/build/icyphy/ptII/lib/commons-logging-1.1.1.jar:/home/travis/build/icyphy/ptII/lib/sootclasses.jar:/home/travis/build/icyphy/ptII/ptolemy/actor/lib/database/mysql-connector-java-5.1.6-bin.jar:/home/travis/build/icyphy/ptII/vendors/misc/sphinx4/sphinx4-data-5prealpha.jar:/home/travis/build/icyphy/ptII/vendors/misc/sphinx4/sphinx4-core-5prealpha.jar:/home/travis/build/icyphy/ptII/lib/PDFRenderer.jar:/home/travis/build/icyphy/ptII/lib/svgSalamander.jar:/home/travis/build/icyphy/ptII/lib/rsyntaxtextarea-2.6.0-SNAPSHOT.jar:/home/travis/build/icyphy/ptII/lib/hazelcast-3.8.2.jar:/home/travis/build/icyphy/ptII/lib/jackson-annotations-2.9.0.jar:/home/travis/build/icyphy/ptII/lib/jackson-core-2.9.3.jar:/home/travis/build/icyphy/ptII/lib/jackson-databind-2.9.3.jar:/home/travis/build/icyphy/ptII/lib/netty-buffer-4.1.19.Final.jar:/home/travis/build/icyphy/ptII/lib/netty-codec-4.1.19.Final.jar:/home/travis/build/icyphy/ptII/lib/netty-codec-dns-4.1.19.Final.jar:/home/travis/build/icyphy/ptII/lib/netty-codec-http-4.1.19.Final.jar:/home/travis/build/icyphy/ptII/lib/netty-codec-http2-4.1.19.Final.jar:/home/travis/build/icyphy/ptII/lib/netty-common-4.1.19.Final.jar:/home/travis/build/icyphy/ptII/lib/netty-handler-4.1.19.Final.jar:/home/travis/build/icyphy/ptII/lib/netty-resolver-4.1.19.Final.jar:/home/travis/build/icyphy/ptII/lib/netty-resolver-dns-4.1.19.Final.jar:/home/travis/build/icyphy/ptII/lib/netty-transport-4.1.19.Final.jar:/home/travis/build/icyphy/ptII/lib/vertx-codegen-3.5.1.jar:/home/travis/build/icyphy/ptII/lib/vertx-core-3.5.2-SNAPSHOT.jar:/home/travis/build/icyphy/ptII/lib/vertx-hazelcast-3.5.1.jar:/home/travis/build/icyphy/ptII/lib/vertx-lang-js-3.5.1.jar:/home/travis/build/icyphy/ptII/lib/vertx-service-proxy-3.5.1.jar:/home/travis/build/icyphy/ptII/lib/vertx-web-3.5.1.jar:/home/travis/build/icyphy/ptII/lib/slf4j-api-1.7.13.jar:/home/travis/build/icyphy/ptII/lib/slf4j-simple-1.7.13.jar:/home/travis/build/icyphy/ptII/lib/webcam-capture-0.3.12.jar:/home/travis/build/icyphy/ptII/lib/bridj-0.7.0.jar:/home/travis/build/icyphy/ptII/lib/xbjlib-1.1.0.nrjavaserial.jar" />
    <property name="timeout" value="2400000" />
    <property name="test.batch" value="**/junit/*.java" />
    <property name="env._" value="/usr/bin/timeout" />
    <property name="java.io.tmpdir" value="/tmp" />
    <property name="user.language" value="en" />
    <property name="env.TRAVIS_INTERNAL_RUBY_REGEX" value="^ruby-(2\.[0-4]\.[0-9]|1\.9\.3)" />
    <property name="env.HISTCONTROL" value="ignoredups:ignorespace" />
    <property name="env.GOROOT" value="/home/travis/.gimme/versions/go1.11.1.linux.amd64" />
    <property name="line.separator" value="&#xa;" />
    <property name="target" value="11" />
    <property name="env.TRAVIS_BUILD_DIR" value="/home/travis/build/icyphy/ptII" />
    <property name="env.ANT_OPTS" value="-Xmx2048m" />
    <property name="ant.file.type" value="file" />
    <property name="ptolemy.ptII.batchMode" value="true" />
    <property name="env.HISTSIZE" value="1000" />
    <property name="env.MERB_ENV" value="test" />
    <property name="java.vm.info" value="mixed mode" />
    <property name="source" value="11" />
    <property name="java.vm.specification.name" value="Java Virtual Machine Specification" />
    <property name="env.TRAVIS_TEST_RESULT" value="0" />
    <property name="jsdoc.command" value="node_modules/@terraswarm/jsdoc/jsdoc.js" />
    <property name="npm.works" value="true" />
    <property name="cobertura.dir" value="/home/travis/build/icyphy/ptII/vendors/cobertura-2.0.3" />
    <property name="jsdoc.command.exists" value="true" />
    <property name="env.rvm_path" value="/home/travis/.rvm" />
    <property name="env.GEM_PATH" value="/home/travis/.rvm/gems/ruby-2.5.3:/home/travis/.rvm/gems/ruby-2.5.3@global" />
    <property name="env.LC_CTYPE" value="en_US.UTF-8" />
    <property name="env.TRAVIS_CMD" value="$PTII/bin/ptIITravisBuild.sh $SECONDS" />
    <property name="java.awt.printerjob" value="sun.print.PSPrinterJob" />
    <property name="env.TRAVIS_STACK_NAME" value="sardonyx" />
    <property name="env.TRAVIS_TIMER_START_TIME" value="1595547450540093146" />
    <property name="ant.version" value="Apache Ant(TM) version 1.10.1 compiled on February 2 2017" />
    <property name="ptII.reports" value="/home/travis/build/icyphy/ptII/reports" />
    <property name="env.TRAVIS_STACK_TIMESTAMP" value="2020-06-24 13:13:18 UTC" />
    <property name="ant.file.type.ptII" value="file" />
    <property name="env.RBENV_SHELL" value="bash" />
    <property name="os.name" value="Linux" />
    <property name="java.specification.vendor" value="Oracle Corporation" />
    <property name="env.rvm_version" value="1.29.10 (latest)" />
    <property name="env.TRAVIS_INFRA" value="unknown" />
    <property name="env.TERM" value="xterm" />
    <property name="java.vm.name" value="OpenJDK 64-Bit Server VM" />
    <property name="env.TRAVIS_BUILD_NUMBER" value="1703" />
    <property name="env.CI" value="true" />
    <property name="java.library.path" value="/home/travis/pthla/certi-tools/lib:/usr/lib/jni:/usr/local/share/OpenCV/java/:/usr/share/OpenCV/java::/usr/java/packages/lib:/usr/lib64:/lib64:/lib:/usr/lib" />
    <property name="jdk.module.path" value="/home/travis/build/icyphy/ptII/vendors/javafx/javafx-sdk-11.0.2/lib:" />
    <property name="env.rvm_prefix" value="/home/travis" />
    <property name="env.PATH" value="/home/travis/pthla/certi-tools/share/scripts:/home/travis/.rvm/gems/ruby-2.5.3/bin:/home/travis/.rvm/gems/ruby-2.5.3@global/bin:/home/travis/.rvm/rubies/ruby-2.5.3/bin:/home/travis/.rvm/bin:/home/travis/.nvm/versions/node/v7.10.1/bin:./node_modules/.bin:/home/travis/build/icyphy/ptII/bin:/home/travis/pthla/certi-tools/bin:/home/travis/bin:/home/travis/.local/bin:/usr/local/lib/jvm/openjdk11/bin:/opt/pyenv/shims:/home/travis/.phpenv/shims:/home/travis/perl5/perlbrew/bin:/home/travis/gopath/bin:/home/travis/.gimme/versions/go1.11.1.linux.amd64/bin:/usr/local/maven-3.6.3/bin:/usr/local/cmake-3.12.4/bin:/usr/local/clang-7.0.0/bin:/usr/local/sbin:/usr/local/bin:/usr/sbin:/usr/bin:/sbin:/bin:/snap/bin:/home/travis/.phpenv/bin:/opt/pyenv/bin:/home/travis/.yarn/bin" />
    <property name="env.TRAVIS_OS_NAME" value="linux" />
    <property name="ant.java.version" value="9" />
    <property name="basedir" value="/home/travis/build/icyphy/ptII" />
    <property name="java.class.version" value="55.0" />
    <property name="env.SHLVL" value="3" />
    <property name="env.LD_LIBRARY_PATH" value="/home/travis/pthla/certi-tools/lib:/usr/lib/jni:/usr/local/share/OpenCV/java/:/usr/share/OpenCV/java:" />
    <property name="env.RACK_ENV" value="test" />
    <property name="ant.home" value="/home/travis/build/icyphy/ptII/ant" />
    <property name="env.NVM_DIR" value="/home/travis/.nvm" />
    <property name="env.CERTI_FOM_PATH" value="/home/travis/pthla/certi-tools/share/federations" />
    <property name="env.TRAVIS_BUILD_ID" value="711282432" />
    <property name="env.PYENV_ROOT" value="/opt/pyenv" />
    <property name="env.TRAVIS_UID" value="2000" />
    <property name="prism.verbose" value="true" />
    <property name="env.NVM_BIN" value="/home/travis/.nvm/versions/node/v7.10.1/bin" />
    <property name="env.TRAVIS_COMMIT" value="756ca39c0d44c7206a9df9fc98eb3747f779b644" />
    <property name="node.executable" value="node" />
    <property name="sun.boot.library.path" value="/usr/local/lib/jvm/openjdk11/lib" />
    <property name="sun.management.compiler" value="HotSpot 64-Bit Tiered Compilers" />
    <property name="java.awt.graphicsenv" value="sun.awt.X11GraphicsEnvironment" />
    <property name="env.GOPATH" value="/home/travis/gopath" />
    <property name="ptolemy.ptII.dir" value="/home/travis/build/icyphy/ptII" />
    <property name="env.USER" value="travis" />
    <property name="env.HISTFILESIZE" value="2000" />
    <property name="env.NVM_INC" value="/home/travis/.nvm/versions/node/v7.10.1/include/node" />
    <property name="timeout.longest" value="19000000" />
    <property name="env.PERLBREW_SHELLRC_VERSION" value="0.88" />
    <property name="env.TRAVIS_STACK_FEATURES" value="basic couchdb disabled-ipv6 docker docker-compose elasticsearch firefox go-toolchain google-chrome jdk memcached mongodb mysql nodejs_interpreter perl_interpreter perlbrew phantomjs postgresql python_interpreter redis ruby_interpreter sqlite xserver" />
    <property name="env.TRAVIS_PULL_REQUEST" value="false" />
    <property name="env.PYENV_SHELL" value="bash" />
    <property name="ant.project.name" value="ptII" />
    <property name="env.ANSI_RESET" value="\033[0m" />
    <property name="java.vm.specification.version" value="11" />
    <property name="env.TRAVIS_DIST" value="xenial" />
    <property name="env.CERTI_VERSION" value="4.0.0" />
    <property name="env.CERTI_HOST" value="localhost" />
    <property name="awt.toolkit" value="sun.awt.X11.XToolkit" />
    <property name="env.MY_RUBY_HOME" value="/home/travis/.rvm/rubies/ruby-2.5.3" />
    <property name="sun.cpu.isalist" value="" />
    <property name="env.TRAVIS_TMPDIR" value="/tmp/tmp.JYIb5WId1W" />
    <property name="java.vm.compressedOopsMode" value="Zero based" />
    <property name="os.version" value="4.15.0-1077-gcp" />
    <property name="user.home" value="/home/travis" />
    <property name="java.vm.vendor" value="Oracle Corporation" />
    <property name="env.TRAVIS_TAG" value="nightly" />
    <property name="env.ANSI_YELLOW" value="\033[33;1m" />
    <property name="env.TRAVIS_FILTERED" value="redirect_io" />
    <property name="env.ANSI_GREEN" value="\033[32;1m" />
    <property name="env.JAVA_HOME" value="/usr/local/lib/jvm/openjdk11" />
    <property name="javadoc.excludepackagenames" value="adm.cvs2svn.*,build.*,config.*,doc.coding.templates.*,jni.test.jni.meaningOfLife.*,jni.test.jni.testDeux.*,jni.test.jni.testTrois.*,org.terraswarm.accessor.accessors.web.node_modules.*,org.terraswarm.accessor.accessors.web.hosts.cordova.demo.*,org.terraswarm.accessor.accessors.web.hosts.cordova.plugins.*,org.terraswarm.accessor.accessors-svn.*,pt-modules.*,ptolemy.apps.agilent.*,ptolemy.apps.anytimecontrol.*,ptolemy.apps.apes.*,ptolemy.apps.charon.*,ptolemy.apps.crazyboard.*,ptolemy.apps.eclipse.*,ptolemy.apps.etherealSting.*,ptolemy.apps.fullscreen.*,ptolemy.apps.giotto.*,ptolemy.apps.ia.*,ptolemy.apps.interfaces.*,ptolemy.apps.jmf.*,ptolemy.apps.kurt.*,ptolemy.apps.kvm.*,ptolemy.apps.lego.*,ptolemy.apps.lejos.*,ptolemy.apps.midp.*,ptolemy.apps.mobileCoding.*,ptolemy.apps.pendulum.*,ptolemy.apps.rijndael.*,ptolemy.apps.robot.*,ptolemy.apps.security.*,ptolemy.apps.sobel.*,ptolemy.apps.soot.*,ptolemy.apps.throttle.*,ptolemy.apps.tini.*,ptolemy.apps.transmission.*,ptolemy.apps.vergil.*,ptolemy.apps.waba.*,ptolemy.apps.websensor.*,ptolemy.apps.webstart.*,ptolemy.apps.xsl.*,ptolemy.apps.zaurus.*,ptolemy.codegen.c.actor.lib.oldJavaFiles.*,ptolemy.codegen.dsp.lib.*,ptolemy.codegen.kernel.newInterfaces.*,ptolemy.codegen.lib.*,ptolemy.copernicus.kernel.fragment.*,ptolemy.copernicus.shallow.cg.*,ptolemy.domains.giotto.demo.Hierarchy.Hierarchy.*,ptolemy.domains.giotto.demo.Multimode.Multimode.*,ptolemy.domains.giotto.demo.Simple.Simple.*,ptolemy.domains.gr.lib.experimental.*,ptolemy.domains.gro.*,ptolemy.domains.pdf.*,ptolemy.domains.ptinyos.demo.Surge.output.*,ptolemy.moml.test.NoPackageActor.java*,ptolemy.plot.adm.*,ptolemy.plot.servlet.*,reports.*,signed.*,src.*,target.*,vendors.*,ptolemy.copernicus.applet.*,ptolemy.media.viewer.*,ptolemy.actor.corba.*,doc.doclets.*,ptolemy.apps.eclipse.awt.*,ptolemy.backtrack.*,ptolemy.backtrack.ast.*,ptolemy.cg.adapter.generic.program.procedural.c.mbed*,ptolemy.homer.*,ptolemy.actor.lib.jai.*,org.ptolemy.scala.*,diva.util.java2d.svg.*,ptolemy.domains.ptinyos.*,ptolemy.actor.lib.fmi.fmipp.*,,org.terraswarm.accessor.accessors.web.node_modules.*,org.terraswarm.accessor.accessors-svn,ptolemy.apps.*,ptolemy.actor.ptalon.demo.ptinyos.SendAndReceiveCnt.output,ptolemy.actor.ptalon.demo.ptinyos.SenseToLeds.output,ptolemy.domains.ptinyos.demo.CntToLedsAndRfm.output,ptolemy.domains.ptinyos.demo.RfmToLeds.output,ptolemy.domains.ptinyos.demo.SendAndReceiveCnt.output,ptolemy.domains.ptinyos.demo.SenseToLeds.output,ptolemy.actor.lib.jjs.modules.udpSocket.*" />
    <property name="env.PTII" value="/home/travis/build/icyphy/ptII" />
    <property name="env.XDG_SESSION_ID" value="2" />
    <property name="keystore" value="ptKeystore" />
    <property name="env.TRAVIS_COMMIT_MESSAGE" value="$PTII/doc/whatsNew.htm and whatsnewVergil.htm were removed so we use $PTII/configs/doc/whatsNew.htm" />
    <property name="junit.output.dir" value="/home/travis/build/icyphy/ptII/reports/junit" />
    <property name="npm.return.code" value="0" />
    <property name="user.dir" value="/home/travis/build/icyphy/ptII/ptolemy/domains/de/test" />
    <property name="env.TRAVIS_NODE_VERSION" value="7" />
    <property name="env.TRAVIS_EVENT_TYPE" value="push" />
    <property name="env.MAIL" value="/var/mail/travis" />
    <property name="env.PERLBREW_ROOT" value="/home/travis/perl5/perlbrew" />
    <property name="env.PWD" value="/home/travis/build/icyphy/ptII" />
    <property name="timeout.npm" value="45000" />
    <property name="env.PT_TRAVIS_TEST_CORE2_XML" value="true" />
    <property name="env.TRAVIS_ARCH" value="amd64" />
    <property name="sun.cpu.endian" value="little" />
    <property name="env.PAGER" value="cat" />
    <property name="env.TRAVIS_BUILD_STAGE_NAME" value="test" />
    <property name="env.PERLBREW_HOME" value="/home/travis/.perlbrew" />
    <property name="java.vm.version" value="11.0.2+9" />
    <property name="env.RAILS_ENV" value="test" />
    <property name="java.class.path" value="/home/travis/build/icyphy/ptII:/home/travis/build/icyphy/ptII/lib/bsh-2.0b4.jar:/home/travis/build/icyphy/ptII/lib/ptCal.jar:/home/travis/build/icyphy/ptII/lib/java_cup.jar:/home/travis/build/icyphy/ptII/lib/saxon8.jar:/home/travis/build/icyphy/ptII/lib/saxon8-dom.jar:/home/travis/build/icyphy/ptII/lib/chic.jar:/home/travis/build/icyphy/ptII/lib/ptcolt.jar:/home/travis/build/icyphy/ptII/vendors/misc/itext/iText.jar:/home/travis/build/icyphy/ptII/lib/g4ltl.jar:/home/travis/build/icyphy/ptII/lib/StructuralCoder.jar:/home/travis/build/icyphy/ptII/lib/jcerti.jar:/home/travis/build/icyphy/ptII/lib/javax.mail.jar:/home/travis/build/icyphy/ptII/vendors/JMF-2.1.1e/lib/jmf.jar:/home/travis/build/icyphy/ptII/lib/jna-4.0.0-variadic.jar:/home/travis/build/icyphy/ptII/vendors/misc/joystick/Joystick.jar:/home/travis/build/icyphy/ptII/lib/ptjacl.jar:/home/travis/build/icyphy/ptII/lib/jsoup-1.8.2.jar:/home/travis/build/icyphy/ptII/lib/junit-4.8.2.jar:/home/travis/build/icyphy/ptII/lib/JUnitParams-0.4.0.jar:/home/travis/build/icyphy/ptII/ptolemy/actor/lib/excel/jxl.jar:/home/travis/build/icyphy/ptII/lib/jython.jar:/home/travis/build/icyphy/ptII/lib/kieler.jar:/home/travis/build/icyphy/ptII/vendors/opencv/share/OpenCV/java/opencv-341.jar:/home/travis/build/icyphy/ptII/lib/oscP5.jar:/home/travis/build/icyphy/ptII/lib/nrjavaserial-3.11.0.devel.jar:/home/travis/build/icyphy/ptII/vendors/j3d/lib/Linux/j3dcore.jar:/home/travis/build/icyphy/ptII/vendors/j3d/lib/Linux/j3dutils.jar:/home/travis/build/icyphy/ptII/vendors/j3d/lib/Linux/vecmath.jar:/home/travis/build/icyphy/ptII/vendors/jogl/lib/Linux/gluegen-rt-natives-linux-amd64.jar:/home/travis/build/icyphy/ptII/vendors/jogl/lib/Linux/gluegen-rt.jar:/home/travis/build/icyphy/ptII/vendors/jogl/lib/Linux/jogl-all-natives-linux-amd64.jar:/home/travis/build/icyphy/ptII/vendors/jogl/lib/Linux/jogl-all.jar:/home/travis/build/icyphy/ptII/ptolemy/distributed/jini/jar/jini-core.jar:/home/travis/build/icyphy/ptII/ptolemy/distributed/jini/jar/jini-ext.jar:/home/travis/build/icyphy/ptII/ptolemy/distributed/jini/jar/sun-util.jar:/home/travis/build/icyphy/ptII/lib/protobuf-java-2.4.1.jar:/home/travis/build/icyphy/ptII/lib/org.eclipse.paho.client.mqttv3.jar:/home/travis/build/icyphy/ptII/lib/mapss.jar:/home/travis/build/icyphy/ptII/ptolemy/actor/ptalon/antlr/antlr.jar:/home/travis/build/icyphy/ptII/lib/JRI.jar:/home/travis/build/icyphy/ptII/lib/commons-lang-2.6.jar:/home/travis/build/icyphy/ptII/lib/commons-logging-1.1.1.jar:/home/travis/build/icyphy/ptII/lib/sootclasses.jar:/home/travis/build/icyphy/ptII/ptolemy/actor/lib/database/mysql-connector-java-5.1.6-bin.jar:/home/travis/build/icyphy/ptII/vendors/misc/sphinx4/sphinx4-data-5prealpha.jar:/home/travis/build/icyphy/ptII/vendors/misc/sphinx4/sphinx4-core-5prealpha.jar:/home/travis/build/icyphy/ptII/lib/PDFRenderer.jar:/home/travis/build/icyphy/ptII/lib/svgSalamander.jar:/home/travis/build/icyphy/ptII/lib/rsyntaxtextarea-2.6.0-SNAPSHOT.jar:/home/travis/build/icyphy/ptII/lib/hazelcast-3.8.2.jar:/home/travis/build/icyphy/ptII/lib/jackson-annotations-2.9.0.jar:/home/travis/build/icyphy/ptII/lib/jackson-core-2.9.3.jar:/home/travis/build/icyphy/ptII/lib/jackson-databind-2.9.3.jar:/home/travis/build/icyphy/ptII/lib/netty-buffer-4.1.19.Final.jar:/home/travis/build/icyphy/ptII/lib/netty-codec-4.1.19.Final.jar:/home/travis/build/icyphy/ptII/lib/netty-codec-dns-4.1.19.Final.jar:/home/travis/build/icyphy/ptII/lib/netty-codec-http-4.1.19.Final.jar:/home/travis/build/icyphy/ptII/lib/netty-codec-http2-4.1.19.Final.jar:/home/travis/build/icyphy/ptII/lib/netty-common-4.1.19.Final.jar:/home/travis/build/icyphy/ptII/lib/netty-handler-4.1.19.Final.jar:/home/travis/build/icyphy/ptII/lib/netty-resolver-4.1.19.Final.jar:/home/travis/build/icyphy/ptII/lib/netty-resolver-dns-4.1.19.Final.jar:/home/travis/build/icyphy/ptII/lib/netty-transport-4.1.19.Final.jar:/home/travis/build/icyphy/ptII/lib/vertx-codegen-3.5.1.jar:/home/travis/build/icyphy/ptII/lib/vertx-core-3.5.2-SNAPSHOT.jar:/home/travis/build/icyphy/ptII/lib/vertx-hazelcast-3.5.1.jar:/home/travis/build/icyphy/ptII/lib/vertx-lang-js-3.5.1.jar:/home/travis/build/icyphy/ptII/lib/vertx-service-proxy-3.5.1.jar:/home/travis/build/icyphy/ptII/lib/vertx-web-3.5.1.jar:/home/travis/build/icyphy/ptII/lib/slf4j-api-1.7.13.jar:/home/travis/build/icyphy/ptII/lib/slf4j-simple-1.7.13.jar:/home/travis/build/icyphy/ptII/lib/webcam-capture-0.3.12.jar:/home/travis/build/icyphy/ptII/lib/bridj-0.7.0.jar:/home/travis/build/icyphy/ptII/lib/xbjlib-1.1.0.nrjavaserial.jar:/home/travis/build/icyphy/ptII/ptolemy/moml/test:/home/travis/build/icyphy/ptII/ant/lib/ant-launcher.jar:/home/travis/build/icyphy/ptII/ant/lib/ant.jar:/home/travis/build/icyphy/ptII/ant/lib/ant-junit.jar:/home/travis/build/icyphy/ptII/ant/lib/ant-junit4.jar" />
    <property name="ant.library.dir" value="/home/travis/build/icyphy/ptII/ant/lib" />
    <property name="os.arch" value="amd64" />
    <property name="env.CONTINUOUS_INTEGRATION" value="true" />
    <property name="env.TRAVIS_LANGUAGE" value="node_js" />
    <property name="env.TRAVIS_STACK_LANGUAGES" value="__sardonyx__ c c++ clojure cplusplus cpp default generic go groovy java node_js php pure_java python ruby scala" />
    <property name="test.name" value="ptolemy.actor.lib.test.junit.JUnitTclTest" />
    <property name="env.APT_KEY_DONT_WARN_ON_DANGEROUS_USAGE" value="1" />
    <property name="sun.java.launcher" value="SUN_STANDARD" />
    <property name="env.PYTHON_CONFIGURE_OPTS" value="--enable-unicode=ucs4 --with-wide-unicode --enable-shared --enable-ipv6 --enable-loadable-sqlite-extensions --with-computed-gotos" />
    <property name="ant.core.lib" value="/home/travis/build/icyphy/ptII/ant/lib/ant.jar" />
    <property name="java.vm.specification.vendor" value="Oracle Corporation" />
    <property name="env.BCVTB_HOME" value="/home/travis/build/icyphy/ptII/lbnl" />
    <property name="file.separator" value="/" />
    <property name="spotbugs.home" value="/home/travis/build/icyphy/ptII/vendors/spotbugs-3.1.1" />
    <property name="java.runtime.version" value="11.0.2+9" />
    <property name="javafx.verbose" value="true" />
    <property name="env.ANSI_CLEAR" value="\033[0K" />
    <property name="env.HAS_JOSH_K_SEAL_OF_APPROVAL" value="true" />
    <property name="env.XDG_RUNTIME_DIR" value="/run/user/2000" />
    <property name="env.TRAVIS_OSX_IMAGE" value="" />
    <property name="env.TRAVIS_JOB_ID" value="711282441" />
    <property name="env.TRAVIS_BRANCH" value="master" />
    <property name="user.country" value="US" />
    <property name="env.CERTI_HOME_TRAVIS" value="/home/travis/pthla/certi-tools" />
    <property name="env.SHELL" value="/bin/bash" />
    <property name="java.maxmemory.large" value="3200m" />
    <property name="model" value="" />
    <property name="env.CASHER_DIR" value="/home/travis/.casher" />
    <property name="env.NVM_CD_FLAGS" value="" />
    <property name="java.vendor.version" value="18.9" />
    <property name="jshint.executable" value="/home/travis/node_modules/jshint/bin/jshint" />
    <property name="env.JRUBY_OPTS" value=" --client -J-XX:+TieredCompilation -J-XX:TieredStopAtLevel=1 -J-Xss2m -Xcompile.invokedynamic=false" />
    <property name="java.vendor" value="Oracle Corporation" />
    <property name="env.TRAVIS_PRE_CHEF_BOOTSTRAP_TIME" value="2020-06-24T13:13:03" />
    <property name="env.TRAVIS_STACK_JOB_BOARD_REGISTER" value="/.job-board-register.yml" />
    <property name="env.ANSI_RED" value="\033[31;1m" />
    <property name="java.specification.version" value="11" />
    <property name="env.IRBRC" value="/home/travis/.rvm/rubies/ruby-2.5.3/.irbrc" />
    <property name="env.TRAVIS" value="true" />
    <property name="sun.arch.data.model" value="64" />
  </properties>
  <testcase classname="ptolemy.util.test.junit.TclTests" name="[0] /home/travis/build/icyphy/ptII/ptolemy/domains/de/test/DependencyLoop.tcl (RunTclFile)" time="0.988" />
  <testcase classname="ptolemy.util.test.junit.TclTests" name="[1] /home/travis/build/icyphy/ptII/ptolemy/domains/de/test/RunDETestsAsQSS.tcl (RunTclFile)" time="83.017" />
  <testcase classname="ptolemy.util.test.junit.AutoKnownFailedTests" name="[0] /home/travis/build/icyphy/ptII/ptolemy/domains/de/test/auto/knownFailedTests/DESDFClockTest.xml (RunModel)" time="2.071" />
  <testcase classname="ptolemy.util.test.junit.AutoKnownFailedTests" name="[1] /home/travis/build/icyphy/ptII/ptolemy/domains/de/test/auto/knownFailedTests/DirectFeedback.xml (RunModel)" time="0.017" />
  <testcase classname="ptolemy.util.test.junit.AutoKnownFailedTests" name="[2] /home/travis/build/icyphy/ptII/ptolemy/domains/de/test/auto/knownFailedTests/FSMSource.xml (RunModel)" time="0.029" />
  <testcase classname="ptolemy.util.test.junit.AutoKnownFailedTests" name="[3] /home/travis/build/icyphy/ptII/ptolemy/domains/de/test/auto/knownFailedTests/HierarchicalModel.xml (RunModel)" time="0.051" />
  <testcase classname="ptolemy.util.test.junit.AutoKnownFailedTests" name="[4] /home/travis/build/icyphy/ptII/ptolemy/domains/de/test/auto/knownFailedTests/dependencyLoop.xml (RunModel)" time="0.04" />
  <testcase classname="ptolemy.util.test.junit.AutoKnownFailedTests" name="[5] /home/travis/build/icyphy/ptII/ptolemy/domains/de/test/auto/knownFailedTests/dependencyLoop2.xml (RunModel)" time="0.049" />
  <testcase classname="ptolemy.util.test.junit.AutoNameArchTests" name="[0] ThereAreNoAutoArchTests (RunModel)" time="0.002" />
  <testcase classname="ptolemy.util.test.junit.AutoTests" name="[0] /home/travis/build/icyphy/ptII/ptolemy/domains/de/test/auto/ActorDepthCalculation_actorWithoutPorts.xml (RunModel)" time="0.025" />
  <testcase classname="ptolemy.util.test.junit.AutoTests" name="[1] /home/travis/build/icyphy/ptII/ptolemy/domains/de/test/auto/AssemblyLine.xml (RunModel)" time="0.025" />
  <testcase classname="ptolemy.util.test.junit.AutoTests" name="[2] /home/travis/build/icyphy/ptII/ptolemy/domains/de/test/auto/CQBug1.xml (RunModel)" time="0.012" />
  <testcase classname="ptolemy.util.test.junit.AutoTests" name="[3] /home/travis/build/icyphy/ptII/ptolemy/domains/de/test/auto/CancelFireAt.xml (RunModel)" time="0.018" />
  <testcase classname="ptolemy.util.test.junit.AutoTests" name="[4] /home/travis/build/icyphy/ptII/ptolemy/domains/de/test/auto/CausalityAndComposabilityAnalysis.xml (RunModel)" time="0.013" />
  <testcase classname="ptolemy.util.test.junit.AutoTests" name="[5] /home/travis/build/icyphy/ptII/ptolemy/domains/de/test/auto/CausalityInterface1.xml (RunModel)" time="0.015" />
  <testcase classname="ptolemy.util.test.junit.AutoTests" name="[6] /home/travis/build/icyphy/ptII/ptolemy/domains/de/test/auto/CausalityInterface15.xml (RunModel)" time="0.017" />
  <testcase classname="ptolemy.util.test.junit.AutoTests" name="[7] /home/travis/build/icyphy/ptII/ptolemy/domains/de/test/auto/CausalityInterface2.xml (RunModel)" time="0.014" />
  <testcase classname="ptolemy.util.test.junit.AutoTests" name="[8] /home/travis/build/icyphy/ptII/ptolemy/domains/de/test/auto/CausalityInterface3.xml (RunModel)" time="0.014" />
  <testcase classname="ptolemy.util.test.junit.AutoTests" name="[9] /home/travis/build/icyphy/ptII/ptolemy/domains/de/test/auto/ClockDrift.xml (RunModel)" time="0.035" />
  <testcase classname="ptolemy.util.test.junit.AutoTests" name="[10] /home/travis/build/icyphy/ptII/ptolemy/domains/de/test/auto/ClockDriftAndValueChange.xml (RunModel)" time="0.031" />
  <testcase classname="ptolemy.util.test.junit.AutoTests" name="[11] /home/travis/build/icyphy/ptII/ptolemy/domains/de/test/auto/ClockDriftChange.xml (RunModel)" time="0.035" />
  <testcase classname="ptolemy.util.test.junit.AutoTests" name="[12] /home/travis/build/icyphy/ptII/ptolemy/domains/de/test/auto/ComposableCausalityAnalysis.xml (RunModel)" time="0.019" />
  <testcase classname="ptolemy.util.test.junit.AutoTests" name="[13] /home/travis/build/icyphy/ptII/ptolemy/domains/de/test/auto/DEFixedPointLimitation.xml (RunModel)" time="0.017" />
  <testcase classname="ptolemy.util.test.junit.AutoTests" name="[14] /home/travis/build/icyphy/ptII/ptolemy/domains/de/test/auto/DEScheduleTest.xml (RunModel)" time="0.014" />
  <testcase classname="ptolemy.util.test.junit.AutoTests" name="[15] /home/travis/build/icyphy/ptII/ptolemy/domains/de/test/auto/DEinDEwithStartTimes.xml (RunModel)" time="0.016" />
  <testcase classname="ptolemy.util.test.junit.AutoTests" name="[16] /home/travis/build/icyphy/ptII/ptolemy/domains/de/test/auto/DEinDEwithStartTimes2.xml (RunModel)" time="0.023" />
  <testcase classname="ptolemy.util.test.junit.AutoTests" name="[17] /home/travis/build/icyphy/ptII/ptolemy/domains/de/test/auto/DateDemo.xml (RunModel)" time="0.031" />
  <testcase classname="ptolemy.util.test.junit.AutoTests" name="[18] /home/travis/build/icyphy/ptII/ptolemy/domains/de/test/auto/DateToEvent.xml (RunModel)" time="2.047" />
  <testcase classname="ptolemy.util.test.junit.AutoTests" name="[19] /home/travis/build/icyphy/ptII/ptolemy/domains/de/test/auto/DepthTest1.xml (RunModel)" time="0.007" />
  <testcase classname="ptolemy.util.test.junit.AutoTests" name="[20] /home/travis/build/icyphy/ptII/ptolemy/domains/de/test/auto/DepthTest2.xml (RunModel)" time="0.018" />
  <testcase classname="ptolemy.util.test.junit.AutoTests" name="[21] /home/travis/build/icyphy/ptII/ptolemy/domains/de/test/auto/DepthTest3.xml (RunModel)" time="0.013" />
  <testcase classname="ptolemy.util.test.junit.AutoTests" name="[22] /home/travis/build/icyphy/ptII/ptolemy/domains/de/test/auto/DepthTest4.xml (RunModel)" time="0.013" />
  <testcase classname="ptolemy.util.test.junit.AutoTests" name="[23] /home/travis/build/icyphy/ptII/ptolemy/domains/de/test/auto/DepthTest5.xml (RunModel)" time="0.022" />
  <testcase classname="ptolemy.util.test.junit.AutoTests" name="[24] /home/travis/build/icyphy/ptII/ptolemy/domains/de/test/auto/DepthTest6.xml (RunModel)" time="0.017" />
  <testcase classname="ptolemy.util.test.junit.AutoTests" name="[25] /home/travis/build/icyphy/ptII/ptolemy/domains/de/test/auto/DepthTest7.xml (RunModel)" time="0.011" />
  <testcase classname="ptolemy.util.test.junit.AutoTests" name="[26] /home/travis/build/icyphy/ptII/ptolemy/domains/de/test/auto/EventToDate.xml (RunModel)" time="3.045" />
  <testcase classname="ptolemy.util.test.junit.AutoTests" name="[27] /home/travis/build/icyphy/ptII/ptolemy/domains/de/test/auto/FSM1.xml (RunModel)" time="0.056" />
  <testcase classname="ptolemy.util.test.junit.AutoTests" name="[28] /home/travis/build/icyphy/ptII/ptolemy/domains/de/test/auto/FSM7.xml (RunModel)" time="0.056" />
  <testcase classname="ptolemy.util.test.junit.AutoTests" name="[29] /home/travis/build/icyphy/ptII/ptolemy/domains/de/test/auto/Inspection.xml (RunModel)" time="0.049" />
  <testcase classname="ptolemy.util.test.junit.AutoTests" name="[30] /home/travis/build/icyphy/ptII/ptolemy/domains/de/test/auto/Iteration.xml (RunModel)" time="0.028" />
  <testcase classname="ptolemy.util.test.junit.AutoTests" name="[31] /home/travis/build/icyphy/ptII/ptolemy/domains/de/test/auto/LineFault.xml (RunModel)" time="0.543" />
  <testcase classname="ptolemy.util.test.junit.AutoTests" name="[32] /home/travis/build/icyphy/ptII/ptolemy/domains/de/test/auto/MergeModel1Add.xml (RunModel)" time="0.039" />
  <testcase classname="ptolemy.util.test.junit.AutoTests" name="[33] /home/travis/build/icyphy/ptII/ptolemy/domains/de/test/auto/MergeModel2Add.xml (RunModel)" time="0.035" />
  <testcase classname="ptolemy.util.test.junit.AutoTests" name="[34] /home/travis/build/icyphy/ptII/ptolemy/domains/de/test/auto/MergeModel3Add.xml (RunModel)" time="0.037" />
  <testcase classname="ptolemy.util.test.junit.AutoTests" name="[35] /home/travis/build/icyphy/ptII/ptolemy/domains/de/test/auto/MergeWithoutDiscard.xml (RunModel)" time="0.013" />
  <testcase classname="ptolemy.util.test.junit.AutoTests" name="[36] /home/travis/build/icyphy/ptII/ptolemy/domains/de/test/auto/Modal1.xml (RunModel)" time="0.035" />
  <testcase classname="ptolemy.util.test.junit.AutoTests" name="[37] /home/travis/build/icyphy/ptII/ptolemy/domains/de/test/auto/Modal2.xml (RunModel)" time="0.026" />
  <testcase classname="ptolemy.util.test.junit.AutoTests" name="[38] /home/travis/build/icyphy/ptII/ptolemy/domains/de/test/auto/Modal3.xml (RunModel)" time="0.028" />
  <testcase classname="ptolemy.util.test.junit.AutoTests" name="[39] /home/travis/build/icyphy/ptII/ptolemy/domains/de/test/auto/Modal4.xml (RunModel)" time="0.028" />
  <testcase classname="ptolemy.util.test.junit.AutoTests" name="[40] /home/travis/build/icyphy/ptII/ptolemy/domains/de/test/auto/Modal5.xml (RunModel)" time="0.033" />
  <testcase classname="ptolemy.util.test.junit.AutoTests" name="[41] /home/travis/build/icyphy/ptII/ptolemy/domains/de/test/auto/Modal6.xml (RunModel)" time="0.024" />
  <testcase classname="ptolemy.util.test.junit.AutoTests" name="[42] /home/travis/build/icyphy/ptII/ptolemy/domains/de/test/auto/Modal7.xml (RunModel)" time="0.033" />
  <testcase classname="ptolemy.util.test.junit.AutoTests" name="[43] /home/travis/build/icyphy/ptII/ptolemy/domains/de/test/auto/ModalModel.xml (RunModel)" time="0.163" />
  <testcase classname="ptolemy.util.test.junit.AutoTests" name="[44] /home/travis/build/icyphy/ptII/ptolemy/domains/de/test/auto/ModalSource.xml (RunModel)" time="0.016" />
  <testcase classname="ptolemy.util.test.junit.AutoTests" name="[45] /home/travis/build/icyphy/ptII/ptolemy/domains/de/test/auto/NonInterruptibleTimerZeroDelay.xml (RunModel)" time="0.009" />
  <testcase classname="ptolemy.util.test.junit.AutoTests" name="[46] /home/travis/build/icyphy/ptII/ptolemy/domains/de/test/auto/OpenQueueingNetwork.xml (RunModel)" time="2.374" />
  <testcase classname="ptolemy.util.test.junit.AutoTests" name="[47] /home/travis/build/icyphy/ptII/ptolemy/domains/de/test/auto/OpenQueuingNetwork.xml (RunModel)" time="0.285" />
  <testcase classname="ptolemy.util.test.junit.AutoTests" name="[48] /home/travis/build/icyphy/ptII/ptolemy/domains/de/test/auto/PeriodicSampler.xml (RunModel)" time="0.012" />
  <testcase classname="ptolemy.util.test.junit.AutoTests" name="[49] /home/travis/build/icyphy/ptII/ptolemy/domains/de/test/auto/PersistentIO.xml (RunModel)" time="0.016" />
  <testcase classname="ptolemy.util.test.junit.AutoTests" name="[50] /home/travis/build/icyphy/ptII/ptolemy/domains/de/test/auto/PortParameterResetOnInitialize.xml (RunModel)" time="0.01" />
  <testcase classname="ptolemy.util.test.junit.AutoTests" name="[51] /home/travis/build/icyphy/ptII/ptolemy/domains/de/test/auto/PortParameterUpdates.xml (RunModel)" time="0.018" />
  <testcase classname="ptolemy.util.test.junit.AutoTests" name="[52] /home/travis/build/icyphy/ptII/ptolemy/domains/de/test/auto/QueueAndServer.xml (RunModel)" time="0.02" />
  <testcase classname="ptolemy.util.test.junit.AutoTests" name="[53] /home/travis/build/icyphy/ptII/ptolemy/domains/de/test/auto/Records.xml (RunModel)" time="0.013" />
  <testcase classname="ptolemy.util.test.junit.AutoTests" name="[54] /home/travis/build/icyphy/ptII/ptolemy/domains/de/test/auto/ResetTransitionWithStartTime1.xml (RunModel)" time="0.015" />
  <testcase classname="ptolemy.util.test.junit.AutoTests" name="[55] /home/travis/build/icyphy/ptII/ptolemy/domains/de/test/auto/ResetTransitionWithStartTime2.xml (RunModel)" time="0.019" />
  <testcase classname="ptolemy.util.test.junit.AutoTests" name="[56] /home/travis/build/icyphy/ptII/ptolemy/domains/de/test/auto/ResetTransitionWithStartTime3.xml (RunModel)" time="0.018" />
  <testcase classname="ptolemy.util.test.junit.AutoTests" name="[57] /home/travis/build/icyphy/ptII/ptolemy/domains/de/test/auto/ResetTransitionWithStartTime4.xml (RunModel)" time="0.017" />
  <testcase classname="ptolemy.util.test.junit.AutoTests" name="[58] /home/travis/build/icyphy/ptII/ptolemy/domains/de/test/auto/ResettableTimer1.xml (RunModel)" time="0.009" />
  <testcase classname="ptolemy.util.test.junit.AutoTests" name="[59] /home/travis/build/icyphy/ptII/ptolemy/domains/de/test/auto/ResettableTimer2.xml (RunModel)" time="0.008" />
  <testcase classname="ptolemy.util.test.junit.AutoTests" name="[60] /home/travis/build/icyphy/ptII/ptolemy/domains/de/test/auto/ResettableTimer3.xml (RunModel)" time="0.008" />
  <testcase classname="ptolemy.util.test.junit.AutoTests" name="[61] /home/travis/build/icyphy/ptII/ptolemy/domains/de/test/auto/ResettableTimer4.xml (RunModel)" time="0.009" />
  <testcase classname="ptolemy.util.test.junit.AutoTests" name="[62] /home/travis/build/icyphy/ptII/ptolemy/domains/de/test/auto/ResettableTimer5.xml (RunModel)" time="0.011" />
  <testcase classname="ptolemy.util.test.junit.AutoTests" name="[63] /home/travis/build/icyphy/ptII/ptolemy/domains/de/test/auto/ResettableTimer6.xml (RunModel)" time="0.015" />
  <testcase classname="ptolemy.util.test.junit.AutoTests" name="[64] /home/travis/build/icyphy/ptII/ptolemy/domains/de/test/auto/ServerZeroDelay.xml (RunModel)" time="0.008" />
  <testcase classname="ptolemy.util.test.junit.AutoTests" name="[65] /home/travis/build/icyphy/ptII/ptolemy/domains/de/test/auto/SmartSender.xml (RunModel)" time="3.008" />
  <testcase classname="ptolemy.util.test.junit.AutoTests" name="[66] /home/travis/build/icyphy/ptII/ptolemy/domains/de/test/auto/ThreadedComposite.xml (RunModel)" time="0.147" />
  <testcase classname="ptolemy.util.test.junit.AutoTests" name="[67] /home/travis/build/icyphy/ptII/ptolemy/domains/de/test/auto/Time.xml (RunModel)" time="0.438" />
  <testcase classname="ptolemy.util.test.junit.AutoTests" name="[68] /home/travis/build/icyphy/ptII/ptolemy/domains/de/test/auto/TimeDelayZeroDelay.xml (RunModel)" time="0.012" />
  <testcase classname="ptolemy.util.test.junit.AutoTests" name="[69] /home/travis/build/icyphy/ptII/ptolemy/domains/de/test/auto/TimerZeroDelay.xml (RunModel)" time="0.015" />
  <testcase classname="ptolemy.util.test.junit.AutoTests" name="[70] /home/travis/build/icyphy/ptII/ptolemy/domains/de/test/auto/TimingParadox.xml (RunModel)" time="0.387" />
  <testcase classname="ptolemy.util.test.junit.AutoTests" name="[71] /home/travis/build/icyphy/ptII/ptolemy/domains/de/test/auto/TransferInputs.xml (RunModel)" time="0.01" />
  <testcase classname="ptolemy.util.test.junit.AutoTests" name="[72] /home/travis/build/icyphy/ptII/ptolemy/domains/de/test/auto/TransferOutputs2.xml (RunModel)" time="0.013" />
  <testcase classname="ptolemy.util.test.junit.AutoTests" name="[73] /home/travis/build/icyphy/ptII/ptolemy/domains/de/test/auto/Trilateration.xml (RunModel)" time="10.189" />
  <testcase classname="ptolemy.util.test.junit.AutoTests" name="[74] /home/travis/build/icyphy/ptII/ptolemy/domains/de/test/auto/TwoSigmaDelta.xml (RunModel)" time="1.807" />
  <testcase classname="ptolemy.util.test.junit.AutoTests" name="[75] /home/travis/build/icyphy/ptII/ptolemy/domains/de/test/auto/VariableDelay.xml (RunModel)" time="0.016" />
  <testcase classname="ptolemy.util.test.junit.AutoTests" name="[76] /home/travis/build/icyphy/ptII/ptolemy/domains/de/test/auto/VariableDelay2.xml (RunModel)" time="0.016" />
  <testcase classname="ptolemy.util.test.junit.AutoTests" name="[77] /home/travis/build/icyphy/ptII/ptolemy/domains/de/test/auto/VariableDelayZeroDelay.xml (RunModel)" time="0.015" />
  <testcase classname="ptolemy.util.test.junit.AutoTests" name="[78] /home/travis/build/icyphy/ptII/ptolemy/domains/de/test/auto/VariableDelayZeroDelay2.xml (RunModel)" time="0.009" />
  <testcase classname="ptolemy.util.test.junit.AutoTests" name="[79] /home/travis/build/icyphy/ptII/ptolemy/domains/de/test/auto/deInCt.xml (RunModel)" time="0.015" />
  <testcase classname="ptolemy.util.test.junit.AutoTests" name="[80] /home/travis/build/icyphy/ptII/ptolemy/domains/de/test/auto/deInCt2.xml (RunModel)" time="0.029" />
  <testcase classname="ptolemy.util.test.junit.AutoTests" name="[81] /home/travis/build/icyphy/ptII/ptolemy/domains/de/test/auto/dynamicCausalityInterface1.xml (RunModel)" time="0.021" />
  <testcase classname="ptolemy.util.test.junit.AutoTests" name="[82] /home/travis/build/icyphy/ptII/ptolemy/domains/de/test/auto/fsm_de_test.xml (RunModel)" time="0.051" />
  <testcase classname="ptolemy.util.test.junit.AutoTests" name="[83] /home/travis/build/icyphy/ptII/ptolemy/domains/de/test/auto/functionDependencyReconstruction.xml (RunModel)" time="0.026" />
  <testcase classname="ptolemy.util.test.junit.AutoTests" name="[84] /home/travis/build/icyphy/ptII/ptolemy/domains/de/test/auto/multirate.xml (RunModel)" time="0.013" />
  <testcase classname="ptolemy.util.test.junit.AutoTests" name="[85] /home/travis/build/icyphy/ptII/ptolemy/domains/de/test/auto/multirate2.xml (RunModel)" time="0.012" />
  <testcase classname="ptolemy.util.test.junit.AutoTests" name="[86] /home/travis/build/icyphy/ptII/ptolemy/domains/de/test/auto/realtime.xml (RunModel)" time="10.008" />
  <testcase classname="ptolemy.util.test.junit.AutoTests" name="[87] /home/travis/build/icyphy/ptII/ptolemy/domains/de/test/auto/relationGroup.xml (RunModel)" time="0.007" />
  <testcase classname="ptolemy.util.test.junit.AutoTests" name="[88] /home/travis/build/icyphy/ptII/ptolemy/domains/de/test/auto/relationGroup2.xml (RunModel)" time="0.006" />
  <testcase classname="ptolemy.util.test.junit.AutoTests" name="[89] /home/travis/build/icyphy/ptII/ptolemy/domains/de/test/auto/sortWithOpaquePorts.xml (RunModel)" time="0.006" />
  <testcase classname="ptolemy.util.test.junit.AutoTests" name="[90] /home/travis/build/icyphy/ptII/ptolemy/domains/de/test/auto/transferInputsandOutputs.xml (RunModel)" time="0.019" />
  <testcase classname="ptolemy.util.test.junit.AutoTests" name="[91] /home/travis/build/icyphy/ptII/ptolemy/domains/de/test/auto/triggerType.xml (RunModel)" time="0.006" />
  <system-out><![CDATA[/home/travis/build/icyphy/ptII/ptolemy/domains/de/test/DependencyLoop.tcl
testDefs.tcl: setting time out to 9000 seconds at Thu Jul 23 23:40:52 UTC 2020
68 ms. Memory: 129024K Free: 78792K (61%)
19 ms. Memory: 129024K Free: 61384K (48%)
/home/travis/build/icyphy/ptII/ptolemy/domains/de/test/RunDETestsAsQSS.tcl
Run the DE tests using ptolemy.domains.qss.test.QSSDirectorTest, which extends QSSDirector and prints a message in the constructors.
------------------ testing $PTII/ptolemy/domains/de/test/auto/knownFailedTests/DirectFeedback.xml (Known Failure) 
30 ms. Memory: 129024K Free: 56264K (44%)


==== $PTIIhome/travis/build/icyphy/ptII/ptolemy/domains/de/test/../../../../: Auto Automatic test in file $PTII/ptolemy/domains/de/test/auto/knownFailedTests/DirectFeedback.xml
==== Contents of test case:

	    # FIXME: we should use $relativeFilename here, but it
	    # might have backslashes under Windows, which causes no end
	    # of trouble.
	    createAndExecute $file
	    list {}
	
.... Test generated KNOWN error:
    while executing
ptolemy.kernel.util.IllegalActionException: Test fails in iteration 1.
Value was: 1.0. Should have been: 2.0
  in .DirectFeedback.Test
	at ptolemy.actor.lib.Test.fire(Test.java:268)
	at ptolemy.domains.de.kernel.DEDirector._fire(DEDirector.java:1949)
	at ptolemy.domains.de.kernel.DEDirector.fire(DEDirector.java:502)
	at ptolemy.actor.CompositeActor.fire(CompositeActor.java:455)
	at ptolemy.actor.Manager.iterate(Manager.java:851)
	at ptolemy.actor.Manager.execute(Manager.java:369)
	at ptolemy.actor.Manager.run(Manager.java:1263)
	at ptolemy.actor.Manager$PtolemyRunThread.run(Manager.java:1933)

    while executing
ptolemy.kernel.util.IllegalActionException: Test fails in iteration 1.
Value was: 1.0. Should have been: 2.0
  in .DirectFeedback.Test
    while executing
"java::new ptolemy.moml.MoMLSimpleApplication $file
"
    (procedure "createAndExecute" line 2)
    invoked from within
"createAndExecute $file"
    ("uplevel" body line 5)
    invoked from within
"uplevel $contents_of_test"
------------------ testing $PTII/ptolemy/domains/de/test/auto/knownFailedTests/dependencyLoop.xml (Known Failure) 
13 ms. Memory: 129024K Free: 53192K (41%)


==== $PTIIhome/travis/build/icyphy/ptII/ptolemy/domains/de/test/../../../../: Auto Automatic test in file $PTII/ptolemy/domains/de/test/auto/knownFailedTests/dependencyLoop.xml
==== Contents of test case:

	    # FIXME: we should use $relativeFilename here, but it
	    # might have backslashes under Windows, which causes no end
	    # of trouble.
	    createAndExecute $file
	    list {}
	
.... Test generated KNOWN error:
    while executing
ptolemy.kernel.util.IllegalActionException: Found a zero delay loop containing .dependencyLoop.original
  in .dependencyLoop and .dependencyLoop.original
	at ptolemy.actor.util.CausalityInterfaceForComposites._computeOutputPortDepth(CausalityInterfaceForComposites.java:759)
	at ptolemy.actor.util.CausalityInterfaceForComposites._computeInputDepth(CausalityInterfaceForComposites.java:696)
	at ptolemy.actor.util.CausalityInterfaceForComposites._computeOutputPortDepth(CausalityInterfaceForComposites.java:765)
	at ptolemy.actor.util.CausalityInterfaceForComposites._computeInputDepth(CausalityInterfaceForComposites.java:696)
	at ptolemy.actor.util.CausalityInterfaceForComposites._computeOutputPortDepth(CausalityInterfaceForComposites.java:765)
	at ptolemy.actor.util.CausalityInterfaceForComposites._computeInputDepth(CausalityInterfaceForComposites.java:696)
	at ptolemy.actor.util.CausalityInterfaceForComposites._computeActorDepth(CausalityInterfaceForComposites.java:532)
	at ptolemy.actor.util.CausalityInterfaceForComposites.checkForCycles(CausalityInterfaceForComposites.java:96)
	at ptolemy.domains.de.kernel.DEDirector.preinitialize(DEDirector.java:1338)
	at ptolemy.actor.CompositeActor.preinitialize(CompositeActor.java:1828)
	at ptolemy.actor.Manager.preinitializeAndResolveTypes(Manager.java:1040)
	at ptolemy.actor.Manager.initialize(Manager.java:710)
	at ptolemy.actor.Manager.execute(Manager.java:356)
	at ptolemy.actor.Manager.run(Manager.java:1263)
	at ptolemy.actor.Manager$PtolemyRunThread.run(Manager.java:1933)

    while executing
ptolemy.kernel.util.IllegalActionException: Found a zero delay loop containing .dependencyLoop.original
  in .dependencyLoop and .dependencyLoop.original
    while executing
"java::new ptolemy.moml.MoMLSimpleApplication $file
"
    (procedure "createAndExecute" line 2)
    invoked from within
"createAndExecute $file"
    ("uplevel" body line 5)
    invoked from within
"uplevel $contents_of_test"
------------------ testing $PTII/ptolemy/domains/de/test/auto/knownFailedTests/FSMSource.xml (Known Failure) 
58 ms. Memory: 129024K Free: 111320K (86%)
!!!! Auto was marked as failing, but now passes
------------------ testing $PTII/ptolemy/domains/de/test/auto/knownFailedTests/HierarchicalModel.xml (Known Failure) 
6 ms. Memory: 129024K Free: 93942K (73%)


==== $PTIIhome/travis/build/icyphy/ptII/ptolemy/domains/de/test/../../../../: Auto Automatic test in file $PTII/ptolemy/domains/de/test/auto/knownFailedTests/HierarchicalModel.xml
==== Contents of test case:

	    # FIXME: we should use $relativeFilename here, but it
	    # might have backslashes under Windows, which causes no end
	    # of trouble.
	    createAndExecute $file
	    list {}
	
.... Test generated KNOWN error:
    while executing
ptolemy.kernel.util.IllegalActionException: Found a zero delay loop containing .HierarchicalModel.A
  in .HierarchicalModel and .HierarchicalModel.A
	at ptolemy.actor.util.CausalityInterfaceForComposites._computeOutputPortDepth(CausalityInterfaceForComposites.java:759)
	at ptolemy.actor.util.CausalityInterfaceForComposites._computeInputDepth(CausalityInterfaceForComposites.java:696)
	at ptolemy.actor.util.CausalityInterfaceForComposites._computeOutputPortDepth(CausalityInterfaceForComposites.java:765)
	at ptolemy.actor.util.CausalityInterfaceForComposites._computeInputDepth(CausalityInterfaceForComposites.java:696)
	at ptolemy.actor.util.CausalityInterfaceForComposites._computeOutputPortDepth(CausalityInterfaceForComposites.java:765)
	at ptolemy.actor.util.CausalityInterfaceForComposites._computeInputDepth(CausalityInterfaceForComposites.java:696)
	at ptolemy.actor.util.CausalityInterfaceForComposites._computeActorDepth(CausalityInterfaceForComposites.java:532)
	at ptolemy.actor.util.CausalityInterfaceForComposites.checkForCycles(CausalityInterfaceForComposites.java:96)
	at ptolemy.domains.de.kernel.DEDirector.preinitialize(DEDirector.java:1338)
	at ptolemy.actor.CompositeActor.preinitialize(CompositeActor.java:1828)
	at ptolemy.actor.Manager.preinitializeAndResolveTypes(Manager.java:1040)
	at ptolemy.actor.Manager.initialize(Manager.java:710)
	at ptolemy.actor.Manager.execute(Manager.java:356)
	at ptolemy.actor.Manager.run(Manager.java:1263)
	at ptolemy.actor.Manager$PtolemyRunThread.run(Manager.java:1933)

    while executing
ptolemy.kernel.util.IllegalActionException: Found a zero delay loop containing .HierarchicalModel.A
  in .HierarchicalModel and .HierarchicalModel.A
    while executing
"java::new ptolemy.moml.MoMLSimpleApplication $file
"
    (procedure "createAndExecute" line 2)
    invoked from within
"createAndExecute $file"
    ("uplevel" body line 5)
    invoked from within
"uplevel $contents_of_test"
------------------ testing $PTII/ptolemy/domains/de/test/auto/knownFailedTests/dependencyLoop2.xml (Known Failure) 
5 ms. Memory: 129024K Free: 77542K (60%)


==== $PTIIhome/travis/build/icyphy/ptII/ptolemy/domains/de/test/../../../../: Auto Automatic test in file $PTII/ptolemy/domains/de/test/auto/knownFailedTests/dependencyLoop2.xml
==== Contents of test case:

	    # FIXME: we should use $relativeFilename here, but it
	    # might have backslashes under Windows, which causes no end
	    # of trouble.
	    createAndExecute $file
	    list {}
	
.... Test generated KNOWN error:
    while executing
ptolemy.kernel.util.IllegalActionException: Found a zero delay loop containing .dependencyLoop2.original
  in .dependencyLoop2 and .dependencyLoop2.original
	at ptolemy.actor.util.CausalityInterfaceForComposites._computeOutputPortDepth(CausalityInterfaceForComposites.java:759)
	at ptolemy.actor.util.CausalityInterfaceForComposites._computeInputDepth(CausalityInterfaceForComposites.java:696)
	at ptolemy.actor.util.CausalityInterfaceForComposites._computeOutputPortDepth(CausalityInterfaceForComposites.java:765)
	at ptolemy.actor.util.CausalityInterfaceForComposites._computeInputDepth(CausalityInterfaceForComposites.java:696)
	at ptolemy.actor.util.CausalityInterfaceForComposites._computeOutputPortDepth(CausalityInterfaceForComposites.java:765)
	at ptolemy.actor.util.CausalityInterfaceForComposites._computeInputDepth(CausalityInterfaceForComposites.java:696)
	at ptolemy.actor.util.CausalityInterfaceForComposites._computeActorDepth(CausalityInterfaceForComposites.java:532)
	at ptolemy.actor.util.CausalityInterfaceForComposites.checkForCycles(CausalityInterfaceForComposites.java:96)
	at ptolemy.domains.de.kernel.DEDirector.preinitialize(DEDirector.java:1338)
	at ptolemy.actor.CompositeActor.preinitialize(CompositeActor.java:1828)
	at ptolemy.actor.Manager.preinitializeAndResolveTypes(Manager.java:1040)
	at ptolemy.actor.Manager.initialize(Manager.java:710)
	at ptolemy.actor.Manager.execute(Manager.java:356)
	at ptolemy.actor.Manager.run(Manager.java:1263)
	at ptolemy.actor.Manager$PtolemyRunThread.run(Manager.java:1933)

    while executing
ptolemy.kernel.util.IllegalActionException: Found a zero delay loop containing .dependencyLoop2.original
  in .dependencyLoop2 and .dependencyLoop2.original
    while executing
"java::new ptolemy.moml.MoMLSimpleApplication $file
"
    (procedure "createAndExecute" line 2)
    invoked from within
"createAndExecute $file"
    ("uplevel" body line 5)
    invoked from within
"uplevel $contents_of_test"
------------------ testing $PTII/ptolemy/domains/de/test/auto/knownFailedTests/DESDFClockTest.xml (Known Failure) 
2048 ms. Memory: 129024K Free: 107759K (84%)


==== $PTIIhome/travis/build/icyphy/ptII/ptolemy/domains/de/test/../../../../: Auto Automatic test in file $PTII/ptolemy/domains/de/test/auto/knownFailedTests/DESDFClockTest.xml
==== Contents of test case:

	    # FIXME: we should use $relativeFilename here, but it
	    # might have backslashes under Windows, which causes no end
	    # of trouble.
	    createAndExecute $file
	    list {}
	
.... Test generated KNOWN error:
    while executing
ptolemy.kernel.util.IllegalActionException: Actor is not ready to fire.  Perhaps UpSample.prefire() returned false? Try debugging the actor by selecting "Listen to Actor".  Also, for SDF check moml for tokenConsumptionRate on input.
  in .DESDFClockTest.Play Bell.Copy1:SDF Director and .DESDFClockTest.Play Bell.UpSample
	at ptolemy.actor.sched.StaticSchedulingDirector.fire(StaticSchedulingDirector.java:227)
	at ptolemy.domains.sdf.kernel.SDFDirector.fire(SDFDirector.java:500)
	at ptolemy.actor.CompositeActor.fire(CompositeActor.java:455)
	at ptolemy.domains.de.kernel.DEDirector._fire(DEDirector.java:1949)
	at ptolemy.domains.de.kernel.DEDirector.fire(DEDirector.java:502)
	at ptolemy.actor.CompositeActor.fire(CompositeActor.java:455)
	at ptolemy.actor.Manager.iterate(Manager.java:851)
	at ptolemy.actor.Manager.execute(Manager.java:369)
	at ptolemy.actor.Manager.run(Manager.java:1263)
	at ptolemy.actor.Manager$PtolemyRunThread.run(Manager.java:1933)

    while executing
ptolemy.kernel.util.IllegalActionException: Actor is not ready to fire.  Perhaps UpSample.prefire() returned false? Try debugging the actor by selecting "Listen to Actor".  Also, for SDF check moml for tokenConsumptionRate on input.
  in .DESDFClockTest.Play Bell.Copy1:SDF Director and .DESDFClockTest.Play Bell.UpSample
    while executing
"java::new ptolemy.moml.MoMLSimpleApplication $file
"
    (procedure "createAndExecute" line 2)
    invoked from within
"createAndExecute $file"
    ("uplevel" body line 5)
    invoked from within
"uplevel $contents_of_test"
------------------ testing $PTII/ptolemy/domains/de/test/auto/ActorDepthCalculation_actorWithoutPorts.xml
auto.tcl: Setting watchdog for 200 seconds at Thu Jul 23 23:40:56 UTC 2020
10 ms. Memory: 129024K Free: 100081K (78%)
ptolemy.util.test.WatchDog.cancel(): canceling Thu Jul 23 23:40:56 UTC 2020
auto.tcl: Setting watchdog for 200 seconds at Thu Jul 23 23:40:56 UTC 2020
9 ms. Memory: 129024K Free: 99057K (77%)
ptolemy.util.test.WatchDog.cancel(): canceling Thu Jul 23 23:40:56 UTC 2020
------------------ testing $PTII/ptolemy/domains/de/test/auto/AssemblyLine.xml
auto.tcl: Setting watchdog for 200 seconds at Thu Jul 23 23:40:56 UTC 2020
12 ms. Memory: 51200K Free: 27154K (53%)
ptolemy.util.test.WatchDog.cancel(): canceling Thu Jul 23 23:40:56 UTC 2020
auto.tcl: Setting watchdog for 200 seconds at Thu Jul 23 23:40:56 UTC 2020
7 ms. Memory: 51200K Free: 26265K (51%)
ptolemy.util.test.WatchDog.cancel(): canceling Thu Jul 23 23:40:56 UTC 2020
------------------ testing $PTII/ptolemy/domains/de/test/auto/CQBug1.xml
auto.tcl: Setting watchdog for 200 seconds at Thu Jul 23 23:40:56 UTC 2020
3 ms. Memory: 51200K Free: 33827K (66%)
ptolemy.util.test.WatchDog.cancel(): canceling Thu Jul 23 23:40:56 UTC 2020
auto.tcl: Setting watchdog for 200 seconds at Thu Jul 23 23:40:56 UTC 2020
3 ms. Memory: 51200K Free: 33358K (65%)
ptolemy.util.test.WatchDog.cancel(): canceling Thu Jul 23 23:40:56 UTC 2020
------------------ testing $PTII/ptolemy/domains/de/test/auto/CancelFireAt.xml
auto.tcl: Setting watchdog for 200 seconds at Thu Jul 23 23:40:56 UTC 2020
3 ms. Memory: 48128K Free: 31662K (66%)
ptolemy.util.test.WatchDog.cancel(): canceling Thu Jul 23 23:40:57 UTC 2020
auto.tcl: Setting watchdog for 200 seconds at Thu Jul 23 23:40:57 UTC 2020
2 ms. Memory: 48128K Free: 31223K (65%)
ptolemy.util.test.WatchDog.cancel(): canceling Thu Jul 23 23:40:57 UTC 2020
------------------ testing $PTII/ptolemy/domains/de/test/auto/CausalityAndComposabilityAnalysis.xml
auto.tcl: Setting watchdog for 200 seconds at Thu Jul 23 23:40:57 UTC 2020
13 ms. Memory: 48128K Free: 29419K (61%)
ptolemy.util.test.WatchDog.cancel(): canceling Thu Jul 23 23:40:57 UTC 2020
auto.tcl: Setting watchdog for 200 seconds at Thu Jul 23 23:40:57 UTC 2020
4 ms. Memory: 48128K Free: 28966K (60%)
ptolemy.util.test.WatchDog.cancel(): canceling Thu Jul 23 23:40:57 UTC 2020
------------------ testing $PTII/ptolemy/domains/de/test/auto/CausalityInterface1.xml
auto.tcl: Setting watchdog for 200 seconds at Thu Jul 23 23:40:57 UTC 2020
26 ms. Memory: 48128K Free: 28356K (59%)
ptolemy.util.test.WatchDog.cancel(): canceling Thu Jul 23 23:40:57 UTC 2020
auto.tcl: Setting watchdog for 200 seconds at Thu Jul 23 23:40:57 UTC 2020
4 ms. Memory: 48128K Free: 27368K (57%)
ptolemy.util.test.WatchDog.cancel(): canceling Thu Jul 23 23:40:57 UTC 2020
------------------ testing $PTII/ptolemy/domains/de/test/auto/CausalityInterface15.xml
auto.tcl: Setting watchdog for 200 seconds at Thu Jul 23 23:40:57 UTC 2020
14 ms. Memory: 48128K Free: 27922K (58%)
ptolemy.util.test.WatchDog.cancel(): canceling Thu Jul 23 23:40:57 UTC 2020
auto.tcl: Setting watchdog for 200 seconds at Thu Jul 23 23:40:57 UTC 2020
4 ms. Memory: 48128K Free: 27334K (57%)
ptolemy.util.test.WatchDog.cancel(): canceling Thu Jul 23 23:40:57 UTC 2020
------------------ testing $PTII/ptolemy/domains/de/test/auto/CausalityInterface2.xml
auto.tcl: Setting watchdog for 200 seconds at Thu Jul 23 23:40:57 UTC 2020
4 ms. Memory: 48128K Free: 29140K (61%)
ptolemy.util.test.WatchDog.cancel(): canceling Thu Jul 23 23:40:57 UTC 2020
auto.tcl: Setting watchdog for 200 seconds at Thu Jul 23 23:40:57 UTC 2020
3 ms. Memory: 48128K Free: 28244K (59%)
ptolemy.util.test.WatchDog.cancel(): canceling Thu Jul 23 23:40:57 UTC 2020
------------------ testing $PTII/ptolemy/domains/de/test/auto/CausalityInterface3.xml
auto.tcl: Setting watchdog for 200 seconds at Thu Jul 23 23:40:57 UTC 2020
3 ms. Memory: 48128K Free: 28431K (59%)
ptolemy.util.test.WatchDog.cancel(): canceling Thu Jul 23 23:40:57 UTC 2020
auto.tcl: Setting watchdog for 200 seconds at Thu Jul 23 23:40:57 UTC 2020
3 ms. Memory: 48128K Free: 27645K (57%)
ptolemy.util.test.WatchDog.cancel(): canceling Thu Jul 23 23:40:57 UTC 2020
------------------ testing $PTII/ptolemy/domains/de/test/auto/ClockDrift.xml
auto.tcl: Setting watchdog for 200 seconds at Thu Jul 23 23:40:57 UTC 2020
78 ms. Memory: 48128K Free: 20545K (43%)
ptolemy.util.test.WatchDog.cancel(): canceling Thu Jul 23 23:40:57 UTC 2020
auto.tcl: Setting watchdog for 200 seconds at Thu Jul 23 23:40:57 UTC 2020
51 ms. Memory: 48128K Free: 17589K (37%)
ptolemy.util.test.WatchDog.cancel(): canceling Thu Jul 23 23:40:57 UTC 2020
------------------ testing $PTII/ptolemy/domains/de/test/auto/ClockDriftAndValueChange.xml
auto.tcl: Setting watchdog for 200 seconds at Thu Jul 23 23:40:57 UTC 2020
25 ms. Memory: 48128K Free: 21097K (44%)
ptolemy.util.test.WatchDog.cancel(): canceling Thu Jul 23 23:40:57 UTC 2020
auto.tcl: Setting watchdog for 200 seconds at Thu Jul 23 23:40:57 UTC 2020
32 ms. Memory: 48128K Free: 18263K (38%)
ptolemy.util.test.WatchDog.cancel(): canceling Thu Jul 23 23:40:57 UTC 2020
------------------ testing $PTII/ptolemy/domains/de/test/auto/ClockDriftChange.xml
auto.tcl: Setting watchdog for 200 seconds at Thu Jul 23 23:40:57 UTC 2020
18 ms. Memory: 48128K Free: 23155K (48%)
ptolemy.util.test.WatchDog.cancel(): canceling Thu Jul 23 23:40:57 UTC 2020
auto.tcl: Setting watchdog for 200 seconds at Thu Jul 23 23:40:57 UTC 2020
19 ms. Memory: 48128K Free: 20600K (43%)
ptolemy.util.test.WatchDog.cancel(): canceling Thu Jul 23 23:40:57 UTC 2020
------------------ testing $PTII/ptolemy/domains/de/test/auto/ComposableCausalityAnalysis.xml
auto.tcl: Setting watchdog for 200 seconds at Thu Jul 23 23:40:58 UTC 2020
4 ms. Memory: 48128K Free: 27722K (58%)
ptolemy.util.test.WatchDog.cancel(): canceling Thu Jul 23 23:40:58 UTC 2020
auto.tcl: Setting watchdog for 200 seconds at Thu Jul 23 23:40:58 UTC 2020
2 ms. Memory: 48128K Free: 26703K (55%)
ptolemy.util.test.WatchDog.cancel(): canceling Thu Jul 23 23:40:58 UTC 2020
------------------ testing $PTII/ptolemy/domains/de/test/auto/DEFixedPointLimitation.xml
auto.tcl: Setting watchdog for 200 seconds at Thu Jul 23 23:40:58 UTC 2020
3 ms. Memory: 48128K Free: 29133K (61%)
ptolemy.util.test.WatchDog.cancel(): canceling Thu Jul 23 23:40:58 UTC 2020
auto.tcl: Setting watchdog for 200 seconds at Thu Jul 23 23:40:58 UTC 2020
1 ms. Memory: 48128K Free: 28225K (59%)
ptolemy.util.test.WatchDog.cancel(): canceling Thu Jul 23 23:40:58 UTC 2020
------------------ testing $PTII/ptolemy/domains/de/test/auto/DEScheduleTest.xml
auto.tcl: Setting watchdog for 200 seconds at Thu Jul 23 23:40:58 UTC 2020
7 ms. Memory: 48128K Free: 29420K (61%)
ptolemy.util.test.WatchDog.cancel(): canceling Thu Jul 23 23:40:58 UTC 2020
auto.tcl: Setting watchdog for 200 seconds at Thu Jul 23 23:40:58 UTC 2020
2 ms. Memory: 48128K Free: 28656K (60%)
ptolemy.util.test.WatchDog.cancel(): canceling Thu Jul 23 23:40:58 UTC 2020
------------------ testing $PTII/ptolemy/domains/de/test/auto/DEinDEwithStartTimes.xml
auto.tcl: Setting watchdog for 200 seconds at Thu Jul 23 23:40:58 UTC 2020
5 ms. Memory: 48128K Free: 27599K (57%)
ptolemy.util.test.WatchDog.cancel(): canceling Thu Jul 23 23:40:58 UTC 2020
auto.tcl: Setting watchdog for 200 seconds at Thu Jul 23 23:40:58 UTC 2020
5 ms. Memory: 48128K Free: 26557K (55%)
ptolemy.util.test.WatchDog.cancel(): canceling Thu Jul 23 23:40:58 UTC 2020
------------------ testing $PTII/ptolemy/domains/de/test/auto/DEinDEwithStartTimes2.xml
auto.tcl: Setting watchdog for 200 seconds at Thu Jul 23 23:40:58 UTC 2020
8 ms. Memory: 48128K Free: 26759K (56%)
ptolemy.util.test.WatchDog.cancel(): canceling Thu Jul 23 23:40:58 UTC 2020
auto.tcl: Setting watchdog for 200 seconds at Thu Jul 23 23:40:58 UTC 2020
3 ms. Memory: 48128K Free: 25509K (53%)
ptolemy.util.test.WatchDog.cancel(): canceling Thu Jul 23 23:40:58 UTC 2020
------------------ testing $PTII/ptolemy/domains/de/test/auto/DateDemo.xml
auto.tcl: Setting watchdog for 200 seconds at Thu Jul 23 23:40:58 UTC 2020
16 ms. Memory: 48128K Free: 21444K (45%)
ptolemy.util.test.WatchDog.cancel(): canceling Thu Jul 23 23:40:58 UTC 2020
auto.tcl: Setting watchdog for 200 seconds at Thu Jul 23 23:40:58 UTC 2020
5 ms. Memory: 48128K Free: 19590K (41%)
ptolemy.util.test.WatchDog.cancel(): canceling Thu Jul 23 23:40:58 UTC 2020
------------------ testing $PTII/ptolemy/domains/de/test/auto/DateToEvent.xml
auto.tcl: Setting watchdog for 200 seconds at Thu Jul 23 23:40:58 UTC 2020
2010 ms. Memory: 48128K Free: 17073K (35%)
ptolemy.util.test.WatchDog.cancel(): canceling Thu Jul 23 23:41:00 UTC 2020
auto.tcl: Setting watchdog for 200 seconds at Thu Jul 23 23:41:00 UTC 2020
2004 ms. Memory: 48128K Free: 16306K (34%)
ptolemy.util.test.WatchDog.cancel(): canceling Thu Jul 23 23:41:02 UTC 2020
------------------ testing $PTII/ptolemy/domains/de/test/auto/DepthTest1.xml
auto.tcl: Setting watchdog for 200 seconds at Thu Jul 23 23:41:02 UTC 2020
3 ms. Memory: 48128K Free: 30219K (63%)
ptolemy.util.test.WatchDog.cancel(): canceling Thu Jul 23 23:41:02 UTC 2020
auto.tcl: Setting watchdog for 200 seconds at Thu Jul 23 23:41:02 UTC 2020
2 ms. Memory: 48128K Free: 29817K (62%)
ptolemy.util.test.WatchDog.cancel(): canceling Thu Jul 23 23:41:02 UTC 2020
------------------ testing $PTII/ptolemy/domains/de/test/auto/DepthTest2.xml
auto.tcl: Setting watchdog for 200 seconds at Thu Jul 23 23:41:02 UTC 2020
3 ms. Memory: 48128K Free: 27060K (56%)
ptolemy.util.test.WatchDog.cancel(): canceling Thu Jul 23 23:41:02 UTC 2020
auto.tcl: Setting watchdog for 200 seconds at Thu Jul 23 23:41:02 UTC 2020
2 ms. Memory: 48128K Free: 26547K (55%)
ptolemy.util.test.WatchDog.cancel(): canceling Thu Jul 23 23:41:02 UTC 2020
------------------ testing $PTII/ptolemy/domains/de/test/auto/DepthTest3.xml
auto.tcl: Setting watchdog for 200 seconds at Thu Jul 23 23:41:02 UTC 2020
4 ms. Memory: 48128K Free: 30549K (63%)
ptolemy.util.test.WatchDog.cancel(): canceling Thu Jul 23 23:41:02 UTC 2020
auto.tcl: Setting watchdog for 200 seconds at Thu Jul 23 23:41:02 UTC 2020
1 ms. Memory: 48128K Free: 30122K (63%)
ptolemy.util.test.WatchDog.cancel(): canceling Thu Jul 23 23:41:02 UTC 2020
------------------ testing $PTII/ptolemy/domains/de/test/auto/DepthTest4.xml
auto.tcl: Setting watchdog for 200 seconds at Thu Jul 23 23:41:02 UTC 2020
11 ms. Memory: 48128K Free: 28900K (60%)
ptolemy.util.test.WatchDog.cancel(): canceling Thu Jul 23 23:41:02 UTC 2020
auto.tcl: Setting watchdog for 200 seconds at Thu Jul 23 23:41:02 UTC 2020
2 ms. Memory: 48128K Free: 28149K (58%)
ptolemy.util.test.WatchDog.cancel(): canceling Thu Jul 23 23:41:02 UTC 2020
------------------ testing $PTII/ptolemy/domains/de/test/auto/DepthTest5.xml
auto.tcl: Setting watchdog for 200 seconds at Thu Jul 23 23:41:02 UTC 2020
6 ms. Memory: 48128K Free: 28283K (59%)
ptolemy.util.test.WatchDog.cancel(): canceling Thu Jul 23 23:41:02 UTC 2020
auto.tcl: Setting watchdog for 200 seconds at Thu Jul 23 23:41:02 UTC 2020
2 ms. Memory: 48128K Free: 27511K (57%)
ptolemy.util.test.WatchDog.cancel(): canceling Thu Jul 23 23:41:02 UTC 2020
------------------ testing $PTII/ptolemy/domains/de/test/auto/DepthTest6.xml
auto.tcl: Setting watchdog for 200 seconds at Thu Jul 23 23:41:03 UTC 2020
5 ms. Memory: 48128K Free: 28010K (58%)
ptolemy.util.test.WatchDog.cancel(): canceling Thu Jul 23 23:41:03 UTC 2020
auto.tcl: Setting watchdog for 200 seconds at Thu Jul 23 23:41:03 UTC 2020
3 ms. Memory: 48128K Free: 27583K (57%)
ptolemy.util.test.WatchDog.cancel(): canceling Thu Jul 23 23:41:03 UTC 2020
------------------ testing $PTII/ptolemy/domains/de/test/auto/DepthTest7.xml
auto.tcl: Setting watchdog for 200 seconds at Thu Jul 23 23:41:03 UTC 2020
2 ms. Memory: 48128K Free: 28510K (59%)
ptolemy.util.test.WatchDog.cancel(): canceling Thu Jul 23 23:41:03 UTC 2020
auto.tcl: Setting watchdog for 200 seconds at Thu Jul 23 23:41:03 UTC 2020
2 ms. Memory: 48128K Free: 28074K (58%)
ptolemy.util.test.WatchDog.cancel(): canceling Thu Jul 23 23:41:03 UTC 2020
------------------ testing $PTII/ptolemy/domains/de/test/auto/EventToDate.xml
auto.tcl: Setting watchdog for 200 seconds at Thu Jul 23 23:41:03 UTC 2020
3008 ms. Memory: 48128K Free: 19629K (41%)
ptolemy.util.test.WatchDog.cancel(): canceling Thu Jul 23 23:41:06 UTC 2020
auto.tcl: Setting watchdog for 200 seconds at Thu Jul 23 23:41:06 UTC 2020
3004 ms. Memory: 48128K Free: 18917K (39%)
ptolemy.util.test.WatchDog.cancel(): canceling Thu Jul 23 23:41:09 UTC 2020
------------------ testing $PTII/ptolemy/domains/de/test/auto/FSM1.xml
auto.tcl: Setting watchdog for 200 seconds at Thu Jul 23 23:41:09 UTC 2020
28 ms. Memory: 48128K Free: 20307K (42%)
ptolemy.util.test.WatchDog.cancel(): canceling Thu Jul 23 23:41:09 UTC 2020
auto.tcl: Setting watchdog for 200 seconds at Thu Jul 23 23:41:09 UTC 2020
25 ms. Memory: 48128K Free: 17175K (36%)
ptolemy.util.test.WatchDog.cancel(): canceling Thu Jul 23 23:41:09 UTC 2020
------------------ testing $PTII/ptolemy/domains/de/test/auto/FSM7.xml
auto.tcl: Setting watchdog for 200 seconds at Thu Jul 23 23:41:09 UTC 2020
29 ms. Memory: 48128K Free: 20534K (43%)
ptolemy.util.test.WatchDog.cancel(): canceling Thu Jul 23 23:41:09 UTC 2020
auto.tcl: Setting watchdog for 200 seconds at Thu Jul 23 23:41:09 UTC 2020
22 ms. Memory: 48128K Free: 17366K (36%)
ptolemy.util.test.WatchDog.cancel(): canceling Thu Jul 23 23:41:09 UTC 2020
------------------ testing $PTII/ptolemy/domains/de/test/auto/Inspection.xml
auto.tcl: Setting watchdog for 200 seconds at Thu Jul 23 23:41:09 UTC 2020
31 ms. Memory: 48128K Free: 20564K (43%)
ptolemy.util.test.WatchDog.cancel(): canceling Thu Jul 23 23:41:09 UTC 2020
auto.tcl: Setting watchdog for 200 seconds at Thu Jul 23 23:41:09 UTC 2020
24 ms. Memory: 48128K Free: 18831K (39%)
ptolemy.util.test.WatchDog.cancel(): canceling Thu Jul 23 23:41:09 UTC 2020
------------------ testing $PTII/ptolemy/domains/de/test/auto/Iteration.xml
auto.tcl: Setting watchdog for 200 seconds at Thu Jul 23 23:41:09 UTC 2020
8 ms. Memory: 48128K Free: 26061K (54%)
ptolemy.util.test.WatchDog.cancel(): canceling Thu Jul 23 23:41:09 UTC 2020
auto.tcl: Setting watchdog for 200 seconds at Thu Jul 23 23:41:09 UTC 2020
7 ms. Memory: 48128K Free: 25037K (52%)
ptolemy.util.test.WatchDog.cancel(): canceling Thu Jul 23 23:41:09 UTC 2020
------------------ testing $PTII/ptolemy/domains/de/test/auto/LineFault.xml
auto.tcl: Setting watchdog for 200 seconds at Thu Jul 23 23:41:09 UTC 2020
613 ms. Memory: 48128K Free: 23332K (48%)
ptolemy.util.test.WatchDog.cancel(): canceling Thu Jul 23 23:41:10 UTC 2020
auto.tcl: Setting watchdog for 200 seconds at Thu Jul 23 23:41:10 UTC 2020
500 ms. Memory: 60416K Free: 22805K (38%)
ptolemy.util.test.WatchDog.cancel(): canceling Thu Jul 23 23:41:11 UTC 2020
------------------ testing $PTII/ptolemy/domains/de/test/auto/MergeModel1Add.xml
auto.tcl: Setting watchdog for 200 seconds at Thu Jul 23 23:41:11 UTC 2020
28 ms. Memory: 58368K Free: 21989K (38%)
ptolemy.util.test.WatchDog.cancel(): canceling Thu Jul 23 23:41:11 UTC 2020
auto.tcl: Setting watchdog for 200 seconds at Thu Jul 23 23:41:11 UTC 2020
11 ms. Memory: 58368K Free: 20542K (35%)
ptolemy.util.test.WatchDog.cancel(): canceling Thu Jul 23 23:41:11 UTC 2020
------------------ testing $PTII/ptolemy/domains/de/test/auto/MergeModel2Add.xml
auto.tcl: Setting watchdog for 200 seconds at Thu Jul 23 23:41:11 UTC 2020
9 ms. Memory: 55296K Free: 21540K (39%)
ptolemy.util.test.WatchDog.cancel(): canceling Thu Jul 23 23:41:11 UTC 2020
auto.tcl: Setting watchdog for 200 seconds at Thu Jul 23 23:41:11 UTC 2020
9 ms. Memory: 55296K Free: 19896K (36%)
ptolemy.util.test.WatchDog.cancel(): canceling Thu Jul 23 23:41:11 UTC 2020
------------------ testing $PTII/ptolemy/domains/de/test/auto/MergeModel3Add.xml
auto.tcl: Setting watchdog for 200 seconds at Thu Jul 23 23:41:11 UTC 2020
8 ms. Memory: 55296K Free: 22049K (40%)
ptolemy.util.test.WatchDog.cancel(): canceling Thu Jul 23 23:41:11 UTC 2020
auto.tcl: Setting watchdog for 200 seconds at Thu Jul 23 23:41:11 UTC 2020
8 ms. Memory: 55296K Free: 20333K (37%)
ptolemy.util.test.WatchDog.cancel(): canceling Thu Jul 23 23:41:11 UTC 2020
------------------ testing $PTII/ptolemy/domains/de/test/auto/MergeWithoutDiscard.xml
auto.tcl: Setting watchdog for 200 seconds at Thu Jul 23 23:41:11 UTC 2020
1 ms. Memory: 55296K Free: 35813K (65%)
ptolemy.util.test.WatchDog.cancel(): canceling Thu Jul 23 23:41:11 UTC 2020
auto.tcl: Setting watchdog for 200 seconds at Thu Jul 23 23:41:11 UTC 2020
1 ms. Memory: 55296K Free: 35377K (64%)
ptolemy.util.test.WatchDog.cancel(): canceling Thu Jul 23 23:41:11 UTC 2020
------------------ testing $PTII/ptolemy/domains/de/test/auto/Modal1.xml
auto.tcl: Setting watchdog for 200 seconds at Thu Jul 23 23:41:11 UTC 2020
11 ms. Memory: 51200K Free: 23679K (46%)
ptolemy.util.test.WatchDog.cancel(): canceling Thu Jul 23 23:41:11 UTC 2020
auto.tcl: Setting watchdog for 200 seconds at Thu Jul 23 23:41:11 UTC 2020
12 ms. Memory: 51200K Free: 20226K (40%)
ptolemy.util.test.WatchDog.cancel(): canceling Thu Jul 23 23:41:11 UTC 2020
------------------ testing $PTII/ptolemy/domains/de/test/auto/Modal2.xml
auto.tcl: Setting watchdog for 200 seconds at Thu Jul 23 23:41:11 UTC 2020
10 ms. Memory: 51200K Free: 23793K (46%)
ptolemy.util.test.WatchDog.cancel(): canceling Thu Jul 23 23:41:11 UTC 2020
auto.tcl: Setting watchdog for 200 seconds at Thu Jul 23 23:41:11 UTC 2020
12 ms. Memory: 51200K Free: 20530K (40%)
ptolemy.util.test.WatchDog.cancel(): canceling Thu Jul 23 23:41:11 UTC 2020
------------------ testing $PTII/ptolemy/domains/de/test/auto/Modal3.xml
auto.tcl: Setting watchdog for 200 seconds at Thu Jul 23 23:41:11 UTC 2020
13 ms. Memory: 51200K Free: 23320K (46%)
ptolemy.util.test.WatchDog.cancel(): canceling Thu Jul 23 23:41:11 UTC 2020
auto.tcl: Setting watchdog for 200 seconds at Thu Jul 23 23:41:11 UTC 2020
16 ms. Memory: 51200K Free: 20130K (39%)
ptolemy.util.test.WatchDog.cancel(): canceling Thu Jul 23 23:41:11 UTC 2020
------------------ testing $PTII/ptolemy/domains/de/test/auto/Modal4.xml
auto.tcl: Setting watchdog for 200 seconds at Thu Jul 23 23:41:11 UTC 2020
22 ms. Memory: 51200K Free: 22742K (44%)
ptolemy.util.test.WatchDog.cancel(): canceling Thu Jul 23 23:41:12 UTC 2020
auto.tcl: Setting watchdog for 200 seconds at Thu Jul 23 23:41:12 UTC 2020
20 ms. Memory: 51200K Free: 18906K (37%)
ptolemy.util.test.WatchDog.cancel(): canceling Thu Jul 23 23:41:12 UTC 2020
------------------ testing $PTII/ptolemy/domains/de/test/auto/Modal5.xml
auto.tcl: Setting watchdog for 200 seconds at Thu Jul 23 23:41:12 UTC 2020
15 ms. Memory: 51200K Free: 22712K (44%)
ptolemy.util.test.WatchDog.cancel(): canceling Thu Jul 23 23:41:12 UTC 2020
auto.tcl: Setting watchdog for 200 seconds at Thu Jul 23 23:41:12 UTC 2020
13 ms. Memory: 51200K Free: 18892K (37%)
ptolemy.util.test.WatchDog.cancel(): canceling Thu Jul 23 23:41:12 UTC 2020
------------------ testing $PTII/ptolemy/domains/de/test/auto/Modal6.xml
auto.tcl: Setting watchdog for 200 seconds at Thu Jul 23 23:41:12 UTC 2020
17 ms. Memory: 51200K Free: 23537K (46%)
ptolemy.util.test.WatchDog.cancel(): canceling Thu Jul 23 23:41:12 UTC 2020
auto.tcl: Setting watchdog for 200 seconds at Thu Jul 23 23:41:12 UTC 2020
18 ms. Memory: 51200K Free: 19549K (38%)
ptolemy.util.test.WatchDog.cancel(): canceling Thu Jul 23 23:41:12 UTC 2020
------------------ testing $PTII/ptolemy/domains/de/test/auto/Modal7.xml
auto.tcl: Setting watchdog for 200 seconds at Thu Jul 23 23:41:12 UTC 2020
14 ms. Memory: 51200K Free: 22484K (44%)
ptolemy.util.test.WatchDog.cancel(): canceling Thu Jul 23 23:41:12 UTC 2020
auto.tcl: Setting watchdog for 200 seconds at Thu Jul 23 23:41:12 UTC 2020
11 ms. Memory: 51200K Free: 18892K (37%)
ptolemy.util.test.WatchDog.cancel(): canceling Thu Jul 23 23:41:12 UTC 2020
------------------ testing $PTII/ptolemy/domains/de/test/auto/ModalModel.xml
auto.tcl: Setting watchdog for 200 seconds at Thu Jul 23 23:41:12 UTC 2020
194 ms. Memory: 51200K Free: 12822K (25%)
ptolemy.util.test.WatchDog.cancel(): canceling Thu Jul 23 23:41:12 UTC 2020
auto.tcl: Setting watchdog for 200 seconds at Thu Jul 23 23:41:12 UTC 2020
201 ms. Memory: 61440K Free: 40734K (66%)
ptolemy.util.test.WatchDog.cancel(): canceling Thu Jul 23 23:41:12 UTC 2020
------------------ testing $PTII/ptolemy/domains/de/test/auto/ModalSource.xml
auto.tcl: Setting watchdog for 200 seconds at Thu Jul 23 23:41:12 UTC 2020
6 ms. Memory: 58368K Free: 34734K (60%)
ptolemy.util.test.WatchDog.cancel(): canceling Thu Jul 23 23:41:12 UTC 2020
auto.tcl: Setting watchdog for 200 seconds at Thu Jul 23 23:41:12 UTC 2020
6 ms. Memory: 58368K Free: 32686K (56%)
ptolemy.util.test.WatchDog.cancel(): canceling Thu Jul 23 23:41:12 UTC 2020
------------------ testing $PTII/ptolemy/domains/de/test/auto/NonInterruptibleTimerZeroDelay.xml
auto.tcl: Setting watchdog for 200 seconds at Thu Jul 23 23:41:12 UTC 2020
4 ms. Memory: 51200K Free: 32500K (63%)
ptolemy.util.test.WatchDog.cancel(): canceling Thu Jul 23 23:41:12 UTC 2020
auto.tcl: Setting watchdog for 200 seconds at Thu Jul 23 23:41:12 UTC 2020
2 ms. Memory: 51200K Free: 31858K (62%)
ptolemy.util.test.WatchDog.cancel(): canceling Thu Jul 23 23:41:12 UTC 2020
------------------ testing $PTII/ptolemy/domains/de/test/auto/OpenQueueingNetwork.xml
auto.tcl: Setting watchdog for 200 seconds at Thu Jul 23 23:41:13 UTC 2020
2513 ms. Memory: 91136K Free: 64451K (71%)
ptolemy.util.test.WatchDog.cancel(): canceling Thu Jul 23 23:41:15 UTC 2020
auto.tcl: Setting watchdog for 200 seconds at Thu Jul 23 23:41:15 UTC 2020
2328 ms. Memory: 109568K Free: 39312K (36%)
ptolemy.util.test.WatchDog.cancel(): canceling Thu Jul 23 23:41:18 UTC 2020
------------------ testing $PTII/ptolemy/domains/de/test/auto/OpenQueuingNetwork.xml
auto.tcl: Setting watchdog for 200 seconds at Thu Jul 23 23:41:18 UTC 2020
255 ms. Memory: 58368K Free: 30691K (53%)
ptolemy.util.test.WatchDog.cancel(): canceling Thu Jul 23 23:41:18 UTC 2020
auto.tcl: Setting watchdog for 200 seconds at Thu Jul 23 23:41:18 UTC 2020
241 ms. Memory: 58368K Free: 12698K (22%)
ptolemy.util.test.WatchDog.cancel(): canceling Thu Jul 23 23:41:18 UTC 2020
------------------ testing $PTII/ptolemy/domains/de/test/auto/PeriodicSampler.xml
auto.tcl: Setting watchdog for 200 seconds at Thu Jul 23 23:41:18 UTC 2020
2 ms. Memory: 55296K Free: 35791K (65%)
ptolemy.util.test.WatchDog.cancel(): canceling Thu Jul 23 23:41:18 UTC 2020
auto.tcl: Setting watchdog for 200 seconds at Thu Jul 23 23:41:18 UTC 2020
2 ms. Memory: 55296K Free: 35271K (64%)
ptolemy.util.test.WatchDog.cancel(): canceling Thu Jul 23 23:41:18 UTC 2020
------------------ testing $PTII/ptolemy/domains/de/test/auto/PersistentIO.xml
auto.tcl: Setting watchdog for 200 seconds at Thu Jul 23 23:41:18 UTC 2020
5 ms. Memory: 51200K Free: 26621K (52%)
ptolemy.util.test.WatchDog.cancel(): canceling Thu Jul 23 23:41:18 UTC 2020
auto.tcl: Setting watchdog for 200 seconds at Thu Jul 23 23:41:18 UTC 2020
4 ms. Memory: 51200K Free: 25101K (49%)
ptolemy.util.test.WatchDog.cancel(): canceling Thu Jul 23 23:41:18 UTC 2020
------------------ testing $PTII/ptolemy/domains/de/test/auto/PortParameterResetOnInitialize.xml
auto.tcl: Setting watchdog for 200 seconds at Thu Jul 23 23:41:18 UTC 2020
7 ms. Memory: 51200K Free: 31619K (62%)
ptolemy.util.test.WatchDog.cancel(): canceling Thu Jul 23 23:41:18 UTC 2020
auto.tcl: Setting watchdog for 200 seconds at Thu Jul 23 23:41:18 UTC 2020
1 ms. Memory: 51200K Free: 31109K (61%)
ptolemy.util.test.WatchDog.cancel(): canceling Thu Jul 23 23:41:18 UTC 2020
------------------ testing $PTII/ptolemy/domains/de/test/auto/PortParameterUpdates.xml
auto.tcl: Setting watchdog for 200 seconds at Thu Jul 23 23:41:18 UTC 2020
4 ms. Memory: 51200K Free: 29689K (58%)
ptolemy.util.test.WatchDog.cancel(): canceling Thu Jul 23 23:41:18 UTC 2020
auto.tcl: Setting watchdog for 200 seconds at Thu Jul 23 23:41:18 UTC 2020
3 ms. Memory: 51200K Free: 28679K (56%)
ptolemy.util.test.WatchDog.cancel(): canceling Thu Jul 23 23:41:18 UTC 2020
------------------ testing $PTII/ptolemy/domains/de/test/auto/QueueAndServer.xml
auto.tcl: Setting watchdog for 200 seconds at Thu Jul 23 23:41:18 UTC 2020
14 ms. Memory: 51200K Free: 28858K (56%)
ptolemy.util.test.WatchDog.cancel(): canceling Thu Jul 23 23:41:18 UTC 2020
auto.tcl: Setting watchdog for 200 seconds at Thu Jul 23 23:41:18 UTC 2020
6 ms. Memory: 51200K Free: 27619K (54%)
ptolemy.util.test.WatchDog.cancel(): canceling Thu Jul 23 23:41:18 UTC 2020
------------------ testing $PTII/ptolemy/domains/de/test/auto/Records.xml
auto.tcl: Setting watchdog for 200 seconds at Thu Jul 23 23:41:19 UTC 2020
2 ms. Memory: 51200K Free: 30850K (60%)
ptolemy.util.test.WatchDog.cancel(): canceling Thu Jul 23 23:41:19 UTC 2020
auto.tcl: Setting watchdog for 200 seconds at Thu Jul 23 23:41:19 UTC 2020
2 ms. Memory: 51200K Free: 30303K (59%)
ptolemy.util.test.WatchDog.cancel(): canceling Thu Jul 23 23:41:19 UTC 2020
------------------ testing $PTII/ptolemy/domains/de/test/auto/ResetTransitionWithStartTime1.xml
auto.tcl: Setting watchdog for 200 seconds at Thu Jul 23 23:41:19 UTC 2020
10 ms. Memory: 51200K Free: 28142K (55%)
ptolemy.util.test.WatchDog.cancel(): canceling Thu Jul 23 23:41:19 UTC 2020
auto.tcl: Setting watchdog for 200 seconds at Thu Jul 23 23:41:19 UTC 2020
8 ms. Memory: 51200K Free: 25513K (50%)
ptolemy.util.test.WatchDog.cancel(): canceling Thu Jul 23 23:41:19 UTC 2020
------------------ testing $PTII/ptolemy/domains/de/test/auto/ResetTransitionWithStartTime2.xml
auto.tcl: Setting watchdog for 200 seconds at Thu Jul 23 23:41:19 UTC 2020
11 ms. Memory: 51200K Free: 28060K (55%)
ptolemy.util.test.WatchDog.cancel(): canceling Thu Jul 23 23:41:19 UTC 2020
auto.tcl: Setting watchdog for 200 seconds at Thu Jul 23 23:41:19 UTC 2020
7 ms. Memory: 51200K Free: 26010K (51%)
ptolemy.util.test.WatchDog.cancel(): canceling Thu Jul 23 23:41:19 UTC 2020
------------------ testing $PTII/ptolemy/domains/de/test/auto/ResetTransitionWithStartTime3.xml
auto.tcl: Setting watchdog for 200 seconds at Thu Jul 23 23:41:19 UTC 2020
10 ms. Memory: 51200K Free: 28059K (55%)
ptolemy.util.test.WatchDog.cancel(): canceling Thu Jul 23 23:41:19 UTC 2020
auto.tcl: Setting watchdog for 200 seconds at Thu Jul 23 23:41:19 UTC 2020
6 ms. Memory: 51200K Free: 26011K (51%)
ptolemy.util.test.WatchDog.cancel(): canceling Thu Jul 23 23:41:19 UTC 2020
------------------ testing $PTII/ptolemy/domains/de/test/auto/ResetTransitionWithStartTime4.xml
auto.tcl: Setting watchdog for 200 seconds at Thu Jul 23 23:41:19 UTC 2020
8 ms. Memory: 51200K Free: 28486K (56%)
ptolemy.util.test.WatchDog.cancel(): canceling Thu Jul 23 23:41:19 UTC 2020
auto.tcl: Setting watchdog for 200 seconds at Thu Jul 23 23:41:19 UTC 2020
4 ms. Memory: 51200K Free: 27034K (53%)
ptolemy.util.test.WatchDog.cancel(): canceling Thu Jul 23 23:41:19 UTC 2020
------------------ testing $PTII/ptolemy/domains/de/test/auto/ResettableTimer1.xml
auto.tcl: Setting watchdog for 200 seconds at Thu Jul 23 23:41:19 UTC 2020
2 ms. Memory: 51200K Free: 32271K (63%)
ptolemy.util.test.WatchDog.cancel(): canceling Thu Jul 23 23:41:19 UTC 2020
auto.tcl: Setting watchdog for 200 seconds at Thu Jul 23 23:41:19 UTC 2020
2 ms. Memory: 51200K Free: 31606K (62%)
ptolemy.util.test.WatchDog.cancel(): canceling Thu Jul 23 23:41:19 UTC 2020
------------------ testing $PTII/ptolemy/domains/de/test/auto/ResettableTimer2.xml
auto.tcl: Setting watchdog for 200 seconds at Thu Jul 23 23:41:19 UTC 2020
3 ms. Memory: 51200K Free: 32330K (63%)
ptolemy.util.test.WatchDog.cancel(): canceling Thu Jul 23 23:41:19 UTC 2020
auto.tcl: Setting watchdog for 200 seconds at Thu Jul 23 23:41:19 UTC 2020
2 ms. Memory: 51200K Free: 31673K (62%)
ptolemy.util.test.WatchDog.cancel(): canceling Thu Jul 23 23:41:19 UTC 2020
------------------ testing $PTII/ptolemy/domains/de/test/auto/ResettableTimer3.xml
auto.tcl: Setting watchdog for 200 seconds at Thu Jul 23 23:41:19 UTC 2020
1 ms. Memory: 51200K Free: 32590K (64%)
ptolemy.util.test.WatchDog.cancel(): canceling Thu Jul 23 23:41:19 UTC 2020
auto.tcl: Setting watchdog for 200 seconds at Thu Jul 23 23:41:19 UTC 2020
1 ms. Memory: 51200K Free: 31664K (62%)
ptolemy.util.test.WatchDog.cancel(): canceling Thu Jul 23 23:41:19 UTC 2020
------------------ testing $PTII/ptolemy/domains/de/test/auto/ResettableTimer4.xml
auto.tcl: Setting watchdog for 200 seconds at Thu Jul 23 23:41:19 UTC 2020
1 ms. Memory: 51200K Free: 32205K (63%)
ptolemy.util.test.WatchDog.cancel(): canceling Thu Jul 23 23:41:19 UTC 2020
auto.tcl: Setting watchdog for 200 seconds at Thu Jul 23 23:41:19 UTC 2020
1 ms. Memory: 51200K Free: 31691K (62%)
ptolemy.util.test.WatchDog.cancel(): canceling Thu Jul 23 23:41:19 UTC 2020
------------------ testing $PTII/ptolemy/domains/de/test/auto/ResettableTimer5.xml
auto.tcl: Setting watchdog for 200 seconds at Thu Jul 23 23:41:19 UTC 2020
1 ms. Memory: 51200K Free: 32204K (63%)
ptolemy.util.test.WatchDog.cancel(): canceling Thu Jul 23 23:41:19 UTC 2020
auto.tcl: Setting watchdog for 200 seconds at Thu Jul 23 23:41:19 UTC 2020
2 ms. Memory: 51200K Free: 31690K (62%)
ptolemy.util.test.WatchDog.cancel(): canceling Thu Jul 23 23:41:19 UTC 2020
------------------ testing $PTII/ptolemy/domains/de/test/auto/ResettableTimer6.xml
auto.tcl: Setting watchdog for 200 seconds at Thu Jul 23 23:41:19 UTC 2020
1 ms. Memory: 51200K Free: 31680K (62%)
ptolemy.util.test.WatchDog.cancel(): canceling Thu Jul 23 23:41:19 UTC 2020
auto.tcl: Setting watchdog for 200 seconds at Thu Jul 23 23:41:19 UTC 2020
2 ms. Memory: 51200K Free: 31170K (61%)
ptolemy.util.test.WatchDog.cancel(): canceling Thu Jul 23 23:41:19 UTC 2020
------------------ testing $PTII/ptolemy/domains/de/test/auto/ServerZeroDelay.xml
auto.tcl: Setting watchdog for 200 seconds at Thu Jul 23 23:41:19 UTC 2020
4 ms. Memory: 51200K Free: 32185K (63%)
ptolemy.util.test.WatchDog.cancel(): canceling Thu Jul 23 23:41:19 UTC 2020
auto.tcl: Setting watchdog for 200 seconds at Thu Jul 23 23:41:19 UTC 2020
2 ms. Memory: 51200K Free: 31161K (61%)
ptolemy.util.test.WatchDog.cancel(): canceling Thu Jul 23 23:41:19 UTC 2020
------------------ testing $PTII/ptolemy/domains/de/test/auto/SmartSender.xml
auto.tcl: Setting watchdog for 200 seconds at Thu Jul 23 23:41:19 UTC 2020
3001 ms. Memory: 51200K Free: 32180K (63%)
ptolemy.util.test.WatchDog.cancel(): canceling Thu Jul 23 23:41:22 UTC 2020
auto.tcl: Setting watchdog for 200 seconds at Thu Jul 23 23:41:22 UTC 2020
3001 ms. Memory: 51200K Free: 31636K (62%)
ptolemy.util.test.WatchDog.cancel(): canceling Thu Jul 23 23:41:25 UTC 2020
------------------ testing $PTII/ptolemy/domains/de/test/auto/ThreadedComposite.xml
auto.tcl: Setting watchdog for 200 seconds at Thu Jul 23 23:41:25 UTC 2020
349 ms. Memory: 51200K Free: 6594K (13%)
ptolemy.util.test.WatchDog.cancel(): canceling Thu Jul 23 23:41:26 UTC 2020
auto.tcl: Setting watchdog for 200 seconds at Thu Jul 23 23:41:26 UTC 2020
218 ms. Memory: 61440K Free: 33333K (54%)
ptolemy.util.test.WatchDog.cancel(): canceling Thu Jul 23 23:41:26 UTC 2020
------------------ testing $PTII/ptolemy/domains/de/test/auto/Time.xml
auto.tcl: Setting watchdog for 200 seconds at Thu Jul 23 23:41:26 UTC 2020
521 ms. Memory: 55296K Free: 14908K (27%)
ptolemy.util.test.WatchDog.cancel(): canceling Thu Jul 23 23:41:27 UTC 2020
auto.tcl: Setting watchdog for 200 seconds at Thu Jul 23 23:41:27 UTC 2020
448 ms. Memory: 55296K Free: 24588K (44%)
ptolemy.util.test.WatchDog.cancel(): canceling Thu Jul 23 23:41:27 UTC 2020
------------------ testing $PTII/ptolemy/domains/de/test/auto/TimeDelayZeroDelay.xml
auto.tcl: Setting watchdog for 200 seconds at Thu Jul 23 23:41:27 UTC 2020
2 ms. Memory: 55296K Free: 36710K (66%)
ptolemy.util.test.WatchDog.cancel(): canceling Thu Jul 23 23:41:27 UTC 2020
auto.tcl: Setting watchdog for 200 seconds at Thu Jul 23 23:41:27 UTC 2020
2 ms. Memory: 55296K Free: 35817K (65%)
ptolemy.util.test.WatchDog.cancel(): canceling Thu Jul 23 23:41:27 UTC 2020
------------------ testing $PTII/ptolemy/domains/de/test/auto/TimerZeroDelay.xml
auto.tcl: Setting watchdog for 200 seconds at Thu Jul 23 23:41:27 UTC 2020
3 ms. Memory: 55296K Free: 36618K (66%)
ptolemy.util.test.WatchDog.cancel(): canceling Thu Jul 23 23:41:27 UTC 2020
auto.tcl: Setting watchdog for 200 seconds at Thu Jul 23 23:41:27 UTC 2020
3 ms. Memory: 55296K Free: 35874K (65%)
ptolemy.util.test.WatchDog.cancel(): canceling Thu Jul 23 23:41:27 UTC 2020
------------------ testing $PTII/ptolemy/domains/de/test/auto/TimingParadox.xml
auto.tcl: Setting watchdog for 200 seconds at Thu Jul 23 23:41:27 UTC 2020
360 ms. Memory: 55296K Free: 28437K (51%)
ptolemy.util.test.WatchDog.cancel(): canceling Thu Jul 23 23:41:28 UTC 2020
auto.tcl: Setting watchdog for 200 seconds at Thu Jul 23 23:41:28 UTC 2020
343 ms. Memory: 55296K Free: 22789K (41%)
ptolemy.util.test.WatchDog.cancel(): canceling Thu Jul 23 23:41:28 UTC 2020
------------------ testing $PTII/ptolemy/domains/de/test/auto/TransferInputs.xml
auto.tcl: Setting watchdog for 200 seconds at Thu Jul 23 23:41:28 UTC 2020
1 ms. Memory: 55296K Free: 34716K (63%)
ptolemy.util.test.WatchDog.cancel(): canceling Thu Jul 23 23:41:28 UTC 2020
auto.tcl: Setting watchdog for 200 seconds at Thu Jul 23 23:41:28 UTC 2020
2 ms. Memory: 55296K Free: 33776K (61%)
ptolemy.util.test.WatchDog.cancel(): canceling Thu Jul 23 23:41:28 UTC 2020
------------------ testing $PTII/ptolemy/domains/de/test/auto/TransferOutputs2.xml
auto.tcl: Setting watchdog for 200 seconds at Thu Jul 23 23:41:28 UTC 2020
3 ms. Memory: 51200K Free: 28063K (55%)
ptolemy.util.test.WatchDog.cancel(): canceling Thu Jul 23 23:41:28 UTC 2020
auto.tcl: Setting watchdog for 200 seconds at Thu Jul 23 23:41:28 UTC 2020
3 ms. Memory: 51200K Free: 26638K (52%)
ptolemy.util.test.WatchDog.cancel(): canceling Thu Jul 23 23:41:28 UTC 2020
------------------ testing $PTII/ptolemy/domains/de/test/auto/Trilateration.xml
auto.tcl: Setting watchdog for 200 seconds at Thu Jul 23 23:41:28 UTC 2020
12319 ms. Memory: 502784K Free: 362171K (72%)
ptolemy.util.test.WatchDog.cancel(): canceling Thu Jul 23 23:41:42 UTC 2020
auto.tcl: Setting watchdog for 200 seconds at Thu Jul 23 23:41:42 UTC 2020
8940 ms. Memory: 502784K Free: 415276K (83%)
ptolemy.util.test.WatchDog.cancel(): canceling Thu Jul 23 23:41:50 UTC 2020
------------------ testing $PTII/ptolemy/domains/de/test/auto/TwoSigmaDelta.xml
auto.tcl: Setting watchdog for 200 seconds at Thu Jul 23 23:41:51 UTC 2020
2459 ms. Memory: 92160K Free: 28278K (31%)
ptolemy.util.test.WatchDog.cancel(): canceling Thu Jul 23 23:41:53 UTC 2020
auto.tcl: Setting watchdog for 200 seconds at Thu Jul 23 23:41:53 UTC 2020
1614 ms. Memory: 92160K Free: 29278K (32%)
ptolemy.util.test.WatchDog.cancel(): canceling Thu Jul 23 23:41:55 UTC 2020
------------------ testing $PTII/ptolemy/domains/de/test/auto/VariableDelay.xml
auto.tcl: Setting watchdog for 200 seconds at Thu Jul 23 23:41:55 UTC 2020
3 ms. Memory: 58368K Free: 38268K (66%)
ptolemy.util.test.WatchDog.cancel(): canceling Thu Jul 23 23:41:55 UTC 2020
auto.tcl: Setting watchdog for 200 seconds at Thu Jul 23 23:41:55 UTC 2020
2 ms. Memory: 58368K Free: 37274K (64%)
ptolemy.util.test.WatchDog.cancel(): canceling Thu Jul 23 23:41:55 UTC 2020
------------------ testing $PTII/ptolemy/domains/de/test/auto/VariableDelay2.xml
auto.tcl: Setting watchdog for 200 seconds at Thu Jul 23 23:41:55 UTC 2020
3 ms. Memory: 55296K Free: 35789K (65%)
ptolemy.util.test.WatchDog.cancel(): canceling Thu Jul 23 23:41:55 UTC 2020
auto.tcl: Setting watchdog for 200 seconds at Thu Jul 23 23:41:55 UTC 2020
2 ms. Memory: 55296K Free: 35115K (64%)
ptolemy.util.test.WatchDog.cancel(): canceling Thu Jul 23 23:41:55 UTC 2020
------------------ testing $PTII/ptolemy/domains/de/test/auto/VariableDelayZeroDelay.xml
auto.tcl: Setting watchdog for 200 seconds at Thu Jul 23 23:41:55 UTC 2020
2 ms. Memory: 55296K Free: 36138K (65%)
ptolemy.util.test.WatchDog.cancel(): canceling Thu Jul 23 23:41:55 UTC 2020
auto.tcl: Setting watchdog for 200 seconds at Thu Jul 23 23:41:55 UTC 2020
2 ms. Memory: 55296K Free: 35610K (64%)
ptolemy.util.test.WatchDog.cancel(): canceling Thu Jul 23 23:41:55 UTC 2020
------------------ testing $PTII/ptolemy/domains/de/test/auto/VariableDelayZeroDelay2.xml
auto.tcl: Setting watchdog for 200 seconds at Thu Jul 23 23:41:55 UTC 2020
3 ms. Memory: 55296K Free: 36137K (65%)
ptolemy.util.test.WatchDog.cancel(): canceling Thu Jul 23 23:41:55 UTC 2020
auto.tcl: Setting watchdog for 200 seconds at Thu Jul 23 23:41:55 UTC 2020
2 ms. Memory: 55296K Free: 35113K (64%)
ptolemy.util.test.WatchDog.cancel(): canceling Thu Jul 23 23:41:55 UTC 2020
------------------ testing $PTII/ptolemy/domains/de/test/auto/deInCt.xml
auto.tcl: Setting watchdog for 200 seconds at Thu Jul 23 23:41:55 UTC 2020
0
1
1
0
0
0
1
1
1
1
1
0
0
0
1
1
1
0
0
0
0
1
1
1
0
0
0
0
1
1
1
1
0
0
0
1
1
0
0
0
0
11 ms. Memory: 55296K Free: 35109K (63%)
ptolemy.util.test.WatchDog.cancel(): canceling Thu Jul 23 23:41:55 UTC 2020
auto.tcl: Setting watchdog for 200 seconds at Thu Jul 23 23:41:55 UTC 2020
0
1
1
0
0
0
1
1
1
0
0
0
0
1
1
1
0
0
0
0
0
1
1
1
0
0
0
0
1
1
1
1
0
0
0
1
1
1
1
1
5 ms. Memory: 55296K Free: 33557K (61%)
ptolemy.util.test.WatchDog.cancel(): canceling Thu Jul 23 23:41:55 UTC 2020
------------------ testing $PTII/ptolemy/domains/de/test/auto/deInCt2.xml
auto.tcl: Setting watchdog for 200 seconds at Thu Jul 23 23:41:55 UTC 2020
0
1
1
1
0
0
1
1
1
0
0
1
1
1
0
0
1
1
1
0
0
1
1
1
0
0
1
1
1
0
0
1
1
1
0
0
1
1
1
0
0
0
8 ms. Memory: 55296K Free: 35110K (63%)
ptolemy.util.test.WatchDog.cancel(): canceling Thu Jul 23 23:41:55 UTC 2020
auto.tcl: Setting watchdog for 200 seconds at Thu Jul 23 23:41:55 UTC 2020
0
1
1
1
0
0
1
1
1
0
0
1
1
1
0
0
1
1
1
0
0
1
1
1
0
0
1
1
1
0
0
1
1
1
0
0
1
1
1
0
0
0
8 ms. Memory: 55296K Free: 33572K (61%)
ptolemy.util.test.WatchDog.cancel(): canceling Thu Jul 23 23:41:55 UTC 2020
------------------ testing $PTII/ptolemy/domains/de/test/auto/dynamicCausalityInterface1.xml
auto.tcl: Setting watchdog for 200 seconds at Thu Jul 23 23:41:55 UTC 2020
2 ms. Memory: 55296K Free: 30494K (55%)
ptolemy.util.test.WatchDog.cancel(): canceling Thu Jul 23 23:41:55 UTC 2020
auto.tcl: Setting watchdog for 200 seconds at Thu Jul 23 23:41:55 UTC 2020
1 ms. Memory: 55296K Free: 29984K (54%)
ptolemy.util.test.WatchDog.cancel(): canceling Thu Jul 23 23:41:55 UTC 2020
------------------ testing $PTII/ptolemy/domains/de/test/auto/fsm_de_test.xml
auto.tcl: Setting watchdog for 200 seconds at Thu Jul 23 23:41:55 UTC 2020
11 ms. Memory: 55296K Free: 30379K (55%)
ptolemy.util.test.WatchDog.cancel(): canceling Thu Jul 23 23:41:55 UTC 2020
auto.tcl: Setting watchdog for 200 seconds at Thu Jul 23 23:41:55 UTC 2020
6 ms. Memory: 55296K Free: 28859K (52%)
ptolemy.util.test.WatchDog.cancel(): canceling Thu Jul 23 23:41:55 UTC 2020
------------------ testing $PTII/ptolemy/domains/de/test/auto/functionDependencyReconstruction.xml
auto.tcl: Setting watchdog for 200 seconds at Thu Jul 23 23:41:55 UTC 2020
5 ms. Memory: 55296K Free: 24752K (45%)
ptolemy.util.test.WatchDog.cancel(): canceling Thu Jul 23 23:41:55 UTC 2020
auto.tcl: Setting watchdog for 200 seconds at Thu Jul 23 23:41:55 UTC 2020
3 ms. Memory: 55296K Free: 22704K (41%)
ptolemy.util.test.WatchDog.cancel(): canceling Thu Jul 23 23:41:55 UTC 2020
------------------ testing $PTII/ptolemy/domains/de/test/auto/multirate.xml
auto.tcl: Setting watchdog for 200 seconds at Thu Jul 23 23:41:55 UTC 2020
3 ms. Memory: 55296K Free: 33516K (61%)
ptolemy.util.test.WatchDog.cancel(): canceling Thu Jul 23 23:41:55 UTC 2020
auto.tcl: Setting watchdog for 200 seconds at Thu Jul 23 23:41:55 UTC 2020
2 ms. Memory: 55296K Free: 31801K (58%)
ptolemy.util.test.WatchDog.cancel(): canceling Thu Jul 23 23:41:55 UTC 2020
------------------ testing $PTII/ptolemy/domains/de/test/auto/multirate2.xml
auto.tcl: Setting watchdog for 200 seconds at Thu Jul 23 23:41:56 UTC 2020
2 ms. Memory: 51200K Free: 29606K (58%)
ptolemy.util.test.WatchDog.cancel(): canceling Thu Jul 23 23:41:56 UTC 2020
auto.tcl: Setting watchdog for 200 seconds at Thu Jul 23 23:41:56 UTC 2020
2 ms. Memory: 51200K Free: 27887K (54%)
ptolemy.util.test.WatchDog.cancel(): canceling Thu Jul 23 23:41:56 UTC 2020
------------------ testing $PTII/ptolemy/domains/de/test/auto/realtime.xml
auto.tcl: Setting watchdog for 200 seconds at Thu Jul 23 23:41:56 UTC 2020
10002 ms. Memory: 51200K Free: 31692K (62%)
ptolemy.util.test.WatchDog.cancel(): canceling Thu Jul 23 23:42:06 UTC 2020
auto.tcl: Setting watchdog for 200 seconds at Thu Jul 23 23:42:06 UTC 2020
10001 ms. Memory: 51200K Free: 31153K (61%)
ptolemy.util.test.WatchDog.cancel(): canceling Thu Jul 23 23:42:16 UTC 2020
------------------ testing $PTII/ptolemy/domains/de/test/auto/relationGroup.xml
auto.tcl: Setting watchdog for 200 seconds at Thu Jul 23 23:42:16 UTC 2020
1 ms. Memory: 51200K Free: 32760K (64%)
ptolemy.util.test.WatchDog.cancel(): canceling Thu Jul 23 23:42:16 UTC 2020
auto.tcl: Setting watchdog for 200 seconds at Thu Jul 23 23:42:16 UTC 2020
1 ms. Memory: 51200K Free: 32248K (63%)
ptolemy.util.test.WatchDog.cancel(): canceling Thu Jul 23 23:42:16 UTC 2020
------------------ testing $PTII/ptolemy/domains/de/test/auto/relationGroup2.xml
auto.tcl: Setting watchdog for 200 seconds at Thu Jul 23 23:42:16 UTC 2020
2 ms. Memory: 51200K Free: 32572K (64%)
ptolemy.util.test.WatchDog.cancel(): canceling Thu Jul 23 23:42:16 UTC 2020
auto.tcl: Setting watchdog for 200 seconds at Thu Jul 23 23:42:16 UTC 2020
1 ms. Memory: 51200K Free: 31560K (62%)
ptolemy.util.test.WatchDog.cancel(): canceling Thu Jul 23 23:42:16 UTC 2020
------------------ testing $PTII/ptolemy/domains/de/test/auto/sortWithOpaquePorts.xml
auto.tcl: Setting watchdog for 200 seconds at Thu Jul 23 23:42:16 UTC 2020
1 ms. Memory: 51200K Free: 31534K (62%)
ptolemy.util.test.WatchDog.cancel(): canceling Thu Jul 23 23:42:16 UTC 2020
auto.tcl: Setting watchdog for 200 seconds at Thu Jul 23 23:42:16 UTC 2020
2 ms. Memory: 51200K Free: 30537K (60%)
ptolemy.util.test.WatchDog.cancel(): canceling Thu Jul 23 23:42:16 UTC 2020
------------------ testing $PTII/ptolemy/domains/de/test/auto/transferInputsandOutputs.xml
auto.tcl: Setting watchdog for 200 seconds at Thu Jul 23 23:42:16 UTC 2020
2 ms. Memory: 51200K Free: 28978K (57%)
ptolemy.util.test.WatchDog.cancel(): canceling Thu Jul 23 23:42:16 UTC 2020
auto.tcl: Setting watchdog for 200 seconds at Thu Jul 23 23:42:16 UTC 2020
2 ms. Memory: 51200K Free: 27965K (55%)
ptolemy.util.test.WatchDog.cancel(): canceling Thu Jul 23 23:42:16 UTC 2020
------------------ testing $PTII/ptolemy/domains/de/test/auto/triggerType.xml
auto.tcl: Setting watchdog for 200 seconds at Thu Jul 23 23:42:16 UTC 2020
1 ms. Memory: 51200K Free: 32002K (63%)
ptolemy.util.test.WatchDog.cancel(): canceling Thu Jul 23 23:42:16 UTC 2020
auto.tcl: Setting watchdog for 200 seconds at Thu Jul 23 23:42:16 UTC 2020
2 ms. Memory: 51200K Free: 30978K (61%)
ptolemy.util.test.WatchDog.cancel(): canceling Thu Jul 23 23:42:16 UTC 2020
07/23/20 11:42:16
Failed: 0  Total Tests: 192  ((Passed: 187, Newly Passed: 1)  Known Failed: 5) /home/travis/build/icyphy/ptII/ptolemy/domains/de/test
07/23/20 11:42:16
Failed: 0  Total Tests: 192  ((Passed: 187, Newly Passed: 1)  Known Failed: 5) /home/travis/build/icyphy/ptII/ptolemy/domains/de/test
----------------- testing (KnownFailure) /home/travis/build/icyphy/ptII/ptolemy/domains/de/test/auto/knownFailedTests/DESDFClockTest.xml
2014 ms. Memory: 51200K Free: 24888K (49%)
Known Failure: java.lang.reflect.InvocationTargetException
----------------- testing (KnownFailure) /home/travis/build/icyphy/ptII/ptolemy/domains/de/test/auto/knownFailedTests/DirectFeedback.xml
2 ms. Memory: 51200K Free: 21302K (42%)
Known Failure: java.lang.reflect.InvocationTargetException
----------------- testing (KnownFailure) /home/travis/build/icyphy/ptII/ptolemy/domains/de/test/auto/knownFailedTests/FSMSource.xml
14 ms. Memory: 51200K Free: 13096K (26%)
----------------- testing (KnownFailure) /home/travis/build/icyphy/ptII/ptolemy/domains/de/test/auto/knownFailedTests/HierarchicalModel.xml
3 ms. Memory: 51200K Free: 26182K (51%)
Known Failure: java.lang.reflect.InvocationTargetException
----------------- testing (KnownFailure) /home/travis/build/icyphy/ptII/ptolemy/domains/de/test/auto/knownFailedTests/dependencyLoop.xml
2 ms. Memory: 51200K Free: 10838K (21%)
Known Failure: java.lang.reflect.InvocationTargetException
----------------- testing (KnownFailure) /home/travis/build/icyphy/ptII/ptolemy/domains/de/test/auto/knownFailedTests/dependencyLoop2.xml
7 ms. Memory: 51200K Free: 24489K (48%)
Known Failure: java.lang.reflect.InvocationTargetException
No auto/linux-amd64/*.xml tests in /home/travis/build/icyphy/ptII/ptolemy/domains/de/test
AutoTests.java: About to close Vertx.
AutoTests.java: Vertx closed.

===========================================================================================
----------------- testing Thu Jul 23 23:42:18 UTC 2020 /home/travis/build/icyphy/ptII/ptolemy/domains/de/test/auto/ActorDepthCalculation_actorWithoutPorts.xml
----------------- Instantiating /home/travis/build/icyphy/ptII/ptolemy/domains/de/test/auto/ActorDepthCalculation_actorWithoutPorts.xml
1 ms. Memory: 51200K Free: 17610K (34%)
----------------- Invoking toplevel() on ptolemy.moml.MoMLSimpleApplication@2443c2e7
----------------- Done invoking toplevel() on ptolemy.moml.MoMLSimpleApplication@2443c2e7
reloadAllAccessors: .ActorDepthCalculation_actorWithoutPorts

===========================================================================================
----------------- testing Thu Jul 23 23:42:18 UTC 2020 /home/travis/build/icyphy/ptII/ptolemy/domains/de/test/auto/AssemblyLine.xml
----------------- Instantiating /home/travis/build/icyphy/ptII/ptolemy/domains/de/test/auto/AssemblyLine.xml
4 ms. Memory: 51200K Free: 10799K (21%)
----------------- Invoking toplevel() on ptolemy.moml.MoMLSimpleApplication@11709c67
----------------- Done invoking toplevel() on ptolemy.moml.MoMLSimpleApplication@11709c67
reloadAllAccessors: .AssemblyLine

===========================================================================================
----------------- testing Thu Jul 23 23:42:18 UTC 2020 /home/travis/build/icyphy/ptII/ptolemy/domains/de/test/auto/CQBug1.xml
----------------- Instantiating /home/travis/build/icyphy/ptII/ptolemy/domains/de/test/auto/CQBug1.xml
1 ms. Memory: 51200K Free: 8016K (16%)
----------------- Invoking toplevel() on ptolemy.moml.MoMLSimpleApplication@1131b6d4
----------------- Done invoking toplevel() on ptolemy.moml.MoMLSimpleApplication@1131b6d4
reloadAllAccessors: .CQBug1

===========================================================================================
----------------- testing Thu Jul 23 23:42:18 UTC 2020 /home/travis/build/icyphy/ptII/ptolemy/domains/de/test/auto/CancelFireAt.xml
----------------- Instantiating /home/travis/build/icyphy/ptII/ptolemy/domains/de/test/auto/CancelFireAt.xml
1 ms. Memory: 51200K Free: 34431K (67%)
----------------- Invoking toplevel() on ptolemy.moml.MoMLSimpleApplication@62db34a0
----------------- Done invoking toplevel() on ptolemy.moml.MoMLSimpleApplication@62db34a0
reloadAllAccessors: .CancelFireAt

===========================================================================================
----------------- testing Thu Jul 23 23:42:18 UTC 2020 /home/travis/build/icyphy/ptII/ptolemy/domains/de/test/auto/CausalityAndComposabilityAnalysis.xml
----------------- Instantiating /home/travis/build/icyphy/ptII/ptolemy/domains/de/test/auto/CausalityAndComposabilityAnalysis.xml
3 ms. Memory: 51200K Free: 30080K (59%)
----------------- Invoking toplevel() on ptolemy.moml.MoMLSimpleApplication@769f02bd
----------------- Done invoking toplevel() on ptolemy.moml.MoMLSimpleApplication@769f02bd
reloadAllAccessors: .CausalityAndComposabilityAnalysis

===========================================================================================
----------------- testing Thu Jul 23 23:42:18 UTC 2020 /home/travis/build/icyphy/ptII/ptolemy/domains/de/test/auto/CausalityInterface1.xml
----------------- Instantiating /home/travis/build/icyphy/ptII/ptolemy/domains/de/test/auto/CausalityInterface1.xml
5 ms. Memory: 51200K Free: 24944K (49%)
----------------- Invoking toplevel() on ptolemy.moml.MoMLSimpleApplication@3dddb33d
----------------- Done invoking toplevel() on ptolemy.moml.MoMLSimpleApplication@3dddb33d
reloadAllAccessors: .CausalityInterface1

===========================================================================================
----------------- testing Thu Jul 23 23:42:18 UTC 2020 /home/travis/build/icyphy/ptII/ptolemy/domains/de/test/auto/CausalityInterface15.xml
----------------- Instantiating /home/travis/build/icyphy/ptII/ptolemy/domains/de/test/auto/CausalityInterface15.xml
2 ms. Memory: 51200K Free: 19450K (38%)
----------------- Invoking toplevel() on ptolemy.moml.MoMLSimpleApplication@35318d72
----------------- Done invoking toplevel() on ptolemy.moml.MoMLSimpleApplication@35318d72
reloadAllAccessors: .CausalityInterface15

===========================================================================================
----------------- testing Thu Jul 23 23:42:18 UTC 2020 /home/travis/build/icyphy/ptII/ptolemy/domains/de/test/auto/CausalityInterface2.xml
----------------- Instantiating /home/travis/build/icyphy/ptII/ptolemy/domains/de/test/auto/CausalityInterface2.xml
2 ms. Memory: 51200K Free: 15007K (29%)
----------------- Invoking toplevel() on ptolemy.moml.MoMLSimpleApplication@437c03dd
----------------- Done invoking toplevel() on ptolemy.moml.MoMLSimpleApplication@437c03dd
reloadAllAccessors: .CausalityInterface2

===========================================================================================
----------------- testing Thu Jul 23 23:42:18 UTC 2020 /home/travis/build/icyphy/ptII/ptolemy/domains/de/test/auto/CausalityInterface3.xml
----------------- Instantiating /home/travis/build/icyphy/ptII/ptolemy/domains/de/test/auto/CausalityInterface3.xml
2 ms. Memory: 51200K Free: 10190K (20%)
----------------- Invoking toplevel() on ptolemy.moml.MoMLSimpleApplication@5d67c05e
----------------- Done invoking toplevel() on ptolemy.moml.MoMLSimpleApplication@5d67c05e
reloadAllAccessors: .CausalityInterface3

===========================================================================================
----------------- testing Thu Jul 23 23:42:18 UTC 2020 /home/travis/build/icyphy/ptII/ptolemy/domains/de/test/auto/ClockDrift.xml
----------------- Instantiating /home/travis/build/icyphy/ptII/ptolemy/domains/de/test/auto/ClockDrift.xml
14 ms. Memory: 51200K Free: 26949K (53%)
----------------- Invoking toplevel() on ptolemy.moml.MoMLSimpleApplication@766624a3
----------------- Done invoking toplevel() on ptolemy.moml.MoMLSimpleApplication@766624a3
reloadAllAccessors: .ClockDrift

===========================================================================================
----------------- testing Thu Jul 23 23:42:18 UTC 2020 /home/travis/build/icyphy/ptII/ptolemy/domains/de/test/auto/ClockDriftAndValueChange.xml
----------------- Instantiating /home/travis/build/icyphy/ptII/ptolemy/domains/de/test/auto/ClockDriftAndValueChange.xml
9 ms. Memory: 51200K Free: 15302K (30%)
----------------- Invoking toplevel() on ptolemy.moml.MoMLSimpleApplication@2656a497
----------------- Done invoking toplevel() on ptolemy.moml.MoMLSimpleApplication@2656a497
reloadAllAccessors: .ClockDriftAndValueChange

===========================================================================================
----------------- testing Thu Jul 23 23:42:18 UTC 2020 /home/travis/build/icyphy/ptII/ptolemy/domains/de/test/auto/ClockDriftChange.xml
----------------- Instantiating /home/travis/build/icyphy/ptII/ptolemy/domains/de/test/auto/ClockDriftChange.xml
8 ms. Memory: 51200K Free: 33069K (65%)
----------------- Invoking toplevel() on ptolemy.moml.MoMLSimpleApplication@72431136
----------------- Done invoking toplevel() on ptolemy.moml.MoMLSimpleApplication@72431136
reloadAllAccessors: .ClockDriftChange

===========================================================================================
----------------- testing Thu Jul 23 23:42:19 UTC 2020 /home/travis/build/icyphy/ptII/ptolemy/domains/de/test/auto/ComposableCausalityAnalysis.xml
----------------- Instantiating /home/travis/build/icyphy/ptII/ptolemy/domains/de/test/auto/ComposableCausalityAnalysis.xml
1 ms. Memory: 51200K Free: 27264K (53%)
----------------- Invoking toplevel() on ptolemy.moml.MoMLSimpleApplication@43bff9bc
----------------- Done invoking toplevel() on ptolemy.moml.MoMLSimpleApplication@43bff9bc
reloadAllAccessors: .ComposableCausalityAnalysis

===========================================================================================
----------------- testing Thu Jul 23 23:42:19 UTC 2020 /home/travis/build/icyphy/ptII/ptolemy/domains/de/test/auto/DEFixedPointLimitation.xml
----------------- Instantiating /home/travis/build/icyphy/ptII/ptolemy/domains/de/test/auto/DEFixedPointLimitation.xml
1 ms. Memory: 51200K Free: 22743K (44%)
----------------- Invoking toplevel() on ptolemy.moml.MoMLSimpleApplication@bf8aebf
----------------- Done invoking toplevel() on ptolemy.moml.MoMLSimpleApplication@bf8aebf
reloadAllAccessors: .DEFixedPointLimitation

===========================================================================================
----------------- testing Thu Jul 23 23:42:19 UTC 2020 /home/travis/build/icyphy/ptII/ptolemy/domains/de/test/auto/DEScheduleTest.xml
----------------- Instantiating /home/travis/build/icyphy/ptII/ptolemy/domains/de/test/auto/DEScheduleTest.xml
3 ms. Memory: 51200K Free: 18567K (36%)
----------------- Invoking toplevel() on ptolemy.moml.MoMLSimpleApplication@ff35fb6
----------------- Done invoking toplevel() on ptolemy.moml.MoMLSimpleApplication@ff35fb6
reloadAllAccessors: .DEScheduleTest

===========================================================================================
----------------- testing Thu Jul 23 23:42:19 UTC 2020 /home/travis/build/icyphy/ptII/ptolemy/domains/de/test/auto/DEinDEwithStartTimes.xml
----------------- Instantiating /home/travis/build/icyphy/ptII/ptolemy/domains/de/test/auto/DEinDEwithStartTimes.xml
2 ms. Memory: 51200K Free: 12744K (25%)
----------------- Invoking toplevel() on ptolemy.moml.MoMLSimpleApplication@77d9afee
----------------- Done invoking toplevel() on ptolemy.moml.MoMLSimpleApplication@77d9afee
reloadAllAccessors: .DEinDEwithStartTimes

===========================================================================================
----------------- testing Thu Jul 23 23:42:19 UTC 2020 /home/travis/build/icyphy/ptII/ptolemy/domains/de/test/auto/DEinDEwithStartTimes2.xml
----------------- Instantiating /home/travis/build/icyphy/ptII/ptolemy/domains/de/test/auto/DEinDEwithStartTimes2.xml
2 ms. Memory: 51200K Free: 33789K (66%)
----------------- Invoking toplevel() on ptolemy.moml.MoMLSimpleApplication@5fe69edd
----------------- Done invoking toplevel() on ptolemy.moml.MoMLSimpleApplication@5fe69edd
reloadAllAccessors: .DEinDEwithStartTimes2

===========================================================================================
----------------- testing Thu Jul 23 23:42:19 UTC 2020 /home/travis/build/icyphy/ptII/ptolemy/domains/de/test/auto/DateDemo.xml
----------------- Instantiating /home/travis/build/icyphy/ptII/ptolemy/domains/de/test/auto/DateDemo.xml
8 ms. Memory: 51200K Free: 22866K (45%)
----------------- Invoking toplevel() on ptolemy.moml.MoMLSimpleApplication@29dde7cf
----------------- Done invoking toplevel() on ptolemy.moml.MoMLSimpleApplication@29dde7cf
reloadAllAccessors: .DateDemo

===========================================================================================
----------------- testing Thu Jul 23 23:42:19 UTC 2020 /home/travis/build/icyphy/ptII/ptolemy/domains/de/test/auto/DateToEvent.xml
----------------- Instantiating /home/travis/build/icyphy/ptII/ptolemy/domains/de/test/auto/DateToEvent.xml
2003 ms. Memory: 51200K Free: 34110K (67%)
----------------- Invoking toplevel() on ptolemy.moml.MoMLSimpleApplication@5af35650
----------------- Done invoking toplevel() on ptolemy.moml.MoMLSimpleApplication@5af35650
reloadAllAccessors: .DateToEvent

===========================================================================================
----------------- testing Thu Jul 23 23:42:21 UTC 2020 /home/travis/build/icyphy/ptII/ptolemy/domains/de/test/auto/DepthTest1.xml
----------------- Instantiating /home/travis/build/icyphy/ptII/ptolemy/domains/de/test/auto/DepthTest1.xml
1 ms. Memory: 51200K Free: 31225K (61%)
----------------- Invoking toplevel() on ptolemy.moml.MoMLSimpleApplication@43b4fa0d
----------------- Done invoking toplevel() on ptolemy.moml.MoMLSimpleApplication@43b4fa0d
reloadAllAccessors: .DepthTest1

===========================================================================================
----------------- testing Thu Jul 23 23:42:21 UTC 2020 /home/travis/build/icyphy/ptII/ptolemy/domains/de/test/auto/DepthTest2.xml
----------------- Instantiating /home/travis/build/icyphy/ptII/ptolemy/domains/de/test/auto/DepthTest2.xml
2 ms. Memory: 51200K Free: 24894K (49%)
----------------- Invoking toplevel() on ptolemy.moml.MoMLSimpleApplication@6d5dc50f
----------------- Done invoking toplevel() on ptolemy.moml.MoMLSimpleApplication@6d5dc50f
reloadAllAccessors: .DepthTest2

===========================================================================================
----------------- testing Thu Jul 23 23:42:21 UTC 2020 /home/travis/build/icyphy/ptII/ptolemy/domains/de/test/auto/DepthTest3.xml
----------------- Instantiating /home/travis/build/icyphy/ptII/ptolemy/domains/de/test/auto/DepthTest3.xml
1 ms. Memory: 51200K Free: 21808K (43%)
----------------- Invoking toplevel() on ptolemy.moml.MoMLSimpleApplication@74cdf401
----------------- Done invoking toplevel() on ptolemy.moml.MoMLSimpleApplication@74cdf401
reloadAllAccessors: .DepthTest3

===========================================================================================
----------------- testing Thu Jul 23 23:42:21 UTC 2020 /home/travis/build/icyphy/ptII/ptolemy/domains/de/test/auto/DepthTest4.xml
----------------- Instantiating /home/travis/build/icyphy/ptII/ptolemy/domains/de/test/auto/DepthTest4.xml
2 ms. Memory: 51200K Free: 17087K (33%)
----------------- Invoking toplevel() on ptolemy.moml.MoMLSimpleApplication@6b0b9ee9
----------------- Done invoking toplevel() on ptolemy.moml.MoMLSimpleApplication@6b0b9ee9
reloadAllAccessors: .DepthTest4

===========================================================================================
----------------- testing Thu Jul 23 23:42:21 UTC 2020 /home/travis/build/icyphy/ptII/ptolemy/domains/de/test/auto/DepthTest5.xml
----------------- Instantiating /home/travis/build/icyphy/ptII/ptolemy/domains/de/test/auto/DepthTest5.xml
10 ms. Memory: 51200K Free: 11775K (23%)
----------------- Invoking toplevel() on ptolemy.moml.MoMLSimpleApplication@5bed721e
----------------- Done invoking toplevel() on ptolemy.moml.MoMLSimpleApplication@5bed721e
reloadAllAccessors: .DepthTest5

===========================================================================================
----------------- testing Thu Jul 23 23:42:21 UTC 2020 /home/travis/build/icyphy/ptII/ptolemy/domains/de/test/auto/DepthTest6.xml
----------------- Instantiating /home/travis/build/icyphy/ptII/ptolemy/domains/de/test/auto/DepthTest6.xml
1 ms. Memory: 51200K Free: 34397K (67%)
----------------- Invoking toplevel() on ptolemy.moml.MoMLSimpleApplication@233cf03a
----------------- Done invoking toplevel() on ptolemy.moml.MoMLSimpleApplication@233cf03a
reloadAllAccessors: .DepthTest6

===========================================================================================
----------------- testing Thu Jul 23 23:42:21 UTC 2020 /home/travis/build/icyphy/ptII/ptolemy/domains/de/test/auto/DepthTest7.xml
----------------- Instantiating /home/travis/build/icyphy/ptII/ptolemy/domains/de/test/auto/DepthTest7.xml
1 ms. Memory: 51200K Free: 29662K (58%)
----------------- Invoking toplevel() on ptolemy.moml.MoMLSimpleApplication@45df0427
----------------- Done invoking toplevel() on ptolemy.moml.MoMLSimpleApplication@45df0427
reloadAllAccessors: .DepthTest7

===========================================================================================
----------------- testing Thu Jul 23 23:42:21 UTC 2020 /home/travis/build/icyphy/ptII/ptolemy/domains/de/test/auto/EventToDate.xml
----------------- Instantiating /home/travis/build/icyphy/ptII/ptolemy/domains/de/test/auto/EventToDate.xml
3009 ms. Memory: 51200K Free: 15965K (31%)
----------------- Invoking toplevel() on ptolemy.moml.MoMLSimpleApplication@1175a44c
----------------- Done invoking toplevel() on ptolemy.moml.MoMLSimpleApplication@1175a44c
reloadAllAccessors: .EventToDate

===========================================================================================
----------------- testing Thu Jul 23 23:42:24 UTC 2020 /home/travis/build/icyphy/ptII/ptolemy/domains/de/test/auto/FSM1.xml
----------------- Instantiating /home/travis/build/icyphy/ptII/ptolemy/domains/de/test/auto/FSM1.xml
26 ms. Memory: 51200K Free: 31626K (62%)
----------------- Invoking toplevel() on ptolemy.moml.MoMLSimpleApplication@12af58e7
----------------- Done invoking toplevel() on ptolemy.moml.MoMLSimpleApplication@12af58e7
reloadAllAccessors: .FSM1

===========================================================================================
----------------- testing Thu Jul 23 23:42:24 UTC 2020 /home/travis/build/icyphy/ptII/ptolemy/domains/de/test/auto/FSM7.xml
----------------- Instantiating /home/travis/build/icyphy/ptII/ptolemy/domains/de/test/auto/FSM7.xml
20 ms. Memory: 51200K Free: 19208K (38%)
----------------- Invoking toplevel() on ptolemy.moml.MoMLSimpleApplication@7bbb9500
----------------- Done invoking toplevel() on ptolemy.moml.MoMLSimpleApplication@7bbb9500
reloadAllAccessors: .FSM7

===========================================================================================
----------------- testing Thu Jul 23 23:42:24 UTC 2020 /home/travis/build/icyphy/ptII/ptolemy/domains/de/test/auto/Inspection.xml
----------------- Instantiating /home/travis/build/icyphy/ptII/ptolemy/domains/de/test/auto/Inspection.xml
19 ms. Memory: 51200K Free: 34615K (68%)
----------------- Invoking toplevel() on ptolemy.moml.MoMLSimpleApplication@4f8da346
----------------- Done invoking toplevel() on ptolemy.moml.MoMLSimpleApplication@4f8da346
reloadAllAccessors: .Inspection

===========================================================================================
----------------- testing Thu Jul 23 23:42:24 UTC 2020 /home/travis/build/icyphy/ptII/ptolemy/domains/de/test/auto/Iteration.xml
----------------- Instantiating /home/travis/build/icyphy/ptII/ptolemy/domains/de/test/auto/Iteration.xml
9 ms. Memory: 51200K Free: 27724K (54%)
----------------- Invoking toplevel() on ptolemy.moml.MoMLSimpleApplication@1dbab9b3
----------------- Done invoking toplevel() on ptolemy.moml.MoMLSimpleApplication@1dbab9b3
reloadAllAccessors: .Iteration

===========================================================================================
----------------- testing Thu Jul 23 23:42:24 UTC 2020 /home/travis/build/icyphy/ptII/ptolemy/domains/de/test/auto/LineFault.xml
----------------- Instantiating /home/travis/build/icyphy/ptII/ptolemy/domains/de/test/auto/LineFault.xml
411 ms. Memory: 51200K Free: 21976K (43%)
----------------- Invoking toplevel() on ptolemy.moml.MoMLSimpleApplication@1790e60f
----------------- Done invoking toplevel() on ptolemy.moml.MoMLSimpleApplication@1790e60f
reloadAllAccessors: .LineFault

===========================================================================================
----------------- testing Thu Jul 23 23:42:25 UTC 2020 /home/travis/build/icyphy/ptII/ptolemy/domains/de/test/auto/MergeModel1Add.xml
----------------- Instantiating /home/travis/build/icyphy/ptII/ptolemy/domains/de/test/auto/MergeModel1Add.xml
6 ms. Memory: 51200K Free: 28553K (56%)
----------------- Invoking toplevel() on ptolemy.moml.MoMLSimpleApplication@50349ecc
----------------- Done invoking toplevel() on ptolemy.moml.MoMLSimpleApplication@50349ecc
reloadAllAccessors: .MergeModel1Add

===========================================================================================
----------------- testing Thu Jul 23 23:42:25 UTC 2020 /home/travis/build/icyphy/ptII/ptolemy/domains/de/test/auto/MergeModel2Add.xml
----------------- Instantiating /home/travis/build/icyphy/ptII/ptolemy/domains/de/test/auto/MergeModel2Add.xml
6 ms. Memory: 51200K Free: 10633K (21%)
----------------- Invoking toplevel() on ptolemy.moml.MoMLSimpleApplication@6f922178
----------------- Done invoking toplevel() on ptolemy.moml.MoMLSimpleApplication@6f922178
reloadAllAccessors: .MergeModel2Add

===========================================================================================
----------------- testing Thu Jul 23 23:42:25 UTC 2020 /home/travis/build/icyphy/ptII/ptolemy/domains/de/test/auto/MergeModel3Add.xml
----------------- Instantiating /home/travis/build/icyphy/ptII/ptolemy/domains/de/test/auto/MergeModel3Add.xml
5 ms. Memory: 51200K Free: 18727K (37%)
----------------- Invoking toplevel() on ptolemy.moml.MoMLSimpleApplication@29f825da
----------------- Done invoking toplevel() on ptolemy.moml.MoMLSimpleApplication@29f825da
reloadAllAccessors: .MergeModel3Add

===========================================================================================
----------------- testing Thu Jul 23 23:42:25 UTC 2020 /home/travis/build/icyphy/ptII/ptolemy/domains/de/test/auto/MergeWithoutDiscard.xml
----------------- Instantiating /home/travis/build/icyphy/ptII/ptolemy/domains/de/test/auto/MergeWithoutDiscard.xml
1 ms. Memory: 51200K Free: 14593K (29%)
----------------- Invoking toplevel() on ptolemy.moml.MoMLSimpleApplication@207444bf
----------------- Done invoking toplevel() on ptolemy.moml.MoMLSimpleApplication@207444bf
reloadAllAccessors: .MergeWithoutDiscard

===========================================================================================
----------------- testing Thu Jul 23 23:42:25 UTC 2020 /home/travis/build/icyphy/ptII/ptolemy/domains/de/test/auto/Modal1.xml
----------------- Instantiating /home/travis/build/icyphy/ptII/ptolemy/domains/de/test/auto/Modal1.xml
10 ms. Memory: 51200K Free: 28211K (55%)
----------------- Invoking toplevel() on ptolemy.moml.MoMLSimpleApplication@4680efc0
----------------- Done invoking toplevel() on ptolemy.moml.MoMLSimpleApplication@4680efc0
reloadAllAccessors: .Modal1

===========================================================================================
----------------- testing Thu Jul 23 23:42:25 UTC 2020 /home/travis/build/icyphy/ptII/ptolemy/domains/de/test/auto/Modal2.xml
----------------- Instantiating /home/travis/build/icyphy/ptII/ptolemy/domains/de/test/auto/Modal2.xml
9 ms. Memory: 51200K Free: 16160K (32%)
----------------- Invoking toplevel() on ptolemy.moml.MoMLSimpleApplication@7b661769
----------------- Done invoking toplevel() on ptolemy.moml.MoMLSimpleApplication@7b661769
reloadAllAccessors: .Modal2

===========================================================================================
----------------- testing Thu Jul 23 23:42:25 UTC 2020 /home/travis/build/icyphy/ptII/ptolemy/domains/de/test/auto/Modal3.xml
----------------- Instantiating /home/travis/build/icyphy/ptII/ptolemy/domains/de/test/auto/Modal3.xml
6 ms. Memory: 51200K Free: 29430K (57%)
----------------- Invoking toplevel() on ptolemy.moml.MoMLSimpleApplication@3d63f69
----------------- Done invoking toplevel() on ptolemy.moml.MoMLSimpleApplication@3d63f69
reloadAllAccessors: .Modal3

===========================================================================================
----------------- testing Thu Jul 23 23:42:25 UTC 2020 /home/travis/build/icyphy/ptII/ptolemy/domains/de/test/auto/Modal4.xml
----------------- Instantiating /home/travis/build/icyphy/ptII/ptolemy/domains/de/test/auto/Modal4.xml
11 ms. Memory: 51200K Free: 16376K (32%)
----------------- Invoking toplevel() on ptolemy.moml.MoMLSimpleApplication@1a314e38
----------------- Done invoking toplevel() on ptolemy.moml.MoMLSimpleApplication@1a314e38
reloadAllAccessors: .Modal4

===========================================================================================
----------------- testing Thu Jul 23 23:42:25 UTC 2020 /home/travis/build/icyphy/ptII/ptolemy/domains/de/test/auto/Modal5.xml
----------------- Instantiating /home/travis/build/icyphy/ptII/ptolemy/domains/de/test/auto/Modal5.xml
10 ms. Memory: 51200K Free: 29212K (57%)
----------------- Invoking toplevel() on ptolemy.moml.MoMLSimpleApplication@4974adc3
----------------- Done invoking toplevel() on ptolemy.moml.MoMLSimpleApplication@4974adc3
reloadAllAccessors: .Modal5

===========================================================================================
----------------- testing Thu Jul 23 23:42:25 UTC 2020 /home/travis/build/icyphy/ptII/ptolemy/domains/de/test/auto/Modal6.xml
----------------- Instantiating /home/travis/build/icyphy/ptII/ptolemy/domains/de/test/auto/Modal6.xml
9 ms. Memory: 51200K Free: 16646K (33%)
----------------- Invoking toplevel() on ptolemy.moml.MoMLSimpleApplication@dcae11c
----------------- Done invoking toplevel() on ptolemy.moml.MoMLSimpleApplication@dcae11c
reloadAllAccessors: .Modal6

===========================================================================================
----------------- testing Thu Jul 23 23:42:25 UTC 2020 /home/travis/build/icyphy/ptII/ptolemy/domains/de/test/auto/Modal7.xml
----------------- Instantiating /home/travis/build/icyphy/ptII/ptolemy/domains/de/test/auto/Modal7.xml
9 ms. Memory: 61440K Free: 39103K (64%)
----------------- Invoking toplevel() on ptolemy.moml.MoMLSimpleApplication@7a8ae8f6
----------------- Done invoking toplevel() on ptolemy.moml.MoMLSimpleApplication@7a8ae8f6
reloadAllAccessors: .Modal7

===========================================================================================
----------------- testing Thu Jul 23 23:42:25 UTC 2020 /home/travis/build/icyphy/ptII/ptolemy/domains/de/test/auto/ModalModel.xml
----------------- Instantiating /home/travis/build/icyphy/ptII/ptolemy/domains/de/test/auto/ModalModel.xml
124 ms. Memory: 61440K Free: 34891K (57%)
----------------- Invoking toplevel() on ptolemy.moml.MoMLSimpleApplication@6739df25
----------------- Done invoking toplevel() on ptolemy.moml.MoMLSimpleApplication@6739df25
reloadAllAccessors: .ModalModel

===========================================================================================
----------------- testing Thu Jul 23 23:42:25 UTC 2020 /home/travis/build/icyphy/ptII/ptolemy/domains/de/test/auto/ModalSource.xml
----------------- Instantiating /home/travis/build/icyphy/ptII/ptolemy/domains/de/test/auto/ModalSource.xml
5 ms. Memory: 61440K Free: 26350K (43%)
----------------- Invoking toplevel() on ptolemy.moml.MoMLSimpleApplication@548f84c7
----------------- Done invoking toplevel() on ptolemy.moml.MoMLSimpleApplication@548f84c7
reloadAllAccessors: .ModalSource

===========================================================================================
----------------- testing Thu Jul 23 23:42:25 UTC 2020 /home/travis/build/icyphy/ptII/ptolemy/domains/de/test/auto/NonInterruptibleTimerZeroDelay.xml
----------------- Instantiating /home/travis/build/icyphy/ptII/ptolemy/domains/de/test/auto/NonInterruptibleTimerZeroDelay.xml
1 ms. Memory: 61440K Free: 22627K (37%)
----------------- Invoking toplevel() on ptolemy.moml.MoMLSimpleApplication@3f11edab
----------------- Done invoking toplevel() on ptolemy.moml.MoMLSimpleApplication@3f11edab
reloadAllAccessors: .NonInterruptibleTimerZeroDelay

===========================================================================================
----------------- testing Thu Jul 23 23:42:25 UTC 2020 /home/travis/build/icyphy/ptII/ptolemy/domains/de/test/auto/OpenQueueingNetwork.xml
----------------- Instantiating /home/travis/build/icyphy/ptII/ptolemy/domains/de/test/auto/OpenQueueingNetwork.xml
2282 ms. Memory: 169984K Free: 140069K (82%)
----------------- Invoking toplevel() on ptolemy.moml.MoMLSimpleApplication@13abd592
----------------- Done invoking toplevel() on ptolemy.moml.MoMLSimpleApplication@13abd592
reloadAllAccessors: .OpenQueueingNetwork

===========================================================================================
----------------- testing Thu Jul 23 23:42:28 UTC 2020 /home/travis/build/icyphy/ptII/ptolemy/domains/de/test/auto/OpenQueuingNetwork.xml
----------------- Instantiating /home/travis/build/icyphy/ptII/ptolemy/domains/de/test/auto/OpenQueuingNetwork.xml
226 ms. Memory: 169984K Free: 151695K (89%)
----------------- Invoking toplevel() on ptolemy.moml.MoMLSimpleApplication@749de15d
----------------- Done invoking toplevel() on ptolemy.moml.MoMLSimpleApplication@749de15d
reloadAllAccessors: .OpenQueuingNetwork

===========================================================================================
----------------- testing Thu Jul 23 23:42:28 UTC 2020 /home/travis/build/icyphy/ptII/ptolemy/domains/de/test/auto/PeriodicSampler.xml
----------------- Instantiating /home/travis/build/icyphy/ptII/ptolemy/domains/de/test/auto/PeriodicSampler.xml
4 ms. Memory: 169984K Free: 147085K (87%)
----------------- Invoking toplevel() on ptolemy.moml.MoMLSimpleApplication@74fa6b9d
----------------- Done invoking toplevel() on ptolemy.moml.MoMLSimpleApplication@74fa6b9d
reloadAllAccessors: .PeriodicSampler

===========================================================================================
----------------- testing Thu Jul 23 23:42:28 UTC 2020 /home/travis/build/icyphy/ptII/ptolemy/domains/de/test/auto/PersistentIO.xml
----------------- Instantiating /home/travis/build/icyphy/ptII/ptolemy/domains/de/test/auto/PersistentIO.xml
3 ms. Memory: 169984K Free: 137359K (81%)
----------------- Invoking toplevel() on ptolemy.moml.MoMLSimpleApplication@4aa20876
----------------- Done invoking toplevel() on ptolemy.moml.MoMLSimpleApplication@4aa20876
reloadAllAccessors: .PersistentIO

===========================================================================================
----------------- testing Thu Jul 23 23:42:28 UTC 2020 /home/travis/build/icyphy/ptII/ptolemy/domains/de/test/auto/PortParameterResetOnInitialize.xml
----------------- Instantiating /home/travis/build/icyphy/ptII/ptolemy/domains/de/test/auto/PortParameterResetOnInitialize.xml
1 ms. Memory: 169984K Free: 132743K (78%)
----------------- Invoking toplevel() on ptolemy.moml.MoMLSimpleApplication@7fb4e857
----------------- Done invoking toplevel() on ptolemy.moml.MoMLSimpleApplication@7fb4e857
reloadAllAccessors: .PortParameterResetOnInitialize

===========================================================================================
----------------- testing Thu Jul 23 23:42:28 UTC 2020 /home/travis/build/icyphy/ptII/ptolemy/domains/de/test/auto/PortParameterUpdates.xml
----------------- Instantiating /home/travis/build/icyphy/ptII/ptolemy/domains/de/test/auto/PortParameterUpdates.xml
5 ms. Memory: 169984K Free: 126095K (74%)
----------------- Invoking toplevel() on ptolemy.moml.MoMLSimpleApplication@662fed7f
----------------- Done invoking toplevel() on ptolemy.moml.MoMLSimpleApplication@662fed7f
reloadAllAccessors: .PortParameterUpdates

===========================================================================================
----------------- testing Thu Jul 23 23:42:28 UTC 2020 /home/travis/build/icyphy/ptII/ptolemy/domains/de/test/auto/QueueAndServer.xml
----------------- Instantiating /home/travis/build/icyphy/ptII/ptolemy/domains/de/test/auto/QueueAndServer.xml
5 ms. Memory: 169984K Free: 118413K (70%)
----------------- Invoking toplevel() on ptolemy.moml.MoMLSimpleApplication@60d460e8
----------------- Done invoking toplevel() on ptolemy.moml.MoMLSimpleApplication@60d460e8
reloadAllAccessors: .QueueAndServer

===========================================================================================
----------------- testing Thu Jul 23 23:42:28 UTC 2020 /home/travis/build/icyphy/ptII/ptolemy/domains/de/test/auto/Records.xml
----------------- Instantiating /home/travis/build/icyphy/ptII/ptolemy/domains/de/test/auto/Records.xml
3 ms. Memory: 169984K Free: 112783K (66%)
----------------- Invoking toplevel() on ptolemy.moml.MoMLSimpleApplication@3c1b7d3d
----------------- Done invoking toplevel() on ptolemy.moml.MoMLSimpleApplication@3c1b7d3d
reloadAllAccessors: .Records

===========================================================================================
----------------- testing Thu Jul 23 23:42:28 UTC 2020 /home/travis/build/icyphy/ptII/ptolemy/domains/de/test/auto/ResetTransitionWithStartTime1.xml
----------------- Instantiating /home/travis/build/icyphy/ptII/ptolemy/domains/de/test/auto/ResetTransitionWithStartTime1.xml
4 ms. Memory: 169984K Free: 104591K (62%)
----------------- Invoking toplevel() on ptolemy.moml.MoMLSimpleApplication@3c859c1c
----------------- Done invoking toplevel() on ptolemy.moml.MoMLSimpleApplication@3c859c1c
reloadAllAccessors: .ResetTransitionWithStartTime1

===========================================================================================
----------------- testing Thu Jul 23 23:42:28 UTC 2020 /home/travis/build/icyphy/ptII/ptolemy/domains/de/test/auto/ResetTransitionWithStartTime2.xml
----------------- Instantiating /home/travis/build/icyphy/ptII/ptolemy/domains/de/test/auto/ResetTransitionWithStartTime2.xml
4 ms. Memory: 169984K Free: 96399K (57%)
----------------- Invoking toplevel() on ptolemy.moml.MoMLSimpleApplication@2f9e9fcf
----------------- Done invoking toplevel() on ptolemy.moml.MoMLSimpleApplication@2f9e9fcf
reloadAllAccessors: .ResetTransitionWithStartTime2

===========================================================================================
----------------- testing Thu Jul 23 23:42:28 UTC 2020 /home/travis/build/icyphy/ptII/ptolemy/domains/de/test/auto/ResetTransitionWithStartTime3.xml
----------------- Instantiating /home/travis/build/icyphy/ptII/ptolemy/domains/de/test/auto/ResetTransitionWithStartTime3.xml
4 ms. Memory: 169984K Free: 88207K (52%)
----------------- Invoking toplevel() on ptolemy.moml.MoMLSimpleApplication@11a1e0a8
----------------- Done invoking toplevel() on ptolemy.moml.MoMLSimpleApplication@11a1e0a8
reloadAllAccessors: .ResetTransitionWithStartTime3

===========================================================================================
----------------- testing Thu Jul 23 23:42:28 UTC 2020 /home/travis/build/icyphy/ptII/ptolemy/domains/de/test/auto/ResetTransitionWithStartTime4.xml
----------------- Instantiating /home/travis/build/icyphy/ptII/ptolemy/domains/de/test/auto/ResetTransitionWithStartTime4.xml
5 ms. Memory: 169984K Free: 80519K (47%)
----------------- Invoking toplevel() on ptolemy.moml.MoMLSimpleApplication@7c1e93da
----------------- Done invoking toplevel() on ptolemy.moml.MoMLSimpleApplication@7c1e93da
reloadAllAccessors: .ResetTransitionWithStartTime4

===========================================================================================
----------------- testing Thu Jul 23 23:42:28 UTC 2020 /home/travis/build/icyphy/ptII/ptolemy/domains/de/test/auto/ResettableTimer1.xml
----------------- Instantiating /home/travis/build/icyphy/ptII/ptolemy/domains/de/test/auto/ResettableTimer1.xml
1 ms. Memory: 169984K Free: 76415K (45%)
----------------- Invoking toplevel() on ptolemy.moml.MoMLSimpleApplication@791b3dae
----------------- Done invoking toplevel() on ptolemy.moml.MoMLSimpleApplication@791b3dae
reloadAllAccessors: .ResettableTimer1

===========================================================================================
----------------- testing Thu Jul 23 23:42:28 UTC 2020 /home/travis/build/icyphy/ptII/ptolemy/domains/de/test/auto/ResettableTimer2.xml
----------------- Instantiating /home/travis/build/icyphy/ptII/ptolemy/domains/de/test/auto/ResettableTimer2.xml
1 ms. Memory: 169984K Free: 72333K (43%)
----------------- Invoking toplevel() on ptolemy.moml.MoMLSimpleApplication@2be349b3
----------------- Done invoking toplevel() on ptolemy.moml.MoMLSimpleApplication@2be349b3
reloadAllAccessors: .ResettableTimer2

===========================================================================================
----------------- testing Thu Jul 23 23:42:28 UTC 2020 /home/travis/build/icyphy/ptII/ptolemy/domains/de/test/auto/ResettableTimer3.xml
----------------- Instantiating /home/travis/build/icyphy/ptII/ptolemy/domains/de/test/auto/ResettableTimer3.xml
1 ms. Memory: 169984K Free: 68237K (40%)
----------------- Invoking toplevel() on ptolemy.moml.MoMLSimpleApplication@5931f79a
----------------- Done invoking toplevel() on ptolemy.moml.MoMLSimpleApplication@5931f79a
reloadAllAccessors: .ResettableTimer3

===========================================================================================
----------------- testing Thu Jul 23 23:42:28 UTC 2020 /home/travis/build/icyphy/ptII/ptolemy/domains/de/test/auto/ResettableTimer4.xml
----------------- Instantiating /home/travis/build/icyphy/ptII/ptolemy/domains/de/test/auto/ResettableTimer4.xml
1 ms. Memory: 169984K Free: 64141K (38%)
----------------- Invoking toplevel() on ptolemy.moml.MoMLSimpleApplication@21f76c5b
----------------- Done invoking toplevel() on ptolemy.moml.MoMLSimpleApplication@21f76c5b
reloadAllAccessors: .ResettableTimer4

===========================================================================================
----------------- testing Thu Jul 23 23:42:28 UTC 2020 /home/travis/build/icyphy/ptII/ptolemy/domains/de/test/auto/ResettableTimer5.xml
----------------- Instantiating /home/travis/build/icyphy/ptII/ptolemy/domains/de/test/auto/ResettableTimer5.xml
1 ms. Memory: 169984K Free: 153293K (90%)
----------------- Invoking toplevel() on ptolemy.moml.MoMLSimpleApplication@186d3c73
----------------- Done invoking toplevel() on ptolemy.moml.MoMLSimpleApplication@186d3c73
reloadAllAccessors: .ResettableTimer5

===========================================================================================
----------------- testing Thu Jul 23 23:42:28 UTC 2020 /home/travis/build/icyphy/ptII/ptolemy/domains/de/test/auto/ResettableTimer6.xml
----------------- Instantiating /home/travis/build/icyphy/ptII/ptolemy/domains/de/test/auto/ResettableTimer6.xml
6 ms. Memory: 169984K Free: 148486K (87%)
----------------- Invoking toplevel() on ptolemy.moml.MoMLSimpleApplication@192cc67e
----------------- Done invoking toplevel() on ptolemy.moml.MoMLSimpleApplication@192cc67e
reloadAllAccessors: .ResettableTimer6

===========================================================================================
----------------- testing Thu Jul 23 23:42:28 UTC 2020 /home/travis/build/icyphy/ptII/ptolemy/domains/de/test/auto/ServerZeroDelay.xml
----------------- Instantiating /home/travis/build/icyphy/ptII/ptolemy/domains/de/test/auto/ServerZeroDelay.xml
2 ms. Memory: 169984K Free: 144362K (85%)
----------------- Invoking toplevel() on ptolemy.moml.MoMLSimpleApplication@5e6f806b
----------------- Done invoking toplevel() on ptolemy.moml.MoMLSimpleApplication@5e6f806b
reloadAllAccessors: .ServerZeroDelay

===========================================================================================
----------------- testing Thu Jul 23 23:42:28 UTC 2020 /home/travis/build/icyphy/ptII/ptolemy/domains/de/test/auto/SmartSender.xml
----------------- Instantiating /home/travis/build/icyphy/ptII/ptolemy/domains/de/test/auto/SmartSender.xml
3002 ms. Memory: 169984K Free: 140296K (83%)
----------------- Invoking toplevel() on ptolemy.moml.MoMLSimpleApplication@19bffee6
----------------- Done invoking toplevel() on ptolemy.moml.MoMLSimpleApplication@19bffee6
reloadAllAccessors: .SmartSender

===========================================================================================
----------------- testing Thu Jul 23 23:42:31 UTC 2020 /home/travis/build/icyphy/ptII/ptolemy/domains/de/test/auto/ThreadedComposite.xml
----------------- Instantiating /home/travis/build/icyphy/ptII/ptolemy/domains/de/test/auto/ThreadedComposite.xml
122 ms. Memory: 169984K Free: 119816K (70%)
----------------- Invoking toplevel() on ptolemy.moml.MoMLSimpleApplication@5ab16ea
----------------- Done invoking toplevel() on ptolemy.moml.MoMLSimpleApplication@5ab16ea
reloadAllAccessors: .ThreadedComposite

===========================================================================================
----------------- testing Thu Jul 23 23:42:31 UTC 2020 /home/travis/build/icyphy/ptII/ptolemy/domains/de/test/auto/Time.xml
----------------- Instantiating /home/travis/build/icyphy/ptII/ptolemy/domains/de/test/auto/Time.xml
424 ms. Memory: 169984K Free: 66058K (39%)
----------------- Invoking toplevel() on ptolemy.moml.MoMLSimpleApplication@40761108
----------------- Done invoking toplevel() on ptolemy.moml.MoMLSimpleApplication@40761108
reloadAllAccessors: .Time

===========================================================================================
----------------- testing Thu Jul 23 23:42:32 UTC 2020 /home/travis/build/icyphy/ptII/ptolemy/domains/de/test/auto/TimeDelayZeroDelay.xml
----------------- Instantiating /home/travis/build/icyphy/ptII/ptolemy/domains/de/test/auto/TimeDelayZeroDelay.xml
1 ms. Memory: 169984K Free: 61962K (36%)
----------------- Invoking toplevel() on ptolemy.moml.MoMLSimpleApplication@3840666f
----------------- Done invoking toplevel() on ptolemy.moml.MoMLSimpleApplication@3840666f
reloadAllAccessors: .TimeDelayZeroDelay

===========================================================================================
----------------- testing Thu Jul 23 23:42:32 UTC 2020 /home/travis/build/icyphy/ptII/ptolemy/domains/de/test/auto/TimerZeroDelay.xml
----------------- Instantiating /home/travis/build/icyphy/ptII/ptolemy/domains/de/test/auto/TimerZeroDelay.xml
4 ms. Memory: 169984K Free: 57866K (34%)
----------------- Invoking toplevel() on ptolemy.moml.MoMLSimpleApplication@270c92ff
----------------- Done invoking toplevel() on ptolemy.moml.MoMLSimpleApplication@270c92ff
reloadAllAccessors: .TimerZeroDelay

===========================================================================================
----------------- testing Thu Jul 23 23:42:32 UTC 2020 /home/travis/build/icyphy/ptII/ptolemy/domains/de/test/auto/TimingParadox.xml
----------------- Instantiating /home/travis/build/icyphy/ptII/ptolemy/domains/de/test/auto/TimingParadox.xml
320 ms. Memory: 169984K Free: 88617K (52%)
----------------- Invoking toplevel() on ptolemy.moml.MoMLSimpleApplication@29d186e
----------------- Done invoking toplevel() on ptolemy.moml.MoMLSimpleApplication@29d186e
reloadAllAccessors: .TimingParadox

===========================================================================================
----------------- testing Thu Jul 23 23:42:32 UTC 2020 /home/travis/build/icyphy/ptII/ptolemy/domains/de/test/auto/TransferInputs.xml
----------------- Instantiating /home/travis/build/icyphy/ptII/ptolemy/domains/de/test/auto/TransferInputs.xml
2 ms. Memory: 169984K Free: 83993K (49%)
----------------- Invoking toplevel() on ptolemy.moml.MoMLSimpleApplication@6f4de954
----------------- Done invoking toplevel() on ptolemy.moml.MoMLSimpleApplication@6f4de954
reloadAllAccessors: .TransferInputs

===========================================================================================
----------------- testing Thu Jul 23 23:42:32 UTC 2020 /home/travis/build/icyphy/ptII/ptolemy/domains/de/test/auto/TransferOutputs2.xml
----------------- Instantiating /home/travis/build/icyphy/ptII/ptolemy/domains/de/test/auto/TransferOutputs2.xml
2 ms. Memory: 169984K Free: 75815K (45%)
----------------- Invoking toplevel() on ptolemy.moml.MoMLSimpleApplication@497f65aa
----------------- Done invoking toplevel() on ptolemy.moml.MoMLSimpleApplication@497f65aa
reloadAllAccessors: .TransferOutputs2

===========================================================================================
----------------- testing Thu Jul 23 23:42:32 UTC 2020 /home/travis/build/icyphy/ptII/ptolemy/domains/de/test/auto/Trilateration.xml
----------------- Instantiating /home/travis/build/icyphy/ptII/ptolemy/domains/de/test/auto/Trilateration.xml
9521 ms. Memory: 396288K Free: 364563K (92%)
----------------- Invoking toplevel() on ptolemy.moml.MoMLSimpleApplication@5ff50704
----------------- Done invoking toplevel() on ptolemy.moml.MoMLSimpleApplication@5ff50704
reloadAllAccessors: .Trilateration

===========================================================================================
----------------- testing Thu Jul 23 23:42:42 UTC 2020 /home/travis/build/icyphy/ptII/ptolemy/domains/de/test/auto/TwoSigmaDelta.xml
----------------- Instantiating /home/travis/build/icyphy/ptII/ptolemy/domains/de/test/auto/TwoSigmaDelta.xml
1758 ms. Memory: 396288K Free: 159763K (40%)
----------------- Invoking toplevel() on ptolemy.moml.MoMLSimpleApplication@2423a94f
----------------- Done invoking toplevel() on ptolemy.moml.MoMLSimpleApplication@2423a94f
reloadAllAccessors: .TwoSigmaDelta

===========================================================================================
----------------- testing Thu Jul 23 23:42:44 UTC 2020 /home/travis/build/icyphy/ptII/ptolemy/domains/de/test/auto/VariableDelay.xml
----------------- Instantiating /home/travis/build/icyphy/ptII/ptolemy/domains/de/test/auto/VariableDelay.xml
2 ms. Memory: 396288K Free: 155157K (39%)
----------------- Invoking toplevel() on ptolemy.moml.MoMLSimpleApplication@5c845455
----------------- Done invoking toplevel() on ptolemy.moml.MoMLSimpleApplication@5c845455
reloadAllAccessors: .VariableDelay

===========================================================================================
----------------- testing Thu Jul 23 23:42:44 UTC 2020 /home/travis/build/icyphy/ptII/ptolemy/domains/de/test/auto/VariableDelay2.xml
----------------- Instantiating /home/travis/build/icyphy/ptII/ptolemy/domains/de/test/auto/VariableDelay2.xml
1 ms. Memory: 396288K Free: 150533K (38%)
----------------- Invoking toplevel() on ptolemy.moml.MoMLSimpleApplication@7681b33d
----------------- Done invoking toplevel() on ptolemy.moml.MoMLSimpleApplication@7681b33d
reloadAllAccessors: .VariableDelay2

===========================================================================================
----------------- testing Thu Jul 23 23:42:44 UTC 2020 /home/travis/build/icyphy/ptII/ptolemy/domains/de/test/auto/VariableDelayZeroDelay.xml
----------------- Instantiating /home/travis/build/icyphy/ptII/ptolemy/domains/de/test/auto/VariableDelayZeroDelay.xml
6 ms. Memory: 396288K Free: 146451K (37%)
----------------- Invoking toplevel() on ptolemy.moml.MoMLSimpleApplication@5dc1ac91
----------------- Done invoking toplevel() on ptolemy.moml.MoMLSimpleApplication@5dc1ac91
reloadAllAccessors: .VariableDelayZeroDelay

===========================================================================================
----------------- testing Thu Jul 23 23:42:44 UTC 2020 /home/travis/build/icyphy/ptII/ptolemy/domains/de/test/auto/VariableDelayZeroDelay2.xml
----------------- Instantiating /home/travis/build/icyphy/ptII/ptolemy/domains/de/test/auto/VariableDelayZeroDelay2.xml
1 ms. Memory: 396288K Free: 142355K (36%)
----------------- Invoking toplevel() on ptolemy.moml.MoMLSimpleApplication@6df2d729
----------------- Done invoking toplevel() on ptolemy.moml.MoMLSimpleApplication@6df2d729
reloadAllAccessors: .VariableDelayZeroDelay2

===========================================================================================
----------------- testing Thu Jul 23 23:42:44 UTC 2020 /home/travis/build/icyphy/ptII/ptolemy/domains/de/test/auto/deInCt.xml
----------------- Instantiating /home/travis/build/icyphy/ptII/ptolemy/domains/de/test/auto/deInCt.xml
0
1
1
1
0
0
0
0
1
1
1
1
1
1
1
1
0
0
0
1
1
1
0
0
0
1
1
1
0
0
0
1
1
1
1
6 ms. Memory: 396288K Free: 136725K (35%)
----------------- Invoking toplevel() on ptolemy.moml.MoMLSimpleApplication@322e4cc
----------------- Done invoking toplevel() on ptolemy.moml.MoMLSimpleApplication@322e4cc
reloadAllAccessors: .deInCt

===========================================================================================
----------------- testing Thu Jul 23 23:42:44 UTC 2020 /home/travis/build/icyphy/ptII/ptolemy/domains/de/test/auto/deInCt2.xml
----------------- Instantiating /home/travis/build/icyphy/ptII/ptolemy/domains/de/test/auto/deInCt2.xml
0
1
1
1
0
0
1
1
1
0
0
1
1
1
0
0
1
1
1
0
0
1
1
1
0
0
1
1
1
0
0
1
1
1
0
0
1
1
1
0
0
0
22 ms. Memory: 396288K Free: 367509K (93%)
----------------- Invoking toplevel() on ptolemy.moml.MoMLSimpleApplication@15273428
----------------- Done invoking toplevel() on ptolemy.moml.MoMLSimpleApplication@15273428
reloadAllAccessors: .deInCt2

===========================================================================================
----------------- testing Thu Jul 23 23:42:44 UTC 2020 /home/travis/build/icyphy/ptII/ptolemy/domains/de/test/auto/dynamicCausalityInterface1.xml
----------------- Instantiating /home/travis/build/icyphy/ptII/ptolemy/domains/de/test/auto/dynamicCausalityInterface1.xml
1 ms. Memory: 396288K Free: 357779K (90%)
----------------- Invoking toplevel() on ptolemy.moml.MoMLSimpleApplication@27eedf8
----------------- Done invoking toplevel() on ptolemy.moml.MoMLSimpleApplication@27eedf8
reloadAllAccessors: .dynamicCausalityInterface1

===========================================================================================
----------------- testing Thu Jul 23 23:42:44 UTC 2020 /home/travis/build/icyphy/ptII/ptolemy/domains/de/test/auto/fsm_de_test.xml
----------------- Instantiating /home/travis/build/icyphy/ptII/ptolemy/domains/de/test/auto/fsm_de_test.xml
7 ms. Memory: 396288K Free: 348557K (88%)
----------------- Invoking toplevel() on ptolemy.moml.MoMLSimpleApplication@43f006af
----------------- Done invoking toplevel() on ptolemy.moml.MoMLSimpleApplication@43f006af
reloadAllAccessors: .fsm_de_test

===========================================================================================
----------------- testing Thu Jul 23 23:42:44 UTC 2020 /home/travis/build/icyphy/ptII/ptolemy/domains/de/test/auto/functionDependencyReconstruction.xml
----------------- Instantiating /home/travis/build/icyphy/ptII/ptolemy/domains/de/test/auto/functionDependencyReconstruction.xml
2 ms. Memory: 396288K Free: 333717K (84%)
----------------- Invoking toplevel() on ptolemy.moml.MoMLSimpleApplication@3d9bdbe5
----------------- Done invoking toplevel() on ptolemy.moml.MoMLSimpleApplication@3d9bdbe5
reloadAllAccessors: .functionDependencyReconstruction

===========================================================================================
----------------- testing Thu Jul 23 23:42:44 UTC 2020 /home/travis/build/icyphy/ptII/ptolemy/domains/de/test/auto/multirate.xml
----------------- Instantiating /home/travis/build/icyphy/ptII/ptolemy/domains/de/test/auto/multirate.xml
2 ms. Memory: 396288K Free: 326549K (82%)
----------------- Invoking toplevel() on ptolemy.moml.MoMLSimpleApplication@403d3d01
----------------- Done invoking toplevel() on ptolemy.moml.MoMLSimpleApplication@403d3d01
reloadAllAccessors: .multirate

===========================================================================================
----------------- testing Thu Jul 23 23:42:44 UTC 2020 /home/travis/build/icyphy/ptII/ptolemy/domains/de/test/auto/multirate2.xml
----------------- Instantiating /home/travis/build/icyphy/ptII/ptolemy/domains/de/test/auto/multirate2.xml
2 ms. Memory: 396288K Free: 319877K (81%)
----------------- Invoking toplevel() on ptolemy.moml.MoMLSimpleApplication@34e52a9c
----------------- Done invoking toplevel() on ptolemy.moml.MoMLSimpleApplication@34e52a9c
reloadAllAccessors: .multirate2

===========================================================================================
----------------- testing Thu Jul 23 23:42:44 UTC 2020 /home/travis/build/icyphy/ptII/ptolemy/domains/de/test/auto/realtime.xml
----------------- Instantiating /home/travis/build/icyphy/ptII/ptolemy/domains/de/test/auto/realtime.xml
10002 ms. Memory: 396288K Free: 315285K (80%)
----------------- Invoking toplevel() on ptolemy.moml.MoMLSimpleApplication@3fa7dcf9
----------------- Done invoking toplevel() on ptolemy.moml.MoMLSimpleApplication@3fa7dcf9
reloadAllAccessors: .realtime

===========================================================================================
----------------- testing Thu Jul 23 23:42:54 UTC 2020 /home/travis/build/icyphy/ptII/ptolemy/domains/de/test/auto/relationGroup.xml
----------------- Instantiating /home/travis/build/icyphy/ptII/ptolemy/domains/de/test/auto/relationGroup.xml
1 ms. Memory: 396288K Free: 311699K (79%)
----------------- Invoking toplevel() on ptolemy.moml.MoMLSimpleApplication@7bbb5bf
----------------- Done invoking toplevel() on ptolemy.moml.MoMLSimpleApplication@7bbb5bf
reloadAllAccessors: .relationGroup

===========================================================================================
----------------- testing Thu Jul 23 23:42:54 UTC 2020 /home/travis/build/icyphy/ptII/ptolemy/domains/de/test/auto/relationGroup2.xml
----------------- Instantiating /home/travis/build/icyphy/ptII/ptolemy/domains/de/test/auto/relationGroup2.xml
1 ms. Memory: 396288K Free: 308117K (78%)
----------------- Invoking toplevel() on ptolemy.moml.MoMLSimpleApplication@1bf999fb
----------------- Done invoking toplevel() on ptolemy.moml.MoMLSimpleApplication@1bf999fb
reloadAllAccessors: .relationGroup2

===========================================================================================
----------------- testing Thu Jul 23 23:42:54 UTC 2020 /home/travis/build/icyphy/ptII/ptolemy/domains/de/test/auto/sortWithOpaquePorts.xml
----------------- Instantiating /home/travis/build/icyphy/ptII/ptolemy/domains/de/test/auto/sortWithOpaquePorts.xml
1 ms. Memory: 396288K Free: 303477K (77%)
----------------- Invoking toplevel() on ptolemy.moml.MoMLSimpleApplication@5d365dac
----------------- Done invoking toplevel() on ptolemy.moml.MoMLSimpleApplication@5d365dac
reloadAllAccessors: .sortWithOpaquePorts

===========================================================================================
----------------- testing Thu Jul 23 23:42:54 UTC 2020 /home/travis/build/icyphy/ptII/ptolemy/domains/de/test/auto/transferInputsandOutputs.xml
----------------- Instantiating /home/travis/build/icyphy/ptII/ptolemy/domains/de/test/auto/transferInputsandOutputs.xml
3 ms. Memory: 396288K Free: 296339K (75%)
----------------- Invoking toplevel() on ptolemy.moml.MoMLSimpleApplication@3f0d1849
----------------- Done invoking toplevel() on ptolemy.moml.MoMLSimpleApplication@3f0d1849
reloadAllAccessors: .transferInputsandOutputs

===========================================================================================
----------------- testing Thu Jul 23 23:42:54 UTC 2020 /home/travis/build/icyphy/ptII/ptolemy/domains/de/test/auto/triggerType.xml
----------------- Instantiating /home/travis/build/icyphy/ptII/ptolemy/domains/de/test/auto/triggerType.xml
2 ms. Memory: 396288K Free: 292213K (74%)
----------------- Invoking toplevel() on ptolemy.moml.MoMLSimpleApplication@27ce79d7
----------------- Done invoking toplevel() on ptolemy.moml.MoMLSimpleApplication@27ce79d7
reloadAllAccessors: .triggerType
AutoTests.java: About to close Vertx.
AutoTests.java: Vertx closed.
]]></system-out>
  <system-err><![CDATA[java.lang.RuntimeException: Execution failed
	at ptolemy.moml.MoMLSimpleApplication$UnloadThread.run(MoMLSimpleApplication.java:402)
Caused by: ptolemy.kernel.util.IllegalActionException: Found a zero delay loop containing .dependencyLoop.original
  in .dependencyLoop and .dependencyLoop.original
	at ptolemy.actor.util.CausalityInterfaceForComposites._computeOutputPortDepth(CausalityInterfaceForComposites.java:759)
	at ptolemy.actor.util.CausalityInterfaceForComposites._computeInputDepth(CausalityInterfaceForComposites.java:696)
	at ptolemy.actor.util.CausalityInterfaceForComposites._computeOutputPortDepth(CausalityInterfaceForComposites.java:765)
	at ptolemy.actor.util.CausalityInterfaceForComposites._computeInputDepth(CausalityInterfaceForComposites.java:696)
	at ptolemy.actor.util.CausalityInterfaceForComposites._computeOutputPortDepth(CausalityInterfaceForComposites.java:765)
	at ptolemy.actor.util.CausalityInterfaceForComposites._computeInputDepth(CausalityInterfaceForComposites.java:696)
	at ptolemy.actor.util.CausalityInterfaceForComposites._computeActorDepth(CausalityInterfaceForComposites.java:532)
	at ptolemy.actor.util.CausalityInterfaceForComposites.checkForCycles(CausalityInterfaceForComposites.java:96)
	at ptolemy.domains.de.kernel.DEDirector.preinitialize(DEDirector.java:1338)
	at ptolemy.actor.CompositeActor.preinitialize(CompositeActor.java:1828)
	at ptolemy.actor.Manager.preinitializeAndResolveTypes(Manager.java:1040)
	at ptolemy.actor.Manager.initialize(Manager.java:710)
	at ptolemy.actor.Manager.execute(Manager.java:356)
	at ptolemy.actor.Manager.run(Manager.java:1263)
	at ptolemy.actor.Manager$PtolemyRunThread.run(Manager.java:1933)
java.lang.RuntimeException: Execution failed
	at ptolemy.moml.MoMLSimpleApplication$UnloadThread.run(MoMLSimpleApplication.java:402)
Caused by: ptolemy.kernel.util.IllegalActionException: Found a zero delay loop containing .dependencyLoop2.original
  in .dependencyLoop2 and .dependencyLoop2.original
	at ptolemy.actor.util.CausalityInterfaceForComposites._computeOutputPortDepth(CausalityInterfaceForComposites.java:759)
	at ptolemy.actor.util.CausalityInterfaceForComposites._computeInputDepth(CausalityInterfaceForComposites.java:696)
	at ptolemy.actor.util.CausalityInterfaceForComposites._computeOutputPortDepth(CausalityInterfaceForComposites.java:765)
	at ptolemy.actor.util.CausalityInterfaceForComposites._computeInputDepth(CausalityInterfaceForComposites.java:696)
	at ptolemy.actor.util.CausalityInterfaceForComposites._computeOutputPortDepth(CausalityInterfaceForComposites.java:765)
	at ptolemy.actor.util.CausalityInterfaceForComposites._computeInputDepth(CausalityInterfaceForComposites.java:696)
	at ptolemy.actor.util.CausalityInterfaceForComposites._computeActorDepth(CausalityInterfaceForComposites.java:532)
	at ptolemy.actor.util.CausalityInterfaceForComposites.checkForCycles(CausalityInterfaceForComposites.java:96)
	at ptolemy.domains.de.kernel.DEDirector.preinitialize(DEDirector.java:1338)
	at ptolemy.actor.CompositeActor.preinitialize(CompositeActor.java:1828)
	at ptolemy.actor.Manager.preinitializeAndResolveTypes(Manager.java:1040)
	at ptolemy.actor.Manager.initialize(Manager.java:710)
	at ptolemy.actor.Manager.execute(Manager.java:356)
	at ptolemy.actor.Manager.run(Manager.java:1263)
	at ptolemy.actor.Manager$PtolemyRunThread.run(Manager.java:1933)
java.lang.RuntimeException: Execution failed
	at ptolemy.moml.MoMLSimpleApplication$UnloadThread.run(MoMLSimpleApplication.java:402)
Caused by: ptolemy.kernel.util.IllegalActionException: Test fails in iteration 1.
Value was: 1.0. Should have been: 2.0
  in .DirectFeedback.Test
	at ptolemy.actor.lib.Test.fire(Test.java:268)
	at ptolemy.domains.de.kernel.DEDirector._fire(DEDirector.java:1949)
	at ptolemy.domains.de.kernel.DEDirector.fire(DEDirector.java:502)
	at ptolemy.actor.CompositeActor.fire(CompositeActor.java:455)
	at ptolemy.actor.Manager.iterate(Manager.java:851)
	at ptolemy.actor.Manager.execute(Manager.java:369)
	at ptolemy.actor.Manager.run(Manager.java:1263)
	at ptolemy.actor.Manager$PtolemyRunThread.run(Manager.java:1933)
java.lang.RuntimeException: Execution failed
	at ptolemy.moml.MoMLSimpleApplication$UnloadThread.run(MoMLSimpleApplication.java:402)
Caused by: ptolemy.kernel.util.IllegalActionException: Found a zero delay loop containing .dependencyLoop.original
  in .dependencyLoop and .dependencyLoop.original
	at ptolemy.actor.util.CausalityInterfaceForComposites._computeOutputPortDepth(CausalityInterfaceForComposites.java:759)
	at ptolemy.actor.util.CausalityInterfaceForComposites._computeInputDepth(CausalityInterfaceForComposites.java:696)
	at ptolemy.actor.util.CausalityInterfaceForComposites._computeOutputPortDepth(CausalityInterfaceForComposites.java:765)
	at ptolemy.actor.util.CausalityInterfaceForComposites._computeInputDepth(CausalityInterfaceForComposites.java:696)
	at ptolemy.actor.util.CausalityInterfaceForComposites._computeOutputPortDepth(CausalityInterfaceForComposites.java:765)
	at ptolemy.actor.util.CausalityInterfaceForComposites._computeInputDepth(CausalityInterfaceForComposites.java:696)
	at ptolemy.actor.util.CausalityInterfaceForComposites._computeActorDepth(CausalityInterfaceForComposites.java:532)
	at ptolemy.actor.util.CausalityInterfaceForComposites.checkForCycles(CausalityInterfaceForComposites.java:96)
	at ptolemy.domains.de.kernel.DEDirector.preinitialize(DEDirector.java:1338)
	at ptolemy.actor.CompositeActor.preinitialize(CompositeActor.java:1828)
	at ptolemy.actor.Manager.preinitializeAndResolveTypes(Manager.java:1040)
	at ptolemy.actor.Manager.initialize(Manager.java:710)
	at ptolemy.actor.Manager.execute(Manager.java:356)
	at ptolemy.actor.Manager.run(Manager.java:1263)
	at ptolemy.actor.Manager$PtolemyRunThread.run(Manager.java:1933)
java.lang.RuntimeException: Execution failed
	at ptolemy.moml.MoMLSimpleApplication$UnloadThread.run(MoMLSimpleApplication.java:402)
Caused by: ptolemy.kernel.util.IllegalActionException: Found a zero delay loop containing .HierarchicalModel.A
  in .HierarchicalModel and .HierarchicalModel.A
	at ptolemy.actor.util.CausalityInterfaceForComposites._computeOutputPortDepth(CausalityInterfaceForComposites.java:759)
	at ptolemy.actor.util.CausalityInterfaceForComposites._computeInputDepth(CausalityInterfaceForComposites.java:696)
	at ptolemy.actor.util.CausalityInterfaceForComposites._computeOutputPortDepth(CausalityInterfaceForComposites.java:765)
	at ptolemy.actor.util.CausalityInterfaceForComposites._computeInputDepth(CausalityInterfaceForComposites.java:696)
	at ptolemy.actor.util.CausalityInterfaceForComposites._computeOutputPortDepth(CausalityInterfaceForComposites.java:765)
	at ptolemy.actor.util.CausalityInterfaceForComposites._computeInputDepth(CausalityInterfaceForComposites.java:696)
	at ptolemy.actor.util.CausalityInterfaceForComposites._computeActorDepth(CausalityInterfaceForComposites.java:532)
	at ptolemy.actor.util.CausalityInterfaceForComposites.checkForCycles(CausalityInterfaceForComposites.java:96)
	at ptolemy.domains.de.kernel.DEDirector.preinitialize(DEDirector.java:1338)
	at ptolemy.actor.CompositeActor.preinitialize(CompositeActor.java:1828)
	at ptolemy.actor.Manager.preinitializeAndResolveTypes(Manager.java:1040)
	at ptolemy.actor.Manager.initialize(Manager.java:710)
	at ptolemy.actor.Manager.execute(Manager.java:356)
	at ptolemy.actor.Manager.run(Manager.java:1263)
	at ptolemy.actor.Manager$PtolemyRunThread.run(Manager.java:1933)
java.lang.RuntimeException: Execution failed
	at ptolemy.moml.MoMLSimpleApplication$UnloadThread.run(MoMLSimpleApplication.java:402)
Caused by: ptolemy.kernel.util.IllegalActionException: Found a zero delay loop containing .dependencyLoop2.original
  in .dependencyLoop2 and .dependencyLoop2.original
	at ptolemy.actor.util.CausalityInterfaceForComposites._computeOutputPortDepth(CausalityInterfaceForComposites.java:759)
	at ptolemy.actor.util.CausalityInterfaceForComposites._computeInputDepth(CausalityInterfaceForComposites.java:696)
	at ptolemy.actor.util.CausalityInterfaceForComposites._computeOutputPortDepth(CausalityInterfaceForComposites.java:765)
	at ptolemy.actor.util.CausalityInterfaceForComposites._computeInputDepth(CausalityInterfaceForComposites.java:696)
	at ptolemy.actor.util.CausalityInterfaceForComposites._computeOutputPortDepth(CausalityInterfaceForComposites.java:765)
	at ptolemy.actor.util.CausalityInterfaceForComposites._computeInputDepth(CausalityInterfaceForComposites.java:696)
	at ptolemy.actor.util.CausalityInterfaceForComposites._computeActorDepth(CausalityInterfaceForComposites.java:532)
	at ptolemy.actor.util.CausalityInterfaceForComposites.checkForCycles(CausalityInterfaceForComposites.java:96)
	at ptolemy.domains.de.kernel.DEDirector.preinitialize(DEDirector.java:1338)
	at ptolemy.actor.CompositeActor.preinitialize(CompositeActor.java:1828)
	at ptolemy.actor.Manager.preinitializeAndResolveTypes(Manager.java:1040)
	at ptolemy.actor.Manager.initialize(Manager.java:710)
	at ptolemy.actor.Manager.execute(Manager.java:356)
	at ptolemy.actor.Manager.run(Manager.java:1263)
	at ptolemy.actor.Manager$PtolemyRunThread.run(Manager.java:1933)
java.lang.RuntimeException: Execution failed
	at ptolemy.moml.MoMLSimpleApplication$UnloadThread.run(MoMLSimpleApplication.java:402)
Caused by: ptolemy.kernel.util.IllegalActionException: Actor is not ready to fire.  Perhaps UpSample.prefire() returned false? Try debugging the actor by selecting "Listen to Actor".  Also, for SDF check moml for tokenConsumptionRate on input.
  in .DESDFClockTest.Play Bell.Copy1:SDF Director and .DESDFClockTest.Play Bell.UpSample
	at ptolemy.actor.sched.StaticSchedulingDirector.fire(StaticSchedulingDirector.java:227)
	at ptolemy.domains.sdf.kernel.SDFDirector.fire(SDFDirector.java:500)
	at ptolemy.actor.CompositeActor.fire(CompositeActor.java:455)
	at ptolemy.domains.de.kernel.DEDirector._fire(DEDirector.java:1949)
	at ptolemy.domains.de.kernel.DEDirector.fire(DEDirector.java:502)
	at ptolemy.actor.CompositeActor.fire(CompositeActor.java:455)
	at ptolemy.actor.Manager.iterate(Manager.java:851)
	at ptolemy.actor.Manager.execute(Manager.java:369)
	at ptolemy.actor.Manager.run(Manager.java:1263)
	at ptolemy.actor.Manager$PtolemyRunThread.run(Manager.java:1933)
java.lang.RuntimeException: Execution failed
	at ptolemy.moml.MoMLSimpleApplication$UnloadThread.run(MoMLSimpleApplication.java:402)
Caused by: ptolemy.kernel.util.IllegalActionException: Actor is not ready to fire.  Perhaps UpSample.prefire() returned false? Try debugging the actor by selecting "Listen to Actor".  Also, for SDF check moml for tokenConsumptionRate on input.
  in .DESDFClockTest.Play Bell.Copy1:SDF Director and .DESDFClockTest.Play Bell.UpSample
	at ptolemy.actor.sched.StaticSchedulingDirector.fire(StaticSchedulingDirector.java:227)
	at ptolemy.domains.sdf.kernel.SDFDirector.fire(SDFDirector.java:500)
	at ptolemy.actor.CompositeActor.fire(CompositeActor.java:455)
	at ptolemy.domains.de.kernel.DEDirector._fire(DEDirector.java:1949)
	at ptolemy.domains.de.kernel.DEDirector.fire(DEDirector.java:502)
	at ptolemy.actor.CompositeActor.fire(CompositeActor.java:455)
	at ptolemy.actor.Manager.iterate(Manager.java:851)
	at ptolemy.actor.Manager.execute(Manager.java:369)
	at ptolemy.actor.Manager.run(Manager.java:1263)
	at ptolemy.actor.Manager$PtolemyRunThread.run(Manager.java:1933)
java.lang.reflect.InvocationTargetException
	at java.base/jdk.internal.reflect.NativeConstructorAccessorImpl.newInstance0(Native Method)
	at java.base/jdk.internal.reflect.NativeConstructorAccessorImpl.newInstance(NativeConstructorAccessorImpl.java:62)
	at java.base/jdk.internal.reflect.DelegatingConstructorAccessorImpl.newInstance(DelegatingConstructorAccessorImpl.java:45)
	at java.base/java.lang.reflect.Constructor.newInstance(Constructor.java:490)
	at ptolemy.util.test.junit.AutoKnownFailedTests.RunModel(AutoKnownFailedTests.java:105)
	at java.base/jdk.internal.reflect.NativeMethodAccessorImpl.invoke0(Native Method)
	at java.base/jdk.internal.reflect.NativeMethodAccessorImpl.invoke(NativeMethodAccessorImpl.java:62)
	at java.base/jdk.internal.reflect.DelegatingMethodAccessorImpl.invoke(DelegatingMethodAccessorImpl.java:43)
	at java.base/java.lang.reflect.Method.invoke(Method.java:566)
	at org.junit.runners.model.FrameworkMethod$1.runReflectiveCall(FrameworkMethod.java:44)
	at org.junit.internal.runners.model.ReflectiveCallable.run(ReflectiveCallable.java:15)
	at org.junit.runners.model.FrameworkMethod.invokeExplosively(FrameworkMethod.java:41)
	at junitparams.internal.InvokeParameterisedMethod.evaluate(InvokeParameterisedMethod.java:102)
	at org.junit.internal.runners.statements.FailOnTimeout$1.run(FailOnTimeout.java:28)
Caused by: ptolemy.kernel.util.IllegalActionException: Actor is not ready to fire.  Perhaps UpSample.prefire() returned false? Try debugging the actor by selecting "Listen to Actor".  Also, for SDF check moml for tokenConsumptionRate on input.
  in .DESDFClockTest.Play Bell.Copy1:SDF Director and .DESDFClockTest.Play Bell.UpSample
	at ptolemy.actor.sched.StaticSchedulingDirector.fire(StaticSchedulingDirector.java:227)
	at ptolemy.domains.sdf.kernel.SDFDirector.fire(SDFDirector.java:500)
	at ptolemy.actor.CompositeActor.fire(CompositeActor.java:455)
	at ptolemy.domains.de.kernel.DEDirector._fire(DEDirector.java:1949)
	at ptolemy.domains.de.kernel.DEDirector.fire(DEDirector.java:502)
	at ptolemy.actor.CompositeActor.fire(CompositeActor.java:455)
	at ptolemy.actor.Manager.iterate(Manager.java:851)
	at ptolemy.actor.Manager.execute(Manager.java:369)
	at ptolemy.actor.Manager.run(Manager.java:1263)
	at ptolemy.actor.Manager$PtolemyRunThread.run(Manager.java:1933)
java.lang.RuntimeException: Execution failed
	at ptolemy.moml.MoMLSimpleApplication$UnloadThread.run(MoMLSimpleApplication.java:402)
Caused by: ptolemy.kernel.util.IllegalActionException: Test fails in iteration 1.
Value was: 1.0. Should have been: 2.0
  in .DirectFeedback.Test
	at ptolemy.actor.lib.Test.fire(Test.java:268)
	at ptolemy.domains.de.kernel.DEDirector._fire(DEDirector.java:1949)
	at ptolemy.domains.de.kernel.DEDirector.fire(DEDirector.java:502)
	at ptolemy.actor.CompositeActor.fire(CompositeActor.java:455)
	at ptolemy.actor.Manager.iterate(Manager.java:851)
	at ptolemy.actor.Manager.execute(Manager.java:369)
	at ptolemy.actor.Manager.run(Manager.java:1263)
	at ptolemy.actor.Manager$PtolemyRunThread.run(Manager.java:1933)
java.lang.reflect.InvocationTargetException
	at java.base/jdk.internal.reflect.NativeConstructorAccessorImpl.newInstance0(Native Method)
	at java.base/jdk.internal.reflect.NativeConstructorAccessorImpl.newInstance(NativeConstructorAccessorImpl.java:62)
	at java.base/jdk.internal.reflect.DelegatingConstructorAccessorImpl.newInstance(DelegatingConstructorAccessorImpl.java:45)
	at java.base/java.lang.reflect.Constructor.newInstance(Constructor.java:490)
	at ptolemy.util.test.junit.AutoKnownFailedTests.RunModel(AutoKnownFailedTests.java:105)
	at java.base/jdk.internal.reflect.NativeMethodAccessorImpl.invoke0(Native Method)
	at java.base/jdk.internal.reflect.NativeMethodAccessorImpl.invoke(NativeMethodAccessorImpl.java:62)
	at java.base/jdk.internal.reflect.DelegatingMethodAccessorImpl.invoke(DelegatingMethodAccessorImpl.java:43)
	at java.base/java.lang.reflect.Method.invoke(Method.java:566)
	at org.junit.runners.model.FrameworkMethod$1.runReflectiveCall(FrameworkMethod.java:44)
	at org.junit.internal.runners.model.ReflectiveCallable.run(ReflectiveCallable.java:15)
	at org.junit.runners.model.FrameworkMethod.invokeExplosively(FrameworkMethod.java:41)
	at junitparams.internal.InvokeParameterisedMethod.evaluate(InvokeParameterisedMethod.java:102)
	at org.junit.internal.runners.statements.FailOnTimeout$1.run(FailOnTimeout.java:28)
Caused by: ptolemy.kernel.util.IllegalActionException: Test fails in iteration 1.
Value was: 1.0. Should have been: 2.0
  in .DirectFeedback.Test
	at ptolemy.actor.lib.Test.fire(Test.java:268)
	at ptolemy.domains.de.kernel.DEDirector._fire(DEDirector.java:1949)
	at ptolemy.domains.de.kernel.DEDirector.fire(DEDirector.java:502)
	at ptolemy.actor.CompositeActor.fire(CompositeActor.java:455)
	at ptolemy.actor.Manager.iterate(Manager.java:851)
	at ptolemy.actor.Manager.execute(Manager.java:369)
	at ptolemy.actor.Manager.run(Manager.java:1263)
	at ptolemy.actor.Manager$PtolemyRunThread.run(Manager.java:1933)
java.lang.RuntimeException: Execution failed
	at ptolemy.moml.MoMLSimpleApplication$UnloadThread.run(MoMLSimpleApplication.java:402)
Caused by: ptolemy.kernel.util.IllegalActionException: Found a zero delay loop containing .HierarchicalModel.A
  in .HierarchicalModel and .HierarchicalModel.A
	at ptolemy.actor.util.CausalityInterfaceForComposites._computeOutputPortDepth(CausalityInterfaceForComposites.java:759)
	at ptolemy.actor.util.CausalityInterfaceForComposites._computeInputDepth(CausalityInterfaceForComposites.java:696)
	at ptolemy.actor.util.CausalityInterfaceForComposites._computeOutputPortDepth(CausalityInterfaceForComposites.java:765)
	at ptolemy.actor.util.CausalityInterfaceForComposites._computeInputDepth(CausalityInterfaceForComposites.java:696)
	at ptolemy.actor.util.CausalityInterfaceForComposites._computeOutputPortDepth(CausalityInterfaceForComposites.java:765)
	at ptolemy.actor.util.CausalityInterfaceForComposites._computeInputDepth(CausalityInterfaceForComposites.java:696)
	at ptolemy.actor.util.CausalityInterfaceForComposites._computeActorDepth(CausalityInterfaceForComposites.java:532)
	at ptolemy.actor.util.CausalityInterfaceForComposites.checkForCycles(CausalityInterfaceForComposites.java:96)
	at ptolemy.domains.de.kernel.DEDirector.preinitialize(DEDirector.java:1338)
	at ptolemy.actor.CompositeActor.preinitialize(CompositeActor.java:1828)
	at ptolemy.actor.Manager.preinitializeAndResolveTypes(Manager.java:1040)
	at ptolemy.actor.Manager.initialize(Manager.java:710)
	at ptolemy.actor.Manager.execute(Manager.java:356)
	at ptolemy.actor.Manager.run(Manager.java:1263)
	at ptolemy.actor.Manager$PtolemyRunThread.run(Manager.java:1933)
java.lang.reflect.InvocationTargetException
	at java.base/jdk.internal.reflect.NativeConstructorAccessorImpl.newInstance0(Native Method)
	at java.base/jdk.internal.reflect.NativeConstructorAccessorImpl.newInstance(NativeConstructorAccessorImpl.java:62)
	at java.base/jdk.internal.reflect.DelegatingConstructorAccessorImpl.newInstance(DelegatingConstructorAccessorImpl.java:45)
	at java.base/java.lang.reflect.Constructor.newInstance(Constructor.java:490)
	at ptolemy.util.test.junit.AutoKnownFailedTests.RunModel(AutoKnownFailedTests.java:105)
	at java.base/jdk.internal.reflect.NativeMethodAccessorImpl.invoke0(Native Method)
	at java.base/jdk.internal.reflect.NativeMethodAccessorImpl.invoke(NativeMethodAccessorImpl.java:62)
	at java.base/jdk.internal.reflect.DelegatingMethodAccessorImpl.invoke(DelegatingMethodAccessorImpl.java:43)
	at java.base/java.lang.reflect.Method.invoke(Method.java:566)
	at org.junit.runners.model.FrameworkMethod$1.runReflectiveCall(FrameworkMethod.java:44)
	at org.junit.internal.runners.model.ReflectiveCallable.run(ReflectiveCallable.java:15)
	at org.junit.runners.model.FrameworkMethod.invokeExplosively(FrameworkMethod.java:41)
	at junitparams.internal.InvokeParameterisedMethod.evaluate(InvokeParameterisedMethod.java:102)
	at org.junit.internal.runners.statements.FailOnTimeout$1.run(FailOnTimeout.java:28)
Caused by: ptolemy.kernel.util.IllegalActionException: Found a zero delay loop containing .HierarchicalModel.A
  in .HierarchicalModel and .HierarchicalModel.A
	at ptolemy.actor.util.CausalityInterfaceForComposites._computeOutputPortDepth(CausalityInterfaceForComposites.java:759)
	at ptolemy.actor.util.CausalityInterfaceForComposites._computeInputDepth(CausalityInterfaceForComposites.java:696)
	at ptolemy.actor.util.CausalityInterfaceForComposites._computeOutputPortDepth(CausalityInterfaceForComposites.java:765)
	at ptolemy.actor.util.CausalityInterfaceForComposites._computeInputDepth(CausalityInterfaceForComposites.java:696)
	at ptolemy.actor.util.CausalityInterfaceForComposites._computeOutputPortDepth(CausalityInterfaceForComposites.java:765)
	at ptolemy.actor.util.CausalityInterfaceForComposites._computeInputDepth(CausalityInterfaceForComposites.java:696)
	at ptolemy.actor.util.CausalityInterfaceForComposites._computeActorDepth(CausalityInterfaceForComposites.java:532)
	at ptolemy.actor.util.CausalityInterfaceForComposites.checkForCycles(CausalityInterfaceForComposites.java:96)
	at ptolemy.domains.de.kernel.DEDirector.preinitialize(DEDirector.java:1338)
	at ptolemy.actor.CompositeActor.preinitialize(CompositeActor.java:1828)
	at ptolemy.actor.Manager.preinitializeAndResolveTypes(Manager.java:1040)
	at ptolemy.actor.Manager.initialize(Manager.java:710)
	at ptolemy.actor.Manager.execute(Manager.java:356)
	at ptolemy.actor.Manager.run(Manager.java:1263)
	at ptolemy.actor.Manager$PtolemyRunThread.run(Manager.java:1933)
java.lang.RuntimeException: Execution failed
	at ptolemy.moml.MoMLSimpleApplication$UnloadThread.run(MoMLSimpleApplication.java:402)
Caused by: ptolemy.kernel.util.IllegalActionException: Found a zero delay loop containing .dependencyLoop.original
  in .dependencyLoop and .dependencyLoop.original
	at ptolemy.actor.util.CausalityInterfaceForComposites._computeOutputPortDepth(CausalityInterfaceForComposites.java:759)
	at ptolemy.actor.util.CausalityInterfaceForComposites._computeInputDepth(CausalityInterfaceForComposites.java:696)
	at ptolemy.actor.util.CausalityInterfaceForComposites._computeOutputPortDepth(CausalityInterfaceForComposites.java:765)
	at ptolemy.actor.util.CausalityInterfaceForComposites._computeInputDepth(CausalityInterfaceForComposites.java:696)
	at ptolemy.actor.util.CausalityInterfaceForComposites._computeOutputPortDepth(CausalityInterfaceForComposites.java:765)
	at ptolemy.actor.util.CausalityInterfaceForComposites._computeInputDepth(CausalityInterfaceForComposites.java:696)
	at ptolemy.actor.util.CausalityInterfaceForComposites._computeActorDepth(CausalityInterfaceForComposites.java:532)
	at ptolemy.actor.util.CausalityInterfaceForComposites.checkForCycles(CausalityInterfaceForComposites.java:96)
	at ptolemy.domains.de.kernel.DEDirector.preinitialize(DEDirector.java:1338)
	at ptolemy.actor.CompositeActor.preinitialize(CompositeActor.java:1828)
	at ptolemy.actor.Manager.preinitializeAndResolveTypes(Manager.java:1040)
	at ptolemy.actor.Manager.initialize(Manager.java:710)
	at ptolemy.actor.Manager.execute(Manager.java:356)
	at ptolemy.actor.Manager.run(Manager.java:1263)
	at ptolemy.actor.Manager$PtolemyRunThread.run(Manager.java:1933)
java.lang.reflect.InvocationTargetException
	at java.base/jdk.internal.reflect.NativeConstructorAccessorImpl.newInstance0(Native Method)
	at java.base/jdk.internal.reflect.NativeConstructorAccessorImpl.newInstance(NativeConstructorAccessorImpl.java:62)
	at java.base/jdk.internal.reflect.DelegatingConstructorAccessorImpl.newInstance(DelegatingConstructorAccessorImpl.java:45)
	at java.base/java.lang.reflect.Constructor.newInstance(Constructor.java:490)
	at ptolemy.util.test.junit.AutoKnownFailedTests.RunModel(AutoKnownFailedTests.java:105)
	at java.base/jdk.internal.reflect.NativeMethodAccessorImpl.invoke0(Native Method)
	at java.base/jdk.internal.reflect.NativeMethodAccessorImpl.invoke(NativeMethodAccessorImpl.java:62)
	at java.base/jdk.internal.reflect.DelegatingMethodAccessorImpl.invoke(DelegatingMethodAccessorImpl.java:43)
	at java.base/java.lang.reflect.Method.invoke(Method.java:566)
	at org.junit.runners.model.FrameworkMethod$1.runReflectiveCall(FrameworkMethod.java:44)
	at org.junit.internal.runners.model.ReflectiveCallable.run(ReflectiveCallable.java:15)
	at org.junit.runners.model.FrameworkMethod.invokeExplosively(FrameworkMethod.java:41)
	at junitparams.internal.InvokeParameterisedMethod.evaluate(InvokeParameterisedMethod.java:102)
	at org.junit.internal.runners.statements.FailOnTimeout$1.run(FailOnTimeout.java:28)
Caused by: ptolemy.kernel.util.IllegalActionException: Found a zero delay loop containing .dependencyLoop.original
  in .dependencyLoop and .dependencyLoop.original
	at ptolemy.actor.util.CausalityInterfaceForComposites._computeOutputPortDepth(CausalityInterfaceForComposites.java:759)
	at ptolemy.actor.util.CausalityInterfaceForComposites._computeInputDepth(CausalityInterfaceForComposites.java:696)
	at ptolemy.actor.util.CausalityInterfaceForComposites._computeOutputPortDepth(CausalityInterfaceForComposites.java:765)
	at ptolemy.actor.util.CausalityInterfaceForComposites._computeInputDepth(CausalityInterfaceForComposites.java:696)
	at ptolemy.actor.util.CausalityInterfaceForComposites._computeOutputPortDepth(CausalityInterfaceForComposites.java:765)
	at ptolemy.actor.util.CausalityInterfaceForComposites._computeInputDepth(CausalityInterfaceForComposites.java:696)
	at ptolemy.actor.util.CausalityInterfaceForComposites._computeActorDepth(CausalityInterfaceForComposites.java:532)
	at ptolemy.actor.util.CausalityInterfaceForComposites.checkForCycles(CausalityInterfaceForComposites.java:96)
	at ptolemy.domains.de.kernel.DEDirector.preinitialize(DEDirector.java:1338)
	at ptolemy.actor.CompositeActor.preinitialize(CompositeActor.java:1828)
	at ptolemy.actor.Manager.preinitializeAndResolveTypes(Manager.java:1040)
	at ptolemy.actor.Manager.initialize(Manager.java:710)
	at ptolemy.actor.Manager.execute(Manager.java:356)
	at ptolemy.actor.Manager.run(Manager.java:1263)
	at ptolemy.actor.Manager$PtolemyRunThread.run(Manager.java:1933)
java.lang.RuntimeException: Execution failed
	at ptolemy.moml.MoMLSimpleApplication$UnloadThread.run(MoMLSimpleApplication.java:402)
Caused by: ptolemy.kernel.util.IllegalActionException: Found a zero delay loop containing .dependencyLoop2.original
  in .dependencyLoop2 and .dependencyLoop2.original
	at ptolemy.actor.util.CausalityInterfaceForComposites._computeOutputPortDepth(CausalityInterfaceForComposites.java:759)
	at ptolemy.actor.util.CausalityInterfaceForComposites._computeInputDepth(CausalityInterfaceForComposites.java:696)
	at ptolemy.actor.util.CausalityInterfaceForComposites._computeOutputPortDepth(CausalityInterfaceForComposites.java:765)
	at ptolemy.actor.util.CausalityInterfaceForComposites._computeInputDepth(CausalityInterfaceForComposites.java:696)
	at ptolemy.actor.util.CausalityInterfaceForComposites._computeOutputPortDepth(CausalityInterfaceForComposites.java:765)
	at ptolemy.actor.util.CausalityInterfaceForComposites._computeInputDepth(CausalityInterfaceForComposites.java:696)
	at ptolemy.actor.util.CausalityInterfaceForComposites._computeActorDepth(CausalityInterfaceForComposites.java:532)
	at ptolemy.actor.util.CausalityInterfaceForComposites.checkForCycles(CausalityInterfaceForComposites.java:96)
	at ptolemy.domains.de.kernel.DEDirector.preinitialize(DEDirector.java:1338)
	at ptolemy.actor.CompositeActor.preinitialize(CompositeActor.java:1828)
	at ptolemy.actor.Manager.preinitializeAndResolveTypes(Manager.java:1040)
	at ptolemy.actor.Manager.initialize(Manager.java:710)
	at ptolemy.actor.Manager.execute(Manager.java:356)
	at ptolemy.actor.Manager.run(Manager.java:1263)
	at ptolemy.actor.Manager$PtolemyRunThread.run(Manager.java:1933)
java.lang.reflect.InvocationTargetException
	at java.base/jdk.internal.reflect.NativeConstructorAccessorImpl.newInstance0(Native Method)
	at java.base/jdk.internal.reflect.NativeConstructorAccessorImpl.newInstance(NativeConstructorAccessorImpl.java:62)
	at java.base/jdk.internal.reflect.DelegatingConstructorAccessorImpl.newInstance(DelegatingConstructorAccessorImpl.java:45)
	at java.base/java.lang.reflect.Constructor.newInstance(Constructor.java:490)
	at ptolemy.util.test.junit.AutoKnownFailedTests.RunModel(AutoKnownFailedTests.java:105)
	at java.base/jdk.internal.reflect.NativeMethodAccessorImpl.invoke0(Native Method)
	at java.base/jdk.internal.reflect.NativeMethodAccessorImpl.invoke(NativeMethodAccessorImpl.java:62)
	at java.base/jdk.internal.reflect.DelegatingMethodAccessorImpl.invoke(DelegatingMethodAccessorImpl.java:43)
	at java.base/java.lang.reflect.Method.invoke(Method.java:566)
	at org.junit.runners.model.FrameworkMethod$1.runReflectiveCall(FrameworkMethod.java:44)
	at org.junit.internal.runners.model.ReflectiveCallable.run(ReflectiveCallable.java:15)
	at org.junit.runners.model.FrameworkMethod.invokeExplosively(FrameworkMethod.java:41)
	at junitparams.internal.InvokeParameterisedMethod.evaluate(InvokeParameterisedMethod.java:102)
	at org.junit.internal.runners.statements.FailOnTimeout$1.run(FailOnTimeout.java:28)
Caused by: ptolemy.kernel.util.IllegalActionException: Found a zero delay loop containing .dependencyLoop2.original
  in .dependencyLoop2 and .dependencyLoop2.original
	at ptolemy.actor.util.CausalityInterfaceForComposites._computeOutputPortDepth(CausalityInterfaceForComposites.java:759)
	at ptolemy.actor.util.CausalityInterfaceForComposites._computeInputDepth(CausalityInterfaceForComposites.java:696)
	at ptolemy.actor.util.CausalityInterfaceForComposites._computeOutputPortDepth(CausalityInterfaceForComposites.java:765)
	at ptolemy.actor.util.CausalityInterfaceForComposites._computeInputDepth(CausalityInterfaceForComposites.java:696)
	at ptolemy.actor.util.CausalityInterfaceForComposites._computeOutputPortDepth(CausalityInterfaceForComposites.java:765)
	at ptolemy.actor.util.CausalityInterfaceForComposites._computeInputDepth(CausalityInterfaceForComposites.java:696)
	at ptolemy.actor.util.CausalityInterfaceForComposites._computeActorDepth(CausalityInterfaceForComposites.java:532)
	at ptolemy.actor.util.CausalityInterfaceForComposites.checkForCycles(CausalityInterfaceForComposites.java:96)
	at ptolemy.domains.de.kernel.DEDirector.preinitialize(DEDirector.java:1338)
	at ptolemy.actor.CompositeActor.preinitialize(CompositeActor.java:1828)
	at ptolemy.actor.Manager.preinitializeAndResolveTypes(Manager.java:1040)
	at ptolemy.actor.Manager.initialize(Manager.java:710)
	at ptolemy.actor.Manager.execute(Manager.java:356)
	at ptolemy.actor.Manager.run(Manager.java:1263)
	at ptolemy.actor.Manager$PtolemyRunThread.run(Manager.java:1933)
]]></system-err>
</testsuite>
