<?xml version="1.0" encoding="UTF-8" ?>
<testsuite errors="0" failures="0" hostname="travis-job-9a501430-b6c8-4280-9633-451510f49e53" name="ptolemy.actor.lib.test.junit.JUnitTclTest" skipped="0" tests="517" time="58.487" timestamp="2018-10-19T02:32:58">
  <properties>
    <property name="npm.executable" value="npm" />
    <property name="file.encoding.pkg" value="sun.io" />
    <property name="env.TRAVIS_ROOT" value="/" />
    <property name="ptII.mk.exists" value="true" />
    <property name="env.TRAVIS_APP_HOST" value="build.travis-ci.org" />
    <property name="env.rvm_bin_path" value="/home/travis/.rvm/bin" />
    <property name="java.home" value="/usr/lib/jvm/java-8-oracle/jre" />
    <property name="env.TRAVIS_JOB_NUMBER" value="786.8" />
    <property name="env.TRAVIS_HOME" value="/home/travis" />
    <property name="env.DISPLAY" value=":99.0" />
    <property name="java.net.preferIPv4Stack" value="true" />
    <property name="env.TRAVIS_INIT" value="upstart" />
    <property name="env.SSH_TTY" value="/dev/pts/0" />
    <property name="env.RUN_TESTS" value="false" />
    <property name="timeout.short" value="1000000" />
    <property name="env.TRAVIS_STACK_NODE_ATTRIBUTES" value="/.node-attributes.yml" />
    <property name="junit.formatter" value="xml" />
    <property name="java.endorsed.dirs" value="/usr/lib/jvm/java-8-oracle/jre/lib/endorsed" />
    <property name="env.TRAVIS_SUDO" value="true" />
    <property name="env.LOGNAME" value="travis" />
    <property name="env.PT_TRAVIS_TEST_CORE1_XML" value="true" />
    <property name="jsdoc.home" value="node_modules/@terraswarm/jsdoc" />
    <property name="debuglevel" value="source,lines,vars" />
    <property name="checkstyle.formatter" value="xml" />
    <property name="bin.vergil.makeable" value="true" />
    <property name="env._system_version" value="14.04" />
    <property name="sun.os.patch.level" value="unknown" />
    <property name="java.vendor.url" value="http://java.oracle.com/" />
    <property name="env.TRAVIS_BUILD_WEB_URL" value="https://travis-ci.org/icyphy/ptII/builds/443489049" />
    <property name="java.version" value="1.8.0_151" />
    <property name="env.TZ" value="UTC" />
    <property name="env.PT_NO_NET" value="true" />
    <property name="env.TRAVIS_PULL_REQUEST_SHA" value="" />
    <property name="env.TRAVIS_SECURE_ENV_VARS" value="true" />
    <property name="env._system_type" value="Linux" />
    <property name="java.vendor.url.bug" value="http://bugreport.sun.com/bugreport/" />
    <property name="env.SSH_CLIENT" value="10.10.16.84 33312 22" />
    <property name="npmjs-org-is-up" value="true" />
    <property name="env.GEM_HOME" value="/home/travis/.rvm/gems/ruby-2.4.1" />
    <property name="env.HAS_ANTARES_THREE_LITTLE_FRONZIES_BADGE" value="true" />
    <property name="env.PS4" value="+" />
    <property name="ant.project.invoked-targets" value="build,test.core1.xml" />
    <property name="env.TRAVIS_PULL_REQUEST_BRANCH" value="" />
    <property name="env.TRAVIS_REPO_SLUG" value="icyphy/ptII" />
    <property name="node.in.path" value="true" />
    <property name="java.maxmemory" value="1400m" />
    <property name="env.RUBY_VERSION" value="ruby-2.4.1" />
    <property name="user.name" value="travis" />
    <property name="env.LANG" value="en_US.UTF-8" />
    <property name="sun.io.unicode.encoding" value="UnicodeLittle" />
    <property name="sun.jnu.encoding" value="UTF-8" />
    <property name="java.runtime.name" value="Java(TM) SE Runtime Environment" />
    <property name="usefile" value="false" />
    <property name="return.code" value="0" />
    <property name="junit.single.formatter" value="plain" />
    <property name="env.DEBIAN_FRONTEND" value="noninteractive" />
    <property name="env.SSH_CONNECTION" value="10.10.16.84 33312 10.20.1.44 22" />
    <property name="env.MYSQL_UNIX_PORT" value="/var/run/mysqld/mysqld.sock" />
    <property name="env.TRAVIS_ALLOW_FAILURE" value="false" />
    <property name="env.LC_ALL" value="en_US.UTF-8" />
    <property name="env.TRAVIS_JOB_WEB_URL" value="https://travis-ci.org/icyphy/ptII/jobs/443489060" />
    <property name="java.specification.name" value="Java Platform API Specification" />
    <property name="node.works" value="true" />
    <property name="user.timezone" value="" />
    <property name="path.separator" value=":" />
    <property name="env.TRAVIS_ENABLE_INFRA_DETECTION" value="true" />
    <property name="env.PYTHON_CFLAGS" value="-g -fstack-protector --param=ssp-buffer-size=4 -Wformat -Werror=format-security" />
    <property name="timeout.long" value="4000000" />
    <property name="file.encoding" value="UTF-8" />
    <property name="ant.file.ptII" value="/home/travis/build/icyphy/ptII/build.xml" />
    <property name="javadoc.packagenames" value="com.*,diva.*,lbnl.*,org.hlacerti.*,org.json.*,org.ptolemy.*,org.terraswarm.*,ptolemy.*,ptserver.*" />
    <property name="env.TRAVIS_PULL_REQUEST_SLUG" value="" />
    <property name="ant.project.default-target" value="build" />
    <property name="env.GIT_ASKPASS" value="echo" />
    <property name="env.HOME" value="/home/travis" />
    <property name="sun.java.command" value="org.apache.tools.ant.taskdefs.optional.junit.JUnitTestRunner ptolemy.actor.lib.test.junit.JUnitTclTest skipNonTests=false filtertrace=true haltOnError=false haltOnFailure=false formatter=org.apache.tools.ant.taskdefs.optional.junit.OutErrSummaryJUnitResultFormatter showoutput=true outputtoformatters=true logfailedtests=true threadid=0 logtestlistenerevents=false formatter=org.apache.tools.ant.taskdefs.optional.junit.XMLJUnitResultFormatter,/home/travis/build/icyphy/ptII/reports/junit/TEST-ptolemy.actor.lib.test.junit.JUnitTclTest.xml crashfile=/home/travis/build/icyphy/ptII/junitvmwatcher5203607708271574285.properties propsfile=/home/travis/build/icyphy/ptII/junit6103053461256222923.properties" />
    <property name="env.MANPATH" value="/home/travis/.nvm/versions/node/v7.10.1/share/man:/home/travis/.kiex/elixirs/elixir-1.4.5/man:/home/travis/.rvm/rubies/ruby-2.4.1/share/man:/usr/local/man:/usr/local/cmake-3.9.2/man:/usr/local/clang-5.0.0/share/man:/usr/local/share/man:/usr/share/man:/home/travis/.rvm/man" />
    <property name="env.COMPOSER_NO_INTERACTION" value="1" />
    <property name="env.JDK_SWITCHER_DEFAULT" value="oraclejdk8" />
    <property name="env.TRAVIS_TIMER_ID" value="18e3b1ac" />
    <property name="ant.file" value="/home/travis/build/icyphy/ptII/build.xml" />
    <property name="env.TRAVIS_COMMIT_RANGE" value="7daf40fbffa7ec4e345d90a2c0dcc1feca6afa90...7f6d7976ecf135dca6d41387dd9d7b471dacbb41" />
    <property name="env._system_name" value="Ubuntu" />
    <property name="timeout" value="2400000" />
    <property name="ptII.classpath.optional.property" value="/home/travis/build/icyphy/ptII/lib/bsh-2.0b4.jar:/home/travis/build/icyphy/ptII/lib/ptCal.jar:/home/travis/build/icyphy/ptII/lib/java_cup.jar:/home/travis/build/icyphy/ptII/lib/saxon8.jar:/home/travis/build/icyphy/ptII/lib/saxon8-dom.jar:/home/travis/build/icyphy/ptII/lib/chic.jar:/home/travis/build/icyphy/ptII/lib/ptcolt.jar:/usr/lib/jvm/java-8-oracle/lib/tools.jar:/usr/lib/eclipse/plugins/org.eclipse.jdt.core_3.8.2.dist.jar:/usr/lib/eclipse/plugins/org.eclipse.core.runtime_3.8.0.dist.jar:/usr/lib/eclipse/plugins/org.eclipse.osgi_3.8.1.dist.jar:/usr/lib/eclipse/plugins/org.eclipse.core.resources_3.8.1.dist.jar:/usr/lib/eclipse/plugins/org.eclipse.equinox.common_3.6.100.dist.jar:/usr/lib/eclipse/plugins/org.eclipse.core.jobs_3.5.200.dist.jar:/usr/lib/eclipse/plugins/org.eclipse.core.contenttype_3.4.200.dist.jar:/usr/lib/eclipse/plugins/org.eclipse.equinox.preferences_3.5.0.dist.jar:/usr/lib/eclipse/plugins/org.eclipse.text_3.5.200.dist.jar:/usr/lib/eclipse/plugins/org.eclipse.ui.workbench_3.8.1.dist.jar:/usr/lib/eclipse/plugins/org.eclipse.jface_3.8.0.dist.jar:/usr/lib/eclipse/plugins/org.eclipse.swt_3.8.2.jar:/usr/lib/eclipse/plugins/org.eclipse.jface.text_3.8.1.dist.jar:/usr/lib/eclipse/plugins/org.eclipse.ui.workbench.texteditor_3.8.0.dist.jar:/usr/lib/eclipse/plugins/org.eclipse.ui.editors_3.8.0.dist.jar:/usr/lib/eclipse/plugins/org.eclipse.core.commands_3.6.1.dist.jar:/usr/lib/eclipse/plugins/org.eclipse.equinox.registry_3.5.200.dist.jar:/usr/lib/eclipse/plugins/org.eclipse.ui.console_3.5.100.dist.jar:/usr/lib/eclipse/plugins/org.eclipse.ui.forms_3.5.200.dist.jar:/usr/lib/eclipse/plugins/org.eclipse.ui.ide_3.8.1.dist.jar:/home/travis/build/icyphy/ptII/vendors/oracle/dbxml.jar:/home/travis/build/icyphy/ptII/vendors/oracle/db.jar:/home/travis/build/icyphy/ptII/vendors/misc/itext/iText.jar:/home/travis/build/icyphy/ptII/lib/g4ltl.jar:/home/travis/build/icyphy/ptII/lib/StructuralCoder.jar:/home/travis/build/icyphy/ptII/lib/org-openide-util.jar:/home/travis/build/icyphy/ptII/lib/org-openide-util-lookup.jar:/home/travis/build/icyphy/ptII/lib/org-netbeans-api-visual.jar:/home/travis/build/icyphy/ptII/vendors/jai-1_1_2_01/lib/jai_core.jar:/home/travis/build/icyphy/ptII/vendors/jai-1_1_2_01/lib/jai_codec.jar:/home/travis/build/icyphy/ptII/lib/jcerti.jar:/home/travis/build/icyphy/ptII/lib/smack.jar:/home/travis/build/icyphy/ptII/lib/smackx.jar:/home/travis/build/icyphy/ptII/lib/jetty-all-8.1.5-v20120716.jar:/home/travis/build/icyphy/ptII/lib/javax.servlet-api-3.0.1.jar:/home/travis/build/icyphy/ptII/lib/javax.mail.jar:/home/travis/build/icyphy/ptII/vendors/JMF-2.1.1e/lib/jmf.jar:/home/travis/build/icyphy/ptII/lib/jna-4.0.0-variadic.jar:/home/travis/build/icyphy/ptII/vendors/misc/joystick/Joystick.jar:/home/travis/build/icyphy/ptII/lib/ptjacl.jar:/home/travis/build/icyphy/ptII/lib/jsoup-1.8.2.jar:/home/travis/build/icyphy/ptII/lib/junit-4.8.2.jar:/home/travis/build/icyphy/ptII/lib/JUnitParams-0.4.0.jar:/home/travis/build/icyphy/ptII/ptolemy/actor/lib/excel/jxl.jar:/home/travis/build/icyphy/ptII/lib/jython.jar:/home/travis/build/icyphy/ptII/lib/kieler.jar:/home/travis/build/icyphy/ptII/vendors/opencv/share/OpenCV/java/opencv-341.jar:/home/travis/build/icyphy/ptII/lib/oscP5.jar:/home/travis/build/icyphy/ptII/lib/nrjavaserial-3.11.0.devel.jar:/home/travis/build/icyphy/ptII/vendors/j3d/lib/j3dcore.jar:/home/travis/build/icyphy/ptII/vendors/j3d/lib/j3dutils.jar:/home/travis/build/icyphy/ptII/vendors/j3d/lib/vecmath.jar:/home/travis/build/icyphy/ptII/ptolemy/distributed/jini/jar/jini-core.jar:/home/travis/build/icyphy/ptII/ptolemy/distributed/jini/jar/jini-ext.jar:/home/travis/build/icyphy/ptII/ptolemy/distributed/jini/jar/sun-util.jar:/home/travis/build/icyphy/ptII/lib/protobuf-java-2.4.1.jar:/home/travis/build/icyphy/ptII/lib/org.eclipse.paho.client.mqttv3.jar:/home/travis/build/icyphy/ptII/ptserver/lib/hessian-4.0.7.jar:/home/travis/build/icyphy/ptII/ptserver/lib/wmqtt.jar:/home/travis/build/icyphy/ptII/lib/mapss.jar:/home/travis/build/icyphy/ptII/ptolemy/actor/ptalon/antlr/antlr.jar:/home/travis/build/icyphy/ptII/lib/JRI.jar:/home/travis/build/icyphy/ptII/lib/commons-lang-2.6.jar:/home/travis/build/icyphy/ptII/lib/commons-logging-1.1.1.jar:/home/travis/build/icyphy/ptII/lib/sootclasses.jar:/home/travis/build/icyphy/ptII/ptolemy/actor/lib/database/mysql-connector-java-5.1.6-bin.jar:/home/travis/build/icyphy/ptII/vendors/misc/sphinx4/sphinx4-data-5prealpha.jar:/home/travis/build/icyphy/ptII/vendors/misc/sphinx4/sphinx4-core-5prealpha.jar:/home/travis/build/icyphy/ptII/lib/PDFRenderer.jar:/home/travis/build/icyphy/ptII/lib/svgSalamander.jar:/home/travis/build/icyphy/ptII/lib/rsyntaxtextarea-2.6.0-SNAPSHOT.jar:/home/travis/build/icyphy/ptII/lib/hazelcast-3.8.2.jar:/home/travis/build/icyphy/ptII/lib/jackson-annotations-2.9.0.jar:/home/travis/build/icyphy/ptII/lib/jackson-core-2.9.3.jar:/home/travis/build/icyphy/ptII/lib/jackson-databind-2.9.3.jar:/home/travis/build/icyphy/ptII/lib/netty-buffer-4.1.19.Final.jar:/home/travis/build/icyphy/ptII/lib/netty-codec-4.1.19.Final.jar:/home/travis/build/icyphy/ptII/lib/netty-codec-dns-4.1.19.Final.jar:/home/travis/build/icyphy/ptII/lib/netty-codec-http-4.1.19.Final.jar:/home/travis/build/icyphy/ptII/lib/netty-codec-http2-4.1.19.Final.jar:/home/travis/build/icyphy/ptII/lib/netty-common-4.1.19.Final.jar:/home/travis/build/icyphy/ptII/lib/netty-handler-4.1.19.Final.jar:/home/travis/build/icyphy/ptII/lib/netty-resolver-4.1.19.Final.jar:/home/travis/build/icyphy/ptII/lib/netty-resolver-dns-4.1.19.Final.jar:/home/travis/build/icyphy/ptII/lib/netty-transport-4.1.19.Final.jar:/home/travis/build/icyphy/ptII/lib/vertx-codegen-3.5.1.jar:/home/travis/build/icyphy/ptII/lib/vertx-core-3.5.2-SNAPSHOT.jar:/home/travis/build/icyphy/ptII/lib/vertx-hazelcast-3.5.1.jar:/home/travis/build/icyphy/ptII/lib/vertx-lang-js-3.5.1.jar:/home/travis/build/icyphy/ptII/lib/vertx-service-proxy-3.5.1.jar:/home/travis/build/icyphy/ptII/lib/vertx-web-3.5.1.jar:/home/travis/build/icyphy/ptII/lib/slf4j-api-1.7.13.jar:/home/travis/build/icyphy/ptII/lib/slf4j-simple-1.7.13.jar:/home/travis/build/icyphy/ptII/lib/webcam-capture-0.3.12.jar:/home/travis/build/icyphy/ptII/lib/bridj-0.7.0.jar:/home/travis/build/icyphy/ptII/lib/xbjlib-1.1.0.nrjavaserial.jar" />
    <property name="test.batch" value="**/junit/*.java" />
    <property name="env._" value="/usr/bin/timeout" />
    <property name="java.io.tmpdir" value="/tmp" />
    <property name="env.TRAVIS_INTERNAL_RUBY_REGEX" value="^ruby-(2\.[0-2]\.[0-9]|1\.9\.3)" />
    <property name="user.language" value="en" />
    <property name="env.HISTCONTROL" value="ignoredups:ignorespace" />
    <property name="env.GOROOT" value="/home/travis/.gimme/versions/go1.7.4.linux.amd64" />
    <property name="line.separator" value="&#xa;" />
    <property name="target" value="1.8" />
    <property name="env.TRAVIS_BUILD_DIR" value="/home/travis/build/icyphy/ptII" />
    <property name="env.ANT_OPTS" value="-Xmx2048m" />
    <property name="ant.file.type" value="file" />
    <property name="ptolemy.ptII.batchMode" value="true" />
    <property name="env.HISTSIZE" value="1000" />
    <property name="env.MERB_ENV" value="test" />
    <property name="java.vm.info" value="mixed mode" />
    <property name="source" value="1.8" />
    <property name="java.vm.specification.name" value="Java Virtual Machine Specification" />
    <property name="env.TRAVIS_TEST_RESULT" value="0" />
    <property name="jsdoc.command" value="node_modules/@terraswarm/jsdoc/jsdoc.js" />
    <property name="npm.works" value="true" />
    <property name="cobertura.dir" value="/home/travis/build/icyphy/ptII/vendors/cobertura-2.0.3" />
    <property name="env.rvm_path" value="/home/travis/.rvm" />
    <property name="env.GEM_PATH" value="/home/travis/.rvm/gems/ruby-2.4.1:/home/travis/.rvm/gems/ruby-2.4.1@global" />
    <property name="env.LC_CTYPE" value="en_US.UTF-8" />
    <property name="java.awt.printerjob" value="sun.print.PSPrinterJob" />
    <property name="env.TRAVIS_CMD" value="$PTII/bin/ptIITravisBuild.sh $SECONDS" />
    <property name="env.TRAVIS_STACK_NAME" value="garnet" />
    <property name="env.TRAVIS_TIMER_START_TIME" value="1539916006618256079" />
    <property name="ant.version" value="Apache Ant(TM) version 1.10.1 compiled on February 2 2017" />
    <property name="ptII.reports" value="/home/travis/build/icyphy/ptII/reports" />
    <property name="env.TRAVIS_STACK_TIMESTAMP" value="2017-12-05 19:33:09 UTC" />
    <property name="ant.file.type.ptII" value="file" />
    <property name="env.RBENV_SHELL" value="bash" />
    <property name="os.name" value="Linux" />
    <property name="java.specification.vendor" value="Oracle Corporation" />
    <property name="env.rvm_version" value="1.29.3 (latest)" />
    <property name="env.TRAVIS_INFRA" value="gce" />
    <property name="env.TERM" value="xterm" />
    <property name="java.vm.name" value="Java HotSpot(TM) 64-Bit Server VM" />
    <property name="env.TRAVIS_BUILD_NUMBER" value="786" />
    <property name="env.CI" value="true" />
    <property name="java.library.path" value="/usr/lib/jni:/usr/local/share/OpenCV/java/:/usr/share/OpenCV/java::/usr/java/packages/lib/amd64:/usr/lib64:/lib64:/lib:/usr/lib" />
    <property name="env.rvm_prefix" value="/home/travis" />
    <property name="env.PATH" value="/home/travis/.rvm/gems/ruby-2.4.1/bin:/home/travis/.rvm/gems/ruby-2.4.1@global/bin:/home/travis/.rvm/rubies/ruby-2.4.1/bin:/home/travis/.rvm/bin:/home/travis/.nvm/versions/node/v7.10.1/bin:./node_modules/.bin:/home/travis/build/icyphy/ptII/bin:/home/travis/pthla/certi-tools/bin:/home/travis/bin:/home/travis/.local/bin:/opt/pyenv/shims:/home/travis/.phpenv/shims:/home/travis/perl5/perlbrew/bin:/home/travis/.kiex/elixirs/elixir-1.4.5/bin:/home/travis/.kiex/bin:/home/travis/gopath/bin:/home/travis/.gimme/versions/go1.7.4.linux.amd64/bin:/usr/local/phantomjs/bin:/usr/local/phantomjs:/usr/local/neo4j-3.2.7/bin:/usr/local/maven-3.5.2/bin:/usr/local/cmake-3.9.2/bin:/usr/local/clang-5.0.0/bin:/usr/local/sbin:/usr/local/bin:/usr/sbin:/usr/bin:/sbin:/bin:/home/travis/.phpenv/bin:/opt/pyenv/bin:/home/travis/.yarn/bin" />
    <property name="env.TRAVIS_OS_NAME" value="linux" />
    <property name="ant.java.version" value="1.8" />
    <property name="basedir" value="/home/travis/build/icyphy/ptII" />
    <property name="java.class.version" value="52.0" />
    <property name="env.SHLVL" value="3" />
    <property name="env.LD_LIBRARY_PATH" value="/usr/lib/jni:/usr/local/share/OpenCV/java/:/usr/share/OpenCV/java:" />
    <property name="env.RACK_ENV" value="test" />
    <property name="ant.home" value="/home/travis/build/icyphy/ptII/ant" />
    <property name="env.NVM_DIR" value="/home/travis/.nvm" />
    <property name="env.PERLBREW_BASHRC_VERSION" value="0.80" />
    <property name="env.TRAVIS_BUILD_ID" value="443489049" />
    <property name="env.PYENV_ROOT" value="/opt/pyenv" />
    <property name="env.TRAVIS_UID" value="2000" />
    <property name="env.rvm_pretty_print_flag" value="auto" />
    <property name="env.NVM_BIN" value="/home/travis/.nvm/versions/node/v7.10.1/bin" />
    <property name="env.TRAVIS_COMMIT" value="7f6d7976ecf135dca6d41387dd9d7b471dacbb41" />
    <property name="env._system_arch" value="x86_64" />
    <property name="node.executable" value="node" />
    <property name="sun.boot.library.path" value="/usr/lib/jvm/java-8-oracle/jre/lib/amd64" />
    <property name="sun.management.compiler" value="HotSpot 64-Bit Tiered Compilers" />
    <property name="env.GOPATH" value="/home/travis/gopath" />
    <property name="java.awt.graphicsenv" value="sun.awt.X11GraphicsEnvironment" />
    <property name="ptolemy.ptII.dir" value="/home/travis/build/icyphy/ptII" />
    <property name="env.USER" value="travis" />
    <property name="env.HISTFILESIZE" value="2000" />
    <property name="timeout.longest" value="19000000" />
    <property name="env.TRAVIS_STACK_FEATURES" value="basic cassandra chromium couchdb disabled-ipv6 docker docker-compose elasticsearch firefox go-toolchain google-chrome jdk memcached mongodb mysql neo4j nodejs_interpreter perl_interpreter perlbrew phantomjs postgresql python_interpreter rabbitmq redis riak ruby_interpreter sqlite xserver" />
    <property name="env.TRAVIS_PULL_REQUEST" value="false" />
    <property name="env.PYENV_SHELL" value="bash" />
    <property name="ant.project.name" value="ptII" />
    <property name="java.vm.specification.version" value="1.8" />
    <property name="env.ANSI_RESET" value="\033[0m" />
    <property name="env.TRAVIS_DIST" value="trusty" />
    <property name="env.NLSPATH" value="/usr/dt/lib/nls/msg/%L/%N.cat" />
    <property name="awt.toolkit" value="sun.awt.X11.XToolkit" />
    <property name="env.MY_RUBY_HOME" value="/home/travis/.rvm/rubies/ruby-2.4.1" />
    <property name="sun.cpu.isalist" value="" />
    <property name="env.TRAVIS_TMPDIR" value="/tmp/tmp.yuRy1Y1gpS" />
    <property name="java.ext.dirs" value="/usr/lib/jvm/java-8-oracle/jre/lib/ext:/usr/java/packages/lib/ext" />
    <property name="os.version" value="4.4.0-101-generic" />
    <property name="user.home" value="/home/travis" />
    <property name="env.MIX_ARCHIVES" value="/home/travis/.kiex/mix/elixir-1.4.5" />
    <property name="java.vm.vendor" value="Oracle Corporation" />
    <property name="env.TRAVIS_TAG" value="nightly" />
    <property name="env.ANSI_YELLOW" value="\033[33;1m" />
    <property name="env.TRAVIS_FILTERED" value="redirect_io" />
    <property name="env.ANSI_GREEN" value="\033[32;1m" />
    <property name="env.JAVA_HOME" value="/usr/lib/jvm/java-8-oracle" />
    <property name="javadoc.excludepackagenames" value="adm.cvs2svn.*,build.*,config.*,doc.coding.templates.*,jni.test.jni.meaningOfLife.*,jni.test.jni.testDeux.*,jni.test.jni.testTrois.*,org.terraswarm.accessor.accessors.web.node_modules.*,org.terraswarm.accessor.accessors.web.hosts.cordova.demo.*,org.terraswarm.accessor.accessors.web.hosts.cordova.plugins.*,org.terraswarm.accessor.accessors-svn.*,pt-modules.*,ptolemy.apps.agilent.*,ptolemy.apps.anytimecontrol.*,ptolemy.apps.apes.*,ptolemy.apps.charon.*,ptolemy.apps.crazyboard.*,ptolemy.apps.eclipse.*,ptolemy.apps.etherealSting.*,ptolemy.apps.fullscreen.*,ptolemy.apps.giotto.*,ptolemy.apps.ia.*,ptolemy.apps.interfaces.*,ptolemy.apps.jmf.*,ptolemy.apps.kurt.*,ptolemy.apps.kvm.*,ptolemy.apps.lego.*,ptolemy.apps.lejos.*,ptolemy.apps.midp.*,ptolemy.apps.mobileCoding.*,ptolemy.apps.pendulum.*,ptolemy.apps.rijndael.*,ptolemy.apps.robot.*,ptolemy.apps.security.*,ptolemy.apps.sobel.*,ptolemy.apps.soot.*,ptolemy.apps.throttle.*,ptolemy.apps.tini.*,ptolemy.apps.transmission.*,ptolemy.apps.vergil.*,ptolemy.apps.waba.*,ptolemy.apps.websensor.*,ptolemy.apps.webstart.*,ptolemy.apps.xsl.*,ptolemy.apps.zaurus.*,ptolemy.backtrack.eclipse.plugin.*,ptolemy.backtrack.test.*,ptolemy.codegen.c.actor.lib.oldJavaFiles.*,ptolemy.codegen.dsp.lib.*,ptolemy.codegen.kernel.newInterfaces.*,ptolemy.codegen.lib.*,ptolemy.copernicus.kernel.fragment.*,ptolemy.copernicus.shallow.cg.*,ptolemy.domains.giotto.demo.Hierarchy.Hierarchy.*,ptolemy.domains.giotto.demo.Multimode.Multimode.*,ptolemy.domains.giotto.demo.Simple.Simple.*,ptolemy.domains.gr.lib.experimental.*,ptolemy.domains.gro.*,ptolemy.domains.pdf.*,ptolemy.domains.ptinyos.demo.Surge.output.*,ptolemy.moml.test.NoPackageActor.java*,ptolemy.plot.adm.*,ptolemy.plot.servlet.*,reports.*,signed.*,src.*,target.*,vendors.*,ptolemy.cg.adapter.generic.program.procedural.c.mbed*,ptolemy.actor.lib.fmi.fmus.omc*,ptolemy.domains.openmodelica*,ptdb.kernel.bl.save.test.*,ptdb.kernel.bl.load.test.*,ptdb.kernel.bl.search.test.*,ptdb.kernel.bl.migration.test.*,ptdb.kernel.database.test.*,ptdb.test.*,ptdb.gui.test.*,org.ptolemy.scala.*,diva.util.java2d.svg.*,ptolemy.domains.ptinyos.*,ptolemy.actor.lib.fmi.fmipp.*,,org.terraswarm.accessor.accessors.web.node_modules.*,org.terraswarm.accessor.accessors-svn,ptolemy.apps.*,ptolemy.actor.ptalon.demo.ptinyos.SendAndReceiveCnt.output,ptolemy.actor.ptalon.demo.ptinyos.SenseToLeds.output,ptolemy.domains.ptinyos.demo.CntToLedsAndRfm.output,ptolemy.domains.ptinyos.demo.RfmToLeds.output,ptolemy.domains.ptinyos.demo.SendAndReceiveCnt.output,ptolemy.domains.ptinyos.demo.SenseToLeds.output,ptolemy.actor.lib.jjs.modules.udpSocket.*" />
    <property name="env.PTII" value="/home/travis/build/icyphy/ptII" />
    <property name="env.XDG_SESSION_ID" value="2" />
    <property name="env.TRAVIS_COMMIT_MESSAGE" value="Set a timeout on starting the HLA Ambassador so that we get an error message instead of a hanging. Tuned the CERTI installation script to not check out a branch. And Tuned up the simplest demos" />
    <property name="keystore" value="ptKeystore" />
    <property name="junit.output.dir" value="/home/travis/build/icyphy/ptII/reports/junit" />
    <property name="npm.return.code" value="0" />
    <property name="user.dir" value="/home/travis/build/icyphy/ptII/ptolemy/actor/lib/test" />
    <property name="env.XFILESEARCHPATH" value="/usr/dt/app-defaults/%L/Dt" />
    <property name="env.TRAVIS_NODE_VERSION" value="7" />
    <property name="env.TRAVIS_EVENT_TYPE" value="cron" />
    <property name="env.MAIL" value="/var/mail/travis" />
    <property name="env.PERLBREW_ROOT" value="/home/travis/perl5/perlbrew" />
    <property name="env.PWD" value="/home/travis/build/icyphy/ptII" />
    <property name="timeout.npm" value="45000" />
    <property name="env.TRAVIS_ARCH" value="amd64" />
    <property name="sun.cpu.endian" value="little" />
    <property name="env.PAGER" value="cat" />
    <property name="env.TRAVIS_BUILD_STAGE_NAME" value="Test" />
    <property name="env.PERLBREW_HOME" value="/home/travis/.perlbrew" />
    <property name="env.RAILS_ENV" value="test" />
    <property name="java.vm.version" value="25.151-b12" />
    <property name="java.class.path" value="/home/travis/.ptolemyII:/home/travis/.ptolemyII/*:/home/travis/build/icyphy/ptII:/home/travis/build/icyphy/ptII/lib/bsh-2.0b4.jar:/home/travis/build/icyphy/ptII/lib/ptCal.jar:/home/travis/build/icyphy/ptII/lib/java_cup.jar:/home/travis/build/icyphy/ptII/lib/saxon8.jar:/home/travis/build/icyphy/ptII/lib/saxon8-dom.jar:/home/travis/build/icyphy/ptII/lib/chic.jar:/home/travis/build/icyphy/ptII/lib/ptcolt.jar:/usr/lib/jvm/java-8-oracle/lib/tools.jar:/usr/lib/eclipse/plugins/org.eclipse.jdt.core_3.8.2.dist.jar:/usr/lib/eclipse/plugins/org.eclipse.core.runtime_3.8.0.dist.jar:/usr/lib/eclipse/plugins/org.eclipse.osgi_3.8.1.dist.jar:/usr/lib/eclipse/plugins/org.eclipse.core.resources_3.8.1.dist.jar:/usr/lib/eclipse/plugins/org.eclipse.equinox.common_3.6.100.dist.jar:/usr/lib/eclipse/plugins/org.eclipse.core.jobs_3.5.200.dist.jar:/usr/lib/eclipse/plugins/org.eclipse.core.contenttype_3.4.200.dist.jar:/usr/lib/eclipse/plugins/org.eclipse.equinox.preferences_3.5.0.dist.jar:/usr/lib/eclipse/plugins/org.eclipse.text_3.5.200.dist.jar:/usr/lib/eclipse/plugins/org.eclipse.ui.workbench_3.8.1.dist.jar:/usr/lib/eclipse/plugins/org.eclipse.jface_3.8.0.dist.jar:/usr/lib/eclipse/plugins/org.eclipse.swt_3.8.2.jar:/usr/lib/eclipse/plugins/org.eclipse.jface.text_3.8.1.dist.jar:/usr/lib/eclipse/plugins/org.eclipse.ui.workbench.texteditor_3.8.0.dist.jar:/usr/lib/eclipse/plugins/org.eclipse.ui.editors_3.8.0.dist.jar:/usr/lib/eclipse/plugins/org.eclipse.core.commands_3.6.1.dist.jar:/usr/lib/eclipse/plugins/org.eclipse.equinox.registry_3.5.200.dist.jar:/usr/lib/eclipse/plugins/org.eclipse.ui.console_3.5.100.dist.jar:/usr/lib/eclipse/plugins/org.eclipse.ui.forms_3.5.200.dist.jar:/usr/lib/eclipse/plugins/org.eclipse.ui.ide_3.8.1.dist.jar:/home/travis/build/icyphy/ptII/vendors/oracle/dbxml.jar:/home/travis/build/icyphy/ptII/vendors/oracle/db.jar:/home/travis/build/icyphy/ptII/vendors/misc/itext/iText.jar:/home/travis/build/icyphy/ptII/lib/g4ltl.jar:/home/travis/build/icyphy/ptII/lib/StructuralCoder.jar:/home/travis/build/icyphy/ptII/lib/org-openide-util.jar:/home/travis/build/icyphy/ptII/lib/org-openide-util-lookup.jar:/home/travis/build/icyphy/ptII/lib/org-netbeans-api-visual.jar:/home/travis/build/icyphy/ptII/vendors/jai-1_1_2_01/lib/jai_core.jar:/home/travis/build/icyphy/ptII/vendors/jai-1_1_2_01/lib/jai_codec.jar:/home/travis/build/icyphy/ptII/lib/jcerti.jar:/home/travis/build/icyphy/ptII/lib/smack.jar:/home/travis/build/icyphy/ptII/lib/smackx.jar:/home/travis/build/icyphy/ptII/lib/jetty-all-8.1.5-v20120716.jar:/home/travis/build/icyphy/ptII/lib/javax.servlet-api-3.0.1.jar:/home/travis/build/icyphy/ptII/lib/javax.mail.jar:/home/travis/build/icyphy/ptII/vendors/JMF-2.1.1e/lib/jmf.jar:/home/travis/build/icyphy/ptII/lib/jna-4.0.0-variadic.jar:/home/travis/build/icyphy/ptII/vendors/misc/joystick/Joystick.jar:/home/travis/build/icyphy/ptII/lib/ptjacl.jar:/home/travis/build/icyphy/ptII/lib/jsoup-1.8.2.jar:/home/travis/build/icyphy/ptII/lib/junit-4.8.2.jar:/home/travis/build/icyphy/ptII/lib/JUnitParams-0.4.0.jar:/home/travis/build/icyphy/ptII/ptolemy/actor/lib/excel/jxl.jar:/home/travis/build/icyphy/ptII/lib/jython.jar:/home/travis/build/icyphy/ptII/lib/kieler.jar:/home/travis/build/icyphy/ptII/vendors/opencv/share/OpenCV/java/opencv-341.jar:/home/travis/build/icyphy/ptII/lib/oscP5.jar:/home/travis/build/icyphy/ptII/lib/nrjavaserial-3.11.0.devel.jar:/home/travis/build/icyphy/ptII/vendors/j3d/lib/j3dcore.jar:/home/travis/build/icyphy/ptII/vendors/j3d/lib/j3dutils.jar:/home/travis/build/icyphy/ptII/vendors/j3d/lib/vecmath.jar:/home/travis/build/icyphy/ptII/ptolemy/distributed/jini/jar/jini-core.jar:/home/travis/build/icyphy/ptII/ptolemy/distributed/jini/jar/jini-ext.jar:/home/travis/build/icyphy/ptII/ptolemy/distributed/jini/jar/sun-util.jar:/home/travis/build/icyphy/ptII/lib/protobuf-java-2.4.1.jar:/home/travis/build/icyphy/ptII/lib/org.eclipse.paho.client.mqttv3.jar:/home/travis/build/icyphy/ptII/ptserver/lib/hessian-4.0.7.jar:/home/travis/build/icyphy/ptII/ptserver/lib/wmqtt.jar:/home/travis/build/icyphy/ptII/lib/mapss.jar:/home/travis/build/icyphy/ptII/ptolemy/actor/ptalon/antlr/antlr.jar:/home/travis/build/icyphy/ptII/lib/JRI.jar:/home/travis/build/icyphy/ptII/lib/commons-lang-2.6.jar:/home/travis/build/icyphy/ptII/lib/commons-logging-1.1.1.jar:/home/travis/build/icyphy/ptII/lib/sootclasses.jar:/home/travis/build/icyphy/ptII/ptolemy/actor/lib/database/mysql-connector-java-5.1.6-bin.jar:/home/travis/build/icyphy/ptII/vendors/misc/sphinx4/sphinx4-data-5prealpha.jar:/home/travis/build/icyphy/ptII/vendors/misc/sphinx4/sphinx4-core-5prealpha.jar:/home/travis/build/icyphy/ptII/lib/PDFRenderer.jar:/home/travis/build/icyphy/ptII/lib/svgSalamander.jar:/home/travis/build/icyphy/ptII/lib/rsyntaxtextarea-2.6.0-SNAPSHOT.jar:/home/travis/build/icyphy/ptII/lib/hazelcast-3.8.2.jar:/home/travis/build/icyphy/ptII/lib/jackson-annotations-2.9.0.jar:/home/travis/build/icyphy/ptII/lib/jackson-core-2.9.3.jar:/home/travis/build/icyphy/ptII/lib/jackson-databind-2.9.3.jar:/home/travis/build/icyphy/ptII/lib/netty-buffer-4.1.19.Final.jar:/home/travis/build/icyphy/ptII/lib/netty-codec-4.1.19.Final.jar:/home/travis/build/icyphy/ptII/lib/netty-codec-dns-4.1.19.Final.jar:/home/travis/build/icyphy/ptII/lib/netty-codec-http-4.1.19.Final.jar:/home/travis/build/icyphy/ptII/lib/netty-codec-http2-4.1.19.Final.jar:/home/travis/build/icyphy/ptII/lib/netty-common-4.1.19.Final.jar:/home/travis/build/icyphy/ptII/lib/netty-handler-4.1.19.Final.jar:/home/travis/build/icyphy/ptII/lib/netty-resolver-4.1.19.Final.jar:/home/travis/build/icyphy/ptII/lib/netty-resolver-dns-4.1.19.Final.jar:/home/travis/build/icyphy/ptII/lib/netty-transport-4.1.19.Final.jar:/home/travis/build/icyphy/ptII/lib/vertx-codegen-3.5.1.jar:/home/travis/build/icyphy/ptII/lib/vertx-core-3.5.2-SNAPSHOT.jar:/home/travis/build/icyphy/ptII/lib/vertx-hazelcast-3.5.1.jar:/home/travis/build/icyphy/ptII/lib/vertx-lang-js-3.5.1.jar:/home/travis/build/icyphy/ptII/lib/vertx-service-proxy-3.5.1.jar:/home/travis/build/icyphy/ptII/lib/vertx-web-3.5.1.jar:/home/travis/build/icyphy/ptII/lib/slf4j-api-1.7.13.jar:/home/travis/build/icyphy/ptII/lib/slf4j-simple-1.7.13.jar:/home/travis/build/icyphy/ptII/lib/webcam-capture-0.3.12.jar:/home/travis/build/icyphy/ptII/lib/bridj-0.7.0.jar:/home/travis/build/icyphy/ptII/lib/xbjlib-1.1.0.nrjavaserial.jar:/home/travis/build/icyphy/ptII/ptolemy/moml/test:/home/travis/build/icyphy/ptII/ant/lib/ant-launcher.jar:/home/travis/build/icyphy/ptII/ant/lib/ant.jar:/home/travis/build/icyphy/ptII/ant/lib/ant-junit.jar:/home/travis/build/icyphy/ptII/ant/lib/ant-junit4.jar" />
    <property name="ant.library.dir" value="/home/travis/build/icyphy/ptII/ant/lib" />
    <property name="os.arch" value="amd64" />
    <property name="env.CONTINUOUS_INTEGRATION" value="true" />
    <property name="env.TRAVIS_LANGUAGE" value="node_js" />
    <property name="env.TRAVIS_STACK_LANGUAGES" value="__garnet__ c c++ clojure cplusplus cpp default go groovy java node_js php pure_java python ruby scala" />
    <property name="test.name" value="ptolemy.actor.lib.test.junit.JUnitTclTest" />
    <property name="sun.java.launcher" value="SUN_STANDARD" />
    <property name="env.PYTHON_CONFIGURE_OPTS" value="--enable-unicode=ucs4 --with-wide-unicode --enable-shared --enable-ipv6 --enable-loadable-sqlite-extensions --with-computed-gotos" />
    <property name="ant.core.lib" value="/home/travis/build/icyphy/ptII/ant/lib/ant.jar" />
    <property name="java.vm.specification.vendor" value="Oracle Corporation" />
    <property name="env.BCVTB_HOME" value="/home/travis/build/icyphy/ptII/lbnl" />
    <property name="file.separator" value="/" />
    <property name="java.runtime.version" value="1.8.0_151-b12" />
    <property name="spotbugs.home" value="/home/travis/build/icyphy/ptII/vendors/spotbugs-3.1.1" />
    <property name="sun.boot.class.path" value="/usr/lib/jvm/java-8-oracle/jre/lib/resources.jar:/usr/lib/jvm/java-8-oracle/jre/lib/rt.jar:/usr/lib/jvm/java-8-oracle/jre/lib/sunrsasign.jar:/usr/lib/jvm/java-8-oracle/jre/lib/jsse.jar:/usr/lib/jvm/java-8-oracle/jre/lib/jce.jar:/usr/lib/jvm/java-8-oracle/jre/lib/charsets.jar:/usr/lib/jvm/java-8-oracle/jre/lib/jfr.jar:/usr/lib/jvm/java-8-oracle/jre/classes" />
    <property name="env.ANSI_CLEAR" value="\033[0K" />
    <property name="env.HAS_JOSH_K_SEAL_OF_APPROVAL" value="true" />
    <property name="env.TRAVIS_OSX_IMAGE" value="" />
    <property name="env.XDG_RUNTIME_DIR" value="/run/user/2000" />
    <property name="env.TRAVIS_JOB_ID" value="443489060" />
    <property name="env.TRAVIS_BRANCH" value="master" />
    <property name="user.country" value="US" />
    <property name="env.CERTI_HOME_TRAVIS" value="/home/travis/pthla/certi-tools" />
    <property name="env.SHELL" value="/bin/bash" />
    <property name="java.maxmemory.large" value="5000m" />
    <property name="model" value="" />
    <property name="env.CASHER_DIR" value="/home/travis/.casher" />
    <property name="env.NVM_CD_FLAGS" value="" />
    <property name="jshint.executable" value="/home/travis/node_modules/jshint/bin/jshint" />
    <property name="env.JRUBY_OPTS" value=" --client -J-XX:+TieredCompilation -J-XX:TieredStopAtLevel=1 -J-Xss2m -Xcompile.invokedynamic=false" />
    <property name="java.vendor" value="Oracle Corporation" />
    <property name="env.TRAVIS_PRE_CHEF_BOOTSTRAP_TIME" value="2017-12-05T19:32:55" />
    <property name="env.TRAVIS_STACK_JOB_BOARD_REGISTER" value="/.job-board-register.yml" />
    <property name="env.ELIXIR_VERSION" value="1.4.5" />
    <property name="env.ANSI_RED" value="\033[31;1m" />
    <property name="java.specification.version" value="1.8" />
    <property name="env.TRAVIS" value="true" />
    <property name="env.IRBRC" value="/home/travis/.rvm/rubies/ruby-2.4.1/.irbrc" />
    <property name="sun.arch.data.model" value="64" />
  </properties>
  <testcase classname="ptolemy.util.test.junit.TclTests" name="[0] /home/travis/build/icyphy/ptII/ptolemy/actor/lib/test/AbsoluteValue.tcl (RunTclFile)" time="0.435" />
  <testcase classname="ptolemy.util.test.junit.TclTests" name="[1] /home/travis/build/icyphy/ptII/ptolemy/actor/lib/test/AddSubtract.tcl (RunTclFile)" time="0.109" />
  <testcase classname="ptolemy.util.test.junit.TclTests" name="[2] /home/travis/build/icyphy/ptII/ptolemy/actor/lib/test/Average.tcl (RunTclFile)" time="0.057" />
  <testcase classname="ptolemy.util.test.junit.TclTests" name="[3] /home/travis/build/icyphy/ptII/ptolemy/actor/lib/test/Bernoulli.tcl (RunTclFile)" time="0.031" />
  <testcase classname="ptolemy.util.test.junit.TclTests" name="[4] /home/travis/build/icyphy/ptII/ptolemy/actor/lib/test/Clock.tcl (RunTclFile)" time="0.101" />
  <testcase classname="ptolemy.util.test.junit.TclTests" name="[5] /home/travis/build/icyphy/ptII/ptolemy/actor/lib/test/Commutator.tcl (RunTclFile)" time="0.097" />
  <testcase classname="ptolemy.util.test.junit.TclTests" name="[6] /home/travis/build/icyphy/ptII/ptolemy/actor/lib/test/Const.tcl (RunTclFile)" time="0.093" />
  <testcase classname="ptolemy.util.test.junit.TclTests" name="[7] /home/travis/build/icyphy/ptII/ptolemy/actor/lib/test/CurrentTime.tcl (RunTclFile)" time="0.042" />
  <testcase classname="ptolemy.util.test.junit.TclTests" name="[8] /home/travis/build/icyphy/ptII/ptolemy/actor/lib/test/DB.tcl (RunTclFile)" time="0.027" />
  <testcase classname="ptolemy.util.test.junit.TclTests" name="[9] /home/travis/build/icyphy/ptII/ptolemy/actor/lib/test/DiscreteRandomSource.tcl (RunTclFile)" time="0.024" />
  <testcase classname="ptolemy.util.test.junit.TclTests" name="[10] /home/travis/build/icyphy/ptII/ptolemy/actor/lib/test/Distributor.tcl (RunTclFile)" time="0.034" />
  <testcase classname="ptolemy.util.test.junit.TclTests" name="[11] /home/travis/build/icyphy/ptII/ptolemy/actor/lib/test/Exit.tcl (RunTclFile)" time="0.044" />
  <testcase classname="ptolemy.util.test.junit.TclTests" name="[12] /home/travis/build/icyphy/ptII/ptolemy/actor/lib/test/Expression.tcl (RunTclFile)" time="0.104" />
  <testcase classname="ptolemy.util.test.junit.TclTests" name="[13] /home/travis/build/icyphy/ptII/ptolemy/actor/lib/test/Gaussian.tcl (RunTclFile)" time="0.375" />
  <testcase classname="ptolemy.util.test.junit.TclTests" name="[14] /home/travis/build/icyphy/ptII/ptolemy/actor/lib/test/IIR.tcl (RunTclFile)" time="0.038" />
  <testcase classname="ptolemy.util.test.junit.TclTests" name="[15] /home/travis/build/icyphy/ptII/ptolemy/actor/lib/test/Interpolator.tcl (RunTclFile)" time="0.095" />
  <testcase classname="ptolemy.util.test.junit.TclTests" name="[16] /home/travis/build/icyphy/ptII/ptolemy/actor/lib/test/MathFunction.tcl (RunTclFile)" time="0.075" />
  <testcase classname="ptolemy.util.test.junit.TclTests" name="[17] /home/travis/build/icyphy/ptII/ptolemy/actor/lib/test/Maximum.tcl (RunTclFile)" time="0.043" />
  <testcase classname="ptolemy.util.test.junit.TclTests" name="[18] /home/travis/build/icyphy/ptII/ptolemy/actor/lib/test/Minimum.tcl (RunTclFile)" time="0.03" />
  <testcase classname="ptolemy.util.test.junit.TclTests" name="[19] /home/travis/build/icyphy/ptII/ptolemy/actor/lib/test/MultiplyDivide.tcl (RunTclFile)" time="0.047" />
  <testcase classname="ptolemy.util.test.junit.TclTests" name="[20] /home/travis/build/icyphy/ptII/ptolemy/actor/lib/test/OrderedMerge.tcl (RunTclFile)" time="0.098" />
  <testcase classname="ptolemy.util.test.junit.TclTests" name="[21] /home/travis/build/icyphy/ptII/ptolemy/actor/lib/test/Publisher.tcl (RunTclFile)" time="0.674" />
  <testcase classname="ptolemy.util.test.junit.TclTests" name="[22] /home/travis/build/icyphy/ptII/ptolemy/actor/lib/test/Pulse.tcl (RunTclFile)" time="0.031" />
  <testcase classname="ptolemy.util.test.junit.TclTests" name="[23] /home/travis/build/icyphy/ptII/ptolemy/actor/lib/test/Ramp.tcl (RunTclFile)" time="1.866" />
  <testcase classname="ptolemy.util.test.junit.TclTests" name="[24] /home/travis/build/icyphy/ptII/ptolemy/actor/lib/test/RampContinuous.tcl (RunTclFile)" time="0.02" />
  <testcase classname="ptolemy.util.test.junit.TclTests" name="[25] /home/travis/build/icyphy/ptII/ptolemy/actor/lib/test/RecordAssembler.tcl (RunTclFile)" time="0.016" />
  <testcase classname="ptolemy.util.test.junit.TclTests" name="[26] /home/travis/build/icyphy/ptII/ptolemy/actor/lib/test/RecordDisassembler.tcl (RunTclFile)" time="0.026" />
  <testcase classname="ptolemy.util.test.junit.TclTests" name="[27] /home/travis/build/icyphy/ptII/ptolemy/actor/lib/test/Scale.tcl (RunTclFile)" time="0.017" />
  <testcase classname="ptolemy.util.test.junit.TclTests" name="[28] /home/travis/build/icyphy/ptII/ptolemy/actor/lib/test/SequentialClock.tcl (RunTclFile)" time="0.021" />
  <testcase classname="ptolemy.util.test.junit.TclTests" name="[29] /home/travis/build/icyphy/ptII/ptolemy/actor/lib/test/SetVariable.tcl (RunTclFile)" time="0.014" />
  <testcase classname="ptolemy.util.test.junit.TclTests" name="[30] /home/travis/build/icyphy/ptII/ptolemy/actor/lib/test/Sinewave.tcl (RunTclFile)" time="0.04" />
  <testcase classname="ptolemy.util.test.junit.TclTests" name="[31] /home/travis/build/icyphy/ptII/ptolemy/actor/lib/test/SubscriptionAggregator.tcl (RunTclFile)" time="1.882" />
  <testcase classname="ptolemy.util.test.junit.TclTests" name="[32] /home/travis/build/icyphy/ptII/ptolemy/actor/lib/test/Test.tcl (RunTclFile)" time="0.092" />
  <testcase classname="ptolemy.util.test.junit.TclTests" name="[33] /home/travis/build/icyphy/ptII/ptolemy/actor/lib/test/TestExceptionHandler.tcl (RunTclFile)" time="0.01" />
  <testcase classname="ptolemy.util.test.junit.TclTests" name="[34] /home/travis/build/icyphy/ptII/ptolemy/actor/lib/test/UnionDisassembler.tcl (RunTclFile)" time="0.066" />
  <testcase classname="ptolemy.util.test.junit.TclTests" name="[35] /home/travis/build/icyphy/ptII/ptolemy/actor/lib/test/VariableClock.tcl (RunTclFile)" time="0.028" />
  <testcase classname="ptolemy.util.test.junit.AutoKnownFailedTests" name="[0] /home/travis/build/icyphy/ptII/ptolemy/actor/lib/test/auto/knownFailedTests/PublisherPortToplevelSubscriber.xml (RunModel)" time="0.018" />
  <testcase classname="ptolemy.util.test.junit.AutoKnownFailedTests" name="[1] /home/travis/build/icyphy/ptII/ptolemy/actor/lib/test/auto/knownFailedTests/PublisherSubscriberPortToplevel.xml (RunModel)" time="0.02" />
  <testcase classname="ptolemy.util.test.junit.AutoKnownFailedTests" name="[2] /home/travis/build/icyphy/ptII/ptolemy/actor/lib/test/auto/knownFailedTests/PublisherSubscriptionAggregatorPort.xml (RunModel)" time="0.023" />
  <testcase classname="ptolemy.util.test.junit.AutoKnownFailedTests" name="[3] /home/travis/build/icyphy/ptII/ptolemy/actor/lib/test/auto/knownFailedTests/sizedarray3.xml (RunModel)" time="0.047" />
  <testcase classname="ptolemy.util.test.junit.AutoNameArchTests" name="[0] ThereAreNoAutoArchTests (RunModel)" time="0.003" />
  <testcase classname="ptolemy.util.test.junit.AutoTests" name="[0] /home/travis/build/icyphy/ptII/ptolemy/actor/lib/test/auto/AbsoluteValue.xml (RunModel)" time="0.102" />
  <testcase classname="ptolemy.util.test.junit.AutoTests" name="[1] /home/travis/build/icyphy/ptII/ptolemy/actor/lib/test/auto/AbsoluteValue2.xml (RunModel)" time="0.068" />
  <testcase classname="ptolemy.util.test.junit.AutoTests" name="[2] /home/travis/build/icyphy/ptII/ptolemy/actor/lib/test/auto/Accumulator.xml (RunModel)" time="0.07" />
  <testcase classname="ptolemy.util.test.junit.AutoTests" name="[3] /home/travis/build/icyphy/ptII/ptolemy/actor/lib/test/auto/Accumulator2.xml (RunModel)" time="0.047" />
  <testcase classname="ptolemy.util.test.junit.AutoTests" name="[4] /home/travis/build/icyphy/ptII/ptolemy/actor/lib/test/auto/Accumulator3.xml (RunModel)" time="0.038" />
  <testcase classname="ptolemy.util.test.junit.AutoTests" name="[5] /home/travis/build/icyphy/ptII/ptolemy/actor/lib/test/auto/ArrayAppend.xml (RunModel)" time="0.054" />
  <testcase classname="ptolemy.util.test.junit.AutoTests" name="[6] /home/travis/build/icyphy/ptII/ptolemy/actor/lib/test/auto/ArrayAppend2.xml (RunModel)" time="0.371" />
  <testcase classname="ptolemy.util.test.junit.AutoTests" name="[7] /home/travis/build/icyphy/ptII/ptolemy/actor/lib/test/auto/ArrayAppend3.xml (RunModel)" time="0.034" />
  <testcase classname="ptolemy.util.test.junit.AutoTests" name="[8] /home/travis/build/icyphy/ptII/ptolemy/actor/lib/test/auto/ArrayAppend4.xml (RunModel)" time="0.038" />
  <testcase classname="ptolemy.util.test.junit.AutoTests" name="[9] /home/travis/build/icyphy/ptII/ptolemy/actor/lib/test/auto/ArrayAppend5.xml (RunModel)" time="0.02" />
  <testcase classname="ptolemy.util.test.junit.AutoTests" name="[10] /home/travis/build/icyphy/ptII/ptolemy/actor/lib/test/auto/ArrayAppend6.xml (RunModel)" time="0.023" />
  <testcase classname="ptolemy.util.test.junit.AutoTests" name="[11] /home/travis/build/icyphy/ptII/ptolemy/actor/lib/test/auto/ArrayAppendPerformanceTest.xml (RunModel)" time="0.038" />
  <testcase classname="ptolemy.util.test.junit.AutoTests" name="[12] /home/travis/build/icyphy/ptII/ptolemy/actor/lib/test/auto/ArrayAppendWithEmptyInput.xml (RunModel)" time="0.066" />
  <testcase classname="ptolemy.util.test.junit.AutoTests" name="[13] /home/travis/build/icyphy/ptII/ptolemy/actor/lib/test/auto/ArrayAverage.xml (RunModel)" time="0.062" />
  <testcase classname="ptolemy.util.test.junit.AutoTests" name="[14] /home/travis/build/icyphy/ptII/ptolemy/actor/lib/test/auto/ArrayContains.xml (RunModel)" time="0.03" />
  <testcase classname="ptolemy.util.test.junit.AutoTests" name="[15] /home/travis/build/icyphy/ptII/ptolemy/actor/lib/test/auto/ArrayElement.xml (RunModel)" time="0.034" />
  <testcase classname="ptolemy.util.test.junit.AutoTests" name="[16] /home/travis/build/icyphy/ptII/ptolemy/actor/lib/test/auto/ArrayElementAsMatrix.xml (RunModel)" time="0.052" />
  <testcase classname="ptolemy.util.test.junit.AutoTests" name="[17] /home/travis/build/icyphy/ptII/ptolemy/actor/lib/test/auto/ArrayElementI.xml (RunModel)" time="0.017" />
  <testcase classname="ptolemy.util.test.junit.AutoTests" name="[18] /home/travis/build/icyphy/ptII/ptolemy/actor/lib/test/auto/ArrayExtract.xml (RunModel)" time="0.047" />
  <testcase classname="ptolemy.util.test.junit.AutoTests" name="[19] /home/travis/build/icyphy/ptII/ptolemy/actor/lib/test/auto/ArrayExtract2.xml (RunModel)" time="0.022" />
  <testcase classname="ptolemy.util.test.junit.AutoTests" name="[20] /home/travis/build/icyphy/ptII/ptolemy/actor/lib/test/auto/ArrayLength.xml (RunModel)" time="0.028" />
  <testcase classname="ptolemy.util.test.junit.AutoTests" name="[21] /home/travis/build/icyphy/ptII/ptolemy/actor/lib/test/auto/ArrayLevelCrossing.xml (RunModel)" time="0.044" />
  <testcase classname="ptolemy.util.test.junit.AutoTests" name="[22] /home/travis/build/icyphy/ptII/ptolemy/actor/lib/test/auto/ArrayLevelCrossing2.xml (RunModel)" time="0.029" />
  <testcase classname="ptolemy.util.test.junit.AutoTests" name="[23] /home/travis/build/icyphy/ptII/ptolemy/actor/lib/test/auto/ArrayPeakSearch.xml (RunModel)" time="0.041" />
  <testcase classname="ptolemy.util.test.junit.AutoTests" name="[24] /home/travis/build/icyphy/ptII/ptolemy/actor/lib/test/auto/ArrayPeakSearch2.xml (RunModel)" time="0.042" />
  <testcase classname="ptolemy.util.test.junit.AutoTests" name="[25] /home/travis/build/icyphy/ptII/ptolemy/actor/lib/test/auto/ArrayPeakSearch3.xml (RunModel)" time="0.031" />
  <testcase classname="ptolemy.util.test.junit.AutoTests" name="[26] /home/travis/build/icyphy/ptII/ptolemy/actor/lib/test/auto/ArrayRemoveElement.xml (RunModel)" time="0.032" />
  <testcase classname="ptolemy.util.test.junit.AutoTests" name="[27] /home/travis/build/icyphy/ptII/ptolemy/actor/lib/test/auto/ArraySort.xml (RunModel)" time="0.035" />
  <testcase classname="ptolemy.util.test.junit.AutoTests" name="[28] /home/travis/build/icyphy/ptII/ptolemy/actor/lib/test/auto/ArraySum.xml (RunModel)" time="0.027" />
  <testcase classname="ptolemy.util.test.junit.AutoTests" name="[29] /home/travis/build/icyphy/ptII/ptolemy/actor/lib/test/auto/ArrayToElements.xml (RunModel)" time="0.02" />
  <testcase classname="ptolemy.util.test.junit.AutoTests" name="[30] /home/travis/build/icyphy/ptII/ptolemy/actor/lib/test/auto/ArrayToMatrix.xml (RunModel)" time="0.058" />
  <testcase classname="ptolemy.util.test.junit.AutoTests" name="[31] /home/travis/build/icyphy/ptII/ptolemy/actor/lib/test/auto/ArrayUpdate1.xml (RunModel)" time="0.017" />
  <testcase classname="ptolemy.util.test.junit.AutoTests" name="[32] /home/travis/build/icyphy/ptII/ptolemy/actor/lib/test/auto/ArrayUpdate2.xml (RunModel)" time="0.023" />
  <testcase classname="ptolemy.util.test.junit.AutoTests" name="[33] /home/travis/build/icyphy/ptII/ptolemy/actor/lib/test/auto/ArrayUpdate3.xml (RunModel)" time="0.015" />
  <testcase classname="ptolemy.util.test.junit.AutoTests" name="[34] /home/travis/build/icyphy/ptII/ptolemy/actor/lib/test/auto/Assert1.xml (RunModel)" time="0.03" />
  <testcase classname="ptolemy.util.test.junit.AutoTests" name="[35] /home/travis/build/icyphy/ptII/ptolemy/actor/lib/test/auto/Assert2.xml (RunModel)" time="0.028" />
  <testcase classname="ptolemy.util.test.junit.AutoTests" name="[36] /home/travis/build/icyphy/ptII/ptolemy/actor/lib/test/auto/BooleanMultiplexor.xml (RunModel)" time="0.021" />
  <testcase classname="ptolemy.util.test.junit.AutoTests" name="[37] /home/travis/build/icyphy/ptII/ptolemy/actor/lib/test/auto/BooleanMultiplexor2.xml (RunModel)" time="0.015" />
  <testcase classname="ptolemy.util.test.junit.AutoTests" name="[38] /home/travis/build/icyphy/ptII/ptolemy/actor/lib/test/auto/BooleanMultiplexor3.xml (RunModel)" time="0.024" />
  <testcase classname="ptolemy.util.test.junit.AutoTests" name="[39] /home/travis/build/icyphy/ptII/ptolemy/actor/lib/test/auto/BooleanSelect.xml (RunModel)" time="0.027" />
  <testcase classname="ptolemy.util.test.junit.AutoTests" name="[40] /home/travis/build/icyphy/ptII/ptolemy/actor/lib/test/auto/BooleanSelect2.xml (RunModel)" time="0.012" />
  <testcase classname="ptolemy.util.test.junit.AutoTests" name="[41] /home/travis/build/icyphy/ptII/ptolemy/actor/lib/test/auto/BooleanSwitch.xml (RunModel)" time="0.021" />
  <testcase classname="ptolemy.util.test.junit.AutoTests" name="[42] /home/travis/build/icyphy/ptII/ptolemy/actor/lib/test/auto/BooleanSwitch2.xml (RunModel)" time="0.012" />
  <testcase classname="ptolemy.util.test.junit.AutoTests" name="[43] /home/travis/build/icyphy/ptII/ptolemy/actor/lib/test/auto/BooleanSwitchCloningBugWithClassRelationGroup.xml (RunModel)" time="0.022" />
  <testcase classname="ptolemy.util.test.junit.AutoTests" name="[44] /home/travis/build/icyphy/ptII/ptolemy/actor/lib/test/auto/BusActors.xml (RunModel)" time="0.027" />
  <testcase classname="ptolemy.util.test.junit.AutoTests" name="[45] /home/travis/build/icyphy/ptII/ptolemy/actor/lib/test/auto/ClassWrapper.xml (RunModel)" time="0.01" />
  <testcase classname="ptolemy.util.test.junit.AutoTests" name="[46] /home/travis/build/icyphy/ptII/ptolemy/actor/lib/test/auto/Clock.xml (RunModel)" time="0.008" />
  <testcase classname="ptolemy.util.test.junit.AutoTests" name="[47] /home/travis/build/icyphy/ptII/ptolemy/actor/lib/test/auto/Clock10.xml (RunModel)" time="0.056" />
  <testcase classname="ptolemy.util.test.junit.AutoTests" name="[48] /home/travis/build/icyphy/ptII/ptolemy/actor/lib/test/auto/Clock11.xml (RunModel)" time="0.013" />
  <testcase classname="ptolemy.util.test.junit.AutoTests" name="[49] /home/travis/build/icyphy/ptII/ptolemy/actor/lib/test/auto/Clock12.xml (RunModel)" time="0.018" />
  <testcase classname="ptolemy.util.test.junit.AutoTests" name="[50] /home/travis/build/icyphy/ptII/ptolemy/actor/lib/test/auto/Clock13.xml (RunModel)" time="0.022" />
  <testcase classname="ptolemy.util.test.junit.AutoTests" name="[51] /home/travis/build/icyphy/ptII/ptolemy/actor/lib/test/auto/Clock14.xml (RunModel)" time="0.016" />
  <testcase classname="ptolemy.util.test.junit.AutoTests" name="[52] /home/travis/build/icyphy/ptII/ptolemy/actor/lib/test/auto/Clock15.xml (RunModel)" time="0.016" />
  <testcase classname="ptolemy.util.test.junit.AutoTests" name="[53] /home/travis/build/icyphy/ptII/ptolemy/actor/lib/test/auto/Clock16.xml (RunModel)" time="0.082" />
  <testcase classname="ptolemy.util.test.junit.AutoTests" name="[54] /home/travis/build/icyphy/ptII/ptolemy/actor/lib/test/auto/Clock17.xml (RunModel)" time="0.035" />
  <testcase classname="ptolemy.util.test.junit.AutoTests" name="[55] /home/travis/build/icyphy/ptII/ptolemy/actor/lib/test/auto/Clock18.xml (RunModel)" time="0.038" />
  <testcase classname="ptolemy.util.test.junit.AutoTests" name="[56] /home/travis/build/icyphy/ptII/ptolemy/actor/lib/test/auto/Clock19.xml (RunModel)" time="0.031" />
  <testcase classname="ptolemy.util.test.junit.AutoTests" name="[57] /home/travis/build/icyphy/ptII/ptolemy/actor/lib/test/auto/Clock2.xml (RunModel)" time="0.008" />
  <testcase classname="ptolemy.util.test.junit.AutoTests" name="[58] /home/travis/build/icyphy/ptII/ptolemy/actor/lib/test/auto/Clock20.xml (RunModel)" time="0.015" />
  <testcase classname="ptolemy.util.test.junit.AutoTests" name="[59] /home/travis/build/icyphy/ptII/ptolemy/actor/lib/test/auto/Clock21.xml (RunModel)" time="0.011" />
  <testcase classname="ptolemy.util.test.junit.AutoTests" name="[60] /home/travis/build/icyphy/ptII/ptolemy/actor/lib/test/auto/Clock22.xml (RunModel)" time="0.015" />
  <testcase classname="ptolemy.util.test.junit.AutoTests" name="[61] /home/travis/build/icyphy/ptII/ptolemy/actor/lib/test/auto/Clock23.xml (RunModel)" time="0.021" />
  <testcase classname="ptolemy.util.test.junit.AutoTests" name="[62] /home/travis/build/icyphy/ptII/ptolemy/actor/lib/test/auto/Clock24.xml (RunModel)" time="0.013" />
  <testcase classname="ptolemy.util.test.junit.AutoTests" name="[63] /home/travis/build/icyphy/ptII/ptolemy/actor/lib/test/auto/Clock4.xml (RunModel)" time="0.019" />
  <testcase classname="ptolemy.util.test.junit.AutoTests" name="[64] /home/travis/build/icyphy/ptII/ptolemy/actor/lib/test/auto/Clock5.xml (RunModel)" time="0.02" />
  <testcase classname="ptolemy.util.test.junit.AutoTests" name="[65] /home/travis/build/icyphy/ptII/ptolemy/actor/lib/test/auto/Clock6.xml (RunModel)" time="0.012" />
  <testcase classname="ptolemy.util.test.junit.AutoTests" name="[66] /home/travis/build/icyphy/ptII/ptolemy/actor/lib/test/auto/Clock7.xml (RunModel)" time="0.014" />
  <testcase classname="ptolemy.util.test.junit.AutoTests" name="[67] /home/travis/build/icyphy/ptII/ptolemy/actor/lib/test/auto/Clock8.xml (RunModel)" time="0.017" />
  <testcase classname="ptolemy.util.test.junit.AutoTests" name="[68] /home/travis/build/icyphy/ptII/ptolemy/actor/lib/test/auto/Clock9.xml (RunModel)" time="0.016" />
  <testcase classname="ptolemy.util.test.junit.AutoTests" name="[69] /home/travis/build/icyphy/ptII/ptolemy/actor/lib/test/auto/CommDistDiscard.xml (RunModel)" time="0.02" />
  <testcase classname="ptolemy.util.test.junit.AutoTests" name="[70] /home/travis/build/icyphy/ptII/ptolemy/actor/lib/test/auto/Commutator.xml (RunModel)" time="0.014" />
  <testcase classname="ptolemy.util.test.junit.AutoTests" name="[71] /home/travis/build/icyphy/ptII/ptolemy/actor/lib/test/auto/Commutator2.xml (RunModel)" time="0.01" />
  <testcase classname="ptolemy.util.test.junit.AutoTests" name="[72] /home/travis/build/icyphy/ptII/ptolemy/actor/lib/test/auto/Commutator3.xml (RunModel)" time="0.012" />
  <testcase classname="ptolemy.util.test.junit.AutoTests" name="[73] /home/travis/build/icyphy/ptII/ptolemy/actor/lib/test/auto/Compare.xml (RunModel)" time="0.017" />
  <testcase classname="ptolemy.util.test.junit.AutoTests" name="[74] /home/travis/build/icyphy/ptII/ptolemy/actor/lib/test/auto/CompareDE.xml (RunModel)" time="0.02" />
  <testcase classname="ptolemy.util.test.junit.AutoTests" name="[75] /home/travis/build/icyphy/ptII/ptolemy/actor/lib/test/auto/ComplexDivide.xml (RunModel)" time="0.009" />
  <testcase classname="ptolemy.util.test.junit.AutoTests" name="[76] /home/travis/build/icyphy/ptII/ptolemy/actor/lib/test/auto/ComputeHistogram.xml (RunModel)" time="0.062" />
  <testcase classname="ptolemy.util.test.junit.AutoTests" name="[77] /home/travis/build/icyphy/ptII/ptolemy/actor/lib/test/auto/ConfigurationSelect.xml (RunModel)" time="0.013" />
  <testcase classname="ptolemy.util.test.junit.AutoTests" name="[78] /home/travis/build/icyphy/ptII/ptolemy/actor/lib/test/auto/ConfigurationSelect2.xml (RunModel)" time="0.009" />
  <testcase classname="ptolemy.util.test.junit.AutoTests" name="[79] /home/travis/build/icyphy/ptII/ptolemy/actor/lib/test/auto/ConfigurationSwitch.xml (RunModel)" time="0.015" />
  <testcase classname="ptolemy.util.test.junit.AutoTests" name="[80] /home/travis/build/icyphy/ptII/ptolemy/actor/lib/test/auto/ConfigurationSwitch2.xml (RunModel)" time="0.01" />
  <testcase classname="ptolemy.util.test.junit.AutoTests" name="[81] /home/travis/build/icyphy/ptII/ptolemy/actor/lib/test/auto/ConfigurationSwitchCloningBugWithClassRelationGroup.xml (RunModel)" time="0.015" />
  <testcase classname="ptolemy.util.test.junit.AutoTests" name="[82] /home/travis/build/icyphy/ptII/ptolemy/actor/lib/test/auto/ConfigurationSwitchSelectSDF.xml (RunModel)" time="0.011" />
  <testcase classname="ptolemy.util.test.junit.AutoTests" name="[83] /home/travis/build/icyphy/ptII/ptolemy/actor/lib/test/auto/ConfigurationSwitchSelectSDF2.xml (RunModel)" time="0.011" />
  <testcase classname="ptolemy.util.test.junit.AutoTests" name="[84] /home/travis/build/icyphy/ptII/ptolemy/actor/lib/test/auto/Const.xml (RunModel)" time="0.011" />
  <testcase classname="ptolemy.util.test.junit.AutoTests" name="[85] /home/travis/build/icyphy/ptII/ptolemy/actor/lib/test/auto/Const2.xml (RunModel)" time="0.01" />
  <testcase classname="ptolemy.util.test.junit.AutoTests" name="[86] /home/travis/build/icyphy/ptII/ptolemy/actor/lib/test/auto/Const3.xml (RunModel)" time="0.007" />
  <testcase classname="ptolemy.util.test.junit.AutoTests" name="[87] /home/travis/build/icyphy/ptII/ptolemy/actor/lib/test/auto/ConstantPublisherPort1.xml (RunModel)" time="0.021" />
  <testcase classname="ptolemy.util.test.junit.AutoTests" name="[88] /home/travis/build/icyphy/ptII/ptolemy/actor/lib/test/auto/ConstantPublisherPort2.xml (RunModel)" time="0.018" />
  <testcase classname="ptolemy.util.test.junit.AutoTests" name="[89] /home/travis/build/icyphy/ptII/ptolemy/actor/lib/test/auto/ConstantPublisherPort3.xml (RunModel)" time="0.019" />
  <testcase classname="ptolemy.util.test.junit.AutoTests" name="[90] /home/travis/build/icyphy/ptII/ptolemy/actor/lib/test/auto/ConstantPublisherPort4.xml (RunModel)" time="0.026" />
  <testcase classname="ptolemy.util.test.junit.AutoTests" name="[91] /home/travis/build/icyphy/ptII/ptolemy/actor/lib/test/auto/ConstantPublisherPort5.xml (RunModel)" time="0.039" />
  <testcase classname="ptolemy.util.test.junit.AutoTests" name="[92] /home/travis/build/icyphy/ptII/ptolemy/actor/lib/test/auto/ConstantPublisherPort6.xml (RunModel)" time="0.031" />
  <testcase classname="ptolemy.util.test.junit.AutoTests" name="[93] /home/travis/build/icyphy/ptII/ptolemy/actor/lib/test/auto/ConstantPublisherPort7.xml (RunModel)" time="0.03" />
  <testcase classname="ptolemy.util.test.junit.AutoTests" name="[94] /home/travis/build/icyphy/ptII/ptolemy/actor/lib/test/auto/ConstraintMonitor1.xml (RunModel)" time="0.034" />
  <testcase classname="ptolemy.util.test.junit.AutoTests" name="[95] /home/travis/build/icyphy/ptII/ptolemy/actor/lib/test/auto/ConstraintMonitor2.xml (RunModel)" time="0.017" />
  <testcase classname="ptolemy.util.test.junit.AutoTests" name="[96] /home/travis/build/icyphy/ptII/ptolemy/actor/lib/test/auto/ConstraintMonitor3.xml (RunModel)" time="0.019" />
  <testcase classname="ptolemy.util.test.junit.AutoTests" name="[97] /home/travis/build/icyphy/ptII/ptolemy/actor/lib/test/auto/ConstraintMonitor4.xml (RunModel)" time="0.018" />
  <testcase classname="ptolemy.util.test.junit.AutoTests" name="[98] /home/travis/build/icyphy/ptII/ptolemy/actor/lib/test/auto/ConstraintMonitor5.xml (RunModel)" time="0.018" />
  <testcase classname="ptolemy.util.test.junit.AutoTests" name="[99] /home/travis/build/icyphy/ptII/ptolemy/actor/lib/test/auto/ConstraintMonitor6.xml (RunModel)" time="0.02" />
  <testcase classname="ptolemy.util.test.junit.AutoTests" name="[100] /home/travis/build/icyphy/ptII/ptolemy/actor/lib/test/auto/ConstraintMonitor7.xml (RunModel)" time="0.025" />
  <testcase classname="ptolemy.util.test.junit.AutoTests" name="[101] /home/travis/build/icyphy/ptII/ptolemy/actor/lib/test/auto/ConstraintMonitor8.xml (RunModel)" time="0.017" />
  <testcase classname="ptolemy.util.test.junit.AutoTests" name="[102] /home/travis/build/icyphy/ptII/ptolemy/actor/lib/test/auto/Counter.xml (RunModel)" time="0.011" />
  <testcase classname="ptolemy.util.test.junit.AutoTests" name="[103] /home/travis/build/icyphy/ptII/ptolemy/actor/lib/test/auto/CurrentTimeSDF.xml (RunModel)" time="0.012" />
  <testcase classname="ptolemy.util.test.junit.AutoTests" name="[104] /home/travis/build/icyphy/ptII/ptolemy/actor/lib/test/auto/DB.xml (RunModel)" time="0.011" />
  <testcase classname="ptolemy.util.test.junit.AutoTests" name="[105] /home/travis/build/icyphy/ptII/ptolemy/actor/lib/test/auto/DBDE.xml (RunModel)" time="0.012" />
  <testcase classname="ptolemy.util.test.junit.AutoTests" name="[106] /home/travis/build/icyphy/ptII/ptolemy/actor/lib/test/auto/DateConstructor.xml (RunModel)" time="0.044" />
  <testcase classname="ptolemy.util.test.junit.AutoTests" name="[107] /home/travis/build/icyphy/ptII/ptolemy/actor/lib/test/auto/DelayTime.xml (RunModel)" time="0.015" />
  <testcase classname="ptolemy.util.test.junit.AutoTests" name="[108] /home/travis/build/icyphy/ptII/ptolemy/actor/lib/test/auto/Dictionary1.xml (RunModel)" time="0.016" />
  <testcase classname="ptolemy.util.test.junit.AutoTests" name="[109] /home/travis/build/icyphy/ptII/ptolemy/actor/lib/test/auto/Dictionary2.xml (RunModel)" time="0.016" />
  <testcase classname="ptolemy.util.test.junit.AutoTests" name="[110] /home/travis/build/icyphy/ptII/ptolemy/actor/lib/test/auto/Dictionary3.xml (RunModel)" time="0.011" />
  <testcase classname="ptolemy.util.test.junit.AutoTests" name="[111] /home/travis/build/icyphy/ptII/ptolemy/actor/lib/test/auto/Dictionary4.xml (RunModel)" time="0.015" />
  <testcase classname="ptolemy.util.test.junit.AutoTests" name="[112] /home/travis/build/icyphy/ptII/ptolemy/actor/lib/test/auto/Differential.xml (RunModel)" time="0.011" />
  <testcase classname="ptolemy.util.test.junit.AutoTests" name="[113] /home/travis/build/icyphy/ptII/ptolemy/actor/lib/test/auto/Director.xml (RunModel)" time="0.009" />
  <testcase classname="ptolemy.util.test.junit.AutoTests" name="[114] /home/travis/build/icyphy/ptII/ptolemy/actor/lib/test/auto/DiscreteClock.xml (RunModel)" time="0.008" />
  <testcase classname="ptolemy.util.test.junit.AutoTests" name="[115] /home/travis/build/icyphy/ptII/ptolemy/actor/lib/test/auto/DiscreteClock10.xml (RunModel)" time="0.012" />
  <testcase classname="ptolemy.util.test.junit.AutoTests" name="[116] /home/travis/build/icyphy/ptII/ptolemy/actor/lib/test/auto/DiscreteClock11.xml (RunModel)" time="0.012" />
  <testcase classname="ptolemy.util.test.junit.AutoTests" name="[117] /home/travis/build/icyphy/ptII/ptolemy/actor/lib/test/auto/DiscreteClock12.xml (RunModel)" time="0.013" />
  <testcase classname="ptolemy.util.test.junit.AutoTests" name="[118] /home/travis/build/icyphy/ptII/ptolemy/actor/lib/test/auto/DiscreteClock13.xml (RunModel)" time="0.02" />
  <testcase classname="ptolemy.util.test.junit.AutoTests" name="[119] /home/travis/build/icyphy/ptII/ptolemy/actor/lib/test/auto/DiscreteClock14.xml (RunModel)" time="0.015" />
  <testcase classname="ptolemy.util.test.junit.AutoTests" name="[120] /home/travis/build/icyphy/ptII/ptolemy/actor/lib/test/auto/DiscreteClock15.xml (RunModel)" time="0.021" />
  <testcase classname="ptolemy.util.test.junit.AutoTests" name="[121] /home/travis/build/icyphy/ptII/ptolemy/actor/lib/test/auto/DiscreteClock16.xml (RunModel)" time="0.477" />
  <testcase classname="ptolemy.util.test.junit.AutoTests" name="[122] /home/travis/build/icyphy/ptII/ptolemy/actor/lib/test/auto/DiscreteClock17.xml (RunModel)" time="0.032" />
  <testcase classname="ptolemy.util.test.junit.AutoTests" name="[123] /home/travis/build/icyphy/ptII/ptolemy/actor/lib/test/auto/DiscreteClock18.xml (RunModel)" time="0.029" />
  <testcase classname="ptolemy.util.test.junit.AutoTests" name="[124] /home/travis/build/icyphy/ptII/ptolemy/actor/lib/test/auto/DiscreteClock19.xml (RunModel)" time="0.031" />
  <testcase classname="ptolemy.util.test.junit.AutoTests" name="[125] /home/travis/build/icyphy/ptII/ptolemy/actor/lib/test/auto/DiscreteClock2.xml (RunModel)" time="0.012" />
  <testcase classname="ptolemy.util.test.junit.AutoTests" name="[126] /home/travis/build/icyphy/ptII/ptolemy/actor/lib/test/auto/DiscreteClock20.xml (RunModel)" time="0.018" />
  <testcase classname="ptolemy.util.test.junit.AutoTests" name="[127] /home/travis/build/icyphy/ptII/ptolemy/actor/lib/test/auto/DiscreteClock21.xml (RunModel)" time="0.016" />
  <testcase classname="ptolemy.util.test.junit.AutoTests" name="[128] /home/travis/build/icyphy/ptII/ptolemy/actor/lib/test/auto/DiscreteClock22.xml (RunModel)" time="0.018" />
  <testcase classname="ptolemy.util.test.junit.AutoTests" name="[129] /home/travis/build/icyphy/ptII/ptolemy/actor/lib/test/auto/DiscreteClock23.xml (RunModel)" time="0.015" />
  <testcase classname="ptolemy.util.test.junit.AutoTests" name="[130] /home/travis/build/icyphy/ptII/ptolemy/actor/lib/test/auto/DiscreteClock24.xml (RunModel)" time="0.016" />
  <testcase classname="ptolemy.util.test.junit.AutoTests" name="[131] /home/travis/build/icyphy/ptII/ptolemy/actor/lib/test/auto/DiscreteClock4.xml (RunModel)" time="0.011" />
  <testcase classname="ptolemy.util.test.junit.AutoTests" name="[132] /home/travis/build/icyphy/ptII/ptolemy/actor/lib/test/auto/DiscreteClock5.xml (RunModel)" time="0.013" />
  <testcase classname="ptolemy.util.test.junit.AutoTests" name="[133] /home/travis/build/icyphy/ptII/ptolemy/actor/lib/test/auto/DiscreteClock6.xml (RunModel)" time="0.008" />
  <testcase classname="ptolemy.util.test.junit.AutoTests" name="[134] /home/travis/build/icyphy/ptII/ptolemy/actor/lib/test/auto/DiscreteClock7.xml (RunModel)" time="0.008" />
  <testcase classname="ptolemy.util.test.junit.AutoTests" name="[135] /home/travis/build/icyphy/ptII/ptolemy/actor/lib/test/auto/DiscreteClock8.xml (RunModel)" time="0.014" />
  <testcase classname="ptolemy.util.test.junit.AutoTests" name="[136] /home/travis/build/icyphy/ptII/ptolemy/actor/lib/test/auto/DiscreteClock9.xml (RunModel)" time="0.013" />
  <testcase classname="ptolemy.util.test.junit.AutoTests" name="[137] /home/travis/build/icyphy/ptII/ptolemy/actor/lib/test/auto/DisplayArray.xml (RunModel)" time="0.007" />
  <testcase classname="ptolemy.util.test.junit.AutoTests" name="[138] /home/travis/build/icyphy/ptII/ptolemy/actor/lib/test/auto/Distributor.xml (RunModel)" time="0.008" />
  <testcase classname="ptolemy.util.test.junit.AutoTests" name="[139] /home/travis/build/icyphy/ptII/ptolemy/actor/lib/test/auto/Distributor2.xml (RunModel)" time="0.009" />
  <testcase classname="ptolemy.util.test.junit.AutoTests" name="[140] /home/travis/build/icyphy/ptII/ptolemy/actor/lib/test/auto/DownSample.xml (RunModel)" time="0.013" />
  <testcase classname="ptolemy.util.test.junit.AutoTests" name="[141] /home/travis/build/icyphy/ptII/ptolemy/actor/lib/test/auto/ElectronicUnitBase1.xml (RunModel)" time="0.055" />
  <testcase classname="ptolemy.util.test.junit.AutoTests" name="[142] /home/travis/build/icyphy/ptII/ptolemy/actor/lib/test/auto/ElementsToArray.xml (RunModel)" time="0.013" />
  <testcase classname="ptolemy.util.test.junit.AutoTests" name="[143] /home/travis/build/icyphy/ptII/ptolemy/actor/lib/test/auto/Equals.xml (RunModel)" time="0.009" />
  <testcase classname="ptolemy.util.test.junit.AutoTests" name="[144] /home/travis/build/icyphy/ptII/ptolemy/actor/lib/test/auto/Exec.xml (RunModel)" time="0.019" />
  <testcase classname="ptolemy.util.test.junit.AutoTests" name="[145] /home/travis/build/icyphy/ptII/ptolemy/actor/lib/test/auto/ExecEnvironment.xml (RunModel)" time="0.033" />
  <testcase classname="ptolemy.util.test.junit.AutoTests" name="[146] /home/travis/build/icyphy/ptII/ptolemy/actor/lib/test/auto/ExecNonZeroReturnOutput.xml (RunModel)" time="0.137" />
  <testcase classname="ptolemy.util.test.junit.AutoTests" name="[147] /home/travis/build/icyphy/ptII/ptolemy/actor/lib/test/auto/ExecRunDemos.xml (RunModel)" time="9.491" />
  <testcase classname="ptolemy.util.test.junit.AutoTests" name="[148] /home/travis/build/icyphy/ptII/ptolemy/actor/lib/test/auto/ExecStop.xml (RunModel)" time="5.026" />
  <testcase classname="ptolemy.util.test.junit.AutoTests" name="[149] /home/travis/build/icyphy/ptII/ptolemy/actor/lib/test/auto/ExecutionTimeSDF.xml (RunModel)" time="6.035" />
  <testcase classname="ptolemy.util.test.junit.AutoTests" name="[150] /home/travis/build/icyphy/ptII/ptolemy/actor/lib/test/auto/Expression1.xml (RunModel)" time="0.013" />
  <testcase classname="ptolemy.util.test.junit.AutoTests" name="[151] /home/travis/build/icyphy/ptII/ptolemy/actor/lib/test/auto/Expression10.xml (RunModel)" time="0.024" />
  <testcase classname="ptolemy.util.test.junit.AutoTests" name="[152] /home/travis/build/icyphy/ptII/ptolemy/actor/lib/test/auto/Expression11.xml (RunModel)" time="0.014" />
  <testcase classname="ptolemy.util.test.junit.AutoTests" name="[153] /home/travis/build/icyphy/ptII/ptolemy/actor/lib/test/auto/Expression12.xml (RunModel)" time="0.019" />
  <testcase classname="ptolemy.util.test.junit.AutoTests" name="[154] /home/travis/build/icyphy/ptII/ptolemy/actor/lib/test/auto/Expression13.xml (RunModel)" time="0.014" />
  <testcase classname="ptolemy.util.test.junit.AutoTests" name="[155] /home/travis/build/icyphy/ptII/ptolemy/actor/lib/test/auto/Expression14.xml (RunModel)" time="0.038" />
  <testcase classname="ptolemy.util.test.junit.AutoTests" name="[156] /home/travis/build/icyphy/ptII/ptolemy/actor/lib/test/auto/Expression15.xml (RunModel)" time="0.015" />
  <testcase classname="ptolemy.util.test.junit.AutoTests" name="[157] /home/travis/build/icyphy/ptII/ptolemy/actor/lib/test/auto/Expression16.xml (RunModel)" time="0.015" />
  <testcase classname="ptolemy.util.test.junit.AutoTests" name="[158] /home/travis/build/icyphy/ptII/ptolemy/actor/lib/test/auto/Expression17.xml (RunModel)" time="0.016" />
  <testcase classname="ptolemy.util.test.junit.AutoTests" name="[159] /home/travis/build/icyphy/ptII/ptolemy/actor/lib/test/auto/Expression18.xml (RunModel)" time="0.016" />
  <testcase classname="ptolemy.util.test.junit.AutoTests" name="[160] /home/travis/build/icyphy/ptII/ptolemy/actor/lib/test/auto/Expression2.xml (RunModel)" time="0.014" />
  <testcase classname="ptolemy.util.test.junit.AutoTests" name="[161] /home/travis/build/icyphy/ptII/ptolemy/actor/lib/test/auto/Expression3.xml (RunModel)" time="0.013" />
  <testcase classname="ptolemy.util.test.junit.AutoTests" name="[162] /home/travis/build/icyphy/ptII/ptolemy/actor/lib/test/auto/Expression4.xml (RunModel)" time="0.028" />
  <testcase classname="ptolemy.util.test.junit.AutoTests" name="[163] /home/travis/build/icyphy/ptII/ptolemy/actor/lib/test/auto/Expression5.xml (RunModel)" time="0.016" />
  <testcase classname="ptolemy.util.test.junit.AutoTests" name="[164] /home/travis/build/icyphy/ptII/ptolemy/actor/lib/test/auto/Expression6.xml (RunModel)" time="0.011" />
  <testcase classname="ptolemy.util.test.junit.AutoTests" name="[165] /home/travis/build/icyphy/ptII/ptolemy/actor/lib/test/auto/Expression7.xml (RunModel)" time="0.013" />
  <testcase classname="ptolemy.util.test.junit.AutoTests" name="[166] /home/travis/build/icyphy/ptII/ptolemy/actor/lib/test/auto/Expression8.xml (RunModel)" time="0.016" />
  <testcase classname="ptolemy.util.test.junit.AutoTests" name="[167] /home/travis/build/icyphy/ptII/ptolemy/actor/lib/test/auto/Expression9.xml (RunModel)" time="0.013" />
  <testcase classname="ptolemy.util.test.junit.AutoTests" name="[168] /home/travis/build/icyphy/ptII/ptolemy/actor/lib/test/auto/ExpressionConcatenateArrayType.xml (RunModel)" time="0.027" />
  <testcase classname="ptolemy.util.test.junit.AutoTests" name="[169] /home/travis/build/icyphy/ptII/ptolemy/actor/lib/test/auto/ExpressionConcatenateArrayType2.xml (RunModel)" time="0.024" />
  <testcase classname="ptolemy.util.test.junit.AutoTests" name="[170] /home/travis/build/icyphy/ptII/ptolemy/actor/lib/test/auto/ExpressionFix.xml (RunModel)" time="0.046" />
  <testcase classname="ptolemy.util.test.junit.AutoTests" name="[171] /home/travis/build/icyphy/ptII/ptolemy/actor/lib/test/auto/ExpressionFix2.xml (RunModel)" time="0.016" />
  <testcase classname="ptolemy.util.test.junit.AutoTests" name="[172] /home/travis/build/icyphy/ptII/ptolemy/actor/lib/test/auto/ExpressionFix3.xml (RunModel)" time="0.016" />
  <testcase classname="ptolemy.util.test.junit.AutoTests" name="[173] /home/travis/build/icyphy/ptII/ptolemy/actor/lib/test/auto/FileWriter1.xml (RunModel)" time="0.013" />
  <testcase classname="ptolemy.util.test.junit.AutoTests" name="[174] /home/travis/build/icyphy/ptII/ptolemy/actor/lib/test/auto/FileWriter2.xml (RunModel)" time="0.016" />
  <testcase classname="ptolemy.util.test.junit.AutoTests" name="[175] /home/travis/build/icyphy/ptII/ptolemy/actor/lib/test/auto/FileWriter3.xml (RunModel)" time="0.015" />
  <testcase classname="ptolemy.util.test.junit.AutoTests" name="[176] /home/travis/build/icyphy/ptII/ptolemy/actor/lib/test/auto/Gaussian.xml (RunModel)" time="0.013" />
  <testcase classname="ptolemy.util.test.junit.AutoTests" name="[177] /home/travis/build/icyphy/ptII/ptolemy/actor/lib/test/auto/Gaussian1.xml (RunModel)" time="0.018" />
  <testcase classname="ptolemy.util.test.junit.AutoTests" name="[178] /home/travis/build/icyphy/ptII/ptolemy/actor/lib/test/auto/Gaussian2.xml (RunModel)" time="0.013" />
  <testcase classname="ptolemy.util.test.junit.AutoTests" name="[179] /home/travis/build/icyphy/ptII/ptolemy/actor/lib/test/auto/GradientAdaptiveLattice.xml (RunModel)" time="0.014" />
  <testcase classname="ptolemy.util.test.junit.AutoTests" name="[180] /home/travis/build/icyphy/ptII/ptolemy/actor/lib/test/auto/IIR.xml (RunModel)" time="0.013" />
  <testcase classname="ptolemy.util.test.junit.AutoTests" name="[181] /home/travis/build/icyphy/ptII/ptolemy/actor/lib/test/auto/InputOutputTransparentPorts.xml (RunModel)" time="0.019" />
  <testcase classname="ptolemy.util.test.junit.AutoTests" name="[182] /home/travis/build/icyphy/ptII/ptolemy/actor/lib/test/auto/Interpolator.xml (RunModel)" time="0.01" />
  <testcase classname="ptolemy.util.test.junit.AutoTests" name="[183] /home/travis/build/icyphy/ptII/ptolemy/actor/lib/test/auto/InterpolatorFiringLimitDE.xml (RunModel)" time="0.013" />
  <testcase classname="ptolemy.util.test.junit.AutoTests" name="[184] /home/travis/build/icyphy/ptII/ptolemy/actor/lib/test/auto/Lattice.xml (RunModel)" time="0.008" />
  <testcase classname="ptolemy.util.test.junit.AutoTests" name="[185] /home/travis/build/icyphy/ptII/ptolemy/actor/lib/test/auto/LazyAOCTestLazy.xml (RunModel)" time="0.021" />
  <testcase classname="ptolemy.util.test.junit.AutoTests" name="[186] /home/travis/build/icyphy/ptII/ptolemy/actor/lib/test/auto/LazyAOCTestNonLazy.xml (RunModel)" time="0.037" />
  <testcase classname="ptolemy.util.test.junit.AutoTests" name="[187] /home/travis/build/icyphy/ptII/ptolemy/actor/lib/test/auto/LazyInnerClass.xml (RunModel)" time="0.04" />
  <testcase classname="ptolemy.util.test.junit.AutoTests" name="[188] /home/travis/build/icyphy/ptII/ptolemy/actor/lib/test/auto/LazyPubSub.xml (RunModel)" time="0.037" />
  <testcase classname="ptolemy.util.test.junit.AutoTests" name="[189] /home/travis/build/icyphy/ptII/ptolemy/actor/lib/test/auto/LazyPubSub2.xml (RunModel)" time="0.037" />
  <testcase classname="ptolemy.util.test.junit.AutoTests" name="[190] /home/travis/build/icyphy/ptII/ptolemy/actor/lib/test/auto/LazyPubSub3.xml (RunModel)" time="0.021" />
  <testcase classname="ptolemy.util.test.junit.AutoTests" name="[191] /home/travis/build/icyphy/ptII/ptolemy/actor/lib/test/auto/LazySubClassModel.xml (RunModel)" time="0.02" />
  <testcase classname="ptolemy.util.test.junit.AutoTests" name="[192] /home/travis/build/icyphy/ptII/ptolemy/actor/lib/test/auto/LevelCrossTest1.xml (RunModel)" time="0.013" />
  <testcase classname="ptolemy.util.test.junit.AutoTests" name="[193] /home/travis/build/icyphy/ptII/ptolemy/actor/lib/test/auto/LevelCrossTest10.xml (RunModel)" time="0.014" />
  <testcase classname="ptolemy.util.test.junit.AutoTests" name="[194] /home/travis/build/icyphy/ptII/ptolemy/actor/lib/test/auto/LevelCrossTest11.xml (RunModel)" time="0.016" />
  <testcase classname="ptolemy.util.test.junit.AutoTests" name="[195] /home/travis/build/icyphy/ptII/ptolemy/actor/lib/test/auto/LevelCrossTest12.xml (RunModel)" time="0.013" />
  <testcase classname="ptolemy.util.test.junit.AutoTests" name="[196] /home/travis/build/icyphy/ptII/ptolemy/actor/lib/test/auto/LevelCrossTest13.xml (RunModel)" time="0.014" />
  <testcase classname="ptolemy.util.test.junit.AutoTests" name="[197] /home/travis/build/icyphy/ptII/ptolemy/actor/lib/test/auto/LevelCrossTest2.xml (RunModel)" time="0.01" />
  <testcase classname="ptolemy.util.test.junit.AutoTests" name="[198] /home/travis/build/icyphy/ptII/ptolemy/actor/lib/test/auto/LevelCrossTest3.xml (RunModel)" time="0.013" />
  <testcase classname="ptolemy.util.test.junit.AutoTests" name="[199] /home/travis/build/icyphy/ptII/ptolemy/actor/lib/test/auto/LevelCrossTest4.xml (RunModel)" time="0.011" />
  <testcase classname="ptolemy.util.test.junit.AutoTests" name="[200] /home/travis/build/icyphy/ptII/ptolemy/actor/lib/test/auto/LevelCrossTest5.xml (RunModel)" time="0.012" />
  <testcase classname="ptolemy.util.test.junit.AutoTests" name="[201] /home/travis/build/icyphy/ptII/ptolemy/actor/lib/test/auto/LevelCrossTest6.xml (RunModel)" time="0.011" />
  <testcase classname="ptolemy.util.test.junit.AutoTests" name="[202] /home/travis/build/icyphy/ptII/ptolemy/actor/lib/test/auto/LevelCrossTest7.xml (RunModel)" time="0.014" />
  <testcase classname="ptolemy.util.test.junit.AutoTests" name="[203] /home/travis/build/icyphy/ptII/ptolemy/actor/lib/test/auto/LevelCrossTest8.xml (RunModel)" time="0.012" />
  <testcase classname="ptolemy.util.test.junit.AutoTests" name="[204] /home/travis/build/icyphy/ptII/ptolemy/actor/lib/test/auto/LevelCrossTest9.xml (RunModel)" time="0.013" />
  <testcase classname="ptolemy.util.test.junit.AutoTests" name="[205] /home/travis/build/icyphy/ptII/ptolemy/actor/lib/test/auto/LevinsonDurbin.xml (RunModel)" time="0.008" />
  <testcase classname="ptolemy.util.test.junit.AutoTests" name="[206] /home/travis/build/icyphy/ptII/ptolemy/actor/lib/test/auto/LevinsonDurbin2.xml (RunModel)" time="0.007" />
  <testcase classname="ptolemy.util.test.junit.AutoTests" name="[207] /home/travis/build/icyphy/ptII/ptolemy/actor/lib/test/auto/LevinsonDurbin3.xml (RunModel)" time="0.008" />
  <testcase classname="ptolemy.util.test.junit.AutoTests" name="[208] /home/travis/build/icyphy/ptII/ptolemy/actor/lib/test/auto/Limiter.xml (RunModel)" time="0.021" />
  <testcase classname="ptolemy.util.test.junit.AutoTests" name="[209] /home/travis/build/icyphy/ptII/ptolemy/actor/lib/test/auto/LinearDifferenceEquationSystem.xml (RunModel)" time="0.017" />
  <testcase classname="ptolemy.util.test.junit.AutoTests" name="[210] /home/travis/build/icyphy/ptII/ptolemy/actor/lib/test/auto/LookupTable.xml (RunModel)" time="0.009" />
  <testcase classname="ptolemy.util.test.junit.AutoTests" name="[211] /home/travis/build/icyphy/ptII/ptolemy/actor/lib/test/auto/MathFunction.xml (RunModel)" time="0.016" />
  <testcase classname="ptolemy.util.test.junit.AutoTests" name="[212] /home/travis/build/icyphy/ptII/ptolemy/actor/lib/test/auto/MathFunction2.xml (RunModel)" time="0.008" />
  <testcase classname="ptolemy.util.test.junit.AutoTests" name="[213] /home/travis/build/icyphy/ptII/ptolemy/actor/lib/test/auto/MathFunction3.xml (RunModel)" time="0.02" />
  <testcase classname="ptolemy.util.test.junit.AutoTests" name="[214] /home/travis/build/icyphy/ptII/ptolemy/actor/lib/test/auto/MatrixCropBoolean.xml (RunModel)" time="0.011" />
  <testcase classname="ptolemy.util.test.junit.AutoTests" name="[215] /home/travis/build/icyphy/ptII/ptolemy/actor/lib/test/auto/MatrixCropComplex.xml (RunModel)" time="0.014" />
  <testcase classname="ptolemy.util.test.junit.AutoTests" name="[216] /home/travis/build/icyphy/ptII/ptolemy/actor/lib/test/auto/MatrixCropDouble.xml (RunModel)" time="0.01" />
  <testcase classname="ptolemy.util.test.junit.AutoTests" name="[217] /home/travis/build/icyphy/ptII/ptolemy/actor/lib/test/auto/MatrixCropFix.xml (RunModel)" time="0.009" />
  <testcase classname="ptolemy.util.test.junit.AutoTests" name="[218] /home/travis/build/icyphy/ptII/ptolemy/actor/lib/test/auto/MatrixCropInt.xml (RunModel)" time="0.008" />
  <testcase classname="ptolemy.util.test.junit.AutoTests" name="[219] /home/travis/build/icyphy/ptII/ptolemy/actor/lib/test/auto/MatrixCropLong.xml (RunModel)" time="0.01" />
  <testcase classname="ptolemy.util.test.junit.AutoTests" name="[220] /home/travis/build/icyphy/ptII/ptolemy/actor/lib/test/auto/MatrixToArray.xml (RunModel)" time="0.037" />
  <testcase classname="ptolemy.util.test.junit.AutoTests" name="[221] /home/travis/build/icyphy/ptII/ptolemy/actor/lib/test/auto/MaxIndex.xml (RunModel)" time="0.01" />
  <testcase classname="ptolemy.util.test.junit.AutoTests" name="[222] /home/travis/build/icyphy/ptII/ptolemy/actor/lib/test/auto/Maximum.xml (RunModel)" time="0.012" />
  <testcase classname="ptolemy.util.test.junit.AutoTests" name="[223] /home/travis/build/icyphy/ptII/ptolemy/actor/lib/test/auto/MaximumComplex.xml (RunModel)" time="0.012" />
  <testcase classname="ptolemy.util.test.junit.AutoTests" name="[224] /home/travis/build/icyphy/ptII/ptolemy/actor/lib/test/auto/MethodCallTest.xml (RunModel)" time="0.021" />
  <testcase classname="ptolemy.util.test.junit.AutoTests" name="[225] /home/travis/build/icyphy/ptII/ptolemy/actor/lib/test/auto/Minimum.xml (RunModel)" time="0.011" />
  <testcase classname="ptolemy.util.test.junit.AutoTests" name="[226] /home/travis/build/icyphy/ptII/ptolemy/actor/lib/test/auto/MinimumComplex.xml (RunModel)" time="0.012" />
  <testcase classname="ptolemy.util.test.junit.AutoTests" name="[227] /home/travis/build/icyphy/ptII/ptolemy/actor/lib/test/auto/MinimumMultiports.xml (RunModel)" time="0.017" />
  <testcase classname="ptolemy.util.test.junit.AutoTests" name="[228] /home/travis/build/icyphy/ptII/ptolemy/actor/lib/test/auto/ModifyDate.xml (RunModel)" time="0.034" />
  <testcase classname="ptolemy.util.test.junit.AutoTests" name="[229] /home/travis/build/icyphy/ptII/ptolemy/actor/lib/test/auto/ModifyDate2.xml (RunModel)" time="0.028" />
  <testcase classname="ptolemy.util.test.junit.AutoTests" name="[230] /home/travis/build/icyphy/ptII/ptolemy/actor/lib/test/auto/MovingAverage.xml (RunModel)" time="0.011" />
  <testcase classname="ptolemy.util.test.junit.AutoTests" name="[231] /home/travis/build/icyphy/ptII/ptolemy/actor/lib/test/auto/MovingMaximum.xml (RunModel)" time="0.009" />
  <testcase classname="ptolemy.util.test.junit.AutoTests" name="[232] /home/travis/build/icyphy/ptII/ptolemy/actor/lib/test/auto/MultipleLinksToSameRelation.xml (RunModel)" time="0.009" />
  <testcase classname="ptolemy.util.test.junit.AutoTests" name="[233] /home/travis/build/icyphy/ptII/ptolemy/actor/lib/test/auto/MultipleLinksToSameRelationDE.xml (RunModel)" time="0.011" />
  <testcase classname="ptolemy.util.test.junit.AutoTests" name="[234] /home/travis/build/icyphy/ptII/ptolemy/actor/lib/test/auto/Multiplexor.xml (RunModel)" time="0.012" />
  <testcase classname="ptolemy.util.test.junit.AutoTests" name="[235] /home/travis/build/icyphy/ptII/ptolemy/actor/lib/test/auto/Multiplexor1.xml (RunModel)" time="0.012" />
  <testcase classname="ptolemy.util.test.junit.AutoTests" name="[236] /home/travis/build/icyphy/ptII/ptolemy/actor/lib/test/auto/Multiplexor2.xml (RunModel)" time="0.022" />
  <testcase classname="ptolemy.util.test.junit.AutoTests" name="[237] /home/travis/build/icyphy/ptII/ptolemy/actor/lib/test/auto/Multiplexor3.xml (RunModel)" time="0.009" />
  <testcase classname="ptolemy.util.test.junit.AutoTests" name="[238] /home/travis/build/icyphy/ptII/ptolemy/actor/lib/test/auto/MultiplexorDE.xml (RunModel)" time="0.015" />
  <testcase classname="ptolemy.util.test.junit.AutoTests" name="[239] /home/travis/build/icyphy/ptII/ptolemy/actor/lib/test/auto/MultiportBroadcastTest.xml (RunModel)" time="0.084" />
  <testcase classname="ptolemy.util.test.junit.AutoTests" name="[240] /home/travis/build/icyphy/ptII/ptolemy/actor/lib/test/auto/MultiportOutHangDuringGetWidth.xml (RunModel)" time="0.031" />
  <testcase classname="ptolemy.util.test.junit.AutoTests" name="[241] /home/travis/build/icyphy/ptII/ptolemy/actor/lib/test/auto/NilToken.xml (RunModel)" time="0.014" />
  <testcase classname="ptolemy.util.test.junit.AutoTests" name="[242] /home/travis/build/icyphy/ptII/ptolemy/actor/lib/test/auto/NilTokenNonStrictTest.xml (RunModel)" time="0.011" />
  <testcase classname="ptolemy.util.test.junit.AutoTests" name="[243] /home/travis/build/icyphy/ptII/ptolemy/actor/lib/test/auto/NilTokenRecord.xml (RunModel)" time="0.022" />
  <testcase classname="ptolemy.util.test.junit.AutoTests" name="[244] /home/travis/build/icyphy/ptII/ptolemy/actor/lib/test/auto/NilTokenTypeTest.xml (RunModel)" time="0.037" />
  <testcase classname="ptolemy.util.test.junit.AutoTests" name="[245] /home/travis/build/icyphy/ptII/ptolemy/actor/lib/test/auto/ObjectToken1.xml (RunModel)" time="0.008" />
  <testcase classname="ptolemy.util.test.junit.AutoTests" name="[246] /home/travis/build/icyphy/ptII/ptolemy/actor/lib/test/auto/OrderedMerge.xml (RunModel)" time="0.017" />
  <testcase classname="ptolemy.util.test.junit.AutoTests" name="[247] /home/travis/build/icyphy/ptII/ptolemy/actor/lib/test/auto/OrderedRecordDisassembler.xml (RunModel)" time="0.028" />
  <testcase classname="ptolemy.util.test.junit.AutoTests" name="[248] /home/travis/build/icyphy/ptII/ptolemy/actor/lib/test/auto/OrderedRecordDisassembler2.xml (RunModel)" time="0.018" />
  <testcase classname="ptolemy.util.test.junit.AutoTests" name="[249] /home/travis/build/icyphy/ptII/ptolemy/actor/lib/test/auto/OrderedRecordUpdater.xml (RunModel)" time="0.011" />
  <testcase classname="ptolemy.util.test.junit.AutoTests" name="[250] /home/travis/build/icyphy/ptII/ptolemy/actor/lib/test/auto/OrderedRecordUpdater2.xml (RunModel)" time="0.018" />
  <testcase classname="ptolemy.util.test.junit.AutoTests" name="[251] /home/travis/build/icyphy/ptII/ptolemy/actor/lib/test/auto/PhaseUnwrap.xml (RunModel)" time="0.013" />
  <testcase classname="ptolemy.util.test.junit.AutoTests" name="[252] /home/travis/build/icyphy/ptII/ptolemy/actor/lib/test/auto/PoissonClock.xml (RunModel)" time="0.013" />
  <testcase classname="ptolemy.util.test.junit.AutoTests" name="[253] /home/travis/build/icyphy/ptII/ptolemy/actor/lib/test/auto/PoissonClock2.xml (RunModel)" time="0.008" />
  <testcase classname="ptolemy.util.test.junit.AutoTests" name="[254] /home/travis/build/icyphy/ptII/ptolemy/actor/lib/test/auto/PoissonClock3.xml (RunModel)" time="0.014" />
  <testcase classname="ptolemy.util.test.junit.AutoTests" name="[255] /home/travis/build/icyphy/ptII/ptolemy/actor/lib/test/auto/PubSubWithInitialTokens.xml (RunModel)" time="0.016" />
  <testcase classname="ptolemy.util.test.junit.AutoTests" name="[256] /home/travis/build/icyphy/ptII/ptolemy/actor/lib/test/auto/PubSubWithInitialTokens2.xml (RunModel)" time="0.021" />
  <testcase classname="ptolemy.util.test.junit.AutoTests" name="[257] /home/travis/build/icyphy/ptII/ptolemy/actor/lib/test/auto/PublisherClassNoParameter.xml (RunModel)" time="0.02" />
  <testcase classname="ptolemy.util.test.junit.AutoTests" name="[258] /home/travis/build/icyphy/ptII/ptolemy/actor/lib/test/auto/PublisherClassParameter.xml (RunModel)" time="0.023" />
  <testcase classname="ptolemy.util.test.junit.AutoTests" name="[259] /home/travis/build/icyphy/ptII/ptolemy/actor/lib/test/auto/PublisherNonStrictTest.xml (RunModel)" time="0.015" />
  <testcase classname="ptolemy.util.test.junit.AutoTests" name="[260] /home/travis/build/icyphy/ptII/ptolemy/actor/lib/test/auto/PublisherPort1.xml (RunModel)" time="0.011" />
  <testcase classname="ptolemy.util.test.junit.AutoTests" name="[261] /home/travis/build/icyphy/ptII/ptolemy/actor/lib/test/auto/PublisherPort2.xml (RunModel)" time="0.01" />
  <testcase classname="ptolemy.util.test.junit.AutoTests" name="[262] /home/travis/build/icyphy/ptII/ptolemy/actor/lib/test/auto/PublisherPort3.xml (RunModel)" time="0.02" />
  <testcase classname="ptolemy.util.test.junit.AutoTests" name="[263] /home/travis/build/icyphy/ptII/ptolemy/actor/lib/test/auto/PublisherPort4.xml (RunModel)" time="0.014" />
  <testcase classname="ptolemy.util.test.junit.AutoTests" name="[264] /home/travis/build/icyphy/ptII/ptolemy/actor/lib/test/auto/PublisherPort5.xml (RunModel)" time="0.014" />
  <testcase classname="ptolemy.util.test.junit.AutoTests" name="[265] /home/travis/build/icyphy/ptII/ptolemy/actor/lib/test/auto/PublisherPort5LookAlike.xml (RunModel)" time="0.015" />
  <testcase classname="ptolemy.util.test.junit.AutoTests" name="[266] /home/travis/build/icyphy/ptII/ptolemy/actor/lib/test/auto/PublisherPort6.xml (RunModel)" time="0.013" />
  <testcase classname="ptolemy.util.test.junit.AutoTests" name="[267] /home/travis/build/icyphy/ptII/ptolemy/actor/lib/test/auto/PublisherPort7.xml (RunModel)" time="0.014" />
  <testcase classname="ptolemy.util.test.junit.AutoTests" name="[268] /home/travis/build/icyphy/ptII/ptolemy/actor/lib/test/auto/PublisherPort8.xml (RunModel)" time="0.015" />
  <testcase classname="ptolemy.util.test.junit.AutoTests" name="[269] /home/travis/build/icyphy/ptII/ptolemy/actor/lib/test/auto/PublisherPortSubscriberChannelVariablesAOC2.xml (RunModel)" time="0.029" />
  <testcase classname="ptolemy.util.test.junit.AutoTests" name="[270] /home/travis/build/icyphy/ptII/ptolemy/actor/lib/test/auto/PublisherPortSubscriberOpaqueWidthInference.xml (RunModel)" time="0.014" />
  <testcase classname="ptolemy.util.test.junit.AutoTests" name="[271] /home/travis/build/icyphy/ptII/ptolemy/actor/lib/test/auto/PublisherPortSubscriberPortAdjacent.xml (RunModel)" time="0.015" />
  <testcase classname="ptolemy.util.test.junit.AutoTests" name="[272] /home/travis/build/icyphy/ptII/ptolemy/actor/lib/test/auto/PublisherPortSubscriberPortExpression.xml (RunModel)" time="0.016" />
  <testcase classname="ptolemy.util.test.junit.AutoTests" name="[273] /home/travis/build/icyphy/ptII/ptolemy/actor/lib/test/auto/PublisherPortSubscriberPortOpaqueD3Reverse.xml (RunModel)" time="0.017" />
  <testcase classname="ptolemy.util.test.junit.AutoTests" name="[274] /home/travis/build/icyphy/ptII/ptolemy/actor/lib/test/auto/PublisherPortSubscriberPortOpaqueWidthInference.xml (RunModel)" time="0.02" />
  <testcase classname="ptolemy.util.test.junit.AutoTests" name="[275] /home/travis/build/icyphy/ptII/ptolemy/actor/lib/test/auto/PublisherPortToplevelSubscriberPortAOC.xml (RunModel)" time="0.01" />
  <testcase classname="ptolemy.util.test.junit.AutoTests" name="[276] /home/travis/build/icyphy/ptII/ptolemy/actor/lib/test/auto/PublisherSubscriber.xml (RunModel)" time="0.012" />
  <testcase classname="ptolemy.util.test.junit.AutoTests" name="[277] /home/travis/build/icyphy/ptII/ptolemy/actor/lib/test/auto/PublisherSubscriber10.xml (RunModel)" time="0.019" />
  <testcase classname="ptolemy.util.test.junit.AutoTests" name="[278] /home/travis/build/icyphy/ptII/ptolemy/actor/lib/test/auto/PublisherSubscriber10InitialOutputs.xml (RunModel)" time="0.017" />
  <testcase classname="ptolemy.util.test.junit.AutoTests" name="[279] /home/travis/build/icyphy/ptII/ptolemy/actor/lib/test/auto/PublisherSubscriber11.xml (RunModel)" time="0.01" />
  <testcase classname="ptolemy.util.test.junit.AutoTests" name="[280] /home/travis/build/icyphy/ptII/ptolemy/actor/lib/test/auto/PublisherSubscriber12.xml (RunModel)" time="0.012" />
  <testcase classname="ptolemy.util.test.junit.AutoTests" name="[281] /home/travis/build/icyphy/ptII/ptolemy/actor/lib/test/auto/PublisherSubscriber13.xml (RunModel)" time="0.012" />
  <testcase classname="ptolemy.util.test.junit.AutoTests" name="[282] /home/travis/build/icyphy/ptII/ptolemy/actor/lib/test/auto/PublisherSubscriber14.xml (RunModel)" time="0.017" />
  <testcase classname="ptolemy.util.test.junit.AutoTests" name="[283] /home/travis/build/icyphy/ptII/ptolemy/actor/lib/test/auto/PublisherSubscriber2.xml (RunModel)" time="0.009" />
  <testcase classname="ptolemy.util.test.junit.AutoTests" name="[284] /home/travis/build/icyphy/ptII/ptolemy/actor/lib/test/auto/PublisherSubscriber3.xml (RunModel)" time="0.009" />
  <testcase classname="ptolemy.util.test.junit.AutoTests" name="[285] /home/travis/build/icyphy/ptII/ptolemy/actor/lib/test/auto/PublisherSubscriber4.xml (RunModel)" time="0.008" />
  <testcase classname="ptolemy.util.test.junit.AutoTests" name="[286] /home/travis/build/icyphy/ptII/ptolemy/actor/lib/test/auto/PublisherSubscriber5.xml (RunModel)" time="0.012" />
  <testcase classname="ptolemy.util.test.junit.AutoTests" name="[287] /home/travis/build/icyphy/ptII/ptolemy/actor/lib/test/auto/PublisherSubscriber6.xml (RunModel)" time="0.011" />
  <testcase classname="ptolemy.util.test.junit.AutoTests" name="[288] /home/travis/build/icyphy/ptII/ptolemy/actor/lib/test/auto/PublisherSubscriber7.xml (RunModel)" time="0.014" />
  <testcase classname="ptolemy.util.test.junit.AutoTests" name="[289] /home/travis/build/icyphy/ptII/ptolemy/actor/lib/test/auto/PublisherSubscriber8.xml (RunModel)" time="0.025" />
  <testcase classname="ptolemy.util.test.junit.AutoTests" name="[290] /home/travis/build/icyphy/ptII/ptolemy/actor/lib/test/auto/PublisherSubscriber9.xml (RunModel)" time="0.015" />
  <testcase classname="ptolemy.util.test.junit.AutoTests" name="[291] /home/travis/build/icyphy/ptII/ptolemy/actor/lib/test/auto/PublisherSubscriberAdjacent.xml (RunModel)" time="0.021" />
  <testcase classname="ptolemy.util.test.junit.AutoTests" name="[292] /home/travis/build/icyphy/ptII/ptolemy/actor/lib/test/auto/PublisherSubscriberChannelVariablesAOC2.xml (RunModel)" time="0.026" />
  <testcase classname="ptolemy.util.test.junit.AutoTests" name="[293] /home/travis/build/icyphy/ptII/ptolemy/actor/lib/test/auto/PublisherSubscriberD3.xml (RunModel)" time="0.013" />
  <testcase classname="ptolemy.util.test.junit.AutoTests" name="[294] /home/travis/build/icyphy/ptII/ptolemy/actor/lib/test/auto/PublisherSubscriberD3Reverse.xml (RunModel)" time="0.011" />
  <testcase classname="ptolemy.util.test.junit.AutoTests" name="[295] /home/travis/build/icyphy/ptII/ptolemy/actor/lib/test/auto/PublisherSubscriberExpression.xml (RunModel)" time="0.015" />
  <testcase classname="ptolemy.util.test.junit.AutoTests" name="[296] /home/travis/build/icyphy/ptII/ptolemy/actor/lib/test/auto/PublisherSubscriberOpaque.xml (RunModel)" time="0.014" />
  <testcase classname="ptolemy.util.test.junit.AutoTests" name="[297] /home/travis/build/icyphy/ptII/ptolemy/actor/lib/test/auto/PublisherSubscriberOpaqueD3.xml (RunModel)" time="0.022" />
  <testcase classname="ptolemy.util.test.junit.AutoTests" name="[298] /home/travis/build/icyphy/ptII/ptolemy/actor/lib/test/auto/PublisherSubscriberOpaqueD3Reverse.xml (RunModel)" time="0.023" />
  <testcase classname="ptolemy.util.test.junit.AutoTests" name="[299] /home/travis/build/icyphy/ptII/ptolemy/actor/lib/test/auto/PublisherSubscriberOpaqueWidthInference.xml (RunModel)" time="0.018" />
  <testcase classname="ptolemy.util.test.junit.AutoTests" name="[300] /home/travis/build/icyphy/ptII/ptolemy/actor/lib/test/auto/PublisherTestSubscriber.xml (RunModel)" time="0.015" />
  <testcase classname="ptolemy.util.test.junit.AutoTests" name="[301] /home/travis/build/icyphy/ptII/ptolemy/actor/lib/test/auto/PublisherToplevelSubscriberPortAOC.xml (RunModel)" time="0.01" />
  <testcase classname="ptolemy.util.test.junit.AutoTests" name="[302] /home/travis/build/icyphy/ptII/ptolemy/actor/lib/test/auto/PulseFiringLimitDE.xml (RunModel)" time="0.018" />
  <testcase classname="ptolemy.util.test.junit.AutoTests" name="[303] /home/travis/build/icyphy/ptII/ptolemy/actor/lib/test/auto/Ramp1.xml (RunModel)" time="0.007" />
  <testcase classname="ptolemy.util.test.junit.AutoTests" name="[304] /home/travis/build/icyphy/ptII/ptolemy/actor/lib/test/auto/RampFiringLimitDE.xml (RunModel)" time="0.011" />
  <testcase classname="ptolemy.util.test.junit.AutoTests" name="[305] /home/travis/build/icyphy/ptII/ptolemy/actor/lib/test/auto/RampFiringLimitSDF.xml (RunModel)" time="0.011" />
  <testcase classname="ptolemy.util.test.junit.AutoTests" name="[306] /home/travis/build/icyphy/ptII/ptolemy/actor/lib/test/auto/RandomInteger.xml (RunModel)" time="0.009" />
  <testcase classname="ptolemy.util.test.junit.AutoTests" name="[307] /home/travis/build/icyphy/ptII/ptolemy/actor/lib/test/auto/ReadFile1.xml (RunModel)" time="0.008" />
  <testcase classname="ptolemy.util.test.junit.AutoTests" name="[308] /home/travis/build/icyphy/ptII/ptolemy/actor/lib/test/auto/ReadFile2.xml (RunModel)" time="0.008" />
  <testcase classname="ptolemy.util.test.junit.AutoTests" name="[309] /home/travis/build/icyphy/ptII/ptolemy/actor/lib/test/auto/Reader.xml (RunModel)" time="0.01" />
  <testcase classname="ptolemy.util.test.junit.AutoTests" name="[310] /home/travis/build/icyphy/ptII/ptolemy/actor/lib/test/auto/RecordAssemblerDisplayNameTest.xml (RunModel)" time="2.899" />
  <testcase classname="ptolemy.util.test.junit.AutoTests" name="[311] /home/travis/build/icyphy/ptII/ptolemy/actor/lib/test/auto/RecordAssemblerTypeError.xml (RunModel)" time="0.03" />
  <testcase classname="ptolemy.util.test.junit.AutoTests" name="[312] /home/travis/build/icyphy/ptII/ptolemy/actor/lib/test/auto/RecordDisassember.xml (RunModel)" time="0.013" />
  <testcase classname="ptolemy.util.test.junit.AutoTests" name="[313] /home/travis/build/icyphy/ptII/ptolemy/actor/lib/test/auto/RecordDisassemberDisplayNameTest.xml (RunModel)" time="0.016" />
  <testcase classname="ptolemy.util.test.junit.AutoTests" name="[314] /home/travis/build/icyphy/ptII/ptolemy/actor/lib/test/auto/RecordDisassembler.xml (RunModel)" time="0.008" />
  <testcase classname="ptolemy.util.test.junit.AutoTests" name="[315] /home/travis/build/icyphy/ptII/ptolemy/actor/lib/test/auto/RecordDisassembler2.xml (RunModel)" time="0.009" />
  <testcase classname="ptolemy.util.test.junit.AutoTests" name="[316] /home/travis/build/icyphy/ptII/ptolemy/actor/lib/test/auto/RecordUpdater.xml (RunModel)" time="0.009" />
  <testcase classname="ptolemy.util.test.junit.AutoTests" name="[317] /home/travis/build/icyphy/ptII/ptolemy/actor/lib/test/auto/RecordUpdater2.xml (RunModel)" time="0.008" />
  <testcase classname="ptolemy.util.test.junit.AutoTests" name="[318] /home/travis/build/icyphy/ptII/ptolemy/actor/lib/test/auto/RecursiveLattice.xml (RunModel)" time="0.008" />
  <testcase classname="ptolemy.util.test.junit.AutoTests" name="[319] /home/travis/build/icyphy/ptII/ptolemy/actor/lib/test/auto/Router.xml (RunModel)" time="3.023" />
  <testcase classname="ptolemy.util.test.junit.AutoTests" name="[320] /home/travis/build/icyphy/ptII/ptolemy/actor/lib/test/auto/Router2.xml (RunModel)" time="3.019" />
  <testcase classname="ptolemy.util.test.junit.AutoTests" name="[321] /home/travis/build/icyphy/ptII/ptolemy/actor/lib/test/auto/RunningMaximum.xml (RunModel)" time="0.017" />
  <testcase classname="ptolemy.util.test.junit.AutoTests" name="[322] /home/travis/build/icyphy/ptII/ptolemy/actor/lib/test/auto/RunningMinimum.xml (RunModel)" time="0.014" />
  <testcase classname="ptolemy.util.test.junit.AutoTests" name="[323] /home/travis/build/icyphy/ptII/ptolemy/actor/lib/test/auto/Scale.xml (RunModel)" time="0.008" />
  <testcase classname="ptolemy.util.test.junit.AutoTests" name="[324] /home/travis/build/icyphy/ptII/ptolemy/actor/lib/test/auto/Scale2.xml (RunModel)" time="0.009" />
  <testcase classname="ptolemy.util.test.junit.AutoTests" name="[325] /home/travis/build/icyphy/ptII/ptolemy/actor/lib/test/auto/Scale3.xml (RunModel)" time="0.013" />
  <testcase classname="ptolemy.util.test.junit.AutoTests" name="[326] /home/travis/build/icyphy/ptII/ptolemy/actor/lib/test/auto/ScaleArray.xml (RunModel)" time="0.013" />
  <testcase classname="ptolemy.util.test.junit.AutoTests" name="[327] /home/travis/build/icyphy/ptII/ptolemy/actor/lib/test/auto/ScaleArray2.xml (RunModel)" time="0.008" />
  <testcase classname="ptolemy.util.test.junit.AutoTests" name="[328] /home/travis/build/icyphy/ptII/ptolemy/actor/lib/test/auto/ScaleMatrix.xml (RunModel)" time="0.131" />
  <testcase classname="ptolemy.util.test.junit.AutoTests" name="[329] /home/travis/build/icyphy/ptII/ptolemy/actor/lib/test/auto/Select.xml (RunModel)" time="0.017" />
  <testcase classname="ptolemy.util.test.junit.AutoTests" name="[330] /home/travis/build/icyphy/ptII/ptolemy/actor/lib/test/auto/Select2.xml (RunModel)" time="0.008" />
  <testcase classname="ptolemy.util.test.junit.AutoTests" name="[331] /home/travis/build/icyphy/ptII/ptolemy/actor/lib/test/auto/SequenceToArray2.xml (RunModel)" time="0.112" />
  <testcase classname="ptolemy.util.test.junit.AutoTests" name="[332] /home/travis/build/icyphy/ptII/ptolemy/actor/lib/test/auto/SequentialClock.xml (RunModel)" time="0.008" />
  <testcase classname="ptolemy.util.test.junit.AutoTests" name="[333] /home/travis/build/icyphy/ptII/ptolemy/actor/lib/test/auto/SetVariable.xml (RunModel)" time="0.016" />
  <testcase classname="ptolemy.util.test.junit.AutoTests" name="[334] /home/travis/build/icyphy/ptII/ptolemy/actor/lib/test/auto/SetVariable2.xml (RunModel)" time="0.013" />
  <testcase classname="ptolemy.util.test.junit.AutoTests" name="[335] /home/travis/build/icyphy/ptII/ptolemy/actor/lib/test/auto/SetVariable3.xml (RunModel)" time="0.011" />
  <testcase classname="ptolemy.util.test.junit.AutoTests" name="[336] /home/travis/build/icyphy/ptII/ptolemy/actor/lib/test/auto/SetVariable4.xml (RunModel)" time="0.026" />
  <testcase classname="ptolemy.util.test.junit.AutoTests" name="[337] /home/travis/build/icyphy/ptII/ptolemy/actor/lib/test/auto/SetVariable5.xml (RunModel)" time="0.036" />
  <testcase classname="ptolemy.util.test.junit.AutoTests" name="[338] /home/travis/build/icyphy/ptII/ptolemy/actor/lib/test/auto/Sinewave.xml (RunModel)" time="0.046" />
  <testcase classname="ptolemy.util.test.junit.AutoTests" name="[339] /home/travis/build/icyphy/ptII/ptolemy/actor/lib/test/auto/Sinewave2.xml (RunModel)" time="0.014" />
  <testcase classname="ptolemy.util.test.junit.AutoTests" name="[340] /home/travis/build/icyphy/ptII/ptolemy/actor/lib/test/auto/Sinewave3.xml (RunModel)" time="0.023" />
  <testcase classname="ptolemy.util.test.junit.AutoTests" name="[341] /home/travis/build/icyphy/ptII/ptolemy/actor/lib/test/auto/SingleEvent.xml (RunModel)" time="0.007" />
  <testcase classname="ptolemy.util.test.junit.AutoTests" name="[342] /home/travis/build/icyphy/ptII/ptolemy/actor/lib/test/auto/Sleep.xml (RunModel)" time="6.012" />
  <testcase classname="ptolemy.util.test.junit.AutoTests" name="[343] /home/travis/build/icyphy/ptII/ptolemy/actor/lib/test/auto/SleepMultipleFire.xml (RunModel)" time="1.032" />
  <testcase classname="ptolemy.util.test.junit.AutoTests" name="[344] /home/travis/build/icyphy/ptII/ptolemy/actor/lib/test/auto/StopDE.xml (RunModel)" time="0.021" />
  <testcase classname="ptolemy.util.test.junit.AutoTests" name="[345] /home/travis/build/icyphy/ptII/ptolemy/actor/lib/test/auto/StopSDF.xml (RunModel)" time="0.012" />
  <testcase classname="ptolemy.util.test.junit.AutoTests" name="[346] /home/travis/build/icyphy/ptII/ptolemy/actor/lib/test/auto/StringConstant.xml (RunModel)" time="0.008" />
  <testcase classname="ptolemy.util.test.junit.AutoTests" name="[347] /home/travis/build/icyphy/ptII/ptolemy/actor/lib/test/auto/SubscriberPortInitialValues1.xml (RunModel)" time="0.016" />
  <testcase classname="ptolemy.util.test.junit.AutoTests" name="[348] /home/travis/build/icyphy/ptII/ptolemy/actor/lib/test/auto/SubscriberPortInitialValues13.xml (RunModel)" time="0.022" />
  <testcase classname="ptolemy.util.test.junit.AutoTests" name="[349] /home/travis/build/icyphy/ptII/ptolemy/actor/lib/test/auto/SubscriberPortInitialValues14.xml (RunModel)" time="0.014" />
  <testcase classname="ptolemy.util.test.junit.AutoTests" name="[350] /home/travis/build/icyphy/ptII/ptolemy/actor/lib/test/auto/SubscriberPortInitialValues2.xml (RunModel)" time="0.013" />
  <testcase classname="ptolemy.util.test.junit.AutoTests" name="[351] /home/travis/build/icyphy/ptII/ptolemy/actor/lib/test/auto/SubscriberPortInitialValues3.xml (RunModel)" time="0.017" />
  <testcase classname="ptolemy.util.test.junit.AutoTests" name="[352] /home/travis/build/icyphy/ptII/ptolemy/actor/lib/test/auto/SubscriptionAggregator.xml (RunModel)" time="0.011" />
  <testcase classname="ptolemy.util.test.junit.AutoTests" name="[353] /home/travis/build/icyphy/ptII/ptolemy/actor/lib/test/auto/SubscriptionAggregator2.xml (RunModel)" time="0.014" />
  <testcase classname="ptolemy.util.test.junit.AutoTests" name="[354] /home/travis/build/icyphy/ptII/ptolemy/actor/lib/test/auto/SubscriptionAggregator3.xml (RunModel)" time="0.017" />
  <testcase classname="ptolemy.util.test.junit.AutoTests" name="[355] /home/travis/build/icyphy/ptII/ptolemy/actor/lib/test/auto/SubscriptionAggregatorMultiply.xml (RunModel)" time="0.013" />
  <testcase classname="ptolemy.util.test.junit.AutoTests" name="[356] /home/travis/build/icyphy/ptII/ptolemy/actor/lib/test/auto/SubscriptionAggregatorPortMultiply1.xml (RunModel)" time="0.012" />
  <testcase classname="ptolemy.util.test.junit.AutoTests" name="[357] /home/travis/build/icyphy/ptII/ptolemy/actor/lib/test/auto/Switch.xml (RunModel)" time="0.012" />
  <testcase classname="ptolemy.util.test.junit.AutoTests" name="[358] /home/travis/build/icyphy/ptII/ptolemy/actor/lib/test/auto/Switch2.xml (RunModel)" time="0.009" />
  <testcase classname="ptolemy.util.test.junit.AutoTests" name="[359] /home/travis/build/icyphy/ptII/ptolemy/actor/lib/test/auto/SwitchDE.xml (RunModel)" time="0.011" />
  <testcase classname="ptolemy.util.test.junit.AutoTests" name="[360] /home/travis/build/icyphy/ptII/ptolemy/actor/lib/test/auto/SynchronizerDE.xml (RunModel)" time="0.017" />
  <testcase classname="ptolemy.util.test.junit.AutoTests" name="[361] /home/travis/build/icyphy/ptII/ptolemy/actor/lib/test/auto/Test.xml (RunModel)" time="0.008" />
  <testcase classname="ptolemy.util.test.junit.AutoTests" name="[362] /home/travis/build/icyphy/ptII/ptolemy/actor/lib/test/auto/TestExceptionAttribute1.xml (RunModel)" time="0.005" />
  <testcase classname="ptolemy.util.test.junit.AutoTests" name="[363] /home/travis/build/icyphy/ptII/ptolemy/actor/lib/test/auto/TestExceptionAttribute2.xml (RunModel)" time="0.006" />
  <testcase classname="ptolemy.util.test.junit.AutoTests" name="[364] /home/travis/build/icyphy/ptII/ptolemy/actor/lib/test/auto/TestExceptionAttribute3.xml (RunModel)" time="0.005" />
  <testcase classname="ptolemy.util.test.junit.AutoTests" name="[365] /home/travis/build/icyphy/ptII/ptolemy/actor/lib/test/auto/TestExceptionAttribute4.xml (RunModel)" time="0.006" />
  <testcase classname="ptolemy.util.test.junit.AutoTests" name="[366] /home/travis/build/icyphy/ptII/ptolemy/actor/lib/test/auto/TestExceptionHandler1.xml (RunModel)" time="0.005" />
  <testcase classname="ptolemy.util.test.junit.AutoTests" name="[367] /home/travis/build/icyphy/ptII/ptolemy/actor/lib/test/auto/TestExceptionHandler2.xml (RunModel)" time="0.006" />
  <testcase classname="ptolemy.util.test.junit.AutoTests" name="[368] /home/travis/build/icyphy/ptII/ptolemy/actor/lib/test/auto/TestExceptionHandler3.xml (RunModel)" time="0.005" />
  <testcase classname="ptolemy.util.test.junit.AutoTests" name="[369] /home/travis/build/icyphy/ptII/ptolemy/actor/lib/test/auto/TestExceptionHandler4.xml (RunModel)" time="0.005" />
  <testcase classname="ptolemy.util.test.junit.AutoTests" name="[370] /home/travis/build/icyphy/ptII/ptolemy/actor/lib/test/auto/TestRequireCorrectOrder.xml (RunModel)" time="0.009" />
  <testcase classname="ptolemy.util.test.junit.AutoTests" name="[371] /home/travis/build/icyphy/ptII/ptolemy/actor/lib/test/auto/TestSimple.xml (RunModel)" time="0.006" />
  <testcase classname="ptolemy.util.test.junit.AutoTests" name="[372] /home/travis/build/icyphy/ptII/ptolemy/actor/lib/test/auto/ThrowModelError.xml (RunModel)" time="0.01" />
  <testcase classname="ptolemy.util.test.junit.AutoTests" name="[373] /home/travis/build/icyphy/ptII/ptolemy/actor/lib/test/auto/TimeDelayMicrosteps.xml (RunModel)" time="0.009" />
  <testcase classname="ptolemy.util.test.junit.AutoTests" name="[374] /home/travis/build/icyphy/ptII/ptolemy/actor/lib/test/auto/TimeDelayMicrosteps2.xml (RunModel)" time="0.01" />
  <testcase classname="ptolemy.util.test.junit.AutoTests" name="[375] /home/travis/build/icyphy/ptII/ptolemy/actor/lib/test/auto/TimeDelayMicrosteps3.xml (RunModel)" time="0.008" />
  <testcase classname="ptolemy.util.test.junit.AutoTests" name="[376] /home/travis/build/icyphy/ptII/ptolemy/actor/lib/test/auto/TimeDelayVariableMicrosteps.xml (RunModel)" time="0.007" />
  <testcase classname="ptolemy.util.test.junit.AutoTests" name="[377] /home/travis/build/icyphy/ptII/ptolemy/actor/lib/test/auto/TimeGap.xml (RunModel)" time="0.007" />
  <testcase classname="ptolemy.util.test.junit.AutoTests" name="[378] /home/travis/build/icyphy/ptII/ptolemy/actor/lib/test/auto/TimeGap2.xml (RunModel)" time="0.007" />
  <testcase classname="ptolemy.util.test.junit.AutoTests" name="[379] /home/travis/build/icyphy/ptII/ptolemy/actor/lib/test/auto/TimedSinewave.xml (RunModel)" time="0.027" />
  <testcase classname="ptolemy.util.test.junit.AutoTests" name="[380] /home/travis/build/icyphy/ptII/ptolemy/actor/lib/test/auto/TimedSinewavePhase.xml (RunModel)" time="0.014" />
  <testcase classname="ptolemy.util.test.junit.AutoTests" name="[381] /home/travis/build/icyphy/ptII/ptolemy/actor/lib/test/auto/Timer.xml (RunModel)" time="0.014" />
  <testcase classname="ptolemy.util.test.junit.AutoTests" name="[382] /home/travis/build/icyphy/ptII/ptolemy/actor/lib/test/auto/TriangularDistTestModel.xml (RunModel)" time="0.013" />
  <testcase classname="ptolemy.util.test.junit.AutoTests" name="[383] /home/travis/build/icyphy/ptII/ptolemy/actor/lib/test/auto/TrigFunction.xml (RunModel)" time="0.007" />
  <testcase classname="ptolemy.util.test.junit.AutoTests" name="[384] /home/travis/build/icyphy/ptII/ptolemy/actor/lib/test/auto/TrigFunctionDE.xml (RunModel)" time="0.011" />
  <testcase classname="ptolemy.util.test.junit.AutoTests" name="[385] /home/travis/build/icyphy/ptII/ptolemy/actor/lib/test/auto/TrigFunctionInverse.xml (RunModel)" time="0.009" />
  <testcase classname="ptolemy.util.test.junit.AutoTests" name="[386] /home/travis/build/icyphy/ptII/ptolemy/actor/lib/test/auto/TrigFunctionTan.xml (RunModel)" time="0.006" />
  <testcase classname="ptolemy.util.test.junit.AutoTests" name="[387] /home/travis/build/icyphy/ptII/ptolemy/actor/lib/test/auto/TriggeredClock.xml (RunModel)" time="0.007" />
  <testcase classname="ptolemy.util.test.junit.AutoTests" name="[388] /home/travis/build/icyphy/ptII/ptolemy/actor/lib/test/auto/URLDirectoryReader.xml (RunModel)" time="0.093" />
  <testcase classname="ptolemy.util.test.junit.AutoTests" name="[389] /home/travis/build/icyphy/ptII/ptolemy/actor/lib/test/auto/URLDirectoryReader3.xml (RunModel)" time="1.363" />
  <testcase classname="ptolemy.util.test.junit.AutoTests" name="[390] /home/travis/build/icyphy/ptII/ptolemy/actor/lib/test/auto/UnaryMathFunction.xml (RunModel)" time="0.03" />
  <testcase classname="ptolemy.util.test.junit.AutoTests" name="[391] /home/travis/build/icyphy/ptII/ptolemy/actor/lib/test/auto/Uniform.xml (RunModel)" time="0.011" />
  <testcase classname="ptolemy.util.test.junit.AutoTests" name="[392] /home/travis/build/icyphy/ptII/ptolemy/actor/lib/test/auto/UnionDisassemblerTest.xml (RunModel)" time="0.008" />
  <testcase classname="ptolemy.util.test.junit.AutoTests" name="[393] /home/travis/build/icyphy/ptII/ptolemy/actor/lib/test/auto/UtilityFunctions.xml (RunModel)" time="0.006" />
  <testcase classname="ptolemy.util.test.junit.AutoTests" name="[394] /home/travis/build/icyphy/ptII/ptolemy/actor/lib/test/auto/VariableSleep.xml (RunModel)" time="0.512" />
  <testcase classname="ptolemy.util.test.junit.AutoTests" name="[395] /home/travis/build/icyphy/ptII/ptolemy/actor/lib/test/auto/VectorAssemblerDisassemblerCT.xml (RunModel)" time="0.111" />
  <testcase classname="ptolemy.util.test.junit.AutoTests" name="[396] /home/travis/build/icyphy/ptII/ptolemy/actor/lib/test/auto/VectorAssemblerDisassemblerDE.xml (RunModel)" time="0.013" />
  <testcase classname="ptolemy.util.test.junit.AutoTests" name="[397] /home/travis/build/icyphy/ptII/ptolemy/actor/lib/test/auto/VectorAssemblerDisassemblerSDF.xml (RunModel)" time="0.011" />
  <testcase classname="ptolemy.util.test.junit.AutoTests" name="[398] /home/travis/build/icyphy/ptII/ptolemy/actor/lib/test/auto/WallClockTime.xml (RunModel)" time="1.013" />
  <testcase classname="ptolemy.util.test.junit.AutoTests" name="[399] /home/travis/build/icyphy/ptII/ptolemy/actor/lib/test/auto/WidthTestWithSubscriberPublisher.xml (RunModel)" time="0.04" />
  <testcase classname="ptolemy.util.test.junit.AutoTests" name="[400] /home/travis/build/icyphy/ptII/ptolemy/actor/lib/test/auto/WidthTestWithSubscriberPublisher2.xml (RunModel)" time="0.013" />
  <testcase classname="ptolemy.util.test.junit.AutoTests" name="[401] /home/travis/build/icyphy/ptII/ptolemy/actor/lib/test/auto/WidthTestWithSubscriberPublisher3.xml (RunModel)" time="0.01" />
  <testcase classname="ptolemy.util.test.junit.AutoTests" name="[402] /home/travis/build/icyphy/ptII/ptolemy/actor/lib/test/auto/Writer.xml (RunModel)" time="0.007" />
  <testcase classname="ptolemy.util.test.junit.AutoTests" name="[403] /home/travis/build/icyphy/ptII/ptolemy/actor/lib/test/auto/array.xml (RunModel)" time="0.008" />
  <testcase classname="ptolemy.util.test.junit.AutoTests" name="[404] /home/travis/build/icyphy/ptII/ptolemy/actor/lib/test/auto/array2.xml (RunModel)" time="0.008" />
  <testcase classname="ptolemy.util.test.junit.AutoTests" name="[405] /home/travis/build/icyphy/ptII/ptolemy/actor/lib/test/auto/arrayType.xml (RunModel)" time="0.009" />
  <testcase classname="ptolemy.util.test.junit.AutoTests" name="[406] /home/travis/build/icyphy/ptII/ptolemy/actor/lib/test/auto/arrayType10.xml (RunModel)" time="0.008" />
  <testcase classname="ptolemy.util.test.junit.AutoTests" name="[407] /home/travis/build/icyphy/ptII/ptolemy/actor/lib/test/auto/arrayType11.xml (RunModel)" time="0.008" />
  <testcase classname="ptolemy.util.test.junit.AutoTests" name="[408] /home/travis/build/icyphy/ptII/ptolemy/actor/lib/test/auto/arrayType12.xml (RunModel)" time="0.009" />
  <testcase classname="ptolemy.util.test.junit.AutoTests" name="[409] /home/travis/build/icyphy/ptII/ptolemy/actor/lib/test/auto/arrayType13.xml (RunModel)" time="0.011" />
  <testcase classname="ptolemy.util.test.junit.AutoTests" name="[410] /home/travis/build/icyphy/ptII/ptolemy/actor/lib/test/auto/arrayType14.xml (RunModel)" time="0.011" />
  <testcase classname="ptolemy.util.test.junit.AutoTests" name="[411] /home/travis/build/icyphy/ptII/ptolemy/actor/lib/test/auto/arrayType15.xml (RunModel)" time="0.009" />
  <testcase classname="ptolemy.util.test.junit.AutoTests" name="[412] /home/travis/build/icyphy/ptII/ptolemy/actor/lib/test/auto/arrayType16.xml (RunModel)" time="0.01" />
  <testcase classname="ptolemy.util.test.junit.AutoTests" name="[413] /home/travis/build/icyphy/ptII/ptolemy/actor/lib/test/auto/arrayType17.xml (RunModel)" time="0.009" />
  <testcase classname="ptolemy.util.test.junit.AutoTests" name="[414] /home/travis/build/icyphy/ptII/ptolemy/actor/lib/test/auto/arrayType18.xml (RunModel)" time="0.009" />
  <testcase classname="ptolemy.util.test.junit.AutoTests" name="[415] /home/travis/build/icyphy/ptII/ptolemy/actor/lib/test/auto/arrayType19.xml (RunModel)" time="0.01" />
  <testcase classname="ptolemy.util.test.junit.AutoTests" name="[416] /home/travis/build/icyphy/ptII/ptolemy/actor/lib/test/auto/arrayType2.xml (RunModel)" time="0.009" />
  <testcase classname="ptolemy.util.test.junit.AutoTests" name="[417] /home/travis/build/icyphy/ptII/ptolemy/actor/lib/test/auto/arrayType20.xml (RunModel)" time="0.009" />
  <testcase classname="ptolemy.util.test.junit.AutoTests" name="[418] /home/travis/build/icyphy/ptII/ptolemy/actor/lib/test/auto/arrayType21.xml (RunModel)" time="0.009" />
  <testcase classname="ptolemy.util.test.junit.AutoTests" name="[419] /home/travis/build/icyphy/ptII/ptolemy/actor/lib/test/auto/arrayType22.xml (RunModel)" time="0.008" />
  <testcase classname="ptolemy.util.test.junit.AutoTests" name="[420] /home/travis/build/icyphy/ptII/ptolemy/actor/lib/test/auto/arrayType23.xml (RunModel)" time="0.016" />
  <testcase classname="ptolemy.util.test.junit.AutoTests" name="[421] /home/travis/build/icyphy/ptII/ptolemy/actor/lib/test/auto/arrayType24.xml (RunModel)" time="0.008" />
  <testcase classname="ptolemy.util.test.junit.AutoTests" name="[422] /home/travis/build/icyphy/ptII/ptolemy/actor/lib/test/auto/arrayType25.xml (RunModel)" time="0.009" />
  <testcase classname="ptolemy.util.test.junit.AutoTests" name="[423] /home/travis/build/icyphy/ptII/ptolemy/actor/lib/test/auto/arrayType26.xml (RunModel)" time="0.008" />
  <testcase classname="ptolemy.util.test.junit.AutoTests" name="[424] /home/travis/build/icyphy/ptII/ptolemy/actor/lib/test/auto/arrayType27.xml (RunModel)" time="0.009" />
  <testcase classname="ptolemy.util.test.junit.AutoTests" name="[425] /home/travis/build/icyphy/ptII/ptolemy/actor/lib/test/auto/arrayType28.xml (RunModel)" time="0.008" />
  <testcase classname="ptolemy.util.test.junit.AutoTests" name="[426] /home/travis/build/icyphy/ptII/ptolemy/actor/lib/test/auto/arrayType3.xml (RunModel)" time="0.008" />
  <testcase classname="ptolemy.util.test.junit.AutoTests" name="[427] /home/travis/build/icyphy/ptII/ptolemy/actor/lib/test/auto/arrayType4.xml (RunModel)" time="0.009" />
  <testcase classname="ptolemy.util.test.junit.AutoTests" name="[428] /home/travis/build/icyphy/ptII/ptolemy/actor/lib/test/auto/arrayType5.xml (RunModel)" time="0.008" />
  <testcase classname="ptolemy.util.test.junit.AutoTests" name="[429] /home/travis/build/icyphy/ptII/ptolemy/actor/lib/test/auto/arrayType6.xml (RunModel)" time="0.008" />
  <testcase classname="ptolemy.util.test.junit.AutoTests" name="[430] /home/travis/build/icyphy/ptII/ptolemy/actor/lib/test/auto/arrayType7.xml (RunModel)" time="0.008" />
  <testcase classname="ptolemy.util.test.junit.AutoTests" name="[431] /home/travis/build/icyphy/ptII/ptolemy/actor/lib/test/auto/arrayType8.xml (RunModel)" time="0.008" />
  <testcase classname="ptolemy.util.test.junit.AutoTests" name="[432] /home/travis/build/icyphy/ptII/ptolemy/actor/lib/test/auto/arrayType9.xml (RunModel)" time="0.007" />
  <testcase classname="ptolemy.util.test.junit.AutoTests" name="[433] /home/travis/build/icyphy/ptII/ptolemy/actor/lib/test/auto/cast.xml (RunModel)" time="0.008" />
  <testcase classname="ptolemy.util.test.junit.AutoTests" name="[434] /home/travis/build/icyphy/ptII/ptolemy/actor/lib/test/auto/compositeMultiPort.xml (RunModel)" time="0.016" />
  <testcase classname="ptolemy.util.test.junit.AutoTests" name="[435] /home/travis/build/icyphy/ptII/ptolemy/actor/lib/test/auto/expressionCastInference.xml (RunModel)" time="0.008" />
  <testcase classname="ptolemy.util.test.junit.AutoTests" name="[436] /home/travis/build/icyphy/ptII/ptolemy/actor/lib/test/auto/expressionCastInference2.xml (RunModel)" time="0.007" />
  <testcase classname="ptolemy.util.test.junit.AutoTests" name="[437] /home/travis/build/icyphy/ptII/ptolemy/actor/lib/test/auto/expressionInference.xml (RunModel)" time="0.006" />
  <testcase classname="ptolemy.util.test.junit.AutoTests" name="[438] /home/travis/build/icyphy/ptII/ptolemy/actor/lib/test/auto/expression_bug.xml (RunModel)" time="0.006" />
  <testcase classname="ptolemy.util.test.junit.AutoTests" name="[439] /home/travis/build/icyphy/ptII/ptolemy/actor/lib/test/auto/factorial.xml (RunModel)" time="0.035" />
  <testcase classname="ptolemy.util.test.junit.AutoTests" name="[440] /home/travis/build/icyphy/ptII/ptolemy/actor/lib/test/auto/filterTest1.xml (RunModel)" time="0.012" />
  <testcase classname="ptolemy.util.test.junit.AutoTests" name="[441] /home/travis/build/icyphy/ptII/ptolemy/actor/lib/test/auto/funcApplyInConst.xml (RunModel)" time="0.005" />
  <testcase classname="ptolemy.util.test.junit.AutoTests" name="[442] /home/travis/build/icyphy/ptII/ptolemy/actor/lib/test/auto/funcApplyInExpr.xml (RunModel)" time="0.004" />
  <testcase classname="ptolemy.util.test.junit.AutoTests" name="[443] /home/travis/build/icyphy/ptII/ptolemy/actor/lib/test/auto/function.xml (RunModel)" time="0.007" />
  <testcase classname="ptolemy.util.test.junit.AutoTests" name="[444] /home/travis/build/icyphy/ptII/ptolemy/actor/lib/test/auto/function2.xml (RunModel)" time="0.008" />
  <testcase classname="ptolemy.util.test.junit.AutoTests" name="[445] /home/travis/build/icyphy/ptII/ptolemy/actor/lib/test/auto/function3.xml (RunModel)" time="0.006" />
  <testcase classname="ptolemy.util.test.junit.AutoTests" name="[446] /home/travis/build/icyphy/ptII/ptolemy/actor/lib/test/auto/functionClosureTest1.xml (RunModel)" time="0.009" />
  <testcase classname="ptolemy.util.test.junit.AutoTests" name="[447] /home/travis/build/icyphy/ptII/ptolemy/actor/lib/test/auto/functionClosureTest2.xml (RunModel)" time="0.006" />
  <testcase classname="ptolemy.util.test.junit.AutoTests" name="[448] /home/travis/build/icyphy/ptII/ptolemy/actor/lib/test/auto/functionClosureTest3.xml (RunModel)" time="0.008" />
  <testcase classname="ptolemy.util.test.junit.AutoTests" name="[449] /home/travis/build/icyphy/ptII/ptolemy/actor/lib/test/auto/functionClosureTest4.xml (RunModel)" time="0.012" />
  <testcase classname="ptolemy.util.test.junit.AutoTests" name="[450] /home/travis/build/icyphy/ptII/ptolemy/actor/lib/test/auto/functionClosureTest5.xml (RunModel)" time="0.01" />
  <testcase classname="ptolemy.util.test.junit.AutoTests" name="[451] /home/travis/build/icyphy/ptII/ptolemy/actor/lib/test/auto/functionClosureTest6.xml (RunModel)" time="0.007" />
  <testcase classname="ptolemy.util.test.junit.AutoTests" name="[452] /home/travis/build/icyphy/ptII/ptolemy/actor/lib/test/auto/functionsOnArcs.xml (RunModel)" time="0.009" />
  <testcase classname="ptolemy.util.test.junit.AutoTests" name="[453] /home/travis/build/icyphy/ptII/ptolemy/actor/lib/test/auto/functionsOnArcsHOF.xml (RunModel)" time="0.011" />
  <testcase classname="ptolemy.util.test.junit.AutoTests" name="[454] /home/travis/build/icyphy/ptII/ptolemy/actor/lib/test/auto/logic.xml (RunModel)" time="0.015" />
  <testcase classname="ptolemy.util.test.junit.AutoTests" name="[455] /home/travis/build/icyphy/ptII/ptolemy/actor/lib/test/auto/matrixType.xml (RunModel)" time="0.008" />
  <testcase classname="ptolemy.util.test.junit.AutoTests" name="[456] /home/travis/build/icyphy/ptII/ptolemy/actor/lib/test/auto/matrixType10.xml (RunModel)" time="0.007" />
  <testcase classname="ptolemy.util.test.junit.AutoTests" name="[457] /home/travis/build/icyphy/ptII/ptolemy/actor/lib/test/auto/matrixType11.xml (RunModel)" time="0.007" />
  <testcase classname="ptolemy.util.test.junit.AutoTests" name="[458] /home/travis/build/icyphy/ptII/ptolemy/actor/lib/test/auto/matrixType12.xml (RunModel)" time="0.008" />
  <testcase classname="ptolemy.util.test.junit.AutoTests" name="[459] /home/travis/build/icyphy/ptII/ptolemy/actor/lib/test/auto/matrixType13.xml (RunModel)" time="0.007" />
  <testcase classname="ptolemy.util.test.junit.AutoTests" name="[460] /home/travis/build/icyphy/ptII/ptolemy/actor/lib/test/auto/matrixType14.xml (RunModel)" time="0.008" />
  <testcase classname="ptolemy.util.test.junit.AutoTests" name="[461] /home/travis/build/icyphy/ptII/ptolemy/actor/lib/test/auto/matrixType2.xml (RunModel)" time="0.008" />
  <testcase classname="ptolemy.util.test.junit.AutoTests" name="[462] /home/travis/build/icyphy/ptII/ptolemy/actor/lib/test/auto/matrixType3.xml (RunModel)" time="0.007" />
  <testcase classname="ptolemy.util.test.junit.AutoTests" name="[463] /home/travis/build/icyphy/ptII/ptolemy/actor/lib/test/auto/matrixType4.xml (RunModel)" time="0.007" />
  <testcase classname="ptolemy.util.test.junit.AutoTests" name="[464] /home/travis/build/icyphy/ptII/ptolemy/actor/lib/test/auto/matrixType5.xml (RunModel)" time="0.007" />
  <testcase classname="ptolemy.util.test.junit.AutoTests" name="[465] /home/travis/build/icyphy/ptII/ptolemy/actor/lib/test/auto/matrixType6.xml (RunModel)" time="0.007" />
  <testcase classname="ptolemy.util.test.junit.AutoTests" name="[466] /home/travis/build/icyphy/ptII/ptolemy/actor/lib/test/auto/matrixType7.xml (RunModel)" time="0.007" />
  <testcase classname="ptolemy.util.test.junit.AutoTests" name="[467] /home/travis/build/icyphy/ptII/ptolemy/actor/lib/test/auto/matrixType8.xml (RunModel)" time="0.008" />
  <testcase classname="ptolemy.util.test.junit.AutoTests" name="[468] /home/travis/build/icyphy/ptII/ptolemy/actor/lib/test/auto/matrixType9.xml (RunModel)" time="0.007" />
  <testcase classname="ptolemy.util.test.junit.AutoTests" name="[469] /home/travis/build/icyphy/ptII/ptolemy/actor/lib/test/auto/paraFunctest.xml (RunModel)" time="0.006" />
  <testcase classname="ptolemy.util.test.junit.AutoTests" name="[470] /home/travis/build/icyphy/ptII/ptolemy/actor/lib/test/auto/paraFunctest2.xml (RunModel)" time="0.006" />
  <testcase classname="ptolemy.util.test.junit.AutoTests" name="[471] /home/travis/build/icyphy/ptII/ptolemy/actor/lib/test/auto/parameterPassing.xml (RunModel)" time="0.007" />
  <testcase classname="ptolemy.util.test.junit.AutoTests" name="[472] /home/travis/build/icyphy/ptII/ptolemy/actor/lib/test/auto/record.xml (RunModel)" time="0.008" />
  <testcase classname="ptolemy.util.test.junit.AutoTests" name="[473] /home/travis/build/icyphy/ptII/ptolemy/actor/lib/test/auto/sizedarray1.xml (RunModel)" time="0.008" />
  <testcase classname="ptolemy.util.test.junit.AutoTests" name="[474] /home/travis/build/icyphy/ptII/ptolemy/actor/lib/test/auto/sizedarray2.xml (RunModel)" time="0.008" />
  <testcase classname="ptolemy.util.test.junit.AutoTests" name="[475] /home/travis/build/icyphy/ptII/ptolemy/actor/lib/test/auto/twoPublishers.xml (RunModel)" time="0.017" />
  <system-out><![CDATA[/home/travis/build/icyphy/ptII/ptolemy/actor/lib/test/AbsoluteValue.tcl
testDefs.tcl: setting time out to 9000 seconds at Fri Oct 19 02:32:58 UTC 2018
68 ms. Memory: 116224K Free: 106766K (92%)
4 ms. Memory: 116224K Free: 105547K (91%)
8 ms. Memory: 116224K Free: 104946K (90%)
3 ms. Memory: 116224K Free: 103736K (89%)
/home/travis/build/icyphy/ptII/ptolemy/actor/lib/test/AddSubtract.tcl
16 ms. Memory: 116224K Free: 101917K (88%)
10 ms. Memory: 116224K Free: 101300K (87%)
15 ms. Memory: 116224K Free: 100082K (86%)
13 ms. Memory: 116224K Free: 99480K (86%)
14 ms. Memory: 116224K Free: 98863K (85%)
10 ms. Memory: 116224K Free: 98262K (85%)
/home/travis/build/icyphy/ptII/ptolemy/actor/lib/test/Average.tcl
16 ms. Memory: 116224K Free: 96410K (83%)
14 ms. Memory: 116224K Free: 95208K (82%)
/home/travis/build/icyphy/ptII/ptolemy/actor/lib/test/Bernoulli.tcl
6 ms. Memory: 116224K Free: 93381K (80%)
5 ms. Memory: 116224K Free: 92764K (80%)
/home/travis/build/icyphy/ptII/ptolemy/actor/lib/test/Clock.tcl
preinitializing
resolving types
initializing
executing number 1
wrapping up
idle
25 ms. Memory: 116224K Free: 90913K (78%)
Completed execution with 5 iterations
preinitializing
resolving types
initializing
executing number 1
wrapping up
idle
3 ms. Memory: 116224K Free: 89710K (77%)
Completed execution with 5 iterations
preinitializing
resolving types
initializing
executing number 1
wrapping up
idle
3 ms. Memory: 116224K Free: 89109K (77%)
Completed execution with 5 iterations
/home/travis/build/icyphy/ptII/ptolemy/actor/lib/test/Commutator.tcl
5 ms. Memory: 116224K Free: 87274K (75%)
5 ms. Memory: 116224K Free: 86056K (74%)
7 ms. Memory: 116224K Free: 81808K (70%)
/home/travis/build/icyphy/ptII/ptolemy/actor/lib/test/Const.tcl
9 ms. Memory: 146944K Free: 139925K (95%)
3 ms. Memory: 146944K Free: 138703K (94%)
2 ms. Memory: 146944K Free: 137474K (94%)
1 ms. Memory: 146944K Free: 136268K (93%)
2 ms. Memory: 146944K Free: 136268K (93%)
11 ms. Memory: 146944K Free: 133855K (91%)
11 ms. Memory: 146944K Free: 133855K (91%)
7 ms. Memory: 146944K Free: 132649K (90%)
/home/travis/build/icyphy/ptII/ptolemy/actor/lib/test/CurrentTime.tcl
preinitializing
resolving types
initializing
executing number 1
wrapping up
idle
19 ms. Memory: 146944K Free: 130220K (89%)
Completed execution with 11 iterations
/home/travis/build/icyphy/ptII/ptolemy/actor/lib/test/DB.tcl
5 ms. Memory: 146944K Free: 129014K (88%)
2 ms. Memory: 146944K Free: 127808K (87%)
2 ms. Memory: 146944K Free: 127808K (87%)
/home/travis/build/icyphy/ptII/ptolemy/actor/lib/test/DiscreteRandomSource.tcl
preinitializing
resolving types
initializing
executing number 1
wrapping up
idle
3 ms. Memory: 146944K Free: 126602K (86%)
Completed execution with 4 iterations
preinitializing
resolving types
initializing
executing number 1
wrapping up
idle
2 ms. Memory: 146944K Free: 125380K (85%)
Completed execution with 4 iterations
preinitializing
resolving types
initializing
executing number 1
wrapping up
idle
2 ms. Memory: 146944K Free: 125380K (85%)
Completed execution with 4 iterations
preinitializing
resolving types
initializing
executing number 1
wrapping up
idle
3 ms. Memory: 146944K Free: 124173K (85%)
Completed execution with 4 iterations
preinitializing
resolving types
initializing
executing number 1
wrapping up
idle
4 ms. Memory: 146944K Free: 124173K (85%)
Completed execution with 4 iterations
/home/travis/build/icyphy/ptII/ptolemy/actor/lib/test/Distributor.tcl
4 ms. Memory: 146944K Free: 122967K (84%)
3 ms. Memory: 146944K Free: 121745K (83%)
StreamChangeRequest.changeExecuted(): <deleteEntity name="rec2"/> succeeded
StreamChangeRequest.changeExecuted(): <deleteRelation name="r2"/> succeeded
StreamChangeRequest.changeExecuted(): Record firings per iteration succeeded
4 ms. Memory: 146944K Free: 119301K (81%)
/home/travis/build/icyphy/ptII/ptolemy/actor/lib/test/Exit.tcl
Exit.tcl: this will print a message about Manager.exitAfterWrapup, which can be ignored.
3 ms. Memory: 146944K Free: 116273K (79%)
/home/travis/build/icyphy/ptII/ptolemy/actor/lib/test/Expression.tcl
13 ms. Memory: 146944K Free: 112632K (77%)
3 ms. Memory: 146944K Free: 112632K (77%)
8 ms. Memory: 146944K Free: 111426K (76%)
preinitializing
resolving types
initializing
executing number 1
wrapping up
idle
5 ms. Memory: 146944K Free: 110220K (75%)
Completed execution with 6 iterations
4 ms. Memory: 146944K Free: 109013K (74%)
2 ms. Memory: 146944K Free: 109013K (74%)
9 ms. Memory: 146944K Free: 107807K (73%)
7 ms. Memory: 146944K Free: 106601K (73%)
7 ms. Memory: 146944K Free: 105394K (72%)
/home/travis/build/icyphy/ptII/ptolemy/actor/lib/test/Gaussian.tcl
15 ms. Memory: 146944K Free: 102982K (70%)
sleeping 1 seconds: .........................................................................................................................................................................................................................................................................................................................................................................................................................................................................................................................................................................................................................................................................................................................................................................................................................................................................................................................................................................................................................................................................................................................................................................................................................................................................................................................................................................................................................................................................................................................................................................................................................................................................................................................................................................................................................................................................................................................................................................................................................................................................................................................................................................................................................................................................................................................................................................................................................................................................................................................................................................................................................................................................................................................................................................................................................................................................................................................................................................................................................................................................................................................................................................................................................................................................................................................................................................................................................................................................................................................................................................................................................................................................................................................................................................................................................................................................................................................................................................................................................................................................................................................................................................................................................................................................................................................................................................................................................................................................................................................................................................................................................................................................................................................................................................................................................................................................................................................................................................................................................................................................................................................................................................................................................................................................................................................................................................................................................................................................................................................................................................................................................................................................................................................................................................................................................................................................................................................................................................................................................................................................................................................................................................................................................................................................................................................................................................................................................................................................................................................................................................................................................................................................................................................................................................................................................................................................................................................................................................................................................................................................................................................................................................................................................................................................................................................................................................................................................................................................................................................................................................................................................................................................................................................................................................................................................................................................................................................................................................................................................................................................................................................................................................................................................................................................................................................................................................................................................................................................................................................................................................................................................................................................................................................................................................................................................................................................................................................................................................................................................................................................................................................................................................................................................................................................................................................................................................................................................................................................................................................................................................................................................................................................................................................................................................................................................................................................................................................................................................................................................................................................................................................................................................................................................................................................................................................................................................................................................................................................................................................................................................................................................................................................................................................................................................................................................................................................................................................................................................................................................................................................................................................................................................................................................................................................................................................................................................................................................................................................................................................................................................................................................................................................................................................................................................................................................................................................................................................................................................................................................................................................................................................................................................................................................................................................................................................................................................................................................................................................................................................................................................................................................................................................................................................................................................................................................................................................................................................................................................................................................................................................................................................................................................................................................................................................................................................................................................................................................................................................................................................................................................................................................................................................................................................................................................................................................................................................................................................................................................................................................................................................................................................................................................................................................................................................................................................................................................................................................................................................................................................................................................................................................................................................................................................................................................................................................................................................................................................................................................................................................................................................................................................................................................................................................................................................................................................................................................................................................................................................................................................................................................................................................................................................................................................................................................................................................................................................................................................................................................................................................................................................................................................................................................................................................................................................................................................................................................................................................................................................................................................................................................................................................................................................................................................................................................................................................................................................................................................................................................................................................................................................................................3 ms. Memory: 146944K Free: 92754K (63%)
3 ms. Memory: 146944K Free: 92754K (63%)
3 ms. Memory: 146944K Free: 91297K (62%)
5 ms. Memory: 146944K Free: 91297K (62%)
6 ms. Memory: 146944K Free: 90100K (61%)
/home/travis/build/icyphy/ptII/ptolemy/actor/lib/test/IIR.tcl
/home/travis/build/icyphy/ptII/ptolemy/actor/lib/test/Interpolator.tcl
8 ms. Memory: 146944K Free: 86508K (59%)
2 ms. Memory: 146944K Free: 85311K (58%)
2 ms. Memory: 146944K Free: 85311K (58%)
2 ms. Memory: 146944K Free: 85311K (58%)
9 ms. Memory: 146944K Free: 84114K (57%)
2 ms. Memory: 146944K Free: 82916K (56%)
2 ms. Memory: 146944K Free: 81719K (56%)
2 ms. Memory: 146944K Free: 81719K (56%)
2 ms. Memory: 146944K Free: 80522K (55%)
14 ms. Memory: 208384K Free: 200234K (96%)
/home/travis/build/icyphy/ptII/ptolemy/actor/lib/test/MathFunction.tcl
5 ms. Memory: 208384K Free: 197820K (95%)
3 ms. Memory: 208384K Free: 197820K (95%)
11 ms. Memory: 208384K Free: 197820K (95%)
2 ms. Memory: 208384K Free: 195406K (94%)
5 ms. Memory: 208384K Free: 195406K (94%)
7 ms. Memory: 208384K Free: 192992K (93%)
/home/travis/build/icyphy/ptII/ptolemy/actor/lib/test/Maximum.tcl
5 ms. Memory: 208384K Free: 190578K (91%)
4 ms. Memory: 208384K Free: 190578K (91%)
5 ms. Memory: 208384K Free: 190578K (91%)
6 ms. Memory: 208384K Free: 188164K (90%)
/home/travis/build/icyphy/ptII/ptolemy/actor/lib/test/Minimum.tcl
7 ms. Memory: 208384K Free: 188164K (90%)
4 ms. Memory: 208384K Free: 185750K (89%)
2 ms. Memory: 208384K Free: 185750K (89%)
2 ms. Memory: 208384K Free: 185750K (89%)
/home/travis/build/icyphy/ptII/ptolemy/actor/lib/test/MultiplyDivide.tcl
10 ms. Memory: 208384K Free: 183336K (88%)
6 ms. Memory: 208384K Free: 183336K (88%)
3 ms. Memory: 208384K Free: 180922K (87%)
6 ms. Memory: 208384K Free: 180922K (87%)
5 ms. Memory: 208384K Free: 180922K (87%)
/home/travis/build/icyphy/ptII/ptolemy/actor/lib/test/OrderedMerge.tcl
Connections changed on port: inputA
Connections changed on port: inputB
Connections changed on port: output
Connections changed on port: output
Connections changed on port: output
Connections changed on port: input
.top. Preinitializing ...
Invoking preinitialize():  .top.OrderedMerge
Called preinitialize()
Invoking preinitialize():  .top.Ramp
Called preinitialize()
Invoking preinitialize():  .top.Ramp2
Called preinitialize()
Invoking preinitialize():  .top.Test
Called preinitialize()
Connections changed on port: inputA
Connections changed on port: output
Connections changed on port: inputB
Connections changed on port: output
Connections changed on port: output
Connections changed on port: input
.top. Finished preinitialize().
Called initialize().
Invoking initialize():  .top.OrderedMerge
Initializing actor: .top.OrderedMerge
Adding a thread: .top.OrderedMerge
Invoking initialize():  .top.Ramp
Initializing actor: .top.Ramp
Adding a thread: .top.Ramp
Invoking initialize():  .top.Ramp2
Initializing actor: .top.Ramp2
Adding a thread: .top.Ramp2
Invoking initialize():  .top.Test
Initializing actor: .top.Test
Adding a thread: .top.Test
-- Starting thread.
Called initialize()
Called prefire()
Called fire()
-- Starting thread.
Called initialize()
Called prefire()
Called fire()
Called postfire()
Called prefire()
Called fire()
-- Starting thread.
Called initialize()
Called prefire()
Called fire()
Called postfire()
Called prefire()
Called fire()
Called fire().
Checking for deadlock:
There are 3 Blocked actors, 0 Stopped actors, and 4 active threads.
Waiting for actors to stop.
-- Starting thread.
Called initialize()
Called prefire()
Called fire()
Checking for deadlock:
There are 2 Blocked actors, 0 Stopped actors, and 4 active threads.
Waiting for actors to stop.
Called postfire()
Called prefire()
Called fire()
Checking for deadlock:
There are 3 Blocked actors, 0 Stopped actors, and 4 active threads.
Waiting for actors to stop.
Read input token from inputA with value 0.0
Next port to read input from is inputB
Called postfire()
Called prefire()
Called fire()
Checking for deadlock:
There are 2 Blocked actors, 0 Stopped actors, and 4 active threads.
Waiting for actors to stop.
Called postfire()
Called prefire()
Called fire()
Checking for deadlock:
There are 3 Blocked actors, 0 Stopped actors, and 4 active threads.
Waiting for actors to stop.
Read input token from inputB with value 0.0
Checking for deadlock:
There are 2 Blocked actors, 0 Stopped actors, and 4 active threads.
Waiting for actors to stop.
-- Read input: 0.0, which is expected to match: 0.0
Called prefire()
Called fire()
Checking for deadlock:
There are 3 Blocked actors, 0 Stopped actors, and 4 active threads.
Waiting for actors to stop.
Sent output token with value 0.0
Next port to read input from is inputA
Called postfire()
Called prefire()
Called fire()
Called postfire()
Called prefire()
Called fire()
Checking for deadlock:
There are 3 Blocked actors, 0 Stopped actors, and 4 active threads.
Waiting for actors to stop.
Read input token from inputA with value 1.0
-- Read input: 0.0, which is expected to match: 0.0
Called prefire()
Called fire()
Checking for deadlock:
There are 3 Blocked actors, 0 Stopped actors, and 4 active threads.
Waiting for actors to stop.
Sent output token with value 0.0
Next port to read input from is inputB
Called postfire()
Called prefire()
Called fire()
Checking for deadlock:
There are 2 Blocked actors, 0 Stopped actors, and 4 active threads.
Waiting for actors to stop.
Called postfire()
Called prefire()
Called fire()
Checking for deadlock:
There are 3 Blocked actors, 0 Stopped actors, and 4 active threads.
Waiting for actors to stop.
Read input token from inputB with value 1.5
Checking for deadlock:
There are 2 Blocked actors, 0 Stopped actors, and 4 active threads.
Waiting for actors to stop.
-- Read input: 1.0, which is expected to match: 1.0
Called prefire()
Called fire()
Checking for deadlock:
There are 3 Blocked actors, 0 Stopped actors, and 4 active threads.
Waiting for actors to stop.
Sent output token with value 1.0
Next port to read input from is inputA
Called postfire()
Called prefire()
Called fire()
Called postfire()
Called prefire()
Called fire()
Checking for deadlock:
There are 3 Blocked actors, 0 Stopped actors, and 4 active threads.
Waiting for actors to stop.
Read input token from inputA with value 2.0
-- Read input: 1.5, which is expected to match: 1.5
Called prefire()
Called fire()
Checking for deadlock:
There are 3 Blocked actors, 0 Stopped actors, and 4 active threads.
Waiting for actors to stop.
Sent output token with value 1.5
Next port to read input from is inputB
Called postfire()
Called prefire()
Called fire()
Checking for deadlock:
There are 2 Blocked actors, 0 Stopped actors, and 4 active threads.
Waiting for actors to stop.
Called postfire()
Called prefire()
Called fire()
Checking for deadlock:
There are 3 Blocked actors, 0 Stopped actors, and 4 active threads.
Waiting for actors to stop.
Read input token from inputB with value 3.0
Checking for deadlock:
There are 2 Blocked actors, 0 Stopped actors, and 4 active threads.
Waiting for actors to stop.
-- Read input: 2.0, which is expected to match: 2.0
Called prefire()
Called fire()
Checking for deadlock:
There are 3 Blocked actors, 0 Stopped actors, and 4 active threads.
Waiting for actors to stop.
Sent output token with value 2.0
Next port to read input from is inputA
Called postfire()
Called prefire()
Called fire()
Called postfire()
Called prefire()
Called fire()
Checking for deadlock:
There are 3 Blocked actors, 0 Stopped actors, and 4 active threads.
Waiting for actors to stop.
Read input token from inputA with value 3.0
-- Read input: 3.0, which is expected to match: 3.0
Called prefire()
Called fire()
Checking for deadlock:
There are 3 Blocked actors, 0 Stopped actors, and 4 active threads.
Waiting for actors to stop.
Sent output token with value 3.0
Next port to read input from is inputB
Called postfire()
Called prefire()
Called fire()
Checking for deadlock:
There are 2 Blocked actors, 0 Stopped actors, and 4 active threads.
Waiting for actors to stop.
Called postfire()
Called prefire()
Called fire()
Checking for deadlock:
There are 3 Blocked actors, 0 Stopped actors, and 4 active threads.
Waiting for actors to stop.
Read input token from inputB with value 4.5
Checking for deadlock:
There are 2 Blocked actors, 0 Stopped actors, and 4 active threads.
Waiting for actors to stop.
-- Read input: 3.0, which is expected to match: 3.0
Called prefire()
Called fire()
Checking for deadlock:
There are 3 Blocked actors, 0 Stopped actors, and 4 active threads.
Waiting for actors to stop.
Sent output token with value 3.0
Next port to read input from is inputA
Called postfire()
Called prefire()
Called fire()
Called postfire()
Called prefire()
Called fire()
Checking for deadlock:
There are 3 Blocked actors, 0 Stopped actors, and 4 active threads.
Waiting for actors to stop.
Read input token from inputA with value 4.0
-- Read input: 4.0, which is expected to match: 4.0
Called prefire()
Called fire()
Past the end of training data. Read and discard all inputs.
Checking for deadlock:
There are 3 Blocked actors, 0 Stopped actors, and 4 active threads.
Waiting for actors to stop.
Sent output token with value 4.0
Next port to read input from is inputA
Called postfire()
Called prefire()
Called fire()
Called postfire()
Called prefire()
Called fire()
Checking for deadlock:
There are 3 Blocked actors, 0 Stopped actors, and 4 active threads.
Waiting for actors to stop.
Read input token from inputA with value 5.0
Called prefire()
Called fire()
Past the end of training data. Read and discard all inputs.
Checking for deadlock:
There are 3 Blocked actors, 0 Stopped actors, and 4 active threads.
Waiting for actors to stop.
Sent output token with value 4.5
Next port to read input from is inputB
Called postfire()
Called prefire()
Called fire()
Checking for deadlock:
There are 2 Blocked actors, 0 Stopped actors, and 4 active threads.
Waiting for actors to stop.
Called postfire()
Called prefire()
Called fire()
Checking for deadlock:
There are 3 Blocked actors, 0 Stopped actors, and 4 active threads.
Waiting for actors to stop.
Read input token from inputB with value 6.0
Checking for deadlock:
There are 2 Blocked actors, 0 Stopped actors, and 4 active threads.
Waiting for actors to stop.
Called prefire()
Called fire()
Past the end of training data. Read and discard all inputs.
Checking for deadlock:
There are 3 Blocked actors, 0 Stopped actors, and 4 active threads.
Waiting for actors to stop.
Sent output token with value 5.0
Next port to read input from is inputA
Called postfire()
Called prefire()
Called fire()
Called postfire()
Called prefire()
Called fire()
Checking for deadlock:
There are 3 Blocked actors, 0 Stopped actors, and 4 active threads.
Waiting for actors to stop.
Read input token from inputA with value 6.0
Called prefire()
Called fire()
Past the end of training data. Read and discard all inputs.
Checking for deadlock:
There are 3 Blocked actors, 0 Stopped actors, and 4 active threads.
Waiting for actors to stop.
Sent output token with value 6.0
Next port to read input from is inputB
Called postfire()
Called prefire()
Called fire()
Checking for deadlock:
There are 2 Blocked actors, 0 Stopped actors, and 4 active threads.
Waiting for actors to stop.
Called postfire()
Called prefire()
Called fire()
Checking for deadlock:
There are 3 Blocked actors, 0 Stopped actors, and 4 active threads.
Waiting for actors to stop.
Read input token from inputB with value 7.5
Checking for deadlock:
There are 2 Blocked actors, 0 Stopped actors, and 4 active threads.
Waiting for actors to stop.
Called prefire()
Called fire()
Past the end of training data. Read and discard all inputs.
Checking for deadlock:
There are 3 Blocked actors, 0 Stopped actors, and 4 active threads.
Waiting for actors to stop.
Sent output token with value 6.0
Next port to read input from is inputA
Called postfire()
Called prefire()
Called fire()
Called postfire()
Called prefire()
Called fire()
Checking for deadlock:
There are 3 Blocked actors, 0 Stopped actors, and 4 active threads.
Waiting for actors to stop.
Read input token from inputA with value 7.0
Called prefire()
Called fire()
Past the end of training data. Read and discard all inputs.
Checking for deadlock:
There are 3 Blocked actors, 0 Stopped actors, and 4 active threads.
Waiting for actors to stop.
Sent output token with value 7.0
Next port to read input from is inputA
Called postfire()
Called prefire()
Called fire()
-- Thread wrapup() called.
Called wrapup()
Thread .top.Ramp is exiting.
-- Thread stopped.
Checking for deadlock:
There are 2 Blocked actors, 0 Stopped actors, and 3 active threads.
Waiting for actors to stop.
Read input token from inputA with value 8.0
Called prefire()
Called fire()
Past the end of training data. Read and discard all inputs.
Checking for deadlock:
There are 2 Blocked actors, 0 Stopped actors, and 3 active threads.
Waiting for actors to stop.
Sent output token with value 7.5
Next port to read input from is inputB
Called postfire()
Called prefire()
Called fire()
Checking for deadlock:
There are 1 Blocked actors, 0 Stopped actors, and 3 active threads.
Waiting for actors to stop.
Called postfire()
Called prefire()
Called fire()
Checking for deadlock:
There are 2 Blocked actors, 0 Stopped actors, and 3 active threads.
Waiting for actors to stop.
Read input token from inputB with value 9.0
Checking for deadlock:
There are 1 Blocked actors, 0 Stopped actors, and 3 active threads.
Waiting for actors to stop.
Called prefire()
Called fire()
Past the end of training data. Read and discard all inputs.
Checking for deadlock:
There are 2 Blocked actors, 0 Stopped actors, and 3 active threads.
Waiting for actors to stop.
Sent output token with value 8.0
Next port to read input from is inputA
Called postfire()
Called prefire()
Called fire()
Read input token from inputA with value 9.0
Checking for deadlock:
There are 1 Blocked actors, 0 Stopped actors, and 3 active threads.
Waiting for actors to stop.
Called prefire()
Called fire()
Past the end of training data. Read and discard all inputs.
Checking for deadlock:
There are 2 Blocked actors, 0 Stopped actors, and 3 active threads.
Waiting for actors to stop.
Sent output token with value 9.0
Next port to read input from is inputB
Called postfire()
Called prefire()
Called fire()
Checking for deadlock:
There are 1 Blocked actors, 0 Stopped actors, and 3 active threads.
Waiting for actors to stop.
Called postfire()
Called prefire()
Called fire()
Checking for deadlock:
There are 2 Blocked actors, 0 Stopped actors, and 3 active threads.
Waiting for actors to stop.
Read input token from inputB with value 10.5
Checking for deadlock:
There are 1 Blocked actors, 0 Stopped actors, and 3 active threads.
Waiting for actors to stop.
Called prefire()
Called fire()
Past the end of training data. Read and discard all inputs.
Checking for deadlock:
There are 2 Blocked actors, 0 Stopped actors, and 3 active threads.
Waiting for actors to stop.
Sent output token with value 9.0
Next port to read input from is inputA
Called postfire()
Called prefire()
Called fire()
Checking for deadlock:
There are 3 Blocked actors, 0 Stopped actors, and 3 active threads.
Actors have stopped.
Checking for deadlock:
There are 3 Blocked actors, 0 Stopped actors, and 3 active threads.
Deadlock detected.
Resolving Deadlock
Checking for deadlock:
There are 3 Blocked actors, 0 Stopped actors, and 3 active threads.
Artificial Deadlock - increasing queue capacity.
increasing the capacity of receiver ptolemy.actor.TypedIOPort {.top.OrderedMerge.inputB} to 2
Director: Called postfire().
Called postfire().
_stopRequested = false
_stopFireRequested = false
Returning from postfire(): true
Called fire().
Checking for deadlock:
There are 2 Blocked actors, 0 Stopped actors, and 3 active threads.
Waiting for actors to stop.
-- Thread wrapup() called.
Called wrapup()
Thread .top.Ramp2 is exiting.
-- Thread stopped.
Checking for deadlock:
There are 2 Blocked actors, 0 Stopped actors, and 2 active threads.
Actors have stopped.
Checking for deadlock:
There are 2 Blocked actors, 0 Stopped actors, and 2 active threads.
Deadlock detected.
Resolving Deadlock
Checking for deadlock:
There are 2 Blocked actors, 0 Stopped actors, and 2 active threads.
Deadlock detected: no processes blocked on write, but some are blocked on read.
Called postfire().
_stopRequested = false
_stopFireRequested = false
Returning from postfire(): false
Finished deactivating branches.
Called wrapup().
-- Thread wrapup() called.
Called wrapup()
Thread .top.Test is exiting.
-- Thread stopped.
-- Blocked Receiver call threw TerminateProcessException.
-- Thread wrapup() called.
Called wrapup()
Thread .top.OrderedMerge is exiting.
32 ms. Memory: 208384K Free: 173593K (83%)
.top. Preinitializing ...
Invoking preinitialize():  .top.OrderedMerge
Called preinitialize()
Invoking preinitialize():  .top.Ramp
Called preinitialize()
Invoking preinitialize():  .top.Ramp2
Called preinitialize()
Invoking preinitialize():  .top.Test
Called preinitialize()
.top. Finished preinitialize().
Called initialize().
Invoking initialize():  .top.OrderedMerge
Initializing actor: .top.OrderedMerge
Adding a thread: .top.OrderedMerge
Invoking initialize():  .top.Ramp
Initializing actor: .top.Ramp
Adding a thread: .top.Ramp
Invoking initialize():  .top.Ramp2
Initializing actor: .top.Ramp2
Adding a thread: .top.Ramp2
Invoking initialize():  .top.Test
Initializing actor: .top.Test
Adding a thread: .top.Test
-- Thread stopped.
-- Blocked Receiver call threw TerminateProcessException.
-- Starting thread.
Called initialize()
Called prefire()
Called fire()
-- Starting thread.
Called initialize()
Called prefire()
Called fire()
Called postfire()
Called prefire()
Called fire()
-- Starting thread.
Called initialize()
Called prefire()
Called fire()
Called postfire()
Called prefire()
Called fire()
Called fire().
Checking for deadlock:
There are 3 Blocked actors, 0 Stopped actors, and 4 active threads.
Waiting for actors to stop.
-- Starting thread.
Called initialize()
Called prefire()
Called fire()
Checking for deadlock:
There are 2 Blocked actors, 0 Stopped actors, and 4 active threads.
Waiting for actors to stop.
Read input token from inputA with value 0.0
Called postfire()
Called prefire()
Next port to read input from is inputB
Called fire()
Called postfire()
Called prefire()
Called fire()
Checking for deadlock:
Read input token from inputB with value 0.0
There are 2 Blocked actors, 0 Stopped actors, and 4 active threads.
Waiting for actors to stop.
Called postfire()
Called prefire()
Called fire()
Sent output token with value 0.0
Checking for deadlock:
There are 2 Blocked actors, 0 Stopped actors, and 4 active threads.
Next port to read input from is inputA
Waiting for actors to stop.
Called postfire()
Called prefire()
-- Read input: 0.0, which is expected to match: 0.0
Called prefire()
Called fire()
Checking for deadlock:
There are 3 Blocked actors, 0 Stopped actors, and 4 active threads.
Waiting for actors to stop.
Called fire()
Called postfire()
Called prefire()
Called fire()
Checking for deadlock:
There are 3 Blocked actors, 0 Stopped actors, and 4 active threads.
Waiting for actors to stop.
Read input token from inputA with value 1.0
Checking for deadlock:
Sent output token with value 0.0
There are 2 Blocked actors, 0 Stopped actors, and 4 active threads.
Waiting for actors to stop.
-- Read input: 0.0, which is expected to match: 0.0
Called prefire()
Called fire()
Next port to read input from is inputB
Called postfire()
Checking for deadlock:
Called prefire()
Called fire()
There are 3 Blocked actors, 0 Stopped actors, and 4 active threads.
Waiting for actors to stop.
Checking for deadlock:
There are 2 Blocked actors, 0 Stopped actors, and 4 active threads.
Called postfire()
Called prefire()
Waiting for actors to stop.
Called fire()
Checking for deadlock:
There are 3 Blocked actors, 0 Stopped actors, and 4 active threads.
Waiting for actors to stop.
Read input token from inputB with value 1.5
Checking for deadlock:
There are 2 Blocked actors, 0 Stopped actors, and 4 active threads.
Waiting for actors to stop.
Sent output token with value 1.0
-- Read input: 1.0, which is expected to match: 1.0
Next port to read input from is inputA
Called postfire()
Called prefire()
Called prefire()
Called fire()
Called fire()
Called postfire()
Called prefire()
Called fire()
Checking for deadlock:
There are 3 Blocked actors, 0 Stopped actors, and 4 active threads.
Waiting for actors to stop.
Read input token from inputA with value 2.0
Sent output token with value 1.5
-- Read input: 1.5, which is expected to match: 1.5
Called prefire()
Called fire()
Checking for deadlock:
There are 3 Blocked actors, 0 Stopped actors, and 4 active threads.
Waiting for actors to stop.
Next port to read input from is inputB
Called postfire()
Called prefire()
Called fire()
Called postfire()
Called prefire()
Called fire()
Checking for deadlock:
There are 3 Blocked actors, 0 Stopped actors, and 4 active threads.
Waiting for actors to stop.
Read input token from inputB with value 3.0
-- Read input: 2.0, which is expected to match: 2.0
Called prefire()
Called fire()
Checking for deadlock:
There are 3 Blocked actors, 0 Stopped actors, and 4 active threads.
Waiting for actors to stop.
Sent output token with value 2.0
Next port to read input from is inputA
Called postfire()
Called prefire()
Called fire()
Called postfire()
Called prefire()
Called fire()
Checking for deadlock:
There are 3 Blocked actors, 0 Stopped actors, and 4 active threads.
Waiting for actors to stop.
Read input token from inputA with value 3.0
Sent output token with value 3.0
-- Read input: 3.0, which is expected to match: 3.0
Next port to read input from is inputB
Called postfire()
Called prefire()
Called prefire()
Called fire()
Called fire()
Checking for deadlock:
There are 2 Blocked actors, 0 Stopped actors, and 4 active threads.
Waiting for actors to stop.
Checking for deadlock:
There are 3 Blocked actors, 0 Stopped actors, and 4 active threads.
Waiting for actors to stop.
Called postfire()
Read input token from inputB with value 4.5
Checking for deadlock:
There are 2 Blocked actors, 0 Stopped actors, and 4 active threads.
Waiting for actors to stop.
Called prefire()
Called fire()
Checking for deadlock:
There are 2 Blocked actors, 0 Stopped actors, and 4 active threads.
Sent output token with value 3.0
Waiting for actors to stop.
Next port to read input from is inputA
Called postfire()
Called prefire()
Called fire()
-- Read input: 3.0, which is expected to match: 3.0
Called prefire()
Called fire()
Called postfire()
Called prefire()
Called fire()
Checking for deadlock:
There are 3 Blocked actors, 0 Stopped actors, and 4 active threads.
Waiting for actors to stop.
Read input token from inputA with value 4.0
Checking for deadlock:
There are 2 Blocked actors, 0 Stopped actors, and 4 active threads.
Waiting for actors to stop.
-- Read input: 4.0, which is expected to match: 4.0
Sent output token with value 4.0
Called prefire()
Next port to read input from is inputA
Called postfire()
Called fire()
Called prefire()
Called fire()
Past the end of training data. Read and discard all inputs.
Read input token from inputA with value 5.0
Checking for deadlock:
There are 2 Blocked actors, 0 Stopped actors, and 4 active threads.
Waiting for actors to stop.
Called postfire()
Called prefire()
Called fire()
Checking for deadlock:
There are 2 Blocked actors, 0 Stopped actors, and 4 active threads.
Waiting for actors to stop.
Called prefire()
Called fire()
Past the end of training data. Read and discard all inputs.
Sent output token with value 4.5
Checking for deadlock:
There are 3 Blocked actors, 0 Stopped actors, and 4 active threads.
Waiting for actors to stop.
Next port to read input from is inputB
Called postfire()
Called prefire()
Called fire()
Checking for deadlock:
There are 2 Blocked actors, 0 Stopped actors, and 4 active threads.
Waiting for actors to stop.
Called postfire()
Called prefire()
Called fire()
Checking for deadlock:
There are 3 Blocked actors, 0 Stopped actors, and 4 active threads.
Waiting for actors to stop.
Read input token from inputB with value 6.0
Checking for deadlock:
There are 2 Blocked actors, 0 Stopped actors, and 4 active threads.
Waiting for actors to stop.
Called prefire()
Called fire()
Past the end of training data. Read and discard all inputs.
Sent output token with value 5.0
Checking for deadlock:
There are 3 Blocked actors, 0 Stopped actors, and 4 active threads.
Waiting for actors to stop.
Next port to read input from is inputA
Called postfire()
Called prefire()
Called fire()
Checking for deadlock:
There are 2 Blocked actors, 0 Stopped actors, and 4 active threads.
Waiting for actors to stop.
Called postfire()
Called prefire()
Called fire()
Read input token from inputA with value 6.0
Checking for deadlock:
There are 3 Blocked actors, 0 Stopped actors, and 4 active threads.
Waiting for actors to stop.
Checking for deadlock:
There are 2 Blocked actors, 0 Stopped actors, and 4 active threads.
Waiting for actors to stop.
Called prefire()
Called fire()
Sent output token with value 6.0
Past the end of training data. Read and discard all inputs.
Checking for deadlock:
There are 3 Blocked actors, 0 Stopped actors, and 4 active threads.
Waiting for actors to stop.
Next port to read input from is inputB
Called postfire()
Called prefire()
Called fire()
Checking for deadlock:
There are 2 Blocked actors, 0 Stopped actors, and 4 active threads.
Waiting for actors to stop.
Called postfire()
Called prefire()
Called fire()
Checking for deadlock:
There are 3 Blocked actors, 0 Stopped actors, and 4 active threads.
Waiting for actors to stop.
Read input token from inputB with value 7.5
Checking for deadlock:
There are 2 Blocked actors, 0 Stopped actors, and 4 active threads.
Waiting for actors to stop.
Sent output token with value 6.0
Called prefire()
Called fire()
Past the end of training data. Read and discard all inputs.
Next port to read input from is inputA
Called postfire()
Called prefire()
Checking for deadlock:
There are 3 Blocked actors, 0 Stopped actors, and 4 active threads.
Waiting for actors to stop.
Called fire()
Checking for deadlock:
There are 2 Blocked actors, 0 Stopped actors, and 4 active threads.
Waiting for actors to stop.
Called postfire()
Read input token from inputA with value 7.0
Called prefire()
Called fire()
Sent output token with value 7.0
Called prefire()
Checking for deadlock:
There are 2 Blocked actors, 0 Stopped actors, and 4 active threads.
Called fire()
Waiting for actors to stop.
Past the end of training data. Read and discard all inputs.
Next port to read input from is inputA
Called postfire()
Checking for deadlock:
There are 3 Blocked actors, 0 Stopped actors, and 4 active threads.
Waiting for actors to stop.
Called prefire()
Called fire()
Checking for deadlock:
-- Thread wrapup() called.
There are 2 Blocked actors, 0 Stopped actors, and 4 active threads.
Called wrapup()
Waiting for actors to stop.
Thread .top.Ramp is exiting.
Read input token from inputA with value 8.0
-- Thread stopped.
Sent output token with value 7.5
Next port to read input from is inputB
Called postfire()
Called prefire()
Called fire()
Read input token from inputB with value 9.0
Called prefire()
Called fire()
Checking for deadlock:
There are 0 Blocked actors, 0 Stopped actors, and 3 active threads.
Waiting for actors to stop.
Past the end of training data. Read and discard all inputs.
Called postfire()
Called prefire()
Checking for deadlock:
Called fire()
There are 1 Blocked actors, 0 Stopped actors, and 3 active threads.
Waiting for actors to stop.
Checking for deadlock:
There are 2 Blocked actors, 0 Stopped actors, and 3 active threads.
Waiting for actors to stop.
Called prefire()
Called fire()
Past the end of training data. Read and discard all inputs.
Sent output token with value 8.0
Checking for deadlock:
Next port to read input from is inputA
Called postfire()
There are 2 Blocked actors, 0 Stopped actors, and 3 active threads.
Called prefire()
Waiting for actors to stop.
Called fire()
Read input token from inputA with value 9.0
Checking for deadlock:
There are 1 Blocked actors, 0 Stopped actors, and 3 active threads.
Sent output token with value 9.0
Waiting for actors to stop.
Called prefire()
Called fire()
Next port to read input from is inputB
Past the end of training data. Read and discard all inputs.
Called postfire()
Called prefire()
Checking for deadlock:
There are 2 Blocked actors, 0 Stopped actors, and 3 active threads.
Called fire()
Waiting for actors to stop.
Checking for deadlock:
There are 1 Blocked actors, 0 Stopped actors, and 3 active threads.
Called postfire()
Waiting for actors to stop.
Called prefire()
Called fire()
Checking for deadlock:
There are 2 Blocked actors, 0 Stopped actors, and 3 active threads.
Read input token from inputB with value 10.5
Waiting for actors to stop.
Checking for deadlock:
Sent output token with value 9.0
There are 1 Blocked actors, 0 Stopped actors, and 3 active threads.
Waiting for actors to stop.
Called prefire()
Next port to read input from is inputA
Called postfire()
Called fire()
Past the end of training data. Read and discard all inputs.
Called prefire()
Called fire()
Checking for deadlock:
There are 2 Blocked actors, 0 Stopped actors, and 3 active threads.
Waiting for actors to stop.
Checking for deadlock:
There are 3 Blocked actors, 0 Stopped actors, and 3 active threads.
Actors have stopped.
Checking for deadlock:
There are 3 Blocked actors, 0 Stopped actors, and 3 active threads.
Deadlock detected.
Resolving Deadlock
Checking for deadlock:
There are 3 Blocked actors, 0 Stopped actors, and 3 active threads.
Artificial Deadlock - increasing queue capacity.
increasing the capacity of receiver ptolemy.actor.TypedIOPort {.top.OrderedMerge.inputB} to 2
Director: Called postfire().
Called postfire().
_stopRequested = false
_stopFireRequested = false
Returning from postfire(): true
Called fire().
Checking for deadlock:
There are 2 Blocked actors, 0 Stopped actors, and 3 active threads.
Waiting for actors to stop.
-- Thread wrapup() called.
Called wrapup()
Thread .top.Ramp2 is exiting.
-- Thread stopped.
Checking for deadlock:
There are 2 Blocked actors, 0 Stopped actors, and 2 active threads.
Actors have stopped.
Checking for deadlock:
There are 2 Blocked actors, 0 Stopped actors, and 2 active threads.
Deadlock detected.
Resolving Deadlock
Checking for deadlock:
There are 2 Blocked actors, 0 Stopped actors, and 2 active threads.
Deadlock detected: no processes blocked on write, but some are blocked on read.
Called postfire().
_stopRequested = false
_stopFireRequested = false
Returning from postfire(): false
Finished deactivating branches.
Called wrapup().
-- Thread wrapup() called.
Called wrapup()
-- Thread wrapup() called.
Called wrapup()
Thread .top.OrderedMerge is exiting.
Thread .top.Test is exiting.
-- Thread stopped.
-- Thread stopped.
-- Blocked Receiver call threw TerminateProcessException.
-- Blocked Receiver call threw TerminateProcessException.
33 ms. Memory: 208384K Free: 168678K (81%)
/home/travis/build/icyphy/ptII/ptolemy/actor/lib/test/Publisher.tcl
13 ms. Memory: 208384K Free: 161436K (77%)
5 ms. Memory: 208384K Free: 156608K (75%)
6 ms. Memory: 208384K Free: 151780K (73%)
6 ms. Memory: 208384K Free: 149366K (72%)
4 ms. Memory: 208384K Free: 149366K (72%)
8 ms. Memory: 208384K Free: 149366K (72%)
2 ms. Memory: 208384K Free: 146952K (71%)
4 ms. Memory: 208384K Free: 146952K (71%)
1 ms. Memory: 208384K Free: 137296K (66%)
3 ms. Memory: 208384K Free: 134882K (65%)
3 ms. Memory: 208384K Free: 132468K (64%)
2 ms. Memory: 208384K Free: 130054K (62%)
23 ms. Memory: 208384K Free: 122812K (59%)
5 ms. Memory: 208384K Free: 113157K (54%)
4 ms. Memory: 208384K Free: 101087K (49%)
/home/travis/build/icyphy/ptII/ptolemy/actor/lib/test/Pulse.tcl
2 ms. Memory: 208384K Free: 179752K (86%)
1 ms. Memory: 208384K Free: 179752K (86%)
1 ms. Memory: 208384K Free: 177367K (85%)
1 ms. Memory: 208384K Free: 177367K (85%)
1 ms. Memory: 208384K Free: 177367K (85%)
1 ms. Memory: 208384K Free: 177367K (85%)
2 ms. Memory: 208384K Free: 174982K (84%)
1 ms. Memory: 208384K Free: 174982K (84%)
1 ms. Memory: 208384K Free: 174982K (84%)
/home/travis/build/icyphy/ptII/ptolemy/actor/lib/test/Ramp.tcl
2 ms. Memory: 208384K Free: 172597K (83%)
2 ms. Memory: 208384K Free: 170212K (82%)
1 ms. Memory: 208384K Free: 170212K (82%)
2 ms. Memory: 208384K Free: 170212K (82%)
3 ms. Memory: 208384K Free: 167827K (81%)
4 ms. Memory: 208384K Free: 167827K (81%)
4 ms. Memory: 208384K Free: 167827K (81%)
5 actors
6000 microseconds per iteration to create
5 ms. Memory: 208384K Free: 165442K (79%)
1 ms. Memory: 208384K Free: 163057K (78%)
1 ms. Memory: 208384K Free: 163057K (78%)
1 ms. Memory: 208384K Free: 163057K (78%)
50 actors
26000 microseconds per iteration to create
25 ms. Memory: 208384K Free: 146142K (70%)
6 ms. Memory: 208384K Free: 146142K (70%)
5 ms. Memory: 208384K Free: 143757K (69%)
6 ms. Memory: 208384K Free: 143757K (69%)
500 actors
1346000 microseconds per iteration to create
250 ms. Memory: 331776K Free: 214973K (65%)
39 ms. Memory: 331776K Free: 210187K (63%)
57 ms. Memory: 331776K Free: 205401K (62%)
51 ms. Memory: 331776K Free: 200615K (60%)
/home/travis/build/icyphy/ptII/ptolemy/actor/lib/test/RampContinuous.tcl
9 ms. Memory: 331776K Free: 200615K (60%)
/home/travis/build/icyphy/ptII/ptolemy/actor/lib/test/RecordAssembler.tcl
5 ms. Memory: 331776K Free: 195829K (59%)
4 ms. Memory: 331776K Free: 195829K (59%)
/home/travis/build/icyphy/ptII/ptolemy/actor/lib/test/RecordDisassembler.tcl
6 ms. Memory: 331776K Free: 195829K (59%)
5 ms. Memory: 331776K Free: 191043K (58%)
3 ms. Memory: 331776K Free: 191043K (58%)
/home/travis/build/icyphy/ptII/ptolemy/actor/lib/test/Scale.tcl
2 ms. Memory: 331776K Free: 191043K (58%)
1 ms. Memory: 331776K Free: 191043K (58%)
2 ms. Memory: 331776K Free: 186248K (56%)
1 ms. Memory: 331776K Free: 186248K (56%)
2 ms. Memory: 331776K Free: 186248K (56%)
/home/travis/build/icyphy/ptII/ptolemy/actor/lib/test/SequentialClock.tcl
preinitializing
resolving types
initializing
executing number 1
wrapping up
idle
2 ms. Memory: 331776K Free: 186248K (56%)
Completed execution with 5 iterations
preinitializing
resolving types
initializing
executing number 1
wrapping up
idle
1 ms. Memory: 331776K Free: 186248K (56%)
Completed execution with 5 iterations
preinitializing
resolving types
initializing
executing number 1
wrapping up
idle
3 ms. Memory: 331776K Free: 186248K (56%)
Completed execution with 5 iterations
/home/travis/build/icyphy/ptII/ptolemy/actor/lib/test/SetVariable.tcl
5 ms. Memory: 331776K Free: 181462K (55%)
/home/travis/build/icyphy/ptII/ptolemy/actor/lib/test/Sinewave.tcl
/home/travis/build/icyphy/ptII/ptolemy/actor/lib/test/SubscriptionAggregator.tcl
4 ms. Memory: 331776K Free: 167072K (50%)
3 ms. Memory: 331776K Free: 167072K (50%)
1 ms. Memory: 331776K Free: 167072K (50%)
1 ms. Memory: 331776K Free: 167072K (50%)
1 ms. Memory: 331776K Free: 162270K (49%)
4 ms. Memory: 331776K Free: 162270K (49%)
...............................................................825 ms. Memory: 579072K Free: 363847K (63%)
/home/travis/build/icyphy/ptII/ptolemy/actor/lib/test/Test.tcl
 The next command will produce a warning about training mode,
   which may be ignored.
3 ms. Memory: 579072K Free: 363847K (63%)
1 ms. Memory: 579072K Free: 363847K (63%)
1 ms. Memory: 579072K Free: 363847K (63%)
1 ms. Memory: 579072K Free: 363847K (63%)
3 ms. Memory: 579072K Free: 363847K (63%)
2 ms. Memory: 579072K Free: 363847K (63%)
3 ms. Memory: 579072K Free: 363847K (63%)
 The next command will produce a warning about training mode,
   which may be ignored.
6 ms. Memory: 579072K Free: 354196K (61%)
 The next command will produce a warning about training mode,
   which may be ignored.
2 ms. Memory: 579072K Free: 354196K (61%)
1 ms. Memory: 579072K Free: 354196K (61%)
0 ms. Memory: 579072K Free: 354196K (61%)
5 ms. Memory: 579072K Free: 354196K (61%)
2 ms. Memory: 579072K Free: 354196K (61%)
5 ms. Memory: 579072K Free: 344556K (60%)
/home/travis/build/icyphy/ptII/ptolemy/actor/lib/test/TestExceptionHandler.tcl
 The next command will produce a warning about training mode,
   which may be ignored.
1 ms. Memory: 579072K Free: 344556K (60%)
1 ms. Memory: 579072K Free: 344556K (60%)
0 ms. Memory: 579072K Free: 344556K (60%)
/home/travis/build/icyphy/ptII/ptolemy/actor/lib/test/UnionDisassembler.tcl
25 ms. Memory: 579072K Free: 334916K (58%)
/home/travis/build/icyphy/ptII/ptolemy/actor/lib/test/VariableClock.tcl
preinitializing
resolving types
initializing
executing number 1
wrapping up
idle
8 ms. Memory: 579072K Free: 334916K (58%)
Completed execution with 11 iterations
preinitializing
resolving types
initializing
executing number 1
wrapping up
idle
7 ms. Memory: 579072K Free: 334916K (58%)
Completed execution with 10 iterations
10/19/18 02:33:05
Failed: 0  Total Tests: 234  ((Passed: 234, Newly Passed: 0)  Known Failed: 0) /home/travis/build/icyphy/ptII/ptolemy/actor/lib/test
----------------- testing (KnownFailure) /home/travis/build/icyphy/ptII/ptolemy/actor/lib/test/auto/knownFailedTests/PublisherPortToplevelSubscriber.xml
0 ms. Memory: 579072K Free: 325188K (56%)
Known Failure: java.lang.reflect.InvocationTargetException
----------------- testing (KnownFailure) /home/travis/build/icyphy/ptII/ptolemy/actor/lib/test/auto/knownFailedTests/PublisherSubscriberPortToplevel.xml
0 ms. Memory: 579072K Free: 305732K (53%)
Known Failure: java.lang.reflect.InvocationTargetException
----------------- testing (KnownFailure) /home/travis/build/icyphy/ptII/ptolemy/actor/lib/test/auto/knownFailedTests/PublisherSubscriptionAggregatorPort.xml
2 ms. Memory: 579072K Free: 286275K (49%)
Known Failure: java.lang.reflect.InvocationTargetException
----------------- testing (KnownFailure) /home/travis/build/icyphy/ptII/ptolemy/actor/lib/test/auto/knownFailedTests/sizedarray3.xml
4 ms. Memory: 579072K Free: 266819K (46%)
Known Failure: java.lang.reflect.InvocationTargetException
No auto/linux-amd64/*.xml tests in /home/travis/build/icyphy/ptII/ptolemy/actor/lib/test
AutoTests.java: About to close Vertx.
AutoTests.java: Vertx closed.

===========================================================================================
----------------- testing Fri Oct 19 02:33:05 UTC 2018 /home/travis/build/icyphy/ptII/ptolemy/actor/lib/test/auto/AbsoluteValue.xml
----------------- Instantiating /home/travis/build/icyphy/ptII/ptolemy/actor/lib/test/auto/AbsoluteValue.xml
12 ms. Memory: 579072K Free: 179518K (31%)
----------------- Invoking toplevel() on ptolemy.moml.MoMLSimpleApplication@1d1385e7
----------------- Done invoking toplevel() on ptolemy.moml.MoMLSimpleApplication@1d1385e7
reloadAllAccessors: .AbsoluteValue

===========================================================================================
----------------- testing Fri Oct 19 02:33:05 UTC 2018 /home/travis/build/icyphy/ptII/ptolemy/actor/lib/test/auto/AbsoluteValue2.xml
----------------- Instantiating /home/travis/build/icyphy/ptII/ptolemy/actor/lib/test/auto/AbsoluteValue2.xml
15 ms. Memory: 579072K Free: 164910K (28%)
----------------- Invoking toplevel() on ptolemy.moml.MoMLSimpleApplication@7bc61cc0
----------------- Done invoking toplevel() on ptolemy.moml.MoMLSimpleApplication@7bc61cc0
reloadAllAccessors: .AbsoluteValue2

===========================================================================================
----------------- testing Fri Oct 19 02:33:05 UTC 2018 /home/travis/build/icyphy/ptII/ptolemy/actor/lib/test/auto/Accumulator.xml
----------------- Instantiating /home/travis/build/icyphy/ptII/ptolemy/actor/lib/test/auto/Accumulator.xml
14 ms. Memory: 579072K Free: 155182K (27%)
----------------- Invoking toplevel() on ptolemy.moml.MoMLSimpleApplication@19be83a2
----------------- Done invoking toplevel() on ptolemy.moml.MoMLSimpleApplication@19be83a2
reloadAllAccessors: .Accumulator

===========================================================================================
----------------- testing Fri Oct 19 02:33:05 UTC 2018 /home/travis/build/icyphy/ptII/ptolemy/actor/lib/test/auto/Accumulator2.xml
----------------- Instantiating /home/travis/build/icyphy/ptII/ptolemy/actor/lib/test/auto/Accumulator2.xml
7 ms. Memory: 579072K Free: 145454K (25%)
----------------- Invoking toplevel() on ptolemy.moml.MoMLSimpleApplication@6b55048d
----------------- Done invoking toplevel() on ptolemy.moml.MoMLSimpleApplication@6b55048d
reloadAllAccessors: .Accumulator2

===========================================================================================
----------------- testing Fri Oct 19 02:33:06 UTC 2018 /home/travis/build/icyphy/ptII/ptolemy/actor/lib/test/auto/Accumulator3.xml
----------------- Instantiating /home/travis/build/icyphy/ptII/ptolemy/actor/lib/test/auto/Accumulator3.xml
3 ms. Memory: 579072K Free: 126086K (22%)
----------------- Invoking toplevel() on ptolemy.moml.MoMLSimpleApplication@28b6182b
----------------- Done invoking toplevel() on ptolemy.moml.MoMLSimpleApplication@28b6182b
reloadAllAccessors: .Accumulator3

===========================================================================================
----------------- testing Fri Oct 19 02:33:06 UTC 2018 /home/travis/build/icyphy/ptII/ptolemy/actor/lib/test/auto/ArrayAppend.xml
----------------- Instantiating /home/travis/build/icyphy/ptII/ptolemy/actor/lib/test/auto/ArrayAppend.xml
9 ms. Memory: 579072K Free: 116358K (20%)
----------------- Invoking toplevel() on ptolemy.moml.MoMLSimpleApplication@7e081a11
----------------- Done invoking toplevel() on ptolemy.moml.MoMLSimpleApplication@7e081a11
reloadAllAccessors: .ArrayAppend

===========================================================================================
----------------- testing Fri Oct 19 02:33:06 UTC 2018 /home/travis/build/icyphy/ptII/ptolemy/actor/lib/test/auto/ArrayAppend2.xml
----------------- Instantiating /home/travis/build/icyphy/ptII/ptolemy/actor/lib/test/auto/ArrayAppend2.xml
342 ms. Memory: 581120K Free: 516414K (89%)
----------------- Invoking toplevel() on ptolemy.moml.MoMLSimpleApplication@20ab4756
----------------- Done invoking toplevel() on ptolemy.moml.MoMLSimpleApplication@20ab4756
reloadAllAccessors: .ArrayAppend2

===========================================================================================
----------------- testing Fri Oct 19 02:33:06 UTC 2018 /home/travis/build/icyphy/ptII/ptolemy/actor/lib/test/auto/ArrayAppend3.xml
----------------- Instantiating /home/travis/build/icyphy/ptII/ptolemy/actor/lib/test/auto/ArrayAppend3.xml
3 ms. Memory: 581120K Free: 499321K (86%)
----------------- Invoking toplevel() on ptolemy.moml.MoMLSimpleApplication@7e1ccd4c
----------------- Done invoking toplevel() on ptolemy.moml.MoMLSimpleApplication@7e1ccd4c
reloadAllAccessors: .ArrayAppend3

===========================================================================================
----------------- testing Fri Oct 19 02:33:06 UTC 2018 /home/travis/build/icyphy/ptII/ptolemy/actor/lib/test/auto/ArrayAppend4.xml
----------------- Instantiating /home/travis/build/icyphy/ptII/ptolemy/actor/lib/test/auto/ArrayAppend4.xml
11 ms. Memory: 581120K Free: 492835K (85%)
----------------- Invoking toplevel() on ptolemy.moml.MoMLSimpleApplication@684635d6
----------------- Done invoking toplevel() on ptolemy.moml.MoMLSimpleApplication@684635d6
reloadAllAccessors: .ArrayAppend4

===========================================================================================
----------------- testing Fri Oct 19 02:33:06 UTC 2018 /home/travis/build/icyphy/ptII/ptolemy/actor/lib/test/auto/ArrayAppend5.xml
----------------- Instantiating /home/travis/build/icyphy/ptII/ptolemy/actor/lib/test/auto/ArrayAppend5.xml
2 ms. Memory: 581120K Free: 486350K (84%)
----------------- Invoking toplevel() on ptolemy.moml.MoMLSimpleApplication@7ae9aeff
----------------- Done invoking toplevel() on ptolemy.moml.MoMLSimpleApplication@7ae9aeff
reloadAllAccessors: .ArrayAppend5

===========================================================================================
----------------- testing Fri Oct 19 02:33:06 UTC 2018 /home/travis/build/icyphy/ptII/ptolemy/actor/lib/test/auto/ArrayAppend6.xml
----------------- Instantiating /home/travis/build/icyphy/ptII/ptolemy/actor/lib/test/auto/ArrayAppend6.xml
4 ms. Memory: 581120K Free: 471843K (81%)
----------------- Invoking toplevel() on ptolemy.moml.MoMLSimpleApplication@655a15df
----------------- Done invoking toplevel() on ptolemy.moml.MoMLSimpleApplication@655a15df
reloadAllAccessors: .ArrayAppend6

===========================================================================================
----------------- testing Fri Oct 19 02:33:06 UTC 2018 /home/travis/build/icyphy/ptII/ptolemy/actor/lib/test/auto/ArrayAppendPerformanceTest.xml
----------------- Instantiating /home/travis/build/icyphy/ptII/ptolemy/actor/lib/test/auto/ArrayAppendPerformanceTest.xml
14 ms. Memory: 581120K Free: 458856K (79%)
----------------- Invoking toplevel() on ptolemy.moml.MoMLSimpleApplication@5c97bc08
----------------- Done invoking toplevel() on ptolemy.moml.MoMLSimpleApplication@5c97bc08
reloadAllAccessors: .ArrayAppendPerformanceTest

===========================================================================================
----------------- testing Fri Oct 19 02:33:06 UTC 2018 /home/travis/build/icyphy/ptII/ptolemy/actor/lib/test/auto/ArrayAppendWithEmptyInput.xml
----------------- Instantiating /home/travis/build/icyphy/ptII/ptolemy/actor/lib/test/auto/ArrayAppendWithEmptyInput.xml
21 ms. Memory: 581120K Free: 449112K (77%)
----------------- Invoking toplevel() on ptolemy.moml.MoMLSimpleApplication@5e445e68
----------------- Done invoking toplevel() on ptolemy.moml.MoMLSimpleApplication@5e445e68
reloadAllAccessors: .ArrayAppendWithEmptyInput

===========================================================================================
----------------- testing Fri Oct 19 02:33:06 UTC 2018 /home/travis/build/icyphy/ptII/ptolemy/actor/lib/test/auto/ArrayAverage.xml
----------------- Instantiating /home/travis/build/icyphy/ptII/ptolemy/actor/lib/test/auto/ArrayAverage.xml
8 ms. Memory: 581120K Free: 439368K (76%)
----------------- Invoking toplevel() on ptolemy.moml.MoMLSimpleApplication@3d7df755
----------------- Done invoking toplevel() on ptolemy.moml.MoMLSimpleApplication@3d7df755
reloadAllAccessors: .ArrayAverage

===========================================================================================
----------------- testing Fri Oct 19 02:33:06 UTC 2018 /home/travis/build/icyphy/ptII/ptolemy/actor/lib/test/auto/ArrayContains.xml
----------------- Instantiating /home/travis/build/icyphy/ptII/ptolemy/actor/lib/test/auto/ArrayContains.xml
2 ms. Memory: 581120K Free: 421603K (73%)
----------------- Invoking toplevel() on ptolemy.moml.MoMLSimpleApplication@a37ef61
----------------- Done invoking toplevel() on ptolemy.moml.MoMLSimpleApplication@a37ef61
reloadAllAccessors: .ArrayContains

===========================================================================================
----------------- testing Fri Oct 19 02:33:06 UTC 2018 /home/travis/build/icyphy/ptII/ptolemy/actor/lib/test/auto/ArrayElement.xml
----------------- Instantiating /home/travis/build/icyphy/ptII/ptolemy/actor/lib/test/auto/ArrayElement.xml
5 ms. Memory: 581120K Free: 415118K (71%)
----------------- Invoking toplevel() on ptolemy.moml.MoMLSimpleApplication@432b8e0
----------------- Done invoking toplevel() on ptolemy.moml.MoMLSimpleApplication@432b8e0
reloadAllAccessors: .ArrayElement

===========================================================================================
----------------- testing Fri Oct 19 02:33:06 UTC 2018 /home/travis/build/icyphy/ptII/ptolemy/actor/lib/test/auto/ArrayElementAsMatrix.xml
----------------- Instantiating /home/travis/build/icyphy/ptII/ptolemy/actor/lib/test/auto/ArrayElementAsMatrix.xml
17 ms. Memory: 581120K Free: 405389K (70%)
----------------- Invoking toplevel() on ptolemy.moml.MoMLSimpleApplication@2aba4b1f
----------------- Done invoking toplevel() on ptolemy.moml.MoMLSimpleApplication@2aba4b1f
reloadAllAccessors: .ArrayElementAsMatrix

===========================================================================================
----------------- testing Fri Oct 19 02:33:06 UTC 2018 /home/travis/build/icyphy/ptII/ptolemy/actor/lib/test/auto/ArrayElementI.xml
----------------- Instantiating /home/travis/build/icyphy/ptII/ptolemy/actor/lib/test/auto/ArrayElementI.xml
3 ms. Memory: 581120K Free: 390874K (67%)
----------------- Invoking toplevel() on ptolemy.moml.MoMLSimpleApplication@48dc6c22
----------------- Done invoking toplevel() on ptolemy.moml.MoMLSimpleApplication@48dc6c22
reloadAllAccessors: .ArrayElementI

===========================================================================================
----------------- testing Fri Oct 19 02:33:06 UTC 2018 /home/travis/build/icyphy/ptII/ptolemy/actor/lib/test/auto/ArrayExtract.xml
----------------- Instantiating /home/travis/build/icyphy/ptII/ptolemy/actor/lib/test/auto/ArrayExtract.xml
10 ms. Memory: 581120K Free: 381130K (66%)
----------------- Invoking toplevel() on ptolemy.moml.MoMLSimpleApplication@5f3d886f
----------------- Done invoking toplevel() on ptolemy.moml.MoMLSimpleApplication@5f3d886f
reloadAllAccessors: .ArrayExtract

===========================================================================================
----------------- testing Fri Oct 19 02:33:07 UTC 2018 /home/travis/build/icyphy/ptII/ptolemy/actor/lib/test/auto/ArrayExtract2.xml
----------------- Instantiating /home/travis/build/icyphy/ptII/ptolemy/actor/lib/test/auto/ArrayExtract2.xml
3 ms. Memory: 581120K Free: 374645K (64%)
----------------- Invoking toplevel() on ptolemy.moml.MoMLSimpleApplication@51abf25c
----------------- Done invoking toplevel() on ptolemy.moml.MoMLSimpleApplication@51abf25c
reloadAllAccessors: .ArrayExtract2

===========================================================================================
----------------- testing Fri Oct 19 02:33:07 UTC 2018 /home/travis/build/icyphy/ptII/ptolemy/actor/lib/test/auto/ArrayLength.xml
----------------- Instantiating /home/travis/build/icyphy/ptII/ptolemy/actor/lib/test/auto/ArrayLength.xml
9 ms. Memory: 581120K Free: 368159K (63%)
----------------- Invoking toplevel() on ptolemy.moml.MoMLSimpleApplication@5eff53cf
----------------- Done invoking toplevel() on ptolemy.moml.MoMLSimpleApplication@5eff53cf
reloadAllAccessors: .ArrayLength

===========================================================================================
----------------- testing Fri Oct 19 02:33:07 UTC 2018 /home/travis/build/icyphy/ptII/ptolemy/actor/lib/test/auto/ArrayLevelCrossing.xml
----------------- Instantiating /home/travis/build/icyphy/ptII/ptolemy/actor/lib/test/auto/ArrayLevelCrossing.xml
8 ms. Memory: 581120K Free: 350409K (60%)
----------------- Invoking toplevel() on ptolemy.moml.MoMLSimpleApplication@54cec195
----------------- Done invoking toplevel() on ptolemy.moml.MoMLSimpleApplication@54cec195
reloadAllAccessors: .ArrayLevelCrossing

===========================================================================================
----------------- testing Fri Oct 19 02:33:07 UTC 2018 /home/travis/build/icyphy/ptII/ptolemy/actor/lib/test/auto/ArrayLevelCrossing2.xml
----------------- Instantiating /home/travis/build/icyphy/ptII/ptolemy/actor/lib/test/auto/ArrayLevelCrossing2.xml
2 ms. Memory: 581120K Free: 340665K (59%)
----------------- Invoking toplevel() on ptolemy.moml.MoMLSimpleApplication@5801e5ad
----------------- Done invoking toplevel() on ptolemy.moml.MoMLSimpleApplication@5801e5ad
reloadAllAccessors: .ArrayLevelCrossing2

===========================================================================================
----------------- testing Fri Oct 19 02:33:07 UTC 2018 /home/travis/build/icyphy/ptII/ptolemy/actor/lib/test/auto/ArrayPeakSearch.xml
----------------- Instantiating /home/travis/build/icyphy/ptII/ptolemy/actor/lib/test/auto/ArrayPeakSearch.xml
5 ms. Memory: 581120K Free: 327694K (56%)
----------------- Invoking toplevel() on ptolemy.moml.MoMLSimpleApplication@2c3148ae
----------------- Done invoking toplevel() on ptolemy.moml.MoMLSimpleApplication@2c3148ae
reloadAllAccessors: .ArrayPeakSearch

===========================================================================================
----------------- testing Fri Oct 19 02:33:07 UTC 2018 /home/travis/build/icyphy/ptII/ptolemy/actor/lib/test/auto/ArrayPeakSearch2.xml
----------------- Instantiating /home/travis/build/icyphy/ptII/ptolemy/actor/lib/test/auto/ArrayPeakSearch2.xml
6 ms. Memory: 581120K Free: 314692K (54%)
----------------- Invoking toplevel() on ptolemy.moml.MoMLSimpleApplication@2cfdf049
----------------- Done invoking toplevel() on ptolemy.moml.MoMLSimpleApplication@2cfdf049
reloadAllAccessors: .ArrayPeakSearch2

===========================================================================================
----------------- testing Fri Oct 19 02:33:07 UTC 2018 /home/travis/build/icyphy/ptII/ptolemy/actor/lib/test/auto/ArrayPeakSearch3.xml
----------------- Instantiating /home/travis/build/icyphy/ptII/ptolemy/actor/lib/test/auto/ArrayPeakSearch3.xml
3 ms. Memory: 581120K Free: 293684K (51%)
----------------- Invoking toplevel() on ptolemy.moml.MoMLSimpleApplication@2fd4f3b7
----------------- Done invoking toplevel() on ptolemy.moml.MoMLSimpleApplication@2fd4f3b7
reloadAllAccessors: .ArrayPeakSearch3

===========================================================================================
----------------- testing Fri Oct 19 02:33:07 UTC 2018 /home/travis/build/icyphy/ptII/ptolemy/actor/lib/test/auto/ArrayRemoveElement.xml
----------------- Instantiating /home/travis/build/icyphy/ptII/ptolemy/actor/lib/test/auto/ArrayRemoveElement.xml
2 ms. Memory: 581120K Free: 283948K (49%)
----------------- Invoking toplevel() on ptolemy.moml.MoMLSimpleApplication@3f3d63ba
----------------- Done invoking toplevel() on ptolemy.moml.MoMLSimpleApplication@3f3d63ba
reloadAllAccessors: .ArrayRemoveElement

===========================================================================================
----------------- testing Fri Oct 19 02:33:07 UTC 2018 /home/travis/build/icyphy/ptII/ptolemy/actor/lib/test/auto/ArraySort.xml
----------------- Instantiating /home/travis/build/icyphy/ptII/ptolemy/actor/lib/test/auto/ArraySort.xml
3 ms. Memory: 581120K Free: 270945K (47%)
----------------- Invoking toplevel() on ptolemy.moml.MoMLSimpleApplication@6cb01781
----------------- Done invoking toplevel() on ptolemy.moml.MoMLSimpleApplication@6cb01781
reloadAllAccessors: .ArraySort

===========================================================================================
----------------- testing Fri Oct 19 02:33:07 UTC 2018 /home/travis/build/icyphy/ptII/ptolemy/actor/lib/test/auto/ArraySum.xml
----------------- Instantiating /home/travis/build/icyphy/ptII/ptolemy/actor/lib/test/auto/ArraySum.xml
10 ms. Memory: 581120K Free: 253180K (44%)
----------------- Invoking toplevel() on ptolemy.moml.MoMLSimpleApplication@15096b46
----------------- Done invoking toplevel() on ptolemy.moml.MoMLSimpleApplication@15096b46
reloadAllAccessors: .ArraySum

===========================================================================================
----------------- testing Fri Oct 19 02:33:07 UTC 2018 /home/travis/build/icyphy/ptII/ptolemy/actor/lib/test/auto/ArrayToElements.xml
----------------- Instantiating /home/travis/build/icyphy/ptII/ptolemy/actor/lib/test/auto/ArrayToElements.xml
4 ms. Memory: 581120K Free: 243436K (42%)
----------------- Invoking toplevel() on ptolemy.moml.MoMLSimpleApplication@7a3f7b76
----------------- Done invoking toplevel() on ptolemy.moml.MoMLSimpleApplication@7a3f7b76
reloadAllAccessors: .ArrayToElements

===========================================================================================
----------------- testing Fri Oct 19 02:33:07 UTC 2018 /home/travis/build/icyphy/ptII/ptolemy/actor/lib/test/auto/ArrayToMatrix.xml
----------------- Instantiating /home/travis/build/icyphy/ptII/ptolemy/actor/lib/test/auto/ArrayToMatrix.xml
8 ms. Memory: 581120K Free: 223947K (39%)
----------------- Invoking toplevel() on ptolemy.moml.MoMLSimpleApplication@756e2229
----------------- Done invoking toplevel() on ptolemy.moml.MoMLSimpleApplication@756e2229
reloadAllAccessors: .ArrayToMatrix

===========================================================================================
----------------- testing Fri Oct 19 02:33:07 UTC 2018 /home/travis/build/icyphy/ptII/ptolemy/actor/lib/test/auto/ArrayUpdate1.xml
----------------- Instantiating /home/travis/build/icyphy/ptII/ptolemy/actor/lib/test/auto/ArrayUpdate1.xml
2 ms. Memory: 581120K Free: 217462K (37%)
----------------- Invoking toplevel() on ptolemy.moml.MoMLSimpleApplication@44e9766f
----------------- Done invoking toplevel() on ptolemy.moml.MoMLSimpleApplication@44e9766f
reloadAllAccessors: .ArrayUpdate1

===========================================================================================
----------------- testing Fri Oct 19 02:33:07 UTC 2018 /home/travis/build/icyphy/ptII/ptolemy/actor/lib/test/auto/ArrayUpdate2.xml
----------------- Instantiating /home/travis/build/icyphy/ptII/ptolemy/actor/lib/test/auto/ArrayUpdate2.xml
5 ms. Memory: 581120K Free: 199712K (34%)
----------------- Invoking toplevel() on ptolemy.moml.MoMLSimpleApplication@3c3bea03
----------------- Done invoking toplevel() on ptolemy.moml.MoMLSimpleApplication@3c3bea03
reloadAllAccessors: .ArrayUpdate2

===========================================================================================
----------------- testing Fri Oct 19 02:33:07 UTC 2018 /home/travis/build/icyphy/ptII/ptolemy/actor/lib/test/auto/ArrayUpdate3.xml
----------------- Instantiating /home/travis/build/icyphy/ptII/ptolemy/actor/lib/test/auto/ArrayUpdate3.xml
2 ms. Memory: 581120K Free: 193227K (33%)
----------------- Invoking toplevel() on ptolemy.moml.MoMLSimpleApplication@1d23279b
----------------- Done invoking toplevel() on ptolemy.moml.MoMLSimpleApplication@1d23279b
reloadAllAccessors: .ArrayUpdate3

===========================================================================================
----------------- testing Fri Oct 19 02:33:07 UTC 2018 /home/travis/build/icyphy/ptII/ptolemy/actor/lib/test/auto/Assert1.xml
----------------- Instantiating /home/travis/build/icyphy/ptII/ptolemy/actor/lib/test/auto/Assert1.xml
4 ms. Memory: 581120K Free: 186741K (32%)
----------------- Invoking toplevel() on ptolemy.moml.MoMLSimpleApplication@238a4ea6
----------------- Done invoking toplevel() on ptolemy.moml.MoMLSimpleApplication@238a4ea6
reloadAllAccessors: .Assert1

===========================================================================================
----------------- testing Fri Oct 19 02:33:07 UTC 2018 /home/travis/build/icyphy/ptII/ptolemy/actor/lib/test/auto/Assert2.xml
----------------- Instantiating /home/travis/build/icyphy/ptII/ptolemy/actor/lib/test/auto/Assert2.xml
19 ms. Memory: 581120K Free: 180256K (31%)
----------------- Invoking toplevel() on ptolemy.moml.MoMLSimpleApplication@75475483
----------------- Done invoking toplevel() on ptolemy.moml.MoMLSimpleApplication@75475483
reloadAllAccessors: .Assert2

===========================================================================================
----------------- testing Fri Oct 19 02:33:07 UTC 2018 /home/travis/build/icyphy/ptII/ptolemy/actor/lib/test/auto/BooleanMultiplexor.xml
----------------- Instantiating /home/travis/build/icyphy/ptII/ptolemy/actor/lib/test/auto/BooleanMultiplexor.xml
2 ms. Memory: 581120K Free: 162499K (28%)
----------------- Invoking toplevel() on ptolemy.moml.MoMLSimpleApplication@35af4ef3
----------------- Done invoking toplevel() on ptolemy.moml.MoMLSimpleApplication@35af4ef3
reloadAllAccessors: .BooleanMultiplexor

===========================================================================================
----------------- testing Fri Oct 19 02:33:07 UTC 2018 /home/travis/build/icyphy/ptII/ptolemy/actor/lib/test/auto/BooleanMultiplexor2.xml
----------------- Instantiating /home/travis/build/icyphy/ptII/ptolemy/actor/lib/test/auto/BooleanMultiplexor2.xml
4 ms. Memory: 581120K Free: 152763K (26%)
----------------- Invoking toplevel() on ptolemy.moml.MoMLSimpleApplication@61ac56bb
----------------- Done invoking toplevel() on ptolemy.moml.MoMLSimpleApplication@61ac56bb
reloadAllAccessors: .BooleanMultiplexor2

===========================================================================================
----------------- testing Fri Oct 19 02:33:07 UTC 2018 /home/travis/build/icyphy/ptII/ptolemy/actor/lib/test/auto/BooleanMultiplexor3.xml
----------------- Instantiating /home/travis/build/icyphy/ptII/ptolemy/actor/lib/test/auto/BooleanMultiplexor3.xml
5 ms. Memory: 581120K Free: 146277K (25%)
----------------- Invoking toplevel() on ptolemy.moml.MoMLSimpleApplication@3d7d1653
----------------- Done invoking toplevel() on ptolemy.moml.MoMLSimpleApplication@3d7d1653
reloadAllAccessors: .BooleanMultiplexor3

===========================================================================================
----------------- testing Fri Oct 19 02:33:07 UTC 2018 /home/travis/build/icyphy/ptII/ptolemy/actor/lib/test/auto/BooleanSelect.xml
----------------- Instantiating /home/travis/build/icyphy/ptII/ptolemy/actor/lib/test/auto/BooleanSelect.xml
11 ms. Memory: 581120K Free: 128512K (22%)
----------------- Invoking toplevel() on ptolemy.moml.MoMLSimpleApplication@3eabb07b
----------------- Done invoking toplevel() on ptolemy.moml.MoMLSimpleApplication@3eabb07b
reloadAllAccessors: .BooleanSelect

===========================================================================================
----------------- testing Fri Oct 19 02:33:07 UTC 2018 /home/travis/build/icyphy/ptII/ptolemy/actor/lib/test/auto/BooleanSelect2.xml
----------------- Instantiating /home/travis/build/icyphy/ptII/ptolemy/actor/lib/test/auto/BooleanSelect2.xml
1 ms. Memory: 581120K Free: 122027K (21%)
----------------- Invoking toplevel() on ptolemy.moml.MoMLSimpleApplication@3e3a4ce9
----------------- Done invoking toplevel() on ptolemy.moml.MoMLSimpleApplication@3e3a4ce9
reloadAllAccessors: .BooleanSelect2

===========================================================================================
----------------- testing Fri Oct 19 02:33:07 UTC 2018 /home/travis/build/icyphy/ptII/ptolemy/actor/lib/test/auto/BooleanSwitch.xml
----------------- Instantiating /home/travis/build/icyphy/ptII/ptolemy/actor/lib/test/auto/BooleanSwitch.xml
7 ms. Memory: 581120K Free: 112298K (19%)
----------------- Invoking toplevel() on ptolemy.moml.MoMLSimpleApplication@3a1700f6
----------------- Done invoking toplevel() on ptolemy.moml.MoMLSimpleApplication@3a1700f6
reloadAllAccessors: .BooleanSwitch

===========================================================================================
----------------- testing Fri Oct 19 02:33:07 UTC 2018 /home/travis/build/icyphy/ptII/ptolemy/actor/lib/test/auto/BooleanSwitch2.xml
----------------- Instantiating /home/travis/build/icyphy/ptII/ptolemy/actor/lib/test/auto/BooleanSwitch2.xml
1 ms. Memory: 581120K Free: 105813K (18%)
----------------- Invoking toplevel() on ptolemy.moml.MoMLSimpleApplication@2bad28b6
----------------- Done invoking toplevel() on ptolemy.moml.MoMLSimpleApplication@2bad28b6
reloadAllAccessors: .BooleanSwitch2

===========================================================================================
----------------- testing Fri Oct 19 02:33:07 UTC 2018 /home/travis/build/icyphy/ptII/ptolemy/actor/lib/test/auto/BooleanSwitchCloningBugWithClassRelationGroup.xml
----------------- Instantiating /home/travis/build/icyphy/ptII/ptolemy/actor/lib/test/auto/BooleanSwitchCloningBugWithClassRelationGroup.xml
2 ms. Memory: 581120K Free: 88055K (15%)
----------------- Invoking toplevel() on ptolemy.moml.MoMLSimpleApplication@13f2c164
----------------- Done invoking toplevel() on ptolemy.moml.MoMLSimpleApplication@13f2c164
reloadAllAccessors: .BooleanSwitchCloningBugWithClassRelationGroup

===========================================================================================
----------------- testing Fri Oct 19 02:33:07 UTC 2018 /home/travis/build/icyphy/ptII/ptolemy/actor/lib/test/auto/BusActors.xml
----------------- Instantiating /home/travis/build/icyphy/ptII/ptolemy/actor/lib/test/auto/BusActors.xml
4 ms. Memory: 581120K Free: 75069K (13%)
----------------- Invoking toplevel() on ptolemy.moml.MoMLSimpleApplication@537e3e4c
----------------- Done invoking toplevel() on ptolemy.moml.MoMLSimpleApplication@537e3e4c
reloadAllAccessors: .BusActors

===========================================================================================
----------------- testing Fri Oct 19 02:33:07 UTC 2018 /home/travis/build/icyphy/ptII/ptolemy/actor/lib/test/auto/ClassWrapper.xml
----------------- Instantiating /home/travis/build/icyphy/ptII/ptolemy/actor/lib/test/auto/ClassWrapper.xml
2 ms. Memory: 581120K Free: 68583K (12%)
----------------- Invoking toplevel() on ptolemy.moml.MoMLSimpleApplication@21f330a1
----------------- Done invoking toplevel() on ptolemy.moml.MoMLSimpleApplication@21f330a1
reloadAllAccessors: .ClassWrapper

===========================================================================================
----------------- testing Fri Oct 19 02:33:07 UTC 2018 /home/travis/build/icyphy/ptII/ptolemy/actor/lib/test/auto/Clock.xml
----------------- Instantiating /home/travis/build/icyphy/ptII/ptolemy/actor/lib/test/auto/Clock.xml
1 ms. Memory: 581120K Free: 54765K (9%)
----------------- Invoking toplevel() on ptolemy.moml.MoMLSimpleApplication@1a610022
----------------- Done invoking toplevel() on ptolemy.moml.MoMLSimpleApplication@1a610022
reloadAllAccessors: .Clock

===========================================================================================
----------------- testing Fri Oct 19 02:33:07 UTC 2018 /home/travis/build/icyphy/ptII/ptolemy/actor/lib/test/auto/Clock10.xml
----------------- Instantiating /home/travis/build/icyphy/ptII/ptolemy/actor/lib/test/auto/Clock10.xml
5 ms. Memory: 880128K Free: 828885K (94%)
----------------- Invoking toplevel() on ptolemy.moml.MoMLSimpleApplication@69d06774
----------------- Done invoking toplevel() on ptolemy.moml.MoMLSimpleApplication@69d06774
reloadAllAccessors: .Clock10

===========================================================================================
----------------- testing Fri Oct 19 02:33:07 UTC 2018 /home/travis/build/icyphy/ptII/ptolemy/actor/lib/test/auto/Clock11.xml
----------------- Instantiating /home/travis/build/icyphy/ptII/ptolemy/actor/lib/test/auto/Clock11.xml
2 ms. Memory: 880128K Free: 809114K (92%)
----------------- Invoking toplevel() on ptolemy.moml.MoMLSimpleApplication@6de5313e
----------------- Done invoking toplevel() on ptolemy.moml.MoMLSimpleApplication@6de5313e
reloadAllAccessors: .Clock11

===========================================================================================
----------------- testing Fri Oct 19 02:33:08 UTC 2018 /home/travis/build/icyphy/ptII/ptolemy/actor/lib/test/auto/Clock12.xml
----------------- Instantiating /home/travis/build/icyphy/ptII/ptolemy/actor/lib/test/auto/Clock12.xml
3 ms. Memory: 880128K Free: 798737K (91%)
----------------- Invoking toplevel() on ptolemy.moml.MoMLSimpleApplication@7f4d80b5
----------------- Done invoking toplevel() on ptolemy.moml.MoMLSimpleApplication@7f4d80b5
reloadAllAccessors: .Clock12

===========================================================================================
----------------- testing Fri Oct 19 02:33:08 UTC 2018 /home/travis/build/icyphy/ptII/ptolemy/actor/lib/test/auto/Clock13.xml
----------------- Instantiating /home/travis/build/icyphy/ptII/ptolemy/actor/lib/test/auto/Clock13.xml
5 ms. Memory: 880128K Free: 788361K (90%)
----------------- Invoking toplevel() on ptolemy.moml.MoMLSimpleApplication@4c22da58
----------------- Done invoking toplevel() on ptolemy.moml.MoMLSimpleApplication@4c22da58
reloadAllAccessors: .Clock13

===========================================================================================
----------------- testing Fri Oct 19 02:33:08 UTC 2018 /home/travis/build/icyphy/ptII/ptolemy/actor/lib/test/auto/Clock14.xml
----------------- Instantiating /home/travis/build/icyphy/ptII/ptolemy/actor/lib/test/auto/Clock14.xml
4 ms. Memory: 880128K Free: 777984K (88%)
----------------- Invoking toplevel() on ptolemy.moml.MoMLSimpleApplication@6419ff37
----------------- Done invoking toplevel() on ptolemy.moml.MoMLSimpleApplication@6419ff37
reloadAllAccessors: .Clock14

===========================================================================================
----------------- testing Fri Oct 19 02:33:08 UTC 2018 /home/travis/build/icyphy/ptII/ptolemy/actor/lib/test/auto/Clock15.xml
----------------- Instantiating /home/travis/build/icyphy/ptII/ptolemy/actor/lib/test/auto/Clock15.xml
2 ms. Memory: 880128K Free: 758213K (86%)
----------------- Invoking toplevel() on ptolemy.moml.MoMLSimpleApplication@67e97d92
----------------- Done invoking toplevel() on ptolemy.moml.MoMLSimpleApplication@67e97d92
reloadAllAccessors: .Clock15

===========================================================================================
----------------- testing Fri Oct 19 02:33:08 UTC 2018 /home/travis/build/icyphy/ptII/ptolemy/actor/lib/test/auto/Clock16.xml
----------------- Instantiating /home/travis/build/icyphy/ptII/ptolemy/actor/lib/test/auto/Clock16.xml
14 ms. Memory: 880128K Free: 737436K (84%)
----------------- Invoking toplevel() on ptolemy.moml.MoMLSimpleApplication@6abf40f
----------------- Done invoking toplevel() on ptolemy.moml.MoMLSimpleApplication@6abf40f
reloadAllAccessors: .Clock16

===========================================================================================
----------------- testing Fri Oct 19 02:33:08 UTC 2018 /home/travis/build/icyphy/ptII/ptolemy/actor/lib/test/auto/Clock17.xml
----------------- Instantiating /home/travis/build/icyphy/ptII/ptolemy/actor/lib/test/auto/Clock17.xml
11 ms. Memory: 880128K Free: 721855K (82%)
----------------- Invoking toplevel() on ptolemy.moml.MoMLSimpleApplication@1bcacd3c
----------------- Done invoking toplevel() on ptolemy.moml.MoMLSimpleApplication@1bcacd3c
reloadAllAccessors: .Clock17

===========================================================================================
----------------- testing Fri Oct 19 02:33:08 UTC 2018 /home/travis/build/icyphy/ptII/ptolemy/actor/lib/test/auto/Clock18.xml
----------------- Instantiating /home/travis/build/icyphy/ptII/ptolemy/actor/lib/test/auto/Clock18.xml
10 ms. Memory: 880128K Free: 706274K (80%)
----------------- Invoking toplevel() on ptolemy.moml.MoMLSimpleApplication@155634e1
----------------- Done invoking toplevel() on ptolemy.moml.MoMLSimpleApplication@155634e1
reloadAllAccessors: .Clock18

===========================================================================================
----------------- testing Fri Oct 19 02:33:08 UTC 2018 /home/travis/build/icyphy/ptII/ptolemy/actor/lib/test/auto/Clock19.xml
----------------- Instantiating /home/travis/build/icyphy/ptII/ptolemy/actor/lib/test/auto/Clock19.xml
8 ms. Memory: 880128K Free: 681299K (77%)
----------------- Invoking toplevel() on ptolemy.moml.MoMLSimpleApplication@4d0b37f6
----------------- Done invoking toplevel() on ptolemy.moml.MoMLSimpleApplication@4d0b37f6
reloadAllAccessors: .Clock19

===========================================================================================
----------------- testing Fri Oct 19 02:33:08 UTC 2018 /home/travis/build/icyphy/ptII/ptolemy/actor/lib/test/auto/Clock2.xml
----------------- Instantiating /home/travis/build/icyphy/ptII/ptolemy/actor/lib/test/auto/Clock2.xml
2 ms. Memory: 880128K Free: 670922K (76%)
----------------- Invoking toplevel() on ptolemy.moml.MoMLSimpleApplication@56fe148f
----------------- Done invoking toplevel() on ptolemy.moml.MoMLSimpleApplication@56fe148f
reloadAllAccessors: .Clock2

===========================================================================================
----------------- testing Fri Oct 19 02:33:08 UTC 2018 /home/travis/build/icyphy/ptII/ptolemy/actor/lib/test/auto/Clock20.xml
----------------- Instantiating /home/travis/build/icyphy/ptII/ptolemy/actor/lib/test/auto/Clock20.xml
4 ms. Memory: 880128K Free: 660546K (75%)
----------------- Invoking toplevel() on ptolemy.moml.MoMLSimpleApplication@6bfd7bd4
----------------- Done invoking toplevel() on ptolemy.moml.MoMLSimpleApplication@6bfd7bd4
reloadAllAccessors: .Clock20

===========================================================================================
----------------- testing Fri Oct 19 02:33:08 UTC 2018 /home/travis/build/icyphy/ptII/ptolemy/actor/lib/test/auto/Clock21.xml
----------------- Instantiating /home/travis/build/icyphy/ptII/ptolemy/actor/lib/test/auto/Clock21.xml
2 ms. Memory: 880128K Free: 650169K (74%)
----------------- Invoking toplevel() on ptolemy.moml.MoMLSimpleApplication@44cc2ee4
----------------- Done invoking toplevel() on ptolemy.moml.MoMLSimpleApplication@44cc2ee4
reloadAllAccessors: .Clock21

===========================================================================================
----------------- testing Fri Oct 19 02:33:08 UTC 2018 /home/travis/build/icyphy/ptII/ptolemy/actor/lib/test/auto/Clock22.xml
----------------- Instantiating /home/travis/build/icyphy/ptII/ptolemy/actor/lib/test/auto/Clock22.xml
2 ms. Memory: 880128K Free: 630398K (72%)
----------------- Invoking toplevel() on ptolemy.moml.MoMLSimpleApplication@2a9a97a9
----------------- Done invoking toplevel() on ptolemy.moml.MoMLSimpleApplication@2a9a97a9
reloadAllAccessors: .Clock22

===========================================================================================
----------------- testing Fri Oct 19 02:33:08 UTC 2018 /home/travis/build/icyphy/ptII/ptolemy/actor/lib/test/auto/Clock23.xml
----------------- Instantiating /home/travis/build/icyphy/ptII/ptolemy/actor/lib/test/auto/Clock23.xml
10 ms. Memory: 880128K Free: 620021K (70%)
----------------- Invoking toplevel() on ptolemy.moml.MoMLSimpleApplication@357b1f1f
----------------- Done invoking toplevel() on ptolemy.moml.MoMLSimpleApplication@357b1f1f
reloadAllAccessors: .Clock23

===========================================================================================
----------------- testing Fri Oct 19 02:33:08 UTC 2018 /home/travis/build/icyphy/ptII/ptolemy/actor/lib/test/auto/Clock24.xml
----------------- Instantiating /home/travis/build/icyphy/ptII/ptolemy/actor/lib/test/auto/Clock24.xml
4 ms. Memory: 880128K Free: 609645K (69%)
----------------- Invoking toplevel() on ptolemy.moml.MoMLSimpleApplication@757fd780
----------------- Done invoking toplevel() on ptolemy.moml.MoMLSimpleApplication@757fd780
reloadAllAccessors: .Clock24

===========================================================================================
----------------- testing Fri Oct 19 02:33:08 UTC 2018 /home/travis/build/icyphy/ptII/ptolemy/actor/lib/test/auto/Clock4.xml
----------------- Instantiating /home/travis/build/icyphy/ptII/ptolemy/actor/lib/test/auto/Clock4.xml
6 ms. Memory: 880128K Free: 599268K (68%)
----------------- Invoking toplevel() on ptolemy.moml.MoMLSimpleApplication@2ccd242d
----------------- Done invoking toplevel() on ptolemy.moml.MoMLSimpleApplication@2ccd242d
reloadAllAccessors: .Clock4

===========================================================================================
----------------- testing Fri Oct 19 02:33:08 UTC 2018 /home/travis/build/icyphy/ptII/ptolemy/actor/lib/test/auto/Clock5.xml
----------------- Instantiating /home/travis/build/icyphy/ptII/ptolemy/actor/lib/test/auto/Clock5.xml
5 ms. Memory: 880128K Free: 579497K (66%)
----------------- Invoking toplevel() on ptolemy.moml.MoMLSimpleApplication@76a60c6f
----------------- Done invoking toplevel() on ptolemy.moml.MoMLSimpleApplication@76a60c6f
reloadAllAccessors: .Clock5

===========================================================================================
----------------- testing Fri Oct 19 02:33:08 UTC 2018 /home/travis/build/icyphy/ptII/ptolemy/actor/lib/test/auto/Clock6.xml
----------------- Instantiating /home/travis/build/icyphy/ptII/ptolemy/actor/lib/test/auto/Clock6.xml
1 ms. Memory: 880128K Free: 569121K (65%)
----------------- Invoking toplevel() on ptolemy.moml.MoMLSimpleApplication@31c22647
----------------- Done invoking toplevel() on ptolemy.moml.MoMLSimpleApplication@31c22647
reloadAllAccessors: .Clock6

===========================================================================================
----------------- testing Fri Oct 19 02:33:08 UTC 2018 /home/travis/build/icyphy/ptII/ptolemy/actor/lib/test/auto/Clock7.xml
----------------- Instantiating /home/travis/build/icyphy/ptII/ptolemy/actor/lib/test/auto/Clock7.xml
2 ms. Memory: 880128K Free: 558744K (63%)
----------------- Invoking toplevel() on ptolemy.moml.MoMLSimpleApplication@77f98443
----------------- Done invoking toplevel() on ptolemy.moml.MoMLSimpleApplication@77f98443
reloadAllAccessors: .Clock7

===========================================================================================
----------------- testing Fri Oct 19 02:33:08 UTC 2018 /home/travis/build/icyphy/ptII/ptolemy/actor/lib/test/auto/Clock8.xml
----------------- Instantiating /home/travis/build/icyphy/ptII/ptolemy/actor/lib/test/auto/Clock8.xml
8 ms. Memory: 880128K Free: 548367K (62%)
----------------- Invoking toplevel() on ptolemy.moml.MoMLSimpleApplication@7b055cdf
----------------- Done invoking toplevel() on ptolemy.moml.MoMLSimpleApplication@7b055cdf
reloadAllAccessors: .Clock8

===========================================================================================
----------------- testing Fri Oct 19 02:33:08 UTC 2018 /home/travis/build/icyphy/ptII/ptolemy/actor/lib/test/auto/Clock9.xml
----------------- Instantiating /home/travis/build/icyphy/ptII/ptolemy/actor/lib/test/auto/Clock9.xml
6 ms. Memory: 880128K Free: 528596K (60%)
----------------- Invoking toplevel() on ptolemy.moml.MoMLSimpleApplication@304288bf
----------------- Done invoking toplevel() on ptolemy.moml.MoMLSimpleApplication@304288bf
reloadAllAccessors: .Clock9

===========================================================================================
----------------- testing Fri Oct 19 02:33:08 UTC 2018 /home/travis/build/icyphy/ptII/ptolemy/actor/lib/test/auto/CommDistDiscard.xml
----------------- Instantiating /home/travis/build/icyphy/ptII/ptolemy/actor/lib/test/auto/CommDistDiscard.xml
4 ms. Memory: 880128K Free: 518220K (59%)
----------------- Invoking toplevel() on ptolemy.moml.MoMLSimpleApplication@5b410748
----------------- Done invoking toplevel() on ptolemy.moml.MoMLSimpleApplication@5b410748
reloadAllAccessors: .CommDistDiscard

===========================================================================================
----------------- testing Fri Oct 19 02:33:08 UTC 2018 /home/travis/build/icyphy/ptII/ptolemy/actor/lib/test/auto/Commutator.xml
----------------- Instantiating /home/travis/build/icyphy/ptII/ptolemy/actor/lib/test/auto/Commutator.xml
1 ms. Memory: 880128K Free: 507843K (58%)
----------------- Invoking toplevel() on ptolemy.moml.MoMLSimpleApplication@24bb3d4b
----------------- Done invoking toplevel() on ptolemy.moml.MoMLSimpleApplication@24bb3d4b
reloadAllAccessors: .Commutator

===========================================================================================
----------------- testing Fri Oct 19 02:33:08 UTC 2018 /home/travis/build/icyphy/ptII/ptolemy/actor/lib/test/auto/Commutator2.xml
----------------- Instantiating /home/travis/build/icyphy/ptII/ptolemy/actor/lib/test/auto/Commutator2.xml
1 ms. Memory: 880128K Free: 497467K (57%)
----------------- Invoking toplevel() on ptolemy.moml.MoMLSimpleApplication@5e5c4eef
----------------- Done invoking toplevel() on ptolemy.moml.MoMLSimpleApplication@5e5c4eef
reloadAllAccessors: .Commutator2

===========================================================================================
----------------- testing Fri Oct 19 02:33:08 UTC 2018 /home/travis/build/icyphy/ptII/ptolemy/actor/lib/test/auto/Commutator3.xml
----------------- Instantiating /home/travis/build/icyphy/ptII/ptolemy/actor/lib/test/auto/Commutator3.xml
1 ms. Memory: 880128K Free: 487090K (55%)
----------------- Invoking toplevel() on ptolemy.moml.MoMLSimpleApplication@72118b19
----------------- Done invoking toplevel() on ptolemy.moml.MoMLSimpleApplication@72118b19
reloadAllAccessors: .Commutator3

===========================================================================================
----------------- testing Fri Oct 19 02:33:08 UTC 2018 /home/travis/build/icyphy/ptII/ptolemy/actor/lib/test/auto/Compare.xml
----------------- Instantiating /home/travis/build/icyphy/ptII/ptolemy/actor/lib/test/auto/Compare.xml
1 ms. Memory: 880128K Free: 467319K (53%)
----------------- Invoking toplevel() on ptolemy.moml.MoMLSimpleApplication@60aa29fd
----------------- Done invoking toplevel() on ptolemy.moml.MoMLSimpleApplication@60aa29fd
reloadAllAccessors: .Compare

===========================================================================================
----------------- testing Fri Oct 19 02:33:08 UTC 2018 /home/travis/build/icyphy/ptII/ptolemy/actor/lib/test/auto/CompareDE.xml
----------------- Instantiating /home/travis/build/icyphy/ptII/ptolemy/actor/lib/test/auto/CompareDE.xml
3 ms. Memory: 880128K Free: 456943K (52%)
----------------- Invoking toplevel() on ptolemy.moml.MoMLSimpleApplication@9b24ac0
----------------- Done invoking toplevel() on ptolemy.moml.MoMLSimpleApplication@9b24ac0
reloadAllAccessors: .CompareDE

===========================================================================================
----------------- testing Fri Oct 19 02:33:08 UTC 2018 /home/travis/build/icyphy/ptII/ptolemy/actor/lib/test/auto/ComplexDivide.xml
----------------- Instantiating /home/travis/build/icyphy/ptII/ptolemy/actor/lib/test/auto/ComplexDivide.xml
1 ms. Memory: 880128K Free: 446566K (51%)
----------------- Invoking toplevel() on ptolemy.moml.MoMLSimpleApplication@2115512d
----------------- Done invoking toplevel() on ptolemy.moml.MoMLSimpleApplication@2115512d
reloadAllAccessors: .ComplexDivide

===========================================================================================
----------------- testing Fri Oct 19 02:33:08 UTC 2018 /home/travis/build/icyphy/ptII/ptolemy/actor/lib/test/auto/ComputeHistogram.xml
----------------- Instantiating /home/travis/build/icyphy/ptII/ptolemy/actor/lib/test/auto/ComputeHistogram.xml
32 ms. Memory: 880128K Free: 431001K (49%)
----------------- Invoking toplevel() on ptolemy.moml.MoMLSimpleApplication@17696215
----------------- Done invoking toplevel() on ptolemy.moml.MoMLSimpleApplication@17696215
reloadAllAccessors: .ComputeHistogram

===========================================================================================
----------------- testing Fri Oct 19 02:33:08 UTC 2018 /home/travis/build/icyphy/ptII/ptolemy/actor/lib/test/auto/ConfigurationSelect.xml
----------------- Instantiating /home/travis/build/icyphy/ptII/ptolemy/actor/lib/test/auto/ConfigurationSelect.xml
2 ms. Memory: 880128K Free: 411230K (47%)
----------------- Invoking toplevel() on ptolemy.moml.MoMLSimpleApplication@26bbe84
----------------- Done invoking toplevel() on ptolemy.moml.MoMLSimpleApplication@26bbe84
reloadAllAccessors: .ConfigurationSelect

===========================================================================================
----------------- testing Fri Oct 19 02:33:08 UTC 2018 /home/travis/build/icyphy/ptII/ptolemy/actor/lib/test/auto/ConfigurationSelect2.xml
----------------- Instantiating /home/travis/build/icyphy/ptII/ptolemy/actor/lib/test/auto/ConfigurationSelect2.xml
1 ms. Memory: 880128K Free: 400853K (46%)
----------------- Invoking toplevel() on ptolemy.moml.MoMLSimpleApplication@6e831111
----------------- Done invoking toplevel() on ptolemy.moml.MoMLSimpleApplication@6e831111
reloadAllAccessors: .ConfigurationSelect2

===========================================================================================
----------------- testing Fri Oct 19 02:33:08 UTC 2018 /home/travis/build/icyphy/ptII/ptolemy/actor/lib/test/auto/ConfigurationSwitch.xml
----------------- Instantiating /home/travis/build/icyphy/ptII/ptolemy/actor/lib/test/auto/ConfigurationSwitch.xml
2 ms. Memory: 880128K Free: 390477K (44%)
----------------- Invoking toplevel() on ptolemy.moml.MoMLSimpleApplication@20a6ba3f
----------------- Done invoking toplevel() on ptolemy.moml.MoMLSimpleApplication@20a6ba3f
reloadAllAccessors: .ConfigurationSwitch

===========================================================================================
----------------- testing Fri Oct 19 02:33:08 UTC 2018 /home/travis/build/icyphy/ptII/ptolemy/actor/lib/test/auto/ConfigurationSwitch2.xml
----------------- Instantiating /home/travis/build/icyphy/ptII/ptolemy/actor/lib/test/auto/ConfigurationSwitch2.xml
2 ms. Memory: 880128K Free: 380100K (43%)
----------------- Invoking toplevel() on ptolemy.moml.MoMLSimpleApplication@347e762d
----------------- Done invoking toplevel() on ptolemy.moml.MoMLSimpleApplication@347e762d
reloadAllAccessors: .ConfigurationSwitch2

===========================================================================================
----------------- testing Fri Oct 19 02:33:08 UTC 2018 /home/travis/build/icyphy/ptII/ptolemy/actor/lib/test/auto/ConfigurationSwitchCloningBugWithClassRelationGroup.xml
----------------- Instantiating /home/travis/build/icyphy/ptII/ptolemy/actor/lib/test/auto/ConfigurationSwitchCloningBugWithClassRelationGroup.xml
1 ms. Memory: 880128K Free: 360329K (41%)
----------------- Invoking toplevel() on ptolemy.moml.MoMLSimpleApplication@21448387
----------------- Done invoking toplevel() on ptolemy.moml.MoMLSimpleApplication@21448387
reloadAllAccessors: .ConfigurationSwitchCloningBugWithClassRelationGroup

===========================================================================================
----------------- testing Fri Oct 19 02:33:08 UTC 2018 /home/travis/build/icyphy/ptII/ptolemy/actor/lib/test/auto/ConfigurationSwitchSelectSDF.xml
----------------- Instantiating /home/travis/build/icyphy/ptII/ptolemy/actor/lib/test/auto/ConfigurationSwitchSelectSDF.xml
2 ms. Memory: 880128K Free: 349952K (40%)
----------------- Invoking toplevel() on ptolemy.moml.MoMLSimpleApplication@158e2e9a
----------------- Done invoking toplevel() on ptolemy.moml.MoMLSimpleApplication@158e2e9a
reloadAllAccessors: .ConfigurationSwitchSelectSDF

===========================================================================================
----------------- testing Fri Oct 19 02:33:08 UTC 2018 /home/travis/build/icyphy/ptII/ptolemy/actor/lib/test/auto/ConfigurationSwitchSelectSDF2.xml
----------------- Instantiating /home/travis/build/icyphy/ptII/ptolemy/actor/lib/test/auto/ConfigurationSwitchSelectSDF2.xml
2 ms. Memory: 880128K Free: 339576K (39%)
----------------- Invoking toplevel() on ptolemy.moml.MoMLSimpleApplication@518258c
----------------- Done invoking toplevel() on ptolemy.moml.MoMLSimpleApplication@518258c
reloadAllAccessors: .ConfigurationSwitchSelectSDF2

===========================================================================================
----------------- testing Fri Oct 19 02:33:08 UTC 2018 /home/travis/build/icyphy/ptII/ptolemy/actor/lib/test/auto/Const.xml
----------------- Instantiating /home/travis/build/icyphy/ptII/ptolemy/actor/lib/test/auto/Const.xml
0 ms. Memory: 880128K Free: 329199K (37%)
----------------- Invoking toplevel() on ptolemy.moml.MoMLSimpleApplication@7bc39e28
----------------- Done invoking toplevel() on ptolemy.moml.MoMLSimpleApplication@7bc39e28
reloadAllAccessors: .Const

===========================================================================================
----------------- testing Fri Oct 19 02:33:08 UTC 2018 /home/travis/build/icyphy/ptII/ptolemy/actor/lib/test/auto/Const2.xml
----------------- Instantiating /home/travis/build/icyphy/ptII/ptolemy/actor/lib/test/auto/Const2.xml
2 ms. Memory: 880128K Free: 301646K (34%)
----------------- Invoking toplevel() on ptolemy.moml.MoMLSimpleApplication@263154bf
----------------- Done invoking toplevel() on ptolemy.moml.MoMLSimpleApplication@263154bf
reloadAllAccessors: .Const2

===========================================================================================
----------------- testing Fri Oct 19 02:33:08 UTC 2018 /home/travis/build/icyphy/ptII/ptolemy/actor/lib/test/auto/Const3.xml
----------------- Instantiating /home/travis/build/icyphy/ptII/ptolemy/actor/lib/test/auto/Const3.xml
1 ms. Memory: 880128K Free: 291269K (33%)
----------------- Invoking toplevel() on ptolemy.moml.MoMLSimpleApplication@731efb09
----------------- Done invoking toplevel() on ptolemy.moml.MoMLSimpleApplication@731efb09
reloadAllAccessors: .Const3

===========================================================================================
----------------- testing Fri Oct 19 02:33:08 UTC 2018 /home/travis/build/icyphy/ptII/ptolemy/actor/lib/test/auto/ConstantPublisherPort1.xml
----------------- Instantiating /home/travis/build/icyphy/ptII/ptolemy/actor/lib/test/auto/ConstantPublisherPort1.xml
6 ms. Memory: 880128K Free: 275704K (31%)
----------------- Invoking toplevel() on ptolemy.moml.MoMLSimpleApplication@345e6b41
----------------- Done invoking toplevel() on ptolemy.moml.MoMLSimpleApplication@345e6b41
reloadAllAccessors: .ConstantPublisherPort1

===========================================================================================
----------------- testing Fri Oct 19 02:33:08 UTC 2018 /home/travis/build/icyphy/ptII/ptolemy/actor/lib/test/auto/ConstantPublisherPort2.xml
----------------- Instantiating /home/travis/build/icyphy/ptII/ptolemy/actor/lib/test/auto/ConstantPublisherPort2.xml
4 ms. Memory: 880128K Free: 260124K (30%)
----------------- Invoking toplevel() on ptolemy.moml.MoMLSimpleApplication@29d3bae2
----------------- Done invoking toplevel() on ptolemy.moml.MoMLSimpleApplication@29d3bae2
reloadAllAccessors: .ConstantPublisherPort2

===========================================================================================
----------------- testing Fri Oct 19 02:33:08 UTC 2018 /home/travis/build/icyphy/ptII/ptolemy/actor/lib/test/auto/ConstantPublisherPort3.xml
----------------- Instantiating /home/travis/build/icyphy/ptII/ptolemy/actor/lib/test/auto/ConstantPublisherPort3.xml
4 ms. Memory: 880128K Free: 240353K (27%)
----------------- Invoking toplevel() on ptolemy.moml.MoMLSimpleApplication@3e5e987
----------------- Done invoking toplevel() on ptolemy.moml.MoMLSimpleApplication@3e5e987
reloadAllAccessors: .ConstantPublisherPort3

===========================================================================================
----------------- testing Fri Oct 19 02:33:09 UTC 2018 /home/travis/build/icyphy/ptII/ptolemy/actor/lib/test/auto/ConstantPublisherPort4.xml
----------------- Instantiating /home/travis/build/icyphy/ptII/ptolemy/actor/lib/test/auto/ConstantPublisherPort4.xml
3 ms. Memory: 880128K Free: 229976K (26%)
----------------- Invoking toplevel() on ptolemy.moml.MoMLSimpleApplication@35d22975
----------------- Done invoking toplevel() on ptolemy.moml.MoMLSimpleApplication@35d22975
reloadAllAccessors: .ConstantPublisherPort4

===========================================================================================
----------------- testing Fri Oct 19 02:33:09 UTC 2018 /home/travis/build/icyphy/ptII/ptolemy/actor/lib/test/auto/ConstantPublisherPort5.xml
----------------- Instantiating /home/travis/build/icyphy/ptII/ptolemy/actor/lib/test/auto/ConstantPublisherPort5.xml
26 ms. Memory: 880128K Free: 204019K (23%)
----------------- Invoking toplevel() on ptolemy.moml.MoMLSimpleApplication@52a170d0
----------------- Done invoking toplevel() on ptolemy.moml.MoMLSimpleApplication@52a170d0
reloadAllAccessors: .ConstantPublisherPort5

===========================================================================================
----------------- testing Fri Oct 19 02:33:09 UTC 2018 /home/travis/build/icyphy/ptII/ptolemy/actor/lib/test/auto/ConstantPublisherPort6.xml
----------------- Instantiating /home/travis/build/icyphy/ptII/ptolemy/actor/lib/test/auto/ConstantPublisherPort6.xml
13 ms. Memory: 880128K Free: 178077K (20%)
----------------- Invoking toplevel() on ptolemy.moml.MoMLSimpleApplication@74569e92
----------------- Done invoking toplevel() on ptolemy.moml.MoMLSimpleApplication@74569e92
reloadAllAccessors: .ConstantPublisherPort6

===========================================================================================
----------------- testing Fri Oct 19 02:33:09 UTC 2018 /home/travis/build/icyphy/ptII/ptolemy/actor/lib/test/auto/ConstantPublisherPort7.xml
----------------- Instantiating /home/travis/build/icyphy/ptII/ptolemy/actor/lib/test/auto/ConstantPublisherPort7.xml
13 ms. Memory: 880128K Free: 142741K (16%)
----------------- Invoking toplevel() on ptolemy.moml.MoMLSimpleApplication@5c533a80
----------------- Done invoking toplevel() on ptolemy.moml.MoMLSimpleApplication@5c533a80
reloadAllAccessors: .ConstantPublisherPort7

===========================================================================================
----------------- testing Fri Oct 19 02:33:09 UTC 2018 /home/travis/build/icyphy/ptII/ptolemy/actor/lib/test/auto/ConstraintMonitor1.xml
----------------- Instantiating /home/travis/build/icyphy/ptII/ptolemy/actor/lib/test/auto/ConstraintMonitor1.xml
4 ms. Memory: 880128K Free: 132364K (15%)
----------------- Invoking toplevel() on ptolemy.moml.MoMLSimpleApplication@ea470d0
----------------- Done invoking toplevel() on ptolemy.moml.MoMLSimpleApplication@ea470d0
reloadAllAccessors: .ConstraintMonitor1

===========================================================================================
----------------- testing Fri Oct 19 02:33:09 UTC 2018 /home/travis/build/icyphy/ptII/ptolemy/actor/lib/test/auto/ConstraintMonitor2.xml
----------------- Instantiating /home/travis/build/icyphy/ptII/ptolemy/actor/lib/test/auto/ConstraintMonitor2.xml
3 ms. Memory: 880128K Free: 121988K (14%)
----------------- Invoking toplevel() on ptolemy.moml.MoMLSimpleApplication@5ed39a48
----------------- Done invoking toplevel() on ptolemy.moml.MoMLSimpleApplication@5ed39a48
reloadAllAccessors: .ConstraintMonitor2

===========================================================================================
----------------- testing Fri Oct 19 02:33:09 UTC 2018 /home/travis/build/icyphy/ptII/ptolemy/actor/lib/test/auto/ConstraintMonitor3.xml
----------------- Instantiating /home/travis/build/icyphy/ptII/ptolemy/actor/lib/test/auto/ConstraintMonitor3.xml
6 ms. Memory: 880128K Free: 111611K (13%)
----------------- Invoking toplevel() on ptolemy.moml.MoMLSimpleApplication@35b14a2c
----------------- Done invoking toplevel() on ptolemy.moml.MoMLSimpleApplication@35b14a2c
reloadAllAccessors: .ConstraintMonitor3

===========================================================================================
----------------- testing Fri Oct 19 02:33:09 UTC 2018 /home/travis/build/icyphy/ptII/ptolemy/actor/lib/test/auto/ConstraintMonitor4.xml
----------------- Instantiating /home/travis/build/icyphy/ptII/ptolemy/actor/lib/test/auto/ConstraintMonitor4.xml
3 ms. Memory: 880128K Free: 91840K (10%)
----------------- Invoking toplevel() on ptolemy.moml.MoMLSimpleApplication@39a05df5
----------------- Done invoking toplevel() on ptolemy.moml.MoMLSimpleApplication@39a05df5
reloadAllAccessors: .ConstraintMonitor4

===========================================================================================
----------------- testing Fri Oct 19 02:33:09 UTC 2018 /home/travis/build/icyphy/ptII/ptolemy/actor/lib/test/auto/ConstraintMonitor5.xml
----------------- Instantiating /home/travis/build/icyphy/ptII/ptolemy/actor/lib/test/auto/ConstraintMonitor5.xml
7 ms. Memory: 880128K Free: 81463K (9%)
----------------- Invoking toplevel() on ptolemy.moml.MoMLSimpleApplication@5dd00f0b
----------------- Done invoking toplevel() on ptolemy.moml.MoMLSimpleApplication@5dd00f0b
reloadAllAccessors: .ConstraintMonitor5

===========================================================================================
----------------- testing Fri Oct 19 02:33:09 UTC 2018 /home/travis/build/icyphy/ptII/ptolemy/actor/lib/test/auto/ConstraintMonitor6.xml
----------------- Instantiating /home/travis/build/icyphy/ptII/ptolemy/actor/lib/test/auto/ConstraintMonitor6.xml
7 ms. Memory: 880128K Free: 71087K (8%)
----------------- Invoking toplevel() on ptolemy.moml.MoMLSimpleApplication@62f9433a
----------------- Done invoking toplevel() on ptolemy.moml.MoMLSimpleApplication@62f9433a
reloadAllAccessors: .ConstraintMonitor6

===========================================================================================
----------------- testing Fri Oct 19 02:33:09 UTC 2018 /home/travis/build/icyphy/ptII/ptolemy/actor/lib/test/auto/ConstraintMonitor7.xml
----------------- Instantiating /home/travis/build/icyphy/ptII/ptolemy/actor/lib/test/auto/ConstraintMonitor7.xml
4 ms. Memory: 880128K Free: 61183K (7%)
----------------- Invoking toplevel() on ptolemy.moml.MoMLSimpleApplication@15f5aa53
----------------- Done invoking toplevel() on ptolemy.moml.MoMLSimpleApplication@15f5aa53
reloadAllAccessors: .ConstraintMonitor7

===========================================================================================
----------------- testing Fri Oct 19 02:33:09 UTC 2018 /home/travis/build/icyphy/ptII/ptolemy/actor/lib/test/auto/ConstraintMonitor8.xml
----------------- Instantiating /home/travis/build/icyphy/ptII/ptolemy/actor/lib/test/auto/ConstraintMonitor8.xml
4 ms. Memory: 880640K Free: 817092K (93%)
----------------- Invoking toplevel() on ptolemy.moml.MoMLSimpleApplication@28428e59
----------------- Done invoking toplevel() on ptolemy.moml.MoMLSimpleApplication@28428e59
reloadAllAccessors: .ConstraintMonitor8

===========================================================================================
----------------- testing Fri Oct 19 02:33:09 UTC 2018 /home/travis/build/icyphy/ptII/ptolemy/actor/lib/test/auto/Counter.xml
----------------- Instantiating /home/travis/build/icyphy/ptII/ptolemy/actor/lib/test/auto/Counter.xml
2 ms. Memory: 880640K Free: 806611K (92%)
----------------- Invoking toplevel() on ptolemy.moml.MoMLSimpleApplication@4b10d268
----------------- Done invoking toplevel() on ptolemy.moml.MoMLSimpleApplication@4b10d268
reloadAllAccessors: .Counter

===========================================================================================
----------------- testing Fri Oct 19 02:33:09 UTC 2018 /home/travis/build/icyphy/ptII/ptolemy/actor/lib/test/auto/CurrentTimeSDF.xml
----------------- Instantiating /home/travis/build/icyphy/ptII/ptolemy/actor/lib/test/auto/CurrentTimeSDF.xml
2 ms. Memory: 880640K Free: 796234K (90%)
----------------- Invoking toplevel() on ptolemy.moml.MoMLSimpleApplication@3743bed4
----------------- Done invoking toplevel() on ptolemy.moml.MoMLSimpleApplication@3743bed4
reloadAllAccessors: .CurrentTimeSDF

===========================================================================================
----------------- testing Fri Oct 19 02:33:09 UTC 2018 /home/travis/build/icyphy/ptII/ptolemy/actor/lib/test/auto/DB.xml
----------------- Instantiating /home/travis/build/icyphy/ptII/ptolemy/actor/lib/test/auto/DB.xml
1 ms. Memory: 880640K Free: 778880K (88%)
----------------- Invoking toplevel() on ptolemy.moml.MoMLSimpleApplication@3ad72fdb
----------------- Done invoking toplevel() on ptolemy.moml.MoMLSimpleApplication@3ad72fdb
reloadAllAccessors: .DB

===========================================================================================
----------------- testing Fri Oct 19 02:33:09 UTC 2018 /home/travis/build/icyphy/ptII/ptolemy/actor/lib/test/auto/DBDE.xml
----------------- Instantiating /home/travis/build/icyphy/ptII/ptolemy/actor/lib/test/auto/DBDE.xml
2 ms. Memory: 880640K Free: 768504K (87%)
----------------- Invoking toplevel() on ptolemy.moml.MoMLSimpleApplication@2a3764b8
----------------- Done invoking toplevel() on ptolemy.moml.MoMLSimpleApplication@2a3764b8
reloadAllAccessors: .DBDE

===========================================================================================
----------------- testing Fri Oct 19 02:33:09 UTC 2018 /home/travis/build/icyphy/ptII/ptolemy/actor/lib/test/auto/DateConstructor.xml
----------------- Instantiating /home/travis/build/icyphy/ptII/ptolemy/actor/lib/test/auto/DateConstructor.xml
11 ms. Memory: 880640K Free: 747742K (85%)
----------------- Invoking toplevel() on ptolemy.moml.MoMLSimpleApplication@32de33bc
----------------- Done invoking toplevel() on ptolemy.moml.MoMLSimpleApplication@32de33bc
reloadAllAccessors: .DateConstructor

===========================================================================================
----------------- testing Fri Oct 19 02:33:09 UTC 2018 /home/travis/build/icyphy/ptII/ptolemy/actor/lib/test/auto/DelayTime.xml
----------------- Instantiating /home/travis/build/icyphy/ptII/ptolemy/actor/lib/test/auto/DelayTime.xml
2 ms. Memory: 880640K Free: 730388K (83%)
----------------- Invoking toplevel() on ptolemy.moml.MoMLSimpleApplication@3fdfd011
----------------- Done invoking toplevel() on ptolemy.moml.MoMLSimpleApplication@3fdfd011
reloadAllAccessors: .DelayTime

===========================================================================================
----------------- testing Fri Oct 19 02:33:09 UTC 2018 /home/travis/build/icyphy/ptII/ptolemy/actor/lib/test/auto/Dictionary1.xml
----------------- Instantiating /home/travis/build/icyphy/ptII/ptolemy/actor/lib/test/auto/Dictionary1.xml
2 ms. Memory: 880640K Free: 720012K (82%)
----------------- Invoking toplevel() on ptolemy.moml.MoMLSimpleApplication@16fa449
----------------- Done invoking toplevel() on ptolemy.moml.MoMLSimpleApplication@16fa449
reloadAllAccessors: .Dictionary1

===========================================================================================
----------------- testing Fri Oct 19 02:33:09 UTC 2018 /home/travis/build/icyphy/ptII/ptolemy/actor/lib/test/auto/Dictionary2.xml
----------------- Instantiating /home/travis/build/icyphy/ptII/ptolemy/actor/lib/test/auto/Dictionary2.xml
1 ms. Memory: 880640K Free: 709635K (81%)
----------------- Invoking toplevel() on ptolemy.moml.MoMLSimpleApplication@94b393
----------------- Done invoking toplevel() on ptolemy.moml.MoMLSimpleApplication@94b393
reloadAllAccessors: .Dictionary2

===========================================================================================
----------------- testing Fri Oct 19 02:33:09 UTC 2018 /home/travis/build/icyphy/ptII/ptolemy/actor/lib/test/auto/Dictionary3.xml
----------------- Instantiating /home/travis/build/icyphy/ptII/ptolemy/actor/lib/test/auto/Dictionary3.xml
2 ms. Memory: 880640K Free: 692282K (79%)
----------------- Invoking toplevel() on ptolemy.moml.MoMLSimpleApplication@178866c8
----------------- Done invoking toplevel() on ptolemy.moml.MoMLSimpleApplication@178866c8
reloadAllAccessors: .Dictionary3

===========================================================================================
----------------- testing Fri Oct 19 02:33:09 UTC 2018 /home/travis/build/icyphy/ptII/ptolemy/actor/lib/test/auto/Dictionary4.xml
----------------- Instantiating /home/travis/build/icyphy/ptII/ptolemy/actor/lib/test/auto/Dictionary4.xml
2 ms. Memory: 880640K Free: 681905K (77%)
----------------- Invoking toplevel() on ptolemy.moml.MoMLSimpleApplication@51f5a4af
----------------- Done invoking toplevel() on ptolemy.moml.MoMLSimpleApplication@51f5a4af
reloadAllAccessors: .Dictionary4

===========================================================================================
----------------- testing Fri Oct 19 02:33:09 UTC 2018 /home/travis/build/icyphy/ptII/ptolemy/actor/lib/test/auto/Differential.xml
----------------- Instantiating /home/travis/build/icyphy/ptII/ptolemy/actor/lib/test/auto/Differential.xml
2 ms. Memory: 880640K Free: 671528K (76%)
----------------- Invoking toplevel() on ptolemy.moml.MoMLSimpleApplication@733fc5f
----------------- Done invoking toplevel() on ptolemy.moml.MoMLSimpleApplication@733fc5f
reloadAllAccessors: .Differential

===========================================================================================
----------------- testing Fri Oct 19 02:33:09 UTC 2018 /home/travis/build/icyphy/ptII/ptolemy/actor/lib/test/auto/Director.xml
----------------- Instantiating /home/travis/build/icyphy/ptII/ptolemy/actor/lib/test/auto/Director.xml
2 ms. Memory: 880640K Free: 654174K (74%)
----------------- Invoking toplevel() on ptolemy.moml.MoMLSimpleApplication@6b06b38d
----------------- Done invoking toplevel() on ptolemy.moml.MoMLSimpleApplication@6b06b38d
reloadAllAccessors: .Director

===========================================================================================
----------------- testing Fri Oct 19 02:33:09 UTC 2018 /home/travis/build/icyphy/ptII/ptolemy/actor/lib/test/auto/DiscreteClock.xml
----------------- Instantiating /home/travis/build/icyphy/ptII/ptolemy/actor/lib/test/auto/DiscreteClock.xml
1 ms. Memory: 880640K Free: 643798K (73%)
----------------- Invoking toplevel() on ptolemy.moml.MoMLSimpleApplication@594bb325
----------------- Done invoking toplevel() on ptolemy.moml.MoMLSimpleApplication@594bb325
reloadAllAccessors: .DiscreteClock

===========================================================================================
----------------- testing Fri Oct 19 02:33:09 UTC 2018 /home/travis/build/icyphy/ptII/ptolemy/actor/lib/test/auto/DiscreteClock10.xml
----------------- Instantiating /home/travis/build/icyphy/ptII/ptolemy/actor/lib/test/auto/DiscreteClock10.xml
2 ms. Memory: 880640K Free: 633421K (72%)
----------------- Invoking toplevel() on ptolemy.moml.MoMLSimpleApplication@6e6dc3ff
----------------- Done invoking toplevel() on ptolemy.moml.MoMLSimpleApplication@6e6dc3ff
reloadAllAccessors: .DiscreteClock10

===========================================================================================
----------------- testing Fri Oct 19 02:33:09 UTC 2018 /home/travis/build/icyphy/ptII/ptolemy/actor/lib/test/auto/DiscreteClock11.xml
----------------- Instantiating /home/travis/build/icyphy/ptII/ptolemy/actor/lib/test/auto/DiscreteClock11.xml
2 ms. Memory: 880640K Free: 616067K (70%)
----------------- Invoking toplevel() on ptolemy.moml.MoMLSimpleApplication@664f930c
----------------- Done invoking toplevel() on ptolemy.moml.MoMLSimpleApplication@664f930c
reloadAllAccessors: .DiscreteClock11

===========================================================================================
----------------- testing Fri Oct 19 02:33:09 UTC 2018 /home/travis/build/icyphy/ptII/ptolemy/actor/lib/test/auto/DiscreteClock12.xml
----------------- Instantiating /home/travis/build/icyphy/ptII/ptolemy/actor/lib/test/auto/DiscreteClock12.xml
2 ms. Memory: 880640K Free: 605691K (69%)
----------------- Invoking toplevel() on ptolemy.moml.MoMLSimpleApplication@2b6d9a54
----------------- Done invoking toplevel() on ptolemy.moml.MoMLSimpleApplication@2b6d9a54
reloadAllAccessors: .DiscreteClock12

===========================================================================================
----------------- testing Fri Oct 19 02:33:09 UTC 2018 /home/travis/build/icyphy/ptII/ptolemy/actor/lib/test/auto/DiscreteClock13.xml
----------------- Instantiating /home/travis/build/icyphy/ptII/ptolemy/actor/lib/test/auto/DiscreteClock13.xml
2 ms. Memory: 880640K Free: 595314K (68%)
----------------- Invoking toplevel() on ptolemy.moml.MoMLSimpleApplication@377545da
----------------- Done invoking toplevel() on ptolemy.moml.MoMLSimpleApplication@377545da
reloadAllAccessors: .DiscreteClock13

===========================================================================================
----------------- testing Fri Oct 19 02:33:09 UTC 2018 /home/travis/build/icyphy/ptII/ptolemy/actor/lib/test/auto/DiscreteClock14.xml
----------------- Instantiating /home/travis/build/icyphy/ptII/ptolemy/actor/lib/test/auto/DiscreteClock14.xml
6 ms. Memory: 880640K Free: 577960K (66%)
----------------- Invoking toplevel() on ptolemy.moml.MoMLSimpleApplication@794ed0e6
----------------- Done invoking toplevel() on ptolemy.moml.MoMLSimpleApplication@794ed0e6
reloadAllAccessors: .DiscreteClock14

===========================================================================================
----------------- testing Fri Oct 19 02:33:09 UTC 2018 /home/travis/build/icyphy/ptII/ptolemy/actor/lib/test/auto/DiscreteClock15.xml
----------------- Instantiating /home/travis/build/icyphy/ptII/ptolemy/actor/lib/test/auto/DiscreteClock15.xml
6 ms. Memory: 880640K Free: 567583K (64%)
----------------- Invoking toplevel() on ptolemy.moml.MoMLSimpleApplication@61bb0a33
----------------- Done invoking toplevel() on ptolemy.moml.MoMLSimpleApplication@61bb0a33
reloadAllAccessors: .DiscreteClock15

===========================================================================================
----------------- testing Fri Oct 19 02:33:09 UTC 2018 /home/travis/build/icyphy/ptII/ptolemy/actor/lib/test/auto/DiscreteClock16.xml
----------------- Instantiating /home/travis/build/icyphy/ptII/ptolemy/actor/lib/test/auto/DiscreteClock16.xml
439 ms. Memory: 1364992K Free: 1311264K (96%)
----------------- Invoking toplevel() on ptolemy.moml.MoMLSimpleApplication@24ebb61f
----------------- Done invoking toplevel() on ptolemy.moml.MoMLSimpleApplication@24ebb61f
reloadAllAccessors: .DiscreteClock16

===========================================================================================
----------------- testing Fri Oct 19 02:33:10 UTC 2018 /home/travis/build/icyphy/ptII/ptolemy/actor/lib/test/auto/DiscreteClock17.xml
----------------- Instantiating /home/travis/build/icyphy/ptII/ptolemy/actor/lib/test/auto/DiscreteClock17.xml
8 ms. Memory: 1364992K Free: 1272969K (93%)
----------------- Invoking toplevel() on ptolemy.moml.MoMLSimpleApplication@15d5b3a5
----------------- Done invoking toplevel() on ptolemy.moml.MoMLSimpleApplication@15d5b3a5
reloadAllAccessors: .DiscreteClock17

===========================================================================================
----------------- testing Fri Oct 19 02:33:10 UTC 2018 /home/travis/build/icyphy/ptII/ptolemy/actor/lib/test/auto/DiscreteClock18.xml
----------------- Instantiating /home/travis/build/icyphy/ptII/ptolemy/actor/lib/test/auto/DiscreteClock18.xml
8 ms. Memory: 1364992K Free: 1254282K (92%)
----------------- Invoking toplevel() on ptolemy.moml.MoMLSimpleApplication@1199fa02
----------------- Done invoking toplevel() on ptolemy.moml.MoMLSimpleApplication@1199fa02
reloadAllAccessors: .DiscreteClock18

===========================================================================================
----------------- testing Fri Oct 19 02:33:10 UTC 2018 /home/travis/build/icyphy/ptII/ptolemy/actor/lib/test/auto/DiscreteClock19.xml
----------------- Instantiating /home/travis/build/icyphy/ptII/ptolemy/actor/lib/test/auto/DiscreteClock19.xml
8 ms. Memory: 1364992K Free: 1235596K (91%)
----------------- Invoking toplevel() on ptolemy.moml.MoMLSimpleApplication@2ee7cb61
----------------- Done invoking toplevel() on ptolemy.moml.MoMLSimpleApplication@2ee7cb61
reloadAllAccessors: .DiscreteClock19

===========================================================================================
----------------- testing Fri Oct 19 02:33:10 UTC 2018 /home/travis/build/icyphy/ptII/ptolemy/actor/lib/test/auto/DiscreteClock2.xml
----------------- Instantiating /home/travis/build/icyphy/ptII/ptolemy/actor/lib/test/auto/DiscreteClock2.xml
5 ms. Memory: 1364992K Free: 1223150K (90%)
----------------- Invoking toplevel() on ptolemy.moml.MoMLSimpleApplication@43979688
----------------- Done invoking toplevel() on ptolemy.moml.MoMLSimpleApplication@43979688
reloadAllAccessors: .DiscreteClock2

===========================================================================================
----------------- testing Fri Oct 19 02:33:10 UTC 2018 /home/travis/build/icyphy/ptII/ptolemy/actor/lib/test/auto/DiscreteClock20.xml
----------------- Instantiating /home/travis/build/icyphy/ptII/ptolemy/actor/lib/test/auto/DiscreteClock20.xml
7 ms. Memory: 1364992K Free: 1199544K (88%)
----------------- Invoking toplevel() on ptolemy.moml.MoMLSimpleApplication@47c9478a
----------------- Done invoking toplevel() on ptolemy.moml.MoMLSimpleApplication@47c9478a
reloadAllAccessors: .DiscreteClock20

===========================================================================================
----------------- testing Fri Oct 19 02:33:10 UTC 2018 /home/travis/build/icyphy/ptII/ptolemy/actor/lib/test/auto/DiscreteClock21.xml
----------------- Instantiating /home/travis/build/icyphy/ptII/ptolemy/actor/lib/test/auto/DiscreteClock21.xml
6 ms. Memory: 1364992K Free: 1187097K (87%)
----------------- Invoking toplevel() on ptolemy.moml.MoMLSimpleApplication@59807d8
----------------- Done invoking toplevel() on ptolemy.moml.MoMLSimpleApplication@59807d8
reloadAllAccessors: .DiscreteClock21

===========================================================================================
----------------- testing Fri Oct 19 02:33:10 UTC 2018 /home/travis/build/icyphy/ptII/ptolemy/actor/lib/test/auto/DiscreteClock22.xml
----------------- Instantiating /home/travis/build/icyphy/ptII/ptolemy/actor/lib/test/auto/DiscreteClock22.xml
6 ms. Memory: 1364992K Free: 1174650K (86%)
----------------- Invoking toplevel() on ptolemy.moml.MoMLSimpleApplication@4fc31c33
----------------- Done invoking toplevel() on ptolemy.moml.MoMLSimpleApplication@4fc31c33
reloadAllAccessors: .DiscreteClock22

===========================================================================================
----------------- testing Fri Oct 19 02:33:10 UTC 2018 /home/travis/build/icyphy/ptII/ptolemy/actor/lib/test/auto/DiscreteClock23.xml
----------------- Instantiating /home/travis/build/icyphy/ptII/ptolemy/actor/lib/test/auto/DiscreteClock23.xml
6 ms. Memory: 1364992K Free: 1162203K (85%)
----------------- Invoking toplevel() on ptolemy.moml.MoMLSimpleApplication@4d6f0e57
----------------- Done invoking toplevel() on ptolemy.moml.MoMLSimpleApplication@4d6f0e57
reloadAllAccessors: .DiscreteClock23

===========================================================================================
----------------- testing Fri Oct 19 02:33:10 UTC 2018 /home/travis/build/icyphy/ptII/ptolemy/actor/lib/test/auto/DiscreteClock24.xml
----------------- Instantiating /home/travis/build/icyphy/ptII/ptolemy/actor/lib/test/auto/DiscreteClock24.xml
6 ms. Memory: 1364992K Free: 1149757K (84%)
----------------- Invoking toplevel() on ptolemy.moml.MoMLSimpleApplication@22e642d3
----------------- Done invoking toplevel() on ptolemy.moml.MoMLSimpleApplication@22e642d3
reloadAllAccessors: .DiscreteClock24

===========================================================================================
----------------- testing Fri Oct 19 02:33:10 UTC 2018 /home/travis/build/icyphy/ptII/ptolemy/actor/lib/test/auto/DiscreteClock4.xml
----------------- Instantiating /home/travis/build/icyphy/ptII/ptolemy/actor/lib/test/auto/DiscreteClock4.xml
1 ms. Memory: 1364992K Free: 1126151K (83%)
----------------- Invoking toplevel() on ptolemy.moml.MoMLSimpleApplication@1b519d3d
----------------- Done invoking toplevel() on ptolemy.moml.MoMLSimpleApplication@1b519d3d
reloadAllAccessors: .DiscreteClock4

===========================================================================================
----------------- testing Fri Oct 19 02:33:10 UTC 2018 /home/travis/build/icyphy/ptII/ptolemy/actor/lib/test/auto/DiscreteClock5.xml
----------------- Instantiating /home/travis/build/icyphy/ptII/ptolemy/actor/lib/test/auto/DiscreteClock5.xml
1 ms. Memory: 1364992K Free: 1113704K (82%)
----------------- Invoking toplevel() on ptolemy.moml.MoMLSimpleApplication@1e66a7a0
----------------- Done invoking toplevel() on ptolemy.moml.MoMLSimpleApplication@1e66a7a0
reloadAllAccessors: .DiscreteClock5

===========================================================================================
----------------- testing Fri Oct 19 02:33:10 UTC 2018 /home/travis/build/icyphy/ptII/ptolemy/actor/lib/test/auto/DiscreteClock6.xml
----------------- Instantiating /home/travis/build/icyphy/ptII/ptolemy/actor/lib/test/auto/DiscreteClock6.xml
1 ms. Memory: 1364992K Free: 1101257K (81%)
----------------- Invoking toplevel() on ptolemy.moml.MoMLSimpleApplication@bac10c5
----------------- Done invoking toplevel() on ptolemy.moml.MoMLSimpleApplication@bac10c5
reloadAllAccessors: .DiscreteClock6

===========================================================================================
----------------- testing Fri Oct 19 02:33:10 UTC 2018 /home/travis/build/icyphy/ptII/ptolemy/actor/lib/test/auto/DiscreteClock7.xml
----------------- Instantiating /home/travis/build/icyphy/ptII/ptolemy/actor/lib/test/auto/DiscreteClock7.xml
1 ms. Memory: 1364992K Free: 1088811K (80%)
----------------- Invoking toplevel() on ptolemy.moml.MoMLSimpleApplication@6bc199c1
----------------- Done invoking toplevel() on ptolemy.moml.MoMLSimpleApplication@6bc199c1
reloadAllAccessors: .DiscreteClock7

===========================================================================================
----------------- testing Fri Oct 19 02:33:10 UTC 2018 /home/travis/build/icyphy/ptII/ptolemy/actor/lib/test/auto/DiscreteClock8.xml
----------------- Instantiating /home/travis/build/icyphy/ptII/ptolemy/actor/lib/test/auto/DiscreteClock8.xml
6 ms. Memory: 1364992K Free: 1076364K (79%)
----------------- Invoking toplevel() on ptolemy.moml.MoMLSimpleApplication@f6de06d
----------------- Done invoking toplevel() on ptolemy.moml.MoMLSimpleApplication@f6de06d
reloadAllAccessors: .DiscreteClock8

===========================================================================================
----------------- testing Fri Oct 19 02:33:10 UTC 2018 /home/travis/build/icyphy/ptII/ptolemy/actor/lib/test/auto/DiscreteClock9.xml
----------------- Instantiating /home/travis/build/icyphy/ptII/ptolemy/actor/lib/test/auto/DiscreteClock9.xml
6 ms. Memory: 1364992K Free: 1052758K (77%)
----------------- Invoking toplevel() on ptolemy.moml.MoMLSimpleApplication@6ffa3cb4
----------------- Done invoking toplevel() on ptolemy.moml.MoMLSimpleApplication@6ffa3cb4
reloadAllAccessors: .DiscreteClock9

===========================================================================================
----------------- testing Fri Oct 19 02:33:10 UTC 2018 /home/travis/build/icyphy/ptII/ptolemy/actor/lib/test/auto/DisplayArray.xml
----------------- Instantiating /home/travis/build/icyphy/ptII/ptolemy/actor/lib/test/auto/DisplayArray.xml
1 ms. Memory: 1364992K Free: 1040311K (76%)
----------------- Invoking toplevel() on ptolemy.moml.MoMLSimpleApplication@89e9ebf
----------------- Done invoking toplevel() on ptolemy.moml.MoMLSimpleApplication@89e9ebf
reloadAllAccessors: .DisplayArray

===========================================================================================
----------------- testing Fri Oct 19 02:33:10 UTC 2018 /home/travis/build/icyphy/ptII/ptolemy/actor/lib/test/auto/Distributor.xml
----------------- Instantiating /home/travis/build/icyphy/ptII/ptolemy/actor/lib/test/auto/Distributor.xml
2 ms. Memory: 1364992K Free: 1027864K (75%)
----------------- Invoking toplevel() on ptolemy.moml.MoMLSimpleApplication@5e91aca6
----------------- Done invoking toplevel() on ptolemy.moml.MoMLSimpleApplication@5e91aca6
reloadAllAccessors: .Distributor

===========================================================================================
----------------- testing Fri Oct 19 02:33:10 UTC 2018 /home/travis/build/icyphy/ptII/ptolemy/actor/lib/test/auto/Distributor2.xml
----------------- Instantiating /home/travis/build/icyphy/ptII/ptolemy/actor/lib/test/auto/Distributor2.xml
1 ms. Memory: 1364992K Free: 1015418K (74%)
----------------- Invoking toplevel() on ptolemy.moml.MoMLSimpleApplication@3e6bfa0b
----------------- Done invoking toplevel() on ptolemy.moml.MoMLSimpleApplication@3e6bfa0b
reloadAllAccessors: .Distributor2

===========================================================================================
----------------- testing Fri Oct 19 02:33:10 UTC 2018 /home/travis/build/icyphy/ptII/ptolemy/actor/lib/test/auto/DownSample.xml
----------------- Instantiating /home/travis/build/icyphy/ptII/ptolemy/actor/lib/test/auto/DownSample.xml
1 ms. Memory: 1364992K Free: 1002971K (73%)
----------------- Invoking toplevel() on ptolemy.moml.MoMLSimpleApplication@5a166b75
----------------- Done invoking toplevel() on ptolemy.moml.MoMLSimpleApplication@5a166b75
reloadAllAccessors: .DownSample

===========================================================================================
----------------- testing Fri Oct 19 02:33:10 UTC 2018 /home/travis/build/icyphy/ptII/ptolemy/actor/lib/test/auto/ElectronicUnitBase1.xml
----------------- Instantiating /home/travis/build/icyphy/ptII/ptolemy/actor/lib/test/auto/ElectronicUnitBase1.xml
18 ms. Memory: 1364992K Free: 966894K (71%)
----------------- Invoking toplevel() on ptolemy.moml.MoMLSimpleApplication@63b851c0
----------------- Done invoking toplevel() on ptolemy.moml.MoMLSimpleApplication@63b851c0
reloadAllAccessors: .ElectronicUnitBase1

===========================================================================================
----------------- testing Fri Oct 19 02:33:10 UTC 2018 /home/travis/build/icyphy/ptII/ptolemy/actor/lib/test/auto/ElementsToArray.xml
----------------- Instantiating /home/travis/build/icyphy/ptII/ptolemy/actor/lib/test/auto/ElementsToArray.xml
1 ms. Memory: 1364992K Free: 954448K (70%)
----------------- Invoking toplevel() on ptolemy.moml.MoMLSimpleApplication@1d4cc0a9
----------------- Done invoking toplevel() on ptolemy.moml.MoMLSimpleApplication@1d4cc0a9
reloadAllAccessors: .ElementsToArray

===========================================================================================
----------------- testing Fri Oct 19 02:33:10 UTC 2018 /home/travis/build/icyphy/ptII/ptolemy/actor/lib/test/auto/Equals.xml
----------------- Instantiating /home/travis/build/icyphy/ptII/ptolemy/actor/lib/test/auto/Equals.xml
1 ms. Memory: 1364992K Free: 942001K (69%)
----------------- Invoking toplevel() on ptolemy.moml.MoMLSimpleApplication@6b9a9c16
----------------- Done invoking toplevel() on ptolemy.moml.MoMLSimpleApplication@6b9a9c16
reloadAllAccessors: .Equals

===========================================================================================
----------------- testing Fri Oct 19 02:33:10 UTC 2018 /home/travis/build/icyphy/ptII/ptolemy/actor/lib/test/auto/Exec.xml
----------------- Instantiating /home/travis/build/icyphy/ptII/ptolemy/actor/lib/test/auto/Exec.xml
10 ms. Memory: 1364992K Free: 917107K (67%)
----------------- Invoking toplevel() on ptolemy.moml.MoMLSimpleApplication@3c83ed9c
----------------- Done invoking toplevel() on ptolemy.moml.MoMLSimpleApplication@3c83ed9c
reloadAllAccessors: .Exec

===========================================================================================
----------------- testing Fri Oct 19 02:33:10 UTC 2018 /home/travis/build/icyphy/ptII/ptolemy/actor/lib/test/auto/ExecEnvironment.xml
----------------- Instantiating /home/travis/build/icyphy/ptII/ptolemy/actor/lib/test/auto/ExecEnvironment.xml
22 ms. Memory: 1364992K Free: 893502K (65%)
----------------- Invoking toplevel() on ptolemy.moml.MoMLSimpleApplication@719eb597
----------------- Done invoking toplevel() on ptolemy.moml.MoMLSimpleApplication@719eb597
reloadAllAccessors: .ExecEnvironment

===========================================================================================
----------------- testing Fri Oct 19 02:33:10 UTC 2018 /home/travis/build/icyphy/ptII/ptolemy/actor/lib/test/auto/ExecNonZeroReturnOutput.xml
----------------- Instantiating /home/travis/build/icyphy/ptII/ptolemy/actor/lib/test/auto/ExecNonZeroReturnOutput.xml
113 ms. Memory: 1364992K Free: 800150K (59%)
----------------- Invoking toplevel() on ptolemy.moml.MoMLSimpleApplication@16c5a4f1
----------------- Done invoking toplevel() on ptolemy.moml.MoMLSimpleApplication@16c5a4f1
reloadAllAccessors: .ExecNonZeroReturnOutput

===========================================================================================
----------------- testing Fri Oct 19 02:33:11 UTC 2018 /home/travis/build/icyphy/ptII/ptolemy/actor/lib/test/auto/ExecRunDemos.xml
----------------- Instantiating /home/travis/build/icyphy/ptII/ptolemy/actor/lib/test/auto/ExecRunDemos.xml
Finished: 70 ms. Memory: 116224K Free: 100103K (86%)

Finished: 47 ms. Memory: 116224K Free: 96399K (83%)

Finished: 55 ms. Memory: 116224K Free: 96933K (83%)

Finished: 35 ms. Memory: 116224K Free: 98268K (85%)

Finished: 45 ms. Memory: 116224K Free: 99505K (86%)

9458 ms. Memory: 1364992K Free: 712987K (52%)
----------------- Invoking toplevel() on ptolemy.moml.MoMLSimpleApplication@3af54c70
----------------- Done invoking toplevel() on ptolemy.moml.MoMLSimpleApplication@3af54c70
reloadAllAccessors: .ExecRunDemos

===========================================================================================
----------------- testing Fri Oct 19 02:33:20 UTC 2018 /home/travis/build/icyphy/ptII/ptolemy/actor/lib/test/auto/ExecStop.xml
----------------- Instantiating /home/travis/build/icyphy/ptII/ptolemy/actor/lib/test/auto/ExecStop.xml
5014 ms. Memory: 1364992K Free: 507615K (37%)
----------------- Invoking toplevel() on ptolemy.moml.MoMLSimpleApplication@79834e17
----------------- Done invoking toplevel() on ptolemy.moml.MoMLSimpleApplication@79834e17
reloadAllAccessors: .ExecStop

===========================================================================================
----------------- testing Fri Oct 19 02:33:25 UTC 2018 /home/travis/build/icyphy/ptII/ptolemy/actor/lib/test/auto/ExecutionTimeSDF.xml
----------------- Instantiating /home/travis/build/icyphy/ptII/ptolemy/actor/lib/test/auto/ExecutionTimeSDF.xml
Fired ExecutionTime: -554167296
Fired ExecutionTime: 973600000
Fired ExecutionTime: 1001200000
6005 ms. Memory: 1364992K Free: 488945K (36%)
----------------- Invoking toplevel() on ptolemy.moml.MoMLSimpleApplication@32b6624f
----------------- Done invoking toplevel() on ptolemy.moml.MoMLSimpleApplication@32b6624f
reloadAllAccessors: .ExecutionTimeSDF

===========================================================================================
----------------- testing Fri Oct 19 02:33:31 UTC 2018 /home/travis/build/icyphy/ptII/ptolemy/actor/lib/test/auto/Expression1.xml
----------------- Instantiating /home/travis/build/icyphy/ptII/ptolemy/actor/lib/test/auto/Expression1.xml
4 ms. Memory: 1364992K Free: 465339K (34%)
----------------- Invoking toplevel() on ptolemy.moml.MoMLSimpleApplication@6f724e90
----------------- Done invoking toplevel() on ptolemy.moml.MoMLSimpleApplication@6f724e90
reloadAllAccessors: .Expression1

===========================================================================================
----------------- testing Fri Oct 19 02:33:31 UTC 2018 /home/travis/build/icyphy/ptII/ptolemy/actor/lib/test/auto/Expression10.xml
----------------- Instantiating /home/travis/build/icyphy/ptII/ptolemy/actor/lib/test/auto/Expression10.xml
6 ms. Memory: 1364992K Free: 452892K (33%)
----------------- Invoking toplevel() on ptolemy.moml.MoMLSimpleApplication@60ec956c
----------------- Done invoking toplevel() on ptolemy.moml.MoMLSimpleApplication@60ec956c
reloadAllAccessors: .Expression10

===========================================================================================
----------------- testing Fri Oct 19 02:33:31 UTC 2018 /home/travis/build/icyphy/ptII/ptolemy/actor/lib/test/auto/Expression11.xml
----------------- Instantiating /home/travis/build/icyphy/ptII/ptolemy/actor/lib/test/auto/Expression11.xml
2 ms. Memory: 1364992K Free: 440446K (32%)
----------------- Invoking toplevel() on ptolemy.moml.MoMLSimpleApplication@6bab9344
----------------- Done invoking toplevel() on ptolemy.moml.MoMLSimpleApplication@6bab9344
reloadAllAccessors: .Expression11

===========================================================================================
----------------- testing Fri Oct 19 02:33:31 UTC 2018 /home/travis/build/icyphy/ptII/ptolemy/actor/lib/test/auto/Expression12.xml
----------------- Instantiating /home/travis/build/icyphy/ptII/ptolemy/actor/lib/test/auto/Expression12.xml
6 ms. Memory: 1364992K Free: 427999K (31%)
----------------- Invoking toplevel() on ptolemy.moml.MoMLSimpleApplication@b7ce0aa
----------------- Done invoking toplevel() on ptolemy.moml.MoMLSimpleApplication@b7ce0aa
reloadAllAccessors: .Expression12

===========================================================================================
----------------- testing Fri Oct 19 02:33:31 UTC 2018 /home/travis/build/icyphy/ptII/ptolemy/actor/lib/test/auto/Expression13.xml
----------------- Instantiating /home/travis/build/icyphy/ptII/ptolemy/actor/lib/test/auto/Expression13.xml
3 ms. Memory: 1364992K Free: 415552K (30%)
----------------- Invoking toplevel() on ptolemy.moml.MoMLSimpleApplication@cea536e
----------------- Done invoking toplevel() on ptolemy.moml.MoMLSimpleApplication@cea536e
reloadAllAccessors: .Expression13

===========================================================================================
----------------- testing Fri Oct 19 02:33:31 UTC 2018 /home/travis/build/icyphy/ptII/ptolemy/actor/lib/test/auto/Expression14.xml
----------------- Instantiating /home/travis/build/icyphy/ptII/ptolemy/actor/lib/test/auto/Expression14.xml
4 ms. Memory: 1364992K Free: 391946K (29%)
----------------- Invoking toplevel() on ptolemy.moml.MoMLSimpleApplication@30c200d3
----------------- Done invoking toplevel() on ptolemy.moml.MoMLSimpleApplication@30c200d3
reloadAllAccessors: .Expression14

===========================================================================================
----------------- testing Fri Oct 19 02:33:31 UTC 2018 /home/travis/build/icyphy/ptII/ptolemy/actor/lib/test/auto/Expression15.xml
----------------- Instantiating /home/travis/build/icyphy/ptII/ptolemy/actor/lib/test/auto/Expression15.xml
2 ms. Memory: 1364992K Free: 371409K (27%)
----------------- Invoking toplevel() on ptolemy.moml.MoMLSimpleApplication@44d7d5ea
----------------- Done invoking toplevel() on ptolemy.moml.MoMLSimpleApplication@44d7d5ea
reloadAllAccessors: .Expression15

===========================================================================================
----------------- testing Fri Oct 19 02:33:31 UTC 2018 /home/travis/build/icyphy/ptII/ptolemy/actor/lib/test/auto/Expression16.xml
----------------- Instantiating /home/travis/build/icyphy/ptII/ptolemy/actor/lib/test/auto/Expression16.xml
5 ms. Memory: 1364992K Free: 358962K (26%)
----------------- Invoking toplevel() on ptolemy.moml.MoMLSimpleApplication@4c8a99b9
----------------- Done invoking toplevel() on ptolemy.moml.MoMLSimpleApplication@4c8a99b9
reloadAllAccessors: .Expression16

===========================================================================================
----------------- testing Fri Oct 19 02:33:31 UTC 2018 /home/travis/build/icyphy/ptII/ptolemy/actor/lib/test/auto/Expression17.xml
----------------- Instantiating /home/travis/build/icyphy/ptII/ptolemy/actor/lib/test/auto/Expression17.xml
3 ms. Memory: 1364992K Free: 346516K (25%)
----------------- Invoking toplevel() on ptolemy.moml.MoMLSimpleApplication@6345b504
----------------- Done invoking toplevel() on ptolemy.moml.MoMLSimpleApplication@6345b504
reloadAllAccessors: .Expression17

===========================================================================================
----------------- testing Fri Oct 19 02:33:31 UTC 2018 /home/travis/build/icyphy/ptII/ptolemy/actor/lib/test/auto/Expression18.xml
----------------- Instantiating /home/travis/build/icyphy/ptII/ptolemy/actor/lib/test/auto/Expression18.xml
5 ms. Memory: 1364992K Free: 334069K (24%)
----------------- Invoking toplevel() on ptolemy.moml.MoMLSimpleApplication@29b5bb84
----------------- Done invoking toplevel() on ptolemy.moml.MoMLSimpleApplication@29b5bb84
reloadAllAccessors: .Expression18

===========================================================================================
----------------- testing Fri Oct 19 02:33:31 UTC 2018 /home/travis/build/icyphy/ptII/ptolemy/actor/lib/test/auto/Expression2.xml
----------------- Instantiating /home/travis/build/icyphy/ptII/ptolemy/actor/lib/test/auto/Expression2.xml
3 ms. Memory: 1364992K Free: 310463K (23%)
----------------- Invoking toplevel() on ptolemy.moml.MoMLSimpleApplication@7aa547be
----------------- Done invoking toplevel() on ptolemy.moml.MoMLSimpleApplication@7aa547be
reloadAllAccessors: .Expression2

===========================================================================================
----------------- testing Fri Oct 19 02:33:31 UTC 2018 /home/travis/build/icyphy/ptII/ptolemy/actor/lib/test/auto/Expression3.xml
----------------- Instantiating /home/travis/build/icyphy/ptII/ptolemy/actor/lib/test/auto/Expression3.xml
5 ms. Memory: 1364992K Free: 298016K (22%)
----------------- Invoking toplevel() on ptolemy.moml.MoMLSimpleApplication@e887af4
----------------- Done invoking toplevel() on ptolemy.moml.MoMLSimpleApplication@e887af4
reloadAllAccessors: .Expression3

===========================================================================================
----------------- testing Fri Oct 19 02:33:31 UTC 2018 /home/travis/build/icyphy/ptII/ptolemy/actor/lib/test/auto/Expression4.xml
----------------- Instantiating /home/travis/build/icyphy/ptII/ptolemy/actor/lib/test/auto/Expression4.xml
5 ms. Memory: 1364992K Free: 285569K (21%)
----------------- Invoking toplevel() on ptolemy.moml.MoMLSimpleApplication@3ad8e99e
----------------- Done invoking toplevel() on ptolemy.moml.MoMLSimpleApplication@3ad8e99e
reloadAllAccessors: .Expression4

===========================================================================================
----------------- testing Fri Oct 19 02:33:31 UTC 2018 /home/travis/build/icyphy/ptII/ptolemy/actor/lib/test/auto/Expression5.xml
----------------- Instantiating /home/travis/build/icyphy/ptII/ptolemy/actor/lib/test/auto/Expression5.xml
6 ms. Memory: 1364992K Free: 273123K (20%)
----------------- Invoking toplevel() on ptolemy.moml.MoMLSimpleApplication@1b28aa26
----------------- Done invoking toplevel() on ptolemy.moml.MoMLSimpleApplication@1b28aa26
reloadAllAccessors: .Expression5

===========================================================================================
----------------- testing Fri Oct 19 02:33:31 UTC 2018 /home/travis/build/icyphy/ptII/ptolemy/actor/lib/test/auto/Expression6.xml
----------------- Instantiating /home/travis/build/icyphy/ptII/ptolemy/actor/lib/test/auto/Expression6.xml
3 ms. Memory: 1364992K Free: 260676K (19%)
----------------- Invoking toplevel() on ptolemy.moml.MoMLSimpleApplication@22e27851
----------------- Done invoking toplevel() on ptolemy.moml.MoMLSimpleApplication@22e27851
reloadAllAccessors: .Expression6

===========================================================================================
----------------- testing Fri Oct 19 02:33:31 UTC 2018 /home/travis/build/icyphy/ptII/ptolemy/actor/lib/test/auto/Expression7.xml
----------------- Instantiating /home/travis/build/icyphy/ptII/ptolemy/actor/lib/test/auto/Expression7.xml
2 ms. Memory: 1364992K Free: 237070K (17%)
----------------- Invoking toplevel() on ptolemy.moml.MoMLSimpleApplication@1335f32b
----------------- Done invoking toplevel() on ptolemy.moml.MoMLSimpleApplication@1335f32b
reloadAllAccessors: .Expression7

===========================================================================================
----------------- testing Fri Oct 19 02:33:31 UTC 2018 /home/travis/build/icyphy/ptII/ptolemy/actor/lib/test/auto/Expression8.xml
----------------- Instantiating /home/travis/build/icyphy/ptII/ptolemy/actor/lib/test/auto/Expression8.xml
7 ms. Memory: 1364992K Free: 224623K (16%)
----------------- Invoking toplevel() on ptolemy.moml.MoMLSimpleApplication@1268d419
----------------- Done invoking toplevel() on ptolemy.moml.MoMLSimpleApplication@1268d419
reloadAllAccessors: .Expression8

===========================================================================================
----------------- testing Fri Oct 19 02:33:31 UTC 2018 /home/travis/build/icyphy/ptII/ptolemy/actor/lib/test/auto/Expression9.xml
----------------- Instantiating /home/travis/build/icyphy/ptII/ptolemy/actor/lib/test/auto/Expression9.xml
3 ms. Memory: 1364992K Free: 212177K (16%)
----------------- Invoking toplevel() on ptolemy.moml.MoMLSimpleApplication@5f664167
----------------- Done invoking toplevel() on ptolemy.moml.MoMLSimpleApplication@5f664167
reloadAllAccessors: .Expression9

===========================================================================================
----------------- testing Fri Oct 19 02:33:31 UTC 2018 /home/travis/build/icyphy/ptII/ptolemy/actor/lib/test/auto/ExpressionConcatenateArrayType.xml
----------------- Instantiating /home/travis/build/icyphy/ptII/ptolemy/actor/lib/test/auto/ExpressionConcatenateArrayType.xml
2 ms. Memory: 1364992K Free: 199730K (15%)
----------------- Invoking toplevel() on ptolemy.moml.MoMLSimpleApplication@77fd4e44
----------------- Done invoking toplevel() on ptolemy.moml.MoMLSimpleApplication@77fd4e44
reloadAllAccessors: .ExpressionConcatenateArrayType

===========================================================================================
----------------- testing Fri Oct 19 02:33:32 UTC 2018 /home/travis/build/icyphy/ptII/ptolemy/actor/lib/test/auto/ExpressionConcatenateArrayType2.xml
----------------- Instantiating /home/travis/build/icyphy/ptII/ptolemy/actor/lib/test/auto/ExpressionConcatenateArrayType2.xml
3 ms. Memory: 1364992K Free: 187283K (14%)
----------------- Invoking toplevel() on ptolemy.moml.MoMLSimpleApplication@3ef6fc2b
----------------- Done invoking toplevel() on ptolemy.moml.MoMLSimpleApplication@3ef6fc2b
reloadAllAccessors: .ExpressionConcatenateArrayType2

===========================================================================================
----------------- testing Fri Oct 19 02:33:32 UTC 2018 /home/travis/build/icyphy/ptII/ptolemy/actor/lib/test/auto/ExpressionFix.xml
----------------- Instantiating /home/travis/build/icyphy/ptII/ptolemy/actor/lib/test/auto/ExpressionFix.xml
19 ms. Memory: 1364992K Free: 163677K (12%)
----------------- Invoking toplevel() on ptolemy.moml.MoMLSimpleApplication@70452511
----------------- Done invoking toplevel() on ptolemy.moml.MoMLSimpleApplication@70452511
reloadAllAccessors: .ExpressionFix

===========================================================================================
----------------- testing Fri Oct 19 02:33:32 UTC 2018 /home/travis/build/icyphy/ptII/ptolemy/actor/lib/test/auto/ExpressionFix2.xml
----------------- Instantiating /home/travis/build/icyphy/ptII/ptolemy/actor/lib/test/auto/ExpressionFix2.xml
5 ms. Memory: 1364992K Free: 151230K (11%)
----------------- Invoking toplevel() on ptolemy.moml.MoMLSimpleApplication@1d68460f
----------------- Done invoking toplevel() on ptolemy.moml.MoMLSimpleApplication@1d68460f
reloadAllAccessors: .ExpressionFix2

===========================================================================================
----------------- testing Fri Oct 19 02:33:32 UTC 2018 /home/travis/build/icyphy/ptII/ptolemy/actor/lib/test/auto/ExpressionFix3.xml
----------------- Instantiating /home/travis/build/icyphy/ptII/ptolemy/actor/lib/test/auto/ExpressionFix3.xml
3 ms. Memory: 1364992K Free: 138784K (10%)
----------------- Invoking toplevel() on ptolemy.moml.MoMLSimpleApplication@63a2fe67
----------------- Done invoking toplevel() on ptolemy.moml.MoMLSimpleApplication@63a2fe67
reloadAllAccessors: .ExpressionFix3

===========================================================================================
----------------- testing Fri Oct 19 02:33:32 UTC 2018 /home/travis/build/icyphy/ptII/ptolemy/actor/lib/test/auto/FileWriter1.xml
----------------- Instantiating /home/travis/build/icyphy/ptII/ptolemy/actor/lib/test/auto/FileWriter1.xml
6 ms. Memory: 1364992K Free: 126337K (9%)
----------------- Invoking toplevel() on ptolemy.moml.MoMLSimpleApplication@5826a85
----------------- Done invoking toplevel() on ptolemy.moml.MoMLSimpleApplication@5826a85
reloadAllAccessors: .FileWriter1

===========================================================================================
----------------- testing Fri Oct 19 02:33:32 UTC 2018 /home/travis/build/icyphy/ptII/ptolemy/actor/lib/test/auto/FileWriter2.xml
----------------- Instantiating /home/travis/build/icyphy/ptII/ptolemy/actor/lib/test/auto/FileWriter2.xml
2 ms. Memory: 1364992K Free: 113890K (8%)
----------------- Invoking toplevel() on ptolemy.moml.MoMLSimpleApplication@18ac558a
----------------- Done invoking toplevel() on ptolemy.moml.MoMLSimpleApplication@18ac558a
reloadAllAccessors: .FileWriter2

===========================================================================================
----------------- testing Fri Oct 19 02:33:32 UTC 2018 /home/travis/build/icyphy/ptII/ptolemy/actor/lib/test/auto/FileWriter3.xml
----------------- Instantiating /home/travis/build/icyphy/ptII/ptolemy/actor/lib/test/auto/FileWriter3.xml
4 ms. Memory: 1364992K Free: 90284K (7%)
----------------- Invoking toplevel() on ptolemy.moml.MoMLSimpleApplication@74cfdf44
----------------- Done invoking toplevel() on ptolemy.moml.MoMLSimpleApplication@74cfdf44
reloadAllAccessors: .FileWriter3

===========================================================================================
----------------- testing Fri Oct 19 02:33:32 UTC 2018 /home/travis/build/icyphy/ptII/ptolemy/actor/lib/test/auto/Gaussian.xml
----------------- Instantiating /home/travis/build/icyphy/ptII/ptolemy/actor/lib/test/auto/Gaussian.xml
2 ms. Memory: 1364992K Free: 82980K (6%)
----------------- Invoking toplevel() on ptolemy.moml.MoMLSimpleApplication@7985dcc2
----------------- Done invoking toplevel() on ptolemy.moml.MoMLSimpleApplication@7985dcc2
reloadAllAccessors: .Gaussian

===========================================================================================
----------------- testing Fri Oct 19 02:33:32 UTC 2018 /home/travis/build/icyphy/ptII/ptolemy/actor/lib/test/auto/Gaussian1.xml
----------------- Instantiating /home/travis/build/icyphy/ptII/ptolemy/actor/lib/test/auto/Gaussian1.xml
2 ms. Memory: 1365504K Free: 1314610K (96%)
----------------- Invoking toplevel() on ptolemy.moml.MoMLSimpleApplication@ec7d3f0
----------------- Done invoking toplevel() on ptolemy.moml.MoMLSimpleApplication@ec7d3f0
reloadAllAccessors: .Gaussian1

===========================================================================================
----------------- testing Fri Oct 19 02:33:32 UTC 2018 /home/travis/build/icyphy/ptII/ptolemy/actor/lib/test/auto/Gaussian2.xml
----------------- Instantiating /home/travis/build/icyphy/ptII/ptolemy/actor/lib/test/auto/Gaussian2.xml
2 ms. Memory: 1365504K Free: 1294050K (95%)
----------------- Invoking toplevel() on ptolemy.moml.MoMLSimpleApplication@29c9a3e8
----------------- Done invoking toplevel() on ptolemy.moml.MoMLSimpleApplication@29c9a3e8
reloadAllAccessors: .Gaussian2

===========================================================================================
----------------- testing Fri Oct 19 02:33:32 UTC 2018 /home/travis/build/icyphy/ptII/ptolemy/actor/lib/test/auto/GradientAdaptiveLattice.xml
----------------- Instantiating /home/travis/build/icyphy/ptII/ptolemy/actor/lib/test/auto/GradientAdaptiveLattice.xml
2 ms. Memory: 1365504K Free: 1281603K (94%)
----------------- Invoking toplevel() on ptolemy.moml.MoMLSimpleApplication@53cabd54
----------------- Done invoking toplevel() on ptolemy.moml.MoMLSimpleApplication@53cabd54
reloadAllAccessors: .GradientAdaptiveLattice

===========================================================================================
----------------- testing Fri Oct 19 02:33:32 UTC 2018 /home/travis/build/icyphy/ptII/ptolemy/actor/lib/test/auto/IIR.xml
----------------- Instantiating /home/travis/build/icyphy/ptII/ptolemy/actor/lib/test/auto/IIR.xml
1 ms. Memory: 1365504K Free: 1269157K (93%)
----------------- Invoking toplevel() on ptolemy.moml.MoMLSimpleApplication@7fa93e8c
----------------- Done invoking toplevel() on ptolemy.moml.MoMLSimpleApplication@7fa93e8c
reloadAllAccessors: .IIR

===========================================================================================
----------------- testing Fri Oct 19 02:33:32 UTC 2018 /home/travis/build/icyphy/ptII/ptolemy/actor/lib/test/auto/InputOutputTransparentPorts.xml
----------------- Instantiating /home/travis/build/icyphy/ptII/ptolemy/actor/lib/test/auto/InputOutputTransparentPorts.xml
1 ms. Memory: 1365504K Free: 1248597K (91%)
----------------- Invoking toplevel() on ptolemy.moml.MoMLSimpleApplication@64046f29
----------------- Done invoking toplevel() on ptolemy.moml.MoMLSimpleApplication@64046f29
reloadAllAccessors: .InputOutputTransparentPorts

===========================================================================================
----------------- testing Fri Oct 19 02:33:32 UTC 2018 /home/travis/build/icyphy/ptII/ptolemy/actor/lib/test/auto/Interpolator.xml
----------------- Instantiating /home/travis/build/icyphy/ptII/ptolemy/actor/lib/test/auto/Interpolator.xml
2 ms. Memory: 1365504K Free: 1236150K (91%)
----------------- Invoking toplevel() on ptolemy.moml.MoMLSimpleApplication@62b8529
----------------- Done invoking toplevel() on ptolemy.moml.MoMLSimpleApplication@62b8529
reloadAllAccessors: .Interpolator

===========================================================================================
----------------- testing Fri Oct 19 02:33:32 UTC 2018 /home/travis/build/icyphy/ptII/ptolemy/actor/lib/test/auto/InterpolatorFiringLimitDE.xml
----------------- Instantiating /home/travis/build/icyphy/ptII/ptolemy/actor/lib/test/auto/InterpolatorFiringLimitDE.xml
1 ms. Memory: 1365504K Free: 1223704K (90%)
----------------- Invoking toplevel() on ptolemy.moml.MoMLSimpleApplication@42d400fb
----------------- Done invoking toplevel() on ptolemy.moml.MoMLSimpleApplication@42d400fb
reloadAllAccessors: .InterpolatorFiringLimitDE

===========================================================================================
----------------- testing Fri Oct 19 02:33:32 UTC 2018 /home/travis/build/icyphy/ptII/ptolemy/actor/lib/test/auto/Lattice.xml
----------------- Instantiating /home/travis/build/icyphy/ptII/ptolemy/actor/lib/test/auto/Lattice.xml
1 ms. Memory: 1365504K Free: 1211257K (89%)
----------------- Invoking toplevel() on ptolemy.moml.MoMLSimpleApplication@50143950
----------------- Done invoking toplevel() on ptolemy.moml.MoMLSimpleApplication@50143950
reloadAllAccessors: .Lattice

===========================================================================================
----------------- testing Fri Oct 19 02:33:32 UTC 2018 /home/travis/build/icyphy/ptII/ptolemy/actor/lib/test/auto/LazyAOCTestLazy.xml
----------------- Instantiating /home/travis/build/icyphy/ptII/ptolemy/actor/lib/test/auto/LazyAOCTestLazy.xml
7 ms. Memory: 1365504K Free: 1190697K (87%)
----------------- Invoking toplevel() on ptolemy.moml.MoMLSimpleApplication@48a42a4b
----------------- Done invoking toplevel() on ptolemy.moml.MoMLSimpleApplication@48a42a4b
reloadAllAccessors: .LazyAOCTestLazy

===========================================================================================
----------------- testing Fri Oct 19 02:33:32 UTC 2018 /home/travis/build/icyphy/ptII/ptolemy/actor/lib/test/auto/LazyAOCTestNonLazy.xml
----------------- Instantiating /home/travis/build/icyphy/ptII/ptolemy/actor/lib/test/auto/LazyAOCTestNonLazy.xml
2 ms. Memory: 1365504K Free: 1178250K (86%)
----------------- Invoking toplevel() on ptolemy.moml.MoMLSimpleApplication@372ec1f0
----------------- Done invoking toplevel() on ptolemy.moml.MoMLSimpleApplication@372ec1f0
reloadAllAccessors: .LazyAOCTestNonLazy

===========================================================================================
----------------- testing Fri Oct 19 02:33:32 UTC 2018 /home/travis/build/icyphy/ptII/ptolemy/actor/lib/test/auto/LazyInnerClass.xml
----------------- Instantiating /home/travis/build/icyphy/ptII/ptolemy/actor/lib/test/auto/LazyInnerClass.xml
14 ms. Memory: 1365504K Free: 1165804K (85%)
----------------- Invoking toplevel() on ptolemy.moml.MoMLSimpleApplication@34c319a4
----------------- Done invoking toplevel() on ptolemy.moml.MoMLSimpleApplication@34c319a4
reloadAllAccessors: .LazyInnerClass

===========================================================================================
----------------- testing Fri Oct 19 02:33:32 UTC 2018 /home/travis/build/icyphy/ptII/ptolemy/actor/lib/test/auto/LazyPubSub.xml
----------------- Instantiating /home/travis/build/icyphy/ptII/ptolemy/actor/lib/test/auto/LazyPubSub.xml
15 ms. Memory: 1365504K Free: 1145244K (84%)
----------------- Invoking toplevel() on ptolemy.moml.MoMLSimpleApplication@5f1cdac2
----------------- Done invoking toplevel() on ptolemy.moml.MoMLSimpleApplication@5f1cdac2
reloadAllAccessors: .LazyPubSub

===========================================================================================
----------------- testing Fri Oct 19 02:33:32 UTC 2018 /home/travis/build/icyphy/ptII/ptolemy/actor/lib/test/auto/LazyPubSub2.xml
----------------- Instantiating /home/travis/build/icyphy/ptII/ptolemy/actor/lib/test/auto/LazyPubSub2.xml
15 ms. Memory: 1365504K Free: 1132688K (83%)
----------------- Invoking toplevel() on ptolemy.moml.MoMLSimpleApplication@48ded9da
----------------- Done invoking toplevel() on ptolemy.moml.MoMLSimpleApplication@48ded9da
reloadAllAccessors: .LazyPubSub2

===========================================================================================
----------------- testing Fri Oct 19 02:33:32 UTC 2018 /home/travis/build/icyphy/ptII/ptolemy/actor/lib/test/auto/LazyPubSub3.xml
----------------- Instantiating /home/travis/build/icyphy/ptII/ptolemy/actor/lib/test/auto/LazyPubSub3.xml
10 ms. Memory: 1365504K Free: 1120241K (82%)
----------------- Invoking toplevel() on ptolemy.moml.MoMLSimpleApplication@6f7631ab
----------------- Done invoking toplevel() on ptolemy.moml.MoMLSimpleApplication@6f7631ab
reloadAllAccessors: .LazyPubSub3

===========================================================================================
----------------- testing Fri Oct 19 02:33:32 UTC 2018 /home/travis/build/icyphy/ptII/ptolemy/actor/lib/test/auto/LazySubClassModel.xml
----------------- Instantiating /home/travis/build/icyphy/ptII/ptolemy/actor/lib/test/auto/LazySubClassModel.xml
2 ms. Memory: 1365504K Free: 1101571K (81%)
----------------- Invoking toplevel() on ptolemy.moml.MoMLSimpleApplication@4814b2f9
----------------- Done invoking toplevel() on ptolemy.moml.MoMLSimpleApplication@4814b2f9
reloadAllAccessors: .LazySubClassModel

===========================================================================================
----------------- testing Fri Oct 19 02:33:32 UTC 2018 /home/travis/build/icyphy/ptII/ptolemy/actor/lib/test/auto/LevelCrossTest1.xml
----------------- Instantiating /home/travis/build/icyphy/ptII/ptolemy/actor/lib/test/auto/LevelCrossTest1.xml
1 ms. Memory: 1365504K Free: 1081012K (79%)
----------------- Invoking toplevel() on ptolemy.moml.MoMLSimpleApplication@4d5323be
----------------- Done invoking toplevel() on ptolemy.moml.MoMLSimpleApplication@4d5323be
reloadAllAccessors: .broken

===========================================================================================
----------------- testing Fri Oct 19 02:33:32 UTC 2018 /home/travis/build/icyphy/ptII/ptolemy/actor/lib/test/auto/LevelCrossTest10.xml
----------------- Instantiating /home/travis/build/icyphy/ptII/ptolemy/actor/lib/test/auto/LevelCrossTest10.xml
1 ms. Memory: 1365504K Free: 1068565K (78%)
----------------- Invoking toplevel() on ptolemy.moml.MoMLSimpleApplication@7c7347ee
----------------- Done invoking toplevel() on ptolemy.moml.MoMLSimpleApplication@7c7347ee
reloadAllAccessors: .LevelCrossTest10

===========================================================================================
----------------- testing Fri Oct 19 02:33:32 UTC 2018 /home/travis/build/icyphy/ptII/ptolemy/actor/lib/test/auto/LevelCrossTest11.xml
----------------- Instantiating /home/travis/build/icyphy/ptII/ptolemy/actor/lib/test/auto/LevelCrossTest11.xml
1 ms. Memory: 1365504K Free: 1056118K (77%)
----------------- Invoking toplevel() on ptolemy.moml.MoMLSimpleApplication@20a71695
----------------- Done invoking toplevel() on ptolemy.moml.MoMLSimpleApplication@20a71695
reloadAllAccessors: .LevelCrossTest11

===========================================================================================
----------------- testing Fri Oct 19 02:33:32 UTC 2018 /home/travis/build/icyphy/ptII/ptolemy/actor/lib/test/auto/LevelCrossTest12.xml
----------------- Instantiating /home/travis/build/icyphy/ptII/ptolemy/actor/lib/test/auto/LevelCrossTest12.xml
1 ms. Memory: 1365504K Free: 1035559K (76%)
----------------- Invoking toplevel() on ptolemy.moml.MoMLSimpleApplication@4699e4ab
----------------- Done invoking toplevel() on ptolemy.moml.MoMLSimpleApplication@4699e4ab
reloadAllAccessors: .LevelCrossTest12

===========================================================================================
----------------- testing Fri Oct 19 02:33:32 UTC 2018 /home/travis/build/icyphy/ptII/ptolemy/actor/lib/test/auto/LevelCrossTest13.xml
----------------- Instantiating /home/travis/build/icyphy/ptII/ptolemy/actor/lib/test/auto/LevelCrossTest13.xml
1 ms. Memory: 1365504K Free: 1023112K (75%)
----------------- Invoking toplevel() on ptolemy.moml.MoMLSimpleApplication@4ec331d6
----------------- Done invoking toplevel() on ptolemy.moml.MoMLSimpleApplication@4ec331d6
reloadAllAccessors: .LevelCrossTest13

===========================================================================================
----------------- testing Fri Oct 19 02:33:32 UTC 2018 /home/travis/build/icyphy/ptII/ptolemy/actor/lib/test/auto/LevelCrossTest2.xml
----------------- Instantiating /home/travis/build/icyphy/ptII/ptolemy/actor/lib/test/auto/LevelCrossTest2.xml
2 ms. Memory: 1365504K Free: 1010665K (74%)
----------------- Invoking toplevel() on ptolemy.moml.MoMLSimpleApplication@36eeb661
----------------- Done invoking toplevel() on ptolemy.moml.MoMLSimpleApplication@36eeb661
reloadAllAccessors: .broken

===========================================================================================
----------------- testing Fri Oct 19 02:33:32 UTC 2018 /home/travis/build/icyphy/ptII/ptolemy/actor/lib/test/auto/LevelCrossTest3.xml
----------------- Instantiating /home/travis/build/icyphy/ptII/ptolemy/actor/lib/test/auto/LevelCrossTest3.xml
1 ms. Memory: 1365504K Free: 998218K (73%)
----------------- Invoking toplevel() on ptolemy.moml.MoMLSimpleApplication@7e49f33e
----------------- Done invoking toplevel() on ptolemy.moml.MoMLSimpleApplication@7e49f33e
reloadAllAccessors: .LevelCrossTest3

===========================================================================================
----------------- testing Fri Oct 19 02:33:32 UTC 2018 /home/travis/build/icyphy/ptII/ptolemy/actor/lib/test/auto/LevelCrossTest4.xml
----------------- Instantiating /home/travis/build/icyphy/ptII/ptolemy/actor/lib/test/auto/LevelCrossTest4.xml
1 ms. Memory: 1365504K Free: 977659K (72%)
----------------- Invoking toplevel() on ptolemy.moml.MoMLSimpleApplication@713822a
----------------- Done invoking toplevel() on ptolemy.moml.MoMLSimpleApplication@713822a
reloadAllAccessors: .broken

===========================================================================================
----------------- testing Fri Oct 19 02:33:32 UTC 2018 /home/travis/build/icyphy/ptII/ptolemy/actor/lib/test/auto/LevelCrossTest5.xml
----------------- Instantiating /home/travis/build/icyphy/ptII/ptolemy/actor/lib/test/auto/LevelCrossTest5.xml
1 ms. Memory: 1365504K Free: 965212K (71%)
----------------- Invoking toplevel() on ptolemy.moml.MoMLSimpleApplication@26773e50
----------------- Done invoking toplevel() on ptolemy.moml.MoMLSimpleApplication@26773e50
reloadAllAccessors: .LevelCrossTest5

===========================================================================================
----------------- testing Fri Oct 19 02:33:32 UTC 2018 /home/travis/build/icyphy/ptII/ptolemy/actor/lib/test/auto/LevelCrossTest6.xml
----------------- Instantiating /home/travis/build/icyphy/ptII/ptolemy/actor/lib/test/auto/LevelCrossTest6.xml
1 ms. Memory: 1365504K Free: 952766K (70%)
----------------- Invoking toplevel() on ptolemy.moml.MoMLSimpleApplication@1776bafc
----------------- Done invoking toplevel() on ptolemy.moml.MoMLSimpleApplication@1776bafc
reloadAllAccessors: .LevelCrossTest6

===========================================================================================
----------------- testing Fri Oct 19 02:33:32 UTC 2018 /home/travis/build/icyphy/ptII/ptolemy/actor/lib/test/auto/LevelCrossTest7.xml
----------------- Instantiating /home/travis/build/icyphy/ptII/ptolemy/actor/lib/test/auto/LevelCrossTest7.xml
1 ms. Memory: 1365504K Free: 932206K (68%)
----------------- Invoking toplevel() on ptolemy.moml.MoMLSimpleApplication@639f4da8
----------------- Done invoking toplevel() on ptolemy.moml.MoMLSimpleApplication@639f4da8
reloadAllAccessors: .LevelCrossTest7

===========================================================================================
----------------- testing Fri Oct 19 02:33:32 UTC 2018 /home/travis/build/icyphy/ptII/ptolemy/actor/lib/test/auto/LevelCrossTest8.xml
----------------- Instantiating /home/travis/build/icyphy/ptII/ptolemy/actor/lib/test/auto/LevelCrossTest8.xml
1 ms. Memory: 1365504K Free: 919759K (67%)
----------------- Invoking toplevel() on ptolemy.moml.MoMLSimpleApplication@17e8847d
----------------- Done invoking toplevel() on ptolemy.moml.MoMLSimpleApplication@17e8847d
reloadAllAccessors: .LevelCrossTest8

===========================================================================================
----------------- testing Fri Oct 19 02:33:32 UTC 2018 /home/travis/build/icyphy/ptII/ptolemy/actor/lib/test/auto/LevelCrossTest9.xml
----------------- Instantiating /home/travis/build/icyphy/ptII/ptolemy/actor/lib/test/auto/LevelCrossTest9.xml
1 ms. Memory: 1365504K Free: 907312K (66%)
----------------- Invoking toplevel() on ptolemy.moml.MoMLSimpleApplication@232b8611
----------------- Done invoking toplevel() on ptolemy.moml.MoMLSimpleApplication@232b8611
reloadAllAccessors: .LevelCrossTest9

===========================================================================================
----------------- testing Fri Oct 19 02:33:32 UTC 2018 /home/travis/build/icyphy/ptII/ptolemy/actor/lib/test/auto/LevinsonDurbin.xml
----------------- Instantiating /home/travis/build/icyphy/ptII/ptolemy/actor/lib/test/auto/LevinsonDurbin.xml
1 ms. Memory: 1365504K Free: 894866K (66%)
----------------- Invoking toplevel() on ptolemy.moml.MoMLSimpleApplication@6f8b0eea
----------------- Done invoking toplevel() on ptolemy.moml.MoMLSimpleApplication@6f8b0eea
reloadAllAccessors: .LevinsonDurbin

===========================================================================================
----------------- testing Fri Oct 19 02:33:32 UTC 2018 /home/travis/build/icyphy/ptII/ptolemy/actor/lib/test/auto/LevinsonDurbin2.xml
----------------- Instantiating /home/travis/build/icyphy/ptII/ptolemy/actor/lib/test/auto/LevinsonDurbin2.xml
1 ms. Memory: 1365504K Free: 874306K (64%)
----------------- Invoking toplevel() on ptolemy.moml.MoMLSimpleApplication@16add9eb
----------------- Done invoking toplevel() on ptolemy.moml.MoMLSimpleApplication@16add9eb
reloadAllAccessors: .LevinsonDurbin2

===========================================================================================
----------------- testing Fri Oct 19 02:33:32 UTC 2018 /home/travis/build/icyphy/ptII/ptolemy/actor/lib/test/auto/LevinsonDurbin3.xml
----------------- Instantiating /home/travis/build/icyphy/ptII/ptolemy/actor/lib/test/auto/LevinsonDurbin3.xml
1 ms. Memory: 1365504K Free: 861859K (63%)
----------------- Invoking toplevel() on ptolemy.moml.MoMLSimpleApplication@22553448
----------------- Done invoking toplevel() on ptolemy.moml.MoMLSimpleApplication@22553448
reloadAllAccessors: .LevinsonDurbin3

===========================================================================================
----------------- testing Fri Oct 19 02:33:32 UTC 2018 /home/travis/build/icyphy/ptII/ptolemy/actor/lib/test/auto/Limiter.xml
----------------- Instantiating /home/travis/build/icyphy/ptII/ptolemy/actor/lib/test/auto/Limiter.xml
4 ms. Memory: 1365504K Free: 843189K (62%)
----------------- Invoking toplevel() on ptolemy.moml.MoMLSimpleApplication@12fbd4ec
----------------- Done invoking toplevel() on ptolemy.moml.MoMLSimpleApplication@12fbd4ec
reloadAllAccessors: .Limiter

===========================================================================================
----------------- testing Fri Oct 19 02:33:32 UTC 2018 /home/travis/build/icyphy/ptII/ptolemy/actor/lib/test/auto/LinearDifferenceEquationSystem.xml
----------------- Instantiating /home/travis/build/icyphy/ptII/ptolemy/actor/lib/test/auto/LinearDifferenceEquationSystem.xml
2 ms. Memory: 1365504K Free: 822630K (60%)
----------------- Invoking toplevel() on ptolemy.moml.MoMLSimpleApplication@7fd4ca2e
----------------- Done invoking toplevel() on ptolemy.moml.MoMLSimpleApplication@7fd4ca2e
reloadAllAccessors: .LinearDifferenceEquationSystem

===========================================================================================
----------------- testing Fri Oct 19 02:33:32 UTC 2018 /home/travis/build/icyphy/ptII/ptolemy/actor/lib/test/auto/LookupTable.xml
----------------- Instantiating /home/travis/build/icyphy/ptII/ptolemy/actor/lib/test/auto/LookupTable.xml
2 ms. Memory: 1365504K Free: 810183K (59%)
----------------- Invoking toplevel() on ptolemy.moml.MoMLSimpleApplication@5e1d498f
----------------- Done invoking toplevel() on ptolemy.moml.MoMLSimpleApplication@5e1d498f
reloadAllAccessors: .LookupTable

===========================================================================================
----------------- testing Fri Oct 19 02:33:32 UTC 2018 /home/travis/build/icyphy/ptII/ptolemy/actor/lib/test/auto/MathFunction.xml
----------------- Instantiating /home/travis/build/icyphy/ptII/ptolemy/actor/lib/test/auto/MathFunction.xml
2 ms. Memory: 1365504K Free: 797737K (58%)
----------------- Invoking toplevel() on ptolemy.moml.MoMLSimpleApplication@794cf12b
----------------- Done invoking toplevel() on ptolemy.moml.MoMLSimpleApplication@794cf12b
reloadAllAccessors: .MathFunction

===========================================================================================
----------------- testing Fri Oct 19 02:33:32 UTC 2018 /home/travis/build/icyphy/ptII/ptolemy/actor/lib/test/auto/MathFunction2.xml
----------------- Instantiating /home/travis/build/icyphy/ptII/ptolemy/actor/lib/test/auto/MathFunction2.xml
1 ms. Memory: 1365504K Free: 785290K (58%)
----------------- Invoking toplevel() on ptolemy.moml.MoMLSimpleApplication@754c0cc1
----------------- Done invoking toplevel() on ptolemy.moml.MoMLSimpleApplication@754c0cc1
reloadAllAccessors: .MathFunction2

===========================================================================================
----------------- testing Fri Oct 19 02:33:32 UTC 2018 /home/travis/build/icyphy/ptII/ptolemy/actor/lib/test/auto/MathFunction3.xml
----------------- Instantiating /home/travis/build/icyphy/ptII/ptolemy/actor/lib/test/auto/MathFunction3.xml
2 ms. Memory: 1365504K Free: 764730K (56%)
----------------- Invoking toplevel() on ptolemy.moml.MoMLSimpleApplication@6b3bc21b
----------------- Done invoking toplevel() on ptolemy.moml.MoMLSimpleApplication@6b3bc21b
reloadAllAccessors: .MathFunction3

===========================================================================================
----------------- testing Fri Oct 19 02:33:32 UTC 2018 /home/travis/build/icyphy/ptII/ptolemy/actor/lib/test/auto/MatrixCropBoolean.xml
----------------- Instantiating /home/travis/build/icyphy/ptII/ptolemy/actor/lib/test/auto/MatrixCropBoolean.xml
1 ms. Memory: 1365504K Free: 752283K (55%)
----------------- Invoking toplevel() on ptolemy.moml.MoMLSimpleApplication@44356459
----------------- Done invoking toplevel() on ptolemy.moml.MoMLSimpleApplication@44356459
reloadAllAccessors: .MatrixCropBoolean

===========================================================================================
----------------- testing Fri Oct 19 02:33:32 UTC 2018 /home/travis/build/icyphy/ptII/ptolemy/actor/lib/test/auto/MatrixCropComplex.xml
----------------- Instantiating /home/travis/build/icyphy/ptII/ptolemy/actor/lib/test/auto/MatrixCropComplex.xml
1 ms. Memory: 1365504K Free: 739837K (54%)
----------------- Invoking toplevel() on ptolemy.moml.MoMLSimpleApplication@7b4d4195
----------------- Done invoking toplevel() on ptolemy.moml.MoMLSimpleApplication@7b4d4195
reloadAllAccessors: .MatrixCropComplex

===========================================================================================
----------------- testing Fri Oct 19 02:33:33 UTC 2018 /home/travis/build/icyphy/ptII/ptolemy/actor/lib/test/auto/MatrixCropDouble.xml
----------------- Instantiating /home/travis/build/icyphy/ptII/ptolemy/actor/lib/test/auto/MatrixCropDouble.xml
1 ms. Memory: 1365504K Free: 719277K (53%)
----------------- Invoking toplevel() on ptolemy.moml.MoMLSimpleApplication@31c3101f
----------------- Done invoking toplevel() on ptolemy.moml.MoMLSimpleApplication@31c3101f
reloadAllAccessors: .MatrixCropDouble

===========================================================================================
----------------- testing Fri Oct 19 02:33:33 UTC 2018 /home/travis/build/icyphy/ptII/ptolemy/actor/lib/test/auto/MatrixCropFix.xml
----------------- Instantiating /home/travis/build/icyphy/ptII/ptolemy/actor/lib/test/auto/MatrixCropFix.xml
1 ms. Memory: 1365504K Free: 706830K (52%)
----------------- Invoking toplevel() on ptolemy.moml.MoMLSimpleApplication@5d4c73b5
----------------- Done invoking toplevel() on ptolemy.moml.MoMLSimpleApplication@5d4c73b5
reloadAllAccessors: .MatrixCropFix

===========================================================================================
----------------- testing Fri Oct 19 02:33:33 UTC 2018 /home/travis/build/icyphy/ptII/ptolemy/actor/lib/test/auto/MatrixCropInt.xml
----------------- Instantiating /home/travis/build/icyphy/ptII/ptolemy/actor/lib/test/auto/MatrixCropInt.xml
1 ms. Memory: 1365504K Free: 694384K (51%)
----------------- Invoking toplevel() on ptolemy.moml.MoMLSimpleApplication@1cfc5616
----------------- Done invoking toplevel() on ptolemy.moml.MoMLSimpleApplication@1cfc5616
reloadAllAccessors: .MatrixCropInt

===========================================================================================
----------------- testing Fri Oct 19 02:33:33 UTC 2018 /home/travis/build/icyphy/ptII/ptolemy/actor/lib/test/auto/MatrixCropLong.xml
----------------- Instantiating /home/travis/build/icyphy/ptII/ptolemy/actor/lib/test/auto/MatrixCropLong.xml
1 ms. Memory: 1365504K Free: 681937K (50%)
----------------- Invoking toplevel() on ptolemy.moml.MoMLSimpleApplication@6cd0a1e2
----------------- Done invoking toplevel() on ptolemy.moml.MoMLSimpleApplication@6cd0a1e2
reloadAllAccessors: .MatrixCropLong

===========================================================================================
----------------- testing Fri Oct 19 02:33:33 UTC 2018 /home/travis/build/icyphy/ptII/ptolemy/actor/lib/test/auto/MatrixToArray.xml
----------------- Instantiating /home/travis/build/icyphy/ptII/ptolemy/actor/lib/test/auto/MatrixToArray.xml
5 ms. Memory: 1365504K Free: 648923K (48%)
----------------- Invoking toplevel() on ptolemy.moml.MoMLSimpleApplication@2472d115
----------------- Done invoking toplevel() on ptolemy.moml.MoMLSimpleApplication@2472d115
reloadAllAccessors: .MatrixToArray

===========================================================================================
----------------- testing Fri Oct 19 02:33:33 UTC 2018 /home/travis/build/icyphy/ptII/ptolemy/actor/lib/test/auto/MaxIndex.xml
----------------- Instantiating /home/travis/build/icyphy/ptII/ptolemy/actor/lib/test/auto/MaxIndex.xml
2 ms. Memory: 1365504K Free: 636476K (47%)
----------------- Invoking toplevel() on ptolemy.moml.MoMLSimpleApplication@36242192
----------------- Done invoking toplevel() on ptolemy.moml.MoMLSimpleApplication@36242192
reloadAllAccessors: .MaxIndex

===========================================================================================
----------------- testing Fri Oct 19 02:33:33 UTC 2018 /home/travis/build/icyphy/ptII/ptolemy/actor/lib/test/auto/Maximum.xml
----------------- Instantiating /home/travis/build/icyphy/ptII/ptolemy/actor/lib/test/auto/Maximum.xml
2 ms. Memory: 1365504K Free: 624029K (46%)
----------------- Invoking toplevel() on ptolemy.moml.MoMLSimpleApplication@66b4a01e
----------------- Done invoking toplevel() on ptolemy.moml.MoMLSimpleApplication@66b4a01e
reloadAllAccessors: .Maximum

===========================================================================================
----------------- testing Fri Oct 19 02:33:33 UTC 2018 /home/travis/build/icyphy/ptII/ptolemy/actor/lib/test/auto/MaximumComplex.xml
----------------- Instantiating /home/travis/build/icyphy/ptII/ptolemy/actor/lib/test/auto/MaximumComplex.xml
3 ms. Memory: 1365504K Free: 603470K (44%)
----------------- Invoking toplevel() on ptolemy.moml.MoMLSimpleApplication@62ff4e11
----------------- Done invoking toplevel() on ptolemy.moml.MoMLSimpleApplication@62ff4e11
reloadAllAccessors: .MaximumComplex

===========================================================================================
----------------- testing Fri Oct 19 02:33:33 UTC 2018 /home/travis/build/icyphy/ptII/ptolemy/actor/lib/test/auto/MethodCallTest.xml
----------------- Instantiating /home/travis/build/icyphy/ptII/ptolemy/actor/lib/test/auto/MethodCallTest.xml
1 ms. Memory: 1365504K Free: 591023K (43%)
----------------- Invoking toplevel() on ptolemy.moml.MoMLSimpleApplication@257ac0bb
----------------- Done invoking toplevel() on ptolemy.moml.MoMLSimpleApplication@257ac0bb
reloadAllAccessors: .MethodCallTest

===========================================================================================
----------------- testing Fri Oct 19 02:33:33 UTC 2018 /home/travis/build/icyphy/ptII/ptolemy/actor/lib/test/auto/Minimum.xml
----------------- Instantiating /home/travis/build/icyphy/ptII/ptolemy/actor/lib/test/auto/Minimum.xml
2 ms. Memory: 1365504K Free: 578577K (42%)
----------------- Invoking toplevel() on ptolemy.moml.MoMLSimpleApplication@421e4947
----------------- Done invoking toplevel() on ptolemy.moml.MoMLSimpleApplication@421e4947
reloadAllAccessors: .Minimum

===========================================================================================
----------------- testing Fri Oct 19 02:33:33 UTC 2018 /home/travis/build/icyphy/ptII/ptolemy/actor/lib/test/auto/MinimumComplex.xml
----------------- Instantiating /home/travis/build/icyphy/ptII/ptolemy/actor/lib/test/auto/MinimumComplex.xml
2 ms. Memory: 1365504K Free: 566130K (41%)
----------------- Invoking toplevel() on ptolemy.moml.MoMLSimpleApplication@6f9eb425
----------------- Done invoking toplevel() on ptolemy.moml.MoMLSimpleApplication@6f9eb425
reloadAllAccessors: .MinimumComplex

===========================================================================================
----------------- testing Fri Oct 19 02:33:33 UTC 2018 /home/travis/build/icyphy/ptII/ptolemy/actor/lib/test/auto/MinimumMultiports.xml
----------------- Instantiating /home/travis/build/icyphy/ptII/ptolemy/actor/lib/test/auto/MinimumMultiports.xml
3 ms. Memory: 1365504K Free: 545570K (40%)
----------------- Invoking toplevel() on ptolemy.moml.MoMLSimpleApplication@2d5ccb80
----------------- Done invoking toplevel() on ptolemy.moml.MoMLSimpleApplication@2d5ccb80
reloadAllAccessors: .MinimumMultiports

===========================================================================================
----------------- testing Fri Oct 19 02:33:33 UTC 2018 /home/travis/build/icyphy/ptII/ptolemy/actor/lib/test/auto/ModifyDate.xml
----------------- Instantiating /home/travis/build/icyphy/ptII/ptolemy/actor/lib/test/auto/ModifyDate.xml
4 ms. Memory: 1365504K Free: 526900K (39%)
----------------- Invoking toplevel() on ptolemy.moml.MoMLSimpleApplication@3dc9485f
----------------- Done invoking toplevel() on ptolemy.moml.MoMLSimpleApplication@3dc9485f
reloadAllAccessors: .ModifyDate

===========================================================================================
----------------- testing Fri Oct 19 02:33:33 UTC 2018 /home/travis/build/icyphy/ptII/ptolemy/actor/lib/test/auto/ModifyDate2.xml
----------------- Instantiating /home/travis/build/icyphy/ptII/ptolemy/actor/lib/test/auto/ModifyDate2.xml
2 ms. Memory: 1365504K Free: 508230K (37%)
----------------- Invoking toplevel() on ptolemy.moml.MoMLSimpleApplication@5dd0ca59
----------------- Done invoking toplevel() on ptolemy.moml.MoMLSimpleApplication@5dd0ca59
reloadAllAccessors: .ModifyDate2

===========================================================================================
----------------- testing Fri Oct 19 02:33:33 UTC 2018 /home/travis/build/icyphy/ptII/ptolemy/actor/lib/test/auto/MovingAverage.xml
----------------- Instantiating /home/travis/build/icyphy/ptII/ptolemy/actor/lib/test/auto/MovingAverage.xml
1 ms. Memory: 1365504K Free: 487671K (36%)
----------------- Invoking toplevel() on ptolemy.moml.MoMLSimpleApplication@1dfceec5
----------------- Done invoking toplevel() on ptolemy.moml.MoMLSimpleApplication@1dfceec5
reloadAllAccessors: .MovingAverage

===========================================================================================
----------------- testing Fri Oct 19 02:33:33 UTC 2018 /home/travis/build/icyphy/ptII/ptolemy/actor/lib/test/auto/MovingMaximum.xml
----------------- Instantiating /home/travis/build/icyphy/ptII/ptolemy/actor/lib/test/auto/MovingMaximum.xml
1 ms. Memory: 1365504K Free: 475224K (35%)
----------------- Invoking toplevel() on ptolemy.moml.MoMLSimpleApplication@7cef5c5a
----------------- Done invoking toplevel() on ptolemy.moml.MoMLSimpleApplication@7cef5c5a
reloadAllAccessors: .MovingMaximum

===========================================================================================
----------------- testing Fri Oct 19 02:33:33 UTC 2018 /home/travis/build/icyphy/ptII/ptolemy/actor/lib/test/auto/MultipleLinksToSameRelation.xml
----------------- Instantiating /home/travis/build/icyphy/ptII/ptolemy/actor/lib/test/auto/MultipleLinksToSameRelation.xml
2 ms. Memory: 1365504K Free: 462777K (34%)
----------------- Invoking toplevel() on ptolemy.moml.MoMLSimpleApplication@39f697b2
----------------- Done invoking toplevel() on ptolemy.moml.MoMLSimpleApplication@39f697b2
reloadAllAccessors: .MultipleLinksToSameRelation

===========================================================================================
----------------- testing Fri Oct 19 02:33:33 UTC 2018 /home/travis/build/icyphy/ptII/ptolemy/actor/lib/test/auto/MultipleLinksToSameRelationDE.xml
----------------- Instantiating /home/travis/build/icyphy/ptII/ptolemy/actor/lib/test/auto/MultipleLinksToSameRelationDE.xml
1 ms. Memory: 1365504K Free: 442218K (32%)
----------------- Invoking toplevel() on ptolemy.moml.MoMLSimpleApplication@2f32c220
----------------- Done invoking toplevel() on ptolemy.moml.MoMLSimpleApplication@2f32c220
reloadAllAccessors: .MultipleLinksToSameRelationDE

===========================================================================================
----------------- testing Fri Oct 19 02:33:33 UTC 2018 /home/travis/build/icyphy/ptII/ptolemy/actor/lib/test/auto/Multiplexor.xml
----------------- Instantiating /home/travis/build/icyphy/ptII/ptolemy/actor/lib/test/auto/Multiplexor.xml
1 ms. Memory: 1365504K Free: 429771K (31%)
----------------- Invoking toplevel() on ptolemy.moml.MoMLSimpleApplication@185840d2
----------------- Done invoking toplevel() on ptolemy.moml.MoMLSimpleApplication@185840d2
reloadAllAccessors: .Multiplexor

===========================================================================================
----------------- testing Fri Oct 19 02:33:33 UTC 2018 /home/travis/build/icyphy/ptII/ptolemy/actor/lib/test/auto/Multiplexor1.xml
----------------- Instantiating /home/travis/build/icyphy/ptII/ptolemy/actor/lib/test/auto/Multiplexor1.xml
2 ms. Memory: 1365504K Free: 417324K (31%)
----------------- Invoking toplevel() on ptolemy.moml.MoMLSimpleApplication@48fdd974
----------------- Done invoking toplevel() on ptolemy.moml.MoMLSimpleApplication@48fdd974
reloadAllAccessors: .Multiplexor1

===========================================================================================
----------------- testing Fri Oct 19 02:33:33 UTC 2018 /home/travis/build/icyphy/ptII/ptolemy/actor/lib/test/auto/Multiplexor2.xml
----------------- Instantiating /home/travis/build/icyphy/ptII/ptolemy/actor/lib/test/auto/Multiplexor2.xml
6 ms. Memory: 1365504K Free: 404878K (30%)
----------------- Invoking toplevel() on ptolemy.moml.MoMLSimpleApplication@4fabb044
----------------- Done invoking toplevel() on ptolemy.moml.MoMLSimpleApplication@4fabb044
reloadAllAccessors: .Multiplexor2

===========================================================================================
----------------- testing Fri Oct 19 02:33:33 UTC 2018 /home/travis/build/icyphy/ptII/ptolemy/actor/lib/test/auto/Multiplexor3.xml
----------------- Instantiating /home/travis/build/icyphy/ptII/ptolemy/actor/lib/test/auto/Multiplexor3.xml
1 ms. Memory: 1365504K Free: 384318K (28%)
----------------- Invoking toplevel() on ptolemy.moml.MoMLSimpleApplication@2654cc8b
----------------- Done invoking toplevel() on ptolemy.moml.MoMLSimpleApplication@2654cc8b
reloadAllAccessors: .Multiplexor3

===========================================================================================
----------------- testing Fri Oct 19 02:33:33 UTC 2018 /home/travis/build/icyphy/ptII/ptolemy/actor/lib/test/auto/MultiplexorDE.xml
----------------- Instantiating /home/travis/build/icyphy/ptII/ptolemy/actor/lib/test/auto/MultiplexorDE.xml
2 ms. Memory: 1365504K Free: 371872K (27%)
----------------- Invoking toplevel() on ptolemy.moml.MoMLSimpleApplication@6ee78560
----------------- Done invoking toplevel() on ptolemy.moml.MoMLSimpleApplication@6ee78560
reloadAllAccessors: .MultiplexorDE

===========================================================================================
----------------- testing Fri Oct 19 02:33:33 UTC 2018 /home/travis/build/icyphy/ptII/ptolemy/actor/lib/test/auto/MultiportBroadcastTest.xml
----------------- Instantiating /home/travis/build/icyphy/ptII/ptolemy/actor/lib/test/auto/MultiportBroadcastTest.xml
76 ms. Memory: 1365504K Free: 359425K (26%)
----------------- Invoking toplevel() on ptolemy.moml.MoMLSimpleApplication@33aa49b2
----------------- Done invoking toplevel() on ptolemy.moml.MoMLSimpleApplication@33aa49b2
reloadAllAccessors: .MultiportBroadcastTest

===========================================================================================
----------------- testing Fri Oct 19 02:33:33 UTC 2018 /home/travis/build/icyphy/ptII/ptolemy/actor/lib/test/auto/MultiportOutHangDuringGetWidth.xml
----------------- Instantiating /home/travis/build/icyphy/ptII/ptolemy/actor/lib/test/auto/MultiportOutHangDuringGetWidth.xml
5 ms. Memory: 1365504K Free: 332642K (24%)
----------------- Invoking toplevel() on ptolemy.moml.MoMLSimpleApplication@2818c2a2
----------------- Done invoking toplevel() on ptolemy.moml.MoMLSimpleApplication@2818c2a2
reloadAllAccessors: .MultiportOutHangDuringGetWidth

===========================================================================================
----------------- testing Fri Oct 19 02:33:33 UTC 2018 /home/travis/build/icyphy/ptII/ptolemy/actor/lib/test/auto/NilToken.xml
----------------- Instantiating /home/travis/build/icyphy/ptII/ptolemy/actor/lib/test/auto/NilToken.xml
1 ms. Memory: 1365504K Free: 320195K (23%)
----------------- Invoking toplevel() on ptolemy.moml.MoMLSimpleApplication@2181a2dd
----------------- Done invoking toplevel() on ptolemy.moml.MoMLSimpleApplication@2181a2dd
reloadAllAccessors: .NilToken

===========================================================================================
----------------- testing Fri Oct 19 02:33:33 UTC 2018 /home/travis/build/icyphy/ptII/ptolemy/actor/lib/test/auto/NilTokenNonStrictTest.xml
----------------- Instantiating /home/travis/build/icyphy/ptII/ptolemy/actor/lib/test/auto/NilTokenNonStrictTest.xml
2 ms. Memory: 1365504K Free: 307748K (23%)
----------------- Invoking toplevel() on ptolemy.moml.MoMLSimpleApplication@6c36aed2
----------------- Done invoking toplevel() on ptolemy.moml.MoMLSimpleApplication@6c36aed2
reloadAllAccessors: .NilTokenNonStrictTest

===========================================================================================
----------------- testing Fri Oct 19 02:33:33 UTC 2018 /home/travis/build/icyphy/ptII/ptolemy/actor/lib/test/auto/NilTokenRecord.xml
----------------- Instantiating /home/travis/build/icyphy/ptII/ptolemy/actor/lib/test/auto/NilTokenRecord.xml
5 ms. Memory: 1365504K Free: 295302K (22%)
----------------- Invoking toplevel() on ptolemy.moml.MoMLSimpleApplication@cf16b0d
----------------- Done invoking toplevel() on ptolemy.moml.MoMLSimpleApplication@cf16b0d
reloadAllAccessors: .NilTokenRecord

===========================================================================================
----------------- testing Fri Oct 19 02:33:33 UTC 2018 /home/travis/build/icyphy/ptII/ptolemy/actor/lib/test/auto/NilTokenTypeTest.xml
----------------- Instantiating /home/travis/build/icyphy/ptII/ptolemy/actor/lib/test/auto/NilTokenTypeTest.xml
10 ms. Memory: 1365504K Free: 268519K (20%)
----------------- Invoking toplevel() on ptolemy.moml.MoMLSimpleApplication@2a09e7f1
----------------- Done invoking toplevel() on ptolemy.moml.MoMLSimpleApplication@2a09e7f1
reloadAllAccessors: .NilTokenTypeTest

===========================================================================================
----------------- testing Fri Oct 19 02:33:33 UTC 2018 /home/travis/build/icyphy/ptII/ptolemy/actor/lib/test/auto/ObjectToken1.xml
----------------- Instantiating /home/travis/build/icyphy/ptII/ptolemy/actor/lib/test/auto/ObjectToken1.xml
2 ms. Memory: 1365504K Free: 256072K (19%)
----------------- Invoking toplevel() on ptolemy.moml.MoMLSimpleApplication@af7ab63
----------------- Done invoking toplevel() on ptolemy.moml.MoMLSimpleApplication@af7ab63
reloadAllAccessors: .ObjectToken1

===========================================================================================
----------------- testing Fri Oct 19 02:33:33 UTC 2018 /home/travis/build/icyphy/ptII/ptolemy/actor/lib/test/auto/OrderedMerge.xml
----------------- Instantiating /home/travis/build/icyphy/ptII/ptolemy/actor/lib/test/auto/OrderedMerge.xml
9 ms. Memory: 1365504K Free: 218732K (16%)
----------------- Invoking toplevel() on ptolemy.moml.MoMLSimpleApplication@32ad5605
----------------- Done invoking toplevel() on ptolemy.moml.MoMLSimpleApplication@32ad5605
reloadAllAccessors: .OrderedMerge

===========================================================================================
----------------- testing Fri Oct 19 02:33:33 UTC 2018 /home/travis/build/icyphy/ptII/ptolemy/actor/lib/test/auto/OrderedRecordDisassembler.xml
----------------- Instantiating /home/travis/build/icyphy/ptII/ptolemy/actor/lib/test/auto/OrderedRecordDisassembler.xml
7 ms. Memory: 1365504K Free: 198173K (15%)
----------------- Invoking toplevel() on ptolemy.moml.MoMLSimpleApplication@547e11e0
----------------- Done invoking toplevel() on ptolemy.moml.MoMLSimpleApplication@547e11e0
reloadAllAccessors: .OrderedRecordDisassembler

===========================================================================================
----------------- testing Fri Oct 19 02:33:33 UTC 2018 /home/travis/build/icyphy/ptII/ptolemy/actor/lib/test/auto/OrderedRecordDisassembler2.xml
----------------- Instantiating /home/travis/build/icyphy/ptII/ptolemy/actor/lib/test/auto/OrderedRecordDisassembler2.xml
4 ms. Memory: 1365504K Free: 185726K (14%)
----------------- Invoking toplevel() on ptolemy.moml.MoMLSimpleApplication@24f0be40
----------------- Done invoking toplevel() on ptolemy.moml.MoMLSimpleApplication@24f0be40
reloadAllAccessors: .OrderedRecordDisassembler2

===========================================================================================
----------------- testing Fri Oct 19 02:33:33 UTC 2018 /home/travis/build/icyphy/ptII/ptolemy/actor/lib/test/auto/OrderedRecordUpdater.xml
----------------- Instantiating /home/travis/build/icyphy/ptII/ptolemy/actor/lib/test/auto/OrderedRecordUpdater.xml
1 ms. Memory: 1365504K Free: 173279K (13%)
----------------- Invoking toplevel() on ptolemy.moml.MoMLSimpleApplication@5699a7f
----------------- Done invoking toplevel() on ptolemy.moml.MoMLSimpleApplication@5699a7f
reloadAllAccessors: .RecordUpdater

===========================================================================================
----------------- testing Fri Oct 19 02:33:33 UTC 2018 /home/travis/build/icyphy/ptII/ptolemy/actor/lib/test/auto/OrderedRecordUpdater2.xml
----------------- Instantiating /home/travis/build/icyphy/ptII/ptolemy/actor/lib/test/auto/OrderedRecordUpdater2.xml
3 ms. Memory: 1365504K Free: 160832K (12%)
----------------- Invoking toplevel() on ptolemy.moml.MoMLSimpleApplication@5d7b9492
----------------- Done invoking toplevel() on ptolemy.moml.MoMLSimpleApplication@5d7b9492
reloadAllAccessors: .RecordUpdater2

===========================================================================================
----------------- testing Fri Oct 19 02:33:33 UTC 2018 /home/travis/build/icyphy/ptII/ptolemy/actor/lib/test/auto/PhaseUnwrap.xml
----------------- Instantiating /home/travis/build/icyphy/ptII/ptolemy/actor/lib/test/auto/PhaseUnwrap.xml
1 ms. Memory: 1365504K Free: 140273K (10%)
----------------- Invoking toplevel() on ptolemy.moml.MoMLSimpleApplication@22165acf
----------------- Done invoking toplevel() on ptolemy.moml.MoMLSimpleApplication@22165acf
reloadAllAccessors: .PhaseUnwrap

===========================================================================================
----------------- testing Fri Oct 19 02:33:33 UTC 2018 /home/travis/build/icyphy/ptII/ptolemy/actor/lib/test/auto/PoissonClock.xml
----------------- Instantiating /home/travis/build/icyphy/ptII/ptolemy/actor/lib/test/auto/PoissonClock.xml
1 ms. Memory: 1365504K Free: 127826K (9%)
----------------- Invoking toplevel() on ptolemy.moml.MoMLSimpleApplication@fbf55e3
----------------- Done invoking toplevel() on ptolemy.moml.MoMLSimpleApplication@fbf55e3
reloadAllAccessors: .PoissonClock

===========================================================================================
----------------- testing Fri Oct 19 02:33:33 UTC 2018 /home/travis/build/icyphy/ptII/ptolemy/actor/lib/test/auto/PoissonClock2.xml
----------------- Instantiating /home/travis/build/icyphy/ptII/ptolemy/actor/lib/test/auto/PoissonClock2.xml
1 ms. Memory: 1365504K Free: 115379K (8%)
----------------- Invoking toplevel() on ptolemy.moml.MoMLSimpleApplication@5a3439da
----------------- Done invoking toplevel() on ptolemy.moml.MoMLSimpleApplication@5a3439da
reloadAllAccessors: .PoissonClock2

===========================================================================================
----------------- testing Fri Oct 19 02:33:33 UTC 2018 /home/travis/build/icyphy/ptII/ptolemy/actor/lib/test/auto/PoissonClock3.xml
----------------- Instantiating /home/travis/build/icyphy/ptII/ptolemy/actor/lib/test/auto/PoissonClock3.xml
2 ms. Memory: 1365504K Free: 94820K (7%)
----------------- Invoking toplevel() on ptolemy.moml.MoMLSimpleApplication@191ad92e
----------------- Done invoking toplevel() on ptolemy.moml.MoMLSimpleApplication@191ad92e
reloadAllAccessors: .PoissonClock3

===========================================================================================
----------------- testing Fri Oct 19 02:33:33 UTC 2018 /home/travis/build/icyphy/ptII/ptolemy/actor/lib/test/auto/PubSubWithInitialTokens.xml
----------------- Instantiating /home/travis/build/icyphy/ptII/ptolemy/actor/lib/test/auto/PubSubWithInitialTokens.xml
2 ms. Memory: 1365504K Free: 82384K (6%)
----------------- Invoking toplevel() on ptolemy.moml.MoMLSimpleApplication@209c8004
----------------- Done invoking toplevel() on ptolemy.moml.MoMLSimpleApplication@209c8004
reloadAllAccessors: .PubSubWithInitialTokens

===========================================================================================
----------------- testing Fri Oct 19 02:33:33 UTC 2018 /home/travis/build/icyphy/ptII/ptolemy/actor/lib/test/auto/PubSubWithInitialTokens2.xml
----------------- Instantiating /home/travis/build/icyphy/ptII/ptolemy/actor/lib/test/auto/PubSubWithInitialTokens2.xml
1 ms. Memory: 1552384K Free: 1498933K (97%)
----------------- Invoking toplevel() on ptolemy.moml.MoMLSimpleApplication@ccab131
----------------- Done invoking toplevel() on ptolemy.moml.MoMLSimpleApplication@ccab131
reloadAllAccessors: .PubSubWithInitialTokens2

===========================================================================================
----------------- testing Fri Oct 19 02:33:33 UTC 2018 /home/travis/build/icyphy/ptII/ptolemy/actor/lib/test/auto/PublisherClassNoParameter.xml
----------------- Instantiating /home/travis/build/icyphy/ptII/ptolemy/actor/lib/test/auto/PublisherClassNoParameter.xml
2 ms. Memory: 1552384K Free: 1469501K (95%)
----------------- Invoking toplevel() on ptolemy.moml.MoMLSimpleApplication@4906a3f2
----------------- Done invoking toplevel() on ptolemy.moml.MoMLSimpleApplication@4906a3f2
reloadAllAccessors: .PublisherClassNoParameter

===========================================================================================
----------------- testing Fri Oct 19 02:33:33 UTC 2018 /home/travis/build/icyphy/ptII/ptolemy/actor/lib/test/auto/PublisherClassParameter.xml
----------------- Instantiating /home/travis/build/icyphy/ptII/ptolemy/actor/lib/test/auto/PublisherClassParameter.xml
2 ms. Memory: 1552384K Free: 1447712K (93%)
----------------- Invoking toplevel() on ptolemy.moml.MoMLSimpleApplication@3f489604
----------------- Done invoking toplevel() on ptolemy.moml.MoMLSimpleApplication@3f489604
reloadAllAccessors: .PublisherClassParameter

===========================================================================================
----------------- testing Fri Oct 19 02:33:33 UTC 2018 /home/travis/build/icyphy/ptII/ptolemy/actor/lib/test/auto/PublisherNonStrictTest.xml
----------------- Instantiating /home/travis/build/icyphy/ptII/ptolemy/actor/lib/test/auto/PublisherNonStrictTest.xml
4 ms. Memory: 1552384K Free: 1433197K (92%)
----------------- Invoking toplevel() on ptolemy.moml.MoMLSimpleApplication@5ff8414b
----------------- Done invoking toplevel() on ptolemy.moml.MoMLSimpleApplication@5ff8414b
reloadAllAccessors: .PublisherNonStrictTest

===========================================================================================
----------------- testing Fri Oct 19 02:33:33 UTC 2018 /home/travis/build/icyphy/ptII/ptolemy/actor/lib/test/auto/PublisherPort1.xml
----------------- Instantiating /home/travis/build/icyphy/ptII/ptolemy/actor/lib/test/auto/PublisherPort1.xml
2 ms. Memory: 1552384K Free: 1411022K (91%)
----------------- Invoking toplevel() on ptolemy.moml.MoMLSimpleApplication@37129d2d
----------------- Done invoking toplevel() on ptolemy.moml.MoMLSimpleApplication@37129d2d
reloadAllAccessors: .PublisherPort1

===========================================================================================
----------------- testing Fri Oct 19 02:33:34 UTC 2018 /home/travis/build/icyphy/ptII/ptolemy/actor/lib/test/auto/PublisherPort2.xml
----------------- Instantiating /home/travis/build/icyphy/ptII/ptolemy/actor/lib/test/auto/PublisherPort2.xml
1 ms. Memory: 1552384K Free: 1396507K (90%)
----------------- Invoking toplevel() on ptolemy.moml.MoMLSimpleApplication@13af1e8f
----------------- Done invoking toplevel() on ptolemy.moml.MoMLSimpleApplication@13af1e8f
reloadAllAccessors: .PublisherPort2

===========================================================================================
----------------- testing Fri Oct 19 02:33:34 UTC 2018 /home/travis/build/icyphy/ptII/ptolemy/actor/lib/test/auto/PublisherPort3.xml
----------------- Instantiating /home/travis/build/icyphy/ptII/ptolemy/actor/lib/test/auto/PublisherPort3.xml
10 ms. Memory: 1552384K Free: 1381992K (89%)
----------------- Invoking toplevel() on ptolemy.moml.MoMLSimpleApplication@6464d6e8
----------------- Done invoking toplevel() on ptolemy.moml.MoMLSimpleApplication@6464d6e8
reloadAllAccessors: .PublisherPort3

===========================================================================================
----------------- testing Fri Oct 19 02:33:34 UTC 2018 /home/travis/build/icyphy/ptII/ptolemy/actor/lib/test/auto/PublisherPort4.xml
----------------- Instantiating /home/travis/build/icyphy/ptII/ptolemy/actor/lib/test/auto/PublisherPort4.xml
2 ms. Memory: 1552384K Free: 1359817K (88%)
----------------- Invoking toplevel() on ptolemy.moml.MoMLSimpleApplication@62ed33c6
----------------- Done invoking toplevel() on ptolemy.moml.MoMLSimpleApplication@62ed33c6
reloadAllAccessors: .PublisherPort4

===========================================================================================
----------------- testing Fri Oct 19 02:33:34 UTC 2018 /home/travis/build/icyphy/ptII/ptolemy/actor/lib/test/auto/PublisherPort5.xml
----------------- Instantiating /home/travis/build/icyphy/ptII/ptolemy/actor/lib/test/auto/PublisherPort5.xml
3 ms. Memory: 1552384K Free: 1345302K (87%)
----------------- Invoking toplevel() on ptolemy.moml.MoMLSimpleApplication@5706eb7f
----------------- Done invoking toplevel() on ptolemy.moml.MoMLSimpleApplication@5706eb7f
reloadAllAccessors: .PublisherPort5

===========================================================================================
----------------- testing Fri Oct 19 02:33:34 UTC 2018 /home/travis/build/icyphy/ptII/ptolemy/actor/lib/test/auto/PublisherPort5LookAlike.xml
----------------- Instantiating /home/travis/build/icyphy/ptII/ptolemy/actor/lib/test/auto/PublisherPort5LookAlike.xml
2 ms. Memory: 1552384K Free: 1330704K (86%)
----------------- Invoking toplevel() on ptolemy.moml.MoMLSimpleApplication@25d01bc8
----------------- Done invoking toplevel() on ptolemy.moml.MoMLSimpleApplication@25d01bc8
reloadAllAccessors: .PublisherPort5LookAlike

===========================================================================================
----------------- testing Fri Oct 19 02:33:34 UTC 2018 /home/travis/build/icyphy/ptII/ptolemy/actor/lib/test/auto/PublisherPort6.xml
----------------- Instantiating /home/travis/build/icyphy/ptII/ptolemy/actor/lib/test/auto/PublisherPort6.xml
2 ms. Memory: 1552384K Free: 1308529K (84%)
----------------- Invoking toplevel() on ptolemy.moml.MoMLSimpleApplication@5a8db6fc
----------------- Done invoking toplevel() on ptolemy.moml.MoMLSimpleApplication@5a8db6fc
reloadAllAccessors: .PublisherPort6

===========================================================================================
----------------- testing Fri Oct 19 02:33:34 UTC 2018 /home/travis/build/icyphy/ptII/ptolemy/actor/lib/test/auto/PublisherPort7.xml
----------------- Instantiating /home/travis/build/icyphy/ptII/ptolemy/actor/lib/test/auto/PublisherPort7.xml
3 ms. Memory: 1552384K Free: 1294014K (83%)
----------------- Invoking toplevel() on ptolemy.moml.MoMLSimpleApplication@b348de7
----------------- Done invoking toplevel() on ptolemy.moml.MoMLSimpleApplication@b348de7
reloadAllAccessors: .PublisherPort7

===========================================================================================
----------------- testing Fri Oct 19 02:33:34 UTC 2018 /home/travis/build/icyphy/ptII/ptolemy/actor/lib/test/auto/PublisherPort8.xml
----------------- Instantiating /home/travis/build/icyphy/ptII/ptolemy/actor/lib/test/auto/PublisherPort8.xml
4 ms. Memory: 1552384K Free: 1279499K (82%)
----------------- Invoking toplevel() on ptolemy.moml.MoMLSimpleApplication@3af9081c
----------------- Done invoking toplevel() on ptolemy.moml.MoMLSimpleApplication@3af9081c
reloadAllAccessors: .PublisherPort8

===========================================================================================
----------------- testing Fri Oct 19 02:33:34 UTC 2018 /home/travis/build/icyphy/ptII/ptolemy/actor/lib/test/auto/PublisherPortSubscriberChannelVariablesAOC2.xml
----------------- Instantiating /home/travis/build/icyphy/ptII/ptolemy/actor/lib/test/auto/PublisherPortSubscriberChannelVariablesAOC2.xml
2 ms. Memory: 1552384K Free: 1242785K (80%)
----------------- Invoking toplevel() on ptolemy.moml.MoMLSimpleApplication@660169af
----------------- Done invoking toplevel() on ptolemy.moml.MoMLSimpleApplication@660169af
reloadAllAccessors: .PublisherPortSubscriberChannelVariablesAOC2

===========================================================================================
----------------- testing Fri Oct 19 02:33:34 UTC 2018 /home/travis/build/icyphy/ptII/ptolemy/actor/lib/test/auto/PublisherPortSubscriberOpaqueWidthInference.xml
----------------- Instantiating /home/travis/build/icyphy/ptII/ptolemy/actor/lib/test/auto/PublisherPortSubscriberOpaqueWidthInference.xml
3 ms. Memory: 1552384K Free: 1228270K (79%)
----------------- Invoking toplevel() on ptolemy.moml.MoMLSimpleApplication@23373dfe
----------------- Done invoking toplevel() on ptolemy.moml.MoMLSimpleApplication@23373dfe
reloadAllAccessors: .PublisherPortSubscriberOpaqueWidthInference

===========================================================================================
----------------- testing Fri Oct 19 02:33:34 UTC 2018 /home/travis/build/icyphy/ptII/ptolemy/actor/lib/test/auto/PublisherPortSubscriberPortAdjacent.xml
----------------- Instantiating /home/travis/build/icyphy/ptII/ptolemy/actor/lib/test/auto/PublisherPortSubscriberPortAdjacent.xml
2 ms. Memory: 1552384K Free: 1213755K (78%)
----------------- Invoking toplevel() on ptolemy.moml.MoMLSimpleApplication@746f3432
----------------- Done invoking toplevel() on ptolemy.moml.MoMLSimpleApplication@746f3432
reloadAllAccessors: .PublisherPortSubscriberPortAdjacent

===========================================================================================
----------------- testing Fri Oct 19 02:33:34 UTC 2018 /home/travis/build/icyphy/ptII/ptolemy/actor/lib/test/auto/PublisherPortSubscriberPortExpression.xml
----------------- Instantiating /home/travis/build/icyphy/ptII/ptolemy/actor/lib/test/auto/PublisherPortSubscriberPortExpression.xml
3 ms. Memory: 1552384K Free: 1191580K (77%)
----------------- Invoking toplevel() on ptolemy.moml.MoMLSimpleApplication@bd5bf74
----------------- Done invoking toplevel() on ptolemy.moml.MoMLSimpleApplication@bd5bf74
reloadAllAccessors: .PublisherPortSubscriberPortExpression

===========================================================================================
----------------- testing Fri Oct 19 02:33:34 UTC 2018 /home/travis/build/icyphy/ptII/ptolemy/actor/lib/test/auto/PublisherPortSubscriberPortOpaqueD3Reverse.xml
----------------- Instantiating /home/travis/build/icyphy/ptII/ptolemy/actor/lib/test/auto/PublisherPortSubscriberPortOpaqueD3Reverse.xml
4 ms. Memory: 1552384K Free: 1177065K (76%)
----------------- Invoking toplevel() on ptolemy.moml.MoMLSimpleApplication@7fda6d69
----------------- Done invoking toplevel() on ptolemy.moml.MoMLSimpleApplication@7fda6d69
reloadAllAccessors: .PublisherPortSubscriberPortOpaqueD3Reverse

===========================================================================================
----------------- testing Fri Oct 19 02:33:34 UTC 2018 /home/travis/build/icyphy/ptII/ptolemy/actor/lib/test/auto/PublisherPortSubscriberPortOpaqueWidthInference.xml
----------------- Instantiating /home/travis/build/icyphy/ptII/ptolemy/actor/lib/test/auto/PublisherPortSubscriberPortOpaqueWidthInference.xml
3 ms. Memory: 1552384K Free: 1162549K (75%)
----------------- Invoking toplevel() on ptolemy.moml.MoMLSimpleApplication@519008ea
----------------- Done invoking toplevel() on ptolemy.moml.MoMLSimpleApplication@519008ea
reloadAllAccessors: .PublisherPortSubscriberPortOpaqueWidthInference

===========================================================================================
----------------- testing Fri Oct 19 02:33:34 UTC 2018 /home/travis/build/icyphy/ptII/ptolemy/actor/lib/test/auto/PublisherPortToplevelSubscriberPortAOC.xml
----------------- Instantiating /home/travis/build/icyphy/ptII/ptolemy/actor/lib/test/auto/PublisherPortToplevelSubscriberPortAOC.xml
.PublisherPortToplevelSubscriberPortAOC.TestExceptionAttribute: initialize() was not invoked, but wrapup() was.  This is unusual, but not always a problem.  For example, exporting JNLP will do this.
1 ms. Memory: 1552384K Free: 1148034K (74%)
----------------- Invoking toplevel() on ptolemy.moml.MoMLSimpleApplication@5ac76ae4
----------------- Done invoking toplevel() on ptolemy.moml.MoMLSimpleApplication@5ac76ae4
reloadAllAccessors: .PublisherPortToplevelSubscriberPortAOC

===========================================================================================
----------------- testing Fri Oct 19 02:33:34 UTC 2018 /home/travis/build/icyphy/ptII/ptolemy/actor/lib/test/auto/PublisherSubscriber.xml
----------------- Instantiating /home/travis/build/icyphy/ptII/ptolemy/actor/lib/test/auto/PublisherSubscriber.xml
2 ms. Memory: 1552384K Free: 1125860K (73%)
----------------- Invoking toplevel() on ptolemy.moml.MoMLSimpleApplication@1ba2210e
----------------- Done invoking toplevel() on ptolemy.moml.MoMLSimpleApplication@1ba2210e
reloadAllAccessors: .PublisherSubscriber

===========================================================================================
----------------- testing Fri Oct 19 02:33:34 UTC 2018 /home/travis/build/icyphy/ptII/ptolemy/actor/lib/test/auto/PublisherSubscriber10.xml
----------------- Instantiating /home/travis/build/icyphy/ptII/ptolemy/actor/lib/test/auto/PublisherSubscriber10.xml
4 ms. Memory: 1552384K Free: 1111345K (72%)
----------------- Invoking toplevel() on ptolemy.moml.MoMLSimpleApplication@6dce5a68
----------------- Done invoking toplevel() on ptolemy.moml.MoMLSimpleApplication@6dce5a68
reloadAllAccessors: .PublisherSubscriber10

===========================================================================================
----------------- testing Fri Oct 19 02:33:34 UTC 2018 /home/travis/build/icyphy/ptII/ptolemy/actor/lib/test/auto/PublisherSubscriber10InitialOutputs.xml
----------------- Instantiating /home/travis/build/icyphy/ptII/ptolemy/actor/lib/test/auto/PublisherSubscriber10InitialOutputs.xml
4 ms. Memory: 1552384K Free: 1096829K (71%)
----------------- Invoking toplevel() on ptolemy.moml.MoMLSimpleApplication@66807d70
----------------- Done invoking toplevel() on ptolemy.moml.MoMLSimpleApplication@66807d70
reloadAllAccessors: .PublisherSubscriber10InitialOutputs

===========================================================================================
----------------- testing Fri Oct 19 02:33:34 UTC 2018 /home/travis/build/icyphy/ptII/ptolemy/actor/lib/test/auto/PublisherSubscriber11.xml
----------------- Instantiating /home/travis/build/icyphy/ptII/ptolemy/actor/lib/test/auto/PublisherSubscriber11.xml
2 ms. Memory: 1552384K Free: 1074655K (69%)
----------------- Invoking toplevel() on ptolemy.moml.MoMLSimpleApplication@5e87ca8f
----------------- Done invoking toplevel() on ptolemy.moml.MoMLSimpleApplication@5e87ca8f
reloadAllAccessors: .PublisherSubscriber11

===========================================================================================
----------------- testing Fri Oct 19 02:33:34 UTC 2018 /home/travis/build/icyphy/ptII/ptolemy/actor/lib/test/auto/PublisherSubscriber12.xml
----------------- Instantiating /home/travis/build/icyphy/ptII/ptolemy/actor/lib/test/auto/PublisherSubscriber12.xml
2 ms. Memory: 1552384K Free: 1060140K (68%)
----------------- Invoking toplevel() on ptolemy.moml.MoMLSimpleApplication@75de2d30
----------------- Done invoking toplevel() on ptolemy.moml.MoMLSimpleApplication@75de2d30
reloadAllAccessors: .PublisherSubscriber12

===========================================================================================
----------------- testing Fri Oct 19 02:33:34 UTC 2018 /home/travis/build/icyphy/ptII/ptolemy/actor/lib/test/auto/PublisherSubscriber13.xml
----------------- Instantiating /home/travis/build/icyphy/ptII/ptolemy/actor/lib/test/auto/PublisherSubscriber13.xml
2 ms. Memory: 1552384K Free: 1045624K (67%)
----------------- Invoking toplevel() on ptolemy.moml.MoMLSimpleApplication@67a4c7f
----------------- Done invoking toplevel() on ptolemy.moml.MoMLSimpleApplication@67a4c7f
reloadAllAccessors: .PublisherSubscriber13

===========================================================================================
----------------- testing Fri Oct 19 02:33:34 UTC 2018 /home/travis/build/icyphy/ptII/ptolemy/actor/lib/test/auto/PublisherSubscriber14.xml
----------------- Instantiating /home/travis/build/icyphy/ptII/ptolemy/actor/lib/test/auto/PublisherSubscriber14.xml
2 ms. Memory: 1552384K Free: 1023450K (66%)
----------------- Invoking toplevel() on ptolemy.moml.MoMLSimpleApplication@5e5c1dee
----------------- Done invoking toplevel() on ptolemy.moml.MoMLSimpleApplication@5e5c1dee
reloadAllAccessors: .PublisherSubscriber14

===========================================================================================
----------------- testing Fri Oct 19 02:33:34 UTC 2018 /home/travis/build/icyphy/ptII/ptolemy/actor/lib/test/auto/PublisherSubscriber2.xml
----------------- Instantiating /home/travis/build/icyphy/ptII/ptolemy/actor/lib/test/auto/PublisherSubscriber2.xml
1 ms. Memory: 1552384K Free: 1008935K (65%)
----------------- Invoking toplevel() on ptolemy.moml.MoMLSimpleApplication@787c51ba
----------------- Done invoking toplevel() on ptolemy.moml.MoMLSimpleApplication@787c51ba
reloadAllAccessors: .PublisherSubscriber2

===========================================================================================
----------------- testing Fri Oct 19 02:33:34 UTC 2018 /home/travis/build/icyphy/ptII/ptolemy/actor/lib/test/auto/PublisherSubscriber3.xml
----------------- Instantiating /home/travis/build/icyphy/ptII/ptolemy/actor/lib/test/auto/PublisherSubscriber3.xml
3 ms. Memory: 1552384K Free: 994419K (64%)
----------------- Invoking toplevel() on ptolemy.moml.MoMLSimpleApplication@32210623
----------------- Done invoking toplevel() on ptolemy.moml.MoMLSimpleApplication@32210623
reloadAllAccessors: .PublisherSubscriber3

===========================================================================================
----------------- testing Fri Oct 19 02:33:34 UTC 2018 /home/travis/build/icyphy/ptII/ptolemy/actor/lib/test/auto/PublisherSubscriber4.xml
----------------- Instantiating /home/travis/build/icyphy/ptII/ptolemy/actor/lib/test/auto/PublisherSubscriber4.xml
1 ms. Memory: 1552384K Free: 972245K (63%)
----------------- Invoking toplevel() on ptolemy.moml.MoMLSimpleApplication@7f75a463
----------------- Done invoking toplevel() on ptolemy.moml.MoMLSimpleApplication@7f75a463
reloadAllAccessors: .PublisherSubscriber4

===========================================================================================
----------------- testing Fri Oct 19 02:33:34 UTC 2018 /home/travis/build/icyphy/ptII/ptolemy/actor/lib/test/auto/PublisherSubscriber5.xml
----------------- Instantiating /home/travis/build/icyphy/ptII/ptolemy/actor/lib/test/auto/PublisherSubscriber5.xml
2 ms. Memory: 1552384K Free: 957730K (62%)
----------------- Invoking toplevel() on ptolemy.moml.MoMLSimpleApplication@5675a2c1
----------------- Done invoking toplevel() on ptolemy.moml.MoMLSimpleApplication@5675a2c1
reloadAllAccessors: .PublisherSubscriber5

===========================================================================================
----------------- testing Fri Oct 19 02:33:34 UTC 2018 /home/travis/build/icyphy/ptII/ptolemy/actor/lib/test/auto/PublisherSubscriber6.xml
----------------- Instantiating /home/travis/build/icyphy/ptII/ptolemy/actor/lib/test/auto/PublisherSubscriber6.xml
2 ms. Memory: 1552384K Free: 943214K (61%)
----------------- Invoking toplevel() on ptolemy.moml.MoMLSimpleApplication@a154091
----------------- Done invoking toplevel() on ptolemy.moml.MoMLSimpleApplication@a154091
reloadAllAccessors: .PublisherSubscriber6

===========================================================================================
----------------- testing Fri Oct 19 02:33:34 UTC 2018 /home/travis/build/icyphy/ptII/ptolemy/actor/lib/test/auto/PublisherSubscriber7.xml
----------------- Instantiating /home/travis/build/icyphy/ptII/ptolemy/actor/lib/test/auto/PublisherSubscriber7.xml
3 ms. Memory: 1552384K Free: 921040K (59%)
----------------- Invoking toplevel() on ptolemy.moml.MoMLSimpleApplication@5e586f91
----------------- Done invoking toplevel() on ptolemy.moml.MoMLSimpleApplication@5e586f91
reloadAllAccessors: .PublisherSubscriber7

===========================================================================================
----------------- testing Fri Oct 19 02:33:34 UTC 2018 /home/travis/build/icyphy/ptII/ptolemy/actor/lib/test/auto/PublisherSubscriber8.xml
----------------- Instantiating /home/travis/build/icyphy/ptII/ptolemy/actor/lib/test/auto/PublisherSubscriber8.xml
11 ms. Memory: 1552384K Free: 833948K (54%)
----------------- Invoking toplevel() on ptolemy.moml.MoMLSimpleApplication@4adb3323
----------------- Done invoking toplevel() on ptolemy.moml.MoMLSimpleApplication@4adb3323
reloadAllAccessors: .PublisherSubscriber8

===========================================================================================
----------------- testing Fri Oct 19 02:33:34 UTC 2018 /home/travis/build/icyphy/ptII/ptolemy/actor/lib/test/auto/PublisherSubscriber9.xml
----------------- Instantiating /home/travis/build/icyphy/ptII/ptolemy/actor/lib/test/auto/PublisherSubscriber9.xml
3 ms. Memory: 1552384K Free: 819433K (53%)
----------------- Invoking toplevel() on ptolemy.moml.MoMLSimpleApplication@51293388
----------------- Done invoking toplevel() on ptolemy.moml.MoMLSimpleApplication@51293388
reloadAllAccessors: .PublisherSubscriber9

===========================================================================================
----------------- testing Fri Oct 19 02:33:34 UTC 2018 /home/travis/build/icyphy/ptII/ptolemy/actor/lib/test/auto/PublisherSubscriberAdjacent.xml
----------------- Instantiating /home/travis/build/icyphy/ptII/ptolemy/actor/lib/test/auto/PublisherSubscriberAdjacent.xml
1 ms. Memory: 1552384K Free: 797259K (51%)
----------------- Invoking toplevel() on ptolemy.moml.MoMLSimpleApplication@44ea6884
----------------- Done invoking toplevel() on ptolemy.moml.MoMLSimpleApplication@44ea6884
reloadAllAccessors: .PublisherSubscriberAdjacent

===========================================================================================
----------------- testing Fri Oct 19 02:33:34 UTC 2018 /home/travis/build/icyphy/ptII/ptolemy/actor/lib/test/auto/PublisherSubscriberChannelVariablesAOC2.xml
----------------- Instantiating /home/travis/build/icyphy/ptII/ptolemy/actor/lib/test/auto/PublisherSubscriberChannelVariablesAOC2.xml
3 ms. Memory: 1552384K Free: 775470K (50%)
----------------- Invoking toplevel() on ptolemy.moml.MoMLSimpleApplication@51bef366
----------------- Done invoking toplevel() on ptolemy.moml.MoMLSimpleApplication@51bef366
reloadAllAccessors: .PublisherSubscriberChannelVariablesAOC2

===========================================================================================
----------------- testing Fri Oct 19 02:33:34 UTC 2018 /home/travis/build/icyphy/ptII/ptolemy/actor/lib/test/auto/PublisherSubscriberD3.xml
----------------- Instantiating /home/travis/build/icyphy/ptII/ptolemy/actor/lib/test/auto/PublisherSubscriberD3.xml
2 ms. Memory: 1552384K Free: 760955K (49%)
----------------- Invoking toplevel() on ptolemy.moml.MoMLSimpleApplication@28b61298
----------------- Done invoking toplevel() on ptolemy.moml.MoMLSimpleApplication@28b61298
reloadAllAccessors: .PublisherSubscriberD3

===========================================================================================
----------------- testing Fri Oct 19 02:33:34 UTC 2018 /home/travis/build/icyphy/ptII/ptolemy/actor/lib/test/auto/PublisherSubscriberD3Reverse.xml
----------------- Instantiating /home/travis/build/icyphy/ptII/ptolemy/actor/lib/test/auto/PublisherSubscriberD3Reverse.xml
1 ms. Memory: 1552384K Free: 746439K (48%)
----------------- Invoking toplevel() on ptolemy.moml.MoMLSimpleApplication@7dae4095
----------------- Done invoking toplevel() on ptolemy.moml.MoMLSimpleApplication@7dae4095
reloadAllAccessors: .PublisherSubscriberD3Reverse

===========================================================================================
----------------- testing Fri Oct 19 02:33:34 UTC 2018 /home/travis/build/icyphy/ptII/ptolemy/actor/lib/test/auto/PublisherSubscriberExpression.xml
----------------- Instantiating /home/travis/build/icyphy/ptII/ptolemy/actor/lib/test/auto/PublisherSubscriberExpression.xml
3 ms. Memory: 1552384K Free: 724265K (47%)
----------------- Invoking toplevel() on ptolemy.moml.MoMLSimpleApplication@166f6196
----------------- Done invoking toplevel() on ptolemy.moml.MoMLSimpleApplication@166f6196
reloadAllAccessors: .PublisherSubscriberExpression

===========================================================================================
----------------- testing Fri Oct 19 02:33:34 UTC 2018 /home/travis/build/icyphy/ptII/ptolemy/actor/lib/test/auto/PublisherSubscriberOpaque.xml
----------------- Instantiating /home/travis/build/icyphy/ptII/ptolemy/actor/lib/test/auto/PublisherSubscriberOpaque.xml
3 ms. Memory: 1552384K Free: 709750K (46%)
----------------- Invoking toplevel() on ptolemy.moml.MoMLSimpleApplication@6c6f2f91
----------------- Done invoking toplevel() on ptolemy.moml.MoMLSimpleApplication@6c6f2f91
reloadAllAccessors: .PublisherSubscriberOpaque

===========================================================================================
----------------- testing Fri Oct 19 02:33:34 UTC 2018 /home/travis/build/icyphy/ptII/ptolemy/actor/lib/test/auto/PublisherSubscriberOpaqueD3.xml
----------------- Instantiating /home/travis/build/icyphy/ptII/ptolemy/actor/lib/test/auto/PublisherSubscriberOpaqueD3.xml
4 ms. Memory: 1552384K Free: 687977K (44%)
----------------- Invoking toplevel() on ptolemy.moml.MoMLSimpleApplication@4821461b
----------------- Done invoking toplevel() on ptolemy.moml.MoMLSimpleApplication@4821461b
reloadAllAccessors: .PublisherSubscriberOpaqueD3

===========================================================================================
----------------- testing Fri Oct 19 02:33:34 UTC 2018 /home/travis/build/icyphy/ptII/ptolemy/actor/lib/test/auto/PublisherSubscriberOpaqueD3Reverse.xml
----------------- Instantiating /home/travis/build/icyphy/ptII/ptolemy/actor/lib/test/auto/PublisherSubscriberOpaqueD3Reverse.xml
7 ms. Memory: 1552384K Free: 665802K (43%)
----------------- Invoking toplevel() on ptolemy.moml.MoMLSimpleApplication@66c89027
----------------- Done invoking toplevel() on ptolemy.moml.MoMLSimpleApplication@66c89027
reloadAllAccessors: .PublisherSubscriberOpaqueD3Reverse

===========================================================================================
----------------- testing Fri Oct 19 02:33:34 UTC 2018 /home/travis/build/icyphy/ptII/ptolemy/actor/lib/test/auto/PublisherSubscriberOpaqueWidthInference.xml
----------------- Instantiating /home/travis/build/icyphy/ptII/ptolemy/actor/lib/test/auto/PublisherSubscriberOpaqueWidthInference.xml
3 ms. Memory: 1552384K Free: 651287K (42%)
----------------- Invoking toplevel() on ptolemy.moml.MoMLSimpleApplication@78012df0
----------------- Done invoking toplevel() on ptolemy.moml.MoMLSimpleApplication@78012df0
reloadAllAccessors: .PublisherSubscriberOpaqueWidthInference

===========================================================================================
----------------- testing Fri Oct 19 02:33:34 UTC 2018 /home/travis/build/icyphy/ptII/ptolemy/actor/lib/test/auto/PublisherTestSubscriber.xml
----------------- Instantiating /home/travis/build/icyphy/ptII/ptolemy/actor/lib/test/auto/PublisherTestSubscriber.xml
3 ms. Memory: 1552384K Free: 636772K (41%)
----------------- Invoking toplevel() on ptolemy.moml.MoMLSimpleApplication@79324249
----------------- Done invoking toplevel() on ptolemy.moml.MoMLSimpleApplication@79324249
reloadAllAccessors: .PublisherTestSubscriber

===========================================================================================
----------------- testing Fri Oct 19 02:33:34 UTC 2018 /home/travis/build/icyphy/ptII/ptolemy/actor/lib/test/auto/PublisherToplevelSubscriberPortAOC.xml
----------------- Instantiating /home/travis/build/icyphy/ptII/ptolemy/actor/lib/test/auto/PublisherToplevelSubscriberPortAOC.xml
2 ms. Memory: 1552384K Free: 614597K (40%)
----------------- Invoking toplevel() on ptolemy.moml.MoMLSimpleApplication@620dd7e4
----------------- Done invoking toplevel() on ptolemy.moml.MoMLSimpleApplication@620dd7e4
reloadAllAccessors: .PublisherToplevelSubscriberPortAOC

===========================================================================================
----------------- testing Fri Oct 19 02:33:34 UTC 2018 /home/travis/build/icyphy/ptII/ptolemy/actor/lib/test/auto/PulseFiringLimitDE.xml
----------------- Instantiating /home/travis/build/icyphy/ptII/ptolemy/actor/lib/test/auto/PulseFiringLimitDE.xml
1 ms. Memory: 1552384K Free: 600082K (39%)
----------------- Invoking toplevel() on ptolemy.moml.MoMLSimpleApplication@645dad81
----------------- Done invoking toplevel() on ptolemy.moml.MoMLSimpleApplication@645dad81
reloadAllAccessors: .PulseFiringLimitDE

===========================================================================================
----------------- testing Fri Oct 19 02:33:34 UTC 2018 /home/travis/build/icyphy/ptII/ptolemy/actor/lib/test/auto/Ramp1.xml
----------------- Instantiating /home/travis/build/icyphy/ptII/ptolemy/actor/lib/test/auto/Ramp1.xml
1 ms. Memory: 1552384K Free: 585567K (38%)
----------------- Invoking toplevel() on ptolemy.moml.MoMLSimpleApplication@6025c2ee
----------------- Done invoking toplevel() on ptolemy.moml.MoMLSimpleApplication@6025c2ee
reloadAllAccessors: .Ramp1

===========================================================================================
----------------- testing Fri Oct 19 02:33:34 UTC 2018 /home/travis/build/icyphy/ptII/ptolemy/actor/lib/test/auto/RampFiringLimitDE.xml
----------------- Instantiating /home/travis/build/icyphy/ptII/ptolemy/actor/lib/test/auto/RampFiringLimitDE.xml
2 ms. Memory: 1552384K Free: 563392K (36%)
----------------- Invoking toplevel() on ptolemy.moml.MoMLSimpleApplication@29102e1a
----------------- Done invoking toplevel() on ptolemy.moml.MoMLSimpleApplication@29102e1a
reloadAllAccessors: .RampFiringLimitDE

===========================================================================================
----------------- testing Fri Oct 19 02:33:34 UTC 2018 /home/travis/build/icyphy/ptII/ptolemy/actor/lib/test/auto/RampFiringLimitSDF.xml
----------------- Instantiating /home/travis/build/icyphy/ptII/ptolemy/actor/lib/test/auto/RampFiringLimitSDF.xml
2 ms. Memory: 1552384K Free: 548877K (35%)
----------------- Invoking toplevel() on ptolemy.moml.MoMLSimpleApplication@516cfddc
----------------- Done invoking toplevel() on ptolemy.moml.MoMLSimpleApplication@516cfddc
reloadAllAccessors: .RampFiringLimitSDF

===========================================================================================
----------------- testing Fri Oct 19 02:33:34 UTC 2018 /home/travis/build/icyphy/ptII/ptolemy/actor/lib/test/auto/RandomInteger.xml
----------------- Instantiating /home/travis/build/icyphy/ptII/ptolemy/actor/lib/test/auto/RandomInteger.xml
2 ms. Memory: 1552384K Free: 534362K (34%)
----------------- Invoking toplevel() on ptolemy.moml.MoMLSimpleApplication@41165c65
----------------- Done invoking toplevel() on ptolemy.moml.MoMLSimpleApplication@41165c65
reloadAllAccessors: .RandomInteger

===========================================================================================
----------------- testing Fri Oct 19 02:33:34 UTC 2018 /home/travis/build/icyphy/ptII/ptolemy/actor/lib/test/auto/ReadFile1.xml
----------------- Instantiating /home/travis/build/icyphy/ptII/ptolemy/actor/lib/test/auto/ReadFile1.xml
2 ms. Memory: 1552384K Free: 512187K (33%)
----------------- Invoking toplevel() on ptolemy.moml.MoMLSimpleApplication@2e21f533
----------------- Done invoking toplevel() on ptolemy.moml.MoMLSimpleApplication@2e21f533
reloadAllAccessors: .ReadFile1

===========================================================================================
----------------- testing Fri Oct 19 02:33:34 UTC 2018 /home/travis/build/icyphy/ptII/ptolemy/actor/lib/test/auto/ReadFile2.xml
----------------- Instantiating /home/travis/build/icyphy/ptII/ptolemy/actor/lib/test/auto/ReadFile2.xml
1 ms. Memory: 1552384K Free: 497672K (32%)
----------------- Invoking toplevel() on ptolemy.moml.MoMLSimpleApplication@15e16441
----------------- Done invoking toplevel() on ptolemy.moml.MoMLSimpleApplication@15e16441
reloadAllAccessors: .ReadFile2

===========================================================================================
----------------- testing Fri Oct 19 02:33:34 UTC 2018 /home/travis/build/icyphy/ptII/ptolemy/actor/lib/test/auto/Reader.xml
----------------- Instantiating /home/travis/build/icyphy/ptII/ptolemy/actor/lib/test/auto/Reader.xml
actor.lib.Reader is obsolete, use actor.lib.io.ExpressionReader instead
2 ms. Memory: 1552384K Free: 483156K (31%)
----------------- Invoking toplevel() on ptolemy.moml.MoMLSimpleApplication@341c5b89
----------------- Done invoking toplevel() on ptolemy.moml.MoMLSimpleApplication@341c5b89
reloadAllAccessors: .Reader

===========================================================================================
----------------- testing Fri Oct 19 02:33:34 UTC 2018 /home/travis/build/icyphy/ptII/ptolemy/actor/lib/test/auto/RecordAssemblerDisplayNameTest.xml
----------------- Instantiating /home/travis/build/icyphy/ptII/ptolemy/actor/lib/test/auto/RecordAssemblerDisplayNameTest.xml
2889 ms. Memory: 1583104K Free: 692561K (44%)
----------------- Invoking toplevel() on ptolemy.moml.MoMLSimpleApplication@33fb20cd
----------------- Done invoking toplevel() on ptolemy.moml.MoMLSimpleApplication@33fb20cd
reloadAllAccessors: .RecordAssemblerDisplayNameTest

===========================================================================================
----------------- testing Fri Oct 19 02:33:37 UTC 2018 /home/travis/build/icyphy/ptII/ptolemy/actor/lib/test/auto/RecordAssemblerTypeError.xml
----------------- Instantiating /home/travis/build/icyphy/ptII/ptolemy/actor/lib/test/auto/RecordAssemblerTypeError.xml
6 ms. Memory: 1583104K Free: 660919K (42%)
----------------- Invoking toplevel() on ptolemy.moml.MoMLSimpleApplication@6dc00692
----------------- Done invoking toplevel() on ptolemy.moml.MoMLSimpleApplication@6dc00692
reloadAllAccessors: .RecordAssemblerTypeError

===========================================================================================
----------------- testing Fri Oct 19 02:33:37 UTC 2018 /home/travis/build/icyphy/ptII/ptolemy/actor/lib/test/auto/RecordDisassember.xml
----------------- Instantiating /home/travis/build/icyphy/ptII/ptolemy/actor/lib/test/auto/RecordDisassember.xml
7 ms. Memory: 1583104K Free: 646286K (41%)
----------------- Invoking toplevel() on ptolemy.moml.MoMLSimpleApplication@925eac0
----------------- Done invoking toplevel() on ptolemy.moml.MoMLSimpleApplication@925eac0
reloadAllAccessors: .RecordDisassember

===========================================================================================
----------------- testing Fri Oct 19 02:33:37 UTC 2018 /home/travis/build/icyphy/ptII/ptolemy/actor/lib/test/auto/RecordDisassemberDisplayNameTest.xml
----------------- Instantiating /home/travis/build/icyphy/ptII/ptolemy/actor/lib/test/auto/RecordDisassemberDisplayNameTest.xml
4 ms. Memory: 1583104K Free: 625673K (40%)
----------------- Invoking toplevel() on ptolemy.moml.MoMLSimpleApplication@6fe91267
----------------- Done invoking toplevel() on ptolemy.moml.MoMLSimpleApplication@6fe91267
reloadAllAccessors: .RecordDisassemberDisplayNameTest

===========================================================================================
----------------- testing Fri Oct 19 02:33:37 UTC 2018 /home/travis/build/icyphy/ptII/ptolemy/actor/lib/test/auto/RecordDisassembler.xml
----------------- Instantiating /home/travis/build/icyphy/ptII/ptolemy/actor/lib/test/auto/RecordDisassembler.xml
2 ms. Memory: 1583104K Free: 611040K (39%)
----------------- Invoking toplevel() on ptolemy.moml.MoMLSimpleApplication@36f4957a
----------------- Done invoking toplevel() on ptolemy.moml.MoMLSimpleApplication@36f4957a
reloadAllAccessors: .RecordDisassembler

===========================================================================================
----------------- testing Fri Oct 19 02:33:37 UTC 2018 /home/travis/build/icyphy/ptII/ptolemy/actor/lib/test/auto/RecordDisassembler2.xml
----------------- Instantiating /home/travis/build/icyphy/ptII/ptolemy/actor/lib/test/auto/RecordDisassembler2.xml
2 ms. Memory: 1583104K Free: 590428K (37%)
----------------- Invoking toplevel() on ptolemy.moml.MoMLSimpleApplication@71ee4b0c
----------------- Done invoking toplevel() on ptolemy.moml.MoMLSimpleApplication@71ee4b0c
reloadAllAccessors: .RecordDisassembler2

===========================================================================================
----------------- testing Fri Oct 19 02:33:37 UTC 2018 /home/travis/build/icyphy/ptII/ptolemy/actor/lib/test/auto/RecordUpdater.xml
----------------- Instantiating /home/travis/build/icyphy/ptII/ptolemy/actor/lib/test/auto/RecordUpdater.xml
3 ms. Memory: 1583104K Free: 575795K (36%)
----------------- Invoking toplevel() on ptolemy.moml.MoMLSimpleApplication@5dede478
----------------- Done invoking toplevel() on ptolemy.moml.MoMLSimpleApplication@5dede478
reloadAllAccessors: .RecordUpdater

===========================================================================================
----------------- testing Fri Oct 19 02:33:37 UTC 2018 /home/travis/build/icyphy/ptII/ptolemy/actor/lib/test/auto/RecordUpdater2.xml
----------------- Instantiating /home/travis/build/icyphy/ptII/ptolemy/actor/lib/test/auto/RecordUpdater2.xml
2 ms. Memory: 1583104K Free: 561162K (35%)
----------------- Invoking toplevel() on ptolemy.moml.MoMLSimpleApplication@3cb9b3ca
----------------- Done invoking toplevel() on ptolemy.moml.MoMLSimpleApplication@3cb9b3ca
reloadAllAccessors: .RecordUpdater2

===========================================================================================
----------------- testing Fri Oct 19 02:33:37 UTC 2018 /home/travis/build/icyphy/ptII/ptolemy/actor/lib/test/auto/RecursiveLattice.xml
----------------- Instantiating /home/travis/build/icyphy/ptII/ptolemy/actor/lib/test/auto/RecursiveLattice.xml
1 ms. Memory: 1583104K Free: 540549K (34%)
----------------- Invoking toplevel() on ptolemy.moml.MoMLSimpleApplication@3bfc9cf9
----------------- Done invoking toplevel() on ptolemy.moml.MoMLSimpleApplication@3bfc9cf9
reloadAllAccessors: .RecursiveLattice

===========================================================================================
----------------- testing Fri Oct 19 02:33:38 UTC 2018 /home/travis/build/icyphy/ptII/ptolemy/actor/lib/test/auto/Router.xml
----------------- Instantiating /home/travis/build/icyphy/ptII/ptolemy/actor/lib/test/auto/Router.xml
3004 ms. Memory: 1583104K Free: 525916K (33%)
----------------- Invoking toplevel() on ptolemy.moml.MoMLSimpleApplication@c068c42
----------------- Done invoking toplevel() on ptolemy.moml.MoMLSimpleApplication@c068c42
reloadAllAccessors: .Router

===========================================================================================
----------------- testing Fri Oct 19 02:33:41 UTC 2018 /home/travis/build/icyphy/ptII/ptolemy/actor/lib/test/auto/Router2.xml
----------------- Instantiating /home/travis/build/icyphy/ptII/ptolemy/actor/lib/test/auto/Router2.xml
3003 ms. Memory: 1583104K Free: 505303K (32%)
----------------- Invoking toplevel() on ptolemy.moml.MoMLSimpleApplication@751a3d54
----------------- Done invoking toplevel() on ptolemy.moml.MoMLSimpleApplication@751a3d54
reloadAllAccessors: .Router2

===========================================================================================
----------------- testing Fri Oct 19 02:33:44 UTC 2018 /home/travis/build/icyphy/ptII/ptolemy/actor/lib/test/auto/RunningMaximum.xml
----------------- Instantiating /home/travis/build/icyphy/ptII/ptolemy/actor/lib/test/auto/RunningMaximum.xml
1 ms. Memory: 1583104K Free: 490670K (31%)
----------------- Invoking toplevel() on ptolemy.moml.MoMLSimpleApplication@7e6f9391
----------------- Done invoking toplevel() on ptolemy.moml.MoMLSimpleApplication@7e6f9391
reloadAllAccessors: .RunningMaximum

===========================================================================================
----------------- testing Fri Oct 19 02:33:44 UTC 2018 /home/travis/build/icyphy/ptII/ptolemy/actor/lib/test/auto/RunningMinimum.xml
----------------- Instantiating /home/travis/build/icyphy/ptII/ptolemy/actor/lib/test/auto/RunningMinimum.xml
2 ms. Memory: 1583104K Free: 476037K (30%)
----------------- Invoking toplevel() on ptolemy.moml.MoMLSimpleApplication@4bb4b16c
----------------- Done invoking toplevel() on ptolemy.moml.MoMLSimpleApplication@4bb4b16c
reloadAllAccessors: .RunningMinimum

===========================================================================================
----------------- testing Fri Oct 19 02:33:44 UTC 2018 /home/travis/build/icyphy/ptII/ptolemy/actor/lib/test/auto/Scale.xml
----------------- Instantiating /home/travis/build/icyphy/ptII/ptolemy/actor/lib/test/auto/Scale.xml
1 ms. Memory: 1583104K Free: 455424K (29%)
----------------- Invoking toplevel() on ptolemy.moml.MoMLSimpleApplication@1a087058
----------------- Done invoking toplevel() on ptolemy.moml.MoMLSimpleApplication@1a087058
reloadAllAccessors: .Scale

===========================================================================================
----------------- testing Fri Oct 19 02:33:44 UTC 2018 /home/travis/build/icyphy/ptII/ptolemy/actor/lib/test/auto/Scale2.xml
----------------- Instantiating /home/travis/build/icyphy/ptII/ptolemy/actor/lib/test/auto/Scale2.xml
2 ms. Memory: 1583104K Free: 440791K (28%)
----------------- Invoking toplevel() on ptolemy.moml.MoMLSimpleApplication@5b5da816
----------------- Done invoking toplevel() on ptolemy.moml.MoMLSimpleApplication@5b5da816
reloadAllAccessors: .Scale2

===========================================================================================
----------------- testing Fri Oct 19 02:33:44 UTC 2018 /home/travis/build/icyphy/ptII/ptolemy/actor/lib/test/auto/Scale3.xml
----------------- Instantiating /home/travis/build/icyphy/ptII/ptolemy/actor/lib/test/auto/Scale3.xml
3 ms. Memory: 1583104K Free: 420178K (27%)
----------------- Invoking toplevel() on ptolemy.moml.MoMLSimpleApplication@2a87434f
----------------- Done invoking toplevel() on ptolemy.moml.MoMLSimpleApplication@2a87434f
reloadAllAccessors: .Scale3

===========================================================================================
----------------- testing Fri Oct 19 02:33:44 UTC 2018 /home/travis/build/icyphy/ptII/ptolemy/actor/lib/test/auto/ScaleArray.xml
----------------- Instantiating /home/travis/build/icyphy/ptII/ptolemy/actor/lib/test/auto/ScaleArray.xml
7 ms. Memory: 1583104K Free: 405545K (26%)
----------------- Invoking toplevel() on ptolemy.moml.MoMLSimpleApplication@7cecbd2f
----------------- Done invoking toplevel() on ptolemy.moml.MoMLSimpleApplication@7cecbd2f
reloadAllAccessors: .ScaleArray

===========================================================================================
----------------- testing Fri Oct 19 02:33:44 UTC 2018 /home/travis/build/icyphy/ptII/ptolemy/actor/lib/test/auto/ScaleArray2.xml
----------------- Instantiating /home/travis/build/icyphy/ptII/ptolemy/actor/lib/test/auto/ScaleArray2.xml
2 ms. Memory: 1583104K Free: 390912K (25%)
----------------- Invoking toplevel() on ptolemy.moml.MoMLSimpleApplication@72635a0a
----------------- Done invoking toplevel() on ptolemy.moml.MoMLSimpleApplication@72635a0a
reloadAllAccessors: .ScaleArray2

===========================================================================================
----------------- testing Fri Oct 19 02:33:44 UTC 2018 /home/travis/build/icyphy/ptII/ptolemy/actor/lib/test/auto/ScaleMatrix.xml
----------------- Instantiating /home/travis/build/icyphy/ptII/ptolemy/actor/lib/test/auto/ScaleMatrix.xml
123 ms. Memory: 1583104K Free: 362983K (23%)
----------------- Invoking toplevel() on ptolemy.moml.MoMLSimpleApplication@8feace5
----------------- Done invoking toplevel() on ptolemy.moml.MoMLSimpleApplication@8feace5
reloadAllAccessors: .ScaleMatrix

===========================================================================================
----------------- testing Fri Oct 19 02:33:44 UTC 2018 /home/travis/build/icyphy/ptII/ptolemy/actor/lib/test/auto/Select.xml
----------------- Instantiating /home/travis/build/icyphy/ptII/ptolemy/actor/lib/test/auto/Select.xml
7 ms. Memory: 1583104K Free: 348350K (22%)
----------------- Invoking toplevel() on ptolemy.moml.MoMLSimpleApplication@31bf2108
----------------- Done invoking toplevel() on ptolemy.moml.MoMLSimpleApplication@31bf2108
reloadAllAccessors: .Select

===========================================================================================
----------------- testing Fri Oct 19 02:33:44 UTC 2018 /home/travis/build/icyphy/ptII/ptolemy/actor/lib/test/auto/Select2.xml
----------------- Instantiating /home/travis/build/icyphy/ptII/ptolemy/actor/lib/test/auto/Select2.xml
0 ms. Memory: 1583104K Free: 327737K (21%)
----------------- Invoking toplevel() on ptolemy.moml.MoMLSimpleApplication@5158eb70
----------------- Done invoking toplevel() on ptolemy.moml.MoMLSimpleApplication@5158eb70
reloadAllAccessors: .Select2

===========================================================================================
----------------- testing Fri Oct 19 02:33:44 UTC 2018 /home/travis/build/icyphy/ptII/ptolemy/actor/lib/test/auto/SequenceToArray2.xml
----------------- Instantiating /home/travis/build/icyphy/ptII/ptolemy/actor/lib/test/auto/SequenceToArray2.xml
76 ms. Memory: 1583104K Free: 239923K (15%)
----------------- Invoking toplevel() on ptolemy.moml.MoMLSimpleApplication@1fc1ee11
----------------- Done invoking toplevel() on ptolemy.moml.MoMLSimpleApplication@1fc1ee11
reloadAllAccessors: .SequenceToArray2

===========================================================================================
----------------- testing Fri Oct 19 02:33:44 UTC 2018 /home/travis/build/icyphy/ptII/ptolemy/actor/lib/test/auto/SequentialClock.xml
----------------- Instantiating /home/travis/build/icyphy/ptII/ptolemy/actor/lib/test/auto/SequentialClock.xml
1 ms. Memory: 1583104K Free: 225290K (14%)
----------------- Invoking toplevel() on ptolemy.moml.MoMLSimpleApplication@2770a83
----------------- Done invoking toplevel() on ptolemy.moml.MoMLSimpleApplication@2770a83
reloadAllAccessors: .SequentialClock

===========================================================================================
----------------- testing Fri Oct 19 02:33:44 UTC 2018 /home/travis/build/icyphy/ptII/ptolemy/actor/lib/test/auto/SetVariable.xml
----------------- Instantiating /home/travis/build/icyphy/ptII/ptolemy/actor/lib/test/auto/SetVariable.xml
5 ms. Memory: 1583104K Free: 204677K (13%)
----------------- Invoking toplevel() on ptolemy.moml.MoMLSimpleApplication@3555dfe4
----------------- Done invoking toplevel() on ptolemy.moml.MoMLSimpleApplication@3555dfe4
reloadAllAccessors: .SetVariable

===========================================================================================
----------------- testing Fri Oct 19 02:33:44 UTC 2018 /home/travis/build/icyphy/ptII/ptolemy/actor/lib/test/auto/SetVariable2.xml
----------------- Instantiating /home/travis/build/icyphy/ptII/ptolemy/actor/lib/test/auto/SetVariable2.xml
3 ms. Memory: 1583104K Free: 190044K (12%)
----------------- Invoking toplevel() on ptolemy.moml.MoMLSimpleApplication@1a800a74
----------------- Done invoking toplevel() on ptolemy.moml.MoMLSimpleApplication@1a800a74
reloadAllAccessors: .SetVariable2

===========================================================================================
----------------- testing Fri Oct 19 02:33:44 UTC 2018 /home/travis/build/icyphy/ptII/ptolemy/actor/lib/test/auto/SetVariable3.xml
----------------- Instantiating /home/travis/build/icyphy/ptII/ptolemy/actor/lib/test/auto/SetVariable3.xml
3 ms. Memory: 1583104K Free: 169431K (11%)
----------------- Invoking toplevel() on ptolemy.moml.MoMLSimpleApplication@3e8006a
----------------- Done invoking toplevel() on ptolemy.moml.MoMLSimpleApplication@3e8006a
reloadAllAccessors: .SetVariable3

===========================================================================================
----------------- testing Fri Oct 19 02:33:44 UTC 2018 /home/travis/build/icyphy/ptII/ptolemy/actor/lib/test/auto/SetVariable4.xml
----------------- Instantiating /home/travis/build/icyphy/ptII/ptolemy/actor/lib/test/auto/SetVariable4.xml
15 ms. Memory: 1583104K Free: 103582K (7%)
----------------- Invoking toplevel() on ptolemy.moml.MoMLSimpleApplication@7723abe
----------------- Done invoking toplevel() on ptolemy.moml.MoMLSimpleApplication@7723abe
reloadAllAccessors: .SetVariable4

===========================================================================================
----------------- testing Fri Oct 19 02:33:44 UTC 2018 /home/travis/build/icyphy/ptII/ptolemy/actor/lib/test/auto/SetVariable5.xml
----------------- Instantiating /home/travis/build/icyphy/ptII/ptolemy/actor/lib/test/auto/SetVariable5.xml
14 ms. Memory: 1583104K Free: 88949K (6%)
----------------- Invoking toplevel() on ptolemy.moml.MoMLSimpleApplication@7cee737f
----------------- Done invoking toplevel() on ptolemy.moml.MoMLSimpleApplication@7cee737f
reloadAllAccessors: .SetVariable5

===========================================================================================
----------------- testing Fri Oct 19 02:33:44 UTC 2018 /home/travis/build/icyphy/ptII/ptolemy/actor/lib/test/auto/Sinewave.xml
----------------- Instantiating /home/travis/build/icyphy/ptII/ptolemy/actor/lib/test/auto/Sinewave.xml
8 ms. Memory: 1735168K Free: 1679020K (97%)
----------------- Invoking toplevel() on ptolemy.moml.MoMLSimpleApplication@6578df6a
----------------- Done invoking toplevel() on ptolemy.moml.MoMLSimpleApplication@6578df6a
reloadAllAccessors: .Sinewave

===========================================================================================
----------------- testing Fri Oct 19 02:33:44 UTC 2018 /home/travis/build/icyphy/ptII/ptolemy/actor/lib/test/auto/Sinewave2.xml
----------------- Instantiating /home/travis/build/icyphy/ptII/ptolemy/actor/lib/test/auto/Sinewave2.xml
3 ms. Memory: 1735168K Free: 1657823K (96%)
----------------- Invoking toplevel() on ptolemy.moml.MoMLSimpleApplication@47cc9f4
----------------- Done invoking toplevel() on ptolemy.moml.MoMLSimpleApplication@47cc9f4
reloadAllAccessors: .Sinewave2

===========================================================================================
----------------- testing Fri Oct 19 02:33:44 UTC 2018 /home/travis/build/icyphy/ptII/ptolemy/actor/lib/test/auto/Sinewave3.xml
----------------- Instantiating /home/travis/build/icyphy/ptII/ptolemy/actor/lib/test/auto/Sinewave3.xml
10 ms. Memory: 1735168K Free: 1636626K (94%)
----------------- Invoking toplevel() on ptolemy.moml.MoMLSimpleApplication@119ab91
----------------- Done invoking toplevel() on ptolemy.moml.MoMLSimpleApplication@119ab91
reloadAllAccessors: .Sinewave3

===========================================================================================
----------------- testing Fri Oct 19 02:33:44 UTC 2018 /home/travis/build/icyphy/ptII/ptolemy/actor/lib/test/auto/SingleEvent.xml
----------------- Instantiating /home/travis/build/icyphy/ptII/ptolemy/actor/lib/test/auto/SingleEvent.xml
1 ms. Memory: 1735168K Free: 1620288K (93%)
----------------- Invoking toplevel() on ptolemy.moml.MoMLSimpleApplication@46738538
----------------- Done invoking toplevel() on ptolemy.moml.MoMLSimpleApplication@46738538
reloadAllAccessors: .SingleEvent

===========================================================================================
----------------- testing Fri Oct 19 02:33:44 UTC 2018 /home/travis/build/icyphy/ptII/ptolemy/actor/lib/test/auto/Sleep.xml
----------------- Instantiating /home/travis/build/icyphy/ptII/ptolemy/actor/lib/test/auto/Sleep.xml
6003 ms. Memory: 1735168K Free: 1599090K (92%)
----------------- Invoking toplevel() on ptolemy.moml.MoMLSimpleApplication@37046302
----------------- Done invoking toplevel() on ptolemy.moml.MoMLSimpleApplication@37046302
reloadAllAccessors: .Sleep

===========================================================================================
----------------- testing Fri Oct 19 02:33:50 UTC 2018 /home/travis/build/icyphy/ptII/ptolemy/actor/lib/test/auto/SleepMultipleFire.xml
----------------- Instantiating /home/travis/build/icyphy/ptII/ptolemy/actor/lib/test/auto/SleepMultipleFire.xml
1006 ms. Memory: 1735168K Free: 1582752K (91%)
----------------- Invoking toplevel() on ptolemy.moml.MoMLSimpleApplication@5e1b30a2
----------------- Done invoking toplevel() on ptolemy.moml.MoMLSimpleApplication@5e1b30a2
reloadAllAccessors: .SleepMultipleFire

===========================================================================================
----------------- testing Fri Oct 19 02:33:51 UTC 2018 /home/travis/build/icyphy/ptII/ptolemy/actor/lib/test/auto/StopDE.xml
----------------- Instantiating /home/travis/build/icyphy/ptII/ptolemy/actor/lib/test/auto/StopDE.xml
2 ms. Memory: 1735168K Free: 1561555K (90%)
----------------- Invoking toplevel() on ptolemy.moml.MoMLSimpleApplication@7f96140
----------------- Done invoking toplevel() on ptolemy.moml.MoMLSimpleApplication@7f96140
reloadAllAccessors: .StopDE

===========================================================================================
----------------- testing Fri Oct 19 02:33:51 UTC 2018 /home/travis/build/icyphy/ptII/ptolemy/actor/lib/test/auto/StopSDF.xml
----------------- Instantiating /home/travis/build/icyphy/ptII/ptolemy/actor/lib/test/auto/StopSDF.xml
2 ms. Memory: 1735168K Free: 1545217K (89%)
----------------- Invoking toplevel() on ptolemy.moml.MoMLSimpleApplication@76bae2b6
----------------- Done invoking toplevel() on ptolemy.moml.MoMLSimpleApplication@76bae2b6
reloadAllAccessors: .StopSDF

===========================================================================================
----------------- testing Fri Oct 19 02:33:51 UTC 2018 /home/travis/build/icyphy/ptII/ptolemy/actor/lib/test/auto/StringConstant.xml
----------------- Instantiating /home/travis/build/icyphy/ptII/ptolemy/actor/lib/test/auto/StringConstant.xml
2 ms. Memory: 1735168K Free: 1524019K (88%)
----------------- Invoking toplevel() on ptolemy.moml.MoMLSimpleApplication@2a16ba4d
----------------- Done invoking toplevel() on ptolemy.moml.MoMLSimpleApplication@2a16ba4d
reloadAllAccessors: .StringConstant

===========================================================================================
----------------- testing Fri Oct 19 02:33:51 UTC 2018 /home/travis/build/icyphy/ptII/ptolemy/actor/lib/test/auto/SubscriberPortInitialValues1.xml
----------------- Instantiating /home/travis/build/icyphy/ptII/ptolemy/actor/lib/test/auto/SubscriberPortInitialValues1.xml
5 ms. Memory: 1735168K Free: 1507681K (87%)
----------------- Invoking toplevel() on ptolemy.moml.MoMLSimpleApplication@1de408ba
----------------- Done invoking toplevel() on ptolemy.moml.MoMLSimpleApplication@1de408ba
reloadAllAccessors: .SubscriberPortInitialValues1

===========================================================================================
----------------- testing Fri Oct 19 02:33:51 UTC 2018 /home/travis/build/icyphy/ptII/ptolemy/actor/lib/test/auto/SubscriberPortInitialValues13.xml
----------------- Instantiating /home/travis/build/icyphy/ptII/ptolemy/actor/lib/test/auto/SubscriberPortInitialValues13.xml
4 ms. Memory: 1735168K Free: 1478299K (85%)
----------------- Invoking toplevel() on ptolemy.moml.MoMLSimpleApplication@2ab23c38
----------------- Done invoking toplevel() on ptolemy.moml.MoMLSimpleApplication@2ab23c38
reloadAllAccessors: .SubscriberPortInitialValues13

===========================================================================================
----------------- testing Fri Oct 19 02:33:51 UTC 2018 /home/travis/build/icyphy/ptII/ptolemy/actor/lib/test/auto/SubscriberPortInitialValues14.xml
----------------- Instantiating /home/travis/build/icyphy/ptII/ptolemy/actor/lib/test/auto/SubscriberPortInitialValues14.xml
4 ms. Memory: 1735168K Free: 1461961K (84%)
----------------- Invoking toplevel() on ptolemy.moml.MoMLSimpleApplication@11b68562
----------------- Done invoking toplevel() on ptolemy.moml.MoMLSimpleApplication@11b68562
reloadAllAccessors: .SubscriberPortInitialValues14

===========================================================================================
----------------- testing Fri Oct 19 02:33:51 UTC 2018 /home/travis/build/icyphy/ptII/ptolemy/actor/lib/test/auto/SubscriberPortInitialValues2.xml
----------------- Instantiating /home/travis/build/icyphy/ptII/ptolemy/actor/lib/test/auto/SubscriberPortInitialValues2.xml
3 ms. Memory: 1735168K Free: 1440763K (83%)
----------------- Invoking toplevel() on ptolemy.moml.MoMLSimpleApplication@2c3810f8
----------------- Done invoking toplevel() on ptolemy.moml.MoMLSimpleApplication@2c3810f8
reloadAllAccessors: .SubscriberPortInitialValues2

===========================================================================================
----------------- testing Fri Oct 19 02:33:51 UTC 2018 /home/travis/build/icyphy/ptII/ptolemy/actor/lib/test/auto/SubscriberPortInitialValues3.xml
----------------- Instantiating /home/travis/build/icyphy/ptII/ptolemy/actor/lib/test/auto/SubscriberPortInitialValues3.xml
3 ms. Memory: 1735168K Free: 1424425K (82%)
----------------- Invoking toplevel() on ptolemy.moml.MoMLSimpleApplication@1993a3c8
----------------- Done invoking toplevel() on ptolemy.moml.MoMLSimpleApplication@1993a3c8
reloadAllAccessors: .SubscriberPortInitialValues3

===========================================================================================
----------------- testing Fri Oct 19 02:33:51 UTC 2018 /home/travis/build/icyphy/ptII/ptolemy/actor/lib/test/auto/SubscriptionAggregator.xml
----------------- Instantiating /home/travis/build/icyphy/ptII/ptolemy/actor/lib/test/auto/SubscriptionAggregator.xml
3 ms. Memory: 1735168K Free: 1403228K (81%)
----------------- Invoking toplevel() on ptolemy.moml.MoMLSimpleApplication@57ec6bdb
----------------- Done invoking toplevel() on ptolemy.moml.MoMLSimpleApplication@57ec6bdb
reloadAllAccessors: .SubscriptionAggregator

===========================================================================================
----------------- testing Fri Oct 19 02:33:51 UTC 2018 /home/travis/build/icyphy/ptII/ptolemy/actor/lib/test/auto/SubscriptionAggregator2.xml
----------------- Instantiating /home/travis/build/icyphy/ptII/ptolemy/actor/lib/test/auto/SubscriptionAggregator2.xml
5 ms. Memory: 1735168K Free: 1386890K (80%)
----------------- Invoking toplevel() on ptolemy.moml.MoMLSimpleApplication@5bd4c8c8
----------------- Done invoking toplevel() on ptolemy.moml.MoMLSimpleApplication@5bd4c8c8
reloadAllAccessors: .SubscriptionAggregator2

===========================================================================================
----------------- testing Fri Oct 19 02:33:51 UTC 2018 /home/travis/build/icyphy/ptII/ptolemy/actor/lib/test/auto/SubscriptionAggregator3.xml
----------------- Instantiating /home/travis/build/icyphy/ptII/ptolemy/actor/lib/test/auto/SubscriptionAggregator3.xml
2 ms. Memory: 1735168K Free: 1365692K (79%)
----------------- Invoking toplevel() on ptolemy.moml.MoMLSimpleApplication@78f968ff
----------------- Done invoking toplevel() on ptolemy.moml.MoMLSimpleApplication@78f968ff
reloadAllAccessors: .SubscriptionAggregator3

===========================================================================================
----------------- testing Fri Oct 19 02:33:51 UTC 2018 /home/travis/build/icyphy/ptII/ptolemy/actor/lib/test/auto/SubscriptionAggregatorMultiply.xml
----------------- Instantiating /home/travis/build/icyphy/ptII/ptolemy/actor/lib/test/auto/SubscriptionAggregatorMultiply.xml
3 ms. Memory: 1735168K Free: 1349354K (78%)
----------------- Invoking toplevel() on ptolemy.moml.MoMLSimpleApplication@7a481ae2
----------------- Done invoking toplevel() on ptolemy.moml.MoMLSimpleApplication@7a481ae2
reloadAllAccessors: .SubscriptionAggregatorMultiply

===========================================================================================
----------------- testing Fri Oct 19 02:33:52 UTC 2018 /home/travis/build/icyphy/ptII/ptolemy/actor/lib/test/auto/SubscriptionAggregatorPortMultiply1.xml
----------------- Instantiating /home/travis/build/icyphy/ptII/ptolemy/actor/lib/test/auto/SubscriptionAggregatorPortMultiply1.xml
3 ms. Memory: 1735168K Free: 1328157K (77%)
----------------- Invoking toplevel() on ptolemy.moml.MoMLSimpleApplication@79ed390c
----------------- Done invoking toplevel() on ptolemy.moml.MoMLSimpleApplication@79ed390c
reloadAllAccessors: .SubscriptionAggregatorPortMultiply1

===========================================================================================
----------------- testing Fri Oct 19 02:33:52 UTC 2018 /home/travis/build/icyphy/ptII/ptolemy/actor/lib/test/auto/Switch.xml
----------------- Instantiating /home/travis/build/icyphy/ptII/ptolemy/actor/lib/test/auto/Switch.xml
3 ms. Memory: 1735168K Free: 1262766K (73%)
----------------- Invoking toplevel() on ptolemy.moml.MoMLSimpleApplication@1bc7408d
----------------- Done invoking toplevel() on ptolemy.moml.MoMLSimpleApplication@1bc7408d
reloadAllAccessors: .Switch

===========================================================================================
----------------- testing Fri Oct 19 02:33:52 UTC 2018 /home/travis/build/icyphy/ptII/ptolemy/actor/lib/test/auto/Switch2.xml
----------------- Instantiating /home/travis/build/icyphy/ptII/ptolemy/actor/lib/test/auto/Switch2.xml
1 ms. Memory: 1735168K Free: 1241568K (72%)
----------------- Invoking toplevel() on ptolemy.moml.MoMLSimpleApplication@2d782b06
----------------- Done invoking toplevel() on ptolemy.moml.MoMLSimpleApplication@2d782b06
reloadAllAccessors: .Switch2

===========================================================================================
----------------- testing Fri Oct 19 02:33:52 UTC 2018 /home/travis/build/icyphy/ptII/ptolemy/actor/lib/test/auto/SwitchDE.xml
----------------- Instantiating /home/travis/build/icyphy/ptII/ptolemy/actor/lib/test/auto/SwitchDE.xml
2 ms. Memory: 1735168K Free: 1225230K (71%)
----------------- Invoking toplevel() on ptolemy.moml.MoMLSimpleApplication@1af19507
----------------- Done invoking toplevel() on ptolemy.moml.MoMLSimpleApplication@1af19507
reloadAllAccessors: .SwitchDE

===========================================================================================
----------------- testing Fri Oct 19 02:33:52 UTC 2018 /home/travis/build/icyphy/ptII/ptolemy/actor/lib/test/auto/SynchronizerDE.xml
----------------- Instantiating /home/travis/build/icyphy/ptII/ptolemy/actor/lib/test/auto/SynchronizerDE.xml
3 ms. Memory: 1735168K Free: 1204033K (69%)
----------------- Invoking toplevel() on ptolemy.moml.MoMLSimpleApplication@22e04859
----------------- Done invoking toplevel() on ptolemy.moml.MoMLSimpleApplication@22e04859
reloadAllAccessors: .SynchronizerDE

===========================================================================================
----------------- testing Fri Oct 19 02:33:52 UTC 2018 /home/travis/build/icyphy/ptII/ptolemy/actor/lib/test/auto/Test.xml
----------------- Instantiating /home/travis/build/icyphy/ptII/ptolemy/actor/lib/test/auto/Test.xml
2 ms. Memory: 1735168K Free: 1187695K (68%)
----------------- Invoking toplevel() on ptolemy.moml.MoMLSimpleApplication@7e29532b
----------------- Done invoking toplevel() on ptolemy.moml.MoMLSimpleApplication@7e29532b
reloadAllAccessors: .Test

===========================================================================================
----------------- testing Fri Oct 19 02:33:52 UTC 2018 /home/travis/build/icyphy/ptII/ptolemy/actor/lib/test/auto/TestExceptionAttribute1.xml
----------------- Instantiating /home/travis/build/icyphy/ptII/ptolemy/actor/lib/test/auto/TestExceptionAttribute1.xml
1 ms. Memory: 1735168K Free: 1166497K (67%)
----------------- Invoking toplevel() on ptolemy.moml.MoMLSimpleApplication@6da5c764
----------------- Done invoking toplevel() on ptolemy.moml.MoMLSimpleApplication@6da5c764
reloadAllAccessors: .TestExceptionAttribute1

===========================================================================================
----------------- testing Fri Oct 19 02:33:52 UTC 2018 /home/travis/build/icyphy/ptII/ptolemy/actor/lib/test/auto/TestExceptionAttribute2.xml
----------------- Instantiating /home/travis/build/icyphy/ptII/ptolemy/actor/lib/test/auto/TestExceptionAttribute2.xml
0 ms. Memory: 1735168K Free: 1150159K (66%)
----------------- Invoking toplevel() on ptolemy.moml.MoMLSimpleApplication@6c5c393a
----------------- Done invoking toplevel() on ptolemy.moml.MoMLSimpleApplication@6c5c393a
reloadAllAccessors: .TestExceptionAttribute2

===========================================================================================
----------------- testing Fri Oct 19 02:33:52 UTC 2018 /home/travis/build/icyphy/ptII/ptolemy/actor/lib/test/auto/TestExceptionAttribute3.xml
----------------- Instantiating /home/travis/build/icyphy/ptII/ptolemy/actor/lib/test/auto/TestExceptionAttribute3.xml
.TestExceptionAttribute3.TestExceptionAttribute: initialize() was not invoked, but wrapup() was.  This is unusual, but not always a problem.  For example, exporting JNLP will do this.
1 ms. Memory: 1735168K Free: 1128961K (65%)
----------------- Invoking toplevel() on ptolemy.moml.MoMLSimpleApplication@304f25b2
----------------- Done invoking toplevel() on ptolemy.moml.MoMLSimpleApplication@304f25b2
reloadAllAccessors: .TestExceptionAttribute3

===========================================================================================
----------------- testing Fri Oct 19 02:33:52 UTC 2018 /home/travis/build/icyphy/ptII/ptolemy/actor/lib/test/auto/TestExceptionAttribute4.xml
----------------- Instantiating /home/travis/build/icyphy/ptII/ptolemy/actor/lib/test/auto/TestExceptionAttribute4.xml
.TestExceptionAttribute4.TestExceptionAttribute: initialize() was not invoked, but wrapup() was.  This is unusual, but not always a problem.  For example, exporting JNLP will do this.
.TestExceptionAttribute4.TestExceptionAttribute2: initialize() was not invoked, but wrapup() was.  This is unusual, but not always a problem.  For example, exporting JNLP will do this.
0 ms. Memory: 1735168K Free: 1112624K (64%)
----------------- Invoking toplevel() on ptolemy.moml.MoMLSimpleApplication@51ef7fff
----------------- Done invoking toplevel() on ptolemy.moml.MoMLSimpleApplication@51ef7fff
reloadAllAccessors: .TestExceptionAttribute4

===========================================================================================
----------------- testing Fri Oct 19 02:33:52 UTC 2018 /home/travis/build/icyphy/ptII/ptolemy/actor/lib/test/auto/TestExceptionHandler1.xml
----------------- Instantiating /home/travis/build/icyphy/ptII/ptolemy/actor/lib/test/auto/TestExceptionHandler1.xml
1 ms. Memory: 1735168K Free: 1091426K (63%)
----------------- Invoking toplevel() on ptolemy.moml.MoMLSimpleApplication@3eb8cad3
----------------- Done invoking toplevel() on ptolemy.moml.MoMLSimpleApplication@3eb8cad3
reloadAllAccessors: .TestExceptionHandler1

===========================================================================================
----------------- testing Fri Oct 19 02:33:52 UTC 2018 /home/travis/build/icyphy/ptII/ptolemy/actor/lib/test/auto/TestExceptionHandler2.xml
----------------- Instantiating /home/travis/build/icyphy/ptII/ptolemy/actor/lib/test/auto/TestExceptionHandler2.xml
0 ms. Memory: 1735168K Free: 1075088K (62%)
----------------- Invoking toplevel() on ptolemy.moml.MoMLSimpleApplication@4b6f9901
----------------- Done invoking toplevel() on ptolemy.moml.MoMLSimpleApplication@4b6f9901
reloadAllAccessors: .TestExceptionHandler2

===========================================================================================
----------------- testing Fri Oct 19 02:33:52 UTC 2018 /home/travis/build/icyphy/ptII/ptolemy/actor/lib/test/auto/TestExceptionHandler3.xml
----------------- Instantiating /home/travis/build/icyphy/ptII/ptolemy/actor/lib/test/auto/TestExceptionHandler3.xml
1 ms. Memory: 1735168K Free: 1053890K (61%)
----------------- Invoking toplevel() on ptolemy.moml.MoMLSimpleApplication@5832ca54
----------------- Done invoking toplevel() on ptolemy.moml.MoMLSimpleApplication@5832ca54
reloadAllAccessors: .TestExceptionHandler3

===========================================================================================
----------------- testing Fri Oct 19 02:33:52 UTC 2018 /home/travis/build/icyphy/ptII/ptolemy/actor/lib/test/auto/TestExceptionHandler4.xml
----------------- Instantiating /home/travis/build/icyphy/ptII/ptolemy/actor/lib/test/auto/TestExceptionHandler4.xml
1 ms. Memory: 1735168K Free: 1037552K (60%)
----------------- Invoking toplevel() on ptolemy.moml.MoMLSimpleApplication@352fed98
----------------- Done invoking toplevel() on ptolemy.moml.MoMLSimpleApplication@352fed98
reloadAllAccessors: .TestExceptionHandler4

===========================================================================================
----------------- testing Fri Oct 19 02:33:52 UTC 2018 /home/travis/build/icyphy/ptII/ptolemy/actor/lib/test/auto/TestRequireCorrectOrder.xml
----------------- Instantiating /home/travis/build/icyphy/ptII/ptolemy/actor/lib/test/auto/TestRequireCorrectOrder.xml
2 ms. Memory: 1735168K Free: 1016355K (59%)
----------------- Invoking toplevel() on ptolemy.moml.MoMLSimpleApplication@506cc167
----------------- Done invoking toplevel() on ptolemy.moml.MoMLSimpleApplication@506cc167
reloadAllAccessors: .TestRequireCorrectOrder

===========================================================================================
----------------- testing Fri Oct 19 02:33:52 UTC 2018 /home/travis/build/icyphy/ptII/ptolemy/actor/lib/test/auto/TestSimple.xml
----------------- Instantiating /home/travis/build/icyphy/ptII/ptolemy/actor/lib/test/auto/TestSimple.xml
1 ms. Memory: 1735168K Free: 1000017K (58%)
----------------- Invoking toplevel() on ptolemy.moml.MoMLSimpleApplication@19b77a88
----------------- Done invoking toplevel() on ptolemy.moml.MoMLSimpleApplication@19b77a88
reloadAllAccessors: .TestSimple

===========================================================================================
----------------- testing Fri Oct 19 02:33:52 UTC 2018 /home/travis/build/icyphy/ptII/ptolemy/actor/lib/test/auto/ThrowModelError.xml
----------------- Instantiating /home/travis/build/icyphy/ptII/ptolemy/actor/lib/test/auto/ThrowModelError.xml
1 ms. Memory: 1735168K Free: 978819K (56%)
----------------- Invoking toplevel() on ptolemy.moml.MoMLSimpleApplication@5ec86072
----------------- Done invoking toplevel() on ptolemy.moml.MoMLSimpleApplication@5ec86072
reloadAllAccessors: .ThrowModelError

===========================================================================================
----------------- testing Fri Oct 19 02:33:52 UTC 2018 /home/travis/build/icyphy/ptII/ptolemy/actor/lib/test/auto/TimeDelayMicrosteps.xml
----------------- Instantiating /home/travis/build/icyphy/ptII/ptolemy/actor/lib/test/auto/TimeDelayMicrosteps.xml
2 ms. Memory: 1735168K Free: 962481K (55%)
----------------- Invoking toplevel() on ptolemy.moml.MoMLSimpleApplication@28f909c1
----------------- Done invoking toplevel() on ptolemy.moml.MoMLSimpleApplication@28f909c1
reloadAllAccessors: .TimeDelayMicrosteps

===========================================================================================
----------------- testing Fri Oct 19 02:33:52 UTC 2018 /home/travis/build/icyphy/ptII/ptolemy/actor/lib/test/auto/TimeDelayMicrosteps2.xml
----------------- Instantiating /home/travis/build/icyphy/ptII/ptolemy/actor/lib/test/auto/TimeDelayMicrosteps2.xml
2 ms. Memory: 1735168K Free: 941284K (54%)
----------------- Invoking toplevel() on ptolemy.moml.MoMLSimpleApplication@4e1075c2
----------------- Done invoking toplevel() on ptolemy.moml.MoMLSimpleApplication@4e1075c2
reloadAllAccessors: .TimeDelayMicrosteps2

===========================================================================================
----------------- testing Fri Oct 19 02:33:52 UTC 2018 /home/travis/build/icyphy/ptII/ptolemy/actor/lib/test/auto/TimeDelayMicrosteps3.xml
----------------- Instantiating /home/travis/build/icyphy/ptII/ptolemy/actor/lib/test/auto/TimeDelayMicrosteps3.xml
1 ms. Memory: 1735168K Free: 924946K (53%)
----------------- Invoking toplevel() on ptolemy.moml.MoMLSimpleApplication@36296255
----------------- Done invoking toplevel() on ptolemy.moml.MoMLSimpleApplication@36296255
reloadAllAccessors: .TimeDelayMicrosteps3

===========================================================================================
----------------- testing Fri Oct 19 02:33:52 UTC 2018 /home/travis/build/icyphy/ptII/ptolemy/actor/lib/test/auto/TimeDelayVariableMicrosteps.xml
----------------- Instantiating /home/travis/build/icyphy/ptII/ptolemy/actor/lib/test/auto/TimeDelayVariableMicrosteps.xml
1 ms. Memory: 1735168K Free: 903748K (52%)
----------------- Invoking toplevel() on ptolemy.moml.MoMLSimpleApplication@18d29a13
----------------- Done invoking toplevel() on ptolemy.moml.MoMLSimpleApplication@18d29a13
reloadAllAccessors: .TimeDelayVariableMicrosteps

===========================================================================================
----------------- testing Fri Oct 19 02:33:52 UTC 2018 /home/travis/build/icyphy/ptII/ptolemy/actor/lib/test/auto/TimeGap.xml
----------------- Instantiating /home/travis/build/icyphy/ptII/ptolemy/actor/lib/test/auto/TimeGap.xml
1 ms. Memory: 1735168K Free: 887411K (51%)
----------------- Invoking toplevel() on ptolemy.moml.MoMLSimpleApplication@2154d1b4
----------------- Done invoking toplevel() on ptolemy.moml.MoMLSimpleApplication@2154d1b4
reloadAllAccessors: .TimeGap

===========================================================================================
----------------- testing Fri Oct 19 02:33:52 UTC 2018 /home/travis/build/icyphy/ptII/ptolemy/actor/lib/test/auto/TimeGap2.xml
----------------- Instantiating /home/travis/build/icyphy/ptII/ptolemy/actor/lib/test/auto/TimeGap2.xml
2 ms. Memory: 1735168K Free: 866213K (50%)
----------------- Invoking toplevel() on ptolemy.moml.MoMLSimpleApplication@1f226b19
----------------- Done invoking toplevel() on ptolemy.moml.MoMLSimpleApplication@1f226b19
reloadAllAccessors: .TimeGap2

===========================================================================================
----------------- testing Fri Oct 19 02:33:52 UTC 2018 /home/travis/build/icyphy/ptII/ptolemy/actor/lib/test/auto/TimedSinewave.xml
----------------- Instantiating /home/travis/build/icyphy/ptII/ptolemy/actor/lib/test/auto/TimedSinewave.xml
9 ms. Memory: 1735168K Free: 841690K (49%)
----------------- Invoking toplevel() on ptolemy.moml.MoMLSimpleApplication@3e392e07
----------------- Done invoking toplevel() on ptolemy.moml.MoMLSimpleApplication@3e392e07
reloadAllAccessors: .TimedSinewave

===========================================================================================
----------------- testing Fri Oct 19 02:33:52 UTC 2018 /home/travis/build/icyphy/ptII/ptolemy/actor/lib/test/auto/TimedSinewavePhase.xml
----------------- Instantiating /home/travis/build/icyphy/ptII/ptolemy/actor/lib/test/auto/TimedSinewavePhase.xml
6 ms. Memory: 1735168K Free: 820492K (47%)
----------------- Invoking toplevel() on ptolemy.moml.MoMLSimpleApplication@50742716
----------------- Done invoking toplevel() on ptolemy.moml.MoMLSimpleApplication@50742716
reloadAllAccessors: .TimedSinewavePhase

===========================================================================================
----------------- testing Fri Oct 19 02:33:52 UTC 2018 /home/travis/build/icyphy/ptII/ptolemy/actor/lib/test/auto/Timer.xml
----------------- Instantiating /home/travis/build/icyphy/ptII/ptolemy/actor/lib/test/auto/Timer.xml
2 ms. Memory: 1735168K Free: 804154K (46%)
----------------- Invoking toplevel() on ptolemy.moml.MoMLSimpleApplication@7157c662
----------------- Done invoking toplevel() on ptolemy.moml.MoMLSimpleApplication@7157c662
reloadAllAccessors: .Timer

===========================================================================================
----------------- testing Fri Oct 19 02:33:52 UTC 2018 /home/travis/build/icyphy/ptII/ptolemy/actor/lib/test/auto/TriangularDistTestModel.xml
----------------- Instantiating /home/travis/build/icyphy/ptII/ptolemy/actor/lib/test/auto/TriangularDistTestModel.xml
2 ms. Memory: 1735168K Free: 782957K (45%)
----------------- Invoking toplevel() on ptolemy.moml.MoMLSimpleApplication@73df7d0
----------------- Done invoking toplevel() on ptolemy.moml.MoMLSimpleApplication@73df7d0
reloadAllAccessors: .TriangularDistTestModel

===========================================================================================
----------------- testing Fri Oct 19 02:33:52 UTC 2018 /home/travis/build/icyphy/ptII/ptolemy/actor/lib/test/auto/TrigFunction.xml
----------------- Instantiating /home/travis/build/icyphy/ptII/ptolemy/actor/lib/test/auto/TrigFunction.xml
1 ms. Memory: 1735168K Free: 766619K (44%)
----------------- Invoking toplevel() on ptolemy.moml.MoMLSimpleApplication@6aeab5bb
----------------- Done invoking toplevel() on ptolemy.moml.MoMLSimpleApplication@6aeab5bb
reloadAllAccessors: .TrigFunction

===========================================================================================
----------------- testing Fri Oct 19 02:33:52 UTC 2018 /home/travis/build/icyphy/ptII/ptolemy/actor/lib/test/auto/TrigFunctionDE.xml
----------------- Instantiating /home/travis/build/icyphy/ptII/ptolemy/actor/lib/test/auto/TrigFunctionDE.xml
2 ms. Memory: 1735168K Free: 745421K (43%)
----------------- Invoking toplevel() on ptolemy.moml.MoMLSimpleApplication@157162ee
----------------- Done invoking toplevel() on ptolemy.moml.MoMLSimpleApplication@157162ee
reloadAllAccessors: .TrigFunctionDE

===========================================================================================
----------------- testing Fri Oct 19 02:33:52 UTC 2018 /home/travis/build/icyphy/ptII/ptolemy/actor/lib/test/auto/TrigFunctionInverse.xml
----------------- Instantiating /home/travis/build/icyphy/ptII/ptolemy/actor/lib/test/auto/TrigFunctionInverse.xml
1 ms. Memory: 1735168K Free: 729083K (42%)
----------------- Invoking toplevel() on ptolemy.moml.MoMLSimpleApplication@7de6f12d
----------------- Done invoking toplevel() on ptolemy.moml.MoMLSimpleApplication@7de6f12d
reloadAllAccessors: .TrigFunctionInverse

===========================================================================================
----------------- testing Fri Oct 19 02:33:52 UTC 2018 /home/travis/build/icyphy/ptII/ptolemy/actor/lib/test/auto/TrigFunctionTan.xml
----------------- Instantiating /home/travis/build/icyphy/ptII/ptolemy/actor/lib/test/auto/TrigFunctionTan.xml
1 ms. Memory: 1735168K Free: 707886K (41%)
----------------- Invoking toplevel() on ptolemy.moml.MoMLSimpleApplication@1a2a8293
----------------- Done invoking toplevel() on ptolemy.moml.MoMLSimpleApplication@1a2a8293
reloadAllAccessors: .TrigFunctionTan

===========================================================================================
----------------- testing Fri Oct 19 02:33:52 UTC 2018 /home/travis/build/icyphy/ptII/ptolemy/actor/lib/test/auto/TriggeredClock.xml
----------------- Instantiating /home/travis/build/icyphy/ptII/ptolemy/actor/lib/test/auto/TriggeredClock.xml
1 ms. Memory: 1735168K Free: 691548K (40%)
----------------- Invoking toplevel() on ptolemy.moml.MoMLSimpleApplication@2535f7bc
----------------- Done invoking toplevel() on ptolemy.moml.MoMLSimpleApplication@2535f7bc
reloadAllAccessors: .TriggeredClock

===========================================================================================
----------------- testing Fri Oct 19 02:33:52 UTC 2018 /home/travis/build/icyphy/ptII/ptolemy/actor/lib/test/auto/URLDirectoryReader.xml
----------------- Instantiating /home/travis/build/icyphy/ptII/ptolemy/actor/lib/test/auto/URLDirectoryReader.xml
37 ms. Memory: 1735168K Free: 670350K (39%)
----------------- Invoking toplevel() on ptolemy.moml.MoMLSimpleApplication@6be8bb6
----------------- Done invoking toplevel() on ptolemy.moml.MoMLSimpleApplication@6be8bb6
reloadAllAccessors: .URLDirectoryReader

===========================================================================================
----------------- testing Fri Oct 19 02:33:52 UTC 2018 /home/travis/build/icyphy/ptII/ptolemy/actor/lib/test/auto/URLDirectoryReader3.xml
----------------- Instantiating /home/travis/build/icyphy/ptII/ptolemy/actor/lib/test/auto/URLDirectoryReader3.xml
1119 ms. Memory: 1735168K Free: 613167K (35%)
----------------- Invoking toplevel() on ptolemy.moml.MoMLSimpleApplication@2ac89654
----------------- Done invoking toplevel() on ptolemy.moml.MoMLSimpleApplication@2ac89654
reloadAllAccessors: .URLDirectoryReader3

===========================================================================================
----------------- testing Fri Oct 19 02:33:53 UTC 2018 /home/travis/build/icyphy/ptII/ptolemy/actor/lib/test/auto/UnaryMathFunction.xml
----------------- Instantiating /home/travis/build/icyphy/ptII/ptolemy/actor/lib/test/auto/UnaryMathFunction.xml
2 ms. Memory: 1735168K Free: 591970K (34%)
----------------- Invoking toplevel() on ptolemy.moml.MoMLSimpleApplication@bb742c6
----------------- Done invoking toplevel() on ptolemy.moml.MoMLSimpleApplication@bb742c6
reloadAllAccessors: .UnaryMathFunction

===========================================================================================
----------------- testing Fri Oct 19 02:33:53 UTC 2018 /home/travis/build/icyphy/ptII/ptolemy/actor/lib/test/auto/Uniform.xml
----------------- Instantiating /home/travis/build/icyphy/ptII/ptolemy/actor/lib/test/auto/Uniform.xml
1 ms. Memory: 1735168K Free: 570772K (33%)
----------------- Invoking toplevel() on ptolemy.moml.MoMLSimpleApplication@45cfe723
----------------- Done invoking toplevel() on ptolemy.moml.MoMLSimpleApplication@45cfe723
reloadAllAccessors: .Uniform

===========================================================================================
----------------- testing Fri Oct 19 02:33:53 UTC 2018 /home/travis/build/icyphy/ptII/ptolemy/actor/lib/test/auto/UnionDisassemblerTest.xml
----------------- Instantiating /home/travis/build/icyphy/ptII/ptolemy/actor/lib/test/auto/UnionDisassemblerTest.xml
6 ms. Memory: 1735168K Free: 554435K (32%)
----------------- Invoking toplevel() on ptolemy.moml.MoMLSimpleApplication@5239f633
----------------- Done invoking toplevel() on ptolemy.moml.MoMLSimpleApplication@5239f633
reloadAllAccessors: .UnionDisassemblerTest

===========================================================================================
----------------- testing Fri Oct 19 02:33:53 UTC 2018 /home/travis/build/icyphy/ptII/ptolemy/actor/lib/test/auto/UtilityFunctions.xml
----------------- Instantiating /home/travis/build/icyphy/ptII/ptolemy/actor/lib/test/auto/UtilityFunctions.xml
1 ms. Memory: 1735168K Free: 533237K (31%)
----------------- Invoking toplevel() on ptolemy.moml.MoMLSimpleApplication@6d33eff2
----------------- Done invoking toplevel() on ptolemy.moml.MoMLSimpleApplication@6d33eff2
reloadAllAccessors: .UtilityFunctions

===========================================================================================
----------------- testing Fri Oct 19 02:33:54 UTC 2018 /home/travis/build/icyphy/ptII/ptolemy/actor/lib/test/auto/VariableSleep.xml
----------------- Instantiating /home/travis/build/icyphy/ptII/ptolemy/actor/lib/test/auto/VariableSleep.xml
503 ms. Memory: 1735168K Free: 516899K (30%)
----------------- Invoking toplevel() on ptolemy.moml.MoMLSimpleApplication@5e5e9519
----------------- Done invoking toplevel() on ptolemy.moml.MoMLSimpleApplication@5e5e9519
reloadAllAccessors: .VariableSleep

===========================================================================================
----------------- testing Fri Oct 19 02:33:54 UTC 2018 /home/travis/build/icyphy/ptII/ptolemy/actor/lib/test/auto/VectorAssemblerDisassemblerCT.xml
----------------- Instantiating /home/travis/build/icyphy/ptII/ptolemy/actor/lib/test/auto/VectorAssemblerDisassemblerCT.xml
66 ms. Memory: 1735168K Free: 479348K (28%)
----------------- Invoking toplevel() on ptolemy.moml.MoMLSimpleApplication@52181e6b
----------------- Done invoking toplevel() on ptolemy.moml.MoMLSimpleApplication@52181e6b
reloadAllAccessors: .VectorAssemblerDisassemblerCT

===========================================================================================
----------------- testing Fri Oct 19 02:33:54 UTC 2018 /home/travis/build/icyphy/ptII/ptolemy/actor/lib/test/auto/VectorAssemblerDisassemblerDE.xml
----------------- Instantiating /home/travis/build/icyphy/ptII/ptolemy/actor/lib/test/auto/VectorAssemblerDisassemblerDE.xml
2 ms. Memory: 1735168K Free: 463010K (27%)
----------------- Invoking toplevel() on ptolemy.moml.MoMLSimpleApplication@119556de
----------------- Done invoking toplevel() on ptolemy.moml.MoMLSimpleApplication@119556de
reloadAllAccessors: .VectorAssemblerDisassemblerDE

===========================================================================================
----------------- testing Fri Oct 19 02:33:54 UTC 2018 /home/travis/build/icyphy/ptII/ptolemy/actor/lib/test/auto/VectorAssemblerDisassemblerSDF.xml
----------------- Instantiating /home/travis/build/icyphy/ptII/ptolemy/actor/lib/test/auto/VectorAssemblerDisassemblerSDF.xml
2 ms. Memory: 1735168K Free: 441812K (25%)
----------------- Invoking toplevel() on ptolemy.moml.MoMLSimpleApplication@1abfeace
----------------- Done invoking toplevel() on ptolemy.moml.MoMLSimpleApplication@1abfeace
reloadAllAccessors: .VectorAssemblerDisassemblerSDF

===========================================================================================
----------------- testing Fri Oct 19 02:33:54 UTC 2018 /home/travis/build/icyphy/ptII/ptolemy/actor/lib/test/auto/WallClockTime.xml
----------------- Instantiating /home/travis/build/icyphy/ptII/ptolemy/actor/lib/test/auto/WallClockTime.xml
1004 ms. Memory: 1735168K Free: 425474K (25%)
----------------- Invoking toplevel() on ptolemy.moml.MoMLSimpleApplication@62535189
----------------- Done invoking toplevel() on ptolemy.moml.MoMLSimpleApplication@62535189
reloadAllAccessors: .WallClockTime

===========================================================================================
----------------- testing Fri Oct 19 02:33:55 UTC 2018 /home/travis/build/icyphy/ptII/ptolemy/actor/lib/test/auto/WidthTestWithSubscriberPublisher.xml
----------------- Instantiating /home/travis/build/icyphy/ptII/ptolemy/actor/lib/test/auto/WidthTestWithSubscriberPublisher.xml
6 ms. Memory: 1735168K Free: 396092K (23%)
----------------- Invoking toplevel() on ptolemy.moml.MoMLSimpleApplication@7e5e2396
----------------- Done invoking toplevel() on ptolemy.moml.MoMLSimpleApplication@7e5e2396
reloadAllAccessors: .WidthTestWithSubscriberPublisher

===========================================================================================
----------------- testing Fri Oct 19 02:33:55 UTC 2018 /home/travis/build/icyphy/ptII/ptolemy/actor/lib/test/auto/WidthTestWithSubscriberPublisher2.xml
----------------- Instantiating /home/travis/build/icyphy/ptII/ptolemy/actor/lib/test/auto/WidthTestWithSubscriberPublisher2.xml
2 ms. Memory: 1735168K Free: 379754K (22%)
----------------- Invoking toplevel() on ptolemy.moml.MoMLSimpleApplication@693b4304
----------------- Done invoking toplevel() on ptolemy.moml.MoMLSimpleApplication@693b4304
reloadAllAccessors: .WidthTestWithSubscriberPublisher2

===========================================================================================
----------------- testing Fri Oct 19 02:33:55 UTC 2018 /home/travis/build/icyphy/ptII/ptolemy/actor/lib/test/auto/WidthTestWithSubscriberPublisher3.xml
----------------- Instantiating /home/travis/build/icyphy/ptII/ptolemy/actor/lib/test/auto/WidthTestWithSubscriberPublisher3.xml
1 ms. Memory: 1735168K Free: 358556K (21%)
----------------- Invoking toplevel() on ptolemy.moml.MoMLSimpleApplication@2fd2a525
----------------- Done invoking toplevel() on ptolemy.moml.MoMLSimpleApplication@2fd2a525
reloadAllAccessors: .WidthTestWithSubscriberPublisher3

===========================================================================================
----------------- testing Fri Oct 19 02:33:55 UTC 2018 /home/travis/build/icyphy/ptII/ptolemy/actor/lib/test/auto/Writer.xml
----------------- Instantiating /home/travis/build/icyphy/ptII/ptolemy/actor/lib/test/auto/Writer.xml
0
1
2
3
4
1 ms. Memory: 1735168K Free: 342218K (20%)
----------------- Invoking toplevel() on ptolemy.moml.MoMLSimpleApplication@2ae90f30
----------------- Done invoking toplevel() on ptolemy.moml.MoMLSimpleApplication@2ae90f30
reloadAllAccessors: .Writer

===========================================================================================
----------------- testing Fri Oct 19 02:33:55 UTC 2018 /home/travis/build/icyphy/ptII/ptolemy/actor/lib/test/auto/array.xml
----------------- Instantiating /home/travis/build/icyphy/ptII/ptolemy/actor/lib/test/auto/array.xml
1 ms. Memory: 1735168K Free: 321020K (19%)
----------------- Invoking toplevel() on ptolemy.moml.MoMLSimpleApplication@19abb04b
----------------- Done invoking toplevel() on ptolemy.moml.MoMLSimpleApplication@19abb04b
reloadAllAccessors: .array

===========================================================================================
----------------- testing Fri Oct 19 02:33:55 UTC 2018 /home/travis/build/icyphy/ptII/ptolemy/actor/lib/test/auto/array2.xml
----------------- Instantiating /home/travis/build/icyphy/ptII/ptolemy/actor/lib/test/auto/array2.xml
2 ms. Memory: 1735168K Free: 304683K (18%)
----------------- Invoking toplevel() on ptolemy.moml.MoMLSimpleApplication@708a67d3
----------------- Done invoking toplevel() on ptolemy.moml.MoMLSimpleApplication@708a67d3
reloadAllAccessors: .array2

===========================================================================================
----------------- testing Fri Oct 19 02:33:55 UTC 2018 /home/travis/build/icyphy/ptII/ptolemy/actor/lib/test/auto/arrayType.xml
----------------- Instantiating /home/travis/build/icyphy/ptII/ptolemy/actor/lib/test/auto/arrayType.xml
1 ms. Memory: 1735168K Free: 283485K (16%)
----------------- Invoking toplevel() on ptolemy.moml.MoMLSimpleApplication@5690649d
----------------- Done invoking toplevel() on ptolemy.moml.MoMLSimpleApplication@5690649d
reloadAllAccessors: .arrayType

===========================================================================================
----------------- testing Fri Oct 19 02:33:55 UTC 2018 /home/travis/build/icyphy/ptII/ptolemy/actor/lib/test/auto/arrayType10.xml
----------------- Instantiating /home/travis/build/icyphy/ptII/ptolemy/actor/lib/test/auto/arrayType10.xml
1 ms. Memory: 1735168K Free: 267147K (15%)
----------------- Invoking toplevel() on ptolemy.moml.MoMLSimpleApplication@185bdb1
----------------- Done invoking toplevel() on ptolemy.moml.MoMLSimpleApplication@185bdb1
reloadAllAccessors: .arrayType10

===========================================================================================
----------------- testing Fri Oct 19 02:33:55 UTC 2018 /home/travis/build/icyphy/ptII/ptolemy/actor/lib/test/auto/arrayType11.xml
----------------- Instantiating /home/travis/build/icyphy/ptII/ptolemy/actor/lib/test/auto/arrayType11.xml
2 ms. Memory: 1735168K Free: 245950K (14%)
----------------- Invoking toplevel() on ptolemy.moml.MoMLSimpleApplication@3e6f30dc
----------------- Done invoking toplevel() on ptolemy.moml.MoMLSimpleApplication@3e6f30dc
reloadAllAccessors: .arrayType11

===========================================================================================
----------------- testing Fri Oct 19 02:33:55 UTC 2018 /home/travis/build/icyphy/ptII/ptolemy/actor/lib/test/auto/arrayType12.xml
----------------- Instantiating /home/travis/build/icyphy/ptII/ptolemy/actor/lib/test/auto/arrayType12.xml
2 ms. Memory: 1735168K Free: 229612K (13%)
----------------- Invoking toplevel() on ptolemy.moml.MoMLSimpleApplication@3eeae451
----------------- Done invoking toplevel() on ptolemy.moml.MoMLSimpleApplication@3eeae451
reloadAllAccessors: .arrayType12

===========================================================================================
----------------- testing Fri Oct 19 02:33:55 UTC 2018 /home/travis/build/icyphy/ptII/ptolemy/actor/lib/test/auto/arrayType13.xml
----------------- Instantiating /home/travis/build/icyphy/ptII/ptolemy/actor/lib/test/auto/arrayType13.xml
2 ms. Memory: 1735168K Free: 208414K (12%)
----------------- Invoking toplevel() on ptolemy.moml.MoMLSimpleApplication@d70fdcc
----------------- Done invoking toplevel() on ptolemy.moml.MoMLSimpleApplication@d70fdcc
reloadAllAccessors: .arrayType13

===========================================================================================
----------------- testing Fri Oct 19 02:33:55 UTC 2018 /home/travis/build/icyphy/ptII/ptolemy/actor/lib/test/auto/arrayType14.xml
----------------- Instantiating /home/travis/build/icyphy/ptII/ptolemy/actor/lib/test/auto/arrayType14.xml
2 ms. Memory: 1735168K Free: 192076K (11%)
----------------- Invoking toplevel() on ptolemy.moml.MoMLSimpleApplication@1d3d83a5
----------------- Done invoking toplevel() on ptolemy.moml.MoMLSimpleApplication@1d3d83a5
reloadAllAccessors: .arrayType14

===========================================================================================
----------------- testing Fri Oct 19 02:33:55 UTC 2018 /home/travis/build/icyphy/ptII/ptolemy/actor/lib/test/auto/arrayType15.xml
----------------- Instantiating /home/travis/build/icyphy/ptII/ptolemy/actor/lib/test/auto/arrayType15.xml
2 ms. Memory: 1735168K Free: 170878K (10%)
----------------- Invoking toplevel() on ptolemy.moml.MoMLSimpleApplication@3ba7e83f
----------------- Done invoking toplevel() on ptolemy.moml.MoMLSimpleApplication@3ba7e83f
reloadAllAccessors: .arrayType15

===========================================================================================
----------------- testing Fri Oct 19 02:33:55 UTC 2018 /home/travis/build/icyphy/ptII/ptolemy/actor/lib/test/auto/arrayType16.xml
----------------- Instantiating /home/travis/build/icyphy/ptII/ptolemy/actor/lib/test/auto/arrayType16.xml
1 ms. Memory: 1735168K Free: 154540K (9%)
----------------- Invoking toplevel() on ptolemy.moml.MoMLSimpleApplication@5d34e511
----------------- Done invoking toplevel() on ptolemy.moml.MoMLSimpleApplication@5d34e511
reloadAllAccessors: .arrayType16

===========================================================================================
----------------- testing Fri Oct 19 02:33:55 UTC 2018 /home/travis/build/icyphy/ptII/ptolemy/actor/lib/test/auto/arrayType17.xml
----------------- Instantiating /home/travis/build/icyphy/ptII/ptolemy/actor/lib/test/auto/arrayType17.xml
2 ms. Memory: 1735168K Free: 133343K (8%)
----------------- Invoking toplevel() on ptolemy.moml.MoMLSimpleApplication@4f17b73c
----------------- Done invoking toplevel() on ptolemy.moml.MoMLSimpleApplication@4f17b73c
reloadAllAccessors: .arrayType17

===========================================================================================
----------------- testing Fri Oct 19 02:33:55 UTC 2018 /home/travis/build/icyphy/ptII/ptolemy/actor/lib/test/auto/arrayType18.xml
----------------- Instantiating /home/travis/build/icyphy/ptII/ptolemy/actor/lib/test/auto/arrayType18.xml
2 ms. Memory: 1735168K Free: 112146K (6%)
----------------- Invoking toplevel() on ptolemy.moml.MoMLSimpleApplication@663416a2
----------------- Done invoking toplevel() on ptolemy.moml.MoMLSimpleApplication@663416a2
reloadAllAccessors: .arrayType18

===========================================================================================
----------------- testing Fri Oct 19 02:33:55 UTC 2018 /home/travis/build/icyphy/ptII/ptolemy/actor/lib/test/auto/arrayType19.xml
----------------- Instantiating /home/travis/build/icyphy/ptII/ptolemy/actor/lib/test/auto/arrayType19.xml
2 ms. Memory: 1735168K Free: 95808K (6%)
----------------- Invoking toplevel() on ptolemy.moml.MoMLSimpleApplication@519dc603
----------------- Done invoking toplevel() on ptolemy.moml.MoMLSimpleApplication@519dc603
reloadAllAccessors: .arrayType19

===========================================================================================
----------------- testing Fri Oct 19 02:33:55 UTC 2018 /home/travis/build/icyphy/ptII/ptolemy/actor/lib/test/auto/arrayType2.xml
----------------- Instantiating /home/travis/build/icyphy/ptII/ptolemy/actor/lib/test/auto/arrayType2.xml
2 ms. Memory: 1735168K Free: 74610K (4%)
----------------- Invoking toplevel() on ptolemy.moml.MoMLSimpleApplication@29ae82bc
----------------- Done invoking toplevel() on ptolemy.moml.MoMLSimpleApplication@29ae82bc
reloadAllAccessors: .arrayType2

===========================================================================================
----------------- testing Fri Oct 19 02:33:55 UTC 2018 /home/travis/build/icyphy/ptII/ptolemy/actor/lib/test/auto/arrayType20.xml
----------------- Instantiating /home/travis/build/icyphy/ptII/ptolemy/actor/lib/test/auto/arrayType20.xml
1 ms. Memory: 1735168K Free: 61634K (4%)
----------------- Invoking toplevel() on ptolemy.moml.MoMLSimpleApplication@5ca8556f
----------------- Done invoking toplevel() on ptolemy.moml.MoMLSimpleApplication@5ca8556f
reloadAllAccessors: .arrayType20

===========================================================================================
----------------- testing Fri Oct 19 02:33:56 UTC 2018 /home/travis/build/icyphy/ptII/ptolemy/actor/lib/test/auto/arrayType21.xml
----------------- Instantiating /home/travis/build/icyphy/ptII/ptolemy/actor/lib/test/auto/arrayType21.xml
1 ms. Memory: 1759744K Free: 1687772K (96%)
----------------- Invoking toplevel() on ptolemy.moml.MoMLSimpleApplication@7cf1bf77
----------------- Done invoking toplevel() on ptolemy.moml.MoMLSimpleApplication@7cf1bf77
reloadAllAccessors: .arrayType21

===========================================================================================
----------------- testing Fri Oct 19 02:33:56 UTC 2018 /home/travis/build/icyphy/ptII/ptolemy/actor/lib/test/auto/arrayType22.xml
----------------- Instantiating /home/travis/build/icyphy/ptII/ptolemy/actor/lib/test/auto/arrayType22.xml
1 ms. Memory: 1759744K Free: 1671362K (95%)
----------------- Invoking toplevel() on ptolemy.moml.MoMLSimpleApplication@4275c974
----------------- Done invoking toplevel() on ptolemy.moml.MoMLSimpleApplication@4275c974
reloadAllAccessors: .arrayType22

===========================================================================================
----------------- testing Fri Oct 19 02:33:56 UTC 2018 /home/travis/build/icyphy/ptII/ptolemy/actor/lib/test/auto/arrayType23.xml
----------------- Instantiating /home/travis/build/icyphy/ptII/ptolemy/actor/lib/test/auto/arrayType23.xml
1 ms. Memory: 1759744K Free: 1650365K (94%)
----------------- Invoking toplevel() on ptolemy.moml.MoMLSimpleApplication@7c6113d1
----------------- Done invoking toplevel() on ptolemy.moml.MoMLSimpleApplication@7c6113d1
reloadAllAccessors: .arrayType23

===========================================================================================
----------------- testing Fri Oct 19 02:33:56 UTC 2018 /home/travis/build/icyphy/ptII/ptolemy/actor/lib/test/auto/arrayType24.xml
----------------- Instantiating /home/travis/build/icyphy/ptII/ptolemy/actor/lib/test/auto/arrayType24.xml
1 ms. Memory: 1759744K Free: 1633955K (93%)
----------------- Invoking toplevel() on ptolemy.moml.MoMLSimpleApplication@e9d5329
----------------- Done invoking toplevel() on ptolemy.moml.MoMLSimpleApplication@e9d5329
reloadAllAccessors: .arrayType24

===========================================================================================
----------------- testing Fri Oct 19 02:33:56 UTC 2018 /home/travis/build/icyphy/ptII/ptolemy/actor/lib/test/auto/arrayType25.xml
----------------- Instantiating /home/travis/build/icyphy/ptII/ptolemy/actor/lib/test/auto/arrayType25.xml
1 ms. Memory: 1759744K Free: 1612957K (92%)
----------------- Invoking toplevel() on ptolemy.moml.MoMLSimpleApplication@66561f32
----------------- Done invoking toplevel() on ptolemy.moml.MoMLSimpleApplication@66561f32
reloadAllAccessors: .arrayType25

===========================================================================================
----------------- testing Fri Oct 19 02:33:56 UTC 2018 /home/travis/build/icyphy/ptII/ptolemy/actor/lib/test/auto/arrayType26.xml
----------------- Instantiating /home/travis/build/icyphy/ptII/ptolemy/actor/lib/test/auto/arrayType26.xml
1 ms. Memory: 1759744K Free: 1596548K (91%)
----------------- Invoking toplevel() on ptolemy.moml.MoMLSimpleApplication@4f7ab8a8
----------------- Done invoking toplevel() on ptolemy.moml.MoMLSimpleApplication@4f7ab8a8
reloadAllAccessors: .arrayType26

===========================================================================================
----------------- testing Fri Oct 19 02:33:56 UTC 2018 /home/travis/build/icyphy/ptII/ptolemy/actor/lib/test/auto/arrayType27.xml
----------------- Instantiating /home/travis/build/icyphy/ptII/ptolemy/actor/lib/test/auto/arrayType27.xml
2 ms. Memory: 1759744K Free: 1575550K (90%)
----------------- Invoking toplevel() on ptolemy.moml.MoMLSimpleApplication@bf40a58
----------------- Done invoking toplevel() on ptolemy.moml.MoMLSimpleApplication@bf40a58
reloadAllAccessors: .arrayType27

===========================================================================================
----------------- testing Fri Oct 19 02:33:56 UTC 2018 /home/travis/build/icyphy/ptII/ptolemy/actor/lib/test/auto/arrayType28.xml
----------------- Instantiating /home/travis/build/icyphy/ptII/ptolemy/actor/lib/test/auto/arrayType28.xml
1 ms. Memory: 1759744K Free: 1554552K (88%)
----------------- Invoking toplevel() on ptolemy.moml.MoMLSimpleApplication@70a6ca54
----------------- Done invoking toplevel() on ptolemy.moml.MoMLSimpleApplication@70a6ca54
reloadAllAccessors: .arrayType28

===========================================================================================
----------------- testing Fri Oct 19 02:33:56 UTC 2018 /home/travis/build/icyphy/ptII/ptolemy/actor/lib/test/auto/arrayType3.xml
----------------- Instantiating /home/travis/build/icyphy/ptII/ptolemy/actor/lib/test/auto/arrayType3.xml
1 ms. Memory: 1759744K Free: 1538143K (87%)
----------------- Invoking toplevel() on ptolemy.moml.MoMLSimpleApplication@4acf6851
----------------- Done invoking toplevel() on ptolemy.moml.MoMLSimpleApplication@4acf6851
reloadAllAccessors: .arrayType3

===========================================================================================
----------------- testing Fri Oct 19 02:33:56 UTC 2018 /home/travis/build/icyphy/ptII/ptolemy/actor/lib/test/auto/arrayType4.xml
----------------- Instantiating /home/travis/build/icyphy/ptII/ptolemy/actor/lib/test/auto/arrayType4.xml
1 ms. Memory: 1759744K Free: 1517145K (86%)
----------------- Invoking toplevel() on ptolemy.moml.MoMLSimpleApplication@5b09049d
----------------- Done invoking toplevel() on ptolemy.moml.MoMLSimpleApplication@5b09049d
reloadAllAccessors: .arrayType4

===========================================================================================
----------------- testing Fri Oct 19 02:33:56 UTC 2018 /home/travis/build/icyphy/ptII/ptolemy/actor/lib/test/auto/arrayType5.xml
----------------- Instantiating /home/travis/build/icyphy/ptII/ptolemy/actor/lib/test/auto/arrayType5.xml
2 ms. Memory: 1759744K Free: 1500736K (85%)
----------------- Invoking toplevel() on ptolemy.moml.MoMLSimpleApplication@10473c9f
----------------- Done invoking toplevel() on ptolemy.moml.MoMLSimpleApplication@10473c9f
reloadAllAccessors: .arrayType5

===========================================================================================
----------------- testing Fri Oct 19 02:33:56 UTC 2018 /home/travis/build/icyphy/ptII/ptolemy/actor/lib/test/auto/arrayType6.xml
----------------- Instantiating /home/travis/build/icyphy/ptII/ptolemy/actor/lib/test/auto/arrayType6.xml
1 ms. Memory: 1759744K Free: 1479738K (84%)
----------------- Invoking toplevel() on ptolemy.moml.MoMLSimpleApplication@46d2bdc8
----------------- Done invoking toplevel() on ptolemy.moml.MoMLSimpleApplication@46d2bdc8
reloadAllAccessors: .arrayType6

===========================================================================================
----------------- testing Fri Oct 19 02:33:56 UTC 2018 /home/travis/build/icyphy/ptII/ptolemy/actor/lib/test/auto/arrayType7.xml
----------------- Instantiating /home/travis/build/icyphy/ptII/ptolemy/actor/lib/test/auto/arrayType7.xml
1 ms. Memory: 1759744K Free: 1463328K (83%)
----------------- Invoking toplevel() on ptolemy.moml.MoMLSimpleApplication@6cd64d21
----------------- Done invoking toplevel() on ptolemy.moml.MoMLSimpleApplication@6cd64d21
reloadAllAccessors: .arrayType7

===========================================================================================
----------------- testing Fri Oct 19 02:33:56 UTC 2018 /home/travis/build/icyphy/ptII/ptolemy/actor/lib/test/auto/arrayType8.xml
----------------- Instantiating /home/travis/build/icyphy/ptII/ptolemy/actor/lib/test/auto/arrayType8.xml
1 ms. Memory: 1759744K Free: 1442331K (82%)
----------------- Invoking toplevel() on ptolemy.moml.MoMLSimpleApplication@5626a1ab
----------------- Done invoking toplevel() on ptolemy.moml.MoMLSimpleApplication@5626a1ab
reloadAllAccessors: .arrayType8

===========================================================================================
----------------- testing Fri Oct 19 02:33:56 UTC 2018 /home/travis/build/icyphy/ptII/ptolemy/actor/lib/test/auto/arrayType9.xml
----------------- Instantiating /home/travis/build/icyphy/ptII/ptolemy/actor/lib/test/auto/arrayType9.xml
1 ms. Memory: 1759744K Free: 1425921K (81%)
----------------- Invoking toplevel() on ptolemy.moml.MoMLSimpleApplication@3419d3bd
----------------- Done invoking toplevel() on ptolemy.moml.MoMLSimpleApplication@3419d3bd
reloadAllAccessors: .arrayType9

===========================================================================================
----------------- testing Fri Oct 19 02:33:56 UTC 2018 /home/travis/build/icyphy/ptII/ptolemy/actor/lib/test/auto/cast.xml
----------------- Instantiating /home/travis/build/icyphy/ptII/ptolemy/actor/lib/test/auto/cast.xml
2 ms. Memory: 1759744K Free: 1404923K (80%)
----------------- Invoking toplevel() on ptolemy.moml.MoMLSimpleApplication@4c6d5c61
----------------- Done invoking toplevel() on ptolemy.moml.MoMLSimpleApplication@4c6d5c61
reloadAllAccessors: .cast

===========================================================================================
----------------- testing Fri Oct 19 02:33:56 UTC 2018 /home/travis/build/icyphy/ptII/ptolemy/actor/lib/test/auto/compositeMultiPort.xml
----------------- Instantiating /home/travis/build/icyphy/ptII/ptolemy/actor/lib/test/auto/compositeMultiPort.xml
3 ms. Memory: 1759744K Free: 1383926K (79%)
----------------- Invoking toplevel() on ptolemy.moml.MoMLSimpleApplication@4190839
----------------- Done invoking toplevel() on ptolemy.moml.MoMLSimpleApplication@4190839
reloadAllAccessors: .compositeMultiPort

===========================================================================================
----------------- testing Fri Oct 19 02:33:56 UTC 2018 /home/travis/build/icyphy/ptII/ptolemy/actor/lib/test/auto/expressionCastInference.xml
----------------- Instantiating /home/travis/build/icyphy/ptII/ptolemy/actor/lib/test/auto/expressionCastInference.xml
2 ms. Memory: 1759744K Free: 1367516K (78%)
----------------- Invoking toplevel() on ptolemy.moml.MoMLSimpleApplication@79da61e4
----------------- Done invoking toplevel() on ptolemy.moml.MoMLSimpleApplication@79da61e4
reloadAllAccessors: .expressionCastInference

===========================================================================================
----------------- testing Fri Oct 19 02:33:56 UTC 2018 /home/travis/build/icyphy/ptII/ptolemy/actor/lib/test/auto/expressionCastInference2.xml
----------------- Instantiating /home/travis/build/icyphy/ptII/ptolemy/actor/lib/test/auto/expressionCastInference2.xml
2 ms. Memory: 1759744K Free: 1346519K (77%)
----------------- Invoking toplevel() on ptolemy.moml.MoMLSimpleApplication@3f360e6a
----------------- Done invoking toplevel() on ptolemy.moml.MoMLSimpleApplication@3f360e6a
reloadAllAccessors: .expressionCastInference2

===========================================================================================
----------------- testing Fri Oct 19 02:33:56 UTC 2018 /home/travis/build/icyphy/ptII/ptolemy/actor/lib/test/auto/expressionInference.xml
----------------- Instantiating /home/travis/build/icyphy/ptII/ptolemy/actor/lib/test/auto/expressionInference.xml
1 ms. Memory: 1759744K Free: 1330109K (76%)
----------------- Invoking toplevel() on ptolemy.moml.MoMLSimpleApplication@7477db34
----------------- Done invoking toplevel() on ptolemy.moml.MoMLSimpleApplication@7477db34
reloadAllAccessors: .expressionInference

===========================================================================================
----------------- testing Fri Oct 19 02:33:56 UTC 2018 /home/travis/build/icyphy/ptII/ptolemy/actor/lib/test/auto/expression_bug.xml
----------------- Instantiating /home/travis/build/icyphy/ptII/ptolemy/actor/lib/test/auto/expression_bug.xml
1 ms. Memory: 1759744K Free: 1309111K (74%)
----------------- Invoking toplevel() on ptolemy.moml.MoMLSimpleApplication@246d87e
----------------- Done invoking toplevel() on ptolemy.moml.MoMLSimpleApplication@246d87e
reloadAllAccessors: .expression_bug

===========================================================================================
----------------- testing Fri Oct 19 02:33:56 UTC 2018 /home/travis/build/icyphy/ptII/ptolemy/actor/lib/test/auto/factorial.xml
----------------- Instantiating /home/travis/build/icyphy/ptII/ptolemy/actor/lib/test/auto/factorial.xml
22 ms. Memory: 1759744K Free: 1292676K (73%)
----------------- Invoking toplevel() on ptolemy.moml.MoMLSimpleApplication@58ec19a6
----------------- Done invoking toplevel() on ptolemy.moml.MoMLSimpleApplication@58ec19a6
reloadAllAccessors: .factorial

===========================================================================================
----------------- testing Fri Oct 19 02:33:56 UTC 2018 /home/travis/build/icyphy/ptII/ptolemy/actor/lib/test/auto/filterTest1.xml
----------------- Instantiating /home/travis/build/icyphy/ptII/ptolemy/actor/lib/test/auto/filterTest1.xml
3 ms. Memory: 1759744K Free: 1271678K (72%)
----------------- Invoking toplevel() on ptolemy.moml.MoMLSimpleApplication@73753278
----------------- Done invoking toplevel() on ptolemy.moml.MoMLSimpleApplication@73753278
reloadAllAccessors: .filterTest1

===========================================================================================
----------------- testing Fri Oct 19 02:33:56 UTC 2018 /home/travis/build/icyphy/ptII/ptolemy/actor/lib/test/auto/funcApplyInConst.xml
----------------- Instantiating /home/travis/build/icyphy/ptII/ptolemy/actor/lib/test/auto/funcApplyInConst.xml
1 ms. Memory: 1759744K Free: 1255269K (71%)
----------------- Invoking toplevel() on ptolemy.moml.MoMLSimpleApplication@5377aa98
----------------- Done invoking toplevel() on ptolemy.moml.MoMLSimpleApplication@5377aa98
reloadAllAccessors: .funcApplyInConst

===========================================================================================
----------------- testing Fri Oct 19 02:33:56 UTC 2018 /home/travis/build/icyphy/ptII/ptolemy/actor/lib/test/auto/funcApplyInExpr.xml
----------------- Instantiating /home/travis/build/icyphy/ptII/ptolemy/actor/lib/test/auto/funcApplyInExpr.xml
1 ms. Memory: 1759744K Free: 1234271K (70%)
----------------- Invoking toplevel() on ptolemy.moml.MoMLSimpleApplication@3177a1fd
----------------- Done invoking toplevel() on ptolemy.moml.MoMLSimpleApplication@3177a1fd
reloadAllAccessors: .funcApplyInExpr

===========================================================================================
----------------- testing Fri Oct 19 02:33:56 UTC 2018 /home/travis/build/icyphy/ptII/ptolemy/actor/lib/test/auto/function.xml
----------------- Instantiating /home/travis/build/icyphy/ptII/ptolemy/actor/lib/test/auto/function.xml
2 ms. Memory: 1759744K Free: 1213274K (69%)
----------------- Invoking toplevel() on ptolemy.moml.MoMLSimpleApplication@41372216
----------------- Done invoking toplevel() on ptolemy.moml.MoMLSimpleApplication@41372216
reloadAllAccessors: .function

===========================================================================================
----------------- testing Fri Oct 19 02:33:56 UTC 2018 /home/travis/build/icyphy/ptII/ptolemy/actor/lib/test/auto/function2.xml
----------------- Instantiating /home/travis/build/icyphy/ptII/ptolemy/actor/lib/test/auto/function2.xml
2 ms. Memory: 1759744K Free: 1196864K (68%)
----------------- Invoking toplevel() on ptolemy.moml.MoMLSimpleApplication@3761b081
----------------- Done invoking toplevel() on ptolemy.moml.MoMLSimpleApplication@3761b081
reloadAllAccessors: .function2

===========================================================================================
----------------- testing Fri Oct 19 02:33:56 UTC 2018 /home/travis/build/icyphy/ptII/ptolemy/actor/lib/test/auto/function3.xml
----------------- Instantiating /home/travis/build/icyphy/ptII/ptolemy/actor/lib/test/auto/function3.xml
1 ms. Memory: 1759744K Free: 1175866K (67%)
----------------- Invoking toplevel() on ptolemy.moml.MoMLSimpleApplication@62f12baf
----------------- Done invoking toplevel() on ptolemy.moml.MoMLSimpleApplication@62f12baf
reloadAllAccessors: .function3

===========================================================================================
----------------- testing Fri Oct 19 02:33:56 UTC 2018 /home/travis/build/icyphy/ptII/ptolemy/actor/lib/test/auto/functionClosureTest1.xml
----------------- Instantiating /home/travis/build/icyphy/ptII/ptolemy/actor/lib/test/auto/functionClosureTest1.xml
1 ms. Memory: 1759744K Free: 1159457K (66%)
----------------- Invoking toplevel() on ptolemy.moml.MoMLSimpleApplication@608b6c4d
----------------- Done invoking toplevel() on ptolemy.moml.MoMLSimpleApplication@608b6c4d
reloadAllAccessors: .functionClosureTest1

===========================================================================================
----------------- testing Fri Oct 19 02:33:56 UTC 2018 /home/travis/build/icyphy/ptII/ptolemy/actor/lib/test/auto/functionClosureTest2.xml
----------------- Instantiating /home/travis/build/icyphy/ptII/ptolemy/actor/lib/test/auto/functionClosureTest2.xml
1 ms. Memory: 1759744K Free: 1138459K (65%)
----------------- Invoking toplevel() on ptolemy.moml.MoMLSimpleApplication@5ace331a
----------------- Done invoking toplevel() on ptolemy.moml.MoMLSimpleApplication@5ace331a
reloadAllAccessors: .functionClosureTest2

===========================================================================================
----------------- testing Fri Oct 19 02:33:56 UTC 2018 /home/travis/build/icyphy/ptII/ptolemy/actor/lib/test/auto/functionClosureTest3.xml
----------------- Instantiating /home/travis/build/icyphy/ptII/ptolemy/actor/lib/test/auto/functionClosureTest3.xml
1 ms. Memory: 1759744K Free: 1122050K (64%)
----------------- Invoking toplevel() on ptolemy.moml.MoMLSimpleApplication@3b98c425
----------------- Done invoking toplevel() on ptolemy.moml.MoMLSimpleApplication@3b98c425
reloadAllAccessors: .functionClosureTest3

===========================================================================================
----------------- testing Fri Oct 19 02:33:56 UTC 2018 /home/travis/build/icyphy/ptII/ptolemy/actor/lib/test/auto/functionClosureTest4.xml
----------------- Instantiating /home/travis/build/icyphy/ptII/ptolemy/actor/lib/test/auto/functionClosureTest4.xml
2 ms. Memory: 1759744K Free: 1101052K (63%)
----------------- Invoking toplevel() on ptolemy.moml.MoMLSimpleApplication@72b79faa
----------------- Done invoking toplevel() on ptolemy.moml.MoMLSimpleApplication@72b79faa
reloadAllAccessors: .functionClosureTest4

===========================================================================================
----------------- testing Fri Oct 19 02:33:56 UTC 2018 /home/travis/build/icyphy/ptII/ptolemy/actor/lib/test/auto/functionClosureTest5.xml
----------------- Instantiating /home/travis/build/icyphy/ptII/ptolemy/actor/lib/test/auto/functionClosureTest5.xml
3 ms. Memory: 1759744K Free: 1080054K (61%)
----------------- Invoking toplevel() on ptolemy.moml.MoMLSimpleApplication@1b7df200
----------------- Done invoking toplevel() on ptolemy.moml.MoMLSimpleApplication@1b7df200
reloadAllAccessors: .functionClosureTest5

===========================================================================================
----------------- testing Fri Oct 19 02:33:56 UTC 2018 /home/travis/build/icyphy/ptII/ptolemy/actor/lib/test/auto/functionClosureTest6.xml
----------------- Instantiating /home/travis/build/icyphy/ptII/ptolemy/actor/lib/test/auto/functionClosureTest6.xml
2 ms. Memory: 1759744K Free: 1063645K (60%)
----------------- Invoking toplevel() on ptolemy.moml.MoMLSimpleApplication@249423cc
----------------- Done invoking toplevel() on ptolemy.moml.MoMLSimpleApplication@249423cc
reloadAllAccessors: .functionClosureTest6

===========================================================================================
----------------- testing Fri Oct 19 02:33:56 UTC 2018 /home/travis/build/icyphy/ptII/ptolemy/actor/lib/test/auto/functionsOnArcs.xml
----------------- Instantiating /home/travis/build/icyphy/ptII/ptolemy/actor/lib/test/auto/functionsOnArcs.xml
1 ms. Memory: 1759744K Free: 1042647K (59%)
----------------- Invoking toplevel() on ptolemy.moml.MoMLSimpleApplication@2a7d1755
----------------- Done invoking toplevel() on ptolemy.moml.MoMLSimpleApplication@2a7d1755
reloadAllAccessors: .functionsOnArcs

===========================================================================================
----------------- testing Fri Oct 19 02:33:56 UTC 2018 /home/travis/build/icyphy/ptII/ptolemy/actor/lib/test/auto/functionsOnArcsHOF.xml
----------------- Instantiating /home/travis/build/icyphy/ptII/ptolemy/actor/lib/test/auto/functionsOnArcsHOF.xml
2 ms. Memory: 1759744K Free: 1026238K (58%)
----------------- Invoking toplevel() on ptolemy.moml.MoMLSimpleApplication@19ef6441
----------------- Done invoking toplevel() on ptolemy.moml.MoMLSimpleApplication@19ef6441
reloadAllAccessors: .functionsOnArcsHOF

===========================================================================================
----------------- testing Fri Oct 19 02:33:56 UTC 2018 /home/travis/build/icyphy/ptII/ptolemy/actor/lib/test/auto/logic.xml
----------------- Instantiating /home/travis/build/icyphy/ptII/ptolemy/actor/lib/test/auto/logic.xml
1 ms. Memory: 1759744K Free: 1005240K (57%)
----------------- Invoking toplevel() on ptolemy.moml.MoMLSimpleApplication@653771ad
----------------- Done invoking toplevel() on ptolemy.moml.MoMLSimpleApplication@653771ad
reloadAllAccessors: .logic

===========================================================================================
----------------- testing Fri Oct 19 02:33:56 UTC 2018 /home/travis/build/icyphy/ptII/ptolemy/actor/lib/test/auto/matrixType.xml
----------------- Instantiating /home/travis/build/icyphy/ptII/ptolemy/actor/lib/test/auto/matrixType.xml
1 ms. Memory: 1759744K Free: 988830K (56%)
----------------- Invoking toplevel() on ptolemy.moml.MoMLSimpleApplication@63ef87e8
----------------- Done invoking toplevel() on ptolemy.moml.MoMLSimpleApplication@63ef87e8
reloadAllAccessors: .matrixType

===========================================================================================
----------------- testing Fri Oct 19 02:33:56 UTC 2018 /home/travis/build/icyphy/ptII/ptolemy/actor/lib/test/auto/matrixType10.xml
----------------- Instantiating /home/travis/build/icyphy/ptII/ptolemy/actor/lib/test/auto/matrixType10.xml
1 ms. Memory: 1759744K Free: 967833K (55%)
----------------- Invoking toplevel() on ptolemy.moml.MoMLSimpleApplication@4b7f77fc
----------------- Done invoking toplevel() on ptolemy.moml.MoMLSimpleApplication@4b7f77fc
reloadAllAccessors: .matrixType10

===========================================================================================
----------------- testing Fri Oct 19 02:33:56 UTC 2018 /home/travis/build/icyphy/ptII/ptolemy/actor/lib/test/auto/matrixType11.xml
----------------- Instantiating /home/travis/build/icyphy/ptII/ptolemy/actor/lib/test/auto/matrixType11.xml
1 ms. Memory: 1759744K Free: 946835K (54%)
----------------- Invoking toplevel() on ptolemy.moml.MoMLSimpleApplication@7d59acfc
----------------- Done invoking toplevel() on ptolemy.moml.MoMLSimpleApplication@7d59acfc
reloadAllAccessors: .matrixType11

===========================================================================================
----------------- testing Fri Oct 19 02:33:56 UTC 2018 /home/travis/build/icyphy/ptII/ptolemy/actor/lib/test/auto/matrixType12.xml
----------------- Instantiating /home/travis/build/icyphy/ptII/ptolemy/actor/lib/test/auto/matrixType12.xml
1 ms. Memory: 1759744K Free: 930425K (53%)
----------------- Invoking toplevel() on ptolemy.moml.MoMLSimpleApplication@31ab5169
----------------- Done invoking toplevel() on ptolemy.moml.MoMLSimpleApplication@31ab5169
reloadAllAccessors: .matrixType12

===========================================================================================
----------------- testing Fri Oct 19 02:33:56 UTC 2018 /home/travis/build/icyphy/ptII/ptolemy/actor/lib/test/auto/matrixType13.xml
----------------- Instantiating /home/travis/build/icyphy/ptII/ptolemy/actor/lib/test/auto/matrixType13.xml
1 ms. Memory: 1759744K Free: 909428K (52%)
----------------- Invoking toplevel() on ptolemy.moml.MoMLSimpleApplication@1b6c7a94
----------------- Done invoking toplevel() on ptolemy.moml.MoMLSimpleApplication@1b6c7a94
reloadAllAccessors: .matrixType13

===========================================================================================
----------------- testing Fri Oct 19 02:33:56 UTC 2018 /home/travis/build/icyphy/ptII/ptolemy/actor/lib/test/auto/matrixType14.xml
----------------- Instantiating /home/travis/build/icyphy/ptII/ptolemy/actor/lib/test/auto/matrixType14.xml
2 ms. Memory: 1759744K Free: 893018K (51%)
----------------- Invoking toplevel() on ptolemy.moml.MoMLSimpleApplication@54d20c53
----------------- Done invoking toplevel() on ptolemy.moml.MoMLSimpleApplication@54d20c53
reloadAllAccessors: .matrixType14

===========================================================================================
----------------- testing Fri Oct 19 02:33:56 UTC 2018 /home/travis/build/icyphy/ptII/ptolemy/actor/lib/test/auto/matrixType2.xml
----------------- Instantiating /home/travis/build/icyphy/ptII/ptolemy/actor/lib/test/auto/matrixType2.xml
1 ms. Memory: 1759744K Free: 872021K (50%)
----------------- Invoking toplevel() on ptolemy.moml.MoMLSimpleApplication@5124fe41
----------------- Done invoking toplevel() on ptolemy.moml.MoMLSimpleApplication@5124fe41
reloadAllAccessors: .matrixType2

===========================================================================================
----------------- testing Fri Oct 19 02:33:56 UTC 2018 /home/travis/build/icyphy/ptII/ptolemy/actor/lib/test/auto/matrixType3.xml
----------------- Instantiating /home/travis/build/icyphy/ptII/ptolemy/actor/lib/test/auto/matrixType3.xml
1 ms. Memory: 1759744K Free: 855611K (49%)
----------------- Invoking toplevel() on ptolemy.moml.MoMLSimpleApplication@45170173
----------------- Done invoking toplevel() on ptolemy.moml.MoMLSimpleApplication@45170173
reloadAllAccessors: .matrixType3

===========================================================================================
----------------- testing Fri Oct 19 02:33:56 UTC 2018 /home/travis/build/icyphy/ptII/ptolemy/actor/lib/test/auto/matrixType4.xml
----------------- Instantiating /home/travis/build/icyphy/ptII/ptolemy/actor/lib/test/auto/matrixType4.xml
2 ms. Memory: 1759744K Free: 834613K (47%)
----------------- Invoking toplevel() on ptolemy.moml.MoMLSimpleApplication@320a2ec5
----------------- Done invoking toplevel() on ptolemy.moml.MoMLSimpleApplication@320a2ec5
reloadAllAccessors: .matrixType4

===========================================================================================
----------------- testing Fri Oct 19 02:33:56 UTC 2018 /home/travis/build/icyphy/ptII/ptolemy/actor/lib/test/auto/matrixType5.xml
----------------- Instantiating /home/travis/build/icyphy/ptII/ptolemy/actor/lib/test/auto/matrixType5.xml
1 ms. Memory: 1759744K Free: 818204K (46%)
----------------- Invoking toplevel() on ptolemy.moml.MoMLSimpleApplication@446f73d1
----------------- Done invoking toplevel() on ptolemy.moml.MoMLSimpleApplication@446f73d1
reloadAllAccessors: .matrixType5

===========================================================================================
----------------- testing Fri Oct 19 02:33:56 UTC 2018 /home/travis/build/icyphy/ptII/ptolemy/actor/lib/test/auto/matrixType6.xml
----------------- Instantiating /home/travis/build/icyphy/ptII/ptolemy/actor/lib/test/auto/matrixType6.xml
1 ms. Memory: 1759744K Free: 797206K (45%)
----------------- Invoking toplevel() on ptolemy.moml.MoMLSimpleApplication@1a361e2f
----------------- Done invoking toplevel() on ptolemy.moml.MoMLSimpleApplication@1a361e2f
reloadAllAccessors: .matrixType6

===========================================================================================
----------------- testing Fri Oct 19 02:33:56 UTC 2018 /home/travis/build/icyphy/ptII/ptolemy/actor/lib/test/auto/matrixType7.xml
----------------- Instantiating /home/travis/build/icyphy/ptII/ptolemy/actor/lib/test/auto/matrixType7.xml
1 ms. Memory: 1759744K Free: 776208K (44%)
----------------- Invoking toplevel() on ptolemy.moml.MoMLSimpleApplication@13ef8a3f
----------------- Done invoking toplevel() on ptolemy.moml.MoMLSimpleApplication@13ef8a3f
reloadAllAccessors: .matrixType7

===========================================================================================
----------------- testing Fri Oct 19 02:33:56 UTC 2018 /home/travis/build/icyphy/ptII/ptolemy/actor/lib/test/auto/matrixType8.xml
----------------- Instantiating /home/travis/build/icyphy/ptII/ptolemy/actor/lib/test/auto/matrixType8.xml
2 ms. Memory: 1759744K Free: 759799K (43%)
----------------- Invoking toplevel() on ptolemy.moml.MoMLSimpleApplication@1e1b1db7
----------------- Done invoking toplevel() on ptolemy.moml.MoMLSimpleApplication@1e1b1db7
reloadAllAccessors: .matrixType8

===========================================================================================
----------------- testing Fri Oct 19 02:33:56 UTC 2018 /home/travis/build/icyphy/ptII/ptolemy/actor/lib/test/auto/matrixType9.xml
----------------- Instantiating /home/travis/build/icyphy/ptII/ptolemy/actor/lib/test/auto/matrixType9.xml
2 ms. Memory: 1759744K Free: 738801K (42%)
----------------- Invoking toplevel() on ptolemy.moml.MoMLSimpleApplication@6d169555
----------------- Done invoking toplevel() on ptolemy.moml.MoMLSimpleApplication@6d169555
reloadAllAccessors: .matrixType9

===========================================================================================
----------------- testing Fri Oct 19 02:33:56 UTC 2018 /home/travis/build/icyphy/ptII/ptolemy/actor/lib/test/auto/paraFunctest.xml
----------------- Instantiating /home/travis/build/icyphy/ptII/ptolemy/actor/lib/test/auto/paraFunctest.xml
1 ms. Memory: 1759744K Free: 722391K (41%)
----------------- Invoking toplevel() on ptolemy.moml.MoMLSimpleApplication@271f8f02
----------------- Done invoking toplevel() on ptolemy.moml.MoMLSimpleApplication@271f8f02
reloadAllAccessors: .paraFunctest

===========================================================================================
----------------- testing Fri Oct 19 02:33:56 UTC 2018 /home/travis/build/icyphy/ptII/ptolemy/actor/lib/test/auto/paraFunctest2.xml
----------------- Instantiating /home/travis/build/icyphy/ptII/ptolemy/actor/lib/test/auto/paraFunctest2.xml
2 ms. Memory: 1759744K Free: 701394K (40%)
----------------- Invoking toplevel() on ptolemy.moml.MoMLSimpleApplication@125b1edf
----------------- Done invoking toplevel() on ptolemy.moml.MoMLSimpleApplication@125b1edf
reloadAllAccessors: .paraFunctest2

===========================================================================================
----------------- testing Fri Oct 19 02:33:56 UTC 2018 /home/travis/build/icyphy/ptII/ptolemy/actor/lib/test/auto/parameterPassing.xml
----------------- Instantiating /home/travis/build/icyphy/ptII/ptolemy/actor/lib/test/auto/parameterPassing.xml
1 ms. Memory: 1759744K Free: 684984K (39%)
----------------- Invoking toplevel() on ptolemy.moml.MoMLSimpleApplication@341aba8f
----------------- Done invoking toplevel() on ptolemy.moml.MoMLSimpleApplication@341aba8f
reloadAllAccessors: .parameterPassing

===========================================================================================
----------------- testing Fri Oct 19 02:33:56 UTC 2018 /home/travis/build/icyphy/ptII/ptolemy/actor/lib/test/auto/record.xml
----------------- Instantiating /home/travis/build/icyphy/ptII/ptolemy/actor/lib/test/auto/record.xml
2 ms. Memory: 1759744K Free: 663986K (38%)
----------------- Invoking toplevel() on ptolemy.moml.MoMLSimpleApplication@62564d3b
----------------- Done invoking toplevel() on ptolemy.moml.MoMLSimpleApplication@62564d3b
reloadAllAccessors: .record

===========================================================================================
----------------- testing Fri Oct 19 02:33:56 UTC 2018 /home/travis/build/icyphy/ptII/ptolemy/actor/lib/test/auto/sizedarray1.xml
----------------- Instantiating /home/travis/build/icyphy/ptII/ptolemy/actor/lib/test/auto/sizedarray1.xml
1 ms. Memory: 1759744K Free: 642989K (37%)
----------------- Invoking toplevel() on ptolemy.moml.MoMLSimpleApplication@58a7c4de
----------------- Done invoking toplevel() on ptolemy.moml.MoMLSimpleApplication@58a7c4de
reloadAllAccessors: .sizedarray1

===========================================================================================
----------------- testing Fri Oct 19 02:33:56 UTC 2018 /home/travis/build/icyphy/ptII/ptolemy/actor/lib/test/auto/sizedarray2.xml
----------------- Instantiating /home/travis/build/icyphy/ptII/ptolemy/actor/lib/test/auto/sizedarray2.xml
1 ms. Memory: 1759744K Free: 626579K (36%)
----------------- Invoking toplevel() on ptolemy.moml.MoMLSimpleApplication@3f460afb
----------------- Done invoking toplevel() on ptolemy.moml.MoMLSimpleApplication@3f460afb
reloadAllAccessors: .sizedarray2

===========================================================================================
----------------- testing Fri Oct 19 02:33:56 UTC 2018 /home/travis/build/icyphy/ptII/ptolemy/actor/lib/test/auto/twoPublishers.xml
----------------- Instantiating /home/travis/build/icyphy/ptII/ptolemy/actor/lib/test/auto/twoPublishers.xml
2 ms. Memory: 1759744K Free: 597361K (34%)
----------------- Invoking toplevel() on ptolemy.moml.MoMLSimpleApplication@56061d96
----------------- Done invoking toplevel() on ptolemy.moml.MoMLSimpleApplication@56061d96
reloadAllAccessors: .twoPublishers
AutoTests.java: About to close Vertx.
AutoTests.java: Vertx closed.
]]></system-out>
  <system-err><![CDATA[java.lang.RuntimeException: Execution failed
	at ptolemy.moml.MoMLSimpleApplication$UnloadThread.run(MoMLSimpleApplication.java:402)
Caused by: java.lang.RuntimeException: Normally, we would exit here because Manager.exitAfterWrapup() was called.  However, because the ptolemy.ptII.exitAfterWrapup property is set, we throw this exception instead.
	at ptolemy.util.StringUtilities.exit(StringUtilities.java:363)
	at ptolemy.actor.Manager.wrapup(Manager.java:1531)
	at ptolemy.actor.Manager.execute(Manager.java:407)
	at ptolemy.actor.Manager.run(Manager.java:1263)
	at ptolemy.actor.Manager$PtolemyRunThread.run(Manager.java:1915)
Warning: '.top.test' is in training mode, set the trainingMode parameter to false before checking in
Warning: '.top.test' is in training mode, set the trainingMode parameter to false before checking in
Warning: '.top.test' is in training mode, set the trainingMode parameter to false before checking in
Warning: '.BooleanSwitch_RegressionTest_WrongTrainingValues.Test' is in training mode, set the trainingMode parameter to false before checking in
Warning: '.BooleanSwitch_RegressionTest_WrongTrainingValues.Test2' is in training mode, set the trainingMode parameter to false before checking in
Warning: '.BooleanSwitch_RegressionTest_WrongTrainingValues.Test2' The test produced 0 tokens.
Warning: '.top.testExceptionHandler' is in training mode, set the trainingMode parameter to false before checking in
java.lang.RuntimeException: Execution failed
	at ptolemy.moml.MoMLSimpleApplication$UnloadThread.run(MoMLSimpleApplication.java:402)
Caused by: ptolemy.kernel.util.IllegalActionException: PublisherPorts cannot be used at the top level, use a Publisher actor instead.
  in .PublisherPortToplevelSubscriber.PublisherPort
	at ptolemy.actor.PublisherPort.preinitialize(PublisherPort.java:403)
	at ptolemy.actor.CompositeActor.preinitialize(CompositeActor.java:1769)
	at ptolemy.actor.Manager.preinitializeAndResolveTypes(Manager.java:1040)
	at ptolemy.actor.Manager.initialize(Manager.java:710)
	at ptolemy.actor.Manager.execute(Manager.java:356)
	at ptolemy.actor.Manager.run(Manager.java:1263)
	at ptolemy.actor.Manager$PtolemyRunThread.run(Manager.java:1915)
java.lang.reflect.InvocationTargetException
	at sun.reflect.NativeConstructorAccessorImpl.newInstance0(Native Method)
	at sun.reflect.NativeConstructorAccessorImpl.newInstance(NativeConstructorAccessorImpl.java:62)
	at sun.reflect.DelegatingConstructorAccessorImpl.newInstance(DelegatingConstructorAccessorImpl.java:45)
	at java.lang.reflect.Constructor.newInstance(Constructor.java:423)
	at ptolemy.util.test.junit.AutoKnownFailedTests.RunModel(AutoKnownFailedTests.java:107)
	at sun.reflect.NativeMethodAccessorImpl.invoke0(Native Method)
	at sun.reflect.NativeMethodAccessorImpl.invoke(NativeMethodAccessorImpl.java:62)
	at sun.reflect.DelegatingMethodAccessorImpl.invoke(DelegatingMethodAccessorImpl.java:43)
	at java.lang.reflect.Method.invoke(Method.java:498)
	at org.junit.runners.model.FrameworkMethod$1.runReflectiveCall(FrameworkMethod.java:44)
	at org.junit.internal.runners.model.ReflectiveCallable.run(ReflectiveCallable.java:15)
	at org.junit.runners.model.FrameworkMethod.invokeExplosively(FrameworkMethod.java:41)
	at junitparams.internal.InvokeParameterisedMethod.evaluate(InvokeParameterisedMethod.java:102)
	at org.junit.internal.runners.statements.FailOnTimeout$1.run(FailOnTimeout.java:28)
Caused by: ptolemy.kernel.util.IllegalActionException: PublisherPorts cannot be used at the top level, use a Publisher actor instead.
  in .PublisherPortToplevelSubscriber.PublisherPort
	at ptolemy.actor.PublisherPort.preinitialize(PublisherPort.java:403)
	at ptolemy.actor.CompositeActor.preinitialize(CompositeActor.java:1769)
	at ptolemy.actor.Manager.preinitializeAndResolveTypes(Manager.java:1040)
	at ptolemy.actor.Manager.initialize(Manager.java:710)
	at ptolemy.actor.Manager.execute(Manager.java:356)
	at ptolemy.actor.Manager.run(Manager.java:1263)
	at ptolemy.actor.Manager$PtolemyRunThread.run(Manager.java:1915)
java.lang.RuntimeException: Execution failed
	at ptolemy.moml.MoMLSimpleApplication$UnloadThread.run(MoMLSimpleApplication.java:402)
Caused by: ptolemy.kernel.util.IllegalActionException: SubscriberPorts cannot be used at the top level, use a Subscriber actor instead.
  in .PublisherSubscriberPortToplevel.SubscriberPort
	at ptolemy.actor.SubscriberPort.preinitialize(SubscriberPort.java:328)
	at ptolemy.actor.CompositeActor.preinitialize(CompositeActor.java:1769)
	at ptolemy.actor.Manager.preinitializeAndResolveTypes(Manager.java:1040)
	at ptolemy.actor.Manager.initialize(Manager.java:710)
	at ptolemy.actor.Manager.execute(Manager.java:356)
	at ptolemy.actor.Manager.run(Manager.java:1263)
	at ptolemy.actor.Manager$PtolemyRunThread.run(Manager.java:1915)
java.lang.reflect.InvocationTargetException
	at sun.reflect.NativeConstructorAccessorImpl.newInstance0(Native Method)
	at sun.reflect.NativeConstructorAccessorImpl.newInstance(NativeConstructorAccessorImpl.java:62)
	at sun.reflect.DelegatingConstructorAccessorImpl.newInstance(DelegatingConstructorAccessorImpl.java:45)
	at java.lang.reflect.Constructor.newInstance(Constructor.java:423)
	at ptolemy.util.test.junit.AutoKnownFailedTests.RunModel(AutoKnownFailedTests.java:107)
	at sun.reflect.NativeMethodAccessorImpl.invoke0(Native Method)
	at sun.reflect.NativeMethodAccessorImpl.invoke(NativeMethodAccessorImpl.java:62)
	at sun.reflect.DelegatingMethodAccessorImpl.invoke(DelegatingMethodAccessorImpl.java:43)
	at java.lang.reflect.Method.invoke(Method.java:498)
	at org.junit.runners.model.FrameworkMethod$1.runReflectiveCall(FrameworkMethod.java:44)
	at org.junit.internal.runners.model.ReflectiveCallable.run(ReflectiveCallable.java:15)
	at org.junit.runners.model.FrameworkMethod.invokeExplosively(FrameworkMethod.java:41)
	at junitparams.internal.InvokeParameterisedMethod.evaluate(InvokeParameterisedMethod.java:102)
	at org.junit.internal.runners.statements.FailOnTimeout$1.run(FailOnTimeout.java:28)
Caused by: ptolemy.kernel.util.IllegalActionException: SubscriberPorts cannot be used at the top level, use a Subscriber actor instead.
  in .PublisherSubscriberPortToplevel.SubscriberPort
	at ptolemy.actor.SubscriberPort.preinitialize(SubscriberPort.java:328)
	at ptolemy.actor.CompositeActor.preinitialize(CompositeActor.java:1769)
	at ptolemy.actor.Manager.preinitializeAndResolveTypes(Manager.java:1040)
	at ptolemy.actor.Manager.initialize(Manager.java:710)
	at ptolemy.actor.Manager.execute(Manager.java:356)
	at ptolemy.actor.Manager.run(Manager.java:1263)
	at ptolemy.actor.Manager$PtolemyRunThread.run(Manager.java:1915)
java.lang.RuntimeException: Execution failed
	at ptolemy.moml.MoMLSimpleApplication$UnloadThread.run(MoMLSimpleApplication.java:402)
Caused by: ptolemy.kernel.util.IllegalActionException: SubscriptionAggregatorPorts cannot be used at the top level, use a SubscriptionAggregator actor instead.
  in .PublisherSubscriptionAggregatorPort.SubscriptionAggregatorPort
	at ptolemy.actor.SubscriptionAggregatorPort.preinitialize(SubscriptionAggregatorPort.java:353)
	at ptolemy.actor.CompositeActor.preinitialize(CompositeActor.java:1769)
	at ptolemy.actor.Manager.preinitializeAndResolveTypes(Manager.java:1040)
	at ptolemy.actor.Manager.initialize(Manager.java:710)
	at ptolemy.actor.Manager.execute(Manager.java:356)
	at ptolemy.actor.Manager.run(Manager.java:1263)
	at ptolemy.actor.Manager$PtolemyRunThread.run(Manager.java:1915)
java.lang.reflect.InvocationTargetException
	at sun.reflect.NativeConstructorAccessorImpl.newInstance0(Native Method)
	at sun.reflect.NativeConstructorAccessorImpl.newInstance(NativeConstructorAccessorImpl.java:62)
	at sun.reflect.DelegatingConstructorAccessorImpl.newInstance(DelegatingConstructorAccessorImpl.java:45)
	at java.lang.reflect.Constructor.newInstance(Constructor.java:423)
	at ptolemy.util.test.junit.AutoKnownFailedTests.RunModel(AutoKnownFailedTests.java:107)
	at sun.reflect.NativeMethodAccessorImpl.invoke0(Native Method)
	at sun.reflect.NativeMethodAccessorImpl.invoke(NativeMethodAccessorImpl.java:62)
	at sun.reflect.DelegatingMethodAccessorImpl.invoke(DelegatingMethodAccessorImpl.java:43)
	at java.lang.reflect.Method.invoke(Method.java:498)
	at org.junit.runners.model.FrameworkMethod$1.runReflectiveCall(FrameworkMethod.java:44)
	at org.junit.internal.runners.model.ReflectiveCallable.run(ReflectiveCallable.java:15)
	at org.junit.runners.model.FrameworkMethod.invokeExplosively(FrameworkMethod.java:41)
	at junitparams.internal.InvokeParameterisedMethod.evaluate(InvokeParameterisedMethod.java:102)
	at org.junit.internal.runners.statements.FailOnTimeout$1.run(FailOnTimeout.java:28)
Caused by: ptolemy.kernel.util.IllegalActionException: SubscriptionAggregatorPorts cannot be used at the top level, use a SubscriptionAggregator actor instead.
  in .PublisherSubscriptionAggregatorPort.SubscriptionAggregatorPort
	at ptolemy.actor.SubscriptionAggregatorPort.preinitialize(SubscriptionAggregatorPort.java:353)
	at ptolemy.actor.CompositeActor.preinitialize(CompositeActor.java:1769)
	at ptolemy.actor.Manager.preinitializeAndResolveTypes(Manager.java:1040)
	at ptolemy.actor.Manager.initialize(Manager.java:710)
	at ptolemy.actor.Manager.execute(Manager.java:356)
	at ptolemy.actor.Manager.run(Manager.java:1263)
	at ptolemy.actor.Manager$PtolemyRunThread.run(Manager.java:1915)
java.lang.RuntimeException: Execution failed
	at ptolemy.moml.MoMLSimpleApplication$UnloadThread.run(MoMLSimpleApplication.java:402)
Caused by: ptolemy.kernel.util.IllegalActionException: TypeTest actor has no training data.
  in .sizedarray3.TypeTest
	at ptolemy.actor.lib.TypeTest.initialize(TypeTest.java:250)
	at ptolemy.actor.Director.initialize(Director.java:938)
	at ptolemy.actor.Director.initialize(Director.java:907)
	at ptolemy.actor.sched.StaticSchedulingDirector.initialize(StaticSchedulingDirector.java:159)
	at ptolemy.domains.sdf.kernel.SDFDirector.initialize(SDFDirector.java:544)
	at ptolemy.actor.CompositeActor.initialize(CompositeActor.java:935)
	at ptolemy.actor.Manager.initialize(Manager.java:724)
	at ptolemy.actor.Manager.execute(Manager.java:356)
	at ptolemy.actor.Manager.run(Manager.java:1263)
	at ptolemy.actor.Manager$PtolemyRunThread.run(Manager.java:1915)
java.lang.reflect.InvocationTargetException
	at sun.reflect.NativeConstructorAccessorImpl.newInstance0(Native Method)
	at sun.reflect.NativeConstructorAccessorImpl.newInstance(NativeConstructorAccessorImpl.java:62)
	at sun.reflect.DelegatingConstructorAccessorImpl.newInstance(DelegatingConstructorAccessorImpl.java:45)
	at java.lang.reflect.Constructor.newInstance(Constructor.java:423)
	at ptolemy.util.test.junit.AutoKnownFailedTests.RunModel(AutoKnownFailedTests.java:107)
	at sun.reflect.NativeMethodAccessorImpl.invoke0(Native Method)
	at sun.reflect.NativeMethodAccessorImpl.invoke(NativeMethodAccessorImpl.java:62)
	at sun.reflect.DelegatingMethodAccessorImpl.invoke(DelegatingMethodAccessorImpl.java:43)
	at java.lang.reflect.Method.invoke(Method.java:498)
	at org.junit.runners.model.FrameworkMethod$1.runReflectiveCall(FrameworkMethod.java:44)
	at org.junit.internal.runners.model.ReflectiveCallable.run(ReflectiveCallable.java:15)
	at org.junit.runners.model.FrameworkMethod.invokeExplosively(FrameworkMethod.java:41)
	at junitparams.internal.InvokeParameterisedMethod.evaluate(InvokeParameterisedMethod.java:102)
	at org.junit.internal.runners.statements.FailOnTimeout$1.run(FailOnTimeout.java:28)
Caused by: ptolemy.kernel.util.IllegalActionException: TypeTest actor has no training data.
  in .sizedarray3.TypeTest
	at ptolemy.actor.lib.TypeTest.initialize(TypeTest.java:250)
	at ptolemy.actor.Director.initialize(Director.java:938)
	at ptolemy.actor.Director.initialize(Director.java:907)
	at ptolemy.actor.sched.StaticSchedulingDirector.initialize(StaticSchedulingDirector.java:159)
	at ptolemy.domains.sdf.kernel.SDFDirector.initialize(SDFDirector.java:544)
	at ptolemy.actor.CompositeActor.initialize(CompositeActor.java:935)
	at ptolemy.actor.Manager.initialize(Manager.java:724)
	at ptolemy.actor.Manager.execute(Manager.java:356)
	at ptolemy.actor.Manager.run(Manager.java:1263)
	at ptolemy.actor.Manager$PtolemyRunThread.run(Manager.java:1915)
]]></system-err>
</testsuite>
