<?xml version="1.0" encoding="UTF-8" ?>
<testsuite errors="0" failures="0" hostname="travis-job-5953e1d8-e116-4678-871a-f49c4fd3c00a" name="ptolemy.actor.lib.test.junit.JUnitTclTest" skipped="0" tests="517" time="63.154" timestamp="2020-06-03T14:33:31">
  <properties>
    <property name="npm.executable" value="npm" />
    <property name="env.TRAVIS_ROOT" value="/" />
    <property name="ptII.mk.exists" value="true" />
    <property name="env.TRAVIS_APP_HOST" value="build.travis-ci.org" />
    <property name="env.rvm_bin_path" value="/home/travis/.rvm/bin" />
    <property name="java.home" value="/usr/local/lib/jvm/openjdk11" />
    <property name="env.TRAVIS_JOB_NUMBER" value="1651.8" />
    <property name="env.TRAVIS_HOME" value="/home/travis" />
    <property name="env.DISPLAY" value=":99.0" />
    <property name="env.TRAVIS_INIT" value="systemd" />
    <property name="env.SSH_TTY" value="/dev/pts/0" />
    <property name="java.net.preferIPv4Stack" value="true" />
    <property name="env.RUN_TESTS" value="true" />
    <property name="timeout.short" value="1000000" />
    <property name="junit.formatter" value="xml" />
    <property name="env.TRAVIS_SUDO" value="true" />
    <property name="env.TRAVIS_JOB_NAME" value="" />
    <property name="env.TRAVIS_STACK_NODE_ATTRIBUTES" value="/.node-attributes.yml" />
    <property name="env.LOGNAME" value="travis" />
    <property name="env.PT_TRAVIS_TEST_CORE1_XML" value="true" />
    <property name="jsdoc.home" value="node_modules/@terraswarm/jsdoc" />
    <property name="debuglevel" value="source,lines,vars" />
    <property name="checkstyle.formatter" value="xml" />
    <property name="env._system_version" value="16.04" />
    <property name="bin.vergil.makeable" value="true" />
    <property name="sun.os.patch.level" value="unknown" />
    <property name="java.vendor.url" value="http://java.oracle.com/" />
    <property name="env.TRAVIS_BUILD_WEB_URL" value="https://travis-ci.org/icyphy/ptII/builds/694274858" />
    <property name="java.version" value="11.0.2" />
    <property name="env.TZ" value="UTC" />
    <property name="env.TRAVIS_PULL_REQUEST_SHA" value="" />
    <property name="env.PT_NO_NET" value="true" />
    <property name="env.TRAVIS_SECURE_ENV_VARS" value="true" />
    <property name="env._system_type" value="Linux" />
    <property name="java.vendor.url.bug" value="http://bugreport.java.com/bugreport/" />
    <property name="npmjs-org-is-up" value="true" />
    <property name="env.LANGUAGE" value="en_US.UTF-8" />
    <property name="env.SSH_CLIENT" value="10.24.0.87 37016 22" />
    <property name="env.GEM_HOME" value="/home/travis/.rvm/gems/ruby-2.5.3" />
    <property name="env.HAS_ANTARES_THREE_LITTLE_FRONZIES_BADGE" value="true" />
    <property name="java.version.date" value="2019-01-15" />
    <property name="env.PS4" value="+" />
    <property name="ant.project.invoked-targets" value="build,test.core1.xml" />
    <property name="env.TRAVIS_PULL_REQUEST_BRANCH" value="" />
    <property name="env.TRAVIS_REPO_SLUG" value="icyphy/ptII" />
    <property name="env.XDG_DATA_DIRS" value="/usr/local/share:/usr/share:/var/lib/snapd/desktop" />
    <property name="jdk.debug" value="release" />
    <property name="env.TRAVIS_APT_PROXY" value="http://build-cache.travisci.net" />
    <property name="env.TRAVIS_CPU_ARCH" value="amd64" />
    <property name="node.in.path" value="true" />
    <property name="user.name" value="travis" />
    <property name="java.maxmemory" value="1400m" />
    <property name="env.RUBY_VERSION" value="ruby-2.5.3" />
    <property name="env.LANG" value="en_US.UTF-8" />
    <property name="sun.io.unicode.encoding" value="UnicodeLittle" />
    <property name="sun.jnu.encoding" value="UTF-8" />
    <property name="java.runtime.name" value="OpenJDK Runtime Environment" />
    <property name="usefile" value="false" />
    <property name="return.code" value="0" />
    <property name="junit.single.formatter" value="plain" />
    <property name="env.DYLD_LIBRARY_PATH" value="/home/travis/pthla/certi-tools/lib:" />
    <property name="env.DEBIAN_FRONTEND" value="noninteractive" />
    <property name="env.SSH_CONNECTION" value="10.24.0.87 37016 10.20.0.114 22" />
    <property name="env.MYSQL_UNIX_PORT" value="/var/run/mysqld/mysqld.sock" />
    <property name="env.LC_ALL" value="en_US.UTF-8" />
    <property name="env.TRAVIS_ALLOW_FAILURE" value="" />
    <property name="env.TRAVIS_JOB_WEB_URL" value="https://travis-ci.org/icyphy/ptII/jobs/694274870" />
    <property name="java.specification.name" value="Java Platform API Specification" />
    <property name="node.works" value="true" />
    <property name="user.timezone" value="" />
    <property name="path.separator" value=":" />
    <property name="env.TRAVIS_ENABLE_INFRA_DETECTION" value="true" />
    <property name="env.PYTHON_CFLAGS" value="-g -fstack-protector --param=ssp-buffer-size=4 -Wformat -Werror=format-security" />
    <property name="timeout.long" value="4000000" />
    <property name="env.CERTI_HOME" value="/home/travis/pthla/certi-tools" />
    <property name="ant.file.ptII" value="/home/travis/build/icyphy/ptII/build.xml" />
    <property name="javadoc.packagenames" value="com.*,diva.*,lbnl.*,org.hlacerti.*,org.json.*,org.ptolemy.*,org.terraswarm.*,ptolemy.*,ptserver.*" />
    <property name="file.encoding" value="UTF-8" />
    <property name="env.TRAVIS_PULL_REQUEST_SLUG" value="" />
    <property name="ant.project.default-target" value="build" />
    <property name="env.GIT_ASKPASS" value="echo" />
    <property name="env.HOME" value="/home/travis" />
    <property name="sun.java.command" value="org.apache.tools.ant.taskdefs.optional.junit.JUnitTestRunner ptolemy.actor.lib.test.junit.JUnitTclTest skipNonTests=false filtertrace=true haltOnError=false haltOnFailure=false formatter=org.apache.tools.ant.taskdefs.optional.junit.OutErrSummaryJUnitResultFormatter showoutput=true outputtoformatters=true logfailedtests=true threadid=0 logtestlistenerevents=false formatter=org.apache.tools.ant.taskdefs.optional.junit.XMLJUnitResultFormatter,/home/travis/build/icyphy/ptII/reports/junit/TEST-ptolemy.actor.lib.test.junit.JUnitTclTest.xml crashfile=/home/travis/build/icyphy/ptII/junitvmwatcher11554039338760741314.properties propsfile=/home/travis/build/icyphy/ptII/junit9981483285878531544.properties" />
    <property name="env.COMPOSER_NO_INTERACTION" value="1" />
    <property name="env.MANPATH" value="/home/travis/.nvm/versions/node/v7.10.1/share/man:/home/travis/.rvm/rubies/ruby-2.5.3/share/man:/usr/local/cmake-3.12.4/man:/usr/local/clang-7.0.0/share/man:/usr/local/man:/usr/local/share/man:/usr/share/man:/home/travis/.rvm/man" />
    <property name="env.TRAVIS_TIMER_ID" value="0a8a1595" />
    <property name="ant.file" value="/home/travis/build/icyphy/ptII/build.xml" />
    <property name="env.TRAVIS_COMMIT_RANGE" value="3e950cfe0f3c004454147d0a7dfedd7f8d8e77cc...52bfcaaec950ad6b43d11ffdb9cd3f924b0c1f76" />
    <property name="env._system_name" value="Ubuntu" />
    <property name="ptII.classpath.optional.property" value="/home/travis/build/icyphy/ptII/lib/bsh-2.0b4.jar:/home/travis/build/icyphy/ptII/lib/ptCal.jar:/home/travis/build/icyphy/ptII/lib/java_cup.jar:/home/travis/build/icyphy/ptII/lib/saxon8.jar:/home/travis/build/icyphy/ptII/lib/saxon8-dom.jar:/home/travis/build/icyphy/ptII/lib/chic.jar:/home/travis/build/icyphy/ptII/lib/ptcolt.jar:/home/travis/build/icyphy/ptII/vendors/misc/itext/iText.jar:/home/travis/build/icyphy/ptII/lib/g4ltl.jar:/home/travis/build/icyphy/ptII/lib/StructuralCoder.jar:/home/travis/build/icyphy/ptII/lib/jcerti.jar:/home/travis/build/icyphy/ptII/lib/javax.mail.jar:/home/travis/build/icyphy/ptII/vendors/JMF-2.1.1e/lib/jmf.jar:/home/travis/build/icyphy/ptII/lib/jna-4.0.0-variadic.jar:/home/travis/build/icyphy/ptII/vendors/misc/joystick/Joystick.jar:/home/travis/build/icyphy/ptII/lib/ptjacl.jar:/home/travis/build/icyphy/ptII/lib/jsoup-1.8.2.jar:/home/travis/build/icyphy/ptII/lib/junit-4.8.2.jar:/home/travis/build/icyphy/ptII/lib/JUnitParams-0.4.0.jar:/home/travis/build/icyphy/ptII/ptolemy/actor/lib/excel/jxl.jar:/home/travis/build/icyphy/ptII/lib/jython.jar:/home/travis/build/icyphy/ptII/lib/kieler.jar:/home/travis/build/icyphy/ptII/vendors/opencv/share/OpenCV/java/opencv-341.jar:/home/travis/build/icyphy/ptII/lib/oscP5.jar:/home/travis/build/icyphy/ptII/lib/nrjavaserial-3.11.0.devel.jar:/home/travis/build/icyphy/ptII/vendors/j3d/lib/Linux/j3dcore.jar:/home/travis/build/icyphy/ptII/vendors/j3d/lib/Linux/j3dutils.jar:/home/travis/build/icyphy/ptII/vendors/j3d/lib/Linux/vecmath.jar:/home/travis/build/icyphy/ptII/vendors/jogl/lib/Linux/gluegen-rt-natives-linux-amd64.jar:/home/travis/build/icyphy/ptII/vendors/jogl/lib/Linux/gluegen-rt.jar:/home/travis/build/icyphy/ptII/vendors/jogl/lib/Linux/jogl-all-natives-linux-amd64.jar:/home/travis/build/icyphy/ptII/vendors/jogl/lib/Linux/jogl-all.jar:/home/travis/build/icyphy/ptII/ptolemy/distributed/jini/jar/jini-core.jar:/home/travis/build/icyphy/ptII/ptolemy/distributed/jini/jar/jini-ext.jar:/home/travis/build/icyphy/ptII/ptolemy/distributed/jini/jar/sun-util.jar:/home/travis/build/icyphy/ptII/lib/protobuf-java-2.4.1.jar:/home/travis/build/icyphy/ptII/lib/org.eclipse.paho.client.mqttv3.jar:/home/travis/build/icyphy/ptII/lib/mapss.jar:/home/travis/build/icyphy/ptII/ptolemy/actor/ptalon/antlr/antlr.jar:/home/travis/build/icyphy/ptII/lib/JRI.jar:/home/travis/build/icyphy/ptII/lib/commons-lang-2.6.jar:/home/travis/build/icyphy/ptII/lib/commons-logging-1.1.1.jar:/home/travis/build/icyphy/ptII/lib/sootclasses.jar:/home/travis/build/icyphy/ptII/ptolemy/actor/lib/database/mysql-connector-java-5.1.6-bin.jar:/home/travis/build/icyphy/ptII/vendors/misc/sphinx4/sphinx4-data-5prealpha.jar:/home/travis/build/icyphy/ptII/vendors/misc/sphinx4/sphinx4-core-5prealpha.jar:/home/travis/build/icyphy/ptII/lib/PDFRenderer.jar:/home/travis/build/icyphy/ptII/lib/svgSalamander.jar:/home/travis/build/icyphy/ptII/lib/rsyntaxtextarea-2.6.0-SNAPSHOT.jar:/home/travis/build/icyphy/ptII/lib/hazelcast-3.8.2.jar:/home/travis/build/icyphy/ptII/lib/jackson-annotations-2.9.0.jar:/home/travis/build/icyphy/ptII/lib/jackson-core-2.9.3.jar:/home/travis/build/icyphy/ptII/lib/jackson-databind-2.9.3.jar:/home/travis/build/icyphy/ptII/lib/netty-buffer-4.1.19.Final.jar:/home/travis/build/icyphy/ptII/lib/netty-codec-4.1.19.Final.jar:/home/travis/build/icyphy/ptII/lib/netty-codec-dns-4.1.19.Final.jar:/home/travis/build/icyphy/ptII/lib/netty-codec-http-4.1.19.Final.jar:/home/travis/build/icyphy/ptII/lib/netty-codec-http2-4.1.19.Final.jar:/home/travis/build/icyphy/ptII/lib/netty-common-4.1.19.Final.jar:/home/travis/build/icyphy/ptII/lib/netty-handler-4.1.19.Final.jar:/home/travis/build/icyphy/ptII/lib/netty-resolver-4.1.19.Final.jar:/home/travis/build/icyphy/ptII/lib/netty-resolver-dns-4.1.19.Final.jar:/home/travis/build/icyphy/ptII/lib/netty-transport-4.1.19.Final.jar:/home/travis/build/icyphy/ptII/lib/vertx-codegen-3.5.1.jar:/home/travis/build/icyphy/ptII/lib/vertx-core-3.5.2-SNAPSHOT.jar:/home/travis/build/icyphy/ptII/lib/vertx-hazelcast-3.5.1.jar:/home/travis/build/icyphy/ptII/lib/vertx-lang-js-3.5.1.jar:/home/travis/build/icyphy/ptII/lib/vertx-service-proxy-3.5.1.jar:/home/travis/build/icyphy/ptII/lib/vertx-web-3.5.1.jar:/home/travis/build/icyphy/ptII/lib/slf4j-api-1.7.13.jar:/home/travis/build/icyphy/ptII/lib/slf4j-simple-1.7.13.jar:/home/travis/build/icyphy/ptII/lib/webcam-capture-0.3.12.jar:/home/travis/build/icyphy/ptII/lib/bridj-0.7.0.jar:/home/travis/build/icyphy/ptII/lib/xbjlib-1.1.0.nrjavaserial.jar" />
    <property name="timeout" value="2400000" />
    <property name="test.batch" value="**/junit/*.java" />
    <property name="env._" value="/usr/bin/timeout" />
    <property name="java.io.tmpdir" value="/tmp" />
    <property name="user.language" value="en" />
    <property name="env.TRAVIS_INTERNAL_RUBY_REGEX" value="^ruby-(2\.[0-4]\.[0-9]|1\.9\.3)" />
    <property name="env.HISTCONTROL" value="ignoredups:ignorespace" />
    <property name="env.GOROOT" value="/home/travis/.gimme/versions/go1.11.1.linux.amd64" />
    <property name="line.separator" value="&#xa;" />
    <property name="target" value="11" />
    <property name="env.TRAVIS_BUILD_DIR" value="/home/travis/build/icyphy/ptII" />
    <property name="env.ANT_OPTS" value="-Xmx2048m" />
    <property name="ant.file.type" value="file" />
    <property name="ptolemy.ptII.batchMode" value="true" />
    <property name="env.HISTSIZE" value="1000" />
    <property name="env.MERB_ENV" value="test" />
    <property name="java.vm.info" value="mixed mode" />
    <property name="source" value="11" />
    <property name="java.vm.specification.name" value="Java Virtual Machine Specification" />
    <property name="env.TRAVIS_TEST_RESULT" value="0" />
    <property name="jsdoc.command" value="node_modules/@terraswarm/jsdoc/jsdoc.js" />
    <property name="npm.works" value="true" />
    <property name="cobertura.dir" value="/home/travis/build/icyphy/ptII/vendors/cobertura-2.0.3" />
    <property name="jsdoc.command.exists" value="true" />
    <property name="env.rvm_path" value="/home/travis/.rvm" />
    <property name="env.GEM_PATH" value="/home/travis/.rvm/gems/ruby-2.5.3:/home/travis/.rvm/gems/ruby-2.5.3@global" />
    <property name="env.LC_CTYPE" value="en_US.UTF-8" />
    <property name="env.TRAVIS_CMD" value="$PTII/bin/ptIITravisBuild.sh $SECONDS" />
    <property name="java.awt.printerjob" value="sun.print.PSPrinterJob" />
    <property name="env.TRAVIS_STACK_NAME" value="sardonyx" />
    <property name="env.TRAVIS_TIMER_START_TIME" value="1591194146581453485" />
    <property name="ant.version" value="Apache Ant(TM) version 1.10.1 compiled on February 2 2017" />
    <property name="ptII.reports" value="/home/travis/build/icyphy/ptII/reports" />
    <property name="env.TRAVIS_STACK_TIMESTAMP" value="2019-03-25 16:16:56 UTC" />
    <property name="ant.file.type.ptII" value="file" />
    <property name="env.RBENV_SHELL" value="bash" />
    <property name="os.name" value="Linux" />
    <property name="java.specification.vendor" value="Oracle Corporation" />
    <property name="env.rvm_version" value="1.29.7 (latest)" />
    <property name="env.TRAVIS_INFRA" value="gce" />
    <property name="env.TERM" value="xterm" />
    <property name="java.vm.name" value="OpenJDK 64-Bit Server VM" />
    <property name="env.TRAVIS_BUILD_NUMBER" value="1651" />
    <property name="env.CI" value="true" />
    <property name="java.library.path" value="/home/travis/pthla/certi-tools/lib:/usr/lib/jni:/usr/local/share/OpenCV/java/:/usr/share/OpenCV/java::/usr/java/packages/lib:/usr/lib64:/lib64:/lib:/usr/lib" />
    <property name="jdk.module.path" value="/home/travis/build/icyphy/ptII/vendors/javafx/javafx-sdk-11.0.2/lib:" />
    <property name="env.rvm_prefix" value="/home/travis" />
    <property name="env.PATH" value="/home/travis/pthla/certi-tools/share/scripts:/home/travis/.rvm/gems/ruby-2.5.3/bin:/home/travis/.rvm/gems/ruby-2.5.3@global/bin:/home/travis/.rvm/rubies/ruby-2.5.3/bin:/home/travis/.rvm/bin:/home/travis/.nvm/versions/node/v7.10.1/bin:./node_modules/.bin:/home/travis/build/icyphy/ptII/bin:/home/travis/pthla/certi-tools/bin:/home/travis/bin:/home/travis/.local/bin:/usr/local/lib/jvm/openjdk11/bin:/opt/pyenv/shims:/home/travis/.phpenv/shims:/home/travis/perl5/perlbrew/bin:/home/travis/gopath/bin:/home/travis/.gimme/versions/go1.11.1.linux.amd64/bin:/usr/local/maven-3.6.0/bin:/usr/local/cmake-3.12.4/bin:/usr/local/clang-7.0.0/bin:/usr/local/sbin:/usr/local/bin:/usr/sbin:/usr/bin:/sbin:/bin:/snap/bin:/home/travis/.phpenv/bin:/opt/pyenv/bin:/home/travis/.yarn/bin" />
    <property name="env.TRAVIS_OS_NAME" value="linux" />
    <property name="ant.java.version" value="9" />
    <property name="basedir" value="/home/travis/build/icyphy/ptII" />
    <property name="java.class.version" value="55.0" />
    <property name="env.SHLVL" value="3" />
    <property name="env.LD_LIBRARY_PATH" value="/home/travis/pthla/certi-tools/lib:/usr/lib/jni:/usr/local/share/OpenCV/java/:/usr/share/OpenCV/java:" />
    <property name="env.RACK_ENV" value="test" />
    <property name="ant.home" value="/home/travis/build/icyphy/ptII/ant" />
    <property name="env.NVM_DIR" value="/home/travis/.nvm" />
    <property name="env.CERTI_FOM_PATH" value="/home/travis/pthla/certi-tools/share/federations" />
    <property name="env.TRAVIS_BUILD_ID" value="694274858" />
    <property name="env.PYENV_ROOT" value="/opt/pyenv" />
    <property name="env.TRAVIS_UID" value="2000" />
    <property name="prism.verbose" value="true" />
    <property name="env.NVM_BIN" value="/home/travis/.nvm/versions/node/v7.10.1/bin" />
    <property name="env.TRAVIS_COMMIT" value="52bfcaaec950ad6b43d11ffdb9cd3f924b0c1f76" />
    <property name="env._system_arch" value="x86_64" />
    <property name="node.executable" value="node" />
    <property name="sun.boot.library.path" value="/usr/local/lib/jvm/openjdk11/lib" />
    <property name="sun.management.compiler" value="HotSpot 64-Bit Tiered Compilers" />
    <property name="java.awt.graphicsenv" value="sun.awt.X11GraphicsEnvironment" />
    <property name="env.GOPATH" value="/home/travis/gopath" />
    <property name="ptolemy.ptII.dir" value="/home/travis/build/icyphy/ptII" />
    <property name="env.USER" value="travis" />
    <property name="env.HISTFILESIZE" value="2000" />
    <property name="env.NVM_INC" value="/home/travis/.nvm/versions/node/v7.10.1/include/node" />
    <property name="timeout.longest" value="19000000" />
    <property name="env.PERLBREW_SHELLRC_VERSION" value="0.86" />
    <property name="env.TRAVIS_STACK_FEATURES" value="basic couchdb disabled-ipv6 docker docker-compose elasticsearch firefox go-toolchain google-chrome jdk memcached mongodb mysql nodejs_interpreter perl_interpreter perlbrew phantomjs postgresql python_interpreter redis ruby_interpreter sqlite xserver" />
    <property name="env.TRAVIS_PULL_REQUEST" value="false" />
    <property name="env.PYENV_SHELL" value="bash" />
    <property name="ant.project.name" value="ptII" />
    <property name="env.ANSI_RESET" value="\033[0m" />
    <property name="java.vm.specification.version" value="11" />
    <property name="env.TRAVIS_DIST" value="xenial" />
    <property name="env.CERTI_VERSION" value="4.0.0" />
    <property name="env.CERTI_HOST" value="localhost" />
    <property name="awt.toolkit" value="sun.awt.X11.XToolkit" />
    <property name="env.MY_RUBY_HOME" value="/home/travis/.rvm/rubies/ruby-2.5.3" />
    <property name="sun.cpu.isalist" value="" />
    <property name="env.TRAVIS_TMPDIR" value="/tmp/tmp.WBHLOvwiQw" />
    <property name="java.vm.compressedOopsMode" value="Zero based" />
    <property name="os.version" value="4.15.0-1028-gcp" />
    <property name="user.home" value="/home/travis" />
    <property name="java.vm.vendor" value="Oracle Corporation" />
    <property name="env.TRAVIS_TAG" value="nightly" />
    <property name="env.ANSI_YELLOW" value="\033[33;1m" />
    <property name="env.TRAVIS_FILTERED" value="redirect_io" />
    <property name="env.ANSI_GREEN" value="\033[32;1m" />
    <property name="env.JAVA_HOME" value="/usr/local/lib/jvm/openjdk11" />
    <property name="javadoc.excludepackagenames" value="adm.cvs2svn.*,build.*,config.*,doc.coding.templates.*,jni.test.jni.meaningOfLife.*,jni.test.jni.testDeux.*,jni.test.jni.testTrois.*,org.terraswarm.accessor.accessors.web.node_modules.*,org.terraswarm.accessor.accessors.web.hosts.cordova.demo.*,org.terraswarm.accessor.accessors.web.hosts.cordova.plugins.*,org.terraswarm.accessor.accessors-svn.*,pt-modules.*,ptolemy.apps.agilent.*,ptolemy.apps.anytimecontrol.*,ptolemy.apps.apes.*,ptolemy.apps.charon.*,ptolemy.apps.crazyboard.*,ptolemy.apps.eclipse.*,ptolemy.apps.etherealSting.*,ptolemy.apps.fullscreen.*,ptolemy.apps.giotto.*,ptolemy.apps.ia.*,ptolemy.apps.interfaces.*,ptolemy.apps.jmf.*,ptolemy.apps.kurt.*,ptolemy.apps.kvm.*,ptolemy.apps.lego.*,ptolemy.apps.lejos.*,ptolemy.apps.midp.*,ptolemy.apps.mobileCoding.*,ptolemy.apps.pendulum.*,ptolemy.apps.rijndael.*,ptolemy.apps.robot.*,ptolemy.apps.security.*,ptolemy.apps.sobel.*,ptolemy.apps.soot.*,ptolemy.apps.throttle.*,ptolemy.apps.tini.*,ptolemy.apps.transmission.*,ptolemy.apps.vergil.*,ptolemy.apps.waba.*,ptolemy.apps.websensor.*,ptolemy.apps.webstart.*,ptolemy.apps.xsl.*,ptolemy.apps.zaurus.*,ptolemy.codegen.c.actor.lib.oldJavaFiles.*,ptolemy.codegen.dsp.lib.*,ptolemy.codegen.kernel.newInterfaces.*,ptolemy.codegen.lib.*,ptolemy.copernicus.kernel.fragment.*,ptolemy.copernicus.shallow.cg.*,ptolemy.domains.giotto.demo.Hierarchy.Hierarchy.*,ptolemy.domains.giotto.demo.Multimode.Multimode.*,ptolemy.domains.giotto.demo.Simple.Simple.*,ptolemy.domains.gr.lib.experimental.*,ptolemy.domains.gro.*,ptolemy.domains.pdf.*,ptolemy.domains.ptinyos.demo.Surge.output.*,ptolemy.moml.test.NoPackageActor.java*,ptolemy.plot.adm.*,ptolemy.plot.servlet.*,reports.*,signed.*,src.*,target.*,vendors.*,ptolemy.copernicus.applet.*,ptolemy.media.viewer.*,ptolemy.actor.corba.*,doc.doclets.*,ptolemy.apps.eclipse.awt.*,ptolemy.backtrack.*,ptolemy.backtrack.ast.*,ptolemy.cg.adapter.generic.program.procedural.c.mbed*,ptolemy.homer.*,ptolemy.actor.lib.jai.*,org.ptolemy.scala.*,diva.util.java2d.svg.*,ptolemy.domains.ptinyos.*,ptolemy.actor.lib.fmi.fmipp.*,,org.terraswarm.accessor.accessors.web.node_modules.*,org.terraswarm.accessor.accessors-svn,ptolemy.apps.*,ptolemy.actor.ptalon.demo.ptinyos.SendAndReceiveCnt.output,ptolemy.actor.ptalon.demo.ptinyos.SenseToLeds.output,ptolemy.domains.ptinyos.demo.CntToLedsAndRfm.output,ptolemy.domains.ptinyos.demo.RfmToLeds.output,ptolemy.domains.ptinyos.demo.SendAndReceiveCnt.output,ptolemy.domains.ptinyos.demo.SenseToLeds.output,ptolemy.actor.lib.jjs.modules.udpSocket.*" />
    <property name="env.PTII" value="/home/travis/build/icyphy/ptII" />
    <property name="env.XDG_SESSION_ID" value="2" />
    <property name="keystore" value="ptKeystore" />
    <property name="env.TRAVIS_COMMIT_MESSAGE" value="Updating models using array data type." />
    <property name="junit.output.dir" value="/home/travis/build/icyphy/ptII/reports/junit" />
    <property name="npm.return.code" value="0" />
    <property name="user.dir" value="/home/travis/build/icyphy/ptII/ptolemy/actor/lib/test" />
    <property name="env.TRAVIS_NODE_VERSION" value="7" />
    <property name="env.TRAVIS_EVENT_TYPE" value="cron" />
    <property name="env.MAIL" value="/var/mail/travis" />
    <property name="env.PERLBREW_ROOT" value="/home/travis/perl5/perlbrew" />
    <property name="env.PWD" value="/home/travis/build/icyphy/ptII" />
    <property name="timeout.npm" value="45000" />
    <property name="env.TRAVIS_ARCH" value="amd64" />
    <property name="sun.cpu.endian" value="little" />
    <property name="env.PAGER" value="cat" />
    <property name="env.TRAVIS_BUILD_STAGE_NAME" value="test" />
    <property name="env.PERLBREW_HOME" value="/home/travis/.perlbrew" />
    <property name="java.vm.version" value="11.0.2+9" />
    <property name="env.RAILS_ENV" value="test" />
    <property name="java.class.path" value="/home/travis/.ptolemyII:/home/travis/.ptolemyII/*:/home/travis/build/icyphy/ptII:/home/travis/build/icyphy/ptII/lib/bsh-2.0b4.jar:/home/travis/build/icyphy/ptII/lib/ptCal.jar:/home/travis/build/icyphy/ptII/lib/java_cup.jar:/home/travis/build/icyphy/ptII/lib/saxon8.jar:/home/travis/build/icyphy/ptII/lib/saxon8-dom.jar:/home/travis/build/icyphy/ptII/lib/chic.jar:/home/travis/build/icyphy/ptII/lib/ptcolt.jar:/home/travis/build/icyphy/ptII/vendors/misc/itext/iText.jar:/home/travis/build/icyphy/ptII/lib/g4ltl.jar:/home/travis/build/icyphy/ptII/lib/StructuralCoder.jar:/home/travis/build/icyphy/ptII/lib/jcerti.jar:/home/travis/build/icyphy/ptII/lib/javax.mail.jar:/home/travis/build/icyphy/ptII/vendors/JMF-2.1.1e/lib/jmf.jar:/home/travis/build/icyphy/ptII/lib/jna-4.0.0-variadic.jar:/home/travis/build/icyphy/ptII/vendors/misc/joystick/Joystick.jar:/home/travis/build/icyphy/ptII/lib/ptjacl.jar:/home/travis/build/icyphy/ptII/lib/jsoup-1.8.2.jar:/home/travis/build/icyphy/ptII/lib/junit-4.8.2.jar:/home/travis/build/icyphy/ptII/lib/JUnitParams-0.4.0.jar:/home/travis/build/icyphy/ptII/ptolemy/actor/lib/excel/jxl.jar:/home/travis/build/icyphy/ptII/lib/jython.jar:/home/travis/build/icyphy/ptII/lib/kieler.jar:/home/travis/build/icyphy/ptII/vendors/opencv/share/OpenCV/java/opencv-341.jar:/home/travis/build/icyphy/ptII/lib/oscP5.jar:/home/travis/build/icyphy/ptII/lib/nrjavaserial-3.11.0.devel.jar:/home/travis/build/icyphy/ptII/vendors/j3d/lib/Linux/j3dcore.jar:/home/travis/build/icyphy/ptII/vendors/j3d/lib/Linux/j3dutils.jar:/home/travis/build/icyphy/ptII/vendors/j3d/lib/Linux/vecmath.jar:/home/travis/build/icyphy/ptII/vendors/jogl/lib/Linux/gluegen-rt-natives-linux-amd64.jar:/home/travis/build/icyphy/ptII/vendors/jogl/lib/Linux/gluegen-rt.jar:/home/travis/build/icyphy/ptII/vendors/jogl/lib/Linux/jogl-all-natives-linux-amd64.jar:/home/travis/build/icyphy/ptII/vendors/jogl/lib/Linux/jogl-all.jar:/home/travis/build/icyphy/ptII/ptolemy/distributed/jini/jar/jini-core.jar:/home/travis/build/icyphy/ptII/ptolemy/distributed/jini/jar/jini-ext.jar:/home/travis/build/icyphy/ptII/ptolemy/distributed/jini/jar/sun-util.jar:/home/travis/build/icyphy/ptII/lib/protobuf-java-2.4.1.jar:/home/travis/build/icyphy/ptII/lib/org.eclipse.paho.client.mqttv3.jar:/home/travis/build/icyphy/ptII/lib/mapss.jar:/home/travis/build/icyphy/ptII/ptolemy/actor/ptalon/antlr/antlr.jar:/home/travis/build/icyphy/ptII/lib/JRI.jar:/home/travis/build/icyphy/ptII/lib/commons-lang-2.6.jar:/home/travis/build/icyphy/ptII/lib/commons-logging-1.1.1.jar:/home/travis/build/icyphy/ptII/lib/sootclasses.jar:/home/travis/build/icyphy/ptII/ptolemy/actor/lib/database/mysql-connector-java-5.1.6-bin.jar:/home/travis/build/icyphy/ptII/vendors/misc/sphinx4/sphinx4-data-5prealpha.jar:/home/travis/build/icyphy/ptII/vendors/misc/sphinx4/sphinx4-core-5prealpha.jar:/home/travis/build/icyphy/ptII/lib/PDFRenderer.jar:/home/travis/build/icyphy/ptII/lib/svgSalamander.jar:/home/travis/build/icyphy/ptII/lib/rsyntaxtextarea-2.6.0-SNAPSHOT.jar:/home/travis/build/icyphy/ptII/lib/hazelcast-3.8.2.jar:/home/travis/build/icyphy/ptII/lib/jackson-annotations-2.9.0.jar:/home/travis/build/icyphy/ptII/lib/jackson-core-2.9.3.jar:/home/travis/build/icyphy/ptII/lib/jackson-databind-2.9.3.jar:/home/travis/build/icyphy/ptII/lib/netty-buffer-4.1.19.Final.jar:/home/travis/build/icyphy/ptII/lib/netty-codec-4.1.19.Final.jar:/home/travis/build/icyphy/ptII/lib/netty-codec-dns-4.1.19.Final.jar:/home/travis/build/icyphy/ptII/lib/netty-codec-http-4.1.19.Final.jar:/home/travis/build/icyphy/ptII/lib/netty-codec-http2-4.1.19.Final.jar:/home/travis/build/icyphy/ptII/lib/netty-common-4.1.19.Final.jar:/home/travis/build/icyphy/ptII/lib/netty-handler-4.1.19.Final.jar:/home/travis/build/icyphy/ptII/lib/netty-resolver-4.1.19.Final.jar:/home/travis/build/icyphy/ptII/lib/netty-resolver-dns-4.1.19.Final.jar:/home/travis/build/icyphy/ptII/lib/netty-transport-4.1.19.Final.jar:/home/travis/build/icyphy/ptII/lib/vertx-codegen-3.5.1.jar:/home/travis/build/icyphy/ptII/lib/vertx-core-3.5.2-SNAPSHOT.jar:/home/travis/build/icyphy/ptII/lib/vertx-hazelcast-3.5.1.jar:/home/travis/build/icyphy/ptII/lib/vertx-lang-js-3.5.1.jar:/home/travis/build/icyphy/ptII/lib/vertx-service-proxy-3.5.1.jar:/home/travis/build/icyphy/ptII/lib/vertx-web-3.5.1.jar:/home/travis/build/icyphy/ptII/lib/slf4j-api-1.7.13.jar:/home/travis/build/icyphy/ptII/lib/slf4j-simple-1.7.13.jar:/home/travis/build/icyphy/ptII/lib/webcam-capture-0.3.12.jar:/home/travis/build/icyphy/ptII/lib/bridj-0.7.0.jar:/home/travis/build/icyphy/ptII/lib/xbjlib-1.1.0.nrjavaserial.jar:/home/travis/build/icyphy/ptII/ptolemy/moml/test:/home/travis/build/icyphy/ptII/ant/lib/ant-launcher.jar:/home/travis/build/icyphy/ptII/ant/lib/ant.jar:/home/travis/build/icyphy/ptII/ant/lib/ant-junit.jar:/home/travis/build/icyphy/ptII/ant/lib/ant-junit4.jar" />
    <property name="ant.library.dir" value="/home/travis/build/icyphy/ptII/ant/lib" />
    <property name="os.arch" value="amd64" />
    <property name="env.CONTINUOUS_INTEGRATION" value="true" />
    <property name="env.TRAVIS_LANGUAGE" value="node_js" />
    <property name="env.TRAVIS_STACK_LANGUAGES" value="__sardonyx__ c c++ clojure cplusplus cpp default generic go groovy java node_js php pure_java python ruby scala" />
    <property name="test.name" value="ptolemy.actor.lib.test.junit.JUnitTclTest" />
    <property name="env.APT_KEY_DONT_WARN_ON_DANGEROUS_USAGE" value="1" />
    <property name="sun.java.launcher" value="SUN_STANDARD" />
    <property name="env.PYTHON_CONFIGURE_OPTS" value="--enable-unicode=ucs4 --with-wide-unicode --enable-shared --enable-ipv6 --enable-loadable-sqlite-extensions --with-computed-gotos" />
    <property name="ant.core.lib" value="/home/travis/build/icyphy/ptII/ant/lib/ant.jar" />
    <property name="java.vm.specification.vendor" value="Oracle Corporation" />
    <property name="env.BCVTB_HOME" value="/home/travis/build/icyphy/ptII/lbnl" />
    <property name="file.separator" value="/" />
    <property name="spotbugs.home" value="/home/travis/build/icyphy/ptII/vendors/spotbugs-3.1.1" />
    <property name="java.runtime.version" value="11.0.2+9" />
    <property name="env.ANSI_CLEAR" value="\033[0K" />
    <property name="javafx.verbose" value="true" />
    <property name="env.HAS_JOSH_K_SEAL_OF_APPROVAL" value="true" />
    <property name="env.XDG_RUNTIME_DIR" value="/run/user/2000" />
    <property name="env.TRAVIS_OSX_IMAGE" value="" />
    <property name="env.TRAVIS_JOB_ID" value="694274870" />
    <property name="env.TRAVIS_BRANCH" value="master" />
    <property name="user.country" value="US" />
    <property name="env.CERTI_HOME_TRAVIS" value="/home/travis/pthla/certi-tools" />
    <property name="env.SHELL" value="/bin/bash" />
    <property name="java.maxmemory.large" value="3200m" />
    <property name="model" value="" />
    <property name="env.CASHER_DIR" value="/home/travis/.casher" />
    <property name="env.NVM_CD_FLAGS" value="" />
    <property name="java.vendor.version" value="18.9" />
    <property name="jshint.executable" value="/home/travis/node_modules/jshint/bin/jshint" />
    <property name="env.JRUBY_OPTS" value=" --client -J-XX:+TieredCompilation -J-XX:TieredStopAtLevel=1 -J-Xss2m -Xcompile.invokedynamic=false" />
    <property name="java.vendor" value="Oracle Corporation" />
    <property name="env.TRAVIS_PRE_CHEF_BOOTSTRAP_TIME" value="2019-03-25T16:16:42" />
    <property name="env.TRAVIS_STACK_JOB_BOARD_REGISTER" value="/.job-board-register.yml" />
    <property name="env.ANSI_RED" value="\033[31;1m" />
    <property name="java.specification.version" value="11" />
    <property name="env.IRBRC" value="/home/travis/.rvm/rubies/ruby-2.5.3/.irbrc" />
    <property name="env.TRAVIS" value="true" />
    <property name="sun.arch.data.model" value="64" />
  </properties>
  <testcase classname="ptolemy.util.test.junit.TclTests" name="[0] /home/travis/build/icyphy/ptII/ptolemy/actor/lib/test/AbsoluteValue.tcl (RunTclFile)" time="0.566" />
  <testcase classname="ptolemy.util.test.junit.TclTests" name="[1] /home/travis/build/icyphy/ptII/ptolemy/actor/lib/test/AddSubtract.tcl (RunTclFile)" time="0.149" />
  <testcase classname="ptolemy.util.test.junit.TclTests" name="[2] /home/travis/build/icyphy/ptII/ptolemy/actor/lib/test/Average.tcl (RunTclFile)" time="0.072" />
  <testcase classname="ptolemy.util.test.junit.TclTests" name="[3] /home/travis/build/icyphy/ptII/ptolemy/actor/lib/test/Bernoulli.tcl (RunTclFile)" time="0.042" />
  <testcase classname="ptolemy.util.test.junit.TclTests" name="[4] /home/travis/build/icyphy/ptII/ptolemy/actor/lib/test/Clock.tcl (RunTclFile)" time="0.123" />
  <testcase classname="ptolemy.util.test.junit.TclTests" name="[5] /home/travis/build/icyphy/ptII/ptolemy/actor/lib/test/Commutator.tcl (RunTclFile)" time="0.139" />
  <testcase classname="ptolemy.util.test.junit.TclTests" name="[6] /home/travis/build/icyphy/ptII/ptolemy/actor/lib/test/Const.tcl (RunTclFile)" time="0.122" />
  <testcase classname="ptolemy.util.test.junit.TclTests" name="[7] /home/travis/build/icyphy/ptII/ptolemy/actor/lib/test/CurrentTime.tcl (RunTclFile)" time="0.029" />
  <testcase classname="ptolemy.util.test.junit.TclTests" name="[8] /home/travis/build/icyphy/ptII/ptolemy/actor/lib/test/DB.tcl (RunTclFile)" time="0.044" />
  <testcase classname="ptolemy.util.test.junit.TclTests" name="[9] /home/travis/build/icyphy/ptII/ptolemy/actor/lib/test/DiscreteRandomSource.tcl (RunTclFile)" time="0.05" />
  <testcase classname="ptolemy.util.test.junit.TclTests" name="[10] /home/travis/build/icyphy/ptII/ptolemy/actor/lib/test/Distributor.tcl (RunTclFile)" time="0.076" />
  <testcase classname="ptolemy.util.test.junit.TclTests" name="[11] /home/travis/build/icyphy/ptII/ptolemy/actor/lib/test/Exit.tcl (RunTclFile)" time="0.084" />
  <testcase classname="ptolemy.util.test.junit.TclTests" name="[12] /home/travis/build/icyphy/ptII/ptolemy/actor/lib/test/Expression.tcl (RunTclFile)" time="0.086" />
  <testcase classname="ptolemy.util.test.junit.TclTests" name="[13] /home/travis/build/icyphy/ptII/ptolemy/actor/lib/test/Gaussian.tcl (RunTclFile)" time="0.287" />
  <testcase classname="ptolemy.util.test.junit.TclTests" name="[14] /home/travis/build/icyphy/ptII/ptolemy/actor/lib/test/IIR.tcl (RunTclFile)" time="0.028" />
  <testcase classname="ptolemy.util.test.junit.TclTests" name="[15] /home/travis/build/icyphy/ptII/ptolemy/actor/lib/test/Interpolator.tcl (RunTclFile)" time="0.072" />
  <testcase classname="ptolemy.util.test.junit.TclTests" name="[16] /home/travis/build/icyphy/ptII/ptolemy/actor/lib/test/MathFunction.tcl (RunTclFile)" time="0.081" />
  <testcase classname="ptolemy.util.test.junit.TclTests" name="[17] /home/travis/build/icyphy/ptII/ptolemy/actor/lib/test/Maximum.tcl (RunTclFile)" time="0.045" />
  <testcase classname="ptolemy.util.test.junit.TclTests" name="[18] /home/travis/build/icyphy/ptII/ptolemy/actor/lib/test/Minimum.tcl (RunTclFile)" time="0.033" />
  <testcase classname="ptolemy.util.test.junit.TclTests" name="[19] /home/travis/build/icyphy/ptII/ptolemy/actor/lib/test/MultiplyDivide.tcl (RunTclFile)" time="0.046" />
  <testcase classname="ptolemy.util.test.junit.TclTests" name="[20] /home/travis/build/icyphy/ptII/ptolemy/actor/lib/test/OrderedMerge.tcl (RunTclFile)" time="0.112" />
  <testcase classname="ptolemy.util.test.junit.TclTests" name="[21] /home/travis/build/icyphy/ptII/ptolemy/actor/lib/test/Publisher.tcl (RunTclFile)" time="0.886" />
  <testcase classname="ptolemy.util.test.junit.TclTests" name="[22] /home/travis/build/icyphy/ptII/ptolemy/actor/lib/test/Pulse.tcl (RunTclFile)" time="0.108" />
  <testcase classname="ptolemy.util.test.junit.TclTests" name="[23] /home/travis/build/icyphy/ptII/ptolemy/actor/lib/test/Ramp.tcl (RunTclFile)" time="2.13" />
  <testcase classname="ptolemy.util.test.junit.TclTests" name="[24] /home/travis/build/icyphy/ptII/ptolemy/actor/lib/test/RampContinuous.tcl (RunTclFile)" time="0.019" />
  <testcase classname="ptolemy.util.test.junit.TclTests" name="[25] /home/travis/build/icyphy/ptII/ptolemy/actor/lib/test/RecordAssembler.tcl (RunTclFile)" time="0.016" />
  <testcase classname="ptolemy.util.test.junit.TclTests" name="[26] /home/travis/build/icyphy/ptII/ptolemy/actor/lib/test/RecordDisassembler.tcl (RunTclFile)" time="0.021" />
  <testcase classname="ptolemy.util.test.junit.TclTests" name="[27] /home/travis/build/icyphy/ptII/ptolemy/actor/lib/test/Scale.tcl (RunTclFile)" time="0.02" />
  <testcase classname="ptolemy.util.test.junit.TclTests" name="[28] /home/travis/build/icyphy/ptII/ptolemy/actor/lib/test/SequentialClock.tcl (RunTclFile)" time="0.021" />
  <testcase classname="ptolemy.util.test.junit.TclTests" name="[29] /home/travis/build/icyphy/ptII/ptolemy/actor/lib/test/SetVariable.tcl (RunTclFile)" time="0.012" />
  <testcase classname="ptolemy.util.test.junit.TclTests" name="[30] /home/travis/build/icyphy/ptII/ptolemy/actor/lib/test/Sinewave.tcl (RunTclFile)" time="0.07" />
  <testcase classname="ptolemy.util.test.junit.TclTests" name="[31] /home/travis/build/icyphy/ptII/ptolemy/actor/lib/test/SubscriptionAggregator.tcl (RunTclFile)" time="2.334" />
  <testcase classname="ptolemy.util.test.junit.TclTests" name="[32] /home/travis/build/icyphy/ptII/ptolemy/actor/lib/test/Test.tcl (RunTclFile)" time="0.112" />
  <testcase classname="ptolemy.util.test.junit.TclTests" name="[33] /home/travis/build/icyphy/ptII/ptolemy/actor/lib/test/TestExceptionHandler.tcl (RunTclFile)" time="0.013" />
  <testcase classname="ptolemy.util.test.junit.TclTests" name="[34] /home/travis/build/icyphy/ptII/ptolemy/actor/lib/test/UnionDisassembler.tcl (RunTclFile)" time="0.059" />
  <testcase classname="ptolemy.util.test.junit.TclTests" name="[35] /home/travis/build/icyphy/ptII/ptolemy/actor/lib/test/VariableClock.tcl (RunTclFile)" time="0.024" />
  <testcase classname="ptolemy.util.test.junit.AutoKnownFailedTests" name="[0] /home/travis/build/icyphy/ptII/ptolemy/actor/lib/test/auto/knownFailedTests/PublisherPortToplevelSubscriber.xml (RunModel)" time="0.024" />
  <testcase classname="ptolemy.util.test.junit.AutoKnownFailedTests" name="[1] /home/travis/build/icyphy/ptII/ptolemy/actor/lib/test/auto/knownFailedTests/PublisherSubscriberPortToplevel.xml (RunModel)" time="0.02" />
  <testcase classname="ptolemy.util.test.junit.AutoKnownFailedTests" name="[2] /home/travis/build/icyphy/ptII/ptolemy/actor/lib/test/auto/knownFailedTests/PublisherSubscriptionAggregatorPort.xml (RunModel)" time="0.02" />
  <testcase classname="ptolemy.util.test.junit.AutoKnownFailedTests" name="[3] /home/travis/build/icyphy/ptII/ptolemy/actor/lib/test/auto/knownFailedTests/sizedarray3.xml (RunModel)" time="0.026" />
  <testcase classname="ptolemy.util.test.junit.AutoNameArchTests" name="[0] ThereAreNoAutoArchTests (RunModel)" time="0.004" />
  <testcase classname="ptolemy.util.test.junit.AutoTests" name="[0] /home/travis/build/icyphy/ptII/ptolemy/actor/lib/test/auto/AbsoluteValue.xml (RunModel)" time="0.112" />
  <testcase classname="ptolemy.util.test.junit.AutoTests" name="[1] /home/travis/build/icyphy/ptII/ptolemy/actor/lib/test/auto/AbsoluteValue2.xml (RunModel)" time="0.03" />
  <testcase classname="ptolemy.util.test.junit.AutoTests" name="[2] /home/travis/build/icyphy/ptII/ptolemy/actor/lib/test/auto/Accumulator.xml (RunModel)" time="0.186" />
  <testcase classname="ptolemy.util.test.junit.AutoTests" name="[3] /home/travis/build/icyphy/ptII/ptolemy/actor/lib/test/auto/Accumulator2.xml (RunModel)" time="0.045" />
  <testcase classname="ptolemy.util.test.junit.AutoTests" name="[4] /home/travis/build/icyphy/ptII/ptolemy/actor/lib/test/auto/Accumulator3.xml (RunModel)" time="0.043" />
  <testcase classname="ptolemy.util.test.junit.AutoTests" name="[5] /home/travis/build/icyphy/ptII/ptolemy/actor/lib/test/auto/ArrayAppend.xml (RunModel)" time="0.053" />
  <testcase classname="ptolemy.util.test.junit.AutoTests" name="[6] /home/travis/build/icyphy/ptII/ptolemy/actor/lib/test/auto/ArrayAppend2.xml (RunModel)" time="0.404" />
  <testcase classname="ptolemy.util.test.junit.AutoTests" name="[7] /home/travis/build/icyphy/ptII/ptolemy/actor/lib/test/auto/ArrayAppend3.xml (RunModel)" time="0.016" />
  <testcase classname="ptolemy.util.test.junit.AutoTests" name="[8] /home/travis/build/icyphy/ptII/ptolemy/actor/lib/test/auto/ArrayAppend4.xml (RunModel)" time="0.036" />
  <testcase classname="ptolemy.util.test.junit.AutoTests" name="[9] /home/travis/build/icyphy/ptII/ptolemy/actor/lib/test/auto/ArrayAppend5.xml (RunModel)" time="0.018" />
  <testcase classname="ptolemy.util.test.junit.AutoTests" name="[10] /home/travis/build/icyphy/ptII/ptolemy/actor/lib/test/auto/ArrayAppend6.xml (RunModel)" time="0.02" />
  <testcase classname="ptolemy.util.test.junit.AutoTests" name="[11] /home/travis/build/icyphy/ptII/ptolemy/actor/lib/test/auto/ArrayAppendPerformanceTest.xml (RunModel)" time="0.071" />
  <testcase classname="ptolemy.util.test.junit.AutoTests" name="[12] /home/travis/build/icyphy/ptII/ptolemy/actor/lib/test/auto/ArrayAppendWithEmptyInput.xml (RunModel)" time="0.124" />
  <testcase classname="ptolemy.util.test.junit.AutoTests" name="[13] /home/travis/build/icyphy/ptII/ptolemy/actor/lib/test/auto/ArrayAverage.xml (RunModel)" time="0.037" />
  <testcase classname="ptolemy.util.test.junit.AutoTests" name="[14] /home/travis/build/icyphy/ptII/ptolemy/actor/lib/test/auto/ArrayContains.xml (RunModel)" time="0.046" />
  <testcase classname="ptolemy.util.test.junit.AutoTests" name="[15] /home/travis/build/icyphy/ptII/ptolemy/actor/lib/test/auto/ArrayElement.xml (RunModel)" time="0.037" />
  <testcase classname="ptolemy.util.test.junit.AutoTests" name="[16] /home/travis/build/icyphy/ptII/ptolemy/actor/lib/test/auto/ArrayElementAsMatrix.xml (RunModel)" time="0.066" />
  <testcase classname="ptolemy.util.test.junit.AutoTests" name="[17] /home/travis/build/icyphy/ptII/ptolemy/actor/lib/test/auto/ArrayElementI.xml (RunModel)" time="0.024" />
  <testcase classname="ptolemy.util.test.junit.AutoTests" name="[18] /home/travis/build/icyphy/ptII/ptolemy/actor/lib/test/auto/ArrayExtract.xml (RunModel)" time="0.05" />
  <testcase classname="ptolemy.util.test.junit.AutoTests" name="[19] /home/travis/build/icyphy/ptII/ptolemy/actor/lib/test/auto/ArrayExtract2.xml (RunModel)" time="0.019" />
  <testcase classname="ptolemy.util.test.junit.AutoTests" name="[20] /home/travis/build/icyphy/ptII/ptolemy/actor/lib/test/auto/ArrayLength.xml (RunModel)" time="0.016" />
  <testcase classname="ptolemy.util.test.junit.AutoTests" name="[21] /home/travis/build/icyphy/ptII/ptolemy/actor/lib/test/auto/ArrayLevelCrossing.xml (RunModel)" time="0.033" />
  <testcase classname="ptolemy.util.test.junit.AutoTests" name="[22] /home/travis/build/icyphy/ptII/ptolemy/actor/lib/test/auto/ArrayLevelCrossing2.xml (RunModel)" time="0.023" />
  <testcase classname="ptolemy.util.test.junit.AutoTests" name="[23] /home/travis/build/icyphy/ptII/ptolemy/actor/lib/test/auto/ArrayPeakSearch.xml (RunModel)" time="0.035" />
  <testcase classname="ptolemy.util.test.junit.AutoTests" name="[24] /home/travis/build/icyphy/ptII/ptolemy/actor/lib/test/auto/ArrayPeakSearch2.xml (RunModel)" time="0.044" />
  <testcase classname="ptolemy.util.test.junit.AutoTests" name="[25] /home/travis/build/icyphy/ptII/ptolemy/actor/lib/test/auto/ArrayPeakSearch3.xml (RunModel)" time="0.049" />
  <testcase classname="ptolemy.util.test.junit.AutoTests" name="[26] /home/travis/build/icyphy/ptII/ptolemy/actor/lib/test/auto/ArrayRemoveElement.xml (RunModel)" time="0.042" />
  <testcase classname="ptolemy.util.test.junit.AutoTests" name="[27] /home/travis/build/icyphy/ptII/ptolemy/actor/lib/test/auto/ArraySort.xml (RunModel)" time="0.037" />
  <testcase classname="ptolemy.util.test.junit.AutoTests" name="[28] /home/travis/build/icyphy/ptII/ptolemy/actor/lib/test/auto/ArraySum.xml (RunModel)" time="0.019" />
  <testcase classname="ptolemy.util.test.junit.AutoTests" name="[29] /home/travis/build/icyphy/ptII/ptolemy/actor/lib/test/auto/ArrayToElements.xml (RunModel)" time="0.022" />
  <testcase classname="ptolemy.util.test.junit.AutoTests" name="[30] /home/travis/build/icyphy/ptII/ptolemy/actor/lib/test/auto/ArrayToMatrix.xml (RunModel)" time="0.051" />
  <testcase classname="ptolemy.util.test.junit.AutoTests" name="[31] /home/travis/build/icyphy/ptII/ptolemy/actor/lib/test/auto/ArrayUpdate1.xml (RunModel)" time="0.029" />
  <testcase classname="ptolemy.util.test.junit.AutoTests" name="[32] /home/travis/build/icyphy/ptII/ptolemy/actor/lib/test/auto/ArrayUpdate2.xml (RunModel)" time="0.073" />
  <testcase classname="ptolemy.util.test.junit.AutoTests" name="[33] /home/travis/build/icyphy/ptII/ptolemy/actor/lib/test/auto/ArrayUpdate3.xml (RunModel)" time="0.024" />
  <testcase classname="ptolemy.util.test.junit.AutoTests" name="[34] /home/travis/build/icyphy/ptII/ptolemy/actor/lib/test/auto/Assert1.xml (RunModel)" time="0.024" />
  <testcase classname="ptolemy.util.test.junit.AutoTests" name="[35] /home/travis/build/icyphy/ptII/ptolemy/actor/lib/test/auto/Assert2.xml (RunModel)" time="0.016" />
  <testcase classname="ptolemy.util.test.junit.AutoTests" name="[36] /home/travis/build/icyphy/ptII/ptolemy/actor/lib/test/auto/BooleanMultiplexor.xml (RunModel)" time="0.018" />
  <testcase classname="ptolemy.util.test.junit.AutoTests" name="[37] /home/travis/build/icyphy/ptII/ptolemy/actor/lib/test/auto/BooleanMultiplexor2.xml (RunModel)" time="0.035" />
  <testcase classname="ptolemy.util.test.junit.AutoTests" name="[38] /home/travis/build/icyphy/ptII/ptolemy/actor/lib/test/auto/BooleanMultiplexor3.xml (RunModel)" time="0.029" />
  <testcase classname="ptolemy.util.test.junit.AutoTests" name="[39] /home/travis/build/icyphy/ptII/ptolemy/actor/lib/test/auto/BooleanSelect.xml (RunModel)" time="0.022" />
  <testcase classname="ptolemy.util.test.junit.AutoTests" name="[40] /home/travis/build/icyphy/ptII/ptolemy/actor/lib/test/auto/BooleanSelect2.xml (RunModel)" time="0.017" />
  <testcase classname="ptolemy.util.test.junit.AutoTests" name="[41] /home/travis/build/icyphy/ptII/ptolemy/actor/lib/test/auto/BooleanSwitch.xml (RunModel)" time="0.024" />
  <testcase classname="ptolemy.util.test.junit.AutoTests" name="[42] /home/travis/build/icyphy/ptII/ptolemy/actor/lib/test/auto/BooleanSwitch2.xml (RunModel)" time="0.013" />
  <testcase classname="ptolemy.util.test.junit.AutoTests" name="[43] /home/travis/build/icyphy/ptII/ptolemy/actor/lib/test/auto/BooleanSwitchCloningBugWithClassRelationGroup.xml (RunModel)" time="0.032" />
  <testcase classname="ptolemy.util.test.junit.AutoTests" name="[44] /home/travis/build/icyphy/ptII/ptolemy/actor/lib/test/auto/BusActors.xml (RunModel)" time="0.072" />
  <testcase classname="ptolemy.util.test.junit.AutoTests" name="[45] /home/travis/build/icyphy/ptII/ptolemy/actor/lib/test/auto/ClassWrapper.xml (RunModel)" time="0.041" />
  <testcase classname="ptolemy.util.test.junit.AutoTests" name="[46] /home/travis/build/icyphy/ptII/ptolemy/actor/lib/test/auto/Clock.xml (RunModel)" time="0.013" />
  <testcase classname="ptolemy.util.test.junit.AutoTests" name="[47] /home/travis/build/icyphy/ptII/ptolemy/actor/lib/test/auto/Clock10.xml (RunModel)" time="0.021" />
  <testcase classname="ptolemy.util.test.junit.AutoTests" name="[48] /home/travis/build/icyphy/ptII/ptolemy/actor/lib/test/auto/Clock11.xml (RunModel)" time="0.024" />
  <testcase classname="ptolemy.util.test.junit.AutoTests" name="[49] /home/travis/build/icyphy/ptII/ptolemy/actor/lib/test/auto/Clock12.xml (RunModel)" time="0.03" />
  <testcase classname="ptolemy.util.test.junit.AutoTests" name="[50] /home/travis/build/icyphy/ptII/ptolemy/actor/lib/test/auto/Clock13.xml (RunModel)" time="0.026" />
  <testcase classname="ptolemy.util.test.junit.AutoTests" name="[51] /home/travis/build/icyphy/ptII/ptolemy/actor/lib/test/auto/Clock14.xml (RunModel)" time="0.022" />
  <testcase classname="ptolemy.util.test.junit.AutoTests" name="[52] /home/travis/build/icyphy/ptII/ptolemy/actor/lib/test/auto/Clock15.xml (RunModel)" time="0.017" />
  <testcase classname="ptolemy.util.test.junit.AutoTests" name="[53] /home/travis/build/icyphy/ptII/ptolemy/actor/lib/test/auto/Clock16.xml (RunModel)" time="0.091" />
  <testcase classname="ptolemy.util.test.junit.AutoTests" name="[54] /home/travis/build/icyphy/ptII/ptolemy/actor/lib/test/auto/Clock17.xml (RunModel)" time="0.051" />
  <testcase classname="ptolemy.util.test.junit.AutoTests" name="[55] /home/travis/build/icyphy/ptII/ptolemy/actor/lib/test/auto/Clock18.xml (RunModel)" time="0.09" />
  <testcase classname="ptolemy.util.test.junit.AutoTests" name="[56] /home/travis/build/icyphy/ptII/ptolemy/actor/lib/test/auto/Clock19.xml (RunModel)" time="0.045" />
  <testcase classname="ptolemy.util.test.junit.AutoTests" name="[57] /home/travis/build/icyphy/ptII/ptolemy/actor/lib/test/auto/Clock2.xml (RunModel)" time="0.017" />
  <testcase classname="ptolemy.util.test.junit.AutoTests" name="[58] /home/travis/build/icyphy/ptII/ptolemy/actor/lib/test/auto/Clock20.xml (RunModel)" time="0.018" />
  <testcase classname="ptolemy.util.test.junit.AutoTests" name="[59] /home/travis/build/icyphy/ptII/ptolemy/actor/lib/test/auto/Clock21.xml (RunModel)" time="0.023" />
  <testcase classname="ptolemy.util.test.junit.AutoTests" name="[60] /home/travis/build/icyphy/ptII/ptolemy/actor/lib/test/auto/Clock22.xml (RunModel)" time="0.034" />
  <testcase classname="ptolemy.util.test.junit.AutoTests" name="[61] /home/travis/build/icyphy/ptII/ptolemy/actor/lib/test/auto/Clock23.xml (RunModel)" time="0.048" />
  <testcase classname="ptolemy.util.test.junit.AutoTests" name="[62] /home/travis/build/icyphy/ptII/ptolemy/actor/lib/test/auto/Clock24.xml (RunModel)" time="0.015" />
  <testcase classname="ptolemy.util.test.junit.AutoTests" name="[63] /home/travis/build/icyphy/ptII/ptolemy/actor/lib/test/auto/Clock4.xml (RunModel)" time="0.023" />
  <testcase classname="ptolemy.util.test.junit.AutoTests" name="[64] /home/travis/build/icyphy/ptII/ptolemy/actor/lib/test/auto/Clock5.xml (RunModel)" time="0.014" />
  <testcase classname="ptolemy.util.test.junit.AutoTests" name="[65] /home/travis/build/icyphy/ptII/ptolemy/actor/lib/test/auto/Clock6.xml (RunModel)" time="0.014" />
  <testcase classname="ptolemy.util.test.junit.AutoTests" name="[66] /home/travis/build/icyphy/ptII/ptolemy/actor/lib/test/auto/Clock7.xml (RunModel)" time="0.013" />
  <testcase classname="ptolemy.util.test.junit.AutoTests" name="[67] /home/travis/build/icyphy/ptII/ptolemy/actor/lib/test/auto/Clock8.xml (RunModel)" time="0.016" />
  <testcase classname="ptolemy.util.test.junit.AutoTests" name="[68] /home/travis/build/icyphy/ptII/ptolemy/actor/lib/test/auto/Clock9.xml (RunModel)" time="0.019" />
  <testcase classname="ptolemy.util.test.junit.AutoTests" name="[69] /home/travis/build/icyphy/ptII/ptolemy/actor/lib/test/auto/CommDistDiscard.xml (RunModel)" time="0.029" />
  <testcase classname="ptolemy.util.test.junit.AutoTests" name="[70] /home/travis/build/icyphy/ptII/ptolemy/actor/lib/test/auto/Commutator.xml (RunModel)" time="0.017" />
  <testcase classname="ptolemy.util.test.junit.AutoTests" name="[71] /home/travis/build/icyphy/ptII/ptolemy/actor/lib/test/auto/Commutator2.xml (RunModel)" time="0.014" />
  <testcase classname="ptolemy.util.test.junit.AutoTests" name="[72] /home/travis/build/icyphy/ptII/ptolemy/actor/lib/test/auto/Commutator3.xml (RunModel)" time="0.015" />
  <testcase classname="ptolemy.util.test.junit.AutoTests" name="[73] /home/travis/build/icyphy/ptII/ptolemy/actor/lib/test/auto/Compare.xml (RunModel)" time="0.023" />
  <testcase classname="ptolemy.util.test.junit.AutoTests" name="[74] /home/travis/build/icyphy/ptII/ptolemy/actor/lib/test/auto/CompareDE.xml (RunModel)" time="0.022" />
  <testcase classname="ptolemy.util.test.junit.AutoTests" name="[75] /home/travis/build/icyphy/ptII/ptolemy/actor/lib/test/auto/ComplexDivide.xml (RunModel)" time="0.013" />
  <testcase classname="ptolemy.util.test.junit.AutoTests" name="[76] /home/travis/build/icyphy/ptII/ptolemy/actor/lib/test/auto/ComputeHistogram.xml (RunModel)" time="0.078" />
  <testcase classname="ptolemy.util.test.junit.AutoTests" name="[77] /home/travis/build/icyphy/ptII/ptolemy/actor/lib/test/auto/ConfigurationSelect.xml (RunModel)" time="0.017" />
  <testcase classname="ptolemy.util.test.junit.AutoTests" name="[78] /home/travis/build/icyphy/ptII/ptolemy/actor/lib/test/auto/ConfigurationSelect2.xml (RunModel)" time="0.012" />
  <testcase classname="ptolemy.util.test.junit.AutoTests" name="[79] /home/travis/build/icyphy/ptII/ptolemy/actor/lib/test/auto/ConfigurationSwitch.xml (RunModel)" time="0.027" />
  <testcase classname="ptolemy.util.test.junit.AutoTests" name="[80] /home/travis/build/icyphy/ptII/ptolemy/actor/lib/test/auto/ConfigurationSwitch2.xml (RunModel)" time="0.023" />
  <testcase classname="ptolemy.util.test.junit.AutoTests" name="[81] /home/travis/build/icyphy/ptII/ptolemy/actor/lib/test/auto/ConfigurationSwitchCloningBugWithClassRelationGroup.xml (RunModel)" time="0.021" />
  <testcase classname="ptolemy.util.test.junit.AutoTests" name="[82] /home/travis/build/icyphy/ptII/ptolemy/actor/lib/test/auto/ConfigurationSwitchSelectSDF.xml (RunModel)" time="0.017" />
  <testcase classname="ptolemy.util.test.junit.AutoTests" name="[83] /home/travis/build/icyphy/ptII/ptolemy/actor/lib/test/auto/ConfigurationSwitchSelectSDF2.xml (RunModel)" time="0.015" />
  <testcase classname="ptolemy.util.test.junit.AutoTests" name="[84] /home/travis/build/icyphy/ptII/ptolemy/actor/lib/test/auto/Const.xml (RunModel)" time="0.009" />
  <testcase classname="ptolemy.util.test.junit.AutoTests" name="[85] /home/travis/build/icyphy/ptII/ptolemy/actor/lib/test/auto/Const2.xml (RunModel)" time="0.012" />
  <testcase classname="ptolemy.util.test.junit.AutoTests" name="[86] /home/travis/build/icyphy/ptII/ptolemy/actor/lib/test/auto/Const3.xml (RunModel)" time="0.007" />
  <testcase classname="ptolemy.util.test.junit.AutoTests" name="[87] /home/travis/build/icyphy/ptII/ptolemy/actor/lib/test/auto/ConstantPublisherPort1.xml (RunModel)" time="0.025" />
  <testcase classname="ptolemy.util.test.junit.AutoTests" name="[88] /home/travis/build/icyphy/ptII/ptolemy/actor/lib/test/auto/ConstantPublisherPort2.xml (RunModel)" time="0.022" />
  <testcase classname="ptolemy.util.test.junit.AutoTests" name="[89] /home/travis/build/icyphy/ptII/ptolemy/actor/lib/test/auto/ConstantPublisherPort3.xml (RunModel)" time="0.024" />
  <testcase classname="ptolemy.util.test.junit.AutoTests" name="[90] /home/travis/build/icyphy/ptII/ptolemy/actor/lib/test/auto/ConstantPublisherPort4.xml (RunModel)" time="0.021" />
  <testcase classname="ptolemy.util.test.junit.AutoTests" name="[91] /home/travis/build/icyphy/ptII/ptolemy/actor/lib/test/auto/ConstantPublisherPort5.xml (RunModel)" time="0.05" />
  <testcase classname="ptolemy.util.test.junit.AutoTests" name="[92] /home/travis/build/icyphy/ptII/ptolemy/actor/lib/test/auto/ConstantPublisherPort6.xml (RunModel)" time="0.044" />
  <testcase classname="ptolemy.util.test.junit.AutoTests" name="[93] /home/travis/build/icyphy/ptII/ptolemy/actor/lib/test/auto/ConstantPublisherPort7.xml (RunModel)" time="0.041" />
  <testcase classname="ptolemy.util.test.junit.AutoTests" name="[94] /home/travis/build/icyphy/ptII/ptolemy/actor/lib/test/auto/ConstraintMonitor1.xml (RunModel)" time="0.052" />
  <testcase classname="ptolemy.util.test.junit.AutoTests" name="[95] /home/travis/build/icyphy/ptII/ptolemy/actor/lib/test/auto/ConstraintMonitor2.xml (RunModel)" time="0.014" />
  <testcase classname="ptolemy.util.test.junit.AutoTests" name="[96] /home/travis/build/icyphy/ptII/ptolemy/actor/lib/test/auto/ConstraintMonitor3.xml (RunModel)" time="0.02" />
  <testcase classname="ptolemy.util.test.junit.AutoTests" name="[97] /home/travis/build/icyphy/ptII/ptolemy/actor/lib/test/auto/ConstraintMonitor4.xml (RunModel)" time="0.018" />
  <testcase classname="ptolemy.util.test.junit.AutoTests" name="[98] /home/travis/build/icyphy/ptII/ptolemy/actor/lib/test/auto/ConstraintMonitor5.xml (RunModel)" time="0.011" />
  <testcase classname="ptolemy.util.test.junit.AutoTests" name="[99] /home/travis/build/icyphy/ptII/ptolemy/actor/lib/test/auto/ConstraintMonitor6.xml (RunModel)" time="0.017" />
  <testcase classname="ptolemy.util.test.junit.AutoTests" name="[100] /home/travis/build/icyphy/ptII/ptolemy/actor/lib/test/auto/ConstraintMonitor7.xml (RunModel)" time="0.043" />
  <testcase classname="ptolemy.util.test.junit.AutoTests" name="[101] /home/travis/build/icyphy/ptII/ptolemy/actor/lib/test/auto/ConstraintMonitor8.xml (RunModel)" time="0.02" />
  <testcase classname="ptolemy.util.test.junit.AutoTests" name="[102] /home/travis/build/icyphy/ptII/ptolemy/actor/lib/test/auto/Counter.xml (RunModel)" time="0.016" />
  <testcase classname="ptolemy.util.test.junit.AutoTests" name="[103] /home/travis/build/icyphy/ptII/ptolemy/actor/lib/test/auto/CurrentTimeSDF.xml (RunModel)" time="0.01" />
  <testcase classname="ptolemy.util.test.junit.AutoTests" name="[104] /home/travis/build/icyphy/ptII/ptolemy/actor/lib/test/auto/DB.xml (RunModel)" time="0.013" />
  <testcase classname="ptolemy.util.test.junit.AutoTests" name="[105] /home/travis/build/icyphy/ptII/ptolemy/actor/lib/test/auto/DBDE.xml (RunModel)" time="0.016" />
  <testcase classname="ptolemy.util.test.junit.AutoTests" name="[106] /home/travis/build/icyphy/ptII/ptolemy/actor/lib/test/auto/DateConstructor.xml (RunModel)" time="0.094" />
  <testcase classname="ptolemy.util.test.junit.AutoTests" name="[107] /home/travis/build/icyphy/ptII/ptolemy/actor/lib/test/auto/DelayTime.xml (RunModel)" time="0.026" />
  <testcase classname="ptolemy.util.test.junit.AutoTests" name="[108] /home/travis/build/icyphy/ptII/ptolemy/actor/lib/test/auto/Dictionary1.xml (RunModel)" time="0.021" />
  <testcase classname="ptolemy.util.test.junit.AutoTests" name="[109] /home/travis/build/icyphy/ptII/ptolemy/actor/lib/test/auto/Dictionary2.xml (RunModel)" time="0.019" />
  <testcase classname="ptolemy.util.test.junit.AutoTests" name="[110] /home/travis/build/icyphy/ptII/ptolemy/actor/lib/test/auto/Dictionary3.xml (RunModel)" time="0.013" />
  <testcase classname="ptolemy.util.test.junit.AutoTests" name="[111] /home/travis/build/icyphy/ptII/ptolemy/actor/lib/test/auto/Dictionary4.xml (RunModel)" time="0.022" />
  <testcase classname="ptolemy.util.test.junit.AutoTests" name="[112] /home/travis/build/icyphy/ptII/ptolemy/actor/lib/test/auto/Differential.xml (RunModel)" time="0.013" />
  <testcase classname="ptolemy.util.test.junit.AutoTests" name="[113] /home/travis/build/icyphy/ptII/ptolemy/actor/lib/test/auto/Director.xml (RunModel)" time="0.01" />
  <testcase classname="ptolemy.util.test.junit.AutoTests" name="[114] /home/travis/build/icyphy/ptII/ptolemy/actor/lib/test/auto/DiscreteClock.xml (RunModel)" time="0.012" />
  <testcase classname="ptolemy.util.test.junit.AutoTests" name="[115] /home/travis/build/icyphy/ptII/ptolemy/actor/lib/test/auto/DiscreteClock10.xml (RunModel)" time="0.012" />
  <testcase classname="ptolemy.util.test.junit.AutoTests" name="[116] /home/travis/build/icyphy/ptII/ptolemy/actor/lib/test/auto/DiscreteClock11.xml (RunModel)" time="0.014" />
  <testcase classname="ptolemy.util.test.junit.AutoTests" name="[117] /home/travis/build/icyphy/ptII/ptolemy/actor/lib/test/auto/DiscreteClock12.xml (RunModel)" time="0.015" />
  <testcase classname="ptolemy.util.test.junit.AutoTests" name="[118] /home/travis/build/icyphy/ptII/ptolemy/actor/lib/test/auto/DiscreteClock13.xml (RunModel)" time="0.015" />
  <testcase classname="ptolemy.util.test.junit.AutoTests" name="[119] /home/travis/build/icyphy/ptII/ptolemy/actor/lib/test/auto/DiscreteClock14.xml (RunModel)" time="0.013" />
  <testcase classname="ptolemy.util.test.junit.AutoTests" name="[120] /home/travis/build/icyphy/ptII/ptolemy/actor/lib/test/auto/DiscreteClock15.xml (RunModel)" time="0.018" />
  <testcase classname="ptolemy.util.test.junit.AutoTests" name="[121] /home/travis/build/icyphy/ptII/ptolemy/actor/lib/test/auto/DiscreteClock16.xml (RunModel)" time="0.047" />
  <testcase classname="ptolemy.util.test.junit.AutoTests" name="[122] /home/travis/build/icyphy/ptII/ptolemy/actor/lib/test/auto/DiscreteClock17.xml (RunModel)" time="0.04" />
  <testcase classname="ptolemy.util.test.junit.AutoTests" name="[123] /home/travis/build/icyphy/ptII/ptolemy/actor/lib/test/auto/DiscreteClock18.xml (RunModel)" time="0.046" />
  <testcase classname="ptolemy.util.test.junit.AutoTests" name="[124] /home/travis/build/icyphy/ptII/ptolemy/actor/lib/test/auto/DiscreteClock19.xml (RunModel)" time="0.049" />
  <testcase classname="ptolemy.util.test.junit.AutoTests" name="[125] /home/travis/build/icyphy/ptII/ptolemy/actor/lib/test/auto/DiscreteClock2.xml (RunModel)" time="0.011" />
  <testcase classname="ptolemy.util.test.junit.AutoTests" name="[126] /home/travis/build/icyphy/ptII/ptolemy/actor/lib/test/auto/DiscreteClock20.xml (RunModel)" time="0.02" />
  <testcase classname="ptolemy.util.test.junit.AutoTests" name="[127] /home/travis/build/icyphy/ptII/ptolemy/actor/lib/test/auto/DiscreteClock21.xml (RunModel)" time="0.023" />
  <testcase classname="ptolemy.util.test.junit.AutoTests" name="[128] /home/travis/build/icyphy/ptII/ptolemy/actor/lib/test/auto/DiscreteClock22.xml (RunModel)" time="0.015" />
  <testcase classname="ptolemy.util.test.junit.AutoTests" name="[129] /home/travis/build/icyphy/ptII/ptolemy/actor/lib/test/auto/DiscreteClock23.xml (RunModel)" time="0.023" />
  <testcase classname="ptolemy.util.test.junit.AutoTests" name="[130] /home/travis/build/icyphy/ptII/ptolemy/actor/lib/test/auto/DiscreteClock24.xml (RunModel)" time="0.017" />
  <testcase classname="ptolemy.util.test.junit.AutoTests" name="[131] /home/travis/build/icyphy/ptII/ptolemy/actor/lib/test/auto/DiscreteClock4.xml (RunModel)" time="0.017" />
  <testcase classname="ptolemy.util.test.junit.AutoTests" name="[132] /home/travis/build/icyphy/ptII/ptolemy/actor/lib/test/auto/DiscreteClock5.xml (RunModel)" time="0.012" />
  <testcase classname="ptolemy.util.test.junit.AutoTests" name="[133] /home/travis/build/icyphy/ptII/ptolemy/actor/lib/test/auto/DiscreteClock6.xml (RunModel)" time="0.013" />
  <testcase classname="ptolemy.util.test.junit.AutoTests" name="[134] /home/travis/build/icyphy/ptII/ptolemy/actor/lib/test/auto/DiscreteClock7.xml (RunModel)" time="0.013" />
  <testcase classname="ptolemy.util.test.junit.AutoTests" name="[135] /home/travis/build/icyphy/ptII/ptolemy/actor/lib/test/auto/DiscreteClock8.xml (RunModel)" time="0.03" />
  <testcase classname="ptolemy.util.test.junit.AutoTests" name="[136] /home/travis/build/icyphy/ptII/ptolemy/actor/lib/test/auto/DiscreteClock9.xml (RunModel)" time="0.021" />
  <testcase classname="ptolemy.util.test.junit.AutoTests" name="[137] /home/travis/build/icyphy/ptII/ptolemy/actor/lib/test/auto/DisplayArray.xml (RunModel)" time="0.01" />
  <testcase classname="ptolemy.util.test.junit.AutoTests" name="[138] /home/travis/build/icyphy/ptII/ptolemy/actor/lib/test/auto/Distributor.xml (RunModel)" time="0.01" />
  <testcase classname="ptolemy.util.test.junit.AutoTests" name="[139] /home/travis/build/icyphy/ptII/ptolemy/actor/lib/test/auto/Distributor2.xml (RunModel)" time="0.011" />
  <testcase classname="ptolemy.util.test.junit.AutoTests" name="[140] /home/travis/build/icyphy/ptII/ptolemy/actor/lib/test/auto/DownSample.xml (RunModel)" time="0.011" />
  <testcase classname="ptolemy.util.test.junit.AutoTests" name="[141] /home/travis/build/icyphy/ptII/ptolemy/actor/lib/test/auto/ElectronicUnitBase1.xml (RunModel)" time="0.117" />
  <testcase classname="ptolemy.util.test.junit.AutoTests" name="[142] /home/travis/build/icyphy/ptII/ptolemy/actor/lib/test/auto/ElementsToArray.xml (RunModel)" time="0.01" />
  <testcase classname="ptolemy.util.test.junit.AutoTests" name="[143] /home/travis/build/icyphy/ptII/ptolemy/actor/lib/test/auto/Equals.xml (RunModel)" time="0.014" />
  <testcase classname="ptolemy.util.test.junit.AutoTests" name="[144] /home/travis/build/icyphy/ptII/ptolemy/actor/lib/test/auto/Exec.xml (RunModel)" time="0.027" />
  <testcase classname="ptolemy.util.test.junit.AutoTests" name="[145] /home/travis/build/icyphy/ptII/ptolemy/actor/lib/test/auto/ExecEnvironment.xml (RunModel)" time="0.039" />
  <testcase classname="ptolemy.util.test.junit.AutoTests" name="[146] /home/travis/build/icyphy/ptII/ptolemy/actor/lib/test/auto/ExecNonZeroReturnOutput.xml (RunModel)" time="0.193" />
  <testcase classname="ptolemy.util.test.junit.AutoTests" name="[147] /home/travis/build/icyphy/ptII/ptolemy/actor/lib/test/auto/ExecRunDemos.xml (RunModel)" time="10.774" />
  <testcase classname="ptolemy.util.test.junit.AutoTests" name="[148] /home/travis/build/icyphy/ptII/ptolemy/actor/lib/test/auto/ExecStop.xml (RunModel)" time="5.039" />
  <testcase classname="ptolemy.util.test.junit.AutoTests" name="[149] /home/travis/build/icyphy/ptII/ptolemy/actor/lib/test/auto/ExecutionTimeSDF.xml (RunModel)" time="6.033" />
  <testcase classname="ptolemy.util.test.junit.AutoTests" name="[150] /home/travis/build/icyphy/ptII/ptolemy/actor/lib/test/auto/Expression1.xml (RunModel)" time="0.018" />
  <testcase classname="ptolemy.util.test.junit.AutoTests" name="[151] /home/travis/build/icyphy/ptII/ptolemy/actor/lib/test/auto/Expression10.xml (RunModel)" time="0.026" />
  <testcase classname="ptolemy.util.test.junit.AutoTests" name="[152] /home/travis/build/icyphy/ptII/ptolemy/actor/lib/test/auto/Expression11.xml (RunModel)" time="0.013" />
  <testcase classname="ptolemy.util.test.junit.AutoTests" name="[153] /home/travis/build/icyphy/ptII/ptolemy/actor/lib/test/auto/Expression12.xml (RunModel)" time="0.015" />
  <testcase classname="ptolemy.util.test.junit.AutoTests" name="[154] /home/travis/build/icyphy/ptII/ptolemy/actor/lib/test/auto/Expression13.xml (RunModel)" time="0.013" />
  <testcase classname="ptolemy.util.test.junit.AutoTests" name="[155] /home/travis/build/icyphy/ptII/ptolemy/actor/lib/test/auto/Expression14.xml (RunModel)" time="0.022" />
  <testcase classname="ptolemy.util.test.junit.AutoTests" name="[156] /home/travis/build/icyphy/ptII/ptolemy/actor/lib/test/auto/Expression15.xml (RunModel)" time="0.008" />
  <testcase classname="ptolemy.util.test.junit.AutoTests" name="[157] /home/travis/build/icyphy/ptII/ptolemy/actor/lib/test/auto/Expression16.xml (RunModel)" time="0.013" />
  <testcase classname="ptolemy.util.test.junit.AutoTests" name="[158] /home/travis/build/icyphy/ptII/ptolemy/actor/lib/test/auto/Expression17.xml (RunModel)" time="0.012" />
  <testcase classname="ptolemy.util.test.junit.AutoTests" name="[159] /home/travis/build/icyphy/ptII/ptolemy/actor/lib/test/auto/Expression18.xml (RunModel)" time="0.011" />
  <testcase classname="ptolemy.util.test.junit.AutoTests" name="[160] /home/travis/build/icyphy/ptII/ptolemy/actor/lib/test/auto/Expression2.xml (RunModel)" time="0.013" />
  <testcase classname="ptolemy.util.test.junit.AutoTests" name="[161] /home/travis/build/icyphy/ptII/ptolemy/actor/lib/test/auto/Expression3.xml (RunModel)" time="0.014" />
  <testcase classname="ptolemy.util.test.junit.AutoTests" name="[162] /home/travis/build/icyphy/ptII/ptolemy/actor/lib/test/auto/Expression4.xml (RunModel)" time="0.019" />
  <testcase classname="ptolemy.util.test.junit.AutoTests" name="[163] /home/travis/build/icyphy/ptII/ptolemy/actor/lib/test/auto/Expression5.xml (RunModel)" time="0.013" />
  <testcase classname="ptolemy.util.test.junit.AutoTests" name="[164] /home/travis/build/icyphy/ptII/ptolemy/actor/lib/test/auto/Expression6.xml (RunModel)" time="0.009" />
  <testcase classname="ptolemy.util.test.junit.AutoTests" name="[165] /home/travis/build/icyphy/ptII/ptolemy/actor/lib/test/auto/Expression7.xml (RunModel)" time="0.012" />
  <testcase classname="ptolemy.util.test.junit.AutoTests" name="[166] /home/travis/build/icyphy/ptII/ptolemy/actor/lib/test/auto/Expression8.xml (RunModel)" time="0.016" />
  <testcase classname="ptolemy.util.test.junit.AutoTests" name="[167] /home/travis/build/icyphy/ptII/ptolemy/actor/lib/test/auto/Expression9.xml (RunModel)" time="0.007" />
  <testcase classname="ptolemy.util.test.junit.AutoTests" name="[168] /home/travis/build/icyphy/ptII/ptolemy/actor/lib/test/auto/ExpressionConcatenateArrayType.xml (RunModel)" time="0.028" />
  <testcase classname="ptolemy.util.test.junit.AutoTests" name="[169] /home/travis/build/icyphy/ptII/ptolemy/actor/lib/test/auto/ExpressionConcatenateArrayType2.xml (RunModel)" time="0.027" />
  <testcase classname="ptolemy.util.test.junit.AutoTests" name="[170] /home/travis/build/icyphy/ptII/ptolemy/actor/lib/test/auto/ExpressionFix.xml (RunModel)" time="0.046" />
  <testcase classname="ptolemy.util.test.junit.AutoTests" name="[171] /home/travis/build/icyphy/ptII/ptolemy/actor/lib/test/auto/ExpressionFix2.xml (RunModel)" time="0.018" />
  <testcase classname="ptolemy.util.test.junit.AutoTests" name="[172] /home/travis/build/icyphy/ptII/ptolemy/actor/lib/test/auto/ExpressionFix3.xml (RunModel)" time="0.012" />
  <testcase classname="ptolemy.util.test.junit.AutoTests" name="[173] /home/travis/build/icyphy/ptII/ptolemy/actor/lib/test/auto/FileWriter1.xml (RunModel)" time="0.009" />
  <testcase classname="ptolemy.util.test.junit.AutoTests" name="[174] /home/travis/build/icyphy/ptII/ptolemy/actor/lib/test/auto/FileWriter2.xml (RunModel)" time="0.017" />
  <testcase classname="ptolemy.util.test.junit.AutoTests" name="[175] /home/travis/build/icyphy/ptII/ptolemy/actor/lib/test/auto/FileWriter3.xml (RunModel)" time="0.013" />
  <testcase classname="ptolemy.util.test.junit.AutoTests" name="[176] /home/travis/build/icyphy/ptII/ptolemy/actor/lib/test/auto/Gaussian.xml (RunModel)" time="0.013" />
  <testcase classname="ptolemy.util.test.junit.AutoTests" name="[177] /home/travis/build/icyphy/ptII/ptolemy/actor/lib/test/auto/Gaussian1.xml (RunModel)" time="0.017" />
  <testcase classname="ptolemy.util.test.junit.AutoTests" name="[178] /home/travis/build/icyphy/ptII/ptolemy/actor/lib/test/auto/Gaussian2.xml (RunModel)" time="0.027" />
  <testcase classname="ptolemy.util.test.junit.AutoTests" name="[179] /home/travis/build/icyphy/ptII/ptolemy/actor/lib/test/auto/GradientAdaptiveLattice.xml (RunModel)" time="0.019" />
  <testcase classname="ptolemy.util.test.junit.AutoTests" name="[180] /home/travis/build/icyphy/ptII/ptolemy/actor/lib/test/auto/IIR.xml (RunModel)" time="0.011" />
  <testcase classname="ptolemy.util.test.junit.AutoTests" name="[181] /home/travis/build/icyphy/ptII/ptolemy/actor/lib/test/auto/InputOutputTransparentPorts.xml (RunModel)" time="0.019" />
  <testcase classname="ptolemy.util.test.junit.AutoTests" name="[182] /home/travis/build/icyphy/ptII/ptolemy/actor/lib/test/auto/Interpolator.xml (RunModel)" time="0.013" />
  <testcase classname="ptolemy.util.test.junit.AutoTests" name="[183] /home/travis/build/icyphy/ptII/ptolemy/actor/lib/test/auto/InterpolatorFiringLimitDE.xml (RunModel)" time="0.015" />
  <testcase classname="ptolemy.util.test.junit.AutoTests" name="[184] /home/travis/build/icyphy/ptII/ptolemy/actor/lib/test/auto/Lattice.xml (RunModel)" time="0.011" />
  <testcase classname="ptolemy.util.test.junit.AutoTests" name="[185] /home/travis/build/icyphy/ptII/ptolemy/actor/lib/test/auto/LazyAOCTestLazy.xml (RunModel)" time="0.038" />
  <testcase classname="ptolemy.util.test.junit.AutoTests" name="[186] /home/travis/build/icyphy/ptII/ptolemy/actor/lib/test/auto/LazyAOCTestNonLazy.xml (RunModel)" time="0.046" />
  <testcase classname="ptolemy.util.test.junit.AutoTests" name="[187] /home/travis/build/icyphy/ptII/ptolemy/actor/lib/test/auto/LazyInnerClass.xml (RunModel)" time="0.058" />
  <testcase classname="ptolemy.util.test.junit.AutoTests" name="[188] /home/travis/build/icyphy/ptII/ptolemy/actor/lib/test/auto/LazyPubSub.xml (RunModel)" time="0.064" />
  <testcase classname="ptolemy.util.test.junit.AutoTests" name="[189] /home/travis/build/icyphy/ptII/ptolemy/actor/lib/test/auto/LazyPubSub2.xml (RunModel)" time="0.039" />
  <testcase classname="ptolemy.util.test.junit.AutoTests" name="[190] /home/travis/build/icyphy/ptII/ptolemy/actor/lib/test/auto/LazyPubSub3.xml (RunModel)" time="0.029" />
  <testcase classname="ptolemy.util.test.junit.AutoTests" name="[191] /home/travis/build/icyphy/ptII/ptolemy/actor/lib/test/auto/LazySubClassModel.xml (RunModel)" time="0.023" />
  <testcase classname="ptolemy.util.test.junit.AutoTests" name="[192] /home/travis/build/icyphy/ptII/ptolemy/actor/lib/test/auto/LevelCrossTest1.xml (RunModel)" time="0.016" />
  <testcase classname="ptolemy.util.test.junit.AutoTests" name="[193] /home/travis/build/icyphy/ptII/ptolemy/actor/lib/test/auto/LevelCrossTest10.xml (RunModel)" time="0.017" />
  <testcase classname="ptolemy.util.test.junit.AutoTests" name="[194] /home/travis/build/icyphy/ptII/ptolemy/actor/lib/test/auto/LevelCrossTest11.xml (RunModel)" time="0.02" />
  <testcase classname="ptolemy.util.test.junit.AutoTests" name="[195] /home/travis/build/icyphy/ptII/ptolemy/actor/lib/test/auto/LevelCrossTest12.xml (RunModel)" time="0.018" />
  <testcase classname="ptolemy.util.test.junit.AutoTests" name="[196] /home/travis/build/icyphy/ptII/ptolemy/actor/lib/test/auto/LevelCrossTest13.xml (RunModel)" time="0.017" />
  <testcase classname="ptolemy.util.test.junit.AutoTests" name="[197] /home/travis/build/icyphy/ptII/ptolemy/actor/lib/test/auto/LevelCrossTest2.xml (RunModel)" time="0.011" />
  <testcase classname="ptolemy.util.test.junit.AutoTests" name="[198] /home/travis/build/icyphy/ptII/ptolemy/actor/lib/test/auto/LevelCrossTest3.xml (RunModel)" time="0.014" />
  <testcase classname="ptolemy.util.test.junit.AutoTests" name="[199] /home/travis/build/icyphy/ptII/ptolemy/actor/lib/test/auto/LevelCrossTest4.xml (RunModel)" time="0.013" />
  <testcase classname="ptolemy.util.test.junit.AutoTests" name="[200] /home/travis/build/icyphy/ptII/ptolemy/actor/lib/test/auto/LevelCrossTest5.xml (RunModel)" time="0.015" />
  <testcase classname="ptolemy.util.test.junit.AutoTests" name="[201] /home/travis/build/icyphy/ptII/ptolemy/actor/lib/test/auto/LevelCrossTest6.xml (RunModel)" time="0.014" />
  <testcase classname="ptolemy.util.test.junit.AutoTests" name="[202] /home/travis/build/icyphy/ptII/ptolemy/actor/lib/test/auto/LevelCrossTest7.xml (RunModel)" time="0.02" />
  <testcase classname="ptolemy.util.test.junit.AutoTests" name="[203] /home/travis/build/icyphy/ptII/ptolemy/actor/lib/test/auto/LevelCrossTest8.xml (RunModel)" time="0.016" />
  <testcase classname="ptolemy.util.test.junit.AutoTests" name="[204] /home/travis/build/icyphy/ptII/ptolemy/actor/lib/test/auto/LevelCrossTest9.xml (RunModel)" time="0.015" />
  <testcase classname="ptolemy.util.test.junit.AutoTests" name="[205] /home/travis/build/icyphy/ptII/ptolemy/actor/lib/test/auto/LevinsonDurbin.xml (RunModel)" time="0.009" />
  <testcase classname="ptolemy.util.test.junit.AutoTests" name="[206] /home/travis/build/icyphy/ptII/ptolemy/actor/lib/test/auto/LevinsonDurbin2.xml (RunModel)" time="0.009" />
  <testcase classname="ptolemy.util.test.junit.AutoTests" name="[207] /home/travis/build/icyphy/ptII/ptolemy/actor/lib/test/auto/LevinsonDurbin3.xml (RunModel)" time="0.014" />
  <testcase classname="ptolemy.util.test.junit.AutoTests" name="[208] /home/travis/build/icyphy/ptII/ptolemy/actor/lib/test/auto/Limiter.xml (RunModel)" time="0.048" />
  <testcase classname="ptolemy.util.test.junit.AutoTests" name="[209] /home/travis/build/icyphy/ptII/ptolemy/actor/lib/test/auto/LinearDifferenceEquationSystem.xml (RunModel)" time="0.032" />
  <testcase classname="ptolemy.util.test.junit.AutoTests" name="[210] /home/travis/build/icyphy/ptII/ptolemy/actor/lib/test/auto/LookupTable.xml (RunModel)" time="0.019" />
  <testcase classname="ptolemy.util.test.junit.AutoTests" name="[211] /home/travis/build/icyphy/ptII/ptolemy/actor/lib/test/auto/MathFunction.xml (RunModel)" time="0.022" />
  <testcase classname="ptolemy.util.test.junit.AutoTests" name="[212] /home/travis/build/icyphy/ptII/ptolemy/actor/lib/test/auto/MathFunction2.xml (RunModel)" time="0.017" />
  <testcase classname="ptolemy.util.test.junit.AutoTests" name="[213] /home/travis/build/icyphy/ptII/ptolemy/actor/lib/test/auto/MathFunction3.xml (RunModel)" time="0.024" />
  <testcase classname="ptolemy.util.test.junit.AutoTests" name="[214] /home/travis/build/icyphy/ptII/ptolemy/actor/lib/test/auto/MatrixCropBoolean.xml (RunModel)" time="0.012" />
  <testcase classname="ptolemy.util.test.junit.AutoTests" name="[215] /home/travis/build/icyphy/ptII/ptolemy/actor/lib/test/auto/MatrixCropComplex.xml (RunModel)" time="0.011" />
  <testcase classname="ptolemy.util.test.junit.AutoTests" name="[216] /home/travis/build/icyphy/ptII/ptolemy/actor/lib/test/auto/MatrixCropDouble.xml (RunModel)" time="0.011" />
  <testcase classname="ptolemy.util.test.junit.AutoTests" name="[217] /home/travis/build/icyphy/ptII/ptolemy/actor/lib/test/auto/MatrixCropFix.xml (RunModel)" time="0.015" />
  <testcase classname="ptolemy.util.test.junit.AutoTests" name="[218] /home/travis/build/icyphy/ptII/ptolemy/actor/lib/test/auto/MatrixCropInt.xml (RunModel)" time="0.012" />
  <testcase classname="ptolemy.util.test.junit.AutoTests" name="[219] /home/travis/build/icyphy/ptII/ptolemy/actor/lib/test/auto/MatrixCropLong.xml (RunModel)" time="0.011" />
  <testcase classname="ptolemy.util.test.junit.AutoTests" name="[220] /home/travis/build/icyphy/ptII/ptolemy/actor/lib/test/auto/MatrixToArray.xml (RunModel)" time="0.071" />
  <testcase classname="ptolemy.util.test.junit.AutoTests" name="[221] /home/travis/build/icyphy/ptII/ptolemy/actor/lib/test/auto/MaxIndex.xml (RunModel)" time="0.02" />
  <testcase classname="ptolemy.util.test.junit.AutoTests" name="[222] /home/travis/build/icyphy/ptII/ptolemy/actor/lib/test/auto/Maximum.xml (RunModel)" time="0.014" />
  <testcase classname="ptolemy.util.test.junit.AutoTests" name="[223] /home/travis/build/icyphy/ptII/ptolemy/actor/lib/test/auto/MaximumComplex.xml (RunModel)" time="0.016" />
  <testcase classname="ptolemy.util.test.junit.AutoTests" name="[224] /home/travis/build/icyphy/ptII/ptolemy/actor/lib/test/auto/MethodCallTest.xml (RunModel)" time="0.026" />
  <testcase classname="ptolemy.util.test.junit.AutoTests" name="[225] /home/travis/build/icyphy/ptII/ptolemy/actor/lib/test/auto/Minimum.xml (RunModel)" time="0.016" />
  <testcase classname="ptolemy.util.test.junit.AutoTests" name="[226] /home/travis/build/icyphy/ptII/ptolemy/actor/lib/test/auto/MinimumComplex.xml (RunModel)" time="0.027" />
  <testcase classname="ptolemy.util.test.junit.AutoTests" name="[227] /home/travis/build/icyphy/ptII/ptolemy/actor/lib/test/auto/MinimumMultiports.xml (RunModel)" time="0.05" />
  <testcase classname="ptolemy.util.test.junit.AutoTests" name="[228] /home/travis/build/icyphy/ptII/ptolemy/actor/lib/test/auto/ModifyDate.xml (RunModel)" time="0.087" />
  <testcase classname="ptolemy.util.test.junit.AutoTests" name="[229] /home/travis/build/icyphy/ptII/ptolemy/actor/lib/test/auto/ModifyDate2.xml (RunModel)" time="0.034" />
  <testcase classname="ptolemy.util.test.junit.AutoTests" name="[230] /home/travis/build/icyphy/ptII/ptolemy/actor/lib/test/auto/MovingAverage.xml (RunModel)" time="0.011" />
  <testcase classname="ptolemy.util.test.junit.AutoTests" name="[231] /home/travis/build/icyphy/ptII/ptolemy/actor/lib/test/auto/MovingMaximum.xml (RunModel)" time="0.012" />
  <testcase classname="ptolemy.util.test.junit.AutoTests" name="[232] /home/travis/build/icyphy/ptII/ptolemy/actor/lib/test/auto/MultipleLinksToSameRelation.xml (RunModel)" time="0.008" />
  <testcase classname="ptolemy.util.test.junit.AutoTests" name="[233] /home/travis/build/icyphy/ptII/ptolemy/actor/lib/test/auto/MultipleLinksToSameRelationDE.xml (RunModel)" time="0.018" />
  <testcase classname="ptolemy.util.test.junit.AutoTests" name="[234] /home/travis/build/icyphy/ptII/ptolemy/actor/lib/test/auto/Multiplexor.xml (RunModel)" time="0.013" />
  <testcase classname="ptolemy.util.test.junit.AutoTests" name="[235] /home/travis/build/icyphy/ptII/ptolemy/actor/lib/test/auto/Multiplexor1.xml (RunModel)" time="0.013" />
  <testcase classname="ptolemy.util.test.junit.AutoTests" name="[236] /home/travis/build/icyphy/ptII/ptolemy/actor/lib/test/auto/Multiplexor2.xml (RunModel)" time="0.014" />
  <testcase classname="ptolemy.util.test.junit.AutoTests" name="[237] /home/travis/build/icyphy/ptII/ptolemy/actor/lib/test/auto/Multiplexor3.xml (RunModel)" time="0.01" />
  <testcase classname="ptolemy.util.test.junit.AutoTests" name="[238] /home/travis/build/icyphy/ptII/ptolemy/actor/lib/test/auto/MultiplexorDE.xml (RunModel)" time="0.017" />
  <testcase classname="ptolemy.util.test.junit.AutoTests" name="[239] /home/travis/build/icyphy/ptII/ptolemy/actor/lib/test/auto/MultiportBroadcastTest.xml (RunModel)" time="0.103" />
  <testcase classname="ptolemy.util.test.junit.AutoTests" name="[240] /home/travis/build/icyphy/ptII/ptolemy/actor/lib/test/auto/MultiportOutHangDuringGetWidth.xml (RunModel)" time="0.04" />
  <testcase classname="ptolemy.util.test.junit.AutoTests" name="[241] /home/travis/build/icyphy/ptII/ptolemy/actor/lib/test/auto/NilToken.xml (RunModel)" time="0.017" />
  <testcase classname="ptolemy.util.test.junit.AutoTests" name="[242] /home/travis/build/icyphy/ptII/ptolemy/actor/lib/test/auto/NilTokenNonStrictTest.xml (RunModel)" time="0.014" />
  <testcase classname="ptolemy.util.test.junit.AutoTests" name="[243] /home/travis/build/icyphy/ptII/ptolemy/actor/lib/test/auto/NilTokenRecord.xml (RunModel)" time="0.028" />
  <testcase classname="ptolemy.util.test.junit.AutoTests" name="[244] /home/travis/build/icyphy/ptII/ptolemy/actor/lib/test/auto/NilTokenTypeTest.xml (RunModel)" time="0.027" />
  <testcase classname="ptolemy.util.test.junit.AutoTests" name="[245] /home/travis/build/icyphy/ptII/ptolemy/actor/lib/test/auto/ObjectToken1.xml (RunModel)" time="0.009" />
  <testcase classname="ptolemy.util.test.junit.AutoTests" name="[246] /home/travis/build/icyphy/ptII/ptolemy/actor/lib/test/auto/OrderedMerge.xml (RunModel)" time="0.02" />
  <testcase classname="ptolemy.util.test.junit.AutoTests" name="[247] /home/travis/build/icyphy/ptII/ptolemy/actor/lib/test/auto/OrderedRecordDisassembler.xml (RunModel)" time="0.018" />
  <testcase classname="ptolemy.util.test.junit.AutoTests" name="[248] /home/travis/build/icyphy/ptII/ptolemy/actor/lib/test/auto/OrderedRecordDisassembler2.xml (RunModel)" time="0.019" />
  <testcase classname="ptolemy.util.test.junit.AutoTests" name="[249] /home/travis/build/icyphy/ptII/ptolemy/actor/lib/test/auto/OrderedRecordUpdater.xml (RunModel)" time="0.012" />
  <testcase classname="ptolemy.util.test.junit.AutoTests" name="[250] /home/travis/build/icyphy/ptII/ptolemy/actor/lib/test/auto/OrderedRecordUpdater2.xml (RunModel)" time="0.018" />
  <testcase classname="ptolemy.util.test.junit.AutoTests" name="[251] /home/travis/build/icyphy/ptII/ptolemy/actor/lib/test/auto/PhaseUnwrap.xml (RunModel)" time="0.012" />
  <testcase classname="ptolemy.util.test.junit.AutoTests" name="[252] /home/travis/build/icyphy/ptII/ptolemy/actor/lib/test/auto/PoissonClock.xml (RunModel)" time="0.011" />
  <testcase classname="ptolemy.util.test.junit.AutoTests" name="[253] /home/travis/build/icyphy/ptII/ptolemy/actor/lib/test/auto/PoissonClock2.xml (RunModel)" time="0.009" />
  <testcase classname="ptolemy.util.test.junit.AutoTests" name="[254] /home/travis/build/icyphy/ptII/ptolemy/actor/lib/test/auto/PoissonClock3.xml (RunModel)" time="0.022" />
  <testcase classname="ptolemy.util.test.junit.AutoTests" name="[255] /home/travis/build/icyphy/ptII/ptolemy/actor/lib/test/auto/PubSubWithInitialTokens.xml (RunModel)" time="0.015" />
  <testcase classname="ptolemy.util.test.junit.AutoTests" name="[256] /home/travis/build/icyphy/ptII/ptolemy/actor/lib/test/auto/PubSubWithInitialTokens2.xml (RunModel)" time="0.014" />
  <testcase classname="ptolemy.util.test.junit.AutoTests" name="[257] /home/travis/build/icyphy/ptII/ptolemy/actor/lib/test/auto/PublisherClassNoParameter.xml (RunModel)" time="0.024" />
  <testcase classname="ptolemy.util.test.junit.AutoTests" name="[258] /home/travis/build/icyphy/ptII/ptolemy/actor/lib/test/auto/PublisherClassParameter.xml (RunModel)" time="0.021" />
  <testcase classname="ptolemy.util.test.junit.AutoTests" name="[259] /home/travis/build/icyphy/ptII/ptolemy/actor/lib/test/auto/PublisherNonStrictTest.xml (RunModel)" time="0.014" />
  <testcase classname="ptolemy.util.test.junit.AutoTests" name="[260] /home/travis/build/icyphy/ptII/ptolemy/actor/lib/test/auto/PublisherPort1.xml (RunModel)" time="0.01" />
  <testcase classname="ptolemy.util.test.junit.AutoTests" name="[261] /home/travis/build/icyphy/ptII/ptolemy/actor/lib/test/auto/PublisherPort2.xml (RunModel)" time="0.009" />
  <testcase classname="ptolemy.util.test.junit.AutoTests" name="[262] /home/travis/build/icyphy/ptII/ptolemy/actor/lib/test/auto/PublisherPort3.xml (RunModel)" time="0.02" />
  <testcase classname="ptolemy.util.test.junit.AutoTests" name="[263] /home/travis/build/icyphy/ptII/ptolemy/actor/lib/test/auto/PublisherPort4.xml (RunModel)" time="0.016" />
  <testcase classname="ptolemy.util.test.junit.AutoTests" name="[264] /home/travis/build/icyphy/ptII/ptolemy/actor/lib/test/auto/PublisherPort5.xml (RunModel)" time="0.013" />
  <testcase classname="ptolemy.util.test.junit.AutoTests" name="[265] /home/travis/build/icyphy/ptII/ptolemy/actor/lib/test/auto/PublisherPort5LookAlike.xml (RunModel)" time="0.059" />
  <testcase classname="ptolemy.util.test.junit.AutoTests" name="[266] /home/travis/build/icyphy/ptII/ptolemy/actor/lib/test/auto/PublisherPort6.xml (RunModel)" time="0.011" />
  <testcase classname="ptolemy.util.test.junit.AutoTests" name="[267] /home/travis/build/icyphy/ptII/ptolemy/actor/lib/test/auto/PublisherPort7.xml (RunModel)" time="0.015" />
  <testcase classname="ptolemy.util.test.junit.AutoTests" name="[268] /home/travis/build/icyphy/ptII/ptolemy/actor/lib/test/auto/PublisherPort8.xml (RunModel)" time="0.016" />
  <testcase classname="ptolemy.util.test.junit.AutoTests" name="[269] /home/travis/build/icyphy/ptII/ptolemy/actor/lib/test/auto/PublisherPortSubscriberChannelVariablesAOC2.xml (RunModel)" time="0.03" />
  <testcase classname="ptolemy.util.test.junit.AutoTests" name="[270] /home/travis/build/icyphy/ptII/ptolemy/actor/lib/test/auto/PublisherPortSubscriberOpaqueWidthInference.xml (RunModel)" time="0.014" />
  <testcase classname="ptolemy.util.test.junit.AutoTests" name="[271] /home/travis/build/icyphy/ptII/ptolemy/actor/lib/test/auto/PublisherPortSubscriberPortAdjacent.xml (RunModel)" time="0.019" />
  <testcase classname="ptolemy.util.test.junit.AutoTests" name="[272] /home/travis/build/icyphy/ptII/ptolemy/actor/lib/test/auto/PublisherPortSubscriberPortExpression.xml (RunModel)" time="0.017" />
  <testcase classname="ptolemy.util.test.junit.AutoTests" name="[273] /home/travis/build/icyphy/ptII/ptolemy/actor/lib/test/auto/PublisherPortSubscriberPortOpaqueD3Reverse.xml (RunModel)" time="0.019" />
  <testcase classname="ptolemy.util.test.junit.AutoTests" name="[274] /home/travis/build/icyphy/ptII/ptolemy/actor/lib/test/auto/PublisherPortSubscriberPortOpaqueWidthInference.xml (RunModel)" time="0.014" />
  <testcase classname="ptolemy.util.test.junit.AutoTests" name="[275] /home/travis/build/icyphy/ptII/ptolemy/actor/lib/test/auto/PublisherPortToplevelSubscriberPortAOC.xml (RunModel)" time="0.012" />
  <testcase classname="ptolemy.util.test.junit.AutoTests" name="[276] /home/travis/build/icyphy/ptII/ptolemy/actor/lib/test/auto/PublisherSubscriber.xml (RunModel)" time="0.012" />
  <testcase classname="ptolemy.util.test.junit.AutoTests" name="[277] /home/travis/build/icyphy/ptII/ptolemy/actor/lib/test/auto/PublisherSubscriber10.xml (RunModel)" time="0.028" />
  <testcase classname="ptolemy.util.test.junit.AutoTests" name="[278] /home/travis/build/icyphy/ptII/ptolemy/actor/lib/test/auto/PublisherSubscriber10InitialOutputs.xml (RunModel)" time="0.032" />
  <testcase classname="ptolemy.util.test.junit.AutoTests" name="[279] /home/travis/build/icyphy/ptII/ptolemy/actor/lib/test/auto/PublisherSubscriber11.xml (RunModel)" time="0.02" />
  <testcase classname="ptolemy.util.test.junit.AutoTests" name="[280] /home/travis/build/icyphy/ptII/ptolemy/actor/lib/test/auto/PublisherSubscriber12.xml (RunModel)" time="0.02" />
  <testcase classname="ptolemy.util.test.junit.AutoTests" name="[281] /home/travis/build/icyphy/ptII/ptolemy/actor/lib/test/auto/PublisherSubscriber13.xml (RunModel)" time="0.009" />
  <testcase classname="ptolemy.util.test.junit.AutoTests" name="[282] /home/travis/build/icyphy/ptII/ptolemy/actor/lib/test/auto/PublisherSubscriber14.xml (RunModel)" time="0.019" />
  <testcase classname="ptolemy.util.test.junit.AutoTests" name="[283] /home/travis/build/icyphy/ptII/ptolemy/actor/lib/test/auto/PublisherSubscriber2.xml (RunModel)" time="0.012" />
  <testcase classname="ptolemy.util.test.junit.AutoTests" name="[284] /home/travis/build/icyphy/ptII/ptolemy/actor/lib/test/auto/PublisherSubscriber3.xml (RunModel)" time="0.011" />
  <testcase classname="ptolemy.util.test.junit.AutoTests" name="[285] /home/travis/build/icyphy/ptII/ptolemy/actor/lib/test/auto/PublisherSubscriber4.xml (RunModel)" time="0.009" />
  <testcase classname="ptolemy.util.test.junit.AutoTests" name="[286] /home/travis/build/icyphy/ptII/ptolemy/actor/lib/test/auto/PublisherSubscriber5.xml (RunModel)" time="0.013" />
  <testcase classname="ptolemy.util.test.junit.AutoTests" name="[287] /home/travis/build/icyphy/ptII/ptolemy/actor/lib/test/auto/PublisherSubscriber6.xml (RunModel)" time="0.019" />
  <testcase classname="ptolemy.util.test.junit.AutoTests" name="[288] /home/travis/build/icyphy/ptII/ptolemy/actor/lib/test/auto/PublisherSubscriber7.xml (RunModel)" time="0.019" />
  <testcase classname="ptolemy.util.test.junit.AutoTests" name="[289] /home/travis/build/icyphy/ptII/ptolemy/actor/lib/test/auto/PublisherSubscriber8.xml (RunModel)" time="0.035" />
  <testcase classname="ptolemy.util.test.junit.AutoTests" name="[290] /home/travis/build/icyphy/ptII/ptolemy/actor/lib/test/auto/PublisherSubscriber9.xml (RunModel)" time="0.015" />
  <testcase classname="ptolemy.util.test.junit.AutoTests" name="[291] /home/travis/build/icyphy/ptII/ptolemy/actor/lib/test/auto/PublisherSubscriberAdjacent.xml (RunModel)" time="0.016" />
  <testcase classname="ptolemy.util.test.junit.AutoTests" name="[292] /home/travis/build/icyphy/ptII/ptolemy/actor/lib/test/auto/PublisherSubscriberChannelVariablesAOC2.xml (RunModel)" time="0.034" />
  <testcase classname="ptolemy.util.test.junit.AutoTests" name="[293] /home/travis/build/icyphy/ptII/ptolemy/actor/lib/test/auto/PublisherSubscriberD3.xml (RunModel)" time="0.013" />
  <testcase classname="ptolemy.util.test.junit.AutoTests" name="[294] /home/travis/build/icyphy/ptII/ptolemy/actor/lib/test/auto/PublisherSubscriberD3Reverse.xml (RunModel)" time="0.012" />
  <testcase classname="ptolemy.util.test.junit.AutoTests" name="[295] /home/travis/build/icyphy/ptII/ptolemy/actor/lib/test/auto/PublisherSubscriberExpression.xml (RunModel)" time="0.03" />
  <testcase classname="ptolemy.util.test.junit.AutoTests" name="[296] /home/travis/build/icyphy/ptII/ptolemy/actor/lib/test/auto/PublisherSubscriberOpaque.xml (RunModel)" time="0.016" />
  <testcase classname="ptolemy.util.test.junit.AutoTests" name="[297] /home/travis/build/icyphy/ptII/ptolemy/actor/lib/test/auto/PublisherSubscriberOpaqueD3.xml (RunModel)" time="0.022" />
  <testcase classname="ptolemy.util.test.junit.AutoTests" name="[298] /home/travis/build/icyphy/ptII/ptolemy/actor/lib/test/auto/PublisherSubscriberOpaqueD3Reverse.xml (RunModel)" time="0.022" />
  <testcase classname="ptolemy.util.test.junit.AutoTests" name="[299] /home/travis/build/icyphy/ptII/ptolemy/actor/lib/test/auto/PublisherSubscriberOpaqueWidthInference.xml (RunModel)" time="0.015" />
  <testcase classname="ptolemy.util.test.junit.AutoTests" name="[300] /home/travis/build/icyphy/ptII/ptolemy/actor/lib/test/auto/PublisherTestSubscriber.xml (RunModel)" time="0.014" />
  <testcase classname="ptolemy.util.test.junit.AutoTests" name="[301] /home/travis/build/icyphy/ptII/ptolemy/actor/lib/test/auto/PublisherToplevelSubscriberPortAOC.xml (RunModel)" time="0.012" />
  <testcase classname="ptolemy.util.test.junit.AutoTests" name="[302] /home/travis/build/icyphy/ptII/ptolemy/actor/lib/test/auto/PulseFiringLimitDE.xml (RunModel)" time="0.053" />
  <testcase classname="ptolemy.util.test.junit.AutoTests" name="[303] /home/travis/build/icyphy/ptII/ptolemy/actor/lib/test/auto/Ramp1.xml (RunModel)" time="0.007" />
  <testcase classname="ptolemy.util.test.junit.AutoTests" name="[304] /home/travis/build/icyphy/ptII/ptolemy/actor/lib/test/auto/RampFiringLimitDE.xml (RunModel)" time="0.01" />
  <testcase classname="ptolemy.util.test.junit.AutoTests" name="[305] /home/travis/build/icyphy/ptII/ptolemy/actor/lib/test/auto/RampFiringLimitSDF.xml (RunModel)" time="0.009" />
  <testcase classname="ptolemy.util.test.junit.AutoTests" name="[306] /home/travis/build/icyphy/ptII/ptolemy/actor/lib/test/auto/RandomInteger.xml (RunModel)" time="0.008" />
  <testcase classname="ptolemy.util.test.junit.AutoTests" name="[307] /home/travis/build/icyphy/ptII/ptolemy/actor/lib/test/auto/ReadFile1.xml (RunModel)" time="0.007" />
  <testcase classname="ptolemy.util.test.junit.AutoTests" name="[308] /home/travis/build/icyphy/ptII/ptolemy/actor/lib/test/auto/ReadFile2.xml (RunModel)" time="0.007" />
  <testcase classname="ptolemy.util.test.junit.AutoTests" name="[309] /home/travis/build/icyphy/ptII/ptolemy/actor/lib/test/auto/Reader.xml (RunModel)" time="0.014" />
  <testcase classname="ptolemy.util.test.junit.AutoTests" name="[310] /home/travis/build/icyphy/ptII/ptolemy/actor/lib/test/auto/RecordAssemblerDisplayNameTest.xml (RunModel)" time="3.242" />
  <testcase classname="ptolemy.util.test.junit.AutoTests" name="[311] /home/travis/build/icyphy/ptII/ptolemy/actor/lib/test/auto/RecordAssemblerTypeError.xml (RunModel)" time="0.036" />
  <testcase classname="ptolemy.util.test.junit.AutoTests" name="[312] /home/travis/build/icyphy/ptII/ptolemy/actor/lib/test/auto/RecordDisassember.xml (RunModel)" time="0.012" />
  <testcase classname="ptolemy.util.test.junit.AutoTests" name="[313] /home/travis/build/icyphy/ptII/ptolemy/actor/lib/test/auto/RecordDisassemberDisplayNameTest.xml (RunModel)" time="0.018" />
  <testcase classname="ptolemy.util.test.junit.AutoTests" name="[314] /home/travis/build/icyphy/ptII/ptolemy/actor/lib/test/auto/RecordDisassembler.xml (RunModel)" time="0.02" />
  <testcase classname="ptolemy.util.test.junit.AutoTests" name="[315] /home/travis/build/icyphy/ptII/ptolemy/actor/lib/test/auto/RecordDisassembler2.xml (RunModel)" time="0.009" />
  <testcase classname="ptolemy.util.test.junit.AutoTests" name="[316] /home/travis/build/icyphy/ptII/ptolemy/actor/lib/test/auto/RecordUpdater.xml (RunModel)" time="0.009" />
  <testcase classname="ptolemy.util.test.junit.AutoTests" name="[317] /home/travis/build/icyphy/ptII/ptolemy/actor/lib/test/auto/RecordUpdater2.xml (RunModel)" time="0.009" />
  <testcase classname="ptolemy.util.test.junit.AutoTests" name="[318] /home/travis/build/icyphy/ptII/ptolemy/actor/lib/test/auto/RecursiveLattice.xml (RunModel)" time="0.009" />
  <testcase classname="ptolemy.util.test.junit.AutoTests" name="[319] /home/travis/build/icyphy/ptII/ptolemy/actor/lib/test/auto/Router.xml (RunModel)" time="3.026" />
  <testcase classname="ptolemy.util.test.junit.AutoTests" name="[320] /home/travis/build/icyphy/ptII/ptolemy/actor/lib/test/auto/Router2.xml (RunModel)" time="3.026" />
  <testcase classname="ptolemy.util.test.junit.AutoTests" name="[321] /home/travis/build/icyphy/ptII/ptolemy/actor/lib/test/auto/RunningMaximum.xml (RunModel)" time="0.016" />
  <testcase classname="ptolemy.util.test.junit.AutoTests" name="[322] /home/travis/build/icyphy/ptII/ptolemy/actor/lib/test/auto/RunningMinimum.xml (RunModel)" time="0.022" />
  <testcase classname="ptolemy.util.test.junit.AutoTests" name="[323] /home/travis/build/icyphy/ptII/ptolemy/actor/lib/test/auto/Scale.xml (RunModel)" time="0.008" />
  <testcase classname="ptolemy.util.test.junit.AutoTests" name="[324] /home/travis/build/icyphy/ptII/ptolemy/actor/lib/test/auto/Scale2.xml (RunModel)" time="0.009" />
  <testcase classname="ptolemy.util.test.junit.AutoTests" name="[325] /home/travis/build/icyphy/ptII/ptolemy/actor/lib/test/auto/Scale3.xml (RunModel)" time="0.017" />
  <testcase classname="ptolemy.util.test.junit.AutoTests" name="[326] /home/travis/build/icyphy/ptII/ptolemy/actor/lib/test/auto/ScaleArray.xml (RunModel)" time="0.007" />
  <testcase classname="ptolemy.util.test.junit.AutoTests" name="[327] /home/travis/build/icyphy/ptII/ptolemy/actor/lib/test/auto/ScaleArray2.xml (RunModel)" time="0.008" />
  <testcase classname="ptolemy.util.test.junit.AutoTests" name="[328] /home/travis/build/icyphy/ptII/ptolemy/actor/lib/test/auto/ScaleMatrix.xml (RunModel)" time="0.147" />
  <testcase classname="ptolemy.util.test.junit.AutoTests" name="[329] /home/travis/build/icyphy/ptII/ptolemy/actor/lib/test/auto/Select.xml (RunModel)" time="0.014" />
  <testcase classname="ptolemy.util.test.junit.AutoTests" name="[330] /home/travis/build/icyphy/ptII/ptolemy/actor/lib/test/auto/Select2.xml (RunModel)" time="0.008" />
  <testcase classname="ptolemy.util.test.junit.AutoTests" name="[331] /home/travis/build/icyphy/ptII/ptolemy/actor/lib/test/auto/SequenceToArray2.xml (RunModel)" time="0.14" />
  <testcase classname="ptolemy.util.test.junit.AutoTests" name="[332] /home/travis/build/icyphy/ptII/ptolemy/actor/lib/test/auto/SequentialClock.xml (RunModel)" time="0.011" />
  <testcase classname="ptolemy.util.test.junit.AutoTests" name="[333] /home/travis/build/icyphy/ptII/ptolemy/actor/lib/test/auto/SetVariable.xml (RunModel)" time="0.012" />
  <testcase classname="ptolemy.util.test.junit.AutoTests" name="[334] /home/travis/build/icyphy/ptII/ptolemy/actor/lib/test/auto/SetVariable2.xml (RunModel)" time="0.01" />
  <testcase classname="ptolemy.util.test.junit.AutoTests" name="[335] /home/travis/build/icyphy/ptII/ptolemy/actor/lib/test/auto/SetVariable3.xml (RunModel)" time="0.014" />
  <testcase classname="ptolemy.util.test.junit.AutoTests" name="[336] /home/travis/build/icyphy/ptII/ptolemy/actor/lib/test/auto/SetVariable4.xml (RunModel)" time="0.029" />
  <testcase classname="ptolemy.util.test.junit.AutoTests" name="[337] /home/travis/build/icyphy/ptII/ptolemy/actor/lib/test/auto/SetVariable5.xml (RunModel)" time="0.035" />
  <testcase classname="ptolemy.util.test.junit.AutoTests" name="[338] /home/travis/build/icyphy/ptII/ptolemy/actor/lib/test/auto/Sinewave.xml (RunModel)" time="0.023" />
  <testcase classname="ptolemy.util.test.junit.AutoTests" name="[339] /home/travis/build/icyphy/ptII/ptolemy/actor/lib/test/auto/Sinewave2.xml (RunModel)" time="0.016" />
  <testcase classname="ptolemy.util.test.junit.AutoTests" name="[340] /home/travis/build/icyphy/ptII/ptolemy/actor/lib/test/auto/Sinewave3.xml (RunModel)" time="0.021" />
  <testcase classname="ptolemy.util.test.junit.AutoTests" name="[341] /home/travis/build/icyphy/ptII/ptolemy/actor/lib/test/auto/SingleEvent.xml (RunModel)" time="0.006" />
  <testcase classname="ptolemy.util.test.junit.AutoTests" name="[342] /home/travis/build/icyphy/ptII/ptolemy/actor/lib/test/auto/Sleep.xml (RunModel)" time="6.022" />
  <testcase classname="ptolemy.util.test.junit.AutoTests" name="[343] /home/travis/build/icyphy/ptII/ptolemy/actor/lib/test/auto/SleepMultipleFire.xml (RunModel)" time="1.026" />
  <testcase classname="ptolemy.util.test.junit.AutoTests" name="[344] /home/travis/build/icyphy/ptII/ptolemy/actor/lib/test/auto/StopDE.xml (RunModel)" time="0.015" />
  <testcase classname="ptolemy.util.test.junit.AutoTests" name="[345] /home/travis/build/icyphy/ptII/ptolemy/actor/lib/test/auto/StopSDF.xml (RunModel)" time="0.02" />
  <testcase classname="ptolemy.util.test.junit.AutoTests" name="[346] /home/travis/build/icyphy/ptII/ptolemy/actor/lib/test/auto/StringConstant.xml (RunModel)" time="0.015" />
  <testcase classname="ptolemy.util.test.junit.AutoTests" name="[347] /home/travis/build/icyphy/ptII/ptolemy/actor/lib/test/auto/SubscriberPortInitialValues1.xml (RunModel)" time="0.024" />
  <testcase classname="ptolemy.util.test.junit.AutoTests" name="[348] /home/travis/build/icyphy/ptII/ptolemy/actor/lib/test/auto/SubscriberPortInitialValues13.xml (RunModel)" time="0.029" />
  <testcase classname="ptolemy.util.test.junit.AutoTests" name="[349] /home/travis/build/icyphy/ptII/ptolemy/actor/lib/test/auto/SubscriberPortInitialValues14.xml (RunModel)" time="0.052" />
  <testcase classname="ptolemy.util.test.junit.AutoTests" name="[350] /home/travis/build/icyphy/ptII/ptolemy/actor/lib/test/auto/SubscriberPortInitialValues2.xml (RunModel)" time="0.015" />
  <testcase classname="ptolemy.util.test.junit.AutoTests" name="[351] /home/travis/build/icyphy/ptII/ptolemy/actor/lib/test/auto/SubscriberPortInitialValues3.xml (RunModel)" time="0.02" />
  <testcase classname="ptolemy.util.test.junit.AutoTests" name="[352] /home/travis/build/icyphy/ptII/ptolemy/actor/lib/test/auto/SubscriptionAggregator.xml (RunModel)" time="0.012" />
  <testcase classname="ptolemy.util.test.junit.AutoTests" name="[353] /home/travis/build/icyphy/ptII/ptolemy/actor/lib/test/auto/SubscriptionAggregator2.xml (RunModel)" time="0.012" />
  <testcase classname="ptolemy.util.test.junit.AutoTests" name="[354] /home/travis/build/icyphy/ptII/ptolemy/actor/lib/test/auto/SubscriptionAggregator3.xml (RunModel)" time="0.017" />
  <testcase classname="ptolemy.util.test.junit.AutoTests" name="[355] /home/travis/build/icyphy/ptII/ptolemy/actor/lib/test/auto/SubscriptionAggregatorMultiply.xml (RunModel)" time="0.025" />
  <testcase classname="ptolemy.util.test.junit.AutoTests" name="[356] /home/travis/build/icyphy/ptII/ptolemy/actor/lib/test/auto/SubscriptionAggregatorPortMultiply1.xml (RunModel)" time="0.016" />
  <testcase classname="ptolemy.util.test.junit.AutoTests" name="[357] /home/travis/build/icyphy/ptII/ptolemy/actor/lib/test/auto/Switch.xml (RunModel)" time="0.022" />
  <testcase classname="ptolemy.util.test.junit.AutoTests" name="[358] /home/travis/build/icyphy/ptII/ptolemy/actor/lib/test/auto/Switch2.xml (RunModel)" time="0.012" />
  <testcase classname="ptolemy.util.test.junit.AutoTests" name="[359] /home/travis/build/icyphy/ptII/ptolemy/actor/lib/test/auto/SwitchDE.xml (RunModel)" time="0.013" />
  <testcase classname="ptolemy.util.test.junit.AutoTests" name="[360] /home/travis/build/icyphy/ptII/ptolemy/actor/lib/test/auto/SynchronizerDE.xml (RunModel)" time="0.022" />
  <testcase classname="ptolemy.util.test.junit.AutoTests" name="[361] /home/travis/build/icyphy/ptII/ptolemy/actor/lib/test/auto/Test.xml (RunModel)" time="0.008" />
  <testcase classname="ptolemy.util.test.junit.AutoTests" name="[362] /home/travis/build/icyphy/ptII/ptolemy/actor/lib/test/auto/TestExceptionAttribute1.xml (RunModel)" time="0.007" />
  <testcase classname="ptolemy.util.test.junit.AutoTests" name="[363] /home/travis/build/icyphy/ptII/ptolemy/actor/lib/test/auto/TestExceptionAttribute2.xml (RunModel)" time="0.011" />
  <testcase classname="ptolemy.util.test.junit.AutoTests" name="[364] /home/travis/build/icyphy/ptII/ptolemy/actor/lib/test/auto/TestExceptionAttribute3.xml (RunModel)" time="0.01" />
  <testcase classname="ptolemy.util.test.junit.AutoTests" name="[365] /home/travis/build/icyphy/ptII/ptolemy/actor/lib/test/auto/TestExceptionAttribute4.xml (RunModel)" time="0.007" />
  <testcase classname="ptolemy.util.test.junit.AutoTests" name="[366] /home/travis/build/icyphy/ptII/ptolemy/actor/lib/test/auto/TestExceptionHandler1.xml (RunModel)" time="0.006" />
  <testcase classname="ptolemy.util.test.junit.AutoTests" name="[367] /home/travis/build/icyphy/ptII/ptolemy/actor/lib/test/auto/TestExceptionHandler2.xml (RunModel)" time="0.013" />
  <testcase classname="ptolemy.util.test.junit.AutoTests" name="[368] /home/travis/build/icyphy/ptII/ptolemy/actor/lib/test/auto/TestExceptionHandler3.xml (RunModel)" time="0.005" />
  <testcase classname="ptolemy.util.test.junit.AutoTests" name="[369] /home/travis/build/icyphy/ptII/ptolemy/actor/lib/test/auto/TestExceptionHandler4.xml (RunModel)" time="0.006" />
  <testcase classname="ptolemy.util.test.junit.AutoTests" name="[370] /home/travis/build/icyphy/ptII/ptolemy/actor/lib/test/auto/TestRequireCorrectOrder.xml (RunModel)" time="0.017" />
  <testcase classname="ptolemy.util.test.junit.AutoTests" name="[371] /home/travis/build/icyphy/ptII/ptolemy/actor/lib/test/auto/TestSimple.xml (RunModel)" time="0.009" />
  <testcase classname="ptolemy.util.test.junit.AutoTests" name="[372] /home/travis/build/icyphy/ptII/ptolemy/actor/lib/test/auto/ThrowModelError.xml (RunModel)" time="0.01" />
  <testcase classname="ptolemy.util.test.junit.AutoTests" name="[373] /home/travis/build/icyphy/ptII/ptolemy/actor/lib/test/auto/TimeDelayMicrosteps.xml (RunModel)" time="0.012" />
  <testcase classname="ptolemy.util.test.junit.AutoTests" name="[374] /home/travis/build/icyphy/ptII/ptolemy/actor/lib/test/auto/TimeDelayMicrosteps2.xml (RunModel)" time="0.015" />
  <testcase classname="ptolemy.util.test.junit.AutoTests" name="[375] /home/travis/build/icyphy/ptII/ptolemy/actor/lib/test/auto/TimeDelayMicrosteps3.xml (RunModel)" time="0.012" />
  <testcase classname="ptolemy.util.test.junit.AutoTests" name="[376] /home/travis/build/icyphy/ptII/ptolemy/actor/lib/test/auto/TimeDelayVariableMicrosteps.xml (RunModel)" time="0.012" />
  <testcase classname="ptolemy.util.test.junit.AutoTests" name="[377] /home/travis/build/icyphy/ptII/ptolemy/actor/lib/test/auto/TimeGap.xml (RunModel)" time="0.014" />
  <testcase classname="ptolemy.util.test.junit.AutoTests" name="[378] /home/travis/build/icyphy/ptII/ptolemy/actor/lib/test/auto/TimeGap2.xml (RunModel)" time="0.01" />
  <testcase classname="ptolemy.util.test.junit.AutoTests" name="[379] /home/travis/build/icyphy/ptII/ptolemy/actor/lib/test/auto/TimedSinewave.xml (RunModel)" time="0.051" />
  <testcase classname="ptolemy.util.test.junit.AutoTests" name="[380] /home/travis/build/icyphy/ptII/ptolemy/actor/lib/test/auto/TimedSinewavePhase.xml (RunModel)" time="0.035" />
  <testcase classname="ptolemy.util.test.junit.AutoTests" name="[381] /home/travis/build/icyphy/ptII/ptolemy/actor/lib/test/auto/Timer.xml (RunModel)" time="0.017" />
  <testcase classname="ptolemy.util.test.junit.AutoTests" name="[382] /home/travis/build/icyphy/ptII/ptolemy/actor/lib/test/auto/TriangularDistTestModel.xml (RunModel)" time="0.018" />
  <testcase classname="ptolemy.util.test.junit.AutoTests" name="[383] /home/travis/build/icyphy/ptII/ptolemy/actor/lib/test/auto/TrigFunction.xml (RunModel)" time="0.01" />
  <testcase classname="ptolemy.util.test.junit.AutoTests" name="[384] /home/travis/build/icyphy/ptII/ptolemy/actor/lib/test/auto/TrigFunctionDE.xml (RunModel)" time="0.011" />
  <testcase classname="ptolemy.util.test.junit.AutoTests" name="[385] /home/travis/build/icyphy/ptII/ptolemy/actor/lib/test/auto/TrigFunctionInverse.xml (RunModel)" time="0.009" />
  <testcase classname="ptolemy.util.test.junit.AutoTests" name="[386] /home/travis/build/icyphy/ptII/ptolemy/actor/lib/test/auto/TrigFunctionTan.xml (RunModel)" time="0.008" />
  <testcase classname="ptolemy.util.test.junit.AutoTests" name="[387] /home/travis/build/icyphy/ptII/ptolemy/actor/lib/test/auto/TriggeredClock.xml (RunModel)" time="0.009" />
  <testcase classname="ptolemy.util.test.junit.AutoTests" name="[388] /home/travis/build/icyphy/ptII/ptolemy/actor/lib/test/auto/URLDirectoryReader.xml (RunModel)" time="0.13" />
  <testcase classname="ptolemy.util.test.junit.AutoTests" name="[389] /home/travis/build/icyphy/ptII/ptolemy/actor/lib/test/auto/URLDirectoryReader3.xml (RunModel)" time="1.396" />
  <testcase classname="ptolemy.util.test.junit.AutoTests" name="[390] /home/travis/build/icyphy/ptII/ptolemy/actor/lib/test/auto/UnaryMathFunction.xml (RunModel)" time="0.024" />
  <testcase classname="ptolemy.util.test.junit.AutoTests" name="[391] /home/travis/build/icyphy/ptII/ptolemy/actor/lib/test/auto/Uniform.xml (RunModel)" time="0.01" />
  <testcase classname="ptolemy.util.test.junit.AutoTests" name="[392] /home/travis/build/icyphy/ptII/ptolemy/actor/lib/test/auto/UnionDisassemblerTest.xml (RunModel)" time="0.016" />
  <testcase classname="ptolemy.util.test.junit.AutoTests" name="[393] /home/travis/build/icyphy/ptII/ptolemy/actor/lib/test/auto/UtilityFunctions.xml (RunModel)" time="0.007" />
  <testcase classname="ptolemy.util.test.junit.AutoTests" name="[394] /home/travis/build/icyphy/ptII/ptolemy/actor/lib/test/auto/VariableSleep.xml (RunModel)" time="0.512" />
  <testcase classname="ptolemy.util.test.junit.AutoTests" name="[395] /home/travis/build/icyphy/ptII/ptolemy/actor/lib/test/auto/VectorAssemblerDisassemblerCT.xml (RunModel)" time="0.105" />
  <testcase classname="ptolemy.util.test.junit.AutoTests" name="[396] /home/travis/build/icyphy/ptII/ptolemy/actor/lib/test/auto/VectorAssemblerDisassemblerDE.xml (RunModel)" time="0.012" />
  <testcase classname="ptolemy.util.test.junit.AutoTests" name="[397] /home/travis/build/icyphy/ptII/ptolemy/actor/lib/test/auto/VectorAssemblerDisassemblerSDF.xml (RunModel)" time="0.022" />
  <testcase classname="ptolemy.util.test.junit.AutoTests" name="[398] /home/travis/build/icyphy/ptII/ptolemy/actor/lib/test/auto/WallClockTime.xml (RunModel)" time="1.013" />
  <testcase classname="ptolemy.util.test.junit.AutoTests" name="[399] /home/travis/build/icyphy/ptII/ptolemy/actor/lib/test/auto/WidthTestWithSubscriberPublisher.xml (RunModel)" time="0.038" />
  <testcase classname="ptolemy.util.test.junit.AutoTests" name="[400] /home/travis/build/icyphy/ptII/ptolemy/actor/lib/test/auto/WidthTestWithSubscriberPublisher2.xml (RunModel)" time="0.013" />
  <testcase classname="ptolemy.util.test.junit.AutoTests" name="[401] /home/travis/build/icyphy/ptII/ptolemy/actor/lib/test/auto/WidthTestWithSubscriberPublisher3.xml (RunModel)" time="0.011" />
  <testcase classname="ptolemy.util.test.junit.AutoTests" name="[402] /home/travis/build/icyphy/ptII/ptolemy/actor/lib/test/auto/Writer.xml (RunModel)" time="0.008" />
  <testcase classname="ptolemy.util.test.junit.AutoTests" name="[403] /home/travis/build/icyphy/ptII/ptolemy/actor/lib/test/auto/array.xml (RunModel)" time="0.028" />
  <testcase classname="ptolemy.util.test.junit.AutoTests" name="[404] /home/travis/build/icyphy/ptII/ptolemy/actor/lib/test/auto/array2.xml (RunModel)" time="0.012" />
  <testcase classname="ptolemy.util.test.junit.AutoTests" name="[405] /home/travis/build/icyphy/ptII/ptolemy/actor/lib/test/auto/arrayType.xml (RunModel)" time="0.009" />
  <testcase classname="ptolemy.util.test.junit.AutoTests" name="[406] /home/travis/build/icyphy/ptII/ptolemy/actor/lib/test/auto/arrayType10.xml (RunModel)" time="0.008" />
  <testcase classname="ptolemy.util.test.junit.AutoTests" name="[407] /home/travis/build/icyphy/ptII/ptolemy/actor/lib/test/auto/arrayType11.xml (RunModel)" time="0.007" />
  <testcase classname="ptolemy.util.test.junit.AutoTests" name="[408] /home/travis/build/icyphy/ptII/ptolemy/actor/lib/test/auto/arrayType12.xml (RunModel)" time="0.008" />
  <testcase classname="ptolemy.util.test.junit.AutoTests" name="[409] /home/travis/build/icyphy/ptII/ptolemy/actor/lib/test/auto/arrayType13.xml (RunModel)" time="0.01" />
  <testcase classname="ptolemy.util.test.junit.AutoTests" name="[410] /home/travis/build/icyphy/ptII/ptolemy/actor/lib/test/auto/arrayType14.xml (RunModel)" time="0.008" />
  <testcase classname="ptolemy.util.test.junit.AutoTests" name="[411] /home/travis/build/icyphy/ptII/ptolemy/actor/lib/test/auto/arrayType15.xml (RunModel)" time="0.01" />
  <testcase classname="ptolemy.util.test.junit.AutoTests" name="[412] /home/travis/build/icyphy/ptII/ptolemy/actor/lib/test/auto/arrayType16.xml (RunModel)" time="0.009" />
  <testcase classname="ptolemy.util.test.junit.AutoTests" name="[413] /home/travis/build/icyphy/ptII/ptolemy/actor/lib/test/auto/arrayType17.xml (RunModel)" time="0.008" />
  <testcase classname="ptolemy.util.test.junit.AutoTests" name="[414] /home/travis/build/icyphy/ptII/ptolemy/actor/lib/test/auto/arrayType18.xml (RunModel)" time="0.008" />
  <testcase classname="ptolemy.util.test.junit.AutoTests" name="[415] /home/travis/build/icyphy/ptII/ptolemy/actor/lib/test/auto/arrayType19.xml (RunModel)" time="0.007" />
  <testcase classname="ptolemy.util.test.junit.AutoTests" name="[416] /home/travis/build/icyphy/ptII/ptolemy/actor/lib/test/auto/arrayType2.xml (RunModel)" time="0.009" />
  <testcase classname="ptolemy.util.test.junit.AutoTests" name="[417] /home/travis/build/icyphy/ptII/ptolemy/actor/lib/test/auto/arrayType20.xml (RunModel)" time="0.009" />
  <testcase classname="ptolemy.util.test.junit.AutoTests" name="[418] /home/travis/build/icyphy/ptII/ptolemy/actor/lib/test/auto/arrayType21.xml (RunModel)" time="0.007" />
  <testcase classname="ptolemy.util.test.junit.AutoTests" name="[419] /home/travis/build/icyphy/ptII/ptolemy/actor/lib/test/auto/arrayType22.xml (RunModel)" time="0.008" />
  <testcase classname="ptolemy.util.test.junit.AutoTests" name="[420] /home/travis/build/icyphy/ptII/ptolemy/actor/lib/test/auto/arrayType23.xml (RunModel)" time="0.008" />
  <testcase classname="ptolemy.util.test.junit.AutoTests" name="[421] /home/travis/build/icyphy/ptII/ptolemy/actor/lib/test/auto/arrayType24.xml (RunModel)" time="0.008" />
  <testcase classname="ptolemy.util.test.junit.AutoTests" name="[422] /home/travis/build/icyphy/ptII/ptolemy/actor/lib/test/auto/arrayType25.xml (RunModel)" time="0.008" />
  <testcase classname="ptolemy.util.test.junit.AutoTests" name="[423] /home/travis/build/icyphy/ptII/ptolemy/actor/lib/test/auto/arrayType26.xml (RunModel)" time="0.009" />
  <testcase classname="ptolemy.util.test.junit.AutoTests" name="[424] /home/travis/build/icyphy/ptII/ptolemy/actor/lib/test/auto/arrayType27.xml (RunModel)" time="0.008" />
  <testcase classname="ptolemy.util.test.junit.AutoTests" name="[425] /home/travis/build/icyphy/ptII/ptolemy/actor/lib/test/auto/arrayType28.xml (RunModel)" time="0.016" />
  <testcase classname="ptolemy.util.test.junit.AutoTests" name="[426] /home/travis/build/icyphy/ptII/ptolemy/actor/lib/test/auto/arrayType3.xml (RunModel)" time="0.012" />
  <testcase classname="ptolemy.util.test.junit.AutoTests" name="[427] /home/travis/build/icyphy/ptII/ptolemy/actor/lib/test/auto/arrayType4.xml (RunModel)" time="0.009" />
  <testcase classname="ptolemy.util.test.junit.AutoTests" name="[428] /home/travis/build/icyphy/ptII/ptolemy/actor/lib/test/auto/arrayType5.xml (RunModel)" time="0.008" />
  <testcase classname="ptolemy.util.test.junit.AutoTests" name="[429] /home/travis/build/icyphy/ptII/ptolemy/actor/lib/test/auto/arrayType6.xml (RunModel)" time="0.007" />
  <testcase classname="ptolemy.util.test.junit.AutoTests" name="[430] /home/travis/build/icyphy/ptII/ptolemy/actor/lib/test/auto/arrayType7.xml (RunModel)" time="0.014" />
  <testcase classname="ptolemy.util.test.junit.AutoTests" name="[431] /home/travis/build/icyphy/ptII/ptolemy/actor/lib/test/auto/arrayType8.xml (RunModel)" time="0.009" />
  <testcase classname="ptolemy.util.test.junit.AutoTests" name="[432] /home/travis/build/icyphy/ptII/ptolemy/actor/lib/test/auto/arrayType9.xml (RunModel)" time="0.019" />
  <testcase classname="ptolemy.util.test.junit.AutoTests" name="[433] /home/travis/build/icyphy/ptII/ptolemy/actor/lib/test/auto/cast.xml (RunModel)" time="0.008" />
  <testcase classname="ptolemy.util.test.junit.AutoTests" name="[434] /home/travis/build/icyphy/ptII/ptolemy/actor/lib/test/auto/compositeMultiPort.xml (RunModel)" time="0.016" />
  <testcase classname="ptolemy.util.test.junit.AutoTests" name="[435] /home/travis/build/icyphy/ptII/ptolemy/actor/lib/test/auto/expressionCastInference.xml (RunModel)" time="0.008" />
  <testcase classname="ptolemy.util.test.junit.AutoTests" name="[436] /home/travis/build/icyphy/ptII/ptolemy/actor/lib/test/auto/expressionCastInference2.xml (RunModel)" time="0.008" />
  <testcase classname="ptolemy.util.test.junit.AutoTests" name="[437] /home/travis/build/icyphy/ptII/ptolemy/actor/lib/test/auto/expressionInference.xml (RunModel)" time="0.007" />
  <testcase classname="ptolemy.util.test.junit.AutoTests" name="[438] /home/travis/build/icyphy/ptII/ptolemy/actor/lib/test/auto/expression_bug.xml (RunModel)" time="0.007" />
  <testcase classname="ptolemy.util.test.junit.AutoTests" name="[439] /home/travis/build/icyphy/ptII/ptolemy/actor/lib/test/auto/factorial.xml (RunModel)" time="0.044" />
  <testcase classname="ptolemy.util.test.junit.AutoTests" name="[440] /home/travis/build/icyphy/ptII/ptolemy/actor/lib/test/auto/filterTest1.xml (RunModel)" time="0.011" />
  <testcase classname="ptolemy.util.test.junit.AutoTests" name="[441] /home/travis/build/icyphy/ptII/ptolemy/actor/lib/test/auto/funcApplyInConst.xml (RunModel)" time="0.006" />
  <testcase classname="ptolemy.util.test.junit.AutoTests" name="[442] /home/travis/build/icyphy/ptII/ptolemy/actor/lib/test/auto/funcApplyInExpr.xml (RunModel)" time="0.04" />
  <testcase classname="ptolemy.util.test.junit.AutoTests" name="[443] /home/travis/build/icyphy/ptII/ptolemy/actor/lib/test/auto/function.xml (RunModel)" time="0.037" />
  <testcase classname="ptolemy.util.test.junit.AutoTests" name="[444] /home/travis/build/icyphy/ptII/ptolemy/actor/lib/test/auto/function2.xml (RunModel)" time="0.036" />
  <testcase classname="ptolemy.util.test.junit.AutoTests" name="[445] /home/travis/build/icyphy/ptII/ptolemy/actor/lib/test/auto/function3.xml (RunModel)" time="0.031" />
  <testcase classname="ptolemy.util.test.junit.AutoTests" name="[446] /home/travis/build/icyphy/ptII/ptolemy/actor/lib/test/auto/functionClosureTest1.xml (RunModel)" time="0.034" />
  <testcase classname="ptolemy.util.test.junit.AutoTests" name="[447] /home/travis/build/icyphy/ptII/ptolemy/actor/lib/test/auto/functionClosureTest2.xml (RunModel)" time="0.025" />
  <testcase classname="ptolemy.util.test.junit.AutoTests" name="[448] /home/travis/build/icyphy/ptII/ptolemy/actor/lib/test/auto/functionClosureTest3.xml (RunModel)" time="0.028" />
  <testcase classname="ptolemy.util.test.junit.AutoTests" name="[449] /home/travis/build/icyphy/ptII/ptolemy/actor/lib/test/auto/functionClosureTest4.xml (RunModel)" time="0.018" />
  <testcase classname="ptolemy.util.test.junit.AutoTests" name="[450] /home/travis/build/icyphy/ptII/ptolemy/actor/lib/test/auto/functionClosureTest5.xml (RunModel)" time="0.012" />
  <testcase classname="ptolemy.util.test.junit.AutoTests" name="[451] /home/travis/build/icyphy/ptII/ptolemy/actor/lib/test/auto/functionClosureTest6.xml (RunModel)" time="0.008" />
  <testcase classname="ptolemy.util.test.junit.AutoTests" name="[452] /home/travis/build/icyphy/ptII/ptolemy/actor/lib/test/auto/functionsOnArcs.xml (RunModel)" time="0.02" />
  <testcase classname="ptolemy.util.test.junit.AutoTests" name="[453] /home/travis/build/icyphy/ptII/ptolemy/actor/lib/test/auto/functionsOnArcsHOF.xml (RunModel)" time="0.017" />
  <testcase classname="ptolemy.util.test.junit.AutoTests" name="[454] /home/travis/build/icyphy/ptII/ptolemy/actor/lib/test/auto/logic.xml (RunModel)" time="0.016" />
  <testcase classname="ptolemy.util.test.junit.AutoTests" name="[455] /home/travis/build/icyphy/ptII/ptolemy/actor/lib/test/auto/matrixType.xml (RunModel)" time="0.009" />
  <testcase classname="ptolemy.util.test.junit.AutoTests" name="[456] /home/travis/build/icyphy/ptII/ptolemy/actor/lib/test/auto/matrixType10.xml (RunModel)" time="0.008" />
  <testcase classname="ptolemy.util.test.junit.AutoTests" name="[457] /home/travis/build/icyphy/ptII/ptolemy/actor/lib/test/auto/matrixType11.xml (RunModel)" time="0.008" />
  <testcase classname="ptolemy.util.test.junit.AutoTests" name="[458] /home/travis/build/icyphy/ptII/ptolemy/actor/lib/test/auto/matrixType12.xml (RunModel)" time="0.01" />
  <testcase classname="ptolemy.util.test.junit.AutoTests" name="[459] /home/travis/build/icyphy/ptII/ptolemy/actor/lib/test/auto/matrixType13.xml (RunModel)" time="0.007" />
  <testcase classname="ptolemy.util.test.junit.AutoTests" name="[460] /home/travis/build/icyphy/ptII/ptolemy/actor/lib/test/auto/matrixType14.xml (RunModel)" time="0.01" />
  <testcase classname="ptolemy.util.test.junit.AutoTests" name="[461] /home/travis/build/icyphy/ptII/ptolemy/actor/lib/test/auto/matrixType2.xml (RunModel)" time="0.007" />
  <testcase classname="ptolemy.util.test.junit.AutoTests" name="[462] /home/travis/build/icyphy/ptII/ptolemy/actor/lib/test/auto/matrixType3.xml (RunModel)" time="0.01" />
  <testcase classname="ptolemy.util.test.junit.AutoTests" name="[463] /home/travis/build/icyphy/ptII/ptolemy/actor/lib/test/auto/matrixType4.xml (RunModel)" time="0.008" />
  <testcase classname="ptolemy.util.test.junit.AutoTests" name="[464] /home/travis/build/icyphy/ptII/ptolemy/actor/lib/test/auto/matrixType5.xml (RunModel)" time="0.008" />
  <testcase classname="ptolemy.util.test.junit.AutoTests" name="[465] /home/travis/build/icyphy/ptII/ptolemy/actor/lib/test/auto/matrixType6.xml (RunModel)" time="0.008" />
  <testcase classname="ptolemy.util.test.junit.AutoTests" name="[466] /home/travis/build/icyphy/ptII/ptolemy/actor/lib/test/auto/matrixType7.xml (RunModel)" time="0.008" />
  <testcase classname="ptolemy.util.test.junit.AutoTests" name="[467] /home/travis/build/icyphy/ptII/ptolemy/actor/lib/test/auto/matrixType8.xml (RunModel)" time="0.009" />
  <testcase classname="ptolemy.util.test.junit.AutoTests" name="[468] /home/travis/build/icyphy/ptII/ptolemy/actor/lib/test/auto/matrixType9.xml (RunModel)" time="0.009" />
  <testcase classname="ptolemy.util.test.junit.AutoTests" name="[469] /home/travis/build/icyphy/ptII/ptolemy/actor/lib/test/auto/paraFunctest.xml (RunModel)" time="0.007" />
  <testcase classname="ptolemy.util.test.junit.AutoTests" name="[470] /home/travis/build/icyphy/ptII/ptolemy/actor/lib/test/auto/paraFunctest2.xml (RunModel)" time="0.01" />
  <testcase classname="ptolemy.util.test.junit.AutoTests" name="[471] /home/travis/build/icyphy/ptII/ptolemy/actor/lib/test/auto/parameterPassing.xml (RunModel)" time="0.012" />
  <testcase classname="ptolemy.util.test.junit.AutoTests" name="[472] /home/travis/build/icyphy/ptII/ptolemy/actor/lib/test/auto/record.xml (RunModel)" time="0.01" />
  <testcase classname="ptolemy.util.test.junit.AutoTests" name="[473] /home/travis/build/icyphy/ptII/ptolemy/actor/lib/test/auto/sizedarray1.xml (RunModel)" time="0.01" />
  <testcase classname="ptolemy.util.test.junit.AutoTests" name="[474] /home/travis/build/icyphy/ptII/ptolemy/actor/lib/test/auto/sizedarray2.xml (RunModel)" time="0.011" />
  <testcase classname="ptolemy.util.test.junit.AutoTests" name="[475] /home/travis/build/icyphy/ptII/ptolemy/actor/lib/test/auto/twoPublishers.xml (RunModel)" time="0.027" />
  <system-out><![CDATA[/home/travis/build/icyphy/ptII/ptolemy/actor/lib/test/AbsoluteValue.tcl
testDefs.tcl: setting time out to 9000 seconds at Wed Jun 03 14:33:32 UTC 2020
106 ms. Memory: 129024K Free: 92614K (72%)
4 ms. Memory: 129024K Free: 90551K (70%)
6 ms. Memory: 129024K Free: 90056K (70%)
9 ms. Memory: 129024K Free: 89032K (69%)
/home/travis/build/icyphy/ptII/ptolemy/actor/lib/test/AddSubtract.tcl
18 ms. Memory: 129024K Free: 86984K (67%)
6 ms. Memory: 129024K Free: 86470K (67%)
6 ms. Memory: 129024K Free: 85446K (66%)
8 ms. Memory: 129024K Free: 84936K (66%)
64 ms. Memory: 129024K Free: 81864K (63%)
5 ms. Memory: 129024K Free: 81335K (63%)
/home/travis/build/icyphy/ptII/ptolemy/actor/lib/test/Average.tcl
12 ms. Memory: 129024K Free: 79287K (61%)
6 ms. Memory: 129024K Free: 78271K (61%)
/home/travis/build/icyphy/ptII/ptolemy/actor/lib/test/Bernoulli.tcl
14 ms. Memory: 129024K Free: 76744K (59%)
3 ms. Memory: 129024K Free: 76230K (59%)
/home/travis/build/icyphy/ptII/ptolemy/actor/lib/test/Clock.tcl
preinitializing
resolving types
initializing
executing number 1
wrapping up
idle
37 ms. Memory: 129024K Free: 73672K (57%)
Completed execution with 5 iterations
preinitializing
resolving types
initializing
executing number 1
wrapping up
idle
8 ms. Memory: 129024K Free: 72648K (56%)
Completed execution with 5 iterations
preinitializing
resolving types
initializing
executing number 1
wrapping up
idle
10 ms. Memory: 129024K Free: 72119K (56%)
Completed execution with 5 iterations
/home/travis/build/icyphy/ptII/ptolemy/actor/lib/test/Commutator.tcl
7 ms. Memory: 129024K Free: 70086K (54%)
6 ms. Memory: 129024K Free: 69062K (54%)
13 ms. Memory: 129024K Free: 63432K (49%)
/home/travis/build/icyphy/ptII/ptolemy/actor/lib/test/Const.tcl
4 ms. Memory: 129024K Free: 61887K (48%)
2 ms. Memory: 129024K Free: 61384K (48%)
3 ms. Memory: 129024K Free: 60855K (47%)
2 ms. Memory: 129024K Free: 60360K (47%)
2 ms. Memory: 129024K Free: 59846K (46%)
23 ms. Memory: 129024K Free: 58312K (45%)
12 ms. Memory: 129024K Free: 56774K (44%)
12 ms. Memory: 129024K Free: 56264K (44%)
/home/travis/build/icyphy/ptII/ptolemy/actor/lib/test/CurrentTime.tcl
preinitializing
resolving types
initializing
executing number 1
wrapping up
idle
15 ms. Memory: 129024K Free: 54216K (42%)
Completed execution with 11 iterations
/home/travis/build/icyphy/ptII/ptolemy/actor/lib/test/DB.tcl
10 ms. Memory: 129024K Free: 52663K (41%)
3 ms. Memory: 129024K Free: 52168K (40%)
4 ms. Memory: 129024K Free: 51654K (40%)
/home/travis/build/icyphy/ptII/ptolemy/actor/lib/test/DiscreteRandomSource.tcl
preinitializing
resolving types
initializing
executing number 1
wrapping up
idle
9 ms. Memory: 129024K Free: 50120K (39%)
Completed execution with 4 iterations
preinitializing
resolving types
initializing
executing number 1
wrapping up
idle
3 ms. Memory: 129024K Free: 49606K (38%)
Completed execution with 4 iterations
preinitializing
resolving types
initializing
executing number 1
wrapping up
idle
7 ms. Memory: 129024K Free: 49096K (38%)
Completed execution with 4 iterations
preinitializing
resolving types
initializing
executing number 1
wrapping up
idle
11 ms. Memory: 129024K Free: 48551K (38%)
Completed execution with 4 iterations
preinitializing
resolving types
initializing
executing number 1
wrapping up
idle
4 ms. Memory: 129024K Free: 48072K (37%)
Completed execution with 4 iterations
/home/travis/build/icyphy/ptII/ptolemy/actor/lib/test/Distributor.tcl
2 ms. Memory: 129024K Free: 113141K (88%)
11 ms. Memory: 129024K Free: 112584K (87%)
StreamChangeRequest.changeExecuted(): <deleteEntity name="rec2"/> succeeded
StreamChangeRequest.changeExecuted(): <deleteRelation name="r2"/> succeeded
StreamChangeRequest.changeExecuted(): Record firings per iteration succeeded
7 ms. Memory: 129024K Free: 110039K (85%)
/home/travis/build/icyphy/ptII/ptolemy/actor/lib/test/Exit.tcl
Exit.tcl: this will print a message about Manager.exitAfterWrapup, which can be ignored.
4 ms. Memory: 129024K Free: 107083K (83%)
/home/travis/build/icyphy/ptII/ptolemy/actor/lib/test/Expression.tcl
22 ms. Memory: 129024K Free: 103445K (80%)
3 ms. Memory: 129024K Free: 102901K (80%)
3 ms. Memory: 129024K Free: 102421K (79%)
preinitializing
resolving types
initializing
executing number 1
wrapping up
idle
5 ms. Memory: 129024K Free: 100823K (78%)
Completed execution with 6 iterations
3 ms. Memory: 129024K Free: 99821K (77%)
2 ms. Memory: 129024K Free: 99357K (77%)
5 ms. Memory: 129024K Free: 97767K (76%)
4 ms. Memory: 129024K Free: 96735K (75%)
4 ms. Memory: 129024K Free: 95237K (74%)
/home/travis/build/icyphy/ptII/ptolemy/actor/lib/test/Gaussian.tcl
6 ms. Memory: 129024K Free: 93655K (73%)
sleeping 1 seconds: ..............................................................................................................................................................................................................................................................................................................................................................................................................................................................................................................................................................................................................................................................................................................................................................................................................................................................................................................................................................................................................................................................................................................................................................................................................................................................................................................................................................................................................................................................................................................................................................................................................................................................................................................................................................................................................................................................................................................................................................................................................................................................................................................................................................................................................................................................................................................................................................................................................................................................................................................................................................................................................................................................................................................................................................................................................................................................................................................................................................................................................................................................................................................................................................................................................................................................................................................................................................................................................................................................................................................................................................................................................................................................................................................................................................................................................................................................................................................................................................................................................................................................................................................................................................................................................................................................................................................................................................................................................................................................................................................................................................................................................................................................................................................................................................................................................................................................................................................................................................................................................................................................................................................................................................................................................................................................................................................................................................................................................................................................................................................................................................................................................................................................................................................................................................................................................................................................................................................................................................................................................................................................................................................................................................................................................................................................................................................................................................................................................................................................................................................................................................................................................................................................................................................................................................................................................................................................................................................................................................................................................................................................................................................................................................................................................................................................................................................................................................................................................................................................................................................................................................................................................................................................................................................................................................................................................................................................................................................................................................................................................................................................................................................................................................................................................................................................................................................................................................................................................................................................................................................................................................................................................................................................................................................................................................................................................................................................................................................................................................................................................................................................................................................................................................................................................................................................................................................................................................................................................................................................................................................................................................................................................................................................................................................................................................................................................................................................................................................................................................................................................................................................................................................................................................................................................................................................................................................................................................................................................................................................................................................................................................................................................................................................................................................................................................................................................................................................................................................................3 ms. Memory: 129024K Free: 107548K (83%)
3 ms. Memory: 129024K Free: 107044K (83%)
2 ms. Memory: 129024K Free: 106516K (83%)
3 ms. Memory: 129024K Free: 105377K (82%)
4 ms. Memory: 129024K Free: 104996K (81%)
/home/travis/build/icyphy/ptII/ptolemy/actor/lib/test/IIR.tcl
/home/travis/build/icyphy/ptII/ptolemy/actor/lib/test/Interpolator.tcl
4 ms. Memory: 129024K Free: 101380K (79%)
2 ms. Memory: 129024K Free: 100900K (78%)
2 ms. Memory: 129024K Free: 99876K (77%)
2 ms. Memory: 129024K Free: 99362K (77%)
2 ms. Memory: 129024K Free: 98852K (77%)
2 ms. Memory: 129024K Free: 97828K (76%)
2 ms. Memory: 129024K Free: 96804K (75%)
3 ms. Memory: 129024K Free: 95780K (74%)
2 ms. Memory: 129024K Free: 95260K (74%)
3 ms. Memory: 129024K Free: 94242K (73%)
/home/travis/build/icyphy/ptII/ptolemy/actor/lib/test/MathFunction.tcl
4 ms. Memory: 129024K Free: 92180K (71%)
3 ms. Memory: 129024K Free: 91164K (71%)
3 ms. Memory: 129024K Free: 90132K (70%)
6 ms. Memory: 129024K Free: 89108K (69%)
6 ms. Memory: 129024K Free: 88068K (68%)
13 ms. Memory: 129024K Free: 86050K (67%)
/home/travis/build/icyphy/ptII/ptolemy/actor/lib/test/Maximum.tcl
5 ms. Memory: 129024K Free: 83996K (65%)
4 ms. Memory: 129024K Free: 83492K (65%)
7 ms. Memory: 129024K Free: 82978K (64%)
5 ms. Memory: 129024K Free: 81940K (64%)
/home/travis/build/icyphy/ptII/ptolemy/actor/lib/test/Minimum.tcl
9 ms. Memory: 129024K Free: 80420K (62%)
5 ms. Memory: 129024K Free: 79892K (62%)
2 ms. Memory: 129024K Free: 78882K (61%)
2 ms. Memory: 129024K Free: 78372K (61%)
/home/travis/build/icyphy/ptII/ptolemy/actor/lib/test/MultiplyDivide.tcl
11 ms. Memory: 129024K Free: 76324K (59%)
7 ms. Memory: 129024K Free: 75796K (59%)
7 ms. Memory: 129024K Free: 75300K (58%)
4 ms. Memory: 129024K Free: 74276K (58%)
3 ms. Memory: 129024K Free: 73748K (57%)
/home/travis/build/icyphy/ptII/ptolemy/actor/lib/test/OrderedMerge.tcl
Connections changed on port: inputA
Connections changed on port: inputB
Connections changed on port: output
Connections changed on port: output
Connections changed on port: output
Connections changed on port: input
.top. Preinitializing ...
Invoking preinitialize():  .top.OrderedMerge
Called preinitialize()
Invoking preinitialize():  .top.Ramp
Called preinitialize()
Invoking preinitialize():  .top.Ramp2
Called preinitialize()
Invoking preinitialize():  .top.Test
Called preinitialize()
Connections changed on port: inputA
Connections changed on port: output
Connections changed on port: output
Connections changed on port: input
Connections changed on port: inputB
Connections changed on port: output
.top. Finished preinitialize().
Called initialize().
Invoking initialize():  .top.OrderedMerge
Initializing actor: .top.OrderedMerge
Adding a thread: .top.OrderedMerge
Invoking initialize():  .top.Ramp
Initializing actor: .top.Ramp
Adding a thread: .top.Ramp
Invoking initialize():  .top.Ramp2
Initializing actor: .top.Ramp2
Adding a thread: .top.Ramp2
Invoking initialize():  .top.Test
Initializing actor: .top.Test
Adding a thread: .top.Test
Called fire().
Checking for deadlock:
-- Starting thread.
Called initialize()
Called prefire()
Called fire()
-- Starting thread.
Called initialize()
-- Starting thread.
Called initialize()
Called prefire()
Called prefire()
There are 0 Blocked actors, 0 Stopped actors, and 4 active threads.
Waiting for actors to stop.
-- Starting thread.
Called initialize()
Called fire()
Called fire()
Checking for deadlock:
There are 1 Blocked actors, 0 Stopped actors, and 4 active threads.
Waiting for actors to stop.
Called prefire()
Called postfire()
Called prefire()
Called fire()
Called postfire()
Called fire()
Called prefire()
Called fire()
Called postfire()
Called prefire()
Called fire()
Checking for deadlock:
There are 3 Blocked actors, 0 Stopped actors, and 4 active threads.
Waiting for actors to stop.
Read input token from inputA with value 0.0
Next port to read input from is inputB
Called postfire()
Called prefire()
Called fire()
Read input token from inputB with value 0.0
Called postfire()
Called prefire()
Called fire()
Sent output token with value 0.0
Next port to read input from is inputA
Called postfire()
Called prefire()
Called fire()
Read input token from inputA with value 1.0
Checking for deadlock:
There are 2 Blocked actors, 0 Stopped actors, and 4 active threads.
Waiting for actors to stop.
Called postfire()
Called prefire()
Called fire()
Checking for deadlock:
There are 2 Blocked actors, 0 Stopped actors, and 4 active threads.
Waiting for actors to stop.
-- Read input: 0.0, which is expected to match: 0.0
Called prefire()
Called fire()
Checking for deadlock:
Sent output token with value 0.0
There are 2 Blocked actors, 0 Stopped actors, and 4 active threads.
Waiting for actors to stop.
-- Read input: 0.0, which is expected to match: 0.0
Called prefire()
Called fire()
Checking for deadlock:
Next port to read input from is inputB
There are 3 Blocked actors, 0 Stopped actors, and 4 active threads.
Called postfire()
Called prefire()
Called fire()
Waiting for actors to stop.
Read input token from inputB with value 1.5
Sent output token with value 1.0
Next port to read input from is inputA
Called postfire()
Called prefire()
Called fire()
Read input token from inputA with value 2.0
Called postfire()
Called prefire()
Called fire()
Called postfire()
Called prefire()
Called fire()
Checking for deadlock:
There are 3 Blocked actors, 0 Stopped actors, and 4 active threads.
Waiting for actors to stop.
-- Read input: 1.0, which is expected to match: 1.0
Called prefire()
Called fire()
Sent output token with value 1.5
Next port to read input from is inputB
Called postfire()
Called prefire()
Called fire()
Read input token from inputB with value 3.0
Checking for deadlock:
There are 2 Blocked actors, 0 Stopped actors, and 4 active threads.
Waiting for actors to stop.
Called postfire()
Called prefire()
Called fire()
-- Read input: 1.5, which is expected to match: 1.5
Called prefire()
Called fire()
Sent output token with value 2.0
Next port to read input from is inputA
Called postfire()
Called prefire()
Called fire()
Read input token from inputA with value 3.0
Checking for deadlock:
There are 2 Blocked actors, 0 Stopped actors, and 4 active threads.
Waiting for actors to stop.
Called postfire()
Called prefire()
Called fire()
Checking for deadlock:
There are 2 Blocked actors, 0 Stopped actors, and 4 active threads.
Waiting for actors to stop.
-- Read input: 2.0, which is expected to match: 2.0
Called prefire()
Called fire()
Checking for deadlock:
Sent output token with value 3.0
There are 2 Blocked actors, 0 Stopped actors, and 4 active threads.
Waiting for actors to stop.
Next port to read input from is inputB
Called postfire()
Called prefire()
Called fire()
Read input token from inputB with value 4.5
-- Read input: 3.0, which is expected to match: 3.0
Called postfire()
Called prefire()
Called prefire()
Called fire()
Called fire()
Checking for deadlock:
There are 3 Blocked actors, 0 Stopped actors, and 4 active threads.
Waiting for actors to stop.
Sent output token with value 3.0
-- Read input: 3.0, which is expected to match: 3.0
Called prefire()
Next port to read input from is inputA
Called postfire()
Called fire()
Called prefire()
Called fire()
Read input token from inputA with value 4.0
Checking for deadlock:
There are 1 Blocked actors, 0 Stopped actors, and 4 active threads.
Waiting for actors to stop.
-- Read input: 4.0, which is expected to match: 4.0
Sent output token with value 4.0
Called prefire()
Called fire()
Next port to read input from is inputA
Called postfire()
Called prefire()
Past the end of training data. Read and discard all inputs.
Called fire()
Called postfire()
Called prefire()
Called fire()
Read input token from inputA with value 5.0
Checking for deadlock:
There are 2 Blocked actors, 0 Stopped actors, and 4 active threads.
Waiting for actors to stop.
Sent output token with value 4.5
Checking for deadlock:
Called postfire()
Next port to read input from is inputB
Called prefire()
Called fire()
Called postfire()
Called prefire()
Called fire()
There are 1 Blocked actors, 0 Stopped actors, and 4 active threads.
Waiting for actors to stop.
Called prefire()
Called fire()
Past the end of training data. Read and discard all inputs.
Checking for deadlock:
There are 2 Blocked actors, 0 Stopped actors, and 4 active threads.
Waiting for actors to stop.
Checking for deadlock:
Read input token from inputB with value 6.0
There are 2 Blocked actors, 0 Stopped actors, and 4 active threads.
Waiting for actors to stop.
Sent output token with value 5.0
Called prefire()
Called fire()
Past the end of training data. Read and discard all inputs.
Called postfire()
Next port to read input from is inputA
Called postfire()
Called prefire()
Called prefire()
Checking for deadlock:
Called fire()
Called fire()
There are 2 Blocked actors, 0 Stopped actors, and 4 active threads.
Waiting for actors to stop.
Called postfire()
Called prefire()
Called fire()
Read input token from inputA with value 6.0
Checking for deadlock:
There are 2 Blocked actors, 0 Stopped actors, and 4 active threads.
Waiting for actors to stop.
Called prefire()
Called fire()
Past the end of training data. Read and discard all inputs.
Checking for deadlock:
There are 3 Blocked actors, 0 Stopped actors, and 4 active threads.
Waiting for actors to stop.
Sent output token with value 6.0
Next port to read input from is inputB
Called postfire()
Called prefire()
Called fire()
Checking for deadlock:
Read input token from inputB with value 7.5
There are 2 Blocked actors, 0 Stopped actors, and 4 active threads.
Waiting for actors to stop.
Called postfire()
Called prefire()
Sent output token with value 6.0
Called fire()
Next port to read input from is inputA
Called postfire()
Called prefire()
Called fire()
Checking for deadlock:
There are 2 Blocked actors, 0 Stopped actors, and 4 active threads.
Waiting for actors to stop.
Called prefire()
Called fire()
Past the end of training data. Read and discard all inputs.
Checking for deadlock:
There are 2 Blocked actors, 0 Stopped actors, and 4 active threads.
Waiting for actors to stop.
Read input token from inputA with value 7.0
Called postfire()
Sent output token with value 7.0
Called prefire()
Next port to read input from is inputA
Called postfire()
Called fire()
Called prefire()
Called fire()
Read input token from inputA with value 8.0
-- Thread wrapup() called.
Called wrapup()
Thread .top.Ramp is exiting.
-- Thread stopped.
Checking for deadlock:
There are 2 Blocked actors, 0 Stopped actors, and 3 active threads.
Waiting for actors to stop.
Called prefire()
Called fire()
Past the end of training data. Read and discard all inputs.
Checking for deadlock:
There are 2 Blocked actors, 0 Stopped actors, and 3 active threads.
Waiting for actors to stop.
Called prefire()
Called fire()
Past the end of training data. Read and discard all inputs.
Checking for deadlock:
There are 2 Blocked actors, 0 Stopped actors, and 3 active threads.
Waiting for actors to stop.
Sent output token with value 7.5
Next port to read input from is inputB
Called postfire()
Called prefire()
Called fire()
Called postfire()
Called prefire()
Called fire()
Checking for deadlock:
There are 2 Blocked actors, 0 Stopped actors, and 3 active threads.
Waiting for actors to stop.
Read input token from inputB with value 9.0
Called prefire()
Called fire()
Past the end of training data. Read and discard all inputs.
Checking for deadlock:
There are 2 Blocked actors, 0 Stopped actors, and 3 active threads.
Waiting for actors to stop.
Sent output token with value 8.0
Next port to read input from is inputA
Called postfire()
Called prefire()
Called fire()
Read input token from inputA with value 9.0
Called prefire()
Called fire()
Past the end of training data. Read and discard all inputs.
Checking for deadlock:
There are 2 Blocked actors, 0 Stopped actors, and 3 active threads.
Waiting for actors to stop.
Sent output token with value 9.0
Next port to read input from is inputB
Called postfire()
Called prefire()
Called fire()
Checking for deadlock:
There are 1 Blocked actors, 0 Stopped actors, and 3 active threads.
Waiting for actors to stop.
Called postfire()
Called prefire()
Called fire()
Checking for deadlock:
There are 2 Blocked actors, 0 Stopped actors, and 3 active threads.
Waiting for actors to stop.
Read input token from inputB with value 10.5
Checking for deadlock:
There are 1 Blocked actors, 0 Stopped actors, and 3 active threads.
Waiting for actors to stop.
Called prefire()
Called fire()
Past the end of training data. Read and discard all inputs.
Checking for deadlock:
There are 2 Blocked actors, 0 Stopped actors, and 3 active threads.
Waiting for actors to stop.
Sent output token with value 9.0
Next port to read input from is inputA
Called postfire()
Called prefire()
Called fire()
Checking for deadlock:
There are 3 Blocked actors, 0 Stopped actors, and 3 active threads.
Actors have stopped.
Checking for deadlock:
There are 3 Blocked actors, 0 Stopped actors, and 3 active threads.
Deadlock detected.
Resolving Deadlock
Checking for deadlock:
There are 3 Blocked actors, 0 Stopped actors, and 3 active threads.
Artificial Deadlock - increasing queue capacity.
increasing the capacity of receiver ptolemy.actor.TypedIOPort {.top.OrderedMerge.inputB} to 2
-- Thread wrapup() called.
Called wrapup()
Thread .top.Ramp2 is exiting.
-- Thread stopped.
Director: Called postfire().
Called postfire().
_stopRequested = false
_stopFireRequested = false
Returning from postfire(): true
Called fire().
Checking for deadlock:
There are 2 Blocked actors, 0 Stopped actors, and 2 active threads.
Actors have stopped.
Checking for deadlock:
There are 2 Blocked actors, 0 Stopped actors, and 2 active threads.
Deadlock detected.
Resolving Deadlock
Checking for deadlock:
There are 2 Blocked actors, 0 Stopped actors, and 2 active threads.
Deadlock detected: no processes blocked on write, but some are blocked on read.
Called postfire().
_stopRequested = false
_stopFireRequested = false
Returning from postfire(): false
Finished deactivating branches.
Called wrapup().
-- Thread wrapup() called.
Called wrapup()
Thread .top.Test is exiting.
-- Thread stopped.
-- Blocked Receiver call threw TerminateProcessException.
-- Thread wrapup() called.
Called wrapup()
Thread .top.OrderedMerge is exiting.
-- Thread stopped.
-- Blocked Receiver call threw TerminateProcessException.
69 ms. Memory: 129024K Free: 68642K (53%)
.top. Preinitializing ...
Invoking preinitialize():  .top.OrderedMerge
Called preinitialize()
Invoking preinitialize():  .top.Ramp
Called preinitialize()
Invoking preinitialize():  .top.Ramp2
Called preinitialize()
Invoking preinitialize():  .top.Test
Called preinitialize()
.top. Finished preinitialize().
Called initialize().
Invoking initialize():  .top.OrderedMerge
Initializing actor: .top.OrderedMerge
Adding a thread: .top.OrderedMerge
Invoking initialize():  .top.Ramp
Initializing actor: .top.Ramp
Adding a thread: .top.Ramp
Invoking initialize():  .top.Ramp2
Initializing actor: .top.Ramp2
Adding a thread: .top.Ramp2
Invoking initialize():  .top.Test
Initializing actor: .top.Test
Adding a thread: .top.Test
-- Starting thread.
Called initialize()
Called prefire()
Called fire()
-- Starting thread.
Called initialize()
Called prefire()
Called fire()
Called postfire()
Called prefire()
Called fire()
-- Starting thread.
Called initialize()
Called prefire()
Called fire()
Called postfire()
Called prefire()
Called fire()
Called fire().
Checking for deadlock:
There are 3 Blocked actors, 0 Stopped actors, and 4 active threads.
Waiting for actors to stop.
-- Starting thread.
Called initialize()
Called prefire()
Called fire()
Called postfire()
Called prefire()
Called fire()
Checking for deadlock:
There are 3 Blocked actors, 0 Stopped actors, and 4 active threads.
Waiting for actors to stop.
Read input token from inputA with value 0.0
Next port to read input from is inputB
Called postfire()
Called prefire()
Called fire()
Called postfire()
Called prefire()
Called fire()
Checking for deadlock:
There are 3 Blocked actors, 0 Stopped actors, and 4 active threads.
Waiting for actors to stop.
Read input token from inputB with value 0.0
-- Read input: 0.0, which is expected to match: 0.0
Called prefire()
Called fire()
Checking for deadlock:
There are 3 Blocked actors, 0 Stopped actors, and 4 active threads.
Waiting for actors to stop.
Sent output token with value 0.0
Next port to read input from is inputA
Called postfire()
Called prefire()
Called fire()
Called postfire()
Called prefire()
Called fire()
Checking for deadlock:
There are 3 Blocked actors, 0 Stopped actors, and 4 active threads.
Waiting for actors to stop.
Read input token from inputA with value 1.0
-- Read input: 0.0, which is expected to match: 0.0
Called prefire()
Called fire()
Checking for deadlock:
There are 3 Blocked actors, 0 Stopped actors, and 4 active threads.
Waiting for actors to stop.
Sent output token with value 0.0
Next port to read input from is inputB
Called postfire()
Called prefire()
Called fire()
Checking for deadlock:
There are 2 Blocked actors, 0 Stopped actors, and 4 active threads.
Waiting for actors to stop.
Called postfire()
Called prefire()
Called fire()
Checking for deadlock:
There are 3 Blocked actors, 0 Stopped actors, and 4 active threads.
Waiting for actors to stop.
Read input token from inputB with value 1.5
Checking for deadlock:
There are 2 Blocked actors, 0 Stopped actors, and 4 active threads.
Waiting for actors to stop.
-- Read input: 1.0, which is expected to match: 1.0
Called prefire()
Called fire()
Checking for deadlock:
There are 3 Blocked actors, 0 Stopped actors, and 4 active threads.
Waiting for actors to stop.
Sent output token with value 1.0
Next port to read input from is inputA
Called postfire()
Called prefire()
Called fire()
Called postfire()
Called prefire()
Called fire()
Checking for deadlock:
There are 3 Blocked actors, 0 Stopped actors, and 4 active threads.
Waiting for actors to stop.
Read input token from inputA with value 2.0
-- Read input: 1.5, which is expected to match: 1.5
Called prefire()
Called fire()
Checking for deadlock:
There are 3 Blocked actors, 0 Stopped actors, and 4 active threads.
Waiting for actors to stop.
Sent output token with value 1.5
Next port to read input from is inputB
Called postfire()
Called prefire()
Called fire()
Checking for deadlock:
There are 2 Blocked actors, 0 Stopped actors, and 4 active threads.
Waiting for actors to stop.
Called postfire()
Called prefire()
Called fire()
Checking for deadlock:
There are 3 Blocked actors, 0 Stopped actors, and 4 active threads.
Waiting for actors to stop.
Read input token from inputB with value 3.0
Checking for deadlock:
There are 2 Blocked actors, 0 Stopped actors, and 4 active threads.
Waiting for actors to stop.
-- Read input: 2.0, which is expected to match: 2.0
Called prefire()
Called fire()
Checking for deadlock:
There are 3 Blocked actors, 0 Stopped actors, and 4 active threads.
Waiting for actors to stop.
Sent output token with value 2.0
Next port to read input from is inputA
Called postfire()
Called prefire()
Called fire()
Called postfire()
Called prefire()
Called fire()
Checking for deadlock:
There are 3 Blocked actors, 0 Stopped actors, and 4 active threads.
Waiting for actors to stop.
Read input token from inputA with value 3.0
-- Read input: 3.0, which is expected to match: 3.0
Called prefire()
Called fire()
Checking for deadlock:
There are 3 Blocked actors, 0 Stopped actors, and 4 active threads.
Waiting for actors to stop.
Sent output token with value 3.0
Next port to read input from is inputB
Called postfire()
Called prefire()
Called fire()
Checking for deadlock:
There are 2 Blocked actors, 0 Stopped actors, and 4 active threads.
Waiting for actors to stop.
Called postfire()
Called prefire()
Called fire()
Checking for deadlock:
There are 3 Blocked actors, 0 Stopped actors, and 4 active threads.
Waiting for actors to stop.
Read input token from inputB with value 4.5
Checking for deadlock:
There are 2 Blocked actors, 0 Stopped actors, and 4 active threads.
Waiting for actors to stop.
-- Read input: 3.0, which is expected to match: 3.0
Called prefire()
Called fire()
Checking for deadlock:
There are 3 Blocked actors, 0 Stopped actors, and 4 active threads.
Waiting for actors to stop.
Sent output token with value 3.0
Next port to read input from is inputA
Called postfire()
Called prefire()
Called fire()
Called postfire()
Called prefire()
Called fire()
Checking for deadlock:
There are 3 Blocked actors, 0 Stopped actors, and 4 active threads.
Waiting for actors to stop.
Read input token from inputA with value 4.0
-- Read input: 4.0, which is expected to match: 4.0
Called prefire()
Called fire()
Past the end of training data. Read and discard all inputs.
Checking for deadlock:
There are 3 Blocked actors, 0 Stopped actors, and 4 active threads.
Waiting for actors to stop.
Sent output token with value 4.0
Next port to read input from is inputA
Called postfire()
Called prefire()
Called fire()
Called postfire()
Called prefire()
Called fire()
Checking for deadlock:
There are 3 Blocked actors, 0 Stopped actors, and 4 active threads.
Waiting for actors to stop.
Read input token from inputA with value 5.0
Called prefire()
Called fire()
Past the end of training data. Read and discard all inputs.
Checking for deadlock:
There are 3 Blocked actors, 0 Stopped actors, and 4 active threads.
Waiting for actors to stop.
Sent output token with value 4.5
Next port to read input from is inputB
Called postfire()
Called prefire()
Called fire()
Checking for deadlock:
There are 2 Blocked actors, 0 Stopped actors, and 4 active threads.
Waiting for actors to stop.
Called postfire()
Called prefire()
Called fire()
Checking for deadlock:
There are 3 Blocked actors, 0 Stopped actors, and 4 active threads.
Waiting for actors to stop.
Read input token from inputB with value 6.0
Checking for deadlock:
There are 2 Blocked actors, 0 Stopped actors, and 4 active threads.
Waiting for actors to stop.
Called prefire()
Called fire()
Past the end of training data. Read and discard all inputs.
Checking for deadlock:
There are 3 Blocked actors, 0 Stopped actors, and 4 active threads.
Waiting for actors to stop.
Sent output token with value 5.0
Next port to read input from is inputA
Called postfire()
Called prefire()
Called fire()
Called postfire()
Called prefire()
Called fire()
Checking for deadlock:
There are 3 Blocked actors, 0 Stopped actors, and 4 active threads.
Waiting for actors to stop.
Read input token from inputA with value 6.0
Called prefire()
Called fire()
Past the end of training data. Read and discard all inputs.
Checking for deadlock:
There are 3 Blocked actors, 0 Stopped actors, and 4 active threads.
Waiting for actors to stop.
Sent output token with value 6.0
Next port to read input from is inputB
Called postfire()
Called prefire()
Called fire()
Checking for deadlock:
There are 2 Blocked actors, 0 Stopped actors, and 4 active threads.
Waiting for actors to stop.
Called postfire()
Called prefire()
Called fire()
Checking for deadlock:
There are 3 Blocked actors, 0 Stopped actors, and 4 active threads.
Waiting for actors to stop.
Read input token from inputB with value 7.5
Checking for deadlock:
There are 2 Blocked actors, 0 Stopped actors, and 4 active threads.
Waiting for actors to stop.
Called prefire()
Called fire()
Past the end of training data. Read and discard all inputs.
Checking for deadlock:
There are 3 Blocked actors, 0 Stopped actors, and 4 active threads.
Waiting for actors to stop.
Sent output token with value 6.0
Next port to read input from is inputA
Called postfire()
Called prefire()
Called fire()
Called postfire()
Called prefire()
Called fire()
Checking for deadlock:
There are 3 Blocked actors, 0 Stopped actors, and 4 active threads.
Waiting for actors to stop.
Read input token from inputA with value 7.0
Called prefire()
Called fire()
Past the end of training data. Read and discard all inputs.
Checking for deadlock:
There are 3 Blocked actors, 0 Stopped actors, and 4 active threads.
Waiting for actors to stop.
Sent output token with value 7.0
Next port to read input from is inputA
Called postfire()
Called prefire()
Called fire()
-- Thread wrapup() called.
Called wrapup()
Thread .top.Ramp is exiting.
-- Thread stopped.
Checking for deadlock:
There are 2 Blocked actors, 0 Stopped actors, and 3 active threads.
Waiting for actors to stop.
Read input token from inputA with value 8.0
Checking for deadlock:
There are 1 Blocked actors, 0 Stopped actors, and 3 active threads.
Waiting for actors to stop.
Called prefire()
Called fire()
Past the end of training data. Read and discard all inputs.
Checking for deadlock:
There are 2 Blocked actors, 0 Stopped actors, and 3 active threads.
Waiting for actors to stop.
Sent output token with value 7.5
Next port to read input from is inputB
Called postfire()
Called prefire()
Called fire()
Checking for deadlock:
There are 1 Blocked actors, 0 Stopped actors, and 3 active threads.
Waiting for actors to stop.
Called postfire()
Called prefire()
Called fire()
Checking for deadlock:
There are 2 Blocked actors, 0 Stopped actors, and 3 active threads.
Waiting for actors to stop.
Read input token from inputB with value 9.0
Checking for deadlock:
There are 1 Blocked actors, 0 Stopped actors, and 3 active threads.
Waiting for actors to stop.
Called prefire()
Called fire()
Past the end of training data. Read and discard all inputs.
Checking for deadlock:
There are 2 Blocked actors, 0 Stopped actors, and 3 active threads.
Waiting for actors to stop.
Sent output token with value 8.0
Next port to read input from is inputA
Called postfire()
Called prefire()
Called fire()
Read input token from inputA with value 9.0
Called prefire()
Called fire()
Past the end of training data. Read and discard all inputs.
Checking for deadlock:
There are 2 Blocked actors, 0 Stopped actors, and 3 active threads.
Waiting for actors to stop.
Sent output token with value 9.0
Next port to read input from is inputB
Called postfire()
Called prefire()
Called fire()
Called postfire()
Called prefire()
Called fire()
Checking for deadlock:
There are 2 Blocked actors, 0 Stopped actors, and 3 active threads.
Waiting for actors to stop.
Read input token from inputB with value 10.5
Called prefire()
Called fire()
Past the end of training data. Read and discard all inputs.
Checking for deadlock:
There are 2 Blocked actors, 0 Stopped actors, and 3 active threads.
Waiting for actors to stop.
Sent output token with value 9.0
Next port to read input from is inputA
Called postfire()
Called prefire()
Called fire()
Checking for deadlock:
There are 3 Blocked actors, 0 Stopped actors, and 3 active threads.
Actors have stopped.
Checking for deadlock:
There are 3 Blocked actors, 0 Stopped actors, and 3 active threads.
Deadlock detected.
Resolving Deadlock
Checking for deadlock:
There are 3 Blocked actors, 0 Stopped actors, and 3 active threads.
Artificial Deadlock - increasing queue capacity.
increasing the capacity of receiver ptolemy.actor.TypedIOPort {.top.OrderedMerge.inputB} to 2
Director: Called postfire().
Called postfire().
_stopRequested = false
_stopFireRequested = false
Returning from postfire(): true
Called fire().
Checking for deadlock:
There are 2 Blocked actors, 0 Stopped actors, and 3 active threads.
Waiting for actors to stop.
-- Thread wrapup() called.
Called wrapup()
Thread .top.Ramp2 is exiting.
-- Thread stopped.
Checking for deadlock:
There are 2 Blocked actors, 0 Stopped actors, and 2 active threads.
Actors have stopped.
Checking for deadlock:
There are 2 Blocked actors, 0 Stopped actors, and 2 active threads.
Deadlock detected.
Resolving Deadlock
Checking for deadlock:
There are 2 Blocked actors, 0 Stopped actors, and 2 active threads.
Deadlock detected: no processes blocked on write, but some are blocked on read.
Called postfire().
_stopRequested = false
_stopFireRequested = false
Returning from postfire(): false
Finished deactivating branches.
Called wrapup().
-- Thread wrapup() called.
Called wrapup()
-- Thread wrapup() called.
Called wrapup()
Thread .top.Test is exiting.
-- Thread stopped.
-- Blocked Receiver call threw TerminateProcessException.
Thread .top.OrderedMerge is exiting.
19 ms. Memory: 129024K Free: 111628K (87%)
/home/travis/build/icyphy/ptII/ptolemy/actor/lib/test/Publisher.tcl
-- Thread stopped.
-- Blocked Receiver call threw TerminateProcessException.
16 ms. Memory: 129024K Free: 105515K (82%)
20 ms. Memory: 129024K Free: 100419K (78%)
6 ms. Memory: 129024K Free: 96843K (75%)
5 ms. Memory: 129024K Free: 95819K (74%)
3 ms. Memory: 129024K Free: 94795K (73%)
14 ms. Memory: 129024K Free: 94275K (73%)
6 ms. Memory: 129024K Free: 93257K (72%)
3 ms. Memory: 129024K Free: 92233K (71%)
39 ms. Memory: 129024K Free: 112233K (87%)
4 ms. Memory: 129024K Free: 108135K (84%)
3 ms. Memory: 129024K Free: 107625K (83%)
4 ms. Memory: 129024K Free: 105577K (82%)
6 ms. Memory: 129024K Free: 97895K (76%)
6 ms. Memory: 129024K Free: 88169K (68%)
6 ms. Memory: 129024K Free: 76905K (60%)
/home/travis/build/icyphy/ptII/ptolemy/actor/lib/test/Pulse.tcl
5 ms. Memory: 156672K Free: 124645K (80%)
12 ms. Memory: 156672K Free: 124149K (79%)
3 ms. Memory: 156672K Free: 123635K (79%)
4 ms. Memory: 156672K Free: 123125K (79%)
5 ms. Memory: 156672K Free: 122611K (78%)
10 ms. Memory: 156672K Free: 121587K (78%)
13 ms. Memory: 156672K Free: 120557K (77%)
2 ms. Memory: 156672K Free: 120053K (77%)
3 ms. Memory: 156672K Free: 119029K (76%)
/home/travis/build/icyphy/ptII/ptolemy/actor/lib/test/Ramp.tcl
8 ms. Memory: 156672K Free: 116981K (75%)
4 ms. Memory: 156672K Free: 116453K (74%)
4 ms. Memory: 156672K Free: 115429K (74%)
2 ms. Memory: 156672K Free: 114933K (73%)
6 ms. Memory: 156672K Free: 113909K (73%)
11 ms. Memory: 156672K Free: 113389K (72%)
7 ms. Memory: 156672K Free: 112357K (72%)
5 actors
6000 microseconds per iteration to create
12 ms. Memory: 156672K Free: 109813K (70%)
2 ms. Memory: 156672K Free: 108789K (69%)
2 ms. Memory: 156672K Free: 108275K (69%)
2 ms. Memory: 156672K Free: 107765K (69%)
50 actors
49000 microseconds per iteration to create
38 ms. Memory: 156672K Free: 92405K (59%)
6 ms. Memory: 156672K Free: 91381K (58%)
5 ms. Memory: 156672K Free: 90357K (58%)
5 ms. Memory: 156672K Free: 89333K (57%)
500 actors
1512000 microseconds per iteration to create
240 ms. Memory: 156672K Free: 70815K (45%)
53 ms. Memory: 156672K Free: 65695K (42%)
53 ms. Memory: 156672K Free: 60575K (39%)
57 ms. Memory: 156672K Free: 131307K (84%)
/home/travis/build/icyphy/ptII/ptolemy/actor/lib/test/RampContinuous.tcl
7 ms. Memory: 156672K Free: 129769K (83%)
/home/travis/build/icyphy/ptII/ptolemy/actor/lib/test/RecordAssembler.tcl
5 ms. Memory: 156672K Free: 128235K (82%)
3 ms. Memory: 156672K Free: 127706K (82%)
/home/travis/build/icyphy/ptII/ptolemy/actor/lib/test/RecordDisassembler.tcl
6 ms. Memory: 156672K Free: 125642K (80%)
2 ms. Memory: 156672K Free: 125163K (80%)
4 ms. Memory: 156672K Free: 123618K (79%)
/home/travis/build/icyphy/ptII/ptolemy/actor/lib/test/Scale.tcl
3 ms. Memory: 156672K Free: 122091K (78%)
2 ms. Memory: 156672K Free: 121067K (77%)
2 ms. Memory: 156672K Free: 120553K (77%)
2 ms. Memory: 156672K Free: 119514K (76%)
2 ms. Memory: 156672K Free: 119019K (76%)
/home/travis/build/icyphy/ptII/ptolemy/actor/lib/test/SequentialClock.tcl
preinitializing
resolving types
initializing
executing number 1
wrapping up
idle
3 ms. Memory: 156672K Free: 117450K (75%)
Completed execution with 5 iterations
preinitializing
resolving types
initializing
executing number 1
wrapping up
idle
3 ms. Memory: 156672K Free: 116971K (75%)
Completed execution with 5 iterations
preinitializing
resolving types
initializing
executing number 1
wrapping up
idle
2 ms. Memory: 156672K Free: 116442K (74%)
Completed execution with 5 iterations
/home/travis/build/icyphy/ptII/ptolemy/actor/lib/test/SetVariable.tcl
4 ms. Memory: 156672K Free: 114409K (73%)
/home/travis/build/icyphy/ptII/ptolemy/actor/lib/test/Sinewave.tcl
/home/travis/build/icyphy/ptII/ptolemy/actor/lib/test/SubscriptionAggregator.tcl
5 ms. Memory: 156672K Free: 103145K (66%)
2 ms. Memory: 156672K Free: 102635K (66%)
1 ms. Memory: 156672K Free: 102106K (65%)
0 ms. Memory: 156672K Free: 101611K (65%)
3 ms. Memory: 156672K Free: 98018K (63%)
27 ms. Memory: 156672K Free: 95977K (61%)
...............................................................999 ms. Memory: 263168K Free: 165997K (63%)
/home/travis/build/icyphy/ptII/ptolemy/actor/lib/test/Test.tcl
 The next command will produce a warning about training mode,
   which may be ignored.
8 ms. Memory: 263168K Free: 164444K (62%)
6 ms. Memory: 263168K Free: 163435K (62%)
2 ms. Memory: 263168K Free: 162925K (62%)
2 ms. Memory: 263168K Free: 162396K (62%)
3 ms. Memory: 263168K Free: 161372K (61%)
3 ms. Memory: 263168K Free: 160356K (61%)
3 ms. Memory: 263168K Free: 158829K (60%)
 The next command will produce a warning about training mode,
   which may be ignored.
5 ms. Memory: 263168K Free: 156781K (60%)
 The next command will produce a warning about training mode,
   which may be ignored.
3 ms. Memory: 263168K Free: 155243K (59%)
1 ms. Memory: 263168K Free: 155243K (59%)
1 ms. Memory: 263168K Free: 154733K (59%)
1 ms. Memory: 263168K Free: 154219K (59%)
7 ms. Memory: 263168K Free: 153164K (58%)
3 ms. Memory: 263168K Free: 149068K (57%)
/home/travis/build/icyphy/ptII/ptolemy/actor/lib/test/TestExceptionHandler.tcl
 The next command will produce a warning about training mode,
   which may be ignored.
4 ms. Memory: 263168K Free: 148044K (56%)
1 ms. Memory: 263168K Free: 147565K (56%)
0 ms. Memory: 263168K Free: 147020K (56%)
/home/travis/build/icyphy/ptII/ptolemy/actor/lib/test/UnionDisassembler.tcl
24 ms. Memory: 263168K Free: 139876K (53%)
/home/travis/build/icyphy/ptII/ptolemy/actor/lib/test/VariableClock.tcl
preinitializing
resolving types
initializing
executing number 1
wrapping up
idle
3 ms. Memory: 263168K Free: 137828K (52%)
Completed execution with 11 iterations
preinitializing
resolving types
initializing
executing number 1
wrapping up
idle
4 ms. Memory: 263168K Free: 136301K (52%)
Completed execution with 10 iterations
06/03/20 02:33:40
Failed: 0  Total Tests: 233  ((Passed: 233, Newly Passed: 0)  Known Failed: 0) /home/travis/build/icyphy/ptII/ptolemy/actor/lib/test
----------------- testing (KnownFailure) /home/travis/build/icyphy/ptII/ptolemy/actor/lib/test/auto/knownFailedTests/PublisherPortToplevelSubscriber.xml
0 ms. Memory: 263168K Free: 132715K (50%)
Known Failure: java.lang.reflect.InvocationTargetException
----------------- testing (KnownFailure) /home/travis/build/icyphy/ptII/ptolemy/actor/lib/test/auto/knownFailedTests/PublisherSubscriberPortToplevel.xml
0 ms. Memory: 263168K Free: 128619K (49%)
Known Failure: java.lang.reflect.InvocationTargetException
----------------- testing (KnownFailure) /home/travis/build/icyphy/ptII/ptolemy/actor/lib/test/auto/knownFailedTests/PublisherSubscriptionAggregatorPort.xml
0 ms. Memory: 263168K Free: 124523K (47%)
Known Failure: java.lang.reflect.InvocationTargetException
----------------- testing (KnownFailure) /home/travis/build/icyphy/ptII/ptolemy/actor/lib/test/auto/knownFailedTests/sizedarray3.xml
4 ms. Memory: 263168K Free: 119917K (46%)
Known Failure: java.lang.reflect.InvocationTargetException
No auto/linux-amd64/*.xml tests in /home/travis/build/icyphy/ptII/ptolemy/actor/lib/test
AutoTests.java: About to close Vertx.
AutoTests.java: Vertx closed.

===========================================================================================
----------------- testing Wed Jun 03 14:33:40 UTC 2020 /home/travis/build/icyphy/ptII/ptolemy/actor/lib/test/auto/AbsoluteValue.xml
----------------- Instantiating /home/travis/build/icyphy/ptII/ptolemy/actor/lib/test/auto/AbsoluteValue.xml
4 ms. Memory: 263168K Free: 97899K (37%)
----------------- Invoking toplevel() on ptolemy.moml.MoMLSimpleApplication@7682b493
----------------- Done invoking toplevel() on ptolemy.moml.MoMLSimpleApplication@7682b493
reloadAllAccessors: .AbsoluteValue

===========================================================================================
----------------- testing Wed Jun 03 14:33:40 UTC 2020 /home/travis/build/icyphy/ptII/ptolemy/actor/lib/test/auto/AbsoluteValue2.xml
----------------- Instantiating /home/travis/build/icyphy/ptII/ptolemy/actor/lib/test/auto/AbsoluteValue2.xml
4 ms. Memory: 263168K Free: 90731K (34%)
----------------- Invoking toplevel() on ptolemy.moml.MoMLSimpleApplication@1b56513a
----------------- Done invoking toplevel() on ptolemy.moml.MoMLSimpleApplication@1b56513a
reloadAllAccessors: .AbsoluteValue2

===========================================================================================
----------------- testing Wed Jun 03 14:33:40 UTC 2020 /home/travis/build/icyphy/ptII/ptolemy/actor/lib/test/auto/Accumulator.xml
----------------- Instantiating /home/travis/build/icyphy/ptII/ptolemy/actor/lib/test/auto/Accumulator.xml
6 ms. Memory: 263168K Free: 211907K (81%)
----------------- Invoking toplevel() on ptolemy.moml.MoMLSimpleApplication@214a0c80
----------------- Done invoking toplevel() on ptolemy.moml.MoMLSimpleApplication@214a0c80
reloadAllAccessors: .Accumulator

===========================================================================================
----------------- testing Wed Jun 03 14:33:41 UTC 2020 /home/travis/build/icyphy/ptII/ptolemy/actor/lib/test/auto/Accumulator2.xml
----------------- Instantiating /home/travis/build/icyphy/ptII/ptolemy/actor/lib/test/auto/Accumulator2.xml
3 ms. Memory: 263168K Free: 206273K (78%)
----------------- Invoking toplevel() on ptolemy.moml.MoMLSimpleApplication@389ed559
----------------- Done invoking toplevel() on ptolemy.moml.MoMLSimpleApplication@389ed559
reloadAllAccessors: .Accumulator2

===========================================================================================
----------------- testing Wed Jun 03 14:33:41 UTC 2020 /home/travis/build/icyphy/ptII/ptolemy/actor/lib/test/auto/Accumulator3.xml
----------------- Instantiating /home/travis/build/icyphy/ptII/ptolemy/actor/lib/test/auto/Accumulator3.xml
3 ms. Memory: 263168K Free: 202177K (77%)
----------------- Invoking toplevel() on ptolemy.moml.MoMLSimpleApplication@416dcc03
----------------- Done invoking toplevel() on ptolemy.moml.MoMLSimpleApplication@416dcc03
reloadAllAccessors: .Accumulator3

===========================================================================================
----------------- testing Wed Jun 03 14:33:41 UTC 2020 /home/travis/build/icyphy/ptII/ptolemy/actor/lib/test/auto/ArrayAppend.xml
----------------- Instantiating /home/travis/build/icyphy/ptII/ptolemy/actor/lib/test/auto/ArrayAppend.xml
8 ms. Memory: 263168K Free: 195523K (74%)
----------------- Invoking toplevel() on ptolemy.moml.MoMLSimpleApplication@79e628
----------------- Done invoking toplevel() on ptolemy.moml.MoMLSimpleApplication@79e628
reloadAllAccessors: .ArrayAppend

===========================================================================================
----------------- testing Wed Jun 03 14:33:41 UTC 2020 /home/travis/build/icyphy/ptII/ptolemy/actor/lib/test/auto/ArrayAppend2.xml
----------------- Instantiating /home/travis/build/icyphy/ptII/ptolemy/actor/lib/test/auto/ArrayAppend2.xml
381 ms. Memory: 263168K Free: 113089K (43%)
----------------- Invoking toplevel() on ptolemy.moml.MoMLSimpleApplication@16a52cc0
----------------- Done invoking toplevel() on ptolemy.moml.MoMLSimpleApplication@16a52cc0
reloadAllAccessors: .ArrayAppend2

===========================================================================================
----------------- testing Wed Jun 03 14:33:41 UTC 2020 /home/travis/build/icyphy/ptII/ptolemy/actor/lib/test/auto/ArrayAppend3.xml
----------------- Instantiating /home/travis/build/icyphy/ptII/ptolemy/actor/lib/test/auto/ArrayAppend3.xml
3 ms. Memory: 263168K Free: 107969K (41%)
----------------- Invoking toplevel() on ptolemy.moml.MoMLSimpleApplication@309a8197
----------------- Done invoking toplevel() on ptolemy.moml.MoMLSimpleApplication@309a8197
reloadAllAccessors: .ArrayAppend3

===========================================================================================
----------------- testing Wed Jun 03 14:33:41 UTC 2020 /home/travis/build/icyphy/ptII/ptolemy/actor/lib/test/auto/ArrayAppend4.xml
----------------- Instantiating /home/travis/build/icyphy/ptII/ptolemy/actor/lib/test/auto/ArrayAppend4.xml
4 ms. Memory: 263168K Free: 102849K (39%)
----------------- Invoking toplevel() on ptolemy.moml.MoMLSimpleApplication@6a13811f
----------------- Done invoking toplevel() on ptolemy.moml.MoMLSimpleApplication@6a13811f
reloadAllAccessors: .ArrayAppend4

===========================================================================================
----------------- testing Wed Jun 03 14:33:41 UTC 2020 /home/travis/build/icyphy/ptII/ptolemy/actor/lib/test/auto/ArrayAppend5.xml
----------------- Instantiating /home/travis/build/icyphy/ptII/ptolemy/actor/lib/test/auto/ArrayAppend5.xml
2 ms. Memory: 263168K Free: 97729K (37%)
----------------- Invoking toplevel() on ptolemy.moml.MoMLSimpleApplication@38514e48
----------------- Done invoking toplevel() on ptolemy.moml.MoMLSimpleApplication@38514e48
reloadAllAccessors: .ArrayAppend5

===========================================================================================
----------------- testing Wed Jun 03 14:33:41 UTC 2020 /home/travis/build/icyphy/ptII/ptolemy/actor/lib/test/auto/ArrayAppend6.xml
----------------- Instantiating /home/travis/build/icyphy/ptII/ptolemy/actor/lib/test/auto/ArrayAppend6.xml
2 ms. Memory: 263168K Free: 92609K (35%)
----------------- Invoking toplevel() on ptolemy.moml.MoMLSimpleApplication@7f0d71d4
----------------- Done invoking toplevel() on ptolemy.moml.MoMLSimpleApplication@7f0d71d4
reloadAllAccessors: .ArrayAppend6

===========================================================================================
----------------- testing Wed Jun 03 14:33:41 UTC 2020 /home/travis/build/icyphy/ptII/ptolemy/actor/lib/test/auto/ArrayAppendPerformanceTest.xml
----------------- Instantiating /home/travis/build/icyphy/ptII/ptolemy/actor/lib/test/auto/ArrayAppendPerformanceTest.xml
44 ms. Memory: 263168K Free: 81859K (31%)
----------------- Invoking toplevel() on ptolemy.moml.MoMLSimpleApplication@2e1c1f05
----------------- Done invoking toplevel() on ptolemy.moml.MoMLSimpleApplication@2e1c1f05
reloadAllAccessors: .ArrayAppendPerformanceTest

===========================================================================================
----------------- testing Wed Jun 03 14:33:41 UTC 2020 /home/travis/build/icyphy/ptII/ptolemy/actor/lib/test/auto/ArrayAppendWithEmptyInput.xml
----------------- Instantiating /home/travis/build/icyphy/ptII/ptolemy/actor/lib/test/auto/ArrayAppendWithEmptyInput.xml
79 ms. Memory: 263168K Free: 213247K (81%)
----------------- Invoking toplevel() on ptolemy.moml.MoMLSimpleApplication@1e32eca4
----------------- Done invoking toplevel() on ptolemy.moml.MoMLSimpleApplication@1e32eca4
reloadAllAccessors: .ArrayAppendWithEmptyInput

===========================================================================================
----------------- testing Wed Jun 03 14:33:42 UTC 2020 /home/travis/build/icyphy/ptII/ptolemy/actor/lib/test/auto/ArrayAverage.xml
----------------- Instantiating /home/travis/build/icyphy/ptII/ptolemy/actor/lib/test/auto/ArrayAverage.xml
6 ms. Memory: 263168K Free: 204545K (78%)
----------------- Invoking toplevel() on ptolemy.moml.MoMLSimpleApplication@73e69914
----------------- Done invoking toplevel() on ptolemy.moml.MoMLSimpleApplication@73e69914
reloadAllAccessors: .ArrayAverage

===========================================================================================
----------------- testing Wed Jun 03 14:33:42 UTC 2020 /home/travis/build/icyphy/ptII/ptolemy/actor/lib/test/auto/ArrayContains.xml
----------------- Instantiating /home/travis/build/icyphy/ptII/ptolemy/actor/lib/test/auto/ArrayContains.xml
3 ms. Memory: 263168K Free: 198911K (76%)
----------------- Invoking toplevel() on ptolemy.moml.MoMLSimpleApplication@b78be6d
----------------- Done invoking toplevel() on ptolemy.moml.MoMLSimpleApplication@b78be6d
reloadAllAccessors: .ArrayContains

===========================================================================================
----------------- testing Wed Jun 03 14:33:42 UTC 2020 /home/travis/build/icyphy/ptII/ptolemy/actor/lib/test/auto/ArrayElement.xml
----------------- Instantiating /home/travis/build/icyphy/ptII/ptolemy/actor/lib/test/auto/ArrayElement.xml
9 ms. Memory: 263168K Free: 193281K (73%)
----------------- Invoking toplevel() on ptolemy.moml.MoMLSimpleApplication@6c7a8156
----------------- Done invoking toplevel() on ptolemy.moml.MoMLSimpleApplication@6c7a8156
reloadAllAccessors: .ArrayElement

===========================================================================================
----------------- testing Wed Jun 03 14:33:42 UTC 2020 /home/travis/build/icyphy/ptII/ptolemy/actor/lib/test/auto/ArrayElementAsMatrix.xml
----------------- Instantiating /home/travis/build/icyphy/ptII/ptolemy/actor/lib/test/auto/ArrayElementAsMatrix.xml
12 ms. Memory: 263168K Free: 183551K (70%)
----------------- Invoking toplevel() on ptolemy.moml.MoMLSimpleApplication@5b0fe4f3
----------------- Done invoking toplevel() on ptolemy.moml.MoMLSimpleApplication@5b0fe4f3
reloadAllAccessors: .ArrayElementAsMatrix

===========================================================================================
----------------- testing Wed Jun 03 14:33:42 UTC 2020 /home/travis/build/icyphy/ptII/ptolemy/actor/lib/test/auto/ArrayElementI.xml
----------------- Instantiating /home/travis/build/icyphy/ptII/ptolemy/actor/lib/test/auto/ArrayElementI.xml
4 ms. Memory: 263168K Free: 178417K (68%)
----------------- Invoking toplevel() on ptolemy.moml.MoMLSimpleApplication@3eecf6aa
----------------- Done invoking toplevel() on ptolemy.moml.MoMLSimpleApplication@3eecf6aa
reloadAllAccessors: .ArrayElementI

===========================================================================================
----------------- testing Wed Jun 03 14:33:42 UTC 2020 /home/travis/build/icyphy/ptII/ptolemy/actor/lib/test/auto/ArrayExtract.xml
----------------- Instantiating /home/travis/build/icyphy/ptII/ptolemy/actor/lib/test/auto/ArrayExtract.xml
12 ms. Memory: 263168K Free: 169729K (64%)
----------------- Invoking toplevel() on ptolemy.moml.MoMLSimpleApplication@1488133d
----------------- Done invoking toplevel() on ptolemy.moml.MoMLSimpleApplication@1488133d
reloadAllAccessors: .ArrayExtract

===========================================================================================
----------------- testing Wed Jun 03 14:33:42 UTC 2020 /home/travis/build/icyphy/ptII/ptolemy/actor/lib/test/auto/ArrayExtract2.xml
----------------- Instantiating /home/travis/build/icyphy/ptII/ptolemy/actor/lib/test/auto/ArrayExtract2.xml
2 ms. Memory: 263168K Free: 164609K (63%)
----------------- Invoking toplevel() on ptolemy.moml.MoMLSimpleApplication@5f0f7c44
----------------- Done invoking toplevel() on ptolemy.moml.MoMLSimpleApplication@5f0f7c44
reloadAllAccessors: .ArrayExtract2

===========================================================================================
----------------- testing Wed Jun 03 14:33:42 UTC 2020 /home/travis/build/icyphy/ptII/ptolemy/actor/lib/test/auto/ArrayLength.xml
----------------- Instantiating /home/travis/build/icyphy/ptII/ptolemy/actor/lib/test/auto/ArrayLength.xml
2 ms. Memory: 263168K Free: 160513K (61%)
----------------- Invoking toplevel() on ptolemy.moml.MoMLSimpleApplication@51eefa76
----------------- Done invoking toplevel() on ptolemy.moml.MoMLSimpleApplication@51eefa76
reloadAllAccessors: .ArrayLength

===========================================================================================
----------------- testing Wed Jun 03 14:33:42 UTC 2020 /home/travis/build/icyphy/ptII/ptolemy/actor/lib/test/auto/ArrayLevelCrossing.xml
----------------- Instantiating /home/travis/build/icyphy/ptII/ptolemy/actor/lib/test/auto/ArrayLevelCrossing.xml
8 ms. Memory: 263168K Free: 152831K (58%)
----------------- Invoking toplevel() on ptolemy.moml.MoMLSimpleApplication@7d9c1dbd
----------------- Done invoking toplevel() on ptolemy.moml.MoMLSimpleApplication@7d9c1dbd
reloadAllAccessors: .ArrayLevelCrossing

===========================================================================================
----------------- testing Wed Jun 03 14:33:42 UTC 2020 /home/travis/build/icyphy/ptII/ptolemy/actor/lib/test/auto/ArrayLevelCrossing2.xml
----------------- Instantiating /home/travis/build/icyphy/ptII/ptolemy/actor/lib/test/auto/ArrayLevelCrossing2.xml
3 ms. Memory: 263168K Free: 145649K (55%)
----------------- Invoking toplevel() on ptolemy.moml.MoMLSimpleApplication@3a58826f
----------------- Done invoking toplevel() on ptolemy.moml.MoMLSimpleApplication@3a58826f
reloadAllAccessors: .ArrayLevelCrossing2

===========================================================================================
----------------- testing Wed Jun 03 14:33:42 UTC 2020 /home/travis/build/icyphy/ptII/ptolemy/actor/lib/test/auto/ArrayPeakSearch.xml
----------------- Instantiating /home/travis/build/icyphy/ptII/ptolemy/actor/lib/test/auto/ArrayPeakSearch.xml
6 ms. Memory: 263168K Free: 136961K (52%)
----------------- Invoking toplevel() on ptolemy.moml.MoMLSimpleApplication@41c51fc1
----------------- Done invoking toplevel() on ptolemy.moml.MoMLSimpleApplication@41c51fc1
reloadAllAccessors: .ArrayPeakSearch

===========================================================================================
----------------- testing Wed Jun 03 14:33:42 UTC 2020 /home/travis/build/icyphy/ptII/ptolemy/actor/lib/test/auto/ArrayPeakSearch2.xml
----------------- Instantiating /home/travis/build/icyphy/ptII/ptolemy/actor/lib/test/auto/ArrayPeakSearch2.xml
6 ms. Memory: 263168K Free: 126201K (48%)
----------------- Invoking toplevel() on ptolemy.moml.MoMLSimpleApplication@390a3a0c
----------------- Done invoking toplevel() on ptolemy.moml.MoMLSimpleApplication@390a3a0c
reloadAllAccessors: .ArrayPeakSearch2

===========================================================================================
----------------- testing Wed Jun 03 14:33:42 UTC 2020 /home/travis/build/icyphy/ptII/ptolemy/actor/lib/test/auto/ArrayPeakSearch3.xml
----------------- Instantiating /home/travis/build/icyphy/ptII/ptolemy/actor/lib/test/auto/ArrayPeakSearch3.xml
7 ms. Memory: 263168K Free: 117505K (45%)
----------------- Invoking toplevel() on ptolemy.moml.MoMLSimpleApplication@34eb4d
----------------- Done invoking toplevel() on ptolemy.moml.MoMLSimpleApplication@34eb4d
reloadAllAccessors: .ArrayPeakSearch3

===========================================================================================
----------------- testing Wed Jun 03 14:33:42 UTC 2020 /home/travis/build/icyphy/ptII/ptolemy/actor/lib/test/auto/ArrayRemoveElement.xml
----------------- Instantiating /home/travis/build/icyphy/ptII/ptolemy/actor/lib/test/auto/ArrayRemoveElement.xml
4 ms. Memory: 263168K Free: 109313K (42%)
----------------- Invoking toplevel() on ptolemy.moml.MoMLSimpleApplication@2c5b4e9f
----------------- Done invoking toplevel() on ptolemy.moml.MoMLSimpleApplication@2c5b4e9f
reloadAllAccessors: .ArrayRemoveElement

===========================================================================================
----------------- testing Wed Jun 03 14:33:42 UTC 2020 /home/travis/build/icyphy/ptII/ptolemy/actor/lib/test/auto/ArraySort.xml
----------------- Instantiating /home/travis/build/icyphy/ptII/ptolemy/actor/lib/test/auto/ArraySort.xml
6 ms. Memory: 263168K Free: 100607K (38%)
----------------- Invoking toplevel() on ptolemy.moml.MoMLSimpleApplication@5edc9768
----------------- Done invoking toplevel() on ptolemy.moml.MoMLSimpleApplication@5edc9768
reloadAllAccessors: .ArraySort

===========================================================================================
----------------- testing Wed Jun 03 14:33:42 UTC 2020 /home/travis/build/icyphy/ptII/ptolemy/actor/lib/test/auto/ArraySum.xml
----------------- Instantiating /home/travis/build/icyphy/ptII/ptolemy/actor/lib/test/auto/ArraySum.xml
5 ms. Memory: 263168K Free: 94977K (36%)
----------------- Invoking toplevel() on ptolemy.moml.MoMLSimpleApplication@57592e2a
----------------- Done invoking toplevel() on ptolemy.moml.MoMLSimpleApplication@57592e2a
reloadAllAccessors: .ArraySum

===========================================================================================
----------------- testing Wed Jun 03 14:33:42 UTC 2020 /home/travis/build/icyphy/ptII/ptolemy/actor/lib/test/auto/ArrayToElements.xml
----------------- Instantiating /home/travis/build/icyphy/ptII/ptolemy/actor/lib/test/auto/ArrayToElements.xml
9 ms. Memory: 263168K Free: 89857K (34%)
----------------- Invoking toplevel() on ptolemy.moml.MoMLSimpleApplication@7a97e464
----------------- Done invoking toplevel() on ptolemy.moml.MoMLSimpleApplication@7a97e464
reloadAllAccessors: .ArrayToElements

===========================================================================================
----------------- testing Wed Jun 03 14:33:42 UTC 2020 /home/travis/build/icyphy/ptII/ptolemy/actor/lib/test/auto/ArrayToMatrix.xml
----------------- Instantiating /home/travis/build/icyphy/ptII/ptolemy/actor/lib/test/auto/ArrayToMatrix.xml
11 ms. Memory: 263168K Free: 75521K (29%)
----------------- Invoking toplevel() on ptolemy.moml.MoMLSimpleApplication@538a46b3
----------------- Done invoking toplevel() on ptolemy.moml.MoMLSimpleApplication@538a46b3
reloadAllAccessors: .ArrayToMatrix

===========================================================================================
----------------- testing Wed Jun 03 14:33:42 UTC 2020 /home/travis/build/icyphy/ptII/ptolemy/actor/lib/test/auto/ArrayUpdate1.xml
----------------- Instantiating /home/travis/build/icyphy/ptII/ptolemy/actor/lib/test/auto/ArrayUpdate1.xml
11 ms. Memory: 263168K Free: 70911K (27%)
----------------- Invoking toplevel() on ptolemy.moml.MoMLSimpleApplication@31916fe
----------------- Done invoking toplevel() on ptolemy.moml.MoMLSimpleApplication@31916fe
reloadAllAccessors: .ArrayUpdate1

===========================================================================================
----------------- testing Wed Jun 03 14:33:42 UTC 2020 /home/travis/build/icyphy/ptII/ptolemy/actor/lib/test/auto/ArrayUpdate2.xml
----------------- Instantiating /home/travis/build/icyphy/ptII/ptolemy/actor/lib/test/auto/ArrayUpdate2.xml
6 ms. Memory: 263168K Free: 212223K (81%)
----------------- Invoking toplevel() on ptolemy.moml.MoMLSimpleApplication@5690aa22
----------------- Done invoking toplevel() on ptolemy.moml.MoMLSimpleApplication@5690aa22
reloadAllAccessors: .ArrayUpdate2

===========================================================================================
----------------- testing Wed Jun 03 14:33:42 UTC 2020 /home/travis/build/icyphy/ptII/ptolemy/actor/lib/test/auto/ArrayUpdate3.xml
----------------- Instantiating /home/travis/build/icyphy/ptII/ptolemy/actor/lib/test/auto/ArrayUpdate3.xml
5 ms. Memory: 263168K Free: 207103K (79%)
----------------- Invoking toplevel() on ptolemy.moml.MoMLSimpleApplication@32d00166
----------------- Done invoking toplevel() on ptolemy.moml.MoMLSimpleApplication@32d00166
reloadAllAccessors: .ArrayUpdate3

===========================================================================================
----------------- testing Wed Jun 03 14:33:42 UTC 2020 /home/travis/build/icyphy/ptII/ptolemy/actor/lib/test/auto/Assert1.xml
----------------- Instantiating /home/travis/build/icyphy/ptII/ptolemy/actor/lib/test/auto/Assert1.xml
5 ms. Memory: 263168K Free: 203007K (77%)
----------------- Invoking toplevel() on ptolemy.moml.MoMLSimpleApplication@4c9caab5
----------------- Done invoking toplevel() on ptolemy.moml.MoMLSimpleApplication@4c9caab5
reloadAllAccessors: .Assert1

===========================================================================================
----------------- testing Wed Jun 03 14:33:42 UTC 2020 /home/travis/build/icyphy/ptII/ptolemy/actor/lib/test/auto/Assert2.xml
----------------- Instantiating /home/travis/build/icyphy/ptII/ptolemy/actor/lib/test/auto/Assert2.xml
5 ms. Memory: 263168K Free: 197887K (75%)
----------------- Invoking toplevel() on ptolemy.moml.MoMLSimpleApplication@3e557f70
----------------- Done invoking toplevel() on ptolemy.moml.MoMLSimpleApplication@3e557f70
reloadAllAccessors: .Assert2

===========================================================================================
----------------- testing Wed Jun 03 14:33:42 UTC 2020 /home/travis/build/icyphy/ptII/ptolemy/actor/lib/test/auto/BooleanMultiplexor.xml
----------------- Instantiating /home/travis/build/icyphy/ptII/ptolemy/actor/lib/test/auto/BooleanMultiplexor.xml
2 ms. Memory: 263168K Free: 192257K (73%)
----------------- Invoking toplevel() on ptolemy.moml.MoMLSimpleApplication@7d0ff9a3
----------------- Done invoking toplevel() on ptolemy.moml.MoMLSimpleApplication@7d0ff9a3
reloadAllAccessors: .BooleanMultiplexor

===========================================================================================
----------------- testing Wed Jun 03 14:33:42 UTC 2020 /home/travis/build/icyphy/ptII/ptolemy/actor/lib/test/auto/BooleanMultiplexor2.xml
----------------- Instantiating /home/travis/build/icyphy/ptII/ptolemy/actor/lib/test/auto/BooleanMultiplexor2.xml
18 ms. Memory: 263168K Free: 185599K (71%)
----------------- Invoking toplevel() on ptolemy.moml.MoMLSimpleApplication@460856c9
----------------- Done invoking toplevel() on ptolemy.moml.MoMLSimpleApplication@460856c9
reloadAllAccessors: .BooleanMultiplexor2

===========================================================================================
----------------- testing Wed Jun 03 14:33:42 UTC 2020 /home/travis/build/icyphy/ptII/ptolemy/actor/lib/test/auto/BooleanMultiplexor3.xml
----------------- Instantiating /home/travis/build/icyphy/ptII/ptolemy/actor/lib/test/auto/BooleanMultiplexor3.xml
4 ms. Memory: 263168K Free: 181503K (69%)
----------------- Invoking toplevel() on ptolemy.moml.MoMLSimpleApplication@24575894
----------------- Done invoking toplevel() on ptolemy.moml.MoMLSimpleApplication@24575894
reloadAllAccessors: .BooleanMultiplexor3

===========================================================================================
----------------- testing Wed Jun 03 14:33:43 UTC 2020 /home/travis/build/icyphy/ptII/ptolemy/actor/lib/test/auto/BooleanSelect.xml
----------------- Instantiating /home/travis/build/icyphy/ptII/ptolemy/actor/lib/test/auto/BooleanSelect.xml
6 ms. Memory: 263168K Free: 175873K (67%)
----------------- Invoking toplevel() on ptolemy.moml.MoMLSimpleApplication@65e2949a
----------------- Done invoking toplevel() on ptolemy.moml.MoMLSimpleApplication@65e2949a
reloadAllAccessors: .BooleanSelect

===========================================================================================
----------------- testing Wed Jun 03 14:33:43 UTC 2020 /home/travis/build/icyphy/ptII/ptolemy/actor/lib/test/auto/BooleanSelect2.xml
----------------- Instantiating /home/travis/build/icyphy/ptII/ptolemy/actor/lib/test/auto/BooleanSelect2.xml
3 ms. Memory: 263168K Free: 171263K (65%)
----------------- Invoking toplevel() on ptolemy.moml.MoMLSimpleApplication@609b26f
----------------- Done invoking toplevel() on ptolemy.moml.MoMLSimpleApplication@609b26f
reloadAllAccessors: .BooleanSelect2

===========================================================================================
----------------- testing Wed Jun 03 14:33:43 UTC 2020 /home/travis/build/icyphy/ptII/ptolemy/actor/lib/test/auto/BooleanSwitch.xml
----------------- Instantiating /home/travis/build/icyphy/ptII/ptolemy/actor/lib/test/auto/BooleanSwitch.xml
9 ms. Memory: 263168K Free: 165119K (63%)
----------------- Invoking toplevel() on ptolemy.moml.MoMLSimpleApplication@3051021c
----------------- Done invoking toplevel() on ptolemy.moml.MoMLSimpleApplication@3051021c
reloadAllAccessors: .BooleanSwitch

===========================================================================================
----------------- testing Wed Jun 03 14:33:43 UTC 2020 /home/travis/build/icyphy/ptII/ptolemy/actor/lib/test/auto/BooleanSwitch2.xml
----------------- Instantiating /home/travis/build/icyphy/ptII/ptolemy/actor/lib/test/auto/BooleanSwitch2.xml
2 ms. Memory: 263168K Free: 160513K (61%)
----------------- Invoking toplevel() on ptolemy.moml.MoMLSimpleApplication@3fb374ad
----------------- Done invoking toplevel() on ptolemy.moml.MoMLSimpleApplication@3fb374ad
reloadAllAccessors: .BooleanSwitch2

===========================================================================================
----------------- testing Wed Jun 03 14:33:43 UTC 2020 /home/travis/build/icyphy/ptII/ptolemy/actor/lib/test/auto/BooleanSwitchCloningBugWithClassRelationGroup.xml
----------------- Instantiating /home/travis/build/icyphy/ptII/ptolemy/actor/lib/test/auto/BooleanSwitchCloningBugWithClassRelationGroup.xml
4 ms. Memory: 263168K Free: 154369K (59%)
----------------- Invoking toplevel() on ptolemy.moml.MoMLSimpleApplication@7ad5603b
----------------- Done invoking toplevel() on ptolemy.moml.MoMLSimpleApplication@7ad5603b
reloadAllAccessors: .BooleanSwitchCloningBugWithClassRelationGroup

===========================================================================================
----------------- testing Wed Jun 03 14:33:43 UTC 2020 /home/travis/build/icyphy/ptII/ptolemy/actor/lib/test/auto/BusActors.xml
----------------- Instantiating /home/travis/build/icyphy/ptII/ptolemy/actor/lib/test/auto/BusActors.xml
7 ms. Memory: 263168K Free: 146687K (56%)
----------------- Invoking toplevel() on ptolemy.moml.MoMLSimpleApplication@2268e717
----------------- Done invoking toplevel() on ptolemy.moml.MoMLSimpleApplication@2268e717
reloadAllAccessors: .BusActors

===========================================================================================
----------------- testing Wed Jun 03 14:33:43 UTC 2020 /home/travis/build/icyphy/ptII/ptolemy/actor/lib/test/auto/ClassWrapper.xml
----------------- Instantiating /home/travis/build/icyphy/ptII/ptolemy/actor/lib/test/auto/ClassWrapper.xml
5 ms. Memory: 263168K Free: 142591K (54%)
----------------- Invoking toplevel() on ptolemy.moml.MoMLSimpleApplication@914838c
----------------- Done invoking toplevel() on ptolemy.moml.MoMLSimpleApplication@914838c
reloadAllAccessors: .ClassWrapper

===========================================================================================
----------------- testing Wed Jun 03 14:33:43 UTC 2020 /home/travis/build/icyphy/ptII/ptolemy/actor/lib/test/auto/Clock.xml
----------------- Instantiating /home/travis/build/icyphy/ptII/ptolemy/actor/lib/test/auto/Clock.xml
3 ms. Memory: 263168K Free: 138495K (53%)
----------------- Invoking toplevel() on ptolemy.moml.MoMLSimpleApplication@1dfab3e6
----------------- Done invoking toplevel() on ptolemy.moml.MoMLSimpleApplication@1dfab3e6
reloadAllAccessors: .Clock

===========================================================================================
----------------- testing Wed Jun 03 14:33:43 UTC 2020 /home/travis/build/icyphy/ptII/ptolemy/actor/lib/test/auto/Clock10.xml
----------------- Instantiating /home/travis/build/icyphy/ptII/ptolemy/actor/lib/test/auto/Clock10.xml
4 ms. Memory: 263168K Free: 132865K (50%)
----------------- Invoking toplevel() on ptolemy.moml.MoMLSimpleApplication@6e30be0
----------------- Done invoking toplevel() on ptolemy.moml.MoMLSimpleApplication@6e30be0
reloadAllAccessors: .Clock10

===========================================================================================
----------------- testing Wed Jun 03 14:33:43 UTC 2020 /home/travis/build/icyphy/ptII/ptolemy/actor/lib/test/auto/Clock11.xml
----------------- Instantiating /home/travis/build/icyphy/ptII/ptolemy/actor/lib/test/auto/Clock11.xml
7 ms. Memory: 263168K Free: 126721K (48%)
----------------- Invoking toplevel() on ptolemy.moml.MoMLSimpleApplication@6a8c1797
----------------- Done invoking toplevel() on ptolemy.moml.MoMLSimpleApplication@6a8c1797
reloadAllAccessors: .Clock11

===========================================================================================
----------------- testing Wed Jun 03 14:33:43 UTC 2020 /home/travis/build/icyphy/ptII/ptolemy/actor/lib/test/auto/Clock12.xml
----------------- Instantiating /home/travis/build/icyphy/ptII/ptolemy/actor/lib/test/auto/Clock12.xml
11 ms. Memory: 263168K Free: 121087K (46%)
----------------- Invoking toplevel() on ptolemy.moml.MoMLSimpleApplication@3af39988
----------------- Done invoking toplevel() on ptolemy.moml.MoMLSimpleApplication@3af39988
reloadAllAccessors: .Clock12

===========================================================================================
----------------- testing Wed Jun 03 14:33:43 UTC 2020 /home/travis/build/icyphy/ptII/ptolemy/actor/lib/test/auto/Clock13.xml
----------------- Instantiating /home/travis/build/icyphy/ptII/ptolemy/actor/lib/test/auto/Clock13.xml
11 ms. Memory: 263168K Free: 114929K (44%)
----------------- Invoking toplevel() on ptolemy.moml.MoMLSimpleApplication@4b82c098
----------------- Done invoking toplevel() on ptolemy.moml.MoMLSimpleApplication@4b82c098
reloadAllAccessors: .Clock13

===========================================================================================
----------------- testing Wed Jun 03 14:33:43 UTC 2020 /home/travis/build/icyphy/ptII/ptolemy/actor/lib/test/auto/Clock14.xml
----------------- Instantiating /home/travis/build/icyphy/ptII/ptolemy/actor/lib/test/auto/Clock14.xml
6 ms. Memory: 263168K Free: 109313K (42%)
----------------- Invoking toplevel() on ptolemy.moml.MoMLSimpleApplication@6cdd8952
----------------- Done invoking toplevel() on ptolemy.moml.MoMLSimpleApplication@6cdd8952
reloadAllAccessors: .Clock14

===========================================================================================
----------------- testing Wed Jun 03 14:33:43 UTC 2020 /home/travis/build/icyphy/ptII/ptolemy/actor/lib/test/auto/Clock15.xml
----------------- Instantiating /home/travis/build/icyphy/ptII/ptolemy/actor/lib/test/auto/Clock15.xml
5 ms. Memory: 263168K Free: 103169K (39%)
----------------- Invoking toplevel() on ptolemy.moml.MoMLSimpleApplication@c3c9c51
----------------- Done invoking toplevel() on ptolemy.moml.MoMLSimpleApplication@c3c9c51
reloadAllAccessors: .Clock15

===========================================================================================
----------------- testing Wed Jun 03 14:33:43 UTC 2020 /home/travis/build/icyphy/ptII/ptolemy/actor/lib/test/auto/Clock16.xml
----------------- Instantiating /home/travis/build/icyphy/ptII/ptolemy/actor/lib/test/auto/Clock16.xml
30 ms. Memory: 263168K Free: 88313K (34%)
----------------- Invoking toplevel() on ptolemy.moml.MoMLSimpleApplication@59e4f37b
----------------- Done invoking toplevel() on ptolemy.moml.MoMLSimpleApplication@59e4f37b
reloadAllAccessors: .Clock16

===========================================================================================
----------------- testing Wed Jun 03 14:33:43 UTC 2020 /home/travis/build/icyphy/ptII/ptolemy/actor/lib/test/auto/Clock17.xml
----------------- Instantiating /home/travis/build/icyphy/ptII/ptolemy/actor/lib/test/auto/Clock17.xml
21 ms. Memory: 263168K Free: 74497K (28%)
----------------- Invoking toplevel() on ptolemy.moml.MoMLSimpleApplication@45e72d8b
----------------- Done invoking toplevel() on ptolemy.moml.MoMLSimpleApplication@45e72d8b
reloadAllAccessors: .Clock17

===========================================================================================
----------------- testing Wed Jun 03 14:33:43 UTC 2020 /home/travis/build/icyphy/ptII/ptolemy/actor/lib/test/auto/Clock18.xml
----------------- Instantiating /home/travis/build/icyphy/ptII/ptolemy/actor/lib/test/auto/Clock18.xml
29 ms. Memory: 526336K Free: 470786K (89%)
----------------- Invoking toplevel() on ptolemy.moml.MoMLSimpleApplication@4cdfb5d8
----------------- Done invoking toplevel() on ptolemy.moml.MoMLSimpleApplication@4cdfb5d8
reloadAllAccessors: .Clock18

===========================================================================================
----------------- testing Wed Jun 03 14:33:43 UTC 2020 /home/travis/build/icyphy/ptII/ptolemy/actor/lib/test/auto/Clock19.xml
----------------- Instantiating /home/travis/build/icyphy/ptII/ptolemy/actor/lib/test/auto/Clock19.xml
12 ms. Memory: 526336K Free: 457474K (87%)
----------------- Invoking toplevel() on ptolemy.moml.MoMLSimpleApplication@4174ed10
----------------- Done invoking toplevel() on ptolemy.moml.MoMLSimpleApplication@4174ed10
reloadAllAccessors: .Clock19

===========================================================================================
----------------- testing Wed Jun 03 14:33:43 UTC 2020 /home/travis/build/icyphy/ptII/ptolemy/actor/lib/test/auto/Clock2.xml
----------------- Instantiating /home/travis/build/icyphy/ptII/ptolemy/actor/lib/test/auto/Clock2.xml
6 ms. Memory: 526336K Free: 452858K (86%)
----------------- Invoking toplevel() on ptolemy.moml.MoMLSimpleApplication@5c27e89f
----------------- Done invoking toplevel() on ptolemy.moml.MoMLSimpleApplication@5c27e89f
reloadAllAccessors: .Clock2

===========================================================================================
----------------- testing Wed Jun 03 14:33:43 UTC 2020 /home/travis/build/icyphy/ptII/ptolemy/actor/lib/test/auto/Clock20.xml
----------------- Instantiating /home/travis/build/icyphy/ptII/ptolemy/actor/lib/test/auto/Clock20.xml
4 ms. Memory: 526336K Free: 447744K (85%)
----------------- Invoking toplevel() on ptolemy.moml.MoMLSimpleApplication@b7c1a8e
----------------- Done invoking toplevel() on ptolemy.moml.MoMLSimpleApplication@b7c1a8e
reloadAllAccessors: .Clock20

===========================================================================================
----------------- testing Wed Jun 03 14:33:43 UTC 2020 /home/travis/build/icyphy/ptII/ptolemy/actor/lib/test/auto/Clock21.xml
----------------- Instantiating /home/travis/build/icyphy/ptII/ptolemy/actor/lib/test/auto/Clock21.xml
8 ms. Memory: 526336K Free: 442114K (84%)
----------------- Invoking toplevel() on ptolemy.moml.MoMLSimpleApplication@2fae76f3
----------------- Done invoking toplevel() on ptolemy.moml.MoMLSimpleApplication@2fae76f3
reloadAllAccessors: .Clock21

===========================================================================================
----------------- testing Wed Jun 03 14:33:43 UTC 2020 /home/travis/build/icyphy/ptII/ptolemy/actor/lib/test/auto/Clock22.xml
----------------- Instantiating /home/travis/build/icyphy/ptII/ptolemy/actor/lib/test/auto/Clock22.xml
8 ms. Memory: 526336K Free: 436994K (83%)
----------------- Invoking toplevel() on ptolemy.moml.MoMLSimpleApplication@3d45be7e
----------------- Done invoking toplevel() on ptolemy.moml.MoMLSimpleApplication@3d45be7e
reloadAllAccessors: .Clock22

===========================================================================================
----------------- testing Wed Jun 03 14:33:43 UTC 2020 /home/travis/build/icyphy/ptII/ptolemy/actor/lib/test/auto/Clock23.xml
----------------- Instantiating /home/travis/build/icyphy/ptII/ptolemy/actor/lib/test/auto/Clock23.xml
11 ms. Memory: 526336K Free: 431360K (82%)
----------------- Invoking toplevel() on ptolemy.moml.MoMLSimpleApplication@760b656f
----------------- Done invoking toplevel() on ptolemy.moml.MoMLSimpleApplication@760b656f
reloadAllAccessors: .Clock23

===========================================================================================
----------------- testing Wed Jun 03 14:33:43 UTC 2020 /home/travis/build/icyphy/ptII/ptolemy/actor/lib/test/auto/Clock24.xml
----------------- Instantiating /home/travis/build/icyphy/ptII/ptolemy/actor/lib/test/auto/Clock24.xml
2 ms. Memory: 526336K Free: 426240K (81%)
----------------- Invoking toplevel() on ptolemy.moml.MoMLSimpleApplication@1bafb89a
----------------- Done invoking toplevel() on ptolemy.moml.MoMLSimpleApplication@1bafb89a
reloadAllAccessors: .Clock24

===========================================================================================
----------------- testing Wed Jun 03 14:33:43 UTC 2020 /home/travis/build/icyphy/ptII/ptolemy/actor/lib/test/auto/Clock4.xml
----------------- Instantiating /home/travis/build/icyphy/ptII/ptolemy/actor/lib/test/auto/Clock4.xml
3 ms. Memory: 526336K Free: 421106K (80%)
----------------- Invoking toplevel() on ptolemy.moml.MoMLSimpleApplication@79f258a6
----------------- Done invoking toplevel() on ptolemy.moml.MoMLSimpleApplication@79f258a6
reloadAllAccessors: .Clock4

===========================================================================================
----------------- testing Wed Jun 03 14:33:43 UTC 2020 /home/travis/build/icyphy/ptII/ptolemy/actor/lib/test/auto/Clock5.xml
----------------- Instantiating /home/travis/build/icyphy/ptII/ptolemy/actor/lib/test/auto/Clock5.xml
2 ms. Memory: 526336K Free: 415490K (79%)
----------------- Invoking toplevel() on ptolemy.moml.MoMLSimpleApplication@2b488997
----------------- Done invoking toplevel() on ptolemy.moml.MoMLSimpleApplication@2b488997
reloadAllAccessors: .Clock5

===========================================================================================
----------------- testing Wed Jun 03 14:33:43 UTC 2020 /home/travis/build/icyphy/ptII/ptolemy/actor/lib/test/auto/Clock6.xml
----------------- Instantiating /home/travis/build/icyphy/ptII/ptolemy/actor/lib/test/auto/Clock6.xml
1 ms. Memory: 526336K Free: 411904K (78%)
----------------- Invoking toplevel() on ptolemy.moml.MoMLSimpleApplication@28171783
----------------- Done invoking toplevel() on ptolemy.moml.MoMLSimpleApplication@28171783
reloadAllAccessors: .Clock6

===========================================================================================
----------------- testing Wed Jun 03 14:33:44 UTC 2020 /home/travis/build/icyphy/ptII/ptolemy/actor/lib/test/auto/Clock7.xml
----------------- Instantiating /home/travis/build/icyphy/ptII/ptolemy/actor/lib/test/auto/Clock7.xml
2 ms. Memory: 526336K Free: 406784K (77%)
----------------- Invoking toplevel() on ptolemy.moml.MoMLSimpleApplication@dc82a1e
----------------- Done invoking toplevel() on ptolemy.moml.MoMLSimpleApplication@dc82a1e
reloadAllAccessors: .Clock7

===========================================================================================
----------------- testing Wed Jun 03 14:33:44 UTC 2020 /home/travis/build/icyphy/ptII/ptolemy/actor/lib/test/auto/Clock8.xml
----------------- Instantiating /home/travis/build/icyphy/ptII/ptolemy/actor/lib/test/auto/Clock8.xml
4 ms. Memory: 526336K Free: 401634K (76%)
----------------- Invoking toplevel() on ptolemy.moml.MoMLSimpleApplication@3a9de1aa
----------------- Done invoking toplevel() on ptolemy.moml.MoMLSimpleApplication@3a9de1aa
reloadAllAccessors: .Clock8

===========================================================================================
----------------- testing Wed Jun 03 14:33:44 UTC 2020 /home/travis/build/icyphy/ptII/ptolemy/actor/lib/test/auto/Clock9.xml
----------------- Instantiating /home/travis/build/icyphy/ptII/ptolemy/actor/lib/test/auto/Clock9.xml
3 ms. Memory: 526336K Free: 396034K (75%)
----------------- Invoking toplevel() on ptolemy.moml.MoMLSimpleApplication@5f17ad99
----------------- Done invoking toplevel() on ptolemy.moml.MoMLSimpleApplication@5f17ad99
reloadAllAccessors: .Clock9

===========================================================================================
----------------- testing Wed Jun 03 14:33:44 UTC 2020 /home/travis/build/icyphy/ptII/ptolemy/actor/lib/test/auto/CommDistDiscard.xml
----------------- Instantiating /home/travis/build/icyphy/ptII/ptolemy/actor/lib/test/auto/CommDistDiscard.xml
5 ms. Memory: 526336K Free: 390400K (74%)
----------------- Invoking toplevel() on ptolemy.moml.MoMLSimpleApplication@6cd578ca
----------------- Done invoking toplevel() on ptolemy.moml.MoMLSimpleApplication@6cd578ca
reloadAllAccessors: .CommDistDiscard

===========================================================================================
----------------- testing Wed Jun 03 14:33:44 UTC 2020 /home/travis/build/icyphy/ptII/ptolemy/actor/lib/test/auto/Commutator.xml
----------------- Instantiating /home/travis/build/icyphy/ptII/ptolemy/actor/lib/test/auto/Commutator.xml
3 ms. Memory: 526336K Free: 386304K (73%)
----------------- Invoking toplevel() on ptolemy.moml.MoMLSimpleApplication@33329010
----------------- Done invoking toplevel() on ptolemy.moml.MoMLSimpleApplication@33329010
reloadAllAccessors: .Commutator

===========================================================================================
----------------- testing Wed Jun 03 14:33:44 UTC 2020 /home/travis/build/icyphy/ptII/ptolemy/actor/lib/test/auto/Commutator2.xml
----------------- Instantiating /home/travis/build/icyphy/ptII/ptolemy/actor/lib/test/auto/Commutator2.xml
2 ms. Memory: 526336K Free: 381698K (73%)
----------------- Invoking toplevel() on ptolemy.moml.MoMLSimpleApplication@31f8c4c8
----------------- Done invoking toplevel() on ptolemy.moml.MoMLSimpleApplication@31f8c4c8
reloadAllAccessors: .Commutator2

===========================================================================================
----------------- testing Wed Jun 03 14:33:44 UTC 2020 /home/travis/build/icyphy/ptII/ptolemy/actor/lib/test/auto/Commutator3.xml
----------------- Instantiating /home/travis/build/icyphy/ptII/ptolemy/actor/lib/test/auto/Commutator3.xml
3 ms. Memory: 526336K Free: 377602K (72%)
----------------- Invoking toplevel() on ptolemy.moml.MoMLSimpleApplication@74dff316
----------------- Done invoking toplevel() on ptolemy.moml.MoMLSimpleApplication@74dff316
reloadAllAccessors: .Commutator3

===========================================================================================
----------------- testing Wed Jun 03 14:33:44 UTC 2020 /home/travis/build/icyphy/ptII/ptolemy/actor/lib/test/auto/Compare.xml
----------------- Instantiating /home/travis/build/icyphy/ptII/ptolemy/actor/lib/test/auto/Compare.xml
2 ms. Memory: 526336K Free: 370944K (70%)
----------------- Invoking toplevel() on ptolemy.moml.MoMLSimpleApplication@3695bc75
----------------- Done invoking toplevel() on ptolemy.moml.MoMLSimpleApplication@3695bc75
reloadAllAccessors: .Compare

===========================================================================================
----------------- testing Wed Jun 03 14:33:44 UTC 2020 /home/travis/build/icyphy/ptII/ptolemy/actor/lib/test/auto/CompareDE.xml
----------------- Instantiating /home/travis/build/icyphy/ptII/ptolemy/actor/lib/test/auto/CompareDE.xml
4 ms. Memory: 526336K Free: 363762K (69%)
----------------- Invoking toplevel() on ptolemy.moml.MoMLSimpleApplication@138d1738
----------------- Done invoking toplevel() on ptolemy.moml.MoMLSimpleApplication@138d1738
reloadAllAccessors: .CompareDE

===========================================================================================
----------------- testing Wed Jun 03 14:33:44 UTC 2020 /home/travis/build/icyphy/ptII/ptolemy/actor/lib/test/auto/ComplexDivide.xml
----------------- Instantiating /home/travis/build/icyphy/ptII/ptolemy/actor/lib/test/auto/ComplexDivide.xml
1 ms. Memory: 526336K Free: 360194K (68%)
----------------- Invoking toplevel() on ptolemy.moml.MoMLSimpleApplication@10f35cf
----------------- Done invoking toplevel() on ptolemy.moml.MoMLSimpleApplication@10f35cf
reloadAllAccessors: .ComplexDivide

===========================================================================================
----------------- testing Wed Jun 03 14:33:44 UTC 2020 /home/travis/build/icyphy/ptII/ptolemy/actor/lib/test/auto/ComputeHistogram.xml
----------------- Instantiating /home/travis/build/icyphy/ptII/ptolemy/actor/lib/test/auto/ComputeHistogram.xml
34 ms. Memory: 526336K Free: 347392K (66%)
----------------- Invoking toplevel() on ptolemy.moml.MoMLSimpleApplication@5d8211b4
----------------- Done invoking toplevel() on ptolemy.moml.MoMLSimpleApplication@5d8211b4
reloadAllAccessors: .ComputeHistogram

===========================================================================================
----------------- testing Wed Jun 03 14:33:44 UTC 2020 /home/travis/build/icyphy/ptII/ptolemy/actor/lib/test/auto/ConfigurationSelect.xml
----------------- Instantiating /home/travis/build/icyphy/ptII/ptolemy/actor/lib/test/auto/ConfigurationSelect.xml
3 ms. Memory: 526336K Free: 341762K (65%)
----------------- Invoking toplevel() on ptolemy.moml.MoMLSimpleApplication@11b5824
----------------- Done invoking toplevel() on ptolemy.moml.MoMLSimpleApplication@11b5824
reloadAllAccessors: .ConfigurationSelect

===========================================================================================
----------------- testing Wed Jun 03 14:33:44 UTC 2020 /home/travis/build/icyphy/ptII/ptolemy/actor/lib/test/auto/ConfigurationSelect2.xml
----------------- Instantiating /home/travis/build/icyphy/ptII/ptolemy/actor/lib/test/auto/ConfigurationSelect2.xml
1 ms. Memory: 526336K Free: 337666K (64%)
----------------- Invoking toplevel() on ptolemy.moml.MoMLSimpleApplication@331181a3
----------------- Done invoking toplevel() on ptolemy.moml.MoMLSimpleApplication@331181a3
reloadAllAccessors: .ConfigurationSelect2

===========================================================================================
----------------- testing Wed Jun 03 14:33:44 UTC 2020 /home/travis/build/icyphy/ptII/ptolemy/actor/lib/test/auto/ConfigurationSwitch.xml
----------------- Instantiating /home/travis/build/icyphy/ptII/ptolemy/actor/lib/test/auto/ConfigurationSwitch.xml
2 ms. Memory: 526336K Free: 332032K (63%)
----------------- Invoking toplevel() on ptolemy.moml.MoMLSimpleApplication@700dcb43
----------------- Done invoking toplevel() on ptolemy.moml.MoMLSimpleApplication@700dcb43
reloadAllAccessors: .ConfigurationSwitch

===========================================================================================
----------------- testing Wed Jun 03 14:33:44 UTC 2020 /home/travis/build/icyphy/ptII/ptolemy/actor/lib/test/auto/ConfigurationSwitch2.xml
----------------- Instantiating /home/travis/build/icyphy/ptII/ptolemy/actor/lib/test/auto/ConfigurationSwitch2.xml
2 ms. Memory: 526336K Free: 326402K (62%)
----------------- Invoking toplevel() on ptolemy.moml.MoMLSimpleApplication@17402db9
----------------- Done invoking toplevel() on ptolemy.moml.MoMLSimpleApplication@17402db9
reloadAllAccessors: .ConfigurationSwitch2

===========================================================================================
----------------- testing Wed Jun 03 14:33:44 UTC 2020 /home/travis/build/icyphy/ptII/ptolemy/actor/lib/test/auto/ConfigurationSwitchCloningBugWithClassRelationGroup.xml
----------------- Instantiating /home/travis/build/icyphy/ptII/ptolemy/actor/lib/test/auto/ConfigurationSwitchCloningBugWithClassRelationGroup.xml
1 ms. Memory: 526336K Free: 319744K (61%)
----------------- Invoking toplevel() on ptolemy.moml.MoMLSimpleApplication@1c5215d1
----------------- Done invoking toplevel() on ptolemy.moml.MoMLSimpleApplication@1c5215d1
reloadAllAccessors: .ConfigurationSwitchCloningBugWithClassRelationGroup

===========================================================================================
----------------- testing Wed Jun 03 14:33:44 UTC 2020 /home/travis/build/icyphy/ptII/ptolemy/actor/lib/test/auto/ConfigurationSwitchSelectSDF.xml
----------------- Instantiating /home/travis/build/icyphy/ptII/ptolemy/actor/lib/test/auto/ConfigurationSwitchSelectSDF.xml
3 ms. Memory: 526336K Free: 313600K (60%)
----------------- Invoking toplevel() on ptolemy.moml.MoMLSimpleApplication@3f144673
----------------- Done invoking toplevel() on ptolemy.moml.MoMLSimpleApplication@3f144673
reloadAllAccessors: .ConfigurationSwitchSelectSDF

===========================================================================================
----------------- testing Wed Jun 03 14:33:44 UTC 2020 /home/travis/build/icyphy/ptII/ptolemy/actor/lib/test/auto/ConfigurationSwitchSelectSDF2.xml
----------------- Instantiating /home/travis/build/icyphy/ptII/ptolemy/actor/lib/test/auto/ConfigurationSwitchSelectSDF2.xml
3 ms. Memory: 526336K Free: 307970K (59%)
----------------- Invoking toplevel() on ptolemy.moml.MoMLSimpleApplication@fa968de
----------------- Done invoking toplevel() on ptolemy.moml.MoMLSimpleApplication@fa968de
reloadAllAccessors: .ConfigurationSwitchSelectSDF2

===========================================================================================
----------------- testing Wed Jun 03 14:33:44 UTC 2020 /home/travis/build/icyphy/ptII/ptolemy/actor/lib/test/auto/Const.xml
----------------- Instantiating /home/travis/build/icyphy/ptII/ptolemy/actor/lib/test/auto/Const.xml
1 ms. Memory: 526336K Free: 304384K (58%)
----------------- Invoking toplevel() on ptolemy.moml.MoMLSimpleApplication@564e3c0e
----------------- Done invoking toplevel() on ptolemy.moml.MoMLSimpleApplication@564e3c0e
reloadAllAccessors: .Const

===========================================================================================
----------------- testing Wed Jun 03 14:33:44 UTC 2020 /home/travis/build/icyphy/ptII/ptolemy/actor/lib/test/auto/Const2.xml
----------------- Instantiating /home/travis/build/icyphy/ptII/ptolemy/actor/lib/test/auto/Const2.xml
2 ms. Memory: 526336K Free: 300288K (57%)
----------------- Invoking toplevel() on ptolemy.moml.MoMLSimpleApplication@2c1aba07
----------------- Done invoking toplevel() on ptolemy.moml.MoMLSimpleApplication@2c1aba07
reloadAllAccessors: .Const2

===========================================================================================
----------------- testing Wed Jun 03 14:33:44 UTC 2020 /home/travis/build/icyphy/ptII/ptolemy/actor/lib/test/auto/Const3.xml
----------------- Instantiating /home/travis/build/icyphy/ptII/ptolemy/actor/lib/test/auto/Const3.xml
2 ms. Memory: 526336K Free: 297730K (57%)
----------------- Invoking toplevel() on ptolemy.moml.MoMLSimpleApplication@490ea16c
----------------- Done invoking toplevel() on ptolemy.moml.MoMLSimpleApplication@490ea16c
reloadAllAccessors: .Const3

===========================================================================================
----------------- testing Wed Jun 03 14:33:44 UTC 2020 /home/travis/build/icyphy/ptII/ptolemy/actor/lib/test/auto/ConstantPublisherPort1.xml
----------------- Instantiating /home/travis/build/icyphy/ptII/ptolemy/actor/lib/test/auto/ConstantPublisherPort1.xml
6 ms. Memory: 526336K Free: 289024K (55%)
----------------- Invoking toplevel() on ptolemy.moml.MoMLSimpleApplication@1ce8d6cb
----------------- Done invoking toplevel() on ptolemy.moml.MoMLSimpleApplication@1ce8d6cb
reloadAllAccessors: .ConstantPublisherPort1

===========================================================================================
----------------- testing Wed Jun 03 14:33:44 UTC 2020 /home/travis/build/icyphy/ptII/ptolemy/actor/lib/test/auto/ConstantPublisherPort2.xml
----------------- Instantiating /home/travis/build/icyphy/ptII/ptolemy/actor/lib/test/auto/ConstantPublisherPort2.xml
5 ms. Memory: 526336K Free: 281346K (53%)
----------------- Invoking toplevel() on ptolemy.moml.MoMLSimpleApplication@19af71c7
----------------- Done invoking toplevel() on ptolemy.moml.MoMLSimpleApplication@19af71c7
reloadAllAccessors: .ConstantPublisherPort2

===========================================================================================
----------------- testing Wed Jun 03 14:33:44 UTC 2020 /home/travis/build/icyphy/ptII/ptolemy/actor/lib/test/auto/ConstantPublisherPort3.xml
----------------- Instantiating /home/travis/build/icyphy/ptII/ptolemy/actor/lib/test/auto/ConstantPublisherPort3.xml
5 ms. Memory: 526336K Free: 274178K (52%)
----------------- Invoking toplevel() on ptolemy.moml.MoMLSimpleApplication@69fe56ea
----------------- Done invoking toplevel() on ptolemy.moml.MoMLSimpleApplication@69fe56ea
reloadAllAccessors: .ConstantPublisherPort3

===========================================================================================
----------------- testing Wed Jun 03 14:33:44 UTC 2020 /home/travis/build/icyphy/ptII/ptolemy/actor/lib/test/auto/ConstantPublisherPort4.xml
----------------- Instantiating /home/travis/build/icyphy/ptII/ptolemy/actor/lib/test/auto/ConstantPublisherPort4.xml
4 ms. Memory: 526336K Free: 267010K (51%)
----------------- Invoking toplevel() on ptolemy.moml.MoMLSimpleApplication@44b1be78
----------------- Done invoking toplevel() on ptolemy.moml.MoMLSimpleApplication@44b1be78
reloadAllAccessors: .ConstantPublisherPort4

===========================================================================================
----------------- testing Wed Jun 03 14:33:44 UTC 2020 /home/travis/build/icyphy/ptII/ptolemy/actor/lib/test/auto/ConstantPublisherPort5.xml
----------------- Instantiating /home/travis/build/icyphy/ptII/ptolemy/actor/lib/test/auto/ConstantPublisherPort5.xml
31 ms. Memory: 526336K Free: 257794K (49%)
----------------- Invoking toplevel() on ptolemy.moml.MoMLSimpleApplication@4ad75853
----------------- Done invoking toplevel() on ptolemy.moml.MoMLSimpleApplication@4ad75853
reloadAllAccessors: .ConstantPublisherPort5

===========================================================================================
----------------- testing Wed Jun 03 14:33:44 UTC 2020 /home/travis/build/icyphy/ptII/ptolemy/actor/lib/test/auto/ConstantPublisherPort6.xml
----------------- Instantiating /home/travis/build/icyphy/ptII/ptolemy/actor/lib/test/auto/ConstantPublisherPort6.xml
22 ms. Memory: 526336K Free: 248064K (47%)
----------------- Invoking toplevel() on ptolemy.moml.MoMLSimpleApplication@7ff41c1e
----------------- Done invoking toplevel() on ptolemy.moml.MoMLSimpleApplication@7ff41c1e
reloadAllAccessors: .ConstantPublisherPort6

===========================================================================================
----------------- testing Wed Jun 03 14:33:44 UTC 2020 /home/travis/build/icyphy/ptII/ptolemy/actor/lib/test/auto/ConstantPublisherPort7.xml
----------------- Instantiating /home/travis/build/icyphy/ptII/ptolemy/actor/lib/test/auto/ConstantPublisherPort7.xml
20 ms. Memory: 526336K Free: 238338K (45%)
----------------- Invoking toplevel() on ptolemy.moml.MoMLSimpleApplication@4a3cd38f
----------------- Done invoking toplevel() on ptolemy.moml.MoMLSimpleApplication@4a3cd38f
reloadAllAccessors: .ConstantPublisherPort7

===========================================================================================
----------------- testing Wed Jun 03 14:33:44 UTC 2020 /home/travis/build/icyphy/ptII/ptolemy/actor/lib/test/auto/ConstraintMonitor1.xml
----------------- Instantiating /home/travis/build/icyphy/ptII/ptolemy/actor/lib/test/auto/ConstraintMonitor1.xml
6 ms. Memory: 526336K Free: 471295K (90%)
----------------- Invoking toplevel() on ptolemy.moml.MoMLSimpleApplication@365abb32
----------------- Done invoking toplevel() on ptolemy.moml.MoMLSimpleApplication@365abb32
reloadAllAccessors: .ConstraintMonitor1

===========================================================================================
----------------- testing Wed Jun 03 14:33:44 UTC 2020 /home/travis/build/icyphy/ptII/ptolemy/actor/lib/test/auto/ConstraintMonitor2.xml
----------------- Instantiating /home/travis/build/icyphy/ptII/ptolemy/actor/lib/test/auto/ConstraintMonitor2.xml
6 ms. Memory: 526336K Free: 466689K (89%)
----------------- Invoking toplevel() on ptolemy.moml.MoMLSimpleApplication@1ca5988a
----------------- Done invoking toplevel() on ptolemy.moml.MoMLSimpleApplication@1ca5988a
reloadAllAccessors: .ConstraintMonitor2

===========================================================================================
----------------- testing Wed Jun 03 14:33:44 UTC 2020 /home/travis/build/icyphy/ptII/ptolemy/actor/lib/test/auto/ConstraintMonitor3.xml
----------------- Instantiating /home/travis/build/icyphy/ptII/ptolemy/actor/lib/test/auto/ConstraintMonitor3.xml
4 ms. Memory: 526336K Free: 462079K (88%)
----------------- Invoking toplevel() on ptolemy.moml.MoMLSimpleApplication@78ca9e16
----------------- Done invoking toplevel() on ptolemy.moml.MoMLSimpleApplication@78ca9e16
reloadAllAccessors: .ConstraintMonitor3

===========================================================================================
----------------- testing Wed Jun 03 14:33:44 UTC 2020 /home/travis/build/icyphy/ptII/ptolemy/actor/lib/test/auto/ConstraintMonitor4.xml
----------------- Instantiating /home/travis/build/icyphy/ptII/ptolemy/actor/lib/test/auto/ConstraintMonitor4.xml
4 ms. Memory: 526336K Free: 456959K (87%)
----------------- Invoking toplevel() on ptolemy.moml.MoMLSimpleApplication@1cae1009
----------------- Done invoking toplevel() on ptolemy.moml.MoMLSimpleApplication@1cae1009
reloadAllAccessors: .ConstraintMonitor4

===========================================================================================
----------------- testing Wed Jun 03 14:33:44 UTC 2020 /home/travis/build/icyphy/ptII/ptolemy/actor/lib/test/auto/ConstraintMonitor5.xml
----------------- Instantiating /home/travis/build/icyphy/ptII/ptolemy/actor/lib/test/auto/ConstraintMonitor5.xml
1 ms. Memory: 526336K Free: 451839K (86%)
----------------- Invoking toplevel() on ptolemy.moml.MoMLSimpleApplication@79b6dab0
----------------- Done invoking toplevel() on ptolemy.moml.MoMLSimpleApplication@79b6dab0
reloadAllAccessors: .ConstraintMonitor5

===========================================================================================
----------------- testing Wed Jun 03 14:33:44 UTC 2020 /home/travis/build/icyphy/ptII/ptolemy/actor/lib/test/auto/ConstraintMonitor6.xml
----------------- Instantiating /home/travis/build/icyphy/ptII/ptolemy/actor/lib/test/auto/ConstraintMonitor6.xml
5 ms. Memory: 526336K Free: 445689K (85%)
----------------- Invoking toplevel() on ptolemy.moml.MoMLSimpleApplication@26857bdc
----------------- Done invoking toplevel() on ptolemy.moml.MoMLSimpleApplication@26857bdc
reloadAllAccessors: .ConstraintMonitor6

===========================================================================================
----------------- testing Wed Jun 03 14:33:45 UTC 2020 /home/travis/build/icyphy/ptII/ptolemy/actor/lib/test/auto/ConstraintMonitor7.xml
----------------- Instantiating /home/travis/build/icyphy/ptII/ptolemy/actor/lib/test/auto/ConstraintMonitor7.xml
3 ms. Memory: 526336K Free: 439545K (84%)
----------------- Invoking toplevel() on ptolemy.moml.MoMLSimpleApplication@4c7ee282
----------------- Done invoking toplevel() on ptolemy.moml.MoMLSimpleApplication@4c7ee282
reloadAllAccessors: .ConstraintMonitor7

===========================================================================================
----------------- testing Wed Jun 03 14:33:45 UTC 2020 /home/travis/build/icyphy/ptII/ptolemy/actor/lib/test/auto/ConstraintMonitor8.xml
----------------- Instantiating /home/travis/build/icyphy/ptII/ptolemy/actor/lib/test/auto/ConstraintMonitor8.xml
6 ms. Memory: 526336K Free: 432383K (82%)
----------------- Invoking toplevel() on ptolemy.moml.MoMLSimpleApplication@5ac0918
----------------- Done invoking toplevel() on ptolemy.moml.MoMLSimpleApplication@5ac0918
reloadAllAccessors: .ConstraintMonitor8

===========================================================================================
----------------- testing Wed Jun 03 14:33:45 UTC 2020 /home/travis/build/icyphy/ptII/ptolemy/actor/lib/test/auto/Counter.xml
----------------- Instantiating /home/travis/build/icyphy/ptII/ptolemy/actor/lib/test/auto/Counter.xml
2 ms. Memory: 526336K Free: 427263K (81%)
----------------- Invoking toplevel() on ptolemy.moml.MoMLSimpleApplication@774425a0
----------------- Done invoking toplevel() on ptolemy.moml.MoMLSimpleApplication@774425a0
reloadAllAccessors: .Counter

===========================================================================================
----------------- testing Wed Jun 03 14:33:45 UTC 2020 /home/travis/build/icyphy/ptII/ptolemy/actor/lib/test/auto/CurrentTimeSDF.xml
----------------- Instantiating /home/travis/build/icyphy/ptII/ptolemy/actor/lib/test/auto/CurrentTimeSDF.xml
1 ms. Memory: 526336K Free: 423681K (80%)
----------------- Invoking toplevel() on ptolemy.moml.MoMLSimpleApplication@2975588b
----------------- Done invoking toplevel() on ptolemy.moml.MoMLSimpleApplication@2975588b
reloadAllAccessors: .CurrentTimeSDF

===========================================================================================
----------------- testing Wed Jun 03 14:33:45 UTC 2020 /home/travis/build/icyphy/ptII/ptolemy/actor/lib/test/auto/DB.xml
----------------- Instantiating /home/travis/build/icyphy/ptII/ptolemy/actor/lib/test/auto/DB.xml
2 ms. Memory: 526336K Free: 418561K (80%)
----------------- Invoking toplevel() on ptolemy.moml.MoMLSimpleApplication@24b16164
----------------- Done invoking toplevel() on ptolemy.moml.MoMLSimpleApplication@24b16164
reloadAllAccessors: .DB

===========================================================================================
----------------- testing Wed Jun 03 14:33:45 UTC 2020 /home/travis/build/icyphy/ptII/ptolemy/actor/lib/test/auto/DBDE.xml
----------------- Instantiating /home/travis/build/icyphy/ptII/ptolemy/actor/lib/test/auto/DBDE.xml
2 ms. Memory: 526336K Free: 412417K (78%)
----------------- Invoking toplevel() on ptolemy.moml.MoMLSimpleApplication@281b19c7
----------------- Done invoking toplevel() on ptolemy.moml.MoMLSimpleApplication@281b19c7
reloadAllAccessors: .DBDE

===========================================================================================
----------------- testing Wed Jun 03 14:33:45 UTC 2020 /home/travis/build/icyphy/ptII/ptolemy/actor/lib/test/auto/DateConstructor.xml
----------------- Instantiating /home/travis/build/icyphy/ptII/ptolemy/actor/lib/test/auto/DateConstructor.xml
44 ms. Memory: 526336K Free: 395519K (75%)
----------------- Invoking toplevel() on ptolemy.moml.MoMLSimpleApplication@65570f34
----------------- Done invoking toplevel() on ptolemy.moml.MoMLSimpleApplication@65570f34
reloadAllAccessors: .DateConstructor

===========================================================================================
----------------- testing Wed Jun 03 14:33:45 UTC 2020 /home/travis/build/icyphy/ptII/ptolemy/actor/lib/test/auto/DelayTime.xml
----------------- Instantiating /home/travis/build/icyphy/ptII/ptolemy/actor/lib/test/auto/DelayTime.xml
8 ms. Memory: 526336K Free: 390399K (74%)
----------------- Invoking toplevel() on ptolemy.moml.MoMLSimpleApplication@3eac1492
----------------- Done invoking toplevel() on ptolemy.moml.MoMLSimpleApplication@3eac1492
reloadAllAccessors: .DelayTime

===========================================================================================
----------------- testing Wed Jun 03 14:33:45 UTC 2020 /home/travis/build/icyphy/ptII/ptolemy/actor/lib/test/auto/Dictionary1.xml
----------------- Instantiating /home/travis/build/icyphy/ptII/ptolemy/actor/lib/test/auto/Dictionary1.xml
3 ms. Memory: 526336K Free: 384769K (73%)
----------------- Invoking toplevel() on ptolemy.moml.MoMLSimpleApplication@4519654a
----------------- Done invoking toplevel() on ptolemy.moml.MoMLSimpleApplication@4519654a
reloadAllAccessors: .Dictionary1

===========================================================================================
----------------- testing Wed Jun 03 14:33:45 UTC 2020 /home/travis/build/icyphy/ptII/ptolemy/actor/lib/test/auto/Dictionary2.xml
----------------- Instantiating /home/travis/build/icyphy/ptII/ptolemy/actor/lib/test/auto/Dictionary2.xml
4 ms. Memory: 526336K Free: 379135K (72%)
----------------- Invoking toplevel() on ptolemy.moml.MoMLSimpleApplication@67c50727
----------------- Done invoking toplevel() on ptolemy.moml.MoMLSimpleApplication@67c50727
reloadAllAccessors: .Dictionary2

===========================================================================================
----------------- testing Wed Jun 03 14:33:45 UTC 2020 /home/travis/build/icyphy/ptII/ptolemy/actor/lib/test/auto/Dictionary3.xml
----------------- Instantiating /home/travis/build/icyphy/ptII/ptolemy/actor/lib/test/auto/Dictionary3.xml
2 ms. Memory: 526336K Free: 374015K (71%)
----------------- Invoking toplevel() on ptolemy.moml.MoMLSimpleApplication@563f8cc0
----------------- Done invoking toplevel() on ptolemy.moml.MoMLSimpleApplication@563f8cc0
reloadAllAccessors: .Dictionary3

===========================================================================================
----------------- testing Wed Jun 03 14:33:45 UTC 2020 /home/travis/build/icyphy/ptII/ptolemy/actor/lib/test/auto/Dictionary4.xml
----------------- Instantiating /home/travis/build/icyphy/ptII/ptolemy/actor/lib/test/auto/Dictionary4.xml
5 ms. Memory: 526336K Free: 366841K (70%)
----------------- Invoking toplevel() on ptolemy.moml.MoMLSimpleApplication@574b0012
----------------- Done invoking toplevel() on ptolemy.moml.MoMLSimpleApplication@574b0012
reloadAllAccessors: .Dictionary4

===========================================================================================
----------------- testing Wed Jun 03 14:33:45 UTC 2020 /home/travis/build/icyphy/ptII/ptolemy/actor/lib/test/auto/Differential.xml
----------------- Instantiating /home/travis/build/icyphy/ptII/ptolemy/actor/lib/test/auto/Differential.xml
3 ms. Memory: 526336K Free: 362241K (69%)
----------------- Invoking toplevel() on ptolemy.moml.MoMLSimpleApplication@352c772c
----------------- Done invoking toplevel() on ptolemy.moml.MoMLSimpleApplication@352c772c
reloadAllAccessors: .Differential

===========================================================================================
----------------- testing Wed Jun 03 14:33:45 UTC 2020 /home/travis/build/icyphy/ptII/ptolemy/actor/lib/test/auto/Director.xml
----------------- Instantiating /home/travis/build/icyphy/ptII/ptolemy/actor/lib/test/auto/Director.xml
2 ms. Memory: 526336K Free: 359169K (68%)
----------------- Invoking toplevel() on ptolemy.moml.MoMLSimpleApplication@1424967f
----------------- Done invoking toplevel() on ptolemy.moml.MoMLSimpleApplication@1424967f
reloadAllAccessors: .Director

===========================================================================================
----------------- testing Wed Jun 03 14:33:45 UTC 2020 /home/travis/build/icyphy/ptII/ptolemy/actor/lib/test/auto/DiscreteClock.xml
----------------- Instantiating /home/travis/build/icyphy/ptII/ptolemy/actor/lib/test/auto/DiscreteClock.xml
4 ms. Memory: 526336K Free: 355073K (67%)
----------------- Invoking toplevel() on ptolemy.moml.MoMLSimpleApplication@15c2e90
----------------- Done invoking toplevel() on ptolemy.moml.MoMLSimpleApplication@15c2e90
reloadAllAccessors: .DiscreteClock

===========================================================================================
----------------- testing Wed Jun 03 14:33:45 UTC 2020 /home/travis/build/icyphy/ptII/ptolemy/actor/lib/test/auto/DiscreteClock10.xml
----------------- Instantiating /home/travis/build/icyphy/ptII/ptolemy/actor/lib/test/auto/DiscreteClock10.xml
2 ms. Memory: 526336K Free: 348929K (66%)
----------------- Invoking toplevel() on ptolemy.moml.MoMLSimpleApplication@3e5d4f8e
----------------- Done invoking toplevel() on ptolemy.moml.MoMLSimpleApplication@3e5d4f8e
reloadAllAccessors: .DiscreteClock10

===========================================================================================
----------------- testing Wed Jun 03 14:33:45 UTC 2020 /home/travis/build/icyphy/ptII/ptolemy/actor/lib/test/auto/DiscreteClock11.xml
----------------- Instantiating /home/travis/build/icyphy/ptII/ptolemy/actor/lib/test/auto/DiscreteClock11.xml
2 ms. Memory: 526336K Free: 342785K (65%)
----------------- Invoking toplevel() on ptolemy.moml.MoMLSimpleApplication@29d345ce
----------------- Done invoking toplevel() on ptolemy.moml.MoMLSimpleApplication@29d345ce
reloadAllAccessors: .DiscreteClock11

===========================================================================================
----------------- testing Wed Jun 03 14:33:45 UTC 2020 /home/travis/build/icyphy/ptII/ptolemy/actor/lib/test/auto/DiscreteClock12.xml
----------------- Instantiating /home/travis/build/icyphy/ptII/ptolemy/actor/lib/test/auto/DiscreteClock12.xml
3 ms. Memory: 526336K Free: 337151K (64%)
----------------- Invoking toplevel() on ptolemy.moml.MoMLSimpleApplication@36c0de66
----------------- Done invoking toplevel() on ptolemy.moml.MoMLSimpleApplication@36c0de66
reloadAllAccessors: .DiscreteClock12

===========================================================================================
----------------- testing Wed Jun 03 14:33:45 UTC 2020 /home/travis/build/icyphy/ptII/ptolemy/actor/lib/test/auto/DiscreteClock13.xml
----------------- Instantiating /home/travis/build/icyphy/ptII/ptolemy/actor/lib/test/auto/DiscreteClock13.xml
5 ms. Memory: 526336K Free: 330977K (63%)
----------------- Invoking toplevel() on ptolemy.moml.MoMLSimpleApplication@61024d72
----------------- Done invoking toplevel() on ptolemy.moml.MoMLSimpleApplication@61024d72
reloadAllAccessors: .DiscreteClock13

===========================================================================================
----------------- testing Wed Jun 03 14:33:45 UTC 2020 /home/travis/build/icyphy/ptII/ptolemy/actor/lib/test/auto/DiscreteClock14.xml
----------------- Instantiating /home/travis/build/icyphy/ptII/ptolemy/actor/lib/test/auto/DiscreteClock14.xml
3 ms. Memory: 526336K Free: 324849K (62%)
----------------- Invoking toplevel() on ptolemy.moml.MoMLSimpleApplication@415ac9a8
----------------- Done invoking toplevel() on ptolemy.moml.MoMLSimpleApplication@415ac9a8
reloadAllAccessors: .DiscreteClock14

===========================================================================================
----------------- testing Wed Jun 03 14:33:45 UTC 2020 /home/travis/build/icyphy/ptII/ptolemy/actor/lib/test/auto/DiscreteClock15.xml
----------------- Instantiating /home/travis/build/icyphy/ptII/ptolemy/actor/lib/test/auto/DiscreteClock15.xml
4 ms. Memory: 526336K Free: 318705K (61%)
----------------- Invoking toplevel() on ptolemy.moml.MoMLSimpleApplication@347f0232
----------------- Done invoking toplevel() on ptolemy.moml.MoMLSimpleApplication@347f0232
reloadAllAccessors: .DiscreteClock15

===========================================================================================
----------------- testing Wed Jun 03 14:33:45 UTC 2020 /home/travis/build/icyphy/ptII/ptolemy/actor/lib/test/auto/DiscreteClock16.xml
----------------- Instantiating /home/travis/build/icyphy/ptII/ptolemy/actor/lib/test/auto/DiscreteClock16.xml
22 ms. Memory: 526336K Free: 305393K (58%)
----------------- Invoking toplevel() on ptolemy.moml.MoMLSimpleApplication@6a4d5390
----------------- Done invoking toplevel() on ptolemy.moml.MoMLSimpleApplication@6a4d5390
reloadAllAccessors: .DiscreteClock16

===========================================================================================
----------------- testing Wed Jun 03 14:33:45 UTC 2020 /home/travis/build/icyphy/ptII/ptolemy/actor/lib/test/auto/DiscreteClock17.xml
----------------- Instantiating /home/travis/build/icyphy/ptII/ptolemy/actor/lib/test/auto/DiscreteClock17.xml
16 ms. Memory: 526336K Free: 290561K (55%)
----------------- Invoking toplevel() on ptolemy.moml.MoMLSimpleApplication@2407e1eb
----------------- Done invoking toplevel() on ptolemy.moml.MoMLSimpleApplication@2407e1eb
reloadAllAccessors: .DiscreteClock17

===========================================================================================
----------------- testing Wed Jun 03 14:33:45 UTC 2020 /home/travis/build/icyphy/ptII/ptolemy/actor/lib/test/auto/DiscreteClock18.xml
----------------- Instantiating /home/travis/build/icyphy/ptII/ptolemy/actor/lib/test/auto/DiscreteClock18.xml
26 ms. Memory: 526336K Free: 277249K (53%)
----------------- Invoking toplevel() on ptolemy.moml.MoMLSimpleApplication@15cad1d3
----------------- Done invoking toplevel() on ptolemy.moml.MoMLSimpleApplication@15cad1d3
reloadAllAccessors: .DiscreteClock18

===========================================================================================
----------------- testing Wed Jun 03 14:33:45 UTC 2020 /home/travis/build/icyphy/ptII/ptolemy/actor/lib/test/auto/DiscreteClock19.xml
----------------- Instantiating /home/travis/build/icyphy/ptII/ptolemy/actor/lib/test/auto/DiscreteClock19.xml
20 ms. Memory: 526336K Free: 263409K (50%)
----------------- Invoking toplevel() on ptolemy.moml.MoMLSimpleApplication@3228de60
----------------- Done invoking toplevel() on ptolemy.moml.MoMLSimpleApplication@3228de60
reloadAllAccessors: .DiscreteClock19

===========================================================================================
----------------- testing Wed Jun 03 14:33:45 UTC 2020 /home/travis/build/icyphy/ptII/ptolemy/actor/lib/test/auto/DiscreteClock2.xml
----------------- Instantiating /home/travis/build/icyphy/ptII/ptolemy/actor/lib/test/auto/DiscreteClock2.xml
4 ms. Memory: 526336K Free: 258817K (49%)
----------------- Invoking toplevel() on ptolemy.moml.MoMLSimpleApplication@241a2fa2
----------------- Done invoking toplevel() on ptolemy.moml.MoMLSimpleApplication@241a2fa2
reloadAllAccessors: .DiscreteClock2

===========================================================================================
----------------- testing Wed Jun 03 14:33:45 UTC 2020 /home/travis/build/icyphy/ptII/ptolemy/actor/lib/test/auto/DiscreteClock20.xml
----------------- Instantiating /home/travis/build/icyphy/ptII/ptolemy/actor/lib/test/auto/DiscreteClock20.xml
8 ms. Memory: 526336K Free: 253183K (48%)
----------------- Invoking toplevel() on ptolemy.moml.MoMLSimpleApplication@66d4a261
----------------- Done invoking toplevel() on ptolemy.moml.MoMLSimpleApplication@66d4a261
reloadAllAccessors: .DiscreteClock20

===========================================================================================
----------------- testing Wed Jun 03 14:33:45 UTC 2020 /home/travis/build/icyphy/ptII/ptolemy/actor/lib/test/auto/DiscreteClock21.xml
----------------- Instantiating /home/travis/build/icyphy/ptII/ptolemy/actor/lib/test/auto/DiscreteClock21.xml
5 ms. Memory: 526336K Free: 247553K (47%)
----------------- Invoking toplevel() on ptolemy.moml.MoMLSimpleApplication@2371f717
----------------- Done invoking toplevel() on ptolemy.moml.MoMLSimpleApplication@2371f717
reloadAllAccessors: .DiscreteClock21

===========================================================================================
----------------- testing Wed Jun 03 14:33:45 UTC 2020 /home/travis/build/icyphy/ptII/ptolemy/actor/lib/test/auto/DiscreteClock22.xml
----------------- Instantiating /home/travis/build/icyphy/ptII/ptolemy/actor/lib/test/auto/DiscreteClock22.xml
4 ms. Memory: 526336K Free: 241919K (46%)
----------------- Invoking toplevel() on ptolemy.moml.MoMLSimpleApplication@41b3854c
----------------- Done invoking toplevel() on ptolemy.moml.MoMLSimpleApplication@41b3854c
reloadAllAccessors: .DiscreteClock22

===========================================================================================
----------------- testing Wed Jun 03 14:33:45 UTC 2020 /home/travis/build/icyphy/ptII/ptolemy/actor/lib/test/auto/DiscreteClock23.xml
----------------- Instantiating /home/travis/build/icyphy/ptII/ptolemy/actor/lib/test/auto/DiscreteClock23.xml
10 ms. Memory: 526336K Free: 236799K (45%)
----------------- Invoking toplevel() on ptolemy.moml.MoMLSimpleApplication@39b2cba
----------------- Done invoking toplevel() on ptolemy.moml.MoMLSimpleApplication@39b2cba
reloadAllAccessors: .DiscreteClock23

===========================================================================================
----------------- testing Wed Jun 03 14:33:45 UTC 2020 /home/travis/build/icyphy/ptII/ptolemy/actor/lib/test/auto/DiscreteClock24.xml
----------------- Instantiating /home/travis/build/icyphy/ptII/ptolemy/actor/lib/test/auto/DiscreteClock24.xml
5 ms. Memory: 526336K Free: 231169K (44%)
----------------- Invoking toplevel() on ptolemy.moml.MoMLSimpleApplication@791aad64
----------------- Done invoking toplevel() on ptolemy.moml.MoMLSimpleApplication@791aad64
reloadAllAccessors: .DiscreteClock24

===========================================================================================
----------------- testing Wed Jun 03 14:33:45 UTC 2020 /home/travis/build/icyphy/ptII/ptolemy/actor/lib/test/auto/DiscreteClock4.xml
----------------- Instantiating /home/travis/build/icyphy/ptII/ptolemy/actor/lib/test/auto/DiscreteClock4.xml
5 ms. Memory: 526336K Free: 225535K (43%)
----------------- Invoking toplevel() on ptolemy.moml.MoMLSimpleApplication@3f44c50d
----------------- Done invoking toplevel() on ptolemy.moml.MoMLSimpleApplication@3f44c50d
reloadAllAccessors: .DiscreteClock4

===========================================================================================
----------------- testing Wed Jun 03 14:33:46 UTC 2020 /home/travis/build/icyphy/ptII/ptolemy/actor/lib/test/auto/DiscreteClock5.xml
----------------- Instantiating /home/travis/build/icyphy/ptII/ptolemy/actor/lib/test/auto/DiscreteClock5.xml
2 ms. Memory: 526336K Free: 219905K (42%)
----------------- Invoking toplevel() on ptolemy.moml.MoMLSimpleApplication@1ba60430
----------------- Done invoking toplevel() on ptolemy.moml.MoMLSimpleApplication@1ba60430
reloadAllAccessors: .DiscreteClock5

===========================================================================================
----------------- testing Wed Jun 03 14:33:46 UTC 2020 /home/travis/build/icyphy/ptII/ptolemy/actor/lib/test/auto/DiscreteClock6.xml
----------------- Instantiating /home/travis/build/icyphy/ptII/ptolemy/actor/lib/test/auto/DiscreteClock6.xml
2 ms. Memory: 526336K Free: 216319K (41%)
----------------- Invoking toplevel() on ptolemy.moml.MoMLSimpleApplication@3d3f6c07
----------------- Done invoking toplevel() on ptolemy.moml.MoMLSimpleApplication@3d3f6c07
reloadAllAccessors: .DiscreteClock6

===========================================================================================
----------------- testing Wed Jun 03 14:33:46 UTC 2020 /home/travis/build/icyphy/ptII/ptolemy/actor/lib/test/auto/DiscreteClock7.xml
----------------- Instantiating /home/travis/build/icyphy/ptII/ptolemy/actor/lib/test/auto/DiscreteClock7.xml
2 ms. Memory: 526336K Free: 211199K (40%)
----------------- Invoking toplevel() on ptolemy.moml.MoMLSimpleApplication@40cb830c
----------------- Done invoking toplevel() on ptolemy.moml.MoMLSimpleApplication@40cb830c
reloadAllAccessors: .DiscreteClock7

===========================================================================================
----------------- testing Wed Jun 03 14:33:46 UTC 2020 /home/travis/build/icyphy/ptII/ptolemy/actor/lib/test/auto/DiscreteClock8.xml
----------------- Instantiating /home/travis/build/icyphy/ptII/ptolemy/actor/lib/test/auto/DiscreteClock8.xml
11 ms. Memory: 526336K Free: 205569K (39%)
----------------- Invoking toplevel() on ptolemy.moml.MoMLSimpleApplication@14361d0a
----------------- Done invoking toplevel() on ptolemy.moml.MoMLSimpleApplication@14361d0a
reloadAllAccessors: .DiscreteClock8

===========================================================================================
----------------- testing Wed Jun 03 14:33:46 UTC 2020 /home/travis/build/icyphy/ptII/ptolemy/actor/lib/test/auto/DiscreteClock9.xml
----------------- Instantiating /home/travis/build/icyphy/ptII/ptolemy/actor/lib/test/auto/DiscreteClock9.xml
10 ms. Memory: 526336K Free: 199425K (38%)
----------------- Invoking toplevel() on ptolemy.moml.MoMLSimpleApplication@4ae880c2
----------------- Done invoking toplevel() on ptolemy.moml.MoMLSimpleApplication@4ae880c2
reloadAllAccessors: .DiscreteClock9

===========================================================================================
----------------- testing Wed Jun 03 14:33:46 UTC 2020 /home/travis/build/icyphy/ptII/ptolemy/actor/lib/test/auto/DisplayArray.xml
----------------- Instantiating /home/travis/build/icyphy/ptII/ptolemy/actor/lib/test/auto/DisplayArray.xml
2 ms. Memory: 526336K Free: 195839K (37%)
----------------- Invoking toplevel() on ptolemy.moml.MoMLSimpleApplication@727f2dde
----------------- Done invoking toplevel() on ptolemy.moml.MoMLSimpleApplication@727f2dde
reloadAllAccessors: .DisplayArray

===========================================================================================
----------------- testing Wed Jun 03 14:33:46 UTC 2020 /home/travis/build/icyphy/ptII/ptolemy/actor/lib/test/auto/Distributor.xml
----------------- Instantiating /home/travis/build/icyphy/ptII/ptolemy/actor/lib/test/auto/Distributor.xml
2 ms. Memory: 526336K Free: 191233K (36%)
----------------- Invoking toplevel() on ptolemy.moml.MoMLSimpleApplication@7dafac6c
----------------- Done invoking toplevel() on ptolemy.moml.MoMLSimpleApplication@7dafac6c
reloadAllAccessors: .Distributor

===========================================================================================
----------------- testing Wed Jun 03 14:33:46 UTC 2020 /home/travis/build/icyphy/ptII/ptolemy/actor/lib/test/auto/Distributor2.xml
----------------- Instantiating /home/travis/build/icyphy/ptII/ptolemy/actor/lib/test/auto/Distributor2.xml
1 ms. Memory: 526336K Free: 186113K (35%)
----------------- Invoking toplevel() on ptolemy.moml.MoMLSimpleApplication@ab9c315
----------------- Done invoking toplevel() on ptolemy.moml.MoMLSimpleApplication@ab9c315
reloadAllAccessors: .Distributor2

===========================================================================================
----------------- testing Wed Jun 03 14:33:46 UTC 2020 /home/travis/build/icyphy/ptII/ptolemy/actor/lib/test/auto/DownSample.xml
----------------- Instantiating /home/travis/build/icyphy/ptII/ptolemy/actor/lib/test/auto/DownSample.xml
2 ms. Memory: 526336K Free: 181503K (34%)
----------------- Invoking toplevel() on ptolemy.moml.MoMLSimpleApplication@68b03b7f
----------------- Done invoking toplevel() on ptolemy.moml.MoMLSimpleApplication@68b03b7f
reloadAllAccessors: .DownSample

===========================================================================================
----------------- testing Wed Jun 03 14:33:46 UTC 2020 /home/travis/build/icyphy/ptII/ptolemy/actor/lib/test/auto/ElectronicUnitBase1.xml
----------------- Instantiating /home/travis/build/icyphy/ptII/ptolemy/actor/lib/test/auto/ElectronicUnitBase1.xml
14 ms. Memory: 526336K Free: 469249K (89%)
----------------- Invoking toplevel() on ptolemy.moml.MoMLSimpleApplication@43f72c39
----------------- Done invoking toplevel() on ptolemy.moml.MoMLSimpleApplication@43f72c39
reloadAllAccessors: .ElectronicUnitBase1

===========================================================================================
----------------- testing Wed Jun 03 14:33:46 UTC 2020 /home/travis/build/icyphy/ptII/ptolemy/actor/lib/test/auto/ElementsToArray.xml
----------------- Instantiating /home/travis/build/icyphy/ptII/ptolemy/actor/lib/test/auto/ElementsToArray.xml
2 ms. Memory: 526336K Free: 464129K (88%)
----------------- Invoking toplevel() on ptolemy.moml.MoMLSimpleApplication@1bd5a8fe
----------------- Done invoking toplevel() on ptolemy.moml.MoMLSimpleApplication@1bd5a8fe
reloadAllAccessors: .ElementsToArray

===========================================================================================
----------------- testing Wed Jun 03 14:33:46 UTC 2020 /home/travis/build/icyphy/ptII/ptolemy/actor/lib/test/auto/Equals.xml
----------------- Instantiating /home/travis/build/icyphy/ptII/ptolemy/actor/lib/test/auto/Equals.xml
3 ms. Memory: 526336K Free: 459519K (87%)
----------------- Invoking toplevel() on ptolemy.moml.MoMLSimpleApplication@1be7fbe8
----------------- Done invoking toplevel() on ptolemy.moml.MoMLSimpleApplication@1be7fbe8
reloadAllAccessors: .Equals

===========================================================================================
----------------- testing Wed Jun 03 14:33:46 UTC 2020 /home/travis/build/icyphy/ptII/ptolemy/actor/lib/test/auto/Exec.xml
----------------- Instantiating /home/travis/build/icyphy/ptII/ptolemy/actor/lib/test/auto/Exec.xml
13 ms. Memory: 526336K Free: 454399K (86%)
----------------- Invoking toplevel() on ptolemy.moml.MoMLSimpleApplication@65fbe2d3
----------------- Done invoking toplevel() on ptolemy.moml.MoMLSimpleApplication@65fbe2d3
reloadAllAccessors: .Exec

===========================================================================================
----------------- testing Wed Jun 03 14:33:46 UTC 2020 /home/travis/build/icyphy/ptII/ptolemy/actor/lib/test/auto/ExecEnvironment.xml
----------------- Instantiating /home/travis/build/icyphy/ptII/ptolemy/actor/lib/test/auto/ExecEnvironment.xml
25 ms. Memory: 526336K Free: 448769K (85%)
----------------- Invoking toplevel() on ptolemy.moml.MoMLSimpleApplication@533d6a21
----------------- Done invoking toplevel() on ptolemy.moml.MoMLSimpleApplication@533d6a21
reloadAllAccessors: .ExecEnvironment

===========================================================================================
----------------- testing Wed Jun 03 14:33:46 UTC 2020 /home/travis/build/icyphy/ptII/ptolemy/actor/lib/test/auto/ExecNonZeroReturnOutput.xml
----------------- Instantiating /home/travis/build/icyphy/ptII/ptolemy/actor/lib/test/auto/ExecNonZeroReturnOutput.xml
172 ms. Memory: 526336K Free: 437505K (83%)
----------------- Invoking toplevel() on ptolemy.moml.MoMLSimpleApplication@6bb6b66c
----------------- Done invoking toplevel() on ptolemy.moml.MoMLSimpleApplication@6bb6b66c
reloadAllAccessors: .ExecNonZeroReturnOutput

===========================================================================================
----------------- testing Wed Jun 03 14:33:46 UTC 2020 /home/travis/build/icyphy/ptII/ptolemy/actor/lib/test/auto/ExecRunDemos.xml
----------------- Instantiating /home/travis/build/icyphy/ptII/ptolemy/actor/lib/test/auto/ExecRunDemos.xml
Finished: 67 ms. Memory: 129024K Free: 112048K (87%)

Finished: 87 ms. Memory: 129024K Free: 109467K (85%)

Finished: 109 ms. Memory: 129024K Free: 109466K (85%)

Finished: 72 ms. Memory: 129024K Free: 111073K (86%)

Finished: 77 ms. Memory: 129024K Free: 111965K (87%)

10728 ms. Memory: 526336K Free: 417023K (79%)
----------------- Invoking toplevel() on ptolemy.moml.MoMLSimpleApplication@c3f6e62
----------------- Done invoking toplevel() on ptolemy.moml.MoMLSimpleApplication@c3f6e62
reloadAllAccessors: .ExecRunDemos

===========================================================================================
----------------- testing Wed Jun 03 14:33:57 UTC 2020 /home/travis/build/icyphy/ptII/ptolemy/actor/lib/test/auto/ExecStop.xml
----------------- Instantiating /home/travis/build/icyphy/ptII/ptolemy/actor/lib/test/auto/ExecStop.xml
5019 ms. Memory: 526336K Free: 281857K (54%)
----------------- Invoking toplevel() on ptolemy.moml.MoMLSimpleApplication@31704d66
----------------- Done invoking toplevel() on ptolemy.moml.MoMLSimpleApplication@31704d66
reloadAllAccessors: .ExecStop

===========================================================================================
----------------- testing Wed Jun 03 14:34:02 UTC 2020 /home/travis/build/icyphy/ptII/ptolemy/actor/lib/test/auto/ExecutionTimeSDF.xml
----------------- Instantiating /home/travis/build/icyphy/ptII/ptolemy/actor/lib/test/auto/ExecutionTimeSDF.xml
Fired ExecutionTime: -443767296
Fired ExecutionTime: 1321200000
Fired ExecutionTime: -174167296
6007 ms. Memory: 526336K Free: 269569K (51%)
----------------- Invoking toplevel() on ptolemy.moml.MoMLSimpleApplication@4edf54a6
----------------- Done invoking toplevel() on ptolemy.moml.MoMLSimpleApplication@4edf54a6
reloadAllAccessors: .ExecutionTimeSDF

===========================================================================================
----------------- testing Wed Jun 03 14:34:08 UTC 2020 /home/travis/build/icyphy/ptII/ptolemy/actor/lib/test/auto/Expression1.xml
----------------- Instantiating /home/travis/build/icyphy/ptII/ptolemy/actor/lib/test/auto/Expression1.xml
1 ms. Memory: 526336K Free: 265983K (51%)
----------------- Invoking toplevel() on ptolemy.moml.MoMLSimpleApplication@1f4009e0
----------------- Done invoking toplevel() on ptolemy.moml.MoMLSimpleApplication@1f4009e0
reloadAllAccessors: .Expression1

===========================================================================================
----------------- testing Wed Jun 03 14:34:08 UTC 2020 /home/travis/build/icyphy/ptII/ptolemy/actor/lib/test/auto/Expression10.xml
----------------- Instantiating /home/travis/build/icyphy/ptII/ptolemy/actor/lib/test/auto/Expression10.xml
9 ms. Memory: 526336K Free: 260353K (49%)
----------------- Invoking toplevel() on ptolemy.moml.MoMLSimpleApplication@4ac39fa7
----------------- Done invoking toplevel() on ptolemy.moml.MoMLSimpleApplication@4ac39fa7
reloadAllAccessors: .Expression10

===========================================================================================
----------------- testing Wed Jun 03 14:34:08 UTC 2020 /home/travis/build/icyphy/ptII/ptolemy/actor/lib/test/auto/Expression11.xml
----------------- Instantiating /home/travis/build/icyphy/ptII/ptolemy/actor/lib/test/auto/Expression11.xml
3 ms. Memory: 526336K Free: 256257K (49%)
----------------- Invoking toplevel() on ptolemy.moml.MoMLSimpleApplication@3dfa11ba
----------------- Done invoking toplevel() on ptolemy.moml.MoMLSimpleApplication@3dfa11ba
reloadAllAccessors: .Expression11

===========================================================================================
----------------- testing Wed Jun 03 14:34:08 UTC 2020 /home/travis/build/icyphy/ptII/ptolemy/actor/lib/test/auto/Expression12.xml
----------------- Instantiating /home/travis/build/icyphy/ptII/ptolemy/actor/lib/test/auto/Expression12.xml
4 ms. Memory: 526336K Free: 250623K (48%)
----------------- Invoking toplevel() on ptolemy.moml.MoMLSimpleApplication@4c8314e0
----------------- Done invoking toplevel() on ptolemy.moml.MoMLSimpleApplication@4c8314e0
reloadAllAccessors: .Expression12

===========================================================================================
----------------- testing Wed Jun 03 14:34:08 UTC 2020 /home/travis/build/icyphy/ptII/ptolemy/actor/lib/test/auto/Expression13.xml
----------------- Instantiating /home/travis/build/icyphy/ptII/ptolemy/actor/lib/test/auto/Expression13.xml
3 ms. Memory: 526336K Free: 245503K (47%)
----------------- Invoking toplevel() on ptolemy.moml.MoMLSimpleApplication@15f7d070
----------------- Done invoking toplevel() on ptolemy.moml.MoMLSimpleApplication@15f7d070
reloadAllAccessors: .Expression13

===========================================================================================
----------------- testing Wed Jun 03 14:34:08 UTC 2020 /home/travis/build/icyphy/ptII/ptolemy/actor/lib/test/auto/Expression14.xml
----------------- Instantiating /home/travis/build/icyphy/ptII/ptolemy/actor/lib/test/auto/Expression14.xml
10 ms. Memory: 526336K Free: 239359K (45%)
----------------- Invoking toplevel() on ptolemy.moml.MoMLSimpleApplication@17d80de8
----------------- Done invoking toplevel() on ptolemy.moml.MoMLSimpleApplication@17d80de8
reloadAllAccessors: .Expression14

===========================================================================================
----------------- testing Wed Jun 03 14:34:08 UTC 2020 /home/travis/build/icyphy/ptII/ptolemy/actor/lib/test/auto/Expression15.xml
----------------- Instantiating /home/travis/build/icyphy/ptII/ptolemy/actor/lib/test/auto/Expression15.xml
2 ms. Memory: 526336K Free: 235263K (45%)
----------------- Invoking toplevel() on ptolemy.moml.MoMLSimpleApplication@3a1bd5c7
----------------- Done invoking toplevel() on ptolemy.moml.MoMLSimpleApplication@3a1bd5c7
reloadAllAccessors: .Expression15

===========================================================================================
----------------- testing Wed Jun 03 14:34:08 UTC 2020 /home/travis/build/icyphy/ptII/ptolemy/actor/lib/test/auto/Expression16.xml
----------------- Instantiating /home/travis/build/icyphy/ptII/ptolemy/actor/lib/test/auto/Expression16.xml
3 ms. Memory: 526336K Free: 230657K (44%)
----------------- Invoking toplevel() on ptolemy.moml.MoMLSimpleApplication@4bd79620
----------------- Done invoking toplevel() on ptolemy.moml.MoMLSimpleApplication@4bd79620
reloadAllAccessors: .Expression16

===========================================================================================
----------------- testing Wed Jun 03 14:34:08 UTC 2020 /home/travis/build/icyphy/ptII/ptolemy/actor/lib/test/auto/Expression17.xml
----------------- Instantiating /home/travis/build/icyphy/ptII/ptolemy/actor/lib/test/auto/Expression17.xml
2 ms. Memory: 526336K Free: 225537K (43%)
----------------- Invoking toplevel() on ptolemy.moml.MoMLSimpleApplication@4d63f76b
----------------- Done invoking toplevel() on ptolemy.moml.MoMLSimpleApplication@4d63f76b
reloadAllAccessors: .Expression17

===========================================================================================
----------------- testing Wed Jun 03 14:34:08 UTC 2020 /home/travis/build/icyphy/ptII/ptolemy/actor/lib/test/auto/Expression18.xml
----------------- Instantiating /home/travis/build/icyphy/ptII/ptolemy/actor/lib/test/auto/Expression18.xml
2 ms. Memory: 526336K Free: 219903K (42%)
----------------- Invoking toplevel() on ptolemy.moml.MoMLSimpleApplication@439b063c
----------------- Done invoking toplevel() on ptolemy.moml.MoMLSimpleApplication@439b063c
reloadAllAccessors: .Expression18

===========================================================================================
----------------- testing Wed Jun 03 14:34:08 UTC 2020 /home/travis/build/icyphy/ptII/ptolemy/actor/lib/test/auto/Expression2.xml
----------------- Instantiating /home/travis/build/icyphy/ptII/ptolemy/actor/lib/test/auto/Expression2.xml
3 ms. Memory: 526336K Free: 214783K (41%)
----------------- Invoking toplevel() on ptolemy.moml.MoMLSimpleApplication@53bac5e7
----------------- Done invoking toplevel() on ptolemy.moml.MoMLSimpleApplication@53bac5e7
reloadAllAccessors: .Expression2

===========================================================================================
----------------- testing Wed Jun 03 14:34:08 UTC 2020 /home/travis/build/icyphy/ptII/ptolemy/actor/lib/test/auto/Expression3.xml
----------------- Instantiating /home/travis/build/icyphy/ptII/ptolemy/actor/lib/test/auto/Expression3.xml
6 ms. Memory: 526336K Free: 209663K (40%)
----------------- Invoking toplevel() on ptolemy.moml.MoMLSimpleApplication@74aba33c
----------------- Done invoking toplevel() on ptolemy.moml.MoMLSimpleApplication@74aba33c
reloadAllAccessors: .Expression3

===========================================================================================
----------------- testing Wed Jun 03 14:34:08 UTC 2020 /home/travis/build/icyphy/ptII/ptolemy/actor/lib/test/auto/Expression4.xml
----------------- Instantiating /home/travis/build/icyphy/ptII/ptolemy/actor/lib/test/auto/Expression4.xml
6 ms. Memory: 526336K Free: 202495K (38%)
----------------- Invoking toplevel() on ptolemy.moml.MoMLSimpleApplication@5028515c
----------------- Done invoking toplevel() on ptolemy.moml.MoMLSimpleApplication@5028515c
reloadAllAccessors: .Expression4

===========================================================================================
----------------- testing Wed Jun 03 14:34:08 UTC 2020 /home/travis/build/icyphy/ptII/ptolemy/actor/lib/test/auto/Expression5.xml
----------------- Instantiating /home/travis/build/icyphy/ptII/ptolemy/actor/lib/test/auto/Expression5.xml
3 ms. Memory: 526336K Free: 197375K (37%)
----------------- Invoking toplevel() on ptolemy.moml.MoMLSimpleApplication@3903eb7
----------------- Done invoking toplevel() on ptolemy.moml.MoMLSimpleApplication@3903eb7
reloadAllAccessors: .Expression5

===========================================================================================
----------------- testing Wed Jun 03 14:34:08 UTC 2020 /home/travis/build/icyphy/ptII/ptolemy/actor/lib/test/auto/Expression6.xml
----------------- Instantiating /home/travis/build/icyphy/ptII/ptolemy/actor/lib/test/auto/Expression6.xml
2 ms. Memory: 526336K Free: 192769K (37%)
----------------- Invoking toplevel() on ptolemy.moml.MoMLSimpleApplication@3fa5ba2d
----------------- Done invoking toplevel() on ptolemy.moml.MoMLSimpleApplication@3fa5ba2d
reloadAllAccessors: .Expression6

===========================================================================================
----------------- testing Wed Jun 03 14:34:08 UTC 2020 /home/travis/build/icyphy/ptII/ptolemy/actor/lib/test/auto/Expression7.xml
----------------- Instantiating /home/travis/build/icyphy/ptII/ptolemy/actor/lib/test/auto/Expression7.xml
3 ms. Memory: 526336K Free: 187649K (36%)
----------------- Invoking toplevel() on ptolemy.moml.MoMLSimpleApplication@3aa84b6c
----------------- Done invoking toplevel() on ptolemy.moml.MoMLSimpleApplication@3aa84b6c
reloadAllAccessors: .Expression7

===========================================================================================
----------------- testing Wed Jun 03 14:34:08 UTC 2020 /home/travis/build/icyphy/ptII/ptolemy/actor/lib/test/auto/Expression8.xml
----------------- Instantiating /home/travis/build/icyphy/ptII/ptolemy/actor/lib/test/auto/Expression8.xml
8 ms. Memory: 526336K Free: 182529K (35%)
----------------- Invoking toplevel() on ptolemy.moml.MoMLSimpleApplication@63bf231e
----------------- Done invoking toplevel() on ptolemy.moml.MoMLSimpleApplication@63bf231e
reloadAllAccessors: .Expression8

===========================================================================================
----------------- testing Wed Jun 03 14:34:08 UTC 2020 /home/travis/build/icyphy/ptII/ptolemy/actor/lib/test/auto/Expression9.xml
----------------- Instantiating /home/travis/build/icyphy/ptII/ptolemy/actor/lib/test/auto/Expression9.xml
1 ms. Memory: 526336K Free: 178433K (34%)
----------------- Invoking toplevel() on ptolemy.moml.MoMLSimpleApplication@63341566
----------------- Done invoking toplevel() on ptolemy.moml.MoMLSimpleApplication@63341566
reloadAllAccessors: .Expression9

===========================================================================================
----------------- testing Wed Jun 03 14:34:08 UTC 2020 /home/travis/build/icyphy/ptII/ptolemy/actor/lib/test/auto/ExpressionConcatenateArrayType.xml
----------------- Instantiating /home/travis/build/icyphy/ptII/ptolemy/actor/lib/test/auto/ExpressionConcatenateArrayType.xml
4 ms. Memory: 526336K Free: 172289K (33%)
----------------- Invoking toplevel() on ptolemy.moml.MoMLSimpleApplication@3f455501
----------------- Done invoking toplevel() on ptolemy.moml.MoMLSimpleApplication@3f455501
reloadAllAccessors: .ExpressionConcatenateArrayType

===========================================================================================
----------------- testing Wed Jun 03 14:34:08 UTC 2020 /home/travis/build/icyphy/ptII/ptolemy/actor/lib/test/auto/ExpressionConcatenateArrayType2.xml
----------------- Instantiating /home/travis/build/icyphy/ptII/ptolemy/actor/lib/test/auto/ExpressionConcatenateArrayType2.xml
3 ms. Memory: 526336K Free: 471295K (90%)
----------------- Invoking toplevel() on ptolemy.moml.MoMLSimpleApplication@1aff3b34
----------------- Done invoking toplevel() on ptolemy.moml.MoMLSimpleApplication@1aff3b34
reloadAllAccessors: .ExpressionConcatenateArrayType2

===========================================================================================
----------------- testing Wed Jun 03 14:34:08 UTC 2020 /home/travis/build/icyphy/ptII/ptolemy/actor/lib/test/auto/ExpressionFix.xml
----------------- Instantiating /home/travis/build/icyphy/ptII/ptolemy/actor/lib/test/auto/ExpressionFix.xml
22 ms. Memory: 526336K Free: 464641K (88%)
----------------- Invoking toplevel() on ptolemy.moml.MoMLSimpleApplication@61132479
----------------- Done invoking toplevel() on ptolemy.moml.MoMLSimpleApplication@61132479
reloadAllAccessors: .ExpressionFix

===========================================================================================
----------------- testing Wed Jun 03 14:34:08 UTC 2020 /home/travis/build/icyphy/ptII/ptolemy/actor/lib/test/auto/ExpressionFix2.xml
----------------- Instantiating /home/travis/build/icyphy/ptII/ptolemy/actor/lib/test/auto/ExpressionFix2.xml
7 ms. Memory: 526336K Free: 460545K (88%)
----------------- Invoking toplevel() on ptolemy.moml.MoMLSimpleApplication@7b75f682
----------------- Done invoking toplevel() on ptolemy.moml.MoMLSimpleApplication@7b75f682
reloadAllAccessors: .ExpressionFix2

===========================================================================================
----------------- testing Wed Jun 03 14:34:09 UTC 2020 /home/travis/build/icyphy/ptII/ptolemy/actor/lib/test/auto/ExpressionFix3.xml
----------------- Instantiating /home/travis/build/icyphy/ptII/ptolemy/actor/lib/test/auto/ExpressionFix3.xml
3 ms. Memory: 526336K Free: 455935K (87%)
----------------- Invoking toplevel() on ptolemy.moml.MoMLSimpleApplication@47662a40
----------------- Done invoking toplevel() on ptolemy.moml.MoMLSimpleApplication@47662a40
reloadAllAccessors: .ExpressionFix3

===========================================================================================
----------------- testing Wed Jun 03 14:34:09 UTC 2020 /home/travis/build/icyphy/ptII/ptolemy/actor/lib/test/auto/FileWriter1.xml
----------------- Instantiating /home/travis/build/icyphy/ptII/ptolemy/actor/lib/test/auto/FileWriter1.xml
2 ms. Memory: 526336K Free: 451839K (86%)
----------------- Invoking toplevel() on ptolemy.moml.MoMLSimpleApplication@4eb6d1c3
----------------- Done invoking toplevel() on ptolemy.moml.MoMLSimpleApplication@4eb6d1c3
reloadAllAccessors: .FileWriter1

===========================================================================================
----------------- testing Wed Jun 03 14:34:09 UTC 2020 /home/travis/build/icyphy/ptII/ptolemy/actor/lib/test/auto/FileWriter2.xml
----------------- Instantiating /home/travis/build/icyphy/ptII/ptolemy/actor/lib/test/auto/FileWriter2.xml
3 ms. Memory: 526336K Free: 447233K (85%)
----------------- Invoking toplevel() on ptolemy.moml.MoMLSimpleApplication@3954ea0f
----------------- Done invoking toplevel() on ptolemy.moml.MoMLSimpleApplication@3954ea0f
reloadAllAccessors: .FileWriter2

===========================================================================================
----------------- testing Wed Jun 03 14:34:09 UTC 2020 /home/travis/build/icyphy/ptII/ptolemy/actor/lib/test/auto/FileWriter3.xml
----------------- Instantiating /home/travis/build/icyphy/ptII/ptolemy/actor/lib/test/auto/FileWriter3.xml
3 ms. Memory: 526336K Free: 443647K (84%)
----------------- Invoking toplevel() on ptolemy.moml.MoMLSimpleApplication@7d280651
----------------- Done invoking toplevel() on ptolemy.moml.MoMLSimpleApplication@7d280651
reloadAllAccessors: .FileWriter3

===========================================================================================
----------------- testing Wed Jun 03 14:34:09 UTC 2020 /home/travis/build/icyphy/ptII/ptolemy/actor/lib/test/auto/Gaussian.xml
----------------- Instantiating /home/travis/build/icyphy/ptII/ptolemy/actor/lib/test/auto/Gaussian.xml
2 ms. Memory: 526336K Free: 439041K (83%)
----------------- Invoking toplevel() on ptolemy.moml.MoMLSimpleApplication@3af91ae1
----------------- Done invoking toplevel() on ptolemy.moml.MoMLSimpleApplication@3af91ae1
reloadAllAccessors: .Gaussian

===========================================================================================
----------------- testing Wed Jun 03 14:34:09 UTC 2020 /home/travis/build/icyphy/ptII/ptolemy/actor/lib/test/auto/Gaussian1.xml
----------------- Instantiating /home/travis/build/icyphy/ptII/ptolemy/actor/lib/test/auto/Gaussian1.xml
2 ms. Memory: 526336K Free: 433377K (82%)
----------------- Invoking toplevel() on ptolemy.moml.MoMLSimpleApplication@7566aa76
----------------- Done invoking toplevel() on ptolemy.moml.MoMLSimpleApplication@7566aa76
reloadAllAccessors: .Gaussian1

===========================================================================================
----------------- testing Wed Jun 03 14:34:09 UTC 2020 /home/travis/build/icyphy/ptII/ptolemy/actor/lib/test/auto/Gaussian2.xml
----------------- Instantiating /home/travis/build/icyphy/ptII/ptolemy/actor/lib/test/auto/Gaussian2.xml
9 ms. Memory: 526336K Free: 427777K (81%)
----------------- Invoking toplevel() on ptolemy.moml.MoMLSimpleApplication@1e5940f
----------------- Done invoking toplevel() on ptolemy.moml.MoMLSimpleApplication@1e5940f
reloadAllAccessors: .Gaussian2

===========================================================================================
----------------- testing Wed Jun 03 14:34:09 UTC 2020 /home/travis/build/icyphy/ptII/ptolemy/actor/lib/test/auto/GradientAdaptiveLattice.xml
----------------- Instantiating /home/travis/build/icyphy/ptII/ptolemy/actor/lib/test/auto/GradientAdaptiveLattice.xml
5 ms. Memory: 526336K Free: 422657K (80%)
----------------- Invoking toplevel() on ptolemy.moml.MoMLSimpleApplication@23a4f29f
----------------- Done invoking toplevel() on ptolemy.moml.MoMLSimpleApplication@23a4f29f
reloadAllAccessors: .GradientAdaptiveLattice

===========================================================================================
----------------- testing Wed Jun 03 14:34:09 UTC 2020 /home/travis/build/icyphy/ptII/ptolemy/actor/lib/test/auto/IIR.xml
----------------- Instantiating /home/travis/build/icyphy/ptII/ptolemy/actor/lib/test/auto/IIR.xml
1 ms. Memory: 526336K Free: 418047K (79%)
----------------- Invoking toplevel() on ptolemy.moml.MoMLSimpleApplication@6f25b26
----------------- Done invoking toplevel() on ptolemy.moml.MoMLSimpleApplication@6f25b26
reloadAllAccessors: .IIR

===========================================================================================
----------------- testing Wed Jun 03 14:34:09 UTC 2020 /home/travis/build/icyphy/ptII/ptolemy/actor/lib/test/auto/InputOutputTransparentPorts.xml
----------------- Instantiating /home/travis/build/icyphy/ptII/ptolemy/actor/lib/test/auto/InputOutputTransparentPorts.xml
2 ms. Memory: 526336K Free: 410879K (78%)
----------------- Invoking toplevel() on ptolemy.moml.MoMLSimpleApplication@29bfb770
----------------- Done invoking toplevel() on ptolemy.moml.MoMLSimpleApplication@29bfb770
reloadAllAccessors: .InputOutputTransparentPorts

===========================================================================================
----------------- testing Wed Jun 03 14:34:09 UTC 2020 /home/travis/build/icyphy/ptII/ptolemy/actor/lib/test/auto/Interpolator.xml
----------------- Instantiating /home/travis/build/icyphy/ptII/ptolemy/actor/lib/test/auto/Interpolator.xml
3 ms. Memory: 526336K Free: 406783K (77%)
----------------- Invoking toplevel() on ptolemy.moml.MoMLSimpleApplication@3f0a574f
----------------- Done invoking toplevel() on ptolemy.moml.MoMLSimpleApplication@3f0a574f
reloadAllAccessors: .Interpolator

===========================================================================================
----------------- testing Wed Jun 03 14:34:09 UTC 2020 /home/travis/build/icyphy/ptII/ptolemy/actor/lib/test/auto/InterpolatorFiringLimitDE.xml
----------------- Instantiating /home/travis/build/icyphy/ptII/ptolemy/actor/lib/test/auto/InterpolatorFiringLimitDE.xml
3 ms. Memory: 526336K Free: 401153K (76%)
----------------- Invoking toplevel() on ptolemy.moml.MoMLSimpleApplication@7ced0086
----------------- Done invoking toplevel() on ptolemy.moml.MoMLSimpleApplication@7ced0086
reloadAllAccessors: .InterpolatorFiringLimitDE

===========================================================================================
----------------- testing Wed Jun 03 14:34:09 UTC 2020 /home/travis/build/icyphy/ptII/ptolemy/actor/lib/test/auto/Lattice.xml
----------------- Instantiating /home/travis/build/icyphy/ptII/ptolemy/actor/lib/test/auto/Lattice.xml
2 ms. Memory: 526336K Free: 397057K (75%)
----------------- Invoking toplevel() on ptolemy.moml.MoMLSimpleApplication@41f1d6e3
----------------- Done invoking toplevel() on ptolemy.moml.MoMLSimpleApplication@41f1d6e3
reloadAllAccessors: .Lattice

===========================================================================================
----------------- testing Wed Jun 03 14:34:09 UTC 2020 /home/travis/build/icyphy/ptII/ptolemy/actor/lib/test/auto/LazyAOCTestLazy.xml
----------------- Instantiating /home/travis/build/icyphy/ptII/ptolemy/actor/lib/test/auto/LazyAOCTestLazy.xml
23 ms. Memory: 526336K Free: 390913K (74%)
----------------- Invoking toplevel() on ptolemy.moml.MoMLSimpleApplication@11aa68e
----------------- Done invoking toplevel() on ptolemy.moml.MoMLSimpleApplication@11aa68e
reloadAllAccessors: .LazyAOCTestLazy

===========================================================================================
----------------- testing Wed Jun 03 14:34:09 UTC 2020 /home/travis/build/icyphy/ptII/ptolemy/actor/lib/test/auto/LazyAOCTestNonLazy.xml
----------------- Instantiating /home/travis/build/icyphy/ptII/ptolemy/actor/lib/test/auto/LazyAOCTestNonLazy.xml
2 ms. Memory: 526336K Free: 384255K (73%)
----------------- Invoking toplevel() on ptolemy.moml.MoMLSimpleApplication@437fc95a
----------------- Done invoking toplevel() on ptolemy.moml.MoMLSimpleApplication@437fc95a
reloadAllAccessors: .LazyAOCTestNonLazy

===========================================================================================
----------------- testing Wed Jun 03 14:34:09 UTC 2020 /home/travis/build/icyphy/ptII/ptolemy/actor/lib/test/auto/LazyInnerClass.xml
----------------- Instantiating /home/travis/build/icyphy/ptII/ptolemy/actor/lib/test/auto/LazyInnerClass.xml
20 ms. Memory: 526336K Free: 375553K (71%)
----------------- Invoking toplevel() on ptolemy.moml.MoMLSimpleApplication@7f1b27ee
----------------- Done invoking toplevel() on ptolemy.moml.MoMLSimpleApplication@7f1b27ee
reloadAllAccessors: .LazyInnerClass

===========================================================================================
----------------- testing Wed Jun 03 14:34:09 UTC 2020 /home/travis/build/icyphy/ptII/ptolemy/actor/lib/test/auto/LazyPubSub.xml
----------------- Instantiating /home/travis/build/icyphy/ptII/ptolemy/actor/lib/test/auto/LazyPubSub.xml
27 ms. Memory: 526336K Free: 365313K (69%)
----------------- Invoking toplevel() on ptolemy.moml.MoMLSimpleApplication@4d5f116b
----------------- Done invoking toplevel() on ptolemy.moml.MoMLSimpleApplication@4d5f116b
reloadAllAccessors: .LazyPubSub

===========================================================================================
----------------- testing Wed Jun 03 14:34:09 UTC 2020 /home/travis/build/icyphy/ptII/ptolemy/actor/lib/test/auto/LazyPubSub2.xml
----------------- Instantiating /home/travis/build/icyphy/ptII/ptolemy/actor/lib/test/auto/LazyPubSub2.xml
22 ms. Memory: 526336K Free: 355073K (67%)
----------------- Invoking toplevel() on ptolemy.moml.MoMLSimpleApplication@a959ba0
----------------- Done invoking toplevel() on ptolemy.moml.MoMLSimpleApplication@a959ba0
reloadAllAccessors: .LazyPubSub2

===========================================================================================
----------------- testing Wed Jun 03 14:34:09 UTC 2020 /home/travis/build/icyphy/ptII/ptolemy/actor/lib/test/auto/LazyPubSub3.xml
----------------- Instantiating /home/travis/build/icyphy/ptII/ptolemy/actor/lib/test/auto/LazyPubSub3.xml
15 ms. Memory: 526336K Free: 344833K (66%)
----------------- Invoking toplevel() on ptolemy.moml.MoMLSimpleApplication@72e1bb33
----------------- Done invoking toplevel() on ptolemy.moml.MoMLSimpleApplication@72e1bb33
reloadAllAccessors: .LazyPubSub3

===========================================================================================
----------------- testing Wed Jun 03 14:34:09 UTC 2020 /home/travis/build/icyphy/ptII/ptolemy/actor/lib/test/auto/LazySubClassModel.xml
----------------- Instantiating /home/travis/build/icyphy/ptII/ptolemy/actor/lib/test/auto/LazySubClassModel.xml
2 ms. Memory: 526336K Free: 335617K (64%)
----------------- Invoking toplevel() on ptolemy.moml.MoMLSimpleApplication@41246031
----------------- Done invoking toplevel() on ptolemy.moml.MoMLSimpleApplication@41246031
reloadAllAccessors: .LazySubClassModel

===========================================================================================
----------------- testing Wed Jun 03 14:34:09 UTC 2020 /home/travis/build/icyphy/ptII/ptolemy/actor/lib/test/auto/LevelCrossTest1.xml
----------------- Instantiating /home/travis/build/icyphy/ptII/ptolemy/actor/lib/test/auto/LevelCrossTest1.xml
6 ms. Memory: 526336K Free: 329983K (63%)
----------------- Invoking toplevel() on ptolemy.moml.MoMLSimpleApplication@4f9ef65
----------------- Done invoking toplevel() on ptolemy.moml.MoMLSimpleApplication@4f9ef65
reloadAllAccessors: .broken

===========================================================================================
----------------- testing Wed Jun 03 14:34:09 UTC 2020 /home/travis/build/icyphy/ptII/ptolemy/actor/lib/test/auto/LevelCrossTest10.xml
----------------- Instantiating /home/travis/build/icyphy/ptII/ptolemy/actor/lib/test/auto/LevelCrossTest10.xml
1 ms. Memory: 526336K Free: 322815K (61%)
----------------- Invoking toplevel() on ptolemy.moml.MoMLSimpleApplication@5750dafc
----------------- Done invoking toplevel() on ptolemy.moml.MoMLSimpleApplication@5750dafc
reloadAllAccessors: .LevelCrossTest10

===========================================================================================
----------------- testing Wed Jun 03 14:34:09 UTC 2020 /home/travis/build/icyphy/ptII/ptolemy/actor/lib/test/auto/LevelCrossTest11.xml
----------------- Instantiating /home/travis/build/icyphy/ptII/ptolemy/actor/lib/test/auto/LevelCrossTest11.xml
1 ms. Memory: 526336K Free: 315647K (60%)
----------------- Invoking toplevel() on ptolemy.moml.MoMLSimpleApplication@59e02f8a
----------------- Done invoking toplevel() on ptolemy.moml.MoMLSimpleApplication@59e02f8a
reloadAllAccessors: .LevelCrossTest11

===========================================================================================
----------------- testing Wed Jun 03 14:34:09 UTC 2020 /home/travis/build/icyphy/ptII/ptolemy/actor/lib/test/auto/LevelCrossTest12.xml
----------------- Instantiating /home/travis/build/icyphy/ptII/ptolemy/actor/lib/test/auto/LevelCrossTest12.xml
1 ms. Memory: 526336K Free: 309503K (59%)
----------------- Invoking toplevel() on ptolemy.moml.MoMLSimpleApplication@6c98f967
----------------- Done invoking toplevel() on ptolemy.moml.MoMLSimpleApplication@6c98f967
reloadAllAccessors: .LevelCrossTest12

===========================================================================================
----------------- testing Wed Jun 03 14:34:09 UTC 2020 /home/travis/build/icyphy/ptII/ptolemy/actor/lib/test/auto/LevelCrossTest13.xml
----------------- Instantiating /home/travis/build/icyphy/ptII/ptolemy/actor/lib/test/auto/LevelCrossTest13.xml
3 ms. Memory: 526336K Free: 301825K (57%)
----------------- Invoking toplevel() on ptolemy.moml.MoMLSimpleApplication@59e83a8f
----------------- Done invoking toplevel() on ptolemy.moml.MoMLSimpleApplication@59e83a8f
reloadAllAccessors: .LevelCrossTest13

===========================================================================================
----------------- testing Wed Jun 03 14:34:09 UTC 2020 /home/travis/build/icyphy/ptII/ptolemy/actor/lib/test/auto/LevelCrossTest2.xml
----------------- Instantiating /home/travis/build/icyphy/ptII/ptolemy/actor/lib/test/auto/LevelCrossTest2.xml
1 ms. Memory: 526336K Free: 296191K (56%)
----------------- Invoking toplevel() on ptolemy.moml.MoMLSimpleApplication@36c78013
----------------- Done invoking toplevel() on ptolemy.moml.MoMLSimpleApplication@36c78013
reloadAllAccessors: .broken

===========================================================================================
----------------- testing Wed Jun 03 14:34:09 UTC 2020 /home/travis/build/icyphy/ptII/ptolemy/actor/lib/test/auto/LevelCrossTest3.xml
----------------- Instantiating /home/travis/build/icyphy/ptII/ptolemy/actor/lib/test/auto/LevelCrossTest3.xml
1 ms. Memory: 526336K Free: 289537K (55%)
----------------- Invoking toplevel() on ptolemy.moml.MoMLSimpleApplication@edc9176
----------------- Done invoking toplevel() on ptolemy.moml.MoMLSimpleApplication@edc9176
reloadAllAccessors: .LevelCrossTest3

===========================================================================================
----------------- testing Wed Jun 03 14:34:09 UTC 2020 /home/travis/build/icyphy/ptII/ptolemy/actor/lib/test/auto/LevelCrossTest4.xml
----------------- Instantiating /home/travis/build/icyphy/ptII/ptolemy/actor/lib/test/auto/LevelCrossTest4.xml
1 ms. Memory: 526336K Free: 284417K (54%)
----------------- Invoking toplevel() on ptolemy.moml.MoMLSimpleApplication@678e2166
----------------- Done invoking toplevel() on ptolemy.moml.MoMLSimpleApplication@678e2166
reloadAllAccessors: .broken

===========================================================================================
----------------- testing Wed Jun 03 14:34:09 UTC 2020 /home/travis/build/icyphy/ptII/ptolemy/actor/lib/test/auto/LevelCrossTest5.xml
----------------- Instantiating /home/travis/build/icyphy/ptII/ptolemy/actor/lib/test/auto/LevelCrossTest5.xml
1 ms. Memory: 526336K Free: 277759K (53%)
----------------- Invoking toplevel() on ptolemy.moml.MoMLSimpleApplication@4341df3a
----------------- Done invoking toplevel() on ptolemy.moml.MoMLSimpleApplication@4341df3a
reloadAllAccessors: .LevelCrossTest5

===========================================================================================
----------------- testing Wed Jun 03 14:34:09 UTC 2020 /home/travis/build/icyphy/ptII/ptolemy/actor/lib/test/auto/LevelCrossTest6.xml
----------------- Instantiating /home/travis/build/icyphy/ptII/ptolemy/actor/lib/test/auto/LevelCrossTest6.xml
1 ms. Memory: 526336K Free: 271105K (52%)
----------------- Invoking toplevel() on ptolemy.moml.MoMLSimpleApplication@16096229
----------------- Done invoking toplevel() on ptolemy.moml.MoMLSimpleApplication@16096229
reloadAllAccessors: .LevelCrossTest6

===========================================================================================
----------------- testing Wed Jun 03 14:34:09 UTC 2020 /home/travis/build/icyphy/ptII/ptolemy/actor/lib/test/auto/LevelCrossTest7.xml
----------------- Instantiating /home/travis/build/icyphy/ptII/ptolemy/actor/lib/test/auto/LevelCrossTest7.xml
1 ms. Memory: 526336K Free: 263937K (50%)
----------------- Invoking toplevel() on ptolemy.moml.MoMLSimpleApplication@527881ad
----------------- Done invoking toplevel() on ptolemy.moml.MoMLSimpleApplication@527881ad
reloadAllAccessors: .LevelCrossTest7

===========================================================================================
----------------- testing Wed Jun 03 14:34:09 UTC 2020 /home/travis/build/icyphy/ptII/ptolemy/actor/lib/test/auto/LevelCrossTest8.xml
----------------- Instantiating /home/travis/build/icyphy/ptII/ptolemy/actor/lib/test/auto/LevelCrossTest8.xml
2 ms. Memory: 526336K Free: 257279K (49%)
----------------- Invoking toplevel() on ptolemy.moml.MoMLSimpleApplication@36de7ba8
----------------- Done invoking toplevel() on ptolemy.moml.MoMLSimpleApplication@36de7ba8
reloadAllAccessors: .LevelCrossTest8

===========================================================================================
----------------- testing Wed Jun 03 14:34:09 UTC 2020 /home/travis/build/icyphy/ptII/ptolemy/actor/lib/test/auto/LevelCrossTest9.xml
----------------- Instantiating /home/travis/build/icyphy/ptII/ptolemy/actor/lib/test/auto/LevelCrossTest9.xml
1 ms. Memory: 526336K Free: 250111K (48%)
----------------- Invoking toplevel() on ptolemy.moml.MoMLSimpleApplication@5abc0ab1
----------------- Done invoking toplevel() on ptolemy.moml.MoMLSimpleApplication@5abc0ab1
reloadAllAccessors: .LevelCrossTest9

===========================================================================================
----------------- testing Wed Jun 03 14:34:09 UTC 2020 /home/travis/build/icyphy/ptII/ptolemy/actor/lib/test/auto/LevinsonDurbin.xml
----------------- Instantiating /home/travis/build/icyphy/ptII/ptolemy/actor/lib/test/auto/LevinsonDurbin.xml
1 ms. Memory: 526336K Free: 246015K (47%)
----------------- Invoking toplevel() on ptolemy.moml.MoMLSimpleApplication@3eef6d6b
----------------- Done invoking toplevel() on ptolemy.moml.MoMLSimpleApplication@3eef6d6b
reloadAllAccessors: .LevinsonDurbin

===========================================================================================
----------------- testing Wed Jun 03 14:34:09 UTC 2020 /home/travis/build/icyphy/ptII/ptolemy/actor/lib/test/auto/LevinsonDurbin2.xml
----------------- Instantiating /home/travis/build/icyphy/ptII/ptolemy/actor/lib/test/auto/LevinsonDurbin2.xml
2 ms. Memory: 526336K Free: 241919K (46%)
----------------- Invoking toplevel() on ptolemy.moml.MoMLSimpleApplication@5c7eadf2
----------------- Done invoking toplevel() on ptolemy.moml.MoMLSimpleApplication@5c7eadf2
reloadAllAccessors: .LevinsonDurbin2

===========================================================================================
----------------- testing Wed Jun 03 14:34:09 UTC 2020 /home/travis/build/icyphy/ptII/ptolemy/actor/lib/test/auto/LevinsonDurbin3.xml
----------------- Instantiating /home/travis/build/icyphy/ptII/ptolemy/actor/lib/test/auto/LevinsonDurbin3.xml
7 ms. Memory: 526336K Free: 238337K (45%)
----------------- Invoking toplevel() on ptolemy.moml.MoMLSimpleApplication@38cdcc06
----------------- Done invoking toplevel() on ptolemy.moml.MoMLSimpleApplication@38cdcc06
reloadAllAccessors: .LevinsonDurbin3

===========================================================================================
----------------- testing Wed Jun 03 14:34:09 UTC 2020 /home/travis/build/icyphy/ptII/ptolemy/actor/lib/test/auto/Limiter.xml
----------------- Instantiating /home/travis/build/icyphy/ptII/ptolemy/actor/lib/test/auto/Limiter.xml
10 ms. Memory: 526336K Free: 229121K (44%)
----------------- Invoking toplevel() on ptolemy.moml.MoMLSimpleApplication@5516fb98
----------------- Done invoking toplevel() on ptolemy.moml.MoMLSimpleApplication@5516fb98
reloadAllAccessors: .Limiter

===========================================================================================
----------------- testing Wed Jun 03 14:34:09 UTC 2020 /home/travis/build/icyphy/ptII/ptolemy/actor/lib/test/auto/LinearDifferenceEquationSystem.xml
----------------- Instantiating /home/travis/build/icyphy/ptII/ptolemy/actor/lib/test/auto/LinearDifferenceEquationSystem.xml
12 ms. Memory: 526336K Free: 221953K (42%)
----------------- Invoking toplevel() on ptolemy.moml.MoMLSimpleApplication@220d173a
----------------- Done invoking toplevel() on ptolemy.moml.MoMLSimpleApplication@220d173a
reloadAllAccessors: .LinearDifferenceEquationSystem

===========================================================================================
----------------- testing Wed Jun 03 14:34:09 UTC 2020 /home/travis/build/icyphy/ptII/ptolemy/actor/lib/test/auto/LookupTable.xml
----------------- Instantiating /home/travis/build/icyphy/ptII/ptolemy/actor/lib/test/auto/LookupTable.xml
1 ms. Memory: 526336K Free: 217343K (41%)
----------------- Invoking toplevel() on ptolemy.moml.MoMLSimpleApplication@6bac9cf6
----------------- Done invoking toplevel() on ptolemy.moml.MoMLSimpleApplication@6bac9cf6
reloadAllAccessors: .LookupTable

===========================================================================================
----------------- testing Wed Jun 03 14:34:09 UTC 2020 /home/travis/build/icyphy/ptII/ptolemy/actor/lib/test/auto/MathFunction.xml
----------------- Instantiating /home/travis/build/icyphy/ptII/ptolemy/actor/lib/test/auto/MathFunction.xml
3 ms. Memory: 526336K Free: 209151K (40%)
----------------- Invoking toplevel() on ptolemy.moml.MoMLSimpleApplication@10d625e4
----------------- Done invoking toplevel() on ptolemy.moml.MoMLSimpleApplication@10d625e4
reloadAllAccessors: .MathFunction

===========================================================================================
----------------- testing Wed Jun 03 14:34:10 UTC 2020 /home/travis/build/icyphy/ptII/ptolemy/actor/lib/test/auto/MathFunction2.xml
----------------- Instantiating /home/travis/build/icyphy/ptII/ptolemy/actor/lib/test/auto/MathFunction2.xml
4 ms. Memory: 526336K Free: 205055K (39%)
----------------- Invoking toplevel() on ptolemy.moml.MoMLSimpleApplication@c97365a
----------------- Done invoking toplevel() on ptolemy.moml.MoMLSimpleApplication@c97365a
reloadAllAccessors: .MathFunction2

===========================================================================================
----------------- testing Wed Jun 03 14:34:10 UTC 2020 /home/travis/build/icyphy/ptII/ptolemy/actor/lib/test/auto/MathFunction3.xml
----------------- Instantiating /home/travis/build/icyphy/ptII/ptolemy/actor/lib/test/auto/MathFunction3.xml
3 ms. Memory: 526336K Free: 197887K (38%)
----------------- Invoking toplevel() on ptolemy.moml.MoMLSimpleApplication@1b9af0f5
----------------- Done invoking toplevel() on ptolemy.moml.MoMLSimpleApplication@1b9af0f5
reloadAllAccessors: .MathFunction3

===========================================================================================
----------------- testing Wed Jun 03 14:34:10 UTC 2020 /home/travis/build/icyphy/ptII/ptolemy/actor/lib/test/auto/MatrixCropBoolean.xml
----------------- Instantiating /home/travis/build/icyphy/ptII/ptolemy/actor/lib/test/auto/MatrixCropBoolean.xml
2 ms. Memory: 526336K Free: 192737K (37%)
----------------- Invoking toplevel() on ptolemy.moml.MoMLSimpleApplication@185d0a61
----------------- Done invoking toplevel() on ptolemy.moml.MoMLSimpleApplication@185d0a61
reloadAllAccessors: .MatrixCropBoolean

===========================================================================================
----------------- testing Wed Jun 03 14:34:10 UTC 2020 /home/travis/build/icyphy/ptII/ptolemy/actor/lib/test/auto/MatrixCropComplex.xml
----------------- Instantiating /home/travis/build/icyphy/ptII/ptolemy/actor/lib/test/auto/MatrixCropComplex.xml
2 ms. Memory: 526336K Free: 187617K (36%)
----------------- Invoking toplevel() on ptolemy.moml.MoMLSimpleApplication@75812ceb
----------------- Done invoking toplevel() on ptolemy.moml.MoMLSimpleApplication@75812ceb
reloadAllAccessors: .MatrixCropComplex

===========================================================================================
----------------- testing Wed Jun 03 14:34:10 UTC 2020 /home/travis/build/icyphy/ptII/ptolemy/actor/lib/test/auto/MatrixCropDouble.xml
----------------- Instantiating /home/travis/build/icyphy/ptII/ptolemy/actor/lib/test/auto/MatrixCropDouble.xml
2 ms. Memory: 526336K Free: 183041K (35%)
----------------- Invoking toplevel() on ptolemy.moml.MoMLSimpleApplication@4b53a2dc
----------------- Done invoking toplevel() on ptolemy.moml.MoMLSimpleApplication@4b53a2dc
reloadAllAccessors: .MatrixCropDouble

===========================================================================================
----------------- testing Wed Jun 03 14:34:10 UTC 2020 /home/travis/build/icyphy/ptII/ptolemy/actor/lib/test/auto/MatrixCropFix.xml
----------------- Instantiating /home/travis/build/icyphy/ptII/ptolemy/actor/lib/test/auto/MatrixCropFix.xml
1 ms. Memory: 526336K Free: 177921K (34%)
----------------- Invoking toplevel() on ptolemy.moml.MoMLSimpleApplication@4c02a277
----------------- Done invoking toplevel() on ptolemy.moml.MoMLSimpleApplication@4c02a277
reloadAllAccessors: .MatrixCropFix

===========================================================================================
----------------- testing Wed Jun 03 14:34:10 UTC 2020 /home/travis/build/icyphy/ptII/ptolemy/actor/lib/test/auto/MatrixCropInt.xml
----------------- Instantiating /home/travis/build/icyphy/ptII/ptolemy/actor/lib/test/auto/MatrixCropInt.xml
2 ms. Memory: 526336K Free: 172801K (33%)
----------------- Invoking toplevel() on ptolemy.moml.MoMLSimpleApplication@67aaabd6
----------------- Done invoking toplevel() on ptolemy.moml.MoMLSimpleApplication@67aaabd6
reloadAllAccessors: .MatrixCropInt

===========================================================================================
----------------- testing Wed Jun 03 14:34:10 UTC 2020 /home/travis/build/icyphy/ptII/ptolemy/actor/lib/test/auto/MatrixCropLong.xml
----------------- Instantiating /home/travis/build/icyphy/ptII/ptolemy/actor/lib/test/auto/MatrixCropLong.xml
2 ms. Memory: 526336K Free: 471297K (90%)
----------------- Invoking toplevel() on ptolemy.moml.MoMLSimpleApplication@31091294
----------------- Done invoking toplevel() on ptolemy.moml.MoMLSimpleApplication@31091294
reloadAllAccessors: .MatrixCropLong

===========================================================================================
----------------- testing Wed Jun 03 14:34:10 UTC 2020 /home/travis/build/icyphy/ptII/ptolemy/actor/lib/test/auto/MatrixToArray.xml
----------------- Instantiating /home/travis/build/icyphy/ptII/ptolemy/actor/lib/test/auto/MatrixToArray.xml
12 ms. Memory: 526336K Free: 456447K (87%)
----------------- Invoking toplevel() on ptolemy.moml.MoMLSimpleApplication@521c34ab
----------------- Done invoking toplevel() on ptolemy.moml.MoMLSimpleApplication@521c34ab
reloadAllAccessors: .MatrixToArray

===========================================================================================
----------------- testing Wed Jun 03 14:34:10 UTC 2020 /home/travis/build/icyphy/ptII/ptolemy/actor/lib/test/auto/MaxIndex.xml
----------------- Instantiating /home/travis/build/icyphy/ptII/ptolemy/actor/lib/test/auto/MaxIndex.xml
3 ms. Memory: 526336K Free: 451327K (86%)
----------------- Invoking toplevel() on ptolemy.moml.MoMLSimpleApplication@261fad36
----------------- Done invoking toplevel() on ptolemy.moml.MoMLSimpleApplication@261fad36
reloadAllAccessors: .MaxIndex

===========================================================================================
----------------- testing Wed Jun 03 14:34:10 UTC 2020 /home/travis/build/icyphy/ptII/ptolemy/actor/lib/test/auto/Maximum.xml
----------------- Instantiating /home/travis/build/icyphy/ptII/ptolemy/actor/lib/test/auto/Maximum.xml
3 ms. Memory: 526336K Free: 444673K (84%)
----------------- Invoking toplevel() on ptolemy.moml.MoMLSimpleApplication@79ba1940
----------------- Done invoking toplevel() on ptolemy.moml.MoMLSimpleApplication@79ba1940
reloadAllAccessors: .Maximum

===========================================================================================
----------------- testing Wed Jun 03 14:34:10 UTC 2020 /home/travis/build/icyphy/ptII/ptolemy/actor/lib/test/auto/MaximumComplex.xml
----------------- Instantiating /home/travis/build/icyphy/ptII/ptolemy/actor/lib/test/auto/MaximumComplex.xml
5 ms. Memory: 526336K Free: 438529K (83%)
----------------- Invoking toplevel() on ptolemy.moml.MoMLSimpleApplication@2799c45a
----------------- Done invoking toplevel() on ptolemy.moml.MoMLSimpleApplication@2799c45a
reloadAllAccessors: .MaximumComplex

===========================================================================================
----------------- testing Wed Jun 03 14:34:10 UTC 2020 /home/travis/build/icyphy/ptII/ptolemy/actor/lib/test/auto/MethodCallTest.xml
----------------- Instantiating /home/travis/build/icyphy/ptII/ptolemy/actor/lib/test/auto/MethodCallTest.xml
2 ms. Memory: 526336K Free: 431871K (82%)
----------------- Invoking toplevel() on ptolemy.moml.MoMLSimpleApplication@53e3f115
----------------- Done invoking toplevel() on ptolemy.moml.MoMLSimpleApplication@53e3f115
reloadAllAccessors: .MethodCallTest

===========================================================================================
----------------- testing Wed Jun 03 14:34:10 UTC 2020 /home/travis/build/icyphy/ptII/ptolemy/actor/lib/test/auto/Minimum.xml
----------------- Instantiating /home/travis/build/icyphy/ptII/ptolemy/actor/lib/test/auto/Minimum.xml
3 ms. Memory: 526336K Free: 425217K (81%)
----------------- Invoking toplevel() on ptolemy.moml.MoMLSimpleApplication@2e5d100f
----------------- Done invoking toplevel() on ptolemy.moml.MoMLSimpleApplication@2e5d100f
reloadAllAccessors: .Minimum

===========================================================================================
----------------- testing Wed Jun 03 14:34:10 UTC 2020 /home/travis/build/icyphy/ptII/ptolemy/actor/lib/test/auto/MinimumComplex.xml
----------------- Instantiating /home/travis/build/icyphy/ptII/ptolemy/actor/lib/test/auto/MinimumComplex.xml
4 ms. Memory: 526336K Free: 419073K (80%)
----------------- Invoking toplevel() on ptolemy.moml.MoMLSimpleApplication@5c3dcdaa
----------------- Done invoking toplevel() on ptolemy.moml.MoMLSimpleApplication@5c3dcdaa
reloadAllAccessors: .MinimumComplex

===========================================================================================
----------------- testing Wed Jun 03 14:34:10 UTC 2020 /home/travis/build/icyphy/ptII/ptolemy/actor/lib/test/auto/MinimumMultiports.xml
----------------- Instantiating /home/travis/build/icyphy/ptII/ptolemy/actor/lib/test/auto/MinimumMultiports.xml
4 ms. Memory: 526336K Free: 410881K (78%)
----------------- Invoking toplevel() on ptolemy.moml.MoMLSimpleApplication@3f257962
----------------- Done invoking toplevel() on ptolemy.moml.MoMLSimpleApplication@3f257962
reloadAllAccessors: .MinimumMultiports

===========================================================================================
----------------- testing Wed Jun 03 14:34:10 UTC 2020 /home/travis/build/icyphy/ptII/ptolemy/actor/lib/test/auto/ModifyDate.xml
----------------- Instantiating /home/travis/build/icyphy/ptII/ptolemy/actor/lib/test/auto/ModifyDate.xml
5 ms. Memory: 526336K Free: 398079K (76%)
----------------- Invoking toplevel() on ptolemy.moml.MoMLSimpleApplication@43e9281f
----------------- Done invoking toplevel() on ptolemy.moml.MoMLSimpleApplication@43e9281f
reloadAllAccessors: .ModifyDate

===========================================================================================
----------------- testing Wed Jun 03 14:34:10 UTC 2020 /home/travis/build/icyphy/ptII/ptolemy/actor/lib/test/auto/ModifyDate2.xml
----------------- Instantiating /home/travis/build/icyphy/ptII/ptolemy/actor/lib/test/auto/ModifyDate2.xml
5 ms. Memory: 526336K Free: 389377K (74%)
----------------- Invoking toplevel() on ptolemy.moml.MoMLSimpleApplication@103075ef
----------------- Done invoking toplevel() on ptolemy.moml.MoMLSimpleApplication@103075ef
reloadAllAccessors: .ModifyDate2

===========================================================================================
----------------- testing Wed Jun 03 14:34:10 UTC 2020 /home/travis/build/icyphy/ptII/ptolemy/actor/lib/test/auto/MovingAverage.xml
----------------- Instantiating /home/travis/build/icyphy/ptII/ptolemy/actor/lib/test/auto/MovingAverage.xml
2 ms. Memory: 526336K Free: 384257K (73%)
----------------- Invoking toplevel() on ptolemy.moml.MoMLSimpleApplication@4991b6a
----------------- Done invoking toplevel() on ptolemy.moml.MoMLSimpleApplication@4991b6a
reloadAllAccessors: .MovingAverage

===========================================================================================
----------------- testing Wed Jun 03 14:34:10 UTC 2020 /home/travis/build/icyphy/ptII/ptolemy/actor/lib/test/auto/MovingMaximum.xml
----------------- Instantiating /home/travis/build/icyphy/ptII/ptolemy/actor/lib/test/auto/MovingMaximum.xml
2 ms. Memory: 526336K Free: 380161K (72%)
----------------- Invoking toplevel() on ptolemy.moml.MoMLSimpleApplication@6a4cf5ba
----------------- Done invoking toplevel() on ptolemy.moml.MoMLSimpleApplication@6a4cf5ba
reloadAllAccessors: .MovingMaximum

===========================================================================================
----------------- testing Wed Jun 03 14:34:10 UTC 2020 /home/travis/build/icyphy/ptII/ptolemy/actor/lib/test/auto/MultipleLinksToSameRelation.xml
----------------- Instantiating /home/travis/build/icyphy/ptII/ptolemy/actor/lib/test/auto/MultipleLinksToSameRelation.xml
3 ms. Memory: 526336K Free: 376065K (71%)
----------------- Invoking toplevel() on ptolemy.moml.MoMLSimpleApplication@4ea19170
----------------- Done invoking toplevel() on ptolemy.moml.MoMLSimpleApplication@4ea19170
reloadAllAccessors: .MultipleLinksToSameRelation

===========================================================================================
----------------- testing Wed Jun 03 14:34:10 UTC 2020 /home/travis/build/icyphy/ptII/ptolemy/actor/lib/test/auto/MultipleLinksToSameRelationDE.xml
----------------- Instantiating /home/travis/build/icyphy/ptII/ptolemy/actor/lib/test/auto/MultipleLinksToSameRelationDE.xml
9 ms. Memory: 526336K Free: 371449K (71%)
----------------- Invoking toplevel() on ptolemy.moml.MoMLSimpleApplication@5cf158e3
----------------- Done invoking toplevel() on ptolemy.moml.MoMLSimpleApplication@5cf158e3
reloadAllAccessors: .MultipleLinksToSameRelationDE

===========================================================================================
----------------- testing Wed Jun 03 14:34:10 UTC 2020 /home/travis/build/icyphy/ptII/ptolemy/actor/lib/test/auto/Multiplexor.xml
----------------- Instantiating /home/travis/build/icyphy/ptII/ptolemy/actor/lib/test/auto/Multiplexor.xml
2 ms. Memory: 526336K Free: 366335K (70%)
----------------- Invoking toplevel() on ptolemy.moml.MoMLSimpleApplication@6fbc7ccb
----------------- Done invoking toplevel() on ptolemy.moml.MoMLSimpleApplication@6fbc7ccb
reloadAllAccessors: .Multiplexor

===========================================================================================
----------------- testing Wed Jun 03 14:34:10 UTC 2020 /home/travis/build/icyphy/ptII/ptolemy/actor/lib/test/auto/Multiplexor1.xml
----------------- Instantiating /home/travis/build/icyphy/ptII/ptolemy/actor/lib/test/auto/Multiplexor1.xml
2 ms. Memory: 526336K Free: 360705K (69%)
----------------- Invoking toplevel() on ptolemy.moml.MoMLSimpleApplication@3203d760
----------------- Done invoking toplevel() on ptolemy.moml.MoMLSimpleApplication@3203d760
reloadAllAccessors: .Multiplexor1

===========================================================================================
----------------- testing Wed Jun 03 14:34:10 UTC 2020 /home/travis/build/icyphy/ptII/ptolemy/actor/lib/test/auto/Multiplexor2.xml
----------------- Instantiating /home/travis/build/icyphy/ptII/ptolemy/actor/lib/test/auto/Multiplexor2.xml
2 ms. Memory: 526336K Free: 354047K (67%)
----------------- Invoking toplevel() on ptolemy.moml.MoMLSimpleApplication@6583d126
----------------- Done invoking toplevel() on ptolemy.moml.MoMLSimpleApplication@6583d126
reloadAllAccessors: .Multiplexor2

===========================================================================================
----------------- testing Wed Jun 03 14:34:10 UTC 2020 /home/travis/build/icyphy/ptII/ptolemy/actor/lib/test/auto/Multiplexor3.xml
----------------- Instantiating /home/travis/build/icyphy/ptII/ptolemy/actor/lib/test/auto/Multiplexor3.xml
2 ms. Memory: 526336K Free: 349951K (66%)
----------------- Invoking toplevel() on ptolemy.moml.MoMLSimpleApplication@8ebb9cf
----------------- Done invoking toplevel() on ptolemy.moml.MoMLSimpleApplication@8ebb9cf
reloadAllAccessors: .Multiplexor3

===========================================================================================
----------------- testing Wed Jun 03 14:34:10 UTC 2020 /home/travis/build/icyphy/ptII/ptolemy/actor/lib/test/auto/MultiplexorDE.xml
----------------- Instantiating /home/travis/build/icyphy/ptII/ptolemy/actor/lib/test/auto/MultiplexorDE.xml
2 ms. Memory: 526336K Free: 342273K (65%)
----------------- Invoking toplevel() on ptolemy.moml.MoMLSimpleApplication@20c0e5a9
----------------- Done invoking toplevel() on ptolemy.moml.MoMLSimpleApplication@20c0e5a9
reloadAllAccessors: .MultiplexorDE

===========================================================================================
----------------- testing Wed Jun 03 14:34:10 UTC 2020 /home/travis/build/icyphy/ptII/ptolemy/actor/lib/test/auto/MultiportBroadcastTest.xml
----------------- Instantiating /home/travis/build/icyphy/ptII/ptolemy/actor/lib/test/auto/MultiportBroadcastTest.xml
95 ms. Memory: 526336K Free: 336129K (64%)
----------------- Invoking toplevel() on ptolemy.moml.MoMLSimpleApplication@537dcf16
----------------- Done invoking toplevel() on ptolemy.moml.MoMLSimpleApplication@537dcf16
reloadAllAccessors: .MultiportBroadcastTest

===========================================================================================
----------------- testing Wed Jun 03 14:34:10 UTC 2020 /home/travis/build/icyphy/ptII/ptolemy/actor/lib/test/auto/MultiportOutHangDuringGetWidth.xml
----------------- Instantiating /home/travis/build/icyphy/ptII/ptolemy/actor/lib/test/auto/MultiportOutHangDuringGetWidth.xml
13 ms. Memory: 526336K Free: 323313K (61%)
----------------- Invoking toplevel() on ptolemy.moml.MoMLSimpleApplication@71051b9c
----------------- Done invoking toplevel() on ptolemy.moml.MoMLSimpleApplication@71051b9c
reloadAllAccessors: .MultiportOutHangDuringGetWidth

===========================================================================================
----------------- testing Wed Jun 03 14:34:10 UTC 2020 /home/travis/build/icyphy/ptII/ptolemy/actor/lib/test/auto/NilToken.xml
----------------- Instantiating /home/travis/build/icyphy/ptII/ptolemy/actor/lib/test/auto/NilToken.xml
1 ms. Memory: 526336K Free: 319231K (61%)
----------------- Invoking toplevel() on ptolemy.moml.MoMLSimpleApplication@74b8c0dd
----------------- Done invoking toplevel() on ptolemy.moml.MoMLSimpleApplication@74b8c0dd
reloadAllAccessors: .NilToken

===========================================================================================
----------------- testing Wed Jun 03 14:34:10 UTC 2020 /home/travis/build/icyphy/ptII/ptolemy/actor/lib/test/auto/NilTokenNonStrictTest.xml
----------------- Instantiating /home/travis/build/icyphy/ptII/ptolemy/actor/lib/test/auto/NilTokenNonStrictTest.xml
3 ms. Memory: 526336K Free: 314111K (60%)
----------------- Invoking toplevel() on ptolemy.moml.MoMLSimpleApplication@5eb6cd06
----------------- Done invoking toplevel() on ptolemy.moml.MoMLSimpleApplication@5eb6cd06
reloadAllAccessors: .NilTokenNonStrictTest

===========================================================================================
----------------- testing Wed Jun 03 14:34:10 UTC 2020 /home/travis/build/icyphy/ptII/ptolemy/actor/lib/test/auto/NilTokenRecord.xml
----------------- Instantiating /home/travis/build/icyphy/ptII/ptolemy/actor/lib/test/auto/NilTokenRecord.xml
6 ms. Memory: 526336K Free: 307457K (58%)
----------------- Invoking toplevel() on ptolemy.moml.MoMLSimpleApplication@3b62be11
----------------- Done invoking toplevel() on ptolemy.moml.MoMLSimpleApplication@3b62be11
reloadAllAccessors: .NilTokenRecord

===========================================================================================
----------------- testing Wed Jun 03 14:34:10 UTC 2020 /home/travis/build/icyphy/ptII/ptolemy/actor/lib/test/auto/NilTokenTypeTest.xml
----------------- Instantiating /home/travis/build/icyphy/ptII/ptolemy/actor/lib/test/auto/NilTokenTypeTest.xml
5 ms. Memory: 526336K Free: 297727K (57%)
----------------- Invoking toplevel() on ptolemy.moml.MoMLSimpleApplication@272804d
----------------- Done invoking toplevel() on ptolemy.moml.MoMLSimpleApplication@272804d
reloadAllAccessors: .NilTokenTypeTest

===========================================================================================
----------------- testing Wed Jun 03 14:34:10 UTC 2020 /home/travis/build/icyphy/ptII/ptolemy/actor/lib/test/auto/ObjectToken1.xml
----------------- Instantiating /home/travis/build/icyphy/ptII/ptolemy/actor/lib/test/auto/ObjectToken1.xml
2 ms. Memory: 526336K Free: 293631K (56%)
----------------- Invoking toplevel() on ptolemy.moml.MoMLSimpleApplication@3873d3f8
----------------- Done invoking toplevel() on ptolemy.moml.MoMLSimpleApplication@3873d3f8
reloadAllAccessors: .ObjectToken1

===========================================================================================
----------------- testing Wed Jun 03 14:34:11 UTC 2020 /home/travis/build/icyphy/ptII/ptolemy/actor/lib/test/auto/OrderedMerge.xml
----------------- Instantiating /home/travis/build/icyphy/ptII/ptolemy/actor/lib/test/auto/OrderedMerge.xml
13 ms. Memory: 526336K Free: 288001K (55%)
----------------- Invoking toplevel() on ptolemy.moml.MoMLSimpleApplication@45659a59
----------------- Done invoking toplevel() on ptolemy.moml.MoMLSimpleApplication@45659a59
reloadAllAccessors: .OrderedMerge

===========================================================================================
----------------- testing Wed Jun 03 14:34:11 UTC 2020 /home/travis/build/icyphy/ptII/ptolemy/actor/lib/test/auto/OrderedRecordDisassembler.xml
----------------- Instantiating /home/travis/build/icyphy/ptII/ptolemy/actor/lib/test/auto/OrderedRecordDisassembler.xml
3 ms. Memory: 526336K Free: 282881K (54%)
----------------- Invoking toplevel() on ptolemy.moml.MoMLSimpleApplication@21385f23
----------------- Done invoking toplevel() on ptolemy.moml.MoMLSimpleApplication@21385f23
reloadAllAccessors: .OrderedRecordDisassembler

===========================================================================================
----------------- testing Wed Jun 03 14:34:11 UTC 2020 /home/travis/build/icyphy/ptII/ptolemy/actor/lib/test/auto/OrderedRecordDisassembler2.xml
----------------- Instantiating /home/travis/build/icyphy/ptII/ptolemy/actor/lib/test/auto/OrderedRecordDisassembler2.xml
5 ms. Memory: 526336K Free: 275199K (52%)
----------------- Invoking toplevel() on ptolemy.moml.MoMLSimpleApplication@3d93f1af
----------------- Done invoking toplevel() on ptolemy.moml.MoMLSimpleApplication@3d93f1af
reloadAllAccessors: .OrderedRecordDisassembler2

===========================================================================================
----------------- testing Wed Jun 03 14:34:11 UTC 2020 /home/travis/build/icyphy/ptII/ptolemy/actor/lib/test/auto/OrderedRecordUpdater.xml
----------------- Instantiating /home/travis/build/icyphy/ptII/ptolemy/actor/lib/test/auto/OrderedRecordUpdater.xml
2 ms. Memory: 526336K Free: 270079K (51%)
----------------- Invoking toplevel() on ptolemy.moml.MoMLSimpleApplication@93aa7d4
----------------- Done invoking toplevel() on ptolemy.moml.MoMLSimpleApplication@93aa7d4
reloadAllAccessors: .RecordUpdater

===========================================================================================
----------------- testing Wed Jun 03 14:34:11 UTC 2020 /home/travis/build/icyphy/ptII/ptolemy/actor/lib/test/auto/OrderedRecordUpdater2.xml
----------------- Instantiating /home/travis/build/icyphy/ptII/ptolemy/actor/lib/test/auto/OrderedRecordUpdater2.xml
3 ms. Memory: 526336K Free: 265473K (50%)
----------------- Invoking toplevel() on ptolemy.moml.MoMLSimpleApplication@4bb1ffae
----------------- Done invoking toplevel() on ptolemy.moml.MoMLSimpleApplication@4bb1ffae
reloadAllAccessors: .RecordUpdater2

===========================================================================================
----------------- testing Wed Jun 03 14:34:11 UTC 2020 /home/travis/build/icyphy/ptII/ptolemy/actor/lib/test/auto/PhaseUnwrap.xml
----------------- Instantiating /home/travis/build/icyphy/ptII/ptolemy/actor/lib/test/auto/PhaseUnwrap.xml
1 ms. Memory: 526336K Free: 260863K (50%)
----------------- Invoking toplevel() on ptolemy.moml.MoMLSimpleApplication@5f8556db
----------------- Done invoking toplevel() on ptolemy.moml.MoMLSimpleApplication@5f8556db
reloadAllAccessors: .PhaseUnwrap

===========================================================================================
----------------- testing Wed Jun 03 14:34:11 UTC 2020 /home/travis/build/icyphy/ptII/ptolemy/actor/lib/test/auto/PoissonClock.xml
----------------- Instantiating /home/travis/build/icyphy/ptII/ptolemy/actor/lib/test/auto/PoissonClock.xml
1 ms. Memory: 526336K Free: 256767K (49%)
----------------- Invoking toplevel() on ptolemy.moml.MoMLSimpleApplication@12714f09
----------------- Done invoking toplevel() on ptolemy.moml.MoMLSimpleApplication@12714f09
reloadAllAccessors: .PoissonClock

===========================================================================================
----------------- testing Wed Jun 03 14:34:11 UTC 2020 /home/travis/build/icyphy/ptII/ptolemy/actor/lib/test/auto/PoissonClock2.xml
----------------- Instantiating /home/travis/build/icyphy/ptII/ptolemy/actor/lib/test/auto/PoissonClock2.xml
1 ms. Memory: 526336K Free: 252161K (48%)
----------------- Invoking toplevel() on ptolemy.moml.MoMLSimpleApplication@108fc4fd
----------------- Done invoking toplevel() on ptolemy.moml.MoMLSimpleApplication@108fc4fd
reloadAllAccessors: .PoissonClock2

===========================================================================================
----------------- testing Wed Jun 03 14:34:11 UTC 2020 /home/travis/build/icyphy/ptII/ptolemy/actor/lib/test/auto/PoissonClock3.xml
----------------- Instantiating /home/travis/build/icyphy/ptII/ptolemy/actor/lib/test/auto/PoissonClock3.xml
2 ms. Memory: 526336K Free: 247551K (47%)
----------------- Invoking toplevel() on ptolemy.moml.MoMLSimpleApplication@3452f831
----------------- Done invoking toplevel() on ptolemy.moml.MoMLSimpleApplication@3452f831
reloadAllAccessors: .PoissonClock3

===========================================================================================
----------------- testing Wed Jun 03 14:34:11 UTC 2020 /home/travis/build/icyphy/ptII/ptolemy/actor/lib/test/auto/PubSubWithInitialTokens.xml
----------------- Instantiating /home/travis/build/icyphy/ptII/ptolemy/actor/lib/test/auto/PubSubWithInitialTokens.xml
2 ms. Memory: 526336K Free: 241393K (46%)
----------------- Invoking toplevel() on ptolemy.moml.MoMLSimpleApplication@3b3a5f64
----------------- Done invoking toplevel() on ptolemy.moml.MoMLSimpleApplication@3b3a5f64
reloadAllAccessors: .PubSubWithInitialTokens

===========================================================================================
----------------- testing Wed Jun 03 14:34:11 UTC 2020 /home/travis/build/icyphy/ptII/ptolemy/actor/lib/test/auto/PubSubWithInitialTokens2.xml
----------------- Instantiating /home/travis/build/icyphy/ptII/ptolemy/actor/lib/test/auto/PubSubWithInitialTokens2.xml
2 ms. Memory: 526336K Free: 235257K (45%)
----------------- Invoking toplevel() on ptolemy.moml.MoMLSimpleApplication@7c96c4b8
----------------- Done invoking toplevel() on ptolemy.moml.MoMLSimpleApplication@7c96c4b8
reloadAllAccessors: .PubSubWithInitialTokens2

===========================================================================================
----------------- testing Wed Jun 03 14:34:11 UTC 2020 /home/travis/build/icyphy/ptII/ptolemy/actor/lib/test/auto/PublisherClassNoParameter.xml
----------------- Instantiating /home/travis/build/icyphy/ptII/ptolemy/actor/lib/test/auto/PublisherClassNoParameter.xml
2 ms. Memory: 526336K Free: 225537K (43%)
----------------- Invoking toplevel() on ptolemy.moml.MoMLSimpleApplication@530e803f
----------------- Done invoking toplevel() on ptolemy.moml.MoMLSimpleApplication@530e803f
reloadAllAccessors: .PublisherClassNoParameter

===========================================================================================
----------------- testing Wed Jun 03 14:34:11 UTC 2020 /home/travis/build/icyphy/ptII/ptolemy/actor/lib/test/auto/PublisherClassParameter.xml
----------------- Instantiating /home/travis/build/icyphy/ptII/ptolemy/actor/lib/test/auto/PublisherClassParameter.xml
2 ms. Memory: 526336K Free: 215793K (41%)
----------------- Invoking toplevel() on ptolemy.moml.MoMLSimpleApplication@6c00d58a
----------------- Done invoking toplevel() on ptolemy.moml.MoMLSimpleApplication@6c00d58a
reloadAllAccessors: .PublisherClassParameter

===========================================================================================
----------------- testing Wed Jun 03 14:34:11 UTC 2020 /home/travis/build/icyphy/ptII/ptolemy/actor/lib/test/auto/PublisherNonStrictTest.xml
----------------- Instantiating /home/travis/build/icyphy/ptII/ptolemy/actor/lib/test/auto/PublisherNonStrictTest.xml
3 ms. Memory: 526336K Free: 207609K (39%)
----------------- Invoking toplevel() on ptolemy.moml.MoMLSimpleApplication@f8da370
----------------- Done invoking toplevel() on ptolemy.moml.MoMLSimpleApplication@f8da370
reloadAllAccessors: .PublisherNonStrictTest

===========================================================================================
----------------- testing Wed Jun 03 14:34:11 UTC 2020 /home/travis/build/icyphy/ptII/ptolemy/actor/lib/test/auto/PublisherPort1.xml
----------------- Instantiating /home/travis/build/icyphy/ptII/ptolemy/actor/lib/test/auto/PublisherPort1.xml
2 ms. Memory: 526336K Free: 201985K (38%)
----------------- Invoking toplevel() on ptolemy.moml.MoMLSimpleApplication@64ba1ba0
----------------- Done invoking toplevel() on ptolemy.moml.MoMLSimpleApplication@64ba1ba0
reloadAllAccessors: .PublisherPort1

===========================================================================================
----------------- testing Wed Jun 03 14:34:11 UTC 2020 /home/travis/build/icyphy/ptII/ptolemy/actor/lib/test/auto/PublisherPort2.xml
----------------- Instantiating /home/travis/build/icyphy/ptII/ptolemy/actor/lib/test/auto/PublisherPort2.xml
1 ms. Memory: 526336K Free: 196865K (37%)
----------------- Invoking toplevel() on ptolemy.moml.MoMLSimpleApplication@4c5bd24a
----------------- Done invoking toplevel() on ptolemy.moml.MoMLSimpleApplication@4c5bd24a
reloadAllAccessors: .PublisherPort2

===========================================================================================
----------------- testing Wed Jun 03 14:34:11 UTC 2020 /home/travis/build/icyphy/ptII/ptolemy/actor/lib/test/auto/PublisherPort3.xml
----------------- Instantiating /home/travis/build/icyphy/ptII/ptolemy/actor/lib/test/auto/PublisherPort3.xml
10 ms. Memory: 526336K Free: 190177K (36%)
----------------- Invoking toplevel() on ptolemy.moml.MoMLSimpleApplication@68ab75b7
----------------- Done invoking toplevel() on ptolemy.moml.MoMLSimpleApplication@68ab75b7
reloadAllAccessors: .PublisherPort3

===========================================================================================
----------------- testing Wed Jun 03 14:34:11 UTC 2020 /home/travis/build/icyphy/ptII/ptolemy/actor/lib/test/auto/PublisherPort4.xml
----------------- Instantiating /home/travis/build/icyphy/ptII/ptolemy/actor/lib/test/auto/PublisherPort4.xml
2 ms. Memory: 526336K Free: 184577K (35%)
----------------- Invoking toplevel() on ptolemy.moml.MoMLSimpleApplication@18c35632
----------------- Done invoking toplevel() on ptolemy.moml.MoMLSimpleApplication@18c35632
reloadAllAccessors: .PublisherPort4

===========================================================================================
----------------- testing Wed Jun 03 14:34:11 UTC 2020 /home/travis/build/icyphy/ptII/ptolemy/actor/lib/test/auto/PublisherPort5.xml
----------------- Instantiating /home/travis/build/icyphy/ptII/ptolemy/actor/lib/test/auto/PublisherPort5.xml
3 ms. Memory: 526336K Free: 176385K (34%)
----------------- Invoking toplevel() on ptolemy.moml.MoMLSimpleApplication@5a8621e6
----------------- Done invoking toplevel() on ptolemy.moml.MoMLSimpleApplication@5a8621e6
reloadAllAccessors: .PublisherPort5

===========================================================================================
----------------- testing Wed Jun 03 14:34:11 UTC 2020 /home/travis/build/icyphy/ptII/ptolemy/actor/lib/test/auto/PublisherPort5LookAlike.xml
----------------- Instantiating /home/travis/build/icyphy/ptII/ptolemy/actor/lib/test/auto/PublisherPort5LookAlike.xml
7 ms. Memory: 526336K Free: 472831K (90%)
----------------- Invoking toplevel() on ptolemy.moml.MoMLSimpleApplication@3da8c4f
----------------- Done invoking toplevel() on ptolemy.moml.MoMLSimpleApplication@3da8c4f
reloadAllAccessors: .PublisherPort5LookAlike

===========================================================================================
----------------- testing Wed Jun 03 14:34:11 UTC 2020 /home/travis/build/icyphy/ptII/ptolemy/actor/lib/test/auto/PublisherPort6.xml
----------------- Instantiating /home/travis/build/icyphy/ptII/ptolemy/actor/lib/test/auto/PublisherPort6.xml
2 ms. Memory: 526336K Free: 465663K (88%)
----------------- Invoking toplevel() on ptolemy.moml.MoMLSimpleApplication@4765ed66
----------------- Done invoking toplevel() on ptolemy.moml.MoMLSimpleApplication@4765ed66
reloadAllAccessors: .PublisherPort6

===========================================================================================
----------------- testing Wed Jun 03 14:34:11 UTC 2020 /home/travis/build/icyphy/ptII/ptolemy/actor/lib/test/auto/PublisherPort7.xml
----------------- Instantiating /home/travis/build/icyphy/ptII/ptolemy/actor/lib/test/auto/PublisherPort7.xml
4 ms. Memory: 526336K Free: 457985K (87%)
----------------- Invoking toplevel() on ptolemy.moml.MoMLSimpleApplication@33efc25f
----------------- Done invoking toplevel() on ptolemy.moml.MoMLSimpleApplication@33efc25f
reloadAllAccessors: .PublisherPort7

===========================================================================================
----------------- testing Wed Jun 03 14:34:11 UTC 2020 /home/travis/build/icyphy/ptII/ptolemy/actor/lib/test/auto/PublisherPort8.xml
----------------- Instantiating /home/travis/build/icyphy/ptII/ptolemy/actor/lib/test/auto/PublisherPort8.xml
4 ms. Memory: 526336K Free: 449279K (85%)
----------------- Invoking toplevel() on ptolemy.moml.MoMLSimpleApplication@10bbb416
----------------- Done invoking toplevel() on ptolemy.moml.MoMLSimpleApplication@10bbb416
reloadAllAccessors: .PublisherPort8

===========================================================================================
----------------- testing Wed Jun 03 14:34:11 UTC 2020 /home/travis/build/icyphy/ptII/ptolemy/actor/lib/test/auto/PublisherPortSubscriberChannelVariablesAOC2.xml
----------------- Instantiating /home/travis/build/icyphy/ptII/ptolemy/actor/lib/test/auto/PublisherPortSubscriberChannelVariablesAOC2.xml
3 ms. Memory: 526336K Free: 432385K (82%)
----------------- Invoking toplevel() on ptolemy.moml.MoMLSimpleApplication@45394598
----------------- Done invoking toplevel() on ptolemy.moml.MoMLSimpleApplication@45394598
reloadAllAccessors: .PublisherPortSubscriberChannelVariablesAOC2

===========================================================================================
----------------- testing Wed Jun 03 14:34:11 UTC 2020 /home/travis/build/icyphy/ptII/ptolemy/actor/lib/test/auto/PublisherPortSubscriberOpaqueWidthInference.xml
----------------- Instantiating /home/travis/build/icyphy/ptII/ptolemy/actor/lib/test/auto/PublisherPortSubscriberOpaqueWidthInference.xml
4 ms. Memory: 526336K Free: 424689K (81%)
----------------- Invoking toplevel() on ptolemy.moml.MoMLSimpleApplication@9418e60
----------------- Done invoking toplevel() on ptolemy.moml.MoMLSimpleApplication@9418e60
reloadAllAccessors: .PublisherPortSubscriberOpaqueWidthInference

===========================================================================================
----------------- testing Wed Jun 03 14:34:11 UTC 2020 /home/travis/build/icyphy/ptII/ptolemy/actor/lib/test/auto/PublisherPortSubscriberPortAdjacent.xml
----------------- Instantiating /home/travis/build/icyphy/ptII/ptolemy/actor/lib/test/auto/PublisherPortSubscriberPortAdjacent.xml
1 ms. Memory: 526336K Free: 416511K (79%)
----------------- Invoking toplevel() on ptolemy.moml.MoMLSimpleApplication@71a6c436
----------------- Done invoking toplevel() on ptolemy.moml.MoMLSimpleApplication@71a6c436
reloadAllAccessors: .PublisherPortSubscriberPortAdjacent

===========================================================================================
----------------- testing Wed Jun 03 14:34:11 UTC 2020 /home/travis/build/icyphy/ptII/ptolemy/actor/lib/test/auto/PublisherPortSubscriberPortExpression.xml
----------------- Instantiating /home/travis/build/icyphy/ptII/ptolemy/actor/lib/test/auto/PublisherPortSubscriberPortExpression.xml
3 ms. Memory: 526336K Free: 408833K (78%)
----------------- Invoking toplevel() on ptolemy.moml.MoMLSimpleApplication@30abb5c6
----------------- Done invoking toplevel() on ptolemy.moml.MoMLSimpleApplication@30abb5c6
reloadAllAccessors: .PublisherPortSubscriberPortExpression

===========================================================================================
----------------- testing Wed Jun 03 14:34:11 UTC 2020 /home/travis/build/icyphy/ptII/ptolemy/actor/lib/test/auto/PublisherPortSubscriberPortOpaqueD3Reverse.xml
----------------- Instantiating /home/travis/build/icyphy/ptII/ptolemy/actor/lib/test/auto/PublisherPortSubscriberPortOpaqueD3Reverse.xml
7 ms. Memory: 526336K Free: 398079K (76%)
----------------- Invoking toplevel() on ptolemy.moml.MoMLSimpleApplication@2b58764a
----------------- Done invoking toplevel() on ptolemy.moml.MoMLSimpleApplication@2b58764a
reloadAllAccessors: .PublisherPortSubscriberPortOpaqueD3Reverse

===========================================================================================
----------------- testing Wed Jun 03 14:34:11 UTC 2020 /home/travis/build/icyphy/ptII/ptolemy/actor/lib/test/auto/PublisherPortSubscriberPortOpaqueWidthInference.xml
----------------- Instantiating /home/travis/build/icyphy/ptII/ptolemy/actor/lib/test/auto/PublisherPortSubscriberPortOpaqueWidthInference.xml
4 ms. Memory: 526336K Free: 390401K (74%)
----------------- Invoking toplevel() on ptolemy.moml.MoMLSimpleApplication@167bc31a
----------------- Done invoking toplevel() on ptolemy.moml.MoMLSimpleApplication@167bc31a
reloadAllAccessors: .PublisherPortSubscriberPortOpaqueWidthInference

===========================================================================================
----------------- testing Wed Jun 03 14:34:11 UTC 2020 /home/travis/build/icyphy/ptII/ptolemy/actor/lib/test/auto/PublisherPortToplevelSubscriberPortAOC.xml
----------------- Instantiating /home/travis/build/icyphy/ptII/ptolemy/actor/lib/test/auto/PublisherPortToplevelSubscriberPortAOC.xml
.PublisherPortToplevelSubscriberPortAOC.TestExceptionAttribute: initialize() was not invoked, but wrapup() was.  This is unusual, but not always a problem.  For example, exporting JNLP will do this.
1 ms. Memory: 526336K Free: 384257K (73%)
----------------- Invoking toplevel() on ptolemy.moml.MoMLSimpleApplication@42f6a077
----------------- Done invoking toplevel() on ptolemy.moml.MoMLSimpleApplication@42f6a077
reloadAllAccessors: .PublisherPortToplevelSubscriberPortAOC

===========================================================================================
----------------- testing Wed Jun 03 14:34:11 UTC 2020 /home/travis/build/icyphy/ptII/ptolemy/actor/lib/test/auto/PublisherSubscriber.xml
----------------- Instantiating /home/travis/build/icyphy/ptII/ptolemy/actor/lib/test/auto/PublisherSubscriber.xml
3 ms. Memory: 526336K Free: 377089K (72%)
----------------- Invoking toplevel() on ptolemy.moml.MoMLSimpleApplication@df2623
----------------- Done invoking toplevel() on ptolemy.moml.MoMLSimpleApplication@df2623
reloadAllAccessors: .PublisherSubscriber

===========================================================================================
----------------- testing Wed Jun 03 14:34:11 UTC 2020 /home/travis/build/icyphy/ptII/ptolemy/actor/lib/test/auto/PublisherSubscriber10.xml
----------------- Instantiating /home/travis/build/icyphy/ptII/ptolemy/actor/lib/test/auto/PublisherSubscriber10.xml
5 ms. Memory: 526336K Free: 367873K (70%)
----------------- Invoking toplevel() on ptolemy.moml.MoMLSimpleApplication@4c77d737
----------------- Done invoking toplevel() on ptolemy.moml.MoMLSimpleApplication@4c77d737
reloadAllAccessors: .PublisherSubscriber10

===========================================================================================
----------------- testing Wed Jun 03 14:34:11 UTC 2020 /home/travis/build/icyphy/ptII/ptolemy/actor/lib/test/auto/PublisherSubscriber10InitialOutputs.xml
----------------- Instantiating /home/travis/build/icyphy/ptII/ptolemy/actor/lib/test/auto/PublisherSubscriber10InitialOutputs.xml
14 ms. Memory: 526336K Free: 358657K (68%)
----------------- Invoking toplevel() on ptolemy.moml.MoMLSimpleApplication@7b57b36a
----------------- Done invoking toplevel() on ptolemy.moml.MoMLSimpleApplication@7b57b36a
reloadAllAccessors: .PublisherSubscriber10InitialOutputs

===========================================================================================
----------------- testing Wed Jun 03 14:34:11 UTC 2020 /home/travis/build/icyphy/ptII/ptolemy/actor/lib/test/auto/PublisherSubscriber11.xml
----------------- Instantiating /home/travis/build/icyphy/ptII/ptolemy/actor/lib/test/auto/PublisherSubscriber11.xml
6 ms. Memory: 526336K Free: 352513K (67%)
----------------- Invoking toplevel() on ptolemy.moml.MoMLSimpleApplication@3081fa85
----------------- Done invoking toplevel() on ptolemy.moml.MoMLSimpleApplication@3081fa85
reloadAllAccessors: .PublisherSubscriber11

===========================================================================================
----------------- testing Wed Jun 03 14:34:11 UTC 2020 /home/travis/build/icyphy/ptII/ptolemy/actor/lib/test/auto/PublisherSubscriber12.xml
----------------- Instantiating /home/travis/build/icyphy/ptII/ptolemy/actor/lib/test/auto/PublisherSubscriber12.xml
3 ms. Memory: 526336K Free: 345345K (66%)
----------------- Invoking toplevel() on ptolemy.moml.MoMLSimpleApplication@21c1e520
----------------- Done invoking toplevel() on ptolemy.moml.MoMLSimpleApplication@21c1e520
reloadAllAccessors: .PublisherSubscriber12

===========================================================================================
----------------- testing Wed Jun 03 14:34:11 UTC 2020 /home/travis/build/icyphy/ptII/ptolemy/actor/lib/test/auto/PublisherSubscriber13.xml
----------------- Instantiating /home/travis/build/icyphy/ptII/ptolemy/actor/lib/test/auto/PublisherSubscriber13.xml
2 ms. Memory: 526336K Free: 339697K (65%)
----------------- Invoking toplevel() on ptolemy.moml.MoMLSimpleApplication@3376d5aa
----------------- Done invoking toplevel() on ptolemy.moml.MoMLSimpleApplication@3376d5aa
reloadAllAccessors: .PublisherSubscriber13

===========================================================================================
----------------- testing Wed Jun 03 14:34:11 UTC 2020 /home/travis/build/icyphy/ptII/ptolemy/actor/lib/test/auto/PublisherSubscriber14.xml
----------------- Instantiating /home/travis/build/icyphy/ptII/ptolemy/actor/lib/test/auto/PublisherSubscriber14.xml
2 ms. Memory: 526336K Free: 331009K (63%)
----------------- Invoking toplevel() on ptolemy.moml.MoMLSimpleApplication@a5bd83b
----------------- Done invoking toplevel() on ptolemy.moml.MoMLSimpleApplication@a5bd83b
reloadAllAccessors: .PublisherSubscriber14

===========================================================================================
----------------- testing Wed Jun 03 14:34:11 UTC 2020 /home/travis/build/icyphy/ptII/ptolemy/actor/lib/test/auto/PublisherSubscriber2.xml
----------------- Instantiating /home/travis/build/icyphy/ptII/ptolemy/actor/lib/test/auto/PublisherSubscriber2.xml
3 ms. Memory: 526336K Free: 325361K (62%)
----------------- Invoking toplevel() on ptolemy.moml.MoMLSimpleApplication@6e3ec61
----------------- Done invoking toplevel() on ptolemy.moml.MoMLSimpleApplication@6e3ec61
reloadAllAccessors: .PublisherSubscriber2

===========================================================================================
----------------- testing Wed Jun 03 14:34:11 UTC 2020 /home/travis/build/icyphy/ptII/ptolemy/actor/lib/test/auto/PublisherSubscriber3.xml
----------------- Instantiating /home/travis/build/icyphy/ptII/ptolemy/actor/lib/test/auto/PublisherSubscriber3.xml
2 ms. Memory: 526336K Free: 319745K (61%)
----------------- Invoking toplevel() on ptolemy.moml.MoMLSimpleApplication@7bc0bf93
----------------- Done invoking toplevel() on ptolemy.moml.MoMLSimpleApplication@7bc0bf93
reloadAllAccessors: .PublisherSubscriber3

===========================================================================================
----------------- testing Wed Jun 03 14:34:11 UTC 2020 /home/travis/build/icyphy/ptII/ptolemy/actor/lib/test/auto/PublisherSubscriber4.xml
----------------- Instantiating /home/travis/build/icyphy/ptII/ptolemy/actor/lib/test/auto/PublisherSubscriber4.xml
1 ms. Memory: 526336K Free: 314625K (60%)
----------------- Invoking toplevel() on ptolemy.moml.MoMLSimpleApplication@1513673
----------------- Done invoking toplevel() on ptolemy.moml.MoMLSimpleApplication@1513673
reloadAllAccessors: .PublisherSubscriber4

===========================================================================================
----------------- testing Wed Jun 03 14:34:11 UTC 2020 /home/travis/build/icyphy/ptII/ptolemy/actor/lib/test/auto/PublisherSubscriber5.xml
----------------- Instantiating /home/travis/build/icyphy/ptII/ptolemy/actor/lib/test/auto/PublisherSubscriber5.xml
2 ms. Memory: 526336K Free: 307457K (58%)
----------------- Invoking toplevel() on ptolemy.moml.MoMLSimpleApplication@37372f90
----------------- Done invoking toplevel() on ptolemy.moml.MoMLSimpleApplication@37372f90
reloadAllAccessors: .PublisherSubscriber5

===========================================================================================
----------------- testing Wed Jun 03 14:34:11 UTC 2020 /home/travis/build/icyphy/ptII/ptolemy/actor/lib/test/auto/PublisherSubscriber6.xml
----------------- Instantiating /home/travis/build/icyphy/ptII/ptolemy/actor/lib/test/auto/PublisherSubscriber6.xml
4 ms. Memory: 526336K Free: 300799K (57%)
----------------- Invoking toplevel() on ptolemy.moml.MoMLSimpleApplication@52d57ae5
----------------- Done invoking toplevel() on ptolemy.moml.MoMLSimpleApplication@52d57ae5
reloadAllAccessors: .PublisherSubscriber6

===========================================================================================
----------------- testing Wed Jun 03 14:34:11 UTC 2020 /home/travis/build/icyphy/ptII/ptolemy/actor/lib/test/auto/PublisherSubscriber7.xml
----------------- Instantiating /home/travis/build/icyphy/ptII/ptolemy/actor/lib/test/auto/PublisherSubscriber7.xml
7 ms. Memory: 526336K Free: 294145K (56%)
----------------- Invoking toplevel() on ptolemy.moml.MoMLSimpleApplication@600564e4
----------------- Done invoking toplevel() on ptolemy.moml.MoMLSimpleApplication@600564e4
reloadAllAccessors: .PublisherSubscriber7

===========================================================================================
----------------- testing Wed Jun 03 14:34:11 UTC 2020 /home/travis/build/icyphy/ptII/ptolemy/actor/lib/test/auto/PublisherSubscriber8.xml
----------------- Instantiating /home/travis/build/icyphy/ptII/ptolemy/actor/lib/test/auto/PublisherSubscriber8.xml
20 ms. Memory: 526336K Free: 282367K (54%)
----------------- Invoking toplevel() on ptolemy.moml.MoMLSimpleApplication@862f2fe
----------------- Done invoking toplevel() on ptolemy.moml.MoMLSimpleApplication@862f2fe
reloadAllAccessors: .PublisherSubscriber8

===========================================================================================
----------------- testing Wed Jun 03 14:34:11 UTC 2020 /home/travis/build/icyphy/ptII/ptolemy/actor/lib/test/auto/PublisherSubscriber9.xml
----------------- Instantiating /home/travis/build/icyphy/ptII/ptolemy/actor/lib/test/auto/PublisherSubscriber9.xml
2 ms. Memory: 526336K Free: 275199K (52%)
----------------- Invoking toplevel() on ptolemy.moml.MoMLSimpleApplication@3c4d91e3
----------------- Done invoking toplevel() on ptolemy.moml.MoMLSimpleApplication@3c4d91e3
reloadAllAccessors: .PublisherSubscriber9

===========================================================================================
----------------- testing Wed Jun 03 14:34:11 UTC 2020 /home/travis/build/icyphy/ptII/ptolemy/actor/lib/test/auto/PublisherSubscriberAdjacent.xml
----------------- Instantiating /home/travis/build/icyphy/ptII/ptolemy/actor/lib/test/auto/PublisherSubscriberAdjacent.xml
2 ms. Memory: 526336K Free: 267007K (51%)
----------------- Invoking toplevel() on ptolemy.moml.MoMLSimpleApplication@60bed1af
----------------- Done invoking toplevel() on ptolemy.moml.MoMLSimpleApplication@60bed1af
reloadAllAccessors: .PublisherSubscriberAdjacent

===========================================================================================
----------------- testing Wed Jun 03 14:34:11 UTC 2020 /home/travis/build/icyphy/ptII/ptolemy/actor/lib/test/auto/PublisherSubscriberChannelVariablesAOC2.xml
----------------- Instantiating /home/travis/build/icyphy/ptII/ptolemy/actor/lib/test/auto/PublisherSubscriberChannelVariablesAOC2.xml
9 ms. Memory: 526336K Free: 251137K (48%)
----------------- Invoking toplevel() on ptolemy.moml.MoMLSimpleApplication@a8b2ad3
----------------- Done invoking toplevel() on ptolemy.moml.MoMLSimpleApplication@a8b2ad3
reloadAllAccessors: .PublisherSubscriberChannelVariablesAOC2

===========================================================================================
----------------- testing Wed Jun 03 14:34:12 UTC 2020 /home/travis/build/icyphy/ptII/ptolemy/actor/lib/test/auto/PublisherSubscriberD3.xml
----------------- Instantiating /home/travis/build/icyphy/ptII/ptolemy/actor/lib/test/auto/PublisherSubscriberD3.xml
2 ms. Memory: 526336K Free: 243969K (46%)
----------------- Invoking toplevel() on ptolemy.moml.MoMLSimpleApplication@154443c
----------------- Done invoking toplevel() on ptolemy.moml.MoMLSimpleApplication@154443c
reloadAllAccessors: .PublisherSubscriberD3

===========================================================================================
----------------- testing Wed Jun 03 14:34:12 UTC 2020 /home/travis/build/icyphy/ptII/ptolemy/actor/lib/test/auto/PublisherSubscriberD3Reverse.xml
----------------- Instantiating /home/travis/build/icyphy/ptII/ptolemy/actor/lib/test/auto/PublisherSubscriberD3Reverse.xml
1 ms. Memory: 526336K Free: 237825K (45%)
----------------- Invoking toplevel() on ptolemy.moml.MoMLSimpleApplication@7089ea76
----------------- Done invoking toplevel() on ptolemy.moml.MoMLSimpleApplication@7089ea76
reloadAllAccessors: .PublisherSubscriberD3Reverse

===========================================================================================
----------------- testing Wed Jun 03 14:34:12 UTC 2020 /home/travis/build/icyphy/ptII/ptolemy/actor/lib/test/auto/PublisherSubscriberExpression.xml
----------------- Instantiating /home/travis/build/icyphy/ptII/ptolemy/actor/lib/test/auto/PublisherSubscriberExpression.xml
4 ms. Memory: 526336K Free: 229633K (44%)
----------------- Invoking toplevel() on ptolemy.moml.MoMLSimpleApplication@999541d
----------------- Done invoking toplevel() on ptolemy.moml.MoMLSimpleApplication@999541d
reloadAllAccessors: .PublisherSubscriberExpression

===========================================================================================
----------------- testing Wed Jun 03 14:34:12 UTC 2020 /home/travis/build/icyphy/ptII/ptolemy/actor/lib/test/auto/PublisherSubscriberOpaque.xml
----------------- Instantiating /home/travis/build/icyphy/ptII/ptolemy/actor/lib/test/auto/PublisherSubscriberOpaque.xml
4 ms. Memory: 526336K Free: 221441K (42%)
----------------- Invoking toplevel() on ptolemy.moml.MoMLSimpleApplication@7682f39d
----------------- Done invoking toplevel() on ptolemy.moml.MoMLSimpleApplication@7682f39d
reloadAllAccessors: .PublisherSubscriberOpaque

===========================================================================================
----------------- testing Wed Jun 03 14:34:12 UTC 2020 /home/travis/build/icyphy/ptII/ptolemy/actor/lib/test/auto/PublisherSubscriberOpaqueD3.xml
----------------- Instantiating /home/travis/build/icyphy/ptII/ptolemy/actor/lib/test/auto/PublisherSubscriberOpaqueD3.xml
6 ms. Memory: 526336K Free: 209663K (40%)
----------------- Invoking toplevel() on ptolemy.moml.MoMLSimpleApplication@60a3d88b
----------------- Done invoking toplevel() on ptolemy.moml.MoMLSimpleApplication@60a3d88b
reloadAllAccessors: .PublisherSubscriberOpaqueD3

===========================================================================================
----------------- testing Wed Jun 03 14:34:12 UTC 2020 /home/travis/build/icyphy/ptII/ptolemy/actor/lib/test/auto/PublisherSubscriberOpaqueD3Reverse.xml
----------------- Instantiating /home/travis/build/icyphy/ptII/ptolemy/actor/lib/test/auto/PublisherSubscriberOpaqueD3Reverse.xml
7 ms. Memory: 526336K Free: 198913K (38%)
----------------- Invoking toplevel() on ptolemy.moml.MoMLSimpleApplication@349409e0
----------------- Done invoking toplevel() on ptolemy.moml.MoMLSimpleApplication@349409e0
reloadAllAccessors: .PublisherSubscriberOpaqueD3Reverse

===========================================================================================
----------------- testing Wed Jun 03 14:34:12 UTC 2020 /home/travis/build/icyphy/ptII/ptolemy/actor/lib/test/auto/PublisherSubscriberOpaqueWidthInference.xml
----------------- Instantiating /home/travis/build/icyphy/ptII/ptolemy/actor/lib/test/auto/PublisherSubscriberOpaqueWidthInference.xml
3 ms. Memory: 526336K Free: 190721K (36%)
----------------- Invoking toplevel() on ptolemy.moml.MoMLSimpleApplication@77427501
----------------- Done invoking toplevel() on ptolemy.moml.MoMLSimpleApplication@77427501
reloadAllAccessors: .PublisherSubscriberOpaqueWidthInference

===========================================================================================
----------------- testing Wed Jun 03 14:34:12 UTC 2020 /home/travis/build/icyphy/ptII/ptolemy/actor/lib/test/auto/PublisherTestSubscriber.xml
----------------- Instantiating /home/travis/build/icyphy/ptII/ptolemy/actor/lib/test/auto/PublisherTestSubscriber.xml
3 ms. Memory: 526336K Free: 183033K (35%)
----------------- Invoking toplevel() on ptolemy.moml.MoMLSimpleApplication@63a45416
----------------- Done invoking toplevel() on ptolemy.moml.MoMLSimpleApplication@63a45416
reloadAllAccessors: .PublisherTestSubscriber

===========================================================================================
----------------- testing Wed Jun 03 14:34:12 UTC 2020 /home/travis/build/icyphy/ptII/ptolemy/actor/lib/test/auto/PublisherToplevelSubscriberPortAOC.xml
----------------- Instantiating /home/travis/build/icyphy/ptII/ptolemy/actor/lib/test/auto/PublisherToplevelSubscriberPortAOC.xml
2 ms. Memory: 526336K Free: 175841K (33%)
----------------- Invoking toplevel() on ptolemy.moml.MoMLSimpleApplication@34a66284
----------------- Done invoking toplevel() on ptolemy.moml.MoMLSimpleApplication@34a66284
reloadAllAccessors: .PublisherToplevelSubscriberPortAOC

===========================================================================================
----------------- testing Wed Jun 03 14:34:12 UTC 2020 /home/travis/build/icyphy/ptII/ptolemy/actor/lib/test/auto/PulseFiringLimitDE.xml
----------------- Instantiating /home/travis/build/icyphy/ptII/ptolemy/actor/lib/test/auto/PulseFiringLimitDE.xml
2 ms. Memory: 526336K Free: 473343K (90%)
----------------- Invoking toplevel() on ptolemy.moml.MoMLSimpleApplication@5a087fca
----------------- Done invoking toplevel() on ptolemy.moml.MoMLSimpleApplication@5a087fca
reloadAllAccessors: .PulseFiringLimitDE

===========================================================================================
----------------- testing Wed Jun 03 14:34:12 UTC 2020 /home/travis/build/icyphy/ptII/ptolemy/actor/lib/test/auto/Ramp1.xml
----------------- Instantiating /home/travis/build/icyphy/ptII/ptolemy/actor/lib/test/auto/Ramp1.xml
1 ms. Memory: 526336K Free: 468737K (89%)
----------------- Invoking toplevel() on ptolemy.moml.MoMLSimpleApplication@622f69d2
----------------- Done invoking toplevel() on ptolemy.moml.MoMLSimpleApplication@622f69d2
reloadAllAccessors: .Ramp1

===========================================================================================
----------------- testing Wed Jun 03 14:34:12 UTC 2020 /home/travis/build/icyphy/ptII/ptolemy/actor/lib/test/auto/RampFiringLimitDE.xml
----------------- Instantiating /home/travis/build/icyphy/ptII/ptolemy/actor/lib/test/auto/RampFiringLimitDE.xml
2 ms. Memory: 526336K Free: 462593K (88%)
----------------- Invoking toplevel() on ptolemy.moml.MoMLSimpleApplication@3da62d0e
----------------- Done invoking toplevel() on ptolemy.moml.MoMLSimpleApplication@3da62d0e
reloadAllAccessors: .RampFiringLimitDE

===========================================================================================
----------------- testing Wed Jun 03 14:34:12 UTC 2020 /home/travis/build/icyphy/ptII/ptolemy/actor/lib/test/auto/RampFiringLimitSDF.xml
----------------- Instantiating /home/travis/build/icyphy/ptII/ptolemy/actor/lib/test/auto/RampFiringLimitSDF.xml
2 ms. Memory: 526336K Free: 457473K (87%)
----------------- Invoking toplevel() on ptolemy.moml.MoMLSimpleApplication@65eed9be
----------------- Done invoking toplevel() on ptolemy.moml.MoMLSimpleApplication@65eed9be
reloadAllAccessors: .RampFiringLimitSDF

===========================================================================================
----------------- testing Wed Jun 03 14:34:12 UTC 2020 /home/travis/build/icyphy/ptII/ptolemy/actor/lib/test/auto/RandomInteger.xml
----------------- Instantiating /home/travis/build/icyphy/ptII/ptolemy/actor/lib/test/auto/RandomInteger.xml
1 ms. Memory: 526336K Free: 453377K (86%)
----------------- Invoking toplevel() on ptolemy.moml.MoMLSimpleApplication@240ca331
----------------- Done invoking toplevel() on ptolemy.moml.MoMLSimpleApplication@240ca331
reloadAllAccessors: .RandomInteger

===========================================================================================
----------------- testing Wed Jun 03 14:34:12 UTC 2020 /home/travis/build/icyphy/ptII/ptolemy/actor/lib/test/auto/ReadFile1.xml
----------------- Instantiating /home/travis/build/icyphy/ptII/ptolemy/actor/lib/test/auto/ReadFile1.xml
1 ms. Memory: 526336K Free: 448257K (85%)
----------------- Invoking toplevel() on ptolemy.moml.MoMLSimpleApplication@61dd0a82
----------------- Done invoking toplevel() on ptolemy.moml.MoMLSimpleApplication@61dd0a82
reloadAllAccessors: .ReadFile1

===========================================================================================
----------------- testing Wed Jun 03 14:34:12 UTC 2020 /home/travis/build/icyphy/ptII/ptolemy/actor/lib/test/auto/ReadFile2.xml
----------------- Instantiating /home/travis/build/icyphy/ptII/ptolemy/actor/lib/test/auto/ReadFile2.xml
1 ms. Memory: 526336K Free: 444161K (84%)
----------------- Invoking toplevel() on ptolemy.moml.MoMLSimpleApplication@5e4c1aea
----------------- Done invoking toplevel() on ptolemy.moml.MoMLSimpleApplication@5e4c1aea
reloadAllAccessors: .ReadFile2

===========================================================================================
----------------- testing Wed Jun 03 14:34:12 UTC 2020 /home/travis/build/icyphy/ptII/ptolemy/actor/lib/test/auto/Reader.xml
----------------- Instantiating /home/travis/build/icyphy/ptII/ptolemy/actor/lib/test/auto/Reader.xml
actor.lib.Reader is obsolete, use actor.lib.io.ExpressionReader instead
4 ms. Memory: 526336K Free: 440065K (84%)
----------------- Invoking toplevel() on ptolemy.moml.MoMLSimpleApplication@55e09908
----------------- Done invoking toplevel() on ptolemy.moml.MoMLSimpleApplication@55e09908
reloadAllAccessors: .Reader

===========================================================================================
----------------- testing Wed Jun 03 14:34:12 UTC 2020 /home/travis/build/icyphy/ptII/ptolemy/actor/lib/test/auto/RecordAssemblerDisplayNameTest.xml
----------------- Instantiating /home/travis/build/icyphy/ptII/ptolemy/actor/lib/test/auto/RecordAssemblerDisplayNameTest.xml
3231 ms. Memory: 526336K Free: 444161K (84%)
----------------- Invoking toplevel() on ptolemy.moml.MoMLSimpleApplication@550de32b
----------------- Done invoking toplevel() on ptolemy.moml.MoMLSimpleApplication@550de32b
reloadAllAccessors: .RecordAssemblerDisplayNameTest

===========================================================================================
----------------- testing Wed Jun 03 14:34:15 UTC 2020 /home/travis/build/icyphy/ptII/ptolemy/actor/lib/test/auto/RecordAssemblerTypeError.xml
----------------- Instantiating /home/travis/build/icyphy/ptII/ptolemy/actor/lib/test/auto/RecordAssemblerTypeError.xml
13 ms. Memory: 526336K Free: 434945K (83%)
----------------- Invoking toplevel() on ptolemy.moml.MoMLSimpleApplication@2d780b55
----------------- Done invoking toplevel() on ptolemy.moml.MoMLSimpleApplication@2d780b55
reloadAllAccessors: .RecordAssemblerTypeError

===========================================================================================
----------------- testing Wed Jun 03 14:34:15 UTC 2020 /home/travis/build/icyphy/ptII/ptolemy/actor/lib/test/auto/RecordDisassember.xml
----------------- Instantiating /home/travis/build/icyphy/ptII/ptolemy/actor/lib/test/auto/RecordDisassember.xml
3 ms. Memory: 526336K Free: 430321K (82%)
----------------- Invoking toplevel() on ptolemy.moml.MoMLSimpleApplication@58730985
----------------- Done invoking toplevel() on ptolemy.moml.MoMLSimpleApplication@58730985
reloadAllAccessors: .RecordDisassember

===========================================================================================
----------------- testing Wed Jun 03 14:34:15 UTC 2020 /home/travis/build/icyphy/ptII/ptolemy/actor/lib/test/auto/RecordDisassemberDisplayNameTest.xml
----------------- Instantiating /home/travis/build/icyphy/ptII/ptolemy/actor/lib/test/auto/RecordDisassemberDisplayNameTest.xml
6 ms. Memory: 526336K Free: 422657K (80%)
----------------- Invoking toplevel() on ptolemy.moml.MoMLSimpleApplication@7044f42
----------------- Done invoking toplevel() on ptolemy.moml.MoMLSimpleApplication@7044f42
reloadAllAccessors: .RecordDisassemberDisplayNameTest

===========================================================================================
----------------- testing Wed Jun 03 14:34:15 UTC 2020 /home/travis/build/icyphy/ptII/ptolemy/actor/lib/test/auto/RecordDisassembler.xml
----------------- Instantiating /home/travis/build/icyphy/ptII/ptolemy/actor/lib/test/auto/RecordDisassembler.xml
4 ms. Memory: 526336K Free: 417537K (79%)
----------------- Invoking toplevel() on ptolemy.moml.MoMLSimpleApplication@20d4bef8
----------------- Done invoking toplevel() on ptolemy.moml.MoMLSimpleApplication@20d4bef8
reloadAllAccessors: .RecordDisassembler

===========================================================================================
----------------- testing Wed Jun 03 14:34:15 UTC 2020 /home/travis/build/icyphy/ptII/ptolemy/actor/lib/test/auto/RecordDisassembler2.xml
----------------- Instantiating /home/travis/build/icyphy/ptII/ptolemy/actor/lib/test/auto/RecordDisassembler2.xml
3 ms. Memory: 526336K Free: 412417K (78%)
----------------- Invoking toplevel() on ptolemy.moml.MoMLSimpleApplication@7fd8a2d5
----------------- Done invoking toplevel() on ptolemy.moml.MoMLSimpleApplication@7fd8a2d5
reloadAllAccessors: .RecordDisassembler2

===========================================================================================
----------------- testing Wed Jun 03 14:34:15 UTC 2020 /home/travis/build/icyphy/ptII/ptolemy/actor/lib/test/auto/RecordUpdater.xml
----------------- Instantiating /home/travis/build/icyphy/ptII/ptolemy/actor/lib/test/auto/RecordUpdater.xml
1 ms. Memory: 526336K Free: 406783K (77%)
----------------- Invoking toplevel() on ptolemy.moml.MoMLSimpleApplication@193d1c23
----------------- Done invoking toplevel() on ptolemy.moml.MoMLSimpleApplication@193d1c23
reloadAllAccessors: .RecordUpdater

===========================================================================================
----------------- testing Wed Jun 03 14:34:15 UTC 2020 /home/travis/build/icyphy/ptII/ptolemy/actor/lib/test/auto/RecordUpdater2.xml
----------------- Instantiating /home/travis/build/icyphy/ptII/ptolemy/actor/lib/test/auto/RecordUpdater2.xml
1 ms. Memory: 526336K Free: 402177K (76%)
----------------- Invoking toplevel() on ptolemy.moml.MoMLSimpleApplication@712a6d87
----------------- Done invoking toplevel() on ptolemy.moml.MoMLSimpleApplication@712a6d87
reloadAllAccessors: .RecordUpdater2

===========================================================================================
----------------- testing Wed Jun 03 14:34:15 UTC 2020 /home/travis/build/icyphy/ptII/ptolemy/actor/lib/test/auto/RecursiveLattice.xml
----------------- Instantiating /home/travis/build/icyphy/ptII/ptolemy/actor/lib/test/auto/RecursiveLattice.xml
1 ms. Memory: 526336K Free: 398081K (76%)
----------------- Invoking toplevel() on ptolemy.moml.MoMLSimpleApplication@565959db
----------------- Done invoking toplevel() on ptolemy.moml.MoMLSimpleApplication@565959db
reloadAllAccessors: .RecursiveLattice

===========================================================================================
----------------- testing Wed Jun 03 14:34:15 UTC 2020 /home/travis/build/icyphy/ptII/ptolemy/actor/lib/test/auto/Router.xml
----------------- Instantiating /home/travis/build/icyphy/ptII/ptolemy/actor/lib/test/auto/Router.xml
3004 ms. Memory: 526336K Free: 387841K (74%)
----------------- Invoking toplevel() on ptolemy.moml.MoMLSimpleApplication@74755c2a
----------------- Done invoking toplevel() on ptolemy.moml.MoMLSimpleApplication@74755c2a
reloadAllAccessors: .Router

===========================================================================================
----------------- testing Wed Jun 03 14:34:18 UTC 2020 /home/travis/build/icyphy/ptII/ptolemy/actor/lib/test/auto/Router2.xml
----------------- Instantiating /home/travis/build/icyphy/ptII/ptolemy/actor/lib/test/auto/Router2.xml
3003 ms. Memory: 526336K Free: 378111K (72%)
----------------- Invoking toplevel() on ptolemy.moml.MoMLSimpleApplication@10b62bc1
----------------- Done invoking toplevel() on ptolemy.moml.MoMLSimpleApplication@10b62bc1
reloadAllAccessors: .Router2

===========================================================================================
----------------- testing Wed Jun 03 14:34:21 UTC 2020 /home/travis/build/icyphy/ptII/ptolemy/actor/lib/test/auto/RunningMaximum.xml
----------------- Instantiating /home/travis/build/icyphy/ptII/ptolemy/actor/lib/test/auto/RunningMaximum.xml
2 ms. Memory: 526336K Free: 373505K (71%)
----------------- Invoking toplevel() on ptolemy.moml.MoMLSimpleApplication@7530104a
----------------- Done invoking toplevel() on ptolemy.moml.MoMLSimpleApplication@7530104a
reloadAllAccessors: .RunningMaximum

===========================================================================================
----------------- testing Wed Jun 03 14:34:21 UTC 2020 /home/travis/build/icyphy/ptII/ptolemy/actor/lib/test/auto/RunningMinimum.xml
----------------- Instantiating /home/travis/build/icyphy/ptII/ptolemy/actor/lib/test/auto/RunningMinimum.xml
8 ms. Memory: 526336K Free: 368895K (70%)
----------------- Invoking toplevel() on ptolemy.moml.MoMLSimpleApplication@1560862a
----------------- Done invoking toplevel() on ptolemy.moml.MoMLSimpleApplication@1560862a
reloadAllAccessors: .RunningMinimum

===========================================================================================
----------------- testing Wed Jun 03 14:34:21 UTC 2020 /home/travis/build/icyphy/ptII/ptolemy/actor/lib/test/auto/Scale.xml
----------------- Instantiating /home/travis/build/icyphy/ptII/ptolemy/actor/lib/test/auto/Scale.xml
2 ms. Memory: 526336K Free: 364289K (69%)
----------------- Invoking toplevel() on ptolemy.moml.MoMLSimpleApplication@2db95010
----------------- Done invoking toplevel() on ptolemy.moml.MoMLSimpleApplication@2db95010
reloadAllAccessors: .Scale

===========================================================================================
----------------- testing Wed Jun 03 14:34:21 UTC 2020 /home/travis/build/icyphy/ptII/ptolemy/actor/lib/test/auto/Scale2.xml
----------------- Instantiating /home/travis/build/icyphy/ptII/ptolemy/actor/lib/test/auto/Scale2.xml
2 ms. Memory: 526336K Free: 359679K (68%)
----------------- Invoking toplevel() on ptolemy.moml.MoMLSimpleApplication@60898448
----------------- Done invoking toplevel() on ptolemy.moml.MoMLSimpleApplication@60898448
reloadAllAccessors: .Scale2

===========================================================================================
----------------- testing Wed Jun 03 14:34:21 UTC 2020 /home/travis/build/icyphy/ptII/ptolemy/actor/lib/test/auto/Scale3.xml
----------------- Instantiating /home/travis/build/icyphy/ptII/ptolemy/actor/lib/test/auto/Scale3.xml
7 ms. Memory: 526336K Free: 353535K (67%)
----------------- Invoking toplevel() on ptolemy.moml.MoMLSimpleApplication@237dc851
----------------- Done invoking toplevel() on ptolemy.moml.MoMLSimpleApplication@237dc851
reloadAllAccessors: .Scale3

===========================================================================================
----------------- testing Wed Jun 03 14:34:21 UTC 2020 /home/travis/build/icyphy/ptII/ptolemy/actor/lib/test/auto/ScaleArray.xml
----------------- Instantiating /home/travis/build/icyphy/ptII/ptolemy/actor/lib/test/auto/ScaleArray.xml
2 ms. Memory: 526336K Free: 348929K (66%)
----------------- Invoking toplevel() on ptolemy.moml.MoMLSimpleApplication@7cdae4fa
----------------- Done invoking toplevel() on ptolemy.moml.MoMLSimpleApplication@7cdae4fa
reloadAllAccessors: .ScaleArray

===========================================================================================
----------------- testing Wed Jun 03 14:34:21 UTC 2020 /home/travis/build/icyphy/ptII/ptolemy/actor/lib/test/auto/ScaleArray2.xml
----------------- Instantiating /home/travis/build/icyphy/ptII/ptolemy/actor/lib/test/auto/ScaleArray2.xml
2 ms. Memory: 526336K Free: 343809K (65%)
----------------- Invoking toplevel() on ptolemy.moml.MoMLSimpleApplication@fc8ffec
----------------- Done invoking toplevel() on ptolemy.moml.MoMLSimpleApplication@fc8ffec
reloadAllAccessors: .ScaleArray2

===========================================================================================
----------------- testing Wed Jun 03 14:34:21 UTC 2020 /home/travis/build/icyphy/ptII/ptolemy/actor/lib/test/auto/ScaleMatrix.xml
----------------- Instantiating /home/travis/build/icyphy/ptII/ptolemy/actor/lib/test/auto/ScaleMatrix.xml
141 ms. Memory: 526336K Free: 328449K (62%)
----------------- Invoking toplevel() on ptolemy.moml.MoMLSimpleApplication@4b515831
----------------- Done invoking toplevel() on ptolemy.moml.MoMLSimpleApplication@4b515831
reloadAllAccessors: .ScaleMatrix

===========================================================================================
----------------- testing Wed Jun 03 14:34:22 UTC 2020 /home/travis/build/icyphy/ptII/ptolemy/actor/lib/test/auto/Select.xml
----------------- Instantiating /home/travis/build/icyphy/ptII/ptolemy/actor/lib/test/auto/Select.xml
3 ms. Memory: 526336K Free: 322305K (61%)
----------------- Invoking toplevel() on ptolemy.moml.MoMLSimpleApplication@15574bff
----------------- Done invoking toplevel() on ptolemy.moml.MoMLSimpleApplication@15574bff
reloadAllAccessors: .Select

===========================================================================================
----------------- testing Wed Jun 03 14:34:22 UTC 2020 /home/travis/build/icyphy/ptII/ptolemy/actor/lib/test/auto/Select2.xml
----------------- Instantiating /home/travis/build/icyphy/ptII/ptolemy/actor/lib/test/auto/Select2.xml
1 ms. Memory: 526336K Free: 317695K (60%)
----------------- Invoking toplevel() on ptolemy.moml.MoMLSimpleApplication@51ad284c
----------------- Done invoking toplevel() on ptolemy.moml.MoMLSimpleApplication@51ad284c
reloadAllAccessors: .Select2

===========================================================================================
----------------- testing Wed Jun 03 14:34:22 UTC 2020 /home/travis/build/icyphy/ptII/ptolemy/actor/lib/test/auto/SequenceToArray2.xml
----------------- Instantiating /home/travis/build/icyphy/ptII/ptolemy/actor/lib/test/auto/SequenceToArray2.xml
107 ms. Memory: 526336K Free: 293633K (56%)
----------------- Invoking toplevel() on ptolemy.moml.MoMLSimpleApplication@3e9dc5c6
----------------- Done invoking toplevel() on ptolemy.moml.MoMLSimpleApplication@3e9dc5c6
reloadAllAccessors: .SequenceToArray2

===========================================================================================
----------------- testing Wed Jun 03 14:34:22 UTC 2020 /home/travis/build/icyphy/ptII/ptolemy/actor/lib/test/auto/SequentialClock.xml
----------------- Instantiating /home/travis/build/icyphy/ptII/ptolemy/actor/lib/test/auto/SequentialClock.xml
1 ms. Memory: 526336K Free: 289537K (55%)
----------------- Invoking toplevel() on ptolemy.moml.MoMLSimpleApplication@45a38c0d
----------------- Done invoking toplevel() on ptolemy.moml.MoMLSimpleApplication@45a38c0d
reloadAllAccessors: .SequentialClock

===========================================================================================
----------------- testing Wed Jun 03 14:34:22 UTC 2020 /home/travis/build/icyphy/ptII/ptolemy/actor/lib/test/auto/SetVariable.xml
----------------- Instantiating /home/travis/build/icyphy/ptII/ptolemy/actor/lib/test/auto/SetVariable.xml
3 ms. Memory: 526336K Free: 284927K (54%)
----------------- Invoking toplevel() on ptolemy.moml.MoMLSimpleApplication@58d143d6
----------------- Done invoking toplevel() on ptolemy.moml.MoMLSimpleApplication@58d143d6
reloadAllAccessors: .SetVariable

===========================================================================================
----------------- testing Wed Jun 03 14:34:22 UTC 2020 /home/travis/build/icyphy/ptII/ptolemy/actor/lib/test/auto/SetVariable2.xml
----------------- Instantiating /home/travis/build/icyphy/ptII/ptolemy/actor/lib/test/auto/SetVariable2.xml
3 ms. Memory: 526336K Free: 279807K (53%)
----------------- Invoking toplevel() on ptolemy.moml.MoMLSimpleApplication@791b3aaf
----------------- Done invoking toplevel() on ptolemy.moml.MoMLSimpleApplication@791b3aaf
reloadAllAccessors: .SetVariable2

===========================================================================================
----------------- testing Wed Jun 03 14:34:22 UTC 2020 /home/travis/build/icyphy/ptII/ptolemy/actor/lib/test/auto/SetVariable3.xml
----------------- Instantiating /home/travis/build/icyphy/ptII/ptolemy/actor/lib/test/auto/SetVariable3.xml
7 ms. Memory: 526336K Free: 274177K (52%)
----------------- Invoking toplevel() on ptolemy.moml.MoMLSimpleApplication@353c480d
----------------- Done invoking toplevel() on ptolemy.moml.MoMLSimpleApplication@353c480d
reloadAllAccessors: .SetVariable3

===========================================================================================
----------------- testing Wed Jun 03 14:34:22 UTC 2020 /home/travis/build/icyphy/ptII/ptolemy/actor/lib/test/auto/SetVariable4.xml
----------------- Instantiating /home/travis/build/icyphy/ptII/ptolemy/actor/lib/test/auto/SetVariable4.xml
19 ms. Memory: 526336K Free: 264959K (50%)
----------------- Invoking toplevel() on ptolemy.moml.MoMLSimpleApplication@3398ec26
----------------- Done invoking toplevel() on ptolemy.moml.MoMLSimpleApplication@3398ec26
reloadAllAccessors: .SetVariable4

===========================================================================================
----------------- testing Wed Jun 03 14:34:22 UTC 2020 /home/travis/build/icyphy/ptII/ptolemy/actor/lib/test/auto/SetVariable5.xml
----------------- Instantiating /home/travis/build/icyphy/ptII/ptolemy/actor/lib/test/auto/SetVariable5.xml
18 ms. Memory: 526336K Free: 255745K (49%)
----------------- Invoking toplevel() on ptolemy.moml.MoMLSimpleApplication@22fbac65
----------------- Done invoking toplevel() on ptolemy.moml.MoMLSimpleApplication@22fbac65
reloadAllAccessors: .SetVariable5

===========================================================================================
----------------- testing Wed Jun 03 14:34:22 UTC 2020 /home/travis/build/icyphy/ptII/ptolemy/actor/lib/test/auto/Sinewave.xml
----------------- Instantiating /home/travis/build/icyphy/ptII/ptolemy/actor/lib/test/auto/Sinewave.xml
4 ms. Memory: 526336K Free: 245505K (47%)
----------------- Invoking toplevel() on ptolemy.moml.MoMLSimpleApplication@3e1066be
----------------- Done invoking toplevel() on ptolemy.moml.MoMLSimpleApplication@3e1066be
reloadAllAccessors: .Sinewave

===========================================================================================
----------------- testing Wed Jun 03 14:34:22 UTC 2020 /home/travis/build/icyphy/ptII/ptolemy/actor/lib/test/auto/Sinewave2.xml
----------------- Instantiating /home/travis/build/icyphy/ptII/ptolemy/actor/lib/test/auto/Sinewave2.xml
6 ms. Memory: 526336K Free: 237313K (45%)
----------------- Invoking toplevel() on ptolemy.moml.MoMLSimpleApplication@29805c1b
----------------- Done invoking toplevel() on ptolemy.moml.MoMLSimpleApplication@29805c1b
reloadAllAccessors: .Sinewave2

===========================================================================================
----------------- testing Wed Jun 03 14:34:22 UTC 2020 /home/travis/build/icyphy/ptII/ptolemy/actor/lib/test/auto/Sinewave3.xml
----------------- Instantiating /home/travis/build/icyphy/ptII/ptolemy/actor/lib/test/auto/Sinewave3.xml
10 ms. Memory: 526336K Free: 228607K (43%)
----------------- Invoking toplevel() on ptolemy.moml.MoMLSimpleApplication@73735c04
----------------- Done invoking toplevel() on ptolemy.moml.MoMLSimpleApplication@73735c04
reloadAllAccessors: .Sinewave3

===========================================================================================
----------------- testing Wed Jun 03 14:34:22 UTC 2020 /home/travis/build/icyphy/ptII/ptolemy/actor/lib/test/auto/SingleEvent.xml
----------------- Instantiating /home/travis/build/icyphy/ptII/ptolemy/actor/lib/test/auto/SingleEvent.xml
1 ms. Memory: 526336K Free: 224511K (43%)
----------------- Invoking toplevel() on ptolemy.moml.MoMLSimpleApplication@44bc28ff
----------------- Done invoking toplevel() on ptolemy.moml.MoMLSimpleApplication@44bc28ff
reloadAllAccessors: .SingleEvent

===========================================================================================
----------------- testing Wed Jun 03 14:34:22 UTC 2020 /home/travis/build/icyphy/ptII/ptolemy/actor/lib/test/auto/Sleep.xml
----------------- Instantiating /home/travis/build/icyphy/ptII/ptolemy/actor/lib/test/auto/Sleep.xml
6004 ms. Memory: 526336K Free: 218353K (41%)
----------------- Invoking toplevel() on ptolemy.moml.MoMLSimpleApplication@197e3ed7
----------------- Done invoking toplevel() on ptolemy.moml.MoMLSimpleApplication@197e3ed7
reloadAllAccessors: .Sleep

===========================================================================================
----------------- testing Wed Jun 03 14:34:28 UTC 2020 /home/travis/build/icyphy/ptII/ptolemy/actor/lib/test/auto/SleepMultipleFire.xml
----------------- Instantiating /home/travis/build/icyphy/ptII/ptolemy/actor/lib/test/auto/SleepMultipleFire.xml
1006 ms. Memory: 526336K Free: 212737K (40%)
----------------- Invoking toplevel() on ptolemy.moml.MoMLSimpleApplication@aba2f32
----------------- Done invoking toplevel() on ptolemy.moml.MoMLSimpleApplication@aba2f32
reloadAllAccessors: .SleepMultipleFire

===========================================================================================
----------------- testing Wed Jun 03 14:34:29 UTC 2020 /home/travis/build/icyphy/ptII/ptolemy/actor/lib/test/auto/StopDE.xml
----------------- Instantiating /home/travis/build/icyphy/ptII/ptolemy/actor/lib/test/auto/StopDE.xml
5 ms. Memory: 526336K Free: 207103K (39%)
----------------- Invoking toplevel() on ptolemy.moml.MoMLSimpleApplication@2ec66db9
----------------- Done invoking toplevel() on ptolemy.moml.MoMLSimpleApplication@2ec66db9
reloadAllAccessors: .StopDE

===========================================================================================
----------------- testing Wed Jun 03 14:34:29 UTC 2020 /home/travis/build/icyphy/ptII/ptolemy/actor/lib/test/auto/StopSDF.xml
----------------- Instantiating /home/travis/build/icyphy/ptII/ptolemy/actor/lib/test/auto/StopSDF.xml
4 ms. Memory: 526336K Free: 201983K (38%)
----------------- Invoking toplevel() on ptolemy.moml.MoMLSimpleApplication@20384f05
----------------- Done invoking toplevel() on ptolemy.moml.MoMLSimpleApplication@20384f05
reloadAllAccessors: .StopSDF

===========================================================================================
----------------- testing Wed Jun 03 14:34:29 UTC 2020 /home/travis/build/icyphy/ptII/ptolemy/actor/lib/test/auto/StringConstant.xml
----------------- Instantiating /home/travis/build/icyphy/ptII/ptolemy/actor/lib/test/auto/StringConstant.xml
9 ms. Memory: 526336K Free: 197887K (38%)
----------------- Invoking toplevel() on ptolemy.moml.MoMLSimpleApplication@5f6ca423
----------------- Done invoking toplevel() on ptolemy.moml.MoMLSimpleApplication@5f6ca423
reloadAllAccessors: .StringConstant

===========================================================================================
----------------- testing Wed Jun 03 14:34:29 UTC 2020 /home/travis/build/icyphy/ptII/ptolemy/actor/lib/test/auto/SubscriberPortInitialValues1.xml
----------------- Instantiating /home/travis/build/icyphy/ptII/ptolemy/actor/lib/test/auto/SubscriberPortInitialValues1.xml
13 ms. Memory: 526336K Free: 189185K (36%)
----------------- Invoking toplevel() on ptolemy.moml.MoMLSimpleApplication@4763d8e5
----------------- Done invoking toplevel() on ptolemy.moml.MoMLSimpleApplication@4763d8e5
reloadAllAccessors: .SubscriberPortInitialValues1

===========================================================================================
----------------- testing Wed Jun 03 14:34:29 UTC 2020 /home/travis/build/icyphy/ptII/ptolemy/actor/lib/test/auto/SubscriberPortInitialValues13.xml
----------------- Instantiating /home/travis/build/icyphy/ptII/ptolemy/actor/lib/test/auto/SubscriberPortInitialValues13.xml
6 ms. Memory: 526336K Free: 175873K (33%)
----------------- Invoking toplevel() on ptolemy.moml.MoMLSimpleApplication@44f23ae0
----------------- Done invoking toplevel() on ptolemy.moml.MoMLSimpleApplication@44f23ae0
reloadAllAccessors: .SubscriberPortInitialValues13

===========================================================================================
----------------- testing Wed Jun 03 14:34:29 UTC 2020 /home/travis/build/icyphy/ptII/ptolemy/actor/lib/test/auto/SubscriberPortInitialValues14.xml
----------------- Instantiating /home/travis/build/icyphy/ptII/ptolemy/actor/lib/test/auto/SubscriberPortInitialValues14.xml
4 ms. Memory: 526336K Free: 470783K (89%)
----------------- Invoking toplevel() on ptolemy.moml.MoMLSimpleApplication@5e0118e
----------------- Done invoking toplevel() on ptolemy.moml.MoMLSimpleApplication@5e0118e
reloadAllAccessors: .SubscriberPortInitialValues14

===========================================================================================
----------------- testing Wed Jun 03 14:34:29 UTC 2020 /home/travis/build/icyphy/ptII/ptolemy/actor/lib/test/auto/SubscriberPortInitialValues2.xml
----------------- Instantiating /home/travis/build/icyphy/ptII/ptolemy/actor/lib/test/auto/SubscriberPortInitialValues2.xml
4 ms. Memory: 526336K Free: 462591K (88%)
----------------- Invoking toplevel() on ptolemy.moml.MoMLSimpleApplication@69767349
----------------- Done invoking toplevel() on ptolemy.moml.MoMLSimpleApplication@69767349
reloadAllAccessors: .SubscriberPortInitialValues2

===========================================================================================
----------------- testing Wed Jun 03 14:34:29 UTC 2020 /home/travis/build/icyphy/ptII/ptolemy/actor/lib/test/auto/SubscriberPortInitialValues3.xml
----------------- Instantiating /home/travis/build/icyphy/ptII/ptolemy/actor/lib/test/auto/SubscriberPortInitialValues3.xml
4 ms. Memory: 526336K Free: 451841K (86%)
----------------- Invoking toplevel() on ptolemy.moml.MoMLSimpleApplication@16ae905a
----------------- Done invoking toplevel() on ptolemy.moml.MoMLSimpleApplication@16ae905a
reloadAllAccessors: .SubscriberPortInitialValues3

===========================================================================================
----------------- testing Wed Jun 03 14:34:29 UTC 2020 /home/travis/build/icyphy/ptII/ptolemy/actor/lib/test/auto/SubscriptionAggregator.xml
----------------- Instantiating /home/travis/build/icyphy/ptII/ptolemy/actor/lib/test/auto/SubscriptionAggregator.xml
4 ms. Memory: 526336K Free: 445177K (85%)
----------------- Invoking toplevel() on ptolemy.moml.MoMLSimpleApplication@472adcd6
----------------- Done invoking toplevel() on ptolemy.moml.MoMLSimpleApplication@472adcd6
reloadAllAccessors: .SubscriptionAggregator

===========================================================================================
----------------- testing Wed Jun 03 14:34:29 UTC 2020 /home/travis/build/icyphy/ptII/ptolemy/actor/lib/test/auto/SubscriptionAggregator2.xml
----------------- Instantiating /home/travis/build/icyphy/ptII/ptolemy/actor/lib/test/auto/SubscriptionAggregator2.xml
2 ms. Memory: 526336K Free: 438529K (83%)
----------------- Invoking toplevel() on ptolemy.moml.MoMLSimpleApplication@3d2bb482
----------------- Done invoking toplevel() on ptolemy.moml.MoMLSimpleApplication@3d2bb482
reloadAllAccessors: .SubscriptionAggregator2

===========================================================================================
----------------- testing Wed Jun 03 14:34:29 UTC 2020 /home/travis/build/icyphy/ptII/ptolemy/actor/lib/test/auto/SubscriptionAggregator3.xml
----------------- Instantiating /home/travis/build/icyphy/ptII/ptolemy/actor/lib/test/auto/SubscriptionAggregator3.xml
4 ms. Memory: 526336K Free: 429817K (82%)
----------------- Invoking toplevel() on ptolemy.moml.MoMLSimpleApplication@ffd7bcf
----------------- Done invoking toplevel() on ptolemy.moml.MoMLSimpleApplication@ffd7bcf
reloadAllAccessors: .SubscriptionAggregator3

===========================================================================================
----------------- testing Wed Jun 03 14:34:29 UTC 2020 /home/travis/build/icyphy/ptII/ptolemy/actor/lib/test/auto/SubscriptionAggregatorMultiply.xml
----------------- Instantiating /home/travis/build/icyphy/ptII/ptolemy/actor/lib/test/auto/SubscriptionAggregatorMultiply.xml
11 ms. Memory: 526336K Free: 421121K (80%)
----------------- Invoking toplevel() on ptolemy.moml.MoMLSimpleApplication@4c858930
----------------- Done invoking toplevel() on ptolemy.moml.MoMLSimpleApplication@4c858930
reloadAllAccessors: .SubscriptionAggregatorMultiply

===========================================================================================
----------------- testing Wed Jun 03 14:34:29 UTC 2020 /home/travis/build/icyphy/ptII/ptolemy/actor/lib/test/auto/SubscriptionAggregatorPortMultiply1.xml
----------------- Instantiating /home/travis/build/icyphy/ptII/ptolemy/actor/lib/test/auto/SubscriptionAggregatorPortMultiply1.xml
4 ms. Memory: 526336K Free: 413439K (79%)
----------------- Invoking toplevel() on ptolemy.moml.MoMLSimpleApplication@9941023
----------------- Done invoking toplevel() on ptolemy.moml.MoMLSimpleApplication@9941023
reloadAllAccessors: .SubscriptionAggregatorPortMultiply1

===========================================================================================
----------------- testing Wed Jun 03 14:34:29 UTC 2020 /home/travis/build/icyphy/ptII/ptolemy/actor/lib/test/auto/Switch.xml
----------------- Instantiating /home/travis/build/icyphy/ptII/ptolemy/actor/lib/test/auto/Switch.xml
10 ms. Memory: 526336K Free: 405247K (77%)
----------------- Invoking toplevel() on ptolemy.moml.MoMLSimpleApplication@4ded6fd0
----------------- Done invoking toplevel() on ptolemy.moml.MoMLSimpleApplication@4ded6fd0
reloadAllAccessors: .Switch

===========================================================================================
----------------- testing Wed Jun 03 14:34:29 UTC 2020 /home/travis/build/icyphy/ptII/ptolemy/actor/lib/test/auto/Switch2.xml
----------------- Instantiating /home/travis/build/icyphy/ptII/ptolemy/actor/lib/test/auto/Switch2.xml
1 ms. Memory: 526336K Free: 400641K (76%)
----------------- Invoking toplevel() on ptolemy.moml.MoMLSimpleApplication@271e6230
----------------- Done invoking toplevel() on ptolemy.moml.MoMLSimpleApplication@271e6230
reloadAllAccessors: .Switch2

===========================================================================================
----------------- testing Wed Jun 03 14:34:29 UTC 2020 /home/travis/build/icyphy/ptII/ptolemy/actor/lib/test/auto/SwitchDE.xml
----------------- Instantiating /home/travis/build/icyphy/ptII/ptolemy/actor/lib/test/auto/SwitchDE.xml
2 ms. Memory: 526336K Free: 394497K (75%)
----------------- Invoking toplevel() on ptolemy.moml.MoMLSimpleApplication@72709176
----------------- Done invoking toplevel() on ptolemy.moml.MoMLSimpleApplication@72709176
reloadAllAccessors: .SwitchDE

===========================================================================================
----------------- testing Wed Jun 03 14:34:29 UTC 2020 /home/travis/build/icyphy/ptII/ptolemy/actor/lib/test/auto/SynchronizerDE.xml
----------------- Instantiating /home/travis/build/icyphy/ptII/ptolemy/actor/lib/test/auto/SynchronizerDE.xml
8 ms. Memory: 526336K Free: 385777K (73%)
----------------- Invoking toplevel() on ptolemy.moml.MoMLSimpleApplication@6b9518fc
----------------- Done invoking toplevel() on ptolemy.moml.MoMLSimpleApplication@6b9518fc
reloadAllAccessors: .SynchronizerDE

===========================================================================================
----------------- testing Wed Jun 03 14:34:29 UTC 2020 /home/travis/build/icyphy/ptII/ptolemy/actor/lib/test/auto/Test.xml
----------------- Instantiating /home/travis/build/icyphy/ptII/ptolemy/actor/lib/test/auto/Test.xml
2 ms. Memory: 526336K Free: 380665K (72%)
----------------- Invoking toplevel() on ptolemy.moml.MoMLSimpleApplication@2c98e73f
----------------- Done invoking toplevel() on ptolemy.moml.MoMLSimpleApplication@2c98e73f
reloadAllAccessors: .Test

===========================================================================================
----------------- testing Wed Jun 03 14:34:29 UTC 2020 /home/travis/build/icyphy/ptII/ptolemy/actor/lib/test/auto/TestExceptionAttribute1.xml
----------------- Instantiating /home/travis/build/icyphy/ptII/ptolemy/actor/lib/test/auto/TestExceptionAttribute1.xml
2 ms. Memory: 526336K Free: 377089K (72%)
----------------- Invoking toplevel() on ptolemy.moml.MoMLSimpleApplication@6c3313ed
----------------- Done invoking toplevel() on ptolemy.moml.MoMLSimpleApplication@6c3313ed
reloadAllAccessors: .TestExceptionAttribute1

===========================================================================================
----------------- testing Wed Jun 03 14:34:29 UTC 2020 /home/travis/build/icyphy/ptII/ptolemy/actor/lib/test/auto/TestExceptionAttribute2.xml
----------------- Instantiating /home/travis/build/icyphy/ptII/ptolemy/actor/lib/test/auto/TestExceptionAttribute2.xml
2 ms. Memory: 526336K Free: 373503K (71%)
----------------- Invoking toplevel() on ptolemy.moml.MoMLSimpleApplication@3cc94686
----------------- Done invoking toplevel() on ptolemy.moml.MoMLSimpleApplication@3cc94686
reloadAllAccessors: .TestExceptionAttribute2

===========================================================================================
----------------- testing Wed Jun 03 14:34:29 UTC 2020 /home/travis/build/icyphy/ptII/ptolemy/actor/lib/test/auto/TestExceptionAttribute3.xml
----------------- Instantiating /home/travis/build/icyphy/ptII/ptolemy/actor/lib/test/auto/TestExceptionAttribute3.xml
.TestExceptionAttribute3.TestExceptionAttribute: initialize() was not invoked, but wrapup() was.  This is unusual, but not always a problem.  For example, exporting JNLP will do this.
1 ms. Memory: 526336K Free: 369921K (70%)
----------------- Invoking toplevel() on ptolemy.moml.MoMLSimpleApplication@1678faee
----------------- Done invoking toplevel() on ptolemy.moml.MoMLSimpleApplication@1678faee
reloadAllAccessors: .TestExceptionAttribute3

===========================================================================================
----------------- testing Wed Jun 03 14:34:29 UTC 2020 /home/travis/build/icyphy/ptII/ptolemy/actor/lib/test/auto/TestExceptionAttribute4.xml
----------------- Instantiating /home/travis/build/icyphy/ptII/ptolemy/actor/lib/test/auto/TestExceptionAttribute4.xml
.TestExceptionAttribute4.TestExceptionAttribute: initialize() was not invoked, but wrapup() was.  This is unusual, but not always a problem.  For example, exporting JNLP will do this.
.TestExceptionAttribute4.TestExceptionAttribute2: initialize() was not invoked, but wrapup() was.  This is unusual, but not always a problem.  For example, exporting JNLP will do this.
1 ms. Memory: 526336K Free: 365311K (69%)
----------------- Invoking toplevel() on ptolemy.moml.MoMLSimpleApplication@69d49cff
----------------- Done invoking toplevel() on ptolemy.moml.MoMLSimpleApplication@69d49cff
reloadAllAccessors: .TestExceptionAttribute4

===========================================================================================
----------------- testing Wed Jun 03 14:34:29 UTC 2020 /home/travis/build/icyphy/ptII/ptolemy/actor/lib/test/auto/TestExceptionHandler1.xml
----------------- Instantiating /home/travis/build/icyphy/ptII/ptolemy/actor/lib/test/auto/TestExceptionHandler1.xml
1 ms. Memory: 526336K Free: 361729K (69%)
----------------- Invoking toplevel() on ptolemy.moml.MoMLSimpleApplication@b46f5e
----------------- Done invoking toplevel() on ptolemy.moml.MoMLSimpleApplication@b46f5e
reloadAllAccessors: .TestExceptionHandler1

===========================================================================================
----------------- testing Wed Jun 03 14:34:30 UTC 2020 /home/travis/build/icyphy/ptII/ptolemy/actor/lib/test/auto/TestExceptionHandler2.xml
----------------- Instantiating /home/travis/build/icyphy/ptII/ptolemy/actor/lib/test/auto/TestExceptionHandler2.xml
2 ms. Memory: 526336K Free: 358143K (68%)
----------------- Invoking toplevel() on ptolemy.moml.MoMLSimpleApplication@3d23e6ea
----------------- Done invoking toplevel() on ptolemy.moml.MoMLSimpleApplication@3d23e6ea
reloadAllAccessors: .TestExceptionHandler2

===========================================================================================
----------------- testing Wed Jun 03 14:34:30 UTC 2020 /home/travis/build/icyphy/ptII/ptolemy/actor/lib/test/auto/TestExceptionHandler3.xml
----------------- Instantiating /home/travis/build/icyphy/ptII/ptolemy/actor/lib/test/auto/TestExceptionHandler3.xml
1 ms. Memory: 526336K Free: 354561K (67%)
----------------- Invoking toplevel() on ptolemy.moml.MoMLSimpleApplication@423f01b6
----------------- Done invoking toplevel() on ptolemy.moml.MoMLSimpleApplication@423f01b6
reloadAllAccessors: .TestExceptionHandler3

===========================================================================================
----------------- testing Wed Jun 03 14:34:30 UTC 2020 /home/travis/build/icyphy/ptII/ptolemy/actor/lib/test/auto/TestExceptionHandler4.xml
----------------- Instantiating /home/travis/build/icyphy/ptII/ptolemy/actor/lib/test/auto/TestExceptionHandler4.xml
0 ms. Memory: 526336K Free: 349951K (66%)
----------------- Invoking toplevel() on ptolemy.moml.MoMLSimpleApplication@5d7a16a9
----------------- Done invoking toplevel() on ptolemy.moml.MoMLSimpleApplication@5d7a16a9
reloadAllAccessors: .TestExceptionHandler4

===========================================================================================
----------------- testing Wed Jun 03 14:34:30 UTC 2020 /home/travis/build/icyphy/ptII/ptolemy/actor/lib/test/auto/TestRequireCorrectOrder.xml
----------------- Instantiating /home/travis/build/icyphy/ptII/ptolemy/actor/lib/test/auto/TestRequireCorrectOrder.xml
11 ms. Memory: 526336K Free: 344825K (66%)
----------------- Invoking toplevel() on ptolemy.moml.MoMLSimpleApplication@2e182522
----------------- Done invoking toplevel() on ptolemy.moml.MoMLSimpleApplication@2e182522
reloadAllAccessors: .TestRequireCorrectOrder

===========================================================================================
----------------- testing Wed Jun 03 14:34:30 UTC 2020 /home/travis/build/icyphy/ptII/ptolemy/actor/lib/test/auto/TestSimple.xml
----------------- Instantiating /home/travis/build/icyphy/ptII/ptolemy/actor/lib/test/auto/TestSimple.xml
2 ms. Memory: 526336K Free: 340225K (65%)
----------------- Invoking toplevel() on ptolemy.moml.MoMLSimpleApplication@35fffe40
----------------- Done invoking toplevel() on ptolemy.moml.MoMLSimpleApplication@35fffe40
reloadAllAccessors: .TestSimple

===========================================================================================
----------------- testing Wed Jun 03 14:34:30 UTC 2020 /home/travis/build/icyphy/ptII/ptolemy/actor/lib/test/auto/ThrowModelError.xml
----------------- Instantiating /home/travis/build/icyphy/ptII/ptolemy/actor/lib/test/auto/ThrowModelError.xml
1 ms. Memory: 526336K Free: 335615K (64%)
----------------- Invoking toplevel() on ptolemy.moml.MoMLSimpleApplication@1f6b22d2
----------------- Done invoking toplevel() on ptolemy.moml.MoMLSimpleApplication@1f6b22d2
reloadAllAccessors: .ThrowModelError

===========================================================================================
----------------- testing Wed Jun 03 14:34:30 UTC 2020 /home/travis/build/icyphy/ptII/ptolemy/actor/lib/test/auto/TimeDelayMicrosteps.xml
----------------- Instantiating /home/travis/build/icyphy/ptII/ptolemy/actor/lib/test/auto/TimeDelayMicrosteps.xml
3 ms. Memory: 526336K Free: 328433K (62%)
----------------- Invoking toplevel() on ptolemy.moml.MoMLSimpleApplication@3473caa0
----------------- Done invoking toplevel() on ptolemy.moml.MoMLSimpleApplication@3473caa0
reloadAllAccessors: .TimeDelayMicrosteps

===========================================================================================
----------------- testing Wed Jun 03 14:34:30 UTC 2020 /home/travis/build/icyphy/ptII/ptolemy/actor/lib/test/auto/TimeDelayMicrosteps2.xml
----------------- Instantiating /home/travis/build/icyphy/ptII/ptolemy/actor/lib/test/auto/TimeDelayMicrosteps2.xml
3 ms. Memory: 526336K Free: 321265K (61%)
----------------- Invoking toplevel() on ptolemy.moml.MoMLSimpleApplication@1e803a0c
----------------- Done invoking toplevel() on ptolemy.moml.MoMLSimpleApplication@1e803a0c
reloadAllAccessors: .TimeDelayMicrosteps2

===========================================================================================
----------------- testing Wed Jun 03 14:34:30 UTC 2020 /home/travis/build/icyphy/ptII/ptolemy/actor/lib/test/auto/TimeDelayMicrosteps3.xml
----------------- Instantiating /home/travis/build/icyphy/ptII/ptolemy/actor/lib/test/auto/TimeDelayMicrosteps3.xml
3 ms. Memory: 526336K Free: 314625K (60%)
----------------- Invoking toplevel() on ptolemy.moml.MoMLSimpleApplication@478fb752
----------------- Done invoking toplevel() on ptolemy.moml.MoMLSimpleApplication@478fb752
reloadAllAccessors: .TimeDelayMicrosteps3

===========================================================================================
----------------- testing Wed Jun 03 14:34:30 UTC 2020 /home/travis/build/icyphy/ptII/ptolemy/actor/lib/test/auto/TimeDelayVariableMicrosteps.xml
----------------- Instantiating /home/travis/build/icyphy/ptII/ptolemy/actor/lib/test/auto/TimeDelayVariableMicrosteps.xml
4 ms. Memory: 526336K Free: 307964K (59%)
----------------- Invoking toplevel() on ptolemy.moml.MoMLSimpleApplication@13310831
----------------- Done invoking toplevel() on ptolemy.moml.MoMLSimpleApplication@13310831
reloadAllAccessors: .TimeDelayVariableMicrosteps

===========================================================================================
----------------- testing Wed Jun 03 14:34:30 UTC 2020 /home/travis/build/icyphy/ptII/ptolemy/actor/lib/test/auto/TimeGap.xml
----------------- Instantiating /home/travis/build/icyphy/ptII/ptolemy/actor/lib/test/auto/TimeGap.xml
4 ms. Memory: 526336K Free: 302337K (57%)
----------------- Invoking toplevel() on ptolemy.moml.MoMLSimpleApplication@6b3f3f03
----------------- Done invoking toplevel() on ptolemy.moml.MoMLSimpleApplication@6b3f3f03
reloadAllAccessors: .TimeGap

===========================================================================================
----------------- testing Wed Jun 03 14:34:30 UTC 2020 /home/travis/build/icyphy/ptII/ptolemy/actor/lib/test/auto/TimeGap2.xml
----------------- Instantiating /home/travis/build/icyphy/ptII/ptolemy/actor/lib/test/auto/TimeGap2.xml
2 ms. Memory: 526336K Free: 296689K (56%)
----------------- Invoking toplevel() on ptolemy.moml.MoMLSimpleApplication@f734918
----------------- Done invoking toplevel() on ptolemy.moml.MoMLSimpleApplication@f734918
reloadAllAccessors: .TimeGap2

===========================================================================================
----------------- testing Wed Jun 03 14:34:30 UTC 2020 /home/travis/build/icyphy/ptII/ptolemy/actor/lib/test/auto/TimedSinewave.xml
----------------- Instantiating /home/travis/build/icyphy/ptII/ptolemy/actor/lib/test/auto/TimedSinewave.xml
20 ms. Memory: 526336K Free: 282881K (54%)
----------------- Invoking toplevel() on ptolemy.moml.MoMLSimpleApplication@697a5e8d
----------------- Done invoking toplevel() on ptolemy.moml.MoMLSimpleApplication@697a5e8d
reloadAllAccessors: .TimedSinewave

===========================================================================================
----------------- testing Wed Jun 03 14:34:30 UTC 2020 /home/travis/build/icyphy/ptII/ptolemy/actor/lib/test/auto/TimedSinewavePhase.xml
----------------- Instantiating /home/travis/build/icyphy/ptII/ptolemy/actor/lib/test/auto/TimedSinewavePhase.xml
13 ms. Memory: 526336K Free: 273151K (52%)
----------------- Invoking toplevel() on ptolemy.moml.MoMLSimpleApplication@5e7e4c4c
----------------- Done invoking toplevel() on ptolemy.moml.MoMLSimpleApplication@5e7e4c4c
reloadAllAccessors: .TimedSinewavePhase

===========================================================================================
----------------- testing Wed Jun 03 14:34:30 UTC 2020 /home/travis/build/icyphy/ptII/ptolemy/actor/lib/test/auto/Timer.xml
----------------- Instantiating /home/travis/build/icyphy/ptII/ptolemy/actor/lib/test/auto/Timer.xml
1 ms. Memory: 526336K Free: 266993K (51%)
----------------- Invoking toplevel() on ptolemy.moml.MoMLSimpleApplication@5919b0d7
----------------- Done invoking toplevel() on ptolemy.moml.MoMLSimpleApplication@5919b0d7
reloadAllAccessors: .Timer

===========================================================================================
----------------- testing Wed Jun 03 14:34:30 UTC 2020 /home/travis/build/icyphy/ptII/ptolemy/actor/lib/test/auto/TriangularDistTestModel.xml
----------------- Instantiating /home/travis/build/icyphy/ptII/ptolemy/actor/lib/test/auto/TriangularDistTestModel.xml
3 ms. Memory: 526336K Free: 261377K (50%)
----------------- Invoking toplevel() on ptolemy.moml.MoMLSimpleApplication@5e3c435b
----------------- Done invoking toplevel() on ptolemy.moml.MoMLSimpleApplication@5e3c435b
reloadAllAccessors: .TriangularDistTestModel

===========================================================================================
----------------- testing Wed Jun 03 14:34:30 UTC 2020 /home/travis/build/icyphy/ptII/ptolemy/actor/lib/test/auto/TrigFunction.xml
----------------- Instantiating /home/travis/build/icyphy/ptII/ptolemy/actor/lib/test/auto/TrigFunction.xml
1 ms. Memory: 526336K Free: 256767K (49%)
----------------- Invoking toplevel() on ptolemy.moml.MoMLSimpleApplication@797be832
----------------- Done invoking toplevel() on ptolemy.moml.MoMLSimpleApplication@797be832
reloadAllAccessors: .TrigFunction

===========================================================================================
----------------- testing Wed Jun 03 14:34:30 UTC 2020 /home/travis/build/icyphy/ptII/ptolemy/actor/lib/test/auto/TrigFunctionDE.xml
----------------- Instantiating /home/travis/build/icyphy/ptII/ptolemy/actor/lib/test/auto/TrigFunctionDE.xml
1 ms. Memory: 526336K Free: 251137K (48%)
----------------- Invoking toplevel() on ptolemy.moml.MoMLSimpleApplication@3957f94c
----------------- Done invoking toplevel() on ptolemy.moml.MoMLSimpleApplication@3957f94c
reloadAllAccessors: .TrigFunctionDE

===========================================================================================
----------------- testing Wed Jun 03 14:34:30 UTC 2020 /home/travis/build/icyphy/ptII/ptolemy/actor/lib/test/auto/TrigFunctionInverse.xml
----------------- Instantiating /home/travis/build/icyphy/ptII/ptolemy/actor/lib/test/auto/TrigFunctionInverse.xml
2 ms. Memory: 526336K Free: 245503K (47%)
----------------- Invoking toplevel() on ptolemy.moml.MoMLSimpleApplication@114eb1ce
----------------- Done invoking toplevel() on ptolemy.moml.MoMLSimpleApplication@114eb1ce
reloadAllAccessors: .TrigFunctionInverse

===========================================================================================
----------------- testing Wed Jun 03 14:34:30 UTC 2020 /home/travis/build/icyphy/ptII/ptolemy/actor/lib/test/auto/TrigFunctionTan.xml
----------------- Instantiating /home/travis/build/icyphy/ptII/ptolemy/actor/lib/test/auto/TrigFunctionTan.xml
1 ms. Memory: 526336K Free: 241407K (46%)
----------------- Invoking toplevel() on ptolemy.moml.MoMLSimpleApplication@47b07949
----------------- Done invoking toplevel() on ptolemy.moml.MoMLSimpleApplication@47b07949
reloadAllAccessors: .TrigFunctionTan

===========================================================================================
----------------- testing Wed Jun 03 14:34:30 UTC 2020 /home/travis/build/icyphy/ptII/ptolemy/actor/lib/test/auto/TriggeredClock.xml
----------------- Instantiating /home/travis/build/icyphy/ptII/ptolemy/actor/lib/test/auto/TriggeredClock.xml
2 ms. Memory: 526336K Free: 236273K (45%)
----------------- Invoking toplevel() on ptolemy.moml.MoMLSimpleApplication@4c2dd829
----------------- Done invoking toplevel() on ptolemy.moml.MoMLSimpleApplication@4c2dd829
reloadAllAccessors: .TriggeredClock

===========================================================================================
----------------- testing Wed Jun 03 14:34:30 UTC 2020 /home/travis/build/icyphy/ptII/ptolemy/actor/lib/test/auto/URLDirectoryReader.xml
----------------- Instantiating /home/travis/build/icyphy/ptII/ptolemy/actor/lib/test/auto/URLDirectoryReader.xml
39 ms. Memory: 526336K Free: 226561K (43%)
----------------- Invoking toplevel() on ptolemy.moml.MoMLSimpleApplication@12ed6db0
----------------- Done invoking toplevel() on ptolemy.moml.MoMLSimpleApplication@12ed6db0
reloadAllAccessors: .URLDirectoryReader

===========================================================================================
----------------- testing Wed Jun 03 14:34:30 UTC 2020 /home/travis/build/icyphy/ptII/ptolemy/actor/lib/test/auto/URLDirectoryReader3.xml
----------------- Instantiating /home/travis/build/icyphy/ptII/ptolemy/actor/lib/test/auto/URLDirectoryReader3.xml
1136 ms. Memory: 526336K Free: 467284K (89%)
----------------- Invoking toplevel() on ptolemy.moml.MoMLSimpleApplication@4ddac20f
----------------- Done invoking toplevel() on ptolemy.moml.MoMLSimpleApplication@4ddac20f
reloadAllAccessors: .URLDirectoryReader3

===========================================================================================
----------------- testing Wed Jun 03 14:34:31 UTC 2020 /home/travis/build/icyphy/ptII/ptolemy/actor/lib/test/auto/UnaryMathFunction.xml
----------------- Instantiating /home/travis/build/icyphy/ptII/ptolemy/actor/lib/test/auto/UnaryMathFunction.xml
5 ms. Memory: 526336K Free: 459479K (87%)
----------------- Invoking toplevel() on ptolemy.moml.MoMLSimpleApplication@7ee69689
----------------- Done invoking toplevel() on ptolemy.moml.MoMLSimpleApplication@7ee69689
reloadAllAccessors: .UnaryMathFunction

===========================================================================================
----------------- testing Wed Jun 03 14:34:31 UTC 2020 /home/travis/build/icyphy/ptII/ptolemy/actor/lib/test/auto/Uniform.xml
----------------- Instantiating /home/travis/build/icyphy/ptII/ptolemy/actor/lib/test/auto/Uniform.xml
2 ms. Memory: 526336K Free: 454863K (86%)
----------------- Invoking toplevel() on ptolemy.moml.MoMLSimpleApplication@64511b45
----------------- Done invoking toplevel() on ptolemy.moml.MoMLSimpleApplication@64511b45
reloadAllAccessors: .Uniform

===========================================================================================
----------------- testing Wed Jun 03 14:34:31 UTC 2020 /home/travis/build/icyphy/ptII/ptolemy/actor/lib/test/auto/UnionDisassemblerTest.xml
----------------- Instantiating /home/travis/build/icyphy/ptII/ptolemy/actor/lib/test/auto/UnionDisassemblerTest.xml
16 ms. Memory: 526336K Free: 450759K (86%)
----------------- Invoking toplevel() on ptolemy.moml.MoMLSimpleApplication@5855aa6c
----------------- Done invoking toplevel() on ptolemy.moml.MoMLSimpleApplication@5855aa6c
reloadAllAccessors: .UnionDisassemblerTest

===========================================================================================
----------------- testing Wed Jun 03 14:34:31 UTC 2020 /home/travis/build/icyphy/ptII/ptolemy/actor/lib/test/auto/UtilityFunctions.xml
----------------- Instantiating /home/travis/build/icyphy/ptII/ptolemy/actor/lib/test/auto/UtilityFunctions.xml
1 ms. Memory: 526336K Free: 446677K (85%)
----------------- Invoking toplevel() on ptolemy.moml.MoMLSimpleApplication@4a83da20
----------------- Done invoking toplevel() on ptolemy.moml.MoMLSimpleApplication@4a83da20
reloadAllAccessors: .UtilityFunctions

===========================================================================================
----------------- testing Wed Jun 03 14:34:32 UTC 2020 /home/travis/build/icyphy/ptII/ptolemy/actor/lib/test/auto/VariableSleep.xml
----------------- Instantiating /home/travis/build/icyphy/ptII/ptolemy/actor/lib/test/auto/VariableSleep.xml
503 ms. Memory: 526336K Free: 441557K (84%)
----------------- Invoking toplevel() on ptolemy.moml.MoMLSimpleApplication@6bdb0fa4
----------------- Done invoking toplevel() on ptolemy.moml.MoMLSimpleApplication@6bdb0fa4
reloadAllAccessors: .VariableSleep

===========================================================================================
----------------- testing Wed Jun 03 14:34:32 UTC 2020 /home/travis/build/icyphy/ptII/ptolemy/actor/lib/test/auto/VectorAssemblerDisassemblerCT.xml
----------------- Instantiating /home/travis/build/icyphy/ptII/ptolemy/actor/lib/test/auto/VectorAssemblerDisassemblerCT.xml
68 ms. Memory: 526336K Free: 420567K (80%)
----------------- Invoking toplevel() on ptolemy.moml.MoMLSimpleApplication@68fdd95e
----------------- Done invoking toplevel() on ptolemy.moml.MoMLSimpleApplication@68fdd95e
reloadAllAccessors: .VectorAssemblerDisassemblerCT

===========================================================================================
----------------- testing Wed Jun 03 14:34:32 UTC 2020 /home/travis/build/icyphy/ptII/ptolemy/actor/lib/test/auto/VectorAssemblerDisassemblerDE.xml
----------------- Instantiating /home/travis/build/icyphy/ptII/ptolemy/actor/lib/test/auto/VectorAssemblerDisassemblerDE.xml
2 ms. Memory: 526336K Free: 413399K (79%)
----------------- Invoking toplevel() on ptolemy.moml.MoMLSimpleApplication@690dc905
----------------- Done invoking toplevel() on ptolemy.moml.MoMLSimpleApplication@690dc905
reloadAllAccessors: .VectorAssemblerDisassemblerDE

===========================================================================================
----------------- testing Wed Jun 03 14:34:32 UTC 2020 /home/travis/build/icyphy/ptII/ptolemy/actor/lib/test/auto/VectorAssemblerDisassemblerSDF.xml
----------------- Instantiating /home/travis/build/icyphy/ptII/ptolemy/actor/lib/test/auto/VectorAssemblerDisassemblerSDF.xml
9 ms. Memory: 526336K Free: 407255K (77%)
----------------- Invoking toplevel() on ptolemy.moml.MoMLSimpleApplication@3860f375
----------------- Done invoking toplevel() on ptolemy.moml.MoMLSimpleApplication@3860f375
reloadAllAccessors: .VectorAssemblerDisassemblerSDF

===========================================================================================
----------------- testing Wed Jun 03 14:34:32 UTC 2020 /home/travis/build/icyphy/ptII/ptolemy/actor/lib/test/auto/WallClockTime.xml
----------------- Instantiating /home/travis/build/icyphy/ptII/ptolemy/actor/lib/test/auto/WallClockTime.xml
1004 ms. Memory: 526336K Free: 401621K (76%)
----------------- Invoking toplevel() on ptolemy.moml.MoMLSimpleApplication@2148a87b
----------------- Done invoking toplevel() on ptolemy.moml.MoMLSimpleApplication@2148a87b
reloadAllAccessors: .WallClockTime

===========================================================================================
----------------- testing Wed Jun 03 14:34:33 UTC 2020 /home/travis/build/icyphy/ptII/ptolemy/actor/lib/test/auto/WidthTestWithSubscriberPublisher.xml
----------------- Instantiating /home/travis/build/icyphy/ptII/ptolemy/actor/lib/test/auto/WidthTestWithSubscriberPublisher.xml
7 ms. Memory: 526336K Free: 383703K (73%)
----------------- Invoking toplevel() on ptolemy.moml.MoMLSimpleApplication@43142e22
----------------- Done invoking toplevel() on ptolemy.moml.MoMLSimpleApplication@43142e22
reloadAllAccessors: .WidthTestWithSubscriberPublisher

===========================================================================================
----------------- testing Wed Jun 03 14:34:33 UTC 2020 /home/travis/build/icyphy/ptII/ptolemy/actor/lib/test/auto/WidthTestWithSubscriberPublisher2.xml
----------------- Instantiating /home/travis/build/icyphy/ptII/ptolemy/actor/lib/test/auto/WidthTestWithSubscriberPublisher2.xml
2 ms. Memory: 526336K Free: 377559K (72%)
----------------- Invoking toplevel() on ptolemy.moml.MoMLSimpleApplication@46384cf9
----------------- Done invoking toplevel() on ptolemy.moml.MoMLSimpleApplication@46384cf9
reloadAllAccessors: .WidthTestWithSubscriberPublisher2

===========================================================================================
----------------- testing Wed Jun 03 14:34:33 UTC 2020 /home/travis/build/icyphy/ptII/ptolemy/actor/lib/test/auto/WidthTestWithSubscriberPublisher3.xml
----------------- Instantiating /home/travis/build/icyphy/ptII/ptolemy/actor/lib/test/auto/WidthTestWithSubscriberPublisher3.xml
1 ms. Memory: 526336K Free: 371925K (71%)
----------------- Invoking toplevel() on ptolemy.moml.MoMLSimpleApplication@4ca54365
----------------- Done invoking toplevel() on ptolemy.moml.MoMLSimpleApplication@4ca54365
reloadAllAccessors: .WidthTestWithSubscriberPublisher3

===========================================================================================
----------------- testing Wed Jun 03 14:34:33 UTC 2020 /home/travis/build/icyphy/ptII/ptolemy/actor/lib/test/auto/Writer.xml
----------------- Instantiating /home/travis/build/icyphy/ptII/ptolemy/actor/lib/test/auto/Writer.xml
0
1
2
3
4
2 ms. Memory: 526336K Free: 366295K (70%)
----------------- Invoking toplevel() on ptolemy.moml.MoMLSimpleApplication@530802fe
----------------- Done invoking toplevel() on ptolemy.moml.MoMLSimpleApplication@530802fe
reloadAllAccessors: .Writer

===========================================================================================
----------------- testing Wed Jun 03 14:34:33 UTC 2020 /home/travis/build/icyphy/ptII/ptolemy/actor/lib/test/auto/array.xml
----------------- Instantiating /home/travis/build/icyphy/ptII/ptolemy/actor/lib/test/auto/array.xml
2 ms. Memory: 526336K Free: 361685K (69%)
----------------- Invoking toplevel() on ptolemy.moml.MoMLSimpleApplication@bf8750e
----------------- Done invoking toplevel() on ptolemy.moml.MoMLSimpleApplication@bf8750e
reloadAllAccessors: .array

===========================================================================================
----------------- testing Wed Jun 03 14:34:33 UTC 2020 /home/travis/build/icyphy/ptII/ptolemy/actor/lib/test/auto/array2.xml
----------------- Instantiating /home/travis/build/icyphy/ptII/ptolemy/actor/lib/test/auto/array2.xml
5 ms. Memory: 526336K Free: 357079K (68%)
----------------- Invoking toplevel() on ptolemy.moml.MoMLSimpleApplication@68a15040
----------------- Done invoking toplevel() on ptolemy.moml.MoMLSimpleApplication@68a15040
reloadAllAccessors: .array2

===========================================================================================
----------------- testing Wed Jun 03 14:34:33 UTC 2020 /home/travis/build/icyphy/ptII/ptolemy/actor/lib/test/auto/arrayType.xml
----------------- Instantiating /home/travis/build/icyphy/ptII/ptolemy/actor/lib/test/auto/arrayType.xml
1 ms. Memory: 526336K Free: 351445K (67%)
----------------- Invoking toplevel() on ptolemy.moml.MoMLSimpleApplication@5b0c0b8f
----------------- Done invoking toplevel() on ptolemy.moml.MoMLSimpleApplication@5b0c0b8f
reloadAllAccessors: .arrayType

===========================================================================================
----------------- testing Wed Jun 03 14:34:33 UTC 2020 /home/travis/build/icyphy/ptII/ptolemy/actor/lib/test/auto/arrayType10.xml
----------------- Instantiating /home/travis/build/icyphy/ptII/ptolemy/actor/lib/test/auto/arrayType10.xml
1 ms. Memory: 526336K Free: 346839K (66%)
----------------- Invoking toplevel() on ptolemy.moml.MoMLSimpleApplication@731e5f31
----------------- Done invoking toplevel() on ptolemy.moml.MoMLSimpleApplication@731e5f31
reloadAllAccessors: .arrayType10

===========================================================================================
----------------- testing Wed Jun 03 14:34:33 UTC 2020 /home/travis/build/icyphy/ptII/ptolemy/actor/lib/test/auto/arrayType11.xml
----------------- Instantiating /home/travis/build/icyphy/ptII/ptolemy/actor/lib/test/auto/arrayType11.xml
2 ms. Memory: 526336K Free: 342229K (65%)
----------------- Invoking toplevel() on ptolemy.moml.MoMLSimpleApplication@728067b7
----------------- Done invoking toplevel() on ptolemy.moml.MoMLSimpleApplication@728067b7
reloadAllAccessors: .arrayType11

===========================================================================================
----------------- testing Wed Jun 03 14:34:33 UTC 2020 /home/travis/build/icyphy/ptII/ptolemy/actor/lib/test/auto/arrayType12.xml
----------------- Instantiating /home/travis/build/icyphy/ptII/ptolemy/actor/lib/test/auto/arrayType12.xml
2 ms. Memory: 526336K Free: 337109K (64%)
----------------- Invoking toplevel() on ptolemy.moml.MoMLSimpleApplication@159e1d90
----------------- Done invoking toplevel() on ptolemy.moml.MoMLSimpleApplication@159e1d90
reloadAllAccessors: .arrayType12

===========================================================================================
----------------- testing Wed Jun 03 14:34:33 UTC 2020 /home/travis/build/icyphy/ptII/ptolemy/actor/lib/test/auto/arrayType13.xml
----------------- Instantiating /home/travis/build/icyphy/ptII/ptolemy/actor/lib/test/auto/arrayType13.xml
2 ms. Memory: 526336K Free: 331989K (63%)
----------------- Invoking toplevel() on ptolemy.moml.MoMLSimpleApplication@3f293464
----------------- Done invoking toplevel() on ptolemy.moml.MoMLSimpleApplication@3f293464
reloadAllAccessors: .arrayType13

===========================================================================================
----------------- testing Wed Jun 03 14:34:33 UTC 2020 /home/travis/build/icyphy/ptII/ptolemy/actor/lib/test/auto/arrayType14.xml
----------------- Instantiating /home/travis/build/icyphy/ptII/ptolemy/actor/lib/test/auto/arrayType14.xml
1 ms. Memory: 526336K Free: 326869K (62%)
----------------- Invoking toplevel() on ptolemy.moml.MoMLSimpleApplication@10470c04
----------------- Done invoking toplevel() on ptolemy.moml.MoMLSimpleApplication@10470c04
reloadAllAccessors: .arrayType14

===========================================================================================
----------------- testing Wed Jun 03 14:34:33 UTC 2020 /home/travis/build/icyphy/ptII/ptolemy/actor/lib/test/auto/arrayType15.xml
----------------- Instantiating /home/travis/build/icyphy/ptII/ptolemy/actor/lib/test/auto/arrayType15.xml
2 ms. Memory: 526336K Free: 321239K (61%)
----------------- Invoking toplevel() on ptolemy.moml.MoMLSimpleApplication@2dd4ba3f
----------------- Done invoking toplevel() on ptolemy.moml.MoMLSimpleApplication@2dd4ba3f
reloadAllAccessors: .arrayType15

===========================================================================================
----------------- testing Wed Jun 03 14:34:33 UTC 2020 /home/travis/build/icyphy/ptII/ptolemy/actor/lib/test/auto/arrayType16.xml
----------------- Instantiating /home/travis/build/icyphy/ptII/ptolemy/actor/lib/test/auto/arrayType16.xml
1 ms. Memory: 526336K Free: 316119K (60%)
----------------- Invoking toplevel() on ptolemy.moml.MoMLSimpleApplication@3bf51217
----------------- Done invoking toplevel() on ptolemy.moml.MoMLSimpleApplication@3bf51217
reloadAllAccessors: .arrayType16

===========================================================================================
----------------- testing Wed Jun 03 14:34:33 UTC 2020 /home/travis/build/icyphy/ptII/ptolemy/actor/lib/test/auto/arrayType17.xml
----------------- Instantiating /home/travis/build/icyphy/ptII/ptolemy/actor/lib/test/auto/arrayType17.xml
2 ms. Memory: 526336K Free: 310999K (59%)
----------------- Invoking toplevel() on ptolemy.moml.MoMLSimpleApplication@76faee0
----------------- Done invoking toplevel() on ptolemy.moml.MoMLSimpleApplication@76faee0
reloadAllAccessors: .arrayType17

===========================================================================================
----------------- testing Wed Jun 03 14:34:33 UTC 2020 /home/travis/build/icyphy/ptII/ptolemy/actor/lib/test/auto/arrayType18.xml
----------------- Instantiating /home/travis/build/icyphy/ptII/ptolemy/actor/lib/test/auto/arrayType18.xml
2 ms. Memory: 526336K Free: 305879K (58%)
----------------- Invoking toplevel() on ptolemy.moml.MoMLSimpleApplication@7cb357bc
----------------- Done invoking toplevel() on ptolemy.moml.MoMLSimpleApplication@7cb357bc
reloadAllAccessors: .arrayType18

===========================================================================================
----------------- testing Wed Jun 03 14:34:33 UTC 2020 /home/travis/build/icyphy/ptII/ptolemy/actor/lib/test/auto/arrayType19.xml
----------------- Instantiating /home/travis/build/icyphy/ptII/ptolemy/actor/lib/test/auto/arrayType19.xml
1 ms. Memory: 526336K Free: 301269K (57%)
----------------- Invoking toplevel() on ptolemy.moml.MoMLSimpleApplication@4b35e235
----------------- Done invoking toplevel() on ptolemy.moml.MoMLSimpleApplication@4b35e235
reloadAllAccessors: .arrayType19

===========================================================================================
----------------- testing Wed Jun 03 14:34:33 UTC 2020 /home/travis/build/icyphy/ptII/ptolemy/actor/lib/test/auto/arrayType2.xml
----------------- Instantiating /home/travis/build/icyphy/ptII/ptolemy/actor/lib/test/auto/arrayType2.xml
1 ms. Memory: 526336K Free: 295639K (56%)
----------------- Invoking toplevel() on ptolemy.moml.MoMLSimpleApplication@51d3b83c
----------------- Done invoking toplevel() on ptolemy.moml.MoMLSimpleApplication@51d3b83c
reloadAllAccessors: .arrayType2

===========================================================================================
----------------- testing Wed Jun 03 14:34:33 UTC 2020 /home/travis/build/icyphy/ptII/ptolemy/actor/lib/test/auto/arrayType20.xml
----------------- Instantiating /home/travis/build/icyphy/ptII/ptolemy/actor/lib/test/auto/arrayType20.xml
2 ms. Memory: 526336K Free: 291029K (55%)
----------------- Invoking toplevel() on ptolemy.moml.MoMLSimpleApplication@d5b70a
----------------- Done invoking toplevel() on ptolemy.moml.MoMLSimpleApplication@d5b70a
reloadAllAccessors: .arrayType20

===========================================================================================
----------------- testing Wed Jun 03 14:34:33 UTC 2020 /home/travis/build/icyphy/ptII/ptolemy/actor/lib/test/auto/arrayType21.xml
----------------- Instantiating /home/travis/build/icyphy/ptII/ptolemy/actor/lib/test/auto/arrayType21.xml
2 ms. Memory: 526336K Free: 286423K (54%)
----------------- Invoking toplevel() on ptolemy.moml.MoMLSimpleApplication@6876eb70
----------------- Done invoking toplevel() on ptolemy.moml.MoMLSimpleApplication@6876eb70
reloadAllAccessors: .arrayType21

===========================================================================================
----------------- testing Wed Jun 03 14:34:33 UTC 2020 /home/travis/build/icyphy/ptII/ptolemy/actor/lib/test/auto/arrayType22.xml
----------------- Instantiating /home/travis/build/icyphy/ptII/ptolemy/actor/lib/test/auto/arrayType22.xml
2 ms. Memory: 526336K Free: 281303K (53%)
----------------- Invoking toplevel() on ptolemy.moml.MoMLSimpleApplication@3f3f6137
----------------- Done invoking toplevel() on ptolemy.moml.MoMLSimpleApplication@3f3f6137
reloadAllAccessors: .arrayType22

===========================================================================================
----------------- testing Wed Jun 03 14:34:34 UTC 2020 /home/travis/build/icyphy/ptII/ptolemy/actor/lib/test/auto/arrayType23.xml
----------------- Instantiating /home/travis/build/icyphy/ptII/ptolemy/actor/lib/test/auto/arrayType23.xml
3 ms. Memory: 526336K Free: 276693K (53%)
----------------- Invoking toplevel() on ptolemy.moml.MoMLSimpleApplication@58bc986c
----------------- Done invoking toplevel() on ptolemy.moml.MoMLSimpleApplication@58bc986c
reloadAllAccessors: .arrayType23

===========================================================================================
----------------- testing Wed Jun 03 14:34:34 UTC 2020 /home/travis/build/icyphy/ptII/ptolemy/actor/lib/test/auto/arrayType24.xml
----------------- Instantiating /home/travis/build/icyphy/ptII/ptolemy/actor/lib/test/auto/arrayType24.xml
2 ms. Memory: 526336K Free: 271573K (52%)
----------------- Invoking toplevel() on ptolemy.moml.MoMLSimpleApplication@1b64f8c2
----------------- Done invoking toplevel() on ptolemy.moml.MoMLSimpleApplication@1b64f8c2
reloadAllAccessors: .arrayType24

===========================================================================================
----------------- testing Wed Jun 03 14:34:34 UTC 2020 /home/travis/build/icyphy/ptII/ptolemy/actor/lib/test/auto/arrayType25.xml
----------------- Instantiating /home/travis/build/icyphy/ptII/ptolemy/actor/lib/test/auto/arrayType25.xml
2 ms. Memory: 526336K Free: 265943K (51%)
----------------- Invoking toplevel() on ptolemy.moml.MoMLSimpleApplication@581b1c49
----------------- Done invoking toplevel() on ptolemy.moml.MoMLSimpleApplication@581b1c49
reloadAllAccessors: .arrayType25

===========================================================================================
----------------- testing Wed Jun 03 14:34:34 UTC 2020 /home/travis/build/icyphy/ptII/ptolemy/actor/lib/test/auto/arrayType26.xml
----------------- Instantiating /home/travis/build/icyphy/ptII/ptolemy/actor/lib/test/auto/arrayType26.xml
2 ms. Memory: 526336K Free: 260823K (50%)
----------------- Invoking toplevel() on ptolemy.moml.MoMLSimpleApplication@223c64bd
----------------- Done invoking toplevel() on ptolemy.moml.MoMLSimpleApplication@223c64bd
reloadAllAccessors: .arrayType26

===========================================================================================
----------------- testing Wed Jun 03 14:34:34 UTC 2020 /home/travis/build/icyphy/ptII/ptolemy/actor/lib/test/auto/arrayType27.xml
----------------- Instantiating /home/travis/build/icyphy/ptII/ptolemy/actor/lib/test/auto/arrayType27.xml
2 ms. Memory: 526336K Free: 255175K (48%)
----------------- Invoking toplevel() on ptolemy.moml.MoMLSimpleApplication@58d8ea04
----------------- Done invoking toplevel() on ptolemy.moml.MoMLSimpleApplication@58d8ea04
reloadAllAccessors: .arrayType27

===========================================================================================
----------------- testing Wed Jun 03 14:34:34 UTC 2020 /home/travis/build/icyphy/ptII/ptolemy/actor/lib/test/auto/arrayType28.xml
----------------- Instantiating /home/travis/build/icyphy/ptII/ptolemy/actor/lib/test/auto/arrayType28.xml
8 ms. Memory: 526336K Free: 250055K (48%)
----------------- Invoking toplevel() on ptolemy.moml.MoMLSimpleApplication@38582b67
----------------- Done invoking toplevel() on ptolemy.moml.MoMLSimpleApplication@38582b67
reloadAllAccessors: .arrayType28

===========================================================================================
----------------- testing Wed Jun 03 14:34:34 UTC 2020 /home/travis/build/icyphy/ptII/ptolemy/actor/lib/test/auto/arrayType3.xml
----------------- Instantiating /home/travis/build/icyphy/ptII/ptolemy/actor/lib/test/auto/arrayType3.xml
6 ms. Memory: 526336K Free: 244949K (47%)
----------------- Invoking toplevel() on ptolemy.moml.MoMLSimpleApplication@323b4b86
----------------- Done invoking toplevel() on ptolemy.moml.MoMLSimpleApplication@323b4b86
reloadAllAccessors: .arrayType3

===========================================================================================
----------------- testing Wed Jun 03 14:34:34 UTC 2020 /home/travis/build/icyphy/ptII/ptolemy/actor/lib/test/auto/arrayType4.xml
----------------- Instantiating /home/travis/build/icyphy/ptII/ptolemy/actor/lib/test/auto/arrayType4.xml
2 ms. Memory: 526336K Free: 239319K (45%)
----------------- Invoking toplevel() on ptolemy.moml.MoMLSimpleApplication@7a28c2e0
----------------- Done invoking toplevel() on ptolemy.moml.MoMLSimpleApplication@7a28c2e0
reloadAllAccessors: .arrayType4

===========================================================================================
----------------- testing Wed Jun 03 14:34:34 UTC 2020 /home/travis/build/icyphy/ptII/ptolemy/actor/lib/test/auto/arrayType5.xml
----------------- Instantiating /home/travis/build/icyphy/ptII/ptolemy/actor/lib/test/auto/arrayType5.xml
1 ms. Memory: 526336K Free: 234199K (44%)
----------------- Invoking toplevel() on ptolemy.moml.MoMLSimpleApplication@43eae03c
----------------- Done invoking toplevel() on ptolemy.moml.MoMLSimpleApplication@43eae03c
reloadAllAccessors: .arrayType5

===========================================================================================
----------------- testing Wed Jun 03 14:34:34 UTC 2020 /home/travis/build/icyphy/ptII/ptolemy/actor/lib/test/auto/arrayType6.xml
----------------- Instantiating /home/travis/build/icyphy/ptII/ptolemy/actor/lib/test/auto/arrayType6.xml
2 ms. Memory: 526336K Free: 229079K (44%)
----------------- Invoking toplevel() on ptolemy.moml.MoMLSimpleApplication@64c935d7
----------------- Done invoking toplevel() on ptolemy.moml.MoMLSimpleApplication@64c935d7
reloadAllAccessors: .arrayType6

===========================================================================================
----------------- testing Wed Jun 03 14:34:34 UTC 2020 /home/travis/build/icyphy/ptII/ptolemy/actor/lib/test/auto/arrayType7.xml
----------------- Instantiating /home/travis/build/icyphy/ptII/ptolemy/actor/lib/test/auto/arrayType7.xml
7 ms. Memory: 526336K Free: 224469K (43%)
----------------- Invoking toplevel() on ptolemy.moml.MoMLSimpleApplication@57b87405
----------------- Done invoking toplevel() on ptolemy.moml.MoMLSimpleApplication@57b87405
reloadAllAccessors: .arrayType7

===========================================================================================
----------------- testing Wed Jun 03 14:34:34 UTC 2020 /home/travis/build/icyphy/ptII/ptolemy/actor/lib/test/auto/arrayType8.xml
----------------- Instantiating /home/travis/build/icyphy/ptII/ptolemy/actor/lib/test/auto/arrayType8.xml
2 ms. Memory: 526336K Free: 219863K (42%)
----------------- Invoking toplevel() on ptolemy.moml.MoMLSimpleApplication@1e387649
----------------- Done invoking toplevel() on ptolemy.moml.MoMLSimpleApplication@1e387649
reloadAllAccessors: .arrayType8

===========================================================================================
----------------- testing Wed Jun 03 14:34:34 UTC 2020 /home/travis/build/icyphy/ptII/ptolemy/actor/lib/test/auto/arrayType9.xml
----------------- Instantiating /home/travis/build/icyphy/ptII/ptolemy/actor/lib/test/auto/arrayType9.xml
2 ms. Memory: 526336K Free: 214743K (41%)
----------------- Invoking toplevel() on ptolemy.moml.MoMLSimpleApplication@6dbfb74d
----------------- Done invoking toplevel() on ptolemy.moml.MoMLSimpleApplication@6dbfb74d
reloadAllAccessors: .arrayType9

===========================================================================================
----------------- testing Wed Jun 03 14:34:34 UTC 2020 /home/travis/build/icyphy/ptII/ptolemy/actor/lib/test/auto/cast.xml
----------------- Instantiating /home/travis/build/icyphy/ptII/ptolemy/actor/lib/test/auto/cast.xml
2 ms. Memory: 526336K Free: 210133K (40%)
----------------- Invoking toplevel() on ptolemy.moml.MoMLSimpleApplication@4eef2f3c
----------------- Done invoking toplevel() on ptolemy.moml.MoMLSimpleApplication@4eef2f3c
reloadAllAccessors: .cast

===========================================================================================
----------------- testing Wed Jun 03 14:34:34 UTC 2020 /home/travis/build/icyphy/ptII/ptolemy/actor/lib/test/auto/compositeMultiPort.xml
----------------- Instantiating /home/travis/build/icyphy/ptII/ptolemy/actor/lib/test/auto/compositeMultiPort.xml
3 ms. Memory: 526336K Free: 200903K (38%)
----------------- Invoking toplevel() on ptolemy.moml.MoMLSimpleApplication@979eb4c
----------------- Done invoking toplevel() on ptolemy.moml.MoMLSimpleApplication@979eb4c
reloadAllAccessors: .compositeMultiPort

===========================================================================================
----------------- testing Wed Jun 03 14:34:34 UTC 2020 /home/travis/build/icyphy/ptII/ptolemy/actor/lib/test/auto/expressionCastInference.xml
----------------- Instantiating /home/travis/build/icyphy/ptII/ptolemy/actor/lib/test/auto/expressionCastInference.xml
2 ms. Memory: 526336K Free: 196311K (37%)
----------------- Invoking toplevel() on ptolemy.moml.MoMLSimpleApplication@2274ad6e
----------------- Done invoking toplevel() on ptolemy.moml.MoMLSimpleApplication@2274ad6e
reloadAllAccessors: .expressionCastInference

===========================================================================================
----------------- testing Wed Jun 03 14:34:34 UTC 2020 /home/travis/build/icyphy/ptII/ptolemy/actor/lib/test/auto/expressionCastInference2.xml
----------------- Instantiating /home/travis/build/icyphy/ptII/ptolemy/actor/lib/test/auto/expressionCastInference2.xml
2 ms. Memory: 526336K Free: 191701K (36%)
----------------- Invoking toplevel() on ptolemy.moml.MoMLSimpleApplication@2d92f2ea
----------------- Done invoking toplevel() on ptolemy.moml.MoMLSimpleApplication@2d92f2ea
reloadAllAccessors: .expressionCastInference2

===========================================================================================
----------------- testing Wed Jun 03 14:34:34 UTC 2020 /home/travis/build/icyphy/ptII/ptolemy/actor/lib/test/auto/expressionInference.xml
----------------- Instantiating /home/travis/build/icyphy/ptII/ptolemy/actor/lib/test/auto/expressionInference.xml
1 ms. Memory: 526336K Free: 187095K (36%)
----------------- Invoking toplevel() on ptolemy.moml.MoMLSimpleApplication@398ca754
----------------- Done invoking toplevel() on ptolemy.moml.MoMLSimpleApplication@398ca754
reloadAllAccessors: .expressionInference

===========================================================================================
----------------- testing Wed Jun 03 14:34:34 UTC 2020 /home/travis/build/icyphy/ptII/ptolemy/actor/lib/test/auto/expression_bug.xml
----------------- Instantiating /home/travis/build/icyphy/ptII/ptolemy/actor/lib/test/auto/expression_bug.xml
1 ms. Memory: 526336K Free: 182999K (35%)
----------------- Invoking toplevel() on ptolemy.moml.MoMLSimpleApplication@5c366c30
----------------- Done invoking toplevel() on ptolemy.moml.MoMLSimpleApplication@5c366c30
reloadAllAccessors: .expression_bug

===========================================================================================
----------------- testing Wed Jun 03 14:34:34 UTC 2020 /home/travis/build/icyphy/ptII/ptolemy/actor/lib/test/auto/factorial.xml
----------------- Instantiating /home/travis/build/icyphy/ptII/ptolemy/actor/lib/test/auto/factorial.xml
24 ms. Memory: 526336K Free: 173783K (33%)
----------------- Invoking toplevel() on ptolemy.moml.MoMLSimpleApplication@6886fea5
----------------- Done invoking toplevel() on ptolemy.moml.MoMLSimpleApplication@6886fea5
reloadAllAccessors: .factorial

===========================================================================================
----------------- testing Wed Jun 03 14:34:34 UTC 2020 /home/travis/build/icyphy/ptII/ptolemy/actor/lib/test/auto/filterTest1.xml
----------------- Instantiating /home/travis/build/icyphy/ptII/ptolemy/actor/lib/test/auto/filterTest1.xml
3 ms. Memory: 526336K Free: 168135K (32%)
----------------- Invoking toplevel() on ptolemy.moml.MoMLSimpleApplication@4c4bf282
----------------- Done invoking toplevel() on ptolemy.moml.MoMLSimpleApplication@4c4bf282
reloadAllAccessors: .filterTest1

===========================================================================================
----------------- testing Wed Jun 03 14:34:34 UTC 2020 /home/travis/build/icyphy/ptII/ptolemy/actor/lib/test/auto/funcApplyInConst.xml
----------------- Instantiating /home/travis/build/icyphy/ptII/ptolemy/actor/lib/test/auto/funcApplyInConst.xml
1 ms. Memory: 526336K Free: 164567K (31%)
----------------- Invoking toplevel() on ptolemy.moml.MoMLSimpleApplication@3ecad623
----------------- Done invoking toplevel() on ptolemy.moml.MoMLSimpleApplication@3ecad623
reloadAllAccessors: .funcApplyInConst

===========================================================================================
----------------- testing Wed Jun 03 14:34:34 UTC 2020 /home/travis/build/icyphy/ptII/ptolemy/actor/lib/test/auto/funcApplyInExpr.xml
----------------- Instantiating /home/travis/build/icyphy/ptII/ptolemy/actor/lib/test/auto/funcApplyInExpr.xml
2 ms. Memory: 526336K Free: 468990K (89%)
----------------- Invoking toplevel() on ptolemy.moml.MoMLSimpleApplication@596eee63
----------------- Done invoking toplevel() on ptolemy.moml.MoMLSimpleApplication@596eee63
reloadAllAccessors: .funcApplyInExpr

===========================================================================================
----------------- testing Wed Jun 03 14:34:34 UTC 2020 /home/travis/build/icyphy/ptII/ptolemy/actor/lib/test/auto/function.xml
----------------- Instantiating /home/travis/build/icyphy/ptII/ptolemy/actor/lib/test/auto/function.xml
2 ms. Memory: 526336K Free: 463870K (88%)
----------------- Invoking toplevel() on ptolemy.moml.MoMLSimpleApplication@51eece90
----------------- Done invoking toplevel() on ptolemy.moml.MoMLSimpleApplication@51eece90
reloadAllAccessors: .function

===========================================================================================
----------------- testing Wed Jun 03 14:34:34 UTC 2020 /home/travis/build/icyphy/ptII/ptolemy/actor/lib/test/auto/function2.xml
----------------- Instantiating /home/travis/build/icyphy/ptII/ptolemy/actor/lib/test/auto/function2.xml
2 ms. Memory: 526336K Free: 459264K (87%)
----------------- Invoking toplevel() on ptolemy.moml.MoMLSimpleApplication@2d130ced
----------------- Done invoking toplevel() on ptolemy.moml.MoMLSimpleApplication@2d130ced
reloadAllAccessors: .function2

===========================================================================================
----------------- testing Wed Jun 03 14:34:34 UTC 2020 /home/travis/build/icyphy/ptII/ptolemy/actor/lib/test/auto/function3.xml
----------------- Instantiating /home/travis/build/icyphy/ptII/ptolemy/actor/lib/test/auto/function3.xml
2 ms. Memory: 526336K Free: 455168K (86%)
----------------- Invoking toplevel() on ptolemy.moml.MoMLSimpleApplication@581d3888
----------------- Done invoking toplevel() on ptolemy.moml.MoMLSimpleApplication@581d3888
reloadAllAccessors: .function3

===========================================================================================
----------------- testing Wed Jun 03 14:34:34 UTC 2020 /home/travis/build/icyphy/ptII/ptolemy/actor/lib/test/auto/functionClosureTest1.xml
----------------- Instantiating /home/travis/build/icyphy/ptII/ptolemy/actor/lib/test/auto/functionClosureTest1.xml
2 ms. Memory: 526336K Free: 449519K (85%)
----------------- Invoking toplevel() on ptolemy.moml.MoMLSimpleApplication@50e508d8
----------------- Done invoking toplevel() on ptolemy.moml.MoMLSimpleApplication@50e508d8
reloadAllAccessors: .functionClosureTest1

===========================================================================================
----------------- testing Wed Jun 03 14:34:34 UTC 2020 /home/travis/build/icyphy/ptII/ptolemy/actor/lib/test/auto/functionClosureTest2.xml
----------------- Instantiating /home/travis/build/icyphy/ptII/ptolemy/actor/lib/test/auto/functionClosureTest2.xml
1 ms. Memory: 526336K Free: 445438K (85%)
----------------- Invoking toplevel() on ptolemy.moml.MoMLSimpleApplication@6678c0ee
----------------- Done invoking toplevel() on ptolemy.moml.MoMLSimpleApplication@6678c0ee
reloadAllAccessors: .functionClosureTest2

===========================================================================================
----------------- testing Wed Jun 03 14:34:34 UTC 2020 /home/travis/build/icyphy/ptII/ptolemy/actor/lib/test/auto/functionClosureTest3.xml
----------------- Instantiating /home/travis/build/icyphy/ptII/ptolemy/actor/lib/test/auto/functionClosureTest3.xml
2 ms. Memory: 526336K Free: 440303K (84%)
----------------- Invoking toplevel() on ptolemy.moml.MoMLSimpleApplication@5e1f40f5
----------------- Done invoking toplevel() on ptolemy.moml.MoMLSimpleApplication@5e1f40f5
reloadAllAccessors: .functionClosureTest3

===========================================================================================
----------------- testing Wed Jun 03 14:34:34 UTC 2020 /home/travis/build/icyphy/ptII/ptolemy/actor/lib/test/auto/functionClosureTest4.xml
----------------- Instantiating /home/travis/build/icyphy/ptII/ptolemy/actor/lib/test/auto/functionClosureTest4.xml
4 ms. Memory: 526336K Free: 433664K (82%)
----------------- Invoking toplevel() on ptolemy.moml.MoMLSimpleApplication@5089a112
----------------- Done invoking toplevel() on ptolemy.moml.MoMLSimpleApplication@5089a112
reloadAllAccessors: .functionClosureTest4

===========================================================================================
----------------- testing Wed Jun 03 14:34:34 UTC 2020 /home/travis/build/icyphy/ptII/ptolemy/actor/lib/test/auto/functionClosureTest5.xml
----------------- Instantiating /home/travis/build/icyphy/ptII/ptolemy/actor/lib/test/auto/functionClosureTest5.xml
5 ms. Memory: 526336K Free: 428544K (81%)
----------------- Invoking toplevel() on ptolemy.moml.MoMLSimpleApplication@5ab49518
----------------- Done invoking toplevel() on ptolemy.moml.MoMLSimpleApplication@5ab49518
reloadAllAccessors: .functionClosureTest5

===========================================================================================
----------------- testing Wed Jun 03 14:34:34 UTC 2020 /home/travis/build/icyphy/ptII/ptolemy/actor/lib/test/auto/functionClosureTest6.xml
----------------- Instantiating /home/travis/build/icyphy/ptII/ptolemy/actor/lib/test/auto/functionClosureTest6.xml
2 ms. Memory: 526336K Free: 423424K (80%)
----------------- Invoking toplevel() on ptolemy.moml.MoMLSimpleApplication@10ae0228
----------------- Done invoking toplevel() on ptolemy.moml.MoMLSimpleApplication@10ae0228
reloadAllAccessors: .functionClosureTest6

===========================================================================================
----------------- testing Wed Jun 03 14:34:34 UTC 2020 /home/travis/build/icyphy/ptII/ptolemy/actor/lib/test/auto/functionsOnArcs.xml
----------------- Instantiating /home/travis/build/icyphy/ptII/ptolemy/actor/lib/test/auto/functionsOnArcs.xml
2 ms. Memory: 526336K Free: 418304K (79%)
----------------- Invoking toplevel() on ptolemy.moml.MoMLSimpleApplication@281f61c0
----------------- Done invoking toplevel() on ptolemy.moml.MoMLSimpleApplication@281f61c0
reloadAllAccessors: .functionsOnArcs

===========================================================================================
----------------- testing Wed Jun 03 14:34:34 UTC 2020 /home/travis/build/icyphy/ptII/ptolemy/actor/lib/test/auto/functionsOnArcsHOF.xml
----------------- Instantiating /home/travis/build/icyphy/ptII/ptolemy/actor/lib/test/auto/functionsOnArcsHOF.xml
6 ms. Memory: 526336K Free: 412670K (78%)
----------------- Invoking toplevel() on ptolemy.moml.MoMLSimpleApplication@35a3701d
----------------- Done invoking toplevel() on ptolemy.moml.MoMLSimpleApplication@35a3701d
reloadAllAccessors: .functionsOnArcsHOF

===========================================================================================
----------------- testing Wed Jun 03 14:34:34 UTC 2020 /home/travis/build/icyphy/ptII/ptolemy/actor/lib/test/auto/logic.xml
----------------- Instantiating /home/travis/build/icyphy/ptII/ptolemy/actor/lib/test/auto/logic.xml
2 ms. Memory: 526336K Free: 404992K (77%)
----------------- Invoking toplevel() on ptolemy.moml.MoMLSimpleApplication@5bbe8543
----------------- Done invoking toplevel() on ptolemy.moml.MoMLSimpleApplication@5bbe8543
reloadAllAccessors: .logic

===========================================================================================
----------------- testing Wed Jun 03 14:34:34 UTC 2020 /home/travis/build/icyphy/ptII/ptolemy/actor/lib/test/auto/matrixType.xml
----------------- Instantiating /home/travis/build/icyphy/ptII/ptolemy/actor/lib/test/auto/matrixType.xml
2 ms. Memory: 526336K Free: 400382K (76%)
----------------- Invoking toplevel() on ptolemy.moml.MoMLSimpleApplication@24febf77
----------------- Done invoking toplevel() on ptolemy.moml.MoMLSimpleApplication@24febf77
reloadAllAccessors: .matrixType

===========================================================================================
----------------- testing Wed Jun 03 14:34:34 UTC 2020 /home/travis/build/icyphy/ptII/ptolemy/actor/lib/test/auto/matrixType10.xml
----------------- Instantiating /home/travis/build/icyphy/ptII/ptolemy/actor/lib/test/auto/matrixType10.xml
2 ms. Memory: 526336K Free: 395262K (75%)
----------------- Invoking toplevel() on ptolemy.moml.MoMLSimpleApplication@3d7b0b88
----------------- Done invoking toplevel() on ptolemy.moml.MoMLSimpleApplication@3d7b0b88
reloadAllAccessors: .matrixType10

===========================================================================================
----------------- testing Wed Jun 03 14:34:34 UTC 2020 /home/travis/build/icyphy/ptII/ptolemy/actor/lib/test/auto/matrixType11.xml
----------------- Instantiating /home/travis/build/icyphy/ptII/ptolemy/actor/lib/test/auto/matrixType11.xml
1 ms. Memory: 526336K Free: 390656K (74%)
----------------- Invoking toplevel() on ptolemy.moml.MoMLSimpleApplication@78828953
----------------- Done invoking toplevel() on ptolemy.moml.MoMLSimpleApplication@78828953
reloadAllAccessors: .matrixType11

===========================================================================================
----------------- testing Wed Jun 03 14:34:34 UTC 2020 /home/travis/build/icyphy/ptII/ptolemy/actor/lib/test/auto/matrixType12.xml
----------------- Instantiating /home/travis/build/icyphy/ptII/ptolemy/actor/lib/test/auto/matrixType12.xml
1 ms. Memory: 526336K Free: 385536K (73%)
----------------- Invoking toplevel() on ptolemy.moml.MoMLSimpleApplication@20923a5e
----------------- Done invoking toplevel() on ptolemy.moml.MoMLSimpleApplication@20923a5e
reloadAllAccessors: .matrixType12

===========================================================================================
----------------- testing Wed Jun 03 14:34:34 UTC 2020 /home/travis/build/icyphy/ptII/ptolemy/actor/lib/test/auto/matrixType13.xml
----------------- Instantiating /home/travis/build/icyphy/ptII/ptolemy/actor/lib/test/auto/matrixType13.xml
1 ms. Memory: 526336K Free: 380926K (72%)
----------------- Invoking toplevel() on ptolemy.moml.MoMLSimpleApplication@5085a710
----------------- Done invoking toplevel() on ptolemy.moml.MoMLSimpleApplication@5085a710
reloadAllAccessors: .matrixType13

===========================================================================================
----------------- testing Wed Jun 03 14:34:34 UTC 2020 /home/travis/build/icyphy/ptII/ptolemy/actor/lib/test/auto/matrixType14.xml
----------------- Instantiating /home/travis/build/icyphy/ptII/ptolemy/actor/lib/test/auto/matrixType14.xml
1 ms. Memory: 526336K Free: 375806K (71%)
----------------- Invoking toplevel() on ptolemy.moml.MoMLSimpleApplication@7f988f80
----------------- Done invoking toplevel() on ptolemy.moml.MoMLSimpleApplication@7f988f80
reloadAllAccessors: .matrixType14

===========================================================================================
----------------- testing Wed Jun 03 14:34:34 UTC 2020 /home/travis/build/icyphy/ptII/ptolemy/actor/lib/test/auto/matrixType2.xml
----------------- Instantiating /home/travis/build/icyphy/ptII/ptolemy/actor/lib/test/auto/matrixType2.xml
2 ms. Memory: 526336K Free: 370686K (70%)
----------------- Invoking toplevel() on ptolemy.moml.MoMLSimpleApplication@11300df
----------------- Done invoking toplevel() on ptolemy.moml.MoMLSimpleApplication@11300df
reloadAllAccessors: .matrixType2

===========================================================================================
----------------- testing Wed Jun 03 14:34:34 UTC 2020 /home/travis/build/icyphy/ptII/ptolemy/actor/lib/test/auto/matrixType3.xml
----------------- Instantiating /home/travis/build/icyphy/ptII/ptolemy/actor/lib/test/auto/matrixType3.xml
4 ms. Memory: 526336K Free: 365566K (69%)
----------------- Invoking toplevel() on ptolemy.moml.MoMLSimpleApplication@719a7117
----------------- Done invoking toplevel() on ptolemy.moml.MoMLSimpleApplication@719a7117
reloadAllAccessors: .matrixType3

===========================================================================================
----------------- testing Wed Jun 03 14:34:34 UTC 2020 /home/travis/build/icyphy/ptII/ptolemy/actor/lib/test/auto/matrixType4.xml
----------------- Instantiating /home/travis/build/icyphy/ptII/ptolemy/actor/lib/test/auto/matrixType4.xml
1 ms. Memory: 526336K Free: 360960K (69%)
----------------- Invoking toplevel() on ptolemy.moml.MoMLSimpleApplication@4496c74f
----------------- Done invoking toplevel() on ptolemy.moml.MoMLSimpleApplication@4496c74f
reloadAllAccessors: .matrixType4

===========================================================================================
----------------- testing Wed Jun 03 14:34:34 UTC 2020 /home/travis/build/icyphy/ptII/ptolemy/actor/lib/test/auto/matrixType5.xml
----------------- Instantiating /home/travis/build/icyphy/ptII/ptolemy/actor/lib/test/auto/matrixType5.xml
2 ms. Memory: 526336K Free: 355840K (68%)
----------------- Invoking toplevel() on ptolemy.moml.MoMLSimpleApplication@7c84387b
----------------- Done invoking toplevel() on ptolemy.moml.MoMLSimpleApplication@7c84387b
reloadAllAccessors: .matrixType5

===========================================================================================
----------------- testing Wed Jun 03 14:34:34 UTC 2020 /home/travis/build/icyphy/ptII/ptolemy/actor/lib/test/auto/matrixType6.xml
----------------- Instantiating /home/travis/build/icyphy/ptII/ptolemy/actor/lib/test/auto/matrixType6.xml
1 ms. Memory: 526336K Free: 351230K (67%)
----------------- Invoking toplevel() on ptolemy.moml.MoMLSimpleApplication@72e78f27
----------------- Done invoking toplevel() on ptolemy.moml.MoMLSimpleApplication@72e78f27
reloadAllAccessors: .matrixType6

===========================================================================================
----------------- testing Wed Jun 03 14:34:34 UTC 2020 /home/travis/build/icyphy/ptII/ptolemy/actor/lib/test/auto/matrixType7.xml
----------------- Instantiating /home/travis/build/icyphy/ptII/ptolemy/actor/lib/test/auto/matrixType7.xml
2 ms. Memory: 526336K Free: 346110K (66%)
----------------- Invoking toplevel() on ptolemy.moml.MoMLSimpleApplication@608bf8d4
----------------- Done invoking toplevel() on ptolemy.moml.MoMLSimpleApplication@608bf8d4
reloadAllAccessors: .matrixType7

===========================================================================================
----------------- testing Wed Jun 03 14:34:34 UTC 2020 /home/travis/build/icyphy/ptII/ptolemy/actor/lib/test/auto/matrixType8.xml
----------------- Instantiating /home/travis/build/icyphy/ptII/ptolemy/actor/lib/test/auto/matrixType8.xml
2 ms. Memory: 526336K Free: 341504K (65%)
----------------- Invoking toplevel() on ptolemy.moml.MoMLSimpleApplication@24c0ebc2
----------------- Done invoking toplevel() on ptolemy.moml.MoMLSimpleApplication@24c0ebc2
reloadAllAccessors: .matrixType8

===========================================================================================
----------------- testing Wed Jun 03 14:34:34 UTC 2020 /home/travis/build/icyphy/ptII/ptolemy/actor/lib/test/auto/matrixType9.xml
----------------- Instantiating /home/travis/build/icyphy/ptII/ptolemy/actor/lib/test/auto/matrixType9.xml
2 ms. Memory: 526336K Free: 336384K (64%)
----------------- Invoking toplevel() on ptolemy.moml.MoMLSimpleApplication@3e72752d
----------------- Done invoking toplevel() on ptolemy.moml.MoMLSimpleApplication@3e72752d
reloadAllAccessors: .matrixType9

===========================================================================================
----------------- testing Wed Jun 03 14:34:34 UTC 2020 /home/travis/build/icyphy/ptII/ptolemy/actor/lib/test/auto/paraFunctest.xml
----------------- Instantiating /home/travis/build/icyphy/ptII/ptolemy/actor/lib/test/auto/paraFunctest.xml
2 ms. Memory: 526336K Free: 332798K (63%)
----------------- Invoking toplevel() on ptolemy.moml.MoMLSimpleApplication@756259b2
----------------- Done invoking toplevel() on ptolemy.moml.MoMLSimpleApplication@756259b2
reloadAllAccessors: .paraFunctest

===========================================================================================
----------------- testing Wed Jun 03 14:34:34 UTC 2020 /home/travis/build/icyphy/ptII/ptolemy/actor/lib/test/auto/paraFunctest2.xml
----------------- Instantiating /home/travis/build/icyphy/ptII/ptolemy/actor/lib/test/auto/paraFunctest2.xml
1 ms. Memory: 526336K Free: 328702K (62%)
----------------- Invoking toplevel() on ptolemy.moml.MoMLSimpleApplication@3c7081ef
----------------- Done invoking toplevel() on ptolemy.moml.MoMLSimpleApplication@3c7081ef
reloadAllAccessors: .paraFunctest2

===========================================================================================
----------------- testing Wed Jun 03 14:34:34 UTC 2020 /home/travis/build/icyphy/ptII/ptolemy/actor/lib/test/auto/parameterPassing.xml
----------------- Instantiating /home/travis/build/icyphy/ptII/ptolemy/actor/lib/test/auto/parameterPassing.xml
1 ms. Memory: 526336K Free: 324606K (62%)
----------------- Invoking toplevel() on ptolemy.moml.MoMLSimpleApplication@4d9654d3
----------------- Done invoking toplevel() on ptolemy.moml.MoMLSimpleApplication@4d9654d3
reloadAllAccessors: .parameterPassing

===========================================================================================
----------------- testing Wed Jun 03 14:34:34 UTC 2020 /home/travis/build/icyphy/ptII/ptolemy/actor/lib/test/auto/record.xml
----------------- Instantiating /home/travis/build/icyphy/ptII/ptolemy/actor/lib/test/auto/record.xml
2 ms. Memory: 526336K Free: 319486K (61%)
----------------- Invoking toplevel() on ptolemy.moml.MoMLSimpleApplication@5e064018
----------------- Done invoking toplevel() on ptolemy.moml.MoMLSimpleApplication@5e064018
reloadAllAccessors: .record

===========================================================================================
----------------- testing Wed Jun 03 14:34:34 UTC 2020 /home/travis/build/icyphy/ptII/ptolemy/actor/lib/test/auto/sizedarray1.xml
----------------- Instantiating /home/travis/build/icyphy/ptII/ptolemy/actor/lib/test/auto/sizedarray1.xml
1 ms. Memory: 526336K Free: 314366K (60%)
----------------- Invoking toplevel() on ptolemy.moml.MoMLSimpleApplication@4b78c965
----------------- Done invoking toplevel() on ptolemy.moml.MoMLSimpleApplication@4b78c965
reloadAllAccessors: .sizedarray1

===========================================================================================
----------------- testing Wed Jun 03 14:34:34 UTC 2020 /home/travis/build/icyphy/ptII/ptolemy/actor/lib/test/auto/sizedarray2.xml
----------------- Instantiating /home/travis/build/icyphy/ptII/ptolemy/actor/lib/test/auto/sizedarray2.xml
3 ms. Memory: 526336K Free: 308736K (59%)
----------------- Invoking toplevel() on ptolemy.moml.MoMLSimpleApplication@2d4684f3
----------------- Done invoking toplevel() on ptolemy.moml.MoMLSimpleApplication@2d4684f3
reloadAllAccessors: .sizedarray2

===========================================================================================
----------------- testing Wed Jun 03 14:34:34 UTC 2020 /home/travis/build/icyphy/ptII/ptolemy/actor/lib/test/auto/twoPublishers.xml
----------------- Instantiating /home/travis/build/icyphy/ptII/ptolemy/actor/lib/test/auto/twoPublishers.xml
6 ms. Memory: 526336K Free: 298496K (57%)
----------------- Invoking toplevel() on ptolemy.moml.MoMLSimpleApplication@5dd6bb3b
----------------- Done invoking toplevel() on ptolemy.moml.MoMLSimpleApplication@5dd6bb3b
reloadAllAccessors: .twoPublishers
AutoTests.java: About to close Vertx.
AutoTests.java: Vertx closed.
]]></system-out>
  <system-err><![CDATA[java.lang.RuntimeException: Execution failed
	at ptolemy.moml.MoMLSimpleApplication$UnloadThread.run(MoMLSimpleApplication.java:402)
Caused by: java.lang.RuntimeException: StringUtilities.exit() was called. Normally, we would exit here because Manager.exitAfterWrapup() was called.  However, because the ptolemy.ptII.exitAfterWrapup property is set, we throw this exception instead.
	at ptolemy.util.StringUtilities.exit(StringUtilities.java:365)
	at ptolemy.actor.Manager.wrapup(Manager.java:1549)
	at ptolemy.actor.Manager.execute(Manager.java:407)
	at ptolemy.actor.Manager.run(Manager.java:1263)
	at ptolemy.actor.Manager$PtolemyRunThread.run(Manager.java:1933)
Warning: '.top.test' is in training mode, set the trainingMode parameter to false before checking in
Warning: '.top.test' is in training mode, set the trainingMode parameter to false before checking in
Warning: '.top.test' is in training mode, set the trainingMode parameter to false before checking in
Warning: '.BooleanSwitch_RegressionTest_WrongTrainingValues.Test' is in training mode, set the trainingMode parameter to false before checking in
Warning: '.BooleanSwitch_RegressionTest_WrongTrainingValues.Test2' is in training mode, set the trainingMode parameter to false before checking in
Warning: '.BooleanSwitch_RegressionTest_WrongTrainingValues.Test2' The test produced 0 tokens.
Warning: '.top.testExceptionHandler' is in training mode, set the trainingMode parameter to false before checking in
java.lang.RuntimeException: Execution failed
	at ptolemy.moml.MoMLSimpleApplication$UnloadThread.run(MoMLSimpleApplication.java:402)
Caused by: ptolemy.kernel.util.IllegalActionException: PublisherPorts cannot be used at the top level, use a Publisher actor instead.
  in .PublisherPortToplevelSubscriber.PublisherPort
	at ptolemy.actor.PublisherPort.preinitialize(PublisherPort.java:403)
	at ptolemy.actor.CompositeActor.preinitialize(CompositeActor.java:1769)
	at ptolemy.actor.Manager.preinitializeAndResolveTypes(Manager.java:1040)
	at ptolemy.actor.Manager.initialize(Manager.java:710)
	at ptolemy.actor.Manager.execute(Manager.java:356)
	at ptolemy.actor.Manager.run(Manager.java:1263)
	at ptolemy.actor.Manager$PtolemyRunThread.run(Manager.java:1933)
java.lang.reflect.InvocationTargetException
	at java.base/jdk.internal.reflect.NativeConstructorAccessorImpl.newInstance0(Native Method)
	at java.base/jdk.internal.reflect.NativeConstructorAccessorImpl.newInstance(NativeConstructorAccessorImpl.java:62)
	at java.base/jdk.internal.reflect.DelegatingConstructorAccessorImpl.newInstance(DelegatingConstructorAccessorImpl.java:45)
	at java.base/java.lang.reflect.Constructor.newInstance(Constructor.java:490)
	at ptolemy.util.test.junit.AutoKnownFailedTests.RunModel(AutoKnownFailedTests.java:105)
	at java.base/jdk.internal.reflect.NativeMethodAccessorImpl.invoke0(Native Method)
	at java.base/jdk.internal.reflect.NativeMethodAccessorImpl.invoke(NativeMethodAccessorImpl.java:62)
	at java.base/jdk.internal.reflect.DelegatingMethodAccessorImpl.invoke(DelegatingMethodAccessorImpl.java:43)
	at java.base/java.lang.reflect.Method.invoke(Method.java:566)
	at org.junit.runners.model.FrameworkMethod$1.runReflectiveCall(FrameworkMethod.java:44)
	at org.junit.internal.runners.model.ReflectiveCallable.run(ReflectiveCallable.java:15)
	at org.junit.runners.model.FrameworkMethod.invokeExplosively(FrameworkMethod.java:41)
	at junitparams.internal.InvokeParameterisedMethod.evaluate(InvokeParameterisedMethod.java:102)
	at org.junit.internal.runners.statements.FailOnTimeout$1.run(FailOnTimeout.java:28)
Caused by: ptolemy.kernel.util.IllegalActionException: PublisherPorts cannot be used at the top level, use a Publisher actor instead.
  in .PublisherPortToplevelSubscriber.PublisherPort
	at ptolemy.actor.PublisherPort.preinitialize(PublisherPort.java:403)
	at ptolemy.actor.CompositeActor.preinitialize(CompositeActor.java:1769)
	at ptolemy.actor.Manager.preinitializeAndResolveTypes(Manager.java:1040)
	at ptolemy.actor.Manager.initialize(Manager.java:710)
	at ptolemy.actor.Manager.execute(Manager.java:356)
	at ptolemy.actor.Manager.run(Manager.java:1263)
	at ptolemy.actor.Manager$PtolemyRunThread.run(Manager.java:1933)
java.lang.RuntimeException: Execution failed
	at ptolemy.moml.MoMLSimpleApplication$UnloadThread.run(MoMLSimpleApplication.java:402)
Caused by: ptolemy.kernel.util.IllegalActionException: SubscriberPorts cannot be used at the top level, use a Subscriber actor instead.
  in .PublisherSubscriberPortToplevel.SubscriberPort
	at ptolemy.actor.SubscriberPort.preinitialize(SubscriberPort.java:328)
	at ptolemy.actor.CompositeActor.preinitialize(CompositeActor.java:1769)
	at ptolemy.actor.Manager.preinitializeAndResolveTypes(Manager.java:1040)
	at ptolemy.actor.Manager.initialize(Manager.java:710)
	at ptolemy.actor.Manager.execute(Manager.java:356)
	at ptolemy.actor.Manager.run(Manager.java:1263)
	at ptolemy.actor.Manager$PtolemyRunThread.run(Manager.java:1933)
java.lang.reflect.InvocationTargetException
	at java.base/jdk.internal.reflect.NativeConstructorAccessorImpl.newInstance0(Native Method)
	at java.base/jdk.internal.reflect.NativeConstructorAccessorImpl.newInstance(NativeConstructorAccessorImpl.java:62)
	at java.base/jdk.internal.reflect.DelegatingConstructorAccessorImpl.newInstance(DelegatingConstructorAccessorImpl.java:45)
	at java.base/java.lang.reflect.Constructor.newInstance(Constructor.java:490)
	at ptolemy.util.test.junit.AutoKnownFailedTests.RunModel(AutoKnownFailedTests.java:105)
	at java.base/jdk.internal.reflect.NativeMethodAccessorImpl.invoke0(Native Method)
	at java.base/jdk.internal.reflect.NativeMethodAccessorImpl.invoke(NativeMethodAccessorImpl.java:62)
	at java.base/jdk.internal.reflect.DelegatingMethodAccessorImpl.invoke(DelegatingMethodAccessorImpl.java:43)
	at java.base/java.lang.reflect.Method.invoke(Method.java:566)
	at org.junit.runners.model.FrameworkMethod$1.runReflectiveCall(FrameworkMethod.java:44)
	at org.junit.internal.runners.model.ReflectiveCallable.run(ReflectiveCallable.java:15)
	at org.junit.runners.model.FrameworkMethod.invokeExplosively(FrameworkMethod.java:41)
	at junitparams.internal.InvokeParameterisedMethod.evaluate(InvokeParameterisedMethod.java:102)
	at org.junit.internal.runners.statements.FailOnTimeout$1.run(FailOnTimeout.java:28)
Caused by: ptolemy.kernel.util.IllegalActionException: SubscriberPorts cannot be used at the top level, use a Subscriber actor instead.
  in .PublisherSubscriberPortToplevel.SubscriberPort
	at ptolemy.actor.SubscriberPort.preinitialize(SubscriberPort.java:328)
	at ptolemy.actor.CompositeActor.preinitialize(CompositeActor.java:1769)
	at ptolemy.actor.Manager.preinitializeAndResolveTypes(Manager.java:1040)
	at ptolemy.actor.Manager.initialize(Manager.java:710)
	at ptolemy.actor.Manager.execute(Manager.java:356)
	at ptolemy.actor.Manager.run(Manager.java:1263)
	at ptolemy.actor.Manager$PtolemyRunThread.run(Manager.java:1933)
java.lang.RuntimeException: Execution failed
	at ptolemy.moml.MoMLSimpleApplication$UnloadThread.run(MoMLSimpleApplication.java:402)
Caused by: ptolemy.kernel.util.IllegalActionException: SubscriptionAggregatorPorts cannot be used at the top level, use a SubscriptionAggregator actor instead.
  in .PublisherSubscriptionAggregatorPort.SubscriptionAggregatorPort
	at ptolemy.actor.SubscriptionAggregatorPort.preinitialize(SubscriptionAggregatorPort.java:353)
	at ptolemy.actor.CompositeActor.preinitialize(CompositeActor.java:1769)
	at ptolemy.actor.Manager.preinitializeAndResolveTypes(Manager.java:1040)
	at ptolemy.actor.Manager.initialize(Manager.java:710)
	at ptolemy.actor.Manager.execute(Manager.java:356)
	at ptolemy.actor.Manager.run(Manager.java:1263)
	at ptolemy.actor.Manager$PtolemyRunThread.run(Manager.java:1933)
java.lang.reflect.InvocationTargetException
	at java.base/jdk.internal.reflect.NativeConstructorAccessorImpl.newInstance0(Native Method)
	at java.base/jdk.internal.reflect.NativeConstructorAccessorImpl.newInstance(NativeConstructorAccessorImpl.java:62)
	at java.base/jdk.internal.reflect.DelegatingConstructorAccessorImpl.newInstance(DelegatingConstructorAccessorImpl.java:45)
	at java.base/java.lang.reflect.Constructor.newInstance(Constructor.java:490)
	at ptolemy.util.test.junit.AutoKnownFailedTests.RunModel(AutoKnownFailedTests.java:105)
	at java.base/jdk.internal.reflect.NativeMethodAccessorImpl.invoke0(Native Method)
	at java.base/jdk.internal.reflect.NativeMethodAccessorImpl.invoke(NativeMethodAccessorImpl.java:62)
	at java.base/jdk.internal.reflect.DelegatingMethodAccessorImpl.invoke(DelegatingMethodAccessorImpl.java:43)
	at java.base/java.lang.reflect.Method.invoke(Method.java:566)
	at org.junit.runners.model.FrameworkMethod$1.runReflectiveCall(FrameworkMethod.java:44)
	at org.junit.internal.runners.model.ReflectiveCallable.run(ReflectiveCallable.java:15)
	at org.junit.runners.model.FrameworkMethod.invokeExplosively(FrameworkMethod.java:41)
	at junitparams.internal.InvokeParameterisedMethod.evaluate(InvokeParameterisedMethod.java:102)
	at org.junit.internal.runners.statements.FailOnTimeout$1.run(FailOnTimeout.java:28)
Caused by: ptolemy.kernel.util.IllegalActionException: SubscriptionAggregatorPorts cannot be used at the top level, use a SubscriptionAggregator actor instead.
  in .PublisherSubscriptionAggregatorPort.SubscriptionAggregatorPort
	at ptolemy.actor.SubscriptionAggregatorPort.preinitialize(SubscriptionAggregatorPort.java:353)
	at ptolemy.actor.CompositeActor.preinitialize(CompositeActor.java:1769)
	at ptolemy.actor.Manager.preinitializeAndResolveTypes(Manager.java:1040)
	at ptolemy.actor.Manager.initialize(Manager.java:710)
	at ptolemy.actor.Manager.execute(Manager.java:356)
	at ptolemy.actor.Manager.run(Manager.java:1263)
	at ptolemy.actor.Manager$PtolemyRunThread.run(Manager.java:1933)
java.lang.RuntimeException: Execution failed
	at ptolemy.moml.MoMLSimpleApplication$UnloadThread.run(MoMLSimpleApplication.java:402)
Caused by: ptolemy.kernel.util.IllegalActionException: TypeTest actor has no training data.
  in .sizedarray3.TypeTest
	at ptolemy.actor.lib.TypeTest.initialize(TypeTest.java:250)
	at ptolemy.actor.Director.initialize(Director.java:938)
	at ptolemy.actor.Director.initialize(Director.java:907)
	at ptolemy.actor.sched.StaticSchedulingDirector.initialize(StaticSchedulingDirector.java:159)
	at ptolemy.domains.sdf.kernel.SDFDirector.initialize(SDFDirector.java:544)
	at ptolemy.actor.CompositeActor.initialize(CompositeActor.java:935)
	at ptolemy.actor.Manager.initialize(Manager.java:724)
	at ptolemy.actor.Manager.execute(Manager.java:356)
	at ptolemy.actor.Manager.run(Manager.java:1263)
	at ptolemy.actor.Manager$PtolemyRunThread.run(Manager.java:1933)
java.lang.reflect.InvocationTargetException
	at java.base/jdk.internal.reflect.NativeConstructorAccessorImpl.newInstance0(Native Method)
	at java.base/jdk.internal.reflect.NativeConstructorAccessorImpl.newInstance(NativeConstructorAccessorImpl.java:62)
	at java.base/jdk.internal.reflect.DelegatingConstructorAccessorImpl.newInstance(DelegatingConstructorAccessorImpl.java:45)
	at java.base/java.lang.reflect.Constructor.newInstance(Constructor.java:490)
	at ptolemy.util.test.junit.AutoKnownFailedTests.RunModel(AutoKnownFailedTests.java:105)
	at java.base/jdk.internal.reflect.NativeMethodAccessorImpl.invoke0(Native Method)
	at java.base/jdk.internal.reflect.NativeMethodAccessorImpl.invoke(NativeMethodAccessorImpl.java:62)
	at java.base/jdk.internal.reflect.DelegatingMethodAccessorImpl.invoke(DelegatingMethodAccessorImpl.java:43)
	at java.base/java.lang.reflect.Method.invoke(Method.java:566)
	at org.junit.runners.model.FrameworkMethod$1.runReflectiveCall(FrameworkMethod.java:44)
	at org.junit.internal.runners.model.ReflectiveCallable.run(ReflectiveCallable.java:15)
	at org.junit.runners.model.FrameworkMethod.invokeExplosively(FrameworkMethod.java:41)
	at junitparams.internal.InvokeParameterisedMethod.evaluate(InvokeParameterisedMethod.java:102)
	at org.junit.internal.runners.statements.FailOnTimeout$1.run(FailOnTimeout.java:28)
Caused by: ptolemy.kernel.util.IllegalActionException: TypeTest actor has no training data.
  in .sizedarray3.TypeTest
	at ptolemy.actor.lib.TypeTest.initialize(TypeTest.java:250)
	at ptolemy.actor.Director.initialize(Director.java:938)
	at ptolemy.actor.Director.initialize(Director.java:907)
	at ptolemy.actor.sched.StaticSchedulingDirector.initialize(StaticSchedulingDirector.java:159)
	at ptolemy.domains.sdf.kernel.SDFDirector.initialize(SDFDirector.java:544)
	at ptolemy.actor.CompositeActor.initialize(CompositeActor.java:935)
	at ptolemy.actor.Manager.initialize(Manager.java:724)
	at ptolemy.actor.Manager.execute(Manager.java:356)
	at ptolemy.actor.Manager.run(Manager.java:1263)
	at ptolemy.actor.Manager$PtolemyRunThread.run(Manager.java:1933)
]]></system-err>
</testsuite>
