<?xml version="1.0" encoding="UTF-8" ?>
<testsuite errors="0" failures="0" hostname="travis-job-d127946c-d8cf-40aa-a51c-24b2e2176073" name="ptolemy.actor.lib.test.junit.JUnitTclTest" skipped="0" tests="517" time="60.06" timestamp="2020-02-03T19:26:54">
  <properties>
    <property name="npm.executable" value="npm" />
    <property name="env.TRAVIS_ROOT" value="/" />
    <property name="ptII.mk.exists" value="true" />
    <property name="env.TRAVIS_APP_HOST" value="build.travis-ci.org" />
    <property name="env.rvm_bin_path" value="/home/travis/.rvm/bin" />
    <property name="java.home" value="/usr/local/lib/jvm/openjdk11" />
    <property name="env.TRAVIS_JOB_NUMBER" value="1494.8" />
    <property name="env.TRAVIS_HOME" value="/home/travis" />
    <property name="env.DISPLAY" value=":99.0" />
    <property name="env.TRAVIS_INIT" value="systemd" />
    <property name="env.SSH_TTY" value="/dev/pts/0" />
    <property name="java.net.preferIPv4Stack" value="true" />
    <property name="env.RUN_TESTS" value="true" />
    <property name="timeout.short" value="1000000" />
    <property name="junit.formatter" value="xml" />
    <property name="env.TRAVIS_SUDO" value="true" />
    <property name="env.TRAVIS_JOB_NAME" value="" />
    <property name="env.TRAVIS_STACK_NODE_ATTRIBUTES" value="/.node-attributes.yml" />
    <property name="env.LOGNAME" value="travis" />
    <property name="env.PT_TRAVIS_TEST_CORE1_XML" value="true" />
    <property name="jsdoc.home" value="node_modules/@terraswarm/jsdoc" />
    <property name="debuglevel" value="source,lines,vars" />
    <property name="checkstyle.formatter" value="xml" />
    <property name="env._system_version" value="16.04" />
    <property name="bin.vergil.makeable" value="true" />
    <property name="sun.os.patch.level" value="unknown" />
    <property name="java.vendor.url" value="http://java.oracle.com/" />
    <property name="env.TRAVIS_BUILD_WEB_URL" value="https://travis-ci.org/icyphy/ptII/builds/645555359" />
    <property name="java.version" value="11.0.2" />
    <property name="env.TZ" value="UTC" />
    <property name="env.TRAVIS_PULL_REQUEST_SHA" value="" />
    <property name="env.PT_NO_NET" value="true" />
    <property name="env.TRAVIS_SECURE_ENV_VARS" value="true" />
    <property name="env._system_type" value="Linux" />
    <property name="java.vendor.url.bug" value="http://bugreport.java.com/bugreport/" />
    <property name="npmjs-org-is-up" value="true" />
    <property name="env.LANGUAGE" value="en_US.UTF-8" />
    <property name="env.SSH_CLIENT" value="10.44.1.91 47508 22" />
    <property name="env.GEM_HOME" value="/home/travis/.rvm/gems/ruby-2.5.3" />
    <property name="env.HAS_ANTARES_THREE_LITTLE_FRONZIES_BADGE" value="true" />
    <property name="java.version.date" value="2019-01-15" />
    <property name="env.PS4" value="+" />
    <property name="ant.project.invoked-targets" value="build,test.core1.xml" />
    <property name="env.TRAVIS_PULL_REQUEST_BRANCH" value="" />
    <property name="env.TRAVIS_REPO_SLUG" value="icyphy/ptII" />
    <property name="env.XDG_DATA_DIRS" value="/usr/local/share:/usr/share:/var/lib/snapd/desktop" />
    <property name="jdk.debug" value="release" />
    <property name="env.TRAVIS_APT_PROXY" value="http://build-cache.travisci.net" />
    <property name="env.TRAVIS_CPU_ARCH" value="amd64" />
    <property name="node.in.path" value="true" />
    <property name="user.name" value="travis" />
    <property name="java.maxmemory" value="1400m" />
    <property name="env.RUBY_VERSION" value="ruby-2.5.3" />
    <property name="env.LANG" value="en_US.UTF-8" />
    <property name="sun.io.unicode.encoding" value="UnicodeLittle" />
    <property name="sun.jnu.encoding" value="UTF-8" />
    <property name="java.runtime.name" value="OpenJDK Runtime Environment" />
    <property name="usefile" value="false" />
    <property name="return.code" value="0" />
    <property name="junit.single.formatter" value="plain" />
    <property name="env.DYLD_LIBRARY_PATH" value="/home/travis/pthla/certi-tools/lib:" />
    <property name="env.DEBIAN_FRONTEND" value="noninteractive" />
    <property name="env.SSH_CONNECTION" value="10.44.1.91 47508 10.20.0.143 22" />
    <property name="env.MYSQL_UNIX_PORT" value="/var/run/mysqld/mysqld.sock" />
    <property name="env.LC_ALL" value="en_US.UTF-8" />
    <property name="env.TRAVIS_ALLOW_FAILURE" value="false" />
    <property name="env.TRAVIS_JOB_WEB_URL" value="https://travis-ci.org/icyphy/ptII/jobs/645555367" />
    <property name="java.specification.name" value="Java Platform API Specification" />
    <property name="node.works" value="true" />
    <property name="user.timezone" value="" />
    <property name="path.separator" value=":" />
    <property name="env.TRAVIS_ENABLE_INFRA_DETECTION" value="true" />
    <property name="env.PYTHON_CFLAGS" value="-g -fstack-protector --param=ssp-buffer-size=4 -Wformat -Werror=format-security" />
    <property name="timeout.long" value="4000000" />
    <property name="env.CERTI_HOME" value="/home/travis/pthla/certi-tools" />
    <property name="ant.file.ptII" value="/home/travis/build/icyphy/ptII/build.xml" />
    <property name="javadoc.packagenames" value="com.*,diva.*,lbnl.*,org.hlacerti.*,org.json.*,org.ptolemy.*,org.terraswarm.*,ptolemy.*,ptserver.*" />
    <property name="file.encoding" value="UTF-8" />
    <property name="env.TRAVIS_PULL_REQUEST_SLUG" value="" />
    <property name="ant.project.default-target" value="build" />
    <property name="env.GIT_ASKPASS" value="echo" />
    <property name="env.HOME" value="/home/travis" />
    <property name="sun.java.command" value="org.apache.tools.ant.taskdefs.optional.junit.JUnitTestRunner ptolemy.actor.lib.test.junit.JUnitTclTest skipNonTests=false filtertrace=true haltOnError=false haltOnFailure=false formatter=org.apache.tools.ant.taskdefs.optional.junit.OutErrSummaryJUnitResultFormatter showoutput=true outputtoformatters=true logfailedtests=true threadid=0 logtestlistenerevents=false formatter=org.apache.tools.ant.taskdefs.optional.junit.XMLJUnitResultFormatter,/home/travis/build/icyphy/ptII/reports/junit/TEST-ptolemy.actor.lib.test.junit.JUnitTclTest.xml crashfile=/home/travis/build/icyphy/ptII/junitvmwatcher16754439936150053248.properties propsfile=/home/travis/build/icyphy/ptII/junit14996433411811745213.properties" />
    <property name="env.COMPOSER_NO_INTERACTION" value="1" />
    <property name="env.MANPATH" value="/home/travis/.nvm/versions/node/v7.10.1/share/man:/home/travis/.rvm/rubies/ruby-2.5.3/share/man:/usr/local/cmake-3.12.4/man:/usr/local/clang-7.0.0/share/man:/usr/local/man:/usr/local/share/man:/usr/share/man:/home/travis/.rvm/man" />
    <property name="env.TRAVIS_TIMER_ID" value="02d2c70c" />
    <property name="ant.file" value="/home/travis/build/icyphy/ptII/build.xml" />
    <property name="env.TRAVIS_COMMIT_RANGE" value="63bb50ee0d18...3de3f4a8f953" />
    <property name="env._system_name" value="Ubuntu" />
    <property name="ptII.classpath.optional.property" value="/home/travis/build/icyphy/ptII/lib/bsh-2.0b4.jar:/home/travis/build/icyphy/ptII/lib/ptCal.jar:/home/travis/build/icyphy/ptII/lib/java_cup.jar:/home/travis/build/icyphy/ptII/lib/saxon8.jar:/home/travis/build/icyphy/ptII/lib/saxon8-dom.jar:/home/travis/build/icyphy/ptII/lib/chic.jar:/home/travis/build/icyphy/ptII/lib/ptcolt.jar:/home/travis/build/icyphy/ptII/vendors/misc/itext/iText.jar:/home/travis/build/icyphy/ptII/lib/g4ltl.jar:/home/travis/build/icyphy/ptII/lib/StructuralCoder.jar:/home/travis/build/icyphy/ptII/lib/jcerti.jar:/home/travis/build/icyphy/ptII/lib/javax.mail.jar:/home/travis/build/icyphy/ptII/vendors/JMF-2.1.1e/lib/jmf.jar:/home/travis/build/icyphy/ptII/lib/jna-4.0.0-variadic.jar:/home/travis/build/icyphy/ptII/vendors/misc/joystick/Joystick.jar:/home/travis/build/icyphy/ptII/lib/ptjacl.jar:/home/travis/build/icyphy/ptII/lib/jsoup-1.8.2.jar:/home/travis/build/icyphy/ptII/lib/junit-4.8.2.jar:/home/travis/build/icyphy/ptII/lib/JUnitParams-0.4.0.jar:/home/travis/build/icyphy/ptII/ptolemy/actor/lib/excel/jxl.jar:/home/travis/build/icyphy/ptII/lib/jython.jar:/home/travis/build/icyphy/ptII/lib/kieler.jar:/home/travis/build/icyphy/ptII/vendors/opencv/share/OpenCV/java/opencv-341.jar:/home/travis/build/icyphy/ptII/lib/oscP5.jar:/home/travis/build/icyphy/ptII/lib/nrjavaserial-3.11.0.devel.jar:/home/travis/build/icyphy/ptII/vendors/j3d/lib/Linux/j3dcore.jar:/home/travis/build/icyphy/ptII/vendors/j3d/lib/Linux/j3dutils.jar:/home/travis/build/icyphy/ptII/vendors/j3d/lib/Linux/vecmath.jar:/home/travis/build/icyphy/ptII/vendors/jogl/lib/Linux/gluegen-rt-natives-linux-amd64.jar:/home/travis/build/icyphy/ptII/vendors/jogl/lib/Linux/gluegen-rt.jar:/home/travis/build/icyphy/ptII/vendors/jogl/lib/Linux/jogl-all-natives-linux-amd64.jar:/home/travis/build/icyphy/ptII/vendors/jogl/lib/Linux/jogl-all.jar:/home/travis/build/icyphy/ptII/ptolemy/distributed/jini/jar/jini-core.jar:/home/travis/build/icyphy/ptII/ptolemy/distributed/jini/jar/jini-ext.jar:/home/travis/build/icyphy/ptII/ptolemy/distributed/jini/jar/sun-util.jar:/home/travis/build/icyphy/ptII/lib/protobuf-java-2.4.1.jar:/home/travis/build/icyphy/ptII/lib/org.eclipse.paho.client.mqttv3.jar:/home/travis/build/icyphy/ptII/lib/mapss.jar:/home/travis/build/icyphy/ptII/ptolemy/actor/ptalon/antlr/antlr.jar:/home/travis/build/icyphy/ptII/lib/JRI.jar:/home/travis/build/icyphy/ptII/lib/commons-lang-2.6.jar:/home/travis/build/icyphy/ptII/lib/commons-logging-1.1.1.jar:/home/travis/build/icyphy/ptII/lib/sootclasses.jar:/home/travis/build/icyphy/ptII/ptolemy/actor/lib/database/mysql-connector-java-5.1.6-bin.jar:/home/travis/build/icyphy/ptII/vendors/misc/sphinx4/sphinx4-data-5prealpha.jar:/home/travis/build/icyphy/ptII/vendors/misc/sphinx4/sphinx4-core-5prealpha.jar:/home/travis/build/icyphy/ptII/lib/PDFRenderer.jar:/home/travis/build/icyphy/ptII/lib/svgSalamander.jar:/home/travis/build/icyphy/ptII/lib/rsyntaxtextarea-2.6.0-SNAPSHOT.jar:/home/travis/build/icyphy/ptII/lib/hazelcast-3.8.2.jar:/home/travis/build/icyphy/ptII/lib/jackson-annotations-2.9.0.jar:/home/travis/build/icyphy/ptII/lib/jackson-core-2.9.3.jar:/home/travis/build/icyphy/ptII/lib/jackson-databind-2.9.3.jar:/home/travis/build/icyphy/ptII/lib/netty-buffer-4.1.19.Final.jar:/home/travis/build/icyphy/ptII/lib/netty-codec-4.1.19.Final.jar:/home/travis/build/icyphy/ptII/lib/netty-codec-dns-4.1.19.Final.jar:/home/travis/build/icyphy/ptII/lib/netty-codec-http-4.1.19.Final.jar:/home/travis/build/icyphy/ptII/lib/netty-codec-http2-4.1.19.Final.jar:/home/travis/build/icyphy/ptII/lib/netty-common-4.1.19.Final.jar:/home/travis/build/icyphy/ptII/lib/netty-handler-4.1.19.Final.jar:/home/travis/build/icyphy/ptII/lib/netty-resolver-4.1.19.Final.jar:/home/travis/build/icyphy/ptII/lib/netty-resolver-dns-4.1.19.Final.jar:/home/travis/build/icyphy/ptII/lib/netty-transport-4.1.19.Final.jar:/home/travis/build/icyphy/ptII/lib/vertx-codegen-3.5.1.jar:/home/travis/build/icyphy/ptII/lib/vertx-core-3.5.2-SNAPSHOT.jar:/home/travis/build/icyphy/ptII/lib/vertx-hazelcast-3.5.1.jar:/home/travis/build/icyphy/ptII/lib/vertx-lang-js-3.5.1.jar:/home/travis/build/icyphy/ptII/lib/vertx-service-proxy-3.5.1.jar:/home/travis/build/icyphy/ptII/lib/vertx-web-3.5.1.jar:/home/travis/build/icyphy/ptII/lib/slf4j-api-1.7.13.jar:/home/travis/build/icyphy/ptII/lib/slf4j-simple-1.7.13.jar:/home/travis/build/icyphy/ptII/lib/webcam-capture-0.3.12.jar:/home/travis/build/icyphy/ptII/lib/bridj-0.7.0.jar:/home/travis/build/icyphy/ptII/lib/xbjlib-1.1.0.nrjavaserial.jar" />
    <property name="timeout" value="2400000" />
    <property name="test.batch" value="**/junit/*.java" />
    <property name="env._" value="/usr/bin/timeout" />
    <property name="java.io.tmpdir" value="/tmp" />
    <property name="user.language" value="en" />
    <property name="env.TRAVIS_INTERNAL_RUBY_REGEX" value="^ruby-(2\.[0-4]\.[0-9]|1\.9\.3)" />
    <property name="env.HISTCONTROL" value="ignoredups:ignorespace" />
    <property name="env.GOROOT" value="/home/travis/.gimme/versions/go1.11.1.linux.amd64" />
    <property name="line.separator" value="&#xa;" />
    <property name="target" value="11" />
    <property name="env.TRAVIS_BUILD_DIR" value="/home/travis/build/icyphy/ptII" />
    <property name="env.ANT_OPTS" value="-Xmx2048m" />
    <property name="ant.file.type" value="file" />
    <property name="ptolemy.ptII.batchMode" value="true" />
    <property name="env.HISTSIZE" value="1000" />
    <property name="env.MERB_ENV" value="test" />
    <property name="java.vm.info" value="mixed mode" />
    <property name="source" value="11" />
    <property name="java.vm.specification.name" value="Java Virtual Machine Specification" />
    <property name="env.TRAVIS_TEST_RESULT" value="0" />
    <property name="jsdoc.command" value="node_modules/@terraswarm/jsdoc/jsdoc.js" />
    <property name="npm.works" value="true" />
    <property name="cobertura.dir" value="/home/travis/build/icyphy/ptII/vendors/cobertura-2.0.3" />
    <property name="jsdoc.command.exists" value="true" />
    <property name="env.rvm_path" value="/home/travis/.rvm" />
    <property name="env.GEM_PATH" value="/home/travis/.rvm/gems/ruby-2.5.3:/home/travis/.rvm/gems/ruby-2.5.3@global" />
    <property name="env.LC_CTYPE" value="en_US.UTF-8" />
    <property name="env.TRAVIS_CMD" value="$PTII/bin/ptIITravisBuild.sh $SECONDS" />
    <property name="java.awt.printerjob" value="sun.print.PSPrinterJob" />
    <property name="env.TRAVIS_STACK_NAME" value="sardonyx" />
    <property name="env.TRAVIS_TIMER_START_TIME" value="1580757430787775036" />
    <property name="ant.version" value="Apache Ant(TM) version 1.10.1 compiled on February 2 2017" />
    <property name="ptII.reports" value="/home/travis/build/icyphy/ptII/reports" />
    <property name="env.TRAVIS_STACK_TIMESTAMP" value="2019-03-25 16:16:56 UTC" />
    <property name="ant.file.type.ptII" value="file" />
    <property name="env.RBENV_SHELL" value="bash" />
    <property name="os.name" value="Linux" />
    <property name="java.specification.vendor" value="Oracle Corporation" />
    <property name="env.rvm_version" value="1.29.7 (latest)" />
    <property name="env.TRAVIS_INFRA" value="unknown" />
    <property name="env.TERM" value="xterm" />
    <property name="java.vm.name" value="OpenJDK 64-Bit Server VM" />
    <property name="env.TRAVIS_BUILD_NUMBER" value="1494" />
    <property name="env.CI" value="true" />
    <property name="java.library.path" value="/home/travis/pthla/certi-tools/lib:/usr/lib/jni:/usr/local/share/OpenCV/java/:/usr/share/OpenCV/java::/usr/java/packages/lib:/usr/lib64:/lib64:/lib:/usr/lib" />
    <property name="jdk.module.path" value="/home/travis/build/icyphy/ptII/vendors/javafx/javafx-sdk-11.0.2/lib:" />
    <property name="env.rvm_prefix" value="/home/travis" />
    <property name="env.PATH" value="/home/travis/pthla/certi-tools/share/scripts:/home/travis/.rvm/gems/ruby-2.5.3/bin:/home/travis/.rvm/gems/ruby-2.5.3@global/bin:/home/travis/.rvm/rubies/ruby-2.5.3/bin:/home/travis/.rvm/bin:/home/travis/.nvm/versions/node/v7.10.1/bin:./node_modules/.bin:/home/travis/build/icyphy/ptII/bin:/home/travis/pthla/certi-tools/bin:/home/travis/bin:/home/travis/.local/bin:/usr/local/lib/jvm/openjdk11/bin:/opt/pyenv/shims:/home/travis/.phpenv/shims:/home/travis/perl5/perlbrew/bin:/home/travis/gopath/bin:/home/travis/.gimme/versions/go1.11.1.linux.amd64/bin:/usr/local/maven-3.6.0/bin:/usr/local/cmake-3.12.4/bin:/usr/local/clang-7.0.0/bin:/usr/local/sbin:/usr/local/bin:/usr/sbin:/usr/bin:/sbin:/bin:/snap/bin:/home/travis/.phpenv/bin:/opt/pyenv/bin:/home/travis/.yarn/bin" />
    <property name="env.TRAVIS_OS_NAME" value="linux" />
    <property name="ant.java.version" value="9" />
    <property name="basedir" value="/home/travis/build/icyphy/ptII" />
    <property name="java.class.version" value="55.0" />
    <property name="env.SHLVL" value="3" />
    <property name="env.LD_LIBRARY_PATH" value="/home/travis/pthla/certi-tools/lib:/usr/lib/jni:/usr/local/share/OpenCV/java/:/usr/share/OpenCV/java:" />
    <property name="env.RACK_ENV" value="test" />
    <property name="ant.home" value="/home/travis/build/icyphy/ptII/ant" />
    <property name="env.NVM_DIR" value="/home/travis/.nvm" />
    <property name="env.CERTI_FOM_PATH" value="/home/travis/pthla/certi-tools/share/federations" />
    <property name="env.TRAVIS_BUILD_ID" value="645555359" />
    <property name="env.PYENV_ROOT" value="/opt/pyenv" />
    <property name="env.TRAVIS_UID" value="2000" />
    <property name="prism.verbose" value="true" />
    <property name="env.NVM_BIN" value="/home/travis/.nvm/versions/node/v7.10.1/bin" />
    <property name="env.TRAVIS_COMMIT" value="3de3f4a8f95399e2008ce3569e799325cd86a71c" />
    <property name="env._system_arch" value="x86_64" />
    <property name="node.executable" value="node" />
    <property name="sun.boot.library.path" value="/usr/local/lib/jvm/openjdk11/lib" />
    <property name="sun.management.compiler" value="HotSpot 64-Bit Tiered Compilers" />
    <property name="java.awt.graphicsenv" value="sun.awt.X11GraphicsEnvironment" />
    <property name="env.GOPATH" value="/home/travis/gopath" />
    <property name="ptolemy.ptII.dir" value="/home/travis/build/icyphy/ptII" />
    <property name="env.USER" value="travis" />
    <property name="env.HISTFILESIZE" value="2000" />
    <property name="timeout.longest" value="19000000" />
    <property name="env.PERLBREW_SHELLRC_VERSION" value="0.86" />
    <property name="env.TRAVIS_STACK_FEATURES" value="basic couchdb disabled-ipv6 docker docker-compose elasticsearch firefox go-toolchain google-chrome jdk memcached mongodb mysql nodejs_interpreter perl_interpreter perlbrew phantomjs postgresql python_interpreter redis ruby_interpreter sqlite xserver" />
    <property name="env.TRAVIS_PULL_REQUEST" value="false" />
    <property name="env.PYENV_SHELL" value="bash" />
    <property name="ant.project.name" value="ptII" />
    <property name="env.ANSI_RESET" value="\033[0m" />
    <property name="java.vm.specification.version" value="11" />
    <property name="env.TRAVIS_DIST" value="xenial" />
    <property name="env.CERTI_VERSION" value="4.0.0" />
    <property name="env.CERTI_HOST" value="localhost" />
    <property name="awt.toolkit" value="sun.awt.X11.XToolkit" />
    <property name="env.MY_RUBY_HOME" value="/home/travis/.rvm/rubies/ruby-2.5.3" />
    <property name="sun.cpu.isalist" value="" />
    <property name="env.TRAVIS_TMPDIR" value="/tmp/tmp.u4tfoIFsGe" />
    <property name="java.vm.compressedOopsMode" value="Zero based" />
    <property name="os.version" value="4.15.0-1028-gcp" />
    <property name="user.home" value="/home/travis" />
    <property name="java.vm.vendor" value="Oracle Corporation" />
    <property name="env.TRAVIS_TAG" value="nightly" />
    <property name="env.ANSI_YELLOW" value="\033[33;1m" />
    <property name="env.TRAVIS_FILTERED" value="redirect_io" />
    <property name="env.ANSI_GREEN" value="\033[32;1m" />
    <property name="env.JAVA_HOME" value="/usr/local/lib/jvm/openjdk11" />
    <property name="javadoc.excludepackagenames" value="adm.cvs2svn.*,build.*,config.*,doc.coding.templates.*,jni.test.jni.meaningOfLife.*,jni.test.jni.testDeux.*,jni.test.jni.testTrois.*,org.terraswarm.accessor.accessors.web.node_modules.*,org.terraswarm.accessor.accessors.web.hosts.cordova.demo.*,org.terraswarm.accessor.accessors.web.hosts.cordova.plugins.*,org.terraswarm.accessor.accessors-svn.*,pt-modules.*,ptolemy.apps.agilent.*,ptolemy.apps.anytimecontrol.*,ptolemy.apps.apes.*,ptolemy.apps.charon.*,ptolemy.apps.crazyboard.*,ptolemy.apps.eclipse.*,ptolemy.apps.etherealSting.*,ptolemy.apps.fullscreen.*,ptolemy.apps.giotto.*,ptolemy.apps.ia.*,ptolemy.apps.interfaces.*,ptolemy.apps.jmf.*,ptolemy.apps.kurt.*,ptolemy.apps.kvm.*,ptolemy.apps.lego.*,ptolemy.apps.lejos.*,ptolemy.apps.midp.*,ptolemy.apps.mobileCoding.*,ptolemy.apps.pendulum.*,ptolemy.apps.rijndael.*,ptolemy.apps.robot.*,ptolemy.apps.security.*,ptolemy.apps.sobel.*,ptolemy.apps.soot.*,ptolemy.apps.throttle.*,ptolemy.apps.tini.*,ptolemy.apps.transmission.*,ptolemy.apps.vergil.*,ptolemy.apps.waba.*,ptolemy.apps.websensor.*,ptolemy.apps.webstart.*,ptolemy.apps.xsl.*,ptolemy.apps.zaurus.*,ptolemy.codegen.c.actor.lib.oldJavaFiles.*,ptolemy.codegen.dsp.lib.*,ptolemy.codegen.kernel.newInterfaces.*,ptolemy.codegen.lib.*,ptolemy.copernicus.kernel.fragment.*,ptolemy.copernicus.shallow.cg.*,ptolemy.domains.giotto.demo.Hierarchy.Hierarchy.*,ptolemy.domains.giotto.demo.Multimode.Multimode.*,ptolemy.domains.giotto.demo.Simple.Simple.*,ptolemy.domains.gr.lib.experimental.*,ptolemy.domains.gro.*,ptolemy.domains.pdf.*,ptolemy.domains.ptinyos.demo.Surge.output.*,ptolemy.moml.test.NoPackageActor.java*,ptolemy.plot.adm.*,ptolemy.plot.servlet.*,reports.*,signed.*,src.*,target.*,vendors.*,ptolemy.copernicus.applet.*,ptolemy.media.viewer.*,ptolemy.actor.corba.*,doc.doclets.*,ptolemy.apps.eclipse.awt.*,ptolemy.backtrack.*,ptolemy.backtrack.ast.*,ptolemy.cg.adapter.generic.program.procedural.c.mbed*,ptolemy.homer.*,ptolemy.actor.lib.jai.*,org.ptolemy.scala.*,diva.util.java2d.svg.*,ptolemy.domains.ptinyos.*,ptolemy.actor.lib.fmi.fmipp.*,,org.terraswarm.accessor.accessors.web.node_modules.*,org.terraswarm.accessor.accessors-svn,ptolemy.apps.*,ptolemy.actor.ptalon.demo.ptinyos.SendAndReceiveCnt.output,ptolemy.actor.ptalon.demo.ptinyos.SenseToLeds.output,ptolemy.domains.ptinyos.demo.CntToLedsAndRfm.output,ptolemy.domains.ptinyos.demo.RfmToLeds.output,ptolemy.domains.ptinyos.demo.SendAndReceiveCnt.output,ptolemy.domains.ptinyos.demo.SenseToLeds.output,ptolemy.actor.lib.jjs.modules.udpSocket.*" />
    <property name="env.PTII" value="/home/travis/build/icyphy/ptII" />
    <property name="env.XDG_SESSION_ID" value="2" />
    <property name="keystore" value="ptKeystore" />
    <property name="env.TRAVIS_COMMIT_MESSAGE" value="Fixed the name of the branch to clone" />
    <property name="junit.output.dir" value="/home/travis/build/icyphy/ptII/reports/junit" />
    <property name="npm.return.code" value="0" />
    <property name="user.dir" value="/home/travis/build/icyphy/ptII/ptolemy/actor/lib/test" />
    <property name="env.TRAVIS_NODE_VERSION" value="7" />
    <property name="env.TRAVIS_EVENT_TYPE" value="push" />
    <property name="env.MAIL" value="/var/mail/travis" />
    <property name="env.PERLBREW_ROOT" value="/home/travis/perl5/perlbrew" />
    <property name="env.PWD" value="/home/travis/build/icyphy/ptII" />
    <property name="timeout.npm" value="45000" />
    <property name="env.TRAVIS_ARCH" value="amd64" />
    <property name="sun.cpu.endian" value="little" />
    <property name="env.PAGER" value="cat" />
    <property name="env.TRAVIS_BUILD_STAGE_NAME" value="Test" />
    <property name="env.PERLBREW_HOME" value="/home/travis/.perlbrew" />
    <property name="java.vm.version" value="11.0.2+9" />
    <property name="env.RAILS_ENV" value="test" />
    <property name="java.class.path" value="/home/travis/.ptolemyII:/home/travis/.ptolemyII/*:/home/travis/build/icyphy/ptII:/home/travis/build/icyphy/ptII/lib/bsh-2.0b4.jar:/home/travis/build/icyphy/ptII/lib/ptCal.jar:/home/travis/build/icyphy/ptII/lib/java_cup.jar:/home/travis/build/icyphy/ptII/lib/saxon8.jar:/home/travis/build/icyphy/ptII/lib/saxon8-dom.jar:/home/travis/build/icyphy/ptII/lib/chic.jar:/home/travis/build/icyphy/ptII/lib/ptcolt.jar:/home/travis/build/icyphy/ptII/vendors/misc/itext/iText.jar:/home/travis/build/icyphy/ptII/lib/g4ltl.jar:/home/travis/build/icyphy/ptII/lib/StructuralCoder.jar:/home/travis/build/icyphy/ptII/lib/jcerti.jar:/home/travis/build/icyphy/ptII/lib/javax.mail.jar:/home/travis/build/icyphy/ptII/vendors/JMF-2.1.1e/lib/jmf.jar:/home/travis/build/icyphy/ptII/lib/jna-4.0.0-variadic.jar:/home/travis/build/icyphy/ptII/vendors/misc/joystick/Joystick.jar:/home/travis/build/icyphy/ptII/lib/ptjacl.jar:/home/travis/build/icyphy/ptII/lib/jsoup-1.8.2.jar:/home/travis/build/icyphy/ptII/lib/junit-4.8.2.jar:/home/travis/build/icyphy/ptII/lib/JUnitParams-0.4.0.jar:/home/travis/build/icyphy/ptII/ptolemy/actor/lib/excel/jxl.jar:/home/travis/build/icyphy/ptII/lib/jython.jar:/home/travis/build/icyphy/ptII/lib/kieler.jar:/home/travis/build/icyphy/ptII/vendors/opencv/share/OpenCV/java/opencv-341.jar:/home/travis/build/icyphy/ptII/lib/oscP5.jar:/home/travis/build/icyphy/ptII/lib/nrjavaserial-3.11.0.devel.jar:/home/travis/build/icyphy/ptII/vendors/j3d/lib/Linux/j3dcore.jar:/home/travis/build/icyphy/ptII/vendors/j3d/lib/Linux/j3dutils.jar:/home/travis/build/icyphy/ptII/vendors/j3d/lib/Linux/vecmath.jar:/home/travis/build/icyphy/ptII/vendors/jogl/lib/Linux/gluegen-rt-natives-linux-amd64.jar:/home/travis/build/icyphy/ptII/vendors/jogl/lib/Linux/gluegen-rt.jar:/home/travis/build/icyphy/ptII/vendors/jogl/lib/Linux/jogl-all-natives-linux-amd64.jar:/home/travis/build/icyphy/ptII/vendors/jogl/lib/Linux/jogl-all.jar:/home/travis/build/icyphy/ptII/ptolemy/distributed/jini/jar/jini-core.jar:/home/travis/build/icyphy/ptII/ptolemy/distributed/jini/jar/jini-ext.jar:/home/travis/build/icyphy/ptII/ptolemy/distributed/jini/jar/sun-util.jar:/home/travis/build/icyphy/ptII/lib/protobuf-java-2.4.1.jar:/home/travis/build/icyphy/ptII/lib/org.eclipse.paho.client.mqttv3.jar:/home/travis/build/icyphy/ptII/lib/mapss.jar:/home/travis/build/icyphy/ptII/ptolemy/actor/ptalon/antlr/antlr.jar:/home/travis/build/icyphy/ptII/lib/JRI.jar:/home/travis/build/icyphy/ptII/lib/commons-lang-2.6.jar:/home/travis/build/icyphy/ptII/lib/commons-logging-1.1.1.jar:/home/travis/build/icyphy/ptII/lib/sootclasses.jar:/home/travis/build/icyphy/ptII/ptolemy/actor/lib/database/mysql-connector-java-5.1.6-bin.jar:/home/travis/build/icyphy/ptII/vendors/misc/sphinx4/sphinx4-data-5prealpha.jar:/home/travis/build/icyphy/ptII/vendors/misc/sphinx4/sphinx4-core-5prealpha.jar:/home/travis/build/icyphy/ptII/lib/PDFRenderer.jar:/home/travis/build/icyphy/ptII/lib/svgSalamander.jar:/home/travis/build/icyphy/ptII/lib/rsyntaxtextarea-2.6.0-SNAPSHOT.jar:/home/travis/build/icyphy/ptII/lib/hazelcast-3.8.2.jar:/home/travis/build/icyphy/ptII/lib/jackson-annotations-2.9.0.jar:/home/travis/build/icyphy/ptII/lib/jackson-core-2.9.3.jar:/home/travis/build/icyphy/ptII/lib/jackson-databind-2.9.3.jar:/home/travis/build/icyphy/ptII/lib/netty-buffer-4.1.19.Final.jar:/home/travis/build/icyphy/ptII/lib/netty-codec-4.1.19.Final.jar:/home/travis/build/icyphy/ptII/lib/netty-codec-dns-4.1.19.Final.jar:/home/travis/build/icyphy/ptII/lib/netty-codec-http-4.1.19.Final.jar:/home/travis/build/icyphy/ptII/lib/netty-codec-http2-4.1.19.Final.jar:/home/travis/build/icyphy/ptII/lib/netty-common-4.1.19.Final.jar:/home/travis/build/icyphy/ptII/lib/netty-handler-4.1.19.Final.jar:/home/travis/build/icyphy/ptII/lib/netty-resolver-4.1.19.Final.jar:/home/travis/build/icyphy/ptII/lib/netty-resolver-dns-4.1.19.Final.jar:/home/travis/build/icyphy/ptII/lib/netty-transport-4.1.19.Final.jar:/home/travis/build/icyphy/ptII/lib/vertx-codegen-3.5.1.jar:/home/travis/build/icyphy/ptII/lib/vertx-core-3.5.2-SNAPSHOT.jar:/home/travis/build/icyphy/ptII/lib/vertx-hazelcast-3.5.1.jar:/home/travis/build/icyphy/ptII/lib/vertx-lang-js-3.5.1.jar:/home/travis/build/icyphy/ptII/lib/vertx-service-proxy-3.5.1.jar:/home/travis/build/icyphy/ptII/lib/vertx-web-3.5.1.jar:/home/travis/build/icyphy/ptII/lib/slf4j-api-1.7.13.jar:/home/travis/build/icyphy/ptII/lib/slf4j-simple-1.7.13.jar:/home/travis/build/icyphy/ptII/lib/webcam-capture-0.3.12.jar:/home/travis/build/icyphy/ptII/lib/bridj-0.7.0.jar:/home/travis/build/icyphy/ptII/lib/xbjlib-1.1.0.nrjavaserial.jar:/home/travis/build/icyphy/ptII/ptolemy/moml/test:/home/travis/build/icyphy/ptII/ant/lib/ant-launcher.jar:/home/travis/build/icyphy/ptII/ant/lib/ant.jar:/home/travis/build/icyphy/ptII/ant/lib/ant-junit.jar:/home/travis/build/icyphy/ptII/ant/lib/ant-junit4.jar" />
    <property name="ant.library.dir" value="/home/travis/build/icyphy/ptII/ant/lib" />
    <property name="os.arch" value="amd64" />
    <property name="env.CONTINUOUS_INTEGRATION" value="true" />
    <property name="env.TRAVIS_LANGUAGE" value="node_js" />
    <property name="env.TRAVIS_STACK_LANGUAGES" value="__sardonyx__ c c++ clojure cplusplus cpp default generic go groovy java node_js php pure_java python ruby scala" />
    <property name="test.name" value="ptolemy.actor.lib.test.junit.JUnitTclTest" />
    <property name="env.APT_KEY_DONT_WARN_ON_DANGEROUS_USAGE" value="1" />
    <property name="sun.java.launcher" value="SUN_STANDARD" />
    <property name="env.PYTHON_CONFIGURE_OPTS" value="--enable-unicode=ucs4 --with-wide-unicode --enable-shared --enable-ipv6 --enable-loadable-sqlite-extensions --with-computed-gotos" />
    <property name="ant.core.lib" value="/home/travis/build/icyphy/ptII/ant/lib/ant.jar" />
    <property name="java.vm.specification.vendor" value="Oracle Corporation" />
    <property name="env.BCVTB_HOME" value="/home/travis/build/icyphy/ptII/lbnl" />
    <property name="file.separator" value="/" />
    <property name="spotbugs.home" value="/home/travis/build/icyphy/ptII/vendors/spotbugs-3.1.1" />
    <property name="java.runtime.version" value="11.0.2+9" />
    <property name="env.ANSI_CLEAR" value="\033[0K" />
    <property name="javafx.verbose" value="true" />
    <property name="env.HAS_JOSH_K_SEAL_OF_APPROVAL" value="true" />
    <property name="env.XDG_RUNTIME_DIR" value="/run/user/2000" />
    <property name="env.TRAVIS_OSX_IMAGE" value="" />
    <property name="env.TRAVIS_JOB_ID" value="645555367" />
    <property name="env.TRAVIS_BRANCH" value="master" />
    <property name="user.country" value="US" />
    <property name="env.CERTI_HOME_TRAVIS" value="/home/travis/pthla/certi-tools" />
    <property name="env.SHELL" value="/bin/bash" />
    <property name="java.maxmemory.large" value="3200m" />
    <property name="model" value="" />
    <property name="env.CASHER_DIR" value="/home/travis/.casher" />
    <property name="env.NVM_CD_FLAGS" value="" />
    <property name="java.vendor.version" value="18.9" />
    <property name="jshint.executable" value="/home/travis/node_modules/jshint/bin/jshint" />
    <property name="env.JRUBY_OPTS" value=" --client -J-XX:+TieredCompilation -J-XX:TieredStopAtLevel=1 -J-Xss2m -Xcompile.invokedynamic=false" />
    <property name="java.vendor" value="Oracle Corporation" />
    <property name="env.TRAVIS_PRE_CHEF_BOOTSTRAP_TIME" value="2019-03-25T16:16:42" />
    <property name="env.TRAVIS_STACK_JOB_BOARD_REGISTER" value="/.job-board-register.yml" />
    <property name="env.ANSI_RED" value="\033[31;1m" />
    <property name="java.specification.version" value="11" />
    <property name="env.IRBRC" value="/home/travis/.rvm/rubies/ruby-2.5.3/.irbrc" />
    <property name="env.TRAVIS" value="true" />
    <property name="sun.arch.data.model" value="64" />
  </properties>
  <testcase classname="ptolemy.util.test.junit.TclTests" name="[0] /home/travis/build/icyphy/ptII/ptolemy/actor/lib/test/AbsoluteValue.tcl (RunTclFile)" time="0.564" />
  <testcase classname="ptolemy.util.test.junit.TclTests" name="[1] /home/travis/build/icyphy/ptII/ptolemy/actor/lib/test/AddSubtract.tcl (RunTclFile)" time="0.141" />
  <testcase classname="ptolemy.util.test.junit.TclTests" name="[2] /home/travis/build/icyphy/ptII/ptolemy/actor/lib/test/Average.tcl (RunTclFile)" time="0.052" />
  <testcase classname="ptolemy.util.test.junit.TclTests" name="[3] /home/travis/build/icyphy/ptII/ptolemy/actor/lib/test/Bernoulli.tcl (RunTclFile)" time="0.032" />
  <testcase classname="ptolemy.util.test.junit.TclTests" name="[4] /home/travis/build/icyphy/ptII/ptolemy/actor/lib/test/Clock.tcl (RunTclFile)" time="0.076" />
  <testcase classname="ptolemy.util.test.junit.TclTests" name="[5] /home/travis/build/icyphy/ptII/ptolemy/actor/lib/test/Commutator.tcl (RunTclFile)" time="0.162" />
  <testcase classname="ptolemy.util.test.junit.TclTests" name="[6] /home/travis/build/icyphy/ptII/ptolemy/actor/lib/test/Const.tcl (RunTclFile)" time="0.136" />
  <testcase classname="ptolemy.util.test.junit.TclTests" name="[7] /home/travis/build/icyphy/ptII/ptolemy/actor/lib/test/CurrentTime.tcl (RunTclFile)" time="0.033" />
  <testcase classname="ptolemy.util.test.junit.TclTests" name="[8] /home/travis/build/icyphy/ptII/ptolemy/actor/lib/test/DB.tcl (RunTclFile)" time="0.031" />
  <testcase classname="ptolemy.util.test.junit.TclTests" name="[9] /home/travis/build/icyphy/ptII/ptolemy/actor/lib/test/DiscreteRandomSource.tcl (RunTclFile)" time="0.023" />
  <testcase classname="ptolemy.util.test.junit.TclTests" name="[10] /home/travis/build/icyphy/ptII/ptolemy/actor/lib/test/Distributor.tcl (RunTclFile)" time="0.072" />
  <testcase classname="ptolemy.util.test.junit.TclTests" name="[11] /home/travis/build/icyphy/ptII/ptolemy/actor/lib/test/Exit.tcl (RunTclFile)" time="0.091" />
  <testcase classname="ptolemy.util.test.junit.TclTests" name="[12] /home/travis/build/icyphy/ptII/ptolemy/actor/lib/test/Expression.tcl (RunTclFile)" time="0.104" />
  <testcase classname="ptolemy.util.test.junit.TclTests" name="[13] /home/travis/build/icyphy/ptII/ptolemy/actor/lib/test/Gaussian.tcl (RunTclFile)" time="0.72" />
  <testcase classname="ptolemy.util.test.junit.TclTests" name="[14] /home/travis/build/icyphy/ptII/ptolemy/actor/lib/test/IIR.tcl (RunTclFile)" time="0.047" />
  <testcase classname="ptolemy.util.test.junit.TclTests" name="[15] /home/travis/build/icyphy/ptII/ptolemy/actor/lib/test/Interpolator.tcl (RunTclFile)" time="0.075" />
  <testcase classname="ptolemy.util.test.junit.TclTests" name="[16] /home/travis/build/icyphy/ptII/ptolemy/actor/lib/test/MathFunction.tcl (RunTclFile)" time="0.051" />
  <testcase classname="ptolemy.util.test.junit.TclTests" name="[17] /home/travis/build/icyphy/ptII/ptolemy/actor/lib/test/Maximum.tcl (RunTclFile)" time="0.047" />
  <testcase classname="ptolemy.util.test.junit.TclTests" name="[18] /home/travis/build/icyphy/ptII/ptolemy/actor/lib/test/Minimum.tcl (RunTclFile)" time="0.029" />
  <testcase classname="ptolemy.util.test.junit.TclTests" name="[19] /home/travis/build/icyphy/ptII/ptolemy/actor/lib/test/MultiplyDivide.tcl (RunTclFile)" time="0.039" />
  <testcase classname="ptolemy.util.test.junit.TclTests" name="[20] /home/travis/build/icyphy/ptII/ptolemy/actor/lib/test/OrderedMerge.tcl (RunTclFile)" time="0.115" />
  <testcase classname="ptolemy.util.test.junit.TclTests" name="[21] /home/travis/build/icyphy/ptII/ptolemy/actor/lib/test/Publisher.tcl (RunTclFile)" time="0.677" />
  <testcase classname="ptolemy.util.test.junit.TclTests" name="[22] /home/travis/build/icyphy/ptII/ptolemy/actor/lib/test/Pulse.tcl (RunTclFile)" time="0.033" />
  <testcase classname="ptolemy.util.test.junit.TclTests" name="[23] /home/travis/build/icyphy/ptII/ptolemy/actor/lib/test/Ramp.tcl (RunTclFile)" time="1.909" />
  <testcase classname="ptolemy.util.test.junit.TclTests" name="[24] /home/travis/build/icyphy/ptII/ptolemy/actor/lib/test/RampContinuous.tcl (RunTclFile)" time="0.015" />
  <testcase classname="ptolemy.util.test.junit.TclTests" name="[25] /home/travis/build/icyphy/ptII/ptolemy/actor/lib/test/RecordAssembler.tcl (RunTclFile)" time="0.013" />
  <testcase classname="ptolemy.util.test.junit.TclTests" name="[26] /home/travis/build/icyphy/ptII/ptolemy/actor/lib/test/RecordDisassembler.tcl (RunTclFile)" time="0.016" />
  <testcase classname="ptolemy.util.test.junit.TclTests" name="[27] /home/travis/build/icyphy/ptII/ptolemy/actor/lib/test/Scale.tcl (RunTclFile)" time="0.014" />
  <testcase classname="ptolemy.util.test.junit.TclTests" name="[28] /home/travis/build/icyphy/ptII/ptolemy/actor/lib/test/SequentialClock.tcl (RunTclFile)" time="0.011" />
  <testcase classname="ptolemy.util.test.junit.TclTests" name="[29] /home/travis/build/icyphy/ptII/ptolemy/actor/lib/test/SetVariable.tcl (RunTclFile)" time="0.008" />
  <testcase classname="ptolemy.util.test.junit.TclTests" name="[30] /home/travis/build/icyphy/ptII/ptolemy/actor/lib/test/Sinewave.tcl (RunTclFile)" time="0.025" />
  <testcase classname="ptolemy.util.test.junit.TclTests" name="[31] /home/travis/build/icyphy/ptII/ptolemy/actor/lib/test/SubscriptionAggregator.tcl (RunTclFile)" time="2.067" />
  <testcase classname="ptolemy.util.test.junit.TclTests" name="[32] /home/travis/build/icyphy/ptII/ptolemy/actor/lib/test/Test.tcl (RunTclFile)" time="0.082" />
  <testcase classname="ptolemy.util.test.junit.TclTests" name="[33] /home/travis/build/icyphy/ptII/ptolemy/actor/lib/test/TestExceptionHandler.tcl (RunTclFile)" time="0.011" />
  <testcase classname="ptolemy.util.test.junit.TclTests" name="[34] /home/travis/build/icyphy/ptII/ptolemy/actor/lib/test/UnionDisassembler.tcl (RunTclFile)" time="0.065" />
  <testcase classname="ptolemy.util.test.junit.TclTests" name="[35] /home/travis/build/icyphy/ptII/ptolemy/actor/lib/test/VariableClock.tcl (RunTclFile)" time="0.039" />
  <testcase classname="ptolemy.util.test.junit.AutoKnownFailedTests" name="[0] /home/travis/build/icyphy/ptII/ptolemy/actor/lib/test/auto/knownFailedTests/PublisherPortToplevelSubscriber.xml (RunModel)" time="0.036" />
  <testcase classname="ptolemy.util.test.junit.AutoKnownFailedTests" name="[1] /home/travis/build/icyphy/ptII/ptolemy/actor/lib/test/auto/knownFailedTests/PublisherSubscriberPortToplevel.xml (RunModel)" time="0.032" />
  <testcase classname="ptolemy.util.test.junit.AutoKnownFailedTests" name="[2] /home/travis/build/icyphy/ptII/ptolemy/actor/lib/test/auto/knownFailedTests/PublisherSubscriptionAggregatorPort.xml (RunModel)" time="0.018" />
  <testcase classname="ptolemy.util.test.junit.AutoKnownFailedTests" name="[3] /home/travis/build/icyphy/ptII/ptolemy/actor/lib/test/auto/knownFailedTests/sizedarray3.xml (RunModel)" time="0.021" />
  <testcase classname="ptolemy.util.test.junit.AutoNameArchTests" name="[0] ThereAreNoAutoArchTests (RunModel)" time="0.005" />
  <testcase classname="ptolemy.util.test.junit.AutoTests" name="[0] /home/travis/build/icyphy/ptII/ptolemy/actor/lib/test/auto/AbsoluteValue.xml (RunModel)" time="0.091" />
  <testcase classname="ptolemy.util.test.junit.AutoTests" name="[1] /home/travis/build/icyphy/ptII/ptolemy/actor/lib/test/auto/AbsoluteValue2.xml (RunModel)" time="0.048" />
  <testcase classname="ptolemy.util.test.junit.AutoTests" name="[2] /home/travis/build/icyphy/ptII/ptolemy/actor/lib/test/auto/Accumulator.xml (RunModel)" time="0.132" />
  <testcase classname="ptolemy.util.test.junit.AutoTests" name="[3] /home/travis/build/icyphy/ptII/ptolemy/actor/lib/test/auto/Accumulator2.xml (RunModel)" time="0.046" />
  <testcase classname="ptolemy.util.test.junit.AutoTests" name="[4] /home/travis/build/icyphy/ptII/ptolemy/actor/lib/test/auto/Accumulator3.xml (RunModel)" time="0.033" />
  <testcase classname="ptolemy.util.test.junit.AutoTests" name="[5] /home/travis/build/icyphy/ptII/ptolemy/actor/lib/test/auto/ArrayAppend.xml (RunModel)" time="0.026" />
  <testcase classname="ptolemy.util.test.junit.AutoTests" name="[6] /home/travis/build/icyphy/ptII/ptolemy/actor/lib/test/auto/ArrayAppend2.xml (RunModel)" time="0.382" />
  <testcase classname="ptolemy.util.test.junit.AutoTests" name="[7] /home/travis/build/icyphy/ptII/ptolemy/actor/lib/test/auto/ArrayAppend3.xml (RunModel)" time="0.043" />
  <testcase classname="ptolemy.util.test.junit.AutoTests" name="[8] /home/travis/build/icyphy/ptII/ptolemy/actor/lib/test/auto/ArrayAppend4.xml (RunModel)" time="0.023" />
  <testcase classname="ptolemy.util.test.junit.AutoTests" name="[9] /home/travis/build/icyphy/ptII/ptolemy/actor/lib/test/auto/ArrayAppend5.xml (RunModel)" time="0.017" />
  <testcase classname="ptolemy.util.test.junit.AutoTests" name="[10] /home/travis/build/icyphy/ptII/ptolemy/actor/lib/test/auto/ArrayAppend6.xml (RunModel)" time="0.026" />
  <testcase classname="ptolemy.util.test.junit.AutoTests" name="[11] /home/travis/build/icyphy/ptII/ptolemy/actor/lib/test/auto/ArrayAppendPerformanceTest.xml (RunModel)" time="0.055" />
  <testcase classname="ptolemy.util.test.junit.AutoTests" name="[12] /home/travis/build/icyphy/ptII/ptolemy/actor/lib/test/auto/ArrayAppendWithEmptyInput.xml (RunModel)" time="0.097" />
  <testcase classname="ptolemy.util.test.junit.AutoTests" name="[13] /home/travis/build/icyphy/ptII/ptolemy/actor/lib/test/auto/ArrayAverage.xml (RunModel)" time="0.048" />
  <testcase classname="ptolemy.util.test.junit.AutoTests" name="[14] /home/travis/build/icyphy/ptII/ptolemy/actor/lib/test/auto/ArrayContains.xml (RunModel)" time="0.013" />
  <testcase classname="ptolemy.util.test.junit.AutoTests" name="[15] /home/travis/build/icyphy/ptII/ptolemy/actor/lib/test/auto/ArrayElement.xml (RunModel)" time="0.028" />
  <testcase classname="ptolemy.util.test.junit.AutoTests" name="[16] /home/travis/build/icyphy/ptII/ptolemy/actor/lib/test/auto/ArrayElementAsMatrix.xml (RunModel)" time="0.059" />
  <testcase classname="ptolemy.util.test.junit.AutoTests" name="[17] /home/travis/build/icyphy/ptII/ptolemy/actor/lib/test/auto/ArrayElementI.xml (RunModel)" time="0.017" />
  <testcase classname="ptolemy.util.test.junit.AutoTests" name="[18] /home/travis/build/icyphy/ptII/ptolemy/actor/lib/test/auto/ArrayExtract.xml (RunModel)" time="0.029" />
  <testcase classname="ptolemy.util.test.junit.AutoTests" name="[19] /home/travis/build/icyphy/ptII/ptolemy/actor/lib/test/auto/ArrayExtract2.xml (RunModel)" time="0.016" />
  <testcase classname="ptolemy.util.test.junit.AutoTests" name="[20] /home/travis/build/icyphy/ptII/ptolemy/actor/lib/test/auto/ArrayLength.xml (RunModel)" time="0.026" />
  <testcase classname="ptolemy.util.test.junit.AutoTests" name="[21] /home/travis/build/icyphy/ptII/ptolemy/actor/lib/test/auto/ArrayLevelCrossing.xml (RunModel)" time="0.026" />
  <testcase classname="ptolemy.util.test.junit.AutoTests" name="[22] /home/travis/build/icyphy/ptII/ptolemy/actor/lib/test/auto/ArrayLevelCrossing2.xml (RunModel)" time="0.021" />
  <testcase classname="ptolemy.util.test.junit.AutoTests" name="[23] /home/travis/build/icyphy/ptII/ptolemy/actor/lib/test/auto/ArrayPeakSearch.xml (RunModel)" time="0.041" />
  <testcase classname="ptolemy.util.test.junit.AutoTests" name="[24] /home/travis/build/icyphy/ptII/ptolemy/actor/lib/test/auto/ArrayPeakSearch2.xml (RunModel)" time="0.037" />
  <testcase classname="ptolemy.util.test.junit.AutoTests" name="[25] /home/travis/build/icyphy/ptII/ptolemy/actor/lib/test/auto/ArrayPeakSearch3.xml (RunModel)" time="0.032" />
  <testcase classname="ptolemy.util.test.junit.AutoTests" name="[26] /home/travis/build/icyphy/ptII/ptolemy/actor/lib/test/auto/ArrayRemoveElement.xml (RunModel)" time="0.029" />
  <testcase classname="ptolemy.util.test.junit.AutoTests" name="[27] /home/travis/build/icyphy/ptII/ptolemy/actor/lib/test/auto/ArraySort.xml (RunModel)" time="0.039" />
  <testcase classname="ptolemy.util.test.junit.AutoTests" name="[28] /home/travis/build/icyphy/ptII/ptolemy/actor/lib/test/auto/ArraySum.xml (RunModel)" time="0.021" />
  <testcase classname="ptolemy.util.test.junit.AutoTests" name="[29] /home/travis/build/icyphy/ptII/ptolemy/actor/lib/test/auto/ArrayToElements.xml (RunModel)" time="0.025" />
  <testcase classname="ptolemy.util.test.junit.AutoTests" name="[30] /home/travis/build/icyphy/ptII/ptolemy/actor/lib/test/auto/ArrayToMatrix.xml (RunModel)" time="0.065" />
  <testcase classname="ptolemy.util.test.junit.AutoTests" name="[31] /home/travis/build/icyphy/ptII/ptolemy/actor/lib/test/auto/ArrayUpdate1.xml (RunModel)" time="0.017" />
  <testcase classname="ptolemy.util.test.junit.AutoTests" name="[32] /home/travis/build/icyphy/ptII/ptolemy/actor/lib/test/auto/ArrayUpdate2.xml (RunModel)" time="0.033" />
  <testcase classname="ptolemy.util.test.junit.AutoTests" name="[33] /home/travis/build/icyphy/ptII/ptolemy/actor/lib/test/auto/ArrayUpdate3.xml (RunModel)" time="0.014" />
  <testcase classname="ptolemy.util.test.junit.AutoTests" name="[34] /home/travis/build/icyphy/ptII/ptolemy/actor/lib/test/auto/Assert1.xml (RunModel)" time="0.023" />
  <testcase classname="ptolemy.util.test.junit.AutoTests" name="[35] /home/travis/build/icyphy/ptII/ptolemy/actor/lib/test/auto/Assert2.xml (RunModel)" time="0.012" />
  <testcase classname="ptolemy.util.test.junit.AutoTests" name="[36] /home/travis/build/icyphy/ptII/ptolemy/actor/lib/test/auto/BooleanMultiplexor.xml (RunModel)" time="0.018" />
  <testcase classname="ptolemy.util.test.junit.AutoTests" name="[37] /home/travis/build/icyphy/ptII/ptolemy/actor/lib/test/auto/BooleanMultiplexor2.xml (RunModel)" time="0.026" />
  <testcase classname="ptolemy.util.test.junit.AutoTests" name="[38] /home/travis/build/icyphy/ptII/ptolemy/actor/lib/test/auto/BooleanMultiplexor3.xml (RunModel)" time="0.017" />
  <testcase classname="ptolemy.util.test.junit.AutoTests" name="[39] /home/travis/build/icyphy/ptII/ptolemy/actor/lib/test/auto/BooleanSelect.xml (RunModel)" time="0.016" />
  <testcase classname="ptolemy.util.test.junit.AutoTests" name="[40] /home/travis/build/icyphy/ptII/ptolemy/actor/lib/test/auto/BooleanSelect2.xml (RunModel)" time="0.012" />
  <testcase classname="ptolemy.util.test.junit.AutoTests" name="[41] /home/travis/build/icyphy/ptII/ptolemy/actor/lib/test/auto/BooleanSwitch.xml (RunModel)" time="0.015" />
  <testcase classname="ptolemy.util.test.junit.AutoTests" name="[42] /home/travis/build/icyphy/ptII/ptolemy/actor/lib/test/auto/BooleanSwitch2.xml (RunModel)" time="0.013" />
  <testcase classname="ptolemy.util.test.junit.AutoTests" name="[43] /home/travis/build/icyphy/ptII/ptolemy/actor/lib/test/auto/BooleanSwitchCloningBugWithClassRelationGroup.xml (RunModel)" time="0.023" />
  <testcase classname="ptolemy.util.test.junit.AutoTests" name="[44] /home/travis/build/icyphy/ptII/ptolemy/actor/lib/test/auto/BusActors.xml (RunModel)" time="0.025" />
  <testcase classname="ptolemy.util.test.junit.AutoTests" name="[45] /home/travis/build/icyphy/ptII/ptolemy/actor/lib/test/auto/ClassWrapper.xml (RunModel)" time="0.011" />
  <testcase classname="ptolemy.util.test.junit.AutoTests" name="[46] /home/travis/build/icyphy/ptII/ptolemy/actor/lib/test/auto/Clock.xml (RunModel)" time="0.01" />
  <testcase classname="ptolemy.util.test.junit.AutoTests" name="[47] /home/travis/build/icyphy/ptII/ptolemy/actor/lib/test/auto/Clock10.xml (RunModel)" time="0.016" />
  <testcase classname="ptolemy.util.test.junit.AutoTests" name="[48] /home/travis/build/icyphy/ptII/ptolemy/actor/lib/test/auto/Clock11.xml (RunModel)" time="0.016" />
  <testcase classname="ptolemy.util.test.junit.AutoTests" name="[49] /home/travis/build/icyphy/ptII/ptolemy/actor/lib/test/auto/Clock12.xml (RunModel)" time="0.017" />
  <testcase classname="ptolemy.util.test.junit.AutoTests" name="[50] /home/travis/build/icyphy/ptII/ptolemy/actor/lib/test/auto/Clock13.xml (RunModel)" time="0.022" />
  <testcase classname="ptolemy.util.test.junit.AutoTests" name="[51] /home/travis/build/icyphy/ptII/ptolemy/actor/lib/test/auto/Clock14.xml (RunModel)" time="0.022" />
  <testcase classname="ptolemy.util.test.junit.AutoTests" name="[52] /home/travis/build/icyphy/ptII/ptolemy/actor/lib/test/auto/Clock15.xml (RunModel)" time="0.013" />
  <testcase classname="ptolemy.util.test.junit.AutoTests" name="[53] /home/travis/build/icyphy/ptII/ptolemy/actor/lib/test/auto/Clock16.xml (RunModel)" time="0.13" />
  <testcase classname="ptolemy.util.test.junit.AutoTests" name="[54] /home/travis/build/icyphy/ptII/ptolemy/actor/lib/test/auto/Clock17.xml (RunModel)" time="0.047" />
  <testcase classname="ptolemy.util.test.junit.AutoTests" name="[55] /home/travis/build/icyphy/ptII/ptolemy/actor/lib/test/auto/Clock18.xml (RunModel)" time="0.047" />
  <testcase classname="ptolemy.util.test.junit.AutoTests" name="[56] /home/travis/build/icyphy/ptII/ptolemy/actor/lib/test/auto/Clock19.xml (RunModel)" time="0.049" />
  <testcase classname="ptolemy.util.test.junit.AutoTests" name="[57] /home/travis/build/icyphy/ptII/ptolemy/actor/lib/test/auto/Clock2.xml (RunModel)" time="0.013" />
  <testcase classname="ptolemy.util.test.junit.AutoTests" name="[58] /home/travis/build/icyphy/ptII/ptolemy/actor/lib/test/auto/Clock20.xml (RunModel)" time="0.023" />
  <testcase classname="ptolemy.util.test.junit.AutoTests" name="[59] /home/travis/build/icyphy/ptII/ptolemy/actor/lib/test/auto/Clock21.xml (RunModel)" time="0.016" />
  <testcase classname="ptolemy.util.test.junit.AutoTests" name="[60] /home/travis/build/icyphy/ptII/ptolemy/actor/lib/test/auto/Clock22.xml (RunModel)" time="0.016" />
  <testcase classname="ptolemy.util.test.junit.AutoTests" name="[61] /home/travis/build/icyphy/ptII/ptolemy/actor/lib/test/auto/Clock23.xml (RunModel)" time="0.018" />
  <testcase classname="ptolemy.util.test.junit.AutoTests" name="[62] /home/travis/build/icyphy/ptII/ptolemy/actor/lib/test/auto/Clock24.xml (RunModel)" time="0.017" />
  <testcase classname="ptolemy.util.test.junit.AutoTests" name="[63] /home/travis/build/icyphy/ptII/ptolemy/actor/lib/test/auto/Clock4.xml (RunModel)" time="0.013" />
  <testcase classname="ptolemy.util.test.junit.AutoTests" name="[64] /home/travis/build/icyphy/ptII/ptolemy/actor/lib/test/auto/Clock5.xml (RunModel)" time="0.018" />
  <testcase classname="ptolemy.util.test.junit.AutoTests" name="[65] /home/travis/build/icyphy/ptII/ptolemy/actor/lib/test/auto/Clock6.xml (RunModel)" time="0.016" />
  <testcase classname="ptolemy.util.test.junit.AutoTests" name="[66] /home/travis/build/icyphy/ptII/ptolemy/actor/lib/test/auto/Clock7.xml (RunModel)" time="0.01" />
  <testcase classname="ptolemy.util.test.junit.AutoTests" name="[67] /home/travis/build/icyphy/ptII/ptolemy/actor/lib/test/auto/Clock8.xml (RunModel)" time="0.013" />
  <testcase classname="ptolemy.util.test.junit.AutoTests" name="[68] /home/travis/build/icyphy/ptII/ptolemy/actor/lib/test/auto/Clock9.xml (RunModel)" time="0.015" />
  <testcase classname="ptolemy.util.test.junit.AutoTests" name="[69] /home/travis/build/icyphy/ptII/ptolemy/actor/lib/test/auto/CommDistDiscard.xml (RunModel)" time="0.028" />
  <testcase classname="ptolemy.util.test.junit.AutoTests" name="[70] /home/travis/build/icyphy/ptII/ptolemy/actor/lib/test/auto/Commutator.xml (RunModel)" time="0.016" />
  <testcase classname="ptolemy.util.test.junit.AutoTests" name="[71] /home/travis/build/icyphy/ptII/ptolemy/actor/lib/test/auto/Commutator2.xml (RunModel)" time="0.011" />
  <testcase classname="ptolemy.util.test.junit.AutoTests" name="[72] /home/travis/build/icyphy/ptII/ptolemy/actor/lib/test/auto/Commutator3.xml (RunModel)" time="0.013" />
  <testcase classname="ptolemy.util.test.junit.AutoTests" name="[73] /home/travis/build/icyphy/ptII/ptolemy/actor/lib/test/auto/Compare.xml (RunModel)" time="0.03" />
  <testcase classname="ptolemy.util.test.junit.AutoTests" name="[74] /home/travis/build/icyphy/ptII/ptolemy/actor/lib/test/auto/CompareDE.xml (RunModel)" time="0.019" />
  <testcase classname="ptolemy.util.test.junit.AutoTests" name="[75] /home/travis/build/icyphy/ptII/ptolemy/actor/lib/test/auto/ComplexDivide.xml (RunModel)" time="0.009" />
  <testcase classname="ptolemy.util.test.junit.AutoTests" name="[76] /home/travis/build/icyphy/ptII/ptolemy/actor/lib/test/auto/ComputeHistogram.xml (RunModel)" time="0.065" />
  <testcase classname="ptolemy.util.test.junit.AutoTests" name="[77] /home/travis/build/icyphy/ptII/ptolemy/actor/lib/test/auto/ConfigurationSelect.xml (RunModel)" time="0.015" />
  <testcase classname="ptolemy.util.test.junit.AutoTests" name="[78] /home/travis/build/icyphy/ptII/ptolemy/actor/lib/test/auto/ConfigurationSelect2.xml (RunModel)" time="0.009" />
  <testcase classname="ptolemy.util.test.junit.AutoTests" name="[79] /home/travis/build/icyphy/ptII/ptolemy/actor/lib/test/auto/ConfigurationSwitch.xml (RunModel)" time="0.022" />
  <testcase classname="ptolemy.util.test.junit.AutoTests" name="[80] /home/travis/build/icyphy/ptII/ptolemy/actor/lib/test/auto/ConfigurationSwitch2.xml (RunModel)" time="0.024" />
  <testcase classname="ptolemy.util.test.junit.AutoTests" name="[81] /home/travis/build/icyphy/ptII/ptolemy/actor/lib/test/auto/ConfigurationSwitchCloningBugWithClassRelationGroup.xml (RunModel)" time="0.023" />
  <testcase classname="ptolemy.util.test.junit.AutoTests" name="[82] /home/travis/build/icyphy/ptII/ptolemy/actor/lib/test/auto/ConfigurationSwitchSelectSDF.xml (RunModel)" time="0.01" />
  <testcase classname="ptolemy.util.test.junit.AutoTests" name="[83] /home/travis/build/icyphy/ptII/ptolemy/actor/lib/test/auto/ConfigurationSwitchSelectSDF2.xml (RunModel)" time="0.011" />
  <testcase classname="ptolemy.util.test.junit.AutoTests" name="[84] /home/travis/build/icyphy/ptII/ptolemy/actor/lib/test/auto/Const.xml (RunModel)" time="0.005" />
  <testcase classname="ptolemy.util.test.junit.AutoTests" name="[85] /home/travis/build/icyphy/ptII/ptolemy/actor/lib/test/auto/Const2.xml (RunModel)" time="0.007" />
  <testcase classname="ptolemy.util.test.junit.AutoTests" name="[86] /home/travis/build/icyphy/ptII/ptolemy/actor/lib/test/auto/Const3.xml (RunModel)" time="0.005" />
  <testcase classname="ptolemy.util.test.junit.AutoTests" name="[87] /home/travis/build/icyphy/ptII/ptolemy/actor/lib/test/auto/ConstantPublisherPort1.xml (RunModel)" time="0.017" />
  <testcase classname="ptolemy.util.test.junit.AutoTests" name="[88] /home/travis/build/icyphy/ptII/ptolemy/actor/lib/test/auto/ConstantPublisherPort2.xml (RunModel)" time="0.02" />
  <testcase classname="ptolemy.util.test.junit.AutoTests" name="[89] /home/travis/build/icyphy/ptII/ptolemy/actor/lib/test/auto/ConstantPublisherPort3.xml (RunModel)" time="0.026" />
  <testcase classname="ptolemy.util.test.junit.AutoTests" name="[90] /home/travis/build/icyphy/ptII/ptolemy/actor/lib/test/auto/ConstantPublisherPort4.xml (RunModel)" time="0.017" />
  <testcase classname="ptolemy.util.test.junit.AutoTests" name="[91] /home/travis/build/icyphy/ptII/ptolemy/actor/lib/test/auto/ConstantPublisherPort5.xml (RunModel)" time="0.038" />
  <testcase classname="ptolemy.util.test.junit.AutoTests" name="[92] /home/travis/build/icyphy/ptII/ptolemy/actor/lib/test/auto/ConstantPublisherPort6.xml (RunModel)" time="0.026" />
  <testcase classname="ptolemy.util.test.junit.AutoTests" name="[93] /home/travis/build/icyphy/ptII/ptolemy/actor/lib/test/auto/ConstantPublisherPort7.xml (RunModel)" time="0.028" />
  <testcase classname="ptolemy.util.test.junit.AutoTests" name="[94] /home/travis/build/icyphy/ptII/ptolemy/actor/lib/test/auto/ConstraintMonitor1.xml (RunModel)" time="0.033" />
  <testcase classname="ptolemy.util.test.junit.AutoTests" name="[95] /home/travis/build/icyphy/ptII/ptolemy/actor/lib/test/auto/ConstraintMonitor2.xml (RunModel)" time="0.011" />
  <testcase classname="ptolemy.util.test.junit.AutoTests" name="[96] /home/travis/build/icyphy/ptII/ptolemy/actor/lib/test/auto/ConstraintMonitor3.xml (RunModel)" time="0.017" />
  <testcase classname="ptolemy.util.test.junit.AutoTests" name="[97] /home/travis/build/icyphy/ptII/ptolemy/actor/lib/test/auto/ConstraintMonitor4.xml (RunModel)" time="0.012" />
  <testcase classname="ptolemy.util.test.junit.AutoTests" name="[98] /home/travis/build/icyphy/ptII/ptolemy/actor/lib/test/auto/ConstraintMonitor5.xml (RunModel)" time="0.019" />
  <testcase classname="ptolemy.util.test.junit.AutoTests" name="[99] /home/travis/build/icyphy/ptII/ptolemy/actor/lib/test/auto/ConstraintMonitor6.xml (RunModel)" time="0.016" />
  <testcase classname="ptolemy.util.test.junit.AutoTests" name="[100] /home/travis/build/icyphy/ptII/ptolemy/actor/lib/test/auto/ConstraintMonitor7.xml (RunModel)" time="0.015" />
  <testcase classname="ptolemy.util.test.junit.AutoTests" name="[101] /home/travis/build/icyphy/ptII/ptolemy/actor/lib/test/auto/ConstraintMonitor8.xml (RunModel)" time="0.015" />
  <testcase classname="ptolemy.util.test.junit.AutoTests" name="[102] /home/travis/build/icyphy/ptII/ptolemy/actor/lib/test/auto/Counter.xml (RunModel)" time="0.016" />
  <testcase classname="ptolemy.util.test.junit.AutoTests" name="[103] /home/travis/build/icyphy/ptII/ptolemy/actor/lib/test/auto/CurrentTimeSDF.xml (RunModel)" time="0.007" />
  <testcase classname="ptolemy.util.test.junit.AutoTests" name="[104] /home/travis/build/icyphy/ptII/ptolemy/actor/lib/test/auto/DB.xml (RunModel)" time="0.012" />
  <testcase classname="ptolemy.util.test.junit.AutoTests" name="[105] /home/travis/build/icyphy/ptII/ptolemy/actor/lib/test/auto/DBDE.xml (RunModel)" time="0.011" />
  <testcase classname="ptolemy.util.test.junit.AutoTests" name="[106] /home/travis/build/icyphy/ptII/ptolemy/actor/lib/test/auto/DateConstructor.xml (RunModel)" time="0.096" />
  <testcase classname="ptolemy.util.test.junit.AutoTests" name="[107] /home/travis/build/icyphy/ptII/ptolemy/actor/lib/test/auto/DelayTime.xml (RunModel)" time="0.013" />
  <testcase classname="ptolemy.util.test.junit.AutoTests" name="[108] /home/travis/build/icyphy/ptII/ptolemy/actor/lib/test/auto/Dictionary1.xml (RunModel)" time="0.013" />
  <testcase classname="ptolemy.util.test.junit.AutoTests" name="[109] /home/travis/build/icyphy/ptII/ptolemy/actor/lib/test/auto/Dictionary2.xml (RunModel)" time="0.013" />
  <testcase classname="ptolemy.util.test.junit.AutoTests" name="[110] /home/travis/build/icyphy/ptII/ptolemy/actor/lib/test/auto/Dictionary3.xml (RunModel)" time="0.012" />
  <testcase classname="ptolemy.util.test.junit.AutoTests" name="[111] /home/travis/build/icyphy/ptII/ptolemy/actor/lib/test/auto/Dictionary4.xml (RunModel)" time="0.014" />
  <testcase classname="ptolemy.util.test.junit.AutoTests" name="[112] /home/travis/build/icyphy/ptII/ptolemy/actor/lib/test/auto/Differential.xml (RunModel)" time="0.01" />
  <testcase classname="ptolemy.util.test.junit.AutoTests" name="[113] /home/travis/build/icyphy/ptII/ptolemy/actor/lib/test/auto/Director.xml (RunModel)" time="0.013" />
  <testcase classname="ptolemy.util.test.junit.AutoTests" name="[114] /home/travis/build/icyphy/ptII/ptolemy/actor/lib/test/auto/DiscreteClock.xml (RunModel)" time="0.008" />
  <testcase classname="ptolemy.util.test.junit.AutoTests" name="[115] /home/travis/build/icyphy/ptII/ptolemy/actor/lib/test/auto/DiscreteClock10.xml (RunModel)" time="0.012" />
  <testcase classname="ptolemy.util.test.junit.AutoTests" name="[116] /home/travis/build/icyphy/ptII/ptolemy/actor/lib/test/auto/DiscreteClock11.xml (RunModel)" time="0.012" />
  <testcase classname="ptolemy.util.test.junit.AutoTests" name="[117] /home/travis/build/icyphy/ptII/ptolemy/actor/lib/test/auto/DiscreteClock12.xml (RunModel)" time="0.013" />
  <testcase classname="ptolemy.util.test.junit.AutoTests" name="[118] /home/travis/build/icyphy/ptII/ptolemy/actor/lib/test/auto/DiscreteClock13.xml (RunModel)" time="0.014" />
  <testcase classname="ptolemy.util.test.junit.AutoTests" name="[119] /home/travis/build/icyphy/ptII/ptolemy/actor/lib/test/auto/DiscreteClock14.xml (RunModel)" time="0.015" />
  <testcase classname="ptolemy.util.test.junit.AutoTests" name="[120] /home/travis/build/icyphy/ptII/ptolemy/actor/lib/test/auto/DiscreteClock15.xml (RunModel)" time="0.013" />
  <testcase classname="ptolemy.util.test.junit.AutoTests" name="[121] /home/travis/build/icyphy/ptII/ptolemy/actor/lib/test/auto/DiscreteClock16.xml (RunModel)" time="0.046" />
  <testcase classname="ptolemy.util.test.junit.AutoTests" name="[122] /home/travis/build/icyphy/ptII/ptolemy/actor/lib/test/auto/DiscreteClock17.xml (RunModel)" time="0.039" />
  <testcase classname="ptolemy.util.test.junit.AutoTests" name="[123] /home/travis/build/icyphy/ptII/ptolemy/actor/lib/test/auto/DiscreteClock18.xml (RunModel)" time="0.041" />
  <testcase classname="ptolemy.util.test.junit.AutoTests" name="[124] /home/travis/build/icyphy/ptII/ptolemy/actor/lib/test/auto/DiscreteClock19.xml (RunModel)" time="0.051" />
  <testcase classname="ptolemy.util.test.junit.AutoTests" name="[125] /home/travis/build/icyphy/ptII/ptolemy/actor/lib/test/auto/DiscreteClock2.xml (RunModel)" time="0.009" />
  <testcase classname="ptolemy.util.test.junit.AutoTests" name="[126] /home/travis/build/icyphy/ptII/ptolemy/actor/lib/test/auto/DiscreteClock20.xml (RunModel)" time="0.018" />
  <testcase classname="ptolemy.util.test.junit.AutoTests" name="[127] /home/travis/build/icyphy/ptII/ptolemy/actor/lib/test/auto/DiscreteClock21.xml (RunModel)" time="0.016" />
  <testcase classname="ptolemy.util.test.junit.AutoTests" name="[128] /home/travis/build/icyphy/ptII/ptolemy/actor/lib/test/auto/DiscreteClock22.xml (RunModel)" time="0.014" />
  <testcase classname="ptolemy.util.test.junit.AutoTests" name="[129] /home/travis/build/icyphy/ptII/ptolemy/actor/lib/test/auto/DiscreteClock23.xml (RunModel)" time="0.019" />
  <testcase classname="ptolemy.util.test.junit.AutoTests" name="[130] /home/travis/build/icyphy/ptII/ptolemy/actor/lib/test/auto/DiscreteClock24.xml (RunModel)" time="0.012" />
  <testcase classname="ptolemy.util.test.junit.AutoTests" name="[131] /home/travis/build/icyphy/ptII/ptolemy/actor/lib/test/auto/DiscreteClock4.xml (RunModel)" time="0.011" />
  <testcase classname="ptolemy.util.test.junit.AutoTests" name="[132] /home/travis/build/icyphy/ptII/ptolemy/actor/lib/test/auto/DiscreteClock5.xml (RunModel)" time="0.009" />
  <testcase classname="ptolemy.util.test.junit.AutoTests" name="[133] /home/travis/build/icyphy/ptII/ptolemy/actor/lib/test/auto/DiscreteClock6.xml (RunModel)" time="0.01" />
  <testcase classname="ptolemy.util.test.junit.AutoTests" name="[134] /home/travis/build/icyphy/ptII/ptolemy/actor/lib/test/auto/DiscreteClock7.xml (RunModel)" time="0.008" />
  <testcase classname="ptolemy.util.test.junit.AutoTests" name="[135] /home/travis/build/icyphy/ptII/ptolemy/actor/lib/test/auto/DiscreteClock8.xml (RunModel)" time="0.02" />
  <testcase classname="ptolemy.util.test.junit.AutoTests" name="[136] /home/travis/build/icyphy/ptII/ptolemy/actor/lib/test/auto/DiscreteClock9.xml (RunModel)" time="0.012" />
  <testcase classname="ptolemy.util.test.junit.AutoTests" name="[137] /home/travis/build/icyphy/ptII/ptolemy/actor/lib/test/auto/DisplayArray.xml (RunModel)" time="0.007" />
  <testcase classname="ptolemy.util.test.junit.AutoTests" name="[138] /home/travis/build/icyphy/ptII/ptolemy/actor/lib/test/auto/Distributor.xml (RunModel)" time="0.008" />
  <testcase classname="ptolemy.util.test.junit.AutoTests" name="[139] /home/travis/build/icyphy/ptII/ptolemy/actor/lib/test/auto/Distributor2.xml (RunModel)" time="0.011" />
  <testcase classname="ptolemy.util.test.junit.AutoTests" name="[140] /home/travis/build/icyphy/ptII/ptolemy/actor/lib/test/auto/DownSample.xml (RunModel)" time="0.008" />
  <testcase classname="ptolemy.util.test.junit.AutoTests" name="[141] /home/travis/build/icyphy/ptII/ptolemy/actor/lib/test/auto/ElectronicUnitBase1.xml (RunModel)" time="0.052" />
  <testcase classname="ptolemy.util.test.junit.AutoTests" name="[142] /home/travis/build/icyphy/ptII/ptolemy/actor/lib/test/auto/ElementsToArray.xml (RunModel)" time="0.016" />
  <testcase classname="ptolemy.util.test.junit.AutoTests" name="[143] /home/travis/build/icyphy/ptII/ptolemy/actor/lib/test/auto/Equals.xml (RunModel)" time="0.013" />
  <testcase classname="ptolemy.util.test.junit.AutoTests" name="[144] /home/travis/build/icyphy/ptII/ptolemy/actor/lib/test/auto/Exec.xml (RunModel)" time="0.028" />
  <testcase classname="ptolemy.util.test.junit.AutoTests" name="[145] /home/travis/build/icyphy/ptII/ptolemy/actor/lib/test/auto/ExecEnvironment.xml (RunModel)" time="0.054" />
  <testcase classname="ptolemy.util.test.junit.AutoTests" name="[146] /home/travis/build/icyphy/ptII/ptolemy/actor/lib/test/auto/ExecNonZeroReturnOutput.xml (RunModel)" time="0.204" />
  <testcase classname="ptolemy.util.test.junit.AutoTests" name="[147] /home/travis/build/icyphy/ptII/ptolemy/actor/lib/test/auto/ExecRunDemos.xml (RunModel)" time="10.203" />
  <testcase classname="ptolemy.util.test.junit.AutoTests" name="[148] /home/travis/build/icyphy/ptII/ptolemy/actor/lib/test/auto/ExecStop.xml (RunModel)" time="5.031" />
  <testcase classname="ptolemy.util.test.junit.AutoTests" name="[149] /home/travis/build/icyphy/ptII/ptolemy/actor/lib/test/auto/ExecutionTimeSDF.xml (RunModel)" time="6.03" />
  <testcase classname="ptolemy.util.test.junit.AutoTests" name="[150] /home/travis/build/icyphy/ptII/ptolemy/actor/lib/test/auto/Expression1.xml (RunModel)" time="0.01" />
  <testcase classname="ptolemy.util.test.junit.AutoTests" name="[151] /home/travis/build/icyphy/ptII/ptolemy/actor/lib/test/auto/Expression10.xml (RunModel)" time="0.012" />
  <testcase classname="ptolemy.util.test.junit.AutoTests" name="[152] /home/travis/build/icyphy/ptII/ptolemy/actor/lib/test/auto/Expression11.xml (RunModel)" time="0.01" />
  <testcase classname="ptolemy.util.test.junit.AutoTests" name="[153] /home/travis/build/icyphy/ptII/ptolemy/actor/lib/test/auto/Expression12.xml (RunModel)" time="0.01" />
  <testcase classname="ptolemy.util.test.junit.AutoTests" name="[154] /home/travis/build/icyphy/ptII/ptolemy/actor/lib/test/auto/Expression13.xml (RunModel)" time="0.01" />
  <testcase classname="ptolemy.util.test.junit.AutoTests" name="[155] /home/travis/build/icyphy/ptII/ptolemy/actor/lib/test/auto/Expression14.xml (RunModel)" time="0.018" />
  <testcase classname="ptolemy.util.test.junit.AutoTests" name="[156] /home/travis/build/icyphy/ptII/ptolemy/actor/lib/test/auto/Expression15.xml (RunModel)" time="0.006" />
  <testcase classname="ptolemy.util.test.junit.AutoTests" name="[157] /home/travis/build/icyphy/ptII/ptolemy/actor/lib/test/auto/Expression16.xml (RunModel)" time="0.011" />
  <testcase classname="ptolemy.util.test.junit.AutoTests" name="[158] /home/travis/build/icyphy/ptII/ptolemy/actor/lib/test/auto/Expression17.xml (RunModel)" time="0.022" />
  <testcase classname="ptolemy.util.test.junit.AutoTests" name="[159] /home/travis/build/icyphy/ptII/ptolemy/actor/lib/test/auto/Expression18.xml (RunModel)" time="0.014" />
  <testcase classname="ptolemy.util.test.junit.AutoTests" name="[160] /home/travis/build/icyphy/ptII/ptolemy/actor/lib/test/auto/Expression2.xml (RunModel)" time="0.013" />
  <testcase classname="ptolemy.util.test.junit.AutoTests" name="[161] /home/travis/build/icyphy/ptII/ptolemy/actor/lib/test/auto/Expression3.xml (RunModel)" time="0.012" />
  <testcase classname="ptolemy.util.test.junit.AutoTests" name="[162] /home/travis/build/icyphy/ptII/ptolemy/actor/lib/test/auto/Expression4.xml (RunModel)" time="0.015" />
  <testcase classname="ptolemy.util.test.junit.AutoTests" name="[163] /home/travis/build/icyphy/ptII/ptolemy/actor/lib/test/auto/Expression5.xml (RunModel)" time="0.011" />
  <testcase classname="ptolemy.util.test.junit.AutoTests" name="[164] /home/travis/build/icyphy/ptII/ptolemy/actor/lib/test/auto/Expression6.xml (RunModel)" time="0.008" />
  <testcase classname="ptolemy.util.test.junit.AutoTests" name="[165] /home/travis/build/icyphy/ptII/ptolemy/actor/lib/test/auto/Expression7.xml (RunModel)" time="0.011" />
  <testcase classname="ptolemy.util.test.junit.AutoTests" name="[166] /home/travis/build/icyphy/ptII/ptolemy/actor/lib/test/auto/Expression8.xml (RunModel)" time="0.014" />
  <testcase classname="ptolemy.util.test.junit.AutoTests" name="[167] /home/travis/build/icyphy/ptII/ptolemy/actor/lib/test/auto/Expression9.xml (RunModel)" time="0.008" />
  <testcase classname="ptolemy.util.test.junit.AutoTests" name="[168] /home/travis/build/icyphy/ptII/ptolemy/actor/lib/test/auto/ExpressionConcatenateArrayType.xml (RunModel)" time="0.025" />
  <testcase classname="ptolemy.util.test.junit.AutoTests" name="[169] /home/travis/build/icyphy/ptII/ptolemy/actor/lib/test/auto/ExpressionConcatenateArrayType2.xml (RunModel)" time="0.019" />
  <testcase classname="ptolemy.util.test.junit.AutoTests" name="[170] /home/travis/build/icyphy/ptII/ptolemy/actor/lib/test/auto/ExpressionFix.xml (RunModel)" time="0.037" />
  <testcase classname="ptolemy.util.test.junit.AutoTests" name="[171] /home/travis/build/icyphy/ptII/ptolemy/actor/lib/test/auto/ExpressionFix2.xml (RunModel)" time="0.013" />
  <testcase classname="ptolemy.util.test.junit.AutoTests" name="[172] /home/travis/build/icyphy/ptII/ptolemy/actor/lib/test/auto/ExpressionFix3.xml (RunModel)" time="0.012" />
  <testcase classname="ptolemy.util.test.junit.AutoTests" name="[173] /home/travis/build/icyphy/ptII/ptolemy/actor/lib/test/auto/FileWriter1.xml (RunModel)" time="0.011" />
  <testcase classname="ptolemy.util.test.junit.AutoTests" name="[174] /home/travis/build/icyphy/ptII/ptolemy/actor/lib/test/auto/FileWriter2.xml (RunModel)" time="0.011" />
  <testcase classname="ptolemy.util.test.junit.AutoTests" name="[175] /home/travis/build/icyphy/ptII/ptolemy/actor/lib/test/auto/FileWriter3.xml (RunModel)" time="0.011" />
  <testcase classname="ptolemy.util.test.junit.AutoTests" name="[176] /home/travis/build/icyphy/ptII/ptolemy/actor/lib/test/auto/Gaussian.xml (RunModel)" time="0.009" />
  <testcase classname="ptolemy.util.test.junit.AutoTests" name="[177] /home/travis/build/icyphy/ptII/ptolemy/actor/lib/test/auto/Gaussian1.xml (RunModel)" time="0.013" />
  <testcase classname="ptolemy.util.test.junit.AutoTests" name="[178] /home/travis/build/icyphy/ptII/ptolemy/actor/lib/test/auto/Gaussian2.xml (RunModel)" time="0.021" />
  <testcase classname="ptolemy.util.test.junit.AutoTests" name="[179] /home/travis/build/icyphy/ptII/ptolemy/actor/lib/test/auto/GradientAdaptiveLattice.xml (RunModel)" time="0.013" />
  <testcase classname="ptolemy.util.test.junit.AutoTests" name="[180] /home/travis/build/icyphy/ptII/ptolemy/actor/lib/test/auto/IIR.xml (RunModel)" time="0.008" />
  <testcase classname="ptolemy.util.test.junit.AutoTests" name="[181] /home/travis/build/icyphy/ptII/ptolemy/actor/lib/test/auto/InputOutputTransparentPorts.xml (RunModel)" time="0.018" />
  <testcase classname="ptolemy.util.test.junit.AutoTests" name="[182] /home/travis/build/icyphy/ptII/ptolemy/actor/lib/test/auto/Interpolator.xml (RunModel)" time="0.009" />
  <testcase classname="ptolemy.util.test.junit.AutoTests" name="[183] /home/travis/build/icyphy/ptII/ptolemy/actor/lib/test/auto/InterpolatorFiringLimitDE.xml (RunModel)" time="0.011" />
  <testcase classname="ptolemy.util.test.junit.AutoTests" name="[184] /home/travis/build/icyphy/ptII/ptolemy/actor/lib/test/auto/Lattice.xml (RunModel)" time="0.007" />
  <testcase classname="ptolemy.util.test.junit.AutoTests" name="[185] /home/travis/build/icyphy/ptII/ptolemy/actor/lib/test/auto/LazyAOCTestLazy.xml (RunModel)" time="0.022" />
  <testcase classname="ptolemy.util.test.junit.AutoTests" name="[186] /home/travis/build/icyphy/ptII/ptolemy/actor/lib/test/auto/LazyAOCTestNonLazy.xml (RunModel)" time="0.047" />
  <testcase classname="ptolemy.util.test.junit.AutoTests" name="[187] /home/travis/build/icyphy/ptII/ptolemy/actor/lib/test/auto/LazyInnerClass.xml (RunModel)" time="0.035" />
  <testcase classname="ptolemy.util.test.junit.AutoTests" name="[188] /home/travis/build/icyphy/ptII/ptolemy/actor/lib/test/auto/LazyPubSub.xml (RunModel)" time="0.06" />
  <testcase classname="ptolemy.util.test.junit.AutoTests" name="[189] /home/travis/build/icyphy/ptII/ptolemy/actor/lib/test/auto/LazyPubSub2.xml (RunModel)" time="0.045" />
  <testcase classname="ptolemy.util.test.junit.AutoTests" name="[190] /home/travis/build/icyphy/ptII/ptolemy/actor/lib/test/auto/LazyPubSub3.xml (RunModel)" time="0.037" />
  <testcase classname="ptolemy.util.test.junit.AutoTests" name="[191] /home/travis/build/icyphy/ptII/ptolemy/actor/lib/test/auto/LazySubClassModel.xml (RunModel)" time="0.022" />
  <testcase classname="ptolemy.util.test.junit.AutoTests" name="[192] /home/travis/build/icyphy/ptII/ptolemy/actor/lib/test/auto/LevelCrossTest1.xml (RunModel)" time="0.028" />
  <testcase classname="ptolemy.util.test.junit.AutoTests" name="[193] /home/travis/build/icyphy/ptII/ptolemy/actor/lib/test/auto/LevelCrossTest10.xml (RunModel)" time="0.014" />
  <testcase classname="ptolemy.util.test.junit.AutoTests" name="[194] /home/travis/build/icyphy/ptII/ptolemy/actor/lib/test/auto/LevelCrossTest11.xml (RunModel)" time="0.016" />
  <testcase classname="ptolemy.util.test.junit.AutoTests" name="[195] /home/travis/build/icyphy/ptII/ptolemy/actor/lib/test/auto/LevelCrossTest12.xml (RunModel)" time="0.016" />
  <testcase classname="ptolemy.util.test.junit.AutoTests" name="[196] /home/travis/build/icyphy/ptII/ptolemy/actor/lib/test/auto/LevelCrossTest13.xml (RunModel)" time="0.013" />
  <testcase classname="ptolemy.util.test.junit.AutoTests" name="[197] /home/travis/build/icyphy/ptII/ptolemy/actor/lib/test/auto/LevelCrossTest2.xml (RunModel)" time="0.018" />
  <testcase classname="ptolemy.util.test.junit.AutoTests" name="[198] /home/travis/build/icyphy/ptII/ptolemy/actor/lib/test/auto/LevelCrossTest3.xml (RunModel)" time="0.01" />
  <testcase classname="ptolemy.util.test.junit.AutoTests" name="[199] /home/travis/build/icyphy/ptII/ptolemy/actor/lib/test/auto/LevelCrossTest4.xml (RunModel)" time="0.009" />
  <testcase classname="ptolemy.util.test.junit.AutoTests" name="[200] /home/travis/build/icyphy/ptII/ptolemy/actor/lib/test/auto/LevelCrossTest5.xml (RunModel)" time="0.014" />
  <testcase classname="ptolemy.util.test.junit.AutoTests" name="[201] /home/travis/build/icyphy/ptII/ptolemy/actor/lib/test/auto/LevelCrossTest6.xml (RunModel)" time="0.011" />
  <testcase classname="ptolemy.util.test.junit.AutoTests" name="[202] /home/travis/build/icyphy/ptII/ptolemy/actor/lib/test/auto/LevelCrossTest7.xml (RunModel)" time="0.018" />
  <testcase classname="ptolemy.util.test.junit.AutoTests" name="[203] /home/travis/build/icyphy/ptII/ptolemy/actor/lib/test/auto/LevelCrossTest8.xml (RunModel)" time="0.012" />
  <testcase classname="ptolemy.util.test.junit.AutoTests" name="[204] /home/travis/build/icyphy/ptII/ptolemy/actor/lib/test/auto/LevelCrossTest9.xml (RunModel)" time="0.011" />
  <testcase classname="ptolemy.util.test.junit.AutoTests" name="[205] /home/travis/build/icyphy/ptII/ptolemy/actor/lib/test/auto/LevinsonDurbin.xml (RunModel)" time="0.009" />
  <testcase classname="ptolemy.util.test.junit.AutoTests" name="[206] /home/travis/build/icyphy/ptII/ptolemy/actor/lib/test/auto/LevinsonDurbin2.xml (RunModel)" time="0.008" />
  <testcase classname="ptolemy.util.test.junit.AutoTests" name="[207] /home/travis/build/icyphy/ptII/ptolemy/actor/lib/test/auto/LevinsonDurbin3.xml (RunModel)" time="0.008" />
  <testcase classname="ptolemy.util.test.junit.AutoTests" name="[208] /home/travis/build/icyphy/ptII/ptolemy/actor/lib/test/auto/Limiter.xml (RunModel)" time="0.03" />
  <testcase classname="ptolemy.util.test.junit.AutoTests" name="[209] /home/travis/build/icyphy/ptII/ptolemy/actor/lib/test/auto/LinearDifferenceEquationSystem.xml (RunModel)" time="0.023" />
  <testcase classname="ptolemy.util.test.junit.AutoTests" name="[210] /home/travis/build/icyphy/ptII/ptolemy/actor/lib/test/auto/LookupTable.xml (RunModel)" time="0.008" />
  <testcase classname="ptolemy.util.test.junit.AutoTests" name="[211] /home/travis/build/icyphy/ptII/ptolemy/actor/lib/test/auto/MathFunction.xml (RunModel)" time="0.017" />
  <testcase classname="ptolemy.util.test.junit.AutoTests" name="[212] /home/travis/build/icyphy/ptII/ptolemy/actor/lib/test/auto/MathFunction2.xml (RunModel)" time="0.007" />
  <testcase classname="ptolemy.util.test.junit.AutoTests" name="[213] /home/travis/build/icyphy/ptII/ptolemy/actor/lib/test/auto/MathFunction3.xml (RunModel)" time="0.014" />
  <testcase classname="ptolemy.util.test.junit.AutoTests" name="[214] /home/travis/build/icyphy/ptII/ptolemy/actor/lib/test/auto/MatrixCropBoolean.xml (RunModel)" time="0.008" />
  <testcase classname="ptolemy.util.test.junit.AutoTests" name="[215] /home/travis/build/icyphy/ptII/ptolemy/actor/lib/test/auto/MatrixCropComplex.xml (RunModel)" time="0.007" />
  <testcase classname="ptolemy.util.test.junit.AutoTests" name="[216] /home/travis/build/icyphy/ptII/ptolemy/actor/lib/test/auto/MatrixCropDouble.xml (RunModel)" time="0.007" />
  <testcase classname="ptolemy.util.test.junit.AutoTests" name="[217] /home/travis/build/icyphy/ptII/ptolemy/actor/lib/test/auto/MatrixCropFix.xml (RunModel)" time="0.009" />
  <testcase classname="ptolemy.util.test.junit.AutoTests" name="[218] /home/travis/build/icyphy/ptII/ptolemy/actor/lib/test/auto/MatrixCropInt.xml (RunModel)" time="0.006" />
  <testcase classname="ptolemy.util.test.junit.AutoTests" name="[219] /home/travis/build/icyphy/ptII/ptolemy/actor/lib/test/auto/MatrixCropLong.xml (RunModel)" time="0.007" />
  <testcase classname="ptolemy.util.test.junit.AutoTests" name="[220] /home/travis/build/icyphy/ptII/ptolemy/actor/lib/test/auto/MatrixToArray.xml (RunModel)" time="0.035" />
  <testcase classname="ptolemy.util.test.junit.AutoTests" name="[221] /home/travis/build/icyphy/ptII/ptolemy/actor/lib/test/auto/MaxIndex.xml (RunModel)" time="0.01" />
  <testcase classname="ptolemy.util.test.junit.AutoTests" name="[222] /home/travis/build/icyphy/ptII/ptolemy/actor/lib/test/auto/Maximum.xml (RunModel)" time="0.01" />
  <testcase classname="ptolemy.util.test.junit.AutoTests" name="[223] /home/travis/build/icyphy/ptII/ptolemy/actor/lib/test/auto/MaximumComplex.xml (RunModel)" time="0.011" />
  <testcase classname="ptolemy.util.test.junit.AutoTests" name="[224] /home/travis/build/icyphy/ptII/ptolemy/actor/lib/test/auto/MethodCallTest.xml (RunModel)" time="0.018" />
  <testcase classname="ptolemy.util.test.junit.AutoTests" name="[225] /home/travis/build/icyphy/ptII/ptolemy/actor/lib/test/auto/Minimum.xml (RunModel)" time="0.013" />
  <testcase classname="ptolemy.util.test.junit.AutoTests" name="[226] /home/travis/build/icyphy/ptII/ptolemy/actor/lib/test/auto/MinimumComplex.xml (RunModel)" time="0.024" />
  <testcase classname="ptolemy.util.test.junit.AutoTests" name="[227] /home/travis/build/icyphy/ptII/ptolemy/actor/lib/test/auto/MinimumMultiports.xml (RunModel)" time="0.014" />
  <testcase classname="ptolemy.util.test.junit.AutoTests" name="[228] /home/travis/build/icyphy/ptII/ptolemy/actor/lib/test/auto/ModifyDate.xml (RunModel)" time="0.034" />
  <testcase classname="ptolemy.util.test.junit.AutoTests" name="[229] /home/travis/build/icyphy/ptII/ptolemy/actor/lib/test/auto/ModifyDate2.xml (RunModel)" time="0.024" />
  <testcase classname="ptolemy.util.test.junit.AutoTests" name="[230] /home/travis/build/icyphy/ptII/ptolemy/actor/lib/test/auto/MovingAverage.xml (RunModel)" time="0.009" />
  <testcase classname="ptolemy.util.test.junit.AutoTests" name="[231] /home/travis/build/icyphy/ptII/ptolemy/actor/lib/test/auto/MovingMaximum.xml (RunModel)" time="0.017" />
  <testcase classname="ptolemy.util.test.junit.AutoTests" name="[232] /home/travis/build/icyphy/ptII/ptolemy/actor/lib/test/auto/MultipleLinksToSameRelation.xml (RunModel)" time="0.009" />
  <testcase classname="ptolemy.util.test.junit.AutoTests" name="[233] /home/travis/build/icyphy/ptII/ptolemy/actor/lib/test/auto/MultipleLinksToSameRelationDE.xml (RunModel)" time="0.008" />
  <testcase classname="ptolemy.util.test.junit.AutoTests" name="[234] /home/travis/build/icyphy/ptII/ptolemy/actor/lib/test/auto/Multiplexor.xml (RunModel)" time="0.011" />
  <testcase classname="ptolemy.util.test.junit.AutoTests" name="[235] /home/travis/build/icyphy/ptII/ptolemy/actor/lib/test/auto/Multiplexor1.xml (RunModel)" time="0.01" />
  <testcase classname="ptolemy.util.test.junit.AutoTests" name="[236] /home/travis/build/icyphy/ptII/ptolemy/actor/lib/test/auto/Multiplexor2.xml (RunModel)" time="0.015" />
  <testcase classname="ptolemy.util.test.junit.AutoTests" name="[237] /home/travis/build/icyphy/ptII/ptolemy/actor/lib/test/auto/Multiplexor3.xml (RunModel)" time="0.008" />
  <testcase classname="ptolemy.util.test.junit.AutoTests" name="[238] /home/travis/build/icyphy/ptII/ptolemy/actor/lib/test/auto/MultiplexorDE.xml (RunModel)" time="0.014" />
  <testcase classname="ptolemy.util.test.junit.AutoTests" name="[239] /home/travis/build/icyphy/ptII/ptolemy/actor/lib/test/auto/MultiportBroadcastTest.xml (RunModel)" time="0.083" />
  <testcase classname="ptolemy.util.test.junit.AutoTests" name="[240] /home/travis/build/icyphy/ptII/ptolemy/actor/lib/test/auto/MultiportOutHangDuringGetWidth.xml (RunModel)" time="0.034" />
  <testcase classname="ptolemy.util.test.junit.AutoTests" name="[241] /home/travis/build/icyphy/ptII/ptolemy/actor/lib/test/auto/NilToken.xml (RunModel)" time="0.011" />
  <testcase classname="ptolemy.util.test.junit.AutoTests" name="[242] /home/travis/build/icyphy/ptII/ptolemy/actor/lib/test/auto/NilTokenNonStrictTest.xml (RunModel)" time="0.009" />
  <testcase classname="ptolemy.util.test.junit.AutoTests" name="[243] /home/travis/build/icyphy/ptII/ptolemy/actor/lib/test/auto/NilTokenRecord.xml (RunModel)" time="0.017" />
  <testcase classname="ptolemy.util.test.junit.AutoTests" name="[244] /home/travis/build/icyphy/ptII/ptolemy/actor/lib/test/auto/NilTokenTypeTest.xml (RunModel)" time="0.02" />
  <testcase classname="ptolemy.util.test.junit.AutoTests" name="[245] /home/travis/build/icyphy/ptII/ptolemy/actor/lib/test/auto/ObjectToken1.xml (RunModel)" time="0.008" />
  <testcase classname="ptolemy.util.test.junit.AutoTests" name="[246] /home/travis/build/icyphy/ptII/ptolemy/actor/lib/test/auto/OrderedMerge.xml (RunModel)" time="0.019" />
  <testcase classname="ptolemy.util.test.junit.AutoTests" name="[247] /home/travis/build/icyphy/ptII/ptolemy/actor/lib/test/auto/OrderedRecordDisassembler.xml (RunModel)" time="0.016" />
  <testcase classname="ptolemy.util.test.junit.AutoTests" name="[248] /home/travis/build/icyphy/ptII/ptolemy/actor/lib/test/auto/OrderedRecordDisassembler2.xml (RunModel)" time="0.016" />
  <testcase classname="ptolemy.util.test.junit.AutoTests" name="[249] /home/travis/build/icyphy/ptII/ptolemy/actor/lib/test/auto/OrderedRecordUpdater.xml (RunModel)" time="0.009" />
  <testcase classname="ptolemy.util.test.junit.AutoTests" name="[250] /home/travis/build/icyphy/ptII/ptolemy/actor/lib/test/auto/OrderedRecordUpdater2.xml (RunModel)" time="0.015" />
  <testcase classname="ptolemy.util.test.junit.AutoTests" name="[251] /home/travis/build/icyphy/ptII/ptolemy/actor/lib/test/auto/PhaseUnwrap.xml (RunModel)" time="0.01" />
  <testcase classname="ptolemy.util.test.junit.AutoTests" name="[252] /home/travis/build/icyphy/ptII/ptolemy/actor/lib/test/auto/PoissonClock.xml (RunModel)" time="0.009" />
  <testcase classname="ptolemy.util.test.junit.AutoTests" name="[253] /home/travis/build/icyphy/ptII/ptolemy/actor/lib/test/auto/PoissonClock2.xml (RunModel)" time="0.005" />
  <testcase classname="ptolemy.util.test.junit.AutoTests" name="[254] /home/travis/build/icyphy/ptII/ptolemy/actor/lib/test/auto/PoissonClock3.xml (RunModel)" time="0.022" />
  <testcase classname="ptolemy.util.test.junit.AutoTests" name="[255] /home/travis/build/icyphy/ptII/ptolemy/actor/lib/test/auto/PubSubWithInitialTokens.xml (RunModel)" time="0.016" />
  <testcase classname="ptolemy.util.test.junit.AutoTests" name="[256] /home/travis/build/icyphy/ptII/ptolemy/actor/lib/test/auto/PubSubWithInitialTokens2.xml (RunModel)" time="0.008" />
  <testcase classname="ptolemy.util.test.junit.AutoTests" name="[257] /home/travis/build/icyphy/ptII/ptolemy/actor/lib/test/auto/PublisherClassNoParameter.xml (RunModel)" time="0.021" />
  <testcase classname="ptolemy.util.test.junit.AutoTests" name="[258] /home/travis/build/icyphy/ptII/ptolemy/actor/lib/test/auto/PublisherClassParameter.xml (RunModel)" time="0.022" />
  <testcase classname="ptolemy.util.test.junit.AutoTests" name="[259] /home/travis/build/icyphy/ptII/ptolemy/actor/lib/test/auto/PublisherNonStrictTest.xml (RunModel)" time="0.013" />
  <testcase classname="ptolemy.util.test.junit.AutoTests" name="[260] /home/travis/build/icyphy/ptII/ptolemy/actor/lib/test/auto/PublisherPort1.xml (RunModel)" time="0.009" />
  <testcase classname="ptolemy.util.test.junit.AutoTests" name="[261] /home/travis/build/icyphy/ptII/ptolemy/actor/lib/test/auto/PublisherPort2.xml (RunModel)" time="0.007" />
  <testcase classname="ptolemy.util.test.junit.AutoTests" name="[262] /home/travis/build/icyphy/ptII/ptolemy/actor/lib/test/auto/PublisherPort3.xml (RunModel)" time="0.021" />
  <testcase classname="ptolemy.util.test.junit.AutoTests" name="[263] /home/travis/build/icyphy/ptII/ptolemy/actor/lib/test/auto/PublisherPort4.xml (RunModel)" time="0.017" />
  <testcase classname="ptolemy.util.test.junit.AutoTests" name="[264] /home/travis/build/icyphy/ptII/ptolemy/actor/lib/test/auto/PublisherPort5.xml (RunModel)" time="0.014" />
  <testcase classname="ptolemy.util.test.junit.AutoTests" name="[265] /home/travis/build/icyphy/ptII/ptolemy/actor/lib/test/auto/PublisherPort5LookAlike.xml (RunModel)" time="0.016" />
  <testcase classname="ptolemy.util.test.junit.AutoTests" name="[266] /home/travis/build/icyphy/ptII/ptolemy/actor/lib/test/auto/PublisherPort6.xml (RunModel)" time="0.01" />
  <testcase classname="ptolemy.util.test.junit.AutoTests" name="[267] /home/travis/build/icyphy/ptII/ptolemy/actor/lib/test/auto/PublisherPort7.xml (RunModel)" time="0.02" />
  <testcase classname="ptolemy.util.test.junit.AutoTests" name="[268] /home/travis/build/icyphy/ptII/ptolemy/actor/lib/test/auto/PublisherPort8.xml (RunModel)" time="0.015" />
  <testcase classname="ptolemy.util.test.junit.AutoTests" name="[269] /home/travis/build/icyphy/ptII/ptolemy/actor/lib/test/auto/PublisherPortSubscriberChannelVariablesAOC2.xml (RunModel)" time="0.03" />
  <testcase classname="ptolemy.util.test.junit.AutoTests" name="[270] /home/travis/build/icyphy/ptII/ptolemy/actor/lib/test/auto/PublisherPortSubscriberOpaqueWidthInference.xml (RunModel)" time="0.012" />
  <testcase classname="ptolemy.util.test.junit.AutoTests" name="[271] /home/travis/build/icyphy/ptII/ptolemy/actor/lib/test/auto/PublisherPortSubscriberPortAdjacent.xml (RunModel)" time="0.016" />
  <testcase classname="ptolemy.util.test.junit.AutoTests" name="[272] /home/travis/build/icyphy/ptII/ptolemy/actor/lib/test/auto/PublisherPortSubscriberPortExpression.xml (RunModel)" time="0.02" />
  <testcase classname="ptolemy.util.test.junit.AutoTests" name="[273] /home/travis/build/icyphy/ptII/ptolemy/actor/lib/test/auto/PublisherPortSubscriberPortOpaqueD3Reverse.xml (RunModel)" time="0.021" />
  <testcase classname="ptolemy.util.test.junit.AutoTests" name="[274] /home/travis/build/icyphy/ptII/ptolemy/actor/lib/test/auto/PublisherPortSubscriberPortOpaqueWidthInference.xml (RunModel)" time="0.017" />
  <testcase classname="ptolemy.util.test.junit.AutoTests" name="[275] /home/travis/build/icyphy/ptII/ptolemy/actor/lib/test/auto/PublisherPortToplevelSubscriberPortAOC.xml (RunModel)" time="0.009" />
  <testcase classname="ptolemy.util.test.junit.AutoTests" name="[276] /home/travis/build/icyphy/ptII/ptolemy/actor/lib/test/auto/PublisherSubscriber.xml (RunModel)" time="0.012" />
  <testcase classname="ptolemy.util.test.junit.AutoTests" name="[277] /home/travis/build/icyphy/ptII/ptolemy/actor/lib/test/auto/PublisherSubscriber10.xml (RunModel)" time="0.017" />
  <testcase classname="ptolemy.util.test.junit.AutoTests" name="[278] /home/travis/build/icyphy/ptII/ptolemy/actor/lib/test/auto/PublisherSubscriber10InitialOutputs.xml (RunModel)" time="0.035" />
  <testcase classname="ptolemy.util.test.junit.AutoTests" name="[279] /home/travis/build/icyphy/ptII/ptolemy/actor/lib/test/auto/PublisherSubscriber11.xml (RunModel)" time="0.025" />
  <testcase classname="ptolemy.util.test.junit.AutoTests" name="[280] /home/travis/build/icyphy/ptII/ptolemy/actor/lib/test/auto/PublisherSubscriber12.xml (RunModel)" time="0.013" />
  <testcase classname="ptolemy.util.test.junit.AutoTests" name="[281] /home/travis/build/icyphy/ptII/ptolemy/actor/lib/test/auto/PublisherSubscriber13.xml (RunModel)" time="0.008" />
  <testcase classname="ptolemy.util.test.junit.AutoTests" name="[282] /home/travis/build/icyphy/ptII/ptolemy/actor/lib/test/auto/PublisherSubscriber14.xml (RunModel)" time="0.016" />
  <testcase classname="ptolemy.util.test.junit.AutoTests" name="[283] /home/travis/build/icyphy/ptII/ptolemy/actor/lib/test/auto/PublisherSubscriber2.xml (RunModel)" time="0.009" />
  <testcase classname="ptolemy.util.test.junit.AutoTests" name="[284] /home/travis/build/icyphy/ptII/ptolemy/actor/lib/test/auto/PublisherSubscriber3.xml (RunModel)" time="0.008" />
  <testcase classname="ptolemy.util.test.junit.AutoTests" name="[285] /home/travis/build/icyphy/ptII/ptolemy/actor/lib/test/auto/PublisherSubscriber4.xml (RunModel)" time="0.007" />
  <testcase classname="ptolemy.util.test.junit.AutoTests" name="[286] /home/travis/build/icyphy/ptII/ptolemy/actor/lib/test/auto/PublisherSubscriber5.xml (RunModel)" time="0.008" />
  <testcase classname="ptolemy.util.test.junit.AutoTests" name="[287] /home/travis/build/icyphy/ptII/ptolemy/actor/lib/test/auto/PublisherSubscriber6.xml (RunModel)" time="0.014" />
  <testcase classname="ptolemy.util.test.junit.AutoTests" name="[288] /home/travis/build/icyphy/ptII/ptolemy/actor/lib/test/auto/PublisherSubscriber7.xml (RunModel)" time="0.015" />
  <testcase classname="ptolemy.util.test.junit.AutoTests" name="[289] /home/travis/build/icyphy/ptII/ptolemy/actor/lib/test/auto/PublisherSubscriber8.xml (RunModel)" time="0.037" />
  <testcase classname="ptolemy.util.test.junit.AutoTests" name="[290] /home/travis/build/icyphy/ptII/ptolemy/actor/lib/test/auto/PublisherSubscriber9.xml (RunModel)" time="0.016" />
  <testcase classname="ptolemy.util.test.junit.AutoTests" name="[291] /home/travis/build/icyphy/ptII/ptolemy/actor/lib/test/auto/PublisherSubscriberAdjacent.xml (RunModel)" time="0.014" />
  <testcase classname="ptolemy.util.test.junit.AutoTests" name="[292] /home/travis/build/icyphy/ptII/ptolemy/actor/lib/test/auto/PublisherSubscriberChannelVariablesAOC2.xml (RunModel)" time="0.024" />
  <testcase classname="ptolemy.util.test.junit.AutoTests" name="[293] /home/travis/build/icyphy/ptII/ptolemy/actor/lib/test/auto/PublisherSubscriberD3.xml (RunModel)" time="0.012" />
  <testcase classname="ptolemy.util.test.junit.AutoTests" name="[294] /home/travis/build/icyphy/ptII/ptolemy/actor/lib/test/auto/PublisherSubscriberD3Reverse.xml (RunModel)" time="0.011" />
  <testcase classname="ptolemy.util.test.junit.AutoTests" name="[295] /home/travis/build/icyphy/ptII/ptolemy/actor/lib/test/auto/PublisherSubscriberExpression.xml (RunModel)" time="0.014" />
  <testcase classname="ptolemy.util.test.junit.AutoTests" name="[296] /home/travis/build/icyphy/ptII/ptolemy/actor/lib/test/auto/PublisherSubscriberOpaque.xml (RunModel)" time="0.027" />
  <testcase classname="ptolemy.util.test.junit.AutoTests" name="[297] /home/travis/build/icyphy/ptII/ptolemy/actor/lib/test/auto/PublisherSubscriberOpaqueD3.xml (RunModel)" time="0.021" />
  <testcase classname="ptolemy.util.test.junit.AutoTests" name="[298] /home/travis/build/icyphy/ptII/ptolemy/actor/lib/test/auto/PublisherSubscriberOpaqueD3Reverse.xml (RunModel)" time="0.019" />
  <testcase classname="ptolemy.util.test.junit.AutoTests" name="[299] /home/travis/build/icyphy/ptII/ptolemy/actor/lib/test/auto/PublisherSubscriberOpaqueWidthInference.xml (RunModel)" time="0.013" />
  <testcase classname="ptolemy.util.test.junit.AutoTests" name="[300] /home/travis/build/icyphy/ptII/ptolemy/actor/lib/test/auto/PublisherTestSubscriber.xml (RunModel)" time="0.014" />
  <testcase classname="ptolemy.util.test.junit.AutoTests" name="[301] /home/travis/build/icyphy/ptII/ptolemy/actor/lib/test/auto/PublisherToplevelSubscriberPortAOC.xml (RunModel)" time="0.008" />
  <testcase classname="ptolemy.util.test.junit.AutoTests" name="[302] /home/travis/build/icyphy/ptII/ptolemy/actor/lib/test/auto/PulseFiringLimitDE.xml (RunModel)" time="0.013" />
  <testcase classname="ptolemy.util.test.junit.AutoTests" name="[303] /home/travis/build/icyphy/ptII/ptolemy/actor/lib/test/auto/Ramp1.xml (RunModel)" time="0.006" />
  <testcase classname="ptolemy.util.test.junit.AutoTests" name="[304] /home/travis/build/icyphy/ptII/ptolemy/actor/lib/test/auto/RampFiringLimitDE.xml (RunModel)" time="0.01" />
  <testcase classname="ptolemy.util.test.junit.AutoTests" name="[305] /home/travis/build/icyphy/ptII/ptolemy/actor/lib/test/auto/RampFiringLimitSDF.xml (RunModel)" time="0.009" />
  <testcase classname="ptolemy.util.test.junit.AutoTests" name="[306] /home/travis/build/icyphy/ptII/ptolemy/actor/lib/test/auto/RandomInteger.xml (RunModel)" time="0.008" />
  <testcase classname="ptolemy.util.test.junit.AutoTests" name="[307] /home/travis/build/icyphy/ptII/ptolemy/actor/lib/test/auto/ReadFile1.xml (RunModel)" time="0.007" />
  <testcase classname="ptolemy.util.test.junit.AutoTests" name="[308] /home/travis/build/icyphy/ptII/ptolemy/actor/lib/test/auto/ReadFile2.xml (RunModel)" time="0.007" />
  <testcase classname="ptolemy.util.test.junit.AutoTests" name="[309] /home/travis/build/icyphy/ptII/ptolemy/actor/lib/test/auto/Reader.xml (RunModel)" time="0.01" />
  <testcase classname="ptolemy.util.test.junit.AutoTests" name="[310] /home/travis/build/icyphy/ptII/ptolemy/actor/lib/test/auto/RecordAssemblerDisplayNameTest.xml (RunModel)" time="3.25" />
  <testcase classname="ptolemy.util.test.junit.AutoTests" name="[311] /home/travis/build/icyphy/ptII/ptolemy/actor/lib/test/auto/RecordAssemblerTypeError.xml (RunModel)" time="0.03" />
  <testcase classname="ptolemy.util.test.junit.AutoTests" name="[312] /home/travis/build/icyphy/ptII/ptolemy/actor/lib/test/auto/RecordDisassember.xml (RunModel)" time="0.009" />
  <testcase classname="ptolemy.util.test.junit.AutoTests" name="[313] /home/travis/build/icyphy/ptII/ptolemy/actor/lib/test/auto/RecordDisassemberDisplayNameTest.xml (RunModel)" time="0.023" />
  <testcase classname="ptolemy.util.test.junit.AutoTests" name="[314] /home/travis/build/icyphy/ptII/ptolemy/actor/lib/test/auto/RecordDisassembler.xml (RunModel)" time="0.008" />
  <testcase classname="ptolemy.util.test.junit.AutoTests" name="[315] /home/travis/build/icyphy/ptII/ptolemy/actor/lib/test/auto/RecordDisassembler2.xml (RunModel)" time="0.008" />
  <testcase classname="ptolemy.util.test.junit.AutoTests" name="[316] /home/travis/build/icyphy/ptII/ptolemy/actor/lib/test/auto/RecordUpdater.xml (RunModel)" time="0.007" />
  <testcase classname="ptolemy.util.test.junit.AutoTests" name="[317] /home/travis/build/icyphy/ptII/ptolemy/actor/lib/test/auto/RecordUpdater2.xml (RunModel)" time="0.007" />
  <testcase classname="ptolemy.util.test.junit.AutoTests" name="[318] /home/travis/build/icyphy/ptII/ptolemy/actor/lib/test/auto/RecursiveLattice.xml (RunModel)" time="0.006" />
  <testcase classname="ptolemy.util.test.junit.AutoTests" name="[319] /home/travis/build/icyphy/ptII/ptolemy/actor/lib/test/auto/Router.xml (RunModel)" time="3.02" />
  <testcase classname="ptolemy.util.test.junit.AutoTests" name="[320] /home/travis/build/icyphy/ptII/ptolemy/actor/lib/test/auto/Router2.xml (RunModel)" time="3.025" />
  <testcase classname="ptolemy.util.test.junit.AutoTests" name="[321] /home/travis/build/icyphy/ptII/ptolemy/actor/lib/test/auto/RunningMaximum.xml (RunModel)" time="0.011" />
  <testcase classname="ptolemy.util.test.junit.AutoTests" name="[322] /home/travis/build/icyphy/ptII/ptolemy/actor/lib/test/auto/RunningMinimum.xml (RunModel)" time="0.034" />
  <testcase classname="ptolemy.util.test.junit.AutoTests" name="[323] /home/travis/build/icyphy/ptII/ptolemy/actor/lib/test/auto/Scale.xml (RunModel)" time="0.013" />
  <testcase classname="ptolemy.util.test.junit.AutoTests" name="[324] /home/travis/build/icyphy/ptII/ptolemy/actor/lib/test/auto/Scale2.xml (RunModel)" time="0.011" />
  <testcase classname="ptolemy.util.test.junit.AutoTests" name="[325] /home/travis/build/icyphy/ptII/ptolemy/actor/lib/test/auto/Scale3.xml (RunModel)" time="0.016" />
  <testcase classname="ptolemy.util.test.junit.AutoTests" name="[326] /home/travis/build/icyphy/ptII/ptolemy/actor/lib/test/auto/ScaleArray.xml (RunModel)" time="0.009" />
  <testcase classname="ptolemy.util.test.junit.AutoTests" name="[327] /home/travis/build/icyphy/ptII/ptolemy/actor/lib/test/auto/ScaleArray2.xml (RunModel)" time="0.007" />
  <testcase classname="ptolemy.util.test.junit.AutoTests" name="[328] /home/travis/build/icyphy/ptII/ptolemy/actor/lib/test/auto/ScaleMatrix.xml (RunModel)" time="0.138" />
  <testcase classname="ptolemy.util.test.junit.AutoTests" name="[329] /home/travis/build/icyphy/ptII/ptolemy/actor/lib/test/auto/Select.xml (RunModel)" time="0.016" />
  <testcase classname="ptolemy.util.test.junit.AutoTests" name="[330] /home/travis/build/icyphy/ptII/ptolemy/actor/lib/test/auto/Select2.xml (RunModel)" time="0.007" />
  <testcase classname="ptolemy.util.test.junit.AutoTests" name="[331] /home/travis/build/icyphy/ptII/ptolemy/actor/lib/test/auto/SequenceToArray2.xml (RunModel)" time="0.127" />
  <testcase classname="ptolemy.util.test.junit.AutoTests" name="[332] /home/travis/build/icyphy/ptII/ptolemy/actor/lib/test/auto/SequentialClock.xml (RunModel)" time="0.008" />
  <testcase classname="ptolemy.util.test.junit.AutoTests" name="[333] /home/travis/build/icyphy/ptII/ptolemy/actor/lib/test/auto/SetVariable.xml (RunModel)" time="0.008" />
  <testcase classname="ptolemy.util.test.junit.AutoTests" name="[334] /home/travis/build/icyphy/ptII/ptolemy/actor/lib/test/auto/SetVariable2.xml (RunModel)" time="0.007" />
  <testcase classname="ptolemy.util.test.junit.AutoTests" name="[335] /home/travis/build/icyphy/ptII/ptolemy/actor/lib/test/auto/SetVariable3.xml (RunModel)" time="0.013" />
  <testcase classname="ptolemy.util.test.junit.AutoTests" name="[336] /home/travis/build/icyphy/ptII/ptolemy/actor/lib/test/auto/SetVariable4.xml (RunModel)" time="0.035" />
  <testcase classname="ptolemy.util.test.junit.AutoTests" name="[337] /home/travis/build/icyphy/ptII/ptolemy/actor/lib/test/auto/SetVariable5.xml (RunModel)" time="0.04" />
  <testcase classname="ptolemy.util.test.junit.AutoTests" name="[338] /home/travis/build/icyphy/ptII/ptolemy/actor/lib/test/auto/Sinewave.xml (RunModel)" time="0.032" />
  <testcase classname="ptolemy.util.test.junit.AutoTests" name="[339] /home/travis/build/icyphy/ptII/ptolemy/actor/lib/test/auto/Sinewave2.xml (RunModel)" time="0.015" />
  <testcase classname="ptolemy.util.test.junit.AutoTests" name="[340] /home/travis/build/icyphy/ptII/ptolemy/actor/lib/test/auto/Sinewave3.xml (RunModel)" time="0.016" />
  <testcase classname="ptolemy.util.test.junit.AutoTests" name="[341] /home/travis/build/icyphy/ptII/ptolemy/actor/lib/test/auto/SingleEvent.xml (RunModel)" time="0.007" />
  <testcase classname="ptolemy.util.test.junit.AutoTests" name="[342] /home/travis/build/icyphy/ptII/ptolemy/actor/lib/test/auto/Sleep.xml (RunModel)" time="6.019" />
  <testcase classname="ptolemy.util.test.junit.AutoTests" name="[343] /home/travis/build/icyphy/ptII/ptolemy/actor/lib/test/auto/SleepMultipleFire.xml (RunModel)" time="1.028" />
  <testcase classname="ptolemy.util.test.junit.AutoTests" name="[344] /home/travis/build/icyphy/ptII/ptolemy/actor/lib/test/auto/StopDE.xml (RunModel)" time="0.011" />
  <testcase classname="ptolemy.util.test.junit.AutoTests" name="[345] /home/travis/build/icyphy/ptII/ptolemy/actor/lib/test/auto/StopSDF.xml (RunModel)" time="0.009" />
  <testcase classname="ptolemy.util.test.junit.AutoTests" name="[346] /home/travis/build/icyphy/ptII/ptolemy/actor/lib/test/auto/StringConstant.xml (RunModel)" time="0.014" />
  <testcase classname="ptolemy.util.test.junit.AutoTests" name="[347] /home/travis/build/icyphy/ptII/ptolemy/actor/lib/test/auto/SubscriberPortInitialValues1.xml (RunModel)" time="0.021" />
  <testcase classname="ptolemy.util.test.junit.AutoTests" name="[348] /home/travis/build/icyphy/ptII/ptolemy/actor/lib/test/auto/SubscriberPortInitialValues13.xml (RunModel)" time="0.029" />
  <testcase classname="ptolemy.util.test.junit.AutoTests" name="[349] /home/travis/build/icyphy/ptII/ptolemy/actor/lib/test/auto/SubscriberPortInitialValues14.xml (RunModel)" time="0.013" />
  <testcase classname="ptolemy.util.test.junit.AutoTests" name="[350] /home/travis/build/icyphy/ptII/ptolemy/actor/lib/test/auto/SubscriberPortInitialValues2.xml (RunModel)" time="0.013" />
  <testcase classname="ptolemy.util.test.junit.AutoTests" name="[351] /home/travis/build/icyphy/ptII/ptolemy/actor/lib/test/auto/SubscriberPortInitialValues3.xml (RunModel)" time="0.017" />
  <testcase classname="ptolemy.util.test.junit.AutoTests" name="[352] /home/travis/build/icyphy/ptII/ptolemy/actor/lib/test/auto/SubscriptionAggregator.xml (RunModel)" time="0.01" />
  <testcase classname="ptolemy.util.test.junit.AutoTests" name="[353] /home/travis/build/icyphy/ptII/ptolemy/actor/lib/test/auto/SubscriptionAggregator2.xml (RunModel)" time="0.009" />
  <testcase classname="ptolemy.util.test.junit.AutoTests" name="[354] /home/travis/build/icyphy/ptII/ptolemy/actor/lib/test/auto/SubscriptionAggregator3.xml (RunModel)" time="0.013" />
  <testcase classname="ptolemy.util.test.junit.AutoTests" name="[355] /home/travis/build/icyphy/ptII/ptolemy/actor/lib/test/auto/SubscriptionAggregatorMultiply.xml (RunModel)" time="0.012" />
  <testcase classname="ptolemy.util.test.junit.AutoTests" name="[356] /home/travis/build/icyphy/ptII/ptolemy/actor/lib/test/auto/SubscriptionAggregatorPortMultiply1.xml (RunModel)" time="0.011" />
  <testcase classname="ptolemy.util.test.junit.AutoTests" name="[357] /home/travis/build/icyphy/ptII/ptolemy/actor/lib/test/auto/Switch.xml (RunModel)" time="0.017" />
  <testcase classname="ptolemy.util.test.junit.AutoTests" name="[358] /home/travis/build/icyphy/ptII/ptolemy/actor/lib/test/auto/Switch2.xml (RunModel)" time="0.011" />
  <testcase classname="ptolemy.util.test.junit.AutoTests" name="[359] /home/travis/build/icyphy/ptII/ptolemy/actor/lib/test/auto/SwitchDE.xml (RunModel)" time="0.012" />
  <testcase classname="ptolemy.util.test.junit.AutoTests" name="[360] /home/travis/build/icyphy/ptII/ptolemy/actor/lib/test/auto/SynchronizerDE.xml (RunModel)" time="0.017" />
  <testcase classname="ptolemy.util.test.junit.AutoTests" name="[361] /home/travis/build/icyphy/ptII/ptolemy/actor/lib/test/auto/Test.xml (RunModel)" time="0.008" />
  <testcase classname="ptolemy.util.test.junit.AutoTests" name="[362] /home/travis/build/icyphy/ptII/ptolemy/actor/lib/test/auto/TestExceptionAttribute1.xml (RunModel)" time="0.006" />
  <testcase classname="ptolemy.util.test.junit.AutoTests" name="[363] /home/travis/build/icyphy/ptII/ptolemy/actor/lib/test/auto/TestExceptionAttribute2.xml (RunModel)" time="0.006" />
  <testcase classname="ptolemy.util.test.junit.AutoTests" name="[364] /home/travis/build/icyphy/ptII/ptolemy/actor/lib/test/auto/TestExceptionAttribute3.xml (RunModel)" time="0.009" />
  <testcase classname="ptolemy.util.test.junit.AutoTests" name="[365] /home/travis/build/icyphy/ptII/ptolemy/actor/lib/test/auto/TestExceptionAttribute4.xml (RunModel)" time="0.005" />
  <testcase classname="ptolemy.util.test.junit.AutoTests" name="[366] /home/travis/build/icyphy/ptII/ptolemy/actor/lib/test/auto/TestExceptionHandler1.xml (RunModel)" time="0.006" />
  <testcase classname="ptolemy.util.test.junit.AutoTests" name="[367] /home/travis/build/icyphy/ptII/ptolemy/actor/lib/test/auto/TestExceptionHandler2.xml (RunModel)" time="0.009" />
  <testcase classname="ptolemy.util.test.junit.AutoTests" name="[368] /home/travis/build/icyphy/ptII/ptolemy/actor/lib/test/auto/TestExceptionHandler3.xml (RunModel)" time="0.007" />
  <testcase classname="ptolemy.util.test.junit.AutoTests" name="[369] /home/travis/build/icyphy/ptII/ptolemy/actor/lib/test/auto/TestExceptionHandler4.xml (RunModel)" time="0.005" />
  <testcase classname="ptolemy.util.test.junit.AutoTests" name="[370] /home/travis/build/icyphy/ptII/ptolemy/actor/lib/test/auto/TestRequireCorrectOrder.xml (RunModel)" time="0.01" />
  <testcase classname="ptolemy.util.test.junit.AutoTests" name="[371] /home/travis/build/icyphy/ptII/ptolemy/actor/lib/test/auto/TestSimple.xml (RunModel)" time="0.006" />
  <testcase classname="ptolemy.util.test.junit.AutoTests" name="[372] /home/travis/build/icyphy/ptII/ptolemy/actor/lib/test/auto/ThrowModelError.xml (RunModel)" time="0.009" />
  <testcase classname="ptolemy.util.test.junit.AutoTests" name="[373] /home/travis/build/icyphy/ptII/ptolemy/actor/lib/test/auto/TimeDelayMicrosteps.xml (RunModel)" time="0.015" />
  <testcase classname="ptolemy.util.test.junit.AutoTests" name="[374] /home/travis/build/icyphy/ptII/ptolemy/actor/lib/test/auto/TimeDelayMicrosteps2.xml (RunModel)" time="0.012" />
  <testcase classname="ptolemy.util.test.junit.AutoTests" name="[375] /home/travis/build/icyphy/ptII/ptolemy/actor/lib/test/auto/TimeDelayMicrosteps3.xml (RunModel)" time="0.01" />
  <testcase classname="ptolemy.util.test.junit.AutoTests" name="[376] /home/travis/build/icyphy/ptII/ptolemy/actor/lib/test/auto/TimeDelayVariableMicrosteps.xml (RunModel)" time="0.009" />
  <testcase classname="ptolemy.util.test.junit.AutoTests" name="[377] /home/travis/build/icyphy/ptII/ptolemy/actor/lib/test/auto/TimeGap.xml (RunModel)" time="0.013" />
  <testcase classname="ptolemy.util.test.junit.AutoTests" name="[378] /home/travis/build/icyphy/ptII/ptolemy/actor/lib/test/auto/TimeGap2.xml (RunModel)" time="0.009" />
  <testcase classname="ptolemy.util.test.junit.AutoTests" name="[379] /home/travis/build/icyphy/ptII/ptolemy/actor/lib/test/auto/TimedSinewave.xml (RunModel)" time="0.037" />
  <testcase classname="ptolemy.util.test.junit.AutoTests" name="[380] /home/travis/build/icyphy/ptII/ptolemy/actor/lib/test/auto/TimedSinewavePhase.xml (RunModel)" time="0.03" />
  <testcase classname="ptolemy.util.test.junit.AutoTests" name="[381] /home/travis/build/icyphy/ptII/ptolemy/actor/lib/test/auto/Timer.xml (RunModel)" time="0.013" />
  <testcase classname="ptolemy.util.test.junit.AutoTests" name="[382] /home/travis/build/icyphy/ptII/ptolemy/actor/lib/test/auto/TriangularDistTestModel.xml (RunModel)" time="0.029" />
  <testcase classname="ptolemy.util.test.junit.AutoTests" name="[383] /home/travis/build/icyphy/ptII/ptolemy/actor/lib/test/auto/TrigFunction.xml (RunModel)" time="0.006" />
  <testcase classname="ptolemy.util.test.junit.AutoTests" name="[384] /home/travis/build/icyphy/ptII/ptolemy/actor/lib/test/auto/TrigFunctionDE.xml (RunModel)" time="0.008" />
  <testcase classname="ptolemy.util.test.junit.AutoTests" name="[385] /home/travis/build/icyphy/ptII/ptolemy/actor/lib/test/auto/TrigFunctionInverse.xml (RunModel)" time="0.007" />
  <testcase classname="ptolemy.util.test.junit.AutoTests" name="[386] /home/travis/build/icyphy/ptII/ptolemy/actor/lib/test/auto/TrigFunctionTan.xml (RunModel)" time="0.005" />
  <testcase classname="ptolemy.util.test.junit.AutoTests" name="[387] /home/travis/build/icyphy/ptII/ptolemy/actor/lib/test/auto/TriggeredClock.xml (RunModel)" time="0.006" />
  <testcase classname="ptolemy.util.test.junit.AutoTests" name="[388] /home/travis/build/icyphy/ptII/ptolemy/actor/lib/test/auto/URLDirectoryReader.xml (RunModel)" time="0.095" />
  <testcase classname="ptolemy.util.test.junit.AutoTests" name="[389] /home/travis/build/icyphy/ptII/ptolemy/actor/lib/test/auto/URLDirectoryReader3.xml (RunModel)" time="1.726" />
  <testcase classname="ptolemy.util.test.junit.AutoTests" name="[390] /home/travis/build/icyphy/ptII/ptolemy/actor/lib/test/auto/UnaryMathFunction.xml (RunModel)" time="0.024" />
  <testcase classname="ptolemy.util.test.junit.AutoTests" name="[391] /home/travis/build/icyphy/ptII/ptolemy/actor/lib/test/auto/Uniform.xml (RunModel)" time="0.012" />
  <testcase classname="ptolemy.util.test.junit.AutoTests" name="[392] /home/travis/build/icyphy/ptII/ptolemy/actor/lib/test/auto/UnionDisassemblerTest.xml (RunModel)" time="0.015" />
  <testcase classname="ptolemy.util.test.junit.AutoTests" name="[393] /home/travis/build/icyphy/ptII/ptolemy/actor/lib/test/auto/UtilityFunctions.xml (RunModel)" time="0.006" />
  <testcase classname="ptolemy.util.test.junit.AutoTests" name="[394] /home/travis/build/icyphy/ptII/ptolemy/actor/lib/test/auto/VariableSleep.xml (RunModel)" time="0.51" />
  <testcase classname="ptolemy.util.test.junit.AutoTests" name="[395] /home/travis/build/icyphy/ptII/ptolemy/actor/lib/test/auto/VectorAssemblerDisassemblerCT.xml (RunModel)" time="0.102" />
  <testcase classname="ptolemy.util.test.junit.AutoTests" name="[396] /home/travis/build/icyphy/ptII/ptolemy/actor/lib/test/auto/VectorAssemblerDisassemblerDE.xml (RunModel)" time="0.013" />
  <testcase classname="ptolemy.util.test.junit.AutoTests" name="[397] /home/travis/build/icyphy/ptII/ptolemy/actor/lib/test/auto/VectorAssemblerDisassemblerSDF.xml (RunModel)" time="0.011" />
  <testcase classname="ptolemy.util.test.junit.AutoTests" name="[398] /home/travis/build/icyphy/ptII/ptolemy/actor/lib/test/auto/WallClockTime.xml (RunModel)" time="1.011" />
  <testcase classname="ptolemy.util.test.junit.AutoTests" name="[399] /home/travis/build/icyphy/ptII/ptolemy/actor/lib/test/auto/WidthTestWithSubscriberPublisher.xml (RunModel)" time="0.036" />
  <testcase classname="ptolemy.util.test.junit.AutoTests" name="[400] /home/travis/build/icyphy/ptII/ptolemy/actor/lib/test/auto/WidthTestWithSubscriberPublisher2.xml (RunModel)" time="0.017" />
  <testcase classname="ptolemy.util.test.junit.AutoTests" name="[401] /home/travis/build/icyphy/ptII/ptolemy/actor/lib/test/auto/WidthTestWithSubscriberPublisher3.xml (RunModel)" time="0.011" />
  <testcase classname="ptolemy.util.test.junit.AutoTests" name="[402] /home/travis/build/icyphy/ptII/ptolemy/actor/lib/test/auto/Writer.xml (RunModel)" time="0.006" />
  <testcase classname="ptolemy.util.test.junit.AutoTests" name="[403] /home/travis/build/icyphy/ptII/ptolemy/actor/lib/test/auto/array.xml (RunModel)" time="0.007" />
  <testcase classname="ptolemy.util.test.junit.AutoTests" name="[404] /home/travis/build/icyphy/ptII/ptolemy/actor/lib/test/auto/array2.xml (RunModel)" time="0.03" />
  <testcase classname="ptolemy.util.test.junit.AutoTests" name="[405] /home/travis/build/icyphy/ptII/ptolemy/actor/lib/test/auto/arrayType.xml (RunModel)" time="0.015" />
  <testcase classname="ptolemy.util.test.junit.AutoTests" name="[406] /home/travis/build/icyphy/ptII/ptolemy/actor/lib/test/auto/arrayType10.xml (RunModel)" time="0.007" />
  <testcase classname="ptolemy.util.test.junit.AutoTests" name="[407] /home/travis/build/icyphy/ptII/ptolemy/actor/lib/test/auto/arrayType11.xml (RunModel)" time="0.007" />
  <testcase classname="ptolemy.util.test.junit.AutoTests" name="[408] /home/travis/build/icyphy/ptII/ptolemy/actor/lib/test/auto/arrayType12.xml (RunModel)" time="0.008" />
  <testcase classname="ptolemy.util.test.junit.AutoTests" name="[409] /home/travis/build/icyphy/ptII/ptolemy/actor/lib/test/auto/arrayType13.xml (RunModel)" time="0.007" />
  <testcase classname="ptolemy.util.test.junit.AutoTests" name="[410] /home/travis/build/icyphy/ptII/ptolemy/actor/lib/test/auto/arrayType14.xml (RunModel)" time="0.007" />
  <testcase classname="ptolemy.util.test.junit.AutoTests" name="[411] /home/travis/build/icyphy/ptII/ptolemy/actor/lib/test/auto/arrayType15.xml (RunModel)" time="0.008" />
  <testcase classname="ptolemy.util.test.junit.AutoTests" name="[412] /home/travis/build/icyphy/ptII/ptolemy/actor/lib/test/auto/arrayType16.xml (RunModel)" time="0.007" />
  <testcase classname="ptolemy.util.test.junit.AutoTests" name="[413] /home/travis/build/icyphy/ptII/ptolemy/actor/lib/test/auto/arrayType17.xml (RunModel)" time="0.007" />
  <testcase classname="ptolemy.util.test.junit.AutoTests" name="[414] /home/travis/build/icyphy/ptII/ptolemy/actor/lib/test/auto/arrayType18.xml (RunModel)" time="0.006" />
  <testcase classname="ptolemy.util.test.junit.AutoTests" name="[415] /home/travis/build/icyphy/ptII/ptolemy/actor/lib/test/auto/arrayType19.xml (RunModel)" time="0.007" />
  <testcase classname="ptolemy.util.test.junit.AutoTests" name="[416] /home/travis/build/icyphy/ptII/ptolemy/actor/lib/test/auto/arrayType2.xml (RunModel)" time="0.008" />
  <testcase classname="ptolemy.util.test.junit.AutoTests" name="[417] /home/travis/build/icyphy/ptII/ptolemy/actor/lib/test/auto/arrayType20.xml (RunModel)" time="0.007" />
  <testcase classname="ptolemy.util.test.junit.AutoTests" name="[418] /home/travis/build/icyphy/ptII/ptolemy/actor/lib/test/auto/arrayType21.xml (RunModel)" time="0.006" />
  <testcase classname="ptolemy.util.test.junit.AutoTests" name="[419] /home/travis/build/icyphy/ptII/ptolemy/actor/lib/test/auto/arrayType22.xml (RunModel)" time="0.008" />
  <testcase classname="ptolemy.util.test.junit.AutoTests" name="[420] /home/travis/build/icyphy/ptII/ptolemy/actor/lib/test/auto/arrayType23.xml (RunModel)" time="0.007" />
  <testcase classname="ptolemy.util.test.junit.AutoTests" name="[421] /home/travis/build/icyphy/ptII/ptolemy/actor/lib/test/auto/arrayType24.xml (RunModel)" time="0.007" />
  <testcase classname="ptolemy.util.test.junit.AutoTests" name="[422] /home/travis/build/icyphy/ptII/ptolemy/actor/lib/test/auto/arrayType25.xml (RunModel)" time="0.007" />
  <testcase classname="ptolemy.util.test.junit.AutoTests" name="[423] /home/travis/build/icyphy/ptII/ptolemy/actor/lib/test/auto/arrayType26.xml (RunModel)" time="0.007" />
  <testcase classname="ptolemy.util.test.junit.AutoTests" name="[424] /home/travis/build/icyphy/ptII/ptolemy/actor/lib/test/auto/arrayType27.xml (RunModel)" time="0.007" />
  <testcase classname="ptolemy.util.test.junit.AutoTests" name="[425] /home/travis/build/icyphy/ptII/ptolemy/actor/lib/test/auto/arrayType28.xml (RunModel)" time="0.008" />
  <testcase classname="ptolemy.util.test.junit.AutoTests" name="[426] /home/travis/build/icyphy/ptII/ptolemy/actor/lib/test/auto/arrayType3.xml (RunModel)" time="0.007" />
  <testcase classname="ptolemy.util.test.junit.AutoTests" name="[427] /home/travis/build/icyphy/ptII/ptolemy/actor/lib/test/auto/arrayType4.xml (RunModel)" time="0.006" />
  <testcase classname="ptolemy.util.test.junit.AutoTests" name="[428] /home/travis/build/icyphy/ptII/ptolemy/actor/lib/test/auto/arrayType5.xml (RunModel)" time="0.014" />
  <testcase classname="ptolemy.util.test.junit.AutoTests" name="[429] /home/travis/build/icyphy/ptII/ptolemy/actor/lib/test/auto/arrayType6.xml (RunModel)" time="0.016" />
  <testcase classname="ptolemy.util.test.junit.AutoTests" name="[430] /home/travis/build/icyphy/ptII/ptolemy/actor/lib/test/auto/arrayType7.xml (RunModel)" time="0.007" />
  <testcase classname="ptolemy.util.test.junit.AutoTests" name="[431] /home/travis/build/icyphy/ptII/ptolemy/actor/lib/test/auto/arrayType8.xml (RunModel)" time="0.007" />
  <testcase classname="ptolemy.util.test.junit.AutoTests" name="[432] /home/travis/build/icyphy/ptII/ptolemy/actor/lib/test/auto/arrayType9.xml (RunModel)" time="0.006" />
  <testcase classname="ptolemy.util.test.junit.AutoTests" name="[433] /home/travis/build/icyphy/ptII/ptolemy/actor/lib/test/auto/cast.xml (RunModel)" time="0.007" />
  <testcase classname="ptolemy.util.test.junit.AutoTests" name="[434] /home/travis/build/icyphy/ptII/ptolemy/actor/lib/test/auto/compositeMultiPort.xml (RunModel)" time="0.014" />
  <testcase classname="ptolemy.util.test.junit.AutoTests" name="[435] /home/travis/build/icyphy/ptII/ptolemy/actor/lib/test/auto/expressionCastInference.xml (RunModel)" time="0.006" />
  <testcase classname="ptolemy.util.test.junit.AutoTests" name="[436] /home/travis/build/icyphy/ptII/ptolemy/actor/lib/test/auto/expressionCastInference2.xml (RunModel)" time="0.007" />
  <testcase classname="ptolemy.util.test.junit.AutoTests" name="[437] /home/travis/build/icyphy/ptII/ptolemy/actor/lib/test/auto/expressionInference.xml (RunModel)" time="0.005" />
  <testcase classname="ptolemy.util.test.junit.AutoTests" name="[438] /home/travis/build/icyphy/ptII/ptolemy/actor/lib/test/auto/expression_bug.xml (RunModel)" time="0.006" />
  <testcase classname="ptolemy.util.test.junit.AutoTests" name="[439] /home/travis/build/icyphy/ptII/ptolemy/actor/lib/test/auto/factorial.xml (RunModel)" time="0.07" />
  <testcase classname="ptolemy.util.test.junit.AutoTests" name="[440] /home/travis/build/icyphy/ptII/ptolemy/actor/lib/test/auto/filterTest1.xml (RunModel)" time="0.042" />
  <testcase classname="ptolemy.util.test.junit.AutoTests" name="[441] /home/travis/build/icyphy/ptII/ptolemy/actor/lib/test/auto/funcApplyInConst.xml (RunModel)" time="0.032" />
  <testcase classname="ptolemy.util.test.junit.AutoTests" name="[442] /home/travis/build/icyphy/ptII/ptolemy/actor/lib/test/auto/funcApplyInExpr.xml (RunModel)" time="0.03" />
  <testcase classname="ptolemy.util.test.junit.AutoTests" name="[443] /home/travis/build/icyphy/ptII/ptolemy/actor/lib/test/auto/function.xml (RunModel)" time="0.05" />
  <testcase classname="ptolemy.util.test.junit.AutoTests" name="[444] /home/travis/build/icyphy/ptII/ptolemy/actor/lib/test/auto/function2.xml (RunModel)" time="0.029" />
  <testcase classname="ptolemy.util.test.junit.AutoTests" name="[445] /home/travis/build/icyphy/ptII/ptolemy/actor/lib/test/auto/function3.xml (RunModel)" time="0.032" />
  <testcase classname="ptolemy.util.test.junit.AutoTests" name="[446] /home/travis/build/icyphy/ptII/ptolemy/actor/lib/test/auto/functionClosureTest1.xml (RunModel)" time="0.023" />
  <testcase classname="ptolemy.util.test.junit.AutoTests" name="[447] /home/travis/build/icyphy/ptII/ptolemy/actor/lib/test/auto/functionClosureTest2.xml (RunModel)" time="0.008" />
  <testcase classname="ptolemy.util.test.junit.AutoTests" name="[448] /home/travis/build/icyphy/ptII/ptolemy/actor/lib/test/auto/functionClosureTest3.xml (RunModel)" time="0.007" />
  <testcase classname="ptolemy.util.test.junit.AutoTests" name="[449] /home/travis/build/icyphy/ptII/ptolemy/actor/lib/test/auto/functionClosureTest4.xml (RunModel)" time="0.01" />
  <testcase classname="ptolemy.util.test.junit.AutoTests" name="[450] /home/travis/build/icyphy/ptII/ptolemy/actor/lib/test/auto/functionClosureTest5.xml (RunModel)" time="0.009" />
  <testcase classname="ptolemy.util.test.junit.AutoTests" name="[451] /home/travis/build/icyphy/ptII/ptolemy/actor/lib/test/auto/functionClosureTest6.xml (RunModel)" time="0.007" />
  <testcase classname="ptolemy.util.test.junit.AutoTests" name="[452] /home/travis/build/icyphy/ptII/ptolemy/actor/lib/test/auto/functionsOnArcs.xml (RunModel)" time="0.029" />
  <testcase classname="ptolemy.util.test.junit.AutoTests" name="[453] /home/travis/build/icyphy/ptII/ptolemy/actor/lib/test/auto/functionsOnArcsHOF.xml (RunModel)" time="0.029" />
  <testcase classname="ptolemy.util.test.junit.AutoTests" name="[454] /home/travis/build/icyphy/ptII/ptolemy/actor/lib/test/auto/logic.xml (RunModel)" time="0.017" />
  <testcase classname="ptolemy.util.test.junit.AutoTests" name="[455] /home/travis/build/icyphy/ptII/ptolemy/actor/lib/test/auto/matrixType.xml (RunModel)" time="0.011" />
  <testcase classname="ptolemy.util.test.junit.AutoTests" name="[456] /home/travis/build/icyphy/ptII/ptolemy/actor/lib/test/auto/matrixType10.xml (RunModel)" time="0.008" />
  <testcase classname="ptolemy.util.test.junit.AutoTests" name="[457] /home/travis/build/icyphy/ptII/ptolemy/actor/lib/test/auto/matrixType11.xml (RunModel)" time="0.01" />
  <testcase classname="ptolemy.util.test.junit.AutoTests" name="[458] /home/travis/build/icyphy/ptII/ptolemy/actor/lib/test/auto/matrixType12.xml (RunModel)" time="0.007" />
  <testcase classname="ptolemy.util.test.junit.AutoTests" name="[459] /home/travis/build/icyphy/ptII/ptolemy/actor/lib/test/auto/matrixType13.xml (RunModel)" time="0.006" />
  <testcase classname="ptolemy.util.test.junit.AutoTests" name="[460] /home/travis/build/icyphy/ptII/ptolemy/actor/lib/test/auto/matrixType14.xml (RunModel)" time="0.007" />
  <testcase classname="ptolemy.util.test.junit.AutoTests" name="[461] /home/travis/build/icyphy/ptII/ptolemy/actor/lib/test/auto/matrixType2.xml (RunModel)" time="0.007" />
  <testcase classname="ptolemy.util.test.junit.AutoTests" name="[462] /home/travis/build/icyphy/ptII/ptolemy/actor/lib/test/auto/matrixType3.xml (RunModel)" time="0.011" />
  <testcase classname="ptolemy.util.test.junit.AutoTests" name="[463] /home/travis/build/icyphy/ptII/ptolemy/actor/lib/test/auto/matrixType4.xml (RunModel)" time="0.008" />
  <testcase classname="ptolemy.util.test.junit.AutoTests" name="[464] /home/travis/build/icyphy/ptII/ptolemy/actor/lib/test/auto/matrixType5.xml (RunModel)" time="0.007" />
  <testcase classname="ptolemy.util.test.junit.AutoTests" name="[465] /home/travis/build/icyphy/ptII/ptolemy/actor/lib/test/auto/matrixType6.xml (RunModel)" time="0.007" />
  <testcase classname="ptolemy.util.test.junit.AutoTests" name="[466] /home/travis/build/icyphy/ptII/ptolemy/actor/lib/test/auto/matrixType7.xml (RunModel)" time="0.007" />
  <testcase classname="ptolemy.util.test.junit.AutoTests" name="[467] /home/travis/build/icyphy/ptII/ptolemy/actor/lib/test/auto/matrixType8.xml (RunModel)" time="0.007" />
  <testcase classname="ptolemy.util.test.junit.AutoTests" name="[468] /home/travis/build/icyphy/ptII/ptolemy/actor/lib/test/auto/matrixType9.xml (RunModel)" time="0.006" />
  <testcase classname="ptolemy.util.test.junit.AutoTests" name="[469] /home/travis/build/icyphy/ptII/ptolemy/actor/lib/test/auto/paraFunctest.xml (RunModel)" time="0.005" />
  <testcase classname="ptolemy.util.test.junit.AutoTests" name="[470] /home/travis/build/icyphy/ptII/ptolemy/actor/lib/test/auto/paraFunctest2.xml (RunModel)" time="0.005" />
  <testcase classname="ptolemy.util.test.junit.AutoTests" name="[471] /home/travis/build/icyphy/ptII/ptolemy/actor/lib/test/auto/parameterPassing.xml (RunModel)" time="0.006" />
  <testcase classname="ptolemy.util.test.junit.AutoTests" name="[472] /home/travis/build/icyphy/ptII/ptolemy/actor/lib/test/auto/record.xml (RunModel)" time="0.008" />
  <testcase classname="ptolemy.util.test.junit.AutoTests" name="[473] /home/travis/build/icyphy/ptII/ptolemy/actor/lib/test/auto/sizedarray1.xml (RunModel)" time="0.007" />
  <testcase classname="ptolemy.util.test.junit.AutoTests" name="[474] /home/travis/build/icyphy/ptII/ptolemy/actor/lib/test/auto/sizedarray2.xml (RunModel)" time="0.008" />
  <testcase classname="ptolemy.util.test.junit.AutoTests" name="[475] /home/travis/build/icyphy/ptII/ptolemy/actor/lib/test/auto/twoPublishers.xml (RunModel)" time="0.017" />
  <system-out><![CDATA[/home/travis/build/icyphy/ptII/ptolemy/actor/lib/test/AbsoluteValue.tcl
testDefs.tcl: setting time out to 9000 seconds at Mon Feb 03 19:26:54 UTC 2020
104 ms. Memory: 129024K Free: 93128K (72%)
8 ms. Memory: 129024K Free: 91080K (71%)
15 ms. Memory: 129024K Free: 90559K (70%)
4 ms. Memory: 129024K Free: 89527K (69%)
/home/travis/build/icyphy/ptII/ptolemy/actor/lib/test/AddSubtract.tcl
15 ms. Memory: 129024K Free: 87494K (68%)
6 ms. Memory: 129024K Free: 86984K (67%)
9 ms. Memory: 129024K Free: 85960K (67%)
17 ms. Memory: 129024K Free: 85439K (66%)
45 ms. Memory: 129024K Free: 82374K (64%)
5 ms. Memory: 129024K Free: 81350K (63%)
/home/travis/build/icyphy/ptII/ptolemy/actor/lib/test/Average.tcl
13 ms. Memory: 129024K Free: 79816K (62%)
16 ms. Memory: 129024K Free: 78792K (61%)
/home/travis/build/icyphy/ptII/ptolemy/actor/lib/test/Bernoulli.tcl
5 ms. Memory: 129024K Free: 77239K (60%)
2 ms. Memory: 129024K Free: 76744K (59%)
/home/travis/build/icyphy/ptII/ptolemy/actor/lib/test/Clock.tcl
preinitializing
resolving types
initializing
executing number 1
wrapping up
idle
21 ms. Memory: 129024K Free: 74182K (57%)
Completed execution with 5 iterations
preinitializing
resolving types
initializing
executing number 1
wrapping up
idle
3 ms. Memory: 129024K Free: 73127K (57%)
Completed execution with 5 iterations
preinitializing
resolving types
initializing
executing number 1
wrapping up
idle
7 ms. Memory: 129024K Free: 72648K (56%)
Completed execution with 5 iterations
/home/travis/build/icyphy/ptII/ptolemy/actor/lib/test/Commutator.tcl
11 ms. Memory: 129024K Free: 70600K (55%)
5 ms. Memory: 129024K Free: 69576K (54%)
15 ms. Memory: 129024K Free: 63911K (50%)
/home/travis/build/icyphy/ptII/ptolemy/actor/lib/test/Const.tcl
4 ms. Memory: 129024K Free: 62408K (48%)
2 ms. Memory: 129024K Free: 61879K (48%)
3 ms. Memory: 129024K Free: 61384K (48%)
3 ms. Memory: 129024K Free: 60863K (47%)
7 ms. Memory: 129024K Free: 60360K (47%)
29 ms. Memory: 129024K Free: 58822K (46%)
9 ms. Memory: 129024K Free: 57288K (44%)
3 ms. Memory: 129024K Free: 56767K (44%)
/home/travis/build/icyphy/ptII/ptolemy/actor/lib/test/CurrentTime.tcl
preinitializing
resolving types
initializing
executing number 1
wrapping up
idle
15 ms. Memory: 129024K Free: 54711K (42%)
Completed execution with 11 iterations
/home/travis/build/icyphy/ptII/ptolemy/actor/lib/test/DB.tcl
7 ms. Memory: 129024K Free: 53192K (41%)
2 ms. Memory: 129024K Free: 52677K (41%)
1 ms. Memory: 129024K Free: 52168K (40%)
/home/travis/build/icyphy/ptII/ptolemy/actor/lib/test/DiscreteRandomSource.tcl
preinitializing
resolving types
initializing
executing number 1
wrapping up
idle
4 ms. Memory: 129024K Free: 50615K (39%)
Completed execution with 4 iterations
preinitializing
resolving types
initializing
executing number 1
wrapping up
idle
3 ms. Memory: 129024K Free: 50120K (39%)
Completed execution with 4 iterations
preinitializing
resolving types
initializing
executing number 1
wrapping up
idle
2 ms. Memory: 129024K Free: 49606K (38%)
Completed execution with 4 iterations
preinitializing
resolving types
initializing
executing number 1
wrapping up
idle
3 ms. Memory: 129024K Free: 49096K (38%)
Completed execution with 4 iterations
preinitializing
resolving types
initializing
executing number 1
wrapping up
idle
3 ms. Memory: 129024K Free: 48582K (38%)
Completed execution with 4 iterations
/home/travis/build/icyphy/ptII/ptolemy/actor/lib/test/Distributor.tcl
33 ms. Memory: 129024K Free: 113487K (88%)
4 ms. Memory: 129024K Free: 112566K (87%)
StreamChangeRequest.changeExecuted(): <deleteEntity name="rec2"/> succeeded
StreamChangeRequest.changeExecuted(): <deleteRelation name="r2"/> succeeded
StreamChangeRequest.changeExecuted(): Record firings per iteration succeeded
4 ms. Memory: 129024K Free: 110415K (86%)
/home/travis/build/icyphy/ptII/ptolemy/actor/lib/test/Exit.tcl
Exit.tcl: this will print a message about Manager.exitAfterWrapup, which can be ignored.
10 ms. Memory: 129024K Free: 107399K (83%)
/home/travis/build/icyphy/ptII/ptolemy/actor/lib/test/Expression.tcl
16 ms. Memory: 129024K Free: 103825K (80%)
8 ms. Memory: 129024K Free: 103365K (80%)
3 ms. Memory: 129024K Free: 102303K (79%)
preinitializing
resolving types
initializing
executing number 1
wrapping up
idle
13 ms. Memory: 129024K Free: 101199K (78%)
Completed execution with 6 iterations
2 ms. Memory: 129024K Free: 100285K (78%)
2 ms. Memory: 129024K Free: 99247K (77%)
8 ms. Memory: 129024K Free: 98239K (76%)
4 ms. Memory: 129024K Free: 97103K (75%)
3 ms. Memory: 129024K Free: 95603K (74%)
/home/travis/build/icyphy/ptII/ptolemy/actor/lib/test/Gaussian.tcl
10 ms. Memory: 129024K Free: 94135K (73%)
sleeping 1 seconds: ..................................................................................................................................................................................................................................................................................................................................................................................................................................................................................................................................................................................................................................................................................................................................................................................................................................................................................................................................................................................................................................................................................................................................................................................................................................................................................................................................................................................................................................................................................................................................................................................................................................................................................................................................................................................................................................................................................................................................................................................................................................................................................................................................................................................................................................................................................................................................................................................................................................................................................................................................................................................................................................................................................................................................................................................................................................................................................................................................................................................................................................................................................................................................................................................................................................................................................................................................................................................................................................................................................................................................................................................................................................................................................................................................................................................................................................................................................................................................................................................................................................................................................................................................................................................................................................................................................................................................................................................................................................................................................................................................................................................................................................................................................................................................................................................................................................................................................................................................................................................................................................................................................................................................................................................................................................................................................................................................................................................................................................................................................................................................................................................................................................................................................................................................................................................................................................................................................................................................................................................................................................................................................................................................................................................................................................................................................................................................................................................................................................................................................................................................................................................................................................................................................................................................................................................................................................................................................................................................................................................................................................................................................................................................................................................................................................................................................................................................................................................................................................................................................................................................................................................................................................................................................................................................................................................................................................................................................................................................................................................................................................................................................................................................................................................................................................................................................................................................................................................................................................................................................................................................................................................................................................................................................................................................................................................................................................................................................................................................................................................................................................................................................................................................................................................................................................................................................................................................................................................................................................................................................................................................................................................................................................................................................................................................................................................................................................................................................................................................................................................................................................................................................................................................................................................................................................................................................................................................................................................................................................................................................................................................................................................................................................................................................................................................................................................................................................................................................................................................................................................................................................................................................................................................................................................................................................................................................................................................................................................................................................................................................................................................................................................................................................................................................................................................................................................................................................................................................................................................................................................................................................................................................................................................................................................................................................................................................................................................................................................................................................................................................................................................................................................................................................................................................................................................................................................................................................................................................................................................................................................................................................................................................................................................................................................................................................................................................................................................................................................................................................................................................................................................................................................................................................................................................................................................................................................................................................................................................................................................................................................................................................................................................................................................................................................................................................................................................................................................................................................................................................................................................................................................................................................................................................................................................................................................................................................................................................................................................................................................................................................................................................................................................................................................................................................................................................................................................................................................................................................................................................................................................................................................................................................................................................................................................................................................................................................................................................................................................................................................................................................................................................................................................................................................................................................................................................................................................................................................................................................................................................................................................................................................................................................................................................................................................................................................................................................................................................................................................................................................................................................................................................................................................................................................................................................................................................................................................................................................................................................................................................................................................................................................................................................................................................................................................................................................................................................................................................................................................................................................................................................................................................................................................................................................................................................................................................................................................................................................................................................................................................................................................................................................................................................................................................................................................................................................................................................................................................................................................................................................................................................................................................................................................................................................................................................................................................................................................................................................................................................................................................................................................................................................................................................................................................................................................................................................................................................................................................................................................................................................................................................................................................................................................................................................................................................................................................................................................................................................................................................................................................................................................................................................................................................................................................................................................................................................................................................................................................................................................................................................................................................................................................................................................................................................................................................................................................................................................................................................................................................................................................................................................................................................................................................................................................................................................................................................................................................................................................................................................................................................................................................................................................................................................................................................................................................................................................................................................................................................................................................................................................................................................................................................................................................................................................................................................................................................................................................................................................................................................................................................................................................................................................................................................................................................................................................................................................................................................................................................................................................................................................................................................................................................................................................................................................................................................................................................................................................................................................................................................................................................................................................................................................................................................................................................................................................................................................................................................................................................................................................................................................................................................................................................................................................................................................................................................................................................................................................................................................................................................................................................................................................................................................................................................................................................................................................................................................................................................................................................................................................................................................................................................................................................................................................................................................................................................................................................................................................................................................................................................................................................................................................................................................................................................................................................................................................................................................................................................................................................................................................................................................................................................................................................................................................................................................................................................................................................................................................................................................................................................................................................................................................................................................................................................................................................................................................................................................................................................................................................................................................................................................................................................................................................................................................................................................................................................................................................................................................................................................................................................................................................................................................................................................................................................................................................................................................................................................................................................................................................................................................................................................................................................................................................................................................................................................................................................................................................................................................................................................................................................................................................................................................................................................................................................................................................................................................................................................................................................................................................................................................................................................................................................................................................................................................................................................................................................................................................................................................................................................................................................................................................................................................................................................................................................................................................................................................................................................................................................................................................................................................................................................................................................................................................................................................................................................................................................................................................................................................................................................................................................................................................................................................................................................................................................................................................................................................................................................................................................................................................................................................................................................................................................................................................................................................................................................................................................................................................................................................................................................................................................................................................................................................................................................................................................................................................................................................................................................................................................................................................................................................................................................................................................................................................................................................................................................................................................................................................................................................................................................................................................................................................................................................................................................................................................................................................................................................................................................................................................................................................................................................................................................................................................................................................................................................................................................................................................................................................................................................................................................................................................................................................................................................................................................................................................................................................................................................................................................................................................................................................................................................................................................................................................................................................................................................................................................................................................................................................................................................................................................................................................................................................................................................................................................................................................................................................................................................................................................................................................................................................................................................................................................................................................................................................................................................................................................................................................................................................................................................................................................................................................................................................................................................................................................................................................................................................................................................................................................................................................................................................................................................................................................................................................................................................................................................................................................................................................................................................................................................................................................................................................................................................................................................................................................................................................................................................................................................................................................................................................................................................................................................................................................................................................................................................................................................................................................................................................................................................................................................................................................................................................................................................................................................................................................................................................................................................................................................................................................................................................................................................................................................................................................................................................................................................................................................................................................................................................................................................................................................................................................................................................................................................................................................................................................................................................................................................................................................................................................................................................................................................................................................................................................................................................................................................................................................................................................................................................................................................................................................................................................................................................................................................................................................................................................................................................................................................................................................................................................................................................................................................................................................................................................................................................................................................................................................................................................................................................................................................................................................................................................................................................................................................................................................................................................................................................................................................................................................................................................................................................................................................................................................................................................................................................................................................................................................................................................................................................................................................................................................................................................................................................................................................................................................................................................................................................................................................................................6 ms. Memory: 129024K Free: 84326K (65%)
3 ms. Memory: 129024K Free: 83304K (65%)
3 ms. Memory: 129024K Free: 82776K (64%)
3 ms. Memory: 129024K Free: 82280K (64%)
3 ms. Memory: 129024K Free: 81760K (63%)
/home/travis/build/icyphy/ptII/ptolemy/actor/lib/test/IIR.tcl
/home/travis/build/icyphy/ptII/ptolemy/actor/lib/test/Interpolator.tcl
4 ms. Memory: 129024K Free: 77640K (60%)
2 ms. Memory: 129024K Free: 77160K (60%)
1 ms. Memory: 129024K Free: 76646K (59%)
2 ms. Memory: 129024K Free: 76136K (59%)
2 ms. Memory: 129024K Free: 75112K (58%)
2 ms. Memory: 129024K Free: 74584K (58%)
2 ms. Memory: 129024K Free: 73568K (57%)
2 ms. Memory: 129024K Free: 72550K (56%)
2 ms. Memory: 129024K Free: 72040K (56%)
1 ms. Memory: 129024K Free: 71016K (55%)
/home/travis/build/icyphy/ptII/ptolemy/actor/lib/test/MathFunction.tcl
4 ms. Memory: 129024K Free: 68968K (53%)
2 ms. Memory: 129024K Free: 67944K (53%)
2 ms. Memory: 129024K Free: 66920K (52%)
2 ms. Memory: 129024K Free: 65896K (51%)
2 ms. Memory: 129024K Free: 64344K (50%)
9 ms. Memory: 129024K Free: 62824K (49%)
/home/travis/build/icyphy/ptII/ptolemy/actor/lib/test/Maximum.tcl
5 ms. Memory: 129024K Free: 60776K (47%)
6 ms. Memory: 129024K Free: 60262K (47%)
5 ms. Memory: 129024K Free: 59238K (46%)
2 ms. Memory: 129024K Free: 58728K (46%)
/home/travis/build/icyphy/ptII/ptolemy/actor/lib/test/Minimum.tcl
7 ms. Memory: 129024K Free: 57184K (44%)
4 ms. Memory: 129024K Free: 56152K (44%)
2 ms. Memory: 129024K Free: 55656K (43%)
3 ms. Memory: 129024K Free: 55142K (43%)
/home/travis/build/icyphy/ptII/ptolemy/actor/lib/test/MultiplyDivide.tcl
8 ms. Memory: 129024K Free: 53080K (41%)
7 ms. Memory: 129024K Free: 52584K (41%)
2 ms. Memory: 129024K Free: 51560K (40%)
9 ms. Memory: 157696K Free: 141549K (90%)
2 ms. Memory: 157696K Free: 140539K (89%)
/home/travis/build/icyphy/ptII/ptolemy/actor/lib/test/OrderedMerge.tcl
Connections changed on port: inputA
Connections changed on port: inputB
Connections changed on port: output
Connections changed on port: output
Connections changed on port: output
Connections changed on port: input
.top. Preinitializing ...
Invoking preinitialize():  .top.OrderedMerge
Called preinitialize()
Invoking preinitialize():  .top.Ramp
Called preinitialize()
Invoking preinitialize():  .top.Ramp2
Called preinitialize()
Invoking preinitialize():  .top.Test
Called preinitialize()
Connections changed on port: inputA
Connections changed on port: output
Connections changed on port: output
Connections changed on port: input
Connections changed on port: inputB
Connections changed on port: output
.top. Finished preinitialize().
Called initialize().
Invoking initialize():  .top.OrderedMerge
Initializing actor: .top.OrderedMerge
Adding a thread: .top.OrderedMerge
Invoking initialize():  .top.Ramp
Initializing actor: .top.Ramp
Adding a thread: .top.Ramp
Invoking initialize():  .top.Ramp2
Initializing actor: .top.Ramp2
Adding a thread: .top.Ramp2
Invoking initialize():  .top.Test
Initializing actor: .top.Test
Adding a thread: .top.Test
Called fire().
Checking for deadlock:
-- Starting thread.
-- Starting thread.
Called initialize()
Called initialize()
Called prefire()
Called fire()
-- Starting thread.
Called initialize()
Called prefire()
-- Starting thread.
Called initialize()
Called prefire()
Called fire()
Called prefire()
Called fire()
Called fire()
There are 0 Blocked actors, 0 Stopped actors, and 4 active threads.
Waiting for actors to stop.
Called postfire()
Called prefire()
Called fire()
Checking for deadlock:
There are 2 Blocked actors, 0 Stopped actors, and 4 active threads.
Waiting for actors to stop.
Called postfire()
Called prefire()
Called fire()
Read input token from inputA with value 0.0
Called postfire()
Called prefire()
Called fire()
Next port to read input from is inputB
Called postfire()
Called prefire()
Called fire()
Read input token from inputB with value 0.0
Sent output token with value 0.0
Next port to read input from is inputA
Called postfire()
Called prefire()
Called fire()
Read input token from inputA with value 1.0
-- Read input: 0.0, which is expected to match: 0.0
Called prefire()
Called fire()
Called postfire()
Called prefire()
Called fire()
Checking for deadlock:
There are 2 Blocked actors, 0 Stopped actors, and 4 active threads.
Waiting for actors to stop.
Called postfire()
Called prefire()
Called fire()
Sent output token with value 0.0
Next port to read input from is inputB
Called postfire()
Called prefire()
Called fire()
Read input token from inputB with value 1.5
-- Read input: 0.0, which is expected to match: 0.0
Called prefire()
Called fire()
Called postfire()
Called prefire()
Called fire()
Checking for deadlock:
There are 2 Blocked actors, 0 Stopped actors, and 4 active threads.
Waiting for actors to stop.
Sent output token with value 1.0
Next port to read input from is inputA
Called postfire()
Called prefire()
Called fire()
Read input token from inputA with value 2.0
Checking for deadlock:
There are 2 Blocked actors, 0 Stopped actors, and 4 active threads.
Waiting for actors to stop.
-- Read input: 1.0, which is expected to match: 1.0
Called prefire()
Called fire()
Called postfire()
Called prefire()
Called fire()
Checking for deadlock:
There are 3 Blocked actors, 0 Stopped actors, and 4 active threads.
Waiting for actors to stop.
Sent output token with value 1.5
-- Read input: 1.5, which is expected to match: 1.5
Next port to read input from is inputB
Called postfire()
Called prefire()
Called prefire()
Called fire()
Called fire()
Read input token from inputB with value 3.0
Sent output token with value 2.0
Next port to read input from is inputA
Called postfire()
Called prefire()
Called fire()
Read input token from inputA with value 3.0
Checking for deadlock:
There are 1 Blocked actors, 0 Stopped actors, and 4 active threads.
Waiting for actors to stop.
Called postfire()
Called prefire()
Called fire()
-- Read input: 2.0, which is expected to match: 2.0
Called prefire()
Called fire()
Called postfire()
Called prefire()
Called fire()
Checking for deadlock:
There are 3 Blocked actors, 0 Stopped actors, and 4 active threads.
Waiting for actors to stop.
Sent output token with value 3.0
Next port to read input from is inputB
Called postfire()
Called prefire()
Called fire()
Read input token from inputB with value 4.5
-- Read input: 3.0, which is expected to match: 3.0
Called prefire()
Called fire()
Checking for deadlock:
There are 2 Blocked actors, 0 Stopped actors, and 4 active threads.
Waiting for actors to stop.
Called postfire()
Called prefire()
Called fire()
Sent output token with value 3.0
Next port to read input from is inputA
Called postfire()
Called prefire()
Called fire()
-- Read input: 3.0, which is expected to match: 3.0
Called prefire()
Called fire()
Read input token from inputA with value 4.0
Sent output token with value 4.0
Next port to read input from is inputA
Called postfire()
Called prefire()
Called fire()
Called postfire()
Called prefire()
Called fire()
Checking for deadlock:
There are 2 Blocked actors, 0 Stopped actors, and 4 active threads.
Waiting for actors to stop.
Read input token from inputA with value 5.0
-- Read input: 4.0, which is expected to match: 4.0
Sent output token with value 4.5
Called prefire()
Called fire()
Next port to read input from is inputB
Called postfire()
Called prefire()
Called fire()
Past the end of training data. Read and discard all inputs.
Read input token from inputB with value 6.0
Called prefire()
Called fire()
Past the end of training data. Read and discard all inputs.
Called prefire()
Sent output token with value 5.0
Called fire()
Past the end of training data. Read and discard all inputs.
Next port to read input from is inputA
Called postfire()
Called prefire()
Called fire()
Checking for deadlock:
There are 2 Blocked actors, 0 Stopped actors, and 4 active threads.
Waiting for actors to stop.
Called postfire()
Called postfire()
Called prefire()
Called prefire()
Called fire()
Called fire()
Checking for deadlock:
There are 2 Blocked actors, 0 Stopped actors, and 4 active threads.
Waiting for actors to stop.
Read input token from inputA with value 6.0
Sent output token with value 6.0
Next port to read input from is inputB
Called postfire()
Called prefire()
Called fire()
Called prefire()
Called fire()
Past the end of training data. Read and discard all inputs.
Read input token from inputB with value 7.5
Sent output token with value 6.0
Next port to read input from is inputA
Called postfire()
Called prefire()
Called fire()
Read input token from inputA with value 7.0
Called postfire()
Called prefire()
Called fire()
Called postfire()
Called prefire()
Called fire()
Checking for deadlock:
There are 2 Blocked actors, 0 Stopped actors, and 4 active threads.
Waiting for actors to stop.
Called postfire()
Called prefire()
Called fire()
Called prefire()
Called fire()
Past the end of training data. Read and discard all inputs.
Sent output token with value 7.0
Called prefire()
Called fire()
Next port to read input from is inputA
Past the end of training data. Read and discard all inputs.
Called postfire()
Called prefire()
Called fire()
Read input token from inputA with value 8.0
Sent output token with value 7.5
Next port to read input from is inputB
Called postfire()
Called prefire()
Called fire()
Read input token from inputB with value 9.0
Checking for deadlock:
There are 1 Blocked actors, 0 Stopped actors, and 4 active threads.
Waiting for actors to stop.
Called prefire()
Called fire()
-- Thread wrapup() called.
Past the end of training data. Read and discard all inputs.
Called wrapup()
Thread .top.Ramp is exiting.
-- Thread stopped.
Called postfire()
Called prefire()
Called fire()
Checking for deadlock:
There are 2 Blocked actors, 0 Stopped actors, and 3 active threads.
Waiting for actors to stop.
Sent output token with value 8.0
Next port to read input from is inputA
Called postfire()
Called prefire()
Called fire()
Read input token from inputA with value 9.0
Checking for deadlock:
There are 2 Blocked actors, 0 Stopped actors, and 3 active threads.
Waiting for actors to stop.
Called prefire()
Called fire()
Past the end of training data. Read and discard all inputs.
Checking for deadlock:
There are 2 Blocked actors, 0 Stopped actors, and 3 active threads.
Waiting for actors to stop.
Sent output token with value 9.0
Called prefire()
Called fire()
Past the end of training data. Read and discard all inputs.
Next port to read input from is inputB
Called postfire()
Called prefire()
Called fire()
Read input token from inputB with value 10.5
Sent output token with value 9.0
Next port to read input from is inputA
Called postfire()
Called prefire()
Called fire()
Checking for deadlock:
There are 1 Blocked actors, 0 Stopped actors, and 3 active threads.
Waiting for actors to stop.
Called postfire()
Called prefire()
Called fire()
Called prefire()
Called fire()
Past the end of training data. Read and discard all inputs.
Checking for deadlock:
There are 3 Blocked actors, 0 Stopped actors, and 3 active threads.
Actors have stopped.
Checking for deadlock:
There are 3 Blocked actors, 0 Stopped actors, and 3 active threads.
Deadlock detected.
Resolving Deadlock
Checking for deadlock:
There are 3 Blocked actors, 0 Stopped actors, and 3 active threads.
Artificial Deadlock - increasing queue capacity.
increasing the capacity of receiver ptolemy.actor.TypedIOPort {.top.OrderedMerge.inputB} to 2
-- Thread wrapup() called.
Called wrapup()
Director: Called postfire().
Thread .top.Ramp2 is exiting.
-- Thread stopped.
Called postfire().
_stopRequested = false
_stopFireRequested = false
Returning from postfire(): true
Called fire().
Checking for deadlock:
There are 2 Blocked actors, 0 Stopped actors, and 2 active threads.
Actors have stopped.
Checking for deadlock:
There are 2 Blocked actors, 0 Stopped actors, and 2 active threads.
Deadlock detected.
Resolving Deadlock
Checking for deadlock:
There are 2 Blocked actors, 0 Stopped actors, and 2 active threads.
Deadlock detected: no processes blocked on write, but some are blocked on read.
Called postfire().
_stopRequested = false
_stopFireRequested = false
Returning from postfire(): false
Finished deactivating branches.
Called wrapup().
-- Thread wrapup() called.
Called wrapup()
Thread .top.OrderedMerge is exiting.
-- Thread stopped.
-- Blocked Receiver call threw TerminateProcessException.
-- Thread wrapup() called.
Called wrapup()
Thread .top.Test is exiting.
-- Thread stopped.
-- Blocked Receiver call threw TerminateProcessException.
67 ms. Memory: 157696K Free: 135933K (86%)
.top. Preinitializing ...
Invoking preinitialize():  .top.OrderedMerge
Called preinitialize()
Invoking preinitialize():  .top.Ramp
Called preinitialize()
Invoking preinitialize():  .top.Ramp2
Called preinitialize()
Invoking preinitialize():  .top.Test
Called preinitialize()
.top. Finished preinitialize().
Called initialize().
Invoking initialize():  .top.OrderedMerge
Initializing actor: .top.OrderedMerge
Adding a thread: .top.OrderedMerge
Invoking initialize():  .top.Ramp
Initializing actor: .top.Ramp
Adding a thread: .top.Ramp
Invoking initialize():  .top.Ramp2
Initializing actor: .top.Ramp2
Adding a thread: .top.Ramp2
Invoking initialize():  .top.Test
Initializing actor: .top.Test
Adding a thread: .top.Test
-- Starting thread.
Called initialize()
Called prefire()
Called fire()
-- Starting thread.
Called initialize()
-- Starting thread.
Called initialize()
Called prefire()
Called fire()
Called postfire()
Called prefire()
Called fire()
Called prefire()
Called fire()
Called postfire()
Called prefire()
Called fire()
Called fire().
Checking for deadlock:
There are 3 Blocked actors, 0 Stopped actors, and 4 active threads.
Waiting for actors to stop.
-- Starting thread.
Called initialize()
Called prefire()
Called fire()
Called postfire()
Called prefire()
Called fire()
Checking for deadlock:
There are 3 Blocked actors, 0 Stopped actors, and 4 active threads.
Waiting for actors to stop.
Read input token from inputA with value 0.0
Next port to read input from is inputB
Called postfire()
Called prefire()
Called fire()
Checking for deadlock:
There are 2 Blocked actors, 0 Stopped actors, and 4 active threads.
Waiting for actors to stop.
Called postfire()
Called prefire()
Called fire()
Checking for deadlock:
There are 3 Blocked actors, 0 Stopped actors, and 4 active threads.
Waiting for actors to stop.
Read input token from inputB with value 0.0
Sent output token with value 0.0
Next port to read input from is inputA
Called postfire()
Called prefire()
Checking for deadlock:
There are 2 Blocked actors, 0 Stopped actors, and 4 active threads.
Waiting for actors to stop.
-- Read input: 0.0, which is expected to match: 0.0
Called prefire()
Called fire()
Checking for deadlock:
There are 3 Blocked actors, 0 Stopped actors, and 4 active threads.
Waiting for actors to stop.
Called fire()
Checking for deadlock:
There are 2 Blocked actors, 0 Stopped actors, and 4 active threads.
Waiting for actors to stop.
Called postfire()
Called prefire()
Called fire()
Checking for deadlock:
There are 3 Blocked actors, 0 Stopped actors, and 4 active threads.
Waiting for actors to stop.
Read input token from inputA with value 1.0
Checking for deadlock:
There are 2 Blocked actors, 0 Stopped actors, and 4 active threads.
Waiting for actors to stop.
-- Read input: 0.0, which is expected to match: 0.0
Called prefire()
Called fire()
Checking for deadlock:
There are 3 Blocked actors, 0 Stopped actors, and 4 active threads.
Waiting for actors to stop.
Sent output token with value 0.0
Next port to read input from is inputB
Called postfire()
Called prefire()
Called fire()
Checking for deadlock:
There are 2 Blocked actors, 0 Stopped actors, and 4 active threads.
Waiting for actors to stop.
Called postfire()
Called prefire()
Called fire()
Checking for deadlock:
There are 3 Blocked actors, 0 Stopped actors, and 4 active threads.
Waiting for actors to stop.
Read input token from inputB with value 1.5
Sent output token with value 1.0
Next port to read input from is inputA
Called postfire()
Called prefire()
Called fire()
Read input token from inputA with value 2.0
Checking for deadlock:
There are 2 Blocked actors, 0 Stopped actors, and 4 active threads.
Waiting for actors to stop.
-- Read input: 1.0, which is expected to match: 1.0
Called prefire()
Called fire()
Called postfire()
Called prefire()
Called fire()
Checking for deadlock:
There are 3 Blocked actors, 0 Stopped actors, and 4 active threads.
Waiting for actors to stop.
Checking for deadlock:
There are 2 Blocked actors, 0 Stopped actors, and 4 active threads.
Waiting for actors to stop.
-- Read input: 1.5, which is expected to match: 1.5
Called prefire()
Called fire()
Checking for deadlock:
There are 3 Blocked actors, 0 Stopped actors, and 4 active threads.
Waiting for actors to stop.
Sent output token with value 1.5
Next port to read input from is inputB
Called postfire()
Called prefire()
Called fire()
Checking for deadlock:
There are 2 Blocked actors, 0 Stopped actors, and 4 active threads.
Waiting for actors to stop.
Called postfire()
Called prefire()
Called fire()
Checking for deadlock:
There are 3 Blocked actors, 0 Stopped actors, and 4 active threads.
Waiting for actors to stop.
Read input token from inputB with value 3.0
Checking for deadlock:
There are 2 Blocked actors, 0 Stopped actors, and 4 active threads.
Waiting for actors to stop.
-- Read input: 2.0, which is expected to match: 2.0
Called prefire()
Called fire()
Checking for deadlock:
There are 3 Blocked actors, 0 Stopped actors, and 4 active threads.
Waiting for actors to stop.
Sent output token with value 2.0
Next port to read input from is inputA
Called postfire()
Called prefire()
Called fire()
Checking for deadlock:
There are 2 Blocked actors, 0 Stopped actors, and 4 active threads.
Waiting for actors to stop.
Called postfire()
Called prefire()
Called fire()
Checking for deadlock:
There are 3 Blocked actors, 0 Stopped actors, and 4 active threads.
Waiting for actors to stop.
Read input token from inputA with value 3.0
Checking for deadlock:
There are 2 Blocked actors, 0 Stopped actors, and 4 active threads.
Waiting for actors to stop.
-- Read input: 3.0, which is expected to match: 3.0
Called prefire()
Called fire()
Checking for deadlock:
There are 3 Blocked actors, 0 Stopped actors, and 4 active threads.
Waiting for actors to stop.
Sent output token with value 3.0
Next port to read input from is inputB
Called postfire()
Called prefire()
Called fire()
Checking for deadlock:
There are 2 Blocked actors, 0 Stopped actors, and 4 active threads.
Waiting for actors to stop.
Called postfire()
Called prefire()
Called fire()
Checking for deadlock:
There are 3 Blocked actors, 0 Stopped actors, and 4 active threads.
Waiting for actors to stop.
Read input token from inputB with value 4.5
Sent output token with value 3.0
Next port to read input from is inputA
Called postfire()
Called prefire()
Called fire()
Read input token from inputA with value 4.0
Checking for deadlock:
There are 2 Blocked actors, 0 Stopped actors, and 4 active threads.
Waiting for actors to stop.
-- Read input: 3.0, which is expected to match: 3.0
Called prefire()
Called fire()
Called postfire()
Called prefire()
Called fire()
Checking for deadlock:
There are 3 Blocked actors, 0 Stopped actors, and 4 active threads.
Waiting for actors to stop.
Checking for deadlock:
There are 2 Blocked actors, 0 Stopped actors, and 4 active threads.
Waiting for actors to stop.
-- Read input: 4.0, which is expected to match: 4.0
Called prefire()
Called fire()
Past the end of training data. Read and discard all inputs.
Checking for deadlock:
There are 3 Blocked actors, 0 Stopped actors, and 4 active threads.
Waiting for actors to stop.
Sent output token with value 4.0
Next port to read input from is inputA
Called postfire()
Called prefire()
Called fire()
Called postfire()
Called prefire()
Called fire()
Checking for deadlock:
There are 3 Blocked actors, 0 Stopped actors, and 4 active threads.
Waiting for actors to stop.
Read input token from inputA with value 5.0
Called prefire()
Called fire()
Past the end of training data. Read and discard all inputs.
Checking for deadlock:
There are 3 Blocked actors, 0 Stopped actors, and 4 active threads.
Waiting for actors to stop.
Sent output token with value 4.5
Next port to read input from is inputB
Called postfire()
Called prefire()
Called fire()
Checking for deadlock:
There are 2 Blocked actors, 0 Stopped actors, and 4 active threads.
Waiting for actors to stop.
Called postfire()
Called prefire()
Called fire()
Checking for deadlock:
There are 3 Blocked actors, 0 Stopped actors, and 4 active threads.
Waiting for actors to stop.
Read input token from inputB with value 6.0
Sent output token with value 5.0
Next port to read input from is inputA
Called postfire()
Called prefire()
Called fire()
Read input token from inputA with value 6.0
Called postfire()
Called prefire()
Called fire()
Checking for deadlock:
There are 3 Blocked actors, 0 Stopped actors, and 4 active threads.
Waiting for actors to stop.
Called prefire()
Called fire()
Past the end of training data. Read and discard all inputs.
Checking for deadlock:
There are 3 Blocked actors, 0 Stopped actors, and 4 active threads.
Waiting for actors to stop.
Called prefire()
Called fire()
Past the end of training data. Read and discard all inputs.
Checking for deadlock:
There are 3 Blocked actors, 0 Stopped actors, and 4 active threads.
Waiting for actors to stop.
Sent output token with value 6.0
Next port to read input from is inputB
Called postfire()
Called prefire()
Called fire()
Checking for deadlock:
There are 2 Blocked actors, 0 Stopped actors, and 4 active threads.
Waiting for actors to stop.
Called postfire()
Called prefire()
Called fire()
Checking for deadlock:
There are 3 Blocked actors, 0 Stopped actors, and 4 active threads.
Waiting for actors to stop.
Read input token from inputB with value 7.5
Sent output token with value 6.0
Next port to read input from is inputA
Called postfire()
Called prefire()
Called fire()
Read input token from inputA with value 7.0
Checking for deadlock:
There are 2 Blocked actors, 0 Stopped actors, and 4 active threads.
Waiting for actors to stop.
Called postfire()
Called prefire()
Called fire()
Called prefire()
Called fire()
Past the end of training data. Read and discard all inputs.
Checking for deadlock:
There are 3 Blocked actors, 0 Stopped actors, and 4 active threads.
Waiting for actors to stop.
Called prefire()
Called fire()
Past the end of training data. Read and discard all inputs.
Checking for deadlock:
There are 3 Blocked actors, 0 Stopped actors, and 4 active threads.
Waiting for actors to stop.
Sent output token with value 7.0
Next port to read input from is inputA
Called postfire()
Called prefire()
Called fire()
Checking for deadlock:
There are 2 Blocked actors, 0 Stopped actors, and 4 active threads.
Waiting for actors to stop.
-- Thread wrapup() called.
Called wrapup()
Thread .top.Ramp is exiting.
-- Thread stopped.
Checking for deadlock:
There are 2 Blocked actors, 0 Stopped actors, and 3 active threads.
Waiting for actors to stop.
Read input token from inputA with value 8.0
Called prefire()
Called fire()
Past the end of training data. Read and discard all inputs.
Checking for deadlock:
There are 2 Blocked actors, 0 Stopped actors, and 3 active threads.
Waiting for actors to stop.
Sent output token with value 7.5
Next port to read input from is inputB
Called postfire()
Called prefire()
Called fire()
Checking for deadlock:
There are 1 Blocked actors, 0 Stopped actors, and 3 active threads.
Waiting for actors to stop.
Called postfire()
Called prefire()
Called fire()
Checking for deadlock:
There are 2 Blocked actors, 0 Stopped actors, and 3 active threads.
Waiting for actors to stop.
Read input token from inputB with value 9.0
Checking for deadlock:
There are 1 Blocked actors, 0 Stopped actors, and 3 active threads.
Waiting for actors to stop.
Called prefire()
Called fire()
Past the end of training data. Read and discard all inputs.
Checking for deadlock:
There are 2 Blocked actors, 0 Stopped actors, and 3 active threads.
Waiting for actors to stop.
Sent output token with value 8.0
Next port to read input from is inputA
Called postfire()
Called prefire()
Called fire()
Read input token from inputA with value 9.0
Called prefire()
Called fire()
Past the end of training data. Read and discard all inputs.
Checking for deadlock:
There are 2 Blocked actors, 0 Stopped actors, and 3 active threads.
Waiting for actors to stop.
Sent output token with value 9.0
Next port to read input from is inputB
Called postfire()
Called prefire()
Called fire()
Checking for deadlock:
There are 1 Blocked actors, 0 Stopped actors, and 3 active threads.
Waiting for actors to stop.
Called postfire()
Called prefire()
Called fire()
Checking for deadlock:
There are 2 Blocked actors, 0 Stopped actors, and 3 active threads.
Waiting for actors to stop.
Read input token from inputB with value 10.5
Checking for deadlock:
There are 1 Blocked actors, 0 Stopped actors, and 3 active threads.
Waiting for actors to stop.
Called prefire()
Called fire()
Past the end of training data. Read and discard all inputs.
Checking for deadlock:
There are 2 Blocked actors, 0 Stopped actors, and 3 active threads.
Waiting for actors to stop.
Sent output token with value 9.0
Next port to read input from is inputA
Called postfire()
Called prefire()
Called fire()
Checking for deadlock:
There are 3 Blocked actors, 0 Stopped actors, and 3 active threads.
Actors have stopped.
Checking for deadlock:
There are 3 Blocked actors, 0 Stopped actors, and 3 active threads.
Deadlock detected.
Resolving Deadlock
Checking for deadlock:
There are 3 Blocked actors, 0 Stopped actors, and 3 active threads.
Artificial Deadlock - increasing queue capacity.
increasing the capacity of receiver ptolemy.actor.TypedIOPort {.top.OrderedMerge.inputB} to 2
Director: Called postfire().
Called postfire().
_stopRequested = false
_stopFireRequested = false
Returning from postfire(): true
Called fire().
Checking for deadlock:
There are 2 Blocked actors, 0 Stopped actors, and 3 active threads.
Waiting for actors to stop.
-- Thread wrapup() called.
Called wrapup()
Thread .top.Ramp2 is exiting.
-- Thread stopped.
Checking for deadlock:
There are 2 Blocked actors, 0 Stopped actors, and 2 active threads.
Actors have stopped.
Checking for deadlock:
There are 2 Blocked actors, 0 Stopped actors, and 2 active threads.
Deadlock detected.
Resolving Deadlock
Checking for deadlock:
There are 2 Blocked actors, 0 Stopped actors, and 2 active threads.
Deadlock detected: no processes blocked on write, but some are blocked on read.
Called postfire().
_stopRequested = false
_stopFireRequested = false
Returning from postfire(): false
Finished deactivating branches.
Called wrapup().
-- Thread wrapup() called.
Called wrapup()
-- Thread wrapup() called.
Called wrapup()
Thread .top.Test is exiting.
-- Thread stopped.
-- Blocked Receiver call threw TerminateProcessException.
Thread .top.OrderedMerge is exiting.
-- Thread stopped.
-- Blocked Receiver call threw TerminateProcessException.
32 ms. Memory: 157696K Free: 133371K (85%)
/home/travis/build/icyphy/ptII/ptolemy/actor/lib/test/Publisher.tcl
6 ms. Memory: 157696K Free: 127197K (81%)
5 ms. Memory: 157696K Free: 121597K (77%)
3 ms. Memory: 157696K Free: 118011K (75%)
8 ms. Memory: 157696K Free: 116973K (74%)
4 ms. Memory: 157696K Free: 116477K (74%)
11 ms. Memory: 157696K Free: 115453K (73%)
8 ms. Memory: 157696K Free: 114925K (73%)
3 ms. Memory: 157696K Free: 113885K (72%)
18 ms. Memory: 157696K Free: 131728K (84%)
3 ms. Memory: 157696K Free: 127632K (81%)
2 ms. Memory: 157696K Free: 127122K (81%)
3 ms. Memory: 157696K Free: 125074K (79%)
5 ms. Memory: 157696K Free: 117392K (74%)
5 ms. Memory: 157696K Free: 107666K (68%)
5 ms. Memory: 157696K Free: 96897K (61%)
/home/travis/build/icyphy/ptII/ptolemy/actor/lib/test/Pulse.tcl
2 ms. Memory: 157696K Free: 133597K (85%)
1 ms. Memory: 157696K Free: 133101K (84%)
1 ms. Memory: 157696K Free: 132587K (84%)
1 ms. Memory: 157696K Free: 132077K (84%)
1 ms. Memory: 157696K Free: 131563K (83%)
5 ms. Memory: 157696K Free: 130525K (83%)
2 ms. Memory: 157696K Free: 129501K (82%)
1 ms. Memory: 157696K Free: 128491K (81%)
1 ms. Memory: 157696K Free: 127981K (81%)
/home/travis/build/icyphy/ptII/ptolemy/actor/lib/test/Ramp.tcl
5 ms. Memory: 157696K Free: 125933K (80%)
2 ms. Memory: 157696K Free: 125405K (80%)
1 ms. Memory: 157696K Free: 124381K (79%)
9 ms. Memory: 157696K Free: 123885K (79%)
4 ms. Memory: 157696K Free: 122861K (78%)
7 ms. Memory: 157696K Free: 122347K (78%)
5 ms. Memory: 157696K Free: 121309K (77%)
5 actors
7000 microseconds per iteration to create
11 ms. Memory: 157696K Free: 118251K (75%)
1 ms. Memory: 157696K Free: 117741K (75%)
3 ms. Memory: 157696K Free: 117213K (74%)
2 ms. Memory: 157696K Free: 116717K (74%)
50 actors
44000 microseconds per iteration to create
38 ms. Memory: 157696K Free: 101357K (64%)
12 ms. Memory: 157696K Free: 100333K (64%)
4 ms. Memory: 157696K Free: 98795K (63%)
13 ms. Memory: 157696K Free: 97771K (62%)
500 actors
1390000 microseconds per iteration to create
221 ms. Memory: 189440K Free: 127133K (67%)
31 ms. Memory: 189440K Free: 122013K (64%)
38 ms. Memory: 189440K Free: 116893K (62%)
36 ms. Memory: 189440K Free: 111759K (59%)
/home/travis/build/icyphy/ptII/ptolemy/actor/lib/test/RampContinuous.tcl
6 ms. Memory: 189440K Free: 110239K (58%)
/home/travis/build/icyphy/ptII/ptolemy/actor/lib/test/RecordAssembler.tcl
4 ms. Memory: 189440K Free: 108687K (57%)
2 ms. Memory: 189440K Free: 107663K (57%)
/home/travis/build/icyphy/ptII/ptolemy/actor/lib/test/RecordDisassembler.tcl
5 ms. Memory: 189440K Free: 106143K (56%)
2 ms. Memory: 189440K Free: 105629K (56%)
2 ms. Memory: 189440K Free: 104095K (55%)
/home/travis/build/icyphy/ptII/ptolemy/actor/lib/test/Scale.tcl
2 ms. Memory: 189440K Free: 102543K (54%)
1 ms. Memory: 189440K Free: 101519K (54%)
1 ms. Memory: 189440K Free: 101023K (53%)
1 ms. Memory: 189440K Free: 99999K (53%)
3 ms. Memory: 189440K Free: 98975K (52%)
/home/travis/build/icyphy/ptII/ptolemy/actor/lib/test/SequentialClock.tcl
preinitializing
resolving types
initializing
executing number 1
wrapping up
idle
2 ms. Memory: 189440K Free: 97951K (52%)
Completed execution with 5 iterations
preinitializing
resolving types
initializing
executing number 1
wrapping up
idle
2 ms. Memory: 189440K Free: 97423K (51%)
Completed execution with 5 iterations
preinitializing
resolving types
initializing
executing number 1
wrapping up
idle
1 ms. Memory: 189440K Free: 96927K (51%)
Completed execution with 5 iterations
/home/travis/build/icyphy/ptII/ptolemy/actor/lib/test/SetVariable.tcl
4 ms. Memory: 189440K Free: 94879K (50%)
/home/travis/build/icyphy/ptII/ptolemy/actor/lib/test/Sinewave.tcl
/home/travis/build/icyphy/ptII/ptolemy/actor/lib/test/SubscriptionAggregator.tcl
8 ms. Memory: 189440K Free: 83615K (44%)
2 ms. Memory: 189440K Free: 83087K (44%)
0 ms. Memory: 189440K Free: 82591K (44%)
1 ms. Memory: 189440K Free: 82077K (43%)
1 ms. Memory: 189440K Free: 78495K (41%)
7 ms. Memory: 189440K Free: 75933K (40%)
...............................................................972 ms. Memory: 263168K Free: 159399K (61%)
/home/travis/build/icyphy/ptII/ptolemy/actor/lib/test/Test.tcl
 The next command will produce a warning about training mode,
   which may be ignored.
4 ms. Memory: 263168K Free: 157364K (60%)
3 ms. Memory: 263168K Free: 156333K (59%)
1 ms. Memory: 263168K Free: 155830K (59%)
1 ms. Memory: 263168K Free: 155301K (59%)
2 ms. Memory: 263168K Free: 154806K (59%)
3 ms. Memory: 263168K Free: 153268K (58%)
2 ms. Memory: 263168K Free: 152229K (58%)
 The next command will produce a warning about training mode,
   which may be ignored.
4 ms. Memory: 263168K Free: 149686K (57%)
 The next command will produce a warning about training mode,
   which may be ignored.
2 ms. Memory: 263168K Free: 148662K (56%)
1 ms. Memory: 263168K Free: 148133K (56%)
1 ms. Memory: 263168K Free: 147638K (56%)
1 ms. Memory: 263168K Free: 147124K (56%)
6 ms. Memory: 263168K Free: 146100K (56%)
7 ms. Memory: 263168K Free: 142518K (54%)
/home/travis/build/icyphy/ptII/ptolemy/actor/lib/test/TestExceptionHandler.tcl
 The next command will produce a warning about training mode,
   which may be ignored.
2 ms. Memory: 263168K Free: 140980K (54%)
0 ms. Memory: 263168K Free: 140470K (53%)
1 ms. Memory: 263168K Free: 139956K (53%)
/home/travis/build/icyphy/ptII/ptolemy/actor/lib/test/UnionDisassembler.tcl
23 ms. Memory: 263168K Free: 132773K (50%)
/home/travis/build/icyphy/ptII/ptolemy/actor/lib/test/VariableClock.tcl
preinitializing
resolving types
initializing
executing number 1
wrapping up
idle
8 ms. Memory: 263168K Free: 130725K (50%)
Completed execution with 11 iterations
preinitializing
resolving types
initializing
executing number 1
wrapping up
idle
7 ms. Memory: 263168K Free: 129206K (49%)
Completed execution with 10 iterations
02/03/20 07:27:02
Failed: 0  Total Tests: 233  ((Passed: 233, Newly Passed: 0)  Known Failed: 0) /home/travis/build/icyphy/ptII/ptolemy/actor/lib/test
----------------- testing (KnownFailure) /home/travis/build/icyphy/ptII/ptolemy/actor/lib/test/auto/knownFailedTests/PublisherPortToplevelSubscriber.xml
0 ms. Memory: 263168K Free: 126134K (48%)
Known Failure: java.lang.reflect.InvocationTargetException
----------------- testing (KnownFailure) /home/travis/build/icyphy/ptII/ptolemy/actor/lib/test/auto/knownFailedTests/PublisherSubscriberPortToplevel.xml
0 ms. Memory: 263168K Free: 122548K (47%)
Known Failure: java.lang.reflect.InvocationTargetException
----------------- testing (KnownFailure) /home/travis/build/icyphy/ptII/ptolemy/actor/lib/test/auto/knownFailedTests/PublisherSubscriptionAggregatorPort.xml
0 ms. Memory: 263168K Free: 117942K (45%)
Known Failure: java.lang.reflect.InvocationTargetException
----------------- testing (KnownFailure) /home/travis/build/icyphy/ptII/ptolemy/actor/lib/test/auto/knownFailedTests/sizedarray3.xml
6 ms. Memory: 263168K Free: 113846K (43%)
Known Failure: java.lang.reflect.InvocationTargetException
No auto/linux-amd64/*.xml tests in /home/travis/build/icyphy/ptII/ptolemy/actor/lib/test
AutoTests.java: About to close Vertx.
AutoTests.java: Vertx closed.

===========================================================================================
----------------- testing Mon Feb 03 19:27:02 UTC 2020 /home/travis/build/icyphy/ptII/ptolemy/actor/lib/test/auto/AbsoluteValue.xml
----------------- Instantiating /home/travis/build/icyphy/ptII/ptolemy/actor/lib/test/auto/AbsoluteValue.xml
11 ms. Memory: 263168K Free: 90804K (35%)
----------------- Invoking toplevel() on ptolemy.moml.MoMLSimpleApplication@53e72976
----------------- Done invoking toplevel() on ptolemy.moml.MoMLSimpleApplication@53e72976
reloadAllAccessors: .AbsoluteValue

===========================================================================================
----------------- testing Mon Feb 03 19:27:02 UTC 2020 /home/travis/build/icyphy/ptII/ptolemy/actor/lib/test/auto/AbsoluteValue2.xml
----------------- Instantiating /home/travis/build/icyphy/ptII/ptolemy/actor/lib/test/auto/AbsoluteValue2.xml
13 ms. Memory: 263168K Free: 84150K (32%)
----------------- Invoking toplevel() on ptolemy.moml.MoMLSimpleApplication@7d1fbb88
----------------- Done invoking toplevel() on ptolemy.moml.MoMLSimpleApplication@7d1fbb88
reloadAllAccessors: .AbsoluteValue2

===========================================================================================
----------------- testing Mon Feb 03 19:27:03 UTC 2020 /home/travis/build/icyphy/ptII/ptolemy/actor/lib/test/auto/Accumulator.xml
----------------- Instantiating /home/travis/build/icyphy/ptII/ptolemy/actor/lib/test/auto/Accumulator.xml
15 ms. Memory: 263168K Free: 210251K (80%)
----------------- Invoking toplevel() on ptolemy.moml.MoMLSimpleApplication@6f842208
----------------- Done invoking toplevel() on ptolemy.moml.MoMLSimpleApplication@6f842208
reloadAllAccessors: .Accumulator

===========================================================================================
----------------- testing Mon Feb 03 19:27:03 UTC 2020 /home/travis/build/icyphy/ptII/ptolemy/actor/lib/test/auto/Accumulator2.xml
----------------- Instantiating /home/travis/build/icyphy/ptII/ptolemy/actor/lib/test/auto/Accumulator2.xml
9 ms. Memory: 263168K Free: 204617K (78%)
----------------- Invoking toplevel() on ptolemy.moml.MoMLSimpleApplication@3363d481
----------------- Done invoking toplevel() on ptolemy.moml.MoMLSimpleApplication@3363d481
reloadAllAccessors: .Accumulator2

===========================================================================================
----------------- testing Mon Feb 03 19:27:03 UTC 2020 /home/travis/build/icyphy/ptII/ptolemy/actor/lib/test/auto/Accumulator3.xml
----------------- Instantiating /home/travis/build/icyphy/ptII/ptolemy/actor/lib/test/auto/Accumulator3.xml
7 ms. Memory: 263168K Free: 200521K (76%)
----------------- Invoking toplevel() on ptolemy.moml.MoMLSimpleApplication@2add3c12
----------------- Done invoking toplevel() on ptolemy.moml.MoMLSimpleApplication@2add3c12
reloadAllAccessors: .Accumulator3

===========================================================================================
----------------- testing Mon Feb 03 19:27:03 UTC 2020 /home/travis/build/icyphy/ptII/ptolemy/actor/lib/test/auto/ArrayAppend.xml
----------------- Instantiating /home/travis/build/icyphy/ptII/ptolemy/actor/lib/test/auto/ArrayAppend.xml
4 ms. Memory: 263168K Free: 193867K (74%)
----------------- Invoking toplevel() on ptolemy.moml.MoMLSimpleApplication@38f7b24c
----------------- Done invoking toplevel() on ptolemy.moml.MoMLSimpleApplication@38f7b24c
reloadAllAccessors: .ArrayAppend

===========================================================================================
----------------- testing Mon Feb 03 19:27:03 UTC 2020 /home/travis/build/icyphy/ptII/ptolemy/actor/lib/test/auto/ArrayAppend2.xml
----------------- Instantiating /home/travis/build/icyphy/ptII/ptolemy/actor/lib/test/auto/ArrayAppend2.xml
366 ms. Memory: 263168K Free: 111433K (42%)
----------------- Invoking toplevel() on ptolemy.moml.MoMLSimpleApplication@54b81fc4
----------------- Done invoking toplevel() on ptolemy.moml.MoMLSimpleApplication@54b81fc4
reloadAllAccessors: .ArrayAppend2

===========================================================================================
----------------- testing Mon Feb 03 19:27:03 UTC 2020 /home/travis/build/icyphy/ptII/ptolemy/actor/lib/test/auto/ArrayAppend3.xml
----------------- Instantiating /home/travis/build/icyphy/ptII/ptolemy/actor/lib/test/auto/ArrayAppend3.xml
4 ms. Memory: 263168K Free: 106313K (40%)
----------------- Invoking toplevel() on ptolemy.moml.MoMLSimpleApplication@6794789e
----------------- Done invoking toplevel() on ptolemy.moml.MoMLSimpleApplication@6794789e
reloadAllAccessors: .ArrayAppend3

===========================================================================================
----------------- testing Mon Feb 03 19:27:03 UTC 2020 /home/travis/build/icyphy/ptII/ptolemy/actor/lib/test/auto/ArrayAppend4.xml
----------------- Instantiating /home/travis/build/icyphy/ptII/ptolemy/actor/lib/test/auto/ArrayAppend4.xml
4 ms. Memory: 263168K Free: 101193K (38%)
----------------- Invoking toplevel() on ptolemy.moml.MoMLSimpleApplication@13afbc28
----------------- Done invoking toplevel() on ptolemy.moml.MoMLSimpleApplication@13afbc28
reloadAllAccessors: .ArrayAppend4

===========================================================================================
----------------- testing Mon Feb 03 19:27:03 UTC 2020 /home/travis/build/icyphy/ptII/ptolemy/actor/lib/test/auto/ArrayAppend5.xml
----------------- Instantiating /home/travis/build/icyphy/ptII/ptolemy/actor/lib/test/auto/ArrayAppend5.xml
2 ms. Memory: 263168K Free: 95049K (36%)
----------------- Invoking toplevel() on ptolemy.moml.MoMLSimpleApplication@5616a772
----------------- Done invoking toplevel() on ptolemy.moml.MoMLSimpleApplication@5616a772
reloadAllAccessors: .ArrayAppend5

===========================================================================================
----------------- testing Mon Feb 03 19:27:03 UTC 2020 /home/travis/build/icyphy/ptII/ptolemy/actor/lib/test/auto/ArrayAppend6.xml
----------------- Instantiating /home/travis/build/icyphy/ptII/ptolemy/actor/lib/test/auto/ArrayAppend6.xml
9 ms. Memory: 263168K Free: 89929K (34%)
----------------- Invoking toplevel() on ptolemy.moml.MoMLSimpleApplication@1db4e5fb
----------------- Done invoking toplevel() on ptolemy.moml.MoMLSimpleApplication@1db4e5fb
reloadAllAccessors: .ArrayAppend6

===========================================================================================
----------------- testing Mon Feb 03 19:27:03 UTC 2020 /home/travis/build/icyphy/ptII/ptolemy/actor/lib/test/auto/ArrayAppendPerformanceTest.xml
----------------- Instantiating /home/travis/build/icyphy/ptII/ptolemy/actor/lib/test/auto/ArrayAppendPerformanceTest.xml
30 ms. Memory: 263168K Free: 78665K (30%)
----------------- Invoking toplevel() on ptolemy.moml.MoMLSimpleApplication@1ec6d59a
----------------- Done invoking toplevel() on ptolemy.moml.MoMLSimpleApplication@1ec6d59a
reloadAllAccessors: .ArrayAppendPerformanceTest

===========================================================================================
----------------- testing Mon Feb 03 19:27:03 UTC 2020 /home/travis/build/icyphy/ptII/ptolemy/actor/lib/test/auto/ArrayAppendWithEmptyInput.xml
----------------- Instantiating /home/travis/build/icyphy/ptII/ptolemy/actor/lib/test/auto/ArrayAppendWithEmptyInput.xml
13 ms. Memory: 263168K Free: 210936K (80%)
----------------- Invoking toplevel() on ptolemy.moml.MoMLSimpleApplication@1f534a02
----------------- Done invoking toplevel() on ptolemy.moml.MoMLSimpleApplication@1f534a02
reloadAllAccessors: .ArrayAppendWithEmptyInput

===========================================================================================
----------------- testing Mon Feb 03 19:27:03 UTC 2020 /home/travis/build/icyphy/ptII/ptolemy/actor/lib/test/auto/ArrayAverage.xml
----------------- Instantiating /home/travis/build/icyphy/ptII/ptolemy/actor/lib/test/auto/ArrayAverage.xml
4 ms. Memory: 263168K Free: 202750K (77%)
----------------- Invoking toplevel() on ptolemy.moml.MoMLSimpleApplication@49522819
----------------- Done invoking toplevel() on ptolemy.moml.MoMLSimpleApplication@49522819
reloadAllAccessors: .ArrayAverage

===========================================================================================
----------------- testing Mon Feb 03 19:27:04 UTC 2020 /home/travis/build/icyphy/ptII/ptolemy/actor/lib/test/auto/ArrayContains.xml
----------------- Instantiating /home/travis/build/icyphy/ptII/ptolemy/actor/lib/test/auto/ArrayContains.xml
3 ms. Memory: 263168K Free: 197120K (75%)
----------------- Invoking toplevel() on ptolemy.moml.MoMLSimpleApplication@52d87eed
----------------- Done invoking toplevel() on ptolemy.moml.MoMLSimpleApplication@52d87eed
reloadAllAccessors: .ArrayContains

===========================================================================================
----------------- testing Mon Feb 03 19:27:04 UTC 2020 /home/travis/build/icyphy/ptII/ptolemy/actor/lib/test/auto/ArrayElement.xml
----------------- Instantiating /home/travis/build/icyphy/ptII/ptolemy/actor/lib/test/auto/ArrayElement.xml
6 ms. Memory: 263168K Free: 190976K (73%)
----------------- Invoking toplevel() on ptolemy.moml.MoMLSimpleApplication@5f3f3e04
----------------- Done invoking toplevel() on ptolemy.moml.MoMLSimpleApplication@5f3f3e04
reloadAllAccessors: .ArrayElement

===========================================================================================
----------------- testing Mon Feb 03 19:27:04 UTC 2020 /home/travis/build/icyphy/ptII/ptolemy/actor/lib/test/auto/ArrayElementAsMatrix.xml
----------------- Instantiating /home/travis/build/icyphy/ptII/ptolemy/actor/lib/test/auto/ArrayElementAsMatrix.xml
21 ms. Memory: 263168K Free: 181246K (69%)
----------------- Invoking toplevel() on ptolemy.moml.MoMLSimpleApplication@50059d7d
----------------- Done invoking toplevel() on ptolemy.moml.MoMLSimpleApplication@50059d7d
reloadAllAccessors: .ArrayElementAsMatrix

===========================================================================================
----------------- testing Mon Feb 03 19:27:04 UTC 2020 /home/travis/build/icyphy/ptII/ptolemy/actor/lib/test/auto/ArrayElementI.xml
----------------- Instantiating /home/travis/build/icyphy/ptII/ptolemy/actor/lib/test/auto/ArrayElementI.xml
4 ms. Memory: 263168K Free: 176126K (67%)
----------------- Invoking toplevel() on ptolemy.moml.MoMLSimpleApplication@3723f54d
----------------- Done invoking toplevel() on ptolemy.moml.MoMLSimpleApplication@3723f54d
reloadAllAccessors: .ArrayElementI

===========================================================================================
----------------- testing Mon Feb 03 19:27:04 UTC 2020 /home/travis/build/icyphy/ptII/ptolemy/actor/lib/test/auto/ArrayExtract.xml
----------------- Instantiating /home/travis/build/icyphy/ptII/ptolemy/actor/lib/test/auto/ArrayExtract.xml
8 ms. Memory: 263168K Free: 167934K (64%)
----------------- Invoking toplevel() on ptolemy.moml.MoMLSimpleApplication@7da29375
----------------- Done invoking toplevel() on ptolemy.moml.MoMLSimpleApplication@7da29375
reloadAllAccessors: .ArrayExtract

===========================================================================================
----------------- testing Mon Feb 03 19:27:04 UTC 2020 /home/travis/build/icyphy/ptII/ptolemy/actor/lib/test/auto/ArrayExtract2.xml
----------------- Instantiating /home/travis/build/icyphy/ptII/ptolemy/actor/lib/test/auto/ArrayExtract2.xml
2 ms. Memory: 263168K Free: 162304K (62%)
----------------- Invoking toplevel() on ptolemy.moml.MoMLSimpleApplication@4530ef4
----------------- Done invoking toplevel() on ptolemy.moml.MoMLSimpleApplication@4530ef4
reloadAllAccessors: .ArrayExtract2

===========================================================================================
----------------- testing Mon Feb 03 19:27:04 UTC 2020 /home/travis/build/icyphy/ptII/ptolemy/actor/lib/test/auto/ArrayLength.xml
----------------- Instantiating /home/travis/build/icyphy/ptII/ptolemy/actor/lib/test/auto/ArrayLength.xml
1 ms. Memory: 263168K Free: 158718K (60%)
----------------- Invoking toplevel() on ptolemy.moml.MoMLSimpleApplication@1ee7a2c4
----------------- Done invoking toplevel() on ptolemy.moml.MoMLSimpleApplication@1ee7a2c4
reloadAllAccessors: .ArrayLength

===========================================================================================
----------------- testing Mon Feb 03 19:27:04 UTC 2020 /home/travis/build/icyphy/ptII/ptolemy/actor/lib/test/auto/ArrayLevelCrossing.xml
----------------- Instantiating /home/travis/build/icyphy/ptII/ptolemy/actor/lib/test/auto/ArrayLevelCrossing.xml
5 ms. Memory: 263168K Free: 150526K (57%)
----------------- Invoking toplevel() on ptolemy.moml.MoMLSimpleApplication@40b60a3b
----------------- Done invoking toplevel() on ptolemy.moml.MoMLSimpleApplication@40b60a3b
reloadAllAccessors: .ArrayLevelCrossing

===========================================================================================
----------------- testing Mon Feb 03 19:27:04 UTC 2020 /home/travis/build/icyphy/ptII/ptolemy/actor/lib/test/auto/ArrayLevelCrossing2.xml
----------------- Instantiating /home/travis/build/icyphy/ptII/ptolemy/actor/lib/test/auto/ArrayLevelCrossing2.xml
2 ms. Memory: 263168K Free: 143327K (54%)
----------------- Invoking toplevel() on ptolemy.moml.MoMLSimpleApplication@7de616
----------------- Done invoking toplevel() on ptolemy.moml.MoMLSimpleApplication@7de616
reloadAllAccessors: .ArrayLevelCrossing2

===========================================================================================
----------------- testing Mon Feb 03 19:27:04 UTC 2020 /home/travis/build/icyphy/ptII/ptolemy/actor/lib/test/auto/ArrayPeakSearch.xml
----------------- Instantiating /home/travis/build/icyphy/ptII/ptolemy/actor/lib/test/auto/ArrayPeakSearch.xml
7 ms. Memory: 263168K Free: 134142K (51%)
----------------- Invoking toplevel() on ptolemy.moml.MoMLSimpleApplication@5535e50e
----------------- Done invoking toplevel() on ptolemy.moml.MoMLSimpleApplication@5535e50e
reloadAllAccessors: .ArrayPeakSearch

===========================================================================================
----------------- testing Mon Feb 03 19:27:04 UTC 2020 /home/travis/build/icyphy/ptII/ptolemy/actor/lib/test/auto/ArrayPeakSearch2.xml
----------------- Instantiating /home/travis/build/icyphy/ptII/ptolemy/actor/lib/test/auto/ArrayPeakSearch2.xml
6 ms. Memory: 263168K Free: 123887K (47%)
----------------- Invoking toplevel() on ptolemy.moml.MoMLSimpleApplication@27de1f5d
----------------- Done invoking toplevel() on ptolemy.moml.MoMLSimpleApplication@27de1f5d
reloadAllAccessors: .ArrayPeakSearch2

===========================================================================================
----------------- testing Mon Feb 03 19:27:04 UTC 2020 /home/travis/build/icyphy/ptII/ptolemy/actor/lib/test/auto/ArrayPeakSearch3.xml
----------------- Instantiating /home/travis/build/icyphy/ptII/ptolemy/actor/lib/test/auto/ArrayPeakSearch3.xml
6 ms. Memory: 263168K Free: 114686K (44%)
----------------- Invoking toplevel() on ptolemy.moml.MoMLSimpleApplication@54c04b00
----------------- Done invoking toplevel() on ptolemy.moml.MoMLSimpleApplication@54c04b00
reloadAllAccessors: .ArrayPeakSearch3

===========================================================================================
----------------- testing Mon Feb 03 19:27:04 UTC 2020 /home/travis/build/icyphy/ptII/ptolemy/actor/lib/test/auto/ArrayRemoveElement.xml
----------------- Instantiating /home/travis/build/icyphy/ptII/ptolemy/actor/lib/test/auto/ArrayRemoveElement.xml
6 ms. Memory: 263168K Free: 107008K (41%)
----------------- Invoking toplevel() on ptolemy.moml.MoMLSimpleApplication@162775b9
----------------- Done invoking toplevel() on ptolemy.moml.MoMLSimpleApplication@162775b9
reloadAllAccessors: .ArrayRemoveElement

===========================================================================================
----------------- testing Mon Feb 03 19:27:04 UTC 2020 /home/travis/build/icyphy/ptII/ptolemy/actor/lib/test/auto/ArraySort.xml
----------------- Instantiating /home/travis/build/icyphy/ptII/ptolemy/actor/lib/test/auto/ArraySort.xml
14 ms. Memory: 263168K Free: 97792K (37%)
----------------- Invoking toplevel() on ptolemy.moml.MoMLSimpleApplication@38528691
----------------- Done invoking toplevel() on ptolemy.moml.MoMLSimpleApplication@38528691
reloadAllAccessors: .ArraySort

===========================================================================================
----------------- testing Mon Feb 03 19:27:04 UTC 2020 /home/travis/build/icyphy/ptII/ptolemy/actor/lib/test/auto/ArraySum.xml
----------------- Instantiating /home/travis/build/icyphy/ptII/ptolemy/actor/lib/test/auto/ArraySum.xml
8 ms. Memory: 263168K Free: 92672K (35%)
----------------- Invoking toplevel() on ptolemy.moml.MoMLSimpleApplication@21594c02
----------------- Done invoking toplevel() on ptolemy.moml.MoMLSimpleApplication@21594c02
reloadAllAccessors: .ArraySum

===========================================================================================
----------------- testing Mon Feb 03 19:27:04 UTC 2020 /home/travis/build/icyphy/ptII/ptolemy/actor/lib/test/auto/ArrayToElements.xml
----------------- Instantiating /home/travis/build/icyphy/ptII/ptolemy/actor/lib/test/auto/ArrayToElements.xml
6 ms. Memory: 263168K Free: 87552K (33%)
----------------- Invoking toplevel() on ptolemy.moml.MoMLSimpleApplication@763b8bdb
----------------- Done invoking toplevel() on ptolemy.moml.MoMLSimpleApplication@763b8bdb
reloadAllAccessors: .ArrayToElements

===========================================================================================
----------------- testing Mon Feb 03 19:27:04 UTC 2020 /home/travis/build/icyphy/ptII/ptolemy/actor/lib/test/auto/ArrayToMatrix.xml
----------------- Instantiating /home/travis/build/icyphy/ptII/ptolemy/actor/lib/test/auto/ArrayToMatrix.xml
16 ms. Memory: 263168K Free: 73216K (28%)
----------------- Invoking toplevel() on ptolemy.moml.MoMLSimpleApplication@3e51f3a7
----------------- Done invoking toplevel() on ptolemy.moml.MoMLSimpleApplication@3e51f3a7
reloadAllAccessors: .ArrayToMatrix

===========================================================================================
----------------- testing Mon Feb 03 19:27:04 UTC 2020 /home/travis/build/icyphy/ptII/ptolemy/actor/lib/test/auto/ArrayUpdate1.xml
----------------- Instantiating /home/travis/build/icyphy/ptII/ptolemy/actor/lib/test/auto/ArrayUpdate1.xml
2 ms. Memory: 263168K Free: 68606K (26%)
----------------- Invoking toplevel() on ptolemy.moml.MoMLSimpleApplication@68cc3137
----------------- Done invoking toplevel() on ptolemy.moml.MoMLSimpleApplication@68cc3137
reloadAllAccessors: .ArrayUpdate1

===========================================================================================
----------------- testing Mon Feb 03 19:27:04 UTC 2020 /home/travis/build/icyphy/ptII/ptolemy/actor/lib/test/auto/ArrayUpdate2.xml
----------------- Instantiating /home/travis/build/icyphy/ptII/ptolemy/actor/lib/test/auto/ArrayUpdate2.xml
9 ms. Memory: 518144K Free: 466552K (90%)
----------------- Invoking toplevel() on ptolemy.moml.MoMLSimpleApplication@38149fdb
----------------- Done invoking toplevel() on ptolemy.moml.MoMLSimpleApplication@38149fdb
reloadAllAccessors: .ArrayUpdate2

===========================================================================================
----------------- testing Mon Feb 03 19:27:04 UTC 2020 /home/travis/build/icyphy/ptII/ptolemy/actor/lib/test/auto/ArrayUpdate3.xml
----------------- Instantiating /home/travis/build/icyphy/ptII/ptolemy/actor/lib/test/auto/ArrayUpdate3.xml
2 ms. Memory: 518144K Free: 461432K (89%)
----------------- Invoking toplevel() on ptolemy.moml.MoMLSimpleApplication@181fe0f9
----------------- Done invoking toplevel() on ptolemy.moml.MoMLSimpleApplication@181fe0f9
reloadAllAccessors: .ArrayUpdate3

===========================================================================================
----------------- testing Mon Feb 03 19:27:04 UTC 2020 /home/travis/build/icyphy/ptII/ptolemy/actor/lib/test/auto/Assert1.xml
----------------- Instantiating /home/travis/build/icyphy/ptII/ptolemy/actor/lib/test/auto/Assert1.xml
3 ms. Memory: 518144K Free: 457334K (88%)
----------------- Invoking toplevel() on ptolemy.moml.MoMLSimpleApplication@46c4573c
----------------- Done invoking toplevel() on ptolemy.moml.MoMLSimpleApplication@46c4573c
reloadAllAccessors: .Assert1

===========================================================================================
----------------- testing Mon Feb 03 19:27:04 UTC 2020 /home/travis/build/icyphy/ptII/ptolemy/actor/lib/test/auto/Assert2.xml
----------------- Instantiating /home/travis/build/icyphy/ptII/ptolemy/actor/lib/test/auto/Assert2.xml
1 ms. Memory: 518144K Free: 451702K (87%)
----------------- Invoking toplevel() on ptolemy.moml.MoMLSimpleApplication@654b9de1
----------------- Done invoking toplevel() on ptolemy.moml.MoMLSimpleApplication@654b9de1
reloadAllAccessors: .Assert2

===========================================================================================
----------------- testing Mon Feb 03 19:27:04 UTC 2020 /home/travis/build/icyphy/ptII/ptolemy/actor/lib/test/auto/BooleanMultiplexor.xml
----------------- Instantiating /home/travis/build/icyphy/ptII/ptolemy/actor/lib/test/auto/BooleanMultiplexor.xml
2 ms. Memory: 518144K Free: 446552K (86%)
----------------- Invoking toplevel() on ptolemy.moml.MoMLSimpleApplication@51e1f667
----------------- Done invoking toplevel() on ptolemy.moml.MoMLSimpleApplication@51e1f667
reloadAllAccessors: .BooleanMultiplexor

===========================================================================================
----------------- testing Mon Feb 03 19:27:04 UTC 2020 /home/travis/build/icyphy/ptII/ptolemy/actor/lib/test/auto/BooleanMultiplexor2.xml
----------------- Instantiating /home/travis/build/icyphy/ptII/ptolemy/actor/lib/test/auto/BooleanMultiplexor2.xml
10 ms. Memory: 518144K Free: 439928K (85%)
----------------- Invoking toplevel() on ptolemy.moml.MoMLSimpleApplication@6b32e456
----------------- Done invoking toplevel() on ptolemy.moml.MoMLSimpleApplication@6b32e456
reloadAllAccessors: .BooleanMultiplexor2

===========================================================================================
----------------- testing Mon Feb 03 19:27:04 UTC 2020 /home/travis/build/icyphy/ptII/ptolemy/actor/lib/test/auto/BooleanMultiplexor3.xml
----------------- Instantiating /home/travis/build/icyphy/ptII/ptolemy/actor/lib/test/auto/BooleanMultiplexor3.xml
1 ms. Memory: 518144K Free: 435832K (84%)
----------------- Invoking toplevel() on ptolemy.moml.MoMLSimpleApplication@1094dbed
----------------- Done invoking toplevel() on ptolemy.moml.MoMLSimpleApplication@1094dbed
reloadAllAccessors: .BooleanMultiplexor3

===========================================================================================
----------------- testing Mon Feb 03 19:27:04 UTC 2020 /home/travis/build/icyphy/ptII/ptolemy/actor/lib/test/auto/BooleanSelect.xml
----------------- Instantiating /home/travis/build/icyphy/ptII/ptolemy/actor/lib/test/auto/BooleanSelect.xml
4 ms. Memory: 518144K Free: 430184K (83%)
----------------- Invoking toplevel() on ptolemy.moml.MoMLSimpleApplication@66371957
----------------- Done invoking toplevel() on ptolemy.moml.MoMLSimpleApplication@66371957
reloadAllAccessors: .BooleanSelect

===========================================================================================
----------------- testing Mon Feb 03 19:27:04 UTC 2020 /home/travis/build/icyphy/ptII/ptolemy/actor/lib/test/auto/BooleanSelect2.xml
----------------- Instantiating /home/travis/build/icyphy/ptII/ptolemy/actor/lib/test/auto/BooleanSelect2.xml
1 ms. Memory: 518144K Free: 425592K (82%)
----------------- Invoking toplevel() on ptolemy.moml.MoMLSimpleApplication@3a68f1de
----------------- Done invoking toplevel() on ptolemy.moml.MoMLSimpleApplication@3a68f1de
reloadAllAccessors: .BooleanSelect2

===========================================================================================
----------------- testing Mon Feb 03 19:27:04 UTC 2020 /home/travis/build/icyphy/ptII/ptolemy/actor/lib/test/auto/BooleanSwitch.xml
----------------- Instantiating /home/travis/build/icyphy/ptII/ptolemy/actor/lib/test/auto/BooleanSwitch.xml
2 ms. Memory: 518144K Free: 419958K (81%)
----------------- Invoking toplevel() on ptolemy.moml.MoMLSimpleApplication@480fd865
----------------- Done invoking toplevel() on ptolemy.moml.MoMLSimpleApplication@480fd865
reloadAllAccessors: .BooleanSwitch

===========================================================================================
----------------- testing Mon Feb 03 19:27:04 UTC 2020 /home/travis/build/icyphy/ptII/ptolemy/actor/lib/test/auto/BooleanSwitch2.xml
----------------- Instantiating /home/travis/build/icyphy/ptII/ptolemy/actor/lib/test/auto/BooleanSwitch2.xml
1 ms. Memory: 518144K Free: 415352K (80%)
----------------- Invoking toplevel() on ptolemy.moml.MoMLSimpleApplication@3db35567
----------------- Done invoking toplevel() on ptolemy.moml.MoMLSimpleApplication@3db35567
reloadAllAccessors: .BooleanSwitch2

===========================================================================================
----------------- testing Mon Feb 03 19:27:04 UTC 2020 /home/travis/build/icyphy/ptII/ptolemy/actor/lib/test/auto/BooleanSwitchCloningBugWithClassRelationGroup.xml
----------------- Instantiating /home/travis/build/icyphy/ptII/ptolemy/actor/lib/test/auto/BooleanSwitchCloningBugWithClassRelationGroup.xml
2 ms. Memory: 518144K Free: 409208K (79%)
----------------- Invoking toplevel() on ptolemy.moml.MoMLSimpleApplication@2b77af83
----------------- Done invoking toplevel() on ptolemy.moml.MoMLSimpleApplication@2b77af83
reloadAllAccessors: .BooleanSwitchCloningBugWithClassRelationGroup

===========================================================================================
----------------- testing Mon Feb 03 19:27:04 UTC 2020 /home/travis/build/icyphy/ptII/ptolemy/actor/lib/test/auto/BusActors.xml
----------------- Instantiating /home/travis/build/icyphy/ptII/ptolemy/actor/lib/test/auto/BusActors.xml
4 ms. Memory: 518144K Free: 401016K (77%)
----------------- Invoking toplevel() on ptolemy.moml.MoMLSimpleApplication@2403320f
----------------- Done invoking toplevel() on ptolemy.moml.MoMLSimpleApplication@2403320f
reloadAllAccessors: .BusActors

===========================================================================================
----------------- testing Mon Feb 03 19:27:04 UTC 2020 /home/travis/build/icyphy/ptII/ptolemy/actor/lib/test/auto/ClassWrapper.xml
----------------- Instantiating /home/travis/build/icyphy/ptII/ptolemy/actor/lib/test/auto/ClassWrapper.xml
3 ms. Memory: 518144K Free: 396920K (77%)
----------------- Invoking toplevel() on ptolemy.moml.MoMLSimpleApplication@4f8fbdb
----------------- Done invoking toplevel() on ptolemy.moml.MoMLSimpleApplication@4f8fbdb
reloadAllAccessors: .ClassWrapper

===========================================================================================
----------------- testing Mon Feb 03 19:27:04 UTC 2020 /home/travis/build/icyphy/ptII/ptolemy/actor/lib/test/auto/Clock.xml
----------------- Instantiating /home/travis/build/icyphy/ptII/ptolemy/actor/lib/test/auto/Clock.xml
2 ms. Memory: 518144K Free: 392824K (76%)
----------------- Invoking toplevel() on ptolemy.moml.MoMLSimpleApplication@347257ba
----------------- Done invoking toplevel() on ptolemy.moml.MoMLSimpleApplication@347257ba
reloadAllAccessors: .Clock

===========================================================================================
----------------- testing Mon Feb 03 19:27:04 UTC 2020 /home/travis/build/icyphy/ptII/ptolemy/actor/lib/test/auto/Clock10.xml
----------------- Instantiating /home/travis/build/icyphy/ptII/ptolemy/actor/lib/test/auto/Clock10.xml
3 ms. Memory: 518144K Free: 387190K (75%)
----------------- Invoking toplevel() on ptolemy.moml.MoMLSimpleApplication@68bd1eb8
----------------- Done invoking toplevel() on ptolemy.moml.MoMLSimpleApplication@68bd1eb8
reloadAllAccessors: .Clock10

===========================================================================================
----------------- testing Mon Feb 03 19:27:04 UTC 2020 /home/travis/build/icyphy/ptII/ptolemy/actor/lib/test/auto/Clock11.xml
----------------- Instantiating /home/travis/build/icyphy/ptII/ptolemy/actor/lib/test/auto/Clock11.xml
2 ms. Memory: 518144K Free: 381046K (74%)
----------------- Invoking toplevel() on ptolemy.moml.MoMLSimpleApplication@e94029
----------------- Done invoking toplevel() on ptolemy.moml.MoMLSimpleApplication@e94029
reloadAllAccessors: .Clock11

===========================================================================================
----------------- testing Mon Feb 03 19:27:05 UTC 2020 /home/travis/build/icyphy/ptII/ptolemy/actor/lib/test/auto/Clock12.xml
----------------- Instantiating /home/travis/build/icyphy/ptII/ptolemy/actor/lib/test/auto/Clock12.xml
4 ms. Memory: 518144K Free: 375416K (72%)
----------------- Invoking toplevel() on ptolemy.moml.MoMLSimpleApplication@3f00e598
----------------- Done invoking toplevel() on ptolemy.moml.MoMLSimpleApplication@3f00e598
reloadAllAccessors: .Clock12

===========================================================================================
----------------- testing Mon Feb 03 19:27:05 UTC 2020 /home/travis/build/icyphy/ptII/ptolemy/actor/lib/test/auto/Clock13.xml
----------------- Instantiating /home/travis/build/icyphy/ptII/ptolemy/actor/lib/test/auto/Clock13.xml
5 ms. Memory: 518144K Free: 369272K (71%)
----------------- Invoking toplevel() on ptolemy.moml.MoMLSimpleApplication@178db6b1
----------------- Done invoking toplevel() on ptolemy.moml.MoMLSimpleApplication@178db6b1
reloadAllAccessors: .Clock13

===========================================================================================
----------------- testing Mon Feb 03 19:27:05 UTC 2020 /home/travis/build/icyphy/ptII/ptolemy/actor/lib/test/auto/Clock14.xml
----------------- Instantiating /home/travis/build/icyphy/ptII/ptolemy/actor/lib/test/auto/Clock14.xml
7 ms. Memory: 518144K Free: 363632K (70%)
----------------- Invoking toplevel() on ptolemy.moml.MoMLSimpleApplication@393b4737
----------------- Done invoking toplevel() on ptolemy.moml.MoMLSimpleApplication@393b4737
reloadAllAccessors: .Clock14

===========================================================================================
----------------- testing Mon Feb 03 19:27:05 UTC 2020 /home/travis/build/icyphy/ptII/ptolemy/actor/lib/test/auto/Clock15.xml
----------------- Instantiating /home/travis/build/icyphy/ptII/ptolemy/actor/lib/test/auto/Clock15.xml
4 ms. Memory: 518144K Free: 357488K (69%)
----------------- Invoking toplevel() on ptolemy.moml.MoMLSimpleApplication@3c630780
----------------- Done invoking toplevel() on ptolemy.moml.MoMLSimpleApplication@3c630780
reloadAllAccessors: .Clock15

===========================================================================================
----------------- testing Mon Feb 03 19:27:05 UTC 2020 /home/travis/build/icyphy/ptII/ptolemy/actor/lib/test/auto/Clock16.xml
----------------- Instantiating /home/travis/build/icyphy/ptII/ptolemy/actor/lib/test/auto/Clock16.xml
53 ms. Memory: 518144K Free: 342632K (66%)
----------------- Invoking toplevel() on ptolemy.moml.MoMLSimpleApplication@4d78661c
----------------- Done invoking toplevel() on ptolemy.moml.MoMLSimpleApplication@4d78661c
reloadAllAccessors: .Clock16

===========================================================================================
----------------- testing Mon Feb 03 19:27:05 UTC 2020 /home/travis/build/icyphy/ptII/ptolemy/actor/lib/test/auto/Clock17.xml
----------------- Instantiating /home/travis/build/icyphy/ptII/ptolemy/actor/lib/test/auto/Clock17.xml
16 ms. Memory: 518144K Free: 328808K (63%)
----------------- Invoking toplevel() on ptolemy.moml.MoMLSimpleApplication@2a1b1086
----------------- Done invoking toplevel() on ptolemy.moml.MoMLSimpleApplication@2a1b1086
reloadAllAccessors: .Clock17

===========================================================================================
----------------- testing Mon Feb 03 19:27:05 UTC 2020 /home/travis/build/icyphy/ptII/ptolemy/actor/lib/test/auto/Clock18.xml
----------------- Instantiating /home/travis/build/icyphy/ptII/ptolemy/actor/lib/test/auto/Clock18.xml
15 ms. Memory: 518144K Free: 315480K (61%)
----------------- Invoking toplevel() on ptolemy.moml.MoMLSimpleApplication@ce2b3e2
----------------- Done invoking toplevel() on ptolemy.moml.MoMLSimpleApplication@ce2b3e2
reloadAllAccessors: .Clock18

===========================================================================================
----------------- testing Mon Feb 03 19:27:05 UTC 2020 /home/travis/build/icyphy/ptII/ptolemy/actor/lib/test/auto/Clock19.xml
----------------- Instantiating /home/travis/build/icyphy/ptII/ptolemy/actor/lib/test/auto/Clock19.xml
17 ms. Memory: 518144K Free: 302712K (58%)
----------------- Invoking toplevel() on ptolemy.moml.MoMLSimpleApplication@35cae7db
----------------- Done invoking toplevel() on ptolemy.moml.MoMLSimpleApplication@35cae7db
reloadAllAccessors: .Clock19

===========================================================================================
----------------- testing Mon Feb 03 19:27:05 UTC 2020 /home/travis/build/icyphy/ptII/ptolemy/actor/lib/test/auto/Clock2.xml
----------------- Instantiating /home/travis/build/icyphy/ptII/ptolemy/actor/lib/test/auto/Clock2.xml
5 ms. Memory: 518144K Free: 298096K (58%)
----------------- Invoking toplevel() on ptolemy.moml.MoMLSimpleApplication@6765aebe
----------------- Done invoking toplevel() on ptolemy.moml.MoMLSimpleApplication@6765aebe
reloadAllAccessors: .Clock2

===========================================================================================
----------------- testing Mon Feb 03 19:27:05 UTC 2020 /home/travis/build/icyphy/ptII/ptolemy/actor/lib/test/auto/Clock20.xml
----------------- Instantiating /home/travis/build/icyphy/ptII/ptolemy/actor/lib/test/auto/Clock20.xml
9 ms. Memory: 518144K Free: 292472K (56%)
----------------- Invoking toplevel() on ptolemy.moml.MoMLSimpleApplication@8a4e0b1
----------------- Done invoking toplevel() on ptolemy.moml.MoMLSimpleApplication@8a4e0b1
reloadAllAccessors: .Clock20

===========================================================================================
----------------- testing Mon Feb 03 19:27:05 UTC 2020 /home/travis/build/icyphy/ptII/ptolemy/actor/lib/test/auto/Clock21.xml
----------------- Instantiating /home/travis/build/icyphy/ptII/ptolemy/actor/lib/test/auto/Clock21.xml
5 ms. Memory: 518144K Free: 287352K (55%)
----------------- Invoking toplevel() on ptolemy.moml.MoMLSimpleApplication@574ba3c3
----------------- Done invoking toplevel() on ptolemy.moml.MoMLSimpleApplication@574ba3c3
reloadAllAccessors: .Clock21

===========================================================================================
----------------- testing Mon Feb 03 19:27:05 UTC 2020 /home/travis/build/icyphy/ptII/ptolemy/actor/lib/test/auto/Clock22.xml
----------------- Instantiating /home/travis/build/icyphy/ptII/ptolemy/actor/lib/test/auto/Clock22.xml
5 ms. Memory: 518144K Free: 281718K (54%)
----------------- Invoking toplevel() on ptolemy.moml.MoMLSimpleApplication@4235cb49
----------------- Done invoking toplevel() on ptolemy.moml.MoMLSimpleApplication@4235cb49
reloadAllAccessors: .Clock22

===========================================================================================
----------------- testing Mon Feb 03 19:27:05 UTC 2020 /home/travis/build/icyphy/ptII/ptolemy/actor/lib/test/auto/Clock23.xml
----------------- Instantiating /home/travis/build/icyphy/ptII/ptolemy/actor/lib/test/auto/Clock23.xml
5 ms. Memory: 518144K Free: 276598K (53%)
----------------- Invoking toplevel() on ptolemy.moml.MoMLSimpleApplication@e071eb7
----------------- Done invoking toplevel() on ptolemy.moml.MoMLSimpleApplication@e071eb7
reloadAllAccessors: .Clock23

===========================================================================================
----------------- testing Mon Feb 03 19:27:05 UTC 2020 /home/travis/build/icyphy/ptII/ptolemy/actor/lib/test/auto/Clock24.xml
----------------- Instantiating /home/travis/build/icyphy/ptII/ptolemy/actor/lib/test/auto/Clock24.xml
6 ms. Memory: 518144K Free: 270968K (52%)
----------------- Invoking toplevel() on ptolemy.moml.MoMLSimpleApplication@afd76ea
----------------- Done invoking toplevel() on ptolemy.moml.MoMLSimpleApplication@afd76ea
reloadAllAccessors: .Clock24

===========================================================================================
----------------- testing Mon Feb 03 19:27:05 UTC 2020 /home/travis/build/icyphy/ptII/ptolemy/actor/lib/test/auto/Clock4.xml
----------------- Instantiating /home/travis/build/icyphy/ptII/ptolemy/actor/lib/test/auto/Clock4.xml
2 ms. Memory: 518144K Free: 266328K (51%)
----------------- Invoking toplevel() on ptolemy.moml.MoMLSimpleApplication@6cc4798d
----------------- Done invoking toplevel() on ptolemy.moml.MoMLSimpleApplication@6cc4798d
reloadAllAccessors: .Clock4

===========================================================================================
----------------- testing Mon Feb 03 19:27:05 UTC 2020 /home/travis/build/icyphy/ptII/ptolemy/actor/lib/test/auto/Clock5.xml
----------------- Instantiating /home/travis/build/icyphy/ptII/ptolemy/actor/lib/test/auto/Clock5.xml
2 ms. Memory: 518144K Free: 260728K (50%)
----------------- Invoking toplevel() on ptolemy.moml.MoMLSimpleApplication@7c859a18
----------------- Done invoking toplevel() on ptolemy.moml.MoMLSimpleApplication@7c859a18
reloadAllAccessors: .Clock5

===========================================================================================
----------------- testing Mon Feb 03 19:27:05 UTC 2020 /home/travis/build/icyphy/ptII/ptolemy/actor/lib/test/auto/Clock6.xml
----------------- Instantiating /home/travis/build/icyphy/ptII/ptolemy/actor/lib/test/auto/Clock6.xml
3 ms. Memory: 518144K Free: 256118K (49%)
----------------- Invoking toplevel() on ptolemy.moml.MoMLSimpleApplication@5d52b2aa
----------------- Done invoking toplevel() on ptolemy.moml.MoMLSimpleApplication@5d52b2aa
reloadAllAccessors: .Clock6

===========================================================================================
----------------- testing Mon Feb 03 19:27:05 UTC 2020 /home/travis/build/icyphy/ptII/ptolemy/actor/lib/test/auto/Clock7.xml
----------------- Instantiating /home/travis/build/icyphy/ptII/ptolemy/actor/lib/test/auto/Clock7.xml
2 ms. Memory: 518144K Free: 252022K (49%)
----------------- Invoking toplevel() on ptolemy.moml.MoMLSimpleApplication@145247dc
----------------- Done invoking toplevel() on ptolemy.moml.MoMLSimpleApplication@145247dc
reloadAllAccessors: .Clock7

===========================================================================================
----------------- testing Mon Feb 03 19:27:05 UTC 2020 /home/travis/build/icyphy/ptII/ptolemy/actor/lib/test/auto/Clock8.xml
----------------- Instantiating /home/travis/build/icyphy/ptII/ptolemy/actor/lib/test/auto/Clock8.xml
3 ms. Memory: 518144K Free: 246392K (48%)
----------------- Invoking toplevel() on ptolemy.moml.MoMLSimpleApplication@5ba8af13
----------------- Done invoking toplevel() on ptolemy.moml.MoMLSimpleApplication@5ba8af13
reloadAllAccessors: .Clock8

===========================================================================================
----------------- testing Mon Feb 03 19:27:05 UTC 2020 /home/travis/build/icyphy/ptII/ptolemy/actor/lib/test/auto/Clock9.xml
----------------- Instantiating /home/travis/build/icyphy/ptII/ptolemy/actor/lib/test/auto/Clock9.xml
4 ms. Memory: 518144K Free: 241272K (47%)
----------------- Invoking toplevel() on ptolemy.moml.MoMLSimpleApplication@619cef6f
----------------- Done invoking toplevel() on ptolemy.moml.MoMLSimpleApplication@619cef6f
reloadAllAccessors: .Clock9

===========================================================================================
----------------- testing Mon Feb 03 19:27:05 UTC 2020 /home/travis/build/icyphy/ptII/ptolemy/actor/lib/test/auto/CommDistDiscard.xml
----------------- Instantiating /home/travis/build/icyphy/ptII/ptolemy/actor/lib/test/auto/CommDistDiscard.xml
10 ms. Memory: 518144K Free: 235638K (45%)
----------------- Invoking toplevel() on ptolemy.moml.MoMLSimpleApplication@17b83379
----------------- Done invoking toplevel() on ptolemy.moml.MoMLSimpleApplication@17b83379
reloadAllAccessors: .CommDistDiscard

===========================================================================================
----------------- testing Mon Feb 03 19:27:05 UTC 2020 /home/travis/build/icyphy/ptII/ptolemy/actor/lib/test/auto/Commutator.xml
----------------- Instantiating /home/travis/build/icyphy/ptII/ptolemy/actor/lib/test/auto/Commutator.xml
3 ms. Memory: 518144K Free: 231032K (45%)
----------------- Invoking toplevel() on ptolemy.moml.MoMLSimpleApplication@766653cc
----------------- Done invoking toplevel() on ptolemy.moml.MoMLSimpleApplication@766653cc
reloadAllAccessors: .Commutator

===========================================================================================
----------------- testing Mon Feb 03 19:27:05 UTC 2020 /home/travis/build/icyphy/ptII/ptolemy/actor/lib/test/auto/Commutator2.xml
----------------- Instantiating /home/travis/build/icyphy/ptII/ptolemy/actor/lib/test/auto/Commutator2.xml
2 ms. Memory: 518144K Free: 226936K (44%)
----------------- Invoking toplevel() on ptolemy.moml.MoMLSimpleApplication@481e2f05
----------------- Done invoking toplevel() on ptolemy.moml.MoMLSimpleApplication@481e2f05
reloadAllAccessors: .Commutator2

===========================================================================================
----------------- testing Mon Feb 03 19:27:05 UTC 2020 /home/travis/build/icyphy/ptII/ptolemy/actor/lib/test/auto/Commutator3.xml
----------------- Instantiating /home/travis/build/icyphy/ptII/ptolemy/actor/lib/test/auto/Commutator3.xml
2 ms. Memory: 518144K Free: 222326K (43%)
----------------- Invoking toplevel() on ptolemy.moml.MoMLSimpleApplication@1d65181
----------------- Done invoking toplevel() on ptolemy.moml.MoMLSimpleApplication@1d65181
reloadAllAccessors: .Commutator3

===========================================================================================
----------------- testing Mon Feb 03 19:27:05 UTC 2020 /home/travis/build/icyphy/ptII/ptolemy/actor/lib/test/auto/Compare.xml
----------------- Instantiating /home/travis/build/icyphy/ptII/ptolemy/actor/lib/test/auto/Compare.xml
1 ms. Memory: 518144K Free: 468309K (90%)
----------------- Invoking toplevel() on ptolemy.moml.MoMLSimpleApplication@299e4724
----------------- Done invoking toplevel() on ptolemy.moml.MoMLSimpleApplication@299e4724
reloadAllAccessors: .Compare

===========================================================================================
----------------- testing Mon Feb 03 19:27:05 UTC 2020 /home/travis/build/icyphy/ptII/ptolemy/actor/lib/test/auto/CompareDE.xml
----------------- Instantiating /home/travis/build/icyphy/ptII/ptolemy/actor/lib/test/auto/CompareDE.xml
4 ms. Memory: 518144K Free: 461141K (89%)
----------------- Invoking toplevel() on ptolemy.moml.MoMLSimpleApplication@47b889a8
----------------- Done invoking toplevel() on ptolemy.moml.MoMLSimpleApplication@47b889a8
reloadAllAccessors: .CompareDE

===========================================================================================
----------------- testing Mon Feb 03 19:27:05 UTC 2020 /home/travis/build/icyphy/ptII/ptolemy/actor/lib/test/auto/ComplexDivide.xml
----------------- Instantiating /home/travis/build/icyphy/ptII/ptolemy/actor/lib/test/auto/ComplexDivide.xml
1 ms. Memory: 518144K Free: 457045K (88%)
----------------- Invoking toplevel() on ptolemy.moml.MoMLSimpleApplication@23e92c1d
----------------- Done invoking toplevel() on ptolemy.moml.MoMLSimpleApplication@23e92c1d
reloadAllAccessors: .ComplexDivide

===========================================================================================
----------------- testing Mon Feb 03 19:27:05 UTC 2020 /home/travis/build/icyphy/ptII/ptolemy/actor/lib/test/auto/ComputeHistogram.xml
----------------- Instantiating /home/travis/build/icyphy/ptII/ptolemy/actor/lib/test/auto/ComputeHistogram.xml
31 ms. Memory: 518144K Free: 444757K (86%)
----------------- Invoking toplevel() on ptolemy.moml.MoMLSimpleApplication@69b9160a
----------------- Done invoking toplevel() on ptolemy.moml.MoMLSimpleApplication@69b9160a
reloadAllAccessors: .ComputeHistogram

===========================================================================================
----------------- testing Mon Feb 03 19:27:05 UTC 2020 /home/travis/build/icyphy/ptII/ptolemy/actor/lib/test/auto/ConfigurationSelect.xml
----------------- Instantiating /home/travis/build/icyphy/ptII/ptolemy/actor/lib/test/auto/ConfigurationSelect.xml
2 ms. Memory: 518144K Free: 439109K (85%)
----------------- Invoking toplevel() on ptolemy.moml.MoMLSimpleApplication@5488d9f
----------------- Done invoking toplevel() on ptolemy.moml.MoMLSimpleApplication@5488d9f
reloadAllAccessors: .ConfigurationSelect

===========================================================================================
----------------- testing Mon Feb 03 19:27:05 UTC 2020 /home/travis/build/icyphy/ptII/ptolemy/actor/lib/test/auto/ConfigurationSelect2.xml
----------------- Instantiating /home/travis/build/icyphy/ptII/ptolemy/actor/lib/test/auto/ConfigurationSelect2.xml
1 ms. Memory: 518144K Free: 434517K (84%)
----------------- Invoking toplevel() on ptolemy.moml.MoMLSimpleApplication@663e350e
----------------- Done invoking toplevel() on ptolemy.moml.MoMLSimpleApplication@663e350e
reloadAllAccessors: .ConfigurationSelect2

===========================================================================================
----------------- testing Mon Feb 03 19:27:05 UTC 2020 /home/travis/build/icyphy/ptII/ptolemy/actor/lib/test/auto/ConfigurationSwitch.xml
----------------- Instantiating /home/travis/build/icyphy/ptII/ptolemy/actor/lib/test/auto/ConfigurationSwitch.xml
2 ms. Memory: 518144K Free: 429397K (83%)
----------------- Invoking toplevel() on ptolemy.moml.MoMLSimpleApplication@31cf9fc4
----------------- Done invoking toplevel() on ptolemy.moml.MoMLSimpleApplication@31cf9fc4
reloadAllAccessors: .ConfigurationSwitch

===========================================================================================
----------------- testing Mon Feb 03 19:27:05 UTC 2020 /home/travis/build/icyphy/ptII/ptolemy/actor/lib/test/auto/ConfigurationSwitch2.xml
----------------- Instantiating /home/travis/build/icyphy/ptII/ptolemy/actor/lib/test/auto/ConfigurationSwitch2.xml
3 ms. Memory: 518144K Free: 423763K (82%)
----------------- Invoking toplevel() on ptolemy.moml.MoMLSimpleApplication@9fc3926
----------------- Done invoking toplevel() on ptolemy.moml.MoMLSimpleApplication@9fc3926
reloadAllAccessors: .ConfigurationSwitch2

===========================================================================================
----------------- testing Mon Feb 03 19:27:05 UTC 2020 /home/travis/build/icyphy/ptII/ptolemy/actor/lib/test/auto/ConfigurationSwitchCloningBugWithClassRelationGroup.xml
----------------- Instantiating /home/travis/build/icyphy/ptII/ptolemy/actor/lib/test/auto/ConfigurationSwitchCloningBugWithClassRelationGroup.xml
1 ms. Memory: 518144K Free: 417109K (81%)
----------------- Invoking toplevel() on ptolemy.moml.MoMLSimpleApplication@ce73532
----------------- Done invoking toplevel() on ptolemy.moml.MoMLSimpleApplication@ce73532
reloadAllAccessors: .ConfigurationSwitchCloningBugWithClassRelationGroup

===========================================================================================
----------------- testing Mon Feb 03 19:27:06 UTC 2020 /home/travis/build/icyphy/ptII/ptolemy/actor/lib/test/auto/ConfigurationSwitchSelectSDF.xml
----------------- Instantiating /home/travis/build/icyphy/ptII/ptolemy/actor/lib/test/auto/ConfigurationSwitchSelectSDF.xml
2 ms. Memory: 518144K Free: 411475K (79%)
----------------- Invoking toplevel() on ptolemy.moml.MoMLSimpleApplication@59c1839
----------------- Done invoking toplevel() on ptolemy.moml.MoMLSimpleApplication@59c1839
reloadAllAccessors: .ConfigurationSwitchSelectSDF

===========================================================================================
----------------- testing Mon Feb 03 19:27:06 UTC 2020 /home/travis/build/icyphy/ptII/ptolemy/actor/lib/test/auto/ConfigurationSwitchSelectSDF2.xml
----------------- Instantiating /home/travis/build/icyphy/ptII/ptolemy/actor/lib/test/auto/ConfigurationSwitchSelectSDF2.xml
1 ms. Memory: 518144K Free: 405331K (78%)
----------------- Invoking toplevel() on ptolemy.moml.MoMLSimpleApplication@7e6c213e
----------------- Done invoking toplevel() on ptolemy.moml.MoMLSimpleApplication@7e6c213e
reloadAllAccessors: .ConfigurationSwitchSelectSDF2

===========================================================================================
----------------- testing Mon Feb 03 19:27:06 UTC 2020 /home/travis/build/icyphy/ptII/ptolemy/actor/lib/test/auto/Const.xml
----------------- Instantiating /home/travis/build/icyphy/ptII/ptolemy/actor/lib/test/auto/Const.xml
0 ms. Memory: 518144K Free: 402259K (78%)
----------------- Invoking toplevel() on ptolemy.moml.MoMLSimpleApplication@1a7308ac
----------------- Done invoking toplevel() on ptolemy.moml.MoMLSimpleApplication@1a7308ac
reloadAllAccessors: .Const

===========================================================================================
----------------- testing Mon Feb 03 19:27:06 UTC 2020 /home/travis/build/icyphy/ptII/ptolemy/actor/lib/test/auto/Const2.xml
----------------- Instantiating /home/travis/build/icyphy/ptII/ptolemy/actor/lib/test/auto/Const2.xml
1 ms. Memory: 518144K Free: 398163K (77%)
----------------- Invoking toplevel() on ptolemy.moml.MoMLSimpleApplication@3b57b0b3
----------------- Done invoking toplevel() on ptolemy.moml.MoMLSimpleApplication@3b57b0b3
reloadAllAccessors: .Const2

===========================================================================================
----------------- testing Mon Feb 03 19:27:06 UTC 2020 /home/travis/build/icyphy/ptII/ptolemy/actor/lib/test/auto/Const3.xml
----------------- Instantiating /home/travis/build/icyphy/ptII/ptolemy/actor/lib/test/auto/Const3.xml
0 ms. Memory: 518144K Free: 395091K (76%)
----------------- Invoking toplevel() on ptolemy.moml.MoMLSimpleApplication@69eed78a
----------------- Done invoking toplevel() on ptolemy.moml.MoMLSimpleApplication@69eed78a
reloadAllAccessors: .Const3

===========================================================================================
----------------- testing Mon Feb 03 19:27:06 UTC 2020 /home/travis/build/icyphy/ptII/ptolemy/actor/lib/test/auto/ConstantPublisherPort1.xml
----------------- Instantiating /home/travis/build/icyphy/ptII/ptolemy/actor/lib/test/auto/ConstantPublisherPort1.xml
6 ms. Memory: 518144K Free: 386899K (75%)
----------------- Invoking toplevel() on ptolemy.moml.MoMLSimpleApplication@261e8366
----------------- Done invoking toplevel() on ptolemy.moml.MoMLSimpleApplication@261e8366
reloadAllAccessors: .ConstantPublisherPort1

===========================================================================================
----------------- testing Mon Feb 03 19:27:06 UTC 2020 /home/travis/build/icyphy/ptII/ptolemy/actor/lib/test/auto/ConstantPublisherPort2.xml
----------------- Instantiating /home/travis/build/icyphy/ptII/ptolemy/actor/lib/test/auto/ConstantPublisherPort2.xml
6 ms. Memory: 518144K Free: 379221K (73%)
----------------- Invoking toplevel() on ptolemy.moml.MoMLSimpleApplication@51ebac0e
----------------- Done invoking toplevel() on ptolemy.moml.MoMLSimpleApplication@51ebac0e
reloadAllAccessors: .ConstantPublisherPort2

===========================================================================================
----------------- testing Mon Feb 03 19:27:06 UTC 2020 /home/travis/build/icyphy/ptII/ptolemy/actor/lib/test/auto/ConstantPublisherPort3.xml
----------------- Instantiating /home/travis/build/icyphy/ptII/ptolemy/actor/lib/test/auto/ConstantPublisherPort3.xml
4 ms. Memory: 518144K Free: 372053K (72%)
----------------- Invoking toplevel() on ptolemy.moml.MoMLSimpleApplication@64003e4
----------------- Done invoking toplevel() on ptolemy.moml.MoMLSimpleApplication@64003e4
reloadAllAccessors: .ConstantPublisherPort3

===========================================================================================
----------------- testing Mon Feb 03 19:27:06 UTC 2020 /home/travis/build/icyphy/ptII/ptolemy/actor/lib/test/auto/ConstantPublisherPort4.xml
----------------- Instantiating /home/travis/build/icyphy/ptII/ptolemy/actor/lib/test/auto/ConstantPublisherPort4.xml
2 ms. Memory: 518144K Free: 364885K (70%)
----------------- Invoking toplevel() on ptolemy.moml.MoMLSimpleApplication@66350f87
----------------- Done invoking toplevel() on ptolemy.moml.MoMLSimpleApplication@66350f87
reloadAllAccessors: .ConstantPublisherPort4

===========================================================================================
----------------- testing Mon Feb 03 19:27:06 UTC 2020 /home/travis/build/icyphy/ptII/ptolemy/actor/lib/test/auto/ConstantPublisherPort5.xml
----------------- Instantiating /home/travis/build/icyphy/ptII/ptolemy/actor/lib/test/auto/ConstantPublisherPort5.xml
26 ms. Memory: 518144K Free: 355155K (69%)
----------------- Invoking toplevel() on ptolemy.moml.MoMLSimpleApplication@2e09f9cb
----------------- Done invoking toplevel() on ptolemy.moml.MoMLSimpleApplication@2e09f9cb
reloadAllAccessors: .ConstantPublisherPort5

===========================================================================================
----------------- testing Mon Feb 03 19:27:06 UTC 2020 /home/travis/build/icyphy/ptII/ptolemy/actor/lib/test/auto/ConstantPublisherPort6.xml
----------------- Instantiating /home/travis/build/icyphy/ptII/ptolemy/actor/lib/test/auto/ConstantPublisherPort6.xml
13 ms. Memory: 518144K Free: 346453K (67%)
----------------- Invoking toplevel() on ptolemy.moml.MoMLSimpleApplication@73340b00
----------------- Done invoking toplevel() on ptolemy.moml.MoMLSimpleApplication@73340b00
reloadAllAccessors: .ConstantPublisherPort6

===========================================================================================
----------------- testing Mon Feb 03 19:27:06 UTC 2020 /home/travis/build/icyphy/ptII/ptolemy/actor/lib/test/auto/ConstantPublisherPort7.xml
----------------- Instantiating /home/travis/build/icyphy/ptII/ptolemy/actor/lib/test/auto/ConstantPublisherPort7.xml
18 ms. Memory: 518144K Free: 336723K (65%)
----------------- Invoking toplevel() on ptolemy.moml.MoMLSimpleApplication@54463e8d
----------------- Done invoking toplevel() on ptolemy.moml.MoMLSimpleApplication@54463e8d
reloadAllAccessors: .ConstantPublisherPort7

===========================================================================================
----------------- testing Mon Feb 03 19:27:06 UTC 2020 /home/travis/build/icyphy/ptII/ptolemy/actor/lib/test/auto/ConstraintMonitor1.xml
----------------- Instantiating /home/travis/build/icyphy/ptII/ptolemy/actor/lib/test/auto/ConstraintMonitor1.xml
6 ms. Memory: 518144K Free: 332117K (64%)
----------------- Invoking toplevel() on ptolemy.moml.MoMLSimpleApplication@203a05fd
----------------- Done invoking toplevel() on ptolemy.moml.MoMLSimpleApplication@203a05fd
reloadAllAccessors: .ConstraintMonitor1

===========================================================================================
----------------- testing Mon Feb 03 19:27:06 UTC 2020 /home/travis/build/icyphy/ptII/ptolemy/actor/lib/test/auto/ConstraintMonitor2.xml
----------------- Instantiating /home/travis/build/icyphy/ptII/ptolemy/actor/lib/test/auto/ConstraintMonitor2.xml
2 ms. Memory: 518144K Free: 327493K (63%)
----------------- Invoking toplevel() on ptolemy.moml.MoMLSimpleApplication@68ef557f
----------------- Done invoking toplevel() on ptolemy.moml.MoMLSimpleApplication@68ef557f
reloadAllAccessors: .ConstraintMonitor2

===========================================================================================
----------------- testing Mon Feb 03 19:27:06 UTC 2020 /home/travis/build/icyphy/ptII/ptolemy/actor/lib/test/auto/ConstraintMonitor3.xml
----------------- Instantiating /home/travis/build/icyphy/ptII/ptolemy/actor/lib/test/auto/ConstraintMonitor3.xml
3 ms. Memory: 518144K Free: 322901K (62%)
----------------- Invoking toplevel() on ptolemy.moml.MoMLSimpleApplication@52f3cbe9
----------------- Done invoking toplevel() on ptolemy.moml.MoMLSimpleApplication@52f3cbe9
reloadAllAccessors: .ConstraintMonitor3

===========================================================================================
----------------- testing Mon Feb 03 19:27:06 UTC 2020 /home/travis/build/icyphy/ptII/ptolemy/actor/lib/test/auto/ConstraintMonitor4.xml
----------------- Instantiating /home/travis/build/icyphy/ptII/ptolemy/actor/lib/test/auto/ConstraintMonitor4.xml
1 ms. Memory: 518144K Free: 318291K (61%)
----------------- Invoking toplevel() on ptolemy.moml.MoMLSimpleApplication@30f2c4d8
----------------- Done invoking toplevel() on ptolemy.moml.MoMLSimpleApplication@30f2c4d8
reloadAllAccessors: .ConstraintMonitor4

===========================================================================================
----------------- testing Mon Feb 03 19:27:06 UTC 2020 /home/travis/build/icyphy/ptII/ptolemy/actor/lib/test/auto/ConstraintMonitor5.xml
----------------- Instantiating /home/travis/build/icyphy/ptII/ptolemy/actor/lib/test/auto/ConstraintMonitor5.xml
2 ms. Memory: 518144K Free: 312661K (60%)
----------------- Invoking toplevel() on ptolemy.moml.MoMLSimpleApplication@5aee08d2
----------------- Done invoking toplevel() on ptolemy.moml.MoMLSimpleApplication@5aee08d2
reloadAllAccessors: .ConstraintMonitor5

===========================================================================================
----------------- testing Mon Feb 03 19:27:06 UTC 2020 /home/travis/build/icyphy/ptII/ptolemy/actor/lib/test/auto/ConstraintMonitor6.xml
----------------- Instantiating /home/travis/build/icyphy/ptII/ptolemy/actor/lib/test/auto/ConstraintMonitor6.xml
3 ms. Memory: 518144K Free: 306517K (59%)
----------------- Invoking toplevel() on ptolemy.moml.MoMLSimpleApplication@6ba617d1
----------------- Done invoking toplevel() on ptolemy.moml.MoMLSimpleApplication@6ba617d1
reloadAllAccessors: .ConstraintMonitor6

===========================================================================================
----------------- testing Mon Feb 03 19:27:06 UTC 2020 /home/travis/build/icyphy/ptII/ptolemy/actor/lib/test/auto/ConstraintMonitor7.xml
----------------- Instantiating /home/travis/build/icyphy/ptII/ptolemy/actor/lib/test/auto/ConstraintMonitor7.xml
2 ms. Memory: 518144K Free: 300373K (58%)
----------------- Invoking toplevel() on ptolemy.moml.MoMLSimpleApplication@265b4504
----------------- Done invoking toplevel() on ptolemy.moml.MoMLSimpleApplication@265b4504
reloadAllAccessors: .ConstraintMonitor7

===========================================================================================
----------------- testing Mon Feb 03 19:27:06 UTC 2020 /home/travis/build/icyphy/ptII/ptolemy/actor/lib/test/auto/ConstraintMonitor8.xml
----------------- Instantiating /home/travis/build/icyphy/ptII/ptolemy/actor/lib/test/auto/ConstraintMonitor8.xml
3 ms. Memory: 518144K Free: 292181K (56%)
----------------- Invoking toplevel() on ptolemy.moml.MoMLSimpleApplication@4938cc8a
----------------- Done invoking toplevel() on ptolemy.moml.MoMLSimpleApplication@4938cc8a
reloadAllAccessors: .ConstraintMonitor8

===========================================================================================
----------------- testing Mon Feb 03 19:27:06 UTC 2020 /home/travis/build/icyphy/ptII/ptolemy/actor/lib/test/auto/Counter.xml
----------------- Instantiating /home/travis/build/icyphy/ptII/ptolemy/actor/lib/test/auto/Counter.xml
2 ms. Memory: 518144K Free: 287061K (55%)
----------------- Invoking toplevel() on ptolemy.moml.MoMLSimpleApplication@4ebf6ee
----------------- Done invoking toplevel() on ptolemy.moml.MoMLSimpleApplication@4ebf6ee
reloadAllAccessors: .Counter

===========================================================================================
----------------- testing Mon Feb 03 19:27:06 UTC 2020 /home/travis/build/icyphy/ptII/ptolemy/actor/lib/test/auto/CurrentTimeSDF.xml
----------------- Instantiating /home/travis/build/icyphy/ptII/ptolemy/actor/lib/test/auto/CurrentTimeSDF.xml
1 ms. Memory: 518144K Free: 283475K (55%)
----------------- Invoking toplevel() on ptolemy.moml.MoMLSimpleApplication@16b7d91d
----------------- Done invoking toplevel() on ptolemy.moml.MoMLSimpleApplication@16b7d91d
reloadAllAccessors: .CurrentTimeSDF

===========================================================================================
----------------- testing Mon Feb 03 19:27:06 UTC 2020 /home/travis/build/icyphy/ptII/ptolemy/actor/lib/test/auto/DB.xml
----------------- Instantiating /home/travis/build/icyphy/ptII/ptolemy/actor/lib/test/auto/DB.xml
3 ms. Memory: 518144K Free: 278355K (54%)
----------------- Invoking toplevel() on ptolemy.moml.MoMLSimpleApplication@20e40afa
----------------- Done invoking toplevel() on ptolemy.moml.MoMLSimpleApplication@20e40afa
reloadAllAccessors: .DB

===========================================================================================
----------------- testing Mon Feb 03 19:27:06 UTC 2020 /home/travis/build/icyphy/ptII/ptolemy/actor/lib/test/auto/DBDE.xml
----------------- Instantiating /home/travis/build/icyphy/ptII/ptolemy/actor/lib/test/auto/DBDE.xml
2 ms. Memory: 518144K Free: 272205K (53%)
----------------- Invoking toplevel() on ptolemy.moml.MoMLSimpleApplication@35aaf477
----------------- Done invoking toplevel() on ptolemy.moml.MoMLSimpleApplication@35aaf477
reloadAllAccessors: .DBDE

===========================================================================================
----------------- testing Mon Feb 03 19:27:06 UTC 2020 /home/travis/build/icyphy/ptII/ptolemy/actor/lib/test/auto/DateConstructor.xml
----------------- Instantiating /home/travis/build/icyphy/ptII/ptolemy/actor/lib/test/auto/DateConstructor.xml
44 ms. Memory: 518144K Free: 254293K (49%)
----------------- Invoking toplevel() on ptolemy.moml.MoMLSimpleApplication@705a1ec2
----------------- Done invoking toplevel() on ptolemy.moml.MoMLSimpleApplication@705a1ec2
reloadAllAccessors: .DateConstructor

===========================================================================================
----------------- testing Mon Feb 03 19:27:06 UTC 2020 /home/travis/build/icyphy/ptII/ptolemy/actor/lib/test/auto/DelayTime.xml
----------------- Instantiating /home/travis/build/icyphy/ptII/ptolemy/actor/lib/test/auto/DelayTime.xml
3 ms. Memory: 518144K Free: 249173K (48%)
----------------- Invoking toplevel() on ptolemy.moml.MoMLSimpleApplication@6732ac3d
----------------- Done invoking toplevel() on ptolemy.moml.MoMLSimpleApplication@6732ac3d
reloadAllAccessors: .DelayTime

===========================================================================================
----------------- testing Mon Feb 03 19:27:06 UTC 2020 /home/travis/build/icyphy/ptII/ptolemy/actor/lib/test/auto/Dictionary1.xml
----------------- Instantiating /home/travis/build/icyphy/ptII/ptolemy/actor/lib/test/auto/Dictionary1.xml
2 ms. Memory: 518144K Free: 244053K (47%)
----------------- Invoking toplevel() on ptolemy.moml.MoMLSimpleApplication@7a451df8
----------------- Done invoking toplevel() on ptolemy.moml.MoMLSimpleApplication@7a451df8
reloadAllAccessors: .Dictionary1

===========================================================================================
----------------- testing Mon Feb 03 19:27:06 UTC 2020 /home/travis/build/icyphy/ptII/ptolemy/actor/lib/test/auto/Dictionary2.xml
----------------- Instantiating /home/travis/build/icyphy/ptII/ptolemy/actor/lib/test/auto/Dictionary2.xml
2 ms. Memory: 518144K Free: 238419K (46%)
----------------- Invoking toplevel() on ptolemy.moml.MoMLSimpleApplication@3d6ce292
----------------- Done invoking toplevel() on ptolemy.moml.MoMLSimpleApplication@3d6ce292
reloadAllAccessors: .Dictionary2

===========================================================================================
----------------- testing Mon Feb 03 19:27:06 UTC 2020 /home/travis/build/icyphy/ptII/ptolemy/actor/lib/test/auto/Dictionary3.xml
----------------- Instantiating /home/travis/build/icyphy/ptII/ptolemy/actor/lib/test/auto/Dictionary3.xml
2 ms. Memory: 518144K Free: 232789K (45%)
----------------- Invoking toplevel() on ptolemy.moml.MoMLSimpleApplication@34ba2ad6
----------------- Done invoking toplevel() on ptolemy.moml.MoMLSimpleApplication@34ba2ad6
reloadAllAccessors: .Dictionary3

===========================================================================================
----------------- testing Mon Feb 03 19:27:06 UTC 2020 /home/travis/build/icyphy/ptII/ptolemy/actor/lib/test/auto/Dictionary4.xml
----------------- Instantiating /home/travis/build/icyphy/ptII/ptolemy/actor/lib/test/auto/Dictionary4.xml
3 ms. Memory: 518144K Free: 225621K (44%)
----------------- Invoking toplevel() on ptolemy.moml.MoMLSimpleApplication@41318b58
----------------- Done invoking toplevel() on ptolemy.moml.MoMLSimpleApplication@41318b58
reloadAllAccessors: .Dictionary4

===========================================================================================
----------------- testing Mon Feb 03 19:27:06 UTC 2020 /home/travis/build/icyphy/ptII/ptolemy/actor/lib/test/auto/Differential.xml
----------------- Instantiating /home/travis/build/icyphy/ptII/ptolemy/actor/lib/test/auto/Differential.xml
2 ms. Memory: 518144K Free: 221011K (43%)
----------------- Invoking toplevel() on ptolemy.moml.MoMLSimpleApplication@41f6c6c7
----------------- Done invoking toplevel() on ptolemy.moml.MoMLSimpleApplication@41f6c6c7
reloadAllAccessors: .Differential

===========================================================================================
----------------- testing Mon Feb 03 19:27:06 UTC 2020 /home/travis/build/icyphy/ptII/ptolemy/actor/lib/test/auto/Director.xml
----------------- Instantiating /home/travis/build/icyphy/ptII/ptolemy/actor/lib/test/auto/Director.xml
3 ms. Memory: 518144K Free: 217429K (42%)
----------------- Invoking toplevel() on ptolemy.moml.MoMLSimpleApplication@1d093e18
----------------- Done invoking toplevel() on ptolemy.moml.MoMLSimpleApplication@1d093e18
reloadAllAccessors: .Director

===========================================================================================
----------------- testing Mon Feb 03 19:27:06 UTC 2020 /home/travis/build/icyphy/ptII/ptolemy/actor/lib/test/auto/DiscreteClock.xml
----------------- Instantiating /home/travis/build/icyphy/ptII/ptolemy/actor/lib/test/auto/DiscreteClock.xml
1 ms. Memory: 518144K Free: 213333K (41%)
----------------- Invoking toplevel() on ptolemy.moml.MoMLSimpleApplication@39864502
----------------- Done invoking toplevel() on ptolemy.moml.MoMLSimpleApplication@39864502
reloadAllAccessors: .DiscreteClock

===========================================================================================
----------------- testing Mon Feb 03 19:27:06 UTC 2020 /home/travis/build/icyphy/ptII/ptolemy/actor/lib/test/auto/DiscreteClock10.xml
----------------- Instantiating /home/travis/build/icyphy/ptII/ptolemy/actor/lib/test/auto/DiscreteClock10.xml
4 ms. Memory: 518144K Free: 207699K (40%)
----------------- Invoking toplevel() on ptolemy.moml.MoMLSimpleApplication@78cbffae
----------------- Done invoking toplevel() on ptolemy.moml.MoMLSimpleApplication@78cbffae
reloadAllAccessors: .DiscreteClock10

===========================================================================================
----------------- testing Mon Feb 03 19:27:06 UTC 2020 /home/travis/build/icyphy/ptII/ptolemy/actor/lib/test/auto/DiscreteClock11.xml
----------------- Instantiating /home/travis/build/icyphy/ptII/ptolemy/actor/lib/test/auto/DiscreteClock11.xml
1 ms. Memory: 518144K Free: 201555K (39%)
----------------- Invoking toplevel() on ptolemy.moml.MoMLSimpleApplication@147037b7
----------------- Done invoking toplevel() on ptolemy.moml.MoMLSimpleApplication@147037b7
reloadAllAccessors: .DiscreteClock11

===========================================================================================
----------------- testing Mon Feb 03 19:27:06 UTC 2020 /home/travis/build/icyphy/ptII/ptolemy/actor/lib/test/auto/DiscreteClock12.xml
----------------- Instantiating /home/travis/build/icyphy/ptII/ptolemy/actor/lib/test/auto/DiscreteClock12.xml
2 ms. Memory: 518144K Free: 195411K (38%)
----------------- Invoking toplevel() on ptolemy.moml.MoMLSimpleApplication@39570b19
----------------- Done invoking toplevel() on ptolemy.moml.MoMLSimpleApplication@39570b19
reloadAllAccessors: .DiscreteClock12

===========================================================================================
----------------- testing Mon Feb 03 19:27:06 UTC 2020 /home/travis/build/icyphy/ptII/ptolemy/actor/lib/test/auto/DiscreteClock13.xml
----------------- Instantiating /home/travis/build/icyphy/ptII/ptolemy/actor/lib/test/auto/DiscreteClock13.xml
4 ms. Memory: 518144K Free: 189237K (37%)
----------------- Invoking toplevel() on ptolemy.moml.MoMLSimpleApplication@bc0c2c
----------------- Done invoking toplevel() on ptolemy.moml.MoMLSimpleApplication@bc0c2c
reloadAllAccessors: .DiscreteClock13

===========================================================================================
----------------- testing Mon Feb 03 19:27:06 UTC 2020 /home/travis/build/icyphy/ptII/ptolemy/actor/lib/test/auto/DiscreteClock14.xml
----------------- Instantiating /home/travis/build/icyphy/ptII/ptolemy/actor/lib/test/auto/DiscreteClock14.xml
6 ms. Memory: 518144K Free: 183637K (35%)
----------------- Invoking toplevel() on ptolemy.moml.MoMLSimpleApplication@57fe0b4f
----------------- Done invoking toplevel() on ptolemy.moml.MoMLSimpleApplication@57fe0b4f
reloadAllAccessors: .DiscreteClock14

===========================================================================================
----------------- testing Mon Feb 03 19:27:06 UTC 2020 /home/travis/build/icyphy/ptII/ptolemy/actor/lib/test/auto/DiscreteClock15.xml
----------------- Instantiating /home/travis/build/icyphy/ptII/ptolemy/actor/lib/test/auto/DiscreteClock15.xml
5 ms. Memory: 518144K Free: 177493K (34%)
----------------- Invoking toplevel() on ptolemy.moml.MoMLSimpleApplication@48e8ae75
----------------- Done invoking toplevel() on ptolemy.moml.MoMLSimpleApplication@48e8ae75
reloadAllAccessors: .DiscreteClock15

===========================================================================================
----------------- testing Mon Feb 03 19:27:06 UTC 2020 /home/travis/build/icyphy/ptII/ptolemy/actor/lib/test/auto/DiscreteClock16.xml
----------------- Instantiating /home/travis/build/icyphy/ptII/ptolemy/actor/lib/test/auto/DiscreteClock16.xml
22 ms. Memory: 518144K Free: 466111K (90%)
----------------- Invoking toplevel() on ptolemy.moml.MoMLSimpleApplication@31df2455
----------------- Done invoking toplevel() on ptolemy.moml.MoMLSimpleApplication@31df2455
reloadAllAccessors: .DiscreteClock16

===========================================================================================
----------------- testing Mon Feb 03 19:27:06 UTC 2020 /home/travis/build/icyphy/ptII/ptolemy/actor/lib/test/auto/DiscreteClock17.xml
----------------- Instantiating /home/travis/build/icyphy/ptII/ptolemy/actor/lib/test/auto/DiscreteClock17.xml
17 ms. Memory: 518144K Free: 450802K (87%)
----------------- Invoking toplevel() on ptolemy.moml.MoMLSimpleApplication@3d1fc158
----------------- Done invoking toplevel() on ptolemy.moml.MoMLSimpleApplication@3d1fc158
reloadAllAccessors: .DiscreteClock17

===========================================================================================
----------------- testing Mon Feb 03 19:27:06 UTC 2020 /home/travis/build/icyphy/ptII/ptolemy/actor/lib/test/auto/DiscreteClock18.xml
----------------- Instantiating /home/travis/build/icyphy/ptII/ptolemy/actor/lib/test/auto/DiscreteClock18.xml
20 ms. Memory: 518144K Free: 436994K (84%)
----------------- Invoking toplevel() on ptolemy.moml.MoMLSimpleApplication@38edba9
----------------- Done invoking toplevel() on ptolemy.moml.MoMLSimpleApplication@38edba9
reloadAllAccessors: .DiscreteClock18

===========================================================================================
----------------- testing Mon Feb 03 19:27:06 UTC 2020 /home/travis/build/icyphy/ptII/ptolemy/actor/lib/test/auto/DiscreteClock19.xml
----------------- Instantiating /home/travis/build/icyphy/ptII/ptolemy/actor/lib/test/auto/DiscreteClock19.xml
20 ms. Memory: 518144K Free: 423168K (82%)
----------------- Invoking toplevel() on ptolemy.moml.MoMLSimpleApplication@4306565b
----------------- Done invoking toplevel() on ptolemy.moml.MoMLSimpleApplication@4306565b
reloadAllAccessors: .DiscreteClock19

===========================================================================================
----------------- testing Mon Feb 03 19:27:07 UTC 2020 /home/travis/build/icyphy/ptII/ptolemy/actor/lib/test/auto/DiscreteClock2.xml
----------------- Instantiating /home/travis/build/icyphy/ptII/ptolemy/actor/lib/test/auto/DiscreteClock2.xml
4 ms. Memory: 518144K Free: 418562K (81%)
----------------- Invoking toplevel() on ptolemy.moml.MoMLSimpleApplication@7d32357
----------------- Done invoking toplevel() on ptolemy.moml.MoMLSimpleApplication@7d32357
reloadAllAccessors: .DiscreteClock2

===========================================================================================
----------------- testing Mon Feb 03 19:27:07 UTC 2020 /home/travis/build/icyphy/ptII/ptolemy/actor/lib/test/auto/DiscreteClock20.xml
----------------- Instantiating /home/travis/build/icyphy/ptII/ptolemy/actor/lib/test/auto/DiscreteClock20.xml
6 ms. Memory: 518144K Free: 412928K (80%)
----------------- Invoking toplevel() on ptolemy.moml.MoMLSimpleApplication@1285fc63
----------------- Done invoking toplevel() on ptolemy.moml.MoMLSimpleApplication@1285fc63
reloadAllAccessors: .DiscreteClock20

===========================================================================================
----------------- testing Mon Feb 03 19:27:07 UTC 2020 /home/travis/build/icyphy/ptII/ptolemy/actor/lib/test/auto/DiscreteClock21.xml
----------------- Instantiating /home/travis/build/icyphy/ptII/ptolemy/actor/lib/test/auto/DiscreteClock21.xml
5 ms. Memory: 518144K Free: 407298K (79%)
----------------- Invoking toplevel() on ptolemy.moml.MoMLSimpleApplication@72982177
----------------- Done invoking toplevel() on ptolemy.moml.MoMLSimpleApplication@72982177
reloadAllAccessors: .DiscreteClock21

===========================================================================================
----------------- testing Mon Feb 03 19:27:07 UTC 2020 /home/travis/build/icyphy/ptII/ptolemy/actor/lib/test/auto/DiscreteClock22.xml
----------------- Instantiating /home/travis/build/icyphy/ptII/ptolemy/actor/lib/test/auto/DiscreteClock22.xml
5 ms. Memory: 518144K Free: 401664K (78%)
----------------- Invoking toplevel() on ptolemy.moml.MoMLSimpleApplication@5b531f27
----------------- Done invoking toplevel() on ptolemy.moml.MoMLSimpleApplication@5b531f27
reloadAllAccessors: .DiscreteClock22

===========================================================================================
----------------- testing Mon Feb 03 19:27:07 UTC 2020 /home/travis/build/icyphy/ptII/ptolemy/actor/lib/test/auto/DiscreteClock23.xml
----------------- Instantiating /home/travis/build/icyphy/ptII/ptolemy/actor/lib/test/auto/DiscreteClock23.xml
9 ms. Memory: 518144K Free: 396544K (77%)
----------------- Invoking toplevel() on ptolemy.moml.MoMLSimpleApplication@2f65232a
----------------- Done invoking toplevel() on ptolemy.moml.MoMLSimpleApplication@2f65232a
reloadAllAccessors: .DiscreteClock23

===========================================================================================
----------------- testing Mon Feb 03 19:27:07 UTC 2020 /home/travis/build/icyphy/ptII/ptolemy/actor/lib/test/auto/DiscreteClock24.xml
----------------- Instantiating /home/travis/build/icyphy/ptII/ptolemy/actor/lib/test/auto/DiscreteClock24.xml
4 ms. Memory: 518144K Free: 390914K (75%)
----------------- Invoking toplevel() on ptolemy.moml.MoMLSimpleApplication@692844cf
----------------- Done invoking toplevel() on ptolemy.moml.MoMLSimpleApplication@692844cf
reloadAllAccessors: .DiscreteClock24

===========================================================================================
----------------- testing Mon Feb 03 19:27:07 UTC 2020 /home/travis/build/icyphy/ptII/ptolemy/actor/lib/test/auto/DiscreteClock4.xml
----------------- Instantiating /home/travis/build/icyphy/ptII/ptolemy/actor/lib/test/auto/DiscreteClock4.xml
3 ms. Memory: 518144K Free: 385265K (74%)
----------------- Invoking toplevel() on ptolemy.moml.MoMLSimpleApplication@7025f52f
----------------- Done invoking toplevel() on ptolemy.moml.MoMLSimpleApplication@7025f52f
reloadAllAccessors: .DiscreteClock4

===========================================================================================
----------------- testing Mon Feb 03 19:27:07 UTC 2020 /home/travis/build/icyphy/ptII/ptolemy/actor/lib/test/auto/DiscreteClock5.xml
----------------- Instantiating /home/travis/build/icyphy/ptII/ptolemy/actor/lib/test/auto/DiscreteClock5.xml
1 ms. Memory: 518144K Free: 379650K (73%)
----------------- Invoking toplevel() on ptolemy.moml.MoMLSimpleApplication@2f009a03
----------------- Done invoking toplevel() on ptolemy.moml.MoMLSimpleApplication@2f009a03
reloadAllAccessors: .DiscreteClock5

===========================================================================================
----------------- testing Mon Feb 03 19:27:07 UTC 2020 /home/travis/build/icyphy/ptII/ptolemy/actor/lib/test/auto/DiscreteClock6.xml
----------------- Instantiating /home/travis/build/icyphy/ptII/ptolemy/actor/lib/test/auto/DiscreteClock6.xml
1 ms. Memory: 518144K Free: 375554K (72%)
----------------- Invoking toplevel() on ptolemy.moml.MoMLSimpleApplication@662905d8
----------------- Done invoking toplevel() on ptolemy.moml.MoMLSimpleApplication@662905d8
reloadAllAccessors: .DiscreteClock6

===========================================================================================
----------------- testing Mon Feb 03 19:27:07 UTC 2020 /home/travis/build/icyphy/ptII/ptolemy/actor/lib/test/auto/DiscreteClock7.xml
----------------- Instantiating /home/travis/build/icyphy/ptII/ptolemy/actor/lib/test/auto/DiscreteClock7.xml
2 ms. Memory: 518144K Free: 370944K (72%)
----------------- Invoking toplevel() on ptolemy.moml.MoMLSimpleApplication@323dda29
----------------- Done invoking toplevel() on ptolemy.moml.MoMLSimpleApplication@323dda29
reloadAllAccessors: .DiscreteClock7

===========================================================================================
----------------- testing Mon Feb 03 19:27:07 UTC 2020 /home/travis/build/icyphy/ptII/ptolemy/actor/lib/test/auto/DiscreteClock8.xml
----------------- Instantiating /home/travis/build/icyphy/ptII/ptolemy/actor/lib/test/auto/DiscreteClock8.xml
5 ms. Memory: 518144K Free: 365312K (71%)
----------------- Invoking toplevel() on ptolemy.moml.MoMLSimpleApplication@46209955
----------------- Done invoking toplevel() on ptolemy.moml.MoMLSimpleApplication@46209955
reloadAllAccessors: .DiscreteClock8

===========================================================================================
----------------- testing Mon Feb 03 19:27:07 UTC 2020 /home/travis/build/icyphy/ptII/ptolemy/actor/lib/test/auto/DiscreteClock9.xml
----------------- Instantiating /home/travis/build/icyphy/ptII/ptolemy/actor/lib/test/auto/DiscreteClock9.xml
4 ms. Memory: 518144K Free: 359680K (69%)
----------------- Invoking toplevel() on ptolemy.moml.MoMLSimpleApplication@72348786
----------------- Done invoking toplevel() on ptolemy.moml.MoMLSimpleApplication@72348786
reloadAllAccessors: .DiscreteClock9

===========================================================================================
----------------- testing Mon Feb 03 19:27:07 UTC 2020 /home/travis/build/icyphy/ptII/ptolemy/actor/lib/test/auto/DisplayArray.xml
----------------- Instantiating /home/travis/build/icyphy/ptII/ptolemy/actor/lib/test/auto/DisplayArray.xml
1 ms. Memory: 518144K Free: 356098K (69%)
----------------- Invoking toplevel() on ptolemy.moml.MoMLSimpleApplication@12e18b0d
----------------- Done invoking toplevel() on ptolemy.moml.MoMLSimpleApplication@12e18b0d
reloadAllAccessors: .DisplayArray

===========================================================================================
----------------- testing Mon Feb 03 19:27:07 UTC 2020 /home/travis/build/icyphy/ptII/ptolemy/actor/lib/test/auto/Distributor.xml
----------------- Instantiating /home/travis/build/icyphy/ptII/ptolemy/actor/lib/test/auto/Distributor.xml
2 ms. Memory: 518144K Free: 351488K (68%)
----------------- Invoking toplevel() on ptolemy.moml.MoMLSimpleApplication@65e4f332
----------------- Done invoking toplevel() on ptolemy.moml.MoMLSimpleApplication@65e4f332
reloadAllAccessors: .Distributor

===========================================================================================
----------------- testing Mon Feb 03 19:27:07 UTC 2020 /home/travis/build/icyphy/ptII/ptolemy/actor/lib/test/auto/Distributor2.xml
----------------- Instantiating /home/travis/build/icyphy/ptII/ptolemy/actor/lib/test/auto/Distributor2.xml
1 ms. Memory: 518144K Free: 346368K (67%)
----------------- Invoking toplevel() on ptolemy.moml.MoMLSimpleApplication@70bbaf4e
----------------- Done invoking toplevel() on ptolemy.moml.MoMLSimpleApplication@70bbaf4e
reloadAllAccessors: .Distributor2

===========================================================================================
----------------- testing Mon Feb 03 19:27:07 UTC 2020 /home/travis/build/icyphy/ptII/ptolemy/actor/lib/test/auto/DownSample.xml
----------------- Instantiating /home/travis/build/icyphy/ptII/ptolemy/actor/lib/test/auto/DownSample.xml
1 ms. Memory: 518144K Free: 341762K (66%)
----------------- Invoking toplevel() on ptolemy.moml.MoMLSimpleApplication@348aae5d
----------------- Done invoking toplevel() on ptolemy.moml.MoMLSimpleApplication@348aae5d
reloadAllAccessors: .DownSample

===========================================================================================
----------------- testing Mon Feb 03 19:27:07 UTC 2020 /home/travis/build/icyphy/ptII/ptolemy/actor/lib/test/auto/ElectronicUnitBase1.xml
----------------- Instantiating /home/travis/build/icyphy/ptII/ptolemy/actor/lib/test/auto/ElectronicUnitBase1.xml
15 ms. Memory: 518144K Free: 325888K (63%)
----------------- Invoking toplevel() on ptolemy.moml.MoMLSimpleApplication@2b3471d5
----------------- Done invoking toplevel() on ptolemy.moml.MoMLSimpleApplication@2b3471d5
reloadAllAccessors: .ElectronicUnitBase1

===========================================================================================
----------------- testing Mon Feb 03 19:27:07 UTC 2020 /home/travis/build/icyphy/ptII/ptolemy/actor/lib/test/auto/ElementsToArray.xml
----------------- Instantiating /home/travis/build/icyphy/ptII/ptolemy/actor/lib/test/auto/ElementsToArray.xml
2 ms. Memory: 518144K Free: 320768K (62%)
----------------- Invoking toplevel() on ptolemy.moml.MoMLSimpleApplication@65eeffe4
----------------- Done invoking toplevel() on ptolemy.moml.MoMLSimpleApplication@65eeffe4
reloadAllAccessors: .ElementsToArray

===========================================================================================
----------------- testing Mon Feb 03 19:27:07 UTC 2020 /home/travis/build/icyphy/ptII/ptolemy/actor/lib/test/auto/Equals.xml
----------------- Instantiating /home/travis/build/icyphy/ptII/ptolemy/actor/lib/test/auto/Equals.xml
3 ms. Memory: 518144K Free: 316672K (61%)
----------------- Invoking toplevel() on ptolemy.moml.MoMLSimpleApplication@485997
----------------- Done invoking toplevel() on ptolemy.moml.MoMLSimpleApplication@485997
reloadAllAccessors: .Equals

===========================================================================================
----------------- testing Mon Feb 03 19:27:07 UTC 2020 /home/travis/build/icyphy/ptII/ptolemy/actor/lib/test/auto/Exec.xml
----------------- Instantiating /home/travis/build/icyphy/ptII/ptolemy/actor/lib/test/auto/Exec.xml
18 ms. Memory: 518144K Free: 311552K (60%)
----------------- Invoking toplevel() on ptolemy.moml.MoMLSimpleApplication@134ce09e
----------------- Done invoking toplevel() on ptolemy.moml.MoMLSimpleApplication@134ce09e
reloadAllAccessors: .Exec

===========================================================================================
----------------- testing Mon Feb 03 19:27:07 UTC 2020 /home/travis/build/icyphy/ptII/ptolemy/actor/lib/test/auto/ExecEnvironment.xml
----------------- Instantiating /home/travis/build/icyphy/ptII/ptolemy/actor/lib/test/auto/ExecEnvironment.xml
42 ms. Memory: 518144K Free: 305408K (59%)
----------------- Invoking toplevel() on ptolemy.moml.MoMLSimpleApplication@7f24c97
----------------- Done invoking toplevel() on ptolemy.moml.MoMLSimpleApplication@7f24c97
reloadAllAccessors: .ExecEnvironment

===========================================================================================
----------------- testing Mon Feb 03 19:27:07 UTC 2020 /home/travis/build/icyphy/ptII/ptolemy/actor/lib/test/auto/ExecNonZeroReturnOutput.xml
----------------- Instantiating /home/travis/build/icyphy/ptII/ptolemy/actor/lib/test/auto/ExecNonZeroReturnOutput.xml
169 ms. Memory: 518144K Free: 293634K (57%)
----------------- Invoking toplevel() on ptolemy.moml.MoMLSimpleApplication@19f718f
----------------- Done invoking toplevel() on ptolemy.moml.MoMLSimpleApplication@19f718f
reloadAllAccessors: .ExecNonZeroReturnOutput

===========================================================================================
----------------- testing Mon Feb 03 19:27:07 UTC 2020 /home/travis/build/icyphy/ptII/ptolemy/actor/lib/test/auto/ExecRunDemos.xml
----------------- Instantiating /home/travis/build/icyphy/ptII/ptolemy/actor/lib/test/auto/ExecRunDemos.xml
Finished: 74 ms. Memory: 129024K Free: 112187K (87%)

Finished: 94 ms. Memory: 129024K Free: 109408K (85%)

Finished: 106 ms. Memory: 129024K Free: 109624K (85%)

Finished: 68 ms. Memory: 129024K Free: 111081K (86%)

Finished: 61 ms. Memory: 129024K Free: 111790K (87%)

10157 ms. Memory: 518144K Free: 273664K (53%)
----------------- Invoking toplevel() on ptolemy.moml.MoMLSimpleApplication@27b1347a
----------------- Done invoking toplevel() on ptolemy.moml.MoMLSimpleApplication@27b1347a
reloadAllAccessors: .ExecRunDemos

===========================================================================================
----------------- testing Mon Feb 03 19:27:17 UTC 2020 /home/travis/build/icyphy/ptII/ptolemy/actor/lib/test/auto/ExecStop.xml
----------------- Instantiating /home/travis/build/icyphy/ptII/ptolemy/actor/lib/test/auto/ExecStop.xml
5018 ms. Memory: 518144K Free: 447598K (86%)
----------------- Invoking toplevel() on ptolemy.moml.MoMLSimpleApplication@2c2df9b0
----------------- Done invoking toplevel() on ptolemy.moml.MoMLSimpleApplication@2c2df9b0
reloadAllAccessors: .ExecStop

===========================================================================================
----------------- testing Mon Feb 03 19:27:22 UTC 2020 /home/travis/build/icyphy/ptII/ptolemy/actor/lib/test/auto/ExecutionTimeSDF.xml
----------------- Instantiating /home/travis/build/icyphy/ptII/ptolemy/actor/lib/test/auto/ExecutionTimeSDF.xml
Fired ExecutionTime: -384167296
Fired ExecutionTime: 1318000000
Fired ExecutionTime: -229767296
6004 ms. Memory: 518144K Free: 434800K (84%)
----------------- Invoking toplevel() on ptolemy.moml.MoMLSimpleApplication@12e198ba
----------------- Done invoking toplevel() on ptolemy.moml.MoMLSimpleApplication@12e198ba
reloadAllAccessors: .ExecutionTimeSDF

===========================================================================================
----------------- testing Mon Feb 03 19:27:28 UTC 2020 /home/travis/build/icyphy/ptII/ptolemy/actor/lib/test/auto/Expression1.xml
----------------- Instantiating /home/travis/build/icyphy/ptII/ptolemy/actor/lib/test/auto/Expression1.xml
1 ms. Memory: 518144K Free: 431728K (83%)
----------------- Invoking toplevel() on ptolemy.moml.MoMLSimpleApplication@51aa77ed
----------------- Done invoking toplevel() on ptolemy.moml.MoMLSimpleApplication@51aa77ed
reloadAllAccessors: .Expression1

===========================================================================================
----------------- testing Mon Feb 03 19:27:28 UTC 2020 /home/travis/build/icyphy/ptII/ptolemy/actor/lib/test/auto/Expression10.xml
----------------- Instantiating /home/travis/build/icyphy/ptII/ptolemy/actor/lib/test/auto/Expression10.xml
5 ms. Memory: 518144K Free: 426094K (82%)
----------------- Invoking toplevel() on ptolemy.moml.MoMLSimpleApplication@6e8243fb
----------------- Done invoking toplevel() on ptolemy.moml.MoMLSimpleApplication@6e8243fb
reloadAllAccessors: .Expression10

===========================================================================================
----------------- testing Mon Feb 03 19:27:28 UTC 2020 /home/travis/build/icyphy/ptII/ptolemy/actor/lib/test/auto/Expression11.xml
----------------- Instantiating /home/travis/build/icyphy/ptII/ptolemy/actor/lib/test/auto/Expression11.xml
3 ms. Memory: 518144K Free: 421998K (81%)
----------------- Invoking toplevel() on ptolemy.moml.MoMLSimpleApplication@7bfbf38
----------------- Done invoking toplevel() on ptolemy.moml.MoMLSimpleApplication@7bfbf38
reloadAllAccessors: .Expression11

===========================================================================================
----------------- testing Mon Feb 03 19:27:28 UTC 2020 /home/travis/build/icyphy/ptII/ptolemy/actor/lib/test/auto/Expression12.xml
----------------- Instantiating /home/travis/build/icyphy/ptII/ptolemy/actor/lib/test/auto/Expression12.xml
3 ms. Memory: 518144K Free: 416368K (80%)
----------------- Invoking toplevel() on ptolemy.moml.MoMLSimpleApplication@48e1cc43
----------------- Done invoking toplevel() on ptolemy.moml.MoMLSimpleApplication@48e1cc43
reloadAllAccessors: .Expression12

===========================================================================================
----------------- testing Mon Feb 03 19:27:29 UTC 2020 /home/travis/build/icyphy/ptII/ptolemy/actor/lib/test/auto/Expression13.xml
----------------- Instantiating /home/travis/build/icyphy/ptII/ptolemy/actor/lib/test/auto/Expression13.xml
3 ms. Memory: 518144K Free: 411758K (79%)
----------------- Invoking toplevel() on ptolemy.moml.MoMLSimpleApplication@7969ecc2
----------------- Done invoking toplevel() on ptolemy.moml.MoMLSimpleApplication@7969ecc2
reloadAllAccessors: .Expression13

===========================================================================================
----------------- testing Mon Feb 03 19:27:29 UTC 2020 /home/travis/build/icyphy/ptII/ptolemy/actor/lib/test/auto/Expression14.xml
----------------- Instantiating /home/travis/build/icyphy/ptII/ptolemy/actor/lib/test/auto/Expression14.xml
7 ms. Memory: 518144K Free: 405614K (78%)
----------------- Invoking toplevel() on ptolemy.moml.MoMLSimpleApplication@ea7876a
----------------- Done invoking toplevel() on ptolemy.moml.MoMLSimpleApplication@ea7876a
reloadAllAccessors: .Expression14

===========================================================================================
----------------- testing Mon Feb 03 19:27:29 UTC 2020 /home/travis/build/icyphy/ptII/ptolemy/actor/lib/test/auto/Expression15.xml
----------------- Instantiating /home/travis/build/icyphy/ptII/ptolemy/actor/lib/test/auto/Expression15.xml
1 ms. Memory: 518144K Free: 402032K (78%)
----------------- Invoking toplevel() on ptolemy.moml.MoMLSimpleApplication@66bc9b4a
----------------- Done invoking toplevel() on ptolemy.moml.MoMLSimpleApplication@66bc9b4a
reloadAllAccessors: .Expression15

===========================================================================================
----------------- testing Mon Feb 03 19:27:29 UTC 2020 /home/travis/build/icyphy/ptII/ptolemy/actor/lib/test/auto/Expression16.xml
----------------- Instantiating /home/travis/build/icyphy/ptII/ptolemy/actor/lib/test/auto/Expression16.xml
2 ms. Memory: 518144K Free: 396912K (77%)
----------------- Invoking toplevel() on ptolemy.moml.MoMLSimpleApplication@78496bdb
----------------- Done invoking toplevel() on ptolemy.moml.MoMLSimpleApplication@78496bdb
reloadAllAccessors: .Expression16

===========================================================================================
----------------- testing Mon Feb 03 19:27:29 UTC 2020 /home/travis/build/icyphy/ptII/ptolemy/actor/lib/test/auto/Expression17.xml
----------------- Instantiating /home/travis/build/icyphy/ptII/ptolemy/actor/lib/test/auto/Expression17.xml
3 ms. Memory: 518144K Free: 391792K (76%)
----------------- Invoking toplevel() on ptolemy.moml.MoMLSimpleApplication@72aa4dee
----------------- Done invoking toplevel() on ptolemy.moml.MoMLSimpleApplication@72aa4dee
reloadAllAccessors: .Expression17

===========================================================================================
----------------- testing Mon Feb 03 19:27:29 UTC 2020 /home/travis/build/icyphy/ptII/ptolemy/actor/lib/test/auto/Expression18.xml
----------------- Instantiating /home/travis/build/icyphy/ptII/ptolemy/actor/lib/test/auto/Expression18.xml
4 ms. Memory: 518144K Free: 387182K (75%)
----------------- Invoking toplevel() on ptolemy.moml.MoMLSimpleApplication@ea9bb6c
----------------- Done invoking toplevel() on ptolemy.moml.MoMLSimpleApplication@ea9bb6c
reloadAllAccessors: .Expression18

===========================================================================================
----------------- testing Mon Feb 03 19:27:29 UTC 2020 /home/travis/build/icyphy/ptII/ptolemy/actor/lib/test/auto/Expression2.xml
----------------- Instantiating /home/travis/build/icyphy/ptII/ptolemy/actor/lib/test/auto/Expression2.xml
3 ms. Memory: 518144K Free: 382062K (74%)
----------------- Invoking toplevel() on ptolemy.moml.MoMLSimpleApplication@57c4d8d0
----------------- Done invoking toplevel() on ptolemy.moml.MoMLSimpleApplication@57c4d8d0
reloadAllAccessors: .Expression2

===========================================================================================
----------------- testing Mon Feb 03 19:27:29 UTC 2020 /home/travis/build/icyphy/ptII/ptolemy/actor/lib/test/auto/Expression3.xml
----------------- Instantiating /home/travis/build/icyphy/ptII/ptolemy/actor/lib/test/auto/Expression3.xml
5 ms. Memory: 518144K Free: 377456K (73%)
----------------- Invoking toplevel() on ptolemy.moml.MoMLSimpleApplication@3b7f03d4
----------------- Done invoking toplevel() on ptolemy.moml.MoMLSimpleApplication@3b7f03d4
reloadAllAccessors: .Expression3

===========================================================================================
----------------- testing Mon Feb 03 19:27:29 UTC 2020 /home/travis/build/icyphy/ptII/ptolemy/actor/lib/test/auto/Expression4.xml
----------------- Instantiating /home/travis/build/icyphy/ptII/ptolemy/actor/lib/test/auto/Expression4.xml
3 ms. Memory: 518144K Free: 369774K (71%)
----------------- Invoking toplevel() on ptolemy.moml.MoMLSimpleApplication@606c3979
----------------- Done invoking toplevel() on ptolemy.moml.MoMLSimpleApplication@606c3979
reloadAllAccessors: .Expression4

===========================================================================================
----------------- testing Mon Feb 03 19:27:29 UTC 2020 /home/travis/build/icyphy/ptII/ptolemy/actor/lib/test/auto/Expression5.xml
----------------- Instantiating /home/travis/build/icyphy/ptII/ptolemy/actor/lib/test/auto/Expression5.xml
4 ms. Memory: 518144K Free: 365168K (70%)
----------------- Invoking toplevel() on ptolemy.moml.MoMLSimpleApplication@4399e45f
----------------- Done invoking toplevel() on ptolemy.moml.MoMLSimpleApplication@4399e45f
reloadAllAccessors: .Expression5

===========================================================================================
----------------- testing Mon Feb 03 19:27:29 UTC 2020 /home/travis/build/icyphy/ptII/ptolemy/actor/lib/test/auto/Expression6.xml
----------------- Instantiating /home/travis/build/icyphy/ptII/ptolemy/actor/lib/test/auto/Expression6.xml
2 ms. Memory: 518144K Free: 360558K (70%)
----------------- Invoking toplevel() on ptolemy.moml.MoMLSimpleApplication@245abe1a
----------------- Done invoking toplevel() on ptolemy.moml.MoMLSimpleApplication@245abe1a
reloadAllAccessors: .Expression6

===========================================================================================
----------------- testing Mon Feb 03 19:27:29 UTC 2020 /home/travis/build/icyphy/ptII/ptolemy/actor/lib/test/auto/Expression7.xml
----------------- Instantiating /home/travis/build/icyphy/ptII/ptolemy/actor/lib/test/auto/Expression7.xml
2 ms. Memory: 518144K Free: 355438K (69%)
----------------- Invoking toplevel() on ptolemy.moml.MoMLSimpleApplication@81480ca
----------------- Done invoking toplevel() on ptolemy.moml.MoMLSimpleApplication@81480ca
reloadAllAccessors: .Expression7

===========================================================================================
----------------- testing Mon Feb 03 19:27:29 UTC 2020 /home/travis/build/icyphy/ptII/ptolemy/actor/lib/test/auto/Expression8.xml
----------------- Instantiating /home/travis/build/icyphy/ptII/ptolemy/actor/lib/test/auto/Expression8.xml
8 ms. Memory: 518144K Free: 350832K (68%)
----------------- Invoking toplevel() on ptolemy.moml.MoMLSimpleApplication@3a26f788
----------------- Done invoking toplevel() on ptolemy.moml.MoMLSimpleApplication@3a26f788
reloadAllAccessors: .Expression8

===========================================================================================
----------------- testing Mon Feb 03 19:27:29 UTC 2020 /home/travis/build/icyphy/ptII/ptolemy/actor/lib/test/auto/Expression9.xml
----------------- Instantiating /home/travis/build/icyphy/ptII/ptolemy/actor/lib/test/auto/Expression9.xml
3 ms. Memory: 518144K Free: 346736K (67%)
----------------- Invoking toplevel() on ptolemy.moml.MoMLSimpleApplication@425fde16
----------------- Done invoking toplevel() on ptolemy.moml.MoMLSimpleApplication@425fde16
reloadAllAccessors: .Expression9

===========================================================================================
----------------- testing Mon Feb 03 19:27:29 UTC 2020 /home/travis/build/icyphy/ptII/ptolemy/actor/lib/test/auto/ExpressionConcatenateArrayType.xml
----------------- Instantiating /home/travis/build/icyphy/ptII/ptolemy/actor/lib/test/auto/ExpressionConcatenateArrayType.xml
4 ms. Memory: 518144K Free: 340592K (66%)
----------------- Invoking toplevel() on ptolemy.moml.MoMLSimpleApplication@b448c19
----------------- Done invoking toplevel() on ptolemy.moml.MoMLSimpleApplication@b448c19
reloadAllAccessors: .ExpressionConcatenateArrayType

===========================================================================================
----------------- testing Mon Feb 03 19:27:29 UTC 2020 /home/travis/build/icyphy/ptII/ptolemy/actor/lib/test/auto/ExpressionConcatenateArrayType2.xml
----------------- Instantiating /home/travis/build/icyphy/ptII/ptolemy/actor/lib/test/auto/ExpressionConcatenateArrayType2.xml
1 ms. Memory: 518144K Free: 334958K (65%)
----------------- Invoking toplevel() on ptolemy.moml.MoMLSimpleApplication@3f83076e
----------------- Done invoking toplevel() on ptolemy.moml.MoMLSimpleApplication@3f83076e
reloadAllAccessors: .ExpressionConcatenateArrayType2

===========================================================================================
----------------- testing Mon Feb 03 19:27:29 UTC 2020 /home/travis/build/icyphy/ptII/ptolemy/actor/lib/test/auto/ExpressionFix.xml
----------------- Instantiating /home/travis/build/icyphy/ptII/ptolemy/actor/lib/test/auto/ExpressionFix.xml
18 ms. Memory: 518144K Free: 328814K (63%)
----------------- Invoking toplevel() on ptolemy.moml.MoMLSimpleApplication@1695cbe0
----------------- Done invoking toplevel() on ptolemy.moml.MoMLSimpleApplication@1695cbe0
reloadAllAccessors: .ExpressionFix

===========================================================================================
----------------- testing Mon Feb 03 19:27:29 UTC 2020 /home/travis/build/icyphy/ptII/ptolemy/actor/lib/test/auto/ExpressionFix2.xml
----------------- Instantiating /home/travis/build/icyphy/ptII/ptolemy/actor/lib/test/auto/ExpressionFix2.xml
3 ms. Memory: 518144K Free: 324718K (63%)
----------------- Invoking toplevel() on ptolemy.moml.MoMLSimpleApplication@3e39d2cc
----------------- Done invoking toplevel() on ptolemy.moml.MoMLSimpleApplication@3e39d2cc
reloadAllAccessors: .ExpressionFix2

===========================================================================================
----------------- testing Mon Feb 03 19:27:29 UTC 2020 /home/travis/build/icyphy/ptII/ptolemy/actor/lib/test/auto/ExpressionFix3.xml
----------------- Instantiating /home/travis/build/icyphy/ptII/ptolemy/actor/lib/test/auto/ExpressionFix3.xml
4 ms. Memory: 518144K Free: 320112K (62%)
----------------- Invoking toplevel() on ptolemy.moml.MoMLSimpleApplication@1a72c195
----------------- Done invoking toplevel() on ptolemy.moml.MoMLSimpleApplication@1a72c195
reloadAllAccessors: .ExpressionFix3

===========================================================================================
----------------- testing Mon Feb 03 19:27:29 UTC 2020 /home/travis/build/icyphy/ptII/ptolemy/actor/lib/test/auto/FileWriter1.xml
----------------- Instantiating /home/travis/build/icyphy/ptII/ptolemy/actor/lib/test/auto/FileWriter1.xml
4 ms. Memory: 518144K Free: 316526K (61%)
----------------- Invoking toplevel() on ptolemy.moml.MoMLSimpleApplication@3cc7260
----------------- Done invoking toplevel() on ptolemy.moml.MoMLSimpleApplication@3cc7260
reloadAllAccessors: .FileWriter1

===========================================================================================
----------------- testing Mon Feb 03 19:27:29 UTC 2020 /home/travis/build/icyphy/ptII/ptolemy/actor/lib/test/auto/FileWriter2.xml
----------------- Instantiating /home/travis/build/icyphy/ptII/ptolemy/actor/lib/test/auto/FileWriter2.xml
2 ms. Memory: 518144K Free: 311920K (60%)
----------------- Invoking toplevel() on ptolemy.moml.MoMLSimpleApplication@7fd4299e
----------------- Done invoking toplevel() on ptolemy.moml.MoMLSimpleApplication@7fd4299e
reloadAllAccessors: .FileWriter2

===========================================================================================
----------------- testing Mon Feb 03 19:27:29 UTC 2020 /home/travis/build/icyphy/ptII/ptolemy/actor/lib/test/auto/FileWriter3.xml
----------------- Instantiating /home/travis/build/icyphy/ptII/ptolemy/actor/lib/test/auto/FileWriter3.xml
3 ms. Memory: 518144K Free: 307824K (59%)
----------------- Invoking toplevel() on ptolemy.moml.MoMLSimpleApplication@34f1dbc6
----------------- Done invoking toplevel() on ptolemy.moml.MoMLSimpleApplication@34f1dbc6
reloadAllAccessors: .FileWriter3

===========================================================================================
----------------- testing Mon Feb 03 19:27:29 UTC 2020 /home/travis/build/icyphy/ptII/ptolemy/actor/lib/test/auto/Gaussian.xml
----------------- Instantiating /home/travis/build/icyphy/ptII/ptolemy/actor/lib/test/auto/Gaussian.xml
2 ms. Memory: 518144K Free: 303728K (59%)
----------------- Invoking toplevel() on ptolemy.moml.MoMLSimpleApplication@67ca74c6
----------------- Done invoking toplevel() on ptolemy.moml.MoMLSimpleApplication@67ca74c6
reloadAllAccessors: .Gaussian

===========================================================================================
----------------- testing Mon Feb 03 19:27:29 UTC 2020 /home/travis/build/icyphy/ptII/ptolemy/actor/lib/test/auto/Gaussian1.xml
----------------- Instantiating /home/travis/build/icyphy/ptII/ptolemy/actor/lib/test/auto/Gaussian1.xml
1 ms. Memory: 518144K Free: 298064K (58%)
----------------- Invoking toplevel() on ptolemy.moml.MoMLSimpleApplication@3bdeb51
----------------- Done invoking toplevel() on ptolemy.moml.MoMLSimpleApplication@3bdeb51
reloadAllAccessors: .Gaussian1

===========================================================================================
----------------- testing Mon Feb 03 19:27:29 UTC 2020 /home/travis/build/icyphy/ptII/ptolemy/actor/lib/test/auto/Gaussian2.xml
----------------- Instantiating /home/travis/build/icyphy/ptII/ptolemy/actor/lib/test/auto/Gaussian2.xml
8 ms. Memory: 518144K Free: 292960K (57%)
----------------- Invoking toplevel() on ptolemy.moml.MoMLSimpleApplication@68acb884
----------------- Done invoking toplevel() on ptolemy.moml.MoMLSimpleApplication@68acb884
reloadAllAccessors: .Gaussian2

===========================================================================================
----------------- testing Mon Feb 03 19:27:29 UTC 2020 /home/travis/build/icyphy/ptII/ptolemy/actor/lib/test/auto/GradientAdaptiveLattice.xml
----------------- Instantiating /home/travis/build/icyphy/ptII/ptolemy/actor/lib/test/auto/GradientAdaptiveLattice.xml
2 ms. Memory: 518144K Free: 287854K (56%)
----------------- Invoking toplevel() on ptolemy.moml.MoMLSimpleApplication@2aa8322d
----------------- Done invoking toplevel() on ptolemy.moml.MoMLSimpleApplication@2aa8322d
reloadAllAccessors: .GradientAdaptiveLattice

===========================================================================================
----------------- testing Mon Feb 03 19:27:29 UTC 2020 /home/travis/build/icyphy/ptII/ptolemy/actor/lib/test/auto/IIR.xml
----------------- Instantiating /home/travis/build/icyphy/ptII/ptolemy/actor/lib/test/auto/IIR.xml
1 ms. Memory: 518144K Free: 283248K (55%)
----------------- Invoking toplevel() on ptolemy.moml.MoMLSimpleApplication@5e7c4e9d
----------------- Done invoking toplevel() on ptolemy.moml.MoMLSimpleApplication@5e7c4e9d
reloadAllAccessors: .IIR

===========================================================================================
----------------- testing Mon Feb 03 19:27:29 UTC 2020 /home/travis/build/icyphy/ptII/ptolemy/actor/lib/test/auto/InputOutputTransparentPorts.xml
----------------- Instantiating /home/travis/build/icyphy/ptII/ptolemy/actor/lib/test/auto/InputOutputTransparentPorts.xml
3 ms. Memory: 518144K Free: 276590K (53%)
----------------- Invoking toplevel() on ptolemy.moml.MoMLSimpleApplication@27cdbac6
----------------- Done invoking toplevel() on ptolemy.moml.MoMLSimpleApplication@27cdbac6
reloadAllAccessors: .InputOutputTransparentPorts

===========================================================================================
----------------- testing Mon Feb 03 19:27:29 UTC 2020 /home/travis/build/icyphy/ptII/ptolemy/actor/lib/test/auto/Interpolator.xml
----------------- Instantiating /home/travis/build/icyphy/ptII/ptolemy/actor/lib/test/auto/Interpolator.xml
3 ms. Memory: 518144K Free: 272494K (53%)
----------------- Invoking toplevel() on ptolemy.moml.MoMLSimpleApplication@2472952c
----------------- Done invoking toplevel() on ptolemy.moml.MoMLSimpleApplication@2472952c
reloadAllAccessors: .Interpolator

===========================================================================================
----------------- testing Mon Feb 03 19:27:29 UTC 2020 /home/travis/build/icyphy/ptII/ptolemy/actor/lib/test/auto/InterpolatorFiringLimitDE.xml
----------------- Instantiating /home/travis/build/icyphy/ptII/ptolemy/actor/lib/test/auto/InterpolatorFiringLimitDE.xml
1 ms. Memory: 518144K Free: 265840K (51%)
----------------- Invoking toplevel() on ptolemy.moml.MoMLSimpleApplication@6c720f06
----------------- Done invoking toplevel() on ptolemy.moml.MoMLSimpleApplication@6c720f06
reloadAllAccessors: .InterpolatorFiringLimitDE

===========================================================================================
----------------- testing Mon Feb 03 19:27:29 UTC 2020 /home/travis/build/icyphy/ptII/ptolemy/actor/lib/test/auto/Lattice.xml
----------------- Instantiating /home/travis/build/icyphy/ptII/ptolemy/actor/lib/test/auto/Lattice.xml
1 ms. Memory: 518144K Free: 262254K (51%)
----------------- Invoking toplevel() on ptolemy.moml.MoMLSimpleApplication@3104dcb9
----------------- Done invoking toplevel() on ptolemy.moml.MoMLSimpleApplication@3104dcb9
reloadAllAccessors: .Lattice

===========================================================================================
----------------- testing Mon Feb 03 19:27:29 UTC 2020 /home/travis/build/icyphy/ptII/ptolemy/actor/lib/test/auto/LazyAOCTestLazy.xml
----------------- Instantiating /home/travis/build/icyphy/ptII/ptolemy/actor/lib/test/auto/LazyAOCTestLazy.xml
10 ms. Memory: 518144K Free: 256096K (49%)
----------------- Invoking toplevel() on ptolemy.moml.MoMLSimpleApplication@5bf9a13b
----------------- Done invoking toplevel() on ptolemy.moml.MoMLSimpleApplication@5bf9a13b
reloadAllAccessors: .LazyAOCTestLazy

===========================================================================================
----------------- testing Mon Feb 03 19:27:29 UTC 2020 /home/travis/build/icyphy/ptII/ptolemy/actor/lib/test/auto/LazyAOCTestNonLazy.xml
----------------- Instantiating /home/travis/build/icyphy/ptII/ptolemy/actor/lib/test/auto/LazyAOCTestNonLazy.xml
2 ms. Memory: 518144K Free: 249966K (48%)
----------------- Invoking toplevel() on ptolemy.moml.MoMLSimpleApplication@56bc9682
----------------- Done invoking toplevel() on ptolemy.moml.MoMLSimpleApplication@56bc9682
reloadAllAccessors: .LazyAOCTestNonLazy

===========================================================================================
----------------- testing Mon Feb 03 19:27:29 UTC 2020 /home/travis/build/icyphy/ptII/ptolemy/actor/lib/test/auto/LazyInnerClass.xml
----------------- Instantiating /home/travis/build/icyphy/ptII/ptolemy/actor/lib/test/auto/LazyInnerClass.xml
9 ms. Memory: 518144K Free: 240720K (46%)
----------------- Invoking toplevel() on ptolemy.moml.MoMLSimpleApplication@2a61c85a
----------------- Done invoking toplevel() on ptolemy.moml.MoMLSimpleApplication@2a61c85a
reloadAllAccessors: .LazyInnerClass

===========================================================================================
----------------- testing Mon Feb 03 19:27:29 UTC 2020 /home/travis/build/icyphy/ptII/ptolemy/actor/lib/test/auto/LazyPubSub.xml
----------------- Instantiating /home/travis/build/icyphy/ptII/ptolemy/actor/lib/test/auto/LazyPubSub.xml
21 ms. Memory: 518144K Free: 230510K (44%)
----------------- Invoking toplevel() on ptolemy.moml.MoMLSimpleApplication@28c7b85c
----------------- Done invoking toplevel() on ptolemy.moml.MoMLSimpleApplication@28c7b85c
reloadAllAccessors: .LazyPubSub

===========================================================================================
----------------- testing Mon Feb 03 19:27:29 UTC 2020 /home/travis/build/icyphy/ptII/ptolemy/actor/lib/test/auto/LazyPubSub2.xml
----------------- Instantiating /home/travis/build/icyphy/ptII/ptolemy/actor/lib/test/auto/LazyPubSub2.xml
17 ms. Memory: 518144K Free: 220270K (43%)
----------------- Invoking toplevel() on ptolemy.moml.MoMLSimpleApplication@6c4fa6fc
----------------- Done invoking toplevel() on ptolemy.moml.MoMLSimpleApplication@6c4fa6fc
reloadAllAccessors: .LazyPubSub2

===========================================================================================
----------------- testing Mon Feb 03 19:27:29 UTC 2020 /home/travis/build/icyphy/ptII/ptolemy/actor/lib/test/auto/LazyPubSub3.xml
----------------- Instantiating /home/travis/build/icyphy/ptII/ptolemy/actor/lib/test/auto/LazyPubSub3.xml
13 ms. Memory: 518144K Free: 210030K (41%)
----------------- Invoking toplevel() on ptolemy.moml.MoMLSimpleApplication@7d09d10f
----------------- Done invoking toplevel() on ptolemy.moml.MoMLSimpleApplication@7d09d10f
reloadAllAccessors: .LazyPubSub3

===========================================================================================
----------------- testing Mon Feb 03 19:27:29 UTC 2020 /home/travis/build/icyphy/ptII/ptolemy/actor/lib/test/auto/LazySubClassModel.xml
----------------- Instantiating /home/travis/build/icyphy/ptII/ptolemy/actor/lib/test/auto/LazySubClassModel.xml
2 ms. Memory: 518144K Free: 200304K (39%)
----------------- Invoking toplevel() on ptolemy.moml.MoMLSimpleApplication@3520439
----------------- Done invoking toplevel() on ptolemy.moml.MoMLSimpleApplication@3520439
reloadAllAccessors: .LazySubClassModel

===========================================================================================
----------------- testing Mon Feb 03 19:27:29 UTC 2020 /home/travis/build/icyphy/ptII/ptolemy/actor/lib/test/auto/LevelCrossTest1.xml
----------------- Instantiating /home/travis/build/icyphy/ptII/ptolemy/actor/lib/test/auto/LevelCrossTest1.xml
2 ms. Memory: 518144K Free: 195184K (38%)
----------------- Invoking toplevel() on ptolemy.moml.MoMLSimpleApplication@a4a624
----------------- Done invoking toplevel() on ptolemy.moml.MoMLSimpleApplication@a4a624
reloadAllAccessors: .broken

===========================================================================================
----------------- testing Mon Feb 03 19:27:29 UTC 2020 /home/travis/build/icyphy/ptII/ptolemy/actor/lib/test/auto/LevelCrossTest10.xml
----------------- Instantiating /home/travis/build/icyphy/ptII/ptolemy/actor/lib/test/auto/LevelCrossTest10.xml
1 ms. Memory: 518144K Free: 187502K (36%)
----------------- Invoking toplevel() on ptolemy.moml.MoMLSimpleApplication@432e4cd3
----------------- Done invoking toplevel() on ptolemy.moml.MoMLSimpleApplication@432e4cd3
reloadAllAccessors: .LevelCrossTest10

===========================================================================================
----------------- testing Mon Feb 03 19:27:29 UTC 2020 /home/travis/build/icyphy/ptII/ptolemy/actor/lib/test/auto/LevelCrossTest11.xml
----------------- Instantiating /home/travis/build/icyphy/ptII/ptolemy/actor/lib/test/auto/LevelCrossTest11.xml
1 ms. Memory: 518144K Free: 180334K (35%)
----------------- Invoking toplevel() on ptolemy.moml.MoMLSimpleApplication@6b751b05
----------------- Done invoking toplevel() on ptolemy.moml.MoMLSimpleApplication@6b751b05
reloadAllAccessors: .LevelCrossTest11

===========================================================================================
----------------- testing Mon Feb 03 19:27:29 UTC 2020 /home/travis/build/icyphy/ptII/ptolemy/actor/lib/test/auto/LevelCrossTest12.xml
----------------- Instantiating /home/travis/build/icyphy/ptII/ptolemy/actor/lib/test/auto/LevelCrossTest12.xml
1 ms. Memory: 518144K Free: 173166K (33%)
----------------- Invoking toplevel() on ptolemy.moml.MoMLSimpleApplication@5270244e
----------------- Done invoking toplevel() on ptolemy.moml.MoMLSimpleApplication@5270244e
reloadAllAccessors: .LevelCrossTest12

===========================================================================================
----------------- testing Mon Feb 03 19:27:29 UTC 2020 /home/travis/build/icyphy/ptII/ptolemy/actor/lib/test/auto/LevelCrossTest13.xml
----------------- Instantiating /home/travis/build/icyphy/ptII/ptolemy/actor/lib/test/auto/LevelCrossTest13.xml
1 ms. Memory: 518144K Free: 165488K (32%)
----------------- Invoking toplevel() on ptolemy.moml.MoMLSimpleApplication@78639206
----------------- Done invoking toplevel() on ptolemy.moml.MoMLSimpleApplication@78639206
reloadAllAccessors: .LevelCrossTest13

===========================================================================================
----------------- testing Mon Feb 03 19:27:29 UTC 2020 /home/travis/build/icyphy/ptII/ptolemy/actor/lib/test/auto/LevelCrossTest2.xml
----------------- Instantiating /home/travis/build/icyphy/ptII/ptolemy/actor/lib/test/auto/LevelCrossTest2.xml
10 ms. Memory: 518144K Free: 467688K (90%)
----------------- Invoking toplevel() on ptolemy.moml.MoMLSimpleApplication@4672811c
----------------- Done invoking toplevel() on ptolemy.moml.MoMLSimpleApplication@4672811c
reloadAllAccessors: .broken

===========================================================================================
----------------- testing Mon Feb 03 19:27:29 UTC 2020 /home/travis/build/icyphy/ptII/ptolemy/actor/lib/test/auto/LevelCrossTest3.xml
----------------- Instantiating /home/travis/build/icyphy/ptII/ptolemy/actor/lib/test/auto/LevelCrossTest3.xml
1 ms. Memory: 518144K Free: 461032K (89%)
----------------- Invoking toplevel() on ptolemy.moml.MoMLSimpleApplication@68572683
----------------- Done invoking toplevel() on ptolemy.moml.MoMLSimpleApplication@68572683
reloadAllAccessors: .LevelCrossTest3

===========================================================================================
----------------- testing Mon Feb 03 19:27:29 UTC 2020 /home/travis/build/icyphy/ptII/ptolemy/actor/lib/test/auto/LevelCrossTest4.xml
----------------- Instantiating /home/travis/build/icyphy/ptII/ptolemy/actor/lib/test/auto/LevelCrossTest4.xml
1 ms. Memory: 518144K Free: 455912K (88%)
----------------- Invoking toplevel() on ptolemy.moml.MoMLSimpleApplication@6da8da36
----------------- Done invoking toplevel() on ptolemy.moml.MoMLSimpleApplication@6da8da36
reloadAllAccessors: .broken

===========================================================================================
----------------- testing Mon Feb 03 19:27:29 UTC 2020 /home/travis/build/icyphy/ptII/ptolemy/actor/lib/test/auto/LevelCrossTest5.xml
----------------- Instantiating /home/travis/build/icyphy/ptII/ptolemy/actor/lib/test/auto/LevelCrossTest5.xml
4 ms. Memory: 518144K Free: 448230K (87%)
----------------- Invoking toplevel() on ptolemy.moml.MoMLSimpleApplication@22ecb719
----------------- Done invoking toplevel() on ptolemy.moml.MoMLSimpleApplication@22ecb719
reloadAllAccessors: .LevelCrossTest5

===========================================================================================
----------------- testing Mon Feb 03 19:27:29 UTC 2020 /home/travis/build/icyphy/ptII/ptolemy/actor/lib/test/auto/LevelCrossTest6.xml
----------------- Instantiating /home/travis/build/icyphy/ptII/ptolemy/actor/lib/test/auto/LevelCrossTest6.xml
1 ms. Memory: 518144K Free: 441062K (85%)
----------------- Invoking toplevel() on ptolemy.moml.MoMLSimpleApplication@41aeff21
----------------- Done invoking toplevel() on ptolemy.moml.MoMLSimpleApplication@41aeff21
reloadAllAccessors: .LevelCrossTest6

===========================================================================================
----------------- testing Mon Feb 03 19:27:30 UTC 2020 /home/travis/build/icyphy/ptII/ptolemy/actor/lib/test/auto/LevelCrossTest7.xml
----------------- Instantiating /home/travis/build/icyphy/ptII/ptolemy/actor/lib/test/auto/LevelCrossTest7.xml
1 ms. Memory: 518144K Free: 433384K (84%)
----------------- Invoking toplevel() on ptolemy.moml.MoMLSimpleApplication@2db696c1
----------------- Done invoking toplevel() on ptolemy.moml.MoMLSimpleApplication@2db696c1
reloadAllAccessors: .LevelCrossTest7

===========================================================================================
----------------- testing Mon Feb 03 19:27:30 UTC 2020 /home/travis/build/icyphy/ptII/ptolemy/actor/lib/test/auto/LevelCrossTest8.xml
----------------- Instantiating /home/travis/build/icyphy/ptII/ptolemy/actor/lib/test/auto/LevelCrossTest8.xml
1 ms. Memory: 518144K Free: 426726K (82%)
----------------- Invoking toplevel() on ptolemy.moml.MoMLSimpleApplication@23f77441
----------------- Done invoking toplevel() on ptolemy.moml.MoMLSimpleApplication@23f77441
reloadAllAccessors: .LevelCrossTest8

===========================================================================================
----------------- testing Mon Feb 03 19:27:30 UTC 2020 /home/travis/build/icyphy/ptII/ptolemy/actor/lib/test/auto/LevelCrossTest9.xml
----------------- Instantiating /home/travis/build/icyphy/ptII/ptolemy/actor/lib/test/auto/LevelCrossTest9.xml
1 ms. Memory: 518144K Free: 418534K (81%)
----------------- Invoking toplevel() on ptolemy.moml.MoMLSimpleApplication@30b7e4ec
----------------- Done invoking toplevel() on ptolemy.moml.MoMLSimpleApplication@30b7e4ec
reloadAllAccessors: .LevelCrossTest9

===========================================================================================
----------------- testing Mon Feb 03 19:27:30 UTC 2020 /home/travis/build/icyphy/ptII/ptolemy/actor/lib/test/auto/LevinsonDurbin.xml
----------------- Instantiating /home/travis/build/icyphy/ptII/ptolemy/actor/lib/test/auto/LevinsonDurbin.xml
1 ms. Memory: 518144K Free: 414438K (80%)
----------------- Invoking toplevel() on ptolemy.moml.MoMLSimpleApplication@4c74d81c
----------------- Done invoking toplevel() on ptolemy.moml.MoMLSimpleApplication@4c74d81c
reloadAllAccessors: .LevinsonDurbin

===========================================================================================
----------------- testing Mon Feb 03 19:27:30 UTC 2020 /home/travis/build/icyphy/ptII/ptolemy/actor/lib/test/auto/LevinsonDurbin2.xml
----------------- Instantiating /home/travis/build/icyphy/ptII/ptolemy/actor/lib/test/auto/LevinsonDurbin2.xml
3 ms. Memory: 518144K Free: 410856K (79%)
----------------- Invoking toplevel() on ptolemy.moml.MoMLSimpleApplication@55826bd5
----------------- Done invoking toplevel() on ptolemy.moml.MoMLSimpleApplication@55826bd5
reloadAllAccessors: .LevinsonDurbin2

===========================================================================================
----------------- testing Mon Feb 03 19:27:30 UTC 2020 /home/travis/build/icyphy/ptII/ptolemy/actor/lib/test/auto/LevinsonDurbin3.xml
----------------- Instantiating /home/travis/build/icyphy/ptII/ptolemy/actor/lib/test/auto/LevinsonDurbin3.xml
1 ms. Memory: 518144K Free: 406760K (79%)
----------------- Invoking toplevel() on ptolemy.moml.MoMLSimpleApplication@73aa257
----------------- Done invoking toplevel() on ptolemy.moml.MoMLSimpleApplication@73aa257
reloadAllAccessors: .LevinsonDurbin3

===========================================================================================
----------------- testing Mon Feb 03 19:27:30 UTC 2020 /home/travis/build/icyphy/ptII/ptolemy/actor/lib/test/auto/Limiter.xml
----------------- Instantiating /home/travis/build/icyphy/ptII/ptolemy/actor/lib/test/auto/Limiter.xml
10 ms. Memory: 518144K Free: 397544K (77%)
----------------- Invoking toplevel() on ptolemy.moml.MoMLSimpleApplication@6ab1c3fc
----------------- Done invoking toplevel() on ptolemy.moml.MoMLSimpleApplication@6ab1c3fc
reloadAllAccessors: .Limiter

===========================================================================================
----------------- testing Mon Feb 03 19:27:30 UTC 2020 /home/travis/build/icyphy/ptII/ptolemy/actor/lib/test/auto/LinearDifferenceEquationSystem.xml
----------------- Instantiating /home/travis/build/icyphy/ptII/ptolemy/actor/lib/test/auto/LinearDifferenceEquationSystem.xml
3 ms. Memory: 518144K Free: 390886K (75%)
----------------- Invoking toplevel() on ptolemy.moml.MoMLSimpleApplication@473f3561
----------------- Done invoking toplevel() on ptolemy.moml.MoMLSimpleApplication@473f3561
reloadAllAccessors: .LinearDifferenceEquationSystem

===========================================================================================
----------------- testing Mon Feb 03 19:27:30 UTC 2020 /home/travis/build/icyphy/ptII/ptolemy/actor/lib/test/auto/LookupTable.xml
----------------- Instantiating /home/travis/build/icyphy/ptII/ptolemy/actor/lib/test/auto/LookupTable.xml
1 ms. Memory: 518144K Free: 386280K (75%)
----------------- Invoking toplevel() on ptolemy.moml.MoMLSimpleApplication@64fc615b
----------------- Done invoking toplevel() on ptolemy.moml.MoMLSimpleApplication@64fc615b
reloadAllAccessors: .LookupTable

===========================================================================================
----------------- testing Mon Feb 03 19:27:30 UTC 2020 /home/travis/build/icyphy/ptII/ptolemy/actor/lib/test/auto/MathFunction.xml
----------------- Instantiating /home/travis/build/icyphy/ptII/ptolemy/actor/lib/test/auto/MathFunction.xml
1 ms. Memory: 518144K Free: 378088K (73%)
----------------- Invoking toplevel() on ptolemy.moml.MoMLSimpleApplication@4640f69b
----------------- Done invoking toplevel() on ptolemy.moml.MoMLSimpleApplication@4640f69b
reloadAllAccessors: .MathFunction

===========================================================================================
----------------- testing Mon Feb 03 19:27:30 UTC 2020 /home/travis/build/icyphy/ptII/ptolemy/actor/lib/test/auto/MathFunction2.xml
----------------- Instantiating /home/travis/build/icyphy/ptII/ptolemy/actor/lib/test/auto/MathFunction2.xml
1 ms. Memory: 518144K Free: 373992K (72%)
----------------- Invoking toplevel() on ptolemy.moml.MoMLSimpleApplication@1728df18
----------------- Done invoking toplevel() on ptolemy.moml.MoMLSimpleApplication@1728df18
reloadAllAccessors: .MathFunction2

===========================================================================================
----------------- testing Mon Feb 03 19:27:30 UTC 2020 /home/travis/build/icyphy/ptII/ptolemy/actor/lib/test/auto/MathFunction3.xml
----------------- Instantiating /home/travis/build/icyphy/ptII/ptolemy/actor/lib/test/auto/MathFunction3.xml
2 ms. Memory: 518144K Free: 367334K (71%)
----------------- Invoking toplevel() on ptolemy.moml.MoMLSimpleApplication@5b67d456
----------------- Done invoking toplevel() on ptolemy.moml.MoMLSimpleApplication@5b67d456
reloadAllAccessors: .MathFunction3

===========================================================================================
----------------- testing Mon Feb 03 19:27:30 UTC 2020 /home/travis/build/icyphy/ptII/ptolemy/actor/lib/test/auto/MatrixCropBoolean.xml
----------------- Instantiating /home/travis/build/icyphy/ptII/ptolemy/actor/lib/test/auto/MatrixCropBoolean.xml
1 ms. Memory: 518144K Free: 362208K (70%)
----------------- Invoking toplevel() on ptolemy.moml.MoMLSimpleApplication@39402293
----------------- Done invoking toplevel() on ptolemy.moml.MoMLSimpleApplication@39402293
reloadAllAccessors: .MatrixCropBoolean

===========================================================================================
----------------- testing Mon Feb 03 19:27:30 UTC 2020 /home/travis/build/icyphy/ptII/ptolemy/actor/lib/test/auto/MatrixCropComplex.xml
----------------- Instantiating /home/travis/build/icyphy/ptII/ptolemy/actor/lib/test/auto/MatrixCropComplex.xml
2 ms. Memory: 518144K Free: 357064K (69%)
----------------- Invoking toplevel() on ptolemy.moml.MoMLSimpleApplication@646cf2f8
----------------- Done invoking toplevel() on ptolemy.moml.MoMLSimpleApplication@646cf2f8
reloadAllAccessors: .MatrixCropComplex

===========================================================================================
----------------- testing Mon Feb 03 19:27:30 UTC 2020 /home/travis/build/icyphy/ptII/ptolemy/actor/lib/test/auto/MatrixCropDouble.xml
----------------- Instantiating /home/travis/build/icyphy/ptII/ptolemy/actor/lib/test/auto/MatrixCropDouble.xml
2 ms. Memory: 518144K Free: 351944K (68%)
----------------- Invoking toplevel() on ptolemy.moml.MoMLSimpleApplication@4ef2b472
----------------- Done invoking toplevel() on ptolemy.moml.MoMLSimpleApplication@4ef2b472
reloadAllAccessors: .MatrixCropDouble

===========================================================================================
----------------- testing Mon Feb 03 19:27:30 UTC 2020 /home/travis/build/icyphy/ptII/ptolemy/actor/lib/test/auto/MatrixCropFix.xml
----------------- Instantiating /home/travis/build/icyphy/ptII/ptolemy/actor/lib/test/auto/MatrixCropFix.xml
1 ms. Memory: 518144K Free: 347368K (67%)
----------------- Invoking toplevel() on ptolemy.moml.MoMLSimpleApplication@82af6e5
----------------- Done invoking toplevel() on ptolemy.moml.MoMLSimpleApplication@82af6e5
reloadAllAccessors: .MatrixCropFix

===========================================================================================
----------------- testing Mon Feb 03 19:27:30 UTC 2020 /home/travis/build/icyphy/ptII/ptolemy/actor/lib/test/auto/MatrixCropInt.xml
----------------- Instantiating /home/travis/build/icyphy/ptII/ptolemy/actor/lib/test/auto/MatrixCropInt.xml
1 ms. Memory: 518144K Free: 342248K (66%)
----------------- Invoking toplevel() on ptolemy.moml.MoMLSimpleApplication@7758e3c2
----------------- Done invoking toplevel() on ptolemy.moml.MoMLSimpleApplication@7758e3c2
reloadAllAccessors: .MatrixCropInt

===========================================================================================
----------------- testing Mon Feb 03 19:27:30 UTC 2020 /home/travis/build/icyphy/ptII/ptolemy/actor/lib/test/auto/MatrixCropLong.xml
----------------- Instantiating /home/travis/build/icyphy/ptII/ptolemy/actor/lib/test/auto/MatrixCropLong.xml
1 ms. Memory: 518144K Free: 337128K (65%)
----------------- Invoking toplevel() on ptolemy.moml.MoMLSimpleApplication@258d7fdf
----------------- Done invoking toplevel() on ptolemy.moml.MoMLSimpleApplication@258d7fdf
reloadAllAccessors: .MatrixCropLong

===========================================================================================
----------------- testing Mon Feb 03 19:27:30 UTC 2020 /home/travis/build/icyphy/ptII/ptolemy/actor/lib/test/auto/MatrixToArray.xml
----------------- Instantiating /home/travis/build/icyphy/ptII/ptolemy/actor/lib/test/auto/MatrixToArray.xml
5 ms. Memory: 518144K Free: 322278K (62%)
----------------- Invoking toplevel() on ptolemy.moml.MoMLSimpleApplication@77ba2b40
----------------- Done invoking toplevel() on ptolemy.moml.MoMLSimpleApplication@77ba2b40
reloadAllAccessors: .MatrixToArray

===========================================================================================
----------------- testing Mon Feb 03 19:27:30 UTC 2020 /home/travis/build/icyphy/ptII/ptolemy/actor/lib/test/auto/MaxIndex.xml
----------------- Instantiating /home/travis/build/icyphy/ptII/ptolemy/actor/lib/test/auto/MaxIndex.xml
2 ms. Memory: 518144K Free: 317672K (61%)
----------------- Invoking toplevel() on ptolemy.moml.MoMLSimpleApplication@32d0e288
----------------- Done invoking toplevel() on ptolemy.moml.MoMLSimpleApplication@32d0e288
reloadAllAccessors: .MaxIndex

===========================================================================================
----------------- testing Mon Feb 03 19:27:30 UTC 2020 /home/travis/build/icyphy/ptII/ptolemy/actor/lib/test/auto/Maximum.xml
----------------- Instantiating /home/travis/build/icyphy/ptII/ptolemy/actor/lib/test/auto/Maximum.xml
2 ms. Memory: 518144K Free: 310984K (60%)
----------------- Invoking toplevel() on ptolemy.moml.MoMLSimpleApplication@617dbeea
----------------- Done invoking toplevel() on ptolemy.moml.MoMLSimpleApplication@617dbeea
reloadAllAccessors: .Maximum

===========================================================================================
----------------- testing Mon Feb 03 19:27:30 UTC 2020 /home/travis/build/icyphy/ptII/ptolemy/actor/lib/test/auto/MaximumComplex.xml
----------------- Instantiating /home/travis/build/icyphy/ptII/ptolemy/actor/lib/test/auto/MaximumComplex.xml
2 ms. Memory: 518144K Free: 304856K (59%)
----------------- Invoking toplevel() on ptolemy.moml.MoMLSimpleApplication@7ff5929b
----------------- Done invoking toplevel() on ptolemy.moml.MoMLSimpleApplication@7ff5929b
reloadAllAccessors: .MaximumComplex

===========================================================================================
----------------- testing Mon Feb 03 19:27:30 UTC 2020 /home/travis/build/icyphy/ptII/ptolemy/actor/lib/test/auto/MethodCallTest.xml
----------------- Instantiating /home/travis/build/icyphy/ptII/ptolemy/actor/lib/test/auto/MethodCallTest.xml
2 ms. Memory: 518144K Free: 298216K (58%)
----------------- Invoking toplevel() on ptolemy.moml.MoMLSimpleApplication@7166bed1
----------------- Done invoking toplevel() on ptolemy.moml.MoMLSimpleApplication@7166bed1
reloadAllAccessors: .MethodCallTest

===========================================================================================
----------------- testing Mon Feb 03 19:27:30 UTC 2020 /home/travis/build/icyphy/ptII/ptolemy/actor/lib/test/auto/Minimum.xml
----------------- Instantiating /home/travis/build/icyphy/ptII/ptolemy/actor/lib/test/auto/Minimum.xml
2 ms. Memory: 518144K Free: 292072K (56%)
----------------- Invoking toplevel() on ptolemy.moml.MoMLSimpleApplication@3441ec1e
----------------- Done invoking toplevel() on ptolemy.moml.MoMLSimpleApplication@3441ec1e
reloadAllAccessors: .Minimum

===========================================================================================
----------------- testing Mon Feb 03 19:27:30 UTC 2020 /home/travis/build/icyphy/ptII/ptolemy/actor/lib/test/auto/MinimumComplex.xml
----------------- Instantiating /home/travis/build/icyphy/ptII/ptolemy/actor/lib/test/auto/MinimumComplex.xml
4 ms. Memory: 518144K Free: 285928K (55%)
----------------- Invoking toplevel() on ptolemy.moml.MoMLSimpleApplication@2316d34e
----------------- Done invoking toplevel() on ptolemy.moml.MoMLSimpleApplication@2316d34e
reloadAllAccessors: .MinimumComplex

===========================================================================================
----------------- testing Mon Feb 03 19:27:30 UTC 2020 /home/travis/build/icyphy/ptII/ptolemy/actor/lib/test/auto/MinimumMultiports.xml
----------------- Instantiating /home/travis/build/icyphy/ptII/ptolemy/actor/lib/test/auto/MinimumMultiports.xml
3 ms. Memory: 518144K Free: 277208K (54%)
----------------- Invoking toplevel() on ptolemy.moml.MoMLSimpleApplication@67af2aa2
----------------- Done invoking toplevel() on ptolemy.moml.MoMLSimpleApplication@67af2aa2
reloadAllAccessors: .MinimumMultiports

===========================================================================================
----------------- testing Mon Feb 03 19:27:30 UTC 2020 /home/travis/build/icyphy/ptII/ptolemy/actor/lib/test/auto/ModifyDate.xml
----------------- Instantiating /home/travis/build/icyphy/ptII/ptolemy/actor/lib/test/auto/ModifyDate.xml
7 ms. Memory: 518144K Free: 264424K (51%)
----------------- Invoking toplevel() on ptolemy.moml.MoMLSimpleApplication@6791ea39
----------------- Done invoking toplevel() on ptolemy.moml.MoMLSimpleApplication@6791ea39
reloadAllAccessors: .ModifyDate

===========================================================================================
----------------- testing Mon Feb 03 19:27:30 UTC 2020 /home/travis/build/icyphy/ptII/ptolemy/actor/lib/test/auto/ModifyDate2.xml
----------------- Instantiating /home/travis/build/icyphy/ptII/ptolemy/actor/lib/test/auto/ModifyDate2.xml
3 ms. Memory: 518144K Free: 255718K (49%)
----------------- Invoking toplevel() on ptolemy.moml.MoMLSimpleApplication@712dedca
----------------- Done invoking toplevel() on ptolemy.moml.MoMLSimpleApplication@712dedca
reloadAllAccessors: .ModifyDate2

===========================================================================================
----------------- testing Mon Feb 03 19:27:30 UTC 2020 /home/travis/build/icyphy/ptII/ptolemy/actor/lib/test/auto/MovingAverage.xml
----------------- Instantiating /home/travis/build/icyphy/ptII/ptolemy/actor/lib/test/auto/MovingAverage.xml
2 ms. Memory: 518144K Free: 251112K (48%)
----------------- Invoking toplevel() on ptolemy.moml.MoMLSimpleApplication@8075179
----------------- Done invoking toplevel() on ptolemy.moml.MoMLSimpleApplication@8075179
reloadAllAccessors: .MovingAverage

===========================================================================================
----------------- testing Mon Feb 03 19:27:30 UTC 2020 /home/travis/build/icyphy/ptII/ptolemy/actor/lib/test/auto/MovingMaximum.xml
----------------- Instantiating /home/travis/build/icyphy/ptII/ptolemy/actor/lib/test/auto/MovingMaximum.xml
9 ms. Memory: 518144K Free: 246502K (48%)
----------------- Invoking toplevel() on ptolemy.moml.MoMLSimpleApplication@537e6d79
----------------- Done invoking toplevel() on ptolemy.moml.MoMLSimpleApplication@537e6d79
reloadAllAccessors: .MovingMaximum

===========================================================================================
----------------- testing Mon Feb 03 19:27:30 UTC 2020 /home/travis/build/icyphy/ptII/ptolemy/actor/lib/test/auto/MultipleLinksToSameRelation.xml
----------------- Instantiating /home/travis/build/icyphy/ptII/ptolemy/actor/lib/test/auto/MultipleLinksToSameRelation.xml
2 ms. Memory: 518144K Free: 242406K (47%)
----------------- Invoking toplevel() on ptolemy.moml.MoMLSimpleApplication@4d84639b
----------------- Done invoking toplevel() on ptolemy.moml.MoMLSimpleApplication@4d84639b
reloadAllAccessors: .MultipleLinksToSameRelation

===========================================================================================
----------------- testing Mon Feb 03 19:27:30 UTC 2020 /home/travis/build/icyphy/ptII/ptolemy/actor/lib/test/auto/MultipleLinksToSameRelationDE.xml
----------------- Instantiating /home/travis/build/icyphy/ptII/ptolemy/actor/lib/test/auto/MultipleLinksToSameRelationDE.xml
2 ms. Memory: 518144K Free: 237800K (46%)
----------------- Invoking toplevel() on ptolemy.moml.MoMLSimpleApplication@4c650e0a
----------------- Done invoking toplevel() on ptolemy.moml.MoMLSimpleApplication@4c650e0a
reloadAllAccessors: .MultipleLinksToSameRelationDE

===========================================================================================
----------------- testing Mon Feb 03 19:27:30 UTC 2020 /home/travis/build/icyphy/ptII/ptolemy/actor/lib/test/auto/Multiplexor.xml
----------------- Instantiating /home/travis/build/icyphy/ptII/ptolemy/actor/lib/test/auto/Multiplexor.xml
1 ms. Memory: 518144K Free: 232680K (45%)
----------------- Invoking toplevel() on ptolemy.moml.MoMLSimpleApplication@58e9d788
----------------- Done invoking toplevel() on ptolemy.moml.MoMLSimpleApplication@58e9d788
reloadAllAccessors: .Multiplexor

===========================================================================================
----------------- testing Mon Feb 03 19:27:30 UTC 2020 /home/travis/build/icyphy/ptII/ptolemy/actor/lib/test/auto/Multiplexor1.xml
----------------- Instantiating /home/travis/build/icyphy/ptII/ptolemy/actor/lib/test/auto/Multiplexor1.xml
2 ms. Memory: 518144K Free: 227040K (44%)
----------------- Invoking toplevel() on ptolemy.moml.MoMLSimpleApplication@1dac59de
----------------- Done invoking toplevel() on ptolemy.moml.MoMLSimpleApplication@1dac59de
reloadAllAccessors: .Multiplexor1

===========================================================================================
----------------- testing Mon Feb 03 19:27:30 UTC 2020 /home/travis/build/icyphy/ptII/ptolemy/actor/lib/test/auto/Multiplexor2.xml
----------------- Instantiating /home/travis/build/icyphy/ptII/ptolemy/actor/lib/test/auto/Multiplexor2.xml
6 ms. Memory: 518144K Free: 220392K (43%)
----------------- Invoking toplevel() on ptolemy.moml.MoMLSimpleApplication@7084d0ec
----------------- Done invoking toplevel() on ptolemy.moml.MoMLSimpleApplication@7084d0ec
reloadAllAccessors: .Multiplexor2

===========================================================================================
----------------- testing Mon Feb 03 19:27:30 UTC 2020 /home/travis/build/icyphy/ptII/ptolemy/actor/lib/test/auto/Multiplexor3.xml
----------------- Instantiating /home/travis/build/icyphy/ptII/ptolemy/actor/lib/test/auto/Multiplexor3.xml
2 ms. Memory: 518144K Free: 216296K (42%)
----------------- Invoking toplevel() on ptolemy.moml.MoMLSimpleApplication@61537909
----------------- Done invoking toplevel() on ptolemy.moml.MoMLSimpleApplication@61537909
reloadAllAccessors: .Multiplexor3

===========================================================================================
----------------- testing Mon Feb 03 19:27:30 UTC 2020 /home/travis/build/icyphy/ptII/ptolemy/actor/lib/test/auto/MultiplexorDE.xml
----------------- Instantiating /home/travis/build/icyphy/ptII/ptolemy/actor/lib/test/auto/MultiplexorDE.xml
3 ms. Memory: 518144K Free: 208608K (40%)
----------------- Invoking toplevel() on ptolemy.moml.MoMLSimpleApplication@4d9d3e64
----------------- Done invoking toplevel() on ptolemy.moml.MoMLSimpleApplication@4d9d3e64
reloadAllAccessors: .MultiplexorDE

===========================================================================================
----------------- testing Mon Feb 03 19:27:30 UTC 2020 /home/travis/build/icyphy/ptII/ptolemy/actor/lib/test/auto/MultiportBroadcastTest.xml
----------------- Instantiating /home/travis/build/icyphy/ptII/ptolemy/actor/lib/test/auto/MultiportBroadcastTest.xml
75 ms. Memory: 518144K Free: 202984K (39%)
----------------- Invoking toplevel() on ptolemy.moml.MoMLSimpleApplication@c3928e
----------------- Done invoking toplevel() on ptolemy.moml.MoMLSimpleApplication@c3928e
reloadAllAccessors: .MultiportBroadcastTest

===========================================================================================
----------------- testing Mon Feb 03 19:27:30 UTC 2020 /home/travis/build/icyphy/ptII/ptolemy/actor/lib/test/auto/MultiportOutHangDuringGetWidth.xml
----------------- Instantiating /home/travis/build/icyphy/ptII/ptolemy/actor/lib/test/auto/MultiportOutHangDuringGetWidth.xml
4 ms. Memory: 518144K Free: 190696K (37%)
----------------- Invoking toplevel() on ptolemy.moml.MoMLSimpleApplication@738a2159
----------------- Done invoking toplevel() on ptolemy.moml.MoMLSimpleApplication@738a2159
reloadAllAccessors: .MultiportOutHangDuringGetWidth

===========================================================================================
----------------- testing Mon Feb 03 19:27:30 UTC 2020 /home/travis/build/icyphy/ptII/ptolemy/actor/lib/test/auto/NilToken.xml
----------------- Instantiating /home/travis/build/icyphy/ptII/ptolemy/actor/lib/test/auto/NilToken.xml
2 ms. Memory: 518144K Free: 186600K (36%)
----------------- Invoking toplevel() on ptolemy.moml.MoMLSimpleApplication@2cb6dba4
----------------- Done invoking toplevel() on ptolemy.moml.MoMLSimpleApplication@2cb6dba4
reloadAllAccessors: .NilToken

===========================================================================================
----------------- testing Mon Feb 03 19:27:30 UTC 2020 /home/travis/build/icyphy/ptII/ptolemy/actor/lib/test/auto/NilTokenNonStrictTest.xml
----------------- Instantiating /home/travis/build/icyphy/ptII/ptolemy/actor/lib/test/auto/NilTokenNonStrictTest.xml
2 ms. Memory: 518144K Free: 181990K (35%)
----------------- Invoking toplevel() on ptolemy.moml.MoMLSimpleApplication@14fabdad
----------------- Done invoking toplevel() on ptolemy.moml.MoMLSimpleApplication@14fabdad
reloadAllAccessors: .NilTokenNonStrictTest

===========================================================================================
----------------- testing Mon Feb 03 19:27:30 UTC 2020 /home/travis/build/icyphy/ptII/ptolemy/actor/lib/test/auto/NilTokenRecord.xml
----------------- Instantiating /home/travis/build/icyphy/ptII/ptolemy/actor/lib/test/auto/NilTokenRecord.xml
5 ms. Memory: 518144K Free: 175336K (34%)
----------------- Invoking toplevel() on ptolemy.moml.MoMLSimpleApplication@43537956
----------------- Done invoking toplevel() on ptolemy.moml.MoMLSimpleApplication@43537956
reloadAllAccessors: .NilTokenRecord

===========================================================================================
----------------- testing Mon Feb 03 19:27:30 UTC 2020 /home/travis/build/icyphy/ptII/ptolemy/actor/lib/test/auto/NilTokenTypeTest.xml
----------------- Instantiating /home/travis/build/icyphy/ptII/ptolemy/actor/lib/test/auto/NilTokenTypeTest.xml
3 ms. Memory: 518144K Free: 166120K (32%)
----------------- Invoking toplevel() on ptolemy.moml.MoMLSimpleApplication@60b17a2e
----------------- Done invoking toplevel() on ptolemy.moml.MoMLSimpleApplication@60b17a2e
reloadAllAccessors: .NilTokenTypeTest

===========================================================================================
----------------- testing Mon Feb 03 19:27:30 UTC 2020 /home/travis/build/icyphy/ptII/ptolemy/actor/lib/test/auto/ObjectToken1.xml
----------------- Instantiating /home/travis/build/icyphy/ptII/ptolemy/actor/lib/test/auto/ObjectToken1.xml
2 ms. Memory: 518144K Free: 162024K (31%)
----------------- Invoking toplevel() on ptolemy.moml.MoMLSimpleApplication@599dec29
----------------- Done invoking toplevel() on ptolemy.moml.MoMLSimpleApplication@599dec29
reloadAllAccessors: .ObjectToken1

===========================================================================================
----------------- testing Mon Feb 03 19:27:30 UTC 2020 /home/travis/build/icyphy/ptII/ptolemy/actor/lib/test/auto/OrderedMerge.xml
----------------- Instantiating /home/travis/build/icyphy/ptII/ptolemy/actor/lib/test/auto/OrderedMerge.xml
5 ms. Memory: 518144K Free: 463408K (89%)
----------------- Invoking toplevel() on ptolemy.moml.MoMLSimpleApplication@7d63000d
----------------- Done invoking toplevel() on ptolemy.moml.MoMLSimpleApplication@7d63000d
reloadAllAccessors: .OrderedMerge

===========================================================================================
----------------- testing Mon Feb 03 19:27:30 UTC 2020 /home/travis/build/icyphy/ptII/ptolemy/actor/lib/test/auto/OrderedRecordDisassembler.xml
----------------- Instantiating /home/travis/build/icyphy/ptII/ptolemy/actor/lib/test/auto/OrderedRecordDisassembler.xml
2 ms. Memory: 518144K Free: 458258K (88%)
----------------- Invoking toplevel() on ptolemy.moml.MoMLSimpleApplication@2124bd64
----------------- Done invoking toplevel() on ptolemy.moml.MoMLSimpleApplication@2124bd64
reloadAllAccessors: .OrderedRecordDisassembler

===========================================================================================
----------------- testing Mon Feb 03 19:27:30 UTC 2020 /home/travis/build/icyphy/ptII/ptolemy/actor/lib/test/auto/OrderedRecordDisassembler2.xml
----------------- Instantiating /home/travis/build/icyphy/ptII/ptolemy/actor/lib/test/auto/OrderedRecordDisassembler2.xml
3 ms. Memory: 518144K Free: 450610K (87%)
----------------- Invoking toplevel() on ptolemy.moml.MoMLSimpleApplication@675c04b1
----------------- Done invoking toplevel() on ptolemy.moml.MoMLSimpleApplication@675c04b1
reloadAllAccessors: .OrderedRecordDisassembler2

===========================================================================================
----------------- testing Mon Feb 03 19:27:30 UTC 2020 /home/travis/build/icyphy/ptII/ptolemy/actor/lib/test/auto/OrderedRecordUpdater.xml
----------------- Instantiating /home/travis/build/icyphy/ptII/ptolemy/actor/lib/test/auto/OrderedRecordUpdater.xml
2 ms. Memory: 518144K Free: 445490K (86%)
----------------- Invoking toplevel() on ptolemy.moml.MoMLSimpleApplication@3b5619f9
----------------- Done invoking toplevel() on ptolemy.moml.MoMLSimpleApplication@3b5619f9
reloadAllAccessors: .RecordUpdater

===========================================================================================
----------------- testing Mon Feb 03 19:27:30 UTC 2020 /home/travis/build/icyphy/ptII/ptolemy/actor/lib/test/auto/OrderedRecordUpdater2.xml
----------------- Instantiating /home/travis/build/icyphy/ptII/ptolemy/actor/lib/test/auto/OrderedRecordUpdater2.xml
2 ms. Memory: 518144K Free: 440880K (85%)
----------------- Invoking toplevel() on ptolemy.moml.MoMLSimpleApplication@49f927b6
----------------- Done invoking toplevel() on ptolemy.moml.MoMLSimpleApplication@49f927b6
reloadAllAccessors: .RecordUpdater2

===========================================================================================
----------------- testing Mon Feb 03 19:27:30 UTC 2020 /home/travis/build/icyphy/ptII/ptolemy/actor/lib/test/auto/PhaseUnwrap.xml
----------------- Instantiating /home/travis/build/icyphy/ptII/ptolemy/actor/lib/test/auto/PhaseUnwrap.xml
1 ms. Memory: 518144K Free: 436274K (84%)
----------------- Invoking toplevel() on ptolemy.moml.MoMLSimpleApplication@1a98ee0
----------------- Done invoking toplevel() on ptolemy.moml.MoMLSimpleApplication@1a98ee0
reloadAllAccessors: .PhaseUnwrap

===========================================================================================
----------------- testing Mon Feb 03 19:27:30 UTC 2020 /home/travis/build/icyphy/ptII/ptolemy/actor/lib/test/auto/PoissonClock.xml
----------------- Instantiating /home/travis/build/icyphy/ptII/ptolemy/actor/lib/test/auto/PoissonClock.xml
1 ms. Memory: 518144K Free: 432178K (83%)
----------------- Invoking toplevel() on ptolemy.moml.MoMLSimpleApplication@7a7a554a
----------------- Done invoking toplevel() on ptolemy.moml.MoMLSimpleApplication@7a7a554a
reloadAllAccessors: .PoissonClock

===========================================================================================
----------------- testing Mon Feb 03 19:27:30 UTC 2020 /home/travis/build/icyphy/ptII/ptolemy/actor/lib/test/auto/PoissonClock2.xml
----------------- Instantiating /home/travis/build/icyphy/ptII/ptolemy/actor/lib/test/auto/PoissonClock2.xml
1 ms. Memory: 518144K Free: 428082K (83%)
----------------- Invoking toplevel() on ptolemy.moml.MoMLSimpleApplication@60d16367
----------------- Done invoking toplevel() on ptolemy.moml.MoMLSimpleApplication@60d16367
reloadAllAccessors: .PoissonClock2

===========================================================================================
----------------- testing Mon Feb 03 19:27:30 UTC 2020 /home/travis/build/icyphy/ptII/ptolemy/actor/lib/test/auto/PoissonClock3.xml
----------------- Instantiating /home/travis/build/icyphy/ptII/ptolemy/actor/lib/test/auto/PoissonClock3.xml
1 ms. Memory: 518144K Free: 423472K (82%)
----------------- Invoking toplevel() on ptolemy.moml.MoMLSimpleApplication@2a8cc26a
----------------- Done invoking toplevel() on ptolemy.moml.MoMLSimpleApplication@2a8cc26a
reloadAllAccessors: .PoissonClock3

===========================================================================================
----------------- testing Mon Feb 03 19:27:30 UTC 2020 /home/travis/build/icyphy/ptII/ptolemy/actor/lib/test/auto/PubSubWithInitialTokens.xml
----------------- Instantiating /home/travis/build/icyphy/ptII/ptolemy/actor/lib/test/auto/PubSubWithInitialTokens.xml
2 ms. Memory: 518144K Free: 417842K (81%)
----------------- Invoking toplevel() on ptolemy.moml.MoMLSimpleApplication@288fcd22
----------------- Done invoking toplevel() on ptolemy.moml.MoMLSimpleApplication@288fcd22
reloadAllAccessors: .PubSubWithInitialTokens

===========================================================================================
----------------- testing Mon Feb 03 19:27:31 UTC 2020 /home/travis/build/icyphy/ptII/ptolemy/actor/lib/test/auto/PubSubWithInitialTokens2.xml
----------------- Instantiating /home/travis/build/icyphy/ptII/ptolemy/actor/lib/test/auto/PubSubWithInitialTokens2.xml
2 ms. Memory: 518144K Free: 412202K (80%)
----------------- Invoking toplevel() on ptolemy.moml.MoMLSimpleApplication@1f5faa3a
----------------- Done invoking toplevel() on ptolemy.moml.MoMLSimpleApplication@1f5faa3a
reloadAllAccessors: .PubSubWithInitialTokens2

===========================================================================================
----------------- testing Mon Feb 03 19:27:31 UTC 2020 /home/travis/build/icyphy/ptII/ptolemy/actor/lib/test/auto/PublisherClassNoParameter.xml
----------------- Instantiating /home/travis/build/icyphy/ptII/ptolemy/actor/lib/test/auto/PublisherClassNoParameter.xml
2 ms. Memory: 518144K Free: 402482K (78%)
----------------- Invoking toplevel() on ptolemy.moml.MoMLSimpleApplication@5e1d5094
----------------- Done invoking toplevel() on ptolemy.moml.MoMLSimpleApplication@5e1d5094
reloadAllAccessors: .PublisherClassNoParameter

===========================================================================================
----------------- testing Mon Feb 03 19:27:31 UTC 2020 /home/travis/build/icyphy/ptII/ptolemy/actor/lib/test/auto/PublisherClassParameter.xml
----------------- Instantiating /home/travis/build/icyphy/ptII/ptolemy/actor/lib/test/auto/PublisherClassParameter.xml
2 ms. Memory: 518144K Free: 392242K (76%)
----------------- Invoking toplevel() on ptolemy.moml.MoMLSimpleApplication@43084953
----------------- Done invoking toplevel() on ptolemy.moml.MoMLSimpleApplication@43084953
reloadAllAccessors: .PublisherClassParameter

===========================================================================================
----------------- testing Mon Feb 03 19:27:31 UTC 2020 /home/travis/build/icyphy/ptII/ptolemy/actor/lib/test/auto/PublisherNonStrictTest.xml
----------------- Instantiating /home/travis/build/icyphy/ptII/ptolemy/actor/lib/test/auto/PublisherNonStrictTest.xml
2 ms. Memory: 518144K Free: 384554K (74%)
----------------- Invoking toplevel() on ptolemy.moml.MoMLSimpleApplication@343e75d4
----------------- Done invoking toplevel() on ptolemy.moml.MoMLSimpleApplication@343e75d4
reloadAllAccessors: .PublisherNonStrictTest

===========================================================================================
----------------- testing Mon Feb 03 19:27:31 UTC 2020 /home/travis/build/icyphy/ptII/ptolemy/actor/lib/test/auto/PublisherPort1.xml
----------------- Instantiating /home/travis/build/icyphy/ptII/ptolemy/actor/lib/test/auto/PublisherPort1.xml
2 ms. Memory: 518144K Free: 378930K (73%)
----------------- Invoking toplevel() on ptolemy.moml.MoMLSimpleApplication@3ab4c2bb
----------------- Done invoking toplevel() on ptolemy.moml.MoMLSimpleApplication@3ab4c2bb
reloadAllAccessors: .PublisherPort1

===========================================================================================
----------------- testing Mon Feb 03 19:27:31 UTC 2020 /home/travis/build/icyphy/ptII/ptolemy/actor/lib/test/auto/PublisherPort2.xml
----------------- Instantiating /home/travis/build/icyphy/ptII/ptolemy/actor/lib/test/auto/PublisherPort2.xml
2 ms. Memory: 518144K Free: 373810K (72%)
----------------- Invoking toplevel() on ptolemy.moml.MoMLSimpleApplication@639e2604
----------------- Done invoking toplevel() on ptolemy.moml.MoMLSimpleApplication@639e2604
reloadAllAccessors: .PublisherPort2

===========================================================================================
----------------- testing Mon Feb 03 19:27:31 UTC 2020 /home/travis/build/icyphy/ptII/ptolemy/actor/lib/test/auto/PublisherPort3.xml
----------------- Instantiating /home/travis/build/icyphy/ptII/ptolemy/actor/lib/test/auto/PublisherPort3.xml
13 ms. Memory: 518144K Free: 367122K (71%)
----------------- Invoking toplevel() on ptolemy.moml.MoMLSimpleApplication@48bf1c2f
----------------- Done invoking toplevel() on ptolemy.moml.MoMLSimpleApplication@48bf1c2f
reloadAllAccessors: .PublisherPort3

===========================================================================================
----------------- testing Mon Feb 03 19:27:31 UTC 2020 /home/travis/build/icyphy/ptII/ptolemy/actor/lib/test/auto/PublisherPort4.xml
----------------- Instantiating /home/travis/build/icyphy/ptII/ptolemy/actor/lib/test/auto/PublisherPort4.xml
3 ms. Memory: 518144K Free: 362018K (70%)
----------------- Invoking toplevel() on ptolemy.moml.MoMLSimpleApplication@240248d6
----------------- Done invoking toplevel() on ptolemy.moml.MoMLSimpleApplication@240248d6
reloadAllAccessors: .PublisherPort4

===========================================================================================
----------------- testing Mon Feb 03 19:27:31 UTC 2020 /home/travis/build/icyphy/ptII/ptolemy/actor/lib/test/auto/PublisherPort5.xml
----------------- Instantiating /home/travis/build/icyphy/ptII/ptolemy/actor/lib/test/auto/PublisherPort5.xml
4 ms. Memory: 518144K Free: 354354K (68%)
----------------- Invoking toplevel() on ptolemy.moml.MoMLSimpleApplication@4f41bfc2
----------------- Done invoking toplevel() on ptolemy.moml.MoMLSimpleApplication@4f41bfc2
reloadAllAccessors: .PublisherPort5

===========================================================================================
----------------- testing Mon Feb 03 19:27:31 UTC 2020 /home/travis/build/icyphy/ptII/ptolemy/actor/lib/test/auto/PublisherPort5LookAlike.xml
----------------- Instantiating /home/travis/build/icyphy/ptII/ptolemy/actor/lib/test/auto/PublisherPort5LookAlike.xml
7 ms. Memory: 518144K Free: 346666K (67%)
----------------- Invoking toplevel() on ptolemy.moml.MoMLSimpleApplication@7cd92c7c
----------------- Done invoking toplevel() on ptolemy.moml.MoMLSimpleApplication@7cd92c7c
reloadAllAccessors: .PublisherPort5LookAlike

===========================================================================================
----------------- testing Mon Feb 03 19:27:31 UTC 2020 /home/travis/build/icyphy/ptII/ptolemy/actor/lib/test/auto/PublisherPort6.xml
----------------- Instantiating /home/travis/build/icyphy/ptII/ptolemy/actor/lib/test/auto/PublisherPort6.xml
2 ms. Memory: 518144K Free: 340018K (66%)
----------------- Invoking toplevel() on ptolemy.moml.MoMLSimpleApplication@79ce31be
----------------- Done invoking toplevel() on ptolemy.moml.MoMLSimpleApplication@79ce31be
reloadAllAccessors: .PublisherPort6

===========================================================================================
----------------- testing Mon Feb 03 19:27:31 UTC 2020 /home/travis/build/icyphy/ptII/ptolemy/actor/lib/test/auto/PublisherPort7.xml
----------------- Instantiating /home/travis/build/icyphy/ptII/ptolemy/actor/lib/test/auto/PublisherPort7.xml
11 ms. Memory: 518144K Free: 332336K (64%)
----------------- Invoking toplevel() on ptolemy.moml.MoMLSimpleApplication@332c66d5
----------------- Done invoking toplevel() on ptolemy.moml.MoMLSimpleApplication@332c66d5
reloadAllAccessors: .PublisherPort7

===========================================================================================
----------------- testing Mon Feb 03 19:27:31 UTC 2020 /home/travis/build/icyphy/ptII/ptolemy/actor/lib/test/auto/PublisherPort8.xml
----------------- Instantiating /home/travis/build/icyphy/ptII/ptolemy/actor/lib/test/auto/PublisherPort8.xml
4 ms. Memory: 518144K Free: 323634K (62%)
----------------- Invoking toplevel() on ptolemy.moml.MoMLSimpleApplication@3ad14585
----------------- Done invoking toplevel() on ptolemy.moml.MoMLSimpleApplication@3ad14585
reloadAllAccessors: .PublisherPort8

===========================================================================================
----------------- testing Mon Feb 03 19:27:31 UTC 2020 /home/travis/build/icyphy/ptII/ptolemy/actor/lib/test/auto/PublisherPortSubscriberChannelVariablesAOC2.xml
----------------- Instantiating /home/travis/build/icyphy/ptII/ptolemy/actor/lib/test/auto/PublisherPortSubscriberChannelVariablesAOC2.xml
3 ms. Memory: 518144K Free: 306736K (59%)
----------------- Invoking toplevel() on ptolemy.moml.MoMLSimpleApplication@4116a8ab
----------------- Done invoking toplevel() on ptolemy.moml.MoMLSimpleApplication@4116a8ab
reloadAllAccessors: .PublisherPortSubscriberChannelVariablesAOC2

===========================================================================================
----------------- testing Mon Feb 03 19:27:31 UTC 2020 /home/travis/build/icyphy/ptII/ptolemy/actor/lib/test/auto/PublisherPortSubscriberOpaqueWidthInference.xml
----------------- Instantiating /home/travis/build/icyphy/ptII/ptolemy/actor/lib/test/auto/PublisherPortSubscriberOpaqueWidthInference.xml
3 ms. Memory: 518144K Free: 298530K (58%)
----------------- Invoking toplevel() on ptolemy.moml.MoMLSimpleApplication@25f9201a
----------------- Done invoking toplevel() on ptolemy.moml.MoMLSimpleApplication@25f9201a
reloadAllAccessors: .PublisherPortSubscriberOpaqueWidthInference

===========================================================================================
----------------- testing Mon Feb 03 19:27:31 UTC 2020 /home/travis/build/icyphy/ptII/ptolemy/actor/lib/test/auto/PublisherPortSubscriberPortAdjacent.xml
----------------- Instantiating /home/travis/build/icyphy/ptII/ptolemy/actor/lib/test/auto/PublisherPortSubscriberPortAdjacent.xml
1 ms. Memory: 518144K Free: 290352K (56%)
----------------- Invoking toplevel() on ptolemy.moml.MoMLSimpleApplication@3245468f
----------------- Done invoking toplevel() on ptolemy.moml.MoMLSimpleApplication@3245468f
reloadAllAccessors: .PublisherPortSubscriberPortAdjacent

===========================================================================================
----------------- testing Mon Feb 03 19:27:31 UTC 2020 /home/travis/build/icyphy/ptII/ptolemy/actor/lib/test/auto/PublisherPortSubscriberPortExpression.xml
----------------- Instantiating /home/travis/build/icyphy/ptII/ptolemy/actor/lib/test/auto/PublisherPortSubscriberPortExpression.xml
8 ms. Memory: 518144K Free: 283170K (55%)
----------------- Invoking toplevel() on ptolemy.moml.MoMLSimpleApplication@42e4ee96
----------------- Done invoking toplevel() on ptolemy.moml.MoMLSimpleApplication@42e4ee96
reloadAllAccessors: .PublisherPortSubscriberPortExpression

===========================================================================================
----------------- testing Mon Feb 03 19:27:31 UTC 2020 /home/travis/build/icyphy/ptII/ptolemy/actor/lib/test/auto/PublisherPortSubscriberPortOpaqueD3Reverse.xml
----------------- Instantiating /home/travis/build/icyphy/ptII/ptolemy/actor/lib/test/auto/PublisherPortSubscriberPortOpaqueD3Reverse.xml
6 ms. Memory: 518144K Free: 272944K (53%)
----------------- Invoking toplevel() on ptolemy.moml.MoMLSimpleApplication@48c6e0cf
----------------- Done invoking toplevel() on ptolemy.moml.MoMLSimpleApplication@48c6e0cf
reloadAllAccessors: .PublisherPortSubscriberPortOpaqueD3Reverse

===========================================================================================
----------------- testing Mon Feb 03 19:27:31 UTC 2020 /home/travis/build/icyphy/ptII/ptolemy/actor/lib/test/auto/PublisherPortSubscriberPortOpaqueWidthInference.xml
----------------- Instantiating /home/travis/build/icyphy/ptII/ptolemy/actor/lib/test/auto/PublisherPortSubscriberPortOpaqueWidthInference.xml
3 ms. Memory: 518144K Free: 265266K (51%)
----------------- Invoking toplevel() on ptolemy.moml.MoMLSimpleApplication@31c5811f
----------------- Done invoking toplevel() on ptolemy.moml.MoMLSimpleApplication@31c5811f
reloadAllAccessors: .PublisherPortSubscriberPortOpaqueWidthInference

===========================================================================================
----------------- testing Mon Feb 03 19:27:31 UTC 2020 /home/travis/build/icyphy/ptII/ptolemy/actor/lib/test/auto/PublisherPortToplevelSubscriberPortAOC.xml
----------------- Instantiating /home/travis/build/icyphy/ptII/ptolemy/actor/lib/test/auto/PublisherPortToplevelSubscriberPortAOC.xml
.PublisherPortToplevelSubscriberPortAOC.TestExceptionAttribute: initialize() was not invoked, but wrapup() was.  This is unusual, but not always a problem.  For example, exporting JNLP will do this.
1 ms. Memory: 518144K Free: 259632K (50%)
----------------- Invoking toplevel() on ptolemy.moml.MoMLSimpleApplication@252f72f8
----------------- Done invoking toplevel() on ptolemy.moml.MoMLSimpleApplication@252f72f8
reloadAllAccessors: .PublisherPortToplevelSubscriberPortAOC

===========================================================================================
----------------- testing Mon Feb 03 19:27:31 UTC 2020 /home/travis/build/icyphy/ptII/ptolemy/actor/lib/test/auto/PublisherSubscriber.xml
----------------- Instantiating /home/travis/build/icyphy/ptII/ptolemy/actor/lib/test/auto/PublisherSubscriber.xml
3 ms. Memory: 518144K Free: 252434K (49%)
----------------- Invoking toplevel() on ptolemy.moml.MoMLSimpleApplication@2df80eca
----------------- Done invoking toplevel() on ptolemy.moml.MoMLSimpleApplication@2df80eca
reloadAllAccessors: .PublisherSubscriber

===========================================================================================
----------------- testing Mon Feb 03 19:27:31 UTC 2020 /home/travis/build/icyphy/ptII/ptolemy/actor/lib/test/auto/PublisherSubscriber10.xml
----------------- Instantiating /home/travis/build/icyphy/ptII/ptolemy/actor/lib/test/auto/PublisherSubscriber10.xml
5 ms. Memory: 518144K Free: 242738K (47%)
----------------- Invoking toplevel() on ptolemy.moml.MoMLSimpleApplication@7af6c92f
----------------- Done invoking toplevel() on ptolemy.moml.MoMLSimpleApplication@7af6c92f
reloadAllAccessors: .PublisherSubscriber10

===========================================================================================
----------------- testing Mon Feb 03 19:27:31 UTC 2020 /home/travis/build/icyphy/ptII/ptolemy/actor/lib/test/auto/PublisherSubscriber10InitialOutputs.xml
----------------- Instantiating /home/travis/build/icyphy/ptII/ptolemy/actor/lib/test/auto/PublisherSubscriber10InitialOutputs.xml
15 ms. Memory: 518144K Free: 233522K (45%)
----------------- Invoking toplevel() on ptolemy.moml.MoMLSimpleApplication@3a9e57d5
----------------- Done invoking toplevel() on ptolemy.moml.MoMLSimpleApplication@3a9e57d5
reloadAllAccessors: .PublisherSubscriber10InitialOutputs

===========================================================================================
----------------- testing Mon Feb 03 19:27:31 UTC 2020 /home/travis/build/icyphy/ptII/ptolemy/actor/lib/test/auto/PublisherSubscriber11.xml
----------------- Instantiating /home/travis/build/icyphy/ptII/ptolemy/actor/lib/test/auto/PublisherSubscriber11.xml
2 ms. Memory: 518144K Free: 227378K (44%)
----------------- Invoking toplevel() on ptolemy.moml.MoMLSimpleApplication@72c74d3c
----------------- Done invoking toplevel() on ptolemy.moml.MoMLSimpleApplication@72c74d3c
reloadAllAccessors: .PublisherSubscriber11

===========================================================================================
----------------- testing Mon Feb 03 19:27:31 UTC 2020 /home/travis/build/icyphy/ptII/ptolemy/actor/lib/test/auto/PublisherSubscriber12.xml
----------------- Instantiating /home/travis/build/icyphy/ptII/ptolemy/actor/lib/test/auto/PublisherSubscriber12.xml
4 ms. Memory: 518144K Free: 220210K (42%)
----------------- Invoking toplevel() on ptolemy.moml.MoMLSimpleApplication@2190751e
----------------- Done invoking toplevel() on ptolemy.moml.MoMLSimpleApplication@2190751e
reloadAllAccessors: .PublisherSubscriber12

===========================================================================================
----------------- testing Mon Feb 03 19:27:31 UTC 2020 /home/travis/build/icyphy/ptII/ptolemy/actor/lib/test/auto/PublisherSubscriber13.xml
----------------- Instantiating /home/travis/build/icyphy/ptII/ptolemy/actor/lib/test/auto/PublisherSubscriber13.xml
2 ms. Memory: 518144K Free: 214546K (41%)
----------------- Invoking toplevel() on ptolemy.moml.MoMLSimpleApplication@3da20ce1
----------------- Done invoking toplevel() on ptolemy.moml.MoMLSimpleApplication@3da20ce1
reloadAllAccessors: .PublisherSubscriber13

===========================================================================================
----------------- testing Mon Feb 03 19:27:31 UTC 2020 /home/travis/build/icyphy/ptII/ptolemy/actor/lib/test/auto/PublisherSubscriber14.xml
----------------- Instantiating /home/travis/build/icyphy/ptII/ptolemy/actor/lib/test/auto/PublisherSubscriber14.xml
1 ms. Memory: 518144K Free: 205874K (40%)
----------------- Invoking toplevel() on ptolemy.moml.MoMLSimpleApplication@6480f871
----------------- Done invoking toplevel() on ptolemy.moml.MoMLSimpleApplication@6480f871
reloadAllAccessors: .PublisherSubscriber14

===========================================================================================
----------------- testing Mon Feb 03 19:27:31 UTC 2020 /home/travis/build/icyphy/ptII/ptolemy/actor/lib/test/auto/PublisherSubscriber2.xml
----------------- Instantiating /home/travis/build/icyphy/ptII/ptolemy/actor/lib/test/auto/PublisherSubscriber2.xml
3 ms. Memory: 518144K Free: 200210K (39%)
----------------- Invoking toplevel() on ptolemy.moml.MoMLSimpleApplication@26bc3611
----------------- Done invoking toplevel() on ptolemy.moml.MoMLSimpleApplication@26bc3611
reloadAllAccessors: .PublisherSubscriber2

===========================================================================================
----------------- testing Mon Feb 03 19:27:31 UTC 2020 /home/travis/build/icyphy/ptII/ptolemy/actor/lib/test/auto/PublisherSubscriber3.xml
----------------- Instantiating /home/travis/build/icyphy/ptII/ptolemy/actor/lib/test/auto/PublisherSubscriber3.xml
1 ms. Memory: 518144K Free: 194610K (38%)
----------------- Invoking toplevel() on ptolemy.moml.MoMLSimpleApplication@1da2deda
----------------- Done invoking toplevel() on ptolemy.moml.MoMLSimpleApplication@1da2deda
reloadAllAccessors: .PublisherSubscriber3

===========================================================================================
----------------- testing Mon Feb 03 19:27:31 UTC 2020 /home/travis/build/icyphy/ptII/ptolemy/actor/lib/test/auto/PublisherSubscriber4.xml
----------------- Instantiating /home/travis/build/icyphy/ptII/ptolemy/actor/lib/test/auto/PublisherSubscriber4.xml
1 ms. Memory: 518144K Free: 189970K (37%)
----------------- Invoking toplevel() on ptolemy.moml.MoMLSimpleApplication@1c20ae04
----------------- Done invoking toplevel() on ptolemy.moml.MoMLSimpleApplication@1c20ae04
reloadAllAccessors: .PublisherSubscriber4

===========================================================================================
----------------- testing Mon Feb 03 19:27:31 UTC 2020 /home/travis/build/icyphy/ptII/ptolemy/actor/lib/test/auto/PublisherSubscriber5.xml
----------------- Instantiating /home/travis/build/icyphy/ptII/ptolemy/actor/lib/test/auto/PublisherSubscriber5.xml
2 ms. Memory: 518144K Free: 183346K (35%)
----------------- Invoking toplevel() on ptolemy.moml.MoMLSimpleApplication@1d98e02d
----------------- Done invoking toplevel() on ptolemy.moml.MoMLSimpleApplication@1d98e02d
reloadAllAccessors: .PublisherSubscriber5

===========================================================================================
----------------- testing Mon Feb 03 19:27:31 UTC 2020 /home/travis/build/icyphy/ptII/ptolemy/actor/lib/test/auto/PublisherSubscriber6.xml
----------------- Instantiating /home/travis/build/icyphy/ptII/ptolemy/actor/lib/test/auto/PublisherSubscriber6.xml
4 ms. Memory: 518144K Free: 176674K (34%)
----------------- Invoking toplevel() on ptolemy.moml.MoMLSimpleApplication@294687b2
----------------- Done invoking toplevel() on ptolemy.moml.MoMLSimpleApplication@294687b2
reloadAllAccessors: .PublisherSubscriber6

===========================================================================================
----------------- testing Mon Feb 03 19:27:31 UTC 2020 /home/travis/build/icyphy/ptII/ptolemy/actor/lib/test/auto/PublisherSubscriber7.xml
----------------- Instantiating /home/travis/build/icyphy/ptII/ptolemy/actor/lib/test/auto/PublisherSubscriber7.xml
6 ms. Memory: 518144K Free: 170034K (33%)
----------------- Invoking toplevel() on ptolemy.moml.MoMLSimpleApplication@536c692d
----------------- Done invoking toplevel() on ptolemy.moml.MoMLSimpleApplication@536c692d
reloadAllAccessors: .PublisherSubscriber7

===========================================================================================
----------------- testing Mon Feb 03 19:27:31 UTC 2020 /home/travis/build/icyphy/ptII/ptolemy/actor/lib/test/auto/PublisherSubscriber8.xml
----------------- Instantiating /home/travis/build/icyphy/ptII/ptolemy/actor/lib/test/auto/PublisherSubscriber8.xml
28 ms. Memory: 518144K Free: 464327K (90%)
----------------- Invoking toplevel() on ptolemy.moml.MoMLSimpleApplication@229bfe33
----------------- Done invoking toplevel() on ptolemy.moml.MoMLSimpleApplication@229bfe33
reloadAllAccessors: .PublisherSubscriber8

===========================================================================================
----------------- testing Mon Feb 03 19:27:31 UTC 2020 /home/travis/build/icyphy/ptII/ptolemy/actor/lib/test/auto/PublisherSubscriber9.xml
----------------- Instantiating /home/travis/build/icyphy/ptII/ptolemy/actor/lib/test/auto/PublisherSubscriber9.xml
2 ms. Memory: 518144K Free: 456649K (88%)
----------------- Invoking toplevel() on ptolemy.moml.MoMLSimpleApplication@fc945c
----------------- Done invoking toplevel() on ptolemy.moml.MoMLSimpleApplication@fc945c
reloadAllAccessors: .PublisherSubscriber9

===========================================================================================
----------------- testing Mon Feb 03 19:27:31 UTC 2020 /home/travis/build/icyphy/ptII/ptolemy/actor/lib/test/auto/PublisherSubscriberAdjacent.xml
----------------- Instantiating /home/travis/build/icyphy/ptII/ptolemy/actor/lib/test/auto/PublisherSubscriberAdjacent.xml
2 ms. Memory: 518144K Free: 447943K (86%)
----------------- Invoking toplevel() on ptolemy.moml.MoMLSimpleApplication@72c42b5c
----------------- Done invoking toplevel() on ptolemy.moml.MoMLSimpleApplication@72c42b5c
reloadAllAccessors: .PublisherSubscriberAdjacent

===========================================================================================
----------------- testing Mon Feb 03 19:27:31 UTC 2020 /home/travis/build/icyphy/ptII/ptolemy/actor/lib/test/auto/PublisherSubscriberChannelVariablesAOC2.xml
----------------- Instantiating /home/travis/build/icyphy/ptII/ptolemy/actor/lib/test/auto/PublisherSubscriberChannelVariablesAOC2.xml
3 ms. Memory: 518144K Free: 433097K (84%)
----------------- Invoking toplevel() on ptolemy.moml.MoMLSimpleApplication@6763934
----------------- Done invoking toplevel() on ptolemy.moml.MoMLSimpleApplication@6763934
reloadAllAccessors: .PublisherSubscriberChannelVariablesAOC2

===========================================================================================
----------------- testing Mon Feb 03 19:27:31 UTC 2020 /home/travis/build/icyphy/ptII/ptolemy/actor/lib/test/auto/PublisherSubscriberD3.xml
----------------- Instantiating /home/travis/build/icyphy/ptII/ptolemy/actor/lib/test/auto/PublisherSubscriberD3.xml
1 ms. Memory: 518144K Free: 425929K (82%)
----------------- Invoking toplevel() on ptolemy.moml.MoMLSimpleApplication@2ad5c49b
----------------- Done invoking toplevel() on ptolemy.moml.MoMLSimpleApplication@2ad5c49b
reloadAllAccessors: .PublisherSubscriberD3

===========================================================================================
----------------- testing Mon Feb 03 19:27:31 UTC 2020 /home/travis/build/icyphy/ptII/ptolemy/actor/lib/test/auto/PublisherSubscriberD3Reverse.xml
----------------- Instantiating /home/travis/build/icyphy/ptII/ptolemy/actor/lib/test/auto/PublisherSubscriberD3Reverse.xml
4 ms. Memory: 518144K Free: 419785K (81%)
----------------- Invoking toplevel() on ptolemy.moml.MoMLSimpleApplication@394a79be
----------------- Done invoking toplevel() on ptolemy.moml.MoMLSimpleApplication@394a79be
reloadAllAccessors: .PublisherSubscriberD3Reverse

===========================================================================================
----------------- testing Mon Feb 03 19:27:31 UTC 2020 /home/travis/build/icyphy/ptII/ptolemy/actor/lib/test/auto/PublisherSubscriberExpression.xml
----------------- Instantiating /home/travis/build/icyphy/ptII/ptolemy/actor/lib/test/auto/PublisherSubscriberExpression.xml
3 ms. Memory: 518144K Free: 411593K (79%)
----------------- Invoking toplevel() on ptolemy.moml.MoMLSimpleApplication@3f7a9689
----------------- Done invoking toplevel() on ptolemy.moml.MoMLSimpleApplication@3f7a9689
reloadAllAccessors: .PublisherSubscriberExpression

===========================================================================================
----------------- testing Mon Feb 03 19:27:31 UTC 2020 /home/travis/build/icyphy/ptII/ptolemy/actor/lib/test/auto/PublisherSubscriberOpaque.xml
----------------- Instantiating /home/travis/build/icyphy/ptII/ptolemy/actor/lib/test/auto/PublisherSubscriberOpaque.xml
4 ms. Memory: 518144K Free: 403401K (78%)
----------------- Invoking toplevel() on ptolemy.moml.MoMLSimpleApplication@43cde7e9
----------------- Done invoking toplevel() on ptolemy.moml.MoMLSimpleApplication@43cde7e9
reloadAllAccessors: .PublisherSubscriberOpaque

===========================================================================================
----------------- testing Mon Feb 03 19:27:31 UTC 2020 /home/travis/build/icyphy/ptII/ptolemy/actor/lib/test/auto/PublisherSubscriberOpaqueD3.xml
----------------- Instantiating /home/travis/build/icyphy/ptII/ptolemy/actor/lib/test/auto/PublisherSubscriberOpaqueD3.xml
5 ms. Memory: 518144K Free: 391623K (76%)
----------------- Invoking toplevel() on ptolemy.moml.MoMLSimpleApplication@7aecbd26
----------------- Done invoking toplevel() on ptolemy.moml.MoMLSimpleApplication@7aecbd26
reloadAllAccessors: .PublisherSubscriberOpaqueD3

===========================================================================================
----------------- testing Mon Feb 03 19:27:31 UTC 2020 /home/travis/build/icyphy/ptII/ptolemy/actor/lib/test/auto/PublisherSubscriberOpaqueD3Reverse.xml
----------------- Instantiating /home/travis/build/icyphy/ptII/ptolemy/actor/lib/test/auto/PublisherSubscriberOpaqueD3Reverse.xml
7 ms. Memory: 518144K Free: 380873K (74%)
----------------- Invoking toplevel() on ptolemy.moml.MoMLSimpleApplication@3d15ae7d
----------------- Done invoking toplevel() on ptolemy.moml.MoMLSimpleApplication@3d15ae7d
reloadAllAccessors: .PublisherSubscriberOpaqueD3Reverse

===========================================================================================
----------------- testing Mon Feb 03 19:27:31 UTC 2020 /home/travis/build/icyphy/ptII/ptolemy/actor/lib/test/auto/PublisherSubscriberOpaqueWidthInference.xml
----------------- Instantiating /home/travis/build/icyphy/ptII/ptolemy/actor/lib/test/auto/PublisherSubscriberOpaqueWidthInference.xml
3 ms. Memory: 518144K Free: 372681K (72%)
----------------- Invoking toplevel() on ptolemy.moml.MoMLSimpleApplication@675fdbbc
----------------- Done invoking toplevel() on ptolemy.moml.MoMLSimpleApplication@675fdbbc
reloadAllAccessors: .PublisherSubscriberOpaqueWidthInference

===========================================================================================
----------------- testing Mon Feb 03 19:27:31 UTC 2020 /home/travis/build/icyphy/ptII/ptolemy/actor/lib/test/auto/PublisherTestSubscriber.xml
----------------- Instantiating /home/travis/build/icyphy/ptII/ptolemy/actor/lib/test/auto/PublisherTestSubscriber.xml
3 ms. Memory: 518144K Free: 364993K (70%)
----------------- Invoking toplevel() on ptolemy.moml.MoMLSimpleApplication@53110d8a
----------------- Done invoking toplevel() on ptolemy.moml.MoMLSimpleApplication@53110d8a
reloadAllAccessors: .PublisherTestSubscriber

===========================================================================================
----------------- testing Mon Feb 03 19:27:31 UTC 2020 /home/travis/build/icyphy/ptII/ptolemy/actor/lib/test/auto/PublisherToplevelSubscriberPortAOC.xml
----------------- Instantiating /home/travis/build/icyphy/ptII/ptolemy/actor/lib/test/auto/PublisherToplevelSubscriberPortAOC.xml
1 ms. Memory: 518144K Free: 358841K (69%)
----------------- Invoking toplevel() on ptolemy.moml.MoMLSimpleApplication@2448b5c3
----------------- Done invoking toplevel() on ptolemy.moml.MoMLSimpleApplication@2448b5c3
reloadAllAccessors: .PublisherToplevelSubscriberPortAOC

===========================================================================================
----------------- testing Mon Feb 03 19:27:31 UTC 2020 /home/travis/build/icyphy/ptII/ptolemy/actor/lib/test/auto/PulseFiringLimitDE.xml
----------------- Instantiating /home/travis/build/icyphy/ptII/ptolemy/actor/lib/test/auto/PulseFiringLimitDE.xml
1 ms. Memory: 518144K Free: 352711K (68%)
----------------- Invoking toplevel() on ptolemy.moml.MoMLSimpleApplication@3af9a6fc
----------------- Done invoking toplevel() on ptolemy.moml.MoMLSimpleApplication@3af9a6fc
reloadAllAccessors: .PulseFiringLimitDE

===========================================================================================
----------------- testing Mon Feb 03 19:27:31 UTC 2020 /home/travis/build/icyphy/ptII/ptolemy/actor/lib/test/auto/Ramp1.xml
----------------- Instantiating /home/travis/build/icyphy/ptII/ptolemy/actor/lib/test/auto/Ramp1.xml
1 ms. Memory: 518144K Free: 348609K (67%)
----------------- Invoking toplevel() on ptolemy.moml.MoMLSimpleApplication@4a56027f
----------------- Done invoking toplevel() on ptolemy.moml.MoMLSimpleApplication@4a56027f
reloadAllAccessors: .Ramp1

===========================================================================================
----------------- testing Mon Feb 03 19:27:31 UTC 2020 /home/travis/build/icyphy/ptII/ptolemy/actor/lib/test/auto/RampFiringLimitDE.xml
----------------- Instantiating /home/travis/build/icyphy/ptII/ptolemy/actor/lib/test/auto/RampFiringLimitDE.xml
2 ms. Memory: 518144K Free: 342457K (66%)
----------------- Invoking toplevel() on ptolemy.moml.MoMLSimpleApplication@77173015
----------------- Done invoking toplevel() on ptolemy.moml.MoMLSimpleApplication@77173015
reloadAllAccessors: .RampFiringLimitDE

===========================================================================================
----------------- testing Mon Feb 03 19:27:31 UTC 2020 /home/travis/build/icyphy/ptII/ptolemy/actor/lib/test/auto/RampFiringLimitSDF.xml
----------------- Instantiating /home/travis/build/icyphy/ptII/ptolemy/actor/lib/test/auto/RampFiringLimitSDF.xml
2 ms. Memory: 518144K Free: 337337K (65%)
----------------- Invoking toplevel() on ptolemy.moml.MoMLSimpleApplication@484acc5f
----------------- Done invoking toplevel() on ptolemy.moml.MoMLSimpleApplication@484acc5f
reloadAllAccessors: .RampFiringLimitSDF

===========================================================================================
----------------- testing Mon Feb 03 19:27:31 UTC 2020 /home/travis/build/icyphy/ptII/ptolemy/actor/lib/test/auto/RandomInteger.xml
----------------- Instantiating /home/travis/build/icyphy/ptII/ptolemy/actor/lib/test/auto/RandomInteger.xml
1 ms. Memory: 518144K Free: 333255K (64%)
----------------- Invoking toplevel() on ptolemy.moml.MoMLSimpleApplication@4a32c3c9
----------------- Done invoking toplevel() on ptolemy.moml.MoMLSimpleApplication@4a32c3c9
reloadAllAccessors: .RandomInteger

===========================================================================================
----------------- testing Mon Feb 03 19:27:31 UTC 2020 /home/travis/build/icyphy/ptII/ptolemy/actor/lib/test/auto/ReadFile1.xml
----------------- Instantiating /home/travis/build/icyphy/ptII/ptolemy/actor/lib/test/auto/ReadFile1.xml
1 ms. Memory: 518144K Free: 328649K (63%)
----------------- Invoking toplevel() on ptolemy.moml.MoMLSimpleApplication@7993eee8
----------------- Done invoking toplevel() on ptolemy.moml.MoMLSimpleApplication@7993eee8
reloadAllAccessors: .ReadFile1

===========================================================================================
----------------- testing Mon Feb 03 19:27:31 UTC 2020 /home/travis/build/icyphy/ptII/ptolemy/actor/lib/test/auto/ReadFile2.xml
----------------- Instantiating /home/travis/build/icyphy/ptII/ptolemy/actor/lib/test/auto/ReadFile2.xml
0 ms. Memory: 518144K Free: 324553K (63%)
----------------- Invoking toplevel() on ptolemy.moml.MoMLSimpleApplication@3e680fec
----------------- Done invoking toplevel() on ptolemy.moml.MoMLSimpleApplication@3e680fec
reloadAllAccessors: .ReadFile2

===========================================================================================
----------------- testing Mon Feb 03 19:27:31 UTC 2020 /home/travis/build/icyphy/ptII/ptolemy/actor/lib/test/auto/Reader.xml
----------------- Instantiating /home/travis/build/icyphy/ptII/ptolemy/actor/lib/test/auto/Reader.xml
actor.lib.Reader is obsolete, use actor.lib.io.ExpressionReader instead
4 ms. Memory: 518144K Free: 320457K (62%)
----------------- Invoking toplevel() on ptolemy.moml.MoMLSimpleApplication@592d1e9
----------------- Done invoking toplevel() on ptolemy.moml.MoMLSimpleApplication@592d1e9
reloadAllAccessors: .Reader

===========================================================================================
----------------- testing Mon Feb 03 19:27:31 UTC 2020 /home/travis/build/icyphy/ptII/ptolemy/actor/lib/test/auto/RecordAssemblerDisplayNameTest.xml
----------------- Instantiating /home/travis/build/icyphy/ptII/ptolemy/actor/lib/test/auto/RecordAssemblerDisplayNameTest.xml
3241 ms. Memory: 518144K Free: 334200K (64%)
----------------- Invoking toplevel() on ptolemy.moml.MoMLSimpleApplication@6435e224
----------------- Done invoking toplevel() on ptolemy.moml.MoMLSimpleApplication@6435e224
reloadAllAccessors: .RecordAssemblerDisplayNameTest

===========================================================================================
----------------- testing Mon Feb 03 19:27:35 UTC 2020 /home/travis/build/icyphy/ptII/ptolemy/actor/lib/test/auto/RecordAssemblerTypeError.xml
----------------- Instantiating /home/travis/build/icyphy/ptII/ptolemy/actor/lib/test/auto/RecordAssemblerTypeError.xml
7 ms. Memory: 518144K Free: 324474K (63%)
----------------- Invoking toplevel() on ptolemy.moml.MoMLSimpleApplication@67207ef6
----------------- Done invoking toplevel() on ptolemy.moml.MoMLSimpleApplication@67207ef6
reloadAllAccessors: .RecordAssemblerTypeError

===========================================================================================
----------------- testing Mon Feb 03 19:27:35 UTC 2020 /home/travis/build/icyphy/ptII/ptolemy/actor/lib/test/auto/RecordDisassember.xml
----------------- Instantiating /home/travis/build/icyphy/ptII/ptolemy/actor/lib/test/auto/RecordDisassember.xml
3 ms. Memory: 518144K Free: 319858K (62%)
----------------- Invoking toplevel() on ptolemy.moml.MoMLSimpleApplication@152ec3b0
----------------- Done invoking toplevel() on ptolemy.moml.MoMLSimpleApplication@152ec3b0
reloadAllAccessors: .RecordDisassember

===========================================================================================
----------------- testing Mon Feb 03 19:27:35 UTC 2020 /home/travis/build/icyphy/ptII/ptolemy/actor/lib/test/auto/RecordDisassemberDisplayNameTest.xml
----------------- Instantiating /home/travis/build/icyphy/ptII/ptolemy/actor/lib/test/auto/RecordDisassemberDisplayNameTest.xml
12 ms. Memory: 518144K Free: 312186K (60%)
----------------- Invoking toplevel() on ptolemy.moml.MoMLSimpleApplication@27220637
----------------- Done invoking toplevel() on ptolemy.moml.MoMLSimpleApplication@27220637
reloadAllAccessors: .RecordDisassemberDisplayNameTest

===========================================================================================
----------------- testing Mon Feb 03 19:27:35 UTC 2020 /home/travis/build/icyphy/ptII/ptolemy/actor/lib/test/auto/RecordDisassembler.xml
----------------- Instantiating /home/travis/build/icyphy/ptII/ptolemy/actor/lib/test/auto/RecordDisassembler.xml
2 ms. Memory: 518144K Free: 307066K (59%)
----------------- Invoking toplevel() on ptolemy.moml.MoMLSimpleApplication@4dff3814
----------------- Done invoking toplevel() on ptolemy.moml.MoMLSimpleApplication@4dff3814
reloadAllAccessors: .RecordDisassembler

===========================================================================================
----------------- testing Mon Feb 03 19:27:35 UTC 2020 /home/travis/build/icyphy/ptII/ptolemy/actor/lib/test/auto/RecordDisassembler2.xml
----------------- Instantiating /home/travis/build/icyphy/ptII/ptolemy/actor/lib/test/auto/RecordDisassembler2.xml
2 ms. Memory: 518144K Free: 301946K (58%)
----------------- Invoking toplevel() on ptolemy.moml.MoMLSimpleApplication@7a9e6766
----------------- Done invoking toplevel() on ptolemy.moml.MoMLSimpleApplication@7a9e6766
reloadAllAccessors: .RecordDisassembler2

===========================================================================================
----------------- testing Mon Feb 03 19:27:35 UTC 2020 /home/travis/build/icyphy/ptII/ptolemy/actor/lib/test/auto/RecordUpdater.xml
----------------- Instantiating /home/travis/build/icyphy/ptII/ptolemy/actor/lib/test/auto/RecordUpdater.xml
2 ms. Memory: 518144K Free: 296826K (57%)
----------------- Invoking toplevel() on ptolemy.moml.MoMLSimpleApplication@57e56b2a
----------------- Done invoking toplevel() on ptolemy.moml.MoMLSimpleApplication@57e56b2a
reloadAllAccessors: .RecordUpdater

===========================================================================================
----------------- testing Mon Feb 03 19:27:35 UTC 2020 /home/travis/build/icyphy/ptII/ptolemy/actor/lib/test/auto/RecordUpdater2.xml
----------------- Instantiating /home/travis/build/icyphy/ptII/ptolemy/actor/lib/test/auto/RecordUpdater2.xml
1 ms. Memory: 518144K Free: 292216K (56%)
----------------- Invoking toplevel() on ptolemy.moml.MoMLSimpleApplication@54d1ca73
----------------- Done invoking toplevel() on ptolemy.moml.MoMLSimpleApplication@54d1ca73
reloadAllAccessors: .RecordUpdater2

===========================================================================================
----------------- testing Mon Feb 03 19:27:35 UTC 2020 /home/travis/build/icyphy/ptII/ptolemy/actor/lib/test/auto/RecursiveLattice.xml
----------------- Instantiating /home/travis/build/icyphy/ptII/ptolemy/actor/lib/test/auto/RecursiveLattice.xml
1 ms. Memory: 518144K Free: 288120K (56%)
----------------- Invoking toplevel() on ptolemy.moml.MoMLSimpleApplication@7924f161
----------------- Done invoking toplevel() on ptolemy.moml.MoMLSimpleApplication@7924f161
reloadAllAccessors: .RecursiveLattice

===========================================================================================
----------------- testing Mon Feb 03 19:27:35 UTC 2020 /home/travis/build/icyphy/ptII/ptolemy/actor/lib/test/auto/Router.xml
----------------- Instantiating /home/travis/build/icyphy/ptII/ptolemy/actor/lib/test/auto/Router.xml
3003 ms. Memory: 518144K Free: 277880K (54%)
----------------- Invoking toplevel() on ptolemy.moml.MoMLSimpleApplication@44ad44f
----------------- Done invoking toplevel() on ptolemy.moml.MoMLSimpleApplication@44ad44f
reloadAllAccessors: .Router

===========================================================================================
----------------- testing Mon Feb 03 19:27:38 UTC 2020 /home/travis/build/icyphy/ptII/ptolemy/actor/lib/test/auto/Router2.xml
----------------- Instantiating /home/travis/build/icyphy/ptII/ptolemy/actor/lib/test/auto/Router2.xml
3004 ms. Memory: 518144K Free: 267640K (52%)
----------------- Invoking toplevel() on ptolemy.moml.MoMLSimpleApplication@42c3dd89
----------------- Done invoking toplevel() on ptolemy.moml.MoMLSimpleApplication@42c3dd89
reloadAllAccessors: .Router2

===========================================================================================
----------------- testing Mon Feb 03 19:27:41 UTC 2020 /home/travis/build/icyphy/ptII/ptolemy/actor/lib/test/auto/RunningMaximum.xml
----------------- Instantiating /home/travis/build/icyphy/ptII/ptolemy/actor/lib/test/auto/RunningMaximum.xml
1 ms. Memory: 518144K Free: 263034K (51%)
----------------- Invoking toplevel() on ptolemy.moml.MoMLSimpleApplication@5ca12b91
----------------- Done invoking toplevel() on ptolemy.moml.MoMLSimpleApplication@5ca12b91
reloadAllAccessors: .RunningMaximum

===========================================================================================
----------------- testing Mon Feb 03 19:27:41 UTC 2020 /home/travis/build/icyphy/ptII/ptolemy/actor/lib/test/auto/RunningMinimum.xml
----------------- Instantiating /home/travis/build/icyphy/ptII/ptolemy/actor/lib/test/auto/RunningMinimum.xml
8 ms. Memory: 518144K Free: 258424K (50%)
----------------- Invoking toplevel() on ptolemy.moml.MoMLSimpleApplication@fac5b72
----------------- Done invoking toplevel() on ptolemy.moml.MoMLSimpleApplication@fac5b72
reloadAllAccessors: .RunningMinimum

===========================================================================================
----------------- testing Mon Feb 03 19:27:41 UTC 2020 /home/travis/build/icyphy/ptII/ptolemy/actor/lib/test/auto/Scale.xml
----------------- Instantiating /home/travis/build/icyphy/ptII/ptolemy/actor/lib/test/auto/Scale.xml
2 ms. Memory: 518144K Free: 253818K (49%)
----------------- Invoking toplevel() on ptolemy.moml.MoMLSimpleApplication@4ef6adc4
----------------- Done invoking toplevel() on ptolemy.moml.MoMLSimpleApplication@4ef6adc4
reloadAllAccessors: .Scale

===========================================================================================
----------------- testing Mon Feb 03 19:27:41 UTC 2020 /home/travis/build/icyphy/ptII/ptolemy/actor/lib/test/auto/Scale2.xml
----------------- Instantiating /home/travis/build/icyphy/ptII/ptolemy/actor/lib/test/auto/Scale2.xml
1 ms. Memory: 518144K Free: 249208K (48%)
----------------- Invoking toplevel() on ptolemy.moml.MoMLSimpleApplication@6d0f5846
----------------- Done invoking toplevel() on ptolemy.moml.MoMLSimpleApplication@6d0f5846
reloadAllAccessors: .Scale2

===========================================================================================
----------------- testing Mon Feb 03 19:27:41 UTC 2020 /home/travis/build/icyphy/ptII/ptolemy/actor/lib/test/auto/Scale3.xml
----------------- Instantiating /home/travis/build/icyphy/ptII/ptolemy/actor/lib/test/auto/Scale3.xml
6 ms. Memory: 518144K Free: 243064K (47%)
----------------- Invoking toplevel() on ptolemy.moml.MoMLSimpleApplication@360f219a
----------------- Done invoking toplevel() on ptolemy.moml.MoMLSimpleApplication@360f219a
reloadAllAccessors: .Scale3

===========================================================================================
----------------- testing Mon Feb 03 19:27:41 UTC 2020 /home/travis/build/icyphy/ptII/ptolemy/actor/lib/test/auto/ScaleArray.xml
----------------- Instantiating /home/travis/build/icyphy/ptII/ptolemy/actor/lib/test/auto/ScaleArray.xml
2 ms. Memory: 518144K Free: 238458K (46%)
----------------- Invoking toplevel() on ptolemy.moml.MoMLSimpleApplication@5e651947
----------------- Done invoking toplevel() on ptolemy.moml.MoMLSimpleApplication@5e651947
reloadAllAccessors: .ScaleArray

===========================================================================================
----------------- testing Mon Feb 03 19:27:41 UTC 2020 /home/travis/build/icyphy/ptII/ptolemy/actor/lib/test/auto/ScaleArray2.xml
----------------- Instantiating /home/travis/build/icyphy/ptII/ptolemy/actor/lib/test/auto/ScaleArray2.xml
2 ms. Memory: 518144K Free: 233848K (45%)
----------------- Invoking toplevel() on ptolemy.moml.MoMLSimpleApplication@4a2454ed
----------------- Done invoking toplevel() on ptolemy.moml.MoMLSimpleApplication@4a2454ed
reloadAllAccessors: .ScaleArray2

===========================================================================================
----------------- testing Mon Feb 03 19:27:41 UTC 2020 /home/travis/build/icyphy/ptII/ptolemy/actor/lib/test/auto/ScaleMatrix.xml
----------------- Instantiating /home/travis/build/icyphy/ptII/ptolemy/actor/lib/test/auto/ScaleMatrix.xml
124 ms. Memory: 518144K Free: 221560K (43%)
----------------- Invoking toplevel() on ptolemy.moml.MoMLSimpleApplication@53cf0441
----------------- Done invoking toplevel() on ptolemy.moml.MoMLSimpleApplication@53cf0441
reloadAllAccessors: .ScaleMatrix

===========================================================================================
----------------- testing Mon Feb 03 19:27:41 UTC 2020 /home/travis/build/icyphy/ptII/ptolemy/actor/lib/test/auto/Select.xml
----------------- Instantiating /home/travis/build/icyphy/ptII/ptolemy/actor/lib/test/auto/Select.xml
2 ms. Memory: 518144K Free: 214906K (41%)
----------------- Invoking toplevel() on ptolemy.moml.MoMLSimpleApplication@1a33060d
----------------- Done invoking toplevel() on ptolemy.moml.MoMLSimpleApplication@1a33060d
reloadAllAccessors: .Select

===========================================================================================
----------------- testing Mon Feb 03 19:27:41 UTC 2020 /home/travis/build/icyphy/ptII/ptolemy/actor/lib/test/auto/Select2.xml
----------------- Instantiating /home/travis/build/icyphy/ptII/ptolemy/actor/lib/test/auto/Select2.xml
1 ms. Memory: 518144K Free: 210296K (41%)
----------------- Invoking toplevel() on ptolemy.moml.MoMLSimpleApplication@3927bf6d
----------------- Done invoking toplevel() on ptolemy.moml.MoMLSimpleApplication@3927bf6d
reloadAllAccessors: .Select2

===========================================================================================
----------------- testing Mon Feb 03 19:27:41 UTC 2020 /home/travis/build/icyphy/ptII/ptolemy/actor/lib/test/auto/SequenceToArray2.xml
----------------- Instantiating /home/travis/build/icyphy/ptII/ptolemy/actor/lib/test/auto/SequenceToArray2.xml
96 ms. Memory: 518144K Free: 186234K (36%)
----------------- Invoking toplevel() on ptolemy.moml.MoMLSimpleApplication@60d4f877
----------------- Done invoking toplevel() on ptolemy.moml.MoMLSimpleApplication@60d4f877
reloadAllAccessors: .SequenceToArray2

===========================================================================================
----------------- testing Mon Feb 03 19:27:41 UTC 2020 /home/travis/build/icyphy/ptII/ptolemy/actor/lib/test/auto/SequentialClock.xml
----------------- Instantiating /home/travis/build/icyphy/ptII/ptolemy/actor/lib/test/auto/SequentialClock.xml
2 ms. Memory: 518144K Free: 182138K (35%)
----------------- Invoking toplevel() on ptolemy.moml.MoMLSimpleApplication@10aa28be
----------------- Done invoking toplevel() on ptolemy.moml.MoMLSimpleApplication@10aa28be
reloadAllAccessors: .SequentialClock

===========================================================================================
----------------- testing Mon Feb 03 19:27:41 UTC 2020 /home/travis/build/icyphy/ptII/ptolemy/actor/lib/test/auto/SetVariable.xml
----------------- Instantiating /home/travis/build/icyphy/ptII/ptolemy/actor/lib/test/auto/SetVariable.xml
2 ms. Memory: 518144K Free: 177528K (34%)
----------------- Invoking toplevel() on ptolemy.moml.MoMLSimpleApplication@356ac388
----------------- Done invoking toplevel() on ptolemy.moml.MoMLSimpleApplication@356ac388
reloadAllAccessors: .SetVariable

===========================================================================================
----------------- testing Mon Feb 03 19:27:41 UTC 2020 /home/travis/build/icyphy/ptII/ptolemy/actor/lib/test/auto/SetVariable2.xml
----------------- Instantiating /home/travis/build/icyphy/ptII/ptolemy/actor/lib/test/auto/SetVariable2.xml
2 ms. Memory: 518144K Free: 172408K (33%)
----------------- Invoking toplevel() on ptolemy.moml.MoMLSimpleApplication@6238d3c8
----------------- Done invoking toplevel() on ptolemy.moml.MoMLSimpleApplication@6238d3c8
reloadAllAccessors: .SetVariable2

===========================================================================================
----------------- testing Mon Feb 03 19:27:41 UTC 2020 /home/travis/build/icyphy/ptII/ptolemy/actor/lib/test/auto/SetVariable3.xml
----------------- Instantiating /home/travis/build/icyphy/ptII/ptolemy/actor/lib/test/auto/SetVariable3.xml
6 ms. Memory: 518144K Free: 167288K (32%)
----------------- Invoking toplevel() on ptolemy.moml.MoMLSimpleApplication@69b122bb
----------------- Done invoking toplevel() on ptolemy.moml.MoMLSimpleApplication@69b122bb
reloadAllAccessors: .SetVariable3

===========================================================================================
----------------- testing Mon Feb 03 19:27:41 UTC 2020 /home/travis/build/icyphy/ptII/ptolemy/actor/lib/test/auto/SetVariable4.xml
----------------- Instantiating /home/travis/build/icyphy/ptII/ptolemy/actor/lib/test/auto/SetVariable4.xml
26 ms. Memory: 518144K Free: 463758K (90%)
----------------- Invoking toplevel() on ptolemy.moml.MoMLSimpleApplication@1d32d411
----------------- Done invoking toplevel() on ptolemy.moml.MoMLSimpleApplication@1d32d411
reloadAllAccessors: .SetVariable4

===========================================================================================
----------------- testing Mon Feb 03 19:27:41 UTC 2020 /home/travis/build/icyphy/ptII/ptolemy/actor/lib/test/auto/SetVariable5.xml
----------------- Instantiating /home/travis/build/icyphy/ptII/ptolemy/actor/lib/test/auto/SetVariable5.xml
20 ms. Memory: 518144K Free: 453789K (88%)
----------------- Invoking toplevel() on ptolemy.moml.MoMLSimpleApplication@440d4369
----------------- Done invoking toplevel() on ptolemy.moml.MoMLSimpleApplication@440d4369
reloadAllAccessors: .SetVariable5

===========================================================================================
----------------- testing Mon Feb 03 19:27:41 UTC 2020 /home/travis/build/icyphy/ptII/ptolemy/actor/lib/test/auto/Sinewave.xml
----------------- Instantiating /home/travis/build/icyphy/ptII/ptolemy/actor/lib/test/auto/Sinewave.xml
12 ms. Memory: 518144K Free: 443039K (86%)
----------------- Invoking toplevel() on ptolemy.moml.MoMLSimpleApplication@65df420d
----------------- Done invoking toplevel() on ptolemy.moml.MoMLSimpleApplication@65df420d
reloadAllAccessors: .Sinewave

===========================================================================================
----------------- testing Mon Feb 03 19:27:42 UTC 2020 /home/travis/build/icyphy/ptII/ptolemy/actor/lib/test/auto/Sinewave2.xml
----------------- Instantiating /home/travis/build/icyphy/ptII/ptolemy/actor/lib/test/auto/Sinewave2.xml
5 ms. Memory: 518144K Free: 434847K (84%)
----------------- Invoking toplevel() on ptolemy.moml.MoMLSimpleApplication@383d4c00
----------------- Done invoking toplevel() on ptolemy.moml.MoMLSimpleApplication@383d4c00
reloadAllAccessors: .Sinewave2

===========================================================================================
----------------- testing Mon Feb 03 19:27:42 UTC 2020 /home/travis/build/icyphy/ptII/ptolemy/actor/lib/test/auto/Sinewave3.xml
----------------- Instantiating /home/travis/build/icyphy/ptII/ptolemy/actor/lib/test/auto/Sinewave3.xml
5 ms. Memory: 518144K Free: 426655K (82%)
----------------- Invoking toplevel() on ptolemy.moml.MoMLSimpleApplication@50c7d952
----------------- Done invoking toplevel() on ptolemy.moml.MoMLSimpleApplication@50c7d952
reloadAllAccessors: .Sinewave3

===========================================================================================
----------------- testing Mon Feb 03 19:27:42 UTC 2020 /home/travis/build/icyphy/ptII/ptolemy/actor/lib/test/auto/SingleEvent.xml
----------------- Instantiating /home/travis/build/icyphy/ptII/ptolemy/actor/lib/test/auto/SingleEvent.xml
1 ms. Memory: 518144K Free: 422559K (82%)
----------------- Invoking toplevel() on ptolemy.moml.MoMLSimpleApplication@5d03e803
----------------- Done invoking toplevel() on ptolemy.moml.MoMLSimpleApplication@5d03e803
reloadAllAccessors: .SingleEvent

===========================================================================================
----------------- testing Mon Feb 03 19:27:42 UTC 2020 /home/travis/build/icyphy/ptII/ptolemy/actor/lib/test/auto/Sleep.xml
----------------- Instantiating /home/travis/build/icyphy/ptII/ptolemy/actor/lib/test/auto/Sleep.xml
6004 ms. Memory: 518144K Free: 416895K (80%)
----------------- Invoking toplevel() on ptolemy.moml.MoMLSimpleApplication@30692aaa
----------------- Done invoking toplevel() on ptolemy.moml.MoMLSimpleApplication@30692aaa
reloadAllAccessors: .Sleep

===========================================================================================
----------------- testing Mon Feb 03 19:27:48 UTC 2020 /home/travis/build/icyphy/ptII/ptolemy/actor/lib/test/auto/SleepMultipleFire.xml
----------------- Instantiating /home/travis/build/icyphy/ptII/ptolemy/actor/lib/test/auto/SleepMultipleFire.xml
1012 ms. Memory: 518144K Free: 411295K (79%)
----------------- Invoking toplevel() on ptolemy.moml.MoMLSimpleApplication@1f43989a
----------------- Done invoking toplevel() on ptolemy.moml.MoMLSimpleApplication@1f43989a
reloadAllAccessors: .SleepMultipleFire

===========================================================================================
----------------- testing Mon Feb 03 19:27:49 UTC 2020 /home/travis/build/icyphy/ptII/ptolemy/actor/lib/test/auto/StopDE.xml
----------------- Instantiating /home/travis/build/icyphy/ptII/ptolemy/actor/lib/test/auto/StopDE.xml
3 ms. Memory: 518144K Free: 405661K (78%)
----------------- Invoking toplevel() on ptolemy.moml.MoMLSimpleApplication@630d5993
----------------- Done invoking toplevel() on ptolemy.moml.MoMLSimpleApplication@630d5993
reloadAllAccessors: .StopDE

===========================================================================================
----------------- testing Mon Feb 03 19:27:49 UTC 2020 /home/travis/build/icyphy/ptII/ptolemy/actor/lib/test/auto/StopSDF.xml
----------------- Instantiating /home/travis/build/icyphy/ptII/ptolemy/actor/lib/test/auto/StopSDF.xml
3 ms. Memory: 518144K Free: 400541K (77%)
----------------- Invoking toplevel() on ptolemy.moml.MoMLSimpleApplication@145ca68
----------------- Done invoking toplevel() on ptolemy.moml.MoMLSimpleApplication@145ca68
reloadAllAccessors: .StopSDF

===========================================================================================
----------------- testing Mon Feb 03 19:27:49 UTC 2020 /home/travis/build/icyphy/ptII/ptolemy/actor/lib/test/auto/StringConstant.xml
----------------- Instantiating /home/travis/build/icyphy/ptII/ptolemy/actor/lib/test/auto/StringConstant.xml
8 ms. Memory: 518144K Free: 395935K (76%)
----------------- Invoking toplevel() on ptolemy.moml.MoMLSimpleApplication@6cb9cd89
----------------- Done invoking toplevel() on ptolemy.moml.MoMLSimpleApplication@6cb9cd89
reloadAllAccessors: .StringConstant

===========================================================================================
----------------- testing Mon Feb 03 19:27:49 UTC 2020 /home/travis/build/icyphy/ptII/ptolemy/actor/lib/test/auto/SubscriberPortInitialValues1.xml
----------------- Instantiating /home/travis/build/icyphy/ptII/ptolemy/actor/lib/test/auto/SubscriberPortInitialValues1.xml
10 ms. Memory: 518144K Free: 387229K (75%)
----------------- Invoking toplevel() on ptolemy.moml.MoMLSimpleApplication@4dba3b49
----------------- Done invoking toplevel() on ptolemy.moml.MoMLSimpleApplication@4dba3b49
reloadAllAccessors: .SubscriberPortInitialValues1

===========================================================================================
----------------- testing Mon Feb 03 19:27:49 UTC 2020 /home/travis/build/icyphy/ptII/ptolemy/actor/lib/test/auto/SubscriberPortInitialValues13.xml
----------------- Instantiating /home/travis/build/icyphy/ptII/ptolemy/actor/lib/test/auto/SubscriberPortInitialValues13.xml
4 ms. Memory: 518144K Free: 373407K (72%)
----------------- Invoking toplevel() on ptolemy.moml.MoMLSimpleApplication@526976cf
----------------- Done invoking toplevel() on ptolemy.moml.MoMLSimpleApplication@526976cf
reloadAllAccessors: .SubscriberPortInitialValues13

===========================================================================================
----------------- testing Mon Feb 03 19:27:49 UTC 2020 /home/travis/build/icyphy/ptII/ptolemy/actor/lib/test/auto/SubscriberPortInitialValues14.xml
----------------- Instantiating /home/travis/build/icyphy/ptII/ptolemy/actor/lib/test/auto/SubscriberPortInitialValues14.xml
4 ms. Memory: 518144K Free: 365725K (71%)
----------------- Invoking toplevel() on ptolemy.moml.MoMLSimpleApplication@1cf84140
----------------- Done invoking toplevel() on ptolemy.moml.MoMLSimpleApplication@1cf84140
reloadAllAccessors: .SubscriberPortInitialValues14

===========================================================================================
----------------- testing Mon Feb 03 19:27:49 UTC 2020 /home/travis/build/icyphy/ptII/ptolemy/actor/lib/test/auto/SubscriberPortInitialValues2.xml
----------------- Instantiating /home/travis/build/icyphy/ptII/ptolemy/actor/lib/test/auto/SubscriberPortInitialValues2.xml
3 ms. Memory: 518144K Free: 358047K (69%)
----------------- Invoking toplevel() on ptolemy.moml.MoMLSimpleApplication@501bad98
----------------- Done invoking toplevel() on ptolemy.moml.MoMLSimpleApplication@501bad98
reloadAllAccessors: .SubscriberPortInitialValues2

===========================================================================================
----------------- testing Mon Feb 03 19:27:49 UTC 2020 /home/travis/build/icyphy/ptII/ptolemy/actor/lib/test/auto/SubscriberPortInitialValues3.xml
----------------- Instantiating /home/travis/build/icyphy/ptII/ptolemy/actor/lib/test/auto/SubscriberPortInitialValues3.xml
3 ms. Memory: 518144K Free: 346783K (67%)
----------------- Invoking toplevel() on ptolemy.moml.MoMLSimpleApplication@11f2eb93
----------------- Done invoking toplevel() on ptolemy.moml.MoMLSimpleApplication@11f2eb93
reloadAllAccessors: .SubscriberPortInitialValues3

===========================================================================================
----------------- testing Mon Feb 03 19:27:49 UTC 2020 /home/travis/build/icyphy/ptII/ptolemy/actor/lib/test/auto/SubscriptionAggregator.xml
----------------- Instantiating /home/travis/build/icyphy/ptII/ptolemy/actor/lib/test/auto/SubscriptionAggregator.xml
2 ms. Memory: 518144K Free: 340111K (66%)
----------------- Invoking toplevel() on ptolemy.moml.MoMLSimpleApplication@4bebb29b
----------------- Done invoking toplevel() on ptolemy.moml.MoMLSimpleApplication@4bebb29b
reloadAllAccessors: .SubscriptionAggregator

===========================================================================================
----------------- testing Mon Feb 03 19:27:49 UTC 2020 /home/travis/build/icyphy/ptII/ptolemy/actor/lib/test/auto/SubscriptionAggregator2.xml
----------------- Instantiating /home/travis/build/icyphy/ptII/ptolemy/actor/lib/test/auto/SubscriptionAggregator2.xml
2 ms. Memory: 518144K Free: 333471K (64%)
----------------- Invoking toplevel() on ptolemy.moml.MoMLSimpleApplication@198095a4
----------------- Done invoking toplevel() on ptolemy.moml.MoMLSimpleApplication@198095a4
reloadAllAccessors: .SubscriptionAggregator2

===========================================================================================
----------------- testing Mon Feb 03 19:27:49 UTC 2020 /home/travis/build/icyphy/ptII/ptolemy/actor/lib/test/auto/SubscriptionAggregator3.xml
----------------- Instantiating /home/travis/build/icyphy/ptII/ptolemy/actor/lib/test/auto/SubscriptionAggregator3.xml
3 ms. Memory: 518144K Free: 324765K (63%)
----------------- Invoking toplevel() on ptolemy.moml.MoMLSimpleApplication@1718210c
----------------- Done invoking toplevel() on ptolemy.moml.MoMLSimpleApplication@1718210c
reloadAllAccessors: .SubscriptionAggregator3

===========================================================================================
----------------- testing Mon Feb 03 19:27:49 UTC 2020 /home/travis/build/icyphy/ptII/ptolemy/actor/lib/test/auto/SubscriptionAggregatorMultiply.xml
----------------- Instantiating /home/travis/build/icyphy/ptII/ptolemy/actor/lib/test/auto/SubscriptionAggregatorMultiply.xml
2 ms. Memory: 518144K Free: 315549K (61%)
----------------- Invoking toplevel() on ptolemy.moml.MoMLSimpleApplication@195f3ce6
----------------- Done invoking toplevel() on ptolemy.moml.MoMLSimpleApplication@195f3ce6
reloadAllAccessors: .SubscriptionAggregatorMultiply

===========================================================================================
----------------- testing Mon Feb 03 19:27:49 UTC 2020 /home/travis/build/icyphy/ptII/ptolemy/actor/lib/test/auto/SubscriptionAggregatorPortMultiply1.xml
----------------- Instantiating /home/travis/build/icyphy/ptII/ptolemy/actor/lib/test/auto/SubscriptionAggregatorPortMultiply1.xml
4 ms. Memory: 518144K Free: 307357K (59%)
----------------- Invoking toplevel() on ptolemy.moml.MoMLSimpleApplication@4cf0005c
----------------- Done invoking toplevel() on ptolemy.moml.MoMLSimpleApplication@4cf0005c
reloadAllAccessors: .SubscriptionAggregatorPortMultiply1

===========================================================================================
----------------- testing Mon Feb 03 19:27:49 UTC 2020 /home/travis/build/icyphy/ptII/ptolemy/actor/lib/test/auto/Switch.xml
----------------- Instantiating /home/travis/build/icyphy/ptII/ptolemy/actor/lib/test/auto/Switch.xml
9 ms. Memory: 518144K Free: 299165K (58%)
----------------- Invoking toplevel() on ptolemy.moml.MoMLSimpleApplication@4f9442b0
----------------- Done invoking toplevel() on ptolemy.moml.MoMLSimpleApplication@4f9442b0
reloadAllAccessors: .Switch

===========================================================================================
----------------- testing Mon Feb 03 19:27:49 UTC 2020 /home/travis/build/icyphy/ptII/ptolemy/actor/lib/test/auto/Switch2.xml
----------------- Instantiating /home/travis/build/icyphy/ptII/ptolemy/actor/lib/test/auto/Switch2.xml
1 ms. Memory: 518144K Free: 294559K (57%)
----------------- Invoking toplevel() on ptolemy.moml.MoMLSimpleApplication@59bbfe49
----------------- Done invoking toplevel() on ptolemy.moml.MoMLSimpleApplication@59bbfe49
reloadAllAccessors: .Switch2

===========================================================================================
----------------- testing Mon Feb 03 19:27:49 UTC 2020 /home/travis/build/icyphy/ptII/ptolemy/actor/lib/test/auto/SwitchDE.xml
----------------- Instantiating /home/travis/build/icyphy/ptII/ptolemy/actor/lib/test/auto/SwitchDE.xml
3 ms. Memory: 518144K Free: 288415K (56%)
----------------- Invoking toplevel() on ptolemy.moml.MoMLSimpleApplication@7ef7ec21
----------------- Done invoking toplevel() on ptolemy.moml.MoMLSimpleApplication@7ef7ec21
reloadAllAccessors: .SwitchDE

===========================================================================================
----------------- testing Mon Feb 03 19:27:49 UTC 2020 /home/travis/build/icyphy/ptII/ptolemy/actor/lib/test/auto/SynchronizerDE.xml
----------------- Instantiating /home/travis/build/icyphy/ptII/ptolemy/actor/lib/test/auto/SynchronizerDE.xml
6 ms. Memory: 518144K Free: 280223K (54%)
----------------- Invoking toplevel() on ptolemy.moml.MoMLSimpleApplication@1c02e7
----------------- Done invoking toplevel() on ptolemy.moml.MoMLSimpleApplication@1c02e7
reloadAllAccessors: .SynchronizerDE

===========================================================================================
----------------- testing Mon Feb 03 19:27:49 UTC 2020 /home/travis/build/icyphy/ptII/ptolemy/actor/lib/test/auto/Test.xml
----------------- Instantiating /home/travis/build/icyphy/ptII/ptolemy/actor/lib/test/auto/Test.xml
2 ms. Memory: 518144K Free: 275103K (53%)
----------------- Invoking toplevel() on ptolemy.moml.MoMLSimpleApplication@1be740f1
----------------- Done invoking toplevel() on ptolemy.moml.MoMLSimpleApplication@1be740f1
reloadAllAccessors: .Test

===========================================================================================
----------------- testing Mon Feb 03 19:27:49 UTC 2020 /home/travis/build/icyphy/ptII/ptolemy/actor/lib/test/auto/TestExceptionAttribute1.xml
----------------- Instantiating /home/travis/build/icyphy/ptII/ptolemy/actor/lib/test/auto/TestExceptionAttribute1.xml
1 ms. Memory: 518144K Free: 271517K (52%)
----------------- Invoking toplevel() on ptolemy.moml.MoMLSimpleApplication@46c52c20
----------------- Done invoking toplevel() on ptolemy.moml.MoMLSimpleApplication@46c52c20
reloadAllAccessors: .TestExceptionAttribute1

===========================================================================================
----------------- testing Mon Feb 03 19:27:49 UTC 2020 /home/travis/build/icyphy/ptII/ptolemy/actor/lib/test/auto/TestExceptionAttribute2.xml
----------------- Instantiating /home/travis/build/icyphy/ptII/ptolemy/actor/lib/test/auto/TestExceptionAttribute2.xml
1 ms. Memory: 518144K Free: 267935K (52%)
----------------- Invoking toplevel() on ptolemy.moml.MoMLSimpleApplication@20cea51e
----------------- Done invoking toplevel() on ptolemy.moml.MoMLSimpleApplication@20cea51e
reloadAllAccessors: .TestExceptionAttribute2

===========================================================================================
----------------- testing Mon Feb 03 19:27:49 UTC 2020 /home/travis/build/icyphy/ptII/ptolemy/actor/lib/test/auto/TestExceptionAttribute3.xml
----------------- Instantiating /home/travis/build/icyphy/ptII/ptolemy/actor/lib/test/auto/TestExceptionAttribute3.xml
.TestExceptionAttribute3.TestExceptionAttribute: initialize() was not invoked, but wrapup() was.  This is unusual, but not always a problem.  For example, exporting JNLP will do this.
1 ms. Memory: 518144K Free: 263839K (51%)
----------------- Invoking toplevel() on ptolemy.moml.MoMLSimpleApplication@7e5304d1
----------------- Done invoking toplevel() on ptolemy.moml.MoMLSimpleApplication@7e5304d1
reloadAllAccessors: .TestExceptionAttribute3

===========================================================================================
----------------- testing Mon Feb 03 19:27:49 UTC 2020 /home/travis/build/icyphy/ptII/ptolemy/actor/lib/test/auto/TestExceptionAttribute4.xml
----------------- Instantiating /home/travis/build/icyphy/ptII/ptolemy/actor/lib/test/auto/TestExceptionAttribute4.xml
.TestExceptionAttribute4.TestExceptionAttribute: initialize() was not invoked, but wrapup() was.  This is unusual, but not always a problem.  For example, exporting JNLP will do this.
.TestExceptionAttribute4.TestExceptionAttribute2: initialize() was not invoked, but wrapup() was.  This is unusual, but not always a problem.  For example, exporting JNLP will do this.
1 ms. Memory: 518144K Free: 259743K (50%)
----------------- Invoking toplevel() on ptolemy.moml.MoMLSimpleApplication@28edf222
----------------- Done invoking toplevel() on ptolemy.moml.MoMLSimpleApplication@28edf222
reloadAllAccessors: .TestExceptionAttribute4

===========================================================================================
----------------- testing Mon Feb 03 19:27:49 UTC 2020 /home/travis/build/icyphy/ptII/ptolemy/actor/lib/test/auto/TestExceptionHandler1.xml
----------------- Instantiating /home/travis/build/icyphy/ptII/ptolemy/actor/lib/test/auto/TestExceptionHandler1.xml
1 ms. Memory: 518144K Free: 256157K (49%)
----------------- Invoking toplevel() on ptolemy.moml.MoMLSimpleApplication@4f541670
----------------- Done invoking toplevel() on ptolemy.moml.MoMLSimpleApplication@4f541670
reloadAllAccessors: .TestExceptionHandler1

===========================================================================================
----------------- testing Mon Feb 03 19:27:49 UTC 2020 /home/travis/build/icyphy/ptII/ptolemy/actor/lib/test/auto/TestExceptionHandler2.xml
----------------- Instantiating /home/travis/build/icyphy/ptII/ptolemy/actor/lib/test/auto/TestExceptionHandler2.xml
1 ms. Memory: 518144K Free: 252575K (49%)
----------------- Invoking toplevel() on ptolemy.moml.MoMLSimpleApplication@3eb9a092
----------------- Done invoking toplevel() on ptolemy.moml.MoMLSimpleApplication@3eb9a092
reloadAllAccessors: .TestExceptionHandler2

===========================================================================================
----------------- testing Mon Feb 03 19:27:49 UTC 2020 /home/travis/build/icyphy/ptII/ptolemy/actor/lib/test/auto/TestExceptionHandler3.xml
----------------- Instantiating /home/travis/build/icyphy/ptII/ptolemy/actor/lib/test/auto/TestExceptionHandler3.xml
0 ms. Memory: 518144K Free: 248989K (48%)
----------------- Invoking toplevel() on ptolemy.moml.MoMLSimpleApplication@7b9f9647
----------------- Done invoking toplevel() on ptolemy.moml.MoMLSimpleApplication@7b9f9647
reloadAllAccessors: .TestExceptionHandler3

===========================================================================================
----------------- testing Mon Feb 03 19:27:49 UTC 2020 /home/travis/build/icyphy/ptII/ptolemy/actor/lib/test/auto/TestExceptionHandler4.xml
----------------- Instantiating /home/travis/build/icyphy/ptII/ptolemy/actor/lib/test/auto/TestExceptionHandler4.xml
1 ms. Memory: 518144K Free: 244893K (47%)
----------------- Invoking toplevel() on ptolemy.moml.MoMLSimpleApplication@432b4ea5
----------------- Done invoking toplevel() on ptolemy.moml.MoMLSimpleApplication@432b4ea5
reloadAllAccessors: .TestExceptionHandler4

===========================================================================================
----------------- testing Mon Feb 03 19:27:49 UTC 2020 /home/travis/build/icyphy/ptII/ptolemy/actor/lib/test/auto/TestRequireCorrectOrder.xml
----------------- Instantiating /home/travis/build/icyphy/ptII/ptolemy/actor/lib/test/auto/TestRequireCorrectOrder.xml
4 ms. Memory: 518144K Free: 239759K (46%)
----------------- Invoking toplevel() on ptolemy.moml.MoMLSimpleApplication@cd62c26
----------------- Done invoking toplevel() on ptolemy.moml.MoMLSimpleApplication@cd62c26
reloadAllAccessors: .TestRequireCorrectOrder

===========================================================================================
----------------- testing Mon Feb 03 19:27:49 UTC 2020 /home/travis/build/icyphy/ptII/ptolemy/actor/lib/test/auto/TestSimple.xml
----------------- Instantiating /home/travis/build/icyphy/ptII/ptolemy/actor/lib/test/auto/TestSimple.xml
2 ms. Memory: 518144K Free: 235167K (45%)
----------------- Invoking toplevel() on ptolemy.moml.MoMLSimpleApplication@572df660
----------------- Done invoking toplevel() on ptolemy.moml.MoMLSimpleApplication@572df660
reloadAllAccessors: .TestSimple

===========================================================================================
----------------- testing Mon Feb 03 19:27:49 UTC 2020 /home/travis/build/icyphy/ptII/ptolemy/actor/lib/test/auto/ThrowModelError.xml
----------------- Instantiating /home/travis/build/icyphy/ptII/ptolemy/actor/lib/test/auto/ThrowModelError.xml
1 ms. Memory: 518144K Free: 230557K (44%)
----------------- Invoking toplevel() on ptolemy.moml.MoMLSimpleApplication@5a4d9d59
----------------- Done invoking toplevel() on ptolemy.moml.MoMLSimpleApplication@5a4d9d59
reloadAllAccessors: .ThrowModelError

===========================================================================================
----------------- testing Mon Feb 03 19:27:49 UTC 2020 /home/travis/build/icyphy/ptII/ptolemy/actor/lib/test/auto/TimeDelayMicrosteps.xml
----------------- Instantiating /home/travis/build/icyphy/ptII/ptolemy/actor/lib/test/auto/TimeDelayMicrosteps.xml
5 ms. Memory: 518144K Free: 223903K (43%)
----------------- Invoking toplevel() on ptolemy.moml.MoMLSimpleApplication@6f7f0cb4
----------------- Done invoking toplevel() on ptolemy.moml.MoMLSimpleApplication@6f7f0cb4
reloadAllAccessors: .TimeDelayMicrosteps

===========================================================================================
----------------- testing Mon Feb 03 19:27:49 UTC 2020 /home/travis/build/icyphy/ptII/ptolemy/actor/lib/test/auto/TimeDelayMicrosteps2.xml
----------------- Instantiating /home/travis/build/icyphy/ptII/ptolemy/actor/lib/test/auto/TimeDelayMicrosteps2.xml
2 ms. Memory: 518144K Free: 216735K (42%)
----------------- Invoking toplevel() on ptolemy.moml.MoMLSimpleApplication@2d7e9230
----------------- Done invoking toplevel() on ptolemy.moml.MoMLSimpleApplication@2d7e9230
reloadAllAccessors: .TimeDelayMicrosteps2

===========================================================================================
----------------- testing Mon Feb 03 19:27:49 UTC 2020 /home/travis/build/icyphy/ptII/ptolemy/actor/lib/test/auto/TimeDelayMicrosteps3.xml
----------------- Instantiating /home/travis/build/icyphy/ptII/ptolemy/actor/lib/test/auto/TimeDelayMicrosteps3.xml
2 ms. Memory: 518144K Free: 209567K (40%)
----------------- Invoking toplevel() on ptolemy.moml.MoMLSimpleApplication@263f3c77
----------------- Done invoking toplevel() on ptolemy.moml.MoMLSimpleApplication@263f3c77
reloadAllAccessors: .TimeDelayMicrosteps3

===========================================================================================
----------------- testing Mon Feb 03 19:27:49 UTC 2020 /home/travis/build/icyphy/ptII/ptolemy/actor/lib/test/auto/TimeDelayVariableMicrosteps.xml
----------------- Instantiating /home/travis/build/icyphy/ptII/ptolemy/actor/lib/test/auto/TimeDelayVariableMicrosteps.xml
2 ms. Memory: 518144K Free: 202909K (39%)
----------------- Invoking toplevel() on ptolemy.moml.MoMLSimpleApplication@6344c447
----------------- Done invoking toplevel() on ptolemy.moml.MoMLSimpleApplication@6344c447
reloadAllAccessors: .TimeDelayVariableMicrosteps

===========================================================================================
----------------- testing Mon Feb 03 19:27:49 UTC 2020 /home/travis/build/icyphy/ptII/ptolemy/actor/lib/test/auto/TimeGap.xml
----------------- Instantiating /home/travis/build/icyphy/ptII/ptolemy/actor/lib/test/auto/TimeGap.xml
3 ms. Memory: 518144K Free: 197759K (38%)
----------------- Invoking toplevel() on ptolemy.moml.MoMLSimpleApplication@1ec4aba
----------------- Done invoking toplevel() on ptolemy.moml.MoMLSimpleApplication@1ec4aba
reloadAllAccessors: .TimeGap

===========================================================================================
----------------- testing Mon Feb 03 19:27:49 UTC 2020 /home/travis/build/icyphy/ptII/ptolemy/actor/lib/test/auto/TimeGap2.xml
----------------- Instantiating /home/travis/build/icyphy/ptII/ptolemy/actor/lib/test/auto/TimeGap2.xml
1 ms. Memory: 518144K Free: 192159K (37%)
----------------- Invoking toplevel() on ptolemy.moml.MoMLSimpleApplication@3db96394
----------------- Done invoking toplevel() on ptolemy.moml.MoMLSimpleApplication@3db96394
reloadAllAccessors: .TimeGap2

===========================================================================================
----------------- testing Mon Feb 03 19:27:49 UTC 2020 /home/travis/build/icyphy/ptII/ptolemy/actor/lib/test/auto/TimedSinewave.xml
----------------- Instantiating /home/travis/build/icyphy/ptII/ptolemy/actor/lib/test/auto/TimedSinewave.xml
17 ms. Memory: 518144K Free: 178333K (34%)
----------------- Invoking toplevel() on ptolemy.moml.MoMLSimpleApplication@2baed4cd
----------------- Done invoking toplevel() on ptolemy.moml.MoMLSimpleApplication@2baed4cd
reloadAllAccessors: .TimedSinewave

===========================================================================================
----------------- testing Mon Feb 03 19:27:49 UTC 2020 /home/travis/build/icyphy/ptII/ptolemy/actor/lib/test/auto/TimedSinewavePhase.xml
----------------- Instantiating /home/travis/build/icyphy/ptII/ptolemy/actor/lib/test/auto/TimedSinewavePhase.xml
8 ms. Memory: 518144K Free: 168607K (33%)
----------------- Invoking toplevel() on ptolemy.moml.MoMLSimpleApplication@545f8975
----------------- Done invoking toplevel() on ptolemy.moml.MoMLSimpleApplication@545f8975
reloadAllAccessors: .TimedSinewavePhase

===========================================================================================
----------------- testing Mon Feb 03 19:27:49 UTC 2020 /home/travis/build/icyphy/ptII/ptolemy/actor/lib/test/auto/Timer.xml
----------------- Instantiating /home/travis/build/icyphy/ptII/ptolemy/actor/lib/test/auto/Timer.xml
2 ms. Memory: 518144K Free: 162967K (31%)
----------------- Invoking toplevel() on ptolemy.moml.MoMLSimpleApplication@18a1bf70
----------------- Done invoking toplevel() on ptolemy.moml.MoMLSimpleApplication@18a1bf70
reloadAllAccessors: .Timer

===========================================================================================
----------------- testing Mon Feb 03 19:27:49 UTC 2020 /home/travis/build/icyphy/ptII/ptolemy/actor/lib/test/auto/TriangularDistTestModel.xml
----------------- Instantiating /home/travis/build/icyphy/ptII/ptolemy/actor/lib/test/auto/TriangularDistTestModel.xml
2 ms. Memory: 518144K Free: 464470K (90%)
----------------- Invoking toplevel() on ptolemy.moml.MoMLSimpleApplication@350cbf8
----------------- Done invoking toplevel() on ptolemy.moml.MoMLSimpleApplication@350cbf8
reloadAllAccessors: .TriangularDistTestModel

===========================================================================================
----------------- testing Mon Feb 03 19:27:49 UTC 2020 /home/travis/build/icyphy/ptII/ptolemy/actor/lib/test/auto/TrigFunction.xml
----------------- Instantiating /home/travis/build/icyphy/ptII/ptolemy/actor/lib/test/auto/TrigFunction.xml
1 ms. Memory: 518144K Free: 458836K (89%)
----------------- Invoking toplevel() on ptolemy.moml.MoMLSimpleApplication@693a3bf6
----------------- Done invoking toplevel() on ptolemy.moml.MoMLSimpleApplication@693a3bf6
reloadAllAccessors: .TrigFunction

===========================================================================================
----------------- testing Mon Feb 03 19:27:49 UTC 2020 /home/travis/build/icyphy/ptII/ptolemy/actor/lib/test/auto/TrigFunctionDE.xml
----------------- Instantiating /home/travis/build/icyphy/ptII/ptolemy/actor/lib/test/auto/TrigFunctionDE.xml
2 ms. Memory: 518144K Free: 453206K (87%)
----------------- Invoking toplevel() on ptolemy.moml.MoMLSimpleApplication@263cdbe6
----------------- Done invoking toplevel() on ptolemy.moml.MoMLSimpleApplication@263cdbe6
reloadAllAccessors: .TrigFunctionDE

===========================================================================================
----------------- testing Mon Feb 03 19:27:49 UTC 2020 /home/travis/build/icyphy/ptII/ptolemy/actor/lib/test/auto/TrigFunctionInverse.xml
----------------- Instantiating /home/travis/build/icyphy/ptII/ptolemy/actor/lib/test/auto/TrigFunctionInverse.xml
1 ms. Memory: 518144K Free: 448086K (86%)
----------------- Invoking toplevel() on ptolemy.moml.MoMLSimpleApplication@43825a26
----------------- Done invoking toplevel() on ptolemy.moml.MoMLSimpleApplication@43825a26
reloadAllAccessors: .TrigFunctionInverse

===========================================================================================
----------------- testing Mon Feb 03 19:27:49 UTC 2020 /home/travis/build/icyphy/ptII/ptolemy/actor/lib/test/auto/TrigFunctionTan.xml
----------------- Instantiating /home/travis/build/icyphy/ptII/ptolemy/actor/lib/test/auto/TrigFunctionTan.xml
1 ms. Memory: 518144K Free: 443990K (86%)
----------------- Invoking toplevel() on ptolemy.moml.MoMLSimpleApplication@b28960c
----------------- Done invoking toplevel() on ptolemy.moml.MoMLSimpleApplication@b28960c
reloadAllAccessors: .TrigFunctionTan

===========================================================================================
----------------- testing Mon Feb 03 19:27:49 UTC 2020 /home/travis/build/icyphy/ptII/ptolemy/actor/lib/test/auto/TriggeredClock.xml
----------------- Instantiating /home/travis/build/icyphy/ptII/ptolemy/actor/lib/test/auto/TriggeredClock.xml
1 ms. Memory: 518144K Free: 438870K (85%)
----------------- Invoking toplevel() on ptolemy.moml.MoMLSimpleApplication@7634abad
----------------- Done invoking toplevel() on ptolemy.moml.MoMLSimpleApplication@7634abad
reloadAllAccessors: .TriggeredClock

===========================================================================================
----------------- testing Mon Feb 03 19:27:49 UTC 2020 /home/travis/build/icyphy/ptII/ptolemy/actor/lib/test/auto/URLDirectoryReader.xml
----------------- Instantiating /home/travis/build/icyphy/ptII/ptolemy/actor/lib/test/auto/URLDirectoryReader.xml
24 ms. Memory: 518144K Free: 429140K (83%)
----------------- Invoking toplevel() on ptolemy.moml.MoMLSimpleApplication@2bb4c705
----------------- Done invoking toplevel() on ptolemy.moml.MoMLSimpleApplication@2bb4c705
reloadAllAccessors: .URLDirectoryReader

===========================================================================================
----------------- testing Mon Feb 03 19:27:49 UTC 2020 /home/travis/build/icyphy/ptII/ptolemy/actor/lib/test/auto/URLDirectoryReader3.xml
----------------- Instantiating /home/travis/build/icyphy/ptII/ptolemy/actor/lib/test/auto/URLDirectoryReader3.xml
1387 ms. Memory: 518144K Free: 456962K (88%)
----------------- Invoking toplevel() on ptolemy.moml.MoMLSimpleApplication@5b14bcf9
----------------- Done invoking toplevel() on ptolemy.moml.MoMLSimpleApplication@5b14bcf9
reloadAllAccessors: .URLDirectoryReader3

===========================================================================================
----------------- testing Mon Feb 03 19:27:51 UTC 2020 /home/travis/build/icyphy/ptII/ptolemy/actor/lib/test/auto/UnaryMathFunction.xml
----------------- Instantiating /home/travis/build/icyphy/ptII/ptolemy/actor/lib/test/auto/UnaryMathFunction.xml
2 ms. Memory: 518144K Free: 448751K (87%)
----------------- Invoking toplevel() on ptolemy.moml.MoMLSimpleApplication@76f19dae
----------------- Done invoking toplevel() on ptolemy.moml.MoMLSimpleApplication@76f19dae
reloadAllAccessors: .UnaryMathFunction

===========================================================================================
----------------- testing Mon Feb 03 19:27:51 UTC 2020 /home/travis/build/icyphy/ptII/ptolemy/actor/lib/test/auto/Uniform.xml
----------------- Instantiating /home/travis/build/icyphy/ptII/ptolemy/actor/lib/test/auto/Uniform.xml
5 ms. Memory: 518144K Free: 444145K (86%)
----------------- Invoking toplevel() on ptolemy.moml.MoMLSimpleApplication@53aa3422
----------------- Done invoking toplevel() on ptolemy.moml.MoMLSimpleApplication@53aa3422
reloadAllAccessors: .Uniform

===========================================================================================
----------------- testing Mon Feb 03 19:27:51 UTC 2020 /home/travis/build/icyphy/ptII/ptolemy/actor/lib/test/auto/UnionDisassemblerTest.xml
----------------- Instantiating /home/travis/build/icyphy/ptII/ptolemy/actor/lib/test/auto/UnionDisassemblerTest.xml
15 ms. Memory: 518144K Free: 440529K (85%)
----------------- Invoking toplevel() on ptolemy.moml.MoMLSimpleApplication@74fc4bd1
----------------- Done invoking toplevel() on ptolemy.moml.MoMLSimpleApplication@74fc4bd1
reloadAllAccessors: .UnionDisassemblerTest

===========================================================================================
----------------- testing Mon Feb 03 19:27:51 UTC 2020 /home/travis/build/icyphy/ptII/ptolemy/actor/lib/test/auto/UtilityFunctions.xml
----------------- Instantiating /home/travis/build/icyphy/ptII/ptolemy/actor/lib/test/auto/UtilityFunctions.xml
1 ms. Memory: 518144K Free: 436977K (84%)
----------------- Invoking toplevel() on ptolemy.moml.MoMLSimpleApplication@24765799
----------------- Done invoking toplevel() on ptolemy.moml.MoMLSimpleApplication@24765799
reloadAllAccessors: .UtilityFunctions

===========================================================================================
----------------- testing Mon Feb 03 19:27:51 UTC 2020 /home/travis/build/icyphy/ptII/ptolemy/actor/lib/test/auto/VariableSleep.xml
----------------- Instantiating /home/travis/build/icyphy/ptII/ptolemy/actor/lib/test/auto/VariableSleep.xml
503 ms. Memory: 518144K Free: 431343K (83%)
----------------- Invoking toplevel() on ptolemy.moml.MoMLSimpleApplication@60eb5267
----------------- Done invoking toplevel() on ptolemy.moml.MoMLSimpleApplication@60eb5267
reloadAllAccessors: .VariableSleep

===========================================================================================
----------------- testing Mon Feb 03 19:27:52 UTC 2020 /home/travis/build/icyphy/ptII/ptolemy/actor/lib/test/auto/VectorAssemblerDisassemblerCT.xml
----------------- Instantiating /home/travis/build/icyphy/ptII/ptolemy/actor/lib/test/auto/VectorAssemblerDisassemblerCT.xml
65 ms. Memory: 518144K Free: 410863K (79%)
----------------- Invoking toplevel() on ptolemy.moml.MoMLSimpleApplication@338da8cb
----------------- Done invoking toplevel() on ptolemy.moml.MoMLSimpleApplication@338da8cb
reloadAllAccessors: .VectorAssemblerDisassemblerCT

===========================================================================================
----------------- testing Mon Feb 03 19:27:52 UTC 2020 /home/travis/build/icyphy/ptII/ptolemy/actor/lib/test/auto/VectorAssemblerDisassemblerDE.xml
----------------- Instantiating /home/travis/build/icyphy/ptII/ptolemy/actor/lib/test/auto/VectorAssemblerDisassemblerDE.xml
3 ms. Memory: 518144K Free: 403185K (78%)
----------------- Invoking toplevel() on ptolemy.moml.MoMLSimpleApplication@63e3957c
----------------- Done invoking toplevel() on ptolemy.moml.MoMLSimpleApplication@63e3957c
reloadAllAccessors: .VectorAssemblerDisassemblerDE

===========================================================================================
----------------- testing Mon Feb 03 19:27:52 UTC 2020 /home/travis/build/icyphy/ptII/ptolemy/actor/lib/test/auto/VectorAssemblerDisassemblerSDF.xml
----------------- Instantiating /home/travis/build/icyphy/ptII/ptolemy/actor/lib/test/auto/VectorAssemblerDisassemblerSDF.xml
3 ms. Memory: 518144K Free: 397041K (77%)
----------------- Invoking toplevel() on ptolemy.moml.MoMLSimpleApplication@39860f
----------------- Done invoking toplevel() on ptolemy.moml.MoMLSimpleApplication@39860f
reloadAllAccessors: .VectorAssemblerDisassemblerSDF

===========================================================================================
----------------- testing Mon Feb 03 19:27:52 UTC 2020 /home/travis/build/icyphy/ptII/ptolemy/actor/lib/test/auto/WallClockTime.xml
----------------- Instantiating /home/travis/build/icyphy/ptII/ptolemy/actor/lib/test/auto/WallClockTime.xml
1003 ms. Memory: 518144K Free: 391921K (76%)
----------------- Invoking toplevel() on ptolemy.moml.MoMLSimpleApplication@275ecd8c
----------------- Done invoking toplevel() on ptolemy.moml.MoMLSimpleApplication@275ecd8c
reloadAllAccessors: .WallClockTime

===========================================================================================
----------------- testing Mon Feb 03 19:27:53 UTC 2020 /home/travis/build/icyphy/ptII/ptolemy/actor/lib/test/auto/WidthTestWithSubscriberPublisher.xml
----------------- Instantiating /home/travis/build/icyphy/ptII/ptolemy/actor/lib/test/auto/WidthTestWithSubscriberPublisher.xml
7 ms. Memory: 518144K Free: 373999K (72%)
----------------- Invoking toplevel() on ptolemy.moml.MoMLSimpleApplication@279a774c
----------------- Done invoking toplevel() on ptolemy.moml.MoMLSimpleApplication@279a774c
reloadAllAccessors: .WidthTestWithSubscriberPublisher

===========================================================================================
----------------- testing Mon Feb 03 19:27:53 UTC 2020 /home/travis/build/icyphy/ptII/ptolemy/actor/lib/test/auto/WidthTestWithSubscriberPublisher2.xml
----------------- Instantiating /home/travis/build/icyphy/ptII/ptolemy/actor/lib/test/auto/WidthTestWithSubscriberPublisher2.xml
2 ms. Memory: 518144K Free: 367345K (71%)
----------------- Invoking toplevel() on ptolemy.moml.MoMLSimpleApplication@733a5390
----------------- Done invoking toplevel() on ptolemy.moml.MoMLSimpleApplication@733a5390
reloadAllAccessors: .WidthTestWithSubscriberPublisher2

===========================================================================================
----------------- testing Mon Feb 03 19:27:53 UTC 2020 /home/travis/build/icyphy/ptII/ptolemy/actor/lib/test/auto/WidthTestWithSubscriberPublisher3.xml
----------------- Instantiating /home/travis/build/icyphy/ptII/ptolemy/actor/lib/test/auto/WidthTestWithSubscriberPublisher3.xml
1 ms. Memory: 518144K Free: 361711K (70%)
----------------- Invoking toplevel() on ptolemy.moml.MoMLSimpleApplication@7ee4b186
----------------- Done invoking toplevel() on ptolemy.moml.MoMLSimpleApplication@7ee4b186
reloadAllAccessors: .WidthTestWithSubscriberPublisher3

===========================================================================================
----------------- testing Mon Feb 03 19:27:53 UTC 2020 /home/travis/build/icyphy/ptII/ptolemy/actor/lib/test/auto/Writer.xml
----------------- Instantiating /home/travis/build/icyphy/ptII/ptolemy/actor/lib/test/auto/Writer.xml
0
1
2
3
4
1 ms. Memory: 518144K Free: 357105K (69%)
----------------- Invoking toplevel() on ptolemy.moml.MoMLSimpleApplication@187e3271
----------------- Done invoking toplevel() on ptolemy.moml.MoMLSimpleApplication@187e3271
reloadAllAccessors: .Writer

===========================================================================================
----------------- testing Mon Feb 03 19:27:53 UTC 2020 /home/travis/build/icyphy/ptII/ptolemy/actor/lib/test/auto/array.xml
----------------- Instantiating /home/travis/build/icyphy/ptII/ptolemy/actor/lib/test/auto/array.xml
2 ms. Memory: 518144K Free: 352495K (68%)
----------------- Invoking toplevel() on ptolemy.moml.MoMLSimpleApplication@5917aa26
----------------- Done invoking toplevel() on ptolemy.moml.MoMLSimpleApplication@5917aa26
reloadAllAccessors: .array

===========================================================================================
----------------- testing Mon Feb 03 19:27:53 UTC 2020 /home/travis/build/icyphy/ptII/ptolemy/actor/lib/test/auto/array2.xml
----------------- Instantiating /home/travis/build/icyphy/ptII/ptolemy/actor/lib/test/auto/array2.xml
10 ms. Memory: 518144K Free: 347361K (67%)
----------------- Invoking toplevel() on ptolemy.moml.MoMLSimpleApplication@3995423b
----------------- Done invoking toplevel() on ptolemy.moml.MoMLSimpleApplication@3995423b
reloadAllAccessors: .array2

===========================================================================================
----------------- testing Mon Feb 03 19:27:53 UTC 2020 /home/travis/build/icyphy/ptII/ptolemy/actor/lib/test/auto/arrayType.xml
----------------- Instantiating /home/travis/build/icyphy/ptII/ptolemy/actor/lib/test/auto/arrayType.xml
6 ms. Memory: 518144K Free: 342255K (66%)
----------------- Invoking toplevel() on ptolemy.moml.MoMLSimpleApplication@2a37e08e
----------------- Done invoking toplevel() on ptolemy.moml.MoMLSimpleApplication@2a37e08e
reloadAllAccessors: .arrayType

===========================================================================================
----------------- testing Mon Feb 03 19:27:53 UTC 2020 /home/travis/build/icyphy/ptII/ptolemy/actor/lib/test/auto/arrayType10.xml
----------------- Instantiating /home/travis/build/icyphy/ptII/ptolemy/actor/lib/test/auto/arrayType10.xml
2 ms. Memory: 518144K Free: 337649K (65%)
----------------- Invoking toplevel() on ptolemy.moml.MoMLSimpleApplication@71b74e1a
----------------- Done invoking toplevel() on ptolemy.moml.MoMLSimpleApplication@71b74e1a
reloadAllAccessors: .arrayType10

===========================================================================================
----------------- testing Mon Feb 03 19:27:53 UTC 2020 /home/travis/build/icyphy/ptII/ptolemy/actor/lib/test/auto/arrayType11.xml
----------------- Instantiating /home/travis/build/icyphy/ptII/ptolemy/actor/lib/test/auto/arrayType11.xml
2 ms. Memory: 518144K Free: 332529K (64%)
----------------- Invoking toplevel() on ptolemy.moml.MoMLSimpleApplication@40e28968
----------------- Done invoking toplevel() on ptolemy.moml.MoMLSimpleApplication@40e28968
reloadAllAccessors: .arrayType11

===========================================================================================
----------------- testing Mon Feb 03 19:27:53 UTC 2020 /home/travis/build/icyphy/ptII/ptolemy/actor/lib/test/auto/arrayType12.xml
----------------- Instantiating /home/travis/build/icyphy/ptII/ptolemy/actor/lib/test/auto/arrayType12.xml
2 ms. Memory: 518144K Free: 327919K (63%)
----------------- Invoking toplevel() on ptolemy.moml.MoMLSimpleApplication@1f65baf4
----------------- Done invoking toplevel() on ptolemy.moml.MoMLSimpleApplication@1f65baf4
reloadAllAccessors: .arrayType12

===========================================================================================
----------------- testing Mon Feb 03 19:27:53 UTC 2020 /home/travis/build/icyphy/ptII/ptolemy/actor/lib/test/auto/arrayType13.xml
----------------- Instantiating /home/travis/build/icyphy/ptII/ptolemy/actor/lib/test/auto/arrayType13.xml
1 ms. Memory: 518144K Free: 322785K (62%)
----------------- Invoking toplevel() on ptolemy.moml.MoMLSimpleApplication@23e4c230
----------------- Done invoking toplevel() on ptolemy.moml.MoMLSimpleApplication@23e4c230
reloadAllAccessors: .arrayType13

===========================================================================================
----------------- testing Mon Feb 03 19:27:53 UTC 2020 /home/travis/build/icyphy/ptII/ptolemy/actor/lib/test/auto/arrayType14.xml
----------------- Instantiating /home/travis/build/icyphy/ptII/ptolemy/actor/lib/test/auto/arrayType14.xml
1 ms. Memory: 518144K Free: 317665K (61%)
----------------- Invoking toplevel() on ptolemy.moml.MoMLSimpleApplication@5173efa0
----------------- Done invoking toplevel() on ptolemy.moml.MoMLSimpleApplication@5173efa0
reloadAllAccessors: .arrayType14

===========================================================================================
----------------- testing Mon Feb 03 19:27:53 UTC 2020 /home/travis/build/icyphy/ptII/ptolemy/actor/lib/test/auto/arrayType15.xml
----------------- Instantiating /home/travis/build/icyphy/ptII/ptolemy/actor/lib/test/auto/arrayType15.xml
3 ms. Memory: 518144K Free: 312559K (60%)
----------------- Invoking toplevel() on ptolemy.moml.MoMLSimpleApplication@278fb1b8
----------------- Done invoking toplevel() on ptolemy.moml.MoMLSimpleApplication@278fb1b8
reloadAllAccessors: .arrayType15

===========================================================================================
----------------- testing Mon Feb 03 19:27:53 UTC 2020 /home/travis/build/icyphy/ptII/ptolemy/actor/lib/test/auto/arrayType16.xml
----------------- Instantiating /home/travis/build/icyphy/ptII/ptolemy/actor/lib/test/auto/arrayType16.xml
2 ms. Memory: 518144K Free: 306929K (59%)
----------------- Invoking toplevel() on ptolemy.moml.MoMLSimpleApplication@3531b71b
----------------- Done invoking toplevel() on ptolemy.moml.MoMLSimpleApplication@3531b71b
reloadAllAccessors: .arrayType16

===========================================================================================
----------------- testing Mon Feb 03 19:27:53 UTC 2020 /home/travis/build/icyphy/ptII/ptolemy/actor/lib/test/auto/arrayType17.xml
----------------- Instantiating /home/travis/build/icyphy/ptII/ptolemy/actor/lib/test/auto/arrayType17.xml
2 ms. Memory: 518144K Free: 301809K (58%)
----------------- Invoking toplevel() on ptolemy.moml.MoMLSimpleApplication@239375ef
----------------- Done invoking toplevel() on ptolemy.moml.MoMLSimpleApplication@239375ef
reloadAllAccessors: .arrayType17

===========================================================================================
----------------- testing Mon Feb 03 19:27:53 UTC 2020 /home/travis/build/icyphy/ptII/ptolemy/actor/lib/test/auto/arrayType18.xml
----------------- Instantiating /home/travis/build/icyphy/ptII/ptolemy/actor/lib/test/auto/arrayType18.xml
1 ms. Memory: 518144K Free: 297199K (57%)
----------------- Invoking toplevel() on ptolemy.moml.MoMLSimpleApplication@56b15d7d
----------------- Done invoking toplevel() on ptolemy.moml.MoMLSimpleApplication@56b15d7d
reloadAllAccessors: .arrayType18

===========================================================================================
----------------- testing Mon Feb 03 19:27:53 UTC 2020 /home/travis/build/icyphy/ptII/ptolemy/actor/lib/test/auto/arrayType19.xml
----------------- Instantiating /home/travis/build/icyphy/ptII/ptolemy/actor/lib/test/auto/arrayType19.xml
1 ms. Memory: 518144K Free: 292593K (56%)
----------------- Invoking toplevel() on ptolemy.moml.MoMLSimpleApplication@40343fad
----------------- Done invoking toplevel() on ptolemy.moml.MoMLSimpleApplication@40343fad
reloadAllAccessors: .arrayType19

===========================================================================================
----------------- testing Mon Feb 03 19:27:53 UTC 2020 /home/travis/build/icyphy/ptII/ptolemy/actor/lib/test/auto/arrayType2.xml
----------------- Instantiating /home/travis/build/icyphy/ptII/ptolemy/actor/lib/test/auto/arrayType2.xml
1 ms. Memory: 518144K Free: 287473K (55%)
----------------- Invoking toplevel() on ptolemy.moml.MoMLSimpleApplication@6ce06cc
----------------- Done invoking toplevel() on ptolemy.moml.MoMLSimpleApplication@6ce06cc
reloadAllAccessors: .arrayType2

===========================================================================================
----------------- testing Mon Feb 03 19:27:53 UTC 2020 /home/travis/build/icyphy/ptII/ptolemy/actor/lib/test/auto/arrayType20.xml
----------------- Instantiating /home/travis/build/icyphy/ptII/ptolemy/actor/lib/test/auto/arrayType20.xml
1 ms. Memory: 518144K Free: 282353K (54%)
----------------- Invoking toplevel() on ptolemy.moml.MoMLSimpleApplication@34141052
----------------- Done invoking toplevel() on ptolemy.moml.MoMLSimpleApplication@34141052
reloadAllAccessors: .arrayType20

===========================================================================================
----------------- testing Mon Feb 03 19:27:53 UTC 2020 /home/travis/build/icyphy/ptII/ptolemy/actor/lib/test/auto/arrayType21.xml
----------------- Instantiating /home/travis/build/icyphy/ptII/ptolemy/actor/lib/test/auto/arrayType21.xml
1 ms. Memory: 518144K Free: 277743K (54%)
----------------- Invoking toplevel() on ptolemy.moml.MoMLSimpleApplication@64c935d7
----------------- Done invoking toplevel() on ptolemy.moml.MoMLSimpleApplication@64c935d7
reloadAllAccessors: .arrayType21

===========================================================================================
----------------- testing Mon Feb 03 19:27:53 UTC 2020 /home/travis/build/icyphy/ptII/ptolemy/actor/lib/test/auto/arrayType22.xml
----------------- Instantiating /home/travis/build/icyphy/ptII/ptolemy/actor/lib/test/auto/arrayType22.xml
2 ms. Memory: 518144K Free: 273137K (53%)
----------------- Invoking toplevel() on ptolemy.moml.MoMLSimpleApplication@79f96d49
----------------- Done invoking toplevel() on ptolemy.moml.MoMLSimpleApplication@79f96d49
reloadAllAccessors: .arrayType22

===========================================================================================
----------------- testing Mon Feb 03 19:27:53 UTC 2020 /home/travis/build/icyphy/ptII/ptolemy/actor/lib/test/auto/arrayType23.xml
----------------- Instantiating /home/travis/build/icyphy/ptII/ptolemy/actor/lib/test/auto/arrayType23.xml
2 ms. Memory: 518144K Free: 268527K (52%)
----------------- Invoking toplevel() on ptolemy.moml.MoMLSimpleApplication@5e50c131
----------------- Done invoking toplevel() on ptolemy.moml.MoMLSimpleApplication@5e50c131
reloadAllAccessors: .arrayType23

===========================================================================================
----------------- testing Mon Feb 03 19:27:53 UTC 2020 /home/travis/build/icyphy/ptII/ptolemy/actor/lib/test/auto/arrayType24.xml
----------------- Instantiating /home/travis/build/icyphy/ptII/ptolemy/actor/lib/test/auto/arrayType24.xml
2 ms. Memory: 518144K Free: 263407K (51%)
----------------- Invoking toplevel() on ptolemy.moml.MoMLSimpleApplication@4be1d87d
----------------- Done invoking toplevel() on ptolemy.moml.MoMLSimpleApplication@4be1d87d
reloadAllAccessors: .arrayType24

===========================================================================================
----------------- testing Mon Feb 03 19:27:53 UTC 2020 /home/travis/build/icyphy/ptII/ptolemy/actor/lib/test/auto/arrayType25.xml
----------------- Instantiating /home/travis/build/icyphy/ptII/ptolemy/actor/lib/test/auto/arrayType25.xml
1 ms. Memory: 518144K Free: 258287K (50%)
----------------- Invoking toplevel() on ptolemy.moml.MoMLSimpleApplication@6070bebe
----------------- Done invoking toplevel() on ptolemy.moml.MoMLSimpleApplication@6070bebe
reloadAllAccessors: .arrayType25

===========================================================================================
----------------- testing Mon Feb 03 19:27:53 UTC 2020 /home/travis/build/icyphy/ptII/ptolemy/actor/lib/test/auto/arrayType26.xml
----------------- Instantiating /home/travis/build/icyphy/ptII/ptolemy/actor/lib/test/auto/arrayType26.xml
1 ms. Memory: 518144K Free: 253167K (49%)
----------------- Invoking toplevel() on ptolemy.moml.MoMLSimpleApplication@721f42c4
----------------- Done invoking toplevel() on ptolemy.moml.MoMLSimpleApplication@721f42c4
reloadAllAccessors: .arrayType26

===========================================================================================
----------------- testing Mon Feb 03 19:27:53 UTC 2020 /home/travis/build/icyphy/ptII/ptolemy/actor/lib/test/auto/arrayType27.xml
----------------- Instantiating /home/travis/build/icyphy/ptII/ptolemy/actor/lib/test/auto/arrayType27.xml
1 ms. Memory: 518144K Free: 248047K (48%)
----------------- Invoking toplevel() on ptolemy.moml.MoMLSimpleApplication@4836575d
----------------- Done invoking toplevel() on ptolemy.moml.MoMLSimpleApplication@4836575d
reloadAllAccessors: .arrayType27

===========================================================================================
----------------- testing Mon Feb 03 19:27:53 UTC 2020 /home/travis/build/icyphy/ptII/ptolemy/actor/lib/test/auto/arrayType28.xml
----------------- Instantiating /home/travis/build/icyphy/ptII/ptolemy/actor/lib/test/auto/arrayType28.xml
1 ms. Memory: 518144K Free: 242417K (47%)
----------------- Invoking toplevel() on ptolemy.moml.MoMLSimpleApplication@4798b1e3
----------------- Done invoking toplevel() on ptolemy.moml.MoMLSimpleApplication@4798b1e3
reloadAllAccessors: .arrayType28

===========================================================================================
----------------- testing Mon Feb 03 19:27:53 UTC 2020 /home/travis/build/icyphy/ptII/ptolemy/actor/lib/test/auto/arrayType3.xml
----------------- Instantiating /home/travis/build/icyphy/ptII/ptolemy/actor/lib/test/auto/arrayType3.xml
1 ms. Memory: 518144K Free: 237297K (46%)
----------------- Invoking toplevel() on ptolemy.moml.MoMLSimpleApplication@11e63501
----------------- Done invoking toplevel() on ptolemy.moml.MoMLSimpleApplication@11e63501
reloadAllAccessors: .arrayType3

===========================================================================================
----------------- testing Mon Feb 03 19:27:53 UTC 2020 /home/travis/build/icyphy/ptII/ptolemy/actor/lib/test/auto/arrayType4.xml
----------------- Instantiating /home/travis/build/icyphy/ptII/ptolemy/actor/lib/test/auto/arrayType4.xml
1 ms. Memory: 518144K Free: 232177K (45%)
----------------- Invoking toplevel() on ptolemy.moml.MoMLSimpleApplication@2ad0ddb4
----------------- Done invoking toplevel() on ptolemy.moml.MoMLSimpleApplication@2ad0ddb4
reloadAllAccessors: .arrayType4

===========================================================================================
----------------- testing Mon Feb 03 19:27:53 UTC 2020 /home/travis/build/icyphy/ptII/ptolemy/actor/lib/test/auto/arrayType5.xml
----------------- Instantiating /home/travis/build/icyphy/ptII/ptolemy/actor/lib/test/auto/arrayType5.xml
5 ms. Memory: 518144K Free: 227057K (44%)
----------------- Invoking toplevel() on ptolemy.moml.MoMLSimpleApplication@2a08f088
----------------- Done invoking toplevel() on ptolemy.moml.MoMLSimpleApplication@2a08f088
reloadAllAccessors: .arrayType5

===========================================================================================
----------------- testing Mon Feb 03 19:27:53 UTC 2020 /home/travis/build/icyphy/ptII/ptolemy/actor/lib/test/auto/arrayType6.xml
----------------- Instantiating /home/travis/build/icyphy/ptII/ptolemy/actor/lib/test/auto/arrayType6.xml
1 ms. Memory: 518144K Free: 221937K (43%)
----------------- Invoking toplevel() on ptolemy.moml.MoMLSimpleApplication@25cf49a4
----------------- Done invoking toplevel() on ptolemy.moml.MoMLSimpleApplication@25cf49a4
reloadAllAccessors: .arrayType6

===========================================================================================
----------------- testing Mon Feb 03 19:27:53 UTC 2020 /home/travis/build/icyphy/ptII/ptolemy/actor/lib/test/auto/arrayType7.xml
----------------- Instantiating /home/travis/build/icyphy/ptII/ptolemy/actor/lib/test/auto/arrayType7.xml
1 ms. Memory: 518144K Free: 217327K (42%)
----------------- Invoking toplevel() on ptolemy.moml.MoMLSimpleApplication@6c27c45d
----------------- Done invoking toplevel() on ptolemy.moml.MoMLSimpleApplication@6c27c45d
reloadAllAccessors: .arrayType7

===========================================================================================
----------------- testing Mon Feb 03 19:27:53 UTC 2020 /home/travis/build/icyphy/ptII/ptolemy/actor/lib/test/auto/arrayType8.xml
----------------- Instantiating /home/travis/build/icyphy/ptII/ptolemy/actor/lib/test/auto/arrayType8.xml
2 ms. Memory: 518144K Free: 212721K (41%)
----------------- Invoking toplevel() on ptolemy.moml.MoMLSimpleApplication@70119047
----------------- Done invoking toplevel() on ptolemy.moml.MoMLSimpleApplication@70119047
reloadAllAccessors: .arrayType8

===========================================================================================
----------------- testing Mon Feb 03 19:27:53 UTC 2020 /home/travis/build/icyphy/ptII/ptolemy/actor/lib/test/auto/arrayType9.xml
----------------- Instantiating /home/travis/build/icyphy/ptII/ptolemy/actor/lib/test/auto/arrayType9.xml
2 ms. Memory: 518144K Free: 208111K (40%)
----------------- Invoking toplevel() on ptolemy.moml.MoMLSimpleApplication@4eada9f1
----------------- Done invoking toplevel() on ptolemy.moml.MoMLSimpleApplication@4eada9f1
reloadAllAccessors: .arrayType9

===========================================================================================
----------------- testing Mon Feb 03 19:27:53 UTC 2020 /home/travis/build/icyphy/ptII/ptolemy/actor/lib/test/auto/cast.xml
----------------- Instantiating /home/travis/build/icyphy/ptII/ptolemy/actor/lib/test/auto/cast.xml
2 ms. Memory: 518144K Free: 202991K (39%)
----------------- Invoking toplevel() on ptolemy.moml.MoMLSimpleApplication@441e9753
----------------- Done invoking toplevel() on ptolemy.moml.MoMLSimpleApplication@441e9753
reloadAllAccessors: .cast

===========================================================================================
----------------- testing Mon Feb 03 19:27:53 UTC 2020 /home/travis/build/icyphy/ptII/ptolemy/actor/lib/test/auto/compositeMultiPort.xml
----------------- Instantiating /home/travis/build/icyphy/ptII/ptolemy/actor/lib/test/auto/compositeMultiPort.xml
2 ms. Memory: 518144K Free: 194289K (37%)
----------------- Invoking toplevel() on ptolemy.moml.MoMLSimpleApplication@176d11a5
----------------- Done invoking toplevel() on ptolemy.moml.MoMLSimpleApplication@176d11a5
reloadAllAccessors: .compositeMultiPort

===========================================================================================
----------------- testing Mon Feb 03 19:27:53 UTC 2020 /home/travis/build/icyphy/ptII/ptolemy/actor/lib/test/auto/expressionCastInference.xml
----------------- Instantiating /home/travis/build/icyphy/ptII/ptolemy/actor/lib/test/auto/expressionCastInference.xml
2 ms. Memory: 518144K Free: 189679K (37%)
----------------- Invoking toplevel() on ptolemy.moml.MoMLSimpleApplication@47aa9d02
----------------- Done invoking toplevel() on ptolemy.moml.MoMLSimpleApplication@47aa9d02
reloadAllAccessors: .expressionCastInference

===========================================================================================
----------------- testing Mon Feb 03 19:27:53 UTC 2020 /home/travis/build/icyphy/ptII/ptolemy/actor/lib/test/auto/expressionCastInference2.xml
----------------- Instantiating /home/travis/build/icyphy/ptII/ptolemy/actor/lib/test/auto/expressionCastInference2.xml
1 ms. Memory: 518144K Free: 185073K (36%)
----------------- Invoking toplevel() on ptolemy.moml.MoMLSimpleApplication@5be3d355
----------------- Done invoking toplevel() on ptolemy.moml.MoMLSimpleApplication@5be3d355
reloadAllAccessors: .expressionCastInference2

===========================================================================================
----------------- testing Mon Feb 03 19:27:53 UTC 2020 /home/travis/build/icyphy/ptII/ptolemy/actor/lib/test/auto/expressionInference.xml
----------------- Instantiating /home/travis/build/icyphy/ptII/ptolemy/actor/lib/test/auto/expressionInference.xml
1 ms. Memory: 518144K Free: 180463K (35%)
----------------- Invoking toplevel() on ptolemy.moml.MoMLSimpleApplication@fc1ca5e
----------------- Done invoking toplevel() on ptolemy.moml.MoMLSimpleApplication@fc1ca5e
reloadAllAccessors: .expressionInference

===========================================================================================
----------------- testing Mon Feb 03 19:27:53 UTC 2020 /home/travis/build/icyphy/ptII/ptolemy/actor/lib/test/auto/expression_bug.xml
----------------- Instantiating /home/travis/build/icyphy/ptII/ptolemy/actor/lib/test/auto/expression_bug.xml
1 ms. Memory: 518144K Free: 176367K (34%)
----------------- Invoking toplevel() on ptolemy.moml.MoMLSimpleApplication@42c3ca5c
----------------- Done invoking toplevel() on ptolemy.moml.MoMLSimpleApplication@42c3ca5c
reloadAllAccessors: .expression_bug

===========================================================================================
----------------- testing Mon Feb 03 19:27:53 UTC 2020 /home/travis/build/icyphy/ptII/ptolemy/actor/lib/test/auto/factorial.xml
----------------- Instantiating /home/travis/build/icyphy/ptII/ptolemy/actor/lib/test/auto/factorial.xml
49 ms. Memory: 518144K Free: 463995K (90%)
----------------- Invoking toplevel() on ptolemy.moml.MoMLSimpleApplication@49cd0131
----------------- Done invoking toplevel() on ptolemy.moml.MoMLSimpleApplication@49cd0131
reloadAllAccessors: .factorial

===========================================================================================
----------------- testing Mon Feb 03 19:27:53 UTC 2020 /home/travis/build/icyphy/ptII/ptolemy/actor/lib/test/auto/filterTest1.xml
----------------- Instantiating /home/travis/build/icyphy/ptII/ptolemy/actor/lib/test/auto/filterTest1.xml
4 ms. Memory: 518144K Free: 457124K (88%)
----------------- Invoking toplevel() on ptolemy.moml.MoMLSimpleApplication@2a529c8e
----------------- Done invoking toplevel() on ptolemy.moml.MoMLSimpleApplication@2a529c8e
reloadAllAccessors: .filterTest1

===========================================================================================
----------------- testing Mon Feb 03 19:27:54 UTC 2020 /home/travis/build/icyphy/ptII/ptolemy/actor/lib/test/auto/funcApplyInConst.xml
----------------- Instantiating /home/travis/build/icyphy/ptII/ptolemy/actor/lib/test/auto/funcApplyInConst.xml
1 ms. Memory: 518144K Free: 453538K (88%)
----------------- Invoking toplevel() on ptolemy.moml.MoMLSimpleApplication@6b1f9983
----------------- Done invoking toplevel() on ptolemy.moml.MoMLSimpleApplication@6b1f9983
reloadAllAccessors: .funcApplyInConst

===========================================================================================
----------------- testing Mon Feb 03 19:27:54 UTC 2020 /home/travis/build/icyphy/ptII/ptolemy/actor/lib/test/auto/funcApplyInExpr.xml
----------------- Instantiating /home/travis/build/icyphy/ptII/ptolemy/actor/lib/test/auto/funcApplyInExpr.xml
1 ms. Memory: 518144K Free: 449956K (87%)
----------------- Invoking toplevel() on ptolemy.moml.MoMLSimpleApplication@637b2ff6
----------------- Done invoking toplevel() on ptolemy.moml.MoMLSimpleApplication@637b2ff6
reloadAllAccessors: .funcApplyInExpr

===========================================================================================
----------------- testing Mon Feb 03 19:27:54 UTC 2020 /home/travis/build/icyphy/ptII/ptolemy/actor/lib/test/auto/function.xml
----------------- Instantiating /home/travis/build/icyphy/ptII/ptolemy/actor/lib/test/auto/function.xml
2 ms. Memory: 518144K Free: 444836K (86%)
----------------- Invoking toplevel() on ptolemy.moml.MoMLSimpleApplication@1ee1e04f
----------------- Done invoking toplevel() on ptolemy.moml.MoMLSimpleApplication@1ee1e04f
reloadAllAccessors: .function

===========================================================================================
----------------- testing Mon Feb 03 19:27:54 UTC 2020 /home/travis/build/icyphy/ptII/ptolemy/actor/lib/test/auto/function2.xml
----------------- Instantiating /home/travis/build/icyphy/ptII/ptolemy/actor/lib/test/auto/function2.xml
2 ms. Memory: 518144K Free: 440226K (85%)
----------------- Invoking toplevel() on ptolemy.moml.MoMLSimpleApplication@2010e8d
----------------- Done invoking toplevel() on ptolemy.moml.MoMLSimpleApplication@2010e8d
reloadAllAccessors: .function2

===========================================================================================
----------------- testing Mon Feb 03 19:27:54 UTC 2020 /home/travis/build/icyphy/ptII/ptolemy/actor/lib/test/auto/function3.xml
----------------- Instantiating /home/travis/build/icyphy/ptII/ptolemy/actor/lib/test/auto/function3.xml
2 ms. Memory: 518144K Free: 436644K (84%)
----------------- Invoking toplevel() on ptolemy.moml.MoMLSimpleApplication@4f61d724
----------------- Done invoking toplevel() on ptolemy.moml.MoMLSimpleApplication@4f61d724
reloadAllAccessors: .function3

===========================================================================================
----------------- testing Mon Feb 03 19:27:54 UTC 2020 /home/travis/build/icyphy/ptII/ptolemy/actor/lib/test/auto/functionClosureTest1.xml
----------------- Instantiating /home/travis/build/icyphy/ptII/ptolemy/actor/lib/test/auto/functionClosureTest1.xml
1 ms. Memory: 518144K Free: 430500K (83%)
----------------- Invoking toplevel() on ptolemy.moml.MoMLSimpleApplication@6d15c1d0
----------------- Done invoking toplevel() on ptolemy.moml.MoMLSimpleApplication@6d15c1d0
reloadAllAccessors: .functionClosureTest1

===========================================================================================
----------------- testing Mon Feb 03 19:27:54 UTC 2020 /home/travis/build/icyphy/ptII/ptolemy/actor/lib/test/auto/functionClosureTest2.xml
----------------- Instantiating /home/travis/build/icyphy/ptII/ptolemy/actor/lib/test/auto/functionClosureTest2.xml
1 ms. Memory: 518144K Free: 426914K (82%)
----------------- Invoking toplevel() on ptolemy.moml.MoMLSimpleApplication@6a635e63
----------------- Done invoking toplevel() on ptolemy.moml.MoMLSimpleApplication@6a635e63
reloadAllAccessors: .functionClosureTest2

===========================================================================================
----------------- testing Mon Feb 03 19:27:54 UTC 2020 /home/travis/build/icyphy/ptII/ptolemy/actor/lib/test/auto/functionClosureTest3.xml
----------------- Instantiating /home/travis/build/icyphy/ptII/ptolemy/actor/lib/test/auto/functionClosureTest3.xml
2 ms. Memory: 518144K Free: 421794K (81%)
----------------- Invoking toplevel() on ptolemy.moml.MoMLSimpleApplication@71950b0d
----------------- Done invoking toplevel() on ptolemy.moml.MoMLSimpleApplication@71950b0d
reloadAllAccessors: .functionClosureTest3

===========================================================================================
----------------- testing Mon Feb 03 19:27:54 UTC 2020 /home/travis/build/icyphy/ptII/ptolemy/actor/lib/test/auto/functionClosureTest4.xml
----------------- Instantiating /home/travis/build/icyphy/ptII/ptolemy/actor/lib/test/auto/functionClosureTest4.xml
2 ms. Memory: 518144K Free: 415650K (80%)
----------------- Invoking toplevel() on ptolemy.moml.MoMLSimpleApplication@67af5c64
----------------- Done invoking toplevel() on ptolemy.moml.MoMLSimpleApplication@67af5c64
reloadAllAccessors: .functionClosureTest4

===========================================================================================
----------------- testing Mon Feb 03 19:27:54 UTC 2020 /home/travis/build/icyphy/ptII/ptolemy/actor/lib/test/auto/functionClosureTest5.xml
----------------- Instantiating /home/travis/build/icyphy/ptII/ptolemy/actor/lib/test/auto/functionClosureTest5.xml
3 ms. Memory: 518144K Free: 410020K (79%)
----------------- Invoking toplevel() on ptolemy.moml.MoMLSimpleApplication@56146f50
----------------- Done invoking toplevel() on ptolemy.moml.MoMLSimpleApplication@56146f50
reloadAllAccessors: .functionClosureTest5

===========================================================================================
----------------- testing Mon Feb 03 19:27:54 UTC 2020 /home/travis/build/icyphy/ptII/ptolemy/actor/lib/test/auto/functionClosureTest6.xml
----------------- Instantiating /home/travis/build/icyphy/ptII/ptolemy/actor/lib/test/auto/functionClosureTest6.xml
2 ms. Memory: 518144K Free: 405410K (78%)
----------------- Invoking toplevel() on ptolemy.moml.MoMLSimpleApplication@6ce8ebe
----------------- Done invoking toplevel() on ptolemy.moml.MoMLSimpleApplication@6ce8ebe
reloadAllAccessors: .functionClosureTest6

===========================================================================================
----------------- testing Mon Feb 03 19:27:54 UTC 2020 /home/travis/build/icyphy/ptII/ptolemy/actor/lib/test/auto/functionsOnArcs.xml
----------------- Instantiating /home/travis/build/icyphy/ptII/ptolemy/actor/lib/test/auto/functionsOnArcs.xml
2 ms. Memory: 518144K Free: 400290K (77%)
----------------- Invoking toplevel() on ptolemy.moml.MoMLSimpleApplication@5b7380f
----------------- Done invoking toplevel() on ptolemy.moml.MoMLSimpleApplication@5b7380f
reloadAllAccessors: .functionsOnArcs

===========================================================================================
----------------- testing Mon Feb 03 19:27:54 UTC 2020 /home/travis/build/icyphy/ptII/ptolemy/actor/lib/test/auto/functionsOnArcsHOF.xml
----------------- Instantiating /home/travis/build/icyphy/ptII/ptolemy/actor/lib/test/auto/functionsOnArcsHOF.xml
5 ms. Memory: 518144K Free: 394146K (76%)
----------------- Invoking toplevel() on ptolemy.moml.MoMLSimpleApplication@5fcbbcf3
----------------- Done invoking toplevel() on ptolemy.moml.MoMLSimpleApplication@5fcbbcf3
reloadAllAccessors: .functionsOnArcsHOF

===========================================================================================
----------------- testing Mon Feb 03 19:27:54 UTC 2020 /home/travis/build/icyphy/ptII/ptolemy/actor/lib/test/auto/logic.xml
----------------- Instantiating /home/travis/build/icyphy/ptII/ptolemy/actor/lib/test/auto/logic.xml
2 ms. Memory: 518144K Free: 386978K (75%)
----------------- Invoking toplevel() on ptolemy.moml.MoMLSimpleApplication@6c56556e
----------------- Done invoking toplevel() on ptolemy.moml.MoMLSimpleApplication@6c56556e
reloadAllAccessors: .logic

===========================================================================================
----------------- testing Mon Feb 03 19:27:54 UTC 2020 /home/travis/build/icyphy/ptII/ptolemy/actor/lib/test/auto/matrixType.xml
----------------- Instantiating /home/travis/build/icyphy/ptII/ptolemy/actor/lib/test/auto/matrixType.xml
2 ms. Memory: 518144K Free: 381844K (74%)
----------------- Invoking toplevel() on ptolemy.moml.MoMLSimpleApplication@199ba44e
----------------- Done invoking toplevel() on ptolemy.moml.MoMLSimpleApplication@199ba44e
reloadAllAccessors: .matrixType

===========================================================================================
----------------- testing Mon Feb 03 19:27:54 UTC 2020 /home/travis/build/icyphy/ptII/ptolemy/actor/lib/test/auto/matrixType10.xml
----------------- Instantiating /home/travis/build/icyphy/ptII/ptolemy/actor/lib/test/auto/matrixType10.xml
2 ms. Memory: 518144K Free: 376738K (73%)
----------------- Invoking toplevel() on ptolemy.moml.MoMLSimpleApplication@dd27cb2
----------------- Done invoking toplevel() on ptolemy.moml.MoMLSimpleApplication@dd27cb2
reloadAllAccessors: .matrixType10

===========================================================================================
----------------- testing Mon Feb 03 19:27:54 UTC 2020 /home/travis/build/icyphy/ptII/ptolemy/actor/lib/test/auto/matrixType11.xml
----------------- Instantiating /home/travis/build/icyphy/ptII/ptolemy/actor/lib/test/auto/matrixType11.xml
1 ms. Memory: 518144K Free: 372132K (72%)
----------------- Invoking toplevel() on ptolemy.moml.MoMLSimpleApplication@604f80f8
----------------- Done invoking toplevel() on ptolemy.moml.MoMLSimpleApplication@604f80f8
reloadAllAccessors: .matrixType11

===========================================================================================
----------------- testing Mon Feb 03 19:27:54 UTC 2020 /home/travis/build/icyphy/ptII/ptolemy/actor/lib/test/auto/matrixType12.xml
----------------- Instantiating /home/travis/build/icyphy/ptII/ptolemy/actor/lib/test/auto/matrixType12.xml
1 ms. Memory: 518144K Free: 367522K (71%)
----------------- Invoking toplevel() on ptolemy.moml.MoMLSimpleApplication@7f3c023d
----------------- Done invoking toplevel() on ptolemy.moml.MoMLSimpleApplication@7f3c023d
reloadAllAccessors: .matrixType12

===========================================================================================
----------------- testing Mon Feb 03 19:27:54 UTC 2020 /home/travis/build/icyphy/ptII/ptolemy/actor/lib/test/auto/matrixType13.xml
----------------- Instantiating /home/travis/build/icyphy/ptII/ptolemy/actor/lib/test/auto/matrixType13.xml
1 ms. Memory: 518144K Free: 362402K (70%)
----------------- Invoking toplevel() on ptolemy.moml.MoMLSimpleApplication@13021c0
----------------- Done invoking toplevel() on ptolemy.moml.MoMLSimpleApplication@13021c0
reloadAllAccessors: .matrixType13

===========================================================================================
----------------- testing Mon Feb 03 19:27:54 UTC 2020 /home/travis/build/icyphy/ptII/ptolemy/actor/lib/test/auto/matrixType14.xml
----------------- Instantiating /home/travis/build/icyphy/ptII/ptolemy/actor/lib/test/auto/matrixType14.xml
2 ms. Memory: 518144K Free: 357268K (69%)
----------------- Invoking toplevel() on ptolemy.moml.MoMLSimpleApplication@53c52fde
----------------- Done invoking toplevel() on ptolemy.moml.MoMLSimpleApplication@53c52fde
reloadAllAccessors: .matrixType14

===========================================================================================
----------------- testing Mon Feb 03 19:27:54 UTC 2020 /home/travis/build/icyphy/ptII/ptolemy/actor/lib/test/auto/matrixType2.xml
----------------- Instantiating /home/travis/build/icyphy/ptII/ptolemy/actor/lib/test/auto/matrixType2.xml
1 ms. Memory: 518144K Free: 352162K (68%)
----------------- Invoking toplevel() on ptolemy.moml.MoMLSimpleApplication@b41b180
----------------- Done invoking toplevel() on ptolemy.moml.MoMLSimpleApplication@b41b180
reloadAllAccessors: .matrixType2

===========================================================================================
----------------- testing Mon Feb 03 19:27:54 UTC 2020 /home/travis/build/icyphy/ptII/ptolemy/actor/lib/test/auto/matrixType3.xml
----------------- Instantiating /home/travis/build/icyphy/ptII/ptolemy/actor/lib/test/auto/matrixType3.xml
2 ms. Memory: 518144K Free: 347042K (67%)
----------------- Invoking toplevel() on ptolemy.moml.MoMLSimpleApplication@774b7f66
----------------- Done invoking toplevel() on ptolemy.moml.MoMLSimpleApplication@774b7f66
reloadAllAccessors: .matrixType3

===========================================================================================
----------------- testing Mon Feb 03 19:27:54 UTC 2020 /home/travis/build/icyphy/ptII/ptolemy/actor/lib/test/auto/matrixType4.xml
----------------- Instantiating /home/travis/build/icyphy/ptII/ptolemy/actor/lib/test/auto/matrixType4.xml
2 ms. Memory: 518144K Free: 342436K (66%)
----------------- Invoking toplevel() on ptolemy.moml.MoMLSimpleApplication@4959c9a2
----------------- Done invoking toplevel() on ptolemy.moml.MoMLSimpleApplication@4959c9a2
reloadAllAccessors: .matrixType4

===========================================================================================
----------------- testing Mon Feb 03 19:27:54 UTC 2020 /home/travis/build/icyphy/ptII/ptolemy/actor/lib/test/auto/matrixType5.xml
----------------- Instantiating /home/travis/build/icyphy/ptII/ptolemy/actor/lib/test/auto/matrixType5.xml
1 ms. Memory: 518144K Free: 337316K (65%)
----------------- Invoking toplevel() on ptolemy.moml.MoMLSimpleApplication@54db8322
----------------- Done invoking toplevel() on ptolemy.moml.MoMLSimpleApplication@54db8322
reloadAllAccessors: .matrixType5

===========================================================================================
----------------- testing Mon Feb 03 19:27:54 UTC 2020 /home/travis/build/icyphy/ptII/ptolemy/actor/lib/test/auto/matrixType6.xml
----------------- Instantiating /home/travis/build/icyphy/ptII/ptolemy/actor/lib/test/auto/matrixType6.xml
1 ms. Memory: 518144K Free: 332706K (64%)
----------------- Invoking toplevel() on ptolemy.moml.MoMLSimpleApplication@25afda99
----------------- Done invoking toplevel() on ptolemy.moml.MoMLSimpleApplication@25afda99
reloadAllAccessors: .matrixType6

===========================================================================================
----------------- testing Mon Feb 03 19:27:54 UTC 2020 /home/travis/build/icyphy/ptII/ptolemy/actor/lib/test/auto/matrixType7.xml
----------------- Instantiating /home/travis/build/icyphy/ptII/ptolemy/actor/lib/test/auto/matrixType7.xml
1 ms. Memory: 518144K Free: 328100K (63%)
----------------- Invoking toplevel() on ptolemy.moml.MoMLSimpleApplication@9503ca0
----------------- Done invoking toplevel() on ptolemy.moml.MoMLSimpleApplication@9503ca0
reloadAllAccessors: .matrixType7

===========================================================================================
----------------- testing Mon Feb 03 19:27:54 UTC 2020 /home/travis/build/icyphy/ptII/ptolemy/actor/lib/test/auto/matrixType8.xml
----------------- Instantiating /home/travis/build/icyphy/ptII/ptolemy/actor/lib/test/auto/matrixType8.xml
1 ms. Memory: 518144K Free: 322980K (62%)
----------------- Invoking toplevel() on ptolemy.moml.MoMLSimpleApplication@2fb1c6a3
----------------- Done invoking toplevel() on ptolemy.moml.MoMLSimpleApplication@2fb1c6a3
reloadAllAccessors: .matrixType8

===========================================================================================
----------------- testing Mon Feb 03 19:27:54 UTC 2020 /home/travis/build/icyphy/ptII/ptolemy/actor/lib/test/auto/matrixType9.xml
----------------- Instantiating /home/travis/build/icyphy/ptII/ptolemy/actor/lib/test/auto/matrixType9.xml
2 ms. Memory: 518144K Free: 318370K (61%)
----------------- Invoking toplevel() on ptolemy.moml.MoMLSimpleApplication@517a7bf3
----------------- Done invoking toplevel() on ptolemy.moml.MoMLSimpleApplication@517a7bf3
reloadAllAccessors: .matrixType9

===========================================================================================
----------------- testing Mon Feb 03 19:27:54 UTC 2020 /home/travis/build/icyphy/ptII/ptolemy/actor/lib/test/auto/paraFunctest.xml
----------------- Instantiating /home/travis/build/icyphy/ptII/ptolemy/actor/lib/test/auto/paraFunctest.xml
1 ms. Memory: 518144K Free: 314274K (61%)
----------------- Invoking toplevel() on ptolemy.moml.MoMLSimpleApplication@60ef2843
----------------- Done invoking toplevel() on ptolemy.moml.MoMLSimpleApplication@60ef2843
reloadAllAccessors: .paraFunctest

===========================================================================================
----------------- testing Mon Feb 03 19:27:54 UTC 2020 /home/travis/build/icyphy/ptII/ptolemy/actor/lib/test/auto/paraFunctest2.xml
----------------- Instantiating /home/travis/build/icyphy/ptII/ptolemy/actor/lib/test/auto/paraFunctest2.xml
1 ms. Memory: 518144K Free: 309154K (60%)
----------------- Invoking toplevel() on ptolemy.moml.MoMLSimpleApplication@286351b7
----------------- Done invoking toplevel() on ptolemy.moml.MoMLSimpleApplication@286351b7
reloadAllAccessors: .paraFunctest2

===========================================================================================
----------------- testing Mon Feb 03 19:27:54 UTC 2020 /home/travis/build/icyphy/ptII/ptolemy/actor/lib/test/auto/parameterPassing.xml
----------------- Instantiating /home/travis/build/icyphy/ptII/ptolemy/actor/lib/test/auto/parameterPassing.xml
1 ms. Memory: 518144K Free: 305058K (59%)
----------------- Invoking toplevel() on ptolemy.moml.MoMLSimpleApplication@308601b8
----------------- Done invoking toplevel() on ptolemy.moml.MoMLSimpleApplication@308601b8
reloadAllAccessors: .parameterPassing

===========================================================================================
----------------- testing Mon Feb 03 19:27:54 UTC 2020 /home/travis/build/icyphy/ptII/ptolemy/actor/lib/test/auto/record.xml
----------------- Instantiating /home/travis/build/icyphy/ptII/ptolemy/actor/lib/test/auto/record.xml
2 ms. Memory: 518144K Free: 300452K (58%)
----------------- Invoking toplevel() on ptolemy.moml.MoMLSimpleApplication@345f8f19
----------------- Done invoking toplevel() on ptolemy.moml.MoMLSimpleApplication@345f8f19
reloadAllAccessors: .record

===========================================================================================
----------------- testing Mon Feb 03 19:27:54 UTC 2020 /home/travis/build/icyphy/ptII/ptolemy/actor/lib/test/auto/sizedarray1.xml
----------------- Instantiating /home/travis/build/icyphy/ptII/ptolemy/actor/lib/test/auto/sizedarray1.xml
1 ms. Memory: 518144K Free: 294818K (57%)
----------------- Invoking toplevel() on ptolemy.moml.MoMLSimpleApplication@26f27144
----------------- Done invoking toplevel() on ptolemy.moml.MoMLSimpleApplication@26f27144
reloadAllAccessors: .sizedarray1

===========================================================================================
----------------- testing Mon Feb 03 19:27:54 UTC 2020 /home/travis/build/icyphy/ptII/ptolemy/actor/lib/test/auto/sizedarray2.xml
----------------- Instantiating /home/travis/build/icyphy/ptII/ptolemy/actor/lib/test/auto/sizedarray2.xml
2 ms. Memory: 518144K Free: 289188K (56%)
----------------- Invoking toplevel() on ptolemy.moml.MoMLSimpleApplication@68e7ba06
----------------- Done invoking toplevel() on ptolemy.moml.MoMLSimpleApplication@68e7ba06
reloadAllAccessors: .sizedarray2

===========================================================================================
----------------- testing Mon Feb 03 19:27:54 UTC 2020 /home/travis/build/icyphy/ptII/ptolemy/actor/lib/test/auto/twoPublishers.xml
----------------- Instantiating /home/travis/build/icyphy/ptII/ptolemy/actor/lib/test/auto/twoPublishers.xml
2 ms. Memory: 518144K Free: 278948K (54%)
----------------- Invoking toplevel() on ptolemy.moml.MoMLSimpleApplication@334897d3
----------------- Done invoking toplevel() on ptolemy.moml.MoMLSimpleApplication@334897d3
reloadAllAccessors: .twoPublishers
AutoTests.java: About to close Vertx.
AutoTests.java: Vertx closed.
]]></system-out>
  <system-err><![CDATA[java.lang.RuntimeException: Execution failed
	at ptolemy.moml.MoMLSimpleApplication$UnloadThread.run(MoMLSimpleApplication.java:402)
Caused by: java.lang.RuntimeException: StringUtilities.exit() was called. Normally, we would exit here because Manager.exitAfterWrapup() was called.  However, because the ptolemy.ptII.exitAfterWrapup property is set, we throw this exception instead.
	at ptolemy.util.StringUtilities.exit(StringUtilities.java:365)
	at ptolemy.actor.Manager.wrapup(Manager.java:1549)
	at ptolemy.actor.Manager.execute(Manager.java:407)
	at ptolemy.actor.Manager.run(Manager.java:1263)
	at ptolemy.actor.Manager$PtolemyRunThread.run(Manager.java:1933)
Warning: '.top.test' is in training mode, set the trainingMode parameter to false before checking in
Warning: '.top.test' is in training mode, set the trainingMode parameter to false before checking in
Warning: '.top.test' is in training mode, set the trainingMode parameter to false before checking in
Warning: '.BooleanSwitch_RegressionTest_WrongTrainingValues.Test' is in training mode, set the trainingMode parameter to false before checking in
Warning: '.BooleanSwitch_RegressionTest_WrongTrainingValues.Test2' is in training mode, set the trainingMode parameter to false before checking in
Warning: '.BooleanSwitch_RegressionTest_WrongTrainingValues.Test2' The test produced 0 tokens.
Warning: '.top.testExceptionHandler' is in training mode, set the trainingMode parameter to false before checking in
java.lang.RuntimeException: Execution failed
	at ptolemy.moml.MoMLSimpleApplication$UnloadThread.run(MoMLSimpleApplication.java:402)
Caused by: ptolemy.kernel.util.IllegalActionException: PublisherPorts cannot be used at the top level, use a Publisher actor instead.
  in .PublisherPortToplevelSubscriber.PublisherPort
	at ptolemy.actor.PublisherPort.preinitialize(PublisherPort.java:403)
	at ptolemy.actor.CompositeActor.preinitialize(CompositeActor.java:1769)
	at ptolemy.actor.Manager.preinitializeAndResolveTypes(Manager.java:1040)
	at ptolemy.actor.Manager.initialize(Manager.java:710)
	at ptolemy.actor.Manager.execute(Manager.java:356)
	at ptolemy.actor.Manager.run(Manager.java:1263)
	at ptolemy.actor.Manager$PtolemyRunThread.run(Manager.java:1933)
java.lang.reflect.InvocationTargetException
	at java.base/jdk.internal.reflect.NativeConstructorAccessorImpl.newInstance0(Native Method)
	at java.base/jdk.internal.reflect.NativeConstructorAccessorImpl.newInstance(NativeConstructorAccessorImpl.java:62)
	at java.base/jdk.internal.reflect.DelegatingConstructorAccessorImpl.newInstance(DelegatingConstructorAccessorImpl.java:45)
	at java.base/java.lang.reflect.Constructor.newInstance(Constructor.java:490)
	at ptolemy.util.test.junit.AutoKnownFailedTests.RunModel(AutoKnownFailedTests.java:105)
	at java.base/jdk.internal.reflect.NativeMethodAccessorImpl.invoke0(Native Method)
	at java.base/jdk.internal.reflect.NativeMethodAccessorImpl.invoke(NativeMethodAccessorImpl.java:62)
	at java.base/jdk.internal.reflect.DelegatingMethodAccessorImpl.invoke(DelegatingMethodAccessorImpl.java:43)
	at java.base/java.lang.reflect.Method.invoke(Method.java:566)
	at org.junit.runners.model.FrameworkMethod$1.runReflectiveCall(FrameworkMethod.java:44)
	at org.junit.internal.runners.model.ReflectiveCallable.run(ReflectiveCallable.java:15)
	at org.junit.runners.model.FrameworkMethod.invokeExplosively(FrameworkMethod.java:41)
	at junitparams.internal.InvokeParameterisedMethod.evaluate(InvokeParameterisedMethod.java:102)
	at org.junit.internal.runners.statements.FailOnTimeout$1.run(FailOnTimeout.java:28)
Caused by: ptolemy.kernel.util.IllegalActionException: PublisherPorts cannot be used at the top level, use a Publisher actor instead.
  in .PublisherPortToplevelSubscriber.PublisherPort
	at ptolemy.actor.PublisherPort.preinitialize(PublisherPort.java:403)
	at ptolemy.actor.CompositeActor.preinitialize(CompositeActor.java:1769)
	at ptolemy.actor.Manager.preinitializeAndResolveTypes(Manager.java:1040)
	at ptolemy.actor.Manager.initialize(Manager.java:710)
	at ptolemy.actor.Manager.execute(Manager.java:356)
	at ptolemy.actor.Manager.run(Manager.java:1263)
	at ptolemy.actor.Manager$PtolemyRunThread.run(Manager.java:1933)
java.lang.RuntimeException: Execution failed
	at ptolemy.moml.MoMLSimpleApplication$UnloadThread.run(MoMLSimpleApplication.java:402)
Caused by: ptolemy.kernel.util.IllegalActionException: SubscriberPorts cannot be used at the top level, use a Subscriber actor instead.
  in .PublisherSubscriberPortToplevel.SubscriberPort
	at ptolemy.actor.SubscriberPort.preinitialize(SubscriberPort.java:328)
	at ptolemy.actor.CompositeActor.preinitialize(CompositeActor.java:1769)
	at ptolemy.actor.Manager.preinitializeAndResolveTypes(Manager.java:1040)
	at ptolemy.actor.Manager.initialize(Manager.java:710)
	at ptolemy.actor.Manager.execute(Manager.java:356)
	at ptolemy.actor.Manager.run(Manager.java:1263)
	at ptolemy.actor.Manager$PtolemyRunThread.run(Manager.java:1933)
java.lang.reflect.InvocationTargetException
	at java.base/jdk.internal.reflect.NativeConstructorAccessorImpl.newInstance0(Native Method)
	at java.base/jdk.internal.reflect.NativeConstructorAccessorImpl.newInstance(NativeConstructorAccessorImpl.java:62)
	at java.base/jdk.internal.reflect.DelegatingConstructorAccessorImpl.newInstance(DelegatingConstructorAccessorImpl.java:45)
	at java.base/java.lang.reflect.Constructor.newInstance(Constructor.java:490)
	at ptolemy.util.test.junit.AutoKnownFailedTests.RunModel(AutoKnownFailedTests.java:105)
	at java.base/jdk.internal.reflect.NativeMethodAccessorImpl.invoke0(Native Method)
	at java.base/jdk.internal.reflect.NativeMethodAccessorImpl.invoke(NativeMethodAccessorImpl.java:62)
	at java.base/jdk.internal.reflect.DelegatingMethodAccessorImpl.invoke(DelegatingMethodAccessorImpl.java:43)
	at java.base/java.lang.reflect.Method.invoke(Method.java:566)
	at org.junit.runners.model.FrameworkMethod$1.runReflectiveCall(FrameworkMethod.java:44)
	at org.junit.internal.runners.model.ReflectiveCallable.run(ReflectiveCallable.java:15)
	at org.junit.runners.model.FrameworkMethod.invokeExplosively(FrameworkMethod.java:41)
	at junitparams.internal.InvokeParameterisedMethod.evaluate(InvokeParameterisedMethod.java:102)
	at org.junit.internal.runners.statements.FailOnTimeout$1.run(FailOnTimeout.java:28)
Caused by: ptolemy.kernel.util.IllegalActionException: SubscriberPorts cannot be used at the top level, use a Subscriber actor instead.
  in .PublisherSubscriberPortToplevel.SubscriberPort
	at ptolemy.actor.SubscriberPort.preinitialize(SubscriberPort.java:328)
	at ptolemy.actor.CompositeActor.preinitialize(CompositeActor.java:1769)
	at ptolemy.actor.Manager.preinitializeAndResolveTypes(Manager.java:1040)
	at ptolemy.actor.Manager.initialize(Manager.java:710)
	at ptolemy.actor.Manager.execute(Manager.java:356)
	at ptolemy.actor.Manager.run(Manager.java:1263)
	at ptolemy.actor.Manager$PtolemyRunThread.run(Manager.java:1933)
java.lang.RuntimeException: Execution failed
	at ptolemy.moml.MoMLSimpleApplication$UnloadThread.run(MoMLSimpleApplication.java:402)
Caused by: ptolemy.kernel.util.IllegalActionException: SubscriptionAggregatorPorts cannot be used at the top level, use a SubscriptionAggregator actor instead.
  in .PublisherSubscriptionAggregatorPort.SubscriptionAggregatorPort
	at ptolemy.actor.SubscriptionAggregatorPort.preinitialize(SubscriptionAggregatorPort.java:353)
	at ptolemy.actor.CompositeActor.preinitialize(CompositeActor.java:1769)
	at ptolemy.actor.Manager.preinitializeAndResolveTypes(Manager.java:1040)
	at ptolemy.actor.Manager.initialize(Manager.java:710)
	at ptolemy.actor.Manager.execute(Manager.java:356)
	at ptolemy.actor.Manager.run(Manager.java:1263)
	at ptolemy.actor.Manager$PtolemyRunThread.run(Manager.java:1933)
java.lang.reflect.InvocationTargetException
	at java.base/jdk.internal.reflect.NativeConstructorAccessorImpl.newInstance0(Native Method)
	at java.base/jdk.internal.reflect.NativeConstructorAccessorImpl.newInstance(NativeConstructorAccessorImpl.java:62)
	at java.base/jdk.internal.reflect.DelegatingConstructorAccessorImpl.newInstance(DelegatingConstructorAccessorImpl.java:45)
	at java.base/java.lang.reflect.Constructor.newInstance(Constructor.java:490)
	at ptolemy.util.test.junit.AutoKnownFailedTests.RunModel(AutoKnownFailedTests.java:105)
	at java.base/jdk.internal.reflect.NativeMethodAccessorImpl.invoke0(Native Method)
	at java.base/jdk.internal.reflect.NativeMethodAccessorImpl.invoke(NativeMethodAccessorImpl.java:62)
	at java.base/jdk.internal.reflect.DelegatingMethodAccessorImpl.invoke(DelegatingMethodAccessorImpl.java:43)
	at java.base/java.lang.reflect.Method.invoke(Method.java:566)
	at org.junit.runners.model.FrameworkMethod$1.runReflectiveCall(FrameworkMethod.java:44)
	at org.junit.internal.runners.model.ReflectiveCallable.run(ReflectiveCallable.java:15)
	at org.junit.runners.model.FrameworkMethod.invokeExplosively(FrameworkMethod.java:41)
	at junitparams.internal.InvokeParameterisedMethod.evaluate(InvokeParameterisedMethod.java:102)
	at org.junit.internal.runners.statements.FailOnTimeout$1.run(FailOnTimeout.java:28)
Caused by: ptolemy.kernel.util.IllegalActionException: SubscriptionAggregatorPorts cannot be used at the top level, use a SubscriptionAggregator actor instead.
  in .PublisherSubscriptionAggregatorPort.SubscriptionAggregatorPort
	at ptolemy.actor.SubscriptionAggregatorPort.preinitialize(SubscriptionAggregatorPort.java:353)
	at ptolemy.actor.CompositeActor.preinitialize(CompositeActor.java:1769)
	at ptolemy.actor.Manager.preinitializeAndResolveTypes(Manager.java:1040)
	at ptolemy.actor.Manager.initialize(Manager.java:710)
	at ptolemy.actor.Manager.execute(Manager.java:356)
	at ptolemy.actor.Manager.run(Manager.java:1263)
	at ptolemy.actor.Manager$PtolemyRunThread.run(Manager.java:1933)
java.lang.RuntimeException: Execution failed
	at ptolemy.moml.MoMLSimpleApplication$UnloadThread.run(MoMLSimpleApplication.java:402)
Caused by: ptolemy.kernel.util.IllegalActionException: TypeTest actor has no training data.
  in .sizedarray3.TypeTest
	at ptolemy.actor.lib.TypeTest.initialize(TypeTest.java:250)
	at ptolemy.actor.Director.initialize(Director.java:938)
	at ptolemy.actor.Director.initialize(Director.java:907)
	at ptolemy.actor.sched.StaticSchedulingDirector.initialize(StaticSchedulingDirector.java:159)
	at ptolemy.domains.sdf.kernel.SDFDirector.initialize(SDFDirector.java:544)
	at ptolemy.actor.CompositeActor.initialize(CompositeActor.java:935)
	at ptolemy.actor.Manager.initialize(Manager.java:724)
	at ptolemy.actor.Manager.execute(Manager.java:356)
	at ptolemy.actor.Manager.run(Manager.java:1263)
	at ptolemy.actor.Manager$PtolemyRunThread.run(Manager.java:1933)
java.lang.reflect.InvocationTargetException
	at java.base/jdk.internal.reflect.NativeConstructorAccessorImpl.newInstance0(Native Method)
	at java.base/jdk.internal.reflect.NativeConstructorAccessorImpl.newInstance(NativeConstructorAccessorImpl.java:62)
	at java.base/jdk.internal.reflect.DelegatingConstructorAccessorImpl.newInstance(DelegatingConstructorAccessorImpl.java:45)
	at java.base/java.lang.reflect.Constructor.newInstance(Constructor.java:490)
	at ptolemy.util.test.junit.AutoKnownFailedTests.RunModel(AutoKnownFailedTests.java:105)
	at java.base/jdk.internal.reflect.NativeMethodAccessorImpl.invoke0(Native Method)
	at java.base/jdk.internal.reflect.NativeMethodAccessorImpl.invoke(NativeMethodAccessorImpl.java:62)
	at java.base/jdk.internal.reflect.DelegatingMethodAccessorImpl.invoke(DelegatingMethodAccessorImpl.java:43)
	at java.base/java.lang.reflect.Method.invoke(Method.java:566)
	at org.junit.runners.model.FrameworkMethod$1.runReflectiveCall(FrameworkMethod.java:44)
	at org.junit.internal.runners.model.ReflectiveCallable.run(ReflectiveCallable.java:15)
	at org.junit.runners.model.FrameworkMethod.invokeExplosively(FrameworkMethod.java:41)
	at junitparams.internal.InvokeParameterisedMethod.evaluate(InvokeParameterisedMethod.java:102)
	at org.junit.internal.runners.statements.FailOnTimeout$1.run(FailOnTimeout.java:28)
Caused by: ptolemy.kernel.util.IllegalActionException: TypeTest actor has no training data.
  in .sizedarray3.TypeTest
	at ptolemy.actor.lib.TypeTest.initialize(TypeTest.java:250)
	at ptolemy.actor.Director.initialize(Director.java:938)
	at ptolemy.actor.Director.initialize(Director.java:907)
	at ptolemy.actor.sched.StaticSchedulingDirector.initialize(StaticSchedulingDirector.java:159)
	at ptolemy.domains.sdf.kernel.SDFDirector.initialize(SDFDirector.java:544)
	at ptolemy.actor.CompositeActor.initialize(CompositeActor.java:935)
	at ptolemy.actor.Manager.initialize(Manager.java:724)
	at ptolemy.actor.Manager.execute(Manager.java:356)
	at ptolemy.actor.Manager.run(Manager.java:1263)
	at ptolemy.actor.Manager$PtolemyRunThread.run(Manager.java:1933)
]]></system-err>
</testsuite>
