<?xml version="1.0" encoding="UTF-8" ?>
<testsuite errors="0" failures="0" hostname="travis-job-732d6bd8-d44a-477b-a099-fe5d7aef39f8" name="ptolemy.actor.lib.test.junit.JUnitTclTest" skipped="0" tests="517" time="61.686" timestamp="2020-04-06T13:51:37">
  <properties>
    <property name="npm.executable" value="npm" />
    <property name="env.TRAVIS_ROOT" value="/" />
    <property name="ptII.mk.exists" value="true" />
    <property name="env.TRAVIS_APP_HOST" value="build.travis-ci.org" />
    <property name="env.rvm_bin_path" value="/home/travis/.rvm/bin" />
    <property name="java.home" value="/usr/local/lib/jvm/openjdk11" />
    <property name="env.TRAVIS_JOB_NUMBER" value="1593.8" />
    <property name="env.TRAVIS_HOME" value="/home/travis" />
    <property name="env.DISPLAY" value=":99.0" />
    <property name="env.TRAVIS_INIT" value="systemd" />
    <property name="env.SSH_TTY" value="/dev/pts/0" />
    <property name="java.net.preferIPv4Stack" value="true" />
    <property name="env.RUN_TESTS" value="true" />
    <property name="timeout.short" value="1000000" />
    <property name="junit.formatter" value="xml" />
    <property name="env.TRAVIS_SUDO" value="true" />
    <property name="env.TRAVIS_JOB_NAME" value="" />
    <property name="env.TRAVIS_STACK_NODE_ATTRIBUTES" value="/.node-attributes.yml" />
    <property name="env.LOGNAME" value="travis" />
    <property name="env.PT_TRAVIS_TEST_CORE1_XML" value="true" />
    <property name="jsdoc.home" value="node_modules/@terraswarm/jsdoc" />
    <property name="debuglevel" value="source,lines,vars" />
    <property name="checkstyle.formatter" value="xml" />
    <property name="env._system_version" value="16.04" />
    <property name="bin.vergil.makeable" value="true" />
    <property name="sun.os.patch.level" value="unknown" />
    <property name="java.vendor.url" value="http://java.oracle.com/" />
    <property name="env.TRAVIS_BUILD_WEB_URL" value="https://travis-ci.org/icyphy/ptII/builds/671637636" />
    <property name="java.version" value="11.0.2" />
    <property name="env.TZ" value="UTC" />
    <property name="env.TRAVIS_PULL_REQUEST_SHA" value="" />
    <property name="env.PT_NO_NET" value="true" />
    <property name="env.TRAVIS_SECURE_ENV_VARS" value="true" />
    <property name="env._system_type" value="Linux" />
    <property name="java.vendor.url.bug" value="http://bugreport.java.com/bugreport/" />
    <property name="npmjs-org-is-up" value="true" />
    <property name="env.LANGUAGE" value="en_US.UTF-8" />
    <property name="env.SSH_CLIENT" value="10.16.4.78 55592 22" />
    <property name="env.GEM_HOME" value="/home/travis/.rvm/gems/ruby-2.5.3" />
    <property name="env.HAS_ANTARES_THREE_LITTLE_FRONZIES_BADGE" value="true" />
    <property name="java.version.date" value="2019-01-15" />
    <property name="env.PS4" value="+" />
    <property name="ant.project.invoked-targets" value="build,test.core1.xml" />
    <property name="env.TRAVIS_PULL_REQUEST_BRANCH" value="" />
    <property name="env.TRAVIS_REPO_SLUG" value="icyphy/ptII" />
    <property name="env.XDG_DATA_DIRS" value="/usr/local/share:/usr/share:/var/lib/snapd/desktop" />
    <property name="jdk.debug" value="release" />
    <property name="env.TRAVIS_APT_PROXY" value="http://build-cache.travisci.net" />
    <property name="env.TRAVIS_CPU_ARCH" value="amd64" />
    <property name="node.in.path" value="true" />
    <property name="user.name" value="travis" />
    <property name="java.maxmemory" value="1400m" />
    <property name="env.RUBY_VERSION" value="ruby-2.5.3" />
    <property name="env.LANG" value="en_US.UTF-8" />
    <property name="sun.io.unicode.encoding" value="UnicodeLittle" />
    <property name="sun.jnu.encoding" value="UTF-8" />
    <property name="java.runtime.name" value="OpenJDK Runtime Environment" />
    <property name="usefile" value="false" />
    <property name="return.code" value="0" />
    <property name="junit.single.formatter" value="plain" />
    <property name="env.DYLD_LIBRARY_PATH" value="/home/travis/pthla/certi-tools/lib:" />
    <property name="env.DEBIAN_FRONTEND" value="noninteractive" />
    <property name="env.SSH_CONNECTION" value="10.16.4.78 55592 10.20.1.46 22" />
    <property name="env.MYSQL_UNIX_PORT" value="/var/run/mysqld/mysqld.sock" />
    <property name="env.LC_ALL" value="en_US.UTF-8" />
    <property name="env.TRAVIS_ALLOW_FAILURE" value="" />
    <property name="env.TRAVIS_JOB_WEB_URL" value="https://travis-ci.org/icyphy/ptII/jobs/671637648" />
    <property name="java.specification.name" value="Java Platform API Specification" />
    <property name="node.works" value="true" />
    <property name="user.timezone" value="" />
    <property name="path.separator" value=":" />
    <property name="env.TRAVIS_ENABLE_INFRA_DETECTION" value="true" />
    <property name="env.PYTHON_CFLAGS" value="-g -fstack-protector --param=ssp-buffer-size=4 -Wformat -Werror=format-security" />
    <property name="timeout.long" value="4000000" />
    <property name="env.CERTI_HOME" value="/home/travis/pthla/certi-tools" />
    <property name="ant.file.ptII" value="/home/travis/build/icyphy/ptII/build.xml" />
    <property name="javadoc.packagenames" value="com.*,diva.*,lbnl.*,org.hlacerti.*,org.json.*,org.ptolemy.*,org.terraswarm.*,ptolemy.*,ptserver.*" />
    <property name="file.encoding" value="UTF-8" />
    <property name="env.TRAVIS_PULL_REQUEST_SLUG" value="" />
    <property name="ant.project.default-target" value="build" />
    <property name="env.GIT_ASKPASS" value="echo" />
    <property name="env.HOME" value="/home/travis" />
    <property name="sun.java.command" value="org.apache.tools.ant.taskdefs.optional.junit.JUnitTestRunner ptolemy.actor.lib.test.junit.JUnitTclTest skipNonTests=false filtertrace=true haltOnError=false haltOnFailure=false formatter=org.apache.tools.ant.taskdefs.optional.junit.OutErrSummaryJUnitResultFormatter showoutput=true outputtoformatters=true logfailedtests=true threadid=0 logtestlistenerevents=false formatter=org.apache.tools.ant.taskdefs.optional.junit.XMLJUnitResultFormatter,/home/travis/build/icyphy/ptII/reports/junit/TEST-ptolemy.actor.lib.test.junit.JUnitTclTest.xml crashfile=/home/travis/build/icyphy/ptII/junitvmwatcher4355787000905646464.properties propsfile=/home/travis/build/icyphy/ptII/junit6459067001494642270.properties" />
    <property name="env.COMPOSER_NO_INTERACTION" value="1" />
    <property name="env.MANPATH" value="/home/travis/.nvm/versions/node/v7.10.1/share/man:/home/travis/.rvm/rubies/ruby-2.5.3/share/man:/usr/local/cmake-3.12.4/man:/usr/local/clang-7.0.0/share/man:/usr/local/man:/usr/local/share/man:/usr/share/man:/home/travis/.rvm/man" />
    <property name="env.TRAVIS_TIMER_ID" value="014818fe" />
    <property name="ant.file" value="/home/travis/build/icyphy/ptII/build.xml" />
    <property name="env.TRAVIS_COMMIT_RANGE" value="3e950cfe0f3c004454147d0a7dfedd7f8d8e77cc...52bfcaaec950ad6b43d11ffdb9cd3f924b0c1f76" />
    <property name="env._system_name" value="Ubuntu" />
    <property name="ptII.classpath.optional.property" value="/home/travis/build/icyphy/ptII/lib/bsh-2.0b4.jar:/home/travis/build/icyphy/ptII/lib/ptCal.jar:/home/travis/build/icyphy/ptII/lib/java_cup.jar:/home/travis/build/icyphy/ptII/lib/saxon8.jar:/home/travis/build/icyphy/ptII/lib/saxon8-dom.jar:/home/travis/build/icyphy/ptII/lib/chic.jar:/home/travis/build/icyphy/ptII/lib/ptcolt.jar:/home/travis/build/icyphy/ptII/vendors/misc/itext/iText.jar:/home/travis/build/icyphy/ptII/lib/g4ltl.jar:/home/travis/build/icyphy/ptII/lib/StructuralCoder.jar:/home/travis/build/icyphy/ptII/lib/jcerti.jar:/home/travis/build/icyphy/ptII/lib/javax.mail.jar:/home/travis/build/icyphy/ptII/vendors/JMF-2.1.1e/lib/jmf.jar:/home/travis/build/icyphy/ptII/lib/jna-4.0.0-variadic.jar:/home/travis/build/icyphy/ptII/vendors/misc/joystick/Joystick.jar:/home/travis/build/icyphy/ptII/lib/ptjacl.jar:/home/travis/build/icyphy/ptII/lib/jsoup-1.8.2.jar:/home/travis/build/icyphy/ptII/lib/junit-4.8.2.jar:/home/travis/build/icyphy/ptII/lib/JUnitParams-0.4.0.jar:/home/travis/build/icyphy/ptII/ptolemy/actor/lib/excel/jxl.jar:/home/travis/build/icyphy/ptII/lib/jython.jar:/home/travis/build/icyphy/ptII/lib/kieler.jar:/home/travis/build/icyphy/ptII/vendors/opencv/share/OpenCV/java/opencv-341.jar:/home/travis/build/icyphy/ptII/lib/oscP5.jar:/home/travis/build/icyphy/ptII/lib/nrjavaserial-3.11.0.devel.jar:/home/travis/build/icyphy/ptII/vendors/j3d/lib/Linux/j3dcore.jar:/home/travis/build/icyphy/ptII/vendors/j3d/lib/Linux/j3dutils.jar:/home/travis/build/icyphy/ptII/vendors/j3d/lib/Linux/vecmath.jar:/home/travis/build/icyphy/ptII/vendors/jogl/lib/Linux/gluegen-rt-natives-linux-amd64.jar:/home/travis/build/icyphy/ptII/vendors/jogl/lib/Linux/gluegen-rt.jar:/home/travis/build/icyphy/ptII/vendors/jogl/lib/Linux/jogl-all-natives-linux-amd64.jar:/home/travis/build/icyphy/ptII/vendors/jogl/lib/Linux/jogl-all.jar:/home/travis/build/icyphy/ptII/ptolemy/distributed/jini/jar/jini-core.jar:/home/travis/build/icyphy/ptII/ptolemy/distributed/jini/jar/jini-ext.jar:/home/travis/build/icyphy/ptII/ptolemy/distributed/jini/jar/sun-util.jar:/home/travis/build/icyphy/ptII/lib/protobuf-java-2.4.1.jar:/home/travis/build/icyphy/ptII/lib/org.eclipse.paho.client.mqttv3.jar:/home/travis/build/icyphy/ptII/lib/mapss.jar:/home/travis/build/icyphy/ptII/ptolemy/actor/ptalon/antlr/antlr.jar:/home/travis/build/icyphy/ptII/lib/JRI.jar:/home/travis/build/icyphy/ptII/lib/commons-lang-2.6.jar:/home/travis/build/icyphy/ptII/lib/commons-logging-1.1.1.jar:/home/travis/build/icyphy/ptII/lib/sootclasses.jar:/home/travis/build/icyphy/ptII/ptolemy/actor/lib/database/mysql-connector-java-5.1.6-bin.jar:/home/travis/build/icyphy/ptII/vendors/misc/sphinx4/sphinx4-data-5prealpha.jar:/home/travis/build/icyphy/ptII/vendors/misc/sphinx4/sphinx4-core-5prealpha.jar:/home/travis/build/icyphy/ptII/lib/PDFRenderer.jar:/home/travis/build/icyphy/ptII/lib/svgSalamander.jar:/home/travis/build/icyphy/ptII/lib/rsyntaxtextarea-2.6.0-SNAPSHOT.jar:/home/travis/build/icyphy/ptII/lib/hazelcast-3.8.2.jar:/home/travis/build/icyphy/ptII/lib/jackson-annotations-2.9.0.jar:/home/travis/build/icyphy/ptII/lib/jackson-core-2.9.3.jar:/home/travis/build/icyphy/ptII/lib/jackson-databind-2.9.3.jar:/home/travis/build/icyphy/ptII/lib/netty-buffer-4.1.19.Final.jar:/home/travis/build/icyphy/ptII/lib/netty-codec-4.1.19.Final.jar:/home/travis/build/icyphy/ptII/lib/netty-codec-dns-4.1.19.Final.jar:/home/travis/build/icyphy/ptII/lib/netty-codec-http-4.1.19.Final.jar:/home/travis/build/icyphy/ptII/lib/netty-codec-http2-4.1.19.Final.jar:/home/travis/build/icyphy/ptII/lib/netty-common-4.1.19.Final.jar:/home/travis/build/icyphy/ptII/lib/netty-handler-4.1.19.Final.jar:/home/travis/build/icyphy/ptII/lib/netty-resolver-4.1.19.Final.jar:/home/travis/build/icyphy/ptII/lib/netty-resolver-dns-4.1.19.Final.jar:/home/travis/build/icyphy/ptII/lib/netty-transport-4.1.19.Final.jar:/home/travis/build/icyphy/ptII/lib/vertx-codegen-3.5.1.jar:/home/travis/build/icyphy/ptII/lib/vertx-core-3.5.2-SNAPSHOT.jar:/home/travis/build/icyphy/ptII/lib/vertx-hazelcast-3.5.1.jar:/home/travis/build/icyphy/ptII/lib/vertx-lang-js-3.5.1.jar:/home/travis/build/icyphy/ptII/lib/vertx-service-proxy-3.5.1.jar:/home/travis/build/icyphy/ptII/lib/vertx-web-3.5.1.jar:/home/travis/build/icyphy/ptII/lib/slf4j-api-1.7.13.jar:/home/travis/build/icyphy/ptII/lib/slf4j-simple-1.7.13.jar:/home/travis/build/icyphy/ptII/lib/webcam-capture-0.3.12.jar:/home/travis/build/icyphy/ptII/lib/bridj-0.7.0.jar:/home/travis/build/icyphy/ptII/lib/xbjlib-1.1.0.nrjavaserial.jar" />
    <property name="timeout" value="2400000" />
    <property name="test.batch" value="**/junit/*.java" />
    <property name="env._" value="/usr/bin/timeout" />
    <property name="java.io.tmpdir" value="/tmp" />
    <property name="user.language" value="en" />
    <property name="env.TRAVIS_INTERNAL_RUBY_REGEX" value="^ruby-(2\.[0-4]\.[0-9]|1\.9\.3)" />
    <property name="env.HISTCONTROL" value="ignoredups:ignorespace" />
    <property name="env.GOROOT" value="/home/travis/.gimme/versions/go1.11.1.linux.amd64" />
    <property name="line.separator" value="&#xa;" />
    <property name="target" value="11" />
    <property name="env.TRAVIS_BUILD_DIR" value="/home/travis/build/icyphy/ptII" />
    <property name="env.ANT_OPTS" value="-Xmx2048m" />
    <property name="ant.file.type" value="file" />
    <property name="ptolemy.ptII.batchMode" value="true" />
    <property name="env.HISTSIZE" value="1000" />
    <property name="env.MERB_ENV" value="test" />
    <property name="java.vm.info" value="mixed mode" />
    <property name="source" value="11" />
    <property name="java.vm.specification.name" value="Java Virtual Machine Specification" />
    <property name="env.TRAVIS_TEST_RESULT" value="0" />
    <property name="jsdoc.command" value="node_modules/@terraswarm/jsdoc/jsdoc.js" />
    <property name="npm.works" value="true" />
    <property name="cobertura.dir" value="/home/travis/build/icyphy/ptII/vendors/cobertura-2.0.3" />
    <property name="jsdoc.command.exists" value="true" />
    <property name="env.rvm_path" value="/home/travis/.rvm" />
    <property name="env.GEM_PATH" value="/home/travis/.rvm/gems/ruby-2.5.3:/home/travis/.rvm/gems/ruby-2.5.3@global" />
    <property name="env.LC_CTYPE" value="en_US.UTF-8" />
    <property name="env.TRAVIS_CMD" value="$PTII/bin/ptIITravisBuild.sh $SECONDS" />
    <property name="java.awt.printerjob" value="sun.print.PSPrinterJob" />
    <property name="env.TRAVIS_STACK_NAME" value="sardonyx" />
    <property name="env.TRAVIS_TIMER_START_TIME" value="1586180437541442798" />
    <property name="ant.version" value="Apache Ant(TM) version 1.10.1 compiled on February 2 2017" />
    <property name="ptII.reports" value="/home/travis/build/icyphy/ptII/reports" />
    <property name="env.TRAVIS_STACK_TIMESTAMP" value="2019-03-25 16:16:56 UTC" />
    <property name="ant.file.type.ptII" value="file" />
    <property name="env.RBENV_SHELL" value="bash" />
    <property name="os.name" value="Linux" />
    <property name="java.specification.vendor" value="Oracle Corporation" />
    <property name="env.rvm_version" value="1.29.7 (latest)" />
    <property name="env.TRAVIS_INFRA" value="unknown" />
    <property name="env.TERM" value="xterm" />
    <property name="java.vm.name" value="OpenJDK 64-Bit Server VM" />
    <property name="env.TRAVIS_BUILD_NUMBER" value="1593" />
    <property name="env.CI" value="true" />
    <property name="java.library.path" value="/home/travis/pthla/certi-tools/lib:/usr/lib/jni:/usr/local/share/OpenCV/java/:/usr/share/OpenCV/java::/usr/java/packages/lib:/usr/lib64:/lib64:/lib:/usr/lib" />
    <property name="jdk.module.path" value="/home/travis/build/icyphy/ptII/vendors/javafx/javafx-sdk-11.0.2/lib:" />
    <property name="env.rvm_prefix" value="/home/travis" />
    <property name="env.PATH" value="/home/travis/pthla/certi-tools/share/scripts:/home/travis/.rvm/gems/ruby-2.5.3/bin:/home/travis/.rvm/gems/ruby-2.5.3@global/bin:/home/travis/.rvm/rubies/ruby-2.5.3/bin:/home/travis/.rvm/bin:/home/travis/.nvm/versions/node/v7.10.1/bin:./node_modules/.bin:/home/travis/build/icyphy/ptII/bin:/home/travis/pthla/certi-tools/bin:/home/travis/bin:/home/travis/.local/bin:/usr/local/lib/jvm/openjdk11/bin:/opt/pyenv/shims:/home/travis/.phpenv/shims:/home/travis/perl5/perlbrew/bin:/home/travis/gopath/bin:/home/travis/.gimme/versions/go1.11.1.linux.amd64/bin:/usr/local/maven-3.6.0/bin:/usr/local/cmake-3.12.4/bin:/usr/local/clang-7.0.0/bin:/usr/local/sbin:/usr/local/bin:/usr/sbin:/usr/bin:/sbin:/bin:/snap/bin:/home/travis/.phpenv/bin:/opt/pyenv/bin:/home/travis/.yarn/bin" />
    <property name="env.TRAVIS_OS_NAME" value="linux" />
    <property name="ant.java.version" value="9" />
    <property name="basedir" value="/home/travis/build/icyphy/ptII" />
    <property name="java.class.version" value="55.0" />
    <property name="env.SHLVL" value="3" />
    <property name="env.LD_LIBRARY_PATH" value="/home/travis/pthla/certi-tools/lib:/usr/lib/jni:/usr/local/share/OpenCV/java/:/usr/share/OpenCV/java:" />
    <property name="env.RACK_ENV" value="test" />
    <property name="ant.home" value="/home/travis/build/icyphy/ptII/ant" />
    <property name="env.NVM_DIR" value="/home/travis/.nvm" />
    <property name="env.CERTI_FOM_PATH" value="/home/travis/pthla/certi-tools/share/federations" />
    <property name="env.TRAVIS_BUILD_ID" value="671637636" />
    <property name="env.PYENV_ROOT" value="/opt/pyenv" />
    <property name="env.TRAVIS_UID" value="2000" />
    <property name="prism.verbose" value="true" />
    <property name="env.NVM_BIN" value="/home/travis/.nvm/versions/node/v7.10.1/bin" />
    <property name="env.TRAVIS_COMMIT" value="52bfcaaec950ad6b43d11ffdb9cd3f924b0c1f76" />
    <property name="env._system_arch" value="x86_64" />
    <property name="node.executable" value="node" />
    <property name="sun.boot.library.path" value="/usr/local/lib/jvm/openjdk11/lib" />
    <property name="sun.management.compiler" value="HotSpot 64-Bit Tiered Compilers" />
    <property name="java.awt.graphicsenv" value="sun.awt.X11GraphicsEnvironment" />
    <property name="env.GOPATH" value="/home/travis/gopath" />
    <property name="ptolemy.ptII.dir" value="/home/travis/build/icyphy/ptII" />
    <property name="env.USER" value="travis" />
    <property name="env.HISTFILESIZE" value="2000" />
    <property name="env.NVM_INC" value="/home/travis/.nvm/versions/node/v7.10.1/include/node" />
    <property name="timeout.longest" value="19000000" />
    <property name="env.PERLBREW_SHELLRC_VERSION" value="0.86" />
    <property name="env.TRAVIS_STACK_FEATURES" value="basic couchdb disabled-ipv6 docker docker-compose elasticsearch firefox go-toolchain google-chrome jdk memcached mongodb mysql nodejs_interpreter perl_interpreter perlbrew phantomjs postgresql python_interpreter redis ruby_interpreter sqlite xserver" />
    <property name="env.TRAVIS_PULL_REQUEST" value="false" />
    <property name="env.PYENV_SHELL" value="bash" />
    <property name="ant.project.name" value="ptII" />
    <property name="env.ANSI_RESET" value="\033[0m" />
    <property name="java.vm.specification.version" value="11" />
    <property name="env.TRAVIS_DIST" value="xenial" />
    <property name="env.CERTI_VERSION" value="4.0.0" />
    <property name="env.CERTI_HOST" value="localhost" />
    <property name="awt.toolkit" value="sun.awt.X11.XToolkit" />
    <property name="env.MY_RUBY_HOME" value="/home/travis/.rvm/rubies/ruby-2.5.3" />
    <property name="sun.cpu.isalist" value="" />
    <property name="env.TRAVIS_TMPDIR" value="/tmp/tmp.yqMzMpGaCA" />
    <property name="java.vm.compressedOopsMode" value="Zero based" />
    <property name="os.version" value="4.15.0-1028-gcp" />
    <property name="user.home" value="/home/travis" />
    <property name="java.vm.vendor" value="Oracle Corporation" />
    <property name="env.TRAVIS_TAG" value="nightly" />
    <property name="env.ANSI_YELLOW" value="\033[33;1m" />
    <property name="env.TRAVIS_FILTERED" value="redirect_io" />
    <property name="env.ANSI_GREEN" value="\033[32;1m" />
    <property name="env.JAVA_HOME" value="/usr/local/lib/jvm/openjdk11" />
    <property name="javadoc.excludepackagenames" value="adm.cvs2svn.*,build.*,config.*,doc.coding.templates.*,jni.test.jni.meaningOfLife.*,jni.test.jni.testDeux.*,jni.test.jni.testTrois.*,org.terraswarm.accessor.accessors.web.node_modules.*,org.terraswarm.accessor.accessors.web.hosts.cordova.demo.*,org.terraswarm.accessor.accessors.web.hosts.cordova.plugins.*,org.terraswarm.accessor.accessors-svn.*,pt-modules.*,ptolemy.apps.agilent.*,ptolemy.apps.anytimecontrol.*,ptolemy.apps.apes.*,ptolemy.apps.charon.*,ptolemy.apps.crazyboard.*,ptolemy.apps.eclipse.*,ptolemy.apps.etherealSting.*,ptolemy.apps.fullscreen.*,ptolemy.apps.giotto.*,ptolemy.apps.ia.*,ptolemy.apps.interfaces.*,ptolemy.apps.jmf.*,ptolemy.apps.kurt.*,ptolemy.apps.kvm.*,ptolemy.apps.lego.*,ptolemy.apps.lejos.*,ptolemy.apps.midp.*,ptolemy.apps.mobileCoding.*,ptolemy.apps.pendulum.*,ptolemy.apps.rijndael.*,ptolemy.apps.robot.*,ptolemy.apps.security.*,ptolemy.apps.sobel.*,ptolemy.apps.soot.*,ptolemy.apps.throttle.*,ptolemy.apps.tini.*,ptolemy.apps.transmission.*,ptolemy.apps.vergil.*,ptolemy.apps.waba.*,ptolemy.apps.websensor.*,ptolemy.apps.webstart.*,ptolemy.apps.xsl.*,ptolemy.apps.zaurus.*,ptolemy.codegen.c.actor.lib.oldJavaFiles.*,ptolemy.codegen.dsp.lib.*,ptolemy.codegen.kernel.newInterfaces.*,ptolemy.codegen.lib.*,ptolemy.copernicus.kernel.fragment.*,ptolemy.copernicus.shallow.cg.*,ptolemy.domains.giotto.demo.Hierarchy.Hierarchy.*,ptolemy.domains.giotto.demo.Multimode.Multimode.*,ptolemy.domains.giotto.demo.Simple.Simple.*,ptolemy.domains.gr.lib.experimental.*,ptolemy.domains.gro.*,ptolemy.domains.pdf.*,ptolemy.domains.ptinyos.demo.Surge.output.*,ptolemy.moml.test.NoPackageActor.java*,ptolemy.plot.adm.*,ptolemy.plot.servlet.*,reports.*,signed.*,src.*,target.*,vendors.*,ptolemy.copernicus.applet.*,ptolemy.media.viewer.*,ptolemy.actor.corba.*,doc.doclets.*,ptolemy.apps.eclipse.awt.*,ptolemy.backtrack.*,ptolemy.backtrack.ast.*,ptolemy.cg.adapter.generic.program.procedural.c.mbed*,ptolemy.homer.*,ptolemy.actor.lib.jai.*,org.ptolemy.scala.*,diva.util.java2d.svg.*,ptolemy.domains.ptinyos.*,ptolemy.actor.lib.fmi.fmipp.*,,org.terraswarm.accessor.accessors.web.node_modules.*,org.terraswarm.accessor.accessors-svn,ptolemy.apps.*,ptolemy.actor.ptalon.demo.ptinyos.SendAndReceiveCnt.output,ptolemy.actor.ptalon.demo.ptinyos.SenseToLeds.output,ptolemy.domains.ptinyos.demo.CntToLedsAndRfm.output,ptolemy.domains.ptinyos.demo.RfmToLeds.output,ptolemy.domains.ptinyos.demo.SendAndReceiveCnt.output,ptolemy.domains.ptinyos.demo.SenseToLeds.output,ptolemy.actor.lib.jjs.modules.udpSocket.*" />
    <property name="env.PTII" value="/home/travis/build/icyphy/ptII" />
    <property name="env.XDG_SESSION_ID" value="2" />
    <property name="keystore" value="ptKeystore" />
    <property name="env.TRAVIS_COMMIT_MESSAGE" value="Updating models using array data type." />
    <property name="junit.output.dir" value="/home/travis/build/icyphy/ptII/reports/junit" />
    <property name="npm.return.code" value="0" />
    <property name="user.dir" value="/home/travis/build/icyphy/ptII/ptolemy/actor/lib/test" />
    <property name="env.TRAVIS_NODE_VERSION" value="7" />
    <property name="env.TRAVIS_EVENT_TYPE" value="cron" />
    <property name="env.MAIL" value="/var/mail/travis" />
    <property name="env.PERLBREW_ROOT" value="/home/travis/perl5/perlbrew" />
    <property name="env.PWD" value="/home/travis/build/icyphy/ptII" />
    <property name="timeout.npm" value="45000" />
    <property name="env.TRAVIS_ARCH" value="amd64" />
    <property name="sun.cpu.endian" value="little" />
    <property name="env.PAGER" value="cat" />
    <property name="env.TRAVIS_BUILD_STAGE_NAME" value="test" />
    <property name="env.PERLBREW_HOME" value="/home/travis/.perlbrew" />
    <property name="java.vm.version" value="11.0.2+9" />
    <property name="env.RAILS_ENV" value="test" />
    <property name="java.class.path" value="/home/travis/.ptolemyII:/home/travis/.ptolemyII/*:/home/travis/build/icyphy/ptII:/home/travis/build/icyphy/ptII/lib/bsh-2.0b4.jar:/home/travis/build/icyphy/ptII/lib/ptCal.jar:/home/travis/build/icyphy/ptII/lib/java_cup.jar:/home/travis/build/icyphy/ptII/lib/saxon8.jar:/home/travis/build/icyphy/ptII/lib/saxon8-dom.jar:/home/travis/build/icyphy/ptII/lib/chic.jar:/home/travis/build/icyphy/ptII/lib/ptcolt.jar:/home/travis/build/icyphy/ptII/vendors/misc/itext/iText.jar:/home/travis/build/icyphy/ptII/lib/g4ltl.jar:/home/travis/build/icyphy/ptII/lib/StructuralCoder.jar:/home/travis/build/icyphy/ptII/lib/jcerti.jar:/home/travis/build/icyphy/ptII/lib/javax.mail.jar:/home/travis/build/icyphy/ptII/vendors/JMF-2.1.1e/lib/jmf.jar:/home/travis/build/icyphy/ptII/lib/jna-4.0.0-variadic.jar:/home/travis/build/icyphy/ptII/vendors/misc/joystick/Joystick.jar:/home/travis/build/icyphy/ptII/lib/ptjacl.jar:/home/travis/build/icyphy/ptII/lib/jsoup-1.8.2.jar:/home/travis/build/icyphy/ptII/lib/junit-4.8.2.jar:/home/travis/build/icyphy/ptII/lib/JUnitParams-0.4.0.jar:/home/travis/build/icyphy/ptII/ptolemy/actor/lib/excel/jxl.jar:/home/travis/build/icyphy/ptII/lib/jython.jar:/home/travis/build/icyphy/ptII/lib/kieler.jar:/home/travis/build/icyphy/ptII/vendors/opencv/share/OpenCV/java/opencv-341.jar:/home/travis/build/icyphy/ptII/lib/oscP5.jar:/home/travis/build/icyphy/ptII/lib/nrjavaserial-3.11.0.devel.jar:/home/travis/build/icyphy/ptII/vendors/j3d/lib/Linux/j3dcore.jar:/home/travis/build/icyphy/ptII/vendors/j3d/lib/Linux/j3dutils.jar:/home/travis/build/icyphy/ptII/vendors/j3d/lib/Linux/vecmath.jar:/home/travis/build/icyphy/ptII/vendors/jogl/lib/Linux/gluegen-rt-natives-linux-amd64.jar:/home/travis/build/icyphy/ptII/vendors/jogl/lib/Linux/gluegen-rt.jar:/home/travis/build/icyphy/ptII/vendors/jogl/lib/Linux/jogl-all-natives-linux-amd64.jar:/home/travis/build/icyphy/ptII/vendors/jogl/lib/Linux/jogl-all.jar:/home/travis/build/icyphy/ptII/ptolemy/distributed/jini/jar/jini-core.jar:/home/travis/build/icyphy/ptII/ptolemy/distributed/jini/jar/jini-ext.jar:/home/travis/build/icyphy/ptII/ptolemy/distributed/jini/jar/sun-util.jar:/home/travis/build/icyphy/ptII/lib/protobuf-java-2.4.1.jar:/home/travis/build/icyphy/ptII/lib/org.eclipse.paho.client.mqttv3.jar:/home/travis/build/icyphy/ptII/lib/mapss.jar:/home/travis/build/icyphy/ptII/ptolemy/actor/ptalon/antlr/antlr.jar:/home/travis/build/icyphy/ptII/lib/JRI.jar:/home/travis/build/icyphy/ptII/lib/commons-lang-2.6.jar:/home/travis/build/icyphy/ptII/lib/commons-logging-1.1.1.jar:/home/travis/build/icyphy/ptII/lib/sootclasses.jar:/home/travis/build/icyphy/ptII/ptolemy/actor/lib/database/mysql-connector-java-5.1.6-bin.jar:/home/travis/build/icyphy/ptII/vendors/misc/sphinx4/sphinx4-data-5prealpha.jar:/home/travis/build/icyphy/ptII/vendors/misc/sphinx4/sphinx4-core-5prealpha.jar:/home/travis/build/icyphy/ptII/lib/PDFRenderer.jar:/home/travis/build/icyphy/ptII/lib/svgSalamander.jar:/home/travis/build/icyphy/ptII/lib/rsyntaxtextarea-2.6.0-SNAPSHOT.jar:/home/travis/build/icyphy/ptII/lib/hazelcast-3.8.2.jar:/home/travis/build/icyphy/ptII/lib/jackson-annotations-2.9.0.jar:/home/travis/build/icyphy/ptII/lib/jackson-core-2.9.3.jar:/home/travis/build/icyphy/ptII/lib/jackson-databind-2.9.3.jar:/home/travis/build/icyphy/ptII/lib/netty-buffer-4.1.19.Final.jar:/home/travis/build/icyphy/ptII/lib/netty-codec-4.1.19.Final.jar:/home/travis/build/icyphy/ptII/lib/netty-codec-dns-4.1.19.Final.jar:/home/travis/build/icyphy/ptII/lib/netty-codec-http-4.1.19.Final.jar:/home/travis/build/icyphy/ptII/lib/netty-codec-http2-4.1.19.Final.jar:/home/travis/build/icyphy/ptII/lib/netty-common-4.1.19.Final.jar:/home/travis/build/icyphy/ptII/lib/netty-handler-4.1.19.Final.jar:/home/travis/build/icyphy/ptII/lib/netty-resolver-4.1.19.Final.jar:/home/travis/build/icyphy/ptII/lib/netty-resolver-dns-4.1.19.Final.jar:/home/travis/build/icyphy/ptII/lib/netty-transport-4.1.19.Final.jar:/home/travis/build/icyphy/ptII/lib/vertx-codegen-3.5.1.jar:/home/travis/build/icyphy/ptII/lib/vertx-core-3.5.2-SNAPSHOT.jar:/home/travis/build/icyphy/ptII/lib/vertx-hazelcast-3.5.1.jar:/home/travis/build/icyphy/ptII/lib/vertx-lang-js-3.5.1.jar:/home/travis/build/icyphy/ptII/lib/vertx-service-proxy-3.5.1.jar:/home/travis/build/icyphy/ptII/lib/vertx-web-3.5.1.jar:/home/travis/build/icyphy/ptII/lib/slf4j-api-1.7.13.jar:/home/travis/build/icyphy/ptII/lib/slf4j-simple-1.7.13.jar:/home/travis/build/icyphy/ptII/lib/webcam-capture-0.3.12.jar:/home/travis/build/icyphy/ptII/lib/bridj-0.7.0.jar:/home/travis/build/icyphy/ptII/lib/xbjlib-1.1.0.nrjavaserial.jar:/home/travis/build/icyphy/ptII/ptolemy/moml/test:/home/travis/build/icyphy/ptII/ant/lib/ant-launcher.jar:/home/travis/build/icyphy/ptII/ant/lib/ant.jar:/home/travis/build/icyphy/ptII/ant/lib/ant-junit.jar:/home/travis/build/icyphy/ptII/ant/lib/ant-junit4.jar" />
    <property name="ant.library.dir" value="/home/travis/build/icyphy/ptII/ant/lib" />
    <property name="os.arch" value="amd64" />
    <property name="env.CONTINUOUS_INTEGRATION" value="true" />
    <property name="env.TRAVIS_LANGUAGE" value="node_js" />
    <property name="env.TRAVIS_STACK_LANGUAGES" value="__sardonyx__ c c++ clojure cplusplus cpp default generic go groovy java node_js php pure_java python ruby scala" />
    <property name="test.name" value="ptolemy.actor.lib.test.junit.JUnitTclTest" />
    <property name="env.APT_KEY_DONT_WARN_ON_DANGEROUS_USAGE" value="1" />
    <property name="sun.java.launcher" value="SUN_STANDARD" />
    <property name="env.PYTHON_CONFIGURE_OPTS" value="--enable-unicode=ucs4 --with-wide-unicode --enable-shared --enable-ipv6 --enable-loadable-sqlite-extensions --with-computed-gotos" />
    <property name="ant.core.lib" value="/home/travis/build/icyphy/ptII/ant/lib/ant.jar" />
    <property name="java.vm.specification.vendor" value="Oracle Corporation" />
    <property name="env.BCVTB_HOME" value="/home/travis/build/icyphy/ptII/lbnl" />
    <property name="file.separator" value="/" />
    <property name="spotbugs.home" value="/home/travis/build/icyphy/ptII/vendors/spotbugs-3.1.1" />
    <property name="java.runtime.version" value="11.0.2+9" />
    <property name="env.ANSI_CLEAR" value="\033[0K" />
    <property name="javafx.verbose" value="true" />
    <property name="env.HAS_JOSH_K_SEAL_OF_APPROVAL" value="true" />
    <property name="env.XDG_RUNTIME_DIR" value="/run/user/2000" />
    <property name="env.TRAVIS_OSX_IMAGE" value="" />
    <property name="env.TRAVIS_JOB_ID" value="671637648" />
    <property name="env.TRAVIS_BRANCH" value="master" />
    <property name="user.country" value="US" />
    <property name="env.CERTI_HOME_TRAVIS" value="/home/travis/pthla/certi-tools" />
    <property name="env.SHELL" value="/bin/bash" />
    <property name="java.maxmemory.large" value="3200m" />
    <property name="model" value="" />
    <property name="env.CASHER_DIR" value="/home/travis/.casher" />
    <property name="env.NVM_CD_FLAGS" value="" />
    <property name="java.vendor.version" value="18.9" />
    <property name="jshint.executable" value="/home/travis/node_modules/jshint/bin/jshint" />
    <property name="env.JRUBY_OPTS" value=" --client -J-XX:+TieredCompilation -J-XX:TieredStopAtLevel=1 -J-Xss2m -Xcompile.invokedynamic=false" />
    <property name="java.vendor" value="Oracle Corporation" />
    <property name="env.TRAVIS_PRE_CHEF_BOOTSTRAP_TIME" value="2019-03-25T16:16:42" />
    <property name="env.TRAVIS_STACK_JOB_BOARD_REGISTER" value="/.job-board-register.yml" />
    <property name="env.ANSI_RED" value="\033[31;1m" />
    <property name="java.specification.version" value="11" />
    <property name="env.IRBRC" value="/home/travis/.rvm/rubies/ruby-2.5.3/.irbrc" />
    <property name="env.TRAVIS" value="true" />
    <property name="sun.arch.data.model" value="64" />
  </properties>
  <testcase classname="ptolemy.util.test.junit.TclTests" name="[0] /home/travis/build/icyphy/ptII/ptolemy/actor/lib/test/AbsoluteValue.tcl (RunTclFile)" time="0.561" />
  <testcase classname="ptolemy.util.test.junit.TclTests" name="[1] /home/travis/build/icyphy/ptII/ptolemy/actor/lib/test/AddSubtract.tcl (RunTclFile)" time="0.152" />
  <testcase classname="ptolemy.util.test.junit.TclTests" name="[2] /home/travis/build/icyphy/ptII/ptolemy/actor/lib/test/Average.tcl (RunTclFile)" time="0.033" />
  <testcase classname="ptolemy.util.test.junit.TclTests" name="[3] /home/travis/build/icyphy/ptII/ptolemy/actor/lib/test/Bernoulli.tcl (RunTclFile)" time="0.026" />
  <testcase classname="ptolemy.util.test.junit.TclTests" name="[4] /home/travis/build/icyphy/ptII/ptolemy/actor/lib/test/Clock.tcl (RunTclFile)" time="0.073" />
  <testcase classname="ptolemy.util.test.junit.TclTests" name="[5] /home/travis/build/icyphy/ptII/ptolemy/actor/lib/test/Commutator.tcl (RunTclFile)" time="0.178" />
  <testcase classname="ptolemy.util.test.junit.TclTests" name="[6] /home/travis/build/icyphy/ptII/ptolemy/actor/lib/test/Const.tcl (RunTclFile)" time="0.126" />
  <testcase classname="ptolemy.util.test.junit.TclTests" name="[7] /home/travis/build/icyphy/ptII/ptolemy/actor/lib/test/CurrentTime.tcl (RunTclFile)" time="0.039" />
  <testcase classname="ptolemy.util.test.junit.TclTests" name="[8] /home/travis/build/icyphy/ptII/ptolemy/actor/lib/test/DB.tcl (RunTclFile)" time="0.045" />
  <testcase classname="ptolemy.util.test.junit.TclTests" name="[9] /home/travis/build/icyphy/ptII/ptolemy/actor/lib/test/DiscreteRandomSource.tcl (RunTclFile)" time="0.048" />
  <testcase classname="ptolemy.util.test.junit.TclTests" name="[10] /home/travis/build/icyphy/ptII/ptolemy/actor/lib/test/Distributor.tcl (RunTclFile)" time="0.093" />
  <testcase classname="ptolemy.util.test.junit.TclTests" name="[11] /home/travis/build/icyphy/ptII/ptolemy/actor/lib/test/Exit.tcl (RunTclFile)" time="0.107" />
  <testcase classname="ptolemy.util.test.junit.TclTests" name="[12] /home/travis/build/icyphy/ptII/ptolemy/actor/lib/test/Expression.tcl (RunTclFile)" time="0.066" />
  <testcase classname="ptolemy.util.test.junit.TclTests" name="[13] /home/travis/build/icyphy/ptII/ptolemy/actor/lib/test/Gaussian.tcl (RunTclFile)" time="0.37" />
  <testcase classname="ptolemy.util.test.junit.TclTests" name="[14] /home/travis/build/icyphy/ptII/ptolemy/actor/lib/test/IIR.tcl (RunTclFile)" time="0.042" />
  <testcase classname="ptolemy.util.test.junit.TclTests" name="[15] /home/travis/build/icyphy/ptII/ptolemy/actor/lib/test/Interpolator.tcl (RunTclFile)" time="0.112" />
  <testcase classname="ptolemy.util.test.junit.TclTests" name="[16] /home/travis/build/icyphy/ptII/ptolemy/actor/lib/test/MathFunction.tcl (RunTclFile)" time="0.075" />
  <testcase classname="ptolemy.util.test.junit.TclTests" name="[17] /home/travis/build/icyphy/ptII/ptolemy/actor/lib/test/Maximum.tcl (RunTclFile)" time="0.053" />
  <testcase classname="ptolemy.util.test.junit.TclTests" name="[18] /home/travis/build/icyphy/ptII/ptolemy/actor/lib/test/Minimum.tcl (RunTclFile)" time="0.035" />
  <testcase classname="ptolemy.util.test.junit.TclTests" name="[19] /home/travis/build/icyphy/ptII/ptolemy/actor/lib/test/MultiplyDivide.tcl (RunTclFile)" time="0.048" />
  <testcase classname="ptolemy.util.test.junit.TclTests" name="[20] /home/travis/build/icyphy/ptII/ptolemy/actor/lib/test/OrderedMerge.tcl (RunTclFile)" time="0.113" />
  <testcase classname="ptolemy.util.test.junit.TclTests" name="[21] /home/travis/build/icyphy/ptII/ptolemy/actor/lib/test/Publisher.tcl (RunTclFile)" time="0.745" />
  <testcase classname="ptolemy.util.test.junit.TclTests" name="[22] /home/travis/build/icyphy/ptII/ptolemy/actor/lib/test/Pulse.tcl (RunTclFile)" time="0.07" />
  <testcase classname="ptolemy.util.test.junit.TclTests" name="[23] /home/travis/build/icyphy/ptII/ptolemy/actor/lib/test/Ramp.tcl (RunTclFile)" time="2.154" />
  <testcase classname="ptolemy.util.test.junit.TclTests" name="[24] /home/travis/build/icyphy/ptII/ptolemy/actor/lib/test/RampContinuous.tcl (RunTclFile)" time="0.022" />
  <testcase classname="ptolemy.util.test.junit.TclTests" name="[25] /home/travis/build/icyphy/ptII/ptolemy/actor/lib/test/RecordAssembler.tcl (RunTclFile)" time="0.018" />
  <testcase classname="ptolemy.util.test.junit.TclTests" name="[26] /home/travis/build/icyphy/ptII/ptolemy/actor/lib/test/RecordDisassembler.tcl (RunTclFile)" time="0.033" />
  <testcase classname="ptolemy.util.test.junit.TclTests" name="[27] /home/travis/build/icyphy/ptII/ptolemy/actor/lib/test/Scale.tcl (RunTclFile)" time="0.038" />
  <testcase classname="ptolemy.util.test.junit.TclTests" name="[28] /home/travis/build/icyphy/ptII/ptolemy/actor/lib/test/SequentialClock.tcl (RunTclFile)" time="0.016" />
  <testcase classname="ptolemy.util.test.junit.TclTests" name="[29] /home/travis/build/icyphy/ptII/ptolemy/actor/lib/test/SetVariable.tcl (RunTclFile)" time="0.014" />
  <testcase classname="ptolemy.util.test.junit.TclTests" name="[30] /home/travis/build/icyphy/ptII/ptolemy/actor/lib/test/Sinewave.tcl (RunTclFile)" time="0.055" />
  <testcase classname="ptolemy.util.test.junit.TclTests" name="[31] /home/travis/build/icyphy/ptII/ptolemy/actor/lib/test/SubscriptionAggregator.tcl (RunTclFile)" time="2.178" />
  <testcase classname="ptolemy.util.test.junit.TclTests" name="[32] /home/travis/build/icyphy/ptII/ptolemy/actor/lib/test/Test.tcl (RunTclFile)" time="0.105" />
  <testcase classname="ptolemy.util.test.junit.TclTests" name="[33] /home/travis/build/icyphy/ptII/ptolemy/actor/lib/test/TestExceptionHandler.tcl (RunTclFile)" time="0.014" />
  <testcase classname="ptolemy.util.test.junit.TclTests" name="[34] /home/travis/build/icyphy/ptII/ptolemy/actor/lib/test/UnionDisassembler.tcl (RunTclFile)" time="0.086" />
  <testcase classname="ptolemy.util.test.junit.TclTests" name="[35] /home/travis/build/icyphy/ptII/ptolemy/actor/lib/test/VariableClock.tcl (RunTclFile)" time="0.029" />
  <testcase classname="ptolemy.util.test.junit.AutoKnownFailedTests" name="[0] /home/travis/build/icyphy/ptII/ptolemy/actor/lib/test/auto/knownFailedTests/PublisherPortToplevelSubscriber.xml (RunModel)" time="0.032" />
  <testcase classname="ptolemy.util.test.junit.AutoKnownFailedTests" name="[1] /home/travis/build/icyphy/ptII/ptolemy/actor/lib/test/auto/knownFailedTests/PublisherSubscriberPortToplevel.xml (RunModel)" time="0.02" />
  <testcase classname="ptolemy.util.test.junit.AutoKnownFailedTests" name="[2] /home/travis/build/icyphy/ptII/ptolemy/actor/lib/test/auto/knownFailedTests/PublisherSubscriptionAggregatorPort.xml (RunModel)" time="0.028" />
  <testcase classname="ptolemy.util.test.junit.AutoKnownFailedTests" name="[3] /home/travis/build/icyphy/ptII/ptolemy/actor/lib/test/auto/knownFailedTests/sizedarray3.xml (RunModel)" time="0.033" />
  <testcase classname="ptolemy.util.test.junit.AutoNameArchTests" name="[0] ThereAreNoAutoArchTests (RunModel)" time="0.001" />
  <testcase classname="ptolemy.util.test.junit.AutoTests" name="[0] /home/travis/build/icyphy/ptII/ptolemy/actor/lib/test/auto/AbsoluteValue.xml (RunModel)" time="0.093" />
  <testcase classname="ptolemy.util.test.junit.AutoTests" name="[1] /home/travis/build/icyphy/ptII/ptolemy/actor/lib/test/auto/AbsoluteValue2.xml (RunModel)" time="0.061" />
  <testcase classname="ptolemy.util.test.junit.AutoTests" name="[2] /home/travis/build/icyphy/ptII/ptolemy/actor/lib/test/auto/Accumulator.xml (RunModel)" time="0.079" />
  <testcase classname="ptolemy.util.test.junit.AutoTests" name="[3] /home/travis/build/icyphy/ptII/ptolemy/actor/lib/test/auto/Accumulator2.xml (RunModel)" time="0.035" />
  <testcase classname="ptolemy.util.test.junit.AutoTests" name="[4] /home/travis/build/icyphy/ptII/ptolemy/actor/lib/test/auto/Accumulator3.xml (RunModel)" time="0.046" />
  <testcase classname="ptolemy.util.test.junit.AutoTests" name="[5] /home/travis/build/icyphy/ptII/ptolemy/actor/lib/test/auto/ArrayAppend.xml (RunModel)" time="0.04" />
  <testcase classname="ptolemy.util.test.junit.AutoTests" name="[6] /home/travis/build/icyphy/ptII/ptolemy/actor/lib/test/auto/ArrayAppend2.xml (RunModel)" time="0.38" />
  <testcase classname="ptolemy.util.test.junit.AutoTests" name="[7] /home/travis/build/icyphy/ptII/ptolemy/actor/lib/test/auto/ArrayAppend3.xml (RunModel)" time="0.054" />
  <testcase classname="ptolemy.util.test.junit.AutoTests" name="[8] /home/travis/build/icyphy/ptII/ptolemy/actor/lib/test/auto/ArrayAppend4.xml (RunModel)" time="0.019" />
  <testcase classname="ptolemy.util.test.junit.AutoTests" name="[9] /home/travis/build/icyphy/ptII/ptolemy/actor/lib/test/auto/ArrayAppend5.xml (RunModel)" time="0.019" />
  <testcase classname="ptolemy.util.test.junit.AutoTests" name="[10] /home/travis/build/icyphy/ptII/ptolemy/actor/lib/test/auto/ArrayAppend6.xml (RunModel)" time="0.021" />
  <testcase classname="ptolemy.util.test.junit.AutoTests" name="[11] /home/travis/build/icyphy/ptII/ptolemy/actor/lib/test/auto/ArrayAppendPerformanceTest.xml (RunModel)" time="0.073" />
  <testcase classname="ptolemy.util.test.junit.AutoTests" name="[12] /home/travis/build/icyphy/ptII/ptolemy/actor/lib/test/auto/ArrayAppendWithEmptyInput.xml (RunModel)" time="0.057" />
  <testcase classname="ptolemy.util.test.junit.AutoTests" name="[13] /home/travis/build/icyphy/ptII/ptolemy/actor/lib/test/auto/ArrayAverage.xml (RunModel)" time="0.035" />
  <testcase classname="ptolemy.util.test.junit.AutoTests" name="[14] /home/travis/build/icyphy/ptII/ptolemy/actor/lib/test/auto/ArrayContains.xml (RunModel)" time="0.023" />
  <testcase classname="ptolemy.util.test.junit.AutoTests" name="[15] /home/travis/build/icyphy/ptII/ptolemy/actor/lib/test/auto/ArrayElement.xml (RunModel)" time="0.045" />
  <testcase classname="ptolemy.util.test.junit.AutoTests" name="[16] /home/travis/build/icyphy/ptII/ptolemy/actor/lib/test/auto/ArrayElementAsMatrix.xml (RunModel)" time="0.065" />
  <testcase classname="ptolemy.util.test.junit.AutoTests" name="[17] /home/travis/build/icyphy/ptII/ptolemy/actor/lib/test/auto/ArrayElementI.xml (RunModel)" time="0.023" />
  <testcase classname="ptolemy.util.test.junit.AutoTests" name="[18] /home/travis/build/icyphy/ptII/ptolemy/actor/lib/test/auto/ArrayExtract.xml (RunModel)" time="0.035" />
  <testcase classname="ptolemy.util.test.junit.AutoTests" name="[19] /home/travis/build/icyphy/ptII/ptolemy/actor/lib/test/auto/ArrayExtract2.xml (RunModel)" time="0.025" />
  <testcase classname="ptolemy.util.test.junit.AutoTests" name="[20] /home/travis/build/icyphy/ptII/ptolemy/actor/lib/test/auto/ArrayLength.xml (RunModel)" time="0.032" />
  <testcase classname="ptolemy.util.test.junit.AutoTests" name="[21] /home/travis/build/icyphy/ptII/ptolemy/actor/lib/test/auto/ArrayLevelCrossing.xml (RunModel)" time="0.028" />
  <testcase classname="ptolemy.util.test.junit.AutoTests" name="[22] /home/travis/build/icyphy/ptII/ptolemy/actor/lib/test/auto/ArrayLevelCrossing2.xml (RunModel)" time="0.024" />
  <testcase classname="ptolemy.util.test.junit.AutoTests" name="[23] /home/travis/build/icyphy/ptII/ptolemy/actor/lib/test/auto/ArrayPeakSearch.xml (RunModel)" time="0.047" />
  <testcase classname="ptolemy.util.test.junit.AutoTests" name="[24] /home/travis/build/icyphy/ptII/ptolemy/actor/lib/test/auto/ArrayPeakSearch2.xml (RunModel)" time="0.042" />
  <testcase classname="ptolemy.util.test.junit.AutoTests" name="[25] /home/travis/build/icyphy/ptII/ptolemy/actor/lib/test/auto/ArrayPeakSearch3.xml (RunModel)" time="0.043" />
  <testcase classname="ptolemy.util.test.junit.AutoTests" name="[26] /home/travis/build/icyphy/ptII/ptolemy/actor/lib/test/auto/ArrayRemoveElement.xml (RunModel)" time="0.031" />
  <testcase classname="ptolemy.util.test.junit.AutoTests" name="[27] /home/travis/build/icyphy/ptII/ptolemy/actor/lib/test/auto/ArraySort.xml (RunModel)" time="0.034" />
  <testcase classname="ptolemy.util.test.junit.AutoTests" name="[28] /home/travis/build/icyphy/ptII/ptolemy/actor/lib/test/auto/ArraySum.xml (RunModel)" time="0.017" />
  <testcase classname="ptolemy.util.test.junit.AutoTests" name="[29] /home/travis/build/icyphy/ptII/ptolemy/actor/lib/test/auto/ArrayToElements.xml (RunModel)" time="0.03" />
  <testcase classname="ptolemy.util.test.junit.AutoTests" name="[30] /home/travis/build/icyphy/ptII/ptolemy/actor/lib/test/auto/ArrayToMatrix.xml (RunModel)" time="0.056" />
  <testcase classname="ptolemy.util.test.junit.AutoTests" name="[31] /home/travis/build/icyphy/ptII/ptolemy/actor/lib/test/auto/ArrayUpdate1.xml (RunModel)" time="0.016" />
  <testcase classname="ptolemy.util.test.junit.AutoTests" name="[32] /home/travis/build/icyphy/ptII/ptolemy/actor/lib/test/auto/ArrayUpdate2.xml (RunModel)" time="0.025" />
  <testcase classname="ptolemy.util.test.junit.AutoTests" name="[33] /home/travis/build/icyphy/ptII/ptolemy/actor/lib/test/auto/ArrayUpdate3.xml (RunModel)" time="0.015" />
  <testcase classname="ptolemy.util.test.junit.AutoTests" name="[34] /home/travis/build/icyphy/ptII/ptolemy/actor/lib/test/auto/Assert1.xml (RunModel)" time="0.024" />
  <testcase classname="ptolemy.util.test.junit.AutoTests" name="[35] /home/travis/build/icyphy/ptII/ptolemy/actor/lib/test/auto/Assert2.xml (RunModel)" time="0.023" />
  <testcase classname="ptolemy.util.test.junit.AutoTests" name="[36] /home/travis/build/icyphy/ptII/ptolemy/actor/lib/test/auto/BooleanMultiplexor.xml (RunModel)" time="0.028" />
  <testcase classname="ptolemy.util.test.junit.AutoTests" name="[37] /home/travis/build/icyphy/ptII/ptolemy/actor/lib/test/auto/BooleanMultiplexor2.xml (RunModel)" time="0.024" />
  <testcase classname="ptolemy.util.test.junit.AutoTests" name="[38] /home/travis/build/icyphy/ptII/ptolemy/actor/lib/test/auto/BooleanMultiplexor3.xml (RunModel)" time="0.018" />
  <testcase classname="ptolemy.util.test.junit.AutoTests" name="[39] /home/travis/build/icyphy/ptII/ptolemy/actor/lib/test/auto/BooleanSelect.xml (RunModel)" time="0.023" />
  <testcase classname="ptolemy.util.test.junit.AutoTests" name="[40] /home/travis/build/icyphy/ptII/ptolemy/actor/lib/test/auto/BooleanSelect2.xml (RunModel)" time="0.016" />
  <testcase classname="ptolemy.util.test.junit.AutoTests" name="[41] /home/travis/build/icyphy/ptII/ptolemy/actor/lib/test/auto/BooleanSwitch.xml (RunModel)" time="0.031" />
  <testcase classname="ptolemy.util.test.junit.AutoTests" name="[42] /home/travis/build/icyphy/ptII/ptolemy/actor/lib/test/auto/BooleanSwitch2.xml (RunModel)" time="0.015" />
  <testcase classname="ptolemy.util.test.junit.AutoTests" name="[43] /home/travis/build/icyphy/ptII/ptolemy/actor/lib/test/auto/BooleanSwitchCloningBugWithClassRelationGroup.xml (RunModel)" time="0.041" />
  <testcase classname="ptolemy.util.test.junit.AutoTests" name="[44] /home/travis/build/icyphy/ptII/ptolemy/actor/lib/test/auto/BusActors.xml (RunModel)" time="0.047" />
  <testcase classname="ptolemy.util.test.junit.AutoTests" name="[45] /home/travis/build/icyphy/ptII/ptolemy/actor/lib/test/auto/ClassWrapper.xml (RunModel)" time="0.012" />
  <testcase classname="ptolemy.util.test.junit.AutoTests" name="[46] /home/travis/build/icyphy/ptII/ptolemy/actor/lib/test/auto/Clock.xml (RunModel)" time="0.01" />
  <testcase classname="ptolemy.util.test.junit.AutoTests" name="[47] /home/travis/build/icyphy/ptII/ptolemy/actor/lib/test/auto/Clock10.xml (RunModel)" time="0.018" />
  <testcase classname="ptolemy.util.test.junit.AutoTests" name="[48] /home/travis/build/icyphy/ptII/ptolemy/actor/lib/test/auto/Clock11.xml (RunModel)" time="0.019" />
  <testcase classname="ptolemy.util.test.junit.AutoTests" name="[49] /home/travis/build/icyphy/ptII/ptolemy/actor/lib/test/auto/Clock12.xml (RunModel)" time="0.021" />
  <testcase classname="ptolemy.util.test.junit.AutoTests" name="[50] /home/travis/build/icyphy/ptII/ptolemy/actor/lib/test/auto/Clock13.xml (RunModel)" time="0.021" />
  <testcase classname="ptolemy.util.test.junit.AutoTests" name="[51] /home/travis/build/icyphy/ptII/ptolemy/actor/lib/test/auto/Clock14.xml (RunModel)" time="0.022" />
  <testcase classname="ptolemy.util.test.junit.AutoTests" name="[52] /home/travis/build/icyphy/ptII/ptolemy/actor/lib/test/auto/Clock15.xml (RunModel)" time="0.016" />
  <testcase classname="ptolemy.util.test.junit.AutoTests" name="[53] /home/travis/build/icyphy/ptII/ptolemy/actor/lib/test/auto/Clock16.xml (RunModel)" time="0.113" />
  <testcase classname="ptolemy.util.test.junit.AutoTests" name="[54] /home/travis/build/icyphy/ptII/ptolemy/actor/lib/test/auto/Clock17.xml (RunModel)" time="0.039" />
  <testcase classname="ptolemy.util.test.junit.AutoTests" name="[55] /home/travis/build/icyphy/ptII/ptolemy/actor/lib/test/auto/Clock18.xml (RunModel)" time="0.039" />
  <testcase classname="ptolemy.util.test.junit.AutoTests" name="[56] /home/travis/build/icyphy/ptII/ptolemy/actor/lib/test/auto/Clock19.xml (RunModel)" time="0.039" />
  <testcase classname="ptolemy.util.test.junit.AutoTests" name="[57] /home/travis/build/icyphy/ptII/ptolemy/actor/lib/test/auto/Clock2.xml (RunModel)" time="0.012" />
  <testcase classname="ptolemy.util.test.junit.AutoTests" name="[58] /home/travis/build/icyphy/ptII/ptolemy/actor/lib/test/auto/Clock20.xml (RunModel)" time="0.018" />
  <testcase classname="ptolemy.util.test.junit.AutoTests" name="[59] /home/travis/build/icyphy/ptII/ptolemy/actor/lib/test/auto/Clock21.xml (RunModel)" time="0.013" />
  <testcase classname="ptolemy.util.test.junit.AutoTests" name="[60] /home/travis/build/icyphy/ptII/ptolemy/actor/lib/test/auto/Clock22.xml (RunModel)" time="0.017" />
  <testcase classname="ptolemy.util.test.junit.AutoTests" name="[61] /home/travis/build/icyphy/ptII/ptolemy/actor/lib/test/auto/Clock23.xml (RunModel)" time="0.016" />
  <testcase classname="ptolemy.util.test.junit.AutoTests" name="[62] /home/travis/build/icyphy/ptII/ptolemy/actor/lib/test/auto/Clock24.xml (RunModel)" time="0.014" />
  <testcase classname="ptolemy.util.test.junit.AutoTests" name="[63] /home/travis/build/icyphy/ptII/ptolemy/actor/lib/test/auto/Clock4.xml (RunModel)" time="0.009" />
  <testcase classname="ptolemy.util.test.junit.AutoTests" name="[64] /home/travis/build/icyphy/ptII/ptolemy/actor/lib/test/auto/Clock5.xml (RunModel)" time="0.012" />
  <testcase classname="ptolemy.util.test.junit.AutoTests" name="[65] /home/travis/build/icyphy/ptII/ptolemy/actor/lib/test/auto/Clock6.xml (RunModel)" time="0.01" />
  <testcase classname="ptolemy.util.test.junit.AutoTests" name="[66] /home/travis/build/icyphy/ptII/ptolemy/actor/lib/test/auto/Clock7.xml (RunModel)" time="0.014" />
  <testcase classname="ptolemy.util.test.junit.AutoTests" name="[67] /home/travis/build/icyphy/ptII/ptolemy/actor/lib/test/auto/Clock8.xml (RunModel)" time="0.012" />
  <testcase classname="ptolemy.util.test.junit.AutoTests" name="[68] /home/travis/build/icyphy/ptII/ptolemy/actor/lib/test/auto/Clock9.xml (RunModel)" time="0.017" />
  <testcase classname="ptolemy.util.test.junit.AutoTests" name="[69] /home/travis/build/icyphy/ptII/ptolemy/actor/lib/test/auto/CommDistDiscard.xml (RunModel)" time="0.019" />
  <testcase classname="ptolemy.util.test.junit.AutoTests" name="[70] /home/travis/build/icyphy/ptII/ptolemy/actor/lib/test/auto/Commutator.xml (RunModel)" time="0.016" />
  <testcase classname="ptolemy.util.test.junit.AutoTests" name="[71] /home/travis/build/icyphy/ptII/ptolemy/actor/lib/test/auto/Commutator2.xml (RunModel)" time="0.015" />
  <testcase classname="ptolemy.util.test.junit.AutoTests" name="[72] /home/travis/build/icyphy/ptII/ptolemy/actor/lib/test/auto/Commutator3.xml (RunModel)" time="0.013" />
  <testcase classname="ptolemy.util.test.junit.AutoTests" name="[73] /home/travis/build/icyphy/ptII/ptolemy/actor/lib/test/auto/Compare.xml (RunModel)" time="0.02" />
  <testcase classname="ptolemy.util.test.junit.AutoTests" name="[74] /home/travis/build/icyphy/ptII/ptolemy/actor/lib/test/auto/CompareDE.xml (RunModel)" time="0.022" />
  <testcase classname="ptolemy.util.test.junit.AutoTests" name="[75] /home/travis/build/icyphy/ptII/ptolemy/actor/lib/test/auto/ComplexDivide.xml (RunModel)" time="0.011" />
  <testcase classname="ptolemy.util.test.junit.AutoTests" name="[76] /home/travis/build/icyphy/ptII/ptolemy/actor/lib/test/auto/ComputeHistogram.xml (RunModel)" time="0.069" />
  <testcase classname="ptolemy.util.test.junit.AutoTests" name="[77] /home/travis/build/icyphy/ptII/ptolemy/actor/lib/test/auto/ConfigurationSelect.xml (RunModel)" time="0.015" />
  <testcase classname="ptolemy.util.test.junit.AutoTests" name="[78] /home/travis/build/icyphy/ptII/ptolemy/actor/lib/test/auto/ConfigurationSelect2.xml (RunModel)" time="0.011" />
  <testcase classname="ptolemy.util.test.junit.AutoTests" name="[79] /home/travis/build/icyphy/ptII/ptolemy/actor/lib/test/auto/ConfigurationSwitch.xml (RunModel)" time="0.028" />
  <testcase classname="ptolemy.util.test.junit.AutoTests" name="[80] /home/travis/build/icyphy/ptII/ptolemy/actor/lib/test/auto/ConfigurationSwitch2.xml (RunModel)" time="0.019" />
  <testcase classname="ptolemy.util.test.junit.AutoTests" name="[81] /home/travis/build/icyphy/ptII/ptolemy/actor/lib/test/auto/ConfigurationSwitchCloningBugWithClassRelationGroup.xml (RunModel)" time="0.026" />
  <testcase classname="ptolemy.util.test.junit.AutoTests" name="[82] /home/travis/build/icyphy/ptII/ptolemy/actor/lib/test/auto/ConfigurationSwitchSelectSDF.xml (RunModel)" time="0.016" />
  <testcase classname="ptolemy.util.test.junit.AutoTests" name="[83] /home/travis/build/icyphy/ptII/ptolemy/actor/lib/test/auto/ConfigurationSwitchSelectSDF2.xml (RunModel)" time="0.014" />
  <testcase classname="ptolemy.util.test.junit.AutoTests" name="[84] /home/travis/build/icyphy/ptII/ptolemy/actor/lib/test/auto/Const.xml (RunModel)" time="0.008" />
  <testcase classname="ptolemy.util.test.junit.AutoTests" name="[85] /home/travis/build/icyphy/ptII/ptolemy/actor/lib/test/auto/Const2.xml (RunModel)" time="0.014" />
  <testcase classname="ptolemy.util.test.junit.AutoTests" name="[86] /home/travis/build/icyphy/ptII/ptolemy/actor/lib/test/auto/Const3.xml (RunModel)" time="0.009" />
  <testcase classname="ptolemy.util.test.junit.AutoTests" name="[87] /home/travis/build/icyphy/ptII/ptolemy/actor/lib/test/auto/ConstantPublisherPort1.xml (RunModel)" time="0.024" />
  <testcase classname="ptolemy.util.test.junit.AutoTests" name="[88] /home/travis/build/icyphy/ptII/ptolemy/actor/lib/test/auto/ConstantPublisherPort2.xml (RunModel)" time="0.023" />
  <testcase classname="ptolemy.util.test.junit.AutoTests" name="[89] /home/travis/build/icyphy/ptII/ptolemy/actor/lib/test/auto/ConstantPublisherPort3.xml (RunModel)" time="0.016" />
  <testcase classname="ptolemy.util.test.junit.AutoTests" name="[90] /home/travis/build/icyphy/ptII/ptolemy/actor/lib/test/auto/ConstantPublisherPort4.xml (RunModel)" time="0.015" />
  <testcase classname="ptolemy.util.test.junit.AutoTests" name="[91] /home/travis/build/icyphy/ptII/ptolemy/actor/lib/test/auto/ConstantPublisherPort5.xml (RunModel)" time="0.046" />
  <testcase classname="ptolemy.util.test.junit.AutoTests" name="[92] /home/travis/build/icyphy/ptII/ptolemy/actor/lib/test/auto/ConstantPublisherPort6.xml (RunModel)" time="0.027" />
  <testcase classname="ptolemy.util.test.junit.AutoTests" name="[93] /home/travis/build/icyphy/ptII/ptolemy/actor/lib/test/auto/ConstantPublisherPort7.xml (RunModel)" time="0.03" />
  <testcase classname="ptolemy.util.test.junit.AutoTests" name="[94] /home/travis/build/icyphy/ptII/ptolemy/actor/lib/test/auto/ConstraintMonitor1.xml (RunModel)" time="0.034" />
  <testcase classname="ptolemy.util.test.junit.AutoTests" name="[95] /home/travis/build/icyphy/ptII/ptolemy/actor/lib/test/auto/ConstraintMonitor2.xml (RunModel)" time="0.009" />
  <testcase classname="ptolemy.util.test.junit.AutoTests" name="[96] /home/travis/build/icyphy/ptII/ptolemy/actor/lib/test/auto/ConstraintMonitor3.xml (RunModel)" time="0.018" />
  <testcase classname="ptolemy.util.test.junit.AutoTests" name="[97] /home/travis/build/icyphy/ptII/ptolemy/actor/lib/test/auto/ConstraintMonitor4.xml (RunModel)" time="0.017" />
  <testcase classname="ptolemy.util.test.junit.AutoTests" name="[98] /home/travis/build/icyphy/ptII/ptolemy/actor/lib/test/auto/ConstraintMonitor5.xml (RunModel)" time="0.019" />
  <testcase classname="ptolemy.util.test.junit.AutoTests" name="[99] /home/travis/build/icyphy/ptII/ptolemy/actor/lib/test/auto/ConstraintMonitor6.xml (RunModel)" time="0.023" />
  <testcase classname="ptolemy.util.test.junit.AutoTests" name="[100] /home/travis/build/icyphy/ptII/ptolemy/actor/lib/test/auto/ConstraintMonitor7.xml (RunModel)" time="0.027" />
  <testcase classname="ptolemy.util.test.junit.AutoTests" name="[101] /home/travis/build/icyphy/ptII/ptolemy/actor/lib/test/auto/ConstraintMonitor8.xml (RunModel)" time="0.021" />
  <testcase classname="ptolemy.util.test.junit.AutoTests" name="[102] /home/travis/build/icyphy/ptII/ptolemy/actor/lib/test/auto/Counter.xml (RunModel)" time="0.021" />
  <testcase classname="ptolemy.util.test.junit.AutoTests" name="[103] /home/travis/build/icyphy/ptII/ptolemy/actor/lib/test/auto/CurrentTimeSDF.xml (RunModel)" time="0.011" />
  <testcase classname="ptolemy.util.test.junit.AutoTests" name="[104] /home/travis/build/icyphy/ptII/ptolemy/actor/lib/test/auto/DB.xml (RunModel)" time="0.016" />
  <testcase classname="ptolemy.util.test.junit.AutoTests" name="[105] /home/travis/build/icyphy/ptII/ptolemy/actor/lib/test/auto/DBDE.xml (RunModel)" time="0.018" />
  <testcase classname="ptolemy.util.test.junit.AutoTests" name="[106] /home/travis/build/icyphy/ptII/ptolemy/actor/lib/test/auto/DateConstructor.xml (RunModel)" time="0.084" />
  <testcase classname="ptolemy.util.test.junit.AutoTests" name="[107] /home/travis/build/icyphy/ptII/ptolemy/actor/lib/test/auto/DelayTime.xml (RunModel)" time="0.019" />
  <testcase classname="ptolemy.util.test.junit.AutoTests" name="[108] /home/travis/build/icyphy/ptII/ptolemy/actor/lib/test/auto/Dictionary1.xml (RunModel)" time="0.018" />
  <testcase classname="ptolemy.util.test.junit.AutoTests" name="[109] /home/travis/build/icyphy/ptII/ptolemy/actor/lib/test/auto/Dictionary2.xml (RunModel)" time="0.023" />
  <testcase classname="ptolemy.util.test.junit.AutoTests" name="[110] /home/travis/build/icyphy/ptII/ptolemy/actor/lib/test/auto/Dictionary3.xml (RunModel)" time="0.017" />
  <testcase classname="ptolemy.util.test.junit.AutoTests" name="[111] /home/travis/build/icyphy/ptII/ptolemy/actor/lib/test/auto/Dictionary4.xml (RunModel)" time="0.023" />
  <testcase classname="ptolemy.util.test.junit.AutoTests" name="[112] /home/travis/build/icyphy/ptII/ptolemy/actor/lib/test/auto/Differential.xml (RunModel)" time="0.015" />
  <testcase classname="ptolemy.util.test.junit.AutoTests" name="[113] /home/travis/build/icyphy/ptII/ptolemy/actor/lib/test/auto/Director.xml (RunModel)" time="0.012" />
  <testcase classname="ptolemy.util.test.junit.AutoTests" name="[114] /home/travis/build/icyphy/ptII/ptolemy/actor/lib/test/auto/DiscreteClock.xml (RunModel)" time="0.01" />
  <testcase classname="ptolemy.util.test.junit.AutoTests" name="[115] /home/travis/build/icyphy/ptII/ptolemy/actor/lib/test/auto/DiscreteClock10.xml (RunModel)" time="0.016" />
  <testcase classname="ptolemy.util.test.junit.AutoTests" name="[116] /home/travis/build/icyphy/ptII/ptolemy/actor/lib/test/auto/DiscreteClock11.xml (RunModel)" time="0.015" />
  <testcase classname="ptolemy.util.test.junit.AutoTests" name="[117] /home/travis/build/icyphy/ptII/ptolemy/actor/lib/test/auto/DiscreteClock12.xml (RunModel)" time="0.018" />
  <testcase classname="ptolemy.util.test.junit.AutoTests" name="[118] /home/travis/build/icyphy/ptII/ptolemy/actor/lib/test/auto/DiscreteClock13.xml (RunModel)" time="0.02" />
  <testcase classname="ptolemy.util.test.junit.AutoTests" name="[119] /home/travis/build/icyphy/ptII/ptolemy/actor/lib/test/auto/DiscreteClock14.xml (RunModel)" time="0.017" />
  <testcase classname="ptolemy.util.test.junit.AutoTests" name="[120] /home/travis/build/icyphy/ptII/ptolemy/actor/lib/test/auto/DiscreteClock15.xml (RunModel)" time="0.02" />
  <testcase classname="ptolemy.util.test.junit.AutoTests" name="[121] /home/travis/build/icyphy/ptII/ptolemy/actor/lib/test/auto/DiscreteClock16.xml (RunModel)" time="0.05" />
  <testcase classname="ptolemy.util.test.junit.AutoTests" name="[122] /home/travis/build/icyphy/ptII/ptolemy/actor/lib/test/auto/DiscreteClock17.xml (RunModel)" time="0.052" />
  <testcase classname="ptolemy.util.test.junit.AutoTests" name="[123] /home/travis/build/icyphy/ptII/ptolemy/actor/lib/test/auto/DiscreteClock18.xml (RunModel)" time="0.051" />
  <testcase classname="ptolemy.util.test.junit.AutoTests" name="[124] /home/travis/build/icyphy/ptII/ptolemy/actor/lib/test/auto/DiscreteClock19.xml (RunModel)" time="0.054" />
  <testcase classname="ptolemy.util.test.junit.AutoTests" name="[125] /home/travis/build/icyphy/ptII/ptolemy/actor/lib/test/auto/DiscreteClock2.xml (RunModel)" time="0.011" />
  <testcase classname="ptolemy.util.test.junit.AutoTests" name="[126] /home/travis/build/icyphy/ptII/ptolemy/actor/lib/test/auto/DiscreteClock20.xml (RunModel)" time="0.022" />
  <testcase classname="ptolemy.util.test.junit.AutoTests" name="[127] /home/travis/build/icyphy/ptII/ptolemy/actor/lib/test/auto/DiscreteClock21.xml (RunModel)" time="0.02" />
  <testcase classname="ptolemy.util.test.junit.AutoTests" name="[128] /home/travis/build/icyphy/ptII/ptolemy/actor/lib/test/auto/DiscreteClock22.xml (RunModel)" time="0.018" />
  <testcase classname="ptolemy.util.test.junit.AutoTests" name="[129] /home/travis/build/icyphy/ptII/ptolemy/actor/lib/test/auto/DiscreteClock23.xml (RunModel)" time="0.021" />
  <testcase classname="ptolemy.util.test.junit.AutoTests" name="[130] /home/travis/build/icyphy/ptII/ptolemy/actor/lib/test/auto/DiscreteClock24.xml (RunModel)" time="0.014" />
  <testcase classname="ptolemy.util.test.junit.AutoTests" name="[131] /home/travis/build/icyphy/ptII/ptolemy/actor/lib/test/auto/DiscreteClock4.xml (RunModel)" time="0.015" />
  <testcase classname="ptolemy.util.test.junit.AutoTests" name="[132] /home/travis/build/icyphy/ptII/ptolemy/actor/lib/test/auto/DiscreteClock5.xml (RunModel)" time="0.009" />
  <testcase classname="ptolemy.util.test.junit.AutoTests" name="[133] /home/travis/build/icyphy/ptII/ptolemy/actor/lib/test/auto/DiscreteClock6.xml (RunModel)" time="0.008" />
  <testcase classname="ptolemy.util.test.junit.AutoTests" name="[134] /home/travis/build/icyphy/ptII/ptolemy/actor/lib/test/auto/DiscreteClock7.xml (RunModel)" time="0.01" />
  <testcase classname="ptolemy.util.test.junit.AutoTests" name="[135] /home/travis/build/icyphy/ptII/ptolemy/actor/lib/test/auto/DiscreteClock8.xml (RunModel)" time="0.013" />
  <testcase classname="ptolemy.util.test.junit.AutoTests" name="[136] /home/travis/build/icyphy/ptII/ptolemy/actor/lib/test/auto/DiscreteClock9.xml (RunModel)" time="0.013" />
  <testcase classname="ptolemy.util.test.junit.AutoTests" name="[137] /home/travis/build/icyphy/ptII/ptolemy/actor/lib/test/auto/DisplayArray.xml (RunModel)" time="0.008" />
  <testcase classname="ptolemy.util.test.junit.AutoTests" name="[138] /home/travis/build/icyphy/ptII/ptolemy/actor/lib/test/auto/Distributor.xml (RunModel)" time="0.023" />
  <testcase classname="ptolemy.util.test.junit.AutoTests" name="[139] /home/travis/build/icyphy/ptII/ptolemy/actor/lib/test/auto/Distributor2.xml (RunModel)" time="0.01" />
  <testcase classname="ptolemy.util.test.junit.AutoTests" name="[140] /home/travis/build/icyphy/ptII/ptolemy/actor/lib/test/auto/DownSample.xml (RunModel)" time="0.009" />
  <testcase classname="ptolemy.util.test.junit.AutoTests" name="[141] /home/travis/build/icyphy/ptII/ptolemy/actor/lib/test/auto/ElectronicUnitBase1.xml (RunModel)" time="0.05" />
  <testcase classname="ptolemy.util.test.junit.AutoTests" name="[142] /home/travis/build/icyphy/ptII/ptolemy/actor/lib/test/auto/ElementsToArray.xml (RunModel)" time="0.01" />
  <testcase classname="ptolemy.util.test.junit.AutoTests" name="[143] /home/travis/build/icyphy/ptII/ptolemy/actor/lib/test/auto/Equals.xml (RunModel)" time="0.012" />
  <testcase classname="ptolemy.util.test.junit.AutoTests" name="[144] /home/travis/build/icyphy/ptII/ptolemy/actor/lib/test/auto/Exec.xml (RunModel)" time="0.025" />
  <testcase classname="ptolemy.util.test.junit.AutoTests" name="[145] /home/travis/build/icyphy/ptII/ptolemy/actor/lib/test/auto/ExecEnvironment.xml (RunModel)" time="0.038" />
  <testcase classname="ptolemy.util.test.junit.AutoTests" name="[146] /home/travis/build/icyphy/ptII/ptolemy/actor/lib/test/auto/ExecNonZeroReturnOutput.xml (RunModel)" time="0.185" />
  <testcase classname="ptolemy.util.test.junit.AutoTests" name="[147] /home/travis/build/icyphy/ptII/ptolemy/actor/lib/test/auto/ExecRunDemos.xml (RunModel)" time="10.685" />
  <testcase classname="ptolemy.util.test.junit.AutoTests" name="[148] /home/travis/build/icyphy/ptII/ptolemy/actor/lib/test/auto/ExecStop.xml (RunModel)" time="5.033" />
  <testcase classname="ptolemy.util.test.junit.AutoTests" name="[149] /home/travis/build/icyphy/ptII/ptolemy/actor/lib/test/auto/ExecutionTimeSDF.xml (RunModel)" time="6.028" />
  <testcase classname="ptolemy.util.test.junit.AutoTests" name="[150] /home/travis/build/icyphy/ptII/ptolemy/actor/lib/test/auto/Expression1.xml (RunModel)" time="0.021" />
  <testcase classname="ptolemy.util.test.junit.AutoTests" name="[151] /home/travis/build/icyphy/ptII/ptolemy/actor/lib/test/auto/Expression10.xml (RunModel)" time="0.038" />
  <testcase classname="ptolemy.util.test.junit.AutoTests" name="[152] /home/travis/build/icyphy/ptII/ptolemy/actor/lib/test/auto/Expression11.xml (RunModel)" time="0.011" />
  <testcase classname="ptolemy.util.test.junit.AutoTests" name="[153] /home/travis/build/icyphy/ptII/ptolemy/actor/lib/test/auto/Expression12.xml (RunModel)" time="0.013" />
  <testcase classname="ptolemy.util.test.junit.AutoTests" name="[154] /home/travis/build/icyphy/ptII/ptolemy/actor/lib/test/auto/Expression13.xml (RunModel)" time="0.017" />
  <testcase classname="ptolemy.util.test.junit.AutoTests" name="[155] /home/travis/build/icyphy/ptII/ptolemy/actor/lib/test/auto/Expression14.xml (RunModel)" time="0.024" />
  <testcase classname="ptolemy.util.test.junit.AutoTests" name="[156] /home/travis/build/icyphy/ptII/ptolemy/actor/lib/test/auto/Expression15.xml (RunModel)" time="0.009" />
  <testcase classname="ptolemy.util.test.junit.AutoTests" name="[157] /home/travis/build/icyphy/ptII/ptolemy/actor/lib/test/auto/Expression16.xml (RunModel)" time="0.014" />
  <testcase classname="ptolemy.util.test.junit.AutoTests" name="[158] /home/travis/build/icyphy/ptII/ptolemy/actor/lib/test/auto/Expression17.xml (RunModel)" time="0.013" />
  <testcase classname="ptolemy.util.test.junit.AutoTests" name="[159] /home/travis/build/icyphy/ptII/ptolemy/actor/lib/test/auto/Expression18.xml (RunModel)" time="0.013" />
  <testcase classname="ptolemy.util.test.junit.AutoTests" name="[160] /home/travis/build/icyphy/ptII/ptolemy/actor/lib/test/auto/Expression2.xml (RunModel)" time="0.026" />
  <testcase classname="ptolemy.util.test.junit.AutoTests" name="[161] /home/travis/build/icyphy/ptII/ptolemy/actor/lib/test/auto/Expression3.xml (RunModel)" time="0.014" />
  <testcase classname="ptolemy.util.test.junit.AutoTests" name="[162] /home/travis/build/icyphy/ptII/ptolemy/actor/lib/test/auto/Expression4.xml (RunModel)" time="0.019" />
  <testcase classname="ptolemy.util.test.junit.AutoTests" name="[163] /home/travis/build/icyphy/ptII/ptolemy/actor/lib/test/auto/Expression5.xml (RunModel)" time="0.011" />
  <testcase classname="ptolemy.util.test.junit.AutoTests" name="[164] /home/travis/build/icyphy/ptII/ptolemy/actor/lib/test/auto/Expression6.xml (RunModel)" time="0.01" />
  <testcase classname="ptolemy.util.test.junit.AutoTests" name="[165] /home/travis/build/icyphy/ptII/ptolemy/actor/lib/test/auto/Expression7.xml (RunModel)" time="0.017" />
  <testcase classname="ptolemy.util.test.junit.AutoTests" name="[166] /home/travis/build/icyphy/ptII/ptolemy/actor/lib/test/auto/Expression8.xml (RunModel)" time="0.018" />
  <testcase classname="ptolemy.util.test.junit.AutoTests" name="[167] /home/travis/build/icyphy/ptII/ptolemy/actor/lib/test/auto/Expression9.xml (RunModel)" time="0.008" />
  <testcase classname="ptolemy.util.test.junit.AutoTests" name="[168] /home/travis/build/icyphy/ptII/ptolemy/actor/lib/test/auto/ExpressionConcatenateArrayType.xml (RunModel)" time="0.03" />
  <testcase classname="ptolemy.util.test.junit.AutoTests" name="[169] /home/travis/build/icyphy/ptII/ptolemy/actor/lib/test/auto/ExpressionConcatenateArrayType2.xml (RunModel)" time="0.023" />
  <testcase classname="ptolemy.util.test.junit.AutoTests" name="[170] /home/travis/build/icyphy/ptII/ptolemy/actor/lib/test/auto/ExpressionFix.xml (RunModel)" time="0.042" />
  <testcase classname="ptolemy.util.test.junit.AutoTests" name="[171] /home/travis/build/icyphy/ptII/ptolemy/actor/lib/test/auto/ExpressionFix2.xml (RunModel)" time="0.012" />
  <testcase classname="ptolemy.util.test.junit.AutoTests" name="[172] /home/travis/build/icyphy/ptII/ptolemy/actor/lib/test/auto/ExpressionFix3.xml (RunModel)" time="0.013" />
  <testcase classname="ptolemy.util.test.junit.AutoTests" name="[173] /home/travis/build/icyphy/ptII/ptolemy/actor/lib/test/auto/FileWriter1.xml (RunModel)" time="0.01" />
  <testcase classname="ptolemy.util.test.junit.AutoTests" name="[174] /home/travis/build/icyphy/ptII/ptolemy/actor/lib/test/auto/FileWriter2.xml (RunModel)" time="0.011" />
  <testcase classname="ptolemy.util.test.junit.AutoTests" name="[175] /home/travis/build/icyphy/ptII/ptolemy/actor/lib/test/auto/FileWriter3.xml (RunModel)" time="0.015" />
  <testcase classname="ptolemy.util.test.junit.AutoTests" name="[176] /home/travis/build/icyphy/ptII/ptolemy/actor/lib/test/auto/Gaussian.xml (RunModel)" time="0.013" />
  <testcase classname="ptolemy.util.test.junit.AutoTests" name="[177] /home/travis/build/icyphy/ptII/ptolemy/actor/lib/test/auto/Gaussian1.xml (RunModel)" time="0.014" />
  <testcase classname="ptolemy.util.test.junit.AutoTests" name="[178] /home/travis/build/icyphy/ptII/ptolemy/actor/lib/test/auto/Gaussian2.xml (RunModel)" time="0.03" />
  <testcase classname="ptolemy.util.test.junit.AutoTests" name="[179] /home/travis/build/icyphy/ptII/ptolemy/actor/lib/test/auto/GradientAdaptiveLattice.xml (RunModel)" time="0.019" />
  <testcase classname="ptolemy.util.test.junit.AutoTests" name="[180] /home/travis/build/icyphy/ptII/ptolemy/actor/lib/test/auto/IIR.xml (RunModel)" time="0.012" />
  <testcase classname="ptolemy.util.test.junit.AutoTests" name="[181] /home/travis/build/icyphy/ptII/ptolemy/actor/lib/test/auto/InputOutputTransparentPorts.xml (RunModel)" time="0.021" />
  <testcase classname="ptolemy.util.test.junit.AutoTests" name="[182] /home/travis/build/icyphy/ptII/ptolemy/actor/lib/test/auto/Interpolator.xml (RunModel)" time="0.011" />
  <testcase classname="ptolemy.util.test.junit.AutoTests" name="[183] /home/travis/build/icyphy/ptII/ptolemy/actor/lib/test/auto/InterpolatorFiringLimitDE.xml (RunModel)" time="0.015" />
  <testcase classname="ptolemy.util.test.junit.AutoTests" name="[184] /home/travis/build/icyphy/ptII/ptolemy/actor/lib/test/auto/Lattice.xml (RunModel)" time="0.009" />
  <testcase classname="ptolemy.util.test.junit.AutoTests" name="[185] /home/travis/build/icyphy/ptII/ptolemy/actor/lib/test/auto/LazyAOCTestLazy.xml (RunModel)" time="0.04" />
  <testcase classname="ptolemy.util.test.junit.AutoTests" name="[186] /home/travis/build/icyphy/ptII/ptolemy/actor/lib/test/auto/LazyAOCTestNonLazy.xml (RunModel)" time="0.05" />
  <testcase classname="ptolemy.util.test.junit.AutoTests" name="[187] /home/travis/build/icyphy/ptII/ptolemy/actor/lib/test/auto/LazyInnerClass.xml (RunModel)" time="0.049" />
  <testcase classname="ptolemy.util.test.junit.AutoTests" name="[188] /home/travis/build/icyphy/ptII/ptolemy/actor/lib/test/auto/LazyPubSub.xml (RunModel)" time="0.053" />
  <testcase classname="ptolemy.util.test.junit.AutoTests" name="[189] /home/travis/build/icyphy/ptII/ptolemy/actor/lib/test/auto/LazyPubSub2.xml (RunModel)" time="0.046" />
  <testcase classname="ptolemy.util.test.junit.AutoTests" name="[190] /home/travis/build/icyphy/ptII/ptolemy/actor/lib/test/auto/LazyPubSub3.xml (RunModel)" time="0.033" />
  <testcase classname="ptolemy.util.test.junit.AutoTests" name="[191] /home/travis/build/icyphy/ptII/ptolemy/actor/lib/test/auto/LazySubClassModel.xml (RunModel)" time="0.024" />
  <testcase classname="ptolemy.util.test.junit.AutoTests" name="[192] /home/travis/build/icyphy/ptII/ptolemy/actor/lib/test/auto/LevelCrossTest1.xml (RunModel)" time="0.012" />
  <testcase classname="ptolemy.util.test.junit.AutoTests" name="[193] /home/travis/build/icyphy/ptII/ptolemy/actor/lib/test/auto/LevelCrossTest10.xml (RunModel)" time="0.017" />
  <testcase classname="ptolemy.util.test.junit.AutoTests" name="[194] /home/travis/build/icyphy/ptII/ptolemy/actor/lib/test/auto/LevelCrossTest11.xml (RunModel)" time="0.016" />
  <testcase classname="ptolemy.util.test.junit.AutoTests" name="[195] /home/travis/build/icyphy/ptII/ptolemy/actor/lib/test/auto/LevelCrossTest12.xml (RunModel)" time="0.017" />
  <testcase classname="ptolemy.util.test.junit.AutoTests" name="[196] /home/travis/build/icyphy/ptII/ptolemy/actor/lib/test/auto/LevelCrossTest13.xml (RunModel)" time="0.015" />
  <testcase classname="ptolemy.util.test.junit.AutoTests" name="[197] /home/travis/build/icyphy/ptII/ptolemy/actor/lib/test/auto/LevelCrossTest2.xml (RunModel)" time="0.01" />
  <testcase classname="ptolemy.util.test.junit.AutoTests" name="[198] /home/travis/build/icyphy/ptII/ptolemy/actor/lib/test/auto/LevelCrossTest3.xml (RunModel)" time="0.012" />
  <testcase classname="ptolemy.util.test.junit.AutoTests" name="[199] /home/travis/build/icyphy/ptII/ptolemy/actor/lib/test/auto/LevelCrossTest4.xml (RunModel)" time="0.01" />
  <testcase classname="ptolemy.util.test.junit.AutoTests" name="[200] /home/travis/build/icyphy/ptII/ptolemy/actor/lib/test/auto/LevelCrossTest5.xml (RunModel)" time="0.013" />
  <testcase classname="ptolemy.util.test.junit.AutoTests" name="[201] /home/travis/build/icyphy/ptII/ptolemy/actor/lib/test/auto/LevelCrossTest6.xml (RunModel)" time="0.017" />
  <testcase classname="ptolemy.util.test.junit.AutoTests" name="[202] /home/travis/build/icyphy/ptII/ptolemy/actor/lib/test/auto/LevelCrossTest7.xml (RunModel)" time="0.014" />
  <testcase classname="ptolemy.util.test.junit.AutoTests" name="[203] /home/travis/build/icyphy/ptII/ptolemy/actor/lib/test/auto/LevelCrossTest8.xml (RunModel)" time="0.014" />
  <testcase classname="ptolemy.util.test.junit.AutoTests" name="[204] /home/travis/build/icyphy/ptII/ptolemy/actor/lib/test/auto/LevelCrossTest9.xml (RunModel)" time="0.012" />
  <testcase classname="ptolemy.util.test.junit.AutoTests" name="[205] /home/travis/build/icyphy/ptII/ptolemy/actor/lib/test/auto/LevinsonDurbin.xml (RunModel)" time="0.017" />
  <testcase classname="ptolemy.util.test.junit.AutoTests" name="[206] /home/travis/build/icyphy/ptII/ptolemy/actor/lib/test/auto/LevinsonDurbin2.xml (RunModel)" time="0.007" />
  <testcase classname="ptolemy.util.test.junit.AutoTests" name="[207] /home/travis/build/icyphy/ptII/ptolemy/actor/lib/test/auto/LevinsonDurbin3.xml (RunModel)" time="0.012" />
  <testcase classname="ptolemy.util.test.junit.AutoTests" name="[208] /home/travis/build/icyphy/ptII/ptolemy/actor/lib/test/auto/Limiter.xml (RunModel)" time="0.033" />
  <testcase classname="ptolemy.util.test.junit.AutoTests" name="[209] /home/travis/build/icyphy/ptII/ptolemy/actor/lib/test/auto/LinearDifferenceEquationSystem.xml (RunModel)" time="0.021" />
  <testcase classname="ptolemy.util.test.junit.AutoTests" name="[210] /home/travis/build/icyphy/ptII/ptolemy/actor/lib/test/auto/LookupTable.xml (RunModel)" time="0.012" />
  <testcase classname="ptolemy.util.test.junit.AutoTests" name="[211] /home/travis/build/icyphy/ptII/ptolemy/actor/lib/test/auto/MathFunction.xml (RunModel)" time="0.033" />
  <testcase classname="ptolemy.util.test.junit.AutoTests" name="[212] /home/travis/build/icyphy/ptII/ptolemy/actor/lib/test/auto/MathFunction2.xml (RunModel)" time="0.023" />
  <testcase classname="ptolemy.util.test.junit.AutoTests" name="[213] /home/travis/build/icyphy/ptII/ptolemy/actor/lib/test/auto/MathFunction3.xml (RunModel)" time="0.023" />
  <testcase classname="ptolemy.util.test.junit.AutoTests" name="[214] /home/travis/build/icyphy/ptII/ptolemy/actor/lib/test/auto/MatrixCropBoolean.xml (RunModel)" time="0.015" />
  <testcase classname="ptolemy.util.test.junit.AutoTests" name="[215] /home/travis/build/icyphy/ptII/ptolemy/actor/lib/test/auto/MatrixCropComplex.xml (RunModel)" time="0.014" />
  <testcase classname="ptolemy.util.test.junit.AutoTests" name="[216] /home/travis/build/icyphy/ptII/ptolemy/actor/lib/test/auto/MatrixCropDouble.xml (RunModel)" time="0.01" />
  <testcase classname="ptolemy.util.test.junit.AutoTests" name="[217] /home/travis/build/icyphy/ptII/ptolemy/actor/lib/test/auto/MatrixCropFix.xml (RunModel)" time="0.013" />
  <testcase classname="ptolemy.util.test.junit.AutoTests" name="[218] /home/travis/build/icyphy/ptII/ptolemy/actor/lib/test/auto/MatrixCropInt.xml (RunModel)" time="0.01" />
  <testcase classname="ptolemy.util.test.junit.AutoTests" name="[219] /home/travis/build/icyphy/ptII/ptolemy/actor/lib/test/auto/MatrixCropLong.xml (RunModel)" time="0.01" />
  <testcase classname="ptolemy.util.test.junit.AutoTests" name="[220] /home/travis/build/icyphy/ptII/ptolemy/actor/lib/test/auto/MatrixToArray.xml (RunModel)" time="0.057" />
  <testcase classname="ptolemy.util.test.junit.AutoTests" name="[221] /home/travis/build/icyphy/ptII/ptolemy/actor/lib/test/auto/MaxIndex.xml (RunModel)" time="0.022" />
  <testcase classname="ptolemy.util.test.junit.AutoTests" name="[222] /home/travis/build/icyphy/ptII/ptolemy/actor/lib/test/auto/Maximum.xml (RunModel)" time="0.013" />
  <testcase classname="ptolemy.util.test.junit.AutoTests" name="[223] /home/travis/build/icyphy/ptII/ptolemy/actor/lib/test/auto/MaximumComplex.xml (RunModel)" time="0.017" />
  <testcase classname="ptolemy.util.test.junit.AutoTests" name="[224] /home/travis/build/icyphy/ptII/ptolemy/actor/lib/test/auto/MethodCallTest.xml (RunModel)" time="0.022" />
  <testcase classname="ptolemy.util.test.junit.AutoTests" name="[225] /home/travis/build/icyphy/ptII/ptolemy/actor/lib/test/auto/Minimum.xml (RunModel)" time="0.014" />
  <testcase classname="ptolemy.util.test.junit.AutoTests" name="[226] /home/travis/build/icyphy/ptII/ptolemy/actor/lib/test/auto/MinimumComplex.xml (RunModel)" time="0.025" />
  <testcase classname="ptolemy.util.test.junit.AutoTests" name="[227] /home/travis/build/icyphy/ptII/ptolemy/actor/lib/test/auto/MinimumMultiports.xml (RunModel)" time="0.017" />
  <testcase classname="ptolemy.util.test.junit.AutoTests" name="[228] /home/travis/build/icyphy/ptII/ptolemy/actor/lib/test/auto/ModifyDate.xml (RunModel)" time="0.048" />
  <testcase classname="ptolemy.util.test.junit.AutoTests" name="[229] /home/travis/build/icyphy/ptII/ptolemy/actor/lib/test/auto/ModifyDate2.xml (RunModel)" time="0.024" />
  <testcase classname="ptolemy.util.test.junit.AutoTests" name="[230] /home/travis/build/icyphy/ptII/ptolemy/actor/lib/test/auto/MovingAverage.xml (RunModel)" time="0.011" />
  <testcase classname="ptolemy.util.test.junit.AutoTests" name="[231] /home/travis/build/icyphy/ptII/ptolemy/actor/lib/test/auto/MovingMaximum.xml (RunModel)" time="0.011" />
  <testcase classname="ptolemy.util.test.junit.AutoTests" name="[232] /home/travis/build/icyphy/ptII/ptolemy/actor/lib/test/auto/MultipleLinksToSameRelation.xml (RunModel)" time="0.008" />
  <testcase classname="ptolemy.util.test.junit.AutoTests" name="[233] /home/travis/build/icyphy/ptII/ptolemy/actor/lib/test/auto/MultipleLinksToSameRelationDE.xml (RunModel)" time="0.016" />
  <testcase classname="ptolemy.util.test.junit.AutoTests" name="[234] /home/travis/build/icyphy/ptII/ptolemy/actor/lib/test/auto/Multiplexor.xml (RunModel)" time="0.012" />
  <testcase classname="ptolemy.util.test.junit.AutoTests" name="[235] /home/travis/build/icyphy/ptII/ptolemy/actor/lib/test/auto/Multiplexor1.xml (RunModel)" time="0.011" />
  <testcase classname="ptolemy.util.test.junit.AutoTests" name="[236] /home/travis/build/icyphy/ptII/ptolemy/actor/lib/test/auto/Multiplexor2.xml (RunModel)" time="0.012" />
  <testcase classname="ptolemy.util.test.junit.AutoTests" name="[237] /home/travis/build/icyphy/ptII/ptolemy/actor/lib/test/auto/Multiplexor3.xml (RunModel)" time="0.009" />
  <testcase classname="ptolemy.util.test.junit.AutoTests" name="[238] /home/travis/build/icyphy/ptII/ptolemy/actor/lib/test/auto/MultiplexorDE.xml (RunModel)" time="0.02" />
  <testcase classname="ptolemy.util.test.junit.AutoTests" name="[239] /home/travis/build/icyphy/ptII/ptolemy/actor/lib/test/auto/MultiportBroadcastTest.xml (RunModel)" time="0.091" />
  <testcase classname="ptolemy.util.test.junit.AutoTests" name="[240] /home/travis/build/icyphy/ptII/ptolemy/actor/lib/test/auto/MultiportOutHangDuringGetWidth.xml (RunModel)" time="0.044" />
  <testcase classname="ptolemy.util.test.junit.AutoTests" name="[241] /home/travis/build/icyphy/ptII/ptolemy/actor/lib/test/auto/NilToken.xml (RunModel)" time="0.012" />
  <testcase classname="ptolemy.util.test.junit.AutoTests" name="[242] /home/travis/build/icyphy/ptII/ptolemy/actor/lib/test/auto/NilTokenNonStrictTest.xml (RunModel)" time="0.012" />
  <testcase classname="ptolemy.util.test.junit.AutoTests" name="[243] /home/travis/build/icyphy/ptII/ptolemy/actor/lib/test/auto/NilTokenRecord.xml (RunModel)" time="0.023" />
  <testcase classname="ptolemy.util.test.junit.AutoTests" name="[244] /home/travis/build/icyphy/ptII/ptolemy/actor/lib/test/auto/NilTokenTypeTest.xml (RunModel)" time="0.034" />
  <testcase classname="ptolemy.util.test.junit.AutoTests" name="[245] /home/travis/build/icyphy/ptII/ptolemy/actor/lib/test/auto/ObjectToken1.xml (RunModel)" time="0.008" />
  <testcase classname="ptolemy.util.test.junit.AutoTests" name="[246] /home/travis/build/icyphy/ptII/ptolemy/actor/lib/test/auto/OrderedMerge.xml (RunModel)" time="0.021" />
  <testcase classname="ptolemy.util.test.junit.AutoTests" name="[247] /home/travis/build/icyphy/ptII/ptolemy/actor/lib/test/auto/OrderedRecordDisassembler.xml (RunModel)" time="0.016" />
  <testcase classname="ptolemy.util.test.junit.AutoTests" name="[248] /home/travis/build/icyphy/ptII/ptolemy/actor/lib/test/auto/OrderedRecordDisassembler2.xml (RunModel)" time="0.036" />
  <testcase classname="ptolemy.util.test.junit.AutoTests" name="[249] /home/travis/build/icyphy/ptII/ptolemy/actor/lib/test/auto/OrderedRecordUpdater.xml (RunModel)" time="0.013" />
  <testcase classname="ptolemy.util.test.junit.AutoTests" name="[250] /home/travis/build/icyphy/ptII/ptolemy/actor/lib/test/auto/OrderedRecordUpdater2.xml (RunModel)" time="0.01" />
  <testcase classname="ptolemy.util.test.junit.AutoTests" name="[251] /home/travis/build/icyphy/ptII/ptolemy/actor/lib/test/auto/PhaseUnwrap.xml (RunModel)" time="0.014" />
  <testcase classname="ptolemy.util.test.junit.AutoTests" name="[252] /home/travis/build/icyphy/ptII/ptolemy/actor/lib/test/auto/PoissonClock.xml (RunModel)" time="0.01" />
  <testcase classname="ptolemy.util.test.junit.AutoTests" name="[253] /home/travis/build/icyphy/ptII/ptolemy/actor/lib/test/auto/PoissonClock2.xml (RunModel)" time="0.008" />
  <testcase classname="ptolemy.util.test.junit.AutoTests" name="[254] /home/travis/build/icyphy/ptII/ptolemy/actor/lib/test/auto/PoissonClock3.xml (RunModel)" time="0.024" />
  <testcase classname="ptolemy.util.test.junit.AutoTests" name="[255] /home/travis/build/icyphy/ptII/ptolemy/actor/lib/test/auto/PubSubWithInitialTokens.xml (RunModel)" time="0.011" />
  <testcase classname="ptolemy.util.test.junit.AutoTests" name="[256] /home/travis/build/icyphy/ptII/ptolemy/actor/lib/test/auto/PubSubWithInitialTokens2.xml (RunModel)" time="0.011" />
  <testcase classname="ptolemy.util.test.junit.AutoTests" name="[257] /home/travis/build/icyphy/ptII/ptolemy/actor/lib/test/auto/PublisherClassNoParameter.xml (RunModel)" time="0.019" />
  <testcase classname="ptolemy.util.test.junit.AutoTests" name="[258] /home/travis/build/icyphy/ptII/ptolemy/actor/lib/test/auto/PublisherClassParameter.xml (RunModel)" time="0.022" />
  <testcase classname="ptolemy.util.test.junit.AutoTests" name="[259] /home/travis/build/icyphy/ptII/ptolemy/actor/lib/test/auto/PublisherNonStrictTest.xml (RunModel)" time="0.015" />
  <testcase classname="ptolemy.util.test.junit.AutoTests" name="[260] /home/travis/build/icyphy/ptII/ptolemy/actor/lib/test/auto/PublisherPort1.xml (RunModel)" time="0.02" />
  <testcase classname="ptolemy.util.test.junit.AutoTests" name="[261] /home/travis/build/icyphy/ptII/ptolemy/actor/lib/test/auto/PublisherPort2.xml (RunModel)" time="0.01" />
  <testcase classname="ptolemy.util.test.junit.AutoTests" name="[262] /home/travis/build/icyphy/ptII/ptolemy/actor/lib/test/auto/PublisherPort3.xml (RunModel)" time="0.014" />
  <testcase classname="ptolemy.util.test.junit.AutoTests" name="[263] /home/travis/build/icyphy/ptII/ptolemy/actor/lib/test/auto/PublisherPort4.xml (RunModel)" time="0.013" />
  <testcase classname="ptolemy.util.test.junit.AutoTests" name="[264] /home/travis/build/icyphy/ptII/ptolemy/actor/lib/test/auto/PublisherPort5.xml (RunModel)" time="0.013" />
  <testcase classname="ptolemy.util.test.junit.AutoTests" name="[265] /home/travis/build/icyphy/ptII/ptolemy/actor/lib/test/auto/PublisherPort5LookAlike.xml (RunModel)" time="0.02" />
  <testcase classname="ptolemy.util.test.junit.AutoTests" name="[266] /home/travis/build/icyphy/ptII/ptolemy/actor/lib/test/auto/PublisherPort6.xml (RunModel)" time="0.012" />
  <testcase classname="ptolemy.util.test.junit.AutoTests" name="[267] /home/travis/build/icyphy/ptII/ptolemy/actor/lib/test/auto/PublisherPort7.xml (RunModel)" time="0.015" />
  <testcase classname="ptolemy.util.test.junit.AutoTests" name="[268] /home/travis/build/icyphy/ptII/ptolemy/actor/lib/test/auto/PublisherPort8.xml (RunModel)" time="0.023" />
  <testcase classname="ptolemy.util.test.junit.AutoTests" name="[269] /home/travis/build/icyphy/ptII/ptolemy/actor/lib/test/auto/PublisherPortSubscriberChannelVariablesAOC2.xml (RunModel)" time="0.033" />
  <testcase classname="ptolemy.util.test.junit.AutoTests" name="[270] /home/travis/build/icyphy/ptII/ptolemy/actor/lib/test/auto/PublisherPortSubscriberOpaqueWidthInference.xml (RunModel)" time="0.013" />
  <testcase classname="ptolemy.util.test.junit.AutoTests" name="[271] /home/travis/build/icyphy/ptII/ptolemy/actor/lib/test/auto/PublisherPortSubscriberPortAdjacent.xml (RunModel)" time="0.018" />
  <testcase classname="ptolemy.util.test.junit.AutoTests" name="[272] /home/travis/build/icyphy/ptII/ptolemy/actor/lib/test/auto/PublisherPortSubscriberPortExpression.xml (RunModel)" time="0.014" />
  <testcase classname="ptolemy.util.test.junit.AutoTests" name="[273] /home/travis/build/icyphy/ptII/ptolemy/actor/lib/test/auto/PublisherPortSubscriberPortOpaqueD3Reverse.xml (RunModel)" time="0.031" />
  <testcase classname="ptolemy.util.test.junit.AutoTests" name="[274] /home/travis/build/icyphy/ptII/ptolemy/actor/lib/test/auto/PublisherPortSubscriberPortOpaqueWidthInference.xml (RunModel)" time="0.014" />
  <testcase classname="ptolemy.util.test.junit.AutoTests" name="[275] /home/travis/build/icyphy/ptII/ptolemy/actor/lib/test/auto/PublisherPortToplevelSubscriberPortAOC.xml (RunModel)" time="0.009" />
  <testcase classname="ptolemy.util.test.junit.AutoTests" name="[276] /home/travis/build/icyphy/ptII/ptolemy/actor/lib/test/auto/PublisherSubscriber.xml (RunModel)" time="0.011" />
  <testcase classname="ptolemy.util.test.junit.AutoTests" name="[277] /home/travis/build/icyphy/ptII/ptolemy/actor/lib/test/auto/PublisherSubscriber10.xml (RunModel)" time="0.02" />
  <testcase classname="ptolemy.util.test.junit.AutoTests" name="[278] /home/travis/build/icyphy/ptII/ptolemy/actor/lib/test/auto/PublisherSubscriber10InitialOutputs.xml (RunModel)" time="0.029" />
  <testcase classname="ptolemy.util.test.junit.AutoTests" name="[279] /home/travis/build/icyphy/ptII/ptolemy/actor/lib/test/auto/PublisherSubscriber11.xml (RunModel)" time="0.022" />
  <testcase classname="ptolemy.util.test.junit.AutoTests" name="[280] /home/travis/build/icyphy/ptII/ptolemy/actor/lib/test/auto/PublisherSubscriber12.xml (RunModel)" time="0.024" />
  <testcase classname="ptolemy.util.test.junit.AutoTests" name="[281] /home/travis/build/icyphy/ptII/ptolemy/actor/lib/test/auto/PublisherSubscriber13.xml (RunModel)" time="0.011" />
  <testcase classname="ptolemy.util.test.junit.AutoTests" name="[282] /home/travis/build/icyphy/ptII/ptolemy/actor/lib/test/auto/PublisherSubscriber14.xml (RunModel)" time="0.021" />
  <testcase classname="ptolemy.util.test.junit.AutoTests" name="[283] /home/travis/build/icyphy/ptII/ptolemy/actor/lib/test/auto/PublisherSubscriber2.xml (RunModel)" time="0.011" />
  <testcase classname="ptolemy.util.test.junit.AutoTests" name="[284] /home/travis/build/icyphy/ptII/ptolemy/actor/lib/test/auto/PublisherSubscriber3.xml (RunModel)" time="0.009" />
  <testcase classname="ptolemy.util.test.junit.AutoTests" name="[285] /home/travis/build/icyphy/ptII/ptolemy/actor/lib/test/auto/PublisherSubscriber4.xml (RunModel)" time="0.008" />
  <testcase classname="ptolemy.util.test.junit.AutoTests" name="[286] /home/travis/build/icyphy/ptII/ptolemy/actor/lib/test/auto/PublisherSubscriber5.xml (RunModel)" time="0.026" />
  <testcase classname="ptolemy.util.test.junit.AutoTests" name="[287] /home/travis/build/icyphy/ptII/ptolemy/actor/lib/test/auto/PublisherSubscriber6.xml (RunModel)" time="0.013" />
  <testcase classname="ptolemy.util.test.junit.AutoTests" name="[288] /home/travis/build/icyphy/ptII/ptolemy/actor/lib/test/auto/PublisherSubscriber7.xml (RunModel)" time="0.019" />
  <testcase classname="ptolemy.util.test.junit.AutoTests" name="[289] /home/travis/build/icyphy/ptII/ptolemy/actor/lib/test/auto/PublisherSubscriber8.xml (RunModel)" time="0.026" />
  <testcase classname="ptolemy.util.test.junit.AutoTests" name="[290] /home/travis/build/icyphy/ptII/ptolemy/actor/lib/test/auto/PublisherSubscriber9.xml (RunModel)" time="0.016" />
  <testcase classname="ptolemy.util.test.junit.AutoTests" name="[291] /home/travis/build/icyphy/ptII/ptolemy/actor/lib/test/auto/PublisherSubscriberAdjacent.xml (RunModel)" time="0.017" />
  <testcase classname="ptolemy.util.test.junit.AutoTests" name="[292] /home/travis/build/icyphy/ptII/ptolemy/actor/lib/test/auto/PublisherSubscriberChannelVariablesAOC2.xml (RunModel)" time="0.029" />
  <testcase classname="ptolemy.util.test.junit.AutoTests" name="[293] /home/travis/build/icyphy/ptII/ptolemy/actor/lib/test/auto/PublisherSubscriberD3.xml (RunModel)" time="0.014" />
  <testcase classname="ptolemy.util.test.junit.AutoTests" name="[294] /home/travis/build/icyphy/ptII/ptolemy/actor/lib/test/auto/PublisherSubscriberD3Reverse.xml (RunModel)" time="0.011" />
  <testcase classname="ptolemy.util.test.junit.AutoTests" name="[295] /home/travis/build/icyphy/ptII/ptolemy/actor/lib/test/auto/PublisherSubscriberExpression.xml (RunModel)" time="0.019" />
  <testcase classname="ptolemy.util.test.junit.AutoTests" name="[296] /home/travis/build/icyphy/ptII/ptolemy/actor/lib/test/auto/PublisherSubscriberOpaque.xml (RunModel)" time="0.017" />
  <testcase classname="ptolemy.util.test.junit.AutoTests" name="[297] /home/travis/build/icyphy/ptII/ptolemy/actor/lib/test/auto/PublisherSubscriberOpaqueD3.xml (RunModel)" time="0.026" />
  <testcase classname="ptolemy.util.test.junit.AutoTests" name="[298] /home/travis/build/icyphy/ptII/ptolemy/actor/lib/test/auto/PublisherSubscriberOpaqueD3Reverse.xml (RunModel)" time="0.023" />
  <testcase classname="ptolemy.util.test.junit.AutoTests" name="[299] /home/travis/build/icyphy/ptII/ptolemy/actor/lib/test/auto/PublisherSubscriberOpaqueWidthInference.xml (RunModel)" time="0.017" />
  <testcase classname="ptolemy.util.test.junit.AutoTests" name="[300] /home/travis/build/icyphy/ptII/ptolemy/actor/lib/test/auto/PublisherTestSubscriber.xml (RunModel)" time="0.015" />
  <testcase classname="ptolemy.util.test.junit.AutoTests" name="[301] /home/travis/build/icyphy/ptII/ptolemy/actor/lib/test/auto/PublisherToplevelSubscriberPortAOC.xml (RunModel)" time="0.01" />
  <testcase classname="ptolemy.util.test.junit.AutoTests" name="[302] /home/travis/build/icyphy/ptII/ptolemy/actor/lib/test/auto/PulseFiringLimitDE.xml (RunModel)" time="0.012" />
  <testcase classname="ptolemy.util.test.junit.AutoTests" name="[303] /home/travis/build/icyphy/ptII/ptolemy/actor/lib/test/auto/Ramp1.xml (RunModel)" time="0.007" />
  <testcase classname="ptolemy.util.test.junit.AutoTests" name="[304] /home/travis/build/icyphy/ptII/ptolemy/actor/lib/test/auto/RampFiringLimitDE.xml (RunModel)" time="0.01" />
  <testcase classname="ptolemy.util.test.junit.AutoTests" name="[305] /home/travis/build/icyphy/ptII/ptolemy/actor/lib/test/auto/RampFiringLimitSDF.xml (RunModel)" time="0.009" />
  <testcase classname="ptolemy.util.test.junit.AutoTests" name="[306] /home/travis/build/icyphy/ptII/ptolemy/actor/lib/test/auto/RandomInteger.xml (RunModel)" time="0.008" />
  <testcase classname="ptolemy.util.test.junit.AutoTests" name="[307] /home/travis/build/icyphy/ptII/ptolemy/actor/lib/test/auto/ReadFile1.xml (RunModel)" time="0.007" />
  <testcase classname="ptolemy.util.test.junit.AutoTests" name="[308] /home/travis/build/icyphy/ptII/ptolemy/actor/lib/test/auto/ReadFile2.xml (RunModel)" time="0.007" />
  <testcase classname="ptolemy.util.test.junit.AutoTests" name="[309] /home/travis/build/icyphy/ptII/ptolemy/actor/lib/test/auto/Reader.xml (RunModel)" time="0.013" />
  <testcase classname="ptolemy.util.test.junit.AutoTests" name="[310] /home/travis/build/icyphy/ptII/ptolemy/actor/lib/test/auto/RecordAssemblerDisplayNameTest.xml (RunModel)" time="3.329" />
  <testcase classname="ptolemy.util.test.junit.AutoTests" name="[311] /home/travis/build/icyphy/ptII/ptolemy/actor/lib/test/auto/RecordAssemblerTypeError.xml (RunModel)" time="0.042" />
  <testcase classname="ptolemy.util.test.junit.AutoTests" name="[312] /home/travis/build/icyphy/ptII/ptolemy/actor/lib/test/auto/RecordDisassember.xml (RunModel)" time="0.009" />
  <testcase classname="ptolemy.util.test.junit.AutoTests" name="[313] /home/travis/build/icyphy/ptII/ptolemy/actor/lib/test/auto/RecordDisassemberDisplayNameTest.xml (RunModel)" time="0.018" />
  <testcase classname="ptolemy.util.test.junit.AutoTests" name="[314] /home/travis/build/icyphy/ptII/ptolemy/actor/lib/test/auto/RecordDisassembler.xml (RunModel)" time="0.012" />
  <testcase classname="ptolemy.util.test.junit.AutoTests" name="[315] /home/travis/build/icyphy/ptII/ptolemy/actor/lib/test/auto/RecordDisassembler2.xml (RunModel)" time="0.01" />
  <testcase classname="ptolemy.util.test.junit.AutoTests" name="[316] /home/travis/build/icyphy/ptII/ptolemy/actor/lib/test/auto/RecordUpdater.xml (RunModel)" time="0.008" />
  <testcase classname="ptolemy.util.test.junit.AutoTests" name="[317] /home/travis/build/icyphy/ptII/ptolemy/actor/lib/test/auto/RecordUpdater2.xml (RunModel)" time="0.013" />
  <testcase classname="ptolemy.util.test.junit.AutoTests" name="[318] /home/travis/build/icyphy/ptII/ptolemy/actor/lib/test/auto/RecursiveLattice.xml (RunModel)" time="0.011" />
  <testcase classname="ptolemy.util.test.junit.AutoTests" name="[319] /home/travis/build/icyphy/ptII/ptolemy/actor/lib/test/auto/Router.xml (RunModel)" time="3.026" />
  <testcase classname="ptolemy.util.test.junit.AutoTests" name="[320] /home/travis/build/icyphy/ptII/ptolemy/actor/lib/test/auto/Router2.xml (RunModel)" time="3.025" />
  <testcase classname="ptolemy.util.test.junit.AutoTests" name="[321] /home/travis/build/icyphy/ptII/ptolemy/actor/lib/test/auto/RunningMaximum.xml (RunModel)" time="0.023" />
  <testcase classname="ptolemy.util.test.junit.AutoTests" name="[322] /home/travis/build/icyphy/ptII/ptolemy/actor/lib/test/auto/RunningMinimum.xml (RunModel)" time="0.036" />
  <testcase classname="ptolemy.util.test.junit.AutoTests" name="[323] /home/travis/build/icyphy/ptII/ptolemy/actor/lib/test/auto/Scale.xml (RunModel)" time="0.013" />
  <testcase classname="ptolemy.util.test.junit.AutoTests" name="[324] /home/travis/build/icyphy/ptII/ptolemy/actor/lib/test/auto/Scale2.xml (RunModel)" time="0.011" />
  <testcase classname="ptolemy.util.test.junit.AutoTests" name="[325] /home/travis/build/icyphy/ptII/ptolemy/actor/lib/test/auto/Scale3.xml (RunModel)" time="0.014" />
  <testcase classname="ptolemy.util.test.junit.AutoTests" name="[326] /home/travis/build/icyphy/ptII/ptolemy/actor/lib/test/auto/ScaleArray.xml (RunModel)" time="0.008" />
  <testcase classname="ptolemy.util.test.junit.AutoTests" name="[327] /home/travis/build/icyphy/ptII/ptolemy/actor/lib/test/auto/ScaleArray2.xml (RunModel)" time="0.008" />
  <testcase classname="ptolemy.util.test.junit.AutoTests" name="[328] /home/travis/build/icyphy/ptII/ptolemy/actor/lib/test/auto/ScaleMatrix.xml (RunModel)" time="0.109" />
  <testcase classname="ptolemy.util.test.junit.AutoTests" name="[329] /home/travis/build/icyphy/ptII/ptolemy/actor/lib/test/auto/Select.xml (RunModel)" time="0.012" />
  <testcase classname="ptolemy.util.test.junit.AutoTests" name="[330] /home/travis/build/icyphy/ptII/ptolemy/actor/lib/test/auto/Select2.xml (RunModel)" time="0.008" />
  <testcase classname="ptolemy.util.test.junit.AutoTests" name="[331] /home/travis/build/icyphy/ptII/ptolemy/actor/lib/test/auto/SequenceToArray2.xml (RunModel)" time="0.144" />
  <testcase classname="ptolemy.util.test.junit.AutoTests" name="[332] /home/travis/build/icyphy/ptII/ptolemy/actor/lib/test/auto/SequentialClock.xml (RunModel)" time="0.009" />
  <testcase classname="ptolemy.util.test.junit.AutoTests" name="[333] /home/travis/build/icyphy/ptII/ptolemy/actor/lib/test/auto/SetVariable.xml (RunModel)" time="0.01" />
  <testcase classname="ptolemy.util.test.junit.AutoTests" name="[334] /home/travis/build/icyphy/ptII/ptolemy/actor/lib/test/auto/SetVariable2.xml (RunModel)" time="0.009" />
  <testcase classname="ptolemy.util.test.junit.AutoTests" name="[335] /home/travis/build/icyphy/ptII/ptolemy/actor/lib/test/auto/SetVariable3.xml (RunModel)" time="0.014" />
  <testcase classname="ptolemy.util.test.junit.AutoTests" name="[336] /home/travis/build/icyphy/ptII/ptolemy/actor/lib/test/auto/SetVariable4.xml (RunModel)" time="0.024" />
  <testcase classname="ptolemy.util.test.junit.AutoTests" name="[337] /home/travis/build/icyphy/ptII/ptolemy/actor/lib/test/auto/SetVariable5.xml (RunModel)" time="0.032" />
  <testcase classname="ptolemy.util.test.junit.AutoTests" name="[338] /home/travis/build/icyphy/ptII/ptolemy/actor/lib/test/auto/Sinewave.xml (RunModel)" time="0.028" />
  <testcase classname="ptolemy.util.test.junit.AutoTests" name="[339] /home/travis/build/icyphy/ptII/ptolemy/actor/lib/test/auto/Sinewave2.xml (RunModel)" time="0.018" />
  <testcase classname="ptolemy.util.test.junit.AutoTests" name="[340] /home/travis/build/icyphy/ptII/ptolemy/actor/lib/test/auto/Sinewave3.xml (RunModel)" time="0.022" />
  <testcase classname="ptolemy.util.test.junit.AutoTests" name="[341] /home/travis/build/icyphy/ptII/ptolemy/actor/lib/test/auto/SingleEvent.xml (RunModel)" time="0.008" />
  <testcase classname="ptolemy.util.test.junit.AutoTests" name="[342] /home/travis/build/icyphy/ptII/ptolemy/actor/lib/test/auto/Sleep.xml (RunModel)" time="6.02" />
  <testcase classname="ptolemy.util.test.junit.AutoTests" name="[343] /home/travis/build/icyphy/ptII/ptolemy/actor/lib/test/auto/SleepMultipleFire.xml (RunModel)" time="1.016" />
  <testcase classname="ptolemy.util.test.junit.AutoTests" name="[344] /home/travis/build/icyphy/ptII/ptolemy/actor/lib/test/auto/StopDE.xml (RunModel)" time="0.019" />
  <testcase classname="ptolemy.util.test.junit.AutoTests" name="[345] /home/travis/build/icyphy/ptII/ptolemy/actor/lib/test/auto/StopSDF.xml (RunModel)" time="0.021" />
  <testcase classname="ptolemy.util.test.junit.AutoTests" name="[346] /home/travis/build/icyphy/ptII/ptolemy/actor/lib/test/auto/StringConstant.xml (RunModel)" time="0.02" />
  <testcase classname="ptolemy.util.test.junit.AutoTests" name="[347] /home/travis/build/icyphy/ptII/ptolemy/actor/lib/test/auto/SubscriberPortInitialValues1.xml (RunModel)" time="0.031" />
  <testcase classname="ptolemy.util.test.junit.AutoTests" name="[348] /home/travis/build/icyphy/ptII/ptolemy/actor/lib/test/auto/SubscriberPortInitialValues13.xml (RunModel)" time="0.044" />
  <testcase classname="ptolemy.util.test.junit.AutoTests" name="[349] /home/travis/build/icyphy/ptII/ptolemy/actor/lib/test/auto/SubscriberPortInitialValues14.xml (RunModel)" time="0.014" />
  <testcase classname="ptolemy.util.test.junit.AutoTests" name="[350] /home/travis/build/icyphy/ptII/ptolemy/actor/lib/test/auto/SubscriberPortInitialValues2.xml (RunModel)" time="0.016" />
  <testcase classname="ptolemy.util.test.junit.AutoTests" name="[351] /home/travis/build/icyphy/ptII/ptolemy/actor/lib/test/auto/SubscriberPortInitialValues3.xml (RunModel)" time="0.02" />
  <testcase classname="ptolemy.util.test.junit.AutoTests" name="[352] /home/travis/build/icyphy/ptII/ptolemy/actor/lib/test/auto/SubscriptionAggregator.xml (RunModel)" time="0.012" />
  <testcase classname="ptolemy.util.test.junit.AutoTests" name="[353] /home/travis/build/icyphy/ptII/ptolemy/actor/lib/test/auto/SubscriptionAggregator2.xml (RunModel)" time="0.012" />
  <testcase classname="ptolemy.util.test.junit.AutoTests" name="[354] /home/travis/build/icyphy/ptII/ptolemy/actor/lib/test/auto/SubscriptionAggregator3.xml (RunModel)" time="0.019" />
  <testcase classname="ptolemy.util.test.junit.AutoTests" name="[355] /home/travis/build/icyphy/ptII/ptolemy/actor/lib/test/auto/SubscriptionAggregatorMultiply.xml (RunModel)" time="0.015" />
  <testcase classname="ptolemy.util.test.junit.AutoTests" name="[356] /home/travis/build/icyphy/ptII/ptolemy/actor/lib/test/auto/SubscriptionAggregatorPortMultiply1.xml (RunModel)" time="0.013" />
  <testcase classname="ptolemy.util.test.junit.AutoTests" name="[357] /home/travis/build/icyphy/ptII/ptolemy/actor/lib/test/auto/Switch.xml (RunModel)" time="0.017" />
  <testcase classname="ptolemy.util.test.junit.AutoTests" name="[358] /home/travis/build/icyphy/ptII/ptolemy/actor/lib/test/auto/Switch2.xml (RunModel)" time="0.012" />
  <testcase classname="ptolemy.util.test.junit.AutoTests" name="[359] /home/travis/build/icyphy/ptII/ptolemy/actor/lib/test/auto/SwitchDE.xml (RunModel)" time="0.013" />
  <testcase classname="ptolemy.util.test.junit.AutoTests" name="[360] /home/travis/build/icyphy/ptII/ptolemy/actor/lib/test/auto/SynchronizerDE.xml (RunModel)" time="0.019" />
  <testcase classname="ptolemy.util.test.junit.AutoTests" name="[361] /home/travis/build/icyphy/ptII/ptolemy/actor/lib/test/auto/Test.xml (RunModel)" time="0.009" />
  <testcase classname="ptolemy.util.test.junit.AutoTests" name="[362] /home/travis/build/icyphy/ptII/ptolemy/actor/lib/test/auto/TestExceptionAttribute1.xml (RunModel)" time="0.009" />
  <testcase classname="ptolemy.util.test.junit.AutoTests" name="[363] /home/travis/build/icyphy/ptII/ptolemy/actor/lib/test/auto/TestExceptionAttribute2.xml (RunModel)" time="0.008" />
  <testcase classname="ptolemy.util.test.junit.AutoTests" name="[364] /home/travis/build/icyphy/ptII/ptolemy/actor/lib/test/auto/TestExceptionAttribute3.xml (RunModel)" time="0.01" />
  <testcase classname="ptolemy.util.test.junit.AutoTests" name="[365] /home/travis/build/icyphy/ptII/ptolemy/actor/lib/test/auto/TestExceptionAttribute4.xml (RunModel)" time="0.005" />
  <testcase classname="ptolemy.util.test.junit.AutoTests" name="[366] /home/travis/build/icyphy/ptII/ptolemy/actor/lib/test/auto/TestExceptionHandler1.xml (RunModel)" time="0.008" />
  <testcase classname="ptolemy.util.test.junit.AutoTests" name="[367] /home/travis/build/icyphy/ptII/ptolemy/actor/lib/test/auto/TestExceptionHandler2.xml (RunModel)" time="0.013" />
  <testcase classname="ptolemy.util.test.junit.AutoTests" name="[368] /home/travis/build/icyphy/ptII/ptolemy/actor/lib/test/auto/TestExceptionHandler3.xml (RunModel)" time="0.005" />
  <testcase classname="ptolemy.util.test.junit.AutoTests" name="[369] /home/travis/build/icyphy/ptII/ptolemy/actor/lib/test/auto/TestExceptionHandler4.xml (RunModel)" time="0.005" />
  <testcase classname="ptolemy.util.test.junit.AutoTests" name="[370] /home/travis/build/icyphy/ptII/ptolemy/actor/lib/test/auto/TestRequireCorrectOrder.xml (RunModel)" time="0.016" />
  <testcase classname="ptolemy.util.test.junit.AutoTests" name="[371] /home/travis/build/icyphy/ptII/ptolemy/actor/lib/test/auto/TestSimple.xml (RunModel)" time="0.01" />
  <testcase classname="ptolemy.util.test.junit.AutoTests" name="[372] /home/travis/build/icyphy/ptII/ptolemy/actor/lib/test/auto/ThrowModelError.xml (RunModel)" time="0.009" />
  <testcase classname="ptolemy.util.test.junit.AutoTests" name="[373] /home/travis/build/icyphy/ptII/ptolemy/actor/lib/test/auto/TimeDelayMicrosteps.xml (RunModel)" time="0.011" />
  <testcase classname="ptolemy.util.test.junit.AutoTests" name="[374] /home/travis/build/icyphy/ptII/ptolemy/actor/lib/test/auto/TimeDelayMicrosteps2.xml (RunModel)" time="0.014" />
  <testcase classname="ptolemy.util.test.junit.AutoTests" name="[375] /home/travis/build/icyphy/ptII/ptolemy/actor/lib/test/auto/TimeDelayMicrosteps3.xml (RunModel)" time="0.012" />
  <testcase classname="ptolemy.util.test.junit.AutoTests" name="[376] /home/travis/build/icyphy/ptII/ptolemy/actor/lib/test/auto/TimeDelayVariableMicrosteps.xml (RunModel)" time="0.012" />
  <testcase classname="ptolemy.util.test.junit.AutoTests" name="[377] /home/travis/build/icyphy/ptII/ptolemy/actor/lib/test/auto/TimeGap.xml (RunModel)" time="0.015" />
  <testcase classname="ptolemy.util.test.junit.AutoTests" name="[378] /home/travis/build/icyphy/ptII/ptolemy/actor/lib/test/auto/TimeGap2.xml (RunModel)" time="0.012" />
  <testcase classname="ptolemy.util.test.junit.AutoTests" name="[379] /home/travis/build/icyphy/ptII/ptolemy/actor/lib/test/auto/TimedSinewave.xml (RunModel)" time="0.057" />
  <testcase classname="ptolemy.util.test.junit.AutoTests" name="[380] /home/travis/build/icyphy/ptII/ptolemy/actor/lib/test/auto/TimedSinewavePhase.xml (RunModel)" time="0.037" />
  <testcase classname="ptolemy.util.test.junit.AutoTests" name="[381] /home/travis/build/icyphy/ptII/ptolemy/actor/lib/test/auto/Timer.xml (RunModel)" time="0.02" />
  <testcase classname="ptolemy.util.test.junit.AutoTests" name="[382] /home/travis/build/icyphy/ptII/ptolemy/actor/lib/test/auto/TriangularDistTestModel.xml (RunModel)" time="0.021" />
  <testcase classname="ptolemy.util.test.junit.AutoTests" name="[383] /home/travis/build/icyphy/ptII/ptolemy/actor/lib/test/auto/TrigFunction.xml (RunModel)" time="0.012" />
  <testcase classname="ptolemy.util.test.junit.AutoTests" name="[384] /home/travis/build/icyphy/ptII/ptolemy/actor/lib/test/auto/TrigFunctionDE.xml (RunModel)" time="0.012" />
  <testcase classname="ptolemy.util.test.junit.AutoTests" name="[385] /home/travis/build/icyphy/ptII/ptolemy/actor/lib/test/auto/TrigFunctionInverse.xml (RunModel)" time="0.01" />
  <testcase classname="ptolemy.util.test.junit.AutoTests" name="[386] /home/travis/build/icyphy/ptII/ptolemy/actor/lib/test/auto/TrigFunctionTan.xml (RunModel)" time="0.007" />
  <testcase classname="ptolemy.util.test.junit.AutoTests" name="[387] /home/travis/build/icyphy/ptII/ptolemy/actor/lib/test/auto/TriggeredClock.xml (RunModel)" time="0.01" />
  <testcase classname="ptolemy.util.test.junit.AutoTests" name="[388] /home/travis/build/icyphy/ptII/ptolemy/actor/lib/test/auto/URLDirectoryReader.xml (RunModel)" time="0.113" />
  <testcase classname="ptolemy.util.test.junit.AutoTests" name="[389] /home/travis/build/icyphy/ptII/ptolemy/actor/lib/test/auto/URLDirectoryReader3.xml (RunModel)" time="1.246" />
  <testcase classname="ptolemy.util.test.junit.AutoTests" name="[390] /home/travis/build/icyphy/ptII/ptolemy/actor/lib/test/auto/UnaryMathFunction.xml (RunModel)" time="0.03" />
  <testcase classname="ptolemy.util.test.junit.AutoTests" name="[391] /home/travis/build/icyphy/ptII/ptolemy/actor/lib/test/auto/Uniform.xml (RunModel)" time="0.012" />
  <testcase classname="ptolemy.util.test.junit.AutoTests" name="[392] /home/travis/build/icyphy/ptII/ptolemy/actor/lib/test/auto/UnionDisassemblerTest.xml (RunModel)" time="0.015" />
  <testcase classname="ptolemy.util.test.junit.AutoTests" name="[393] /home/travis/build/icyphy/ptII/ptolemy/actor/lib/test/auto/UtilityFunctions.xml (RunModel)" time="0.007" />
  <testcase classname="ptolemy.util.test.junit.AutoTests" name="[394] /home/travis/build/icyphy/ptII/ptolemy/actor/lib/test/auto/VariableSleep.xml (RunModel)" time="0.514" />
  <testcase classname="ptolemy.util.test.junit.AutoTests" name="[395] /home/travis/build/icyphy/ptII/ptolemy/actor/lib/test/auto/VectorAssemblerDisassemblerCT.xml (RunModel)" time="0.109" />
  <testcase classname="ptolemy.util.test.junit.AutoTests" name="[396] /home/travis/build/icyphy/ptII/ptolemy/actor/lib/test/auto/VectorAssemblerDisassemblerDE.xml (RunModel)" time="0.02" />
  <testcase classname="ptolemy.util.test.junit.AutoTests" name="[397] /home/travis/build/icyphy/ptII/ptolemy/actor/lib/test/auto/VectorAssemblerDisassemblerSDF.xml (RunModel)" time="0.033" />
  <testcase classname="ptolemy.util.test.junit.AutoTests" name="[398] /home/travis/build/icyphy/ptII/ptolemy/actor/lib/test/auto/WallClockTime.xml (RunModel)" time="1.012" />
  <testcase classname="ptolemy.util.test.junit.AutoTests" name="[399] /home/travis/build/icyphy/ptII/ptolemy/actor/lib/test/auto/WidthTestWithSubscriberPublisher.xml (RunModel)" time="0.037" />
  <testcase classname="ptolemy.util.test.junit.AutoTests" name="[400] /home/travis/build/icyphy/ptII/ptolemy/actor/lib/test/auto/WidthTestWithSubscriberPublisher2.xml (RunModel)" time="0.013" />
  <testcase classname="ptolemy.util.test.junit.AutoTests" name="[401] /home/travis/build/icyphy/ptII/ptolemy/actor/lib/test/auto/WidthTestWithSubscriberPublisher3.xml (RunModel)" time="0.009" />
  <testcase classname="ptolemy.util.test.junit.AutoTests" name="[402] /home/travis/build/icyphy/ptII/ptolemy/actor/lib/test/auto/Writer.xml (RunModel)" time="0.008" />
  <testcase classname="ptolemy.util.test.junit.AutoTests" name="[403] /home/travis/build/icyphy/ptII/ptolemy/actor/lib/test/auto/array.xml (RunModel)" time="0.01" />
  <testcase classname="ptolemy.util.test.junit.AutoTests" name="[404] /home/travis/build/icyphy/ptII/ptolemy/actor/lib/test/auto/array2.xml (RunModel)" time="0.01" />
  <testcase classname="ptolemy.util.test.junit.AutoTests" name="[405] /home/travis/build/icyphy/ptII/ptolemy/actor/lib/test/auto/arrayType.xml (RunModel)" time="0.01" />
  <testcase classname="ptolemy.util.test.junit.AutoTests" name="[406] /home/travis/build/icyphy/ptII/ptolemy/actor/lib/test/auto/arrayType10.xml (RunModel)" time="0.008" />
  <testcase classname="ptolemy.util.test.junit.AutoTests" name="[407] /home/travis/build/icyphy/ptII/ptolemy/actor/lib/test/auto/arrayType11.xml (RunModel)" time="0.009" />
  <testcase classname="ptolemy.util.test.junit.AutoTests" name="[408] /home/travis/build/icyphy/ptII/ptolemy/actor/lib/test/auto/arrayType12.xml (RunModel)" time="0.009" />
  <testcase classname="ptolemy.util.test.junit.AutoTests" name="[409] /home/travis/build/icyphy/ptII/ptolemy/actor/lib/test/auto/arrayType13.xml (RunModel)" time="0.01" />
  <testcase classname="ptolemy.util.test.junit.AutoTests" name="[410] /home/travis/build/icyphy/ptII/ptolemy/actor/lib/test/auto/arrayType14.xml (RunModel)" time="0.009" />
  <testcase classname="ptolemy.util.test.junit.AutoTests" name="[411] /home/travis/build/icyphy/ptII/ptolemy/actor/lib/test/auto/arrayType15.xml (RunModel)" time="0.01" />
  <testcase classname="ptolemy.util.test.junit.AutoTests" name="[412] /home/travis/build/icyphy/ptII/ptolemy/actor/lib/test/auto/arrayType16.xml (RunModel)" time="0.009" />
  <testcase classname="ptolemy.util.test.junit.AutoTests" name="[413] /home/travis/build/icyphy/ptII/ptolemy/actor/lib/test/auto/arrayType17.xml (RunModel)" time="0.008" />
  <testcase classname="ptolemy.util.test.junit.AutoTests" name="[414] /home/travis/build/icyphy/ptII/ptolemy/actor/lib/test/auto/arrayType18.xml (RunModel)" time="0.008" />
  <testcase classname="ptolemy.util.test.junit.AutoTests" name="[415] /home/travis/build/icyphy/ptII/ptolemy/actor/lib/test/auto/arrayType19.xml (RunModel)" time="0.008" />
  <testcase classname="ptolemy.util.test.junit.AutoTests" name="[416] /home/travis/build/icyphy/ptII/ptolemy/actor/lib/test/auto/arrayType2.xml (RunModel)" time="0.008" />
  <testcase classname="ptolemy.util.test.junit.AutoTests" name="[417] /home/travis/build/icyphy/ptII/ptolemy/actor/lib/test/auto/arrayType20.xml (RunModel)" time="0.008" />
  <testcase classname="ptolemy.util.test.junit.AutoTests" name="[418] /home/travis/build/icyphy/ptII/ptolemy/actor/lib/test/auto/arrayType21.xml (RunModel)" time="0.008" />
  <testcase classname="ptolemy.util.test.junit.AutoTests" name="[419] /home/travis/build/icyphy/ptII/ptolemy/actor/lib/test/auto/arrayType22.xml (RunModel)" time="0.009" />
  <testcase classname="ptolemy.util.test.junit.AutoTests" name="[420] /home/travis/build/icyphy/ptII/ptolemy/actor/lib/test/auto/arrayType23.xml (RunModel)" time="0.007" />
  <testcase classname="ptolemy.util.test.junit.AutoTests" name="[421] /home/travis/build/icyphy/ptII/ptolemy/actor/lib/test/auto/arrayType24.xml (RunModel)" time="0.008" />
  <testcase classname="ptolemy.util.test.junit.AutoTests" name="[422] /home/travis/build/icyphy/ptII/ptolemy/actor/lib/test/auto/arrayType25.xml (RunModel)" time="0.008" />
  <testcase classname="ptolemy.util.test.junit.AutoTests" name="[423] /home/travis/build/icyphy/ptII/ptolemy/actor/lib/test/auto/arrayType26.xml (RunModel)" time="0.008" />
  <testcase classname="ptolemy.util.test.junit.AutoTests" name="[424] /home/travis/build/icyphy/ptII/ptolemy/actor/lib/test/auto/arrayType27.xml (RunModel)" time="0.009" />
  <testcase classname="ptolemy.util.test.junit.AutoTests" name="[425] /home/travis/build/icyphy/ptII/ptolemy/actor/lib/test/auto/arrayType28.xml (RunModel)" time="0.015" />
  <testcase classname="ptolemy.util.test.junit.AutoTests" name="[426] /home/travis/build/icyphy/ptII/ptolemy/actor/lib/test/auto/arrayType3.xml (RunModel)" time="0.008" />
  <testcase classname="ptolemy.util.test.junit.AutoTests" name="[427] /home/travis/build/icyphy/ptII/ptolemy/actor/lib/test/auto/arrayType4.xml (RunModel)" time="0.008" />
  <testcase classname="ptolemy.util.test.junit.AutoTests" name="[428] /home/travis/build/icyphy/ptII/ptolemy/actor/lib/test/auto/arrayType5.xml (RunModel)" time="0.008" />
  <testcase classname="ptolemy.util.test.junit.AutoTests" name="[429] /home/travis/build/icyphy/ptII/ptolemy/actor/lib/test/auto/arrayType6.xml (RunModel)" time="0.008" />
  <testcase classname="ptolemy.util.test.junit.AutoTests" name="[430] /home/travis/build/icyphy/ptII/ptolemy/actor/lib/test/auto/arrayType7.xml (RunModel)" time="0.008" />
  <testcase classname="ptolemy.util.test.junit.AutoTests" name="[431] /home/travis/build/icyphy/ptII/ptolemy/actor/lib/test/auto/arrayType8.xml (RunModel)" time="0.013" />
  <testcase classname="ptolemy.util.test.junit.AutoTests" name="[432] /home/travis/build/icyphy/ptII/ptolemy/actor/lib/test/auto/arrayType9.xml (RunModel)" time="0.008" />
  <testcase classname="ptolemy.util.test.junit.AutoTests" name="[433] /home/travis/build/icyphy/ptII/ptolemy/actor/lib/test/auto/cast.xml (RunModel)" time="0.018" />
  <testcase classname="ptolemy.util.test.junit.AutoTests" name="[434] /home/travis/build/icyphy/ptII/ptolemy/actor/lib/test/auto/compositeMultiPort.xml (RunModel)" time="0.017" />
  <testcase classname="ptolemy.util.test.junit.AutoTests" name="[435] /home/travis/build/icyphy/ptII/ptolemy/actor/lib/test/auto/expressionCastInference.xml (RunModel)" time="0.051" />
  <testcase classname="ptolemy.util.test.junit.AutoTests" name="[436] /home/travis/build/icyphy/ptII/ptolemy/actor/lib/test/auto/expressionCastInference2.xml (RunModel)" time="0.036" />
  <testcase classname="ptolemy.util.test.junit.AutoTests" name="[437] /home/travis/build/icyphy/ptII/ptolemy/actor/lib/test/auto/expressionInference.xml (RunModel)" time="0.032" />
  <testcase classname="ptolemy.util.test.junit.AutoTests" name="[438] /home/travis/build/icyphy/ptII/ptolemy/actor/lib/test/auto/expression_bug.xml (RunModel)" time="0.032" />
  <testcase classname="ptolemy.util.test.junit.AutoTests" name="[439] /home/travis/build/icyphy/ptII/ptolemy/actor/lib/test/auto/factorial.xml (RunModel)" time="0.104" />
  <testcase classname="ptolemy.util.test.junit.AutoTests" name="[440] /home/travis/build/icyphy/ptII/ptolemy/actor/lib/test/auto/filterTest1.xml (RunModel)" time="0.039" />
  <testcase classname="ptolemy.util.test.junit.AutoTests" name="[441] /home/travis/build/icyphy/ptII/ptolemy/actor/lib/test/auto/funcApplyInConst.xml (RunModel)" time="0.007" />
  <testcase classname="ptolemy.util.test.junit.AutoTests" name="[442] /home/travis/build/icyphy/ptII/ptolemy/actor/lib/test/auto/funcApplyInExpr.xml (RunModel)" time="0.007" />
  <testcase classname="ptolemy.util.test.junit.AutoTests" name="[443] /home/travis/build/icyphy/ptII/ptolemy/actor/lib/test/auto/function.xml (RunModel)" time="0.015" />
  <testcase classname="ptolemy.util.test.junit.AutoTests" name="[444] /home/travis/build/icyphy/ptII/ptolemy/actor/lib/test/auto/function2.xml (RunModel)" time="0.009" />
  <testcase classname="ptolemy.util.test.junit.AutoTests" name="[445] /home/travis/build/icyphy/ptII/ptolemy/actor/lib/test/auto/function3.xml (RunModel)" time="0.008" />
  <testcase classname="ptolemy.util.test.junit.AutoTests" name="[446] /home/travis/build/icyphy/ptII/ptolemy/actor/lib/test/auto/functionClosureTest1.xml (RunModel)" time="0.011" />
  <testcase classname="ptolemy.util.test.junit.AutoTests" name="[447] /home/travis/build/icyphy/ptII/ptolemy/actor/lib/test/auto/functionClosureTest2.xml (RunModel)" time="0.007" />
  <testcase classname="ptolemy.util.test.junit.AutoTests" name="[448] /home/travis/build/icyphy/ptII/ptolemy/actor/lib/test/auto/functionClosureTest3.xml (RunModel)" time="0.009" />
  <testcase classname="ptolemy.util.test.junit.AutoTests" name="[449] /home/travis/build/icyphy/ptII/ptolemy/actor/lib/test/auto/functionClosureTest4.xml (RunModel)" time="0.023" />
  <testcase classname="ptolemy.util.test.junit.AutoTests" name="[450] /home/travis/build/icyphy/ptII/ptolemy/actor/lib/test/auto/functionClosureTest5.xml (RunModel)" time="0.012" />
  <testcase classname="ptolemy.util.test.junit.AutoTests" name="[451] /home/travis/build/icyphy/ptII/ptolemy/actor/lib/test/auto/functionClosureTest6.xml (RunModel)" time="0.008" />
  <testcase classname="ptolemy.util.test.junit.AutoTests" name="[452] /home/travis/build/icyphy/ptII/ptolemy/actor/lib/test/auto/functionsOnArcs.xml (RunModel)" time="0.009" />
  <testcase classname="ptolemy.util.test.junit.AutoTests" name="[453] /home/travis/build/icyphy/ptII/ptolemy/actor/lib/test/auto/functionsOnArcsHOF.xml (RunModel)" time="0.012" />
  <testcase classname="ptolemy.util.test.junit.AutoTests" name="[454] /home/travis/build/icyphy/ptII/ptolemy/actor/lib/test/auto/logic.xml (RunModel)" time="0.017" />
  <testcase classname="ptolemy.util.test.junit.AutoTests" name="[455] /home/travis/build/icyphy/ptII/ptolemy/actor/lib/test/auto/matrixType.xml (RunModel)" time="0.009" />
  <testcase classname="ptolemy.util.test.junit.AutoTests" name="[456] /home/travis/build/icyphy/ptII/ptolemy/actor/lib/test/auto/matrixType10.xml (RunModel)" time="0.009" />
  <testcase classname="ptolemy.util.test.junit.AutoTests" name="[457] /home/travis/build/icyphy/ptII/ptolemy/actor/lib/test/auto/matrixType11.xml (RunModel)" time="0.007" />
  <testcase classname="ptolemy.util.test.junit.AutoTests" name="[458] /home/travis/build/icyphy/ptII/ptolemy/actor/lib/test/auto/matrixType12.xml (RunModel)" time="0.011" />
  <testcase classname="ptolemy.util.test.junit.AutoTests" name="[459] /home/travis/build/icyphy/ptII/ptolemy/actor/lib/test/auto/matrixType13.xml (RunModel)" time="0.008" />
  <testcase classname="ptolemy.util.test.junit.AutoTests" name="[460] /home/travis/build/icyphy/ptII/ptolemy/actor/lib/test/auto/matrixType14.xml (RunModel)" time="0.009" />
  <testcase classname="ptolemy.util.test.junit.AutoTests" name="[461] /home/travis/build/icyphy/ptII/ptolemy/actor/lib/test/auto/matrixType2.xml (RunModel)" time="0.007" />
  <testcase classname="ptolemy.util.test.junit.AutoTests" name="[462] /home/travis/build/icyphy/ptII/ptolemy/actor/lib/test/auto/matrixType3.xml (RunModel)" time="0.01" />
  <testcase classname="ptolemy.util.test.junit.AutoTests" name="[463] /home/travis/build/icyphy/ptII/ptolemy/actor/lib/test/auto/matrixType4.xml (RunModel)" time="0.007" />
  <testcase classname="ptolemy.util.test.junit.AutoTests" name="[464] /home/travis/build/icyphy/ptII/ptolemy/actor/lib/test/auto/matrixType5.xml (RunModel)" time="0.006" />
  <testcase classname="ptolemy.util.test.junit.AutoTests" name="[465] /home/travis/build/icyphy/ptII/ptolemy/actor/lib/test/auto/matrixType6.xml (RunModel)" time="0.008" />
  <testcase classname="ptolemy.util.test.junit.AutoTests" name="[466] /home/travis/build/icyphy/ptII/ptolemy/actor/lib/test/auto/matrixType7.xml (RunModel)" time="0.008" />
  <testcase classname="ptolemy.util.test.junit.AutoTests" name="[467] /home/travis/build/icyphy/ptII/ptolemy/actor/lib/test/auto/matrixType8.xml (RunModel)" time="0.008" />
  <testcase classname="ptolemy.util.test.junit.AutoTests" name="[468] /home/travis/build/icyphy/ptII/ptolemy/actor/lib/test/auto/matrixType9.xml (RunModel)" time="0.008" />
  <testcase classname="ptolemy.util.test.junit.AutoTests" name="[469] /home/travis/build/icyphy/ptII/ptolemy/actor/lib/test/auto/paraFunctest.xml (RunModel)" time="0.006" />
  <testcase classname="ptolemy.util.test.junit.AutoTests" name="[470] /home/travis/build/icyphy/ptII/ptolemy/actor/lib/test/auto/paraFunctest2.xml (RunModel)" time="0.011" />
  <testcase classname="ptolemy.util.test.junit.AutoTests" name="[471] /home/travis/build/icyphy/ptII/ptolemy/actor/lib/test/auto/parameterPassing.xml (RunModel)" time="0.011" />
  <testcase classname="ptolemy.util.test.junit.AutoTests" name="[472] /home/travis/build/icyphy/ptII/ptolemy/actor/lib/test/auto/record.xml (RunModel)" time="0.009" />
  <testcase classname="ptolemy.util.test.junit.AutoTests" name="[473] /home/travis/build/icyphy/ptII/ptolemy/actor/lib/test/auto/sizedarray1.xml (RunModel)" time="0.008" />
  <testcase classname="ptolemy.util.test.junit.AutoTests" name="[474] /home/travis/build/icyphy/ptII/ptolemy/actor/lib/test/auto/sizedarray2.xml (RunModel)" time="0.009" />
  <testcase classname="ptolemy.util.test.junit.AutoTests" name="[475] /home/travis/build/icyphy/ptII/ptolemy/actor/lib/test/auto/twoPublishers.xml (RunModel)" time="0.027" />
  <system-out><![CDATA[/home/travis/build/icyphy/ptII/ptolemy/actor/lib/test/AbsoluteValue.tcl
testDefs.tcl: setting time out to 9000 seconds at Mon Apr 06 13:51:38 UTC 2020
89 ms. Memory: 129024K Free: 93128K (72%)
4 ms. Memory: 129024K Free: 91080K (71%)
4 ms. Memory: 129024K Free: 90559K (70%)
6 ms. Memory: 129024K Free: 89527K (69%)
/home/travis/build/icyphy/ptII/ptolemy/actor/lib/test/AddSubtract.tcl
15 ms. Memory: 129024K Free: 87494K (68%)
5 ms. Memory: 129024K Free: 86984K (67%)
16 ms. Memory: 129024K Free: 85960K (67%)
17 ms. Memory: 129024K Free: 85439K (66%)
40 ms. Memory: 129024K Free: 82374K (64%)
5 ms. Memory: 129024K Free: 81350K (63%)
/home/travis/build/icyphy/ptII/ptolemy/actor/lib/test/Average.tcl
6 ms. Memory: 129024K Free: 79816K (62%)
6 ms. Memory: 129024K Free: 78792K (61%)
/home/travis/build/icyphy/ptII/ptolemy/actor/lib/test/Bernoulli.tcl
12 ms. Memory: 129024K Free: 77223K (60%)
3 ms. Memory: 129024K Free: 76744K (59%)
/home/travis/build/icyphy/ptII/ptolemy/actor/lib/test/Clock.tcl
preinitializing
resolving types
initializing
executing number 1
wrapping up
idle
23 ms. Memory: 129024K Free: 74182K (57%)
Completed execution with 5 iterations
preinitializing
resolving types
initializing
executing number 1
wrapping up
idle
5 ms. Memory: 129024K Free: 73151K (57%)
Completed execution with 5 iterations
preinitializing
resolving types
initializing
executing number 1
wrapping up
idle
4 ms. Memory: 129024K Free: 72648K (56%)
Completed execution with 5 iterations
/home/travis/build/icyphy/ptII/ptolemy/actor/lib/test/Commutator.tcl
13 ms. Memory: 129024K Free: 70600K (55%)
14 ms. Memory: 129024K Free: 69576K (54%)
16 ms. Memory: 129024K Free: 63942K (50%)
/home/travis/build/icyphy/ptII/ptolemy/actor/lib/test/Const.tcl
17 ms. Memory: 129024K Free: 62408K (48%)
4 ms. Memory: 129024K Free: 61894K (48%)
3 ms. Memory: 129024K Free: 61384K (48%)
2 ms. Memory: 129024K Free: 60870K (47%)
11 ms. Memory: 129024K Free: 60360K (47%)
12 ms. Memory: 129024K Free: 58312K (45%)
5 ms. Memory: 129024K Free: 57288K (44%)
4 ms. Memory: 129024K Free: 56774K (44%)
/home/travis/build/icyphy/ptII/ptolemy/actor/lib/test/CurrentTime.tcl
preinitializing
resolving types
initializing
executing number 1
wrapping up
idle
16 ms. Memory: 129024K Free: 54695K (42%)
Completed execution with 11 iterations
/home/travis/build/icyphy/ptII/ptolemy/actor/lib/test/DB.tcl
10 ms. Memory: 129024K Free: 53192K (41%)
2 ms. Memory: 129024K Free: 52678K (41%)
2 ms. Memory: 129024K Free: 52168K (40%)
/home/travis/build/icyphy/ptII/ptolemy/actor/lib/test/DiscreteRandomSource.tcl
preinitializing
resolving types
initializing
executing number 1
wrapping up
idle
7 ms. Memory: 129024K Free: 50599K (39%)
Completed execution with 4 iterations
preinitializing
resolving types
initializing
executing number 1
wrapping up
idle
7 ms. Memory: 129024K Free: 50120K (39%)
Completed execution with 4 iterations
preinitializing
resolving types
initializing
executing number 1
wrapping up
idle
3 ms. Memory: 129024K Free: 49606K (38%)
Completed execution with 4 iterations
preinitializing
resolving types
initializing
executing number 1
wrapping up
idle
9 ms. Memory: 129024K Free: 49096K (38%)
Completed execution with 4 iterations
preinitializing
resolving types
initializing
executing number 1
wrapping up
idle
11 ms. Memory: 129024K Free: 48582K (38%)
Completed execution with 4 iterations
/home/travis/build/icyphy/ptII/ptolemy/actor/lib/test/Distributor.tcl
28 ms. Memory: 129024K Free: 113615K (88%)
4 ms. Memory: 129024K Free: 112694K (87%)
StreamChangeRequest.changeExecuted(): <deleteEntity name="rec2"/> succeeded
StreamChangeRequest.changeExecuted(): <deleteRelation name="r2"/> succeeded
StreamChangeRequest.changeExecuted(): Record firings per iteration succeeded
15 ms. Memory: 129024K Free: 110543K (86%)
/home/travis/build/icyphy/ptII/ptolemy/actor/lib/test/Exit.tcl
Exit.tcl: this will print a message about Manager.exitAfterWrapup, which can be ignored.
6 ms. Memory: 129024K Free: 107520K (83%)
/home/travis/build/icyphy/ptII/ptolemy/actor/lib/test/Expression.tcl
12 ms. Memory: 129024K Free: 103953K (81%)
3 ms. Memory: 129024K Free: 103493K (80%)
3 ms. Memory: 129024K Free: 102469K (79%)
preinitializing
resolving types
initializing
executing number 1
wrapping up
idle
4 ms. Memory: 129024K Free: 101327K (79%)
Completed execution with 6 iterations
3 ms. Memory: 129024K Free: 100421K (78%)
2 ms. Memory: 129024K Free: 99397K (77%)
4 ms. Memory: 129024K Free: 98343K (76%)
3 ms. Memory: 129024K Free: 97231K (75%)
3 ms. Memory: 129024K Free: 95731K (74%)
/home/travis/build/icyphy/ptII/ptolemy/actor/lib/test/Gaussian.tcl
4 ms. Memory: 129024K Free: 94239K (73%)
sleeping 1 seconds: .......................................................................................................................................................................................................................................................................................................................................................................................................................................................................................................................................................................................................................................................................................................................................................................................................................................................................................................................................................................................................................................................................................................................................................................................................................................................................................................................................................................................................................................................................................................................................................................................................................................................................................................................................................................................................................................................................................................................................................................................................................................................................................................................................................................................................................................................................................................................................................................................................................................................................................................................................................................................................................................................................................................................................................................................................................................................................................................................................................................................................................................................................................................................................................................................................................................................................................................................................................................................................................................................................................................................................................................................................................................................................................................................................................................................................................................................................................................................................................................................................................................................................................................................................................................................................................................................................................................................................................................................................................................................................................................................................................................................................................................................................................................................................................................................................................................................................................................................................................................................................................................................................................................................................................................................................................................................................................................................................................................................................................................................................................................................................................................................................................................................................................................................................................................................................................................................................................................................................................................................................................................................................................................................................................................................................................................................................................................................................................................................................................................................................................................................................................................................................................................................................................................................................................................................................................................................................................................................................................................................................................................................................................................................................................................................................................................................................................................................................................................................................................................................................................................................................................................................................................................................................................................................................................................................................................................................................................................................................................................................................................................................................................................................................................................................................................................................................................................................................................................................................................................................................................................................................................................................................................................................................................................................................................................................................................................................................................................................................................................................................................................................................................................................................................................................................................................................................................................................................................................................................................................................................................................................................................................................................................................................................................................................................................................................................................................................................................................................................................................................................................................................................................................................................................................................................................................................................................................................................................................................................................................................................................................................................................................................................................................................................................................................................................................................................................................................................................................................................................................................................................................................................................................................................................................................................................................................................................................................................................................................................................................................................................................................................................................................................................................................................................................................................................................................................................................................................................................................................................................................................................................................................................................................................................................................................................................................................................................................................................................................................................................................................................................................................................................................................................................................................................................................................................................................................................................................................................................................................................................................................................................................................................................................................4 ms. Memory: 129024K Free: 98949K (77%)
3 ms. Memory: 129024K Free: 97931K (76%)
2 ms. Memory: 129024K Free: 97421K (76%)
3 ms. Memory: 129024K Free: 96772K (75%)
3 ms. Memory: 129024K Free: 95869K (74%)
/home/travis/build/icyphy/ptII/ptolemy/actor/lib/test/IIR.tcl
/home/travis/build/icyphy/ptII/ptolemy/actor/lib/test/Interpolator.tcl
5 ms. Memory: 129024K Free: 91781K (71%)
3 ms. Memory: 129024K Free: 91277K (71%)
7 ms. Memory: 129024K Free: 90749K (70%)
2 ms. Memory: 129024K Free: 90253K (70%)
7 ms. Memory: 129024K Free: 89229K (69%)
4 ms. Memory: 129024K Free: 88205K (68%)
2 ms. Memory: 129024K Free: 87661K (68%)
3 ms. Memory: 129024K Free: 86637K (67%)
2 ms. Memory: 129024K Free: 85629K (66%)
5 ms. Memory: 129024K Free: 84619K (66%)
/home/travis/build/icyphy/ptII/ptolemy/actor/lib/test/MathFunction.tcl
4 ms. Memory: 129024K Free: 82541K (64%)
2 ms. Memory: 129024K Free: 81547K (63%)
7 ms. Memory: 129024K Free: 80509K (62%)
5 ms. Memory: 129024K Free: 80013K (62%)
4 ms. Memory: 129024K Free: 78475K (61%)
10 ms. Memory: 129024K Free: 76413K (59%)
/home/travis/build/icyphy/ptII/ptolemy/actor/lib/test/Maximum.tcl
5 ms. Memory: 129024K Free: 74379K (58%)
8 ms. Memory: 129024K Free: 73869K (57%)
6 ms. Memory: 129024K Free: 73349K (57%)
9 ms. Memory: 129024K Free: 72845K (56%)
/home/travis/build/icyphy/ptII/ptolemy/actor/lib/test/Minimum.tcl
10 ms. Memory: 129024K Free: 70797K (55%)
5 ms. Memory: 129024K Free: 70269K (54%)
2 ms. Memory: 129024K Free: 69773K (54%)
2 ms. Memory: 129024K Free: 68749K (53%)
/home/travis/build/icyphy/ptII/ptolemy/actor/lib/test/MultiplyDivide.tcl
11 ms. Memory: 129024K Free: 67197K (52%)
12 ms. Memory: 129024K Free: 112678K (87%)
2 ms. Memory: 129024K Free: 112272K (87%)
5 ms. Memory: 129024K Free: 111248K (86%)
4 ms. Memory: 129024K Free: 110720K (86%)
/home/travis/build/icyphy/ptII/ptolemy/actor/lib/test/OrderedMerge.tcl
Connections changed on port: inputA
Connections changed on port: inputB
Connections changed on port: output
Connections changed on port: output
Connections changed on port: output
Connections changed on port: input
.top. Preinitializing ...
Invoking preinitialize():  .top.OrderedMerge
Called preinitialize()
Invoking preinitialize():  .top.Ramp
Called preinitialize()
Invoking preinitialize():  .top.Ramp2
Called preinitialize()
Invoking preinitialize():  .top.Test
Called preinitialize()
Connections changed on port: inputA
Connections changed on port: output
Connections changed on port: output
Connections changed on port: input
Connections changed on port: inputB
Connections changed on port: output
.top. Finished preinitialize().
Called initialize().
Invoking initialize():  .top.OrderedMerge
Initializing actor: .top.OrderedMerge
Adding a thread: .top.OrderedMerge
Invoking initialize():  .top.Ramp
Initializing actor: .top.Ramp
Adding a thread: .top.Ramp
Invoking initialize():  .top.Ramp2
Initializing actor: .top.Ramp2
Adding a thread: .top.Ramp2
Invoking initialize():  .top.Test
Initializing actor: .top.Test
Adding a thread: .top.Test
Called fire().
Checking for deadlock:
-- Starting thread.
Called initialize()
Called prefire()
Called fire()
-- Starting thread.
Called initialize()
-- Starting thread.
Called initialize()
Called prefire()
Called prefire()
Called fire()
-- Starting thread.
Called fire()
Called initialize()
Called prefire()
Called fire()
There are 0 Blocked actors, 0 Stopped actors, and 4 active threads.
Waiting for actors to stop.
Checking for deadlock:
There are 1 Blocked actors, 0 Stopped actors, and 4 active threads.
Waiting for actors to stop.
Called postfire()
Called postfire()
Called prefire()
Called prefire()
Called fire()
Called fire()
Checking for deadlock:
There are 2 Blocked actors, 0 Stopped actors, and 4 active threads.
Waiting for actors to stop.
Called postfire()
Read input token from inputA with value 0.0
Called prefire()
Called fire()
Next port to read input from is inputB
Called postfire()
Called prefire()
Called fire()
Read input token from inputB with value 0.0
Sent output token with value 0.0
Next port to read input from is inputA
Called postfire()
Called prefire()
Called fire()
Read input token from inputA with value 1.0
Called postfire()
Called postfire()
Called prefire()
Called fire()
Checking for deadlock:
There are 1 Blocked actors, 0 Stopped actors, and 4 active threads.
Waiting for actors to stop.
-- Read input: 0.0, which is expected to match: 0.0
Called prefire()
Called fire()
Called prefire()
Called fire()
Sent output token with value 0.0
Next port to read input from is inputB
Called postfire()
Called prefire()
Called fire()
Read input token from inputB with value 1.5
-- Read input: 0.0, which is expected to match: 0.0
Called prefire()
Called fire()
Checking for deadlock:
There are 2 Blocked actors, 0 Stopped actors, and 4 active threads.
Waiting for actors to stop.
Called postfire()
Called prefire()
Called fire()
Sent output token with value 1.0
Next port to read input from is inputA
Called postfire()
Called prefire()
Called fire()
Read input token from inputA with value 2.0
Checking for deadlock:
Called postfire()
There are 2 Blocked actors, 0 Stopped actors, and 4 active threads.
Waiting for actors to stop.
Called prefire()
Called fire()
-- Read input: 1.0, which is expected to match: 1.0
Called prefire()
Called fire()
Sent output token with value 1.5
Next port to read input from is inputB
Called postfire()
Called prefire()
Called fire()
Read input token from inputB with value 3.0
Checking for deadlock:
There are 2 Blocked actors, 0 Stopped actors, and 4 active threads.
Waiting for actors to stop.
Called postfire()
Called prefire()
Called fire()
Checking for deadlock:
There are 3 Blocked actors, 0 Stopped actors, and 4 active threads.
Waiting for actors to stop.
-- Read input: 1.5, which is expected to match: 1.5
Called prefire()
Called fire()
Sent output token with value 2.0
Next port to read input from is inputA
Called postfire()
Called prefire()
Called fire()
Read input token from inputA with value 3.0
Checking for deadlock:
There are 2 Blocked actors, 0 Stopped actors, and 4 active threads.
Waiting for actors to stop.
Called postfire()
Called prefire()
Called fire()
-- Read input: 2.0, which is expected to match: 2.0
Called prefire()
Called fire()
Sent output token with value 3.0
Next port to read input from is inputB
Called postfire()
Called prefire()
Called fire()
Read input token from inputB with value 4.5
Called postfire()
Called prefire()
Called fire()
Checking for deadlock:
There are 3 Blocked actors, 0 Stopped actors, and 4 active threads.
Waiting for actors to stop.
-- Read input: 3.0, which is expected to match: 3.0
Called prefire()
Called fire()
Sent output token with value 3.0
Next port to read input from is inputA
Called postfire()
Called prefire()
Called fire()
Read input token from inputA with value 4.0
Checking for deadlock:
There are 2 Blocked actors, 0 Stopped actors, and 4 active threads.
Waiting for actors to stop.
Called postfire()
Called prefire()
Called fire()
-- Read input: 3.0, which is expected to match: 3.0
Called prefire()
Called fire()
Checking for deadlock:
There are 3 Blocked actors, 0 Stopped actors, and 4 active threads.
Waiting for actors to stop.
Sent output token with value 4.0
Next port to read input from is inputA
Called postfire()
Called prefire()
Called fire()
Read input token from inputA with value 5.0
-- Read input: 4.0, which is expected to match: 4.0
Called prefire()
Called fire()
Past the end of training data. Read and discard all inputs.
Called postfire()
Called prefire()
Called fire()
Checking for deadlock:
There are 3 Blocked actors, 0 Stopped actors, and 4 active threads.
Waiting for actors to stop.
Called prefire()
Called fire()
Past the end of training data. Read and discard all inputs.
Sent output token with value 4.5
Next port to read input from is inputB
Called postfire()
Called prefire()
Called fire()
Read input token from inputB with value 6.0
Sent output token with value 5.0
Next port to read input from is inputA
Called postfire()
Called prefire()
Called fire()
Read input token from inputA with value 6.0
Checking for deadlock:
There are 1 Blocked actors, 0 Stopped actors, and 4 active threads.
Waiting for actors to stop.
Called postfire()
Called prefire()
Called fire()
Called prefire()
Called fire()
Past the end of training data. Read and discard all inputs.
Called postfire()
Called prefire()
Called fire()
Checking for deadlock:
There are 3 Blocked actors, 0 Stopped actors, and 4 active threads.
Waiting for actors to stop.
Called prefire()
Called fire()
Past the end of training data. Read and discard all inputs.
Sent output token with value 6.0
Next port to read input from is inputB
Called postfire()
Called prefire()
Called fire()
Read input token from inputB with value 7.5
Sent output token with value 6.0
Next port to read input from is inputA
Called postfire()
Called prefire()
Called fire()
Read input token from inputA with value 7.0
Checking for deadlock:
There are 1 Blocked actors, 0 Stopped actors, and 4 active threads.
Waiting for actors to stop.
Called postfire()
Called prefire()
Called fire()
Called prefire()
Called fire()
Past the end of training data. Read and discard all inputs.
Called postfire()
Called prefire()
Called fire()
Checking for deadlock:
There are 3 Blocked actors, 0 Stopped actors, and 4 active threads.
Waiting for actors to stop.
Called prefire()
Called fire()
Past the end of training data. Read and discard all inputs.
Sent output token with value 7.0
Next port to read input from is inputA
Called postfire()
Called prefire()
Called fire()
Read input token from inputA with value 8.0
Sent output token with value 7.5
Next port to read input from is inputB
Called postfire()
Called prefire()
Called fire()
Read input token from inputB with value 9.0
Checking for deadlock:
There are 1 Blocked actors, 0 Stopped actors, and 4 active threads.
Waiting for actors to stop.
Called postfire()
Called prefire()
Called fire()
Called prefire()
Called fire()
Past the end of training data. Read and discard all inputs.
-- Thread wrapup() called.
Called wrapup()
Thread .top.Ramp is exiting.
-- Thread stopped.
Checking for deadlock:
There are 2 Blocked actors, 0 Stopped actors, and 3 active threads.
Waiting for actors to stop.
Called prefire()
Called fire()
Past the end of training data. Read and discard all inputs.
Sent output token with value 8.0
Next port to read input from is inputA
Called postfire()
Called prefire()
Called fire()
Read input token from inputA with value 9.0
Sent output token with value 9.0
Next port to read input from is inputB
Called postfire()
Called prefire()
Called fire()
Read input token from inputB with value 10.5
Checking for deadlock:
There are 1 Blocked actors, 0 Stopped actors, and 3 active threads.
Waiting for actors to stop.
Called prefire()
Called fire()
Past the end of training data. Read and discard all inputs.
Called postfire()
Called prefire()
Called fire()
Checking for deadlock:
There are 2 Blocked actors, 0 Stopped actors, and 3 active threads.
Waiting for actors to stop.
Called prefire()
Called fire()
Past the end of training data. Read and discard all inputs.
Sent output token with value 9.0
Next port to read input from is inputA
Called postfire()
Called prefire()
Called fire()
Checking for deadlock:
There are 3 Blocked actors, 0 Stopped actors, and 3 active threads.
Actors have stopped.
Checking for deadlock:
There are 3 Blocked actors, 0 Stopped actors, and 3 active threads.
Deadlock detected.
Resolving Deadlock
Checking for deadlock:
There are 3 Blocked actors, 0 Stopped actors, and 3 active threads.
Artificial Deadlock - increasing queue capacity.
increasing the capacity of receiver ptolemy.actor.TypedIOPort {.top.OrderedMerge.inputB} to 2
-- Thread wrapup() called.
Called wrapup()
Thread .top.Ramp2 is exiting.
-- Thread stopped.
Director: Called postfire().
Called postfire().
_stopRequested = false
_stopFireRequested = false
Returning from postfire(): true
Called fire().
Checking for deadlock:
There are 2 Blocked actors, 0 Stopped actors, and 2 active threads.
Actors have stopped.
Checking for deadlock:
There are 2 Blocked actors, 0 Stopped actors, and 2 active threads.
Deadlock detected.
Resolving Deadlock
Checking for deadlock:
There are 2 Blocked actors, 0 Stopped actors, and 2 active threads.
Deadlock detected: no processes blocked on write, but some are blocked on read.
Called postfire().
_stopRequested = false
_stopFireRequested = false
Returning from postfire(): false
Finished deactivating branches.
Called wrapup().
-- Thread wrapup() called.
Called wrapup()
Thread .top.Test is exiting.
-- Thread stopped.
-- Blocked Receiver call threw TerminateProcessException.
-- Thread wrapup() called.
Called wrapup()
Thread .top.OrderedMerge is exiting.
-- Thread stopped.
-- Blocked Receiver call threw TerminateProcessException.
56 ms. Memory: 129024K Free: 106249K (82%)
.top. Preinitializing ...
Invoking preinitialize():  .top.OrderedMerge
Called preinitialize()
Invoking preinitialize():  .top.Ramp
Called preinitialize()
Invoking preinitialize():  .top.Ramp2
Called preinitialize()
Invoking preinitialize():  .top.Test
Called preinitialize()
.top. Finished preinitialize().
Called initialize().
Invoking initialize():  .top.OrderedMerge
Initializing actor: .top.OrderedMerge
Adding a thread: .top.OrderedMerge
Invoking initialize():  .top.Ramp
Initializing actor: .top.Ramp
Adding a thread: .top.Ramp
Invoking initialize():  .top.Ramp2
Initializing actor: .top.Ramp2
Adding a thread: .top.Ramp2
Invoking initialize():  .top.Test
Initializing actor: .top.Test
Adding a thread: .top.Test
-- Starting thread.
Called initialize()
Called prefire()
Called fire()
-- Starting thread.
Called initialize()
Called prefire()
Called fire()
Called postfire()
Called prefire()
Called fire()
-- Starting thread.
Called initialize()
Called prefire()
Called fire()
Called postfire()
Called prefire()
Called fire()
Called fire().
Checking for deadlock:
There are 3 Blocked actors, 0 Stopped actors, and 4 active threads.
Waiting for actors to stop.
-- Starting thread.
Called initialize()
Called prefire()
Called fire()
Checking for deadlock:
There are 2 Blocked actors, 0 Stopped actors, and 4 active threads.
Waiting for actors to stop.
Called postfire()
Called prefire()
Called fire()
Checking for deadlock:
There are 3 Blocked actors, 0 Stopped actors, and 4 active threads.
Waiting for actors to stop.
Read input token from inputA with value 0.0
Next port to read input from is inputB
Called postfire()
Called prefire()
Called fire()
Called postfire()
Called prefire()
Called fire()
Checking for deadlock:
There are 3 Blocked actors, 0 Stopped actors, and 4 active threads.
Waiting for actors to stop.
Read input token from inputB with value 0.0
Checking for deadlock:
There are 2 Blocked actors, 0 Stopped actors, and 4 active threads.
Waiting for actors to stop.
-- Read input: 0.0, which is expected to match: 0.0
Called prefire()
Called fire()
Checking for deadlock:
There are 3 Blocked actors, 0 Stopped actors, and 4 active threads.
Waiting for actors to stop.
Sent output token with value 0.0
Next port to read input from is inputA
Called postfire()
Called prefire()
Called fire()
Checking for deadlock:
There are 2 Blocked actors, 0 Stopped actors, and 4 active threads.
Waiting for actors to stop.
Called postfire()
Called prefire()
Called fire()
Checking for deadlock:
There are 3 Blocked actors, 0 Stopped actors, and 4 active threads.
Waiting for actors to stop.
Read input token from inputA with value 1.0
Checking for deadlock:
There are 2 Blocked actors, 0 Stopped actors, and 4 active threads.
Waiting for actors to stop.
-- Read input: 0.0, which is expected to match: 0.0
Called prefire()
Called fire()
Checking for deadlock:
There are 3 Blocked actors, 0 Stopped actors, and 4 active threads.
Waiting for actors to stop.
Sent output token with value 0.0
Next port to read input from is inputB
Called postfire()
Called prefire()
Called fire()
Called postfire()
Called prefire()
Called fire()
Checking for deadlock:
There are 3 Blocked actors, 0 Stopped actors, and 4 active threads.
Waiting for actors to stop.
Read input token from inputB with value 1.5
-- Read input: 1.0, which is expected to match: 1.0
Called prefire()
Called fire()
Checking for deadlock:
There are 3 Blocked actors, 0 Stopped actors, and 4 active threads.
Waiting for actors to stop.
Sent output token with value 1.0
Next port to read input from is inputA
Called postfire()
Called prefire()
Called fire()
Checking for deadlock:
There are 2 Blocked actors, 0 Stopped actors, and 4 active threads.
Waiting for actors to stop.
Called postfire()
Called prefire()
Called fire()
Checking for deadlock:
There are 3 Blocked actors, 0 Stopped actors, and 4 active threads.
Waiting for actors to stop.
Read input token from inputA with value 2.0
Checking for deadlock:
There are 2 Blocked actors, 0 Stopped actors, and 4 active threads.
Waiting for actors to stop.
-- Read input: 1.5, which is expected to match: 1.5
Called prefire()
Called fire()
Checking for deadlock:
There are 3 Blocked actors, 0 Stopped actors, and 4 active threads.
Waiting for actors to stop.
Sent output token with value 1.5
Next port to read input from is inputB
Called postfire()
Called prefire()
Called fire()
Checking for deadlock:
There are 2 Blocked actors, 0 Stopped actors, and 4 active threads.
Waiting for actors to stop.
Called postfire()
Called prefire()
Called fire()
Checking for deadlock:
There are 3 Blocked actors, 0 Stopped actors, and 4 active threads.
Waiting for actors to stop.
Read input token from inputB with value 3.0
Checking for deadlock:
There are 2 Blocked actors, 0 Stopped actors, and 4 active threads.
Waiting for actors to stop.
-- Read input: 2.0, which is expected to match: 2.0
Called prefire()
Called fire()
Checking for deadlock:
There are 3 Blocked actors, 0 Stopped actors, and 4 active threads.
Waiting for actors to stop.
Sent output token with value 2.0
Next port to read input from is inputA
Called postfire()
Called prefire()
Called fire()
Called postfire()
Called prefire()
Called fire()
Checking for deadlock:
There are 3 Blocked actors, 0 Stopped actors, and 4 active threads.
Waiting for actors to stop.
Read input token from inputA with value 3.0
-- Read input: 3.0, which is expected to match: 3.0
Called prefire()
Called fire()
Checking for deadlock:
There are 3 Blocked actors, 0 Stopped actors, and 4 active threads.
Waiting for actors to stop.
Sent output token with value 3.0
Next port to read input from is inputB
Called postfire()
Called prefire()
Called fire()
Checking for deadlock:
There are 2 Blocked actors, 0 Stopped actors, and 4 active threads.
Waiting for actors to stop.
Called postfire()
Called prefire()
Called fire()
Checking for deadlock:
There are 3 Blocked actors, 0 Stopped actors, and 4 active threads.
Waiting for actors to stop.
Read input token from inputB with value 4.5
Checking for deadlock:
There are 2 Blocked actors, 0 Stopped actors, and 4 active threads.
Waiting for actors to stop.
-- Read input: 3.0, which is expected to match: 3.0
Called prefire()
Called fire()
Checking for deadlock:
There are 3 Blocked actors, 0 Stopped actors, and 4 active threads.
Waiting for actors to stop.
Sent output token with value 3.0
Next port to read input from is inputA
Called postfire()
Called prefire()
Called fire()
Called postfire()
Called prefire()
Called fire()
Checking for deadlock:
There are 3 Blocked actors, 0 Stopped actors, and 4 active threads.
Waiting for actors to stop.
Read input token from inputA with value 4.0
-- Read input: 4.0, which is expected to match: 4.0
Called prefire()
Called fire()
Past the end of training data. Read and discard all inputs.
Checking for deadlock:
There are 3 Blocked actors, 0 Stopped actors, and 4 active threads.
Waiting for actors to stop.
Sent output token with value 4.0
Next port to read input from is inputA
Called postfire()
Called prefire()
Called fire()
Called postfire()
Called prefire()
Called fire()
Checking for deadlock:
There are 3 Blocked actors, 0 Stopped actors, and 4 active threads.
Waiting for actors to stop.
Read input token from inputA with value 5.0
Called prefire()
Called fire()
Past the end of training data. Read and discard all inputs.
Checking for deadlock:
There are 3 Blocked actors, 0 Stopped actors, and 4 active threads.
Waiting for actors to stop.
Sent output token with value 4.5
Next port to read input from is inputB
Called postfire()
Called prefire()
Called fire()
Checking for deadlock:
There are 2 Blocked actors, 0 Stopped actors, and 4 active threads.
Waiting for actors to stop.
Called postfire()
Called prefire()
Called fire()
Checking for deadlock:
There are 3 Blocked actors, 0 Stopped actors, and 4 active threads.
Waiting for actors to stop.
Read input token from inputB with value 6.0
Checking for deadlock:
There are 2 Blocked actors, 0 Stopped actors, and 4 active threads.
Waiting for actors to stop.
Called prefire()
Called fire()
Past the end of training data. Read and discard all inputs.
Checking for deadlock:
There are 3 Blocked actors, 0 Stopped actors, and 4 active threads.
Waiting for actors to stop.
Sent output token with value 5.0
Next port to read input from is inputA
Called postfire()
Called prefire()
Called fire()
Called postfire()
Called prefire()
Called fire()
Checking for deadlock:
There are 3 Blocked actors, 0 Stopped actors, and 4 active threads.
Waiting for actors to stop.
Read input token from inputA with value 6.0
Called prefire()
Called fire()
Past the end of training data. Read and discard all inputs.
Checking for deadlock:
There are 3 Blocked actors, 0 Stopped actors, and 4 active threads.
Waiting for actors to stop.
Sent output token with value 6.0
Next port to read input from is inputB
Called postfire()
Called prefire()
Called fire()
Checking for deadlock:
There are 2 Blocked actors, 0 Stopped actors, and 4 active threads.
Waiting for actors to stop.
Called postfire()
Called prefire()
Called fire()
Checking for deadlock:
There are 3 Blocked actors, 0 Stopped actors, and 4 active threads.
Waiting for actors to stop.
Read input token from inputB with value 7.5
Checking for deadlock:
There are 2 Blocked actors, 0 Stopped actors, and 4 active threads.
Waiting for actors to stop.
Called prefire()
Called fire()
Past the end of training data. Read and discard all inputs.
Checking for deadlock:
There are 3 Blocked actors, 0 Stopped actors, and 4 active threads.
Waiting for actors to stop.
Sent output token with value 6.0
Next port to read input from is inputA
Called postfire()
Called prefire()
Called fire()
Called postfire()
Called prefire()
Called fire()
Checking for deadlock:
There are 3 Blocked actors, 0 Stopped actors, and 4 active threads.
Waiting for actors to stop.
Read input token from inputA with value 7.0
Called prefire()
Called fire()
Past the end of training data. Read and discard all inputs.
Checking for deadlock:
There are 3 Blocked actors, 0 Stopped actors, and 4 active threads.
Waiting for actors to stop.
Sent output token with value 7.0
Next port to read input from is inputA
Called postfire()
Called prefire()
Called fire()
-- Thread wrapup() called.
Called wrapup()
Thread .top.Ramp is exiting.
-- Thread stopped.
Checking for deadlock:
There are 2 Blocked actors, 0 Stopped actors, and 3 active threads.
Waiting for actors to stop.
Read input token from inputA with value 8.0
Checking for deadlock:
There are 1 Blocked actors, 0 Stopped actors, and 3 active threads.
Waiting for actors to stop.
Called prefire()
Called fire()
Past the end of training data. Read and discard all inputs.
Checking for deadlock:
There are 2 Blocked actors, 0 Stopped actors, and 3 active threads.
Waiting for actors to stop.
Sent output token with value 7.5
Next port to read input from is inputB
Called postfire()
Called prefire()
Called fire()
Checking for deadlock:
There are 1 Blocked actors, 0 Stopped actors, and 3 active threads.
Waiting for actors to stop.
Called postfire()
Called prefire()
Called fire()
Checking for deadlock:
There are 2 Blocked actors, 0 Stopped actors, and 3 active threads.
Waiting for actors to stop.
Read input token from inputB with value 9.0
Checking for deadlock:
There are 1 Blocked actors, 0 Stopped actors, and 3 active threads.
Waiting for actors to stop.
Called prefire()
Called fire()
Past the end of training data. Read and discard all inputs.
Checking for deadlock:
There are 2 Blocked actors, 0 Stopped actors, and 3 active threads.
Waiting for actors to stop.
Sent output token with value 8.0
Next port to read input from is inputA
Called postfire()
Called prefire()
Called fire()
Read input token from inputA with value 9.0
Called prefire()
Called fire()
Past the end of training data. Read and discard all inputs.
Checking for deadlock:
There are 2 Blocked actors, 0 Stopped actors, and 3 active threads.
Waiting for actors to stop.
Sent output token with value 9.0
Next port to read input from is inputB
Called postfire()
Called prefire()
Called fire()
Called postfire()
Called prefire()
Called fire()
Checking for deadlock:
There are 2 Blocked actors, 0 Stopped actors, and 3 active threads.
Waiting for actors to stop.
Read input token from inputB with value 10.5
Called prefire()
Called fire()
Past the end of training data. Read and discard all inputs.
Checking for deadlock:
There are 2 Blocked actors, 0 Stopped actors, and 3 active threads.
Waiting for actors to stop.
Sent output token with value 9.0
Next port to read input from is inputA
Called postfire()
Called prefire()
Called fire()
Checking for deadlock:
There are 3 Blocked actors, 0 Stopped actors, and 3 active threads.
Actors have stopped.
Checking for deadlock:
There are 3 Blocked actors, 0 Stopped actors, and 3 active threads.
Deadlock detected.
Resolving Deadlock
Checking for deadlock:
There are 3 Blocked actors, 0 Stopped actors, and 3 active threads.
Artificial Deadlock - increasing queue capacity.
increasing the capacity of receiver ptolemy.actor.TypedIOPort {.top.OrderedMerge.inputB} to 2
Director: Called postfire().
Called postfire().
_stopRequested = false
_stopFireRequested = false
Returning from postfire(): true
Called fire().
Checking for deadlock:
There are 2 Blocked actors, 0 Stopped actors, and 3 active threads.
Waiting for actors to stop.
-- Thread wrapup() called.
Called wrapup()
Thread .top.Ramp2 is exiting.
-- Thread stopped.
Checking for deadlock:
There are 2 Blocked actors, 0 Stopped actors, and 2 active threads.
Actors have stopped.
Checking for deadlock:
There are 2 Blocked actors, 0 Stopped actors, and 2 active threads.
Deadlock detected.
Resolving Deadlock
Checking for deadlock:
There are 2 Blocked actors, 0 Stopped actors, and 2 active threads.
Deadlock detected: no processes blocked on write, but some are blocked on read.
Called postfire().
_stopRequested = false
_stopFireRequested = false
Returning from postfire(): false
Finished deactivating branches.
Called wrapup().
-- Thread wrapup() called.
Called wrapup()
-- Thread wrapup() called.
Called wrapup()
Thread .top.Test is exiting.
-- Thread stopped.
-- Blocked Receiver call threw TerminateProcessException.
Thread .top.OrderedMerge is exiting.
-- Thread stopped.
-- Blocked Receiver call threw TerminateProcessException.
32 ms. Memory: 129024K Free: 104324K (81%)
/home/travis/build/icyphy/ptII/ptolemy/actor/lib/test/Publisher.tcl
13 ms. Memory: 129024K Free: 98446K (76%)
3 ms. Memory: 129024K Free: 92816K (72%)
2 ms. Memory: 129024K Free: 89216K (69%)
2 ms. Memory: 129024K Free: 88206K (68%)
3 ms. Memory: 129024K Free: 87696K (68%)
3 ms. Memory: 129024K Free: 86672K (67%)
2 ms. Memory: 129024K Free: 85648K (66%)
2 ms. Memory: 129024K Free: 85128K (66%)
43 ms. Memory: 129024K Free: 111624K (87%)
3 ms. Memory: 129024K Free: 108038K (84%)
3 ms. Memory: 129024K Free: 107014K (83%)
12 ms. Memory: 129024K Free: 104966K (81%)
5 ms. Memory: 129024K Free: 97288K (75%)
14 ms. Memory: 129024K Free: 87558K (68%)
6 ms. Memory: 129024K Free: 76808K (60%)
/home/travis/build/icyphy/ptII/ptolemy/actor/lib/test/Pulse.tcl
5 ms. Memory: 129024K Free: 100360K (78%)
9 ms. Memory: 129024K Free: 99831K (77%)
1 ms. Memory: 129024K Free: 99336K (77%)
2 ms. Memory: 129024K Free: 98815K (77%)
1 ms. Memory: 129024K Free: 98312K (76%)
10 ms. Memory: 129024K Free: 97288K (75%)
8 ms. Memory: 129024K Free: 96264K (75%)
1 ms. Memory: 129024K Free: 95240K (74%)
4 ms. Memory: 129024K Free: 94726K (73%)
/home/travis/build/icyphy/ptII/ptolemy/actor/lib/test/Ramp.tcl
5 ms. Memory: 129024K Free: 92678K (72%)
5 ms. Memory: 129024K Free: 92168K (71%)
3 ms. Memory: 129024K Free: 91144K (71%)
2 ms. Memory: 129024K Free: 90615K (70%)
7 ms. Memory: 129024K Free: 89591K (69%)
11 ms. Memory: 129024K Free: 89096K (69%)
8 ms. Memory: 129024K Free: 88072K (68%)
5 actors
10000 microseconds per iteration to create
11 ms. Memory: 129024K Free: 85000K (66%)
2 ms. Memory: 129024K Free: 84486K (65%)
1 ms. Memory: 129024K Free: 83976K (65%)
5 ms. Memory: 129024K Free: 83431K (65%)
50 actors
46000 microseconds per iteration to create
45 ms. Memory: 129024K Free: 67592K (52%)
5 ms. Memory: 129024K Free: 66568K (52%)
5 ms. Memory: 129024K Free: 65544K (51%)
11 ms. Memory: 129024K Free: 64520K (50%)
500 actors
1531000 microseconds per iteration to create
278 ms. Memory: 155648K Free: 66224K (43%)
42 ms. Memory: 155648K Free: 60594K (39%)
61 ms. Memory: 155648K Free: 129855K (83%)
31 ms. Memory: 155648K Free: 124737K (80%)
/home/travis/build/icyphy/ptII/ptolemy/actor/lib/test/RampContinuous.tcl
10 ms. Memory: 155648K Free: 123199K (79%)
/home/travis/build/icyphy/ptII/ptolemy/actor/lib/test/RecordAssembler.tcl
7 ms. Memory: 155648K Free: 121665K (78%)
3 ms. Memory: 155648K Free: 120641K (78%)
/home/travis/build/icyphy/ptII/ptolemy/actor/lib/test/RecordDisassembler.tcl
11 ms. Memory: 155648K Free: 119103K (77%)
4 ms. Memory: 155648K Free: 118079K (76%)
4 ms. Memory: 155648K Free: 117055K (75%)
/home/travis/build/icyphy/ptII/ptolemy/actor/lib/test/Scale.tcl
3 ms. Memory: 155648K Free: 115007K (74%)
1 ms. Memory: 155648K Free: 114497K (74%)
2 ms. Memory: 155648K Free: 113473K (73%)
2 ms. Memory: 155648K Free: 112944K (73%)
4 ms. Memory: 155648K Free: 111928K (72%)
/home/travis/build/icyphy/ptII/ptolemy/actor/lib/test/SequentialClock.tcl
preinitializing
resolving types
initializing
executing number 1
wrapping up
idle
3 ms. Memory: 155648K Free: 110911K (71%)
Completed execution with 5 iterations
preinitializing
resolving types
initializing
executing number 1
wrapping up
idle
1 ms. Memory: 155648K Free: 109872K (71%)
Completed execution with 5 iterations
preinitializing
resolving types
initializing
executing number 1
wrapping up
idle
2 ms. Memory: 155648K Free: 109377K (70%)
Completed execution with 5 iterations
/home/travis/build/icyphy/ptII/ptolemy/actor/lib/test/SetVariable.tcl
4 ms. Memory: 155648K Free: 107839K (69%)
/home/travis/build/icyphy/ptII/ptolemy/actor/lib/test/Sinewave.tcl
/home/travis/build/icyphy/ptII/ptolemy/actor/lib/test/SubscriptionAggregator.tcl
13 ms. Memory: 155648K Free: 96065K (62%)
3 ms. Memory: 155648K Free: 95551K (61%)
1 ms. Memory: 155648K Free: 95041K (61%)
1 ms. Memory: 155648K Free: 95008K (61%)
2 ms. Memory: 155648K Free: 90945K (58%)
14 ms. Memory: 155648K Free: 88897K (57%)
...............................................................1025 ms. Memory: 280576K Free: 230333K (82%)
/home/travis/build/icyphy/ptII/ptolemy/actor/lib/test/Test.tcl
 The next command will produce a warning about training mode,
   which may be ignored.
8 ms. Memory: 280576K Free: 228287K (81%)
2 ms. Memory: 280576K Free: 227263K (81%)
1 ms. Memory: 280576K Free: 226749K (81%)
1 ms. Memory: 280576K Free: 226239K (81%)
2 ms. Memory: 280576K Free: 225711K (80%)
3 ms. Memory: 280576K Free: 224191K (80%)
3 ms. Memory: 280576K Free: 223167K (80%)
 The next command will produce a warning about training mode,
   which may be ignored.
4 ms. Memory: 280576K Free: 220605K (79%)
 The next command will produce a warning about training mode,
   which may be ignored.
3 ms. Memory: 280576K Free: 219581K (78%)
2 ms. Memory: 280576K Free: 219071K (78%)
1 ms. Memory: 280576K Free: 218551K (78%)
2 ms. Memory: 280576K Free: 218047K (78%)
7 ms. Memory: 280576K Free: 217023K (77%)
8 ms. Memory: 280576K Free: 212927K (76%)
/home/travis/build/icyphy/ptII/ptolemy/actor/lib/test/TestExceptionHandler.tcl
 The next command will produce a warning about training mode,
   which may be ignored.
3 ms. Memory: 280576K Free: 211903K (76%)
1 ms. Memory: 280576K Free: 211375K (75%)
2 ms. Memory: 280576K Free: 210879K (75%)
/home/travis/build/icyphy/ptII/ptolemy/actor/lib/test/UnionDisassembler.tcl
29 ms. Memory: 280576K Free: 203711K (73%)
/home/travis/build/icyphy/ptII/ptolemy/actor/lib/test/VariableClock.tcl
preinitializing
resolving types
initializing
executing number 1
wrapping up
idle
4 ms. Memory: 280576K Free: 201663K (72%)
Completed execution with 11 iterations
preinitializing
resolving types
initializing
executing number 1
wrapping up
idle
5 ms. Memory: 280576K Free: 200119K (71%)
Completed execution with 10 iterations
04/06/20 01:51:46
Failed: 0  Total Tests: 233  ((Passed: 233, Newly Passed: 0)  Known Failed: 0) /home/travis/build/icyphy/ptII/ptolemy/actor/lib/test
----------------- testing (KnownFailure) /home/travis/build/icyphy/ptII/ptolemy/actor/lib/test/auto/knownFailedTests/PublisherPortToplevelSubscriber.xml
0 ms. Memory: 280576K Free: 196543K (70%)
Known Failure: java.lang.reflect.InvocationTargetException
----------------- testing (KnownFailure) /home/travis/build/icyphy/ptII/ptolemy/actor/lib/test/auto/knownFailedTests/PublisherSubscriberPortToplevel.xml
0 ms. Memory: 280576K Free: 192957K (69%)
Known Failure: java.lang.reflect.InvocationTargetException
----------------- testing (KnownFailure) /home/travis/build/icyphy/ptII/ptolemy/actor/lib/test/auto/knownFailedTests/PublisherSubscriptionAggregatorPort.xml
1 ms. Memory: 280576K Free: 188861K (67%)
Known Failure: java.lang.reflect.InvocationTargetException
----------------- testing (KnownFailure) /home/travis/build/icyphy/ptII/ptolemy/actor/lib/test/auto/knownFailedTests/sizedarray3.xml
4 ms. Memory: 280576K Free: 184765K (66%)
Known Failure: java.lang.reflect.InvocationTargetException
No auto/linux-amd64/*.xml tests in /home/travis/build/icyphy/ptII/ptolemy/actor/lib/test
AutoTests.java: About to close Vertx.
AutoTests.java: Vertx closed.

===========================================================================================
----------------- testing Mon Apr 06 13:51:46 UTC 2020 /home/travis/build/icyphy/ptII/ptolemy/actor/lib/test/auto/AbsoluteValue.xml
----------------- Instantiating /home/travis/build/icyphy/ptII/ptolemy/actor/lib/test/auto/AbsoluteValue.xml
5 ms. Memory: 280576K Free: 161727K (58%)
----------------- Invoking toplevel() on ptolemy.moml.MoMLSimpleApplication@62786ea4
----------------- Done invoking toplevel() on ptolemy.moml.MoMLSimpleApplication@62786ea4
reloadAllAccessors: .AbsoluteValue

===========================================================================================
----------------- testing Mon Apr 06 13:51:46 UTC 2020 /home/travis/build/icyphy/ptII/ptolemy/actor/lib/test/auto/AbsoluteValue2.xml
----------------- Instantiating /home/travis/build/icyphy/ptII/ptolemy/actor/lib/test/auto/AbsoluteValue2.xml
14 ms. Memory: 280576K Free: 154559K (55%)
----------------- Invoking toplevel() on ptolemy.moml.MoMLSimpleApplication@5b1f957e
----------------- Done invoking toplevel() on ptolemy.moml.MoMLSimpleApplication@5b1f957e
reloadAllAccessors: .AbsoluteValue2

===========================================================================================
----------------- testing Mon Apr 06 13:51:46 UTC 2020 /home/travis/build/icyphy/ptII/ptolemy/actor/lib/test/auto/Accumulator.xml
----------------- Instantiating /home/travis/build/icyphy/ptII/ptolemy/actor/lib/test/auto/Accumulator.xml
7 ms. Memory: 280576K Free: 148415K (53%)
----------------- Invoking toplevel() on ptolemy.moml.MoMLSimpleApplication@403ce561
----------------- Done invoking toplevel() on ptolemy.moml.MoMLSimpleApplication@403ce561
reloadAllAccessors: .Accumulator

===========================================================================================
----------------- testing Mon Apr 06 13:51:46 UTC 2020 /home/travis/build/icyphy/ptII/ptolemy/actor/lib/test/auto/Accumulator2.xml
----------------- Instantiating /home/travis/build/icyphy/ptII/ptolemy/actor/lib/test/auto/Accumulator2.xml
10 ms. Memory: 280576K Free: 143295K (51%)
----------------- Invoking toplevel() on ptolemy.moml.MoMLSimpleApplication@795295d1
----------------- Done invoking toplevel() on ptolemy.moml.MoMLSimpleApplication@795295d1
reloadAllAccessors: .Accumulator2

===========================================================================================
----------------- testing Mon Apr 06 13:51:46 UTC 2020 /home/travis/build/icyphy/ptII/ptolemy/actor/lib/test/auto/Accumulator3.xml
----------------- Instantiating /home/travis/build/icyphy/ptII/ptolemy/actor/lib/test/auto/Accumulator3.xml
7 ms. Memory: 280576K Free: 138685K (49%)
----------------- Invoking toplevel() on ptolemy.moml.MoMLSimpleApplication@53d7bc6b
----------------- Done invoking toplevel() on ptolemy.moml.MoMLSimpleApplication@53d7bc6b
reloadAllAccessors: .Accumulator3

===========================================================================================
----------------- testing Mon Apr 06 13:51:46 UTC 2020 /home/travis/build/icyphy/ptII/ptolemy/actor/lib/test/auto/ArrayAppend.xml
----------------- Instantiating /home/travis/build/icyphy/ptII/ptolemy/actor/lib/test/auto/ArrayAppend.xml
7 ms. Memory: 280576K Free: 133055K (47%)
----------------- Invoking toplevel() on ptolemy.moml.MoMLSimpleApplication@719a6452
----------------- Done invoking toplevel() on ptolemy.moml.MoMLSimpleApplication@719a6452
reloadAllAccessors: .ArrayAppend

===========================================================================================
----------------- testing Mon Apr 06 13:51:46 UTC 2020 /home/travis/build/icyphy/ptII/ptolemy/actor/lib/test/auto/ArrayAppend2.xml
----------------- Instantiating /home/travis/build/icyphy/ptII/ptolemy/actor/lib/test/auto/ArrayAppend2.xml
349 ms. Memory: 280576K Free: 177208K (63%)
----------------- Invoking toplevel() on ptolemy.moml.MoMLSimpleApplication@76aae170
----------------- Done invoking toplevel() on ptolemy.moml.MoMLSimpleApplication@76aae170
reloadAllAccessors: .ArrayAppend2

===========================================================================================
----------------- testing Mon Apr 06 13:51:47 UTC 2020 /home/travis/build/icyphy/ptII/ptolemy/actor/lib/test/auto/ArrayAppend3.xml
----------------- Instantiating /home/travis/build/icyphy/ptII/ptolemy/actor/lib/test/auto/ArrayAppend3.xml
10 ms. Memory: 280576K Free: 171518K (61%)
----------------- Invoking toplevel() on ptolemy.moml.MoMLSimpleApplication@783a6f73
----------------- Done invoking toplevel() on ptolemy.moml.MoMLSimpleApplication@783a6f73
reloadAllAccessors: .ArrayAppend3

===========================================================================================
----------------- testing Mon Apr 06 13:51:47 UTC 2020 /home/travis/build/icyphy/ptII/ptolemy/actor/lib/test/auto/ArrayAppend4.xml
----------------- Instantiating /home/travis/build/icyphy/ptII/ptolemy/actor/lib/test/auto/ArrayAppend4.xml
3 ms. Memory: 280576K Free: 166398K (59%)
----------------- Invoking toplevel() on ptolemy.moml.MoMLSimpleApplication@6c670ffd
----------------- Done invoking toplevel() on ptolemy.moml.MoMLSimpleApplication@6c670ffd
reloadAllAccessors: .ArrayAppend4

===========================================================================================
----------------- testing Mon Apr 06 13:51:47 UTC 2020 /home/travis/build/icyphy/ptII/ptolemy/actor/lib/test/auto/ArrayAppend5.xml
----------------- Instantiating /home/travis/build/icyphy/ptII/ptolemy/actor/lib/test/auto/ArrayAppend5.xml
2 ms. Memory: 280576K Free: 161278K (57%)
----------------- Invoking toplevel() on ptolemy.moml.MoMLSimpleApplication@31515516
----------------- Done invoking toplevel() on ptolemy.moml.MoMLSimpleApplication@31515516
reloadAllAccessors: .ArrayAppend5

===========================================================================================
----------------- testing Mon Apr 06 13:51:47 UTC 2020 /home/travis/build/icyphy/ptII/ptolemy/actor/lib/test/auto/ArrayAppend6.xml
----------------- Instantiating /home/travis/build/icyphy/ptII/ptolemy/actor/lib/test/auto/ArrayAppend6.xml
4 ms. Memory: 280576K Free: 156158K (56%)
----------------- Invoking toplevel() on ptolemy.moml.MoMLSimpleApplication@36fdecbb
----------------- Done invoking toplevel() on ptolemy.moml.MoMLSimpleApplication@36fdecbb
reloadAllAccessors: .ArrayAppend6

===========================================================================================
----------------- testing Mon Apr 06 13:51:47 UTC 2020 /home/travis/build/icyphy/ptII/ptolemy/actor/lib/test/auto/ArrayAppendPerformanceTest.xml
----------------- Instantiating /home/travis/build/icyphy/ptII/ptolemy/actor/lib/test/auto/ArrayAppendPerformanceTest.xml
49 ms. Memory: 280576K Free: 144894K (52%)
----------------- Invoking toplevel() on ptolemy.moml.MoMLSimpleApplication@1d162fa8
----------------- Done invoking toplevel() on ptolemy.moml.MoMLSimpleApplication@1d162fa8
reloadAllAccessors: .ArrayAppendPerformanceTest

===========================================================================================
----------------- testing Mon Apr 06 13:51:47 UTC 2020 /home/travis/build/icyphy/ptII/ptolemy/actor/lib/test/auto/ArrayAppendWithEmptyInput.xml
----------------- Instantiating /home/travis/build/icyphy/ptII/ptolemy/actor/lib/test/auto/ArrayAppendWithEmptyInput.xml
17 ms. Memory: 280576K Free: 137216K (49%)
----------------- Invoking toplevel() on ptolemy.moml.MoMLSimpleApplication@3eeccf78
----------------- Done invoking toplevel() on ptolemy.moml.MoMLSimpleApplication@3eeccf78
reloadAllAccessors: .ArrayAppendWithEmptyInput

===========================================================================================
----------------- testing Mon Apr 06 13:51:47 UTC 2020 /home/travis/build/icyphy/ptII/ptolemy/actor/lib/test/auto/ArrayAverage.xml
----------------- Instantiating /home/travis/build/icyphy/ptII/ptolemy/actor/lib/test/auto/ArrayAverage.xml
10 ms. Memory: 280576K Free: 129024K (46%)
----------------- Invoking toplevel() on ptolemy.moml.MoMLSimpleApplication@4648cb95
----------------- Done invoking toplevel() on ptolemy.moml.MoMLSimpleApplication@4648cb95
reloadAllAccessors: .ArrayAverage

===========================================================================================
----------------- testing Mon Apr 06 13:51:47 UTC 2020 /home/travis/build/icyphy/ptII/ptolemy/actor/lib/test/auto/ArrayContains.xml
----------------- Instantiating /home/travis/build/icyphy/ptII/ptolemy/actor/lib/test/auto/ArrayContains.xml
2 ms. Memory: 280576K Free: 123390K (44%)
----------------- Invoking toplevel() on ptolemy.moml.MoMLSimpleApplication@40592e50
----------------- Done invoking toplevel() on ptolemy.moml.MoMLSimpleApplication@40592e50
reloadAllAccessors: .ArrayContains

===========================================================================================
----------------- testing Mon Apr 06 13:51:47 UTC 2020 /home/travis/build/icyphy/ptII/ptolemy/actor/lib/test/auto/ArrayElement.xml
----------------- Instantiating /home/travis/build/icyphy/ptII/ptolemy/actor/lib/test/auto/ArrayElement.xml
8 ms. Memory: 280576K Free: 118239K (42%)
----------------- Invoking toplevel() on ptolemy.moml.MoMLSimpleApplication@7404d5ed
----------------- Done invoking toplevel() on ptolemy.moml.MoMLSimpleApplication@7404d5ed
reloadAllAccessors: .ArrayElement

===========================================================================================
----------------- testing Mon Apr 06 13:51:47 UTC 2020 /home/travis/build/icyphy/ptII/ptolemy/actor/lib/test/auto/ArrayElementAsMatrix.xml
----------------- Instantiating /home/travis/build/icyphy/ptII/ptolemy/actor/lib/test/auto/ArrayElementAsMatrix.xml
26 ms. Memory: 280576K Free: 108544K (39%)
----------------- Invoking toplevel() on ptolemy.moml.MoMLSimpleApplication@63de7121
----------------- Done invoking toplevel() on ptolemy.moml.MoMLSimpleApplication@63de7121
reloadAllAccessors: .ArrayElementAsMatrix

===========================================================================================
----------------- testing Mon Apr 06 13:51:47 UTC 2020 /home/travis/build/icyphy/ptII/ptolemy/actor/lib/test/auto/ArrayElementI.xml
----------------- Instantiating /home/travis/build/icyphy/ptII/ptolemy/actor/lib/test/auto/ArrayElementI.xml
4 ms. Memory: 280576K Free: 103424K (37%)
----------------- Invoking toplevel() on ptolemy.moml.MoMLSimpleApplication@7f09372b
----------------- Done invoking toplevel() on ptolemy.moml.MoMLSimpleApplication@7f09372b
reloadAllAccessors: .ArrayElementI

===========================================================================================
----------------- testing Mon Apr 06 13:51:47 UTC 2020 /home/travis/build/icyphy/ptII/ptolemy/actor/lib/test/auto/ArrayExtract.xml
----------------- Instantiating /home/travis/build/icyphy/ptII/ptolemy/actor/lib/test/auto/ArrayExtract.xml
5 ms. Memory: 280576K Free: 94718K (34%)
----------------- Invoking toplevel() on ptolemy.moml.MoMLSimpleApplication@6c1ee5ee
----------------- Done invoking toplevel() on ptolemy.moml.MoMLSimpleApplication@6c1ee5ee
reloadAllAccessors: .ArrayExtract

===========================================================================================
----------------- testing Mon Apr 06 13:51:47 UTC 2020 /home/travis/build/icyphy/ptII/ptolemy/actor/lib/test/auto/ArrayExtract2.xml
----------------- Instantiating /home/travis/build/icyphy/ptII/ptolemy/actor/lib/test/auto/ArrayExtract2.xml
4 ms. Memory: 280576K Free: 225827K (80%)
----------------- Invoking toplevel() on ptolemy.moml.MoMLSimpleApplication@57358ff1
----------------- Done invoking toplevel() on ptolemy.moml.MoMLSimpleApplication@57358ff1
reloadAllAccessors: .ArrayExtract2

===========================================================================================
----------------- testing Mon Apr 06 13:51:47 UTC 2020 /home/travis/build/icyphy/ptII/ptolemy/actor/lib/test/auto/ArrayLength.xml
----------------- Instantiating /home/travis/build/icyphy/ptII/ptolemy/actor/lib/test/auto/ArrayLength.xml
2 ms. Memory: 280576K Free: 221235K (79%)
----------------- Invoking toplevel() on ptolemy.moml.MoMLSimpleApplication@5e0c97af
----------------- Done invoking toplevel() on ptolemy.moml.MoMLSimpleApplication@5e0c97af
reloadAllAccessors: .ArrayLength

===========================================================================================
----------------- testing Mon Apr 06 13:51:47 UTC 2020 /home/travis/build/icyphy/ptII/ptolemy/actor/lib/test/auto/ArrayLevelCrossing.xml
----------------- Instantiating /home/travis/build/icyphy/ptII/ptolemy/actor/lib/test/auto/ArrayLevelCrossing.xml
4 ms. Memory: 280576K Free: 213553K (76%)
----------------- Invoking toplevel() on ptolemy.moml.MoMLSimpleApplication@2efaa633
----------------- Done invoking toplevel() on ptolemy.moml.MoMLSimpleApplication@2efaa633
reloadAllAccessors: .ArrayLevelCrossing

===========================================================================================
----------------- testing Mon Apr 06 13:51:47 UTC 2020 /home/travis/build/icyphy/ptII/ptolemy/actor/lib/test/auto/ArrayLevelCrossing2.xml
----------------- Instantiating /home/travis/build/icyphy/ptII/ptolemy/actor/lib/test/auto/ArrayLevelCrossing2.xml
3 ms. Memory: 280576K Free: 205875K (73%)
----------------- Invoking toplevel() on ptolemy.moml.MoMLSimpleApplication@5d7fdf82
----------------- Done invoking toplevel() on ptolemy.moml.MoMLSimpleApplication@5d7fdf82
reloadAllAccessors: .ArrayLevelCrossing2

===========================================================================================
----------------- testing Mon Apr 06 13:51:48 UTC 2020 /home/travis/build/icyphy/ptII/ptolemy/actor/lib/test/auto/ArrayPeakSearch.xml
----------------- Instantiating /home/travis/build/icyphy/ptII/ptolemy/actor/lib/test/auto/ArrayPeakSearch.xml
6 ms. Memory: 280576K Free: 197169K (70%)
----------------- Invoking toplevel() on ptolemy.moml.MoMLSimpleApplication@571d95e1
----------------- Done invoking toplevel() on ptolemy.moml.MoMLSimpleApplication@571d95e1
reloadAllAccessors: .ArrayPeakSearch

===========================================================================================
----------------- testing Mon Apr 06 13:51:48 UTC 2020 /home/travis/build/icyphy/ptII/ptolemy/actor/lib/test/auto/ArrayPeakSearch2.xml
----------------- Instantiating /home/travis/build/icyphy/ptII/ptolemy/actor/lib/test/auto/ArrayPeakSearch2.xml
5 ms. Memory: 280576K Free: 186419K (66%)
----------------- Invoking toplevel() on ptolemy.moml.MoMLSimpleApplication@702c6ccd
----------------- Done invoking toplevel() on ptolemy.moml.MoMLSimpleApplication@702c6ccd
reloadAllAccessors: .ArrayPeakSearch2

===========================================================================================
----------------- testing Mon Apr 06 13:51:48 UTC 2020 /home/travis/build/icyphy/ptII/ptolemy/actor/lib/test/auto/ArrayPeakSearch3.xml
----------------- Instantiating /home/travis/build/icyphy/ptII/ptolemy/actor/lib/test/auto/ArrayPeakSearch3.xml
6 ms. Memory: 280576K Free: 177713K (63%)
----------------- Invoking toplevel() on ptolemy.moml.MoMLSimpleApplication@333fd771
----------------- Done invoking toplevel() on ptolemy.moml.MoMLSimpleApplication@333fd771
reloadAllAccessors: .ArrayPeakSearch3

===========================================================================================
----------------- testing Mon Apr 06 13:51:48 UTC 2020 /home/travis/build/icyphy/ptII/ptolemy/actor/lib/test/auto/ArrayRemoveElement.xml
----------------- Instantiating /home/travis/build/icyphy/ptII/ptolemy/actor/lib/test/auto/ArrayRemoveElement.xml
3 ms. Memory: 280576K Free: 169521K (60%)
----------------- Invoking toplevel() on ptolemy.moml.MoMLSimpleApplication@106d1a25
----------------- Done invoking toplevel() on ptolemy.moml.MoMLSimpleApplication@106d1a25
reloadAllAccessors: .ArrayRemoveElement

===========================================================================================
----------------- testing Mon Apr 06 13:51:48 UTC 2020 /home/travis/build/icyphy/ptII/ptolemy/actor/lib/test/auto/ArraySort.xml
----------------- Instantiating /home/travis/build/icyphy/ptII/ptolemy/actor/lib/test/auto/ArraySort.xml
6 ms. Memory: 280576K Free: 160819K (57%)
----------------- Invoking toplevel() on ptolemy.moml.MoMLSimpleApplication@3da77ecf
----------------- Done invoking toplevel() on ptolemy.moml.MoMLSimpleApplication@3da77ecf
reloadAllAccessors: .ArraySort

===========================================================================================
----------------- testing Mon Apr 06 13:51:48 UTC 2020 /home/travis/build/icyphy/ptII/ptolemy/actor/lib/test/auto/ArraySum.xml
----------------- Instantiating /home/travis/build/icyphy/ptII/ptolemy/actor/lib/test/auto/ArraySum.xml
5 ms. Memory: 280576K Free: 155185K (55%)
----------------- Invoking toplevel() on ptolemy.moml.MoMLSimpleApplication@560724d0
----------------- Done invoking toplevel() on ptolemy.moml.MoMLSimpleApplication@560724d0
reloadAllAccessors: .ArraySum

===========================================================================================
----------------- testing Mon Apr 06 13:51:48 UTC 2020 /home/travis/build/icyphy/ptII/ptolemy/actor/lib/test/auto/ArrayToElements.xml
----------------- Instantiating /home/travis/build/icyphy/ptII/ptolemy/actor/lib/test/auto/ArrayToElements.xml
9 ms. Memory: 280576K Free: 150065K (53%)
----------------- Invoking toplevel() on ptolemy.moml.MoMLSimpleApplication@6531e60e
----------------- Done invoking toplevel() on ptolemy.moml.MoMLSimpleApplication@6531e60e
reloadAllAccessors: .ArrayToElements

===========================================================================================
----------------- testing Mon Apr 06 13:51:48 UTC 2020 /home/travis/build/icyphy/ptII/ptolemy/actor/lib/test/auto/ArrayToMatrix.xml
----------------- Instantiating /home/travis/build/icyphy/ptII/ptolemy/actor/lib/test/auto/ArrayToMatrix.xml
8 ms. Memory: 280576K Free: 135729K (48%)
----------------- Invoking toplevel() on ptolemy.moml.MoMLSimpleApplication@609ee9f4
----------------- Done invoking toplevel() on ptolemy.moml.MoMLSimpleApplication@609ee9f4
reloadAllAccessors: .ArrayToMatrix

===========================================================================================
----------------- testing Mon Apr 06 13:51:48 UTC 2020 /home/travis/build/icyphy/ptII/ptolemy/actor/lib/test/auto/ArrayUpdate1.xml
----------------- Instantiating /home/travis/build/icyphy/ptII/ptolemy/actor/lib/test/auto/ArrayUpdate1.xml
3 ms. Memory: 280576K Free: 131123K (47%)
----------------- Invoking toplevel() on ptolemy.moml.MoMLSimpleApplication@1174bcab
----------------- Done invoking toplevel() on ptolemy.moml.MoMLSimpleApplication@1174bcab
reloadAllAccessors: .ArrayUpdate1

===========================================================================================
----------------- testing Mon Apr 06 13:51:48 UTC 2020 /home/travis/build/icyphy/ptII/ptolemy/actor/lib/test/auto/ArrayUpdate2.xml
----------------- Instantiating /home/travis/build/icyphy/ptII/ptolemy/actor/lib/test/auto/ArrayUpdate2.xml
11 ms. Memory: 280576K Free: 124465K (44%)
----------------- Invoking toplevel() on ptolemy.moml.MoMLSimpleApplication@6b4d9160
----------------- Done invoking toplevel() on ptolemy.moml.MoMLSimpleApplication@6b4d9160
reloadAllAccessors: .ArrayUpdate2

===========================================================================================
----------------- testing Mon Apr 06 13:51:48 UTC 2020 /home/travis/build/icyphy/ptII/ptolemy/actor/lib/test/auto/ArrayUpdate3.xml
----------------- Instantiating /home/travis/build/icyphy/ptII/ptolemy/actor/lib/test/auto/ArrayUpdate3.xml
2 ms. Memory: 280576K Free: 119859K (43%)
----------------- Invoking toplevel() on ptolemy.moml.MoMLSimpleApplication@18b74e36
----------------- Done invoking toplevel() on ptolemy.moml.MoMLSimpleApplication@18b74e36
reloadAllAccessors: .ArrayUpdate3

===========================================================================================
----------------- testing Mon Apr 06 13:51:48 UTC 2020 /home/travis/build/icyphy/ptII/ptolemy/actor/lib/test/auto/Assert1.xml
----------------- Instantiating /home/travis/build/icyphy/ptII/ptolemy/actor/lib/test/auto/Assert1.xml
5 ms. Memory: 280576K Free: 115249K (41%)
----------------- Invoking toplevel() on ptolemy.moml.MoMLSimpleApplication@38e70b30
----------------- Done invoking toplevel() on ptolemy.moml.MoMLSimpleApplication@38e70b30
reloadAllAccessors: .Assert1

===========================================================================================
----------------- testing Mon Apr 06 13:51:48 UTC 2020 /home/travis/build/icyphy/ptII/ptolemy/actor/lib/test/auto/Assert2.xml
----------------- Instantiating /home/travis/build/icyphy/ptII/ptolemy/actor/lib/test/auto/Assert2.xml
10 ms. Memory: 280576K Free: 111153K (40%)
----------------- Invoking toplevel() on ptolemy.moml.MoMLSimpleApplication@6f01330d
----------------- Done invoking toplevel() on ptolemy.moml.MoMLSimpleApplication@6f01330d
reloadAllAccessors: .Assert2

===========================================================================================
----------------- testing Mon Apr 06 13:51:48 UTC 2020 /home/travis/build/icyphy/ptII/ptolemy/actor/lib/test/auto/BooleanMultiplexor.xml
----------------- Instantiating /home/travis/build/icyphy/ptII/ptolemy/actor/lib/test/auto/BooleanMultiplexor.xml
3 ms. Memory: 280576K Free: 105523K (38%)
----------------- Invoking toplevel() on ptolemy.moml.MoMLSimpleApplication@55865542
----------------- Done invoking toplevel() on ptolemy.moml.MoMLSimpleApplication@55865542
reloadAllAccessors: .BooleanMultiplexor

===========================================================================================
----------------- testing Mon Apr 06 13:51:48 UTC 2020 /home/travis/build/icyphy/ptII/ptolemy/actor/lib/test/auto/BooleanMultiplexor2.xml
----------------- Instantiating /home/travis/build/icyphy/ptII/ptolemy/actor/lib/test/auto/BooleanMultiplexor2.xml
10 ms. Memory: 280576K Free: 99379K (35%)
----------------- Invoking toplevel() on ptolemy.moml.MoMLSimpleApplication@9aa2b66
----------------- Done invoking toplevel() on ptolemy.moml.MoMLSimpleApplication@9aa2b66
reloadAllAccessors: .BooleanMultiplexor2

===========================================================================================
----------------- testing Mon Apr 06 13:51:48 UTC 2020 /home/travis/build/icyphy/ptII/ptolemy/actor/lib/test/auto/BooleanMultiplexor3.xml
----------------- Instantiating /home/travis/build/icyphy/ptII/ptolemy/actor/lib/test/auto/BooleanMultiplexor3.xml
2 ms. Memory: 280576K Free: 95283K (34%)
----------------- Invoking toplevel() on ptolemy.moml.MoMLSimpleApplication@5ea934d1
----------------- Done invoking toplevel() on ptolemy.moml.MoMLSimpleApplication@5ea934d1
reloadAllAccessors: .BooleanMultiplexor3

===========================================================================================
----------------- testing Mon Apr 06 13:51:48 UTC 2020 /home/travis/build/icyphy/ptII/ptolemy/actor/lib/test/auto/BooleanSelect.xml
----------------- Instantiating /home/travis/build/icyphy/ptII/ptolemy/actor/lib/test/auto/BooleanSelect.xml
6 ms. Memory: 280576K Free: 89139K (32%)
----------------- Invoking toplevel() on ptolemy.moml.MoMLSimpleApplication@534c9057
----------------- Done invoking toplevel() on ptolemy.moml.MoMLSimpleApplication@534c9057
reloadAllAccessors: .BooleanSelect

===========================================================================================
----------------- testing Mon Apr 06 13:51:48 UTC 2020 /home/travis/build/icyphy/ptII/ptolemy/actor/lib/test/auto/BooleanSelect2.xml
----------------- Instantiating /home/travis/build/icyphy/ptII/ptolemy/actor/lib/test/auto/BooleanSelect2.xml
4 ms. Memory: 280576K Free: 85043K (30%)
----------------- Invoking toplevel() on ptolemy.moml.MoMLSimpleApplication@7ef7a61c
----------------- Done invoking toplevel() on ptolemy.moml.MoMLSimpleApplication@7ef7a61c
reloadAllAccessors: .BooleanSelect2

===========================================================================================
----------------- testing Mon Apr 06 13:51:48 UTC 2020 /home/travis/build/icyphy/ptII/ptolemy/actor/lib/test/auto/BooleanSwitch.xml
----------------- Instantiating /home/travis/build/icyphy/ptII/ptolemy/actor/lib/test/auto/BooleanSwitch.xml
8 ms. Memory: 280576K Free: 78385K (28%)
----------------- Invoking toplevel() on ptolemy.moml.MoMLSimpleApplication@6582e118
----------------- Done invoking toplevel() on ptolemy.moml.MoMLSimpleApplication@6582e118
reloadAllAccessors: .BooleanSwitch

===========================================================================================
----------------- testing Mon Apr 06 13:51:48 UTC 2020 /home/travis/build/icyphy/ptII/ptolemy/actor/lib/test/auto/BooleanSwitch2.xml
----------------- Instantiating /home/travis/build/icyphy/ptII/ptolemy/actor/lib/test/auto/BooleanSwitch2.xml
1 ms. Memory: 280576K Free: 74289K (26%)
----------------- Invoking toplevel() on ptolemy.moml.MoMLSimpleApplication@3b1912f2
----------------- Done invoking toplevel() on ptolemy.moml.MoMLSimpleApplication@3b1912f2
reloadAllAccessors: .BooleanSwitch2

===========================================================================================
----------------- testing Mon Apr 06 13:51:48 UTC 2020 /home/travis/build/icyphy/ptII/ptolemy/actor/lib/test/auto/BooleanSwitchCloningBugWithClassRelationGroup.xml
----------------- Instantiating /home/travis/build/icyphy/ptII/ptolemy/actor/lib/test/auto/BooleanSwitchCloningBugWithClassRelationGroup.xml
2 ms. Memory: 280576K Free: 67635K (24%)
----------------- Invoking toplevel() on ptolemy.moml.MoMLSimpleApplication@31b9cc
----------------- Done invoking toplevel() on ptolemy.moml.MoMLSimpleApplication@31b9cc
reloadAllAccessors: .BooleanSwitchCloningBugWithClassRelationGroup

===========================================================================================
----------------- testing Mon Apr 06 13:51:48 UTC 2020 /home/travis/build/icyphy/ptII/ptolemy/actor/lib/test/auto/BusActors.xml
----------------- Instantiating /home/travis/build/icyphy/ptII/ptolemy/actor/lib/test/auto/BusActors.xml
7 ms. Memory: 280576K Free: 224732K (80%)
----------------- Invoking toplevel() on ptolemy.moml.MoMLSimpleApplication@4ff475a5
----------------- Done invoking toplevel() on ptolemy.moml.MoMLSimpleApplication@4ff475a5
reloadAllAccessors: .BusActors

===========================================================================================
----------------- testing Mon Apr 06 13:51:48 UTC 2020 /home/travis/build/icyphy/ptII/ptolemy/actor/lib/test/auto/ClassWrapper.xml
----------------- Instantiating /home/travis/build/icyphy/ptII/ptolemy/actor/lib/test/auto/ClassWrapper.xml
3 ms. Memory: 280576K Free: 220126K (78%)
----------------- Invoking toplevel() on ptolemy.moml.MoMLSimpleApplication@9079937
----------------- Done invoking toplevel() on ptolemy.moml.MoMLSimpleApplication@9079937
reloadAllAccessors: .ClassWrapper

===========================================================================================
----------------- testing Mon Apr 06 13:51:48 UTC 2020 /home/travis/build/icyphy/ptII/ptolemy/actor/lib/test/auto/Clock.xml
----------------- Instantiating /home/travis/build/icyphy/ptII/ptolemy/actor/lib/test/auto/Clock.xml
3 ms. Memory: 280576K Free: 216030K (77%)
----------------- Invoking toplevel() on ptolemy.moml.MoMLSimpleApplication@350adf9d
----------------- Done invoking toplevel() on ptolemy.moml.MoMLSimpleApplication@350adf9d
reloadAllAccessors: .Clock

===========================================================================================
----------------- testing Mon Apr 06 13:51:48 UTC 2020 /home/travis/build/icyphy/ptII/ptolemy/actor/lib/test/auto/Clock10.xml
----------------- Instantiating /home/travis/build/icyphy/ptII/ptolemy/actor/lib/test/auto/Clock10.xml
4 ms. Memory: 280576K Free: 210396K (75%)
----------------- Invoking toplevel() on ptolemy.moml.MoMLSimpleApplication@54a8df6e
----------------- Done invoking toplevel() on ptolemy.moml.MoMLSimpleApplication@54a8df6e
reloadAllAccessors: .Clock10

===========================================================================================
----------------- testing Mon Apr 06 13:51:48 UTC 2020 /home/travis/build/icyphy/ptII/ptolemy/actor/lib/test/auto/Clock11.xml
----------------- Instantiating /home/travis/build/icyphy/ptII/ptolemy/actor/lib/test/auto/Clock11.xml
5 ms. Memory: 280576K Free: 204252K (73%)
----------------- Invoking toplevel() on ptolemy.moml.MoMLSimpleApplication@57dd632b
----------------- Done invoking toplevel() on ptolemy.moml.MoMLSimpleApplication@57dd632b
reloadAllAccessors: .Clock11

===========================================================================================
----------------- testing Mon Apr 06 13:51:48 UTC 2020 /home/travis/build/icyphy/ptII/ptolemy/actor/lib/test/auto/Clock12.xml
----------------- Instantiating /home/travis/build/icyphy/ptII/ptolemy/actor/lib/test/auto/Clock12.xml
5 ms. Memory: 280576K Free: 198622K (71%)
----------------- Invoking toplevel() on ptolemy.moml.MoMLSimpleApplication@4255d26a
----------------- Done invoking toplevel() on ptolemy.moml.MoMLSimpleApplication@4255d26a
reloadAllAccessors: .Clock12

===========================================================================================
----------------- testing Mon Apr 06 13:51:48 UTC 2020 /home/travis/build/icyphy/ptII/ptolemy/actor/lib/test/auto/Clock13.xml
----------------- Instantiating /home/travis/build/icyphy/ptII/ptolemy/actor/lib/test/auto/Clock13.xml
5 ms. Memory: 280576K Free: 192478K (69%)
----------------- Invoking toplevel() on ptolemy.moml.MoMLSimpleApplication@517ff91b
----------------- Done invoking toplevel() on ptolemy.moml.MoMLSimpleApplication@517ff91b
reloadAllAccessors: .Clock13

===========================================================================================
----------------- testing Mon Apr 06 13:51:48 UTC 2020 /home/travis/build/icyphy/ptII/ptolemy/actor/lib/test/auto/Clock14.xml
----------------- Instantiating /home/travis/build/icyphy/ptII/ptolemy/actor/lib/test/auto/Clock14.xml
6 ms. Memory: 280576K Free: 186814K (67%)
----------------- Invoking toplevel() on ptolemy.moml.MoMLSimpleApplication@3b4083c0
----------------- Done invoking toplevel() on ptolemy.moml.MoMLSimpleApplication@3b4083c0
reloadAllAccessors: .Clock14

===========================================================================================
----------------- testing Mon Apr 06 13:51:48 UTC 2020 /home/travis/build/icyphy/ptII/ptolemy/actor/lib/test/auto/Clock15.xml
----------------- Instantiating /home/travis/build/icyphy/ptII/ptolemy/actor/lib/test/auto/Clock15.xml
6 ms. Memory: 280576K Free: 180694K (64%)
----------------- Invoking toplevel() on ptolemy.moml.MoMLSimpleApplication@48296cc7
----------------- Done invoking toplevel() on ptolemy.moml.MoMLSimpleApplication@48296cc7
reloadAllAccessors: .Clock15

===========================================================================================
----------------- testing Mon Apr 06 13:51:48 UTC 2020 /home/travis/build/icyphy/ptII/ptolemy/actor/lib/test/auto/Clock16.xml
----------------- Instantiating /home/travis/build/icyphy/ptII/ptolemy/actor/lib/test/auto/Clock16.xml
38 ms. Memory: 280576K Free: 166358K (59%)
----------------- Invoking toplevel() on ptolemy.moml.MoMLSimpleApplication@18c3a5d8
----------------- Done invoking toplevel() on ptolemy.moml.MoMLSimpleApplication@18c3a5d8
reloadAllAccessors: .Clock16

===========================================================================================
----------------- testing Mon Apr 06 13:51:49 UTC 2020 /home/travis/build/icyphy/ptII/ptolemy/actor/lib/test/auto/Clock17.xml
----------------- Instantiating /home/travis/build/icyphy/ptII/ptolemy/actor/lib/test/auto/Clock17.xml
13 ms. Memory: 280576K Free: 152014K (54%)
----------------- Invoking toplevel() on ptolemy.moml.MoMLSimpleApplication@636aff34
----------------- Done invoking toplevel() on ptolemy.moml.MoMLSimpleApplication@636aff34
reloadAllAccessors: .Clock17

===========================================================================================
----------------- testing Mon Apr 06 13:51:49 UTC 2020 /home/travis/build/icyphy/ptII/ptolemy/actor/lib/test/auto/Clock18.xml
----------------- Instantiating /home/travis/build/icyphy/ptII/ptolemy/actor/lib/test/auto/Clock18.xml
16 ms. Memory: 280576K Free: 138206K (49%)
----------------- Invoking toplevel() on ptolemy.moml.MoMLSimpleApplication@4cda53fd
----------------- Done invoking toplevel() on ptolemy.moml.MoMLSimpleApplication@4cda53fd
reloadAllAccessors: .Clock18

===========================================================================================
----------------- testing Mon Apr 06 13:51:49 UTC 2020 /home/travis/build/icyphy/ptII/ptolemy/actor/lib/test/auto/Clock19.xml
----------------- Instantiating /home/travis/build/icyphy/ptII/ptolemy/actor/lib/test/auto/Clock19.xml
13 ms. Memory: 280576K Free: 125390K (45%)
----------------- Invoking toplevel() on ptolemy.moml.MoMLSimpleApplication@3fc2d569
----------------- Done invoking toplevel() on ptolemy.moml.MoMLSimpleApplication@3fc2d569
reloadAllAccessors: .Clock19

===========================================================================================
----------------- testing Mon Apr 06 13:51:49 UTC 2020 /home/travis/build/icyphy/ptII/ptolemy/actor/lib/test/auto/Clock2.xml
----------------- Instantiating /home/travis/build/icyphy/ptII/ptolemy/actor/lib/test/auto/Clock2.xml
4 ms. Memory: 280576K Free: 120798K (43%)
----------------- Invoking toplevel() on ptolemy.moml.MoMLSimpleApplication@202643c6
----------------- Done invoking toplevel() on ptolemy.moml.MoMLSimpleApplication@202643c6
reloadAllAccessors: .Clock2

===========================================================================================
----------------- testing Mon Apr 06 13:51:49 UTC 2020 /home/travis/build/icyphy/ptII/ptolemy/actor/lib/test/auto/Clock20.xml
----------------- Instantiating /home/travis/build/icyphy/ptII/ptolemy/actor/lib/test/auto/Clock20.xml
6 ms. Memory: 280576K Free: 115678K (41%)
----------------- Invoking toplevel() on ptolemy.moml.MoMLSimpleApplication@59727967
----------------- Done invoking toplevel() on ptolemy.moml.MoMLSimpleApplication@59727967
reloadAllAccessors: .Clock20

===========================================================================================
----------------- testing Mon Apr 06 13:51:49 UTC 2020 /home/travis/build/icyphy/ptII/ptolemy/actor/lib/test/auto/Clock21.xml
----------------- Instantiating /home/travis/build/icyphy/ptII/ptolemy/actor/lib/test/auto/Clock21.xml
3 ms. Memory: 280576K Free: 110044K (39%)
----------------- Invoking toplevel() on ptolemy.moml.MoMLSimpleApplication@2637ca4c
----------------- Done invoking toplevel() on ptolemy.moml.MoMLSimpleApplication@2637ca4c
reloadAllAccessors: .Clock21

===========================================================================================
----------------- testing Mon Apr 06 13:51:49 UTC 2020 /home/travis/build/icyphy/ptII/ptolemy/actor/lib/test/auto/Clock22.xml
----------------- Instantiating /home/travis/build/icyphy/ptII/ptolemy/actor/lib/test/auto/Clock22.xml
6 ms. Memory: 280576K Free: 104924K (37%)
----------------- Invoking toplevel() on ptolemy.moml.MoMLSimpleApplication@6e274d7b
----------------- Done invoking toplevel() on ptolemy.moml.MoMLSimpleApplication@6e274d7b
reloadAllAccessors: .Clock22

===========================================================================================
----------------- testing Mon Apr 06 13:51:49 UTC 2020 /home/travis/build/icyphy/ptII/ptolemy/actor/lib/test/auto/Clock23.xml
----------------- Instantiating /home/travis/build/icyphy/ptII/ptolemy/actor/lib/test/auto/Clock23.xml
2 ms. Memory: 280576K Free: 99294K (35%)
----------------- Invoking toplevel() on ptolemy.moml.MoMLSimpleApplication@4a213b0
----------------- Done invoking toplevel() on ptolemy.moml.MoMLSimpleApplication@4a213b0
reloadAllAccessors: .Clock23

===========================================================================================
----------------- testing Mon Apr 06 13:51:49 UTC 2020 /home/travis/build/icyphy/ptII/ptolemy/actor/lib/test/auto/Clock24.xml
----------------- Instantiating /home/travis/build/icyphy/ptII/ptolemy/actor/lib/test/auto/Clock24.xml
5 ms. Memory: 280576K Free: 93660K (33%)
----------------- Invoking toplevel() on ptolemy.moml.MoMLSimpleApplication@1567ab3f
----------------- Done invoking toplevel() on ptolemy.moml.MoMLSimpleApplication@1567ab3f
reloadAllAccessors: .Clock24

===========================================================================================
----------------- testing Mon Apr 06 13:51:49 UTC 2020 /home/travis/build/icyphy/ptII/ptolemy/actor/lib/test/auto/Clock4.xml
----------------- Instantiating /home/travis/build/icyphy/ptII/ptolemy/actor/lib/test/auto/Clock4.xml
2 ms. Memory: 280576K Free: 89054K (32%)
----------------- Invoking toplevel() on ptolemy.moml.MoMLSimpleApplication@780d1ab9
----------------- Done invoking toplevel() on ptolemy.moml.MoMLSimpleApplication@780d1ab9
reloadAllAccessors: .Clock4

===========================================================================================
----------------- testing Mon Apr 06 13:51:49 UTC 2020 /home/travis/build/icyphy/ptII/ptolemy/actor/lib/test/auto/Clock5.xml
----------------- Instantiating /home/travis/build/icyphy/ptII/ptolemy/actor/lib/test/auto/Clock5.xml
2 ms. Memory: 280576K Free: 83414K (30%)
----------------- Invoking toplevel() on ptolemy.moml.MoMLSimpleApplication@861820f
----------------- Done invoking toplevel() on ptolemy.moml.MoMLSimpleApplication@861820f
reloadAllAccessors: .Clock5

===========================================================================================
----------------- testing Mon Apr 06 13:51:49 UTC 2020 /home/travis/build/icyphy/ptII/ptolemy/actor/lib/test/auto/Clock6.xml
----------------- Instantiating /home/travis/build/icyphy/ptII/ptolemy/actor/lib/test/auto/Clock6.xml
2 ms. Memory: 280576K Free: 79838K (28%)
----------------- Invoking toplevel() on ptolemy.moml.MoMLSimpleApplication@552af655
----------------- Done invoking toplevel() on ptolemy.moml.MoMLSimpleApplication@552af655
reloadAllAccessors: .Clock6

===========================================================================================
----------------- testing Mon Apr 06 13:51:49 UTC 2020 /home/travis/build/icyphy/ptII/ptolemy/actor/lib/test/auto/Clock7.xml
----------------- Instantiating /home/travis/build/icyphy/ptII/ptolemy/actor/lib/test/auto/Clock7.xml
2 ms. Memory: 280576K Free: 75228K (27%)
----------------- Invoking toplevel() on ptolemy.moml.MoMLSimpleApplication@6d18e767
----------------- Done invoking toplevel() on ptolemy.moml.MoMLSimpleApplication@6d18e767
reloadAllAccessors: .Clock7

===========================================================================================
----------------- testing Mon Apr 06 13:51:49 UTC 2020 /home/travis/build/icyphy/ptII/ptolemy/actor/lib/test/auto/Clock8.xml
----------------- Instantiating /home/travis/build/icyphy/ptII/ptolemy/actor/lib/test/auto/Clock8.xml
2 ms. Memory: 280576K Free: 70102K (25%)
----------------- Invoking toplevel() on ptolemy.moml.MoMLSimpleApplication@15066c3
----------------- Done invoking toplevel() on ptolemy.moml.MoMLSimpleApplication@15066c3
reloadAllAccessors: .Clock8

===========================================================================================
----------------- testing Mon Apr 06 13:51:49 UTC 2020 /home/travis/build/icyphy/ptII/ptolemy/actor/lib/test/auto/Clock9.xml
----------------- Instantiating /home/travis/build/icyphy/ptII/ptolemy/actor/lib/test/auto/Clock9.xml
7 ms. Memory: 280576K Free: 64478K (23%)
----------------- Invoking toplevel() on ptolemy.moml.MoMLSimpleApplication@683bd0c8
----------------- Done invoking toplevel() on ptolemy.moml.MoMLSimpleApplication@683bd0c8
reloadAllAccessors: .Clock9

===========================================================================================
----------------- testing Mon Apr 06 13:51:49 UTC 2020 /home/travis/build/icyphy/ptII/ptolemy/actor/lib/test/auto/CommDistDiscard.xml
----------------- Instantiating /home/travis/build/icyphy/ptII/ptolemy/actor/lib/test/auto/CommDistDiscard.xml
2 ms. Memory: 280576K Free: 223501K (80%)
----------------- Invoking toplevel() on ptolemy.moml.MoMLSimpleApplication@3a1d3992
----------------- Done invoking toplevel() on ptolemy.moml.MoMLSimpleApplication@3a1d3992
reloadAllAccessors: .CommDistDiscard

===========================================================================================
----------------- testing Mon Apr 06 13:51:49 UTC 2020 /home/travis/build/icyphy/ptII/ptolemy/actor/lib/test/auto/Commutator.xml
----------------- Instantiating /home/travis/build/icyphy/ptII/ptolemy/actor/lib/test/auto/Commutator.xml
4 ms. Memory: 280576K Free: 219405K (78%)
----------------- Invoking toplevel() on ptolemy.moml.MoMLSimpleApplication@66cac7fa
----------------- Done invoking toplevel() on ptolemy.moml.MoMLSimpleApplication@66cac7fa
reloadAllAccessors: .Commutator

===========================================================================================
----------------- testing Mon Apr 06 13:51:49 UTC 2020 /home/travis/build/icyphy/ptII/ptolemy/actor/lib/test/auto/Commutator2.xml
----------------- Instantiating /home/travis/build/icyphy/ptII/ptolemy/actor/lib/test/auto/Commutator2.xml
2 ms. Memory: 280576K Free: 214799K (77%)
----------------- Invoking toplevel() on ptolemy.moml.MoMLSimpleApplication@e507555
----------------- Done invoking toplevel() on ptolemy.moml.MoMLSimpleApplication@e507555
reloadAllAccessors: .Commutator2

===========================================================================================
----------------- testing Mon Apr 06 13:51:49 UTC 2020 /home/travis/build/icyphy/ptII/ptolemy/actor/lib/test/auto/Commutator3.xml
----------------- Instantiating /home/travis/build/icyphy/ptII/ptolemy/actor/lib/test/auto/Commutator3.xml
2 ms. Memory: 280576K Free: 210703K (75%)
----------------- Invoking toplevel() on ptolemy.moml.MoMLSimpleApplication@29aafe11
----------------- Done invoking toplevel() on ptolemy.moml.MoMLSimpleApplication@29aafe11
reloadAllAccessors: .Commutator3

===========================================================================================
----------------- testing Mon Apr 06 13:51:49 UTC 2020 /home/travis/build/icyphy/ptII/ptolemy/actor/lib/test/auto/Compare.xml
----------------- Instantiating /home/travis/build/icyphy/ptII/ptolemy/actor/lib/test/auto/Compare.xml
2 ms. Memory: 280576K Free: 204045K (73%)
----------------- Invoking toplevel() on ptolemy.moml.MoMLSimpleApplication@2b474746
----------------- Done invoking toplevel() on ptolemy.moml.MoMLSimpleApplication@2b474746
reloadAllAccessors: .Compare

===========================================================================================
----------------- testing Mon Apr 06 13:51:49 UTC 2020 /home/travis/build/icyphy/ptII/ptolemy/actor/lib/test/auto/CompareDE.xml
----------------- Instantiating /home/travis/build/icyphy/ptII/ptolemy/actor/lib/test/auto/CompareDE.xml
8 ms. Memory: 280576K Free: 196863K (70%)
----------------- Invoking toplevel() on ptolemy.moml.MoMLSimpleApplication@19fbdb2b
----------------- Done invoking toplevel() on ptolemy.moml.MoMLSimpleApplication@19fbdb2b
reloadAllAccessors: .CompareDE

===========================================================================================
----------------- testing Mon Apr 06 13:51:49 UTC 2020 /home/travis/build/icyphy/ptII/ptolemy/actor/lib/test/auto/ComplexDivide.xml
----------------- Instantiating /home/travis/build/icyphy/ptII/ptolemy/actor/lib/test/auto/ComplexDivide.xml
1 ms. Memory: 280576K Free: 193295K (69%)
----------------- Invoking toplevel() on ptolemy.moml.MoMLSimpleApplication@646d3b64
----------------- Done invoking toplevel() on ptolemy.moml.MoMLSimpleApplication@646d3b64
reloadAllAccessors: .ComplexDivide

===========================================================================================
----------------- testing Mon Apr 06 13:51:49 UTC 2020 /home/travis/build/icyphy/ptII/ptolemy/actor/lib/test/auto/ComputeHistogram.xml
----------------- Instantiating /home/travis/build/icyphy/ptII/ptolemy/actor/lib/test/auto/ComputeHistogram.xml
33 ms. Memory: 280576K Free: 180493K (64%)
----------------- Invoking toplevel() on ptolemy.moml.MoMLSimpleApplication@136b37cf
----------------- Done invoking toplevel() on ptolemy.moml.MoMLSimpleApplication@136b37cf
reloadAllAccessors: .ComputeHistogram

===========================================================================================
----------------- testing Mon Apr 06 13:51:49 UTC 2020 /home/travis/build/icyphy/ptII/ptolemy/actor/lib/test/auto/ConfigurationSelect.xml
----------------- Instantiating /home/travis/build/icyphy/ptII/ptolemy/actor/lib/test/auto/ConfigurationSelect.xml
2 ms. Memory: 280576K Free: 174863K (62%)
----------------- Invoking toplevel() on ptolemy.moml.MoMLSimpleApplication@6b404d6f
----------------- Done invoking toplevel() on ptolemy.moml.MoMLSimpleApplication@6b404d6f
reloadAllAccessors: .ConfigurationSelect

===========================================================================================
----------------- testing Mon Apr 06 13:51:49 UTC 2020 /home/travis/build/icyphy/ptII/ptolemy/actor/lib/test/auto/ConfigurationSelect2.xml
----------------- Instantiating /home/travis/build/icyphy/ptII/ptolemy/actor/lib/test/auto/ConfigurationSelect2.xml
2 ms. Memory: 280576K Free: 170767K (61%)
----------------- Invoking toplevel() on ptolemy.moml.MoMLSimpleApplication@5512ebb1
----------------- Done invoking toplevel() on ptolemy.moml.MoMLSimpleApplication@5512ebb1
reloadAllAccessors: .ConfigurationSelect2

===========================================================================================
----------------- testing Mon Apr 06 13:51:49 UTC 2020 /home/travis/build/icyphy/ptII/ptolemy/actor/lib/test/auto/ConfigurationSwitch.xml
----------------- Instantiating /home/travis/build/icyphy/ptII/ptolemy/actor/lib/test/auto/ConfigurationSwitch.xml
2 ms. Memory: 280576K Free: 165133K (59%)
----------------- Invoking toplevel() on ptolemy.moml.MoMLSimpleApplication@e148d82
----------------- Done invoking toplevel() on ptolemy.moml.MoMLSimpleApplication@e148d82
reloadAllAccessors: .ConfigurationSwitch

===========================================================================================
----------------- testing Mon Apr 06 13:51:49 UTC 2020 /home/travis/build/icyphy/ptII/ptolemy/actor/lib/test/auto/ConfigurationSwitch2.xml
----------------- Instantiating /home/travis/build/icyphy/ptII/ptolemy/actor/lib/test/auto/ConfigurationSwitch2.xml
4 ms. Memory: 280576K Free: 160013K (57%)
----------------- Invoking toplevel() on ptolemy.moml.MoMLSimpleApplication@50bddf4a
----------------- Done invoking toplevel() on ptolemy.moml.MoMLSimpleApplication@50bddf4a
reloadAllAccessors: .ConfigurationSwitch2

===========================================================================================
----------------- testing Mon Apr 06 13:51:49 UTC 2020 /home/travis/build/icyphy/ptII/ptolemy/actor/lib/test/auto/ConfigurationSwitchCloningBugWithClassRelationGroup.xml
----------------- Instantiating /home/travis/build/icyphy/ptII/ptolemy/actor/lib/test/auto/ConfigurationSwitchCloningBugWithClassRelationGroup.xml
2 ms. Memory: 280576K Free: 152845K (54%)
----------------- Invoking toplevel() on ptolemy.moml.MoMLSimpleApplication@3e7f20c7
----------------- Done invoking toplevel() on ptolemy.moml.MoMLSimpleApplication@3e7f20c7
reloadAllAccessors: .ConfigurationSwitchCloningBugWithClassRelationGroup

===========================================================================================
----------------- testing Mon Apr 06 13:51:49 UTC 2020 /home/travis/build/icyphy/ptII/ptolemy/actor/lib/test/auto/ConfigurationSwitchSelectSDF.xml
----------------- Instantiating /home/travis/build/icyphy/ptII/ptolemy/actor/lib/test/auto/ConfigurationSwitchSelectSDF.xml
3 ms. Memory: 280576K Free: 146701K (52%)
----------------- Invoking toplevel() on ptolemy.moml.MoMLSimpleApplication@3a1590ab
----------------- Done invoking toplevel() on ptolemy.moml.MoMLSimpleApplication@3a1590ab
reloadAllAccessors: .ConfigurationSwitchSelectSDF

===========================================================================================
----------------- testing Mon Apr 06 13:51:49 UTC 2020 /home/travis/build/icyphy/ptII/ptolemy/actor/lib/test/auto/ConfigurationSwitchSelectSDF2.xml
----------------- Instantiating /home/travis/build/icyphy/ptII/ptolemy/actor/lib/test/auto/ConfigurationSwitchSelectSDF2.xml
2 ms. Memory: 280576K Free: 141581K (50%)
----------------- Invoking toplevel() on ptolemy.moml.MoMLSimpleApplication@4f96ab72
----------------- Done invoking toplevel() on ptolemy.moml.MoMLSimpleApplication@4f96ab72
reloadAllAccessors: .ConfigurationSwitchSelectSDF2

===========================================================================================
----------------- testing Mon Apr 06 13:51:49 UTC 2020 /home/travis/build/icyphy/ptII/ptolemy/actor/lib/test/auto/Const.xml
----------------- Instantiating /home/travis/build/icyphy/ptII/ptolemy/actor/lib/test/auto/Const.xml
1 ms. Memory: 280576K Free: 137999K (49%)
----------------- Invoking toplevel() on ptolemy.moml.MoMLSimpleApplication@7f942dd1
----------------- Done invoking toplevel() on ptolemy.moml.MoMLSimpleApplication@7f942dd1
reloadAllAccessors: .Const

===========================================================================================
----------------- testing Mon Apr 06 13:51:49 UTC 2020 /home/travis/build/icyphy/ptII/ptolemy/actor/lib/test/auto/Const2.xml
----------------- Instantiating /home/travis/build/icyphy/ptII/ptolemy/actor/lib/test/auto/Const2.xml
2 ms. Memory: 280576K Free: 133903K (48%)
----------------- Invoking toplevel() on ptolemy.moml.MoMLSimpleApplication@5fde6afb
----------------- Done invoking toplevel() on ptolemy.moml.MoMLSimpleApplication@5fde6afb
reloadAllAccessors: .Const2

===========================================================================================
----------------- testing Mon Apr 06 13:51:49 UTC 2020 /home/travis/build/icyphy/ptII/ptolemy/actor/lib/test/auto/Const3.xml
----------------- Instantiating /home/travis/build/icyphy/ptII/ptolemy/actor/lib/test/auto/Const3.xml
1 ms. Memory: 280576K Free: 131341K (47%)
----------------- Invoking toplevel() on ptolemy.moml.MoMLSimpleApplication@367abaa3
----------------- Done invoking toplevel() on ptolemy.moml.MoMLSimpleApplication@367abaa3
reloadAllAccessors: .Const3

===========================================================================================
----------------- testing Mon Apr 06 13:51:49 UTC 2020 /home/travis/build/icyphy/ptII/ptolemy/actor/lib/test/auto/ConstantPublisherPort1.xml
----------------- Instantiating /home/travis/build/icyphy/ptII/ptolemy/actor/lib/test/auto/ConstantPublisherPort1.xml
6 ms. Memory: 280576K Free: 122639K (44%)
----------------- Invoking toplevel() on ptolemy.moml.MoMLSimpleApplication@28dad3fa
----------------- Done invoking toplevel() on ptolemy.moml.MoMLSimpleApplication@28dad3fa
reloadAllAccessors: .ConstantPublisherPort1

===========================================================================================
----------------- testing Mon Apr 06 13:51:49 UTC 2020 /home/travis/build/icyphy/ptII/ptolemy/actor/lib/test/auto/ConstantPublisherPort2.xml
----------------- Instantiating /home/travis/build/icyphy/ptII/ptolemy/actor/lib/test/auto/ConstantPublisherPort2.xml
10 ms. Memory: 280576K Free: 114957K (41%)
----------------- Invoking toplevel() on ptolemy.moml.MoMLSimpleApplication@7429f6eb
----------------- Done invoking toplevel() on ptolemy.moml.MoMLSimpleApplication@7429f6eb
reloadAllAccessors: .ConstantPublisherPort2

===========================================================================================
----------------- testing Mon Apr 06 13:51:49 UTC 2020 /home/travis/build/icyphy/ptII/ptolemy/actor/lib/test/auto/ConstantPublisherPort3.xml
----------------- Instantiating /home/travis/build/icyphy/ptII/ptolemy/actor/lib/test/auto/ConstantPublisherPort3.xml
3 ms. Memory: 280576K Free: 107789K (38%)
----------------- Invoking toplevel() on ptolemy.moml.MoMLSimpleApplication@fa88f99
----------------- Done invoking toplevel() on ptolemy.moml.MoMLSimpleApplication@fa88f99
reloadAllAccessors: .ConstantPublisherPort3

===========================================================================================
----------------- testing Mon Apr 06 13:51:49 UTC 2020 /home/travis/build/icyphy/ptII/ptolemy/actor/lib/test/auto/ConstantPublisherPort4.xml
----------------- Instantiating /home/travis/build/icyphy/ptII/ptolemy/actor/lib/test/auto/ConstantPublisherPort4.xml
3 ms. Memory: 280576K Free: 100621K (36%)
----------------- Invoking toplevel() on ptolemy.moml.MoMLSimpleApplication@47b57976
----------------- Done invoking toplevel() on ptolemy.moml.MoMLSimpleApplication@47b57976
reloadAllAccessors: .ConstantPublisherPort4

===========================================================================================
----------------- testing Mon Apr 06 13:51:49 UTC 2020 /home/travis/build/icyphy/ptII/ptolemy/actor/lib/test/auto/ConstantPublisherPort5.xml
----------------- Instantiating /home/travis/build/icyphy/ptII/ptolemy/actor/lib/test/auto/ConstantPublisherPort5.xml
32 ms. Memory: 280576K Free: 90895K (32%)
----------------- Invoking toplevel() on ptolemy.moml.MoMLSimpleApplication@6e1d8427
----------------- Done invoking toplevel() on ptolemy.moml.MoMLSimpleApplication@6e1d8427
reloadAllAccessors: .ConstantPublisherPort5

===========================================================================================
----------------- testing Mon Apr 06 13:51:50 UTC 2020 /home/travis/build/icyphy/ptII/ptolemy/actor/lib/test/auto/ConstantPublisherPort6.xml
----------------- Instantiating /home/travis/build/icyphy/ptII/ptolemy/actor/lib/test/auto/ConstantPublisherPort6.xml
16 ms. Memory: 280576K Free: 82189K (29%)
----------------- Invoking toplevel() on ptolemy.moml.MoMLSimpleApplication@6a55d90
----------------- Done invoking toplevel() on ptolemy.moml.MoMLSimpleApplication@6a55d90
reloadAllAccessors: .ConstantPublisherPort6

===========================================================================================
----------------- testing Mon Apr 06 13:51:50 UTC 2020 /home/travis/build/icyphy/ptII/ptolemy/actor/lib/test/auto/ConstantPublisherPort7.xml
----------------- Instantiating /home/travis/build/icyphy/ptII/ptolemy/actor/lib/test/auto/ConstantPublisherPort7.xml
15 ms. Memory: 280576K Free: 72463K (26%)
----------------- Invoking toplevel() on ptolemy.moml.MoMLSimpleApplication@769089a4
----------------- Done invoking toplevel() on ptolemy.moml.MoMLSimpleApplication@769089a4
reloadAllAccessors: .ConstantPublisherPort7

===========================================================================================
----------------- testing Mon Apr 06 13:51:50 UTC 2020 /home/travis/build/icyphy/ptII/ptolemy/actor/lib/test/auto/ConstraintMonitor1.xml
----------------- Instantiating /home/travis/build/icyphy/ptII/ptolemy/actor/lib/test/auto/ConstraintMonitor1.xml
2 ms. Memory: 280576K Free: 67343K (24%)
----------------- Invoking toplevel() on ptolemy.moml.MoMLSimpleApplication@22d9528f
----------------- Done invoking toplevel() on ptolemy.moml.MoMLSimpleApplication@22d9528f
reloadAllAccessors: .ConstraintMonitor1

===========================================================================================
----------------- testing Mon Apr 06 13:51:50 UTC 2020 /home/travis/build/icyphy/ptII/ptolemy/actor/lib/test/auto/ConstraintMonitor2.xml
----------------- Instantiating /home/travis/build/icyphy/ptII/ptolemy/actor/lib/test/auto/ConstraintMonitor2.xml
1 ms. Memory: 280576K Free: 63247K (23%)
----------------- Invoking toplevel() on ptolemy.moml.MoMLSimpleApplication@73fbfa96
----------------- Done invoking toplevel() on ptolemy.moml.MoMLSimpleApplication@73fbfa96
reloadAllAccessors: .ConstraintMonitor2

===========================================================================================
----------------- testing Mon Apr 06 13:51:50 UTC 2020 /home/travis/build/icyphy/ptII/ptolemy/actor/lib/test/auto/ConstraintMonitor3.xml
----------------- Instantiating /home/travis/build/icyphy/ptII/ptolemy/actor/lib/test/auto/ConstraintMonitor3.xml
7 ms. Memory: 468992K Free: 412185K (88%)
----------------- Invoking toplevel() on ptolemy.moml.MoMLSimpleApplication@17398ecd
----------------- Done invoking toplevel() on ptolemy.moml.MoMLSimpleApplication@17398ecd
reloadAllAccessors: .ConstraintMonitor3

===========================================================================================
----------------- testing Mon Apr 06 13:51:50 UTC 2020 /home/travis/build/icyphy/ptII/ptolemy/actor/lib/test/auto/ConstraintMonitor4.xml
----------------- Instantiating /home/travis/build/icyphy/ptII/ptolemy/actor/lib/test/auto/ConstraintMonitor4.xml
5 ms. Memory: 468992K Free: 406555K (87%)
----------------- Invoking toplevel() on ptolemy.moml.MoMLSimpleApplication@fe3c6d8
----------------- Done invoking toplevel() on ptolemy.moml.MoMLSimpleApplication@fe3c6d8
reloadAllAccessors: .ConstraintMonitor4

===========================================================================================
----------------- testing Mon Apr 06 13:51:50 UTC 2020 /home/travis/build/icyphy/ptII/ptolemy/actor/lib/test/auto/ConstraintMonitor5.xml
----------------- Instantiating /home/travis/build/icyphy/ptII/ptolemy/actor/lib/test/auto/ConstraintMonitor5.xml
4 ms. Memory: 468992K Free: 401435K (86%)
----------------- Invoking toplevel() on ptolemy.moml.MoMLSimpleApplication@26f46c34
----------------- Done invoking toplevel() on ptolemy.moml.MoMLSimpleApplication@26f46c34
reloadAllAccessors: .ConstraintMonitor5

===========================================================================================
----------------- testing Mon Apr 06 13:51:50 UTC 2020 /home/travis/build/icyphy/ptII/ptolemy/actor/lib/test/auto/ConstraintMonitor6.xml
----------------- Instantiating /home/travis/build/icyphy/ptII/ptolemy/actor/lib/test/auto/ConstraintMonitor6.xml
6 ms. Memory: 468992K Free: 394747K (84%)
----------------- Invoking toplevel() on ptolemy.moml.MoMLSimpleApplication@5cd33ff4
----------------- Done invoking toplevel() on ptolemy.moml.MoMLSimpleApplication@5cd33ff4
reloadAllAccessors: .ConstraintMonitor6

===========================================================================================
----------------- testing Mon Apr 06 13:51:50 UTC 2020 /home/travis/build/icyphy/ptII/ptolemy/actor/lib/test/auto/ConstraintMonitor7.xml
----------------- Instantiating /home/travis/build/icyphy/ptII/ptolemy/actor/lib/test/auto/ConstraintMonitor7.xml
6 ms. Memory: 468992K Free: 388603K (83%)
----------------- Invoking toplevel() on ptolemy.moml.MoMLSimpleApplication@77348f2f
----------------- Done invoking toplevel() on ptolemy.moml.MoMLSimpleApplication@77348f2f
reloadAllAccessors: .ConstraintMonitor7

===========================================================================================
----------------- testing Mon Apr 06 13:51:50 UTC 2020 /home/travis/build/icyphy/ptII/ptolemy/actor/lib/test/auto/ConstraintMonitor8.xml
----------------- Instantiating /home/travis/build/icyphy/ptII/ptolemy/actor/lib/test/auto/ConstraintMonitor8.xml
6 ms. Memory: 468992K Free: 381465K (81%)
----------------- Invoking toplevel() on ptolemy.moml.MoMLSimpleApplication@1124d44f
----------------- Done invoking toplevel() on ptolemy.moml.MoMLSimpleApplication@1124d44f
reloadAllAccessors: .ConstraintMonitor8

===========================================================================================
----------------- testing Mon Apr 06 13:51:50 UTC 2020 /home/travis/build/icyphy/ptII/ptolemy/actor/lib/test/auto/Counter.xml
----------------- Instantiating /home/travis/build/icyphy/ptII/ptolemy/actor/lib/test/auto/Counter.xml
3 ms. Memory: 468992K Free: 376345K (80%)
----------------- Invoking toplevel() on ptolemy.moml.MoMLSimpleApplication@60a9a2d4
----------------- Done invoking toplevel() on ptolemy.moml.MoMLSimpleApplication@60a9a2d4
reloadAllAccessors: .Counter

===========================================================================================
----------------- testing Mon Apr 06 13:51:50 UTC 2020 /home/travis/build/icyphy/ptII/ptolemy/actor/lib/test/auto/CurrentTimeSDF.xml
----------------- Instantiating /home/travis/build/icyphy/ptII/ptolemy/actor/lib/test/auto/CurrentTimeSDF.xml
2 ms. Memory: 468992K Free: 372249K (79%)
----------------- Invoking toplevel() on ptolemy.moml.MoMLSimpleApplication@a97deaa
----------------- Done invoking toplevel() on ptolemy.moml.MoMLSimpleApplication@a97deaa
reloadAllAccessors: .CurrentTimeSDF

===========================================================================================
----------------- testing Mon Apr 06 13:51:50 UTC 2020 /home/travis/build/icyphy/ptII/ptolemy/actor/lib/test/auto/DB.xml
----------------- Instantiating /home/travis/build/icyphy/ptII/ptolemy/actor/lib/test/auto/DB.xml
3 ms. Memory: 468992K Free: 367129K (78%)
----------------- Invoking toplevel() on ptolemy.moml.MoMLSimpleApplication@51bb2d15
----------------- Done invoking toplevel() on ptolemy.moml.MoMLSimpleApplication@51bb2d15
reloadAllAccessors: .DB

===========================================================================================
----------------- testing Mon Apr 06 13:51:50 UTC 2020 /home/travis/build/icyphy/ptII/ptolemy/actor/lib/test/auto/DBDE.xml
----------------- Instantiating /home/travis/build/icyphy/ptII/ptolemy/actor/lib/test/auto/DBDE.xml
3 ms. Memory: 468992K Free: 360979K (77%)
----------------- Invoking toplevel() on ptolemy.moml.MoMLSimpleApplication@63960db4
----------------- Done invoking toplevel() on ptolemy.moml.MoMLSimpleApplication@63960db4
reloadAllAccessors: .DBDE

===========================================================================================
----------------- testing Mon Apr 06 13:51:50 UTC 2020 /home/travis/build/icyphy/ptII/ptolemy/actor/lib/test/auto/DateConstructor.xml
----------------- Instantiating /home/travis/build/icyphy/ptII/ptolemy/actor/lib/test/auto/DateConstructor.xml
37 ms. Memory: 468992K Free: 343067K (73%)
----------------- Invoking toplevel() on ptolemy.moml.MoMLSimpleApplication@6b16bfa4
----------------- Done invoking toplevel() on ptolemy.moml.MoMLSimpleApplication@6b16bfa4
reloadAllAccessors: .DateConstructor

===========================================================================================
----------------- testing Mon Apr 06 13:51:50 UTC 2020 /home/travis/build/icyphy/ptII/ptolemy/actor/lib/test/auto/DelayTime.xml
----------------- Instantiating /home/travis/build/icyphy/ptII/ptolemy/actor/lib/test/auto/DelayTime.xml
6 ms. Memory: 468992K Free: 337947K (72%)
----------------- Invoking toplevel() on ptolemy.moml.MoMLSimpleApplication@5383ea4d
----------------- Done invoking toplevel() on ptolemy.moml.MoMLSimpleApplication@5383ea4d
reloadAllAccessors: .DelayTime

===========================================================================================
----------------- testing Mon Apr 06 13:51:50 UTC 2020 /home/travis/build/icyphy/ptII/ptolemy/actor/lib/test/auto/Dictionary1.xml
----------------- Instantiating /home/travis/build/icyphy/ptII/ptolemy/actor/lib/test/auto/Dictionary1.xml
3 ms. Memory: 468992K Free: 332827K (71%)
----------------- Invoking toplevel() on ptolemy.moml.MoMLSimpleApplication@408dbd46
----------------- Done invoking toplevel() on ptolemy.moml.MoMLSimpleApplication@408dbd46
reloadAllAccessors: .Dictionary1

===========================================================================================
----------------- testing Mon Apr 06 13:51:50 UTC 2020 /home/travis/build/icyphy/ptII/ptolemy/actor/lib/test/auto/Dictionary2.xml
----------------- Instantiating /home/travis/build/icyphy/ptII/ptolemy/actor/lib/test/auto/Dictionary2.xml
4 ms. Memory: 468992K Free: 327193K (70%)
----------------- Invoking toplevel() on ptolemy.moml.MoMLSimpleApplication@50ebdbff
----------------- Done invoking toplevel() on ptolemy.moml.MoMLSimpleApplication@50ebdbff
reloadAllAccessors: .Dictionary2

===========================================================================================
----------------- testing Mon Apr 06 13:51:50 UTC 2020 /home/travis/build/icyphy/ptII/ptolemy/actor/lib/test/auto/Dictionary3.xml
----------------- Instantiating /home/travis/build/icyphy/ptII/ptolemy/actor/lib/test/auto/Dictionary3.xml
2 ms. Memory: 468992K Free: 321563K (69%)
----------------- Invoking toplevel() on ptolemy.moml.MoMLSimpleApplication@23f927e
----------------- Done invoking toplevel() on ptolemy.moml.MoMLSimpleApplication@23f927e
reloadAllAccessors: .Dictionary3

===========================================================================================
----------------- testing Mon Apr 06 13:51:50 UTC 2020 /home/travis/build/icyphy/ptII/ptolemy/actor/lib/test/auto/Dictionary4.xml
----------------- Instantiating /home/travis/build/icyphy/ptII/ptolemy/actor/lib/test/auto/Dictionary4.xml
5 ms. Memory: 468992K Free: 314905K (67%)
----------------- Invoking toplevel() on ptolemy.moml.MoMLSimpleApplication@3bf0dd69
----------------- Done invoking toplevel() on ptolemy.moml.MoMLSimpleApplication@3bf0dd69
reloadAllAccessors: .Dictionary4

===========================================================================================
----------------- testing Mon Apr 06 13:51:50 UTC 2020 /home/travis/build/icyphy/ptII/ptolemy/actor/lib/test/auto/Differential.xml
----------------- Instantiating /home/travis/build/icyphy/ptII/ptolemy/actor/lib/test/auto/Differential.xml
3 ms. Memory: 468992K Free: 310299K (66%)
----------------- Invoking toplevel() on ptolemy.moml.MoMLSimpleApplication@19c1a5ca
----------------- Done invoking toplevel() on ptolemy.moml.MoMLSimpleApplication@19c1a5ca
reloadAllAccessors: .Differential

===========================================================================================
----------------- testing Mon Apr 06 13:51:50 UTC 2020 /home/travis/build/icyphy/ptII/ptolemy/actor/lib/test/auto/Director.xml
----------------- Instantiating /home/travis/build/icyphy/ptII/ptolemy/actor/lib/test/auto/Director.xml
2 ms. Memory: 468992K Free: 306713K (65%)
----------------- Invoking toplevel() on ptolemy.moml.MoMLSimpleApplication@54652546
----------------- Done invoking toplevel() on ptolemy.moml.MoMLSimpleApplication@54652546
reloadAllAccessors: .Director

===========================================================================================
----------------- testing Mon Apr 06 13:51:50 UTC 2020 /home/travis/build/icyphy/ptII/ptolemy/actor/lib/test/auto/DiscreteClock.xml
----------------- Instantiating /home/travis/build/icyphy/ptII/ptolemy/actor/lib/test/auto/DiscreteClock.xml
2 ms. Memory: 468992K Free: 303131K (65%)
----------------- Invoking toplevel() on ptolemy.moml.MoMLSimpleApplication@57daaa0b
----------------- Done invoking toplevel() on ptolemy.moml.MoMLSimpleApplication@57daaa0b
reloadAllAccessors: .DiscreteClock

===========================================================================================
----------------- testing Mon Apr 06 13:51:50 UTC 2020 /home/travis/build/icyphy/ptII/ptolemy/actor/lib/test/auto/DiscreteClock10.xml
----------------- Instantiating /home/travis/build/icyphy/ptII/ptolemy/actor/lib/test/auto/DiscreteClock10.xml
3 ms. Memory: 468992K Free: 296987K (63%)
----------------- Invoking toplevel() on ptolemy.moml.MoMLSimpleApplication@7ce3b0eb
----------------- Done invoking toplevel() on ptolemy.moml.MoMLSimpleApplication@7ce3b0eb
reloadAllAccessors: .DiscreteClock10

===========================================================================================
----------------- testing Mon Apr 06 13:51:50 UTC 2020 /home/travis/build/icyphy/ptII/ptolemy/actor/lib/test/auto/DiscreteClock11.xml
----------------- Instantiating /home/travis/build/icyphy/ptII/ptolemy/actor/lib/test/auto/DiscreteClock11.xml
3 ms. Memory: 468992K Free: 290843K (62%)
----------------- Invoking toplevel() on ptolemy.moml.MoMLSimpleApplication@bb70367
----------------- Done invoking toplevel() on ptolemy.moml.MoMLSimpleApplication@bb70367
reloadAllAccessors: .DiscreteClock11

===========================================================================================
----------------- testing Mon Apr 06 13:51:50 UTC 2020 /home/travis/build/icyphy/ptII/ptolemy/actor/lib/test/auto/DiscreteClock12.xml
----------------- Instantiating /home/travis/build/icyphy/ptII/ptolemy/actor/lib/test/auto/DiscreteClock12.xml
3 ms. Memory: 468992K Free: 285209K (61%)
----------------- Invoking toplevel() on ptolemy.moml.MoMLSimpleApplication@633b2520
----------------- Done invoking toplevel() on ptolemy.moml.MoMLSimpleApplication@633b2520
reloadAllAccessors: .DiscreteClock12

===========================================================================================
----------------- testing Mon Apr 06 13:51:50 UTC 2020 /home/travis/build/icyphy/ptII/ptolemy/actor/lib/test/auto/DiscreteClock13.xml
----------------- Instantiating /home/travis/build/icyphy/ptII/ptolemy/actor/lib/test/auto/DiscreteClock13.xml
7 ms. Memory: 468992K Free: 279035K (59%)
----------------- Invoking toplevel() on ptolemy.moml.MoMLSimpleApplication@1765cb63
----------------- Done invoking toplevel() on ptolemy.moml.MoMLSimpleApplication@1765cb63
reloadAllAccessors: .DiscreteClock13

===========================================================================================
----------------- testing Mon Apr 06 13:51:50 UTC 2020 /home/travis/build/icyphy/ptII/ptolemy/actor/lib/test/auto/DiscreteClock14.xml
----------------- Instantiating /home/travis/build/icyphy/ptII/ptolemy/actor/lib/test/auto/DiscreteClock14.xml
5 ms. Memory: 468992K Free: 272891K (58%)
----------------- Invoking toplevel() on ptolemy.moml.MoMLSimpleApplication@441ec6e
----------------- Done invoking toplevel() on ptolemy.moml.MoMLSimpleApplication@441ec6e
reloadAllAccessors: .DiscreteClock14

===========================================================================================
----------------- testing Mon Apr 06 13:51:50 UTC 2020 /home/travis/build/icyphy/ptII/ptolemy/actor/lib/test/auto/DiscreteClock15.xml
----------------- Instantiating /home/travis/build/icyphy/ptII/ptolemy/actor/lib/test/auto/DiscreteClock15.xml
6 ms. Memory: 468992K Free: 266747K (57%)
----------------- Invoking toplevel() on ptolemy.moml.MoMLSimpleApplication@43ec68e7
----------------- Done invoking toplevel() on ptolemy.moml.MoMLSimpleApplication@43ec68e7
reloadAllAccessors: .DiscreteClock15

===========================================================================================
----------------- testing Mon Apr 06 13:51:50 UTC 2020 /home/travis/build/icyphy/ptII/ptolemy/actor/lib/test/auto/DiscreteClock16.xml
----------------- Instantiating /home/travis/build/icyphy/ptII/ptolemy/actor/lib/test/auto/DiscreteClock16.xml
20 ms. Memory: 468992K Free: 253451K (54%)
----------------- Invoking toplevel() on ptolemy.moml.MoMLSimpleApplication@73b5e7ce
----------------- Done invoking toplevel() on ptolemy.moml.MoMLSimpleApplication@73b5e7ce
reloadAllAccessors: .DiscreteClock16

===========================================================================================
----------------- testing Mon Apr 06 13:51:50 UTC 2020 /home/travis/build/icyphy/ptII/ptolemy/actor/lib/test/auto/DiscreteClock17.xml
----------------- Instantiating /home/travis/build/icyphy/ptII/ptolemy/actor/lib/test/auto/DiscreteClock17.xml
21 ms. Memory: 468992K Free: 238619K (51%)
----------------- Invoking toplevel() on ptolemy.moml.MoMLSimpleApplication@4a8476ff
----------------- Done invoking toplevel() on ptolemy.moml.MoMLSimpleApplication@4a8476ff
reloadAllAccessors: .DiscreteClock17

===========================================================================================
----------------- testing Mon Apr 06 13:51:50 UTC 2020 /home/travis/build/icyphy/ptII/ptolemy/actor/lib/test/auto/DiscreteClock18.xml
----------------- Instantiating /home/travis/build/icyphy/ptII/ptolemy/actor/lib/test/auto/DiscreteClock18.xml
23 ms. Memory: 468992K Free: 224793K (48%)
----------------- Invoking toplevel() on ptolemy.moml.MoMLSimpleApplication@2719f434
----------------- Done invoking toplevel() on ptolemy.moml.MoMLSimpleApplication@2719f434
reloadAllAccessors: .DiscreteClock18

===========================================================================================
----------------- testing Mon Apr 06 13:51:50 UTC 2020 /home/travis/build/icyphy/ptII/ptolemy/actor/lib/test/auto/DiscreteClock19.xml
----------------- Instantiating /home/travis/build/icyphy/ptII/ptolemy/actor/lib/test/auto/DiscreteClock19.xml
21 ms. Memory: 468992K Free: 211481K (45%)
----------------- Invoking toplevel() on ptolemy.moml.MoMLSimpleApplication@ab1ae6a
----------------- Done invoking toplevel() on ptolemy.moml.MoMLSimpleApplication@ab1ae6a
reloadAllAccessors: .DiscreteClock19

===========================================================================================
----------------- testing Mon Apr 06 13:51:51 UTC 2020 /home/travis/build/icyphy/ptII/ptolemy/actor/lib/test/auto/DiscreteClock2.xml
----------------- Instantiating /home/travis/build/icyphy/ptII/ptolemy/actor/lib/test/auto/DiscreteClock2.xml
4 ms. Memory: 468992K Free: 206347K (44%)
----------------- Invoking toplevel() on ptolemy.moml.MoMLSimpleApplication@59f8b7cc
----------------- Done invoking toplevel() on ptolemy.moml.MoMLSimpleApplication@59f8b7cc
reloadAllAccessors: .DiscreteClock2

===========================================================================================
----------------- testing Mon Apr 06 13:51:51 UTC 2020 /home/travis/build/icyphy/ptII/ptolemy/actor/lib/test/auto/DiscreteClock20.xml
----------------- Instantiating /home/travis/build/icyphy/ptII/ptolemy/actor/lib/test/auto/DiscreteClock20.xml
8 ms. Memory: 468992K Free: 200731K (43%)
----------------- Invoking toplevel() on ptolemy.moml.MoMLSimpleApplication@3754423e
----------------- Done invoking toplevel() on ptolemy.moml.MoMLSimpleApplication@3754423e
reloadAllAccessors: .DiscreteClock20

===========================================================================================
----------------- testing Mon Apr 06 13:51:51 UTC 2020 /home/travis/build/icyphy/ptII/ptolemy/actor/lib/test/auto/DiscreteClock21.xml
----------------- Instantiating /home/travis/build/icyphy/ptII/ptolemy/actor/lib/test/auto/DiscreteClock21.xml
5 ms. Memory: 468992K Free: 195097K (42%)
----------------- Invoking toplevel() on ptolemy.moml.MoMLSimpleApplication@4ac6d5b0
----------------- Done invoking toplevel() on ptolemy.moml.MoMLSimpleApplication@4ac6d5b0
reloadAllAccessors: .DiscreteClock21

===========================================================================================
----------------- testing Mon Apr 06 13:51:51 UTC 2020 /home/travis/build/icyphy/ptII/ptolemy/actor/lib/test/auto/DiscreteClock22.xml
----------------- Instantiating /home/travis/build/icyphy/ptII/ptolemy/actor/lib/test/auto/DiscreteClock22.xml
5 ms. Memory: 468992K Free: 189977K (41%)
----------------- Invoking toplevel() on ptolemy.moml.MoMLSimpleApplication@6407369d
----------------- Done invoking toplevel() on ptolemy.moml.MoMLSimpleApplication@6407369d
reloadAllAccessors: .DiscreteClock22

===========================================================================================
----------------- testing Mon Apr 06 13:51:51 UTC 2020 /home/travis/build/icyphy/ptII/ptolemy/actor/lib/test/auto/DiscreteClock23.xml
----------------- Instantiating /home/travis/build/icyphy/ptII/ptolemy/actor/lib/test/auto/DiscreteClock23.xml
10 ms. Memory: 468992K Free: 184347K (39%)
----------------- Invoking toplevel() on ptolemy.moml.MoMLSimpleApplication@44374beb
----------------- Done invoking toplevel() on ptolemy.moml.MoMLSimpleApplication@44374beb
reloadAllAccessors: .DiscreteClock23

===========================================================================================
----------------- testing Mon Apr 06 13:51:51 UTC 2020 /home/travis/build/icyphy/ptII/ptolemy/actor/lib/test/auto/DiscreteClock24.xml
----------------- Instantiating /home/travis/build/icyphy/ptII/ptolemy/actor/lib/test/auto/DiscreteClock24.xml
4 ms. Memory: 468992K Free: 178713K (38%)
----------------- Invoking toplevel() on ptolemy.moml.MoMLSimpleApplication@61b6abc4
----------------- Done invoking toplevel() on ptolemy.moml.MoMLSimpleApplication@61b6abc4
reloadAllAccessors: .DiscreteClock24

===========================================================================================
----------------- testing Mon Apr 06 13:51:51 UTC 2020 /home/travis/build/icyphy/ptII/ptolemy/actor/lib/test/auto/DiscreteClock4.xml
----------------- Instantiating /home/travis/build/icyphy/ptII/ptolemy/actor/lib/test/auto/DiscreteClock4.xml
4 ms. Memory: 468992K Free: 173579K (37%)
----------------- Invoking toplevel() on ptolemy.moml.MoMLSimpleApplication@71a9ec95
----------------- Done invoking toplevel() on ptolemy.moml.MoMLSimpleApplication@71a9ec95
reloadAllAccessors: .DiscreteClock4

===========================================================================================
----------------- testing Mon Apr 06 13:51:51 UTC 2020 /home/travis/build/icyphy/ptII/ptolemy/actor/lib/test/auto/DiscreteClock5.xml
----------------- Instantiating /home/travis/build/icyphy/ptII/ptolemy/actor/lib/test/auto/DiscreteClock5.xml
1 ms. Memory: 468992K Free: 167963K (36%)
----------------- Invoking toplevel() on ptolemy.moml.MoMLSimpleApplication@4ac6cae9
----------------- Done invoking toplevel() on ptolemy.moml.MoMLSimpleApplication@4ac6cae9
reloadAllAccessors: .DiscreteClock5

===========================================================================================
----------------- testing Mon Apr 06 13:51:51 UTC 2020 /home/travis/build/icyphy/ptII/ptolemy/actor/lib/test/auto/DiscreteClock6.xml
----------------- Instantiating /home/travis/build/icyphy/ptII/ptolemy/actor/lib/test/auto/DiscreteClock6.xml
2 ms. Memory: 468992K Free: 163353K (35%)
----------------- Invoking toplevel() on ptolemy.moml.MoMLSimpleApplication@561da36c
----------------- Done invoking toplevel() on ptolemy.moml.MoMLSimpleApplication@561da36c
reloadAllAccessors: .DiscreteClock6

===========================================================================================
----------------- testing Mon Apr 06 13:51:51 UTC 2020 /home/travis/build/icyphy/ptII/ptolemy/actor/lib/test/auto/DiscreteClock7.xml
----------------- Instantiating /home/travis/build/icyphy/ptII/ptolemy/actor/lib/test/auto/DiscreteClock7.xml
2 ms. Memory: 468992K Free: 158233K (34%)
----------------- Invoking toplevel() on ptolemy.moml.MoMLSimpleApplication@bc560ed
----------------- Done invoking toplevel() on ptolemy.moml.MoMLSimpleApplication@bc560ed
reloadAllAccessors: .DiscreteClock7

===========================================================================================
----------------- testing Mon Apr 06 13:51:51 UTC 2020 /home/travis/build/icyphy/ptII/ptolemy/actor/lib/test/auto/DiscreteClock8.xml
----------------- Instantiating /home/travis/build/icyphy/ptII/ptolemy/actor/lib/test/auto/DiscreteClock8.xml
4 ms. Memory: 468992K Free: 153083K (33%)
----------------- Invoking toplevel() on ptolemy.moml.MoMLSimpleApplication@7d5238cc
----------------- Done invoking toplevel() on ptolemy.moml.MoMLSimpleApplication@7d5238cc
reloadAllAccessors: .DiscreteClock8

===========================================================================================
----------------- testing Mon Apr 06 13:51:51 UTC 2020 /home/travis/build/icyphy/ptII/ptolemy/actor/lib/test/auto/DiscreteClock9.xml
----------------- Instantiating /home/travis/build/icyphy/ptII/ptolemy/actor/lib/test/auto/DiscreteClock9.xml
4 ms. Memory: 468992K Free: 146955K (31%)
----------------- Invoking toplevel() on ptolemy.moml.MoMLSimpleApplication@2c33cd9b
----------------- Done invoking toplevel() on ptolemy.moml.MoMLSimpleApplication@2c33cd9b
reloadAllAccessors: .DiscreteClock9

===========================================================================================
----------------- testing Mon Apr 06 13:51:51 UTC 2020 /home/travis/build/icyphy/ptII/ptolemy/actor/lib/test/auto/DisplayArray.xml
----------------- Instantiating /home/travis/build/icyphy/ptII/ptolemy/actor/lib/test/auto/DisplayArray.xml
1 ms. Memory: 468992K Free: 143387K (31%)
----------------- Invoking toplevel() on ptolemy.moml.MoMLSimpleApplication@6466e0fd
----------------- Done invoking toplevel() on ptolemy.moml.MoMLSimpleApplication@6466e0fd
reloadAllAccessors: .DisplayArray

===========================================================================================
----------------- testing Mon Apr 06 13:51:51 UTC 2020 /home/travis/build/icyphy/ptII/ptolemy/actor/lib/test/auto/Distributor.xml
----------------- Instantiating /home/travis/build/icyphy/ptII/ptolemy/actor/lib/test/auto/Distributor.xml
15 ms. Memory: 468992K Free: 415379K (89%)
----------------- Invoking toplevel() on ptolemy.moml.MoMLSimpleApplication@6b88a8f
----------------- Done invoking toplevel() on ptolemy.moml.MoMLSimpleApplication@6b88a8f
reloadAllAccessors: .Distributor

===========================================================================================
----------------- testing Mon Apr 06 13:51:51 UTC 2020 /home/travis/build/icyphy/ptII/ptolemy/actor/lib/test/auto/Distributor2.xml
----------------- Instantiating /home/travis/build/icyphy/ptII/ptolemy/actor/lib/test/auto/Distributor2.xml
1 ms. Memory: 468992K Free: 409745K (87%)
----------------- Invoking toplevel() on ptolemy.moml.MoMLSimpleApplication@310f9ff
----------------- Done invoking toplevel() on ptolemy.moml.MoMLSimpleApplication@310f9ff
reloadAllAccessors: .Distributor2

===========================================================================================
----------------- testing Mon Apr 06 13:51:51 UTC 2020 /home/travis/build/icyphy/ptII/ptolemy/actor/lib/test/auto/DownSample.xml
----------------- Instantiating /home/travis/build/icyphy/ptII/ptolemy/actor/lib/test/auto/DownSample.xml
1 ms. Memory: 468992K Free: 405139K (86%)
----------------- Invoking toplevel() on ptolemy.moml.MoMLSimpleApplication@110d1d79
----------------- Done invoking toplevel() on ptolemy.moml.MoMLSimpleApplication@110d1d79
reloadAllAccessors: .DownSample

===========================================================================================
----------------- testing Mon Apr 06 13:51:51 UTC 2020 /home/travis/build/icyphy/ptII/ptolemy/actor/lib/test/auto/ElectronicUnitBase1.xml
----------------- Instantiating /home/travis/build/icyphy/ptII/ptolemy/actor/lib/test/auto/ElectronicUnitBase1.xml
15 ms. Memory: 468992K Free: 389265K (83%)
----------------- Invoking toplevel() on ptolemy.moml.MoMLSimpleApplication@c4edb03
----------------- Done invoking toplevel() on ptolemy.moml.MoMLSimpleApplication@c4edb03
reloadAllAccessors: .ElectronicUnitBase1

===========================================================================================
----------------- testing Mon Apr 06 13:51:51 UTC 2020 /home/travis/build/icyphy/ptII/ptolemy/actor/lib/test/auto/ElementsToArray.xml
----------------- Instantiating /home/travis/build/icyphy/ptII/ptolemy/actor/lib/test/auto/ElementsToArray.xml
2 ms. Memory: 468992K Free: 384145K (82%)
----------------- Invoking toplevel() on ptolemy.moml.MoMLSimpleApplication@197f2c20
----------------- Done invoking toplevel() on ptolemy.moml.MoMLSimpleApplication@197f2c20
reloadAllAccessors: .ElementsToArray

===========================================================================================
----------------- testing Mon Apr 06 13:51:51 UTC 2020 /home/travis/build/icyphy/ptII/ptolemy/actor/lib/test/auto/Equals.xml
----------------- Instantiating /home/travis/build/icyphy/ptII/ptolemy/actor/lib/test/auto/Equals.xml
1 ms. Memory: 468992K Free: 379539K (81%)
----------------- Invoking toplevel() on ptolemy.moml.MoMLSimpleApplication@2f7a4abd
----------------- Done invoking toplevel() on ptolemy.moml.MoMLSimpleApplication@2f7a4abd
reloadAllAccessors: .Equals

===========================================================================================
----------------- testing Mon Apr 06 13:51:51 UTC 2020 /home/travis/build/icyphy/ptII/ptolemy/actor/lib/test/auto/Exec.xml
----------------- Instantiating /home/travis/build/icyphy/ptII/ptolemy/actor/lib/test/auto/Exec.xml
15 ms. Memory: 468992K Free: 373395K (80%)
----------------- Invoking toplevel() on ptolemy.moml.MoMLSimpleApplication@3f38b232
----------------- Done invoking toplevel() on ptolemy.moml.MoMLSimpleApplication@3f38b232
reloadAllAccessors: .Exec

===========================================================================================
----------------- testing Mon Apr 06 13:51:51 UTC 2020 /home/travis/build/icyphy/ptII/ptolemy/actor/lib/test/auto/ExecEnvironment.xml
----------------- Instantiating /home/travis/build/icyphy/ptII/ptolemy/actor/lib/test/auto/ExecEnvironment.xml
23 ms. Memory: 468992K Free: 368275K (79%)
----------------- Invoking toplevel() on ptolemy.moml.MoMLSimpleApplication@77048898
----------------- Done invoking toplevel() on ptolemy.moml.MoMLSimpleApplication@77048898
reloadAllAccessors: .ExecEnvironment

===========================================================================================
----------------- testing Mon Apr 06 13:51:51 UTC 2020 /home/travis/build/icyphy/ptII/ptolemy/actor/lib/test/auto/ExecNonZeroReturnOutput.xml
----------------- Instantiating /home/travis/build/icyphy/ptII/ptolemy/actor/lib/test/auto/ExecNonZeroReturnOutput.xml
167 ms. Memory: 468992K Free: 356497K (76%)
----------------- Invoking toplevel() on ptolemy.moml.MoMLSimpleApplication@6463c4d5
----------------- Done invoking toplevel() on ptolemy.moml.MoMLSimpleApplication@6463c4d5
reloadAllAccessors: .ExecNonZeroReturnOutput

===========================================================================================
----------------- testing Mon Apr 06 13:51:51 UTC 2020 /home/travis/build/icyphy/ptII/ptolemy/actor/lib/test/auto/ExecRunDemos.xml
----------------- Instantiating /home/travis/build/icyphy/ptII/ptolemy/actor/lib/test/auto/ExecRunDemos.xml
Finished: 69 ms. Memory: 129024K Free: 112464K (87%)

Finished: 68 ms. Memory: 129024K Free: 109398K (85%)

Finished: 74 ms. Memory: 129024K Free: 109589K (85%)

Finished: 70 ms. Memory: 129024K Free: 111121K (86%)

Finished: 63 ms. Memory: 129024K Free: 112084K (87%)

10637 ms. Memory: 468992K Free: 335505K (72%)
----------------- Invoking toplevel() on ptolemy.moml.MoMLSimpleApplication@5ce1c281
----------------- Done invoking toplevel() on ptolemy.moml.MoMLSimpleApplication@5ce1c281
reloadAllAccessors: .ExecRunDemos

===========================================================================================
----------------- testing Mon Apr 06 13:52:02 UTC 2020 /home/travis/build/icyphy/ptII/ptolemy/actor/lib/test/auto/ExecStop.xml
----------------- Instantiating /home/travis/build/icyphy/ptII/ptolemy/actor/lib/test/auto/ExecStop.xml
5017 ms. Memory: 468992K Free: 203411K (43%)
----------------- Invoking toplevel() on ptolemy.moml.MoMLSimpleApplication@24f56ab5
----------------- Done invoking toplevel() on ptolemy.moml.MoMLSimpleApplication@24f56ab5
reloadAllAccessors: .ExecStop

===========================================================================================
----------------- testing Mon Apr 06 13:52:07 UTC 2020 /home/travis/build/icyphy/ptII/ptolemy/actor/lib/test/auto/ExecutionTimeSDF.xml
----------------- Instantiating /home/travis/build/icyphy/ptII/ptolemy/actor/lib/test/auto/ExecutionTimeSDF.xml
Fired ExecutionTime: -641367296
Fired ExecutionTime: 1310400000
Fired ExecutionTime: -206967296
6004 ms. Memory: 468992K Free: 191619K (41%)
----------------- Invoking toplevel() on ptolemy.moml.MoMLSimpleApplication@308899d4
----------------- Done invoking toplevel() on ptolemy.moml.MoMLSimpleApplication@308899d4
reloadAllAccessors: .ExecutionTimeSDF

===========================================================================================
----------------- testing Mon Apr 06 13:52:13 UTC 2020 /home/travis/build/icyphy/ptII/ptolemy/actor/lib/test/auto/Expression1.xml
----------------- Instantiating /home/travis/build/icyphy/ptII/ptolemy/actor/lib/test/auto/Expression1.xml
1 ms. Memory: 468992K Free: 188051K (40%)
----------------- Invoking toplevel() on ptolemy.moml.MoMLSimpleApplication@652fb5e0
----------------- Done invoking toplevel() on ptolemy.moml.MoMLSimpleApplication@652fb5e0
reloadAllAccessors: .Expression1

===========================================================================================
----------------- testing Mon Apr 06 13:52:13 UTC 2020 /home/travis/build/icyphy/ptII/ptolemy/actor/lib/test/auto/Expression10.xml
----------------- Instantiating /home/travis/build/icyphy/ptII/ptolemy/actor/lib/test/auto/Expression10.xml
20 ms. Memory: 468992K Free: 182417K (39%)
----------------- Invoking toplevel() on ptolemy.moml.MoMLSimpleApplication@7891ce4d
----------------- Done invoking toplevel() on ptolemy.moml.MoMLSimpleApplication@7891ce4d
reloadAllAccessors: .Expression10

===========================================================================================
----------------- testing Mon Apr 06 13:52:13 UTC 2020 /home/travis/build/icyphy/ptII/ptolemy/actor/lib/test/auto/Expression11.xml
----------------- Instantiating /home/travis/build/icyphy/ptII/ptolemy/actor/lib/test/auto/Expression11.xml
2 ms. Memory: 468992K Free: 177297K (38%)
----------------- Invoking toplevel() on ptolemy.moml.MoMLSimpleApplication@156a6d1
----------------- Done invoking toplevel() on ptolemy.moml.MoMLSimpleApplication@156a6d1
reloadAllAccessors: .Expression11

===========================================================================================
----------------- testing Mon Apr 06 13:52:13 UTC 2020 /home/travis/build/icyphy/ptII/ptolemy/actor/lib/test/auto/Expression12.xml
----------------- Instantiating /home/travis/build/icyphy/ptII/ptolemy/actor/lib/test/auto/Expression12.xml
3 ms. Memory: 468992K Free: 172177K (37%)
----------------- Invoking toplevel() on ptolemy.moml.MoMLSimpleApplication@57e1d092
----------------- Done invoking toplevel() on ptolemy.moml.MoMLSimpleApplication@57e1d092
reloadAllAccessors: .Expression12

===========================================================================================
----------------- testing Mon Apr 06 13:52:13 UTC 2020 /home/travis/build/icyphy/ptII/ptolemy/actor/lib/test/auto/Expression13.xml
----------------- Instantiating /home/travis/build/icyphy/ptII/ptolemy/actor/lib/test/auto/Expression13.xml
4 ms. Memory: 468992K Free: 167057K (36%)
----------------- Invoking toplevel() on ptolemy.moml.MoMLSimpleApplication@440ba1ac
----------------- Done invoking toplevel() on ptolemy.moml.MoMLSimpleApplication@440ba1ac
reloadAllAccessors: .Expression13

===========================================================================================
----------------- testing Mon Apr 06 13:52:13 UTC 2020 /home/travis/build/icyphy/ptII/ptolemy/actor/lib/test/auto/Expression14.xml
----------------- Instantiating /home/travis/build/icyphy/ptII/ptolemy/actor/lib/test/auto/Expression14.xml
9 ms. Memory: 468992K Free: 160913K (34%)
----------------- Invoking toplevel() on ptolemy.moml.MoMLSimpleApplication@7001a197
----------------- Done invoking toplevel() on ptolemy.moml.MoMLSimpleApplication@7001a197
reloadAllAccessors: .Expression14

===========================================================================================
----------------- testing Mon Apr 06 13:52:13 UTC 2020 /home/travis/build/icyphy/ptII/ptolemy/actor/lib/test/auto/Expression15.xml
----------------- Instantiating /home/travis/build/icyphy/ptII/ptolemy/actor/lib/test/auto/Expression15.xml
1 ms. Memory: 468992K Free: 157331K (34%)
----------------- Invoking toplevel() on ptolemy.moml.MoMLSimpleApplication@6e6a9609
----------------- Done invoking toplevel() on ptolemy.moml.MoMLSimpleApplication@6e6a9609
reloadAllAccessors: .Expression15

===========================================================================================
----------------- testing Mon Apr 06 13:52:13 UTC 2020 /home/travis/build/icyphy/ptII/ptolemy/actor/lib/test/auto/Expression16.xml
----------------- Instantiating /home/travis/build/icyphy/ptII/ptolemy/actor/lib/test/auto/Expression16.xml
4 ms. Memory: 468992K Free: 152211K (32%)
----------------- Invoking toplevel() on ptolemy.moml.MoMLSimpleApplication@7a8d70c0
----------------- Done invoking toplevel() on ptolemy.moml.MoMLSimpleApplication@7a8d70c0
reloadAllAccessors: .Expression16

===========================================================================================
----------------- testing Mon Apr 06 13:52:13 UTC 2020 /home/travis/build/icyphy/ptII/ptolemy/actor/lib/test/auto/Expression17.xml
----------------- Instantiating /home/travis/build/icyphy/ptII/ptolemy/actor/lib/test/auto/Expression17.xml
4 ms. Memory: 468992K Free: 147601K (31%)
----------------- Invoking toplevel() on ptolemy.moml.MoMLSimpleApplication@3421da56
----------------- Done invoking toplevel() on ptolemy.moml.MoMLSimpleApplication@3421da56
reloadAllAccessors: .Expression17

===========================================================================================
----------------- testing Mon Apr 06 13:52:13 UTC 2020 /home/travis/build/icyphy/ptII/ptolemy/actor/lib/test/auto/Expression18.xml
----------------- Instantiating /home/travis/build/icyphy/ptII/ptolemy/actor/lib/test/auto/Expression18.xml
3 ms. Memory: 468992K Free: 142481K (30%)
----------------- Invoking toplevel() on ptolemy.moml.MoMLSimpleApplication@711c0c1f
----------------- Done invoking toplevel() on ptolemy.moml.MoMLSimpleApplication@711c0c1f
reloadAllAccessors: .Expression18

===========================================================================================
----------------- testing Mon Apr 06 13:52:13 UTC 2020 /home/travis/build/icyphy/ptII/ptolemy/actor/lib/test/auto/Expression2.xml
----------------- Instantiating /home/travis/build/icyphy/ptII/ptolemy/actor/lib/test/auto/Expression2.xml
3 ms. Memory: 468992K Free: 414186K (88%)
----------------- Invoking toplevel() on ptolemy.moml.MoMLSimpleApplication@59bd283
----------------- Done invoking toplevel() on ptolemy.moml.MoMLSimpleApplication@59bd283
reloadAllAccessors: .Expression2

===========================================================================================
----------------- testing Mon Apr 06 13:52:13 UTC 2020 /home/travis/build/icyphy/ptII/ptolemy/actor/lib/test/auto/Expression3.xml
----------------- Instantiating /home/travis/build/icyphy/ptII/ptolemy/actor/lib/test/auto/Expression3.xml
6 ms. Memory: 468992K Free: 409080K (87%)
----------------- Invoking toplevel() on ptolemy.moml.MoMLSimpleApplication@63d03b08
----------------- Done invoking toplevel() on ptolemy.moml.MoMLSimpleApplication@63d03b08
reloadAllAccessors: .Expression3

===========================================================================================
----------------- testing Mon Apr 06 13:52:13 UTC 2020 /home/travis/build/icyphy/ptII/ptolemy/actor/lib/test/auto/Expression4.xml
----------------- Instantiating /home/travis/build/icyphy/ptII/ptolemy/actor/lib/test/auto/Expression4.xml
5 ms. Memory: 468992K Free: 401402K (86%)
----------------- Invoking toplevel() on ptolemy.moml.MoMLSimpleApplication@dff8807
----------------- Done invoking toplevel() on ptolemy.moml.MoMLSimpleApplication@dff8807
reloadAllAccessors: .Expression4

===========================================================================================
----------------- testing Mon Apr 06 13:52:13 UTC 2020 /home/travis/build/icyphy/ptII/ptolemy/actor/lib/test/auto/Expression5.xml
----------------- Instantiating /home/travis/build/icyphy/ptII/ptolemy/actor/lib/test/auto/Expression5.xml
3 ms. Memory: 468992K Free: 396282K (84%)
----------------- Invoking toplevel() on ptolemy.moml.MoMLSimpleApplication@8a3cdef
----------------- Done invoking toplevel() on ptolemy.moml.MoMLSimpleApplication@8a3cdef
reloadAllAccessors: .Expression5

===========================================================================================
----------------- testing Mon Apr 06 13:52:13 UTC 2020 /home/travis/build/icyphy/ptII/ptolemy/actor/lib/test/auto/Expression6.xml
----------------- Instantiating /home/travis/build/icyphy/ptII/ptolemy/actor/lib/test/auto/Expression6.xml
2 ms. Memory: 468992K Free: 391672K (84%)
----------------- Invoking toplevel() on ptolemy.moml.MoMLSimpleApplication@4f15731e
----------------- Done invoking toplevel() on ptolemy.moml.MoMLSimpleApplication@4f15731e
reloadAllAccessors: .Expression6

===========================================================================================
----------------- testing Mon Apr 06 13:52:13 UTC 2020 /home/travis/build/icyphy/ptII/ptolemy/actor/lib/test/auto/Expression7.xml
----------------- Instantiating /home/travis/build/icyphy/ptII/ptolemy/actor/lib/test/auto/Expression7.xml
9 ms. Memory: 468992K Free: 386549K (82%)
----------------- Invoking toplevel() on ptolemy.moml.MoMLSimpleApplication@4ee9d4d6
----------------- Done invoking toplevel() on ptolemy.moml.MoMLSimpleApplication@4ee9d4d6
reloadAllAccessors: .Expression7

===========================================================================================
----------------- testing Mon Apr 06 13:52:13 UTC 2020 /home/travis/build/icyphy/ptII/ptolemy/actor/lib/test/auto/Expression8.xml
----------------- Instantiating /home/travis/build/icyphy/ptII/ptolemy/actor/lib/test/auto/Expression8.xml
9 ms. Memory: 468992K Free: 381946K (81%)
----------------- Invoking toplevel() on ptolemy.moml.MoMLSimpleApplication@6fcb2515
----------------- Done invoking toplevel() on ptolemy.moml.MoMLSimpleApplication@6fcb2515
reloadAllAccessors: .Expression8

===========================================================================================
----------------- testing Mon Apr 06 13:52:13 UTC 2020 /home/travis/build/icyphy/ptII/ptolemy/actor/lib/test/auto/Expression9.xml
----------------- Instantiating /home/travis/build/icyphy/ptII/ptolemy/actor/lib/test/auto/Expression9.xml
1 ms. Memory: 468992K Free: 377850K (81%)
----------------- Invoking toplevel() on ptolemy.moml.MoMLSimpleApplication@4ce0afdb
----------------- Done invoking toplevel() on ptolemy.moml.MoMLSimpleApplication@4ce0afdb
reloadAllAccessors: .Expression9

===========================================================================================
----------------- testing Mon Apr 06 13:52:13 UTC 2020 /home/travis/build/icyphy/ptII/ptolemy/actor/lib/test/auto/ExpressionConcatenateArrayType.xml
----------------- Instantiating /home/travis/build/icyphy/ptII/ptolemy/actor/lib/test/auto/ExpressionConcatenateArrayType.xml
3 ms. Memory: 468992K Free: 371192K (79%)
----------------- Invoking toplevel() on ptolemy.moml.MoMLSimpleApplication@403ff363
----------------- Done invoking toplevel() on ptolemy.moml.MoMLSimpleApplication@403ff363
reloadAllAccessors: .ExpressionConcatenateArrayType

===========================================================================================
----------------- testing Mon Apr 06 13:52:13 UTC 2020 /home/travis/build/icyphy/ptII/ptolemy/actor/lib/test/auto/ExpressionConcatenateArrayType2.xml
----------------- Instantiating /home/travis/build/icyphy/ptII/ptolemy/actor/lib/test/auto/ExpressionConcatenateArrayType2.xml
2 ms. Memory: 468992K Free: 365048K (78%)
----------------- Invoking toplevel() on ptolemy.moml.MoMLSimpleApplication@4c81476c
----------------- Done invoking toplevel() on ptolemy.moml.MoMLSimpleApplication@4c81476c
reloadAllAccessors: .ExpressionConcatenateArrayType2

===========================================================================================
----------------- testing Mon Apr 06 13:52:13 UTC 2020 /home/travis/build/icyphy/ptII/ptolemy/actor/lib/test/auto/ExpressionFix.xml
----------------- Instantiating /home/travis/build/icyphy/ptII/ptolemy/actor/lib/test/auto/ExpressionFix.xml
20 ms. Memory: 468992K Free: 358394K (76%)
----------------- Invoking toplevel() on ptolemy.moml.MoMLSimpleApplication@746b0e07
----------------- Done invoking toplevel() on ptolemy.moml.MoMLSimpleApplication@746b0e07
reloadAllAccessors: .ExpressionFix

===========================================================================================
----------------- testing Mon Apr 06 13:52:13 UTC 2020 /home/travis/build/icyphy/ptII/ptolemy/actor/lib/test/auto/ExpressionFix2.xml
----------------- Instantiating /home/travis/build/icyphy/ptII/ptolemy/actor/lib/test/auto/ExpressionFix2.xml
3 ms. Memory: 468992K Free: 354808K (76%)
----------------- Invoking toplevel() on ptolemy.moml.MoMLSimpleApplication@68b6b14f
----------------- Done invoking toplevel() on ptolemy.moml.MoMLSimpleApplication@68b6b14f
reloadAllAccessors: .ExpressionFix2

===========================================================================================
----------------- testing Mon Apr 06 13:52:13 UTC 2020 /home/travis/build/icyphy/ptII/ptolemy/actor/lib/test/auto/ExpressionFix3.xml
----------------- Instantiating /home/travis/build/icyphy/ptII/ptolemy/actor/lib/test/auto/ExpressionFix3.xml
3 ms. Memory: 468992K Free: 350202K (75%)
----------------- Invoking toplevel() on ptolemy.moml.MoMLSimpleApplication@372eb656
----------------- Done invoking toplevel() on ptolemy.moml.MoMLSimpleApplication@372eb656
reloadAllAccessors: .ExpressionFix3

===========================================================================================
----------------- testing Mon Apr 06 13:52:13 UTC 2020 /home/travis/build/icyphy/ptII/ptolemy/actor/lib/test/auto/FileWriter1.xml
----------------- Instantiating /home/travis/build/icyphy/ptII/ptolemy/actor/lib/test/auto/FileWriter1.xml
2 ms. Memory: 468992K Free: 346106K (74%)
----------------- Invoking toplevel() on ptolemy.moml.MoMLSimpleApplication@608064a0
----------------- Done invoking toplevel() on ptolemy.moml.MoMLSimpleApplication@608064a0
reloadAllAccessors: .FileWriter1

===========================================================================================
----------------- testing Mon Apr 06 13:52:13 UTC 2020 /home/travis/build/icyphy/ptII/ptolemy/actor/lib/test/auto/FileWriter2.xml
----------------- Instantiating /home/travis/build/icyphy/ptII/ptolemy/actor/lib/test/auto/FileWriter2.xml
2 ms. Memory: 468992K Free: 341482K (73%)
----------------- Invoking toplevel() on ptolemy.moml.MoMLSimpleApplication@46dda807
----------------- Done invoking toplevel() on ptolemy.moml.MoMLSimpleApplication@46dda807
reloadAllAccessors: .FileWriter2

===========================================================================================
----------------- testing Mon Apr 06 13:52:13 UTC 2020 /home/travis/build/icyphy/ptII/ptolemy/actor/lib/test/auto/FileWriter3.xml
----------------- Instantiating /home/travis/build/icyphy/ptII/ptolemy/actor/lib/test/auto/FileWriter3.xml
4 ms. Memory: 468992K Free: 337400K (72%)
----------------- Invoking toplevel() on ptolemy.moml.MoMLSimpleApplication@6918f1ea
----------------- Done invoking toplevel() on ptolemy.moml.MoMLSimpleApplication@6918f1ea
reloadAllAccessors: .FileWriter3

===========================================================================================
----------------- testing Mon Apr 06 13:52:13 UTC 2020 /home/travis/build/icyphy/ptII/ptolemy/actor/lib/test/auto/Gaussian.xml
----------------- Instantiating /home/travis/build/icyphy/ptII/ptolemy/actor/lib/test/auto/Gaussian.xml
4 ms. Memory: 468992K Free: 332794K (71%)
----------------- Invoking toplevel() on ptolemy.moml.MoMLSimpleApplication@3a795192
----------------- Done invoking toplevel() on ptolemy.moml.MoMLSimpleApplication@3a795192
reloadAllAccessors: .Gaussian

===========================================================================================
----------------- testing Mon Apr 06 13:52:13 UTC 2020 /home/travis/build/icyphy/ptII/ptolemy/actor/lib/test/auto/Gaussian1.xml
----------------- Instantiating /home/travis/build/icyphy/ptII/ptolemy/actor/lib/test/auto/Gaussian1.xml
2 ms. Memory: 468992K Free: 327130K (70%)
----------------- Invoking toplevel() on ptolemy.moml.MoMLSimpleApplication@622c8c72
----------------- Done invoking toplevel() on ptolemy.moml.MoMLSimpleApplication@622c8c72
reloadAllAccessors: .Gaussian1

===========================================================================================
----------------- testing Mon Apr 06 13:52:14 UTC 2020 /home/travis/build/icyphy/ptII/ptolemy/actor/lib/test/auto/Gaussian2.xml
----------------- Instantiating /home/travis/build/icyphy/ptII/ptolemy/actor/lib/test/auto/Gaussian2.xml
12 ms. Memory: 468992K Free: 322026K (69%)
----------------- Invoking toplevel() on ptolemy.moml.MoMLSimpleApplication@707b8991
----------------- Done invoking toplevel() on ptolemy.moml.MoMLSimpleApplication@707b8991
reloadAllAccessors: .Gaussian2

===========================================================================================
----------------- testing Mon Apr 06 13:52:14 UTC 2020 /home/travis/build/icyphy/ptII/ptolemy/actor/lib/test/auto/GradientAdaptiveLattice.xml
----------------- Instantiating /home/travis/build/icyphy/ptII/ptolemy/actor/lib/test/auto/GradientAdaptiveLattice.xml
3 ms. Memory: 468992K Free: 316920K (68%)
----------------- Invoking toplevel() on ptolemy.moml.MoMLSimpleApplication@11c647ed
----------------- Done invoking toplevel() on ptolemy.moml.MoMLSimpleApplication@11c647ed
reloadAllAccessors: .GradientAdaptiveLattice

===========================================================================================
----------------- testing Mon Apr 06 13:52:14 UTC 2020 /home/travis/build/icyphy/ptII/ptolemy/actor/lib/test/auto/IIR.xml
----------------- Instantiating /home/travis/build/icyphy/ptII/ptolemy/actor/lib/test/auto/IIR.xml
1 ms. Memory: 468992K Free: 312314K (67%)
----------------- Invoking toplevel() on ptolemy.moml.MoMLSimpleApplication@2d828d6a
----------------- Done invoking toplevel() on ptolemy.moml.MoMLSimpleApplication@2d828d6a
reloadAllAccessors: .IIR

===========================================================================================
----------------- testing Mon Apr 06 13:52:14 UTC 2020 /home/travis/build/icyphy/ptII/ptolemy/actor/lib/test/auto/InputOutputTransparentPorts.xml
----------------- Instantiating /home/travis/build/icyphy/ptII/ptolemy/actor/lib/test/auto/InputOutputTransparentPorts.xml
2 ms. Memory: 468992K Free: 304632K (65%)
----------------- Invoking toplevel() on ptolemy.moml.MoMLSimpleApplication@58b8f47d
----------------- Done invoking toplevel() on ptolemy.moml.MoMLSimpleApplication@58b8f47d
reloadAllAccessors: .InputOutputTransparentPorts

===========================================================================================
----------------- testing Mon Apr 06 13:52:14 UTC 2020 /home/travis/build/icyphy/ptII/ptolemy/actor/lib/test/auto/Interpolator.xml
----------------- Instantiating /home/travis/build/icyphy/ptII/ptolemy/actor/lib/test/auto/Interpolator.xml
3 ms. Memory: 468992K Free: 300522K (64%)
----------------- Invoking toplevel() on ptolemy.moml.MoMLSimpleApplication@33844fce
----------------- Done invoking toplevel() on ptolemy.moml.MoMLSimpleApplication@33844fce
reloadAllAccessors: .Interpolator

===========================================================================================
----------------- testing Mon Apr 06 13:52:14 UTC 2020 /home/travis/build/icyphy/ptII/ptolemy/actor/lib/test/auto/InterpolatorFiringLimitDE.xml
----------------- Instantiating /home/travis/build/icyphy/ptII/ptolemy/actor/lib/test/auto/InterpolatorFiringLimitDE.xml
2 ms. Memory: 468992K Free: 293368K (63%)
----------------- Invoking toplevel() on ptolemy.moml.MoMLSimpleApplication@50bacbcc
----------------- Done invoking toplevel() on ptolemy.moml.MoMLSimpleApplication@50bacbcc
reloadAllAccessors: .InterpolatorFiringLimitDE

===========================================================================================
----------------- testing Mon Apr 06 13:52:14 UTC 2020 /home/travis/build/icyphy/ptII/ptolemy/actor/lib/test/auto/Lattice.xml
----------------- Instantiating /home/travis/build/icyphy/ptII/ptolemy/actor/lib/test/auto/Lattice.xml
1 ms. Memory: 468992K Free: 289272K (62%)
----------------- Invoking toplevel() on ptolemy.moml.MoMLSimpleApplication@5c2d4306
----------------- Done invoking toplevel() on ptolemy.moml.MoMLSimpleApplication@5c2d4306
reloadAllAccessors: .Lattice

===========================================================================================
----------------- testing Mon Apr 06 13:52:14 UTC 2020 /home/travis/build/icyphy/ptII/ptolemy/actor/lib/test/auto/LazyAOCTestLazy.xml
----------------- Instantiating /home/travis/build/icyphy/ptII/ptolemy/actor/lib/test/auto/LazyAOCTestLazy.xml
27 ms. Memory: 468992K Free: 283642K (60%)
----------------- Invoking toplevel() on ptolemy.moml.MoMLSimpleApplication@207fc1c8
----------------- Done invoking toplevel() on ptolemy.moml.MoMLSimpleApplication@207fc1c8
reloadAllAccessors: .LazyAOCTestLazy

===========================================================================================
----------------- testing Mon Apr 06 13:52:14 UTC 2020 /home/travis/build/icyphy/ptII/ptolemy/actor/lib/test/auto/LazyAOCTestNonLazy.xml
----------------- Instantiating /home/travis/build/icyphy/ptII/ptolemy/actor/lib/test/auto/LazyAOCTestNonLazy.xml
2 ms. Memory: 468992K Free: 276984K (59%)
----------------- Invoking toplevel() on ptolemy.moml.MoMLSimpleApplication@79e123f5
----------------- Done invoking toplevel() on ptolemy.moml.MoMLSimpleApplication@79e123f5
reloadAllAccessors: .LazyAOCTestNonLazy

===========================================================================================
----------------- testing Mon Apr 06 13:52:14 UTC 2020 /home/travis/build/icyphy/ptII/ptolemy/actor/lib/test/auto/LazyInnerClass.xml
----------------- Instantiating /home/travis/build/icyphy/ptII/ptolemy/actor/lib/test/auto/LazyInnerClass.xml
15 ms. Memory: 468992K Free: 268282K (57%)
----------------- Invoking toplevel() on ptolemy.moml.MoMLSimpleApplication@2c5ad870
----------------- Done invoking toplevel() on ptolemy.moml.MoMLSimpleApplication@2c5ad870
reloadAllAccessors: .LazyInnerClass

===========================================================================================
----------------- testing Mon Apr 06 13:52:14 UTC 2020 /home/travis/build/icyphy/ptII/ptolemy/actor/lib/test/auto/LazyPubSub.xml
----------------- Instantiating /home/travis/build/icyphy/ptII/ptolemy/actor/lib/test/auto/LazyPubSub.xml
16 ms. Memory: 468992K Free: 257528K (55%)
----------------- Invoking toplevel() on ptolemy.moml.MoMLSimpleApplication@550ad260
----------------- Done invoking toplevel() on ptolemy.moml.MoMLSimpleApplication@550ad260
reloadAllAccessors: .LazyPubSub

===========================================================================================
----------------- testing Mon Apr 06 13:52:14 UTC 2020 /home/travis/build/icyphy/ptII/ptolemy/actor/lib/test/auto/LazyPubSub2.xml
----------------- Instantiating /home/travis/build/icyphy/ptII/ptolemy/actor/lib/test/auto/LazyPubSub2.xml
22 ms. Memory: 468992K Free: 246778K (53%)
----------------- Invoking toplevel() on ptolemy.moml.MoMLSimpleApplication@57e49ca9
----------------- Done invoking toplevel() on ptolemy.moml.MoMLSimpleApplication@57e49ca9
reloadAllAccessors: .LazyPubSub2

===========================================================================================
----------------- testing Mon Apr 06 13:52:14 UTC 2020 /home/travis/build/icyphy/ptII/ptolemy/actor/lib/test/auto/LazyPubSub3.xml
----------------- Instantiating /home/travis/build/icyphy/ptII/ptolemy/actor/lib/test/auto/LazyPubSub3.xml
19 ms. Memory: 468992K Free: 236538K (50%)
----------------- Invoking toplevel() on ptolemy.moml.MoMLSimpleApplication@5f0ae819
----------------- Done invoking toplevel() on ptolemy.moml.MoMLSimpleApplication@5f0ae819
reloadAllAccessors: .LazyPubSub3

===========================================================================================
----------------- testing Mon Apr 06 13:52:14 UTC 2020 /home/travis/build/icyphy/ptII/ptolemy/actor/lib/test/auto/LazySubClassModel.xml
----------------- Instantiating /home/travis/build/icyphy/ptII/ptolemy/actor/lib/test/auto/LazySubClassModel.xml
2 ms. Memory: 468992K Free: 227322K (48%)
----------------- Invoking toplevel() on ptolemy.moml.MoMLSimpleApplication@635143ef
----------------- Done invoking toplevel() on ptolemy.moml.MoMLSimpleApplication@635143ef
reloadAllAccessors: .LazySubClassModel

===========================================================================================
----------------- testing Mon Apr 06 13:52:14 UTC 2020 /home/travis/build/icyphy/ptII/ptolemy/actor/lib/test/auto/LevelCrossTest1.xml
----------------- Instantiating /home/travis/build/icyphy/ptII/ptolemy/actor/lib/test/auto/LevelCrossTest1.xml
2 ms. Memory: 468992K Free: 221688K (47%)
----------------- Invoking toplevel() on ptolemy.moml.MoMLSimpleApplication@569d8169
----------------- Done invoking toplevel() on ptolemy.moml.MoMLSimpleApplication@569d8169
reloadAllAccessors: .broken

===========================================================================================
----------------- testing Mon Apr 06 13:52:14 UTC 2020 /home/travis/build/icyphy/ptII/ptolemy/actor/lib/test/auto/LevelCrossTest10.xml
----------------- Instantiating /home/travis/build/icyphy/ptII/ptolemy/actor/lib/test/auto/LevelCrossTest10.xml
2 ms. Memory: 468992K Free: 213496K (46%)
----------------- Invoking toplevel() on ptolemy.moml.MoMLSimpleApplication@465fdc03
----------------- Done invoking toplevel() on ptolemy.moml.MoMLSimpleApplication@465fdc03
reloadAllAccessors: .LevelCrossTest10

===========================================================================================
----------------- testing Mon Apr 06 13:52:14 UTC 2020 /home/travis/build/icyphy/ptII/ptolemy/actor/lib/test/auto/LevelCrossTest11.xml
----------------- Instantiating /home/travis/build/icyphy/ptII/ptolemy/actor/lib/test/auto/LevelCrossTest11.xml
1 ms. Memory: 468992K Free: 206842K (44%)
----------------- Invoking toplevel() on ptolemy.moml.MoMLSimpleApplication@358af761
----------------- Done invoking toplevel() on ptolemy.moml.MoMLSimpleApplication@358af761
reloadAllAccessors: .LevelCrossTest11

===========================================================================================
----------------- testing Mon Apr 06 13:52:14 UTC 2020 /home/travis/build/icyphy/ptII/ptolemy/actor/lib/test/auto/LevelCrossTest12.xml
----------------- Instantiating /home/travis/build/icyphy/ptII/ptolemy/actor/lib/test/auto/LevelCrossTest12.xml
2 ms. Memory: 468992K Free: 199674K (43%)
----------------- Invoking toplevel() on ptolemy.moml.MoMLSimpleApplication@6adc5cf8
----------------- Done invoking toplevel() on ptolemy.moml.MoMLSimpleApplication@6adc5cf8
reloadAllAccessors: .LevelCrossTest12

===========================================================================================
----------------- testing Mon Apr 06 13:52:14 UTC 2020 /home/travis/build/icyphy/ptII/ptolemy/actor/lib/test/auto/LevelCrossTest13.xml
----------------- Instantiating /home/travis/build/icyphy/ptII/ptolemy/actor/lib/test/auto/LevelCrossTest13.xml
4 ms. Memory: 468992K Free: 191992K (41%)
----------------- Invoking toplevel() on ptolemy.moml.MoMLSimpleApplication@1fb34a72
----------------- Done invoking toplevel() on ptolemy.moml.MoMLSimpleApplication@1fb34a72
reloadAllAccessors: .LevelCrossTest13

===========================================================================================
----------------- testing Mon Apr 06 13:52:14 UTC 2020 /home/travis/build/icyphy/ptII/ptolemy/actor/lib/test/auto/LevelCrossTest2.xml
----------------- Instantiating /home/travis/build/icyphy/ptII/ptolemy/actor/lib/test/auto/LevelCrossTest2.xml
1 ms. Memory: 468992K Free: 185848K (40%)
----------------- Invoking toplevel() on ptolemy.moml.MoMLSimpleApplication@42afebc6
----------------- Done invoking toplevel() on ptolemy.moml.MoMLSimpleApplication@42afebc6
reloadAllAccessors: .broken

===========================================================================================
----------------- testing Mon Apr 06 13:52:14 UTC 2020 /home/travis/build/icyphy/ptII/ptolemy/actor/lib/test/auto/LevelCrossTest3.xml
----------------- Instantiating /home/travis/build/icyphy/ptII/ptolemy/actor/lib/test/auto/LevelCrossTest3.xml
1 ms. Memory: 468992K Free: 179704K (38%)
----------------- Invoking toplevel() on ptolemy.moml.MoMLSimpleApplication@5622da24
----------------- Done invoking toplevel() on ptolemy.moml.MoMLSimpleApplication@5622da24
reloadAllAccessors: .LevelCrossTest3

===========================================================================================
----------------- testing Mon Apr 06 13:52:14 UTC 2020 /home/travis/build/icyphy/ptII/ptolemy/actor/lib/test/auto/LevelCrossTest4.xml
----------------- Instantiating /home/travis/build/icyphy/ptII/ptolemy/actor/lib/test/auto/LevelCrossTest4.xml
1 ms. Memory: 468992K Free: 174570K (37%)
----------------- Invoking toplevel() on ptolemy.moml.MoMLSimpleApplication@6fefabaf
----------------- Done invoking toplevel() on ptolemy.moml.MoMLSimpleApplication@6fefabaf
reloadAllAccessors: .broken

===========================================================================================
----------------- testing Mon Apr 06 13:52:14 UTC 2020 /home/travis/build/icyphy/ptII/ptolemy/actor/lib/test/auto/LevelCrossTest5.xml
----------------- Instantiating /home/travis/build/icyphy/ptII/ptolemy/actor/lib/test/auto/LevelCrossTest5.xml
1 ms. Memory: 468992K Free: 167930K (36%)
----------------- Invoking toplevel() on ptolemy.moml.MoMLSimpleApplication@34878d29
----------------- Done invoking toplevel() on ptolemy.moml.MoMLSimpleApplication@34878d29
reloadAllAccessors: .LevelCrossTest5

===========================================================================================
----------------- testing Mon Apr 06 13:52:14 UTC 2020 /home/travis/build/icyphy/ptII/ptolemy/actor/lib/test/auto/LevelCrossTest6.xml
----------------- Instantiating /home/travis/build/icyphy/ptII/ptolemy/actor/lib/test/auto/LevelCrossTest6.xml
1 ms. Memory: 468992K Free: 161272K (34%)
----------------- Invoking toplevel() on ptolemy.moml.MoMLSimpleApplication@39a77feb
----------------- Done invoking toplevel() on ptolemy.moml.MoMLSimpleApplication@39a77feb
reloadAllAccessors: .LevelCrossTest6

===========================================================================================
----------------- testing Mon Apr 06 13:52:14 UTC 2020 /home/travis/build/icyphy/ptII/ptolemy/actor/lib/test/auto/LevelCrossTest7.xml
----------------- Instantiating /home/travis/build/icyphy/ptII/ptolemy/actor/lib/test/auto/LevelCrossTest7.xml
1 ms. Memory: 468992K Free: 153594K (33%)
----------------- Invoking toplevel() on ptolemy.moml.MoMLSimpleApplication@2824f0
----------------- Done invoking toplevel() on ptolemy.moml.MoMLSimpleApplication@2824f0
reloadAllAccessors: .LevelCrossTest7

===========================================================================================
----------------- testing Mon Apr 06 13:52:14 UTC 2020 /home/travis/build/icyphy/ptII/ptolemy/actor/lib/test/auto/LevelCrossTest8.xml
----------------- Instantiating /home/travis/build/icyphy/ptII/ptolemy/actor/lib/test/auto/LevelCrossTest8.xml
1 ms. Memory: 468992K Free: 146936K (31%)
----------------- Invoking toplevel() on ptolemy.moml.MoMLSimpleApplication@19d7fde9
----------------- Done invoking toplevel() on ptolemy.moml.MoMLSimpleApplication@19d7fde9
reloadAllAccessors: .LevelCrossTest8

===========================================================================================
----------------- testing Mon Apr 06 13:52:14 UTC 2020 /home/travis/build/icyphy/ptII/ptolemy/actor/lib/test/auto/LevelCrossTest9.xml
----------------- Instantiating /home/travis/build/icyphy/ptII/ptolemy/actor/lib/test/auto/LevelCrossTest9.xml
1 ms. Memory: 468992K Free: 140282K (30%)
----------------- Invoking toplevel() on ptolemy.moml.MoMLSimpleApplication@3a401da1
----------------- Done invoking toplevel() on ptolemy.moml.MoMLSimpleApplication@3a401da1
reloadAllAccessors: .LevelCrossTest9

===========================================================================================
----------------- testing Mon Apr 06 13:52:14 UTC 2020 /home/travis/build/icyphy/ptII/ptolemy/actor/lib/test/auto/LevinsonDurbin.xml
----------------- Instantiating /home/travis/build/icyphy/ptII/ptolemy/actor/lib/test/auto/LevinsonDurbin.xml
1 ms. Memory: 468992K Free: 413122K (88%)
----------------- Invoking toplevel() on ptolemy.moml.MoMLSimpleApplication@79a9e392
----------------- Done invoking toplevel() on ptolemy.moml.MoMLSimpleApplication@79a9e392
reloadAllAccessors: .LevinsonDurbin

===========================================================================================
----------------- testing Mon Apr 06 13:52:14 UTC 2020 /home/travis/build/icyphy/ptII/ptolemy/actor/lib/test/auto/LevinsonDurbin2.xml
----------------- Instantiating /home/travis/build/icyphy/ptII/ptolemy/actor/lib/test/auto/LevinsonDurbin2.xml
1 ms. Memory: 468992K Free: 409026K (87%)
----------------- Invoking toplevel() on ptolemy.moml.MoMLSimpleApplication@3c6ff51d
----------------- Done invoking toplevel() on ptolemy.moml.MoMLSimpleApplication@3c6ff51d
reloadAllAccessors: .LevinsonDurbin2

===========================================================================================
----------------- testing Mon Apr 06 13:52:14 UTC 2020 /home/travis/build/icyphy/ptII/ptolemy/actor/lib/test/auto/LevinsonDurbin3.xml
----------------- Instantiating /home/travis/build/icyphy/ptII/ptolemy/actor/lib/test/auto/LevinsonDurbin3.xml
1 ms. Memory: 468992K Free: 404930K (86%)
----------------- Invoking toplevel() on ptolemy.moml.MoMLSimpleApplication@6c366aa9
----------------- Done invoking toplevel() on ptolemy.moml.MoMLSimpleApplication@6c366aa9
reloadAllAccessors: .LevinsonDurbin3

===========================================================================================
----------------- testing Mon Apr 06 13:52:14 UTC 2020 /home/travis/build/icyphy/ptII/ptolemy/actor/lib/test/auto/Limiter.xml
----------------- Instantiating /home/travis/build/icyphy/ptII/ptolemy/actor/lib/test/auto/Limiter.xml
4 ms. Memory: 468992K Free: 395700K (84%)
----------------- Invoking toplevel() on ptolemy.moml.MoMLSimpleApplication@7020b83c
----------------- Done invoking toplevel() on ptolemy.moml.MoMLSimpleApplication@7020b83c
reloadAllAccessors: .Limiter

===========================================================================================
----------------- testing Mon Apr 06 13:52:14 UTC 2020 /home/travis/build/icyphy/ptII/ptolemy/actor/lib/test/auto/LinearDifferenceEquationSystem.xml
----------------- Instantiating /home/travis/build/icyphy/ptII/ptolemy/actor/lib/test/auto/LinearDifferenceEquationSystem.xml
3 ms. Memory: 468992K Free: 388546K (83%)
----------------- Invoking toplevel() on ptolemy.moml.MoMLSimpleApplication@2385544b
----------------- Done invoking toplevel() on ptolemy.moml.MoMLSimpleApplication@2385544b
reloadAllAccessors: .LinearDifferenceEquationSystem

===========================================================================================
----------------- testing Mon Apr 06 13:52:14 UTC 2020 /home/travis/build/icyphy/ptII/ptolemy/actor/lib/test/auto/LookupTable.xml
----------------- Instantiating /home/travis/build/icyphy/ptII/ptolemy/actor/lib/test/auto/LookupTable.xml
2 ms. Memory: 468992K Free: 383940K (82%)
----------------- Invoking toplevel() on ptolemy.moml.MoMLSimpleApplication@386fd53a
----------------- Done invoking toplevel() on ptolemy.moml.MoMLSimpleApplication@386fd53a
reloadAllAccessors: .LookupTable

===========================================================================================
----------------- testing Mon Apr 06 13:52:14 UTC 2020 /home/travis/build/icyphy/ptII/ptolemy/actor/lib/test/auto/MathFunction.xml
----------------- Instantiating /home/travis/build/icyphy/ptII/ptolemy/actor/lib/test/auto/MathFunction.xml
16 ms. Memory: 468992K Free: 375748K (80%)
----------------- Invoking toplevel() on ptolemy.moml.MoMLSimpleApplication@72495610
----------------- Done invoking toplevel() on ptolemy.moml.MoMLSimpleApplication@72495610
reloadAllAccessors: .MathFunction

===========================================================================================
----------------- testing Mon Apr 06 13:52:14 UTC 2020 /home/travis/build/icyphy/ptII/ptolemy/actor/lib/test/auto/MathFunction2.xml
----------------- Instantiating /home/travis/build/icyphy/ptII/ptolemy/actor/lib/test/auto/MathFunction2.xml
5 ms. Memory: 468992K Free: 371652K (79%)
----------------- Invoking toplevel() on ptolemy.moml.MoMLSimpleApplication@435038f5
----------------- Done invoking toplevel() on ptolemy.moml.MoMLSimpleApplication@435038f5
reloadAllAccessors: .MathFunction2

===========================================================================================
----------------- testing Mon Apr 06 13:52:14 UTC 2020 /home/travis/build/icyphy/ptII/ptolemy/actor/lib/test/auto/MathFunction3.xml
----------------- Instantiating /home/travis/build/icyphy/ptII/ptolemy/actor/lib/test/auto/MathFunction3.xml
2 ms. Memory: 468992K Free: 364484K (78%)
----------------- Invoking toplevel() on ptolemy.moml.MoMLSimpleApplication@58e2534
----------------- Done invoking toplevel() on ptolemy.moml.MoMLSimpleApplication@58e2534
reloadAllAccessors: .MathFunction3

===========================================================================================
----------------- testing Mon Apr 06 13:52:14 UTC 2020 /home/travis/build/icyphy/ptII/ptolemy/actor/lib/test/auto/MatrixCropBoolean.xml
----------------- Instantiating /home/travis/build/icyphy/ptII/ptolemy/actor/lib/test/auto/MatrixCropBoolean.xml
3 ms. Memory: 468992K Free: 359364K (77%)
----------------- Invoking toplevel() on ptolemy.moml.MoMLSimpleApplication@5bcb21a
----------------- Done invoking toplevel() on ptolemy.moml.MoMLSimpleApplication@5bcb21a
reloadAllAccessors: .MatrixCropBoolean

===========================================================================================
----------------- testing Mon Apr 06 13:52:14 UTC 2020 /home/travis/build/icyphy/ptII/ptolemy/actor/lib/test/auto/MatrixCropComplex.xml
----------------- Instantiating /home/travis/build/icyphy/ptII/ptolemy/actor/lib/test/auto/MatrixCropComplex.xml
2 ms. Memory: 468992K Free: 354244K (76%)
----------------- Invoking toplevel() on ptolemy.moml.MoMLSimpleApplication@58df4dcf
----------------- Done invoking toplevel() on ptolemy.moml.MoMLSimpleApplication@58df4dcf
reloadAllAccessors: .MatrixCropComplex

===========================================================================================
----------------- testing Mon Apr 06 13:52:14 UTC 2020 /home/travis/build/icyphy/ptII/ptolemy/actor/lib/test/auto/MatrixCropDouble.xml
----------------- Instantiating /home/travis/build/icyphy/ptII/ptolemy/actor/lib/test/auto/MatrixCropDouble.xml
3 ms. Memory: 468992K Free: 349124K (74%)
----------------- Invoking toplevel() on ptolemy.moml.MoMLSimpleApplication@3dfdc16a
----------------- Done invoking toplevel() on ptolemy.moml.MoMLSimpleApplication@3dfdc16a
reloadAllAccessors: .MatrixCropDouble

===========================================================================================
----------------- testing Mon Apr 06 13:52:14 UTC 2020 /home/travis/build/icyphy/ptII/ptolemy/actor/lib/test/auto/MatrixCropFix.xml
----------------- Instantiating /home/travis/build/icyphy/ptII/ptolemy/actor/lib/test/auto/MatrixCropFix.xml
3 ms. Memory: 468992K Free: 344004K (73%)
----------------- Invoking toplevel() on ptolemy.moml.MoMLSimpleApplication@1cd27b16
----------------- Done invoking toplevel() on ptolemy.moml.MoMLSimpleApplication@1cd27b16
reloadAllAccessors: .MatrixCropFix

===========================================================================================
----------------- testing Mon Apr 06 13:52:14 UTC 2020 /home/travis/build/icyphy/ptII/ptolemy/actor/lib/test/auto/MatrixCropInt.xml
----------------- Instantiating /home/travis/build/icyphy/ptII/ptolemy/actor/lib/test/auto/MatrixCropInt.xml
2 ms. Memory: 468992K Free: 338884K (72%)
----------------- Invoking toplevel() on ptolemy.moml.MoMLSimpleApplication@7c3c8344
----------------- Done invoking toplevel() on ptolemy.moml.MoMLSimpleApplication@7c3c8344
reloadAllAccessors: .MatrixCropInt

===========================================================================================
----------------- testing Mon Apr 06 13:52:14 UTC 2020 /home/travis/build/icyphy/ptII/ptolemy/actor/lib/test/auto/MatrixCropLong.xml
----------------- Instantiating /home/travis/build/icyphy/ptII/ptolemy/actor/lib/test/auto/MatrixCropLong.xml
1 ms. Memory: 468992K Free: 333764K (71%)
----------------- Invoking toplevel() on ptolemy.moml.MoMLSimpleApplication@54f2b46
----------------- Done invoking toplevel() on ptolemy.moml.MoMLSimpleApplication@54f2b46
reloadAllAccessors: .MatrixCropLong

===========================================================================================
----------------- testing Mon Apr 06 13:52:15 UTC 2020 /home/travis/build/icyphy/ptII/ptolemy/actor/lib/test/auto/MatrixToArray.xml
----------------- Instantiating /home/travis/build/icyphy/ptII/ptolemy/actor/lib/test/auto/MatrixToArray.xml
11 ms. Memory: 468992K Free: 318404K (68%)
----------------- Invoking toplevel() on ptolemy.moml.MoMLSimpleApplication@6e789095
----------------- Done invoking toplevel() on ptolemy.moml.MoMLSimpleApplication@6e789095
reloadAllAccessors: .MatrixToArray

===========================================================================================
----------------- testing Mon Apr 06 13:52:15 UTC 2020 /home/travis/build/icyphy/ptII/ptolemy/actor/lib/test/auto/MaxIndex.xml
----------------- Instantiating /home/travis/build/icyphy/ptII/ptolemy/actor/lib/test/auto/MaxIndex.xml
2 ms. Memory: 468992K Free: 313284K (67%)
----------------- Invoking toplevel() on ptolemy.moml.MoMLSimpleApplication@43ad562b
----------------- Done invoking toplevel() on ptolemy.moml.MoMLSimpleApplication@43ad562b
reloadAllAccessors: .MaxIndex

===========================================================================================
----------------- testing Mon Apr 06 13:52:15 UTC 2020 /home/travis/build/icyphy/ptII/ptolemy/actor/lib/test/auto/Maximum.xml
----------------- Instantiating /home/travis/build/icyphy/ptII/ptolemy/actor/lib/test/auto/Maximum.xml
2 ms. Memory: 468992K Free: 306596K (65%)
----------------- Invoking toplevel() on ptolemy.moml.MoMLSimpleApplication@232d3284
----------------- Done invoking toplevel() on ptolemy.moml.MoMLSimpleApplication@232d3284
reloadAllAccessors: .Maximum

===========================================================================================
----------------- testing Mon Apr 06 13:52:15 UTC 2020 /home/travis/build/icyphy/ptII/ptolemy/actor/lib/test/auto/MaximumComplex.xml
----------------- Instantiating /home/travis/build/icyphy/ptII/ptolemy/actor/lib/test/auto/MaximumComplex.xml
4 ms. Memory: 468992K Free: 300482K (64%)
----------------- Invoking toplevel() on ptolemy.moml.MoMLSimpleApplication@64018a10
----------------- Done invoking toplevel() on ptolemy.moml.MoMLSimpleApplication@64018a10
reloadAllAccessors: .MaximumComplex

===========================================================================================
----------------- testing Mon Apr 06 13:52:15 UTC 2020 /home/travis/build/icyphy/ptII/ptolemy/actor/lib/test/auto/MethodCallTest.xml
----------------- Instantiating /home/travis/build/icyphy/ptII/ptolemy/actor/lib/test/auto/MethodCallTest.xml
2 ms. Memory: 468992K Free: 293828K (63%)
----------------- Invoking toplevel() on ptolemy.moml.MoMLSimpleApplication@1bb10468
----------------- Done invoking toplevel() on ptolemy.moml.MoMLSimpleApplication@1bb10468
reloadAllAccessors: .MethodCallTest

===========================================================================================
----------------- testing Mon Apr 06 13:52:15 UTC 2020 /home/travis/build/icyphy/ptII/ptolemy/actor/lib/test/auto/Minimum.xml
----------------- Instantiating /home/travis/build/icyphy/ptII/ptolemy/actor/lib/test/auto/Minimum.xml
3 ms. Memory: 468992K Free: 287170K (61%)
----------------- Invoking toplevel() on ptolemy.moml.MoMLSimpleApplication@f65b9d6
----------------- Done invoking toplevel() on ptolemy.moml.MoMLSimpleApplication@f65b9d6
reloadAllAccessors: .Minimum

===========================================================================================
----------------- testing Mon Apr 06 13:52:15 UTC 2020 /home/travis/build/icyphy/ptII/ptolemy/actor/lib/test/auto/MinimumComplex.xml
----------------- Instantiating /home/travis/build/icyphy/ptII/ptolemy/actor/lib/test/auto/MinimumComplex.xml
3 ms. Memory: 468992K Free: 281012K (60%)
----------------- Invoking toplevel() on ptolemy.moml.MoMLSimpleApplication@acaa061
----------------- Done invoking toplevel() on ptolemy.moml.MoMLSimpleApplication@acaa061
reloadAllAccessors: .MinimumComplex

===========================================================================================
----------------- testing Mon Apr 06 13:52:15 UTC 2020 /home/travis/build/icyphy/ptII/ptolemy/actor/lib/test/auto/MinimumMultiports.xml
----------------- Instantiating /home/travis/build/icyphy/ptII/ptolemy/actor/lib/test/auto/MinimumMultiports.xml
4 ms. Memory: 468992K Free: 272324K (58%)
----------------- Invoking toplevel() on ptolemy.moml.MoMLSimpleApplication@551931bc
----------------- Done invoking toplevel() on ptolemy.moml.MoMLSimpleApplication@551931bc
reloadAllAccessors: .MinimumMultiports

===========================================================================================
----------------- testing Mon Apr 06 13:52:15 UTC 2020 /home/travis/build/icyphy/ptII/ptolemy/actor/lib/test/auto/ModifyDate.xml
----------------- Instantiating /home/travis/build/icyphy/ptII/ptolemy/actor/lib/test/auto/ModifyDate.xml
6 ms. Memory: 468992K Free: 259522K (55%)
----------------- Invoking toplevel() on ptolemy.moml.MoMLSimpleApplication@52edff6d
----------------- Done invoking toplevel() on ptolemy.moml.MoMLSimpleApplication@52edff6d
reloadAllAccessors: .ModifyDate

===========================================================================================
----------------- testing Mon Apr 06 13:52:15 UTC 2020 /home/travis/build/icyphy/ptII/ptolemy/actor/lib/test/auto/ModifyDate2.xml
----------------- Instantiating /home/travis/build/icyphy/ptII/ptolemy/actor/lib/test/auto/ModifyDate2.xml
5 ms. Memory: 468992K Free: 250820K (53%)
----------------- Invoking toplevel() on ptolemy.moml.MoMLSimpleApplication@67e4f780
----------------- Done invoking toplevel() on ptolemy.moml.MoMLSimpleApplication@67e4f780
reloadAllAccessors: .ModifyDate2

===========================================================================================
----------------- testing Mon Apr 06 13:52:15 UTC 2020 /home/travis/build/icyphy/ptII/ptolemy/actor/lib/test/auto/MovingAverage.xml
----------------- Instantiating /home/travis/build/icyphy/ptII/ptolemy/actor/lib/test/auto/MovingAverage.xml
2 ms. Memory: 468992K Free: 245700K (52%)
----------------- Invoking toplevel() on ptolemy.moml.MoMLSimpleApplication@4167f153
----------------- Done invoking toplevel() on ptolemy.moml.MoMLSimpleApplication@4167f153
reloadAllAccessors: .MovingAverage

===========================================================================================
----------------- testing Mon Apr 06 13:52:15 UTC 2020 /home/travis/build/icyphy/ptII/ptolemy/actor/lib/test/auto/MovingMaximum.xml
----------------- Instantiating /home/travis/build/icyphy/ptII/ptolemy/actor/lib/test/auto/MovingMaximum.xml
2 ms. Memory: 468992K Free: 241090K (51%)
----------------- Invoking toplevel() on ptolemy.moml.MoMLSimpleApplication@1960ee57
----------------- Done invoking toplevel() on ptolemy.moml.MoMLSimpleApplication@1960ee57
reloadAllAccessors: .MovingMaximum

===========================================================================================
----------------- testing Mon Apr 06 13:52:15 UTC 2020 /home/travis/build/icyphy/ptII/ptolemy/actor/lib/test/auto/MultipleLinksToSameRelation.xml
----------------- Instantiating /home/travis/build/icyphy/ptII/ptolemy/actor/lib/test/auto/MultipleLinksToSameRelation.xml
2 ms. Memory: 468992K Free: 236994K (51%)
----------------- Invoking toplevel() on ptolemy.moml.MoMLSimpleApplication@390edc7b
----------------- Done invoking toplevel() on ptolemy.moml.MoMLSimpleApplication@390edc7b
reloadAllAccessors: .MultipleLinksToSameRelation

===========================================================================================
----------------- testing Mon Apr 06 13:52:15 UTC 2020 /home/travis/build/icyphy/ptII/ptolemy/actor/lib/test/auto/MultipleLinksToSameRelationDE.xml
----------------- Instantiating /home/travis/build/icyphy/ptII/ptolemy/actor/lib/test/auto/MultipleLinksToSameRelationDE.xml
9 ms. Memory: 468992K Free: 232388K (50%)
----------------- Invoking toplevel() on ptolemy.moml.MoMLSimpleApplication@45a8af0
----------------- Done invoking toplevel() on ptolemy.moml.MoMLSimpleApplication@45a8af0
reloadAllAccessors: .MultipleLinksToSameRelationDE

===========================================================================================
----------------- testing Mon Apr 06 13:52:15 UTC 2020 /home/travis/build/icyphy/ptII/ptolemy/actor/lib/test/auto/Multiplexor.xml
----------------- Instantiating /home/travis/build/icyphy/ptII/ptolemy/actor/lib/test/auto/Multiplexor.xml
2 ms. Memory: 468992K Free: 226754K (48%)
----------------- Invoking toplevel() on ptolemy.moml.MoMLSimpleApplication@34b0c5e2
----------------- Done invoking toplevel() on ptolemy.moml.MoMLSimpleApplication@34b0c5e2
reloadAllAccessors: .Multiplexor

===========================================================================================
----------------- testing Mon Apr 06 13:52:15 UTC 2020 /home/travis/build/icyphy/ptII/ptolemy/actor/lib/test/auto/Multiplexor1.xml
----------------- Instantiating /home/travis/build/icyphy/ptII/ptolemy/actor/lib/test/auto/Multiplexor1.xml
3 ms. Memory: 468992K Free: 221124K (47%)
----------------- Invoking toplevel() on ptolemy.moml.MoMLSimpleApplication@4d079b69
----------------- Done invoking toplevel() on ptolemy.moml.MoMLSimpleApplication@4d079b69
reloadAllAccessors: .Multiplexor1

===========================================================================================
----------------- testing Mon Apr 06 13:52:15 UTC 2020 /home/travis/build/icyphy/ptII/ptolemy/actor/lib/test/auto/Multiplexor2.xml
----------------- Instantiating /home/travis/build/icyphy/ptII/ptolemy/actor/lib/test/auto/Multiplexor2.xml
2 ms. Memory: 468992K Free: 214466K (46%)
----------------- Invoking toplevel() on ptolemy.moml.MoMLSimpleApplication@62a3c02d
----------------- Done invoking toplevel() on ptolemy.moml.MoMLSimpleApplication@62a3c02d
reloadAllAccessors: .Multiplexor2

===========================================================================================
----------------- testing Mon Apr 06 13:52:15 UTC 2020 /home/travis/build/icyphy/ptII/ptolemy/actor/lib/test/auto/Multiplexor3.xml
----------------- Instantiating /home/travis/build/icyphy/ptII/ptolemy/actor/lib/test/auto/Multiplexor3.xml
2 ms. Memory: 468992K Free: 210370K (45%)
----------------- Invoking toplevel() on ptolemy.moml.MoMLSimpleApplication@48697c59
----------------- Done invoking toplevel() on ptolemy.moml.MoMLSimpleApplication@48697c59
reloadAllAccessors: .Multiplexor3

===========================================================================================
----------------- testing Mon Apr 06 13:52:15 UTC 2020 /home/travis/build/icyphy/ptII/ptolemy/actor/lib/test/auto/MultiplexorDE.xml
----------------- Instantiating /home/travis/build/icyphy/ptII/ptolemy/actor/lib/test/auto/MultiplexorDE.xml
4 ms. Memory: 468992K Free: 202164K (43%)
----------------- Invoking toplevel() on ptolemy.moml.MoMLSimpleApplication@7ad3475c
----------------- Done invoking toplevel() on ptolemy.moml.MoMLSimpleApplication@7ad3475c
reloadAllAccessors: .MultiplexorDE

===========================================================================================
----------------- testing Mon Apr 06 13:52:15 UTC 2020 /home/travis/build/icyphy/ptII/ptolemy/actor/lib/test/auto/MultiportBroadcastTest.xml
----------------- Instantiating /home/travis/build/icyphy/ptII/ptolemy/actor/lib/test/auto/MultiportBroadcastTest.xml
82 ms. Memory: 468992K Free: 196028K (42%)
----------------- Invoking toplevel() on ptolemy.moml.MoMLSimpleApplication@5192d46
----------------- Done invoking toplevel() on ptolemy.moml.MoMLSimpleApplication@5192d46
reloadAllAccessors: .MultiportBroadcastTest

===========================================================================================
----------------- testing Mon Apr 06 13:52:15 UTC 2020 /home/travis/build/icyphy/ptII/ptolemy/actor/lib/test/auto/MultiportOutHangDuringGetWidth.xml
----------------- Instantiating /home/travis/build/icyphy/ptII/ptolemy/actor/lib/test/auto/MultiportOutHangDuringGetWidth.xml
5 ms. Memory: 468992K Free: 183746K (39%)
----------------- Invoking toplevel() on ptolemy.moml.MoMLSimpleApplication@580ffc8e
----------------- Done invoking toplevel() on ptolemy.moml.MoMLSimpleApplication@580ffc8e
reloadAllAccessors: .MultiportOutHangDuringGetWidth

===========================================================================================
----------------- testing Mon Apr 06 13:52:15 UTC 2020 /home/travis/build/icyphy/ptII/ptolemy/actor/lib/test/auto/NilToken.xml
----------------- Instantiating /home/travis/build/icyphy/ptII/ptolemy/actor/lib/test/auto/NilToken.xml
2 ms. Memory: 468992K Free: 179650K (38%)
----------------- Invoking toplevel() on ptolemy.moml.MoMLSimpleApplication@4447b432
----------------- Done invoking toplevel() on ptolemy.moml.MoMLSimpleApplication@4447b432
reloadAllAccessors: .NilToken

===========================================================================================
----------------- testing Mon Apr 06 13:52:15 UTC 2020 /home/travis/build/icyphy/ptII/ptolemy/actor/lib/test/auto/NilTokenNonStrictTest.xml
----------------- Instantiating /home/travis/build/icyphy/ptII/ptolemy/actor/lib/test/auto/NilTokenNonStrictTest.xml
3 ms. Memory: 468992K Free: 174530K (37%)
----------------- Invoking toplevel() on ptolemy.moml.MoMLSimpleApplication@1d85f4e6
----------------- Done invoking toplevel() on ptolemy.moml.MoMLSimpleApplication@1d85f4e6
reloadAllAccessors: .NilTokenNonStrictTest

===========================================================================================
----------------- testing Mon Apr 06 13:52:15 UTC 2020 /home/travis/build/icyphy/ptII/ptolemy/actor/lib/test/auto/NilTokenRecord.xml
----------------- Instantiating /home/travis/build/icyphy/ptII/ptolemy/actor/lib/test/auto/NilTokenRecord.xml
5 ms. Memory: 468992K Free: 167876K (36%)
----------------- Invoking toplevel() on ptolemy.moml.MoMLSimpleApplication@5b1ae1ba
----------------- Done invoking toplevel() on ptolemy.moml.MoMLSimpleApplication@5b1ae1ba
reloadAllAccessors: .NilTokenRecord

===========================================================================================
----------------- testing Mon Apr 06 13:52:15 UTC 2020 /home/travis/build/icyphy/ptII/ptolemy/actor/lib/test/auto/NilTokenTypeTest.xml
----------------- Instantiating /home/travis/build/icyphy/ptII/ptolemy/actor/lib/test/auto/NilTokenTypeTest.xml
11 ms. Memory: 468992K Free: 158146K (34%)
----------------- Invoking toplevel() on ptolemy.moml.MoMLSimpleApplication@1d01ec6f
----------------- Done invoking toplevel() on ptolemy.moml.MoMLSimpleApplication@1d01ec6f
reloadAllAccessors: .NilTokenTypeTest

===========================================================================================
----------------- testing Mon Apr 06 13:52:15 UTC 2020 /home/travis/build/icyphy/ptII/ptolemy/actor/lib/test/auto/ObjectToken1.xml
----------------- Instantiating /home/travis/build/icyphy/ptII/ptolemy/actor/lib/test/auto/ObjectToken1.xml
3 ms. Memory: 468992K Free: 154050K (33%)
----------------- Invoking toplevel() on ptolemy.moml.MoMLSimpleApplication@29742011
----------------- Done invoking toplevel() on ptolemy.moml.MoMLSimpleApplication@29742011
reloadAllAccessors: .ObjectToken1

===========================================================================================
----------------- testing Mon Apr 06 13:52:15 UTC 2020 /home/travis/build/icyphy/ptII/ptolemy/actor/lib/test/auto/OrderedMerge.xml
----------------- Instantiating /home/travis/build/icyphy/ptII/ptolemy/actor/lib/test/auto/OrderedMerge.xml
11 ms. Memory: 468992K Free: 148420K (32%)
----------------- Invoking toplevel() on ptolemy.moml.MoMLSimpleApplication@575b253
----------------- Done invoking toplevel() on ptolemy.moml.MoMLSimpleApplication@575b253
reloadAllAccessors: .OrderedMerge

===========================================================================================
----------------- testing Mon Apr 06 13:52:15 UTC 2020 /home/travis/build/icyphy/ptII/ptolemy/actor/lib/test/auto/OrderedRecordDisassembler.xml
----------------- Instantiating /home/travis/build/icyphy/ptII/ptolemy/actor/lib/test/auto/OrderedRecordDisassembler.xml
3 ms. Memory: 468992K Free: 143300K (31%)
----------------- Invoking toplevel() on ptolemy.moml.MoMLSimpleApplication@3e604ebd
----------------- Done invoking toplevel() on ptolemy.moml.MoMLSimpleApplication@3e604ebd
reloadAllAccessors: .OrderedRecordDisassembler

===========================================================================================
----------------- testing Mon Apr 06 13:52:15 UTC 2020 /home/travis/build/icyphy/ptII/ptolemy/actor/lib/test/auto/OrderedRecordDisassembler2.xml
----------------- Instantiating /home/travis/build/icyphy/ptII/ptolemy/actor/lib/test/auto/OrderedRecordDisassembler2.xml
5 ms. Memory: 468992K Free: 411763K (88%)
----------------- Invoking toplevel() on ptolemy.moml.MoMLSimpleApplication@3f272052
----------------- Done invoking toplevel() on ptolemy.moml.MoMLSimpleApplication@3f272052
reloadAllAccessors: .OrderedRecordDisassembler2

===========================================================================================
----------------- testing Mon Apr 06 13:52:15 UTC 2020 /home/travis/build/icyphy/ptII/ptolemy/actor/lib/test/auto/OrderedRecordUpdater.xml
----------------- Instantiating /home/travis/build/icyphy/ptII/ptolemy/actor/lib/test/auto/OrderedRecordUpdater.xml
2 ms. Memory: 468992K Free: 406147K (87%)
----------------- Invoking toplevel() on ptolemy.moml.MoMLSimpleApplication@50101410
----------------- Done invoking toplevel() on ptolemy.moml.MoMLSimpleApplication@50101410
reloadAllAccessors: .RecordUpdater

===========================================================================================
----------------- testing Mon Apr 06 13:52:15 UTC 2020 /home/travis/build/icyphy/ptII/ptolemy/actor/lib/test/auto/OrderedRecordUpdater2.xml
----------------- Instantiating /home/travis/build/icyphy/ptII/ptolemy/actor/lib/test/auto/OrderedRecordUpdater2.xml
2 ms. Memory: 468992K Free: 401537K (86%)
----------------- Invoking toplevel() on ptolemy.moml.MoMLSimpleApplication@537e703d
----------------- Done invoking toplevel() on ptolemy.moml.MoMLSimpleApplication@537e703d
reloadAllAccessors: .RecordUpdater2

===========================================================================================
----------------- testing Mon Apr 06 13:52:15 UTC 2020 /home/travis/build/icyphy/ptII/ptolemy/actor/lib/test/auto/PhaseUnwrap.xml
----------------- Instantiating /home/travis/build/icyphy/ptII/ptolemy/actor/lib/test/auto/PhaseUnwrap.xml
2 ms. Memory: 468992K Free: 396931K (85%)
----------------- Invoking toplevel() on ptolemy.moml.MoMLSimpleApplication@123cbf27
----------------- Done invoking toplevel() on ptolemy.moml.MoMLSimpleApplication@123cbf27
reloadAllAccessors: .PhaseUnwrap

===========================================================================================
----------------- testing Mon Apr 06 13:52:15 UTC 2020 /home/travis/build/icyphy/ptII/ptolemy/actor/lib/test/auto/PoissonClock.xml
----------------- Instantiating /home/travis/build/icyphy/ptII/ptolemy/actor/lib/test/auto/PoissonClock.xml
1 ms. Memory: 468992K Free: 392835K (84%)
----------------- Invoking toplevel() on ptolemy.moml.MoMLSimpleApplication@2c6bd73a
----------------- Done invoking toplevel() on ptolemy.moml.MoMLSimpleApplication@2c6bd73a
reloadAllAccessors: .PoissonClock

===========================================================================================
----------------- testing Mon Apr 06 13:52:15 UTC 2020 /home/travis/build/icyphy/ptII/ptolemy/actor/lib/test/auto/PoissonClock2.xml
----------------- Instantiating /home/travis/build/icyphy/ptII/ptolemy/actor/lib/test/auto/PoissonClock2.xml
1 ms. Memory: 468992K Free: 388225K (83%)
----------------- Invoking toplevel() on ptolemy.moml.MoMLSimpleApplication@6b9fa953
----------------- Done invoking toplevel() on ptolemy.moml.MoMLSimpleApplication@6b9fa953
reloadAllAccessors: .PoissonClock2

===========================================================================================
----------------- testing Mon Apr 06 13:52:15 UTC 2020 /home/travis/build/icyphy/ptII/ptolemy/actor/lib/test/auto/PoissonClock3.xml
----------------- Instantiating /home/travis/build/icyphy/ptII/ptolemy/actor/lib/test/auto/PoissonClock3.xml
1 ms. Memory: 468992K Free: 383619K (82%)
----------------- Invoking toplevel() on ptolemy.moml.MoMLSimpleApplication@2302b0d2
----------------- Done invoking toplevel() on ptolemy.moml.MoMLSimpleApplication@2302b0d2
reloadAllAccessors: .PoissonClock3

===========================================================================================
----------------- testing Mon Apr 06 13:52:15 UTC 2020 /home/travis/build/icyphy/ptII/ptolemy/actor/lib/test/auto/PubSubWithInitialTokens.xml
----------------- Instantiating /home/travis/build/icyphy/ptII/ptolemy/actor/lib/test/auto/PubSubWithInitialTokens.xml
2 ms. Memory: 468992K Free: 377971K (81%)
----------------- Invoking toplevel() on ptolemy.moml.MoMLSimpleApplication@4c934c98
----------------- Done invoking toplevel() on ptolemy.moml.MoMLSimpleApplication@4c934c98
reloadAllAccessors: .PubSubWithInitialTokens

===========================================================================================
----------------- testing Mon Apr 06 13:52:15 UTC 2020 /home/travis/build/icyphy/ptII/ptolemy/actor/lib/test/auto/PubSubWithInitialTokens2.xml
----------------- Instantiating /home/travis/build/icyphy/ptII/ptolemy/actor/lib/test/auto/PubSubWithInitialTokens2.xml
2 ms. Memory: 468992K Free: 371835K (79%)
----------------- Invoking toplevel() on ptolemy.moml.MoMLSimpleApplication@7f5fb274
----------------- Done invoking toplevel() on ptolemy.moml.MoMLSimpleApplication@7f5fb274
reloadAllAccessors: .PubSubWithInitialTokens2

===========================================================================================
----------------- testing Mon Apr 06 13:52:15 UTC 2020 /home/travis/build/icyphy/ptII/ptolemy/actor/lib/test/auto/PublisherClassNoParameter.xml
----------------- Instantiating /home/travis/build/icyphy/ptII/ptolemy/actor/lib/test/auto/PublisherClassNoParameter.xml
2 ms. Memory: 468992K Free: 362115K (77%)
----------------- Invoking toplevel() on ptolemy.moml.MoMLSimpleApplication@507154ea
----------------- Done invoking toplevel() on ptolemy.moml.MoMLSimpleApplication@507154ea
reloadAllAccessors: .PublisherClassNoParameter

===========================================================================================
----------------- testing Mon Apr 06 13:52:15 UTC 2020 /home/travis/build/icyphy/ptII/ptolemy/actor/lib/test/auto/PublisherClassParameter.xml
----------------- Instantiating /home/travis/build/icyphy/ptII/ptolemy/actor/lib/test/auto/PublisherClassParameter.xml
5 ms. Memory: 468992K Free: 351875K (75%)
----------------- Invoking toplevel() on ptolemy.moml.MoMLSimpleApplication@509af6c8
----------------- Done invoking toplevel() on ptolemy.moml.MoMLSimpleApplication@509af6c8
reloadAllAccessors: .PublisherClassParameter

===========================================================================================
----------------- testing Mon Apr 06 13:52:15 UTC 2020 /home/travis/build/icyphy/ptII/ptolemy/actor/lib/test/auto/PublisherNonStrictTest.xml
----------------- Instantiating /home/travis/build/icyphy/ptII/ptolemy/actor/lib/test/auto/PublisherNonStrictTest.xml
3 ms. Memory: 468992K Free: 344187K (73%)
----------------- Invoking toplevel() on ptolemy.moml.MoMLSimpleApplication@21da9e6a
----------------- Done invoking toplevel() on ptolemy.moml.MoMLSimpleApplication@21da9e6a
reloadAllAccessors: .PublisherNonStrictTest

===========================================================================================
----------------- testing Mon Apr 06 13:52:15 UTC 2020 /home/travis/build/icyphy/ptII/ptolemy/actor/lib/test/auto/PublisherPort1.xml
----------------- Instantiating /home/travis/build/icyphy/ptII/ptolemy/actor/lib/test/auto/PublisherPort1.xml
13 ms. Memory: 468992K Free: 338563K (72%)
----------------- Invoking toplevel() on ptolemy.moml.MoMLSimpleApplication@dda255d
----------------- Done invoking toplevel() on ptolemy.moml.MoMLSimpleApplication@dda255d
reloadAllAccessors: .PublisherPort1

===========================================================================================
----------------- testing Mon Apr 06 13:52:16 UTC 2020 /home/travis/build/icyphy/ptII/ptolemy/actor/lib/test/auto/PublisherPort2.xml
----------------- Instantiating /home/travis/build/icyphy/ptII/ptolemy/actor/lib/test/auto/PublisherPort2.xml
2 ms. Memory: 468992K Free: 333443K (71%)
----------------- Invoking toplevel() on ptolemy.moml.MoMLSimpleApplication@3fd6e843
----------------- Done invoking toplevel() on ptolemy.moml.MoMLSimpleApplication@3fd6e843
reloadAllAccessors: .PublisherPort2

===========================================================================================
----------------- testing Mon Apr 06 13:52:16 UTC 2020 /home/travis/build/icyphy/ptII/ptolemy/actor/lib/test/auto/PublisherPort3.xml
----------------- Instantiating /home/travis/build/icyphy/ptII/ptolemy/actor/lib/test/auto/PublisherPort3.xml
4 ms. Memory: 468992K Free: 326755K (70%)
----------------- Invoking toplevel() on ptolemy.moml.MoMLSimpleApplication@3dda7f50
----------------- Done invoking toplevel() on ptolemy.moml.MoMLSimpleApplication@3dda7f50
reloadAllAccessors: .PublisherPort3

===========================================================================================
----------------- testing Mon Apr 06 13:52:16 UTC 2020 /home/travis/build/icyphy/ptII/ptolemy/actor/lib/test/auto/PublisherPort4.xml
----------------- Instantiating /home/travis/build/icyphy/ptII/ptolemy/actor/lib/test/auto/PublisherPort4.xml
2 ms. Memory: 468992K Free: 320627K (68%)
----------------- Invoking toplevel() on ptolemy.moml.MoMLSimpleApplication@6de26580
----------------- Done invoking toplevel() on ptolemy.moml.MoMLSimpleApplication@6de26580
reloadAllAccessors: .PublisherPort4

===========================================================================================
----------------- testing Mon Apr 06 13:52:16 UTC 2020 /home/travis/build/icyphy/ptII/ptolemy/actor/lib/test/auto/PublisherPort5.xml
----------------- Instantiating /home/travis/build/icyphy/ptII/ptolemy/actor/lib/test/auto/PublisherPort5.xml
3 ms. Memory: 468992K Free: 312963K (67%)
----------------- Invoking toplevel() on ptolemy.moml.MoMLSimpleApplication@3febf1d1
----------------- Done invoking toplevel() on ptolemy.moml.MoMLSimpleApplication@3febf1d1
reloadAllAccessors: .PublisherPort5

===========================================================================================
----------------- testing Mon Apr 06 13:52:16 UTC 2020 /home/travis/build/icyphy/ptII/ptolemy/actor/lib/test/auto/PublisherPort5LookAlike.xml
----------------- Instantiating /home/travis/build/icyphy/ptII/ptolemy/actor/lib/test/auto/PublisherPort5LookAlike.xml
9 ms. Memory: 468992K Free: 305275K (65%)
----------------- Invoking toplevel() on ptolemy.moml.MoMLSimpleApplication@2fecd3bb
----------------- Done invoking toplevel() on ptolemy.moml.MoMLSimpleApplication@2fecd3bb
reloadAllAccessors: .PublisherPort5LookAlike

===========================================================================================
----------------- testing Mon Apr 06 13:52:16 UTC 2020 /home/travis/build/icyphy/ptII/ptolemy/actor/lib/test/auto/PublisherPort6.xml
----------------- Instantiating /home/travis/build/icyphy/ptII/ptolemy/actor/lib/test/auto/PublisherPort6.xml
2 ms. Memory: 468992K Free: 298627K (64%)
----------------- Invoking toplevel() on ptolemy.moml.MoMLSimpleApplication@49a3a4df
----------------- Done invoking toplevel() on ptolemy.moml.MoMLSimpleApplication@49a3a4df
reloadAllAccessors: .PublisherPort6

===========================================================================================
----------------- testing Mon Apr 06 13:52:16 UTC 2020 /home/travis/build/icyphy/ptII/ptolemy/actor/lib/test/auto/PublisherPort7.xml
----------------- Instantiating /home/travis/build/icyphy/ptII/ptolemy/actor/lib/test/auto/PublisherPort7.xml
4 ms. Memory: 468992K Free: 290945K (62%)
----------------- Invoking toplevel() on ptolemy.moml.MoMLSimpleApplication@162abd30
----------------- Done invoking toplevel() on ptolemy.moml.MoMLSimpleApplication@162abd30
reloadAllAccessors: .PublisherPort7

===========================================================================================
----------------- testing Mon Apr 06 13:52:16 UTC 2020 /home/travis/build/icyphy/ptII/ptolemy/actor/lib/test/auto/PublisherPort8.xml
----------------- Instantiating /home/travis/build/icyphy/ptII/ptolemy/actor/lib/test/auto/PublisherPort8.xml
4 ms. Memory: 468992K Free: 282243K (60%)
----------------- Invoking toplevel() on ptolemy.moml.MoMLSimpleApplication@56478819
----------------- Done invoking toplevel() on ptolemy.moml.MoMLSimpleApplication@56478819
reloadAllAccessors: .PublisherPort8

===========================================================================================
----------------- testing Mon Apr 06 13:52:16 UTC 2020 /home/travis/build/icyphy/ptII/ptolemy/actor/lib/test/auto/PublisherPortSubscriberChannelVariablesAOC2.xml
----------------- Instantiating /home/travis/build/icyphy/ptII/ptolemy/actor/lib/test/auto/PublisherPortSubscriberChannelVariablesAOC2.xml
2 ms. Memory: 468992K Free: 264321K (56%)
----------------- Invoking toplevel() on ptolemy.moml.MoMLSimpleApplication@77725b01
----------------- Done invoking toplevel() on ptolemy.moml.MoMLSimpleApplication@77725b01
reloadAllAccessors: .PublisherPortSubscriberChannelVariablesAOC2

===========================================================================================
----------------- testing Mon Apr 06 13:52:16 UTC 2020 /home/travis/build/icyphy/ptII/ptolemy/actor/lib/test/auto/PublisherPortSubscriberOpaqueWidthInference.xml
----------------- Instantiating /home/travis/build/icyphy/ptII/ptolemy/actor/lib/test/auto/PublisherPortSubscriberOpaqueWidthInference.xml
3 ms. Memory: 468992K Free: 256115K (55%)
----------------- Invoking toplevel() on ptolemy.moml.MoMLSimpleApplication@2385eafd
----------------- Done invoking toplevel() on ptolemy.moml.MoMLSimpleApplication@2385eafd
reloadAllAccessors: .PublisherPortSubscriberOpaqueWidthInference

===========================================================================================
----------------- testing Mon Apr 06 13:52:16 UTC 2020 /home/travis/build/icyphy/ptII/ptolemy/actor/lib/test/auto/PublisherPortSubscriberPortAdjacent.xml
----------------- Instantiating /home/travis/build/icyphy/ptII/ptolemy/actor/lib/test/auto/PublisherPortSubscriberPortAdjacent.xml
2 ms. Memory: 468992K Free: 247937K (53%)
----------------- Invoking toplevel() on ptolemy.moml.MoMLSimpleApplication@d6992cc
----------------- Done invoking toplevel() on ptolemy.moml.MoMLSimpleApplication@d6992cc
reloadAllAccessors: .PublisherPortSubscriberPortAdjacent

===========================================================================================
----------------- testing Mon Apr 06 13:52:16 UTC 2020 /home/travis/build/icyphy/ptII/ptolemy/actor/lib/test/auto/PublisherPortSubscriberPortExpression.xml
----------------- Instantiating /home/travis/build/icyphy/ptII/ptolemy/actor/lib/test/auto/PublisherPortSubscriberPortExpression.xml
4 ms. Memory: 468992K Free: 239731K (51%)
----------------- Invoking toplevel() on ptolemy.moml.MoMLSimpleApplication@47391971
----------------- Done invoking toplevel() on ptolemy.moml.MoMLSimpleApplication@47391971
reloadAllAccessors: .PublisherPortSubscriberPortExpression

===========================================================================================
----------------- testing Mon Apr 06 13:52:16 UTC 2020 /home/travis/build/icyphy/ptII/ptolemy/actor/lib/test/auto/PublisherPortSubscriberPortOpaqueD3Reverse.xml
----------------- Instantiating /home/travis/build/icyphy/ptII/ptolemy/actor/lib/test/auto/PublisherPortSubscriberPortOpaqueD3Reverse.xml
6 ms. Memory: 468992K Free: 229505K (49%)
----------------- Invoking toplevel() on ptolemy.moml.MoMLSimpleApplication@5ccef102
----------------- Done invoking toplevel() on ptolemy.moml.MoMLSimpleApplication@5ccef102
reloadAllAccessors: .PublisherPortSubscriberPortOpaqueD3Reverse

===========================================================================================
----------------- testing Mon Apr 06 13:52:16 UTC 2020 /home/travis/build/icyphy/ptII/ptolemy/actor/lib/test/auto/PublisherPortSubscriberPortOpaqueWidthInference.xml
----------------- Instantiating /home/travis/build/icyphy/ptII/ptolemy/actor/lib/test/auto/PublisherPortSubscriberPortOpaqueWidthInference.xml
4 ms. Memory: 468992K Free: 221827K (47%)
----------------- Invoking toplevel() on ptolemy.moml.MoMLSimpleApplication@61e099f7
----------------- Done invoking toplevel() on ptolemy.moml.MoMLSimpleApplication@61e099f7
reloadAllAccessors: .PublisherPortSubscriberPortOpaqueWidthInference

===========================================================================================
----------------- testing Mon Apr 06 13:52:16 UTC 2020 /home/travis/build/icyphy/ptII/ptolemy/actor/lib/test/auto/PublisherPortToplevelSubscriberPortAOC.xml
----------------- Instantiating /home/travis/build/icyphy/ptII/ptolemy/actor/lib/test/auto/PublisherPortToplevelSubscriberPortAOC.xml
.PublisherPortToplevelSubscriberPortAOC.TestExceptionAttribute: initialize() was not invoked, but wrapup() was.  This is unusual, but not always a problem.  For example, exporting JNLP will do this.
1 ms. Memory: 468992K Free: 215683K (46%)
----------------- Invoking toplevel() on ptolemy.moml.MoMLSimpleApplication@676f97e9
----------------- Done invoking toplevel() on ptolemy.moml.MoMLSimpleApplication@676f97e9
reloadAllAccessors: .PublisherPortToplevelSubscriberPortAOC

===========================================================================================
----------------- testing Mon Apr 06 13:52:16 UTC 2020 /home/travis/build/icyphy/ptII/ptolemy/actor/lib/test/auto/PublisherSubscriber.xml
----------------- Instantiating /home/travis/build/icyphy/ptII/ptolemy/actor/lib/test/auto/PublisherSubscriber.xml
3 ms. Memory: 468992K Free: 208515K (44%)
----------------- Invoking toplevel() on ptolemy.moml.MoMLSimpleApplication@4fd6172b
----------------- Done invoking toplevel() on ptolemy.moml.MoMLSimpleApplication@4fd6172b
reloadAllAccessors: .PublisherSubscriber

===========================================================================================
----------------- testing Mon Apr 06 13:52:16 UTC 2020 /home/travis/build/icyphy/ptII/ptolemy/actor/lib/test/auto/PublisherSubscriber10.xml
----------------- Instantiating /home/travis/build/icyphy/ptII/ptolemy/actor/lib/test/auto/PublisherSubscriber10.xml
6 ms. Memory: 468992K Free: 198785K (42%)
----------------- Invoking toplevel() on ptolemy.moml.MoMLSimpleApplication@65bb4df7
----------------- Done invoking toplevel() on ptolemy.moml.MoMLSimpleApplication@65bb4df7
reloadAllAccessors: .PublisherSubscriber10

===========================================================================================
----------------- testing Mon Apr 06 13:52:16 UTC 2020 /home/travis/build/icyphy/ptII/ptolemy/actor/lib/test/auto/PublisherSubscriber10InitialOutputs.xml
----------------- Instantiating /home/travis/build/icyphy/ptII/ptolemy/actor/lib/test/auto/PublisherSubscriber10InitialOutputs.xml
16 ms. Memory: 468992K Free: 189569K (40%)
----------------- Invoking toplevel() on ptolemy.moml.MoMLSimpleApplication@6360642
----------------- Done invoking toplevel() on ptolemy.moml.MoMLSimpleApplication@6360642
reloadAllAccessors: .PublisherSubscriber10InitialOutputs

===========================================================================================
----------------- testing Mon Apr 06 13:52:16 UTC 2020 /home/travis/build/icyphy/ptII/ptolemy/actor/lib/test/auto/PublisherSubscriber11.xml
----------------- Instantiating /home/travis/build/icyphy/ptII/ptolemy/actor/lib/test/auto/PublisherSubscriber11.xml
3 ms. Memory: 468992K Free: 182915K (39%)
----------------- Invoking toplevel() on ptolemy.moml.MoMLSimpleApplication@6d595d2d
----------------- Done invoking toplevel() on ptolemy.moml.MoMLSimpleApplication@6d595d2d
reloadAllAccessors: .PublisherSubscriber11

===========================================================================================
----------------- testing Mon Apr 06 13:52:16 UTC 2020 /home/travis/build/icyphy/ptII/ptolemy/actor/lib/test/auto/PublisherSubscriber12.xml
----------------- Instantiating /home/travis/build/icyphy/ptII/ptolemy/actor/lib/test/auto/PublisherSubscriber12.xml
5 ms. Memory: 468992K Free: 175233K (37%)
----------------- Invoking toplevel() on ptolemy.moml.MoMLSimpleApplication@3417b372
----------------- Done invoking toplevel() on ptolemy.moml.MoMLSimpleApplication@3417b372
reloadAllAccessors: .PublisherSubscriber12

===========================================================================================
----------------- testing Mon Apr 06 13:52:16 UTC 2020 /home/travis/build/icyphy/ptII/ptolemy/actor/lib/test/auto/PublisherSubscriber13.xml
----------------- Instantiating /home/travis/build/icyphy/ptII/ptolemy/actor/lib/test/auto/PublisherSubscriber13.xml
2 ms. Memory: 468992K Free: 169603K (36%)
----------------- Invoking toplevel() on ptolemy.moml.MoMLSimpleApplication@58ae14cf
----------------- Done invoking toplevel() on ptolemy.moml.MoMLSimpleApplication@58ae14cf
reloadAllAccessors: .PublisherSubscriber13

===========================================================================================
----------------- testing Mon Apr 06 13:52:16 UTC 2020 /home/travis/build/icyphy/ptII/ptolemy/actor/lib/test/auto/PublisherSubscriber14.xml
----------------- Instantiating /home/travis/build/icyphy/ptII/ptolemy/actor/lib/test/auto/PublisherSubscriber14.xml
2 ms. Memory: 468992K Free: 160867K (34%)
----------------- Invoking toplevel() on ptolemy.moml.MoMLSimpleApplication@26047fcf
----------------- Done invoking toplevel() on ptolemy.moml.MoMLSimpleApplication@26047fcf
reloadAllAccessors: .PublisherSubscriber14

===========================================================================================
----------------- testing Mon Apr 06 13:52:16 UTC 2020 /home/travis/build/icyphy/ptII/ptolemy/actor/lib/test/auto/PublisherSubscriber2.xml
----------------- Instantiating /home/travis/build/icyphy/ptII/ptolemy/actor/lib/test/auto/PublisherSubscriber2.xml
4 ms. Memory: 468992K Free: 155267K (33%)
----------------- Invoking toplevel() on ptolemy.moml.MoMLSimpleApplication@2b3fd97c
----------------- Done invoking toplevel() on ptolemy.moml.MoMLSimpleApplication@2b3fd97c
reloadAllAccessors: .PublisherSubscriber2

===========================================================================================
----------------- testing Mon Apr 06 13:52:16 UTC 2020 /home/travis/build/icyphy/ptII/ptolemy/actor/lib/test/auto/PublisherSubscriber3.xml
----------------- Instantiating /home/travis/build/icyphy/ptII/ptolemy/actor/lib/test/auto/PublisherSubscriber3.xml
1 ms. Memory: 468992K Free: 149603K (32%)
----------------- Invoking toplevel() on ptolemy.moml.MoMLSimpleApplication@145d1735
----------------- Done invoking toplevel() on ptolemy.moml.MoMLSimpleApplication@145d1735
reloadAllAccessors: .PublisherSubscriber3

===========================================================================================
----------------- testing Mon Apr 06 13:52:16 UTC 2020 /home/travis/build/icyphy/ptII/ptolemy/actor/lib/test/auto/PublisherSubscriber4.xml
----------------- Instantiating /home/travis/build/icyphy/ptII/ptolemy/actor/lib/test/auto/PublisherSubscriber4.xml
2 ms. Memory: 468992K Free: 144003K (31%)
----------------- Invoking toplevel() on ptolemy.moml.MoMLSimpleApplication@10cb0281
----------------- Done invoking toplevel() on ptolemy.moml.MoMLSimpleApplication@10cb0281
reloadAllAccessors: .PublisherSubscriber4

===========================================================================================
----------------- testing Mon Apr 06 13:52:16 UTC 2020 /home/travis/build/icyphy/ptII/ptolemy/actor/lib/test/auto/PublisherSubscriber5.xml
----------------- Instantiating /home/travis/build/icyphy/ptII/ptolemy/actor/lib/test/auto/PublisherSubscriber5.xml
1 ms. Memory: 468992K Free: 413260K (88%)
----------------- Invoking toplevel() on ptolemy.moml.MoMLSimpleApplication@3e477201
----------------- Done invoking toplevel() on ptolemy.moml.MoMLSimpleApplication@3e477201
reloadAllAccessors: .PublisherSubscriber5

===========================================================================================
----------------- testing Mon Apr 06 13:52:16 UTC 2020 /home/travis/build/icyphy/ptII/ptolemy/actor/lib/test/auto/PublisherSubscriber6.xml
----------------- Instantiating /home/travis/build/icyphy/ptII/ptolemy/actor/lib/test/auto/PublisherSubscriber6.xml
4 ms. Memory: 468992K Free: 406092K (87%)
----------------- Invoking toplevel() on ptolemy.moml.MoMLSimpleApplication@6f363330
----------------- Done invoking toplevel() on ptolemy.moml.MoMLSimpleApplication@6f363330
reloadAllAccessors: .PublisherSubscriber6

===========================================================================================
----------------- testing Mon Apr 06 13:52:16 UTC 2020 /home/travis/build/icyphy/ptII/ptolemy/actor/lib/test/auto/PublisherSubscriber7.xml
----------------- Instantiating /home/travis/build/icyphy/ptII/ptolemy/actor/lib/test/auto/PublisherSubscriber7.xml
6 ms. Memory: 468992K Free: 399420K (85%)
----------------- Invoking toplevel() on ptolemy.moml.MoMLSimpleApplication@588d769e
----------------- Done invoking toplevel() on ptolemy.moml.MoMLSimpleApplication@588d769e
reloadAllAccessors: .PublisherSubscriber7

===========================================================================================
----------------- testing Mon Apr 06 13:52:16 UTC 2020 /home/travis/build/icyphy/ptII/ptolemy/actor/lib/test/auto/PublisherSubscriber8.xml
----------------- Instantiating /home/travis/build/icyphy/ptII/ptolemy/actor/lib/test/auto/PublisherSubscriber8.xml
13 ms. Memory: 468992K Free: 387660K (83%)
----------------- Invoking toplevel() on ptolemy.moml.MoMLSimpleApplication@6cef98a
----------------- Done invoking toplevel() on ptolemy.moml.MoMLSimpleApplication@6cef98a
reloadAllAccessors: .PublisherSubscriber8

===========================================================================================
----------------- testing Mon Apr 06 13:52:16 UTC 2020 /home/travis/build/icyphy/ptII/ptolemy/actor/lib/test/auto/PublisherSubscriber9.xml
----------------- Instantiating /home/travis/build/icyphy/ptII/ptolemy/actor/lib/test/auto/PublisherSubscriber9.xml
2 ms. Memory: 468992K Free: 380492K (81%)
----------------- Invoking toplevel() on ptolemy.moml.MoMLSimpleApplication@5767485d
----------------- Done invoking toplevel() on ptolemy.moml.MoMLSimpleApplication@5767485d
reloadAllAccessors: .PublisherSubscriber9

===========================================================================================
----------------- testing Mon Apr 06 13:52:16 UTC 2020 /home/travis/build/icyphy/ptII/ptolemy/actor/lib/test/auto/PublisherSubscriberAdjacent.xml
----------------- Instantiating /home/travis/build/icyphy/ptII/ptolemy/actor/lib/test/auto/PublisherSubscriberAdjacent.xml
2 ms. Memory: 468992K Free: 372300K (79%)
----------------- Invoking toplevel() on ptolemy.moml.MoMLSimpleApplication@3402cbf9
----------------- Done invoking toplevel() on ptolemy.moml.MoMLSimpleApplication@3402cbf9
reloadAllAccessors: .PublisherSubscriberAdjacent

===========================================================================================
----------------- testing Mon Apr 06 13:52:16 UTC 2020 /home/travis/build/icyphy/ptII/ptolemy/actor/lib/test/auto/PublisherSubscriberChannelVariablesAOC2.xml
----------------- Instantiating /home/travis/build/icyphy/ptII/ptolemy/actor/lib/test/auto/PublisherSubscriberChannelVariablesAOC2.xml
2 ms. Memory: 468992K Free: 357436K (76%)
----------------- Invoking toplevel() on ptolemy.moml.MoMLSimpleApplication@71713094
----------------- Done invoking toplevel() on ptolemy.moml.MoMLSimpleApplication@71713094
reloadAllAccessors: .PublisherSubscriberChannelVariablesAOC2

===========================================================================================
----------------- testing Mon Apr 06 13:52:16 UTC 2020 /home/travis/build/icyphy/ptII/ptolemy/actor/lib/test/auto/PublisherSubscriberD3.xml
----------------- Instantiating /home/travis/build/icyphy/ptII/ptolemy/actor/lib/test/auto/PublisherSubscriberD3.xml
2 ms. Memory: 468992K Free: 349772K (75%)
----------------- Invoking toplevel() on ptolemy.moml.MoMLSimpleApplication@77210eb8
----------------- Done invoking toplevel() on ptolemy.moml.MoMLSimpleApplication@77210eb8
reloadAllAccessors: .PublisherSubscriberD3

===========================================================================================
----------------- testing Mon Apr 06 13:52:16 UTC 2020 /home/travis/build/icyphy/ptII/ptolemy/actor/lib/test/auto/PublisherSubscriberD3Reverse.xml
----------------- Instantiating /home/travis/build/icyphy/ptII/ptolemy/actor/lib/test/auto/PublisherSubscriberD3Reverse.xml
2 ms. Memory: 468992K Free: 343628K (73%)
----------------- Invoking toplevel() on ptolemy.moml.MoMLSimpleApplication@6ecbd20d
----------------- Done invoking toplevel() on ptolemy.moml.MoMLSimpleApplication@6ecbd20d
reloadAllAccessors: .PublisherSubscriberD3Reverse

===========================================================================================
----------------- testing Mon Apr 06 13:52:16 UTC 2020 /home/travis/build/icyphy/ptII/ptolemy/actor/lib/test/auto/PublisherSubscriberExpression.xml
----------------- Instantiating /home/travis/build/icyphy/ptII/ptolemy/actor/lib/test/auto/PublisherSubscriberExpression.xml
4 ms. Memory: 468992K Free: 335436K (72%)
----------------- Invoking toplevel() on ptolemy.moml.MoMLSimpleApplication@77630b5f
----------------- Done invoking toplevel() on ptolemy.moml.MoMLSimpleApplication@77630b5f
reloadAllAccessors: .PublisherSubscriberExpression

===========================================================================================
----------------- testing Mon Apr 06 13:52:16 UTC 2020 /home/travis/build/icyphy/ptII/ptolemy/actor/lib/test/auto/PublisherSubscriberOpaque.xml
----------------- Instantiating /home/travis/build/icyphy/ptII/ptolemy/actor/lib/test/auto/PublisherSubscriberOpaque.xml
4 ms. Memory: 468992K Free: 327244K (70%)
----------------- Invoking toplevel() on ptolemy.moml.MoMLSimpleApplication@217cbca4
----------------- Done invoking toplevel() on ptolemy.moml.MoMLSimpleApplication@217cbca4
reloadAllAccessors: .PublisherSubscriberOpaque

===========================================================================================
----------------- testing Mon Apr 06 13:52:16 UTC 2020 /home/travis/build/icyphy/ptII/ptolemy/actor/lib/test/auto/PublisherSubscriberOpaqueD3.xml
----------------- Instantiating /home/travis/build/icyphy/ptII/ptolemy/actor/lib/test/auto/PublisherSubscriberOpaqueD3.xml
8 ms. Memory: 468992K Free: 315980K (67%)
----------------- Invoking toplevel() on ptolemy.moml.MoMLSimpleApplication@389bd915
----------------- Done invoking toplevel() on ptolemy.moml.MoMLSimpleApplication@389bd915
reloadAllAccessors: .PublisherSubscriberOpaqueD3

===========================================================================================
----------------- testing Mon Apr 06 13:52:16 UTC 2020 /home/travis/build/icyphy/ptII/ptolemy/actor/lib/test/auto/PublisherSubscriberOpaqueD3Reverse.xml
----------------- Instantiating /home/travis/build/icyphy/ptII/ptolemy/actor/lib/test/auto/PublisherSubscriberOpaqueD3Reverse.xml
8 ms. Memory: 468992K Free: 304716K (65%)
----------------- Invoking toplevel() on ptolemy.moml.MoMLSimpleApplication@80dc82b
----------------- Done invoking toplevel() on ptolemy.moml.MoMLSimpleApplication@80dc82b
reloadAllAccessors: .PublisherSubscriberOpaqueD3Reverse

===========================================================================================
----------------- testing Mon Apr 06 13:52:16 UTC 2020 /home/travis/build/icyphy/ptII/ptolemy/actor/lib/test/auto/PublisherSubscriberOpaqueWidthInference.xml
----------------- Instantiating /home/travis/build/icyphy/ptII/ptolemy/actor/lib/test/auto/PublisherSubscriberOpaqueWidthInference.xml
5 ms. Memory: 468992K Free: 296524K (63%)
----------------- Invoking toplevel() on ptolemy.moml.MoMLSimpleApplication@21911ae6
----------------- Done invoking toplevel() on ptolemy.moml.MoMLSimpleApplication@21911ae6
reloadAllAccessors: .PublisherSubscriberOpaqueWidthInference

===========================================================================================
----------------- testing Mon Apr 06 13:52:16 UTC 2020 /home/travis/build/icyphy/ptII/ptolemy/actor/lib/test/auto/PublisherTestSubscriber.xml
----------------- Instantiating /home/travis/build/icyphy/ptII/ptolemy/actor/lib/test/auto/PublisherTestSubscriber.xml
3 ms. Memory: 468992K Free: 288836K (62%)
----------------- Invoking toplevel() on ptolemy.moml.MoMLSimpleApplication@7a31b876
----------------- Done invoking toplevel() on ptolemy.moml.MoMLSimpleApplication@7a31b876
reloadAllAccessors: .PublisherTestSubscriber

===========================================================================================
----------------- testing Mon Apr 06 13:52:16 UTC 2020 /home/travis/build/icyphy/ptII/ptolemy/actor/lib/test/auto/PublisherToplevelSubscriberPortAOC.xml
----------------- Instantiating /home/travis/build/icyphy/ptII/ptolemy/actor/lib/test/auto/PublisherToplevelSubscriberPortAOC.xml
1 ms. Memory: 468992K Free: 282684K (60%)
----------------- Invoking toplevel() on ptolemy.moml.MoMLSimpleApplication@2a363b5d
----------------- Done invoking toplevel() on ptolemy.moml.MoMLSimpleApplication@2a363b5d
reloadAllAccessors: .PublisherToplevelSubscriberPortAOC

===========================================================================================
----------------- testing Mon Apr 06 13:52:16 UTC 2020 /home/travis/build/icyphy/ptII/ptolemy/actor/lib/test/auto/PulseFiringLimitDE.xml
----------------- Instantiating /home/travis/build/icyphy/ptII/ptolemy/actor/lib/test/auto/PulseFiringLimitDE.xml
2 ms. Memory: 468992K Free: 276044K (59%)
----------------- Invoking toplevel() on ptolemy.moml.MoMLSimpleApplication@1a786623
----------------- Done invoking toplevel() on ptolemy.moml.MoMLSimpleApplication@1a786623
reloadAllAccessors: .PulseFiringLimitDE

===========================================================================================
----------------- testing Mon Apr 06 13:52:16 UTC 2020 /home/travis/build/icyphy/ptII/ptolemy/actor/lib/test/auto/Ramp1.xml
----------------- Instantiating /home/travis/build/icyphy/ptII/ptolemy/actor/lib/test/auto/Ramp1.xml
2 ms. Memory: 468992K Free: 271420K (58%)
----------------- Invoking toplevel() on ptolemy.moml.MoMLSimpleApplication@7412769f
----------------- Done invoking toplevel() on ptolemy.moml.MoMLSimpleApplication@7412769f
reloadAllAccessors: .Ramp1

===========================================================================================
----------------- testing Mon Apr 06 13:52:16 UTC 2020 /home/travis/build/icyphy/ptII/ptolemy/actor/lib/test/auto/RampFiringLimitDE.xml
----------------- Instantiating /home/travis/build/icyphy/ptII/ptolemy/actor/lib/test/auto/RampFiringLimitDE.xml
3 ms. Memory: 468992K Free: 265276K (57%)
----------------- Invoking toplevel() on ptolemy.moml.MoMLSimpleApplication@2effc486
----------------- Done invoking toplevel() on ptolemy.moml.MoMLSimpleApplication@2effc486
reloadAllAccessors: .RampFiringLimitDE

===========================================================================================
----------------- testing Mon Apr 06 13:52:16 UTC 2020 /home/travis/build/icyphy/ptII/ptolemy/actor/lib/test/auto/RampFiringLimitSDF.xml
----------------- Instantiating /home/travis/build/icyphy/ptII/ptolemy/actor/lib/test/auto/RampFiringLimitSDF.xml
1 ms. Memory: 468992K Free: 260156K (55%)
----------------- Invoking toplevel() on ptolemy.moml.MoMLSimpleApplication@5f35729
----------------- Done invoking toplevel() on ptolemy.moml.MoMLSimpleApplication@5f35729
reloadAllAccessors: .RampFiringLimitSDF

===========================================================================================
----------------- testing Mon Apr 06 13:52:16 UTC 2020 /home/travis/build/icyphy/ptII/ptolemy/actor/lib/test/auto/RandomInteger.xml
----------------- Instantiating /home/travis/build/icyphy/ptII/ptolemy/actor/lib/test/auto/RandomInteger.xml
1 ms. Memory: 468992K Free: 256074K (55%)
----------------- Invoking toplevel() on ptolemy.moml.MoMLSimpleApplication@126e202c
----------------- Done invoking toplevel() on ptolemy.moml.MoMLSimpleApplication@126e202c
reloadAllAccessors: .RandomInteger

===========================================================================================
----------------- testing Mon Apr 06 13:52:16 UTC 2020 /home/travis/build/icyphy/ptII/ptolemy/actor/lib/test/auto/ReadFile1.xml
----------------- Instantiating /home/travis/build/icyphy/ptII/ptolemy/actor/lib/test/auto/ReadFile1.xml
2 ms. Memory: 468992K Free: 251468K (54%)
----------------- Invoking toplevel() on ptolemy.moml.MoMLSimpleApplication@7506ebf8
----------------- Done invoking toplevel() on ptolemy.moml.MoMLSimpleApplication@7506ebf8
reloadAllAccessors: .ReadFile1

===========================================================================================
----------------- testing Mon Apr 06 13:52:16 UTC 2020 /home/travis/build/icyphy/ptII/ptolemy/actor/lib/test/auto/ReadFile2.xml
----------------- Instantiating /home/travis/build/icyphy/ptII/ptolemy/actor/lib/test/auto/ReadFile2.xml
1 ms. Memory: 468992K Free: 246858K (53%)
----------------- Invoking toplevel() on ptolemy.moml.MoMLSimpleApplication@28ee2226
----------------- Done invoking toplevel() on ptolemy.moml.MoMLSimpleApplication@28ee2226
reloadAllAccessors: .ReadFile2

===========================================================================================
----------------- testing Mon Apr 06 13:52:16 UTC 2020 /home/travis/build/icyphy/ptII/ptolemy/actor/lib/test/auto/Reader.xml
----------------- Instantiating /home/travis/build/icyphy/ptII/ptolemy/actor/lib/test/auto/Reader.xml
actor.lib.Reader is obsolete, use actor.lib.io.ExpressionReader instead
4 ms. Memory: 468992K Free: 242762K (52%)
----------------- Invoking toplevel() on ptolemy.moml.MoMLSimpleApplication@37ff56a6
----------------- Done invoking toplevel() on ptolemy.moml.MoMLSimpleApplication@37ff56a6
reloadAllAccessors: .Reader

===========================================================================================
----------------- testing Mon Apr 06 13:52:16 UTC 2020 /home/travis/build/icyphy/ptII/ptolemy/actor/lib/test/auto/RecordAssemblerDisplayNameTest.xml
----------------- Instantiating /home/travis/build/icyphy/ptII/ptolemy/actor/lib/test/auto/RecordAssemblerDisplayNameTest.xml
3321 ms. Memory: 468992K Free: 401981K (86%)
----------------- Invoking toplevel() on ptolemy.moml.MoMLSimpleApplication@6c7b2c26
----------------- Done invoking toplevel() on ptolemy.moml.MoMLSimpleApplication@6c7b2c26
reloadAllAccessors: .RecordAssemblerDisplayNameTest

===========================================================================================
----------------- testing Mon Apr 06 13:52:20 UTC 2020 /home/travis/build/icyphy/ptII/ptolemy/actor/lib/test/auto/RecordAssemblerTypeError.xml
----------------- Instantiating /home/travis/build/icyphy/ptII/ptolemy/actor/lib/test/auto/RecordAssemblerTypeError.xml
16 ms. Memory: 468992K Free: 392251K (84%)
----------------- Invoking toplevel() on ptolemy.moml.MoMLSimpleApplication@53f8157f
----------------- Done invoking toplevel() on ptolemy.moml.MoMLSimpleApplication@53f8157f
reloadAllAccessors: .RecordAssemblerTypeError

===========================================================================================
----------------- testing Mon Apr 06 13:52:20 UTC 2020 /home/travis/build/icyphy/ptII/ptolemy/actor/lib/test/auto/RecordDisassember.xml
----------------- Instantiating /home/travis/build/icyphy/ptII/ptolemy/actor/lib/test/auto/RecordDisassember.xml
3 ms. Memory: 468992K Free: 387645K (83%)
----------------- Invoking toplevel() on ptolemy.moml.MoMLSimpleApplication@ae68f8b
----------------- Done invoking toplevel() on ptolemy.moml.MoMLSimpleApplication@ae68f8b
reloadAllAccessors: .RecordDisassember

===========================================================================================
----------------- testing Mon Apr 06 13:52:20 UTC 2020 /home/travis/build/icyphy/ptII/ptolemy/actor/lib/test/auto/RecordDisassemberDisplayNameTest.xml
----------------- Instantiating /home/travis/build/icyphy/ptII/ptolemy/actor/lib/test/auto/RecordDisassemberDisplayNameTest.xml
6 ms. Memory: 468992K Free: 379451K (81%)
----------------- Invoking toplevel() on ptolemy.moml.MoMLSimpleApplication@2224ec14
----------------- Done invoking toplevel() on ptolemy.moml.MoMLSimpleApplication@2224ec14
reloadAllAccessors: .RecordDisassemberDisplayNameTest

===========================================================================================
----------------- testing Mon Apr 06 13:52:20 UTC 2020 /home/travis/build/icyphy/ptII/ptolemy/actor/lib/test/auto/RecordDisassembler.xml
----------------- Instantiating /home/travis/build/icyphy/ptII/ptolemy/actor/lib/test/auto/RecordDisassembler.xml
3 ms. Memory: 468992K Free: 373789K (80%)
----------------- Invoking toplevel() on ptolemy.moml.MoMLSimpleApplication@2091a26b
----------------- Done invoking toplevel() on ptolemy.moml.MoMLSimpleApplication@2091a26b
reloadAllAccessors: .RecordDisassembler

===========================================================================================
----------------- testing Mon Apr 06 13:52:20 UTC 2020 /home/travis/build/icyphy/ptII/ptolemy/actor/lib/test/auto/RecordDisassembler2.xml
----------------- Instantiating /home/travis/build/icyphy/ptII/ptolemy/actor/lib/test/auto/RecordDisassembler2.xml
3 ms. Memory: 468992K Free: 368693K (79%)
----------------- Invoking toplevel() on ptolemy.moml.MoMLSimpleApplication@5f5309a1
----------------- Done invoking toplevel() on ptolemy.moml.MoMLSimpleApplication@5f5309a1
reloadAllAccessors: .RecordDisassembler2

===========================================================================================
----------------- testing Mon Apr 06 13:52:20 UTC 2020 /home/travis/build/icyphy/ptII/ptolemy/actor/lib/test/auto/RecordUpdater.xml
----------------- Instantiating /home/travis/build/icyphy/ptII/ptolemy/actor/lib/test/auto/RecordUpdater.xml
2 ms. Memory: 468992K Free: 363579K (78%)
----------------- Invoking toplevel() on ptolemy.moml.MoMLSimpleApplication@bdadc0a
----------------- Done invoking toplevel() on ptolemy.moml.MoMLSimpleApplication@bdadc0a
reloadAllAccessors: .RecordUpdater

===========================================================================================
----------------- testing Mon Apr 06 13:52:20 UTC 2020 /home/travis/build/icyphy/ptII/ptolemy/actor/lib/test/auto/RecordUpdater2.xml
----------------- Instantiating /home/travis/build/icyphy/ptII/ptolemy/actor/lib/test/auto/RecordUpdater2.xml
2 ms. Memory: 468992K Free: 358459K (76%)
----------------- Invoking toplevel() on ptolemy.moml.MoMLSimpleApplication@13c941b2
----------------- Done invoking toplevel() on ptolemy.moml.MoMLSimpleApplication@13c941b2
reloadAllAccessors: .RecordUpdater2

===========================================================================================
----------------- testing Mon Apr 06 13:52:20 UTC 2020 /home/travis/build/icyphy/ptII/ptolemy/actor/lib/test/auto/RecursiveLattice.xml
----------------- Instantiating /home/travis/build/icyphy/ptII/ptolemy/actor/lib/test/auto/RecursiveLattice.xml
1 ms. Memory: 468992K Free: 354363K (76%)
----------------- Invoking toplevel() on ptolemy.moml.MoMLSimpleApplication@4a070f86
----------------- Done invoking toplevel() on ptolemy.moml.MoMLSimpleApplication@4a070f86
reloadAllAccessors: .RecursiveLattice

===========================================================================================
----------------- testing Mon Apr 06 13:52:20 UTC 2020 /home/travis/build/icyphy/ptII/ptolemy/actor/lib/test/auto/Router.xml
----------------- Instantiating /home/travis/build/icyphy/ptII/ptolemy/actor/lib/test/auto/Router.xml
3005 ms. Memory: 468992K Free: 343613K (73%)
----------------- Invoking toplevel() on ptolemy.moml.MoMLSimpleApplication@fa7ef92
----------------- Done invoking toplevel() on ptolemy.moml.MoMLSimpleApplication@fa7ef92
reloadAllAccessors: .Router

===========================================================================================
----------------- testing Mon Apr 06 13:52:23 UTC 2020 /home/travis/build/icyphy/ptII/ptolemy/actor/lib/test/auto/Router2.xml
----------------- Instantiating /home/travis/build/icyphy/ptII/ptolemy/actor/lib/test/auto/Router2.xml
3003 ms. Memory: 468992K Free: 333883K (71%)
----------------- Invoking toplevel() on ptolemy.moml.MoMLSimpleApplication@33242b63
----------------- Done invoking toplevel() on ptolemy.moml.MoMLSimpleApplication@33242b63
reloadAllAccessors: .Router2

===========================================================================================
----------------- testing Mon Apr 06 13:52:26 UTC 2020 /home/travis/build/icyphy/ptII/ptolemy/actor/lib/test/auto/RunningMaximum.xml
----------------- Instantiating /home/travis/build/icyphy/ptII/ptolemy/actor/lib/test/auto/RunningMaximum.xml
3 ms. Memory: 468992K Free: 329277K (70%)
----------------- Invoking toplevel() on ptolemy.moml.MoMLSimpleApplication@762ffcb4
----------------- Done invoking toplevel() on ptolemy.moml.MoMLSimpleApplication@762ffcb4
reloadAllAccessors: .RunningMaximum

===========================================================================================
----------------- testing Mon Apr 06 13:52:26 UTC 2020 /home/travis/build/icyphy/ptII/ptolemy/actor/lib/test/auto/RunningMinimum.xml
----------------- Instantiating /home/travis/build/icyphy/ptII/ptolemy/actor/lib/test/auto/RunningMinimum.xml
8 ms. Memory: 468992K Free: 324667K (69%)
----------------- Invoking toplevel() on ptolemy.moml.MoMLSimpleApplication@20da00c7
----------------- Done invoking toplevel() on ptolemy.moml.MoMLSimpleApplication@20da00c7
reloadAllAccessors: .RunningMinimum

===========================================================================================
----------------- testing Mon Apr 06 13:52:26 UTC 2020 /home/travis/build/icyphy/ptII/ptolemy/actor/lib/test/auto/Scale.xml
----------------- Instantiating /home/travis/build/icyphy/ptII/ptolemy/actor/lib/test/auto/Scale.xml
2 ms. Memory: 468992K Free: 320061K (68%)
----------------- Invoking toplevel() on ptolemy.moml.MoMLSimpleApplication@21d75484
----------------- Done invoking toplevel() on ptolemy.moml.MoMLSimpleApplication@21d75484
reloadAllAccessors: .Scale

===========================================================================================
----------------- testing Mon Apr 06 13:52:26 UTC 2020 /home/travis/build/icyphy/ptII/ptolemy/actor/lib/test/auto/Scale2.xml
----------------- Instantiating /home/travis/build/icyphy/ptII/ptolemy/actor/lib/test/auto/Scale2.xml
1 ms. Memory: 468992K Free: 315451K (67%)
----------------- Invoking toplevel() on ptolemy.moml.MoMLSimpleApplication@75a03512
----------------- Done invoking toplevel() on ptolemy.moml.MoMLSimpleApplication@75a03512
reloadAllAccessors: .Scale2

===========================================================================================
----------------- testing Mon Apr 06 13:52:26 UTC 2020 /home/travis/build/icyphy/ptII/ptolemy/actor/lib/test/auto/Scale3.xml
----------------- Instantiating /home/travis/build/icyphy/ptII/ptolemy/actor/lib/test/auto/Scale3.xml
3 ms. Memory: 468992K Free: 309307K (66%)
----------------- Invoking toplevel() on ptolemy.moml.MoMLSimpleApplication@b3269fd
----------------- Done invoking toplevel() on ptolemy.moml.MoMLSimpleApplication@b3269fd
reloadAllAccessors: .Scale3

===========================================================================================
----------------- testing Mon Apr 06 13:52:26 UTC 2020 /home/travis/build/icyphy/ptII/ptolemy/actor/lib/test/auto/ScaleArray.xml
----------------- Instantiating /home/travis/build/icyphy/ptII/ptolemy/actor/lib/test/auto/ScaleArray.xml
1 ms. Memory: 468992K Free: 304187K (65%)
----------------- Invoking toplevel() on ptolemy.moml.MoMLSimpleApplication@4e8e0ffc
----------------- Done invoking toplevel() on ptolemy.moml.MoMLSimpleApplication@4e8e0ffc
reloadAllAccessors: .ScaleArray

===========================================================================================
----------------- testing Mon Apr 06 13:52:26 UTC 2020 /home/travis/build/icyphy/ptII/ptolemy/actor/lib/test/auto/ScaleArray2.xml
----------------- Instantiating /home/travis/build/icyphy/ptII/ptolemy/actor/lib/test/auto/ScaleArray2.xml
1 ms. Memory: 468992K Free: 299581K (64%)
----------------- Invoking toplevel() on ptolemy.moml.MoMLSimpleApplication@341945a0
----------------- Done invoking toplevel() on ptolemy.moml.MoMLSimpleApplication@341945a0
reloadAllAccessors: .ScaleArray2

===========================================================================================
----------------- testing Mon Apr 06 13:52:26 UTC 2020 /home/travis/build/icyphy/ptII/ptolemy/actor/lib/test/auto/ScaleMatrix.xml
----------------- Instantiating /home/travis/build/icyphy/ptII/ptolemy/actor/lib/test/auto/ScaleMatrix.xml
102 ms. Memory: 468992K Free: 285245K (61%)
----------------- Invoking toplevel() on ptolemy.moml.MoMLSimpleApplication@40331b97
----------------- Done invoking toplevel() on ptolemy.moml.MoMLSimpleApplication@40331b97
reloadAllAccessors: .ScaleMatrix

===========================================================================================
----------------- testing Mon Apr 06 13:52:26 UTC 2020 /home/travis/build/icyphy/ptII/ptolemy/actor/lib/test/auto/Select.xml
----------------- Instantiating /home/travis/build/icyphy/ptII/ptolemy/actor/lib/test/auto/Select.xml
2 ms. Memory: 468992K Free: 279101K (60%)
----------------- Invoking toplevel() on ptolemy.moml.MoMLSimpleApplication@742ae6f7
----------------- Done invoking toplevel() on ptolemy.moml.MoMLSimpleApplication@742ae6f7
reloadAllAccessors: .Select

===========================================================================================
----------------- testing Mon Apr 06 13:52:26 UTC 2020 /home/travis/build/icyphy/ptII/ptolemy/actor/lib/test/auto/Select2.xml
----------------- Instantiating /home/travis/build/icyphy/ptII/ptolemy/actor/lib/test/auto/Select2.xml
1 ms. Memory: 468992K Free: 274491K (59%)
----------------- Invoking toplevel() on ptolemy.moml.MoMLSimpleApplication@3d040d00
----------------- Done invoking toplevel() on ptolemy.moml.MoMLSimpleApplication@3d040d00
reloadAllAccessors: .Select2

===========================================================================================
----------------- testing Mon Apr 06 13:52:26 UTC 2020 /home/travis/build/icyphy/ptII/ptolemy/actor/lib/test/auto/SequenceToArray2.xml
----------------- Instantiating /home/travis/build/icyphy/ptII/ptolemy/actor/lib/test/auto/SequenceToArray2.xml
108 ms. Memory: 468992K Free: 250429K (53%)
----------------- Invoking toplevel() on ptolemy.moml.MoMLSimpleApplication@7df17bd7
----------------- Done invoking toplevel() on ptolemy.moml.MoMLSimpleApplication@7df17bd7
reloadAllAccessors: .SequenceToArray2

===========================================================================================
----------------- testing Mon Apr 06 13:52:26 UTC 2020 /home/travis/build/icyphy/ptII/ptolemy/actor/lib/test/auto/SequentialClock.xml
----------------- Instantiating /home/travis/build/icyphy/ptII/ptolemy/actor/lib/test/auto/SequentialClock.xml
2 ms. Memory: 468992K Free: 246333K (53%)
----------------- Invoking toplevel() on ptolemy.moml.MoMLSimpleApplication@34b950f8
----------------- Done invoking toplevel() on ptolemy.moml.MoMLSimpleApplication@34b950f8
reloadAllAccessors: .SequentialClock

===========================================================================================
----------------- testing Mon Apr 06 13:52:26 UTC 2020 /home/travis/build/icyphy/ptII/ptolemy/actor/lib/test/auto/SetVariable.xml
----------------- Instantiating /home/travis/build/icyphy/ptII/ptolemy/actor/lib/test/auto/SetVariable.xml
2 ms. Memory: 468992K Free: 241723K (52%)
----------------- Invoking toplevel() on ptolemy.moml.MoMLSimpleApplication@4af414f8
----------------- Done invoking toplevel() on ptolemy.moml.MoMLSimpleApplication@4af414f8
reloadAllAccessors: .SetVariable

===========================================================================================
----------------- testing Mon Apr 06 13:52:26 UTC 2020 /home/travis/build/icyphy/ptII/ptolemy/actor/lib/test/auto/SetVariable2.xml
----------------- Instantiating /home/travis/build/icyphy/ptII/ptolemy/actor/lib/test/auto/SetVariable2.xml
3 ms. Memory: 468992K Free: 237117K (51%)
----------------- Invoking toplevel() on ptolemy.moml.MoMLSimpleApplication@5ed238d4
----------------- Done invoking toplevel() on ptolemy.moml.MoMLSimpleApplication@5ed238d4
reloadAllAccessors: .SetVariable2

===========================================================================================
----------------- testing Mon Apr 06 13:52:26 UTC 2020 /home/travis/build/icyphy/ptII/ptolemy/actor/lib/test/auto/SetVariable3.xml
----------------- Instantiating /home/travis/build/icyphy/ptII/ptolemy/actor/lib/test/auto/SetVariable3.xml
7 ms. Memory: 468992K Free: 230973K (49%)
----------------- Invoking toplevel() on ptolemy.moml.MoMLSimpleApplication@651ac36b
----------------- Done invoking toplevel() on ptolemy.moml.MoMLSimpleApplication@651ac36b
reloadAllAccessors: .SetVariable3

===========================================================================================
----------------- testing Mon Apr 06 13:52:27 UTC 2020 /home/travis/build/icyphy/ptII/ptolemy/actor/lib/test/auto/SetVariable4.xml
----------------- Instantiating /home/travis/build/icyphy/ptII/ptolemy/actor/lib/test/auto/SetVariable4.xml
13 ms. Memory: 468992K Free: 221243K (47%)
----------------- Invoking toplevel() on ptolemy.moml.MoMLSimpleApplication@49ec365e
----------------- Done invoking toplevel() on ptolemy.moml.MoMLSimpleApplication@49ec365e
reloadAllAccessors: .SetVariable4

===========================================================================================
----------------- testing Mon Apr 06 13:52:27 UTC 2020 /home/travis/build/icyphy/ptII/ptolemy/actor/lib/test/auto/SetVariable5.xml
----------------- Instantiating /home/travis/build/icyphy/ptII/ptolemy/actor/lib/test/auto/SetVariable5.xml
15 ms. Memory: 468992K Free: 212027K (45%)
----------------- Invoking toplevel() on ptolemy.moml.MoMLSimpleApplication@78433920
----------------- Done invoking toplevel() on ptolemy.moml.MoMLSimpleApplication@78433920
reloadAllAccessors: .SetVariable5

===========================================================================================
----------------- testing Mon Apr 06 13:52:27 UTC 2020 /home/travis/build/icyphy/ptII/ptolemy/actor/lib/test/auto/Sinewave.xml
----------------- Instantiating /home/travis/build/icyphy/ptII/ptolemy/actor/lib/test/auto/Sinewave.xml
9 ms. Memory: 468992K Free: 201787K (43%)
----------------- Invoking toplevel() on ptolemy.moml.MoMLSimpleApplication@5a9d95ee
----------------- Done invoking toplevel() on ptolemy.moml.MoMLSimpleApplication@5a9d95ee
reloadAllAccessors: .Sinewave

===========================================================================================
----------------- testing Mon Apr 06 13:52:27 UTC 2020 /home/travis/build/icyphy/ptII/ptolemy/actor/lib/test/auto/Sinewave2.xml
----------------- Instantiating /home/travis/build/icyphy/ptII/ptolemy/actor/lib/test/auto/Sinewave2.xml
7 ms. Memory: 468992K Free: 194109K (41%)
----------------- Invoking toplevel() on ptolemy.moml.MoMLSimpleApplication@69bc988a
----------------- Done invoking toplevel() on ptolemy.moml.MoMLSimpleApplication@69bc988a
reloadAllAccessors: .Sinewave2

===========================================================================================
----------------- testing Mon Apr 06 13:52:27 UTC 2020 /home/travis/build/icyphy/ptII/ptolemy/actor/lib/test/auto/Sinewave3.xml
----------------- Instantiating /home/travis/build/icyphy/ptII/ptolemy/actor/lib/test/auto/Sinewave3.xml
9 ms. Memory: 468992K Free: 185917K (40%)
----------------- Invoking toplevel() on ptolemy.moml.MoMLSimpleApplication@25bcb372
----------------- Done invoking toplevel() on ptolemy.moml.MoMLSimpleApplication@25bcb372
reloadAllAccessors: .Sinewave3

===========================================================================================
----------------- testing Mon Apr 06 13:52:27 UTC 2020 /home/travis/build/icyphy/ptII/ptolemy/actor/lib/test/auto/SingleEvent.xml
----------------- Instantiating /home/travis/build/icyphy/ptII/ptolemy/actor/lib/test/auto/SingleEvent.xml
1 ms. Memory: 468992K Free: 181821K (39%)
----------------- Invoking toplevel() on ptolemy.moml.MoMLSimpleApplication@3a899af0
----------------- Done invoking toplevel() on ptolemy.moml.MoMLSimpleApplication@3a899af0
reloadAllAccessors: .SingleEvent

===========================================================================================
----------------- testing Mon Apr 06 13:52:27 UTC 2020 /home/travis/build/icyphy/ptII/ptolemy/actor/lib/test/auto/Sleep.xml
----------------- Instantiating /home/travis/build/icyphy/ptII/ptolemy/actor/lib/test/auto/Sleep.xml
6003 ms. Memory: 468992K Free: 176157K (38%)
----------------- Invoking toplevel() on ptolemy.moml.MoMLSimpleApplication@32815ea
----------------- Done invoking toplevel() on ptolemy.moml.MoMLSimpleApplication@32815ea
reloadAllAccessors: .Sleep

===========================================================================================
----------------- testing Mon Apr 06 13:52:33 UTC 2020 /home/travis/build/icyphy/ptII/ptolemy/actor/lib/test/auto/SleepMultipleFire.xml
----------------- Instantiating /home/travis/build/icyphy/ptII/ptolemy/actor/lib/test/auto/SleepMultipleFire.xml
1005 ms. Memory: 468992K Free: 170557K (36%)
----------------- Invoking toplevel() on ptolemy.moml.MoMLSimpleApplication@4e546ca6
----------------- Done invoking toplevel() on ptolemy.moml.MoMLSimpleApplication@4e546ca6
reloadAllAccessors: .SleepMultipleFire

===========================================================================================
----------------- testing Mon Apr 06 13:52:34 UTC 2020 /home/travis/build/icyphy/ptII/ptolemy/actor/lib/test/auto/StopDE.xml
----------------- Instantiating /home/travis/build/icyphy/ptII/ptolemy/actor/lib/test/auto/StopDE.xml
6 ms. Memory: 468992K Free: 164923K (35%)
----------------- Invoking toplevel() on ptolemy.moml.MoMLSimpleApplication@3af567dc
----------------- Done invoking toplevel() on ptolemy.moml.MoMLSimpleApplication@3af567dc
reloadAllAccessors: .StopDE

===========================================================================================
----------------- testing Mon Apr 06 13:52:34 UTC 2020 /home/travis/build/icyphy/ptII/ptolemy/actor/lib/test/auto/StopSDF.xml
----------------- Instantiating /home/travis/build/icyphy/ptII/ptolemy/actor/lib/test/auto/StopSDF.xml
9 ms. Memory: 468992K Free: 159803K (34%)
----------------- Invoking toplevel() on ptolemy.moml.MoMLSimpleApplication@4cbb0c21
----------------- Done invoking toplevel() on ptolemy.moml.MoMLSimpleApplication@4cbb0c21
reloadAllAccessors: .StopSDF

===========================================================================================
----------------- testing Mon Apr 06 13:52:34 UTC 2020 /home/travis/build/icyphy/ptII/ptolemy/actor/lib/test/auto/StringConstant.xml
----------------- Instantiating /home/travis/build/icyphy/ptII/ptolemy/actor/lib/test/auto/StringConstant.xml
11 ms. Memory: 468992K Free: 155197K (33%)
----------------- Invoking toplevel() on ptolemy.moml.MoMLSimpleApplication@12f0c9d9
----------------- Done invoking toplevel() on ptolemy.moml.MoMLSimpleApplication@12f0c9d9
reloadAllAccessors: .StringConstant

===========================================================================================
----------------- testing Mon Apr 06 13:52:34 UTC 2020 /home/travis/build/icyphy/ptII/ptolemy/actor/lib/test/auto/SubscriberPortInitialValues1.xml
----------------- Instantiating /home/travis/build/icyphy/ptII/ptolemy/actor/lib/test/auto/SubscriberPortInitialValues1.xml
12 ms. Memory: 468992K Free: 146491K (31%)
----------------- Invoking toplevel() on ptolemy.moml.MoMLSimpleApplication@4b6aff53
----------------- Done invoking toplevel() on ptolemy.moml.MoMLSimpleApplication@4b6aff53
reloadAllAccessors: .SubscriberPortInitialValues1

===========================================================================================
----------------- testing Mon Apr 06 13:52:34 UTC 2020 /home/travis/build/icyphy/ptII/ptolemy/actor/lib/test/auto/SubscriberPortInitialValues13.xml
----------------- Instantiating /home/travis/build/icyphy/ptII/ptolemy/actor/lib/test/auto/SubscriberPortInitialValues13.xml
8 ms. Memory: 468992K Free: 409400K (87%)
----------------- Invoking toplevel() on ptolemy.moml.MoMLSimpleApplication@b8cc78c
----------------- Done invoking toplevel() on ptolemy.moml.MoMLSimpleApplication@b8cc78c
reloadAllAccessors: .SubscriberPortInitialValues13

===========================================================================================
----------------- testing Mon Apr 06 13:52:34 UTC 2020 /home/travis/build/icyphy/ptII/ptolemy/actor/lib/test/auto/SubscriberPortInitialValues14.xml
----------------- Instantiating /home/travis/build/icyphy/ptII/ptolemy/actor/lib/test/auto/SubscriberPortInitialValues14.xml
4 ms. Memory: 468992K Free: 401238K (86%)
----------------- Invoking toplevel() on ptolemy.moml.MoMLSimpleApplication@444348e1
----------------- Done invoking toplevel() on ptolemy.moml.MoMLSimpleApplication@444348e1
reloadAllAccessors: .SubscriberPortInitialValues14

===========================================================================================
----------------- testing Mon Apr 06 13:52:34 UTC 2020 /home/travis/build/icyphy/ptII/ptolemy/actor/lib/test/auto/SubscriberPortInitialValues2.xml
----------------- Instantiating /home/travis/build/icyphy/ptII/ptolemy/actor/lib/test/auto/SubscriberPortInitialValues2.xml
4 ms. Memory: 468992K Free: 393560K (84%)
----------------- Invoking toplevel() on ptolemy.moml.MoMLSimpleApplication@5f66f75b
----------------- Done invoking toplevel() on ptolemy.moml.MoMLSimpleApplication@5f66f75b
reloadAllAccessors: .SubscriberPortInitialValues2

===========================================================================================
----------------- testing Mon Apr 06 13:52:34 UTC 2020 /home/travis/build/icyphy/ptII/ptolemy/actor/lib/test/auto/SubscriberPortInitialValues3.xml
----------------- Instantiating /home/travis/build/icyphy/ptII/ptolemy/actor/lib/test/auto/SubscriberPortInitialValues3.xml
5 ms. Memory: 468992K Free: 382806K (82%)
----------------- Invoking toplevel() on ptolemy.moml.MoMLSimpleApplication@644a76b8
----------------- Done invoking toplevel() on ptolemy.moml.MoMLSimpleApplication@644a76b8
reloadAllAccessors: .SubscriberPortInitialValues3

===========================================================================================
----------------- testing Mon Apr 06 13:52:34 UTC 2020 /home/travis/build/icyphy/ptII/ptolemy/actor/lib/test/auto/SubscriptionAggregator.xml
----------------- Instantiating /home/travis/build/icyphy/ptII/ptolemy/actor/lib/test/auto/SubscriptionAggregator.xml
3 ms. Memory: 468992K Free: 375624K (80%)
----------------- Invoking toplevel() on ptolemy.moml.MoMLSimpleApplication@da74071
----------------- Done invoking toplevel() on ptolemy.moml.MoMLSimpleApplication@da74071
reloadAllAccessors: .SubscriptionAggregator

===========================================================================================
----------------- testing Mon Apr 06 13:52:34 UTC 2020 /home/travis/build/icyphy/ptII/ptolemy/actor/lib/test/auto/SubscriptionAggregator2.xml
----------------- Instantiating /home/travis/build/icyphy/ptII/ptolemy/actor/lib/test/auto/SubscriptionAggregator2.xml
3 ms. Memory: 468992K Free: 368984K (79%)
----------------- Invoking toplevel() on ptolemy.moml.MoMLSimpleApplication@272a2a7d
----------------- Done invoking toplevel() on ptolemy.moml.MoMLSimpleApplication@272a2a7d
reloadAllAccessors: .SubscriptionAggregator2

===========================================================================================
----------------- testing Mon Apr 06 13:52:34 UTC 2020 /home/travis/build/icyphy/ptII/ptolemy/actor/lib/test/auto/SubscriptionAggregator3.xml
----------------- Instantiating /home/travis/build/icyphy/ptII/ptolemy/actor/lib/test/auto/SubscriptionAggregator3.xml
4 ms. Memory: 468992K Free: 359768K (77%)
----------------- Invoking toplevel() on ptolemy.moml.MoMLSimpleApplication@32de3a7f
----------------- Done invoking toplevel() on ptolemy.moml.MoMLSimpleApplication@32de3a7f
reloadAllAccessors: .SubscriptionAggregator3

===========================================================================================
----------------- testing Mon Apr 06 13:52:34 UTC 2020 /home/travis/build/icyphy/ptII/ptolemy/actor/lib/test/auto/SubscriptionAggregatorMultiply.xml
----------------- Instantiating /home/travis/build/icyphy/ptII/ptolemy/actor/lib/test/auto/SubscriptionAggregatorMultiply.xml
3 ms. Memory: 468992K Free: 351056K (75%)
----------------- Invoking toplevel() on ptolemy.moml.MoMLSimpleApplication@74041be8
----------------- Done invoking toplevel() on ptolemy.moml.MoMLSimpleApplication@74041be8
reloadAllAccessors: .SubscriptionAggregatorMultiply

===========================================================================================
----------------- testing Mon Apr 06 13:52:34 UTC 2020 /home/travis/build/icyphy/ptII/ptolemy/actor/lib/test/auto/SubscriptionAggregatorPortMultiply1.xml
----------------- Instantiating /home/travis/build/icyphy/ptII/ptolemy/actor/lib/test/auto/SubscriptionAggregatorPortMultiply1.xml
5 ms. Memory: 468992K Free: 342870K (73%)
----------------- Invoking toplevel() on ptolemy.moml.MoMLSimpleApplication@20a45ecb
----------------- Done invoking toplevel() on ptolemy.moml.MoMLSimpleApplication@20a45ecb
reloadAllAccessors: .SubscriptionAggregatorPortMultiply1

===========================================================================================
----------------- testing Mon Apr 06 13:52:34 UTC 2020 /home/travis/build/icyphy/ptII/ptolemy/actor/lib/test/auto/Switch.xml
----------------- Instantiating /home/travis/build/icyphy/ptII/ptolemy/actor/lib/test/auto/Switch.xml
7 ms. Memory: 468992K Free: 334678K (71%)
----------------- Invoking toplevel() on ptolemy.moml.MoMLSimpleApplication@2b92a821
----------------- Done invoking toplevel() on ptolemy.moml.MoMLSimpleApplication@2b92a821
reloadAllAccessors: .Switch

===========================================================================================
----------------- testing Mon Apr 06 13:52:34 UTC 2020 /home/travis/build/icyphy/ptII/ptolemy/actor/lib/test/auto/Switch2.xml
----------------- Instantiating /home/travis/build/icyphy/ptII/ptolemy/actor/lib/test/auto/Switch2.xml
1 ms. Memory: 468992K Free: 330072K (70%)
----------------- Invoking toplevel() on ptolemy.moml.MoMLSimpleApplication@62216327
----------------- Done invoking toplevel() on ptolemy.moml.MoMLSimpleApplication@62216327
reloadAllAccessors: .Switch2

===========================================================================================
----------------- testing Mon Apr 06 13:52:34 UTC 2020 /home/travis/build/icyphy/ptII/ptolemy/actor/lib/test/auto/SwitchDE.xml
----------------- Instantiating /home/travis/build/icyphy/ptII/ptolemy/actor/lib/test/auto/SwitchDE.xml
3 ms. Memory: 468992K Free: 323400K (69%)
----------------- Invoking toplevel() on ptolemy.moml.MoMLSimpleApplication@69936b0b
----------------- Done invoking toplevel() on ptolemy.moml.MoMLSimpleApplication@69936b0b
reloadAllAccessors: .SwitchDE

===========================================================================================
----------------- testing Mon Apr 06 13:52:34 UTC 2020 /home/travis/build/icyphy/ptII/ptolemy/actor/lib/test/auto/SynchronizerDE.xml
----------------- Instantiating /home/travis/build/icyphy/ptII/ptolemy/actor/lib/test/auto/SynchronizerDE.xml
6 ms. Memory: 468992K Free: 315208K (67%)
----------------- Invoking toplevel() on ptolemy.moml.MoMLSimpleApplication@7e16c4ce
----------------- Done invoking toplevel() on ptolemy.moml.MoMLSimpleApplication@7e16c4ce
reloadAllAccessors: .SynchronizerDE

===========================================================================================
----------------- testing Mon Apr 06 13:52:34 UTC 2020 /home/travis/build/icyphy/ptII/ptolemy/actor/lib/test/auto/Test.xml
----------------- Instantiating /home/travis/build/icyphy/ptII/ptolemy/actor/lib/test/auto/Test.xml
2 ms. Memory: 468992K Free: 310088K (66%)
----------------- Invoking toplevel() on ptolemy.moml.MoMLSimpleApplication@2d141b7e
----------------- Done invoking toplevel() on ptolemy.moml.MoMLSimpleApplication@2d141b7e
reloadAllAccessors: .Test

===========================================================================================
----------------- testing Mon Apr 06 13:52:34 UTC 2020 /home/travis/build/icyphy/ptII/ptolemy/actor/lib/test/auto/TestExceptionAttribute1.xml
----------------- Instantiating /home/travis/build/icyphy/ptII/ptolemy/actor/lib/test/auto/TestExceptionAttribute1.xml
1 ms. Memory: 468992K Free: 306520K (65%)
----------------- Invoking toplevel() on ptolemy.moml.MoMLSimpleApplication@6d801417
----------------- Done invoking toplevel() on ptolemy.moml.MoMLSimpleApplication@6d801417
reloadAllAccessors: .TestExceptionAttribute1

===========================================================================================
----------------- testing Mon Apr 06 13:52:34 UTC 2020 /home/travis/build/icyphy/ptII/ptolemy/actor/lib/test/auto/TestExceptionAttribute2.xml
----------------- Instantiating /home/travis/build/icyphy/ptII/ptolemy/actor/lib/test/auto/TestExceptionAttribute2.xml
1 ms. Memory: 468992K Free: 302424K (64%)
----------------- Invoking toplevel() on ptolemy.moml.MoMLSimpleApplication@37e2552d
----------------- Done invoking toplevel() on ptolemy.moml.MoMLSimpleApplication@37e2552d
reloadAllAccessors: .TestExceptionAttribute2

===========================================================================================
----------------- testing Mon Apr 06 13:52:34 UTC 2020 /home/travis/build/icyphy/ptII/ptolemy/actor/lib/test/auto/TestExceptionAttribute3.xml
----------------- Instantiating /home/travis/build/icyphy/ptII/ptolemy/actor/lib/test/auto/TestExceptionAttribute3.xml
.TestExceptionAttribute3.TestExceptionAttribute: initialize() was not invoked, but wrapup() was.  This is unusual, but not always a problem.  For example, exporting JNLP will do this.
1 ms. Memory: 468992K Free: 298838K (64%)
----------------- Invoking toplevel() on ptolemy.moml.MoMLSimpleApplication@2185779d
----------------- Done invoking toplevel() on ptolemy.moml.MoMLSimpleApplication@2185779d
reloadAllAccessors: .TestExceptionAttribute3

===========================================================================================
----------------- testing Mon Apr 06 13:52:34 UTC 2020 /home/travis/build/icyphy/ptII/ptolemy/actor/lib/test/auto/TestExceptionAttribute4.xml
----------------- Instantiating /home/travis/build/icyphy/ptII/ptolemy/actor/lib/test/auto/TestExceptionAttribute4.xml
.TestExceptionAttribute4.TestExceptionAttribute: initialize() was not invoked, but wrapup() was.  This is unusual, but not always a problem.  For example, exporting JNLP will do this.
.TestExceptionAttribute4.TestExceptionAttribute2: initialize() was not invoked, but wrapup() was.  This is unusual, but not always a problem.  For example, exporting JNLP will do this.
1 ms. Memory: 468992K Free: 294742K (63%)
----------------- Invoking toplevel() on ptolemy.moml.MoMLSimpleApplication@64b3c4b
----------------- Done invoking toplevel() on ptolemy.moml.MoMLSimpleApplication@64b3c4b
reloadAllAccessors: .TestExceptionAttribute4

===========================================================================================
----------------- testing Mon Apr 06 13:52:34 UTC 2020 /home/travis/build/icyphy/ptII/ptolemy/actor/lib/test/auto/TestExceptionHandler1.xml
----------------- Instantiating /home/travis/build/icyphy/ptII/ptolemy/actor/lib/test/auto/TestExceptionHandler1.xml
1 ms. Memory: 468992K Free: 291160K (62%)
----------------- Invoking toplevel() on ptolemy.moml.MoMLSimpleApplication@a91960c
----------------- Done invoking toplevel() on ptolemy.moml.MoMLSimpleApplication@a91960c
reloadAllAccessors: .TestExceptionHandler1

===========================================================================================
----------------- testing Mon Apr 06 13:52:34 UTC 2020 /home/travis/build/icyphy/ptII/ptolemy/actor/lib/test/auto/TestExceptionHandler2.xml
----------------- Instantiating /home/travis/build/icyphy/ptII/ptolemy/actor/lib/test/auto/TestExceptionHandler2.xml
1 ms. Memory: 468992K Free: 287574K (61%)
----------------- Invoking toplevel() on ptolemy.moml.MoMLSimpleApplication@2745fce5
----------------- Done invoking toplevel() on ptolemy.moml.MoMLSimpleApplication@2745fce5
reloadAllAccessors: .TestExceptionHandler2

===========================================================================================
----------------- testing Mon Apr 06 13:52:34 UTC 2020 /home/travis/build/icyphy/ptII/ptolemy/actor/lib/test/auto/TestExceptionHandler3.xml
----------------- Instantiating /home/travis/build/icyphy/ptII/ptolemy/actor/lib/test/auto/TestExceptionHandler3.xml
1 ms. Memory: 468992K Free: 283478K (60%)
----------------- Invoking toplevel() on ptolemy.moml.MoMLSimpleApplication@4d5415f3
----------------- Done invoking toplevel() on ptolemy.moml.MoMLSimpleApplication@4d5415f3
reloadAllAccessors: .TestExceptionHandler3

===========================================================================================
----------------- testing Mon Apr 06 13:52:34 UTC 2020 /home/travis/build/icyphy/ptII/ptolemy/actor/lib/test/auto/TestExceptionHandler4.xml
----------------- Instantiating /home/travis/build/icyphy/ptII/ptolemy/actor/lib/test/auto/TestExceptionHandler4.xml
0 ms. Memory: 468992K Free: 279382K (60%)
----------------- Invoking toplevel() on ptolemy.moml.MoMLSimpleApplication@370f0703
----------------- Done invoking toplevel() on ptolemy.moml.MoMLSimpleApplication@370f0703
reloadAllAccessors: .TestExceptionHandler4

===========================================================================================
----------------- testing Mon Apr 06 13:52:34 UTC 2020 /home/travis/build/icyphy/ptII/ptolemy/actor/lib/test/auto/TestRequireCorrectOrder.xml
----------------- Instantiating /home/travis/build/icyphy/ptII/ptolemy/actor/lib/test/auto/TestRequireCorrectOrder.xml
10 ms. Memory: 468992K Free: 274232K (58%)
----------------- Invoking toplevel() on ptolemy.moml.MoMLSimpleApplication@794c14f3
----------------- Done invoking toplevel() on ptolemy.moml.MoMLSimpleApplication@794c14f3
reloadAllAccessors: .TestRequireCorrectOrder

===========================================================================================
----------------- testing Mon Apr 06 13:52:34 UTC 2020 /home/travis/build/icyphy/ptII/ptolemy/actor/lib/test/auto/TestSimple.xml
----------------- Instantiating /home/travis/build/icyphy/ptII/ptolemy/actor/lib/test/auto/TestSimple.xml
5 ms. Memory: 468992K Free: 269656K (57%)
----------------- Invoking toplevel() on ptolemy.moml.MoMLSimpleApplication@6735d4b0
----------------- Done invoking toplevel() on ptolemy.moml.MoMLSimpleApplication@6735d4b0
reloadAllAccessors: .TestSimple

===========================================================================================
----------------- testing Mon Apr 06 13:52:34 UTC 2020 /home/travis/build/icyphy/ptII/ptolemy/actor/lib/test/auto/ThrowModelError.xml
----------------- Instantiating /home/travis/build/icyphy/ptII/ptolemy/actor/lib/test/auto/ThrowModelError.xml
1 ms. Memory: 468992K Free: 264536K (56%)
----------------- Invoking toplevel() on ptolemy.moml.MoMLSimpleApplication@7afe54ed
----------------- Done invoking toplevel() on ptolemy.moml.MoMLSimpleApplication@7afe54ed
reloadAllAccessors: .ThrowModelError

===========================================================================================
----------------- testing Mon Apr 06 13:52:34 UTC 2020 /home/travis/build/icyphy/ptII/ptolemy/actor/lib/test/auto/TimeDelayMicrosteps.xml
----------------- Instantiating /home/travis/build/icyphy/ptII/ptolemy/actor/lib/test/auto/TimeDelayMicrosteps.xml
2 ms. Memory: 468992K Free: 257872K (55%)
----------------- Invoking toplevel() on ptolemy.moml.MoMLSimpleApplication@6338b815
----------------- Done invoking toplevel() on ptolemy.moml.MoMLSimpleApplication@6338b815
reloadAllAccessors: .TimeDelayMicrosteps

===========================================================================================
----------------- testing Mon Apr 06 13:52:34 UTC 2020 /home/travis/build/icyphy/ptII/ptolemy/actor/lib/test/auto/TimeDelayMicrosteps2.xml
----------------- Instantiating /home/travis/build/icyphy/ptII/ptolemy/actor/lib/test/auto/TimeDelayMicrosteps2.xml
4 ms. Memory: 468992K Free: 250680K (53%)
----------------- Invoking toplevel() on ptolemy.moml.MoMLSimpleApplication@5db663cc
----------------- Done invoking toplevel() on ptolemy.moml.MoMLSimpleApplication@5db663cc
reloadAllAccessors: .TimeDelayMicrosteps2

===========================================================================================
----------------- testing Mon Apr 06 13:52:34 UTC 2020 /home/travis/build/icyphy/ptII/ptolemy/actor/lib/test/auto/TimeDelayMicrosteps3.xml
----------------- Instantiating /home/travis/build/icyphy/ptII/ptolemy/actor/lib/test/auto/TimeDelayMicrosteps3.xml
2 ms. Memory: 468992K Free: 244056K (52%)
----------------- Invoking toplevel() on ptolemy.moml.MoMLSimpleApplication@611868c6
----------------- Done invoking toplevel() on ptolemy.moml.MoMLSimpleApplication@611868c6
reloadAllAccessors: .TimeDelayMicrosteps3

===========================================================================================
----------------- testing Mon Apr 06 13:52:34 UTC 2020 /home/travis/build/icyphy/ptII/ptolemy/actor/lib/test/auto/TimeDelayVariableMicrosteps.xml
----------------- Instantiating /home/travis/build/icyphy/ptII/ptolemy/actor/lib/test/auto/TimeDelayVariableMicrosteps.xml
3 ms. Memory: 468992K Free: 237396K (51%)
----------------- Invoking toplevel() on ptolemy.moml.MoMLSimpleApplication@205e19a1
----------------- Done invoking toplevel() on ptolemy.moml.MoMLSimpleApplication@205e19a1
reloadAllAccessors: .TimeDelayVariableMicrosteps

===========================================================================================
----------------- testing Mon Apr 06 13:52:34 UTC 2020 /home/travis/build/icyphy/ptII/ptolemy/actor/lib/test/auto/TimeGap.xml
----------------- Instantiating /home/travis/build/icyphy/ptII/ptolemy/actor/lib/test/auto/TimeGap.xml
3 ms. Memory: 468992K Free: 232248K (50%)
----------------- Invoking toplevel() on ptolemy.moml.MoMLSimpleApplication@31dc08d2
----------------- Done invoking toplevel() on ptolemy.moml.MoMLSimpleApplication@31dc08d2
reloadAllAccessors: .TimeGap

===========================================================================================
----------------- testing Mon Apr 06 13:52:34 UTC 2020 /home/travis/build/icyphy/ptII/ptolemy/actor/lib/test/auto/TimeGap2.xml
----------------- Instantiating /home/travis/build/icyphy/ptII/ptolemy/actor/lib/test/auto/TimeGap2.xml
1 ms. Memory: 468992K Free: 226648K (48%)
----------------- Invoking toplevel() on ptolemy.moml.MoMLSimpleApplication@10cc30d
----------------- Done invoking toplevel() on ptolemy.moml.MoMLSimpleApplication@10cc30d
reloadAllAccessors: .TimeGap2

===========================================================================================
----------------- testing Mon Apr 06 13:52:34 UTC 2020 /home/travis/build/icyphy/ptII/ptolemy/actor/lib/test/auto/TimedSinewave.xml
----------------- Instantiating /home/travis/build/icyphy/ptII/ptolemy/actor/lib/test/auto/TimedSinewave.xml
25 ms. Memory: 468992K Free: 211798K (45%)
----------------- Invoking toplevel() on ptolemy.moml.MoMLSimpleApplication@36b5728
----------------- Done invoking toplevel() on ptolemy.moml.MoMLSimpleApplication@36b5728
reloadAllAccessors: .TimedSinewave

===========================================================================================
----------------- testing Mon Apr 06 13:52:34 UTC 2020 /home/travis/build/icyphy/ptII/ptolemy/actor/lib/test/auto/TimedSinewavePhase.xml
----------------- Instantiating /home/travis/build/icyphy/ptII/ptolemy/actor/lib/test/auto/TimedSinewavePhase.xml
12 ms. Memory: 468992K Free: 202072K (43%)
----------------- Invoking toplevel() on ptolemy.moml.MoMLSimpleApplication@4f9b57bd
----------------- Done invoking toplevel() on ptolemy.moml.MoMLSimpleApplication@4f9b57bd
reloadAllAccessors: .TimedSinewavePhase

===========================================================================================
----------------- testing Mon Apr 06 13:52:34 UTC 2020 /home/travis/build/icyphy/ptII/ptolemy/actor/lib/test/auto/Timer.xml
----------------- Instantiating /home/travis/build/icyphy/ptII/ptolemy/actor/lib/test/auto/Timer.xml
2 ms. Memory: 468992K Free: 196432K (42%)
----------------- Invoking toplevel() on ptolemy.moml.MoMLSimpleApplication@5f51de8c
----------------- Done invoking toplevel() on ptolemy.moml.MoMLSimpleApplication@5f51de8c
reloadAllAccessors: .Timer

===========================================================================================
----------------- testing Mon Apr 06 13:52:34 UTC 2020 /home/travis/build/icyphy/ptII/ptolemy/actor/lib/test/auto/TriangularDistTestModel.xml
----------------- Instantiating /home/travis/build/icyphy/ptII/ptolemy/actor/lib/test/auto/TriangularDistTestModel.xml
3 ms. Memory: 468992K Free: 190808K (41%)
----------------- Invoking toplevel() on ptolemy.moml.MoMLSimpleApplication@37efe59a
----------------- Done invoking toplevel() on ptolemy.moml.MoMLSimpleApplication@37efe59a
reloadAllAccessors: .TriangularDistTestModel

===========================================================================================
----------------- testing Mon Apr 06 13:52:34 UTC 2020 /home/travis/build/icyphy/ptII/ptolemy/actor/lib/test/auto/TrigFunction.xml
----------------- Instantiating /home/travis/build/icyphy/ptII/ptolemy/actor/lib/test/auto/TrigFunction.xml
2 ms. Memory: 468992K Free: 185688K (40%)
----------------- Invoking toplevel() on ptolemy.moml.MoMLSimpleApplication@3ffb43dd
----------------- Done invoking toplevel() on ptolemy.moml.MoMLSimpleApplication@3ffb43dd
reloadAllAccessors: .TrigFunction

===========================================================================================
----------------- testing Mon Apr 06 13:52:35 UTC 2020 /home/travis/build/icyphy/ptII/ptolemy/actor/lib/test/auto/TrigFunctionDE.xml
----------------- Instantiating /home/travis/build/icyphy/ptII/ptolemy/actor/lib/test/auto/TrigFunctionDE.xml
2 ms. Memory: 468992K Free: 180054K (38%)
----------------- Invoking toplevel() on ptolemy.moml.MoMLSimpleApplication@74a37cf3
----------------- Done invoking toplevel() on ptolemy.moml.MoMLSimpleApplication@74a37cf3
reloadAllAccessors: .TrigFunctionDE

===========================================================================================
----------------- testing Mon Apr 06 13:52:35 UTC 2020 /home/travis/build/icyphy/ptII/ptolemy/actor/lib/test/auto/TrigFunctionInverse.xml
----------------- Instantiating /home/travis/build/icyphy/ptII/ptolemy/actor/lib/test/auto/TrigFunctionInverse.xml
2 ms. Memory: 468992K Free: 174934K (37%)
----------------- Invoking toplevel() on ptolemy.moml.MoMLSimpleApplication@10000989
----------------- Done invoking toplevel() on ptolemy.moml.MoMLSimpleApplication@10000989
reloadAllAccessors: .TrigFunctionInverse

===========================================================================================
----------------- testing Mon Apr 06 13:52:35 UTC 2020 /home/travis/build/icyphy/ptII/ptolemy/actor/lib/test/auto/TrigFunctionTan.xml
----------------- Instantiating /home/travis/build/icyphy/ptII/ptolemy/actor/lib/test/auto/TrigFunctionTan.xml
2 ms. Memory: 468992K Free: 170838K (36%)
----------------- Invoking toplevel() on ptolemy.moml.MoMLSimpleApplication@202c5599
----------------- Done invoking toplevel() on ptolemy.moml.MoMLSimpleApplication@202c5599
reloadAllAccessors: .TrigFunctionTan

===========================================================================================
----------------- testing Mon Apr 06 13:52:35 UTC 2020 /home/travis/build/icyphy/ptII/ptolemy/actor/lib/test/auto/TriggeredClock.xml
----------------- Instantiating /home/travis/build/icyphy/ptII/ptolemy/actor/lib/test/auto/TriggeredClock.xml
1 ms. Memory: 468992K Free: 165208K (35%)
----------------- Invoking toplevel() on ptolemy.moml.MoMLSimpleApplication@7badce3
----------------- Done invoking toplevel() on ptolemy.moml.MoMLSimpleApplication@7badce3
reloadAllAccessors: .TriggeredClock

===========================================================================================
----------------- testing Mon Apr 06 13:52:35 UTC 2020 /home/travis/build/icyphy/ptII/ptolemy/actor/lib/test/auto/URLDirectoryReader.xml
----------------- Instantiating /home/travis/build/icyphy/ptII/ptolemy/actor/lib/test/auto/URLDirectoryReader.xml
29 ms. Memory: 468992K Free: 155992K (33%)
----------------- Invoking toplevel() on ptolemy.moml.MoMLSimpleApplication@1671c076
----------------- Done invoking toplevel() on ptolemy.moml.MoMLSimpleApplication@1671c076
reloadAllAccessors: .URLDirectoryReader

===========================================================================================
----------------- testing Mon Apr 06 13:52:35 UTC 2020 /home/travis/build/icyphy/ptII/ptolemy/actor/lib/test/auto/URLDirectoryReader3.xml
----------------- Instantiating /home/travis/build/icyphy/ptII/ptolemy/actor/lib/test/auto/URLDirectoryReader3.xml
1027 ms. Memory: 468992K Free: 406332K (87%)
----------------- Invoking toplevel() on ptolemy.moml.MoMLSimpleApplication@5366ed55
----------------- Done invoking toplevel() on ptolemy.moml.MoMLSimpleApplication@5366ed55
reloadAllAccessors: .URLDirectoryReader3

===========================================================================================
----------------- testing Mon Apr 06 13:52:36 UTC 2020 /home/travis/build/icyphy/ptII/ptolemy/actor/lib/test/auto/UnaryMathFunction.xml
----------------- Instantiating /home/travis/build/icyphy/ptII/ptolemy/actor/lib/test/auto/UnaryMathFunction.xml
3 ms. Memory: 468992K Free: 398514K (85%)
----------------- Invoking toplevel() on ptolemy.moml.MoMLSimpleApplication@5264b161
----------------- Done invoking toplevel() on ptolemy.moml.MoMLSimpleApplication@5264b161
reloadAllAccessors: .UnaryMathFunction

===========================================================================================
----------------- testing Mon Apr 06 13:52:36 UTC 2020 /home/travis/build/icyphy/ptII/ptolemy/actor/lib/test/auto/Uniform.xml
----------------- Instantiating /home/travis/build/icyphy/ptII/ptolemy/actor/lib/test/auto/Uniform.xml
4 ms. Memory: 468992K Free: 393908K (84%)
----------------- Invoking toplevel() on ptolemy.moml.MoMLSimpleApplication@24a79371
----------------- Done invoking toplevel() on ptolemy.moml.MoMLSimpleApplication@24a79371
reloadAllAccessors: .Uniform

===========================================================================================
----------------- testing Mon Apr 06 13:52:36 UTC 2020 /home/travis/build/icyphy/ptII/ptolemy/actor/lib/test/auto/UnionDisassemblerTest.xml
----------------- Instantiating /home/travis/build/icyphy/ptII/ptolemy/actor/lib/test/auto/UnionDisassemblerTest.xml
15 ms. Memory: 468992K Free: 390322K (83%)
----------------- Invoking toplevel() on ptolemy.moml.MoMLSimpleApplication@620c5130
----------------- Done invoking toplevel() on ptolemy.moml.MoMLSimpleApplication@620c5130
reloadAllAccessors: .UnionDisassemblerTest

===========================================================================================
----------------- testing Mon Apr 06 13:52:36 UTC 2020 /home/travis/build/icyphy/ptII/ptolemy/actor/lib/test/auto/UtilityFunctions.xml
----------------- Instantiating /home/travis/build/icyphy/ptII/ptolemy/actor/lib/test/auto/UtilityFunctions.xml
1 ms. Memory: 468992K Free: 385716K (82%)
----------------- Invoking toplevel() on ptolemy.moml.MoMLSimpleApplication@7ca9f6a9
----------------- Done invoking toplevel() on ptolemy.moml.MoMLSimpleApplication@7ca9f6a9
reloadAllAccessors: .UtilityFunctions

===========================================================================================
----------------- testing Mon Apr 06 13:52:36 UTC 2020 /home/travis/build/icyphy/ptII/ptolemy/actor/lib/test/auto/VariableSleep.xml
----------------- Instantiating /home/travis/build/icyphy/ptII/ptolemy/actor/lib/test/auto/VariableSleep.xml
503 ms. Memory: 468992K Free: 380596K (81%)
----------------- Invoking toplevel() on ptolemy.moml.MoMLSimpleApplication@12b4ea0a
----------------- Done invoking toplevel() on ptolemy.moml.MoMLSimpleApplication@12b4ea0a
reloadAllAccessors: .VariableSleep

===========================================================================================
----------------- testing Mon Apr 06 13:52:37 UTC 2020 /home/travis/build/icyphy/ptII/ptolemy/actor/lib/test/auto/VectorAssemblerDisassemblerCT.xml
----------------- Instantiating /home/travis/build/icyphy/ptII/ptolemy/actor/lib/test/auto/VectorAssemblerDisassemblerCT.xml
70 ms. Memory: 468992K Free: 359602K (77%)
----------------- Invoking toplevel() on ptolemy.moml.MoMLSimpleApplication@5525d91a
----------------- Done invoking toplevel() on ptolemy.moml.MoMLSimpleApplication@5525d91a
reloadAllAccessors: .VectorAssemblerDisassemblerCT

===========================================================================================
----------------- testing Mon Apr 06 13:52:37 UTC 2020 /home/travis/build/icyphy/ptII/ptolemy/actor/lib/test/auto/VectorAssemblerDisassemblerDE.xml
----------------- Instantiating /home/travis/build/icyphy/ptII/ptolemy/actor/lib/test/auto/VectorAssemblerDisassemblerDE.xml
10 ms. Memory: 468992K Free: 351924K (75%)
----------------- Invoking toplevel() on ptolemy.moml.MoMLSimpleApplication@b988cce
----------------- Done invoking toplevel() on ptolemy.moml.MoMLSimpleApplication@b988cce
reloadAllAccessors: .VectorAssemblerDisassemblerDE

===========================================================================================
----------------- testing Mon Apr 06 13:52:37 UTC 2020 /home/travis/build/icyphy/ptII/ptolemy/actor/lib/test/auto/VectorAssemblerDisassemblerSDF.xml
----------------- Instantiating /home/travis/build/icyphy/ptII/ptolemy/actor/lib/test/auto/VectorAssemblerDisassemblerSDF.xml
2 ms. Memory: 468992K Free: 345266K (74%)
----------------- Invoking toplevel() on ptolemy.moml.MoMLSimpleApplication@4be630f
----------------- Done invoking toplevel() on ptolemy.moml.MoMLSimpleApplication@4be630f
reloadAllAccessors: .VectorAssemblerDisassemblerSDF

===========================================================================================
----------------- testing Mon Apr 06 13:52:37 UTC 2020 /home/travis/build/icyphy/ptII/ptolemy/actor/lib/test/auto/WallClockTime.xml
----------------- Instantiating /home/travis/build/icyphy/ptII/ptolemy/actor/lib/test/auto/WallClockTime.xml
1004 ms. Memory: 468992K Free: 340146K (73%)
----------------- Invoking toplevel() on ptolemy.moml.MoMLSimpleApplication@10674d6
----------------- Done invoking toplevel() on ptolemy.moml.MoMLSimpleApplication@10674d6
reloadAllAccessors: .WallClockTime

===========================================================================================
----------------- testing Mon Apr 06 13:52:38 UTC 2020 /home/travis/build/icyphy/ptII/ptolemy/actor/lib/test/auto/WidthTestWithSubscriberPublisher.xml
----------------- Instantiating /home/travis/build/icyphy/ptII/ptolemy/actor/lib/test/auto/WidthTestWithSubscriberPublisher.xml
7 ms. Memory: 468992K Free: 322228K (69%)
----------------- Invoking toplevel() on ptolemy.moml.MoMLSimpleApplication@248de17b
----------------- Done invoking toplevel() on ptolemy.moml.MoMLSimpleApplication@248de17b
reloadAllAccessors: .WidthTestWithSubscriberPublisher

===========================================================================================
----------------- testing Mon Apr 06 13:52:38 UTC 2020 /home/travis/build/icyphy/ptII/ptolemy/actor/lib/test/auto/WidthTestWithSubscriberPublisher2.xml
----------------- Instantiating /home/travis/build/icyphy/ptII/ptolemy/actor/lib/test/auto/WidthTestWithSubscriberPublisher2.xml
2 ms. Memory: 468992K Free: 314546K (67%)
----------------- Invoking toplevel() on ptolemy.moml.MoMLSimpleApplication@50a6ee75
----------------- Done invoking toplevel() on ptolemy.moml.MoMLSimpleApplication@50a6ee75
reloadAllAccessors: .WidthTestWithSubscriberPublisher2

===========================================================================================
----------------- testing Mon Apr 06 13:52:38 UTC 2020 /home/travis/build/icyphy/ptII/ptolemy/actor/lib/test/auto/WidthTestWithSubscriberPublisher3.xml
----------------- Instantiating /home/travis/build/icyphy/ptII/ptolemy/actor/lib/test/auto/WidthTestWithSubscriberPublisher3.xml
1 ms. Memory: 468992K Free: 308916K (66%)
----------------- Invoking toplevel() on ptolemy.moml.MoMLSimpleApplication@60812e6a
----------------- Done invoking toplevel() on ptolemy.moml.MoMLSimpleApplication@60812e6a
reloadAllAccessors: .WidthTestWithSubscriberPublisher3

===========================================================================================
----------------- testing Mon Apr 06 13:52:38 UTC 2020 /home/travis/build/icyphy/ptII/ptolemy/actor/lib/test/auto/Writer.xml
----------------- Instantiating /home/travis/build/icyphy/ptII/ptolemy/actor/lib/test/auto/Writer.xml
0
1
2
3
4
2 ms. Memory: 468992K Free: 304820K (65%)
----------------- Invoking toplevel() on ptolemy.moml.MoMLSimpleApplication@48ebda76
----------------- Done invoking toplevel() on ptolemy.moml.MoMLSimpleApplication@48ebda76
reloadAllAccessors: .Writer

===========================================================================================
----------------- testing Mon Apr 06 13:52:38 UTC 2020 /home/travis/build/icyphy/ptII/ptolemy/actor/lib/test/auto/array.xml
----------------- Instantiating /home/travis/build/icyphy/ptII/ptolemy/actor/lib/test/auto/array.xml
3 ms. Memory: 468992K Free: 299700K (64%)
----------------- Invoking toplevel() on ptolemy.moml.MoMLSimpleApplication@40b178ae
----------------- Done invoking toplevel() on ptolemy.moml.MoMLSimpleApplication@40b178ae
reloadAllAccessors: .array

===========================================================================================
----------------- testing Mon Apr 06 13:52:38 UTC 2020 /home/travis/build/icyphy/ptII/ptolemy/actor/lib/test/auto/array2.xml
----------------- Instantiating /home/travis/build/icyphy/ptII/ptolemy/actor/lib/test/auto/array2.xml
4 ms. Memory: 468992K Free: 294580K (63%)
----------------- Invoking toplevel() on ptolemy.moml.MoMLSimpleApplication@7d7c5ed0
----------------- Done invoking toplevel() on ptolemy.moml.MoMLSimpleApplication@7d7c5ed0
reloadAllAccessors: .array2

===========================================================================================
----------------- testing Mon Apr 06 13:52:38 UTC 2020 /home/travis/build/icyphy/ptII/ptolemy/actor/lib/test/auto/arrayType.xml
----------------- Instantiating /home/travis/build/icyphy/ptII/ptolemy/actor/lib/test/auto/arrayType.xml
2 ms. Memory: 468992K Free: 289460K (62%)
----------------- Invoking toplevel() on ptolemy.moml.MoMLSimpleApplication@2ca31349
----------------- Done invoking toplevel() on ptolemy.moml.MoMLSimpleApplication@2ca31349
reloadAllAccessors: .arrayType

===========================================================================================
----------------- testing Mon Apr 06 13:52:38 UTC 2020 /home/travis/build/icyphy/ptII/ptolemy/actor/lib/test/auto/arrayType10.xml
----------------- Instantiating /home/travis/build/icyphy/ptII/ptolemy/actor/lib/test/auto/arrayType10.xml
2 ms. Memory: 468992K Free: 284340K (61%)
----------------- Invoking toplevel() on ptolemy.moml.MoMLSimpleApplication@672f6b51
----------------- Done invoking toplevel() on ptolemy.moml.MoMLSimpleApplication@672f6b51
reloadAllAccessors: .arrayType10

===========================================================================================
----------------- testing Mon Apr 06 13:52:38 UTC 2020 /home/travis/build/icyphy/ptII/ptolemy/actor/lib/test/auto/arrayType11.xml
----------------- Instantiating /home/travis/build/icyphy/ptII/ptolemy/actor/lib/test/auto/arrayType11.xml
2 ms. Memory: 468992K Free: 279730K (60%)
----------------- Invoking toplevel() on ptolemy.moml.MoMLSimpleApplication@5e50c131
----------------- Done invoking toplevel() on ptolemy.moml.MoMLSimpleApplication@5e50c131
reloadAllAccessors: .arrayType11

===========================================================================================
----------------- testing Mon Apr 06 13:52:38 UTC 2020 /home/travis/build/icyphy/ptII/ptolemy/actor/lib/test/auto/arrayType12.xml
----------------- Instantiating /home/travis/build/icyphy/ptII/ptolemy/actor/lib/test/auto/arrayType12.xml
2 ms. Memory: 468992K Free: 275124K (59%)
----------------- Invoking toplevel() on ptolemy.moml.MoMLSimpleApplication@4be1d87d
----------------- Done invoking toplevel() on ptolemy.moml.MoMLSimpleApplication@4be1d87d
reloadAllAccessors: .arrayType12

===========================================================================================
----------------- testing Mon Apr 06 13:52:38 UTC 2020 /home/travis/build/icyphy/ptII/ptolemy/actor/lib/test/auto/arrayType13.xml
----------------- Instantiating /home/travis/build/icyphy/ptII/ptolemy/actor/lib/test/auto/arrayType13.xml
1 ms. Memory: 468992K Free: 269490K (57%)
----------------- Invoking toplevel() on ptolemy.moml.MoMLSimpleApplication@7b21fd25
----------------- Done invoking toplevel() on ptolemy.moml.MoMLSimpleApplication@7b21fd25
reloadAllAccessors: .arrayType13

===========================================================================================
----------------- testing Mon Apr 06 13:52:38 UTC 2020 /home/travis/build/icyphy/ptII/ptolemy/actor/lib/test/auto/arrayType14.xml
----------------- Instantiating /home/travis/build/icyphy/ptII/ptolemy/actor/lib/test/auto/arrayType14.xml
2 ms. Memory: 468992K Free: 264370K (56%)
----------------- Invoking toplevel() on ptolemy.moml.MoMLSimpleApplication@721f42c4
----------------- Done invoking toplevel() on ptolemy.moml.MoMLSimpleApplication@721f42c4
reloadAllAccessors: .arrayType14

===========================================================================================
----------------- testing Mon Apr 06 13:52:38 UTC 2020 /home/travis/build/icyphy/ptII/ptolemy/actor/lib/test/auto/arrayType15.xml
----------------- Instantiating /home/travis/build/icyphy/ptII/ptolemy/actor/lib/test/auto/arrayType15.xml
2 ms. Memory: 468992K Free: 259250K (55%)
----------------- Invoking toplevel() on ptolemy.moml.MoMLSimpleApplication@98f7878
----------------- Done invoking toplevel() on ptolemy.moml.MoMLSimpleApplication@98f7878
reloadAllAccessors: .arrayType15

===========================================================================================
----------------- testing Mon Apr 06 13:52:38 UTC 2020 /home/travis/build/icyphy/ptII/ptolemy/actor/lib/test/auto/arrayType16.xml
----------------- Instantiating /home/travis/build/icyphy/ptII/ptolemy/actor/lib/test/auto/arrayType16.xml
2 ms. Memory: 468992K Free: 253620K (54%)
----------------- Invoking toplevel() on ptolemy.moml.MoMLSimpleApplication@6d53da63
----------------- Done invoking toplevel() on ptolemy.moml.MoMLSimpleApplication@6d53da63
reloadAllAccessors: .arrayType16

===========================================================================================
----------------- testing Mon Apr 06 13:52:38 UTC 2020 /home/travis/build/icyphy/ptII/ptolemy/actor/lib/test/auto/arrayType17.xml
----------------- Instantiating /home/travis/build/icyphy/ptII/ptolemy/actor/lib/test/auto/arrayType17.xml
2 ms. Memory: 468992K Free: 248500K (53%)
----------------- Invoking toplevel() on ptolemy.moml.MoMLSimpleApplication@11e63501
----------------- Done invoking toplevel() on ptolemy.moml.MoMLSimpleApplication@11e63501
reloadAllAccessors: .arrayType17

===========================================================================================
----------------- testing Mon Apr 06 13:52:38 UTC 2020 /home/travis/build/icyphy/ptII/ptolemy/actor/lib/test/auto/arrayType18.xml
----------------- Instantiating /home/travis/build/icyphy/ptII/ptolemy/actor/lib/test/auto/arrayType18.xml
2 ms. Memory: 468992K Free: 243890K (52%)
----------------- Invoking toplevel() on ptolemy.moml.MoMLSimpleApplication@701bb1e5
----------------- Done invoking toplevel() on ptolemy.moml.MoMLSimpleApplication@701bb1e5
reloadAllAccessors: .arrayType18

===========================================================================================
----------------- testing Mon Apr 06 13:52:38 UTC 2020 /home/travis/build/icyphy/ptII/ptolemy/actor/lib/test/auto/arrayType19.xml
----------------- Instantiating /home/travis/build/icyphy/ptII/ptolemy/actor/lib/test/auto/arrayType19.xml
1 ms. Memory: 468992K Free: 238770K (51%)
----------------- Invoking toplevel() on ptolemy.moml.MoMLSimpleApplication@3cb5b90c
----------------- Done invoking toplevel() on ptolemy.moml.MoMLSimpleApplication@3cb5b90c
reloadAllAccessors: .arrayType19

===========================================================================================
----------------- testing Mon Apr 06 13:52:38 UTC 2020 /home/travis/build/icyphy/ptII/ptolemy/actor/lib/test/auto/arrayType2.xml
----------------- Instantiating /home/travis/build/icyphy/ptII/ptolemy/actor/lib/test/auto/arrayType2.xml
2 ms. Memory: 468992K Free: 233650K (50%)
----------------- Invoking toplevel() on ptolemy.moml.MoMLSimpleApplication@3275a56a
----------------- Done invoking toplevel() on ptolemy.moml.MoMLSimpleApplication@3275a56a
reloadAllAccessors: .arrayType2

===========================================================================================
----------------- testing Mon Apr 06 13:52:38 UTC 2020 /home/travis/build/icyphy/ptII/ptolemy/actor/lib/test/auto/arrayType20.xml
----------------- Instantiating /home/travis/build/icyphy/ptII/ptolemy/actor/lib/test/auto/arrayType20.xml
2 ms. Memory: 468992K Free: 228530K (49%)
----------------- Invoking toplevel() on ptolemy.moml.MoMLSimpleApplication@7e06a87d
----------------- Done invoking toplevel() on ptolemy.moml.MoMLSimpleApplication@7e06a87d
reloadAllAccessors: .arrayType20

===========================================================================================
----------------- testing Mon Apr 06 13:52:38 UTC 2020 /home/travis/build/icyphy/ptII/ptolemy/actor/lib/test/auto/arrayType21.xml
----------------- Instantiating /home/travis/build/icyphy/ptII/ptolemy/actor/lib/test/auto/arrayType21.xml
1 ms. Memory: 468992K Free: 223924K (48%)
----------------- Invoking toplevel() on ptolemy.moml.MoMLSimpleApplication@49735db8
----------------- Done invoking toplevel() on ptolemy.moml.MoMLSimpleApplication@49735db8
reloadAllAccessors: .arrayType21

===========================================================================================
----------------- testing Mon Apr 06 13:52:38 UTC 2020 /home/travis/build/icyphy/ptII/ptolemy/actor/lib/test/auto/arrayType22.xml
----------------- Instantiating /home/travis/build/icyphy/ptII/ptolemy/actor/lib/test/auto/arrayType22.xml
2 ms. Memory: 468992K Free: 219314K (47%)
----------------- Invoking toplevel() on ptolemy.moml.MoMLSimpleApplication@1d5854d
----------------- Done invoking toplevel() on ptolemy.moml.MoMLSimpleApplication@1d5854d
reloadAllAccessors: .arrayType22

===========================================================================================
----------------- testing Mon Apr 06 13:52:38 UTC 2020 /home/travis/build/icyphy/ptII/ptolemy/actor/lib/test/auto/arrayType23.xml
----------------- Instantiating /home/travis/build/icyphy/ptII/ptolemy/actor/lib/test/auto/arrayType23.xml
1 ms. Memory: 468992K Free: 214194K (46%)
----------------- Invoking toplevel() on ptolemy.moml.MoMLSimpleApplication@52b05e33
----------------- Done invoking toplevel() on ptolemy.moml.MoMLSimpleApplication@52b05e33
reloadAllAccessors: .arrayType23

===========================================================================================
----------------- testing Mon Apr 06 13:52:38 UTC 2020 /home/travis/build/icyphy/ptII/ptolemy/actor/lib/test/auto/arrayType24.xml
----------------- Instantiating /home/travis/build/icyphy/ptII/ptolemy/actor/lib/test/auto/arrayType24.xml
2 ms. Memory: 468992K Free: 209588K (45%)
----------------- Invoking toplevel() on ptolemy.moml.MoMLSimpleApplication@85e7310
----------------- Done invoking toplevel() on ptolemy.moml.MoMLSimpleApplication@85e7310
reloadAllAccessors: .arrayType24

===========================================================================================
----------------- testing Mon Apr 06 13:52:38 UTC 2020 /home/travis/build/icyphy/ptII/ptolemy/actor/lib/test/auto/arrayType25.xml
----------------- Instantiating /home/travis/build/icyphy/ptII/ptolemy/actor/lib/test/auto/arrayType25.xml
1 ms. Memory: 468992K Free: 204468K (44%)
----------------- Invoking toplevel() on ptolemy.moml.MoMLSimpleApplication@34c370f2
----------------- Done invoking toplevel() on ptolemy.moml.MoMLSimpleApplication@34c370f2
reloadAllAccessors: .arrayType25

===========================================================================================
----------------- testing Mon Apr 06 13:52:38 UTC 2020 /home/travis/build/icyphy/ptII/ptolemy/actor/lib/test/auto/arrayType26.xml
----------------- Instantiating /home/travis/build/icyphy/ptII/ptolemy/actor/lib/test/auto/arrayType26.xml
1 ms. Memory: 468992K Free: 198834K (42%)
----------------- Invoking toplevel() on ptolemy.moml.MoMLSimpleApplication@4b6ba3cc
----------------- Done invoking toplevel() on ptolemy.moml.MoMLSimpleApplication@4b6ba3cc
reloadAllAccessors: .arrayType26

===========================================================================================
----------------- testing Mon Apr 06 13:52:38 UTC 2020 /home/travis/build/icyphy/ptII/ptolemy/actor/lib/test/auto/arrayType27.xml
----------------- Instantiating /home/travis/build/icyphy/ptII/ptolemy/actor/lib/test/auto/arrayType27.xml
1 ms. Memory: 468992K Free: 193700K (41%)
----------------- Invoking toplevel() on ptolemy.moml.MoMLSimpleApplication@7b0de886
----------------- Done invoking toplevel() on ptolemy.moml.MoMLSimpleApplication@7b0de886
reloadAllAccessors: .arrayType27

===========================================================================================
----------------- testing Mon Apr 06 13:52:38 UTC 2020 /home/travis/build/icyphy/ptII/ptolemy/actor/lib/test/auto/arrayType28.xml
----------------- Instantiating /home/travis/build/icyphy/ptII/ptolemy/actor/lib/test/auto/arrayType28.xml
8 ms. Memory: 468992K Free: 188084K (40%)
----------------- Invoking toplevel() on ptolemy.moml.MoMLSimpleApplication@503bc603
----------------- Done invoking toplevel() on ptolemy.moml.MoMLSimpleApplication@503bc603
reloadAllAccessors: .arrayType28

===========================================================================================
----------------- testing Mon Apr 06 13:52:38 UTC 2020 /home/travis/build/icyphy/ptII/ptolemy/actor/lib/test/auto/arrayType3.xml
----------------- Instantiating /home/travis/build/icyphy/ptII/ptolemy/actor/lib/test/auto/arrayType3.xml
2 ms. Memory: 468992K Free: 182964K (39%)
----------------- Invoking toplevel() on ptolemy.moml.MoMLSimpleApplication@485bdf9b
----------------- Done invoking toplevel() on ptolemy.moml.MoMLSimpleApplication@485bdf9b
reloadAllAccessors: .arrayType3

===========================================================================================
----------------- testing Mon Apr 06 13:52:38 UTC 2020 /home/travis/build/icyphy/ptII/ptolemy/actor/lib/test/auto/arrayType4.xml
----------------- Instantiating /home/travis/build/icyphy/ptII/ptolemy/actor/lib/test/auto/arrayType4.xml
2 ms. Memory: 468992K Free: 177844K (38%)
----------------- Invoking toplevel() on ptolemy.moml.MoMLSimpleApplication@73fcaf08
----------------- Done invoking toplevel() on ptolemy.moml.MoMLSimpleApplication@73fcaf08
reloadAllAccessors: .arrayType4

===========================================================================================
----------------- testing Mon Apr 06 13:52:38 UTC 2020 /home/travis/build/icyphy/ptII/ptolemy/actor/lib/test/auto/arrayType5.xml
----------------- Instantiating /home/travis/build/icyphy/ptII/ptolemy/actor/lib/test/auto/arrayType5.xml
1 ms. Memory: 468992K Free: 172210K (37%)
----------------- Invoking toplevel() on ptolemy.moml.MoMLSimpleApplication@72376bb9
----------------- Done invoking toplevel() on ptolemy.moml.MoMLSimpleApplication@72376bb9
reloadAllAccessors: .arrayType5

===========================================================================================
----------------- testing Mon Apr 06 13:52:38 UTC 2020 /home/travis/build/icyphy/ptII/ptolemy/actor/lib/test/auto/arrayType6.xml
----------------- Instantiating /home/travis/build/icyphy/ptII/ptolemy/actor/lib/test/auto/arrayType6.xml
2 ms. Memory: 468992K Free: 167604K (36%)
----------------- Invoking toplevel() on ptolemy.moml.MoMLSimpleApplication@1869f901
----------------- Done invoking toplevel() on ptolemy.moml.MoMLSimpleApplication@1869f901
reloadAllAccessors: .arrayType6

===========================================================================================
----------------- testing Mon Apr 06 13:52:38 UTC 2020 /home/travis/build/icyphy/ptII/ptolemy/actor/lib/test/auto/arrayType7.xml
----------------- Instantiating /home/travis/build/icyphy/ptII/ptolemy/actor/lib/test/auto/arrayType7.xml
1 ms. Memory: 468992K Free: 162484K (35%)
----------------- Invoking toplevel() on ptolemy.moml.MoMLSimpleApplication@3805a59d
----------------- Done invoking toplevel() on ptolemy.moml.MoMLSimpleApplication@3805a59d
reloadAllAccessors: .arrayType7

===========================================================================================
----------------- testing Mon Apr 06 13:52:38 UTC 2020 /home/travis/build/icyphy/ptII/ptolemy/actor/lib/test/auto/arrayType8.xml
----------------- Instantiating /home/travis/build/icyphy/ptII/ptolemy/actor/lib/test/auto/arrayType8.xml
7 ms. Memory: 468992K Free: 157874K (34%)
----------------- Invoking toplevel() on ptolemy.moml.MoMLSimpleApplication@24048d14
----------------- Done invoking toplevel() on ptolemy.moml.MoMLSimpleApplication@24048d14
reloadAllAccessors: .arrayType8

===========================================================================================
----------------- testing Mon Apr 06 13:52:38 UTC 2020 /home/travis/build/icyphy/ptII/ptolemy/actor/lib/test/auto/arrayType9.xml
----------------- Instantiating /home/travis/build/icyphy/ptII/ptolemy/actor/lib/test/auto/arrayType9.xml
2 ms. Memory: 468992K Free: 153268K (33%)
----------------- Invoking toplevel() on ptolemy.moml.MoMLSimpleApplication@88266da
----------------- Done invoking toplevel() on ptolemy.moml.MoMLSimpleApplication@88266da
reloadAllAccessors: .arrayType9

===========================================================================================
----------------- testing Mon Apr 06 13:52:38 UTC 2020 /home/travis/build/icyphy/ptII/ptolemy/actor/lib/test/auto/cast.xml
----------------- Instantiating /home/travis/build/icyphy/ptII/ptolemy/actor/lib/test/auto/cast.xml
12 ms. Memory: 468992K Free: 148148K (32%)
----------------- Invoking toplevel() on ptolemy.moml.MoMLSimpleApplication@1cbc0b9e
----------------- Done invoking toplevel() on ptolemy.moml.MoMLSimpleApplication@1cbc0b9e
reloadAllAccessors: .cast

===========================================================================================
----------------- testing Mon Apr 06 13:52:38 UTC 2020 /home/travis/build/icyphy/ptII/ptolemy/actor/lib/test/auto/compositeMultiPort.xml
----------------- Instantiating /home/travis/build/icyphy/ptII/ptolemy/actor/lib/test/auto/compositeMultiPort.xml
3 ms. Memory: 468992K Free: 139436K (30%)
----------------- Invoking toplevel() on ptolemy.moml.MoMLSimpleApplication@213d3805
----------------- Done invoking toplevel() on ptolemy.moml.MoMLSimpleApplication@213d3805
reloadAllAccessors: .compositeMultiPort

===========================================================================================
----------------- testing Mon Apr 06 13:52:38 UTC 2020 /home/travis/build/icyphy/ptII/ptolemy/actor/lib/test/auto/expressionCastInference.xml
----------------- Instantiating /home/travis/build/icyphy/ptII/ptolemy/actor/lib/test/auto/expressionCastInference.xml
3 ms. Memory: 468992K Free: 409903K (87%)
----------------- Invoking toplevel() on ptolemy.moml.MoMLSimpleApplication@189681cd
----------------- Done invoking toplevel() on ptolemy.moml.MoMLSimpleApplication@189681cd
reloadAllAccessors: .expressionCastInference

===========================================================================================
----------------- testing Mon Apr 06 13:52:38 UTC 2020 /home/travis/build/icyphy/ptII/ptolemy/actor/lib/test/auto/expressionCastInference2.xml
----------------- Instantiating /home/travis/build/icyphy/ptII/ptolemy/actor/lib/test/auto/expressionCastInference2.xml
2 ms. Memory: 468992K Free: 404789K (86%)
----------------- Invoking toplevel() on ptolemy.moml.MoMLSimpleApplication@64f5617a
----------------- Done invoking toplevel() on ptolemy.moml.MoMLSimpleApplication@64f5617a
reloadAllAccessors: .expressionCastInference2

===========================================================================================
----------------- testing Mon Apr 06 13:52:38 UTC 2020 /home/travis/build/icyphy/ptII/ptolemy/actor/lib/test/auto/expressionInference.xml
----------------- Instantiating /home/travis/build/icyphy/ptII/ptolemy/actor/lib/test/auto/expressionInference.xml
2 ms. Memory: 468992K Free: 400693K (85%)
----------------- Invoking toplevel() on ptolemy.moml.MoMLSimpleApplication@5747ded0
----------------- Done invoking toplevel() on ptolemy.moml.MoMLSimpleApplication@5747ded0
reloadAllAccessors: .expressionInference

===========================================================================================
----------------- testing Mon Apr 06 13:52:38 UTC 2020 /home/travis/build/icyphy/ptII/ptolemy/actor/lib/test/auto/expression_bug.xml
----------------- Instantiating /home/travis/build/icyphy/ptII/ptolemy/actor/lib/test/auto/expression_bug.xml
2 ms. Memory: 468992K Free: 396087K (84%)
----------------- Invoking toplevel() on ptolemy.moml.MoMLSimpleApplication@2b798603
----------------- Done invoking toplevel() on ptolemy.moml.MoMLSimpleApplication@2b798603
reloadAllAccessors: .expression_bug

===========================================================================================
----------------- testing Mon Apr 06 13:52:38 UTC 2020 /home/travis/build/icyphy/ptII/ptolemy/actor/lib/test/auto/factorial.xml
----------------- Instantiating /home/travis/build/icyphy/ptII/ptolemy/actor/lib/test/auto/factorial.xml
33 ms. Memory: 468992K Free: 387895K (83%)
----------------- Invoking toplevel() on ptolemy.moml.MoMLSimpleApplication@172fcc20
----------------- Done invoking toplevel() on ptolemy.moml.MoMLSimpleApplication@172fcc20
reloadAllAccessors: .factorial

===========================================================================================
----------------- testing Mon Apr 06 13:52:39 UTC 2020 /home/travis/build/icyphy/ptII/ptolemy/actor/lib/test/auto/filterTest1.xml
----------------- Instantiating /home/travis/build/icyphy/ptII/ptolemy/actor/lib/test/auto/filterTest1.xml
6 ms. Memory: 468992K Free: 381751K (81%)
----------------- Invoking toplevel() on ptolemy.moml.MoMLSimpleApplication@24b66528
----------------- Done invoking toplevel() on ptolemy.moml.MoMLSimpleApplication@24b66528
reloadAllAccessors: .filterTest1

===========================================================================================
----------------- testing Mon Apr 06 13:52:39 UTC 2020 /home/travis/build/icyphy/ptII/ptolemy/actor/lib/test/auto/funcApplyInConst.xml
----------------- Instantiating /home/travis/build/icyphy/ptII/ptolemy/actor/lib/test/auto/funcApplyInConst.xml
1 ms. Memory: 468992K Free: 378165K (81%)
----------------- Invoking toplevel() on ptolemy.moml.MoMLSimpleApplication@18947e1c
----------------- Done invoking toplevel() on ptolemy.moml.MoMLSimpleApplication@18947e1c
reloadAllAccessors: .funcApplyInConst

===========================================================================================
----------------- testing Mon Apr 06 13:52:39 UTC 2020 /home/travis/build/icyphy/ptII/ptolemy/actor/lib/test/auto/funcApplyInExpr.xml
----------------- Instantiating /home/travis/build/icyphy/ptII/ptolemy/actor/lib/test/auto/funcApplyInExpr.xml
2 ms. Memory: 468992K Free: 374583K (80%)
----------------- Invoking toplevel() on ptolemy.moml.MoMLSimpleApplication@2c12d7fe
----------------- Done invoking toplevel() on ptolemy.moml.MoMLSimpleApplication@2c12d7fe
reloadAllAccessors: .funcApplyInExpr

===========================================================================================
----------------- testing Mon Apr 06 13:52:39 UTC 2020 /home/travis/build/icyphy/ptII/ptolemy/actor/lib/test/auto/function.xml
----------------- Instantiating /home/travis/build/icyphy/ptII/ptolemy/actor/lib/test/auto/function.xml
6 ms. Memory: 468992K Free: 369463K (79%)
----------------- Invoking toplevel() on ptolemy.moml.MoMLSimpleApplication@1d0e23f3
----------------- Done invoking toplevel() on ptolemy.moml.MoMLSimpleApplication@1d0e23f3
reloadAllAccessors: .function

===========================================================================================
----------------- testing Mon Apr 06 13:52:39 UTC 2020 /home/travis/build/icyphy/ptII/ptolemy/actor/lib/test/auto/function2.xml
----------------- Instantiating /home/travis/build/icyphy/ptII/ptolemy/actor/lib/test/auto/function2.xml
2 ms. Memory: 468992K Free: 364853K (78%)
----------------- Invoking toplevel() on ptolemy.moml.MoMLSimpleApplication@4139bc58
----------------- Done invoking toplevel() on ptolemy.moml.MoMLSimpleApplication@4139bc58
reloadAllAccessors: .function2

===========================================================================================
----------------- testing Mon Apr 06 13:52:39 UTC 2020 /home/travis/build/icyphy/ptII/ptolemy/actor/lib/test/auto/function3.xml
----------------- Instantiating /home/travis/build/icyphy/ptII/ptolemy/actor/lib/test/auto/function3.xml
2 ms. Memory: 468992K Free: 360757K (77%)
----------------- Invoking toplevel() on ptolemy.moml.MoMLSimpleApplication@1e86a968
----------------- Done invoking toplevel() on ptolemy.moml.MoMLSimpleApplication@1e86a968
reloadAllAccessors: .function3

===========================================================================================
----------------- testing Mon Apr 06 13:52:39 UTC 2020 /home/travis/build/icyphy/ptII/ptolemy/actor/lib/test/auto/functionClosureTest1.xml
----------------- Instantiating /home/travis/build/icyphy/ptII/ptolemy/actor/lib/test/auto/functionClosureTest1.xml
2 ms. Memory: 468992K Free: 355127K (76%)
----------------- Invoking toplevel() on ptolemy.moml.MoMLSimpleApplication@3d16118f
----------------- Done invoking toplevel() on ptolemy.moml.MoMLSimpleApplication@3d16118f
reloadAllAccessors: .functionClosureTest1

===========================================================================================
----------------- testing Mon Apr 06 13:52:39 UTC 2020 /home/travis/build/icyphy/ptII/ptolemy/actor/lib/test/auto/functionClosureTest2.xml
----------------- Instantiating /home/travis/build/icyphy/ptII/ptolemy/actor/lib/test/auto/functionClosureTest2.xml
2 ms. Memory: 468992K Free: 351031K (75%)
----------------- Invoking toplevel() on ptolemy.moml.MoMLSimpleApplication@1c89b3ff
----------------- Done invoking toplevel() on ptolemy.moml.MoMLSimpleApplication@1c89b3ff
reloadAllAccessors: .functionClosureTest2

===========================================================================================
----------------- testing Mon Apr 06 13:52:39 UTC 2020 /home/travis/build/icyphy/ptII/ptolemy/actor/lib/test/auto/functionClosureTest3.xml
----------------- Instantiating /home/travis/build/icyphy/ptII/ptolemy/actor/lib/test/auto/functionClosureTest3.xml
2 ms. Memory: 468992K Free: 345911K (74%)
----------------- Invoking toplevel() on ptolemy.moml.MoMLSimpleApplication@2b88aaa7
----------------- Done invoking toplevel() on ptolemy.moml.MoMLSimpleApplication@2b88aaa7
reloadAllAccessors: .functionClosureTest3

===========================================================================================
----------------- testing Mon Apr 06 13:52:39 UTC 2020 /home/travis/build/icyphy/ptII/ptolemy/actor/lib/test/auto/functionClosureTest4.xml
----------------- Instantiating /home/travis/build/icyphy/ptII/ptolemy/actor/lib/test/auto/functionClosureTest4.xml
6 ms. Memory: 468992K Free: 339253K (72%)
----------------- Invoking toplevel() on ptolemy.moml.MoMLSimpleApplication@72cc823f
----------------- Done invoking toplevel() on ptolemy.moml.MoMLSimpleApplication@72cc823f
reloadAllAccessors: .functionClosureTest4

===========================================================================================
----------------- testing Mon Apr 06 13:52:39 UTC 2020 /home/travis/build/icyphy/ptII/ptolemy/actor/lib/test/auto/functionClosureTest5.xml
----------------- Instantiating /home/travis/build/icyphy/ptII/ptolemy/actor/lib/test/auto/functionClosureTest5.xml
5 ms. Memory: 468992K Free: 334127K (71%)
----------------- Invoking toplevel() on ptolemy.moml.MoMLSimpleApplication@63bd6381
----------------- Done invoking toplevel() on ptolemy.moml.MoMLSimpleApplication@63bd6381
reloadAllAccessors: .functionClosureTest5

===========================================================================================
----------------- testing Mon Apr 06 13:52:39 UTC 2020 /home/travis/build/icyphy/ptII/ptolemy/actor/lib/test/auto/functionClosureTest6.xml
----------------- Instantiating /home/travis/build/icyphy/ptII/ptolemy/actor/lib/test/auto/functionClosureTest6.xml
1 ms. Memory: 468992K Free: 329527K (70%)
----------------- Invoking toplevel() on ptolemy.moml.MoMLSimpleApplication@5f1576db
----------------- Done invoking toplevel() on ptolemy.moml.MoMLSimpleApplication@5f1576db
reloadAllAccessors: .functionClosureTest6

===========================================================================================
----------------- testing Mon Apr 06 13:52:39 UTC 2020 /home/travis/build/icyphy/ptII/ptolemy/actor/lib/test/auto/functionsOnArcs.xml
----------------- Instantiating /home/travis/build/icyphy/ptII/ptolemy/actor/lib/test/auto/functionsOnArcs.xml
2 ms. Memory: 468992K Free: 323893K (69%)
----------------- Invoking toplevel() on ptolemy.moml.MoMLSimpleApplication@379ac6ea
----------------- Done invoking toplevel() on ptolemy.moml.MoMLSimpleApplication@379ac6ea
reloadAllAccessors: .functionsOnArcs

===========================================================================================
----------------- testing Mon Apr 06 13:52:39 UTC 2020 /home/travis/build/icyphy/ptII/ptolemy/actor/lib/test/auto/functionsOnArcsHOF.xml
----------------- Instantiating /home/travis/build/icyphy/ptII/ptolemy/actor/lib/test/auto/functionsOnArcsHOF.xml
3 ms. Memory: 468992K Free: 318263K (68%)
----------------- Invoking toplevel() on ptolemy.moml.MoMLSimpleApplication@39366592
----------------- Done invoking toplevel() on ptolemy.moml.MoMLSimpleApplication@39366592
reloadAllAccessors: .functionsOnArcsHOF

===========================================================================================
----------------- testing Mon Apr 06 13:52:39 UTC 2020 /home/travis/build/icyphy/ptII/ptolemy/actor/lib/test/auto/logic.xml
----------------- Instantiating /home/travis/build/icyphy/ptII/ptolemy/actor/lib/test/auto/logic.xml
2 ms. Memory: 468992K Free: 310581K (66%)
----------------- Invoking toplevel() on ptolemy.moml.MoMLSimpleApplication@25bceda5
----------------- Done invoking toplevel() on ptolemy.moml.MoMLSimpleApplication@25bceda5
reloadAllAccessors: .logic

===========================================================================================
----------------- testing Mon Apr 06 13:52:39 UTC 2020 /home/travis/build/icyphy/ptII/ptolemy/actor/lib/test/auto/matrixType.xml
----------------- Instantiating /home/travis/build/icyphy/ptII/ptolemy/actor/lib/test/auto/matrixType.xml
2 ms. Memory: 468992K Free: 305461K (65%)
----------------- Invoking toplevel() on ptolemy.moml.MoMLSimpleApplication@7b3ac2b5
----------------- Done invoking toplevel() on ptolemy.moml.MoMLSimpleApplication@7b3ac2b5
reloadAllAccessors: .matrixType

===========================================================================================
----------------- testing Mon Apr 06 13:52:39 UTC 2020 /home/travis/build/icyphy/ptII/ptolemy/actor/lib/test/auto/matrixType10.xml
----------------- Instantiating /home/travis/build/icyphy/ptII/ptolemy/actor/lib/test/auto/matrixType10.xml
2 ms. Memory: 468992K Free: 300341K (64%)
----------------- Invoking toplevel() on ptolemy.moml.MoMLSimpleApplication@691f5c04
----------------- Done invoking toplevel() on ptolemy.moml.MoMLSimpleApplication@691f5c04
reloadAllAccessors: .matrixType10

===========================================================================================
----------------- testing Mon Apr 06 13:52:39 UTC 2020 /home/travis/build/icyphy/ptII/ptolemy/actor/lib/test/auto/matrixType11.xml
----------------- Instantiating /home/travis/build/icyphy/ptII/ptolemy/actor/lib/test/auto/matrixType11.xml
2 ms. Memory: 468992K Free: 295735K (63%)
----------------- Invoking toplevel() on ptolemy.moml.MoMLSimpleApplication@6dcdc4ae
----------------- Done invoking toplevel() on ptolemy.moml.MoMLSimpleApplication@6dcdc4ae
reloadAllAccessors: .matrixType11

===========================================================================================
----------------- testing Mon Apr 06 13:52:39 UTC 2020 /home/travis/build/icyphy/ptII/ptolemy/actor/lib/test/auto/matrixType12.xml
----------------- Instantiating /home/travis/build/icyphy/ptII/ptolemy/actor/lib/test/auto/matrixType12.xml
1 ms. Memory: 468992K Free: 290615K (62%)
----------------- Invoking toplevel() on ptolemy.moml.MoMLSimpleApplication@28fee452
----------------- Done invoking toplevel() on ptolemy.moml.MoMLSimpleApplication@28fee452
reloadAllAccessors: .matrixType12

===========================================================================================
----------------- testing Mon Apr 06 13:52:39 UTC 2020 /home/travis/build/icyphy/ptII/ptolemy/actor/lib/test/auto/matrixType13.xml
----------------- Instantiating /home/travis/build/icyphy/ptII/ptolemy/actor/lib/test/auto/matrixType13.xml
2 ms. Memory: 468992K Free: 286005K (61%)
----------------- Invoking toplevel() on ptolemy.moml.MoMLSimpleApplication@59115953
----------------- Done invoking toplevel() on ptolemy.moml.MoMLSimpleApplication@59115953
reloadAllAccessors: .matrixType13

===========================================================================================
----------------- testing Mon Apr 06 13:52:39 UTC 2020 /home/travis/build/icyphy/ptII/ptolemy/actor/lib/test/auto/matrixType14.xml
----------------- Instantiating /home/travis/build/icyphy/ptII/ptolemy/actor/lib/test/auto/matrixType14.xml
1 ms. Memory: 468992K Free: 280885K (60%)
----------------- Invoking toplevel() on ptolemy.moml.MoMLSimpleApplication@122f32c1
----------------- Done invoking toplevel() on ptolemy.moml.MoMLSimpleApplication@122f32c1
reloadAllAccessors: .matrixType14

===========================================================================================
----------------- testing Mon Apr 06 13:52:39 UTC 2020 /home/travis/build/icyphy/ptII/ptolemy/actor/lib/test/auto/matrixType2.xml
----------------- Instantiating /home/travis/build/icyphy/ptII/ptolemy/actor/lib/test/auto/matrixType2.xml
1 ms. Memory: 468992K Free: 275751K (59%)
----------------- Invoking toplevel() on ptolemy.moml.MoMLSimpleApplication@15738f67
----------------- Done invoking toplevel() on ptolemy.moml.MoMLSimpleApplication@15738f67
reloadAllAccessors: .matrixType2

===========================================================================================
----------------- testing Mon Apr 06 13:52:39 UTC 2020 /home/travis/build/icyphy/ptII/ptolemy/actor/lib/test/auto/matrixType3.xml
----------------- Instantiating /home/travis/build/icyphy/ptII/ptolemy/actor/lib/test/auto/matrixType3.xml
3 ms. Memory: 468992K Free: 270645K (58%)
----------------- Invoking toplevel() on ptolemy.moml.MoMLSimpleApplication@4ad31177
----------------- Done invoking toplevel() on ptolemy.moml.MoMLSimpleApplication@4ad31177
reloadAllAccessors: .matrixType3

===========================================================================================
----------------- testing Mon Apr 06 13:52:39 UTC 2020 /home/travis/build/icyphy/ptII/ptolemy/actor/lib/test/auto/matrixType4.xml
----------------- Instantiating /home/travis/build/icyphy/ptII/ptolemy/actor/lib/test/auto/matrixType4.xml
1 ms. Memory: 468992K Free: 266039K (57%)
----------------- Invoking toplevel() on ptolemy.moml.MoMLSimpleApplication@68efecfb
----------------- Done invoking toplevel() on ptolemy.moml.MoMLSimpleApplication@68efecfb
reloadAllAccessors: .matrixType4

===========================================================================================
----------------- testing Mon Apr 06 13:52:39 UTC 2020 /home/travis/build/icyphy/ptII/ptolemy/actor/lib/test/auto/matrixType5.xml
----------------- Instantiating /home/travis/build/icyphy/ptII/ptolemy/actor/lib/test/auto/matrixType5.xml
1 ms. Memory: 468992K Free: 260919K (56%)
----------------- Invoking toplevel() on ptolemy.moml.MoMLSimpleApplication@2f18d379
----------------- Done invoking toplevel() on ptolemy.moml.MoMLSimpleApplication@2f18d379
reloadAllAccessors: .matrixType5

===========================================================================================
----------------- testing Mon Apr 06 13:52:39 UTC 2020 /home/travis/build/icyphy/ptII/ptolemy/actor/lib/test/auto/matrixType6.xml
----------------- Instantiating /home/travis/build/icyphy/ptII/ptolemy/actor/lib/test/auto/matrixType6.xml
2 ms. Memory: 468992K Free: 256309K (55%)
----------------- Invoking toplevel() on ptolemy.moml.MoMLSimpleApplication@60e41d5b
----------------- Done invoking toplevel() on ptolemy.moml.MoMLSimpleApplication@60e41d5b
reloadAllAccessors: .matrixType6

===========================================================================================
----------------- testing Mon Apr 06 13:52:39 UTC 2020 /home/travis/build/icyphy/ptII/ptolemy/actor/lib/test/auto/matrixType7.xml
----------------- Instantiating /home/travis/build/icyphy/ptII/ptolemy/actor/lib/test/auto/matrixType7.xml
1 ms. Memory: 468992K Free: 251189K (54%)
----------------- Invoking toplevel() on ptolemy.moml.MoMLSimpleApplication@71826e3f
----------------- Done invoking toplevel() on ptolemy.moml.MoMLSimpleApplication@71826e3f
reloadAllAccessors: .matrixType7

===========================================================================================
----------------- testing Mon Apr 06 13:52:39 UTC 2020 /home/travis/build/icyphy/ptII/ptolemy/actor/lib/test/auto/matrixType8.xml
----------------- Instantiating /home/travis/build/icyphy/ptII/ptolemy/actor/lib/test/auto/matrixType8.xml
1 ms. Memory: 468992K Free: 246583K (53%)
----------------- Invoking toplevel() on ptolemy.moml.MoMLSimpleApplication@4ebc210e
----------------- Done invoking toplevel() on ptolemy.moml.MoMLSimpleApplication@4ebc210e
reloadAllAccessors: .matrixType8

===========================================================================================
----------------- testing Mon Apr 06 13:52:39 UTC 2020 /home/travis/build/icyphy/ptII/ptolemy/actor/lib/test/auto/matrixType9.xml
----------------- Instantiating /home/travis/build/icyphy/ptII/ptolemy/actor/lib/test/auto/matrixType9.xml
1 ms. Memory: 468992K Free: 241463K (51%)
----------------- Invoking toplevel() on ptolemy.moml.MoMLSimpleApplication@57c2d794
----------------- Done invoking toplevel() on ptolemy.moml.MoMLSimpleApplication@57c2d794
reloadAllAccessors: .matrixType9

===========================================================================================
----------------- testing Mon Apr 06 13:52:39 UTC 2020 /home/travis/build/icyphy/ptII/ptolemy/actor/lib/test/auto/paraFunctest.xml
----------------- Instantiating /home/travis/build/icyphy/ptII/ptolemy/actor/lib/test/auto/paraFunctest.xml
2 ms. Memory: 468992K Free: 237367K (51%)
----------------- Invoking toplevel() on ptolemy.moml.MoMLSimpleApplication@1cc165ec
----------------- Done invoking toplevel() on ptolemy.moml.MoMLSimpleApplication@1cc165ec
reloadAllAccessors: .paraFunctest

===========================================================================================
----------------- testing Mon Apr 06 13:52:39 UTC 2020 /home/travis/build/icyphy/ptII/ptolemy/actor/lib/test/auto/paraFunctest2.xml
----------------- Instantiating /home/travis/build/icyphy/ptII/ptolemy/actor/lib/test/auto/paraFunctest2.xml
1 ms. Memory: 468992K Free: 232757K (50%)
----------------- Invoking toplevel() on ptolemy.moml.MoMLSimpleApplication@37ee5085
----------------- Done invoking toplevel() on ptolemy.moml.MoMLSimpleApplication@37ee5085
reloadAllAccessors: .paraFunctest2

===========================================================================================
----------------- testing Mon Apr 06 13:52:39 UTC 2020 /home/travis/build/icyphy/ptII/ptolemy/actor/lib/test/auto/parameterPassing.xml
----------------- Instantiating /home/travis/build/icyphy/ptII/ptolemy/actor/lib/test/auto/parameterPassing.xml
1 ms. Memory: 468992K Free: 228661K (49%)
----------------- Invoking toplevel() on ptolemy.moml.MoMLSimpleApplication@5a69a365
----------------- Done invoking toplevel() on ptolemy.moml.MoMLSimpleApplication@5a69a365
reloadAllAccessors: .parameterPassing

===========================================================================================
----------------- testing Mon Apr 06 13:52:39 UTC 2020 /home/travis/build/icyphy/ptII/ptolemy/actor/lib/test/auto/record.xml
----------------- Instantiating /home/travis/build/icyphy/ptII/ptolemy/actor/lib/test/auto/record.xml
2 ms. Memory: 468992K Free: 223541K (48%)
----------------- Invoking toplevel() on ptolemy.moml.MoMLSimpleApplication@42decdad
----------------- Done invoking toplevel() on ptolemy.moml.MoMLSimpleApplication@42decdad
reloadAllAccessors: .record

===========================================================================================
----------------- testing Mon Apr 06 13:52:39 UTC 2020 /home/travis/build/icyphy/ptII/ptolemy/actor/lib/test/auto/sizedarray1.xml
----------------- Instantiating /home/travis/build/icyphy/ptII/ptolemy/actor/lib/test/auto/sizedarray1.xml
1 ms. Memory: 468992K Free: 218421K (47%)
----------------- Invoking toplevel() on ptolemy.moml.MoMLSimpleApplication@2e9a132f
----------------- Done invoking toplevel() on ptolemy.moml.MoMLSimpleApplication@2e9a132f
reloadAllAccessors: .sizedarray1

===========================================================================================
----------------- testing Mon Apr 06 13:52:39 UTC 2020 /home/travis/build/icyphy/ptII/ptolemy/actor/lib/test/auto/sizedarray2.xml
----------------- Instantiating /home/travis/build/icyphy/ptII/ptolemy/actor/lib/test/auto/sizedarray2.xml
2 ms. Memory: 468992K Free: 212791K (45%)
----------------- Invoking toplevel() on ptolemy.moml.MoMLSimpleApplication@5b68a267
----------------- Done invoking toplevel() on ptolemy.moml.MoMLSimpleApplication@5b68a267
reloadAllAccessors: .sizedarray2

===========================================================================================
----------------- testing Mon Apr 06 13:52:39 UTC 2020 /home/travis/build/icyphy/ptII/ptolemy/actor/lib/test/auto/twoPublishers.xml
----------------- Instantiating /home/travis/build/icyphy/ptII/ptolemy/actor/lib/test/auto/twoPublishers.xml
5 ms. Memory: 468992K Free: 202551K (43%)
----------------- Invoking toplevel() on ptolemy.moml.MoMLSimpleApplication@6ddef2bb
----------------- Done invoking toplevel() on ptolemy.moml.MoMLSimpleApplication@6ddef2bb
reloadAllAccessors: .twoPublishers
AutoTests.java: About to close Vertx.
AutoTests.java: Vertx closed.
]]></system-out>
  <system-err><![CDATA[java.lang.RuntimeException: Execution failed
	at ptolemy.moml.MoMLSimpleApplication$UnloadThread.run(MoMLSimpleApplication.java:402)
Caused by: java.lang.RuntimeException: StringUtilities.exit() was called. Normally, we would exit here because Manager.exitAfterWrapup() was called.  However, because the ptolemy.ptII.exitAfterWrapup property is set, we throw this exception instead.
	at ptolemy.util.StringUtilities.exit(StringUtilities.java:365)
	at ptolemy.actor.Manager.wrapup(Manager.java:1549)
	at ptolemy.actor.Manager.execute(Manager.java:407)
	at ptolemy.actor.Manager.run(Manager.java:1263)
	at ptolemy.actor.Manager$PtolemyRunThread.run(Manager.java:1933)
Warning: '.top.test' is in training mode, set the trainingMode parameter to false before checking in
Warning: '.top.test' is in training mode, set the trainingMode parameter to false before checking in
Warning: '.top.test' is in training mode, set the trainingMode parameter to false before checking in
Warning: '.BooleanSwitch_RegressionTest_WrongTrainingValues.Test' is in training mode, set the trainingMode parameter to false before checking in
Warning: '.BooleanSwitch_RegressionTest_WrongTrainingValues.Test2' is in training mode, set the trainingMode parameter to false before checking in
Warning: '.BooleanSwitch_RegressionTest_WrongTrainingValues.Test2' The test produced 0 tokens.
Warning: '.top.testExceptionHandler' is in training mode, set the trainingMode parameter to false before checking in
java.lang.RuntimeException: Execution failed
	at ptolemy.moml.MoMLSimpleApplication$UnloadThread.run(MoMLSimpleApplication.java:402)
Caused by: ptolemy.kernel.util.IllegalActionException: PublisherPorts cannot be used at the top level, use a Publisher actor instead.
  in .PublisherPortToplevelSubscriber.PublisherPort
	at ptolemy.actor.PublisherPort.preinitialize(PublisherPort.java:403)
	at ptolemy.actor.CompositeActor.preinitialize(CompositeActor.java:1769)
	at ptolemy.actor.Manager.preinitializeAndResolveTypes(Manager.java:1040)
	at ptolemy.actor.Manager.initialize(Manager.java:710)
	at ptolemy.actor.Manager.execute(Manager.java:356)
	at ptolemy.actor.Manager.run(Manager.java:1263)
	at ptolemy.actor.Manager$PtolemyRunThread.run(Manager.java:1933)
java.lang.reflect.InvocationTargetException
	at java.base/jdk.internal.reflect.NativeConstructorAccessorImpl.newInstance0(Native Method)
	at java.base/jdk.internal.reflect.NativeConstructorAccessorImpl.newInstance(NativeConstructorAccessorImpl.java:62)
	at java.base/jdk.internal.reflect.DelegatingConstructorAccessorImpl.newInstance(DelegatingConstructorAccessorImpl.java:45)
	at java.base/java.lang.reflect.Constructor.newInstance(Constructor.java:490)
	at ptolemy.util.test.junit.AutoKnownFailedTests.RunModel(AutoKnownFailedTests.java:105)
	at java.base/jdk.internal.reflect.NativeMethodAccessorImpl.invoke0(Native Method)
	at java.base/jdk.internal.reflect.NativeMethodAccessorImpl.invoke(NativeMethodAccessorImpl.java:62)
	at java.base/jdk.internal.reflect.DelegatingMethodAccessorImpl.invoke(DelegatingMethodAccessorImpl.java:43)
	at java.base/java.lang.reflect.Method.invoke(Method.java:566)
	at org.junit.runners.model.FrameworkMethod$1.runReflectiveCall(FrameworkMethod.java:44)
	at org.junit.internal.runners.model.ReflectiveCallable.run(ReflectiveCallable.java:15)
	at org.junit.runners.model.FrameworkMethod.invokeExplosively(FrameworkMethod.java:41)
	at junitparams.internal.InvokeParameterisedMethod.evaluate(InvokeParameterisedMethod.java:102)
	at org.junit.internal.runners.statements.FailOnTimeout$1.run(FailOnTimeout.java:28)
Caused by: ptolemy.kernel.util.IllegalActionException: PublisherPorts cannot be used at the top level, use a Publisher actor instead.
  in .PublisherPortToplevelSubscriber.PublisherPort
	at ptolemy.actor.PublisherPort.preinitialize(PublisherPort.java:403)
	at ptolemy.actor.CompositeActor.preinitialize(CompositeActor.java:1769)
	at ptolemy.actor.Manager.preinitializeAndResolveTypes(Manager.java:1040)
	at ptolemy.actor.Manager.initialize(Manager.java:710)
	at ptolemy.actor.Manager.execute(Manager.java:356)
	at ptolemy.actor.Manager.run(Manager.java:1263)
	at ptolemy.actor.Manager$PtolemyRunThread.run(Manager.java:1933)
java.lang.RuntimeException: Execution failed
	at ptolemy.moml.MoMLSimpleApplication$UnloadThread.run(MoMLSimpleApplication.java:402)
Caused by: ptolemy.kernel.util.IllegalActionException: SubscriberPorts cannot be used at the top level, use a Subscriber actor instead.
  in .PublisherSubscriberPortToplevel.SubscriberPort
	at ptolemy.actor.SubscriberPort.preinitialize(SubscriberPort.java:328)
	at ptolemy.actor.CompositeActor.preinitialize(CompositeActor.java:1769)
	at ptolemy.actor.Manager.preinitializeAndResolveTypes(Manager.java:1040)
	at ptolemy.actor.Manager.initialize(Manager.java:710)
	at ptolemy.actor.Manager.execute(Manager.java:356)
	at ptolemy.actor.Manager.run(Manager.java:1263)
	at ptolemy.actor.Manager$PtolemyRunThread.run(Manager.java:1933)
java.lang.reflect.InvocationTargetException
	at java.base/jdk.internal.reflect.NativeConstructorAccessorImpl.newInstance0(Native Method)
	at java.base/jdk.internal.reflect.NativeConstructorAccessorImpl.newInstance(NativeConstructorAccessorImpl.java:62)
	at java.base/jdk.internal.reflect.DelegatingConstructorAccessorImpl.newInstance(DelegatingConstructorAccessorImpl.java:45)
	at java.base/java.lang.reflect.Constructor.newInstance(Constructor.java:490)
	at ptolemy.util.test.junit.AutoKnownFailedTests.RunModel(AutoKnownFailedTests.java:105)
	at java.base/jdk.internal.reflect.NativeMethodAccessorImpl.invoke0(Native Method)
	at java.base/jdk.internal.reflect.NativeMethodAccessorImpl.invoke(NativeMethodAccessorImpl.java:62)
	at java.base/jdk.internal.reflect.DelegatingMethodAccessorImpl.invoke(DelegatingMethodAccessorImpl.java:43)
	at java.base/java.lang.reflect.Method.invoke(Method.java:566)
	at org.junit.runners.model.FrameworkMethod$1.runReflectiveCall(FrameworkMethod.java:44)
	at org.junit.internal.runners.model.ReflectiveCallable.run(ReflectiveCallable.java:15)
	at org.junit.runners.model.FrameworkMethod.invokeExplosively(FrameworkMethod.java:41)
	at junitparams.internal.InvokeParameterisedMethod.evaluate(InvokeParameterisedMethod.java:102)
	at org.junit.internal.runners.statements.FailOnTimeout$1.run(FailOnTimeout.java:28)
Caused by: ptolemy.kernel.util.IllegalActionException: SubscriberPorts cannot be used at the top level, use a Subscriber actor instead.
  in .PublisherSubscriberPortToplevel.SubscriberPort
	at ptolemy.actor.SubscriberPort.preinitialize(SubscriberPort.java:328)
	at ptolemy.actor.CompositeActor.preinitialize(CompositeActor.java:1769)
	at ptolemy.actor.Manager.preinitializeAndResolveTypes(Manager.java:1040)
	at ptolemy.actor.Manager.initialize(Manager.java:710)
	at ptolemy.actor.Manager.execute(Manager.java:356)
	at ptolemy.actor.Manager.run(Manager.java:1263)
	at ptolemy.actor.Manager$PtolemyRunThread.run(Manager.java:1933)
java.lang.RuntimeException: Execution failed
	at ptolemy.moml.MoMLSimpleApplication$UnloadThread.run(MoMLSimpleApplication.java:402)
Caused by: ptolemy.kernel.util.IllegalActionException: SubscriptionAggregatorPorts cannot be used at the top level, use a SubscriptionAggregator actor instead.
  in .PublisherSubscriptionAggregatorPort.SubscriptionAggregatorPort
	at ptolemy.actor.SubscriptionAggregatorPort.preinitialize(SubscriptionAggregatorPort.java:353)
	at ptolemy.actor.CompositeActor.preinitialize(CompositeActor.java:1769)
	at ptolemy.actor.Manager.preinitializeAndResolveTypes(Manager.java:1040)
	at ptolemy.actor.Manager.initialize(Manager.java:710)
	at ptolemy.actor.Manager.execute(Manager.java:356)
	at ptolemy.actor.Manager.run(Manager.java:1263)
	at ptolemy.actor.Manager$PtolemyRunThread.run(Manager.java:1933)
java.lang.reflect.InvocationTargetException
	at java.base/jdk.internal.reflect.NativeConstructorAccessorImpl.newInstance0(Native Method)
	at java.base/jdk.internal.reflect.NativeConstructorAccessorImpl.newInstance(NativeConstructorAccessorImpl.java:62)
	at java.base/jdk.internal.reflect.DelegatingConstructorAccessorImpl.newInstance(DelegatingConstructorAccessorImpl.java:45)
	at java.base/java.lang.reflect.Constructor.newInstance(Constructor.java:490)
	at ptolemy.util.test.junit.AutoKnownFailedTests.RunModel(AutoKnownFailedTests.java:105)
	at java.base/jdk.internal.reflect.NativeMethodAccessorImpl.invoke0(Native Method)
	at java.base/jdk.internal.reflect.NativeMethodAccessorImpl.invoke(NativeMethodAccessorImpl.java:62)
	at java.base/jdk.internal.reflect.DelegatingMethodAccessorImpl.invoke(DelegatingMethodAccessorImpl.java:43)
	at java.base/java.lang.reflect.Method.invoke(Method.java:566)
	at org.junit.runners.model.FrameworkMethod$1.runReflectiveCall(FrameworkMethod.java:44)
	at org.junit.internal.runners.model.ReflectiveCallable.run(ReflectiveCallable.java:15)
	at org.junit.runners.model.FrameworkMethod.invokeExplosively(FrameworkMethod.java:41)
	at junitparams.internal.InvokeParameterisedMethod.evaluate(InvokeParameterisedMethod.java:102)
	at org.junit.internal.runners.statements.FailOnTimeout$1.run(FailOnTimeout.java:28)
Caused by: ptolemy.kernel.util.IllegalActionException: SubscriptionAggregatorPorts cannot be used at the top level, use a SubscriptionAggregator actor instead.
  in .PublisherSubscriptionAggregatorPort.SubscriptionAggregatorPort
	at ptolemy.actor.SubscriptionAggregatorPort.preinitialize(SubscriptionAggregatorPort.java:353)
	at ptolemy.actor.CompositeActor.preinitialize(CompositeActor.java:1769)
	at ptolemy.actor.Manager.preinitializeAndResolveTypes(Manager.java:1040)
	at ptolemy.actor.Manager.initialize(Manager.java:710)
	at ptolemy.actor.Manager.execute(Manager.java:356)
	at ptolemy.actor.Manager.run(Manager.java:1263)
	at ptolemy.actor.Manager$PtolemyRunThread.run(Manager.java:1933)
java.lang.RuntimeException: Execution failed
	at ptolemy.moml.MoMLSimpleApplication$UnloadThread.run(MoMLSimpleApplication.java:402)
Caused by: ptolemy.kernel.util.IllegalActionException: TypeTest actor has no training data.
  in .sizedarray3.TypeTest
	at ptolemy.actor.lib.TypeTest.initialize(TypeTest.java:250)
	at ptolemy.actor.Director.initialize(Director.java:938)
	at ptolemy.actor.Director.initialize(Director.java:907)
	at ptolemy.actor.sched.StaticSchedulingDirector.initialize(StaticSchedulingDirector.java:159)
	at ptolemy.domains.sdf.kernel.SDFDirector.initialize(SDFDirector.java:544)
	at ptolemy.actor.CompositeActor.initialize(CompositeActor.java:935)
	at ptolemy.actor.Manager.initialize(Manager.java:724)
	at ptolemy.actor.Manager.execute(Manager.java:356)
	at ptolemy.actor.Manager.run(Manager.java:1263)
	at ptolemy.actor.Manager$PtolemyRunThread.run(Manager.java:1933)
java.lang.reflect.InvocationTargetException
	at java.base/jdk.internal.reflect.NativeConstructorAccessorImpl.newInstance0(Native Method)
	at java.base/jdk.internal.reflect.NativeConstructorAccessorImpl.newInstance(NativeConstructorAccessorImpl.java:62)
	at java.base/jdk.internal.reflect.DelegatingConstructorAccessorImpl.newInstance(DelegatingConstructorAccessorImpl.java:45)
	at java.base/java.lang.reflect.Constructor.newInstance(Constructor.java:490)
	at ptolemy.util.test.junit.AutoKnownFailedTests.RunModel(AutoKnownFailedTests.java:105)
	at java.base/jdk.internal.reflect.NativeMethodAccessorImpl.invoke0(Native Method)
	at java.base/jdk.internal.reflect.NativeMethodAccessorImpl.invoke(NativeMethodAccessorImpl.java:62)
	at java.base/jdk.internal.reflect.DelegatingMethodAccessorImpl.invoke(DelegatingMethodAccessorImpl.java:43)
	at java.base/java.lang.reflect.Method.invoke(Method.java:566)
	at org.junit.runners.model.FrameworkMethod$1.runReflectiveCall(FrameworkMethod.java:44)
	at org.junit.internal.runners.model.ReflectiveCallable.run(ReflectiveCallable.java:15)
	at org.junit.runners.model.FrameworkMethod.invokeExplosively(FrameworkMethod.java:41)
	at junitparams.internal.InvokeParameterisedMethod.evaluate(InvokeParameterisedMethod.java:102)
	at org.junit.internal.runners.statements.FailOnTimeout$1.run(FailOnTimeout.java:28)
Caused by: ptolemy.kernel.util.IllegalActionException: TypeTest actor has no training data.
  in .sizedarray3.TypeTest
	at ptolemy.actor.lib.TypeTest.initialize(TypeTest.java:250)
	at ptolemy.actor.Director.initialize(Director.java:938)
	at ptolemy.actor.Director.initialize(Director.java:907)
	at ptolemy.actor.sched.StaticSchedulingDirector.initialize(StaticSchedulingDirector.java:159)
	at ptolemy.domains.sdf.kernel.SDFDirector.initialize(SDFDirector.java:544)
	at ptolemy.actor.CompositeActor.initialize(CompositeActor.java:935)
	at ptolemy.actor.Manager.initialize(Manager.java:724)
	at ptolemy.actor.Manager.execute(Manager.java:356)
	at ptolemy.actor.Manager.run(Manager.java:1263)
	at ptolemy.actor.Manager$PtolemyRunThread.run(Manager.java:1933)
]]></system-err>
</testsuite>
