<?xml version="1.0" encoding="UTF-8" ?>
<testsuite errors="0" failures="0" hostname="travis-job-953b47ec-4b1a-4fab-9969-a846e0ec63bd" name="ptolemy.actor.lib.test.junit.JUnitTclTest" skipped="0" tests="517" time="59.003" timestamp="2019-04-28T00:19:25">
  <properties>
    <property name="npm.executable" value="npm" />
    <property name="file.encoding.pkg" value="sun.io" />
    <property name="env.TRAVIS_ROOT" value="/" />
    <property name="ptII.mk.exists" value="true" />
    <property name="env.TRAVIS_APP_HOST" value="build.travis-ci.org" />
    <property name="env.rvm_bin_path" value="/home/travis/.rvm/bin" />
    <property name="java.home" value="/usr/lib/jvm/java-8-oracle/jre" />
    <property name="env.TRAVIS_JOB_NUMBER" value="1107.8" />
    <property name="env.TRAVIS_HOME" value="/home/travis" />
    <property name="env.DISPLAY" value=":99.0" />
    <property name="java.net.preferIPv4Stack" value="true" />
    <property name="env.TRAVIS_INIT" value="upstart" />
    <property name="env.SSH_TTY" value="/dev/pts/0" />
    <property name="env.RUN_TESTS" value="true" />
    <property name="timeout.short" value="1000000" />
    <property name="env.TRAVIS_JOB_NAME" value="" />
    <property name="env.TRAVIS_STACK_NODE_ATTRIBUTES" value="/.node-attributes.yml" />
    <property name="junit.formatter" value="xml" />
    <property name="java.endorsed.dirs" value="/usr/lib/jvm/java-8-oracle/jre/lib/endorsed" />
    <property name="env.TRAVIS_SUDO" value="true" />
    <property name="env.LOGNAME" value="travis" />
    <property name="env.PT_TRAVIS_TEST_CORE1_XML" value="true" />
    <property name="jsdoc.home" value="node_modules/@terraswarm/jsdoc" />
    <property name="debuglevel" value="source,lines,vars" />
    <property name="checkstyle.formatter" value="xml" />
    <property name="bin.vergil.makeable" value="true" />
    <property name="env._system_version" value="14.04" />
    <property name="sun.os.patch.level" value="unknown" />
    <property name="java.vendor.url" value="http://java.oracle.com/" />
    <property name="env.TRAVIS_BUILD_WEB_URL" value="https://travis-ci.org/icyphy/ptII/builds/525466748" />
    <property name="java.version" value="1.8.0_151" />
    <property name="env.TZ" value="UTC" />
    <property name="env.PT_NO_NET" value="true" />
    <property name="env.TRAVIS_PULL_REQUEST_SHA" value="" />
    <property name="env.TRAVIS_SECURE_ENV_VARS" value="true" />
    <property name="env._system_type" value="Linux" />
    <property name="java.vendor.url.bug" value="http://bugreport.sun.com/bugreport/" />
    <property name="env.SSH_CLIENT" value="10.10.4.65 60496 22" />
    <property name="npmjs-org-is-up" value="true" />
    <property name="env.GEM_HOME" value="/home/travis/.rvm/gems/ruby-2.4.1" />
    <property name="env.HAS_ANTARES_THREE_LITTLE_FRONZIES_BADGE" value="true" />
    <property name="env.PS4" value="+" />
    <property name="ant.project.invoked-targets" value="build,test.core1.xml" />
    <property name="env.TRAVIS_PULL_REQUEST_BRANCH" value="" />
    <property name="env.TRAVIS_REPO_SLUG" value="icyphy/ptII" />
    <property name="env.TRAVIS_APT_PROXY" value="http://build-cache.travisci.net" />
    <property name="node.in.path" value="true" />
    <property name="java.maxmemory" value="1400m" />
    <property name="env.RUBY_VERSION" value="ruby-2.4.1" />
    <property name="user.name" value="travis" />
    <property name="env.LANG" value="en_US.UTF-8" />
    <property name="sun.io.unicode.encoding" value="UnicodeLittle" />
    <property name="sun.jnu.encoding" value="UTF-8" />
    <property name="java.runtime.name" value="Java(TM) SE Runtime Environment" />
    <property name="usefile" value="false" />
    <property name="return.code" value="0" />
    <property name="junit.single.formatter" value="plain" />
    <property name="env.DYLD_LIBRARY_PATH" value="/home/travis/pthla/certi-tools/lib:" />
    <property name="env.DEBIAN_FRONTEND" value="noninteractive" />
    <property name="env.SSH_CONNECTION" value="10.10.4.65 60496 10.20.0.202 22" />
    <property name="env.MYSQL_UNIX_PORT" value="/var/run/mysqld/mysqld.sock" />
    <property name="env.TRAVIS_ALLOW_FAILURE" value="false" />
    <property name="env.LC_ALL" value="en_US.UTF-8" />
    <property name="env.TRAVIS_JOB_WEB_URL" value="https://travis-ci.org/icyphy/ptII/jobs/525466756" />
    <property name="java.specification.name" value="Java Platform API Specification" />
    <property name="node.works" value="true" />
    <property name="user.timezone" value="" />
    <property name="path.separator" value=":" />
    <property name="env.TRAVIS_ENABLE_INFRA_DETECTION" value="true" />
    <property name="env.PYTHON_CFLAGS" value="-g -fstack-protector --param=ssp-buffer-size=4 -Wformat -Werror=format-security" />
    <property name="timeout.long" value="4000000" />
    <property name="env.CERTI_HOME" value="/home/travis/pthla/certi-tools" />
    <property name="file.encoding" value="UTF-8" />
    <property name="ant.file.ptII" value="/home/travis/build/icyphy/ptII/build.xml" />
    <property name="javadoc.packagenames" value="com.*,diva.*,lbnl.*,org.hlacerti.*,org.json.*,org.ptolemy.*,org.terraswarm.*,ptolemy.*,ptserver.*" />
    <property name="env.TRAVIS_PULL_REQUEST_SLUG" value="" />
    <property name="ant.project.default-target" value="build" />
    <property name="env.GIT_ASKPASS" value="echo" />
    <property name="env.HOME" value="/home/travis" />
    <property name="sun.java.command" value="org.apache.tools.ant.taskdefs.optional.junit.JUnitTestRunner ptolemy.actor.lib.test.junit.JUnitTclTest skipNonTests=false filtertrace=true haltOnError=false haltOnFailure=false formatter=org.apache.tools.ant.taskdefs.optional.junit.OutErrSummaryJUnitResultFormatter showoutput=true outputtoformatters=true logfailedtests=true threadid=0 logtestlistenerevents=false formatter=org.apache.tools.ant.taskdefs.optional.junit.XMLJUnitResultFormatter,/home/travis/build/icyphy/ptII/reports/junit/TEST-ptolemy.actor.lib.test.junit.JUnitTclTest.xml crashfile=/home/travis/build/icyphy/ptII/junitvmwatcher3690250898971542128.properties propsfile=/home/travis/build/icyphy/ptII/junit9192182465945620403.properties" />
    <property name="env.MANPATH" value="/home/travis/.nvm/versions/node/v7.10.1/share/man:/home/travis/.kiex/elixirs/elixir-1.4.5/man:/home/travis/.rvm/rubies/ruby-2.4.1/share/man:/usr/local/man:/usr/local/cmake-3.9.2/man:/usr/local/clang-5.0.0/share/man:/usr/local/share/man:/usr/share/man:/home/travis/.rvm/man" />
    <property name="env.COMPOSER_NO_INTERACTION" value="1" />
    <property name="env.JDK_SWITCHER_DEFAULT" value="oraclejdk8" />
    <property name="env.TRAVIS_TIMER_ID" value="01533f5a" />
    <property name="ant.file" value="/home/travis/build/icyphy/ptII/build.xml" />
    <property name="env.TRAVIS_COMMIT_RANGE" value="230b78f96d6d...544dcf7da350" />
    <property name="env._system_name" value="Ubuntu" />
    <property name="timeout" value="2400000" />
    <property name="ptII.classpath.optional.property" value="/home/travis/build/icyphy/ptII/lib/bsh-2.0b4.jar:/home/travis/build/icyphy/ptII/lib/ptCal.jar:/home/travis/build/icyphy/ptII/lib/java_cup.jar:/home/travis/build/icyphy/ptII/lib/saxon8.jar:/home/travis/build/icyphy/ptII/lib/saxon8-dom.jar:/home/travis/build/icyphy/ptII/lib/chic.jar:/home/travis/build/icyphy/ptII/lib/ptcolt.jar:/usr/lib/jvm/java-8-oracle/lib/tools.jar:/home/travis/build/icyphy/ptII/vendors/misc/itext/iText.jar:/home/travis/build/icyphy/ptII/lib/g4ltl.jar:/home/travis/build/icyphy/ptII/lib/StructuralCoder.jar:/home/travis/build/icyphy/ptII/vendors/jai-1_1_2_01/lib/jai_core.jar:/home/travis/build/icyphy/ptII/vendors/jai-1_1_2_01/lib/jai_codec.jar:/home/travis/build/icyphy/ptII/lib/jcerti.jar:/home/travis/build/icyphy/ptII/lib/javax.mail.jar:/home/travis/build/icyphy/ptII/vendors/JMF-2.1.1e/lib/jmf.jar:/home/travis/build/icyphy/ptII/lib/jna-4.0.0-variadic.jar:/home/travis/build/icyphy/ptII/vendors/misc/joystick/Joystick.jar:/home/travis/build/icyphy/ptII/lib/ptjacl.jar:/home/travis/build/icyphy/ptII/lib/jsoup-1.8.2.jar:/home/travis/build/icyphy/ptII/lib/junit-4.8.2.jar:/home/travis/build/icyphy/ptII/lib/JUnitParams-0.4.0.jar:/home/travis/build/icyphy/ptII/ptolemy/actor/lib/excel/jxl.jar:/home/travis/build/icyphy/ptII/lib/jython.jar:/home/travis/build/icyphy/ptII/lib/kieler.jar:/home/travis/build/icyphy/ptII/vendors/opencv/share/OpenCV/java/opencv-341.jar:/home/travis/build/icyphy/ptII/lib/oscP5.jar:/home/travis/build/icyphy/ptII/lib/nrjavaserial-3.11.0.devel.jar:/home/travis/build/icyphy/ptII/vendors/j3d/lib/j3dcore.jar:/home/travis/build/icyphy/ptII/vendors/j3d/lib/j3dutils.jar:/home/travis/build/icyphy/ptII/vendors/j3d/lib/vecmath.jar:/home/travis/build/icyphy/ptII/ptolemy/distributed/jini/jar/jini-core.jar:/home/travis/build/icyphy/ptII/ptolemy/distributed/jini/jar/jini-ext.jar:/home/travis/build/icyphy/ptII/ptolemy/distributed/jini/jar/sun-util.jar:/home/travis/build/icyphy/ptII/lib/protobuf-java-2.4.1.jar:/home/travis/build/icyphy/ptII/lib/org.eclipse.paho.client.mqttv3.jar:/home/travis/build/icyphy/ptII/lib/mapss.jar:/home/travis/build/icyphy/ptII/ptolemy/actor/ptalon/antlr/antlr.jar:/home/travis/build/icyphy/ptII/lib/JRI.jar:/home/travis/build/icyphy/ptII/lib/commons-lang-2.6.jar:/home/travis/build/icyphy/ptII/lib/commons-logging-1.1.1.jar:/home/travis/build/icyphy/ptII/lib/sootclasses.jar:/home/travis/build/icyphy/ptII/ptolemy/actor/lib/database/mysql-connector-java-5.1.6-bin.jar:/home/travis/build/icyphy/ptII/vendors/misc/sphinx4/sphinx4-data-5prealpha.jar:/home/travis/build/icyphy/ptII/vendors/misc/sphinx4/sphinx4-core-5prealpha.jar:/home/travis/build/icyphy/ptII/lib/PDFRenderer.jar:/home/travis/build/icyphy/ptII/lib/svgSalamander.jar:/home/travis/build/icyphy/ptII/lib/rsyntaxtextarea-2.6.0-SNAPSHOT.jar:/home/travis/build/icyphy/ptII/lib/hazelcast-3.8.2.jar:/home/travis/build/icyphy/ptII/lib/jackson-annotations-2.9.0.jar:/home/travis/build/icyphy/ptII/lib/jackson-core-2.9.3.jar:/home/travis/build/icyphy/ptII/lib/jackson-databind-2.9.3.jar:/home/travis/build/icyphy/ptII/lib/netty-buffer-4.1.19.Final.jar:/home/travis/build/icyphy/ptII/lib/netty-codec-4.1.19.Final.jar:/home/travis/build/icyphy/ptII/lib/netty-codec-dns-4.1.19.Final.jar:/home/travis/build/icyphy/ptII/lib/netty-codec-http-4.1.19.Final.jar:/home/travis/build/icyphy/ptII/lib/netty-codec-http2-4.1.19.Final.jar:/home/travis/build/icyphy/ptII/lib/netty-common-4.1.19.Final.jar:/home/travis/build/icyphy/ptII/lib/netty-handler-4.1.19.Final.jar:/home/travis/build/icyphy/ptII/lib/netty-resolver-4.1.19.Final.jar:/home/travis/build/icyphy/ptII/lib/netty-resolver-dns-4.1.19.Final.jar:/home/travis/build/icyphy/ptII/lib/netty-transport-4.1.19.Final.jar:/home/travis/build/icyphy/ptII/lib/vertx-codegen-3.5.1.jar:/home/travis/build/icyphy/ptII/lib/vertx-core-3.5.2-SNAPSHOT.jar:/home/travis/build/icyphy/ptII/lib/vertx-hazelcast-3.5.1.jar:/home/travis/build/icyphy/ptII/lib/vertx-lang-js-3.5.1.jar:/home/travis/build/icyphy/ptII/lib/vertx-service-proxy-3.5.1.jar:/home/travis/build/icyphy/ptII/lib/vertx-web-3.5.1.jar:/home/travis/build/icyphy/ptII/lib/slf4j-api-1.7.13.jar:/home/travis/build/icyphy/ptII/lib/slf4j-simple-1.7.13.jar:/home/travis/build/icyphy/ptII/lib/webcam-capture-0.3.12.jar:/home/travis/build/icyphy/ptII/lib/bridj-0.7.0.jar:/home/travis/build/icyphy/ptII/lib/xbjlib-1.1.0.nrjavaserial.jar" />
    <property name="test.batch" value="**/junit/*.java" />
    <property name="env._" value="/usr/bin/timeout" />
    <property name="java.io.tmpdir" value="/tmp" />
    <property name="env.TRAVIS_INTERNAL_RUBY_REGEX" value="^ruby-(2\.[0-4]\.[0-9]|1\.9\.3)" />
    <property name="user.language" value="en" />
    <property name="env.HISTCONTROL" value="ignoredups:ignorespace" />
    <property name="env.GOROOT" value="/home/travis/.gimme/versions/go1.7.4.linux.amd64" />
    <property name="line.separator" value="&#xa;" />
    <property name="target" value="1.8" />
    <property name="env.TRAVIS_BUILD_DIR" value="/home/travis/build/icyphy/ptII" />
    <property name="env.ANT_OPTS" value="-Xmx2048m" />
    <property name="ant.file.type" value="file" />
    <property name="ptolemy.ptII.batchMode" value="true" />
    <property name="env.HISTSIZE" value="1000" />
    <property name="env.MERB_ENV" value="test" />
    <property name="java.vm.info" value="mixed mode" />
    <property name="source" value="1.8" />
    <property name="java.vm.specification.name" value="Java Virtual Machine Specification" />
    <property name="env.TRAVIS_TEST_RESULT" value="0" />
    <property name="jsdoc.command" value="node_modules/@terraswarm/jsdoc/jsdoc.js" />
    <property name="npm.works" value="true" />
    <property name="cobertura.dir" value="/home/travis/build/icyphy/ptII/vendors/cobertura-2.0.3" />
    <property name="env.rvm_path" value="/home/travis/.rvm" />
    <property name="env.GEM_PATH" value="/home/travis/.rvm/gems/ruby-2.4.1:/home/travis/.rvm/gems/ruby-2.4.1@global" />
    <property name="env.LC_CTYPE" value="en_US.UTF-8" />
    <property name="java.awt.printerjob" value="sun.print.PSPrinterJob" />
    <property name="env.TRAVIS_CMD" value="$PTII/bin/ptIITravisBuild.sh $SECONDS" />
    <property name="env.TRAVIS_STACK_NAME" value="garnet" />
    <property name="env.TRAVIS_TIMER_START_TIME" value="1556410394557702610" />
    <property name="ant.version" value="Apache Ant(TM) version 1.10.1 compiled on February 2 2017" />
    <property name="ptII.reports" value="/home/travis/build/icyphy/ptII/reports" />
    <property name="env.TRAVIS_STACK_TIMESTAMP" value="2017-12-05 19:33:09 UTC" />
    <property name="ant.file.type.ptII" value="file" />
    <property name="env.RBENV_SHELL" value="bash" />
    <property name="os.name" value="Linux" />
    <property name="java.specification.vendor" value="Oracle Corporation" />
    <property name="env.rvm_version" value="1.29.3 (latest)" />
    <property name="env.TRAVIS_INFRA" value="gce" />
    <property name="env.TERM" value="xterm" />
    <property name="java.vm.name" value="Java HotSpot(TM) 64-Bit Server VM" />
    <property name="env.TRAVIS_BUILD_NUMBER" value="1107" />
    <property name="env.CI" value="true" />
    <property name="java.library.path" value="/home/travis/pthla/certi-tools/lib:/usr/lib/jni:/usr/local/share/OpenCV/java/:/usr/share/OpenCV/java::/usr/java/packages/lib/amd64:/usr/lib64:/lib64:/lib:/usr/lib" />
    <property name="env.rvm_prefix" value="/home/travis" />
    <property name="env.PATH" value="/home/travis/pthla/certi-tools/share/scripts:/home/travis/.rvm/gems/ruby-2.4.1/bin:/home/travis/.rvm/gems/ruby-2.4.1@global/bin:/home/travis/.rvm/rubies/ruby-2.4.1/bin:/home/travis/.rvm/bin:/home/travis/.nvm/versions/node/v7.10.1/bin:./node_modules/.bin:/home/travis/build/icyphy/ptII/bin:/home/travis/pthla/certi-tools/bin:/home/travis/bin:/home/travis/.local/bin:/opt/pyenv/shims:/home/travis/.phpenv/shims:/home/travis/perl5/perlbrew/bin:/home/travis/.kiex/elixirs/elixir-1.4.5/bin:/home/travis/.kiex/bin:/home/travis/gopath/bin:/home/travis/.gimme/versions/go1.7.4.linux.amd64/bin:/usr/local/phantomjs/bin:/usr/local/phantomjs:/usr/local/neo4j-3.2.7/bin:/usr/local/maven-3.5.2/bin:/usr/local/cmake-3.9.2/bin:/usr/local/clang-5.0.0/bin:/usr/local/sbin:/usr/local/bin:/usr/sbin:/usr/bin:/sbin:/bin:/home/travis/.phpenv/bin:/opt/pyenv/bin:/home/travis/.yarn/bin" />
    <property name="env.TRAVIS_OS_NAME" value="linux" />
    <property name="ant.java.version" value="1.8" />
    <property name="basedir" value="/home/travis/build/icyphy/ptII" />
    <property name="java.class.version" value="52.0" />
    <property name="env.SHLVL" value="3" />
    <property name="env.LD_LIBRARY_PATH" value="/home/travis/pthla/certi-tools/lib:/usr/lib/jni:/usr/local/share/OpenCV/java/:/usr/share/OpenCV/java:" />
    <property name="env.RACK_ENV" value="test" />
    <property name="ant.home" value="/home/travis/build/icyphy/ptII/ant" />
    <property name="env.PERLBREW_BASHRC_VERSION" value="0.80" />
    <property name="env.NVM_DIR" value="/home/travis/.nvm" />
    <property name="env.TRAVIS_BUILD_ID" value="525466748" />
    <property name="env.CERTI_FOM_PATH" value="/home/travis/pthla/certi-tools/share/federations" />
    <property name="env.PYENV_ROOT" value="/opt/pyenv" />
    <property name="env.TRAVIS_UID" value="2000" />
    <property name="env.rvm_pretty_print_flag" value="auto" />
    <property name="env.NVM_BIN" value="/home/travis/.nvm/versions/node/v7.10.1/bin" />
    <property name="env.TRAVIS_COMMIT" value="544dcf7da35028a08dedb3ce0a049bc1656a4919" />
    <property name="env._system_arch" value="x86_64" />
    <property name="node.executable" value="node" />
    <property name="sun.boot.library.path" value="/usr/lib/jvm/java-8-oracle/jre/lib/amd64" />
    <property name="sun.management.compiler" value="HotSpot 64-Bit Tiered Compilers" />
    <property name="env.GOPATH" value="/home/travis/gopath" />
    <property name="java.awt.graphicsenv" value="sun.awt.X11GraphicsEnvironment" />
    <property name="ptolemy.ptII.dir" value="/home/travis/build/icyphy/ptII" />
    <property name="env.USER" value="travis" />
    <property name="env.HISTFILESIZE" value="2000" />
    <property name="timeout.longest" value="19000000" />
    <property name="env.TRAVIS_STACK_FEATURES" value="basic cassandra chromium couchdb disabled-ipv6 docker docker-compose elasticsearch firefox go-toolchain google-chrome jdk memcached mongodb mysql neo4j nodejs_interpreter perl_interpreter perlbrew phantomjs postgresql python_interpreter rabbitmq redis riak ruby_interpreter sqlite xserver" />
    <property name="env.TRAVIS_PULL_REQUEST" value="false" />
    <property name="env.PYENV_SHELL" value="bash" />
    <property name="ant.project.name" value="ptII" />
    <property name="java.vm.specification.version" value="1.8" />
    <property name="env.ANSI_RESET" value="\033[0m" />
    <property name="env.TRAVIS_DIST" value="trusty" />
    <property name="env.CERTI_VERSION" value="4.0.0" />
    <property name="env.NLSPATH" value="/usr/dt/lib/nls/msg/%L/%N.cat" />
    <property name="awt.toolkit" value="sun.awt.X11.XToolkit" />
    <property name="env.CERTI_HOST" value="localhost" />
    <property name="env.MY_RUBY_HOME" value="/home/travis/.rvm/rubies/ruby-2.4.1" />
    <property name="sun.cpu.isalist" value="" />
    <property name="env.TRAVIS_TMPDIR" value="/tmp/tmp.lYdXQlzGFq" />
    <property name="java.ext.dirs" value="/usr/lib/jvm/java-8-oracle/jre/lib/ext:/usr/java/packages/lib/ext" />
    <property name="os.version" value="4.4.0-101-generic" />
    <property name="user.home" value="/home/travis" />
    <property name="env.MIX_ARCHIVES" value="/home/travis/.kiex/mix/elixir-1.4.5" />
    <property name="java.vm.vendor" value="Oracle Corporation" />
    <property name="env.TRAVIS_TAG" value="nightly" />
    <property name="env.ANSI_YELLOW" value="\033[33;1m" />
    <property name="env.TRAVIS_FILTERED" value="redirect_io" />
    <property name="env.ANSI_GREEN" value="\033[32;1m" />
    <property name="env.JAVA_HOME" value="/usr/lib/jvm/java-8-oracle" />
    <property name="env.PTII" value="/home/travis/build/icyphy/ptII" />
    <property name="javadoc.excludepackagenames" value="adm.cvs2svn.*,build.*,config.*,doc.coding.templates.*,jni.test.jni.meaningOfLife.*,jni.test.jni.testDeux.*,jni.test.jni.testTrois.*,org.terraswarm.accessor.accessors.web.node_modules.*,org.terraswarm.accessor.accessors.web.hosts.cordova.demo.*,org.terraswarm.accessor.accessors.web.hosts.cordova.plugins.*,org.terraswarm.accessor.accessors-svn.*,pt-modules.*,ptolemy.apps.agilent.*,ptolemy.apps.anytimecontrol.*,ptolemy.apps.apes.*,ptolemy.apps.charon.*,ptolemy.apps.crazyboard.*,ptolemy.apps.eclipse.*,ptolemy.apps.etherealSting.*,ptolemy.apps.fullscreen.*,ptolemy.apps.giotto.*,ptolemy.apps.ia.*,ptolemy.apps.interfaces.*,ptolemy.apps.jmf.*,ptolemy.apps.kurt.*,ptolemy.apps.kvm.*,ptolemy.apps.lego.*,ptolemy.apps.lejos.*,ptolemy.apps.midp.*,ptolemy.apps.mobileCoding.*,ptolemy.apps.pendulum.*,ptolemy.apps.rijndael.*,ptolemy.apps.robot.*,ptolemy.apps.security.*,ptolemy.apps.sobel.*,ptolemy.apps.soot.*,ptolemy.apps.throttle.*,ptolemy.apps.tini.*,ptolemy.apps.transmission.*,ptolemy.apps.vergil.*,ptolemy.apps.waba.*,ptolemy.apps.websensor.*,ptolemy.apps.webstart.*,ptolemy.apps.xsl.*,ptolemy.apps.zaurus.*,ptolemy.codegen.c.actor.lib.oldJavaFiles.*,ptolemy.codegen.dsp.lib.*,ptolemy.codegen.kernel.newInterfaces.*,ptolemy.codegen.lib.*,ptolemy.copernicus.kernel.fragment.*,ptolemy.copernicus.shallow.cg.*,ptolemy.domains.giotto.demo.Hierarchy.Hierarchy.*,ptolemy.domains.giotto.demo.Multimode.Multimode.*,ptolemy.domains.giotto.demo.Simple.Simple.*,ptolemy.domains.gr.lib.experimental.*,ptolemy.domains.gro.*,ptolemy.domains.pdf.*,ptolemy.domains.ptinyos.demo.Surge.output.*,ptolemy.moml.test.NoPackageActor.java*,ptolemy.plot.adm.*,ptolemy.plot.servlet.*,reports.*,signed.*,src.*,target.*,vendors.*,ptolemy.apps.eclipse.awt.*,ptolemy.backtrack.*,ptolemy.backtrack.ast.*,ptolemy.cg.adapter.generic.program.procedural.c.mbed*,ptolemy.homer.*,org.ptolemy.scala.*,diva.util.java2d.svg.*,ptolemy.domains.ptinyos.*,ptolemy.actor.lib.fmi.fmipp.*,,org.terraswarm.accessor.accessors.web.node_modules.*,org.terraswarm.accessor.accessors-svn,ptolemy.apps.*,ptolemy.actor.ptalon.demo.ptinyos.SendAndReceiveCnt.output,ptolemy.actor.ptalon.demo.ptinyos.SenseToLeds.output,ptolemy.domains.ptinyos.demo.CntToLedsAndRfm.output,ptolemy.domains.ptinyos.demo.RfmToLeds.output,ptolemy.domains.ptinyos.demo.SendAndReceiveCnt.output,ptolemy.domains.ptinyos.demo.SenseToLeds.output,ptolemy.actor.lib.jjs.modules.udpSocket.*" />
    <property name="env.TRAVIS_COMMIT_MESSAGE" value="Retrained tests for correct behavior. These were actually testing for incorrect behavior." />
    <property name="keystore" value="ptKeystore" />
    <property name="env.XDG_SESSION_ID" value="2" />
    <property name="junit.output.dir" value="/home/travis/build/icyphy/ptII/reports/junit" />
    <property name="npm.return.code" value="0" />
    <property name="user.dir" value="/home/travis/build/icyphy/ptII/ptolemy/actor/lib/test" />
    <property name="env.TRAVIS_NODE_VERSION" value="7" />
    <property name="env.XFILESEARCHPATH" value="/usr/dt/app-defaults/%L/Dt" />
    <property name="env.TRAVIS_EVENT_TYPE" value="push" />
    <property name="env.MAIL" value="/var/mail/travis" />
    <property name="env.PWD" value="/home/travis/build/icyphy/ptII" />
    <property name="env.PERLBREW_ROOT" value="/home/travis/perl5/perlbrew" />
    <property name="timeout.npm" value="45000" />
    <property name="env.TRAVIS_ARCH" value="amd64" />
    <property name="env.PAGER" value="cat" />
    <property name="sun.cpu.endian" value="little" />
    <property name="env.TRAVIS_BUILD_STAGE_NAME" value="Test" />
    <property name="env.PERLBREW_HOME" value="/home/travis/.perlbrew" />
    <property name="env.RAILS_ENV" value="test" />
    <property name="java.vm.version" value="25.151-b12" />
    <property name="java.class.path" value="/home/travis/.ptolemyII:/home/travis/.ptolemyII/*:/home/travis/build/icyphy/ptII:/home/travis/build/icyphy/ptII/lib/bsh-2.0b4.jar:/home/travis/build/icyphy/ptII/lib/ptCal.jar:/home/travis/build/icyphy/ptII/lib/java_cup.jar:/home/travis/build/icyphy/ptII/lib/saxon8.jar:/home/travis/build/icyphy/ptII/lib/saxon8-dom.jar:/home/travis/build/icyphy/ptII/lib/chic.jar:/home/travis/build/icyphy/ptII/lib/ptcolt.jar:/usr/lib/jvm/java-8-oracle/lib/tools.jar:/home/travis/build/icyphy/ptII/vendors/misc/itext/iText.jar:/home/travis/build/icyphy/ptII/lib/g4ltl.jar:/home/travis/build/icyphy/ptII/lib/StructuralCoder.jar:/home/travis/build/icyphy/ptII/vendors/jai-1_1_2_01/lib/jai_core.jar:/home/travis/build/icyphy/ptII/vendors/jai-1_1_2_01/lib/jai_codec.jar:/home/travis/build/icyphy/ptII/lib/jcerti.jar:/home/travis/build/icyphy/ptII/lib/javax.mail.jar:/home/travis/build/icyphy/ptII/vendors/JMF-2.1.1e/lib/jmf.jar:/home/travis/build/icyphy/ptII/lib/jna-4.0.0-variadic.jar:/home/travis/build/icyphy/ptII/vendors/misc/joystick/Joystick.jar:/home/travis/build/icyphy/ptII/lib/ptjacl.jar:/home/travis/build/icyphy/ptII/lib/jsoup-1.8.2.jar:/home/travis/build/icyphy/ptII/lib/junit-4.8.2.jar:/home/travis/build/icyphy/ptII/lib/JUnitParams-0.4.0.jar:/home/travis/build/icyphy/ptII/ptolemy/actor/lib/excel/jxl.jar:/home/travis/build/icyphy/ptII/lib/jython.jar:/home/travis/build/icyphy/ptII/lib/kieler.jar:/home/travis/build/icyphy/ptII/vendors/opencv/share/OpenCV/java/opencv-341.jar:/home/travis/build/icyphy/ptII/lib/oscP5.jar:/home/travis/build/icyphy/ptII/lib/nrjavaserial-3.11.0.devel.jar:/home/travis/build/icyphy/ptII/vendors/j3d/lib/j3dcore.jar:/home/travis/build/icyphy/ptII/vendors/j3d/lib/j3dutils.jar:/home/travis/build/icyphy/ptII/vendors/j3d/lib/vecmath.jar:/home/travis/build/icyphy/ptII/ptolemy/distributed/jini/jar/jini-core.jar:/home/travis/build/icyphy/ptII/ptolemy/distributed/jini/jar/jini-ext.jar:/home/travis/build/icyphy/ptII/ptolemy/distributed/jini/jar/sun-util.jar:/home/travis/build/icyphy/ptII/lib/protobuf-java-2.4.1.jar:/home/travis/build/icyphy/ptII/lib/org.eclipse.paho.client.mqttv3.jar:/home/travis/build/icyphy/ptII/lib/mapss.jar:/home/travis/build/icyphy/ptII/ptolemy/actor/ptalon/antlr/antlr.jar:/home/travis/build/icyphy/ptII/lib/JRI.jar:/home/travis/build/icyphy/ptII/lib/commons-lang-2.6.jar:/home/travis/build/icyphy/ptII/lib/commons-logging-1.1.1.jar:/home/travis/build/icyphy/ptII/lib/sootclasses.jar:/home/travis/build/icyphy/ptII/ptolemy/actor/lib/database/mysql-connector-java-5.1.6-bin.jar:/home/travis/build/icyphy/ptII/vendors/misc/sphinx4/sphinx4-data-5prealpha.jar:/home/travis/build/icyphy/ptII/vendors/misc/sphinx4/sphinx4-core-5prealpha.jar:/home/travis/build/icyphy/ptII/lib/PDFRenderer.jar:/home/travis/build/icyphy/ptII/lib/svgSalamander.jar:/home/travis/build/icyphy/ptII/lib/rsyntaxtextarea-2.6.0-SNAPSHOT.jar:/home/travis/build/icyphy/ptII/lib/hazelcast-3.8.2.jar:/home/travis/build/icyphy/ptII/lib/jackson-annotations-2.9.0.jar:/home/travis/build/icyphy/ptII/lib/jackson-core-2.9.3.jar:/home/travis/build/icyphy/ptII/lib/jackson-databind-2.9.3.jar:/home/travis/build/icyphy/ptII/lib/netty-buffer-4.1.19.Final.jar:/home/travis/build/icyphy/ptII/lib/netty-codec-4.1.19.Final.jar:/home/travis/build/icyphy/ptII/lib/netty-codec-dns-4.1.19.Final.jar:/home/travis/build/icyphy/ptII/lib/netty-codec-http-4.1.19.Final.jar:/home/travis/build/icyphy/ptII/lib/netty-codec-http2-4.1.19.Final.jar:/home/travis/build/icyphy/ptII/lib/netty-common-4.1.19.Final.jar:/home/travis/build/icyphy/ptII/lib/netty-handler-4.1.19.Final.jar:/home/travis/build/icyphy/ptII/lib/netty-resolver-4.1.19.Final.jar:/home/travis/build/icyphy/ptII/lib/netty-resolver-dns-4.1.19.Final.jar:/home/travis/build/icyphy/ptII/lib/netty-transport-4.1.19.Final.jar:/home/travis/build/icyphy/ptII/lib/vertx-codegen-3.5.1.jar:/home/travis/build/icyphy/ptII/lib/vertx-core-3.5.2-SNAPSHOT.jar:/home/travis/build/icyphy/ptII/lib/vertx-hazelcast-3.5.1.jar:/home/travis/build/icyphy/ptII/lib/vertx-lang-js-3.5.1.jar:/home/travis/build/icyphy/ptII/lib/vertx-service-proxy-3.5.1.jar:/home/travis/build/icyphy/ptII/lib/vertx-web-3.5.1.jar:/home/travis/build/icyphy/ptII/lib/slf4j-api-1.7.13.jar:/home/travis/build/icyphy/ptII/lib/slf4j-simple-1.7.13.jar:/home/travis/build/icyphy/ptII/lib/webcam-capture-0.3.12.jar:/home/travis/build/icyphy/ptII/lib/bridj-0.7.0.jar:/home/travis/build/icyphy/ptII/lib/xbjlib-1.1.0.nrjavaserial.jar:/home/travis/build/icyphy/ptII/ptolemy/moml/test:/home/travis/build/icyphy/ptII/ant/lib/ant-launcher.jar:/home/travis/build/icyphy/ptII/ant/lib/ant.jar:/home/travis/build/icyphy/ptII/ant/lib/ant-junit.jar:/home/travis/build/icyphy/ptII/ant/lib/ant-junit4.jar" />
    <property name="ant.library.dir" value="/home/travis/build/icyphy/ptII/ant/lib" />
    <property name="os.arch" value="amd64" />
    <property name="env.TRAVIS_LANGUAGE" value="node_js" />
    <property name="env.CONTINUOUS_INTEGRATION" value="true" />
    <property name="env.TRAVIS_STACK_LANGUAGES" value="__garnet__ c c++ clojure cplusplus cpp default go groovy java node_js php pure_java python ruby scala" />
    <property name="test.name" value="ptolemy.actor.lib.test.junit.JUnitTclTest" />
    <property name="sun.java.launcher" value="SUN_STANDARD" />
    <property name="env.PYTHON_CONFIGURE_OPTS" value="--enable-unicode=ucs4 --with-wide-unicode --enable-shared --enable-ipv6 --enable-loadable-sqlite-extensions --with-computed-gotos" />
    <property name="ant.core.lib" value="/home/travis/build/icyphy/ptII/ant/lib/ant.jar" />
    <property name="java.vm.specification.vendor" value="Oracle Corporation" />
    <property name="env.BCVTB_HOME" value="/home/travis/build/icyphy/ptII/lbnl" />
    <property name="file.separator" value="/" />
    <property name="spotbugs.home" value="/home/travis/build/icyphy/ptII/vendors/spotbugs-3.1.1" />
    <property name="java.runtime.version" value="1.8.0_151-b12" />
    <property name="sun.boot.class.path" value="/usr/lib/jvm/java-8-oracle/jre/lib/resources.jar:/usr/lib/jvm/java-8-oracle/jre/lib/rt.jar:/usr/lib/jvm/java-8-oracle/jre/lib/sunrsasign.jar:/usr/lib/jvm/java-8-oracle/jre/lib/jsse.jar:/usr/lib/jvm/java-8-oracle/jre/lib/jce.jar:/usr/lib/jvm/java-8-oracle/jre/lib/charsets.jar:/usr/lib/jvm/java-8-oracle/jre/lib/jfr.jar:/usr/lib/jvm/java-8-oracle/jre/classes" />
    <property name="env.ANSI_CLEAR" value="\033[0K" />
    <property name="env.HAS_JOSH_K_SEAL_OF_APPROVAL" value="true" />
    <property name="env.XDG_RUNTIME_DIR" value="/run/user/2000" />
    <property name="env.TRAVIS_OSX_IMAGE" value="" />
    <property name="env.TRAVIS_BRANCH" value="master" />
    <property name="env.TRAVIS_JOB_ID" value="525466756" />
    <property name="user.country" value="US" />
    <property name="env.CERTI_HOME_TRAVIS" value="/home/travis/pthla/certi-tools" />
    <property name="env.SHELL" value="/bin/bash" />
    <property name="java.maxmemory.large" value="5000m" />
    <property name="model" value="" />
    <property name="env.CASHER_DIR" value="/home/travis/.casher" />
    <property name="env.NVM_CD_FLAGS" value="" />
    <property name="jshint.executable" value="/home/travis/node_modules/jshint/bin/jshint" />
    <property name="java.vendor" value="Oracle Corporation" />
    <property name="env.JRUBY_OPTS" value=" --client -J-XX:+TieredCompilation -J-XX:TieredStopAtLevel=1 -J-Xss2m -Xcompile.invokedynamic=false" />
    <property name="env.TRAVIS_PRE_CHEF_BOOTSTRAP_TIME" value="2017-12-05T19:32:55" />
    <property name="env.TRAVIS_STACK_JOB_BOARD_REGISTER" value="/.job-board-register.yml" />
    <property name="env.ELIXIR_VERSION" value="1.4.5" />
    <property name="env.ANSI_RED" value="\033[31;1m" />
    <property name="java.specification.version" value="1.8" />
    <property name="env.TRAVIS" value="true" />
    <property name="env.IRBRC" value="/home/travis/.rvm/rubies/ruby-2.4.1/.irbrc" />
    <property name="sun.arch.data.model" value="64" />
  </properties>
  <testcase classname="ptolemy.util.test.junit.TclTests" name="[0] /home/travis/build/icyphy/ptII/ptolemy/actor/lib/test/AbsoluteValue.tcl (RunTclFile)" time="0.483" />
  <testcase classname="ptolemy.util.test.junit.TclTests" name="[1] /home/travis/build/icyphy/ptII/ptolemy/actor/lib/test/AddSubtract.tcl (RunTclFile)" time="0.106" />
  <testcase classname="ptolemy.util.test.junit.TclTests" name="[2] /home/travis/build/icyphy/ptII/ptolemy/actor/lib/test/Average.tcl (RunTclFile)" time="0.062" />
  <testcase classname="ptolemy.util.test.junit.TclTests" name="[3] /home/travis/build/icyphy/ptII/ptolemy/actor/lib/test/Bernoulli.tcl (RunTclFile)" time="0.04" />
  <testcase classname="ptolemy.util.test.junit.TclTests" name="[4] /home/travis/build/icyphy/ptII/ptolemy/actor/lib/test/Clock.tcl (RunTclFile)" time="0.103" />
  <testcase classname="ptolemy.util.test.junit.TclTests" name="[5] /home/travis/build/icyphy/ptII/ptolemy/actor/lib/test/Commutator.tcl (RunTclFile)" time="0.127" />
  <testcase classname="ptolemy.util.test.junit.TclTests" name="[6] /home/travis/build/icyphy/ptII/ptolemy/actor/lib/test/Const.tcl (RunTclFile)" time="0.131" />
  <testcase classname="ptolemy.util.test.junit.TclTests" name="[7] /home/travis/build/icyphy/ptII/ptolemy/actor/lib/test/CurrentTime.tcl (RunTclFile)" time="0.038" />
  <testcase classname="ptolemy.util.test.junit.TclTests" name="[8] /home/travis/build/icyphy/ptII/ptolemy/actor/lib/test/DB.tcl (RunTclFile)" time="0.026" />
  <testcase classname="ptolemy.util.test.junit.TclTests" name="[9] /home/travis/build/icyphy/ptII/ptolemy/actor/lib/test/DiscreteRandomSource.tcl (RunTclFile)" time="0.041" />
  <testcase classname="ptolemy.util.test.junit.TclTests" name="[10] /home/travis/build/icyphy/ptII/ptolemy/actor/lib/test/Distributor.tcl (RunTclFile)" time="0.077" />
  <testcase classname="ptolemy.util.test.junit.TclTests" name="[11] /home/travis/build/icyphy/ptII/ptolemy/actor/lib/test/Exit.tcl (RunTclFile)" time="0.057" />
  <testcase classname="ptolemy.util.test.junit.TclTests" name="[12] /home/travis/build/icyphy/ptII/ptolemy/actor/lib/test/Expression.tcl (RunTclFile)" time="0.082" />
  <testcase classname="ptolemy.util.test.junit.TclTests" name="[13] /home/travis/build/icyphy/ptII/ptolemy/actor/lib/test/Gaussian.tcl (RunTclFile)" time="0.095" />
  <testcase classname="ptolemy.util.test.junit.TclTests" name="[14] /home/travis/build/icyphy/ptII/ptolemy/actor/lib/test/IIR.tcl (RunTclFile)" time="0.04" />
  <testcase classname="ptolemy.util.test.junit.TclTests" name="[15] /home/travis/build/icyphy/ptII/ptolemy/actor/lib/test/Interpolator.tcl (RunTclFile)" time="0.075" />
  <testcase classname="ptolemy.util.test.junit.TclTests" name="[16] /home/travis/build/icyphy/ptII/ptolemy/actor/lib/test/MathFunction.tcl (RunTclFile)" time="0.087" />
  <testcase classname="ptolemy.util.test.junit.TclTests" name="[17] /home/travis/build/icyphy/ptII/ptolemy/actor/lib/test/Maximum.tcl (RunTclFile)" time="0.037" />
  <testcase classname="ptolemy.util.test.junit.TclTests" name="[18] /home/travis/build/icyphy/ptII/ptolemy/actor/lib/test/Minimum.tcl (RunTclFile)" time="0.03" />
  <testcase classname="ptolemy.util.test.junit.TclTests" name="[19] /home/travis/build/icyphy/ptII/ptolemy/actor/lib/test/MultiplyDivide.tcl (RunTclFile)" time="0.041" />
  <testcase classname="ptolemy.util.test.junit.TclTests" name="[20] /home/travis/build/icyphy/ptII/ptolemy/actor/lib/test/OrderedMerge.tcl (RunTclFile)" time="0.089" />
  <testcase classname="ptolemy.util.test.junit.TclTests" name="[21] /home/travis/build/icyphy/ptII/ptolemy/actor/lib/test/Publisher.tcl (RunTclFile)" time="0.643" />
  <testcase classname="ptolemy.util.test.junit.TclTests" name="[22] /home/travis/build/icyphy/ptII/ptolemy/actor/lib/test/Pulse.tcl (RunTclFile)" time="0.045" />
  <testcase classname="ptolemy.util.test.junit.TclTests" name="[23] /home/travis/build/icyphy/ptII/ptolemy/actor/lib/test/Ramp.tcl (RunTclFile)" time="1.944" />
  <testcase classname="ptolemy.util.test.junit.TclTests" name="[24] /home/travis/build/icyphy/ptII/ptolemy/actor/lib/test/RampContinuous.tcl (RunTclFile)" time="0.019" />
  <testcase classname="ptolemy.util.test.junit.TclTests" name="[25] /home/travis/build/icyphy/ptII/ptolemy/actor/lib/test/RecordAssembler.tcl (RunTclFile)" time="0.018" />
  <testcase classname="ptolemy.util.test.junit.TclTests" name="[26] /home/travis/build/icyphy/ptII/ptolemy/actor/lib/test/RecordDisassembler.tcl (RunTclFile)" time="0.028" />
  <testcase classname="ptolemy.util.test.junit.TclTests" name="[27] /home/travis/build/icyphy/ptII/ptolemy/actor/lib/test/Scale.tcl (RunTclFile)" time="0.024" />
  <testcase classname="ptolemy.util.test.junit.TclTests" name="[28] /home/travis/build/icyphy/ptII/ptolemy/actor/lib/test/SequentialClock.tcl (RunTclFile)" time="0.014" />
  <testcase classname="ptolemy.util.test.junit.TclTests" name="[29] /home/travis/build/icyphy/ptII/ptolemy/actor/lib/test/SetVariable.tcl (RunTclFile)" time="0.014" />
  <testcase classname="ptolemy.util.test.junit.TclTests" name="[30] /home/travis/build/icyphy/ptII/ptolemy/actor/lib/test/Sinewave.tcl (RunTclFile)" time="0.045" />
  <testcase classname="ptolemy.util.test.junit.TclTests" name="[31] /home/travis/build/icyphy/ptII/ptolemy/actor/lib/test/SubscriptionAggregator.tcl (RunTclFile)" time="1.93" />
  <testcase classname="ptolemy.util.test.junit.TclTests" name="[32] /home/travis/build/icyphy/ptII/ptolemy/actor/lib/test/Test.tcl (RunTclFile)" time="0.096" />
  <testcase classname="ptolemy.util.test.junit.TclTests" name="[33] /home/travis/build/icyphy/ptII/ptolemy/actor/lib/test/TestExceptionHandler.tcl (RunTclFile)" time="0.011" />
  <testcase classname="ptolemy.util.test.junit.TclTests" name="[34] /home/travis/build/icyphy/ptII/ptolemy/actor/lib/test/UnionDisassembler.tcl (RunTclFile)" time="0.063" />
  <testcase classname="ptolemy.util.test.junit.TclTests" name="[35] /home/travis/build/icyphy/ptII/ptolemy/actor/lib/test/VariableClock.tcl (RunTclFile)" time="0.023" />
  <testcase classname="ptolemy.util.test.junit.AutoKnownFailedTests" name="[0] /home/travis/build/icyphy/ptII/ptolemy/actor/lib/test/auto/knownFailedTests/PublisherPortToplevelSubscriber.xml (RunModel)" time="0.02" />
  <testcase classname="ptolemy.util.test.junit.AutoKnownFailedTests" name="[1] /home/travis/build/icyphy/ptII/ptolemy/actor/lib/test/auto/knownFailedTests/PublisherSubscriberPortToplevel.xml (RunModel)" time="0.02" />
  <testcase classname="ptolemy.util.test.junit.AutoKnownFailedTests" name="[2] /home/travis/build/icyphy/ptII/ptolemy/actor/lib/test/auto/knownFailedTests/PublisherSubscriptionAggregatorPort.xml (RunModel)" time="0.019" />
  <testcase classname="ptolemy.util.test.junit.AutoKnownFailedTests" name="[3] /home/travis/build/icyphy/ptII/ptolemy/actor/lib/test/auto/knownFailedTests/sizedarray3.xml (RunModel)" time="0.023" />
  <testcase classname="ptolemy.util.test.junit.AutoNameArchTests" name="[0] ThereAreNoAutoArchTests (RunModel)" time="0.003" />
  <testcase classname="ptolemy.util.test.junit.AutoTests" name="[0] /home/travis/build/icyphy/ptII/ptolemy/actor/lib/test/auto/AbsoluteValue.xml (RunModel)" time="0.13" />
  <testcase classname="ptolemy.util.test.junit.AutoTests" name="[1] /home/travis/build/icyphy/ptII/ptolemy/actor/lib/test/auto/AbsoluteValue2.xml (RunModel)" time="0.056" />
  <testcase classname="ptolemy.util.test.junit.AutoTests" name="[2] /home/travis/build/icyphy/ptII/ptolemy/actor/lib/test/auto/Accumulator.xml (RunModel)" time="0.066" />
  <testcase classname="ptolemy.util.test.junit.AutoTests" name="[3] /home/travis/build/icyphy/ptII/ptolemy/actor/lib/test/auto/Accumulator2.xml (RunModel)" time="0.046" />
  <testcase classname="ptolemy.util.test.junit.AutoTests" name="[4] /home/travis/build/icyphy/ptII/ptolemy/actor/lib/test/auto/Accumulator3.xml (RunModel)" time="0.046" />
  <testcase classname="ptolemy.util.test.junit.AutoTests" name="[5] /home/travis/build/icyphy/ptII/ptolemy/actor/lib/test/auto/ArrayAppend.xml (RunModel)" time="0.055" />
  <testcase classname="ptolemy.util.test.junit.AutoTests" name="[6] /home/travis/build/icyphy/ptII/ptolemy/actor/lib/test/auto/ArrayAppend2.xml (RunModel)" time="0.493" />
  <testcase classname="ptolemy.util.test.junit.AutoTests" name="[7] /home/travis/build/icyphy/ptII/ptolemy/actor/lib/test/auto/ArrayAppend3.xml (RunModel)" time="0.023" />
  <testcase classname="ptolemy.util.test.junit.AutoTests" name="[8] /home/travis/build/icyphy/ptII/ptolemy/actor/lib/test/auto/ArrayAppend4.xml (RunModel)" time="0.022" />
  <testcase classname="ptolemy.util.test.junit.AutoTests" name="[9] /home/travis/build/icyphy/ptII/ptolemy/actor/lib/test/auto/ArrayAppend5.xml (RunModel)" time="0.034" />
  <testcase classname="ptolemy.util.test.junit.AutoTests" name="[10] /home/travis/build/icyphy/ptII/ptolemy/actor/lib/test/auto/ArrayAppend6.xml (RunModel)" time="0.024" />
  <testcase classname="ptolemy.util.test.junit.AutoTests" name="[11] /home/travis/build/icyphy/ptII/ptolemy/actor/lib/test/auto/ArrayAppendPerformanceTest.xml (RunModel)" time="0.102" />
  <testcase classname="ptolemy.util.test.junit.AutoTests" name="[12] /home/travis/build/icyphy/ptII/ptolemy/actor/lib/test/auto/ArrayAppendWithEmptyInput.xml (RunModel)" time="0.057" />
  <testcase classname="ptolemy.util.test.junit.AutoTests" name="[13] /home/travis/build/icyphy/ptII/ptolemy/actor/lib/test/auto/ArrayAverage.xml (RunModel)" time="0.061" />
  <testcase classname="ptolemy.util.test.junit.AutoTests" name="[14] /home/travis/build/icyphy/ptII/ptolemy/actor/lib/test/auto/ArrayContains.xml (RunModel)" time="0.035" />
  <testcase classname="ptolemy.util.test.junit.AutoTests" name="[15] /home/travis/build/icyphy/ptII/ptolemy/actor/lib/test/auto/ArrayElement.xml (RunModel)" time="0.035" />
  <testcase classname="ptolemy.util.test.junit.AutoTests" name="[16] /home/travis/build/icyphy/ptII/ptolemy/actor/lib/test/auto/ArrayElementAsMatrix.xml (RunModel)" time="0.058" />
  <testcase classname="ptolemy.util.test.junit.AutoTests" name="[17] /home/travis/build/icyphy/ptII/ptolemy/actor/lib/test/auto/ArrayElementI.xml (RunModel)" time="0.019" />
  <testcase classname="ptolemy.util.test.junit.AutoTests" name="[18] /home/travis/build/icyphy/ptII/ptolemy/actor/lib/test/auto/ArrayExtract.xml (RunModel)" time="0.044" />
  <testcase classname="ptolemy.util.test.junit.AutoTests" name="[19] /home/travis/build/icyphy/ptII/ptolemy/actor/lib/test/auto/ArrayExtract2.xml (RunModel)" time="0.024" />
  <testcase classname="ptolemy.util.test.junit.AutoTests" name="[20] /home/travis/build/icyphy/ptII/ptolemy/actor/lib/test/auto/ArrayLength.xml (RunModel)" time="0.015" />
  <testcase classname="ptolemy.util.test.junit.AutoTests" name="[21] /home/travis/build/icyphy/ptII/ptolemy/actor/lib/test/auto/ArrayLevelCrossing.xml (RunModel)" time="0.034" />
  <testcase classname="ptolemy.util.test.junit.AutoTests" name="[22] /home/travis/build/icyphy/ptII/ptolemy/actor/lib/test/auto/ArrayLevelCrossing2.xml (RunModel)" time="0.024" />
  <testcase classname="ptolemy.util.test.junit.AutoTests" name="[23] /home/travis/build/icyphy/ptII/ptolemy/actor/lib/test/auto/ArrayPeakSearch.xml (RunModel)" time="0.036" />
  <testcase classname="ptolemy.util.test.junit.AutoTests" name="[24] /home/travis/build/icyphy/ptII/ptolemy/actor/lib/test/auto/ArrayPeakSearch2.xml (RunModel)" time="0.04" />
  <testcase classname="ptolemy.util.test.junit.AutoTests" name="[25] /home/travis/build/icyphy/ptII/ptolemy/actor/lib/test/auto/ArrayPeakSearch3.xml (RunModel)" time="0.036" />
  <testcase classname="ptolemy.util.test.junit.AutoTests" name="[26] /home/travis/build/icyphy/ptII/ptolemy/actor/lib/test/auto/ArrayRemoveElement.xml (RunModel)" time="0.03" />
  <testcase classname="ptolemy.util.test.junit.AutoTests" name="[27] /home/travis/build/icyphy/ptII/ptolemy/actor/lib/test/auto/ArraySort.xml (RunModel)" time="0.038" />
  <testcase classname="ptolemy.util.test.junit.AutoTests" name="[28] /home/travis/build/icyphy/ptII/ptolemy/actor/lib/test/auto/ArraySum.xml (RunModel)" time="0.02" />
  <testcase classname="ptolemy.util.test.junit.AutoTests" name="[29] /home/travis/build/icyphy/ptII/ptolemy/actor/lib/test/auto/ArrayToElements.xml (RunModel)" time="0.022" />
  <testcase classname="ptolemy.util.test.junit.AutoTests" name="[30] /home/travis/build/icyphy/ptII/ptolemy/actor/lib/test/auto/ArrayToMatrix.xml (RunModel)" time="0.059" />
  <testcase classname="ptolemy.util.test.junit.AutoTests" name="[31] /home/travis/build/icyphy/ptII/ptolemy/actor/lib/test/auto/ArrayUpdate1.xml (RunModel)" time="0.017" />
  <testcase classname="ptolemy.util.test.junit.AutoTests" name="[32] /home/travis/build/icyphy/ptII/ptolemy/actor/lib/test/auto/ArrayUpdate2.xml (RunModel)" time="0.025" />
  <testcase classname="ptolemy.util.test.junit.AutoTests" name="[33] /home/travis/build/icyphy/ptII/ptolemy/actor/lib/test/auto/ArrayUpdate3.xml (RunModel)" time="0.025" />
  <testcase classname="ptolemy.util.test.junit.AutoTests" name="[34] /home/travis/build/icyphy/ptII/ptolemy/actor/lib/test/auto/Assert1.xml (RunModel)" time="0.027" />
  <testcase classname="ptolemy.util.test.junit.AutoTests" name="[35] /home/travis/build/icyphy/ptII/ptolemy/actor/lib/test/auto/Assert2.xml (RunModel)" time="0.017" />
  <testcase classname="ptolemy.util.test.junit.AutoTests" name="[36] /home/travis/build/icyphy/ptII/ptolemy/actor/lib/test/auto/BooleanMultiplexor.xml (RunModel)" time="0.014" />
  <testcase classname="ptolemy.util.test.junit.AutoTests" name="[37] /home/travis/build/icyphy/ptII/ptolemy/actor/lib/test/auto/BooleanMultiplexor2.xml (RunModel)" time="0.02" />
  <testcase classname="ptolemy.util.test.junit.AutoTests" name="[38] /home/travis/build/icyphy/ptII/ptolemy/actor/lib/test/auto/BooleanMultiplexor3.xml (RunModel)" time="0.016" />
  <testcase classname="ptolemy.util.test.junit.AutoTests" name="[39] /home/travis/build/icyphy/ptII/ptolemy/actor/lib/test/auto/BooleanSelect.xml (RunModel)" time="0.026" />
  <testcase classname="ptolemy.util.test.junit.AutoTests" name="[40] /home/travis/build/icyphy/ptII/ptolemy/actor/lib/test/auto/BooleanSelect2.xml (RunModel)" time="0.017" />
  <testcase classname="ptolemy.util.test.junit.AutoTests" name="[41] /home/travis/build/icyphy/ptII/ptolemy/actor/lib/test/auto/BooleanSwitch.xml (RunModel)" time="0.02" />
  <testcase classname="ptolemy.util.test.junit.AutoTests" name="[42] /home/travis/build/icyphy/ptII/ptolemy/actor/lib/test/auto/BooleanSwitch2.xml (RunModel)" time="0.015" />
  <testcase classname="ptolemy.util.test.junit.AutoTests" name="[43] /home/travis/build/icyphy/ptII/ptolemy/actor/lib/test/auto/BooleanSwitchCloningBugWithClassRelationGroup.xml (RunModel)" time="0.042" />
  <testcase classname="ptolemy.util.test.junit.AutoTests" name="[44] /home/travis/build/icyphy/ptII/ptolemy/actor/lib/test/auto/BusActors.xml (RunModel)" time="0.033" />
  <testcase classname="ptolemy.util.test.junit.AutoTests" name="[45] /home/travis/build/icyphy/ptII/ptolemy/actor/lib/test/auto/ClassWrapper.xml (RunModel)" time="0.012" />
  <testcase classname="ptolemy.util.test.junit.AutoTests" name="[46] /home/travis/build/icyphy/ptII/ptolemy/actor/lib/test/auto/Clock.xml (RunModel)" time="0.05" />
  <testcase classname="ptolemy.util.test.junit.AutoTests" name="[47] /home/travis/build/icyphy/ptII/ptolemy/actor/lib/test/auto/Clock10.xml (RunModel)" time="0.026" />
  <testcase classname="ptolemy.util.test.junit.AutoTests" name="[48] /home/travis/build/icyphy/ptII/ptolemy/actor/lib/test/auto/Clock11.xml (RunModel)" time="0.013" />
  <testcase classname="ptolemy.util.test.junit.AutoTests" name="[49] /home/travis/build/icyphy/ptII/ptolemy/actor/lib/test/auto/Clock12.xml (RunModel)" time="0.019" />
  <testcase classname="ptolemy.util.test.junit.AutoTests" name="[50] /home/travis/build/icyphy/ptII/ptolemy/actor/lib/test/auto/Clock13.xml (RunModel)" time="0.013" />
  <testcase classname="ptolemy.util.test.junit.AutoTests" name="[51] /home/travis/build/icyphy/ptII/ptolemy/actor/lib/test/auto/Clock14.xml (RunModel)" time="0.016" />
  <testcase classname="ptolemy.util.test.junit.AutoTests" name="[52] /home/travis/build/icyphy/ptII/ptolemy/actor/lib/test/auto/Clock15.xml (RunModel)" time="0.015" />
  <testcase classname="ptolemy.util.test.junit.AutoTests" name="[53] /home/travis/build/icyphy/ptII/ptolemy/actor/lib/test/auto/Clock16.xml (RunModel)" time="0.08" />
  <testcase classname="ptolemy.util.test.junit.AutoTests" name="[54] /home/travis/build/icyphy/ptII/ptolemy/actor/lib/test/auto/Clock17.xml (RunModel)" time="0.069" />
  <testcase classname="ptolemy.util.test.junit.AutoTests" name="[55] /home/travis/build/icyphy/ptII/ptolemy/actor/lib/test/auto/Clock18.xml (RunModel)" time="0.045" />
  <testcase classname="ptolemy.util.test.junit.AutoTests" name="[56] /home/travis/build/icyphy/ptII/ptolemy/actor/lib/test/auto/Clock19.xml (RunModel)" time="0.042" />
  <testcase classname="ptolemy.util.test.junit.AutoTests" name="[57] /home/travis/build/icyphy/ptII/ptolemy/actor/lib/test/auto/Clock2.xml (RunModel)" time="0.015" />
  <testcase classname="ptolemy.util.test.junit.AutoTests" name="[58] /home/travis/build/icyphy/ptII/ptolemy/actor/lib/test/auto/Clock20.xml (RunModel)" time="0.024" />
  <testcase classname="ptolemy.util.test.junit.AutoTests" name="[59] /home/travis/build/icyphy/ptII/ptolemy/actor/lib/test/auto/Clock21.xml (RunModel)" time="0.016" />
  <testcase classname="ptolemy.util.test.junit.AutoTests" name="[60] /home/travis/build/icyphy/ptII/ptolemy/actor/lib/test/auto/Clock22.xml (RunModel)" time="0.015" />
  <testcase classname="ptolemy.util.test.junit.AutoTests" name="[61] /home/travis/build/icyphy/ptII/ptolemy/actor/lib/test/auto/Clock23.xml (RunModel)" time="0.018" />
  <testcase classname="ptolemy.util.test.junit.AutoTests" name="[62] /home/travis/build/icyphy/ptII/ptolemy/actor/lib/test/auto/Clock24.xml (RunModel)" time="0.018" />
  <testcase classname="ptolemy.util.test.junit.AutoTests" name="[63] /home/travis/build/icyphy/ptII/ptolemy/actor/lib/test/auto/Clock4.xml (RunModel)" time="0.015" />
  <testcase classname="ptolemy.util.test.junit.AutoTests" name="[64] /home/travis/build/icyphy/ptII/ptolemy/actor/lib/test/auto/Clock5.xml (RunModel)" time="0.014" />
  <testcase classname="ptolemy.util.test.junit.AutoTests" name="[65] /home/travis/build/icyphy/ptII/ptolemy/actor/lib/test/auto/Clock6.xml (RunModel)" time="0.007" />
  <testcase classname="ptolemy.util.test.junit.AutoTests" name="[66] /home/travis/build/icyphy/ptII/ptolemy/actor/lib/test/auto/Clock7.xml (RunModel)" time="0.012" />
  <testcase classname="ptolemy.util.test.junit.AutoTests" name="[67] /home/travis/build/icyphy/ptII/ptolemy/actor/lib/test/auto/Clock8.xml (RunModel)" time="0.009" />
  <testcase classname="ptolemy.util.test.junit.AutoTests" name="[68] /home/travis/build/icyphy/ptII/ptolemy/actor/lib/test/auto/Clock9.xml (RunModel)" time="0.013" />
  <testcase classname="ptolemy.util.test.junit.AutoTests" name="[69] /home/travis/build/icyphy/ptII/ptolemy/actor/lib/test/auto/CommDistDiscard.xml (RunModel)" time="0.015" />
  <testcase classname="ptolemy.util.test.junit.AutoTests" name="[70] /home/travis/build/icyphy/ptII/ptolemy/actor/lib/test/auto/Commutator.xml (RunModel)" time="0.011" />
  <testcase classname="ptolemy.util.test.junit.AutoTests" name="[71] /home/travis/build/icyphy/ptII/ptolemy/actor/lib/test/auto/Commutator2.xml (RunModel)" time="0.01" />
  <testcase classname="ptolemy.util.test.junit.AutoTests" name="[72] /home/travis/build/icyphy/ptII/ptolemy/actor/lib/test/auto/Commutator3.xml (RunModel)" time="0.009" />
  <testcase classname="ptolemy.util.test.junit.AutoTests" name="[73] /home/travis/build/icyphy/ptII/ptolemy/actor/lib/test/auto/Compare.xml (RunModel)" time="0.016" />
  <testcase classname="ptolemy.util.test.junit.AutoTests" name="[74] /home/travis/build/icyphy/ptII/ptolemy/actor/lib/test/auto/CompareDE.xml (RunModel)" time="0.016" />
  <testcase classname="ptolemy.util.test.junit.AutoTests" name="[75] /home/travis/build/icyphy/ptII/ptolemy/actor/lib/test/auto/ComplexDivide.xml (RunModel)" time="0.008" />
  <testcase classname="ptolemy.util.test.junit.AutoTests" name="[76] /home/travis/build/icyphy/ptII/ptolemy/actor/lib/test/auto/ComputeHistogram.xml (RunModel)" time="0.048" />
  <testcase classname="ptolemy.util.test.junit.AutoTests" name="[77] /home/travis/build/icyphy/ptII/ptolemy/actor/lib/test/auto/ConfigurationSelect.xml (RunModel)" time="0.015" />
  <testcase classname="ptolemy.util.test.junit.AutoTests" name="[78] /home/travis/build/icyphy/ptII/ptolemy/actor/lib/test/auto/ConfigurationSelect2.xml (RunModel)" time="0.011" />
  <testcase classname="ptolemy.util.test.junit.AutoTests" name="[79] /home/travis/build/icyphy/ptII/ptolemy/actor/lib/test/auto/ConfigurationSwitch.xml (RunModel)" time="0.013" />
  <testcase classname="ptolemy.util.test.junit.AutoTests" name="[80] /home/travis/build/icyphy/ptII/ptolemy/actor/lib/test/auto/ConfigurationSwitch2.xml (RunModel)" time="0.011" />
  <testcase classname="ptolemy.util.test.junit.AutoTests" name="[81] /home/travis/build/icyphy/ptII/ptolemy/actor/lib/test/auto/ConfigurationSwitchCloningBugWithClassRelationGroup.xml (RunModel)" time="0.024" />
  <testcase classname="ptolemy.util.test.junit.AutoTests" name="[82] /home/travis/build/icyphy/ptII/ptolemy/actor/lib/test/auto/ConfigurationSwitchSelectSDF.xml (RunModel)" time="0.013" />
  <testcase classname="ptolemy.util.test.junit.AutoTests" name="[83] /home/travis/build/icyphy/ptII/ptolemy/actor/lib/test/auto/ConfigurationSwitchSelectSDF2.xml (RunModel)" time="0.013" />
  <testcase classname="ptolemy.util.test.junit.AutoTests" name="[84] /home/travis/build/icyphy/ptII/ptolemy/actor/lib/test/auto/Const.xml (RunModel)" time="0.006" />
  <testcase classname="ptolemy.util.test.junit.AutoTests" name="[85] /home/travis/build/icyphy/ptII/ptolemy/actor/lib/test/auto/Const2.xml (RunModel)" time="0.008" />
  <testcase classname="ptolemy.util.test.junit.AutoTests" name="[86] /home/travis/build/icyphy/ptII/ptolemy/actor/lib/test/auto/Const3.xml (RunModel)" time="0.006" />
  <testcase classname="ptolemy.util.test.junit.AutoTests" name="[87] /home/travis/build/icyphy/ptII/ptolemy/actor/lib/test/auto/ConstantPublisherPort1.xml (RunModel)" time="0.041" />
  <testcase classname="ptolemy.util.test.junit.AutoTests" name="[88] /home/travis/build/icyphy/ptII/ptolemy/actor/lib/test/auto/ConstantPublisherPort2.xml (RunModel)" time="0.016" />
  <testcase classname="ptolemy.util.test.junit.AutoTests" name="[89] /home/travis/build/icyphy/ptII/ptolemy/actor/lib/test/auto/ConstantPublisherPort3.xml (RunModel)" time="0.016" />
  <testcase classname="ptolemy.util.test.junit.AutoTests" name="[90] /home/travis/build/icyphy/ptII/ptolemy/actor/lib/test/auto/ConstantPublisherPort4.xml (RunModel)" time="0.014" />
  <testcase classname="ptolemy.util.test.junit.AutoTests" name="[91] /home/travis/build/icyphy/ptII/ptolemy/actor/lib/test/auto/ConstantPublisherPort5.xml (RunModel)" time="0.033" />
  <testcase classname="ptolemy.util.test.junit.AutoTests" name="[92] /home/travis/build/icyphy/ptII/ptolemy/actor/lib/test/auto/ConstantPublisherPort6.xml (RunModel)" time="0.037" />
  <testcase classname="ptolemy.util.test.junit.AutoTests" name="[93] /home/travis/build/icyphy/ptII/ptolemy/actor/lib/test/auto/ConstantPublisherPort7.xml (RunModel)" time="0.024" />
  <testcase classname="ptolemy.util.test.junit.AutoTests" name="[94] /home/travis/build/icyphy/ptII/ptolemy/actor/lib/test/auto/ConstraintMonitor1.xml (RunModel)" time="0.035" />
  <testcase classname="ptolemy.util.test.junit.AutoTests" name="[95] /home/travis/build/icyphy/ptII/ptolemy/actor/lib/test/auto/ConstraintMonitor2.xml (RunModel)" time="0.018" />
  <testcase classname="ptolemy.util.test.junit.AutoTests" name="[96] /home/travis/build/icyphy/ptII/ptolemy/actor/lib/test/auto/ConstraintMonitor3.xml (RunModel)" time="0.013" />
  <testcase classname="ptolemy.util.test.junit.AutoTests" name="[97] /home/travis/build/icyphy/ptII/ptolemy/actor/lib/test/auto/ConstraintMonitor4.xml (RunModel)" time="0.014" />
  <testcase classname="ptolemy.util.test.junit.AutoTests" name="[98] /home/travis/build/icyphy/ptII/ptolemy/actor/lib/test/auto/ConstraintMonitor5.xml (RunModel)" time="0.014" />
  <testcase classname="ptolemy.util.test.junit.AutoTests" name="[99] /home/travis/build/icyphy/ptII/ptolemy/actor/lib/test/auto/ConstraintMonitor6.xml (RunModel)" time="0.011" />
  <testcase classname="ptolemy.util.test.junit.AutoTests" name="[100] /home/travis/build/icyphy/ptII/ptolemy/actor/lib/test/auto/ConstraintMonitor7.xml (RunModel)" time="0.012" />
  <testcase classname="ptolemy.util.test.junit.AutoTests" name="[101] /home/travis/build/icyphy/ptII/ptolemy/actor/lib/test/auto/ConstraintMonitor8.xml (RunModel)" time="0.018" />
  <testcase classname="ptolemy.util.test.junit.AutoTests" name="[102] /home/travis/build/icyphy/ptII/ptolemy/actor/lib/test/auto/Counter.xml (RunModel)" time="0.01" />
  <testcase classname="ptolemy.util.test.junit.AutoTests" name="[103] /home/travis/build/icyphy/ptII/ptolemy/actor/lib/test/auto/CurrentTimeSDF.xml (RunModel)" time="0.008" />
  <testcase classname="ptolemy.util.test.junit.AutoTests" name="[104] /home/travis/build/icyphy/ptII/ptolemy/actor/lib/test/auto/DB.xml (RunModel)" time="0.013" />
  <testcase classname="ptolemy.util.test.junit.AutoTests" name="[105] /home/travis/build/icyphy/ptII/ptolemy/actor/lib/test/auto/DBDE.xml (RunModel)" time="0.014" />
  <testcase classname="ptolemy.util.test.junit.AutoTests" name="[106] /home/travis/build/icyphy/ptII/ptolemy/actor/lib/test/auto/DateConstructor.xml (RunModel)" time="0.058" />
  <testcase classname="ptolemy.util.test.junit.AutoTests" name="[107] /home/travis/build/icyphy/ptII/ptolemy/actor/lib/test/auto/DelayTime.xml (RunModel)" time="0.015" />
  <testcase classname="ptolemy.util.test.junit.AutoTests" name="[108] /home/travis/build/icyphy/ptII/ptolemy/actor/lib/test/auto/Dictionary1.xml (RunModel)" time="0.017" />
  <testcase classname="ptolemy.util.test.junit.AutoTests" name="[109] /home/travis/build/icyphy/ptII/ptolemy/actor/lib/test/auto/Dictionary2.xml (RunModel)" time="0.015" />
  <testcase classname="ptolemy.util.test.junit.AutoTests" name="[110] /home/travis/build/icyphy/ptII/ptolemy/actor/lib/test/auto/Dictionary3.xml (RunModel)" time="0.013" />
  <testcase classname="ptolemy.util.test.junit.AutoTests" name="[111] /home/travis/build/icyphy/ptII/ptolemy/actor/lib/test/auto/Dictionary4.xml (RunModel)" time="0.023" />
  <testcase classname="ptolemy.util.test.junit.AutoTests" name="[112] /home/travis/build/icyphy/ptII/ptolemy/actor/lib/test/auto/Differential.xml (RunModel)" time="0.012" />
  <testcase classname="ptolemy.util.test.junit.AutoTests" name="[113] /home/travis/build/icyphy/ptII/ptolemy/actor/lib/test/auto/Director.xml (RunModel)" time="0.009" />
  <testcase classname="ptolemy.util.test.junit.AutoTests" name="[114] /home/travis/build/icyphy/ptII/ptolemy/actor/lib/test/auto/DiscreteClock.xml (RunModel)" time="0.01" />
  <testcase classname="ptolemy.util.test.junit.AutoTests" name="[115] /home/travis/build/icyphy/ptII/ptolemy/actor/lib/test/auto/DiscreteClock10.xml (RunModel)" time="0.014" />
  <testcase classname="ptolemy.util.test.junit.AutoTests" name="[116] /home/travis/build/icyphy/ptII/ptolemy/actor/lib/test/auto/DiscreteClock11.xml (RunModel)" time="0.014" />
  <testcase classname="ptolemy.util.test.junit.AutoTests" name="[117] /home/travis/build/icyphy/ptII/ptolemy/actor/lib/test/auto/DiscreteClock12.xml (RunModel)" time="0.012" />
  <testcase classname="ptolemy.util.test.junit.AutoTests" name="[118] /home/travis/build/icyphy/ptII/ptolemy/actor/lib/test/auto/DiscreteClock13.xml (RunModel)" time="0.015" />
  <testcase classname="ptolemy.util.test.junit.AutoTests" name="[119] /home/travis/build/icyphy/ptII/ptolemy/actor/lib/test/auto/DiscreteClock14.xml (RunModel)" time="0.012" />
  <testcase classname="ptolemy.util.test.junit.AutoTests" name="[120] /home/travis/build/icyphy/ptII/ptolemy/actor/lib/test/auto/DiscreteClock15.xml (RunModel)" time="0.016" />
  <testcase classname="ptolemy.util.test.junit.AutoTests" name="[121] /home/travis/build/icyphy/ptII/ptolemy/actor/lib/test/auto/DiscreteClock16.xml (RunModel)" time="0.473" />
  <testcase classname="ptolemy.util.test.junit.AutoTests" name="[122] /home/travis/build/icyphy/ptII/ptolemy/actor/lib/test/auto/DiscreteClock17.xml (RunModel)" time="0.045" />
  <testcase classname="ptolemy.util.test.junit.AutoTests" name="[123] /home/travis/build/icyphy/ptII/ptolemy/actor/lib/test/auto/DiscreteClock18.xml (RunModel)" time="0.04" />
  <testcase classname="ptolemy.util.test.junit.AutoTests" name="[124] /home/travis/build/icyphy/ptII/ptolemy/actor/lib/test/auto/DiscreteClock19.xml (RunModel)" time="0.051" />
  <testcase classname="ptolemy.util.test.junit.AutoTests" name="[125] /home/travis/build/icyphy/ptII/ptolemy/actor/lib/test/auto/DiscreteClock2.xml (RunModel)" time="0.008" />
  <testcase classname="ptolemy.util.test.junit.AutoTests" name="[126] /home/travis/build/icyphy/ptII/ptolemy/actor/lib/test/auto/DiscreteClock20.xml (RunModel)" time="0.02" />
  <testcase classname="ptolemy.util.test.junit.AutoTests" name="[127] /home/travis/build/icyphy/ptII/ptolemy/actor/lib/test/auto/DiscreteClock21.xml (RunModel)" time="0.01" />
  <testcase classname="ptolemy.util.test.junit.AutoTests" name="[128] /home/travis/build/icyphy/ptII/ptolemy/actor/lib/test/auto/DiscreteClock22.xml (RunModel)" time="0.017" />
  <testcase classname="ptolemy.util.test.junit.AutoTests" name="[129] /home/travis/build/icyphy/ptII/ptolemy/actor/lib/test/auto/DiscreteClock23.xml (RunModel)" time="0.011" />
  <testcase classname="ptolemy.util.test.junit.AutoTests" name="[130] /home/travis/build/icyphy/ptII/ptolemy/actor/lib/test/auto/DiscreteClock24.xml (RunModel)" time="0.016" />
  <testcase classname="ptolemy.util.test.junit.AutoTests" name="[131] /home/travis/build/icyphy/ptII/ptolemy/actor/lib/test/auto/DiscreteClock4.xml (RunModel)" time="0.01" />
  <testcase classname="ptolemy.util.test.junit.AutoTests" name="[132] /home/travis/build/icyphy/ptII/ptolemy/actor/lib/test/auto/DiscreteClock5.xml (RunModel)" time="0.01" />
  <testcase classname="ptolemy.util.test.junit.AutoTests" name="[133] /home/travis/build/icyphy/ptII/ptolemy/actor/lib/test/auto/DiscreteClock6.xml (RunModel)" time="0.008" />
  <testcase classname="ptolemy.util.test.junit.AutoTests" name="[134] /home/travis/build/icyphy/ptII/ptolemy/actor/lib/test/auto/DiscreteClock7.xml (RunModel)" time="0.009" />
  <testcase classname="ptolemy.util.test.junit.AutoTests" name="[135] /home/travis/build/icyphy/ptII/ptolemy/actor/lib/test/auto/DiscreteClock8.xml (RunModel)" time="0.011" />
  <testcase classname="ptolemy.util.test.junit.AutoTests" name="[136] /home/travis/build/icyphy/ptII/ptolemy/actor/lib/test/auto/DiscreteClock9.xml (RunModel)" time="0.015" />
  <testcase classname="ptolemy.util.test.junit.AutoTests" name="[137] /home/travis/build/icyphy/ptII/ptolemy/actor/lib/test/auto/DisplayArray.xml (RunModel)" time="0.008" />
  <testcase classname="ptolemy.util.test.junit.AutoTests" name="[138] /home/travis/build/icyphy/ptII/ptolemy/actor/lib/test/auto/Distributor.xml (RunModel)" time="0.008" />
  <testcase classname="ptolemy.util.test.junit.AutoTests" name="[139] /home/travis/build/icyphy/ptII/ptolemy/actor/lib/test/auto/Distributor2.xml (RunModel)" time="0.009" />
  <testcase classname="ptolemy.util.test.junit.AutoTests" name="[140] /home/travis/build/icyphy/ptII/ptolemy/actor/lib/test/auto/DownSample.xml (RunModel)" time="0.008" />
  <testcase classname="ptolemy.util.test.junit.AutoTests" name="[141] /home/travis/build/icyphy/ptII/ptolemy/actor/lib/test/auto/ElectronicUnitBase1.xml (RunModel)" time="0.059" />
  <testcase classname="ptolemy.util.test.junit.AutoTests" name="[142] /home/travis/build/icyphy/ptII/ptolemy/actor/lib/test/auto/ElementsToArray.xml (RunModel)" time="0.011" />
  <testcase classname="ptolemy.util.test.junit.AutoTests" name="[143] /home/travis/build/icyphy/ptII/ptolemy/actor/lib/test/auto/Equals.xml (RunModel)" time="0.011" />
  <testcase classname="ptolemy.util.test.junit.AutoTests" name="[144] /home/travis/build/icyphy/ptII/ptolemy/actor/lib/test/auto/Exec.xml (RunModel)" time="0.016" />
  <testcase classname="ptolemy.util.test.junit.AutoTests" name="[145] /home/travis/build/icyphy/ptII/ptolemy/actor/lib/test/auto/ExecEnvironment.xml (RunModel)" time="0.034" />
  <testcase classname="ptolemy.util.test.junit.AutoTests" name="[146] /home/travis/build/icyphy/ptII/ptolemy/actor/lib/test/auto/ExecNonZeroReturnOutput.xml (RunModel)" time="0.154" />
  <testcase classname="ptolemy.util.test.junit.AutoTests" name="[147] /home/travis/build/icyphy/ptII/ptolemy/actor/lib/test/auto/ExecRunDemos.xml (RunModel)" time="9.311" />
  <testcase classname="ptolemy.util.test.junit.AutoTests" name="[148] /home/travis/build/icyphy/ptII/ptolemy/actor/lib/test/auto/ExecStop.xml (RunModel)" time="5.027" />
  <testcase classname="ptolemy.util.test.junit.AutoTests" name="[149] /home/travis/build/icyphy/ptII/ptolemy/actor/lib/test/auto/ExecutionTimeSDF.xml (RunModel)" time="6.036" />
  <testcase classname="ptolemy.util.test.junit.AutoTests" name="[150] /home/travis/build/icyphy/ptII/ptolemy/actor/lib/test/auto/Expression1.xml (RunModel)" time="0.01" />
  <testcase classname="ptolemy.util.test.junit.AutoTests" name="[151] /home/travis/build/icyphy/ptII/ptolemy/actor/lib/test/auto/Expression10.xml (RunModel)" time="0.013" />
  <testcase classname="ptolemy.util.test.junit.AutoTests" name="[152] /home/travis/build/icyphy/ptII/ptolemy/actor/lib/test/auto/Expression11.xml (RunModel)" time="0.01" />
  <testcase classname="ptolemy.util.test.junit.AutoTests" name="[153] /home/travis/build/icyphy/ptII/ptolemy/actor/lib/test/auto/Expression12.xml (RunModel)" time="0.016" />
  <testcase classname="ptolemy.util.test.junit.AutoTests" name="[154] /home/travis/build/icyphy/ptII/ptolemy/actor/lib/test/auto/Expression13.xml (RunModel)" time="0.013" />
  <testcase classname="ptolemy.util.test.junit.AutoTests" name="[155] /home/travis/build/icyphy/ptII/ptolemy/actor/lib/test/auto/Expression14.xml (RunModel)" time="0.016" />
  <testcase classname="ptolemy.util.test.junit.AutoTests" name="[156] /home/travis/build/icyphy/ptII/ptolemy/actor/lib/test/auto/Expression15.xml (RunModel)" time="0.009" />
  <testcase classname="ptolemy.util.test.junit.AutoTests" name="[157] /home/travis/build/icyphy/ptII/ptolemy/actor/lib/test/auto/Expression16.xml (RunModel)" time="0.012" />
  <testcase classname="ptolemy.util.test.junit.AutoTests" name="[158] /home/travis/build/icyphy/ptII/ptolemy/actor/lib/test/auto/Expression17.xml (RunModel)" time="0.012" />
  <testcase classname="ptolemy.util.test.junit.AutoTests" name="[159] /home/travis/build/icyphy/ptII/ptolemy/actor/lib/test/auto/Expression18.xml (RunModel)" time="0.013" />
  <testcase classname="ptolemy.util.test.junit.AutoTests" name="[160] /home/travis/build/icyphy/ptII/ptolemy/actor/lib/test/auto/Expression2.xml (RunModel)" time="0.012" />
  <testcase classname="ptolemy.util.test.junit.AutoTests" name="[161] /home/travis/build/icyphy/ptII/ptolemy/actor/lib/test/auto/Expression3.xml (RunModel)" time="0.018" />
  <testcase classname="ptolemy.util.test.junit.AutoTests" name="[162] /home/travis/build/icyphy/ptII/ptolemy/actor/lib/test/auto/Expression4.xml (RunModel)" time="0.017" />
  <testcase classname="ptolemy.util.test.junit.AutoTests" name="[163] /home/travis/build/icyphy/ptII/ptolemy/actor/lib/test/auto/Expression5.xml (RunModel)" time="0.013" />
  <testcase classname="ptolemy.util.test.junit.AutoTests" name="[164] /home/travis/build/icyphy/ptII/ptolemy/actor/lib/test/auto/Expression6.xml (RunModel)" time="0.008" />
  <testcase classname="ptolemy.util.test.junit.AutoTests" name="[165] /home/travis/build/icyphy/ptII/ptolemy/actor/lib/test/auto/Expression7.xml (RunModel)" time="0.011" />
  <testcase classname="ptolemy.util.test.junit.AutoTests" name="[166] /home/travis/build/icyphy/ptII/ptolemy/actor/lib/test/auto/Expression8.xml (RunModel)" time="0.014" />
  <testcase classname="ptolemy.util.test.junit.AutoTests" name="[167] /home/travis/build/icyphy/ptII/ptolemy/actor/lib/test/auto/Expression9.xml (RunModel)" time="0.008" />
  <testcase classname="ptolemy.util.test.junit.AutoTests" name="[168] /home/travis/build/icyphy/ptII/ptolemy/actor/lib/test/auto/ExpressionConcatenateArrayType.xml (RunModel)" time="0.025" />
  <testcase classname="ptolemy.util.test.junit.AutoTests" name="[169] /home/travis/build/icyphy/ptII/ptolemy/actor/lib/test/auto/ExpressionConcatenateArrayType2.xml (RunModel)" time="0.017" />
  <testcase classname="ptolemy.util.test.junit.AutoTests" name="[170] /home/travis/build/icyphy/ptII/ptolemy/actor/lib/test/auto/ExpressionFix.xml (RunModel)" time="0.038" />
  <testcase classname="ptolemy.util.test.junit.AutoTests" name="[171] /home/travis/build/icyphy/ptII/ptolemy/actor/lib/test/auto/ExpressionFix2.xml (RunModel)" time="0.014" />
  <testcase classname="ptolemy.util.test.junit.AutoTests" name="[172] /home/travis/build/icyphy/ptII/ptolemy/actor/lib/test/auto/ExpressionFix3.xml (RunModel)" time="0.012" />
  <testcase classname="ptolemy.util.test.junit.AutoTests" name="[173] /home/travis/build/icyphy/ptII/ptolemy/actor/lib/test/auto/FileWriter1.xml (RunModel)" time="0.008" />
  <testcase classname="ptolemy.util.test.junit.AutoTests" name="[174] /home/travis/build/icyphy/ptII/ptolemy/actor/lib/test/auto/FileWriter2.xml (RunModel)" time="0.012" />
  <testcase classname="ptolemy.util.test.junit.AutoTests" name="[175] /home/travis/build/icyphy/ptII/ptolemy/actor/lib/test/auto/FileWriter3.xml (RunModel)" time="0.013" />
  <testcase classname="ptolemy.util.test.junit.AutoTests" name="[176] /home/travis/build/icyphy/ptII/ptolemy/actor/lib/test/auto/Gaussian.xml (RunModel)" time="0.011" />
  <testcase classname="ptolemy.util.test.junit.AutoTests" name="[177] /home/travis/build/icyphy/ptII/ptolemy/actor/lib/test/auto/Gaussian1.xml (RunModel)" time="0.013" />
  <testcase classname="ptolemy.util.test.junit.AutoTests" name="[178] /home/travis/build/icyphy/ptII/ptolemy/actor/lib/test/auto/Gaussian2.xml (RunModel)" time="0.014" />
  <testcase classname="ptolemy.util.test.junit.AutoTests" name="[179] /home/travis/build/icyphy/ptII/ptolemy/actor/lib/test/auto/GradientAdaptiveLattice.xml (RunModel)" time="0.015" />
  <testcase classname="ptolemy.util.test.junit.AutoTests" name="[180] /home/travis/build/icyphy/ptII/ptolemy/actor/lib/test/auto/IIR.xml (RunModel)" time="0.009" />
  <testcase classname="ptolemy.util.test.junit.AutoTests" name="[181] /home/travis/build/icyphy/ptII/ptolemy/actor/lib/test/auto/InputOutputTransparentPorts.xml (RunModel)" time="0.016" />
  <testcase classname="ptolemy.util.test.junit.AutoTests" name="[182] /home/travis/build/icyphy/ptII/ptolemy/actor/lib/test/auto/Interpolator.xml (RunModel)" time="0.013" />
  <testcase classname="ptolemy.util.test.junit.AutoTests" name="[183] /home/travis/build/icyphy/ptII/ptolemy/actor/lib/test/auto/InterpolatorFiringLimitDE.xml (RunModel)" time="0.011" />
  <testcase classname="ptolemy.util.test.junit.AutoTests" name="[184] /home/travis/build/icyphy/ptII/ptolemy/actor/lib/test/auto/Lattice.xml (RunModel)" time="0.007" />
  <testcase classname="ptolemy.util.test.junit.AutoTests" name="[185] /home/travis/build/icyphy/ptII/ptolemy/actor/lib/test/auto/LazyAOCTestLazy.xml (RunModel)" time="0.024" />
  <testcase classname="ptolemy.util.test.junit.AutoTests" name="[186] /home/travis/build/icyphy/ptII/ptolemy/actor/lib/test/auto/LazyAOCTestNonLazy.xml (RunModel)" time="0.04" />
  <testcase classname="ptolemy.util.test.junit.AutoTests" name="[187] /home/travis/build/icyphy/ptII/ptolemy/actor/lib/test/auto/LazyInnerClass.xml (RunModel)" time="0.04" />
  <testcase classname="ptolemy.util.test.junit.AutoTests" name="[188] /home/travis/build/icyphy/ptII/ptolemy/actor/lib/test/auto/LazyPubSub.xml (RunModel)" time="0.059" />
  <testcase classname="ptolemy.util.test.junit.AutoTests" name="[189] /home/travis/build/icyphy/ptII/ptolemy/actor/lib/test/auto/LazyPubSub2.xml (RunModel)" time="0.038" />
  <testcase classname="ptolemy.util.test.junit.AutoTests" name="[190] /home/travis/build/icyphy/ptII/ptolemy/actor/lib/test/auto/LazyPubSub3.xml (RunModel)" time="0.026" />
  <testcase classname="ptolemy.util.test.junit.AutoTests" name="[191] /home/travis/build/icyphy/ptII/ptolemy/actor/lib/test/auto/LazySubClassModel.xml (RunModel)" time="0.02" />
  <testcase classname="ptolemy.util.test.junit.AutoTests" name="[192] /home/travis/build/icyphy/ptII/ptolemy/actor/lib/test/auto/LevelCrossTest1.xml (RunModel)" time="0.01" />
  <testcase classname="ptolemy.util.test.junit.AutoTests" name="[193] /home/travis/build/icyphy/ptII/ptolemy/actor/lib/test/auto/LevelCrossTest10.xml (RunModel)" time="0.02" />
  <testcase classname="ptolemy.util.test.junit.AutoTests" name="[194] /home/travis/build/icyphy/ptII/ptolemy/actor/lib/test/auto/LevelCrossTest11.xml (RunModel)" time="0.015" />
  <testcase classname="ptolemy.util.test.junit.AutoTests" name="[195] /home/travis/build/icyphy/ptII/ptolemy/actor/lib/test/auto/LevelCrossTest12.xml (RunModel)" time="0.016" />
  <testcase classname="ptolemy.util.test.junit.AutoTests" name="[196] /home/travis/build/icyphy/ptII/ptolemy/actor/lib/test/auto/LevelCrossTest13.xml (RunModel)" time="0.012" />
  <testcase classname="ptolemy.util.test.junit.AutoTests" name="[197] /home/travis/build/icyphy/ptII/ptolemy/actor/lib/test/auto/LevelCrossTest2.xml (RunModel)" time="0.01" />
  <testcase classname="ptolemy.util.test.junit.AutoTests" name="[198] /home/travis/build/icyphy/ptII/ptolemy/actor/lib/test/auto/LevelCrossTest3.xml (RunModel)" time="0.017" />
  <testcase classname="ptolemy.util.test.junit.AutoTests" name="[199] /home/travis/build/icyphy/ptII/ptolemy/actor/lib/test/auto/LevelCrossTest4.xml (RunModel)" time="0.011" />
  <testcase classname="ptolemy.util.test.junit.AutoTests" name="[200] /home/travis/build/icyphy/ptII/ptolemy/actor/lib/test/auto/LevelCrossTest5.xml (RunModel)" time="0.016" />
  <testcase classname="ptolemy.util.test.junit.AutoTests" name="[201] /home/travis/build/icyphy/ptII/ptolemy/actor/lib/test/auto/LevelCrossTest6.xml (RunModel)" time="0.019" />
  <testcase classname="ptolemy.util.test.junit.AutoTests" name="[202] /home/travis/build/icyphy/ptII/ptolemy/actor/lib/test/auto/LevelCrossTest7.xml (RunModel)" time="0.012" />
  <testcase classname="ptolemy.util.test.junit.AutoTests" name="[203] /home/travis/build/icyphy/ptII/ptolemy/actor/lib/test/auto/LevelCrossTest8.xml (RunModel)" time="0.012" />
  <testcase classname="ptolemy.util.test.junit.AutoTests" name="[204] /home/travis/build/icyphy/ptII/ptolemy/actor/lib/test/auto/LevelCrossTest9.xml (RunModel)" time="0.013" />
  <testcase classname="ptolemy.util.test.junit.AutoTests" name="[205] /home/travis/build/icyphy/ptII/ptolemy/actor/lib/test/auto/LevinsonDurbin.xml (RunModel)" time="0.01" />
  <testcase classname="ptolemy.util.test.junit.AutoTests" name="[206] /home/travis/build/icyphy/ptII/ptolemy/actor/lib/test/auto/LevinsonDurbin2.xml (RunModel)" time="0.008" />
  <testcase classname="ptolemy.util.test.junit.AutoTests" name="[207] /home/travis/build/icyphy/ptII/ptolemy/actor/lib/test/auto/LevinsonDurbin3.xml (RunModel)" time="0.008" />
  <testcase classname="ptolemy.util.test.junit.AutoTests" name="[208] /home/travis/build/icyphy/ptII/ptolemy/actor/lib/test/auto/Limiter.xml (RunModel)" time="0.03" />
  <testcase classname="ptolemy.util.test.junit.AutoTests" name="[209] /home/travis/build/icyphy/ptII/ptolemy/actor/lib/test/auto/LinearDifferenceEquationSystem.xml (RunModel)" time="0.018" />
  <testcase classname="ptolemy.util.test.junit.AutoTests" name="[210] /home/travis/build/icyphy/ptII/ptolemy/actor/lib/test/auto/LookupTable.xml (RunModel)" time="0.011" />
  <testcase classname="ptolemy.util.test.junit.AutoTests" name="[211] /home/travis/build/icyphy/ptII/ptolemy/actor/lib/test/auto/MathFunction.xml (RunModel)" time="0.025" />
  <testcase classname="ptolemy.util.test.junit.AutoTests" name="[212] /home/travis/build/icyphy/ptII/ptolemy/actor/lib/test/auto/MathFunction2.xml (RunModel)" time="0.018" />
  <testcase classname="ptolemy.util.test.junit.AutoTests" name="[213] /home/travis/build/icyphy/ptII/ptolemy/actor/lib/test/auto/MathFunction3.xml (RunModel)" time="0.021" />
  <testcase classname="ptolemy.util.test.junit.AutoTests" name="[214] /home/travis/build/icyphy/ptII/ptolemy/actor/lib/test/auto/MatrixCropBoolean.xml (RunModel)" time="0.013" />
  <testcase classname="ptolemy.util.test.junit.AutoTests" name="[215] /home/travis/build/icyphy/ptII/ptolemy/actor/lib/test/auto/MatrixCropComplex.xml (RunModel)" time="0.008" />
  <testcase classname="ptolemy.util.test.junit.AutoTests" name="[216] /home/travis/build/icyphy/ptII/ptolemy/actor/lib/test/auto/MatrixCropDouble.xml (RunModel)" time="0.008" />
  <testcase classname="ptolemy.util.test.junit.AutoTests" name="[217] /home/travis/build/icyphy/ptII/ptolemy/actor/lib/test/auto/MatrixCropFix.xml (RunModel)" time="0.013" />
  <testcase classname="ptolemy.util.test.junit.AutoTests" name="[218] /home/travis/build/icyphy/ptII/ptolemy/actor/lib/test/auto/MatrixCropInt.xml (RunModel)" time="0.008" />
  <testcase classname="ptolemy.util.test.junit.AutoTests" name="[219] /home/travis/build/icyphy/ptII/ptolemy/actor/lib/test/auto/MatrixCropLong.xml (RunModel)" time="0.008" />
  <testcase classname="ptolemy.util.test.junit.AutoTests" name="[220] /home/travis/build/icyphy/ptII/ptolemy/actor/lib/test/auto/MatrixToArray.xml (RunModel)" time="0.061" />
  <testcase classname="ptolemy.util.test.junit.AutoTests" name="[221] /home/travis/build/icyphy/ptII/ptolemy/actor/lib/test/auto/MaxIndex.xml (RunModel)" time="0.012" />
  <testcase classname="ptolemy.util.test.junit.AutoTests" name="[222] /home/travis/build/icyphy/ptII/ptolemy/actor/lib/test/auto/Maximum.xml (RunModel)" time="0.012" />
  <testcase classname="ptolemy.util.test.junit.AutoTests" name="[223] /home/travis/build/icyphy/ptII/ptolemy/actor/lib/test/auto/MaximumComplex.xml (RunModel)" time="0.014" />
  <testcase classname="ptolemy.util.test.junit.AutoTests" name="[224] /home/travis/build/icyphy/ptII/ptolemy/actor/lib/test/auto/MethodCallTest.xml (RunModel)" time="0.029" />
  <testcase classname="ptolemy.util.test.junit.AutoTests" name="[225] /home/travis/build/icyphy/ptII/ptolemy/actor/lib/test/auto/Minimum.xml (RunModel)" time="0.013" />
  <testcase classname="ptolemy.util.test.junit.AutoTests" name="[226] /home/travis/build/icyphy/ptII/ptolemy/actor/lib/test/auto/MinimumComplex.xml (RunModel)" time="0.016" />
  <testcase classname="ptolemy.util.test.junit.AutoTests" name="[227] /home/travis/build/icyphy/ptII/ptolemy/actor/lib/test/auto/MinimumMultiports.xml (RunModel)" time="0.022" />
  <testcase classname="ptolemy.util.test.junit.AutoTests" name="[228] /home/travis/build/icyphy/ptII/ptolemy/actor/lib/test/auto/ModifyDate.xml (RunModel)" time="0.04" />
  <testcase classname="ptolemy.util.test.junit.AutoTests" name="[229] /home/travis/build/icyphy/ptII/ptolemy/actor/lib/test/auto/ModifyDate2.xml (RunModel)" time="0.028" />
  <testcase classname="ptolemy.util.test.junit.AutoTests" name="[230] /home/travis/build/icyphy/ptII/ptolemy/actor/lib/test/auto/MovingAverage.xml (RunModel)" time="0.011" />
  <testcase classname="ptolemy.util.test.junit.AutoTests" name="[231] /home/travis/build/icyphy/ptII/ptolemy/actor/lib/test/auto/MovingMaximum.xml (RunModel)" time="0.016" />
  <testcase classname="ptolemy.util.test.junit.AutoTests" name="[232] /home/travis/build/icyphy/ptII/ptolemy/actor/lib/test/auto/MultipleLinksToSameRelation.xml (RunModel)" time="0.008" />
  <testcase classname="ptolemy.util.test.junit.AutoTests" name="[233] /home/travis/build/icyphy/ptII/ptolemy/actor/lib/test/auto/MultipleLinksToSameRelationDE.xml (RunModel)" time="0.008" />
  <testcase classname="ptolemy.util.test.junit.AutoTests" name="[234] /home/travis/build/icyphy/ptII/ptolemy/actor/lib/test/auto/Multiplexor.xml (RunModel)" time="0.01" />
  <testcase classname="ptolemy.util.test.junit.AutoTests" name="[235] /home/travis/build/icyphy/ptII/ptolemy/actor/lib/test/auto/Multiplexor1.xml (RunModel)" time="0.011" />
  <testcase classname="ptolemy.util.test.junit.AutoTests" name="[236] /home/travis/build/icyphy/ptII/ptolemy/actor/lib/test/auto/Multiplexor2.xml (RunModel)" time="0.017" />
  <testcase classname="ptolemy.util.test.junit.AutoTests" name="[237] /home/travis/build/icyphy/ptII/ptolemy/actor/lib/test/auto/Multiplexor3.xml (RunModel)" time="0.009" />
  <testcase classname="ptolemy.util.test.junit.AutoTests" name="[238] /home/travis/build/icyphy/ptII/ptolemy/actor/lib/test/auto/MultiplexorDE.xml (RunModel)" time="0.016" />
  <testcase classname="ptolemy.util.test.junit.AutoTests" name="[239] /home/travis/build/icyphy/ptII/ptolemy/actor/lib/test/auto/MultiportBroadcastTest.xml (RunModel)" time="0.097" />
  <testcase classname="ptolemy.util.test.junit.AutoTests" name="[240] /home/travis/build/icyphy/ptII/ptolemy/actor/lib/test/auto/MultiportOutHangDuringGetWidth.xml (RunModel)" time="0.038" />
  <testcase classname="ptolemy.util.test.junit.AutoTests" name="[241] /home/travis/build/icyphy/ptII/ptolemy/actor/lib/test/auto/NilToken.xml (RunModel)" time="0.015" />
  <testcase classname="ptolemy.util.test.junit.AutoTests" name="[242] /home/travis/build/icyphy/ptII/ptolemy/actor/lib/test/auto/NilTokenNonStrictTest.xml (RunModel)" time="0.013" />
  <testcase classname="ptolemy.util.test.junit.AutoTests" name="[243] /home/travis/build/icyphy/ptII/ptolemy/actor/lib/test/auto/NilTokenRecord.xml (RunModel)" time="0.032" />
  <testcase classname="ptolemy.util.test.junit.AutoTests" name="[244] /home/travis/build/icyphy/ptII/ptolemy/actor/lib/test/auto/NilTokenTypeTest.xml (RunModel)" time="0.031" />
  <testcase classname="ptolemy.util.test.junit.AutoTests" name="[245] /home/travis/build/icyphy/ptII/ptolemy/actor/lib/test/auto/ObjectToken1.xml (RunModel)" time="0.006" />
  <testcase classname="ptolemy.util.test.junit.AutoTests" name="[246] /home/travis/build/icyphy/ptII/ptolemy/actor/lib/test/auto/OrderedMerge.xml (RunModel)" time="0.018" />
  <testcase classname="ptolemy.util.test.junit.AutoTests" name="[247] /home/travis/build/icyphy/ptII/ptolemy/actor/lib/test/auto/OrderedRecordDisassembler.xml (RunModel)" time="0.017" />
  <testcase classname="ptolemy.util.test.junit.AutoTests" name="[248] /home/travis/build/icyphy/ptII/ptolemy/actor/lib/test/auto/OrderedRecordDisassembler2.xml (RunModel)" time="0.016" />
  <testcase classname="ptolemy.util.test.junit.AutoTests" name="[249] /home/travis/build/icyphy/ptII/ptolemy/actor/lib/test/auto/OrderedRecordUpdater.xml (RunModel)" time="0.01" />
  <testcase classname="ptolemy.util.test.junit.AutoTests" name="[250] /home/travis/build/icyphy/ptII/ptolemy/actor/lib/test/auto/OrderedRecordUpdater2.xml (RunModel)" time="0.025" />
  <testcase classname="ptolemy.util.test.junit.AutoTests" name="[251] /home/travis/build/icyphy/ptII/ptolemy/actor/lib/test/auto/PhaseUnwrap.xml (RunModel)" time="0.012" />
  <testcase classname="ptolemy.util.test.junit.AutoTests" name="[252] /home/travis/build/icyphy/ptII/ptolemy/actor/lib/test/auto/PoissonClock.xml (RunModel)" time="0.009" />
  <testcase classname="ptolemy.util.test.junit.AutoTests" name="[253] /home/travis/build/icyphy/ptII/ptolemy/actor/lib/test/auto/PoissonClock2.xml (RunModel)" time="0.007" />
  <testcase classname="ptolemy.util.test.junit.AutoTests" name="[254] /home/travis/build/icyphy/ptII/ptolemy/actor/lib/test/auto/PoissonClock3.xml (RunModel)" time="0.014" />
  <testcase classname="ptolemy.util.test.junit.AutoTests" name="[255] /home/travis/build/icyphy/ptII/ptolemy/actor/lib/test/auto/PubSubWithInitialTokens.xml (RunModel)" time="0.013" />
  <testcase classname="ptolemy.util.test.junit.AutoTests" name="[256] /home/travis/build/icyphy/ptII/ptolemy/actor/lib/test/auto/PubSubWithInitialTokens2.xml (RunModel)" time="0.012" />
  <testcase classname="ptolemy.util.test.junit.AutoTests" name="[257] /home/travis/build/icyphy/ptII/ptolemy/actor/lib/test/auto/PublisherClassNoParameter.xml (RunModel)" time="0.021" />
  <testcase classname="ptolemy.util.test.junit.AutoTests" name="[258] /home/travis/build/icyphy/ptII/ptolemy/actor/lib/test/auto/PublisherClassParameter.xml (RunModel)" time="0.021" />
  <testcase classname="ptolemy.util.test.junit.AutoTests" name="[259] /home/travis/build/icyphy/ptII/ptolemy/actor/lib/test/auto/PublisherNonStrictTest.xml (RunModel)" time="0.015" />
  <testcase classname="ptolemy.util.test.junit.AutoTests" name="[260] /home/travis/build/icyphy/ptII/ptolemy/actor/lib/test/auto/PublisherPort1.xml (RunModel)" time="0.011" />
  <testcase classname="ptolemy.util.test.junit.AutoTests" name="[261] /home/travis/build/icyphy/ptII/ptolemy/actor/lib/test/auto/PublisherPort2.xml (RunModel)" time="0.007" />
  <testcase classname="ptolemy.util.test.junit.AutoTests" name="[262] /home/travis/build/icyphy/ptII/ptolemy/actor/lib/test/auto/PublisherPort3.xml (RunModel)" time="0.019" />
  <testcase classname="ptolemy.util.test.junit.AutoTests" name="[263] /home/travis/build/icyphy/ptII/ptolemy/actor/lib/test/auto/PublisherPort4.xml (RunModel)" time="0.018" />
  <testcase classname="ptolemy.util.test.junit.AutoTests" name="[264] /home/travis/build/icyphy/ptII/ptolemy/actor/lib/test/auto/PublisherPort5.xml (RunModel)" time="0.013" />
  <testcase classname="ptolemy.util.test.junit.AutoTests" name="[265] /home/travis/build/icyphy/ptII/ptolemy/actor/lib/test/auto/PublisherPort5LookAlike.xml (RunModel)" time="0.016" />
  <testcase classname="ptolemy.util.test.junit.AutoTests" name="[266] /home/travis/build/icyphy/ptII/ptolemy/actor/lib/test/auto/PublisherPort6.xml (RunModel)" time="0.012" />
  <testcase classname="ptolemy.util.test.junit.AutoTests" name="[267] /home/travis/build/icyphy/ptII/ptolemy/actor/lib/test/auto/PublisherPort7.xml (RunModel)" time="0.016" />
  <testcase classname="ptolemy.util.test.junit.AutoTests" name="[268] /home/travis/build/icyphy/ptII/ptolemy/actor/lib/test/auto/PublisherPort8.xml (RunModel)" time="0.014" />
  <testcase classname="ptolemy.util.test.junit.AutoTests" name="[269] /home/travis/build/icyphy/ptII/ptolemy/actor/lib/test/auto/PublisherPortSubscriberChannelVariablesAOC2.xml (RunModel)" time="0.03" />
  <testcase classname="ptolemy.util.test.junit.AutoTests" name="[270] /home/travis/build/icyphy/ptII/ptolemy/actor/lib/test/auto/PublisherPortSubscriberOpaqueWidthInference.xml (RunModel)" time="0.014" />
  <testcase classname="ptolemy.util.test.junit.AutoTests" name="[271] /home/travis/build/icyphy/ptII/ptolemy/actor/lib/test/auto/PublisherPortSubscriberPortAdjacent.xml (RunModel)" time="0.022" />
  <testcase classname="ptolemy.util.test.junit.AutoTests" name="[272] /home/travis/build/icyphy/ptII/ptolemy/actor/lib/test/auto/PublisherPortSubscriberPortExpression.xml (RunModel)" time="0.015" />
  <testcase classname="ptolemy.util.test.junit.AutoTests" name="[273] /home/travis/build/icyphy/ptII/ptolemy/actor/lib/test/auto/PublisherPortSubscriberPortOpaqueD3Reverse.xml (RunModel)" time="0.032" />
  <testcase classname="ptolemy.util.test.junit.AutoTests" name="[274] /home/travis/build/icyphy/ptII/ptolemy/actor/lib/test/auto/PublisherPortSubscriberPortOpaqueWidthInference.xml (RunModel)" time="0.015" />
  <testcase classname="ptolemy.util.test.junit.AutoTests" name="[275] /home/travis/build/icyphy/ptII/ptolemy/actor/lib/test/auto/PublisherPortToplevelSubscriberPortAOC.xml (RunModel)" time="0.009" />
  <testcase classname="ptolemy.util.test.junit.AutoTests" name="[276] /home/travis/build/icyphy/ptII/ptolemy/actor/lib/test/auto/PublisherSubscriber.xml (RunModel)" time="0.017" />
  <testcase classname="ptolemy.util.test.junit.AutoTests" name="[277] /home/travis/build/icyphy/ptII/ptolemy/actor/lib/test/auto/PublisherSubscriber10.xml (RunModel)" time="0.029" />
  <testcase classname="ptolemy.util.test.junit.AutoTests" name="[278] /home/travis/build/icyphy/ptII/ptolemy/actor/lib/test/auto/PublisherSubscriber10InitialOutputs.xml (RunModel)" time="0.031" />
  <testcase classname="ptolemy.util.test.junit.AutoTests" name="[279] /home/travis/build/icyphy/ptII/ptolemy/actor/lib/test/auto/PublisherSubscriber11.xml (RunModel)" time="0.015" />
  <testcase classname="ptolemy.util.test.junit.AutoTests" name="[280] /home/travis/build/icyphy/ptII/ptolemy/actor/lib/test/auto/PublisherSubscriber12.xml (RunModel)" time="0.014" />
  <testcase classname="ptolemy.util.test.junit.AutoTests" name="[281] /home/travis/build/icyphy/ptII/ptolemy/actor/lib/test/auto/PublisherSubscriber13.xml (RunModel)" time="0.01" />
  <testcase classname="ptolemy.util.test.junit.AutoTests" name="[282] /home/travis/build/icyphy/ptII/ptolemy/actor/lib/test/auto/PublisherSubscriber14.xml (RunModel)" time="0.027" />
  <testcase classname="ptolemy.util.test.junit.AutoTests" name="[283] /home/travis/build/icyphy/ptII/ptolemy/actor/lib/test/auto/PublisherSubscriber2.xml (RunModel)" time="0.01" />
  <testcase classname="ptolemy.util.test.junit.AutoTests" name="[284] /home/travis/build/icyphy/ptII/ptolemy/actor/lib/test/auto/PublisherSubscriber3.xml (RunModel)" time="0.011" />
  <testcase classname="ptolemy.util.test.junit.AutoTests" name="[285] /home/travis/build/icyphy/ptII/ptolemy/actor/lib/test/auto/PublisherSubscriber4.xml (RunModel)" time="0.008" />
  <testcase classname="ptolemy.util.test.junit.AutoTests" name="[286] /home/travis/build/icyphy/ptII/ptolemy/actor/lib/test/auto/PublisherSubscriber5.xml (RunModel)" time="0.011" />
  <testcase classname="ptolemy.util.test.junit.AutoTests" name="[287] /home/travis/build/icyphy/ptII/ptolemy/actor/lib/test/auto/PublisherSubscriber6.xml (RunModel)" time="0.015" />
  <testcase classname="ptolemy.util.test.junit.AutoTests" name="[288] /home/travis/build/icyphy/ptII/ptolemy/actor/lib/test/auto/PublisherSubscriber7.xml (RunModel)" time="0.015" />
  <testcase classname="ptolemy.util.test.junit.AutoTests" name="[289] /home/travis/build/icyphy/ptII/ptolemy/actor/lib/test/auto/PublisherSubscriber8.xml (RunModel)" time="0.032" />
  <testcase classname="ptolemy.util.test.junit.AutoTests" name="[290] /home/travis/build/icyphy/ptII/ptolemy/actor/lib/test/auto/PublisherSubscriber9.xml (RunModel)" time="0.018" />
  <testcase classname="ptolemy.util.test.junit.AutoTests" name="[291] /home/travis/build/icyphy/ptII/ptolemy/actor/lib/test/auto/PublisherSubscriberAdjacent.xml (RunModel)" time="0.016" />
  <testcase classname="ptolemy.util.test.junit.AutoTests" name="[292] /home/travis/build/icyphy/ptII/ptolemy/actor/lib/test/auto/PublisherSubscriberChannelVariablesAOC2.xml (RunModel)" time="0.029" />
  <testcase classname="ptolemy.util.test.junit.AutoTests" name="[293] /home/travis/build/icyphy/ptII/ptolemy/actor/lib/test/auto/PublisherSubscriberD3.xml (RunModel)" time="0.013" />
  <testcase classname="ptolemy.util.test.junit.AutoTests" name="[294] /home/travis/build/icyphy/ptII/ptolemy/actor/lib/test/auto/PublisherSubscriberD3Reverse.xml (RunModel)" time="0.011" />
  <testcase classname="ptolemy.util.test.junit.AutoTests" name="[295] /home/travis/build/icyphy/ptII/ptolemy/actor/lib/test/auto/PublisherSubscriberExpression.xml (RunModel)" time="0.017" />
  <testcase classname="ptolemy.util.test.junit.AutoTests" name="[296] /home/travis/build/icyphy/ptII/ptolemy/actor/lib/test/auto/PublisherSubscriberOpaque.xml (RunModel)" time="0.014" />
  <testcase classname="ptolemy.util.test.junit.AutoTests" name="[297] /home/travis/build/icyphy/ptII/ptolemy/actor/lib/test/auto/PublisherSubscriberOpaqueD3.xml (RunModel)" time="0.021" />
  <testcase classname="ptolemy.util.test.junit.AutoTests" name="[298] /home/travis/build/icyphy/ptII/ptolemy/actor/lib/test/auto/PublisherSubscriberOpaqueD3Reverse.xml (RunModel)" time="0.018" />
  <testcase classname="ptolemy.util.test.junit.AutoTests" name="[299] /home/travis/build/icyphy/ptII/ptolemy/actor/lib/test/auto/PublisherSubscriberOpaqueWidthInference.xml (RunModel)" time="0.016" />
  <testcase classname="ptolemy.util.test.junit.AutoTests" name="[300] /home/travis/build/icyphy/ptII/ptolemy/actor/lib/test/auto/PublisherTestSubscriber.xml (RunModel)" time="0.014" />
  <testcase classname="ptolemy.util.test.junit.AutoTests" name="[301] /home/travis/build/icyphy/ptII/ptolemy/actor/lib/test/auto/PublisherToplevelSubscriberPortAOC.xml (RunModel)" time="0.01" />
  <testcase classname="ptolemy.util.test.junit.AutoTests" name="[302] /home/travis/build/icyphy/ptII/ptolemy/actor/lib/test/auto/PulseFiringLimitDE.xml (RunModel)" time="0.012" />
  <testcase classname="ptolemy.util.test.junit.AutoTests" name="[303] /home/travis/build/icyphy/ptII/ptolemy/actor/lib/test/auto/Ramp1.xml (RunModel)" time="0.006" />
  <testcase classname="ptolemy.util.test.junit.AutoTests" name="[304] /home/travis/build/icyphy/ptII/ptolemy/actor/lib/test/auto/RampFiringLimitDE.xml (RunModel)" time="0.011" />
  <testcase classname="ptolemy.util.test.junit.AutoTests" name="[305] /home/travis/build/icyphy/ptII/ptolemy/actor/lib/test/auto/RampFiringLimitSDF.xml (RunModel)" time="0.009" />
  <testcase classname="ptolemy.util.test.junit.AutoTests" name="[306] /home/travis/build/icyphy/ptII/ptolemy/actor/lib/test/auto/RandomInteger.xml (RunModel)" time="0.007" />
  <testcase classname="ptolemy.util.test.junit.AutoTests" name="[307] /home/travis/build/icyphy/ptII/ptolemy/actor/lib/test/auto/ReadFile1.xml (RunModel)" time="0.007" />
  <testcase classname="ptolemy.util.test.junit.AutoTests" name="[308] /home/travis/build/icyphy/ptII/ptolemy/actor/lib/test/auto/ReadFile2.xml (RunModel)" time="0.008" />
  <testcase classname="ptolemy.util.test.junit.AutoTests" name="[309] /home/travis/build/icyphy/ptII/ptolemy/actor/lib/test/auto/Reader.xml (RunModel)" time="0.01" />
  <testcase classname="ptolemy.util.test.junit.AutoTests" name="[310] /home/travis/build/icyphy/ptII/ptolemy/actor/lib/test/auto/RecordAssemblerDisplayNameTest.xml (RunModel)" time="3.059" />
  <testcase classname="ptolemy.util.test.junit.AutoTests" name="[311] /home/travis/build/icyphy/ptII/ptolemy/actor/lib/test/auto/RecordAssemblerTypeError.xml (RunModel)" time="0.029" />
  <testcase classname="ptolemy.util.test.junit.AutoTests" name="[312] /home/travis/build/icyphy/ptII/ptolemy/actor/lib/test/auto/RecordDisassember.xml (RunModel)" time="0.013" />
  <testcase classname="ptolemy.util.test.junit.AutoTests" name="[313] /home/travis/build/icyphy/ptII/ptolemy/actor/lib/test/auto/RecordDisassemberDisplayNameTest.xml (RunModel)" time="0.018" />
  <testcase classname="ptolemy.util.test.junit.AutoTests" name="[314] /home/travis/build/icyphy/ptII/ptolemy/actor/lib/test/auto/RecordDisassembler.xml (RunModel)" time="0.009" />
  <testcase classname="ptolemy.util.test.junit.AutoTests" name="[315] /home/travis/build/icyphy/ptII/ptolemy/actor/lib/test/auto/RecordDisassembler2.xml (RunModel)" time="0.011" />
  <testcase classname="ptolemy.util.test.junit.AutoTests" name="[316] /home/travis/build/icyphy/ptII/ptolemy/actor/lib/test/auto/RecordUpdater.xml (RunModel)" time="0.009" />
  <testcase classname="ptolemy.util.test.junit.AutoTests" name="[317] /home/travis/build/icyphy/ptII/ptolemy/actor/lib/test/auto/RecordUpdater2.xml (RunModel)" time="0.008" />
  <testcase classname="ptolemy.util.test.junit.AutoTests" name="[318] /home/travis/build/icyphy/ptII/ptolemy/actor/lib/test/auto/RecursiveLattice.xml (RunModel)" time="0.007" />
  <testcase classname="ptolemy.util.test.junit.AutoTests" name="[319] /home/travis/build/icyphy/ptII/ptolemy/actor/lib/test/auto/Router.xml (RunModel)" time="3.026" />
  <testcase classname="ptolemy.util.test.junit.AutoTests" name="[320] /home/travis/build/icyphy/ptII/ptolemy/actor/lib/test/auto/Router2.xml (RunModel)" time="3.037" />
  <testcase classname="ptolemy.util.test.junit.AutoTests" name="[321] /home/travis/build/icyphy/ptII/ptolemy/actor/lib/test/auto/RunningMaximum.xml (RunModel)" time="0.012" />
  <testcase classname="ptolemy.util.test.junit.AutoTests" name="[322] /home/travis/build/icyphy/ptII/ptolemy/actor/lib/test/auto/RunningMinimum.xml (RunModel)" time="0.014" />
  <testcase classname="ptolemy.util.test.junit.AutoTests" name="[323] /home/travis/build/icyphy/ptII/ptolemy/actor/lib/test/auto/Scale.xml (RunModel)" time="0.006" />
  <testcase classname="ptolemy.util.test.junit.AutoTests" name="[324] /home/travis/build/icyphy/ptII/ptolemy/actor/lib/test/auto/Scale2.xml (RunModel)" time="0.008" />
  <testcase classname="ptolemy.util.test.junit.AutoTests" name="[325] /home/travis/build/icyphy/ptII/ptolemy/actor/lib/test/auto/Scale3.xml (RunModel)" time="0.013" />
  <testcase classname="ptolemy.util.test.junit.AutoTests" name="[326] /home/travis/build/icyphy/ptII/ptolemy/actor/lib/test/auto/ScaleArray.xml (RunModel)" time="0.007" />
  <testcase classname="ptolemy.util.test.junit.AutoTests" name="[327] /home/travis/build/icyphy/ptII/ptolemy/actor/lib/test/auto/ScaleArray2.xml (RunModel)" time="0.007" />
  <testcase classname="ptolemy.util.test.junit.AutoTests" name="[328] /home/travis/build/icyphy/ptII/ptolemy/actor/lib/test/auto/ScaleMatrix.xml (RunModel)" time="0.135" />
  <testcase classname="ptolemy.util.test.junit.AutoTests" name="[329] /home/travis/build/icyphy/ptII/ptolemy/actor/lib/test/auto/Select.xml (RunModel)" time="0.014" />
  <testcase classname="ptolemy.util.test.junit.AutoTests" name="[330] /home/travis/build/icyphy/ptII/ptolemy/actor/lib/test/auto/Select2.xml (RunModel)" time="0.008" />
  <testcase classname="ptolemy.util.test.junit.AutoTests" name="[331] /home/travis/build/icyphy/ptII/ptolemy/actor/lib/test/auto/SequenceToArray2.xml (RunModel)" time="0.128" />
  <testcase classname="ptolemy.util.test.junit.AutoTests" name="[332] /home/travis/build/icyphy/ptII/ptolemy/actor/lib/test/auto/SequentialClock.xml (RunModel)" time="0.007" />
  <testcase classname="ptolemy.util.test.junit.AutoTests" name="[333] /home/travis/build/icyphy/ptII/ptolemy/actor/lib/test/auto/SetVariable.xml (RunModel)" time="0.009" />
  <testcase classname="ptolemy.util.test.junit.AutoTests" name="[334] /home/travis/build/icyphy/ptII/ptolemy/actor/lib/test/auto/SetVariable2.xml (RunModel)" time="0.009" />
  <testcase classname="ptolemy.util.test.junit.AutoTests" name="[335] /home/travis/build/icyphy/ptII/ptolemy/actor/lib/test/auto/SetVariable3.xml (RunModel)" time="0.009" />
  <testcase classname="ptolemy.util.test.junit.AutoTests" name="[336] /home/travis/build/icyphy/ptII/ptolemy/actor/lib/test/auto/SetVariable4.xml (RunModel)" time="0.026" />
  <testcase classname="ptolemy.util.test.junit.AutoTests" name="[337] /home/travis/build/icyphy/ptII/ptolemy/actor/lib/test/auto/SetVariable5.xml (RunModel)" time="0.026" />
  <testcase classname="ptolemy.util.test.junit.AutoTests" name="[338] /home/travis/build/icyphy/ptII/ptolemy/actor/lib/test/auto/Sinewave.xml (RunModel)" time="0.027" />
  <testcase classname="ptolemy.util.test.junit.AutoTests" name="[339] /home/travis/build/icyphy/ptII/ptolemy/actor/lib/test/auto/Sinewave2.xml (RunModel)" time="0.019" />
  <testcase classname="ptolemy.util.test.junit.AutoTests" name="[340] /home/travis/build/icyphy/ptII/ptolemy/actor/lib/test/auto/Sinewave3.xml (RunModel)" time="0.02" />
  <testcase classname="ptolemy.util.test.junit.AutoTests" name="[341] /home/travis/build/icyphy/ptII/ptolemy/actor/lib/test/auto/SingleEvent.xml (RunModel)" time="0.006" />
  <testcase classname="ptolemy.util.test.junit.AutoTests" name="[342] /home/travis/build/icyphy/ptII/ptolemy/actor/lib/test/auto/Sleep.xml (RunModel)" time="6.017" />
  <testcase classname="ptolemy.util.test.junit.AutoTests" name="[343] /home/travis/build/icyphy/ptII/ptolemy/actor/lib/test/auto/SleepMultipleFire.xml (RunModel)" time="1.027" />
  <testcase classname="ptolemy.util.test.junit.AutoTests" name="[344] /home/travis/build/icyphy/ptII/ptolemy/actor/lib/test/auto/StopDE.xml (RunModel)" time="0.012" />
  <testcase classname="ptolemy.util.test.junit.AutoTests" name="[345] /home/travis/build/icyphy/ptII/ptolemy/actor/lib/test/auto/StopSDF.xml (RunModel)" time="0.013" />
  <testcase classname="ptolemy.util.test.junit.AutoTests" name="[346] /home/travis/build/icyphy/ptII/ptolemy/actor/lib/test/auto/StringConstant.xml (RunModel)" time="0.01" />
  <testcase classname="ptolemy.util.test.junit.AutoTests" name="[347] /home/travis/build/icyphy/ptII/ptolemy/actor/lib/test/auto/SubscriberPortInitialValues1.xml (RunModel)" time="0.02" />
  <testcase classname="ptolemy.util.test.junit.AutoTests" name="[348] /home/travis/build/icyphy/ptII/ptolemy/actor/lib/test/auto/SubscriberPortInitialValues13.xml (RunModel)" time="0.022" />
  <testcase classname="ptolemy.util.test.junit.AutoTests" name="[349] /home/travis/build/icyphy/ptII/ptolemy/actor/lib/test/auto/SubscriberPortInitialValues14.xml (RunModel)" time="0.013" />
  <testcase classname="ptolemy.util.test.junit.AutoTests" name="[350] /home/travis/build/icyphy/ptII/ptolemy/actor/lib/test/auto/SubscriberPortInitialValues2.xml (RunModel)" time="0.014" />
  <testcase classname="ptolemy.util.test.junit.AutoTests" name="[351] /home/travis/build/icyphy/ptII/ptolemy/actor/lib/test/auto/SubscriberPortInitialValues3.xml (RunModel)" time="0.019" />
  <testcase classname="ptolemy.util.test.junit.AutoTests" name="[352] /home/travis/build/icyphy/ptII/ptolemy/actor/lib/test/auto/SubscriptionAggregator.xml (RunModel)" time="0.011" />
  <testcase classname="ptolemy.util.test.junit.AutoTests" name="[353] /home/travis/build/icyphy/ptII/ptolemy/actor/lib/test/auto/SubscriptionAggregator2.xml (RunModel)" time="0.01" />
  <testcase classname="ptolemy.util.test.junit.AutoTests" name="[354] /home/travis/build/icyphy/ptII/ptolemy/actor/lib/test/auto/SubscriptionAggregator3.xml (RunModel)" time="0.014" />
  <testcase classname="ptolemy.util.test.junit.AutoTests" name="[355] /home/travis/build/icyphy/ptII/ptolemy/actor/lib/test/auto/SubscriptionAggregatorMultiply.xml (RunModel)" time="0.016" />
  <testcase classname="ptolemy.util.test.junit.AutoTests" name="[356] /home/travis/build/icyphy/ptII/ptolemy/actor/lib/test/auto/SubscriptionAggregatorPortMultiply1.xml (RunModel)" time="0.014" />
  <testcase classname="ptolemy.util.test.junit.AutoTests" name="[357] /home/travis/build/icyphy/ptII/ptolemy/actor/lib/test/auto/Switch.xml (RunModel)" time="0.015" />
  <testcase classname="ptolemy.util.test.junit.AutoTests" name="[358] /home/travis/build/icyphy/ptII/ptolemy/actor/lib/test/auto/Switch2.xml (RunModel)" time="0.009" />
  <testcase classname="ptolemy.util.test.junit.AutoTests" name="[359] /home/travis/build/icyphy/ptII/ptolemy/actor/lib/test/auto/SwitchDE.xml (RunModel)" time="0.012" />
  <testcase classname="ptolemy.util.test.junit.AutoTests" name="[360] /home/travis/build/icyphy/ptII/ptolemy/actor/lib/test/auto/SynchronizerDE.xml (RunModel)" time="0.022" />
  <testcase classname="ptolemy.util.test.junit.AutoTests" name="[361] /home/travis/build/icyphy/ptII/ptolemy/actor/lib/test/auto/Test.xml (RunModel)" time="0.017" />
  <testcase classname="ptolemy.util.test.junit.AutoTests" name="[362] /home/travis/build/icyphy/ptII/ptolemy/actor/lib/test/auto/TestExceptionAttribute1.xml (RunModel)" time="0.009" />
  <testcase classname="ptolemy.util.test.junit.AutoTests" name="[363] /home/travis/build/icyphy/ptII/ptolemy/actor/lib/test/auto/TestExceptionAttribute2.xml (RunModel)" time="0.01" />
  <testcase classname="ptolemy.util.test.junit.AutoTests" name="[364] /home/travis/build/icyphy/ptII/ptolemy/actor/lib/test/auto/TestExceptionAttribute3.xml (RunModel)" time="0.006" />
  <testcase classname="ptolemy.util.test.junit.AutoTests" name="[365] /home/travis/build/icyphy/ptII/ptolemy/actor/lib/test/auto/TestExceptionAttribute4.xml (RunModel)" time="0.006" />
  <testcase classname="ptolemy.util.test.junit.AutoTests" name="[366] /home/travis/build/icyphy/ptII/ptolemy/actor/lib/test/auto/TestExceptionHandler1.xml (RunModel)" time="0.006" />
  <testcase classname="ptolemy.util.test.junit.AutoTests" name="[367] /home/travis/build/icyphy/ptII/ptolemy/actor/lib/test/auto/TestExceptionHandler2.xml (RunModel)" time="0.009" />
  <testcase classname="ptolemy.util.test.junit.AutoTests" name="[368] /home/travis/build/icyphy/ptII/ptolemy/actor/lib/test/auto/TestExceptionHandler3.xml (RunModel)" time="0.011" />
  <testcase classname="ptolemy.util.test.junit.AutoTests" name="[369] /home/travis/build/icyphy/ptII/ptolemy/actor/lib/test/auto/TestExceptionHandler4.xml (RunModel)" time="0.008" />
  <testcase classname="ptolemy.util.test.junit.AutoTests" name="[370] /home/travis/build/icyphy/ptII/ptolemy/actor/lib/test/auto/TestRequireCorrectOrder.xml (RunModel)" time="0.013" />
  <testcase classname="ptolemy.util.test.junit.AutoTests" name="[371] /home/travis/build/icyphy/ptII/ptolemy/actor/lib/test/auto/TestSimple.xml (RunModel)" time="0.009" />
  <testcase classname="ptolemy.util.test.junit.AutoTests" name="[372] /home/travis/build/icyphy/ptII/ptolemy/actor/lib/test/auto/ThrowModelError.xml (RunModel)" time="0.011" />
  <testcase classname="ptolemy.util.test.junit.AutoTests" name="[373] /home/travis/build/icyphy/ptII/ptolemy/actor/lib/test/auto/TimeDelayMicrosteps.xml (RunModel)" time="0.016" />
  <testcase classname="ptolemy.util.test.junit.AutoTests" name="[374] /home/travis/build/icyphy/ptII/ptolemy/actor/lib/test/auto/TimeDelayMicrosteps2.xml (RunModel)" time="0.014" />
  <testcase classname="ptolemy.util.test.junit.AutoTests" name="[375] /home/travis/build/icyphy/ptII/ptolemy/actor/lib/test/auto/TimeDelayMicrosteps3.xml (RunModel)" time="0.013" />
  <testcase classname="ptolemy.util.test.junit.AutoTests" name="[376] /home/travis/build/icyphy/ptII/ptolemy/actor/lib/test/auto/TimeDelayVariableMicrosteps.xml (RunModel)" time="0.011" />
  <testcase classname="ptolemy.util.test.junit.AutoTests" name="[377] /home/travis/build/icyphy/ptII/ptolemy/actor/lib/test/auto/TimeGap.xml (RunModel)" time="0.013" />
  <testcase classname="ptolemy.util.test.junit.AutoTests" name="[378] /home/travis/build/icyphy/ptII/ptolemy/actor/lib/test/auto/TimeGap2.xml (RunModel)" time="0.01" />
  <testcase classname="ptolemy.util.test.junit.AutoTests" name="[379] /home/travis/build/icyphy/ptII/ptolemy/actor/lib/test/auto/TimedSinewave.xml (RunModel)" time="0.036" />
  <testcase classname="ptolemy.util.test.junit.AutoTests" name="[380] /home/travis/build/icyphy/ptII/ptolemy/actor/lib/test/auto/TimedSinewavePhase.xml (RunModel)" time="0.03" />
  <testcase classname="ptolemy.util.test.junit.AutoTests" name="[381] /home/travis/build/icyphy/ptII/ptolemy/actor/lib/test/auto/Timer.xml (RunModel)" time="0.015" />
  <testcase classname="ptolemy.util.test.junit.AutoTests" name="[382] /home/travis/build/icyphy/ptII/ptolemy/actor/lib/test/auto/TriangularDistTestModel.xml (RunModel)" time="0.014" />
  <testcase classname="ptolemy.util.test.junit.AutoTests" name="[383] /home/travis/build/icyphy/ptII/ptolemy/actor/lib/test/auto/TrigFunction.xml (RunModel)" time="0.008" />
  <testcase classname="ptolemy.util.test.junit.AutoTests" name="[384] /home/travis/build/icyphy/ptII/ptolemy/actor/lib/test/auto/TrigFunctionDE.xml (RunModel)" time="0.01" />
  <testcase classname="ptolemy.util.test.junit.AutoTests" name="[385] /home/travis/build/icyphy/ptII/ptolemy/actor/lib/test/auto/TrigFunctionInverse.xml (RunModel)" time="0.009" />
  <testcase classname="ptolemy.util.test.junit.AutoTests" name="[386] /home/travis/build/icyphy/ptII/ptolemy/actor/lib/test/auto/TrigFunctionTan.xml (RunModel)" time="0.006" />
  <testcase classname="ptolemy.util.test.junit.AutoTests" name="[387] /home/travis/build/icyphy/ptII/ptolemy/actor/lib/test/auto/TriggeredClock.xml (RunModel)" time="0.01" />
  <testcase classname="ptolemy.util.test.junit.AutoTests" name="[388] /home/travis/build/icyphy/ptII/ptolemy/actor/lib/test/auto/URLDirectoryReader.xml (RunModel)" time="0.081" />
  <testcase classname="ptolemy.util.test.junit.AutoTests" name="[389] /home/travis/build/icyphy/ptII/ptolemy/actor/lib/test/auto/URLDirectoryReader3.xml (RunModel)" time="1.255" />
  <testcase classname="ptolemy.util.test.junit.AutoTests" name="[390] /home/travis/build/icyphy/ptII/ptolemy/actor/lib/test/auto/UnaryMathFunction.xml (RunModel)" time="0.051" />
  <testcase classname="ptolemy.util.test.junit.AutoTests" name="[391] /home/travis/build/icyphy/ptII/ptolemy/actor/lib/test/auto/Uniform.xml (RunModel)" time="0.044" />
  <testcase classname="ptolemy.util.test.junit.AutoTests" name="[392] /home/travis/build/icyphy/ptII/ptolemy/actor/lib/test/auto/UnionDisassemblerTest.xml (RunModel)" time="0.039" />
  <testcase classname="ptolemy.util.test.junit.AutoTests" name="[393] /home/travis/build/icyphy/ptII/ptolemy/actor/lib/test/auto/UtilityFunctions.xml (RunModel)" time="0.007" />
  <testcase classname="ptolemy.util.test.junit.AutoTests" name="[394] /home/travis/build/icyphy/ptII/ptolemy/actor/lib/test/auto/VariableSleep.xml (RunModel)" time="0.512" />
  <testcase classname="ptolemy.util.test.junit.AutoTests" name="[395] /home/travis/build/icyphy/ptII/ptolemy/actor/lib/test/auto/VectorAssemblerDisassemblerCT.xml (RunModel)" time="0.086" />
  <testcase classname="ptolemy.util.test.junit.AutoTests" name="[396] /home/travis/build/icyphy/ptII/ptolemy/actor/lib/test/auto/VectorAssemblerDisassemblerDE.xml (RunModel)" time="0.014" />
  <testcase classname="ptolemy.util.test.junit.AutoTests" name="[397] /home/travis/build/icyphy/ptII/ptolemy/actor/lib/test/auto/VectorAssemblerDisassemblerSDF.xml (RunModel)" time="0.014" />
  <testcase classname="ptolemy.util.test.junit.AutoTests" name="[398] /home/travis/build/icyphy/ptII/ptolemy/actor/lib/test/auto/WallClockTime.xml (RunModel)" time="1.013" />
  <testcase classname="ptolemy.util.test.junit.AutoTests" name="[399] /home/travis/build/icyphy/ptII/ptolemy/actor/lib/test/auto/WidthTestWithSubscriberPublisher.xml (RunModel)" time="0.04" />
  <testcase classname="ptolemy.util.test.junit.AutoTests" name="[400] /home/travis/build/icyphy/ptII/ptolemy/actor/lib/test/auto/WidthTestWithSubscriberPublisher2.xml (RunModel)" time="0.019" />
  <testcase classname="ptolemy.util.test.junit.AutoTests" name="[401] /home/travis/build/icyphy/ptII/ptolemy/actor/lib/test/auto/WidthTestWithSubscriberPublisher3.xml (RunModel)" time="0.029" />
  <testcase classname="ptolemy.util.test.junit.AutoTests" name="[402] /home/travis/build/icyphy/ptII/ptolemy/actor/lib/test/auto/Writer.xml (RunModel)" time="0.011" />
  <testcase classname="ptolemy.util.test.junit.AutoTests" name="[403] /home/travis/build/icyphy/ptII/ptolemy/actor/lib/test/auto/array.xml (RunModel)" time="0.01" />
  <testcase classname="ptolemy.util.test.junit.AutoTests" name="[404] /home/travis/build/icyphy/ptII/ptolemy/actor/lib/test/auto/array2.xml (RunModel)" time="0.019" />
  <testcase classname="ptolemy.util.test.junit.AutoTests" name="[405] /home/travis/build/icyphy/ptII/ptolemy/actor/lib/test/auto/arrayType.xml (RunModel)" time="0.02" />
  <testcase classname="ptolemy.util.test.junit.AutoTests" name="[406] /home/travis/build/icyphy/ptII/ptolemy/actor/lib/test/auto/arrayType10.xml (RunModel)" time="0.009" />
  <testcase classname="ptolemy.util.test.junit.AutoTests" name="[407] /home/travis/build/icyphy/ptII/ptolemy/actor/lib/test/auto/arrayType11.xml (RunModel)" time="0.014" />
  <testcase classname="ptolemy.util.test.junit.AutoTests" name="[408] /home/travis/build/icyphy/ptII/ptolemy/actor/lib/test/auto/arrayType12.xml (RunModel)" time="0.009" />
  <testcase classname="ptolemy.util.test.junit.AutoTests" name="[409] /home/travis/build/icyphy/ptII/ptolemy/actor/lib/test/auto/arrayType13.xml (RunModel)" time="0.009" />
  <testcase classname="ptolemy.util.test.junit.AutoTests" name="[410] /home/travis/build/icyphy/ptII/ptolemy/actor/lib/test/auto/arrayType14.xml (RunModel)" time="0.009" />
  <testcase classname="ptolemy.util.test.junit.AutoTests" name="[411] /home/travis/build/icyphy/ptII/ptolemy/actor/lib/test/auto/arrayType15.xml (RunModel)" time="0.013" />
  <testcase classname="ptolemy.util.test.junit.AutoTests" name="[412] /home/travis/build/icyphy/ptII/ptolemy/actor/lib/test/auto/arrayType16.xml (RunModel)" time="0.008" />
  <testcase classname="ptolemy.util.test.junit.AutoTests" name="[413] /home/travis/build/icyphy/ptII/ptolemy/actor/lib/test/auto/arrayType17.xml (RunModel)" time="0.009" />
  <testcase classname="ptolemy.util.test.junit.AutoTests" name="[414] /home/travis/build/icyphy/ptII/ptolemy/actor/lib/test/auto/arrayType18.xml (RunModel)" time="0.007" />
  <testcase classname="ptolemy.util.test.junit.AutoTests" name="[415] /home/travis/build/icyphy/ptII/ptolemy/actor/lib/test/auto/arrayType19.xml (RunModel)" time="0.008" />
  <testcase classname="ptolemy.util.test.junit.AutoTests" name="[416] /home/travis/build/icyphy/ptII/ptolemy/actor/lib/test/auto/arrayType2.xml (RunModel)" time="0.015" />
  <testcase classname="ptolemy.util.test.junit.AutoTests" name="[417] /home/travis/build/icyphy/ptII/ptolemy/actor/lib/test/auto/arrayType20.xml (RunModel)" time="0.008" />
  <testcase classname="ptolemy.util.test.junit.AutoTests" name="[418] /home/travis/build/icyphy/ptII/ptolemy/actor/lib/test/auto/arrayType21.xml (RunModel)" time="0.008" />
  <testcase classname="ptolemy.util.test.junit.AutoTests" name="[419] /home/travis/build/icyphy/ptII/ptolemy/actor/lib/test/auto/arrayType22.xml (RunModel)" time="0.008" />
  <testcase classname="ptolemy.util.test.junit.AutoTests" name="[420] /home/travis/build/icyphy/ptII/ptolemy/actor/lib/test/auto/arrayType23.xml (RunModel)" time="0.007" />
  <testcase classname="ptolemy.util.test.junit.AutoTests" name="[421] /home/travis/build/icyphy/ptII/ptolemy/actor/lib/test/auto/arrayType24.xml (RunModel)" time="0.008" />
  <testcase classname="ptolemy.util.test.junit.AutoTests" name="[422] /home/travis/build/icyphy/ptII/ptolemy/actor/lib/test/auto/arrayType25.xml (RunModel)" time="0.008" />
  <testcase classname="ptolemy.util.test.junit.AutoTests" name="[423] /home/travis/build/icyphy/ptII/ptolemy/actor/lib/test/auto/arrayType26.xml (RunModel)" time="0.008" />
  <testcase classname="ptolemy.util.test.junit.AutoTests" name="[424] /home/travis/build/icyphy/ptII/ptolemy/actor/lib/test/auto/arrayType27.xml (RunModel)" time="0.008" />
  <testcase classname="ptolemy.util.test.junit.AutoTests" name="[425] /home/travis/build/icyphy/ptII/ptolemy/actor/lib/test/auto/arrayType28.xml (RunModel)" time="0.009" />
  <testcase classname="ptolemy.util.test.junit.AutoTests" name="[426] /home/travis/build/icyphy/ptII/ptolemy/actor/lib/test/auto/arrayType3.xml (RunModel)" time="0.008" />
  <testcase classname="ptolemy.util.test.junit.AutoTests" name="[427] /home/travis/build/icyphy/ptII/ptolemy/actor/lib/test/auto/arrayType4.xml (RunModel)" time="0.01" />
  <testcase classname="ptolemy.util.test.junit.AutoTests" name="[428] /home/travis/build/icyphy/ptII/ptolemy/actor/lib/test/auto/arrayType5.xml (RunModel)" time="0.01" />
  <testcase classname="ptolemy.util.test.junit.AutoTests" name="[429] /home/travis/build/icyphy/ptII/ptolemy/actor/lib/test/auto/arrayType6.xml (RunModel)" time="0.008" />
  <testcase classname="ptolemy.util.test.junit.AutoTests" name="[430] /home/travis/build/icyphy/ptII/ptolemy/actor/lib/test/auto/arrayType7.xml (RunModel)" time="0.008" />
  <testcase classname="ptolemy.util.test.junit.AutoTests" name="[431] /home/travis/build/icyphy/ptII/ptolemy/actor/lib/test/auto/arrayType8.xml (RunModel)" time="0.009" />
  <testcase classname="ptolemy.util.test.junit.AutoTests" name="[432] /home/travis/build/icyphy/ptII/ptolemy/actor/lib/test/auto/arrayType9.xml (RunModel)" time="0.022" />
  <testcase classname="ptolemy.util.test.junit.AutoTests" name="[433] /home/travis/build/icyphy/ptII/ptolemy/actor/lib/test/auto/cast.xml (RunModel)" time="0.009" />
  <testcase classname="ptolemy.util.test.junit.AutoTests" name="[434] /home/travis/build/icyphy/ptII/ptolemy/actor/lib/test/auto/compositeMultiPort.xml (RunModel)" time="0.018" />
  <testcase classname="ptolemy.util.test.junit.AutoTests" name="[435] /home/travis/build/icyphy/ptII/ptolemy/actor/lib/test/auto/expressionCastInference.xml (RunModel)" time="0.007" />
  <testcase classname="ptolemy.util.test.junit.AutoTests" name="[436] /home/travis/build/icyphy/ptII/ptolemy/actor/lib/test/auto/expressionCastInference2.xml (RunModel)" time="0.007" />
  <testcase classname="ptolemy.util.test.junit.AutoTests" name="[437] /home/travis/build/icyphy/ptII/ptolemy/actor/lib/test/auto/expressionInference.xml (RunModel)" time="0.006" />
  <testcase classname="ptolemy.util.test.junit.AutoTests" name="[438] /home/travis/build/icyphy/ptII/ptolemy/actor/lib/test/auto/expression_bug.xml (RunModel)" time="0.006" />
  <testcase classname="ptolemy.util.test.junit.AutoTests" name="[439] /home/travis/build/icyphy/ptII/ptolemy/actor/lib/test/auto/factorial.xml (RunModel)" time="0.059" />
  <testcase classname="ptolemy.util.test.junit.AutoTests" name="[440] /home/travis/build/icyphy/ptII/ptolemy/actor/lib/test/auto/filterTest1.xml (RunModel)" time="0.015" />
  <testcase classname="ptolemy.util.test.junit.AutoTests" name="[441] /home/travis/build/icyphy/ptII/ptolemy/actor/lib/test/auto/funcApplyInConst.xml (RunModel)" time="0.006" />
  <testcase classname="ptolemy.util.test.junit.AutoTests" name="[442] /home/travis/build/icyphy/ptII/ptolemy/actor/lib/test/auto/funcApplyInExpr.xml (RunModel)" time="0.005" />
  <testcase classname="ptolemy.util.test.junit.AutoTests" name="[443] /home/travis/build/icyphy/ptII/ptolemy/actor/lib/test/auto/function.xml (RunModel)" time="0.011" />
  <testcase classname="ptolemy.util.test.junit.AutoTests" name="[444] /home/travis/build/icyphy/ptII/ptolemy/actor/lib/test/auto/function2.xml (RunModel)" time="0.009" />
  <testcase classname="ptolemy.util.test.junit.AutoTests" name="[445] /home/travis/build/icyphy/ptII/ptolemy/actor/lib/test/auto/function3.xml (RunModel)" time="0.007" />
  <testcase classname="ptolemy.util.test.junit.AutoTests" name="[446] /home/travis/build/icyphy/ptII/ptolemy/actor/lib/test/auto/functionClosureTest1.xml (RunModel)" time="0.01" />
  <testcase classname="ptolemy.util.test.junit.AutoTests" name="[447] /home/travis/build/icyphy/ptII/ptolemy/actor/lib/test/auto/functionClosureTest2.xml (RunModel)" time="0.007" />
  <testcase classname="ptolemy.util.test.junit.AutoTests" name="[448] /home/travis/build/icyphy/ptII/ptolemy/actor/lib/test/auto/functionClosureTest3.xml (RunModel)" time="0.009" />
  <testcase classname="ptolemy.util.test.junit.AutoTests" name="[449] /home/travis/build/icyphy/ptII/ptolemy/actor/lib/test/auto/functionClosureTest4.xml (RunModel)" time="0.016" />
  <testcase classname="ptolemy.util.test.junit.AutoTests" name="[450] /home/travis/build/icyphy/ptII/ptolemy/actor/lib/test/auto/functionClosureTest5.xml (RunModel)" time="0.011" />
  <testcase classname="ptolemy.util.test.junit.AutoTests" name="[451] /home/travis/build/icyphy/ptII/ptolemy/actor/lib/test/auto/functionClosureTest6.xml (RunModel)" time="0.007" />
  <testcase classname="ptolemy.util.test.junit.AutoTests" name="[452] /home/travis/build/icyphy/ptII/ptolemy/actor/lib/test/auto/functionsOnArcs.xml (RunModel)" time="0.013" />
  <testcase classname="ptolemy.util.test.junit.AutoTests" name="[453] /home/travis/build/icyphy/ptII/ptolemy/actor/lib/test/auto/functionsOnArcsHOF.xml (RunModel)" time="0.016" />
  <testcase classname="ptolemy.util.test.junit.AutoTests" name="[454] /home/travis/build/icyphy/ptII/ptolemy/actor/lib/test/auto/logic.xml (RunModel)" time="0.016" />
  <testcase classname="ptolemy.util.test.junit.AutoTests" name="[455] /home/travis/build/icyphy/ptII/ptolemy/actor/lib/test/auto/matrixType.xml (RunModel)" time="0.007" />
  <testcase classname="ptolemy.util.test.junit.AutoTests" name="[456] /home/travis/build/icyphy/ptII/ptolemy/actor/lib/test/auto/matrixType10.xml (RunModel)" time="0.009" />
  <testcase classname="ptolemy.util.test.junit.AutoTests" name="[457] /home/travis/build/icyphy/ptII/ptolemy/actor/lib/test/auto/matrixType11.xml (RunModel)" time="0.008" />
  <testcase classname="ptolemy.util.test.junit.AutoTests" name="[458] /home/travis/build/icyphy/ptII/ptolemy/actor/lib/test/auto/matrixType12.xml (RunModel)" time="0.01" />
  <testcase classname="ptolemy.util.test.junit.AutoTests" name="[459] /home/travis/build/icyphy/ptII/ptolemy/actor/lib/test/auto/matrixType13.xml (RunModel)" time="0.007" />
  <testcase classname="ptolemy.util.test.junit.AutoTests" name="[460] /home/travis/build/icyphy/ptII/ptolemy/actor/lib/test/auto/matrixType14.xml (RunModel)" time="0.01" />
  <testcase classname="ptolemy.util.test.junit.AutoTests" name="[461] /home/travis/build/icyphy/ptII/ptolemy/actor/lib/test/auto/matrixType2.xml (RunModel)" time="0.008" />
  <testcase classname="ptolemy.util.test.junit.AutoTests" name="[462] /home/travis/build/icyphy/ptII/ptolemy/actor/lib/test/auto/matrixType3.xml (RunModel)" time="0.01" />
  <testcase classname="ptolemy.util.test.junit.AutoTests" name="[463] /home/travis/build/icyphy/ptII/ptolemy/actor/lib/test/auto/matrixType4.xml (RunModel)" time="0.008" />
  <testcase classname="ptolemy.util.test.junit.AutoTests" name="[464] /home/travis/build/icyphy/ptII/ptolemy/actor/lib/test/auto/matrixType5.xml (RunModel)" time="0.008" />
  <testcase classname="ptolemy.util.test.junit.AutoTests" name="[465] /home/travis/build/icyphy/ptII/ptolemy/actor/lib/test/auto/matrixType6.xml (RunModel)" time="0.007" />
  <testcase classname="ptolemy.util.test.junit.AutoTests" name="[466] /home/travis/build/icyphy/ptII/ptolemy/actor/lib/test/auto/matrixType7.xml (RunModel)" time="0.008" />
  <testcase classname="ptolemy.util.test.junit.AutoTests" name="[467] /home/travis/build/icyphy/ptII/ptolemy/actor/lib/test/auto/matrixType8.xml (RunModel)" time="0.008" />
  <testcase classname="ptolemy.util.test.junit.AutoTests" name="[468] /home/travis/build/icyphy/ptII/ptolemy/actor/lib/test/auto/matrixType9.xml (RunModel)" time="0.007" />
  <testcase classname="ptolemy.util.test.junit.AutoTests" name="[469] /home/travis/build/icyphy/ptII/ptolemy/actor/lib/test/auto/paraFunctest.xml (RunModel)" time="0.007" />
  <testcase classname="ptolemy.util.test.junit.AutoTests" name="[470] /home/travis/build/icyphy/ptII/ptolemy/actor/lib/test/auto/paraFunctest2.xml (RunModel)" time="0.012" />
  <testcase classname="ptolemy.util.test.junit.AutoTests" name="[471] /home/travis/build/icyphy/ptII/ptolemy/actor/lib/test/auto/parameterPassing.xml (RunModel)" time="0.012" />
  <testcase classname="ptolemy.util.test.junit.AutoTests" name="[472] /home/travis/build/icyphy/ptII/ptolemy/actor/lib/test/auto/record.xml (RunModel)" time="0.01" />
  <testcase classname="ptolemy.util.test.junit.AutoTests" name="[473] /home/travis/build/icyphy/ptII/ptolemy/actor/lib/test/auto/sizedarray1.xml (RunModel)" time="0.01" />
  <testcase classname="ptolemy.util.test.junit.AutoTests" name="[474] /home/travis/build/icyphy/ptII/ptolemy/actor/lib/test/auto/sizedarray2.xml (RunModel)" time="0.01" />
  <testcase classname="ptolemy.util.test.junit.AutoTests" name="[475] /home/travis/build/icyphy/ptII/ptolemy/actor/lib/test/auto/twoPublishers.xml (RunModel)" time="0.02" />
  <system-out><![CDATA[/home/travis/build/icyphy/ptII/ptolemy/actor/lib/test/AbsoluteValue.tcl
testDefs.tcl: setting time out to 9000 seconds at Sun Apr 28 00:19:25 UTC 2019
87 ms. Memory: 116224K Free: 109630K (94%)
5 ms. Memory: 116224K Free: 108423K (93%)
4 ms. Memory: 116224K Free: 107820K (93%)
3 ms. Memory: 116224K Free: 106621K (92%)
/home/travis/build/icyphy/ptII/ptolemy/actor/lib/test/AddSubtract.tcl
14 ms. Memory: 116224K Free: 104819K (90%)
5 ms. Memory: 116224K Free: 104215K (90%)
9 ms. Memory: 116224K Free: 103017K (89%)
9 ms. Memory: 116224K Free: 102405K (88%)
10 ms. Memory: 116224K Free: 101794K (88%)
5 ms. Memory: 116224K Free: 101182K (87%)
/home/travis/build/icyphy/ptII/ptolemy/actor/lib/test/Average.tcl
9 ms. Memory: 116224K Free: 99380K (86%)
5 ms. Memory: 116224K Free: 98173K (84%)
/home/travis/build/icyphy/ptII/ptolemy/actor/lib/test/Bernoulli.tcl
12 ms. Memory: 116224K Free: 96347K (83%)
2 ms. Memory: 116224K Free: 95744K (82%)
/home/travis/build/icyphy/ptII/ptolemy/actor/lib/test/Clock.tcl
preinitializing
resolving types
initializing
executing number 1
wrapping up
idle
19 ms. Memory: 116224K Free: 93323K (80%)
Completed execution with 5 iterations
preinitializing
resolving types
initializing
executing number 1
wrapping up
idle
4 ms. Memory: 116224K Free: 92711K (80%)
Completed execution with 5 iterations
preinitializing
resolving types
initializing
executing number 1
wrapping up
idle
9 ms. Memory: 116224K Free: 92076K (79%)
Completed execution with 5 iterations
/home/travis/build/icyphy/ptII/ptolemy/actor/lib/test/Commutator.tcl
13 ms. Memory: 116224K Free: 90258K (78%)
7 ms. Memory: 116224K Free: 89035K (77%)
11 ms. Memory: 116224K Free: 84819K (73%)
/home/travis/build/icyphy/ptII/ptolemy/actor/lib/test/Const.tcl
13 ms. Memory: 116224K Free: 82411K (71%)
1 ms. Memory: 116224K Free: 81815K (70%)
5 ms. Memory: 116224K Free: 81220K (70%)
12 ms. Memory: 146944K Free: 140413K (96%)
4 ms. Memory: 146944K Free: 140413K (96%)
21 ms. Memory: 146944K Free: 138808K (94%)
6 ms. Memory: 146944K Free: 137618K (94%)
3 ms. Memory: 146944K Free: 136429K (93%)
/home/travis/build/icyphy/ptII/ptolemy/actor/lib/test/CurrentTime.tcl
preinitializing
resolving types
initializing
executing number 1
wrapping up
idle
15 ms. Memory: 146944K Free: 134033K (91%)
Completed execution with 11 iterations
/home/travis/build/icyphy/ptII/ptolemy/actor/lib/test/DB.tcl
3 ms. Memory: 146944K Free: 132844K (90%)
1 ms. Memory: 146944K Free: 131638K (90%)
2 ms. Memory: 146944K Free: 131638K (90%)
/home/travis/build/icyphy/ptII/ptolemy/actor/lib/test/DiscreteRandomSource.tcl
preinitializing
resolving types
initializing
executing number 1
wrapping up
idle
6 ms. Memory: 146944K Free: 130433K (89%)
Completed execution with 4 iterations
preinitializing
resolving types
initializing
executing number 1
wrapping up
idle
9 ms. Memory: 146944K Free: 129243K (88%)
Completed execution with 4 iterations
preinitializing
resolving types
initializing
executing number 1
wrapping up
idle
2 ms. Memory: 146944K Free: 129243K (88%)
Completed execution with 4 iterations
preinitializing
resolving types
initializing
executing number 1
wrapping up
idle
6 ms. Memory: 146944K Free: 129243K (88%)
Completed execution with 4 iterations
preinitializing
resolving types
initializing
executing number 1
wrapping up
idle
4 ms. Memory: 146944K Free: 128053K (87%)
Completed execution with 4 iterations
/home/travis/build/icyphy/ptII/ptolemy/actor/lib/test/Distributor.tcl
6 ms. Memory: 146944K Free: 126863K (86%)
8 ms. Memory: 146944K Free: 125674K (86%)
StreamChangeRequest.changeExecuted(): <deleteEntity name="rec2"/> succeeded
StreamChangeRequest.changeExecuted(): <deleteRelation name="r2"/> succeeded
StreamChangeRequest.changeExecuted(): Record firings per iteration succeeded
15 ms. Memory: 146944K Free: 123295K (84%)
/home/travis/build/icyphy/ptII/ptolemy/actor/lib/test/Exit.tcl
Exit.tcl: this will print a message about Manager.exitAfterWrapup, which can be ignored.
5 ms. Memory: 146944K Free: 120301K (82%)
/home/travis/build/icyphy/ptII/ptolemy/actor/lib/test/Expression.tcl
7 ms. Memory: 146944K Free: 116691K (79%)
5 ms. Memory: 146944K Free: 116691K (79%)
3 ms. Memory: 146944K Free: 115502K (79%)
preinitializing
resolving types
initializing
executing number 1
wrapping up
idle
9 ms. Memory: 146944K Free: 114312K (78%)
Completed execution with 6 iterations
3 ms. Memory: 146944K Free: 113123K (77%)
2 ms. Memory: 146944K Free: 113123K (77%)
4 ms. Memory: 146944K Free: 111933K (76%)
3 ms. Memory: 146944K Free: 109554K (75%)
7 ms. Memory: 146944K Free: 108364K (74%)
/home/travis/build/icyphy/ptII/ptolemy/actor/lib/test/Gaussian.tcl
4 ms. Memory: 146944K Free: 107174K (73%)
sleeping 1 seconds: ......................................................................................................................................................................................................................................................................................................................................................................................................................................................................................................................................................................................................................................................................................................................................................................................................................................................................................................................................................................................................................................................................................................................................................................................................................................................................................................................................................................................................................................................................................................................................................................................................................................................................................................................................2 ms. Memory: 146944K Free: 98847K (67%)
3 ms. Memory: 146944K Free: 98847K (67%)
2 ms. Memory: 146944K Free: 97658K (66%)
3 ms. Memory: 146944K Free: 97658K (66%)
4 ms. Memory: 146944K Free: 96468K (66%)
/home/travis/build/icyphy/ptII/ptolemy/actor/lib/test/IIR.tcl
/home/travis/build/icyphy/ptII/ptolemy/actor/lib/test/Interpolator.tcl
4 ms. Memory: 146944K Free: 92898K (63%)
2 ms. Memory: 146944K Free: 91708K (62%)
1 ms. Memory: 146944K Free: 91708K (62%)
3 ms. Memory: 146944K Free: 90518K (62%)
2 ms. Memory: 146944K Free: 90518K (62%)
2 ms. Memory: 146944K Free: 89329K (61%)
2 ms. Memory: 146944K Free: 88139K (60%)
6 ms. Memory: 146944K Free: 86950K (59%)
2 ms. Memory: 146944K Free: 86950K (59%)
2 ms. Memory: 146944K Free: 85760K (58%)
/home/travis/build/icyphy/ptII/ptolemy/actor/lib/test/MathFunction.tcl
6 ms. Memory: 146944K Free: 83381K (57%)
2 ms. Memory: 146944K Free: 82191K (56%)
1 ms. Memory: 146944K Free: 81423K (55%)
19 ms. Memory: 146944K Free: 140397K (96%)
3 ms. Memory: 146944K Free: 138951K (95%)
6 ms. Memory: 146944K Free: 137765K (94%)
/home/travis/build/icyphy/ptII/ptolemy/actor/lib/test/Maximum.tcl
3 ms. Memory: 146944K Free: 135392K (92%)
4 ms. Memory: 146944K Free: 134206K (91%)
6 ms. Memory: 146944K Free: 134206K (91%)
4 ms. Memory: 146944K Free: 133019K (91%)
/home/travis/build/icyphy/ptII/ptolemy/actor/lib/test/Minimum.tcl
7 ms. Memory: 146944K Free: 131833K (90%)
3 ms. Memory: 146944K Free: 130647K (89%)
2 ms. Memory: 146944K Free: 130647K (89%)
3 ms. Memory: 146944K Free: 129460K (88%)
/home/travis/build/icyphy/ptII/ptolemy/actor/lib/test/MultiplyDivide.tcl
11 ms. Memory: 146944K Free: 127088K (86%)
9 ms. Memory: 146944K Free: 127088K (86%)
2 ms. Memory: 146944K Free: 125902K (86%)
2 ms. Memory: 146944K Free: 124715K (85%)
4 ms. Memory: 146944K Free: 124715K (85%)
/home/travis/build/icyphy/ptII/ptolemy/actor/lib/test/OrderedMerge.tcl
Connections changed on port: inputA
Connections changed on port: inputB
Connections changed on port: output
Connections changed on port: output
Connections changed on port: output
Connections changed on port: input
.top. Preinitializing ...
Invoking preinitialize():  .top.OrderedMerge
Called preinitialize()
Invoking preinitialize():  .top.Ramp
Called preinitialize()
Invoking preinitialize():  .top.Ramp2
Called preinitialize()
Invoking preinitialize():  .top.Test
Called preinitialize()
Connections changed on port: inputA
Connections changed on port: output
Connections changed on port: inputB
Connections changed on port: output
Connections changed on port: output
Connections changed on port: input
.top. Finished preinitialize().
Called initialize().
Invoking initialize():  .top.OrderedMerge
Initializing actor: .top.OrderedMerge
Adding a thread: .top.OrderedMerge
Invoking initialize():  .top.Ramp
Initializing actor: .top.Ramp
Adding a thread: .top.Ramp
Invoking initialize():  .top.Ramp2
Initializing actor: .top.Ramp2
Adding a thread: .top.Ramp2
Invoking initialize():  .top.Test
Initializing actor: .top.Test
Adding a thread: .top.Test
-- Starting thread.
Called initialize()
Called prefire()
Called fire()
-- Starting thread.
Called initialize()
Called prefire()
Called fire()
Called postfire()
Called prefire()
Called fire()
-- Starting thread.
Called initialize()
Called prefire()
Called fire()
Called postfire()
Called prefire()
Called fire()
Called fire().
Checking for deadlock:
There are 3 Blocked actors, 0 Stopped actors, and 4 active threads.
Waiting for actors to stop.
-- Starting thread.
Called initialize()
Called prefire()
Called fire()
Checking for deadlock:
There are 2 Blocked actors, 0 Stopped actors, and 4 active threads.
Waiting for actors to stop.
Called postfire()
Called prefire()
Called fire()
Checking for deadlock:
There are 3 Blocked actors, 0 Stopped actors, and 4 active threads.
Waiting for actors to stop.
Read input token from inputA with value 0.0
Next port to read input from is inputB
Called postfire()
Called prefire()
Called fire()
Checking for deadlock:
There are 2 Blocked actors, 0 Stopped actors, and 4 active threads.
Waiting for actors to stop.
Called postfire()
Called prefire()
Called fire()
Checking for deadlock:
There are 3 Blocked actors, 0 Stopped actors, and 4 active threads.
Waiting for actors to stop.
Read input token from inputB with value 0.0
Checking for deadlock:
There are 2 Blocked actors, 0 Stopped actors, and 4 active threads.
Waiting for actors to stop.
-- Read input: 0.0, which is expected to match: 0.0
Called prefire()
Called fire()
Checking for deadlock:
There are 3 Blocked actors, 0 Stopped actors, and 4 active threads.
Waiting for actors to stop.
Sent output token with value 0.0
Next port to read input from is inputA
Called postfire()
Called prefire()
Called fire()
Called postfire()
Called prefire()
Called fire()
Checking for deadlock:
There are 3 Blocked actors, 0 Stopped actors, and 4 active threads.
Waiting for actors to stop.
Read input token from inputA with value 1.0
-- Read input: 0.0, which is expected to match: 0.0
Called prefire()
Called fire()
Checking for deadlock:
There are 3 Blocked actors, 0 Stopped actors, and 4 active threads.
Waiting for actors to stop.
Sent output token with value 0.0
Next port to read input from is inputB
Called postfire()
Called prefire()
Called fire()
Checking for deadlock:
There are 2 Blocked actors, 0 Stopped actors, and 4 active threads.
Waiting for actors to stop.
Called postfire()
Called prefire()
Called fire()
Checking for deadlock:
There are 3 Blocked actors, 0 Stopped actors, and 4 active threads.
Waiting for actors to stop.
Read input token from inputB with value 1.5
Checking for deadlock:
There are 2 Blocked actors, 0 Stopped actors, and 4 active threads.
Waiting for actors to stop.
-- Read input: 1.0, which is expected to match: 1.0
Called prefire()
Called fire()
Checking for deadlock:
There are 3 Blocked actors, 0 Stopped actors, and 4 active threads.
Waiting for actors to stop.
Sent output token with value 1.0
Next port to read input from is inputA
Called postfire()
Called prefire()
Called fire()
Called postfire()
Called prefire()
Called fire()
Checking for deadlock:
There are 3 Blocked actors, 0 Stopped actors, and 4 active threads.
Waiting for actors to stop.
Read input token from inputA with value 2.0
-- Read input: 1.5, which is expected to match: 1.5
Called prefire()
Called fire()
Checking for deadlock:
There are 3 Blocked actors, 0 Stopped actors, and 4 active threads.
Waiting for actors to stop.
Sent output token with value 1.5
Next port to read input from is inputB
Called postfire()
Called prefire()
Called fire()
Checking for deadlock:
There are 2 Blocked actors, 0 Stopped actors, and 4 active threads.
Waiting for actors to stop.
Called postfire()
Called prefire()
Called fire()
Checking for deadlock:
There are 3 Blocked actors, 0 Stopped actors, and 4 active threads.
Waiting for actors to stop.
Read input token from inputB with value 3.0
Checking for deadlock:
There are 2 Blocked actors, 0 Stopped actors, and 4 active threads.
Waiting for actors to stop.
-- Read input: 2.0, which is expected to match: 2.0
Called prefire()
Called fire()
Checking for deadlock:
There are 3 Blocked actors, 0 Stopped actors, and 4 active threads.
Waiting for actors to stop.
Sent output token with value 2.0
Next port to read input from is inputA
Called postfire()
Called prefire()
Called fire()
Called postfire()
Called prefire()
Called fire()
Checking for deadlock:
There are 3 Blocked actors, 0 Stopped actors, and 4 active threads.
Waiting for actors to stop.
Read input token from inputA with value 3.0
-- Read input: 3.0, which is expected to match: 3.0
Called prefire()
Called fire()
Checking for deadlock:
There are 3 Blocked actors, 0 Stopped actors, and 4 active threads.
Waiting for actors to stop.
Sent output token with value 3.0
Next port to read input from is inputB
Called postfire()
Called prefire()
Called fire()
Checking for deadlock:
There are 2 Blocked actors, 0 Stopped actors, and 4 active threads.
Waiting for actors to stop.
Called postfire()
Called prefire()
Called fire()
Checking for deadlock:
There are 3 Blocked actors, 0 Stopped actors, and 4 active threads.
Waiting for actors to stop.
Read input token from inputB with value 4.5
Checking for deadlock:
There are 2 Blocked actors, 0 Stopped actors, and 4 active threads.
Waiting for actors to stop.
-- Read input: 3.0, which is expected to match: 3.0
Called prefire()
Called fire()
Checking for deadlock:
There are 3 Blocked actors, 0 Stopped actors, and 4 active threads.
Waiting for actors to stop.
Sent output token with value 3.0
Next port to read input from is inputA
Called postfire()
Called prefire()
Called fire()
Called postfire()
Called prefire()
Called fire()
Checking for deadlock:
There are 3 Blocked actors, 0 Stopped actors, and 4 active threads.
Waiting for actors to stop.
Read input token from inputA with value 4.0
-- Read input: 4.0, which is expected to match: 4.0
Called prefire()
Called fire()
Past the end of training data. Read and discard all inputs.
Checking for deadlock:
There are 3 Blocked actors, 0 Stopped actors, and 4 active threads.
Waiting for actors to stop.
Sent output token with value 4.0
Next port to read input from is inputA
Called postfire()
Called prefire()
Called fire()
Called postfire()
Called prefire()
Called fire()
Checking for deadlock:
There are 3 Blocked actors, 0 Stopped actors, and 4 active threads.
Waiting for actors to stop.
Read input token from inputA with value 5.0
Called prefire()
Called fire()
Past the end of training data. Read and discard all inputs.
Checking for deadlock:
There are 3 Blocked actors, 0 Stopped actors, and 4 active threads.
Waiting for actors to stop.
Sent output token with value 4.5
Next port to read input from is inputB
Called postfire()
Called prefire()
Called fire()
Read input token from inputB with value 6.0
Checking for deadlock:
Sent output token with value 5.0
There are 1 Blocked actors, 0 Stopped actors, and 4 active threads.
Waiting for actors to stop.
Next port to read input from is inputA
Called postfire()
Called postfire()
Called prefire()
Called prefire()
Called fire()
Called fire()
Read input token from inputA with value 6.0
Called prefire()
Called fire()
Past the end of training data. Read and discard all inputs.
Sent output token with value 6.0
Called prefire()
Called fire()
Past the end of training data. Read and discard all inputs.
Next port to read input from is inputB
Called postfire()
Called prefire()
Called fire()
Checking for deadlock:
There are 2 Blocked actors, 0 Stopped actors, and 4 active threads.
Waiting for actors to stop.
Called postfire()
Called prefire()
Called fire()
Called postfire()
Called prefire()
Called fire()
Checking for deadlock:
There are 3 Blocked actors, 0 Stopped actors, and 4 active threads.
Waiting for actors to stop.
Read input token from inputB with value 7.5
Called prefire()
Called fire()
Past the end of training data. Read and discard all inputs.
Checking for deadlock:
There are 3 Blocked actors, 0 Stopped actors, and 4 active threads.
Waiting for actors to stop.
Sent output token with value 6.0
Next port to read input from is inputA
Called postfire()
Called prefire()
Called fire()
Called postfire()
Called prefire()
Called fire()
Checking for deadlock:
There are 3 Blocked actors, 0 Stopped actors, and 4 active threads.
Waiting for actors to stop.
Read input token from inputA with value 7.0
Called prefire()
Called fire()
Past the end of training data. Read and discard all inputs.
Checking for deadlock:
There are 3 Blocked actors, 0 Stopped actors, and 4 active threads.
Waiting for actors to stop.
Sent output token with value 7.0
Next port to read input from is inputA
Called postfire()
Called prefire()
Called fire()
-- Thread wrapup() called.
Called wrapup()
Thread .top.Ramp is exiting.
-- Thread stopped.
Checking for deadlock:
There are 2 Blocked actors, 0 Stopped actors, and 3 active threads.
Waiting for actors to stop.
Read input token from inputA with value 8.0
Called prefire()
Called fire()
Past the end of training data. Read and discard all inputs.
Checking for deadlock:
There are 2 Blocked actors, 0 Stopped actors, and 3 active threads.
Waiting for actors to stop.
Sent output token with value 7.5
Next port to read input from is inputB
Called postfire()
Called prefire()
Called fire()
Called postfire()
Called prefire()
Called fire()
Checking for deadlock:
There are 2 Blocked actors, 0 Stopped actors, and 3 active threads.
Waiting for actors to stop.
Read input token from inputB with value 9.0
Called prefire()
Called fire()
Past the end of training data. Read and discard all inputs.
Checking for deadlock:
There are 2 Blocked actors, 0 Stopped actors, and 3 active threads.
Waiting for actors to stop.
Sent output token with value 8.0
Next port to read input from is inputA
Called postfire()
Called prefire()
Called fire()
Read input token from inputA with value 9.0
Checking for deadlock:
There are 1 Blocked actors, 0 Stopped actors, and 3 active threads.
Waiting for actors to stop.
Called prefire()
Called fire()
Past the end of training data. Read and discard all inputs.
Checking for deadlock:
There are 2 Blocked actors, 0 Stopped actors, and 3 active threads.
Waiting for actors to stop.
Sent output token with value 9.0
Next port to read input from is inputB
Called postfire()
Called prefire()
Called fire()
Called postfire()
Called prefire()
Called fire()
Checking for deadlock:
There are 2 Blocked actors, 0 Stopped actors, and 3 active threads.
Waiting for actors to stop.
Read input token from inputB with value 10.5
Called prefire()
Called fire()
Past the end of training data. Read and discard all inputs.
Checking for deadlock:
There are 2 Blocked actors, 0 Stopped actors, and 3 active threads.
Waiting for actors to stop.
Sent output token with value 9.0
Next port to read input from is inputA
Called postfire()
Called prefire()
Called fire()
Checking for deadlock:
There are 3 Blocked actors, 0 Stopped actors, and 3 active threads.
Actors have stopped.
Checking for deadlock:
There are 3 Blocked actors, 0 Stopped actors, and 3 active threads.
Deadlock detected.
Resolving Deadlock
Checking for deadlock:
There are 3 Blocked actors, 0 Stopped actors, and 3 active threads.
Artificial Deadlock - increasing queue capacity.
increasing the capacity of receiver ptolemy.actor.TypedIOPort {.top.OrderedMerge.inputB} to 2
Director: Called postfire().
Called postfire().
_stopRequested = false
_stopFireRequested = false
Returning from postfire(): true
Called fire().
Checking for deadlock:
There are 2 Blocked actors, 0 Stopped actors, and 3 active threads.
Waiting for actors to stop.
-- Thread wrapup() called.
Called wrapup()
Thread .top.Ramp2 is exiting.
-- Thread stopped.
Checking for deadlock:
There are 2 Blocked actors, 0 Stopped actors, and 2 active threads.
Actors have stopped.
Checking for deadlock:
There are 2 Blocked actors, 0 Stopped actors, and 2 active threads.
Deadlock detected.
Resolving Deadlock
Checking for deadlock:
There are 2 Blocked actors, 0 Stopped actors, and 2 active threads.
Deadlock detected: no processes blocked on write, but some are blocked on read.
Called postfire().
_stopRequested = false
_stopFireRequested = false
Returning from postfire(): false
Finished deactivating branches.
Called wrapup().
-- Thread wrapup() called.
Called wrapup()
Thread .top.OrderedMerge is exiting.
-- Thread wrapup() called.
Called wrapup()
Thread .top.Test is exiting.
-- Thread stopped.
-- Blocked Receiver call threw TerminateProcessException.
34 ms. Memory: 146944K Free: 120704K (82%)
.top. Preinitializing ...
Invoking preinitialize():  .top.OrderedMerge
Called preinitialize()
Invoking preinitialize():  .top.Ramp
Called preinitialize()
Invoking preinitialize():  .top.Ramp2
Called preinitialize()
Invoking preinitialize():  .top.Test
Called preinitialize()
.top. Finished preinitialize().
Called initialize().
Invoking initialize():  .top.OrderedMerge
Initializing actor: .top.OrderedMerge
Adding a thread: .top.OrderedMerge
Invoking initialize():  .top.Ramp
Initializing actor: .top.Ramp
Adding a thread: .top.Ramp
Invoking initialize():  .top.Ramp2
Initializing actor: .top.Ramp2
Adding a thread: .top.Ramp2
Invoking initialize():  .top.Test
Initializing actor: .top.Test
Adding a thread: .top.Test
-- Thread stopped.
-- Blocked Receiver call threw TerminateProcessException.
-- Starting thread.
Called initialize()
Called prefire()
Called fire()
-- Starting thread.
Called initialize()
Called prefire()
Called fire()
Called postfire()
Called prefire()
Called fire()
-- Starting thread.
Called initialize()
Called prefire()
Called fire()
Called postfire()
Called prefire()
Called fire()
Called fire().
Checking for deadlock:
There are 3 Blocked actors, 0 Stopped actors, and 4 active threads.
Waiting for actors to stop.
-- Starting thread.
Called initialize()
Called prefire()
Called fire()
Checking for deadlock:
There are 2 Blocked actors, 0 Stopped actors, and 4 active threads.
Waiting for actors to stop.
Called postfire()
Called prefire()
Called fire()
Checking for deadlock:
There are 3 Blocked actors, 0 Stopped actors, and 4 active threads.
Waiting for actors to stop.
Read input token from inputA with value 0.0
Next port to read input from is inputB
Called postfire()
Called prefire()
Called fire()
Checking for deadlock:
There are 2 Blocked actors, 0 Stopped actors, and 4 active threads.
Waiting for actors to stop.
Called postfire()
Called prefire()
Called fire()
Checking for deadlock:
There are 3 Blocked actors, 0 Stopped actors, and 4 active threads.
Waiting for actors to stop.
Read input token from inputB with value 0.0
Checking for deadlock:
There are 2 Blocked actors, 0 Stopped actors, and 4 active threads.
Waiting for actors to stop.
-- Read input: 0.0, which is expected to match: 0.0
Called prefire()
Called fire()
Checking for deadlock:
There are 3 Blocked actors, 0 Stopped actors, and 4 active threads.
Waiting for actors to stop.
Sent output token with value 0.0
Next port to read input from is inputA
Called postfire()
Called prefire()
Called fire()
Checking for deadlock:
There are 2 Blocked actors, 0 Stopped actors, and 4 active threads.
Waiting for actors to stop.
Called postfire()
Called prefire()
Called fire()
Checking for deadlock:
There are 3 Blocked actors, 0 Stopped actors, and 4 active threads.
Waiting for actors to stop.
Read input token from inputA with value 1.0
Checking for deadlock:
There are 2 Blocked actors, 0 Stopped actors, and 4 active threads.
Waiting for actors to stop.
-- Read input: 0.0, which is expected to match: 0.0
Called prefire()
Called fire()
Checking for deadlock:
There are 3 Blocked actors, 0 Stopped actors, and 4 active threads.
Waiting for actors to stop.
Sent output token with value 0.0
Next port to read input from is inputB
Called postfire()
Called prefire()
Called fire()
Checking for deadlock:
There are 2 Blocked actors, 0 Stopped actors, and 4 active threads.
Waiting for actors to stop.
Called postfire()
Called prefire()
Called fire()
Checking for deadlock:
There are 3 Blocked actors, 0 Stopped actors, and 4 active threads.
Waiting for actors to stop.
Read input token from inputB with value 1.5
Checking for deadlock:
There are 2 Blocked actors, 0 Stopped actors, and 4 active threads.
Waiting for actors to stop.
-- Read input: 1.0, which is expected to match: 1.0
Called prefire()
Called fire()
Checking for deadlock:
There are 3 Blocked actors, 0 Stopped actors, and 4 active threads.
Waiting for actors to stop.
Sent output token with value 1.0
Next port to read input from is inputA
Called postfire()
Called prefire()
Called fire()
Checking for deadlock:
There are 2 Blocked actors, 0 Stopped actors, and 4 active threads.
Waiting for actors to stop.
Called postfire()
Called prefire()
Called fire()
Checking for deadlock:
There are 3 Blocked actors, 0 Stopped actors, and 4 active threads.
Waiting for actors to stop.
Read input token from inputA with value 2.0
Checking for deadlock:
There are 2 Blocked actors, 0 Stopped actors, and 4 active threads.
Waiting for actors to stop.
-- Read input: 1.5, which is expected to match: 1.5
Called prefire()
Called fire()
Checking for deadlock:
There are 3 Blocked actors, 0 Stopped actors, and 4 active threads.
Waiting for actors to stop.
Sent output token with value 1.5
Next port to read input from is inputB
Called postfire()
Called prefire()
Called fire()
Checking for deadlock:
There are 2 Blocked actors, 0 Stopped actors, and 4 active threads.
Waiting for actors to stop.
Called postfire()
Called prefire()
Called fire()
Checking for deadlock:
There are 3 Blocked actors, 0 Stopped actors, and 4 active threads.
Waiting for actors to stop.
Read input token from inputB with value 3.0
Checking for deadlock:
There are 2 Blocked actors, 0 Stopped actors, and 4 active threads.
Waiting for actors to stop.
-- Read input: 2.0, which is expected to match: 2.0
Called prefire()
Called fire()
Checking for deadlock:
There are 3 Blocked actors, 0 Stopped actors, and 4 active threads.
Waiting for actors to stop.
Sent output token with value 2.0
Next port to read input from is inputA
Called postfire()
Called prefire()
Called fire()
Checking for deadlock:
There are 2 Blocked actors, 0 Stopped actors, and 4 active threads.
Waiting for actors to stop.
Called postfire()
Called prefire()
Called fire()
Checking for deadlock:
There are 3 Blocked actors, 0 Stopped actors, and 4 active threads.
Waiting for actors to stop.
Read input token from inputA with value 3.0
Checking for deadlock:
There are 2 Blocked actors, 0 Stopped actors, and 4 active threads.
Waiting for actors to stop.
-- Read input: 3.0, which is expected to match: 3.0
Called prefire()
Called fire()
Checking for deadlock:
There are 3 Blocked actors, 0 Stopped actors, and 4 active threads.
Waiting for actors to stop.
Sent output token with value 3.0
Next port to read input from is inputB
Called postfire()
Called prefire()
Called fire()
Checking for deadlock:
There are 2 Blocked actors, 0 Stopped actors, and 4 active threads.
Waiting for actors to stop.
Read input token from inputB with value 4.5
-- Read input: 3.0, which is expected to match: 3.0
Checking for deadlock:
There are 1 Blocked actors, 0 Stopped actors, and 4 active threads.
Waiting for actors to stop.
Called prefire()
Called fire()
Called postfire()
Called prefire()
Called fire()
Sent output token with value 3.0
Checking for deadlock:
There are 3 Blocked actors, 0 Stopped actors, and 4 active threads.
Waiting for actors to stop.
Next port to read input from is inputA
Called postfire()
Called prefire()
Called fire()
Checking for deadlock:
There are 2 Blocked actors, 0 Stopped actors, and 4 active threads.
Waiting for actors to stop.
Read input token from inputA with value 4.0
Sent output token with value 4.0
Next port to read input from is inputA
Called postfire()
Called prefire()
Called fire()
Checking for deadlock:
There are 2 Blocked actors, 0 Stopped actors, and 4 active threads.
Waiting for actors to stop.
-- Read input: 4.0, which is expected to match: 4.0
Called prefire()
Called fire()
Past the end of training data. Read and discard all inputs.
Checking for deadlock:
There are 3 Blocked actors, 0 Stopped actors, and 4 active threads.
Waiting for actors to stop.
Called postfire()
Called prefire()
Called fire()
Checking for deadlock:
There are 3 Blocked actors, 0 Stopped actors, and 4 active threads.
Waiting for actors to stop.
Read input token from inputA with value 5.0
Checking for deadlock:
There are 2 Blocked actors, 0 Stopped actors, and 4 active threads.
Waiting for actors to stop.
Called postfire()
Called prefire()
Called fire()
Checking for deadlock:
There are 3 Blocked actors, 0 Stopped actors, and 4 active threads.
Waiting for actors to stop.
Called prefire()
Called fire()
Past the end of training data. Read and discard all inputs.
Checking for deadlock:
There are 3 Blocked actors, 0 Stopped actors, and 4 active threads.
Waiting for actors to stop.
Sent output token with value 4.5
Next port to read input from is inputB
Called postfire()
Called prefire()
Called fire()
Read input token from inputB with value 6.0
Sent output token with value 5.0
Next port to read input from is inputA
Called postfire()
Called prefire()
Called fire()
Read input token from inputA with value 6.0
Checking for deadlock:
There are 1 Blocked actors, 0 Stopped actors, and 4 active threads.
Waiting for actors to stop.
Called prefire()
Called fire()
Past the end of training data. Read and discard all inputs.
Called postfire()
Called prefire()
Called fire()
Checking for deadlock:
There are 2 Blocked actors, 0 Stopped actors, and 4 active threads.
Waiting for actors to stop.
Called postfire()
Called prefire()
Called fire()
Checking for deadlock:
There are 3 Blocked actors, 0 Stopped actors, and 4 active threads.
Waiting for actors to stop.
Called prefire()
Called fire()
Past the end of training data. Read and discard all inputs.
Checking for deadlock:
There are 3 Blocked actors, 0 Stopped actors, and 4 active threads.
Waiting for actors to stop.
Sent output token with value 6.0
Next port to read input from is inputB
Called postfire()
Called prefire()
Called fire()
Checking for deadlock:
There are 2 Blocked actors, 0 Stopped actors, and 4 active threads.
Waiting for actors to stop.
Called postfire()
Called prefire()
Called fire()
Checking for deadlock:
There are 3 Blocked actors, 0 Stopped actors, and 4 active threads.
Waiting for actors to stop.
Read input token from inputB with value 7.5
Checking for deadlock:
There are 2 Blocked actors, 0 Stopped actors, and 4 active threads.
Waiting for actors to stop.
Called prefire()
Called fire()
Past the end of training data. Read and discard all inputs.
Checking for deadlock:
There are 3 Blocked actors, 0 Stopped actors, and 4 active threads.
Waiting for actors to stop.
Sent output token with value 6.0
Next port to read input from is inputA
Called postfire()
Called prefire()
Called fire()
Checking for deadlock:
There are 2 Blocked actors, 0 Stopped actors, and 4 active threads.
Waiting for actors to stop.
Called postfire()
Called prefire()
Called fire()
Checking for deadlock:
There are 3 Blocked actors, 0 Stopped actors, and 4 active threads.
Waiting for actors to stop.
Read input token from inputA with value 7.0
Checking for deadlock:
There are 2 Blocked actors, 0 Stopped actors, and 4 active threads.
Waiting for actors to stop.
Called prefire()
Called fire()
Past the end of training data. Read and discard all inputs.
Checking for deadlock:
There are 3 Blocked actors, 0 Stopped actors, and 4 active threads.
Waiting for actors to stop.
Sent output token with value 7.0
Next port to read input from is inputA
Called postfire()
Called prefire()
Called fire()
Checking for deadlock:
There are 2 Blocked actors, 0 Stopped actors, and 4 active threads.
Waiting for actors to stop.
-- Thread wrapup() called.
Called wrapup()
Thread .top.Ramp is exiting.
Checking for deadlock:
There are 2 Blocked actors, 0 Stopped actors, and 3 active threads.
Waiting for actors to stop.
-- Thread stopped.
Read input token from inputA with value 8.0
Checking for deadlock:
There are 1 Blocked actors, 0 Stopped actors, and 3 active threads.
Waiting for actors to stop.
Called prefire()
Called fire()
Past the end of training data. Read and discard all inputs.
Checking for deadlock:
There are 2 Blocked actors, 0 Stopped actors, and 3 active threads.
Waiting for actors to stop.
Sent output token with value 7.5
Next port to read input from is inputB
Called postfire()
Called prefire()
Called fire()
Checking for deadlock:
There are 1 Blocked actors, 0 Stopped actors, and 3 active threads.
Waiting for actors to stop.
Called postfire()
Called prefire()
Called fire()
Checking for deadlock:
There are 2 Blocked actors, 0 Stopped actors, and 3 active threads.
Waiting for actors to stop.
Read input token from inputB with value 9.0
Checking for deadlock:
There are 1 Blocked actors, 0 Stopped actors, and 3 active threads.
Waiting for actors to stop.
Called prefire()
Called fire()
Past the end of training data. Read and discard all inputs.
Checking for deadlock:
There are 2 Blocked actors, 0 Stopped actors, and 3 active threads.
Waiting for actors to stop.
Sent output token with value 8.0
Next port to read input from is inputA
Called postfire()
Called prefire()
Called fire()
Read input token from inputA with value 9.0
Checking for deadlock:
There are 1 Blocked actors, 0 Stopped actors, and 3 active threads.
Waiting for actors to stop.
Called prefire()
Called fire()
Past the end of training data. Read and discard all inputs.
Checking for deadlock:
There are 2 Blocked actors, 0 Stopped actors, and 3 active threads.
Waiting for actors to stop.
Sent output token with value 9.0
Next port to read input from is inputB
Called postfire()
Called prefire()
Called fire()
Checking for deadlock:
There are 1 Blocked actors, 0 Stopped actors, and 3 active threads.
Waiting for actors to stop.
Called postfire()
Called prefire()
Called fire()
Checking for deadlock:
There are 2 Blocked actors, 0 Stopped actors, and 3 active threads.
Waiting for actors to stop.
Read input token from inputB with value 10.5
Checking for deadlock:
There are 1 Blocked actors, 0 Stopped actors, and 3 active threads.
Waiting for actors to stop.
Called prefire()
Called fire()
Past the end of training data. Read and discard all inputs.
Checking for deadlock:
There are 2 Blocked actors, 0 Stopped actors, and 3 active threads.
Waiting for actors to stop.
Sent output token with value 9.0
Next port to read input from is inputA
Called postfire()
Called prefire()
Called fire()
Checking for deadlock:
There are 3 Blocked actors, 0 Stopped actors, and 3 active threads.
Actors have stopped.
Checking for deadlock:
There are 3 Blocked actors, 0 Stopped actors, and 3 active threads.
Deadlock detected.
Resolving Deadlock
Checking for deadlock:
There are 3 Blocked actors, 0 Stopped actors, and 3 active threads.
Artificial Deadlock - increasing queue capacity.
increasing the capacity of receiver ptolemy.actor.TypedIOPort {.top.OrderedMerge.inputB} to 2
Director: Called postfire().
Called postfire().
_stopRequested = false
_stopFireRequested = false
Returning from postfire(): true
Called fire().
Checking for deadlock:
There are 2 Blocked actors, 0 Stopped actors, and 3 active threads.
Waiting for actors to stop.
-- Thread wrapup() called.
Called wrapup()
Thread .top.Ramp2 is exiting.
-- Thread stopped.
Checking for deadlock:
There are 2 Blocked actors, 0 Stopped actors, and 2 active threads.
Actors have stopped.
Checking for deadlock:
There are 2 Blocked actors, 0 Stopped actors, and 2 active threads.
Deadlock detected.
Resolving Deadlock
Checking for deadlock:
There are 2 Blocked actors, 0 Stopped actors, and 2 active threads.
Deadlock detected: no processes blocked on write, but some are blocked on read.
Called postfire().
_stopRequested = false
_stopFireRequested = false
Returning from postfire(): false
Finished deactivating branches.
Called wrapup().
-- Thread wrapup() called.
Called wrapup()
Thread .top.OrderedMerge is exiting.
-- Thread stopped.
-- Blocked Receiver call threw TerminateProcessException.
-- Thread wrapup() called.
Called wrapup()
Thread .top.Test is exiting.
-- Thread stopped.
-- Blocked Receiver call threw TerminateProcessException.
28 ms. Memory: 146944K Free: 119066K (81%)
/home/travis/build/icyphy/ptII/ptolemy/actor/lib/test/Publisher.tcl
11 ms. Memory: 146944K Free: 111932K (76%)
4 ms. Memory: 146944K Free: 107146K (73%)
7 ms. Memory: 146944K Free: 102384K (70%)
5 ms. Memory: 146944K Free: 102384K (70%)
6 ms. Memory: 146944K Free: 101197K (69%)
9 ms. Memory: 146944K Free: 100011K (68%)
2 ms. Memory: 146944K Free: 100011K (68%)
3 ms. Memory: 146944K Free: 98825K (67%)
1 ms. Memory: 146944K Free: 90464K (62%)
3 ms. Memory: 146944K Free: 85671K (58%)
2 ms. Memory: 146944K Free: 84485K (57%)
1 ms. Memory: 146944K Free: 83283K (57%)
9 ms. Memory: 208384K Free: 196732K (94%)
5 ms. Memory: 208384K Free: 184949K (89%)
5 ms. Memory: 208384K Free: 173158K (83%)
/home/travis/build/icyphy/ptII/ptolemy/actor/lib/test/Pulse.tcl
3 ms. Memory: 208384K Free: 133038K (64%)
1 ms. Memory: 208384K Free: 133038K (64%)
1 ms. Memory: 208384K Free: 133038K (64%)
1 ms. Memory: 208384K Free: 130672K (63%)
5 ms. Memory: 208384K Free: 130672K (63%)
3 ms. Memory: 208384K Free: 130672K (63%)
6 ms. Memory: 208384K Free: 128322K (62%)
4 ms. Memory: 208384K Free: 128322K (62%)
1 ms. Memory: 208384K Free: 128322K (62%)
/home/travis/build/icyphy/ptII/ptolemy/actor/lib/test/Ramp.tcl
6 ms. Memory: 208384K Free: 125956K (60%)
4 ms. Memory: 208384K Free: 125956K (60%)
2 ms. Memory: 208384K Free: 123590K (59%)
2 ms. Memory: 208384K Free: 123590K (59%)
5 ms. Memory: 208384K Free: 123590K (59%)
9 ms. Memory: 208384K Free: 121240K (58%)
5 ms. Memory: 208384K Free: 121240K (58%)
5 actors
12000 microseconds per iteration to create
11 ms. Memory: 208384K Free: 118874K (57%)
2 ms. Memory: 208384K Free: 118874K (57%)
3 ms. Memory: 208384K Free: 116508K (56%)
2 ms. Memory: 208384K Free: 116508K (56%)
50 actors
49000 microseconds per iteration to create
46 ms. Memory: 208384K Free: 99993K (48%)
14 ms. Memory: 208384K Free: 99993K (48%)
14 ms. Memory: 208384K Free: 99993K (48%)
14 ms. Memory: 208384K Free: 97642K (47%)
500 actors
1328000 microseconds per iteration to create
257 ms. Memory: 334336K Free: 288119K (86%)
52 ms. Memory: 334336K Free: 283311K (85%)
43 ms. Memory: 334336K Free: 278504K (83%)
39 ms. Memory: 334336K Free: 273697K (82%)
/home/travis/build/icyphy/ptII/ptolemy/actor/lib/test/RampContinuous.tcl
7 ms. Memory: 334336K Free: 273697K (82%)
/home/travis/build/icyphy/ptII/ptolemy/actor/lib/test/RecordAssembler.tcl
5 ms. Memory: 334336K Free: 268874K (80%)
5 ms. Memory: 334336K Free: 268874K (80%)
/home/travis/build/icyphy/ptII/ptolemy/actor/lib/test/RecordDisassembler.tcl
7 ms. Memory: 334336K Free: 268874K (80%)
5 ms. Memory: 334336K Free: 268874K (80%)
4 ms. Memory: 334336K Free: 264067K (79%)
/home/travis/build/icyphy/ptII/ptolemy/actor/lib/test/Scale.tcl
3 ms. Memory: 334336K Free: 264067K (79%)
2 ms. Memory: 334336K Free: 264067K (79%)
1 ms. Memory: 334336K Free: 264067K (79%)
2 ms. Memory: 334336K Free: 264067K (79%)
3 ms. Memory: 334336K Free: 259259K (78%)
/home/travis/build/icyphy/ptII/ptolemy/actor/lib/test/SequentialClock.tcl
preinitializing
resolving types
initializing
executing number 1
wrapping up
idle
4 ms. Memory: 334336K Free: 259259K (78%)
Completed execution with 5 iterations
preinitializing
resolving types
initializing
executing number 1
wrapping up
idle
2 ms. Memory: 334336K Free: 259259K (78%)
Completed execution with 5 iterations
preinitializing
resolving types
initializing
executing number 1
wrapping up
idle
2 ms. Memory: 334336K Free: 259259K (78%)
Completed execution with 5 iterations
/home/travis/build/icyphy/ptII/ptolemy/actor/lib/test/SetVariable.tcl
3 ms. Memory: 334336K Free: 254436K (76%)
/home/travis/build/icyphy/ptII/ptolemy/actor/lib/test/Sinewave.tcl
/home/travis/build/icyphy/ptII/ptolemy/actor/lib/test/SubscriptionAggregator.tcl
5 ms. Memory: 334336K Free: 244790K (73%)
4 ms. Memory: 334336K Free: 244790K (73%)
1 ms. Memory: 334336K Free: 244790K (73%)
1 ms. Memory: 334336K Free: 239966K (72%)
1 ms. Memory: 334336K Free: 239966K (72%)
3 ms. Memory: 334336K Free: 235143K (70%)
...............................................................835 ms. Memory: 584192K Free: 444073K (76%)
/home/travis/build/icyphy/ptII/ptolemy/actor/lib/test/Test.tcl
 The next command will produce a warning about training mode,
   which may be ignored.
4 ms. Memory: 584192K Free: 444073K (76%)
2 ms. Memory: 584192K Free: 444073K (76%)
1 ms. Memory: 584192K Free: 444073K (76%)
1 ms. Memory: 584192K Free: 434389K (74%)
2 ms. Memory: 584192K Free: 434389K (74%)
2 ms. Memory: 584192K Free: 434389K (74%)
3 ms. Memory: 584192K Free: 434389K (74%)
 The next command will produce a warning about training mode,
   which may be ignored.
4 ms. Memory: 584192K Free: 434389K (74%)
 The next command will produce a warning about training mode,
   which may be ignored.
2 ms. Memory: 584192K Free: 434389K (74%)
0 ms. Memory: 584192K Free: 434389K (74%)
1 ms. Memory: 584192K Free: 434389K (74%)
2 ms. Memory: 584192K Free: 434389K (74%)
3 ms. Memory: 584192K Free: 434389K (74%)
5 ms. Memory: 584192K Free: 424721K (73%)
/home/travis/build/icyphy/ptII/ptolemy/actor/lib/test/TestExceptionHandler.tcl
 The next command will produce a warning about training mode,
   which may be ignored.
2 ms. Memory: 584192K Free: 424721K (73%)
1 ms. Memory: 584192K Free: 424721K (73%)
0 ms. Memory: 584192K Free: 424721K (73%)
/home/travis/build/icyphy/ptII/ptolemy/actor/lib/test/UnionDisassembler.tcl
20 ms. Memory: 584192K Free: 415036K (71%)
/home/travis/build/icyphy/ptII/ptolemy/actor/lib/test/VariableClock.tcl
preinitializing
resolving types
initializing
executing number 1
wrapping up
idle
9 ms. Memory: 584192K Free: 415036K (71%)
Completed execution with 11 iterations
preinitializing
resolving types
initializing
executing number 1
wrapping up
idle
3 ms. Memory: 584192K Free: 415036K (71%)
Completed execution with 10 iterations
04/28/19 12:19:32
Failed: 0  Total Tests: 234  ((Passed: 234, Newly Passed: 0)  Known Failed: 0) /home/travis/build/icyphy/ptII/ptolemy/actor/lib/test
----------------- testing (KnownFailure) /home/travis/build/icyphy/ptII/ptolemy/actor/lib/test/auto/knownFailedTests/PublisherPortToplevelSubscriber.xml
0 ms. Memory: 584192K Free: 405237K (69%)
Known Failure: java.lang.reflect.InvocationTargetException
----------------- testing (KnownFailure) /home/travis/build/icyphy/ptII/ptolemy/actor/lib/test/auto/knownFailedTests/PublisherSubscriberPortToplevel.xml
0 ms. Memory: 584192K Free: 385637K (66%)
Known Failure: java.lang.reflect.InvocationTargetException
----------------- testing (KnownFailure) /home/travis/build/icyphy/ptII/ptolemy/actor/lib/test/auto/knownFailedTests/PublisherSubscriptionAggregatorPort.xml
2 ms. Memory: 584192K Free: 366037K (63%)
Known Failure: java.lang.reflect.InvocationTargetException
----------------- testing (KnownFailure) /home/travis/build/icyphy/ptII/ptolemy/actor/lib/test/auto/knownFailedTests/sizedarray3.xml
4 ms. Memory: 584192K Free: 346438K (59%)
Known Failure: java.lang.reflect.InvocationTargetException
No auto/linux-amd64/*.xml tests in /home/travis/build/icyphy/ptII/ptolemy/actor/lib/test
AutoTests.java: About to close Vertx.
AutoTests.java: Vertx closed.

===========================================================================================
----------------- testing Sun Apr 28 00:19:32 UTC 2019 /home/travis/build/icyphy/ptII/ptolemy/actor/lib/test/auto/AbsoluteValue.xml
----------------- Instantiating /home/travis/build/icyphy/ptII/ptolemy/actor/lib/test/auto/AbsoluteValue.xml
26 ms. Memory: 584192K Free: 258634K (44%)
----------------- Invoking toplevel() on ptolemy.moml.MoMLSimpleApplication@1476152a
----------------- Done invoking toplevel() on ptolemy.moml.MoMLSimpleApplication@1476152a
reloadAllAccessors: .AbsoluteValue

===========================================================================================
----------------- testing Sun Apr 28 00:19:32 UTC 2019 /home/travis/build/icyphy/ptII/ptolemy/actor/lib/test/auto/AbsoluteValue2.xml
----------------- Instantiating /home/travis/build/icyphy/ptII/ptolemy/actor/lib/test/auto/AbsoluteValue2.xml
4 ms. Memory: 584192K Free: 248835K (43%)
----------------- Invoking toplevel() on ptolemy.moml.MoMLSimpleApplication@7fcaf989
----------------- Done invoking toplevel() on ptolemy.moml.MoMLSimpleApplication@7fcaf989
reloadAllAccessors: .AbsoluteValue2

===========================================================================================
----------------- testing Sun Apr 28 00:19:33 UTC 2019 /home/travis/build/icyphy/ptII/ptolemy/actor/lib/test/auto/Accumulator.xml
----------------- Instantiating /home/travis/build/icyphy/ptII/ptolemy/actor/lib/test/auto/Accumulator.xml
6 ms. Memory: 584192K Free: 239035K (41%)
----------------- Invoking toplevel() on ptolemy.moml.MoMLSimpleApplication@7be98799
----------------- Done invoking toplevel() on ptolemy.moml.MoMLSimpleApplication@7be98799
reloadAllAccessors: .Accumulator

===========================================================================================
----------------- testing Sun Apr 28 00:19:33 UTC 2019 /home/travis/build/icyphy/ptII/ptolemy/actor/lib/test/auto/Accumulator2.xml
----------------- Instantiating /home/travis/build/icyphy/ptII/ptolemy/actor/lib/test/auto/Accumulator2.xml
4 ms. Memory: 584192K Free: 229235K (39%)
----------------- Invoking toplevel() on ptolemy.moml.MoMLSimpleApplication@694c9102
----------------- Done invoking toplevel() on ptolemy.moml.MoMLSimpleApplication@694c9102
reloadAllAccessors: .Accumulator2

===========================================================================================
----------------- testing Sun Apr 28 00:19:33 UTC 2019 /home/travis/build/icyphy/ptII/ptolemy/actor/lib/test/auto/Accumulator3.xml
----------------- Instantiating /home/travis/build/icyphy/ptII/ptolemy/actor/lib/test/auto/Accumulator3.xml
3 ms. Memory: 584192K Free: 209767K (36%)
----------------- Invoking toplevel() on ptolemy.moml.MoMLSimpleApplication@23c34dac
----------------- Done invoking toplevel() on ptolemy.moml.MoMLSimpleApplication@23c34dac
reloadAllAccessors: .Accumulator3

===========================================================================================
----------------- testing Sun Apr 28 00:19:33 UTC 2019 /home/travis/build/icyphy/ptII/ptolemy/actor/lib/test/auto/ArrayAppend.xml
----------------- Instantiating /home/travis/build/icyphy/ptII/ptolemy/actor/lib/test/auto/ArrayAppend.xml
7 ms. Memory: 584192K Free: 199968K (34%)
----------------- Invoking toplevel() on ptolemy.moml.MoMLSimpleApplication@7c8b6d2c
----------------- Done invoking toplevel() on ptolemy.moml.MoMLSimpleApplication@7c8b6d2c
reloadAllAccessors: .ArrayAppend

===========================================================================================
----------------- testing Sun Apr 28 00:19:33 UTC 2019 /home/travis/build/icyphy/ptII/ptolemy/actor/lib/test/auto/ArrayAppend2.xml
----------------- Instantiating /home/travis/build/icyphy/ptII/ptolemy/actor/lib/test/auto/ArrayAppend2.xml
467 ms. Memory: 584192K Free: 116670K (20%)
----------------- Invoking toplevel() on ptolemy.moml.MoMLSimpleApplication@25a524d1
----------------- Done invoking toplevel() on ptolemy.moml.MoMLSimpleApplication@25a524d1
reloadAllAccessors: .ArrayAppend2

===========================================================================================
----------------- testing Sun Apr 28 00:19:33 UTC 2019 /home/travis/build/icyphy/ptII/ptolemy/actor/lib/test/auto/ArrayAppend3.xml
----------------- Instantiating /home/travis/build/icyphy/ptII/ptolemy/actor/lib/test/auto/ArrayAppend3.xml
9 ms. Memory: 584192K Free: 106870K (18%)
----------------- Invoking toplevel() on ptolemy.moml.MoMLSimpleApplication@75abe6b6
----------------- Done invoking toplevel() on ptolemy.moml.MoMLSimpleApplication@75abe6b6
reloadAllAccessors: .ArrayAppend3

===========================================================================================
----------------- testing Sun Apr 28 00:19:33 UTC 2019 /home/travis/build/icyphy/ptII/ptolemy/actor/lib/test/auto/ArrayAppend4.xml
----------------- Instantiating /home/travis/build/icyphy/ptII/ptolemy/actor/lib/test/auto/ArrayAppend4.xml
3 ms. Memory: 584192K Free: 97071K (17%)
----------------- Invoking toplevel() on ptolemy.moml.MoMLSimpleApplication@79281ee5
----------------- Done invoking toplevel() on ptolemy.moml.MoMLSimpleApplication@79281ee5
reloadAllAccessors: .ArrayAppend4

===========================================================================================
----------------- testing Sun Apr 28 00:19:33 UTC 2019 /home/travis/build/icyphy/ptII/ptolemy/actor/lib/test/auto/ArrayAppend5.xml
----------------- Instantiating /home/travis/build/icyphy/ptII/ptolemy/actor/lib/test/auto/ArrayAppend5.xml
3 ms. Memory: 584192K Free: 77603K (13%)
----------------- Invoking toplevel() on ptolemy.moml.MoMLSimpleApplication@34bbdeb0
----------------- Done invoking toplevel() on ptolemy.moml.MoMLSimpleApplication@34bbdeb0
reloadAllAccessors: .ArrayAppend5

===========================================================================================
----------------- testing Sun Apr 28 00:19:33 UTC 2019 /home/travis/build/icyphy/ptII/ptolemy/actor/lib/test/auto/ArrayAppend6.xml
----------------- Instantiating /home/travis/build/icyphy/ptII/ptolemy/actor/lib/test/auto/ArrayAppend6.xml
4 ms. Memory: 584192K Free: 70677K (12%)
----------------- Invoking toplevel() on ptolemy.moml.MoMLSimpleApplication@6e643952
----------------- Done invoking toplevel() on ptolemy.moml.MoMLSimpleApplication@6e643952
reloadAllAccessors: .ArrayAppend6

===========================================================================================
----------------- testing Sun Apr 28 00:19:33 UTC 2019 /home/travis/build/icyphy/ptII/ptolemy/actor/lib/test/auto/ArrayAppendPerformanceTest.xml
----------------- Instantiating /home/travis/build/icyphy/ptII/ptolemy/actor/lib/test/auto/ArrayAppendPerformanceTest.xml
15 ms. Memory: 584704K Free: 524770K (90%)
----------------- Invoking toplevel() on ptolemy.moml.MoMLSimpleApplication@4c1fb5e9
----------------- Done invoking toplevel() on ptolemy.moml.MoMLSimpleApplication@4c1fb5e9
reloadAllAccessors: .ArrayAppendPerformanceTest

===========================================================================================
----------------- testing Sun Apr 28 00:19:33 UTC 2019 /home/travis/build/icyphy/ptII/ptolemy/actor/lib/test/auto/ArrayAppendWithEmptyInput.xml
----------------- Instantiating /home/travis/build/icyphy/ptII/ptolemy/actor/lib/test/auto/ArrayAppendWithEmptyInput.xml
9 ms. Memory: 584704K Free: 502108K (86%)
----------------- Invoking toplevel() on ptolemy.moml.MoMLSimpleApplication@45692922
----------------- Done invoking toplevel() on ptolemy.moml.MoMLSimpleApplication@45692922
reloadAllAccessors: .ArrayAppendWithEmptyInput

===========================================================================================
----------------- testing Sun Apr 28 00:19:34 UTC 2019 /home/travis/build/icyphy/ptII/ptolemy/actor/lib/test/auto/ArrayAverage.xml
----------------- Instantiating /home/travis/build/icyphy/ptII/ptolemy/actor/lib/test/auto/ArrayAverage.xml
4 ms. Memory: 584704K Free: 487393K (83%)
----------------- Invoking toplevel() on ptolemy.moml.MoMLSimpleApplication@1d79f4ef
----------------- Done invoking toplevel() on ptolemy.moml.MoMLSimpleApplication@1d79f4ef
reloadAllAccessors: .ArrayAverage

===========================================================================================
----------------- testing Sun Apr 28 00:19:34 UTC 2019 /home/travis/build/icyphy/ptII/ptolemy/actor/lib/test/auto/ArrayContains.xml
----------------- Instantiating /home/travis/build/icyphy/ptII/ptolemy/actor/lib/test/auto/ArrayContains.xml
7 ms. Memory: 584704K Free: 477593K (82%)
----------------- Invoking toplevel() on ptolemy.moml.MoMLSimpleApplication@2c4ea8cb
----------------- Done invoking toplevel() on ptolemy.moml.MoMLSimpleApplication@2c4ea8cb
reloadAllAccessors: .ArrayContains

===========================================================================================
----------------- testing Sun Apr 28 00:19:34 UTC 2019 /home/travis/build/icyphy/ptII/ptolemy/actor/lib/test/auto/ArrayElement.xml
----------------- Instantiating /home/travis/build/icyphy/ptII/ptolemy/actor/lib/test/auto/ArrayElement.xml
17 ms. Memory: 584704K Free: 460209K (79%)
----------------- Invoking toplevel() on ptolemy.moml.MoMLSimpleApplication@1938a1e
----------------- Done invoking toplevel() on ptolemy.moml.MoMLSimpleApplication@1938a1e
reloadAllAccessors: .ArrayElement

===========================================================================================
----------------- testing Sun Apr 28 00:19:34 UTC 2019 /home/travis/build/icyphy/ptII/ptolemy/actor/lib/test/auto/ArrayElementAsMatrix.xml
----------------- Instantiating /home/travis/build/icyphy/ptII/ptolemy/actor/lib/test/auto/ArrayElementAsMatrix.xml
18 ms. Memory: 584704K Free: 445493K (76%)
----------------- Invoking toplevel() on ptolemy.moml.MoMLSimpleApplication@68797ad7
----------------- Done invoking toplevel() on ptolemy.moml.MoMLSimpleApplication@68797ad7
reloadAllAccessors: .ArrayElementAsMatrix

===========================================================================================
----------------- testing Sun Apr 28 00:19:34 UTC 2019 /home/travis/build/icyphy/ptII/ptolemy/actor/lib/test/auto/ArrayElementI.xml
----------------- Instantiating /home/travis/build/icyphy/ptII/ptolemy/actor/lib/test/auto/ArrayElementI.xml
4 ms. Memory: 584704K Free: 435693K (75%)
----------------- Invoking toplevel() on ptolemy.moml.MoMLSimpleApplication@458af258
----------------- Done invoking toplevel() on ptolemy.moml.MoMLSimpleApplication@458af258
reloadAllAccessors: .ArrayElementI

===========================================================================================
----------------- testing Sun Apr 28 00:19:34 UTC 2019 /home/travis/build/icyphy/ptII/ptolemy/actor/lib/test/auto/ArrayExtract.xml
----------------- Instantiating /home/travis/build/icyphy/ptII/ptolemy/actor/lib/test/auto/ArrayExtract.xml
5 ms. Memory: 584704K Free: 418309K (72%)
----------------- Invoking toplevel() on ptolemy.moml.MoMLSimpleApplication@234a1e46
----------------- Done invoking toplevel() on ptolemy.moml.MoMLSimpleApplication@234a1e46
reloadAllAccessors: .ArrayExtract

===========================================================================================
----------------- testing Sun Apr 28 00:19:34 UTC 2019 /home/travis/build/icyphy/ptII/ptolemy/actor/lib/test/auto/ArrayExtract2.xml
----------------- Instantiating /home/travis/build/icyphy/ptII/ptolemy/actor/lib/test/auto/ArrayExtract2.xml
2 ms. Memory: 584704K Free: 408509K (70%)
----------------- Invoking toplevel() on ptolemy.moml.MoMLSimpleApplication@695bbc22
----------------- Done invoking toplevel() on ptolemy.moml.MoMLSimpleApplication@695bbc22
reloadAllAccessors: .ArrayExtract2

===========================================================================================
----------------- testing Sun Apr 28 00:19:34 UTC 2019 /home/travis/build/icyphy/ptII/ptolemy/actor/lib/test/auto/ArrayLength.xml
----------------- Instantiating /home/travis/build/icyphy/ptII/ptolemy/actor/lib/test/auto/ArrayLength.xml
2 ms. Memory: 584704K Free: 398710K (68%)
----------------- Invoking toplevel() on ptolemy.moml.MoMLSimpleApplication@601c2564
----------------- Done invoking toplevel() on ptolemy.moml.MoMLSimpleApplication@601c2564
reloadAllAccessors: .ArrayLength

===========================================================================================
----------------- testing Sun Apr 28 00:19:34 UTC 2019 /home/travis/build/icyphy/ptII/ptolemy/actor/lib/test/auto/ArrayLevelCrossing.xml
----------------- Instantiating /home/travis/build/icyphy/ptII/ptolemy/actor/lib/test/auto/ArrayLevelCrossing.xml
5 ms. Memory: 584704K Free: 383994K (66%)
----------------- Invoking toplevel() on ptolemy.moml.MoMLSimpleApplication@63a5a68e
----------------- Done invoking toplevel() on ptolemy.moml.MoMLSimpleApplication@63a5a68e
reloadAllAccessors: .ArrayLevelCrossing

===========================================================================================
----------------- testing Sun Apr 28 00:19:34 UTC 2019 /home/travis/build/icyphy/ptII/ptolemy/actor/lib/test/auto/ArrayLevelCrossing2.xml
----------------- Instantiating /home/travis/build/icyphy/ptII/ptolemy/actor/lib/test/auto/ArrayLevelCrossing2.xml
3 ms. Memory: 584704K Free: 366610K (63%)
----------------- Invoking toplevel() on ptolemy.moml.MoMLSimpleApplication@24170fc
----------------- Done invoking toplevel() on ptolemy.moml.MoMLSimpleApplication@24170fc
reloadAllAccessors: .ArrayLevelCrossing2

===========================================================================================
----------------- testing Sun Apr 28 00:19:34 UTC 2019 /home/travis/build/icyphy/ptII/ptolemy/actor/lib/test/auto/ArrayPeakSearch.xml
----------------- Instantiating /home/travis/build/icyphy/ptII/ptolemy/actor/lib/test/auto/ArrayPeakSearch.xml
4 ms. Memory: 584704K Free: 351910K (60%)
----------------- Invoking toplevel() on ptolemy.moml.MoMLSimpleApplication@52240cf7
----------------- Done invoking toplevel() on ptolemy.moml.MoMLSimpleApplication@52240cf7
reloadAllAccessors: .ArrayPeakSearch

===========================================================================================
----------------- testing Sun Apr 28 00:19:34 UTC 2019 /home/travis/build/icyphy/ptII/ptolemy/actor/lib/test/auto/ArrayPeakSearch2.xml
----------------- Instantiating /home/travis/build/icyphy/ptII/ptolemy/actor/lib/test/auto/ArrayPeakSearch2.xml
7 ms. Memory: 584704K Free: 337194K (58%)
----------------- Invoking toplevel() on ptolemy.moml.MoMLSimpleApplication@6cfad1b2
----------------- Done invoking toplevel() on ptolemy.moml.MoMLSimpleApplication@6cfad1b2
reloadAllAccessors: .ArrayPeakSearch2

===========================================================================================
----------------- testing Sun Apr 28 00:19:34 UTC 2019 /home/travis/build/icyphy/ptII/ptolemy/actor/lib/test/auto/ArrayPeakSearch3.xml
----------------- Instantiating /home/travis/build/icyphy/ptII/ptolemy/actor/lib/test/auto/ArrayPeakSearch3.xml
6 ms. Memory: 584704K Free: 314894K (54%)
----------------- Invoking toplevel() on ptolemy.moml.MoMLSimpleApplication@717c01a7
----------------- Done invoking toplevel() on ptolemy.moml.MoMLSimpleApplication@717c01a7
reloadAllAccessors: .ArrayPeakSearch3

===========================================================================================
----------------- testing Sun Apr 28 00:19:34 UTC 2019 /home/travis/build/icyphy/ptII/ptolemy/actor/lib/test/auto/ArrayRemoveElement.xml
----------------- Instantiating /home/travis/build/icyphy/ptII/ptolemy/actor/lib/test/auto/ArrayRemoveElement.xml
3 ms. Memory: 584704K Free: 300178K (51%)
----------------- Invoking toplevel() on ptolemy.moml.MoMLSimpleApplication@25561f15
----------------- Done invoking toplevel() on ptolemy.moml.MoMLSimpleApplication@25561f15
reloadAllAccessors: .ArrayRemoveElement

===========================================================================================
----------------- testing Sun Apr 28 00:19:34 UTC 2019 /home/travis/build/icyphy/ptII/ptolemy/actor/lib/test/auto/ArraySort.xml
----------------- Instantiating /home/travis/build/icyphy/ptII/ptolemy/actor/lib/test/auto/ArraySort.xml
3 ms. Memory: 584704K Free: 285479K (49%)
----------------- Invoking toplevel() on ptolemy.moml.MoMLSimpleApplication@23183a7b
----------------- Done invoking toplevel() on ptolemy.moml.MoMLSimpleApplication@23183a7b
reloadAllAccessors: .ArraySort

===========================================================================================
----------------- testing Sun Apr 28 00:19:34 UTC 2019 /home/travis/build/icyphy/ptII/ptolemy/actor/lib/test/auto/ArraySum.xml
----------------- Instantiating /home/travis/build/icyphy/ptII/ptolemy/actor/lib/test/auto/ArraySum.xml
4 ms. Memory: 584704K Free: 275679K (47%)
----------------- Invoking toplevel() on ptolemy.moml.MoMLSimpleApplication@482d960
----------------- Done invoking toplevel() on ptolemy.moml.MoMLSimpleApplication@482d960
reloadAllAccessors: .ArraySum

===========================================================================================
----------------- testing Sun Apr 28 00:19:34 UTC 2019 /home/travis/build/icyphy/ptII/ptolemy/actor/lib/test/auto/ArrayToElements.xml
----------------- Instantiating /home/travis/build/icyphy/ptII/ptolemy/actor/lib/test/auto/ArrayToElements.xml
6 ms. Memory: 584704K Free: 258295K (44%)
----------------- Invoking toplevel() on ptolemy.moml.MoMLSimpleApplication@5579bdc4
----------------- Done invoking toplevel() on ptolemy.moml.MoMLSimpleApplication@5579bdc4
reloadAllAccessors: .ArrayToElements

===========================================================================================
----------------- testing Sun Apr 28 00:19:34 UTC 2019 /home/travis/build/icyphy/ptII/ptolemy/actor/lib/test/auto/ArrayToMatrix.xml
----------------- Instantiating /home/travis/build/icyphy/ptII/ptolemy/actor/lib/test/auto/ArrayToMatrix.xml
8 ms. Memory: 584704K Free: 238663K (41%)
----------------- Invoking toplevel() on ptolemy.moml.MoMLSimpleApplication@667ed216
----------------- Done invoking toplevel() on ptolemy.moml.MoMLSimpleApplication@667ed216
reloadAllAccessors: .ArrayToMatrix

===========================================================================================
----------------- testing Sun Apr 28 00:19:34 UTC 2019 /home/travis/build/icyphy/ptII/ptolemy/actor/lib/test/auto/ArrayUpdate1.xml
----------------- Instantiating /home/travis/build/icyphy/ptII/ptolemy/actor/lib/test/auto/ArrayUpdate1.xml
2 ms. Memory: 584704K Free: 228864K (39%)
----------------- Invoking toplevel() on ptolemy.moml.MoMLSimpleApplication@3bdfd9ea
----------------- Done invoking toplevel() on ptolemy.moml.MoMLSimpleApplication@3bdfd9ea
reloadAllAccessors: .ArrayUpdate1

===========================================================================================
----------------- testing Sun Apr 28 00:19:34 UTC 2019 /home/travis/build/icyphy/ptII/ptolemy/actor/lib/test/auto/ArrayUpdate2.xml
----------------- Instantiating /home/travis/build/icyphy/ptII/ptolemy/actor/lib/test/auto/ArrayUpdate2.xml
3 ms. Memory: 584704K Free: 211479K (36%)
----------------- Invoking toplevel() on ptolemy.moml.MoMLSimpleApplication@23c63ff3
----------------- Done invoking toplevel() on ptolemy.moml.MoMLSimpleApplication@23c63ff3
reloadAllAccessors: .ArrayUpdate2

===========================================================================================
----------------- testing Sun Apr 28 00:19:34 UTC 2019 /home/travis/build/icyphy/ptII/ptolemy/actor/lib/test/auto/ArrayUpdate3.xml
----------------- Instantiating /home/travis/build/icyphy/ptII/ptolemy/actor/lib/test/auto/ArrayUpdate3.xml
2 ms. Memory: 584704K Free: 201679K (34%)
----------------- Invoking toplevel() on ptolemy.moml.MoMLSimpleApplication@9b45bc3
----------------- Done invoking toplevel() on ptolemy.moml.MoMLSimpleApplication@9b45bc3
reloadAllAccessors: .ArrayUpdate3

===========================================================================================
----------------- testing Sun Apr 28 00:19:34 UTC 2019 /home/travis/build/icyphy/ptII/ptolemy/actor/lib/test/auto/Assert1.xml
----------------- Instantiating /home/travis/build/icyphy/ptII/ptolemy/actor/lib/test/auto/Assert1.xml
3 ms. Memory: 584704K Free: 191880K (33%)
----------------- Invoking toplevel() on ptolemy.moml.MoMLSimpleApplication@2e3bada6
----------------- Done invoking toplevel() on ptolemy.moml.MoMLSimpleApplication@2e3bada6
reloadAllAccessors: .Assert1

===========================================================================================
----------------- testing Sun Apr 28 00:19:34 UTC 2019 /home/travis/build/icyphy/ptII/ptolemy/actor/lib/test/auto/Assert2.xml
----------------- Instantiating /home/travis/build/icyphy/ptII/ptolemy/actor/lib/test/auto/Assert2.xml
7 ms. Memory: 584704K Free: 182080K (31%)
----------------- Invoking toplevel() on ptolemy.moml.MoMLSimpleApplication@c2ead71
----------------- Done invoking toplevel() on ptolemy.moml.MoMLSimpleApplication@c2ead71
reloadAllAccessors: .Assert2

===========================================================================================
----------------- testing Sun Apr 28 00:19:34 UTC 2019 /home/travis/build/icyphy/ptII/ptolemy/actor/lib/test/auto/BooleanMultiplexor.xml
----------------- Instantiating /home/travis/build/icyphy/ptII/ptolemy/actor/lib/test/auto/BooleanMultiplexor.xml
2 ms. Memory: 584704K Free: 164696K (28%)
----------------- Invoking toplevel() on ptolemy.moml.MoMLSimpleApplication@404719bf
----------------- Done invoking toplevel() on ptolemy.moml.MoMLSimpleApplication@404719bf
reloadAllAccessors: .BooleanMultiplexor

===========================================================================================
----------------- testing Sun Apr 28 00:19:34 UTC 2019 /home/travis/build/icyphy/ptII/ptolemy/actor/lib/test/auto/BooleanMultiplexor2.xml
----------------- Instantiating /home/travis/build/icyphy/ptII/ptolemy/actor/lib/test/auto/BooleanMultiplexor2.xml
3 ms. Memory: 584704K Free: 154896K (26%)
----------------- Invoking toplevel() on ptolemy.moml.MoMLSimpleApplication@1a9e4a07
----------------- Done invoking toplevel() on ptolemy.moml.MoMLSimpleApplication@1a9e4a07
reloadAllAccessors: .BooleanMultiplexor2

===========================================================================================
----------------- testing Sun Apr 28 00:19:34 UTC 2019 /home/travis/build/icyphy/ptII/ptolemy/actor/lib/test/auto/BooleanMultiplexor3.xml
----------------- Instantiating /home/travis/build/icyphy/ptII/ptolemy/actor/lib/test/auto/BooleanMultiplexor3.xml
2 ms. Memory: 584704K Free: 145096K (25%)
----------------- Invoking toplevel() on ptolemy.moml.MoMLSimpleApplication@5c340e1c
----------------- Done invoking toplevel() on ptolemy.moml.MoMLSimpleApplication@5c340e1c
reloadAllAccessors: .BooleanMultiplexor3

===========================================================================================
----------------- testing Sun Apr 28 00:19:34 UTC 2019 /home/travis/build/icyphy/ptII/ptolemy/actor/lib/test/auto/BooleanSelect.xml
----------------- Instantiating /home/travis/build/icyphy/ptII/ptolemy/actor/lib/test/auto/BooleanSelect.xml
7 ms. Memory: 584704K Free: 127712K (22%)
----------------- Invoking toplevel() on ptolemy.moml.MoMLSimpleApplication@61e70468
----------------- Done invoking toplevel() on ptolemy.moml.MoMLSimpleApplication@61e70468
reloadAllAccessors: .BooleanSelect

===========================================================================================
----------------- testing Sun Apr 28 00:19:35 UTC 2019 /home/travis/build/icyphy/ptII/ptolemy/actor/lib/test/auto/BooleanSelect2.xml
----------------- Instantiating /home/travis/build/icyphy/ptII/ptolemy/actor/lib/test/auto/BooleanSelect2.xml
1 ms. Memory: 584704K Free: 117912K (20%)
----------------- Invoking toplevel() on ptolemy.moml.MoMLSimpleApplication@6a4a9614
----------------- Done invoking toplevel() on ptolemy.moml.MoMLSimpleApplication@6a4a9614
reloadAllAccessors: .BooleanSelect2

===========================================================================================
----------------- testing Sun Apr 28 00:19:35 UTC 2019 /home/travis/build/icyphy/ptII/ptolemy/actor/lib/test/auto/BooleanSwitch.xml
----------------- Instantiating /home/travis/build/icyphy/ptII/ptolemy/actor/lib/test/auto/BooleanSwitch.xml
5 ms. Memory: 584704K Free: 108113K (18%)
----------------- Invoking toplevel() on ptolemy.moml.MoMLSimpleApplication@5ec5c032
----------------- Done invoking toplevel() on ptolemy.moml.MoMLSimpleApplication@5ec5c032
reloadAllAccessors: .BooleanSwitch

===========================================================================================
----------------- testing Sun Apr 28 00:19:35 UTC 2019 /home/travis/build/icyphy/ptII/ptolemy/actor/lib/test/auto/BooleanSwitch2.xml
----------------- Instantiating /home/travis/build/icyphy/ptII/ptolemy/actor/lib/test/auto/BooleanSwitch2.xml
2 ms. Memory: 584704K Free: 90729K (16%)
----------------- Invoking toplevel() on ptolemy.moml.MoMLSimpleApplication@3be2a9b9
----------------- Done invoking toplevel() on ptolemy.moml.MoMLSimpleApplication@3be2a9b9
reloadAllAccessors: .BooleanSwitch2

===========================================================================================
----------------- testing Sun Apr 28 00:19:35 UTC 2019 /home/travis/build/icyphy/ptII/ptolemy/actor/lib/test/auto/BooleanSwitchCloningBugWithClassRelationGroup.xml
----------------- Instantiating /home/travis/build/icyphy/ptII/ptolemy/actor/lib/test/auto/BooleanSwitchCloningBugWithClassRelationGroup.xml
3 ms. Memory: 584704K Free: 80929K (14%)
----------------- Invoking toplevel() on ptolemy.moml.MoMLSimpleApplication@409b3b41
----------------- Done invoking toplevel() on ptolemy.moml.MoMLSimpleApplication@409b3b41
reloadAllAccessors: .BooleanSwitchCloningBugWithClassRelationGroup

===========================================================================================
----------------- testing Sun Apr 28 00:19:35 UTC 2019 /home/travis/build/icyphy/ptII/ptolemy/actor/lib/test/auto/BusActors.xml
----------------- Instantiating /home/travis/build/icyphy/ptII/ptolemy/actor/lib/test/auto/BusActors.xml
3 ms. Memory: 584704K Free: 66221K (11%)
----------------- Invoking toplevel() on ptolemy.moml.MoMLSimpleApplication@3165554d
----------------- Done invoking toplevel() on ptolemy.moml.MoMLSimpleApplication@3165554d
reloadAllAccessors: .BusActors

===========================================================================================
----------------- testing Sun Apr 28 00:19:35 UTC 2019 /home/travis/build/icyphy/ptII/ptolemy/actor/lib/test/auto/ClassWrapper.xml
----------------- Instantiating /home/travis/build/icyphy/ptII/ptolemy/actor/lib/test/auto/ClassWrapper.xml
3 ms. Memory: 584704K Free: 56422K (10%)
----------------- Invoking toplevel() on ptolemy.moml.MoMLSimpleApplication@1c0b5856
----------------- Done invoking toplevel() on ptolemy.moml.MoMLSimpleApplication@1c0b5856
reloadAllAccessors: .ClassWrapper

===========================================================================================
----------------- testing Sun Apr 28 00:19:35 UTC 2019 /home/travis/build/icyphy/ptII/ptolemy/actor/lib/test/auto/Clock.xml
----------------- Instantiating /home/travis/build/icyphy/ptII/ptolemy/actor/lib/test/auto/Clock.xml
1 ms. Memory: 884736K Free: 828166K (94%)
----------------- Invoking toplevel() on ptolemy.moml.MoMLSimpleApplication@41dc0c66
----------------- Done invoking toplevel() on ptolemy.moml.MoMLSimpleApplication@41dc0c66
reloadAllAccessors: .Clock

===========================================================================================
----------------- testing Sun Apr 28 00:19:35 UTC 2019 /home/travis/build/icyphy/ptII/ptolemy/actor/lib/test/auto/Clock10.xml
----------------- Instantiating /home/travis/build/icyphy/ptII/ptolemy/actor/lib/test/auto/Clock10.xml
5 ms. Memory: 884736K Free: 803283K (91%)
----------------- Invoking toplevel() on ptolemy.moml.MoMLSimpleApplication@3bae59c6
----------------- Done invoking toplevel() on ptolemy.moml.MoMLSimpleApplication@3bae59c6
reloadAllAccessors: .Clock10

===========================================================================================
----------------- testing Sun Apr 28 00:19:35 UTC 2019 /home/travis/build/icyphy/ptII/ptolemy/actor/lib/test/auto/Clock11.xml
----------------- Instantiating /home/travis/build/icyphy/ptII/ptolemy/actor/lib/test/auto/Clock11.xml
2 ms. Memory: 884736K Free: 787595K (89%)
----------------- Invoking toplevel() on ptolemy.moml.MoMLSimpleApplication@4359bfb0
----------------- Done invoking toplevel() on ptolemy.moml.MoMLSimpleApplication@4359bfb0
reloadAllAccessors: .Clock11

===========================================================================================
----------------- testing Sun Apr 28 00:19:35 UTC 2019 /home/travis/build/icyphy/ptII/ptolemy/actor/lib/test/auto/Clock12.xml
----------------- Instantiating /home/travis/build/icyphy/ptII/ptolemy/actor/lib/test/auto/Clock12.xml
5 ms. Memory: 884736K Free: 771907K (87%)
----------------- Invoking toplevel() on ptolemy.moml.MoMLSimpleApplication@62022235
----------------- Done invoking toplevel() on ptolemy.moml.MoMLSimpleApplication@62022235
reloadAllAccessors: .Clock12

===========================================================================================
----------------- testing Sun Apr 28 00:19:35 UTC 2019 /home/travis/build/icyphy/ptII/ptolemy/actor/lib/test/auto/Clock13.xml
----------------- Instantiating /home/travis/build/icyphy/ptII/ptolemy/actor/lib/test/auto/Clock13.xml
2 ms. Memory: 884736K Free: 747409K (84%)
----------------- Invoking toplevel() on ptolemy.moml.MoMLSimpleApplication@557e1afb
----------------- Done invoking toplevel() on ptolemy.moml.MoMLSimpleApplication@557e1afb
reloadAllAccessors: .Clock13

===========================================================================================
----------------- testing Sun Apr 28 00:19:35 UTC 2019 /home/travis/build/icyphy/ptII/ptolemy/actor/lib/test/auto/Clock14.xml
----------------- Instantiating /home/travis/build/icyphy/ptII/ptolemy/actor/lib/test/auto/Clock14.xml
7 ms. Memory: 884736K Free: 731721K (83%)
----------------- Invoking toplevel() on ptolemy.moml.MoMLSimpleApplication@65929f2f
----------------- Done invoking toplevel() on ptolemy.moml.MoMLSimpleApplication@65929f2f
reloadAllAccessors: .Clock14

===========================================================================================
----------------- testing Sun Apr 28 00:19:35 UTC 2019 /home/travis/build/icyphy/ptII/ptolemy/actor/lib/test/auto/Clock15.xml
----------------- Instantiating /home/travis/build/icyphy/ptII/ptolemy/actor/lib/test/auto/Clock15.xml
6 ms. Memory: 884736K Free: 716033K (81%)
----------------- Invoking toplevel() on ptolemy.moml.MoMLSimpleApplication@272d068a
----------------- Done invoking toplevel() on ptolemy.moml.MoMLSimpleApplication@272d068a
reloadAllAccessors: .Clock15

===========================================================================================
----------------- testing Sun Apr 28 00:19:35 UTC 2019 /home/travis/build/icyphy/ptII/ptolemy/actor/lib/test/auto/Clock16.xml
----------------- Instantiating /home/travis/build/icyphy/ptII/ptolemy/actor/lib/test/auto/Clock16.xml
25 ms. Memory: 884736K Free: 692486K (78%)
----------------- Invoking toplevel() on ptolemy.moml.MoMLSimpleApplication@6ad7f2a5
----------------- Done invoking toplevel() on ptolemy.moml.MoMLSimpleApplication@6ad7f2a5
reloadAllAccessors: .Clock16

===========================================================================================
----------------- testing Sun Apr 28 00:19:35 UTC 2019 /home/travis/build/icyphy/ptII/ptolemy/actor/lib/test/auto/Clock17.xml
----------------- Instantiating /home/travis/build/icyphy/ptII/ptolemy/actor/lib/test/auto/Clock17.xml
26 ms. Memory: 884736K Free: 660144K (75%)
----------------- Invoking toplevel() on ptolemy.moml.MoMLSimpleApplication@6ecad497
----------------- Done invoking toplevel() on ptolemy.moml.MoMLSimpleApplication@6ecad497
reloadAllAccessors: .Clock17

===========================================================================================
----------------- testing Sun Apr 28 00:19:35 UTC 2019 /home/travis/build/icyphy/ptII/ptolemy/actor/lib/test/auto/Clock18.xml
----------------- Instantiating /home/travis/build/icyphy/ptII/ptolemy/actor/lib/test/auto/Clock18.xml
12 ms. Memory: 884736K Free: 636596K (72%)
----------------- Invoking toplevel() on ptolemy.moml.MoMLSimpleApplication@fc5004d
----------------- Done invoking toplevel() on ptolemy.moml.MoMLSimpleApplication@fc5004d
reloadAllAccessors: .Clock18

===========================================================================================
----------------- testing Sun Apr 28 00:19:35 UTC 2019 /home/travis/build/icyphy/ptII/ptolemy/actor/lib/test/auto/Clock19.xml
----------------- Instantiating /home/travis/build/icyphy/ptII/ptolemy/actor/lib/test/auto/Clock19.xml
15 ms. Memory: 884736K Free: 613049K (69%)
----------------- Invoking toplevel() on ptolemy.moml.MoMLSimpleApplication@7506d9cf
----------------- Done invoking toplevel() on ptolemy.moml.MoMLSimpleApplication@7506d9cf
reloadAllAccessors: .Clock19

===========================================================================================
----------------- testing Sun Apr 28 00:19:35 UTC 2019 /home/travis/build/icyphy/ptII/ptolemy/actor/lib/test/auto/Clock2.xml
----------------- Instantiating /home/travis/build/icyphy/ptII/ptolemy/actor/lib/test/auto/Clock2.xml
9 ms. Memory: 884736K Free: 597361K (68%)
----------------- Invoking toplevel() on ptolemy.moml.MoMLSimpleApplication@79725714
----------------- Done invoking toplevel() on ptolemy.moml.MoMLSimpleApplication@79725714
reloadAllAccessors: .Clock2

===========================================================================================
----------------- testing Sun Apr 28 00:19:35 UTC 2019 /home/travis/build/icyphy/ptII/ptolemy/actor/lib/test/auto/Clock20.xml
----------------- Instantiating /home/travis/build/icyphy/ptII/ptolemy/actor/lib/test/auto/Clock20.xml
11 ms. Memory: 884736K Free: 572862K (65%)
----------------- Invoking toplevel() on ptolemy.moml.MoMLSimpleApplication@4f667761
----------------- Done invoking toplevel() on ptolemy.moml.MoMLSimpleApplication@4f667761
reloadAllAccessors: .Clock20

===========================================================================================
----------------- testing Sun Apr 28 00:19:35 UTC 2019 /home/travis/build/icyphy/ptII/ptolemy/actor/lib/test/auto/Clock21.xml
----------------- Instantiating /home/travis/build/icyphy/ptII/ptolemy/actor/lib/test/auto/Clock21.xml
7 ms. Memory: 884736K Free: 557175K (63%)
----------------- Invoking toplevel() on ptolemy.moml.MoMLSimpleApplication@1bc164ad
----------------- Done invoking toplevel() on ptolemy.moml.MoMLSimpleApplication@1bc164ad
reloadAllAccessors: .Clock21

===========================================================================================
----------------- testing Sun Apr 28 00:19:35 UTC 2019 /home/travis/build/icyphy/ptII/ptolemy/actor/lib/test/auto/Clock22.xml
----------------- Instantiating /home/travis/build/icyphy/ptII/ptolemy/actor/lib/test/auto/Clock22.xml
6 ms. Memory: 884736K Free: 541487K (61%)
----------------- Invoking toplevel() on ptolemy.moml.MoMLSimpleApplication@3a344eb9
----------------- Done invoking toplevel() on ptolemy.moml.MoMLSimpleApplication@3a344eb9
reloadAllAccessors: .Clock22

===========================================================================================
----------------- testing Sun Apr 28 00:19:35 UTC 2019 /home/travis/build/icyphy/ptII/ptolemy/actor/lib/test/auto/Clock23.xml
----------------- Instantiating /home/travis/build/icyphy/ptII/ptolemy/actor/lib/test/auto/Clock23.xml
8 ms. Memory: 884736K Free: 525799K (59%)
----------------- Invoking toplevel() on ptolemy.moml.MoMLSimpleApplication@76109d19
----------------- Done invoking toplevel() on ptolemy.moml.MoMLSimpleApplication@76109d19
reloadAllAccessors: .Clock23

===========================================================================================
----------------- testing Sun Apr 28 00:19:35 UTC 2019 /home/travis/build/icyphy/ptII/ptolemy/actor/lib/test/auto/Clock24.xml
----------------- Instantiating /home/travis/build/icyphy/ptII/ptolemy/actor/lib/test/auto/Clock24.xml
5 ms. Memory: 884736K Free: 501301K (57%)
----------------- Invoking toplevel() on ptolemy.moml.MoMLSimpleApplication@7bd1e4b4
----------------- Done invoking toplevel() on ptolemy.moml.MoMLSimpleApplication@7bd1e4b4
reloadAllAccessors: .Clock24

===========================================================================================
----------------- testing Sun Apr 28 00:19:35 UTC 2019 /home/travis/build/icyphy/ptII/ptolemy/actor/lib/test/auto/Clock4.xml
----------------- Instantiating /home/travis/build/icyphy/ptII/ptolemy/actor/lib/test/auto/Clock4.xml
6 ms. Memory: 884736K Free: 485613K (55%)
----------------- Invoking toplevel() on ptolemy.moml.MoMLSimpleApplication@520e2b71
----------------- Done invoking toplevel() on ptolemy.moml.MoMLSimpleApplication@520e2b71
reloadAllAccessors: .Clock4

===========================================================================================
----------------- testing Sun Apr 28 00:19:35 UTC 2019 /home/travis/build/icyphy/ptII/ptolemy/actor/lib/test/auto/Clock5.xml
----------------- Instantiating /home/travis/build/icyphy/ptII/ptolemy/actor/lib/test/auto/Clock5.xml
1 ms. Memory: 884736K Free: 469926K (53%)
----------------- Invoking toplevel() on ptolemy.moml.MoMLSimpleApplication@10dc3429
----------------- Done invoking toplevel() on ptolemy.moml.MoMLSimpleApplication@10dc3429
reloadAllAccessors: .Clock5

===========================================================================================
----------------- testing Sun Apr 28 00:19:35 UTC 2019 /home/travis/build/icyphy/ptII/ptolemy/actor/lib/test/auto/Clock6.xml
----------------- Instantiating /home/travis/build/icyphy/ptII/ptolemy/actor/lib/test/auto/Clock6.xml
1 ms. Memory: 884736K Free: 454238K (51%)
----------------- Invoking toplevel() on ptolemy.moml.MoMLSimpleApplication@5ff15a79
----------------- Done invoking toplevel() on ptolemy.moml.MoMLSimpleApplication@5ff15a79
reloadAllAccessors: .Clock6

===========================================================================================
----------------- testing Sun Apr 28 00:19:35 UTC 2019 /home/travis/build/icyphy/ptII/ptolemy/actor/lib/test/auto/Clock7.xml
----------------- Instantiating /home/travis/build/icyphy/ptII/ptolemy/actor/lib/test/auto/Clock7.xml
2 ms. Memory: 884736K Free: 429739K (49%)
----------------- Invoking toplevel() on ptolemy.moml.MoMLSimpleApplication@35604736
----------------- Done invoking toplevel() on ptolemy.moml.MoMLSimpleApplication@35604736
reloadAllAccessors: .Clock7

===========================================================================================
----------------- testing Sun Apr 28 00:19:35 UTC 2019 /home/travis/build/icyphy/ptII/ptolemy/actor/lib/test/auto/Clock8.xml
----------------- Instantiating /home/travis/build/icyphy/ptII/ptolemy/actor/lib/test/auto/Clock8.xml
2 ms. Memory: 884736K Free: 414052K (47%)
----------------- Invoking toplevel() on ptolemy.moml.MoMLSimpleApplication@4a53d0c2
----------------- Done invoking toplevel() on ptolemy.moml.MoMLSimpleApplication@4a53d0c2
reloadAllAccessors: .Clock8

===========================================================================================
----------------- testing Sun Apr 28 00:19:35 UTC 2019 /home/travis/build/icyphy/ptII/ptolemy/actor/lib/test/auto/Clock9.xml
----------------- Instantiating /home/travis/build/icyphy/ptII/ptolemy/actor/lib/test/auto/Clock9.xml
5 ms. Memory: 884736K Free: 398364K (45%)
----------------- Invoking toplevel() on ptolemy.moml.MoMLSimpleApplication@728c2344
----------------- Done invoking toplevel() on ptolemy.moml.MoMLSimpleApplication@728c2344
reloadAllAccessors: .Clock9

===========================================================================================
----------------- testing Sun Apr 28 00:19:35 UTC 2019 /home/travis/build/icyphy/ptII/ptolemy/actor/lib/test/auto/CommDistDiscard.xml
----------------- Instantiating /home/travis/build/icyphy/ptII/ptolemy/actor/lib/test/auto/CommDistDiscard.xml
2 ms. Memory: 884736K Free: 382676K (43%)
----------------- Invoking toplevel() on ptolemy.moml.MoMLSimpleApplication@a60fbc3
----------------- Done invoking toplevel() on ptolemy.moml.MoMLSimpleApplication@a60fbc3
reloadAllAccessors: .CommDistDiscard

===========================================================================================
----------------- testing Sun Apr 28 00:19:35 UTC 2019 /home/travis/build/icyphy/ptII/ptolemy/actor/lib/test/auto/Commutator.xml
----------------- Instantiating /home/travis/build/icyphy/ptII/ptolemy/actor/lib/test/auto/Commutator.xml
1 ms. Memory: 884736K Free: 358178K (40%)
----------------- Invoking toplevel() on ptolemy.moml.MoMLSimpleApplication@5ae4a5b4
----------------- Done invoking toplevel() on ptolemy.moml.MoMLSimpleApplication@5ae4a5b4
reloadAllAccessors: .Commutator

===========================================================================================
----------------- testing Sun Apr 28 00:19:35 UTC 2019 /home/travis/build/icyphy/ptII/ptolemy/actor/lib/test/auto/Commutator2.xml
----------------- Instantiating /home/travis/build/icyphy/ptII/ptolemy/actor/lib/test/auto/Commutator2.xml
2 ms. Memory: 884736K Free: 342490K (39%)
----------------- Invoking toplevel() on ptolemy.moml.MoMLSimpleApplication@4cb1ebce
----------------- Done invoking toplevel() on ptolemy.moml.MoMLSimpleApplication@4cb1ebce
reloadAllAccessors: .Commutator2

===========================================================================================
----------------- testing Sun Apr 28 00:19:35 UTC 2019 /home/travis/build/icyphy/ptII/ptolemy/actor/lib/test/auto/Commutator3.xml
----------------- Instantiating /home/travis/build/icyphy/ptII/ptolemy/actor/lib/test/auto/Commutator3.xml
1 ms. Memory: 884736K Free: 326802K (37%)
----------------- Invoking toplevel() on ptolemy.moml.MoMLSimpleApplication@77bf46cd
----------------- Done invoking toplevel() on ptolemy.moml.MoMLSimpleApplication@77bf46cd
reloadAllAccessors: .Commutator3

===========================================================================================
----------------- testing Sun Apr 28 00:19:35 UTC 2019 /home/travis/build/icyphy/ptII/ptolemy/actor/lib/test/auto/Compare.xml
----------------- Instantiating /home/travis/build/icyphy/ptII/ptolemy/actor/lib/test/auto/Compare.xml
2 ms. Memory: 884736K Free: 311115K (35%)
----------------- Invoking toplevel() on ptolemy.moml.MoMLSimpleApplication@5ed95722
----------------- Done invoking toplevel() on ptolemy.moml.MoMLSimpleApplication@5ed95722
reloadAllAccessors: .Compare

===========================================================================================
----------------- testing Sun Apr 28 00:19:36 UTC 2019 /home/travis/build/icyphy/ptII/ptolemy/actor/lib/test/auto/CompareDE.xml
----------------- Instantiating /home/travis/build/icyphy/ptII/ptolemy/actor/lib/test/auto/CompareDE.xml
2 ms. Memory: 884736K Free: 286616K (32%)
----------------- Invoking toplevel() on ptolemy.moml.MoMLSimpleApplication@1581a3b1
----------------- Done invoking toplevel() on ptolemy.moml.MoMLSimpleApplication@1581a3b1
reloadAllAccessors: .CompareDE

===========================================================================================
----------------- testing Sun Apr 28 00:19:36 UTC 2019 /home/travis/build/icyphy/ptII/ptolemy/actor/lib/test/auto/ComplexDivide.xml
----------------- Instantiating /home/travis/build/icyphy/ptII/ptolemy/actor/lib/test/auto/ComplexDivide.xml
1 ms. Memory: 884736K Free: 270928K (31%)
----------------- Invoking toplevel() on ptolemy.moml.MoMLSimpleApplication@403c7074
----------------- Done invoking toplevel() on ptolemy.moml.MoMLSimpleApplication@403c7074
reloadAllAccessors: .ComplexDivide

===========================================================================================
----------------- testing Sun Apr 28 00:19:36 UTC 2019 /home/travis/build/icyphy/ptII/ptolemy/actor/lib/test/auto/ComputeHistogram.xml
----------------- Instantiating /home/travis/build/icyphy/ptII/ptolemy/actor/lib/test/auto/ComputeHistogram.xml
23 ms. Memory: 884736K Free: 247389K (28%)
----------------- Invoking toplevel() on ptolemy.moml.MoMLSimpleApplication@797faf64
----------------- Done invoking toplevel() on ptolemy.moml.MoMLSimpleApplication@797faf64
reloadAllAccessors: .ComputeHistogram

===========================================================================================
----------------- testing Sun Apr 28 00:19:36 UTC 2019 /home/travis/build/icyphy/ptII/ptolemy/actor/lib/test/auto/ConfigurationSelect.xml
----------------- Instantiating /home/travis/build/icyphy/ptII/ptolemy/actor/lib/test/auto/ConfigurationSelect.xml
2 ms. Memory: 884736K Free: 231701K (26%)
----------------- Invoking toplevel() on ptolemy.moml.MoMLSimpleApplication@3db355e6
----------------- Done invoking toplevel() on ptolemy.moml.MoMLSimpleApplication@3db355e6
reloadAllAccessors: .ConfigurationSelect

===========================================================================================
----------------- testing Sun Apr 28 00:19:36 UTC 2019 /home/travis/build/icyphy/ptII/ptolemy/actor/lib/test/auto/ConfigurationSelect2.xml
----------------- Instantiating /home/travis/build/icyphy/ptII/ptolemy/actor/lib/test/auto/ConfigurationSelect2.xml
2 ms. Memory: 884736K Free: 207202K (23%)
----------------- Invoking toplevel() on ptolemy.moml.MoMLSimpleApplication@55a67b88
----------------- Done invoking toplevel() on ptolemy.moml.MoMLSimpleApplication@55a67b88
reloadAllAccessors: .ConfigurationSelect2

===========================================================================================
----------------- testing Sun Apr 28 00:19:36 UTC 2019 /home/travis/build/icyphy/ptII/ptolemy/actor/lib/test/auto/ConfigurationSwitch.xml
----------------- Instantiating /home/travis/build/icyphy/ptII/ptolemy/actor/lib/test/auto/ConfigurationSwitch.xml
2 ms. Memory: 884736K Free: 191515K (22%)
----------------- Invoking toplevel() on ptolemy.moml.MoMLSimpleApplication@2f9d7fd0
----------------- Done invoking toplevel() on ptolemy.moml.MoMLSimpleApplication@2f9d7fd0
reloadAllAccessors: .ConfigurationSwitch

===========================================================================================
----------------- testing Sun Apr 28 00:19:36 UTC 2019 /home/travis/build/icyphy/ptII/ptolemy/actor/lib/test/auto/ConfigurationSwitch2.xml
----------------- Instantiating /home/travis/build/icyphy/ptII/ptolemy/actor/lib/test/auto/ConfigurationSwitch2.xml
2 ms. Memory: 884736K Free: 175827K (20%)
----------------- Invoking toplevel() on ptolemy.moml.MoMLSimpleApplication@c8778a4
----------------- Done invoking toplevel() on ptolemy.moml.MoMLSimpleApplication@c8778a4
reloadAllAccessors: .ConfigurationSwitch2

===========================================================================================
----------------- testing Sun Apr 28 00:19:36 UTC 2019 /home/travis/build/icyphy/ptII/ptolemy/actor/lib/test/auto/ConfigurationSwitchCloningBugWithClassRelationGroup.xml
----------------- Instantiating /home/travis/build/icyphy/ptII/ptolemy/actor/lib/test/auto/ConfigurationSwitchCloningBugWithClassRelationGroup.xml
2 ms. Memory: 884736K Free: 160139K (18%)
----------------- Invoking toplevel() on ptolemy.moml.MoMLSimpleApplication@5f7c4e4e
----------------- Done invoking toplevel() on ptolemy.moml.MoMLSimpleApplication@5f7c4e4e
reloadAllAccessors: .ConfigurationSwitchCloningBugWithClassRelationGroup

===========================================================================================
----------------- testing Sun Apr 28 00:19:36 UTC 2019 /home/travis/build/icyphy/ptII/ptolemy/actor/lib/test/auto/ConfigurationSwitchSelectSDF.xml
----------------- Instantiating /home/travis/build/icyphy/ptII/ptolemy/actor/lib/test/auto/ConfigurationSwitchSelectSDF.xml
3 ms. Memory: 884736K Free: 135641K (15%)
----------------- Invoking toplevel() on ptolemy.moml.MoMLSimpleApplication@669828f1
----------------- Done invoking toplevel() on ptolemy.moml.MoMLSimpleApplication@669828f1
reloadAllAccessors: .ConfigurationSwitchSelectSDF

===========================================================================================
----------------- testing Sun Apr 28 00:19:36 UTC 2019 /home/travis/build/icyphy/ptII/ptolemy/actor/lib/test/auto/ConfigurationSwitchSelectSDF2.xml
----------------- Instantiating /home/travis/build/icyphy/ptII/ptolemy/actor/lib/test/auto/ConfigurationSwitchSelectSDF2.xml
2 ms. Memory: 884736K Free: 119953K (14%)
----------------- Invoking toplevel() on ptolemy.moml.MoMLSimpleApplication@6689b84e
----------------- Done invoking toplevel() on ptolemy.moml.MoMLSimpleApplication@6689b84e
reloadAllAccessors: .ConfigurationSwitchSelectSDF2

===========================================================================================
----------------- testing Sun Apr 28 00:19:36 UTC 2019 /home/travis/build/icyphy/ptII/ptolemy/actor/lib/test/auto/Const.xml
----------------- Instantiating /home/travis/build/icyphy/ptII/ptolemy/actor/lib/test/auto/Const.xml
1 ms. Memory: 884736K Free: 104266K (12%)
----------------- Invoking toplevel() on ptolemy.moml.MoMLSimpleApplication@2cd3233a
----------------- Done invoking toplevel() on ptolemy.moml.MoMLSimpleApplication@2cd3233a
reloadAllAccessors: .Const

===========================================================================================
----------------- testing Sun Apr 28 00:19:36 UTC 2019 /home/travis/build/icyphy/ptII/ptolemy/actor/lib/test/auto/Const2.xml
----------------- Instantiating /home/travis/build/icyphy/ptII/ptolemy/actor/lib/test/auto/Const2.xml
1 ms. Memory: 884736K Free: 79767K (9%)
----------------- Invoking toplevel() on ptolemy.moml.MoMLSimpleApplication@6247de71
----------------- Done invoking toplevel() on ptolemy.moml.MoMLSimpleApplication@6247de71
reloadAllAccessors: .Const2

===========================================================================================
----------------- testing Sun Apr 28 00:19:36 UTC 2019 /home/travis/build/icyphy/ptII/ptolemy/actor/lib/test/auto/Const3.xml
----------------- Instantiating /home/travis/build/icyphy/ptII/ptolemy/actor/lib/test/auto/Const3.xml
1 ms. Memory: 884736K Free: 64080K (7%)
----------------- Invoking toplevel() on ptolemy.moml.MoMLSimpleApplication@54c02cee
----------------- Done invoking toplevel() on ptolemy.moml.MoMLSimpleApplication@54c02cee
reloadAllAccessors: .Const3

===========================================================================================
----------------- testing Sun Apr 28 00:19:36 UTC 2019 /home/travis/build/icyphy/ptII/ptolemy/actor/lib/test/auto/ConstantPublisherPort1.xml
----------------- Instantiating /home/travis/build/icyphy/ptII/ptolemy/actor/lib/test/auto/ConstantPublisherPort1.xml
5 ms. Memory: 885760K Free: 832398K (94%)
----------------- Invoking toplevel() on ptolemy.moml.MoMLSimpleApplication@643f7339
----------------- Done invoking toplevel() on ptolemy.moml.MoMLSimpleApplication@643f7339
reloadAllAccessors: .ConstantPublisherPort1

===========================================================================================
----------------- testing Sun Apr 28 00:19:36 UTC 2019 /home/travis/build/icyphy/ptII/ptolemy/actor/lib/test/auto/ConstantPublisherPort2.xml
----------------- Instantiating /home/travis/build/icyphy/ptII/ptolemy/actor/lib/test/auto/ConstantPublisherPort2.xml
4 ms. Memory: 885760K Free: 810356K (91%)
----------------- Invoking toplevel() on ptolemy.moml.MoMLSimpleApplication@371f338a
----------------- Done invoking toplevel() on ptolemy.moml.MoMLSimpleApplication@371f338a
reloadAllAccessors: .ConstantPublisherPort2

===========================================================================================
----------------- testing Sun Apr 28 00:19:36 UTC 2019 /home/travis/build/icyphy/ptII/ptolemy/actor/lib/test/auto/ConstantPublisherPort3.xml
----------------- Instantiating /home/travis/build/icyphy/ptII/ptolemy/actor/lib/test/auto/ConstantPublisherPort3.xml
4 ms. Memory: 885760K Free: 794418K (90%)
----------------- Invoking toplevel() on ptolemy.moml.MoMLSimpleApplication@1e0c0b88
----------------- Done invoking toplevel() on ptolemy.moml.MoMLSimpleApplication@1e0c0b88
reloadAllAccessors: .ConstantPublisherPort3

===========================================================================================
----------------- testing Sun Apr 28 00:19:36 UTC 2019 /home/travis/build/icyphy/ptII/ptolemy/actor/lib/test/auto/ConstantPublisherPort4.xml
----------------- Instantiating /home/travis/build/icyphy/ptII/ptolemy/actor/lib/test/auto/ConstantPublisherPort4.xml
2 ms. Memory: 885760K Free: 772375K (87%)
----------------- Invoking toplevel() on ptolemy.moml.MoMLSimpleApplication@6d51fb94
----------------- Done invoking toplevel() on ptolemy.moml.MoMLSimpleApplication@6d51fb94
reloadAllAccessors: .ConstantPublisherPort4

===========================================================================================
----------------- testing Sun Apr 28 00:19:36 UTC 2019 /home/travis/build/icyphy/ptII/ptolemy/actor/lib/test/auto/ConstantPublisherPort5.xml
----------------- Instantiating /home/travis/build/icyphy/ptII/ptolemy/actor/lib/test/auto/ConstantPublisherPort5.xml
21 ms. Memory: 885760K Free: 741000K (84%)
----------------- Invoking toplevel() on ptolemy.moml.MoMLSimpleApplication@24f231e2
----------------- Done invoking toplevel() on ptolemy.moml.MoMLSimpleApplication@24f231e2
reloadAllAccessors: .ConstantPublisherPort5

===========================================================================================
----------------- testing Sun Apr 28 00:19:36 UTC 2019 /home/travis/build/icyphy/ptII/ptolemy/actor/lib/test/auto/ConstantPublisherPort6.xml
----------------- Instantiating /home/travis/build/icyphy/ptII/ptolemy/actor/lib/test/auto/ConstantPublisherPort6.xml
21 ms. Memory: 885760K Free: 701781K (79%)
----------------- Invoking toplevel() on ptolemy.moml.MoMLSimpleApplication@7c7dbce1
----------------- Done invoking toplevel() on ptolemy.moml.MoMLSimpleApplication@7c7dbce1
reloadAllAccessors: .ConstantPublisherPort6

===========================================================================================
----------------- testing Sun Apr 28 00:19:36 UTC 2019 /home/travis/build/icyphy/ptII/ptolemy/actor/lib/test/auto/ConstantPublisherPort7.xml
----------------- Instantiating /home/travis/build/icyphy/ptII/ptolemy/actor/lib/test/auto/ConstantPublisherPort7.xml
12 ms. Memory: 885760K Free: 656207K (74%)
----------------- Invoking toplevel() on ptolemy.moml.MoMLSimpleApplication@11ec85b4
----------------- Done invoking toplevel() on ptolemy.moml.MoMLSimpleApplication@11ec85b4
reloadAllAccessors: .ConstantPublisherPort7

===========================================================================================
----------------- testing Sun Apr 28 00:19:36 UTC 2019 /home/travis/build/icyphy/ptII/ptolemy/actor/lib/test/auto/ConstraintMonitor1.xml
----------------- Instantiating /home/travis/build/icyphy/ptII/ptolemy/actor/lib/test/auto/ConstraintMonitor1.xml
6 ms. Memory: 885760K Free: 640519K (72%)
----------------- Invoking toplevel() on ptolemy.moml.MoMLSimpleApplication@6d1aed4a
----------------- Done invoking toplevel() on ptolemy.moml.MoMLSimpleApplication@6d1aed4a
reloadAllAccessors: .ConstraintMonitor1

===========================================================================================
----------------- testing Sun Apr 28 00:19:36 UTC 2019 /home/travis/build/icyphy/ptII/ptolemy/actor/lib/test/auto/ConstraintMonitor2.xml
----------------- Instantiating /home/travis/build/icyphy/ptII/ptolemy/actor/lib/test/auto/ConstraintMonitor2.xml
6 ms. Memory: 885760K Free: 624832K (71%)
----------------- Invoking toplevel() on ptolemy.moml.MoMLSimpleApplication@22fb1904
----------------- Done invoking toplevel() on ptolemy.moml.MoMLSimpleApplication@22fb1904
reloadAllAccessors: .ConstraintMonitor2

===========================================================================================
----------------- testing Sun Apr 28 00:19:36 UTC 2019 /home/travis/build/icyphy/ptII/ptolemy/actor/lib/test/auto/ConstraintMonitor3.xml
----------------- Instantiating /home/travis/build/icyphy/ptII/ptolemy/actor/lib/test/auto/ConstraintMonitor3.xml
6 ms. Memory: 885760K Free: 602789K (68%)
----------------- Invoking toplevel() on ptolemy.moml.MoMLSimpleApplication@4a18a236
----------------- Done invoking toplevel() on ptolemy.moml.MoMLSimpleApplication@4a18a236
reloadAllAccessors: .ConstraintMonitor3

===========================================================================================
----------------- testing Sun Apr 28 00:19:36 UTC 2019 /home/travis/build/icyphy/ptII/ptolemy/actor/lib/test/auto/ConstraintMonitor4.xml
----------------- Instantiating /home/travis/build/icyphy/ptII/ptolemy/actor/lib/test/auto/ConstraintMonitor4.xml
5 ms. Memory: 885760K Free: 587102K (66%)
----------------- Invoking toplevel() on ptolemy.moml.MoMLSimpleApplication@4cb2a9df
----------------- Done invoking toplevel() on ptolemy.moml.MoMLSimpleApplication@4cb2a9df
reloadAllAccessors: .ConstraintMonitor4

===========================================================================================
----------------- testing Sun Apr 28 00:19:36 UTC 2019 /home/travis/build/icyphy/ptII/ptolemy/actor/lib/test/auto/ConstraintMonitor5.xml
----------------- Instantiating /home/travis/build/icyphy/ptII/ptolemy/actor/lib/test/auto/ConstraintMonitor5.xml
6 ms. Memory: 885760K Free: 571414K (65%)
----------------- Invoking toplevel() on ptolemy.moml.MoMLSimpleApplication@c5a6a7f
----------------- Done invoking toplevel() on ptolemy.moml.MoMLSimpleApplication@c5a6a7f
reloadAllAccessors: .ConstraintMonitor5

===========================================================================================
----------------- testing Sun Apr 28 00:19:36 UTC 2019 /home/travis/build/icyphy/ptII/ptolemy/actor/lib/test/auto/ConstraintMonitor6.xml
----------------- Instantiating /home/travis/build/icyphy/ptII/ptolemy/actor/lib/test/auto/ConstraintMonitor6.xml
2 ms. Memory: 885760K Free: 549372K (62%)
----------------- Invoking toplevel() on ptolemy.moml.MoMLSimpleApplication@3a5274aa
----------------- Done invoking toplevel() on ptolemy.moml.MoMLSimpleApplication@3a5274aa
reloadAllAccessors: .ConstraintMonitor6

===========================================================================================
----------------- testing Sun Apr 28 00:19:36 UTC 2019 /home/travis/build/icyphy/ptII/ptolemy/actor/lib/test/auto/ConstraintMonitor7.xml
----------------- Instantiating /home/travis/build/icyphy/ptII/ptolemy/actor/lib/test/auto/ConstraintMonitor7.xml
2 ms. Memory: 885760K Free: 533684K (60%)
----------------- Invoking toplevel() on ptolemy.moml.MoMLSimpleApplication@2055b2f8
----------------- Done invoking toplevel() on ptolemy.moml.MoMLSimpleApplication@2055b2f8
reloadAllAccessors: .ConstraintMonitor7

===========================================================================================
----------------- testing Sun Apr 28 00:19:36 UTC 2019 /home/travis/build/icyphy/ptII/ptolemy/actor/lib/test/auto/ConstraintMonitor8.xml
----------------- Instantiating /home/travis/build/icyphy/ptII/ptolemy/actor/lib/test/auto/ConstraintMonitor8.xml
7 ms. Memory: 885760K Free: 511642K (58%)
----------------- Invoking toplevel() on ptolemy.moml.MoMLSimpleApplication@636ac586
----------------- Done invoking toplevel() on ptolemy.moml.MoMLSimpleApplication@636ac586
reloadAllAccessors: .ConstraintMonitor8

===========================================================================================
----------------- testing Sun Apr 28 00:19:36 UTC 2019 /home/travis/build/icyphy/ptII/ptolemy/actor/lib/test/auto/Counter.xml
----------------- Instantiating /home/travis/build/icyphy/ptII/ptolemy/actor/lib/test/auto/Counter.xml
2 ms. Memory: 885760K Free: 495955K (56%)
----------------- Invoking toplevel() on ptolemy.moml.MoMLSimpleApplication@3b73d461
----------------- Done invoking toplevel() on ptolemy.moml.MoMLSimpleApplication@3b73d461
reloadAllAccessors: .Counter

===========================================================================================
----------------- testing Sun Apr 28 00:19:36 UTC 2019 /home/travis/build/icyphy/ptII/ptolemy/actor/lib/test/auto/CurrentTimeSDF.xml
----------------- Instantiating /home/travis/build/icyphy/ptII/ptolemy/actor/lib/test/auto/CurrentTimeSDF.xml
2 ms. Memory: 885760K Free: 480267K (54%)
----------------- Invoking toplevel() on ptolemy.moml.MoMLSimpleApplication@1b69a141
----------------- Done invoking toplevel() on ptolemy.moml.MoMLSimpleApplication@1b69a141
reloadAllAccessors: .CurrentTimeSDF

===========================================================================================
----------------- testing Sun Apr 28 00:19:36 UTC 2019 /home/travis/build/icyphy/ptII/ptolemy/actor/lib/test/auto/DB.xml
----------------- Instantiating /home/travis/build/icyphy/ptII/ptolemy/actor/lib/test/auto/DB.xml
2 ms. Memory: 885760K Free: 458225K (52%)
----------------- Invoking toplevel() on ptolemy.moml.MoMLSimpleApplication@3d1f54a6
----------------- Done invoking toplevel() on ptolemy.moml.MoMLSimpleApplication@3d1f54a6
reloadAllAccessors: .DB

===========================================================================================
----------------- testing Sun Apr 28 00:19:36 UTC 2019 /home/travis/build/icyphy/ptII/ptolemy/actor/lib/test/auto/DBDE.xml
----------------- Instantiating /home/travis/build/icyphy/ptII/ptolemy/actor/lib/test/auto/DBDE.xml
2 ms. Memory: 885760K Free: 434693K (49%)
----------------- Invoking toplevel() on ptolemy.moml.MoMLSimpleApplication@3817ea33
----------------- Done invoking toplevel() on ptolemy.moml.MoMLSimpleApplication@3817ea33
reloadAllAccessors: .DBDE

===========================================================================================
----------------- testing Sun Apr 28 00:19:36 UTC 2019 /home/travis/build/icyphy/ptII/ptolemy/actor/lib/test/auto/DateConstructor.xml
----------------- Instantiating /home/travis/build/icyphy/ptII/ptolemy/actor/lib/test/auto/DateConstructor.xml
16 ms. Memory: 885760K Free: 411154K (46%)
----------------- Invoking toplevel() on ptolemy.moml.MoMLSimpleApplication@6f9d4a1b
----------------- Done invoking toplevel() on ptolemy.moml.MoMLSimpleApplication@6f9d4a1b
reloadAllAccessors: .DateConstructor

===========================================================================================
----------------- testing Sun Apr 28 00:19:36 UTC 2019 /home/travis/build/icyphy/ptII/ptolemy/actor/lib/test/auto/DelayTime.xml
----------------- Instantiating /home/travis/build/icyphy/ptII/ptolemy/actor/lib/test/auto/DelayTime.xml
2 ms. Memory: 885760K Free: 389112K (44%)
----------------- Invoking toplevel() on ptolemy.moml.MoMLSimpleApplication@46256635
----------------- Done invoking toplevel() on ptolemy.moml.MoMLSimpleApplication@46256635
reloadAllAccessors: .DelayTime

===========================================================================================
----------------- testing Sun Apr 28 00:19:36 UTC 2019 /home/travis/build/icyphy/ptII/ptolemy/actor/lib/test/auto/Dictionary1.xml
----------------- Instantiating /home/travis/build/icyphy/ptII/ptolemy/actor/lib/test/auto/Dictionary1.xml
2 ms. Memory: 885760K Free: 373424K (42%)
----------------- Invoking toplevel() on ptolemy.moml.MoMLSimpleApplication@44d661b7
----------------- Done invoking toplevel() on ptolemy.moml.MoMLSimpleApplication@44d661b7
reloadAllAccessors: .Dictionary1

===========================================================================================
----------------- testing Sun Apr 28 00:19:36 UTC 2019 /home/travis/build/icyphy/ptII/ptolemy/actor/lib/test/auto/Dictionary2.xml
----------------- Instantiating /home/travis/build/icyphy/ptII/ptolemy/actor/lib/test/auto/Dictionary2.xml
3 ms. Memory: 885760K Free: 357737K (40%)
----------------- Invoking toplevel() on ptolemy.moml.MoMLSimpleApplication@7e49647b
----------------- Done invoking toplevel() on ptolemy.moml.MoMLSimpleApplication@7e49647b
reloadAllAccessors: .Dictionary2

===========================================================================================
----------------- testing Sun Apr 28 00:19:36 UTC 2019 /home/travis/build/icyphy/ptII/ptolemy/actor/lib/test/auto/Dictionary3.xml
----------------- Instantiating /home/travis/build/icyphy/ptII/ptolemy/actor/lib/test/auto/Dictionary3.xml
1 ms. Memory: 885760K Free: 335694K (38%)
----------------- Invoking toplevel() on ptolemy.moml.MoMLSimpleApplication@3ef2d672
----------------- Done invoking toplevel() on ptolemy.moml.MoMLSimpleApplication@3ef2d672
reloadAllAccessors: .Dictionary3

===========================================================================================
----------------- testing Sun Apr 28 00:19:36 UTC 2019 /home/travis/build/icyphy/ptII/ptolemy/actor/lib/test/auto/Dictionary4.xml
----------------- Instantiating /home/travis/build/icyphy/ptII/ptolemy/actor/lib/test/auto/Dictionary4.xml
4 ms. Memory: 885760K Free: 320007K (36%)
----------------- Invoking toplevel() on ptolemy.moml.MoMLSimpleApplication@3cf38b2b
----------------- Done invoking toplevel() on ptolemy.moml.MoMLSimpleApplication@3cf38b2b
reloadAllAccessors: .Dictionary4

===========================================================================================
----------------- testing Sun Apr 28 00:19:36 UTC 2019 /home/travis/build/icyphy/ptII/ptolemy/actor/lib/test/auto/Differential.xml
----------------- Instantiating /home/travis/build/icyphy/ptII/ptolemy/actor/lib/test/auto/Differential.xml
3 ms. Memory: 885760K Free: 297964K (34%)
----------------- Invoking toplevel() on ptolemy.moml.MoMLSimpleApplication@3a7237ca
----------------- Done invoking toplevel() on ptolemy.moml.MoMLSimpleApplication@3a7237ca
reloadAllAccessors: .Differential

===========================================================================================
----------------- testing Sun Apr 28 00:19:36 UTC 2019 /home/travis/build/icyphy/ptII/ptolemy/actor/lib/test/auto/Director.xml
----------------- Instantiating /home/travis/build/icyphy/ptII/ptolemy/actor/lib/test/auto/Director.xml
2 ms. Memory: 885760K Free: 282277K (32%)
----------------- Invoking toplevel() on ptolemy.moml.MoMLSimpleApplication@31075dc2
----------------- Done invoking toplevel() on ptolemy.moml.MoMLSimpleApplication@31075dc2
reloadAllAccessors: .Director

===========================================================================================
----------------- testing Sun Apr 28 00:19:36 UTC 2019 /home/travis/build/icyphy/ptII/ptolemy/actor/lib/test/auto/DiscreteClock.xml
----------------- Instantiating /home/travis/build/icyphy/ptII/ptolemy/actor/lib/test/auto/DiscreteClock.xml
2 ms. Memory: 885760K Free: 266589K (30%)
----------------- Invoking toplevel() on ptolemy.moml.MoMLSimpleApplication@26e91a47
----------------- Done invoking toplevel() on ptolemy.moml.MoMLSimpleApplication@26e91a47
reloadAllAccessors: .DiscreteClock

===========================================================================================
----------------- testing Sun Apr 28 00:19:36 UTC 2019 /home/travis/build/icyphy/ptII/ptolemy/actor/lib/test/auto/DiscreteClock10.xml
----------------- Instantiating /home/travis/build/icyphy/ptII/ptolemy/actor/lib/test/auto/DiscreteClock10.xml
4 ms. Memory: 885760K Free: 244547K (28%)
----------------- Invoking toplevel() on ptolemy.moml.MoMLSimpleApplication@517fb2b9
----------------- Done invoking toplevel() on ptolemy.moml.MoMLSimpleApplication@517fb2b9
reloadAllAccessors: .DiscreteClock10

===========================================================================================
----------------- testing Sun Apr 28 00:19:37 UTC 2019 /home/travis/build/icyphy/ptII/ptolemy/actor/lib/test/auto/DiscreteClock11.xml
----------------- Instantiating /home/travis/build/icyphy/ptII/ptolemy/actor/lib/test/auto/DiscreteClock11.xml
2 ms. Memory: 885760K Free: 228859K (26%)
----------------- Invoking toplevel() on ptolemy.moml.MoMLSimpleApplication@32d2ba4a
----------------- Done invoking toplevel() on ptolemy.moml.MoMLSimpleApplication@32d2ba4a
reloadAllAccessors: .DiscreteClock11

===========================================================================================
----------------- testing Sun Apr 28 00:19:37 UTC 2019 /home/travis/build/icyphy/ptII/ptolemy/actor/lib/test/auto/DiscreteClock12.xml
----------------- Instantiating /home/travis/build/icyphy/ptII/ptolemy/actor/lib/test/auto/DiscreteClock12.xml
3 ms. Memory: 885760K Free: 213171K (24%)
----------------- Invoking toplevel() on ptolemy.moml.MoMLSimpleApplication@15b42a12
----------------- Done invoking toplevel() on ptolemy.moml.MoMLSimpleApplication@15b42a12
reloadAllAccessors: .DiscreteClock12

===========================================================================================
----------------- testing Sun Apr 28 00:19:37 UTC 2019 /home/travis/build/icyphy/ptII/ptolemy/actor/lib/test/auto/DiscreteClock13.xml
----------------- Instantiating /home/travis/build/icyphy/ptII/ptolemy/actor/lib/test/auto/DiscreteClock13.xml
3 ms. Memory: 885760K Free: 191129K (22%)
----------------- Invoking toplevel() on ptolemy.moml.MoMLSimpleApplication@560e07d
----------------- Done invoking toplevel() on ptolemy.moml.MoMLSimpleApplication@560e07d
reloadAllAccessors: .DiscreteClock13

===========================================================================================
----------------- testing Sun Apr 28 00:19:37 UTC 2019 /home/travis/build/icyphy/ptII/ptolemy/actor/lib/test/auto/DiscreteClock14.xml
----------------- Instantiating /home/travis/build/icyphy/ptII/ptolemy/actor/lib/test/auto/DiscreteClock14.xml
2 ms. Memory: 885760K Free: 175442K (20%)
----------------- Invoking toplevel() on ptolemy.moml.MoMLSimpleApplication@6549985
----------------- Done invoking toplevel() on ptolemy.moml.MoMLSimpleApplication@6549985
reloadAllAccessors: .DiscreteClock14

===========================================================================================
----------------- testing Sun Apr 28 00:19:37 UTC 2019 /home/travis/build/icyphy/ptII/ptolemy/actor/lib/test/auto/DiscreteClock15.xml
----------------- Instantiating /home/travis/build/icyphy/ptII/ptolemy/actor/lib/test/auto/DiscreteClock15.xml
2 ms. Memory: 885760K Free: 159754K (18%)
----------------- Invoking toplevel() on ptolemy.moml.MoMLSimpleApplication@f74889e
----------------- Done invoking toplevel() on ptolemy.moml.MoMLSimpleApplication@f74889e
reloadAllAccessors: .DiscreteClock15

===========================================================================================
----------------- testing Sun Apr 28 00:19:37 UTC 2019 /home/travis/build/icyphy/ptII/ptolemy/actor/lib/test/auto/DiscreteClock16.xml
----------------- Instantiating /home/travis/build/icyphy/ptII/ptolemy/actor/lib/test/auto/DiscreteClock16.xml
18 ms. Memory: 1373696K Free: 1313513K (96%)
----------------- Invoking toplevel() on ptolemy.moml.MoMLSimpleApplication@6aa67eec
----------------- Done invoking toplevel() on ptolemy.moml.MoMLSimpleApplication@6aa67eec
reloadAllAccessors: .DiscreteClock16

===========================================================================================
----------------- testing Sun Apr 28 00:19:37 UTC 2019 /home/travis/build/icyphy/ptII/ptolemy/actor/lib/test/auto/DiscreteClock17.xml
----------------- Instantiating /home/travis/build/icyphy/ptII/ptolemy/actor/lib/test/auto/DiscreteClock17.xml
15 ms. Memory: 1373696K Free: 1280761K (93%)
----------------- Invoking toplevel() on ptolemy.moml.MoMLSimpleApplication@1a612bff
----------------- Done invoking toplevel() on ptolemy.moml.MoMLSimpleApplication@1a612bff
reloadAllAccessors: .DiscreteClock17

===========================================================================================
----------------- testing Sun Apr 28 00:19:37 UTC 2019 /home/travis/build/icyphy/ptII/ptolemy/actor/lib/test/auto/DiscreteClock18.xml
----------------- Instantiating /home/travis/build/icyphy/ptII/ptolemy/actor/lib/test/auto/DiscreteClock18.xml
15 ms. Memory: 1373696K Free: 1255652K (91%)
----------------- Invoking toplevel() on ptolemy.moml.MoMLSimpleApplication@9a64620
----------------- Done invoking toplevel() on ptolemy.moml.MoMLSimpleApplication@9a64620
reloadAllAccessors: .DiscreteClock18

===========================================================================================
----------------- testing Sun Apr 28 00:19:37 UTC 2019 /home/travis/build/icyphy/ptII/ptolemy/actor/lib/test/auto/DiscreteClock19.xml
----------------- Instantiating /home/travis/build/icyphy/ptII/ptolemy/actor/lib/test/auto/DiscreteClock19.xml
12 ms. Memory: 1373696K Free: 1230536K (90%)
----------------- Invoking toplevel() on ptolemy.moml.MoMLSimpleApplication@701f6b46
----------------- Done invoking toplevel() on ptolemy.moml.MoMLSimpleApplication@701f6b46
reloadAllAccessors: .DiscreteClock19

===========================================================================================
----------------- testing Sun Apr 28 00:19:37 UTC 2019 /home/travis/build/icyphy/ptII/ptolemy/actor/lib/test/auto/DiscreteClock2.xml
----------------- Instantiating /home/travis/build/icyphy/ptII/ptolemy/actor/lib/test/auto/DiscreteClock2.xml
1 ms. Memory: 1373696K Free: 1206169K (88%)
----------------- Invoking toplevel() on ptolemy.moml.MoMLSimpleApplication@4d0dc4c6
----------------- Done invoking toplevel() on ptolemy.moml.MoMLSimpleApplication@4d0dc4c6
reloadAllAccessors: .DiscreteClock2

===========================================================================================
----------------- testing Sun Apr 28 00:19:37 UTC 2019 /home/travis/build/icyphy/ptII/ptolemy/actor/lib/test/auto/DiscreteClock20.xml
----------------- Instantiating /home/travis/build/icyphy/ptII/ptolemy/actor/lib/test/auto/DiscreteClock20.xml
5 ms. Memory: 1373696K Free: 1189430K (87%)
----------------- Invoking toplevel() on ptolemy.moml.MoMLSimpleApplication@2886b9
----------------- Done invoking toplevel() on ptolemy.moml.MoMLSimpleApplication@2886b9
reloadAllAccessors: .DiscreteClock20

===========================================================================================
----------------- testing Sun Apr 28 00:19:37 UTC 2019 /home/travis/build/icyphy/ptII/ptolemy/actor/lib/test/auto/DiscreteClock21.xml
----------------- Instantiating /home/travis/build/icyphy/ptII/ptolemy/actor/lib/test/auto/DiscreteClock21.xml
2 ms. Memory: 1373696K Free: 1172691K (85%)
----------------- Invoking toplevel() on ptolemy.moml.MoMLSimpleApplication@1911c391
----------------- Done invoking toplevel() on ptolemy.moml.MoMLSimpleApplication@1911c391
reloadAllAccessors: .DiscreteClock21

===========================================================================================
----------------- testing Sun Apr 28 00:19:37 UTC 2019 /home/travis/build/icyphy/ptII/ptolemy/actor/lib/test/auto/DiscreteClock22.xml
----------------- Instantiating /home/travis/build/icyphy/ptII/ptolemy/actor/lib/test/auto/DiscreteClock22.xml
8 ms. Memory: 1373696K Free: 1148325K (84%)
----------------- Invoking toplevel() on ptolemy.moml.MoMLSimpleApplication@69c83361
----------------- Done invoking toplevel() on ptolemy.moml.MoMLSimpleApplication@69c83361
reloadAllAccessors: .DiscreteClock22

===========================================================================================
----------------- testing Sun Apr 28 00:19:37 UTC 2019 /home/travis/build/icyphy/ptII/ptolemy/actor/lib/test/auto/DiscreteClock23.xml
----------------- Instantiating /home/travis/build/icyphy/ptII/ptolemy/actor/lib/test/auto/DiscreteClock23.xml
2 ms. Memory: 1373696K Free: 1131586K (82%)
----------------- Invoking toplevel() on ptolemy.moml.MoMLSimpleApplication@78888b73
----------------- Done invoking toplevel() on ptolemy.moml.MoMLSimpleApplication@78888b73
reloadAllAccessors: .DiscreteClock23

===========================================================================================
----------------- testing Sun Apr 28 00:19:37 UTC 2019 /home/travis/build/icyphy/ptII/ptolemy/actor/lib/test/auto/DiscreteClock24.xml
----------------- Instantiating /home/travis/build/icyphy/ptII/ptolemy/actor/lib/test/auto/DiscreteClock24.xml
5 ms. Memory: 1373696K Free: 1114847K (81%)
----------------- Invoking toplevel() on ptolemy.moml.MoMLSimpleApplication@44d68ff2
----------------- Done invoking toplevel() on ptolemy.moml.MoMLSimpleApplication@44d68ff2
reloadAllAccessors: .DiscreteClock24

===========================================================================================
----------------- testing Sun Apr 28 00:19:37 UTC 2019 /home/travis/build/icyphy/ptII/ptolemy/actor/lib/test/auto/DiscreteClock4.xml
----------------- Instantiating /home/travis/build/icyphy/ptII/ptolemy/actor/lib/test/auto/DiscreteClock4.xml
1 ms. Memory: 1373696K Free: 1090480K (79%)
----------------- Invoking toplevel() on ptolemy.moml.MoMLSimpleApplication@6df45fb
----------------- Done invoking toplevel() on ptolemy.moml.MoMLSimpleApplication@6df45fb
reloadAllAccessors: .DiscreteClock4

===========================================================================================
----------------- testing Sun Apr 28 00:19:37 UTC 2019 /home/travis/build/icyphy/ptII/ptolemy/actor/lib/test/auto/DiscreteClock5.xml
----------------- Instantiating /home/travis/build/icyphy/ptII/ptolemy/actor/lib/test/auto/DiscreteClock5.xml
1 ms. Memory: 1373696K Free: 1073741K (78%)
----------------- Invoking toplevel() on ptolemy.moml.MoMLSimpleApplication@2fff024c
----------------- Done invoking toplevel() on ptolemy.moml.MoMLSimpleApplication@2fff024c
reloadAllAccessors: .DiscreteClock5

===========================================================================================
----------------- testing Sun Apr 28 00:19:37 UTC 2019 /home/travis/build/icyphy/ptII/ptolemy/actor/lib/test/auto/DiscreteClock6.xml
----------------- Instantiating /home/travis/build/icyphy/ptII/ptolemy/actor/lib/test/auto/DiscreteClock6.xml
1 ms. Memory: 1373696K Free: 1057002K (77%)
----------------- Invoking toplevel() on ptolemy.moml.MoMLSimpleApplication@12b544a1
----------------- Done invoking toplevel() on ptolemy.moml.MoMLSimpleApplication@12b544a1
reloadAllAccessors: .DiscreteClock6

===========================================================================================
----------------- testing Sun Apr 28 00:19:37 UTC 2019 /home/travis/build/icyphy/ptII/ptolemy/actor/lib/test/auto/DiscreteClock7.xml
----------------- Instantiating /home/travis/build/icyphy/ptII/ptolemy/actor/lib/test/auto/DiscreteClock7.xml
2 ms. Memory: 1373696K Free: 1040263K (76%)
----------------- Invoking toplevel() on ptolemy.moml.MoMLSimpleApplication@99a10fc
----------------- Done invoking toplevel() on ptolemy.moml.MoMLSimpleApplication@99a10fc
reloadAllAccessors: .DiscreteClock7

===========================================================================================
----------------- testing Sun Apr 28 00:19:37 UTC 2019 /home/travis/build/icyphy/ptII/ptolemy/actor/lib/test/auto/DiscreteClock8.xml
----------------- Instantiating /home/travis/build/icyphy/ptII/ptolemy/actor/lib/test/auto/DiscreteClock8.xml
1 ms. Memory: 1373696K Free: 1015896K (74%)
----------------- Invoking toplevel() on ptolemy.moml.MoMLSimpleApplication@5add9b60
----------------- Done invoking toplevel() on ptolemy.moml.MoMLSimpleApplication@5add9b60
reloadAllAccessors: .DiscreteClock8

===========================================================================================
----------------- testing Sun Apr 28 00:19:37 UTC 2019 /home/travis/build/icyphy/ptII/ptolemy/actor/lib/test/auto/DiscreteClock9.xml
----------------- Instantiating /home/travis/build/icyphy/ptII/ptolemy/actor/lib/test/auto/DiscreteClock9.xml
1 ms. Memory: 1373696K Free: 999157K (73%)
----------------- Invoking toplevel() on ptolemy.moml.MoMLSimpleApplication@6148c6de
----------------- Done invoking toplevel() on ptolemy.moml.MoMLSimpleApplication@6148c6de
reloadAllAccessors: .DiscreteClock9

===========================================================================================
----------------- testing Sun Apr 28 00:19:37 UTC 2019 /home/travis/build/icyphy/ptII/ptolemy/actor/lib/test/auto/DisplayArray.xml
----------------- Instantiating /home/travis/build/icyphy/ptII/ptolemy/actor/lib/test/auto/DisplayArray.xml
1 ms. Memory: 1373696K Free: 982418K (72%)
----------------- Invoking toplevel() on ptolemy.moml.MoMLSimpleApplication@5064aad3
----------------- Done invoking toplevel() on ptolemy.moml.MoMLSimpleApplication@5064aad3
reloadAllAccessors: .DisplayArray

===========================================================================================
----------------- testing Sun Apr 28 00:19:37 UTC 2019 /home/travis/build/icyphy/ptII/ptolemy/actor/lib/test/auto/Distributor.xml
----------------- Instantiating /home/travis/build/icyphy/ptII/ptolemy/actor/lib/test/auto/Distributor.xml
1 ms. Memory: 1373696K Free: 958052K (70%)
----------------- Invoking toplevel() on ptolemy.moml.MoMLSimpleApplication@50dff106
----------------- Done invoking toplevel() on ptolemy.moml.MoMLSimpleApplication@50dff106
reloadAllAccessors: .Distributor

===========================================================================================
----------------- testing Sun Apr 28 00:19:37 UTC 2019 /home/travis/build/icyphy/ptII/ptolemy/actor/lib/test/auto/Distributor2.xml
----------------- Instantiating /home/travis/build/icyphy/ptII/ptolemy/actor/lib/test/auto/Distributor2.xml
1 ms. Memory: 1373696K Free: 941313K (69%)
----------------- Invoking toplevel() on ptolemy.moml.MoMLSimpleApplication@784fe579
----------------- Done invoking toplevel() on ptolemy.moml.MoMLSimpleApplication@784fe579
reloadAllAccessors: .Distributor2

===========================================================================================
----------------- testing Sun Apr 28 00:19:38 UTC 2019 /home/travis/build/icyphy/ptII/ptolemy/actor/lib/test/auto/DownSample.xml
----------------- Instantiating /home/travis/build/icyphy/ptII/ptolemy/actor/lib/test/auto/DownSample.xml
1 ms. Memory: 1373696K Free: 924574K (67%)
----------------- Invoking toplevel() on ptolemy.moml.MoMLSimpleApplication@4126432e
----------------- Done invoking toplevel() on ptolemy.moml.MoMLSimpleApplication@4126432e
reloadAllAccessors: .DownSample

===========================================================================================
----------------- testing Sun Apr 28 00:19:38 UTC 2019 /home/travis/build/icyphy/ptII/ptolemy/actor/lib/test/auto/ElectronicUnitBase1.xml
----------------- Instantiating /home/travis/build/icyphy/ptII/ptolemy/actor/lib/test/auto/ElectronicUnitBase1.xml
21 ms. Memory: 1373696K Free: 891830K (65%)
----------------- Invoking toplevel() on ptolemy.moml.MoMLSimpleApplication@7caef8cd
----------------- Done invoking toplevel() on ptolemy.moml.MoMLSimpleApplication@7caef8cd
reloadAllAccessors: .ElectronicUnitBase1

===========================================================================================
----------------- testing Sun Apr 28 00:19:38 UTC 2019 /home/travis/build/icyphy/ptII/ptolemy/actor/lib/test/auto/ElementsToArray.xml
----------------- Instantiating /home/travis/build/icyphy/ptII/ptolemy/actor/lib/test/auto/ElementsToArray.xml
2 ms. Memory: 1373696K Free: 875091K (64%)
----------------- Invoking toplevel() on ptolemy.moml.MoMLSimpleApplication@480c5df3
----------------- Done invoking toplevel() on ptolemy.moml.MoMLSimpleApplication@480c5df3
reloadAllAccessors: .ElementsToArray

===========================================================================================
----------------- testing Sun Apr 28 00:19:38 UTC 2019 /home/travis/build/icyphy/ptII/ptolemy/actor/lib/test/auto/Equals.xml
----------------- Instantiating /home/travis/build/icyphy/ptII/ptolemy/actor/lib/test/auto/Equals.xml
2 ms. Memory: 1373696K Free: 858352K (62%)
----------------- Invoking toplevel() on ptolemy.moml.MoMLSimpleApplication@695abc12
----------------- Done invoking toplevel() on ptolemy.moml.MoMLSimpleApplication@695abc12
reloadAllAccessors: .Equals

===========================================================================================
----------------- testing Sun Apr 28 00:19:38 UTC 2019 /home/travis/build/icyphy/ptII/ptolemy/actor/lib/test/auto/Exec.xml
----------------- Instantiating /home/travis/build/icyphy/ptII/ptolemy/actor/lib/test/auto/Exec.xml
7 ms. Memory: 1373696K Free: 813061K (59%)
----------------- Invoking toplevel() on ptolemy.moml.MoMLSimpleApplication@17a21453
----------------- Done invoking toplevel() on ptolemy.moml.MoMLSimpleApplication@17a21453
reloadAllAccessors: .Exec

===========================================================================================
----------------- testing Sun Apr 28 00:19:38 UTC 2019 /home/travis/build/icyphy/ptII/ptolemy/actor/lib/test/auto/ExecEnvironment.xml
----------------- Instantiating /home/travis/build/icyphy/ptII/ptolemy/actor/lib/test/auto/ExecEnvironment.xml
24 ms. Memory: 1373696K Free: 787953K (57%)
----------------- Invoking toplevel() on ptolemy.moml.MoMLSimpleApplication@35f2f0cf
----------------- Done invoking toplevel() on ptolemy.moml.MoMLSimpleApplication@35f2f0cf
reloadAllAccessors: .ExecEnvironment

===========================================================================================
----------------- testing Sun Apr 28 00:19:38 UTC 2019 /home/travis/build/icyphy/ptII/ptolemy/actor/lib/test/auto/ExecNonZeroReturnOutput.xml
----------------- Instantiating /home/travis/build/icyphy/ptII/ptolemy/actor/lib/test/auto/ExecNonZeroReturnOutput.xml
135 ms. Memory: 1373696K Free: 662409K (48%)
----------------- Invoking toplevel() on ptolemy.moml.MoMLSimpleApplication@3a1f3afd
----------------- Done invoking toplevel() on ptolemy.moml.MoMLSimpleApplication@3a1f3afd
reloadAllAccessors: .ExecNonZeroReturnOutput

===========================================================================================
----------------- testing Sun Apr 28 00:19:38 UTC 2019 /home/travis/build/icyphy/ptII/ptolemy/actor/lib/test/auto/ExecRunDemos.xml
----------------- Instantiating /home/travis/build/icyphy/ptII/ptolemy/actor/lib/test/auto/ExecRunDemos.xml
Finished: 37 ms. Memory: 116224K Free: 100672K (87%)

Finished: 39 ms. Memory: 116224K Free: 97676K (84%)

Finished: 45 ms. Memory: 116224K Free: 98219K (85%)

Finished: 63 ms. Memory: 116224K Free: 99544K (86%)

Finished: 42 ms. Memory: 116224K Free: 100658K (87%)

9272 ms. Memory: 1373696K Free: 545961K (40%)
----------------- Invoking toplevel() on ptolemy.moml.MoMLSimpleApplication@794f98e7
----------------- Done invoking toplevel() on ptolemy.moml.MoMLSimpleApplication@794f98e7
reloadAllAccessors: .ExecRunDemos

===========================================================================================
----------------- testing Sun Apr 28 00:19:47 UTC 2019 /home/travis/build/icyphy/ptII/ptolemy/actor/lib/test/auto/ExecStop.xml
----------------- Instantiating /home/travis/build/icyphy/ptII/ptolemy/actor/lib/test/auto/ExecStop.xml
5013 ms. Memory: 1373696K Free: 328353K (24%)
----------------- Invoking toplevel() on ptolemy.moml.MoMLSimpleApplication@4bee46c5
----------------- Done invoking toplevel() on ptolemy.moml.MoMLSimpleApplication@4bee46c5
reloadAllAccessors: .ExecStop

===========================================================================================
----------------- testing Sun Apr 28 00:19:52 UTC 2019 /home/travis/build/icyphy/ptII/ptolemy/actor/lib/test/auto/ExecutionTimeSDF.xml
----------------- Instantiating /home/travis/build/icyphy/ptII/ptolemy/actor/lib/test/auto/ExecutionTimeSDF.xml
Fired ExecutionTime: 1917600000
Fired ExecutionTime: 960800000
Fired ExecutionTime: -1719367296
6005 ms. Memory: 1373696K Free: 303236K (22%)
----------------- Invoking toplevel() on ptolemy.moml.MoMLSimpleApplication@6755e33f
----------------- Done invoking toplevel() on ptolemy.moml.MoMLSimpleApplication@6755e33f
reloadAllAccessors: .ExecutionTimeSDF

===========================================================================================
----------------- testing Sun Apr 28 00:19:58 UTC 2019 /home/travis/build/icyphy/ptII/ptolemy/actor/lib/test/auto/Expression1.xml
----------------- Instantiating /home/travis/build/icyphy/ptII/ptolemy/actor/lib/test/auto/Expression1.xml
1 ms. Memory: 1373696K Free: 286497K (21%)
----------------- Invoking toplevel() on ptolemy.moml.MoMLSimpleApplication@29516303
----------------- Done invoking toplevel() on ptolemy.moml.MoMLSimpleApplication@29516303
reloadAllAccessors: .Expression1

===========================================================================================
----------------- testing Sun Apr 28 00:19:58 UTC 2019 /home/travis/build/icyphy/ptII/ptolemy/actor/lib/test/auto/Expression10.xml
----------------- Instantiating /home/travis/build/icyphy/ptII/ptolemy/actor/lib/test/auto/Expression10.xml
4 ms. Memory: 1373696K Free: 262131K (19%)
----------------- Invoking toplevel() on ptolemy.moml.MoMLSimpleApplication@599e0be4
----------------- Done invoking toplevel() on ptolemy.moml.MoMLSimpleApplication@599e0be4
reloadAllAccessors: .Expression10

===========================================================================================
----------------- testing Sun Apr 28 00:19:58 UTC 2019 /home/travis/build/icyphy/ptII/ptolemy/actor/lib/test/auto/Expression11.xml
----------------- Instantiating /home/travis/build/icyphy/ptII/ptolemy/actor/lib/test/auto/Expression11.xml
2 ms. Memory: 1373696K Free: 245392K (18%)
----------------- Invoking toplevel() on ptolemy.moml.MoMLSimpleApplication@69ec0d6f
----------------- Done invoking toplevel() on ptolemy.moml.MoMLSimpleApplication@69ec0d6f
reloadAllAccessors: .Expression11

===========================================================================================
----------------- testing Sun Apr 28 00:19:58 UTC 2019 /home/travis/build/icyphy/ptII/ptolemy/actor/lib/test/auto/Expression12.xml
----------------- Instantiating /home/travis/build/icyphy/ptII/ptolemy/actor/lib/test/auto/Expression12.xml
3 ms. Memory: 1373696K Free: 228653K (17%)
----------------- Invoking toplevel() on ptolemy.moml.MoMLSimpleApplication@1c3d0a52
----------------- Done invoking toplevel() on ptolemy.moml.MoMLSimpleApplication@1c3d0a52
reloadAllAccessors: .Expression12

===========================================================================================
----------------- testing Sun Apr 28 00:19:58 UTC 2019 /home/travis/build/icyphy/ptII/ptolemy/actor/lib/test/auto/Expression13.xml
----------------- Instantiating /home/travis/build/icyphy/ptII/ptolemy/actor/lib/test/auto/Expression13.xml
3 ms. Memory: 1373696K Free: 204286K (15%)
----------------- Invoking toplevel() on ptolemy.moml.MoMLSimpleApplication@12c4ad79
----------------- Done invoking toplevel() on ptolemy.moml.MoMLSimpleApplication@12c4ad79
reloadAllAccessors: .Expression13

===========================================================================================
----------------- testing Sun Apr 28 00:19:58 UTC 2019 /home/travis/build/icyphy/ptII/ptolemy/actor/lib/test/auto/Expression14.xml
----------------- Instantiating /home/travis/build/icyphy/ptII/ptolemy/actor/lib/test/auto/Expression14.xml
4 ms. Memory: 1373696K Free: 187547K (14%)
----------------- Invoking toplevel() on ptolemy.moml.MoMLSimpleApplication@48b25fd4
----------------- Done invoking toplevel() on ptolemy.moml.MoMLSimpleApplication@48b25fd4
reloadAllAccessors: .Expression14

===========================================================================================
----------------- testing Sun Apr 28 00:19:58 UTC 2019 /home/travis/build/icyphy/ptII/ptolemy/actor/lib/test/auto/Expression15.xml
----------------- Instantiating /home/travis/build/icyphy/ptII/ptolemy/actor/lib/test/auto/Expression15.xml
2 ms. Memory: 1373696K Free: 170808K (12%)
----------------- Invoking toplevel() on ptolemy.moml.MoMLSimpleApplication@501100c8
----------------- Done invoking toplevel() on ptolemy.moml.MoMLSimpleApplication@501100c8
reloadAllAccessors: .Expression15

===========================================================================================
----------------- testing Sun Apr 28 00:19:58 UTC 2019 /home/travis/build/icyphy/ptII/ptolemy/actor/lib/test/auto/Expression16.xml
----------------- Instantiating /home/travis/build/icyphy/ptII/ptolemy/actor/lib/test/auto/Expression16.xml
3 ms. Memory: 1373696K Free: 154069K (11%)
----------------- Invoking toplevel() on ptolemy.moml.MoMLSimpleApplication@6d76e81a
----------------- Done invoking toplevel() on ptolemy.moml.MoMLSimpleApplication@6d76e81a
reloadAllAccessors: .Expression16

===========================================================================================
----------------- testing Sun Apr 28 00:19:58 UTC 2019 /home/travis/build/icyphy/ptII/ptolemy/actor/lib/test/auto/Expression17.xml
----------------- Instantiating /home/travis/build/icyphy/ptII/ptolemy/actor/lib/test/auto/Expression17.xml
3 ms. Memory: 1373696K Free: 129703K (9%)
----------------- Invoking toplevel() on ptolemy.moml.MoMLSimpleApplication@2a93fb77
----------------- Done invoking toplevel() on ptolemy.moml.MoMLSimpleApplication@2a93fb77
reloadAllAccessors: .Expression17

===========================================================================================
----------------- testing Sun Apr 28 00:19:58 UTC 2019 /home/travis/build/icyphy/ptII/ptolemy/actor/lib/test/auto/Expression18.xml
----------------- Instantiating /home/travis/build/icyphy/ptII/ptolemy/actor/lib/test/auto/Expression18.xml
2 ms. Memory: 1373696K Free: 112964K (8%)
----------------- Invoking toplevel() on ptolemy.moml.MoMLSimpleApplication@1b815218
----------------- Done invoking toplevel() on ptolemy.moml.MoMLSimpleApplication@1b815218
reloadAllAccessors: .Expression18

===========================================================================================
----------------- testing Sun Apr 28 00:19:58 UTC 2019 /home/travis/build/icyphy/ptII/ptolemy/actor/lib/test/auto/Expression2.xml
----------------- Instantiating /home/travis/build/icyphy/ptII/ptolemy/actor/lib/test/auto/Expression2.xml
3 ms. Memory: 1373696K Free: 96225K (7%)
----------------- Invoking toplevel() on ptolemy.moml.MoMLSimpleApplication@514e862e
----------------- Done invoking toplevel() on ptolemy.moml.MoMLSimpleApplication@514e862e
reloadAllAccessors: .Expression2

===========================================================================================
----------------- testing Sun Apr 28 00:19:58 UTC 2019 /home/travis/build/icyphy/ptII/ptolemy/actor/lib/test/auto/Expression3.xml
----------------- Instantiating /home/travis/build/icyphy/ptII/ptolemy/actor/lib/test/auto/Expression3.xml
11 ms. Memory: 1373696K Free: 1331588K (97%)
----------------- Invoking toplevel() on ptolemy.moml.MoMLSimpleApplication@7b139043
----------------- Done invoking toplevel() on ptolemy.moml.MoMLSimpleApplication@7b139043
reloadAllAccessors: .Expression3

===========================================================================================
----------------- testing Sun Apr 28 00:19:58 UTC 2019 /home/travis/build/icyphy/ptII/ptolemy/actor/lib/test/auto/Expression4.xml
----------------- Instantiating /home/travis/build/icyphy/ptII/ptolemy/actor/lib/test/auto/Expression4.xml
4 ms. Memory: 1373696K Free: 1309250K (95%)
----------------- Invoking toplevel() on ptolemy.moml.MoMLSimpleApplication@37849dfa
----------------- Done invoking toplevel() on ptolemy.moml.MoMLSimpleApplication@37849dfa
reloadAllAccessors: .Expression4

===========================================================================================
----------------- testing Sun Apr 28 00:19:58 UTC 2019 /home/travis/build/icyphy/ptII/ptolemy/actor/lib/test/auto/Expression5.xml
----------------- Instantiating /home/travis/build/icyphy/ptII/ptolemy/actor/lib/test/auto/Expression5.xml
5 ms. Memory: 1373696K Free: 1296696K (94%)
----------------- Invoking toplevel() on ptolemy.moml.MoMLSimpleApplication@1d9ff6fd
----------------- Done invoking toplevel() on ptolemy.moml.MoMLSimpleApplication@1d9ff6fd
reloadAllAccessors: .Expression5

===========================================================================================
----------------- testing Sun Apr 28 00:19:58 UTC 2019 /home/travis/build/icyphy/ptII/ptolemy/actor/lib/test/auto/Expression6.xml
----------------- Instantiating /home/travis/build/icyphy/ptII/ptolemy/actor/lib/test/auto/Expression6.xml
2 ms. Memory: 1373696K Free: 1278543K (93%)
----------------- Invoking toplevel() on ptolemy.moml.MoMLSimpleApplication@6de8808c
----------------- Done invoking toplevel() on ptolemy.moml.MoMLSimpleApplication@6de8808c
reloadAllAccessors: .Expression6

===========================================================================================
----------------- testing Sun Apr 28 00:19:58 UTC 2019 /home/travis/build/icyphy/ptII/ptolemy/actor/lib/test/auto/Expression7.xml
----------------- Instantiating /home/travis/build/icyphy/ptII/ptolemy/actor/lib/test/auto/Expression7.xml
2 ms. Memory: 1373696K Free: 1265989K (92%)
----------------- Invoking toplevel() on ptolemy.moml.MoMLSimpleApplication@4c8991d1
----------------- Done invoking toplevel() on ptolemy.moml.MoMLSimpleApplication@4c8991d1
reloadAllAccessors: .Expression7

===========================================================================================
----------------- testing Sun Apr 28 00:19:59 UTC 2019 /home/travis/build/icyphy/ptII/ptolemy/actor/lib/test/auto/Expression8.xml
----------------- Instantiating /home/travis/build/icyphy/ptII/ptolemy/actor/lib/test/auto/Expression8.xml
7 ms. Memory: 1373696K Free: 1247836K (91%)
----------------- Invoking toplevel() on ptolemy.moml.MoMLSimpleApplication@76786f7a
----------------- Done invoking toplevel() on ptolemy.moml.MoMLSimpleApplication@76786f7a
reloadAllAccessors: .Expression8

===========================================================================================
----------------- testing Sun Apr 28 00:19:59 UTC 2019 /home/travis/build/icyphy/ptII/ptolemy/actor/lib/test/auto/Expression9.xml
----------------- Instantiating /home/travis/build/icyphy/ptII/ptolemy/actor/lib/test/auto/Expression9.xml
1 ms. Memory: 1373696K Free: 1235282K (90%)
----------------- Invoking toplevel() on ptolemy.moml.MoMLSimpleApplication@12aed6ed
----------------- Done invoking toplevel() on ptolemy.moml.MoMLSimpleApplication@12aed6ed
reloadAllAccessors: .Expression9

===========================================================================================
----------------- testing Sun Apr 28 00:19:59 UTC 2019 /home/travis/build/icyphy/ptII/ptolemy/actor/lib/test/auto/ExpressionConcatenateArrayType.xml
----------------- Instantiating /home/travis/build/icyphy/ptII/ptolemy/actor/lib/test/auto/ExpressionConcatenateArrayType.xml
2 ms. Memory: 1373696K Free: 1222728K (89%)
----------------- Invoking toplevel() on ptolemy.moml.MoMLSimpleApplication@5c64ed38
----------------- Done invoking toplevel() on ptolemy.moml.MoMLSimpleApplication@5c64ed38
reloadAllAccessors: .ExpressionConcatenateArrayType

===========================================================================================
----------------- testing Sun Apr 28 00:19:59 UTC 2019 /home/travis/build/icyphy/ptII/ptolemy/actor/lib/test/auto/ExpressionConcatenateArrayType2.xml
----------------- Instantiating /home/travis/build/icyphy/ptII/ptolemy/actor/lib/test/auto/ExpressionConcatenateArrayType2.xml
2 ms. Memory: 1373696K Free: 1204575K (88%)
----------------- Invoking toplevel() on ptolemy.moml.MoMLSimpleApplication@7ec0499e
----------------- Done invoking toplevel() on ptolemy.moml.MoMLSimpleApplication@7ec0499e
reloadAllAccessors: .ExpressionConcatenateArrayType2

===========================================================================================
----------------- testing Sun Apr 28 00:19:59 UTC 2019 /home/travis/build/icyphy/ptII/ptolemy/actor/lib/test/auto/ExpressionFix.xml
----------------- Instantiating /home/travis/build/icyphy/ptII/ptolemy/actor/lib/test/auto/ExpressionFix.xml
13 ms. Memory: 1373696K Free: 1191851K (87%)
----------------- Invoking toplevel() on ptolemy.moml.MoMLSimpleApplication@284afba7
----------------- Done invoking toplevel() on ptolemy.moml.MoMLSimpleApplication@284afba7
reloadAllAccessors: .ExpressionFix

===========================================================================================
----------------- testing Sun Apr 28 00:19:59 UTC 2019 /home/travis/build/icyphy/ptII/ptolemy/actor/lib/test/auto/ExpressionFix2.xml
----------------- Instantiating /home/travis/build/icyphy/ptII/ptolemy/actor/lib/test/auto/ExpressionFix2.xml
4 ms. Memory: 1373696K Free: 1173698K (85%)
----------------- Invoking toplevel() on ptolemy.moml.MoMLSimpleApplication@346c16df
----------------- Done invoking toplevel() on ptolemy.moml.MoMLSimpleApplication@346c16df
reloadAllAccessors: .ExpressionFix2

===========================================================================================
----------------- testing Sun Apr 28 00:19:59 UTC 2019 /home/travis/build/icyphy/ptII/ptolemy/actor/lib/test/auto/ExpressionFix3.xml
----------------- Instantiating /home/travis/build/icyphy/ptII/ptolemy/actor/lib/test/auto/ExpressionFix3.xml
2 ms. Memory: 1373696K Free: 1161144K (85%)
----------------- Invoking toplevel() on ptolemy.moml.MoMLSimpleApplication@553ad7c0
----------------- Done invoking toplevel() on ptolemy.moml.MoMLSimpleApplication@553ad7c0
reloadAllAccessors: .ExpressionFix3

===========================================================================================
----------------- testing Sun Apr 28 00:19:59 UTC 2019 /home/travis/build/icyphy/ptII/ptolemy/actor/lib/test/auto/FileWriter1.xml
----------------- Instantiating /home/travis/build/icyphy/ptII/ptolemy/actor/lib/test/auto/FileWriter1.xml
2 ms. Memory: 1373696K Free: 1148590K (84%)
----------------- Invoking toplevel() on ptolemy.moml.MoMLSimpleApplication@497af308
----------------- Done invoking toplevel() on ptolemy.moml.MoMLSimpleApplication@497af308
reloadAllAccessors: .FileWriter1

===========================================================================================
----------------- testing Sun Apr 28 00:19:59 UTC 2019 /home/travis/build/icyphy/ptII/ptolemy/actor/lib/test/auto/FileWriter2.xml
----------------- Instantiating /home/travis/build/icyphy/ptII/ptolemy/actor/lib/test/auto/FileWriter2.xml
4 ms. Memory: 1373696K Free: 1130437K (82%)
----------------- Invoking toplevel() on ptolemy.moml.MoMLSimpleApplication@1f0f2299
----------------- Done invoking toplevel() on ptolemy.moml.MoMLSimpleApplication@1f0f2299
reloadAllAccessors: .FileWriter2

===========================================================================================
----------------- testing Sun Apr 28 00:19:59 UTC 2019 /home/travis/build/icyphy/ptII/ptolemy/actor/lib/test/auto/FileWriter3.xml
----------------- Instantiating /home/travis/build/icyphy/ptII/ptolemy/actor/lib/test/auto/FileWriter3.xml
6 ms. Memory: 1373696K Free: 1117883K (81%)
----------------- Invoking toplevel() on ptolemy.moml.MoMLSimpleApplication@1720c9a2
----------------- Done invoking toplevel() on ptolemy.moml.MoMLSimpleApplication@1720c9a2
reloadAllAccessors: .FileWriter3

===========================================================================================
----------------- testing Sun Apr 28 00:19:59 UTC 2019 /home/travis/build/icyphy/ptII/ptolemy/actor/lib/test/auto/Gaussian.xml
----------------- Instantiating /home/travis/build/icyphy/ptII/ptolemy/actor/lib/test/auto/Gaussian.xml
4 ms. Memory: 1373696K Free: 1099730K (80%)
----------------- Invoking toplevel() on ptolemy.moml.MoMLSimpleApplication@e675b4b
----------------- Done invoking toplevel() on ptolemy.moml.MoMLSimpleApplication@e675b4b
reloadAllAccessors: .Gaussian

===========================================================================================
----------------- testing Sun Apr 28 00:19:59 UTC 2019 /home/travis/build/icyphy/ptII/ptolemy/actor/lib/test/auto/Gaussian1.xml
----------------- Instantiating /home/travis/build/icyphy/ptII/ptolemy/actor/lib/test/auto/Gaussian1.xml
3 ms. Memory: 1373696K Free: 1087176K (79%)
----------------- Invoking toplevel() on ptolemy.moml.MoMLSimpleApplication@c0a5e43
----------------- Done invoking toplevel() on ptolemy.moml.MoMLSimpleApplication@c0a5e43
reloadAllAccessors: .Gaussian1

===========================================================================================
----------------- testing Sun Apr 28 00:19:59 UTC 2019 /home/travis/build/icyphy/ptII/ptolemy/actor/lib/test/auto/Gaussian2.xml
----------------- Instantiating /home/travis/build/icyphy/ptII/ptolemy/actor/lib/test/auto/Gaussian2.xml
2 ms. Memory: 1373696K Free: 1074621K (78%)
----------------- Invoking toplevel() on ptolemy.moml.MoMLSimpleApplication@3ed96b9
----------------- Done invoking toplevel() on ptolemy.moml.MoMLSimpleApplication@3ed96b9
reloadAllAccessors: .Gaussian2

===========================================================================================
----------------- testing Sun Apr 28 00:19:59 UTC 2019 /home/travis/build/icyphy/ptII/ptolemy/actor/lib/test/auto/GradientAdaptiveLattice.xml
----------------- Instantiating /home/travis/build/icyphy/ptII/ptolemy/actor/lib/test/auto/GradientAdaptiveLattice.xml
4 ms. Memory: 1373696K Free: 1056468K (77%)
----------------- Invoking toplevel() on ptolemy.moml.MoMLSimpleApplication@917c0f8
----------------- Done invoking toplevel() on ptolemy.moml.MoMLSimpleApplication@917c0f8
reloadAllAccessors: .GradientAdaptiveLattice

===========================================================================================
----------------- testing Sun Apr 28 00:19:59 UTC 2019 /home/travis/build/icyphy/ptII/ptolemy/actor/lib/test/auto/IIR.xml
----------------- Instantiating /home/travis/build/icyphy/ptII/ptolemy/actor/lib/test/auto/IIR.xml
1 ms. Memory: 1373696K Free: 1043914K (76%)
----------------- Invoking toplevel() on ptolemy.moml.MoMLSimpleApplication@73634715
----------------- Done invoking toplevel() on ptolemy.moml.MoMLSimpleApplication@73634715
reloadAllAccessors: .IIR

===========================================================================================
----------------- testing Sun Apr 28 00:19:59 UTC 2019 /home/travis/build/icyphy/ptII/ptolemy/actor/lib/test/auto/InputOutputTransparentPorts.xml
----------------- Instantiating /home/travis/build/icyphy/ptII/ptolemy/actor/lib/test/auto/InputOutputTransparentPorts.xml
2 ms. Memory: 1373696K Free: 1025761K (75%)
----------------- Invoking toplevel() on ptolemy.moml.MoMLSimpleApplication@6a5fd1ef
----------------- Done invoking toplevel() on ptolemy.moml.MoMLSimpleApplication@6a5fd1ef
reloadAllAccessors: .InputOutputTransparentPorts

===========================================================================================
----------------- testing Sun Apr 28 00:19:59 UTC 2019 /home/travis/build/icyphy/ptII/ptolemy/actor/lib/test/auto/Interpolator.xml
----------------- Instantiating /home/travis/build/icyphy/ptII/ptolemy/actor/lib/test/auto/Interpolator.xml
5 ms. Memory: 1373696K Free: 1013207K (74%)
----------------- Invoking toplevel() on ptolemy.moml.MoMLSimpleApplication@5dc523b8
----------------- Done invoking toplevel() on ptolemy.moml.MoMLSimpleApplication@5dc523b8
reloadAllAccessors: .Interpolator

===========================================================================================
----------------- testing Sun Apr 28 00:19:59 UTC 2019 /home/travis/build/icyphy/ptII/ptolemy/actor/lib/test/auto/InterpolatorFiringLimitDE.xml
----------------- Instantiating /home/travis/build/icyphy/ptII/ptolemy/actor/lib/test/auto/InterpolatorFiringLimitDE.xml
2 ms. Memory: 1373696K Free: 1000653K (73%)
----------------- Invoking toplevel() on ptolemy.moml.MoMLSimpleApplication@6179960a
----------------- Done invoking toplevel() on ptolemy.moml.MoMLSimpleApplication@6179960a
reloadAllAccessors: .InterpolatorFiringLimitDE

===========================================================================================
----------------- testing Sun Apr 28 00:19:59 UTC 2019 /home/travis/build/icyphy/ptII/ptolemy/actor/lib/test/auto/Lattice.xml
----------------- Instantiating /home/travis/build/icyphy/ptII/ptolemy/actor/lib/test/auto/Lattice.xml
1 ms. Memory: 1373696K Free: 982500K (72%)
----------------- Invoking toplevel() on ptolemy.moml.MoMLSimpleApplication@7e3990ca
----------------- Done invoking toplevel() on ptolemy.moml.MoMLSimpleApplication@7e3990ca
reloadAllAccessors: .Lattice

===========================================================================================
----------------- testing Sun Apr 28 00:19:59 UTC 2019 /home/travis/build/icyphy/ptII/ptolemy/actor/lib/test/auto/LazyAOCTestLazy.xml
----------------- Instantiating /home/travis/build/icyphy/ptII/ptolemy/actor/lib/test/auto/LazyAOCTestLazy.xml
13 ms. Memory: 1373696K Free: 969946K (71%)
----------------- Invoking toplevel() on ptolemy.moml.MoMLSimpleApplication@74bd11a7
----------------- Done invoking toplevel() on ptolemy.moml.MoMLSimpleApplication@74bd11a7
reloadAllAccessors: .LazyAOCTestLazy

===========================================================================================
----------------- testing Sun Apr 28 00:19:59 UTC 2019 /home/travis/build/icyphy/ptII/ptolemy/actor/lib/test/auto/LazyAOCTestNonLazy.xml
----------------- Instantiating /home/travis/build/icyphy/ptII/ptolemy/actor/lib/test/auto/LazyAOCTestNonLazy.xml
2 ms. Memory: 1373696K Free: 951792K (69%)
----------------- Invoking toplevel() on ptolemy.moml.MoMLSimpleApplication@3d7611b2
----------------- Done invoking toplevel() on ptolemy.moml.MoMLSimpleApplication@3d7611b2
reloadAllAccessors: .LazyAOCTestNonLazy

===========================================================================================
----------------- testing Sun Apr 28 00:19:59 UTC 2019 /home/travis/build/icyphy/ptII/ptolemy/actor/lib/test/auto/LazyInnerClass.xml
----------------- Instantiating /home/travis/build/icyphy/ptII/ptolemy/actor/lib/test/auto/LazyInnerClass.xml
18 ms. Memory: 1373696K Free: 939238K (68%)
----------------- Invoking toplevel() on ptolemy.moml.MoMLSimpleApplication@11959f8d
----------------- Done invoking toplevel() on ptolemy.moml.MoMLSimpleApplication@11959f8d
reloadAllAccessors: .LazyInnerClass

===========================================================================================
----------------- testing Sun Apr 28 00:19:59 UTC 2019 /home/travis/build/icyphy/ptII/ptolemy/actor/lib/test/auto/LazyPubSub.xml
----------------- Instantiating /home/travis/build/icyphy/ptII/ptolemy/actor/lib/test/auto/LazyPubSub.xml
22 ms. Memory: 1373696K Free: 926684K (67%)
----------------- Invoking toplevel() on ptolemy.moml.MoMLSimpleApplication@76d040a7
----------------- Done invoking toplevel() on ptolemy.moml.MoMLSimpleApplication@76d040a7
reloadAllAccessors: .LazyPubSub

===========================================================================================
----------------- testing Sun Apr 28 00:19:59 UTC 2019 /home/travis/build/icyphy/ptII/ptolemy/actor/lib/test/auto/LazyPubSub2.xml
----------------- Instantiating /home/travis/build/icyphy/ptII/ptolemy/actor/lib/test/auto/LazyPubSub2.xml
19 ms. Memory: 1373696K Free: 908531K (66%)
----------------- Invoking toplevel() on ptolemy.moml.MoMLSimpleApplication@52091fe8
----------------- Done invoking toplevel() on ptolemy.moml.MoMLSimpleApplication@52091fe8
reloadAllAccessors: .LazyPubSub2

===========================================================================================
----------------- testing Sun Apr 28 00:19:59 UTC 2019 /home/travis/build/icyphy/ptII/ptolemy/actor/lib/test/auto/LazyPubSub3.xml
----------------- Instantiating /home/travis/build/icyphy/ptII/ptolemy/actor/lib/test/auto/LazyPubSub3.xml
14 ms. Memory: 1373696K Free: 895977K (65%)
----------------- Invoking toplevel() on ptolemy.moml.MoMLSimpleApplication@55d92556
----------------- Done invoking toplevel() on ptolemy.moml.MoMLSimpleApplication@55d92556
reloadAllAccessors: .LazyPubSub3

===========================================================================================
----------------- testing Sun Apr 28 00:19:59 UTC 2019 /home/travis/build/icyphy/ptII/ptolemy/actor/lib/test/auto/LazySubClassModel.xml
----------------- Instantiating /home/travis/build/icyphy/ptII/ptolemy/actor/lib/test/auto/LazySubClassModel.xml
2 ms. Memory: 1373696K Free: 871531K (63%)
----------------- Invoking toplevel() on ptolemy.moml.MoMLSimpleApplication@3c8aaf4e
----------------- Done invoking toplevel() on ptolemy.moml.MoMLSimpleApplication@3c8aaf4e
reloadAllAccessors: .LazySubClassModel

===========================================================================================
----------------- testing Sun Apr 28 00:19:59 UTC 2019 /home/travis/build/icyphy/ptII/ptolemy/actor/lib/test/auto/LevelCrossTest1.xml
----------------- Instantiating /home/travis/build/icyphy/ptII/ptolemy/actor/lib/test/auto/LevelCrossTest1.xml
1 ms. Memory: 1373696K Free: 858976K (63%)
----------------- Invoking toplevel() on ptolemy.moml.MoMLSimpleApplication@45062aa7
----------------- Done invoking toplevel() on ptolemy.moml.MoMLSimpleApplication@45062aa7
reloadAllAccessors: .broken

===========================================================================================
----------------- testing Sun Apr 28 00:19:59 UTC 2019 /home/travis/build/icyphy/ptII/ptolemy/actor/lib/test/auto/LevelCrossTest10.xml
----------------- Instantiating /home/travis/build/icyphy/ptII/ptolemy/actor/lib/test/auto/LevelCrossTest10.xml
1 ms. Memory: 1373696K Free: 840824K (61%)
----------------- Invoking toplevel() on ptolemy.moml.MoMLSimpleApplication@7de4a6a6
----------------- Done invoking toplevel() on ptolemy.moml.MoMLSimpleApplication@7de4a6a6
reloadAllAccessors: .LevelCrossTest10

===========================================================================================
----------------- testing Sun Apr 28 00:19:59 UTC 2019 /home/travis/build/icyphy/ptII/ptolemy/actor/lib/test/auto/LevelCrossTest11.xml
----------------- Instantiating /home/travis/build/icyphy/ptII/ptolemy/actor/lib/test/auto/LevelCrossTest11.xml
1 ms. Memory: 1373696K Free: 828269K (60%)
----------------- Invoking toplevel() on ptolemy.moml.MoMLSimpleApplication@2c6afd1b
----------------- Done invoking toplevel() on ptolemy.moml.MoMLSimpleApplication@2c6afd1b
reloadAllAccessors: .LevelCrossTest11

===========================================================================================
----------------- testing Sun Apr 28 00:19:59 UTC 2019 /home/travis/build/icyphy/ptII/ptolemy/actor/lib/test/auto/LevelCrossTest12.xml
----------------- Instantiating /home/travis/build/icyphy/ptII/ptolemy/actor/lib/test/auto/LevelCrossTest12.xml
1 ms. Memory: 1373696K Free: 815715K (59%)
----------------- Invoking toplevel() on ptolemy.moml.MoMLSimpleApplication@1da95f33
----------------- Done invoking toplevel() on ptolemy.moml.MoMLSimpleApplication@1da95f33
reloadAllAccessors: .LevelCrossTest12

===========================================================================================
----------------- testing Sun Apr 28 00:19:59 UTC 2019 /home/travis/build/icyphy/ptII/ptolemy/actor/lib/test/auto/LevelCrossTest13.xml
----------------- Instantiating /home/travis/build/icyphy/ptII/ptolemy/actor/lib/test/auto/LevelCrossTest13.xml
1 ms. Memory: 1373696K Free: 797562K (58%)
----------------- Invoking toplevel() on ptolemy.moml.MoMLSimpleApplication@445e1de3
----------------- Done invoking toplevel() on ptolemy.moml.MoMLSimpleApplication@445e1de3
reloadAllAccessors: .LevelCrossTest13

===========================================================================================
----------------- testing Sun Apr 28 00:19:59 UTC 2019 /home/travis/build/icyphy/ptII/ptolemy/actor/lib/test/auto/LevelCrossTest2.xml
----------------- Instantiating /home/travis/build/icyphy/ptII/ptolemy/actor/lib/test/auto/LevelCrossTest2.xml
1 ms. Memory: 1373696K Free: 785008K (57%)
----------------- Invoking toplevel() on ptolemy.moml.MoMLSimpleApplication@35e2380e
----------------- Done invoking toplevel() on ptolemy.moml.MoMLSimpleApplication@35e2380e
reloadAllAccessors: .broken

===========================================================================================
----------------- testing Sun Apr 28 00:19:59 UTC 2019 /home/travis/build/icyphy/ptII/ptolemy/actor/lib/test/auto/LevelCrossTest3.xml
----------------- Instantiating /home/travis/build/icyphy/ptII/ptolemy/actor/lib/test/auto/LevelCrossTest3.xml
4 ms. Memory: 1373696K Free: 766855K (56%)
----------------- Invoking toplevel() on ptolemy.moml.MoMLSimpleApplication@3c15fe39
----------------- Done invoking toplevel() on ptolemy.moml.MoMLSimpleApplication@3c15fe39
reloadAllAccessors: .LevelCrossTest3

===========================================================================================
----------------- testing Sun Apr 28 00:19:59 UTC 2019 /home/travis/build/icyphy/ptII/ptolemy/actor/lib/test/auto/LevelCrossTest4.xml
----------------- Instantiating /home/travis/build/icyphy/ptII/ptolemy/actor/lib/test/auto/LevelCrossTest4.xml
2 ms. Memory: 1373696K Free: 754301K (55%)
----------------- Invoking toplevel() on ptolemy.moml.MoMLSimpleApplication@3cbe466
----------------- Done invoking toplevel() on ptolemy.moml.MoMLSimpleApplication@3cbe466
reloadAllAccessors: .broken

===========================================================================================
----------------- testing Sun Apr 28 00:19:59 UTC 2019 /home/travis/build/icyphy/ptII/ptolemy/actor/lib/test/auto/LevelCrossTest5.xml
----------------- Instantiating /home/travis/build/icyphy/ptII/ptolemy/actor/lib/test/auto/LevelCrossTest5.xml
4 ms. Memory: 1373696K Free: 741747K (54%)
----------------- Invoking toplevel() on ptolemy.moml.MoMLSimpleApplication@6bbf676
----------------- Done invoking toplevel() on ptolemy.moml.MoMLSimpleApplication@6bbf676
reloadAllAccessors: .LevelCrossTest5

===========================================================================================
----------------- testing Sun Apr 28 00:19:59 UTC 2019 /home/travis/build/icyphy/ptII/ptolemy/actor/lib/test/auto/LevelCrossTest6.xml
----------------- Instantiating /home/travis/build/icyphy/ptII/ptolemy/actor/lib/test/auto/LevelCrossTest6.xml
1 ms. Memory: 1373696K Free: 723594K (53%)
----------------- Invoking toplevel() on ptolemy.moml.MoMLSimpleApplication@425a878d
----------------- Done invoking toplevel() on ptolemy.moml.MoMLSimpleApplication@425a878d
reloadAllAccessors: .LevelCrossTest6

===========================================================================================
----------------- testing Sun Apr 28 00:19:59 UTC 2019 /home/travis/build/icyphy/ptII/ptolemy/actor/lib/test/auto/LevelCrossTest7.xml
----------------- Instantiating /home/travis/build/icyphy/ptII/ptolemy/actor/lib/test/auto/LevelCrossTest7.xml
1 ms. Memory: 1373696K Free: 711040K (52%)
----------------- Invoking toplevel() on ptolemy.moml.MoMLSimpleApplication@48482463
----------------- Done invoking toplevel() on ptolemy.moml.MoMLSimpleApplication@48482463
reloadAllAccessors: .LevelCrossTest7

===========================================================================================
----------------- testing Sun Apr 28 00:19:59 UTC 2019 /home/travis/build/icyphy/ptII/ptolemy/actor/lib/test/auto/LevelCrossTest8.xml
----------------- Instantiating /home/travis/build/icyphy/ptII/ptolemy/actor/lib/test/auto/LevelCrossTest8.xml
1 ms. Memory: 1373696K Free: 692886K (50%)
----------------- Invoking toplevel() on ptolemy.moml.MoMLSimpleApplication@22fa742e
----------------- Done invoking toplevel() on ptolemy.moml.MoMLSimpleApplication@22fa742e
reloadAllAccessors: .LevelCrossTest8

===========================================================================================
----------------- testing Sun Apr 28 00:19:59 UTC 2019 /home/travis/build/icyphy/ptII/ptolemy/actor/lib/test/auto/LevelCrossTest9.xml
----------------- Instantiating /home/travis/build/icyphy/ptII/ptolemy/actor/lib/test/auto/LevelCrossTest9.xml
2 ms. Memory: 1373696K Free: 680332K (50%)
----------------- Invoking toplevel() on ptolemy.moml.MoMLSimpleApplication@355f5d9c
----------------- Done invoking toplevel() on ptolemy.moml.MoMLSimpleApplication@355f5d9c
reloadAllAccessors: .LevelCrossTest9

===========================================================================================
----------------- testing Sun Apr 28 00:19:59 UTC 2019 /home/travis/build/icyphy/ptII/ptolemy/actor/lib/test/auto/LevinsonDurbin.xml
----------------- Instantiating /home/travis/build/icyphy/ptII/ptolemy/actor/lib/test/auto/LevinsonDurbin.xml
1 ms. Memory: 1373696K Free: 667778K (49%)
----------------- Invoking toplevel() on ptolemy.moml.MoMLSimpleApplication@4c771e11
----------------- Done invoking toplevel() on ptolemy.moml.MoMLSimpleApplication@4c771e11
reloadAllAccessors: .LevinsonDurbin

===========================================================================================
----------------- testing Sun Apr 28 00:19:59 UTC 2019 /home/travis/build/icyphy/ptII/ptolemy/actor/lib/test/auto/LevinsonDurbin2.xml
----------------- Instantiating /home/travis/build/icyphy/ptII/ptolemy/actor/lib/test/auto/LevinsonDurbin2.xml
1 ms. Memory: 1373696K Free: 649625K (47%)
----------------- Invoking toplevel() on ptolemy.moml.MoMLSimpleApplication@6f8b0eea
----------------- Done invoking toplevel() on ptolemy.moml.MoMLSimpleApplication@6f8b0eea
reloadAllAccessors: .LevinsonDurbin2

===========================================================================================
----------------- testing Sun Apr 28 00:19:59 UTC 2019 /home/travis/build/icyphy/ptII/ptolemy/actor/lib/test/auto/LevinsonDurbin3.xml
----------------- Instantiating /home/travis/build/icyphy/ptII/ptolemy/actor/lib/test/auto/LevinsonDurbin3.xml
2 ms. Memory: 1373696K Free: 637071K (46%)
----------------- Invoking toplevel() on ptolemy.moml.MoMLSimpleApplication@3fbabfdf
----------------- Done invoking toplevel() on ptolemy.moml.MoMLSimpleApplication@3fbabfdf
reloadAllAccessors: .LevinsonDurbin3

===========================================================================================
----------------- testing Sun Apr 28 00:19:59 UTC 2019 /home/travis/build/icyphy/ptII/ptolemy/actor/lib/test/auto/Limiter.xml
----------------- Instantiating /home/travis/build/icyphy/ptII/ptolemy/actor/lib/test/auto/Limiter.xml
4 ms. Memory: 1373696K Free: 618918K (45%)
----------------- Invoking toplevel() on ptolemy.moml.MoMLSimpleApplication@13eeae2f
----------------- Done invoking toplevel() on ptolemy.moml.MoMLSimpleApplication@13eeae2f
reloadAllAccessors: .Limiter

===========================================================================================
----------------- testing Sun Apr 28 00:19:59 UTC 2019 /home/travis/build/icyphy/ptII/ptolemy/actor/lib/test/auto/LinearDifferenceEquationSystem.xml
----------------- Instantiating /home/travis/build/icyphy/ptII/ptolemy/actor/lib/test/auto/LinearDifferenceEquationSystem.xml
3 ms. Memory: 1373696K Free: 606364K (44%)
----------------- Invoking toplevel() on ptolemy.moml.MoMLSimpleApplication@5f7a400b
----------------- Done invoking toplevel() on ptolemy.moml.MoMLSimpleApplication@5f7a400b
reloadAllAccessors: .LinearDifferenceEquationSystem

===========================================================================================
----------------- testing Sun Apr 28 00:19:59 UTC 2019 /home/travis/build/icyphy/ptII/ptolemy/actor/lib/test/auto/LookupTable.xml
----------------- Instantiating /home/travis/build/icyphy/ptII/ptolemy/actor/lib/test/auto/LookupTable.xml
1 ms. Memory: 1373696K Free: 588211K (43%)
----------------- Invoking toplevel() on ptolemy.moml.MoMLSimpleApplication@7d9c62fb
----------------- Done invoking toplevel() on ptolemy.moml.MoMLSimpleApplication@7d9c62fb
reloadAllAccessors: .LookupTable

===========================================================================================
----------------- testing Sun Apr 28 00:20:00 UTC 2019 /home/travis/build/icyphy/ptII/ptolemy/actor/lib/test/auto/MathFunction.xml
----------------- Instantiating /home/travis/build/icyphy/ptII/ptolemy/actor/lib/test/auto/MathFunction.xml
10 ms. Memory: 1373696K Free: 575657K (42%)
----------------- Invoking toplevel() on ptolemy.moml.MoMLSimpleApplication@715a7260
----------------- Done invoking toplevel() on ptolemy.moml.MoMLSimpleApplication@715a7260
reloadAllAccessors: .MathFunction

===========================================================================================
----------------- testing Sun Apr 28 00:20:00 UTC 2019 /home/travis/build/icyphy/ptII/ptolemy/actor/lib/test/auto/MathFunction2.xml
----------------- Instantiating /home/travis/build/icyphy/ptII/ptolemy/actor/lib/test/auto/MathFunction2.xml
2 ms. Memory: 1373696K Free: 563103K (41%)
----------------- Invoking toplevel() on ptolemy.moml.MoMLSimpleApplication@3db56bde
----------------- Done invoking toplevel() on ptolemy.moml.MoMLSimpleApplication@3db56bde
reloadAllAccessors: .MathFunction2

===========================================================================================
----------------- testing Sun Apr 28 00:20:00 UTC 2019 /home/travis/build/icyphy/ptII/ptolemy/actor/lib/test/auto/MathFunction3.xml
----------------- Instantiating /home/travis/build/icyphy/ptII/ptolemy/actor/lib/test/auto/MathFunction3.xml
5 ms. Memory: 1373696K Free: 544950K (40%)
----------------- Invoking toplevel() on ptolemy.moml.MoMLSimpleApplication@18a31581
----------------- Done invoking toplevel() on ptolemy.moml.MoMLSimpleApplication@18a31581
reloadAllAccessors: .MathFunction3

===========================================================================================
----------------- testing Sun Apr 28 00:20:00 UTC 2019 /home/travis/build/icyphy/ptII/ptolemy/actor/lib/test/auto/MatrixCropBoolean.xml
----------------- Instantiating /home/travis/build/icyphy/ptII/ptolemy/actor/lib/test/auto/MatrixCropBoolean.xml
2 ms. Memory: 1373696K Free: 532395K (39%)
----------------- Invoking toplevel() on ptolemy.moml.MoMLSimpleApplication@7b761019
----------------- Done invoking toplevel() on ptolemy.moml.MoMLSimpleApplication@7b761019
reloadAllAccessors: .MatrixCropBoolean

===========================================================================================
----------------- testing Sun Apr 28 00:20:00 UTC 2019 /home/travis/build/icyphy/ptII/ptolemy/actor/lib/test/auto/MatrixCropComplex.xml
----------------- Instantiating /home/travis/build/icyphy/ptII/ptolemy/actor/lib/test/auto/MatrixCropComplex.xml
2 ms. Memory: 1373696K Free: 514243K (37%)
----------------- Invoking toplevel() on ptolemy.moml.MoMLSimpleApplication@97e27c7
----------------- Done invoking toplevel() on ptolemy.moml.MoMLSimpleApplication@97e27c7
reloadAllAccessors: .MatrixCropComplex

===========================================================================================
----------------- testing Sun Apr 28 00:20:00 UTC 2019 /home/travis/build/icyphy/ptII/ptolemy/actor/lib/test/auto/MatrixCropDouble.xml
----------------- Instantiating /home/travis/build/icyphy/ptII/ptolemy/actor/lib/test/auto/MatrixCropDouble.xml
2 ms. Memory: 1373696K Free: 501688K (37%)
----------------- Invoking toplevel() on ptolemy.moml.MoMLSimpleApplication@7f655feb
----------------- Done invoking toplevel() on ptolemy.moml.MoMLSimpleApplication@7f655feb
reloadAllAccessors: .MatrixCropDouble

===========================================================================================
----------------- testing Sun Apr 28 00:20:00 UTC 2019 /home/travis/build/icyphy/ptII/ptolemy/actor/lib/test/auto/MatrixCropFix.xml
----------------- Instantiating /home/travis/build/icyphy/ptII/ptolemy/actor/lib/test/auto/MatrixCropFix.xml
1 ms. Memory: 1373696K Free: 489134K (36%)
----------------- Invoking toplevel() on ptolemy.moml.MoMLSimpleApplication@44356459
----------------- Done invoking toplevel() on ptolemy.moml.MoMLSimpleApplication@44356459
reloadAllAccessors: .MatrixCropFix

===========================================================================================
----------------- testing Sun Apr 28 00:20:00 UTC 2019 /home/travis/build/icyphy/ptII/ptolemy/actor/lib/test/auto/MatrixCropInt.xml
----------------- Instantiating /home/travis/build/icyphy/ptII/ptolemy/actor/lib/test/auto/MatrixCropInt.xml
1 ms. Memory: 1373696K Free: 470981K (34%)
----------------- Invoking toplevel() on ptolemy.moml.MoMLSimpleApplication@5908482a
----------------- Done invoking toplevel() on ptolemy.moml.MoMLSimpleApplication@5908482a
reloadAllAccessors: .MatrixCropInt

===========================================================================================
----------------- testing Sun Apr 28 00:20:00 UTC 2019 /home/travis/build/icyphy/ptII/ptolemy/actor/lib/test/auto/MatrixCropLong.xml
----------------- Instantiating /home/travis/build/icyphy/ptII/ptolemy/actor/lib/test/auto/MatrixCropLong.xml
2 ms. Memory: 1373696K Free: 458427K (33%)
----------------- Invoking toplevel() on ptolemy.moml.MoMLSimpleApplication@208169d5
----------------- Done invoking toplevel() on ptolemy.moml.MoMLSimpleApplication@208169d5
reloadAllAccessors: .MatrixCropLong

===========================================================================================
----------------- testing Sun Apr 28 00:20:00 UTC 2019 /home/travis/build/icyphy/ptII/ptolemy/actor/lib/test/auto/MatrixToArray.xml
----------------- Instantiating /home/travis/build/icyphy/ptII/ptolemy/actor/lib/test/auto/MatrixToArray.xml
9 ms. Memory: 1373696K Free: 427703K (31%)
----------------- Invoking toplevel() on ptolemy.moml.MoMLSimpleApplication@6a2b2e08
----------------- Done invoking toplevel() on ptolemy.moml.MoMLSimpleApplication@6a2b2e08
reloadAllAccessors: .MatrixToArray

===========================================================================================
----------------- testing Sun Apr 28 00:20:00 UTC 2019 /home/travis/build/icyphy/ptII/ptolemy/actor/lib/test/auto/MaxIndex.xml
----------------- Instantiating /home/travis/build/icyphy/ptII/ptolemy/actor/lib/test/auto/MaxIndex.xml
1 ms. Memory: 1373696K Free: 415149K (30%)
----------------- Invoking toplevel() on ptolemy.moml.MoMLSimpleApplication@7a666cf7
----------------- Done invoking toplevel() on ptolemy.moml.MoMLSimpleApplication@7a666cf7
reloadAllAccessors: .MaxIndex

===========================================================================================
----------------- testing Sun Apr 28 00:20:00 UTC 2019 /home/travis/build/icyphy/ptII/ptolemy/actor/lib/test/auto/Maximum.xml
----------------- Instantiating /home/travis/build/icyphy/ptII/ptolemy/actor/lib/test/auto/Maximum.xml
2 ms. Memory: 1373696K Free: 396996K (29%)
----------------- Invoking toplevel() on ptolemy.moml.MoMLSimpleApplication@3a634453
----------------- Done invoking toplevel() on ptolemy.moml.MoMLSimpleApplication@3a634453
reloadAllAccessors: .Maximum

===========================================================================================
----------------- testing Sun Apr 28 00:20:00 UTC 2019 /home/travis/build/icyphy/ptII/ptolemy/actor/lib/test/auto/MaximumComplex.xml
----------------- Instantiating /home/travis/build/icyphy/ptII/ptolemy/actor/lib/test/auto/MaximumComplex.xml
4 ms. Memory: 1373696K Free: 384442K (28%)
----------------- Invoking toplevel() on ptolemy.moml.MoMLSimpleApplication@e60ab2
----------------- Done invoking toplevel() on ptolemy.moml.MoMLSimpleApplication@e60ab2
reloadAllAccessors: .MaximumComplex

===========================================================================================
----------------- testing Sun Apr 28 00:20:00 UTC 2019 /home/travis/build/icyphy/ptII/ptolemy/actor/lib/test/auto/MethodCallTest.xml
----------------- Instantiating /home/travis/build/icyphy/ptII/ptolemy/actor/lib/test/auto/MethodCallTest.xml
2 ms. Memory: 1373696K Free: 371888K (27%)
----------------- Invoking toplevel() on ptolemy.moml.MoMLSimpleApplication@15f3e65d
----------------- Done invoking toplevel() on ptolemy.moml.MoMLSimpleApplication@15f3e65d
reloadAllAccessors: .MethodCallTest

===========================================================================================
----------------- testing Sun Apr 28 00:20:00 UTC 2019 /home/travis/build/icyphy/ptII/ptolemy/actor/lib/test/auto/Minimum.xml
----------------- Instantiating /home/travis/build/icyphy/ptII/ptolemy/actor/lib/test/auto/Minimum.xml
2 ms. Memory: 1373696K Free: 353735K (26%)
----------------- Invoking toplevel() on ptolemy.moml.MoMLSimpleApplication@435e148c
----------------- Done invoking toplevel() on ptolemy.moml.MoMLSimpleApplication@435e148c
reloadAllAccessors: .Minimum

===========================================================================================
----------------- testing Sun Apr 28 00:20:00 UTC 2019 /home/travis/build/icyphy/ptII/ptolemy/actor/lib/test/auto/MinimumComplex.xml
----------------- Instantiating /home/travis/build/icyphy/ptII/ptolemy/actor/lib/test/auto/MinimumComplex.xml
3 ms. Memory: 1373696K Free: 341181K (25%)
----------------- Invoking toplevel() on ptolemy.moml.MoMLSimpleApplication@7fbd59d
----------------- Done invoking toplevel() on ptolemy.moml.MoMLSimpleApplication@7fbd59d
reloadAllAccessors: .MinimumComplex

===========================================================================================
----------------- testing Sun Apr 28 00:20:00 UTC 2019 /home/travis/build/icyphy/ptII/ptolemy/actor/lib/test/auto/MinimumMultiports.xml
----------------- Instantiating /home/travis/build/icyphy/ptII/ptolemy/actor/lib/test/auto/MinimumMultiports.xml
3 ms. Memory: 1373696K Free: 323028K (24%)
----------------- Invoking toplevel() on ptolemy.moml.MoMLSimpleApplication@7bc44fb2
----------------- Done invoking toplevel() on ptolemy.moml.MoMLSimpleApplication@7bc44fb2
reloadAllAccessors: .MinimumMultiports

===========================================================================================
----------------- testing Sun Apr 28 00:20:00 UTC 2019 /home/travis/build/icyphy/ptII/ptolemy/actor/lib/test/auto/ModifyDate.xml
----------------- Instantiating /home/travis/build/icyphy/ptII/ptolemy/actor/lib/test/auto/ModifyDate.xml
6 ms. Memory: 1373696K Free: 304196K (22%)
----------------- Invoking toplevel() on ptolemy.moml.MoMLSimpleApplication@2405e6a2
----------------- Done invoking toplevel() on ptolemy.moml.MoMLSimpleApplication@2405e6a2
reloadAllAccessors: .ModifyDate

===========================================================================================
----------------- testing Sun Apr 28 00:20:00 UTC 2019 /home/travis/build/icyphy/ptII/ptolemy/actor/lib/test/auto/ModifyDate2.xml
----------------- Instantiating /home/travis/build/icyphy/ptII/ptolemy/actor/lib/test/auto/ModifyDate2.xml
3 ms. Memory: 1373696K Free: 279750K (20%)
----------------- Invoking toplevel() on ptolemy.moml.MoMLSimpleApplication@2be3861c
----------------- Done invoking toplevel() on ptolemy.moml.MoMLSimpleApplication@2be3861c
reloadAllAccessors: .ModifyDate2

===========================================================================================
----------------- testing Sun Apr 28 00:20:00 UTC 2019 /home/travis/build/icyphy/ptII/ptolemy/actor/lib/test/auto/MovingAverage.xml
----------------- Instantiating /home/travis/build/icyphy/ptII/ptolemy/actor/lib/test/auto/MovingAverage.xml
2 ms. Memory: 1373696K Free: 267196K (19%)
----------------- Invoking toplevel() on ptolemy.moml.MoMLSimpleApplication@1c7aba21
----------------- Done invoking toplevel() on ptolemy.moml.MoMLSimpleApplication@1c7aba21
reloadAllAccessors: .MovingAverage

===========================================================================================
----------------- testing Sun Apr 28 00:20:00 UTC 2019 /home/travis/build/icyphy/ptII/ptolemy/actor/lib/test/auto/MovingMaximum.xml
----------------- Instantiating /home/travis/build/icyphy/ptII/ptolemy/actor/lib/test/auto/MovingMaximum.xml
5 ms. Memory: 1373696K Free: 254642K (19%)
----------------- Invoking toplevel() on ptolemy.moml.MoMLSimpleApplication@2ad66ec5
----------------- Done invoking toplevel() on ptolemy.moml.MoMLSimpleApplication@2ad66ec5
reloadAllAccessors: .MovingMaximum

===========================================================================================
----------------- testing Sun Apr 28 00:20:00 UTC 2019 /home/travis/build/icyphy/ptII/ptolemy/actor/lib/test/auto/MultipleLinksToSameRelation.xml
----------------- Instantiating /home/travis/build/icyphy/ptII/ptolemy/actor/lib/test/auto/MultipleLinksToSameRelation.xml
1 ms. Memory: 1373696K Free: 236489K (17%)
----------------- Invoking toplevel() on ptolemy.moml.MoMLSimpleApplication@55ea4526
----------------- Done invoking toplevel() on ptolemy.moml.MoMLSimpleApplication@55ea4526
reloadAllAccessors: .MultipleLinksToSameRelation

===========================================================================================
----------------- testing Sun Apr 28 00:20:00 UTC 2019 /home/travis/build/icyphy/ptII/ptolemy/actor/lib/test/auto/MultipleLinksToSameRelationDE.xml
----------------- Instantiating /home/travis/build/icyphy/ptII/ptolemy/actor/lib/test/auto/MultipleLinksToSameRelationDE.xml
2 ms. Memory: 1373696K Free: 223935K (16%)
----------------- Invoking toplevel() on ptolemy.moml.MoMLSimpleApplication@584c60de
----------------- Done invoking toplevel() on ptolemy.moml.MoMLSimpleApplication@584c60de
reloadAllAccessors: .MultipleLinksToSameRelationDE

===========================================================================================
----------------- testing Sun Apr 28 00:20:00 UTC 2019 /home/travis/build/icyphy/ptII/ptolemy/actor/lib/test/auto/Multiplexor.xml
----------------- Instantiating /home/travis/build/icyphy/ptII/ptolemy/actor/lib/test/auto/Multiplexor.xml
2 ms. Memory: 1373696K Free: 205782K (15%)
----------------- Invoking toplevel() on ptolemy.moml.MoMLSimpleApplication@3872b523
----------------- Done invoking toplevel() on ptolemy.moml.MoMLSimpleApplication@3872b523
reloadAllAccessors: .Multiplexor

===========================================================================================
----------------- testing Sun Apr 28 00:20:00 UTC 2019 /home/travis/build/icyphy/ptII/ptolemy/actor/lib/test/auto/Multiplexor1.xml
----------------- Instantiating /home/travis/build/icyphy/ptII/ptolemy/actor/lib/test/auto/Multiplexor1.xml
2 ms. Memory: 1373696K Free: 193228K (14%)
----------------- Invoking toplevel() on ptolemy.moml.MoMLSimpleApplication@73102822
----------------- Done invoking toplevel() on ptolemy.moml.MoMLSimpleApplication@73102822
reloadAllAccessors: .Multiplexor1

===========================================================================================
----------------- testing Sun Apr 28 00:20:00 UTC 2019 /home/travis/build/icyphy/ptII/ptolemy/actor/lib/test/auto/Multiplexor2.xml
----------------- Instantiating /home/travis/build/icyphy/ptII/ptolemy/actor/lib/test/auto/Multiplexor2.xml
6 ms. Memory: 1373696K Free: 180674K (13%)
----------------- Invoking toplevel() on ptolemy.moml.MoMLSimpleApplication@3d1fff09
----------------- Done invoking toplevel() on ptolemy.moml.MoMLSimpleApplication@3d1fff09
reloadAllAccessors: .Multiplexor2

===========================================================================================
----------------- testing Sun Apr 28 00:20:00 UTC 2019 /home/travis/build/icyphy/ptII/ptolemy/actor/lib/test/auto/Multiplexor3.xml
----------------- Instantiating /home/travis/build/icyphy/ptII/ptolemy/actor/lib/test/auto/Multiplexor3.xml
2 ms. Memory: 1373696K Free: 162521K (12%)
----------------- Invoking toplevel() on ptolemy.moml.MoMLSimpleApplication@5dca20f
----------------- Done invoking toplevel() on ptolemy.moml.MoMLSimpleApplication@5dca20f
reloadAllAccessors: .Multiplexor3

===========================================================================================
----------------- testing Sun Apr 28 00:20:00 UTC 2019 /home/travis/build/icyphy/ptII/ptolemy/actor/lib/test/auto/MultiplexorDE.xml
----------------- Instantiating /home/travis/build/icyphy/ptII/ptolemy/actor/lib/test/auto/MultiplexorDE.xml
2 ms. Memory: 1373696K Free: 149966K (11%)
----------------- Invoking toplevel() on ptolemy.moml.MoMLSimpleApplication@2157b5da
----------------- Done invoking toplevel() on ptolemy.moml.MoMLSimpleApplication@2157b5da
reloadAllAccessors: .MultiplexorDE

===========================================================================================
----------------- testing Sun Apr 28 00:20:00 UTC 2019 /home/travis/build/icyphy/ptII/ptolemy/actor/lib/test/auto/MultiportBroadcastTest.xml
----------------- Instantiating /home/travis/build/icyphy/ptII/ptolemy/actor/lib/test/auto/MultiportBroadcastTest.xml
82 ms. Memory: 1373696K Free: 131814K (10%)
----------------- Invoking toplevel() on ptolemy.moml.MoMLSimpleApplication@6d6d8a85
----------------- Done invoking toplevel() on ptolemy.moml.MoMLSimpleApplication@6d6d8a85
reloadAllAccessors: .MultiportBroadcastTest

===========================================================================================
----------------- testing Sun Apr 28 00:20:00 UTC 2019 /home/travis/build/icyphy/ptII/ptolemy/actor/lib/test/auto/MultiportOutHangDuringGetWidth.xml
----------------- Instantiating /home/travis/build/icyphy/ptII/ptolemy/actor/lib/test/auto/MultiportOutHangDuringGetWidth.xml
6 ms. Memory: 1373696K Free: 112982K (8%)
----------------- Invoking toplevel() on ptolemy.moml.MoMLSimpleApplication@2d2dc56f
----------------- Done invoking toplevel() on ptolemy.moml.MoMLSimpleApplication@2d2dc56f
reloadAllAccessors: .MultiportOutHangDuringGetWidth

===========================================================================================
----------------- testing Sun Apr 28 00:20:00 UTC 2019 /home/travis/build/icyphy/ptII/ptolemy/actor/lib/test/auto/NilToken.xml
----------------- Instantiating /home/travis/build/icyphy/ptII/ptolemy/actor/lib/test/auto/NilToken.xml
2 ms. Memory: 1373696K Free: 94829K (7%)
----------------- Invoking toplevel() on ptolemy.moml.MoMLSimpleApplication@7d513404
----------------- Done invoking toplevel() on ptolemy.moml.MoMLSimpleApplication@7d513404
reloadAllAccessors: .NilToken

===========================================================================================
----------------- testing Sun Apr 28 00:20:00 UTC 2019 /home/travis/build/icyphy/ptII/ptolemy/actor/lib/test/auto/NilTokenNonStrictTest.xml
----------------- Instantiating /home/travis/build/icyphy/ptII/ptolemy/actor/lib/test/auto/NilTokenNonStrictTest.xml
1 ms. Memory: 1373696K Free: 82275K (6%)
----------------- Invoking toplevel() on ptolemy.moml.MoMLSimpleApplication@494a2dae
----------------- Done invoking toplevel() on ptolemy.moml.MoMLSimpleApplication@494a2dae
reloadAllAccessors: .NilTokenNonStrictTest

===========================================================================================
----------------- testing Sun Apr 28 00:20:00 UTC 2019 /home/travis/build/icyphy/ptII/ptolemy/actor/lib/test/auto/NilTokenRecord.xml
----------------- Instantiating /home/travis/build/icyphy/ptII/ptolemy/actor/lib/test/auto/NilTokenRecord.xml
5 ms. Memory: 1574912K Free: 1524903K (97%)
----------------- Invoking toplevel() on ptolemy.moml.MoMLSimpleApplication@c4cefcd
----------------- Done invoking toplevel() on ptolemy.moml.MoMLSimpleApplication@c4cefcd
reloadAllAccessors: .NilTokenRecord

===========================================================================================
----------------- testing Sun Apr 28 00:20:00 UTC 2019 /home/travis/build/icyphy/ptII/ptolemy/actor/lib/test/auto/NilTokenTypeTest.xml
----------------- Instantiating /home/travis/build/icyphy/ptII/ptolemy/actor/lib/test/auto/NilTokenTypeTest.xml
11 ms. Memory: 1574912K Free: 1496947K (95%)
----------------- Invoking toplevel() on ptolemy.moml.MoMLSimpleApplication@72071d6b
----------------- Done invoking toplevel() on ptolemy.moml.MoMLSimpleApplication@72071d6b
reloadAllAccessors: .NilTokenTypeTest

===========================================================================================
----------------- testing Sun Apr 28 00:20:00 UTC 2019 /home/travis/build/icyphy/ptII/ptolemy/actor/lib/test/auto/ObjectToken1.xml
----------------- Instantiating /home/travis/build/icyphy/ptII/ptolemy/actor/lib/test/auto/ObjectToken1.xml
2 ms. Memory: 1574912K Free: 1482191K (94%)
----------------- Invoking toplevel() on ptolemy.moml.MoMLSimpleApplication@65a25aa0
----------------- Done invoking toplevel() on ptolemy.moml.MoMLSimpleApplication@65a25aa0
reloadAllAccessors: .ObjectToken1

===========================================================================================
----------------- testing Sun Apr 28 00:20:00 UTC 2019 /home/travis/build/icyphy/ptII/ptolemy/actor/lib/test/auto/OrderedMerge.xml
----------------- Instantiating /home/travis/build/icyphy/ptII/ptolemy/actor/lib/test/auto/OrderedMerge.xml
10 ms. Memory: 1574912K Free: 1432117K (91%)
----------------- Invoking toplevel() on ptolemy.moml.MoMLSimpleApplication@68c5f45b
----------------- Done invoking toplevel() on ptolemy.moml.MoMLSimpleApplication@68c5f45b
reloadAllAccessors: .OrderedMerge

===========================================================================================
----------------- testing Sun Apr 28 00:20:00 UTC 2019 /home/travis/build/icyphy/ptII/ptolemy/actor/lib/test/auto/OrderedRecordDisassembler.xml
----------------- Instantiating /home/travis/build/icyphy/ptII/ptolemy/actor/lib/test/auto/OrderedRecordDisassembler.xml
3 ms. Memory: 1574912K Free: 1417232K (90%)
----------------- Invoking toplevel() on ptolemy.moml.MoMLSimpleApplication@67215485
----------------- Done invoking toplevel() on ptolemy.moml.MoMLSimpleApplication@67215485
reloadAllAccessors: .OrderedRecordDisassembler

===========================================================================================
----------------- testing Sun Apr 28 00:20:00 UTC 2019 /home/travis/build/icyphy/ptII/ptolemy/actor/lib/test/auto/OrderedRecordDisassembler2.xml
----------------- Instantiating /home/travis/build/icyphy/ptII/ptolemy/actor/lib/test/auto/OrderedRecordDisassembler2.xml
3 ms. Memory: 1574912K Free: 1396669K (89%)
----------------- Invoking toplevel() on ptolemy.moml.MoMLSimpleApplication@6bae4941
----------------- Done invoking toplevel() on ptolemy.moml.MoMLSimpleApplication@6bae4941
reloadAllAccessors: .OrderedRecordDisassembler2

===========================================================================================
----------------- testing Sun Apr 28 00:20:00 UTC 2019 /home/travis/build/icyphy/ptII/ptolemy/actor/lib/test/auto/OrderedRecordUpdater.xml
----------------- Instantiating /home/travis/build/icyphy/ptII/ptolemy/actor/lib/test/auto/OrderedRecordUpdater.xml
2 ms. Memory: 1574912K Free: 1381914K (88%)
----------------- Invoking toplevel() on ptolemy.moml.MoMLSimpleApplication@3650fc61
----------------- Done invoking toplevel() on ptolemy.moml.MoMLSimpleApplication@3650fc61
reloadAllAccessors: .RecordUpdater

===========================================================================================
----------------- testing Sun Apr 28 00:20:00 UTC 2019 /home/travis/build/icyphy/ptII/ptolemy/actor/lib/test/auto/OrderedRecordUpdater2.xml
----------------- Instantiating /home/travis/build/icyphy/ptII/ptolemy/actor/lib/test/auto/OrderedRecordUpdater2.xml
3 ms. Memory: 1574912K Free: 1367158K (87%)
----------------- Invoking toplevel() on ptolemy.moml.MoMLSimpleApplication@27ed2b4
----------------- Done invoking toplevel() on ptolemy.moml.MoMLSimpleApplication@27ed2b4
reloadAllAccessors: .RecordUpdater2

===========================================================================================
----------------- testing Sun Apr 28 00:20:01 UTC 2019 /home/travis/build/icyphy/ptII/ptolemy/actor/lib/test/auto/PhaseUnwrap.xml
----------------- Instantiating /home/travis/build/icyphy/ptII/ptolemy/actor/lib/test/auto/PhaseUnwrap.xml
2 ms. Memory: 1574912K Free: 1346595K (86%)
----------------- Invoking toplevel() on ptolemy.moml.MoMLSimpleApplication@c53e9f3
----------------- Done invoking toplevel() on ptolemy.moml.MoMLSimpleApplication@c53e9f3
reloadAllAccessors: .PhaseUnwrap

===========================================================================================
----------------- testing Sun Apr 28 00:20:01 UTC 2019 /home/travis/build/icyphy/ptII/ptolemy/actor/lib/test/auto/PoissonClock.xml
----------------- Instantiating /home/travis/build/icyphy/ptII/ptolemy/actor/lib/test/auto/PoissonClock.xml
1 ms. Memory: 1574912K Free: 1331840K (85%)
----------------- Invoking toplevel() on ptolemy.moml.MoMLSimpleApplication@859495a
----------------- Done invoking toplevel() on ptolemy.moml.MoMLSimpleApplication@859495a
reloadAllAccessors: .PoissonClock

===========================================================================================
----------------- testing Sun Apr 28 00:20:01 UTC 2019 /home/travis/build/icyphy/ptII/ptolemy/actor/lib/test/auto/PoissonClock2.xml
----------------- Instantiating /home/travis/build/icyphy/ptII/ptolemy/actor/lib/test/auto/PoissonClock2.xml
1 ms. Memory: 1574912K Free: 1311277K (83%)
----------------- Invoking toplevel() on ptolemy.moml.MoMLSimpleApplication@1320b1b3
----------------- Done invoking toplevel() on ptolemy.moml.MoMLSimpleApplication@1320b1b3
reloadAllAccessors: .PoissonClock2

===========================================================================================
----------------- testing Sun Apr 28 00:20:01 UTC 2019 /home/travis/build/icyphy/ptII/ptolemy/actor/lib/test/auto/PoissonClock3.xml
----------------- Instantiating /home/travis/build/icyphy/ptII/ptolemy/actor/lib/test/auto/PoissonClock3.xml
2 ms. Memory: 1574912K Free: 1296521K (82%)
----------------- Invoking toplevel() on ptolemy.moml.MoMLSimpleApplication@67dbaea0
----------------- Done invoking toplevel() on ptolemy.moml.MoMLSimpleApplication@67dbaea0
reloadAllAccessors: .PoissonClock3

===========================================================================================
----------------- testing Sun Apr 28 00:20:01 UTC 2019 /home/travis/build/icyphy/ptII/ptolemy/actor/lib/test/auto/PubSubWithInitialTokens.xml
----------------- Instantiating /home/travis/build/icyphy/ptII/ptolemy/actor/lib/test/auto/PubSubWithInitialTokens.xml
2 ms. Memory: 1574912K Free: 1281765K (81%)
----------------- Invoking toplevel() on ptolemy.moml.MoMLSimpleApplication@3f26f816
----------------- Done invoking toplevel() on ptolemy.moml.MoMLSimpleApplication@3f26f816
reloadAllAccessors: .PubSubWithInitialTokens

===========================================================================================
----------------- testing Sun Apr 28 00:20:01 UTC 2019 /home/travis/build/icyphy/ptII/ptolemy/actor/lib/test/auto/PubSubWithInitialTokens2.xml
----------------- Instantiating /home/travis/build/icyphy/ptII/ptolemy/actor/lib/test/auto/PubSubWithInitialTokens2.xml
2 ms. Memory: 1574912K Free: 1261203K (80%)
----------------- Invoking toplevel() on ptolemy.moml.MoMLSimpleApplication@2062468b
----------------- Done invoking toplevel() on ptolemy.moml.MoMLSimpleApplication@2062468b
reloadAllAccessors: .PubSubWithInitialTokens2

===========================================================================================
----------------- testing Sun Apr 28 00:20:01 UTC 2019 /home/travis/build/icyphy/ptII/ptolemy/actor/lib/test/auto/PublisherClassNoParameter.xml
----------------- Instantiating /home/travis/build/icyphy/ptII/ptolemy/actor/lib/test/auto/PublisherClassNoParameter.xml
3 ms. Memory: 1574912K Free: 1239053K (79%)
----------------- Invoking toplevel() on ptolemy.moml.MoMLSimpleApplication@6a43da2e
----------------- Done invoking toplevel() on ptolemy.moml.MoMLSimpleApplication@6a43da2e
reloadAllAccessors: .PublisherClassNoParameter

===========================================================================================
----------------- testing Sun Apr 28 00:20:01 UTC 2019 /home/travis/build/icyphy/ptII/ptolemy/actor/lib/test/auto/PublisherClassParameter.xml
----------------- Instantiating /home/travis/build/icyphy/ptII/ptolemy/actor/lib/test/auto/PublisherClassParameter.xml
2 ms. Memory: 1574912K Free: 1211112K (77%)
----------------- Invoking toplevel() on ptolemy.moml.MoMLSimpleApplication@7164030f
----------------- Done invoking toplevel() on ptolemy.moml.MoMLSimpleApplication@7164030f
reloadAllAccessors: .PublisherClassParameter

===========================================================================================
----------------- testing Sun Apr 28 00:20:01 UTC 2019 /home/travis/build/icyphy/ptII/ptolemy/actor/lib/test/auto/PublisherNonStrictTest.xml
----------------- Instantiating /home/travis/build/icyphy/ptII/ptolemy/actor/lib/test/auto/PublisherNonStrictTest.xml
5 ms. Memory: 1574912K Free: 1196356K (76%)
----------------- Invoking toplevel() on ptolemy.moml.MoMLSimpleApplication@5c407bb4
----------------- Done invoking toplevel() on ptolemy.moml.MoMLSimpleApplication@5c407bb4
reloadAllAccessors: .PublisherNonStrictTest

===========================================================================================
----------------- testing Sun Apr 28 00:20:01 UTC 2019 /home/travis/build/icyphy/ptII/ptolemy/actor/lib/test/auto/PublisherPort1.xml
----------------- Instantiating /home/travis/build/icyphy/ptII/ptolemy/actor/lib/test/auto/PublisherPort1.xml
2 ms. Memory: 1574912K Free: 1181601K (75%)
----------------- Invoking toplevel() on ptolemy.moml.MoMLSimpleApplication@15e6c213
----------------- Done invoking toplevel() on ptolemy.moml.MoMLSimpleApplication@15e6c213
reloadAllAccessors: .PublisherPort1

===========================================================================================
----------------- testing Sun Apr 28 00:20:01 UTC 2019 /home/travis/build/icyphy/ptII/ptolemy/actor/lib/test/auto/PublisherPort2.xml
----------------- Instantiating /home/travis/build/icyphy/ptII/ptolemy/actor/lib/test/auto/PublisherPort2.xml
2 ms. Memory: 1574912K Free: 1161038K (74%)
----------------- Invoking toplevel() on ptolemy.moml.MoMLSimpleApplication@4501dee2
----------------- Done invoking toplevel() on ptolemy.moml.MoMLSimpleApplication@4501dee2
reloadAllAccessors: .PublisherPort2

===========================================================================================
----------------- testing Sun Apr 28 00:20:01 UTC 2019 /home/travis/build/icyphy/ptII/ptolemy/actor/lib/test/auto/PublisherPort3.xml
----------------- Instantiating /home/travis/build/icyphy/ptII/ptolemy/actor/lib/test/auto/PublisherPort3.xml
9 ms. Memory: 1574912K Free: 1146282K (73%)
----------------- Invoking toplevel() on ptolemy.moml.MoMLSimpleApplication@7e084cc3
----------------- Done invoking toplevel() on ptolemy.moml.MoMLSimpleApplication@7e084cc3
reloadAllAccessors: .PublisherPort3

===========================================================================================
----------------- testing Sun Apr 28 00:20:01 UTC 2019 /home/travis/build/icyphy/ptII/ptolemy/actor/lib/test/auto/PublisherPort4.xml
----------------- Instantiating /home/travis/build/icyphy/ptII/ptolemy/actor/lib/test/auto/PublisherPort4.xml
2 ms. Memory: 1574912K Free: 1125720K (71%)
----------------- Invoking toplevel() on ptolemy.moml.MoMLSimpleApplication@6f3616e1
----------------- Done invoking toplevel() on ptolemy.moml.MoMLSimpleApplication@6f3616e1
reloadAllAccessors: .PublisherPort4

===========================================================================================
----------------- testing Sun Apr 28 00:20:01 UTC 2019 /home/travis/build/icyphy/ptII/ptolemy/actor/lib/test/auto/PublisherPort5.xml
----------------- Instantiating /home/travis/build/icyphy/ptII/ptolemy/actor/lib/test/auto/PublisherPort5.xml
3 ms. Memory: 1574912K Free: 1110964K (71%)
----------------- Invoking toplevel() on ptolemy.moml.MoMLSimpleApplication@519a425e
----------------- Done invoking toplevel() on ptolemy.moml.MoMLSimpleApplication@519a425e
reloadAllAccessors: .PublisherPort5

===========================================================================================
----------------- testing Sun Apr 28 00:20:01 UTC 2019 /home/travis/build/icyphy/ptII/ptolemy/actor/lib/test/auto/PublisherPort5LookAlike.xml
----------------- Instantiating /home/travis/build/icyphy/ptII/ptolemy/actor/lib/test/auto/PublisherPort5LookAlike.xml
7 ms. Memory: 1574912K Free: 1090402K (69%)
----------------- Invoking toplevel() on ptolemy.moml.MoMLSimpleApplication@3c79074b
----------------- Done invoking toplevel() on ptolemy.moml.MoMLSimpleApplication@3c79074b
reloadAllAccessors: .PublisherPort5LookAlike

===========================================================================================
----------------- testing Sun Apr 28 00:20:01 UTC 2019 /home/travis/build/icyphy/ptII/ptolemy/actor/lib/test/auto/PublisherPort6.xml
----------------- Instantiating /home/travis/build/icyphy/ptII/ptolemy/actor/lib/test/auto/PublisherPort6.xml
1 ms. Memory: 1574912K Free: 1075646K (68%)
----------------- Invoking toplevel() on ptolemy.moml.MoMLSimpleApplication@57ed5a61
----------------- Done invoking toplevel() on ptolemy.moml.MoMLSimpleApplication@57ed5a61
reloadAllAccessors: .PublisherPort6

===========================================================================================
----------------- testing Sun Apr 28 00:20:01 UTC 2019 /home/travis/build/icyphy/ptII/ptolemy/actor/lib/test/auto/PublisherPort7.xml
----------------- Instantiating /home/travis/build/icyphy/ptII/ptolemy/actor/lib/test/auto/PublisherPort7.xml
3 ms. Memory: 1574912K Free: 1060890K (67%)
----------------- Invoking toplevel() on ptolemy.moml.MoMLSimpleApplication@503d14a4
----------------- Done invoking toplevel() on ptolemy.moml.MoMLSimpleApplication@503d14a4
reloadAllAccessors: .PublisherPort7

===========================================================================================
----------------- testing Sun Apr 28 00:20:01 UTC 2019 /home/travis/build/icyphy/ptII/ptolemy/actor/lib/test/auto/PublisherPort8.xml
----------------- Instantiating /home/travis/build/icyphy/ptII/ptolemy/actor/lib/test/auto/PublisherPort8.xml
3 ms. Memory: 1574912K Free: 1040328K (66%)
----------------- Invoking toplevel() on ptolemy.moml.MoMLSimpleApplication@48a237f2
----------------- Done invoking toplevel() on ptolemy.moml.MoMLSimpleApplication@48a237f2
reloadAllAccessors: .PublisherPort8

===========================================================================================
----------------- testing Sun Apr 28 00:20:01 UTC 2019 /home/travis/build/icyphy/ptII/ptolemy/actor/lib/test/auto/PublisherPortSubscriberChannelVariablesAOC2.xml
----------------- Instantiating /home/travis/build/icyphy/ptII/ptolemy/actor/lib/test/auto/PublisherPortSubscriberChannelVariablesAOC2.xml
2 ms. Memory: 1574912K Free: 1010784K (64%)
----------------- Invoking toplevel() on ptolemy.moml.MoMLSimpleApplication@6509cef8
----------------- Done invoking toplevel() on ptolemy.moml.MoMLSimpleApplication@6509cef8
reloadAllAccessors: .PublisherPortSubscriberChannelVariablesAOC2

===========================================================================================
----------------- testing Sun Apr 28 00:20:01 UTC 2019 /home/travis/build/icyphy/ptII/ptolemy/actor/lib/test/auto/PublisherPortSubscriberOpaqueWidthInference.xml
----------------- Instantiating /home/travis/build/icyphy/ptII/ptolemy/actor/lib/test/auto/PublisherPortSubscriberOpaqueWidthInference.xml
3 ms. Memory: 1574912K Free: 990222K (63%)
----------------- Invoking toplevel() on ptolemy.moml.MoMLSimpleApplication@7a06110f
----------------- Done invoking toplevel() on ptolemy.moml.MoMLSimpleApplication@7a06110f
reloadAllAccessors: .PublisherPortSubscriberOpaqueWidthInference

===========================================================================================
----------------- testing Sun Apr 28 00:20:01 UTC 2019 /home/travis/build/icyphy/ptII/ptolemy/actor/lib/test/auto/PublisherPortSubscriberPortAdjacent.xml
----------------- Instantiating /home/travis/build/icyphy/ptII/ptolemy/actor/lib/test/auto/PublisherPortSubscriberPortAdjacent.xml
7 ms. Memory: 1574912K Free: 975466K (62%)
----------------- Invoking toplevel() on ptolemy.moml.MoMLSimpleApplication@65b41aee
----------------- Done invoking toplevel() on ptolemy.moml.MoMLSimpleApplication@65b41aee
reloadAllAccessors: .PublisherPortSubscriberPortAdjacent

===========================================================================================
----------------- testing Sun Apr 28 00:20:01 UTC 2019 /home/travis/build/icyphy/ptII/ptolemy/actor/lib/test/auto/PublisherPortSubscriberPortExpression.xml
----------------- Instantiating /home/travis/build/icyphy/ptII/ptolemy/actor/lib/test/auto/PublisherPortSubscriberPortExpression.xml
4 ms. Memory: 1574912K Free: 960710K (61%)
----------------- Invoking toplevel() on ptolemy.moml.MoMLSimpleApplication@7bd6a7f5
----------------- Done invoking toplevel() on ptolemy.moml.MoMLSimpleApplication@7bd6a7f5
reloadAllAccessors: .PublisherPortSubscriberPortExpression

===========================================================================================
----------------- testing Sun Apr 28 00:20:01 UTC 2019 /home/travis/build/icyphy/ptII/ptolemy/actor/lib/test/auto/PublisherPortSubscriberPortOpaqueD3Reverse.xml
----------------- Instantiating /home/travis/build/icyphy/ptII/ptolemy/actor/lib/test/auto/PublisherPortSubscriberPortOpaqueD3Reverse.xml
5 ms. Memory: 1574912K Free: 940148K (60%)
----------------- Invoking toplevel() on ptolemy.moml.MoMLSimpleApplication@6156fc97
----------------- Done invoking toplevel() on ptolemy.moml.MoMLSimpleApplication@6156fc97
reloadAllAccessors: .PublisherPortSubscriberPortOpaqueD3Reverse

===========================================================================================
----------------- testing Sun Apr 28 00:20:01 UTC 2019 /home/travis/build/icyphy/ptII/ptolemy/actor/lib/test/auto/PublisherPortSubscriberPortOpaqueWidthInference.xml
----------------- Instantiating /home/travis/build/icyphy/ptII/ptolemy/actor/lib/test/auto/PublisherPortSubscriberPortOpaqueWidthInference.xml
4 ms. Memory: 1574912K Free: 925392K (59%)
----------------- Invoking toplevel() on ptolemy.moml.MoMLSimpleApplication@187bb1e5
----------------- Done invoking toplevel() on ptolemy.moml.MoMLSimpleApplication@187bb1e5
reloadAllAccessors: .PublisherPortSubscriberPortOpaqueWidthInference

===========================================================================================
----------------- testing Sun Apr 28 00:20:01 UTC 2019 /home/travis/build/icyphy/ptII/ptolemy/actor/lib/test/auto/PublisherPortToplevelSubscriberPortAOC.xml
----------------- Instantiating /home/travis/build/icyphy/ptII/ptolemy/actor/lib/test/auto/PublisherPortToplevelSubscriberPortAOC.xml
.PublisherPortToplevelSubscriberPortAOC.TestExceptionAttribute: initialize() was not invoked, but wrapup() was.  This is unusual, but not always a problem.  For example, exporting JNLP will do this.
0 ms. Memory: 1574912K Free: 904830K (57%)
----------------- Invoking toplevel() on ptolemy.moml.MoMLSimpleApplication@1f115bba
----------------- Done invoking toplevel() on ptolemy.moml.MoMLSimpleApplication@1f115bba
reloadAllAccessors: .PublisherPortToplevelSubscriberPortAOC

===========================================================================================
----------------- testing Sun Apr 28 00:20:01 UTC 2019 /home/travis/build/icyphy/ptII/ptolemy/actor/lib/test/auto/PublisherSubscriber.xml
----------------- Instantiating /home/travis/build/icyphy/ptII/ptolemy/actor/lib/test/auto/PublisherSubscriber.xml
5 ms. Memory: 1574912K Free: 890074K (57%)
----------------- Invoking toplevel() on ptolemy.moml.MoMLSimpleApplication@58bc262b
----------------- Done invoking toplevel() on ptolemy.moml.MoMLSimpleApplication@58bc262b
reloadAllAccessors: .PublisherSubscriber

===========================================================================================
----------------- testing Sun Apr 28 00:20:01 UTC 2019 /home/travis/build/icyphy/ptII/ptolemy/actor/lib/test/auto/PublisherSubscriber10.xml
----------------- Instantiating /home/travis/build/icyphy/ptII/ptolemy/actor/lib/test/auto/PublisherSubscriber10.xml
6 ms. Memory: 1574912K Free: 869511K (55%)
----------------- Invoking toplevel() on ptolemy.moml.MoMLSimpleApplication@3715377f
----------------- Done invoking toplevel() on ptolemy.moml.MoMLSimpleApplication@3715377f
reloadAllAccessors: .PublisherSubscriber10

===========================================================================================
----------------- testing Sun Apr 28 00:20:01 UTC 2019 /home/travis/build/icyphy/ptII/ptolemy/actor/lib/test/auto/PublisherSubscriber10InitialOutputs.xml
----------------- Instantiating /home/travis/build/icyphy/ptII/ptolemy/actor/lib/test/auto/PublisherSubscriber10InitialOutputs.xml
10 ms. Memory: 1574912K Free: 854756K (54%)
----------------- Invoking toplevel() on ptolemy.moml.MoMLSimpleApplication@431a52e3
----------------- Done invoking toplevel() on ptolemy.moml.MoMLSimpleApplication@431a52e3
reloadAllAccessors: .PublisherSubscriber10InitialOutputs

===========================================================================================
----------------- testing Sun Apr 28 00:20:01 UTC 2019 /home/travis/build/icyphy/ptII/ptolemy/actor/lib/test/auto/PublisherSubscriber11.xml
----------------- Instantiating /home/travis/build/icyphy/ptII/ptolemy/actor/lib/test/auto/PublisherSubscriber11.xml
3 ms. Memory: 1574912K Free: 840000K (53%)
----------------- Invoking toplevel() on ptolemy.moml.MoMLSimpleApplication@2a090914
----------------- Done invoking toplevel() on ptolemy.moml.MoMLSimpleApplication@2a090914
reloadAllAccessors: .PublisherSubscriber11

===========================================================================================
----------------- testing Sun Apr 28 00:20:01 UTC 2019 /home/travis/build/icyphy/ptII/ptolemy/actor/lib/test/auto/PublisherSubscriber12.xml
----------------- Instantiating /home/travis/build/icyphy/ptII/ptolemy/actor/lib/test/auto/PublisherSubscriber12.xml
5 ms. Memory: 1574912K Free: 819437K (52%)
----------------- Invoking toplevel() on ptolemy.moml.MoMLSimpleApplication@68546662
----------------- Done invoking toplevel() on ptolemy.moml.MoMLSimpleApplication@68546662
reloadAllAccessors: .PublisherSubscriber12

===========================================================================================
----------------- testing Sun Apr 28 00:20:01 UTC 2019 /home/travis/build/icyphy/ptII/ptolemy/actor/lib/test/auto/PublisherSubscriber13.xml
----------------- Instantiating /home/travis/build/icyphy/ptII/ptolemy/actor/lib/test/auto/PublisherSubscriber13.xml
2 ms. Memory: 1574912K Free: 804682K (51%)
----------------- Invoking toplevel() on ptolemy.moml.MoMLSimpleApplication@5bc2f6f7
----------------- Done invoking toplevel() on ptolemy.moml.MoMLSimpleApplication@5bc2f6f7
reloadAllAccessors: .PublisherSubscriber13

===========================================================================================
----------------- testing Sun Apr 28 00:20:01 UTC 2019 /home/travis/build/icyphy/ptII/ptolemy/actor/lib/test/auto/PublisherSubscriber14.xml
----------------- Instantiating /home/travis/build/icyphy/ptII/ptolemy/actor/lib/test/auto/PublisherSubscriber14.xml
1 ms. Memory: 1574912K Free: 784119K (50%)
----------------- Invoking toplevel() on ptolemy.moml.MoMLSimpleApplication@19e5ac2
----------------- Done invoking toplevel() on ptolemy.moml.MoMLSimpleApplication@19e5ac2
reloadAllAccessors: .PublisherSubscriber14

===========================================================================================
----------------- testing Sun Apr 28 00:20:01 UTC 2019 /home/travis/build/icyphy/ptII/ptolemy/actor/lib/test/auto/PublisherSubscriber2.xml
----------------- Instantiating /home/travis/build/icyphy/ptII/ptolemy/actor/lib/test/auto/PublisherSubscriber2.xml
3 ms. Memory: 1574912K Free: 769363K (49%)
----------------- Invoking toplevel() on ptolemy.moml.MoMLSimpleApplication@5889b26c
----------------- Done invoking toplevel() on ptolemy.moml.MoMLSimpleApplication@5889b26c
reloadAllAccessors: .PublisherSubscriber2

===========================================================================================
----------------- testing Sun Apr 28 00:20:01 UTC 2019 /home/travis/build/icyphy/ptII/ptolemy/actor/lib/test/auto/PublisherSubscriber3.xml
----------------- Instantiating /home/travis/build/icyphy/ptII/ptolemy/actor/lib/test/auto/PublisherSubscriber3.xml
2 ms. Memory: 1574912K Free: 754608K (48%)
----------------- Invoking toplevel() on ptolemy.moml.MoMLSimpleApplication@3a12354f
----------------- Done invoking toplevel() on ptolemy.moml.MoMLSimpleApplication@3a12354f
reloadAllAccessors: .PublisherSubscriber3

===========================================================================================
----------------- testing Sun Apr 28 00:20:01 UTC 2019 /home/travis/build/icyphy/ptII/ptolemy/actor/lib/test/auto/PublisherSubscriber4.xml
----------------- Instantiating /home/travis/build/icyphy/ptII/ptolemy/actor/lib/test/auto/PublisherSubscriber4.xml
2 ms. Memory: 1574912K Free: 734045K (47%)
----------------- Invoking toplevel() on ptolemy.moml.MoMLSimpleApplication@79e9c8b0
----------------- Done invoking toplevel() on ptolemy.moml.MoMLSimpleApplication@79e9c8b0
reloadAllAccessors: .PublisherSubscriber4

===========================================================================================
----------------- testing Sun Apr 28 00:20:01 UTC 2019 /home/travis/build/icyphy/ptII/ptolemy/actor/lib/test/auto/PublisherSubscriber5.xml
----------------- Instantiating /home/travis/build/icyphy/ptII/ptolemy/actor/lib/test/auto/PublisherSubscriber5.xml
2 ms. Memory: 1574912K Free: 719289K (46%)
----------------- Invoking toplevel() on ptolemy.moml.MoMLSimpleApplication@7b832394
----------------- Done invoking toplevel() on ptolemy.moml.MoMLSimpleApplication@7b832394
reloadAllAccessors: .PublisherSubscriber5

===========================================================================================
----------------- testing Sun Apr 28 00:20:01 UTC 2019 /home/travis/build/icyphy/ptII/ptolemy/actor/lib/test/auto/PublisherSubscriber6.xml
----------------- Instantiating /home/travis/build/icyphy/ptII/ptolemy/actor/lib/test/auto/PublisherSubscriber6.xml
3 ms. Memory: 1574912K Free: 698727K (44%)
----------------- Invoking toplevel() on ptolemy.moml.MoMLSimpleApplication@1facfd0c
----------------- Done invoking toplevel() on ptolemy.moml.MoMLSimpleApplication@1facfd0c
reloadAllAccessors: .PublisherSubscriber6

===========================================================================================
----------------- testing Sun Apr 28 00:20:01 UTC 2019 /home/travis/build/icyphy/ptII/ptolemy/actor/lib/test/auto/PublisherSubscriber7.xml
----------------- Instantiating /home/travis/build/icyphy/ptII/ptolemy/actor/lib/test/auto/PublisherSubscriber7.xml
6 ms. Memory: 1574912K Free: 683971K (43%)
----------------- Invoking toplevel() on ptolemy.moml.MoMLSimpleApplication@4f3aa362
----------------- Done invoking toplevel() on ptolemy.moml.MoMLSimpleApplication@4f3aa362
reloadAllAccessors: .PublisherSubscriber7

===========================================================================================
----------------- testing Sun Apr 28 00:20:01 UTC 2019 /home/travis/build/icyphy/ptII/ptolemy/actor/lib/test/auto/PublisherSubscriber8.xml
----------------- Instantiating /home/travis/build/icyphy/ptII/ptolemy/actor/lib/test/auto/PublisherSubscriber8.xml
17 ms. Memory: 1574912K Free: 589629K (37%)
----------------- Invoking toplevel() on ptolemy.moml.MoMLSimpleApplication@26d92a51
----------------- Done invoking toplevel() on ptolemy.moml.MoMLSimpleApplication@26d92a51
reloadAllAccessors: .PublisherSubscriber8

===========================================================================================
----------------- testing Sun Apr 28 00:20:01 UTC 2019 /home/travis/build/icyphy/ptII/ptolemy/actor/lib/test/auto/PublisherSubscriber9.xml
----------------- Instantiating /home/travis/build/icyphy/ptII/ptolemy/actor/lib/test/auto/PublisherSubscriber9.xml
3 ms. Memory: 1574912K Free: 574873K (37%)
----------------- Invoking toplevel() on ptolemy.moml.MoMLSimpleApplication@6f7ff281
----------------- Done invoking toplevel() on ptolemy.moml.MoMLSimpleApplication@6f7ff281
reloadAllAccessors: .PublisherSubscriber9

===========================================================================================
----------------- testing Sun Apr 28 00:20:01 UTC 2019 /home/travis/build/icyphy/ptII/ptolemy/actor/lib/test/auto/PublisherSubscriberAdjacent.xml
----------------- Instantiating /home/travis/build/icyphy/ptII/ptolemy/actor/lib/test/auto/PublisherSubscriberAdjacent.xml
1 ms. Memory: 1574912K Free: 560117K (36%)
----------------- Invoking toplevel() on ptolemy.moml.MoMLSimpleApplication@6e3c4a03
----------------- Done invoking toplevel() on ptolemy.moml.MoMLSimpleApplication@6e3c4a03
reloadAllAccessors: .PublisherSubscriberAdjacent

===========================================================================================
----------------- testing Sun Apr 28 00:20:01 UTC 2019 /home/travis/build/icyphy/ptII/ptolemy/actor/lib/test/auto/PublisherSubscriberChannelVariablesAOC2.xml
----------------- Instantiating /home/travis/build/icyphy/ptII/ptolemy/actor/lib/test/auto/PublisherSubscriberChannelVariablesAOC2.xml
2 ms. Memory: 1574912K Free: 532161K (34%)
----------------- Invoking toplevel() on ptolemy.moml.MoMLSimpleApplication@764ac321
----------------- Done invoking toplevel() on ptolemy.moml.MoMLSimpleApplication@764ac321
reloadAllAccessors: .PublisherSubscriberChannelVariablesAOC2

===========================================================================================
----------------- testing Sun Apr 28 00:20:01 UTC 2019 /home/travis/build/icyphy/ptII/ptolemy/actor/lib/test/auto/PublisherSubscriberD3.xml
----------------- Instantiating /home/travis/build/icyphy/ptII/ptolemy/actor/lib/test/auto/PublisherSubscriberD3.xml
1 ms. Memory: 1574912K Free: 517405K (33%)
----------------- Invoking toplevel() on ptolemy.moml.MoMLSimpleApplication@236fabdf
----------------- Done invoking toplevel() on ptolemy.moml.MoMLSimpleApplication@236fabdf
reloadAllAccessors: .PublisherSubscriberD3

===========================================================================================
----------------- testing Sun Apr 28 00:20:01 UTC 2019 /home/travis/build/icyphy/ptII/ptolemy/actor/lib/test/auto/PublisherSubscriberD3Reverse.xml
----------------- Instantiating /home/travis/build/icyphy/ptII/ptolemy/actor/lib/test/auto/PublisherSubscriberD3Reverse.xml
2 ms. Memory: 1574912K Free: 496843K (32%)
----------------- Invoking toplevel() on ptolemy.moml.MoMLSimpleApplication@28a2eb76
----------------- Done invoking toplevel() on ptolemy.moml.MoMLSimpleApplication@28a2eb76
reloadAllAccessors: .PublisherSubscriberD3Reverse

===========================================================================================
----------------- testing Sun Apr 28 00:20:01 UTC 2019 /home/travis/build/icyphy/ptII/ptolemy/actor/lib/test/auto/PublisherSubscriberExpression.xml
----------------- Instantiating /home/travis/build/icyphy/ptII/ptolemy/actor/lib/test/auto/PublisherSubscriberExpression.xml
5 ms. Memory: 1574912K Free: 482087K (31%)
----------------- Invoking toplevel() on ptolemy.moml.MoMLSimpleApplication@79e1e3a0
----------------- Done invoking toplevel() on ptolemy.moml.MoMLSimpleApplication@79e1e3a0
reloadAllAccessors: .PublisherSubscriberExpression

===========================================================================================
----------------- testing Sun Apr 28 00:20:01 UTC 2019 /home/travis/build/icyphy/ptII/ptolemy/actor/lib/test/auto/PublisherSubscriberOpaque.xml
----------------- Instantiating /home/travis/build/icyphy/ptII/ptolemy/actor/lib/test/auto/PublisherSubscriberOpaque.xml
3 ms. Memory: 1574912K Free: 467331K (30%)
----------------- Invoking toplevel() on ptolemy.moml.MoMLSimpleApplication@3758557e
----------------- Done invoking toplevel() on ptolemy.moml.MoMLSimpleApplication@3758557e
reloadAllAccessors: .PublisherSubscriberOpaque

===========================================================================================
----------------- testing Sun Apr 28 00:20:01 UTC 2019 /home/travis/build/icyphy/ptII/ptolemy/actor/lib/test/auto/PublisherSubscriberOpaqueD3.xml
----------------- Instantiating /home/travis/build/icyphy/ptII/ptolemy/actor/lib/test/auto/PublisherSubscriberOpaqueD3.xml
5 ms. Memory: 1574912K Free: 439375K (28%)
----------------- Invoking toplevel() on ptolemy.moml.MoMLSimpleApplication@2fd3c5f3
----------------- Done invoking toplevel() on ptolemy.moml.MoMLSimpleApplication@2fd3c5f3
reloadAllAccessors: .PublisherSubscriberOpaqueD3

===========================================================================================
----------------- testing Sun Apr 28 00:20:02 UTC 2019 /home/travis/build/icyphy/ptII/ptolemy/actor/lib/test/auto/PublisherSubscriberOpaqueD3Reverse.xml
----------------- Instantiating /home/travis/build/icyphy/ptII/ptolemy/actor/lib/test/auto/PublisherSubscriberOpaqueD3Reverse.xml
5 ms. Memory: 1574912K Free: 424619K (27%)
----------------- Invoking toplevel() on ptolemy.moml.MoMLSimpleApplication@a8f8333
----------------- Done invoking toplevel() on ptolemy.moml.MoMLSimpleApplication@a8f8333
reloadAllAccessors: .PublisherSubscriberOpaqueD3Reverse

===========================================================================================
----------------- testing Sun Apr 28 00:20:02 UTC 2019 /home/travis/build/icyphy/ptII/ptolemy/actor/lib/test/auto/PublisherSubscriberOpaqueWidthInference.xml
----------------- Instantiating /home/travis/build/icyphy/ptII/ptolemy/actor/lib/test/auto/PublisherSubscriberOpaqueWidthInference.xml
4 ms. Memory: 1574912K Free: 404056K (26%)
----------------- Invoking toplevel() on ptolemy.moml.MoMLSimpleApplication@71f32dbd
----------------- Done invoking toplevel() on ptolemy.moml.MoMLSimpleApplication@71f32dbd
reloadAllAccessors: .PublisherSubscriberOpaqueWidthInference

===========================================================================================
----------------- testing Sun Apr 28 00:20:02 UTC 2019 /home/travis/build/icyphy/ptII/ptolemy/actor/lib/test/auto/PublisherTestSubscriber.xml
----------------- Instantiating /home/travis/build/icyphy/ptII/ptolemy/actor/lib/test/auto/PublisherTestSubscriber.xml
3 ms. Memory: 1574912K Free: 389301K (25%)
----------------- Invoking toplevel() on ptolemy.moml.MoMLSimpleApplication@1a7110bc
----------------- Done invoking toplevel() on ptolemy.moml.MoMLSimpleApplication@1a7110bc
reloadAllAccessors: .PublisherTestSubscriber

===========================================================================================
----------------- testing Sun Apr 28 00:20:02 UTC 2019 /home/travis/build/icyphy/ptII/ptolemy/actor/lib/test/auto/PublisherToplevelSubscriberPortAOC.xml
----------------- Instantiating /home/travis/build/icyphy/ptII/ptolemy/actor/lib/test/auto/PublisherToplevelSubscriberPortAOC.xml
1 ms. Memory: 1574912K Free: 368738K (23%)
----------------- Invoking toplevel() on ptolemy.moml.MoMLSimpleApplication@3ad91beb
----------------- Done invoking toplevel() on ptolemy.moml.MoMLSimpleApplication@3ad91beb
reloadAllAccessors: .PublisherToplevelSubscriberPortAOC

===========================================================================================
----------------- testing Sun Apr 28 00:20:02 UTC 2019 /home/travis/build/icyphy/ptII/ptolemy/actor/lib/test/auto/PulseFiringLimitDE.xml
----------------- Instantiating /home/travis/build/icyphy/ptII/ptolemy/actor/lib/test/auto/PulseFiringLimitDE.xml
2 ms. Memory: 1574912K Free: 353982K (22%)
----------------- Invoking toplevel() on ptolemy.moml.MoMLSimpleApplication@6b18f8a7
----------------- Done invoking toplevel() on ptolemy.moml.MoMLSimpleApplication@6b18f8a7
reloadAllAccessors: .PulseFiringLimitDE

===========================================================================================
----------------- testing Sun Apr 28 00:20:02 UTC 2019 /home/travis/build/icyphy/ptII/ptolemy/actor/lib/test/auto/Ramp1.xml
----------------- Instantiating /home/travis/build/icyphy/ptII/ptolemy/actor/lib/test/auto/Ramp1.xml
1 ms. Memory: 1574912K Free: 339226K (22%)
----------------- Invoking toplevel() on ptolemy.moml.MoMLSimpleApplication@28dd8261
----------------- Done invoking toplevel() on ptolemy.moml.MoMLSimpleApplication@28dd8261
reloadAllAccessors: .Ramp1

===========================================================================================
----------------- testing Sun Apr 28 00:20:02 UTC 2019 /home/travis/build/icyphy/ptII/ptolemy/actor/lib/test/auto/RampFiringLimitDE.xml
----------------- Instantiating /home/travis/build/icyphy/ptII/ptolemy/actor/lib/test/auto/RampFiringLimitDE.xml
2 ms. Memory: 1574912K Free: 318664K (20%)
----------------- Invoking toplevel() on ptolemy.moml.MoMLSimpleApplication@63f958dc
----------------- Done invoking toplevel() on ptolemy.moml.MoMLSimpleApplication@63f958dc
reloadAllAccessors: .RampFiringLimitDE

===========================================================================================
----------------- testing Sun Apr 28 00:20:02 UTC 2019 /home/travis/build/icyphy/ptII/ptolemy/actor/lib/test/auto/RampFiringLimitSDF.xml
----------------- Instantiating /home/travis/build/icyphy/ptII/ptolemy/actor/lib/test/auto/RampFiringLimitSDF.xml
2 ms. Memory: 1574912K Free: 303908K (19%)
----------------- Invoking toplevel() on ptolemy.moml.MoMLSimpleApplication@30bf522c
----------------- Done invoking toplevel() on ptolemy.moml.MoMLSimpleApplication@30bf522c
reloadAllAccessors: .RampFiringLimitSDF

===========================================================================================
----------------- testing Sun Apr 28 00:20:02 UTC 2019 /home/travis/build/icyphy/ptII/ptolemy/actor/lib/test/auto/RandomInteger.xml
----------------- Instantiating /home/travis/build/icyphy/ptII/ptolemy/actor/lib/test/auto/RandomInteger.xml
1 ms. Memory: 1574912K Free: 283346K (18%)
----------------- Invoking toplevel() on ptolemy.moml.MoMLSimpleApplication@7292df46
----------------- Done invoking toplevel() on ptolemy.moml.MoMLSimpleApplication@7292df46
reloadAllAccessors: .RandomInteger

===========================================================================================
----------------- testing Sun Apr 28 00:20:02 UTC 2019 /home/travis/build/icyphy/ptII/ptolemy/actor/lib/test/auto/ReadFile1.xml
----------------- Instantiating /home/travis/build/icyphy/ptII/ptolemy/actor/lib/test/auto/ReadFile1.xml
2 ms. Memory: 1574912K Free: 268590K (17%)
----------------- Invoking toplevel() on ptolemy.moml.MoMLSimpleApplication@5263c5b5
----------------- Done invoking toplevel() on ptolemy.moml.MoMLSimpleApplication@5263c5b5
reloadAllAccessors: .ReadFile1

===========================================================================================
----------------- testing Sun Apr 28 00:20:02 UTC 2019 /home/travis/build/icyphy/ptII/ptolemy/actor/lib/test/auto/ReadFile2.xml
----------------- Instantiating /home/travis/build/icyphy/ptII/ptolemy/actor/lib/test/auto/ReadFile2.xml
1 ms. Memory: 1574912K Free: 248028K (16%)
----------------- Invoking toplevel() on ptolemy.moml.MoMLSimpleApplication@5fdae469
----------------- Done invoking toplevel() on ptolemy.moml.MoMLSimpleApplication@5fdae469
reloadAllAccessors: .ReadFile2

===========================================================================================
----------------- testing Sun Apr 28 00:20:02 UTC 2019 /home/travis/build/icyphy/ptII/ptolemy/actor/lib/test/auto/Reader.xml
----------------- Instantiating /home/travis/build/icyphy/ptII/ptolemy/actor/lib/test/auto/Reader.xml
actor.lib.Reader is obsolete, use actor.lib.io.ExpressionReader instead
2 ms. Memory: 1574912K Free: 233272K (15%)
----------------- Invoking toplevel() on ptolemy.moml.MoMLSimpleApplication@45c5701e
----------------- Done invoking toplevel() on ptolemy.moml.MoMLSimpleApplication@45c5701e
reloadAllAccessors: .Reader

===========================================================================================
----------------- testing Sun Apr 28 00:20:02 UTC 2019 /home/travis/build/icyphy/ptII/ptolemy/actor/lib/test/auto/RecordAssemblerDisplayNameTest.xml
----------------- Instantiating /home/travis/build/icyphy/ptII/ptolemy/actor/lib/test/auto/RecordAssemblerDisplayNameTest.xml
3049 ms. Memory: 1608192K Free: 469256K (29%)
----------------- Invoking toplevel() on ptolemy.moml.MoMLSimpleApplication@189a8f04
----------------- Done invoking toplevel() on ptolemy.moml.MoMLSimpleApplication@189a8f04
reloadAllAccessors: .RecordAssemblerDisplayNameTest

===========================================================================================
----------------- testing Sun Apr 28 00:20:05 UTC 2019 /home/travis/build/icyphy/ptII/ptolemy/actor/lib/test/auto/RecordAssemblerTypeError.xml
----------------- Instantiating /home/travis/build/icyphy/ptII/ptolemy/actor/lib/test/auto/RecordAssemblerTypeError.xml
5 ms. Memory: 1608192K Free: 438131K (27%)
----------------- Invoking toplevel() on ptolemy.moml.MoMLSimpleApplication@5c7ba4b3
----------------- Done invoking toplevel() on ptolemy.moml.MoMLSimpleApplication@5c7ba4b3
reloadAllAccessors: .RecordAssemblerTypeError

===========================================================================================
----------------- testing Sun Apr 28 00:20:05 UTC 2019 /home/travis/build/icyphy/ptII/ptolemy/actor/lib/test/auto/RecordDisassember.xml
----------------- Instantiating /home/travis/build/icyphy/ptII/ptolemy/actor/lib/test/auto/RecordDisassember.xml
4 ms. Memory: 1608192K Free: 423227K (26%)
----------------- Invoking toplevel() on ptolemy.moml.MoMLSimpleApplication@4ce724ba
----------------- Done invoking toplevel() on ptolemy.moml.MoMLSimpleApplication@4ce724ba
reloadAllAccessors: .RecordDisassember

===========================================================================================
----------------- testing Sun Apr 28 00:20:05 UTC 2019 /home/travis/build/icyphy/ptII/ptolemy/actor/lib/test/auto/RecordDisassemberDisplayNameTest.xml
----------------- Instantiating /home/travis/build/icyphy/ptII/ptolemy/actor/lib/test/auto/RecordDisassemberDisplayNameTest.xml
5 ms. Memory: 1608192K Free: 403366K (25%)
----------------- Invoking toplevel() on ptolemy.moml.MoMLSimpleApplication@3351d467
----------------- Done invoking toplevel() on ptolemy.moml.MoMLSimpleApplication@3351d467
reloadAllAccessors: .RecordDisassemberDisplayNameTest

===========================================================================================
----------------- testing Sun Apr 28 00:20:05 UTC 2019 /home/travis/build/icyphy/ptII/ptolemy/actor/lib/test/auto/RecordDisassembler.xml
----------------- Instantiating /home/travis/build/icyphy/ptII/ptolemy/actor/lib/test/auto/RecordDisassembler.xml
3 ms. Memory: 1608192K Free: 388461K (24%)
----------------- Invoking toplevel() on ptolemy.moml.MoMLSimpleApplication@377d4e26
----------------- Done invoking toplevel() on ptolemy.moml.MoMLSimpleApplication@377d4e26
reloadAllAccessors: .RecordDisassembler

===========================================================================================
----------------- testing Sun Apr 28 00:20:05 UTC 2019 /home/travis/build/icyphy/ptII/ptolemy/actor/lib/test/auto/RecordDisassembler2.xml
----------------- Instantiating /home/travis/build/icyphy/ptII/ptolemy/actor/lib/test/auto/RecordDisassembler2.xml
2 ms. Memory: 1608192K Free: 368600K (23%)
----------------- Invoking toplevel() on ptolemy.moml.MoMLSimpleApplication@7cd735e4
----------------- Done invoking toplevel() on ptolemy.moml.MoMLSimpleApplication@7cd735e4
reloadAllAccessors: .RecordDisassembler2

===========================================================================================
----------------- testing Sun Apr 28 00:20:05 UTC 2019 /home/travis/build/icyphy/ptII/ptolemy/actor/lib/test/auto/RecordUpdater.xml
----------------- Instantiating /home/travis/build/icyphy/ptII/ptolemy/actor/lib/test/auto/RecordUpdater.xml
1 ms. Memory: 1608192K Free: 353696K (22%)
----------------- Invoking toplevel() on ptolemy.moml.MoMLSimpleApplication@4558d2a2
----------------- Done invoking toplevel() on ptolemy.moml.MoMLSimpleApplication@4558d2a2
reloadAllAccessors: .RecordUpdater

===========================================================================================
----------------- testing Sun Apr 28 00:20:05 UTC 2019 /home/travis/build/icyphy/ptII/ptolemy/actor/lib/test/auto/RecordUpdater2.xml
----------------- Instantiating /home/travis/build/icyphy/ptII/ptolemy/actor/lib/test/auto/RecordUpdater2.xml
1 ms. Memory: 1608192K Free: 333835K (21%)
----------------- Invoking toplevel() on ptolemy.moml.MoMLSimpleApplication@40c5ab0f
----------------- Done invoking toplevel() on ptolemy.moml.MoMLSimpleApplication@40c5ab0f
reloadAllAccessors: .RecordUpdater2

===========================================================================================
----------------- testing Sun Apr 28 00:20:05 UTC 2019 /home/travis/build/icyphy/ptII/ptolemy/actor/lib/test/auto/RecursiveLattice.xml
----------------- Instantiating /home/travis/build/icyphy/ptII/ptolemy/actor/lib/test/auto/RecursiveLattice.xml
1 ms. Memory: 1608192K Free: 318930K (20%)
----------------- Invoking toplevel() on ptolemy.moml.MoMLSimpleApplication@4c7d88e9
----------------- Done invoking toplevel() on ptolemy.moml.MoMLSimpleApplication@4c7d88e9
reloadAllAccessors: .RecursiveLattice

===========================================================================================
----------------- testing Sun Apr 28 00:20:05 UTC 2019 /home/travis/build/icyphy/ptII/ptolemy/actor/lib/test/auto/Router.xml
----------------- Instantiating /home/travis/build/icyphy/ptII/ptolemy/actor/lib/test/auto/Router.xml
3004 ms. Memory: 1608192K Free: 299069K (19%)
----------------- Invoking toplevel() on ptolemy.moml.MoMLSimpleApplication@2adf458
----------------- Done invoking toplevel() on ptolemy.moml.MoMLSimpleApplication@2adf458
reloadAllAccessors: .Router

===========================================================================================
----------------- testing Sun Apr 28 00:20:08 UTC 2019 /home/travis/build/icyphy/ptII/ptolemy/actor/lib/test/auto/Router2.xml
----------------- Instantiating /home/travis/build/icyphy/ptII/ptolemy/actor/lib/test/auto/Router2.xml
3003 ms. Memory: 1608192K Free: 284165K (18%)
----------------- Invoking toplevel() on ptolemy.moml.MoMLSimpleApplication@74931767
----------------- Done invoking toplevel() on ptolemy.moml.MoMLSimpleApplication@74931767
reloadAllAccessors: .Router2

===========================================================================================
----------------- testing Sun Apr 28 00:20:11 UTC 2019 /home/travis/build/icyphy/ptII/ptolemy/actor/lib/test/auto/RunningMaximum.xml
----------------- Instantiating /home/travis/build/icyphy/ptII/ptolemy/actor/lib/test/auto/RunningMaximum.xml
2 ms. Memory: 1608192K Free: 264304K (16%)
----------------- Invoking toplevel() on ptolemy.moml.MoMLSimpleApplication@70a7c338
----------------- Done invoking toplevel() on ptolemy.moml.MoMLSimpleApplication@70a7c338
reloadAllAccessors: .RunningMaximum

===========================================================================================
----------------- testing Sun Apr 28 00:20:11 UTC 2019 /home/travis/build/icyphy/ptII/ptolemy/actor/lib/test/auto/RunningMinimum.xml
----------------- Instantiating /home/travis/build/icyphy/ptII/ptolemy/actor/lib/test/auto/RunningMinimum.xml
2 ms. Memory: 1608192K Free: 249400K (16%)
----------------- Invoking toplevel() on ptolemy.moml.MoMLSimpleApplication@7af356bd
----------------- Done invoking toplevel() on ptolemy.moml.MoMLSimpleApplication@7af356bd
reloadAllAccessors: .RunningMinimum

===========================================================================================
----------------- testing Sun Apr 28 00:20:11 UTC 2019 /home/travis/build/icyphy/ptII/ptolemy/actor/lib/test/auto/Scale.xml
----------------- Instantiating /home/travis/build/icyphy/ptII/ptolemy/actor/lib/test/auto/Scale.xml
1 ms. Memory: 1608192K Free: 229539K (14%)
----------------- Invoking toplevel() on ptolemy.moml.MoMLSimpleApplication@49ad02d8
----------------- Done invoking toplevel() on ptolemy.moml.MoMLSimpleApplication@49ad02d8
reloadAllAccessors: .Scale

===========================================================================================
----------------- testing Sun Apr 28 00:20:11 UTC 2019 /home/travis/build/icyphy/ptII/ptolemy/actor/lib/test/auto/Scale2.xml
----------------- Instantiating /home/travis/build/icyphy/ptII/ptolemy/actor/lib/test/auto/Scale2.xml
1 ms. Memory: 1608192K Free: 214634K (13%)
----------------- Invoking toplevel() on ptolemy.moml.MoMLSimpleApplication@69c64a99
----------------- Done invoking toplevel() on ptolemy.moml.MoMLSimpleApplication@69c64a99
reloadAllAccessors: .Scale2

===========================================================================================
----------------- testing Sun Apr 28 00:20:11 UTC 2019 /home/travis/build/icyphy/ptII/ptolemy/actor/lib/test/auto/Scale3.xml
----------------- Instantiating /home/travis/build/icyphy/ptII/ptolemy/actor/lib/test/auto/Scale3.xml
4 ms. Memory: 1608192K Free: 194773K (12%)
----------------- Invoking toplevel() on ptolemy.moml.MoMLSimpleApplication@207bf5a
----------------- Done invoking toplevel() on ptolemy.moml.MoMLSimpleApplication@207bf5a
reloadAllAccessors: .Scale3

===========================================================================================
----------------- testing Sun Apr 28 00:20:11 UTC 2019 /home/travis/build/icyphy/ptII/ptolemy/actor/lib/test/auto/ScaleArray.xml
----------------- Instantiating /home/travis/build/icyphy/ptII/ptolemy/actor/lib/test/auto/ScaleArray.xml
1 ms. Memory: 1608192K Free: 179869K (11%)
----------------- Invoking toplevel() on ptolemy.moml.MoMLSimpleApplication@7a70ccbb
----------------- Done invoking toplevel() on ptolemy.moml.MoMLSimpleApplication@7a70ccbb
reloadAllAccessors: .ScaleArray

===========================================================================================
----------------- testing Sun Apr 28 00:20:11 UTC 2019 /home/travis/build/icyphy/ptII/ptolemy/actor/lib/test/auto/ScaleArray2.xml
----------------- Instantiating /home/travis/build/icyphy/ptII/ptolemy/actor/lib/test/auto/ScaleArray2.xml
2 ms. Memory: 1608192K Free: 160008K (10%)
----------------- Invoking toplevel() on ptolemy.moml.MoMLSimpleApplication@60bf9f7f
----------------- Done invoking toplevel() on ptolemy.moml.MoMLSimpleApplication@60bf9f7f
reloadAllAccessors: .ScaleArray2

===========================================================================================
----------------- testing Sun Apr 28 00:20:11 UTC 2019 /home/travis/build/icyphy/ptII/ptolemy/actor/lib/test/auto/ScaleMatrix.xml
----------------- Instantiating /home/travis/build/icyphy/ptII/ptolemy/actor/lib/test/auto/ScaleMatrix.xml
128 ms. Memory: 1608192K Free: 137651K (9%)
----------------- Invoking toplevel() on ptolemy.moml.MoMLSimpleApplication@630d0aa6
----------------- Done invoking toplevel() on ptolemy.moml.MoMLSimpleApplication@630d0aa6
reloadAllAccessors: .ScaleMatrix

===========================================================================================
----------------- testing Sun Apr 28 00:20:11 UTC 2019 /home/travis/build/icyphy/ptII/ptolemy/actor/lib/test/auto/Select.xml
----------------- Instantiating /home/travis/build/icyphy/ptII/ptolemy/actor/lib/test/auto/Select.xml
3 ms. Memory: 1608192K Free: 117790K (7%)
----------------- Invoking toplevel() on ptolemy.moml.MoMLSimpleApplication@314e6afc
----------------- Done invoking toplevel() on ptolemy.moml.MoMLSimpleApplication@314e6afc
reloadAllAccessors: .Select

===========================================================================================
----------------- testing Sun Apr 28 00:20:11 UTC 2019 /home/travis/build/icyphy/ptII/ptolemy/actor/lib/test/auto/Select2.xml
----------------- Instantiating /home/travis/build/icyphy/ptII/ptolemy/actor/lib/test/auto/Select2.xml
1 ms. Memory: 1608192K Free: 102886K (6%)
----------------- Invoking toplevel() on ptolemy.moml.MoMLSimpleApplication@361b58f5
----------------- Done invoking toplevel() on ptolemy.moml.MoMLSimpleApplication@361b58f5
reloadAllAccessors: .Select2

===========================================================================================
----------------- testing Sun Apr 28 00:20:11 UTC 2019 /home/travis/build/icyphy/ptII/ptolemy/actor/lib/test/auto/SequenceToArray2.xml
----------------- Instantiating /home/travis/build/icyphy/ptII/ptolemy/actor/lib/test/auto/SequenceToArray2.xml
93 ms. Memory: 1781760K Free: 1663217K (93%)
----------------- Invoking toplevel() on ptolemy.moml.MoMLSimpleApplication@36ee9dff
----------------- Done invoking toplevel() on ptolemy.moml.MoMLSimpleApplication@36ee9dff
reloadAllAccessors: .SequenceToArray2

===========================================================================================
----------------- testing Sun Apr 28 00:20:11 UTC 2019 /home/travis/build/icyphy/ptII/ptolemy/actor/lib/test/auto/SequentialClock.xml
----------------- Instantiating /home/travis/build/icyphy/ptII/ptolemy/actor/lib/test/auto/SequentialClock.xml
1 ms. Memory: 1781760K Free: 1638279K (92%)
----------------- Invoking toplevel() on ptolemy.moml.MoMLSimpleApplication@16da587b
----------------- Done invoking toplevel() on ptolemy.moml.MoMLSimpleApplication@16da587b
reloadAllAccessors: .SequentialClock

===========================================================================================
----------------- testing Sun Apr 28 00:20:11 UTC 2019 /home/travis/build/icyphy/ptII/ptolemy/actor/lib/test/auto/SetVariable.xml
----------------- Instantiating /home/travis/build/icyphy/ptII/ptolemy/actor/lib/test/auto/SetVariable.xml
2 ms. Memory: 1781760K Free: 1617590K (91%)
----------------- Invoking toplevel() on ptolemy.moml.MoMLSimpleApplication@49248ffa
----------------- Done invoking toplevel() on ptolemy.moml.MoMLSimpleApplication@49248ffa
reloadAllAccessors: .SetVariable

===========================================================================================
----------------- testing Sun Apr 28 00:20:11 UTC 2019 /home/travis/build/icyphy/ptII/ptolemy/actor/lib/test/auto/SetVariable2.xml
----------------- Instantiating /home/travis/build/icyphy/ptII/ptolemy/actor/lib/test/auto/SetVariable2.xml
1 ms. Memory: 1781760K Free: 1600929K (90%)
----------------- Invoking toplevel() on ptolemy.moml.MoMLSimpleApplication@ea18690
----------------- Done invoking toplevel() on ptolemy.moml.MoMLSimpleApplication@ea18690
reloadAllAccessors: .SetVariable2

===========================================================================================
----------------- testing Sun Apr 28 00:20:11 UTC 2019 /home/travis/build/icyphy/ptII/ptolemy/actor/lib/test/auto/SetVariable3.xml
----------------- Instantiating /home/travis/build/icyphy/ptII/ptolemy/actor/lib/test/auto/SetVariable3.xml
2 ms. Memory: 1781760K Free: 1580240K (89%)
----------------- Invoking toplevel() on ptolemy.moml.MoMLSimpleApplication@420fb855
----------------- Done invoking toplevel() on ptolemy.moml.MoMLSimpleApplication@420fb855
reloadAllAccessors: .SetVariable3

===========================================================================================
----------------- testing Sun Apr 28 00:20:11 UTC 2019 /home/travis/build/icyphy/ptII/ptolemy/actor/lib/test/auto/SetVariable4.xml
----------------- Instantiating /home/travis/build/icyphy/ptII/ptolemy/actor/lib/test/auto/SetVariable4.xml
16 ms. Memory: 1781760K Free: 1501238K (84%)
----------------- Invoking toplevel() on ptolemy.moml.MoMLSimpleApplication@af6e8c0
----------------- Done invoking toplevel() on ptolemy.moml.MoMLSimpleApplication@af6e8c0
reloadAllAccessors: .SetVariable4

===========================================================================================
----------------- testing Sun Apr 28 00:20:11 UTC 2019 /home/travis/build/icyphy/ptII/ptolemy/actor/lib/test/auto/SetVariable5.xml
----------------- Instantiating /home/travis/build/icyphy/ptII/ptolemy/actor/lib/test/auto/SetVariable5.xml
8 ms. Memory: 1781760K Free: 1484577K (83%)
----------------- Invoking toplevel() on ptolemy.moml.MoMLSimpleApplication@5fc1bc31
----------------- Done invoking toplevel() on ptolemy.moml.MoMLSimpleApplication@5fc1bc31
reloadAllAccessors: .SetVariable5

===========================================================================================
----------------- testing Sun Apr 28 00:20:11 UTC 2019 /home/travis/build/icyphy/ptII/ptolemy/actor/lib/test/auto/Sinewave.xml
----------------- Instantiating /home/travis/build/icyphy/ptII/ptolemy/actor/lib/test/auto/Sinewave.xml
6 ms. Memory: 1781760K Free: 1463888K (82%)
----------------- Invoking toplevel() on ptolemy.moml.MoMLSimpleApplication@16d24413
----------------- Done invoking toplevel() on ptolemy.moml.MoMLSimpleApplication@16d24413
reloadAllAccessors: .Sinewave

===========================================================================================
----------------- testing Sun Apr 28 00:20:12 UTC 2019 /home/travis/build/icyphy/ptII/ptolemy/actor/lib/test/auto/Sinewave2.xml
----------------- Instantiating /home/travis/build/icyphy/ptII/ptolemy/actor/lib/test/auto/Sinewave2.xml
8 ms. Memory: 1781760K Free: 1447227K (81%)
----------------- Invoking toplevel() on ptolemy.moml.MoMLSimpleApplication@3e7ab90c
----------------- Done invoking toplevel() on ptolemy.moml.MoMLSimpleApplication@3e7ab90c
reloadAllAccessors: .Sinewave2

===========================================================================================
----------------- testing Sun Apr 28 00:20:12 UTC 2019 /home/travis/build/icyphy/ptII/ptolemy/actor/lib/test/auto/Sinewave3.xml
----------------- Instantiating /home/travis/build/icyphy/ptII/ptolemy/actor/lib/test/auto/Sinewave3.xml
7 ms. Memory: 1781760K Free: 1426537K (80%)
----------------- Invoking toplevel() on ptolemy.moml.MoMLSimpleApplication@78a73471
----------------- Done invoking toplevel() on ptolemy.moml.MoMLSimpleApplication@78a73471
reloadAllAccessors: .Sinewave3

===========================================================================================
----------------- testing Sun Apr 28 00:20:12 UTC 2019 /home/travis/build/icyphy/ptII/ptolemy/actor/lib/test/auto/SingleEvent.xml
----------------- Instantiating /home/travis/build/icyphy/ptII/ptolemy/actor/lib/test/auto/SingleEvent.xml
1 ms. Memory: 1781760K Free: 1405848K (79%)
----------------- Invoking toplevel() on ptolemy.moml.MoMLSimpleApplication@13fff0ad
----------------- Done invoking toplevel() on ptolemy.moml.MoMLSimpleApplication@13fff0ad
reloadAllAccessors: .SingleEvent

===========================================================================================
----------------- testing Sun Apr 28 00:20:12 UTC 2019 /home/travis/build/icyphy/ptII/ptolemy/actor/lib/test/auto/Sleep.xml
----------------- Instantiating /home/travis/build/icyphy/ptII/ptolemy/actor/lib/test/auto/Sleep.xml
6003 ms. Memory: 1781760K Free: 1389187K (78%)
----------------- Invoking toplevel() on ptolemy.moml.MoMLSimpleApplication@33d59866
----------------- Done invoking toplevel() on ptolemy.moml.MoMLSimpleApplication@33d59866
reloadAllAccessors: .Sleep

===========================================================================================
----------------- testing Sun Apr 28 00:20:18 UTC 2019 /home/travis/build/icyphy/ptII/ptolemy/actor/lib/test/auto/SleepMultipleFire.xml
----------------- Instantiating /home/travis/build/icyphy/ptII/ptolemy/actor/lib/test/auto/SleepMultipleFire.xml
1004 ms. Memory: 1781760K Free: 1368497K (77%)
----------------- Invoking toplevel() on ptolemy.moml.MoMLSimpleApplication@5a4684aa
----------------- Done invoking toplevel() on ptolemy.moml.MoMLSimpleApplication@5a4684aa
reloadAllAccessors: .SleepMultipleFire

===========================================================================================
----------------- testing Sun Apr 28 00:20:19 UTC 2019 /home/travis/build/icyphy/ptII/ptolemy/actor/lib/test/auto/StopDE.xml
----------------- Instantiating /home/travis/build/icyphy/ptII/ptolemy/actor/lib/test/auto/StopDE.xml
2 ms. Memory: 1781760K Free: 1351837K (76%)
----------------- Invoking toplevel() on ptolemy.moml.MoMLSimpleApplication@47a7b59f
----------------- Done invoking toplevel() on ptolemy.moml.MoMLSimpleApplication@47a7b59f
reloadAllAccessors: .StopDE

===========================================================================================
----------------- testing Sun Apr 28 00:20:19 UTC 2019 /home/travis/build/icyphy/ptII/ptolemy/actor/lib/test/auto/StopSDF.xml
----------------- Instantiating /home/travis/build/icyphy/ptII/ptolemy/actor/lib/test/auto/StopSDF.xml
4 ms. Memory: 1781760K Free: 1331147K (75%)
----------------- Invoking toplevel() on ptolemy.moml.MoMLSimpleApplication@4163e35e
----------------- Done invoking toplevel() on ptolemy.moml.MoMLSimpleApplication@4163e35e
reloadAllAccessors: .StopSDF

===========================================================================================
----------------- testing Sun Apr 28 00:20:19 UTC 2019 /home/travis/build/icyphy/ptII/ptolemy/actor/lib/test/auto/StringConstant.xml
----------------- Instantiating /home/travis/build/icyphy/ptII/ptolemy/actor/lib/test/auto/StringConstant.xml
3 ms. Memory: 1781760K Free: 1310457K (74%)
----------------- Invoking toplevel() on ptolemy.moml.MoMLSimpleApplication@f609260
----------------- Done invoking toplevel() on ptolemy.moml.MoMLSimpleApplication@f609260
reloadAllAccessors: .StringConstant

===========================================================================================
----------------- testing Sun Apr 28 00:20:19 UTC 2019 /home/travis/build/icyphy/ptII/ptolemy/actor/lib/test/auto/SubscriberPortInitialValues1.xml
----------------- Instantiating /home/travis/build/icyphy/ptII/ptolemy/actor/lib/test/auto/SubscriberPortInitialValues1.xml
9 ms. Memory: 1781760K Free: 1293797K (73%)
----------------- Invoking toplevel() on ptolemy.moml.MoMLSimpleApplication@16580b99
----------------- Done invoking toplevel() on ptolemy.moml.MoMLSimpleApplication@16580b99
reloadAllAccessors: .SubscriberPortInitialValues1

===========================================================================================
----------------- testing Sun Apr 28 00:20:19 UTC 2019 /home/travis/build/icyphy/ptII/ptolemy/actor/lib/test/auto/SubscriberPortInitialValues13.xml
----------------- Instantiating /home/travis/build/icyphy/ptII/ptolemy/actor/lib/test/auto/SubscriberPortInitialValues13.xml
3 ms. Memory: 1781760K Free: 1264760K (71%)
----------------- Invoking toplevel() on ptolemy.moml.MoMLSimpleApplication@206a2fd9
----------------- Done invoking toplevel() on ptolemy.moml.MoMLSimpleApplication@206a2fd9
reloadAllAccessors: .SubscriberPortInitialValues13

===========================================================================================
----------------- testing Sun Apr 28 00:20:19 UTC 2019 /home/travis/build/icyphy/ptII/ptolemy/actor/lib/test/auto/SubscriberPortInitialValues14.xml
----------------- Instantiating /home/travis/build/icyphy/ptII/ptolemy/actor/lib/test/auto/SubscriberPortInitialValues14.xml
3 ms. Memory: 1781760K Free: 1248100K (70%)
----------------- Invoking toplevel() on ptolemy.moml.MoMLSimpleApplication@5bf58a3
----------------- Done invoking toplevel() on ptolemy.moml.MoMLSimpleApplication@5bf58a3
reloadAllAccessors: .SubscriberPortInitialValues14

===========================================================================================
----------------- testing Sun Apr 28 00:20:19 UTC 2019 /home/travis/build/icyphy/ptII/ptolemy/actor/lib/test/auto/SubscriberPortInitialValues2.xml
----------------- Instantiating /home/travis/build/icyphy/ptII/ptolemy/actor/lib/test/auto/SubscriberPortInitialValues2.xml
3 ms. Memory: 1781760K Free: 1227410K (69%)
----------------- Invoking toplevel() on ptolemy.moml.MoMLSimpleApplication@4867081e
----------------- Done invoking toplevel() on ptolemy.moml.MoMLSimpleApplication@4867081e
reloadAllAccessors: .SubscriberPortInitialValues2

===========================================================================================
----------------- testing Sun Apr 28 00:20:19 UTC 2019 /home/travis/build/icyphy/ptII/ptolemy/actor/lib/test/auto/SubscriberPortInitialValues3.xml
----------------- Instantiating /home/travis/build/icyphy/ptII/ptolemy/actor/lib/test/auto/SubscriberPortInitialValues3.xml
3 ms. Memory: 1781760K Free: 1206721K (68%)
----------------- Invoking toplevel() on ptolemy.moml.MoMLSimpleApplication@6377a078
----------------- Done invoking toplevel() on ptolemy.moml.MoMLSimpleApplication@6377a078
reloadAllAccessors: .SubscriberPortInitialValues3

===========================================================================================
----------------- testing Sun Apr 28 00:20:19 UTC 2019 /home/travis/build/icyphy/ptII/ptolemy/actor/lib/test/auto/SubscriptionAggregator.xml
----------------- Instantiating /home/travis/build/icyphy/ptII/ptolemy/actor/lib/test/auto/SubscriptionAggregator.xml
2 ms. Memory: 1781760K Free: 1190060K (67%)
----------------- Invoking toplevel() on ptolemy.moml.MoMLSimpleApplication@2b014307
----------------- Done invoking toplevel() on ptolemy.moml.MoMLSimpleApplication@2b014307
reloadAllAccessors: .SubscriptionAggregator

===========================================================================================
----------------- testing Sun Apr 28 00:20:19 UTC 2019 /home/travis/build/icyphy/ptII/ptolemy/actor/lib/test/auto/SubscriptionAggregator2.xml
----------------- Instantiating /home/travis/build/icyphy/ptII/ptolemy/actor/lib/test/auto/SubscriptionAggregator2.xml
2 ms. Memory: 1781760K Free: 1169371K (66%)
----------------- Invoking toplevel() on ptolemy.moml.MoMLSimpleApplication@6ccea70d
----------------- Done invoking toplevel() on ptolemy.moml.MoMLSimpleApplication@6ccea70d
reloadAllAccessors: .SubscriptionAggregator2

===========================================================================================
----------------- testing Sun Apr 28 00:20:19 UTC 2019 /home/travis/build/icyphy/ptII/ptolemy/actor/lib/test/auto/SubscriptionAggregator3.xml
----------------- Instantiating /home/travis/build/icyphy/ptII/ptolemy/actor/lib/test/auto/SubscriptionAggregator3.xml
4 ms. Memory: 1781760K Free: 1152710K (65%)
----------------- Invoking toplevel() on ptolemy.moml.MoMLSimpleApplication@1b9882ab
----------------- Done invoking toplevel() on ptolemy.moml.MoMLSimpleApplication@1b9882ab
reloadAllAccessors: .SubscriptionAggregator3

===========================================================================================
----------------- testing Sun Apr 28 00:20:19 UTC 2019 /home/travis/build/icyphy/ptII/ptolemy/actor/lib/test/auto/SubscriptionAggregatorMultiply.xml
----------------- Instantiating /home/travis/build/icyphy/ptII/ptolemy/actor/lib/test/auto/SubscriptionAggregatorMultiply.xml
5 ms. Memory: 1781760K Free: 1132021K (64%)
----------------- Invoking toplevel() on ptolemy.moml.MoMLSimpleApplication@2af6f81
----------------- Done invoking toplevel() on ptolemy.moml.MoMLSimpleApplication@2af6f81
reloadAllAccessors: .SubscriptionAggregatorMultiply

===========================================================================================
----------------- testing Sun Apr 28 00:20:19 UTC 2019 /home/travis/build/icyphy/ptII/ptolemy/actor/lib/test/auto/SubscriptionAggregatorPortMultiply1.xml
----------------- Instantiating /home/travis/build/icyphy/ptII/ptolemy/actor/lib/test/auto/SubscriptionAggregatorPortMultiply1.xml
4 ms. Memory: 1781760K Free: 1111331K (62%)
----------------- Invoking toplevel() on ptolemy.moml.MoMLSimpleApplication@6cb76a72
----------------- Done invoking toplevel() on ptolemy.moml.MoMLSimpleApplication@6cb76a72
reloadAllAccessors: .SubscriptionAggregatorPortMultiply1

===========================================================================================
----------------- testing Sun Apr 28 00:20:19 UTC 2019 /home/travis/build/icyphy/ptII/ptolemy/actor/lib/test/auto/Switch.xml
----------------- Instantiating /home/travis/build/icyphy/ptII/ptolemy/actor/lib/test/auto/Switch.xml
6 ms. Memory: 1781760K Free: 1044627K (59%)
----------------- Invoking toplevel() on ptolemy.moml.MoMLSimpleApplication@75986624
----------------- Done invoking toplevel() on ptolemy.moml.MoMLSimpleApplication@75986624
reloadAllAccessors: .Switch

===========================================================================================
----------------- testing Sun Apr 28 00:20:19 UTC 2019 /home/travis/build/icyphy/ptII/ptolemy/actor/lib/test/auto/Switch2.xml
----------------- Instantiating /home/travis/build/icyphy/ptII/ptolemy/actor/lib/test/auto/Switch2.xml
1 ms. Memory: 1781760K Free: 1023937K (57%)
----------------- Invoking toplevel() on ptolemy.moml.MoMLSimpleApplication@193eb124
----------------- Done invoking toplevel() on ptolemy.moml.MoMLSimpleApplication@193eb124
reloadAllAccessors: .Switch2

===========================================================================================
----------------- testing Sun Apr 28 00:20:19 UTC 2019 /home/travis/build/icyphy/ptII/ptolemy/actor/lib/test/auto/SwitchDE.xml
----------------- Instantiating /home/travis/build/icyphy/ptII/ptolemy/actor/lib/test/auto/SwitchDE.xml
2 ms. Memory: 1781760K Free: 1003247K (56%)
----------------- Invoking toplevel() on ptolemy.moml.MoMLSimpleApplication@392e7724
----------------- Done invoking toplevel() on ptolemy.moml.MoMLSimpleApplication@392e7724
reloadAllAccessors: .SwitchDE

===========================================================================================
----------------- testing Sun Apr 28 00:20:19 UTC 2019 /home/travis/build/icyphy/ptII/ptolemy/actor/lib/test/auto/SynchronizerDE.xml
----------------- Instantiating /home/travis/build/icyphy/ptII/ptolemy/actor/lib/test/auto/SynchronizerDE.xml
6 ms. Memory: 1781760K Free: 986587K (55%)
----------------- Invoking toplevel() on ptolemy.moml.MoMLSimpleApplication@56b47d23
----------------- Done invoking toplevel() on ptolemy.moml.MoMLSimpleApplication@56b47d23
reloadAllAccessors: .SynchronizerDE

===========================================================================================
----------------- testing Sun Apr 28 00:20:19 UTC 2019 /home/travis/build/icyphy/ptII/ptolemy/actor/lib/test/auto/Test.xml
----------------- Instantiating /home/travis/build/icyphy/ptII/ptolemy/actor/lib/test/auto/Test.xml
5 ms. Memory: 1781760K Free: 965897K (54%)
----------------- Invoking toplevel() on ptolemy.moml.MoMLSimpleApplication@af071f7
----------------- Done invoking toplevel() on ptolemy.moml.MoMLSimpleApplication@af071f7
reloadAllAccessors: .Test

===========================================================================================
----------------- testing Sun Apr 28 00:20:19 UTC 2019 /home/travis/build/icyphy/ptII/ptolemy/actor/lib/test/auto/TestExceptionAttribute1.xml
----------------- Instantiating /home/travis/build/icyphy/ptII/ptolemy/actor/lib/test/auto/TestExceptionAttribute1.xml
1 ms. Memory: 1781760K Free: 949237K (53%)
----------------- Invoking toplevel() on ptolemy.moml.MoMLSimpleApplication@bd60194
----------------- Done invoking toplevel() on ptolemy.moml.MoMLSimpleApplication@bd60194
reloadAllAccessors: .TestExceptionAttribute1

===========================================================================================
----------------- testing Sun Apr 28 00:20:19 UTC 2019 /home/travis/build/icyphy/ptII/ptolemy/actor/lib/test/auto/TestExceptionAttribute2.xml
----------------- Instantiating /home/travis/build/icyphy/ptII/ptolemy/actor/lib/test/auto/TestExceptionAttribute2.xml
1 ms. Memory: 1781760K Free: 928547K (52%)
----------------- Invoking toplevel() on ptolemy.moml.MoMLSimpleApplication@2db3c270
----------------- Done invoking toplevel() on ptolemy.moml.MoMLSimpleApplication@2db3c270
reloadAllAccessors: .TestExceptionAttribute2

===========================================================================================
----------------- testing Sun Apr 28 00:20:19 UTC 2019 /home/travis/build/icyphy/ptII/ptolemy/actor/lib/test/auto/TestExceptionAttribute3.xml
----------------- Instantiating /home/travis/build/icyphy/ptII/ptolemy/actor/lib/test/auto/TestExceptionAttribute3.xml
.TestExceptionAttribute3.TestExceptionAttribute: initialize() was not invoked, but wrapup() was.  This is unusual, but not always a problem.  For example, exporting JNLP will do this.
0 ms. Memory: 1781760K Free: 907858K (51%)
----------------- Invoking toplevel() on ptolemy.moml.MoMLSimpleApplication@7ecafbc
----------------- Done invoking toplevel() on ptolemy.moml.MoMLSimpleApplication@7ecafbc
reloadAllAccessors: .TestExceptionAttribute3

===========================================================================================
----------------- testing Sun Apr 28 00:20:19 UTC 2019 /home/travis/build/icyphy/ptII/ptolemy/actor/lib/test/auto/TestExceptionAttribute4.xml
----------------- Instantiating /home/travis/build/icyphy/ptII/ptolemy/actor/lib/test/auto/TestExceptionAttribute4.xml
.TestExceptionAttribute4.TestExceptionAttribute: initialize() was not invoked, but wrapup() was.  This is unusual, but not always a problem.  For example, exporting JNLP will do this.
.TestExceptionAttribute4.TestExceptionAttribute2: initialize() was not invoked, but wrapup() was.  This is unusual, but not always a problem.  For example, exporting JNLP will do this.
0 ms. Memory: 1781760K Free: 891197K (50%)
----------------- Invoking toplevel() on ptolemy.moml.MoMLSimpleApplication@7efd11d8
----------------- Done invoking toplevel() on ptolemy.moml.MoMLSimpleApplication@7efd11d8
reloadAllAccessors: .TestExceptionAttribute4

===========================================================================================
----------------- testing Sun Apr 28 00:20:19 UTC 2019 /home/travis/build/icyphy/ptII/ptolemy/actor/lib/test/auto/TestExceptionHandler1.xml
----------------- Instantiating /home/travis/build/icyphy/ptII/ptolemy/actor/lib/test/auto/TestExceptionHandler1.xml
1 ms. Memory: 1781760K Free: 870507K (49%)
----------------- Invoking toplevel() on ptolemy.moml.MoMLSimpleApplication@419af4a
----------------- Done invoking toplevel() on ptolemy.moml.MoMLSimpleApplication@419af4a
reloadAllAccessors: .TestExceptionHandler1

===========================================================================================
----------------- testing Sun Apr 28 00:20:19 UTC 2019 /home/travis/build/icyphy/ptII/ptolemy/actor/lib/test/auto/TestExceptionHandler2.xml
----------------- Instantiating /home/travis/build/icyphy/ptII/ptolemy/actor/lib/test/auto/TestExceptionHandler2.xml
1 ms. Memory: 1781760K Free: 853847K (48%)
----------------- Invoking toplevel() on ptolemy.moml.MoMLSimpleApplication@23867b7b
----------------- Done invoking toplevel() on ptolemy.moml.MoMLSimpleApplication@23867b7b
reloadAllAccessors: .TestExceptionHandler2

===========================================================================================
----------------- testing Sun Apr 28 00:20:19 UTC 2019 /home/travis/build/icyphy/ptII/ptolemy/actor/lib/test/auto/TestExceptionHandler3.xml
----------------- Instantiating /home/travis/build/icyphy/ptII/ptolemy/actor/lib/test/auto/TestExceptionHandler3.xml
1 ms. Memory: 1781760K Free: 833157K (47%)
----------------- Invoking toplevel() on ptolemy.moml.MoMLSimpleApplication@63af829a
----------------- Done invoking toplevel() on ptolemy.moml.MoMLSimpleApplication@63af829a
reloadAllAccessors: .TestExceptionHandler3

===========================================================================================
----------------- testing Sun Apr 28 00:20:19 UTC 2019 /home/travis/build/icyphy/ptII/ptolemy/actor/lib/test/auto/TestExceptionHandler4.xml
----------------- Instantiating /home/travis/build/icyphy/ptII/ptolemy/actor/lib/test/auto/TestExceptionHandler4.xml
3 ms. Memory: 1781760K Free: 812467K (46%)
----------------- Invoking toplevel() on ptolemy.moml.MoMLSimpleApplication@6ea220be
----------------- Done invoking toplevel() on ptolemy.moml.MoMLSimpleApplication@6ea220be
reloadAllAccessors: .TestExceptionHandler4

===========================================================================================
----------------- testing Sun Apr 28 00:20:19 UTC 2019 /home/travis/build/icyphy/ptII/ptolemy/actor/lib/test/auto/TestRequireCorrectOrder.xml
----------------- Instantiating /home/travis/build/icyphy/ptII/ptolemy/actor/lib/test/auto/TestRequireCorrectOrder.xml
2 ms. Memory: 1781760K Free: 795807K (45%)
----------------- Invoking toplevel() on ptolemy.moml.MoMLSimpleApplication@5b9e2fee
----------------- Done invoking toplevel() on ptolemy.moml.MoMLSimpleApplication@5b9e2fee
reloadAllAccessors: .TestRequireCorrectOrder

===========================================================================================
----------------- testing Sun Apr 28 00:20:19 UTC 2019 /home/travis/build/icyphy/ptII/ptolemy/actor/lib/test/auto/TestSimple.xml
----------------- Instantiating /home/travis/build/icyphy/ptII/ptolemy/actor/lib/test/auto/TestSimple.xml
4 ms. Memory: 1781760K Free: 775117K (44%)
----------------- Invoking toplevel() on ptolemy.moml.MoMLSimpleApplication@584ec26f
----------------- Done invoking toplevel() on ptolemy.moml.MoMLSimpleApplication@584ec26f
reloadAllAccessors: .TestSimple

===========================================================================================
----------------- testing Sun Apr 28 00:20:19 UTC 2019 /home/travis/build/icyphy/ptII/ptolemy/actor/lib/test/auto/ThrowModelError.xml
----------------- Instantiating /home/travis/build/icyphy/ptII/ptolemy/actor/lib/test/auto/ThrowModelError.xml
1 ms. Memory: 1781760K Free: 754428K (42%)
----------------- Invoking toplevel() on ptolemy.moml.MoMLSimpleApplication@798e776b
----------------- Done invoking toplevel() on ptolemy.moml.MoMLSimpleApplication@798e776b
reloadAllAccessors: .ThrowModelError

===========================================================================================
----------------- testing Sun Apr 28 00:20:19 UTC 2019 /home/travis/build/icyphy/ptII/ptolemy/actor/lib/test/auto/TimeDelayMicrosteps.xml
----------------- Instantiating /home/travis/build/icyphy/ptII/ptolemy/actor/lib/test/auto/TimeDelayMicrosteps.xml
4 ms. Memory: 1781760K Free: 737767K (41%)
----------------- Invoking toplevel() on ptolemy.moml.MoMLSimpleApplication@34f92aa8
----------------- Done invoking toplevel() on ptolemy.moml.MoMLSimpleApplication@34f92aa8
reloadAllAccessors: .TimeDelayMicrosteps

===========================================================================================
----------------- testing Sun Apr 28 00:20:19 UTC 2019 /home/travis/build/icyphy/ptII/ptolemy/actor/lib/test/auto/TimeDelayMicrosteps2.xml
----------------- Instantiating /home/travis/build/icyphy/ptII/ptolemy/actor/lib/test/auto/TimeDelayMicrosteps2.xml
3 ms. Memory: 1781760K Free: 717077K (40%)
----------------- Invoking toplevel() on ptolemy.moml.MoMLSimpleApplication@12ec1987
----------------- Done invoking toplevel() on ptolemy.moml.MoMLSimpleApplication@12ec1987
reloadAllAccessors: .TimeDelayMicrosteps2

===========================================================================================
----------------- testing Sun Apr 28 00:20:19 UTC 2019 /home/travis/build/icyphy/ptII/ptolemy/actor/lib/test/auto/TimeDelayMicrosteps3.xml
----------------- Instantiating /home/travis/build/icyphy/ptII/ptolemy/actor/lib/test/auto/TimeDelayMicrosteps3.xml
4 ms. Memory: 1781760K Free: 700417K (39%)
----------------- Invoking toplevel() on ptolemy.moml.MoMLSimpleApplication@4659db2
----------------- Done invoking toplevel() on ptolemy.moml.MoMLSimpleApplication@4659db2
reloadAllAccessors: .TimeDelayMicrosteps3

===========================================================================================
----------------- testing Sun Apr 28 00:20:19 UTC 2019 /home/travis/build/icyphy/ptII/ptolemy/actor/lib/test/auto/TimeDelayVariableMicrosteps.xml
----------------- Instantiating /home/travis/build/icyphy/ptII/ptolemy/actor/lib/test/auto/TimeDelayVariableMicrosteps.xml
2 ms. Memory: 1781760K Free: 679727K (38%)
----------------- Invoking toplevel() on ptolemy.moml.MoMLSimpleApplication@1125dd81
----------------- Done invoking toplevel() on ptolemy.moml.MoMLSimpleApplication@1125dd81
reloadAllAccessors: .TimeDelayVariableMicrosteps

===========================================================================================
----------------- testing Sun Apr 28 00:20:19 UTC 2019 /home/travis/build/icyphy/ptII/ptolemy/actor/lib/test/auto/TimeGap.xml
----------------- Instantiating /home/travis/build/icyphy/ptII/ptolemy/actor/lib/test/auto/TimeGap.xml
2 ms. Memory: 1781760K Free: 659038K (37%)
----------------- Invoking toplevel() on ptolemy.moml.MoMLSimpleApplication@41d2c1b
----------------- Done invoking toplevel() on ptolemy.moml.MoMLSimpleApplication@41d2c1b
reloadAllAccessors: .TimeGap

===========================================================================================
----------------- testing Sun Apr 28 00:20:19 UTC 2019 /home/travis/build/icyphy/ptII/ptolemy/actor/lib/test/auto/TimeGap2.xml
----------------- Instantiating /home/travis/build/icyphy/ptII/ptolemy/actor/lib/test/auto/TimeGap2.xml
1 ms. Memory: 1781760K Free: 642377K (36%)
----------------- Invoking toplevel() on ptolemy.moml.MoMLSimpleApplication@1a454d99
----------------- Done invoking toplevel() on ptolemy.moml.MoMLSimpleApplication@1a454d99
reloadAllAccessors: .TimeGap2

===========================================================================================
----------------- testing Sun Apr 28 00:20:19 UTC 2019 /home/travis/build/icyphy/ptII/ptolemy/actor/lib/test/auto/TimedSinewave.xml
----------------- Instantiating /home/travis/build/icyphy/ptII/ptolemy/actor/lib/test/auto/TimedSinewave.xml
11 ms. Memory: 1781760K Free: 613349K (34%)
----------------- Invoking toplevel() on ptolemy.moml.MoMLSimpleApplication@3bf0b65d
----------------- Done invoking toplevel() on ptolemy.moml.MoMLSimpleApplication@3bf0b65d
reloadAllAccessors: .TimedSinewave

===========================================================================================
----------------- testing Sun Apr 28 00:20:19 UTC 2019 /home/travis/build/icyphy/ptII/ptolemy/actor/lib/test/auto/TimedSinewavePhase.xml
----------------- Instantiating /home/travis/build/icyphy/ptII/ptolemy/actor/lib/test/auto/TimedSinewavePhase.xml
7 ms. Memory: 1781760K Free: 596689K (33%)
----------------- Invoking toplevel() on ptolemy.moml.MoMLSimpleApplication@61f13fb3
----------------- Done invoking toplevel() on ptolemy.moml.MoMLSimpleApplication@61f13fb3
reloadAllAccessors: .TimedSinewavePhase

===========================================================================================
----------------- testing Sun Apr 28 00:20:19 UTC 2019 /home/travis/build/icyphy/ptII/ptolemy/actor/lib/test/auto/Timer.xml
----------------- Instantiating /home/travis/build/icyphy/ptII/ptolemy/actor/lib/test/auto/Timer.xml
1 ms. Memory: 1781760K Free: 575999K (32%)
----------------- Invoking toplevel() on ptolemy.moml.MoMLSimpleApplication@6f6a75c1
----------------- Done invoking toplevel() on ptolemy.moml.MoMLSimpleApplication@6f6a75c1
reloadAllAccessors: .Timer

===========================================================================================
----------------- testing Sun Apr 28 00:20:19 UTC 2019 /home/travis/build/icyphy/ptII/ptolemy/actor/lib/test/auto/TriangularDistTestModel.xml
----------------- Instantiating /home/travis/build/icyphy/ptII/ptolemy/actor/lib/test/auto/TriangularDistTestModel.xml
2 ms. Memory: 1781760K Free: 555309K (31%)
----------------- Invoking toplevel() on ptolemy.moml.MoMLSimpleApplication@d3504b9
----------------- Done invoking toplevel() on ptolemy.moml.MoMLSimpleApplication@d3504b9
reloadAllAccessors: .TriangularDistTestModel

===========================================================================================
----------------- testing Sun Apr 28 00:20:19 UTC 2019 /home/travis/build/icyphy/ptII/ptolemy/actor/lib/test/auto/TrigFunction.xml
----------------- Instantiating /home/travis/build/icyphy/ptII/ptolemy/actor/lib/test/auto/TrigFunction.xml
2 ms. Memory: 1781760K Free: 538648K (30%)
----------------- Invoking toplevel() on ptolemy.moml.MoMLSimpleApplication@4db36732
----------------- Done invoking toplevel() on ptolemy.moml.MoMLSimpleApplication@4db36732
reloadAllAccessors: .TrigFunction

===========================================================================================
----------------- testing Sun Apr 28 00:20:19 UTC 2019 /home/travis/build/icyphy/ptII/ptolemy/actor/lib/test/auto/TrigFunctionDE.xml
----------------- Instantiating /home/travis/build/icyphy/ptII/ptolemy/actor/lib/test/auto/TrigFunctionDE.xml
2 ms. Memory: 1781760K Free: 517959K (29%)
----------------- Invoking toplevel() on ptolemy.moml.MoMLSimpleApplication@6af60927
----------------- Done invoking toplevel() on ptolemy.moml.MoMLSimpleApplication@6af60927
reloadAllAccessors: .TrigFunctionDE

===========================================================================================
----------------- testing Sun Apr 28 00:20:19 UTC 2019 /home/travis/build/icyphy/ptII/ptolemy/actor/lib/test/auto/TrigFunctionInverse.xml
----------------- Instantiating /home/travis/build/icyphy/ptII/ptolemy/actor/lib/test/auto/TrigFunctionInverse.xml
2 ms. Memory: 1781760K Free: 497269K (28%)
----------------- Invoking toplevel() on ptolemy.moml.MoMLSimpleApplication@f1bfd0c
----------------- Done invoking toplevel() on ptolemy.moml.MoMLSimpleApplication@f1bfd0c
reloadAllAccessors: .TrigFunctionInverse

===========================================================================================
----------------- testing Sun Apr 28 00:20:19 UTC 2019 /home/travis/build/icyphy/ptII/ptolemy/actor/lib/test/auto/TrigFunctionTan.xml
----------------- Instantiating /home/travis/build/icyphy/ptII/ptolemy/actor/lib/test/auto/TrigFunctionTan.xml
1 ms. Memory: 1781760K Free: 480609K (27%)
----------------- Invoking toplevel() on ptolemy.moml.MoMLSimpleApplication@59c2e5de
----------------- Done invoking toplevel() on ptolemy.moml.MoMLSimpleApplication@59c2e5de
reloadAllAccessors: .TrigFunctionTan

===========================================================================================
----------------- testing Sun Apr 28 00:20:19 UTC 2019 /home/travis/build/icyphy/ptII/ptolemy/actor/lib/test/auto/TriggeredClock.xml
----------------- Instantiating /home/travis/build/icyphy/ptII/ptolemy/actor/lib/test/auto/TriggeredClock.xml
1 ms. Memory: 1781760K Free: 459919K (26%)
----------------- Invoking toplevel() on ptolemy.moml.MoMLSimpleApplication@4abe1ca4
----------------- Done invoking toplevel() on ptolemy.moml.MoMLSimpleApplication@4abe1ca4
reloadAllAccessors: .TriggeredClock

===========================================================================================
----------------- testing Sun Apr 28 00:20:19 UTC 2019 /home/travis/build/icyphy/ptII/ptolemy/actor/lib/test/auto/URLDirectoryReader.xml
----------------- Instantiating /home/travis/build/icyphy/ptII/ptolemy/actor/lib/test/auto/URLDirectoryReader.xml
26 ms. Memory: 1781760K Free: 443258K (25%)
----------------- Invoking toplevel() on ptolemy.moml.MoMLSimpleApplication@4192688b
----------------- Done invoking toplevel() on ptolemy.moml.MoMLSimpleApplication@4192688b
reloadAllAccessors: .URLDirectoryReader

===========================================================================================
----------------- testing Sun Apr 28 00:20:20 UTC 2019 /home/travis/build/icyphy/ptII/ptolemy/actor/lib/test/auto/URLDirectoryReader3.xml
----------------- Instantiating /home/travis/build/icyphy/ptII/ptolemy/actor/lib/test/auto/URLDirectoryReader3.xml
1045 ms. Memory: 1781760K Free: 380917K (21%)
----------------- Invoking toplevel() on ptolemy.moml.MoMLSimpleApplication@5b9bc0fb
----------------- Done invoking toplevel() on ptolemy.moml.MoMLSimpleApplication@5b9bc0fb
reloadAllAccessors: .URLDirectoryReader3

===========================================================================================
----------------- testing Sun Apr 28 00:20:21 UTC 2019 /home/travis/build/icyphy/ptII/ptolemy/actor/lib/test/auto/UnaryMathFunction.xml
----------------- Instantiating /home/travis/build/icyphy/ptII/ptolemy/actor/lib/test/auto/UnaryMathFunction.xml
10 ms. Memory: 1781760K Free: 360228K (20%)
----------------- Invoking toplevel() on ptolemy.moml.MoMLSimpleApplication@2ce0934
----------------- Done invoking toplevel() on ptolemy.moml.MoMLSimpleApplication@2ce0934
reloadAllAccessors: .UnaryMathFunction

===========================================================================================
----------------- testing Sun Apr 28 00:20:21 UTC 2019 /home/travis/build/icyphy/ptII/ptolemy/actor/lib/test/auto/Uniform.xml
----------------- Instantiating /home/travis/build/icyphy/ptII/ptolemy/actor/lib/test/auto/Uniform.xml
5 ms. Memory: 1781760K Free: 343567K (19%)
----------------- Invoking toplevel() on ptolemy.moml.MoMLSimpleApplication@240e6040
----------------- Done invoking toplevel() on ptolemy.moml.MoMLSimpleApplication@240e6040
reloadAllAccessors: .Uniform

===========================================================================================
----------------- testing Sun Apr 28 00:20:21 UTC 2019 /home/travis/build/icyphy/ptII/ptolemy/actor/lib/test/auto/UnionDisassemblerTest.xml
----------------- Instantiating /home/travis/build/icyphy/ptII/ptolemy/actor/lib/test/auto/UnionDisassemblerTest.xml
14 ms. Memory: 1781760K Free: 322877K (18%)
----------------- Invoking toplevel() on ptolemy.moml.MoMLSimpleApplication@2226d0f1
----------------- Done invoking toplevel() on ptolemy.moml.MoMLSimpleApplication@2226d0f1
reloadAllAccessors: .UnionDisassemblerTest

===========================================================================================
----------------- testing Sun Apr 28 00:20:21 UTC 2019 /home/travis/build/icyphy/ptII/ptolemy/actor/lib/test/auto/UtilityFunctions.xml
----------------- Instantiating /home/travis/build/icyphy/ptII/ptolemy/actor/lib/test/auto/UtilityFunctions.xml
1 ms. Memory: 1781760K Free: 302188K (17%)
----------------- Invoking toplevel() on ptolemy.moml.MoMLSimpleApplication@1364d19f
----------------- Done invoking toplevel() on ptolemy.moml.MoMLSimpleApplication@1364d19f
reloadAllAccessors: .UtilityFunctions

===========================================================================================
----------------- testing Sun Apr 28 00:20:21 UTC 2019 /home/travis/build/icyphy/ptII/ptolemy/actor/lib/test/auto/VariableSleep.xml
----------------- Instantiating /home/travis/build/icyphy/ptII/ptolemy/actor/lib/test/auto/VariableSleep.xml
503 ms. Memory: 1781760K Free: 285527K (16%)
----------------- Invoking toplevel() on ptolemy.moml.MoMLSimpleApplication@b6d1561
----------------- Done invoking toplevel() on ptolemy.moml.MoMLSimpleApplication@b6d1561
reloadAllAccessors: .VariableSleep

===========================================================================================
----------------- testing Sun Apr 28 00:20:21 UTC 2019 /home/travis/build/icyphy/ptII/ptolemy/actor/lib/test/auto/VectorAssemblerDisassemblerCT.xml
----------------- Instantiating /home/travis/build/icyphy/ptII/ptolemy/actor/lib/test/auto/VectorAssemblerDisassemblerCT.xml
45 ms. Memory: 1781760K Free: 256507K (14%)
----------------- Invoking toplevel() on ptolemy.moml.MoMLSimpleApplication@4848f8fa
----------------- Done invoking toplevel() on ptolemy.moml.MoMLSimpleApplication@4848f8fa
reloadAllAccessors: .VectorAssemblerDisassemblerCT

===========================================================================================
----------------- testing Sun Apr 28 00:20:22 UTC 2019 /home/travis/build/icyphy/ptII/ptolemy/actor/lib/test/auto/VectorAssemblerDisassemblerDE.xml
----------------- Instantiating /home/travis/build/icyphy/ptII/ptolemy/actor/lib/test/auto/VectorAssemblerDisassemblerDE.xml
3 ms. Memory: 1781760K Free: 239847K (13%)
----------------- Invoking toplevel() on ptolemy.moml.MoMLSimpleApplication@498093cd
----------------- Done invoking toplevel() on ptolemy.moml.MoMLSimpleApplication@498093cd
reloadAllAccessors: .VectorAssemblerDisassemblerDE

===========================================================================================
----------------- testing Sun Apr 28 00:20:22 UTC 2019 /home/travis/build/icyphy/ptII/ptolemy/actor/lib/test/auto/VectorAssemblerDisassemblerSDF.xml
----------------- Instantiating /home/travis/build/icyphy/ptII/ptolemy/actor/lib/test/auto/VectorAssemblerDisassemblerSDF.xml
3 ms. Memory: 1781760K Free: 219157K (12%)
----------------- Invoking toplevel() on ptolemy.moml.MoMLSimpleApplication@6279b076
----------------- Done invoking toplevel() on ptolemy.moml.MoMLSimpleApplication@6279b076
reloadAllAccessors: .VectorAssemblerDisassemblerSDF

===========================================================================================
----------------- testing Sun Apr 28 00:20:22 UTC 2019 /home/travis/build/icyphy/ptII/ptolemy/actor/lib/test/auto/WallClockTime.xml
----------------- Instantiating /home/travis/build/icyphy/ptII/ptolemy/actor/lib/test/auto/WallClockTime.xml
1004 ms. Memory: 1781760K Free: 198467K (11%)
----------------- Invoking toplevel() on ptolemy.moml.MoMLSimpleApplication@4b2960e
----------------- Done invoking toplevel() on ptolemy.moml.MoMLSimpleApplication@4b2960e
reloadAllAccessors: .WallClockTime

===========================================================================================
----------------- testing Sun Apr 28 00:20:23 UTC 2019 /home/travis/build/icyphy/ptII/ptolemy/actor/lib/test/auto/WidthTestWithSubscriberPublisher.xml
----------------- Instantiating /home/travis/build/icyphy/ptII/ptolemy/actor/lib/test/auto/WidthTestWithSubscriberPublisher.xml
6 ms. Memory: 1781760K Free: 173476K (10%)
----------------- Invoking toplevel() on ptolemy.moml.MoMLSimpleApplication@2c11ea94
----------------- Done invoking toplevel() on ptolemy.moml.MoMLSimpleApplication@2c11ea94
reloadAllAccessors: .WidthTestWithSubscriberPublisher

===========================================================================================
----------------- testing Sun Apr 28 00:20:23 UTC 2019 /home/travis/build/icyphy/ptII/ptolemy/actor/lib/test/auto/WidthTestWithSubscriberPublisher2.xml
----------------- Instantiating /home/travis/build/icyphy/ptII/ptolemy/actor/lib/test/auto/WidthTestWithSubscriberPublisher2.xml
3 ms. Memory: 1781760K Free: 152787K (9%)
----------------- Invoking toplevel() on ptolemy.moml.MoMLSimpleApplication@823989a
----------------- Done invoking toplevel() on ptolemy.moml.MoMLSimpleApplication@823989a
reloadAllAccessors: .WidthTestWithSubscriberPublisher2

===========================================================================================
----------------- testing Sun Apr 28 00:20:23 UTC 2019 /home/travis/build/icyphy/ptII/ptolemy/actor/lib/test/auto/WidthTestWithSubscriberPublisher3.xml
----------------- Instantiating /home/travis/build/icyphy/ptII/ptolemy/actor/lib/test/auto/WidthTestWithSubscriberPublisher3.xml
2 ms. Memory: 1781760K Free: 132097K (7%)
----------------- Invoking toplevel() on ptolemy.moml.MoMLSimpleApplication@50b2a6ca
----------------- Done invoking toplevel() on ptolemy.moml.MoMLSimpleApplication@50b2a6ca
reloadAllAccessors: .WidthTestWithSubscriberPublisher3

===========================================================================================
----------------- testing Sun Apr 28 00:20:23 UTC 2019 /home/travis/build/icyphy/ptII/ptolemy/actor/lib/test/auto/Writer.xml
----------------- Instantiating /home/travis/build/icyphy/ptII/ptolemy/actor/lib/test/auto/Writer.xml
0
1
2
3
4
2 ms. Memory: 1781760K Free: 115436K (6%)
----------------- Invoking toplevel() on ptolemy.moml.MoMLSimpleApplication@93e01ed
----------------- Done invoking toplevel() on ptolemy.moml.MoMLSimpleApplication@93e01ed
reloadAllAccessors: .Writer

===========================================================================================
----------------- testing Sun Apr 28 00:20:23 UTC 2019 /home/travis/build/icyphy/ptII/ptolemy/actor/lib/test/auto/array.xml
----------------- Instantiating /home/travis/build/icyphy/ptII/ptolemy/actor/lib/test/auto/array.xml
2 ms. Memory: 1781760K Free: 94747K (5%)
----------------- Invoking toplevel() on ptolemy.moml.MoMLSimpleApplication@1efa2ab3
----------------- Done invoking toplevel() on ptolemy.moml.MoMLSimpleApplication@1efa2ab3
reloadAllAccessors: .array

===========================================================================================
----------------- testing Sun Apr 28 00:20:23 UTC 2019 /home/travis/build/icyphy/ptII/ptolemy/actor/lib/test/auto/array2.xml
----------------- Instantiating /home/travis/build/icyphy/ptII/ptolemy/actor/lib/test/auto/array2.xml
10 ms. Memory: 1781760K Free: 78086K (4%)
----------------- Invoking toplevel() on ptolemy.moml.MoMLSimpleApplication@43cd0807
----------------- Done invoking toplevel() on ptolemy.moml.MoMLSimpleApplication@43cd0807
reloadAllAccessors: .array2

===========================================================================================
----------------- testing Sun Apr 28 00:20:23 UTC 2019 /home/travis/build/icyphy/ptII/ptolemy/actor/lib/test/auto/arrayType.xml
----------------- Instantiating /home/travis/build/icyphy/ptII/ptolemy/actor/lib/test/auto/arrayType.xml
1 ms. Memory: 1782784K Free: 1711689K (96%)
----------------- Invoking toplevel() on ptolemy.moml.MoMLSimpleApplication@345974cc
----------------- Done invoking toplevel() on ptolemy.moml.MoMLSimpleApplication@345974cc
reloadAllAccessors: .arrayType

===========================================================================================
----------------- testing Sun Apr 28 00:20:23 UTC 2019 /home/travis/build/icyphy/ptII/ptolemy/actor/lib/test/auto/arrayType10.xml
----------------- Instantiating /home/travis/build/icyphy/ptII/ptolemy/actor/lib/test/auto/arrayType10.xml
2 ms. Memory: 1782784K Free: 1695029K (95%)
----------------- Invoking toplevel() on ptolemy.moml.MoMLSimpleApplication@55c6b3b8
----------------- Done invoking toplevel() on ptolemy.moml.MoMLSimpleApplication@55c6b3b8
reloadAllAccessors: .arrayType10

===========================================================================================
----------------- testing Sun Apr 28 00:20:23 UTC 2019 /home/travis/build/icyphy/ptII/ptolemy/actor/lib/test/auto/arrayType11.xml
----------------- Instantiating /home/travis/build/icyphy/ptII/ptolemy/actor/lib/test/auto/arrayType11.xml
6 ms. Memory: 1782784K Free: 1674459K (94%)
----------------- Invoking toplevel() on ptolemy.moml.MoMLSimpleApplication@1ea9ad7b
----------------- Done invoking toplevel() on ptolemy.moml.MoMLSimpleApplication@1ea9ad7b
reloadAllAccessors: .arrayType11

===========================================================================================
----------------- testing Sun Apr 28 00:20:23 UTC 2019 /home/travis/build/icyphy/ptII/ptolemy/actor/lib/test/auto/arrayType12.xml
----------------- Instantiating /home/travis/build/icyphy/ptII/ptolemy/actor/lib/test/auto/arrayType12.xml
2 ms. Memory: 1782784K Free: 1653889K (93%)
----------------- Invoking toplevel() on ptolemy.moml.MoMLSimpleApplication@23d68a13
----------------- Done invoking toplevel() on ptolemy.moml.MoMLSimpleApplication@23d68a13
reloadAllAccessors: .arrayType12

===========================================================================================
----------------- testing Sun Apr 28 00:20:23 UTC 2019 /home/travis/build/icyphy/ptII/ptolemy/actor/lib/test/auto/arrayType13.xml
----------------- Instantiating /home/travis/build/icyphy/ptII/ptolemy/actor/lib/test/auto/arrayType13.xml
2 ms. Memory: 1782784K Free: 1637229K (92%)
----------------- Invoking toplevel() on ptolemy.moml.MoMLSimpleApplication@7f9f7133
----------------- Done invoking toplevel() on ptolemy.moml.MoMLSimpleApplication@7f9f7133
reloadAllAccessors: .arrayType13

===========================================================================================
----------------- testing Sun Apr 28 00:20:23 UTC 2019 /home/travis/build/icyphy/ptII/ptolemy/actor/lib/test/auto/arrayType14.xml
----------------- Instantiating /home/travis/build/icyphy/ptII/ptolemy/actor/lib/test/auto/arrayType14.xml
2 ms. Memory: 1782784K Free: 1616659K (91%)
----------------- Invoking toplevel() on ptolemy.moml.MoMLSimpleApplication@65fd9244
----------------- Done invoking toplevel() on ptolemy.moml.MoMLSimpleApplication@65fd9244
reloadAllAccessors: .arrayType14

===========================================================================================
----------------- testing Sun Apr 28 00:20:23 UTC 2019 /home/travis/build/icyphy/ptII/ptolemy/actor/lib/test/auto/arrayType15.xml
----------------- Instantiating /home/travis/build/icyphy/ptII/ptolemy/actor/lib/test/auto/arrayType15.xml
3 ms. Memory: 1782784K Free: 1596089K (90%)
----------------- Invoking toplevel() on ptolemy.moml.MoMLSimpleApplication@180a7c00
----------------- Done invoking toplevel() on ptolemy.moml.MoMLSimpleApplication@180a7c00
reloadAllAccessors: .arrayType15

===========================================================================================
----------------- testing Sun Apr 28 00:20:23 UTC 2019 /home/travis/build/icyphy/ptII/ptolemy/actor/lib/test/auto/arrayType16.xml
----------------- Instantiating /home/travis/build/icyphy/ptII/ptolemy/actor/lib/test/auto/arrayType16.xml
2 ms. Memory: 1782784K Free: 1579429K (89%)
----------------- Invoking toplevel() on ptolemy.moml.MoMLSimpleApplication@28aa1efc
----------------- Done invoking toplevel() on ptolemy.moml.MoMLSimpleApplication@28aa1efc
reloadAllAccessors: .arrayType16

===========================================================================================
----------------- testing Sun Apr 28 00:20:23 UTC 2019 /home/travis/build/icyphy/ptII/ptolemy/actor/lib/test/auto/arrayType17.xml
----------------- Instantiating /home/travis/build/icyphy/ptII/ptolemy/actor/lib/test/auto/arrayType17.xml
1 ms. Memory: 1782784K Free: 1558859K (87%)
----------------- Invoking toplevel() on ptolemy.moml.MoMLSimpleApplication@2eee9b42
----------------- Done invoking toplevel() on ptolemy.moml.MoMLSimpleApplication@2eee9b42
reloadAllAccessors: .arrayType17

===========================================================================================
----------------- testing Sun Apr 28 00:20:23 UTC 2019 /home/travis/build/icyphy/ptII/ptolemy/actor/lib/test/auto/arrayType18.xml
----------------- Instantiating /home/travis/build/icyphy/ptII/ptolemy/actor/lib/test/auto/arrayType18.xml
1 ms. Memory: 1782784K Free: 1542199K (87%)
----------------- Invoking toplevel() on ptolemy.moml.MoMLSimpleApplication@74818620
----------------- Done invoking toplevel() on ptolemy.moml.MoMLSimpleApplication@74818620
reloadAllAccessors: .arrayType18

===========================================================================================
----------------- testing Sun Apr 28 00:20:23 UTC 2019 /home/travis/build/icyphy/ptII/ptolemy/actor/lib/test/auto/arrayType19.xml
----------------- Instantiating /home/travis/build/icyphy/ptII/ptolemy/actor/lib/test/auto/arrayType19.xml
1 ms. Memory: 1782784K Free: 1521629K (85%)
----------------- Invoking toplevel() on ptolemy.moml.MoMLSimpleApplication@39c7cdf3
----------------- Done invoking toplevel() on ptolemy.moml.MoMLSimpleApplication@39c7cdf3
reloadAllAccessors: .arrayType19

===========================================================================================
----------------- testing Sun Apr 28 00:20:23 UTC 2019 /home/travis/build/icyphy/ptII/ptolemy/actor/lib/test/auto/arrayType2.xml
----------------- Instantiating /home/travis/build/icyphy/ptII/ptolemy/actor/lib/test/auto/arrayType2.xml
2 ms. Memory: 1782784K Free: 1501060K (84%)
----------------- Invoking toplevel() on ptolemy.moml.MoMLSimpleApplication@7f1e6723
----------------- Done invoking toplevel() on ptolemy.moml.MoMLSimpleApplication@7f1e6723
reloadAllAccessors: .arrayType2

===========================================================================================
----------------- testing Sun Apr 28 00:20:23 UTC 2019 /home/travis/build/icyphy/ptII/ptolemy/actor/lib/test/auto/arrayType20.xml
----------------- Instantiating /home/travis/build/icyphy/ptII/ptolemy/actor/lib/test/auto/arrayType20.xml
1 ms. Memory: 1782784K Free: 1484399K (83%)
----------------- Invoking toplevel() on ptolemy.moml.MoMLSimpleApplication@5b14969
----------------- Done invoking toplevel() on ptolemy.moml.MoMLSimpleApplication@5b14969
reloadAllAccessors: .arrayType20

===========================================================================================
----------------- testing Sun Apr 28 00:20:23 UTC 2019 /home/travis/build/icyphy/ptII/ptolemy/actor/lib/test/auto/arrayType21.xml
----------------- Instantiating /home/travis/build/icyphy/ptII/ptolemy/actor/lib/test/auto/arrayType21.xml
1 ms. Memory: 1782784K Free: 1463829K (82%)
----------------- Invoking toplevel() on ptolemy.moml.MoMLSimpleApplication@57bb918c
----------------- Done invoking toplevel() on ptolemy.moml.MoMLSimpleApplication@57bb918c
reloadAllAccessors: .arrayType21

===========================================================================================
----------------- testing Sun Apr 28 00:20:23 UTC 2019 /home/travis/build/icyphy/ptII/ptolemy/actor/lib/test/auto/arrayType22.xml
----------------- Instantiating /home/travis/build/icyphy/ptII/ptolemy/actor/lib/test/auto/arrayType22.xml
1 ms. Memory: 1782784K Free: 1443260K (81%)
----------------- Invoking toplevel() on ptolemy.moml.MoMLSimpleApplication@37d825
----------------- Done invoking toplevel() on ptolemy.moml.MoMLSimpleApplication@37d825
reloadAllAccessors: .arrayType22

===========================================================================================
----------------- testing Sun Apr 28 00:20:23 UTC 2019 /home/travis/build/icyphy/ptII/ptolemy/actor/lib/test/auto/arrayType23.xml
----------------- Instantiating /home/travis/build/icyphy/ptII/ptolemy/actor/lib/test/auto/arrayType23.xml
2 ms. Memory: 1782784K Free: 1426599K (80%)
----------------- Invoking toplevel() on ptolemy.moml.MoMLSimpleApplication@4275c974
----------------- Done invoking toplevel() on ptolemy.moml.MoMLSimpleApplication@4275c974
reloadAllAccessors: .arrayType23

===========================================================================================
----------------- testing Sun Apr 28 00:20:23 UTC 2019 /home/travis/build/icyphy/ptII/ptolemy/actor/lib/test/auto/arrayType24.xml
----------------- Instantiating /home/travis/build/icyphy/ptII/ptolemy/actor/lib/test/auto/arrayType24.xml
2 ms. Memory: 1782784K Free: 1406029K (79%)
----------------- Invoking toplevel() on ptolemy.moml.MoMLSimpleApplication@25be6a51
----------------- Done invoking toplevel() on ptolemy.moml.MoMLSimpleApplication@25be6a51
reloadAllAccessors: .arrayType24

===========================================================================================
----------------- testing Sun Apr 28 00:20:23 UTC 2019 /home/travis/build/icyphy/ptII/ptolemy/actor/lib/test/auto/arrayType25.xml
----------------- Instantiating /home/travis/build/icyphy/ptII/ptolemy/actor/lib/test/auto/arrayType25.xml
1 ms. Memory: 1782784K Free: 1385460K (78%)
----------------- Invoking toplevel() on ptolemy.moml.MoMLSimpleApplication@2730014a
----------------- Done invoking toplevel() on ptolemy.moml.MoMLSimpleApplication@2730014a
reloadAllAccessors: .arrayType25

===========================================================================================
----------------- testing Sun Apr 28 00:20:23 UTC 2019 /home/travis/build/icyphy/ptII/ptolemy/actor/lib/test/auto/arrayType26.xml
----------------- Instantiating /home/travis/build/icyphy/ptII/ptolemy/actor/lib/test/auto/arrayType26.xml
1 ms. Memory: 1782784K Free: 1368799K (77%)
----------------- Invoking toplevel() on ptolemy.moml.MoMLSimpleApplication@66561f32
----------------- Done invoking toplevel() on ptolemy.moml.MoMLSimpleApplication@66561f32
reloadAllAccessors: .arrayType26

===========================================================================================
----------------- testing Sun Apr 28 00:20:23 UTC 2019 /home/travis/build/icyphy/ptII/ptolemy/actor/lib/test/auto/arrayType27.xml
----------------- Instantiating /home/travis/build/icyphy/ptII/ptolemy/actor/lib/test/auto/arrayType27.xml
1 ms. Memory: 1782784K Free: 1348229K (76%)
----------------- Invoking toplevel() on ptolemy.moml.MoMLSimpleApplication@4f7ab8a8
----------------- Done invoking toplevel() on ptolemy.moml.MoMLSimpleApplication@4f7ab8a8
reloadAllAccessors: .arrayType27

===========================================================================================
----------------- testing Sun Apr 28 00:20:23 UTC 2019 /home/travis/build/icyphy/ptII/ptolemy/actor/lib/test/auto/arrayType28.xml
----------------- Instantiating /home/travis/build/icyphy/ptII/ptolemy/actor/lib/test/auto/arrayType28.xml
1 ms. Memory: 1782784K Free: 1327660K (74%)
----------------- Invoking toplevel() on ptolemy.moml.MoMLSimpleApplication@bf40a58
----------------- Done invoking toplevel() on ptolemy.moml.MoMLSimpleApplication@bf40a58
reloadAllAccessors: .arrayType28

===========================================================================================
----------------- testing Sun Apr 28 00:20:23 UTC 2019 /home/travis/build/icyphy/ptII/ptolemy/actor/lib/test/auto/arrayType3.xml
----------------- Instantiating /home/travis/build/icyphy/ptII/ptolemy/actor/lib/test/auto/arrayType3.xml
1 ms. Memory: 1782784K Free: 1310999K (74%)
----------------- Invoking toplevel() on ptolemy.moml.MoMLSimpleApplication@70a6ca54
----------------- Done invoking toplevel() on ptolemy.moml.MoMLSimpleApplication@70a6ca54
reloadAllAccessors: .arrayType3

===========================================================================================
----------------- testing Sun Apr 28 00:20:23 UTC 2019 /home/travis/build/icyphy/ptII/ptolemy/actor/lib/test/auto/arrayType4.xml
----------------- Instantiating /home/travis/build/icyphy/ptII/ptolemy/actor/lib/test/auto/arrayType4.xml
2 ms. Memory: 1782784K Free: 1290429K (72%)
----------------- Invoking toplevel() on ptolemy.moml.MoMLSimpleApplication@4acf6851
----------------- Done invoking toplevel() on ptolemy.moml.MoMLSimpleApplication@4acf6851
reloadAllAccessors: .arrayType4

===========================================================================================
----------------- testing Sun Apr 28 00:20:23 UTC 2019 /home/travis/build/icyphy/ptII/ptolemy/actor/lib/test/auto/arrayType5.xml
----------------- Instantiating /home/travis/build/icyphy/ptII/ptolemy/actor/lib/test/auto/arrayType5.xml
3 ms. Memory: 1782784K Free: 1269819K (71%)
----------------- Invoking toplevel() on ptolemy.moml.MoMLSimpleApplication@5b09049d
----------------- Done invoking toplevel() on ptolemy.moml.MoMLSimpleApplication@5b09049d
reloadAllAccessors: .arrayType5

===========================================================================================
----------------- testing Sun Apr 28 00:20:23 UTC 2019 /home/travis/build/icyphy/ptII/ptolemy/actor/lib/test/auto/arrayType6.xml
----------------- Instantiating /home/travis/build/icyphy/ptII/ptolemy/actor/lib/test/auto/arrayType6.xml
1 ms. Memory: 1782784K Free: 1253159K (70%)
----------------- Invoking toplevel() on ptolemy.moml.MoMLSimpleApplication@1ec39924
----------------- Done invoking toplevel() on ptolemy.moml.MoMLSimpleApplication@1ec39924
reloadAllAccessors: .arrayType6

===========================================================================================
----------------- testing Sun Apr 28 00:20:23 UTC 2019 /home/travis/build/icyphy/ptII/ptolemy/actor/lib/test/auto/arrayType7.xml
----------------- Instantiating /home/travis/build/icyphy/ptII/ptolemy/actor/lib/test/auto/arrayType7.xml
1 ms. Memory: 1782784K Free: 1232589K (69%)
----------------- Invoking toplevel() on ptolemy.moml.MoMLSimpleApplication@46d2bdc8
----------------- Done invoking toplevel() on ptolemy.moml.MoMLSimpleApplication@46d2bdc8
reloadAllAccessors: .arrayType7

===========================================================================================
----------------- testing Sun Apr 28 00:20:23 UTC 2019 /home/travis/build/icyphy/ptII/ptolemy/actor/lib/test/auto/arrayType8.xml
----------------- Instantiating /home/travis/build/icyphy/ptII/ptolemy/actor/lib/test/auto/arrayType8.xml
1 ms. Memory: 1782784K Free: 1212019K (68%)
----------------- Invoking toplevel() on ptolemy.moml.MoMLSimpleApplication@36f3aa69
----------------- Done invoking toplevel() on ptolemy.moml.MoMLSimpleApplication@36f3aa69
reloadAllAccessors: .arrayType8

===========================================================================================
----------------- testing Sun Apr 28 00:20:23 UTC 2019 /home/travis/build/icyphy/ptII/ptolemy/actor/lib/test/auto/arrayType9.xml
----------------- Instantiating /home/travis/build/icyphy/ptII/ptolemy/actor/lib/test/auto/arrayType9.xml
1 ms. Memory: 1782784K Free: 1195359K (67%)
----------------- Invoking toplevel() on ptolemy.moml.MoMLSimpleApplication@767e65d8
----------------- Done invoking toplevel() on ptolemy.moml.MoMLSimpleApplication@767e65d8
reloadAllAccessors: .arrayType9

===========================================================================================
----------------- testing Sun Apr 28 00:20:23 UTC 2019 /home/travis/build/icyphy/ptII/ptolemy/actor/lib/test/auto/cast.xml
----------------- Instantiating /home/travis/build/icyphy/ptII/ptolemy/actor/lib/test/auto/cast.xml
2 ms. Memory: 1782784K Free: 1174789K (66%)
----------------- Invoking toplevel() on ptolemy.moml.MoMLSimpleApplication@5e4c4948
----------------- Done invoking toplevel() on ptolemy.moml.MoMLSimpleApplication@5e4c4948
reloadAllAccessors: .cast

===========================================================================================
----------------- testing Sun Apr 28 00:20:23 UTC 2019 /home/travis/build/icyphy/ptII/ptolemy/actor/lib/test/auto/compositeMultiPort.xml
----------------- Instantiating /home/travis/build/icyphy/ptII/ptolemy/actor/lib/test/auto/compositeMultiPort.xml
2 ms. Memory: 1782784K Free: 1154219K (65%)
----------------- Invoking toplevel() on ptolemy.moml.MoMLSimpleApplication@165c6d9c
----------------- Done invoking toplevel() on ptolemy.moml.MoMLSimpleApplication@165c6d9c
reloadAllAccessors: .compositeMultiPort

===========================================================================================
----------------- testing Sun Apr 28 00:20:23 UTC 2019 /home/travis/build/icyphy/ptII/ptolemy/actor/lib/test/auto/expressionCastInference.xml
----------------- Instantiating /home/travis/build/icyphy/ptII/ptolemy/actor/lib/test/auto/expressionCastInference.xml
2 ms. Memory: 1782784K Free: 1137559K (64%)
----------------- Invoking toplevel() on ptolemy.moml.MoMLSimpleApplication@507b2361
----------------- Done invoking toplevel() on ptolemy.moml.MoMLSimpleApplication@507b2361
reloadAllAccessors: .expressionCastInference

===========================================================================================
----------------- testing Sun Apr 28 00:20:23 UTC 2019 /home/travis/build/icyphy/ptII/ptolemy/actor/lib/test/auto/expressionCastInference2.xml
----------------- Instantiating /home/travis/build/icyphy/ptII/ptolemy/actor/lib/test/auto/expressionCastInference2.xml
2 ms. Memory: 1782784K Free: 1116989K (63%)
----------------- Invoking toplevel() on ptolemy.moml.MoMLSimpleApplication@79da61e4
----------------- Done invoking toplevel() on ptolemy.moml.MoMLSimpleApplication@79da61e4
reloadAllAccessors: .expressionCastInference2

===========================================================================================
----------------- testing Sun Apr 28 00:20:23 UTC 2019 /home/travis/build/icyphy/ptII/ptolemy/actor/lib/test/auto/expressionInference.xml
----------------- Instantiating /home/travis/build/icyphy/ptII/ptolemy/actor/lib/test/auto/expressionInference.xml
1 ms. Memory: 1782784K Free: 1096420K (62%)
----------------- Invoking toplevel() on ptolemy.moml.MoMLSimpleApplication@3f360e6a
----------------- Done invoking toplevel() on ptolemy.moml.MoMLSimpleApplication@3f360e6a
reloadAllAccessors: .expressionInference

===========================================================================================
----------------- testing Sun Apr 28 00:20:23 UTC 2019 /home/travis/build/icyphy/ptII/ptolemy/actor/lib/test/auto/expression_bug.xml
----------------- Instantiating /home/travis/build/icyphy/ptII/ptolemy/actor/lib/test/auto/expression_bug.xml
1 ms. Memory: 1782784K Free: 1079759K (61%)
----------------- Invoking toplevel() on ptolemy.moml.MoMLSimpleApplication@4d7372d
----------------- Done invoking toplevel() on ptolemy.moml.MoMLSimpleApplication@4d7372d
reloadAllAccessors: .expression_bug

===========================================================================================
----------------- testing Sun Apr 28 00:20:23 UTC 2019 /home/travis/build/icyphy/ptII/ptolemy/actor/lib/test/auto/factorial.xml
----------------- Instantiating /home/travis/build/icyphy/ptII/ptolemy/actor/lib/test/auto/factorial.xml
46 ms. Memory: 1782784K Free: 1059190K (59%)
----------------- Invoking toplevel() on ptolemy.moml.MoMLSimpleApplication@2b6ec477
----------------- Done invoking toplevel() on ptolemy.moml.MoMLSimpleApplication@2b6ec477
reloadAllAccessors: .factorial

===========================================================================================
----------------- testing Sun Apr 28 00:20:23 UTC 2019 /home/travis/build/icyphy/ptII/ptolemy/actor/lib/test/auto/filterTest1.xml
----------------- Instantiating /home/travis/build/icyphy/ptII/ptolemy/actor/lib/test/auto/filterTest1.xml
3 ms. Memory: 1782784K Free: 1038620K (58%)
----------------- Invoking toplevel() on ptolemy.moml.MoMLSimpleApplication@638bd138
----------------- Done invoking toplevel() on ptolemy.moml.MoMLSimpleApplication@638bd138
reloadAllAccessors: .filterTest1

===========================================================================================
----------------- testing Sun Apr 28 00:20:23 UTC 2019 /home/travis/build/icyphy/ptII/ptolemy/actor/lib/test/auto/funcApplyInConst.xml
----------------- Instantiating /home/travis/build/icyphy/ptII/ptolemy/actor/lib/test/auto/funcApplyInConst.xml
1 ms. Memory: 1782784K Free: 1021959K (57%)
----------------- Invoking toplevel() on ptolemy.moml.MoMLSimpleApplication@725b171d
----------------- Done invoking toplevel() on ptolemy.moml.MoMLSimpleApplication@725b171d
reloadAllAccessors: .funcApplyInConst

===========================================================================================
----------------- testing Sun Apr 28 00:20:23 UTC 2019 /home/travis/build/icyphy/ptII/ptolemy/actor/lib/test/auto/funcApplyInExpr.xml
----------------- Instantiating /home/travis/build/icyphy/ptII/ptolemy/actor/lib/test/auto/funcApplyInExpr.xml
1 ms. Memory: 1782784K Free: 1001389K (56%)
----------------- Invoking toplevel() on ptolemy.moml.MoMLSimpleApplication@2a5b7ef
----------------- Done invoking toplevel() on ptolemy.moml.MoMLSimpleApplication@2a5b7ef
reloadAllAccessors: .funcApplyInExpr

===========================================================================================
----------------- testing Sun Apr 28 00:20:23 UTC 2019 /home/travis/build/icyphy/ptII/ptolemy/actor/lib/test/auto/function.xml
----------------- Instantiating /home/travis/build/icyphy/ptII/ptolemy/actor/lib/test/auto/function.xml
2 ms. Memory: 1782784K Free: 980820K (55%)
----------------- Invoking toplevel() on ptolemy.moml.MoMLSimpleApplication@6d0a61c1
----------------- Done invoking toplevel() on ptolemy.moml.MoMLSimpleApplication@6d0a61c1
reloadAllAccessors: .function

===========================================================================================
----------------- testing Sun Apr 28 00:20:23 UTC 2019 /home/travis/build/icyphy/ptII/ptolemy/actor/lib/test/auto/function2.xml
----------------- Instantiating /home/travis/build/icyphy/ptII/ptolemy/actor/lib/test/auto/function2.xml
3 ms. Memory: 1782784K Free: 964159K (54%)
----------------- Invoking toplevel() on ptolemy.moml.MoMLSimpleApplication@2945a4b0
----------------- Done invoking toplevel() on ptolemy.moml.MoMLSimpleApplication@2945a4b0
reloadAllAccessors: .function2

===========================================================================================
----------------- testing Sun Apr 28 00:20:23 UTC 2019 /home/travis/build/icyphy/ptII/ptolemy/actor/lib/test/auto/function3.xml
----------------- Instantiating /home/travis/build/icyphy/ptII/ptolemy/actor/lib/test/auto/function3.xml
1 ms. Memory: 1782784K Free: 943589K (53%)
----------------- Invoking toplevel() on ptolemy.moml.MoMLSimpleApplication@7f8f03c6
----------------- Done invoking toplevel() on ptolemy.moml.MoMLSimpleApplication@7f8f03c6
reloadAllAccessors: .function3

===========================================================================================
----------------- testing Sun Apr 28 00:20:23 UTC 2019 /home/travis/build/icyphy/ptII/ptolemy/actor/lib/test/auto/functionClosureTest1.xml
----------------- Instantiating /home/travis/build/icyphy/ptII/ptolemy/actor/lib/test/auto/functionClosureTest1.xml
1 ms. Memory: 1782784K Free: 926929K (52%)
----------------- Invoking toplevel() on ptolemy.moml.MoMLSimpleApplication@2a7cbe8
----------------- Done invoking toplevel() on ptolemy.moml.MoMLSimpleApplication@2a7cbe8
reloadAllAccessors: .functionClosureTest1

===========================================================================================
----------------- testing Sun Apr 28 00:20:23 UTC 2019 /home/travis/build/icyphy/ptII/ptolemy/actor/lib/test/auto/functionClosureTest2.xml
----------------- Instantiating /home/travis/build/icyphy/ptII/ptolemy/actor/lib/test/auto/functionClosureTest2.xml
1 ms. Memory: 1782784K Free: 906359K (51%)
----------------- Invoking toplevel() on ptolemy.moml.MoMLSimpleApplication@2ad0788f
----------------- Done invoking toplevel() on ptolemy.moml.MoMLSimpleApplication@2ad0788f
reloadAllAccessors: .functionClosureTest2

===========================================================================================
----------------- testing Sun Apr 28 00:20:23 UTC 2019 /home/travis/build/icyphy/ptII/ptolemy/actor/lib/test/auto/functionClosureTest3.xml
----------------- Instantiating /home/travis/build/icyphy/ptII/ptolemy/actor/lib/test/auto/functionClosureTest3.xml
2 ms. Memory: 1782784K Free: 885790K (50%)
----------------- Invoking toplevel() on ptolemy.moml.MoMLSimpleApplication@7cd2dfed
----------------- Done invoking toplevel() on ptolemy.moml.MoMLSimpleApplication@7cd2dfed
reloadAllAccessors: .functionClosureTest3

===========================================================================================
----------------- testing Sun Apr 28 00:20:23 UTC 2019 /home/travis/build/icyphy/ptII/ptolemy/actor/lib/test/auto/functionClosureTest4.xml
----------------- Instantiating /home/travis/build/icyphy/ptII/ptolemy/actor/lib/test/auto/functionClosureTest4.xml
4 ms. Memory: 1782784K Free: 869129K (49%)
----------------- Invoking toplevel() on ptolemy.moml.MoMLSimpleApplication@45682698
----------------- Done invoking toplevel() on ptolemy.moml.MoMLSimpleApplication@45682698
reloadAllAccessors: .functionClosureTest4

===========================================================================================
----------------- testing Sun Apr 28 00:20:24 UTC 2019 /home/travis/build/icyphy/ptII/ptolemy/actor/lib/test/auto/functionClosureTest5.xml
----------------- Instantiating /home/travis/build/icyphy/ptII/ptolemy/actor/lib/test/auto/functionClosureTest5.xml
3 ms. Memory: 1782784K Free: 848559K (48%)
----------------- Invoking toplevel() on ptolemy.moml.MoMLSimpleApplication@4e2666b7
----------------- Done invoking toplevel() on ptolemy.moml.MoMLSimpleApplication@4e2666b7
reloadAllAccessors: .functionClosureTest5

===========================================================================================
----------------- testing Sun Apr 28 00:20:24 UTC 2019 /home/travis/build/icyphy/ptII/ptolemy/actor/lib/test/auto/functionClosureTest6.xml
----------------- Instantiating /home/travis/build/icyphy/ptII/ptolemy/actor/lib/test/auto/functionClosureTest6.xml
1 ms. Memory: 1782784K Free: 827990K (46%)
----------------- Invoking toplevel() on ptolemy.moml.MoMLSimpleApplication@8c69e31
----------------- Done invoking toplevel() on ptolemy.moml.MoMLSimpleApplication@8c69e31
reloadAllAccessors: .functionClosureTest6

===========================================================================================
----------------- testing Sun Apr 28 00:20:24 UTC 2019 /home/travis/build/icyphy/ptII/ptolemy/actor/lib/test/auto/functionsOnArcs.xml
----------------- Instantiating /home/travis/build/icyphy/ptII/ptolemy/actor/lib/test/auto/functionsOnArcs.xml
5 ms. Memory: 1782784K Free: 811329K (46%)
----------------- Invoking toplevel() on ptolemy.moml.MoMLSimpleApplication@6d112fe5
----------------- Done invoking toplevel() on ptolemy.moml.MoMLSimpleApplication@6d112fe5
reloadAllAccessors: .functionsOnArcs

===========================================================================================
----------------- testing Sun Apr 28 00:20:24 UTC 2019 /home/travis/build/icyphy/ptII/ptolemy/actor/lib/test/auto/functionsOnArcsHOF.xml
----------------- Instantiating /home/travis/build/icyphy/ptII/ptolemy/actor/lib/test/auto/functionsOnArcsHOF.xml
3 ms. Memory: 1782784K Free: 790760K (44%)
----------------- Invoking toplevel() on ptolemy.moml.MoMLSimpleApplication@6e83542c
----------------- Done invoking toplevel() on ptolemy.moml.MoMLSimpleApplication@6e83542c
reloadAllAccessors: .functionsOnArcsHOF

===========================================================================================
----------------- testing Sun Apr 28 00:20:24 UTC 2019 /home/travis/build/icyphy/ptII/ptolemy/actor/lib/test/auto/logic.xml
----------------- Instantiating /home/travis/build/icyphy/ptII/ptolemy/actor/lib/test/auto/logic.xml
2 ms. Memory: 1782784K Free: 770190K (43%)
----------------- Invoking toplevel() on ptolemy.moml.MoMLSimpleApplication@ce6b748
----------------- Done invoking toplevel() on ptolemy.moml.MoMLSimpleApplication@ce6b748
reloadAllAccessors: .logic

===========================================================================================
----------------- testing Sun Apr 28 00:20:24 UTC 2019 /home/travis/build/icyphy/ptII/ptolemy/actor/lib/test/auto/matrixType.xml
----------------- Instantiating /home/travis/build/icyphy/ptII/ptolemy/actor/lib/test/auto/matrixType.xml
1 ms. Memory: 1782784K Free: 753529K (42%)
----------------- Invoking toplevel() on ptolemy.moml.MoMLSimpleApplication@23cccbf9
----------------- Done invoking toplevel() on ptolemy.moml.MoMLSimpleApplication@23cccbf9
reloadAllAccessors: .matrixType

===========================================================================================
----------------- testing Sun Apr 28 00:20:24 UTC 2019 /home/travis/build/icyphy/ptII/ptolemy/actor/lib/test/auto/matrixType10.xml
----------------- Instantiating /home/travis/build/icyphy/ptII/ptolemy/actor/lib/test/auto/matrixType10.xml
2 ms. Memory: 1782784K Free: 732960K (41%)
----------------- Invoking toplevel() on ptolemy.moml.MoMLSimpleApplication@65a6db4b
----------------- Done invoking toplevel() on ptolemy.moml.MoMLSimpleApplication@65a6db4b
reloadAllAccessors: .matrixType10

===========================================================================================
----------------- testing Sun Apr 28 00:20:24 UTC 2019 /home/travis/build/icyphy/ptII/ptolemy/actor/lib/test/auto/matrixType11.xml
----------------- Instantiating /home/travis/build/icyphy/ptII/ptolemy/actor/lib/test/auto/matrixType11.xml
1 ms. Memory: 1782784K Free: 712390K (40%)
----------------- Invoking toplevel() on ptolemy.moml.MoMLSimpleApplication@4b7f77fc
----------------- Done invoking toplevel() on ptolemy.moml.MoMLSimpleApplication@4b7f77fc
reloadAllAccessors: .matrixType11

===========================================================================================
----------------- testing Sun Apr 28 00:20:24 UTC 2019 /home/travis/build/icyphy/ptII/ptolemy/actor/lib/test/auto/matrixType12.xml
----------------- Instantiating /home/travis/build/icyphy/ptII/ptolemy/actor/lib/test/auto/matrixType12.xml
1 ms. Memory: 1782784K Free: 695729K (39%)
----------------- Invoking toplevel() on ptolemy.moml.MoMLSimpleApplication@5965ac7a
----------------- Done invoking toplevel() on ptolemy.moml.MoMLSimpleApplication@5965ac7a
reloadAllAccessors: .matrixType12

===========================================================================================
----------------- testing Sun Apr 28 00:20:24 UTC 2019 /home/travis/build/icyphy/ptII/ptolemy/actor/lib/test/auto/matrixType13.xml
----------------- Instantiating /home/travis/build/icyphy/ptII/ptolemy/actor/lib/test/auto/matrixType13.xml
1 ms. Memory: 1782784K Free: 675159K (38%)
----------------- Invoking toplevel() on ptolemy.moml.MoMLSimpleApplication@d4fe59f
----------------- Done invoking toplevel() on ptolemy.moml.MoMLSimpleApplication@d4fe59f
reloadAllAccessors: .matrixType13

===========================================================================================
----------------- testing Sun Apr 28 00:20:24 UTC 2019 /home/travis/build/icyphy/ptII/ptolemy/actor/lib/test/auto/matrixType14.xml
----------------- Instantiating /home/travis/build/icyphy/ptII/ptolemy/actor/lib/test/auto/matrixType14.xml
2 ms. Memory: 1782784K Free: 654589K (37%)
----------------- Invoking toplevel() on ptolemy.moml.MoMLSimpleApplication@61c328bd
----------------- Done invoking toplevel() on ptolemy.moml.MoMLSimpleApplication@61c328bd
reloadAllAccessors: .matrixType14

===========================================================================================
----------------- testing Sun Apr 28 00:20:24 UTC 2019 /home/travis/build/icyphy/ptII/ptolemy/actor/lib/test/auto/matrixType2.xml
----------------- Instantiating /home/travis/build/icyphy/ptII/ptolemy/actor/lib/test/auto/matrixType2.xml
1 ms. Memory: 1782784K Free: 637929K (36%)
----------------- Invoking toplevel() on ptolemy.moml.MoMLSimpleApplication@54d20c53
----------------- Done invoking toplevel() on ptolemy.moml.MoMLSimpleApplication@54d20c53
reloadAllAccessors: .matrixType2

===========================================================================================
----------------- testing Sun Apr 28 00:20:24 UTC 2019 /home/travis/build/icyphy/ptII/ptolemy/actor/lib/test/auto/matrixType3.xml
----------------- Instantiating /home/travis/build/icyphy/ptII/ptolemy/actor/lib/test/auto/matrixType3.xml
3 ms. Memory: 1782784K Free: 617359K (35%)
----------------- Invoking toplevel() on ptolemy.moml.MoMLSimpleApplication@30906951
----------------- Done invoking toplevel() on ptolemy.moml.MoMLSimpleApplication@30906951
reloadAllAccessors: .matrixType3

===========================================================================================
----------------- testing Sun Apr 28 00:20:24 UTC 2019 /home/travis/build/icyphy/ptII/ptolemy/actor/lib/test/auto/matrixType4.xml
----------------- Instantiating /home/travis/build/icyphy/ptII/ptolemy/actor/lib/test/auto/matrixType4.xml
1 ms. Memory: 1782784K Free: 596789K (33%)
----------------- Invoking toplevel() on ptolemy.moml.MoMLSimpleApplication@45170173
----------------- Done invoking toplevel() on ptolemy.moml.MoMLSimpleApplication@45170173
reloadAllAccessors: .matrixType4

===========================================================================================
----------------- testing Sun Apr 28 00:20:24 UTC 2019 /home/travis/build/icyphy/ptII/ptolemy/actor/lib/test/auto/matrixType5.xml
----------------- Instantiating /home/travis/build/icyphy/ptII/ptolemy/actor/lib/test/auto/matrixType5.xml
1 ms. Memory: 1782784K Free: 580129K (33%)
----------------- Invoking toplevel() on ptolemy.moml.MoMLSimpleApplication@320a2ec5
----------------- Done invoking toplevel() on ptolemy.moml.MoMLSimpleApplication@320a2ec5
reloadAllAccessors: .matrixType5

===========================================================================================
----------------- testing Sun Apr 28 00:20:24 UTC 2019 /home/travis/build/icyphy/ptII/ptolemy/actor/lib/test/auto/matrixType6.xml
----------------- Instantiating /home/travis/build/icyphy/ptII/ptolemy/actor/lib/test/auto/matrixType6.xml
2 ms. Memory: 1782784K Free: 559559K (31%)
----------------- Invoking toplevel() on ptolemy.moml.MoMLSimpleApplication@446f73d1
----------------- Done invoking toplevel() on ptolemy.moml.MoMLSimpleApplication@446f73d1
reloadAllAccessors: .matrixType6

===========================================================================================
----------------- testing Sun Apr 28 00:20:24 UTC 2019 /home/travis/build/icyphy/ptII/ptolemy/actor/lib/test/auto/matrixType7.xml
----------------- Instantiating /home/travis/build/icyphy/ptII/ptolemy/actor/lib/test/auto/matrixType7.xml
2 ms. Memory: 1782784K Free: 538989K (30%)
----------------- Invoking toplevel() on ptolemy.moml.MoMLSimpleApplication@1a361e2f
----------------- Done invoking toplevel() on ptolemy.moml.MoMLSimpleApplication@1a361e2f
reloadAllAccessors: .matrixType7

===========================================================================================
----------------- testing Sun Apr 28 00:20:24 UTC 2019 /home/travis/build/icyphy/ptII/ptolemy/actor/lib/test/auto/matrixType8.xml
----------------- Instantiating /home/travis/build/icyphy/ptII/ptolemy/actor/lib/test/auto/matrixType8.xml
1 ms. Memory: 1782784K Free: 522329K (29%)
----------------- Invoking toplevel() on ptolemy.moml.MoMLSimpleApplication@6fa01538
----------------- Done invoking toplevel() on ptolemy.moml.MoMLSimpleApplication@6fa01538
reloadAllAccessors: .matrixType8

===========================================================================================
----------------- testing Sun Apr 28 00:20:24 UTC 2019 /home/travis/build/icyphy/ptII/ptolemy/actor/lib/test/auto/matrixType9.xml
----------------- Instantiating /home/travis/build/icyphy/ptII/ptolemy/actor/lib/test/auto/matrixType9.xml
1 ms. Memory: 1782784K Free: 501759K (28%)
----------------- Invoking toplevel() on ptolemy.moml.MoMLSimpleApplication@22b5fa00
----------------- Done invoking toplevel() on ptolemy.moml.MoMLSimpleApplication@22b5fa00
reloadAllAccessors: .matrixType9

===========================================================================================
----------------- testing Sun Apr 28 00:20:24 UTC 2019 /home/travis/build/icyphy/ptII/ptolemy/actor/lib/test/auto/paraFunctest.xml
----------------- Instantiating /home/travis/build/icyphy/ptII/ptolemy/actor/lib/test/auto/paraFunctest.xml
2 ms. Memory: 1782784K Free: 481189K (27%)
----------------- Invoking toplevel() on ptolemy.moml.MoMLSimpleApplication@2f0f8e2
----------------- Done invoking toplevel() on ptolemy.moml.MoMLSimpleApplication@2f0f8e2
reloadAllAccessors: .paraFunctest

===========================================================================================
----------------- testing Sun Apr 28 00:20:24 UTC 2019 /home/travis/build/icyphy/ptII/ptolemy/actor/lib/test/auto/paraFunctest2.xml
----------------- Instantiating /home/travis/build/icyphy/ptII/ptolemy/actor/lib/test/auto/paraFunctest2.xml
1 ms. Memory: 1782784K Free: 464529K (26%)
----------------- Invoking toplevel() on ptolemy.moml.MoMLSimpleApplication@271f8f02
----------------- Done invoking toplevel() on ptolemy.moml.MoMLSimpleApplication@271f8f02
reloadAllAccessors: .paraFunctest2

===========================================================================================
----------------- testing Sun Apr 28 00:20:24 UTC 2019 /home/travis/build/icyphy/ptII/ptolemy/actor/lib/test/auto/parameterPassing.xml
----------------- Instantiating /home/travis/build/icyphy/ptII/ptolemy/actor/lib/test/auto/parameterPassing.xml
1 ms. Memory: 1782784K Free: 443959K (25%)
----------------- Invoking toplevel() on ptolemy.moml.MoMLSimpleApplication@7d8f96bf
----------------- Done invoking toplevel() on ptolemy.moml.MoMLSimpleApplication@7d8f96bf
reloadAllAccessors: .parameterPassing

===========================================================================================
----------------- testing Sun Apr 28 00:20:24 UTC 2019 /home/travis/build/icyphy/ptII/ptolemy/actor/lib/test/auto/record.xml
----------------- Instantiating /home/travis/build/icyphy/ptII/ptolemy/actor/lib/test/auto/record.xml
3 ms. Memory: 1782784K Free: 423390K (24%)
----------------- Invoking toplevel() on ptolemy.moml.MoMLSimpleApplication@4597569
----------------- Done invoking toplevel() on ptolemy.moml.MoMLSimpleApplication@4597569
reloadAllAccessors: .record

===========================================================================================
----------------- testing Sun Apr 28 00:20:24 UTC 2019 /home/travis/build/icyphy/ptII/ptolemy/actor/lib/test/auto/sizedarray1.xml
----------------- Instantiating /home/travis/build/icyphy/ptII/ptolemy/actor/lib/test/auto/sizedarray1.xml
1 ms. Memory: 1782784K Free: 406729K (23%)
----------------- Invoking toplevel() on ptolemy.moml.MoMLSimpleApplication@447e9dba
----------------- Done invoking toplevel() on ptolemy.moml.MoMLSimpleApplication@447e9dba
reloadAllAccessors: .sizedarray1

===========================================================================================
----------------- testing Sun Apr 28 00:20:24 UTC 2019 /home/travis/build/icyphy/ptII/ptolemy/actor/lib/test/auto/sizedarray2.xml
----------------- Instantiating /home/travis/build/icyphy/ptII/ptolemy/actor/lib/test/auto/sizedarray2.xml
3 ms. Memory: 1782784K Free: 386159K (22%)
----------------- Invoking toplevel() on ptolemy.moml.MoMLSimpleApplication@682b8253
----------------- Done invoking toplevel() on ptolemy.moml.MoMLSimpleApplication@682b8253
reloadAllAccessors: .sizedarray2

===========================================================================================
----------------- testing Sun Apr 28 00:20:24 UTC 2019 /home/travis/build/icyphy/ptII/ptolemy/actor/lib/test/auto/twoPublishers.xml
----------------- Instantiating /home/travis/build/icyphy/ptII/ptolemy/actor/lib/test/auto/twoPublishers.xml
6 ms. Memory: 1782784K Free: 365589K (21%)
----------------- Invoking toplevel() on ptolemy.moml.MoMLSimpleApplication@2cf0f807
----------------- Done invoking toplevel() on ptolemy.moml.MoMLSimpleApplication@2cf0f807
reloadAllAccessors: .twoPublishers
AutoTests.java: About to close Vertx.
AutoTests.java: Vertx closed.
]]></system-out>
  <system-err><![CDATA[java.lang.RuntimeException: Execution failed
	at ptolemy.moml.MoMLSimpleApplication$UnloadThread.run(MoMLSimpleApplication.java:402)
Caused by: java.lang.RuntimeException: StringUtilities.exit() was called. Normally, we would exit here because Manager.exitAfterWrapup() was called.  However, because the ptolemy.ptII.exitAfterWrapup property is set, we throw this exception instead.
	at ptolemy.util.StringUtilities.exit(StringUtilities.java:363)
	at ptolemy.actor.Manager.wrapup(Manager.java:1531)
	at ptolemy.actor.Manager.execute(Manager.java:407)
	at ptolemy.actor.Manager.run(Manager.java:1263)
	at ptolemy.actor.Manager$PtolemyRunThread.run(Manager.java:1915)
Warning: '.top.test' is in training mode, set the trainingMode parameter to false before checking in
Warning: '.top.test' is in training mode, set the trainingMode parameter to false before checking in
Warning: '.top.test' is in training mode, set the trainingMode parameter to false before checking in
Warning: '.BooleanSwitch_RegressionTest_WrongTrainingValues.Test' is in training mode, set the trainingMode parameter to false before checking in
Warning: '.BooleanSwitch_RegressionTest_WrongTrainingValues.Test2' is in training mode, set the trainingMode parameter to false before checking in
Warning: '.BooleanSwitch_RegressionTest_WrongTrainingValues.Test2' The test produced 0 tokens.
Warning: '.top.testExceptionHandler' is in training mode, set the trainingMode parameter to false before checking in
java.lang.RuntimeException: Execution failed
	at ptolemy.moml.MoMLSimpleApplication$UnloadThread.run(MoMLSimpleApplication.java:402)
Caused by: ptolemy.kernel.util.IllegalActionException: PublisherPorts cannot be used at the top level, use a Publisher actor instead.
  in .PublisherPortToplevelSubscriber.PublisherPort
	at ptolemy.actor.PublisherPort.preinitialize(PublisherPort.java:403)
	at ptolemy.actor.CompositeActor.preinitialize(CompositeActor.java:1769)
	at ptolemy.actor.Manager.preinitializeAndResolveTypes(Manager.java:1040)
	at ptolemy.actor.Manager.initialize(Manager.java:710)
	at ptolemy.actor.Manager.execute(Manager.java:356)
	at ptolemy.actor.Manager.run(Manager.java:1263)
	at ptolemy.actor.Manager$PtolemyRunThread.run(Manager.java:1915)
java.lang.reflect.InvocationTargetException
	at sun.reflect.NativeConstructorAccessorImpl.newInstance0(Native Method)
	at sun.reflect.NativeConstructorAccessorImpl.newInstance(NativeConstructorAccessorImpl.java:62)
	at sun.reflect.DelegatingConstructorAccessorImpl.newInstance(DelegatingConstructorAccessorImpl.java:45)
	at java.lang.reflect.Constructor.newInstance(Constructor.java:423)
	at ptolemy.util.test.junit.AutoKnownFailedTests.RunModel(AutoKnownFailedTests.java:105)
	at sun.reflect.NativeMethodAccessorImpl.invoke0(Native Method)
	at sun.reflect.NativeMethodAccessorImpl.invoke(NativeMethodAccessorImpl.java:62)
	at sun.reflect.DelegatingMethodAccessorImpl.invoke(DelegatingMethodAccessorImpl.java:43)
	at java.lang.reflect.Method.invoke(Method.java:498)
	at org.junit.runners.model.FrameworkMethod$1.runReflectiveCall(FrameworkMethod.java:44)
	at org.junit.internal.runners.model.ReflectiveCallable.run(ReflectiveCallable.java:15)
	at org.junit.runners.model.FrameworkMethod.invokeExplosively(FrameworkMethod.java:41)
	at junitparams.internal.InvokeParameterisedMethod.evaluate(InvokeParameterisedMethod.java:102)
	at org.junit.internal.runners.statements.FailOnTimeout$1.run(FailOnTimeout.java:28)
Caused by: ptolemy.kernel.util.IllegalActionException: PublisherPorts cannot be used at the top level, use a Publisher actor instead.
  in .PublisherPortToplevelSubscriber.PublisherPort
	at ptolemy.actor.PublisherPort.preinitialize(PublisherPort.java:403)
	at ptolemy.actor.CompositeActor.preinitialize(CompositeActor.java:1769)
	at ptolemy.actor.Manager.preinitializeAndResolveTypes(Manager.java:1040)
	at ptolemy.actor.Manager.initialize(Manager.java:710)
	at ptolemy.actor.Manager.execute(Manager.java:356)
	at ptolemy.actor.Manager.run(Manager.java:1263)
	at ptolemy.actor.Manager$PtolemyRunThread.run(Manager.java:1915)
java.lang.RuntimeException: Execution failed
	at ptolemy.moml.MoMLSimpleApplication$UnloadThread.run(MoMLSimpleApplication.java:402)
Caused by: ptolemy.kernel.util.IllegalActionException: SubscriberPorts cannot be used at the top level, use a Subscriber actor instead.
  in .PublisherSubscriberPortToplevel.SubscriberPort
	at ptolemy.actor.SubscriberPort.preinitialize(SubscriberPort.java:328)
	at ptolemy.actor.CompositeActor.preinitialize(CompositeActor.java:1769)
	at ptolemy.actor.Manager.preinitializeAndResolveTypes(Manager.java:1040)
	at ptolemy.actor.Manager.initialize(Manager.java:710)
	at ptolemy.actor.Manager.execute(Manager.java:356)
	at ptolemy.actor.Manager.run(Manager.java:1263)
	at ptolemy.actor.Manager$PtolemyRunThread.run(Manager.java:1915)
java.lang.reflect.InvocationTargetException
	at sun.reflect.NativeConstructorAccessorImpl.newInstance0(Native Method)
	at sun.reflect.NativeConstructorAccessorImpl.newInstance(NativeConstructorAccessorImpl.java:62)
	at sun.reflect.DelegatingConstructorAccessorImpl.newInstance(DelegatingConstructorAccessorImpl.java:45)
	at java.lang.reflect.Constructor.newInstance(Constructor.java:423)
	at ptolemy.util.test.junit.AutoKnownFailedTests.RunModel(AutoKnownFailedTests.java:105)
	at sun.reflect.NativeMethodAccessorImpl.invoke0(Native Method)
	at sun.reflect.NativeMethodAccessorImpl.invoke(NativeMethodAccessorImpl.java:62)
	at sun.reflect.DelegatingMethodAccessorImpl.invoke(DelegatingMethodAccessorImpl.java:43)
	at java.lang.reflect.Method.invoke(Method.java:498)
	at org.junit.runners.model.FrameworkMethod$1.runReflectiveCall(FrameworkMethod.java:44)
	at org.junit.internal.runners.model.ReflectiveCallable.run(ReflectiveCallable.java:15)
	at org.junit.runners.model.FrameworkMethod.invokeExplosively(FrameworkMethod.java:41)
	at junitparams.internal.InvokeParameterisedMethod.evaluate(InvokeParameterisedMethod.java:102)
	at org.junit.internal.runners.statements.FailOnTimeout$1.run(FailOnTimeout.java:28)
Caused by: ptolemy.kernel.util.IllegalActionException: SubscriberPorts cannot be used at the top level, use a Subscriber actor instead.
  in .PublisherSubscriberPortToplevel.SubscriberPort
	at ptolemy.actor.SubscriberPort.preinitialize(SubscriberPort.java:328)
	at ptolemy.actor.CompositeActor.preinitialize(CompositeActor.java:1769)
	at ptolemy.actor.Manager.preinitializeAndResolveTypes(Manager.java:1040)
	at ptolemy.actor.Manager.initialize(Manager.java:710)
	at ptolemy.actor.Manager.execute(Manager.java:356)
	at ptolemy.actor.Manager.run(Manager.java:1263)
	at ptolemy.actor.Manager$PtolemyRunThread.run(Manager.java:1915)
java.lang.RuntimeException: Execution failed
	at ptolemy.moml.MoMLSimpleApplication$UnloadThread.run(MoMLSimpleApplication.java:402)
Caused by: ptolemy.kernel.util.IllegalActionException: SubscriptionAggregatorPorts cannot be used at the top level, use a SubscriptionAggregator actor instead.
  in .PublisherSubscriptionAggregatorPort.SubscriptionAggregatorPort
	at ptolemy.actor.SubscriptionAggregatorPort.preinitialize(SubscriptionAggregatorPort.java:353)
	at ptolemy.actor.CompositeActor.preinitialize(CompositeActor.java:1769)
	at ptolemy.actor.Manager.preinitializeAndResolveTypes(Manager.java:1040)
	at ptolemy.actor.Manager.initialize(Manager.java:710)
	at ptolemy.actor.Manager.execute(Manager.java:356)
	at ptolemy.actor.Manager.run(Manager.java:1263)
	at ptolemy.actor.Manager$PtolemyRunThread.run(Manager.java:1915)
java.lang.reflect.InvocationTargetException
	at sun.reflect.NativeConstructorAccessorImpl.newInstance0(Native Method)
	at sun.reflect.NativeConstructorAccessorImpl.newInstance(NativeConstructorAccessorImpl.java:62)
	at sun.reflect.DelegatingConstructorAccessorImpl.newInstance(DelegatingConstructorAccessorImpl.java:45)
	at java.lang.reflect.Constructor.newInstance(Constructor.java:423)
	at ptolemy.util.test.junit.AutoKnownFailedTests.RunModel(AutoKnownFailedTests.java:105)
	at sun.reflect.NativeMethodAccessorImpl.invoke0(Native Method)
	at sun.reflect.NativeMethodAccessorImpl.invoke(NativeMethodAccessorImpl.java:62)
	at sun.reflect.DelegatingMethodAccessorImpl.invoke(DelegatingMethodAccessorImpl.java:43)
	at java.lang.reflect.Method.invoke(Method.java:498)
	at org.junit.runners.model.FrameworkMethod$1.runReflectiveCall(FrameworkMethod.java:44)
	at org.junit.internal.runners.model.ReflectiveCallable.run(ReflectiveCallable.java:15)
	at org.junit.runners.model.FrameworkMethod.invokeExplosively(FrameworkMethod.java:41)
	at junitparams.internal.InvokeParameterisedMethod.evaluate(InvokeParameterisedMethod.java:102)
	at org.junit.internal.runners.statements.FailOnTimeout$1.run(FailOnTimeout.java:28)
Caused by: ptolemy.kernel.util.IllegalActionException: SubscriptionAggregatorPorts cannot be used at the top level, use a SubscriptionAggregator actor instead.
  in .PublisherSubscriptionAggregatorPort.SubscriptionAggregatorPort
	at ptolemy.actor.SubscriptionAggregatorPort.preinitialize(SubscriptionAggregatorPort.java:353)
	at ptolemy.actor.CompositeActor.preinitialize(CompositeActor.java:1769)
	at ptolemy.actor.Manager.preinitializeAndResolveTypes(Manager.java:1040)
	at ptolemy.actor.Manager.initialize(Manager.java:710)
	at ptolemy.actor.Manager.execute(Manager.java:356)
	at ptolemy.actor.Manager.run(Manager.java:1263)
	at ptolemy.actor.Manager$PtolemyRunThread.run(Manager.java:1915)
java.lang.RuntimeException: Execution failed
	at ptolemy.moml.MoMLSimpleApplication$UnloadThread.run(MoMLSimpleApplication.java:402)
Caused by: ptolemy.kernel.util.IllegalActionException: TypeTest actor has no training data.
  in .sizedarray3.TypeTest
	at ptolemy.actor.lib.TypeTest.initialize(TypeTest.java:250)
	at ptolemy.actor.Director.initialize(Director.java:938)
	at ptolemy.actor.Director.initialize(Director.java:907)
	at ptolemy.actor.sched.StaticSchedulingDirector.initialize(StaticSchedulingDirector.java:159)
	at ptolemy.domains.sdf.kernel.SDFDirector.initialize(SDFDirector.java:544)
	at ptolemy.actor.CompositeActor.initialize(CompositeActor.java:935)
	at ptolemy.actor.Manager.initialize(Manager.java:724)
	at ptolemy.actor.Manager.execute(Manager.java:356)
	at ptolemy.actor.Manager.run(Manager.java:1263)
	at ptolemy.actor.Manager$PtolemyRunThread.run(Manager.java:1915)
java.lang.reflect.InvocationTargetException
	at sun.reflect.NativeConstructorAccessorImpl.newInstance0(Native Method)
	at sun.reflect.NativeConstructorAccessorImpl.newInstance(NativeConstructorAccessorImpl.java:62)
	at sun.reflect.DelegatingConstructorAccessorImpl.newInstance(DelegatingConstructorAccessorImpl.java:45)
	at java.lang.reflect.Constructor.newInstance(Constructor.java:423)
	at ptolemy.util.test.junit.AutoKnownFailedTests.RunModel(AutoKnownFailedTests.java:105)
	at sun.reflect.NativeMethodAccessorImpl.invoke0(Native Method)
	at sun.reflect.NativeMethodAccessorImpl.invoke(NativeMethodAccessorImpl.java:62)
	at sun.reflect.DelegatingMethodAccessorImpl.invoke(DelegatingMethodAccessorImpl.java:43)
	at java.lang.reflect.Method.invoke(Method.java:498)
	at org.junit.runners.model.FrameworkMethod$1.runReflectiveCall(FrameworkMethod.java:44)
	at org.junit.internal.runners.model.ReflectiveCallable.run(ReflectiveCallable.java:15)
	at org.junit.runners.model.FrameworkMethod.invokeExplosively(FrameworkMethod.java:41)
	at junitparams.internal.InvokeParameterisedMethod.evaluate(InvokeParameterisedMethod.java:102)
	at org.junit.internal.runners.statements.FailOnTimeout$1.run(FailOnTimeout.java:28)
Caused by: ptolemy.kernel.util.IllegalActionException: TypeTest actor has no training data.
  in .sizedarray3.TypeTest
	at ptolemy.actor.lib.TypeTest.initialize(TypeTest.java:250)
	at ptolemy.actor.Director.initialize(Director.java:938)
	at ptolemy.actor.Director.initialize(Director.java:907)
	at ptolemy.actor.sched.StaticSchedulingDirector.initialize(StaticSchedulingDirector.java:159)
	at ptolemy.domains.sdf.kernel.SDFDirector.initialize(SDFDirector.java:544)
	at ptolemy.actor.CompositeActor.initialize(CompositeActor.java:935)
	at ptolemy.actor.Manager.initialize(Manager.java:724)
	at ptolemy.actor.Manager.execute(Manager.java:356)
	at ptolemy.actor.Manager.run(Manager.java:1263)
	at ptolemy.actor.Manager$PtolemyRunThread.run(Manager.java:1915)
]]></system-err>
</testsuite>
