<?xml version="1.0" encoding="UTF-8" ?>
<testsuite errors="1" failures="0" hostname="travis-job-01b292c0-0836-4ea4-b73d-560fda6619ed" name="ptolemy.actor.lib.test.junit.JUnitTclTest" skipped="0" tests="517" time="62.247" timestamp="2020-03-05T22:43:59">
  <properties>
    <property name="npm.executable" value="npm" />
    <property name="env.TRAVIS_ROOT" value="/" />
    <property name="ptII.mk.exists" value="true" />
    <property name="env.TRAVIS_APP_HOST" value="build.travis-ci.org" />
    <property name="env.rvm_bin_path" value="/home/travis/.rvm/bin" />
    <property name="java.home" value="/usr/local/lib/jvm/openjdk11" />
    <property name="env.TRAVIS_JOB_NUMBER" value="1554.8" />
    <property name="env.TRAVIS_HOME" value="/home/travis" />
    <property name="env.DISPLAY" value=":99.0" />
    <property name="env.TRAVIS_INIT" value="systemd" />
    <property name="env.SSH_TTY" value="/dev/pts/0" />
    <property name="java.net.preferIPv4Stack" value="true" />
    <property name="env.RUN_TESTS" value="true" />
    <property name="timeout.short" value="1000000" />
    <property name="junit.formatter" value="xml" />
    <property name="env.TRAVIS_SUDO" value="true" />
    <property name="env.TRAVIS_JOB_NAME" value="" />
    <property name="env.TRAVIS_STACK_NODE_ATTRIBUTES" value="/.node-attributes.yml" />
    <property name="env.LOGNAME" value="travis" />
    <property name="env.PT_TRAVIS_TEST_CORE1_XML" value="true" />
    <property name="jsdoc.home" value="node_modules/@terraswarm/jsdoc" />
    <property name="debuglevel" value="source,lines,vars" />
    <property name="checkstyle.formatter" value="xml" />
    <property name="env._system_version" value="16.04" />
    <property name="bin.vergil.makeable" value="true" />
    <property name="sun.os.patch.level" value="unknown" />
    <property name="java.vendor.url" value="http://java.oracle.com/" />
    <property name="env.TRAVIS_BUILD_WEB_URL" value="https://travis-ci.org/icyphy/ptII/builds/658906245" />
    <property name="java.version" value="11.0.2" />
    <property name="env.TZ" value="UTC" />
    <property name="env.TRAVIS_PULL_REQUEST_SHA" value="" />
    <property name="env.PT_NO_NET" value="true" />
    <property name="env.TRAVIS_SECURE_ENV_VARS" value="true" />
    <property name="env._system_type" value="Linux" />
    <property name="java.vendor.url.bug" value="http://bugreport.java.com/bugreport/" />
    <property name="npmjs-org-is-up" value="true" />
    <property name="env.LANGUAGE" value="en_US.UTF-8" />
    <property name="env.SSH_CLIENT" value="10.52.4.15 37920 22" />
    <property name="env.GEM_HOME" value="/home/travis/.rvm/gems/ruby-2.5.3" />
    <property name="env.HAS_ANTARES_THREE_LITTLE_FRONZIES_BADGE" value="true" />
    <property name="java.version.date" value="2019-01-15" />
    <property name="env.PS4" value="+" />
    <property name="ant.project.invoked-targets" value="build,test.core1.xml" />
    <property name="env.TRAVIS_PULL_REQUEST_BRANCH" value="" />
    <property name="env.TRAVIS_REPO_SLUG" value="icyphy/ptII" />
    <property name="env.XDG_DATA_DIRS" value="/usr/local/share:/usr/share:/var/lib/snapd/desktop" />
    <property name="jdk.debug" value="release" />
    <property name="env.TRAVIS_APT_PROXY" value="http://build-cache.travisci.net" />
    <property name="env.TRAVIS_CPU_ARCH" value="amd64" />
    <property name="node.in.path" value="true" />
    <property name="user.name" value="travis" />
    <property name="java.maxmemory" value="1400m" />
    <property name="env.RUBY_VERSION" value="ruby-2.5.3" />
    <property name="env.LANG" value="en_US.UTF-8" />
    <property name="sun.io.unicode.encoding" value="UnicodeLittle" />
    <property name="sun.jnu.encoding" value="UTF-8" />
    <property name="java.runtime.name" value="OpenJDK Runtime Environment" />
    <property name="usefile" value="false" />
    <property name="return.code" value="0" />
    <property name="junit.single.formatter" value="plain" />
    <property name="env.DYLD_LIBRARY_PATH" value="/home/travis/pthla/certi-tools/lib:" />
    <property name="env.DEBIAN_FRONTEND" value="noninteractive" />
    <property name="env.SSH_CONNECTION" value="10.52.4.15 37920 10.20.0.39 22" />
    <property name="env.MYSQL_UNIX_PORT" value="/var/run/mysqld/mysqld.sock" />
    <property name="env.LC_ALL" value="en_US.UTF-8" />
    <property name="env.TRAVIS_ALLOW_FAILURE" value="false" />
    <property name="env.TRAVIS_JOB_WEB_URL" value="https://travis-ci.org/icyphy/ptII/jobs/658906253" />
    <property name="java.specification.name" value="Java Platform API Specification" />
    <property name="node.works" value="true" />
    <property name="user.timezone" value="" />
    <property name="path.separator" value=":" />
    <property name="env.TRAVIS_ENABLE_INFRA_DETECTION" value="true" />
    <property name="env.PYTHON_CFLAGS" value="-g -fstack-protector --param=ssp-buffer-size=4 -Wformat -Werror=format-security" />
    <property name="timeout.long" value="4000000" />
    <property name="env.CERTI_HOME" value="/home/travis/pthla/certi-tools" />
    <property name="ant.file.ptII" value="/home/travis/build/icyphy/ptII/build.xml" />
    <property name="javadoc.packagenames" value="com.*,diva.*,lbnl.*,org.hlacerti.*,org.json.*,org.ptolemy.*,org.terraswarm.*,ptolemy.*,ptserver.*" />
    <property name="file.encoding" value="UTF-8" />
    <property name="env.TRAVIS_PULL_REQUEST_SLUG" value="" />
    <property name="ant.project.default-target" value="build" />
    <property name="env.GIT_ASKPASS" value="echo" />
    <property name="env.HOME" value="/home/travis" />
    <property name="sun.java.command" value="org.apache.tools.ant.taskdefs.optional.junit.JUnitTestRunner ptolemy.actor.lib.test.junit.JUnitTclTest skipNonTests=false filtertrace=true haltOnError=false haltOnFailure=false formatter=org.apache.tools.ant.taskdefs.optional.junit.OutErrSummaryJUnitResultFormatter showoutput=true outputtoformatters=true logfailedtests=true threadid=0 logtestlistenerevents=false formatter=org.apache.tools.ant.taskdefs.optional.junit.XMLJUnitResultFormatter,/home/travis/build/icyphy/ptII/reports/junit/TEST-ptolemy.actor.lib.test.junit.JUnitTclTest.xml crashfile=/home/travis/build/icyphy/ptII/junitvmwatcher5238818084884431645.properties propsfile=/home/travis/build/icyphy/ptII/junit14703911066514247353.properties" />
    <property name="env.COMPOSER_NO_INTERACTION" value="1" />
    <property name="env.MANPATH" value="/home/travis/.nvm/versions/node/v7.10.1/share/man:/home/travis/.rvm/rubies/ruby-2.5.3/share/man:/usr/local/cmake-3.12.4/man:/usr/local/clang-7.0.0/share/man:/usr/local/man:/usr/local/share/man:/usr/share/man:/home/travis/.rvm/man" />
    <property name="env.TRAVIS_TIMER_ID" value="0b683668" />
    <property name="ant.file" value="/home/travis/build/icyphy/ptII/build.xml" />
    <property name="env.TRAVIS_COMMIT_RANGE" value="3af3bfd905eb...9fb3540e9f82" />
    <property name="env._system_name" value="Ubuntu" />
    <property name="ptII.classpath.optional.property" value="/home/travis/build/icyphy/ptII/lib/bsh-2.0b4.jar:/home/travis/build/icyphy/ptII/lib/ptCal.jar:/home/travis/build/icyphy/ptII/lib/java_cup.jar:/home/travis/build/icyphy/ptII/lib/saxon8.jar:/home/travis/build/icyphy/ptII/lib/saxon8-dom.jar:/home/travis/build/icyphy/ptII/lib/chic.jar:/home/travis/build/icyphy/ptII/lib/ptcolt.jar:/home/travis/build/icyphy/ptII/vendors/misc/itext/iText.jar:/home/travis/build/icyphy/ptII/lib/g4ltl.jar:/home/travis/build/icyphy/ptII/lib/StructuralCoder.jar:/home/travis/build/icyphy/ptII/lib/jcerti.jar:/home/travis/build/icyphy/ptII/lib/javax.mail.jar:/home/travis/build/icyphy/ptII/vendors/JMF-2.1.1e/lib/jmf.jar:/home/travis/build/icyphy/ptII/lib/jna-4.0.0-variadic.jar:/home/travis/build/icyphy/ptII/vendors/misc/joystick/Joystick.jar:/home/travis/build/icyphy/ptII/lib/ptjacl.jar:/home/travis/build/icyphy/ptII/lib/jsoup-1.8.2.jar:/home/travis/build/icyphy/ptII/lib/junit-4.8.2.jar:/home/travis/build/icyphy/ptII/lib/JUnitParams-0.4.0.jar:/home/travis/build/icyphy/ptII/ptolemy/actor/lib/excel/jxl.jar:/home/travis/build/icyphy/ptII/lib/jython.jar:/home/travis/build/icyphy/ptII/lib/kieler.jar:/home/travis/build/icyphy/ptII/vendors/opencv/share/OpenCV/java/opencv-341.jar:/home/travis/build/icyphy/ptII/lib/oscP5.jar:/home/travis/build/icyphy/ptII/lib/nrjavaserial-3.11.0.devel.jar:/home/travis/build/icyphy/ptII/vendors/j3d/lib/Linux/j3dcore.jar:/home/travis/build/icyphy/ptII/vendors/j3d/lib/Linux/j3dutils.jar:/home/travis/build/icyphy/ptII/vendors/j3d/lib/Linux/vecmath.jar:/home/travis/build/icyphy/ptII/vendors/jogl/lib/Linux/gluegen-rt-natives-linux-amd64.jar:/home/travis/build/icyphy/ptII/vendors/jogl/lib/Linux/gluegen-rt.jar:/home/travis/build/icyphy/ptII/vendors/jogl/lib/Linux/jogl-all-natives-linux-amd64.jar:/home/travis/build/icyphy/ptII/vendors/jogl/lib/Linux/jogl-all.jar:/home/travis/build/icyphy/ptII/ptolemy/distributed/jini/jar/jini-core.jar:/home/travis/build/icyphy/ptII/ptolemy/distributed/jini/jar/jini-ext.jar:/home/travis/build/icyphy/ptII/ptolemy/distributed/jini/jar/sun-util.jar:/home/travis/build/icyphy/ptII/lib/protobuf-java-2.4.1.jar:/home/travis/build/icyphy/ptII/lib/org.eclipse.paho.client.mqttv3.jar:/home/travis/build/icyphy/ptII/lib/mapss.jar:/home/travis/build/icyphy/ptII/ptolemy/actor/ptalon/antlr/antlr.jar:/home/travis/build/icyphy/ptII/lib/JRI.jar:/home/travis/build/icyphy/ptII/lib/commons-lang-2.6.jar:/home/travis/build/icyphy/ptII/lib/commons-logging-1.1.1.jar:/home/travis/build/icyphy/ptII/lib/sootclasses.jar:/home/travis/build/icyphy/ptII/ptolemy/actor/lib/database/mysql-connector-java-5.1.6-bin.jar:/home/travis/build/icyphy/ptII/vendors/misc/sphinx4/sphinx4-data-5prealpha.jar:/home/travis/build/icyphy/ptII/vendors/misc/sphinx4/sphinx4-core-5prealpha.jar:/home/travis/build/icyphy/ptII/lib/PDFRenderer.jar:/home/travis/build/icyphy/ptII/lib/svgSalamander.jar:/home/travis/build/icyphy/ptII/lib/rsyntaxtextarea-2.6.0-SNAPSHOT.jar:/home/travis/build/icyphy/ptII/lib/hazelcast-3.8.2.jar:/home/travis/build/icyphy/ptII/lib/jackson-annotations-2.9.0.jar:/home/travis/build/icyphy/ptII/lib/jackson-core-2.9.3.jar:/home/travis/build/icyphy/ptII/lib/jackson-databind-2.9.3.jar:/home/travis/build/icyphy/ptII/lib/netty-buffer-4.1.19.Final.jar:/home/travis/build/icyphy/ptII/lib/netty-codec-4.1.19.Final.jar:/home/travis/build/icyphy/ptII/lib/netty-codec-dns-4.1.19.Final.jar:/home/travis/build/icyphy/ptII/lib/netty-codec-http-4.1.19.Final.jar:/home/travis/build/icyphy/ptII/lib/netty-codec-http2-4.1.19.Final.jar:/home/travis/build/icyphy/ptII/lib/netty-common-4.1.19.Final.jar:/home/travis/build/icyphy/ptII/lib/netty-handler-4.1.19.Final.jar:/home/travis/build/icyphy/ptII/lib/netty-resolver-4.1.19.Final.jar:/home/travis/build/icyphy/ptII/lib/netty-resolver-dns-4.1.19.Final.jar:/home/travis/build/icyphy/ptII/lib/netty-transport-4.1.19.Final.jar:/home/travis/build/icyphy/ptII/lib/vertx-codegen-3.5.1.jar:/home/travis/build/icyphy/ptII/lib/vertx-core-3.5.2-SNAPSHOT.jar:/home/travis/build/icyphy/ptII/lib/vertx-hazelcast-3.5.1.jar:/home/travis/build/icyphy/ptII/lib/vertx-lang-js-3.5.1.jar:/home/travis/build/icyphy/ptII/lib/vertx-service-proxy-3.5.1.jar:/home/travis/build/icyphy/ptII/lib/vertx-web-3.5.1.jar:/home/travis/build/icyphy/ptII/lib/slf4j-api-1.7.13.jar:/home/travis/build/icyphy/ptII/lib/slf4j-simple-1.7.13.jar:/home/travis/build/icyphy/ptII/lib/webcam-capture-0.3.12.jar:/home/travis/build/icyphy/ptII/lib/bridj-0.7.0.jar:/home/travis/build/icyphy/ptII/lib/xbjlib-1.1.0.nrjavaserial.jar" />
    <property name="timeout" value="2400000" />
    <property name="test.batch" value="**/junit/*.java" />
    <property name="env._" value="/usr/bin/timeout" />
    <property name="java.io.tmpdir" value="/tmp" />
    <property name="user.language" value="en" />
    <property name="env.TRAVIS_INTERNAL_RUBY_REGEX" value="^ruby-(2\.[0-4]\.[0-9]|1\.9\.3)" />
    <property name="env.HISTCONTROL" value="ignoredups:ignorespace" />
    <property name="env.GOROOT" value="/home/travis/.gimme/versions/go1.11.1.linux.amd64" />
    <property name="line.separator" value="&#xa;" />
    <property name="target" value="11" />
    <property name="env.TRAVIS_BUILD_DIR" value="/home/travis/build/icyphy/ptII" />
    <property name="env.ANT_OPTS" value="-Xmx2048m" />
    <property name="ant.file.type" value="file" />
    <property name="ptolemy.ptII.batchMode" value="true" />
    <property name="env.HISTSIZE" value="1000" />
    <property name="env.MERB_ENV" value="test" />
    <property name="java.vm.info" value="mixed mode" />
    <property name="source" value="11" />
    <property name="java.vm.specification.name" value="Java Virtual Machine Specification" />
    <property name="env.TRAVIS_TEST_RESULT" value="0" />
    <property name="jsdoc.command" value="node_modules/@terraswarm/jsdoc/jsdoc.js" />
    <property name="npm.works" value="true" />
    <property name="cobertura.dir" value="/home/travis/build/icyphy/ptII/vendors/cobertura-2.0.3" />
    <property name="jsdoc.command.exists" value="true" />
    <property name="env.rvm_path" value="/home/travis/.rvm" />
    <property name="env.GEM_PATH" value="/home/travis/.rvm/gems/ruby-2.5.3:/home/travis/.rvm/gems/ruby-2.5.3@global" />
    <property name="env.LC_CTYPE" value="en_US.UTF-8" />
    <property name="env.TRAVIS_CMD" value="$PTII/bin/ptIITravisBuild.sh $SECONDS" />
    <property name="java.awt.printerjob" value="sun.print.PSPrinterJob" />
    <property name="env.TRAVIS_STACK_NAME" value="sardonyx" />
    <property name="env.TRAVIS_TIMER_START_TIME" value="1583447582369501800" />
    <property name="ant.version" value="Apache Ant(TM) version 1.10.1 compiled on February 2 2017" />
    <property name="ptII.reports" value="/home/travis/build/icyphy/ptII/reports" />
    <property name="env.TRAVIS_STACK_TIMESTAMP" value="2019-03-25 16:16:56 UTC" />
    <property name="ant.file.type.ptII" value="file" />
    <property name="env.RBENV_SHELL" value="bash" />
    <property name="os.name" value="Linux" />
    <property name="java.specification.vendor" value="Oracle Corporation" />
    <property name="env.rvm_version" value="1.29.7 (latest)" />
    <property name="env.TRAVIS_INFRA" value="unknown" />
    <property name="env.TERM" value="xterm" />
    <property name="java.vm.name" value="OpenJDK 64-Bit Server VM" />
    <property name="env.TRAVIS_BUILD_NUMBER" value="1554" />
    <property name="env.CI" value="true" />
    <property name="java.library.path" value="/home/travis/pthla/certi-tools/lib:/usr/lib/jni:/usr/local/share/OpenCV/java/:/usr/share/OpenCV/java::/usr/java/packages/lib:/usr/lib64:/lib64:/lib:/usr/lib" />
    <property name="jdk.module.path" value="/home/travis/build/icyphy/ptII/vendors/javafx/javafx-sdk-11.0.2/lib:" />
    <property name="env.rvm_prefix" value="/home/travis" />
    <property name="env.PATH" value="/home/travis/pthla/certi-tools/share/scripts:/home/travis/.rvm/gems/ruby-2.5.3/bin:/home/travis/.rvm/gems/ruby-2.5.3@global/bin:/home/travis/.rvm/rubies/ruby-2.5.3/bin:/home/travis/.rvm/bin:/home/travis/.nvm/versions/node/v7.10.1/bin:./node_modules/.bin:/home/travis/build/icyphy/ptII/bin:/home/travis/pthla/certi-tools/bin:/home/travis/bin:/home/travis/.local/bin:/usr/local/lib/jvm/openjdk11/bin:/opt/pyenv/shims:/home/travis/.phpenv/shims:/home/travis/perl5/perlbrew/bin:/home/travis/gopath/bin:/home/travis/.gimme/versions/go1.11.1.linux.amd64/bin:/usr/local/maven-3.6.0/bin:/usr/local/cmake-3.12.4/bin:/usr/local/clang-7.0.0/bin:/usr/local/sbin:/usr/local/bin:/usr/sbin:/usr/bin:/sbin:/bin:/snap/bin:/home/travis/.phpenv/bin:/opt/pyenv/bin:/home/travis/.yarn/bin" />
    <property name="env.TRAVIS_OS_NAME" value="linux" />
    <property name="ant.java.version" value="9" />
    <property name="basedir" value="/home/travis/build/icyphy/ptII" />
    <property name="java.class.version" value="55.0" />
    <property name="env.SHLVL" value="3" />
    <property name="env.LD_LIBRARY_PATH" value="/home/travis/pthla/certi-tools/lib:/usr/lib/jni:/usr/local/share/OpenCV/java/:/usr/share/OpenCV/java:" />
    <property name="env.RACK_ENV" value="test" />
    <property name="ant.home" value="/home/travis/build/icyphy/ptII/ant" />
    <property name="env.NVM_DIR" value="/home/travis/.nvm" />
    <property name="env.CERTI_FOM_PATH" value="/home/travis/pthla/certi-tools/share/federations" />
    <property name="env.TRAVIS_BUILD_ID" value="658906245" />
    <property name="env.PYENV_ROOT" value="/opt/pyenv" />
    <property name="env.TRAVIS_UID" value="2000" />
    <property name="prism.verbose" value="true" />
    <property name="env.NVM_BIN" value="/home/travis/.nvm/versions/node/v7.10.1/bin" />
    <property name="env.TRAVIS_COMMIT" value="9fb3540e9f82295b17ba7664adabef48c189ca75" />
    <property name="env._system_arch" value="x86_64" />
    <property name="node.executable" value="node" />
    <property name="sun.boot.library.path" value="/usr/local/lib/jvm/openjdk11/lib" />
    <property name="sun.management.compiler" value="HotSpot 64-Bit Tiered Compilers" />
    <property name="java.awt.graphicsenv" value="sun.awt.X11GraphicsEnvironment" />
    <property name="env.GOPATH" value="/home/travis/gopath" />
    <property name="ptolemy.ptII.dir" value="/home/travis/build/icyphy/ptII" />
    <property name="env.USER" value="travis" />
    <property name="env.HISTFILESIZE" value="2000" />
    <property name="timeout.longest" value="19000000" />
    <property name="env.PERLBREW_SHELLRC_VERSION" value="0.86" />
    <property name="env.TRAVIS_STACK_FEATURES" value="basic couchdb disabled-ipv6 docker docker-compose elasticsearch firefox go-toolchain google-chrome jdk memcached mongodb mysql nodejs_interpreter perl_interpreter perlbrew phantomjs postgresql python_interpreter redis ruby_interpreter sqlite xserver" />
    <property name="env.TRAVIS_PULL_REQUEST" value="false" />
    <property name="env.PYENV_SHELL" value="bash" />
    <property name="ant.project.name" value="ptII" />
    <property name="env.ANSI_RESET" value="\033[0m" />
    <property name="java.vm.specification.version" value="11" />
    <property name="env.TRAVIS_DIST" value="xenial" />
    <property name="env.CERTI_VERSION" value="4.0.0" />
    <property name="env.CERTI_HOST" value="localhost" />
    <property name="awt.toolkit" value="sun.awt.X11.XToolkit" />
    <property name="env.MY_RUBY_HOME" value="/home/travis/.rvm/rubies/ruby-2.5.3" />
    <property name="sun.cpu.isalist" value="" />
    <property name="env.TRAVIS_TMPDIR" value="/tmp/tmp.86TFNVDcw3" />
    <property name="java.vm.compressedOopsMode" value="Zero based" />
    <property name="os.version" value="4.15.0-1028-gcp" />
    <property name="user.home" value="/home/travis" />
    <property name="java.vm.vendor" value="Oracle Corporation" />
    <property name="env.TRAVIS_TAG" value="nightly" />
    <property name="env.ANSI_YELLOW" value="\033[33;1m" />
    <property name="env.TRAVIS_FILTERED" value="redirect_io" />
    <property name="env.ANSI_GREEN" value="\033[32;1m" />
    <property name="env.JAVA_HOME" value="/usr/local/lib/jvm/openjdk11" />
    <property name="javadoc.excludepackagenames" value="adm.cvs2svn.*,build.*,config.*,doc.coding.templates.*,jni.test.jni.meaningOfLife.*,jni.test.jni.testDeux.*,jni.test.jni.testTrois.*,org.terraswarm.accessor.accessors.web.node_modules.*,org.terraswarm.accessor.accessors.web.hosts.cordova.demo.*,org.terraswarm.accessor.accessors.web.hosts.cordova.plugins.*,org.terraswarm.accessor.accessors-svn.*,pt-modules.*,ptolemy.apps.agilent.*,ptolemy.apps.anytimecontrol.*,ptolemy.apps.apes.*,ptolemy.apps.charon.*,ptolemy.apps.crazyboard.*,ptolemy.apps.eclipse.*,ptolemy.apps.etherealSting.*,ptolemy.apps.fullscreen.*,ptolemy.apps.giotto.*,ptolemy.apps.ia.*,ptolemy.apps.interfaces.*,ptolemy.apps.jmf.*,ptolemy.apps.kurt.*,ptolemy.apps.kvm.*,ptolemy.apps.lego.*,ptolemy.apps.lejos.*,ptolemy.apps.midp.*,ptolemy.apps.mobileCoding.*,ptolemy.apps.pendulum.*,ptolemy.apps.rijndael.*,ptolemy.apps.robot.*,ptolemy.apps.security.*,ptolemy.apps.sobel.*,ptolemy.apps.soot.*,ptolemy.apps.throttle.*,ptolemy.apps.tini.*,ptolemy.apps.transmission.*,ptolemy.apps.vergil.*,ptolemy.apps.waba.*,ptolemy.apps.websensor.*,ptolemy.apps.webstart.*,ptolemy.apps.xsl.*,ptolemy.apps.zaurus.*,ptolemy.codegen.c.actor.lib.oldJavaFiles.*,ptolemy.codegen.dsp.lib.*,ptolemy.codegen.kernel.newInterfaces.*,ptolemy.codegen.lib.*,ptolemy.copernicus.kernel.fragment.*,ptolemy.copernicus.shallow.cg.*,ptolemy.domains.giotto.demo.Hierarchy.Hierarchy.*,ptolemy.domains.giotto.demo.Multimode.Multimode.*,ptolemy.domains.giotto.demo.Simple.Simple.*,ptolemy.domains.gr.lib.experimental.*,ptolemy.domains.gro.*,ptolemy.domains.pdf.*,ptolemy.domains.ptinyos.demo.Surge.output.*,ptolemy.moml.test.NoPackageActor.java*,ptolemy.plot.adm.*,ptolemy.plot.servlet.*,reports.*,signed.*,src.*,target.*,vendors.*,ptolemy.copernicus.applet.*,ptolemy.media.viewer.*,ptolemy.actor.corba.*,doc.doclets.*,ptolemy.apps.eclipse.awt.*,ptolemy.backtrack.*,ptolemy.backtrack.ast.*,ptolemy.cg.adapter.generic.program.procedural.c.mbed*,ptolemy.homer.*,ptolemy.actor.lib.jai.*,org.ptolemy.scala.*,diva.util.java2d.svg.*,ptolemy.domains.ptinyos.*,ptolemy.actor.lib.fmi.fmipp.*,,org.terraswarm.accessor.accessors.web.node_modules.*,org.terraswarm.accessor.accessors-svn,ptolemy.apps.*,ptolemy.actor.ptalon.demo.ptinyos.SendAndReceiveCnt.output,ptolemy.actor.ptalon.demo.ptinyos.SenseToLeds.output,ptolemy.domains.ptinyos.demo.CntToLedsAndRfm.output,ptolemy.domains.ptinyos.demo.RfmToLeds.output,ptolemy.domains.ptinyos.demo.SendAndReceiveCnt.output,ptolemy.domains.ptinyos.demo.SenseToLeds.output,ptolemy.actor.lib.jjs.modules.udpSocket.*" />
    <property name="env.PTII" value="/home/travis/build/icyphy/ptII" />
    <property name="env.XDG_SESSION_ID" value="2" />
    <property name="keystore" value="ptKeystore" />
    <property name="env.TRAVIS_COMMIT_MESSAGE" value="Adding new HLA 1516-2010 data types." />
    <property name="junit.output.dir" value="/home/travis/build/icyphy/ptII/reports/junit" />
    <property name="npm.return.code" value="0" />
    <property name="user.dir" value="/home/travis/build/icyphy/ptII/ptolemy/actor/lib/test" />
    <property name="env.TRAVIS_NODE_VERSION" value="7" />
    <property name="env.TRAVIS_EVENT_TYPE" value="push" />
    <property name="env.MAIL" value="/var/mail/travis" />
    <property name="env.PERLBREW_ROOT" value="/home/travis/perl5/perlbrew" />
    <property name="env.PWD" value="/home/travis/build/icyphy/ptII" />
    <property name="timeout.npm" value="45000" />
    <property name="env.TRAVIS_ARCH" value="amd64" />
    <property name="sun.cpu.endian" value="little" />
    <property name="env.PAGER" value="cat" />
    <property name="env.TRAVIS_BUILD_STAGE_NAME" value="Test" />
    <property name="env.PERLBREW_HOME" value="/home/travis/.perlbrew" />
    <property name="java.vm.version" value="11.0.2+9" />
    <property name="env.RAILS_ENV" value="test" />
    <property name="java.class.path" value="/home/travis/.ptolemyII:/home/travis/.ptolemyII/*:/home/travis/build/icyphy/ptII:/home/travis/build/icyphy/ptII/lib/bsh-2.0b4.jar:/home/travis/build/icyphy/ptII/lib/ptCal.jar:/home/travis/build/icyphy/ptII/lib/java_cup.jar:/home/travis/build/icyphy/ptII/lib/saxon8.jar:/home/travis/build/icyphy/ptII/lib/saxon8-dom.jar:/home/travis/build/icyphy/ptII/lib/chic.jar:/home/travis/build/icyphy/ptII/lib/ptcolt.jar:/home/travis/build/icyphy/ptII/vendors/misc/itext/iText.jar:/home/travis/build/icyphy/ptII/lib/g4ltl.jar:/home/travis/build/icyphy/ptII/lib/StructuralCoder.jar:/home/travis/build/icyphy/ptII/lib/jcerti.jar:/home/travis/build/icyphy/ptII/lib/javax.mail.jar:/home/travis/build/icyphy/ptII/vendors/JMF-2.1.1e/lib/jmf.jar:/home/travis/build/icyphy/ptII/lib/jna-4.0.0-variadic.jar:/home/travis/build/icyphy/ptII/vendors/misc/joystick/Joystick.jar:/home/travis/build/icyphy/ptII/lib/ptjacl.jar:/home/travis/build/icyphy/ptII/lib/jsoup-1.8.2.jar:/home/travis/build/icyphy/ptII/lib/junit-4.8.2.jar:/home/travis/build/icyphy/ptII/lib/JUnitParams-0.4.0.jar:/home/travis/build/icyphy/ptII/ptolemy/actor/lib/excel/jxl.jar:/home/travis/build/icyphy/ptII/lib/jython.jar:/home/travis/build/icyphy/ptII/lib/kieler.jar:/home/travis/build/icyphy/ptII/vendors/opencv/share/OpenCV/java/opencv-341.jar:/home/travis/build/icyphy/ptII/lib/oscP5.jar:/home/travis/build/icyphy/ptII/lib/nrjavaserial-3.11.0.devel.jar:/home/travis/build/icyphy/ptII/vendors/j3d/lib/Linux/j3dcore.jar:/home/travis/build/icyphy/ptII/vendors/j3d/lib/Linux/j3dutils.jar:/home/travis/build/icyphy/ptII/vendors/j3d/lib/Linux/vecmath.jar:/home/travis/build/icyphy/ptII/vendors/jogl/lib/Linux/gluegen-rt-natives-linux-amd64.jar:/home/travis/build/icyphy/ptII/vendors/jogl/lib/Linux/gluegen-rt.jar:/home/travis/build/icyphy/ptII/vendors/jogl/lib/Linux/jogl-all-natives-linux-amd64.jar:/home/travis/build/icyphy/ptII/vendors/jogl/lib/Linux/jogl-all.jar:/home/travis/build/icyphy/ptII/ptolemy/distributed/jini/jar/jini-core.jar:/home/travis/build/icyphy/ptII/ptolemy/distributed/jini/jar/jini-ext.jar:/home/travis/build/icyphy/ptII/ptolemy/distributed/jini/jar/sun-util.jar:/home/travis/build/icyphy/ptII/lib/protobuf-java-2.4.1.jar:/home/travis/build/icyphy/ptII/lib/org.eclipse.paho.client.mqttv3.jar:/home/travis/build/icyphy/ptII/lib/mapss.jar:/home/travis/build/icyphy/ptII/ptolemy/actor/ptalon/antlr/antlr.jar:/home/travis/build/icyphy/ptII/lib/JRI.jar:/home/travis/build/icyphy/ptII/lib/commons-lang-2.6.jar:/home/travis/build/icyphy/ptII/lib/commons-logging-1.1.1.jar:/home/travis/build/icyphy/ptII/lib/sootclasses.jar:/home/travis/build/icyphy/ptII/ptolemy/actor/lib/database/mysql-connector-java-5.1.6-bin.jar:/home/travis/build/icyphy/ptII/vendors/misc/sphinx4/sphinx4-data-5prealpha.jar:/home/travis/build/icyphy/ptII/vendors/misc/sphinx4/sphinx4-core-5prealpha.jar:/home/travis/build/icyphy/ptII/lib/PDFRenderer.jar:/home/travis/build/icyphy/ptII/lib/svgSalamander.jar:/home/travis/build/icyphy/ptII/lib/rsyntaxtextarea-2.6.0-SNAPSHOT.jar:/home/travis/build/icyphy/ptII/lib/hazelcast-3.8.2.jar:/home/travis/build/icyphy/ptII/lib/jackson-annotations-2.9.0.jar:/home/travis/build/icyphy/ptII/lib/jackson-core-2.9.3.jar:/home/travis/build/icyphy/ptII/lib/jackson-databind-2.9.3.jar:/home/travis/build/icyphy/ptII/lib/netty-buffer-4.1.19.Final.jar:/home/travis/build/icyphy/ptII/lib/netty-codec-4.1.19.Final.jar:/home/travis/build/icyphy/ptII/lib/netty-codec-dns-4.1.19.Final.jar:/home/travis/build/icyphy/ptII/lib/netty-codec-http-4.1.19.Final.jar:/home/travis/build/icyphy/ptII/lib/netty-codec-http2-4.1.19.Final.jar:/home/travis/build/icyphy/ptII/lib/netty-common-4.1.19.Final.jar:/home/travis/build/icyphy/ptII/lib/netty-handler-4.1.19.Final.jar:/home/travis/build/icyphy/ptII/lib/netty-resolver-4.1.19.Final.jar:/home/travis/build/icyphy/ptII/lib/netty-resolver-dns-4.1.19.Final.jar:/home/travis/build/icyphy/ptII/lib/netty-transport-4.1.19.Final.jar:/home/travis/build/icyphy/ptII/lib/vertx-codegen-3.5.1.jar:/home/travis/build/icyphy/ptII/lib/vertx-core-3.5.2-SNAPSHOT.jar:/home/travis/build/icyphy/ptII/lib/vertx-hazelcast-3.5.1.jar:/home/travis/build/icyphy/ptII/lib/vertx-lang-js-3.5.1.jar:/home/travis/build/icyphy/ptII/lib/vertx-service-proxy-3.5.1.jar:/home/travis/build/icyphy/ptII/lib/vertx-web-3.5.1.jar:/home/travis/build/icyphy/ptII/lib/slf4j-api-1.7.13.jar:/home/travis/build/icyphy/ptII/lib/slf4j-simple-1.7.13.jar:/home/travis/build/icyphy/ptII/lib/webcam-capture-0.3.12.jar:/home/travis/build/icyphy/ptII/lib/bridj-0.7.0.jar:/home/travis/build/icyphy/ptII/lib/xbjlib-1.1.0.nrjavaserial.jar:/home/travis/build/icyphy/ptII/ptolemy/moml/test:/home/travis/build/icyphy/ptII/ant/lib/ant-launcher.jar:/home/travis/build/icyphy/ptII/ant/lib/ant.jar:/home/travis/build/icyphy/ptII/ant/lib/ant-junit.jar:/home/travis/build/icyphy/ptII/ant/lib/ant-junit4.jar" />
    <property name="ant.library.dir" value="/home/travis/build/icyphy/ptII/ant/lib" />
    <property name="os.arch" value="amd64" />
    <property name="env.CONTINUOUS_INTEGRATION" value="true" />
    <property name="env.TRAVIS_LANGUAGE" value="node_js" />
    <property name="env.TRAVIS_STACK_LANGUAGES" value="__sardonyx__ c c++ clojure cplusplus cpp default generic go groovy java node_js php pure_java python ruby scala" />
    <property name="test.name" value="ptolemy.actor.lib.test.junit.JUnitTclTest" />
    <property name="env.APT_KEY_DONT_WARN_ON_DANGEROUS_USAGE" value="1" />
    <property name="sun.java.launcher" value="SUN_STANDARD" />
    <property name="env.PYTHON_CONFIGURE_OPTS" value="--enable-unicode=ucs4 --with-wide-unicode --enable-shared --enable-ipv6 --enable-loadable-sqlite-extensions --with-computed-gotos" />
    <property name="ant.core.lib" value="/home/travis/build/icyphy/ptII/ant/lib/ant.jar" />
    <property name="java.vm.specification.vendor" value="Oracle Corporation" />
    <property name="env.BCVTB_HOME" value="/home/travis/build/icyphy/ptII/lbnl" />
    <property name="file.separator" value="/" />
    <property name="spotbugs.home" value="/home/travis/build/icyphy/ptII/vendors/spotbugs-3.1.1" />
    <property name="java.runtime.version" value="11.0.2+9" />
    <property name="env.ANSI_CLEAR" value="\033[0K" />
    <property name="javafx.verbose" value="true" />
    <property name="env.HAS_JOSH_K_SEAL_OF_APPROVAL" value="true" />
    <property name="env.XDG_RUNTIME_DIR" value="/run/user/2000" />
    <property name="env.TRAVIS_OSX_IMAGE" value="" />
    <property name="env.TRAVIS_JOB_ID" value="658906253" />
    <property name="env.TRAVIS_BRANCH" value="master" />
    <property name="user.country" value="US" />
    <property name="env.CERTI_HOME_TRAVIS" value="/home/travis/pthla/certi-tools" />
    <property name="env.SHELL" value="/bin/bash" />
    <property name="java.maxmemory.large" value="3200m" />
    <property name="model" value="" />
    <property name="env.CASHER_DIR" value="/home/travis/.casher" />
    <property name="env.NVM_CD_FLAGS" value="" />
    <property name="java.vendor.version" value="18.9" />
    <property name="jshint.executable" value="/home/travis/node_modules/jshint/bin/jshint" />
    <property name="env.JRUBY_OPTS" value=" --client -J-XX:+TieredCompilation -J-XX:TieredStopAtLevel=1 -J-Xss2m -Xcompile.invokedynamic=false" />
    <property name="java.vendor" value="Oracle Corporation" />
    <property name="env.TRAVIS_PRE_CHEF_BOOTSTRAP_TIME" value="2019-03-25T16:16:42" />
    <property name="env.TRAVIS_STACK_JOB_BOARD_REGISTER" value="/.job-board-register.yml" />
    <property name="env.ANSI_RED" value="\033[31;1m" />
    <property name="java.specification.version" value="11" />
    <property name="env.IRBRC" value="/home/travis/.rvm/rubies/ruby-2.5.3/.irbrc" />
    <property name="env.TRAVIS" value="true" />
    <property name="sun.arch.data.model" value="64" />
  </properties>
  <testcase classname="ptolemy.util.test.junit.TclTests" name="[0] /home/travis/build/icyphy/ptII/ptolemy/actor/lib/test/AbsoluteValue.tcl (RunTclFile)" time="0.631" />
  <testcase classname="ptolemy.util.test.junit.TclTests" name="[1] /home/travis/build/icyphy/ptII/ptolemy/actor/lib/test/AddSubtract.tcl (RunTclFile)" time="0.192" />
  <testcase classname="ptolemy.util.test.junit.TclTests" name="[2] /home/travis/build/icyphy/ptII/ptolemy/actor/lib/test/Average.tcl (RunTclFile)" time="0.043" />
  <testcase classname="ptolemy.util.test.junit.TclTests" name="[3] /home/travis/build/icyphy/ptII/ptolemy/actor/lib/test/Bernoulli.tcl (RunTclFile)" time="0.02" />
  <testcase classname="ptolemy.util.test.junit.TclTests" name="[4] /home/travis/build/icyphy/ptII/ptolemy/actor/lib/test/Clock.tcl (RunTclFile)" time="0.097" />
  <testcase classname="ptolemy.util.test.junit.TclTests" name="[5] /home/travis/build/icyphy/ptII/ptolemy/actor/lib/test/Commutator.tcl (RunTclFile)" time="0.18" />
  <testcase classname="ptolemy.util.test.junit.TclTests" name="[6] /home/travis/build/icyphy/ptII/ptolemy/actor/lib/test/Const.tcl (RunTclFile)" time="0.136" />
  <testcase classname="ptolemy.util.test.junit.TclTests" name="[7] /home/travis/build/icyphy/ptII/ptolemy/actor/lib/test/CurrentTime.tcl (RunTclFile)" time="0.022" />
  <testcase classname="ptolemy.util.test.junit.TclTests" name="[8] /home/travis/build/icyphy/ptII/ptolemy/actor/lib/test/DB.tcl (RunTclFile)" time="0.04" />
  <testcase classname="ptolemy.util.test.junit.TclTests" name="[9] /home/travis/build/icyphy/ptII/ptolemy/actor/lib/test/DiscreteRandomSource.tcl (RunTclFile)" time="0.058" />
  <testcase classname="ptolemy.util.test.junit.TclTests" name="[10] /home/travis/build/icyphy/ptII/ptolemy/actor/lib/test/Distributor.tcl (RunTclFile)" time="0.07" />
  <testcase classname="ptolemy.util.test.junit.TclTests" name="[11] /home/travis/build/icyphy/ptII/ptolemy/actor/lib/test/Exit.tcl (RunTclFile)" time="0.078" />
  <testcase classname="ptolemy.util.test.junit.TclTests" name="[12] /home/travis/build/icyphy/ptII/ptolemy/actor/lib/test/Expression.tcl (RunTclFile)" time="0.137" />
  <testcase classname="ptolemy.util.test.junit.TclTests" name="[13] /home/travis/build/icyphy/ptII/ptolemy/actor/lib/test/Gaussian.tcl (RunTclFile)" time="0.731" />
  <testcase classname="ptolemy.util.test.junit.TclTests" name="[14] /home/travis/build/icyphy/ptII/ptolemy/actor/lib/test/IIR.tcl (RunTclFile)" time="0.056" />
  <testcase classname="ptolemy.util.test.junit.TclTests" name="[15] /home/travis/build/icyphy/ptII/ptolemy/actor/lib/test/Interpolator.tcl (RunTclFile)" time="0.108" />
  <testcase classname="ptolemy.util.test.junit.TclTests" name="[16] /home/travis/build/icyphy/ptII/ptolemy/actor/lib/test/MathFunction.tcl (RunTclFile)" time="0.079" />
  <testcase classname="ptolemy.util.test.junit.TclTests" name="[17] /home/travis/build/icyphy/ptII/ptolemy/actor/lib/test/Maximum.tcl (RunTclFile)" time="0.039" />
  <testcase classname="ptolemy.util.test.junit.TclTests" name="[18] /home/travis/build/icyphy/ptII/ptolemy/actor/lib/test/Minimum.tcl (RunTclFile)" time="0.031" />
  <testcase classname="ptolemy.util.test.junit.TclTests" name="[19] /home/travis/build/icyphy/ptII/ptolemy/actor/lib/test/MultiplyDivide.tcl (RunTclFile)" time="0.043" />
  <testcase classname="ptolemy.util.test.junit.TclTests" name="[20] /home/travis/build/icyphy/ptII/ptolemy/actor/lib/test/OrderedMerge.tcl (RunTclFile)" time="0.111" />
  <testcase classname="ptolemy.util.test.junit.TclTests" name="[21] /home/travis/build/icyphy/ptII/ptolemy/actor/lib/test/Publisher.tcl (RunTclFile)" time="0.897" />
  <testcase classname="ptolemy.util.test.junit.TclTests" name="[22] /home/travis/build/icyphy/ptII/ptolemy/actor/lib/test/Pulse.tcl (RunTclFile)" time="0.071" />
  <testcase classname="ptolemy.util.test.junit.TclTests" name="[23] /home/travis/build/icyphy/ptII/ptolemy/actor/lib/test/Ramp.tcl (RunTclFile)" time="1.877" />
  <testcase classname="ptolemy.util.test.junit.TclTests" name="[24] /home/travis/build/icyphy/ptII/ptolemy/actor/lib/test/RampContinuous.tcl (RunTclFile)" time="0.019" />
  <testcase classname="ptolemy.util.test.junit.TclTests" name="[25] /home/travis/build/icyphy/ptII/ptolemy/actor/lib/test/RecordAssembler.tcl (RunTclFile)" time="0.036" />
  <testcase classname="ptolemy.util.test.junit.TclTests" name="[26] /home/travis/build/icyphy/ptII/ptolemy/actor/lib/test/RecordDisassembler.tcl (RunTclFile)" time="0.019" />
  <testcase classname="ptolemy.util.test.junit.TclTests" name="[27] /home/travis/build/icyphy/ptII/ptolemy/actor/lib/test/Scale.tcl (RunTclFile)" time="0.016" />
  <testcase classname="ptolemy.util.test.junit.TclTests" name="[28] /home/travis/build/icyphy/ptII/ptolemy/actor/lib/test/SequentialClock.tcl (RunTclFile)" time="0.012" />
  <testcase classname="ptolemy.util.test.junit.TclTests" name="[29] /home/travis/build/icyphy/ptII/ptolemy/actor/lib/test/SetVariable.tcl (RunTclFile)" time="0.009" />
  <testcase classname="ptolemy.util.test.junit.TclTests" name="[30] /home/travis/build/icyphy/ptII/ptolemy/actor/lib/test/Sinewave.tcl (RunTclFile)" time="0.026" />
  <testcase classname="ptolemy.util.test.junit.TclTests" name="[31] /home/travis/build/icyphy/ptII/ptolemy/actor/lib/test/SubscriptionAggregator.tcl (RunTclFile)" time="2.179" />
  <testcase classname="ptolemy.util.test.junit.TclTests" name="[32] /home/travis/build/icyphy/ptII/ptolemy/actor/lib/test/Test.tcl (RunTclFile)" time="0.085" />
  <testcase classname="ptolemy.util.test.junit.TclTests" name="[33] /home/travis/build/icyphy/ptII/ptolemy/actor/lib/test/TestExceptionHandler.tcl (RunTclFile)" time="0.012" />
  <testcase classname="ptolemy.util.test.junit.TclTests" name="[34] /home/travis/build/icyphy/ptII/ptolemy/actor/lib/test/UnionDisassembler.tcl (RunTclFile)" time="0.05" />
  <testcase classname="ptolemy.util.test.junit.TclTests" name="[35] /home/travis/build/icyphy/ptII/ptolemy/actor/lib/test/VariableClock.tcl (RunTclFile)" time="0.017" />
  <testcase classname="ptolemy.util.test.junit.AutoKnownFailedTests" name="[0] /home/travis/build/icyphy/ptII/ptolemy/actor/lib/test/auto/knownFailedTests/PublisherPortToplevelSubscriber.xml (RunModel)" time="0.025" />
  <testcase classname="ptolemy.util.test.junit.AutoKnownFailedTests" name="[1] /home/travis/build/icyphy/ptII/ptolemy/actor/lib/test/auto/knownFailedTests/PublisherSubscriberPortToplevel.xml (RunModel)" time="0.019" />
  <testcase classname="ptolemy.util.test.junit.AutoKnownFailedTests" name="[2] /home/travis/build/icyphy/ptII/ptolemy/actor/lib/test/auto/knownFailedTests/PublisherSubscriptionAggregatorPort.xml (RunModel)" time="0.019" />
  <testcase classname="ptolemy.util.test.junit.AutoKnownFailedTests" name="[3] /home/travis/build/icyphy/ptII/ptolemy/actor/lib/test/auto/knownFailedTests/sizedarray3.xml (RunModel)" time="0.029" />
  <testcase classname="ptolemy.util.test.junit.AutoNameArchTests" name="[0] ThereAreNoAutoArchTests (RunModel)" time="0.001" />
  <testcase classname="ptolemy.util.test.junit.AutoTests" name="[0] /home/travis/build/icyphy/ptII/ptolemy/actor/lib/test/auto/AbsoluteValue.xml (RunModel)" time="0.103" />
  <testcase classname="ptolemy.util.test.junit.AutoTests" name="[1] /home/travis/build/icyphy/ptII/ptolemy/actor/lib/test/auto/AbsoluteValue2.xml (RunModel)" time="0.048" />
  <testcase classname="ptolemy.util.test.junit.AutoTests" name="[2] /home/travis/build/icyphy/ptII/ptolemy/actor/lib/test/auto/Accumulator.xml (RunModel)" time="0.065" />
  <testcase classname="ptolemy.util.test.junit.AutoTests" name="[3] /home/travis/build/icyphy/ptII/ptolemy/actor/lib/test/auto/Accumulator2.xml (RunModel)" time="0.11" />
  <testcase classname="ptolemy.util.test.junit.AutoTests" name="[4] /home/travis/build/icyphy/ptII/ptolemy/actor/lib/test/auto/Accumulator3.xml (RunModel)" time="0.017" />
  <testcase classname="ptolemy.util.test.junit.AutoTests" name="[5] /home/travis/build/icyphy/ptII/ptolemy/actor/lib/test/auto/ArrayAppend.xml (RunModel)" time="0.048" />
  <testcase classname="ptolemy.util.test.junit.AutoTests" name="[6] /home/travis/build/icyphy/ptII/ptolemy/actor/lib/test/auto/ArrayAppend2.xml (RunModel)" time="0.332" />
  <testcase classname="ptolemy.util.test.junit.AutoTests" name="[7] /home/travis/build/icyphy/ptII/ptolemy/actor/lib/test/auto/ArrayAppend3.xml (RunModel)" time="0.04" />
  <testcase classname="ptolemy.util.test.junit.AutoTests" name="[8] /home/travis/build/icyphy/ptII/ptolemy/actor/lib/test/auto/ArrayAppend4.xml (RunModel)" time="0.024" />
  <testcase classname="ptolemy.util.test.junit.AutoTests" name="[9] /home/travis/build/icyphy/ptII/ptolemy/actor/lib/test/auto/ArrayAppend5.xml (RunModel)" time="0.016" />
  <testcase classname="ptolemy.util.test.junit.AutoTests" name="[10] /home/travis/build/icyphy/ptII/ptolemy/actor/lib/test/auto/ArrayAppend6.xml (RunModel)" time="0.031" />
  <testcase classname="ptolemy.util.test.junit.AutoTests" name="[11] /home/travis/build/icyphy/ptII/ptolemy/actor/lib/test/auto/ArrayAppendPerformanceTest.xml (RunModel)" time="0.078" />
  <testcase classname="ptolemy.util.test.junit.AutoTests" name="[12] /home/travis/build/icyphy/ptII/ptolemy/actor/lib/test/auto/ArrayAppendWithEmptyInput.xml (RunModel)" time="0.032" />
  <testcase classname="ptolemy.util.test.junit.AutoTests" name="[13] /home/travis/build/icyphy/ptII/ptolemy/actor/lib/test/auto/ArrayAverage.xml (RunModel)" time="0.087" />
  <testcase classname="ptolemy.util.test.junit.AutoTests" name="[14] /home/travis/build/icyphy/ptII/ptolemy/actor/lib/test/auto/ArrayContains.xml (RunModel)" time="0.028" />
  <testcase classname="ptolemy.util.test.junit.AutoTests" name="[15] /home/travis/build/icyphy/ptII/ptolemy/actor/lib/test/auto/ArrayElement.xml (RunModel)" time="0.019" />
  <testcase classname="ptolemy.util.test.junit.AutoTests" name="[16] /home/travis/build/icyphy/ptII/ptolemy/actor/lib/test/auto/ArrayElementAsMatrix.xml (RunModel)" time="0.04" />
  <testcase classname="ptolemy.util.test.junit.AutoTests" name="[17] /home/travis/build/icyphy/ptII/ptolemy/actor/lib/test/auto/ArrayElementI.xml (RunModel)" time="0.023" />
  <testcase classname="ptolemy.util.test.junit.AutoTests" name="[18] /home/travis/build/icyphy/ptII/ptolemy/actor/lib/test/auto/ArrayExtract.xml (RunModel)" time="0.025" />
  <testcase classname="ptolemy.util.test.junit.AutoTests" name="[19] /home/travis/build/icyphy/ptII/ptolemy/actor/lib/test/auto/ArrayExtract2.xml (RunModel)" time="0.021" />
  <testcase classname="ptolemy.util.test.junit.AutoTests" name="[20] /home/travis/build/icyphy/ptII/ptolemy/actor/lib/test/auto/ArrayLength.xml (RunModel)" time="0.023" />
  <testcase classname="ptolemy.util.test.junit.AutoTests" name="[21] /home/travis/build/icyphy/ptII/ptolemy/actor/lib/test/auto/ArrayLevelCrossing.xml (RunModel)" time="0.027" />
  <testcase classname="ptolemy.util.test.junit.AutoTests" name="[22] /home/travis/build/icyphy/ptII/ptolemy/actor/lib/test/auto/ArrayLevelCrossing2.xml (RunModel)" time="0.023" />
  <testcase classname="ptolemy.util.test.junit.AutoTests" name="[23] /home/travis/build/icyphy/ptII/ptolemy/actor/lib/test/auto/ArrayPeakSearch.xml (RunModel)" time="0.028" />
  <testcase classname="ptolemy.util.test.junit.AutoTests" name="[24] /home/travis/build/icyphy/ptII/ptolemy/actor/lib/test/auto/ArrayPeakSearch2.xml (RunModel)" time="0.031" />
  <testcase classname="ptolemy.util.test.junit.AutoTests" name="[25] /home/travis/build/icyphy/ptII/ptolemy/actor/lib/test/auto/ArrayPeakSearch3.xml (RunModel)" time="0.035" />
  <testcase classname="ptolemy.util.test.junit.AutoTests" name="[26] /home/travis/build/icyphy/ptII/ptolemy/actor/lib/test/auto/ArrayRemoveElement.xml (RunModel)" time="0.026" />
  <testcase classname="ptolemy.util.test.junit.AutoTests" name="[27] /home/travis/build/icyphy/ptII/ptolemy/actor/lib/test/auto/ArraySort.xml (RunModel)" time="0.034" />
  <testcase classname="ptolemy.util.test.junit.AutoTests" name="[28] /home/travis/build/icyphy/ptII/ptolemy/actor/lib/test/auto/ArraySum.xml (RunModel)" time="0.021" />
  <testcase classname="ptolemy.util.test.junit.AutoTests" name="[29] /home/travis/build/icyphy/ptII/ptolemy/actor/lib/test/auto/ArrayToElements.xml (RunModel)" time="0.017" />
  <testcase classname="ptolemy.util.test.junit.AutoTests" name="[30] /home/travis/build/icyphy/ptII/ptolemy/actor/lib/test/auto/ArrayToMatrix.xml (RunModel)" time="0.051" />
  <testcase classname="ptolemy.util.test.junit.AutoTests" name="[31] /home/travis/build/icyphy/ptII/ptolemy/actor/lib/test/auto/ArrayUpdate1.xml (RunModel)" time="0.017" />
  <testcase classname="ptolemy.util.test.junit.AutoTests" name="[32] /home/travis/build/icyphy/ptII/ptolemy/actor/lib/test/auto/ArrayUpdate2.xml (RunModel)" time="0.018" />
  <testcase classname="ptolemy.util.test.junit.AutoTests" name="[33] /home/travis/build/icyphy/ptII/ptolemy/actor/lib/test/auto/ArrayUpdate3.xml (RunModel)" time="0.018" />
  <testcase classname="ptolemy.util.test.junit.AutoTests" name="[34] /home/travis/build/icyphy/ptII/ptolemy/actor/lib/test/auto/Assert1.xml (RunModel)" time="0.068" />
  <testcase classname="ptolemy.util.test.junit.AutoTests" name="[35] /home/travis/build/icyphy/ptII/ptolemy/actor/lib/test/auto/Assert2.xml (RunModel)" time="0.011" />
  <testcase classname="ptolemy.util.test.junit.AutoTests" name="[36] /home/travis/build/icyphy/ptII/ptolemy/actor/lib/test/auto/BooleanMultiplexor.xml (RunModel)" time="0.016" />
  <testcase classname="ptolemy.util.test.junit.AutoTests" name="[37] /home/travis/build/icyphy/ptII/ptolemy/actor/lib/test/auto/BooleanMultiplexor2.xml (RunModel)" time="0.017" />
  <testcase classname="ptolemy.util.test.junit.AutoTests" name="[38] /home/travis/build/icyphy/ptII/ptolemy/actor/lib/test/auto/BooleanMultiplexor3.xml (RunModel)" time="0.028" />
  <testcase classname="ptolemy.util.test.junit.AutoTests" name="[39] /home/travis/build/icyphy/ptII/ptolemy/actor/lib/test/auto/BooleanSelect.xml (RunModel)" time="0.022" />
  <testcase classname="ptolemy.util.test.junit.AutoTests" name="[40] /home/travis/build/icyphy/ptII/ptolemy/actor/lib/test/auto/BooleanSelect2.xml (RunModel)" time="0.015" />
  <testcase classname="ptolemy.util.test.junit.AutoTests" name="[41] /home/travis/build/icyphy/ptII/ptolemy/actor/lib/test/auto/BooleanSwitch.xml (RunModel)" time="0.021" />
  <testcase classname="ptolemy.util.test.junit.AutoTests" name="[42] /home/travis/build/icyphy/ptII/ptolemy/actor/lib/test/auto/BooleanSwitch2.xml (RunModel)" time="0.013" />
  <testcase classname="ptolemy.util.test.junit.AutoTests" name="[43] /home/travis/build/icyphy/ptII/ptolemy/actor/lib/test/auto/BooleanSwitchCloningBugWithClassRelationGroup.xml (RunModel)" time="0.029" />
  <testcase classname="ptolemy.util.test.junit.AutoTests" name="[44] /home/travis/build/icyphy/ptII/ptolemy/actor/lib/test/auto/BusActors.xml (RunModel)" time="0.045" />
  <testcase classname="ptolemy.util.test.junit.AutoTests" name="[45] /home/travis/build/icyphy/ptII/ptolemy/actor/lib/test/auto/ClassWrapper.xml (RunModel)" time="0.029" />
  <testcase classname="ptolemy.util.test.junit.AutoTests" name="[46] /home/travis/build/icyphy/ptII/ptolemy/actor/lib/test/auto/Clock.xml (RunModel)" time="0.009" />
  <testcase classname="ptolemy.util.test.junit.AutoTests" name="[47] /home/travis/build/icyphy/ptII/ptolemy/actor/lib/test/auto/Clock10.xml (RunModel)" time="0.015" />
  <testcase classname="ptolemy.util.test.junit.AutoTests" name="[48] /home/travis/build/icyphy/ptII/ptolemy/actor/lib/test/auto/Clock11.xml (RunModel)" time="0.021" />
  <testcase classname="ptolemy.util.test.junit.AutoTests" name="[49] /home/travis/build/icyphy/ptII/ptolemy/actor/lib/test/auto/Clock12.xml (RunModel)" time="0.02" />
  <testcase classname="ptolemy.util.test.junit.AutoTests" name="[50] /home/travis/build/icyphy/ptII/ptolemy/actor/lib/test/auto/Clock13.xml (RunModel)" time="0.015" />
  <testcase classname="ptolemy.util.test.junit.AutoTests" name="[51] /home/travis/build/icyphy/ptII/ptolemy/actor/lib/test/auto/Clock14.xml (RunModel)" time="0.017" />
  <testcase classname="ptolemy.util.test.junit.AutoTests" name="[52] /home/travis/build/icyphy/ptII/ptolemy/actor/lib/test/auto/Clock15.xml (RunModel)" time="0.016" />
  <testcase classname="ptolemy.util.test.junit.AutoTests" name="[53] /home/travis/build/icyphy/ptII/ptolemy/actor/lib/test/auto/Clock16.xml (RunModel)" time="0.095" />
  <testcase classname="ptolemy.util.test.junit.AutoTests" name="[54] /home/travis/build/icyphy/ptII/ptolemy/actor/lib/test/auto/Clock17.xml (RunModel)" time="0.069" />
  <testcase classname="ptolemy.util.test.junit.AutoTests" name="[55] /home/travis/build/icyphy/ptII/ptolemy/actor/lib/test/auto/Clock18.xml (RunModel)" time="0.035" />
  <testcase classname="ptolemy.util.test.junit.AutoTests" name="[56] /home/travis/build/icyphy/ptII/ptolemy/actor/lib/test/auto/Clock19.xml (RunModel)" time="0.038" />
  <testcase classname="ptolemy.util.test.junit.AutoTests" name="[57] /home/travis/build/icyphy/ptII/ptolemy/actor/lib/test/auto/Clock2.xml (RunModel)" time="0.059" />
  <testcase classname="ptolemy.util.test.junit.AutoTests" name="[58] /home/travis/build/icyphy/ptII/ptolemy/actor/lib/test/auto/Clock20.xml (RunModel)" time="0.023" />
  <testcase classname="ptolemy.util.test.junit.AutoTests" name="[59] /home/travis/build/icyphy/ptII/ptolemy/actor/lib/test/auto/Clock21.xml (RunModel)" time="0.022" />
  <testcase classname="ptolemy.util.test.junit.AutoTests" name="[60] /home/travis/build/icyphy/ptII/ptolemy/actor/lib/test/auto/Clock22.xml (RunModel)" time="0.017" />
  <testcase classname="ptolemy.util.test.junit.AutoTests" name="[61] /home/travis/build/icyphy/ptII/ptolemy/actor/lib/test/auto/Clock23.xml (RunModel)" time="0.017" />
  <testcase classname="ptolemy.util.test.junit.AutoTests" name="[62] /home/travis/build/icyphy/ptII/ptolemy/actor/lib/test/auto/Clock24.xml (RunModel)" time="0.017" />
  <testcase classname="ptolemy.util.test.junit.AutoTests" name="[63] /home/travis/build/icyphy/ptII/ptolemy/actor/lib/test/auto/Clock4.xml (RunModel)" time="0.013" />
  <testcase classname="ptolemy.util.test.junit.AutoTests" name="[64] /home/travis/build/icyphy/ptII/ptolemy/actor/lib/test/auto/Clock5.xml (RunModel)" time="0.015" />
  <testcase classname="ptolemy.util.test.junit.AutoTests" name="[65] /home/travis/build/icyphy/ptII/ptolemy/actor/lib/test/auto/Clock6.xml (RunModel)" time="0.011" />
  <testcase classname="ptolemy.util.test.junit.AutoTests" name="[66] /home/travis/build/icyphy/ptII/ptolemy/actor/lib/test/auto/Clock7.xml (RunModel)" time="0.012" />
  <testcase classname="ptolemy.util.test.junit.AutoTests" name="[67] /home/travis/build/icyphy/ptII/ptolemy/actor/lib/test/auto/Clock8.xml (RunModel)" time="0.015" />
  <testcase classname="ptolemy.util.test.junit.AutoTests" name="[68] /home/travis/build/icyphy/ptII/ptolemy/actor/lib/test/auto/Clock9.xml (RunModel)" time="0.016" />
  <testcase classname="ptolemy.util.test.junit.AutoTests" name="[69] /home/travis/build/icyphy/ptII/ptolemy/actor/lib/test/auto/CommDistDiscard.xml (RunModel)" time="0.029" />
  <testcase classname="ptolemy.util.test.junit.AutoTests" name="[70] /home/travis/build/icyphy/ptII/ptolemy/actor/lib/test/auto/Commutator.xml (RunModel)" time="0.016" />
  <testcase classname="ptolemy.util.test.junit.AutoTests" name="[71] /home/travis/build/icyphy/ptII/ptolemy/actor/lib/test/auto/Commutator2.xml (RunModel)" time="0.011" />
  <testcase classname="ptolemy.util.test.junit.AutoTests" name="[72] /home/travis/build/icyphy/ptII/ptolemy/actor/lib/test/auto/Commutator3.xml (RunModel)" time="0.024" />
  <testcase classname="ptolemy.util.test.junit.AutoTests" name="[73] /home/travis/build/icyphy/ptII/ptolemy/actor/lib/test/auto/Compare.xml (RunModel)" time="0.023" />
  <testcase classname="ptolemy.util.test.junit.AutoTests" name="[74] /home/travis/build/icyphy/ptII/ptolemy/actor/lib/test/auto/CompareDE.xml (RunModel)" time="0.02" />
  <testcase classname="ptolemy.util.test.junit.AutoTests" name="[75] /home/travis/build/icyphy/ptII/ptolemy/actor/lib/test/auto/ComplexDivide.xml (RunModel)" time="0.01" />
  <testcase classname="ptolemy.util.test.junit.AutoTests" name="[76] /home/travis/build/icyphy/ptII/ptolemy/actor/lib/test/auto/ComputeHistogram.xml (RunModel)" time="0.079" />
  <testcase classname="ptolemy.util.test.junit.AutoTests" name="[77] /home/travis/build/icyphy/ptII/ptolemy/actor/lib/test/auto/ConfigurationSelect.xml (RunModel)" time="0.025" />
  <testcase classname="ptolemy.util.test.junit.AutoTests" name="[78] /home/travis/build/icyphy/ptII/ptolemy/actor/lib/test/auto/ConfigurationSelect2.xml (RunModel)" time="0.022" />
  <testcase classname="ptolemy.util.test.junit.AutoTests" name="[79] /home/travis/build/icyphy/ptII/ptolemy/actor/lib/test/auto/ConfigurationSwitch.xml (RunModel)" time="0.033" />
  <testcase classname="ptolemy.util.test.junit.AutoTests" name="[80] /home/travis/build/icyphy/ptII/ptolemy/actor/lib/test/auto/ConfigurationSwitch2.xml (RunModel)" time="0.015" />
  <testcase classname="ptolemy.util.test.junit.AutoTests" name="[81] /home/travis/build/icyphy/ptII/ptolemy/actor/lib/test/auto/ConfigurationSwitchCloningBugWithClassRelationGroup.xml (RunModel)" time="0.019" />
  <testcase classname="ptolemy.util.test.junit.AutoTests" name="[82] /home/travis/build/icyphy/ptII/ptolemy/actor/lib/test/auto/ConfigurationSwitchSelectSDF.xml (RunModel)" time="0.015" />
  <testcase classname="ptolemy.util.test.junit.AutoTests" name="[83] /home/travis/build/icyphy/ptII/ptolemy/actor/lib/test/auto/ConfigurationSwitchSelectSDF2.xml (RunModel)" time="0.016" />
  <testcase classname="ptolemy.util.test.junit.AutoTests" name="[84] /home/travis/build/icyphy/ptII/ptolemy/actor/lib/test/auto/Const.xml (RunModel)" time="0.007" />
  <testcase classname="ptolemy.util.test.junit.AutoTests" name="[85] /home/travis/build/icyphy/ptII/ptolemy/actor/lib/test/auto/Const2.xml (RunModel)" time="0.011" />
  <testcase classname="ptolemy.util.test.junit.AutoTests" name="[86] /home/travis/build/icyphy/ptII/ptolemy/actor/lib/test/auto/Const3.xml (RunModel)" time="0.007" />
  <testcase classname="ptolemy.util.test.junit.AutoTests" name="[87] /home/travis/build/icyphy/ptII/ptolemy/actor/lib/test/auto/ConstantPublisherPort1.xml (RunModel)" time="0.024" />
  <testcase classname="ptolemy.util.test.junit.AutoTests" name="[88] /home/travis/build/icyphy/ptII/ptolemy/actor/lib/test/auto/ConstantPublisherPort2.xml (RunModel)" time="0.032" />
  <testcase classname="ptolemy.util.test.junit.AutoTests" name="[89] /home/travis/build/icyphy/ptII/ptolemy/actor/lib/test/auto/ConstantPublisherPort3.xml (RunModel)" time="0.019" />
  <testcase classname="ptolemy.util.test.junit.AutoTests" name="[90] /home/travis/build/icyphy/ptII/ptolemy/actor/lib/test/auto/ConstantPublisherPort4.xml (RunModel)" time="0.017" />
  <testcase classname="ptolemy.util.test.junit.AutoTests" name="[91] /home/travis/build/icyphy/ptII/ptolemy/actor/lib/test/auto/ConstantPublisherPort5.xml (RunModel)" time="0.039" />
  <testcase classname="ptolemy.util.test.junit.AutoTests" name="[92] /home/travis/build/icyphy/ptII/ptolemy/actor/lib/test/auto/ConstantPublisherPort6.xml (RunModel)" time="0.024" />
  <testcase classname="ptolemy.util.test.junit.AutoTests" name="[93] /home/travis/build/icyphy/ptII/ptolemy/actor/lib/test/auto/ConstantPublisherPort7.xml (RunModel)" time="0.028" />
  <testcase classname="ptolemy.util.test.junit.AutoTests" name="[94] /home/travis/build/icyphy/ptII/ptolemy/actor/lib/test/auto/ConstraintMonitor1.xml (RunModel)" time="0.038" />
  <testcase classname="ptolemy.util.test.junit.AutoTests" name="[95] /home/travis/build/icyphy/ptII/ptolemy/actor/lib/test/auto/ConstraintMonitor2.xml (RunModel)" time="0.012" />
  <testcase classname="ptolemy.util.test.junit.AutoTests" name="[96] /home/travis/build/icyphy/ptII/ptolemy/actor/lib/test/auto/ConstraintMonitor3.xml (RunModel)" time="0.017" />
  <testcase classname="ptolemy.util.test.junit.AutoTests" name="[97] /home/travis/build/icyphy/ptII/ptolemy/actor/lib/test/auto/ConstraintMonitor4.xml (RunModel)" time="0.015" />
  <testcase classname="ptolemy.util.test.junit.AutoTests" name="[98] /home/travis/build/icyphy/ptII/ptolemy/actor/lib/test/auto/ConstraintMonitor5.xml (RunModel)" time="0.014" />
  <testcase classname="ptolemy.util.test.junit.AutoTests" name="[99] /home/travis/build/icyphy/ptII/ptolemy/actor/lib/test/auto/ConstraintMonitor6.xml (RunModel)" time="0.012" />
  <testcase classname="ptolemy.util.test.junit.AutoTests" name="[100] /home/travis/build/icyphy/ptII/ptolemy/actor/lib/test/auto/ConstraintMonitor7.xml (RunModel)" time="0.014" />
  <testcase classname="ptolemy.util.test.junit.AutoTests" name="[101] /home/travis/build/icyphy/ptII/ptolemy/actor/lib/test/auto/ConstraintMonitor8.xml (RunModel)" time="0.016" />
  <testcase classname="ptolemy.util.test.junit.AutoTests" name="[102] /home/travis/build/icyphy/ptII/ptolemy/actor/lib/test/auto/Counter.xml (RunModel)" time="0.012" />
  <testcase classname="ptolemy.util.test.junit.AutoTests" name="[103] /home/travis/build/icyphy/ptII/ptolemy/actor/lib/test/auto/CurrentTimeSDF.xml (RunModel)" time="0.012" />
  <testcase classname="ptolemy.util.test.junit.AutoTests" name="[104] /home/travis/build/icyphy/ptII/ptolemy/actor/lib/test/auto/DB.xml (RunModel)" time="0.011" />
  <testcase classname="ptolemy.util.test.junit.AutoTests" name="[105] /home/travis/build/icyphy/ptII/ptolemy/actor/lib/test/auto/DBDE.xml (RunModel)" time="0.017" />
  <testcase classname="ptolemy.util.test.junit.AutoTests" name="[106] /home/travis/build/icyphy/ptII/ptolemy/actor/lib/test/auto/DateConstructor.xml (RunModel)" time="0.067" />
  <testcase classname="ptolemy.util.test.junit.AutoTests" name="[107] /home/travis/build/icyphy/ptII/ptolemy/actor/lib/test/auto/DelayTime.xml (RunModel)" time="0.017" />
  <testcase classname="ptolemy.util.test.junit.AutoTests" name="[108] /home/travis/build/icyphy/ptII/ptolemy/actor/lib/test/auto/Dictionary1.xml (RunModel)" time="0.02" />
  <testcase classname="ptolemy.util.test.junit.AutoTests" name="[109] /home/travis/build/icyphy/ptII/ptolemy/actor/lib/test/auto/Dictionary2.xml (RunModel)" time="0.013" />
  <testcase classname="ptolemy.util.test.junit.AutoTests" name="[110] /home/travis/build/icyphy/ptII/ptolemy/actor/lib/test/auto/Dictionary3.xml (RunModel)" time="0.017" />
  <testcase classname="ptolemy.util.test.junit.AutoTests" name="[111] /home/travis/build/icyphy/ptII/ptolemy/actor/lib/test/auto/Dictionary4.xml (RunModel)" time="0.02" />
  <testcase classname="ptolemy.util.test.junit.AutoTests" name="[112] /home/travis/build/icyphy/ptII/ptolemy/actor/lib/test/auto/Differential.xml (RunModel)" time="0.012" />
  <testcase classname="ptolemy.util.test.junit.AutoTests" name="[113] /home/travis/build/icyphy/ptII/ptolemy/actor/lib/test/auto/Director.xml (RunModel)" time="0.013" />
  <testcase classname="ptolemy.util.test.junit.AutoTests" name="[114] /home/travis/build/icyphy/ptII/ptolemy/actor/lib/test/auto/DiscreteClock.xml (RunModel)" time="0.008" />
  <testcase classname="ptolemy.util.test.junit.AutoTests" name="[115] /home/travis/build/icyphy/ptII/ptolemy/actor/lib/test/auto/DiscreteClock10.xml (RunModel)" time="0.012" />
  <testcase classname="ptolemy.util.test.junit.AutoTests" name="[116] /home/travis/build/icyphy/ptII/ptolemy/actor/lib/test/auto/DiscreteClock11.xml (RunModel)" time="0.013" />
  <testcase classname="ptolemy.util.test.junit.AutoTests" name="[117] /home/travis/build/icyphy/ptII/ptolemy/actor/lib/test/auto/DiscreteClock12.xml (RunModel)" time="0.016" />
  <testcase classname="ptolemy.util.test.junit.AutoTests" name="[118] /home/travis/build/icyphy/ptII/ptolemy/actor/lib/test/auto/DiscreteClock13.xml (RunModel)" time="0.015" />
  <testcase classname="ptolemy.util.test.junit.AutoTests" name="[119] /home/travis/build/icyphy/ptII/ptolemy/actor/lib/test/auto/DiscreteClock14.xml (RunModel)" time="0.016" />
  <testcase classname="ptolemy.util.test.junit.AutoTests" name="[120] /home/travis/build/icyphy/ptII/ptolemy/actor/lib/test/auto/DiscreteClock15.xml (RunModel)" time="0.014" />
  <testcase classname="ptolemy.util.test.junit.AutoTests" name="[121] /home/travis/build/icyphy/ptII/ptolemy/actor/lib/test/auto/DiscreteClock16.xml (RunModel)" time="0.045" />
  <testcase classname="ptolemy.util.test.junit.AutoTests" name="[122] /home/travis/build/icyphy/ptII/ptolemy/actor/lib/test/auto/DiscreteClock17.xml (RunModel)" time="0.045" />
  <testcase classname="ptolemy.util.test.junit.AutoTests" name="[123] /home/travis/build/icyphy/ptII/ptolemy/actor/lib/test/auto/DiscreteClock18.xml (RunModel)" time="0.052" />
  <testcase classname="ptolemy.util.test.junit.AutoTests" name="[124] /home/travis/build/icyphy/ptII/ptolemy/actor/lib/test/auto/DiscreteClock19.xml (RunModel)" time="0.06" />
  <testcase classname="ptolemy.util.test.junit.AutoTests" name="[125] /home/travis/build/icyphy/ptII/ptolemy/actor/lib/test/auto/DiscreteClock2.xml (RunModel)" time="0.018" />
  <testcase classname="ptolemy.util.test.junit.AutoTests" name="[126] /home/travis/build/icyphy/ptII/ptolemy/actor/lib/test/auto/DiscreteClock20.xml (RunModel)" time="0.022" />
  <testcase classname="ptolemy.util.test.junit.AutoTests" name="[127] /home/travis/build/icyphy/ptII/ptolemy/actor/lib/test/auto/DiscreteClock21.xml (RunModel)" time="0.019" />
  <testcase classname="ptolemy.util.test.junit.AutoTests" name="[128] /home/travis/build/icyphy/ptII/ptolemy/actor/lib/test/auto/DiscreteClock22.xml (RunModel)" time="0.015" />
  <testcase classname="ptolemy.util.test.junit.AutoTests" name="[129] /home/travis/build/icyphy/ptII/ptolemy/actor/lib/test/auto/DiscreteClock23.xml (RunModel)" time="0.023" />
  <testcase classname="ptolemy.util.test.junit.AutoTests" name="[130] /home/travis/build/icyphy/ptII/ptolemy/actor/lib/test/auto/DiscreteClock24.xml (RunModel)" time="0.017" />
  <testcase classname="ptolemy.util.test.junit.AutoTests" name="[131] /home/travis/build/icyphy/ptII/ptolemy/actor/lib/test/auto/DiscreteClock4.xml (RunModel)" time="0.014" />
  <testcase classname="ptolemy.util.test.junit.AutoTests" name="[132] /home/travis/build/icyphy/ptII/ptolemy/actor/lib/test/auto/DiscreteClock5.xml (RunModel)" time="0.013" />
  <testcase classname="ptolemy.util.test.junit.AutoTests" name="[133] /home/travis/build/icyphy/ptII/ptolemy/actor/lib/test/auto/DiscreteClock6.xml (RunModel)" time="0.011" />
  <testcase classname="ptolemy.util.test.junit.AutoTests" name="[134] /home/travis/build/icyphy/ptII/ptolemy/actor/lib/test/auto/DiscreteClock7.xml (RunModel)" time="0.01" />
  <testcase classname="ptolemy.util.test.junit.AutoTests" name="[135] /home/travis/build/icyphy/ptII/ptolemy/actor/lib/test/auto/DiscreteClock8.xml (RunModel)" time="0.03" />
  <testcase classname="ptolemy.util.test.junit.AutoTests" name="[136] /home/travis/build/icyphy/ptII/ptolemy/actor/lib/test/auto/DiscreteClock9.xml (RunModel)" time="0.012" />
  <testcase classname="ptolemy.util.test.junit.AutoTests" name="[137] /home/travis/build/icyphy/ptII/ptolemy/actor/lib/test/auto/DisplayArray.xml (RunModel)" time="0.009" />
  <testcase classname="ptolemy.util.test.junit.AutoTests" name="[138] /home/travis/build/icyphy/ptII/ptolemy/actor/lib/test/auto/Distributor.xml (RunModel)" time="0.013" />
  <testcase classname="ptolemy.util.test.junit.AutoTests" name="[139] /home/travis/build/icyphy/ptII/ptolemy/actor/lib/test/auto/Distributor2.xml (RunModel)" time="0.009" />
  <testcase classname="ptolemy.util.test.junit.AutoTests" name="[140] /home/travis/build/icyphy/ptII/ptolemy/actor/lib/test/auto/DownSample.xml (RunModel)" time="0.009" />
  <testcase classname="ptolemy.util.test.junit.AutoTests" name="[141] /home/travis/build/icyphy/ptII/ptolemy/actor/lib/test/auto/ElectronicUnitBase1.xml (RunModel)" time="0.075" />
  <testcase classname="ptolemy.util.test.junit.AutoTests" name="[142] /home/travis/build/icyphy/ptII/ptolemy/actor/lib/test/auto/ElementsToArray.xml (RunModel)" time="0.011" />
  <testcase classname="ptolemy.util.test.junit.AutoTests" name="[143] /home/travis/build/icyphy/ptII/ptolemy/actor/lib/test/auto/Equals.xml (RunModel)" time="0.012" />
  <testcase classname="ptolemy.util.test.junit.AutoTests" name="[144] /home/travis/build/icyphy/ptII/ptolemy/actor/lib/test/auto/Exec.xml (RunModel)" time="0.03" />
  <testcase classname="ptolemy.util.test.junit.AutoTests" name="[145] /home/travis/build/icyphy/ptII/ptolemy/actor/lib/test/auto/ExecEnvironment.xml (RunModel)" time="0.033" />
  <testcase classname="ptolemy.util.test.junit.AutoTests" name="[146] /home/travis/build/icyphy/ptII/ptolemy/actor/lib/test/auto/ExecNonZeroReturnOutput.xml (RunModel)" time="0.193" />
  <testcase classname="ptolemy.util.test.junit.AutoTests" name="[147] /home/travis/build/icyphy/ptII/ptolemy/actor/lib/test/auto/ExecRunDemos.xml (RunModel)" time="10.798" />
  <testcase classname="ptolemy.util.test.junit.AutoTests" name="[148] /home/travis/build/icyphy/ptII/ptolemy/actor/lib/test/auto/ExecStop.xml (RunModel)" time="5.038" />
  <testcase classname="ptolemy.util.test.junit.AutoTests" name="[149] /home/travis/build/icyphy/ptII/ptolemy/actor/lib/test/auto/ExecutionTimeSDF.xml (RunModel)" time="6.042">
    <error type="java.lang.reflect.InvocationTargetException">java.lang.reflect.InvocationTargetException
	at jdk.internal.reflect.GeneratedConstructorAccessor36.newInstance(Unknown Source)
	at java.base/jdk.internal.reflect.DelegatingConstructorAccessorImpl.newInstance(DelegatingConstructorAccessorImpl.java:45)
	at java.base/java.lang.reflect.Constructor.newInstance(Constructor.java:490)
	at ptolemy.util.test.junit.AutoTests.RunModel(AutoTests.java:193)
	at jdk.internal.reflect.GeneratedMethodAccessor43.invoke(Unknown Source)
	at java.base/jdk.internal.reflect.DelegatingMethodAccessorImpl.invoke(DelegatingMethodAccessorImpl.java:43)
	at junitparams.internal.InvokeParameterisedMethod.evaluate(InvokeParameterisedMethod.java:102)
Caused by: ptolemy.kernel.util.IllegalActionException: Test fails in iteration 0.
Value was: 6001L. Should have been: 6000L
  in .ExecutionTimeSDF.NonStrictTest
	at ptolemy.actor.lib.NonStrictTest.postfire(NonStrictTest.java:328)
	at ptolemy.actor.AtomicActor.iterate(AtomicActor.java:518)
	at ptolemy.actor.sched.StaticSchedulingDirector.fire(StaticSchedulingDirector.java:216)
	at ptolemy.domains.sdf.kernel.SDFDirector.fire(SDFDirector.java:500)
	at ptolemy.actor.CompositeActor.fire(CompositeActor.java:455)
	at ptolemy.actor.Manager.iterate(Manager.java:851)
	at ptolemy.actor.Manager.execute(Manager.java:369)
	at ptolemy.actor.Manager.run(Manager.java:1263)
	at ptolemy.actor.Manager$PtolemyRunThread.run(Manager.java:1933)
</error>
  </testcase>
  <testcase classname="ptolemy.util.test.junit.AutoTests" name="[150] /home/travis/build/icyphy/ptII/ptolemy/actor/lib/test/auto/Expression1.xml (RunModel)" time="0.01" />
  <testcase classname="ptolemy.util.test.junit.AutoTests" name="[151] /home/travis/build/icyphy/ptII/ptolemy/actor/lib/test/auto/Expression10.xml (RunModel)" time="0.014" />
  <testcase classname="ptolemy.util.test.junit.AutoTests" name="[152] /home/travis/build/icyphy/ptII/ptolemy/actor/lib/test/auto/Expression11.xml (RunModel)" time="0.025" />
  <testcase classname="ptolemy.util.test.junit.AutoTests" name="[153] /home/travis/build/icyphy/ptII/ptolemy/actor/lib/test/auto/Expression12.xml (RunModel)" time="0.013" />
  <testcase classname="ptolemy.util.test.junit.AutoTests" name="[154] /home/travis/build/icyphy/ptII/ptolemy/actor/lib/test/auto/Expression13.xml (RunModel)" time="0.013" />
  <testcase classname="ptolemy.util.test.junit.AutoTests" name="[155] /home/travis/build/icyphy/ptII/ptolemy/actor/lib/test/auto/Expression14.xml (RunModel)" time="0.018" />
  <testcase classname="ptolemy.util.test.junit.AutoTests" name="[156] /home/travis/build/icyphy/ptII/ptolemy/actor/lib/test/auto/Expression15.xml (RunModel)" time="0.008" />
  <testcase classname="ptolemy.util.test.junit.AutoTests" name="[157] /home/travis/build/icyphy/ptII/ptolemy/actor/lib/test/auto/Expression16.xml (RunModel)" time="0.019" />
  <testcase classname="ptolemy.util.test.junit.AutoTests" name="[158] /home/travis/build/icyphy/ptII/ptolemy/actor/lib/test/auto/Expression17.xml (RunModel)" time="0.012" />
  <testcase classname="ptolemy.util.test.junit.AutoTests" name="[159] /home/travis/build/icyphy/ptII/ptolemy/actor/lib/test/auto/Expression18.xml (RunModel)" time="0.015" />
  <testcase classname="ptolemy.util.test.junit.AutoTests" name="[160] /home/travis/build/icyphy/ptII/ptolemy/actor/lib/test/auto/Expression2.xml (RunModel)" time="0.012" />
  <testcase classname="ptolemy.util.test.junit.AutoTests" name="[161] /home/travis/build/icyphy/ptII/ptolemy/actor/lib/test/auto/Expression3.xml (RunModel)" time="0.013" />
  <testcase classname="ptolemy.util.test.junit.AutoTests" name="[162] /home/travis/build/icyphy/ptII/ptolemy/actor/lib/test/auto/Expression4.xml (RunModel)" time="0.019" />
  <testcase classname="ptolemy.util.test.junit.AutoTests" name="[163] /home/travis/build/icyphy/ptII/ptolemy/actor/lib/test/auto/Expression5.xml (RunModel)" time="0.012" />
  <testcase classname="ptolemy.util.test.junit.AutoTests" name="[164] /home/travis/build/icyphy/ptII/ptolemy/actor/lib/test/auto/Expression6.xml (RunModel)" time="0.009" />
  <testcase classname="ptolemy.util.test.junit.AutoTests" name="[165] /home/travis/build/icyphy/ptII/ptolemy/actor/lib/test/auto/Expression7.xml (RunModel)" time="0.017" />
  <testcase classname="ptolemy.util.test.junit.AutoTests" name="[166] /home/travis/build/icyphy/ptII/ptolemy/actor/lib/test/auto/Expression8.xml (RunModel)" time="0.017" />
  <testcase classname="ptolemy.util.test.junit.AutoTests" name="[167] /home/travis/build/icyphy/ptII/ptolemy/actor/lib/test/auto/Expression9.xml (RunModel)" time="0.007" />
  <testcase classname="ptolemy.util.test.junit.AutoTests" name="[168] /home/travis/build/icyphy/ptII/ptolemy/actor/lib/test/auto/ExpressionConcatenateArrayType.xml (RunModel)" time="0.023" />
  <testcase classname="ptolemy.util.test.junit.AutoTests" name="[169] /home/travis/build/icyphy/ptII/ptolemy/actor/lib/test/auto/ExpressionConcatenateArrayType2.xml (RunModel)" time="0.016" />
  <testcase classname="ptolemy.util.test.junit.AutoTests" name="[170] /home/travis/build/icyphy/ptII/ptolemy/actor/lib/test/auto/ExpressionFix.xml (RunModel)" time="0.026" />
  <testcase classname="ptolemy.util.test.junit.AutoTests" name="[171] /home/travis/build/icyphy/ptII/ptolemy/actor/lib/test/auto/ExpressionFix2.xml (RunModel)" time="0.009" />
  <testcase classname="ptolemy.util.test.junit.AutoTests" name="[172] /home/travis/build/icyphy/ptII/ptolemy/actor/lib/test/auto/ExpressionFix3.xml (RunModel)" time="0.01" />
  <testcase classname="ptolemy.util.test.junit.AutoTests" name="[173] /home/travis/build/icyphy/ptII/ptolemy/actor/lib/test/auto/FileWriter1.xml (RunModel)" time="0.009" />
  <testcase classname="ptolemy.util.test.junit.AutoTests" name="[174] /home/travis/build/icyphy/ptII/ptolemy/actor/lib/test/auto/FileWriter2.xml (RunModel)" time="0.041" />
  <testcase classname="ptolemy.util.test.junit.AutoTests" name="[175] /home/travis/build/icyphy/ptII/ptolemy/actor/lib/test/auto/FileWriter3.xml (RunModel)" time="0.017" />
  <testcase classname="ptolemy.util.test.junit.AutoTests" name="[176] /home/travis/build/icyphy/ptII/ptolemy/actor/lib/test/auto/Gaussian.xml (RunModel)" time="0.01" />
  <testcase classname="ptolemy.util.test.junit.AutoTests" name="[177] /home/travis/build/icyphy/ptII/ptolemy/actor/lib/test/auto/Gaussian1.xml (RunModel)" time="0.012" />
  <testcase classname="ptolemy.util.test.junit.AutoTests" name="[178] /home/travis/build/icyphy/ptII/ptolemy/actor/lib/test/auto/Gaussian2.xml (RunModel)" time="0.021" />
  <testcase classname="ptolemy.util.test.junit.AutoTests" name="[179] /home/travis/build/icyphy/ptII/ptolemy/actor/lib/test/auto/GradientAdaptiveLattice.xml (RunModel)" time="0.022" />
  <testcase classname="ptolemy.util.test.junit.AutoTests" name="[180] /home/travis/build/icyphy/ptII/ptolemy/actor/lib/test/auto/IIR.xml (RunModel)" time="0.01" />
  <testcase classname="ptolemy.util.test.junit.AutoTests" name="[181] /home/travis/build/icyphy/ptII/ptolemy/actor/lib/test/auto/InputOutputTransparentPorts.xml (RunModel)" time="0.017" />
  <testcase classname="ptolemy.util.test.junit.AutoTests" name="[182] /home/travis/build/icyphy/ptII/ptolemy/actor/lib/test/auto/Interpolator.xml (RunModel)" time="0.011" />
  <testcase classname="ptolemy.util.test.junit.AutoTests" name="[183] /home/travis/build/icyphy/ptII/ptolemy/actor/lib/test/auto/InterpolatorFiringLimitDE.xml (RunModel)" time="0.013" />
  <testcase classname="ptolemy.util.test.junit.AutoTests" name="[184] /home/travis/build/icyphy/ptII/ptolemy/actor/lib/test/auto/Lattice.xml (RunModel)" time="0.008" />
  <testcase classname="ptolemy.util.test.junit.AutoTests" name="[185] /home/travis/build/icyphy/ptII/ptolemy/actor/lib/test/auto/LazyAOCTestLazy.xml (RunModel)" time="0.021" />
  <testcase classname="ptolemy.util.test.junit.AutoTests" name="[186] /home/travis/build/icyphy/ptII/ptolemy/actor/lib/test/auto/LazyAOCTestNonLazy.xml (RunModel)" time="0.046" />
  <testcase classname="ptolemy.util.test.junit.AutoTests" name="[187] /home/travis/build/icyphy/ptII/ptolemy/actor/lib/test/auto/LazyInnerClass.xml (RunModel)" time="0.034" />
  <testcase classname="ptolemy.util.test.junit.AutoTests" name="[188] /home/travis/build/icyphy/ptII/ptolemy/actor/lib/test/auto/LazyPubSub.xml (RunModel)" time="0.038" />
  <testcase classname="ptolemy.util.test.junit.AutoTests" name="[189] /home/travis/build/icyphy/ptII/ptolemy/actor/lib/test/auto/LazyPubSub2.xml (RunModel)" time="0.074" />
  <testcase classname="ptolemy.util.test.junit.AutoTests" name="[190] /home/travis/build/icyphy/ptII/ptolemy/actor/lib/test/auto/LazyPubSub3.xml (RunModel)" time="0.035" />
  <testcase classname="ptolemy.util.test.junit.AutoTests" name="[191] /home/travis/build/icyphy/ptII/ptolemy/actor/lib/test/auto/LazySubClassModel.xml (RunModel)" time="0.019" />
  <testcase classname="ptolemy.util.test.junit.AutoTests" name="[192] /home/travis/build/icyphy/ptII/ptolemy/actor/lib/test/auto/LevelCrossTest1.xml (RunModel)" time="0.009" />
  <testcase classname="ptolemy.util.test.junit.AutoTests" name="[193] /home/travis/build/icyphy/ptII/ptolemy/actor/lib/test/auto/LevelCrossTest10.xml (RunModel)" time="0.013" />
  <testcase classname="ptolemy.util.test.junit.AutoTests" name="[194] /home/travis/build/icyphy/ptII/ptolemy/actor/lib/test/auto/LevelCrossTest11.xml (RunModel)" time="0.012" />
  <testcase classname="ptolemy.util.test.junit.AutoTests" name="[195] /home/travis/build/icyphy/ptII/ptolemy/actor/lib/test/auto/LevelCrossTest12.xml (RunModel)" time="0.013" />
  <testcase classname="ptolemy.util.test.junit.AutoTests" name="[196] /home/travis/build/icyphy/ptII/ptolemy/actor/lib/test/auto/LevelCrossTest13.xml (RunModel)" time="0.013" />
  <testcase classname="ptolemy.util.test.junit.AutoTests" name="[197] /home/travis/build/icyphy/ptII/ptolemy/actor/lib/test/auto/LevelCrossTest2.xml (RunModel)" time="0.01" />
  <testcase classname="ptolemy.util.test.junit.AutoTests" name="[198] /home/travis/build/icyphy/ptII/ptolemy/actor/lib/test/auto/LevelCrossTest3.xml (RunModel)" time="0.011" />
  <testcase classname="ptolemy.util.test.junit.AutoTests" name="[199] /home/travis/build/icyphy/ptII/ptolemy/actor/lib/test/auto/LevelCrossTest4.xml (RunModel)" time="0.011" />
  <testcase classname="ptolemy.util.test.junit.AutoTests" name="[200] /home/travis/build/icyphy/ptII/ptolemy/actor/lib/test/auto/LevelCrossTest5.xml (RunModel)" time="0.014" />
  <testcase classname="ptolemy.util.test.junit.AutoTests" name="[201] /home/travis/build/icyphy/ptII/ptolemy/actor/lib/test/auto/LevelCrossTest6.xml (RunModel)" time="0.016" />
  <testcase classname="ptolemy.util.test.junit.AutoTests" name="[202] /home/travis/build/icyphy/ptII/ptolemy/actor/lib/test/auto/LevelCrossTest7.xml (RunModel)" time="0.015" />
  <testcase classname="ptolemy.util.test.junit.AutoTests" name="[203] /home/travis/build/icyphy/ptII/ptolemy/actor/lib/test/auto/LevelCrossTest8.xml (RunModel)" time="0.015" />
  <testcase classname="ptolemy.util.test.junit.AutoTests" name="[204] /home/travis/build/icyphy/ptII/ptolemy/actor/lib/test/auto/LevelCrossTest9.xml (RunModel)" time="0.014" />
  <testcase classname="ptolemy.util.test.junit.AutoTests" name="[205] /home/travis/build/icyphy/ptII/ptolemy/actor/lib/test/auto/LevinsonDurbin.xml (RunModel)" time="0.009" />
  <testcase classname="ptolemy.util.test.junit.AutoTests" name="[206] /home/travis/build/icyphy/ptII/ptolemy/actor/lib/test/auto/LevinsonDurbin2.xml (RunModel)" time="0.008" />
  <testcase classname="ptolemy.util.test.junit.AutoTests" name="[207] /home/travis/build/icyphy/ptII/ptolemy/actor/lib/test/auto/LevinsonDurbin3.xml (RunModel)" time="0.02" />
  <testcase classname="ptolemy.util.test.junit.AutoTests" name="[208] /home/travis/build/icyphy/ptII/ptolemy/actor/lib/test/auto/Limiter.xml (RunModel)" time="0.038" />
  <testcase classname="ptolemy.util.test.junit.AutoTests" name="[209] /home/travis/build/icyphy/ptII/ptolemy/actor/lib/test/auto/LinearDifferenceEquationSystem.xml (RunModel)" time="0.022" />
  <testcase classname="ptolemy.util.test.junit.AutoTests" name="[210] /home/travis/build/icyphy/ptII/ptolemy/actor/lib/test/auto/LookupTable.xml (RunModel)" time="0.014" />
  <testcase classname="ptolemy.util.test.junit.AutoTests" name="[211] /home/travis/build/icyphy/ptII/ptolemy/actor/lib/test/auto/MathFunction.xml (RunModel)" time="0.024" />
  <testcase classname="ptolemy.util.test.junit.AutoTests" name="[212] /home/travis/build/icyphy/ptII/ptolemy/actor/lib/test/auto/MathFunction2.xml (RunModel)" time="0.013" />
  <testcase classname="ptolemy.util.test.junit.AutoTests" name="[213] /home/travis/build/icyphy/ptII/ptolemy/actor/lib/test/auto/MathFunction3.xml (RunModel)" time="0.018" />
  <testcase classname="ptolemy.util.test.junit.AutoTests" name="[214] /home/travis/build/icyphy/ptII/ptolemy/actor/lib/test/auto/MatrixCropBoolean.xml (RunModel)" time="0.015" />
  <testcase classname="ptolemy.util.test.junit.AutoTests" name="[215] /home/travis/build/icyphy/ptII/ptolemy/actor/lib/test/auto/MatrixCropComplex.xml (RunModel)" time="0.011" />
  <testcase classname="ptolemy.util.test.junit.AutoTests" name="[216] /home/travis/build/icyphy/ptII/ptolemy/actor/lib/test/auto/MatrixCropDouble.xml (RunModel)" time="0.009" />
  <testcase classname="ptolemy.util.test.junit.AutoTests" name="[217] /home/travis/build/icyphy/ptII/ptolemy/actor/lib/test/auto/MatrixCropFix.xml (RunModel)" time="0.013" />
  <testcase classname="ptolemy.util.test.junit.AutoTests" name="[218] /home/travis/build/icyphy/ptII/ptolemy/actor/lib/test/auto/MatrixCropInt.xml (RunModel)" time="0.011" />
  <testcase classname="ptolemy.util.test.junit.AutoTests" name="[219] /home/travis/build/icyphy/ptII/ptolemy/actor/lib/test/auto/MatrixCropLong.xml (RunModel)" time="0.009" />
  <testcase classname="ptolemy.util.test.junit.AutoTests" name="[220] /home/travis/build/icyphy/ptII/ptolemy/actor/lib/test/auto/MatrixToArray.xml (RunModel)" time="0.05" />
  <testcase classname="ptolemy.util.test.junit.AutoTests" name="[221] /home/travis/build/icyphy/ptII/ptolemy/actor/lib/test/auto/MaxIndex.xml (RunModel)" time="0.012" />
  <testcase classname="ptolemy.util.test.junit.AutoTests" name="[222] /home/travis/build/icyphy/ptII/ptolemy/actor/lib/test/auto/Maximum.xml (RunModel)" time="0.012" />
  <testcase classname="ptolemy.util.test.junit.AutoTests" name="[223] /home/travis/build/icyphy/ptII/ptolemy/actor/lib/test/auto/MaximumComplex.xml (RunModel)" time="0.012" />
  <testcase classname="ptolemy.util.test.junit.AutoTests" name="[224] /home/travis/build/icyphy/ptII/ptolemy/actor/lib/test/auto/MethodCallTest.xml (RunModel)" time="0.017" />
  <testcase classname="ptolemy.util.test.junit.AutoTests" name="[225] /home/travis/build/icyphy/ptII/ptolemy/actor/lib/test/auto/Minimum.xml (RunModel)" time="0.051" />
  <testcase classname="ptolemy.util.test.junit.AutoTests" name="[226] /home/travis/build/icyphy/ptII/ptolemy/actor/lib/test/auto/MinimumComplex.xml (RunModel)" time="0.014" />
  <testcase classname="ptolemy.util.test.junit.AutoTests" name="[227] /home/travis/build/icyphy/ptII/ptolemy/actor/lib/test/auto/MinimumMultiports.xml (RunModel)" time="0.016" />
  <testcase classname="ptolemy.util.test.junit.AutoTests" name="[228] /home/travis/build/icyphy/ptII/ptolemy/actor/lib/test/auto/ModifyDate.xml (RunModel)" time="0.037" />
  <testcase classname="ptolemy.util.test.junit.AutoTests" name="[229] /home/travis/build/icyphy/ptII/ptolemy/actor/lib/test/auto/ModifyDate2.xml (RunModel)" time="0.028" />
  <testcase classname="ptolemy.util.test.junit.AutoTests" name="[230] /home/travis/build/icyphy/ptII/ptolemy/actor/lib/test/auto/MovingAverage.xml (RunModel)" time="0.011" />
  <testcase classname="ptolemy.util.test.junit.AutoTests" name="[231] /home/travis/build/icyphy/ptII/ptolemy/actor/lib/test/auto/MovingMaximum.xml (RunModel)" time="0.011" />
  <testcase classname="ptolemy.util.test.junit.AutoTests" name="[232] /home/travis/build/icyphy/ptII/ptolemy/actor/lib/test/auto/MultipleLinksToSameRelation.xml (RunModel)" time="0.008" />
  <testcase classname="ptolemy.util.test.junit.AutoTests" name="[233] /home/travis/build/icyphy/ptII/ptolemy/actor/lib/test/auto/MultipleLinksToSameRelationDE.xml (RunModel)" time="0.016" />
  <testcase classname="ptolemy.util.test.junit.AutoTests" name="[234] /home/travis/build/icyphy/ptII/ptolemy/actor/lib/test/auto/Multiplexor.xml (RunModel)" time="0.011" />
  <testcase classname="ptolemy.util.test.junit.AutoTests" name="[235] /home/travis/build/icyphy/ptII/ptolemy/actor/lib/test/auto/Multiplexor1.xml (RunModel)" time="0.012" />
  <testcase classname="ptolemy.util.test.junit.AutoTests" name="[236] /home/travis/build/icyphy/ptII/ptolemy/actor/lib/test/auto/Multiplexor2.xml (RunModel)" time="0.012" />
  <testcase classname="ptolemy.util.test.junit.AutoTests" name="[237] /home/travis/build/icyphy/ptII/ptolemy/actor/lib/test/auto/Multiplexor3.xml (RunModel)" time="0.009" />
  <testcase classname="ptolemy.util.test.junit.AutoTests" name="[238] /home/travis/build/icyphy/ptII/ptolemy/actor/lib/test/auto/MultiplexorDE.xml (RunModel)" time="0.025" />
  <testcase classname="ptolemy.util.test.junit.AutoTests" name="[239] /home/travis/build/icyphy/ptII/ptolemy/actor/lib/test/auto/MultiportBroadcastTest.xml (RunModel)" time="0.074" />
  <testcase classname="ptolemy.util.test.junit.AutoTests" name="[240] /home/travis/build/icyphy/ptII/ptolemy/actor/lib/test/auto/MultiportOutHangDuringGetWidth.xml (RunModel)" time="0.028" />
  <testcase classname="ptolemy.util.test.junit.AutoTests" name="[241] /home/travis/build/icyphy/ptII/ptolemy/actor/lib/test/auto/NilToken.xml (RunModel)" time="0.009" />
  <testcase classname="ptolemy.util.test.junit.AutoTests" name="[242] /home/travis/build/icyphy/ptII/ptolemy/actor/lib/test/auto/NilTokenNonStrictTest.xml (RunModel)" time="0.011" />
  <testcase classname="ptolemy.util.test.junit.AutoTests" name="[243] /home/travis/build/icyphy/ptII/ptolemy/actor/lib/test/auto/NilTokenRecord.xml (RunModel)" time="0.024" />
  <testcase classname="ptolemy.util.test.junit.AutoTests" name="[244] /home/travis/build/icyphy/ptII/ptolemy/actor/lib/test/auto/NilTokenTypeTest.xml (RunModel)" time="0.035" />
  <testcase classname="ptolemy.util.test.junit.AutoTests" name="[245] /home/travis/build/icyphy/ptII/ptolemy/actor/lib/test/auto/ObjectToken1.xml (RunModel)" time="0.008" />
  <testcase classname="ptolemy.util.test.junit.AutoTests" name="[246] /home/travis/build/icyphy/ptII/ptolemy/actor/lib/test/auto/OrderedMerge.xml (RunModel)" time="0.017" />
  <testcase classname="ptolemy.util.test.junit.AutoTests" name="[247] /home/travis/build/icyphy/ptII/ptolemy/actor/lib/test/auto/OrderedRecordDisassembler.xml (RunModel)" time="0.018" />
  <testcase classname="ptolemy.util.test.junit.AutoTests" name="[248] /home/travis/build/icyphy/ptII/ptolemy/actor/lib/test/auto/OrderedRecordDisassembler2.xml (RunModel)" time="0.019" />
  <testcase classname="ptolemy.util.test.junit.AutoTests" name="[249] /home/travis/build/icyphy/ptII/ptolemy/actor/lib/test/auto/OrderedRecordUpdater.xml (RunModel)" time="0.011" />
  <testcase classname="ptolemy.util.test.junit.AutoTests" name="[250] /home/travis/build/icyphy/ptII/ptolemy/actor/lib/test/auto/OrderedRecordUpdater2.xml (RunModel)" time="0.018" />
  <testcase classname="ptolemy.util.test.junit.AutoTests" name="[251] /home/travis/build/icyphy/ptII/ptolemy/actor/lib/test/auto/PhaseUnwrap.xml (RunModel)" time="0.012" />
  <testcase classname="ptolemy.util.test.junit.AutoTests" name="[252] /home/travis/build/icyphy/ptII/ptolemy/actor/lib/test/auto/PoissonClock.xml (RunModel)" time="0.011" />
  <testcase classname="ptolemy.util.test.junit.AutoTests" name="[253] /home/travis/build/icyphy/ptII/ptolemy/actor/lib/test/auto/PoissonClock2.xml (RunModel)" time="0.007" />
  <testcase classname="ptolemy.util.test.junit.AutoTests" name="[254] /home/travis/build/icyphy/ptII/ptolemy/actor/lib/test/auto/PoissonClock3.xml (RunModel)" time="0.022" />
  <testcase classname="ptolemy.util.test.junit.AutoTests" name="[255] /home/travis/build/icyphy/ptII/ptolemy/actor/lib/test/auto/PubSubWithInitialTokens.xml (RunModel)" time="0.012" />
  <testcase classname="ptolemy.util.test.junit.AutoTests" name="[256] /home/travis/build/icyphy/ptII/ptolemy/actor/lib/test/auto/PubSubWithInitialTokens2.xml (RunModel)" time="0.013" />
  <testcase classname="ptolemy.util.test.junit.AutoTests" name="[257] /home/travis/build/icyphy/ptII/ptolemy/actor/lib/test/auto/PublisherClassNoParameter.xml (RunModel)" time="0.026" />
  <testcase classname="ptolemy.util.test.junit.AutoTests" name="[258] /home/travis/build/icyphy/ptII/ptolemy/actor/lib/test/auto/PublisherClassParameter.xml (RunModel)" time="0.02" />
  <testcase classname="ptolemy.util.test.junit.AutoTests" name="[259] /home/travis/build/icyphy/ptII/ptolemy/actor/lib/test/auto/PublisherNonStrictTest.xml (RunModel)" time="0.016" />
  <testcase classname="ptolemy.util.test.junit.AutoTests" name="[260] /home/travis/build/icyphy/ptII/ptolemy/actor/lib/test/auto/PublisherPort1.xml (RunModel)" time="0.01" />
  <testcase classname="ptolemy.util.test.junit.AutoTests" name="[261] /home/travis/build/icyphy/ptII/ptolemy/actor/lib/test/auto/PublisherPort2.xml (RunModel)" time="0.02" />
  <testcase classname="ptolemy.util.test.junit.AutoTests" name="[262] /home/travis/build/icyphy/ptII/ptolemy/actor/lib/test/auto/PublisherPort3.xml (RunModel)" time="0.013" />
  <testcase classname="ptolemy.util.test.junit.AutoTests" name="[263] /home/travis/build/icyphy/ptII/ptolemy/actor/lib/test/auto/PublisherPort4.xml (RunModel)" time="0.012" />
  <testcase classname="ptolemy.util.test.junit.AutoTests" name="[264] /home/travis/build/icyphy/ptII/ptolemy/actor/lib/test/auto/PublisherPort5.xml (RunModel)" time="0.014" />
  <testcase classname="ptolemy.util.test.junit.AutoTests" name="[265] /home/travis/build/icyphy/ptII/ptolemy/actor/lib/test/auto/PublisherPort5LookAlike.xml (RunModel)" time="0.018" />
  <testcase classname="ptolemy.util.test.junit.AutoTests" name="[266] /home/travis/build/icyphy/ptII/ptolemy/actor/lib/test/auto/PublisherPort6.xml (RunModel)" time="0.011" />
  <testcase classname="ptolemy.util.test.junit.AutoTests" name="[267] /home/travis/build/icyphy/ptII/ptolemy/actor/lib/test/auto/PublisherPort7.xml (RunModel)" time="0.015" />
  <testcase classname="ptolemy.util.test.junit.AutoTests" name="[268] /home/travis/build/icyphy/ptII/ptolemy/actor/lib/test/auto/PublisherPort8.xml (RunModel)" time="0.022" />
  <testcase classname="ptolemy.util.test.junit.AutoTests" name="[269] /home/travis/build/icyphy/ptII/ptolemy/actor/lib/test/auto/PublisherPortSubscriberChannelVariablesAOC2.xml (RunModel)" time="0.03" />
  <testcase classname="ptolemy.util.test.junit.AutoTests" name="[270] /home/travis/build/icyphy/ptII/ptolemy/actor/lib/test/auto/PublisherPortSubscriberOpaqueWidthInference.xml (RunModel)" time="0.015" />
  <testcase classname="ptolemy.util.test.junit.AutoTests" name="[271] /home/travis/build/icyphy/ptII/ptolemy/actor/lib/test/auto/PublisherPortSubscriberPortAdjacent.xml (RunModel)" time="0.018" />
  <testcase classname="ptolemy.util.test.junit.AutoTests" name="[272] /home/travis/build/icyphy/ptII/ptolemy/actor/lib/test/auto/PublisherPortSubscriberPortExpression.xml (RunModel)" time="0.018" />
  <testcase classname="ptolemy.util.test.junit.AutoTests" name="[273] /home/travis/build/icyphy/ptII/ptolemy/actor/lib/test/auto/PublisherPortSubscriberPortOpaqueD3Reverse.xml (RunModel)" time="0.064" />
  <testcase classname="ptolemy.util.test.junit.AutoTests" name="[274] /home/travis/build/icyphy/ptII/ptolemy/actor/lib/test/auto/PublisherPortSubscriberPortOpaqueWidthInference.xml (RunModel)" time="0.017" />
  <testcase classname="ptolemy.util.test.junit.AutoTests" name="[275] /home/travis/build/icyphy/ptII/ptolemy/actor/lib/test/auto/PublisherPortToplevelSubscriberPortAOC.xml (RunModel)" time="0.009" />
  <testcase classname="ptolemy.util.test.junit.AutoTests" name="[276] /home/travis/build/icyphy/ptII/ptolemy/actor/lib/test/auto/PublisherSubscriber.xml (RunModel)" time="0.012" />
  <testcase classname="ptolemy.util.test.junit.AutoTests" name="[277] /home/travis/build/icyphy/ptII/ptolemy/actor/lib/test/auto/PublisherSubscriber10.xml (RunModel)" time="0.019" />
  <testcase classname="ptolemy.util.test.junit.AutoTests" name="[278] /home/travis/build/icyphy/ptII/ptolemy/actor/lib/test/auto/PublisherSubscriber10InitialOutputs.xml (RunModel)" time="0.018" />
  <testcase classname="ptolemy.util.test.junit.AutoTests" name="[279] /home/travis/build/icyphy/ptII/ptolemy/actor/lib/test/auto/PublisherSubscriber11.xml (RunModel)" time="0.011" />
  <testcase classname="ptolemy.util.test.junit.AutoTests" name="[280] /home/travis/build/icyphy/ptII/ptolemy/actor/lib/test/auto/PublisherSubscriber12.xml (RunModel)" time="0.011" />
  <testcase classname="ptolemy.util.test.junit.AutoTests" name="[281] /home/travis/build/icyphy/ptII/ptolemy/actor/lib/test/auto/PublisherSubscriber13.xml (RunModel)" time="0.009" />
  <testcase classname="ptolemy.util.test.junit.AutoTests" name="[282] /home/travis/build/icyphy/ptII/ptolemy/actor/lib/test/auto/PublisherSubscriber14.xml (RunModel)" time="0.018" />
  <testcase classname="ptolemy.util.test.junit.AutoTests" name="[283] /home/travis/build/icyphy/ptII/ptolemy/actor/lib/test/auto/PublisherSubscriber2.xml (RunModel)" time="0.008" />
  <testcase classname="ptolemy.util.test.junit.AutoTests" name="[284] /home/travis/build/icyphy/ptII/ptolemy/actor/lib/test/auto/PublisherSubscriber3.xml (RunModel)" time="0.009" />
  <testcase classname="ptolemy.util.test.junit.AutoTests" name="[285] /home/travis/build/icyphy/ptII/ptolemy/actor/lib/test/auto/PublisherSubscriber4.xml (RunModel)" time="0.008" />
  <testcase classname="ptolemy.util.test.junit.AutoTests" name="[286] /home/travis/build/icyphy/ptII/ptolemy/actor/lib/test/auto/PublisherSubscriber5.xml (RunModel)" time="0.011" />
  <testcase classname="ptolemy.util.test.junit.AutoTests" name="[287] /home/travis/build/icyphy/ptII/ptolemy/actor/lib/test/auto/PublisherSubscriber6.xml (RunModel)" time="0.012" />
  <testcase classname="ptolemy.util.test.junit.AutoTests" name="[288] /home/travis/build/icyphy/ptII/ptolemy/actor/lib/test/auto/PublisherSubscriber7.xml (RunModel)" time="0.012" />
  <testcase classname="ptolemy.util.test.junit.AutoTests" name="[289] /home/travis/build/icyphy/ptII/ptolemy/actor/lib/test/auto/PublisherSubscriber8.xml (RunModel)" time="0.036" />
  <testcase classname="ptolemy.util.test.junit.AutoTests" name="[290] /home/travis/build/icyphy/ptII/ptolemy/actor/lib/test/auto/PublisherSubscriber9.xml (RunModel)" time="0.016" />
  <testcase classname="ptolemy.util.test.junit.AutoTests" name="[291] /home/travis/build/icyphy/ptII/ptolemy/actor/lib/test/auto/PublisherSubscriberAdjacent.xml (RunModel)" time="0.016" />
  <testcase classname="ptolemy.util.test.junit.AutoTests" name="[292] /home/travis/build/icyphy/ptII/ptolemy/actor/lib/test/auto/PublisherSubscriberChannelVariablesAOC2.xml (RunModel)" time="0.024" />
  <testcase classname="ptolemy.util.test.junit.AutoTests" name="[293] /home/travis/build/icyphy/ptII/ptolemy/actor/lib/test/auto/PublisherSubscriberD3.xml (RunModel)" time="0.011" />
  <testcase classname="ptolemy.util.test.junit.AutoTests" name="[294] /home/travis/build/icyphy/ptII/ptolemy/actor/lib/test/auto/PublisherSubscriberD3Reverse.xml (RunModel)" time="0.011" />
  <testcase classname="ptolemy.util.test.junit.AutoTests" name="[295] /home/travis/build/icyphy/ptII/ptolemy/actor/lib/test/auto/PublisherSubscriberExpression.xml (RunModel)" time="0.015" />
  <testcase classname="ptolemy.util.test.junit.AutoTests" name="[296] /home/travis/build/icyphy/ptII/ptolemy/actor/lib/test/auto/PublisherSubscriberOpaque.xml (RunModel)" time="0.014" />
  <testcase classname="ptolemy.util.test.junit.AutoTests" name="[297] /home/travis/build/icyphy/ptII/ptolemy/actor/lib/test/auto/PublisherSubscriberOpaqueD3.xml (RunModel)" time="0.02" />
  <testcase classname="ptolemy.util.test.junit.AutoTests" name="[298] /home/travis/build/icyphy/ptII/ptolemy/actor/lib/test/auto/PublisherSubscriberOpaqueD3Reverse.xml (RunModel)" time="0.017" />
  <testcase classname="ptolemy.util.test.junit.AutoTests" name="[299] /home/travis/build/icyphy/ptII/ptolemy/actor/lib/test/auto/PublisherSubscriberOpaqueWidthInference.xml (RunModel)" time="0.015" />
  <testcase classname="ptolemy.util.test.junit.AutoTests" name="[300] /home/travis/build/icyphy/ptII/ptolemy/actor/lib/test/auto/PublisherTestSubscriber.xml (RunModel)" time="0.015" />
  <testcase classname="ptolemy.util.test.junit.AutoTests" name="[301] /home/travis/build/icyphy/ptII/ptolemy/actor/lib/test/auto/PublisherToplevelSubscriberPortAOC.xml (RunModel)" time="0.011" />
  <testcase classname="ptolemy.util.test.junit.AutoTests" name="[302] /home/travis/build/icyphy/ptII/ptolemy/actor/lib/test/auto/PulseFiringLimitDE.xml (RunModel)" time="0.013" />
  <testcase classname="ptolemy.util.test.junit.AutoTests" name="[303] /home/travis/build/icyphy/ptII/ptolemy/actor/lib/test/auto/Ramp1.xml (RunModel)" time="0.006" />
  <testcase classname="ptolemy.util.test.junit.AutoTests" name="[304] /home/travis/build/icyphy/ptII/ptolemy/actor/lib/test/auto/RampFiringLimitDE.xml (RunModel)" time="0.011" />
  <testcase classname="ptolemy.util.test.junit.AutoTests" name="[305] /home/travis/build/icyphy/ptII/ptolemy/actor/lib/test/auto/RampFiringLimitSDF.xml (RunModel)" time="0.01" />
  <testcase classname="ptolemy.util.test.junit.AutoTests" name="[306] /home/travis/build/icyphy/ptII/ptolemy/actor/lib/test/auto/RandomInteger.xml (RunModel)" time="0.009" />
  <testcase classname="ptolemy.util.test.junit.AutoTests" name="[307] /home/travis/build/icyphy/ptII/ptolemy/actor/lib/test/auto/ReadFile1.xml (RunModel)" time="0.007" />
  <testcase classname="ptolemy.util.test.junit.AutoTests" name="[308] /home/travis/build/icyphy/ptII/ptolemy/actor/lib/test/auto/ReadFile2.xml (RunModel)" time="0.007" />
  <testcase classname="ptolemy.util.test.junit.AutoTests" name="[309] /home/travis/build/icyphy/ptII/ptolemy/actor/lib/test/auto/Reader.xml (RunModel)" time="0.012" />
  <testcase classname="ptolemy.util.test.junit.AutoTests" name="[310] /home/travis/build/icyphy/ptII/ptolemy/actor/lib/test/auto/RecordAssemblerDisplayNameTest.xml (RunModel)" time="3.347" />
  <testcase classname="ptolemy.util.test.junit.AutoTests" name="[311] /home/travis/build/icyphy/ptII/ptolemy/actor/lib/test/auto/RecordAssemblerTypeError.xml (RunModel)" time="0.025" />
  <testcase classname="ptolemy.util.test.junit.AutoTests" name="[312] /home/travis/build/icyphy/ptII/ptolemy/actor/lib/test/auto/RecordDisassember.xml (RunModel)" time="0.015" />
  <testcase classname="ptolemy.util.test.junit.AutoTests" name="[313] /home/travis/build/icyphy/ptII/ptolemy/actor/lib/test/auto/RecordDisassemberDisplayNameTest.xml (RunModel)" time="0.017" />
  <testcase classname="ptolemy.util.test.junit.AutoTests" name="[314] /home/travis/build/icyphy/ptII/ptolemy/actor/lib/test/auto/RecordDisassembler.xml (RunModel)" time="0.008" />
  <testcase classname="ptolemy.util.test.junit.AutoTests" name="[315] /home/travis/build/icyphy/ptII/ptolemy/actor/lib/test/auto/RecordDisassembler2.xml (RunModel)" time="0.015" />
  <testcase classname="ptolemy.util.test.junit.AutoTests" name="[316] /home/travis/build/icyphy/ptII/ptolemy/actor/lib/test/auto/RecordUpdater.xml (RunModel)" time="0.012" />
  <testcase classname="ptolemy.util.test.junit.AutoTests" name="[317] /home/travis/build/icyphy/ptII/ptolemy/actor/lib/test/auto/RecordUpdater2.xml (RunModel)" time="0.008" />
  <testcase classname="ptolemy.util.test.junit.AutoTests" name="[318] /home/travis/build/icyphy/ptII/ptolemy/actor/lib/test/auto/RecursiveLattice.xml (RunModel)" time="0.008" />
  <testcase classname="ptolemy.util.test.junit.AutoTests" name="[319] /home/travis/build/icyphy/ptII/ptolemy/actor/lib/test/auto/Router.xml (RunModel)" time="3.025" />
  <testcase classname="ptolemy.util.test.junit.AutoTests" name="[320] /home/travis/build/icyphy/ptII/ptolemy/actor/lib/test/auto/Router2.xml (RunModel)" time="3.036" />
  <testcase classname="ptolemy.util.test.junit.AutoTests" name="[321] /home/travis/build/icyphy/ptII/ptolemy/actor/lib/test/auto/RunningMaximum.xml (RunModel)" time="0.022" />
  <testcase classname="ptolemy.util.test.junit.AutoTests" name="[322] /home/travis/build/icyphy/ptII/ptolemy/actor/lib/test/auto/RunningMinimum.xml (RunModel)" time="0.018" />
  <testcase classname="ptolemy.util.test.junit.AutoTests" name="[323] /home/travis/build/icyphy/ptII/ptolemy/actor/lib/test/auto/Scale.xml (RunModel)" time="0.008" />
  <testcase classname="ptolemy.util.test.junit.AutoTests" name="[324] /home/travis/build/icyphy/ptII/ptolemy/actor/lib/test/auto/Scale2.xml (RunModel)" time="0.01" />
  <testcase classname="ptolemy.util.test.junit.AutoTests" name="[325] /home/travis/build/icyphy/ptII/ptolemy/actor/lib/test/auto/Scale3.xml (RunModel)" time="0.019" />
  <testcase classname="ptolemy.util.test.junit.AutoTests" name="[326] /home/travis/build/icyphy/ptII/ptolemy/actor/lib/test/auto/ScaleArray.xml (RunModel)" time="0.009" />
  <testcase classname="ptolemy.util.test.junit.AutoTests" name="[327] /home/travis/build/icyphy/ptII/ptolemy/actor/lib/test/auto/ScaleArray2.xml (RunModel)" time="0.008" />
  <testcase classname="ptolemy.util.test.junit.AutoTests" name="[328] /home/travis/build/icyphy/ptII/ptolemy/actor/lib/test/auto/ScaleMatrix.xml (RunModel)" time="0.146" />
  <testcase classname="ptolemy.util.test.junit.AutoTests" name="[329] /home/travis/build/icyphy/ptII/ptolemy/actor/lib/test/auto/Select.xml (RunModel)" time="0.019" />
  <testcase classname="ptolemy.util.test.junit.AutoTests" name="[330] /home/travis/build/icyphy/ptII/ptolemy/actor/lib/test/auto/Select2.xml (RunModel)" time="0.009" />
  <testcase classname="ptolemy.util.test.junit.AutoTests" name="[331] /home/travis/build/icyphy/ptII/ptolemy/actor/lib/test/auto/SequenceToArray2.xml (RunModel)" time="0.193" />
  <testcase classname="ptolemy.util.test.junit.AutoTests" name="[332] /home/travis/build/icyphy/ptII/ptolemy/actor/lib/test/auto/SequentialClock.xml (RunModel)" time="0.013" />
  <testcase classname="ptolemy.util.test.junit.AutoTests" name="[333] /home/travis/build/icyphy/ptII/ptolemy/actor/lib/test/auto/SetVariable.xml (RunModel)" time="0.011" />
  <testcase classname="ptolemy.util.test.junit.AutoTests" name="[334] /home/travis/build/icyphy/ptII/ptolemy/actor/lib/test/auto/SetVariable2.xml (RunModel)" time="0.012" />
  <testcase classname="ptolemy.util.test.junit.AutoTests" name="[335] /home/travis/build/icyphy/ptII/ptolemy/actor/lib/test/auto/SetVariable3.xml (RunModel)" time="0.019" />
  <testcase classname="ptolemy.util.test.junit.AutoTests" name="[336] /home/travis/build/icyphy/ptII/ptolemy/actor/lib/test/auto/SetVariable4.xml (RunModel)" time="0.024" />
  <testcase classname="ptolemy.util.test.junit.AutoTests" name="[337] /home/travis/build/icyphy/ptII/ptolemy/actor/lib/test/auto/SetVariable5.xml (RunModel)" time="0.037" />
  <testcase classname="ptolemy.util.test.junit.AutoTests" name="[338] /home/travis/build/icyphy/ptII/ptolemy/actor/lib/test/auto/Sinewave.xml (RunModel)" time="0.029" />
  <testcase classname="ptolemy.util.test.junit.AutoTests" name="[339] /home/travis/build/icyphy/ptII/ptolemy/actor/lib/test/auto/Sinewave2.xml (RunModel)" time="0.017" />
  <testcase classname="ptolemy.util.test.junit.AutoTests" name="[340] /home/travis/build/icyphy/ptII/ptolemy/actor/lib/test/auto/Sinewave3.xml (RunModel)" time="0.02" />
  <testcase classname="ptolemy.util.test.junit.AutoTests" name="[341] /home/travis/build/icyphy/ptII/ptolemy/actor/lib/test/auto/SingleEvent.xml (RunModel)" time="0.006" />
  <testcase classname="ptolemy.util.test.junit.AutoTests" name="[342] /home/travis/build/icyphy/ptII/ptolemy/actor/lib/test/auto/Sleep.xml (RunModel)" time="6.018" />
  <testcase classname="ptolemy.util.test.junit.AutoTests" name="[343] /home/travis/build/icyphy/ptII/ptolemy/actor/lib/test/auto/SleepMultipleFire.xml (RunModel)" time="1.026" />
  <testcase classname="ptolemy.util.test.junit.AutoTests" name="[344] /home/travis/build/icyphy/ptII/ptolemy/actor/lib/test/auto/StopDE.xml (RunModel)" time="0.015" />
  <testcase classname="ptolemy.util.test.junit.AutoTests" name="[345] /home/travis/build/icyphy/ptII/ptolemy/actor/lib/test/auto/StopSDF.xml (RunModel)" time="0.011" />
  <testcase classname="ptolemy.util.test.junit.AutoTests" name="[346] /home/travis/build/icyphy/ptII/ptolemy/actor/lib/test/auto/StringConstant.xml (RunModel)" time="0.018" />
  <testcase classname="ptolemy.util.test.junit.AutoTests" name="[347] /home/travis/build/icyphy/ptII/ptolemy/actor/lib/test/auto/SubscriberPortInitialValues1.xml (RunModel)" time="0.022" />
  <testcase classname="ptolemy.util.test.junit.AutoTests" name="[348] /home/travis/build/icyphy/ptII/ptolemy/actor/lib/test/auto/SubscriberPortInitialValues13.xml (RunModel)" time="0.03" />
  <testcase classname="ptolemy.util.test.junit.AutoTests" name="[349] /home/travis/build/icyphy/ptII/ptolemy/actor/lib/test/auto/SubscriberPortInitialValues14.xml (RunModel)" time="0.015" />
  <testcase classname="ptolemy.util.test.junit.AutoTests" name="[350] /home/travis/build/icyphy/ptII/ptolemy/actor/lib/test/auto/SubscriberPortInitialValues2.xml (RunModel)" time="0.015" />
  <testcase classname="ptolemy.util.test.junit.AutoTests" name="[351] /home/travis/build/icyphy/ptII/ptolemy/actor/lib/test/auto/SubscriberPortInitialValues3.xml (RunModel)" time="0.019" />
  <testcase classname="ptolemy.util.test.junit.AutoTests" name="[352] /home/travis/build/icyphy/ptII/ptolemy/actor/lib/test/auto/SubscriptionAggregator.xml (RunModel)" time="0.011" />
  <testcase classname="ptolemy.util.test.junit.AutoTests" name="[353] /home/travis/build/icyphy/ptII/ptolemy/actor/lib/test/auto/SubscriptionAggregator2.xml (RunModel)" time="0.012" />
  <testcase classname="ptolemy.util.test.junit.AutoTests" name="[354] /home/travis/build/icyphy/ptII/ptolemy/actor/lib/test/auto/SubscriptionAggregator3.xml (RunModel)" time="0.016" />
  <testcase classname="ptolemy.util.test.junit.AutoTests" name="[355] /home/travis/build/icyphy/ptII/ptolemy/actor/lib/test/auto/SubscriptionAggregatorMultiply.xml (RunModel)" time="0.015" />
  <testcase classname="ptolemy.util.test.junit.AutoTests" name="[356] /home/travis/build/icyphy/ptII/ptolemy/actor/lib/test/auto/SubscriptionAggregatorPortMultiply1.xml (RunModel)" time="0.013" />
  <testcase classname="ptolemy.util.test.junit.AutoTests" name="[357] /home/travis/build/icyphy/ptII/ptolemy/actor/lib/test/auto/Switch.xml (RunModel)" time="0.02" />
  <testcase classname="ptolemy.util.test.junit.AutoTests" name="[358] /home/travis/build/icyphy/ptII/ptolemy/actor/lib/test/auto/Switch2.xml (RunModel)" time="0.01" />
  <testcase classname="ptolemy.util.test.junit.AutoTests" name="[359] /home/travis/build/icyphy/ptII/ptolemy/actor/lib/test/auto/SwitchDE.xml (RunModel)" time="0.013" />
  <testcase classname="ptolemy.util.test.junit.AutoTests" name="[360] /home/travis/build/icyphy/ptII/ptolemy/actor/lib/test/auto/SynchronizerDE.xml (RunModel)" time="0.022" />
  <testcase classname="ptolemy.util.test.junit.AutoTests" name="[361] /home/travis/build/icyphy/ptII/ptolemy/actor/lib/test/auto/Test.xml (RunModel)" time="0.01" />
  <testcase classname="ptolemy.util.test.junit.AutoTests" name="[362] /home/travis/build/icyphy/ptII/ptolemy/actor/lib/test/auto/TestExceptionAttribute1.xml (RunModel)" time="0.008" />
  <testcase classname="ptolemy.util.test.junit.AutoTests" name="[363] /home/travis/build/icyphy/ptII/ptolemy/actor/lib/test/auto/TestExceptionAttribute2.xml (RunModel)" time="0.008" />
  <testcase classname="ptolemy.util.test.junit.AutoTests" name="[364] /home/travis/build/icyphy/ptII/ptolemy/actor/lib/test/auto/TestExceptionAttribute3.xml (RunModel)" time="0.011" />
  <testcase classname="ptolemy.util.test.junit.AutoTests" name="[365] /home/travis/build/icyphy/ptII/ptolemy/actor/lib/test/auto/TestExceptionAttribute4.xml (RunModel)" time="0.007" />
  <testcase classname="ptolemy.util.test.junit.AutoTests" name="[366] /home/travis/build/icyphy/ptII/ptolemy/actor/lib/test/auto/TestExceptionHandler1.xml (RunModel)" time="0.005" />
  <testcase classname="ptolemy.util.test.junit.AutoTests" name="[367] /home/travis/build/icyphy/ptII/ptolemy/actor/lib/test/auto/TestExceptionHandler2.xml (RunModel)" time="0.009" />
  <testcase classname="ptolemy.util.test.junit.AutoTests" name="[368] /home/travis/build/icyphy/ptII/ptolemy/actor/lib/test/auto/TestExceptionHandler3.xml (RunModel)" time="0.012" />
  <testcase classname="ptolemy.util.test.junit.AutoTests" name="[369] /home/travis/build/icyphy/ptII/ptolemy/actor/lib/test/auto/TestExceptionHandler4.xml (RunModel)" time="0.006" />
  <testcase classname="ptolemy.util.test.junit.AutoTests" name="[370] /home/travis/build/icyphy/ptII/ptolemy/actor/lib/test/auto/TestRequireCorrectOrder.xml (RunModel)" time="0.015" />
  <testcase classname="ptolemy.util.test.junit.AutoTests" name="[371] /home/travis/build/icyphy/ptII/ptolemy/actor/lib/test/auto/TestSimple.xml (RunModel)" time="0.011" />
  <testcase classname="ptolemy.util.test.junit.AutoTests" name="[372] /home/travis/build/icyphy/ptII/ptolemy/actor/lib/test/auto/ThrowModelError.xml (RunModel)" time="0.011" />
  <testcase classname="ptolemy.util.test.junit.AutoTests" name="[373] /home/travis/build/icyphy/ptII/ptolemy/actor/lib/test/auto/TimeDelayMicrosteps.xml (RunModel)" time="0.015" />
  <testcase classname="ptolemy.util.test.junit.AutoTests" name="[374] /home/travis/build/icyphy/ptII/ptolemy/actor/lib/test/auto/TimeDelayMicrosteps2.xml (RunModel)" time="0.014" />
  <testcase classname="ptolemy.util.test.junit.AutoTests" name="[375] /home/travis/build/icyphy/ptII/ptolemy/actor/lib/test/auto/TimeDelayMicrosteps3.xml (RunModel)" time="0.014" />
  <testcase classname="ptolemy.util.test.junit.AutoTests" name="[376] /home/travis/build/icyphy/ptII/ptolemy/actor/lib/test/auto/TimeDelayVariableMicrosteps.xml (RunModel)" time="0.012" />
  <testcase classname="ptolemy.util.test.junit.AutoTests" name="[377] /home/travis/build/icyphy/ptII/ptolemy/actor/lib/test/auto/TimeGap.xml (RunModel)" time="0.015" />
  <testcase classname="ptolemy.util.test.junit.AutoTests" name="[378] /home/travis/build/icyphy/ptII/ptolemy/actor/lib/test/auto/TimeGap2.xml (RunModel)" time="0.01" />
  <testcase classname="ptolemy.util.test.junit.AutoTests" name="[379] /home/travis/build/icyphy/ptII/ptolemy/actor/lib/test/auto/TimedSinewave.xml (RunModel)" time="0.077" />
  <testcase classname="ptolemy.util.test.junit.AutoTests" name="[380] /home/travis/build/icyphy/ptII/ptolemy/actor/lib/test/auto/TimedSinewavePhase.xml (RunModel)" time="0.029" />
  <testcase classname="ptolemy.util.test.junit.AutoTests" name="[381] /home/travis/build/icyphy/ptII/ptolemy/actor/lib/test/auto/Timer.xml (RunModel)" time="0.016" />
  <testcase classname="ptolemy.util.test.junit.AutoTests" name="[382] /home/travis/build/icyphy/ptII/ptolemy/actor/lib/test/auto/TriangularDistTestModel.xml (RunModel)" time="0.02" />
  <testcase classname="ptolemy.util.test.junit.AutoTests" name="[383] /home/travis/build/icyphy/ptII/ptolemy/actor/lib/test/auto/TrigFunction.xml (RunModel)" time="0.007" />
  <testcase classname="ptolemy.util.test.junit.AutoTests" name="[384] /home/travis/build/icyphy/ptII/ptolemy/actor/lib/test/auto/TrigFunctionDE.xml (RunModel)" time="0.01" />
  <testcase classname="ptolemy.util.test.junit.AutoTests" name="[385] /home/travis/build/icyphy/ptII/ptolemy/actor/lib/test/auto/TrigFunctionInverse.xml (RunModel)" time="0.008" />
  <testcase classname="ptolemy.util.test.junit.AutoTests" name="[386] /home/travis/build/icyphy/ptII/ptolemy/actor/lib/test/auto/TrigFunctionTan.xml (RunModel)" time="0.006" />
  <testcase classname="ptolemy.util.test.junit.AutoTests" name="[387] /home/travis/build/icyphy/ptII/ptolemy/actor/lib/test/auto/TriggeredClock.xml (RunModel)" time="0.009" />
  <testcase classname="ptolemy.util.test.junit.AutoTests" name="[388] /home/travis/build/icyphy/ptII/ptolemy/actor/lib/test/auto/URLDirectoryReader.xml (RunModel)" time="0.101" />
  <testcase classname="ptolemy.util.test.junit.AutoTests" name="[389] /home/travis/build/icyphy/ptII/ptolemy/actor/lib/test/auto/URLDirectoryReader3.xml (RunModel)" time="1.768" />
  <testcase classname="ptolemy.util.test.junit.AutoTests" name="[390] /home/travis/build/icyphy/ptII/ptolemy/actor/lib/test/auto/UnaryMathFunction.xml (RunModel)" time="0.024" />
  <testcase classname="ptolemy.util.test.junit.AutoTests" name="[391] /home/travis/build/icyphy/ptII/ptolemy/actor/lib/test/auto/Uniform.xml (RunModel)" time="0.013" />
  <testcase classname="ptolemy.util.test.junit.AutoTests" name="[392] /home/travis/build/icyphy/ptII/ptolemy/actor/lib/test/auto/UnionDisassemblerTest.xml (RunModel)" time="0.022" />
  <testcase classname="ptolemy.util.test.junit.AutoTests" name="[393] /home/travis/build/icyphy/ptII/ptolemy/actor/lib/test/auto/UtilityFunctions.xml (RunModel)" time="0.007" />
  <testcase classname="ptolemy.util.test.junit.AutoTests" name="[394] /home/travis/build/icyphy/ptII/ptolemy/actor/lib/test/auto/VariableSleep.xml (RunModel)" time="0.512" />
  <testcase classname="ptolemy.util.test.junit.AutoTests" name="[395] /home/travis/build/icyphy/ptII/ptolemy/actor/lib/test/auto/VectorAssemblerDisassemblerCT.xml (RunModel)" time="0.115" />
  <testcase classname="ptolemy.util.test.junit.AutoTests" name="[396] /home/travis/build/icyphy/ptII/ptolemy/actor/lib/test/auto/VectorAssemblerDisassemblerDE.xml (RunModel)" time="0.012" />
  <testcase classname="ptolemy.util.test.junit.AutoTests" name="[397] /home/travis/build/icyphy/ptII/ptolemy/actor/lib/test/auto/VectorAssemblerDisassemblerSDF.xml (RunModel)" time="0.012" />
  <testcase classname="ptolemy.util.test.junit.AutoTests" name="[398] /home/travis/build/icyphy/ptII/ptolemy/actor/lib/test/auto/WallClockTime.xml (RunModel)" time="1.012" />
  <testcase classname="ptolemy.util.test.junit.AutoTests" name="[399] /home/travis/build/icyphy/ptII/ptolemy/actor/lib/test/auto/WidthTestWithSubscriberPublisher.xml (RunModel)" time="0.039" />
  <testcase classname="ptolemy.util.test.junit.AutoTests" name="[400] /home/travis/build/icyphy/ptII/ptolemy/actor/lib/test/auto/WidthTestWithSubscriberPublisher2.xml (RunModel)" time="0.018" />
  <testcase classname="ptolemy.util.test.junit.AutoTests" name="[401] /home/travis/build/icyphy/ptII/ptolemy/actor/lib/test/auto/WidthTestWithSubscriberPublisher3.xml (RunModel)" time="0.01" />
  <testcase classname="ptolemy.util.test.junit.AutoTests" name="[402] /home/travis/build/icyphy/ptII/ptolemy/actor/lib/test/auto/Writer.xml (RunModel)" time="0.008" />
  <testcase classname="ptolemy.util.test.junit.AutoTests" name="[403] /home/travis/build/icyphy/ptII/ptolemy/actor/lib/test/auto/array.xml (RunModel)" time="0.008" />
  <testcase classname="ptolemy.util.test.junit.AutoTests" name="[404] /home/travis/build/icyphy/ptII/ptolemy/actor/lib/test/auto/array2.xml (RunModel)" time="0.01" />
  <testcase classname="ptolemy.util.test.junit.AutoTests" name="[405] /home/travis/build/icyphy/ptII/ptolemy/actor/lib/test/auto/arrayType.xml (RunModel)" time="0.009" />
  <testcase classname="ptolemy.util.test.junit.AutoTests" name="[406] /home/travis/build/icyphy/ptII/ptolemy/actor/lib/test/auto/arrayType10.xml (RunModel)" time="0.008" />
  <testcase classname="ptolemy.util.test.junit.AutoTests" name="[407] /home/travis/build/icyphy/ptII/ptolemy/actor/lib/test/auto/arrayType11.xml (RunModel)" time="0.008" />
  <testcase classname="ptolemy.util.test.junit.AutoTests" name="[408] /home/travis/build/icyphy/ptII/ptolemy/actor/lib/test/auto/arrayType12.xml (RunModel)" time="0.008" />
  <testcase classname="ptolemy.util.test.junit.AutoTests" name="[409] /home/travis/build/icyphy/ptII/ptolemy/actor/lib/test/auto/arrayType13.xml (RunModel)" time="0.008" />
  <testcase classname="ptolemy.util.test.junit.AutoTests" name="[410] /home/travis/build/icyphy/ptII/ptolemy/actor/lib/test/auto/arrayType14.xml (RunModel)" time="0.011" />
  <testcase classname="ptolemy.util.test.junit.AutoTests" name="[411] /home/travis/build/icyphy/ptII/ptolemy/actor/lib/test/auto/arrayType15.xml (RunModel)" time="0.009" />
  <testcase classname="ptolemy.util.test.junit.AutoTests" name="[412] /home/travis/build/icyphy/ptII/ptolemy/actor/lib/test/auto/arrayType16.xml (RunModel)" time="0.009" />
  <testcase classname="ptolemy.util.test.junit.AutoTests" name="[413] /home/travis/build/icyphy/ptII/ptolemy/actor/lib/test/auto/arrayType17.xml (RunModel)" time="0.008" />
  <testcase classname="ptolemy.util.test.junit.AutoTests" name="[414] /home/travis/build/icyphy/ptII/ptolemy/actor/lib/test/auto/arrayType18.xml (RunModel)" time="0.007" />
  <testcase classname="ptolemy.util.test.junit.AutoTests" name="[415] /home/travis/build/icyphy/ptII/ptolemy/actor/lib/test/auto/arrayType19.xml (RunModel)" time="0.007" />
  <testcase classname="ptolemy.util.test.junit.AutoTests" name="[416] /home/travis/build/icyphy/ptII/ptolemy/actor/lib/test/auto/arrayType2.xml (RunModel)" time="0.009" />
  <testcase classname="ptolemy.util.test.junit.AutoTests" name="[417] /home/travis/build/icyphy/ptII/ptolemy/actor/lib/test/auto/arrayType20.xml (RunModel)" time="0.008" />
  <testcase classname="ptolemy.util.test.junit.AutoTests" name="[418] /home/travis/build/icyphy/ptII/ptolemy/actor/lib/test/auto/arrayType21.xml (RunModel)" time="0.009" />
  <testcase classname="ptolemy.util.test.junit.AutoTests" name="[419] /home/travis/build/icyphy/ptII/ptolemy/actor/lib/test/auto/arrayType22.xml (RunModel)" time="0.008" />
  <testcase classname="ptolemy.util.test.junit.AutoTests" name="[420] /home/travis/build/icyphy/ptII/ptolemy/actor/lib/test/auto/arrayType23.xml (RunModel)" time="0.008" />
  <testcase classname="ptolemy.util.test.junit.AutoTests" name="[421] /home/travis/build/icyphy/ptII/ptolemy/actor/lib/test/auto/arrayType24.xml (RunModel)" time="0.008" />
  <testcase classname="ptolemy.util.test.junit.AutoTests" name="[422] /home/travis/build/icyphy/ptII/ptolemy/actor/lib/test/auto/arrayType25.xml (RunModel)" time="0.008" />
  <testcase classname="ptolemy.util.test.junit.AutoTests" name="[423] /home/travis/build/icyphy/ptII/ptolemy/actor/lib/test/auto/arrayType26.xml (RunModel)" time="0.008" />
  <testcase classname="ptolemy.util.test.junit.AutoTests" name="[424] /home/travis/build/icyphy/ptII/ptolemy/actor/lib/test/auto/arrayType27.xml (RunModel)" time="0.009" />
  <testcase classname="ptolemy.util.test.junit.AutoTests" name="[425] /home/travis/build/icyphy/ptII/ptolemy/actor/lib/test/auto/arrayType28.xml (RunModel)" time="0.009" />
  <testcase classname="ptolemy.util.test.junit.AutoTests" name="[426] /home/travis/build/icyphy/ptII/ptolemy/actor/lib/test/auto/arrayType3.xml (RunModel)" time="0.008" />
  <testcase classname="ptolemy.util.test.junit.AutoTests" name="[427] /home/travis/build/icyphy/ptII/ptolemy/actor/lib/test/auto/arrayType4.xml (RunModel)" time="0.008" />
  <testcase classname="ptolemy.util.test.junit.AutoTests" name="[428] /home/travis/build/icyphy/ptII/ptolemy/actor/lib/test/auto/arrayType5.xml (RunModel)" time="0.007" />
  <testcase classname="ptolemy.util.test.junit.AutoTests" name="[429] /home/travis/build/icyphy/ptII/ptolemy/actor/lib/test/auto/arrayType6.xml (RunModel)" time="0.007" />
  <testcase classname="ptolemy.util.test.junit.AutoTests" name="[430] /home/travis/build/icyphy/ptII/ptolemy/actor/lib/test/auto/arrayType7.xml (RunModel)" time="0.008" />
  <testcase classname="ptolemy.util.test.junit.AutoTests" name="[431] /home/travis/build/icyphy/ptII/ptolemy/actor/lib/test/auto/arrayType8.xml (RunModel)" time="0.014" />
  <testcase classname="ptolemy.util.test.junit.AutoTests" name="[432] /home/travis/build/icyphy/ptII/ptolemy/actor/lib/test/auto/arrayType9.xml (RunModel)" time="0.008" />
  <testcase classname="ptolemy.util.test.junit.AutoTests" name="[433] /home/travis/build/icyphy/ptII/ptolemy/actor/lib/test/auto/cast.xml (RunModel)" time="0.017" />
  <testcase classname="ptolemy.util.test.junit.AutoTests" name="[434] /home/travis/build/icyphy/ptII/ptolemy/actor/lib/test/auto/compositeMultiPort.xml (RunModel)" time="0.016" />
  <testcase classname="ptolemy.util.test.junit.AutoTests" name="[435] /home/travis/build/icyphy/ptII/ptolemy/actor/lib/test/auto/expressionCastInference.xml (RunModel)" time="0.008" />
  <testcase classname="ptolemy.util.test.junit.AutoTests" name="[436] /home/travis/build/icyphy/ptII/ptolemy/actor/lib/test/auto/expressionCastInference2.xml (RunModel)" time="0.007" />
  <testcase classname="ptolemy.util.test.junit.AutoTests" name="[437] /home/travis/build/icyphy/ptII/ptolemy/actor/lib/test/auto/expressionInference.xml (RunModel)" time="0.006" />
  <testcase classname="ptolemy.util.test.junit.AutoTests" name="[438] /home/travis/build/icyphy/ptII/ptolemy/actor/lib/test/auto/expression_bug.xml (RunModel)" time="0.006" />
  <testcase classname="ptolemy.util.test.junit.AutoTests" name="[439] /home/travis/build/icyphy/ptII/ptolemy/actor/lib/test/auto/factorial.xml (RunModel)" time="0.048" />
  <testcase classname="ptolemy.util.test.junit.AutoTests" name="[440] /home/travis/build/icyphy/ptII/ptolemy/actor/lib/test/auto/filterTest1.xml (RunModel)" time="0.015" />
  <testcase classname="ptolemy.util.test.junit.AutoTests" name="[441] /home/travis/build/icyphy/ptII/ptolemy/actor/lib/test/auto/funcApplyInConst.xml (RunModel)" time="0.006" />
  <testcase classname="ptolemy.util.test.junit.AutoTests" name="[442] /home/travis/build/icyphy/ptII/ptolemy/actor/lib/test/auto/funcApplyInExpr.xml (RunModel)" time="0.005" />
  <testcase classname="ptolemy.util.test.junit.AutoTests" name="[443] /home/travis/build/icyphy/ptII/ptolemy/actor/lib/test/auto/function.xml (RunModel)" time="0.013" />
  <testcase classname="ptolemy.util.test.junit.AutoTests" name="[444] /home/travis/build/icyphy/ptII/ptolemy/actor/lib/test/auto/function2.xml (RunModel)" time="0.009" />
  <testcase classname="ptolemy.util.test.junit.AutoTests" name="[445] /home/travis/build/icyphy/ptII/ptolemy/actor/lib/test/auto/function3.xml (RunModel)" time="0.007" />
  <testcase classname="ptolemy.util.test.junit.AutoTests" name="[446] /home/travis/build/icyphy/ptII/ptolemy/actor/lib/test/auto/functionClosureTest1.xml (RunModel)" time="0.01" />
  <testcase classname="ptolemy.util.test.junit.AutoTests" name="[447] /home/travis/build/icyphy/ptII/ptolemy/actor/lib/test/auto/functionClosureTest2.xml (RunModel)" time="0.03" />
  <testcase classname="ptolemy.util.test.junit.AutoTests" name="[448] /home/travis/build/icyphy/ptII/ptolemy/actor/lib/test/auto/functionClosureTest3.xml (RunModel)" time="0.028" />
  <testcase classname="ptolemy.util.test.junit.AutoTests" name="[449] /home/travis/build/icyphy/ptII/ptolemy/actor/lib/test/auto/functionClosureTest4.xml (RunModel)" time="0.036" />
  <testcase classname="ptolemy.util.test.junit.AutoTests" name="[450] /home/travis/build/icyphy/ptII/ptolemy/actor/lib/test/auto/functionClosureTest5.xml (RunModel)" time="0.06" />
  <testcase classname="ptolemy.util.test.junit.AutoTests" name="[451] /home/travis/build/icyphy/ptII/ptolemy/actor/lib/test/auto/functionClosureTest6.xml (RunModel)" time="0.023" />
  <testcase classname="ptolemy.util.test.junit.AutoTests" name="[452] /home/travis/build/icyphy/ptII/ptolemy/actor/lib/test/auto/functionsOnArcs.xml (RunModel)" time="0.037" />
  <testcase classname="ptolemy.util.test.junit.AutoTests" name="[453] /home/travis/build/icyphy/ptII/ptolemy/actor/lib/test/auto/functionsOnArcsHOF.xml (RunModel)" time="0.026" />
  <testcase classname="ptolemy.util.test.junit.AutoTests" name="[454] /home/travis/build/icyphy/ptII/ptolemy/actor/lib/test/auto/logic.xml (RunModel)" time="0.016" />
  <testcase classname="ptolemy.util.test.junit.AutoTests" name="[455] /home/travis/build/icyphy/ptII/ptolemy/actor/lib/test/auto/matrixType.xml (RunModel)" time="0.009" />
  <testcase classname="ptolemy.util.test.junit.AutoTests" name="[456] /home/travis/build/icyphy/ptII/ptolemy/actor/lib/test/auto/matrixType10.xml (RunModel)" time="0.008" />
  <testcase classname="ptolemy.util.test.junit.AutoTests" name="[457] /home/travis/build/icyphy/ptII/ptolemy/actor/lib/test/auto/matrixType11.xml (RunModel)" time="0.008" />
  <testcase classname="ptolemy.util.test.junit.AutoTests" name="[458] /home/travis/build/icyphy/ptII/ptolemy/actor/lib/test/auto/matrixType12.xml (RunModel)" time="0.01" />
  <testcase classname="ptolemy.util.test.junit.AutoTests" name="[459] /home/travis/build/icyphy/ptII/ptolemy/actor/lib/test/auto/matrixType13.xml (RunModel)" time="0.009" />
  <testcase classname="ptolemy.util.test.junit.AutoTests" name="[460] /home/travis/build/icyphy/ptII/ptolemy/actor/lib/test/auto/matrixType14.xml (RunModel)" time="0.01" />
  <testcase classname="ptolemy.util.test.junit.AutoTests" name="[461] /home/travis/build/icyphy/ptII/ptolemy/actor/lib/test/auto/matrixType2.xml (RunModel)" time="0.008" />
  <testcase classname="ptolemy.util.test.junit.AutoTests" name="[462] /home/travis/build/icyphy/ptII/ptolemy/actor/lib/test/auto/matrixType3.xml (RunModel)" time="0.009" />
  <testcase classname="ptolemy.util.test.junit.AutoTests" name="[463] /home/travis/build/icyphy/ptII/ptolemy/actor/lib/test/auto/matrixType4.xml (RunModel)" time="0.008" />
  <testcase classname="ptolemy.util.test.junit.AutoTests" name="[464] /home/travis/build/icyphy/ptII/ptolemy/actor/lib/test/auto/matrixType5.xml (RunModel)" time="0.007" />
  <testcase classname="ptolemy.util.test.junit.AutoTests" name="[465] /home/travis/build/icyphy/ptII/ptolemy/actor/lib/test/auto/matrixType6.xml (RunModel)" time="0.008" />
  <testcase classname="ptolemy.util.test.junit.AutoTests" name="[466] /home/travis/build/icyphy/ptII/ptolemy/actor/lib/test/auto/matrixType7.xml (RunModel)" time="0.009" />
  <testcase classname="ptolemy.util.test.junit.AutoTests" name="[467] /home/travis/build/icyphy/ptII/ptolemy/actor/lib/test/auto/matrixType8.xml (RunModel)" time="0.008" />
  <testcase classname="ptolemy.util.test.junit.AutoTests" name="[468] /home/travis/build/icyphy/ptII/ptolemy/actor/lib/test/auto/matrixType9.xml (RunModel)" time="0.008" />
  <testcase classname="ptolemy.util.test.junit.AutoTests" name="[469] /home/travis/build/icyphy/ptII/ptolemy/actor/lib/test/auto/paraFunctest.xml (RunModel)" time="0.006" />
  <testcase classname="ptolemy.util.test.junit.AutoTests" name="[470] /home/travis/build/icyphy/ptII/ptolemy/actor/lib/test/auto/paraFunctest2.xml (RunModel)" time="0.011" />
  <testcase classname="ptolemy.util.test.junit.AutoTests" name="[471] /home/travis/build/icyphy/ptII/ptolemy/actor/lib/test/auto/parameterPassing.xml (RunModel)" time="0.009" />
  <testcase classname="ptolemy.util.test.junit.AutoTests" name="[472] /home/travis/build/icyphy/ptII/ptolemy/actor/lib/test/auto/record.xml (RunModel)" time="0.01" />
  <testcase classname="ptolemy.util.test.junit.AutoTests" name="[473] /home/travis/build/icyphy/ptII/ptolemy/actor/lib/test/auto/sizedarray1.xml (RunModel)" time="0.01" />
  <testcase classname="ptolemy.util.test.junit.AutoTests" name="[474] /home/travis/build/icyphy/ptII/ptolemy/actor/lib/test/auto/sizedarray2.xml (RunModel)" time="0.01" />
  <testcase classname="ptolemy.util.test.junit.AutoTests" name="[475] /home/travis/build/icyphy/ptII/ptolemy/actor/lib/test/auto/twoPublishers.xml (RunModel)" time="0.025" />
  <system-out><![CDATA[/home/travis/build/icyphy/ptII/ptolemy/actor/lib/test/AbsoluteValue.tcl
testDefs.tcl: setting time out to 9000 seconds at Thu Mar 05 22:43:59 UTC 2020
101 ms. Memory: 129024K Free: 93123K (72%)
5 ms. Memory: 129024K Free: 91075K (71%)
10 ms. Memory: 129024K Free: 90051K (70%)
7 ms. Memory: 129024K Free: 89537K (69%)
/home/travis/build/icyphy/ptII/ptolemy/actor/lib/test/AddSubtract.tcl
18 ms. Memory: 129024K Free: 87474K (68%)
14 ms. Memory: 129024K Free: 86979K (67%)
13 ms. Memory: 129024K Free: 85955K (67%)
19 ms. Memory: 129024K Free: 85426K (66%)
74 ms. Memory: 129024K Free: 82369K (64%)
11 ms. Memory: 129024K Free: 81330K (63%)
/home/travis/build/icyphy/ptII/ptolemy/actor/lib/test/Average.tcl
6 ms. Memory: 129024K Free: 79811K (62%)
7 ms. Memory: 129024K Free: 78787K (61%)
/home/travis/build/icyphy/ptII/ptolemy/actor/lib/test/Bernoulli.tcl
5 ms. Memory: 129024K Free: 77242K (60%)
2 ms. Memory: 129024K Free: 76739K (59%)
/home/travis/build/icyphy/ptII/ptolemy/actor/lib/test/Clock.tcl
preinitializing
resolving types
initializing
executing number 1
wrapping up
idle
35 ms. Memory: 129024K Free: 74177K (57%)
Completed execution with 5 iterations
preinitializing
resolving types
initializing
executing number 1
wrapping up
idle
13 ms. Memory: 129024K Free: 73138K (57%)
Completed execution with 5 iterations
preinitializing
resolving types
initializing
executing number 1
wrapping up
idle
3 ms. Memory: 129024K Free: 72643K (56%)
Completed execution with 5 iterations
/home/travis/build/icyphy/ptII/ptolemy/actor/lib/test/Commutator.tcl
11 ms. Memory: 129024K Free: 70595K (55%)
6 ms. Memory: 129024K Free: 69571K (54%)
18 ms. Memory: 129024K Free: 63922K (50%)
/home/travis/build/icyphy/ptII/ptolemy/actor/lib/test/Const.tcl
4 ms. Memory: 129024K Free: 62403K (48%)
2 ms. Memory: 129024K Free: 61874K (48%)
4 ms. Memory: 129024K Free: 61379K (48%)
3 ms. Memory: 129024K Free: 60865K (47%)
2 ms. Memory: 129024K Free: 60355K (47%)
20 ms. Memory: 129024K Free: 58307K (45%)
15 ms. Memory: 129024K Free: 57283K (44%)
8 ms. Memory: 129024K Free: 56762K (44%)
/home/travis/build/icyphy/ptII/ptolemy/actor/lib/test/CurrentTime.tcl
preinitializing
resolving types
initializing
executing number 1
wrapping up
idle
9 ms. Memory: 129024K Free: 54706K (42%)
Completed execution with 11 iterations
/home/travis/build/icyphy/ptII/ptolemy/actor/lib/test/DB.tcl
7 ms. Memory: 129024K Free: 53187K (41%)
5 ms. Memory: 129024K Free: 52163K (40%)
3 ms. Memory: 129024K Free: 52163K (40%)
/home/travis/build/icyphy/ptII/ptolemy/actor/lib/test/DiscreteRandomSource.tcl
preinitializing
resolving types
initializing
executing number 1
wrapping up
idle
11 ms. Memory: 129024K Free: 50610K (39%)
Completed execution with 4 iterations
preinitializing
resolving types
initializing
executing number 1
wrapping up
idle
6 ms. Memory: 129024K Free: 50115K (39%)
Completed execution with 4 iterations
preinitializing
resolving types
initializing
executing number 1
wrapping up
idle
4 ms. Memory: 129024K Free: 49586K (38%)
Completed execution with 4 iterations
preinitializing
resolving types
initializing
executing number 1
wrapping up
idle
14 ms. Memory: 129024K Free: 49091K (38%)
Completed execution with 4 iterations
preinitializing
resolving types
initializing
executing number 1
wrapping up
idle
4 ms. Memory: 129024K Free: 48562K (38%)
Completed execution with 4 iterations
/home/travis/build/icyphy/ptII/ptolemy/actor/lib/test/Distributor.tcl
25 ms. Memory: 129024K Free: 113779K (88%)
5 ms. Memory: 129024K Free: 113271K (88%)
StreamChangeRequest.changeExecuted(): <deleteEntity name="rec2"/> succeeded
StreamChangeRequest.changeExecuted(): <deleteRelation name="r2"/> succeeded
StreamChangeRequest.changeExecuted(): Record firings per iteration succeeded
4 ms. Memory: 129024K Free: 110707K (86%)
/home/travis/build/icyphy/ptII/ptolemy/actor/lib/test/Exit.tcl
Exit.tcl: this will print a message about Manager.exitAfterWrapup, which can be ignored.
6 ms. Memory: 129024K Free: 107759K (84%)
/home/travis/build/icyphy/ptII/ptolemy/actor/lib/test/Expression.tcl
19 ms. Memory: 129024K Free: 104077K (81%)
9 ms. Memory: 129024K Free: 103593K (80%)
6 ms. Memory: 129024K Free: 103015K (80%)
preinitializing
resolving types
initializing
executing number 1
wrapping up
idle
12 ms. Memory: 129024K Free: 101523K (79%)
Completed execution with 6 iterations
11 ms. Memory: 129024K Free: 100521K (78%)
4 ms. Memory: 129024K Free: 99959K (77%)
8 ms. Memory: 129024K Free: 98419K (76%)
8 ms. Memory: 129024K Free: 97433K (76%)
8 ms. Memory: 129024K Free: 96403K (75%)
/home/travis/build/icyphy/ptII/ptolemy/actor/lib/test/Gaussian.tcl
7 ms. Memory: 129024K Free: 94339K (73%)
sleeping 1 seconds: ..........................................................................................................................................................................................................................................................................................................................................................................................................................................................................................................................................................................................................................................................................................................................................................................................................................................................................................................................................................................................................................................................................................................................................................................................................................................................................................................................................................................................................................................................................................................................................................................................................................................................................................................................................................................................................................................................................................................................................................................................................................................................................................................................................................................................................................................................................................................................................................................................................................................................................................................................................................................................................................................................................................................................................................................................................................................................................................................................................................................................................................................................................................................................................................................................................................................................................................................................................................................................................................................................................................................................................................................................................................................................................................................................................................................................................................................................................................................................................................................................................................................................................................................................................................................................................................................................................................................................................................................................................................................................................................................................................................................................................................................................................................................................................................................................................................................................................................................................................................................................................................................................................................................................................................................................................................................................................................................................................................................................................................................................................................................................................................................................................................................................................................................................................................................................................................................................................................................................................................................................................................................................................................................................................................................................................................................................................................................................................................................................................................................................................................................................................................................................................................................................................................................................................................................................................................................................................................................................................................................................................................................................................................................................................................................................................................................................................................................................................................................................................................................................................................................................................................................................................................................................................................................................................................................................................................................................................................................................................................................................................................................................................................................................................................................................................................................................................................................................................................................................................................................................................................................................................................................................................................................................................................................................................................................................................................................................................................................................................................................................................................................................................................................................................................................................................................................................................................................................................................................................................................................................................................................................................................................................................................................................................................................................................................................................................................................................................................................................................................................................................................................................................................................................................................................................................................................................................................................................................................................................................................................................................................................................................................................................................................................................................................................................................................................................................................................................................................................................................................................................................................................................................................................................................................................................................................................................................................................................................................................................................................................................................................................................................................................................................................................................................................................................................................................................................................................................................................................................................................................................................................................................................................................................................................................................................................................................................................................................................................................................................................................................................................................................................................................................................................................................................................................................................................................................................................................................................................................................................................................................................................................................................................................................................................................................................................................................................................................................................................................................................................................................................................................................................................................................................................................................................................................................................................................................................................................................................................................................................................................................................................................................................................................................................................................................................................................................................................................................................................................................................................................................................................................................................................................................................................................................................................................................................................................................................................................................................................................................................................................................................................................................................................................................................................................................................................................................................................................................................................................................................................................................................................................................................................................................................................................................................................................................................................................................................................................................................................................................................................................................................................................................................................................................................................................................................................................................................................................................................................................................................................................................................................................................................................................................................................................................................................................................................................................................................................................................................................................................................................................................................................................................................................................................................................................................................................................................................................................................................................................................................................................................................................................................................................................................................................................................................................................................................................................................................................................................................................................................................................................................................................................................................................................................................................................................................................................................................................................................................................................................................................................................................................................................................................................................................................................................................................................................................................................................................................................................................................................................................................................................................................................................................................................................................................................................................................................................................................................................................................................................................................................................................................................................................................................................................................................................................................................................................................................................................................................................................................................................................................................................................................................................................................................................................................................................................................................................................................................................................................................................................................................................................................................................................................................................................................................................................................................................................................................................................................................................................................................................................................................................................................................................................................................................................................................................................................................................................................................................................................................................................................................................................................................................................................................................................................................................................................................................................................................................................................................................................................................................................................................................................................................................................................................................................................................................................................................................................................................................................................................................................................................................................................................................................................................................................................................................................................................................................................................................................................................................................................................................................................................................................................................................................................................................................................................................................................................................................................................................................................................................................................................................................................................................................................................................................................................................................................................................................................................................................................................................................................................................................................................................................................................................................................................................................................................................................................................................................................................................................................................................................................................................................................................................................................................................................................................................................................................................................................................................................................................................................................................................................................................................................................................................................................................................................................................................................................................................................................................................................................................................................................................................................................................................................................................................................................................................................................................................................................................................................................................................................................................................................................................................................................................................................................................................................................................................................................................................................................................................................................................................................................................................................................................................................................................................................................................................................................................................................................................................................................................................................................................................................................................................................................................................................................................................................................................................................................................................................................................................................................................................................................................................................................................................................................................................................................................................................................................................................................................................................................................................................................................................................................................................................................................................................................................................................................................................................................................................................................................................................................................................................................................................................................................................................................................................................................................................................................................................................................................................................................................................................................................................................................................................................................................................................................................................................................................................................................................................................................................................................................................................................................................................................................................................................................................................................................................................................................................................................................................................................................................................................................................................................................................................................................................................................................................................................................................................................................................................................................................................................................................................................................................................................................................................................................................................................................................................................................................................................................................................................................................................................................................................................................................................................................................................................................................................................................................................................................................................................................................................................................................................................................................................................................................................................................................................................................................................................................................................................................................................................................................................................................................................................................................................................................................................................................................................................................................................................................................................................................................................................................................................................................................................................................................................................................................................................................................................................................................................................................................................................................................................................................................................................................................................................................................................................................................................................................................................................................................................................................................................................................................................................................................................................................................................................................................................................................................................................................................................................................................................................................................................................................................................................................................................................................................................................................................................................................................................................................................................................................................................................................................................................................................................................................................................................................................................................................................................................................................................................................................................................................................................................................................................................................................................................................................................................................................................................................................................................................................................................................................................................................................................................................................................................................................................................................................................................................................................................................................................................................................................................................................................................................................................................................................................................................................................................................................................................................................................................................................................................................................................................................................................................................................................................................................................................................................................................................................................................................................................................................................................................................................................................................................................................................................................................................................................................................................................................................................................................................................................................................................................................................................................................................................................................................................................................................................................................................................................................................................................................................................................................................................................................................................................................................................................................................................................................................................................................................................................................................................................................................................................................................................................................................................................................................................................................................................................................................................................................................................................................................................................................................................................................................................................................................................................................................................................................................................................................................................................................................................................................................................................................................................................................................................................................................................................................................................................................................................................................................................................................................................................................................................................................................................................................................................................................................................................................................................................................................................................................................................................................................................................................................................................................................................................................................................................................................................................................................................................................................................................................................................................................................................................................................................................................................................................................................................................................................................................................................................................................................................................................................................................................................................................................................................................................................................................................................................................................................................................................................................................................................................................................................................................................................................................................................................................................................................................................................................................................................................................................................................................................................................................................................................................................................................................................................................................................................................................................................................................................................................................................................................................................................................................................................................................................................................................................................................................................................................................................................................................................................................................................................................................................................................................................................................................................................................................................................................................................................................................................................................................................................................................................................................................................................................................................................................................................................................4 ms. Memory: 129024K Free: 95884K (74%)
3 ms. Memory: 129024K Free: 94830K (73%)
9 ms. Memory: 129024K Free: 94350K (73%)
3 ms. Memory: 129024K Free: 93650K (73%)
3 ms. Memory: 129024K Free: 92806K (72%)
/home/travis/build/icyphy/ptII/ptolemy/actor/lib/test/IIR.tcl
/home/travis/build/icyphy/ptII/ptolemy/actor/lib/test/Interpolator.tcl
4 ms. Memory: 129024K Free: 89230K (69%)
3 ms. Memory: 129024K Free: 88702K (69%)
3 ms. Memory: 129024K Free: 88206K (68%)
5 ms. Memory: 129024K Free: 87692K (68%)
4 ms. Memory: 129024K Free: 86662K (67%)
5 ms. Memory: 129024K Free: 86158K (67%)
2 ms. Memory: 129024K Free: 85134K (66%)
6 ms. Memory: 129024K Free: 84110K (65%)
6 ms. Memory: 129024K Free: 83086K (64%)
2 ms. Memory: 129024K Free: 82572K (64%)
/home/travis/build/icyphy/ptII/ptolemy/actor/lib/test/MathFunction.tcl
4 ms. Memory: 129024K Free: 80510K (62%)
2 ms. Memory: 129024K Free: 79486K (62%)
2 ms. Memory: 129024K Free: 77966K (60%)
3 ms. Memory: 129024K Free: 77438K (60%)
8 ms. Memory: 129024K Free: 75918K (59%)
11 ms. Memory: 129024K Free: 74374K (58%)
/home/travis/build/icyphy/ptII/ptolemy/actor/lib/test/Maximum.tcl
5 ms. Memory: 129024K Free: 72302K (56%)
3 ms. Memory: 129024K Free: 71822K (56%)
7 ms. Memory: 129024K Free: 70798K (55%)
4 ms. Memory: 129024K Free: 70270K (54%)
/home/travis/build/icyphy/ptII/ptolemy/actor/lib/test/Minimum.tcl
7 ms. Memory: 129024K Free: 68750K (53%)
5 ms. Memory: 129024K Free: 67726K (52%)
2 ms. Memory: 129024K Free: 67212K (52%)
2 ms. Memory: 129024K Free: 66702K (52%)
/home/travis/build/icyphy/ptII/ptolemy/actor/lib/test/MultiplyDivide.tcl
8 ms. Memory: 129024K Free: 64654K (50%)
11 ms. Memory: 129024K Free: 64140K (50%)
2 ms. Memory: 129024K Free: 63102K (49%)
5 ms. Memory: 129024K Free: 62606K (49%)
4 ms. Memory: 129024K Free: 62086K (48%)
/home/travis/build/icyphy/ptII/ptolemy/actor/lib/test/OrderedMerge.tcl
Connections changed on port: inputA
Connections changed on port: inputB
Connections changed on port: output
Connections changed on port: output
Connections changed on port: output
Connections changed on port: input
.top. Preinitializing ...
Invoking preinitialize():  .top.OrderedMerge
Called preinitialize()
Invoking preinitialize():  .top.Ramp
Called preinitialize()
Invoking preinitialize():  .top.Ramp2
Called preinitialize()
Invoking preinitialize():  .top.Test
Called preinitialize()
Connections changed on port: inputA
Connections changed on port: output
Connections changed on port: output
Connections changed on port: input
Connections changed on port: inputB
Connections changed on port: output
.top. Finished preinitialize().
Called initialize().
Invoking initialize():  .top.OrderedMerge
Initializing actor: .top.OrderedMerge
Adding a thread: .top.OrderedMerge
Invoking initialize():  .top.Ramp
Initializing actor: .top.Ramp
Adding a thread: .top.Ramp
Invoking initialize():  .top.Ramp2
Initializing actor: .top.Ramp2
Adding a thread: .top.Ramp2
Invoking initialize():  .top.Test
Initializing actor: .top.Test
Adding a thread: .top.Test
Called fire().
Checking for deadlock:
-- Starting thread.
Called initialize()
Called prefire()
Called fire()
-- Starting thread.
Called initialize()
Called prefire()
Called fire()
There are 0 Blocked actors, 0 Stopped actors, and 4 active threads.
Waiting for actors to stop.
Called postfire()
Called prefire()
Called fire()
-- Starting thread.
Called initialize()
Called prefire()
Called fire()
Called postfire()
Called prefire()
Called fire()
-- Starting thread.
Called initialize()
Called prefire()
Called fire()
Read input token from inputA with value 0.0
Next port to read input from is inputB
Called postfire()
Called prefire()
Called fire()
Read input token from inputB with value 0.0
Sent output token with value 0.0
Next port to read input from is inputA
Called postfire()
Called prefire()
Called fire()
Checking for deadlock:
There are 1 Blocked actors, 0 Stopped actors, and 4 active threads.
Waiting for actors to stop.
Called postfire()
Called prefire()
Called fire()
Called postfire()
Called prefire()
Called fire()
-- Read input: 0.0, which is expected to match: 0.0
Called prefire()
Called fire()
Checking for deadlock:
There are 3 Blocked actors, 0 Stopped actors, and 4 active threads.
Waiting for actors to stop.
Read input token from inputA with value 1.0
Sent output token with value 0.0
Next port to read input from is inputB
Called postfire()
Called prefire()
Called fire()
Read input token from inputB with value 1.5
Checking for deadlock:
There are 1 Blocked actors, 0 Stopped actors, and 4 active threads.
Waiting for actors to stop.
Called postfire()
Called prefire()
Called fire()
Called postfire()
Called prefire()
Called fire()
-- Read input: 0.0, which is expected to match: 0.0
Called prefire()
Called fire()
Checking for deadlock:
There are 3 Blocked actors, 0 Stopped actors, and 4 active threads.
Waiting for actors to stop.
-- Read input: 1.0, which is expected to match: 1.0
Called prefire()
Called fire()
Sent output token with value 1.0
Next port to read input from is inputA
Called postfire()
Called prefire()
Called fire()
Read input token from inputA with value 2.0
Sent output token with value 1.5
Next port to read input from is inputB
Called postfire()
Called prefire()
Called fire()
Read input token from inputB with value 3.0
Checking for deadlock:
There are 1 Blocked actors, 0 Stopped actors, and 4 active threads.
Waiting for actors to stop.
Called postfire()
Called prefire()
Called fire()
Called postfire()
Called prefire()
Called fire()
-- Read input: 1.5, which is expected to match: 1.5
Called prefire()
Called fire()
Checking for deadlock:
There are 3 Blocked actors, 0 Stopped actors, and 4 active threads.
Waiting for actors to stop.
-- Read input: 2.0, which is expected to match: 2.0
Called prefire()
Called fire()
Checking for deadlock:
There are 3 Blocked actors, 0 Stopped actors, and 4 active threads.
Waiting for actors to stop.
Sent output token with value 2.0
Next port to read input from is inputA
Called postfire()
Called prefire()
Called fire()
Called postfire()
Called prefire()
Called fire()
Checking for deadlock:
There are 3 Blocked actors, 0 Stopped actors, and 4 active threads.
Waiting for actors to stop.
Read input token from inputA with value 3.0
-- Read input: 3.0, which is expected to match: 3.0
Called prefire()
Called fire()
Checking for deadlock:
There are 3 Blocked actors, 0 Stopped actors, and 4 active threads.
Waiting for actors to stop.
Sent output token with value 3.0
Next port to read input from is inputB
Called postfire()
Called prefire()
Called fire()
Checking for deadlock:
There are 2 Blocked actors, 0 Stopped actors, and 4 active threads.
Waiting for actors to stop.
Called postfire()
Called prefire()
Called fire()
Checking for deadlock:
There are 3 Blocked actors, 0 Stopped actors, and 4 active threads.
Waiting for actors to stop.
Read input token from inputB with value 4.5
Checking for deadlock:
There are 2 Blocked actors, 0 Stopped actors, and 4 active threads.
Waiting for actors to stop.
-- Read input: 3.0, which is expected to match: 3.0
Called prefire()
Called fire()
Checking for deadlock:
There are 3 Blocked actors, 0 Stopped actors, and 4 active threads.
Waiting for actors to stop.
Sent output token with value 3.0
Next port to read input from is inputA
Called postfire()
Called prefire()
Called fire()
Called postfire()
Called prefire()
Called fire()
Checking for deadlock:
There are 3 Blocked actors, 0 Stopped actors, and 4 active threads.
Waiting for actors to stop.
Read input token from inputA with value 4.0
-- Read input: 4.0, which is expected to match: 4.0
Called prefire()
Called fire()
Past the end of training data. Read and discard all inputs.
Checking for deadlock:
There are 3 Blocked actors, 0 Stopped actors, and 4 active threads.
Waiting for actors to stop.
Sent output token with value 4.0
Next port to read input from is inputA
Called postfire()
Called prefire()
Called fire()
Called postfire()
Called prefire()
Called fire()
Checking for deadlock:
There are 3 Blocked actors, 0 Stopped actors, and 4 active threads.
Waiting for actors to stop.
Read input token from inputA with value 5.0
Called prefire()
Called fire()
Past the end of training data. Read and discard all inputs.
Checking for deadlock:
There are 3 Blocked actors, 0 Stopped actors, and 4 active threads.
Waiting for actors to stop.
Sent output token with value 4.5
Next port to read input from is inputB
Called postfire()
Called prefire()
Called fire()
Checking for deadlock:
There are 2 Blocked actors, 0 Stopped actors, and 4 active threads.
Waiting for actors to stop.
Called postfire()
Called prefire()
Called fire()
Checking for deadlock:
There are 3 Blocked actors, 0 Stopped actors, and 4 active threads.
Waiting for actors to stop.
Read input token from inputB with value 6.0
Checking for deadlock:
There are 2 Blocked actors, 0 Stopped actors, and 4 active threads.
Waiting for actors to stop.
Called prefire()
Called fire()
Past the end of training data. Read and discard all inputs.
Checking for deadlock:
There are 3 Blocked actors, 0 Stopped actors, and 4 active threads.
Waiting for actors to stop.
Sent output token with value 5.0
Next port to read input from is inputA
Called postfire()
Called prefire()
Called fire()
Called postfire()
Called prefire()
Called fire()
Checking for deadlock:
There are 3 Blocked actors, 0 Stopped actors, and 4 active threads.
Waiting for actors to stop.
Read input token from inputA with value 6.0
Called prefire()
Called fire()
Past the end of training data. Read and discard all inputs.
Checking for deadlock:
There are 3 Blocked actors, 0 Stopped actors, and 4 active threads.
Waiting for actors to stop.
Sent output token with value 6.0
Next port to read input from is inputB
Called postfire()
Called prefire()
Called fire()
Checking for deadlock:
There are 2 Blocked actors, 0 Stopped actors, and 4 active threads.
Waiting for actors to stop.
Called postfire()
Called prefire()
Called fire()
Checking for deadlock:
There are 3 Blocked actors, 0 Stopped actors, and 4 active threads.
Waiting for actors to stop.
Read input token from inputB with value 7.5
Checking for deadlock:
There are 2 Blocked actors, 0 Stopped actors, and 4 active threads.
Waiting for actors to stop.
Called prefire()
Called fire()
Past the end of training data. Read and discard all inputs.
Checking for deadlock:
There are 3 Blocked actors, 0 Stopped actors, and 4 active threads.
Waiting for actors to stop.
Sent output token with value 6.0
Next port to read input from is inputA
Called postfire()
Called prefire()
Called fire()
Called postfire()
Called prefire()
Called fire()
Checking for deadlock:
There are 3 Blocked actors, 0 Stopped actors, and 4 active threads.
Waiting for actors to stop.
Read input token from inputA with value 7.0
Called prefire()
Called fire()
Past the end of training data. Read and discard all inputs.
Checking for deadlock:
There are 3 Blocked actors, 0 Stopped actors, and 4 active threads.
Waiting for actors to stop.
Sent output token with value 7.0
Next port to read input from is inputA
Called postfire()
Called prefire()
Called fire()
-- Thread wrapup() called.
Called wrapup()
Thread .top.Ramp is exiting.
-- Thread stopped.
Checking for deadlock:
There are 2 Blocked actors, 0 Stopped actors, and 3 active threads.
Waiting for actors to stop.
Read input token from inputA with value 8.0
Sent output token with value 7.5
Next port to read input from is inputB
Called postfire()
Called prefire()
Called fire()
Read input token from inputB with value 9.0
Checking for deadlock:
There are 1 Blocked actors, 0 Stopped actors, and 3 active threads.
Waiting for actors to stop.
Called prefire()
Called fire()
Past the end of training data. Read and discard all inputs.
Called postfire()
Called prefire()
Called fire()
Checking for deadlock:
There are 2 Blocked actors, 0 Stopped actors, and 3 active threads.
Waiting for actors to stop.
Called prefire()
Called fire()
Past the end of training data. Read and discard all inputs.
Checking for deadlock:
There are 2 Blocked actors, 0 Stopped actors, and 3 active threads.
Waiting for actors to stop.
Sent output token with value 8.0
Next port to read input from is inputA
Called postfire()
Called prefire()
Called fire()
Read input token from inputA with value 9.0
Called prefire()
Called fire()
Past the end of training data. Read and discard all inputs.
Checking for deadlock:
There are 2 Blocked actors, 0 Stopped actors, and 3 active threads.
Waiting for actors to stop.
Sent output token with value 9.0
Next port to read input from is inputB
Called postfire()
Called prefire()
Called fire()
Checking for deadlock:
There are 1 Blocked actors, 0 Stopped actors, and 3 active threads.
Waiting for actors to stop.
Called postfire()
Called prefire()
Called fire()
Checking for deadlock:
There are 2 Blocked actors, 0 Stopped actors, and 3 active threads.
Waiting for actors to stop.
Read input token from inputB with value 10.5
Checking for deadlock:
There are 1 Blocked actors, 0 Stopped actors, and 3 active threads.
Waiting for actors to stop.
Called prefire()
Called fire()
Past the end of training data. Read and discard all inputs.
Checking for deadlock:
There are 2 Blocked actors, 0 Stopped actors, and 3 active threads.
Waiting for actors to stop.
Sent output token with value 9.0
Next port to read input from is inputA
Called postfire()
Called prefire()
Called fire()
Checking for deadlock:
There are 3 Blocked actors, 0 Stopped actors, and 3 active threads.
Actors have stopped.
Checking for deadlock:
There are 3 Blocked actors, 0 Stopped actors, and 3 active threads.
Deadlock detected.
Resolving Deadlock
Checking for deadlock:
There are 3 Blocked actors, 0 Stopped actors, and 3 active threads.
Artificial Deadlock - increasing queue capacity.
increasing the capacity of receiver ptolemy.actor.TypedIOPort {.top.OrderedMerge.inputB} to 2
-- Thread wrapup() called.
Called wrapup()
Thread .top.Ramp2 is exiting.
-- Thread stopped.
Director: Called postfire().
Called postfire().
_stopRequested = false
_stopFireRequested = false
Returning from postfire(): true
Called fire().
Checking for deadlock:
There are 2 Blocked actors, 0 Stopped actors, and 2 active threads.
Actors have stopped.
Checking for deadlock:
There are 2 Blocked actors, 0 Stopped actors, and 2 active threads.
Deadlock detected.
Resolving Deadlock
Checking for deadlock:
There are 2 Blocked actors, 0 Stopped actors, and 2 active threads.
Deadlock detected: no processes blocked on write, but some are blocked on read.
Called postfire().
_stopRequested = false
_stopFireRequested = false
Returning from postfire(): false
Finished deactivating branches.
Called wrapup().
-- Thread wrapup() called.
Called wrapup()
Thread .top.Test is exiting.
-- Thread stopped.
-- Blocked Receiver call threw TerminateProcessException.
-- Thread wrapup() called.
Called wrapup()
Thread .top.OrderedMerge is exiting.
-- Thread stopped.
-- Blocked Receiver call threw TerminateProcessException.
63 ms. Memory: 129024K Free: 56972K (44%)
.top. Preinitializing ...
Invoking preinitialize():  .top.OrderedMerge
Called preinitialize()
Invoking preinitialize():  .top.Ramp
Called preinitialize()
Invoking preinitialize():  .top.Ramp2
Called preinitialize()
Invoking preinitialize():  .top.Test
Called preinitialize()
.top. Finished preinitialize().
Called initialize().
Invoking initialize():  .top.OrderedMerge
Initializing actor: .top.OrderedMerge
Adding a thread: .top.OrderedMerge
Invoking initialize():  .top.Ramp
Initializing actor: .top.Ramp
Adding a thread: .top.Ramp
Invoking initialize():  .top.Ramp2
Initializing actor: .top.Ramp2
Adding a thread: .top.Ramp2
Invoking initialize():  .top.Test
Initializing actor: .top.Test
Adding a thread: .top.Test
-- Starting thread.
Called initialize()
Called prefire()
Called fire()
-- Starting thread.
Called initialize()
Called prefire()
Called fire()
Called postfire()
Called prefire()
Called fire()
-- Starting thread.
Called initialize()
Called prefire()
Called fire()
Called postfire()
Called prefire()
Called fire()
Called fire().
Checking for deadlock:
There are 3 Blocked actors, 0 Stopped actors, and 4 active threads.
Waiting for actors to stop.
-- Starting thread.
Called initialize()
Called prefire()
Called fire()
Checking for deadlock:
There are 2 Blocked actors, 0 Stopped actors, and 4 active threads.
Waiting for actors to stop.
Called postfire()
Called prefire()
Called fire()
Checking for deadlock:
There are 3 Blocked actors, 0 Stopped actors, and 4 active threads.
Waiting for actors to stop.
Read input token from inputA with value 0.0
Next port to read input from is inputB
Called postfire()
Called prefire()
Called fire()
Called postfire()
Called prefire()
Called fire()
Checking for deadlock:
There are 3 Blocked actors, 0 Stopped actors, and 4 active threads.
Waiting for actors to stop.
Read input token from inputB with value 0.0
Checking for deadlock:
There are 2 Blocked actors, 0 Stopped actors, and 4 active threads.
Waiting for actors to stop.
-- Read input: 0.0, which is expected to match: 0.0
Called prefire()
Called fire()
Checking for deadlock:
There are 3 Blocked actors, 0 Stopped actors, and 4 active threads.
Waiting for actors to stop.
Sent output token with value 0.0
Next port to read input from is inputA
Called postfire()
Called prefire()
Called fire()
Checking for deadlock:
There are 2 Blocked actors, 0 Stopped actors, and 4 active threads.
Waiting for actors to stop.
Called postfire()
Called prefire()
Called fire()
Checking for deadlock:
There are 3 Blocked actors, 0 Stopped actors, and 4 active threads.
Waiting for actors to stop.
Read input token from inputA with value 1.0
Checking for deadlock:
There are 2 Blocked actors, 0 Stopped actors, and 4 active threads.
Waiting for actors to stop.
-- Read input: 0.0, which is expected to match: 0.0
Called prefire()
Called fire()
Checking for deadlock:
There are 3 Blocked actors, 0 Stopped actors, and 4 active threads.
Waiting for actors to stop.
Sent output token with value 0.0
Next port to read input from is inputB
Called postfire()
Called prefire()
Called fire()
Called postfire()
Called prefire()
Called fire()
Checking for deadlock:
There are 3 Blocked actors, 0 Stopped actors, and 4 active threads.
Waiting for actors to stop.
Read input token from inputB with value 1.5
-- Read input: 1.0, which is expected to match: 1.0
Called prefire()
Called fire()
Checking for deadlock:
There are 3 Blocked actors, 0 Stopped actors, and 4 active threads.
Waiting for actors to stop.
Sent output token with value 1.0
Next port to read input from is inputA
Called postfire()
Called prefire()
Called fire()
Checking for deadlock:
There are 2 Blocked actors, 0 Stopped actors, and 4 active threads.
Waiting for actors to stop.
Called postfire()
Called prefire()
Called fire()
Checking for deadlock:
There are 3 Blocked actors, 0 Stopped actors, and 4 active threads.
Waiting for actors to stop.
Read input token from inputA with value 2.0
Checking for deadlock:
There are 2 Blocked actors, 0 Stopped actors, and 4 active threads.
Waiting for actors to stop.
-- Read input: 1.5, which is expected to match: 1.5
Called prefire()
Called fire()
Checking for deadlock:
There are 3 Blocked actors, 0 Stopped actors, and 4 active threads.
Waiting for actors to stop.
Sent output token with value 1.5
Next port to read input from is inputB
Called postfire()
Called prefire()
Called fire()
Checking for deadlock:
There are 2 Blocked actors, 0 Stopped actors, and 4 active threads.
Waiting for actors to stop.
Called postfire()
Called prefire()
Called fire()
Checking for deadlock:
There are 3 Blocked actors, 0 Stopped actors, and 4 active threads.
Waiting for actors to stop.
Read input token from inputB with value 3.0
Checking for deadlock:
There are 2 Blocked actors, 0 Stopped actors, and 4 active threads.
Waiting for actors to stop.
-- Read input: 2.0, which is expected to match: 2.0
Called prefire()
Called fire()
Checking for deadlock:
There are 3 Blocked actors, 0 Stopped actors, and 4 active threads.
Waiting for actors to stop.
Sent output token with value 2.0
Next port to read input from is inputA
Called postfire()
Called prefire()
Called fire()
Checking for deadlock:
There are 2 Blocked actors, 0 Stopped actors, and 4 active threads.
Waiting for actors to stop.
Called postfire()
Called prefire()
Called fire()
Checking for deadlock:
There are 3 Blocked actors, 0 Stopped actors, and 4 active threads.
Waiting for actors to stop.
Read input token from inputA with value 3.0
Checking for deadlock:
There are 2 Blocked actors, 0 Stopped actors, and 4 active threads.
Waiting for actors to stop.
-- Read input: 3.0, which is expected to match: 3.0
Called prefire()
Called fire()
Checking for deadlock:
There are 3 Blocked actors, 0 Stopped actors, and 4 active threads.
Waiting for actors to stop.
Sent output token with value 3.0
Next port to read input from is inputB
Called postfire()
Called prefire()
Called fire()
Called postfire()
Called prefire()
Called fire()
Checking for deadlock:
There are 3 Blocked actors, 0 Stopped actors, and 4 active threads.
Waiting for actors to stop.
Read input token from inputB with value 4.5
-- Read input: 3.0, which is expected to match: 3.0
Called prefire()
Called fire()
Checking for deadlock:
There are 3 Blocked actors, 0 Stopped actors, and 4 active threads.
Waiting for actors to stop.
Sent output token with value 3.0
Next port to read input from is inputA
Called postfire()
Called prefire()
Called fire()
Checking for deadlock:
There are 2 Blocked actors, 0 Stopped actors, and 4 active threads.
Waiting for actors to stop.
Called postfire()
Called prefire()
Called fire()
Checking for deadlock:
There are 3 Blocked actors, 0 Stopped actors, and 4 active threads.
Waiting for actors to stop.
Read input token from inputA with value 4.0
Checking for deadlock:
There are 2 Blocked actors, 0 Stopped actors, and 4 active threads.
Waiting for actors to stop.
-- Read input: 4.0, which is expected to match: 4.0
Called prefire()
Called fire()
Past the end of training data. Read and discard all inputs.
Checking for deadlock:
There are 3 Blocked actors, 0 Stopped actors, and 4 active threads.
Waiting for actors to stop.
Sent output token with value 4.0
Next port to read input from is inputA
Called postfire()
Called prefire()
Called fire()
Checking for deadlock:
There are 2 Blocked actors, 0 Stopped actors, and 4 active threads.
Waiting for actors to stop.
Called postfire()
Called prefire()
Called fire()
Checking for deadlock:
There are 3 Blocked actors, 0 Stopped actors, and 4 active threads.
Waiting for actors to stop.
Read input token from inputA with value 5.0
Checking for deadlock:
There are 2 Blocked actors, 0 Stopped actors, and 4 active threads.
Waiting for actors to stop.
Called prefire()
Called fire()
Past the end of training data. Read and discard all inputs.
Checking for deadlock:
There are 3 Blocked actors, 0 Stopped actors, and 4 active threads.
Waiting for actors to stop.
Sent output token with value 4.5
Next port to read input from is inputB
Called postfire()
Called prefire()
Called fire()
Called postfire()
Called prefire()
Called fire()
Checking for deadlock:
There are 3 Blocked actors, 0 Stopped actors, and 4 active threads.
Waiting for actors to stop.
Read input token from inputB with value 6.0
Called prefire()
Called fire()
Past the end of training data. Read and discard all inputs.
Checking for deadlock:
There are 3 Blocked actors, 0 Stopped actors, and 4 active threads.
Waiting for actors to stop.
Sent output token with value 5.0
Next port to read input from is inputA
Called postfire()
Called prefire()
Called fire()
Checking for deadlock:
There are 2 Blocked actors, 0 Stopped actors, and 4 active threads.
Waiting for actors to stop.
Called postfire()
Called prefire()
Called fire()
Checking for deadlock:
There are 3 Blocked actors, 0 Stopped actors, and 4 active threads.
Waiting for actors to stop.
Read input token from inputA with value 6.0
Checking for deadlock:
There are 2 Blocked actors, 0 Stopped actors, and 4 active threads.
Waiting for actors to stop.
Called prefire()
Called fire()
Past the end of training data. Read and discard all inputs.
Checking for deadlock:
There are 3 Blocked actors, 0 Stopped actors, and 4 active threads.
Waiting for actors to stop.
Sent output token with value 6.0
Next port to read input from is inputB
Called postfire()
Called prefire()
Called fire()
Checking for deadlock:
There are 2 Blocked actors, 0 Stopped actors, and 4 active threads.
Waiting for actors to stop.
Called postfire()
Called prefire()
Called fire()
Checking for deadlock:
There are 3 Blocked actors, 0 Stopped actors, and 4 active threads.
Waiting for actors to stop.
Read input token from inputB with value 7.5
Checking for deadlock:
There are 2 Blocked actors, 0 Stopped actors, and 4 active threads.
Waiting for actors to stop.
Called prefire()
Called fire()
Past the end of training data. Read and discard all inputs.
Checking for deadlock:
There are 3 Blocked actors, 0 Stopped actors, and 4 active threads.
Waiting for actors to stop.
Sent output token with value 6.0
Next port to read input from is inputA
Called postfire()
Called prefire()
Called fire()
Checking for deadlock:
There are 2 Blocked actors, 0 Stopped actors, and 4 active threads.
Waiting for actors to stop.
Called postfire()
Called prefire()
Called fire()
Checking for deadlock:
There are 3 Blocked actors, 0 Stopped actors, and 4 active threads.
Waiting for actors to stop.
Read input token from inputA with value 7.0
Checking for deadlock:
There are 2 Blocked actors, 0 Stopped actors, and 4 active threads.
Waiting for actors to stop.
Called prefire()
Called fire()
Past the end of training data. Read and discard all inputs.
Checking for deadlock:
There are 3 Blocked actors, 0 Stopped actors, and 4 active threads.
Waiting for actors to stop.
Sent output token with value 7.0
Next port to read input from is inputA
Called postfire()
Called prefire()
Called fire()
Checking for deadlock:
There are 2 Blocked actors, 0 Stopped actors, and 4 active threads.
Waiting for actors to stop.
-- Thread wrapup() called.
Called wrapup()
Thread .top.Ramp is exiting.
Checking for deadlock:
There are 2 Blocked actors, 0 Stopped actors, and 3 active threads.
Waiting for actors to stop.
-- Thread stopped.
Read input token from inputA with value 8.0
Called prefire()
Called fire()
Past the end of training data. Read and discard all inputs.
Checking for deadlock:
There are 2 Blocked actors, 0 Stopped actors, and 3 active threads.
Waiting for actors to stop.
Sent output token with value 7.5
Next port to read input from is inputB
Called postfire()
Called prefire()
Called fire()
Checking for deadlock:
There are 1 Blocked actors, 0 Stopped actors, and 3 active threads.
Waiting for actors to stop.
Called postfire()
Called prefire()
Called fire()
Checking for deadlock:
There are 2 Blocked actors, 0 Stopped actors, and 3 active threads.
Waiting for actors to stop.
Read input token from inputB with value 9.0
Checking for deadlock:
There are 1 Blocked actors, 0 Stopped actors, and 3 active threads.
Waiting for actors to stop.
Called prefire()
Called fire()
Past the end of training data. Read and discard all inputs.
Checking for deadlock:
There are 2 Blocked actors, 0 Stopped actors, and 3 active threads.
Waiting for actors to stop.
Sent output token with value 8.0
Next port to read input from is inputA
Called postfire()
Called prefire()
Called fire()
Read input token from inputA with value 9.0
Called prefire()
Called fire()
Past the end of training data. Read and discard all inputs.
Checking for deadlock:
There are 2 Blocked actors, 0 Stopped actors, and 3 active threads.
Waiting for actors to stop.
Sent output token with value 9.0
Next port to read input from is inputB
Called postfire()
Called prefire()
Called fire()
Called postfire()
Called prefire()
Called fire()
Checking for deadlock:
There are 2 Blocked actors, 0 Stopped actors, and 3 active threads.
Waiting for actors to stop.
Read input token from inputB with value 10.5
Called prefire()
Called fire()
Past the end of training data. Read and discard all inputs.
Checking for deadlock:
There are 2 Blocked actors, 0 Stopped actors, and 3 active threads.
Waiting for actors to stop.
Sent output token with value 9.0
Next port to read input from is inputA
Called postfire()
Called prefire()
Called fire()
Checking for deadlock:
There are 3 Blocked actors, 0 Stopped actors, and 3 active threads.
Actors have stopped.
Checking for deadlock:
There are 3 Blocked actors, 0 Stopped actors, and 3 active threads.
Deadlock detected.
Resolving Deadlock
Checking for deadlock:
There are 3 Blocked actors, 0 Stopped actors, and 3 active threads.
Artificial Deadlock - increasing queue capacity.
increasing the capacity of receiver ptolemy.actor.TypedIOPort {.top.OrderedMerge.inputB} to 2
Director: Called postfire().
Called postfire().
_stopRequested = false
_stopFireRequested = false
Returning from postfire(): true
Called fire().
Checking for deadlock:
There are 2 Blocked actors, 0 Stopped actors, and 3 active threads.
Waiting for actors to stop.
-- Thread wrapup() called.
Called wrapup()
Thread .top.Ramp2 is exiting.
-- Thread stopped.
Checking for deadlock:
There are 2 Blocked actors, 0 Stopped actors, and 2 active threads.
Actors have stopped.
Checking for deadlock:
There are 2 Blocked actors, 0 Stopped actors, and 2 active threads.
Deadlock detected.
Resolving Deadlock
Checking for deadlock:
There are 2 Blocked actors, 0 Stopped actors, and 2 active threads.
Deadlock detected: no processes blocked on write, but some are blocked on read.
Called postfire().
_stopRequested = false
_stopFireRequested = false
Returning from postfire(): false
Finished deactivating branches.
Called wrapup().
-- Thread wrapup() called.
Called wrapup()
-- Thread wrapup() called.
Called wrapup()
Thread .top.Test is exiting.
-- Thread stopped.
-- Blocked Receiver call threw TerminateProcessException.
Thread .top.OrderedMerge is exiting.
26 ms. Memory: 129024K Free: 54414K (42%)
/home/travis/build/icyphy/ptII/ptolemy/actor/lib/test/Publisher.tcl
-- Thread stopped.
-- Blocked Receiver call threw TerminateProcessException.
6 ms. Memory: 129024K Free: 48270K (37%)
9 ms. Memory: 129024K Free: 107379K (83%)
11 ms. Memory: 129024K Free: 103658K (80%)
4 ms. Memory: 129024K Free: 102763K (80%)
10 ms. Memory: 129024K Free: 101715K (79%)
4 ms. Memory: 129024K Free: 100707K (78%)
2 ms. Memory: 129024K Free: 100211K (78%)
4 ms. Memory: 129024K Free: 99187K (77%)
23 ms. Memory: 129024K Free: 89457K (69%)
14 ms. Memory: 129024K Free: 108619K (84%)
3 ms. Memory: 129024K Free: 108109K (84%)
3 ms. Memory: 129024K Free: 106061K (82%)
6 ms. Memory: 129024K Free: 98379K (76%)
5 ms. Memory: 129024K Free: 88653K (69%)
15 ms. Memory: 129024K Free: 77389K (60%)
/home/travis/build/icyphy/ptII/ptolemy/actor/lib/test/Pulse.tcl
5 ms. Memory: 155648K Free: 124346K (80%)
10 ms. Memory: 155648K Free: 123850K (80%)
2 ms. Memory: 155648K Free: 123336K (79%)
1 ms. Memory: 155648K Free: 122826K (79%)
1 ms. Memory: 155648K Free: 122312K (79%)
8 ms. Memory: 155648K Free: 120778K (78%)
9 ms. Memory: 155648K Free: 119754K (77%)
2 ms. Memory: 155648K Free: 119226K (77%)
1 ms. Memory: 155648K Free: 118730K (76%)
/home/travis/build/icyphy/ptII/ptolemy/actor/lib/test/Ramp.tcl
5 ms. Memory: 155648K Free: 116682K (75%)
3 ms. Memory: 155648K Free: 115658K (74%)
3 ms. Memory: 155648K Free: 115144K (74%)
2 ms. Memory: 155648K Free: 114106K (73%)
6 ms. Memory: 155648K Free: 113610K (73%)
9 ms. Memory: 155648K Free: 112586K (72%)
6 ms. Memory: 155648K Free: 111562K (72%)
5 actors
6000 microseconds per iteration to create
17 ms. Memory: 155648K Free: 108986K (70%)
2 ms. Memory: 155648K Free: 108490K (70%)
3 ms. Memory: 155648K Free: 107976K (69%)
2 ms. Memory: 155648K Free: 106938K (69%)
50 actors
83000 microseconds per iteration to create
54 ms. Memory: 155648K Free: 91507K (59%)
5 ms. Memory: 155648K Free: 90568K (58%)
21 ms. Memory: 155648K Free: 89544K (58%)
4 ms. Memory: 155648K Free: 88520K (57%)
500 actors
1273000 microseconds per iteration to create
212 ms. Memory: 155648K Free: 73645K (47%)
37 ms. Memory: 155648K Free: 68510K (44%)
37 ms. Memory: 155648K Free: 63405K (41%)
34 ms. Memory: 155648K Free: 58285K (37%)
/home/travis/build/icyphy/ptII/ptolemy/actor/lib/test/RampContinuous.tcl
9 ms. Memory: 155648K Free: 56751K (36%)
/home/travis/build/icyphy/ptII/ptolemy/actor/lib/test/RecordAssembler.tcl
25 ms. Memory: 155648K Free: 132267K (85%)
3 ms. Memory: 155648K Free: 131258K (84%)
/home/travis/build/icyphy/ptII/ptolemy/actor/lib/test/RecordDisassembler.tcl
5 ms. Memory: 155648K Free: 129210K (83%)
2 ms. Memory: 155648K Free: 128700K (83%)
3 ms. Memory: 155648K Free: 127676K (82%)
/home/travis/build/icyphy/ptII/ptolemy/actor/lib/test/Scale.tcl
2 ms. Memory: 155648K Free: 125628K (81%)
1 ms. Memory: 155648K Free: 125107K (80%)
1 ms. Memory: 155648K Free: 124075K (80%)
1 ms. Memory: 155648K Free: 123066K (79%)
2 ms. Memory: 155648K Free: 122556K (79%)
/home/travis/build/icyphy/ptII/ptolemy/actor/lib/test/SequentialClock.tcl
preinitializing
resolving types
initializing
executing number 1
wrapping up
idle
2 ms. Memory: 155648K Free: 121003K (78%)
Completed execution with 5 iterations
preinitializing
resolving types
initializing
executing number 1
wrapping up
idle
1 ms. Memory: 155648K Free: 120508K (77%)
Completed execution with 5 iterations
preinitializing
resolving types
initializing
executing number 1
wrapping up
idle
1 ms. Memory: 155648K Free: 119979K (77%)
Completed execution with 5 iterations
/home/travis/build/icyphy/ptII/ptolemy/actor/lib/test/SetVariable.tcl
4 ms. Memory: 155648K Free: 118460K (76%)
/home/travis/build/icyphy/ptII/ptolemy/actor/lib/test/Sinewave.tcl
/home/travis/build/icyphy/ptII/ptolemy/actor/lib/test/SubscriptionAggregator.tcl
3 ms. Memory: 155648K Free: 106682K (69%)
3 ms. Memory: 155648K Free: 106172K (68%)
1 ms. Memory: 155648K Free: 105643K (68%)
0 ms. Memory: 155648K Free: 105148K (68%)
2 ms. Memory: 155648K Free: 101547K (65%)
11 ms. Memory: 155648K Free: 99514K (64%)
...............................................................1047 ms. Memory: 278528K Free: 188043K (68%)
/home/travis/build/icyphy/ptII/ptolemy/actor/lib/test/Test.tcl
 The next command will produce a warning about training mode,
   which may be ignored.
5 ms. Memory: 278528K Free: 186003K (67%)
3 ms. Memory: 278528K Free: 185493K (67%)
2 ms. Memory: 278528K Free: 184469K (66%)
2 ms. Memory: 278528K Free: 183949K (66%)
1 ms. Memory: 278528K Free: 183445K (66%)
4 ms. Memory: 278528K Free: 182421K (65%)
3 ms. Memory: 278528K Free: 180869K (65%)
 The next command will produce a warning about training mode,
   which may be ignored.
5 ms. Memory: 278528K Free: 178821K (64%)
 The next command will produce a warning about training mode,
   which may be ignored.
3 ms. Memory: 278528K Free: 177301K (64%)
2 ms. Memory: 278528K Free: 176773K (63%)
1 ms. Memory: 278528K Free: 176277K (63%)
2 ms. Memory: 278528K Free: 175749K (63%)
6 ms. Memory: 278528K Free: 174739K (63%)
3 ms. Memory: 278528K Free: 171157K (61%)
/home/travis/build/icyphy/ptII/ptolemy/actor/lib/test/TestExceptionHandler.tcl
 The next command will produce a warning about training mode,
   which may be ignored.
3 ms. Memory: 278528K Free: 170133K (61%)
1 ms. Memory: 278528K Free: 169619K (61%)
1 ms. Memory: 278528K Free: 168581K (61%)
/home/travis/build/icyphy/ptII/ptolemy/actor/lib/test/UnionDisassembler.tcl
14 ms. Memory: 278528K Free: 161427K (58%)
/home/travis/build/icyphy/ptII/ptolemy/actor/lib/test/VariableClock.tcl
preinitializing
resolving types
initializing
executing number 1
wrapping up
idle
3 ms. Memory: 278528K Free: 159893K (57%)
Completed execution with 11 iterations
preinitializing
resolving types
initializing
executing number 1
wrapping up
idle
4 ms. Memory: 278528K Free: 158349K (57%)
Completed execution with 10 iterations
03/05/20 10:44:07
Failed: 0  Total Tests: 233  ((Passed: 233, Newly Passed: 0)  Known Failed: 0) /home/travis/build/icyphy/ptII/ptolemy/actor/lib/test
----------------- testing (KnownFailure) /home/travis/build/icyphy/ptII/ptolemy/actor/lib/test/auto/knownFailedTests/PublisherPortToplevelSubscriber.xml
0 ms. Memory: 278528K Free: 154773K (56%)
Known Failure: java.lang.reflect.InvocationTargetException
----------------- testing (KnownFailure) /home/travis/build/icyphy/ptII/ptolemy/actor/lib/test/auto/knownFailedTests/PublisherSubscriberPortToplevel.xml
1 ms. Memory: 278528K Free: 151173K (54%)
Known Failure: java.lang.reflect.InvocationTargetException
----------------- testing (KnownFailure) /home/travis/build/icyphy/ptII/ptolemy/actor/lib/test/auto/knownFailedTests/PublisherSubscriptionAggregatorPort.xml
0 ms. Memory: 278528K Free: 146581K (53%)
Known Failure: java.lang.reflect.InvocationTargetException
----------------- testing (KnownFailure) /home/travis/build/icyphy/ptII/ptolemy/actor/lib/test/auto/knownFailedTests/sizedarray3.xml
8 ms. Memory: 278528K Free: 142485K (51%)
Known Failure: java.lang.reflect.InvocationTargetException
No auto/linux-amd64/*.xml tests in /home/travis/build/icyphy/ptII/ptolemy/actor/lib/test
AutoTests.java: About to close Vertx.
AutoTests.java: Vertx closed.

===========================================================================================
----------------- testing Thu Mar 05 22:44:08 UTC 2020 /home/travis/build/icyphy/ptII/ptolemy/actor/lib/test/auto/AbsoluteValue.xml
----------------- Instantiating /home/travis/build/icyphy/ptII/ptolemy/actor/lib/test/auto/AbsoluteValue.xml
23 ms. Memory: 278528K Free: 119443K (43%)
----------------- Invoking toplevel() on ptolemy.moml.MoMLSimpleApplication@2f66cf3a
----------------- Done invoking toplevel() on ptolemy.moml.MoMLSimpleApplication@2f66cf3a
reloadAllAccessors: .AbsoluteValue

===========================================================================================
----------------- testing Thu Mar 05 22:44:08 UTC 2020 /home/travis/build/icyphy/ptII/ptolemy/actor/lib/test/auto/AbsoluteValue2.xml
----------------- Instantiating /home/travis/build/icyphy/ptII/ptolemy/actor/lib/test/auto/AbsoluteValue2.xml
5 ms. Memory: 278528K Free: 112789K (40%)
----------------- Invoking toplevel() on ptolemy.moml.MoMLSimpleApplication@37ba9154
----------------- Done invoking toplevel() on ptolemy.moml.MoMLSimpleApplication@37ba9154
reloadAllAccessors: .AbsoluteValue2

===========================================================================================
----------------- testing Thu Mar 05 22:44:08 UTC 2020 /home/travis/build/icyphy/ptII/ptolemy/actor/lib/test/auto/Accumulator.xml
----------------- Instantiating /home/travis/build/icyphy/ptII/ptolemy/actor/lib/test/auto/Accumulator.xml
6 ms. Memory: 278528K Free: 106645K (38%)
----------------- Invoking toplevel() on ptolemy.moml.MoMLSimpleApplication@421feaa2
----------------- Done invoking toplevel() on ptolemy.moml.MoMLSimpleApplication@421feaa2
reloadAllAccessors: .Accumulator

===========================================================================================
----------------- testing Thu Mar 05 22:44:08 UTC 2020 /home/travis/build/icyphy/ptII/ptolemy/actor/lib/test/auto/Accumulator2.xml
----------------- Instantiating /home/travis/build/icyphy/ptII/ptolemy/actor/lib/test/auto/Accumulator2.xml
10 ms. Memory: 278528K Free: 228708K (82%)
----------------- Invoking toplevel() on ptolemy.moml.MoMLSimpleApplication@1190ffee
----------------- Done invoking toplevel() on ptolemy.moml.MoMLSimpleApplication@1190ffee
reloadAllAccessors: .Accumulator2

===========================================================================================
----------------- testing Thu Mar 05 22:44:08 UTC 2020 /home/travis/build/icyphy/ptII/ptolemy/actor/lib/test/auto/Accumulator3.xml
----------------- Instantiating /home/travis/build/icyphy/ptII/ptolemy/actor/lib/test/auto/Accumulator3.xml
2 ms. Memory: 278528K Free: 224098K (80%)
----------------- Invoking toplevel() on ptolemy.moml.MoMLSimpleApplication@6f20e273
----------------- Done invoking toplevel() on ptolemy.moml.MoMLSimpleApplication@6f20e273
reloadAllAccessors: .Accumulator3

===========================================================================================
----------------- testing Thu Mar 05 22:44:08 UTC 2020 /home/travis/build/icyphy/ptII/ptolemy/actor/lib/test/auto/ArrayAppend.xml
----------------- Instantiating /home/travis/build/icyphy/ptII/ptolemy/actor/lib/test/auto/ArrayAppend.xml
4 ms. Memory: 278528K Free: 218468K (78%)
----------------- Invoking toplevel() on ptolemy.moml.MoMLSimpleApplication@2c9530cd
----------------- Done invoking toplevel() on ptolemy.moml.MoMLSimpleApplication@2c9530cd
reloadAllAccessors: .ArrayAppend

===========================================================================================
----------------- testing Thu Mar 05 22:44:08 UTC 2020 /home/travis/build/icyphy/ptII/ptolemy/actor/lib/test/auto/ArrayAppend2.xml
----------------- Instantiating /home/travis/build/icyphy/ptII/ptolemy/actor/lib/test/auto/ArrayAppend2.xml
306 ms. Memory: 278528K Free: 135524K (49%)
----------------- Invoking toplevel() on ptolemy.moml.MoMLSimpleApplication@69d4b841
----------------- Done invoking toplevel() on ptolemy.moml.MoMLSimpleApplication@69d4b841
reloadAllAccessors: .ArrayAppend2

===========================================================================================
----------------- testing Thu Mar 05 22:44:08 UTC 2020 /home/travis/build/icyphy/ptII/ptolemy/actor/lib/test/auto/ArrayAppend3.xml
----------------- Instantiating /home/travis/build/icyphy/ptII/ptolemy/actor/lib/test/auto/ArrayAppend3.xml
3 ms. Memory: 278528K Free: 130404K (47%)
----------------- Invoking toplevel() on ptolemy.moml.MoMLSimpleApplication@75ef471a
----------------- Done invoking toplevel() on ptolemy.moml.MoMLSimpleApplication@75ef471a
reloadAllAccessors: .ArrayAppend3

===========================================================================================
----------------- testing Thu Mar 05 22:44:09 UTC 2020 /home/travis/build/icyphy/ptII/ptolemy/actor/lib/test/auto/ArrayAppend4.xml
----------------- Instantiating /home/travis/build/icyphy/ptII/ptolemy/actor/lib/test/auto/ArrayAppend4.xml
2 ms. Memory: 278528K Free: 124770K (45%)
----------------- Invoking toplevel() on ptolemy.moml.MoMLSimpleApplication@26d3d1e5
----------------- Done invoking toplevel() on ptolemy.moml.MoMLSimpleApplication@26d3d1e5
reloadAllAccessors: .ArrayAppend4

===========================================================================================
----------------- testing Thu Mar 05 22:44:09 UTC 2020 /home/travis/build/icyphy/ptII/ptolemy/actor/lib/test/auto/ArrayAppend5.xml
----------------- Instantiating /home/travis/build/icyphy/ptII/ptolemy/actor/lib/test/auto/ArrayAppend5.xml
1 ms. Memory: 278528K Free: 119650K (43%)
----------------- Invoking toplevel() on ptolemy.moml.MoMLSimpleApplication@5b67bf5b
----------------- Done invoking toplevel() on ptolemy.moml.MoMLSimpleApplication@5b67bf5b
reloadAllAccessors: .ArrayAppend5

===========================================================================================
----------------- testing Thu Mar 05 22:44:09 UTC 2020 /home/travis/build/icyphy/ptII/ptolemy/actor/lib/test/auto/ArrayAppend6.xml
----------------- Instantiating /home/travis/build/icyphy/ptII/ptolemy/actor/lib/test/auto/ArrayAppend6.xml
5 ms. Memory: 278528K Free: 114530K (41%)
----------------- Invoking toplevel() on ptolemy.moml.MoMLSimpleApplication@f6cb366
----------------- Done invoking toplevel() on ptolemy.moml.MoMLSimpleApplication@f6cb366
reloadAllAccessors: .ArrayAppend6

===========================================================================================
----------------- testing Thu Mar 05 22:44:09 UTC 2020 /home/travis/build/icyphy/ptII/ptolemy/actor/lib/test/auto/ArrayAppendPerformanceTest.xml
----------------- Instantiating /home/travis/build/icyphy/ptII/ptolemy/actor/lib/test/auto/ArrayAppendPerformanceTest.xml
54 ms. Memory: 278528K Free: 103266K (37%)
----------------- Invoking toplevel() on ptolemy.moml.MoMLSimpleApplication@1c6a3931
----------------- Done invoking toplevel() on ptolemy.moml.MoMLSimpleApplication@1c6a3931
reloadAllAccessors: .ArrayAppendPerformanceTest

===========================================================================================
----------------- testing Thu Mar 05 22:44:09 UTC 2020 /home/travis/build/icyphy/ptII/ptolemy/actor/lib/test/auto/ArrayAppendWithEmptyInput.xml
----------------- Instantiating /home/travis/build/icyphy/ptII/ptolemy/actor/lib/test/auto/ArrayAppendWithEmptyInput.xml
8 ms. Memory: 278528K Free: 95588K (34%)
----------------- Invoking toplevel() on ptolemy.moml.MoMLSimpleApplication@2521e685
----------------- Done invoking toplevel() on ptolemy.moml.MoMLSimpleApplication@2521e685
reloadAllAccessors: .ArrayAppendWithEmptyInput

===========================================================================================
----------------- testing Thu Mar 05 22:44:09 UTC 2020 /home/travis/build/icyphy/ptII/ptolemy/actor/lib/test/auto/ArrayAverage.xml
----------------- Instantiating /home/travis/build/icyphy/ptII/ptolemy/actor/lib/test/auto/ArrayAverage.xml
5 ms. Memory: 278528K Free: 228389K (82%)
----------------- Invoking toplevel() on ptolemy.moml.MoMLSimpleApplication@27d133e
----------------- Done invoking toplevel() on ptolemy.moml.MoMLSimpleApplication@27d133e
reloadAllAccessors: .ArrayAverage

===========================================================================================
----------------- testing Thu Mar 05 22:44:09 UTC 2020 /home/travis/build/icyphy/ptII/ptolemy/actor/lib/test/auto/ArrayContains.xml
----------------- Instantiating /home/travis/build/icyphy/ptII/ptolemy/actor/lib/test/auto/ArrayContains.xml
6 ms. Memory: 278528K Free: 222245K (80%)
----------------- Invoking toplevel() on ptolemy.moml.MoMLSimpleApplication@69c25da9
----------------- Done invoking toplevel() on ptolemy.moml.MoMLSimpleApplication@69c25da9
reloadAllAccessors: .ArrayContains

===========================================================================================
----------------- testing Thu Mar 05 22:44:09 UTC 2020 /home/travis/build/icyphy/ptII/ptolemy/actor/lib/test/auto/ArrayElement.xml
----------------- Instantiating /home/travis/build/icyphy/ptII/ptolemy/actor/lib/test/auto/ArrayElement.xml
3 ms. Memory: 278528K Free: 217094K (78%)
----------------- Invoking toplevel() on ptolemy.moml.MoMLSimpleApplication@4aef3d5d
----------------- Done invoking toplevel() on ptolemy.moml.MoMLSimpleApplication@4aef3d5d
reloadAllAccessors: .ArrayElement

===========================================================================================
----------------- testing Thu Mar 05 22:44:09 UTC 2020 /home/travis/build/icyphy/ptII/ptolemy/actor/lib/test/auto/ArrayElementAsMatrix.xml
----------------- Instantiating /home/travis/build/icyphy/ptII/ptolemy/actor/lib/test/auto/ArrayElementAsMatrix.xml
13 ms. Memory: 278528K Free: 206885K (74%)
----------------- Invoking toplevel() on ptolemy.moml.MoMLSimpleApplication@693bc5ac
----------------- Done invoking toplevel() on ptolemy.moml.MoMLSimpleApplication@693bc5ac
reloadAllAccessors: .ArrayElementAsMatrix

===========================================================================================
----------------- testing Thu Mar 05 22:44:09 UTC 2020 /home/travis/build/icyphy/ptII/ptolemy/actor/lib/test/auto/ArrayElementI.xml
----------------- Instantiating /home/travis/build/icyphy/ptII/ptolemy/actor/lib/test/auto/ArrayElementI.xml
9 ms. Memory: 278528K Free: 201750K (72%)
----------------- Invoking toplevel() on ptolemy.moml.MoMLSimpleApplication@72e8ce37
----------------- Done invoking toplevel() on ptolemy.moml.MoMLSimpleApplication@72e8ce37
reloadAllAccessors: .ArrayElementI

===========================================================================================
----------------- testing Thu Mar 05 22:44:09 UTC 2020 /home/travis/build/icyphy/ptII/ptolemy/actor/lib/test/auto/ArrayExtract.xml
----------------- Instantiating /home/travis/build/icyphy/ptII/ptolemy/actor/lib/test/auto/ArrayExtract.xml
6 ms. Memory: 278528K Free: 193063K (69%)
----------------- Invoking toplevel() on ptolemy.moml.MoMLSimpleApplication@775868ce
----------------- Done invoking toplevel() on ptolemy.moml.MoMLSimpleApplication@775868ce
reloadAllAccessors: .ArrayExtract

===========================================================================================
----------------- testing Thu Mar 05 22:44:09 UTC 2020 /home/travis/build/icyphy/ptII/ptolemy/actor/lib/test/auto/ArrayExtract2.xml
----------------- Instantiating /home/travis/build/icyphy/ptII/ptolemy/actor/lib/test/auto/ArrayExtract2.xml
3 ms. Memory: 278528K Free: 187943K (67%)
----------------- Invoking toplevel() on ptolemy.moml.MoMLSimpleApplication@248a4a9d
----------------- Done invoking toplevel() on ptolemy.moml.MoMLSimpleApplication@248a4a9d
reloadAllAccessors: .ArrayExtract2

===========================================================================================
----------------- testing Thu Mar 05 22:44:09 UTC 2020 /home/travis/build/icyphy/ptII/ptolemy/actor/lib/test/auto/ArrayLength.xml
----------------- Instantiating /home/travis/build/icyphy/ptII/ptolemy/actor/lib/test/auto/ArrayLength.xml
1 ms. Memory: 278528K Free: 183847K (66%)
----------------- Invoking toplevel() on ptolemy.moml.MoMLSimpleApplication@3c697275
----------------- Done invoking toplevel() on ptolemy.moml.MoMLSimpleApplication@3c697275
reloadAllAccessors: .ArrayLength

===========================================================================================
----------------- testing Thu Mar 05 22:44:09 UTC 2020 /home/travis/build/icyphy/ptII/ptolemy/actor/lib/test/auto/ArrayLevelCrossing.xml
----------------- Instantiating /home/travis/build/icyphy/ptII/ptolemy/actor/lib/test/auto/ArrayLevelCrossing.xml
3 ms. Memory: 278528K Free: 176165K (63%)
----------------- Invoking toplevel() on ptolemy.moml.MoMLSimpleApplication@5b7dd60f
----------------- Done invoking toplevel() on ptolemy.moml.MoMLSimpleApplication@5b7dd60f
reloadAllAccessors: .ArrayLevelCrossing

===========================================================================================
----------------- testing Thu Mar 05 22:44:09 UTC 2020 /home/travis/build/icyphy/ptII/ptolemy/actor/lib/test/auto/ArrayLevelCrossing2.xml
----------------- Instantiating /home/travis/build/icyphy/ptII/ptolemy/actor/lib/test/auto/ArrayLevelCrossing2.xml
2 ms. Memory: 278528K Free: 168982K (61%)
----------------- Invoking toplevel() on ptolemy.moml.MoMLSimpleApplication@2508463
----------------- Done invoking toplevel() on ptolemy.moml.MoMLSimpleApplication@2508463
reloadAllAccessors: .ArrayLevelCrossing2

===========================================================================================
----------------- testing Thu Mar 05 22:44:09 UTC 2020 /home/travis/build/icyphy/ptII/ptolemy/actor/lib/test/auto/ArrayPeakSearch.xml
----------------- Instantiating /home/travis/build/icyphy/ptII/ptolemy/actor/lib/test/auto/ArrayPeakSearch.xml
4 ms. Memory: 278528K Free: 160295K (58%)
----------------- Invoking toplevel() on ptolemy.moml.MoMLSimpleApplication@40f698cf
----------------- Done invoking toplevel() on ptolemy.moml.MoMLSimpleApplication@40f698cf
reloadAllAccessors: .ArrayPeakSearch

===========================================================================================
----------------- testing Thu Mar 05 22:44:09 UTC 2020 /home/travis/build/icyphy/ptII/ptolemy/actor/lib/test/auto/ArrayPeakSearch2.xml
----------------- Instantiating /home/travis/build/icyphy/ptII/ptolemy/actor/lib/test/auto/ArrayPeakSearch2.xml
4 ms. Memory: 278528K Free: 149526K (54%)
----------------- Invoking toplevel() on ptolemy.moml.MoMLSimpleApplication@22684347
----------------- Done invoking toplevel() on ptolemy.moml.MoMLSimpleApplication@22684347
reloadAllAccessors: .ArrayPeakSearch2

===========================================================================================
----------------- testing Thu Mar 05 22:44:09 UTC 2020 /home/travis/build/icyphy/ptII/ptolemy/actor/lib/test/auto/ArrayPeakSearch3.xml
----------------- Instantiating /home/travis/build/icyphy/ptII/ptolemy/actor/lib/test/auto/ArrayPeakSearch3.xml
4 ms. Memory: 278528K Free: 140839K (51%)
----------------- Invoking toplevel() on ptolemy.moml.MoMLSimpleApplication@10390ce7
----------------- Done invoking toplevel() on ptolemy.moml.MoMLSimpleApplication@10390ce7
reloadAllAccessors: .ArrayPeakSearch3

===========================================================================================
----------------- testing Thu Mar 05 22:44:09 UTC 2020 /home/travis/build/icyphy/ptII/ptolemy/actor/lib/test/auto/ArrayRemoveElement.xml
----------------- Instantiating /home/travis/build/icyphy/ptII/ptolemy/actor/lib/test/auto/ArrayRemoveElement.xml
3 ms. Memory: 278528K Free: 132647K (48%)
----------------- Invoking toplevel() on ptolemy.moml.MoMLSimpleApplication@14293b3
----------------- Done invoking toplevel() on ptolemy.moml.MoMLSimpleApplication@14293b3
reloadAllAccessors: .ArrayRemoveElement

===========================================================================================
----------------- testing Thu Mar 05 22:44:09 UTC 2020 /home/travis/build/icyphy/ptII/ptolemy/actor/lib/test/auto/ArraySort.xml
----------------- Instantiating /home/travis/build/icyphy/ptII/ptolemy/actor/lib/test/auto/ArraySort.xml
8 ms. Memory: 278528K Free: 123941K (44%)
----------------- Invoking toplevel() on ptolemy.moml.MoMLSimpleApplication@20c9404
----------------- Done invoking toplevel() on ptolemy.moml.MoMLSimpleApplication@20c9404
reloadAllAccessors: .ArraySort

===========================================================================================
----------------- testing Thu Mar 05 22:44:09 UTC 2020 /home/travis/build/icyphy/ptII/ptolemy/actor/lib/test/auto/ArraySum.xml
----------------- Instantiating /home/travis/build/icyphy/ptII/ptolemy/actor/lib/test/auto/ArraySum.xml
6 ms. Memory: 278528K Free: 118311K (42%)
----------------- Invoking toplevel() on ptolemy.moml.MoMLSimpleApplication@7ff6be77
----------------- Done invoking toplevel() on ptolemy.moml.MoMLSimpleApplication@7ff6be77
reloadAllAccessors: .ArraySum

===========================================================================================
----------------- testing Thu Mar 05 22:44:09 UTC 2020 /home/travis/build/icyphy/ptII/ptolemy/actor/lib/test/auto/ArrayToElements.xml
----------------- Instantiating /home/travis/build/icyphy/ptII/ptolemy/actor/lib/test/auto/ArrayToElements.xml
4 ms. Memory: 278528K Free: 113191K (41%)
----------------- Invoking toplevel() on ptolemy.moml.MoMLSimpleApplication@16e7908f
----------------- Done invoking toplevel() on ptolemy.moml.MoMLSimpleApplication@16e7908f
reloadAllAccessors: .ArrayToElements

===========================================================================================
----------------- testing Thu Mar 05 22:44:09 UTC 2020 /home/travis/build/icyphy/ptII/ptolemy/actor/lib/test/auto/ArrayToMatrix.xml
----------------- Instantiating /home/travis/build/icyphy/ptII/ptolemy/actor/lib/test/auto/ArrayToMatrix.xml
9 ms. Memory: 278528K Free: 98855K (35%)
----------------- Invoking toplevel() on ptolemy.moml.MoMLSimpleApplication@a5aae54
----------------- Done invoking toplevel() on ptolemy.moml.MoMLSimpleApplication@a5aae54
reloadAllAccessors: .ArrayToMatrix

===========================================================================================
----------------- testing Thu Mar 05 22:44:09 UTC 2020 /home/travis/build/icyphy/ptII/ptolemy/actor/lib/test/auto/ArrayUpdate1.xml
----------------- Instantiating /home/travis/build/icyphy/ptII/ptolemy/actor/lib/test/auto/ArrayUpdate1.xml
5 ms. Memory: 278528K Free: 94245K (34%)
----------------- Invoking toplevel() on ptolemy.moml.MoMLSimpleApplication@12974a7b
----------------- Done invoking toplevel() on ptolemy.moml.MoMLSimpleApplication@12974a7b
reloadAllAccessors: .ArrayUpdate1

===========================================================================================
----------------- testing Thu Mar 05 22:44:09 UTC 2020 /home/travis/build/icyphy/ptII/ptolemy/actor/lib/test/auto/ArrayUpdate2.xml
----------------- Instantiating /home/travis/build/icyphy/ptII/ptolemy/actor/lib/test/auto/ArrayUpdate2.xml
5 ms. Memory: 278528K Free: 87591K (31%)
----------------- Invoking toplevel() on ptolemy.moml.MoMLSimpleApplication@468cc26
----------------- Done invoking toplevel() on ptolemy.moml.MoMLSimpleApplication@468cc26
reloadAllAccessors: .ArrayUpdate2

===========================================================================================
----------------- testing Thu Mar 05 22:44:09 UTC 2020 /home/travis/build/icyphy/ptII/ptolemy/actor/lib/test/auto/ArrayUpdate3.xml
----------------- Instantiating /home/travis/build/icyphy/ptII/ptolemy/actor/lib/test/auto/ArrayUpdate3.xml
8 ms. Memory: 278528K Free: 82981K (30%)
----------------- Invoking toplevel() on ptolemy.moml.MoMLSimpleApplication@5dc0bcf3
----------------- Done invoking toplevel() on ptolemy.moml.MoMLSimpleApplication@5dc0bcf3
reloadAllAccessors: .ArrayUpdate3

===========================================================================================
----------------- testing Thu Mar 05 22:44:09 UTC 2020 /home/travis/build/icyphy/ptII/ptolemy/actor/lib/test/auto/Assert1.xml
----------------- Instantiating /home/travis/build/icyphy/ptII/ptolemy/actor/lib/test/auto/Assert1.xml
4 ms. Memory: 278528K Free: 228094K (82%)
----------------- Invoking toplevel() on ptolemy.moml.MoMLSimpleApplication@108ef9b0
----------------- Done invoking toplevel() on ptolemy.moml.MoMLSimpleApplication@108ef9b0
reloadAllAccessors: .Assert1

===========================================================================================
----------------- testing Thu Mar 05 22:44:10 UTC 2020 /home/travis/build/icyphy/ptII/ptolemy/actor/lib/test/auto/Assert2.xml
----------------- Instantiating /home/travis/build/icyphy/ptII/ptolemy/actor/lib/test/auto/Assert2.xml
2 ms. Memory: 278528K Free: 222245K (80%)
----------------- Invoking toplevel() on ptolemy.moml.MoMLSimpleApplication@f0f7161
----------------- Done invoking toplevel() on ptolemy.moml.MoMLSimpleApplication@f0f7161
reloadAllAccessors: .Assert2

===========================================================================================
----------------- testing Thu Mar 05 22:44:10 UTC 2020 /home/travis/build/icyphy/ptII/ptolemy/actor/lib/test/auto/BooleanMultiplexor.xml
----------------- Instantiating /home/travis/build/icyphy/ptII/ptolemy/actor/lib/test/auto/BooleanMultiplexor.xml
2 ms. Memory: 278528K Free: 217110K (78%)
----------------- Invoking toplevel() on ptolemy.moml.MoMLSimpleApplication@60914879
----------------- Done invoking toplevel() on ptolemy.moml.MoMLSimpleApplication@60914879
reloadAllAccessors: .BooleanMultiplexor

===========================================================================================
----------------- testing Thu Mar 05 22:44:10 UTC 2020 /home/travis/build/icyphy/ptII/ptolemy/actor/lib/test/auto/BooleanMultiplexor2.xml
----------------- Instantiating /home/travis/build/icyphy/ptII/ptolemy/actor/lib/test/auto/BooleanMultiplexor2.xml
3 ms. Memory: 278528K Free: 210469K (76%)
----------------- Invoking toplevel() on ptolemy.moml.MoMLSimpleApplication@1458223e
----------------- Done invoking toplevel() on ptolemy.moml.MoMLSimpleApplication@1458223e
reloadAllAccessors: .BooleanMultiplexor2

===========================================================================================
----------------- testing Thu Mar 05 22:44:10 UTC 2020 /home/travis/build/icyphy/ptII/ptolemy/actor/lib/test/auto/BooleanMultiplexor3.xml
----------------- Instantiating /home/travis/build/icyphy/ptII/ptolemy/actor/lib/test/auto/BooleanMultiplexor3.xml
2 ms. Memory: 278528K Free: 206885K (74%)
----------------- Invoking toplevel() on ptolemy.moml.MoMLSimpleApplication@26ff5558
----------------- Done invoking toplevel() on ptolemy.moml.MoMLSimpleApplication@26ff5558
reloadAllAccessors: .BooleanMultiplexor3

===========================================================================================
----------------- testing Thu Mar 05 22:44:10 UTC 2020 /home/travis/build/icyphy/ptII/ptolemy/actor/lib/test/auto/BooleanSelect.xml
----------------- Instantiating /home/travis/build/icyphy/ptII/ptolemy/actor/lib/test/auto/BooleanSelect.xml
4 ms. Memory: 278528K Free: 200726K (72%)
----------------- Invoking toplevel() on ptolemy.moml.MoMLSimpleApplication@46474ce9
----------------- Done invoking toplevel() on ptolemy.moml.MoMLSimpleApplication@46474ce9
reloadAllAccessors: .BooleanSelect

===========================================================================================
----------------- testing Thu Mar 05 22:44:10 UTC 2020 /home/travis/build/icyphy/ptII/ptolemy/actor/lib/test/auto/BooleanSelect2.xml
----------------- Instantiating /home/travis/build/icyphy/ptII/ptolemy/actor/lib/test/auto/BooleanSelect2.xml
1 ms. Memory: 278528K Free: 196645K (71%)
----------------- Invoking toplevel() on ptolemy.moml.MoMLSimpleApplication@4932ea36
----------------- Done invoking toplevel() on ptolemy.moml.MoMLSimpleApplication@4932ea36
reloadAllAccessors: .BooleanSelect2

===========================================================================================
----------------- testing Thu Mar 05 22:44:10 UTC 2020 /home/travis/build/icyphy/ptII/ptolemy/actor/lib/test/auto/BooleanSwitch.xml
----------------- Instantiating /home/travis/build/icyphy/ptII/ptolemy/actor/lib/test/auto/BooleanSwitch.xml
7 ms. Memory: 278528K Free: 190501K (68%)
----------------- Invoking toplevel() on ptolemy.moml.MoMLSimpleApplication@19a33530
----------------- Done invoking toplevel() on ptolemy.moml.MoMLSimpleApplication@19a33530
reloadAllAccessors: .BooleanSwitch

===========================================================================================
----------------- testing Thu Mar 05 22:44:10 UTC 2020 /home/travis/build/icyphy/ptII/ptolemy/actor/lib/test/auto/BooleanSwitch2.xml
----------------- Instantiating /home/travis/build/icyphy/ptII/ptolemy/actor/lib/test/auto/BooleanSwitch2.xml
1 ms. Memory: 278528K Free: 186405K (67%)
----------------- Invoking toplevel() on ptolemy.moml.MoMLSimpleApplication@3ef8a34c
----------------- Done invoking toplevel() on ptolemy.moml.MoMLSimpleApplication@3ef8a34c
reloadAllAccessors: .BooleanSwitch2

===========================================================================================
----------------- testing Thu Mar 05 22:44:10 UTC 2020 /home/travis/build/icyphy/ptII/ptolemy/actor/lib/test/auto/BooleanSwitchCloningBugWithClassRelationGroup.xml
----------------- Instantiating /home/travis/build/icyphy/ptII/ptolemy/actor/lib/test/auto/BooleanSwitchCloningBugWithClassRelationGroup.xml
5 ms. Memory: 278528K Free: 179751K (65%)
----------------- Invoking toplevel() on ptolemy.moml.MoMLSimpleApplication@50af733f
----------------- Done invoking toplevel() on ptolemy.moml.MoMLSimpleApplication@50af733f
reloadAllAccessors: .BooleanSwitchCloningBugWithClassRelationGroup

===========================================================================================
----------------- testing Thu Mar 05 22:44:10 UTC 2020 /home/travis/build/icyphy/ptII/ptolemy/actor/lib/test/auto/BusActors.xml
----------------- Instantiating /home/travis/build/icyphy/ptII/ptolemy/actor/lib/test/auto/BusActors.xml
7 ms. Memory: 278528K Free: 172069K (62%)
----------------- Invoking toplevel() on ptolemy.moml.MoMLSimpleApplication@22578870
----------------- Done invoking toplevel() on ptolemy.moml.MoMLSimpleApplication@22578870
reloadAllAccessors: .BusActors

===========================================================================================
----------------- testing Thu Mar 05 22:44:10 UTC 2020 /home/travis/build/icyphy/ptII/ptolemy/actor/lib/test/auto/ClassWrapper.xml
----------------- Instantiating /home/travis/build/icyphy/ptII/ptolemy/actor/lib/test/auto/ClassWrapper.xml
4 ms. Memory: 278528K Free: 167463K (60%)
----------------- Invoking toplevel() on ptolemy.moml.MoMLSimpleApplication@3bb89a4e
----------------- Done invoking toplevel() on ptolemy.moml.MoMLSimpleApplication@3bb89a4e
reloadAllAccessors: .ClassWrapper

===========================================================================================
----------------- testing Thu Mar 05 22:44:10 UTC 2020 /home/travis/build/icyphy/ptII/ptolemy/actor/lib/test/auto/Clock.xml
----------------- Instantiating /home/travis/build/icyphy/ptII/ptolemy/actor/lib/test/auto/Clock.xml
1 ms. Memory: 278528K Free: 163877K (59%)
----------------- Invoking toplevel() on ptolemy.moml.MoMLSimpleApplication@758226c0
----------------- Done invoking toplevel() on ptolemy.moml.MoMLSimpleApplication@758226c0
reloadAllAccessors: .Clock

===========================================================================================
----------------- testing Thu Mar 05 22:44:10 UTC 2020 /home/travis/build/icyphy/ptII/ptolemy/actor/lib/test/auto/Clock10.xml
----------------- Instantiating /home/travis/build/icyphy/ptII/ptolemy/actor/lib/test/auto/Clock10.xml
3 ms. Memory: 278528K Free: 157733K (57%)
----------------- Invoking toplevel() on ptolemy.moml.MoMLSimpleApplication@502d0880
----------------- Done invoking toplevel() on ptolemy.moml.MoMLSimpleApplication@502d0880
reloadAllAccessors: .Clock10

===========================================================================================
----------------- testing Thu Mar 05 22:44:10 UTC 2020 /home/travis/build/icyphy/ptII/ptolemy/actor/lib/test/auto/Clock11.xml
----------------- Instantiating /home/travis/build/icyphy/ptII/ptolemy/actor/lib/test/auto/Clock11.xml
8 ms. Memory: 278528K Free: 152103K (55%)
----------------- Invoking toplevel() on ptolemy.moml.MoMLSimpleApplication@18df7b2a
----------------- Done invoking toplevel() on ptolemy.moml.MoMLSimpleApplication@18df7b2a
reloadAllAccessors: .Clock11

===========================================================================================
----------------- testing Thu Mar 05 22:44:10 UTC 2020 /home/travis/build/icyphy/ptII/ptolemy/actor/lib/test/auto/Clock12.xml
----------------- Instantiating /home/travis/build/icyphy/ptII/ptolemy/actor/lib/test/auto/Clock12.xml
5 ms. Memory: 278528K Free: 145959K (52%)
----------------- Invoking toplevel() on ptolemy.moml.MoMLSimpleApplication@320038a1
----------------- Done invoking toplevel() on ptolemy.moml.MoMLSimpleApplication@320038a1
reloadAllAccessors: .Clock12

===========================================================================================
----------------- testing Thu Mar 05 22:44:10 UTC 2020 /home/travis/build/icyphy/ptII/ptolemy/actor/lib/test/auto/Clock13.xml
----------------- Instantiating /home/travis/build/icyphy/ptII/ptolemy/actor/lib/test/auto/Clock13.xml
4 ms. Memory: 278528K Free: 140318K (50%)
----------------- Invoking toplevel() on ptolemy.moml.MoMLSimpleApplication@606c1728
----------------- Done invoking toplevel() on ptolemy.moml.MoMLSimpleApplication@606c1728
reloadAllAccessors: .Clock13

===========================================================================================
----------------- testing Thu Mar 05 22:44:10 UTC 2020 /home/travis/build/icyphy/ptII/ptolemy/actor/lib/test/auto/Clock14.xml
----------------- Instantiating /home/travis/build/icyphy/ptII/ptolemy/actor/lib/test/auto/Clock14.xml
3 ms. Memory: 278528K Free: 134174K (48%)
----------------- Invoking toplevel() on ptolemy.moml.MoMLSimpleApplication@3c630780
----------------- Done invoking toplevel() on ptolemy.moml.MoMLSimpleApplication@3c630780
reloadAllAccessors: .Clock14

===========================================================================================
----------------- testing Thu Mar 05 22:44:10 UTC 2020 /home/travis/build/icyphy/ptII/ptolemy/actor/lib/test/auto/Clock15.xml
----------------- Instantiating /home/travis/build/icyphy/ptII/ptolemy/actor/lib/test/auto/Clock15.xml
6 ms. Memory: 278528K Free: 128006K (46%)
----------------- Invoking toplevel() on ptolemy.moml.MoMLSimpleApplication@3d07fbec
----------------- Done invoking toplevel() on ptolemy.moml.MoMLSimpleApplication@3d07fbec
reloadAllAccessors: .Clock15

===========================================================================================
----------------- testing Thu Mar 05 22:44:10 UTC 2020 /home/travis/build/icyphy/ptII/ptolemy/actor/lib/test/auto/Clock16.xml
----------------- Instantiating /home/travis/build/icyphy/ptII/ptolemy/actor/lib/test/auto/Clock16.xml
33 ms. Memory: 278528K Free: 113694K (41%)
----------------- Invoking toplevel() on ptolemy.moml.MoMLSimpleApplication@350d030c
----------------- Done invoking toplevel() on ptolemy.moml.MoMLSimpleApplication@350d030c
reloadAllAccessors: .Clock16

===========================================================================================
----------------- testing Thu Mar 05 22:44:10 UTC 2020 /home/travis/build/icyphy/ptII/ptolemy/actor/lib/test/auto/Clock17.xml
----------------- Instantiating /home/travis/build/icyphy/ptII/ptolemy/actor/lib/test/auto/Clock17.xml
22 ms. Memory: 278528K Free: 99350K (36%)
----------------- Invoking toplevel() on ptolemy.moml.MoMLSimpleApplication@a802d0a
----------------- Done invoking toplevel() on ptolemy.moml.MoMLSimpleApplication@a802d0a
reloadAllAccessors: .Clock17

===========================================================================================
----------------- testing Thu Mar 05 22:44:10 UTC 2020 /home/travis/build/icyphy/ptII/ptolemy/actor/lib/test/auto/Clock18.xml
----------------- Instantiating /home/travis/build/icyphy/ptII/ptolemy/actor/lib/test/auto/Clock18.xml
14 ms. Memory: 278528K Free: 86567K (31%)
----------------- Invoking toplevel() on ptolemy.moml.MoMLSimpleApplication@ce2b3e2
----------------- Done invoking toplevel() on ptolemy.moml.MoMLSimpleApplication@ce2b3e2
reloadAllAccessors: .Clock18

===========================================================================================
----------------- testing Thu Mar 05 22:44:10 UTC 2020 /home/travis/build/icyphy/ptII/ptolemy/actor/lib/test/auto/Clock19.xml
----------------- Instantiating /home/travis/build/icyphy/ptII/ptolemy/actor/lib/test/auto/Clock19.xml
13 ms. Memory: 278528K Free: 73255K (26%)
----------------- Invoking toplevel() on ptolemy.moml.MoMLSimpleApplication@35cae7db
----------------- Done invoking toplevel() on ptolemy.moml.MoMLSimpleApplication@35cae7db
reloadAllAccessors: .Clock19

===========================================================================================
----------------- testing Thu Mar 05 22:44:10 UTC 2020 /home/travis/build/icyphy/ptII/ptolemy/actor/lib/test/auto/Clock2.xml
----------------- Instantiating /home/travis/build/icyphy/ptII/ptolemy/actor/lib/test/auto/Clock2.xml
7 ms. Memory: 557056K Free: 505383K (91%)
----------------- Invoking toplevel() on ptolemy.moml.MoMLSimpleApplication@652849ef
----------------- Done invoking toplevel() on ptolemy.moml.MoMLSimpleApplication@652849ef
reloadAllAccessors: .Clock2

===========================================================================================
----------------- testing Thu Mar 05 22:44:10 UTC 2020 /home/travis/build/icyphy/ptII/ptolemy/actor/lib/test/auto/Clock20.xml
----------------- Instantiating /home/travis/build/icyphy/ptII/ptolemy/actor/lib/test/auto/Clock20.xml
9 ms. Memory: 557056K Free: 499746K (90%)
----------------- Invoking toplevel() on ptolemy.moml.MoMLSimpleApplication@7355aa1e
----------------- Done invoking toplevel() on ptolemy.moml.MoMLSimpleApplication@7355aa1e
reloadAllAccessors: .Clock20

===========================================================================================
----------------- testing Thu Mar 05 22:44:10 UTC 2020 /home/travis/build/icyphy/ptII/ptolemy/actor/lib/test/auto/Clock21.xml
----------------- Instantiating /home/travis/build/icyphy/ptII/ptolemy/actor/lib/test/auto/Clock21.xml
8 ms. Memory: 557056K Free: 494119K (89%)
----------------- Invoking toplevel() on ptolemy.moml.MoMLSimpleApplication@5dfea9b1
----------------- Done invoking toplevel() on ptolemy.moml.MoMLSimpleApplication@5dfea9b1
reloadAllAccessors: .Clock21

===========================================================================================
----------------- testing Thu Mar 05 22:44:10 UTC 2020 /home/travis/build/icyphy/ptII/ptolemy/actor/lib/test/auto/Clock22.xml
----------------- Instantiating /home/travis/build/icyphy/ptII/ptolemy/actor/lib/test/auto/Clock22.xml
6 ms. Memory: 557056K Free: 488999K (88%)
----------------- Invoking toplevel() on ptolemy.moml.MoMLSimpleApplication@5fac5fd6
----------------- Done invoking toplevel() on ptolemy.moml.MoMLSimpleApplication@5fac5fd6
reloadAllAccessors: .Clock22

===========================================================================================
----------------- testing Thu Mar 05 22:44:10 UTC 2020 /home/travis/build/icyphy/ptII/ptolemy/actor/lib/test/auto/Clock23.xml
----------------- Instantiating /home/travis/build/icyphy/ptII/ptolemy/actor/lib/test/auto/Clock23.xml
6 ms. Memory: 557056K Free: 483365K (87%)
----------------- Invoking toplevel() on ptolemy.moml.MoMLSimpleApplication@118d7490
----------------- Done invoking toplevel() on ptolemy.moml.MoMLSimpleApplication@118d7490
reloadAllAccessors: .Clock23

===========================================================================================
----------------- testing Thu Mar 05 22:44:10 UTC 2020 /home/travis/build/icyphy/ptII/ptolemy/actor/lib/test/auto/Clock24.xml
----------------- Instantiating /home/travis/build/icyphy/ptII/ptolemy/actor/lib/test/auto/Clock24.xml
6 ms. Memory: 557056K Free: 478245K (86%)
----------------- Invoking toplevel() on ptolemy.moml.MoMLSimpleApplication@2d0caea7
----------------- Done invoking toplevel() on ptolemy.moml.MoMLSimpleApplication@2d0caea7
reloadAllAccessors: .Clock24

===========================================================================================
----------------- testing Thu Mar 05 22:44:10 UTC 2020 /home/travis/build/icyphy/ptII/ptolemy/actor/lib/test/auto/Clock4.xml
----------------- Instantiating /home/travis/build/icyphy/ptII/ptolemy/actor/lib/test/auto/Clock4.xml
2 ms. Memory: 557056K Free: 473094K (85%)
----------------- Invoking toplevel() on ptolemy.moml.MoMLSimpleApplication@2be09978
----------------- Done invoking toplevel() on ptolemy.moml.MoMLSimpleApplication@2be09978
reloadAllAccessors: .Clock4

===========================================================================================
----------------- testing Thu Mar 05 22:44:10 UTC 2020 /home/travis/build/icyphy/ptII/ptolemy/actor/lib/test/auto/Clock5.xml
----------------- Instantiating /home/travis/build/icyphy/ptII/ptolemy/actor/lib/test/auto/Clock5.xml
5 ms. Memory: 557056K Free: 467495K (84%)
----------------- Invoking toplevel() on ptolemy.moml.MoMLSimpleApplication@64cd5d1c
----------------- Done invoking toplevel() on ptolemy.moml.MoMLSimpleApplication@64cd5d1c
reloadAllAccessors: .Clock5

===========================================================================================
----------------- testing Thu Mar 05 22:44:10 UTC 2020 /home/travis/build/icyphy/ptII/ptolemy/actor/lib/test/auto/Clock6.xml
----------------- Instantiating /home/travis/build/icyphy/ptII/ptolemy/actor/lib/test/auto/Clock6.xml
3 ms. Memory: 557056K Free: 463399K (83%)
----------------- Invoking toplevel() on ptolemy.moml.MoMLSimpleApplication@2326209a
----------------- Done invoking toplevel() on ptolemy.moml.MoMLSimpleApplication@2326209a
reloadAllAccessors: .Clock6

===========================================================================================
----------------- testing Thu Mar 05 22:44:10 UTC 2020 /home/travis/build/icyphy/ptII/ptolemy/actor/lib/test/auto/Clock7.xml
----------------- Instantiating /home/travis/build/icyphy/ptII/ptolemy/actor/lib/test/auto/Clock7.xml
2 ms. Memory: 557056K Free: 458789K (82%)
----------------- Invoking toplevel() on ptolemy.moml.MoMLSimpleApplication@5eef90ba
----------------- Done invoking toplevel() on ptolemy.moml.MoMLSimpleApplication@5eef90ba
reloadAllAccessors: .Clock7

===========================================================================================
----------------- testing Thu Mar 05 22:44:11 UTC 2020 /home/travis/build/icyphy/ptII/ptolemy/actor/lib/test/auto/Clock8.xml
----------------- Instantiating /home/travis/build/icyphy/ptII/ptolemy/actor/lib/test/auto/Clock8.xml
5 ms. Memory: 557056K Free: 453662K (81%)
----------------- Invoking toplevel() on ptolemy.moml.MoMLSimpleApplication@619cef6f
----------------- Done invoking toplevel() on ptolemy.moml.MoMLSimpleApplication@619cef6f
reloadAllAccessors: .Clock8

===========================================================================================
----------------- testing Thu Mar 05 22:44:11 UTC 2020 /home/travis/build/icyphy/ptII/ptolemy/actor/lib/test/auto/Clock9.xml
----------------- Instantiating /home/travis/build/icyphy/ptII/ptolemy/actor/lib/test/auto/Clock9.xml
5 ms. Memory: 557056K Free: 448039K (80%)
----------------- Invoking toplevel() on ptolemy.moml.MoMLSimpleApplication@12e64681
----------------- Done invoking toplevel() on ptolemy.moml.MoMLSimpleApplication@12e64681
reloadAllAccessors: .Clock9

===========================================================================================
----------------- testing Thu Mar 05 22:44:11 UTC 2020 /home/travis/build/icyphy/ptII/ptolemy/actor/lib/test/auto/CommDistDiscard.xml
----------------- Instantiating /home/travis/build/icyphy/ptII/ptolemy/actor/lib/test/auto/CommDistDiscard.xml
4 ms. Memory: 557056K Free: 442405K (79%)
----------------- Invoking toplevel() on ptolemy.moml.MoMLSimpleApplication@4365621b
----------------- Done invoking toplevel() on ptolemy.moml.MoMLSimpleApplication@4365621b
reloadAllAccessors: .CommDistDiscard

===========================================================================================
----------------- testing Thu Mar 05 22:44:11 UTC 2020 /home/travis/build/icyphy/ptII/ptolemy/actor/lib/test/auto/Commutator.xml
----------------- Instantiating /home/travis/build/icyphy/ptII/ptolemy/actor/lib/test/auto/Commutator.xml
2 ms. Memory: 557056K Free: 438309K (79%)
----------------- Invoking toplevel() on ptolemy.moml.MoMLSimpleApplication@4eb1191c
----------------- Done invoking toplevel() on ptolemy.moml.MoMLSimpleApplication@4eb1191c
reloadAllAccessors: .Commutator

===========================================================================================
----------------- testing Thu Mar 05 22:44:11 UTC 2020 /home/travis/build/icyphy/ptII/ptolemy/actor/lib/test/auto/Commutator2.xml
----------------- Instantiating /home/travis/build/icyphy/ptII/ptolemy/actor/lib/test/auto/Commutator2.xml
2 ms. Memory: 557056K Free: 433703K (78%)
----------------- Invoking toplevel() on ptolemy.moml.MoMLSimpleApplication@d5d1045
----------------- Done invoking toplevel() on ptolemy.moml.MoMLSimpleApplication@d5d1045
reloadAllAccessors: .Commutator2

===========================================================================================
----------------- testing Thu Mar 05 22:44:11 UTC 2020 /home/travis/build/icyphy/ptII/ptolemy/actor/lib/test/auto/Commutator3.xml
----------------- Instantiating /home/travis/build/icyphy/ptII/ptolemy/actor/lib/test/auto/Commutator3.xml
3 ms. Memory: 557056K Free: 429607K (77%)
----------------- Invoking toplevel() on ptolemy.moml.MoMLSimpleApplication@459fac91
----------------- Done invoking toplevel() on ptolemy.moml.MoMLSimpleApplication@459fac91
reloadAllAccessors: .Commutator3

===========================================================================================
----------------- testing Thu Mar 05 22:44:11 UTC 2020 /home/travis/build/icyphy/ptII/ptolemy/actor/lib/test/auto/Compare.xml
----------------- Instantiating /home/travis/build/icyphy/ptII/ptolemy/actor/lib/test/auto/Compare.xml
3 ms. Memory: 557056K Free: 422439K (76%)
----------------- Invoking toplevel() on ptolemy.moml.MoMLSimpleApplication@378ef304
----------------- Done invoking toplevel() on ptolemy.moml.MoMLSimpleApplication@378ef304
reloadAllAccessors: .Compare

===========================================================================================
----------------- testing Thu Mar 05 22:44:11 UTC 2020 /home/travis/build/icyphy/ptII/ptolemy/actor/lib/test/auto/CompareDE.xml
----------------- Instantiating /home/travis/build/icyphy/ptII/ptolemy/actor/lib/test/auto/CompareDE.xml
4 ms. Memory: 557056K Free: 415271K (75%)
----------------- Invoking toplevel() on ptolemy.moml.MoMLSimpleApplication@6748c7b8
----------------- Done invoking toplevel() on ptolemy.moml.MoMLSimpleApplication@6748c7b8
reloadAllAccessors: .CompareDE

===========================================================================================
----------------- testing Thu Mar 05 22:44:11 UTC 2020 /home/travis/build/icyphy/ptII/ptolemy/actor/lib/test/auto/ComplexDivide.xml
----------------- Instantiating /home/travis/build/icyphy/ptII/ptolemy/actor/lib/test/auto/ComplexDivide.xml
2 ms. Memory: 557056K Free: 411685K (74%)
----------------- Invoking toplevel() on ptolemy.moml.MoMLSimpleApplication@4276e336
----------------- Done invoking toplevel() on ptolemy.moml.MoMLSimpleApplication@4276e336
reloadAllAccessors: .ComplexDivide

===========================================================================================
----------------- testing Thu Mar 05 22:44:11 UTC 2020 /home/travis/build/icyphy/ptII/ptolemy/actor/lib/test/auto/ComputeHistogram.xml
----------------- Instantiating /home/travis/build/icyphy/ptII/ptolemy/actor/lib/test/auto/ComputeHistogram.xml
35 ms. Memory: 557056K Free: 398887K (72%)
----------------- Invoking toplevel() on ptolemy.moml.MoMLSimpleApplication@cfd7f7e
----------------- Done invoking toplevel() on ptolemy.moml.MoMLSimpleApplication@cfd7f7e
reloadAllAccessors: .ComputeHistogram

===========================================================================================
----------------- testing Thu Mar 05 22:44:11 UTC 2020 /home/travis/build/icyphy/ptII/ptolemy/actor/lib/test/auto/ConfigurationSelect.xml
----------------- Instantiating /home/travis/build/icyphy/ptII/ptolemy/actor/lib/test/auto/ConfigurationSelect.xml
9 ms. Memory: 557056K Free: 393767K (71%)
----------------- Invoking toplevel() on ptolemy.moml.MoMLSimpleApplication@48aacdea
----------------- Done invoking toplevel() on ptolemy.moml.MoMLSimpleApplication@48aacdea
reloadAllAccessors: .ConfigurationSelect

===========================================================================================
----------------- testing Thu Mar 05 22:44:11 UTC 2020 /home/travis/build/icyphy/ptII/ptolemy/actor/lib/test/auto/ConfigurationSelect2.xml
----------------- Instantiating /home/travis/build/icyphy/ptII/ptolemy/actor/lib/test/auto/ConfigurationSelect2.xml
2 ms. Memory: 557056K Free: 389157K (70%)
----------------- Invoking toplevel() on ptolemy.moml.MoMLSimpleApplication@7f1af86c
----------------- Done invoking toplevel() on ptolemy.moml.MoMLSimpleApplication@7f1af86c
reloadAllAccessors: .ConfigurationSelect2

===========================================================================================
----------------- testing Thu Mar 05 22:44:11 UTC 2020 /home/travis/build/icyphy/ptII/ptolemy/actor/lib/test/auto/ConfigurationSwitch.xml
----------------- Instantiating /home/travis/build/icyphy/ptII/ptolemy/actor/lib/test/auto/ConfigurationSwitch.xml
3 ms. Memory: 557056K Free: 383527K (69%)
----------------- Invoking toplevel() on ptolemy.moml.MoMLSimpleApplication@5f7d1e4b
----------------- Done invoking toplevel() on ptolemy.moml.MoMLSimpleApplication@5f7d1e4b
reloadAllAccessors: .ConfigurationSwitch

===========================================================================================
----------------- testing Thu Mar 05 22:44:11 UTC 2020 /home/travis/build/icyphy/ptII/ptolemy/actor/lib/test/auto/ConfigurationSwitch2.xml
----------------- Instantiating /home/travis/build/icyphy/ptII/ptolemy/actor/lib/test/auto/ConfigurationSwitch2.xml
2 ms. Memory: 557056K Free: 378407K (68%)
----------------- Invoking toplevel() on ptolemy.moml.MoMLSimpleApplication@534a2845
----------------- Done invoking toplevel() on ptolemy.moml.MoMLSimpleApplication@534a2845
reloadAllAccessors: .ConfigurationSwitch2

===========================================================================================
----------------- testing Thu Mar 05 22:44:11 UTC 2020 /home/travis/build/icyphy/ptII/ptolemy/actor/lib/test/auto/ConfigurationSwitchCloningBugWithClassRelationGroup.xml
----------------- Instantiating /home/travis/build/icyphy/ptII/ptolemy/actor/lib/test/auto/ConfigurationSwitchCloningBugWithClassRelationGroup.xml
2 ms. Memory: 557056K Free: 371239K (67%)
----------------- Invoking toplevel() on ptolemy.moml.MoMLSimpleApplication@3b9e180c
----------------- Done invoking toplevel() on ptolemy.moml.MoMLSimpleApplication@3b9e180c
reloadAllAccessors: .ConfigurationSwitchCloningBugWithClassRelationGroup

===========================================================================================
----------------- testing Thu Mar 05 22:44:11 UTC 2020 /home/travis/build/icyphy/ptII/ptolemy/actor/lib/test/auto/ConfigurationSwitchSelectSDF.xml
----------------- Instantiating /home/travis/build/icyphy/ptII/ptolemy/actor/lib/test/auto/ConfigurationSwitchSelectSDF.xml
3 ms. Memory: 557056K Free: 365605K (66%)
----------------- Invoking toplevel() on ptolemy.moml.MoMLSimpleApplication@862eba1
----------------- Done invoking toplevel() on ptolemy.moml.MoMLSimpleApplication@862eba1
reloadAllAccessors: .ConfigurationSwitchSelectSDF

===========================================================================================
----------------- testing Thu Mar 05 22:44:11 UTC 2020 /home/travis/build/icyphy/ptII/ptolemy/actor/lib/test/auto/ConfigurationSwitchSelectSDF2.xml
----------------- Instantiating /home/travis/build/icyphy/ptII/ptolemy/actor/lib/test/auto/ConfigurationSwitchSelectSDF2.xml
2 ms. Memory: 557056K Free: 359975K (65%)
----------------- Invoking toplevel() on ptolemy.moml.MoMLSimpleApplication@3d3f1475
----------------- Done invoking toplevel() on ptolemy.moml.MoMLSimpleApplication@3d3f1475
reloadAllAccessors: .ConfigurationSwitchSelectSDF2

===========================================================================================
----------------- testing Thu Mar 05 22:44:11 UTC 2020 /home/travis/build/icyphy/ptII/ptolemy/actor/lib/test/auto/Const.xml
----------------- Instantiating /home/travis/build/icyphy/ptII/ptolemy/actor/lib/test/auto/Const.xml
2 ms. Memory: 557056K Free: 356389K (64%)
----------------- Invoking toplevel() on ptolemy.moml.MoMLSimpleApplication@2c7e92d6
----------------- Done invoking toplevel() on ptolemy.moml.MoMLSimpleApplication@2c7e92d6
reloadAllAccessors: .Const

===========================================================================================
----------------- testing Thu Mar 05 22:44:11 UTC 2020 /home/travis/build/icyphy/ptII/ptolemy/actor/lib/test/auto/Const2.xml
----------------- Instantiating /home/travis/build/icyphy/ptII/ptolemy/actor/lib/test/auto/Const2.xml
1 ms. Memory: 557056K Free: 352807K (63%)
----------------- Invoking toplevel() on ptolemy.moml.MoMLSimpleApplication@4843cd97
----------------- Done invoking toplevel() on ptolemy.moml.MoMLSimpleApplication@4843cd97
reloadAllAccessors: .Const2

===========================================================================================
----------------- testing Thu Mar 05 22:44:11 UTC 2020 /home/travis/build/icyphy/ptII/ptolemy/actor/lib/test/auto/Const3.xml
----------------- Instantiating /home/travis/build/icyphy/ptII/ptolemy/actor/lib/test/auto/Const3.xml
1 ms. Memory: 557056K Free: 349735K (63%)
----------------- Invoking toplevel() on ptolemy.moml.MoMLSimpleApplication@7762347f
----------------- Done invoking toplevel() on ptolemy.moml.MoMLSimpleApplication@7762347f
reloadAllAccessors: .Const3

===========================================================================================
----------------- testing Thu Mar 05 22:44:11 UTC 2020 /home/travis/build/icyphy/ptII/ptolemy/actor/lib/test/auto/ConstantPublisherPort1.xml
----------------- Instantiating /home/travis/build/icyphy/ptII/ptolemy/actor/lib/test/auto/ConstantPublisherPort1.xml
7 ms. Memory: 557056K Free: 341029K (61%)
----------------- Invoking toplevel() on ptolemy.moml.MoMLSimpleApplication@1114c504
----------------- Done invoking toplevel() on ptolemy.moml.MoMLSimpleApplication@1114c504
reloadAllAccessors: .ConstantPublisherPort1

===========================================================================================
----------------- testing Thu Mar 05 22:44:11 UTC 2020 /home/travis/build/icyphy/ptII/ptolemy/actor/lib/test/auto/ConstantPublisherPort2.xml
----------------- Instantiating /home/travis/build/icyphy/ptII/ptolemy/actor/lib/test/auto/ConstantPublisherPort2.xml
13 ms. Memory: 557056K Free: 333861K (60%)
----------------- Invoking toplevel() on ptolemy.moml.MoMLSimpleApplication@55dfcf56
----------------- Done invoking toplevel() on ptolemy.moml.MoMLSimpleApplication@55dfcf56
reloadAllAccessors: .ConstantPublisherPort2

===========================================================================================
----------------- testing Thu Mar 05 22:44:11 UTC 2020 /home/travis/build/icyphy/ptII/ptolemy/actor/lib/test/auto/ConstantPublisherPort3.xml
----------------- Instantiating /home/travis/build/icyphy/ptII/ptolemy/actor/lib/test/auto/ConstantPublisherPort3.xml
5 ms. Memory: 557056K Free: 326183K (59%)
----------------- Invoking toplevel() on ptolemy.moml.MoMLSimpleApplication@713cc7ee
----------------- Done invoking toplevel() on ptolemy.moml.MoMLSimpleApplication@713cc7ee
reloadAllAccessors: .ConstantPublisherPort3

===========================================================================================
----------------- testing Thu Mar 05 22:44:11 UTC 2020 /home/travis/build/icyphy/ptII/ptolemy/actor/lib/test/auto/ConstantPublisherPort4.xml
----------------- Instantiating /home/travis/build/icyphy/ptII/ptolemy/actor/lib/test/auto/ConstantPublisherPort4.xml
3 ms. Memory: 557056K Free: 319015K (57%)
----------------- Invoking toplevel() on ptolemy.moml.MoMLSimpleApplication@5db9bf88
----------------- Done invoking toplevel() on ptolemy.moml.MoMLSimpleApplication@5db9bf88
reloadAllAccessors: .ConstantPublisherPort4

===========================================================================================
----------------- testing Thu Mar 05 22:44:11 UTC 2020 /home/travis/build/icyphy/ptII/ptolemy/actor/lib/test/auto/ConstantPublisherPort5.xml
----------------- Instantiating /home/travis/build/icyphy/ptII/ptolemy/actor/lib/test/auto/ConstantPublisherPort5.xml
22 ms. Memory: 557056K Free: 309799K (56%)
----------------- Invoking toplevel() on ptolemy.moml.MoMLSimpleApplication@516be40c
----------------- Done invoking toplevel() on ptolemy.moml.MoMLSimpleApplication@516be40c
reloadAllAccessors: .ConstantPublisherPort5

===========================================================================================
----------------- testing Thu Mar 05 22:44:11 UTC 2020 /home/travis/build/icyphy/ptII/ptolemy/actor/lib/test/auto/ConstantPublisherPort6.xml
----------------- Instantiating /home/travis/build/icyphy/ptII/ptolemy/actor/lib/test/auto/ConstantPublisherPort6.xml
12 ms. Memory: 557056K Free: 499239K (90%)
----------------- Invoking toplevel() on ptolemy.moml.MoMLSimpleApplication@5b16535b
----------------- Done invoking toplevel() on ptolemy.moml.MoMLSimpleApplication@5b16535b
reloadAllAccessors: .ConstantPublisherPort6

===========================================================================================
----------------- testing Thu Mar 05 22:44:11 UTC 2020 /home/travis/build/icyphy/ptII/ptolemy/actor/lib/test/auto/ConstantPublisherPort7.xml
----------------- Instantiating /home/travis/build/icyphy/ptII/ptolemy/actor/lib/test/auto/ConstantPublisherPort7.xml
14 ms. Memory: 557056K Free: 490023K (88%)
----------------- Invoking toplevel() on ptolemy.moml.MoMLSimpleApplication@1eac8829
----------------- Done invoking toplevel() on ptolemy.moml.MoMLSimpleApplication@1eac8829
reloadAllAccessors: .ConstantPublisherPort7

===========================================================================================
----------------- testing Thu Mar 05 22:44:11 UTC 2020 /home/travis/build/icyphy/ptII/ptolemy/actor/lib/test/auto/ConstraintMonitor1.xml
----------------- Instantiating /home/travis/build/icyphy/ptII/ptolemy/actor/lib/test/auto/ConstraintMonitor1.xml
4 ms. Memory: 557056K Free: 485413K (87%)
----------------- Invoking toplevel() on ptolemy.moml.MoMLSimpleApplication@41019c5e
----------------- Done invoking toplevel() on ptolemy.moml.MoMLSimpleApplication@41019c5e
reloadAllAccessors: .ConstraintMonitor1

===========================================================================================
----------------- testing Thu Mar 05 22:44:11 UTC 2020 /home/travis/build/icyphy/ptII/ptolemy/actor/lib/test/auto/ConstraintMonitor2.xml
----------------- Instantiating /home/travis/build/icyphy/ptII/ptolemy/actor/lib/test/auto/ConstraintMonitor2.xml
1 ms. Memory: 557056K Free: 480807K (86%)
----------------- Invoking toplevel() on ptolemy.moml.MoMLSimpleApplication@62e91167
----------------- Done invoking toplevel() on ptolemy.moml.MoMLSimpleApplication@62e91167
reloadAllAccessors: .ConstraintMonitor2

===========================================================================================
----------------- testing Thu Mar 05 22:44:11 UTC 2020 /home/travis/build/icyphy/ptII/ptolemy/actor/lib/test/auto/ConstraintMonitor3.xml
----------------- Instantiating /home/travis/build/icyphy/ptII/ptolemy/actor/lib/test/auto/ConstraintMonitor3.xml
7 ms. Memory: 557056K Free: 476197K (85%)
----------------- Invoking toplevel() on ptolemy.moml.MoMLSimpleApplication@78a4bc3e
----------------- Done invoking toplevel() on ptolemy.moml.MoMLSimpleApplication@78a4bc3e
reloadAllAccessors: .ConstraintMonitor3

===========================================================================================
----------------- testing Thu Mar 05 22:44:11 UTC 2020 /home/travis/build/icyphy/ptII/ptolemy/actor/lib/test/auto/ConstraintMonitor4.xml
----------------- Instantiating /home/travis/build/icyphy/ptII/ptolemy/actor/lib/test/auto/ConstraintMonitor4.xml
1 ms. Memory: 557056K Free: 471591K (85%)
----------------- Invoking toplevel() on ptolemy.moml.MoMLSimpleApplication@772bc61
----------------- Done invoking toplevel() on ptolemy.moml.MoMLSimpleApplication@772bc61
reloadAllAccessors: .ConstraintMonitor4

===========================================================================================
----------------- testing Thu Mar 05 22:44:11 UTC 2020 /home/travis/build/icyphy/ptII/ptolemy/actor/lib/test/auto/ConstraintMonitor5.xml
----------------- Instantiating /home/travis/build/icyphy/ptII/ptolemy/actor/lib/test/auto/ConstraintMonitor5.xml
4 ms. Memory: 557056K Free: 466471K (84%)
----------------- Invoking toplevel() on ptolemy.moml.MoMLSimpleApplication@4e0dc7d7
----------------- Done invoking toplevel() on ptolemy.moml.MoMLSimpleApplication@4e0dc7d7
reloadAllAccessors: .ConstraintMonitor5

===========================================================================================
----------------- testing Thu Mar 05 22:44:11 UTC 2020 /home/travis/build/icyphy/ptII/ptolemy/actor/lib/test/auto/ConstraintMonitor6.xml
----------------- Instantiating /home/travis/build/icyphy/ptII/ptolemy/actor/lib/test/auto/ConstraintMonitor6.xml
3 ms. Memory: 557056K Free: 459782K (83%)
----------------- Invoking toplevel() on ptolemy.moml.MoMLSimpleApplication@2eff6d0e
----------------- Done invoking toplevel() on ptolemy.moml.MoMLSimpleApplication@2eff6d0e
reloadAllAccessors: .ConstraintMonitor6

===========================================================================================
----------------- testing Thu Mar 05 22:44:11 UTC 2020 /home/travis/build/icyphy/ptII/ptolemy/actor/lib/test/auto/ConstraintMonitor7.xml
----------------- Instantiating /home/travis/build/icyphy/ptII/ptolemy/actor/lib/test/auto/ConstraintMonitor7.xml
3 ms. Memory: 557056K Free: 453662K (81%)
----------------- Invoking toplevel() on ptolemy.moml.MoMLSimpleApplication@6e206720
----------------- Done invoking toplevel() on ptolemy.moml.MoMLSimpleApplication@6e206720
reloadAllAccessors: .ConstraintMonitor7

===========================================================================================
----------------- testing Thu Mar 05 22:44:11 UTC 2020 /home/travis/build/icyphy/ptII/ptolemy/actor/lib/test/auto/ConstraintMonitor8.xml
----------------- Instantiating /home/travis/build/icyphy/ptII/ptolemy/actor/lib/test/auto/ConstraintMonitor8.xml
2 ms. Memory: 557056K Free: 445991K (80%)
----------------- Invoking toplevel() on ptolemy.moml.MoMLSimpleApplication@10318be2
----------------- Done invoking toplevel() on ptolemy.moml.MoMLSimpleApplication@10318be2
reloadAllAccessors: .ConstraintMonitor8

===========================================================================================
----------------- testing Thu Mar 05 22:44:11 UTC 2020 /home/travis/build/icyphy/ptII/ptolemy/actor/lib/test/auto/Counter.xml
----------------- Instantiating /home/travis/build/icyphy/ptII/ptolemy/actor/lib/test/auto/Counter.xml
2 ms. Memory: 557056K Free: 440871K (79%)
----------------- Invoking toplevel() on ptolemy.moml.MoMLSimpleApplication@41d81ad
----------------- Done invoking toplevel() on ptolemy.moml.MoMLSimpleApplication@41d81ad
reloadAllAccessors: .Counter

===========================================================================================
----------------- testing Thu Mar 05 22:44:11 UTC 2020 /home/travis/build/icyphy/ptII/ptolemy/actor/lib/test/auto/CurrentTimeSDF.xml
----------------- Instantiating /home/travis/build/icyphy/ptII/ptolemy/actor/lib/test/auto/CurrentTimeSDF.xml
2 ms. Memory: 557056K Free: 437285K (78%)
----------------- Invoking toplevel() on ptolemy.moml.MoMLSimpleApplication@3c259333
----------------- Done invoking toplevel() on ptolemy.moml.MoMLSimpleApplication@3c259333
reloadAllAccessors: .CurrentTimeSDF

===========================================================================================
----------------- testing Thu Mar 05 22:44:11 UTC 2020 /home/travis/build/icyphy/ptII/ptolemy/actor/lib/test/auto/DB.xml
----------------- Instantiating /home/travis/build/icyphy/ptII/ptolemy/actor/lib/test/auto/DB.xml
2 ms. Memory: 557056K Free: 431655K (77%)
----------------- Invoking toplevel() on ptolemy.moml.MoMLSimpleApplication@28bc7d0e
----------------- Done invoking toplevel() on ptolemy.moml.MoMLSimpleApplication@28bc7d0e
reloadAllAccessors: .DB

===========================================================================================
----------------- testing Thu Mar 05 22:44:12 UTC 2020 /home/travis/build/icyphy/ptII/ptolemy/actor/lib/test/auto/DBDE.xml
----------------- Instantiating /home/travis/build/icyphy/ptII/ptolemy/actor/lib/test/auto/DBDE.xml
2 ms. Memory: 557056K Free: 425511K (76%)
----------------- Invoking toplevel() on ptolemy.moml.MoMLSimpleApplication@4432af38
----------------- Done invoking toplevel() on ptolemy.moml.MoMLSimpleApplication@4432af38
reloadAllAccessors: .DBDE

===========================================================================================
----------------- testing Thu Mar 05 22:44:12 UTC 2020 /home/travis/build/icyphy/ptII/ptolemy/actor/lib/test/auto/DateConstructor.xml
----------------- Instantiating /home/travis/build/icyphy/ptII/ptolemy/actor/lib/test/auto/DateConstructor.xml
27 ms. Memory: 557056K Free: 408613K (73%)
----------------- Invoking toplevel() on ptolemy.moml.MoMLSimpleApplication@eaec036
----------------- Done invoking toplevel() on ptolemy.moml.MoMLSimpleApplication@eaec036
reloadAllAccessors: .DateConstructor

===========================================================================================
----------------- testing Thu Mar 05 22:44:12 UTC 2020 /home/travis/build/icyphy/ptII/ptolemy/actor/lib/test/auto/DelayTime.xml
----------------- Instantiating /home/travis/build/icyphy/ptII/ptolemy/actor/lib/test/auto/DelayTime.xml
5 ms. Memory: 557056K Free: 403493K (72%)
----------------- Invoking toplevel() on ptolemy.moml.MoMLSimpleApplication@36bbc32
----------------- Done invoking toplevel() on ptolemy.moml.MoMLSimpleApplication@36bbc32
reloadAllAccessors: .DelayTime

===========================================================================================
----------------- testing Thu Mar 05 22:44:12 UTC 2020 /home/travis/build/icyphy/ptII/ptolemy/actor/lib/test/auto/Dictionary1.xml
----------------- Instantiating /home/travis/build/icyphy/ptII/ptolemy/actor/lib/test/auto/Dictionary1.xml
2 ms. Memory: 557056K Free: 397863K (71%)
----------------- Invoking toplevel() on ptolemy.moml.MoMLSimpleApplication@75f33d61
----------------- Done invoking toplevel() on ptolemy.moml.MoMLSimpleApplication@75f33d61
reloadAllAccessors: .Dictionary1

===========================================================================================
----------------- testing Thu Mar 05 22:44:12 UTC 2020 /home/travis/build/icyphy/ptII/ptolemy/actor/lib/test/auto/Dictionary2.xml
----------------- Instantiating /home/travis/build/icyphy/ptII/ptolemy/actor/lib/test/auto/Dictionary2.xml
2 ms. Memory: 557056K Free: 392229K (70%)
----------------- Invoking toplevel() on ptolemy.moml.MoMLSimpleApplication@d6995e5
----------------- Done invoking toplevel() on ptolemy.moml.MoMLSimpleApplication@d6995e5
reloadAllAccessors: .Dictionary2

===========================================================================================
----------------- testing Thu Mar 05 22:44:12 UTC 2020 /home/travis/build/icyphy/ptII/ptolemy/actor/lib/test/auto/Dictionary3.xml
----------------- Instantiating /home/travis/build/icyphy/ptII/ptolemy/actor/lib/test/auto/Dictionary3.xml
1 ms. Memory: 557056K Free: 387109K (69%)
----------------- Invoking toplevel() on ptolemy.moml.MoMLSimpleApplication@43bb5f3c
----------------- Done invoking toplevel() on ptolemy.moml.MoMLSimpleApplication@43bb5f3c
reloadAllAccessors: .Dictionary3

===========================================================================================
----------------- testing Thu Mar 05 22:44:12 UTC 2020 /home/travis/build/icyphy/ptII/ptolemy/actor/lib/test/auto/Dictionary4.xml
----------------- Instantiating /home/travis/build/icyphy/ptII/ptolemy/actor/lib/test/auto/Dictionary4.xml
6 ms. Memory: 557056K Free: 379941K (68%)
----------------- Invoking toplevel() on ptolemy.moml.MoMLSimpleApplication@1fce4ed8
----------------- Done invoking toplevel() on ptolemy.moml.MoMLSimpleApplication@1fce4ed8
reloadAllAccessors: .Dictionary4

===========================================================================================
----------------- testing Thu Mar 05 22:44:12 UTC 2020 /home/travis/build/icyphy/ptII/ptolemy/actor/lib/test/auto/Differential.xml
----------------- Instantiating /home/travis/build/icyphy/ptII/ptolemy/actor/lib/test/auto/Differential.xml
3 ms. Memory: 557056K Free: 375335K (67%)
----------------- Invoking toplevel() on ptolemy.moml.MoMLSimpleApplication@24c884c6
----------------- Done invoking toplevel() on ptolemy.moml.MoMLSimpleApplication@24c884c6
reloadAllAccessors: .Differential

===========================================================================================
----------------- testing Thu Mar 05 22:44:12 UTC 2020 /home/travis/build/icyphy/ptII/ptolemy/actor/lib/test/auto/Director.xml
----------------- Instantiating /home/travis/build/icyphy/ptII/ptolemy/actor/lib/test/auto/Director.xml
3 ms. Memory: 557056K Free: 372263K (67%)
----------------- Invoking toplevel() on ptolemy.moml.MoMLSimpleApplication@630ba1f5
----------------- Done invoking toplevel() on ptolemy.moml.MoMLSimpleApplication@630ba1f5
reloadAllAccessors: .Director

===========================================================================================
----------------- testing Thu Mar 05 22:44:12 UTC 2020 /home/travis/build/icyphy/ptII/ptolemy/actor/lib/test/auto/DiscreteClock.xml
----------------- Instantiating /home/travis/build/icyphy/ptII/ptolemy/actor/lib/test/auto/DiscreteClock.xml
1 ms. Memory: 557056K Free: 368167K (66%)
----------------- Invoking toplevel() on ptolemy.moml.MoMLSimpleApplication@5c4e3ec8
----------------- Done invoking toplevel() on ptolemy.moml.MoMLSimpleApplication@5c4e3ec8
reloadAllAccessors: .DiscreteClock

===========================================================================================
----------------- testing Thu Mar 05 22:44:12 UTC 2020 /home/travis/build/icyphy/ptII/ptolemy/actor/lib/test/auto/DiscreteClock10.xml
----------------- Instantiating /home/travis/build/icyphy/ptII/ptolemy/actor/lib/test/auto/DiscreteClock10.xml
2 ms. Memory: 557056K Free: 362023K (65%)
----------------- Invoking toplevel() on ptolemy.moml.MoMLSimpleApplication@600bf96a
----------------- Done invoking toplevel() on ptolemy.moml.MoMLSimpleApplication@600bf96a
reloadAllAccessors: .DiscreteClock10

===========================================================================================
----------------- testing Thu Mar 05 22:44:12 UTC 2020 /home/travis/build/icyphy/ptII/ptolemy/actor/lib/test/auto/DiscreteClock11.xml
----------------- Instantiating /home/travis/build/icyphy/ptII/ptolemy/actor/lib/test/auto/DiscreteClock11.xml
2 ms. Memory: 557056K Free: 356389K (64%)
----------------- Invoking toplevel() on ptolemy.moml.MoMLSimpleApplication@78689ca
----------------- Done invoking toplevel() on ptolemy.moml.MoMLSimpleApplication@78689ca
reloadAllAccessors: .DiscreteClock11

===========================================================================================
----------------- testing Thu Mar 05 22:44:12 UTC 2020 /home/travis/build/icyphy/ptII/ptolemy/actor/lib/test/auto/DiscreteClock12.xml
----------------- Instantiating /home/travis/build/icyphy/ptII/ptolemy/actor/lib/test/auto/DiscreteClock12.xml
3 ms. Memory: 557056K Free: 350245K (63%)
----------------- Invoking toplevel() on ptolemy.moml.MoMLSimpleApplication@5e91b377
----------------- Done invoking toplevel() on ptolemy.moml.MoMLSimpleApplication@5e91b377
reloadAllAccessors: .DiscreteClock12

===========================================================================================
----------------- testing Thu Mar 05 22:44:12 UTC 2020 /home/travis/build/icyphy/ptII/ptolemy/actor/lib/test/auto/DiscreteClock13.xml
----------------- Instantiating /home/travis/build/icyphy/ptII/ptolemy/actor/lib/test/auto/DiscreteClock13.xml
4 ms. Memory: 557056K Free: 344070K (62%)
----------------- Invoking toplevel() on ptolemy.moml.MoMLSimpleApplication@660817d1
----------------- Done invoking toplevel() on ptolemy.moml.MoMLSimpleApplication@660817d1
reloadAllAccessors: .DiscreteClock13

===========================================================================================
----------------- testing Thu Mar 05 22:44:12 UTC 2020 /home/travis/build/icyphy/ptII/ptolemy/actor/lib/test/auto/DiscreteClock14.xml
----------------- Instantiating /home/travis/build/icyphy/ptII/ptolemy/actor/lib/test/auto/DiscreteClock14.xml
6 ms. Memory: 557056K Free: 338471K (61%)
----------------- Invoking toplevel() on ptolemy.moml.MoMLSimpleApplication@243b389a
----------------- Done invoking toplevel() on ptolemy.moml.MoMLSimpleApplication@243b389a
reloadAllAccessors: .DiscreteClock14

===========================================================================================
----------------- testing Thu Mar 05 22:44:12 UTC 2020 /home/travis/build/icyphy/ptII/ptolemy/actor/lib/test/auto/DiscreteClock15.xml
----------------- Instantiating /home/travis/build/icyphy/ptII/ptolemy/actor/lib/test/auto/DiscreteClock15.xml
5 ms. Memory: 557056K Free: 332327K (60%)
----------------- Invoking toplevel() on ptolemy.moml.MoMLSimpleApplication@53685471
----------------- Done invoking toplevel() on ptolemy.moml.MoMLSimpleApplication@53685471
reloadAllAccessors: .DiscreteClock15

===========================================================================================
----------------- testing Thu Mar 05 22:44:12 UTC 2020 /home/travis/build/icyphy/ptII/ptolemy/actor/lib/test/auto/DiscreteClock16.xml
----------------- Instantiating /home/travis/build/icyphy/ptII/ptolemy/actor/lib/test/auto/DiscreteClock16.xml
14 ms. Memory: 557056K Free: 318486K (57%)
----------------- Invoking toplevel() on ptolemy.moml.MoMLSimpleApplication@3d1fc158
----------------- Done invoking toplevel() on ptolemy.moml.MoMLSimpleApplication@3d1fc158
reloadAllAccessors: .DiscreteClock16

===========================================================================================
----------------- testing Thu Mar 05 22:44:12 UTC 2020 /home/travis/build/icyphy/ptII/ptolemy/actor/lib/test/auto/DiscreteClock17.xml
----------------- Instantiating /home/travis/build/icyphy/ptII/ptolemy/actor/lib/test/auto/DiscreteClock17.xml
20 ms. Memory: 557056K Free: 304158K (55%)
----------------- Invoking toplevel() on ptolemy.moml.MoMLSimpleApplication@2ac49160
----------------- Done invoking toplevel() on ptolemy.moml.MoMLSimpleApplication@2ac49160
reloadAllAccessors: .DiscreteClock17

===========================================================================================
----------------- testing Thu Mar 05 22:44:12 UTC 2020 /home/travis/build/icyphy/ptII/ptolemy/actor/lib/test/auto/DiscreteClock18.xml
----------------- Instantiating /home/travis/build/icyphy/ptII/ptolemy/actor/lib/test/auto/DiscreteClock18.xml
26 ms. Memory: 557056K Free: 290343K (52%)
----------------- Invoking toplevel() on ptolemy.moml.MoMLSimpleApplication@59621627
----------------- Done invoking toplevel() on ptolemy.moml.MoMLSimpleApplication@59621627
reloadAllAccessors: .DiscreteClock18

===========================================================================================
----------------- testing Thu Mar 05 22:44:12 UTC 2020 /home/travis/build/icyphy/ptII/ptolemy/actor/lib/test/auto/DiscreteClock19.xml
----------------- Instantiating /home/travis/build/icyphy/ptII/ptolemy/actor/lib/test/auto/DiscreteClock19.xml
23 ms. Memory: 557056K Free: 276502K (50%)
----------------- Invoking toplevel() on ptolemy.moml.MoMLSimpleApplication@756a81be
----------------- Done invoking toplevel() on ptolemy.moml.MoMLSimpleApplication@756a81be
reloadAllAccessors: .DiscreteClock19

===========================================================================================
----------------- testing Thu Mar 05 22:44:12 UTC 2020 /home/travis/build/icyphy/ptII/ptolemy/actor/lib/test/auto/DiscreteClock2.xml
----------------- Instantiating /home/travis/build/icyphy/ptII/ptolemy/actor/lib/test/auto/DiscreteClock2.xml
4 ms. Memory: 557056K Free: 271911K (49%)
----------------- Invoking toplevel() on ptolemy.moml.MoMLSimpleApplication@13330fc8
----------------- Done invoking toplevel() on ptolemy.moml.MoMLSimpleApplication@13330fc8
reloadAllAccessors: .DiscreteClock2

===========================================================================================
----------------- testing Thu Mar 05 22:44:12 UTC 2020 /home/travis/build/icyphy/ptII/ptolemy/actor/lib/test/auto/DiscreteClock20.xml
----------------- Instantiating /home/travis/build/icyphy/ptII/ptolemy/actor/lib/test/auto/DiscreteClock20.xml
8 ms. Memory: 557056K Free: 266274K (48%)
----------------- Invoking toplevel() on ptolemy.moml.MoMLSimpleApplication@2a7a641b
----------------- Done invoking toplevel() on ptolemy.moml.MoMLSimpleApplication@2a7a641b
reloadAllAccessors: .DiscreteClock20

===========================================================================================
----------------- testing Thu Mar 05 22:44:12 UTC 2020 /home/travis/build/icyphy/ptII/ptolemy/actor/lib/test/auto/DiscreteClock21.xml
----------------- Instantiating /home/travis/build/icyphy/ptII/ptolemy/actor/lib/test/auto/DiscreteClock21.xml
6 ms. Memory: 557056K Free: 260647K (47%)
----------------- Invoking toplevel() on ptolemy.moml.MoMLSimpleApplication@2f63c5ea
----------------- Done invoking toplevel() on ptolemy.moml.MoMLSimpleApplication@2f63c5ea
reloadAllAccessors: .DiscreteClock21

===========================================================================================
----------------- testing Thu Mar 05 22:44:12 UTC 2020 /home/travis/build/icyphy/ptII/ptolemy/actor/lib/test/auto/DiscreteClock22.xml
----------------- Instantiating /home/travis/build/icyphy/ptII/ptolemy/actor/lib/test/auto/DiscreteClock22.xml
4 ms. Memory: 557056K Free: 255013K (46%)
----------------- Invoking toplevel() on ptolemy.moml.MoMLSimpleApplication@4b1b537d
----------------- Done invoking toplevel() on ptolemy.moml.MoMLSimpleApplication@4b1b537d
reloadAllAccessors: .DiscreteClock22

===========================================================================================
----------------- testing Thu Mar 05 22:44:12 UTC 2020 /home/travis/build/icyphy/ptII/ptolemy/actor/lib/test/auto/DiscreteClock23.xml
----------------- Instantiating /home/travis/build/icyphy/ptII/ptolemy/actor/lib/test/auto/DiscreteClock23.xml
9 ms. Memory: 557056K Free: 249893K (45%)
----------------- Invoking toplevel() on ptolemy.moml.MoMLSimpleApplication@3bd23c02
----------------- Done invoking toplevel() on ptolemy.moml.MoMLSimpleApplication@3bd23c02
reloadAllAccessors: .DiscreteClock23

===========================================================================================
----------------- testing Thu Mar 05 22:44:12 UTC 2020 /home/travis/build/icyphy/ptII/ptolemy/actor/lib/test/auto/DiscreteClock24.xml
----------------- Instantiating /home/travis/build/icyphy/ptII/ptolemy/actor/lib/test/auto/DiscreteClock24.xml
5 ms. Memory: 557056K Free: 244263K (44%)
----------------- Invoking toplevel() on ptolemy.moml.MoMLSimpleApplication@4beaff1d
----------------- Done invoking toplevel() on ptolemy.moml.MoMLSimpleApplication@4beaff1d
reloadAllAccessors: .DiscreteClock24

===========================================================================================
----------------- testing Thu Mar 05 22:44:12 UTC 2020 /home/travis/build/icyphy/ptII/ptolemy/actor/lib/test/auto/DiscreteClock4.xml
----------------- Instantiating /home/travis/build/icyphy/ptII/ptolemy/actor/lib/test/auto/DiscreteClock4.xml
4 ms. Memory: 557056K Free: 238629K (43%)
----------------- Invoking toplevel() on ptolemy.moml.MoMLSimpleApplication@4b926df7
----------------- Done invoking toplevel() on ptolemy.moml.MoMLSimpleApplication@4b926df7
reloadAllAccessors: .DiscreteClock4

===========================================================================================
----------------- testing Thu Mar 05 22:44:12 UTC 2020 /home/travis/build/icyphy/ptII/ptolemy/actor/lib/test/auto/DiscreteClock5.xml
----------------- Instantiating /home/travis/build/icyphy/ptII/ptolemy/actor/lib/test/auto/DiscreteClock5.xml
1 ms. Memory: 557056K Free: 233509K (42%)
----------------- Invoking toplevel() on ptolemy.moml.MoMLSimpleApplication@1c457efc
----------------- Done invoking toplevel() on ptolemy.moml.MoMLSimpleApplication@1c457efc
reloadAllAccessors: .DiscreteClock5

===========================================================================================
----------------- testing Thu Mar 05 22:44:12 UTC 2020 /home/travis/build/icyphy/ptII/ptolemy/actor/lib/test/auto/DiscreteClock6.xml
----------------- Instantiating /home/travis/build/icyphy/ptII/ptolemy/actor/lib/test/auto/DiscreteClock6.xml
1 ms. Memory: 557056K Free: 228903K (41%)
----------------- Invoking toplevel() on ptolemy.moml.MoMLSimpleApplication@343af9df
----------------- Done invoking toplevel() on ptolemy.moml.MoMLSimpleApplication@343af9df
reloadAllAccessors: .DiscreteClock6

===========================================================================================
----------------- testing Thu Mar 05 22:44:12 UTC 2020 /home/travis/build/icyphy/ptII/ptolemy/actor/lib/test/auto/DiscreteClock7.xml
----------------- Instantiating /home/travis/build/icyphy/ptII/ptolemy/actor/lib/test/auto/DiscreteClock7.xml
2 ms. Memory: 557056K Free: 224293K (40%)
----------------- Invoking toplevel() on ptolemy.moml.MoMLSimpleApplication@45ca1eea
----------------- Done invoking toplevel() on ptolemy.moml.MoMLSimpleApplication@45ca1eea
reloadAllAccessors: .DiscreteClock7

===========================================================================================
----------------- testing Thu Mar 05 22:44:12 UTC 2020 /home/travis/build/icyphy/ptII/ptolemy/actor/lib/test/auto/DiscreteClock8.xml
----------------- Instantiating /home/travis/build/icyphy/ptII/ptolemy/actor/lib/test/auto/DiscreteClock8.xml
4 ms. Memory: 557056K Free: 218663K (39%)
----------------- Invoking toplevel() on ptolemy.moml.MoMLSimpleApplication@30a260c2
----------------- Done invoking toplevel() on ptolemy.moml.MoMLSimpleApplication@30a260c2
reloadAllAccessors: .DiscreteClock8

===========================================================================================
----------------- testing Thu Mar 05 22:44:12 UTC 2020 /home/travis/build/icyphy/ptII/ptolemy/actor/lib/test/auto/DiscreteClock9.xml
----------------- Instantiating /home/travis/build/icyphy/ptII/ptolemy/actor/lib/test/auto/DiscreteClock9.xml
4 ms. Memory: 557056K Free: 212998K (38%)
----------------- Invoking toplevel() on ptolemy.moml.MoMLSimpleApplication@4580344c
----------------- Done invoking toplevel() on ptolemy.moml.MoMLSimpleApplication@4580344c
reloadAllAccessors: .DiscreteClock9

===========================================================================================
----------------- testing Thu Mar 05 22:44:12 UTC 2020 /home/travis/build/icyphy/ptII/ptolemy/actor/lib/test/auto/DisplayArray.xml
----------------- Instantiating /home/travis/build/icyphy/ptII/ptolemy/actor/lib/test/auto/DisplayArray.xml
1 ms. Memory: 557056K Free: 209447K (38%)
----------------- Invoking toplevel() on ptolemy.moml.MoMLSimpleApplication@4cff695d
----------------- Done invoking toplevel() on ptolemy.moml.MoMLSimpleApplication@4cff695d
reloadAllAccessors: .DisplayArray

===========================================================================================
----------------- testing Thu Mar 05 22:44:12 UTC 2020 /home/travis/build/icyphy/ptII/ptolemy/actor/lib/test/auto/Distributor.xml
----------------- Instantiating /home/travis/build/icyphy/ptII/ptolemy/actor/lib/test/auto/Distributor.xml
2 ms. Memory: 557056K Free: 204327K (37%)
----------------- Invoking toplevel() on ptolemy.moml.MoMLSimpleApplication@13b675e2
----------------- Done invoking toplevel() on ptolemy.moml.MoMLSimpleApplication@13b675e2
reloadAllAccessors: .Distributor

===========================================================================================
----------------- testing Thu Mar 05 22:44:12 UTC 2020 /home/travis/build/icyphy/ptII/ptolemy/actor/lib/test/auto/Distributor2.xml
----------------- Instantiating /home/travis/build/icyphy/ptII/ptolemy/actor/lib/test/auto/Distributor2.xml
1 ms. Memory: 557056K Free: 199717K (36%)
----------------- Invoking toplevel() on ptolemy.moml.MoMLSimpleApplication@70bbaf4e
----------------- Done invoking toplevel() on ptolemy.moml.MoMLSimpleApplication@70bbaf4e
reloadAllAccessors: .Distributor2

===========================================================================================
----------------- testing Thu Mar 05 22:44:12 UTC 2020 /home/travis/build/icyphy/ptII/ptolemy/actor/lib/test/auto/DownSample.xml
----------------- Instantiating /home/travis/build/icyphy/ptII/ptolemy/actor/lib/test/auto/DownSample.xml
1 ms. Memory: 557056K Free: 195111K (35%)
----------------- Invoking toplevel() on ptolemy.moml.MoMLSimpleApplication@348aae5d
----------------- Done invoking toplevel() on ptolemy.moml.MoMLSimpleApplication@348aae5d
reloadAllAccessors: .DownSample

===========================================================================================
----------------- testing Thu Mar 05 22:44:12 UTC 2020 /home/travis/build/icyphy/ptII/ptolemy/actor/lib/test/auto/ElectronicUnitBase1.xml
----------------- Instantiating /home/travis/build/icyphy/ptII/ptolemy/actor/lib/test/auto/ElectronicUnitBase1.xml
13 ms. Memory: 557056K Free: 502821K (90%)
----------------- Invoking toplevel() on ptolemy.moml.MoMLSimpleApplication@2b3471d5
----------------- Done invoking toplevel() on ptolemy.moml.MoMLSimpleApplication@2b3471d5
reloadAllAccessors: .ElectronicUnitBase1

===========================================================================================
----------------- testing Thu Mar 05 22:44:12 UTC 2020 /home/travis/build/icyphy/ptII/ptolemy/actor/lib/test/auto/ElementsToArray.xml
----------------- Instantiating /home/travis/build/icyphy/ptII/ptolemy/actor/lib/test/auto/ElementsToArray.xml
2 ms. Memory: 557056K Free: 497701K (89%)
----------------- Invoking toplevel() on ptolemy.moml.MoMLSimpleApplication@62f2241d
----------------- Done invoking toplevel() on ptolemy.moml.MoMLSimpleApplication@62f2241d
reloadAllAccessors: .ElementsToArray

===========================================================================================
----------------- testing Thu Mar 05 22:44:13 UTC 2020 /home/travis/build/icyphy/ptII/ptolemy/actor/lib/test/auto/Equals.xml
----------------- Instantiating /home/travis/build/icyphy/ptII/ptolemy/actor/lib/test/auto/Equals.xml
1 ms. Memory: 557056K Free: 493095K (89%)
----------------- Invoking toplevel() on ptolemy.moml.MoMLSimpleApplication@6e6aa020
----------------- Done invoking toplevel() on ptolemy.moml.MoMLSimpleApplication@6e6aa020
reloadAllAccessors: .Equals

===========================================================================================
----------------- testing Thu Mar 05 22:44:13 UTC 2020 /home/travis/build/icyphy/ptII/ptolemy/actor/lib/test/auto/Exec.xml
----------------- Instantiating /home/travis/build/icyphy/ptII/ptolemy/actor/lib/test/auto/Exec.xml
15 ms. Memory: 557056K Free: 487461K (88%)
----------------- Invoking toplevel() on ptolemy.moml.MoMLSimpleApplication@d48b8fc
----------------- Done invoking toplevel() on ptolemy.moml.MoMLSimpleApplication@d48b8fc
reloadAllAccessors: .Exec

===========================================================================================
----------------- testing Thu Mar 05 22:44:13 UTC 2020 /home/travis/build/icyphy/ptII/ptolemy/actor/lib/test/auto/ExecEnvironment.xml
----------------- Instantiating /home/travis/build/icyphy/ptII/ptolemy/actor/lib/test/auto/ExecEnvironment.xml
20 ms. Memory: 557056K Free: 482326K (87%)
----------------- Invoking toplevel() on ptolemy.moml.MoMLSimpleApplication@4343d8bb
----------------- Done invoking toplevel() on ptolemy.moml.MoMLSimpleApplication@4343d8bb
reloadAllAccessors: .ExecEnvironment

===========================================================================================
----------------- testing Thu Mar 05 22:44:13 UTC 2020 /home/travis/build/icyphy/ptII/ptolemy/actor/lib/test/auto/ExecNonZeroReturnOutput.xml
----------------- Instantiating /home/travis/build/icyphy/ptII/ptolemy/actor/lib/test/auto/ExecNonZeroReturnOutput.xml
171 ms. Memory: 557056K Free: 470567K (84%)
----------------- Invoking toplevel() on ptolemy.moml.MoMLSimpleApplication@79df398b
----------------- Done invoking toplevel() on ptolemy.moml.MoMLSimpleApplication@79df398b
reloadAllAccessors: .ExecNonZeroReturnOutput

===========================================================================================
----------------- testing Thu Mar 05 22:44:13 UTC 2020 /home/travis/build/icyphy/ptII/ptolemy/actor/lib/test/auto/ExecRunDemos.xml
----------------- Instantiating /home/travis/build/icyphy/ptII/ptolemy/actor/lib/test/auto/ExecRunDemos.xml
Finished: 66 ms. Memory: 129024K Free: 112314K (87%)

Finished: 91 ms. Memory: 129024K Free: 109448K (85%)

Finished: 93 ms. Memory: 129024K Free: 109472K (85%)

Finished: 92 ms. Memory: 129024K Free: 111006K (86%)

Finished: 89 ms. Memory: 129024K Free: 111945K (87%)

10757 ms. Memory: 557056K Free: 449061K (81%)
----------------- Invoking toplevel() on ptolemy.moml.MoMLSimpleApplication@70dfff46
----------------- Done invoking toplevel() on ptolemy.moml.MoMLSimpleApplication@70dfff46
reloadAllAccessors: .ExecRunDemos

===========================================================================================
----------------- testing Thu Mar 05 22:44:24 UTC 2020 /home/travis/build/icyphy/ptII/ptolemy/actor/lib/test/auto/ExecStop.xml
----------------- Instantiating /home/travis/build/icyphy/ptII/ptolemy/actor/lib/test/auto/ExecStop.xml
5017 ms. Memory: 557056K Free: 319525K (57%)
----------------- Invoking toplevel() on ptolemy.moml.MoMLSimpleApplication@11824b6a
----------------- Done invoking toplevel() on ptolemy.moml.MoMLSimpleApplication@11824b6a
reloadAllAccessors: .ExecStop

===========================================================================================
----------------- testing Thu Mar 05 22:44:29 UTC 2020 /home/travis/build/icyphy/ptII/ptolemy/actor/lib/test/auto/ExecutionTimeSDF.xml
----------------- Instantiating /home/travis/build/icyphy/ptII/ptolemy/actor/lib/test/auto/ExecutionTimeSDF.xml
Fired ExecutionTime: -794967296
Fired ExecutionTime: 1524400000
Fired ExecutionTime: -294167296
6011 ms. Memory: 557056K Free: 306727K (55%)

===========================================================================================
----------------- testing Thu Mar 05 22:44:35 UTC 2020 /home/travis/build/icyphy/ptII/ptolemy/actor/lib/test/auto/Expression1.xml
----------------- Instantiating /home/travis/build/icyphy/ptII/ptolemy/actor/lib/test/auto/Expression1.xml
2 ms. Memory: 557056K Free: 303141K (54%)
----------------- Invoking toplevel() on ptolemy.moml.MoMLSimpleApplication@7121d2c6
----------------- Done invoking toplevel() on ptolemy.moml.MoMLSimpleApplication@7121d2c6
reloadAllAccessors: .Expression1

===========================================================================================
----------------- testing Thu Mar 05 22:44:35 UTC 2020 /home/travis/build/icyphy/ptII/ptolemy/actor/lib/test/auto/Expression10.xml
----------------- Instantiating /home/travis/build/icyphy/ptII/ptolemy/actor/lib/test/auto/Expression10.xml
5 ms. Memory: 557056K Free: 297511K (53%)
----------------- Invoking toplevel() on ptolemy.moml.MoMLSimpleApplication@13f09950
----------------- Done invoking toplevel() on ptolemy.moml.MoMLSimpleApplication@13f09950
reloadAllAccessors: .Expression10

===========================================================================================
----------------- testing Thu Mar 05 22:44:35 UTC 2020 /home/travis/build/icyphy/ptII/ptolemy/actor/lib/test/auto/Expression11.xml
----------------- Instantiating /home/travis/build/icyphy/ptII/ptolemy/actor/lib/test/auto/Expression11.xml
7 ms. Memory: 557056K Free: 292901K (53%)
----------------- Invoking toplevel() on ptolemy.moml.MoMLSimpleApplication@7e8eb761
----------------- Done invoking toplevel() on ptolemy.moml.MoMLSimpleApplication@7e8eb761
reloadAllAccessors: .Expression11

===========================================================================================
----------------- testing Thu Mar 05 22:44:35 UTC 2020 /home/travis/build/icyphy/ptII/ptolemy/actor/lib/test/auto/Expression12.xml
----------------- Instantiating /home/travis/build/icyphy/ptII/ptolemy/actor/lib/test/auto/Expression12.xml
2 ms. Memory: 557056K Free: 287781K (52%)
----------------- Invoking toplevel() on ptolemy.moml.MoMLSimpleApplication@26032ef7
----------------- Done invoking toplevel() on ptolemy.moml.MoMLSimpleApplication@26032ef7
reloadAllAccessors: .Expression12

===========================================================================================
----------------- testing Thu Mar 05 22:44:35 UTC 2020 /home/travis/build/icyphy/ptII/ptolemy/actor/lib/test/auto/Expression13.xml
----------------- Instantiating /home/travis/build/icyphy/ptII/ptolemy/actor/lib/test/auto/Expression13.xml
4 ms. Memory: 557056K Free: 282661K (51%)
----------------- Invoking toplevel() on ptolemy.moml.MoMLSimpleApplication@c18fbc7
----------------- Done invoking toplevel() on ptolemy.moml.MoMLSimpleApplication@c18fbc7
reloadAllAccessors: .Expression13

===========================================================================================
----------------- testing Thu Mar 05 22:44:35 UTC 2020 /home/travis/build/icyphy/ptII/ptolemy/actor/lib/test/auto/Expression14.xml
----------------- Instantiating /home/travis/build/icyphy/ptII/ptolemy/actor/lib/test/auto/Expression14.xml
4 ms. Memory: 557056K Free: 277031K (50%)
----------------- Invoking toplevel() on ptolemy.moml.MoMLSimpleApplication@196ec076
----------------- Done invoking toplevel() on ptolemy.moml.MoMLSimpleApplication@196ec076
reloadAllAccessors: .Expression14

===========================================================================================
----------------- testing Thu Mar 05 22:44:35 UTC 2020 /home/travis/build/icyphy/ptII/ptolemy/actor/lib/test/auto/Expression15.xml
----------------- Instantiating /home/travis/build/icyphy/ptII/ptolemy/actor/lib/test/auto/Expression15.xml
1 ms. Memory: 557056K Free: 272935K (49%)
----------------- Invoking toplevel() on ptolemy.moml.MoMLSimpleApplication@33327653
----------------- Done invoking toplevel() on ptolemy.moml.MoMLSimpleApplication@33327653
reloadAllAccessors: .Expression15

===========================================================================================
----------------- testing Thu Mar 05 22:44:35 UTC 2020 /home/travis/build/icyphy/ptII/ptolemy/actor/lib/test/auto/Expression16.xml
----------------- Instantiating /home/travis/build/icyphy/ptII/ptolemy/actor/lib/test/auto/Expression16.xml
4 ms. Memory: 557056K Free: 268325K (48%)
----------------- Invoking toplevel() on ptolemy.moml.MoMLSimpleApplication@23c27320
----------------- Done invoking toplevel() on ptolemy.moml.MoMLSimpleApplication@23c27320
reloadAllAccessors: .Expression16

===========================================================================================
----------------- testing Thu Mar 05 22:44:35 UTC 2020 /home/travis/build/icyphy/ptII/ptolemy/actor/lib/test/auto/Expression17.xml
----------------- Instantiating /home/travis/build/icyphy/ptII/ptolemy/actor/lib/test/auto/Expression17.xml
3 ms. Memory: 557056K Free: 263205K (47%)
----------------- Invoking toplevel() on ptolemy.moml.MoMLSimpleApplication@72e2adf8
----------------- Done invoking toplevel() on ptolemy.moml.MoMLSimpleApplication@72e2adf8
reloadAllAccessors: .Expression17

===========================================================================================
----------------- testing Thu Mar 05 22:44:35 UTC 2020 /home/travis/build/icyphy/ptII/ptolemy/actor/lib/test/auto/Expression18.xml
----------------- Instantiating /home/travis/build/icyphy/ptII/ptolemy/actor/lib/test/auto/Expression18.xml
4 ms. Memory: 557056K Free: 258085K (46%)
----------------- Invoking toplevel() on ptolemy.moml.MoMLSimpleApplication@12ea9e7
----------------- Done invoking toplevel() on ptolemy.moml.MoMLSimpleApplication@12ea9e7
reloadAllAccessors: .Expression18

===========================================================================================
----------------- testing Thu Mar 05 22:44:35 UTC 2020 /home/travis/build/icyphy/ptII/ptolemy/actor/lib/test/auto/Expression2.xml
----------------- Instantiating /home/travis/build/icyphy/ptII/ptolemy/actor/lib/test/auto/Expression2.xml
2 ms. Memory: 557056K Free: 252965K (45%)
----------------- Invoking toplevel() on ptolemy.moml.MoMLSimpleApplication@2bd7aa21
----------------- Done invoking toplevel() on ptolemy.moml.MoMLSimpleApplication@2bd7aa21
reloadAllAccessors: .Expression2

===========================================================================================
----------------- testing Thu Mar 05 22:44:35 UTC 2020 /home/travis/build/icyphy/ptII/ptolemy/actor/lib/test/auto/Expression3.xml
----------------- Instantiating /home/travis/build/icyphy/ptII/ptolemy/actor/lib/test/auto/Expression3.xml
6 ms. Memory: 557056K Free: 247845K (44%)
----------------- Invoking toplevel() on ptolemy.moml.MoMLSimpleApplication@3cfb38ed
----------------- Done invoking toplevel() on ptolemy.moml.MoMLSimpleApplication@3cfb38ed
reloadAllAccessors: .Expression3

===========================================================================================
----------------- testing Thu Mar 05 22:44:35 UTC 2020 /home/travis/build/icyphy/ptII/ptolemy/actor/lib/test/auto/Expression4.xml
----------------- Instantiating /home/travis/build/icyphy/ptII/ptolemy/actor/lib/test/auto/Expression4.xml
6 ms. Memory: 557056K Free: 240677K (43%)
----------------- Invoking toplevel() on ptolemy.moml.MoMLSimpleApplication@bd2d267
----------------- Done invoking toplevel() on ptolemy.moml.MoMLSimpleApplication@bd2d267
reloadAllAccessors: .Expression4

===========================================================================================
----------------- testing Thu Mar 05 22:44:35 UTC 2020 /home/travis/build/icyphy/ptII/ptolemy/actor/lib/test/auto/Expression5.xml
----------------- Instantiating /home/travis/build/icyphy/ptII/ptolemy/actor/lib/test/auto/Expression5.xml
3 ms. Memory: 557056K Free: 235557K (42%)
----------------- Invoking toplevel() on ptolemy.moml.MoMLSimpleApplication@2de660af
----------------- Done invoking toplevel() on ptolemy.moml.MoMLSimpleApplication@2de660af
reloadAllAccessors: .Expression5

===========================================================================================
----------------- testing Thu Mar 05 22:44:35 UTC 2020 /home/travis/build/icyphy/ptII/ptolemy/actor/lib/test/auto/Expression6.xml
----------------- Instantiating /home/travis/build/icyphy/ptII/ptolemy/actor/lib/test/auto/Expression6.xml
2 ms. Memory: 557056K Free: 231461K (42%)
----------------- Invoking toplevel() on ptolemy.moml.MoMLSimpleApplication@2b1bd229
----------------- Done invoking toplevel() on ptolemy.moml.MoMLSimpleApplication@2b1bd229
reloadAllAccessors: .Expression6

===========================================================================================
----------------- testing Thu Mar 05 22:44:35 UTC 2020 /home/travis/build/icyphy/ptII/ptolemy/actor/lib/test/auto/Expression7.xml
----------------- Instantiating /home/travis/build/icyphy/ptII/ptolemy/actor/lib/test/auto/Expression7.xml
9 ms. Memory: 557056K Free: 226341K (41%)
----------------- Invoking toplevel() on ptolemy.moml.MoMLSimpleApplication@31318055
----------------- Done invoking toplevel() on ptolemy.moml.MoMLSimpleApplication@31318055
reloadAllAccessors: .Expression7

===========================================================================================
----------------- testing Thu Mar 05 22:44:35 UTC 2020 /home/travis/build/icyphy/ptII/ptolemy/actor/lib/test/auto/Expression8.xml
----------------- Instantiating /home/travis/build/icyphy/ptII/ptolemy/actor/lib/test/auto/Expression8.xml
9 ms. Memory: 557056K Free: 221221K (40%)
----------------- Invoking toplevel() on ptolemy.moml.MoMLSimpleApplication@2731a365
----------------- Done invoking toplevel() on ptolemy.moml.MoMLSimpleApplication@2731a365
reloadAllAccessors: .Expression8

===========================================================================================
----------------- testing Thu Mar 05 22:44:35 UTC 2020 /home/travis/build/icyphy/ptII/ptolemy/actor/lib/test/auto/Expression9.xml
----------------- Instantiating /home/travis/build/icyphy/ptII/ptolemy/actor/lib/test/auto/Expression9.xml
1 ms. Memory: 557056K Free: 217639K (39%)
----------------- Invoking toplevel() on ptolemy.moml.MoMLSimpleApplication@10ba1a02
----------------- Done invoking toplevel() on ptolemy.moml.MoMLSimpleApplication@10ba1a02
reloadAllAccessors: .Expression9

===========================================================================================
----------------- testing Thu Mar 05 22:44:35 UTC 2020 /home/travis/build/icyphy/ptII/ptolemy/actor/lib/test/auto/ExpressionConcatenateArrayType.xml
----------------- Instantiating /home/travis/build/icyphy/ptII/ptolemy/actor/lib/test/auto/ExpressionConcatenateArrayType.xml
2 ms. Memory: 557056K Free: 210981K (38%)
----------------- Invoking toplevel() on ptolemy.moml.MoMLSimpleApplication@198941f0
----------------- Done invoking toplevel() on ptolemy.moml.MoMLSimpleApplication@198941f0
reloadAllAccessors: .ExpressionConcatenateArrayType

===========================================================================================
----------------- testing Thu Mar 05 22:44:35 UTC 2020 /home/travis/build/icyphy/ptII/ptolemy/actor/lib/test/auto/ExpressionConcatenateArrayType2.xml
----------------- Instantiating /home/travis/build/icyphy/ptII/ptolemy/actor/lib/test/auto/ExpressionConcatenateArrayType2.xml
2 ms. Memory: 557056K Free: 205861K (37%)
----------------- Invoking toplevel() on ptolemy.moml.MoMLSimpleApplication@95b17e4
----------------- Done invoking toplevel() on ptolemy.moml.MoMLSimpleApplication@95b17e4
reloadAllAccessors: .ExpressionConcatenateArrayType2

===========================================================================================
----------------- testing Thu Mar 05 22:44:35 UTC 2020 /home/travis/build/icyphy/ptII/ptolemy/actor/lib/test/auto/ExpressionFix.xml
----------------- Instantiating /home/travis/build/icyphy/ptII/ptolemy/actor/lib/test/auto/ExpressionFix.xml
9 ms. Memory: 557056K Free: 199207K (36%)
----------------- Invoking toplevel() on ptolemy.moml.MoMLSimpleApplication@22aa5d9c
----------------- Done invoking toplevel() on ptolemy.moml.MoMLSimpleApplication@22aa5d9c
reloadAllAccessors: .ExpressionFix

===========================================================================================
----------------- testing Thu Mar 05 22:44:35 UTC 2020 /home/travis/build/icyphy/ptII/ptolemy/actor/lib/test/auto/ExpressionFix2.xml
----------------- Instantiating /home/travis/build/icyphy/ptII/ptolemy/actor/lib/test/auto/ExpressionFix2.xml
2 ms. Memory: 557056K Free: 195111K (35%)
----------------- Invoking toplevel() on ptolemy.moml.MoMLSimpleApplication@4c4b406f
----------------- Done invoking toplevel() on ptolemy.moml.MoMLSimpleApplication@4c4b406f
reloadAllAccessors: .ExpressionFix2

===========================================================================================
----------------- testing Thu Mar 05 22:44:35 UTC 2020 /home/travis/build/icyphy/ptII/ptolemy/actor/lib/test/auto/ExpressionFix3.xml
----------------- Instantiating /home/travis/build/icyphy/ptII/ptolemy/actor/lib/test/auto/ExpressionFix3.xml
2 ms. Memory: 557056K Free: 191015K (34%)
----------------- Invoking toplevel() on ptolemy.moml.MoMLSimpleApplication@72dd789f
----------------- Done invoking toplevel() on ptolemy.moml.MoMLSimpleApplication@72dd789f
reloadAllAccessors: .ExpressionFix3

===========================================================================================
----------------- testing Thu Mar 05 22:44:35 UTC 2020 /home/travis/build/icyphy/ptII/ptolemy/actor/lib/test/auto/FileWriter1.xml
----------------- Instantiating /home/travis/build/icyphy/ptII/ptolemy/actor/lib/test/auto/FileWriter1.xml
2 ms. Memory: 557056K Free: 186919K (34%)
----------------- Invoking toplevel() on ptolemy.moml.MoMLSimpleApplication@247c3042
----------------- Done invoking toplevel() on ptolemy.moml.MoMLSimpleApplication@247c3042
reloadAllAccessors: .FileWriter1

===========================================================================================
----------------- testing Thu Mar 05 22:44:35 UTC 2020 /home/travis/build/icyphy/ptII/ptolemy/actor/lib/test/auto/FileWriter2.xml
----------------- Instantiating /home/travis/build/icyphy/ptII/ptolemy/actor/lib/test/auto/FileWriter2.xml
34 ms. Memory: 557056K Free: 505895K (91%)
----------------- Invoking toplevel() on ptolemy.moml.MoMLSimpleApplication@64469d9d
----------------- Done invoking toplevel() on ptolemy.moml.MoMLSimpleApplication@64469d9d
reloadAllAccessors: .FileWriter2

===========================================================================================
----------------- testing Thu Mar 05 22:44:35 UTC 2020 /home/travis/build/icyphy/ptII/ptolemy/actor/lib/test/auto/FileWriter3.xml
----------------- Instantiating /home/travis/build/icyphy/ptII/ptolemy/actor/lib/test/auto/FileWriter3.xml
8 ms. Memory: 557056K Free: 501285K (90%)
----------------- Invoking toplevel() on ptolemy.moml.MoMLSimpleApplication@52af8f59
----------------- Done invoking toplevel() on ptolemy.moml.MoMLSimpleApplication@52af8f59
reloadAllAccessors: .FileWriter3

===========================================================================================
----------------- testing Thu Mar 05 22:44:35 UTC 2020 /home/travis/build/icyphy/ptII/ptolemy/actor/lib/test/auto/Gaussian.xml
----------------- Instantiating /home/travis/build/icyphy/ptII/ptolemy/actor/lib/test/auto/Gaussian.xml
2 ms. Memory: 557056K Free: 497189K (89%)
----------------- Invoking toplevel() on ptolemy.moml.MoMLSimpleApplication@69f5d806
----------------- Done invoking toplevel() on ptolemy.moml.MoMLSimpleApplication@69f5d806
reloadAllAccessors: .Gaussian

===========================================================================================
----------------- testing Thu Mar 05 22:44:35 UTC 2020 /home/travis/build/icyphy/ptII/ptolemy/actor/lib/test/auto/Gaussian1.xml
----------------- Instantiating /home/travis/build/icyphy/ptII/ptolemy/actor/lib/test/auto/Gaussian1.xml
2 ms. Memory: 557056K Free: 491559K (88%)
----------------- Invoking toplevel() on ptolemy.moml.MoMLSimpleApplication@1b35a650
----------------- Done invoking toplevel() on ptolemy.moml.MoMLSimpleApplication@1b35a650
reloadAllAccessors: .Gaussian1

===========================================================================================
----------------- testing Thu Mar 05 22:44:35 UTC 2020 /home/travis/build/icyphy/ptII/ptolemy/actor/lib/test/auto/Gaussian2.xml
----------------- Instantiating /home/travis/build/icyphy/ptII/ptolemy/actor/lib/test/auto/Gaussian2.xml
2 ms. Memory: 557056K Free: 485910K (87%)
----------------- Invoking toplevel() on ptolemy.moml.MoMLSimpleApplication@24ce05b6
----------------- Done invoking toplevel() on ptolemy.moml.MoMLSimpleApplication@24ce05b6
reloadAllAccessors: .Gaussian2

===========================================================================================
----------------- testing Thu Mar 05 22:44:35 UTC 2020 /home/travis/build/icyphy/ptII/ptolemy/actor/lib/test/auto/GradientAdaptiveLattice.xml
----------------- Instantiating /home/travis/build/icyphy/ptII/ptolemy/actor/lib/test/auto/GradientAdaptiveLattice.xml
6 ms. Memory: 557056K Free: 481319K (86%)
----------------- Invoking toplevel() on ptolemy.moml.MoMLSimpleApplication@7a988331
----------------- Done invoking toplevel() on ptolemy.moml.MoMLSimpleApplication@7a988331
reloadAllAccessors: .GradientAdaptiveLattice

===========================================================================================
----------------- testing Thu Mar 05 22:44:35 UTC 2020 /home/travis/build/icyphy/ptII/ptolemy/actor/lib/test/auto/IIR.xml
----------------- Instantiating /home/travis/build/icyphy/ptII/ptolemy/actor/lib/test/auto/IIR.xml
2 ms. Memory: 557056K Free: 476709K (86%)
----------------- Invoking toplevel() on ptolemy.moml.MoMLSimpleApplication@67eb0107
----------------- Done invoking toplevel() on ptolemy.moml.MoMLSimpleApplication@67eb0107
reloadAllAccessors: .IIR

===========================================================================================
----------------- testing Thu Mar 05 22:44:35 UTC 2020 /home/travis/build/icyphy/ptII/ptolemy/actor/lib/test/auto/InputOutputTransparentPorts.xml
----------------- Instantiating /home/travis/build/icyphy/ptII/ptolemy/actor/lib/test/auto/InputOutputTransparentPorts.xml
2 ms. Memory: 557056K Free: 469541K (84%)
----------------- Invoking toplevel() on ptolemy.moml.MoMLSimpleApplication@7e682f4b
----------------- Done invoking toplevel() on ptolemy.moml.MoMLSimpleApplication@7e682f4b
reloadAllAccessors: .InputOutputTransparentPorts

===========================================================================================
----------------- testing Thu Mar 05 22:44:35 UTC 2020 /home/travis/build/icyphy/ptII/ptolemy/actor/lib/test/auto/Interpolator.xml
----------------- Instantiating /home/travis/build/icyphy/ptII/ptolemy/actor/lib/test/auto/Interpolator.xml
3 ms. Memory: 557056K Free: 465445K (84%)
----------------- Invoking toplevel() on ptolemy.moml.MoMLSimpleApplication@b24a71e
----------------- Done invoking toplevel() on ptolemy.moml.MoMLSimpleApplication@b24a71e
reloadAllAccessors: .Interpolator

===========================================================================================
----------------- testing Thu Mar 05 22:44:35 UTC 2020 /home/travis/build/icyphy/ptII/ptolemy/actor/lib/test/auto/InterpolatorFiringLimitDE.xml
----------------- Instantiating /home/travis/build/icyphy/ptII/ptolemy/actor/lib/test/auto/InterpolatorFiringLimitDE.xml
1 ms. Memory: 557056K Free: 458791K (82%)
----------------- Invoking toplevel() on ptolemy.moml.MoMLSimpleApplication@73eb06b8
----------------- Done invoking toplevel() on ptolemy.moml.MoMLSimpleApplication@73eb06b8
reloadAllAccessors: .InterpolatorFiringLimitDE

===========================================================================================
----------------- testing Thu Mar 05 22:44:35 UTC 2020 /home/travis/build/icyphy/ptII/ptolemy/actor/lib/test/auto/Lattice.xml
----------------- Instantiating /home/travis/build/icyphy/ptII/ptolemy/actor/lib/test/auto/Lattice.xml
1 ms. Memory: 557056K Free: 455205K (82%)
----------------- Invoking toplevel() on ptolemy.moml.MoMLSimpleApplication@349f3b0
----------------- Done invoking toplevel() on ptolemy.moml.MoMLSimpleApplication@349f3b0
reloadAllAccessors: .Lattice

===========================================================================================
----------------- testing Thu Mar 05 22:44:35 UTC 2020 /home/travis/build/icyphy/ptII/ptolemy/actor/lib/test/auto/LazyAOCTestLazy.xml
----------------- Instantiating /home/travis/build/icyphy/ptII/ptolemy/actor/lib/test/auto/LazyAOCTestLazy.xml
7 ms. Memory: 557056K Free: 449046K (81%)
----------------- Invoking toplevel() on ptolemy.moml.MoMLSimpleApplication@33edd693
----------------- Done invoking toplevel() on ptolemy.moml.MoMLSimpleApplication@33edd693
reloadAllAccessors: .LazyAOCTestLazy

===========================================================================================
----------------- testing Thu Mar 05 22:44:35 UTC 2020 /home/travis/build/icyphy/ptII/ptolemy/actor/lib/test/auto/LazyAOCTestNonLazy.xml
----------------- Instantiating /home/travis/build/icyphy/ptII/ptolemy/actor/lib/test/auto/LazyAOCTestNonLazy.xml
2 ms. Memory: 557056K Free: 442407K (79%)
----------------- Invoking toplevel() on ptolemy.moml.MoMLSimpleApplication@3a4bf3f1
----------------- Done invoking toplevel() on ptolemy.moml.MoMLSimpleApplication@3a4bf3f1
reloadAllAccessors: .LazyAOCTestNonLazy

===========================================================================================
----------------- testing Thu Mar 05 22:44:35 UTC 2020 /home/travis/build/icyphy/ptII/ptolemy/actor/lib/test/auto/LazyInnerClass.xml
----------------- Instantiating /home/travis/build/icyphy/ptII/ptolemy/actor/lib/test/auto/LazyInnerClass.xml
10 ms. Memory: 557056K Free: 434215K (78%)
----------------- Invoking toplevel() on ptolemy.moml.MoMLSimpleApplication@69cf0097
----------------- Done invoking toplevel() on ptolemy.moml.MoMLSimpleApplication@69cf0097
reloadAllAccessors: .LazyInnerClass

===========================================================================================
----------------- testing Thu Mar 05 22:44:35 UTC 2020 /home/travis/build/icyphy/ptII/ptolemy/actor/lib/test/auto/LazyPubSub.xml
----------------- Instantiating /home/travis/build/icyphy/ptII/ptolemy/actor/lib/test/auto/LazyPubSub.xml
20 ms. Memory: 557056K Free: 423975K (76%)
----------------- Invoking toplevel() on ptolemy.moml.MoMLSimpleApplication@54333bc6
----------------- Done invoking toplevel() on ptolemy.moml.MoMLSimpleApplication@54333bc6
reloadAllAccessors: .LazyPubSub

===========================================================================================
----------------- testing Thu Mar 05 22:44:36 UTC 2020 /home/travis/build/icyphy/ptII/ptolemy/actor/lib/test/auto/LazyPubSub2.xml
----------------- Instantiating /home/travis/build/icyphy/ptII/ptolemy/actor/lib/test/auto/LazyPubSub2.xml
29 ms. Memory: 557056K Free: 414230K (74%)
----------------- Invoking toplevel() on ptolemy.moml.MoMLSimpleApplication@55654cff
----------------- Done invoking toplevel() on ptolemy.moml.MoMLSimpleApplication@55654cff
reloadAllAccessors: .LazyPubSub2

===========================================================================================
----------------- testing Thu Mar 05 22:44:36 UTC 2020 /home/travis/build/icyphy/ptII/ptolemy/actor/lib/test/auto/LazyPubSub3.xml
----------------- Instantiating /home/travis/build/icyphy/ptII/ptolemy/actor/lib/test/auto/LazyPubSub3.xml
12 ms. Memory: 557056K Free: 404519K (73%)
----------------- Invoking toplevel() on ptolemy.moml.MoMLSimpleApplication@60711f29
----------------- Done invoking toplevel() on ptolemy.moml.MoMLSimpleApplication@60711f29
reloadAllAccessors: .LazyPubSub3

===========================================================================================
----------------- testing Thu Mar 05 22:44:36 UTC 2020 /home/travis/build/icyphy/ptII/ptolemy/actor/lib/test/auto/LazySubClassModel.xml
----------------- Instantiating /home/travis/build/icyphy/ptII/ptolemy/actor/lib/test/auto/LazySubClassModel.xml
2 ms. Memory: 557056K Free: 395303K (71%)
----------------- Invoking toplevel() on ptolemy.moml.MoMLSimpleApplication@4d07bda4
----------------- Done invoking toplevel() on ptolemy.moml.MoMLSimpleApplication@4d07bda4
reloadAllAccessors: .LazySubClassModel

===========================================================================================
----------------- testing Thu Mar 05 22:44:36 UTC 2020 /home/travis/build/icyphy/ptII/ptolemy/actor/lib/test/auto/LevelCrossTest1.xml
----------------- Instantiating /home/travis/build/icyphy/ptII/ptolemy/actor/lib/test/auto/LevelCrossTest1.xml
2 ms. Memory: 557056K Free: 389669K (70%)
----------------- Invoking toplevel() on ptolemy.moml.MoMLSimpleApplication@5d587ff1
----------------- Done invoking toplevel() on ptolemy.moml.MoMLSimpleApplication@5d587ff1
reloadAllAccessors: .broken

===========================================================================================
----------------- testing Thu Mar 05 22:44:36 UTC 2020 /home/travis/build/icyphy/ptII/ptolemy/actor/lib/test/auto/LevelCrossTest10.xml
----------------- Instantiating /home/travis/build/icyphy/ptII/ptolemy/actor/lib/test/auto/LevelCrossTest10.xml
1 ms. Memory: 557056K Free: 382501K (69%)
----------------- Invoking toplevel() on ptolemy.moml.MoMLSimpleApplication@2af2ef13
----------------- Done invoking toplevel() on ptolemy.moml.MoMLSimpleApplication@2af2ef13
reloadAllAccessors: .LevelCrossTest10

===========================================================================================
----------------- testing Thu Mar 05 22:44:36 UTC 2020 /home/travis/build/icyphy/ptII/ptolemy/actor/lib/test/auto/LevelCrossTest11.xml
----------------- Instantiating /home/travis/build/icyphy/ptII/ptolemy/actor/lib/test/auto/LevelCrossTest11.xml
1 ms. Memory: 557056K Free: 375333K (67%)
----------------- Invoking toplevel() on ptolemy.moml.MoMLSimpleApplication@172f240c
----------------- Done invoking toplevel() on ptolemy.moml.MoMLSimpleApplication@172f240c
reloadAllAccessors: .LevelCrossTest11

===========================================================================================
----------------- testing Thu Mar 05 22:44:36 UTC 2020 /home/travis/build/icyphy/ptII/ptolemy/actor/lib/test/auto/LevelCrossTest12.xml
----------------- Instantiating /home/travis/build/icyphy/ptII/ptolemy/actor/lib/test/auto/LevelCrossTest12.xml
1 ms. Memory: 557056K Free: 368165K (66%)
----------------- Invoking toplevel() on ptolemy.moml.MoMLSimpleApplication@529ba4e3
----------------- Done invoking toplevel() on ptolemy.moml.MoMLSimpleApplication@529ba4e3
reloadAllAccessors: .LevelCrossTest12

===========================================================================================
----------------- testing Thu Mar 05 22:44:36 UTC 2020 /home/travis/build/icyphy/ptII/ptolemy/actor/lib/test/auto/LevelCrossTest13.xml
----------------- Instantiating /home/travis/build/icyphy/ptII/ptolemy/actor/lib/test/auto/LevelCrossTest13.xml
1 ms. Memory: 557056K Free: 361511K (65%)
----------------- Invoking toplevel() on ptolemy.moml.MoMLSimpleApplication@5b9dc011
----------------- Done invoking toplevel() on ptolemy.moml.MoMLSimpleApplication@5b9dc011
reloadAllAccessors: .LevelCrossTest13

===========================================================================================
----------------- testing Thu Mar 05 22:44:36 UTC 2020 /home/travis/build/icyphy/ptII/ptolemy/actor/lib/test/auto/LevelCrossTest2.xml
----------------- Instantiating /home/travis/build/icyphy/ptII/ptolemy/actor/lib/test/auto/LevelCrossTest2.xml
2 ms. Memory: 557056K Free: 355877K (64%)
----------------- Invoking toplevel() on ptolemy.moml.MoMLSimpleApplication@211ed886
----------------- Done invoking toplevel() on ptolemy.moml.MoMLSimpleApplication@211ed886
reloadAllAccessors: .broken

===========================================================================================
----------------- testing Thu Mar 05 22:44:36 UTC 2020 /home/travis/build/icyphy/ptII/ptolemy/actor/lib/test/auto/LevelCrossTest3.xml
----------------- Instantiating /home/travis/build/icyphy/ptII/ptolemy/actor/lib/test/auto/LevelCrossTest3.xml
1 ms. Memory: 557056K Free: 349733K (63%)
----------------- Invoking toplevel() on ptolemy.moml.MoMLSimpleApplication@4b536550
----------------- Done invoking toplevel() on ptolemy.moml.MoMLSimpleApplication@4b536550
reloadAllAccessors: .LevelCrossTest3

===========================================================================================
----------------- testing Thu Mar 05 22:44:36 UTC 2020 /home/travis/build/icyphy/ptII/ptolemy/actor/lib/test/auto/LevelCrossTest4.xml
----------------- Instantiating /home/travis/build/icyphy/ptII/ptolemy/actor/lib/test/auto/LevelCrossTest4.xml
2 ms. Memory: 557056K Free: 344613K (62%)
----------------- Invoking toplevel() on ptolemy.moml.MoMLSimpleApplication@b768b13
----------------- Done invoking toplevel() on ptolemy.moml.MoMLSimpleApplication@b768b13
reloadAllAccessors: .broken

===========================================================================================
----------------- testing Thu Mar 05 22:44:36 UTC 2020 /home/travis/build/icyphy/ptII/ptolemy/actor/lib/test/auto/LevelCrossTest5.xml
----------------- Instantiating /home/travis/build/icyphy/ptII/ptolemy/actor/lib/test/auto/LevelCrossTest5.xml
3 ms. Memory: 557056K Free: 337959K (61%)
----------------- Invoking toplevel() on ptolemy.moml.MoMLSimpleApplication@6080f980
----------------- Done invoking toplevel() on ptolemy.moml.MoMLSimpleApplication@6080f980
reloadAllAccessors: .LevelCrossTest5

===========================================================================================
----------------- testing Thu Mar 05 22:44:36 UTC 2020 /home/travis/build/icyphy/ptII/ptolemy/actor/lib/test/auto/LevelCrossTest6.xml
----------------- Instantiating /home/travis/build/icyphy/ptII/ptolemy/actor/lib/test/auto/LevelCrossTest6.xml
1 ms. Memory: 557056K Free: 331815K (60%)
----------------- Invoking toplevel() on ptolemy.moml.MoMLSimpleApplication@7ba201fd
----------------- Done invoking toplevel() on ptolemy.moml.MoMLSimpleApplication@7ba201fd
reloadAllAccessors: .LevelCrossTest6

===========================================================================================
----------------- testing Thu Mar 05 22:44:36 UTC 2020 /home/travis/build/icyphy/ptII/ptolemy/actor/lib/test/auto/LevelCrossTest7.xml
----------------- Instantiating /home/travis/build/icyphy/ptII/ptolemy/actor/lib/test/auto/LevelCrossTest7.xml
1 ms. Memory: 557056K Free: 324133K (58%)
----------------- Invoking toplevel() on ptolemy.moml.MoMLSimpleApplication@58556681
----------------- Done invoking toplevel() on ptolemy.moml.MoMLSimpleApplication@58556681
reloadAllAccessors: .LevelCrossTest7

===========================================================================================
----------------- testing Thu Mar 05 22:44:36 UTC 2020 /home/travis/build/icyphy/ptII/ptolemy/actor/lib/test/auto/LevelCrossTest8.xml
----------------- Instantiating /home/travis/build/icyphy/ptII/ptolemy/actor/lib/test/auto/LevelCrossTest8.xml
1 ms. Memory: 557056K Free: 315941K (57%)
----------------- Invoking toplevel() on ptolemy.moml.MoMLSimpleApplication@7b389d72
----------------- Done invoking toplevel() on ptolemy.moml.MoMLSimpleApplication@7b389d72
reloadAllAccessors: .LevelCrossTest8

===========================================================================================
----------------- testing Thu Mar 05 22:44:36 UTC 2020 /home/travis/build/icyphy/ptII/ptolemy/actor/lib/test/auto/LevelCrossTest9.xml
----------------- Instantiating /home/travis/build/icyphy/ptII/ptolemy/actor/lib/test/auto/LevelCrossTest9.xml
1 ms. Memory: 557056K Free: 308773K (55%)
----------------- Invoking toplevel() on ptolemy.moml.MoMLSimpleApplication@126be235
----------------- Done invoking toplevel() on ptolemy.moml.MoMLSimpleApplication@126be235
reloadAllAccessors: .LevelCrossTest9

===========================================================================================
----------------- testing Thu Mar 05 22:44:36 UTC 2020 /home/travis/build/icyphy/ptII/ptolemy/actor/lib/test/auto/LevinsonDurbin.xml
----------------- Instantiating /home/travis/build/icyphy/ptII/ptolemy/actor/lib/test/auto/LevinsonDurbin.xml
2 ms. Memory: 557056K Free: 304677K (55%)
----------------- Invoking toplevel() on ptolemy.moml.MoMLSimpleApplication@73ea11cb
----------------- Done invoking toplevel() on ptolemy.moml.MoMLSimpleApplication@73ea11cb
reloadAllAccessors: .LevinsonDurbin

===========================================================================================
----------------- testing Thu Mar 05 22:44:36 UTC 2020 /home/travis/build/icyphy/ptII/ptolemy/actor/lib/test/auto/LevinsonDurbin2.xml
----------------- Instantiating /home/travis/build/icyphy/ptII/ptolemy/actor/lib/test/auto/LevinsonDurbin2.xml
1 ms. Memory: 557056K Free: 301095K (54%)
----------------- Invoking toplevel() on ptolemy.moml.MoMLSimpleApplication@672d92ec
----------------- Done invoking toplevel() on ptolemy.moml.MoMLSimpleApplication@672d92ec
reloadAllAccessors: .LevinsonDurbin2

===========================================================================================
----------------- testing Thu Mar 05 22:44:36 UTC 2020 /home/travis/build/icyphy/ptII/ptolemy/actor/lib/test/auto/LevinsonDurbin3.xml
----------------- Instantiating /home/travis/build/icyphy/ptII/ptolemy/actor/lib/test/auto/LevinsonDurbin3.xml
11 ms. Memory: 557056K Free: 296999K (53%)
----------------- Invoking toplevel() on ptolemy.moml.MoMLSimpleApplication@22e562b
----------------- Done invoking toplevel() on ptolemy.moml.MoMLSimpleApplication@22e562b
reloadAllAccessors: .LevinsonDurbin3

===========================================================================================
----------------- testing Thu Mar 05 22:44:36 UTC 2020 /home/travis/build/icyphy/ptII/ptolemy/actor/lib/test/auto/Limiter.xml
----------------- Instantiating /home/travis/build/icyphy/ptII/ptolemy/actor/lib/test/auto/Limiter.xml
4 ms. Memory: 557056K Free: 287783K (52%)
----------------- Invoking toplevel() on ptolemy.moml.MoMLSimpleApplication@26c4cdb8
----------------- Done invoking toplevel() on ptolemy.moml.MoMLSimpleApplication@26c4cdb8
reloadAllAccessors: .Limiter

===========================================================================================
----------------- testing Thu Mar 05 22:44:36 UTC 2020 /home/travis/build/icyphy/ptII/ptolemy/actor/lib/test/auto/LinearDifferenceEquationSystem.xml
----------------- Instantiating /home/travis/build/icyphy/ptII/ptolemy/actor/lib/test/auto/LinearDifferenceEquationSystem.xml
4 ms. Memory: 557056K Free: 281125K (50%)
----------------- Invoking toplevel() on ptolemy.moml.MoMLSimpleApplication@7a9b5847
----------------- Done invoking toplevel() on ptolemy.moml.MoMLSimpleApplication@7a9b5847
reloadAllAccessors: .LinearDifferenceEquationSystem

===========================================================================================
----------------- testing Thu Mar 05 22:44:36 UTC 2020 /home/travis/build/icyphy/ptII/ptolemy/actor/lib/test/auto/LookupTable.xml
----------------- Instantiating /home/travis/build/icyphy/ptII/ptolemy/actor/lib/test/auto/LookupTable.xml
6 ms. Memory: 557056K Free: 276519K (50%)
----------------- Invoking toplevel() on ptolemy.moml.MoMLSimpleApplication@5e28301c
----------------- Done invoking toplevel() on ptolemy.moml.MoMLSimpleApplication@5e28301c
reloadAllAccessors: .LookupTable

===========================================================================================
----------------- testing Thu Mar 05 22:44:36 UTC 2020 /home/travis/build/icyphy/ptII/ptolemy/actor/lib/test/auto/MathFunction.xml
----------------- Instantiating /home/travis/build/icyphy/ptII/ptolemy/actor/lib/test/auto/MathFunction.xml
2 ms. Memory: 557056K Free: 268327K (48%)
----------------- Invoking toplevel() on ptolemy.moml.MoMLSimpleApplication@4dced12f
----------------- Done invoking toplevel() on ptolemy.moml.MoMLSimpleApplication@4dced12f
reloadAllAccessors: .MathFunction

===========================================================================================
----------------- testing Thu Mar 05 22:44:36 UTC 2020 /home/travis/build/icyphy/ptII/ptolemy/actor/lib/test/auto/MathFunction2.xml
----------------- Instantiating /home/travis/build/icyphy/ptII/ptolemy/actor/lib/test/auto/MathFunction2.xml
4 ms. Memory: 557056K Free: 264231K (47%)
----------------- Invoking toplevel() on ptolemy.moml.MoMLSimpleApplication@442242f7
----------------- Done invoking toplevel() on ptolemy.moml.MoMLSimpleApplication@442242f7
reloadAllAccessors: .MathFunction2

===========================================================================================
----------------- testing Thu Mar 05 22:44:36 UTC 2020 /home/travis/build/icyphy/ptII/ptolemy/actor/lib/test/auto/MathFunction3.xml
----------------- Instantiating /home/travis/build/icyphy/ptII/ptolemy/actor/lib/test/auto/MathFunction3.xml
3 ms. Memory: 557056K Free: 257573K (46%)
----------------- Invoking toplevel() on ptolemy.moml.MoMLSimpleApplication@54b3ffb4
----------------- Done invoking toplevel() on ptolemy.moml.MoMLSimpleApplication@54b3ffb4
reloadAllAccessors: .MathFunction3

===========================================================================================
----------------- testing Thu Mar 05 22:44:36 UTC 2020 /home/travis/build/icyphy/ptII/ptolemy/actor/lib/test/auto/MatrixCropBoolean.xml
----------------- Instantiating /home/travis/build/icyphy/ptII/ptolemy/actor/lib/test/auto/MatrixCropBoolean.xml
2 ms. Memory: 557056K Free: 252422K (45%)
----------------- Invoking toplevel() on ptolemy.moml.MoMLSimpleApplication@4a9bd67b
----------------- Done invoking toplevel() on ptolemy.moml.MoMLSimpleApplication@4a9bd67b
reloadAllAccessors: .MatrixCropBoolean

===========================================================================================
----------------- testing Thu Mar 05 22:44:36 UTC 2020 /home/travis/build/icyphy/ptII/ptolemy/actor/lib/test/auto/MatrixCropComplex.xml
----------------- Instantiating /home/travis/build/icyphy/ptII/ptolemy/actor/lib/test/auto/MatrixCropComplex.xml
2 ms. Memory: 557056K Free: 247302K (44%)
----------------- Invoking toplevel() on ptolemy.moml.MoMLSimpleApplication@1a87876f
----------------- Done invoking toplevel() on ptolemy.moml.MoMLSimpleApplication@1a87876f
reloadAllAccessors: .MatrixCropComplex

===========================================================================================
----------------- testing Thu Mar 05 22:44:36 UTC 2020 /home/travis/build/icyphy/ptII/ptolemy/actor/lib/test/auto/MatrixCropDouble.xml
----------------- Instantiating /home/travis/build/icyphy/ptII/ptolemy/actor/lib/test/auto/MatrixCropDouble.xml
2 ms. Memory: 557056K Free: 242182K (43%)
----------------- Invoking toplevel() on ptolemy.moml.MoMLSimpleApplication@6d5e7849
----------------- Done invoking toplevel() on ptolemy.moml.MoMLSimpleApplication@6d5e7849
reloadAllAccessors: .MatrixCropDouble

===========================================================================================
----------------- testing Thu Mar 05 22:44:36 UTC 2020 /home/travis/build/icyphy/ptII/ptolemy/actor/lib/test/auto/MatrixCropFix.xml
----------------- Instantiating /home/travis/build/icyphy/ptII/ptolemy/actor/lib/test/auto/MatrixCropFix.xml
1 ms. Memory: 557056K Free: 237607K (43%)
----------------- Invoking toplevel() on ptolemy.moml.MoMLSimpleApplication@5f5e073d
----------------- Done invoking toplevel() on ptolemy.moml.MoMLSimpleApplication@5f5e073d
reloadAllAccessors: .MatrixCropFix

===========================================================================================
----------------- testing Thu Mar 05 22:44:36 UTC 2020 /home/travis/build/icyphy/ptII/ptolemy/actor/lib/test/auto/MatrixCropInt.xml
----------------- Instantiating /home/travis/build/icyphy/ptII/ptolemy/actor/lib/test/auto/MatrixCropInt.xml
2 ms. Memory: 557056K Free: 232487K (42%)
----------------- Invoking toplevel() on ptolemy.moml.MoMLSimpleApplication@5464fa72
----------------- Done invoking toplevel() on ptolemy.moml.MoMLSimpleApplication@5464fa72
reloadAllAccessors: .MatrixCropInt

===========================================================================================
----------------- testing Thu Mar 05 22:44:36 UTC 2020 /home/travis/build/icyphy/ptII/ptolemy/actor/lib/test/auto/MatrixCropLong.xml
----------------- Instantiating /home/travis/build/icyphy/ptII/ptolemy/actor/lib/test/auto/MatrixCropLong.xml
2 ms. Memory: 557056K Free: 227367K (41%)
----------------- Invoking toplevel() on ptolemy.moml.MoMLSimpleApplication@35ba40e6
----------------- Done invoking toplevel() on ptolemy.moml.MoMLSimpleApplication@35ba40e6
reloadAllAccessors: .MatrixCropLong

===========================================================================================
----------------- testing Thu Mar 05 22:44:36 UTC 2020 /home/travis/build/icyphy/ptII/ptolemy/actor/lib/test/auto/MatrixToArray.xml
----------------- Instantiating /home/travis/build/icyphy/ptII/ptolemy/actor/lib/test/auto/MatrixToArray.xml
5 ms. Memory: 557056K Free: 212007K (38%)
----------------- Invoking toplevel() on ptolemy.moml.MoMLSimpleApplication@1573ed03
----------------- Done invoking toplevel() on ptolemy.moml.MoMLSimpleApplication@1573ed03
reloadAllAccessors: .MatrixToArray

===========================================================================================
----------------- testing Thu Mar 05 22:44:36 UTC 2020 /home/travis/build/icyphy/ptII/ptolemy/actor/lib/test/auto/MaxIndex.xml
----------------- Instantiating /home/travis/build/icyphy/ptII/ptolemy/actor/lib/test/auto/MaxIndex.xml
2 ms. Memory: 557056K Free: 207397K (37%)
----------------- Invoking toplevel() on ptolemy.moml.MoMLSimpleApplication@5b3e7374
----------------- Done invoking toplevel() on ptolemy.moml.MoMLSimpleApplication@5b3e7374
reloadAllAccessors: .MaxIndex

===========================================================================================
----------------- testing Thu Mar 05 22:44:36 UTC 2020 /home/travis/build/icyphy/ptII/ptolemy/actor/lib/test/auto/Maximum.xml
----------------- Instantiating /home/travis/build/icyphy/ptII/ptolemy/actor/lib/test/auto/Maximum.xml
3 ms. Memory: 557056K Free: 200743K (36%)
----------------- Invoking toplevel() on ptolemy.moml.MoMLSimpleApplication@1ac69c0
----------------- Done invoking toplevel() on ptolemy.moml.MoMLSimpleApplication@1ac69c0
reloadAllAccessors: .Maximum

===========================================================================================
----------------- testing Thu Mar 05 22:44:36 UTC 2020 /home/travis/build/icyphy/ptII/ptolemy/actor/lib/test/auto/MaximumComplex.xml
----------------- Instantiating /home/travis/build/icyphy/ptII/ptolemy/actor/lib/test/auto/MaximumComplex.xml
3 ms. Memory: 557056K Free: 194599K (35%)
----------------- Invoking toplevel() on ptolemy.moml.MoMLSimpleApplication@60bf757b
----------------- Done invoking toplevel() on ptolemy.moml.MoMLSimpleApplication@60bf757b
reloadAllAccessors: .MaximumComplex

===========================================================================================
----------------- testing Thu Mar 05 22:44:36 UTC 2020 /home/travis/build/icyphy/ptII/ptolemy/actor/lib/test/auto/MethodCallTest.xml
----------------- Instantiating /home/travis/build/icyphy/ptII/ptolemy/actor/lib/test/auto/MethodCallTest.xml
2 ms. Memory: 557056K Free: 187941K (34%)
----------------- Invoking toplevel() on ptolemy.moml.MoMLSimpleApplication@31f5fa62
----------------- Done invoking toplevel() on ptolemy.moml.MoMLSimpleApplication@31f5fa62
reloadAllAccessors: .MethodCallTest

===========================================================================================
----------------- testing Thu Mar 05 22:44:36 UTC 2020 /home/travis/build/icyphy/ptII/ptolemy/actor/lib/test/auto/Minimum.xml
----------------- Instantiating /home/travis/build/icyphy/ptII/ptolemy/actor/lib/test/auto/Minimum.xml
41 ms. Memory: 557056K Free: 506112K (91%)
----------------- Invoking toplevel() on ptolemy.moml.MoMLSimpleApplication@20d9e98e
----------------- Done invoking toplevel() on ptolemy.moml.MoMLSimpleApplication@20d9e98e
reloadAllAccessors: .Minimum

===========================================================================================
----------------- testing Thu Mar 05 22:44:36 UTC 2020 /home/travis/build/icyphy/ptII/ptolemy/actor/lib/test/auto/MinimumComplex.xml
----------------- Instantiating /home/travis/build/icyphy/ptII/ptolemy/actor/lib/test/auto/MinimumComplex.xml
2 ms. Memory: 557056K Free: 499751K (90%)
----------------- Invoking toplevel() on ptolemy.moml.MoMLSimpleApplication@2f37fdbf
----------------- Done invoking toplevel() on ptolemy.moml.MoMLSimpleApplication@2f37fdbf
reloadAllAccessors: .MinimumComplex

===========================================================================================
----------------- testing Thu Mar 05 22:44:36 UTC 2020 /home/travis/build/icyphy/ptII/ptolemy/actor/lib/test/auto/MinimumMultiports.xml
----------------- Instantiating /home/travis/build/icyphy/ptII/ptolemy/actor/lib/test/auto/MinimumMultiports.xml
3 ms. Memory: 557056K Free: 491045K (88%)
----------------- Invoking toplevel() on ptolemy.moml.MoMLSimpleApplication@79e58bee
----------------- Done invoking toplevel() on ptolemy.moml.MoMLSimpleApplication@79e58bee
reloadAllAccessors: .MinimumMultiports

===========================================================================================
----------------- testing Thu Mar 05 22:44:36 UTC 2020 /home/travis/build/icyphy/ptII/ptolemy/actor/lib/test/auto/ModifyDate.xml
----------------- Instantiating /home/travis/build/icyphy/ptII/ptolemy/actor/lib/test/auto/ModifyDate.xml
10 ms. Memory: 557056K Free: 478247K (86%)
----------------- Invoking toplevel() on ptolemy.moml.MoMLSimpleApplication@4c71dba2
----------------- Done invoking toplevel() on ptolemy.moml.MoMLSimpleApplication@4c71dba2
reloadAllAccessors: .ModifyDate

===========================================================================================
----------------- testing Thu Mar 05 22:44:36 UTC 2020 /home/travis/build/icyphy/ptII/ptolemy/actor/lib/test/auto/ModifyDate2.xml
----------------- Instantiating /home/travis/build/icyphy/ptII/ptolemy/actor/lib/test/auto/ModifyDate2.xml
3 ms. Memory: 557056K Free: 469541K (84%)
----------------- Invoking toplevel() on ptolemy.moml.MoMLSimpleApplication@78efd6e9
----------------- Done invoking toplevel() on ptolemy.moml.MoMLSimpleApplication@78efd6e9
reloadAllAccessors: .ModifyDate2

===========================================================================================
----------------- testing Thu Mar 05 22:44:36 UTC 2020 /home/travis/build/icyphy/ptII/ptolemy/actor/lib/test/auto/MovingAverage.xml
----------------- Instantiating /home/travis/build/icyphy/ptII/ptolemy/actor/lib/test/auto/MovingAverage.xml
2 ms. Memory: 557056K Free: 464935K (83%)
----------------- Invoking toplevel() on ptolemy.moml.MoMLSimpleApplication@64d2202c
----------------- Done invoking toplevel() on ptolemy.moml.MoMLSimpleApplication@64d2202c
reloadAllAccessors: .MovingAverage

===========================================================================================
----------------- testing Thu Mar 05 22:44:36 UTC 2020 /home/travis/build/icyphy/ptII/ptolemy/actor/lib/test/auto/MovingMaximum.xml
----------------- Instantiating /home/travis/build/icyphy/ptII/ptolemy/actor/lib/test/auto/MovingMaximum.xml
1 ms. Memory: 557056K Free: 460325K (83%)
----------------- Invoking toplevel() on ptolemy.moml.MoMLSimpleApplication@6c65af7
----------------- Done invoking toplevel() on ptolemy.moml.MoMLSimpleApplication@6c65af7
reloadAllAccessors: .MovingMaximum

===========================================================================================
----------------- testing Thu Mar 05 22:44:36 UTC 2020 /home/travis/build/icyphy/ptII/ptolemy/actor/lib/test/auto/MultipleLinksToSameRelation.xml
----------------- Instantiating /home/travis/build/icyphy/ptII/ptolemy/actor/lib/test/auto/MultipleLinksToSameRelation.xml
3 ms. Memory: 557056K Free: 456229K (82%)
----------------- Invoking toplevel() on ptolemy.moml.MoMLSimpleApplication@635e04f7
----------------- Done invoking toplevel() on ptolemy.moml.MoMLSimpleApplication@635e04f7
reloadAllAccessors: .MultipleLinksToSameRelation

===========================================================================================
----------------- testing Thu Mar 05 22:44:36 UTC 2020 /home/travis/build/icyphy/ptII/ptolemy/actor/lib/test/auto/MultipleLinksToSameRelationDE.xml
----------------- Instantiating /home/travis/build/icyphy/ptII/ptolemy/actor/lib/test/auto/MultipleLinksToSameRelationDE.xml
8 ms. Memory: 557056K Free: 451623K (81%)
----------------- Invoking toplevel() on ptolemy.moml.MoMLSimpleApplication@2f0c7489
----------------- Done invoking toplevel() on ptolemy.moml.MoMLSimpleApplication@2f0c7489
reloadAllAccessors: .MultipleLinksToSameRelationDE

===========================================================================================
----------------- testing Thu Mar 05 22:44:37 UTC 2020 /home/travis/build/icyphy/ptII/ptolemy/actor/lib/test/auto/Multiplexor.xml
----------------- Instantiating /home/travis/build/icyphy/ptII/ptolemy/actor/lib/test/auto/Multiplexor.xml
1 ms. Memory: 557056K Free: 446503K (80%)
----------------- Invoking toplevel() on ptolemy.moml.MoMLSimpleApplication@510d48a4
----------------- Done invoking toplevel() on ptolemy.moml.MoMLSimpleApplication@510d48a4
reloadAllAccessors: .Multiplexor

===========================================================================================
----------------- testing Thu Mar 05 22:44:37 UTC 2020 /home/travis/build/icyphy/ptII/ptolemy/actor/lib/test/auto/Multiplexor1.xml
----------------- Instantiating /home/travis/build/icyphy/ptII/ptolemy/actor/lib/test/auto/Multiplexor1.xml
2 ms. Memory: 557056K Free: 440862K (79%)
----------------- Invoking toplevel() on ptolemy.moml.MoMLSimpleApplication@6c5e7a4c
----------------- Done invoking toplevel() on ptolemy.moml.MoMLSimpleApplication@6c5e7a4c
reloadAllAccessors: .Multiplexor1

===========================================================================================
----------------- testing Thu Mar 05 22:44:37 UTC 2020 /home/travis/build/icyphy/ptII/ptolemy/actor/lib/test/auto/Multiplexor2.xml
----------------- Instantiating /home/travis/build/icyphy/ptII/ptolemy/actor/lib/test/auto/Multiplexor2.xml
2 ms. Memory: 557056K Free: 434215K (78%)
----------------- Invoking toplevel() on ptolemy.moml.MoMLSimpleApplication@402c39f5
----------------- Done invoking toplevel() on ptolemy.moml.MoMLSimpleApplication@402c39f5
reloadAllAccessors: .Multiplexor2

===========================================================================================
----------------- testing Thu Mar 05 22:44:37 UTC 2020 /home/travis/build/icyphy/ptII/ptolemy/actor/lib/test/auto/Multiplexor3.xml
----------------- Instantiating /home/travis/build/icyphy/ptII/ptolemy/actor/lib/test/auto/Multiplexor3.xml
2 ms. Memory: 557056K Free: 430119K (77%)
----------------- Invoking toplevel() on ptolemy.moml.MoMLSimpleApplication@58b9e962
----------------- Done invoking toplevel() on ptolemy.moml.MoMLSimpleApplication@58b9e962
reloadAllAccessors: .Multiplexor3

===========================================================================================
----------------- testing Thu Mar 05 22:44:37 UTC 2020 /home/travis/build/icyphy/ptII/ptolemy/actor/lib/test/auto/MultiplexorDE.xml
----------------- Instantiating /home/travis/build/icyphy/ptII/ptolemy/actor/lib/test/auto/MultiplexorDE.xml
4 ms. Memory: 557056K Free: 422406K (76%)
----------------- Invoking toplevel() on ptolemy.moml.MoMLSimpleApplication@7bdb7345
----------------- Done invoking toplevel() on ptolemy.moml.MoMLSimpleApplication@7bdb7345
reloadAllAccessors: .MultiplexorDE

===========================================================================================
----------------- testing Thu Mar 05 22:44:37 UTC 2020 /home/travis/build/icyphy/ptII/ptolemy/actor/lib/test/auto/MultiportBroadcastTest.xml
----------------- Instantiating /home/travis/build/icyphy/ptII/ptolemy/actor/lib/test/auto/MultiportBroadcastTest.xml
64 ms. Memory: 557056K Free: 416807K (75%)
----------------- Invoking toplevel() on ptolemy.moml.MoMLSimpleApplication@4f1bf90c
----------------- Done invoking toplevel() on ptolemy.moml.MoMLSimpleApplication@4f1bf90c
reloadAllAccessors: .MultiportBroadcastTest

===========================================================================================
----------------- testing Thu Mar 05 22:44:37 UTC 2020 /home/travis/build/icyphy/ptII/ptolemy/actor/lib/test/auto/MultiportOutHangDuringGetWidth.xml
----------------- Instantiating /home/travis/build/icyphy/ptII/ptolemy/actor/lib/test/auto/MultiportOutHangDuringGetWidth.xml
4 ms. Memory: 557056K Free: 405029K (73%)
----------------- Invoking toplevel() on ptolemy.moml.MoMLSimpleApplication@4dd8e1e6
----------------- Done invoking toplevel() on ptolemy.moml.MoMLSimpleApplication@4dd8e1e6
reloadAllAccessors: .MultiportOutHangDuringGetWidth

===========================================================================================
----------------- testing Thu Mar 05 22:44:37 UTC 2020 /home/travis/build/icyphy/ptII/ptolemy/actor/lib/test/auto/NilToken.xml
----------------- Instantiating /home/travis/build/icyphy/ptII/ptolemy/actor/lib/test/auto/NilToken.xml
1 ms. Memory: 557056K Free: 400933K (72%)
----------------- Invoking toplevel() on ptolemy.moml.MoMLSimpleApplication@381c334a
----------------- Done invoking toplevel() on ptolemy.moml.MoMLSimpleApplication@381c334a
reloadAllAccessors: .NilToken

===========================================================================================
----------------- testing Thu Mar 05 22:44:37 UTC 2020 /home/travis/build/icyphy/ptII/ptolemy/actor/lib/test/auto/NilTokenNonStrictTest.xml
----------------- Instantiating /home/travis/build/icyphy/ptII/ptolemy/actor/lib/test/auto/NilTokenNonStrictTest.xml
3 ms. Memory: 557056K Free: 395813K (71%)
----------------- Invoking toplevel() on ptolemy.moml.MoMLSimpleApplication@616e3fbf
----------------- Done invoking toplevel() on ptolemy.moml.MoMLSimpleApplication@616e3fbf
reloadAllAccessors: .NilTokenNonStrictTest

===========================================================================================
----------------- testing Thu Mar 05 22:44:37 UTC 2020 /home/travis/build/icyphy/ptII/ptolemy/actor/lib/test/auto/NilTokenRecord.xml
----------------- Instantiating /home/travis/build/icyphy/ptII/ptolemy/actor/lib/test/auto/NilTokenRecord.xml
7 ms. Memory: 557056K Free: 389159K (70%)
----------------- Invoking toplevel() on ptolemy.moml.MoMLSimpleApplication@253fe05e
----------------- Done invoking toplevel() on ptolemy.moml.MoMLSimpleApplication@253fe05e
reloadAllAccessors: .NilTokenRecord

===========================================================================================
----------------- testing Thu Mar 05 22:44:37 UTC 2020 /home/travis/build/icyphy/ptII/ptolemy/actor/lib/test/auto/NilTokenTypeTest.xml
----------------- Instantiating /home/travis/build/icyphy/ptII/ptolemy/actor/lib/test/auto/NilTokenTypeTest.xml
10 ms. Memory: 557056K Free: 379943K (68%)
----------------- Invoking toplevel() on ptolemy.moml.MoMLSimpleApplication@37e3825a
----------------- Done invoking toplevel() on ptolemy.moml.MoMLSimpleApplication@37e3825a
reloadAllAccessors: .NilTokenTypeTest

===========================================================================================
----------------- testing Thu Mar 05 22:44:37 UTC 2020 /home/travis/build/icyphy/ptII/ptolemy/actor/lib/test/auto/ObjectToken1.xml
----------------- Instantiating /home/travis/build/icyphy/ptII/ptolemy/actor/lib/test/auto/ObjectToken1.xml
2 ms. Memory: 557056K Free: 375847K (67%)
----------------- Invoking toplevel() on ptolemy.moml.MoMLSimpleApplication@2e5aaa69
----------------- Done invoking toplevel() on ptolemy.moml.MoMLSimpleApplication@2e5aaa69
reloadAllAccessors: .ObjectToken1

===========================================================================================
----------------- testing Thu Mar 05 22:44:37 UTC 2020 /home/travis/build/icyphy/ptII/ptolemy/actor/lib/test/auto/OrderedMerge.xml
----------------- Instantiating /home/travis/build/icyphy/ptII/ptolemy/actor/lib/test/auto/OrderedMerge.xml
7 ms. Memory: 557056K Free: 370213K (66%)
----------------- Invoking toplevel() on ptolemy.moml.MoMLSimpleApplication@71320221
----------------- Done invoking toplevel() on ptolemy.moml.MoMLSimpleApplication@71320221
reloadAllAccessors: .OrderedMerge

===========================================================================================
----------------- testing Thu Mar 05 22:44:37 UTC 2020 /home/travis/build/icyphy/ptII/ptolemy/actor/lib/test/auto/OrderedRecordDisassembler.xml
----------------- Instantiating /home/travis/build/icyphy/ptII/ptolemy/actor/lib/test/auto/OrderedRecordDisassembler.xml
3 ms. Memory: 557056K Free: 365062K (66%)
----------------- Invoking toplevel() on ptolemy.moml.MoMLSimpleApplication@4b01ff96
----------------- Done invoking toplevel() on ptolemy.moml.MoMLSimpleApplication@4b01ff96
reloadAllAccessors: .OrderedRecordDisassembler

===========================================================================================
----------------- testing Thu Mar 05 22:44:37 UTC 2020 /home/travis/build/icyphy/ptII/ptolemy/actor/lib/test/auto/OrderedRecordDisassembler2.xml
----------------- Instantiating /home/travis/build/icyphy/ptII/ptolemy/actor/lib/test/auto/OrderedRecordDisassembler2.xml
4 ms. Memory: 557056K Free: 357415K (64%)
----------------- Invoking toplevel() on ptolemy.moml.MoMLSimpleApplication@16d89f67
----------------- Done invoking toplevel() on ptolemy.moml.MoMLSimpleApplication@16d89f67
reloadAllAccessors: .OrderedRecordDisassembler2

===========================================================================================
----------------- testing Thu Mar 05 22:44:37 UTC 2020 /home/travis/build/icyphy/ptII/ptolemy/actor/lib/test/auto/OrderedRecordUpdater.xml
----------------- Instantiating /home/travis/build/icyphy/ptII/ptolemy/actor/lib/test/auto/OrderedRecordUpdater.xml
2 ms. Memory: 557056K Free: 352295K (63%)
----------------- Invoking toplevel() on ptolemy.moml.MoMLSimpleApplication@60f2a883
----------------- Done invoking toplevel() on ptolemy.moml.MoMLSimpleApplication@60f2a883
reloadAllAccessors: .RecordUpdater

===========================================================================================
----------------- testing Thu Mar 05 22:44:37 UTC 2020 /home/travis/build/icyphy/ptII/ptolemy/actor/lib/test/auto/OrderedRecordUpdater2.xml
----------------- Instantiating /home/travis/build/icyphy/ptII/ptolemy/actor/lib/test/auto/OrderedRecordUpdater2.xml
2 ms. Memory: 557056K Free: 347685K (62%)
----------------- Invoking toplevel() on ptolemy.moml.MoMLSimpleApplication@4d16f3b2
----------------- Done invoking toplevel() on ptolemy.moml.MoMLSimpleApplication@4d16f3b2
reloadAllAccessors: .RecordUpdater2

===========================================================================================
----------------- testing Thu Mar 05 22:44:37 UTC 2020 /home/travis/build/icyphy/ptII/ptolemy/actor/lib/test/auto/PhaseUnwrap.xml
----------------- Instantiating /home/travis/build/icyphy/ptII/ptolemy/actor/lib/test/auto/PhaseUnwrap.xml
1 ms. Memory: 557056K Free: 343079K (62%)
----------------- Invoking toplevel() on ptolemy.moml.MoMLSimpleApplication@36ff5d4d
----------------- Done invoking toplevel() on ptolemy.moml.MoMLSimpleApplication@36ff5d4d
reloadAllAccessors: .PhaseUnwrap

===========================================================================================
----------------- testing Thu Mar 05 22:44:37 UTC 2020 /home/travis/build/icyphy/ptII/ptolemy/actor/lib/test/auto/PoissonClock.xml
----------------- Instantiating /home/travis/build/icyphy/ptII/ptolemy/actor/lib/test/auto/PoissonClock.xml
2 ms. Memory: 557056K Free: 338983K (61%)
----------------- Invoking toplevel() on ptolemy.moml.MoMLSimpleApplication@1d4a306d
----------------- Done invoking toplevel() on ptolemy.moml.MoMLSimpleApplication@1d4a306d
reloadAllAccessors: .PoissonClock

===========================================================================================
----------------- testing Thu Mar 05 22:44:37 UTC 2020 /home/travis/build/icyphy/ptII/ptolemy/actor/lib/test/auto/PoissonClock2.xml
----------------- Instantiating /home/travis/build/icyphy/ptII/ptolemy/actor/lib/test/auto/PoissonClock2.xml
2 ms. Memory: 557056K Free: 334373K (60%)
----------------- Invoking toplevel() on ptolemy.moml.MoMLSimpleApplication@166b136d
----------------- Done invoking toplevel() on ptolemy.moml.MoMLSimpleApplication@166b136d
reloadAllAccessors: .PoissonClock2

===========================================================================================
----------------- testing Thu Mar 05 22:44:37 UTC 2020 /home/travis/build/icyphy/ptII/ptolemy/actor/lib/test/auto/PoissonClock3.xml
----------------- Instantiating /home/travis/build/icyphy/ptII/ptolemy/actor/lib/test/auto/PoissonClock3.xml
1 ms. Memory: 557056K Free: 329767K (59%)
----------------- Invoking toplevel() on ptolemy.moml.MoMLSimpleApplication@71be2716
----------------- Done invoking toplevel() on ptolemy.moml.MoMLSimpleApplication@71be2716
reloadAllAccessors: .PoissonClock3

===========================================================================================
----------------- testing Thu Mar 05 22:44:37 UTC 2020 /home/travis/build/icyphy/ptII/ptolemy/actor/lib/test/auto/PubSubWithInitialTokens.xml
----------------- Instantiating /home/travis/build/icyphy/ptII/ptolemy/actor/lib/test/auto/PubSubWithInitialTokens.xml
2 ms. Memory: 557056K Free: 324126K (58%)
----------------- Invoking toplevel() on ptolemy.moml.MoMLSimpleApplication@62905806
----------------- Done invoking toplevel() on ptolemy.moml.MoMLSimpleApplication@62905806
reloadAllAccessors: .PubSubWithInitialTokens

===========================================================================================
----------------- testing Thu Mar 05 22:44:37 UTC 2020 /home/travis/build/icyphy/ptII/ptolemy/actor/lib/test/auto/PubSubWithInitialTokens2.xml
----------------- Instantiating /home/travis/build/icyphy/ptII/ptolemy/actor/lib/test/auto/PubSubWithInitialTokens2.xml
1 ms. Memory: 557056K Free: 317982K (57%)
----------------- Invoking toplevel() on ptolemy.moml.MoMLSimpleApplication@50f5d004
----------------- Done invoking toplevel() on ptolemy.moml.MoMLSimpleApplication@50f5d004
reloadAllAccessors: .PubSubWithInitialTokens2

===========================================================================================
----------------- testing Thu Mar 05 22:44:37 UTC 2020 /home/travis/build/icyphy/ptII/ptolemy/actor/lib/test/auto/PublisherClassNoParameter.xml
----------------- Instantiating /home/travis/build/icyphy/ptII/ptolemy/actor/lib/test/auto/PublisherClassNoParameter.xml
3 ms. Memory: 557056K Free: 308263K (55%)
----------------- Invoking toplevel() on ptolemy.moml.MoMLSimpleApplication@504e7d62
----------------- Done invoking toplevel() on ptolemy.moml.MoMLSimpleApplication@504e7d62
reloadAllAccessors: .PublisherClassNoParameter

===========================================================================================
----------------- testing Thu Mar 05 22:44:37 UTC 2020 /home/travis/build/icyphy/ptII/ptolemy/actor/lib/test/auto/PublisherClassParameter.xml
----------------- Instantiating /home/travis/build/icyphy/ptII/ptolemy/actor/lib/test/auto/PublisherClassParameter.xml
2 ms. Memory: 557056K Free: 297509K (53%)
----------------- Invoking toplevel() on ptolemy.moml.MoMLSimpleApplication@6a7a67e6
----------------- Done invoking toplevel() on ptolemy.moml.MoMLSimpleApplication@6a7a67e6
reloadAllAccessors: .PublisherClassParameter

===========================================================================================
----------------- testing Thu Mar 05 22:44:37 UTC 2020 /home/travis/build/icyphy/ptII/ptolemy/actor/lib/test/auto/PublisherNonStrictTest.xml
----------------- Instantiating /home/travis/build/icyphy/ptII/ptolemy/actor/lib/test/auto/PublisherNonStrictTest.xml
2 ms. Memory: 557056K Free: 289831K (52%)
----------------- Invoking toplevel() on ptolemy.moml.MoMLSimpleApplication@59eb8e1d
----------------- Done invoking toplevel() on ptolemy.moml.MoMLSimpleApplication@59eb8e1d
reloadAllAccessors: .PublisherNonStrictTest

===========================================================================================
----------------- testing Thu Mar 05 22:44:37 UTC 2020 /home/travis/build/icyphy/ptII/ptolemy/actor/lib/test/auto/PublisherPort1.xml
----------------- Instantiating /home/travis/build/icyphy/ptII/ptolemy/actor/lib/test/auto/PublisherPort1.xml
3 ms. Memory: 557056K Free: 284182K (51%)
----------------- Invoking toplevel() on ptolemy.moml.MoMLSimpleApplication@4ed7e90b
----------------- Done invoking toplevel() on ptolemy.moml.MoMLSimpleApplication@4ed7e90b
reloadAllAccessors: .PublisherPort1

===========================================================================================
----------------- testing Thu Mar 05 22:44:37 UTC 2020 /home/travis/build/icyphy/ptII/ptolemy/actor/lib/test/auto/PublisherPort2.xml
----------------- Instantiating /home/travis/build/icyphy/ptII/ptolemy/actor/lib/test/auto/PublisherPort2.xml
13 ms. Memory: 557056K Free: 279077K (50%)
----------------- Invoking toplevel() on ptolemy.moml.MoMLSimpleApplication@107278d
----------------- Done invoking toplevel() on ptolemy.moml.MoMLSimpleApplication@107278d
reloadAllAccessors: .PublisherPort2

===========================================================================================
----------------- testing Thu Mar 05 22:44:37 UTC 2020 /home/travis/build/icyphy/ptII/ptolemy/actor/lib/test/auto/PublisherPort3.xml
----------------- Instantiating /home/travis/build/icyphy/ptII/ptolemy/actor/lib/test/auto/PublisherPort3.xml
3 ms. Memory: 557056K Free: 272423K (49%)
----------------- Invoking toplevel() on ptolemy.moml.MoMLSimpleApplication@2e71c5a6
----------------- Done invoking toplevel() on ptolemy.moml.MoMLSimpleApplication@2e71c5a6
reloadAllAccessors: .PublisherPort3

===========================================================================================
----------------- testing Thu Mar 05 22:44:37 UTC 2020 /home/travis/build/icyphy/ptII/ptolemy/actor/lib/test/auto/PublisherPort4.xml
----------------- Instantiating /home/travis/build/icyphy/ptII/ptolemy/actor/lib/test/auto/PublisherPort4.xml
2 ms. Memory: 557056K Free: 266782K (48%)
----------------- Invoking toplevel() on ptolemy.moml.MoMLSimpleApplication@3b24dff9
----------------- Done invoking toplevel() on ptolemy.moml.MoMLSimpleApplication@3b24dff9
reloadAllAccessors: .PublisherPort4

===========================================================================================
----------------- testing Thu Mar 05 22:44:37 UTC 2020 /home/travis/build/icyphy/ptII/ptolemy/actor/lib/test/auto/PublisherPort5.xml
----------------- Instantiating /home/travis/build/icyphy/ptII/ptolemy/actor/lib/test/auto/PublisherPort5.xml
3 ms. Memory: 557056K Free: 259621K (47%)
----------------- Invoking toplevel() on ptolemy.moml.MoMLSimpleApplication@3bf07f5c
----------------- Done invoking toplevel() on ptolemy.moml.MoMLSimpleApplication@3bf07f5c
reloadAllAccessors: .PublisherPort5

===========================================================================================
----------------- testing Thu Mar 05 22:44:37 UTC 2020 /home/travis/build/icyphy/ptII/ptolemy/actor/lib/test/auto/PublisherPort5LookAlike.xml
----------------- Instantiating /home/travis/build/icyphy/ptII/ptolemy/actor/lib/test/auto/PublisherPort5LookAlike.xml
7 ms. Memory: 557056K Free: 251943K (45%)
----------------- Invoking toplevel() on ptolemy.moml.MoMLSimpleApplication@6e3124e2
----------------- Done invoking toplevel() on ptolemy.moml.MoMLSimpleApplication@6e3124e2
reloadAllAccessors: .PublisherPort5LookAlike

===========================================================================================
----------------- testing Thu Mar 05 22:44:37 UTC 2020 /home/travis/build/icyphy/ptII/ptolemy/actor/lib/test/auto/PublisherPort6.xml
----------------- Instantiating /home/travis/build/icyphy/ptII/ptolemy/actor/lib/test/auto/PublisherPort6.xml
1 ms. Memory: 557056K Free: 245285K (44%)
----------------- Invoking toplevel() on ptolemy.moml.MoMLSimpleApplication@6ad42158
----------------- Done invoking toplevel() on ptolemy.moml.MoMLSimpleApplication@6ad42158
reloadAllAccessors: .PublisherPort6

===========================================================================================
----------------- testing Thu Mar 05 22:44:37 UTC 2020 /home/travis/build/icyphy/ptII/ptolemy/actor/lib/test/auto/PublisherPort7.xml
----------------- Instantiating /home/travis/build/icyphy/ptII/ptolemy/actor/lib/test/auto/PublisherPort7.xml
3 ms. Memory: 557056K Free: 237607K (43%)
----------------- Invoking toplevel() on ptolemy.moml.MoMLSimpleApplication@2101828f
----------------- Done invoking toplevel() on ptolemy.moml.MoMLSimpleApplication@2101828f
reloadAllAccessors: .PublisherPort7

===========================================================================================
----------------- testing Thu Mar 05 22:44:37 UTC 2020 /home/travis/build/icyphy/ptII/ptolemy/actor/lib/test/auto/PublisherPort8.xml
----------------- Instantiating /home/travis/build/icyphy/ptII/ptolemy/actor/lib/test/auto/PublisherPort8.xml
4 ms. Memory: 557056K Free: 228901K (41%)
----------------- Invoking toplevel() on ptolemy.moml.MoMLSimpleApplication@642dd60c
----------------- Done invoking toplevel() on ptolemy.moml.MoMLSimpleApplication@642dd60c
reloadAllAccessors: .PublisherPort8

===========================================================================================
----------------- testing Thu Mar 05 22:44:37 UTC 2020 /home/travis/build/icyphy/ptII/ptolemy/actor/lib/test/auto/PublisherPortSubscriberChannelVariablesAOC2.xml
----------------- Instantiating /home/travis/build/icyphy/ptII/ptolemy/actor/lib/test/auto/PublisherPortSubscriberChannelVariablesAOC2.xml
3 ms. Memory: 557056K Free: 212517K (38%)
----------------- Invoking toplevel() on ptolemy.moml.MoMLSimpleApplication@2ae3f52e
----------------- Done invoking toplevel() on ptolemy.moml.MoMLSimpleApplication@2ae3f52e
reloadAllAccessors: .PublisherPortSubscriberChannelVariablesAOC2

===========================================================================================
----------------- testing Thu Mar 05 22:44:37 UTC 2020 /home/travis/build/icyphy/ptII/ptolemy/actor/lib/test/auto/PublisherPortSubscriberOpaqueWidthInference.xml
----------------- Instantiating /home/travis/build/icyphy/ptII/ptolemy/actor/lib/test/auto/PublisherPortSubscriberOpaqueWidthInference.xml
4 ms. Memory: 557056K Free: 204310K (37%)
----------------- Invoking toplevel() on ptolemy.moml.MoMLSimpleApplication@3ba290e4
----------------- Done invoking toplevel() on ptolemy.moml.MoMLSimpleApplication@3ba290e4
reloadAllAccessors: .PublisherPortSubscriberOpaqueWidthInference

===========================================================================================
----------------- testing Thu Mar 05 22:44:37 UTC 2020 /home/travis/build/icyphy/ptII/ptolemy/actor/lib/test/auto/PublisherPortSubscriberPortAdjacent.xml
----------------- Instantiating /home/travis/build/icyphy/ptII/ptolemy/actor/lib/test/auto/PublisherPortSubscriberPortAdjacent.xml
1 ms. Memory: 557056K Free: 196133K (35%)
----------------- Invoking toplevel() on ptolemy.moml.MoMLSimpleApplication@7c09ac97
----------------- Done invoking toplevel() on ptolemy.moml.MoMLSimpleApplication@7c09ac97
reloadAllAccessors: .PublisherPortSubscriberPortAdjacent

===========================================================================================
----------------- testing Thu Mar 05 22:44:37 UTC 2020 /home/travis/build/icyphy/ptII/ptolemy/actor/lib/test/auto/PublisherPortSubscriberPortExpression.xml
----------------- Instantiating /home/travis/build/icyphy/ptII/ptolemy/actor/lib/test/auto/PublisherPortSubscriberPortExpression.xml
4 ms. Memory: 557056K Free: 188455K (34%)
----------------- Invoking toplevel() on ptolemy.moml.MoMLSimpleApplication@40861cbd
----------------- Done invoking toplevel() on ptolemy.moml.MoMLSimpleApplication@40861cbd
reloadAllAccessors: .PublisherPortSubscriberPortExpression

===========================================================================================
----------------- testing Thu Mar 05 22:44:37 UTC 2020 /home/travis/build/icyphy/ptII/ptolemy/actor/lib/test/auto/PublisherPortSubscriberPortOpaqueD3Reverse.xml
----------------- Instantiating /home/travis/build/icyphy/ptII/ptolemy/actor/lib/test/auto/PublisherPortSubscriberPortOpaqueD3Reverse.xml
6 ms. Memory: 557056K Free: 502311K (90%)
----------------- Invoking toplevel() on ptolemy.moml.MoMLSimpleApplication@62e12c08
----------------- Done invoking toplevel() on ptolemy.moml.MoMLSimpleApplication@62e12c08
reloadAllAccessors: .PublisherPortSubscriberPortOpaqueD3Reverse

===========================================================================================
----------------- testing Thu Mar 05 22:44:37 UTC 2020 /home/travis/build/icyphy/ptII/ptolemy/actor/lib/test/auto/PublisherPortSubscriberPortOpaqueWidthInference.xml
----------------- Instantiating /home/travis/build/icyphy/ptII/ptolemy/actor/lib/test/auto/PublisherPortSubscriberPortOpaqueWidthInference.xml
3 ms. Memory: 557056K Free: 494614K (89%)
----------------- Invoking toplevel() on ptolemy.moml.MoMLSimpleApplication@3ab4909c
----------------- Done invoking toplevel() on ptolemy.moml.MoMLSimpleApplication@3ab4909c
reloadAllAccessors: .PublisherPortSubscriberPortOpaqueWidthInference

===========================================================================================
----------------- testing Thu Mar 05 22:44:37 UTC 2020 /home/travis/build/icyphy/ptII/ptolemy/actor/lib/test/auto/PublisherPortToplevelSubscriberPortAOC.xml
----------------- Instantiating /home/travis/build/icyphy/ptII/ptolemy/actor/lib/test/auto/PublisherPortToplevelSubscriberPortAOC.xml
.PublisherPortToplevelSubscriberPortAOC.TestExceptionAttribute: initialize() was not invoked, but wrapup() was.  This is unusual, but not always a problem.  For example, exporting JNLP will do this.
0 ms. Memory: 557056K Free: 488999K (88%)
----------------- Invoking toplevel() on ptolemy.moml.MoMLSimpleApplication@491e4612
----------------- Done invoking toplevel() on ptolemy.moml.MoMLSimpleApplication@491e4612
reloadAllAccessors: .PublisherPortToplevelSubscriberPortAOC

===========================================================================================
----------------- testing Thu Mar 05 22:44:37 UTC 2020 /home/travis/build/icyphy/ptII/ptolemy/actor/lib/test/auto/PublisherSubscriber.xml
----------------- Instantiating /home/travis/build/icyphy/ptII/ptolemy/actor/lib/test/auto/PublisherSubscriber.xml
2 ms. Memory: 557056K Free: 481831K (86%)
----------------- Invoking toplevel() on ptolemy.moml.MoMLSimpleApplication@65b539a1
----------------- Done invoking toplevel() on ptolemy.moml.MoMLSimpleApplication@65b539a1
reloadAllAccessors: .PublisherSubscriber

===========================================================================================
----------------- testing Thu Mar 05 22:44:37 UTC 2020 /home/travis/build/icyphy/ptII/ptolemy/actor/lib/test/auto/PublisherSubscriber10.xml
----------------- Instantiating /home/travis/build/icyphy/ptII/ptolemy/actor/lib/test/auto/PublisherSubscriber10.xml
5 ms. Memory: 557056K Free: 472101K (85%)
----------------- Invoking toplevel() on ptolemy.moml.MoMLSimpleApplication@7b6bb086
----------------- Done invoking toplevel() on ptolemy.moml.MoMLSimpleApplication@7b6bb086
reloadAllAccessors: .PublisherSubscriber10

===========================================================================================
----------------- testing Thu Mar 05 22:44:37 UTC 2020 /home/travis/build/icyphy/ptII/ptolemy/actor/lib/test/auto/PublisherSubscriber10InitialOutputs.xml
----------------- Instantiating /home/travis/build/icyphy/ptII/ptolemy/actor/lib/test/auto/PublisherSubscriber10InitialOutputs.xml
5 ms. Memory: 557056K Free: 462885K (83%)
----------------- Invoking toplevel() on ptolemy.moml.MoMLSimpleApplication@2596082a
----------------- Done invoking toplevel() on ptolemy.moml.MoMLSimpleApplication@2596082a
reloadAllAccessors: .PublisherSubscriber10InitialOutputs

===========================================================================================
----------------- testing Thu Mar 05 22:44:38 UTC 2020 /home/travis/build/icyphy/ptII/ptolemy/actor/lib/test/auto/PublisherSubscriber11.xml
----------------- Instantiating /home/travis/build/icyphy/ptII/ptolemy/actor/lib/test/auto/PublisherSubscriber11.xml
2 ms. Memory: 557056K Free: 456726K (82%)
----------------- Invoking toplevel() on ptolemy.moml.MoMLSimpleApplication@5ed74259
----------------- Done invoking toplevel() on ptolemy.moml.MoMLSimpleApplication@5ed74259
reloadAllAccessors: .PublisherSubscriber11

===========================================================================================
----------------- testing Thu Mar 05 22:44:38 UTC 2020 /home/travis/build/icyphy/ptII/ptolemy/actor/lib/test/auto/PublisherSubscriber12.xml
----------------- Instantiating /home/travis/build/icyphy/ptII/ptolemy/actor/lib/test/auto/PublisherSubscriber12.xml
3 ms. Memory: 557056K Free: 449573K (81%)
----------------- Invoking toplevel() on ptolemy.moml.MoMLSimpleApplication@4c06b17d
----------------- Done invoking toplevel() on ptolemy.moml.MoMLSimpleApplication@4c06b17d
reloadAllAccessors: .PublisherSubscriber12

===========================================================================================
----------------- testing Thu Mar 05 22:44:38 UTC 2020 /home/travis/build/icyphy/ptII/ptolemy/actor/lib/test/auto/PublisherSubscriber13.xml
----------------- Instantiating /home/travis/build/icyphy/ptII/ptolemy/actor/lib/test/auto/PublisherSubscriber13.xml
2 ms. Memory: 557056K Free: 443943K (80%)
----------------- Invoking toplevel() on ptolemy.moml.MoMLSimpleApplication@69addd40
----------------- Done invoking toplevel() on ptolemy.moml.MoMLSimpleApplication@69addd40
reloadAllAccessors: .PublisherSubscriber13

===========================================================================================
----------------- testing Thu Mar 05 22:44:38 UTC 2020 /home/travis/build/icyphy/ptII/ptolemy/actor/lib/test/auto/PublisherSubscriber14.xml
----------------- Instantiating /home/travis/build/icyphy/ptII/ptolemy/actor/lib/test/auto/PublisherSubscriber14.xml
2 ms. Memory: 557056K Free: 435222K (78%)
----------------- Invoking toplevel() on ptolemy.moml.MoMLSimpleApplication@75cd7e8a
----------------- Done invoking toplevel() on ptolemy.moml.MoMLSimpleApplication@75cd7e8a
reloadAllAccessors: .PublisherSubscriber14

===========================================================================================
----------------- testing Thu Mar 05 22:44:38 UTC 2020 /home/travis/build/icyphy/ptII/ptolemy/actor/lib/test/auto/PublisherSubscriber2.xml
----------------- Instantiating /home/travis/build/icyphy/ptII/ptolemy/actor/lib/test/auto/PublisherSubscriber2.xml
2 ms. Memory: 557056K Free: 429607K (77%)
----------------- Invoking toplevel() on ptolemy.moml.MoMLSimpleApplication@a85e58d
----------------- Done invoking toplevel() on ptolemy.moml.MoMLSimpleApplication@a85e58d
reloadAllAccessors: .PublisherSubscriber2

===========================================================================================
----------------- testing Thu Mar 05 22:44:38 UTC 2020 /home/travis/build/icyphy/ptII/ptolemy/actor/lib/test/auto/PublisherSubscriber3.xml
----------------- Instantiating /home/travis/build/icyphy/ptII/ptolemy/actor/lib/test/auto/PublisherSubscriber3.xml
1 ms. Memory: 557056K Free: 423942K (76%)
----------------- Invoking toplevel() on ptolemy.moml.MoMLSimpleApplication@19121a56
----------------- Done invoking toplevel() on ptolemy.moml.MoMLSimpleApplication@19121a56
reloadAllAccessors: .PublisherSubscriber3

===========================================================================================
----------------- testing Thu Mar 05 22:44:38 UTC 2020 /home/travis/build/icyphy/ptII/ptolemy/actor/lib/test/auto/PublisherSubscriber4.xml
----------------- Instantiating /home/travis/build/icyphy/ptII/ptolemy/actor/lib/test/auto/PublisherSubscriber4.xml
2 ms. Memory: 557056K Free: 418822K (75%)
----------------- Invoking toplevel() on ptolemy.moml.MoMLSimpleApplication@70624921
----------------- Done invoking toplevel() on ptolemy.moml.MoMLSimpleApplication@70624921
reloadAllAccessors: .PublisherSubscriber4

===========================================================================================
----------------- testing Thu Mar 05 22:44:38 UTC 2020 /home/travis/build/icyphy/ptII/ptolemy/actor/lib/test/auto/PublisherSubscriber5.xml
----------------- Instantiating /home/travis/build/icyphy/ptII/ptolemy/actor/lib/test/auto/PublisherSubscriber5.xml
2 ms. Memory: 557056K Free: 412199K (74%)
----------------- Invoking toplevel() on ptolemy.moml.MoMLSimpleApplication@3d1bfa4
----------------- Done invoking toplevel() on ptolemy.moml.MoMLSimpleApplication@3d1bfa4
reloadAllAccessors: .PublisherSubscriber5

===========================================================================================
----------------- testing Thu Mar 05 22:44:38 UTC 2020 /home/travis/build/icyphy/ptII/ptolemy/actor/lib/test/auto/PublisherSubscriber6.xml
----------------- Instantiating /home/travis/build/icyphy/ptII/ptolemy/actor/lib/test/auto/PublisherSubscriber6.xml
2 ms. Memory: 557056K Free: 405526K (73%)
----------------- Invoking toplevel() on ptolemy.moml.MoMLSimpleApplication@4e9f5acc
----------------- Done invoking toplevel() on ptolemy.moml.MoMLSimpleApplication@4e9f5acc
reloadAllAccessors: .PublisherSubscriber6

===========================================================================================
----------------- testing Thu Mar 05 22:44:38 UTC 2020 /home/travis/build/icyphy/ptII/ptolemy/actor/lib/test/auto/PublisherSubscriber7.xml
----------------- Instantiating /home/travis/build/icyphy/ptII/ptolemy/actor/lib/test/auto/PublisherSubscriber7.xml
2 ms. Memory: 557056K Free: 399382K (72%)
----------------- Invoking toplevel() on ptolemy.moml.MoMLSimpleApplication@68573ce3
----------------- Done invoking toplevel() on ptolemy.moml.MoMLSimpleApplication@68573ce3
reloadAllAccessors: .PublisherSubscriber7

===========================================================================================
----------------- testing Thu Mar 05 22:44:38 UTC 2020 /home/travis/build/icyphy/ptII/ptolemy/actor/lib/test/auto/PublisherSubscriber8.xml
----------------- Instantiating /home/travis/build/icyphy/ptII/ptolemy/actor/lib/test/auto/PublisherSubscriber8.xml
25 ms. Memory: 557056K Free: 387623K (70%)
----------------- Invoking toplevel() on ptolemy.moml.MoMLSimpleApplication@7d9f9804
----------------- Done invoking toplevel() on ptolemy.moml.MoMLSimpleApplication@7d9f9804
reloadAllAccessors: .PublisherSubscriber8

===========================================================================================
----------------- testing Thu Mar 05 22:44:38 UTC 2020 /home/travis/build/icyphy/ptII/ptolemy/actor/lib/test/auto/PublisherSubscriber9.xml
----------------- Instantiating /home/travis/build/icyphy/ptII/ptolemy/actor/lib/test/auto/PublisherSubscriber9.xml
3 ms. Memory: 557056K Free: 380455K (68%)
----------------- Invoking toplevel() on ptolemy.moml.MoMLSimpleApplication@219ceb83
----------------- Done invoking toplevel() on ptolemy.moml.MoMLSimpleApplication@219ceb83
reloadAllAccessors: .PublisherSubscriber9

===========================================================================================
----------------- testing Thu Mar 05 22:44:38 UTC 2020 /home/travis/build/icyphy/ptII/ptolemy/actor/lib/test/auto/PublisherSubscriberAdjacent.xml
----------------- Instantiating /home/travis/build/icyphy/ptII/ptolemy/actor/lib/test/auto/PublisherSubscriberAdjacent.xml
2 ms. Memory: 557056K Free: 372263K (67%)
----------------- Invoking toplevel() on ptolemy.moml.MoMLSimpleApplication@60ae4643
----------------- Done invoking toplevel() on ptolemy.moml.MoMLSimpleApplication@60ae4643
reloadAllAccessors: .PublisherSubscriberAdjacent

===========================================================================================
----------------- testing Thu Mar 05 22:44:38 UTC 2020 /home/travis/build/icyphy/ptII/ptolemy/actor/lib/test/auto/PublisherSubscriberChannelVariablesAOC2.xml
----------------- Instantiating /home/travis/build/icyphy/ptII/ptolemy/actor/lib/test/auto/PublisherSubscriberChannelVariablesAOC2.xml
3 ms. Memory: 557056K Free: 357927K (64%)
----------------- Invoking toplevel() on ptolemy.moml.MoMLSimpleApplication@2b73b102
----------------- Done invoking toplevel() on ptolemy.moml.MoMLSimpleApplication@2b73b102
reloadAllAccessors: .PublisherSubscriberChannelVariablesAOC2

===========================================================================================
----------------- testing Thu Mar 05 22:44:38 UTC 2020 /home/travis/build/icyphy/ptII/ptolemy/actor/lib/test/auto/PublisherSubscriberD3.xml
----------------- Instantiating /home/travis/build/icyphy/ptII/ptolemy/actor/lib/test/auto/PublisherSubscriberD3.xml
2 ms. Memory: 557056K Free: 350759K (63%)
----------------- Invoking toplevel() on ptolemy.moml.MoMLSimpleApplication@2860e282
----------------- Done invoking toplevel() on ptolemy.moml.MoMLSimpleApplication@2860e282
reloadAllAccessors: .PublisherSubscriberD3

===========================================================================================
----------------- testing Thu Mar 05 22:44:38 UTC 2020 /home/travis/build/icyphy/ptII/ptolemy/actor/lib/test/auto/PublisherSubscriberD3Reverse.xml
----------------- Instantiating /home/travis/build/icyphy/ptII/ptolemy/actor/lib/test/auto/PublisherSubscriberD3Reverse.xml
1 ms. Memory: 557056K Free: 344615K (62%)
----------------- Invoking toplevel() on ptolemy.moml.MoMLSimpleApplication@7f89ef9a
----------------- Done invoking toplevel() on ptolemy.moml.MoMLSimpleApplication@7f89ef9a
reloadAllAccessors: .PublisherSubscriberD3Reverse

===========================================================================================
----------------- testing Thu Mar 05 22:44:38 UTC 2020 /home/travis/build/icyphy/ptII/ptolemy/actor/lib/test/auto/PublisherSubscriberExpression.xml
----------------- Instantiating /home/travis/build/icyphy/ptII/ptolemy/actor/lib/test/auto/PublisherSubscriberExpression.xml
3 ms. Memory: 557056K Free: 336423K (60%)
----------------- Invoking toplevel() on ptolemy.moml.MoMLSimpleApplication@69b46eb6
----------------- Done invoking toplevel() on ptolemy.moml.MoMLSimpleApplication@69b46eb6
reloadAllAccessors: .PublisherSubscriberExpression

===========================================================================================
----------------- testing Thu Mar 05 22:44:38 UTC 2020 /home/travis/build/icyphy/ptII/ptolemy/actor/lib/test/auto/PublisherSubscriberOpaque.xml
----------------- Instantiating /home/travis/build/icyphy/ptII/ptolemy/actor/lib/test/auto/PublisherSubscriberOpaque.xml
4 ms. Memory: 557056K Free: 328231K (59%)
----------------- Invoking toplevel() on ptolemy.moml.MoMLSimpleApplication@7b6bcd4d
----------------- Done invoking toplevel() on ptolemy.moml.MoMLSimpleApplication@7b6bcd4d
reloadAllAccessors: .PublisherSubscriberOpaque

===========================================================================================
----------------- testing Thu Mar 05 22:44:38 UTC 2020 /home/travis/build/icyphy/ptII/ptolemy/actor/lib/test/auto/PublisherSubscriberOpaqueD3.xml
----------------- Instantiating /home/travis/build/icyphy/ptII/ptolemy/actor/lib/test/auto/PublisherSubscriberOpaqueD3.xml
4 ms. Memory: 557056K Free: 316453K (57%)
----------------- Invoking toplevel() on ptolemy.moml.MoMLSimpleApplication@6d8cc8c6
----------------- Done invoking toplevel() on ptolemy.moml.MoMLSimpleApplication@6d8cc8c6
reloadAllAccessors: .PublisherSubscriberOpaqueD3

===========================================================================================
----------------- testing Thu Mar 05 22:44:38 UTC 2020 /home/travis/build/icyphy/ptII/ptolemy/actor/lib/test/auto/PublisherSubscriberOpaqueD3Reverse.xml
----------------- Instantiating /home/travis/build/icyphy/ptII/ptolemy/actor/lib/test/auto/PublisherSubscriberOpaqueD3Reverse.xml
5 ms. Memory: 557056K Free: 305703K (55%)
----------------- Invoking toplevel() on ptolemy.moml.MoMLSimpleApplication@7ac489e6
----------------- Done invoking toplevel() on ptolemy.moml.MoMLSimpleApplication@7ac489e6
reloadAllAccessors: .PublisherSubscriberOpaqueD3Reverse

===========================================================================================
----------------- testing Thu Mar 05 22:44:38 UTC 2020 /home/travis/build/icyphy/ptII/ptolemy/actor/lib/test/auto/PublisherSubscriberOpaqueWidthInference.xml
----------------- Instantiating /home/travis/build/icyphy/ptII/ptolemy/actor/lib/test/auto/PublisherSubscriberOpaqueWidthInference.xml
4 ms. Memory: 557056K Free: 297511K (53%)
----------------- Invoking toplevel() on ptolemy.moml.MoMLSimpleApplication@556f47d4
----------------- Done invoking toplevel() on ptolemy.moml.MoMLSimpleApplication@556f47d4
reloadAllAccessors: .PublisherSubscriberOpaqueWidthInference

===========================================================================================
----------------- testing Thu Mar 05 22:44:38 UTC 2020 /home/travis/build/icyphy/ptII/ptolemy/actor/lib/test/auto/PublisherTestSubscriber.xml
----------------- Instantiating /home/travis/build/icyphy/ptII/ptolemy/actor/lib/test/auto/PublisherTestSubscriber.xml
3 ms. Memory: 557056K Free: 289822K (52%)
----------------- Invoking toplevel() on ptolemy.moml.MoMLSimpleApplication@49010254
----------------- Done invoking toplevel() on ptolemy.moml.MoMLSimpleApplication@49010254
reloadAllAccessors: .PublisherTestSubscriber

===========================================================================================
----------------- testing Thu Mar 05 22:44:38 UTC 2020 /home/travis/build/icyphy/ptII/ptolemy/actor/lib/test/auto/PublisherToplevelSubscriberPortAOC.xml
----------------- Instantiating /home/travis/build/icyphy/ptII/ptolemy/actor/lib/test/auto/PublisherToplevelSubscriberPortAOC.xml
2 ms. Memory: 557056K Free: 283654K (51%)
----------------- Invoking toplevel() on ptolemy.moml.MoMLSimpleApplication@48423bd4
----------------- Done invoking toplevel() on ptolemy.moml.MoMLSimpleApplication@48423bd4
reloadAllAccessors: .PublisherToplevelSubscriberPortAOC

===========================================================================================
----------------- testing Thu Mar 05 22:44:38 UTC 2020 /home/travis/build/icyphy/ptII/ptolemy/actor/lib/test/auto/PulseFiringLimitDE.xml
----------------- Instantiating /home/travis/build/icyphy/ptII/ptolemy/actor/lib/test/auto/PulseFiringLimitDE.xml
2 ms. Memory: 557056K Free: 277541K (50%)
----------------- Invoking toplevel() on ptolemy.moml.MoMLSimpleApplication@19fca94e
----------------- Done invoking toplevel() on ptolemy.moml.MoMLSimpleApplication@19fca94e
reloadAllAccessors: .PulseFiringLimitDE

===========================================================================================
----------------- testing Thu Mar 05 22:44:38 UTC 2020 /home/travis/build/icyphy/ptII/ptolemy/actor/lib/test/auto/Ramp1.xml
----------------- Instantiating /home/travis/build/icyphy/ptII/ptolemy/actor/lib/test/auto/Ramp1.xml
1 ms. Memory: 557056K Free: 273438K (49%)
----------------- Invoking toplevel() on ptolemy.moml.MoMLSimpleApplication@4bc020e9
----------------- Done invoking toplevel() on ptolemy.moml.MoMLSimpleApplication@4bc020e9
reloadAllAccessors: .Ramp1

===========================================================================================
----------------- testing Thu Mar 05 22:44:38 UTC 2020 /home/travis/build/icyphy/ptII/ptolemy/actor/lib/test/auto/RampFiringLimitDE.xml
----------------- Instantiating /home/travis/build/icyphy/ptII/ptolemy/actor/lib/test/auto/RampFiringLimitDE.xml
2 ms. Memory: 557056K Free: 267286K (48%)
----------------- Invoking toplevel() on ptolemy.moml.MoMLSimpleApplication@795c4d4c
----------------- Done invoking toplevel() on ptolemy.moml.MoMLSimpleApplication@795c4d4c
reloadAllAccessors: .RampFiringLimitDE

===========================================================================================
----------------- testing Thu Mar 05 22:44:38 UTC 2020 /home/travis/build/icyphy/ptII/ptolemy/actor/lib/test/auto/RampFiringLimitSDF.xml
----------------- Instantiating /home/travis/build/icyphy/ptII/ptolemy/actor/lib/test/auto/RampFiringLimitSDF.xml
2 ms. Memory: 557056K Free: 262166K (47%)
----------------- Invoking toplevel() on ptolemy.moml.MoMLSimpleApplication@13b8689
----------------- Done invoking toplevel() on ptolemy.moml.MoMLSimpleApplication@13b8689
reloadAllAccessors: .RampFiringLimitSDF

===========================================================================================
----------------- testing Thu Mar 05 22:44:38 UTC 2020 /home/travis/build/icyphy/ptII/ptolemy/actor/lib/test/auto/RandomInteger.xml
----------------- Instantiating /home/travis/build/icyphy/ptII/ptolemy/actor/lib/test/auto/RandomInteger.xml
2 ms. Memory: 557056K Free: 258085K (46%)
----------------- Invoking toplevel() on ptolemy.moml.MoMLSimpleApplication@1cdefb52
----------------- Done invoking toplevel() on ptolemy.moml.MoMLSimpleApplication@1cdefb52
reloadAllAccessors: .RandomInteger

===========================================================================================
----------------- testing Thu Mar 05 22:44:38 UTC 2020 /home/travis/build/icyphy/ptII/ptolemy/actor/lib/test/auto/ReadFile1.xml
----------------- Instantiating /home/travis/build/icyphy/ptII/ptolemy/actor/lib/test/auto/ReadFile1.xml
2 ms. Memory: 557056K Free: 253479K (46%)
----------------- Invoking toplevel() on ptolemy.moml.MoMLSimpleApplication@799dee06
----------------- Done invoking toplevel() on ptolemy.moml.MoMLSimpleApplication@799dee06
reloadAllAccessors: .ReadFile1

===========================================================================================
----------------- testing Thu Mar 05 22:44:38 UTC 2020 /home/travis/build/icyphy/ptII/ptolemy/actor/lib/test/auto/ReadFile2.xml
----------------- Instantiating /home/travis/build/icyphy/ptII/ptolemy/actor/lib/test/auto/ReadFile2.xml
1 ms. Memory: 557056K Free: 249383K (45%)
----------------- Invoking toplevel() on ptolemy.moml.MoMLSimpleApplication@4c3f16c7
----------------- Done invoking toplevel() on ptolemy.moml.MoMLSimpleApplication@4c3f16c7
reloadAllAccessors: .ReadFile2

===========================================================================================
----------------- testing Thu Mar 05 22:44:38 UTC 2020 /home/travis/build/icyphy/ptII/ptolemy/actor/lib/test/auto/Reader.xml
----------------- Instantiating /home/travis/build/icyphy/ptII/ptolemy/actor/lib/test/auto/Reader.xml
actor.lib.Reader is obsolete, use actor.lib.io.ExpressionReader instead
3 ms. Memory: 557056K Free: 245287K (44%)
----------------- Invoking toplevel() on ptolemy.moml.MoMLSimpleApplication@78831b4b
----------------- Done invoking toplevel() on ptolemy.moml.MoMLSimpleApplication@78831b4b
reloadAllAccessors: .Reader

===========================================================================================
----------------- testing Thu Mar 05 22:44:38 UTC 2020 /home/travis/build/icyphy/ptII/ptolemy/actor/lib/test/auto/RecordAssemblerDisplayNameTest.xml
----------------- Instantiating /home/travis/build/icyphy/ptII/ptolemy/actor/lib/test/auto/RecordAssemblerDisplayNameTest.xml
3337 ms. Memory: 557056K Free: 315431K (57%)
----------------- Invoking toplevel() on ptolemy.moml.MoMLSimpleApplication@3ea6e367
----------------- Done invoking toplevel() on ptolemy.moml.MoMLSimpleApplication@3ea6e367
reloadAllAccessors: .RecordAssemblerDisplayNameTest

===========================================================================================
----------------- testing Thu Mar 05 22:44:41 UTC 2020 /home/travis/build/icyphy/ptII/ptolemy/actor/lib/test/auto/RecordAssemblerTypeError.xml
----------------- Instantiating /home/travis/build/icyphy/ptII/ptolemy/actor/lib/test/auto/RecordAssemblerTypeError.xml
4 ms. Memory: 557056K Free: 305701K (55%)
----------------- Invoking toplevel() on ptolemy.moml.MoMLSimpleApplication@7f5ab93b
----------------- Done invoking toplevel() on ptolemy.moml.MoMLSimpleApplication@7f5ab93b
reloadAllAccessors: .RecordAssemblerTypeError

===========================================================================================
----------------- testing Thu Mar 05 22:44:41 UTC 2020 /home/travis/build/icyphy/ptII/ptolemy/actor/lib/test/auto/RecordDisassember.xml
----------------- Instantiating /home/travis/build/icyphy/ptII/ptolemy/actor/lib/test/auto/RecordDisassember.xml
5 ms. Memory: 557056K Free: 301095K (54%)
----------------- Invoking toplevel() on ptolemy.moml.MoMLSimpleApplication@72056e21
----------------- Done invoking toplevel() on ptolemy.moml.MoMLSimpleApplication@72056e21
reloadAllAccessors: .RecordDisassember

===========================================================================================
----------------- testing Thu Mar 05 22:44:41 UTC 2020 /home/travis/build/icyphy/ptII/ptolemy/actor/lib/test/auto/RecordDisassemberDisplayNameTest.xml
----------------- Instantiating /home/travis/build/icyphy/ptII/ptolemy/actor/lib/test/auto/RecordDisassemberDisplayNameTest.xml
5 ms. Memory: 557056K Free: 293413K (53%)
----------------- Invoking toplevel() on ptolemy.moml.MoMLSimpleApplication@116e6db
----------------- Done invoking toplevel() on ptolemy.moml.MoMLSimpleApplication@116e6db
reloadAllAccessors: .RecordDisassemberDisplayNameTest

===========================================================================================
----------------- testing Thu Mar 05 22:44:41 UTC 2020 /home/travis/build/icyphy/ptII/ptolemy/actor/lib/test/auto/RecordDisassembler.xml
----------------- Instantiating /home/travis/build/icyphy/ptII/ptolemy/actor/lib/test/auto/RecordDisassembler.xml
3 ms. Memory: 557056K Free: 288286K (52%)
----------------- Invoking toplevel() on ptolemy.moml.MoMLSimpleApplication@1207263a
----------------- Done invoking toplevel() on ptolemy.moml.MoMLSimpleApplication@1207263a
reloadAllAccessors: .RecordDisassembler

===========================================================================================
----------------- testing Thu Mar 05 22:44:41 UTC 2020 /home/travis/build/icyphy/ptII/ptolemy/actor/lib/test/auto/RecordDisassembler2.xml
----------------- Instantiating /home/travis/build/icyphy/ptII/ptolemy/actor/lib/test/auto/RecordDisassembler2.xml
8 ms. Memory: 557056K Free: 283142K (51%)
----------------- Invoking toplevel() on ptolemy.moml.MoMLSimpleApplication@4d8dd8fe
----------------- Done invoking toplevel() on ptolemy.moml.MoMLSimpleApplication@4d8dd8fe
reloadAllAccessors: .RecordDisassembler2

===========================================================================================
----------------- testing Thu Mar 05 22:44:41 UTC 2020 /home/travis/build/icyphy/ptII/ptolemy/actor/lib/test/auto/RecordUpdater.xml
----------------- Instantiating /home/travis/build/icyphy/ptII/ptolemy/actor/lib/test/auto/RecordUpdater.xml
2 ms. Memory: 557056K Free: 278053K (50%)
----------------- Invoking toplevel() on ptolemy.moml.MoMLSimpleApplication@1e3242e7
----------------- Done invoking toplevel() on ptolemy.moml.MoMLSimpleApplication@1e3242e7
reloadAllAccessors: .RecordUpdater

===========================================================================================
----------------- testing Thu Mar 05 22:44:41 UTC 2020 /home/travis/build/icyphy/ptII/ptolemy/actor/lib/test/auto/RecordUpdater2.xml
----------------- Instantiating /home/travis/build/icyphy/ptII/ptolemy/actor/lib/test/auto/RecordUpdater2.xml
2 ms. Memory: 557056K Free: 272933K (49%)
----------------- Invoking toplevel() on ptolemy.moml.MoMLSimpleApplication@36b49f0d
----------------- Done invoking toplevel() on ptolemy.moml.MoMLSimpleApplication@36b49f0d
reloadAllAccessors: .RecordUpdater2

===========================================================================================
----------------- testing Thu Mar 05 22:44:42 UTC 2020 /home/travis/build/icyphy/ptII/ptolemy/actor/lib/test/auto/RecursiveLattice.xml
----------------- Instantiating /home/travis/build/icyphy/ptII/ptolemy/actor/lib/test/auto/RecursiveLattice.xml
2 ms. Memory: 557056K Free: 268327K (48%)
----------------- Invoking toplevel() on ptolemy.moml.MoMLSimpleApplication@67591285
----------------- Done invoking toplevel() on ptolemy.moml.MoMLSimpleApplication@67591285
reloadAllAccessors: .RecursiveLattice

===========================================================================================
----------------- testing Thu Mar 05 22:44:42 UTC 2020 /home/travis/build/icyphy/ptII/ptolemy/actor/lib/test/auto/Router.xml
----------------- Instantiating /home/travis/build/icyphy/ptII/ptolemy/actor/lib/test/auto/Router.xml
3004 ms. Memory: 557056K Free: 257573K (46%)
----------------- Invoking toplevel() on ptolemy.moml.MoMLSimpleApplication@34644950
----------------- Done invoking toplevel() on ptolemy.moml.MoMLSimpleApplication@34644950
reloadAllAccessors: .Router

===========================================================================================
----------------- testing Thu Mar 05 22:44:45 UTC 2020 /home/travis/build/icyphy/ptII/ptolemy/actor/lib/test/auto/Router2.xml
----------------- Instantiating /home/travis/build/icyphy/ptII/ptolemy/actor/lib/test/auto/Router2.xml
3009 ms. Memory: 557056K Free: 247333K (44%)
----------------- Invoking toplevel() on ptolemy.moml.MoMLSimpleApplication@67b9c8bd
----------------- Done invoking toplevel() on ptolemy.moml.MoMLSimpleApplication@67b9c8bd
reloadAllAccessors: .Router2

===========================================================================================
----------------- testing Thu Mar 05 22:44:48 UTC 2020 /home/travis/build/icyphy/ptII/ptolemy/actor/lib/test/auto/RunningMaximum.xml
----------------- Instantiating /home/travis/build/icyphy/ptII/ptolemy/actor/lib/test/auto/RunningMaximum.xml
2 ms. Memory: 557056K Free: 242727K (44%)
----------------- Invoking toplevel() on ptolemy.moml.MoMLSimpleApplication@7110e7a4
----------------- Done invoking toplevel() on ptolemy.moml.MoMLSimpleApplication@7110e7a4
reloadAllAccessors: .RunningMaximum

===========================================================================================
----------------- testing Thu Mar 05 22:44:48 UTC 2020 /home/travis/build/icyphy/ptII/ptolemy/actor/lib/test/auto/RunningMinimum.xml
----------------- Instantiating /home/travis/build/icyphy/ptII/ptolemy/actor/lib/test/auto/RunningMinimum.xml
7 ms. Memory: 557056K Free: 238117K (43%)
----------------- Invoking toplevel() on ptolemy.moml.MoMLSimpleApplication@1c8a98e1
----------------- Done invoking toplevel() on ptolemy.moml.MoMLSimpleApplication@1c8a98e1
reloadAllAccessors: .RunningMinimum

===========================================================================================
----------------- testing Thu Mar 05 22:44:48 UTC 2020 /home/travis/build/icyphy/ptII/ptolemy/actor/lib/test/auto/Scale.xml
----------------- Instantiating /home/travis/build/icyphy/ptII/ptolemy/actor/lib/test/auto/Scale.xml
2 ms. Memory: 557056K Free: 233511K (42%)
----------------- Invoking toplevel() on ptolemy.moml.MoMLSimpleApplication@152ea60f
----------------- Done invoking toplevel() on ptolemy.moml.MoMLSimpleApplication@152ea60f
reloadAllAccessors: .Scale

===========================================================================================
----------------- testing Thu Mar 05 22:44:48 UTC 2020 /home/travis/build/icyphy/ptII/ptolemy/actor/lib/test/auto/Scale2.xml
----------------- Instantiating /home/travis/build/icyphy/ptII/ptolemy/actor/lib/test/auto/Scale2.xml
1 ms. Memory: 557056K Free: 228901K (41%)
----------------- Invoking toplevel() on ptolemy.moml.MoMLSimpleApplication@7f54928e
----------------- Done invoking toplevel() on ptolemy.moml.MoMLSimpleApplication@7f54928e
reloadAllAccessors: .Scale2

===========================================================================================
----------------- testing Thu Mar 05 22:44:48 UTC 2020 /home/travis/build/icyphy/ptII/ptolemy/actor/lib/test/auto/Scale3.xml
----------------- Instantiating /home/travis/build/icyphy/ptII/ptolemy/actor/lib/test/auto/Scale3.xml
7 ms. Memory: 557056K Free: 222757K (40%)
----------------- Invoking toplevel() on ptolemy.moml.MoMLSimpleApplication@461b367d
----------------- Done invoking toplevel() on ptolemy.moml.MoMLSimpleApplication@461b367d
reloadAllAccessors: .Scale3

===========================================================================================
----------------- testing Thu Mar 05 22:44:48 UTC 2020 /home/travis/build/icyphy/ptII/ptolemy/actor/lib/test/auto/ScaleArray.xml
----------------- Instantiating /home/travis/build/icyphy/ptII/ptolemy/actor/lib/test/auto/ScaleArray.xml
2 ms. Memory: 557056K Free: 218151K (39%)
----------------- Invoking toplevel() on ptolemy.moml.MoMLSimpleApplication@58d8d82a
----------------- Done invoking toplevel() on ptolemy.moml.MoMLSimpleApplication@58d8d82a
reloadAllAccessors: .ScaleArray

===========================================================================================
----------------- testing Thu Mar 05 22:44:48 UTC 2020 /home/travis/build/icyphy/ptII/ptolemy/actor/lib/test/auto/ScaleArray2.xml
----------------- Instantiating /home/travis/build/icyphy/ptII/ptolemy/actor/lib/test/auto/ScaleArray2.xml
1 ms. Memory: 557056K Free: 213031K (38%)
----------------- Invoking toplevel() on ptolemy.moml.MoMLSimpleApplication@1220600a
----------------- Done invoking toplevel() on ptolemy.moml.MoMLSimpleApplication@1220600a
reloadAllAccessors: .ScaleArray2

===========================================================================================
----------------- testing Thu Mar 05 22:44:48 UTC 2020 /home/travis/build/icyphy/ptII/ptolemy/actor/lib/test/auto/ScaleMatrix.xml
----------------- Instantiating /home/travis/build/icyphy/ptII/ptolemy/actor/lib/test/auto/ScaleMatrix.xml
139 ms. Memory: 557056K Free: 197157K (35%)
----------------- Invoking toplevel() on ptolemy.moml.MoMLSimpleApplication@12340e00
----------------- Done invoking toplevel() on ptolemy.moml.MoMLSimpleApplication@12340e00
reloadAllAccessors: .ScaleMatrix

===========================================================================================
----------------- testing Thu Mar 05 22:44:48 UTC 2020 /home/travis/build/icyphy/ptII/ptolemy/actor/lib/test/auto/Select.xml
----------------- Instantiating /home/travis/build/icyphy/ptII/ptolemy/actor/lib/test/auto/Select.xml
3 ms. Memory: 557056K Free: 190982K (34%)
----------------- Invoking toplevel() on ptolemy.moml.MoMLSimpleApplication@57c55397
----------------- Done invoking toplevel() on ptolemy.moml.MoMLSimpleApplication@57c55397
reloadAllAccessors: .Select

===========================================================================================
----------------- testing Thu Mar 05 22:44:48 UTC 2020 /home/travis/build/icyphy/ptII/ptolemy/actor/lib/test/auto/Select2.xml
----------------- Instantiating /home/travis/build/icyphy/ptII/ptolemy/actor/lib/test/auto/Select2.xml
1 ms. Memory: 557056K Free: 186407K (33%)
----------------- Invoking toplevel() on ptolemy.moml.MoMLSimpleApplication@6447677e
----------------- Done invoking toplevel() on ptolemy.moml.MoMLSimpleApplication@6447677e
reloadAllAccessors: .Select2

===========================================================================================
----------------- testing Thu Mar 05 22:44:48 UTC 2020 /home/travis/build/icyphy/ptII/ptolemy/actor/lib/test/auto/SequenceToArray2.xml
----------------- Instantiating /home/travis/build/icyphy/ptII/ptolemy/actor/lib/test/auto/SequenceToArray2.xml
104 ms. Memory: 557056K Free: 485413K (87%)
----------------- Invoking toplevel() on ptolemy.moml.MoMLSimpleApplication@5a07bc0d
----------------- Done invoking toplevel() on ptolemy.moml.MoMLSimpleApplication@5a07bc0d
reloadAllAccessors: .SequenceToArray2

===========================================================================================
----------------- testing Thu Mar 05 22:44:48 UTC 2020 /home/travis/build/icyphy/ptII/ptolemy/actor/lib/test/auto/SequentialClock.xml
----------------- Instantiating /home/travis/build/icyphy/ptII/ptolemy/actor/lib/test/auto/SequentialClock.xml
1 ms. Memory: 557056K Free: 480807K (86%)
----------------- Invoking toplevel() on ptolemy.moml.MoMLSimpleApplication@2d7aa40
----------------- Done invoking toplevel() on ptolemy.moml.MoMLSimpleApplication@2d7aa40
reloadAllAccessors: .SequentialClock

===========================================================================================
----------------- testing Thu Mar 05 22:44:48 UTC 2020 /home/travis/build/icyphy/ptII/ptolemy/actor/lib/test/auto/SetVariable.xml
----------------- Instantiating /home/travis/build/icyphy/ptII/ptolemy/actor/lib/test/auto/SetVariable.xml
2 ms. Memory: 557056K Free: 476197K (85%)
----------------- Invoking toplevel() on ptolemy.moml.MoMLSimpleApplication@700d72d5
----------------- Done invoking toplevel() on ptolemy.moml.MoMLSimpleApplication@700d72d5
reloadAllAccessors: .SetVariable

===========================================================================================
----------------- testing Thu Mar 05 22:44:48 UTC 2020 /home/travis/build/icyphy/ptII/ptolemy/actor/lib/test/auto/SetVariable2.xml
----------------- Instantiating /home/travis/build/icyphy/ptII/ptolemy/actor/lib/test/auto/SetVariable2.xml
3 ms. Memory: 557056K Free: 471077K (85%)
----------------- Invoking toplevel() on ptolemy.moml.MoMLSimpleApplication@59e27ad5
----------------- Done invoking toplevel() on ptolemy.moml.MoMLSimpleApplication@59e27ad5
reloadAllAccessors: .SetVariable2

===========================================================================================
----------------- testing Thu Mar 05 22:44:48 UTC 2020 /home/travis/build/icyphy/ptII/ptolemy/actor/lib/test/auto/SetVariable3.xml
----------------- Instantiating /home/travis/build/icyphy/ptII/ptolemy/actor/lib/test/auto/SetVariable3.xml
8 ms. Memory: 557056K Free: 465957K (84%)
----------------- Invoking toplevel() on ptolemy.moml.MoMLSimpleApplication@1472f50
----------------- Done invoking toplevel() on ptolemy.moml.MoMLSimpleApplication@1472f50
reloadAllAccessors: .SetVariable3

===========================================================================================
----------------- testing Thu Mar 05 22:44:48 UTC 2020 /home/travis/build/icyphy/ptII/ptolemy/actor/lib/test/auto/SetVariable4.xml
----------------- Instantiating /home/travis/build/icyphy/ptII/ptolemy/actor/lib/test/auto/SetVariable4.xml
14 ms. Memory: 557056K Free: 456231K (82%)
----------------- Invoking toplevel() on ptolemy.moml.MoMLSimpleApplication@204169ef
----------------- Done invoking toplevel() on ptolemy.moml.MoMLSimpleApplication@204169ef
reloadAllAccessors: .SetVariable4

===========================================================================================
----------------- testing Thu Mar 05 22:44:48 UTC 2020 /home/travis/build/icyphy/ptII/ptolemy/actor/lib/test/auto/SetVariable5.xml
----------------- Instantiating /home/travis/build/icyphy/ptII/ptolemy/actor/lib/test/auto/SetVariable5.xml
17 ms. Memory: 557056K Free: 447015K (80%)
----------------- Invoking toplevel() on ptolemy.moml.MoMLSimpleApplication@38cc807
----------------- Done invoking toplevel() on ptolemy.moml.MoMLSimpleApplication@38cc807
reloadAllAccessors: .SetVariable5

===========================================================================================
----------------- testing Thu Mar 05 22:44:48 UTC 2020 /home/travis/build/icyphy/ptII/ptolemy/actor/lib/test/auto/Sinewave.xml
----------------- Instantiating /home/travis/build/icyphy/ptII/ptolemy/actor/lib/test/auto/Sinewave.xml
6 ms. Memory: 557056K Free: 436775K (78%)
----------------- Invoking toplevel() on ptolemy.moml.MoMLSimpleApplication@16465bfc
----------------- Done invoking toplevel() on ptolemy.moml.MoMLSimpleApplication@16465bfc
reloadAllAccessors: .Sinewave

===========================================================================================
----------------- testing Thu Mar 05 22:44:48 UTC 2020 /home/travis/build/icyphy/ptII/ptolemy/actor/lib/test/auto/Sinewave2.xml
----------------- Instantiating /home/travis/build/icyphy/ptII/ptolemy/actor/lib/test/auto/Sinewave2.xml
6 ms. Memory: 557056K Free: 428583K (77%)
----------------- Invoking toplevel() on ptolemy.moml.MoMLSimpleApplication@2277fcc
----------------- Done invoking toplevel() on ptolemy.moml.MoMLSimpleApplication@2277fcc
reloadAllAccessors: .Sinewave2

===========================================================================================
----------------- testing Thu Mar 05 22:44:48 UTC 2020 /home/travis/build/icyphy/ptII/ptolemy/actor/lib/test/auto/Sinewave3.xml
----------------- Instantiating /home/travis/build/icyphy/ptII/ptolemy/actor/lib/test/auto/Sinewave3.xml
8 ms. Memory: 557056K Free: 420391K (75%)
----------------- Invoking toplevel() on ptolemy.moml.MoMLSimpleApplication@24f3be19
----------------- Done invoking toplevel() on ptolemy.moml.MoMLSimpleApplication@24f3be19
reloadAllAccessors: .Sinewave3

===========================================================================================
----------------- testing Thu Mar 05 22:44:48 UTC 2020 /home/travis/build/icyphy/ptII/ptolemy/actor/lib/test/auto/SingleEvent.xml
----------------- Instantiating /home/travis/build/icyphy/ptII/ptolemy/actor/lib/test/auto/SingleEvent.xml
2 ms. Memory: 557056K Free: 416295K (75%)
----------------- Invoking toplevel() on ptolemy.moml.MoMLSimpleApplication@501c639d
----------------- Done invoking toplevel() on ptolemy.moml.MoMLSimpleApplication@501c639d
reloadAllAccessors: .SingleEvent

===========================================================================================
----------------- testing Thu Mar 05 22:44:48 UTC 2020 /home/travis/build/icyphy/ptII/ptolemy/actor/lib/test/auto/Sleep.xml
----------------- Instantiating /home/travis/build/icyphy/ptII/ptolemy/actor/lib/test/auto/Sleep.xml
6003 ms. Memory: 557056K Free: 410661K (74%)
----------------- Invoking toplevel() on ptolemy.moml.MoMLSimpleApplication@68bf5b33
----------------- Done invoking toplevel() on ptolemy.moml.MoMLSimpleApplication@68bf5b33
reloadAllAccessors: .Sleep

===========================================================================================
----------------- testing Thu Mar 05 22:44:54 UTC 2020 /home/travis/build/icyphy/ptII/ptolemy/actor/lib/test/auto/SleepMultipleFire.xml
----------------- Instantiating /home/travis/build/icyphy/ptII/ptolemy/actor/lib/test/auto/SleepMultipleFire.xml
1006 ms. Memory: 557056K Free: 405031K (73%)
----------------- Invoking toplevel() on ptolemy.moml.MoMLSimpleApplication@5c1612af
----------------- Done invoking toplevel() on ptolemy.moml.MoMLSimpleApplication@5c1612af
reloadAllAccessors: .SleepMultipleFire

===========================================================================================
----------------- testing Thu Mar 05 22:44:55 UTC 2020 /home/travis/build/icyphy/ptII/ptolemy/actor/lib/test/auto/StopDE.xml
----------------- Instantiating /home/travis/build/icyphy/ptII/ptolemy/actor/lib/test/auto/StopDE.xml
4 ms. Memory: 557056K Free: 399397K (72%)
----------------- Invoking toplevel() on ptolemy.moml.MoMLSimpleApplication@588583c2
----------------- Done invoking toplevel() on ptolemy.moml.MoMLSimpleApplication@588583c2
reloadAllAccessors: .StopDE

===========================================================================================
----------------- testing Thu Mar 05 22:44:55 UTC 2020 /home/travis/build/icyphy/ptII/ptolemy/actor/lib/test/auto/StopSDF.xml
----------------- Instantiating /home/travis/build/icyphy/ptII/ptolemy/actor/lib/test/auto/StopSDF.xml
2 ms. Memory: 557056K Free: 393767K (71%)
----------------- Invoking toplevel() on ptolemy.moml.MoMLSimpleApplication@7121d51
----------------- Done invoking toplevel() on ptolemy.moml.MoMLSimpleApplication@7121d51
reloadAllAccessors: .StopSDF

===========================================================================================
----------------- testing Thu Mar 05 22:44:55 UTC 2020 /home/travis/build/icyphy/ptII/ptolemy/actor/lib/test/auto/StringConstant.xml
----------------- Instantiating /home/travis/build/icyphy/ptII/ptolemy/actor/lib/test/auto/StringConstant.xml
11 ms. Memory: 557056K Free: 389671K (70%)
----------------- Invoking toplevel() on ptolemy.moml.MoMLSimpleApplication@315dfaa0
----------------- Done invoking toplevel() on ptolemy.moml.MoMLSimpleApplication@315dfaa0
reloadAllAccessors: .StringConstant

===========================================================================================
----------------- testing Thu Mar 05 22:44:55 UTC 2020 /home/travis/build/icyphy/ptII/ptolemy/actor/lib/test/auto/SubscriberPortInitialValues1.xml
----------------- Instantiating /home/travis/build/icyphy/ptII/ptolemy/actor/lib/test/auto/SubscriberPortInitialValues1.xml
8 ms. Memory: 557056K Free: 380965K (68%)
----------------- Invoking toplevel() on ptolemy.moml.MoMLSimpleApplication@3169769a
----------------- Done invoking toplevel() on ptolemy.moml.MoMLSimpleApplication@3169769a
reloadAllAccessors: .SubscriberPortInitialValues1

===========================================================================================
----------------- testing Thu Mar 05 22:44:55 UTC 2020 /home/travis/build/icyphy/ptII/ptolemy/actor/lib/test/auto/SubscriberPortInitialValues13.xml
----------------- Instantiating /home/travis/build/icyphy/ptII/ptolemy/actor/lib/test/auto/SubscriberPortInitialValues13.xml
5 ms. Memory: 557056K Free: 367143K (66%)
----------------- Invoking toplevel() on ptolemy.moml.MoMLSimpleApplication@3798ba00
----------------- Done invoking toplevel() on ptolemy.moml.MoMLSimpleApplication@3798ba00
reloadAllAccessors: .SubscriberPortInitialValues13

===========================================================================================
----------------- testing Thu Mar 05 22:44:55 UTC 2020 /home/travis/build/icyphy/ptII/ptolemy/actor/lib/test/auto/SubscriberPortInitialValues14.xml
----------------- Instantiating /home/travis/build/icyphy/ptII/ptolemy/actor/lib/test/auto/SubscriberPortInitialValues14.xml
3 ms. Memory: 557056K Free: 359461K (65%)
----------------- Invoking toplevel() on ptolemy.moml.MoMLSimpleApplication@155695a1
----------------- Done invoking toplevel() on ptolemy.moml.MoMLSimpleApplication@155695a1
reloadAllAccessors: .SubscriberPortInitialValues14

===========================================================================================
----------------- testing Thu Mar 05 22:44:56 UTC 2020 /home/travis/build/icyphy/ptII/ptolemy/actor/lib/test/auto/SubscriberPortInitialValues2.xml
----------------- Instantiating /home/travis/build/icyphy/ptII/ptolemy/actor/lib/test/auto/SubscriberPortInitialValues2.xml
4 ms. Memory: 557056K Free: 351783K (63%)
----------------- Invoking toplevel() on ptolemy.moml.MoMLSimpleApplication@11c53bab
----------------- Done invoking toplevel() on ptolemy.moml.MoMLSimpleApplication@11c53bab
reloadAllAccessors: .SubscriberPortInitialValues2

===========================================================================================
----------------- testing Thu Mar 05 22:44:56 UTC 2020 /home/travis/build/icyphy/ptII/ptolemy/actor/lib/test/auto/SubscriberPortInitialValues3.xml
----------------- Instantiating /home/travis/build/icyphy/ptII/ptolemy/actor/lib/test/auto/SubscriberPortInitialValues3.xml
4 ms. Memory: 557056K Free: 341029K (61%)
----------------- Invoking toplevel() on ptolemy.moml.MoMLSimpleApplication@30d15f0f
----------------- Done invoking toplevel() on ptolemy.moml.MoMLSimpleApplication@30d15f0f
reloadAllAccessors: .SubscriberPortInitialValues3

===========================================================================================
----------------- testing Thu Mar 05 22:44:56 UTC 2020 /home/travis/build/icyphy/ptII/ptolemy/actor/lib/test/auto/SubscriptionAggregator.xml
----------------- Instantiating /home/travis/build/icyphy/ptII/ptolemy/actor/lib/test/auto/SubscriptionAggregator.xml
2 ms. Memory: 557056K Free: 334375K (60%)
----------------- Invoking toplevel() on ptolemy.moml.MoMLSimpleApplication@21923ab5
----------------- Done invoking toplevel() on ptolemy.moml.MoMLSimpleApplication@21923ab5
reloadAllAccessors: .SubscriptionAggregator

===========================================================================================
----------------- testing Thu Mar 05 22:44:56 UTC 2020 /home/travis/build/icyphy/ptII/ptolemy/actor/lib/test/auto/SubscriptionAggregator2.xml
----------------- Instantiating /home/travis/build/icyphy/ptII/ptolemy/actor/lib/test/auto/SubscriptionAggregator2.xml
2 ms. Memory: 557056K Free: 327710K (59%)
----------------- Invoking toplevel() on ptolemy.moml.MoMLSimpleApplication@10fba05c
----------------- Done invoking toplevel() on ptolemy.moml.MoMLSimpleApplication@10fba05c
reloadAllAccessors: .SubscriptionAggregator2

===========================================================================================
----------------- testing Thu Mar 05 22:44:56 UTC 2020 /home/travis/build/icyphy/ptII/ptolemy/actor/lib/test/auto/SubscriptionAggregator3.xml
----------------- Instantiating /home/travis/build/icyphy/ptII/ptolemy/actor/lib/test/auto/SubscriptionAggregator3.xml
3 ms. Memory: 557056K Free: 319015K (57%)
----------------- Invoking toplevel() on ptolemy.moml.MoMLSimpleApplication@5f52fbfc
----------------- Done invoking toplevel() on ptolemy.moml.MoMLSimpleApplication@5f52fbfc
reloadAllAccessors: .SubscriptionAggregator3

===========================================================================================
----------------- testing Thu Mar 05 22:44:56 UTC 2020 /home/travis/build/icyphy/ptII/ptolemy/actor/lib/test/auto/SubscriptionAggregatorMultiply.xml
----------------- Instantiating /home/travis/build/icyphy/ptII/ptolemy/actor/lib/test/auto/SubscriptionAggregatorMultiply.xml
3 ms. Memory: 557056K Free: 310309K (56%)
----------------- Invoking toplevel() on ptolemy.moml.MoMLSimpleApplication@47ad021
----------------- Done invoking toplevel() on ptolemy.moml.MoMLSimpleApplication@47ad021
reloadAllAccessors: .SubscriptionAggregatorMultiply

===========================================================================================
----------------- testing Thu Mar 05 22:44:56 UTC 2020 /home/travis/build/icyphy/ptII/ptolemy/actor/lib/test/auto/SubscriptionAggregatorPortMultiply1.xml
----------------- Instantiating /home/travis/build/icyphy/ptII/ptolemy/actor/lib/test/auto/SubscriptionAggregatorPortMultiply1.xml
4 ms. Memory: 557056K Free: 302117K (54%)
----------------- Invoking toplevel() on ptolemy.moml.MoMLSimpleApplication@7cc03df5
----------------- Done invoking toplevel() on ptolemy.moml.MoMLSimpleApplication@7cc03df5
reloadAllAccessors: .SubscriptionAggregatorPortMultiply1

===========================================================================================
----------------- testing Thu Mar 05 22:44:56 UTC 2020 /home/travis/build/icyphy/ptII/ptolemy/actor/lib/test/auto/Switch.xml
----------------- Instantiating /home/travis/build/icyphy/ptII/ptolemy/actor/lib/test/auto/Switch.xml
10 ms. Memory: 557056K Free: 293925K (53%)
----------------- Invoking toplevel() on ptolemy.moml.MoMLSimpleApplication@5dc762d6
----------------- Done invoking toplevel() on ptolemy.moml.MoMLSimpleApplication@5dc762d6
reloadAllAccessors: .Switch

===========================================================================================
----------------- testing Thu Mar 05 22:44:56 UTC 2020 /home/travis/build/icyphy/ptII/ptolemy/actor/lib/test/auto/Switch2.xml
----------------- Instantiating /home/travis/build/icyphy/ptII/ptolemy/actor/lib/test/auto/Switch2.xml
1 ms. Memory: 557056K Free: 289319K (52%)
----------------- Invoking toplevel() on ptolemy.moml.MoMLSimpleApplication@50323e0f
----------------- Done invoking toplevel() on ptolemy.moml.MoMLSimpleApplication@50323e0f
reloadAllAccessors: .Switch2

===========================================================================================
----------------- testing Thu Mar 05 22:44:56 UTC 2020 /home/travis/build/icyphy/ptII/ptolemy/actor/lib/test/auto/SwitchDE.xml
----------------- Instantiating /home/travis/build/icyphy/ptII/ptolemy/actor/lib/test/auto/SwitchDE.xml
3 ms. Memory: 557056K Free: 283175K (51%)
----------------- Invoking toplevel() on ptolemy.moml.MoMLSimpleApplication@78ef4275
----------------- Done invoking toplevel() on ptolemy.moml.MoMLSimpleApplication@78ef4275
reloadAllAccessors: .SwitchDE

===========================================================================================
----------------- testing Thu Mar 05 22:44:56 UTC 2020 /home/travis/build/icyphy/ptII/ptolemy/actor/lib/test/auto/SynchronizerDE.xml
----------------- Instantiating /home/travis/build/icyphy/ptII/ptolemy/actor/lib/test/auto/SynchronizerDE.xml
8 ms. Memory: 557056K Free: 274983K (49%)
----------------- Invoking toplevel() on ptolemy.moml.MoMLSimpleApplication@7f715581
----------------- Done invoking toplevel() on ptolemy.moml.MoMLSimpleApplication@7f715581
reloadAllAccessors: .SynchronizerDE

===========================================================================================
----------------- testing Thu Mar 05 22:44:56 UTC 2020 /home/travis/build/icyphy/ptII/ptolemy/actor/lib/test/auto/Test.xml
----------------- Instantiating /home/travis/build/icyphy/ptII/ptolemy/actor/lib/test/auto/Test.xml
2 ms. Memory: 557056K Free: 269863K (48%)
----------------- Invoking toplevel() on ptolemy.moml.MoMLSimpleApplication@697d4b99
----------------- Done invoking toplevel() on ptolemy.moml.MoMLSimpleApplication@697d4b99
reloadAllAccessors: .Test

===========================================================================================
----------------- testing Thu Mar 05 22:44:56 UTC 2020 /home/travis/build/icyphy/ptII/ptolemy/actor/lib/test/auto/TestExceptionAttribute1.xml
----------------- Instantiating /home/travis/build/icyphy/ptII/ptolemy/actor/lib/test/auto/TestExceptionAttribute1.xml
1 ms. Memory: 557056K Free: 265767K (48%)
----------------- Invoking toplevel() on ptolemy.moml.MoMLSimpleApplication@3949a342
----------------- Done invoking toplevel() on ptolemy.moml.MoMLSimpleApplication@3949a342
reloadAllAccessors: .TestExceptionAttribute1

===========================================================================================
----------------- testing Thu Mar 05 22:44:56 UTC 2020 /home/travis/build/icyphy/ptII/ptolemy/actor/lib/test/auto/TestExceptionAttribute2.xml
----------------- Instantiating /home/travis/build/icyphy/ptII/ptolemy/actor/lib/test/auto/TestExceptionAttribute2.xml
1 ms. Memory: 557056K Free: 262181K (47%)
----------------- Invoking toplevel() on ptolemy.moml.MoMLSimpleApplication@3c4b3317
----------------- Done invoking toplevel() on ptolemy.moml.MoMLSimpleApplication@3c4b3317
reloadAllAccessors: .TestExceptionAttribute2

===========================================================================================
----------------- testing Thu Mar 05 22:44:56 UTC 2020 /home/travis/build/icyphy/ptII/ptolemy/actor/lib/test/auto/TestExceptionAttribute3.xml
----------------- Instantiating /home/travis/build/icyphy/ptII/ptolemy/actor/lib/test/auto/TestExceptionAttribute3.xml
.TestExceptionAttribute3.TestExceptionAttribute: initialize() was not invoked, but wrapup() was.  This is unusual, but not always a problem.  For example, exporting JNLP will do this.
1 ms. Memory: 557056K Free: 258599K (46%)
----------------- Invoking toplevel() on ptolemy.moml.MoMLSimpleApplication@41ed564e
----------------- Done invoking toplevel() on ptolemy.moml.MoMLSimpleApplication@41ed564e
reloadAllAccessors: .TestExceptionAttribute3

===========================================================================================
----------------- testing Thu Mar 05 22:44:56 UTC 2020 /home/travis/build/icyphy/ptII/ptolemy/actor/lib/test/auto/TestExceptionAttribute4.xml
----------------- Instantiating /home/travis/build/icyphy/ptII/ptolemy/actor/lib/test/auto/TestExceptionAttribute4.xml
.TestExceptionAttribute4.TestExceptionAttribute: initialize() was not invoked, but wrapup() was.  This is unusual, but not always a problem.  For example, exporting JNLP will do this.
.TestExceptionAttribute4.TestExceptionAttribute2: initialize() was not invoked, but wrapup() was.  This is unusual, but not always a problem.  For example, exporting JNLP will do this.
1 ms. Memory: 557056K Free: 254503K (46%)
----------------- Invoking toplevel() on ptolemy.moml.MoMLSimpleApplication@6d26a20f
----------------- Done invoking toplevel() on ptolemy.moml.MoMLSimpleApplication@6d26a20f
reloadAllAccessors: .TestExceptionAttribute4

===========================================================================================
----------------- testing Thu Mar 05 22:44:56 UTC 2020 /home/travis/build/icyphy/ptII/ptolemy/actor/lib/test/auto/TestExceptionHandler1.xml
----------------- Instantiating /home/travis/build/icyphy/ptII/ptolemy/actor/lib/test/auto/TestExceptionHandler1.xml
1 ms. Memory: 557056K Free: 250917K (45%)
----------------- Invoking toplevel() on ptolemy.moml.MoMLSimpleApplication@33440446
----------------- Done invoking toplevel() on ptolemy.moml.MoMLSimpleApplication@33440446
reloadAllAccessors: .TestExceptionHandler1

===========================================================================================
----------------- testing Thu Mar 05 22:44:56 UTC 2020 /home/travis/build/icyphy/ptII/ptolemy/actor/lib/test/auto/TestExceptionHandler2.xml
----------------- Instantiating /home/travis/build/icyphy/ptII/ptolemy/actor/lib/test/auto/TestExceptionHandler2.xml
1 ms. Memory: 557056K Free: 247335K (44%)
----------------- Invoking toplevel() on ptolemy.moml.MoMLSimpleApplication@ad44cda
----------------- Done invoking toplevel() on ptolemy.moml.MoMLSimpleApplication@ad44cda
reloadAllAccessors: .TestExceptionHandler2

===========================================================================================
----------------- testing Thu Mar 05 22:44:56 UTC 2020 /home/travis/build/icyphy/ptII/ptolemy/actor/lib/test/auto/TestExceptionHandler3.xml
----------------- Instantiating /home/travis/build/icyphy/ptII/ptolemy/actor/lib/test/auto/TestExceptionHandler3.xml
1 ms. Memory: 557056K Free: 243749K (44%)
----------------- Invoking toplevel() on ptolemy.moml.MoMLSimpleApplication@4a6c4676
----------------- Done invoking toplevel() on ptolemy.moml.MoMLSimpleApplication@4a6c4676
reloadAllAccessors: .TestExceptionHandler3

===========================================================================================
----------------- testing Thu Mar 05 22:44:56 UTC 2020 /home/travis/build/icyphy/ptII/ptolemy/actor/lib/test/auto/TestExceptionHandler4.xml
----------------- Instantiating /home/travis/build/icyphy/ptII/ptolemy/actor/lib/test/auto/TestExceptionHandler4.xml
1 ms. Memory: 557056K Free: 239653K (43%)
----------------- Invoking toplevel() on ptolemy.moml.MoMLSimpleApplication@1cd096a
----------------- Done invoking toplevel() on ptolemy.moml.MoMLSimpleApplication@1cd096a
reloadAllAccessors: .TestExceptionHandler4

===========================================================================================
----------------- testing Thu Mar 05 22:44:56 UTC 2020 /home/travis/build/icyphy/ptII/ptolemy/actor/lib/test/auto/TestRequireCorrectOrder.xml
----------------- Instantiating /home/travis/build/icyphy/ptII/ptolemy/actor/lib/test/auto/TestRequireCorrectOrder.xml
8 ms. Memory: 557056K Free: 234526K (42%)
----------------- Invoking toplevel() on ptolemy.moml.MoMLSimpleApplication@73bdcb35
----------------- Done invoking toplevel() on ptolemy.moml.MoMLSimpleApplication@73bdcb35
reloadAllAccessors: .TestRequireCorrectOrder

===========================================================================================
----------------- testing Thu Mar 05 22:44:56 UTC 2020 /home/travis/build/icyphy/ptII/ptolemy/actor/lib/test/auto/TestSimple.xml
----------------- Instantiating /home/travis/build/icyphy/ptII/ptolemy/actor/lib/test/auto/TestSimple.xml
1 ms. Memory: 557056K Free: 229927K (41%)
----------------- Invoking toplevel() on ptolemy.moml.MoMLSimpleApplication@5749730e
----------------- Done invoking toplevel() on ptolemy.moml.MoMLSimpleApplication@5749730e
reloadAllAccessors: .TestSimple

===========================================================================================
----------------- testing Thu Mar 05 22:44:56 UTC 2020 /home/travis/build/icyphy/ptII/ptolemy/actor/lib/test/auto/ThrowModelError.xml
----------------- Instantiating /home/travis/build/icyphy/ptII/ptolemy/actor/lib/test/auto/ThrowModelError.xml
1 ms. Memory: 557056K Free: 225317K (40%)
----------------- Invoking toplevel() on ptolemy.moml.MoMLSimpleApplication@2aa95e3
----------------- Done invoking toplevel() on ptolemy.moml.MoMLSimpleApplication@2aa95e3
reloadAllAccessors: .ThrowModelError

===========================================================================================
----------------- testing Thu Mar 05 22:44:56 UTC 2020 /home/travis/build/icyphy/ptII/ptolemy/actor/lib/test/auto/TimeDelayMicrosteps.xml
----------------- Instantiating /home/travis/build/icyphy/ptII/ptolemy/actor/lib/test/auto/TimeDelayMicrosteps.xml
2 ms. Memory: 557056K Free: 218663K (39%)
----------------- Invoking toplevel() on ptolemy.moml.MoMLSimpleApplication@a0a8c88
----------------- Done invoking toplevel() on ptolemy.moml.MoMLSimpleApplication@a0a8c88
reloadAllAccessors: .TimeDelayMicrosteps

===========================================================================================
----------------- testing Thu Mar 05 22:44:56 UTC 2020 /home/travis/build/icyphy/ptII/ptolemy/actor/lib/test/auto/TimeDelayMicrosteps2.xml
----------------- Instantiating /home/travis/build/icyphy/ptII/ptolemy/actor/lib/test/auto/TimeDelayMicrosteps2.xml
4 ms. Memory: 557056K Free: 210966K (38%)
----------------- Invoking toplevel() on ptolemy.moml.MoMLSimpleApplication@2dedd126
----------------- Done invoking toplevel() on ptolemy.moml.MoMLSimpleApplication@2dedd126
reloadAllAccessors: .TimeDelayMicrosteps2

===========================================================================================
----------------- testing Thu Mar 05 22:44:56 UTC 2020 /home/travis/build/icyphy/ptII/ptolemy/actor/lib/test/auto/TimeDelayMicrosteps3.xml
----------------- Instantiating /home/travis/build/icyphy/ptII/ptolemy/actor/lib/test/auto/TimeDelayMicrosteps3.xml
3 ms. Memory: 557056K Free: 204327K (37%)
----------------- Invoking toplevel() on ptolemy.moml.MoMLSimpleApplication@743f5e8f
----------------- Done invoking toplevel() on ptolemy.moml.MoMLSimpleApplication@743f5e8f
reloadAllAccessors: .TimeDelayMicrosteps3

===========================================================================================
----------------- testing Thu Mar 05 22:44:56 UTC 2020 /home/travis/build/icyphy/ptII/ptolemy/actor/lib/test/auto/TimeDelayVariableMicrosteps.xml
----------------- Instantiating /home/travis/build/icyphy/ptII/ptolemy/actor/lib/test/auto/TimeDelayVariableMicrosteps.xml
3 ms. Memory: 557056K Free: 197669K (35%)
----------------- Invoking toplevel() on ptolemy.moml.MoMLSimpleApplication@650996fe
----------------- Done invoking toplevel() on ptolemy.moml.MoMLSimpleApplication@650996fe
reloadAllAccessors: .TimeDelayVariableMicrosteps

===========================================================================================
----------------- testing Thu Mar 05 22:44:56 UTC 2020 /home/travis/build/icyphy/ptII/ptolemy/actor/lib/test/auto/TimeGap.xml
----------------- Instantiating /home/travis/build/icyphy/ptII/ptolemy/actor/lib/test/auto/TimeGap.xml
3 ms. Memory: 557056K Free: 192534K (35%)
----------------- Invoking toplevel() on ptolemy.moml.MoMLSimpleApplication@2f1e6a51
----------------- Done invoking toplevel() on ptolemy.moml.MoMLSimpleApplication@2f1e6a51
reloadAllAccessors: .TimeGap

===========================================================================================
----------------- testing Thu Mar 05 22:44:56 UTC 2020 /home/travis/build/icyphy/ptII/ptolemy/actor/lib/test/auto/TimeGap2.xml
----------------- Instantiating /home/travis/build/icyphy/ptII/ptolemy/actor/lib/test/auto/TimeGap2.xml
1 ms. Memory: 557056K Free: 186919K (34%)
----------------- Invoking toplevel() on ptolemy.moml.MoMLSimpleApplication@145d404e
----------------- Done invoking toplevel() on ptolemy.moml.MoMLSimpleApplication@145d404e
reloadAllAccessors: .TimeGap2

===========================================================================================
----------------- testing Thu Mar 05 22:44:56 UTC 2020 /home/travis/build/icyphy/ptII/ptolemy/actor/lib/test/auto/TimedSinewave.xml
----------------- Instantiating /home/travis/build/icyphy/ptII/ptolemy/actor/lib/test/auto/TimedSinewave.xml
20 ms. Memory: 557056K Free: 495143K (89%)
----------------- Invoking toplevel() on ptolemy.moml.MoMLSimpleApplication@7792a194
----------------- Done invoking toplevel() on ptolemy.moml.MoMLSimpleApplication@7792a194
reloadAllAccessors: .TimedSinewave

===========================================================================================
----------------- testing Thu Mar 05 22:44:56 UTC 2020 /home/travis/build/icyphy/ptII/ptolemy/actor/lib/test/auto/TimedSinewavePhase.xml
----------------- Instantiating /home/travis/build/icyphy/ptII/ptolemy/actor/lib/test/auto/TimedSinewavePhase.xml
9 ms. Memory: 557056K Free: 484903K (87%)
----------------- Invoking toplevel() on ptolemy.moml.MoMLSimpleApplication@5827ad94
----------------- Done invoking toplevel() on ptolemy.moml.MoMLSimpleApplication@5827ad94
reloadAllAccessors: .TimedSinewavePhase

===========================================================================================
----------------- testing Thu Mar 05 22:44:56 UTC 2020 /home/travis/build/icyphy/ptII/ptolemy/actor/lib/test/auto/Timer.xml
----------------- Instantiating /home/travis/build/icyphy/ptII/ptolemy/actor/lib/test/auto/Timer.xml
3 ms. Memory: 557056K Free: 479262K (86%)
----------------- Invoking toplevel() on ptolemy.moml.MoMLSimpleApplication@71df544c
----------------- Done invoking toplevel() on ptolemy.moml.MoMLSimpleApplication@71df544c
reloadAllAccessors: .Timer

===========================================================================================
----------------- testing Thu Mar 05 22:44:56 UTC 2020 /home/travis/build/icyphy/ptII/ptolemy/actor/lib/test/auto/TriangularDistTestModel.xml
----------------- Instantiating /home/travis/build/icyphy/ptII/ptolemy/actor/lib/test/auto/TriangularDistTestModel.xml
2 ms. Memory: 557056K Free: 473639K (85%)
----------------- Invoking toplevel() on ptolemy.moml.MoMLSimpleApplication@647e373a
----------------- Done invoking toplevel() on ptolemy.moml.MoMLSimpleApplication@647e373a
reloadAllAccessors: .TriangularDistTestModel

===========================================================================================
----------------- testing Thu Mar 05 22:44:56 UTC 2020 /home/travis/build/icyphy/ptII/ptolemy/actor/lib/test/auto/TrigFunction.xml
----------------- Instantiating /home/travis/build/icyphy/ptII/ptolemy/actor/lib/test/auto/TrigFunction.xml
2 ms. Memory: 557056K Free: 469029K (84%)
----------------- Invoking toplevel() on ptolemy.moml.MoMLSimpleApplication@794f9a24
----------------- Done invoking toplevel() on ptolemy.moml.MoMLSimpleApplication@794f9a24
reloadAllAccessors: .TrigFunction

===========================================================================================
----------------- testing Thu Mar 05 22:44:56 UTC 2020 /home/travis/build/icyphy/ptII/ptolemy/actor/lib/test/auto/TrigFunctionDE.xml
----------------- Instantiating /home/travis/build/icyphy/ptII/ptolemy/actor/lib/test/auto/TrigFunctionDE.xml
2 ms. Memory: 557056K Free: 463399K (83%)
----------------- Invoking toplevel() on ptolemy.moml.MoMLSimpleApplication@703b563f
----------------- Done invoking toplevel() on ptolemy.moml.MoMLSimpleApplication@703b563f
reloadAllAccessors: .TrigFunctionDE

===========================================================================================
----------------- testing Thu Mar 05 22:44:56 UTC 2020 /home/travis/build/icyphy/ptII/ptolemy/actor/lib/test/auto/TrigFunctionInverse.xml
----------------- Instantiating /home/travis/build/icyphy/ptII/ptolemy/actor/lib/test/auto/TrigFunctionInverse.xml
1 ms. Memory: 557056K Free: 458279K (82%)
----------------- Invoking toplevel() on ptolemy.moml.MoMLSimpleApplication@5e0c3559
----------------- Done invoking toplevel() on ptolemy.moml.MoMLSimpleApplication@5e0c3559
reloadAllAccessors: .TrigFunctionInverse

===========================================================================================
----------------- testing Thu Mar 05 22:44:56 UTC 2020 /home/travis/build/icyphy/ptII/ptolemy/actor/lib/test/auto/TrigFunctionTan.xml
----------------- Instantiating /home/travis/build/icyphy/ptII/ptolemy/actor/lib/test/auto/TrigFunctionTan.xml
2 ms. Memory: 557056K Free: 454183K (82%)
----------------- Invoking toplevel() on ptolemy.moml.MoMLSimpleApplication@76e69b92
----------------- Done invoking toplevel() on ptolemy.moml.MoMLSimpleApplication@76e69b92
reloadAllAccessors: .TrigFunctionTan

===========================================================================================
----------------- testing Thu Mar 05 22:44:56 UTC 2020 /home/travis/build/icyphy/ptII/ptolemy/actor/lib/test/auto/TriggeredClock.xml
----------------- Instantiating /home/travis/build/icyphy/ptII/ptolemy/actor/lib/test/auto/TriggeredClock.xml
1 ms. Memory: 557056K Free: 448542K (81%)
----------------- Invoking toplevel() on ptolemy.moml.MoMLSimpleApplication@330f8268
----------------- Done invoking toplevel() on ptolemy.moml.MoMLSimpleApplication@330f8268
reloadAllAccessors: .TriggeredClock

===========================================================================================
----------------- testing Thu Mar 05 22:44:56 UTC 2020 /home/travis/build/icyphy/ptII/ptolemy/actor/lib/test/auto/URLDirectoryReader.xml
----------------- Instantiating /home/travis/build/icyphy/ptII/ptolemy/actor/lib/test/auto/URLDirectoryReader.xml
24 ms. Memory: 557056K Free: 438823K (79%)
----------------- Invoking toplevel() on ptolemy.moml.MoMLSimpleApplication@26e4b6e8
----------------- Done invoking toplevel() on ptolemy.moml.MoMLSimpleApplication@26e4b6e8
reloadAllAccessors: .URLDirectoryReader

===========================================================================================
----------------- testing Thu Mar 05 22:44:56 UTC 2020 /home/travis/build/icyphy/ptII/ptolemy/actor/lib/test/auto/URLDirectoryReader3.xml
----------------- Instantiating /home/travis/build/icyphy/ptII/ptolemy/actor/lib/test/auto/URLDirectoryReader3.xml
1428 ms. Memory: 557056K Free: 497599K (89%)
----------------- Invoking toplevel() on ptolemy.moml.MoMLSimpleApplication@7fb6774
----------------- Done invoking toplevel() on ptolemy.moml.MoMLSimpleApplication@7fb6774
reloadAllAccessors: .URLDirectoryReader3

===========================================================================================
----------------- testing Thu Mar 05 22:44:58 UTC 2020 /home/travis/build/icyphy/ptII/ptolemy/actor/lib/test/auto/UnaryMathFunction.xml
----------------- Instantiating /home/travis/build/icyphy/ptII/ptolemy/actor/lib/test/auto/UnaryMathFunction.xml
4 ms. Memory: 557056K Free: 489407K (88%)
----------------- Invoking toplevel() on ptolemy.moml.MoMLSimpleApplication@18c2b2d1
----------------- Done invoking toplevel() on ptolemy.moml.MoMLSimpleApplication@18c2b2d1
reloadAllAccessors: .UnaryMathFunction

===========================================================================================
----------------- testing Thu Mar 05 22:44:58 UTC 2020 /home/travis/build/icyphy/ptII/ptolemy/actor/lib/test/auto/Uniform.xml
----------------- Instantiating /home/travis/build/icyphy/ptII/ptolemy/actor/lib/test/auto/Uniform.xml
1 ms. Memory: 557056K Free: 484801K (87%)
----------------- Invoking toplevel() on ptolemy.moml.MoMLSimpleApplication@6819678b
----------------- Done invoking toplevel() on ptolemy.moml.MoMLSimpleApplication@6819678b
reloadAllAccessors: .Uniform

===========================================================================================
----------------- testing Thu Mar 05 22:44:58 UTC 2020 /home/travis/build/icyphy/ptII/ptolemy/actor/lib/test/auto/UnionDisassemblerTest.xml
----------------- Instantiating /home/travis/build/icyphy/ptII/ptolemy/actor/lib/test/auto/UnionDisassemblerTest.xml
21 ms. Memory: 557056K Free: 481200K (86%)
----------------- Invoking toplevel() on ptolemy.moml.MoMLSimpleApplication@31aa94dd
----------------- Done invoking toplevel() on ptolemy.moml.MoMLSimpleApplication@31aa94dd
reloadAllAccessors: .UnionDisassemblerTest

===========================================================================================
----------------- testing Thu Mar 05 22:44:58 UTC 2020 /home/travis/build/icyphy/ptII/ptolemy/actor/lib/test/auto/UtilityFunctions.xml
----------------- Instantiating /home/travis/build/icyphy/ptII/ptolemy/actor/lib/test/auto/UtilityFunctions.xml
1 ms. Memory: 557056K Free: 477119K (86%)
----------------- Invoking toplevel() on ptolemy.moml.MoMLSimpleApplication@4d6c2f70
----------------- Done invoking toplevel() on ptolemy.moml.MoMLSimpleApplication@4d6c2f70
reloadAllAccessors: .UtilityFunctions

===========================================================================================
----------------- testing Thu Mar 05 22:44:58 UTC 2020 /home/travis/build/icyphy/ptII/ptolemy/actor/lib/test/auto/VariableSleep.xml
----------------- Instantiating /home/travis/build/icyphy/ptII/ptolemy/actor/lib/test/auto/VariableSleep.xml
503 ms. Memory: 557056K Free: 471999K (85%)
----------------- Invoking toplevel() on ptolemy.moml.MoMLSimpleApplication@47aa7edd
----------------- Done invoking toplevel() on ptolemy.moml.MoMLSimpleApplication@47aa7edd
reloadAllAccessors: .VariableSleep

===========================================================================================
----------------- testing Thu Mar 05 22:44:59 UTC 2020 /home/travis/build/icyphy/ptII/ptolemy/actor/lib/test/auto/VectorAssemblerDisassemblerCT.xml
----------------- Instantiating /home/travis/build/icyphy/ptII/ptolemy/actor/lib/test/auto/VectorAssemblerDisassemblerCT.xml
76 ms. Memory: 557056K Free: 451519K (81%)
----------------- Invoking toplevel() on ptolemy.moml.MoMLSimpleApplication@2946620
----------------- Done invoking toplevel() on ptolemy.moml.MoMLSimpleApplication@2946620
reloadAllAccessors: .VectorAssemblerDisassemblerCT

===========================================================================================
----------------- testing Thu Mar 05 22:44:59 UTC 2020 /home/travis/build/icyphy/ptII/ptolemy/actor/lib/test/auto/VectorAssemblerDisassemblerDE.xml
----------------- Instantiating /home/travis/build/icyphy/ptII/ptolemy/actor/lib/test/auto/VectorAssemblerDisassemblerDE.xml
3 ms. Memory: 557056K Free: 443841K (80%)
----------------- Invoking toplevel() on ptolemy.moml.MoMLSimpleApplication@247fedad
----------------- Done invoking toplevel() on ptolemy.moml.MoMLSimpleApplication@247fedad
reloadAllAccessors: .VectorAssemblerDisassemblerDE

===========================================================================================
----------------- testing Thu Mar 05 22:44:59 UTC 2020 /home/travis/build/icyphy/ptII/ptolemy/actor/lib/test/auto/VectorAssemblerDisassemblerSDF.xml
----------------- Instantiating /home/travis/build/icyphy/ptII/ptolemy/actor/lib/test/auto/VectorAssemblerDisassemblerSDF.xml
3 ms. Memory: 557056K Free: 437697K (79%)
----------------- Invoking toplevel() on ptolemy.moml.MoMLSimpleApplication@6930bc14
----------------- Done invoking toplevel() on ptolemy.moml.MoMLSimpleApplication@6930bc14
reloadAllAccessors: .VectorAssemblerDisassemblerSDF

===========================================================================================
----------------- testing Thu Mar 05 22:44:59 UTC 2020 /home/travis/build/icyphy/ptII/ptolemy/actor/lib/test/auto/WallClockTime.xml
----------------- Instantiating /home/travis/build/icyphy/ptII/ptolemy/actor/lib/test/auto/WallClockTime.xml
1005 ms. Memory: 557056K Free: 432577K (78%)
----------------- Invoking toplevel() on ptolemy.moml.MoMLSimpleApplication@2ecc197f
----------------- Done invoking toplevel() on ptolemy.moml.MoMLSimpleApplication@2ecc197f
reloadAllAccessors: .WallClockTime

===========================================================================================
----------------- testing Thu Mar 05 22:45:00 UTC 2020 /home/travis/build/icyphy/ptII/ptolemy/actor/lib/test/auto/WidthTestWithSubscriberPublisher.xml
----------------- Instantiating /home/travis/build/icyphy/ptII/ptolemy/actor/lib/test/auto/WidthTestWithSubscriberPublisher.xml
10 ms. Memory: 557056K Free: 414655K (74%)
----------------- Invoking toplevel() on ptolemy.moml.MoMLSimpleApplication@4b687f06
----------------- Done invoking toplevel() on ptolemy.moml.MoMLSimpleApplication@4b687f06
reloadAllAccessors: .WidthTestWithSubscriberPublisher

===========================================================================================
----------------- testing Thu Mar 05 22:45:00 UTC 2020 /home/travis/build/icyphy/ptII/ptolemy/actor/lib/test/auto/WidthTestWithSubscriberPublisher2.xml
----------------- Instantiating /home/travis/build/icyphy/ptII/ptolemy/actor/lib/test/auto/WidthTestWithSubscriberPublisher2.xml
4 ms. Memory: 557056K Free: 408511K (73%)
----------------- Invoking toplevel() on ptolemy.moml.MoMLSimpleApplication@72d7208c
----------------- Done invoking toplevel() on ptolemy.moml.MoMLSimpleApplication@72d7208c
reloadAllAccessors: .WidthTestWithSubscriberPublisher2

===========================================================================================
----------------- testing Thu Mar 05 22:45:00 UTC 2020 /home/travis/build/icyphy/ptII/ptolemy/actor/lib/test/auto/WidthTestWithSubscriberPublisher3.xml
----------------- Instantiating /home/travis/build/icyphy/ptII/ptolemy/actor/lib/test/auto/WidthTestWithSubscriberPublisher3.xml
2 ms. Memory: 557056K Free: 402881K (72%)
----------------- Invoking toplevel() on ptolemy.moml.MoMLSimpleApplication@4433c675
----------------- Done invoking toplevel() on ptolemy.moml.MoMLSimpleApplication@4433c675
reloadAllAccessors: .WidthTestWithSubscriberPublisher3

===========================================================================================
----------------- testing Thu Mar 05 22:45:00 UTC 2020 /home/travis/build/icyphy/ptII/ptolemy/actor/lib/test/auto/Writer.xml
----------------- Instantiating /home/travis/build/icyphy/ptII/ptolemy/actor/lib/test/auto/Writer.xml
0
1
2
3
4
1 ms. Memory: 557056K Free: 398256K (71%)
----------------- Invoking toplevel() on ptolemy.moml.MoMLSimpleApplication@2de6a8bc
----------------- Done invoking toplevel() on ptolemy.moml.MoMLSimpleApplication@2de6a8bc
reloadAllAccessors: .Writer

===========================================================================================
----------------- testing Thu Mar 05 22:45:00 UTC 2020 /home/travis/build/icyphy/ptII/ptolemy/actor/lib/test/auto/array.xml
----------------- Instantiating /home/travis/build/icyphy/ptII/ptolemy/actor/lib/test/auto/array.xml
2 ms. Memory: 557056K Free: 393665K (71%)
----------------- Invoking toplevel() on ptolemy.moml.MoMLSimpleApplication@14c3a233
----------------- Done invoking toplevel() on ptolemy.moml.MoMLSimpleApplication@14c3a233
reloadAllAccessors: .array

===========================================================================================
----------------- testing Thu Mar 05 22:45:00 UTC 2020 /home/travis/build/icyphy/ptII/ptolemy/actor/lib/test/auto/array2.xml
----------------- Instantiating /home/travis/build/icyphy/ptII/ptolemy/actor/lib/test/auto/array2.xml
4 ms. Memory: 557056K Free: 389040K (70%)
----------------- Invoking toplevel() on ptolemy.moml.MoMLSimpleApplication@6a425493
----------------- Done invoking toplevel() on ptolemy.moml.MoMLSimpleApplication@6a425493
reloadAllAccessors: .array2

===========================================================================================
----------------- testing Thu Mar 05 22:45:00 UTC 2020 /home/travis/build/icyphy/ptII/ptolemy/actor/lib/test/auto/arrayType.xml
----------------- Instantiating /home/travis/build/icyphy/ptII/ptolemy/actor/lib/test/auto/arrayType.xml
1 ms. Memory: 557056K Free: 383935K (69%)
----------------- Invoking toplevel() on ptolemy.moml.MoMLSimpleApplication@4836575d
----------------- Done invoking toplevel() on ptolemy.moml.MoMLSimpleApplication@4836575d
reloadAllAccessors: .arrayType

===========================================================================================
----------------- testing Thu Mar 05 22:45:00 UTC 2020 /home/travis/build/icyphy/ptII/ptolemy/actor/lib/test/auto/arrayType10.xml
----------------- Instantiating /home/travis/build/icyphy/ptII/ptolemy/actor/lib/test/auto/arrayType10.xml
1 ms. Memory: 557056K Free: 379329K (68%)
----------------- Invoking toplevel() on ptolemy.moml.MoMLSimpleApplication@2c382b9d
----------------- Done invoking toplevel() on ptolemy.moml.MoMLSimpleApplication@2c382b9d
reloadAllAccessors: .arrayType10

===========================================================================================
----------------- testing Thu Mar 05 22:45:00 UTC 2020 /home/travis/build/icyphy/ptII/ptolemy/actor/lib/test/auto/arrayType11.xml
----------------- Instantiating /home/travis/build/icyphy/ptII/ptolemy/actor/lib/test/auto/arrayType11.xml
1 ms. Memory: 557056K Free: 374209K (67%)
----------------- Invoking toplevel() on ptolemy.moml.MoMLSimpleApplication@1452d242
----------------- Done invoking toplevel() on ptolemy.moml.MoMLSimpleApplication@1452d242
reloadAllAccessors: .arrayType11

===========================================================================================
----------------- testing Thu Mar 05 22:45:00 UTC 2020 /home/travis/build/icyphy/ptII/ptolemy/actor/lib/test/auto/arrayType12.xml
----------------- Instantiating /home/travis/build/icyphy/ptII/ptolemy/actor/lib/test/auto/arrayType12.xml
1 ms. Memory: 557056K Free: 369089K (66%)
----------------- Invoking toplevel() on ptolemy.moml.MoMLSimpleApplication@42c2f0f6
----------------- Done invoking toplevel() on ptolemy.moml.MoMLSimpleApplication@42c2f0f6
reloadAllAccessors: .arrayType12

===========================================================================================
----------------- testing Thu Mar 05 22:45:00 UTC 2020 /home/travis/build/icyphy/ptII/ptolemy/actor/lib/test/auto/arrayType13.xml
----------------- Instantiating /home/travis/build/icyphy/ptII/ptolemy/actor/lib/test/auto/arrayType13.xml
1 ms. Memory: 557056K Free: 363969K (65%)
----------------- Invoking toplevel() on ptolemy.moml.MoMLSimpleApplication@22d43945
----------------- Done invoking toplevel() on ptolemy.moml.MoMLSimpleApplication@22d43945
reloadAllAccessors: .arrayType13

===========================================================================================
----------------- testing Thu Mar 05 22:45:00 UTC 2020 /home/travis/build/icyphy/ptII/ptolemy/actor/lib/test/auto/arrayType14.xml
----------------- Instantiating /home/travis/build/icyphy/ptII/ptolemy/actor/lib/test/auto/arrayType14.xml
4 ms. Memory: 557056K Free: 358849K (64%)
----------------- Invoking toplevel() on ptolemy.moml.MoMLSimpleApplication@646c10df
----------------- Done invoking toplevel() on ptolemy.moml.MoMLSimpleApplication@646c10df
reloadAllAccessors: .arrayType14

===========================================================================================
----------------- testing Thu Mar 05 22:45:00 UTC 2020 /home/travis/build/icyphy/ptII/ptolemy/actor/lib/test/auto/arrayType15.xml
----------------- Instantiating /home/travis/build/icyphy/ptII/ptolemy/actor/lib/test/auto/arrayType15.xml
3 ms. Memory: 557056K Free: 353729K (63%)
----------------- Invoking toplevel() on ptolemy.moml.MoMLSimpleApplication@71776a6a
----------------- Done invoking toplevel() on ptolemy.moml.MoMLSimpleApplication@71776a6a
reloadAllAccessors: .arrayType15

===========================================================================================
----------------- testing Thu Mar 05 22:45:00 UTC 2020 /home/travis/build/icyphy/ptII/ptolemy/actor/lib/test/auto/arrayType16.xml
----------------- Instantiating /home/travis/build/icyphy/ptII/ptolemy/actor/lib/test/auto/arrayType16.xml
1 ms. Memory: 557056K Free: 348095K (62%)
----------------- Invoking toplevel() on ptolemy.moml.MoMLSimpleApplication@1cd2da9f
----------------- Done invoking toplevel() on ptolemy.moml.MoMLSimpleApplication@1cd2da9f
reloadAllAccessors: .arrayType16

===========================================================================================
----------------- testing Thu Mar 05 22:45:00 UTC 2020 /home/travis/build/icyphy/ptII/ptolemy/actor/lib/test/auto/arrayType17.xml
----------------- Instantiating /home/travis/build/icyphy/ptII/ptolemy/actor/lib/test/auto/arrayType17.xml
1 ms. Memory: 557056K Free: 342975K (62%)
----------------- Invoking toplevel() on ptolemy.moml.MoMLSimpleApplication@4a068a4b
----------------- Done invoking toplevel() on ptolemy.moml.MoMLSimpleApplication@4a068a4b
reloadAllAccessors: .arrayType17

===========================================================================================
----------------- testing Thu Mar 05 22:45:00 UTC 2020 /home/travis/build/icyphy/ptII/ptolemy/actor/lib/test/auto/arrayType18.xml
----------------- Instantiating /home/travis/build/icyphy/ptII/ptolemy/actor/lib/test/auto/arrayType18.xml
1 ms. Memory: 557056K Free: 338369K (61%)
----------------- Invoking toplevel() on ptolemy.moml.MoMLSimpleApplication@37df46d5
----------------- Done invoking toplevel() on ptolemy.moml.MoMLSimpleApplication@37df46d5
reloadAllAccessors: .arrayType18

===========================================================================================
----------------- testing Thu Mar 05 22:45:00 UTC 2020 /home/travis/build/icyphy/ptII/ptolemy/actor/lib/test/auto/arrayType19.xml
----------------- Instantiating /home/travis/build/icyphy/ptII/ptolemy/actor/lib/test/auto/arrayType19.xml
1 ms. Memory: 557056K Free: 333759K (60%)
----------------- Invoking toplevel() on ptolemy.moml.MoMLSimpleApplication@77e54f7e
----------------- Done invoking toplevel() on ptolemy.moml.MoMLSimpleApplication@77e54f7e
reloadAllAccessors: .arrayType19

===========================================================================================
----------------- testing Thu Mar 05 22:45:00 UTC 2020 /home/travis/build/icyphy/ptII/ptolemy/actor/lib/test/auto/arrayType2.xml
----------------- Instantiating /home/travis/build/icyphy/ptII/ptolemy/actor/lib/test/auto/arrayType2.xml
1 ms. Memory: 557056K Free: 328639K (59%)
----------------- Invoking toplevel() on ptolemy.moml.MoMLSimpleApplication@3a8da35b
----------------- Done invoking toplevel() on ptolemy.moml.MoMLSimpleApplication@3a8da35b
reloadAllAccessors: .arrayType2

===========================================================================================
----------------- testing Thu Mar 05 22:45:00 UTC 2020 /home/travis/build/icyphy/ptII/ptolemy/actor/lib/test/auto/arrayType20.xml
----------------- Instantiating /home/travis/build/icyphy/ptII/ptolemy/actor/lib/test/auto/arrayType20.xml
1 ms. Memory: 557056K Free: 323519K (58%)
----------------- Invoking toplevel() on ptolemy.moml.MoMLSimpleApplication@4597d4d8
----------------- Done invoking toplevel() on ptolemy.moml.MoMLSimpleApplication@4597d4d8
reloadAllAccessors: .arrayType20

===========================================================================================
----------------- testing Thu Mar 05 22:45:00 UTC 2020 /home/travis/build/icyphy/ptII/ptolemy/actor/lib/test/auto/arrayType21.xml
----------------- Instantiating /home/travis/build/icyphy/ptII/ptolemy/actor/lib/test/auto/arrayType21.xml
2 ms. Memory: 557056K Free: 318913K (57%)
----------------- Invoking toplevel() on ptolemy.moml.MoMLSimpleApplication@7000a596
----------------- Done invoking toplevel() on ptolemy.moml.MoMLSimpleApplication@7000a596
reloadAllAccessors: .arrayType21

===========================================================================================
----------------- testing Thu Mar 05 22:45:00 UTC 2020 /home/travis/build/icyphy/ptII/ptolemy/actor/lib/test/auto/arrayType22.xml
----------------- Instantiating /home/travis/build/icyphy/ptII/ptolemy/actor/lib/test/auto/arrayType22.xml
2 ms. Memory: 557056K Free: 314303K (56%)
----------------- Invoking toplevel() on ptolemy.moml.MoMLSimpleApplication@503c574e
----------------- Done invoking toplevel() on ptolemy.moml.MoMLSimpleApplication@503c574e
reloadAllAccessors: .arrayType22

===========================================================================================
----------------- testing Thu Mar 05 22:45:00 UTC 2020 /home/travis/build/icyphy/ptII/ptolemy/actor/lib/test/auto/arrayType23.xml
----------------- Instantiating /home/travis/build/icyphy/ptII/ptolemy/actor/lib/test/auto/arrayType23.xml
1 ms. Memory: 557056K Free: 309697K (56%)
----------------- Invoking toplevel() on ptolemy.moml.MoMLSimpleApplication@ad7323a
----------------- Done invoking toplevel() on ptolemy.moml.MoMLSimpleApplication@ad7323a
reloadAllAccessors: .arrayType23

===========================================================================================
----------------- testing Thu Mar 05 22:45:00 UTC 2020 /home/travis/build/icyphy/ptII/ptolemy/actor/lib/test/auto/arrayType24.xml
----------------- Instantiating /home/travis/build/icyphy/ptII/ptolemy/actor/lib/test/auto/arrayType24.xml
2 ms. Memory: 557056K Free: 304577K (55%)
----------------- Invoking toplevel() on ptolemy.moml.MoMLSimpleApplication@4b9e8c11
----------------- Done invoking toplevel() on ptolemy.moml.MoMLSimpleApplication@4b9e8c11
reloadAllAccessors: .arrayType24

===========================================================================================
----------------- testing Thu Mar 05 22:45:00 UTC 2020 /home/travis/build/icyphy/ptII/ptolemy/actor/lib/test/auto/arrayType25.xml
----------------- Instantiating /home/travis/build/icyphy/ptII/ptolemy/actor/lib/test/auto/arrayType25.xml
2 ms. Memory: 557056K Free: 299457K (54%)
----------------- Invoking toplevel() on ptolemy.moml.MoMLSimpleApplication@45c4857
----------------- Done invoking toplevel() on ptolemy.moml.MoMLSimpleApplication@45c4857
reloadAllAccessors: .arrayType25

===========================================================================================
----------------- testing Thu Mar 05 22:45:00 UTC 2020 /home/travis/build/icyphy/ptII/ptolemy/actor/lib/test/auto/arrayType26.xml
----------------- Instantiating /home/travis/build/icyphy/ptII/ptolemy/actor/lib/test/auto/arrayType26.xml
1 ms. Memory: 557056K Free: 294337K (53%)
----------------- Invoking toplevel() on ptolemy.moml.MoMLSimpleApplication@771d7f39
----------------- Done invoking toplevel() on ptolemy.moml.MoMLSimpleApplication@771d7f39
reloadAllAccessors: .arrayType26

===========================================================================================
----------------- testing Thu Mar 05 22:45:00 UTC 2020 /home/travis/build/icyphy/ptII/ptolemy/actor/lib/test/auto/arrayType27.xml
----------------- Instantiating /home/travis/build/icyphy/ptII/ptolemy/actor/lib/test/auto/arrayType27.xml
1 ms. Memory: 557056K Free: 289217K (52%)
----------------- Invoking toplevel() on ptolemy.moml.MoMLSimpleApplication@645fbc6e
----------------- Done invoking toplevel() on ptolemy.moml.MoMLSimpleApplication@645fbc6e
reloadAllAccessors: .arrayType27

===========================================================================================
----------------- testing Thu Mar 05 22:45:00 UTC 2020 /home/travis/build/icyphy/ptII/ptolemy/actor/lib/test/auto/arrayType28.xml
----------------- Instantiating /home/travis/build/icyphy/ptII/ptolemy/actor/lib/test/auto/arrayType28.xml
1 ms. Memory: 557056K Free: 283583K (51%)
----------------- Invoking toplevel() on ptolemy.moml.MoMLSimpleApplication@195e25e1
----------------- Done invoking toplevel() on ptolemy.moml.MoMLSimpleApplication@195e25e1
reloadAllAccessors: .arrayType28

===========================================================================================
----------------- testing Thu Mar 05 22:45:00 UTC 2020 /home/travis/build/icyphy/ptII/ptolemy/actor/lib/test/auto/arrayType3.xml
----------------- Instantiating /home/travis/build/icyphy/ptII/ptolemy/actor/lib/test/auto/arrayType3.xml
2 ms. Memory: 557056K Free: 278463K (50%)
----------------- Invoking toplevel() on ptolemy.moml.MoMLSimpleApplication@66acf424
----------------- Done invoking toplevel() on ptolemy.moml.MoMLSimpleApplication@66acf424
reloadAllAccessors: .arrayType3

===========================================================================================
----------------- testing Thu Mar 05 22:45:00 UTC 2020 /home/travis/build/icyphy/ptII/ptolemy/actor/lib/test/auto/arrayType4.xml
----------------- Instantiating /home/travis/build/icyphy/ptII/ptolemy/actor/lib/test/auto/arrayType4.xml
1 ms. Memory: 557056K Free: 273343K (49%)
----------------- Invoking toplevel() on ptolemy.moml.MoMLSimpleApplication@3ff96297
----------------- Done invoking toplevel() on ptolemy.moml.MoMLSimpleApplication@3ff96297
reloadAllAccessors: .arrayType4

===========================================================================================
----------------- testing Thu Mar 05 22:45:00 UTC 2020 /home/travis/build/icyphy/ptII/ptolemy/actor/lib/test/auto/arrayType5.xml
----------------- Instantiating /home/travis/build/icyphy/ptII/ptolemy/actor/lib/test/auto/arrayType5.xml
1 ms. Memory: 557056K Free: 268223K (48%)
----------------- Invoking toplevel() on ptolemy.moml.MoMLSimpleApplication@4046e6
----------------- Done invoking toplevel() on ptolemy.moml.MoMLSimpleApplication@4046e6
reloadAllAccessors: .arrayType5

===========================================================================================
----------------- testing Thu Mar 05 22:45:00 UTC 2020 /home/travis/build/icyphy/ptII/ptolemy/actor/lib/test/auto/arrayType6.xml
----------------- Instantiating /home/travis/build/icyphy/ptII/ptolemy/actor/lib/test/auto/arrayType6.xml
1 ms. Memory: 557056K Free: 263103K (47%)
----------------- Invoking toplevel() on ptolemy.moml.MoMLSimpleApplication@21021541
----------------- Done invoking toplevel() on ptolemy.moml.MoMLSimpleApplication@21021541
reloadAllAccessors: .arrayType6

===========================================================================================
----------------- testing Thu Mar 05 22:45:00 UTC 2020 /home/travis/build/icyphy/ptII/ptolemy/actor/lib/test/auto/arrayType7.xml
----------------- Instantiating /home/travis/build/icyphy/ptII/ptolemy/actor/lib/test/auto/arrayType7.xml
1 ms. Memory: 557056K Free: 258497K (46%)
----------------- Invoking toplevel() on ptolemy.moml.MoMLSimpleApplication@5987098e
----------------- Done invoking toplevel() on ptolemy.moml.MoMLSimpleApplication@5987098e
reloadAllAccessors: .arrayType7

===========================================================================================
----------------- testing Thu Mar 05 22:45:00 UTC 2020 /home/travis/build/icyphy/ptII/ptolemy/actor/lib/test/auto/arrayType8.xml
----------------- Instantiating /home/travis/build/icyphy/ptII/ptolemy/actor/lib/test/auto/arrayType8.xml
7 ms. Memory: 557056K Free: 253887K (46%)
----------------- Invoking toplevel() on ptolemy.moml.MoMLSimpleApplication@3637b3b6
----------------- Done invoking toplevel() on ptolemy.moml.MoMLSimpleApplication@3637b3b6
reloadAllAccessors: .arrayType8

===========================================================================================
----------------- testing Thu Mar 05 22:45:00 UTC 2020 /home/travis/build/icyphy/ptII/ptolemy/actor/lib/test/auto/arrayType9.xml
----------------- Instantiating /home/travis/build/icyphy/ptII/ptolemy/actor/lib/test/auto/arrayType9.xml
1 ms. Memory: 557056K Free: 249281K (45%)
----------------- Invoking toplevel() on ptolemy.moml.MoMLSimpleApplication@35743a17
----------------- Done invoking toplevel() on ptolemy.moml.MoMLSimpleApplication@35743a17
reloadAllAccessors: .arrayType9

===========================================================================================
----------------- testing Thu Mar 05 22:45:00 UTC 2020 /home/travis/build/icyphy/ptII/ptolemy/actor/lib/test/auto/cast.xml
----------------- Instantiating /home/travis/build/icyphy/ptII/ptolemy/actor/lib/test/auto/cast.xml
11 ms. Memory: 557056K Free: 244161K (44%)
----------------- Invoking toplevel() on ptolemy.moml.MoMLSimpleApplication@73b4e34e
----------------- Done invoking toplevel() on ptolemy.moml.MoMLSimpleApplication@73b4e34e
reloadAllAccessors: .cast

===========================================================================================
----------------- testing Thu Mar 05 22:45:00 UTC 2020 /home/travis/build/icyphy/ptII/ptolemy/actor/lib/test/auto/compositeMultiPort.xml
----------------- Instantiating /home/travis/build/icyphy/ptII/ptolemy/actor/lib/test/auto/compositeMultiPort.xml
3 ms. Memory: 557056K Free: 235448K (42%)
----------------- Invoking toplevel() on ptolemy.moml.MoMLSimpleApplication@32f3179c
----------------- Done invoking toplevel() on ptolemy.moml.MoMLSimpleApplication@32f3179c
reloadAllAccessors: .compositeMultiPort

===========================================================================================
----------------- testing Thu Mar 05 22:45:00 UTC 2020 /home/travis/build/icyphy/ptII/ptolemy/actor/lib/test/auto/expressionCastInference.xml
----------------- Instantiating /home/travis/build/icyphy/ptII/ptolemy/actor/lib/test/auto/expressionCastInference.xml
3 ms. Memory: 557056K Free: 230849K (41%)
----------------- Invoking toplevel() on ptolemy.moml.MoMLSimpleApplication@63d136fc
----------------- Done invoking toplevel() on ptolemy.moml.MoMLSimpleApplication@63d136fc
reloadAllAccessors: .expressionCastInference

===========================================================================================
----------------- testing Thu Mar 05 22:45:00 UTC 2020 /home/travis/build/icyphy/ptII/ptolemy/actor/lib/test/auto/expressionCastInference2.xml
----------------- Instantiating /home/travis/build/icyphy/ptII/ptolemy/actor/lib/test/auto/expressionCastInference2.xml
1 ms. Memory: 557056K Free: 226239K (41%)
----------------- Invoking toplevel() on ptolemy.moml.MoMLSimpleApplication@ccd8d65
----------------- Done invoking toplevel() on ptolemy.moml.MoMLSimpleApplication@ccd8d65
reloadAllAccessors: .expressionCastInference2

===========================================================================================
----------------- testing Thu Mar 05 22:45:00 UTC 2020 /home/travis/build/icyphy/ptII/ptolemy/actor/lib/test/auto/expressionInference.xml
----------------- Instantiating /home/travis/build/icyphy/ptII/ptolemy/actor/lib/test/auto/expressionInference.xml
1 ms. Memory: 557056K Free: 221119K (40%)
----------------- Invoking toplevel() on ptolemy.moml.MoMLSimpleApplication@4cc04a47
----------------- Done invoking toplevel() on ptolemy.moml.MoMLSimpleApplication@4cc04a47
reloadAllAccessors: .expressionInference

===========================================================================================
----------------- testing Thu Mar 05 22:45:00 UTC 2020 /home/travis/build/icyphy/ptII/ptolemy/actor/lib/test/auto/expression_bug.xml
----------------- Instantiating /home/travis/build/icyphy/ptII/ptolemy/actor/lib/test/auto/expression_bug.xml
1 ms. Memory: 557056K Free: 217023K (39%)
----------------- Invoking toplevel() on ptolemy.moml.MoMLSimpleApplication@4c77dc6f
----------------- Done invoking toplevel() on ptolemy.moml.MoMLSimpleApplication@4c77dc6f
reloadAllAccessors: .expression_bug

===========================================================================================
----------------- testing Thu Mar 05 22:45:00 UTC 2020 /home/travis/build/icyphy/ptII/ptolemy/actor/lib/test/auto/factorial.xml
----------------- Instantiating /home/travis/build/icyphy/ptII/ptolemy/actor/lib/test/auto/factorial.xml
24 ms. Memory: 557056K Free: 208321K (37%)
----------------- Invoking toplevel() on ptolemy.moml.MoMLSimpleApplication@2fc14a51
----------------- Done invoking toplevel() on ptolemy.moml.MoMLSimpleApplication@2fc14a51
reloadAllAccessors: .factorial

===========================================================================================
----------------- testing Thu Mar 05 22:45:00 UTC 2020 /home/travis/build/icyphy/ptII/ptolemy/actor/lib/test/auto/filterTest1.xml
----------------- Instantiating /home/travis/build/icyphy/ptII/ptolemy/actor/lib/test/auto/filterTest1.xml
3 ms. Memory: 557056K Free: 202177K (36%)
----------------- Invoking toplevel() on ptolemy.moml.MoMLSimpleApplication@70564df0
----------------- Done invoking toplevel() on ptolemy.moml.MoMLSimpleApplication@70564df0
reloadAllAccessors: .filterTest1

===========================================================================================
----------------- testing Thu Mar 05 22:45:00 UTC 2020 /home/travis/build/icyphy/ptII/ptolemy/actor/lib/test/auto/funcApplyInConst.xml
----------------- Instantiating /home/travis/build/icyphy/ptII/ptolemy/actor/lib/test/auto/funcApplyInConst.xml
0 ms. Memory: 557056K Free: 198591K (36%)
----------------- Invoking toplevel() on ptolemy.moml.MoMLSimpleApplication@687ffd6f
----------------- Done invoking toplevel() on ptolemy.moml.MoMLSimpleApplication@687ffd6f
reloadAllAccessors: .funcApplyInConst

===========================================================================================
----------------- testing Thu Mar 05 22:45:00 UTC 2020 /home/travis/build/icyphy/ptII/ptolemy/actor/lib/test/auto/funcApplyInExpr.xml
----------------- Instantiating /home/travis/build/icyphy/ptII/ptolemy/actor/lib/test/auto/funcApplyInExpr.xml
2 ms. Memory: 557056K Free: 195009K (35%)
----------------- Invoking toplevel() on ptolemy.moml.MoMLSimpleApplication@654944dd
----------------- Done invoking toplevel() on ptolemy.moml.MoMLSimpleApplication@654944dd
reloadAllAccessors: .funcApplyInExpr

===========================================================================================
----------------- testing Thu Mar 05 22:45:00 UTC 2020 /home/travis/build/icyphy/ptII/ptolemy/actor/lib/test/auto/function.xml
----------------- Instantiating /home/travis/build/icyphy/ptII/ptolemy/actor/lib/test/auto/function.xml
2 ms. Memory: 557056K Free: 190399K (34%)
----------------- Invoking toplevel() on ptolemy.moml.MoMLSimpleApplication@7704d2e9
----------------- Done invoking toplevel() on ptolemy.moml.MoMLSimpleApplication@7704d2e9
reloadAllAccessors: .function

===========================================================================================
----------------- testing Thu Mar 05 22:45:00 UTC 2020 /home/travis/build/icyphy/ptII/ptolemy/actor/lib/test/auto/function2.xml
----------------- Instantiating /home/travis/build/icyphy/ptII/ptolemy/actor/lib/test/auto/function2.xml
3 ms. Memory: 557056K Free: 185279K (33%)
----------------- Invoking toplevel() on ptolemy.moml.MoMLSimpleApplication@3e72752d
----------------- Done invoking toplevel() on ptolemy.moml.MoMLSimpleApplication@3e72752d
reloadAllAccessors: .function2

===========================================================================================
----------------- testing Thu Mar 05 22:45:00 UTC 2020 /home/travis/build/icyphy/ptII/ptolemy/actor/lib/test/auto/function3.xml
----------------- Instantiating /home/travis/build/icyphy/ptII/ptolemy/actor/lib/test/auto/function3.xml
2 ms. Memory: 557056K Free: 181697K (33%)
----------------- Invoking toplevel() on ptolemy.moml.MoMLSimpleApplication@135e10a1
----------------- Done invoking toplevel() on ptolemy.moml.MoMLSimpleApplication@135e10a1
reloadAllAccessors: .function3

===========================================================================================
----------------- testing Thu Mar 05 22:45:01 UTC 2020 /home/travis/build/icyphy/ptII/ptolemy/actor/lib/test/auto/functionClosureTest1.xml
----------------- Instantiating /home/travis/build/icyphy/ptII/ptolemy/actor/lib/test/auto/functionClosureTest1.xml
2 ms. Memory: 557056K Free: 176048K (32%)
----------------- Invoking toplevel() on ptolemy.moml.MoMLSimpleApplication@16523b7
----------------- Done invoking toplevel() on ptolemy.moml.MoMLSimpleApplication@16523b7
reloadAllAccessors: .functionClosureTest1

===========================================================================================
----------------- testing Thu Mar 05 22:45:01 UTC 2020 /home/travis/build/icyphy/ptII/ptolemy/actor/lib/test/auto/functionClosureTest2.xml
----------------- Instantiating /home/travis/build/icyphy/ptII/ptolemy/actor/lib/test/auto/functionClosureTest2.xml
1 ms. Memory: 557056K Free: 498688K (90%)
----------------- Invoking toplevel() on ptolemy.moml.MoMLSimpleApplication@32a88f30
----------------- Done invoking toplevel() on ptolemy.moml.MoMLSimpleApplication@32a88f30
reloadAllAccessors: .functionClosureTest2

===========================================================================================
----------------- testing Thu Mar 05 22:45:01 UTC 2020 /home/travis/build/icyphy/ptII/ptolemy/actor/lib/test/auto/functionClosureTest3.xml
----------------- Instantiating /home/travis/build/icyphy/ptII/ptolemy/actor/lib/test/auto/functionClosureTest3.xml
2 ms. Memory: 557056K Free: 493568K (89%)
----------------- Invoking toplevel() on ptolemy.moml.MoMLSimpleApplication@2053d37
----------------- Done invoking toplevel() on ptolemy.moml.MoMLSimpleApplication@2053d37
reloadAllAccessors: .functionClosureTest3

===========================================================================================
----------------- testing Thu Mar 05 22:45:01 UTC 2020 /home/travis/build/icyphy/ptII/ptolemy/actor/lib/test/auto/functionClosureTest4.xml
----------------- Instantiating /home/travis/build/icyphy/ptII/ptolemy/actor/lib/test/auto/functionClosureTest4.xml
4 ms. Memory: 557056K Free: 487424K (88%)
----------------- Invoking toplevel() on ptolemy.moml.MoMLSimpleApplication@46eca0ce
----------------- Done invoking toplevel() on ptolemy.moml.MoMLSimpleApplication@46eca0ce
reloadAllAccessors: .functionClosureTest4

===========================================================================================
----------------- testing Thu Mar 05 22:45:01 UTC 2020 /home/travis/build/icyphy/ptII/ptolemy/actor/lib/test/auto/functionClosureTest5.xml
----------------- Instantiating /home/travis/build/icyphy/ptII/ptolemy/actor/lib/test/auto/functionClosureTest5.xml
4 ms. Memory: 557056K Free: 481759K (86%)
----------------- Invoking toplevel() on ptolemy.moml.MoMLSimpleApplication@7db71b28
----------------- Done invoking toplevel() on ptolemy.moml.MoMLSimpleApplication@7db71b28
reloadAllAccessors: .functionClosureTest5

===========================================================================================
----------------- testing Thu Mar 05 22:45:01 UTC 2020 /home/travis/build/icyphy/ptII/ptolemy/actor/lib/test/auto/functionClosureTest6.xml
----------------- Instantiating /home/travis/build/icyphy/ptII/ptolemy/actor/lib/test/auto/functionClosureTest6.xml
2 ms. Memory: 557056K Free: 477184K (86%)
----------------- Invoking toplevel() on ptolemy.moml.MoMLSimpleApplication@b5bea21
----------------- Done invoking toplevel() on ptolemy.moml.MoMLSimpleApplication@b5bea21
reloadAllAccessors: .functionClosureTest6

===========================================================================================
----------------- testing Thu Mar 05 22:45:01 UTC 2020 /home/travis/build/icyphy/ptII/ptolemy/actor/lib/test/auto/functionsOnArcs.xml
----------------- Instantiating /home/travis/build/icyphy/ptII/ptolemy/actor/lib/test/auto/functionsOnArcs.xml
2 ms. Memory: 557056K Free: 472064K (85%)
----------------- Invoking toplevel() on ptolemy.moml.MoMLSimpleApplication@6a38c32b
----------------- Done invoking toplevel() on ptolemy.moml.MoMLSimpleApplication@6a38c32b
reloadAllAccessors: .functionsOnArcs

===========================================================================================
----------------- testing Thu Mar 05 22:45:01 UTC 2020 /home/travis/build/icyphy/ptII/ptolemy/actor/lib/test/auto/functionsOnArcsHOF.xml
----------------- Instantiating /home/travis/build/icyphy/ptII/ptolemy/actor/lib/test/auto/functionsOnArcsHOF.xml
3 ms. Memory: 557056K Free: 465920K (84%)
----------------- Invoking toplevel() on ptolemy.moml.MoMLSimpleApplication@3e4927a2
----------------- Done invoking toplevel() on ptolemy.moml.MoMLSimpleApplication@3e4927a2
reloadAllAccessors: .functionsOnArcsHOF

===========================================================================================
----------------- testing Thu Mar 05 22:45:01 UTC 2020 /home/travis/build/icyphy/ptII/ptolemy/actor/lib/test/auto/logic.xml
----------------- Instantiating /home/travis/build/icyphy/ptII/ptolemy/actor/lib/test/auto/logic.xml
2 ms. Memory: 557056K Free: 458752K (82%)
----------------- Invoking toplevel() on ptolemy.moml.MoMLSimpleApplication@d58f3c2
----------------- Done invoking toplevel() on ptolemy.moml.MoMLSimpleApplication@d58f3c2
reloadAllAccessors: .logic

===========================================================================================
----------------- testing Thu Mar 05 22:45:01 UTC 2020 /home/travis/build/icyphy/ptII/ptolemy/actor/lib/test/auto/matrixType.xml
----------------- Instantiating /home/travis/build/icyphy/ptII/ptolemy/actor/lib/test/auto/matrixType.xml
1 ms. Memory: 557056K Free: 454142K (82%)
----------------- Invoking toplevel() on ptolemy.moml.MoMLSimpleApplication@467b9d4d
----------------- Done invoking toplevel() on ptolemy.moml.MoMLSimpleApplication@467b9d4d
reloadAllAccessors: .matrixType

===========================================================================================
----------------- testing Thu Mar 05 22:45:01 UTC 2020 /home/travis/build/icyphy/ptII/ptolemy/actor/lib/test/auto/matrixType10.xml
----------------- Instantiating /home/travis/build/icyphy/ptII/ptolemy/actor/lib/test/auto/matrixType10.xml
2 ms. Memory: 557056K Free: 449022K (81%)
----------------- Invoking toplevel() on ptolemy.moml.MoMLSimpleApplication@50893b15
----------------- Done invoking toplevel() on ptolemy.moml.MoMLSimpleApplication@50893b15
reloadAllAccessors: .matrixType10

===========================================================================================
----------------- testing Thu Mar 05 22:45:01 UTC 2020 /home/travis/build/icyphy/ptII/ptolemy/actor/lib/test/auto/matrixType11.xml
----------------- Instantiating /home/travis/build/icyphy/ptII/ptolemy/actor/lib/test/auto/matrixType11.xml
1 ms. Memory: 557056K Free: 444416K (80%)
----------------- Invoking toplevel() on ptolemy.moml.MoMLSimpleApplication@2045a81
----------------- Done invoking toplevel() on ptolemy.moml.MoMLSimpleApplication@2045a81
reloadAllAccessors: .matrixType11

===========================================================================================
----------------- testing Thu Mar 05 22:45:01 UTC 2020 /home/travis/build/icyphy/ptII/ptolemy/actor/lib/test/auto/matrixType12.xml
----------------- Instantiating /home/travis/build/icyphy/ptII/ptolemy/actor/lib/test/auto/matrixType12.xml
2 ms. Memory: 557056K Free: 439806K (79%)
----------------- Invoking toplevel() on ptolemy.moml.MoMLSimpleApplication@4af52452
----------------- Done invoking toplevel() on ptolemy.moml.MoMLSimpleApplication@4af52452
reloadAllAccessors: .matrixType12

===========================================================================================
----------------- testing Thu Mar 05 22:45:01 UTC 2020 /home/travis/build/icyphy/ptII/ptolemy/actor/lib/test/auto/matrixType13.xml
----------------- Instantiating /home/travis/build/icyphy/ptII/ptolemy/actor/lib/test/auto/matrixType13.xml
1 ms. Memory: 557056K Free: 434686K (78%)
----------------- Invoking toplevel() on ptolemy.moml.MoMLSimpleApplication@2205ab39
----------------- Done invoking toplevel() on ptolemy.moml.MoMLSimpleApplication@2205ab39
reloadAllAccessors: .matrixType13

===========================================================================================
----------------- testing Thu Mar 05 22:45:01 UTC 2020 /home/travis/build/icyphy/ptII/ptolemy/actor/lib/test/auto/matrixType14.xml
----------------- Instantiating /home/travis/build/icyphy/ptII/ptolemy/actor/lib/test/auto/matrixType14.xml
2 ms. Memory: 557056K Free: 429566K (77%)
----------------- Invoking toplevel() on ptolemy.moml.MoMLSimpleApplication@4adc37a1
----------------- Done invoking toplevel() on ptolemy.moml.MoMLSimpleApplication@4adc37a1
reloadAllAccessors: .matrixType14

===========================================================================================
----------------- testing Thu Mar 05 22:45:01 UTC 2020 /home/travis/build/icyphy/ptII/ptolemy/actor/lib/test/auto/matrixType2.xml
----------------- Instantiating /home/travis/build/icyphy/ptII/ptolemy/actor/lib/test/auto/matrixType2.xml
1 ms. Memory: 557056K Free: 424431K (76%)
----------------- Invoking toplevel() on ptolemy.moml.MoMLSimpleApplication@30741d32
----------------- Done invoking toplevel() on ptolemy.moml.MoMLSimpleApplication@30741d32
reloadAllAccessors: .matrixType2

===========================================================================================
----------------- testing Thu Mar 05 22:45:01 UTC 2020 /home/travis/build/icyphy/ptII/ptolemy/actor/lib/test/auto/matrixType3.xml
----------------- Instantiating /home/travis/build/icyphy/ptII/ptolemy/actor/lib/test/auto/matrixType3.xml
1 ms. Memory: 557056K Free: 419326K (75%)
----------------- Invoking toplevel() on ptolemy.moml.MoMLSimpleApplication@22eb3775
----------------- Done invoking toplevel() on ptolemy.moml.MoMLSimpleApplication@22eb3775
reloadAllAccessors: .matrixType3

===========================================================================================
----------------- testing Thu Mar 05 22:45:01 UTC 2020 /home/travis/build/icyphy/ptII/ptolemy/actor/lib/test/auto/matrixType4.xml
----------------- Instantiating /home/travis/build/icyphy/ptII/ptolemy/actor/lib/test/auto/matrixType4.xml
1 ms. Memory: 557056K Free: 414720K (74%)
----------------- Invoking toplevel() on ptolemy.moml.MoMLSimpleApplication@4e4b015c
----------------- Done invoking toplevel() on ptolemy.moml.MoMLSimpleApplication@4e4b015c
reloadAllAccessors: .matrixType4

===========================================================================================
----------------- testing Thu Mar 05 22:45:01 UTC 2020 /home/travis/build/icyphy/ptII/ptolemy/actor/lib/test/auto/matrixType5.xml
----------------- Instantiating /home/travis/build/icyphy/ptII/ptolemy/actor/lib/test/auto/matrixType5.xml
2 ms. Memory: 557056K Free: 410110K (74%)
----------------- Invoking toplevel() on ptolemy.moml.MoMLSimpleApplication@5181ebf2
----------------- Done invoking toplevel() on ptolemy.moml.MoMLSimpleApplication@5181ebf2
reloadAllAccessors: .matrixType5

===========================================================================================
----------------- testing Thu Mar 05 22:45:01 UTC 2020 /home/travis/build/icyphy/ptII/ptolemy/actor/lib/test/auto/matrixType6.xml
----------------- Instantiating /home/travis/build/icyphy/ptII/ptolemy/actor/lib/test/auto/matrixType6.xml
1 ms. Memory: 557056K Free: 404990K (73%)
----------------- Invoking toplevel() on ptolemy.moml.MoMLSimpleApplication@79f5c9ab
----------------- Done invoking toplevel() on ptolemy.moml.MoMLSimpleApplication@79f5c9ab
reloadAllAccessors: .matrixType6

===========================================================================================
----------------- testing Thu Mar 05 22:45:01 UTC 2020 /home/travis/build/icyphy/ptII/ptolemy/actor/lib/test/auto/matrixType7.xml
----------------- Instantiating /home/travis/build/icyphy/ptII/ptolemy/actor/lib/test/auto/matrixType7.xml
1 ms. Memory: 557056K Free: 400384K (72%)
----------------- Invoking toplevel() on ptolemy.moml.MoMLSimpleApplication@5f691da0
----------------- Done invoking toplevel() on ptolemy.moml.MoMLSimpleApplication@5f691da0
reloadAllAccessors: .matrixType7

===========================================================================================
----------------- testing Thu Mar 05 22:45:01 UTC 2020 /home/travis/build/icyphy/ptII/ptolemy/actor/lib/test/auto/matrixType8.xml
----------------- Instantiating /home/travis/build/icyphy/ptII/ptolemy/actor/lib/test/auto/matrixType8.xml
2 ms. Memory: 557056K Free: 395774K (71%)
----------------- Invoking toplevel() on ptolemy.moml.MoMLSimpleApplication@cc8148a
----------------- Done invoking toplevel() on ptolemy.moml.MoMLSimpleApplication@cc8148a
reloadAllAccessors: .matrixType8

===========================================================================================
----------------- testing Thu Mar 05 22:45:01 UTC 2020 /home/travis/build/icyphy/ptII/ptolemy/actor/lib/test/auto/matrixType9.xml
----------------- Instantiating /home/travis/build/icyphy/ptII/ptolemy/actor/lib/test/auto/matrixType9.xml
2 ms. Memory: 557056K Free: 390654K (70%)
----------------- Invoking toplevel() on ptolemy.moml.MoMLSimpleApplication@530a007a
----------------- Done invoking toplevel() on ptolemy.moml.MoMLSimpleApplication@530a007a
reloadAllAccessors: .matrixType9

===========================================================================================
----------------- testing Thu Mar 05 22:45:01 UTC 2020 /home/travis/build/icyphy/ptII/ptolemy/actor/lib/test/auto/paraFunctest.xml
----------------- Instantiating /home/travis/build/icyphy/ptII/ptolemy/actor/lib/test/auto/paraFunctest.xml
2 ms. Memory: 557056K Free: 387072K (69%)
----------------- Invoking toplevel() on ptolemy.moml.MoMLSimpleApplication@bf7daae
----------------- Done invoking toplevel() on ptolemy.moml.MoMLSimpleApplication@bf7daae
reloadAllAccessors: .paraFunctest

===========================================================================================
----------------- testing Thu Mar 05 22:45:01 UTC 2020 /home/travis/build/icyphy/ptII/ptolemy/actor/lib/test/auto/paraFunctest2.xml
----------------- Instantiating /home/travis/build/icyphy/ptII/ptolemy/actor/lib/test/auto/paraFunctest2.xml
2 ms. Memory: 557056K Free: 382462K (69%)
----------------- Invoking toplevel() on ptolemy.moml.MoMLSimpleApplication@5ae0d869
----------------- Done invoking toplevel() on ptolemy.moml.MoMLSimpleApplication@5ae0d869
reloadAllAccessors: .paraFunctest2

===========================================================================================
----------------- testing Thu Mar 05 22:45:01 UTC 2020 /home/travis/build/icyphy/ptII/ptolemy/actor/lib/test/auto/parameterPassing.xml
----------------- Instantiating /home/travis/build/icyphy/ptII/ptolemy/actor/lib/test/auto/parameterPassing.xml
1 ms. Memory: 557056K Free: 378366K (68%)
----------------- Invoking toplevel() on ptolemy.moml.MoMLSimpleApplication@547b83d9
----------------- Done invoking toplevel() on ptolemy.moml.MoMLSimpleApplication@547b83d9
reloadAllAccessors: .parameterPassing

===========================================================================================
----------------- testing Thu Mar 05 22:45:01 UTC 2020 /home/travis/build/icyphy/ptII/ptolemy/actor/lib/test/auto/record.xml
----------------- Instantiating /home/travis/build/icyphy/ptII/ptolemy/actor/lib/test/auto/record.xml
3 ms. Memory: 557056K Free: 373760K (67%)
----------------- Invoking toplevel() on ptolemy.moml.MoMLSimpleApplication@383f96c2
----------------- Done invoking toplevel() on ptolemy.moml.MoMLSimpleApplication@383f96c2
reloadAllAccessors: .record

===========================================================================================
----------------- testing Thu Mar 05 22:45:01 UTC 2020 /home/travis/build/icyphy/ptII/ptolemy/actor/lib/test/auto/sizedarray1.xml
----------------- Instantiating /home/travis/build/icyphy/ptII/ptolemy/actor/lib/test/auto/sizedarray1.xml
1 ms. Memory: 557056K Free: 368126K (66%)
----------------- Invoking toplevel() on ptolemy.moml.MoMLSimpleApplication@11bc0bd9
----------------- Done invoking toplevel() on ptolemy.moml.MoMLSimpleApplication@11bc0bd9
reloadAllAccessors: .sizedarray1

===========================================================================================
----------------- testing Thu Mar 05 22:45:01 UTC 2020 /home/travis/build/icyphy/ptII/ptolemy/actor/lib/test/auto/sizedarray2.xml
----------------- Instantiating /home/travis/build/icyphy/ptII/ptolemy/actor/lib/test/auto/sizedarray2.xml
3 ms. Memory: 557056K Free: 362496K (65%)
----------------- Invoking toplevel() on ptolemy.moml.MoMLSimpleApplication@3e442ec5
----------------- Done invoking toplevel() on ptolemy.moml.MoMLSimpleApplication@3e442ec5
reloadAllAccessors: .sizedarray2

===========================================================================================
----------------- testing Thu Mar 05 22:45:01 UTC 2020 /home/travis/build/icyphy/ptII/ptolemy/actor/lib/test/auto/twoPublishers.xml
----------------- Instantiating /home/travis/build/icyphy/ptII/ptolemy/actor/lib/test/auto/twoPublishers.xml
6 ms. Memory: 557056K Free: 352256K (63%)
----------------- Invoking toplevel() on ptolemy.moml.MoMLSimpleApplication@6484b758
----------------- Done invoking toplevel() on ptolemy.moml.MoMLSimpleApplication@6484b758
reloadAllAccessors: .twoPublishers
AutoTests.java: About to close Vertx.
AutoTests.java: Vertx closed.
]]></system-out>
  <system-err><![CDATA[java.lang.RuntimeException: Execution failed
	at ptolemy.moml.MoMLSimpleApplication$UnloadThread.run(MoMLSimpleApplication.java:402)
Caused by: java.lang.RuntimeException: StringUtilities.exit() was called. Normally, we would exit here because Manager.exitAfterWrapup() was called.  However, because the ptolemy.ptII.exitAfterWrapup property is set, we throw this exception instead.
	at ptolemy.util.StringUtilities.exit(StringUtilities.java:365)
	at ptolemy.actor.Manager.wrapup(Manager.java:1549)
	at ptolemy.actor.Manager.execute(Manager.java:407)
	at ptolemy.actor.Manager.run(Manager.java:1263)
	at ptolemy.actor.Manager$PtolemyRunThread.run(Manager.java:1933)
Warning: '.top.test' is in training mode, set the trainingMode parameter to false before checking in
Warning: '.top.test' is in training mode, set the trainingMode parameter to false before checking in
Warning: '.top.test' is in training mode, set the trainingMode parameter to false before checking in
Warning: '.BooleanSwitch_RegressionTest_WrongTrainingValues.Test' is in training mode, set the trainingMode parameter to false before checking in
Warning: '.BooleanSwitch_RegressionTest_WrongTrainingValues.Test2' is in training mode, set the trainingMode parameter to false before checking in
Warning: '.BooleanSwitch_RegressionTest_WrongTrainingValues.Test2' The test produced 0 tokens.
Warning: '.top.testExceptionHandler' is in training mode, set the trainingMode parameter to false before checking in
java.lang.RuntimeException: Execution failed
	at ptolemy.moml.MoMLSimpleApplication$UnloadThread.run(MoMLSimpleApplication.java:402)
Caused by: ptolemy.kernel.util.IllegalActionException: PublisherPorts cannot be used at the top level, use a Publisher actor instead.
  in .PublisherPortToplevelSubscriber.PublisherPort
	at ptolemy.actor.PublisherPort.preinitialize(PublisherPort.java:403)
	at ptolemy.actor.CompositeActor.preinitialize(CompositeActor.java:1769)
	at ptolemy.actor.Manager.preinitializeAndResolveTypes(Manager.java:1040)
	at ptolemy.actor.Manager.initialize(Manager.java:710)
	at ptolemy.actor.Manager.execute(Manager.java:356)
	at ptolemy.actor.Manager.run(Manager.java:1263)
	at ptolemy.actor.Manager$PtolemyRunThread.run(Manager.java:1933)
java.lang.reflect.InvocationTargetException
	at java.base/jdk.internal.reflect.NativeConstructorAccessorImpl.newInstance0(Native Method)
	at java.base/jdk.internal.reflect.NativeConstructorAccessorImpl.newInstance(NativeConstructorAccessorImpl.java:62)
	at java.base/jdk.internal.reflect.DelegatingConstructorAccessorImpl.newInstance(DelegatingConstructorAccessorImpl.java:45)
	at java.base/java.lang.reflect.Constructor.newInstance(Constructor.java:490)
	at ptolemy.util.test.junit.AutoKnownFailedTests.RunModel(AutoKnownFailedTests.java:105)
	at java.base/jdk.internal.reflect.NativeMethodAccessorImpl.invoke0(Native Method)
	at java.base/jdk.internal.reflect.NativeMethodAccessorImpl.invoke(NativeMethodAccessorImpl.java:62)
	at java.base/jdk.internal.reflect.DelegatingMethodAccessorImpl.invoke(DelegatingMethodAccessorImpl.java:43)
	at java.base/java.lang.reflect.Method.invoke(Method.java:566)
	at org.junit.runners.model.FrameworkMethod$1.runReflectiveCall(FrameworkMethod.java:44)
	at org.junit.internal.runners.model.ReflectiveCallable.run(ReflectiveCallable.java:15)
	at org.junit.runners.model.FrameworkMethod.invokeExplosively(FrameworkMethod.java:41)
	at junitparams.internal.InvokeParameterisedMethod.evaluate(InvokeParameterisedMethod.java:102)
	at org.junit.internal.runners.statements.FailOnTimeout$1.run(FailOnTimeout.java:28)
Caused by: ptolemy.kernel.util.IllegalActionException: PublisherPorts cannot be used at the top level, use a Publisher actor instead.
  in .PublisherPortToplevelSubscriber.PublisherPort
	at ptolemy.actor.PublisherPort.preinitialize(PublisherPort.java:403)
	at ptolemy.actor.CompositeActor.preinitialize(CompositeActor.java:1769)
	at ptolemy.actor.Manager.preinitializeAndResolveTypes(Manager.java:1040)
	at ptolemy.actor.Manager.initialize(Manager.java:710)
	at ptolemy.actor.Manager.execute(Manager.java:356)
	at ptolemy.actor.Manager.run(Manager.java:1263)
	at ptolemy.actor.Manager$PtolemyRunThread.run(Manager.java:1933)
java.lang.RuntimeException: Execution failed
	at ptolemy.moml.MoMLSimpleApplication$UnloadThread.run(MoMLSimpleApplication.java:402)
Caused by: ptolemy.kernel.util.IllegalActionException: SubscriberPorts cannot be used at the top level, use a Subscriber actor instead.
  in .PublisherSubscriberPortToplevel.SubscriberPort
	at ptolemy.actor.SubscriberPort.preinitialize(SubscriberPort.java:328)
	at ptolemy.actor.CompositeActor.preinitialize(CompositeActor.java:1769)
	at ptolemy.actor.Manager.preinitializeAndResolveTypes(Manager.java:1040)
	at ptolemy.actor.Manager.initialize(Manager.java:710)
	at ptolemy.actor.Manager.execute(Manager.java:356)
	at ptolemy.actor.Manager.run(Manager.java:1263)
	at ptolemy.actor.Manager$PtolemyRunThread.run(Manager.java:1933)
java.lang.reflect.InvocationTargetException
	at java.base/jdk.internal.reflect.NativeConstructorAccessorImpl.newInstance0(Native Method)
	at java.base/jdk.internal.reflect.NativeConstructorAccessorImpl.newInstance(NativeConstructorAccessorImpl.java:62)
	at java.base/jdk.internal.reflect.DelegatingConstructorAccessorImpl.newInstance(DelegatingConstructorAccessorImpl.java:45)
	at java.base/java.lang.reflect.Constructor.newInstance(Constructor.java:490)
	at ptolemy.util.test.junit.AutoKnownFailedTests.RunModel(AutoKnownFailedTests.java:105)
	at java.base/jdk.internal.reflect.NativeMethodAccessorImpl.invoke0(Native Method)
	at java.base/jdk.internal.reflect.NativeMethodAccessorImpl.invoke(NativeMethodAccessorImpl.java:62)
	at java.base/jdk.internal.reflect.DelegatingMethodAccessorImpl.invoke(DelegatingMethodAccessorImpl.java:43)
	at java.base/java.lang.reflect.Method.invoke(Method.java:566)
	at org.junit.runners.model.FrameworkMethod$1.runReflectiveCall(FrameworkMethod.java:44)
	at org.junit.internal.runners.model.ReflectiveCallable.run(ReflectiveCallable.java:15)
	at org.junit.runners.model.FrameworkMethod.invokeExplosively(FrameworkMethod.java:41)
	at junitparams.internal.InvokeParameterisedMethod.evaluate(InvokeParameterisedMethod.java:102)
	at org.junit.internal.runners.statements.FailOnTimeout$1.run(FailOnTimeout.java:28)
Caused by: ptolemy.kernel.util.IllegalActionException: SubscriberPorts cannot be used at the top level, use a Subscriber actor instead.
  in .PublisherSubscriberPortToplevel.SubscriberPort
	at ptolemy.actor.SubscriberPort.preinitialize(SubscriberPort.java:328)
	at ptolemy.actor.CompositeActor.preinitialize(CompositeActor.java:1769)
	at ptolemy.actor.Manager.preinitializeAndResolveTypes(Manager.java:1040)
	at ptolemy.actor.Manager.initialize(Manager.java:710)
	at ptolemy.actor.Manager.execute(Manager.java:356)
	at ptolemy.actor.Manager.run(Manager.java:1263)
	at ptolemy.actor.Manager$PtolemyRunThread.run(Manager.java:1933)
java.lang.RuntimeException: Execution failed
	at ptolemy.moml.MoMLSimpleApplication$UnloadThread.run(MoMLSimpleApplication.java:402)
Caused by: ptolemy.kernel.util.IllegalActionException: SubscriptionAggregatorPorts cannot be used at the top level, use a SubscriptionAggregator actor instead.
  in .PublisherSubscriptionAggregatorPort.SubscriptionAggregatorPort
	at ptolemy.actor.SubscriptionAggregatorPort.preinitialize(SubscriptionAggregatorPort.java:353)
	at ptolemy.actor.CompositeActor.preinitialize(CompositeActor.java:1769)
	at ptolemy.actor.Manager.preinitializeAndResolveTypes(Manager.java:1040)
	at ptolemy.actor.Manager.initialize(Manager.java:710)
	at ptolemy.actor.Manager.execute(Manager.java:356)
	at ptolemy.actor.Manager.run(Manager.java:1263)
	at ptolemy.actor.Manager$PtolemyRunThread.run(Manager.java:1933)
java.lang.reflect.InvocationTargetException
	at java.base/jdk.internal.reflect.NativeConstructorAccessorImpl.newInstance0(Native Method)
	at java.base/jdk.internal.reflect.NativeConstructorAccessorImpl.newInstance(NativeConstructorAccessorImpl.java:62)
	at java.base/jdk.internal.reflect.DelegatingConstructorAccessorImpl.newInstance(DelegatingConstructorAccessorImpl.java:45)
	at java.base/java.lang.reflect.Constructor.newInstance(Constructor.java:490)
	at ptolemy.util.test.junit.AutoKnownFailedTests.RunModel(AutoKnownFailedTests.java:105)
	at java.base/jdk.internal.reflect.NativeMethodAccessorImpl.invoke0(Native Method)
	at java.base/jdk.internal.reflect.NativeMethodAccessorImpl.invoke(NativeMethodAccessorImpl.java:62)
	at java.base/jdk.internal.reflect.DelegatingMethodAccessorImpl.invoke(DelegatingMethodAccessorImpl.java:43)
	at java.base/java.lang.reflect.Method.invoke(Method.java:566)
	at org.junit.runners.model.FrameworkMethod$1.runReflectiveCall(FrameworkMethod.java:44)
	at org.junit.internal.runners.model.ReflectiveCallable.run(ReflectiveCallable.java:15)
	at org.junit.runners.model.FrameworkMethod.invokeExplosively(FrameworkMethod.java:41)
	at junitparams.internal.InvokeParameterisedMethod.evaluate(InvokeParameterisedMethod.java:102)
	at org.junit.internal.runners.statements.FailOnTimeout$1.run(FailOnTimeout.java:28)
Caused by: ptolemy.kernel.util.IllegalActionException: SubscriptionAggregatorPorts cannot be used at the top level, use a SubscriptionAggregator actor instead.
  in .PublisherSubscriptionAggregatorPort.SubscriptionAggregatorPort
	at ptolemy.actor.SubscriptionAggregatorPort.preinitialize(SubscriptionAggregatorPort.java:353)
	at ptolemy.actor.CompositeActor.preinitialize(CompositeActor.java:1769)
	at ptolemy.actor.Manager.preinitializeAndResolveTypes(Manager.java:1040)
	at ptolemy.actor.Manager.initialize(Manager.java:710)
	at ptolemy.actor.Manager.execute(Manager.java:356)
	at ptolemy.actor.Manager.run(Manager.java:1263)
	at ptolemy.actor.Manager$PtolemyRunThread.run(Manager.java:1933)
java.lang.RuntimeException: Execution failed
	at ptolemy.moml.MoMLSimpleApplication$UnloadThread.run(MoMLSimpleApplication.java:402)
Caused by: ptolemy.kernel.util.IllegalActionException: TypeTest actor has no training data.
  in .sizedarray3.TypeTest
	at ptolemy.actor.lib.TypeTest.initialize(TypeTest.java:250)
	at ptolemy.actor.Director.initialize(Director.java:938)
	at ptolemy.actor.Director.initialize(Director.java:907)
	at ptolemy.actor.sched.StaticSchedulingDirector.initialize(StaticSchedulingDirector.java:159)
	at ptolemy.domains.sdf.kernel.SDFDirector.initialize(SDFDirector.java:544)
	at ptolemy.actor.CompositeActor.initialize(CompositeActor.java:935)
	at ptolemy.actor.Manager.initialize(Manager.java:724)
	at ptolemy.actor.Manager.execute(Manager.java:356)
	at ptolemy.actor.Manager.run(Manager.java:1263)
	at ptolemy.actor.Manager$PtolemyRunThread.run(Manager.java:1933)
java.lang.reflect.InvocationTargetException
	at java.base/jdk.internal.reflect.NativeConstructorAccessorImpl.newInstance0(Native Method)
	at java.base/jdk.internal.reflect.NativeConstructorAccessorImpl.newInstance(NativeConstructorAccessorImpl.java:62)
	at java.base/jdk.internal.reflect.DelegatingConstructorAccessorImpl.newInstance(DelegatingConstructorAccessorImpl.java:45)
	at java.base/java.lang.reflect.Constructor.newInstance(Constructor.java:490)
	at ptolemy.util.test.junit.AutoKnownFailedTests.RunModel(AutoKnownFailedTests.java:105)
	at java.base/jdk.internal.reflect.NativeMethodAccessorImpl.invoke0(Native Method)
	at java.base/jdk.internal.reflect.NativeMethodAccessorImpl.invoke(NativeMethodAccessorImpl.java:62)
	at java.base/jdk.internal.reflect.DelegatingMethodAccessorImpl.invoke(DelegatingMethodAccessorImpl.java:43)
	at java.base/java.lang.reflect.Method.invoke(Method.java:566)
	at org.junit.runners.model.FrameworkMethod$1.runReflectiveCall(FrameworkMethod.java:44)
	at org.junit.internal.runners.model.ReflectiveCallable.run(ReflectiveCallable.java:15)
	at org.junit.runners.model.FrameworkMethod.invokeExplosively(FrameworkMethod.java:41)
	at junitparams.internal.InvokeParameterisedMethod.evaluate(InvokeParameterisedMethod.java:102)
	at org.junit.internal.runners.statements.FailOnTimeout$1.run(FailOnTimeout.java:28)
Caused by: ptolemy.kernel.util.IllegalActionException: TypeTest actor has no training data.
  in .sizedarray3.TypeTest
	at ptolemy.actor.lib.TypeTest.initialize(TypeTest.java:250)
	at ptolemy.actor.Director.initialize(Director.java:938)
	at ptolemy.actor.Director.initialize(Director.java:907)
	at ptolemy.actor.sched.StaticSchedulingDirector.initialize(StaticSchedulingDirector.java:159)
	at ptolemy.domains.sdf.kernel.SDFDirector.initialize(SDFDirector.java:544)
	at ptolemy.actor.CompositeActor.initialize(CompositeActor.java:935)
	at ptolemy.actor.Manager.initialize(Manager.java:724)
	at ptolemy.actor.Manager.execute(Manager.java:356)
	at ptolemy.actor.Manager.run(Manager.java:1263)
	at ptolemy.actor.Manager$PtolemyRunThread.run(Manager.java:1933)
java.lang.RuntimeException: Execution failed
	at ptolemy.moml.MoMLSimpleApplication$UnloadThread.run(MoMLSimpleApplication.java:402)
Caused by: ptolemy.kernel.util.IllegalActionException: Test fails in iteration 0.
Value was: 6001L. Should have been: 6000L
  in .ExecutionTimeSDF.NonStrictTest
	at ptolemy.actor.lib.NonStrictTest.postfire(NonStrictTest.java:328)
	at ptolemy.actor.AtomicActor.iterate(AtomicActor.java:518)
	at ptolemy.actor.sched.StaticSchedulingDirector.fire(StaticSchedulingDirector.java:216)
	at ptolemy.domains.sdf.kernel.SDFDirector.fire(SDFDirector.java:500)
	at ptolemy.actor.CompositeActor.fire(CompositeActor.java:455)
	at ptolemy.actor.Manager.iterate(Manager.java:851)
	at ptolemy.actor.Manager.execute(Manager.java:369)
	at ptolemy.actor.Manager.run(Manager.java:1263)
	at ptolemy.actor.Manager$PtolemyRunThread.run(Manager.java:1933)
]]></system-err>
</testsuite>
