<?xml version="1.0" encoding="UTF-8" ?>
<testsuite errors="0" failures="0" hostname="travis-job-957f30b8-7150-4161-95b9-c85d32e8a33c" name="ptolemy.domains.de.test.junit.JUnitTclTest" skipped="0" tests="101" time="134.709" timestamp="2019-07-22T01:12:39">
  <properties>
    <property name="npm.executable" value="npm" />
    <property name="env.TRAVIS_ROOT" value="/" />
    <property name="ptII.mk.exists" value="true" />
    <property name="env.TRAVIS_APP_HOST" value="build.travis-ci.org" />
    <property name="env.rvm_bin_path" value="/home/travis/.rvm/bin" />
    <property name="java.home" value="/usr/local/lib/jvm/openjdk11" />
    <property name="env.TRAVIS_JOB_NUMBER" value="1266.9" />
    <property name="env.TRAVIS_HOME" value="/home/travis" />
    <property name="env.DISPLAY" value=":99.0" />
    <property name="env.TRAVIS_INIT" value="systemd" />
    <property name="env.SSH_TTY" value="/dev/pts/0" />
    <property name="java.net.preferIPv4Stack" value="true" />
    <property name="env.RUN_TESTS" value="true" />
    <property name="timeout.short" value="1000000" />
    <property name="junit.formatter" value="xml" />
    <property name="env.TRAVIS_SUDO" value="true" />
    <property name="env.TRAVIS_JOB_NAME" value="" />
    <property name="env.TRAVIS_STACK_NODE_ATTRIBUTES" value="/.node-attributes.yml" />
    <property name="env.LOGNAME" value="travis" />
    <property name="jsdoc.home" value="node_modules/@terraswarm/jsdoc" />
    <property name="debuglevel" value="source,lines,vars" />
    <property name="checkstyle.formatter" value="xml" />
    <property name="env._system_version" value="16.04" />
    <property name="bin.vergil.makeable" value="true" />
    <property name="sun.os.patch.level" value="unknown" />
    <property name="java.vendor.url" value="http://java.oracle.com/" />
    <property name="env.TRAVIS_BUILD_WEB_URL" value="https://travis-ci.org/icyphy/ptII/builds/561863669" />
    <property name="java.version" value="11.0.2" />
    <property name="env.TZ" value="UTC" />
    <property name="env.TRAVIS_PULL_REQUEST_SHA" value="" />
    <property name="env.PT_NO_NET" value="true" />
    <property name="env.TRAVIS_SECURE_ENV_VARS" value="true" />
    <property name="env._system_type" value="Linux" />
    <property name="java.vendor.url.bug" value="http://bugreport.java.com/bugreport/" />
    <property name="npmjs-org-is-up" value="true" />
    <property name="env.LANGUAGE" value="en_US.UTF-8" />
    <property name="env.SSH_CLIENT" value="10.10.4.122 53646 22" />
    <property name="env.GEM_HOME" value="/home/travis/.rvm/gems/ruby-2.5.3" />
    <property name="env.HAS_ANTARES_THREE_LITTLE_FRONZIES_BADGE" value="true" />
    <property name="java.version.date" value="2019-01-15" />
    <property name="env.PS4" value="+" />
    <property name="ant.project.invoked-targets" value="build,test.core2.xml" />
    <property name="env.TRAVIS_PULL_REQUEST_BRANCH" value="" />
    <property name="env.TRAVIS_REPO_SLUG" value="icyphy/ptII" />
    <property name="env.XDG_DATA_DIRS" value="/usr/local/share:/usr/share:/var/lib/snapd/desktop" />
    <property name="jdk.debug" value="release" />
    <property name="env.TRAVIS_APT_PROXY" value="http://apt.cache.travis-ci.com" />
    <property name="node.in.path" value="true" />
    <property name="user.name" value="travis" />
    <property name="java.maxmemory" value="1400m" />
    <property name="env.RUBY_VERSION" value="ruby-2.5.3" />
    <property name="env.LANG" value="en_US.UTF-8" />
    <property name="sun.io.unicode.encoding" value="UnicodeLittle" />
    <property name="sun.jnu.encoding" value="UTF-8" />
    <property name="java.runtime.name" value="OpenJDK Runtime Environment" />
    <property name="usefile" value="false" />
    <property name="return.code" value="0" />
    <property name="junit.single.formatter" value="plain" />
    <property name="env.DYLD_LIBRARY_PATH" value="/home/travis/pthla/certi-tools/lib:" />
    <property name="env.DEBIAN_FRONTEND" value="noninteractive" />
    <property name="env.SSH_CONNECTION" value="10.10.4.122 53646 10.20.1.17 22" />
    <property name="env.MYSQL_UNIX_PORT" value="/var/run/mysqld/mysqld.sock" />
    <property name="env.LC_ALL" value="en_US.UTF-8" />
    <property name="env.TRAVIS_ALLOW_FAILURE" value="false" />
    <property name="env.TRAVIS_JOB_WEB_URL" value="https://travis-ci.org/icyphy/ptII/jobs/561863683" />
    <property name="java.specification.name" value="Java Platform API Specification" />
    <property name="node.works" value="true" />
    <property name="user.timezone" value="" />
    <property name="path.separator" value=":" />
    <property name="env.TRAVIS_ENABLE_INFRA_DETECTION" value="true" />
    <property name="env.PYTHON_CFLAGS" value="-g -fstack-protector --param=ssp-buffer-size=4 -Wformat -Werror=format-security" />
    <property name="timeout.long" value="4000000" />
    <property name="env.CERTI_HOME" value="/home/travis/pthla/certi-tools" />
    <property name="ant.file.ptII" value="/home/travis/build/icyphy/ptII/build.xml" />
    <property name="javadoc.packagenames" value="com.*,diva.*,lbnl.*,org.hlacerti.*,org.json.*,org.ptolemy.*,org.terraswarm.*,ptolemy.*,ptserver.*" />
    <property name="file.encoding" value="UTF-8" />
    <property name="env.TRAVIS_PULL_REQUEST_SLUG" value="" />
    <property name="ant.project.default-target" value="build" />
    <property name="env.GIT_ASKPASS" value="echo" />
    <property name="env.HOME" value="/home/travis" />
    <property name="sun.java.command" value="org.apache.tools.ant.taskdefs.optional.junit.JUnitTestRunner ptolemy.domains.de.test.junit.JUnitTclTest skipNonTests=false filtertrace=true haltOnError=false haltOnFailure=false formatter=org.apache.tools.ant.taskdefs.optional.junit.OutErrSummaryJUnitResultFormatter showoutput=true outputtoformatters=true logfailedtests=true threadid=0 logtestlistenerevents=false formatter=org.apache.tools.ant.taskdefs.optional.junit.XMLJUnitResultFormatter,/home/travis/build/icyphy/ptII/reports/junit/TEST-ptolemy.domains.de.test.junit.JUnitTclTest.xml crashfile=/home/travis/build/icyphy/ptII/junitvmwatcher16552407746648554977.properties propsfile=/home/travis/build/icyphy/ptII/junit14761991657453046786.properties" />
    <property name="env.COMPOSER_NO_INTERACTION" value="1" />
    <property name="env.MANPATH" value="/home/travis/.nvm/versions/node/v7.10.1/share/man:/home/travis/.rvm/rubies/ruby-2.5.3/share/man:/usr/local/cmake-3.12.4/man:/usr/local/clang-7.0.0/share/man:/usr/local/man:/usr/local/share/man:/usr/share/man:/home/travis/.rvm/man" />
    <property name="env.TRAVIS_TIMER_ID" value="0481494c" />
    <property name="ant.file" value="/home/travis/build/icyphy/ptII/build.xml" />
    <property name="env.TRAVIS_COMMIT_RANGE" value="1c5f6978c89d...dc7d6535bd39" />
    <property name="env._system_name" value="Ubuntu" />
    <property name="ptII.classpath.optional.property" value="/home/travis/build/icyphy/ptII/lib/bsh-2.0b4.jar:/home/travis/build/icyphy/ptII/lib/ptCal.jar:/home/travis/build/icyphy/ptII/lib/java_cup.jar:/home/travis/build/icyphy/ptII/lib/saxon8.jar:/home/travis/build/icyphy/ptII/lib/saxon8-dom.jar:/home/travis/build/icyphy/ptII/lib/chic.jar:/home/travis/build/icyphy/ptII/lib/ptcolt.jar:/home/travis/build/icyphy/ptII/vendors/misc/itext/iText.jar:/home/travis/build/icyphy/ptII/lib/g4ltl.jar:/home/travis/build/icyphy/ptII/lib/StructuralCoder.jar:/home/travis/build/icyphy/ptII/lib/jcerti.jar:/home/travis/build/icyphy/ptII/lib/javax.mail.jar:/home/travis/build/icyphy/ptII/vendors/JMF-2.1.1e/lib/jmf.jar:/home/travis/build/icyphy/ptII/lib/jna-4.0.0-variadic.jar:/home/travis/build/icyphy/ptII/vendors/misc/joystick/Joystick.jar:/home/travis/build/icyphy/ptII/lib/ptjacl.jar:/home/travis/build/icyphy/ptII/lib/jsoup-1.8.2.jar:/home/travis/build/icyphy/ptII/lib/junit-4.8.2.jar:/home/travis/build/icyphy/ptII/lib/JUnitParams-0.4.0.jar:/home/travis/build/icyphy/ptII/ptolemy/actor/lib/excel/jxl.jar:/home/travis/build/icyphy/ptII/lib/jython.jar:/home/travis/build/icyphy/ptII/lib/kieler.jar:/home/travis/build/icyphy/ptII/vendors/opencv/share/OpenCV/java/opencv-341.jar:/home/travis/build/icyphy/ptII/lib/oscP5.jar:/home/travis/build/icyphy/ptII/lib/nrjavaserial-3.11.0.devel.jar:/home/travis/build/icyphy/ptII/vendors/j3d/lib/Linux/j3dcore.jar:/home/travis/build/icyphy/ptII/vendors/j3d/lib/Linux/j3dutils.jar:/home/travis/build/icyphy/ptII/vendors/j3d/lib/Linux/vecmath.jar:/home/travis/build/icyphy/ptII/vendors/jogl/lib/Linux/gluegen-rt-natives-linux-amd64.jar:/home/travis/build/icyphy/ptII/vendors/jogl/lib/Linux/gluegen-rt.jar:/home/travis/build/icyphy/ptII/vendors/jogl/lib/Linux/jogl-all-natives-linux-amd64.jar:/home/travis/build/icyphy/ptII/vendors/jogl/lib/Linux/jogl-all.jar:/home/travis/build/icyphy/ptII/ptolemy/distributed/jini/jar/jini-core.jar:/home/travis/build/icyphy/ptII/ptolemy/distributed/jini/jar/jini-ext.jar:/home/travis/build/icyphy/ptII/ptolemy/distributed/jini/jar/sun-util.jar:/home/travis/build/icyphy/ptII/lib/protobuf-java-2.4.1.jar:/home/travis/build/icyphy/ptII/lib/org.eclipse.paho.client.mqttv3.jar:/home/travis/build/icyphy/ptII/lib/mapss.jar:/home/travis/build/icyphy/ptII/ptolemy/actor/ptalon/antlr/antlr.jar:/home/travis/build/icyphy/ptII/lib/JRI.jar:/home/travis/build/icyphy/ptII/lib/commons-lang-2.6.jar:/home/travis/build/icyphy/ptII/lib/commons-logging-1.1.1.jar:/home/travis/build/icyphy/ptII/lib/sootclasses.jar:/home/travis/build/icyphy/ptII/ptolemy/actor/lib/database/mysql-connector-java-5.1.6-bin.jar:/home/travis/build/icyphy/ptII/vendors/misc/sphinx4/sphinx4-data-5prealpha.jar:/home/travis/build/icyphy/ptII/vendors/misc/sphinx4/sphinx4-core-5prealpha.jar:/home/travis/build/icyphy/ptII/lib/PDFRenderer.jar:/home/travis/build/icyphy/ptII/lib/svgSalamander.jar:/home/travis/build/icyphy/ptII/lib/rsyntaxtextarea-2.6.0-SNAPSHOT.jar:/home/travis/build/icyphy/ptII/lib/hazelcast-3.8.2.jar:/home/travis/build/icyphy/ptII/lib/jackson-annotations-2.9.0.jar:/home/travis/build/icyphy/ptII/lib/jackson-core-2.9.3.jar:/home/travis/build/icyphy/ptII/lib/jackson-databind-2.9.3.jar:/home/travis/build/icyphy/ptII/lib/netty-buffer-4.1.19.Final.jar:/home/travis/build/icyphy/ptII/lib/netty-codec-4.1.19.Final.jar:/home/travis/build/icyphy/ptII/lib/netty-codec-dns-4.1.19.Final.jar:/home/travis/build/icyphy/ptII/lib/netty-codec-http-4.1.19.Final.jar:/home/travis/build/icyphy/ptII/lib/netty-codec-http2-4.1.19.Final.jar:/home/travis/build/icyphy/ptII/lib/netty-common-4.1.19.Final.jar:/home/travis/build/icyphy/ptII/lib/netty-handler-4.1.19.Final.jar:/home/travis/build/icyphy/ptII/lib/netty-resolver-4.1.19.Final.jar:/home/travis/build/icyphy/ptII/lib/netty-resolver-dns-4.1.19.Final.jar:/home/travis/build/icyphy/ptII/lib/netty-transport-4.1.19.Final.jar:/home/travis/build/icyphy/ptII/lib/vertx-codegen-3.5.1.jar:/home/travis/build/icyphy/ptII/lib/vertx-core-3.5.2-SNAPSHOT.jar:/home/travis/build/icyphy/ptII/lib/vertx-hazelcast-3.5.1.jar:/home/travis/build/icyphy/ptII/lib/vertx-lang-js-3.5.1.jar:/home/travis/build/icyphy/ptII/lib/vertx-service-proxy-3.5.1.jar:/home/travis/build/icyphy/ptII/lib/vertx-web-3.5.1.jar:/home/travis/build/icyphy/ptII/lib/slf4j-api-1.7.13.jar:/home/travis/build/icyphy/ptII/lib/slf4j-simple-1.7.13.jar:/home/travis/build/icyphy/ptII/lib/webcam-capture-0.3.12.jar:/home/travis/build/icyphy/ptII/lib/bridj-0.7.0.jar:/home/travis/build/icyphy/ptII/lib/xbjlib-1.1.0.nrjavaserial.jar" />
    <property name="timeout" value="2400000" />
    <property name="test.batch" value="**/junit/*.java" />
    <property name="env._" value="/usr/bin/timeout" />
    <property name="java.io.tmpdir" value="/tmp" />
    <property name="user.language" value="en" />
    <property name="env.TRAVIS_INTERNAL_RUBY_REGEX" value="^ruby-(2\.[0-4]\.[0-9]|1\.9\.3)" />
    <property name="env.HISTCONTROL" value="ignoredups:ignorespace" />
    <property name="env.GOROOT" value="/home/travis/.gimme/versions/go1.11.1.linux.amd64" />
    <property name="line.separator" value="&#xa;" />
    <property name="target" value="11" />
    <property name="env.TRAVIS_BUILD_DIR" value="/home/travis/build/icyphy/ptII" />
    <property name="env.ANT_OPTS" value="-Xmx2048m" />
    <property name="ant.file.type" value="file" />
    <property name="ptolemy.ptII.batchMode" value="true" />
    <property name="env.HISTSIZE" value="1000" />
    <property name="env.MERB_ENV" value="test" />
    <property name="java.vm.info" value="mixed mode" />
    <property name="source" value="11" />
    <property name="java.vm.specification.name" value="Java Virtual Machine Specification" />
    <property name="env.TRAVIS_TEST_RESULT" value="0" />
    <property name="jsdoc.command" value="node_modules/@terraswarm/jsdoc/jsdoc.js" />
    <property name="npm.works" value="true" />
    <property name="cobertura.dir" value="/home/travis/build/icyphy/ptII/vendors/cobertura-2.0.3" />
    <property name="jsdoc.command.exists" value="true" />
    <property name="env.rvm_path" value="/home/travis/.rvm" />
    <property name="env.GEM_PATH" value="/home/travis/.rvm/gems/ruby-2.5.3:/home/travis/.rvm/gems/ruby-2.5.3@global" />
    <property name="env.LC_CTYPE" value="en_US.UTF-8" />
    <property name="env.TRAVIS_CMD" value="$PTII/bin/ptIITravisBuild.sh $SECONDS" />
    <property name="java.awt.printerjob" value="sun.print.PSPrinterJob" />
    <property name="env.TRAVIS_STACK_NAME" value="sardonyx" />
    <property name="env.TRAVIS_TIMER_START_TIME" value="1563757713294356492" />
    <property name="ant.version" value="Apache Ant(TM) version 1.10.1 compiled on February 2 2017" />
    <property name="ptII.reports" value="/home/travis/build/icyphy/ptII/reports" />
    <property name="env.TRAVIS_STACK_TIMESTAMP" value="2019-03-25 16:16:56 UTC" />
    <property name="ant.file.type.ptII" value="file" />
    <property name="env.RBENV_SHELL" value="bash" />
    <property name="os.name" value="Linux" />
    <property name="java.specification.vendor" value="Oracle Corporation" />
    <property name="env.rvm_version" value="1.29.7 (latest)" />
    <property name="env.TRAVIS_INFRA" value="gce" />
    <property name="env.TERM" value="xterm" />
    <property name="java.vm.name" value="OpenJDK 64-Bit Server VM" />
    <property name="env.TRAVIS_BUILD_NUMBER" value="1266" />
    <property name="env.CI" value="true" />
    <property name="java.library.path" value="/home/travis/pthla/certi-tools/lib:/usr/lib/jni:/usr/local/share/OpenCV/java/:/usr/share/OpenCV/java::/usr/java/packages/lib:/usr/lib64:/lib64:/lib:/usr/lib" />
    <property name="jdk.module.path" value="/home/travis/build/icyphy/ptII/vendors/javafx/javafx-sdk-11.0.2/lib:" />
    <property name="env.rvm_prefix" value="/home/travis" />
    <property name="env.PATH" value="/home/travis/pthla/certi-tools/share/scripts:/home/travis/.rvm/gems/ruby-2.5.3/bin:/home/travis/.rvm/gems/ruby-2.5.3@global/bin:/home/travis/.rvm/rubies/ruby-2.5.3/bin:/home/travis/.rvm/bin:/home/travis/.nvm/versions/node/v7.10.1/bin:./node_modules/.bin:/home/travis/build/icyphy/ptII/bin:/home/travis/pthla/certi-tools/bin:/home/travis/bin:/home/travis/.local/bin:/usr/local/lib/jvm/openjdk11/bin:/opt/pyenv/shims:/home/travis/.phpenv/shims:/home/travis/perl5/perlbrew/bin:/home/travis/gopath/bin:/home/travis/.gimme/versions/go1.11.1.linux.amd64/bin:/usr/local/maven-3.6.0/bin:/usr/local/cmake-3.12.4/bin:/usr/local/clang-7.0.0/bin:/usr/local/sbin:/usr/local/bin:/usr/sbin:/usr/bin:/sbin:/bin:/snap/bin:/home/travis/.phpenv/bin:/opt/pyenv/bin:/home/travis/.yarn/bin" />
    <property name="env.TRAVIS_OS_NAME" value="linux" />
    <property name="ant.java.version" value="9" />
    <property name="basedir" value="/home/travis/build/icyphy/ptII" />
    <property name="java.class.version" value="55.0" />
    <property name="env.SHLVL" value="3" />
    <property name="env.LD_LIBRARY_PATH" value="/home/travis/pthla/certi-tools/lib:/usr/lib/jni:/usr/local/share/OpenCV/java/:/usr/share/OpenCV/java:" />
    <property name="env.RACK_ENV" value="test" />
    <property name="ant.home" value="/home/travis/build/icyphy/ptII/ant" />
    <property name="env.NVM_DIR" value="/home/travis/.nvm" />
    <property name="env.CERTI_FOM_PATH" value="/home/travis/pthla/certi-tools/share/federations" />
    <property name="env.TRAVIS_BUILD_ID" value="561863669" />
    <property name="env.PYENV_ROOT" value="/opt/pyenv" />
    <property name="env.TRAVIS_UID" value="2000" />
    <property name="prism.verbose" value="true" />
    <property name="env.NVM_BIN" value="/home/travis/.nvm/versions/node/v7.10.1/bin" />
    <property name="env.TRAVIS_COMMIT" value="dc7d6535bd3930c0d2c08778d86d107a0caf4067" />
    <property name="env._system_arch" value="x86_64" />
    <property name="node.executable" value="node" />
    <property name="sun.boot.library.path" value="/usr/local/lib/jvm/openjdk11/lib" />
    <property name="sun.management.compiler" value="HotSpot 64-Bit Tiered Compilers" />
    <property name="java.awt.graphicsenv" value="sun.awt.X11GraphicsEnvironment" />
    <property name="env.GOPATH" value="/home/travis/gopath" />
    <property name="ptolemy.ptII.dir" value="/home/travis/build/icyphy/ptII" />
    <property name="env.USER" value="travis" />
    <property name="env.HISTFILESIZE" value="2000" />
    <property name="timeout.longest" value="19000000" />
    <property name="env.PERLBREW_SHELLRC_VERSION" value="0.86" />
    <property name="env.TRAVIS_STACK_FEATURES" value="basic couchdb disabled-ipv6 docker docker-compose elasticsearch firefox go-toolchain google-chrome jdk memcached mongodb mysql nodejs_interpreter perl_interpreter perlbrew phantomjs postgresql python_interpreter redis ruby_interpreter sqlite xserver" />
    <property name="env.TRAVIS_PULL_REQUEST" value="false" />
    <property name="env.PYENV_SHELL" value="bash" />
    <property name="ant.project.name" value="ptII" />
    <property name="env.ANSI_RESET" value="\033[0m" />
    <property name="java.vm.specification.version" value="11" />
    <property name="env.TRAVIS_DIST" value="xenial" />
    <property name="env.CERTI_VERSION" value="4.0.0" />
    <property name="env.CERTI_HOST" value="localhost" />
    <property name="awt.toolkit" value="sun.awt.X11.XToolkit" />
    <property name="env.MY_RUBY_HOME" value="/home/travis/.rvm/rubies/ruby-2.5.3" />
    <property name="sun.cpu.isalist" value="" />
    <property name="env.TRAVIS_TMPDIR" value="/tmp/tmp.YstXDtC4PC" />
    <property name="java.vm.compressedOopsMode" value="Zero based" />
    <property name="os.version" value="4.15.0-1028-gcp" />
    <property name="user.home" value="/home/travis" />
    <property name="java.vm.vendor" value="Oracle Corporation" />
    <property name="env.TRAVIS_TAG" value="nightly" />
    <property name="env.ANSI_YELLOW" value="\033[33;1m" />
    <property name="env.TRAVIS_FILTERED" value="redirect_io" />
    <property name="env.ANSI_GREEN" value="\033[32;1m" />
    <property name="env.JAVA_HOME" value="/usr/local/lib/jvm/openjdk11" />
    <property name="javadoc.excludepackagenames" value="adm.cvs2svn.*,build.*,config.*,doc.coding.templates.*,jni.test.jni.meaningOfLife.*,jni.test.jni.testDeux.*,jni.test.jni.testTrois.*,org.terraswarm.accessor.accessors.web.node_modules.*,org.terraswarm.accessor.accessors.web.hosts.cordova.demo.*,org.terraswarm.accessor.accessors.web.hosts.cordova.plugins.*,org.terraswarm.accessor.accessors-svn.*,pt-modules.*,ptolemy.apps.agilent.*,ptolemy.apps.anytimecontrol.*,ptolemy.apps.apes.*,ptolemy.apps.charon.*,ptolemy.apps.crazyboard.*,ptolemy.apps.eclipse.*,ptolemy.apps.etherealSting.*,ptolemy.apps.fullscreen.*,ptolemy.apps.giotto.*,ptolemy.apps.ia.*,ptolemy.apps.interfaces.*,ptolemy.apps.jmf.*,ptolemy.apps.kurt.*,ptolemy.apps.kvm.*,ptolemy.apps.lego.*,ptolemy.apps.lejos.*,ptolemy.apps.midp.*,ptolemy.apps.mobileCoding.*,ptolemy.apps.pendulum.*,ptolemy.apps.rijndael.*,ptolemy.apps.robot.*,ptolemy.apps.security.*,ptolemy.apps.sobel.*,ptolemy.apps.soot.*,ptolemy.apps.throttle.*,ptolemy.apps.tini.*,ptolemy.apps.transmission.*,ptolemy.apps.vergil.*,ptolemy.apps.waba.*,ptolemy.apps.websensor.*,ptolemy.apps.webstart.*,ptolemy.apps.xsl.*,ptolemy.apps.zaurus.*,ptolemy.codegen.c.actor.lib.oldJavaFiles.*,ptolemy.codegen.dsp.lib.*,ptolemy.codegen.kernel.newInterfaces.*,ptolemy.codegen.lib.*,ptolemy.copernicus.kernel.fragment.*,ptolemy.copernicus.shallow.cg.*,ptolemy.domains.giotto.demo.Hierarchy.Hierarchy.*,ptolemy.domains.giotto.demo.Multimode.Multimode.*,ptolemy.domains.giotto.demo.Simple.Simple.*,ptolemy.domains.gr.lib.experimental.*,ptolemy.domains.gro.*,ptolemy.domains.pdf.*,ptolemy.domains.ptinyos.demo.Surge.output.*,ptolemy.moml.test.NoPackageActor.java*,ptolemy.plot.adm.*,ptolemy.plot.servlet.*,reports.*,signed.*,src.*,target.*,vendors.*,ptolemy.copernicus.applet.*,ptolemy.media.viewer.*,ptolemy.actor.corba.*,doc.doclets.*,ptolemy.apps.eclipse.awt.*,ptolemy.backtrack.*,ptolemy.backtrack.ast.*,ptolemy.cg.adapter.generic.program.procedural.c.mbed*,ptolemy.homer.*,ptolemy.actor.lib.jai.*,org.ptolemy.scala.*,diva.util.java2d.svg.*,ptolemy.domains.ptinyos.*,ptolemy.actor.lib.fmi.fmipp.*,,org.terraswarm.accessor.accessors.web.node_modules.*,org.terraswarm.accessor.accessors-svn,ptolemy.apps.*,ptolemy.actor.ptalon.demo.ptinyos.SendAndReceiveCnt.output,ptolemy.actor.ptalon.demo.ptinyos.SenseToLeds.output,ptolemy.domains.ptinyos.demo.CntToLedsAndRfm.output,ptolemy.domains.ptinyos.demo.RfmToLeds.output,ptolemy.domains.ptinyos.demo.SendAndReceiveCnt.output,ptolemy.domains.ptinyos.demo.SenseToLeds.output,ptolemy.actor.lib.jjs.modules.udpSocket.*" />
    <property name="env.PTII" value="/home/travis/build/icyphy/ptII" />
    <property name="env.XDG_SESSION_ID" value="2" />
    <property name="keystore" value="ptKeystore" />
    <property name="env.TRAVIS_COMMIT_MESSAGE" value="No longer print a message if we can&apos;t update ClassLoader.usr_paths.  This should only affect the rxtx serial code." />
    <property name="junit.output.dir" value="/home/travis/build/icyphy/ptII/reports/junit" />
    <property name="npm.return.code" value="0" />
    <property name="user.dir" value="/home/travis/build/icyphy/ptII/ptolemy/domains/de/test" />
    <property name="env.TRAVIS_NODE_VERSION" value="7" />
    <property name="env.TRAVIS_EVENT_TYPE" value="push" />
    <property name="env.MAIL" value="/var/mail/travis" />
    <property name="env.PERLBREW_ROOT" value="/home/travis/perl5/perlbrew" />
    <property name="env.PWD" value="/home/travis/build/icyphy/ptII" />
    <property name="timeout.npm" value="45000" />
    <property name="env.PT_TRAVIS_TEST_CORE2_XML" value="true" />
    <property name="env.TRAVIS_ARCH" value="amd64" />
    <property name="sun.cpu.endian" value="little" />
    <property name="env.PAGER" value="cat" />
    <property name="env.TRAVIS_BUILD_STAGE_NAME" value="Test" />
    <property name="env.PERLBREW_HOME" value="/home/travis/.perlbrew" />
    <property name="java.vm.version" value="11.0.2+9" />
    <property name="env.RAILS_ENV" value="test" />
    <property name="java.class.path" value="/home/travis/build/icyphy/ptII:/home/travis/build/icyphy/ptII/lib/bsh-2.0b4.jar:/home/travis/build/icyphy/ptII/lib/ptCal.jar:/home/travis/build/icyphy/ptII/lib/java_cup.jar:/home/travis/build/icyphy/ptII/lib/saxon8.jar:/home/travis/build/icyphy/ptII/lib/saxon8-dom.jar:/home/travis/build/icyphy/ptII/lib/chic.jar:/home/travis/build/icyphy/ptII/lib/ptcolt.jar:/home/travis/build/icyphy/ptII/vendors/misc/itext/iText.jar:/home/travis/build/icyphy/ptII/lib/g4ltl.jar:/home/travis/build/icyphy/ptII/lib/StructuralCoder.jar:/home/travis/build/icyphy/ptII/lib/jcerti.jar:/home/travis/build/icyphy/ptII/lib/javax.mail.jar:/home/travis/build/icyphy/ptII/vendors/JMF-2.1.1e/lib/jmf.jar:/home/travis/build/icyphy/ptII/lib/jna-4.0.0-variadic.jar:/home/travis/build/icyphy/ptII/vendors/misc/joystick/Joystick.jar:/home/travis/build/icyphy/ptII/lib/ptjacl.jar:/home/travis/build/icyphy/ptII/lib/jsoup-1.8.2.jar:/home/travis/build/icyphy/ptII/lib/junit-4.8.2.jar:/home/travis/build/icyphy/ptII/lib/JUnitParams-0.4.0.jar:/home/travis/build/icyphy/ptII/ptolemy/actor/lib/excel/jxl.jar:/home/travis/build/icyphy/ptII/lib/jython.jar:/home/travis/build/icyphy/ptII/lib/kieler.jar:/home/travis/build/icyphy/ptII/vendors/opencv/share/OpenCV/java/opencv-341.jar:/home/travis/build/icyphy/ptII/lib/oscP5.jar:/home/travis/build/icyphy/ptII/lib/nrjavaserial-3.11.0.devel.jar:/home/travis/build/icyphy/ptII/vendors/j3d/lib/Linux/j3dcore.jar:/home/travis/build/icyphy/ptII/vendors/j3d/lib/Linux/j3dutils.jar:/home/travis/build/icyphy/ptII/vendors/j3d/lib/Linux/vecmath.jar:/home/travis/build/icyphy/ptII/vendors/jogl/lib/Linux/gluegen-rt-natives-linux-amd64.jar:/home/travis/build/icyphy/ptII/vendors/jogl/lib/Linux/gluegen-rt.jar:/home/travis/build/icyphy/ptII/vendors/jogl/lib/Linux/jogl-all-natives-linux-amd64.jar:/home/travis/build/icyphy/ptII/vendors/jogl/lib/Linux/jogl-all.jar:/home/travis/build/icyphy/ptII/ptolemy/distributed/jini/jar/jini-core.jar:/home/travis/build/icyphy/ptII/ptolemy/distributed/jini/jar/jini-ext.jar:/home/travis/build/icyphy/ptII/ptolemy/distributed/jini/jar/sun-util.jar:/home/travis/build/icyphy/ptII/lib/protobuf-java-2.4.1.jar:/home/travis/build/icyphy/ptII/lib/org.eclipse.paho.client.mqttv3.jar:/home/travis/build/icyphy/ptII/lib/mapss.jar:/home/travis/build/icyphy/ptII/ptolemy/actor/ptalon/antlr/antlr.jar:/home/travis/build/icyphy/ptII/lib/JRI.jar:/home/travis/build/icyphy/ptII/lib/commons-lang-2.6.jar:/home/travis/build/icyphy/ptII/lib/commons-logging-1.1.1.jar:/home/travis/build/icyphy/ptII/lib/sootclasses.jar:/home/travis/build/icyphy/ptII/ptolemy/actor/lib/database/mysql-connector-java-5.1.6-bin.jar:/home/travis/build/icyphy/ptII/vendors/misc/sphinx4/sphinx4-data-5prealpha.jar:/home/travis/build/icyphy/ptII/vendors/misc/sphinx4/sphinx4-core-5prealpha.jar:/home/travis/build/icyphy/ptII/lib/PDFRenderer.jar:/home/travis/build/icyphy/ptII/lib/svgSalamander.jar:/home/travis/build/icyphy/ptII/lib/rsyntaxtextarea-2.6.0-SNAPSHOT.jar:/home/travis/build/icyphy/ptII/lib/hazelcast-3.8.2.jar:/home/travis/build/icyphy/ptII/lib/jackson-annotations-2.9.0.jar:/home/travis/build/icyphy/ptII/lib/jackson-core-2.9.3.jar:/home/travis/build/icyphy/ptII/lib/jackson-databind-2.9.3.jar:/home/travis/build/icyphy/ptII/lib/netty-buffer-4.1.19.Final.jar:/home/travis/build/icyphy/ptII/lib/netty-codec-4.1.19.Final.jar:/home/travis/build/icyphy/ptII/lib/netty-codec-dns-4.1.19.Final.jar:/home/travis/build/icyphy/ptII/lib/netty-codec-http-4.1.19.Final.jar:/home/travis/build/icyphy/ptII/lib/netty-codec-http2-4.1.19.Final.jar:/home/travis/build/icyphy/ptII/lib/netty-common-4.1.19.Final.jar:/home/travis/build/icyphy/ptII/lib/netty-handler-4.1.19.Final.jar:/home/travis/build/icyphy/ptII/lib/netty-resolver-4.1.19.Final.jar:/home/travis/build/icyphy/ptII/lib/netty-resolver-dns-4.1.19.Final.jar:/home/travis/build/icyphy/ptII/lib/netty-transport-4.1.19.Final.jar:/home/travis/build/icyphy/ptII/lib/vertx-codegen-3.5.1.jar:/home/travis/build/icyphy/ptII/lib/vertx-core-3.5.2-SNAPSHOT.jar:/home/travis/build/icyphy/ptII/lib/vertx-hazelcast-3.5.1.jar:/home/travis/build/icyphy/ptII/lib/vertx-lang-js-3.5.1.jar:/home/travis/build/icyphy/ptII/lib/vertx-service-proxy-3.5.1.jar:/home/travis/build/icyphy/ptII/lib/vertx-web-3.5.1.jar:/home/travis/build/icyphy/ptII/lib/slf4j-api-1.7.13.jar:/home/travis/build/icyphy/ptII/lib/slf4j-simple-1.7.13.jar:/home/travis/build/icyphy/ptII/lib/webcam-capture-0.3.12.jar:/home/travis/build/icyphy/ptII/lib/bridj-0.7.0.jar:/home/travis/build/icyphy/ptII/lib/xbjlib-1.1.0.nrjavaserial.jar:/home/travis/build/icyphy/ptII/ptolemy/moml/test:/home/travis/build/icyphy/ptII/ant/lib/ant-launcher.jar:/home/travis/build/icyphy/ptII/ant/lib/ant.jar:/home/travis/build/icyphy/ptII/ant/lib/ant-junit.jar:/home/travis/build/icyphy/ptII/ant/lib/ant-junit4.jar" />
    <property name="ant.library.dir" value="/home/travis/build/icyphy/ptII/ant/lib" />
    <property name="os.arch" value="amd64" />
    <property name="env.CONTINUOUS_INTEGRATION" value="true" />
    <property name="env.TRAVIS_LANGUAGE" value="node_js" />
    <property name="env.TRAVIS_STACK_LANGUAGES" value="__sardonyx__ c c++ clojure cplusplus cpp default generic go groovy java node_js php pure_java python ruby scala" />
    <property name="test.name" value="ptolemy.actor.lib.test.junit.JUnitTclTest" />
    <property name="env.APT_KEY_DONT_WARN_ON_DANGEROUS_USAGE" value="1" />
    <property name="sun.java.launcher" value="SUN_STANDARD" />
    <property name="env.PYTHON_CONFIGURE_OPTS" value="--enable-unicode=ucs4 --with-wide-unicode --enable-shared --enable-ipv6 --enable-loadable-sqlite-extensions --with-computed-gotos" />
    <property name="ant.core.lib" value="/home/travis/build/icyphy/ptII/ant/lib/ant.jar" />
    <property name="java.vm.specification.vendor" value="Oracle Corporation" />
    <property name="env.BCVTB_HOME" value="/home/travis/build/icyphy/ptII/lbnl" />
    <property name="file.separator" value="/" />
    <property name="spotbugs.home" value="/home/travis/build/icyphy/ptII/vendors/spotbugs-3.1.1" />
    <property name="java.runtime.version" value="11.0.2+9" />
    <property name="env.ANSI_CLEAR" value="\033[0K" />
    <property name="javafx.verbose" value="true" />
    <property name="env.HAS_JOSH_K_SEAL_OF_APPROVAL" value="true" />
    <property name="env.XDG_RUNTIME_DIR" value="/run/user/2000" />
    <property name="env.TRAVIS_OSX_IMAGE" value="" />
    <property name="env.TRAVIS_JOB_ID" value="561863683" />
    <property name="env.TRAVIS_BRANCH" value="master" />
    <property name="user.country" value="US" />
    <property name="env.CERTI_HOME_TRAVIS" value="/home/travis/pthla/certi-tools" />
    <property name="env.SHELL" value="/bin/bash" />
    <property name="java.maxmemory.large" value="3500m" />
    <property name="model" value="" />
    <property name="env.CASHER_DIR" value="/home/travis/.casher" />
    <property name="env.NVM_CD_FLAGS" value="" />
    <property name="java.vendor.version" value="18.9" />
    <property name="jshint.executable" value="/home/travis/node_modules/jshint/bin/jshint" />
    <property name="env.JRUBY_OPTS" value=" --client -J-XX:+TieredCompilation -J-XX:TieredStopAtLevel=1 -J-Xss2m -Xcompile.invokedynamic=false" />
    <property name="java.vendor" value="Oracle Corporation" />
    <property name="env.TRAVIS_PRE_CHEF_BOOTSTRAP_TIME" value="2019-03-25T16:16:42" />
    <property name="env.TRAVIS_STACK_JOB_BOARD_REGISTER" value="/.job-board-register.yml" />
    <property name="env.ANSI_RED" value="\033[31;1m" />
    <property name="java.specification.version" value="11" />
    <property name="env.IRBRC" value="/home/travis/.rvm/rubies/ruby-2.5.3/.irbrc" />
    <property name="env.TRAVIS" value="true" />
    <property name="sun.arch.data.model" value="64" />
  </properties>
  <testcase classname="ptolemy.util.test.junit.TclTests" name="[0] /home/travis/build/icyphy/ptII/ptolemy/domains/de/test/DependencyLoop.tcl (RunTclFile)" time="1.07" />
  <testcase classname="ptolemy.util.test.junit.TclTests" name="[1] /home/travis/build/icyphy/ptII/ptolemy/domains/de/test/RunDETestsAsQSS.tcl (RunTclFile)" time="91.62" />
  <testcase classname="ptolemy.util.test.junit.AutoKnownFailedTests" name="[0] /home/travis/build/icyphy/ptII/ptolemy/domains/de/test/auto/knownFailedTests/DESDFClockTest.xml (RunModel)" time="2.042" />
  <testcase classname="ptolemy.util.test.junit.AutoKnownFailedTests" name="[1] /home/travis/build/icyphy/ptII/ptolemy/domains/de/test/auto/knownFailedTests/DirectFeedback.xml (RunModel)" time="0.018" />
  <testcase classname="ptolemy.util.test.junit.AutoKnownFailedTests" name="[2] /home/travis/build/icyphy/ptII/ptolemy/domains/de/test/auto/knownFailedTests/FSMSource.xml (RunModel)" time="0.034" />
  <testcase classname="ptolemy.util.test.junit.AutoKnownFailedTests" name="[3] /home/travis/build/icyphy/ptII/ptolemy/domains/de/test/auto/knownFailedTests/HierarchicalModel.xml (RunModel)" time="0.049" />
  <testcase classname="ptolemy.util.test.junit.AutoKnownFailedTests" name="[4] /home/travis/build/icyphy/ptII/ptolemy/domains/de/test/auto/knownFailedTests/dependencyLoop.xml (RunModel)" time="0.05" />
  <testcase classname="ptolemy.util.test.junit.AutoKnownFailedTests" name="[5] /home/travis/build/icyphy/ptII/ptolemy/domains/de/test/auto/knownFailedTests/dependencyLoop2.xml (RunModel)" time="0.044" />
  <testcase classname="ptolemy.util.test.junit.AutoNameArchTests" name="[0] ThereAreNoAutoArchTests (RunModel)" time="0.001" />
  <testcase classname="ptolemy.util.test.junit.AutoTests" name="[0] /home/travis/build/icyphy/ptII/ptolemy/domains/de/test/auto/ActorDepthCalculation_actorWithoutPorts.xml (RunModel)" time="0.019" />
  <testcase classname="ptolemy.util.test.junit.AutoTests" name="[1] /home/travis/build/icyphy/ptII/ptolemy/domains/de/test/auto/AssemblyLine.xml (RunModel)" time="0.02" />
  <testcase classname="ptolemy.util.test.junit.AutoTests" name="[2] /home/travis/build/icyphy/ptII/ptolemy/domains/de/test/auto/CQBug1.xml (RunModel)" time="0.007" />
  <testcase classname="ptolemy.util.test.junit.AutoTests" name="[3] /home/travis/build/icyphy/ptII/ptolemy/domains/de/test/auto/CancelFireAt.xml (RunModel)" time="0.011" />
  <testcase classname="ptolemy.util.test.junit.AutoTests" name="[4] /home/travis/build/icyphy/ptII/ptolemy/domains/de/test/auto/CausalityAndComposabilityAnalysis.xml (RunModel)" time="0.025" />
  <testcase classname="ptolemy.util.test.junit.AutoTests" name="[5] /home/travis/build/icyphy/ptII/ptolemy/domains/de/test/auto/CausalityInterface1.xml (RunModel)" time="0.017" />
  <testcase classname="ptolemy.util.test.junit.AutoTests" name="[6] /home/travis/build/icyphy/ptII/ptolemy/domains/de/test/auto/CausalityInterface15.xml (RunModel)" time="0.018" />
  <testcase classname="ptolemy.util.test.junit.AutoTests" name="[7] /home/travis/build/icyphy/ptII/ptolemy/domains/de/test/auto/CausalityInterface2.xml (RunModel)" time="0.014" />
  <testcase classname="ptolemy.util.test.junit.AutoTests" name="[8] /home/travis/build/icyphy/ptII/ptolemy/domains/de/test/auto/CausalityInterface3.xml (RunModel)" time="0.012" />
  <testcase classname="ptolemy.util.test.junit.AutoTests" name="[9] /home/travis/build/icyphy/ptII/ptolemy/domains/de/test/auto/ClockDrift.xml (RunModel)" time="0.036" />
  <testcase classname="ptolemy.util.test.junit.AutoTests" name="[10] /home/travis/build/icyphy/ptII/ptolemy/domains/de/test/auto/ClockDriftAndValueChange.xml (RunModel)" time="0.034" />
  <testcase classname="ptolemy.util.test.junit.AutoTests" name="[11] /home/travis/build/icyphy/ptII/ptolemy/domains/de/test/auto/ClockDriftChange.xml (RunModel)" time="0.031" />
  <testcase classname="ptolemy.util.test.junit.AutoTests" name="[12] /home/travis/build/icyphy/ptII/ptolemy/domains/de/test/auto/ComposableCausalityAnalysis.xml (RunModel)" time="0.015" />
  <testcase classname="ptolemy.util.test.junit.AutoTests" name="[13] /home/travis/build/icyphy/ptII/ptolemy/domains/de/test/auto/DEFixedPointLimitation.xml (RunModel)" time="0.011" />
  <testcase classname="ptolemy.util.test.junit.AutoTests" name="[14] /home/travis/build/icyphy/ptII/ptolemy/domains/de/test/auto/DEScheduleTest.xml (RunModel)" time="0.013" />
  <testcase classname="ptolemy.util.test.junit.AutoTests" name="[15] /home/travis/build/icyphy/ptII/ptolemy/domains/de/test/auto/DEinDEwithStartTimes.xml (RunModel)" time="0.017" />
  <testcase classname="ptolemy.util.test.junit.AutoTests" name="[16] /home/travis/build/icyphy/ptII/ptolemy/domains/de/test/auto/DEinDEwithStartTimes2.xml (RunModel)" time="0.018" />
  <testcase classname="ptolemy.util.test.junit.AutoTests" name="[17] /home/travis/build/icyphy/ptII/ptolemy/domains/de/test/auto/DateDemo.xml (RunModel)" time="0.034" />
  <testcase classname="ptolemy.util.test.junit.AutoTests" name="[18] /home/travis/build/icyphy/ptII/ptolemy/domains/de/test/auto/DateToEvent.xml (RunModel)" time="2.045" />
  <testcase classname="ptolemy.util.test.junit.AutoTests" name="[19] /home/travis/build/icyphy/ptII/ptolemy/domains/de/test/auto/DepthTest1.xml (RunModel)" time="0.014" />
  <testcase classname="ptolemy.util.test.junit.AutoTests" name="[20] /home/travis/build/icyphy/ptII/ptolemy/domains/de/test/auto/DepthTest2.xml (RunModel)" time="0.02" />
  <testcase classname="ptolemy.util.test.junit.AutoTests" name="[21] /home/travis/build/icyphy/ptII/ptolemy/domains/de/test/auto/DepthTest3.xml (RunModel)" time="0.015" />
  <testcase classname="ptolemy.util.test.junit.AutoTests" name="[22] /home/travis/build/icyphy/ptII/ptolemy/domains/de/test/auto/DepthTest4.xml (RunModel)" time="0.019" />
  <testcase classname="ptolemy.util.test.junit.AutoTests" name="[23] /home/travis/build/icyphy/ptII/ptolemy/domains/de/test/auto/DepthTest5.xml (RunModel)" time="0.017" />
  <testcase classname="ptolemy.util.test.junit.AutoTests" name="[24] /home/travis/build/icyphy/ptII/ptolemy/domains/de/test/auto/DepthTest6.xml (RunModel)" time="0.017" />
  <testcase classname="ptolemy.util.test.junit.AutoTests" name="[25] /home/travis/build/icyphy/ptII/ptolemy/domains/de/test/auto/DepthTest7.xml (RunModel)" time="0.014" />
  <testcase classname="ptolemy.util.test.junit.AutoTests" name="[26] /home/travis/build/icyphy/ptII/ptolemy/domains/de/test/auto/EventToDate.xml (RunModel)" time="3.036" />
  <testcase classname="ptolemy.util.test.junit.AutoTests" name="[27] /home/travis/build/icyphy/ptII/ptolemy/domains/de/test/auto/FSM1.xml (RunModel)" time="0.048" />
  <testcase classname="ptolemy.util.test.junit.AutoTests" name="[28] /home/travis/build/icyphy/ptII/ptolemy/domains/de/test/auto/FSM7.xml (RunModel)" time="0.053" />
  <testcase classname="ptolemy.util.test.junit.AutoTests" name="[29] /home/travis/build/icyphy/ptII/ptolemy/domains/de/test/auto/Inspection.xml (RunModel)" time="0.048" />
  <testcase classname="ptolemy.util.test.junit.AutoTests" name="[30] /home/travis/build/icyphy/ptII/ptolemy/domains/de/test/auto/Iteration.xml (RunModel)" time="0.028" />
  <testcase classname="ptolemy.util.test.junit.AutoTests" name="[31] /home/travis/build/icyphy/ptII/ptolemy/domains/de/test/auto/LineFault.xml (RunModel)" time="0.654" />
  <testcase classname="ptolemy.util.test.junit.AutoTests" name="[32] /home/travis/build/icyphy/ptII/ptolemy/domains/de/test/auto/MergeModel1Add.xml (RunModel)" time="0.06" />
  <testcase classname="ptolemy.util.test.junit.AutoTests" name="[33] /home/travis/build/icyphy/ptII/ptolemy/domains/de/test/auto/MergeModel2Add.xml (RunModel)" time="0.046" />
  <testcase classname="ptolemy.util.test.junit.AutoTests" name="[34] /home/travis/build/icyphy/ptII/ptolemy/domains/de/test/auto/MergeModel3Add.xml (RunModel)" time="0.045" />
  <testcase classname="ptolemy.util.test.junit.AutoTests" name="[35] /home/travis/build/icyphy/ptII/ptolemy/domains/de/test/auto/MergeWithoutDiscard.xml (RunModel)" time="0.025" />
  <testcase classname="ptolemy.util.test.junit.AutoTests" name="[36] /home/travis/build/icyphy/ptII/ptolemy/domains/de/test/auto/Modal1.xml (RunModel)" time="0.037" />
  <testcase classname="ptolemy.util.test.junit.AutoTests" name="[37] /home/travis/build/icyphy/ptII/ptolemy/domains/de/test/auto/Modal2.xml (RunModel)" time="0.034" />
  <testcase classname="ptolemy.util.test.junit.AutoTests" name="[38] /home/travis/build/icyphy/ptII/ptolemy/domains/de/test/auto/Modal3.xml (RunModel)" time="0.026" />
  <testcase classname="ptolemy.util.test.junit.AutoTests" name="[39] /home/travis/build/icyphy/ptII/ptolemy/domains/de/test/auto/Modal4.xml (RunModel)" time="0.038" />
  <testcase classname="ptolemy.util.test.junit.AutoTests" name="[40] /home/travis/build/icyphy/ptII/ptolemy/domains/de/test/auto/Modal5.xml (RunModel)" time="0.039" />
  <testcase classname="ptolemy.util.test.junit.AutoTests" name="[41] /home/travis/build/icyphy/ptII/ptolemy/domains/de/test/auto/Modal6.xml (RunModel)" time="0.037" />
  <testcase classname="ptolemy.util.test.junit.AutoTests" name="[42] /home/travis/build/icyphy/ptII/ptolemy/domains/de/test/auto/Modal7.xml (RunModel)" time="0.035" />
  <testcase classname="ptolemy.util.test.junit.AutoTests" name="[43] /home/travis/build/icyphy/ptII/ptolemy/domains/de/test/auto/ModalModel.xml (RunModel)" time="0.173" />
  <testcase classname="ptolemy.util.test.junit.AutoTests" name="[44] /home/travis/build/icyphy/ptII/ptolemy/domains/de/test/auto/ModalSource.xml (RunModel)" time="0.02" />
  <testcase classname="ptolemy.util.test.junit.AutoTests" name="[45] /home/travis/build/icyphy/ptII/ptolemy/domains/de/test/auto/NonInterruptibleTimerZeroDelay.xml (RunModel)" time="0.008" />
  <testcase classname="ptolemy.util.test.junit.AutoTests" name="[46] /home/travis/build/icyphy/ptII/ptolemy/domains/de/test/auto/OpenQueueingNetwork.xml (RunModel)" time="2.461" />
  <testcase classname="ptolemy.util.test.junit.AutoTests" name="[47] /home/travis/build/icyphy/ptII/ptolemy/domains/de/test/auto/OpenQueuingNetwork.xml (RunModel)" time="0.313" />
  <testcase classname="ptolemy.util.test.junit.AutoTests" name="[48] /home/travis/build/icyphy/ptII/ptolemy/domains/de/test/auto/PeriodicSampler.xml (RunModel)" time="0.01" />
  <testcase classname="ptolemy.util.test.junit.AutoTests" name="[49] /home/travis/build/icyphy/ptII/ptolemy/domains/de/test/auto/PersistentIO.xml (RunModel)" time="0.03" />
  <testcase classname="ptolemy.util.test.junit.AutoTests" name="[50] /home/travis/build/icyphy/ptII/ptolemy/domains/de/test/auto/PortParameterResetOnInitialize.xml (RunModel)" time="0.019" />
  <testcase classname="ptolemy.util.test.junit.AutoTests" name="[51] /home/travis/build/icyphy/ptII/ptolemy/domains/de/test/auto/PortParameterUpdates.xml (RunModel)" time="0.017" />
  <testcase classname="ptolemy.util.test.junit.AutoTests" name="[52] /home/travis/build/icyphy/ptII/ptolemy/domains/de/test/auto/QueueAndServer.xml (RunModel)" time="0.02" />
  <testcase classname="ptolemy.util.test.junit.AutoTests" name="[53] /home/travis/build/icyphy/ptII/ptolemy/domains/de/test/auto/Records.xml (RunModel)" time="0.014" />
  <testcase classname="ptolemy.util.test.junit.AutoTests" name="[54] /home/travis/build/icyphy/ptII/ptolemy/domains/de/test/auto/ResetTransitionWithStartTime1.xml (RunModel)" time="0.017" />
  <testcase classname="ptolemy.util.test.junit.AutoTests" name="[55] /home/travis/build/icyphy/ptII/ptolemy/domains/de/test/auto/ResetTransitionWithStartTime2.xml (RunModel)" time="0.02" />
  <testcase classname="ptolemy.util.test.junit.AutoTests" name="[56] /home/travis/build/icyphy/ptII/ptolemy/domains/de/test/auto/ResetTransitionWithStartTime3.xml (RunModel)" time="0.019" />
  <testcase classname="ptolemy.util.test.junit.AutoTests" name="[57] /home/travis/build/icyphy/ptII/ptolemy/domains/de/test/auto/ResetTransitionWithStartTime4.xml (RunModel)" time="0.017" />
  <testcase classname="ptolemy.util.test.junit.AutoTests" name="[58] /home/travis/build/icyphy/ptII/ptolemy/domains/de/test/auto/ResettableTimer1.xml (RunModel)" time="0.009" />
  <testcase classname="ptolemy.util.test.junit.AutoTests" name="[59] /home/travis/build/icyphy/ptII/ptolemy/domains/de/test/auto/ResettableTimer2.xml (RunModel)" time="0.008" />
  <testcase classname="ptolemy.util.test.junit.AutoTests" name="[60] /home/travis/build/icyphy/ptII/ptolemy/domains/de/test/auto/ResettableTimer3.xml (RunModel)" time="0.008" />
  <testcase classname="ptolemy.util.test.junit.AutoTests" name="[61] /home/travis/build/icyphy/ptII/ptolemy/domains/de/test/auto/ResettableTimer4.xml (RunModel)" time="0.01" />
  <testcase classname="ptolemy.util.test.junit.AutoTests" name="[62] /home/travis/build/icyphy/ptII/ptolemy/domains/de/test/auto/ResettableTimer5.xml (RunModel)" time="0.015" />
  <testcase classname="ptolemy.util.test.junit.AutoTests" name="[63] /home/travis/build/icyphy/ptII/ptolemy/domains/de/test/auto/ResettableTimer6.xml (RunModel)" time="0.019" />
  <testcase classname="ptolemy.util.test.junit.AutoTests" name="[64] /home/travis/build/icyphy/ptII/ptolemy/domains/de/test/auto/ServerZeroDelay.xml (RunModel)" time="0.01" />
  <testcase classname="ptolemy.util.test.junit.AutoTests" name="[65] /home/travis/build/icyphy/ptII/ptolemy/domains/de/test/auto/SmartSender.xml (RunModel)" time="3.008" />
  <testcase classname="ptolemy.util.test.junit.AutoTests" name="[66] /home/travis/build/icyphy/ptII/ptolemy/domains/de/test/auto/ThreadedComposite.xml (RunModel)" time="0.127" />
  <testcase classname="ptolemy.util.test.junit.AutoTests" name="[67] /home/travis/build/icyphy/ptII/ptolemy/domains/de/test/auto/Time.xml (RunModel)" time="0.494" />
  <testcase classname="ptolemy.util.test.junit.AutoTests" name="[68] /home/travis/build/icyphy/ptII/ptolemy/domains/de/test/auto/TimeDelayZeroDelay.xml (RunModel)" time="0.011" />
  <testcase classname="ptolemy.util.test.junit.AutoTests" name="[69] /home/travis/build/icyphy/ptII/ptolemy/domains/de/test/auto/TimerZeroDelay.xml (RunModel)" time="0.011" />
  <testcase classname="ptolemy.util.test.junit.AutoTests" name="[70] /home/travis/build/icyphy/ptII/ptolemy/domains/de/test/auto/TimingParadox.xml (RunModel)" time="0.387" />
  <testcase classname="ptolemy.util.test.junit.AutoTests" name="[71] /home/travis/build/icyphy/ptII/ptolemy/domains/de/test/auto/TransferInputs.xml (RunModel)" time="0.02" />
  <testcase classname="ptolemy.util.test.junit.AutoTests" name="[72] /home/travis/build/icyphy/ptII/ptolemy/domains/de/test/auto/TransferOutputs2.xml (RunModel)" time="0.016" />
  <testcase classname="ptolemy.util.test.junit.AutoTests" name="[73] /home/travis/build/icyphy/ptII/ptolemy/domains/de/test/auto/Trilateration.xml (RunModel)" time="12.768" />
  <testcase classname="ptolemy.util.test.junit.AutoTests" name="[74] /home/travis/build/icyphy/ptII/ptolemy/domains/de/test/auto/TwoSigmaDelta.xml (RunModel)" time="2.25" />
  <testcase classname="ptolemy.util.test.junit.AutoTests" name="[75] /home/travis/build/icyphy/ptII/ptolemy/domains/de/test/auto/VariableDelay.xml (RunModel)" time="0.011" />
  <testcase classname="ptolemy.util.test.junit.AutoTests" name="[76] /home/travis/build/icyphy/ptII/ptolemy/domains/de/test/auto/VariableDelay2.xml (RunModel)" time="0.009" />
  <testcase classname="ptolemy.util.test.junit.AutoTests" name="[77] /home/travis/build/icyphy/ptII/ptolemy/domains/de/test/auto/VariableDelayZeroDelay.xml (RunModel)" time="0.01" />
  <testcase classname="ptolemy.util.test.junit.AutoTests" name="[78] /home/travis/build/icyphy/ptII/ptolemy/domains/de/test/auto/VariableDelayZeroDelay2.xml (RunModel)" time="0.01" />
  <testcase classname="ptolemy.util.test.junit.AutoTests" name="[79] /home/travis/build/icyphy/ptII/ptolemy/domains/de/test/auto/deInCt.xml (RunModel)" time="0.021" />
  <testcase classname="ptolemy.util.test.junit.AutoTests" name="[80] /home/travis/build/icyphy/ptII/ptolemy/domains/de/test/auto/deInCt2.xml (RunModel)" time="0.015" />
  <testcase classname="ptolemy.util.test.junit.AutoTests" name="[81] /home/travis/build/icyphy/ptII/ptolemy/domains/de/test/auto/dynamicCausalityInterface1.xml (RunModel)" time="0.023" />
  <testcase classname="ptolemy.util.test.junit.AutoTests" name="[82] /home/travis/build/icyphy/ptII/ptolemy/domains/de/test/auto/fsm_de_test.xml (RunModel)" time="0.021" />
  <testcase classname="ptolemy.util.test.junit.AutoTests" name="[83] /home/travis/build/icyphy/ptII/ptolemy/domains/de/test/auto/functionDependencyReconstruction.xml (RunModel)" time="0.029" />
  <testcase classname="ptolemy.util.test.junit.AutoTests" name="[84] /home/travis/build/icyphy/ptII/ptolemy/domains/de/test/auto/multirate.xml (RunModel)" time="0.015" />
  <testcase classname="ptolemy.util.test.junit.AutoTests" name="[85] /home/travis/build/icyphy/ptII/ptolemy/domains/de/test/auto/multirate2.xml (RunModel)" time="0.015" />
  <testcase classname="ptolemy.util.test.junit.AutoTests" name="[86] /home/travis/build/icyphy/ptII/ptolemy/domains/de/test/auto/realtime.xml (RunModel)" time="10.01" />
  <testcase classname="ptolemy.util.test.junit.AutoTests" name="[87] /home/travis/build/icyphy/ptII/ptolemy/domains/de/test/auto/relationGroup.xml (RunModel)" time="0.01" />
  <testcase classname="ptolemy.util.test.junit.AutoTests" name="[88] /home/travis/build/icyphy/ptII/ptolemy/domains/de/test/auto/relationGroup2.xml (RunModel)" time="0.013" />
  <testcase classname="ptolemy.util.test.junit.AutoTests" name="[89] /home/travis/build/icyphy/ptII/ptolemy/domains/de/test/auto/sortWithOpaquePorts.xml (RunModel)" time="0.015" />
  <testcase classname="ptolemy.util.test.junit.AutoTests" name="[90] /home/travis/build/icyphy/ptII/ptolemy/domains/de/test/auto/transferInputsandOutputs.xml (RunModel)" time="0.018" />
  <testcase classname="ptolemy.util.test.junit.AutoTests" name="[91] /home/travis/build/icyphy/ptII/ptolemy/domains/de/test/auto/triggerType.xml (RunModel)" time="0.01" />
  <system-out><![CDATA[/home/travis/build/icyphy/ptII/ptolemy/domains/de/test/DependencyLoop.tcl
testDefs.tcl: setting time out to 9000 seconds at Mon Jul 22 01:12:39 UTC 2019
88 ms. Memory: 120832K Free: 72134K (60%)
22 ms. Memory: 120832K Free: 54695K (45%)
/home/travis/build/icyphy/ptII/ptolemy/domains/de/test/RunDETestsAsQSS.tcl
Run the DE tests using ptolemy.domains.qss.test.QSSDirectorTest, which extends QSSDirector and prints a message in the constructors.
------------------ testing $PTII/ptolemy/domains/de/test/auto/knownFailedTests/DirectFeedback.xml (Known Failure) 
59 ms. Memory: 120832K Free: 48582K (40%)


==== $PTIIhome/travis/build/icyphy/ptII/ptolemy/domains/de/test/../../../../: Auto Automatic test in file $PTII/ptolemy/domains/de/test/auto/knownFailedTests/DirectFeedback.xml
==== Contents of test case:

	    # FIXME: we should use $relativeFilename here, but it
	    # might have backslashes under Windows, which causes no end
	    # of trouble.
	    createAndExecute $file
	    list {}
	
.... Test generated KNOWN error:
    while executing
ptolemy.kernel.util.IllegalActionException: Test fails in iteration 1.
Value was: 1.0. Should have been: 2.0
  in .DirectFeedback.Test
	at ptolemy.actor.lib.Test.fire(Test.java:268)
	at ptolemy.domains.de.kernel.DEDirector._fire(DEDirector.java:1949)
	at ptolemy.domains.de.kernel.DEDirector.fire(DEDirector.java:502)
	at ptolemy.actor.CompositeActor.fire(CompositeActor.java:455)
	at ptolemy.actor.Manager.iterate(Manager.java:851)
	at ptolemy.actor.Manager.execute(Manager.java:369)
	at ptolemy.actor.Manager.run(Manager.java:1263)
	at ptolemy.actor.Manager$PtolemyRunThread.run(Manager.java:1933)

    while executing
ptolemy.kernel.util.IllegalActionException: Test fails in iteration 1.
Value was: 1.0. Should have been: 2.0
  in .DirectFeedback.Test
    while executing
"java::new ptolemy.moml.MoMLSimpleApplication $file
"
    (procedure "createAndExecute" line 2)
    invoked from within
"createAndExecute $file"
    ("uplevel" body line 5)
    invoked from within
"uplevel $contents_of_test"
------------------ testing $PTII/ptolemy/domains/de/test/auto/knownFailedTests/dependencyLoop.xml (Known Failure) 
48 ms. Memory: 120832K Free: 108133K (89%)


==== $PTIIhome/travis/build/icyphy/ptII/ptolemy/domains/de/test/../../../../: Auto Automatic test in file $PTII/ptolemy/domains/de/test/auto/knownFailedTests/dependencyLoop.xml
==== Contents of test case:

	    # FIXME: we should use $relativeFilename here, but it
	    # might have backslashes under Windows, which causes no end
	    # of trouble.
	    createAndExecute $file
	    list {}
	
.... Test generated KNOWN error:
    while executing
ptolemy.kernel.util.IllegalActionException: Found a zero delay loop containing .dependencyLoop.original
  in .dependencyLoop and .dependencyLoop.original
	at ptolemy.actor.util.CausalityInterfaceForComposites._computeOutputPortDepth(CausalityInterfaceForComposites.java:759)
	at ptolemy.actor.util.CausalityInterfaceForComposites._computeInputDepth(CausalityInterfaceForComposites.java:696)
	at ptolemy.actor.util.CausalityInterfaceForComposites._computeOutputPortDepth(CausalityInterfaceForComposites.java:765)
	at ptolemy.actor.util.CausalityInterfaceForComposites._computeInputDepth(CausalityInterfaceForComposites.java:696)
	at ptolemy.actor.util.CausalityInterfaceForComposites._computeOutputPortDepth(CausalityInterfaceForComposites.java:765)
	at ptolemy.actor.util.CausalityInterfaceForComposites._computeInputDepth(CausalityInterfaceForComposites.java:696)
	at ptolemy.actor.util.CausalityInterfaceForComposites._computeActorDepth(CausalityInterfaceForComposites.java:532)
	at ptolemy.actor.util.CausalityInterfaceForComposites.checkForCycles(CausalityInterfaceForComposites.java:96)
	at ptolemy.domains.de.kernel.DEDirector.preinitialize(DEDirector.java:1338)
	at ptolemy.actor.CompositeActor.preinitialize(CompositeActor.java:1828)
	at ptolemy.actor.Manager.preinitializeAndResolveTypes(Manager.java:1040)
	at ptolemy.actor.Manager.initialize(Manager.java:710)
	at ptolemy.actor.Manager.execute(Manager.java:356)
	at ptolemy.actor.Manager.run(Manager.java:1263)
	at ptolemy.actor.Manager$PtolemyRunThread.run(Manager.java:1933)

    while executing
ptolemy.kernel.util.IllegalActionException: Found a zero delay loop containing .dependencyLoop.original
  in .dependencyLoop and .dependencyLoop.original
    while executing
"java::new ptolemy.moml.MoMLSimpleApplication $file
"
    (procedure "createAndExecute" line 2)
    invoked from within
"createAndExecute $file"
    ("uplevel" body line 5)
    invoked from within
"uplevel $contents_of_test"
------------------ testing $PTII/ptolemy/domains/de/test/auto/knownFailedTests/FSMSource.xml (Known Failure) 
79 ms. Memory: 120832K Free: 98704K (82%)
!!!! Auto was marked as failing, but now passes
------------------ testing $PTII/ptolemy/domains/de/test/auto/knownFailedTests/HierarchicalModel.xml (Known Failure) 
6 ms. Memory: 120832K Free: 81545K (67%)


==== $PTIIhome/travis/build/icyphy/ptII/ptolemy/domains/de/test/../../../../: Auto Automatic test in file $PTII/ptolemy/domains/de/test/auto/knownFailedTests/HierarchicalModel.xml
==== Contents of test case:

	    # FIXME: we should use $relativeFilename here, but it
	    # might have backslashes under Windows, which causes no end
	    # of trouble.
	    createAndExecute $file
	    list {}
	
.... Test generated KNOWN error:
    while executing
ptolemy.kernel.util.IllegalActionException: Found a zero delay loop containing .HierarchicalModel.A
  in .HierarchicalModel and .HierarchicalModel.A
	at ptolemy.actor.util.CausalityInterfaceForComposites._computeOutputPortDepth(CausalityInterfaceForComposites.java:759)
	at ptolemy.actor.util.CausalityInterfaceForComposites._computeInputDepth(CausalityInterfaceForComposites.java:696)
	at ptolemy.actor.util.CausalityInterfaceForComposites._computeOutputPortDepth(CausalityInterfaceForComposites.java:765)
	at ptolemy.actor.util.CausalityInterfaceForComposites._computeInputDepth(CausalityInterfaceForComposites.java:696)
	at ptolemy.actor.util.CausalityInterfaceForComposites._computeOutputPortDepth(CausalityInterfaceForComposites.java:765)
	at ptolemy.actor.util.CausalityInterfaceForComposites._computeInputDepth(CausalityInterfaceForComposites.java:696)
	at ptolemy.actor.util.CausalityInterfaceForComposites._computeActorDepth(CausalityInterfaceForComposites.java:532)
	at ptolemy.actor.util.CausalityInterfaceForComposites.checkForCycles(CausalityInterfaceForComposites.java:96)
	at ptolemy.domains.de.kernel.DEDirector.preinitialize(DEDirector.java:1338)
	at ptolemy.actor.CompositeActor.preinitialize(CompositeActor.java:1828)
	at ptolemy.actor.Manager.preinitializeAndResolveTypes(Manager.java:1040)
	at ptolemy.actor.Manager.initialize(Manager.java:710)
	at ptolemy.actor.Manager.execute(Manager.java:356)
	at ptolemy.actor.Manager.run(Manager.java:1263)
	at ptolemy.actor.Manager$PtolemyRunThread.run(Manager.java:1933)

    while executing
ptolemy.kernel.util.IllegalActionException: Found a zero delay loop containing .HierarchicalModel.A
  in .HierarchicalModel and .HierarchicalModel.A
    while executing
"java::new ptolemy.moml.MoMLSimpleApplication $file
"
    (procedure "createAndExecute" line 2)
    invoked from within
"createAndExecute $file"
    ("uplevel" body line 5)
    invoked from within
"uplevel $contents_of_test"
------------------ testing $PTII/ptolemy/domains/de/test/auto/knownFailedTests/dependencyLoop2.xml (Known Failure) 
26 ms. Memory: 120832K Free: 105224K (87%)


==== $PTIIhome/travis/build/icyphy/ptII/ptolemy/domains/de/test/../../../../: Auto Automatic test in file $PTII/ptolemy/domains/de/test/auto/knownFailedTests/dependencyLoop2.xml
==== Contents of test case:

	    # FIXME: we should use $relativeFilename here, but it
	    # might have backslashes under Windows, which causes no end
	    # of trouble.
	    createAndExecute $file
	    list {}
	
.... Test generated KNOWN error:
    while executing
ptolemy.kernel.util.IllegalActionException: Found a zero delay loop containing .dependencyLoop2.original
  in .dependencyLoop2 and .dependencyLoop2.original
	at ptolemy.actor.util.CausalityInterfaceForComposites._computeOutputPortDepth(CausalityInterfaceForComposites.java:759)
	at ptolemy.actor.util.CausalityInterfaceForComposites._computeInputDepth(CausalityInterfaceForComposites.java:696)
	at ptolemy.actor.util.CausalityInterfaceForComposites._computeOutputPortDepth(CausalityInterfaceForComposites.java:765)
	at ptolemy.actor.util.CausalityInterfaceForComposites._computeInputDepth(CausalityInterfaceForComposites.java:696)
	at ptolemy.actor.util.CausalityInterfaceForComposites._computeOutputPortDepth(CausalityInterfaceForComposites.java:765)
	at ptolemy.actor.util.CausalityInterfaceForComposites._computeInputDepth(CausalityInterfaceForComposites.java:696)
	at ptolemy.actor.util.CausalityInterfaceForComposites._computeActorDepth(CausalityInterfaceForComposites.java:532)
	at ptolemy.actor.util.CausalityInterfaceForComposites.checkForCycles(CausalityInterfaceForComposites.java:96)
	at ptolemy.domains.de.kernel.DEDirector.preinitialize(DEDirector.java:1338)
	at ptolemy.actor.CompositeActor.preinitialize(CompositeActor.java:1828)
	at ptolemy.actor.Manager.preinitializeAndResolveTypes(Manager.java:1040)
	at ptolemy.actor.Manager.initialize(Manager.java:710)
	at ptolemy.actor.Manager.execute(Manager.java:356)
	at ptolemy.actor.Manager.run(Manager.java:1263)
	at ptolemy.actor.Manager$PtolemyRunThread.run(Manager.java:1933)

    while executing
ptolemy.kernel.util.IllegalActionException: Found a zero delay loop containing .dependencyLoop2.original
  in .dependencyLoop2 and .dependencyLoop2.original
    while executing
"java::new ptolemy.moml.MoMLSimpleApplication $file
"
    (procedure "createAndExecute" line 2)
    invoked from within
"createAndExecute $file"
    ("uplevel" body line 5)
    invoked from within
"uplevel $contents_of_test"
------------------ testing $PTII/ptolemy/domains/de/test/auto/knownFailedTests/DESDFClockTest.xml (Known Failure) 
2084 ms. Memory: 120832K Free: 92237K (76%)


==== $PTIIhome/travis/build/icyphy/ptII/ptolemy/domains/de/test/../../../../: Auto Automatic test in file $PTII/ptolemy/domains/de/test/auto/knownFailedTests/DESDFClockTest.xml
==== Contents of test case:

	    # FIXME: we should use $relativeFilename here, but it
	    # might have backslashes under Windows, which causes no end
	    # of trouble.
	    createAndExecute $file
	    list {}
	
.... Test generated KNOWN error:
    while executing
ptolemy.kernel.util.IllegalActionException: Actor is not ready to fire.  Perhaps UpSample.prefire() returned false? Try debugging the actor by selecting "Listen to Actor".  Also, for SDF check moml for tokenConsumptionRate on input.
  in .DESDFClockTest.Play Bell.Copy1:SDF Director and .DESDFClockTest.Play Bell.UpSample
	at ptolemy.actor.sched.StaticSchedulingDirector.fire(StaticSchedulingDirector.java:227)
	at ptolemy.domains.sdf.kernel.SDFDirector.fire(SDFDirector.java:500)
	at ptolemy.actor.CompositeActor.fire(CompositeActor.java:455)
	at ptolemy.domains.de.kernel.DEDirector._fire(DEDirector.java:1949)
	at ptolemy.domains.de.kernel.DEDirector.fire(DEDirector.java:502)
	at ptolemy.actor.CompositeActor.fire(CompositeActor.java:455)
	at ptolemy.actor.Manager.iterate(Manager.java:851)
	at ptolemy.actor.Manager.execute(Manager.java:369)
	at ptolemy.actor.Manager.run(Manager.java:1263)
	at ptolemy.actor.Manager$PtolemyRunThread.run(Manager.java:1933)

    while executing
ptolemy.kernel.util.IllegalActionException: Actor is not ready to fire.  Perhaps UpSample.prefire() returned false? Try debugging the actor by selecting "Listen to Actor".  Also, for SDF check moml for tokenConsumptionRate on input.
  in .DESDFClockTest.Play Bell.Copy1:SDF Director and .DESDFClockTest.Play Bell.UpSample
    while executing
"java::new ptolemy.moml.MoMLSimpleApplication $file
"
    (procedure "createAndExecute" line 2)
    invoked from within
"createAndExecute $file"
    ("uplevel" body line 5)
    invoked from within
"uplevel $contents_of_test"
------------------ testing $PTII/ptolemy/domains/de/test/auto/ActorDepthCalculation_actorWithoutPorts.xml
auto.tcl: Setting watchdog for 200 seconds at Mon Jul 22 01:12:43 UTC 2019
5 ms. Memory: 120832K Free: 85396K (71%)
ptolemy.util.test.WatchDog.cancel(): canceling Mon Jul 22 01:12:43 UTC 2019
auto.tcl: Setting watchdog for 200 seconds at Mon Jul 22 01:12:43 UTC 2019
8 ms. Memory: 120832K Free: 83720K (69%)
ptolemy.util.test.WatchDog.cancel(): canceling Mon Jul 22 01:12:43 UTC 2019
------------------ testing $PTII/ptolemy/domains/de/test/auto/AssemblyLine.xml
auto.tcl: Setting watchdog for 200 seconds at Mon Jul 22 01:12:44 UTC 2019
17 ms. Memory: 48128K Free: 25525K (53%)
ptolemy.util.test.WatchDog.cancel(): canceling Mon Jul 22 01:12:44 UTC 2019
auto.tcl: Setting watchdog for 200 seconds at Mon Jul 22 01:12:44 UTC 2019
7 ms. Memory: 48128K Free: 24748K (51%)
ptolemy.util.test.WatchDog.cancel(): canceling Mon Jul 22 01:12:44 UTC 2019
------------------ testing $PTII/ptolemy/domains/de/test/auto/CQBug1.xml
auto.tcl: Setting watchdog for 200 seconds at Mon Jul 22 01:12:44 UTC 2019
3 ms. Memory: 48128K Free: 31615K (66%)
ptolemy.util.test.WatchDog.cancel(): canceling Mon Jul 22 01:12:44 UTC 2019
auto.tcl: Setting watchdog for 200 seconds at Mon Jul 22 01:12:44 UTC 2019
2 ms. Memory: 48128K Free: 31212K (65%)
ptolemy.util.test.WatchDog.cancel(): canceling Mon Jul 22 01:12:44 UTC 2019
------------------ testing $PTII/ptolemy/domains/de/test/auto/CancelFireAt.xml
auto.tcl: Setting watchdog for 200 seconds at Mon Jul 22 01:12:44 UTC 2019
3 ms. Memory: 48128K Free: 32781K (68%)
ptolemy.util.test.WatchDog.cancel(): canceling Mon Jul 22 01:12:44 UTC 2019
auto.tcl: Setting watchdog for 200 seconds at Mon Jul 22 01:12:44 UTC 2019
3 ms. Memory: 48128K Free: 32370K (67%)
ptolemy.util.test.WatchDog.cancel(): canceling Mon Jul 22 01:12:44 UTC 2019
------------------ testing $PTII/ptolemy/domains/de/test/auto/CausalityAndComposabilityAnalysis.xml
auto.tcl: Setting watchdog for 200 seconds at Mon Jul 22 01:12:44 UTC 2019
7 ms. Memory: 45056K Free: 27427K (61%)
ptolemy.util.test.WatchDog.cancel(): canceling Mon Jul 22 01:12:44 UTC 2019
auto.tcl: Setting watchdog for 200 seconds at Mon Jul 22 01:12:44 UTC 2019
6 ms. Memory: 45056K Free: 27025K (60%)
ptolemy.util.test.WatchDog.cancel(): canceling Mon Jul 22 01:12:44 UTC 2019
------------------ testing $PTII/ptolemy/domains/de/test/auto/CausalityInterface1.xml
auto.tcl: Setting watchdog for 200 seconds at Mon Jul 22 01:12:44 UTC 2019
36 ms. Memory: 45056K Free: 26377K (59%)
ptolemy.util.test.WatchDog.cancel(): canceling Mon Jul 22 01:12:45 UTC 2019
auto.tcl: Setting watchdog for 200 seconds at Mon Jul 22 01:12:45 UTC 2019
11 ms. Memory: 45056K Free: 25450K (56%)
ptolemy.util.test.WatchDog.cancel(): canceling Mon Jul 22 01:12:45 UTC 2019
------------------ testing $PTII/ptolemy/domains/de/test/auto/CausalityInterface15.xml
auto.tcl: Setting watchdog for 200 seconds at Mon Jul 22 01:12:45 UTC 2019
8 ms. Memory: 45056K Free: 26049K (58%)
ptolemy.util.test.WatchDog.cancel(): canceling Mon Jul 22 01:12:45 UTC 2019
auto.tcl: Setting watchdog for 200 seconds at Mon Jul 22 01:12:45 UTC 2019
4 ms. Memory: 45056K Free: 25363K (56%)
ptolemy.util.test.WatchDog.cancel(): canceling Mon Jul 22 01:12:45 UTC 2019
------------------ testing $PTII/ptolemy/domains/de/test/auto/CausalityInterface2.xml
auto.tcl: Setting watchdog for 200 seconds at Mon Jul 22 01:12:45 UTC 2019
4 ms. Memory: 45056K Free: 27096K (60%)
ptolemy.util.test.WatchDog.cancel(): canceling Mon Jul 22 01:12:45 UTC 2019
auto.tcl: Setting watchdog for 200 seconds at Mon Jul 22 01:12:45 UTC 2019
3 ms. Memory: 45056K Free: 26381K (59%)
ptolemy.util.test.WatchDog.cancel(): canceling Mon Jul 22 01:12:45 UTC 2019
------------------ testing $PTII/ptolemy/domains/de/test/auto/CausalityInterface3.xml
auto.tcl: Setting watchdog for 200 seconds at Mon Jul 22 01:12:45 UTC 2019
12 ms. Memory: 45056K Free: 26558K (59%)
ptolemy.util.test.WatchDog.cancel(): canceling Mon Jul 22 01:12:45 UTC 2019
auto.tcl: Setting watchdog for 200 seconds at Mon Jul 22 01:12:45 UTC 2019
3 ms. Memory: 45056K Free: 25803K (57%)
ptolemy.util.test.WatchDog.cancel(): canceling Mon Jul 22 01:12:45 UTC 2019
------------------ testing $PTII/ptolemy/domains/de/test/auto/ClockDrift.xml
auto.tcl: Setting watchdog for 200 seconds at Mon Jul 22 01:12:45 UTC 2019
94 ms. Memory: 45056K Free: 19175K (43%)
ptolemy.util.test.WatchDog.cancel(): canceling Mon Jul 22 01:12:45 UTC 2019
auto.tcl: Setting watchdog for 200 seconds at Mon Jul 22 01:12:45 UTC 2019
56 ms. Memory: 45056K Free: 16181K (36%)
ptolemy.util.test.WatchDog.cancel(): canceling Mon Jul 22 01:12:45 UTC 2019
------------------ testing $PTII/ptolemy/domains/de/test/auto/ClockDriftAndValueChange.xml
auto.tcl: Setting watchdog for 200 seconds at Mon Jul 22 01:12:45 UTC 2019
50 ms. Memory: 45056K Free: 19234K (43%)
ptolemy.util.test.WatchDog.cancel(): canceling Mon Jul 22 01:12:45 UTC 2019
auto.tcl: Setting watchdog for 200 seconds at Mon Jul 22 01:12:45 UTC 2019
21 ms. Memory: 45056K Free: 16379K (36%)
ptolemy.util.test.WatchDog.cancel(): canceling Mon Jul 22 01:12:45 UTC 2019
------------------ testing $PTII/ptolemy/domains/de/test/auto/ClockDriftChange.xml
auto.tcl: Setting watchdog for 200 seconds at Mon Jul 22 01:12:45 UTC 2019
21 ms. Memory: 45056K Free: 21269K (47%)
ptolemy.util.test.WatchDog.cancel(): canceling Mon Jul 22 01:12:45 UTC 2019
auto.tcl: Setting watchdog for 200 seconds at Mon Jul 22 01:12:45 UTC 2019
27 ms. Memory: 45056K Free: 18737K (42%)
ptolemy.util.test.WatchDog.cancel(): canceling Mon Jul 22 01:12:45 UTC 2019
------------------ testing $PTII/ptolemy/domains/de/test/auto/ComposableCausalityAnalysis.xml
auto.tcl: Setting watchdog for 200 seconds at Mon Jul 22 01:12:45 UTC 2019
2 ms. Memory: 45056K Free: 25892K (57%)
ptolemy.util.test.WatchDog.cancel(): canceling Mon Jul 22 01:12:45 UTC 2019
auto.tcl: Setting watchdog for 200 seconds at Mon Jul 22 01:12:45 UTC 2019
2 ms. Memory: 45056K Free: 24850K (55%)
ptolemy.util.test.WatchDog.cancel(): canceling Mon Jul 22 01:12:45 UTC 2019
------------------ testing $PTII/ptolemy/domains/de/test/auto/DEFixedPointLimitation.xml
auto.tcl: Setting watchdog for 200 seconds at Mon Jul 22 01:12:46 UTC 2019
2 ms. Memory: 45056K Free: 27236K (60%)
ptolemy.util.test.WatchDog.cancel(): canceling Mon Jul 22 01:12:46 UTC 2019
auto.tcl: Setting watchdog for 200 seconds at Mon Jul 22 01:12:46 UTC 2019
1 ms. Memory: 45056K Free: 26356K (58%)
ptolemy.util.test.WatchDog.cancel(): canceling Mon Jul 22 01:12:46 UTC 2019
------------------ testing $PTII/ptolemy/domains/de/test/auto/DEScheduleTest.xml
auto.tcl: Setting watchdog for 200 seconds at Mon Jul 22 01:12:46 UTC 2019
3 ms. Memory: 45056K Free: 27552K (61%)
ptolemy.util.test.WatchDog.cancel(): canceling Mon Jul 22 01:12:46 UTC 2019
auto.tcl: Setting watchdog for 200 seconds at Mon Jul 22 01:12:46 UTC 2019
3 ms. Memory: 45056K Free: 26811K (60%)
ptolemy.util.test.WatchDog.cancel(): canceling Mon Jul 22 01:12:46 UTC 2019
------------------ testing $PTII/ptolemy/domains/de/test/auto/DEinDEwithStartTimes.xml
auto.tcl: Setting watchdog for 200 seconds at Mon Jul 22 01:12:46 UTC 2019
4 ms. Memory: 45056K Free: 25715K (57%)
ptolemy.util.test.WatchDog.cancel(): canceling Mon Jul 22 01:12:46 UTC 2019
auto.tcl: Setting watchdog for 200 seconds at Mon Jul 22 01:12:46 UTC 2019
3 ms. Memory: 45056K Free: 24672K (55%)
ptolemy.util.test.WatchDog.cancel(): canceling Mon Jul 22 01:12:46 UTC 2019
------------------ testing $PTII/ptolemy/domains/de/test/auto/DEinDEwithStartTimes2.xml
auto.tcl: Setting watchdog for 200 seconds at Mon Jul 22 01:12:46 UTC 2019
4 ms. Memory: 45056K Free: 24928K (55%)
ptolemy.util.test.WatchDog.cancel(): canceling Mon Jul 22 01:12:46 UTC 2019
auto.tcl: Setting watchdog for 200 seconds at Mon Jul 22 01:12:46 UTC 2019
7 ms. Memory: 45056K Free: 23628K (52%)
ptolemy.util.test.WatchDog.cancel(): canceling Mon Jul 22 01:12:46 UTC 2019
------------------ testing $PTII/ptolemy/domains/de/test/auto/DateDemo.xml
auto.tcl: Setting watchdog for 200 seconds at Mon Jul 22 01:12:46 UTC 2019
22 ms. Memory: 45056K Free: 19280K (43%)
ptolemy.util.test.WatchDog.cancel(): canceling Mon Jul 22 01:12:46 UTC 2019
auto.tcl: Setting watchdog for 200 seconds at Mon Jul 22 01:12:46 UTC 2019
10 ms. Memory: 45056K Free: 17742K (39%)
ptolemy.util.test.WatchDog.cancel(): canceling Mon Jul 22 01:12:46 UTC 2019
------------------ testing $PTII/ptolemy/domains/de/test/auto/DateToEvent.xml
auto.tcl: Setting watchdog for 200 seconds at Mon Jul 22 01:12:46 UTC 2019
2020 ms. Memory: 45056K Free: 15189K (34%)
ptolemy.util.test.WatchDog.cancel(): canceling Mon Jul 22 01:12:48 UTC 2019
auto.tcl: Setting watchdog for 200 seconds at Mon Jul 22 01:12:48 UTC 2019
2005 ms. Memory: 45056K Free: 14258K (32%)
ptolemy.util.test.WatchDog.cancel(): canceling Mon Jul 22 01:12:50 UTC 2019
------------------ testing $PTII/ptolemy/domains/de/test/auto/DepthTest1.xml
auto.tcl: Setting watchdog for 200 seconds at Mon Jul 22 01:12:50 UTC 2019
3 ms. Memory: 45056K Free: 28145K (62%)
ptolemy.util.test.WatchDog.cancel(): canceling Mon Jul 22 01:12:50 UTC 2019
auto.tcl: Setting watchdog for 200 seconds at Mon Jul 22 01:12:50 UTC 2019
2 ms. Memory: 45056K Free: 27653K (61%)
ptolemy.util.test.WatchDog.cancel(): canceling Mon Jul 22 01:12:50 UTC 2019
------------------ testing $PTII/ptolemy/domains/de/test/auto/DepthTest2.xml
auto.tcl: Setting watchdog for 200 seconds at Mon Jul 22 01:12:50 UTC 2019
5 ms. Memory: 45056K Free: 24890K (55%)
ptolemy.util.test.WatchDog.cancel(): canceling Mon Jul 22 01:12:50 UTC 2019
auto.tcl: Setting watchdog for 200 seconds at Mon Jul 22 01:12:50 UTC 2019
3 ms. Memory: 45056K Free: 24473K (54%)
ptolemy.util.test.WatchDog.cancel(): canceling Mon Jul 22 01:12:50 UTC 2019
------------------ testing $PTII/ptolemy/domains/de/test/auto/DepthTest3.xml
auto.tcl: Setting watchdog for 200 seconds at Mon Jul 22 01:12:50 UTC 2019
2 ms. Memory: 45056K Free: 28481K (63%)
ptolemy.util.test.WatchDog.cancel(): canceling Mon Jul 22 01:12:50 UTC 2019
auto.tcl: Setting watchdog for 200 seconds at Mon Jul 22 01:12:50 UTC 2019
1 ms. Memory: 45056K Free: 27944K (62%)
ptolemy.util.test.WatchDog.cancel(): canceling Mon Jul 22 01:12:50 UTC 2019
------------------ testing $PTII/ptolemy/domains/de/test/auto/DepthTest4.xml
auto.tcl: Setting watchdog for 200 seconds at Mon Jul 22 01:12:50 UTC 2019
6 ms. Memory: 45056K Free: 26706K (59%)
ptolemy.util.test.WatchDog.cancel(): canceling Mon Jul 22 01:12:50 UTC 2019
auto.tcl: Setting watchdog for 200 seconds at Mon Jul 22 01:12:50 UTC 2019
2 ms. Memory: 45056K Free: 25985K (58%)
ptolemy.util.test.WatchDog.cancel(): canceling Mon Jul 22 01:12:50 UTC 2019
------------------ testing $PTII/ptolemy/domains/de/test/auto/DepthTest5.xml
auto.tcl: Setting watchdog for 200 seconds at Mon Jul 22 01:12:51 UTC 2019
3 ms. Memory: 45056K Free: 25860K (57%)
ptolemy.util.test.WatchDog.cancel(): canceling Mon Jul 22 01:12:51 UTC 2019
auto.tcl: Setting watchdog for 200 seconds at Mon Jul 22 01:12:51 UTC 2019
2 ms. Memory: 45056K Free: 25483K (57%)
ptolemy.util.test.WatchDog.cancel(): canceling Mon Jul 22 01:12:51 UTC 2019
------------------ testing $PTII/ptolemy/domains/de/test/auto/DepthTest6.xml
auto.tcl: Setting watchdog for 200 seconds at Mon Jul 22 01:12:51 UTC 2019
5 ms. Memory: 45056K Free: 25822K (57%)
ptolemy.util.test.WatchDog.cancel(): canceling Mon Jul 22 01:12:51 UTC 2019
auto.tcl: Setting watchdog for 200 seconds at Mon Jul 22 01:12:51 UTC 2019
2 ms. Memory: 45056K Free: 25438K (56%)
ptolemy.util.test.WatchDog.cancel(): canceling Mon Jul 22 01:12:51 UTC 2019
------------------ testing $PTII/ptolemy/domains/de/test/auto/DepthTest7.xml
auto.tcl: Setting watchdog for 200 seconds at Mon Jul 22 01:12:51 UTC 2019
3 ms. Memory: 45056K Free: 26630K (59%)
ptolemy.util.test.WatchDog.cancel(): canceling Mon Jul 22 01:12:51 UTC 2019
auto.tcl: Setting watchdog for 200 seconds at Mon Jul 22 01:12:51 UTC 2019
3 ms. Memory: 45056K Free: 25910K (58%)
ptolemy.util.test.WatchDog.cancel(): canceling Mon Jul 22 01:12:51 UTC 2019
------------------ testing $PTII/ptolemy/domains/de/test/auto/EventToDate.xml
auto.tcl: Setting watchdog for 200 seconds at Mon Jul 22 01:12:51 UTC 2019
3008 ms. Memory: 45056K Free: 17413K (39%)
ptolemy.util.test.WatchDog.cancel(): canceling Mon Jul 22 01:12:54 UTC 2019
auto.tcl: Setting watchdog for 200 seconds at Mon Jul 22 01:12:54 UTC 2019
3004 ms. Memory: 45056K Free: 16744K (37%)
ptolemy.util.test.WatchDog.cancel(): canceling Mon Jul 22 01:12:57 UTC 2019
------------------ testing $PTII/ptolemy/domains/de/test/auto/FSM1.xml
auto.tcl: Setting watchdog for 200 seconds at Mon Jul 22 01:12:57 UTC 2019
44 ms. Memory: 45056K Free: 18630K (41%)
ptolemy.util.test.WatchDog.cancel(): canceling Mon Jul 22 01:12:57 UTC 2019
auto.tcl: Setting watchdog for 200 seconds at Mon Jul 22 01:12:57 UTC 2019
30 ms. Memory: 45056K Free: 15364K (34%)
ptolemy.util.test.WatchDog.cancel(): canceling Mon Jul 22 01:12:57 UTC 2019
------------------ testing $PTII/ptolemy/domains/de/test/auto/FSM7.xml
auto.tcl: Setting watchdog for 200 seconds at Mon Jul 22 01:12:57 UTC 2019
31 ms. Memory: 45056K Free: 18354K (41%)
ptolemy.util.test.WatchDog.cancel(): canceling Mon Jul 22 01:12:57 UTC 2019
auto.tcl: Setting watchdog for 200 seconds at Mon Jul 22 01:12:57 UTC 2019
24 ms. Memory: 45056K Free: 15242K (34%)
ptolemy.util.test.WatchDog.cancel(): canceling Mon Jul 22 01:12:57 UTC 2019
------------------ testing $PTII/ptolemy/domains/de/test/auto/Inspection.xml
auto.tcl: Setting watchdog for 200 seconds at Mon Jul 22 01:12:57 UTC 2019
32 ms. Memory: 45056K Free: 18386K (41%)
ptolemy.util.test.WatchDog.cancel(): canceling Mon Jul 22 01:12:57 UTC 2019
auto.tcl: Setting watchdog for 200 seconds at Mon Jul 22 01:12:57 UTC 2019
29 ms. Memory: 45056K Free: 16635K (37%)
ptolemy.util.test.WatchDog.cancel(): canceling Mon Jul 22 01:12:57 UTC 2019
------------------ testing $PTII/ptolemy/domains/de/test/auto/Iteration.xml
auto.tcl: Setting watchdog for 200 seconds at Mon Jul 22 01:12:57 UTC 2019
8 ms. Memory: 45056K Free: 24080K (53%)
ptolemy.util.test.WatchDog.cancel(): canceling Mon Jul 22 01:12:57 UTC 2019
auto.tcl: Setting watchdog for 200 seconds at Mon Jul 22 01:12:57 UTC 2019
5 ms. Memory: 45056K Free: 22691K (50%)
ptolemy.util.test.WatchDog.cancel(): canceling Mon Jul 22 01:12:57 UTC 2019
------------------ testing $PTII/ptolemy/domains/de/test/auto/LineFault.xml
auto.tcl: Setting watchdog for 200 seconds at Mon Jul 22 01:12:57 UTC 2019
592 ms. Memory: 45056K Free: 25390K (56%)
ptolemy.util.test.WatchDog.cancel(): canceling Mon Jul 22 01:12:58 UTC 2019
auto.tcl: Setting watchdog for 200 seconds at Mon Jul 22 01:12:58 UTC 2019
542 ms. Memory: 58368K Free: 23963K (41%)
ptolemy.util.test.WatchDog.cancel(): canceling Mon Jul 22 01:12:59 UTC 2019
------------------ testing $PTII/ptolemy/domains/de/test/auto/MergeModel1Add.xml
auto.tcl: Setting watchdog for 200 seconds at Mon Jul 22 01:12:59 UTC 2019
33 ms. Memory: 55296K Free: 20315K (37%)
ptolemy.util.test.WatchDog.cancel(): canceling Mon Jul 22 01:12:59 UTC 2019
auto.tcl: Setting watchdog for 200 seconds at Mon Jul 22 01:12:59 UTC 2019
18 ms. Memory: 55296K Free: 18726K (34%)
ptolemy.util.test.WatchDog.cancel(): canceling Mon Jul 22 01:12:59 UTC 2019
------------------ testing $PTII/ptolemy/domains/de/test/auto/MergeModel2Add.xml
auto.tcl: Setting watchdog for 200 seconds at Mon Jul 22 01:12:59 UTC 2019
7 ms. Memory: 51200K Free: 18026K (35%)
ptolemy.util.test.WatchDog.cancel(): canceling Mon Jul 22 01:12:59 UTC 2019
auto.tcl: Setting watchdog for 200 seconds at Mon Jul 22 01:12:59 UTC 2019
8 ms. Memory: 51200K Free: 16317K (32%)
ptolemy.util.test.WatchDog.cancel(): canceling Mon Jul 22 01:12:59 UTC 2019
------------------ testing $PTII/ptolemy/domains/de/test/auto/MergeModel3Add.xml
auto.tcl: Setting watchdog for 200 seconds at Mon Jul 22 01:12:59 UTC 2019
9 ms. Memory: 51200K Free: 18273K (36%)
ptolemy.util.test.WatchDog.cancel(): canceling Mon Jul 22 01:12:59 UTC 2019
auto.tcl: Setting watchdog for 200 seconds at Mon Jul 22 01:12:59 UTC 2019
10 ms. Memory: 51200K Free: 16736K (33%)
ptolemy.util.test.WatchDog.cancel(): canceling Mon Jul 22 01:12:59 UTC 2019
------------------ testing $PTII/ptolemy/domains/de/test/auto/MergeWithoutDiscard.xml
auto.tcl: Setting watchdog for 200 seconds at Mon Jul 22 01:12:59 UTC 2019
3 ms. Memory: 51200K Free: 32607K (64%)
ptolemy.util.test.WatchDog.cancel(): canceling Mon Jul 22 01:12:59 UTC 2019
auto.tcl: Setting watchdog for 200 seconds at Mon Jul 22 01:12:59 UTC 2019
1 ms. Memory: 51200K Free: 32163K (63%)
ptolemy.util.test.WatchDog.cancel(): canceling Mon Jul 22 01:12:59 UTC 2019
------------------ testing $PTII/ptolemy/domains/de/test/auto/Modal1.xml
auto.tcl: Setting watchdog for 200 seconds at Mon Jul 22 01:12:59 UTC 2019
12 ms. Memory: 51200K Free: 24998K (49%)
ptolemy.util.test.WatchDog.cancel(): canceling Mon Jul 22 01:12:59 UTC 2019
auto.tcl: Setting watchdog for 200 seconds at Mon Jul 22 01:12:59 UTC 2019
13 ms. Memory: 51200K Free: 21750K (42%)
ptolemy.util.test.WatchDog.cancel(): canceling Mon Jul 22 01:12:59 UTC 2019
------------------ testing $PTII/ptolemy/domains/de/test/auto/Modal2.xml
auto.tcl: Setting watchdog for 200 seconds at Mon Jul 22 01:12:59 UTC 2019
14 ms. Memory: 48128K Free: 21814K (45%)
ptolemy.util.test.WatchDog.cancel(): canceling Mon Jul 22 01:13:00 UTC 2019
auto.tcl: Setting watchdog for 200 seconds at Mon Jul 22 01:13:00 UTC 2019
25 ms. Memory: 48128K Free: 18213K (38%)
ptolemy.util.test.WatchDog.cancel(): canceling Mon Jul 22 01:13:00 UTC 2019
------------------ testing $PTII/ptolemy/domains/de/test/auto/Modal3.xml
auto.tcl: Setting watchdog for 200 seconds at Mon Jul 22 01:13:00 UTC 2019
14 ms. Memory: 48128K Free: 21576K (45%)
ptolemy.util.test.WatchDog.cancel(): canceling Mon Jul 22 01:13:00 UTC 2019
auto.tcl: Setting watchdog for 200 seconds at Mon Jul 22 01:13:00 UTC 2019
20 ms. Memory: 48128K Free: 18619K (39%)
ptolemy.util.test.WatchDog.cancel(): canceling Mon Jul 22 01:13:00 UTC 2019
------------------ testing $PTII/ptolemy/domains/de/test/auto/Modal4.xml
auto.tcl: Setting watchdog for 200 seconds at Mon Jul 22 01:13:00 UTC 2019
15 ms. Memory: 48128K Free: 20781K (43%)
ptolemy.util.test.WatchDog.cancel(): canceling Mon Jul 22 01:13:00 UTC 2019
auto.tcl: Setting watchdog for 200 seconds at Mon Jul 22 01:13:00 UTC 2019
16 ms. Memory: 48128K Free: 16917K (35%)
ptolemy.util.test.WatchDog.cancel(): canceling Mon Jul 22 01:13:00 UTC 2019
------------------ testing $PTII/ptolemy/domains/de/test/auto/Modal5.xml
auto.tcl: Setting watchdog for 200 seconds at Mon Jul 22 01:13:00 UTC 2019
13 ms. Memory: 48128K Free: 20742K (43%)
ptolemy.util.test.WatchDog.cancel(): canceling Mon Jul 22 01:13:00 UTC 2019
auto.tcl: Setting watchdog for 200 seconds at Mon Jul 22 01:13:00 UTC 2019
14 ms. Memory: 48128K Free: 16903K (35%)
ptolemy.util.test.WatchDog.cancel(): canceling Mon Jul 22 01:13:00 UTC 2019
------------------ testing $PTII/ptolemy/domains/de/test/auto/Modal6.xml
auto.tcl: Setting watchdog for 200 seconds at Mon Jul 22 01:13:00 UTC 2019
13 ms. Memory: 48128K Free: 21552K (45%)
ptolemy.util.test.WatchDog.cancel(): canceling Mon Jul 22 01:13:00 UTC 2019
auto.tcl: Setting watchdog for 200 seconds at Mon Jul 22 01:13:00 UTC 2019
14 ms. Memory: 48128K Free: 17579K (37%)
ptolemy.util.test.WatchDog.cancel(): canceling Mon Jul 22 01:13:00 UTC 2019
------------------ testing $PTII/ptolemy/domains/de/test/auto/Modal7.xml
auto.tcl: Setting watchdog for 200 seconds at Mon Jul 22 01:13:00 UTC 2019
18 ms. Memory: 48128K Free: 20536K (43%)
ptolemy.util.test.WatchDog.cancel(): canceling Mon Jul 22 01:13:00 UTC 2019
auto.tcl: Setting watchdog for 200 seconds at Mon Jul 22 01:13:00 UTC 2019
13 ms. Memory: 48128K Free: 16949K (35%)
ptolemy.util.test.WatchDog.cancel(): canceling Mon Jul 22 01:13:00 UTC 2019
------------------ testing $PTII/ptolemy/domains/de/test/auto/ModalModel.xml
auto.tcl: Setting watchdog for 200 seconds at Mon Jul 22 01:13:00 UTC 2019
220 ms. Memory: 58368K Free: 38163K (65%)
ptolemy.util.test.WatchDog.cancel(): canceling Mon Jul 22 01:13:00 UTC 2019
auto.tcl: Setting watchdog for 200 seconds at Mon Jul 22 01:13:00 UTC 2019
211 ms. Memory: 58368K Free: 31918K (55%)
ptolemy.util.test.WatchDog.cancel(): canceling Mon Jul 22 01:13:01 UTC 2019
------------------ testing $PTII/ptolemy/domains/de/test/auto/ModalSource.xml
auto.tcl: Setting watchdog for 200 seconds at Mon Jul 22 01:13:01 UTC 2019
6 ms. Memory: 51200K Free: 28648K (56%)
ptolemy.util.test.WatchDog.cancel(): canceling Mon Jul 22 01:13:01 UTC 2019
auto.tcl: Setting watchdog for 200 seconds at Mon Jul 22 01:13:01 UTC 2019
6 ms. Memory: 51200K Free: 26600K (52%)
ptolemy.util.test.WatchDog.cancel(): canceling Mon Jul 22 01:13:01 UTC 2019
------------------ testing $PTII/ptolemy/domains/de/test/auto/NonInterruptibleTimerZeroDelay.xml
auto.tcl: Setting watchdog for 200 seconds at Mon Jul 22 01:13:01 UTC 2019
4 ms. Memory: 48128K Free: 30550K (63%)
ptolemy.util.test.WatchDog.cancel(): canceling Mon Jul 22 01:13:01 UTC 2019
auto.tcl: Setting watchdog for 200 seconds at Mon Jul 22 01:13:01 UTC 2019
2 ms. Memory: 48128K Free: 29847K (62%)
ptolemy.util.test.WatchDog.cancel(): canceling Mon Jul 22 01:13:01 UTC 2019
------------------ testing $PTII/ptolemy/domains/de/test/auto/OpenQueueingNetwork.xml
auto.tcl: Setting watchdog for 200 seconds at Mon Jul 22 01:13:01 UTC 2019
2914 ms. Memory: 126976K Free: 104468K (82%)
ptolemy.util.test.WatchDog.cancel(): canceling Mon Jul 22 01:13:04 UTC 2019
auto.tcl: Setting watchdog for 200 seconds at Mon Jul 22 01:13:04 UTC 2019
2892 ms. Memory: 126976K Free: 59288K (47%)
ptolemy.util.test.WatchDog.cancel(): canceling Mon Jul 22 01:13:07 UTC 2019
------------------ testing $PTII/ptolemy/domains/de/test/auto/OpenQueuingNetwork.xml
auto.tcl: Setting watchdog for 200 seconds at Mon Jul 22 01:13:07 UTC 2019
247 ms. Memory: 55296K Free: 25274K (46%)
ptolemy.util.test.WatchDog.cancel(): canceling Mon Jul 22 01:13:07 UTC 2019
auto.tcl: Setting watchdog for 200 seconds at Mon Jul 22 01:13:07 UTC 2019
251 ms. Memory: 55296K Free: 33712K (61%)
ptolemy.util.test.WatchDog.cancel(): canceling Mon Jul 22 01:13:07 UTC 2019
------------------ testing $PTII/ptolemy/domains/de/test/auto/PeriodicSampler.xml
auto.tcl: Setting watchdog for 200 seconds at Mon Jul 22 01:13:07 UTC 2019
3 ms. Memory: 48128K Free: 29715K (62%)
ptolemy.util.test.WatchDog.cancel(): canceling Mon Jul 22 01:13:07 UTC 2019
auto.tcl: Setting watchdog for 200 seconds at Mon Jul 22 01:13:07 UTC 2019
2 ms. Memory: 48128K Free: 29211K (61%)
ptolemy.util.test.WatchDog.cancel(): canceling Mon Jul 22 01:13:08 UTC 2019
------------------ testing $PTII/ptolemy/domains/de/test/auto/PersistentIO.xml
auto.tcl: Setting watchdog for 200 seconds at Mon Jul 22 01:13:08 UTC 2019
11 ms. Memory: 48128K Free: 24640K (51%)
ptolemy.util.test.WatchDog.cancel(): canceling Mon Jul 22 01:13:08 UTC 2019
auto.tcl: Setting watchdog for 200 seconds at Mon Jul 22 01:13:08 UTC 2019
5 ms. Memory: 48128K Free: 23189K (48%)
ptolemy.util.test.WatchDog.cancel(): canceling Mon Jul 22 01:13:08 UTC 2019
------------------ testing $PTII/ptolemy/domains/de/test/auto/PortParameterResetOnInitialize.xml
auto.tcl: Setting watchdog for 200 seconds at Mon Jul 22 01:13:08 UTC 2019
7 ms. Memory: 48128K Free: 29608K (62%)
ptolemy.util.test.WatchDog.cancel(): canceling Mon Jul 22 01:13:08 UTC 2019
auto.tcl: Setting watchdog for 200 seconds at Mon Jul 22 01:13:08 UTC 2019
2 ms. Memory: 48128K Free: 29135K (61%)
ptolemy.util.test.WatchDog.cancel(): canceling Mon Jul 22 01:13:08 UTC 2019
------------------ testing $PTII/ptolemy/domains/de/test/auto/PortParameterUpdates.xml
auto.tcl: Setting watchdog for 200 seconds at Mon Jul 22 01:13:08 UTC 2019
5 ms. Memory: 48128K Free: 27967K (58%)
ptolemy.util.test.WatchDog.cancel(): canceling Mon Jul 22 01:13:08 UTC 2019
auto.tcl: Setting watchdog for 200 seconds at Mon Jul 22 01:13:08 UTC 2019
6 ms. Memory: 48128K Free: 26724K (56%)
ptolemy.util.test.WatchDog.cancel(): canceling Mon Jul 22 01:13:08 UTC 2019
------------------ testing $PTII/ptolemy/domains/de/test/auto/QueueAndServer.xml
auto.tcl: Setting watchdog for 200 seconds at Mon Jul 22 01:13:08 UTC 2019
16 ms. Memory: 48128K Free: 26620K (55%)
ptolemy.util.test.WatchDog.cancel(): canceling Mon Jul 22 01:13:08 UTC 2019
auto.tcl: Setting watchdog for 200 seconds at Mon Jul 22 01:13:08 UTC 2019
8 ms. Memory: 48128K Free: 25174K (52%)
ptolemy.util.test.WatchDog.cancel(): canceling Mon Jul 22 01:13:08 UTC 2019
------------------ testing $PTII/ptolemy/domains/de/test/auto/Records.xml
auto.tcl: Setting watchdog for 200 seconds at Mon Jul 22 01:13:08 UTC 2019
5 ms. Memory: 48128K Free: 29182K (61%)
ptolemy.util.test.WatchDog.cancel(): canceling Mon Jul 22 01:13:08 UTC 2019
auto.tcl: Setting watchdog for 200 seconds at Mon Jul 22 01:13:08 UTC 2019
3 ms. Memory: 48128K Free: 28663K (60%)
ptolemy.util.test.WatchDog.cancel(): canceling Mon Jul 22 01:13:08 UTC 2019
------------------ testing $PTII/ptolemy/domains/de/test/auto/ResetTransitionWithStartTime1.xml
auto.tcl: Setting watchdog for 200 seconds at Mon Jul 22 01:13:08 UTC 2019
7 ms. Memory: 48128K Free: 26123K (54%)
ptolemy.util.test.WatchDog.cancel(): canceling Mon Jul 22 01:13:08 UTC 2019
auto.tcl: Setting watchdog for 200 seconds at Mon Jul 22 01:13:08 UTC 2019
6 ms. Memory: 48128K Free: 23618K (49%)
ptolemy.util.test.WatchDog.cancel(): canceling Mon Jul 22 01:13:08 UTC 2019
------------------ testing $PTII/ptolemy/domains/de/test/auto/ResetTransitionWithStartTime2.xml
auto.tcl: Setting watchdog for 200 seconds at Mon Jul 22 01:13:08 UTC 2019
5 ms. Memory: 48128K Free: 26078K (54%)
ptolemy.util.test.WatchDog.cancel(): canceling Mon Jul 22 01:13:08 UTC 2019
auto.tcl: Setting watchdog for 200 seconds at Mon Jul 22 01:13:08 UTC 2019
6 ms. Memory: 48128K Free: 23559K (49%)
ptolemy.util.test.WatchDog.cancel(): canceling Mon Jul 22 01:13:08 UTC 2019
------------------ testing $PTII/ptolemy/domains/de/test/auto/ResetTransitionWithStartTime3.xml
auto.tcl: Setting watchdog for 200 seconds at Mon Jul 22 01:13:08 UTC 2019
9 ms. Memory: 48128K Free: 26077K (54%)
ptolemy.util.test.WatchDog.cancel(): canceling Mon Jul 22 01:13:08 UTC 2019
auto.tcl: Setting watchdog for 200 seconds at Mon Jul 22 01:13:08 UTC 2019
5 ms. Memory: 48128K Free: 24013K (50%)
ptolemy.util.test.WatchDog.cancel(): canceling Mon Jul 22 01:13:08 UTC 2019
------------------ testing $PTII/ptolemy/domains/de/test/auto/ResetTransitionWithStartTime4.xml
auto.tcl: Setting watchdog for 200 seconds at Mon Jul 22 01:13:08 UTC 2019
13 ms. Memory: 48128K Free: 26544K (55%)
ptolemy.util.test.WatchDog.cancel(): canceling Mon Jul 22 01:13:08 UTC 2019
auto.tcl: Setting watchdog for 200 seconds at Mon Jul 22 01:13:08 UTC 2019
4 ms. Memory: 48128K Free: 25083K (52%)
ptolemy.util.test.WatchDog.cancel(): canceling Mon Jul 22 01:13:08 UTC 2019
------------------ testing $PTII/ptolemy/domains/de/test/auto/ResettableTimer1.xml
auto.tcl: Setting watchdog for 200 seconds at Mon Jul 22 01:13:08 UTC 2019
3 ms. Memory: 48128K Free: 30558K (63%)
ptolemy.util.test.WatchDog.cancel(): canceling Mon Jul 22 01:13:08 UTC 2019
auto.tcl: Setting watchdog for 200 seconds at Mon Jul 22 01:13:08 UTC 2019
2 ms. Memory: 48128K Free: 29220K (61%)
ptolemy.util.test.WatchDog.cancel(): canceling Mon Jul 22 01:13:08 UTC 2019
------------------ testing $PTII/ptolemy/domains/de/test/auto/ResettableTimer2.xml
auto.tcl: Setting watchdog for 200 seconds at Mon Jul 22 01:13:08 UTC 2019
2 ms. Memory: 48128K Free: 30211K (63%)
ptolemy.util.test.WatchDog.cancel(): canceling Mon Jul 22 01:13:08 UTC 2019
auto.tcl: Setting watchdog for 200 seconds at Mon Jul 22 01:13:08 UTC 2019
2 ms. Memory: 48128K Free: 29187K (61%)
ptolemy.util.test.WatchDog.cancel(): canceling Mon Jul 22 01:13:08 UTC 2019
------------------ testing $PTII/ptolemy/domains/de/test/auto/ResettableTimer3.xml
auto.tcl: Setting watchdog for 200 seconds at Mon Jul 22 01:13:08 UTC 2019
1 ms. Memory: 48128K Free: 30690K (64%)
ptolemy.util.test.WatchDog.cancel(): canceling Mon Jul 22 01:13:09 UTC 2019
auto.tcl: Setting watchdog for 200 seconds at Mon Jul 22 01:13:09 UTC 2019
1 ms. Memory: 48128K Free: 30210K (63%)
ptolemy.util.test.WatchDog.cancel(): canceling Mon Jul 22 01:13:09 UTC 2019
------------------ testing $PTII/ptolemy/domains/de/test/auto/ResettableTimer4.xml
auto.tcl: Setting watchdog for 200 seconds at Mon Jul 22 01:13:09 UTC 2019
1 ms. Memory: 48128K Free: 30247K (63%)
ptolemy.util.test.WatchDog.cancel(): canceling Mon Jul 22 01:13:09 UTC 2019
auto.tcl: Setting watchdog for 200 seconds at Mon Jul 22 01:13:09 UTC 2019
1 ms. Memory: 48128K Free: 29749K (62%)
ptolemy.util.test.WatchDog.cancel(): canceling Mon Jul 22 01:13:09 UTC 2019
------------------ testing $PTII/ptolemy/domains/de/test/auto/ResettableTimer5.xml
auto.tcl: Setting watchdog for 200 seconds at Mon Jul 22 01:13:09 UTC 2019
2 ms. Memory: 48128K Free: 29693K (62%)
ptolemy.util.test.WatchDog.cancel(): canceling Mon Jul 22 01:13:09 UTC 2019
auto.tcl: Setting watchdog for 200 seconds at Mon Jul 22 01:13:09 UTC 2019
1 ms. Memory: 48128K Free: 29222K (61%)
ptolemy.util.test.WatchDog.cancel(): canceling Mon Jul 22 01:13:09 UTC 2019
------------------ testing $PTII/ptolemy/domains/de/test/auto/ResettableTimer6.xml
auto.tcl: Setting watchdog for 200 seconds at Mon Jul 22 01:13:09 UTC 2019
2 ms. Memory: 48128K Free: 29684K (62%)
ptolemy.util.test.WatchDog.cancel(): canceling Mon Jul 22 01:13:09 UTC 2019
auto.tcl: Setting watchdog for 200 seconds at Mon Jul 22 01:13:09 UTC 2019
1 ms. Memory: 48128K Free: 29188K (61%)
ptolemy.util.test.WatchDog.cancel(): canceling Mon Jul 22 01:13:09 UTC 2019
------------------ testing $PTII/ptolemy/domains/de/test/auto/ServerZeroDelay.xml
auto.tcl: Setting watchdog for 200 seconds at Mon Jul 22 01:13:09 UTC 2019
2 ms. Memory: 48128K Free: 30203K (63%)
ptolemy.util.test.WatchDog.cancel(): canceling Mon Jul 22 01:13:09 UTC 2019
auto.tcl: Setting watchdog for 200 seconds at Mon Jul 22 01:13:09 UTC 2019
2 ms. Memory: 48128K Free: 29245K (61%)
ptolemy.util.test.WatchDog.cancel(): canceling Mon Jul 22 01:13:09 UTC 2019
------------------ testing $PTII/ptolemy/domains/de/test/auto/SmartSender.xml
auto.tcl: Setting watchdog for 200 seconds at Mon Jul 22 01:13:09 UTC 2019
3001 ms. Memory: 48128K Free: 30198K (63%)
ptolemy.util.test.WatchDog.cancel(): canceling Mon Jul 22 01:13:12 UTC 2019
auto.tcl: Setting watchdog for 200 seconds at Mon Jul 22 01:13:12 UTC 2019
3002 ms. Memory: 48128K Free: 29711K (62%)
ptolemy.util.test.WatchDog.cancel(): canceling Mon Jul 22 01:13:15 UTC 2019
------------------ testing $PTII/ptolemy/domains/de/test/auto/ThreadedComposite.xml
auto.tcl: Setting watchdog for 200 seconds at Mon Jul 22 01:13:15 UTC 2019
214 ms. Memory: 48128K Free: 10755K (22%)
ptolemy.util.test.WatchDog.cancel(): canceling Mon Jul 22 01:13:15 UTC 2019
auto.tcl: Setting watchdog for 200 seconds at Mon Jul 22 01:13:15 UTC 2019
219 ms. Memory: 58368K Free: 30448K (52%)
ptolemy.util.test.WatchDog.cancel(): canceling Mon Jul 22 01:13:15 UTC 2019
------------------ testing $PTII/ptolemy/domains/de/test/auto/Time.xml
auto.tcl: Setting watchdog for 200 seconds at Mon Jul 22 01:13:15 UTC 2019
528 ms. Memory: 51200K Free: 35453K (69%)
ptolemy.util.test.WatchDog.cancel(): canceling Mon Jul 22 01:13:16 UTC 2019
auto.tcl: Setting watchdog for 200 seconds at Mon Jul 22 01:13:16 UTC 2019
484 ms. Memory: 51200K Free: 10957K (21%)
ptolemy.util.test.WatchDog.cancel(): canceling Mon Jul 22 01:13:16 UTC 2019
------------------ testing $PTII/ptolemy/domains/de/test/auto/TimeDelayZeroDelay.xml
auto.tcl: Setting watchdog for 200 seconds at Mon Jul 22 01:13:16 UTC 2019
3 ms. Memory: 51200K Free: 33199K (65%)
ptolemy.util.test.WatchDog.cancel(): canceling Mon Jul 22 01:13:16 UTC 2019
auto.tcl: Setting watchdog for 200 seconds at Mon Jul 22 01:13:16 UTC 2019
2 ms. Memory: 51200K Free: 32715K (64%)
ptolemy.util.test.WatchDog.cancel(): canceling Mon Jul 22 01:13:16 UTC 2019
------------------ testing $PTII/ptolemy/domains/de/test/auto/TimerZeroDelay.xml
auto.tcl: Setting watchdog for 200 seconds at Mon Jul 22 01:13:17 UTC 2019
4 ms. Memory: 48128K Free: 30601K (64%)
ptolemy.util.test.WatchDog.cancel(): canceling Mon Jul 22 01:13:17 UTC 2019
auto.tcl: Setting watchdog for 200 seconds at Mon Jul 22 01:13:17 UTC 2019
2 ms. Memory: 48128K Free: 30172K (63%)
ptolemy.util.test.WatchDog.cancel(): canceling Mon Jul 22 01:13:17 UTC 2019
------------------ testing $PTII/ptolemy/domains/de/test/auto/TimingParadox.xml
auto.tcl: Setting watchdog for 200 seconds at Mon Jul 22 01:13:17 UTC 2019
364 ms. Memory: 48128K Free: 12217K (25%)
ptolemy.util.test.WatchDog.cancel(): canceling Mon Jul 22 01:13:17 UTC 2019
auto.tcl: Setting watchdog for 200 seconds at Mon Jul 22 01:13:17 UTC 2019
351 ms. Memory: 48128K Free: 22885K (48%)
ptolemy.util.test.WatchDog.cancel(): canceling Mon Jul 22 01:13:17 UTC 2019
------------------ testing $PTII/ptolemy/domains/de/test/auto/TransferInputs.xml
auto.tcl: Setting watchdog for 200 seconds at Mon Jul 22 01:13:17 UTC 2019
1 ms. Memory: 48128K Free: 28638K (60%)
ptolemy.util.test.WatchDog.cancel(): canceling Mon Jul 22 01:13:17 UTC 2019
auto.tcl: Setting watchdog for 200 seconds at Mon Jul 22 01:13:17 UTC 2019
2 ms. Memory: 48128K Free: 27774K (58%)
ptolemy.util.test.WatchDog.cancel(): canceling Mon Jul 22 01:13:18 UTC 2019
------------------ testing $PTII/ptolemy/domains/de/test/auto/TransferOutputs2.xml
auto.tcl: Setting watchdog for 200 seconds at Mon Jul 22 01:13:18 UTC 2019
2 ms. Memory: 48128K Free: 26080K (54%)
ptolemy.util.test.WatchDog.cancel(): canceling Mon Jul 22 01:13:18 UTC 2019
auto.tcl: Setting watchdog for 200 seconds at Mon Jul 22 01:13:18 UTC 2019
3 ms. Memory: 48128K Free: 24675K (51%)
ptolemy.util.test.WatchDog.cancel(): canceling Mon Jul 22 01:13:18 UTC 2019
------------------ testing $PTII/ptolemy/domains/de/test/auto/Trilateration.xml
auto.tcl: Setting watchdog for 200 seconds at Mon Jul 22 01:13:18 UTC 2019
15489 ms. Memory: 419840K Free: 337071K (80%)
ptolemy.util.test.WatchDog.cancel(): canceling Mon Jul 22 01:13:34 UTC 2019
auto.tcl: Setting watchdog for 200 seconds at Mon Jul 22 01:13:34 UTC 2019
11250 ms. Memory: 419840K Free: 208400K (50%)
ptolemy.util.test.WatchDog.cancel(): canceling Mon Jul 22 01:13:46 UTC 2019
------------------ testing $PTII/ptolemy/domains/de/test/auto/TwoSigmaDelta.xml
auto.tcl: Setting watchdog for 200 seconds at Mon Jul 22 01:13:46 UTC 2019
2696 ms. Memory: 89088K Free: 28847K (32%)
ptolemy.util.test.WatchDog.cancel(): canceling Mon Jul 22 01:13:48 UTC 2019
auto.tcl: Setting watchdog for 200 seconds at Mon Jul 22 01:13:48 UTC 2019
2233 ms. Memory: 89088K Free: 24221K (27%)
ptolemy.util.test.WatchDog.cancel(): canceling Mon Jul 22 01:13:51 UTC 2019
------------------ testing $PTII/ptolemy/domains/de/test/auto/VariableDelay.xml
auto.tcl: Setting watchdog for 200 seconds at Mon Jul 22 01:13:51 UTC 2019
3 ms. Memory: 51200K Free: 32198K (63%)
ptolemy.util.test.WatchDog.cancel(): canceling Mon Jul 22 01:13:51 UTC 2019
auto.tcl: Setting watchdog for 200 seconds at Mon Jul 22 01:13:51 UTC 2019
2 ms. Memory: 51200K Free: 31182K (61%)
ptolemy.util.test.WatchDog.cancel(): canceling Mon Jul 22 01:13:51 UTC 2019
------------------ testing $PTII/ptolemy/domains/de/test/auto/VariableDelay2.xml
auto.tcl: Setting watchdog for 200 seconds at Mon Jul 22 01:13:51 UTC 2019
8 ms. Memory: 48128K Free: 29484K (61%)
ptolemy.util.test.WatchDog.cancel(): canceling Mon Jul 22 01:13:51 UTC 2019
auto.tcl: Setting watchdog for 200 seconds at Mon Jul 22 01:13:51 UTC 2019
2 ms. Memory: 48128K Free: 28538K (59%)
ptolemy.util.test.WatchDog.cancel(): canceling Mon Jul 22 01:13:51 UTC 2019
------------------ testing $PTII/ptolemy/domains/de/test/auto/VariableDelayZeroDelay.xml
auto.tcl: Setting watchdog for 200 seconds at Mon Jul 22 01:13:51 UTC 2019
2 ms. Memory: 48128K Free: 30052K (62%)
ptolemy.util.test.WatchDog.cancel(): canceling Mon Jul 22 01:13:51 UTC 2019
auto.tcl: Setting watchdog for 200 seconds at Mon Jul 22 01:13:51 UTC 2019
2 ms. Memory: 48128K Free: 29565K (61%)
ptolemy.util.test.WatchDog.cancel(): canceling Mon Jul 22 01:13:51 UTC 2019
------------------ testing $PTII/ptolemy/domains/de/test/auto/VariableDelayZeroDelay2.xml
auto.tcl: Setting watchdog for 200 seconds at Mon Jul 22 01:13:51 UTC 2019
2 ms. Memory: 48128K Free: 30051K (62%)
ptolemy.util.test.WatchDog.cancel(): canceling Mon Jul 22 01:13:51 UTC 2019
auto.tcl: Setting watchdog for 200 seconds at Mon Jul 22 01:13:51 UTC 2019
2 ms. Memory: 48128K Free: 29063K (60%)
ptolemy.util.test.WatchDog.cancel(): canceling Mon Jul 22 01:13:51 UTC 2019
------------------ testing $PTII/ptolemy/domains/de/test/auto/deInCt.xml
auto.tcl: Setting watchdog for 200 seconds at Mon Jul 22 01:13:51 UTC 2019
0
1
1
0
0
0
0
1
1
1
0
0
0
1
1
1
1
1
1
0
0
0
0
1
1
1
1
0
0
0
0
16 ms. Memory: 48128K Free: 29024K (60%)
ptolemy.util.test.WatchDog.cancel(): canceling Mon Jul 22 01:13:51 UTC 2019
auto.tcl: Setting watchdog for 200 seconds at Mon Jul 22 01:13:51 UTC 2019
0
1
1
1
1
0
0
0
0
1
1
1
1
0
0
1
1
1
0
0
0
1
1
0
0
0
1
1
1
1
1
1
1
6 ms. Memory: 48128K Free: 27497K (57%)
ptolemy.util.test.WatchDog.cancel(): canceling Mon Jul 22 01:13:51 UTC 2019
------------------ testing $PTII/ptolemy/domains/de/test/auto/deInCt2.xml
auto.tcl: Setting watchdog for 200 seconds at Mon Jul 22 01:13:51 UTC 2019
0
1
1
1
0
0
1
1
1
0
0
1
1
1
0
0
1
1
1
0
0
1
1
1
0
0
1
1
1
0
0
1
1
1
0
0
1
1
1
0
0
0
8 ms. Memory: 48128K Free: 29026K (60%)
ptolemy.util.test.WatchDog.cancel(): canceling Mon Jul 22 01:13:51 UTC 2019
auto.tcl: Setting watchdog for 200 seconds at Mon Jul 22 01:13:51 UTC 2019
0
1
1
1
0
0
1
1
1
0
0
1
1
1
0
0
1
1
1
0
0
1
1
1
0
0
1
1
1
0
0
1
1
1
0
0
1
1
1
0
0
0
6 ms. Memory: 48128K Free: 27508K (57%)
ptolemy.util.test.WatchDog.cancel(): canceling Mon Jul 22 01:13:51 UTC 2019
------------------ testing $PTII/ptolemy/domains/de/test/auto/dynamicCausalityInterface1.xml
auto.tcl: Setting watchdog for 200 seconds at Mon Jul 22 01:13:51 UTC 2019
2 ms. Memory: 48128K Free: 24924K (52%)
ptolemy.util.test.WatchDog.cancel(): canceling Mon Jul 22 01:13:51 UTC 2019
auto.tcl: Setting watchdog for 200 seconds at Mon Jul 22 01:13:51 UTC 2019
0 ms. Memory: 48128K Free: 23981K (50%)
ptolemy.util.test.WatchDog.cancel(): canceling Mon Jul 22 01:13:51 UTC 2019
------------------ testing $PTII/ptolemy/domains/de/test/auto/fsm_de_test.xml
auto.tcl: Setting watchdog for 200 seconds at Mon Jul 22 01:13:51 UTC 2019
16 ms. Memory: 48128K Free: 24823K (52%)
ptolemy.util.test.WatchDog.cancel(): canceling Mon Jul 22 01:13:51 UTC 2019
auto.tcl: Setting watchdog for 200 seconds at Mon Jul 22 01:13:51 UTC 2019
7 ms. Memory: 48128K Free: 22825K (47%)
ptolemy.util.test.WatchDog.cancel(): canceling Mon Jul 22 01:13:51 UTC 2019
------------------ testing $PTII/ptolemy/domains/de/test/auto/functionDependencyReconstruction.xml
auto.tcl: Setting watchdog for 200 seconds at Mon Jul 22 01:13:51 UTC 2019
3 ms. Memory: 48128K Free: 18669K (39%)
ptolemy.util.test.WatchDog.cancel(): canceling Mon Jul 22 01:13:51 UTC 2019
auto.tcl: Setting watchdog for 200 seconds at Mon Jul 22 01:13:51 UTC 2019
2 ms. Memory: 48128K Free: 16655K (35%)
ptolemy.util.test.WatchDog.cancel(): canceling Mon Jul 22 01:13:51 UTC 2019
------------------ testing $PTII/ptolemy/domains/de/test/auto/multirate.xml
auto.tcl: Setting watchdog for 200 seconds at Mon Jul 22 01:13:51 UTC 2019
7 ms. Memory: 48128K Free: 27485K (57%)
ptolemy.util.test.WatchDog.cancel(): canceling Mon Jul 22 01:13:52 UTC 2019
auto.tcl: Setting watchdog for 200 seconds at Mon Jul 22 01:13:52 UTC 2019
3 ms. Memory: 48128K Free: 25813K (54%)
ptolemy.util.test.WatchDog.cancel(): canceling Mon Jul 22 01:13:52 UTC 2019
------------------ testing $PTII/ptolemy/domains/de/test/auto/multirate2.xml
auto.tcl: Setting watchdog for 200 seconds at Mon Jul 22 01:13:52 UTC 2019
5 ms. Memory: 48128K Free: 27420K (57%)
ptolemy.util.test.WatchDog.cancel(): canceling Mon Jul 22 01:13:52 UTC 2019
auto.tcl: Setting watchdog for 200 seconds at Mon Jul 22 01:13:52 UTC 2019
3 ms. Memory: 48128K Free: 25948K (54%)
ptolemy.util.test.WatchDog.cancel(): canceling Mon Jul 22 01:13:52 UTC 2019
------------------ testing $PTII/ptolemy/domains/de/test/auto/realtime.xml
auto.tcl: Setting watchdog for 200 seconds at Mon Jul 22 01:13:52 UTC 2019
10002 ms. Memory: 48128K Free: 29712K (62%)
ptolemy.util.test.WatchDog.cancel(): canceling Mon Jul 22 01:14:02 UTC 2019
auto.tcl: Setting watchdog for 200 seconds at Mon Jul 22 01:14:02 UTC 2019
10002 ms. Memory: 48128K Free: 28970K (60%)
ptolemy.util.test.WatchDog.cancel(): canceling Mon Jul 22 01:14:12 UTC 2019
------------------ testing $PTII/ptolemy/domains/de/test/auto/relationGroup.xml
auto.tcl: Setting watchdog for 200 seconds at Mon Jul 22 01:14:12 UTC 2019
1 ms. Memory: 48128K Free: 30769K (64%)
ptolemy.util.test.WatchDog.cancel(): canceling Mon Jul 22 01:14:12 UTC 2019
auto.tcl: Setting watchdog for 200 seconds at Mon Jul 22 01:14:12 UTC 2019
1 ms. Memory: 48128K Free: 30051K (62%)
ptolemy.util.test.WatchDog.cancel(): canceling Mon Jul 22 01:14:12 UTC 2019
------------------ testing $PTII/ptolemy/domains/de/test/auto/relationGroup2.xml
auto.tcl: Setting watchdog for 200 seconds at Mon Jul 22 01:14:12 UTC 2019
1 ms. Memory: 48128K Free: 30587K (64%)
ptolemy.util.test.WatchDog.cancel(): canceling Mon Jul 22 01:14:12 UTC 2019
auto.tcl: Setting watchdog for 200 seconds at Mon Jul 22 01:14:12 UTC 2019
2 ms. Memory: 48128K Free: 30106K (63%)
ptolemy.util.test.WatchDog.cancel(): canceling Mon Jul 22 01:14:12 UTC 2019
------------------ testing $PTII/ptolemy/domains/de/test/auto/sortWithOpaquePorts.xml
auto.tcl: Setting watchdog for 200 seconds at Mon Jul 22 01:14:12 UTC 2019
2 ms. Memory: 48128K Free: 29550K (61%)
ptolemy.util.test.WatchDog.cancel(): canceling Mon Jul 22 01:14:12 UTC 2019
auto.tcl: Setting watchdog for 200 seconds at Mon Jul 22 01:14:12 UTC 2019
2 ms. Memory: 48128K Free: 28566K (59%)
ptolemy.util.test.WatchDog.cancel(): canceling Mon Jul 22 01:14:12 UTC 2019
------------------ testing $PTII/ptolemy/domains/de/test/auto/transferInputsandOutputs.xml
auto.tcl: Setting watchdog for 200 seconds at Mon Jul 22 01:14:12 UTC 2019
4 ms. Memory: 48128K Free: 26994K (56%)
ptolemy.util.test.WatchDog.cancel(): canceling Mon Jul 22 01:14:12 UTC 2019
auto.tcl: Setting watchdog for 200 seconds at Mon Jul 22 01:14:12 UTC 2019
2 ms. Memory: 48128K Free: 26014K (54%)
ptolemy.util.test.WatchDog.cancel(): canceling Mon Jul 22 01:14:12 UTC 2019
------------------ testing $PTII/ptolemy/domains/de/test/auto/triggerType.xml
auto.tcl: Setting watchdog for 200 seconds at Mon Jul 22 01:14:12 UTC 2019
1 ms. Memory: 48128K Free: 30018K (62%)
ptolemy.util.test.WatchDog.cancel(): canceling Mon Jul 22 01:14:12 UTC 2019
auto.tcl: Setting watchdog for 200 seconds at Mon Jul 22 01:14:12 UTC 2019
1 ms. Memory: 48128K Free: 29015K (60%)
ptolemy.util.test.WatchDog.cancel(): canceling Mon Jul 22 01:14:12 UTC 2019
07/22/19 01:14:12
Failed: 0  Total Tests: 192  ((Passed: 187, Newly Passed: 1)  Known Failed: 5) /home/travis/build/icyphy/ptII/ptolemy/domains/de/test
07/22/19 01:14:12
Failed: 0  Total Tests: 192  ((Passed: 187, Newly Passed: 1)  Known Failed: 5) /home/travis/build/icyphy/ptII/ptolemy/domains/de/test
----------------- testing (KnownFailure) /home/travis/build/icyphy/ptII/ptolemy/domains/de/test/auto/knownFailedTests/DESDFClockTest.xml
2010 ms. Memory: 48128K Free: 23413K (49%)
Known Failure: java.lang.reflect.InvocationTargetException
----------------- testing (KnownFailure) /home/travis/build/icyphy/ptII/ptolemy/domains/de/test/auto/knownFailedTests/DirectFeedback.xml
1 ms. Memory: 48128K Free: 19831K (41%)
Known Failure: java.lang.reflect.InvocationTargetException
----------------- testing (KnownFailure) /home/travis/build/icyphy/ptII/ptolemy/domains/de/test/auto/knownFailedTests/FSMSource.xml
17 ms. Memory: 48128K Free: 12663K (26%)
----------------- testing (KnownFailure) /home/travis/build/icyphy/ptII/ptolemy/domains/de/test/auto/knownFailedTests/HierarchicalModel.xml
2 ms. Memory: 48128K Free: 22623K (47%)
Known Failure: java.lang.reflect.InvocationTargetException
----------------- testing (KnownFailure) /home/travis/build/icyphy/ptII/ptolemy/domains/de/test/auto/knownFailedTests/dependencyLoop.xml
10 ms. Memory: 48128K Free: 33142K (69%)
Known Failure: java.lang.reflect.InvocationTargetException
----------------- testing (KnownFailure) /home/travis/build/icyphy/ptII/ptolemy/domains/de/test/auto/knownFailedTests/dependencyLoop2.xml
7 ms. Memory: 48128K Free: 17970K (37%)
Known Failure: java.lang.reflect.InvocationTargetException
No auto/linux-amd64/*.xml tests in /home/travis/build/icyphy/ptII/ptolemy/domains/de/test
AutoTests.java: About to close Vertx.
AutoTests.java: Vertx closed.

===========================================================================================
----------------- testing Mon Jul 22 01:14:14 UTC 2019 /home/travis/build/icyphy/ptII/ptolemy/domains/de/test/auto/ActorDepthCalculation_actorWithoutPorts.xml
----------------- Instantiating /home/travis/build/icyphy/ptII/ptolemy/domains/de/test/auto/ActorDepthCalculation_actorWithoutPorts.xml
2 ms. Memory: 48128K Free: 11583K (24%)
----------------- Invoking toplevel() on ptolemy.moml.MoMLSimpleApplication@4fa2d049
----------------- Done invoking toplevel() on ptolemy.moml.MoMLSimpleApplication@4fa2d049
reloadAllAccessors: .ActorDepthCalculation_actorWithoutPorts

===========================================================================================
----------------- testing Mon Jul 22 01:14:14 UTC 2019 /home/travis/build/icyphy/ptII/ptolemy/domains/de/test/auto/AssemblyLine.xml
----------------- Instantiating /home/travis/build/icyphy/ptII/ptolemy/domains/de/test/auto/AssemblyLine.xml
2 ms. Memory: 48128K Free: 30362K (63%)
----------------- Invoking toplevel() on ptolemy.moml.MoMLSimpleApplication@5346a975
----------------- Done invoking toplevel() on ptolemy.moml.MoMLSimpleApplication@5346a975
reloadAllAccessors: .AssemblyLine

===========================================================================================
----------------- testing Mon Jul 22 01:14:14 UTC 2019 /home/travis/build/icyphy/ptII/ptolemy/domains/de/test/auto/CQBug1.xml
----------------- Instantiating /home/travis/build/icyphy/ptII/ptolemy/domains/de/test/auto/CQBug1.xml
1 ms. Memory: 48128K Free: 27476K (57%)
----------------- Invoking toplevel() on ptolemy.moml.MoMLSimpleApplication@616256c
----------------- Done invoking toplevel() on ptolemy.moml.MoMLSimpleApplication@616256c
reloadAllAccessors: .CQBug1

===========================================================================================
----------------- testing Mon Jul 22 01:14:14 UTC 2019 /home/travis/build/icyphy/ptII/ptolemy/domains/de/test/auto/CancelFireAt.xml
----------------- Instantiating /home/travis/build/icyphy/ptII/ptolemy/domains/de/test/auto/CancelFireAt.xml
5 ms. Memory: 48128K Free: 25031K (52%)
----------------- Invoking toplevel() on ptolemy.moml.MoMLSimpleApplication@29c5f9c5
----------------- Done invoking toplevel() on ptolemy.moml.MoMLSimpleApplication@29c5f9c5
reloadAllAccessors: .CancelFireAt

===========================================================================================
----------------- testing Mon Jul 22 01:14:14 UTC 2019 /home/travis/build/icyphy/ptII/ptolemy/domains/de/test/auto/CausalityAndComposabilityAnalysis.xml
----------------- Instantiating /home/travis/build/icyphy/ptII/ptolemy/domains/de/test/auto/CausalityAndComposabilityAnalysis.xml
1 ms. Memory: 48128K Free: 20788K (43%)
----------------- Invoking toplevel() on ptolemy.moml.MoMLSimpleApplication@2da7a58d
----------------- Done invoking toplevel() on ptolemy.moml.MoMLSimpleApplication@2da7a58d
reloadAllAccessors: .CausalityAndComposabilityAnalysis

===========================================================================================
----------------- testing Mon Jul 22 01:14:14 UTC 2019 /home/travis/build/icyphy/ptII/ptolemy/domains/de/test/auto/CausalityInterface1.xml
----------------- Instantiating /home/travis/build/icyphy/ptII/ptolemy/domains/de/test/auto/CausalityInterface1.xml
6 ms. Memory: 48128K Free: 15847K (33%)
----------------- Invoking toplevel() on ptolemy.moml.MoMLSimpleApplication@52767461
----------------- Done invoking toplevel() on ptolemy.moml.MoMLSimpleApplication@52767461
reloadAllAccessors: .CausalityInterface1

===========================================================================================
----------------- testing Mon Jul 22 01:14:14 UTC 2019 /home/travis/build/icyphy/ptII/ptolemy/domains/de/test/auto/CausalityInterface15.xml
----------------- Instantiating /home/travis/build/icyphy/ptII/ptolemy/domains/de/test/auto/CausalityInterface15.xml
2 ms. Memory: 48128K Free: 10467K (22%)
----------------- Invoking toplevel() on ptolemy.moml.MoMLSimpleApplication@106f002b
----------------- Done invoking toplevel() on ptolemy.moml.MoMLSimpleApplication@106f002b
reloadAllAccessors: .CausalityInterface15

===========================================================================================
----------------- testing Mon Jul 22 01:14:15 UTC 2019 /home/travis/build/icyphy/ptII/ptolemy/domains/de/test/auto/CausalityInterface2.xml
----------------- Instantiating /home/travis/build/icyphy/ptII/ptolemy/domains/de/test/auto/CausalityInterface2.xml
2 ms. Memory: 48128K Free: 31377K (65%)
----------------- Invoking toplevel() on ptolemy.moml.MoMLSimpleApplication@6824493
----------------- Done invoking toplevel() on ptolemy.moml.MoMLSimpleApplication@6824493
reloadAllAccessors: .CausalityInterface2

===========================================================================================
----------------- testing Mon Jul 22 01:14:15 UTC 2019 /home/travis/build/icyphy/ptII/ptolemy/domains/de/test/auto/CausalityInterface3.xml
----------------- Instantiating /home/travis/build/icyphy/ptII/ptolemy/domains/de/test/auto/CausalityInterface3.xml
2 ms. Memory: 48128K Free: 26466K (55%)
----------------- Invoking toplevel() on ptolemy.moml.MoMLSimpleApplication@3bdcf3d6
----------------- Done invoking toplevel() on ptolemy.moml.MoMLSimpleApplication@3bdcf3d6
reloadAllAccessors: .CausalityInterface3

===========================================================================================
----------------- testing Mon Jul 22 01:14:15 UTC 2019 /home/travis/build/icyphy/ptII/ptolemy/domains/de/test/auto/ClockDrift.xml
----------------- Instantiating /home/travis/build/icyphy/ptII/ptolemy/domains/de/test/auto/ClockDrift.xml
13 ms. Memory: 48128K Free: 14690K (31%)
----------------- Invoking toplevel() on ptolemy.moml.MoMLSimpleApplication@4f73c93b
----------------- Done invoking toplevel() on ptolemy.moml.MoMLSimpleApplication@4f73c93b
reloadAllAccessors: .ClockDrift

===========================================================================================
----------------- testing Mon Jul 22 01:14:15 UTC 2019 /home/travis/build/icyphy/ptII/ptolemy/domains/de/test/auto/ClockDriftAndValueChange.xml
----------------- Instantiating /home/travis/build/icyphy/ptII/ptolemy/domains/de/test/auto/ClockDriftAndValueChange.xml
11 ms. Memory: 48128K Free: 28578K (59%)
----------------- Invoking toplevel() on ptolemy.moml.MoMLSimpleApplication@7745ae15
----------------- Done invoking toplevel() on ptolemy.moml.MoMLSimpleApplication@7745ae15
reloadAllAccessors: .ClockDriftAndValueChange

===========================================================================================
----------------- testing Mon Jul 22 01:14:15 UTC 2019 /home/travis/build/icyphy/ptII/ptolemy/domains/de/test/auto/ClockDriftChange.xml
----------------- Instantiating /home/travis/build/icyphy/ptII/ptolemy/domains/de/test/auto/ClockDriftChange.xml
10 ms. Memory: 48128K Free: 18540K (39%)
----------------- Invoking toplevel() on ptolemy.moml.MoMLSimpleApplication@45023e25
----------------- Done invoking toplevel() on ptolemy.moml.MoMLSimpleApplication@45023e25
reloadAllAccessors: .ClockDriftChange

===========================================================================================
----------------- testing Mon Jul 22 01:14:15 UTC 2019 /home/travis/build/icyphy/ptII/ptolemy/domains/de/test/auto/ComposableCausalityAnalysis.xml
----------------- Instantiating /home/travis/build/icyphy/ptII/ptolemy/domains/de/test/auto/ComposableCausalityAnalysis.xml
1 ms. Memory: 48128K Free: 12786K (27%)
----------------- Invoking toplevel() on ptolemy.moml.MoMLSimpleApplication@29551c08
----------------- Done invoking toplevel() on ptolemy.moml.MoMLSimpleApplication@29551c08
reloadAllAccessors: .ComposableCausalityAnalysis

===========================================================================================
----------------- testing Mon Jul 22 01:14:15 UTC 2019 /home/travis/build/icyphy/ptII/ptolemy/domains/de/test/auto/DEFixedPointLimitation.xml
----------------- Instantiating /home/travis/build/icyphy/ptII/ptolemy/domains/de/test/auto/DEFixedPointLimitation.xml
0 ms. Memory: 48128K Free: 33023K (69%)
----------------- Invoking toplevel() on ptolemy.moml.MoMLSimpleApplication@5bfd17dc
----------------- Done invoking toplevel() on ptolemy.moml.MoMLSimpleApplication@5bfd17dc
reloadAllAccessors: .DEFixedPointLimitation

===========================================================================================
----------------- testing Mon Jul 22 01:14:15 UTC 2019 /home/travis/build/icyphy/ptII/ptolemy/domains/de/test/auto/DEScheduleTest.xml
----------------- Instantiating /home/travis/build/icyphy/ptII/ptolemy/domains/de/test/auto/DEScheduleTest.xml
2 ms. Memory: 48128K Free: 28536K (59%)
----------------- Invoking toplevel() on ptolemy.moml.MoMLSimpleApplication@293b79e2
----------------- Done invoking toplevel() on ptolemy.moml.MoMLSimpleApplication@293b79e2
reloadAllAccessors: .DEScheduleTest

===========================================================================================
----------------- testing Mon Jul 22 01:14:15 UTC 2019 /home/travis/build/icyphy/ptII/ptolemy/domains/de/test/auto/DEinDEwithStartTimes.xml
----------------- Instantiating /home/travis/build/icyphy/ptII/ptolemy/domains/de/test/auto/DEinDEwithStartTimes.xml
2 ms. Memory: 48128K Free: 22654K (47%)
----------------- Invoking toplevel() on ptolemy.moml.MoMLSimpleApplication@6ff2072a
----------------- Done invoking toplevel() on ptolemy.moml.MoMLSimpleApplication@6ff2072a
reloadAllAccessors: .DEinDEwithStartTimes

===========================================================================================
----------------- testing Mon Jul 22 01:14:15 UTC 2019 /home/travis/build/icyphy/ptII/ptolemy/domains/de/test/auto/DEinDEwithStartTimes2.xml
----------------- Instantiating /home/travis/build/icyphy/ptII/ptolemy/domains/de/test/auto/DEinDEwithStartTimes2.xml
3 ms. Memory: 48128K Free: 16224K (34%)
----------------- Invoking toplevel() on ptolemy.moml.MoMLSimpleApplication@346feaad
----------------- Done invoking toplevel() on ptolemy.moml.MoMLSimpleApplication@346feaad
reloadAllAccessors: .DEinDEwithStartTimes2

===========================================================================================
----------------- testing Mon Jul 22 01:14:15 UTC 2019 /home/travis/build/icyphy/ptII/ptolemy/domains/de/test/auto/DateDemo.xml
----------------- Instantiating /home/travis/build/icyphy/ptII/ptolemy/domains/de/test/auto/DateDemo.xml
9 ms. Memory: 48128K Free: 29200K (61%)
----------------- Invoking toplevel() on ptolemy.moml.MoMLSimpleApplication@7e0e4b7e
----------------- Done invoking toplevel() on ptolemy.moml.MoMLSimpleApplication@7e0e4b7e
reloadAllAccessors: .DateDemo

===========================================================================================
----------------- testing Mon Jul 22 01:14:15 UTC 2019 /home/travis/build/icyphy/ptII/ptolemy/domains/de/test/auto/DateToEvent.xml
----------------- Instantiating /home/travis/build/icyphy/ptII/ptolemy/domains/de/test/auto/DateToEvent.xml
2004 ms. Memory: 48128K Free: 13553K (28%)
----------------- Invoking toplevel() on ptolemy.moml.MoMLSimpleApplication@7d96d281
----------------- Done invoking toplevel() on ptolemy.moml.MoMLSimpleApplication@7d96d281
reloadAllAccessors: .DateToEvent

===========================================================================================
----------------- testing Mon Jul 22 01:14:17 UTC 2019 /home/travis/build/icyphy/ptII/ptolemy/domains/de/test/auto/DepthTest1.xml
----------------- Instantiating /home/travis/build/icyphy/ptII/ptolemy/domains/de/test/auto/DepthTest1.xml
2 ms. Memory: 48128K Free: 10607K (22%)
----------------- Invoking toplevel() on ptolemy.moml.MoMLSimpleApplication@1807afe
----------------- Done invoking toplevel() on ptolemy.moml.MoMLSimpleApplication@1807afe
reloadAllAccessors: .DepthTest1

===========================================================================================
----------------- testing Mon Jul 22 01:14:17 UTC 2019 /home/travis/build/icyphy/ptII/ptolemy/domains/de/test/auto/DepthTest2.xml
----------------- Instantiating /home/travis/build/icyphy/ptII/ptolemy/domains/de/test/auto/DepthTest2.xml
2 ms. Memory: 48128K Free: 28877K (60%)
----------------- Invoking toplevel() on ptolemy.moml.MoMLSimpleApplication@5094c889
----------------- Done invoking toplevel() on ptolemy.moml.MoMLSimpleApplication@5094c889
reloadAllAccessors: .DepthTest2

===========================================================================================
----------------- testing Mon Jul 22 01:14:17 UTC 2019 /home/travis/build/icyphy/ptII/ptolemy/domains/de/test/auto/DepthTest3.xml
----------------- Instantiating /home/travis/build/icyphy/ptII/ptolemy/domains/de/test/auto/DepthTest3.xml
8 ms. Memory: 48128K Free: 25993K (54%)
----------------- Invoking toplevel() on ptolemy.moml.MoMLSimpleApplication@77d78a11
----------------- Done invoking toplevel() on ptolemy.moml.MoMLSimpleApplication@77d78a11
reloadAllAccessors: .DepthTest3

===========================================================================================
----------------- testing Mon Jul 22 01:14:17 UTC 2019 /home/travis/build/icyphy/ptII/ptolemy/domains/de/test/auto/DepthTest4.xml
----------------- Instantiating /home/travis/build/icyphy/ptII/ptolemy/domains/de/test/auto/DepthTest4.xml
2 ms. Memory: 48128K Free: 21249K (44%)
----------------- Invoking toplevel() on ptolemy.moml.MoMLSimpleApplication@4a2ac4b1
----------------- Done invoking toplevel() on ptolemy.moml.MoMLSimpleApplication@4a2ac4b1
reloadAllAccessors: .DepthTest4

===========================================================================================
----------------- testing Mon Jul 22 01:14:17 UTC 2019 /home/travis/build/icyphy/ptII/ptolemy/domains/de/test/auto/DepthTest5.xml
----------------- Instantiating /home/travis/build/icyphy/ptII/ptolemy/domains/de/test/auto/DepthTest5.xml
2 ms. Memory: 48128K Free: 15963K (33%)
----------------- Invoking toplevel() on ptolemy.moml.MoMLSimpleApplication@79d597ac
----------------- Done invoking toplevel() on ptolemy.moml.MoMLSimpleApplication@79d597ac
reloadAllAccessors: .DepthTest5

===========================================================================================
----------------- testing Mon Jul 22 01:14:17 UTC 2019 /home/travis/build/icyphy/ptII/ptolemy/domains/de/test/auto/DepthTest6.xml
----------------- Instantiating /home/travis/build/icyphy/ptII/ptolemy/domains/de/test/auto/DepthTest6.xml
3 ms. Memory: 48128K Free: 10679K (22%)
----------------- Invoking toplevel() on ptolemy.moml.MoMLSimpleApplication@3d343148
----------------- Done invoking toplevel() on ptolemy.moml.MoMLSimpleApplication@3d343148
reloadAllAccessors: .DepthTest6

===========================================================================================
----------------- testing Mon Jul 22 01:14:17 UTC 2019 /home/travis/build/icyphy/ptII/ptolemy/domains/de/test/auto/DepthTest7.xml
----------------- Instantiating /home/travis/build/icyphy/ptII/ptolemy/domains/de/test/auto/DepthTest7.xml
2 ms. Memory: 48128K Free: 30608K (64%)
----------------- Invoking toplevel() on ptolemy.moml.MoMLSimpleApplication@1ca8d67a
----------------- Done invoking toplevel() on ptolemy.moml.MoMLSimpleApplication@1ca8d67a
reloadAllAccessors: .DepthTest7

===========================================================================================
----------------- testing Mon Jul 22 01:14:17 UTC 2019 /home/travis/build/icyphy/ptII/ptolemy/domains/de/test/auto/EventToDate.xml
----------------- Instantiating /home/travis/build/icyphy/ptII/ptolemy/domains/de/test/auto/EventToDate.xml
3003 ms. Memory: 48128K Free: 17100K (36%)
----------------- Invoking toplevel() on ptolemy.moml.MoMLSimpleApplication@75da724a
----------------- Done invoking toplevel() on ptolemy.moml.MoMLSimpleApplication@75da724a
reloadAllAccessors: .EventToDate

===========================================================================================
----------------- testing Mon Jul 22 01:14:20 UTC 2019 /home/travis/build/icyphy/ptII/ptolemy/domains/de/test/auto/FSM1.xml
----------------- Instantiating /home/travis/build/icyphy/ptII/ptolemy/domains/de/test/auto/FSM1.xml
22 ms. Memory: 48128K Free: 29603K (62%)
----------------- Invoking toplevel() on ptolemy.moml.MoMLSimpleApplication@47084406
----------------- Done invoking toplevel() on ptolemy.moml.MoMLSimpleApplication@47084406
reloadAllAccessors: .FSM1

===========================================================================================
----------------- testing Mon Jul 22 01:14:20 UTC 2019 /home/travis/build/icyphy/ptII/ptolemy/domains/de/test/auto/FSM7.xml
----------------- Instantiating /home/travis/build/icyphy/ptII/ptolemy/domains/de/test/auto/FSM7.xml
23 ms. Memory: 48128K Free: 17019K (35%)
----------------- Invoking toplevel() on ptolemy.moml.MoMLSimpleApplication@49bfb032
----------------- Done invoking toplevel() on ptolemy.moml.MoMLSimpleApplication@49bfb032
reloadAllAccessors: .FSM7

===========================================================================================
----------------- testing Mon Jul 22 01:14:20 UTC 2019 /home/travis/build/icyphy/ptII/ptolemy/domains/de/test/auto/Inspection.xml
----------------- Instantiating /home/travis/build/icyphy/ptII/ptolemy/domains/de/test/auto/Inspection.xml
18 ms. Memory: 48128K Free: 29407K (61%)
----------------- Invoking toplevel() on ptolemy.moml.MoMLSimpleApplication@55312765
----------------- Done invoking toplevel() on ptolemy.moml.MoMLSimpleApplication@55312765
reloadAllAccessors: .Inspection

===========================================================================================
----------------- testing Mon Jul 22 01:14:20 UTC 2019 /home/travis/build/icyphy/ptII/ptolemy/domains/de/test/auto/Iteration.xml
----------------- Instantiating /home/travis/build/icyphy/ptII/ptolemy/domains/de/test/auto/Iteration.xml
14 ms. Memory: 48128K Free: 22284K (46%)
----------------- Invoking toplevel() on ptolemy.moml.MoMLSimpleApplication@729b25a7
----------------- Done invoking toplevel() on ptolemy.moml.MoMLSimpleApplication@729b25a7
reloadAllAccessors: .Iteration

===========================================================================================
----------------- testing Mon Jul 22 01:14:20 UTC 2019 /home/travis/build/icyphy/ptII/ptolemy/domains/de/test/auto/LineFault.xml
----------------- Instantiating /home/travis/build/icyphy/ptII/ptolemy/domains/de/test/auto/LineFault.xml
525 ms. Memory: 48128K Free: 24188K (50%)
----------------- Invoking toplevel() on ptolemy.moml.MoMLSimpleApplication@49d41eae
----------------- Done invoking toplevel() on ptolemy.moml.MoMLSimpleApplication@49d41eae
reloadAllAccessors: .LineFault

===========================================================================================
----------------- testing Mon Jul 22 01:14:21 UTC 2019 /home/travis/build/icyphy/ptII/ptolemy/domains/de/test/auto/MergeModel1Add.xml
----------------- Instantiating /home/travis/build/icyphy/ptII/ptolemy/domains/de/test/auto/MergeModel1Add.xml
11 ms. Memory: 48128K Free: 26357K (55%)
----------------- Invoking toplevel() on ptolemy.moml.MoMLSimpleApplication@700fbb76
----------------- Done invoking toplevel() on ptolemy.moml.MoMLSimpleApplication@700fbb76
reloadAllAccessors: .MergeModel1Add

===========================================================================================
----------------- testing Mon Jul 22 01:14:21 UTC 2019 /home/travis/build/icyphy/ptII/ptolemy/domains/de/test/auto/MergeModel2Add.xml
----------------- Instantiating /home/travis/build/icyphy/ptII/ptolemy/domains/de/test/auto/MergeModel2Add.xml
6 ms. Memory: 48128K Free: 29068K (60%)
----------------- Invoking toplevel() on ptolemy.moml.MoMLSimpleApplication@512233fb
----------------- Done invoking toplevel() on ptolemy.moml.MoMLSimpleApplication@512233fb
reloadAllAccessors: .MergeModel2Add

===========================================================================================
----------------- testing Mon Jul 22 01:14:21 UTC 2019 /home/travis/build/icyphy/ptII/ptolemy/domains/de/test/auto/MergeModel3Add.xml
----------------- Instantiating /home/travis/build/icyphy/ptII/ptolemy/domains/de/test/auto/MergeModel3Add.xml
5 ms. Memory: 48128K Free: 10843K (23%)
----------------- Invoking toplevel() on ptolemy.moml.MoMLSimpleApplication@1799c2c2
----------------- Done invoking toplevel() on ptolemy.moml.MoMLSimpleApplication@1799c2c2
reloadAllAccessors: .MergeModel3Add

===========================================================================================
----------------- testing Mon Jul 22 01:14:21 UTC 2019 /home/travis/build/icyphy/ptII/ptolemy/domains/de/test/auto/MergeWithoutDiscard.xml
----------------- Instantiating /home/travis/build/icyphy/ptII/ptolemy/domains/de/test/auto/MergeWithoutDiscard.xml
1 ms. Memory: 48128K Free: 27519K (57%)
----------------- Invoking toplevel() on ptolemy.moml.MoMLSimpleApplication@6e464441
----------------- Done invoking toplevel() on ptolemy.moml.MoMLSimpleApplication@6e464441
reloadAllAccessors: .MergeWithoutDiscard

===========================================================================================
----------------- testing Mon Jul 22 01:14:21 UTC 2019 /home/travis/build/icyphy/ptII/ptolemy/domains/de/test/auto/Modal1.xml
----------------- Instantiating /home/travis/build/icyphy/ptII/ptolemy/domains/de/test/auto/Modal1.xml
18 ms. Memory: 48128K Free: 15478K (32%)
----------------- Invoking toplevel() on ptolemy.moml.MoMLSimpleApplication@6a692fe5
----------------- Done invoking toplevel() on ptolemy.moml.MoMLSimpleApplication@6a692fe5
reloadAllAccessors: .Modal1

===========================================================================================
----------------- testing Mon Jul 22 01:14:21 UTC 2019 /home/travis/build/icyphy/ptII/ptolemy/domains/de/test/auto/Modal2.xml
----------------- Instantiating /home/travis/build/icyphy/ptII/ptolemy/domains/de/test/auto/Modal2.xml
7 ms. Memory: 48128K Free: 24925K (52%)
----------------- Invoking toplevel() on ptolemy.moml.MoMLSimpleApplication@50c35531
----------------- Done invoking toplevel() on ptolemy.moml.MoMLSimpleApplication@50c35531
reloadAllAccessors: .Modal2

===========================================================================================
----------------- testing Mon Jul 22 01:14:21 UTC 2019 /home/travis/build/icyphy/ptII/ptolemy/domains/de/test/auto/Modal3.xml
----------------- Instantiating /home/travis/build/icyphy/ptII/ptolemy/domains/de/test/auto/Modal3.xml
7 ms. Memory: 48128K Free: 12669K (26%)
----------------- Invoking toplevel() on ptolemy.moml.MoMLSimpleApplication@7ce08bd2
----------------- Done invoking toplevel() on ptolemy.moml.MoMLSimpleApplication@7ce08bd2
reloadAllAccessors: .Modal3

===========================================================================================
----------------- testing Mon Jul 22 01:14:21 UTC 2019 /home/travis/build/icyphy/ptII/ptolemy/domains/de/test/auto/Modal4.xml
----------------- Instantiating /home/travis/build/icyphy/ptII/ptolemy/domains/de/test/auto/Modal4.xml
11 ms. Memory: 48128K Free: 21165K (44%)
----------------- Invoking toplevel() on ptolemy.moml.MoMLSimpleApplication@64689c74
----------------- Done invoking toplevel() on ptolemy.moml.MoMLSimpleApplication@64689c74
reloadAllAccessors: .Modal4

===========================================================================================
----------------- testing Mon Jul 22 01:14:21 UTC 2019 /home/travis/build/icyphy/ptII/ptolemy/domains/de/test/auto/Modal5.xml
----------------- Instantiating /home/travis/build/icyphy/ptII/ptolemy/domains/de/test/auto/Modal5.xml
16 ms. Memory: 62464K Free: 43174K (69%)
----------------- Invoking toplevel() on ptolemy.moml.MoMLSimpleApplication@4a6580e8
----------------- Done invoking toplevel() on ptolemy.moml.MoMLSimpleApplication@4a6580e8
reloadAllAccessors: .Modal5

===========================================================================================
----------------- testing Mon Jul 22 01:14:21 UTC 2019 /home/travis/build/icyphy/ptII/ptolemy/domains/de/test/auto/Modal6.xml
----------------- Instantiating /home/travis/build/icyphy/ptII/ptolemy/domains/de/test/auto/Modal6.xml
11 ms. Memory: 62464K Free: 30569K (49%)
----------------- Invoking toplevel() on ptolemy.moml.MoMLSimpleApplication@75171bd8
----------------- Done invoking toplevel() on ptolemy.moml.MoMLSimpleApplication@75171bd8
reloadAllAccessors: .Modal6

===========================================================================================
----------------- testing Mon Jul 22 01:14:21 UTC 2019 /home/travis/build/icyphy/ptII/ptolemy/domains/de/test/auto/Modal7.xml
----------------- Instantiating /home/travis/build/icyphy/ptII/ptolemy/domains/de/test/auto/Modal7.xml
13 ms. Memory: 62464K Free: 45015K (72%)
----------------- Invoking toplevel() on ptolemy.moml.MoMLSimpleApplication@4bd4f65
----------------- Done invoking toplevel() on ptolemy.moml.MoMLSimpleApplication@4bd4f65
reloadAllAccessors: .Modal7

===========================================================================================
----------------- testing Mon Jul 22 01:14:21 UTC 2019 /home/travis/build/icyphy/ptII/ptolemy/domains/de/test/auto/ModalModel.xml
----------------- Instantiating /home/travis/build/icyphy/ptII/ptolemy/domains/de/test/auto/ModalModel.xml
131 ms. Memory: 62464K Free: 34314K (55%)
----------------- Invoking toplevel() on ptolemy.moml.MoMLSimpleApplication@2e411172
----------------- Done invoking toplevel() on ptolemy.moml.MoMLSimpleApplication@2e411172
reloadAllAccessors: .ModalModel

===========================================================================================
----------------- testing Mon Jul 22 01:14:21 UTC 2019 /home/travis/build/icyphy/ptII/ptolemy/domains/de/test/auto/ModalSource.xml
----------------- Instantiating /home/travis/build/icyphy/ptII/ptolemy/domains/de/test/auto/ModalSource.xml
4 ms. Memory: 62464K Free: 25899K (41%)
----------------- Invoking toplevel() on ptolemy.moml.MoMLSimpleApplication@1a04f6cc
----------------- Done invoking toplevel() on ptolemy.moml.MoMLSimpleApplication@1a04f6cc
reloadAllAccessors: .ModalSource

===========================================================================================
----------------- testing Mon Jul 22 01:14:21 UTC 2019 /home/travis/build/icyphy/ptII/ptolemy/domains/de/test/auto/NonInterruptibleTimerZeroDelay.xml
----------------- Instantiating /home/travis/build/icyphy/ptII/ptolemy/domains/de/test/auto/NonInterruptibleTimerZeroDelay.xml
2 ms. Memory: 62464K Free: 22130K (35%)
----------------- Invoking toplevel() on ptolemy.moml.MoMLSimpleApplication@35fea002
----------------- Done invoking toplevel() on ptolemy.moml.MoMLSimpleApplication@35fea002
reloadAllAccessors: .NonInterruptibleTimerZeroDelay

===========================================================================================
----------------- testing Mon Jul 22 01:14:21 UTC 2019 /home/travis/build/icyphy/ptII/ptolemy/domains/de/test/auto/OpenQueueingNetwork.xml
----------------- Instantiating /home/travis/build/icyphy/ptII/ptolemy/domains/de/test/auto/OpenQueueingNetwork.xml
2356 ms. Memory: 207872K Free: 147527K (71%)
----------------- Invoking toplevel() on ptolemy.moml.MoMLSimpleApplication@66384cbd
----------------- Done invoking toplevel() on ptolemy.moml.MoMLSimpleApplication@66384cbd
reloadAllAccessors: .OpenQueueingNetwork

===========================================================================================
----------------- testing Mon Jul 22 01:14:24 UTC 2019 /home/travis/build/icyphy/ptII/ptolemy/domains/de/test/auto/OpenQueuingNetwork.xml
----------------- Instantiating /home/travis/build/icyphy/ptII/ptolemy/domains/de/test/auto/OpenQueuingNetwork.xml
249 ms. Memory: 207872K Free: 173515K (83%)
----------------- Invoking toplevel() on ptolemy.moml.MoMLSimpleApplication@313fa815
----------------- Done invoking toplevel() on ptolemy.moml.MoMLSimpleApplication@313fa815
reloadAllAccessors: .OpenQueuingNetwork

===========================================================================================
----------------- testing Mon Jul 22 01:14:24 UTC 2019 /home/travis/build/icyphy/ptII/ptolemy/domains/de/test/auto/PeriodicSampler.xml
----------------- Instantiating /home/travis/build/icyphy/ptII/ptolemy/domains/de/test/auto/PeriodicSampler.xml
3 ms. Memory: 207872K Free: 168905K (81%)
----------------- Invoking toplevel() on ptolemy.moml.MoMLSimpleApplication@7b710dd2
----------------- Done invoking toplevel() on ptolemy.moml.MoMLSimpleApplication@7b710dd2
reloadAllAccessors: .PeriodicSampler

===========================================================================================
----------------- testing Mon Jul 22 01:14:24 UTC 2019 /home/travis/build/icyphy/ptII/ptolemy/domains/de/test/auto/PersistentIO.xml
----------------- Instantiating /home/travis/build/icyphy/ptII/ptolemy/domains/de/test/auto/PersistentIO.xml
17 ms. Memory: 207872K Free: 159179K (77%)
----------------- Invoking toplevel() on ptolemy.moml.MoMLSimpleApplication@31fa2760
----------------- Done invoking toplevel() on ptolemy.moml.MoMLSimpleApplication@31fa2760
reloadAllAccessors: .PersistentIO

===========================================================================================
----------------- testing Mon Jul 22 01:14:24 UTC 2019 /home/travis/build/icyphy/ptII/ptolemy/domains/de/test/auto/PortParameterResetOnInitialize.xml
----------------- Instantiating /home/travis/build/icyphy/ptII/ptolemy/domains/de/test/auto/PortParameterResetOnInitialize.xml
4 ms. Memory: 207872K Free: 154569K (74%)
----------------- Invoking toplevel() on ptolemy.moml.MoMLSimpleApplication@5038f1c6
----------------- Done invoking toplevel() on ptolemy.moml.MoMLSimpleApplication@5038f1c6
reloadAllAccessors: .PortParameterResetOnInitialize

===========================================================================================
----------------- testing Mon Jul 22 01:14:24 UTC 2019 /home/travis/build/icyphy/ptII/ptolemy/domains/de/test/auto/PortParameterUpdates.xml
----------------- Instantiating /home/travis/build/icyphy/ptII/ptolemy/domains/de/test/auto/PortParameterUpdates.xml
7 ms. Memory: 207872K Free: 147915K (71%)
----------------- Invoking toplevel() on ptolemy.moml.MoMLSimpleApplication@62c32069
----------------- Done invoking toplevel() on ptolemy.moml.MoMLSimpleApplication@62c32069
reloadAllAccessors: .PortParameterUpdates

===========================================================================================
----------------- testing Mon Jul 22 01:14:24 UTC 2019 /home/travis/build/icyphy/ptII/ptolemy/domains/de/test/auto/QueueAndServer.xml
----------------- Instantiating /home/travis/build/icyphy/ptII/ptolemy/domains/de/test/auto/QueueAndServer.xml
5 ms. Memory: 207872K Free: 140233K (67%)
----------------- Invoking toplevel() on ptolemy.moml.MoMLSimpleApplication@55506a05
----------------- Done invoking toplevel() on ptolemy.moml.MoMLSimpleApplication@55506a05
reloadAllAccessors: .QueueAndServer

===========================================================================================
----------------- testing Mon Jul 22 01:14:24 UTC 2019 /home/travis/build/icyphy/ptII/ptolemy/domains/de/test/auto/Records.xml
----------------- Instantiating /home/travis/build/icyphy/ptII/ptolemy/domains/de/test/auto/Records.xml
3 ms. Memory: 207872K Free: 134603K (65%)
----------------- Invoking toplevel() on ptolemy.moml.MoMLSimpleApplication@791d64c1
----------------- Done invoking toplevel() on ptolemy.moml.MoMLSimpleApplication@791d64c1
reloadAllAccessors: .Records

===========================================================================================
----------------- testing Mon Jul 22 01:14:24 UTC 2019 /home/travis/build/icyphy/ptII/ptolemy/domains/de/test/auto/ResetTransitionWithStartTime1.xml
----------------- Instantiating /home/travis/build/icyphy/ptII/ptolemy/domains/de/test/auto/ResetTransitionWithStartTime1.xml
4 ms. Memory: 207872K Free: 126411K (61%)
----------------- Invoking toplevel() on ptolemy.moml.MoMLSimpleApplication@6e0a4213
----------------- Done invoking toplevel() on ptolemy.moml.MoMLSimpleApplication@6e0a4213
reloadAllAccessors: .ResetTransitionWithStartTime1

===========================================================================================
----------------- testing Mon Jul 22 01:14:24 UTC 2019 /home/travis/build/icyphy/ptII/ptolemy/domains/de/test/auto/ResetTransitionWithStartTime2.xml
----------------- Instantiating /home/travis/build/icyphy/ptII/ptolemy/domains/de/test/auto/ResetTransitionWithStartTime2.xml
4 ms. Memory: 207872K Free: 118219K (57%)
----------------- Invoking toplevel() on ptolemy.moml.MoMLSimpleApplication@1bdb4cf3
----------------- Done invoking toplevel() on ptolemy.moml.MoMLSimpleApplication@1bdb4cf3
reloadAllAccessors: .ResetTransitionWithStartTime2

===========================================================================================
----------------- testing Mon Jul 22 01:14:24 UTC 2019 /home/travis/build/icyphy/ptII/ptolemy/domains/de/test/auto/ResetTransitionWithStartTime3.xml
----------------- Instantiating /home/travis/build/icyphy/ptII/ptolemy/domains/de/test/auto/ResetTransitionWithStartTime3.xml
5 ms. Memory: 207872K Free: 110027K (53%)
----------------- Invoking toplevel() on ptolemy.moml.MoMLSimpleApplication@3ad163e
----------------- Done invoking toplevel() on ptolemy.moml.MoMLSimpleApplication@3ad163e
reloadAllAccessors: .ResetTransitionWithStartTime3

===========================================================================================
----------------- testing Mon Jul 22 01:14:24 UTC 2019 /home/travis/build/icyphy/ptII/ptolemy/domains/de/test/auto/ResetTransitionWithStartTime4.xml
----------------- Instantiating /home/travis/build/icyphy/ptII/ptolemy/domains/de/test/auto/ResetTransitionWithStartTime4.xml
3 ms. Memory: 207872K Free: 102339K (49%)
----------------- Invoking toplevel() on ptolemy.moml.MoMLSimpleApplication@43d59ae0
----------------- Done invoking toplevel() on ptolemy.moml.MoMLSimpleApplication@43d59ae0
reloadAllAccessors: .ResetTransitionWithStartTime4

===========================================================================================
----------------- testing Mon Jul 22 01:14:24 UTC 2019 /home/travis/build/icyphy/ptII/ptolemy/domains/de/test/auto/ResettableTimer1.xml
----------------- Instantiating /home/travis/build/icyphy/ptII/ptolemy/domains/de/test/auto/ResettableTimer1.xml
1 ms. Memory: 207872K Free: 98235K (47%)
----------------- Invoking toplevel() on ptolemy.moml.MoMLSimpleApplication@31d89945
----------------- Done invoking toplevel() on ptolemy.moml.MoMLSimpleApplication@31d89945
reloadAllAccessors: .ResettableTimer1

===========================================================================================
----------------- testing Mon Jul 22 01:14:24 UTC 2019 /home/travis/build/icyphy/ptII/ptolemy/domains/de/test/auto/ResettableTimer2.xml
----------------- Instantiating /home/travis/build/icyphy/ptII/ptolemy/domains/de/test/auto/ResettableTimer2.xml
2 ms. Memory: 207872K Free: 94139K (45%)
----------------- Invoking toplevel() on ptolemy.moml.MoMLSimpleApplication@2e88cf30
----------------- Done invoking toplevel() on ptolemy.moml.MoMLSimpleApplication@2e88cf30
reloadAllAccessors: .ResettableTimer2

===========================================================================================
----------------- testing Mon Jul 22 01:14:24 UTC 2019 /home/travis/build/icyphy/ptII/ptolemy/domains/de/test/auto/ResettableTimer3.xml
----------------- Instantiating /home/travis/build/icyphy/ptII/ptolemy/domains/de/test/auto/ResettableTimer3.xml
1 ms. Memory: 207872K Free: 90571K (44%)
----------------- Invoking toplevel() on ptolemy.moml.MoMLSimpleApplication@6b32103b
----------------- Done invoking toplevel() on ptolemy.moml.MoMLSimpleApplication@6b32103b
reloadAllAccessors: .ResettableTimer3

===========================================================================================
----------------- testing Mon Jul 22 01:14:24 UTC 2019 /home/travis/build/icyphy/ptII/ptolemy/domains/de/test/auto/ResettableTimer4.xml
----------------- Instantiating /home/travis/build/icyphy/ptII/ptolemy/domains/de/test/auto/ResettableTimer4.xml
1 ms. Memory: 207872K Free: 86475K (42%)
----------------- Invoking toplevel() on ptolemy.moml.MoMLSimpleApplication@29ded07a
----------------- Done invoking toplevel() on ptolemy.moml.MoMLSimpleApplication@29ded07a
reloadAllAccessors: .ResettableTimer4

===========================================================================================
----------------- testing Mon Jul 22 01:14:24 UTC 2019 /home/travis/build/icyphy/ptII/ptolemy/domains/de/test/auto/ResettableTimer5.xml
----------------- Instantiating /home/travis/build/icyphy/ptII/ptolemy/domains/de/test/auto/ResettableTimer5.xml
4 ms. Memory: 207872K Free: 189824K (91%)
----------------- Invoking toplevel() on ptolemy.moml.MoMLSimpleApplication@39056bd7
----------------- Done invoking toplevel() on ptolemy.moml.MoMLSimpleApplication@39056bd7
reloadAllAccessors: .ResettableTimer5

===========================================================================================
----------------- testing Mon Jul 22 01:14:25 UTC 2019 /home/travis/build/icyphy/ptII/ptolemy/domains/de/test/auto/ResettableTimer6.xml
----------------- Instantiating /home/travis/build/icyphy/ptII/ptolemy/domains/de/test/auto/ResettableTimer6.xml
2 ms. Memory: 207872K Free: 185216K (89%)
----------------- Invoking toplevel() on ptolemy.moml.MoMLSimpleApplication@3ce9c56b
----------------- Done invoking toplevel() on ptolemy.moml.MoMLSimpleApplication@3ce9c56b
reloadAllAccessors: .ResettableTimer6

===========================================================================================
----------------- testing Mon Jul 22 01:14:25 UTC 2019 /home/travis/build/icyphy/ptII/ptolemy/domains/de/test/auto/ServerZeroDelay.xml
----------------- Instantiating /home/travis/build/icyphy/ptII/ptolemy/domains/de/test/auto/ServerZeroDelay.xml
2 ms. Memory: 207872K Free: 181122K (87%)
----------------- Invoking toplevel() on ptolemy.moml.MoMLSimpleApplication@68096d6b
----------------- Done invoking toplevel() on ptolemy.moml.MoMLSimpleApplication@68096d6b
reloadAllAccessors: .ServerZeroDelay

===========================================================================================
----------------- testing Mon Jul 22 01:14:25 UTC 2019 /home/travis/build/icyphy/ptII/ptolemy/domains/de/test/auto/SmartSender.xml
----------------- Instantiating /home/travis/build/icyphy/ptII/ptolemy/domains/de/test/auto/SmartSender.xml
3001 ms. Memory: 207872K Free: 176512K (85%)
----------------- Invoking toplevel() on ptolemy.moml.MoMLSimpleApplication@6327a5e8
----------------- Done invoking toplevel() on ptolemy.moml.MoMLSimpleApplication@6327a5e8
reloadAllAccessors: .SmartSender

===========================================================================================
----------------- testing Mon Jul 22 01:14:28 UTC 2019 /home/travis/build/icyphy/ptII/ptolemy/domains/de/test/auto/ThreadedComposite.xml
----------------- Instantiating /home/travis/build/icyphy/ptII/ptolemy/domains/de/test/auto/ThreadedComposite.xml
104 ms. Memory: 207872K Free: 156546K (75%)
----------------- Invoking toplevel() on ptolemy.moml.MoMLSimpleApplication@7358e920
----------------- Done invoking toplevel() on ptolemy.moml.MoMLSimpleApplication@7358e920
reloadAllAccessors: .ThreadedComposite

===========================================================================================
----------------- testing Mon Jul 22 01:14:28 UTC 2019 /home/travis/build/icyphy/ptII/ptolemy/domains/de/test/auto/Time.xml
----------------- Instantiating /home/travis/build/icyphy/ptII/ptolemy/domains/de/test/auto/Time.xml
477 ms. Memory: 207872K Free: 103298K (50%)
----------------- Invoking toplevel() on ptolemy.moml.MoMLSimpleApplication@1a8e4e4c
----------------- Done invoking toplevel() on ptolemy.moml.MoMLSimpleApplication@1a8e4e4c
reloadAllAccessors: .Time

===========================================================================================
----------------- testing Mon Jul 22 01:14:28 UTC 2019 /home/travis/build/icyphy/ptII/ptolemy/domains/de/test/auto/TimeDelayZeroDelay.xml
----------------- Instantiating /home/travis/build/icyphy/ptII/ptolemy/domains/de/test/auto/TimeDelayZeroDelay.xml
2 ms. Memory: 207872K Free: 99202K (48%)
----------------- Invoking toplevel() on ptolemy.moml.MoMLSimpleApplication@2f2a83a
----------------- Done invoking toplevel() on ptolemy.moml.MoMLSimpleApplication@2f2a83a
reloadAllAccessors: .TimeDelayZeroDelay

===========================================================================================
----------------- testing Mon Jul 22 01:14:28 UTC 2019 /home/travis/build/icyphy/ptII/ptolemy/domains/de/test/auto/TimerZeroDelay.xml
----------------- Instantiating /home/travis/build/icyphy/ptII/ptolemy/domains/de/test/auto/TimerZeroDelay.xml
4 ms. Memory: 207872K Free: 95106K (46%)
----------------- Invoking toplevel() on ptolemy.moml.MoMLSimpleApplication@81dd48f
----------------- Done invoking toplevel() on ptolemy.moml.MoMLSimpleApplication@81dd48f
reloadAllAccessors: .TimerZeroDelay

===========================================================================================
----------------- testing Mon Jul 22 01:14:28 UTC 2019 /home/travis/build/icyphy/ptII/ptolemy/domains/de/test/auto/TimingParadox.xml
----------------- Instantiating /home/travis/build/icyphy/ptII/ptolemy/domains/de/test/auto/TimingParadox.xml
322 ms. Memory: 207872K Free: 140976K (68%)
----------------- Invoking toplevel() on ptolemy.moml.MoMLSimpleApplication@2234566d
----------------- Done invoking toplevel() on ptolemy.moml.MoMLSimpleApplication@2234566d
reloadAllAccessors: .TimingParadox

===========================================================================================
----------------- testing Mon Jul 22 01:14:29 UTC 2019 /home/travis/build/icyphy/ptII/ptolemy/domains/de/test/auto/TransferInputs.xml
----------------- Instantiating /home/travis/build/icyphy/ptII/ptolemy/domains/de/test/auto/TransferInputs.xml
2 ms. Memory: 207872K Free: 136370K (66%)
----------------- Invoking toplevel() on ptolemy.moml.MoMLSimpleApplication@257900ac
----------------- Done invoking toplevel() on ptolemy.moml.MoMLSimpleApplication@257900ac
reloadAllAccessors: .TransferInputs

===========================================================================================
----------------- testing Mon Jul 22 01:14:29 UTC 2019 /home/travis/build/icyphy/ptII/ptolemy/domains/de/test/auto/TransferOutputs2.xml
----------------- Instantiating /home/travis/build/icyphy/ptII/ptolemy/domains/de/test/auto/TransferOutputs2.xml
2 ms. Memory: 207872K Free: 128178K (62%)
----------------- Invoking toplevel() on ptolemy.moml.MoMLSimpleApplication@6f7ffbf
----------------- Done invoking toplevel() on ptolemy.moml.MoMLSimpleApplication@6f7ffbf
reloadAllAccessors: .TransferOutputs2

===========================================================================================
----------------- testing Mon Jul 22 01:14:29 UTC 2019 /home/travis/build/icyphy/ptII/ptolemy/domains/de/test/auto/Trilateration.xml
----------------- Instantiating /home/travis/build/icyphy/ptII/ptolemy/domains/de/test/auto/Trilateration.xml
12033 ms. Memory: 460800K Free: 354022K (77%)
----------------- Invoking toplevel() on ptolemy.moml.MoMLSimpleApplication@ec4e30b
----------------- Done invoking toplevel() on ptolemy.moml.MoMLSimpleApplication@ec4e30b
reloadAllAccessors: .Trilateration

===========================================================================================
----------------- testing Mon Jul 22 01:14:41 UTC 2019 /home/travis/build/icyphy/ptII/ptolemy/domains/de/test/auto/TwoSigmaDelta.xml
----------------- Instantiating /home/travis/build/icyphy/ptII/ptolemy/domains/de/test/auto/TwoSigmaDelta.xml
2200 ms. Memory: 460800K Free: 420284K (91%)
----------------- Invoking toplevel() on ptolemy.moml.MoMLSimpleApplication@2de7e30b
----------------- Done invoking toplevel() on ptolemy.moml.MoMLSimpleApplication@2de7e30b
reloadAllAccessors: .TwoSigmaDelta

===========================================================================================
----------------- testing Mon Jul 22 01:14:44 UTC 2019 /home/travis/build/icyphy/ptII/ptolemy/domains/de/test/auto/VariableDelay.xml
----------------- Instantiating /home/travis/build/icyphy/ptII/ptolemy/domains/de/test/auto/VariableDelay.xml
1 ms. Memory: 460800K Free: 415164K (90%)
----------------- Invoking toplevel() on ptolemy.moml.MoMLSimpleApplication@57f13b38
----------------- Done invoking toplevel() on ptolemy.moml.MoMLSimpleApplication@57f13b38
reloadAllAccessors: .VariableDelay

===========================================================================================
----------------- testing Mon Jul 22 01:14:44 UTC 2019 /home/travis/build/icyphy/ptII/ptolemy/domains/de/test/auto/VariableDelay2.xml
----------------- Instantiating /home/travis/build/icyphy/ptII/ptolemy/domains/de/test/auto/VariableDelay2.xml
2 ms. Memory: 460800K Free: 410548K (89%)
----------------- Invoking toplevel() on ptolemy.moml.MoMLSimpleApplication@214cd2d1
----------------- Done invoking toplevel() on ptolemy.moml.MoMLSimpleApplication@214cd2d1
reloadAllAccessors: .VariableDelay2

===========================================================================================
----------------- testing Mon Jul 22 01:14:44 UTC 2019 /home/travis/build/icyphy/ptII/ptolemy/domains/de/test/auto/VariableDelayZeroDelay.xml
----------------- Instantiating /home/travis/build/icyphy/ptII/ptolemy/domains/de/test/auto/VariableDelayZeroDelay.xml
1 ms. Memory: 460800K Free: 406458K (88%)
----------------- Invoking toplevel() on ptolemy.moml.MoMLSimpleApplication@2f824822
----------------- Done invoking toplevel() on ptolemy.moml.MoMLSimpleApplication@2f824822
reloadAllAccessors: .VariableDelayZeroDelay

===========================================================================================
----------------- testing Mon Jul 22 01:14:44 UTC 2019 /home/travis/build/icyphy/ptII/ptolemy/domains/de/test/auto/VariableDelayZeroDelay2.xml
----------------- Instantiating /home/travis/build/icyphy/ptII/ptolemy/domains/de/test/auto/VariableDelayZeroDelay2.xml
2 ms. Memory: 460800K Free: 402362K (87%)
----------------- Invoking toplevel() on ptolemy.moml.MoMLSimpleApplication@57d3b340
----------------- Done invoking toplevel() on ptolemy.moml.MoMLSimpleApplication@57d3b340
reloadAllAccessors: .VariableDelayZeroDelay2

===========================================================================================
----------------- testing Mon Jul 22 01:14:44 UTC 2019 /home/travis/build/icyphy/ptII/ptolemy/domains/de/test/auto/deInCt.xml
----------------- Instantiating /home/travis/build/icyphy/ptII/ptolemy/domains/de/test/auto/deInCt.xml
0
1
1
1
0
0
0
1
1
1
0
0
0
1
1
1
0
0
0
1
1
1
1
0
0
0
1
1
0
0
0
0
1
1
1
0
0
0
0
1
1
1
1
12 ms. Memory: 460800K Free: 397242K (86%)
----------------- Invoking toplevel() on ptolemy.moml.MoMLSimpleApplication@6810773a
----------------- Done invoking toplevel() on ptolemy.moml.MoMLSimpleApplication@6810773a
reloadAllAccessors: .deInCt

===========================================================================================
----------------- testing Mon Jul 22 01:14:44 UTC 2019 /home/travis/build/icyphy/ptII/ptolemy/domains/de/test/auto/deInCt2.xml
----------------- Instantiating /home/travis/build/icyphy/ptII/ptolemy/domains/de/test/auto/deInCt2.xml
0
1
1
1
0
0
1
1
1
0
0
1
1
1
0
0
1
1
1
0
0
1
1
1
0
0
1
1
1
0
0
1
1
1
0
0
1
1
1
0
0
0
6 ms. Memory: 460800K Free: 392116K (85%)
----------------- Invoking toplevel() on ptolemy.moml.MoMLSimpleApplication@5a6e6810
----------------- Done invoking toplevel() on ptolemy.moml.MoMLSimpleApplication@5a6e6810
reloadAllAccessors: .deInCt2

===========================================================================================
----------------- testing Mon Jul 22 01:14:44 UTC 2019 /home/travis/build/icyphy/ptII/ptolemy/domains/de/test/auto/dynamicCausalityInterface1.xml
----------------- Instantiating /home/travis/build/icyphy/ptII/ptolemy/domains/de/test/auto/dynamicCausalityInterface1.xml
0 ms. Memory: 460800K Free: 382906K (83%)
----------------- Invoking toplevel() on ptolemy.moml.MoMLSimpleApplication@602cb1ef
----------------- Done invoking toplevel() on ptolemy.moml.MoMLSimpleApplication@602cb1ef
reloadAllAccessors: .dynamicCausalityInterface1

===========================================================================================
----------------- testing Mon Jul 22 01:14:44 UTC 2019 /home/travis/build/icyphy/ptII/ptolemy/domains/de/test/auto/fsm_de_test.xml
----------------- Instantiating /home/travis/build/icyphy/ptII/ptolemy/domains/de/test/auto/fsm_de_test.xml
5 ms. Memory: 460800K Free: 373660K (81%)
----------------- Invoking toplevel() on ptolemy.moml.MoMLSimpleApplication@3c50b845
----------------- Done invoking toplevel() on ptolemy.moml.MoMLSimpleApplication@3c50b845
reloadAllAccessors: .fsm_de_test

===========================================================================================
----------------- testing Mon Jul 22 01:14:44 UTC 2019 /home/travis/build/icyphy/ptII/ptolemy/domains/de/test/auto/functionDependencyReconstruction.xml
----------------- Instantiating /home/travis/build/icyphy/ptII/ptolemy/domains/de/test/auto/functionDependencyReconstruction.xml
2 ms. Memory: 460800K Free: 358844K (78%)
----------------- Invoking toplevel() on ptolemy.moml.MoMLSimpleApplication@4333c56a
----------------- Done invoking toplevel() on ptolemy.moml.MoMLSimpleApplication@4333c56a
reloadAllAccessors: .functionDependencyReconstruction

===========================================================================================
----------------- testing Mon Jul 22 01:14:44 UTC 2019 /home/travis/build/icyphy/ptII/ptolemy/domains/de/test/auto/multirate.xml
----------------- Instantiating /home/travis/build/icyphy/ptII/ptolemy/domains/de/test/auto/multirate.xml
2 ms. Memory: 460800K Free: 352172K (76%)
----------------- Invoking toplevel() on ptolemy.moml.MoMLSimpleApplication@ba77ea9
----------------- Done invoking toplevel() on ptolemy.moml.MoMLSimpleApplication@ba77ea9
reloadAllAccessors: .multirate

===========================================================================================
----------------- testing Mon Jul 22 01:14:44 UTC 2019 /home/travis/build/icyphy/ptII/ptolemy/domains/de/test/auto/multirate2.xml
----------------- Instantiating /home/travis/build/icyphy/ptII/ptolemy/domains/de/test/auto/multirate2.xml
3 ms. Memory: 460800K Free: 345532K (75%)
----------------- Invoking toplevel() on ptolemy.moml.MoMLSimpleApplication@eff12c0
----------------- Done invoking toplevel() on ptolemy.moml.MoMLSimpleApplication@eff12c0
reloadAllAccessors: .multirate2

===========================================================================================
----------------- testing Mon Jul 22 01:14:44 UTC 2019 /home/travis/build/icyphy/ptII/ptolemy/domains/de/test/auto/realtime.xml
----------------- Instantiating /home/travis/build/icyphy/ptII/ptolemy/domains/de/test/auto/realtime.xml
10002 ms. Memory: 460800K Free: 340922K (74%)
----------------- Invoking toplevel() on ptolemy.moml.MoMLSimpleApplication@4819182c
----------------- Done invoking toplevel() on ptolemy.moml.MoMLSimpleApplication@4819182c
reloadAllAccessors: .realtime

===========================================================================================
----------------- testing Mon Jul 22 01:14:54 UTC 2019 /home/travis/build/icyphy/ptII/ptolemy/domains/de/test/auto/relationGroup.xml
----------------- Instantiating /home/travis/build/icyphy/ptII/ptolemy/domains/de/test/auto/relationGroup.xml
1 ms. Memory: 460800K Free: 336826K (73%)
----------------- Invoking toplevel() on ptolemy.moml.MoMLSimpleApplication@6108fbd9
----------------- Done invoking toplevel() on ptolemy.moml.MoMLSimpleApplication@6108fbd9
reloadAllAccessors: .relationGroup

===========================================================================================
----------------- testing Mon Jul 22 01:14:54 UTC 2019 /home/travis/build/icyphy/ptII/ptolemy/domains/de/test/auto/relationGroup2.xml
----------------- Instantiating /home/travis/build/icyphy/ptII/ptolemy/domains/de/test/auto/relationGroup2.xml
2 ms. Memory: 460800K Free: 333244K (72%)
----------------- Invoking toplevel() on ptolemy.moml.MoMLSimpleApplication@3a96a5ce
----------------- Done invoking toplevel() on ptolemy.moml.MoMLSimpleApplication@3a96a5ce
reloadAllAccessors: .relationGroup2

===========================================================================================
----------------- testing Mon Jul 22 01:14:54 UTC 2019 /home/travis/build/icyphy/ptII/ptolemy/domains/de/test/auto/sortWithOpaquePorts.xml
----------------- Instantiating /home/travis/build/icyphy/ptII/ptolemy/domains/de/test/auto/sortWithOpaquePorts.xml
1 ms. Memory: 460800K Free: 328604K (71%)
----------------- Invoking toplevel() on ptolemy.moml.MoMLSimpleApplication@12602b54
----------------- Done invoking toplevel() on ptolemy.moml.MoMLSimpleApplication@12602b54
reloadAllAccessors: .sortWithOpaquePorts

===========================================================================================
----------------- testing Mon Jul 22 01:14:54 UTC 2019 /home/travis/build/icyphy/ptII/ptolemy/domains/de/test/auto/transferInputsandOutputs.xml
----------------- Instantiating /home/travis/build/icyphy/ptII/ptolemy/domains/de/test/auto/transferInputsandOutputs.xml
2 ms. Memory: 460800K Free: 321466K (70%)
----------------- Invoking toplevel() on ptolemy.moml.MoMLSimpleApplication@7e31da8f
----------------- Done invoking toplevel() on ptolemy.moml.MoMLSimpleApplication@7e31da8f
reloadAllAccessors: .transferInputsandOutputs

===========================================================================================
----------------- testing Mon Jul 22 01:14:54 UTC 2019 /home/travis/build/icyphy/ptII/ptolemy/domains/de/test/auto/triggerType.xml
----------------- Instantiating /home/travis/build/icyphy/ptII/ptolemy/domains/de/test/auto/triggerType.xml
1 ms. Memory: 460800K Free: 317340K (69%)
----------------- Invoking toplevel() on ptolemy.moml.MoMLSimpleApplication@5c38b33
----------------- Done invoking toplevel() on ptolemy.moml.MoMLSimpleApplication@5c38b33
reloadAllAccessors: .triggerType
AutoTests.java: About to close Vertx.
AutoTests.java: Vertx closed.
]]></system-out>
  <system-err><![CDATA[java.lang.RuntimeException: Execution failed
	at ptolemy.moml.MoMLSimpleApplication$UnloadThread.run(MoMLSimpleApplication.java:402)
Caused by: ptolemy.kernel.util.IllegalActionException: Found a zero delay loop containing .dependencyLoop.original
  in .dependencyLoop and .dependencyLoop.original
	at ptolemy.actor.util.CausalityInterfaceForComposites._computeOutputPortDepth(CausalityInterfaceForComposites.java:759)
	at ptolemy.actor.util.CausalityInterfaceForComposites._computeInputDepth(CausalityInterfaceForComposites.java:696)
	at ptolemy.actor.util.CausalityInterfaceForComposites._computeOutputPortDepth(CausalityInterfaceForComposites.java:765)
	at ptolemy.actor.util.CausalityInterfaceForComposites._computeInputDepth(CausalityInterfaceForComposites.java:696)
	at ptolemy.actor.util.CausalityInterfaceForComposites._computeOutputPortDepth(CausalityInterfaceForComposites.java:765)
	at ptolemy.actor.util.CausalityInterfaceForComposites._computeInputDepth(CausalityInterfaceForComposites.java:696)
	at ptolemy.actor.util.CausalityInterfaceForComposites._computeActorDepth(CausalityInterfaceForComposites.java:532)
	at ptolemy.actor.util.CausalityInterfaceForComposites.checkForCycles(CausalityInterfaceForComposites.java:96)
	at ptolemy.domains.de.kernel.DEDirector.preinitialize(DEDirector.java:1338)
	at ptolemy.actor.CompositeActor.preinitialize(CompositeActor.java:1828)
	at ptolemy.actor.Manager.preinitializeAndResolveTypes(Manager.java:1040)
	at ptolemy.actor.Manager.initialize(Manager.java:710)
	at ptolemy.actor.Manager.execute(Manager.java:356)
	at ptolemy.actor.Manager.run(Manager.java:1263)
	at ptolemy.actor.Manager$PtolemyRunThread.run(Manager.java:1933)
java.lang.RuntimeException: Execution failed
	at ptolemy.moml.MoMLSimpleApplication$UnloadThread.run(MoMLSimpleApplication.java:402)
Caused by: ptolemy.kernel.util.IllegalActionException: Found a zero delay loop containing .dependencyLoop2.original
  in .dependencyLoop2 and .dependencyLoop2.original
	at ptolemy.actor.util.CausalityInterfaceForComposites._computeOutputPortDepth(CausalityInterfaceForComposites.java:759)
	at ptolemy.actor.util.CausalityInterfaceForComposites._computeInputDepth(CausalityInterfaceForComposites.java:696)
	at ptolemy.actor.util.CausalityInterfaceForComposites._computeOutputPortDepth(CausalityInterfaceForComposites.java:765)
	at ptolemy.actor.util.CausalityInterfaceForComposites._computeInputDepth(CausalityInterfaceForComposites.java:696)
	at ptolemy.actor.util.CausalityInterfaceForComposites._computeOutputPortDepth(CausalityInterfaceForComposites.java:765)
	at ptolemy.actor.util.CausalityInterfaceForComposites._computeInputDepth(CausalityInterfaceForComposites.java:696)
	at ptolemy.actor.util.CausalityInterfaceForComposites._computeActorDepth(CausalityInterfaceForComposites.java:532)
	at ptolemy.actor.util.CausalityInterfaceForComposites.checkForCycles(CausalityInterfaceForComposites.java:96)
	at ptolemy.domains.de.kernel.DEDirector.preinitialize(DEDirector.java:1338)
	at ptolemy.actor.CompositeActor.preinitialize(CompositeActor.java:1828)
	at ptolemy.actor.Manager.preinitializeAndResolveTypes(Manager.java:1040)
	at ptolemy.actor.Manager.initialize(Manager.java:710)
	at ptolemy.actor.Manager.execute(Manager.java:356)
	at ptolemy.actor.Manager.run(Manager.java:1263)
	at ptolemy.actor.Manager$PtolemyRunThread.run(Manager.java:1933)
java.lang.RuntimeException: Execution failed
	at ptolemy.moml.MoMLSimpleApplication$UnloadThread.run(MoMLSimpleApplication.java:402)
Caused by: ptolemy.kernel.util.IllegalActionException: Test fails in iteration 1.
Value was: 1.0. Should have been: 2.0
  in .DirectFeedback.Test
	at ptolemy.actor.lib.Test.fire(Test.java:268)
	at ptolemy.domains.de.kernel.DEDirector._fire(DEDirector.java:1949)
	at ptolemy.domains.de.kernel.DEDirector.fire(DEDirector.java:502)
	at ptolemy.actor.CompositeActor.fire(CompositeActor.java:455)
	at ptolemy.actor.Manager.iterate(Manager.java:851)
	at ptolemy.actor.Manager.execute(Manager.java:369)
	at ptolemy.actor.Manager.run(Manager.java:1263)
	at ptolemy.actor.Manager$PtolemyRunThread.run(Manager.java:1933)
java.lang.RuntimeException: Execution failed
	at ptolemy.moml.MoMLSimpleApplication$UnloadThread.run(MoMLSimpleApplication.java:402)
Caused by: ptolemy.kernel.util.IllegalActionException: Found a zero delay loop containing .dependencyLoop.original
  in .dependencyLoop and .dependencyLoop.original
	at ptolemy.actor.util.CausalityInterfaceForComposites._computeOutputPortDepth(CausalityInterfaceForComposites.java:759)
	at ptolemy.actor.util.CausalityInterfaceForComposites._computeInputDepth(CausalityInterfaceForComposites.java:696)
	at ptolemy.actor.util.CausalityInterfaceForComposites._computeOutputPortDepth(CausalityInterfaceForComposites.java:765)
	at ptolemy.actor.util.CausalityInterfaceForComposites._computeInputDepth(CausalityInterfaceForComposites.java:696)
	at ptolemy.actor.util.CausalityInterfaceForComposites._computeOutputPortDepth(CausalityInterfaceForComposites.java:765)
	at ptolemy.actor.util.CausalityInterfaceForComposites._computeInputDepth(CausalityInterfaceForComposites.java:696)
	at ptolemy.actor.util.CausalityInterfaceForComposites._computeActorDepth(CausalityInterfaceForComposites.java:532)
	at ptolemy.actor.util.CausalityInterfaceForComposites.checkForCycles(CausalityInterfaceForComposites.java:96)
	at ptolemy.domains.de.kernel.DEDirector.preinitialize(DEDirector.java:1338)
	at ptolemy.actor.CompositeActor.preinitialize(CompositeActor.java:1828)
	at ptolemy.actor.Manager.preinitializeAndResolveTypes(Manager.java:1040)
	at ptolemy.actor.Manager.initialize(Manager.java:710)
	at ptolemy.actor.Manager.execute(Manager.java:356)
	at ptolemy.actor.Manager.run(Manager.java:1263)
	at ptolemy.actor.Manager$PtolemyRunThread.run(Manager.java:1933)
java.lang.RuntimeException: Execution failed
	at ptolemy.moml.MoMLSimpleApplication$UnloadThread.run(MoMLSimpleApplication.java:402)
Caused by: ptolemy.kernel.util.IllegalActionException: Found a zero delay loop containing .HierarchicalModel.A
  in .HierarchicalModel and .HierarchicalModel.A
	at ptolemy.actor.util.CausalityInterfaceForComposites._computeOutputPortDepth(CausalityInterfaceForComposites.java:759)
	at ptolemy.actor.util.CausalityInterfaceForComposites._computeInputDepth(CausalityInterfaceForComposites.java:696)
	at ptolemy.actor.util.CausalityInterfaceForComposites._computeOutputPortDepth(CausalityInterfaceForComposites.java:765)
	at ptolemy.actor.util.CausalityInterfaceForComposites._computeInputDepth(CausalityInterfaceForComposites.java:696)
	at ptolemy.actor.util.CausalityInterfaceForComposites._computeOutputPortDepth(CausalityInterfaceForComposites.java:765)
	at ptolemy.actor.util.CausalityInterfaceForComposites._computeInputDepth(CausalityInterfaceForComposites.java:696)
	at ptolemy.actor.util.CausalityInterfaceForComposites._computeActorDepth(CausalityInterfaceForComposites.java:532)
	at ptolemy.actor.util.CausalityInterfaceForComposites.checkForCycles(CausalityInterfaceForComposites.java:96)
	at ptolemy.domains.de.kernel.DEDirector.preinitialize(DEDirector.java:1338)
	at ptolemy.actor.CompositeActor.preinitialize(CompositeActor.java:1828)
	at ptolemy.actor.Manager.preinitializeAndResolveTypes(Manager.java:1040)
	at ptolemy.actor.Manager.initialize(Manager.java:710)
	at ptolemy.actor.Manager.execute(Manager.java:356)
	at ptolemy.actor.Manager.run(Manager.java:1263)
	at ptolemy.actor.Manager$PtolemyRunThread.run(Manager.java:1933)
java.lang.RuntimeException: Execution failed
	at ptolemy.moml.MoMLSimpleApplication$UnloadThread.run(MoMLSimpleApplication.java:402)
Caused by: ptolemy.kernel.util.IllegalActionException: Found a zero delay loop containing .dependencyLoop2.original
  in .dependencyLoop2 and .dependencyLoop2.original
	at ptolemy.actor.util.CausalityInterfaceForComposites._computeOutputPortDepth(CausalityInterfaceForComposites.java:759)
	at ptolemy.actor.util.CausalityInterfaceForComposites._computeInputDepth(CausalityInterfaceForComposites.java:696)
	at ptolemy.actor.util.CausalityInterfaceForComposites._computeOutputPortDepth(CausalityInterfaceForComposites.java:765)
	at ptolemy.actor.util.CausalityInterfaceForComposites._computeInputDepth(CausalityInterfaceForComposites.java:696)
	at ptolemy.actor.util.CausalityInterfaceForComposites._computeOutputPortDepth(CausalityInterfaceForComposites.java:765)
	at ptolemy.actor.util.CausalityInterfaceForComposites._computeInputDepth(CausalityInterfaceForComposites.java:696)
	at ptolemy.actor.util.CausalityInterfaceForComposites._computeActorDepth(CausalityInterfaceForComposites.java:532)
	at ptolemy.actor.util.CausalityInterfaceForComposites.checkForCycles(CausalityInterfaceForComposites.java:96)
	at ptolemy.domains.de.kernel.DEDirector.preinitialize(DEDirector.java:1338)
	at ptolemy.actor.CompositeActor.preinitialize(CompositeActor.java:1828)
	at ptolemy.actor.Manager.preinitializeAndResolveTypes(Manager.java:1040)
	at ptolemy.actor.Manager.initialize(Manager.java:710)
	at ptolemy.actor.Manager.execute(Manager.java:356)
	at ptolemy.actor.Manager.run(Manager.java:1263)
	at ptolemy.actor.Manager$PtolemyRunThread.run(Manager.java:1933)
java.lang.RuntimeException: Execution failed
	at ptolemy.moml.MoMLSimpleApplication$UnloadThread.run(MoMLSimpleApplication.java:402)
Caused by: ptolemy.kernel.util.IllegalActionException: Actor is not ready to fire.  Perhaps UpSample.prefire() returned false? Try debugging the actor by selecting "Listen to Actor".  Also, for SDF check moml for tokenConsumptionRate on input.
  in .DESDFClockTest.Play Bell.Copy1:SDF Director and .DESDFClockTest.Play Bell.UpSample
	at ptolemy.actor.sched.StaticSchedulingDirector.fire(StaticSchedulingDirector.java:227)
	at ptolemy.domains.sdf.kernel.SDFDirector.fire(SDFDirector.java:500)
	at ptolemy.actor.CompositeActor.fire(CompositeActor.java:455)
	at ptolemy.domains.de.kernel.DEDirector._fire(DEDirector.java:1949)
	at ptolemy.domains.de.kernel.DEDirector.fire(DEDirector.java:502)
	at ptolemy.actor.CompositeActor.fire(CompositeActor.java:455)
	at ptolemy.actor.Manager.iterate(Manager.java:851)
	at ptolemy.actor.Manager.execute(Manager.java:369)
	at ptolemy.actor.Manager.run(Manager.java:1263)
	at ptolemy.actor.Manager$PtolemyRunThread.run(Manager.java:1933)
java.lang.RuntimeException: Execution failed
	at ptolemy.moml.MoMLSimpleApplication$UnloadThread.run(MoMLSimpleApplication.java:402)
Caused by: ptolemy.kernel.util.IllegalActionException: Actor is not ready to fire.  Perhaps UpSample.prefire() returned false? Try debugging the actor by selecting "Listen to Actor".  Also, for SDF check moml for tokenConsumptionRate on input.
  in .DESDFClockTest.Play Bell.Copy1:SDF Director and .DESDFClockTest.Play Bell.UpSample
	at ptolemy.actor.sched.StaticSchedulingDirector.fire(StaticSchedulingDirector.java:227)
	at ptolemy.domains.sdf.kernel.SDFDirector.fire(SDFDirector.java:500)
	at ptolemy.actor.CompositeActor.fire(CompositeActor.java:455)
	at ptolemy.domains.de.kernel.DEDirector._fire(DEDirector.java:1949)
	at ptolemy.domains.de.kernel.DEDirector.fire(DEDirector.java:502)
	at ptolemy.actor.CompositeActor.fire(CompositeActor.java:455)
	at ptolemy.actor.Manager.iterate(Manager.java:851)
	at ptolemy.actor.Manager.execute(Manager.java:369)
	at ptolemy.actor.Manager.run(Manager.java:1263)
	at ptolemy.actor.Manager$PtolemyRunThread.run(Manager.java:1933)
java.lang.reflect.InvocationTargetException
	at java.base/jdk.internal.reflect.NativeConstructorAccessorImpl.newInstance0(Native Method)
	at java.base/jdk.internal.reflect.NativeConstructorAccessorImpl.newInstance(NativeConstructorAccessorImpl.java:62)
	at java.base/jdk.internal.reflect.DelegatingConstructorAccessorImpl.newInstance(DelegatingConstructorAccessorImpl.java:45)
	at java.base/java.lang.reflect.Constructor.newInstance(Constructor.java:490)
	at ptolemy.util.test.junit.AutoKnownFailedTests.RunModel(AutoKnownFailedTests.java:105)
	at java.base/jdk.internal.reflect.NativeMethodAccessorImpl.invoke0(Native Method)
	at java.base/jdk.internal.reflect.NativeMethodAccessorImpl.invoke(NativeMethodAccessorImpl.java:62)
	at java.base/jdk.internal.reflect.DelegatingMethodAccessorImpl.invoke(DelegatingMethodAccessorImpl.java:43)
	at java.base/java.lang.reflect.Method.invoke(Method.java:566)
	at org.junit.runners.model.FrameworkMethod$1.runReflectiveCall(FrameworkMethod.java:44)
	at org.junit.internal.runners.model.ReflectiveCallable.run(ReflectiveCallable.java:15)
	at org.junit.runners.model.FrameworkMethod.invokeExplosively(FrameworkMethod.java:41)
	at junitparams.internal.InvokeParameterisedMethod.evaluate(InvokeParameterisedMethod.java:102)
	at org.junit.internal.runners.statements.FailOnTimeout$1.run(FailOnTimeout.java:28)
Caused by: ptolemy.kernel.util.IllegalActionException: Actor is not ready to fire.  Perhaps UpSample.prefire() returned false? Try debugging the actor by selecting "Listen to Actor".  Also, for SDF check moml for tokenConsumptionRate on input.
  in .DESDFClockTest.Play Bell.Copy1:SDF Director and .DESDFClockTest.Play Bell.UpSample
	at ptolemy.actor.sched.StaticSchedulingDirector.fire(StaticSchedulingDirector.java:227)
	at ptolemy.domains.sdf.kernel.SDFDirector.fire(SDFDirector.java:500)
	at ptolemy.actor.CompositeActor.fire(CompositeActor.java:455)
	at ptolemy.domains.de.kernel.DEDirector._fire(DEDirector.java:1949)
	at ptolemy.domains.de.kernel.DEDirector.fire(DEDirector.java:502)
	at ptolemy.actor.CompositeActor.fire(CompositeActor.java:455)
	at ptolemy.actor.Manager.iterate(Manager.java:851)
	at ptolemy.actor.Manager.execute(Manager.java:369)
	at ptolemy.actor.Manager.run(Manager.java:1263)
	at ptolemy.actor.Manager$PtolemyRunThread.run(Manager.java:1933)
java.lang.RuntimeException: Execution failed
	at ptolemy.moml.MoMLSimpleApplication$UnloadThread.run(MoMLSimpleApplication.java:402)
Caused by: ptolemy.kernel.util.IllegalActionException: Test fails in iteration 1.
Value was: 1.0. Should have been: 2.0
  in .DirectFeedback.Test
	at ptolemy.actor.lib.Test.fire(Test.java:268)
	at ptolemy.domains.de.kernel.DEDirector._fire(DEDirector.java:1949)
	at ptolemy.domains.de.kernel.DEDirector.fire(DEDirector.java:502)
	at ptolemy.actor.CompositeActor.fire(CompositeActor.java:455)
	at ptolemy.actor.Manager.iterate(Manager.java:851)
	at ptolemy.actor.Manager.execute(Manager.java:369)
	at ptolemy.actor.Manager.run(Manager.java:1263)
	at ptolemy.actor.Manager$PtolemyRunThread.run(Manager.java:1933)
java.lang.reflect.InvocationTargetException
	at java.base/jdk.internal.reflect.NativeConstructorAccessorImpl.newInstance0(Native Method)
	at java.base/jdk.internal.reflect.NativeConstructorAccessorImpl.newInstance(NativeConstructorAccessorImpl.java:62)
	at java.base/jdk.internal.reflect.DelegatingConstructorAccessorImpl.newInstance(DelegatingConstructorAccessorImpl.java:45)
	at java.base/java.lang.reflect.Constructor.newInstance(Constructor.java:490)
	at ptolemy.util.test.junit.AutoKnownFailedTests.RunModel(AutoKnownFailedTests.java:105)
	at java.base/jdk.internal.reflect.NativeMethodAccessorImpl.invoke0(Native Method)
	at java.base/jdk.internal.reflect.NativeMethodAccessorImpl.invoke(NativeMethodAccessorImpl.java:62)
	at java.base/jdk.internal.reflect.DelegatingMethodAccessorImpl.invoke(DelegatingMethodAccessorImpl.java:43)
	at java.base/java.lang.reflect.Method.invoke(Method.java:566)
	at org.junit.runners.model.FrameworkMethod$1.runReflectiveCall(FrameworkMethod.java:44)
	at org.junit.internal.runners.model.ReflectiveCallable.run(ReflectiveCallable.java:15)
	at org.junit.runners.model.FrameworkMethod.invokeExplosively(FrameworkMethod.java:41)
	at junitparams.internal.InvokeParameterisedMethod.evaluate(InvokeParameterisedMethod.java:102)
	at org.junit.internal.runners.statements.FailOnTimeout$1.run(FailOnTimeout.java:28)
Caused by: ptolemy.kernel.util.IllegalActionException: Test fails in iteration 1.
Value was: 1.0. Should have been: 2.0
  in .DirectFeedback.Test
	at ptolemy.actor.lib.Test.fire(Test.java:268)
	at ptolemy.domains.de.kernel.DEDirector._fire(DEDirector.java:1949)
	at ptolemy.domains.de.kernel.DEDirector.fire(DEDirector.java:502)
	at ptolemy.actor.CompositeActor.fire(CompositeActor.java:455)
	at ptolemy.actor.Manager.iterate(Manager.java:851)
	at ptolemy.actor.Manager.execute(Manager.java:369)
	at ptolemy.actor.Manager.run(Manager.java:1263)
	at ptolemy.actor.Manager$PtolemyRunThread.run(Manager.java:1933)
java.lang.RuntimeException: Execution failed
	at ptolemy.moml.MoMLSimpleApplication$UnloadThread.run(MoMLSimpleApplication.java:402)
Caused by: ptolemy.kernel.util.IllegalActionException: Found a zero delay loop containing .HierarchicalModel.A
  in .HierarchicalModel and .HierarchicalModel.A
	at ptolemy.actor.util.CausalityInterfaceForComposites._computeOutputPortDepth(CausalityInterfaceForComposites.java:759)
	at ptolemy.actor.util.CausalityInterfaceForComposites._computeInputDepth(CausalityInterfaceForComposites.java:696)
	at ptolemy.actor.util.CausalityInterfaceForComposites._computeOutputPortDepth(CausalityInterfaceForComposites.java:765)
	at ptolemy.actor.util.CausalityInterfaceForComposites._computeInputDepth(CausalityInterfaceForComposites.java:696)
	at ptolemy.actor.util.CausalityInterfaceForComposites._computeOutputPortDepth(CausalityInterfaceForComposites.java:765)
	at ptolemy.actor.util.CausalityInterfaceForComposites._computeInputDepth(CausalityInterfaceForComposites.java:696)
	at ptolemy.actor.util.CausalityInterfaceForComposites._computeActorDepth(CausalityInterfaceForComposites.java:532)
	at ptolemy.actor.util.CausalityInterfaceForComposites.checkForCycles(CausalityInterfaceForComposites.java:96)
	at ptolemy.domains.de.kernel.DEDirector.preinitialize(DEDirector.java:1338)
	at ptolemy.actor.CompositeActor.preinitialize(CompositeActor.java:1828)
	at ptolemy.actor.Manager.preinitializeAndResolveTypes(Manager.java:1040)
	at ptolemy.actor.Manager.initialize(Manager.java:710)
	at ptolemy.actor.Manager.execute(Manager.java:356)
	at ptolemy.actor.Manager.run(Manager.java:1263)
	at ptolemy.actor.Manager$PtolemyRunThread.run(Manager.java:1933)
java.lang.reflect.InvocationTargetException
	at java.base/jdk.internal.reflect.NativeConstructorAccessorImpl.newInstance0(Native Method)
	at java.base/jdk.internal.reflect.NativeConstructorAccessorImpl.newInstance(NativeConstructorAccessorImpl.java:62)
	at java.base/jdk.internal.reflect.DelegatingConstructorAccessorImpl.newInstance(DelegatingConstructorAccessorImpl.java:45)
	at java.base/java.lang.reflect.Constructor.newInstance(Constructor.java:490)
	at ptolemy.util.test.junit.AutoKnownFailedTests.RunModel(AutoKnownFailedTests.java:105)
	at java.base/jdk.internal.reflect.NativeMethodAccessorImpl.invoke0(Native Method)
	at java.base/jdk.internal.reflect.NativeMethodAccessorImpl.invoke(NativeMethodAccessorImpl.java:62)
	at java.base/jdk.internal.reflect.DelegatingMethodAccessorImpl.invoke(DelegatingMethodAccessorImpl.java:43)
	at java.base/java.lang.reflect.Method.invoke(Method.java:566)
	at org.junit.runners.model.FrameworkMethod$1.runReflectiveCall(FrameworkMethod.java:44)
	at org.junit.internal.runners.model.ReflectiveCallable.run(ReflectiveCallable.java:15)
	at org.junit.runners.model.FrameworkMethod.invokeExplosively(FrameworkMethod.java:41)
	at junitparams.internal.InvokeParameterisedMethod.evaluate(InvokeParameterisedMethod.java:102)
	at org.junit.internal.runners.statements.FailOnTimeout$1.run(FailOnTimeout.java:28)
Caused by: ptolemy.kernel.util.IllegalActionException: Found a zero delay loop containing .HierarchicalModel.A
  in .HierarchicalModel and .HierarchicalModel.A
	at ptolemy.actor.util.CausalityInterfaceForComposites._computeOutputPortDepth(CausalityInterfaceForComposites.java:759)
	at ptolemy.actor.util.CausalityInterfaceForComposites._computeInputDepth(CausalityInterfaceForComposites.java:696)
	at ptolemy.actor.util.CausalityInterfaceForComposites._computeOutputPortDepth(CausalityInterfaceForComposites.java:765)
	at ptolemy.actor.util.CausalityInterfaceForComposites._computeInputDepth(CausalityInterfaceForComposites.java:696)
	at ptolemy.actor.util.CausalityInterfaceForComposites._computeOutputPortDepth(CausalityInterfaceForComposites.java:765)
	at ptolemy.actor.util.CausalityInterfaceForComposites._computeInputDepth(CausalityInterfaceForComposites.java:696)
	at ptolemy.actor.util.CausalityInterfaceForComposites._computeActorDepth(CausalityInterfaceForComposites.java:532)
	at ptolemy.actor.util.CausalityInterfaceForComposites.checkForCycles(CausalityInterfaceForComposites.java:96)
	at ptolemy.domains.de.kernel.DEDirector.preinitialize(DEDirector.java:1338)
	at ptolemy.actor.CompositeActor.preinitialize(CompositeActor.java:1828)
	at ptolemy.actor.Manager.preinitializeAndResolveTypes(Manager.java:1040)
	at ptolemy.actor.Manager.initialize(Manager.java:710)
	at ptolemy.actor.Manager.execute(Manager.java:356)
	at ptolemy.actor.Manager.run(Manager.java:1263)
	at ptolemy.actor.Manager$PtolemyRunThread.run(Manager.java:1933)
java.lang.RuntimeException: Execution failed
	at ptolemy.moml.MoMLSimpleApplication$UnloadThread.run(MoMLSimpleApplication.java:402)
Caused by: ptolemy.kernel.util.IllegalActionException: Found a zero delay loop containing .dependencyLoop.original
  in .dependencyLoop and .dependencyLoop.original
	at ptolemy.actor.util.CausalityInterfaceForComposites._computeOutputPortDepth(CausalityInterfaceForComposites.java:759)
	at ptolemy.actor.util.CausalityInterfaceForComposites._computeInputDepth(CausalityInterfaceForComposites.java:696)
	at ptolemy.actor.util.CausalityInterfaceForComposites._computeOutputPortDepth(CausalityInterfaceForComposites.java:765)
	at ptolemy.actor.util.CausalityInterfaceForComposites._computeInputDepth(CausalityInterfaceForComposites.java:696)
	at ptolemy.actor.util.CausalityInterfaceForComposites._computeOutputPortDepth(CausalityInterfaceForComposites.java:765)
	at ptolemy.actor.util.CausalityInterfaceForComposites._computeInputDepth(CausalityInterfaceForComposites.java:696)
	at ptolemy.actor.util.CausalityInterfaceForComposites._computeActorDepth(CausalityInterfaceForComposites.java:532)
	at ptolemy.actor.util.CausalityInterfaceForComposites.checkForCycles(CausalityInterfaceForComposites.java:96)
	at ptolemy.domains.de.kernel.DEDirector.preinitialize(DEDirector.java:1338)
	at ptolemy.actor.CompositeActor.preinitialize(CompositeActor.java:1828)
	at ptolemy.actor.Manager.preinitializeAndResolveTypes(Manager.java:1040)
	at ptolemy.actor.Manager.initialize(Manager.java:710)
	at ptolemy.actor.Manager.execute(Manager.java:356)
	at ptolemy.actor.Manager.run(Manager.java:1263)
	at ptolemy.actor.Manager$PtolemyRunThread.run(Manager.java:1933)
java.lang.reflect.InvocationTargetException
	at java.base/jdk.internal.reflect.NativeConstructorAccessorImpl.newInstance0(Native Method)
	at java.base/jdk.internal.reflect.NativeConstructorAccessorImpl.newInstance(NativeConstructorAccessorImpl.java:62)
	at java.base/jdk.internal.reflect.DelegatingConstructorAccessorImpl.newInstance(DelegatingConstructorAccessorImpl.java:45)
	at java.base/java.lang.reflect.Constructor.newInstance(Constructor.java:490)
	at ptolemy.util.test.junit.AutoKnownFailedTests.RunModel(AutoKnownFailedTests.java:105)
	at java.base/jdk.internal.reflect.NativeMethodAccessorImpl.invoke0(Native Method)
	at java.base/jdk.internal.reflect.NativeMethodAccessorImpl.invoke(NativeMethodAccessorImpl.java:62)
	at java.base/jdk.internal.reflect.DelegatingMethodAccessorImpl.invoke(DelegatingMethodAccessorImpl.java:43)
	at java.base/java.lang.reflect.Method.invoke(Method.java:566)
	at org.junit.runners.model.FrameworkMethod$1.runReflectiveCall(FrameworkMethod.java:44)
	at org.junit.internal.runners.model.ReflectiveCallable.run(ReflectiveCallable.java:15)
	at org.junit.runners.model.FrameworkMethod.invokeExplosively(FrameworkMethod.java:41)
	at junitparams.internal.InvokeParameterisedMethod.evaluate(InvokeParameterisedMethod.java:102)
	at org.junit.internal.runners.statements.FailOnTimeout$1.run(FailOnTimeout.java:28)
Caused by: ptolemy.kernel.util.IllegalActionException: Found a zero delay loop containing .dependencyLoop.original
  in .dependencyLoop and .dependencyLoop.original
	at ptolemy.actor.util.CausalityInterfaceForComposites._computeOutputPortDepth(CausalityInterfaceForComposites.java:759)
	at ptolemy.actor.util.CausalityInterfaceForComposites._computeInputDepth(CausalityInterfaceForComposites.java:696)
	at ptolemy.actor.util.CausalityInterfaceForComposites._computeOutputPortDepth(CausalityInterfaceForComposites.java:765)
	at ptolemy.actor.util.CausalityInterfaceForComposites._computeInputDepth(CausalityInterfaceForComposites.java:696)
	at ptolemy.actor.util.CausalityInterfaceForComposites._computeOutputPortDepth(CausalityInterfaceForComposites.java:765)
	at ptolemy.actor.util.CausalityInterfaceForComposites._computeInputDepth(CausalityInterfaceForComposites.java:696)
	at ptolemy.actor.util.CausalityInterfaceForComposites._computeActorDepth(CausalityInterfaceForComposites.java:532)
	at ptolemy.actor.util.CausalityInterfaceForComposites.checkForCycles(CausalityInterfaceForComposites.java:96)
	at ptolemy.domains.de.kernel.DEDirector.preinitialize(DEDirector.java:1338)
	at ptolemy.actor.CompositeActor.preinitialize(CompositeActor.java:1828)
	at ptolemy.actor.Manager.preinitializeAndResolveTypes(Manager.java:1040)
	at ptolemy.actor.Manager.initialize(Manager.java:710)
	at ptolemy.actor.Manager.execute(Manager.java:356)
	at ptolemy.actor.Manager.run(Manager.java:1263)
	at ptolemy.actor.Manager$PtolemyRunThread.run(Manager.java:1933)
java.lang.RuntimeException: Execution failed
	at ptolemy.moml.MoMLSimpleApplication$UnloadThread.run(MoMLSimpleApplication.java:402)
Caused by: ptolemy.kernel.util.IllegalActionException: Found a zero delay loop containing .dependencyLoop2.original
  in .dependencyLoop2 and .dependencyLoop2.original
	at ptolemy.actor.util.CausalityInterfaceForComposites._computeOutputPortDepth(CausalityInterfaceForComposites.java:759)
	at ptolemy.actor.util.CausalityInterfaceForComposites._computeInputDepth(CausalityInterfaceForComposites.java:696)
	at ptolemy.actor.util.CausalityInterfaceForComposites._computeOutputPortDepth(CausalityInterfaceForComposites.java:765)
	at ptolemy.actor.util.CausalityInterfaceForComposites._computeInputDepth(CausalityInterfaceForComposites.java:696)
	at ptolemy.actor.util.CausalityInterfaceForComposites._computeOutputPortDepth(CausalityInterfaceForComposites.java:765)
	at ptolemy.actor.util.CausalityInterfaceForComposites._computeInputDepth(CausalityInterfaceForComposites.java:696)
	at ptolemy.actor.util.CausalityInterfaceForComposites._computeActorDepth(CausalityInterfaceForComposites.java:532)
	at ptolemy.actor.util.CausalityInterfaceForComposites.checkForCycles(CausalityInterfaceForComposites.java:96)
	at ptolemy.domains.de.kernel.DEDirector.preinitialize(DEDirector.java:1338)
	at ptolemy.actor.CompositeActor.preinitialize(CompositeActor.java:1828)
	at ptolemy.actor.Manager.preinitializeAndResolveTypes(Manager.java:1040)
	at ptolemy.actor.Manager.initialize(Manager.java:710)
	at ptolemy.actor.Manager.execute(Manager.java:356)
	at ptolemy.actor.Manager.run(Manager.java:1263)
	at ptolemy.actor.Manager$PtolemyRunThread.run(Manager.java:1933)
java.lang.reflect.InvocationTargetException
	at java.base/jdk.internal.reflect.NativeConstructorAccessorImpl.newInstance0(Native Method)
	at java.base/jdk.internal.reflect.NativeConstructorAccessorImpl.newInstance(NativeConstructorAccessorImpl.java:62)
	at java.base/jdk.internal.reflect.DelegatingConstructorAccessorImpl.newInstance(DelegatingConstructorAccessorImpl.java:45)
	at java.base/java.lang.reflect.Constructor.newInstance(Constructor.java:490)
	at ptolemy.util.test.junit.AutoKnownFailedTests.RunModel(AutoKnownFailedTests.java:105)
	at java.base/jdk.internal.reflect.NativeMethodAccessorImpl.invoke0(Native Method)
	at java.base/jdk.internal.reflect.NativeMethodAccessorImpl.invoke(NativeMethodAccessorImpl.java:62)
	at java.base/jdk.internal.reflect.DelegatingMethodAccessorImpl.invoke(DelegatingMethodAccessorImpl.java:43)
	at java.base/java.lang.reflect.Method.invoke(Method.java:566)
	at org.junit.runners.model.FrameworkMethod$1.runReflectiveCall(FrameworkMethod.java:44)
	at org.junit.internal.runners.model.ReflectiveCallable.run(ReflectiveCallable.java:15)
	at org.junit.runners.model.FrameworkMethod.invokeExplosively(FrameworkMethod.java:41)
	at junitparams.internal.InvokeParameterisedMethod.evaluate(InvokeParameterisedMethod.java:102)
	at org.junit.internal.runners.statements.FailOnTimeout$1.run(FailOnTimeout.java:28)
Caused by: ptolemy.kernel.util.IllegalActionException: Found a zero delay loop containing .dependencyLoop2.original
  in .dependencyLoop2 and .dependencyLoop2.original
	at ptolemy.actor.util.CausalityInterfaceForComposites._computeOutputPortDepth(CausalityInterfaceForComposites.java:759)
	at ptolemy.actor.util.CausalityInterfaceForComposites._computeInputDepth(CausalityInterfaceForComposites.java:696)
	at ptolemy.actor.util.CausalityInterfaceForComposites._computeOutputPortDepth(CausalityInterfaceForComposites.java:765)
	at ptolemy.actor.util.CausalityInterfaceForComposites._computeInputDepth(CausalityInterfaceForComposites.java:696)
	at ptolemy.actor.util.CausalityInterfaceForComposites._computeOutputPortDepth(CausalityInterfaceForComposites.java:765)
	at ptolemy.actor.util.CausalityInterfaceForComposites._computeInputDepth(CausalityInterfaceForComposites.java:696)
	at ptolemy.actor.util.CausalityInterfaceForComposites._computeActorDepth(CausalityInterfaceForComposites.java:532)
	at ptolemy.actor.util.CausalityInterfaceForComposites.checkForCycles(CausalityInterfaceForComposites.java:96)
	at ptolemy.domains.de.kernel.DEDirector.preinitialize(DEDirector.java:1338)
	at ptolemy.actor.CompositeActor.preinitialize(CompositeActor.java:1828)
	at ptolemy.actor.Manager.preinitializeAndResolveTypes(Manager.java:1040)
	at ptolemy.actor.Manager.initialize(Manager.java:710)
	at ptolemy.actor.Manager.execute(Manager.java:356)
	at ptolemy.actor.Manager.run(Manager.java:1263)
	at ptolemy.actor.Manager$PtolemyRunThread.run(Manager.java:1933)
]]></system-err>
</testsuite>
