<?xml version="1.0" encoding="UTF-8" ?>
<testsuite errors="0" failures="0" hostname="travis-job-be4d889d-2be6-48ad-b0c0-fcd81724b050" name="ptolemy.domains.de.test.junit.JUnitTclTest" skipped="0" tests="101" time="134.941" timestamp="2018-10-10T02:29:39">
  <properties>
    <property name="npm.executable" value="npm" />
    <property name="file.encoding.pkg" value="sun.io" />
    <property name="env.TRAVIS_ROOT" value="/" />
    <property name="ptII.mk.exists" value="true" />
    <property name="env.TRAVIS_APP_HOST" value="build.travis-ci.org" />
    <property name="env.rvm_bin_path" value="/home/travis/.rvm/bin" />
    <property name="java.home" value="/usr/lib/jvm/java-8-oracle/jre" />
    <property name="env.TRAVIS_JOB_NUMBER" value="770.9" />
    <property name="env.TRAVIS_HOME" value="/home/travis" />
    <property name="env.DISPLAY" value=":99.0" />
    <property name="java.net.preferIPv4Stack" value="true" />
    <property name="env.TRAVIS_INIT" value="upstart" />
    <property name="env.SSH_TTY" value="/dev/pts/0" />
    <property name="env.RUN_TESTS" value="false" />
    <property name="timeout.short" value="1000000" />
    <property name="env.TRAVIS_STACK_NODE_ATTRIBUTES" value="/.node-attributes.yml" />
    <property name="junit.formatter" value="xml" />
    <property name="java.endorsed.dirs" value="/usr/lib/jvm/java-8-oracle/jre/lib/endorsed" />
    <property name="env.TRAVIS_SUDO" value="true" />
    <property name="env.LOGNAME" value="travis" />
    <property name="jsdoc.home" value="node_modules/@terraswarm/jsdoc" />
    <property name="debuglevel" value="source,lines,vars" />
    <property name="checkstyle.formatter" value="xml" />
    <property name="bin.vergil.makeable" value="true" />
    <property name="env._system_version" value="14.04" />
    <property name="sun.os.patch.level" value="unknown" />
    <property name="java.vendor.url" value="http://java.oracle.com/" />
    <property name="env.TRAVIS_BUILD_WEB_URL" value="https://travis-ci.org/icyphy/ptII/builds/439435874" />
    <property name="java.version" value="1.8.0_151" />
    <property name="env.TZ" value="UTC" />
    <property name="env.PT_NO_NET" value="true" />
    <property name="env.TRAVIS_PULL_REQUEST_SHA" value="" />
    <property name="env.TRAVIS_SECURE_ENV_VARS" value="true" />
    <property name="env._system_type" value="Linux" />
    <property name="java.vendor.url.bug" value="http://bugreport.sun.com/bugreport/" />
    <property name="env.SSH_CLIENT" value="10.10.4.83 46680 22" />
    <property name="npmjs-org-is-up" value="true" />
    <property name="env.GEM_HOME" value="/home/travis/.rvm/gems/ruby-2.4.1" />
    <property name="env.HAS_ANTARES_THREE_LITTLE_FRONZIES_BADGE" value="true" />
    <property name="env.PS4" value="+" />
    <property name="ant.project.invoked-targets" value="build,test.core2.xml" />
    <property name="env.TRAVIS_PULL_REQUEST_BRANCH" value="" />
    <property name="env.TRAVIS_REPO_SLUG" value="icyphy/ptII" />
    <property name="node.in.path" value="true" />
    <property name="java.maxmemory" value="1400m" />
    <property name="env.RUBY_VERSION" value="ruby-2.4.1" />
    <property name="user.name" value="travis" />
    <property name="env.LANG" value="en_US.UTF-8" />
    <property name="sun.io.unicode.encoding" value="UnicodeLittle" />
    <property name="sun.jnu.encoding" value="UTF-8" />
    <property name="java.runtime.name" value="Java(TM) SE Runtime Environment" />
    <property name="usefile" value="false" />
    <property name="return.code" value="0" />
    <property name="junit.single.formatter" value="plain" />
    <property name="env.DEBIAN_FRONTEND" value="noninteractive" />
    <property name="env.SSH_CONNECTION" value="10.10.4.83 46680 10.20.0.46 22" />
    <property name="env.MYSQL_UNIX_PORT" value="/var/run/mysqld/mysqld.sock" />
    <property name="env.TRAVIS_ALLOW_FAILURE" value="false" />
    <property name="env.LC_ALL" value="en_US.UTF-8" />
    <property name="env.TRAVIS_JOB_WEB_URL" value="https://travis-ci.org/icyphy/ptII/jobs/439435883" />
    <property name="java.specification.name" value="Java Platform API Specification" />
    <property name="node.works" value="true" />
    <property name="user.timezone" value="" />
    <property name="path.separator" value=":" />
    <property name="env.TRAVIS_ENABLE_INFRA_DETECTION" value="true" />
    <property name="env.PYTHON_CFLAGS" value="-g -fstack-protector --param=ssp-buffer-size=4 -Wformat -Werror=format-security" />
    <property name="timeout.long" value="4000000" />
    <property name="file.encoding" value="UTF-8" />
    <property name="ant.file.ptII" value="/home/travis/build/icyphy/ptII/build.xml" />
    <property name="javadoc.packagenames" value="com.*,diva.*,lbnl.*,org.hlacerti.*,org.json.*,org.ptolemy.*,org.terraswarm.*,ptolemy.*,ptserver.*" />
    <property name="env.TRAVIS_PULL_REQUEST_SLUG" value="" />
    <property name="ant.project.default-target" value="build" />
    <property name="env.GIT_ASKPASS" value="echo" />
    <property name="env.HOME" value="/home/travis" />
    <property name="sun.java.command" value="org.apache.tools.ant.taskdefs.optional.junit.JUnitTestRunner ptolemy.domains.de.test.junit.JUnitTclTest skipNonTests=false filtertrace=true haltOnError=false haltOnFailure=false formatter=org.apache.tools.ant.taskdefs.optional.junit.OutErrSummaryJUnitResultFormatter showoutput=true outputtoformatters=true logfailedtests=true threadid=0 logtestlistenerevents=false formatter=org.apache.tools.ant.taskdefs.optional.junit.XMLJUnitResultFormatter,/home/travis/build/icyphy/ptII/reports/junit/TEST-ptolemy.domains.de.test.junit.JUnitTclTest.xml crashfile=/home/travis/build/icyphy/ptII/junitvmwatcher7818560079709632811.properties propsfile=/home/travis/build/icyphy/ptII/junit1698205019836245841.properties" />
    <property name="env.MANPATH" value="/home/travis/.nvm/versions/node/v7.10.1/share/man:/home/travis/.kiex/elixirs/elixir-1.4.5/man:/home/travis/.rvm/rubies/ruby-2.4.1/share/man:/usr/local/man:/usr/local/cmake-3.9.2/man:/usr/local/clang-5.0.0/share/man:/usr/local/share/man:/usr/share/man:/home/travis/.rvm/man" />
    <property name="env.COMPOSER_NO_INTERACTION" value="1" />
    <property name="env.JDK_SWITCHER_DEFAULT" value="oraclejdk8" />
    <property name="env.TRAVIS_TIMER_ID" value="003c0d43" />
    <property name="ant.file" value="/home/travis/build/icyphy/ptII/build.xml" />
    <property name="env.TRAVIS_COMMIT_RANGE" value="2a52aa62b400c2e140e16277293ea2f6ee190b6e...ff63d8b16498f893b7b8849a30fd00a9b978153c" />
    <property name="env._system_name" value="Ubuntu" />
    <property name="timeout" value="2400000" />
    <property name="ptII.classpath.optional.property" value="/home/travis/build/icyphy/ptII/lib/bsh-2.0b4.jar:/home/travis/build/icyphy/ptII/lib/ptCal.jar:/home/travis/build/icyphy/ptII/lib/java_cup.jar:/home/travis/build/icyphy/ptII/lib/saxon8.jar:/home/travis/build/icyphy/ptII/lib/saxon8-dom.jar:/home/travis/build/icyphy/ptII/lib/chic.jar:/home/travis/build/icyphy/ptII/lib/ptcolt.jar:/usr/lib/jvm/java-8-oracle/lib/tools.jar:/usr/lib/eclipse/plugins/org.eclipse.jdt.core_3.8.2.dist.jar:/usr/lib/eclipse/plugins/org.eclipse.core.runtime_3.8.0.dist.jar:/usr/lib/eclipse/plugins/org.eclipse.osgi_3.8.1.dist.jar:/usr/lib/eclipse/plugins/org.eclipse.core.resources_3.8.1.dist.jar:/usr/lib/eclipse/plugins/org.eclipse.equinox.common_3.6.100.dist.jar:/usr/lib/eclipse/plugins/org.eclipse.core.jobs_3.5.200.dist.jar:/usr/lib/eclipse/plugins/org.eclipse.core.contenttype_3.4.200.dist.jar:/usr/lib/eclipse/plugins/org.eclipse.equinox.preferences_3.5.0.dist.jar:/usr/lib/eclipse/plugins/org.eclipse.text_3.5.200.dist.jar:/usr/lib/eclipse/plugins/org.eclipse.ui.workbench_3.8.1.dist.jar:/usr/lib/eclipse/plugins/org.eclipse.jface_3.8.0.dist.jar:/usr/lib/eclipse/plugins/org.eclipse.swt_3.8.2.jar:/usr/lib/eclipse/plugins/org.eclipse.jface.text_3.8.1.dist.jar:/usr/lib/eclipse/plugins/org.eclipse.ui.workbench.texteditor_3.8.0.dist.jar:/usr/lib/eclipse/plugins/org.eclipse.ui.editors_3.8.0.dist.jar:/usr/lib/eclipse/plugins/org.eclipse.core.commands_3.6.1.dist.jar:/usr/lib/eclipse/plugins/org.eclipse.equinox.registry_3.5.200.dist.jar:/usr/lib/eclipse/plugins/org.eclipse.ui.console_3.5.100.dist.jar:/usr/lib/eclipse/plugins/org.eclipse.ui.forms_3.5.200.dist.jar:/usr/lib/eclipse/plugins/org.eclipse.ui.ide_3.8.1.dist.jar:/home/travis/build/icyphy/ptII/vendors/oracle/dbxml.jar:/home/travis/build/icyphy/ptII/vendors/oracle/db.jar:/home/travis/build/icyphy/ptII/vendors/misc/itext/iText.jar:/home/travis/build/icyphy/ptII/lib/g4ltl.jar:/home/travis/build/icyphy/ptII/lib/StructuralCoder.jar:/home/travis/build/icyphy/ptII/lib/org-openide-util.jar:/home/travis/build/icyphy/ptII/lib/org-openide-util-lookup.jar:/home/travis/build/icyphy/ptII/lib/org-netbeans-api-visual.jar:/home/travis/build/icyphy/ptII/vendors/jai-1_1_2_01/lib/jai_core.jar:/home/travis/build/icyphy/ptII/vendors/jai-1_1_2_01/lib/jai_codec.jar:/home/travis/build/icyphy/ptII/lib/jcerti.jar:/home/travis/build/icyphy/ptII/lib/smack.jar:/home/travis/build/icyphy/ptII/lib/smackx.jar:/home/travis/build/icyphy/ptII/lib/jetty-all-8.1.5-v20120716.jar:/home/travis/build/icyphy/ptII/lib/javax.servlet-api-3.0.1.jar:/home/travis/build/icyphy/ptII/lib/javax.mail.jar:/home/travis/build/icyphy/ptII/vendors/JMF-2.1.1e/lib/jmf.jar:/home/travis/build/icyphy/ptII/lib/jna-4.0.0-variadic.jar:/home/travis/build/icyphy/ptII/vendors/misc/joystick/Joystick.jar:/home/travis/build/icyphy/ptII/lib/ptjacl.jar:/home/travis/build/icyphy/ptII/lib/jsoup-1.8.2.jar:/home/travis/build/icyphy/ptII/lib/junit-4.8.2.jar:/home/travis/build/icyphy/ptII/lib/JUnitParams-0.4.0.jar:/home/travis/build/icyphy/ptII/ptolemy/actor/lib/excel/jxl.jar:/home/travis/build/icyphy/ptII/lib/jython.jar:/home/travis/build/icyphy/ptII/lib/kieler.jar:/home/travis/build/icyphy/ptII/vendors/opencv/share/OpenCV/java/opencv-341.jar:/home/travis/build/icyphy/ptII/lib/oscP5.jar:/home/travis/build/icyphy/ptII/lib/nrjavaserial-3.11.0.devel.jar:/home/travis/build/icyphy/ptII/vendors/j3d/lib/j3dcore.jar:/home/travis/build/icyphy/ptII/vendors/j3d/lib/j3dutils.jar:/home/travis/build/icyphy/ptII/vendors/j3d/lib/vecmath.jar:/home/travis/build/icyphy/ptII/ptolemy/distributed/jini/jar/jini-core.jar:/home/travis/build/icyphy/ptII/ptolemy/distributed/jini/jar/jini-ext.jar:/home/travis/build/icyphy/ptII/ptolemy/distributed/jini/jar/sun-util.jar:/home/travis/build/icyphy/ptII/lib/protobuf-java-2.4.1.jar:/home/travis/build/icyphy/ptII/lib/org.eclipse.paho.client.mqttv3.jar:/home/travis/build/icyphy/ptII/ptserver/lib/hessian-4.0.7.jar:/home/travis/build/icyphy/ptII/ptserver/lib/wmqtt.jar:/home/travis/build/icyphy/ptII/lib/mapss.jar:/home/travis/build/icyphy/ptII/ptolemy/actor/ptalon/antlr/antlr.jar:/home/travis/build/icyphy/ptII/lib/JRI.jar:/home/travis/build/icyphy/ptII/lib/commons-lang-2.6.jar:/home/travis/build/icyphy/ptII/lib/commons-logging-1.1.1.jar:/home/travis/build/icyphy/ptII/lib/sootclasses.jar:/home/travis/build/icyphy/ptII/ptolemy/actor/lib/database/mysql-connector-java-5.1.6-bin.jar:/home/travis/build/icyphy/ptII/vendors/misc/sphinx4/sphinx4-data-5prealpha.jar:/home/travis/build/icyphy/ptII/vendors/misc/sphinx4/sphinx4-core-5prealpha.jar:/home/travis/build/icyphy/ptII/lib/PDFRenderer.jar:/home/travis/build/icyphy/ptII/lib/svgSalamander.jar:/home/travis/build/icyphy/ptII/lib/rsyntaxtextarea-2.6.0-SNAPSHOT.jar:/home/travis/build/icyphy/ptII/lib/hazelcast-3.8.2.jar:/home/travis/build/icyphy/ptII/lib/jackson-annotations-2.9.0.jar:/home/travis/build/icyphy/ptII/lib/jackson-core-2.9.3.jar:/home/travis/build/icyphy/ptII/lib/jackson-databind-2.9.3.jar:/home/travis/build/icyphy/ptII/lib/netty-buffer-4.1.19.Final.jar:/home/travis/build/icyphy/ptII/lib/netty-codec-4.1.19.Final.jar:/home/travis/build/icyphy/ptII/lib/netty-codec-dns-4.1.19.Final.jar:/home/travis/build/icyphy/ptII/lib/netty-codec-http-4.1.19.Final.jar:/home/travis/build/icyphy/ptII/lib/netty-codec-http2-4.1.19.Final.jar:/home/travis/build/icyphy/ptII/lib/netty-common-4.1.19.Final.jar:/home/travis/build/icyphy/ptII/lib/netty-handler-4.1.19.Final.jar:/home/travis/build/icyphy/ptII/lib/netty-resolver-4.1.19.Final.jar:/home/travis/build/icyphy/ptII/lib/netty-resolver-dns-4.1.19.Final.jar:/home/travis/build/icyphy/ptII/lib/netty-transport-4.1.19.Final.jar:/home/travis/build/icyphy/ptII/lib/vertx-codegen-3.5.1.jar:/home/travis/build/icyphy/ptII/lib/vertx-core-3.5.2-SNAPSHOT.jar:/home/travis/build/icyphy/ptII/lib/vertx-hazelcast-3.5.1.jar:/home/travis/build/icyphy/ptII/lib/vertx-lang-js-3.5.1.jar:/home/travis/build/icyphy/ptII/lib/vertx-service-proxy-3.5.1.jar:/home/travis/build/icyphy/ptII/lib/vertx-web-3.5.1.jar:/home/travis/build/icyphy/ptII/lib/slf4j-api-1.7.13.jar:/home/travis/build/icyphy/ptII/lib/slf4j-simple-1.7.13.jar:/home/travis/build/icyphy/ptII/lib/webcam-capture-0.3.12.jar:/home/travis/build/icyphy/ptII/lib/bridj-0.7.0.jar:/home/travis/build/icyphy/ptII/lib/xbjlib-1.1.0.nrjavaserial.jar" />
    <property name="test.batch" value="**/junit/*.java" />
    <property name="env._" value="/usr/bin/timeout" />
    <property name="java.io.tmpdir" value="/tmp" />
    <property name="env.TRAVIS_INTERNAL_RUBY_REGEX" value="^ruby-(2\.[0-2]\.[0-9]|1\.9\.3)" />
    <property name="user.language" value="en" />
    <property name="env.HISTCONTROL" value="ignoredups:ignorespace" />
    <property name="env.GOROOT" value="/home/travis/.gimme/versions/go1.7.4.linux.amd64" />
    <property name="line.separator" value="&#xa;" />
    <property name="target" value="1.8" />
    <property name="env.TRAVIS_BUILD_DIR" value="/home/travis/build/icyphy/ptII" />
    <property name="env.ANT_OPTS" value="-Xmx2048m" />
    <property name="ant.file.type" value="file" />
    <property name="ptolemy.ptII.batchMode" value="true" />
    <property name="env.HISTSIZE" value="1000" />
    <property name="env.MERB_ENV" value="test" />
    <property name="java.vm.info" value="mixed mode" />
    <property name="source" value="1.8" />
    <property name="java.vm.specification.name" value="Java Virtual Machine Specification" />
    <property name="env.TRAVIS_TEST_RESULT" value="0" />
    <property name="jsdoc.command" value="node_modules/@terraswarm/jsdoc/jsdoc.js" />
    <property name="npm.works" value="true" />
    <property name="cobertura.dir" value="/home/travis/build/icyphy/ptII/vendors/cobertura-2.0.3" />
    <property name="env.rvm_path" value="/home/travis/.rvm" />
    <property name="env.GEM_PATH" value="/home/travis/.rvm/gems/ruby-2.4.1:/home/travis/.rvm/gems/ruby-2.4.1@global" />
    <property name="env.LC_CTYPE" value="en_US.UTF-8" />
    <property name="java.awt.printerjob" value="sun.print.PSPrinterJob" />
    <property name="env.TRAVIS_CMD" value="$PTII/bin/ptIITravisBuild.sh $SECONDS" />
    <property name="env.TRAVIS_STACK_NAME" value="garnet" />
    <property name="env.TRAVIS_TIMER_START_TIME" value="1539138073873234943" />
    <property name="ant.version" value="Apache Ant(TM) version 1.10.1 compiled on February 2 2017" />
    <property name="ptII.reports" value="/home/travis/build/icyphy/ptII/reports" />
    <property name="env.TRAVIS_STACK_TIMESTAMP" value="2017-12-05 19:33:09 UTC" />
    <property name="ant.file.type.ptII" value="file" />
    <property name="env.RBENV_SHELL" value="bash" />
    <property name="os.name" value="Linux" />
    <property name="java.specification.vendor" value="Oracle Corporation" />
    <property name="env.rvm_version" value="1.29.3 (latest)" />
    <property name="env.TRAVIS_INFRA" value="gce" />
    <property name="env.TERM" value="xterm" />
    <property name="java.vm.name" value="Java HotSpot(TM) 64-Bit Server VM" />
    <property name="env.TRAVIS_BUILD_NUMBER" value="770" />
    <property name="env.CI" value="true" />
    <property name="java.library.path" value="/usr/lib/jni:/usr/local/share/OpenCV/java/:/usr/share/OpenCV/java::/usr/java/packages/lib/amd64:/usr/lib64:/lib64:/lib:/usr/lib" />
    <property name="env.rvm_prefix" value="/home/travis" />
    <property name="env.PATH" value="/home/travis/.rvm/gems/ruby-2.4.1/bin:/home/travis/.rvm/gems/ruby-2.4.1@global/bin:/home/travis/.rvm/rubies/ruby-2.4.1/bin:/home/travis/.rvm/bin:/home/travis/.nvm/versions/node/v7.10.1/bin:./node_modules/.bin:/home/travis/build/icyphy/ptII/bin:/home/travis/pthla/certi-tools/bin:/home/travis/bin:/home/travis/.local/bin:/opt/pyenv/shims:/home/travis/.phpenv/shims:/home/travis/perl5/perlbrew/bin:/home/travis/.kiex/elixirs/elixir-1.4.5/bin:/home/travis/.kiex/bin:/home/travis/gopath/bin:/home/travis/.gimme/versions/go1.7.4.linux.amd64/bin:/usr/local/phantomjs/bin:/usr/local/phantomjs:/usr/local/neo4j-3.2.7/bin:/usr/local/maven-3.5.2/bin:/usr/local/cmake-3.9.2/bin:/usr/local/clang-5.0.0/bin:/usr/local/sbin:/usr/local/bin:/usr/sbin:/usr/bin:/sbin:/bin:/home/travis/.phpenv/bin:/opt/pyenv/bin:/home/travis/.yarn/bin" />
    <property name="env.TRAVIS_OS_NAME" value="linux" />
    <property name="ant.java.version" value="1.8" />
    <property name="basedir" value="/home/travis/build/icyphy/ptII" />
    <property name="java.class.version" value="52.0" />
    <property name="env.SHLVL" value="3" />
    <property name="env.LD_LIBRARY_PATH" value="/usr/lib/jni:/usr/local/share/OpenCV/java/:/usr/share/OpenCV/java:" />
    <property name="env.RACK_ENV" value="test" />
    <property name="ant.home" value="/home/travis/build/icyphy/ptII/ant" />
    <property name="env.NVM_DIR" value="/home/travis/.nvm" />
    <property name="env.PERLBREW_BASHRC_VERSION" value="0.80" />
    <property name="env.TRAVIS_BUILD_ID" value="439435874" />
    <property name="env.PYENV_ROOT" value="/opt/pyenv" />
    <property name="env.TRAVIS_UID" value="2000" />
    <property name="env.rvm_pretty_print_flag" value="auto" />
    <property name="env.NVM_BIN" value="/home/travis/.nvm/versions/node/v7.10.1/bin" />
    <property name="env.TRAVIS_COMMIT" value="ff63d8b16498f893b7b8849a30fd00a9b978153c" />
    <property name="env._system_arch" value="x86_64" />
    <property name="node.executable" value="node" />
    <property name="sun.boot.library.path" value="/usr/lib/jvm/java-8-oracle/jre/lib/amd64" />
    <property name="sun.management.compiler" value="HotSpot 64-Bit Tiered Compilers" />
    <property name="env.GOPATH" value="/home/travis/gopath" />
    <property name="java.awt.graphicsenv" value="sun.awt.X11GraphicsEnvironment" />
    <property name="ptolemy.ptII.dir" value="/home/travis/build/icyphy/ptII" />
    <property name="env.USER" value="travis" />
    <property name="env.HISTFILESIZE" value="2000" />
    <property name="timeout.longest" value="19000000" />
    <property name="env.TRAVIS_STACK_FEATURES" value="basic cassandra chromium couchdb disabled-ipv6 docker docker-compose elasticsearch firefox go-toolchain google-chrome jdk memcached mongodb mysql neo4j nodejs_interpreter perl_interpreter perlbrew phantomjs postgresql python_interpreter rabbitmq redis riak ruby_interpreter sqlite xserver" />
    <property name="env.TRAVIS_PULL_REQUEST" value="false" />
    <property name="env.PYENV_SHELL" value="bash" />
    <property name="ant.project.name" value="ptII" />
    <property name="java.vm.specification.version" value="1.8" />
    <property name="env.ANSI_RESET" value="\033[0m" />
    <property name="env.TRAVIS_DIST" value="trusty" />
    <property name="env.NLSPATH" value="/usr/dt/lib/nls/msg/%L/%N.cat" />
    <property name="awt.toolkit" value="sun.awt.X11.XToolkit" />
    <property name="env.MY_RUBY_HOME" value="/home/travis/.rvm/rubies/ruby-2.4.1" />
    <property name="sun.cpu.isalist" value="" />
    <property name="env.TRAVIS_TMPDIR" value="/tmp/tmp.oSpt9F1AwB" />
    <property name="java.ext.dirs" value="/usr/lib/jvm/java-8-oracle/jre/lib/ext:/usr/java/packages/lib/ext" />
    <property name="os.version" value="4.4.0-101-generic" />
    <property name="user.home" value="/home/travis" />
    <property name="env.MIX_ARCHIVES" value="/home/travis/.kiex/mix/elixir-1.4.5" />
    <property name="java.vm.vendor" value="Oracle Corporation" />
    <property name="env.TRAVIS_TAG" value="nightly" />
    <property name="env.ANSI_YELLOW" value="\033[33;1m" />
    <property name="env.TRAVIS_FILTERED" value="redirect_io" />
    <property name="env.ANSI_GREEN" value="\033[32;1m" />
    <property name="env.JAVA_HOME" value="/usr/lib/jvm/java-8-oracle" />
    <property name="javadoc.excludepackagenames" value="adm.cvs2svn.*,build.*,config.*,doc.coding.templates.*,jni.test.jni.meaningOfLife.*,jni.test.jni.testDeux.*,jni.test.jni.testTrois.*,org.terraswarm.accessor.accessors.web.node_modules.*,org.terraswarm.accessor.accessors.web.hosts.cordova.demo.*,org.terraswarm.accessor.accessors.web.hosts.cordova.plugins.*,org.terraswarm.accessor.accessors-svn.*,pt-modules.*,ptolemy.apps.agilent.*,ptolemy.apps.anytimecontrol.*,ptolemy.apps.apes.*,ptolemy.apps.charon.*,ptolemy.apps.crazyboard.*,ptolemy.apps.eclipse.*,ptolemy.apps.etherealSting.*,ptolemy.apps.fullscreen.*,ptolemy.apps.giotto.*,ptolemy.apps.ia.*,ptolemy.apps.interfaces.*,ptolemy.apps.jmf.*,ptolemy.apps.kurt.*,ptolemy.apps.kvm.*,ptolemy.apps.lego.*,ptolemy.apps.lejos.*,ptolemy.apps.midp.*,ptolemy.apps.mobileCoding.*,ptolemy.apps.pendulum.*,ptolemy.apps.rijndael.*,ptolemy.apps.robot.*,ptolemy.apps.security.*,ptolemy.apps.sobel.*,ptolemy.apps.soot.*,ptolemy.apps.throttle.*,ptolemy.apps.tini.*,ptolemy.apps.transmission.*,ptolemy.apps.vergil.*,ptolemy.apps.waba.*,ptolemy.apps.websensor.*,ptolemy.apps.webstart.*,ptolemy.apps.xsl.*,ptolemy.apps.zaurus.*,ptolemy.backtrack.eclipse.plugin.*,ptolemy.backtrack.test.*,ptolemy.codegen.c.actor.lib.oldJavaFiles.*,ptolemy.codegen.dsp.lib.*,ptolemy.codegen.kernel.newInterfaces.*,ptolemy.codegen.lib.*,ptolemy.copernicus.kernel.fragment.*,ptolemy.copernicus.shallow.cg.*,ptolemy.domains.giotto.demo.Hierarchy.Hierarchy.*,ptolemy.domains.giotto.demo.Multimode.Multimode.*,ptolemy.domains.giotto.demo.Simple.Simple.*,ptolemy.domains.gr.lib.experimental.*,ptolemy.domains.gro.*,ptolemy.domains.pdf.*,ptolemy.domains.ptinyos.demo.Surge.output.*,ptolemy.moml.test.NoPackageActor.java*,ptolemy.plot.adm.*,ptolemy.plot.servlet.*,reports.*,signed.*,src.*,target.*,vendors.*,ptolemy.cg.adapter.generic.program.procedural.c.mbed*,ptolemy.actor.lib.fmi.fmus.omc*,ptolemy.domains.openmodelica*,ptdb.kernel.bl.save.test.*,ptdb.kernel.bl.load.test.*,ptdb.kernel.bl.search.test.*,ptdb.kernel.bl.migration.test.*,ptdb.kernel.database.test.*,ptdb.test.*,ptdb.gui.test.*,org.ptolemy.scala.*,diva.util.java2d.svg.*,ptolemy.domains.ptinyos.*,ptolemy.actor.lib.fmi.fmipp.*,,org.terraswarm.accessor.accessors.web.node_modules.*,org.terraswarm.accessor.accessors-svn,ptolemy.apps.*,ptolemy.actor.ptalon.demo.ptinyos.SendAndReceiveCnt.output,ptolemy.actor.ptalon.demo.ptinyos.SenseToLeds.output,ptolemy.domains.ptinyos.demo.CntToLedsAndRfm.output,ptolemy.domains.ptinyos.demo.RfmToLeds.output,ptolemy.domains.ptinyos.demo.SendAndReceiveCnt.output,ptolemy.domains.ptinyos.demo.SenseToLeds.output,ptolemy.actor.lib.jjs.modules.udpSocket.*" />
    <property name="env.PTII" value="/home/travis/build/icyphy/ptII" />
    <property name="env.XDG_SESSION_ID" value="2" />
    <property name="env.TRAVIS_COMMIT_MESSAGE" value="Fixed bug and added test where a modal model with no refinement could return that it was not happy with the step size." />
    <property name="keystore" value="ptKeystore" />
    <property name="junit.output.dir" value="/home/travis/build/icyphy/ptII/reports/junit" />
    <property name="npm.return.code" value="0" />
    <property name="user.dir" value="/home/travis/build/icyphy/ptII/ptolemy/domains/de/test" />
    <property name="env.XFILESEARCHPATH" value="/usr/dt/app-defaults/%L/Dt" />
    <property name="env.TRAVIS_NODE_VERSION" value="7" />
    <property name="env.TRAVIS_EVENT_TYPE" value="cron" />
    <property name="env.MAIL" value="/var/mail/travis" />
    <property name="env.PERLBREW_ROOT" value="/home/travis/perl5/perlbrew" />
    <property name="env.PWD" value="/home/travis/build/icyphy/ptII" />
    <property name="timeout.npm" value="45000" />
    <property name="env.PT_TRAVIS_TEST_CORE2_XML" value="true" />
    <property name="env.TRAVIS_ARCH" value="amd64" />
    <property name="sun.cpu.endian" value="little" />
    <property name="env.PAGER" value="cat" />
    <property name="env.TRAVIS_BUILD_STAGE_NAME" value="Test" />
    <property name="env.PERLBREW_HOME" value="/home/travis/.perlbrew" />
    <property name="env.RAILS_ENV" value="test" />
    <property name="java.vm.version" value="25.151-b12" />
    <property name="java.class.path" value="/home/travis/build/icyphy/ptII:/home/travis/build/icyphy/ptII/lib/bsh-2.0b4.jar:/home/travis/build/icyphy/ptII/lib/ptCal.jar:/home/travis/build/icyphy/ptII/lib/java_cup.jar:/home/travis/build/icyphy/ptII/lib/saxon8.jar:/home/travis/build/icyphy/ptII/lib/saxon8-dom.jar:/home/travis/build/icyphy/ptII/lib/chic.jar:/home/travis/build/icyphy/ptII/lib/ptcolt.jar:/usr/lib/jvm/java-8-oracle/lib/tools.jar:/usr/lib/eclipse/plugins/org.eclipse.jdt.core_3.8.2.dist.jar:/usr/lib/eclipse/plugins/org.eclipse.core.runtime_3.8.0.dist.jar:/usr/lib/eclipse/plugins/org.eclipse.osgi_3.8.1.dist.jar:/usr/lib/eclipse/plugins/org.eclipse.core.resources_3.8.1.dist.jar:/usr/lib/eclipse/plugins/org.eclipse.equinox.common_3.6.100.dist.jar:/usr/lib/eclipse/plugins/org.eclipse.core.jobs_3.5.200.dist.jar:/usr/lib/eclipse/plugins/org.eclipse.core.contenttype_3.4.200.dist.jar:/usr/lib/eclipse/plugins/org.eclipse.equinox.preferences_3.5.0.dist.jar:/usr/lib/eclipse/plugins/org.eclipse.text_3.5.200.dist.jar:/usr/lib/eclipse/plugins/org.eclipse.ui.workbench_3.8.1.dist.jar:/usr/lib/eclipse/plugins/org.eclipse.jface_3.8.0.dist.jar:/usr/lib/eclipse/plugins/org.eclipse.swt_3.8.2.jar:/usr/lib/eclipse/plugins/org.eclipse.jface.text_3.8.1.dist.jar:/usr/lib/eclipse/plugins/org.eclipse.ui.workbench.texteditor_3.8.0.dist.jar:/usr/lib/eclipse/plugins/org.eclipse.ui.editors_3.8.0.dist.jar:/usr/lib/eclipse/plugins/org.eclipse.core.commands_3.6.1.dist.jar:/usr/lib/eclipse/plugins/org.eclipse.equinox.registry_3.5.200.dist.jar:/usr/lib/eclipse/plugins/org.eclipse.ui.console_3.5.100.dist.jar:/usr/lib/eclipse/plugins/org.eclipse.ui.forms_3.5.200.dist.jar:/usr/lib/eclipse/plugins/org.eclipse.ui.ide_3.8.1.dist.jar:/home/travis/build/icyphy/ptII/vendors/oracle/dbxml.jar:/home/travis/build/icyphy/ptII/vendors/oracle/db.jar:/home/travis/build/icyphy/ptII/vendors/misc/itext/iText.jar:/home/travis/build/icyphy/ptII/lib/g4ltl.jar:/home/travis/build/icyphy/ptII/lib/StructuralCoder.jar:/home/travis/build/icyphy/ptII/lib/org-openide-util.jar:/home/travis/build/icyphy/ptII/lib/org-openide-util-lookup.jar:/home/travis/build/icyphy/ptII/lib/org-netbeans-api-visual.jar:/home/travis/build/icyphy/ptII/vendors/jai-1_1_2_01/lib/jai_core.jar:/home/travis/build/icyphy/ptII/vendors/jai-1_1_2_01/lib/jai_codec.jar:/home/travis/build/icyphy/ptII/lib/jcerti.jar:/home/travis/build/icyphy/ptII/lib/smack.jar:/home/travis/build/icyphy/ptII/lib/smackx.jar:/home/travis/build/icyphy/ptII/lib/jetty-all-8.1.5-v20120716.jar:/home/travis/build/icyphy/ptII/lib/javax.servlet-api-3.0.1.jar:/home/travis/build/icyphy/ptII/lib/javax.mail.jar:/home/travis/build/icyphy/ptII/vendors/JMF-2.1.1e/lib/jmf.jar:/home/travis/build/icyphy/ptII/lib/jna-4.0.0-variadic.jar:/home/travis/build/icyphy/ptII/vendors/misc/joystick/Joystick.jar:/home/travis/build/icyphy/ptII/lib/ptjacl.jar:/home/travis/build/icyphy/ptII/lib/jsoup-1.8.2.jar:/home/travis/build/icyphy/ptII/lib/junit-4.8.2.jar:/home/travis/build/icyphy/ptII/lib/JUnitParams-0.4.0.jar:/home/travis/build/icyphy/ptII/ptolemy/actor/lib/excel/jxl.jar:/home/travis/build/icyphy/ptII/lib/jython.jar:/home/travis/build/icyphy/ptII/lib/kieler.jar:/home/travis/build/icyphy/ptII/vendors/opencv/share/OpenCV/java/opencv-341.jar:/home/travis/build/icyphy/ptII/lib/oscP5.jar:/home/travis/build/icyphy/ptII/lib/nrjavaserial-3.11.0.devel.jar:/home/travis/build/icyphy/ptII/vendors/j3d/lib/j3dcore.jar:/home/travis/build/icyphy/ptII/vendors/j3d/lib/j3dutils.jar:/home/travis/build/icyphy/ptII/vendors/j3d/lib/vecmath.jar:/home/travis/build/icyphy/ptII/ptolemy/distributed/jini/jar/jini-core.jar:/home/travis/build/icyphy/ptII/ptolemy/distributed/jini/jar/jini-ext.jar:/home/travis/build/icyphy/ptII/ptolemy/distributed/jini/jar/sun-util.jar:/home/travis/build/icyphy/ptII/lib/protobuf-java-2.4.1.jar:/home/travis/build/icyphy/ptII/lib/org.eclipse.paho.client.mqttv3.jar:/home/travis/build/icyphy/ptII/ptserver/lib/hessian-4.0.7.jar:/home/travis/build/icyphy/ptII/ptserver/lib/wmqtt.jar:/home/travis/build/icyphy/ptII/lib/mapss.jar:/home/travis/build/icyphy/ptII/ptolemy/actor/ptalon/antlr/antlr.jar:/home/travis/build/icyphy/ptII/lib/JRI.jar:/home/travis/build/icyphy/ptII/lib/commons-lang-2.6.jar:/home/travis/build/icyphy/ptII/lib/commons-logging-1.1.1.jar:/home/travis/build/icyphy/ptII/lib/sootclasses.jar:/home/travis/build/icyphy/ptII/ptolemy/actor/lib/database/mysql-connector-java-5.1.6-bin.jar:/home/travis/build/icyphy/ptII/vendors/misc/sphinx4/sphinx4-data-5prealpha.jar:/home/travis/build/icyphy/ptII/vendors/misc/sphinx4/sphinx4-core-5prealpha.jar:/home/travis/build/icyphy/ptII/lib/PDFRenderer.jar:/home/travis/build/icyphy/ptII/lib/svgSalamander.jar:/home/travis/build/icyphy/ptII/lib/rsyntaxtextarea-2.6.0-SNAPSHOT.jar:/home/travis/build/icyphy/ptII/lib/hazelcast-3.8.2.jar:/home/travis/build/icyphy/ptII/lib/jackson-annotations-2.9.0.jar:/home/travis/build/icyphy/ptII/lib/jackson-core-2.9.3.jar:/home/travis/build/icyphy/ptII/lib/jackson-databind-2.9.3.jar:/home/travis/build/icyphy/ptII/lib/netty-buffer-4.1.19.Final.jar:/home/travis/build/icyphy/ptII/lib/netty-codec-4.1.19.Final.jar:/home/travis/build/icyphy/ptII/lib/netty-codec-dns-4.1.19.Final.jar:/home/travis/build/icyphy/ptII/lib/netty-codec-http-4.1.19.Final.jar:/home/travis/build/icyphy/ptII/lib/netty-codec-http2-4.1.19.Final.jar:/home/travis/build/icyphy/ptII/lib/netty-common-4.1.19.Final.jar:/home/travis/build/icyphy/ptII/lib/netty-handler-4.1.19.Final.jar:/home/travis/build/icyphy/ptII/lib/netty-resolver-4.1.19.Final.jar:/home/travis/build/icyphy/ptII/lib/netty-resolver-dns-4.1.19.Final.jar:/home/travis/build/icyphy/ptII/lib/netty-transport-4.1.19.Final.jar:/home/travis/build/icyphy/ptII/lib/vertx-codegen-3.5.1.jar:/home/travis/build/icyphy/ptII/lib/vertx-core-3.5.2-SNAPSHOT.jar:/home/travis/build/icyphy/ptII/lib/vertx-hazelcast-3.5.1.jar:/home/travis/build/icyphy/ptII/lib/vertx-lang-js-3.5.1.jar:/home/travis/build/icyphy/ptII/lib/vertx-service-proxy-3.5.1.jar:/home/travis/build/icyphy/ptII/lib/vertx-web-3.5.1.jar:/home/travis/build/icyphy/ptII/lib/slf4j-api-1.7.13.jar:/home/travis/build/icyphy/ptII/lib/slf4j-simple-1.7.13.jar:/home/travis/build/icyphy/ptII/lib/webcam-capture-0.3.12.jar:/home/travis/build/icyphy/ptII/lib/bridj-0.7.0.jar:/home/travis/build/icyphy/ptII/lib/xbjlib-1.1.0.nrjavaserial.jar:/home/travis/build/icyphy/ptII/ptolemy/moml/test:/home/travis/build/icyphy/ptII/ant/lib/ant-launcher.jar:/home/travis/build/icyphy/ptII/ant/lib/ant.jar:/home/travis/build/icyphy/ptII/ant/lib/ant-junit.jar:/home/travis/build/icyphy/ptII/ant/lib/ant-junit4.jar" />
    <property name="ant.library.dir" value="/home/travis/build/icyphy/ptII/ant/lib" />
    <property name="os.arch" value="amd64" />
    <property name="env.CONTINUOUS_INTEGRATION" value="true" />
    <property name="env.TRAVIS_LANGUAGE" value="node_js" />
    <property name="env.TRAVIS_STACK_LANGUAGES" value="__garnet__ c c++ clojure cplusplus cpp default go groovy java node_js php pure_java python ruby scala" />
    <property name="test.name" value="ptolemy.actor.lib.test.junit.JUnitTclTest" />
    <property name="sun.java.launcher" value="SUN_STANDARD" />
    <property name="env.PYTHON_CONFIGURE_OPTS" value="--enable-unicode=ucs4 --with-wide-unicode --enable-shared --enable-ipv6 --enable-loadable-sqlite-extensions --with-computed-gotos" />
    <property name="ant.core.lib" value="/home/travis/build/icyphy/ptII/ant/lib/ant.jar" />
    <property name="java.vm.specification.vendor" value="Oracle Corporation" />
    <property name="env.BCVTB_HOME" value="/home/travis/build/icyphy/ptII/lbnl" />
    <property name="file.separator" value="/" />
    <property name="java.runtime.version" value="1.8.0_151-b12" />
    <property name="spotbugs.home" value="/home/travis/build/icyphy/ptII/vendors/spotbugs-3.1.1" />
    <property name="sun.boot.class.path" value="/usr/lib/jvm/java-8-oracle/jre/lib/resources.jar:/usr/lib/jvm/java-8-oracle/jre/lib/rt.jar:/usr/lib/jvm/java-8-oracle/jre/lib/sunrsasign.jar:/usr/lib/jvm/java-8-oracle/jre/lib/jsse.jar:/usr/lib/jvm/java-8-oracle/jre/lib/jce.jar:/usr/lib/jvm/java-8-oracle/jre/lib/charsets.jar:/usr/lib/jvm/java-8-oracle/jre/lib/jfr.jar:/usr/lib/jvm/java-8-oracle/jre/classes" />
    <property name="env.ANSI_CLEAR" value="\033[0K" />
    <property name="env.HAS_JOSH_K_SEAL_OF_APPROVAL" value="true" />
    <property name="env.TRAVIS_OSX_IMAGE" value="" />
    <property name="env.XDG_RUNTIME_DIR" value="/run/user/2000" />
    <property name="env.TRAVIS_JOB_ID" value="439435883" />
    <property name="env.TRAVIS_BRANCH" value="master" />
    <property name="user.country" value="US" />
    <property name="env.CERTI_HOME_TRAVIS" value="/home/travis/pthla/certi-tools" />
    <property name="env.SHELL" value="/bin/bash" />
    <property name="java.maxmemory.large" value="5000m" />
    <property name="model" value="" />
    <property name="env.CASHER_DIR" value="/home/travis/.casher" />
    <property name="env.NVM_CD_FLAGS" value="" />
    <property name="jshint.executable" value="/home/travis/node_modules/jshint/bin/jshint" />
    <property name="env.JRUBY_OPTS" value=" --client -J-XX:+TieredCompilation -J-XX:TieredStopAtLevel=1 -J-Xss2m -Xcompile.invokedynamic=false" />
    <property name="java.vendor" value="Oracle Corporation" />
    <property name="env.TRAVIS_PRE_CHEF_BOOTSTRAP_TIME" value="2017-12-05T19:32:55" />
    <property name="env.TRAVIS_STACK_JOB_BOARD_REGISTER" value="/.job-board-register.yml" />
    <property name="env.ELIXIR_VERSION" value="1.4.5" />
    <property name="env.ANSI_RED" value="\033[31;1m" />
    <property name="java.specification.version" value="1.8" />
    <property name="env.TRAVIS" value="true" />
    <property name="env.IRBRC" value="/home/travis/.rvm/rubies/ruby-2.4.1/.irbrc" />
    <property name="sun.arch.data.model" value="64" />
  </properties>
  <testcase classname="ptolemy.util.test.junit.TclTests" name="[0] /home/travis/build/icyphy/ptII/ptolemy/domains/de/test/DependencyLoop.tcl (RunTclFile)" time="0.705" />
  <testcase classname="ptolemy.util.test.junit.TclTests" name="[1] /home/travis/build/icyphy/ptII/ptolemy/domains/de/test/RunDETestsAsQSS.tcl (RunTclFile)" time="93.131" />
  <testcase classname="ptolemy.util.test.junit.AutoKnownFailedTests" name="[0] /home/travis/build/icyphy/ptII/ptolemy/domains/de/test/auto/knownFailedTests/DESDFClockTest.xml (RunModel)" time="2.052" />
  <testcase classname="ptolemy.util.test.junit.AutoKnownFailedTests" name="[1] /home/travis/build/icyphy/ptII/ptolemy/domains/de/test/auto/knownFailedTests/DirectFeedback.xml (RunModel)" time="0.02" />
  <testcase classname="ptolemy.util.test.junit.AutoKnownFailedTests" name="[2] /home/travis/build/icyphy/ptII/ptolemy/domains/de/test/auto/knownFailedTests/FSMSource.xml (RunModel)" time="0.03" />
  <testcase classname="ptolemy.util.test.junit.AutoKnownFailedTests" name="[3] /home/travis/build/icyphy/ptII/ptolemy/domains/de/test/auto/knownFailedTests/HierarchicalModel.xml (RunModel)" time="0.048" />
  <testcase classname="ptolemy.util.test.junit.AutoKnownFailedTests" name="[4] /home/travis/build/icyphy/ptII/ptolemy/domains/de/test/auto/knownFailedTests/dependencyLoop.xml (RunModel)" time="0.042" />
  <testcase classname="ptolemy.util.test.junit.AutoKnownFailedTests" name="[5] /home/travis/build/icyphy/ptII/ptolemy/domains/de/test/auto/knownFailedTests/dependencyLoop2.xml (RunModel)" time="0.042" />
  <testcase classname="ptolemy.util.test.junit.AutoNameArchTests" name="[0] ThereAreNoAutoArchTests (RunModel)" time="0.001" />
  <testcase classname="ptolemy.util.test.junit.AutoTests" name="[0] /home/travis/build/icyphy/ptII/ptolemy/domains/de/test/auto/ActorDepthCalculation_actorWithoutPorts.xml (RunModel)" time="0.017" />
  <testcase classname="ptolemy.util.test.junit.AutoTests" name="[1] /home/travis/build/icyphy/ptII/ptolemy/domains/de/test/auto/AssemblyLine.xml (RunModel)" time="0.02" />
  <testcase classname="ptolemy.util.test.junit.AutoTests" name="[2] /home/travis/build/icyphy/ptII/ptolemy/domains/de/test/auto/CQBug1.xml (RunModel)" time="0.011" />
  <testcase classname="ptolemy.util.test.junit.AutoTests" name="[3] /home/travis/build/icyphy/ptII/ptolemy/domains/de/test/auto/CancelFireAt.xml (RunModel)" time="0.016" />
  <testcase classname="ptolemy.util.test.junit.AutoTests" name="[4] /home/travis/build/icyphy/ptII/ptolemy/domains/de/test/auto/CausalityAndComposabilityAnalysis.xml (RunModel)" time="0.013" />
  <testcase classname="ptolemy.util.test.junit.AutoTests" name="[5] /home/travis/build/icyphy/ptII/ptolemy/domains/de/test/auto/CausalityInterface1.xml (RunModel)" time="0.018" />
  <testcase classname="ptolemy.util.test.junit.AutoTests" name="[6] /home/travis/build/icyphy/ptII/ptolemy/domains/de/test/auto/CausalityInterface15.xml (RunModel)" time="0.014" />
  <testcase classname="ptolemy.util.test.junit.AutoTests" name="[7] /home/travis/build/icyphy/ptII/ptolemy/domains/de/test/auto/CausalityInterface2.xml (RunModel)" time="0.011" />
  <testcase classname="ptolemy.util.test.junit.AutoTests" name="[8] /home/travis/build/icyphy/ptII/ptolemy/domains/de/test/auto/CausalityInterface3.xml (RunModel)" time="0.014" />
  <testcase classname="ptolemy.util.test.junit.AutoTests" name="[9] /home/travis/build/icyphy/ptII/ptolemy/domains/de/test/auto/ClockDrift.xml (RunModel)" time="0.039" />
  <testcase classname="ptolemy.util.test.junit.AutoTests" name="[10] /home/travis/build/icyphy/ptII/ptolemy/domains/de/test/auto/ClockDriftAndValueChange.xml (RunModel)" time="0.035" />
  <testcase classname="ptolemy.util.test.junit.AutoTests" name="[11] /home/travis/build/icyphy/ptII/ptolemy/domains/de/test/auto/ClockDriftChange.xml (RunModel)" time="0.03" />
  <testcase classname="ptolemy.util.test.junit.AutoTests" name="[12] /home/travis/build/icyphy/ptII/ptolemy/domains/de/test/auto/ComposableCausalityAnalysis.xml (RunModel)" time="0.019" />
  <testcase classname="ptolemy.util.test.junit.AutoTests" name="[13] /home/travis/build/icyphy/ptII/ptolemy/domains/de/test/auto/DEFixedPointLimitation.xml (RunModel)" time="0.01" />
  <testcase classname="ptolemy.util.test.junit.AutoTests" name="[14] /home/travis/build/icyphy/ptII/ptolemy/domains/de/test/auto/DEScheduleTest.xml (RunModel)" time="0.012" />
  <testcase classname="ptolemy.util.test.junit.AutoTests" name="[15] /home/travis/build/icyphy/ptII/ptolemy/domains/de/test/auto/DEinDEwithStartTimes.xml (RunModel)" time="0.014" />
  <testcase classname="ptolemy.util.test.junit.AutoTests" name="[16] /home/travis/build/icyphy/ptII/ptolemy/domains/de/test/auto/DEinDEwithStartTimes2.xml (RunModel)" time="0.014" />
  <testcase classname="ptolemy.util.test.junit.AutoTests" name="[17] /home/travis/build/icyphy/ptII/ptolemy/domains/de/test/auto/DateDemo.xml (RunModel)" time="0.032" />
  <testcase classname="ptolemy.util.test.junit.AutoTests" name="[18] /home/travis/build/icyphy/ptII/ptolemy/domains/de/test/auto/DateToEvent.xml (RunModel)" time="2.046" />
  <testcase classname="ptolemy.util.test.junit.AutoTests" name="[19] /home/travis/build/icyphy/ptII/ptolemy/domains/de/test/auto/DepthTest1.xml (RunModel)" time="0.005" />
  <testcase classname="ptolemy.util.test.junit.AutoTests" name="[20] /home/travis/build/icyphy/ptII/ptolemy/domains/de/test/auto/DepthTest2.xml (RunModel)" time="0.01" />
  <testcase classname="ptolemy.util.test.junit.AutoTests" name="[21] /home/travis/build/icyphy/ptII/ptolemy/domains/de/test/auto/DepthTest3.xml (RunModel)" time="0.004" />
  <testcase classname="ptolemy.util.test.junit.AutoTests" name="[22] /home/travis/build/icyphy/ptII/ptolemy/domains/de/test/auto/DepthTest4.xml (RunModel)" time="0.008" />
  <testcase classname="ptolemy.util.test.junit.AutoTests" name="[23] /home/travis/build/icyphy/ptII/ptolemy/domains/de/test/auto/DepthTest5.xml (RunModel)" time="0.008" />
  <testcase classname="ptolemy.util.test.junit.AutoTests" name="[24] /home/travis/build/icyphy/ptII/ptolemy/domains/de/test/auto/DepthTest6.xml (RunModel)" time="0.008" />
  <testcase classname="ptolemy.util.test.junit.AutoTests" name="[25] /home/travis/build/icyphy/ptII/ptolemy/domains/de/test/auto/DepthTest7.xml (RunModel)" time="0.007" />
  <testcase classname="ptolemy.util.test.junit.AutoTests" name="[26] /home/travis/build/icyphy/ptII/ptolemy/domains/de/test/auto/EventToDate.xml (RunModel)" time="3.023" />
  <testcase classname="ptolemy.util.test.junit.AutoTests" name="[27] /home/travis/build/icyphy/ptII/ptolemy/domains/de/test/auto/FSM1.xml (RunModel)" time="0.034" />
  <testcase classname="ptolemy.util.test.junit.AutoTests" name="[28] /home/travis/build/icyphy/ptII/ptolemy/domains/de/test/auto/FSM7.xml (RunModel)" time="0.044" />
  <testcase classname="ptolemy.util.test.junit.AutoTests" name="[29] /home/travis/build/icyphy/ptII/ptolemy/domains/de/test/auto/Inspection.xml (RunModel)" time="0.074" />
  <testcase classname="ptolemy.util.test.junit.AutoTests" name="[30] /home/travis/build/icyphy/ptII/ptolemy/domains/de/test/auto/Iteration.xml (RunModel)" time="0.035" />
  <testcase classname="ptolemy.util.test.junit.AutoTests" name="[31] /home/travis/build/icyphy/ptII/ptolemy/domains/de/test/auto/LineFault.xml (RunModel)" time="0.654" />
  <testcase classname="ptolemy.util.test.junit.AutoTests" name="[32] /home/travis/build/icyphy/ptII/ptolemy/domains/de/test/auto/MergeModel1Add.xml (RunModel)" time="0.041" />
  <testcase classname="ptolemy.util.test.junit.AutoTests" name="[33] /home/travis/build/icyphy/ptII/ptolemy/domains/de/test/auto/MergeModel2Add.xml (RunModel)" time="0.037" />
  <testcase classname="ptolemy.util.test.junit.AutoTests" name="[34] /home/travis/build/icyphy/ptII/ptolemy/domains/de/test/auto/MergeModel3Add.xml (RunModel)" time="0.033" />
  <testcase classname="ptolemy.util.test.junit.AutoTests" name="[35] /home/travis/build/icyphy/ptII/ptolemy/domains/de/test/auto/MergeWithoutDiscard.xml (RunModel)" time="0.008" />
  <testcase classname="ptolemy.util.test.junit.AutoTests" name="[36] /home/travis/build/icyphy/ptII/ptolemy/domains/de/test/auto/Modal1.xml (RunModel)" time="0.023" />
  <testcase classname="ptolemy.util.test.junit.AutoTests" name="[37] /home/travis/build/icyphy/ptII/ptolemy/domains/de/test/auto/Modal2.xml (RunModel)" time="0.024" />
  <testcase classname="ptolemy.util.test.junit.AutoTests" name="[38] /home/travis/build/icyphy/ptII/ptolemy/domains/de/test/auto/Modal3.xml (RunModel)" time="0.025" />
  <testcase classname="ptolemy.util.test.junit.AutoTests" name="[39] /home/travis/build/icyphy/ptII/ptolemy/domains/de/test/auto/Modal4.xml (RunModel)" time="0.026" />
  <testcase classname="ptolemy.util.test.junit.AutoTests" name="[40] /home/travis/build/icyphy/ptII/ptolemy/domains/de/test/auto/Modal5.xml (RunModel)" time="0.021" />
  <testcase classname="ptolemy.util.test.junit.AutoTests" name="[41] /home/travis/build/icyphy/ptII/ptolemy/domains/de/test/auto/Modal6.xml (RunModel)" time="0.019" />
  <testcase classname="ptolemy.util.test.junit.AutoTests" name="[42] /home/travis/build/icyphy/ptII/ptolemy/domains/de/test/auto/Modal7.xml (RunModel)" time="0.029" />
  <testcase classname="ptolemy.util.test.junit.AutoTests" name="[43] /home/travis/build/icyphy/ptII/ptolemy/domains/de/test/auto/ModalModel.xml (RunModel)" time="0.114" />
  <testcase classname="ptolemy.util.test.junit.AutoTests" name="[44] /home/travis/build/icyphy/ptII/ptolemy/domains/de/test/auto/ModalSource.xml (RunModel)" time="0.014" />
  <testcase classname="ptolemy.util.test.junit.AutoTests" name="[45] /home/travis/build/icyphy/ptII/ptolemy/domains/de/test/auto/NonInterruptibleTimerZeroDelay.xml (RunModel)" time="0.007" />
  <testcase classname="ptolemy.util.test.junit.AutoTests" name="[46] /home/travis/build/icyphy/ptII/ptolemy/domains/de/test/auto/OpenQueueingNetwork.xml (RunModel)" time="2.364" />
  <testcase classname="ptolemy.util.test.junit.AutoTests" name="[47] /home/travis/build/icyphy/ptII/ptolemy/domains/de/test/auto/OpenQueuingNetwork.xml (RunModel)" time="0.315" />
  <testcase classname="ptolemy.util.test.junit.AutoTests" name="[48] /home/travis/build/icyphy/ptII/ptolemy/domains/de/test/auto/PeriodicSampler.xml (RunModel)" time="0.008" />
  <testcase classname="ptolemy.util.test.junit.AutoTests" name="[49] /home/travis/build/icyphy/ptII/ptolemy/domains/de/test/auto/PersistentIO.xml (RunModel)" time="0.02" />
  <testcase classname="ptolemy.util.test.junit.AutoTests" name="[50] /home/travis/build/icyphy/ptII/ptolemy/domains/de/test/auto/PortParameterResetOnInitialize.xml (RunModel)" time="0.009" />
  <testcase classname="ptolemy.util.test.junit.AutoTests" name="[51] /home/travis/build/icyphy/ptII/ptolemy/domains/de/test/auto/PortParameterUpdates.xml (RunModel)" time="0.015" />
  <testcase classname="ptolemy.util.test.junit.AutoTests" name="[52] /home/travis/build/icyphy/ptII/ptolemy/domains/de/test/auto/QueueAndServer.xml (RunModel)" time="0.021" />
  <testcase classname="ptolemy.util.test.junit.AutoTests" name="[53] /home/travis/build/icyphy/ptII/ptolemy/domains/de/test/auto/Records.xml (RunModel)" time="0.014" />
  <testcase classname="ptolemy.util.test.junit.AutoTests" name="[54] /home/travis/build/icyphy/ptII/ptolemy/domains/de/test/auto/ResetTransitionWithStartTime1.xml (RunModel)" time="0.018" />
  <testcase classname="ptolemy.util.test.junit.AutoTests" name="[55] /home/travis/build/icyphy/ptII/ptolemy/domains/de/test/auto/ResetTransitionWithStartTime2.xml (RunModel)" time="0.021" />
  <testcase classname="ptolemy.util.test.junit.AutoTests" name="[56] /home/travis/build/icyphy/ptII/ptolemy/domains/de/test/auto/ResetTransitionWithStartTime3.xml (RunModel)" time="0.02" />
  <testcase classname="ptolemy.util.test.junit.AutoTests" name="[57] /home/travis/build/icyphy/ptII/ptolemy/domains/de/test/auto/ResetTransitionWithStartTime4.xml (RunModel)" time="0.02" />
  <testcase classname="ptolemy.util.test.junit.AutoTests" name="[58] /home/travis/build/icyphy/ptII/ptolemy/domains/de/test/auto/ResettableTimer1.xml (RunModel)" time="0.011" />
  <testcase classname="ptolemy.util.test.junit.AutoTests" name="[59] /home/travis/build/icyphy/ptII/ptolemy/domains/de/test/auto/ResettableTimer2.xml (RunModel)" time="0.009" />
  <testcase classname="ptolemy.util.test.junit.AutoTests" name="[60] /home/travis/build/icyphy/ptII/ptolemy/domains/de/test/auto/ResettableTimer3.xml (RunModel)" time="0.01" />
  <testcase classname="ptolemy.util.test.junit.AutoTests" name="[61] /home/travis/build/icyphy/ptII/ptolemy/domains/de/test/auto/ResettableTimer4.xml (RunModel)" time="0.009" />
  <testcase classname="ptolemy.util.test.junit.AutoTests" name="[62] /home/travis/build/icyphy/ptII/ptolemy/domains/de/test/auto/ResettableTimer5.xml (RunModel)" time="0.009" />
  <testcase classname="ptolemy.util.test.junit.AutoTests" name="[63] /home/travis/build/icyphy/ptII/ptolemy/domains/de/test/auto/ResettableTimer6.xml (RunModel)" time="0.021" />
  <testcase classname="ptolemy.util.test.junit.AutoTests" name="[64] /home/travis/build/icyphy/ptII/ptolemy/domains/de/test/auto/ServerZeroDelay.xml (RunModel)" time="0.012" />
  <testcase classname="ptolemy.util.test.junit.AutoTests" name="[65] /home/travis/build/icyphy/ptII/ptolemy/domains/de/test/auto/SmartSender.xml (RunModel)" time="3.008" />
  <testcase classname="ptolemy.util.test.junit.AutoTests" name="[66] /home/travis/build/icyphy/ptII/ptolemy/domains/de/test/auto/ThreadedComposite.xml (RunModel)" time="0.235" />
  <testcase classname="ptolemy.util.test.junit.AutoTests" name="[67] /home/travis/build/icyphy/ptII/ptolemy/domains/de/test/auto/Time.xml (RunModel)" time="0.508" />
  <testcase classname="ptolemy.util.test.junit.AutoTests" name="[68] /home/travis/build/icyphy/ptII/ptolemy/domains/de/test/auto/TimeDelayZeroDelay.xml (RunModel)" time="0.011" />
  <testcase classname="ptolemy.util.test.junit.AutoTests" name="[69] /home/travis/build/icyphy/ptII/ptolemy/domains/de/test/auto/TimerZeroDelay.xml (RunModel)" time="0.008" />
  <testcase classname="ptolemy.util.test.junit.AutoTests" name="[70] /home/travis/build/icyphy/ptII/ptolemy/domains/de/test/auto/TimingParadox.xml (RunModel)" time="0.383" />
  <testcase classname="ptolemy.util.test.junit.AutoTests" name="[71] /home/travis/build/icyphy/ptII/ptolemy/domains/de/test/auto/TransferInputs.xml (RunModel)" time="0.009" />
  <testcase classname="ptolemy.util.test.junit.AutoTests" name="[72] /home/travis/build/icyphy/ptII/ptolemy/domains/de/test/auto/TransferOutputs2.xml (RunModel)" time="0.015" />
  <testcase classname="ptolemy.util.test.junit.AutoTests" name="[73] /home/travis/build/icyphy/ptII/ptolemy/domains/de/test/auto/Trilateration.xml (RunModel)" time="12.189" />
  <testcase classname="ptolemy.util.test.junit.AutoTests" name="[74] /home/travis/build/icyphy/ptII/ptolemy/domains/de/test/auto/TwoSigmaDelta.xml (RunModel)" time="2.299" />
  <testcase classname="ptolemy.util.test.junit.AutoTests" name="[75] /home/travis/build/icyphy/ptII/ptolemy/domains/de/test/auto/VariableDelay.xml (RunModel)" time="0.011" />
  <testcase classname="ptolemy.util.test.junit.AutoTests" name="[76] /home/travis/build/icyphy/ptII/ptolemy/domains/de/test/auto/VariableDelay2.xml (RunModel)" time="0.009" />
  <testcase classname="ptolemy.util.test.junit.AutoTests" name="[77] /home/travis/build/icyphy/ptII/ptolemy/domains/de/test/auto/VariableDelayZeroDelay.xml (RunModel)" time="0.01" />
  <testcase classname="ptolemy.util.test.junit.AutoTests" name="[78] /home/travis/build/icyphy/ptII/ptolemy/domains/de/test/auto/VariableDelayZeroDelay2.xml (RunModel)" time="0.009" />
  <testcase classname="ptolemy.util.test.junit.AutoTests" name="[79] /home/travis/build/icyphy/ptII/ptolemy/domains/de/test/auto/deInCt.xml (RunModel)" time="0.014" />
  <testcase classname="ptolemy.util.test.junit.AutoTests" name="[80] /home/travis/build/icyphy/ptII/ptolemy/domains/de/test/auto/deInCt2.xml (RunModel)" time="0.013" />
  <testcase classname="ptolemy.util.test.junit.AutoTests" name="[81] /home/travis/build/icyphy/ptII/ptolemy/domains/de/test/auto/dynamicCausalityInterface1.xml (RunModel)" time="0.021" />
  <testcase classname="ptolemy.util.test.junit.AutoTests" name="[82] /home/travis/build/icyphy/ptII/ptolemy/domains/de/test/auto/fsm_de_test.xml (RunModel)" time="0.023" />
  <testcase classname="ptolemy.util.test.junit.AutoTests" name="[83] /home/travis/build/icyphy/ptII/ptolemy/domains/de/test/auto/functionDependencyReconstruction.xml (RunModel)" time="0.035" />
  <testcase classname="ptolemy.util.test.junit.AutoTests" name="[84] /home/travis/build/icyphy/ptII/ptolemy/domains/de/test/auto/multirate.xml (RunModel)" time="0.015" />
  <testcase classname="ptolemy.util.test.junit.AutoTests" name="[85] /home/travis/build/icyphy/ptII/ptolemy/domains/de/test/auto/multirate2.xml (RunModel)" time="0.015" />
  <testcase classname="ptolemy.util.test.junit.AutoTests" name="[86] /home/travis/build/icyphy/ptII/ptolemy/domains/de/test/auto/realtime.xml (RunModel)" time="10.011" />
  <testcase classname="ptolemy.util.test.junit.AutoTests" name="[87] /home/travis/build/icyphy/ptII/ptolemy/domains/de/test/auto/relationGroup.xml (RunModel)" time="0.022" />
  <testcase classname="ptolemy.util.test.junit.AutoTests" name="[88] /home/travis/build/icyphy/ptII/ptolemy/domains/de/test/auto/relationGroup2.xml (RunModel)" time="0.006" />
  <testcase classname="ptolemy.util.test.junit.AutoTests" name="[89] /home/travis/build/icyphy/ptII/ptolemy/domains/de/test/auto/sortWithOpaquePorts.xml (RunModel)" time="0.014" />
  <testcase classname="ptolemy.util.test.junit.AutoTests" name="[90] /home/travis/build/icyphy/ptII/ptolemy/domains/de/test/auto/transferInputsandOutputs.xml (RunModel)" time="0.014" />
  <testcase classname="ptolemy.util.test.junit.AutoTests" name="[91] /home/travis/build/icyphy/ptII/ptolemy/domains/de/test/auto/triggerType.xml (RunModel)" time="0.014" />
  <system-out><![CDATA[/home/travis/build/icyphy/ptII/ptolemy/domains/de/test/DependencyLoop.tcl
testDefs.tcl: setting time out to 9000 seconds at Wed Oct 10 02:29:40 UTC 2018
14 ms. Memory: 116224K Free: 93891K (81%)
7 ms. Memory: 146944K Free: 135075K (92%)
/home/travis/build/icyphy/ptII/ptolemy/domains/de/test/RunDETestsAsQSS.tcl
Run the DE tests using ptolemy.domains.qss.test.QSSDirectorTest, which extends QSSDirector and prints a message in the constructors.
------------------ testing $PTII/ptolemy/domains/de/test/auto/knownFailedTests/dependencyLoop.xml (Known Failure) 
7 ms. Memory: 146944K Free: 131962K (90%)


==== $PTIIhome/travis/build/icyphy/ptII/ptolemy/domains/de/test/../../../../: Auto Automatic test in file $PTII/ptolemy/domains/de/test/auto/knownFailedTests/dependencyLoop.xml
==== Contents of test case:

	    # FIXME: we should use $relativeFilename here, but it
	    # might have backslashes under Windows, which causes no end
	    # of trouble.
	    createAndExecute $file
	    list {}
	
.... Test generated KNOWN error:
    while executing
ptolemy.kernel.util.IllegalActionException: Found a zero delay loop containing .dependencyLoop.original
  in .dependencyLoop and .dependencyLoop.original
	at ptolemy.actor.util.CausalityInterfaceForComposites._computeOutputPortDepth(CausalityInterfaceForComposites.java:759)
	at ptolemy.actor.util.CausalityInterfaceForComposites._computeInputDepth(CausalityInterfaceForComposites.java:696)
	at ptolemy.actor.util.CausalityInterfaceForComposites._computeOutputPortDepth(CausalityInterfaceForComposites.java:765)
	at ptolemy.actor.util.CausalityInterfaceForComposites._computeInputDepth(CausalityInterfaceForComposites.java:696)
	at ptolemy.actor.util.CausalityInterfaceForComposites._computeOutputPortDepth(CausalityInterfaceForComposites.java:765)
	at ptolemy.actor.util.CausalityInterfaceForComposites._computeInputDepth(CausalityInterfaceForComposites.java:696)
	at ptolemy.actor.util.CausalityInterfaceForComposites._computeActorDepth(CausalityInterfaceForComposites.java:532)
	at ptolemy.actor.util.CausalityInterfaceForComposites.checkForCycles(CausalityInterfaceForComposites.java:96)
	at ptolemy.domains.de.kernel.DEDirector.preinitialize(DEDirector.java:1338)
	at ptolemy.actor.CompositeActor.preinitialize(CompositeActor.java:1828)
	at ptolemy.actor.Manager.preinitializeAndResolveTypes(Manager.java:1040)
	at ptolemy.actor.Manager.initialize(Manager.java:710)
	at ptolemy.actor.Manager.execute(Manager.java:356)
	at ptolemy.actor.Manager.run(Manager.java:1263)
	at ptolemy.actor.Manager$PtolemyRunThread.run(Manager.java:1915)

    while executing
ptolemy.kernel.util.IllegalActionException: Found a zero delay loop containing .dependencyLoop.original
  in .dependencyLoop and .dependencyLoop.original
    while executing
"java::new ptolemy.moml.MoMLSimpleApplication $file
"
    (procedure "createAndExecute" line 2)
    invoked from within
"createAndExecute $file"
    ("uplevel" body line 5)
    invoked from within
"uplevel $contents_of_test"
------------------ testing $PTII/ptolemy/domains/de/test/auto/knownFailedTests/DESDFClockTest.xml (Known Failure) 
2091 ms. Memory: 146944K Free: 116518K (79%)


==== $PTIIhome/travis/build/icyphy/ptII/ptolemy/domains/de/test/../../../../: Auto Automatic test in file $PTII/ptolemy/domains/de/test/auto/knownFailedTests/DESDFClockTest.xml
==== Contents of test case:

	    # FIXME: we should use $relativeFilename here, but it
	    # might have backslashes under Windows, which causes no end
	    # of trouble.
	    createAndExecute $file
	    list {}
	
.... Test generated KNOWN error:
    while executing
ptolemy.kernel.util.IllegalActionException: Actor is not ready to fire.  Perhaps UpSample.prefire() returned false? Try debugging the actor by selecting "Listen to Actor".  Also, for SDF check moml for tokenConsumptionRate on input.
  in .DESDFClockTest.Play Bell.Copy1:SDF Director and .DESDFClockTest.Play Bell.UpSample
	at ptolemy.actor.sched.StaticSchedulingDirector.fire(StaticSchedulingDirector.java:227)
	at ptolemy.domains.sdf.kernel.SDFDirector.fire(SDFDirector.java:500)
	at ptolemy.actor.CompositeActor.fire(CompositeActor.java:455)
	at ptolemy.domains.de.kernel.DEDirector._fire(DEDirector.java:1949)
	at ptolemy.domains.de.kernel.DEDirector.fire(DEDirector.java:502)
	at ptolemy.actor.CompositeActor.fire(CompositeActor.java:455)
	at ptolemy.actor.Manager.iterate(Manager.java:851)
	at ptolemy.actor.Manager.execute(Manager.java:369)
	at ptolemy.actor.Manager.run(Manager.java:1263)
	at ptolemy.actor.Manager$PtolemyRunThread.run(Manager.java:1915)

    while executing
ptolemy.kernel.util.IllegalActionException: Actor is not ready to fire.  Perhaps UpSample.prefire() returned false? Try debugging the actor by selecting "Listen to Actor".  Also, for SDF check moml for tokenConsumptionRate on input.
  in .DESDFClockTest.Play Bell.Copy1:SDF Director and .DESDFClockTest.Play Bell.UpSample
    while executing
"java::new ptolemy.moml.MoMLSimpleApplication $file
"
    (procedure "createAndExecute" line 2)
    invoked from within
"createAndExecute $file"
    ("uplevel" body line 5)
    invoked from within
"uplevel $contents_of_test"
------------------ testing $PTII/ptolemy/domains/de/test/auto/knownFailedTests/FSMSource.xml (Known Failure) 
43 ms. Memory: 146944K Free: 106921K (73%)
!!!! Auto was marked as failing, but now passes
------------------ testing $PTII/ptolemy/domains/de/test/auto/knownFailedTests/dependencyLoop2.xml (Known Failure) 
12 ms. Memory: 146944K Free: 105038K (71%)


==== $PTIIhome/travis/build/icyphy/ptII/ptolemy/domains/de/test/../../../../: Auto Automatic test in file $PTII/ptolemy/domains/de/test/auto/knownFailedTests/dependencyLoop2.xml
==== Contents of test case:

	    # FIXME: we should use $relativeFilename here, but it
	    # might have backslashes under Windows, which causes no end
	    # of trouble.
	    createAndExecute $file
	    list {}
	
.... Test generated KNOWN error:
    while executing
ptolemy.kernel.util.IllegalActionException: Found a zero delay loop containing .dependencyLoop2.original
  in .dependencyLoop2 and .dependencyLoop2.original
	at ptolemy.actor.util.CausalityInterfaceForComposites._computeOutputPortDepth(CausalityInterfaceForComposites.java:759)
	at ptolemy.actor.util.CausalityInterfaceForComposites._computeInputDepth(CausalityInterfaceForComposites.java:696)
	at ptolemy.actor.util.CausalityInterfaceForComposites._computeOutputPortDepth(CausalityInterfaceForComposites.java:765)
	at ptolemy.actor.util.CausalityInterfaceForComposites._computeInputDepth(CausalityInterfaceForComposites.java:696)
	at ptolemy.actor.util.CausalityInterfaceForComposites._computeOutputPortDepth(CausalityInterfaceForComposites.java:765)
	at ptolemy.actor.util.CausalityInterfaceForComposites._computeInputDepth(CausalityInterfaceForComposites.java:696)
	at ptolemy.actor.util.CausalityInterfaceForComposites._computeActorDepth(CausalityInterfaceForComposites.java:532)
	at ptolemy.actor.util.CausalityInterfaceForComposites.checkForCycles(CausalityInterfaceForComposites.java:96)
	at ptolemy.domains.de.kernel.DEDirector.preinitialize(DEDirector.java:1338)
	at ptolemy.actor.CompositeActor.preinitialize(CompositeActor.java:1828)
	at ptolemy.actor.Manager.preinitializeAndResolveTypes(Manager.java:1040)
	at ptolemy.actor.Manager.initialize(Manager.java:710)
	at ptolemy.actor.Manager.execute(Manager.java:356)
	at ptolemy.actor.Manager.run(Manager.java:1263)
	at ptolemy.actor.Manager$PtolemyRunThread.run(Manager.java:1915)

    while executing
ptolemy.kernel.util.IllegalActionException: Found a zero delay loop containing .dependencyLoop2.original
  in .dependencyLoop2 and .dependencyLoop2.original
    while executing
"java::new ptolemy.moml.MoMLSimpleApplication $file
"
    (procedure "createAndExecute" line 2)
    invoked from within
"createAndExecute $file"
    ("uplevel" body line 5)
    invoked from within
"uplevel $contents_of_test"
------------------ testing $PTII/ptolemy/domains/de/test/auto/knownFailedTests/HierarchicalModel.xml (Known Failure) 
5 ms. Memory: 146944K Free: 84509K (58%)


==== $PTIIhome/travis/build/icyphy/ptII/ptolemy/domains/de/test/../../../../: Auto Automatic test in file $PTII/ptolemy/domains/de/test/auto/knownFailedTests/HierarchicalModel.xml
==== Contents of test case:

	    # FIXME: we should use $relativeFilename here, but it
	    # might have backslashes under Windows, which causes no end
	    # of trouble.
	    createAndExecute $file
	    list {}
	
.... Test generated KNOWN error:
    while executing
ptolemy.kernel.util.IllegalActionException: Found a zero delay loop containing .HierarchicalModel.A
  in .HierarchicalModel and .HierarchicalModel.A
	at ptolemy.actor.util.CausalityInterfaceForComposites._computeOutputPortDepth(CausalityInterfaceForComposites.java:759)
	at ptolemy.actor.util.CausalityInterfaceForComposites._computeInputDepth(CausalityInterfaceForComposites.java:696)
	at ptolemy.actor.util.CausalityInterfaceForComposites._computeOutputPortDepth(CausalityInterfaceForComposites.java:765)
	at ptolemy.actor.util.CausalityInterfaceForComposites._computeInputDepth(CausalityInterfaceForComposites.java:696)
	at ptolemy.actor.util.CausalityInterfaceForComposites._computeOutputPortDepth(CausalityInterfaceForComposites.java:765)
	at ptolemy.actor.util.CausalityInterfaceForComposites._computeInputDepth(CausalityInterfaceForComposites.java:696)
	at ptolemy.actor.util.CausalityInterfaceForComposites._computeActorDepth(CausalityInterfaceForComposites.java:532)
	at ptolemy.actor.util.CausalityInterfaceForComposites.checkForCycles(CausalityInterfaceForComposites.java:96)
	at ptolemy.domains.de.kernel.DEDirector.preinitialize(DEDirector.java:1338)
	at ptolemy.actor.CompositeActor.preinitialize(CompositeActor.java:1828)
	at ptolemy.actor.Manager.preinitializeAndResolveTypes(Manager.java:1040)
	at ptolemy.actor.Manager.initialize(Manager.java:710)
	at ptolemy.actor.Manager.execute(Manager.java:356)
	at ptolemy.actor.Manager.run(Manager.java:1263)
	at ptolemy.actor.Manager$PtolemyRunThread.run(Manager.java:1915)

    while executing
ptolemy.kernel.util.IllegalActionException: Found a zero delay loop containing .HierarchicalModel.A
  in .HierarchicalModel and .HierarchicalModel.A
    while executing
"java::new ptolemy.moml.MoMLSimpleApplication $file
"
    (procedure "createAndExecute" line 2)
    invoked from within
"createAndExecute $file"
    ("uplevel" body line 5)
    invoked from within
"uplevel $contents_of_test"
------------------ testing $PTII/ptolemy/domains/de/test/auto/knownFailedTests/DirectFeedback.xml (Known Failure) 
8 ms. Memory: 146944K Free: 140132K (95%)


==== $PTIIhome/travis/build/icyphy/ptII/ptolemy/domains/de/test/../../../../: Auto Automatic test in file $PTII/ptolemy/domains/de/test/auto/knownFailedTests/DirectFeedback.xml
==== Contents of test case:

	    # FIXME: we should use $relativeFilename here, but it
	    # might have backslashes under Windows, which causes no end
	    # of trouble.
	    createAndExecute $file
	    list {}
	
.... Test generated KNOWN error:
    while executing
ptolemy.kernel.util.IllegalActionException: Test fails in iteration 1.
Value was: 1.0. Should have been: 2.0
  in .DirectFeedback.Test
	at ptolemy.actor.lib.Test.fire(Test.java:268)
	at ptolemy.domains.de.kernel.DEDirector._fire(DEDirector.java:1949)
	at ptolemy.domains.de.kernel.DEDirector.fire(DEDirector.java:502)
	at ptolemy.actor.CompositeActor.fire(CompositeActor.java:455)
	at ptolemy.actor.Manager.iterate(Manager.java:851)
	at ptolemy.actor.Manager.execute(Manager.java:369)
	at ptolemy.actor.Manager.run(Manager.java:1263)
	at ptolemy.actor.Manager$PtolemyRunThread.run(Manager.java:1915)

    while executing
ptolemy.kernel.util.IllegalActionException: Test fails in iteration 1.
Value was: 1.0. Should have been: 2.0
  in .DirectFeedback.Test
    while executing
"java::new ptolemy.moml.MoMLSimpleApplication $file
"
    (procedure "createAndExecute" line 2)
    invoked from within
"createAndExecute $file"
    ("uplevel" body line 5)
    invoked from within
"uplevel $contents_of_test"
------------------ testing $PTII/ptolemy/domains/de/test/auto/ActorDepthCalculation_actorWithoutPorts.xml
auto.tcl: Setting watchdog for 200 seconds at Wed Oct 10 02:29:43 UTC 2018
10 ms. Memory: 146944K Free: 132487K (90%)
ptolemy.util.test.WatchDog.cancel(): canceling Wed Oct 10 02:29:43 UTC 2018
auto.tcl: Setting watchdog for 200 seconds at Wed Oct 10 02:29:43 UTC 2018
5 ms. Memory: 146944K Free: 130416K (89%)
ptolemy.util.test.WatchDog.cancel(): canceling Wed Oct 10 02:29:43 UTC 2018
------------------ testing $PTII/ptolemy/domains/de/test/auto/AssemblyLine.xml
auto.tcl: Setting watchdog for 200 seconds at Wed Oct 10 02:29:43 UTC 2018
22 ms. Memory: 208384K Free: 182859K (88%)
ptolemy.util.test.WatchDog.cancel(): canceling Wed Oct 10 02:29:43 UTC 2018
auto.tcl: Setting watchdog for 200 seconds at Wed Oct 10 02:29:43 UTC 2018
11 ms. Memory: 208384K Free: 182859K (88%)
ptolemy.util.test.WatchDog.cancel(): canceling Wed Oct 10 02:29:43 UTC 2018
------------------ testing $PTII/ptolemy/domains/de/test/auto/CQBug1.xml
auto.tcl: Setting watchdog for 200 seconds at Wed Oct 10 02:29:43 UTC 2018
13 ms. Memory: 208384K Free: 197726K (95%)
ptolemy.util.test.WatchDog.cancel(): canceling Wed Oct 10 02:29:43 UTC 2018
auto.tcl: Setting watchdog for 200 seconds at Wed Oct 10 02:29:43 UTC 2018
3 ms. Memory: 208384K Free: 197726K (95%)
ptolemy.util.test.WatchDog.cancel(): canceling Wed Oct 10 02:29:43 UTC 2018
------------------ testing $PTII/ptolemy/domains/de/test/auto/CancelFireAt.xml
auto.tcl: Setting watchdog for 200 seconds at Wed Oct 10 02:29:44 UTC 2018
5 ms. Memory: 208384K Free: 201437K (97%)
ptolemy.util.test.WatchDog.cancel(): canceling Wed Oct 10 02:29:44 UTC 2018
auto.tcl: Setting watchdog for 200 seconds at Wed Oct 10 02:29:44 UTC 2018
2 ms. Memory: 208384K Free: 199338K (96%)
ptolemy.util.test.WatchDog.cancel(): canceling Wed Oct 10 02:29:44 UTC 2018
------------------ testing $PTII/ptolemy/domains/de/test/auto/CausalityAndComposabilityAnalysis.xml
auto.tcl: Setting watchdog for 200 seconds at Wed Oct 10 02:29:44 UTC 2018
9 ms. Memory: 208384K Free: 196488K (94%)
ptolemy.util.test.WatchDog.cancel(): canceling Wed Oct 10 02:29:44 UTC 2018
auto.tcl: Setting watchdog for 200 seconds at Wed Oct 10 02:29:44 UTC 2018
6 ms. Memory: 208384K Free: 196488K (94%)
ptolemy.util.test.WatchDog.cancel(): canceling Wed Oct 10 02:29:44 UTC 2018
------------------ testing $PTII/ptolemy/domains/de/test/auto/CausalityInterface1.xml
auto.tcl: Setting watchdog for 200 seconds at Wed Oct 10 02:29:44 UTC 2018
17 ms. Memory: 208384K Free: 196408K (94%)
ptolemy.util.test.WatchDog.cancel(): canceling Wed Oct 10 02:29:44 UTC 2018
auto.tcl: Setting watchdog for 200 seconds at Wed Oct 10 02:29:44 UTC 2018
4 ms. Memory: 208384K Free: 196408K (94%)
ptolemy.util.test.WatchDog.cancel(): canceling Wed Oct 10 02:29:44 UTC 2018
------------------ testing $PTII/ptolemy/domains/de/test/auto/CausalityInterface15.xml
auto.tcl: Setting watchdog for 200 seconds at Wed Oct 10 02:29:44 UTC 2018
8 ms. Memory: 208384K Free: 196414K (94%)
ptolemy.util.test.WatchDog.cancel(): canceling Wed Oct 10 02:29:44 UTC 2018
auto.tcl: Setting watchdog for 200 seconds at Wed Oct 10 02:29:44 UTC 2018
7 ms. Memory: 208384K Free: 196414K (94%)
ptolemy.util.test.WatchDog.cancel(): canceling Wed Oct 10 02:29:44 UTC 2018
------------------ testing $PTII/ptolemy/domains/de/test/auto/CausalityInterface2.xml
auto.tcl: Setting watchdog for 200 seconds at Wed Oct 10 02:29:44 UTC 2018
10 ms. Memory: 208384K Free: 196381K (94%)
ptolemy.util.test.WatchDog.cancel(): canceling Wed Oct 10 02:29:44 UTC 2018
auto.tcl: Setting watchdog for 200 seconds at Wed Oct 10 02:29:44 UTC 2018
3 ms. Memory: 208384K Free: 196381K (94%)
ptolemy.util.test.WatchDog.cancel(): canceling Wed Oct 10 02:29:44 UTC 2018
------------------ testing $PTII/ptolemy/domains/de/test/auto/CausalityInterface3.xml
auto.tcl: Setting watchdog for 200 seconds at Wed Oct 10 02:29:44 UTC 2018
3 ms. Memory: 208384K Free: 196410K (94%)
ptolemy.util.test.WatchDog.cancel(): canceling Wed Oct 10 02:29:44 UTC 2018
auto.tcl: Setting watchdog for 200 seconds at Wed Oct 10 02:29:44 UTC 2018
4 ms. Memory: 208384K Free: 196410K (94%)
ptolemy.util.test.WatchDog.cancel(): canceling Wed Oct 10 02:29:44 UTC 2018
------------------ testing $PTII/ptolemy/domains/de/test/auto/ClockDrift.xml
auto.tcl: Setting watchdog for 200 seconds at Wed Oct 10 02:29:44 UTC 2018
107 ms. Memory: 208384K Free: 187619K (90%)
ptolemy.util.test.WatchDog.cancel(): canceling Wed Oct 10 02:29:44 UTC 2018
auto.tcl: Setting watchdog for 200 seconds at Wed Oct 10 02:29:44 UTC 2018
65 ms. Memory: 208384K Free: 185515K (89%)
ptolemy.util.test.WatchDog.cancel(): canceling Wed Oct 10 02:29:44 UTC 2018
------------------ testing $PTII/ptolemy/domains/de/test/auto/ClockDriftAndValueChange.xml
auto.tcl: Setting watchdog for 200 seconds at Wed Oct 10 02:29:44 UTC 2018
28 ms. Memory: 208384K Free: 187452K (90%)
ptolemy.util.test.WatchDog.cancel(): canceling Wed Oct 10 02:29:45 UTC 2018
auto.tcl: Setting watchdog for 200 seconds at Wed Oct 10 02:29:45 UTC 2018
31 ms. Memory: 208384K Free: 185347K (89%)
ptolemy.util.test.WatchDog.cancel(): canceling Wed Oct 10 02:29:45 UTC 2018
------------------ testing $PTII/ptolemy/domains/de/test/auto/ClockDriftChange.xml
auto.tcl: Setting watchdog for 200 seconds at Wed Oct 10 02:29:45 UTC 2018
37 ms. Memory: 208384K Free: 190807K (92%)
ptolemy.util.test.WatchDog.cancel(): canceling Wed Oct 10 02:29:45 UTC 2018
auto.tcl: Setting watchdog for 200 seconds at Wed Oct 10 02:29:45 UTC 2018
30 ms. Memory: 208384K Free: 188711K (91%)
ptolemy.util.test.WatchDog.cancel(): canceling Wed Oct 10 02:29:45 UTC 2018
------------------ testing $PTII/ptolemy/domains/de/test/auto/ComposableCausalityAnalysis.xml
auto.tcl: Setting watchdog for 200 seconds at Wed Oct 10 02:29:45 UTC 2018
2 ms. Memory: 208384K Free: 196262K (94%)
ptolemy.util.test.WatchDog.cancel(): canceling Wed Oct 10 02:29:45 UTC 2018
auto.tcl: Setting watchdog for 200 seconds at Wed Oct 10 02:29:45 UTC 2018
2 ms. Memory: 208384K Free: 194149K (93%)
ptolemy.util.test.WatchDog.cancel(): canceling Wed Oct 10 02:29:45 UTC 2018
------------------ testing $PTII/ptolemy/domains/de/test/auto/DEFixedPointLimitation.xml
auto.tcl: Setting watchdog for 200 seconds at Wed Oct 10 02:29:45 UTC 2018
3 ms. Memory: 208384K Free: 196123K (94%)
ptolemy.util.test.WatchDog.cancel(): canceling Wed Oct 10 02:29:45 UTC 2018
auto.tcl: Setting watchdog for 200 seconds at Wed Oct 10 02:29:45 UTC 2018
2 ms. Memory: 208384K Free: 196123K (94%)
ptolemy.util.test.WatchDog.cancel(): canceling Wed Oct 10 02:29:45 UTC 2018
------------------ testing $PTII/ptolemy/domains/de/test/auto/DEScheduleTest.xml
auto.tcl: Setting watchdog for 200 seconds at Wed Oct 10 02:29:45 UTC 2018
6 ms. Memory: 208384K Free: 198271K (95%)
ptolemy.util.test.WatchDog.cancel(): canceling Wed Oct 10 02:29:45 UTC 2018
auto.tcl: Setting watchdog for 200 seconds at Wed Oct 10 02:29:45 UTC 2018
5 ms. Memory: 208384K Free: 196158K (94%)
ptolemy.util.test.WatchDog.cancel(): canceling Wed Oct 10 02:29:45 UTC 2018
------------------ testing $PTII/ptolemy/domains/de/test/auto/DEinDEwithStartTimes.xml
auto.tcl: Setting watchdog for 200 seconds at Wed Oct 10 02:29:45 UTC 2018
7 ms. Memory: 208384K Free: 196136K (94%)
ptolemy.util.test.WatchDog.cancel(): canceling Wed Oct 10 02:29:45 UTC 2018
auto.tcl: Setting watchdog for 200 seconds at Wed Oct 10 02:29:45 UTC 2018
6 ms. Memory: 208384K Free: 194024K (93%)
ptolemy.util.test.WatchDog.cancel(): canceling Wed Oct 10 02:29:45 UTC 2018
------------------ testing $PTII/ptolemy/domains/de/test/auto/DEinDEwithStartTimes2.xml
auto.tcl: Setting watchdog for 200 seconds at Wed Oct 10 02:29:45 UTC 2018
8 ms. Memory: 208384K Free: 196132K (94%)
ptolemy.util.test.WatchDog.cancel(): canceling Wed Oct 10 02:29:45 UTC 2018
auto.tcl: Setting watchdog for 200 seconds at Wed Oct 10 02:29:45 UTC 2018
4 ms. Memory: 208384K Free: 194027K (93%)
ptolemy.util.test.WatchDog.cancel(): canceling Wed Oct 10 02:29:45 UTC 2018
------------------ testing $PTII/ptolemy/domains/de/test/auto/DateDemo.xml
auto.tcl: Setting watchdog for 200 seconds at Wed Oct 10 02:29:45 UTC 2018
11 ms. Memory: 208384K Free: 188547K (90%)
ptolemy.util.test.WatchDog.cancel(): canceling Wed Oct 10 02:29:45 UTC 2018
auto.tcl: Setting watchdog for 200 seconds at Wed Oct 10 02:29:45 UTC 2018
6 ms. Memory: 208384K Free: 186434K (89%)
ptolemy.util.test.WatchDog.cancel(): canceling Wed Oct 10 02:29:45 UTC 2018
------------------ testing $PTII/ptolemy/domains/de/test/auto/DateToEvent.xml
auto.tcl: Setting watchdog for 200 seconds at Wed Oct 10 02:29:45 UTC 2018
2020 ms. Memory: 208384K Free: 183247K (88%)
ptolemy.util.test.WatchDog.cancel(): canceling Wed Oct 10 02:29:48 UTC 2018
auto.tcl: Setting watchdog for 200 seconds at Wed Oct 10 02:29:48 UTC 2018
2004 ms. Memory: 208384K Free: 183247K (88%)
ptolemy.util.test.WatchDog.cancel(): canceling Wed Oct 10 02:29:50 UTC 2018
------------------ testing $PTII/ptolemy/domains/de/test/auto/DepthTest1.xml
auto.tcl: Setting watchdog for 200 seconds at Wed Oct 10 02:29:50 UTC 2018
4 ms. Memory: 208384K Free: 197799K (95%)
ptolemy.util.test.WatchDog.cancel(): canceling Wed Oct 10 02:29:50 UTC 2018
auto.tcl: Setting watchdog for 200 seconds at Wed Oct 10 02:29:50 UTC 2018
2 ms. Memory: 208384K Free: 197799K (95%)
ptolemy.util.test.WatchDog.cancel(): canceling Wed Oct 10 02:29:50 UTC 2018
------------------ testing $PTII/ptolemy/domains/de/test/auto/DepthTest2.xml
auto.tcl: Setting watchdog for 200 seconds at Wed Oct 10 02:29:50 UTC 2018
3 ms. Memory: 208384K Free: 194006K (93%)
ptolemy.util.test.WatchDog.cancel(): canceling Wed Oct 10 02:29:50 UTC 2018
auto.tcl: Setting watchdog for 200 seconds at Wed Oct 10 02:29:50 UTC 2018
5 ms. Memory: 208384K Free: 194006K (93%)
ptolemy.util.test.WatchDog.cancel(): canceling Wed Oct 10 02:29:50 UTC 2018
------------------ testing $PTII/ptolemy/domains/de/test/auto/DepthTest3.xml
auto.tcl: Setting watchdog for 200 seconds at Wed Oct 10 02:29:50 UTC 2018
7 ms. Memory: 208384K Free: 198149K (95%)
ptolemy.util.test.WatchDog.cancel(): canceling Wed Oct 10 02:29:50 UTC 2018
auto.tcl: Setting watchdog for 200 seconds at Wed Oct 10 02:29:50 UTC 2018
1 ms. Memory: 208384K Free: 198149K (95%)
ptolemy.util.test.WatchDog.cancel(): canceling Wed Oct 10 02:29:50 UTC 2018
------------------ testing $PTII/ptolemy/domains/de/test/auto/DepthTest4.xml
auto.tcl: Setting watchdog for 200 seconds at Wed Oct 10 02:29:50 UTC 2018
5 ms. Memory: 208384K Free: 196140K (94%)
ptolemy.util.test.WatchDog.cancel(): canceling Wed Oct 10 02:29:50 UTC 2018
auto.tcl: Setting watchdog for 200 seconds at Wed Oct 10 02:29:50 UTC 2018
2 ms. Memory: 208384K Free: 196140K (94%)
ptolemy.util.test.WatchDog.cancel(): canceling Wed Oct 10 02:29:50 UTC 2018
------------------ testing $PTII/ptolemy/domains/de/test/auto/DepthTest5.xml
auto.tcl: Setting watchdog for 200 seconds at Wed Oct 10 02:29:50 UTC 2018
5 ms. Memory: 208384K Free: 196071K (94%)
ptolemy.util.test.WatchDog.cancel(): canceling Wed Oct 10 02:29:50 UTC 2018
auto.tcl: Setting watchdog for 200 seconds at Wed Oct 10 02:29:50 UTC 2018
2 ms. Memory: 208384K Free: 196071K (94%)
ptolemy.util.test.WatchDog.cancel(): canceling Wed Oct 10 02:29:50 UTC 2018
------------------ testing $PTII/ptolemy/domains/de/test/auto/DepthTest6.xml
auto.tcl: Setting watchdog for 200 seconds at Wed Oct 10 02:29:50 UTC 2018
7 ms. Memory: 208384K Free: 196392K (94%)
ptolemy.util.test.WatchDog.cancel(): canceling Wed Oct 10 02:29:50 UTC 2018
auto.tcl: Setting watchdog for 200 seconds at Wed Oct 10 02:29:50 UTC 2018
3 ms. Memory: 208384K Free: 196392K (94%)
ptolemy.util.test.WatchDog.cancel(): canceling Wed Oct 10 02:29:50 UTC 2018
------------------ testing $PTII/ptolemy/domains/de/test/auto/DepthTest7.xml
auto.tcl: Setting watchdog for 200 seconds at Wed Oct 10 02:29:50 UTC 2018
3 ms. Memory: 208384K Free: 196044K (94%)
ptolemy.util.test.WatchDog.cancel(): canceling Wed Oct 10 02:29:50 UTC 2018
auto.tcl: Setting watchdog for 200 seconds at Wed Oct 10 02:29:50 UTC 2018
2 ms. Memory: 208384K Free: 196044K (94%)
ptolemy.util.test.WatchDog.cancel(): canceling Wed Oct 10 02:29:50 UTC 2018
------------------ testing $PTII/ptolemy/domains/de/test/auto/EventToDate.xml
auto.tcl: Setting watchdog for 200 seconds at Wed Oct 10 02:29:50 UTC 2018
3005 ms. Memory: 208384K Free: 185517K (89%)
ptolemy.util.test.WatchDog.cancel(): canceling Wed Oct 10 02:29:53 UTC 2018
auto.tcl: Setting watchdog for 200 seconds at Wed Oct 10 02:29:53 UTC 2018
3004 ms. Memory: 208384K Free: 185517K (89%)
ptolemy.util.test.WatchDog.cancel(): canceling Wed Oct 10 02:29:56 UTC 2018
------------------ testing $PTII/ptolemy/domains/de/test/auto/FSM1.xml
auto.tcl: Setting watchdog for 200 seconds at Wed Oct 10 02:29:56 UTC 2018
19 ms. Memory: 208384K Free: 186588K (90%)
ptolemy.util.test.WatchDog.cancel(): canceling Wed Oct 10 02:29:56 UTC 2018
auto.tcl: Setting watchdog for 200 seconds at Wed Oct 10 02:29:56 UTC 2018
15 ms. Memory: 208384K Free: 182362K (88%)
ptolemy.util.test.WatchDog.cancel(): canceling Wed Oct 10 02:29:56 UTC 2018
------------------ testing $PTII/ptolemy/domains/de/test/auto/FSM7.xml
auto.tcl: Setting watchdog for 200 seconds at Wed Oct 10 02:29:56 UTC 2018
20 ms. Memory: 208384K Free: 187159K (90%)
ptolemy.util.test.WatchDog.cancel(): canceling Wed Oct 10 02:29:56 UTC 2018
auto.tcl: Setting watchdog for 200 seconds at Wed Oct 10 02:29:56 UTC 2018
28 ms. Memory: 208384K Free: 185062K (89%)
ptolemy.util.test.WatchDog.cancel(): canceling Wed Oct 10 02:29:56 UTC 2018
------------------ testing $PTII/ptolemy/domains/de/test/auto/Inspection.xml
auto.tcl: Setting watchdog for 200 seconds at Wed Oct 10 02:29:56 UTC 2018
50 ms. Memory: 208384K Free: 188365K (90%)
ptolemy.util.test.WatchDog.cancel(): canceling Wed Oct 10 02:29:57 UTC 2018
auto.tcl: Setting watchdog for 200 seconds at Wed Oct 10 02:29:57 UTC 2018
22 ms. Memory: 208384K Free: 186252K (89%)
ptolemy.util.test.WatchDog.cancel(): canceling Wed Oct 10 02:29:57 UTC 2018
------------------ testing $PTII/ptolemy/domains/de/test/auto/Iteration.xml
auto.tcl: Setting watchdog for 200 seconds at Wed Oct 10 02:29:57 UTC 2018
8 ms. Memory: 208384K Free: 195833K (94%)
ptolemy.util.test.WatchDog.cancel(): canceling Wed Oct 10 02:29:57 UTC 2018
auto.tcl: Setting watchdog for 200 seconds at Wed Oct 10 02:29:57 UTC 2018
8 ms. Memory: 208384K Free: 193728K (93%)
ptolemy.util.test.WatchDog.cancel(): canceling Wed Oct 10 02:29:57 UTC 2018
------------------ testing $PTII/ptolemy/domains/de/test/auto/LineFault.xml
auto.tcl: Setting watchdog for 200 seconds at Wed Oct 10 02:29:57 UTC 2018
754 ms. Memory: 208384K Free: 196064K (94%)
ptolemy.util.test.WatchDog.cancel(): canceling Wed Oct 10 02:29:58 UTC 2018
auto.tcl: Setting watchdog for 200 seconds at Wed Oct 10 02:29:58 UTC 2018
711 ms. Memory: 208384K Free: 138714K (67%)
ptolemy.util.test.WatchDog.cancel(): canceling Wed Oct 10 02:29:58 UTC 2018
------------------ testing $PTII/ptolemy/domains/de/test/auto/MergeModel1Add.xml
auto.tcl: Setting watchdog for 200 seconds at Wed Oct 10 02:29:59 UTC 2018
31 ms. Memory: 331264K Free: 298638K (90%)
ptolemy.util.test.WatchDog.cancel(): canceling Wed Oct 10 02:29:59 UTC 2018
auto.tcl: Setting watchdog for 200 seconds at Wed Oct 10 02:29:59 UTC 2018
12 ms. Memory: 331264K Free: 298638K (90%)
ptolemy.util.test.WatchDog.cancel(): canceling Wed Oct 10 02:29:59 UTC 2018
------------------ testing $PTII/ptolemy/domains/de/test/auto/MergeModel2Add.xml
auto.tcl: Setting watchdog for 200 seconds at Wed Oct 10 02:29:59 UTC 2018
14 ms. Memory: 331264K Free: 303935K (92%)
ptolemy.util.test.WatchDog.cancel(): canceling Wed Oct 10 02:29:59 UTC 2018
auto.tcl: Setting watchdog for 200 seconds at Wed Oct 10 02:29:59 UTC 2018
7 ms. Memory: 331264K Free: 299975K (91%)
ptolemy.util.test.WatchDog.cancel(): canceling Wed Oct 10 02:29:59 UTC 2018
------------------ testing $PTII/ptolemy/domains/de/test/auto/MergeModel3Add.xml
auto.tcl: Setting watchdog for 200 seconds at Wed Oct 10 02:29:59 UTC 2018
9 ms. Memory: 331264K Free: 303937K (92%)
ptolemy.util.test.WatchDog.cancel(): canceling Wed Oct 10 02:29:59 UTC 2018
auto.tcl: Setting watchdog for 200 seconds at Wed Oct 10 02:29:59 UTC 2018
8 ms. Memory: 331264K Free: 299994K (91%)
ptolemy.util.test.WatchDog.cancel(): canceling Wed Oct 10 02:29:59 UTC 2018
------------------ testing $PTII/ptolemy/domains/de/test/auto/MergeWithoutDiscard.xml
auto.tcl: Setting watchdog for 200 seconds at Wed Oct 10 02:29:59 UTC 2018
4 ms. Memory: 331264K Free: 319740K (97%)
ptolemy.util.test.WatchDog.cancel(): canceling Wed Oct 10 02:29:59 UTC 2018
auto.tcl: Setting watchdog for 200 seconds at Wed Oct 10 02:29:59 UTC 2018
2 ms. Memory: 331264K Free: 315796K (95%)
ptolemy.util.test.WatchDog.cancel(): canceling Wed Oct 10 02:29:59 UTC 2018
------------------ testing $PTII/ptolemy/domains/de/test/auto/Modal1.xml
auto.tcl: Setting watchdog for 200 seconds at Wed Oct 10 02:29:59 UTC 2018
16 ms. Memory: 331264K Free: 309677K (93%)
ptolemy.util.test.WatchDog.cancel(): canceling Wed Oct 10 02:29:59 UTC 2018
auto.tcl: Setting watchdog for 200 seconds at Wed Oct 10 02:29:59 UTC 2018
13 ms. Memory: 331264K Free: 305734K (92%)
ptolemy.util.test.WatchDog.cancel(): canceling Wed Oct 10 02:29:59 UTC 2018
------------------ testing $PTII/ptolemy/domains/de/test/auto/Modal2.xml
auto.tcl: Setting watchdog for 200 seconds at Wed Oct 10 02:29:59 UTC 2018
11 ms. Memory: 331264K Free: 309551K (93%)
ptolemy.util.test.WatchDog.cancel(): canceling Wed Oct 10 02:29:59 UTC 2018
auto.tcl: Setting watchdog for 200 seconds at Wed Oct 10 02:29:59 UTC 2018
13 ms. Memory: 331264K Free: 305608K (92%)
ptolemy.util.test.WatchDog.cancel(): canceling Wed Oct 10 02:29:59 UTC 2018
------------------ testing $PTII/ptolemy/domains/de/test/auto/Modal3.xml
auto.tcl: Setting watchdog for 200 seconds at Wed Oct 10 02:29:59 UTC 2018
16 ms. Memory: 331264K Free: 309534K (93%)
ptolemy.util.test.WatchDog.cancel(): canceling Wed Oct 10 02:29:59 UTC 2018
auto.tcl: Setting watchdog for 200 seconds at Wed Oct 10 02:29:59 UTC 2018
12 ms. Memory: 331264K Free: 305574K (92%)
ptolemy.util.test.WatchDog.cancel(): canceling Wed Oct 10 02:29:59 UTC 2018
------------------ testing $PTII/ptolemy/domains/de/test/auto/Modal4.xml
auto.tcl: Setting watchdog for 200 seconds at Wed Oct 10 02:29:59 UTC 2018
28 ms. Memory: 331264K Free: 309555K (93%)
ptolemy.util.test.WatchDog.cancel(): canceling Wed Oct 10 02:29:59 UTC 2018
auto.tcl: Setting watchdog for 200 seconds at Wed Oct 10 02:29:59 UTC 2018
22 ms. Memory: 331264K Free: 305603K (92%)
ptolemy.util.test.WatchDog.cancel(): canceling Wed Oct 10 02:29:59 UTC 2018
------------------ testing $PTII/ptolemy/domains/de/test/auto/Modal5.xml
auto.tcl: Setting watchdog for 200 seconds at Wed Oct 10 02:30:00 UTC 2018
17 ms. Memory: 331264K Free: 309542K (93%)
ptolemy.util.test.WatchDog.cancel(): canceling Wed Oct 10 02:30:00 UTC 2018
auto.tcl: Setting watchdog for 200 seconds at Wed Oct 10 02:30:00 UTC 2018
14 ms. Memory: 331264K Free: 305598K (92%)
ptolemy.util.test.WatchDog.cancel(): canceling Wed Oct 10 02:30:00 UTC 2018
------------------ testing $PTII/ptolemy/domains/de/test/auto/Modal6.xml
auto.tcl: Setting watchdog for 200 seconds at Wed Oct 10 02:30:00 UTC 2018
16 ms. Memory: 331264K Free: 309547K (93%)
ptolemy.util.test.WatchDog.cancel(): canceling Wed Oct 10 02:30:00 UTC 2018
auto.tcl: Setting watchdog for 200 seconds at Wed Oct 10 02:30:00 UTC 2018
16 ms. Memory: 331264K Free: 305604K (92%)
ptolemy.util.test.WatchDog.cancel(): canceling Wed Oct 10 02:30:00 UTC 2018
------------------ testing $PTII/ptolemy/domains/de/test/auto/Modal7.xml
auto.tcl: Setting watchdog for 200 seconds at Wed Oct 10 02:30:00 UTC 2018
20 ms. Memory: 331264K Free: 309555K (93%)
ptolemy.util.test.WatchDog.cancel(): canceling Wed Oct 10 02:30:00 UTC 2018
auto.tcl: Setting watchdog for 200 seconds at Wed Oct 10 02:30:00 UTC 2018
13 ms. Memory: 331264K Free: 305611K (92%)
ptolemy.util.test.WatchDog.cancel(): canceling Wed Oct 10 02:30:00 UTC 2018
------------------ testing $PTII/ptolemy/domains/de/test/auto/ModalModel.xml
auto.tcl: Setting watchdog for 200 seconds at Wed Oct 10 02:30:00 UTC 2018
242 ms. Memory: 331264K Free: 245780K (74%)
ptolemy.util.test.WatchDog.cancel(): canceling Wed Oct 10 02:30:00 UTC 2018
auto.tcl: Setting watchdog for 200 seconds at Wed Oct 10 02:30:00 UTC 2018
239 ms. Memory: 331264K Free: 190429K (57%)
ptolemy.util.test.WatchDog.cancel(): canceling Wed Oct 10 02:30:00 UTC 2018
------------------ testing $PTII/ptolemy/domains/de/test/auto/ModalSource.xml
auto.tcl: Setting watchdog for 200 seconds at Wed Oct 10 02:30:00 UTC 2018
11 ms. Memory: 331264K Free: 316331K (95%)
ptolemy.util.test.WatchDog.cancel(): canceling Wed Oct 10 02:30:01 UTC 2018
auto.tcl: Setting watchdog for 200 seconds at Wed Oct 10 02:30:01 UTC 2018
6 ms. Memory: 331264K Free: 312804K (94%)
ptolemy.util.test.WatchDog.cancel(): canceling Wed Oct 10 02:30:01 UTC 2018
------------------ testing $PTII/ptolemy/domains/de/test/auto/NonInterruptibleTimerZeroDelay.xml
auto.tcl: Setting watchdog for 200 seconds at Wed Oct 10 02:30:01 UTC 2018
4 ms. Memory: 331264K Free: 320696K (97%)
ptolemy.util.test.WatchDog.cancel(): canceling Wed Oct 10 02:30:01 UTC 2018
auto.tcl: Setting watchdog for 200 seconds at Wed Oct 10 02:30:01 UTC 2018
3 ms. Memory: 331264K Free: 317177K (96%)
ptolemy.util.test.WatchDog.cancel(): canceling Wed Oct 10 02:30:01 UTC 2018
------------------ testing $PTII/ptolemy/domains/de/test/auto/OpenQueueingNetwork.xml
auto.tcl: Setting watchdog for 200 seconds at Wed Oct 10 02:30:01 UTC 2018
3201 ms. Memory: 573952K Free: 421749K (73%)
ptolemy.util.test.WatchDog.cancel(): canceling Wed Oct 10 02:30:04 UTC 2018
auto.tcl: Setting watchdog for 200 seconds at Wed Oct 10 02:30:04 UTC 2018
2619 ms. Memory: 550912K Free: 325889K (59%)
ptolemy.util.test.WatchDog.cancel(): canceling Wed Oct 10 02:30:07 UTC 2018
------------------ testing $PTII/ptolemy/domains/de/test/auto/OpenQueuingNetwork.xml
auto.tcl: Setting watchdog for 200 seconds at Wed Oct 10 02:30:07 UTC 2018
296 ms. Memory: 549888K Free: 445279K (81%)
ptolemy.util.test.WatchDog.cancel(): canceling Wed Oct 10 02:30:07 UTC 2018
auto.tcl: Setting watchdog for 200 seconds at Wed Oct 10 02:30:07 UTC 2018
256 ms. Memory: 549888K Free: 385175K (70%)
ptolemy.util.test.WatchDog.cancel(): canceling Wed Oct 10 02:30:07 UTC 2018
------------------ testing $PTII/ptolemy/domains/de/test/auto/PeriodicSampler.xml
auto.tcl: Setting watchdog for 200 seconds at Wed Oct 10 02:30:07 UTC 2018
3 ms. Memory: 551936K Free: 531893K (96%)
ptolemy.util.test.WatchDog.cancel(): canceling Wed Oct 10 02:30:07 UTC 2018
auto.tcl: Setting watchdog for 200 seconds at Wed Oct 10 02:30:07 UTC 2018
2 ms. Memory: 551936K Free: 531893K (96%)
ptolemy.util.test.WatchDog.cancel(): canceling Wed Oct 10 02:30:07 UTC 2018
------------------ testing $PTII/ptolemy/domains/de/test/auto/PersistentIO.xml
auto.tcl: Setting watchdog for 200 seconds at Wed Oct 10 02:30:07 UTC 2018
6 ms. Memory: 549376K Free: 524452K (95%)
ptolemy.util.test.WatchDog.cancel(): canceling Wed Oct 10 02:30:07 UTC 2018
auto.tcl: Setting watchdog for 200 seconds at Wed Oct 10 02:30:07 UTC 2018
4 ms. Memory: 549376K Free: 524452K (95%)
ptolemy.util.test.WatchDog.cancel(): canceling Wed Oct 10 02:30:07 UTC 2018
------------------ testing $PTII/ptolemy/domains/de/test/auto/PortParameterResetOnInitialize.xml
auto.tcl: Setting watchdog for 200 seconds at Wed Oct 10 02:30:08 UTC 2018
4 ms. Memory: 551424K Free: 531612K (96%)
ptolemy.util.test.WatchDog.cancel(): canceling Wed Oct 10 02:30:08 UTC 2018
auto.tcl: Setting watchdog for 200 seconds at Wed Oct 10 02:30:08 UTC 2018
2 ms. Memory: 551424K Free: 531612K (96%)
ptolemy.util.test.WatchDog.cancel(): canceling Wed Oct 10 02:30:08 UTC 2018
------------------ testing $PTII/ptolemy/domains/de/test/auto/PortParameterUpdates.xml
auto.tcl: Setting watchdog for 200 seconds at Wed Oct 10 02:30:08 UTC 2018
4 ms. Memory: 549376K Free: 529927K (96%)
ptolemy.util.test.WatchDog.cancel(): canceling Wed Oct 10 02:30:08 UTC 2018
auto.tcl: Setting watchdog for 200 seconds at Wed Oct 10 02:30:08 UTC 2018
3 ms. Memory: 549376K Free: 524463K (95%)
ptolemy.util.test.WatchDog.cancel(): canceling Wed Oct 10 02:30:08 UTC 2018
------------------ testing $PTII/ptolemy/domains/de/test/auto/QueueAndServer.xml
auto.tcl: Setting watchdog for 200 seconds at Wed Oct 10 02:30:08 UTC 2018
8 ms. Memory: 551424K Free: 526229K (95%)
ptolemy.util.test.WatchDog.cancel(): canceling Wed Oct 10 02:30:08 UTC 2018
auto.tcl: Setting watchdog for 200 seconds at Wed Oct 10 02:30:08 UTC 2018
7 ms. Memory: 551424K Free: 526229K (95%)
ptolemy.util.test.WatchDog.cancel(): canceling Wed Oct 10 02:30:08 UTC 2018
------------------ testing $PTII/ptolemy/domains/de/test/auto/Records.xml
auto.tcl: Setting watchdog for 200 seconds at Wed Oct 10 02:30:08 UTC 2018
11 ms. Memory: 549376K Free: 534283K (97%)
ptolemy.util.test.WatchDog.cancel(): canceling Wed Oct 10 02:30:08 UTC 2018
auto.tcl: Setting watchdog for 200 seconds at Wed Oct 10 02:30:08 UTC 2018
2 ms. Memory: 549376K Free: 528819K (96%)
ptolemy.util.test.WatchDog.cancel(): canceling Wed Oct 10 02:30:08 UTC 2018
------------------ testing $PTII/ptolemy/domains/de/test/auto/ResetTransitionWithStartTime1.xml
auto.tcl: Setting watchdog for 200 seconds at Wed Oct 10 02:30:08 UTC 2018
14 ms. Memory: 551424K Free: 530876K (96%)
ptolemy.util.test.WatchDog.cancel(): canceling Wed Oct 10 02:30:08 UTC 2018
auto.tcl: Setting watchdog for 200 seconds at Wed Oct 10 02:30:08 UTC 2018
8 ms. Memory: 551424K Free: 530876K (96%)
ptolemy.util.test.WatchDog.cancel(): canceling Wed Oct 10 02:30:08 UTC 2018
------------------ testing $PTII/ptolemy/domains/de/test/auto/ResetTransitionWithStartTime2.xml
auto.tcl: Setting watchdog for 200 seconds at Wed Oct 10 02:30:08 UTC 2018
13 ms. Memory: 549376K Free: 529049K (96%)
ptolemy.util.test.WatchDog.cancel(): canceling Wed Oct 10 02:30:08 UTC 2018
auto.tcl: Setting watchdog for 200 seconds at Wed Oct 10 02:30:08 UTC 2018
7 ms. Memory: 549376K Free: 529049K (96%)
ptolemy.util.test.WatchDog.cancel(): canceling Wed Oct 10 02:30:08 UTC 2018
------------------ testing $PTII/ptolemy/domains/de/test/auto/ResetTransitionWithStartTime3.xml
auto.tcl: Setting watchdog for 200 seconds at Wed Oct 10 02:30:08 UTC 2018
8 ms. Memory: 550912K Free: 530354K (96%)
ptolemy.util.test.WatchDog.cancel(): canceling Wed Oct 10 02:30:08 UTC 2018
auto.tcl: Setting watchdog for 200 seconds at Wed Oct 10 02:30:08 UTC 2018
10 ms. Memory: 550912K Free: 530354K (96%)
ptolemy.util.test.WatchDog.cancel(): canceling Wed Oct 10 02:30:08 UTC 2018
------------------ testing $PTII/ptolemy/domains/de/test/auto/ResetTransitionWithStartTime4.xml
auto.tcl: Setting watchdog for 200 seconds at Wed Oct 10 02:30:08 UTC 2018
5 ms. Memory: 549376K Free: 528816K (96%)
ptolemy.util.test.WatchDog.cancel(): canceling Wed Oct 10 02:30:08 UTC 2018
auto.tcl: Setting watchdog for 200 seconds at Wed Oct 10 02:30:08 UTC 2018
2 ms. Memory: 549376K Free: 528816K (96%)
ptolemy.util.test.WatchDog.cancel(): canceling Wed Oct 10 02:30:08 UTC 2018
------------------ testing $PTII/ptolemy/domains/de/test/auto/ResettableTimer1.xml
auto.tcl: Setting watchdog for 200 seconds at Wed Oct 10 02:30:08 UTC 2018
5 ms. Memory: 550912K Free: 535827K (97%)
ptolemy.util.test.WatchDog.cancel(): canceling Wed Oct 10 02:30:08 UTC 2018
auto.tcl: Setting watchdog for 200 seconds at Wed Oct 10 02:30:08 UTC 2018
3 ms. Memory: 550912K Free: 535827K (97%)
ptolemy.util.test.WatchDog.cancel(): canceling Wed Oct 10 02:30:08 UTC 2018
------------------ testing $PTII/ptolemy/domains/de/test/auto/ResettableTimer2.xml
auto.tcl: Setting watchdog for 200 seconds at Wed Oct 10 02:30:08 UTC 2018
5 ms. Memory: 549376K Free: 534579K (97%)
ptolemy.util.test.WatchDog.cancel(): canceling Wed Oct 10 02:30:08 UTC 2018
auto.tcl: Setting watchdog for 200 seconds at Wed Oct 10 02:30:08 UTC 2018
2 ms. Memory: 549376K Free: 534579K (97%)
ptolemy.util.test.WatchDog.cancel(): canceling Wed Oct 10 02:30:08 UTC 2018
------------------ testing $PTII/ptolemy/domains/de/test/auto/ResettableTimer3.xml
auto.tcl: Setting watchdog for 200 seconds at Wed Oct 10 02:30:08 UTC 2018
1 ms. Memory: 550912K Free: 535885K (97%)
ptolemy.util.test.WatchDog.cancel(): canceling Wed Oct 10 02:30:08 UTC 2018
auto.tcl: Setting watchdog for 200 seconds at Wed Oct 10 02:30:08 UTC 2018
1 ms. Memory: 550912K Free: 535885K (97%)
ptolemy.util.test.WatchDog.cancel(): canceling Wed Oct 10 02:30:08 UTC 2018
------------------ testing $PTII/ptolemy/domains/de/test/auto/ResettableTimer4.xml
auto.tcl: Setting watchdog for 200 seconds at Wed Oct 10 02:30:08 UTC 2018
1 ms. Memory: 549376K Free: 534592K (97%)
ptolemy.util.test.WatchDog.cancel(): canceling Wed Oct 10 02:30:08 UTC 2018
auto.tcl: Setting watchdog for 200 seconds at Wed Oct 10 02:30:08 UTC 2018
1 ms. Memory: 549376K Free: 534592K (97%)
ptolemy.util.test.WatchDog.cancel(): canceling Wed Oct 10 02:30:08 UTC 2018
------------------ testing $PTII/ptolemy/domains/de/test/auto/ResettableTimer5.xml
auto.tcl: Setting watchdog for 200 seconds at Wed Oct 10 02:30:09 UTC 2018
2 ms. Memory: 550400K Free: 530934K (96%)
ptolemy.util.test.WatchDog.cancel(): canceling Wed Oct 10 02:30:09 UTC 2018
auto.tcl: Setting watchdog for 200 seconds at Wed Oct 10 02:30:09 UTC 2018
1 ms. Memory: 550400K Free: 530934K (96%)
ptolemy.util.test.WatchDog.cancel(): canceling Wed Oct 10 02:30:09 UTC 2018
------------------ testing $PTII/ptolemy/domains/de/test/auto/ResettableTimer6.xml
auto.tcl: Setting watchdog for 200 seconds at Wed Oct 10 02:30:09 UTC 2018
2 ms. Memory: 549376K Free: 529630K (96%)
ptolemy.util.test.WatchDog.cancel(): canceling Wed Oct 10 02:30:09 UTC 2018
auto.tcl: Setting watchdog for 200 seconds at Wed Oct 10 02:30:09 UTC 2018
1 ms. Memory: 549376K Free: 529630K (96%)
ptolemy.util.test.WatchDog.cancel(): canceling Wed Oct 10 02:30:09 UTC 2018
------------------ testing $PTII/ptolemy/domains/de/test/auto/ServerZeroDelay.xml
auto.tcl: Setting watchdog for 200 seconds at Wed Oct 10 02:30:09 UTC 2018
2 ms. Memory: 550400K Free: 535554K (97%)
ptolemy.util.test.WatchDog.cancel(): canceling Wed Oct 10 02:30:09 UTC 2018
auto.tcl: Setting watchdog for 200 seconds at Wed Oct 10 02:30:09 UTC 2018
3 ms. Memory: 550400K Free: 535554K (97%)
ptolemy.util.test.WatchDog.cancel(): canceling Wed Oct 10 02:30:09 UTC 2018
------------------ testing $PTII/ptolemy/domains/de/test/auto/SmartSender.xml
auto.tcl: Setting watchdog for 200 seconds at Wed Oct 10 02:30:09 UTC 2018
3001 ms. Memory: 549376K Free: 529845K (96%)
ptolemy.util.test.WatchDog.cancel(): canceling Wed Oct 10 02:30:12 UTC 2018
auto.tcl: Setting watchdog for 200 seconds at Wed Oct 10 02:30:12 UTC 2018
3001 ms. Memory: 549376K Free: 529845K (96%)
ptolemy.util.test.WatchDog.cancel(): canceling Wed Oct 10 02:30:15 UTC 2018
------------------ testing $PTII/ptolemy/domains/de/test/auto/ThreadedComposite.xml
auto.tcl: Setting watchdog for 200 seconds at Wed Oct 10 02:30:15 UTC 2018
232 ms. Memory: 550400K Free: 510350K (93%)
ptolemy.util.test.WatchDog.cancel(): canceling Wed Oct 10 02:30:15 UTC 2018
auto.tcl: Setting watchdog for 200 seconds at Wed Oct 10 02:30:15 UTC 2018
155 ms. Memory: 550400K Free: 495526K (90%)
ptolemy.util.test.WatchDog.cancel(): canceling Wed Oct 10 02:30:15 UTC 2018
------------------ testing $PTII/ptolemy/domains/de/test/auto/Time.xml
auto.tcl: Setting watchdog for 200 seconds at Wed Oct 10 02:30:15 UTC 2018
587 ms. Memory: 549376K Free: 477864K (87%)
ptolemy.util.test.WatchDog.cancel(): canceling Wed Oct 10 02:30:16 UTC 2018
auto.tcl: Setting watchdog for 200 seconds at Wed Oct 10 02:30:16 UTC 2018
555 ms. Memory: 549376K Free: 417760K (76%)
ptolemy.util.test.WatchDog.cancel(): canceling Wed Oct 10 02:30:16 UTC 2018
------------------ testing $PTII/ptolemy/domains/de/test/auto/TimeDelayZeroDelay.xml
auto.tcl: Setting watchdog for 200 seconds at Wed Oct 10 02:30:16 UTC 2018
2 ms. Memory: 550400K Free: 535242K (97%)
ptolemy.util.test.WatchDog.cancel(): canceling Wed Oct 10 02:30:16 UTC 2018
auto.tcl: Setting watchdog for 200 seconds at Wed Oct 10 02:30:16 UTC 2018
1 ms. Memory: 550400K Free: 535242K (97%)
ptolemy.util.test.WatchDog.cancel(): canceling Wed Oct 10 02:30:16 UTC 2018
------------------ testing $PTII/ptolemy/domains/de/test/auto/TimerZeroDelay.xml
auto.tcl: Setting watchdog for 200 seconds at Wed Oct 10 02:30:17 UTC 2018
4 ms. Memory: 549376K Free: 534492K (97%)
ptolemy.util.test.WatchDog.cancel(): canceling Wed Oct 10 02:30:17 UTC 2018
auto.tcl: Setting watchdog for 200 seconds at Wed Oct 10 02:30:17 UTC 2018
2 ms. Memory: 549376K Free: 534492K (97%)
ptolemy.util.test.WatchDog.cancel(): canceling Wed Oct 10 02:30:17 UTC 2018
------------------ testing $PTII/ptolemy/domains/de/test/auto/TimingParadox.xml
auto.tcl: Setting watchdog for 200 seconds at Wed Oct 10 02:30:17 UTC 2018
430 ms. Memory: 549888K Free: 464495K (84%)
ptolemy.util.test.WatchDog.cancel(): canceling Wed Oct 10 02:30:17 UTC 2018
auto.tcl: Setting watchdog for 200 seconds at Wed Oct 10 02:30:17 UTC 2018
394 ms. Memory: 549888K Free: 426247K (78%)
ptolemy.util.test.WatchDog.cancel(): canceling Wed Oct 10 02:30:18 UTC 2018
------------------ testing $PTII/ptolemy/domains/de/test/auto/TransferInputs.xml
auto.tcl: Setting watchdog for 200 seconds at Wed Oct 10 02:30:18 UTC 2018
2 ms. Memory: 549888K Free: 533908K (97%)
ptolemy.util.test.WatchDog.cancel(): canceling Wed Oct 10 02:30:18 UTC 2018
auto.tcl: Setting watchdog for 200 seconds at Wed Oct 10 02:30:18 UTC 2018
1 ms. Memory: 549888K Free: 533908K (97%)
ptolemy.util.test.WatchDog.cancel(): canceling Wed Oct 10 02:30:18 UTC 2018
------------------ testing $PTII/ptolemy/domains/de/test/auto/TransferOutputs2.xml
auto.tcl: Setting watchdog for 200 seconds at Wed Oct 10 02:30:18 UTC 2018
9 ms. Memory: 549376K Free: 529025K (96%)
ptolemy.util.test.WatchDog.cancel(): canceling Wed Oct 10 02:30:18 UTC 2018
auto.tcl: Setting watchdog for 200 seconds at Wed Oct 10 02:30:18 UTC 2018
3 ms. Memory: 549376K Free: 529025K (96%)
ptolemy.util.test.WatchDog.cancel(): canceling Wed Oct 10 02:30:18 UTC 2018
------------------ testing $PTII/ptolemy/domains/de/test/auto/Trilateration.xml
auto.tcl: Setting watchdog for 200 seconds at Wed Oct 10 02:30:18 UTC 2018
15854 ms. Memory: 766976K Free: 143218K (19%)
ptolemy.util.test.WatchDog.cancel(): canceling Wed Oct 10 02:30:35 UTC 2018
auto.tcl: Setting watchdog for 200 seconds at Wed Oct 10 02:30:35 UTC 2018
11088 ms. Memory: 623104K Free: 459405K (74%)
ptolemy.util.test.WatchDog.cancel(): canceling Wed Oct 10 02:30:46 UTC 2018
------------------ testing $PTII/ptolemy/domains/de/test/auto/TwoSigmaDelta.xml
auto.tcl: Setting watchdog for 200 seconds at Wed Oct 10 02:30:46 UTC 2018
3415 ms. Memory: 619520K Free: 293611K (47%)
ptolemy.util.test.WatchDog.cancel(): canceling Wed Oct 10 02:30:50 UTC 2018
auto.tcl: Setting watchdog for 200 seconds at Wed Oct 10 02:30:50 UTC 2018
2255 ms. Memory: 619520K Free: 64618K (10%)
ptolemy.util.test.WatchDog.cancel(): canceling Wed Oct 10 02:30:52 UTC 2018
------------------ testing $PTII/ptolemy/domains/de/test/auto/VariableDelay.xml
auto.tcl: Setting watchdog for 200 seconds at Wed Oct 10 02:30:52 UTC 2018
2 ms. Memory: 623104K Free: 604302K (97%)
ptolemy.util.test.WatchDog.cancel(): canceling Wed Oct 10 02:30:52 UTC 2018
auto.tcl: Setting watchdog for 200 seconds at Wed Oct 10 02:30:52 UTC 2018
2 ms. Memory: 623104K Free: 604302K (97%)
ptolemy.util.test.WatchDog.cancel(): canceling Wed Oct 10 02:30:52 UTC 2018
------------------ testing $PTII/ptolemy/domains/de/test/auto/VariableDelay2.xml
auto.tcl: Setting watchdog for 200 seconds at Wed Oct 10 02:30:52 UTC 2018
9 ms. Memory: 619520K Free: 601162K (97%)
ptolemy.util.test.WatchDog.cancel(): canceling Wed Oct 10 02:30:52 UTC 2018
auto.tcl: Setting watchdog for 200 seconds at Wed Oct 10 02:30:52 UTC 2018
2 ms. Memory: 619520K Free: 601162K (97%)
ptolemy.util.test.WatchDog.cancel(): canceling Wed Oct 10 02:30:52 UTC 2018
------------------ testing $PTII/ptolemy/domains/de/test/auto/VariableDelayZeroDelay.xml
auto.tcl: Setting watchdog for 200 seconds at Wed Oct 10 02:30:52 UTC 2018
2 ms. Memory: 622592K Free: 598852K (96%)
ptolemy.util.test.WatchDog.cancel(): canceling Wed Oct 10 02:30:52 UTC 2018
auto.tcl: Setting watchdog for 200 seconds at Wed Oct 10 02:30:52 UTC 2018
2 ms. Memory: 622592K Free: 598852K (96%)
ptolemy.util.test.WatchDog.cancel(): canceling Wed Oct 10 02:30:52 UTC 2018
------------------ testing $PTII/ptolemy/domains/de/test/auto/VariableDelayZeroDelay2.xml
auto.tcl: Setting watchdog for 200 seconds at Wed Oct 10 02:30:52 UTC 2018
4 ms. Memory: 619520K Free: 595778K (96%)
ptolemy.util.test.WatchDog.cancel(): canceling Wed Oct 10 02:30:52 UTC 2018
auto.tcl: Setting watchdog for 200 seconds at Wed Oct 10 02:30:52 UTC 2018
2 ms. Memory: 619520K Free: 595778K (96%)
ptolemy.util.test.WatchDog.cancel(): canceling Wed Oct 10 02:30:52 UTC 2018
------------------ testing $PTII/ptolemy/domains/de/test/auto/deInCt.xml
auto.tcl: Setting watchdog for 200 seconds at Wed Oct 10 02:30:52 UTC 2018
0
1
1
1
1
0
0
0
1
1
1
0
0
0
1
1
1
0
0
0
0
1
1
1
0
0
0
1
1
1
1
0
0
0
1
1
1
1
7 ms. Memory: 622080K Free: 598305K (96%)
ptolemy.util.test.WatchDog.cancel(): canceling Wed Oct 10 02:30:52 UTC 2018
auto.tcl: Setting watchdog for 200 seconds at Wed Oct 10 02:30:52 UTC 2018
0
1
1
1
1
0
0
0
0
1
1
1
0
0
0
0
0
0
0
0
1
1
1
1
1
5 ms. Memory: 622080K Free: 598305K (96%)
ptolemy.util.test.WatchDog.cancel(): canceling Wed Oct 10 02:30:52 UTC 2018
------------------ testing $PTII/ptolemy/domains/de/test/auto/deInCt2.xml
auto.tcl: Setting watchdog for 200 seconds at Wed Oct 10 02:30:52 UTC 2018
0
1
1
1
0
0
1
1
1
0
0
1
1
1
0
0
1
1
1
0
0
1
1
1
0
0
1
1
1
0
0
1
1
1
0
0
1
1
1
0
0
0
14 ms. Memory: 619520K Free: 595744K (96%)
ptolemy.util.test.WatchDog.cancel(): canceling Wed Oct 10 02:30:52 UTC 2018
auto.tcl: Setting watchdog for 200 seconds at Wed Oct 10 02:30:52 UTC 2018
0
1
1
1
0
0
1
1
1
0
0
1
1
1
0
0
1
1
1
0
0
1
1
1
0
0
1
1
1
0
0
1
1
1
0
0
1
1
1
0
0
0
5 ms. Memory: 619520K Free: 595744K (96%)
ptolemy.util.test.WatchDog.cancel(): canceling Wed Oct 10 02:30:52 UTC 2018
------------------ testing $PTII/ptolemy/domains/de/test/auto/dynamicCausalityInterface1.xml
auto.tcl: Setting watchdog for 200 seconds at Wed Oct 10 02:30:53 UTC 2018
1 ms. Memory: 621568K Free: 595074K (96%)
ptolemy.util.test.WatchDog.cancel(): canceling Wed Oct 10 02:30:53 UTC 2018
auto.tcl: Setting watchdog for 200 seconds at Wed Oct 10 02:30:53 UTC 2018
0 ms. Memory: 621568K Free: 595074K (96%)
ptolemy.util.test.WatchDog.cancel(): canceling Wed Oct 10 02:30:53 UTC 2018
------------------ testing $PTII/ptolemy/domains/de/test/auto/fsm_de_test.xml
auto.tcl: Setting watchdog for 200 seconds at Wed Oct 10 02:30:53 UTC 2018
13 ms. Memory: 619520K Free: 595664K (96%)
ptolemy.util.test.WatchDog.cancel(): canceling Wed Oct 10 02:30:53 UTC 2018
auto.tcl: Setting watchdog for 200 seconds at Wed Oct 10 02:30:53 UTC 2018
5 ms. Memory: 619520K Free: 587556K (95%)
ptolemy.util.test.WatchDog.cancel(): canceling Wed Oct 10 02:30:53 UTC 2018
------------------ testing $PTII/ptolemy/domains/de/test/auto/functionDependencyReconstruction.xml
auto.tcl: Setting watchdog for 200 seconds at Wed Oct 10 02:30:53 UTC 2018
3 ms. Memory: 621568K Free: 589595K (95%)
ptolemy.util.test.WatchDog.cancel(): canceling Wed Oct 10 02:30:53 UTC 2018
auto.tcl: Setting watchdog for 200 seconds at Wed Oct 10 02:30:53 UTC 2018
3 ms. Memory: 621568K Free: 581478K (94%)
ptolemy.util.test.WatchDog.cancel(): canceling Wed Oct 10 02:30:53 UTC 2018
------------------ testing $PTII/ptolemy/domains/de/test/auto/multirate.xml
auto.tcl: Setting watchdog for 200 seconds at Wed Oct 10 02:30:53 UTC 2018
3 ms. Memory: 619520K Free: 595531K (96%)
ptolemy.util.test.WatchDog.cancel(): canceling Wed Oct 10 02:30:53 UTC 2018
auto.tcl: Setting watchdog for 200 seconds at Wed Oct 10 02:30:53 UTC 2018
3 ms. Memory: 619520K Free: 595531K (96%)
ptolemy.util.test.WatchDog.cancel(): canceling Wed Oct 10 02:30:53 UTC 2018
------------------ testing $PTII/ptolemy/domains/de/test/auto/multirate2.xml
auto.tcl: Setting watchdog for 200 seconds at Wed Oct 10 02:30:53 UTC 2018
3 ms. Memory: 621056K Free: 597256K (96%)
ptolemy.util.test.WatchDog.cancel(): canceling Wed Oct 10 02:30:53 UTC 2018
auto.tcl: Setting watchdog for 200 seconds at Wed Oct 10 02:30:53 UTC 2018
3 ms. Memory: 621056K Free: 597256K (96%)
ptolemy.util.test.WatchDog.cancel(): canceling Wed Oct 10 02:30:53 UTC 2018
------------------ testing $PTII/ptolemy/domains/de/test/auto/realtime.xml
auto.tcl: Setting watchdog for 200 seconds at Wed Oct 10 02:30:53 UTC 2018
10001 ms. Memory: 619520K Free: 595687K (96%)
ptolemy.util.test.WatchDog.cancel(): canceling Wed Oct 10 02:31:03 UTC 2018
auto.tcl: Setting watchdog for 200 seconds at Wed Oct 10 02:31:03 UTC 2018
10001 ms. Memory: 619520K Free: 595687K (96%)
ptolemy.util.test.WatchDog.cancel(): canceling Wed Oct 10 02:31:13 UTC 2018
------------------ testing $PTII/ptolemy/domains/de/test/auto/relationGroup.xml
auto.tcl: Setting watchdog for 200 seconds at Wed Oct 10 02:31:13 UTC 2018
9 ms. Memory: 621056K Free: 597280K (96%)
ptolemy.util.test.WatchDog.cancel(): canceling Wed Oct 10 02:31:13 UTC 2018
auto.tcl: Setting watchdog for 200 seconds at Wed Oct 10 02:31:13 UTC 2018
1 ms. Memory: 621056K Free: 597280K (96%)
ptolemy.util.test.WatchDog.cancel(): canceling Wed Oct 10 02:31:13 UTC 2018
------------------ testing $PTII/ptolemy/domains/de/test/auto/relationGroup2.xml
auto.tcl: Setting watchdog for 200 seconds at Wed Oct 10 02:31:13 UTC 2018
5 ms. Memory: 619520K Free: 595771K (96%)
ptolemy.util.test.WatchDog.cancel(): canceling Wed Oct 10 02:31:13 UTC 2018
auto.tcl: Setting watchdog for 200 seconds at Wed Oct 10 02:31:13 UTC 2018
1 ms. Memory: 619520K Free: 595771K (96%)
ptolemy.util.test.WatchDog.cancel(): canceling Wed Oct 10 02:31:13 UTC 2018
------------------ testing $PTII/ptolemy/domains/de/test/auto/sortWithOpaquePorts.xml
auto.tcl: Setting watchdog for 200 seconds at Wed Oct 10 02:31:13 UTC 2018
2 ms. Memory: 620544K Free: 596796K (96%)
ptolemy.util.test.WatchDog.cancel(): canceling Wed Oct 10 02:31:13 UTC 2018
auto.tcl: Setting watchdog for 200 seconds at Wed Oct 10 02:31:13 UTC 2018
2 ms. Memory: 620544K Free: 596796K (96%)
ptolemy.util.test.WatchDog.cancel(): canceling Wed Oct 10 02:31:13 UTC 2018
------------------ testing $PTII/ptolemy/domains/de/test/auto/transferInputsandOutputs.xml
auto.tcl: Setting watchdog for 200 seconds at Wed Oct 10 02:31:13 UTC 2018
2 ms. Memory: 619520K Free: 595760K (96%)
ptolemy.util.test.WatchDog.cancel(): canceling Wed Oct 10 02:31:13 UTC 2018
auto.tcl: Setting watchdog for 200 seconds at Wed Oct 10 02:31:13 UTC 2018
5 ms. Memory: 619520K Free: 595760K (96%)
ptolemy.util.test.WatchDog.cancel(): canceling Wed Oct 10 02:31:13 UTC 2018
------------------ testing $PTII/ptolemy/domains/de/test/auto/triggerType.xml
auto.tcl: Setting watchdog for 200 seconds at Wed Oct 10 02:31:13 UTC 2018
1 ms. Memory: 620544K Free: 596734K (96%)
ptolemy.util.test.WatchDog.cancel(): canceling Wed Oct 10 02:31:13 UTC 2018
auto.tcl: Setting watchdog for 200 seconds at Wed Oct 10 02:31:13 UTC 2018
2 ms. Memory: 620544K Free: 596734K (96%)
ptolemy.util.test.WatchDog.cancel(): canceling Wed Oct 10 02:31:13 UTC 2018
10/10/18 02:31:13
Failed: 0  Total Tests: 192  ((Passed: 187, Newly Passed: 1)  Known Failed: 5) /home/travis/build/icyphy/ptII/ptolemy/domains/de/test
10/10/18 02:31:13
Failed: 0  Total Tests: 192  ((Passed: 187, Newly Passed: 1)  Known Failed: 5) /home/travis/build/icyphy/ptII/ptolemy/domains/de/test
----------------- testing (KnownFailure) /home/travis/build/icyphy/ptII/ptolemy/domains/de/test/auto/knownFailedTests/DESDFClockTest.xml
2010 ms. Memory: 619520K Free: 585001K (94%)
Known Failure: java.lang.reflect.InvocationTargetException
----------------- testing (KnownFailure) /home/travis/build/icyphy/ptII/ptolemy/domains/de/test/auto/knownFailedTests/DirectFeedback.xml
2 ms. Memory: 619520K Free: 541921K (87%)
Known Failure: java.lang.reflect.InvocationTargetException
----------------- testing (KnownFailure) /home/travis/build/icyphy/ptII/ptolemy/domains/de/test/auto/knownFailedTests/FSMSource.xml
14 ms. Memory: 619520K Free: 498872K (81%)
----------------- testing (KnownFailure) /home/travis/build/icyphy/ptII/ptolemy/domains/de/test/auto/knownFailedTests/HierarchicalModel.xml
2 ms. Memory: 619520K Free: 466585K (75%)
Known Failure: java.lang.reflect.InvocationTargetException
----------------- testing (KnownFailure) /home/travis/build/icyphy/ptII/ptolemy/domains/de/test/auto/knownFailedTests/dependencyLoop.xml
2 ms. Memory: 619520K Free: 412758K (67%)
Known Failure: java.lang.reflect.InvocationTargetException
----------------- testing (KnownFailure) /home/travis/build/icyphy/ptII/ptolemy/domains/de/test/auto/knownFailedTests/dependencyLoop2.xml
3 ms. Memory: 619520K Free: 358946K (58%)
Known Failure: java.lang.reflect.InvocationTargetException
No auto/linux-amd64/*.xml tests in /home/travis/build/icyphy/ptII/ptolemy/domains/de/test
AutoTests.java: About to close Vertx.
AutoTests.java: Vertx closed.

===========================================================================================
----------------- testing Wed Oct 10 02:31:16 UTC 2018 /home/travis/build/icyphy/ptII/ptolemy/domains/de/test/auto/ActorDepthCalculation_actorWithoutPorts.xml
----------------- Instantiating /home/travis/build/icyphy/ptII/ptolemy/domains/de/test/auto/ActorDepthCalculation_actorWithoutPorts.xml
2 ms. Memory: 619520K Free: 305134K (49%)
----------------- Invoking toplevel() on ptolemy.moml.MoMLSimpleApplication@71ba1ac1
----------------- Done invoking toplevel() on ptolemy.moml.MoMLSimpleApplication@71ba1ac1
reloadAllAccessors: .ActorDepthCalculation_actorWithoutPorts

===========================================================================================
----------------- testing Wed Oct 10 02:31:16 UTC 2018 /home/travis/build/icyphy/ptII/ptolemy/domains/de/test/auto/AssemblyLine.xml
----------------- Instantiating /home/travis/build/icyphy/ptII/ptolemy/domains/de/test/auto/AssemblyLine.xml
2 ms. Memory: 619520K Free: 283609K (46%)
----------------- Invoking toplevel() on ptolemy.moml.MoMLSimpleApplication@3ad43b4f
----------------- Done invoking toplevel() on ptolemy.moml.MoMLSimpleApplication@3ad43b4f
reloadAllAccessors: .AssemblyLine

===========================================================================================
----------------- testing Wed Oct 10 02:31:16 UTC 2018 /home/travis/build/icyphy/ptII/ptolemy/domains/de/test/auto/CQBug1.xml
----------------- Instantiating /home/travis/build/icyphy/ptII/ptolemy/domains/de/test/auto/CQBug1.xml
1 ms. Memory: 619520K Free: 262085K (42%)
----------------- Invoking toplevel() on ptolemy.moml.MoMLSimpleApplication@7746685e
----------------- Done invoking toplevel() on ptolemy.moml.MoMLSimpleApplication@7746685e
reloadAllAccessors: .CQBug1

===========================================================================================
----------------- testing Wed Oct 10 02:31:16 UTC 2018 /home/travis/build/icyphy/ptII/ptolemy/domains/de/test/auto/CancelFireAt.xml
----------------- Instantiating /home/travis/build/icyphy/ptII/ptolemy/domains/de/test/auto/CancelFireAt.xml
2 ms. Memory: 619520K Free: 240560K (39%)
----------------- Invoking toplevel() on ptolemy.moml.MoMLSimpleApplication@3e8ff8ad
----------------- Done invoking toplevel() on ptolemy.moml.MoMLSimpleApplication@3e8ff8ad
reloadAllAccessors: .CancelFireAt

===========================================================================================
----------------- testing Wed Oct 10 02:31:16 UTC 2018 /home/travis/build/icyphy/ptII/ptolemy/domains/de/test/auto/CausalityAndComposabilityAnalysis.xml
----------------- Instantiating /home/travis/build/icyphy/ptII/ptolemy/domains/de/test/auto/CausalityAndComposabilityAnalysis.xml
1 ms. Memory: 619520K Free: 219036K (35%)
----------------- Invoking toplevel() on ptolemy.moml.MoMLSimpleApplication@6b503cba
----------------- Done invoking toplevel() on ptolemy.moml.MoMLSimpleApplication@6b503cba
reloadAllAccessors: .CausalityAndComposabilityAnalysis

===========================================================================================
----------------- testing Wed Oct 10 02:31:16 UTC 2018 /home/travis/build/icyphy/ptII/ptolemy/domains/de/test/auto/CausalityInterface1.xml
----------------- Instantiating /home/travis/build/icyphy/ptII/ptolemy/domains/de/test/auto/CausalityInterface1.xml
4 ms. Memory: 619520K Free: 197511K (32%)
----------------- Invoking toplevel() on ptolemy.moml.MoMLSimpleApplication@41af9256
----------------- Done invoking toplevel() on ptolemy.moml.MoMLSimpleApplication@41af9256
reloadAllAccessors: .CausalityInterface1

===========================================================================================
----------------- testing Wed Oct 10 02:31:16 UTC 2018 /home/travis/build/icyphy/ptII/ptolemy/domains/de/test/auto/CausalityInterface15.xml
----------------- Instantiating /home/travis/build/icyphy/ptII/ptolemy/domains/de/test/auto/CausalityInterface15.xml
1 ms. Memory: 619520K Free: 175987K (28%)
----------------- Invoking toplevel() on ptolemy.moml.MoMLSimpleApplication@6c5dbab1
----------------- Done invoking toplevel() on ptolemy.moml.MoMLSimpleApplication@6c5dbab1
reloadAllAccessors: .CausalityInterface15

===========================================================================================
----------------- testing Wed Oct 10 02:31:16 UTC 2018 /home/travis/build/icyphy/ptII/ptolemy/domains/de/test/auto/CausalityInterface2.xml
----------------- Instantiating /home/travis/build/icyphy/ptII/ptolemy/domains/de/test/auto/CausalityInterface2.xml
2 ms. Memory: 619520K Free: 154462K (25%)
----------------- Invoking toplevel() on ptolemy.moml.MoMLSimpleApplication@3329cee9
----------------- Done invoking toplevel() on ptolemy.moml.MoMLSimpleApplication@3329cee9
reloadAllAccessors: .CausalityInterface2

===========================================================================================
----------------- testing Wed Oct 10 02:31:16 UTC 2018 /home/travis/build/icyphy/ptII/ptolemy/domains/de/test/auto/CausalityInterface3.xml
----------------- Instantiating /home/travis/build/icyphy/ptII/ptolemy/domains/de/test/auto/CausalityInterface3.xml
1 ms. Memory: 619520K Free: 132938K (21%)
----------------- Invoking toplevel() on ptolemy.moml.MoMLSimpleApplication@4f1c6ba
----------------- Done invoking toplevel() on ptolemy.moml.MoMLSimpleApplication@4f1c6ba
reloadAllAccessors: .CausalityInterface3

===========================================================================================
----------------- testing Wed Oct 10 02:31:16 UTC 2018 /home/travis/build/icyphy/ptII/ptolemy/domains/de/test/auto/ClockDrift.xml
----------------- Instantiating /home/travis/build/icyphy/ptII/ptolemy/domains/de/test/auto/ClockDrift.xml
14 ms. Memory: 619520K Free: 111413K (18%)
----------------- Invoking toplevel() on ptolemy.moml.MoMLSimpleApplication@506b2f0a
----------------- Done invoking toplevel() on ptolemy.moml.MoMLSimpleApplication@506b2f0a
reloadAllAccessors: .ClockDrift

===========================================================================================
----------------- testing Wed Oct 10 02:31:16 UTC 2018 /home/travis/build/icyphy/ptII/ptolemy/domains/de/test/auto/ClockDriftAndValueChange.xml
----------------- Instantiating /home/travis/build/icyphy/ptII/ptolemy/domains/de/test/auto/ClockDriftAndValueChange.xml
12 ms. Memory: 619520K Free: 89889K (15%)
----------------- Invoking toplevel() on ptolemy.moml.MoMLSimpleApplication@3e6c22ee
----------------- Done invoking toplevel() on ptolemy.moml.MoMLSimpleApplication@3e6c22ee
reloadAllAccessors: .ClockDriftAndValueChange

===========================================================================================
----------------- testing Wed Oct 10 02:31:16 UTC 2018 /home/travis/build/icyphy/ptII/ptolemy/domains/de/test/auto/ClockDriftChange.xml
----------------- Instantiating /home/travis/build/icyphy/ptII/ptolemy/domains/de/test/auto/ClockDriftChange.xml
11 ms. Memory: 619520K Free: 76522K (12%)
----------------- Invoking toplevel() on ptolemy.moml.MoMLSimpleApplication@ebdc241
----------------- Done invoking toplevel() on ptolemy.moml.MoMLSimpleApplication@ebdc241
reloadAllAccessors: .ClockDriftChange

===========================================================================================
----------------- testing Wed Oct 10 02:31:16 UTC 2018 /home/travis/build/icyphy/ptII/ptolemy/domains/de/test/auto/ComposableCausalityAnalysis.xml
----------------- Instantiating /home/travis/build/icyphy/ptII/ptolemy/domains/de/test/auto/ComposableCausalityAnalysis.xml
1 ms. Memory: 595456K Free: 569752K (96%)
----------------- Invoking toplevel() on ptolemy.moml.MoMLSimpleApplication@1495c729
----------------- Done invoking toplevel() on ptolemy.moml.MoMLSimpleApplication@1495c729
reloadAllAccessors: .ComposableCausalityAnalysis

===========================================================================================
----------------- testing Wed Oct 10 02:31:16 UTC 2018 /home/travis/build/icyphy/ptII/ptolemy/domains/de/test/auto/DEFixedPointLimitation.xml
----------------- Instantiating /home/travis/build/icyphy/ptII/ptolemy/domains/de/test/auto/DEFixedPointLimitation.xml
1 ms. Memory: 595456K Free: 544206K (91%)
----------------- Invoking toplevel() on ptolemy.moml.MoMLSimpleApplication@5d0e7334
----------------- Done invoking toplevel() on ptolemy.moml.MoMLSimpleApplication@5d0e7334
reloadAllAccessors: .DEFixedPointLimitation

===========================================================================================
----------------- testing Wed Oct 10 02:31:16 UTC 2018 /home/travis/build/icyphy/ptII/ptolemy/domains/de/test/auto/DEScheduleTest.xml
----------------- Instantiating /home/travis/build/icyphy/ptII/ptolemy/domains/de/test/auto/DEScheduleTest.xml
2 ms. Memory: 595456K Free: 523685K (88%)
----------------- Invoking toplevel() on ptolemy.moml.MoMLSimpleApplication@14ef9348
----------------- Done invoking toplevel() on ptolemy.moml.MoMLSimpleApplication@14ef9348
reloadAllAccessors: .DEScheduleTest

===========================================================================================
----------------- testing Wed Oct 10 02:31:16 UTC 2018 /home/travis/build/icyphy/ptII/ptolemy/domains/de/test/auto/DEinDEwithStartTimes.xml
----------------- Instantiating /home/travis/build/icyphy/ptII/ptolemy/domains/de/test/auto/DEinDEwithStartTimes.xml
2 ms. Memory: 595456K Free: 503164K (85%)
----------------- Invoking toplevel() on ptolemy.moml.MoMLSimpleApplication@7f5dd31d
----------------- Done invoking toplevel() on ptolemy.moml.MoMLSimpleApplication@7f5dd31d
reloadAllAccessors: .DEinDEwithStartTimes

===========================================================================================
----------------- testing Wed Oct 10 02:31:16 UTC 2018 /home/travis/build/icyphy/ptII/ptolemy/domains/de/test/auto/DEinDEwithStartTimes2.xml
----------------- Instantiating /home/travis/build/icyphy/ptII/ptolemy/domains/de/test/auto/DEinDEwithStartTimes2.xml
2 ms. Memory: 595456K Free: 482643K (81%)
----------------- Invoking toplevel() on ptolemy.moml.MoMLSimpleApplication@12c98cbe
----------------- Done invoking toplevel() on ptolemy.moml.MoMLSimpleApplication@12c98cbe
reloadAllAccessors: .DEinDEwithStartTimes2

===========================================================================================
----------------- testing Wed Oct 10 02:31:16 UTC 2018 /home/travis/build/icyphy/ptII/ptolemy/domains/de/test/auto/DateDemo.xml
----------------- Instantiating /home/travis/build/icyphy/ptII/ptolemy/domains/de/test/auto/DateDemo.xml
4 ms. Memory: 595456K Free: 451843K (76%)
----------------- Invoking toplevel() on ptolemy.moml.MoMLSimpleApplication@30102334
----------------- Done invoking toplevel() on ptolemy.moml.MoMLSimpleApplication@30102334
reloadAllAccessors: .DateDemo

===========================================================================================
----------------- testing Wed Oct 10 02:31:16 UTC 2018 /home/travis/build/icyphy/ptII/ptolemy/domains/de/test/auto/DateToEvent.xml
----------------- Instantiating /home/travis/build/icyphy/ptII/ptolemy/domains/de/test/auto/DateToEvent.xml
2005 ms. Memory: 595456K Free: 421061K (71%)
----------------- Invoking toplevel() on ptolemy.moml.MoMLSimpleApplication@7f486166
----------------- Done invoking toplevel() on ptolemy.moml.MoMLSimpleApplication@7f486166
reloadAllAccessors: .DateToEvent

===========================================================================================
----------------- testing Wed Oct 10 02:31:18 UTC 2018 /home/travis/build/icyphy/ptII/ptolemy/domains/de/test/auto/DepthTest1.xml
----------------- Instantiating /home/travis/build/icyphy/ptII/ptolemy/domains/de/test/auto/DepthTest1.xml
0 ms. Memory: 595456K Free: 400540K (67%)
----------------- Invoking toplevel() on ptolemy.moml.MoMLSimpleApplication@410b7c5
----------------- Done invoking toplevel() on ptolemy.moml.MoMLSimpleApplication@410b7c5
reloadAllAccessors: .DepthTest1

===========================================================================================
----------------- testing Wed Oct 10 02:31:18 UTC 2018 /home/travis/build/icyphy/ptII/ptolemy/domains/de/test/auto/DepthTest2.xml
----------------- Instantiating /home/travis/build/icyphy/ptII/ptolemy/domains/de/test/auto/DepthTest2.xml
1 ms. Memory: 595456K Free: 380019K (64%)
----------------- Invoking toplevel() on ptolemy.moml.MoMLSimpleApplication@6fb6c721
----------------- Done invoking toplevel() on ptolemy.moml.MoMLSimpleApplication@6fb6c721
reloadAllAccessors: .DepthTest2

===========================================================================================
----------------- testing Wed Oct 10 02:31:18 UTC 2018 /home/travis/build/icyphy/ptII/ptolemy/domains/de/test/auto/DepthTest3.xml
----------------- Instantiating /home/travis/build/icyphy/ptII/ptolemy/domains/de/test/auto/DepthTest3.xml
1 ms. Memory: 595456K Free: 359498K (60%)
----------------- Invoking toplevel() on ptolemy.moml.MoMLSimpleApplication@12dd9705
----------------- Done invoking toplevel() on ptolemy.moml.MoMLSimpleApplication@12dd9705
reloadAllAccessors: .DepthTest3

===========================================================================================
----------------- testing Wed Oct 10 02:31:18 UTC 2018 /home/travis/build/icyphy/ptII/ptolemy/domains/de/test/auto/DepthTest4.xml
----------------- Instantiating /home/travis/build/icyphy/ptII/ptolemy/domains/de/test/auto/DepthTest4.xml
2 ms. Memory: 595456K Free: 338977K (57%)
----------------- Invoking toplevel() on ptolemy.moml.MoMLSimpleApplication@3ec8dc66
----------------- Done invoking toplevel() on ptolemy.moml.MoMLSimpleApplication@3ec8dc66
reloadAllAccessors: .DepthTest4

===========================================================================================
----------------- testing Wed Oct 10 02:31:18 UTC 2018 /home/travis/build/icyphy/ptII/ptolemy/domains/de/test/auto/DepthTest5.xml
----------------- Instantiating /home/travis/build/icyphy/ptII/ptolemy/domains/de/test/auto/DepthTest5.xml
1 ms. Memory: 595456K Free: 313431K (53%)
----------------- Invoking toplevel() on ptolemy.moml.MoMLSimpleApplication@78192767
----------------- Done invoking toplevel() on ptolemy.moml.MoMLSimpleApplication@78192767
reloadAllAccessors: .DepthTest5

===========================================================================================
----------------- testing Wed Oct 10 02:31:18 UTC 2018 /home/travis/build/icyphy/ptII/ptolemy/domains/de/test/auto/DepthTest6.xml
----------------- Instantiating /home/travis/build/icyphy/ptII/ptolemy/domains/de/test/auto/DepthTest6.xml
1 ms. Memory: 595456K Free: 292910K (49%)
----------------- Invoking toplevel() on ptolemy.moml.MoMLSimpleApplication@10ea013a
----------------- Done invoking toplevel() on ptolemy.moml.MoMLSimpleApplication@10ea013a
reloadAllAccessors: .DepthTest6

===========================================================================================
----------------- testing Wed Oct 10 02:31:18 UTC 2018 /home/travis/build/icyphy/ptII/ptolemy/domains/de/test/auto/DepthTest7.xml
----------------- Instantiating /home/travis/build/icyphy/ptII/ptolemy/domains/de/test/auto/DepthTest7.xml
1 ms. Memory: 595456K Free: 272389K (46%)
----------------- Invoking toplevel() on ptolemy.moml.MoMLSimpleApplication@2cd7c378
----------------- Done invoking toplevel() on ptolemy.moml.MoMLSimpleApplication@2cd7c378
reloadAllAccessors: .DepthTest7

===========================================================================================
----------------- testing Wed Oct 10 02:31:18 UTC 2018 /home/travis/build/icyphy/ptII/ptolemy/domains/de/test/auto/EventToDate.xml
----------------- Instantiating /home/travis/build/icyphy/ptII/ptolemy/domains/de/test/auto/EventToDate.xml
3003 ms. Memory: 595456K Free: 241592K (41%)
----------------- Invoking toplevel() on ptolemy.moml.MoMLSimpleApplication@15a7fc6b
----------------- Done invoking toplevel() on ptolemy.moml.MoMLSimpleApplication@15a7fc6b
reloadAllAccessors: .EventToDate

===========================================================================================
----------------- testing Wed Oct 10 02:31:21 UTC 2018 /home/travis/build/icyphy/ptII/ptolemy/domains/de/test/auto/FSM1.xml
----------------- Instantiating /home/travis/build/icyphy/ptII/ptolemy/domains/de/test/auto/FSM1.xml
11 ms. Memory: 595456K Free: 221071K (37%)
----------------- Invoking toplevel() on ptolemy.moml.MoMLSimpleApplication@773ede35
----------------- Done invoking toplevel() on ptolemy.moml.MoMLSimpleApplication@773ede35
reloadAllAccessors: .FSM1

===========================================================================================
----------------- testing Wed Oct 10 02:31:21 UTC 2018 /home/travis/build/icyphy/ptII/ptolemy/domains/de/test/auto/FSM7.xml
----------------- Instantiating /home/travis/build/icyphy/ptII/ptolemy/domains/de/test/auto/FSM7.xml
17 ms. Memory: 595456K Free: 200550K (34%)
----------------- Invoking toplevel() on ptolemy.moml.MoMLSimpleApplication@4567e578
----------------- Done invoking toplevel() on ptolemy.moml.MoMLSimpleApplication@4567e578
reloadAllAccessors: .FSM7

===========================================================================================
----------------- testing Wed Oct 10 02:31:21 UTC 2018 /home/travis/build/icyphy/ptII/ptolemy/domains/de/test/auto/Inspection.xml
----------------- Instantiating /home/travis/build/icyphy/ptII/ptolemy/domains/de/test/auto/Inspection.xml
19 ms. Memory: 595456K Free: 169752K (29%)
----------------- Invoking toplevel() on ptolemy.moml.MoMLSimpleApplication@79516224
----------------- Done invoking toplevel() on ptolemy.moml.MoMLSimpleApplication@79516224
reloadAllAccessors: .Inspection

===========================================================================================
----------------- testing Wed Oct 10 02:31:21 UTC 2018 /home/travis/build/icyphy/ptII/ptolemy/domains/de/test/auto/Iteration.xml
----------------- Instantiating /home/travis/build/icyphy/ptII/ptolemy/domains/de/test/auto/Iteration.xml
11 ms. Memory: 595456K Free: 149231K (25%)
----------------- Invoking toplevel() on ptolemy.moml.MoMLSimpleApplication@5b8bd5ec
----------------- Done invoking toplevel() on ptolemy.moml.MoMLSimpleApplication@5b8bd5ec
reloadAllAccessors: .Iteration

===========================================================================================
----------------- testing Wed Oct 10 02:31:21 UTC 2018 /home/travis/build/icyphy/ptII/ptolemy/domains/de/test/auto/LineFault.xml
----------------- Instantiating /home/travis/build/icyphy/ptII/ptolemy/domains/de/test/auto/LineFault.xml
490 ms. Memory: 571392K Free: 510619K (89%)
----------------- Invoking toplevel() on ptolemy.moml.MoMLSimpleApplication@75721896
----------------- Done invoking toplevel() on ptolemy.moml.MoMLSimpleApplication@75721896
reloadAllAccessors: .LineFault

===========================================================================================
----------------- testing Wed Oct 10 02:31:22 UTC 2018 /home/travis/build/icyphy/ptII/ptolemy/domains/de/test/auto/MergeModel1Add.xml
----------------- Instantiating /home/travis/build/icyphy/ptII/ptolemy/domains/de/test/auto/MergeModel1Add.xml
6 ms. Memory: 571392K Free: 477479K (84%)
----------------- Invoking toplevel() on ptolemy.moml.MoMLSimpleApplication@368730cd
----------------- Done invoking toplevel() on ptolemy.moml.MoMLSimpleApplication@368730cd
reloadAllAccessors: .MergeModel1Add

===========================================================================================
----------------- testing Wed Oct 10 02:31:22 UTC 2018 /home/travis/build/icyphy/ptII/ptolemy/domains/de/test/auto/MergeModel2Add.xml
----------------- Instantiating /home/travis/build/icyphy/ptII/ptolemy/domains/de/test/auto/MergeModel2Add.xml
6 ms. Memory: 571392K Free: 452999K (79%)
----------------- Invoking toplevel() on ptolemy.moml.MoMLSimpleApplication@3a5eec4
----------------- Done invoking toplevel() on ptolemy.moml.MoMLSimpleApplication@3a5eec4
reloadAllAccessors: .MergeModel2Add

===========================================================================================
----------------- testing Wed Oct 10 02:31:22 UTC 2018 /home/travis/build/icyphy/ptII/ptolemy/domains/de/test/auto/MergeModel3Add.xml
----------------- Instantiating /home/travis/build/icyphy/ptII/ptolemy/domains/de/test/auto/MergeModel3Add.xml
3 ms. Memory: 571392K Free: 428507K (75%)
----------------- Invoking toplevel() on ptolemy.moml.MoMLSimpleApplication@5065afd4
----------------- Done invoking toplevel() on ptolemy.moml.MoMLSimpleApplication@5065afd4
reloadAllAccessors: .MergeModel3Add

===========================================================================================
----------------- testing Wed Oct 10 02:31:22 UTC 2018 /home/travis/build/icyphy/ptII/ptolemy/domains/de/test/auto/MergeWithoutDiscard.xml
----------------- Instantiating /home/travis/build/icyphy/ptII/ptolemy/domains/de/test/auto/MergeWithoutDiscard.xml
1 ms. Memory: 571392K Free: 418728K (73%)
----------------- Invoking toplevel() on ptolemy.moml.MoMLSimpleApplication@475bb6d2
----------------- Done invoking toplevel() on ptolemy.moml.MoMLSimpleApplication@475bb6d2
reloadAllAccessors: .MergeWithoutDiscard

===========================================================================================
----------------- testing Wed Oct 10 02:31:22 UTC 2018 /home/travis/build/icyphy/ptII/ptolemy/domains/de/test/auto/Modal1.xml
----------------- Instantiating /home/travis/build/icyphy/ptII/ptolemy/domains/de/test/auto/Modal1.xml
7 ms. Memory: 571392K Free: 399138K (70%)
----------------- Invoking toplevel() on ptolemy.moml.MoMLSimpleApplication@1c283e32
----------------- Done invoking toplevel() on ptolemy.moml.MoMLSimpleApplication@1c283e32
reloadAllAccessors: .Modal1

===========================================================================================
----------------- testing Wed Oct 10 02:31:22 UTC 2018 /home/travis/build/icyphy/ptII/ptolemy/domains/de/test/auto/Modal2.xml
----------------- Instantiating /home/travis/build/icyphy/ptII/ptolemy/domains/de/test/auto/Modal2.xml
8 ms. Memory: 571392K Free: 379547K (66%)
----------------- Invoking toplevel() on ptolemy.moml.MoMLSimpleApplication@5ff11a56
----------------- Done invoking toplevel() on ptolemy.moml.MoMLSimpleApplication@5ff11a56
reloadAllAccessors: .Modal2

===========================================================================================
----------------- testing Wed Oct 10 02:31:22 UTC 2018 /home/travis/build/icyphy/ptII/ptolemy/domains/de/test/auto/Modal3.xml
----------------- Instantiating /home/travis/build/icyphy/ptII/ptolemy/domains/de/test/auto/Modal3.xml
7 ms. Memory: 571392K Free: 356781K (62%)
----------------- Invoking toplevel() on ptolemy.moml.MoMLSimpleApplication@19fec139
----------------- Done invoking toplevel() on ptolemy.moml.MoMLSimpleApplication@19fec139
reloadAllAccessors: .Modal3

===========================================================================================
----------------- testing Wed Oct 10 02:31:22 UTC 2018 /home/travis/build/icyphy/ptII/ptolemy/domains/de/test/auto/Modal4.xml
----------------- Instantiating /home/travis/build/icyphy/ptII/ptolemy/domains/de/test/auto/Modal4.xml
8 ms. Memory: 571392K Free: 337190K (59%)
----------------- Invoking toplevel() on ptolemy.moml.MoMLSimpleApplication@57da2ebd
----------------- Done invoking toplevel() on ptolemy.moml.MoMLSimpleApplication@57da2ebd
reloadAllAccessors: .Modal4

===========================================================================================
----------------- testing Wed Oct 10 02:31:22 UTC 2018 /home/travis/build/icyphy/ptII/ptolemy/domains/de/test/auto/Modal5.xml
----------------- Instantiating /home/travis/build/icyphy/ptII/ptolemy/domains/de/test/auto/Modal5.xml
6 ms. Memory: 571392K Free: 317616K (56%)
----------------- Invoking toplevel() on ptolemy.moml.MoMLSimpleApplication@466fb406
----------------- Done invoking toplevel() on ptolemy.moml.MoMLSimpleApplication@466fb406
reloadAllAccessors: .Modal5

===========================================================================================
----------------- testing Wed Oct 10 02:31:22 UTC 2018 /home/travis/build/icyphy/ptII/ptolemy/domains/de/test/auto/Modal6.xml
----------------- Instantiating /home/travis/build/icyphy/ptII/ptolemy/domains/de/test/auto/Modal6.xml
6 ms. Memory: 571392K Free: 302931K (53%)
----------------- Invoking toplevel() on ptolemy.moml.MoMLSimpleApplication@4a91e0ea
----------------- Done invoking toplevel() on ptolemy.moml.MoMLSimpleApplication@4a91e0ea
reloadAllAccessors: .Modal6

===========================================================================================
----------------- testing Wed Oct 10 02:31:22 UTC 2018 /home/travis/build/icyphy/ptII/ptolemy/domains/de/test/auto/Modal7.xml
----------------- Instantiating /home/travis/build/icyphy/ptII/ptolemy/domains/de/test/auto/Modal7.xml
5 ms. Memory: 571392K Free: 283356K (50%)
----------------- Invoking toplevel() on ptolemy.moml.MoMLSimpleApplication@6c1a9f5
----------------- Done invoking toplevel() on ptolemy.moml.MoMLSimpleApplication@6c1a9f5
reloadAllAccessors: .Modal7

===========================================================================================
----------------- testing Wed Oct 10 02:31:22 UTC 2018 /home/travis/build/icyphy/ptII/ptolemy/domains/de/test/auto/ModalModel.xml
----------------- Instantiating /home/travis/build/icyphy/ptII/ptolemy/domains/de/test/auto/ModalModel.xml
86 ms. Memory: 571392K Free: 209932K (37%)
----------------- Invoking toplevel() on ptolemy.moml.MoMLSimpleApplication@1043df07
----------------- Done invoking toplevel() on ptolemy.moml.MoMLSimpleApplication@1043df07
reloadAllAccessors: .ModalModel

===========================================================================================
----------------- testing Wed Oct 10 02:31:22 UTC 2018 /home/travis/build/icyphy/ptII/ptolemy/domains/de/test/auto/ModalSource.xml
----------------- Instantiating /home/travis/build/icyphy/ptII/ptolemy/domains/de/test/auto/ModalSource.xml
3 ms. Memory: 571392K Free: 195247K (34%)
----------------- Invoking toplevel() on ptolemy.moml.MoMLSimpleApplication@794aef69
----------------- Done invoking toplevel() on ptolemy.moml.MoMLSimpleApplication@794aef69
reloadAllAccessors: .ModalSource

===========================================================================================
----------------- testing Wed Oct 10 02:31:22 UTC 2018 /home/travis/build/icyphy/ptII/ptolemy/domains/de/test/auto/NonInterruptibleTimerZeroDelay.xml
----------------- Instantiating /home/travis/build/icyphy/ptII/ptolemy/domains/de/test/auto/NonInterruptibleTimerZeroDelay.xml
1 ms. Memory: 571392K Free: 182276K (32%)
----------------- Invoking toplevel() on ptolemy.moml.MoMLSimpleApplication@5c0f2e7f
----------------- Done invoking toplevel() on ptolemy.moml.MoMLSimpleApplication@5c0f2e7f
reloadAllAccessors: .NonInterruptibleTimerZeroDelay

===========================================================================================
----------------- testing Wed Oct 10 02:31:22 UTC 2018 /home/travis/build/icyphy/ptII/ptolemy/domains/de/test/auto/OpenQueueingNetwork.xml
----------------- Instantiating /home/travis/build/icyphy/ptII/ptolemy/domains/de/test/auto/OpenQueueingNetwork.xml
2310 ms. Memory: 526336K Free: 502265K (95%)
----------------- Invoking toplevel() on ptolemy.moml.MoMLSimpleApplication@6c9f1a77
----------------- Done invoking toplevel() on ptolemy.moml.MoMLSimpleApplication@6c9f1a77
reloadAllAccessors: .OpenQueueingNetwork

===========================================================================================
----------------- testing Wed Oct 10 02:31:25 UTC 2018 /home/travis/build/icyphy/ptII/ptolemy/domains/de/test/auto/OpenQueuingNetwork.xml
----------------- Instantiating /home/travis/build/icyphy/ptII/ptolemy/domains/de/test/auto/OpenQueuingNetwork.xml
260 ms. Memory: 526336K Free: 404276K (77%)
----------------- Invoking toplevel() on ptolemy.moml.MoMLSimpleApplication@17e664f0
----------------- Done invoking toplevel() on ptolemy.moml.MoMLSimpleApplication@17e664f0
reloadAllAccessors: .OpenQueuingNetwork

===========================================================================================
----------------- testing Wed Oct 10 02:31:25 UTC 2018 /home/travis/build/icyphy/ptII/ptolemy/domains/de/test/auto/PeriodicSampler.xml
----------------- Instantiating /home/travis/build/icyphy/ptII/ptolemy/domains/de/test/auto/PeriodicSampler.xml
1 ms. Memory: 526336K Free: 395377K (75%)
----------------- Invoking toplevel() on ptolemy.moml.MoMLSimpleApplication@73e19d03
----------------- Done invoking toplevel() on ptolemy.moml.MoMLSimpleApplication@73e19d03
reloadAllAccessors: .PeriodicSampler

===========================================================================================
----------------- testing Wed Oct 10 02:31:25 UTC 2018 /home/travis/build/icyphy/ptII/ptolemy/domains/de/test/auto/PersistentIO.xml
----------------- Instantiating /home/travis/build/icyphy/ptII/ptolemy/domains/de/test/auto/PersistentIO.xml
4 ms. Memory: 526336K Free: 382029K (73%)
----------------- Invoking toplevel() on ptolemy.moml.MoMLSimpleApplication@2c6d5b24
----------------- Done invoking toplevel() on ptolemy.moml.MoMLSimpleApplication@2c6d5b24
reloadAllAccessors: .PersistentIO

===========================================================================================
----------------- testing Wed Oct 10 02:31:25 UTC 2018 /home/travis/build/icyphy/ptII/ptolemy/domains/de/test/auto/PortParameterResetOnInitialize.xml
----------------- Instantiating /home/travis/build/icyphy/ptII/ptolemy/domains/de/test/auto/PortParameterResetOnInitialize.xml
1 ms. Memory: 526336K Free: 371178K (71%)
----------------- Invoking toplevel() on ptolemy.moml.MoMLSimpleApplication@3b90dc4d
----------------- Done invoking toplevel() on ptolemy.moml.MoMLSimpleApplication@3b90dc4d
reloadAllAccessors: .PortParameterResetOnInitialize

===========================================================================================
----------------- testing Wed Oct 10 02:31:25 UTC 2018 /home/travis/build/icyphy/ptII/ptolemy/domains/de/test/auto/PortParameterUpdates.xml
----------------- Instantiating /home/travis/build/icyphy/ptII/ptolemy/domains/de/test/auto/PortParameterUpdates.xml
3 ms. Memory: 526336K Free: 357814K (68%)
----------------- Invoking toplevel() on ptolemy.moml.MoMLSimpleApplication@5061cd3b
----------------- Done invoking toplevel() on ptolemy.moml.MoMLSimpleApplication@5061cd3b
reloadAllAccessors: .PortParameterUpdates

===========================================================================================
----------------- testing Wed Oct 10 02:31:25 UTC 2018 /home/travis/build/icyphy/ptII/ptolemy/domains/de/test/auto/QueueAndServer.xml
----------------- Instantiating /home/travis/build/icyphy/ptII/ptolemy/domains/de/test/auto/QueueAndServer.xml
5 ms. Memory: 526336K Free: 344451K (65%)
----------------- Invoking toplevel() on ptolemy.moml.MoMLSimpleApplication@679f2035
----------------- Done invoking toplevel() on ptolemy.moml.MoMLSimpleApplication@679f2035
reloadAllAccessors: .QueueAndServer

===========================================================================================
----------------- testing Wed Oct 10 02:31:25 UTC 2018 /home/travis/build/icyphy/ptII/ptolemy/domains/de/test/auto/Records.xml
----------------- Instantiating /home/travis/build/icyphy/ptII/ptolemy/domains/de/test/auto/Records.xml
3 ms. Memory: 526336K Free: 331087K (63%)
----------------- Invoking toplevel() on ptolemy.moml.MoMLSimpleApplication@1ca50f07
----------------- Done invoking toplevel() on ptolemy.moml.MoMLSimpleApplication@1ca50f07
reloadAllAccessors: .Records

===========================================================================================
----------------- testing Wed Oct 10 02:31:25 UTC 2018 /home/travis/build/icyphy/ptII/ptolemy/domains/de/test/auto/ResetTransitionWithStartTime1.xml
----------------- Instantiating /home/travis/build/icyphy/ptII/ptolemy/domains/de/test/auto/ResetTransitionWithStartTime1.xml
5 ms. Memory: 526336K Free: 315770K (60%)
----------------- Invoking toplevel() on ptolemy.moml.MoMLSimpleApplication@2492cefb
----------------- Done invoking toplevel() on ptolemy.moml.MoMLSimpleApplication@2492cefb
reloadAllAccessors: .ResetTransitionWithStartTime1

===========================================================================================
----------------- testing Wed Oct 10 02:31:25 UTC 2018 /home/travis/build/icyphy/ptII/ptolemy/domains/de/test/auto/ResetTransitionWithStartTime2.xml
----------------- Instantiating /home/travis/build/icyphy/ptII/ptolemy/domains/de/test/auto/ResetTransitionWithStartTime2.xml
8 ms. Memory: 526336K Free: 302414K (57%)
----------------- Invoking toplevel() on ptolemy.moml.MoMLSimpleApplication@3ea4a676
----------------- Done invoking toplevel() on ptolemy.moml.MoMLSimpleApplication@3ea4a676
reloadAllAccessors: .ResetTransitionWithStartTime2

===========================================================================================
----------------- testing Wed Oct 10 02:31:25 UTC 2018 /home/travis/build/icyphy/ptII/ptolemy/domains/de/test/auto/ResetTransitionWithStartTime3.xml
----------------- Instantiating /home/travis/build/icyphy/ptII/ptolemy/domains/de/test/auto/ResetTransitionWithStartTime3.xml
4 ms. Memory: 526336K Free: 289050K (55%)
----------------- Invoking toplevel() on ptolemy.moml.MoMLSimpleApplication@2f9d15ea
----------------- Done invoking toplevel() on ptolemy.moml.MoMLSimpleApplication@2f9d15ea
reloadAllAccessors: .ResetTransitionWithStartTime3

===========================================================================================
----------------- testing Wed Oct 10 02:31:25 UTC 2018 /home/travis/build/icyphy/ptII/ptolemy/domains/de/test/auto/ResetTransitionWithStartTime4.xml
----------------- Instantiating /home/travis/build/icyphy/ptII/ptolemy/domains/de/test/auto/ResetTransitionWithStartTime4.xml
3 ms. Memory: 526336K Free: 275686K (52%)
----------------- Invoking toplevel() on ptolemy.moml.MoMLSimpleApplication@6a13ff12
----------------- Done invoking toplevel() on ptolemy.moml.MoMLSimpleApplication@6a13ff12
reloadAllAccessors: .ResetTransitionWithStartTime4

===========================================================================================
----------------- testing Wed Oct 10 02:31:25 UTC 2018 /home/travis/build/icyphy/ptII/ptolemy/domains/de/test/auto/ResettableTimer1.xml
----------------- Instantiating /home/travis/build/icyphy/ptII/ptolemy/domains/de/test/auto/ResettableTimer1.xml
2 ms. Memory: 526336K Free: 264834K (50%)
----------------- Invoking toplevel() on ptolemy.moml.MoMLSimpleApplication@d40d09
----------------- Done invoking toplevel() on ptolemy.moml.MoMLSimpleApplication@d40d09
reloadAllAccessors: .ResettableTimer1

===========================================================================================
----------------- testing Wed Oct 10 02:31:25 UTC 2018 /home/travis/build/icyphy/ptII/ptolemy/domains/de/test/auto/ResettableTimer2.xml
----------------- Instantiating /home/travis/build/icyphy/ptII/ptolemy/domains/de/test/auto/ResettableTimer2.xml
2 ms. Memory: 526336K Free: 255936K (49%)
----------------- Invoking toplevel() on ptolemy.moml.MoMLSimpleApplication@3a908e7d
----------------- Done invoking toplevel() on ptolemy.moml.MoMLSimpleApplication@3a908e7d
reloadAllAccessors: .ResettableTimer2

===========================================================================================
----------------- testing Wed Oct 10 02:31:25 UTC 2018 /home/travis/build/icyphy/ptII/ptolemy/domains/de/test/auto/ResettableTimer3.xml
----------------- Instantiating /home/travis/build/icyphy/ptII/ptolemy/domains/de/test/auto/ResettableTimer3.xml
2 ms. Memory: 526336K Free: 247037K (47%)
----------------- Invoking toplevel() on ptolemy.moml.MoMLSimpleApplication@26648d54
----------------- Done invoking toplevel() on ptolemy.moml.MoMLSimpleApplication@26648d54
reloadAllAccessors: .ResettableTimer3

===========================================================================================
----------------- testing Wed Oct 10 02:31:25 UTC 2018 /home/travis/build/icyphy/ptII/ptolemy/domains/de/test/auto/ResettableTimer4.xml
----------------- Instantiating /home/travis/build/icyphy/ptII/ptolemy/domains/de/test/auto/ResettableTimer4.xml
1 ms. Memory: 526336K Free: 238138K (45%)
----------------- Invoking toplevel() on ptolemy.moml.MoMLSimpleApplication@2273b71
----------------- Done invoking toplevel() on ptolemy.moml.MoMLSimpleApplication@2273b71
reloadAllAccessors: .ResettableTimer4

===========================================================================================
----------------- testing Wed Oct 10 02:31:25 UTC 2018 /home/travis/build/icyphy/ptII/ptolemy/domains/de/test/auto/ResettableTimer5.xml
----------------- Instantiating /home/travis/build/icyphy/ptII/ptolemy/domains/de/test/auto/ResettableTimer5.xml
1 ms. Memory: 526336K Free: 227287K (43%)
----------------- Invoking toplevel() on ptolemy.moml.MoMLSimpleApplication@300178f4
----------------- Done invoking toplevel() on ptolemy.moml.MoMLSimpleApplication@300178f4
reloadAllAccessors: .ResettableTimer5

===========================================================================================
----------------- testing Wed Oct 10 02:31:25 UTC 2018 /home/travis/build/icyphy/ptII/ptolemy/domains/de/test/auto/ResettableTimer6.xml
----------------- Instantiating /home/travis/build/icyphy/ptII/ptolemy/domains/de/test/auto/ResettableTimer6.xml
4 ms. Memory: 526336K Free: 218388K (41%)
----------------- Invoking toplevel() on ptolemy.moml.MoMLSimpleApplication@c3bb198
----------------- Done invoking toplevel() on ptolemy.moml.MoMLSimpleApplication@c3bb198
reloadAllAccessors: .ResettableTimer6

===========================================================================================
----------------- testing Wed Oct 10 02:31:25 UTC 2018 /home/travis/build/icyphy/ptII/ptolemy/domains/de/test/auto/ServerZeroDelay.xml
----------------- Instantiating /home/travis/build/icyphy/ptII/ptolemy/domains/de/test/auto/ServerZeroDelay.xml
2 ms. Memory: 526336K Free: 209490K (40%)
----------------- Invoking toplevel() on ptolemy.moml.MoMLSimpleApplication@60919dba
----------------- Done invoking toplevel() on ptolemy.moml.MoMLSimpleApplication@60919dba
reloadAllAccessors: .ServerZeroDelay

===========================================================================================
----------------- testing Wed Oct 10 02:31:25 UTC 2018 /home/travis/build/icyphy/ptII/ptolemy/domains/de/test/auto/SmartSender.xml
----------------- Instantiating /home/travis/build/icyphy/ptII/ptolemy/domains/de/test/auto/SmartSender.xml
3000 ms. Memory: 526336K Free: 200591K (38%)
----------------- Invoking toplevel() on ptolemy.moml.MoMLSimpleApplication@398baaef
----------------- Done invoking toplevel() on ptolemy.moml.MoMLSimpleApplication@398baaef
reloadAllAccessors: .SmartSender

===========================================================================================
----------------- testing Wed Oct 10 02:31:28 UTC 2018 /home/travis/build/icyphy/ptII/ptolemy/domains/de/test/auto/ThreadedComposite.xml
----------------- Instantiating /home/travis/build/icyphy/ptII/ptolemy/domains/de/test/auto/ThreadedComposite.xml
210 ms. Memory: 526336K Free: 163019K (31%)
----------------- Invoking toplevel() on ptolemy.moml.MoMLSimpleApplication@5288ef02
----------------- Done invoking toplevel() on ptolemy.moml.MoMLSimpleApplication@5288ef02
reloadAllAccessors: .ThreadedComposite

===========================================================================================
----------------- testing Wed Oct 10 02:31:29 UTC 2018 /home/travis/build/icyphy/ptII/ptolemy/domains/de/test/auto/Time.xml
----------------- Instantiating /home/travis/build/icyphy/ptII/ptolemy/domains/de/test/auto/Time.xml
492 ms. Memory: 526336K Free: 105178K (20%)
----------------- Invoking toplevel() on ptolemy.moml.MoMLSimpleApplication@5025ca1a
----------------- Done invoking toplevel() on ptolemy.moml.MoMLSimpleApplication@5025ca1a
reloadAllAccessors: .Time

===========================================================================================
----------------- testing Wed Oct 10 02:31:29 UTC 2018 /home/travis/build/icyphy/ptII/ptolemy/domains/de/test/auto/TimeDelayZeroDelay.xml
----------------- Instantiating /home/travis/build/icyphy/ptII/ptolemy/domains/de/test/auto/TimeDelayZeroDelay.xml
3 ms. Memory: 526336K Free: 96280K (18%)
----------------- Invoking toplevel() on ptolemy.moml.MoMLSimpleApplication@2d899dd0
----------------- Done invoking toplevel() on ptolemy.moml.MoMLSimpleApplication@2d899dd0
reloadAllAccessors: .TimeDelayZeroDelay

===========================================================================================
----------------- testing Wed Oct 10 02:31:29 UTC 2018 /home/travis/build/icyphy/ptII/ptolemy/domains/de/test/auto/TimerZeroDelay.xml
----------------- Instantiating /home/travis/build/icyphy/ptII/ptolemy/domains/de/test/auto/TimerZeroDelay.xml
2 ms. Memory: 526336K Free: 85428K (16%)
----------------- Invoking toplevel() on ptolemy.moml.MoMLSimpleApplication@2a4cf08
----------------- Done invoking toplevel() on ptolemy.moml.MoMLSimpleApplication@2a4cf08
reloadAllAccessors: .TimerZeroDelay

===========================================================================================
----------------- testing Wed Oct 10 02:31:29 UTC 2018 /home/travis/build/icyphy/ptII/ptolemy/domains/de/test/auto/TimingParadox.xml
----------------- Instantiating /home/travis/build/icyphy/ptII/ptolemy/domains/de/test/auto/TimingParadox.xml
318 ms. Memory: 508416K Free: 439724K (86%)
----------------- Invoking toplevel() on ptolemy.moml.MoMLSimpleApplication@61a682b1
----------------- Done invoking toplevel() on ptolemy.moml.MoMLSimpleApplication@61a682b1
reloadAllAccessors: .TimingParadox

===========================================================================================
----------------- testing Wed Oct 10 02:31:30 UTC 2018 /home/travis/build/icyphy/ptII/ptolemy/domains/de/test/auto/TransferInputs.xml
----------------- Instantiating /home/travis/build/icyphy/ptII/ptolemy/domains/de/test/auto/TransferInputs.xml
2 ms. Memory: 508416K Free: 429945K (85%)
----------------- Invoking toplevel() on ptolemy.moml.MoMLSimpleApplication@11f935dc
----------------- Done invoking toplevel() on ptolemy.moml.MoMLSimpleApplication@11f935dc
reloadAllAccessors: .TransferInputs

===========================================================================================
----------------- testing Wed Oct 10 02:31:30 UTC 2018 /home/travis/build/icyphy/ptII/ptolemy/domains/de/test/auto/TransferOutputs2.xml
----------------- Instantiating /home/travis/build/icyphy/ptII/ptolemy/domains/de/test/auto/TransferOutputs2.xml
3 ms. Memory: 508416K Free: 417196K (82%)
----------------- Invoking toplevel() on ptolemy.moml.MoMLSimpleApplication@3b0b60cf
----------------- Done invoking toplevel() on ptolemy.moml.MoMLSimpleApplication@3b0b60cf
reloadAllAccessors: .TransferOutputs2

===========================================================================================
----------------- testing Wed Oct 10 02:31:30 UTC 2018 /home/travis/build/icyphy/ptII/ptolemy/domains/de/test/auto/Trilateration.xml
----------------- Instantiating /home/travis/build/icyphy/ptII/ptolemy/domains/de/test/auto/Trilateration.xml
11376 ms. Memory: 841728K Free: 474180K (56%)
----------------- Invoking toplevel() on ptolemy.moml.MoMLSimpleApplication@2796882d
----------------- Done invoking toplevel() on ptolemy.moml.MoMLSimpleApplication@2796882d
reloadAllAccessors: .Trilateration

===========================================================================================
----------------- testing Wed Oct 10 02:31:42 UTC 2018 /home/travis/build/icyphy/ptII/ptolemy/domains/de/test/auto/TwoSigmaDelta.xml
----------------- Instantiating /home/travis/build/icyphy/ptII/ptolemy/domains/de/test/auto/TwoSigmaDelta.xml
2248 ms. Memory: 841728K Free: 179193K (21%)
----------------- Invoking toplevel() on ptolemy.moml.MoMLSimpleApplication@59231566
----------------- Done invoking toplevel() on ptolemy.moml.MoMLSimpleApplication@59231566
reloadAllAccessors: .TwoSigmaDelta

===========================================================================================
----------------- testing Wed Oct 10 02:31:44 UTC 2018 /home/travis/build/icyphy/ptII/ptolemy/domains/de/test/auto/VariableDelay.xml
----------------- Instantiating /home/travis/build/icyphy/ptII/ptolemy/domains/de/test/auto/VariableDelay.xml
2 ms. Memory: 841728K Free: 164099K (19%)
----------------- Invoking toplevel() on ptolemy.moml.MoMLSimpleApplication@427ac512
----------------- Done invoking toplevel() on ptolemy.moml.MoMLSimpleApplication@427ac512
reloadAllAccessors: .VariableDelay

===========================================================================================
----------------- testing Wed Oct 10 02:31:44 UTC 2018 /home/travis/build/icyphy/ptII/ptolemy/domains/de/test/auto/VariableDelay2.xml
----------------- Instantiating /home/travis/build/icyphy/ptII/ptolemy/domains/de/test/auto/VariableDelay2.xml
2 ms. Memory: 841728K Free: 147490K (18%)
----------------- Invoking toplevel() on ptolemy.moml.MoMLSimpleApplication@63587af2
----------------- Done invoking toplevel() on ptolemy.moml.MoMLSimpleApplication@63587af2
reloadAllAccessors: .VariableDelay2

===========================================================================================
----------------- testing Wed Oct 10 02:31:44 UTC 2018 /home/travis/build/icyphy/ptII/ptolemy/domains/de/test/auto/VariableDelayZeroDelay.xml
----------------- Instantiating /home/travis/build/icyphy/ptII/ptolemy/domains/de/test/auto/VariableDelayZeroDelay.xml
1 ms. Memory: 841728K Free: 132396K (16%)
----------------- Invoking toplevel() on ptolemy.moml.MoMLSimpleApplication@4b3f3256
----------------- Done invoking toplevel() on ptolemy.moml.MoMLSimpleApplication@4b3f3256
reloadAllAccessors: .VariableDelayZeroDelay

===========================================================================================
----------------- testing Wed Oct 10 02:31:44 UTC 2018 /home/travis/build/icyphy/ptII/ptolemy/domains/de/test/auto/VariableDelayZeroDelay2.xml
----------------- Instantiating /home/travis/build/icyphy/ptII/ptolemy/domains/de/test/auto/VariableDelayZeroDelay2.xml
1 ms. Memory: 841728K Free: 117302K (14%)
----------------- Invoking toplevel() on ptolemy.moml.MoMLSimpleApplication@5cb99c73
----------------- Done invoking toplevel() on ptolemy.moml.MoMLSimpleApplication@5cb99c73
reloadAllAccessors: .VariableDelayZeroDelay2

===========================================================================================
----------------- testing Wed Oct 10 02:31:44 UTC 2018 /home/travis/build/icyphy/ptII/ptolemy/domains/de/test/auto/deInCt.xml
----------------- Instantiating /home/travis/build/icyphy/ptII/ptolemy/domains/de/test/auto/deInCt.xml
0
1
1
1
0
0
0
1
1
1
0
0
0
1
1
1
0
0
0
0
1
1
1
0
0
0
0
0
0
1
1
1
1
0
0
0
0
4 ms. Memory: 841728K Free: 100694K (12%)
----------------- Invoking toplevel() on ptolemy.moml.MoMLSimpleApplication@307bdff4
----------------- Done invoking toplevel() on ptolemy.moml.MoMLSimpleApplication@307bdff4
reloadAllAccessors: .deInCt

===========================================================================================
----------------- testing Wed Oct 10 02:31:44 UTC 2018 /home/travis/build/icyphy/ptII/ptolemy/domains/de/test/auto/deInCt2.xml
----------------- Instantiating /home/travis/build/icyphy/ptII/ptolemy/domains/de/test/auto/deInCt2.xml
0
1
1
1
0
0
1
1
1
0
0
1
1
1
0
0
1
1
1
0
0
1
1
1
0
0
1
1
1
0
0
1
1
1
0
0
1
1
1
0
0
0
4 ms. Memory: 841728K Free: 85600K (10%)
----------------- Invoking toplevel() on ptolemy.moml.MoMLSimpleApplication@62312ad9
----------------- Done invoking toplevel() on ptolemy.moml.MoMLSimpleApplication@62312ad9
reloadAllAccessors: .deInCt2

===========================================================================================
----------------- testing Wed Oct 10 02:31:44 UTC 2018 /home/travis/build/icyphy/ptII/ptolemy/domains/de/test/auto/dynamicCausalityInterface1.xml
----------------- Instantiating /home/travis/build/icyphy/ptII/ptolemy/domains/de/test/auto/dynamicCausalityInterface1.xml
1 ms. Memory: 841728K Free: 64033K (8%)
----------------- Invoking toplevel() on ptolemy.moml.MoMLSimpleApplication@432c7b20
----------------- Done invoking toplevel() on ptolemy.moml.MoMLSimpleApplication@432c7b20
reloadAllAccessors: .dynamicCausalityInterface1

===========================================================================================
----------------- testing Wed Oct 10 02:31:44 UTC 2018 /home/travis/build/icyphy/ptII/ptolemy/domains/de/test/auto/fsm_de_test.xml
----------------- Instantiating /home/travis/build/icyphy/ptII/ptolemy/domains/de/test/auto/fsm_de_test.xml
5 ms. Memory: 800256K Free: 747426K (93%)
----------------- Invoking toplevel() on ptolemy.moml.MoMLSimpleApplication@653a5c8f
----------------- Done invoking toplevel() on ptolemy.moml.MoMLSimpleApplication@653a5c8f
reloadAllAccessors: .fsm_de_test

===========================================================================================
----------------- testing Wed Oct 10 02:31:44 UTC 2018 /home/travis/build/icyphy/ptII/ptolemy/domains/de/test/auto/functionDependencyReconstruction.xml
----------------- Instantiating /home/travis/build/icyphy/ptII/ptolemy/domains/de/test/auto/functionDependencyReconstruction.xml
2 ms. Memory: 800256K Free: 704279K (88%)
----------------- Invoking toplevel() on ptolemy.moml.MoMLSimpleApplication@be93dd
----------------- Done invoking toplevel() on ptolemy.moml.MoMLSimpleApplication@be93dd
reloadAllAccessors: .functionDependencyReconstruction

===========================================================================================
----------------- testing Wed Oct 10 02:31:44 UTC 2018 /home/travis/build/icyphy/ptII/ptolemy/domains/de/test/auto/multirate.xml
----------------- Instantiating /home/travis/build/icyphy/ptII/ptolemy/domains/de/test/auto/multirate.xml
3 ms. Memory: 800256K Free: 674557K (84%)
----------------- Invoking toplevel() on ptolemy.moml.MoMLSimpleApplication@28bff590
----------------- Done invoking toplevel() on ptolemy.moml.MoMLSimpleApplication@28bff590
reloadAllAccessors: .multirate

===========================================================================================
----------------- testing Wed Oct 10 02:31:44 UTC 2018 /home/travis/build/icyphy/ptII/ptolemy/domains/de/test/auto/multirate2.xml
----------------- Instantiating /home/travis/build/icyphy/ptII/ptolemy/domains/de/test/auto/multirate2.xml
2 ms. Memory: 800256K Free: 644834K (81%)
----------------- Invoking toplevel() on ptolemy.moml.MoMLSimpleApplication@abebb05
----------------- Done invoking toplevel() on ptolemy.moml.MoMLSimpleApplication@abebb05
reloadAllAccessors: .multirate2

===========================================================================================
----------------- testing Wed Oct 10 02:31:44 UTC 2018 /home/travis/build/icyphy/ptII/ptolemy/domains/de/test/auto/realtime.xml
----------------- Instantiating /home/travis/build/icyphy/ptII/ptolemy/domains/de/test/auto/realtime.xml
10002 ms. Memory: 800256K Free: 616080K (77%)
----------------- Invoking toplevel() on ptolemy.moml.MoMLSimpleApplication@23b98375
----------------- Done invoking toplevel() on ptolemy.moml.MoMLSimpleApplication@23b98375
reloadAllAccessors: .realtime

===========================================================================================
----------------- testing Wed Oct 10 02:31:54 UTC 2018 /home/travis/build/icyphy/ptII/ptolemy/domains/de/test/auto/relationGroup.xml
----------------- Instantiating /home/travis/build/icyphy/ptII/ptolemy/domains/de/test/auto/relationGroup.xml
8 ms. Memory: 800256K Free: 586358K (73%)
----------------- Invoking toplevel() on ptolemy.moml.MoMLSimpleApplication@137ba6b8
----------------- Done invoking toplevel() on ptolemy.moml.MoMLSimpleApplication@137ba6b8
reloadAllAccessors: .relationGroup

===========================================================================================
----------------- testing Wed Oct 10 02:31:54 UTC 2018 /home/travis/build/icyphy/ptII/ptolemy/domains/de/test/auto/relationGroup2.xml
----------------- Instantiating /home/travis/build/icyphy/ptII/ptolemy/domains/de/test/auto/relationGroup2.xml
1 ms. Memory: 800256K Free: 557604K (70%)
----------------- Invoking toplevel() on ptolemy.moml.MoMLSimpleApplication@3011a259
----------------- Done invoking toplevel() on ptolemy.moml.MoMLSimpleApplication@3011a259
reloadAllAccessors: .relationGroup2

===========================================================================================
----------------- testing Wed Oct 10 02:31:54 UTC 2018 /home/travis/build/icyphy/ptII/ptolemy/domains/de/test/auto/sortWithOpaquePorts.xml
----------------- Instantiating /home/travis/build/icyphy/ptII/ptolemy/domains/de/test/auto/sortWithOpaquePorts.xml
2 ms. Memory: 800256K Free: 527882K (66%)
----------------- Invoking toplevel() on ptolemy.moml.MoMLSimpleApplication@407d9d28
----------------- Done invoking toplevel() on ptolemy.moml.MoMLSimpleApplication@407d9d28
reloadAllAccessors: .sortWithOpaquePorts

===========================================================================================
----------------- testing Wed Oct 10 02:31:54 UTC 2018 /home/travis/build/icyphy/ptII/ptolemy/domains/de/test/auto/transferInputsandOutputs.xml
----------------- Instantiating /home/travis/build/icyphy/ptII/ptolemy/domains/de/test/auto/transferInputsandOutputs.xml
2 ms. Memory: 800256K Free: 499128K (62%)
----------------- Invoking toplevel() on ptolemy.moml.MoMLSimpleApplication@45b758ae
----------------- Done invoking toplevel() on ptolemy.moml.MoMLSimpleApplication@45b758ae
reloadAllAccessors: .transferInputsandOutputs

===========================================================================================
----------------- testing Wed Oct 10 02:31:54 UTC 2018 /home/travis/build/icyphy/ptII/ptolemy/domains/de/test/auto/triggerType.xml
----------------- Instantiating /home/travis/build/icyphy/ptII/ptolemy/domains/de/test/auto/triggerType.xml
4 ms. Memory: 800256K Free: 469405K (59%)
----------------- Invoking toplevel() on ptolemy.moml.MoMLSimpleApplication@59fdf494
----------------- Done invoking toplevel() on ptolemy.moml.MoMLSimpleApplication@59fdf494
reloadAllAccessors: .triggerType
AutoTests.java: About to close Vertx.
AutoTests.java: Vertx closed.
]]></system-out>
  <system-err><![CDATA[java.lang.RuntimeException: Execution failed
	at ptolemy.moml.MoMLSimpleApplication$UnloadThread.run(MoMLSimpleApplication.java:402)
Caused by: ptolemy.kernel.util.IllegalActionException: Found a zero delay loop containing .dependencyLoop.original
  in .dependencyLoop and .dependencyLoop.original
	at ptolemy.actor.util.CausalityInterfaceForComposites._computeOutputPortDepth(CausalityInterfaceForComposites.java:759)
	at ptolemy.actor.util.CausalityInterfaceForComposites._computeInputDepth(CausalityInterfaceForComposites.java:696)
	at ptolemy.actor.util.CausalityInterfaceForComposites._computeOutputPortDepth(CausalityInterfaceForComposites.java:765)
	at ptolemy.actor.util.CausalityInterfaceForComposites._computeInputDepth(CausalityInterfaceForComposites.java:696)
	at ptolemy.actor.util.CausalityInterfaceForComposites._computeOutputPortDepth(CausalityInterfaceForComposites.java:765)
	at ptolemy.actor.util.CausalityInterfaceForComposites._computeInputDepth(CausalityInterfaceForComposites.java:696)
	at ptolemy.actor.util.CausalityInterfaceForComposites._computeActorDepth(CausalityInterfaceForComposites.java:532)
	at ptolemy.actor.util.CausalityInterfaceForComposites.checkForCycles(CausalityInterfaceForComposites.java:96)
	at ptolemy.domains.de.kernel.DEDirector.preinitialize(DEDirector.java:1338)
	at ptolemy.actor.CompositeActor.preinitialize(CompositeActor.java:1828)
	at ptolemy.actor.Manager.preinitializeAndResolveTypes(Manager.java:1040)
	at ptolemy.actor.Manager.initialize(Manager.java:710)
	at ptolemy.actor.Manager.execute(Manager.java:356)
	at ptolemy.actor.Manager.run(Manager.java:1263)
	at ptolemy.actor.Manager$PtolemyRunThread.run(Manager.java:1915)
java.lang.RuntimeException: Execution failed
	at ptolemy.moml.MoMLSimpleApplication$UnloadThread.run(MoMLSimpleApplication.java:402)
Caused by: ptolemy.kernel.util.IllegalActionException: Found a zero delay loop containing .dependencyLoop2.original
  in .dependencyLoop2 and .dependencyLoop2.original
	at ptolemy.actor.util.CausalityInterfaceForComposites._computeOutputPortDepth(CausalityInterfaceForComposites.java:759)
	at ptolemy.actor.util.CausalityInterfaceForComposites._computeInputDepth(CausalityInterfaceForComposites.java:696)
	at ptolemy.actor.util.CausalityInterfaceForComposites._computeOutputPortDepth(CausalityInterfaceForComposites.java:765)
	at ptolemy.actor.util.CausalityInterfaceForComposites._computeInputDepth(CausalityInterfaceForComposites.java:696)
	at ptolemy.actor.util.CausalityInterfaceForComposites._computeOutputPortDepth(CausalityInterfaceForComposites.java:765)
	at ptolemy.actor.util.CausalityInterfaceForComposites._computeInputDepth(CausalityInterfaceForComposites.java:696)
	at ptolemy.actor.util.CausalityInterfaceForComposites._computeActorDepth(CausalityInterfaceForComposites.java:532)
	at ptolemy.actor.util.CausalityInterfaceForComposites.checkForCycles(CausalityInterfaceForComposites.java:96)
	at ptolemy.domains.de.kernel.DEDirector.preinitialize(DEDirector.java:1338)
	at ptolemy.actor.CompositeActor.preinitialize(CompositeActor.java:1828)
	at ptolemy.actor.Manager.preinitializeAndResolveTypes(Manager.java:1040)
	at ptolemy.actor.Manager.initialize(Manager.java:710)
	at ptolemy.actor.Manager.execute(Manager.java:356)
	at ptolemy.actor.Manager.run(Manager.java:1263)
	at ptolemy.actor.Manager$PtolemyRunThread.run(Manager.java:1915)
java.lang.RuntimeException: Execution failed
	at ptolemy.moml.MoMLSimpleApplication$UnloadThread.run(MoMLSimpleApplication.java:402)
Caused by: ptolemy.kernel.util.IllegalActionException: Found a zero delay loop containing .dependencyLoop.original
  in .dependencyLoop and .dependencyLoop.original
	at ptolemy.actor.util.CausalityInterfaceForComposites._computeOutputPortDepth(CausalityInterfaceForComposites.java:759)
	at ptolemy.actor.util.CausalityInterfaceForComposites._computeInputDepth(CausalityInterfaceForComposites.java:696)
	at ptolemy.actor.util.CausalityInterfaceForComposites._computeOutputPortDepth(CausalityInterfaceForComposites.java:765)
	at ptolemy.actor.util.CausalityInterfaceForComposites._computeInputDepth(CausalityInterfaceForComposites.java:696)
	at ptolemy.actor.util.CausalityInterfaceForComposites._computeOutputPortDepth(CausalityInterfaceForComposites.java:765)
	at ptolemy.actor.util.CausalityInterfaceForComposites._computeInputDepth(CausalityInterfaceForComposites.java:696)
	at ptolemy.actor.util.CausalityInterfaceForComposites._computeActorDepth(CausalityInterfaceForComposites.java:532)
	at ptolemy.actor.util.CausalityInterfaceForComposites.checkForCycles(CausalityInterfaceForComposites.java:96)
	at ptolemy.domains.de.kernel.DEDirector.preinitialize(DEDirector.java:1338)
	at ptolemy.actor.CompositeActor.preinitialize(CompositeActor.java:1828)
	at ptolemy.actor.Manager.preinitializeAndResolveTypes(Manager.java:1040)
	at ptolemy.actor.Manager.initialize(Manager.java:710)
	at ptolemy.actor.Manager.execute(Manager.java:356)
	at ptolemy.actor.Manager.run(Manager.java:1263)
	at ptolemy.actor.Manager$PtolemyRunThread.run(Manager.java:1915)
java.lang.RuntimeException: Execution failed
	at ptolemy.moml.MoMLSimpleApplication$UnloadThread.run(MoMLSimpleApplication.java:402)
Caused by: ptolemy.kernel.util.IllegalActionException: Actor is not ready to fire.  Perhaps UpSample.prefire() returned false? Try debugging the actor by selecting "Listen to Actor".  Also, for SDF check moml for tokenConsumptionRate on input.
  in .DESDFClockTest.Play Bell.Copy1:SDF Director and .DESDFClockTest.Play Bell.UpSample
	at ptolemy.actor.sched.StaticSchedulingDirector.fire(StaticSchedulingDirector.java:227)
	at ptolemy.domains.sdf.kernel.SDFDirector.fire(SDFDirector.java:500)
	at ptolemy.actor.CompositeActor.fire(CompositeActor.java:455)
	at ptolemy.domains.de.kernel.DEDirector._fire(DEDirector.java:1949)
	at ptolemy.domains.de.kernel.DEDirector.fire(DEDirector.java:502)
	at ptolemy.actor.CompositeActor.fire(CompositeActor.java:455)
	at ptolemy.actor.Manager.iterate(Manager.java:851)
	at ptolemy.actor.Manager.execute(Manager.java:369)
	at ptolemy.actor.Manager.run(Manager.java:1263)
	at ptolemy.actor.Manager$PtolemyRunThread.run(Manager.java:1915)
java.lang.RuntimeException: Execution failed
	at ptolemy.moml.MoMLSimpleApplication$UnloadThread.run(MoMLSimpleApplication.java:402)
Caused by: ptolemy.kernel.util.IllegalActionException: Found a zero delay loop containing .dependencyLoop2.original
  in .dependencyLoop2 and .dependencyLoop2.original
	at ptolemy.actor.util.CausalityInterfaceForComposites._computeOutputPortDepth(CausalityInterfaceForComposites.java:759)
	at ptolemy.actor.util.CausalityInterfaceForComposites._computeInputDepth(CausalityInterfaceForComposites.java:696)
	at ptolemy.actor.util.CausalityInterfaceForComposites._computeOutputPortDepth(CausalityInterfaceForComposites.java:765)
	at ptolemy.actor.util.CausalityInterfaceForComposites._computeInputDepth(CausalityInterfaceForComposites.java:696)
	at ptolemy.actor.util.CausalityInterfaceForComposites._computeOutputPortDepth(CausalityInterfaceForComposites.java:765)
	at ptolemy.actor.util.CausalityInterfaceForComposites._computeInputDepth(CausalityInterfaceForComposites.java:696)
	at ptolemy.actor.util.CausalityInterfaceForComposites._computeActorDepth(CausalityInterfaceForComposites.java:532)
	at ptolemy.actor.util.CausalityInterfaceForComposites.checkForCycles(CausalityInterfaceForComposites.java:96)
	at ptolemy.domains.de.kernel.DEDirector.preinitialize(DEDirector.java:1338)
	at ptolemy.actor.CompositeActor.preinitialize(CompositeActor.java:1828)
	at ptolemy.actor.Manager.preinitializeAndResolveTypes(Manager.java:1040)
	at ptolemy.actor.Manager.initialize(Manager.java:710)
	at ptolemy.actor.Manager.execute(Manager.java:356)
	at ptolemy.actor.Manager.run(Manager.java:1263)
	at ptolemy.actor.Manager$PtolemyRunThread.run(Manager.java:1915)
java.lang.RuntimeException: Execution failed
	at ptolemy.moml.MoMLSimpleApplication$UnloadThread.run(MoMLSimpleApplication.java:402)
Caused by: ptolemy.kernel.util.IllegalActionException: Found a zero delay loop containing .HierarchicalModel.A
  in .HierarchicalModel and .HierarchicalModel.A
	at ptolemy.actor.util.CausalityInterfaceForComposites._computeOutputPortDepth(CausalityInterfaceForComposites.java:759)
	at ptolemy.actor.util.CausalityInterfaceForComposites._computeInputDepth(CausalityInterfaceForComposites.java:696)
	at ptolemy.actor.util.CausalityInterfaceForComposites._computeOutputPortDepth(CausalityInterfaceForComposites.java:765)
	at ptolemy.actor.util.CausalityInterfaceForComposites._computeInputDepth(CausalityInterfaceForComposites.java:696)
	at ptolemy.actor.util.CausalityInterfaceForComposites._computeOutputPortDepth(CausalityInterfaceForComposites.java:765)
	at ptolemy.actor.util.CausalityInterfaceForComposites._computeInputDepth(CausalityInterfaceForComposites.java:696)
	at ptolemy.actor.util.CausalityInterfaceForComposites._computeActorDepth(CausalityInterfaceForComposites.java:532)
	at ptolemy.actor.util.CausalityInterfaceForComposites.checkForCycles(CausalityInterfaceForComposites.java:96)
	at ptolemy.domains.de.kernel.DEDirector.preinitialize(DEDirector.java:1338)
	at ptolemy.actor.CompositeActor.preinitialize(CompositeActor.java:1828)
	at ptolemy.actor.Manager.preinitializeAndResolveTypes(Manager.java:1040)
	at ptolemy.actor.Manager.initialize(Manager.java:710)
	at ptolemy.actor.Manager.execute(Manager.java:356)
	at ptolemy.actor.Manager.run(Manager.java:1263)
	at ptolemy.actor.Manager$PtolemyRunThread.run(Manager.java:1915)
java.lang.RuntimeException: Execution failed
	at ptolemy.moml.MoMLSimpleApplication$UnloadThread.run(MoMLSimpleApplication.java:402)
Caused by: ptolemy.kernel.util.IllegalActionException: Test fails in iteration 1.
Value was: 1.0. Should have been: 2.0
  in .DirectFeedback.Test
	at ptolemy.actor.lib.Test.fire(Test.java:268)
	at ptolemy.domains.de.kernel.DEDirector._fire(DEDirector.java:1949)
	at ptolemy.domains.de.kernel.DEDirector.fire(DEDirector.java:502)
	at ptolemy.actor.CompositeActor.fire(CompositeActor.java:455)
	at ptolemy.actor.Manager.iterate(Manager.java:851)
	at ptolemy.actor.Manager.execute(Manager.java:369)
	at ptolemy.actor.Manager.run(Manager.java:1263)
	at ptolemy.actor.Manager$PtolemyRunThread.run(Manager.java:1915)
java.lang.RuntimeException: Execution failed
	at ptolemy.moml.MoMLSimpleApplication$UnloadThread.run(MoMLSimpleApplication.java:402)
Caused by: ptolemy.kernel.util.IllegalActionException: Actor is not ready to fire.  Perhaps UpSample.prefire() returned false? Try debugging the actor by selecting "Listen to Actor".  Also, for SDF check moml for tokenConsumptionRate on input.
  in .DESDFClockTest.Play Bell.Copy1:SDF Director and .DESDFClockTest.Play Bell.UpSample
	at ptolemy.actor.sched.StaticSchedulingDirector.fire(StaticSchedulingDirector.java:227)
	at ptolemy.domains.sdf.kernel.SDFDirector.fire(SDFDirector.java:500)
	at ptolemy.actor.CompositeActor.fire(CompositeActor.java:455)
	at ptolemy.domains.de.kernel.DEDirector._fire(DEDirector.java:1949)
	at ptolemy.domains.de.kernel.DEDirector.fire(DEDirector.java:502)
	at ptolemy.actor.CompositeActor.fire(CompositeActor.java:455)
	at ptolemy.actor.Manager.iterate(Manager.java:851)
	at ptolemy.actor.Manager.execute(Manager.java:369)
	at ptolemy.actor.Manager.run(Manager.java:1263)
	at ptolemy.actor.Manager$PtolemyRunThread.run(Manager.java:1915)
java.lang.reflect.InvocationTargetException
	at sun.reflect.NativeConstructorAccessorImpl.newInstance0(Native Method)
	at sun.reflect.NativeConstructorAccessorImpl.newInstance(NativeConstructorAccessorImpl.java:62)
	at sun.reflect.DelegatingConstructorAccessorImpl.newInstance(DelegatingConstructorAccessorImpl.java:45)
	at java.lang.reflect.Constructor.newInstance(Constructor.java:423)
	at ptolemy.util.test.junit.AutoKnownFailedTests.RunModel(AutoKnownFailedTests.java:107)
	at sun.reflect.NativeMethodAccessorImpl.invoke0(Native Method)
	at sun.reflect.NativeMethodAccessorImpl.invoke(NativeMethodAccessorImpl.java:62)
	at sun.reflect.DelegatingMethodAccessorImpl.invoke(DelegatingMethodAccessorImpl.java:43)
	at java.lang.reflect.Method.invoke(Method.java:498)
	at org.junit.runners.model.FrameworkMethod$1.runReflectiveCall(FrameworkMethod.java:44)
	at org.junit.internal.runners.model.ReflectiveCallable.run(ReflectiveCallable.java:15)
	at org.junit.runners.model.FrameworkMethod.invokeExplosively(FrameworkMethod.java:41)
	at junitparams.internal.InvokeParameterisedMethod.evaluate(InvokeParameterisedMethod.java:102)
	at org.junit.internal.runners.statements.FailOnTimeout$1.run(FailOnTimeout.java:28)
Caused by: ptolemy.kernel.util.IllegalActionException: Actor is not ready to fire.  Perhaps UpSample.prefire() returned false? Try debugging the actor by selecting "Listen to Actor".  Also, for SDF check moml for tokenConsumptionRate on input.
  in .DESDFClockTest.Play Bell.Copy1:SDF Director and .DESDFClockTest.Play Bell.UpSample
	at ptolemy.actor.sched.StaticSchedulingDirector.fire(StaticSchedulingDirector.java:227)
	at ptolemy.domains.sdf.kernel.SDFDirector.fire(SDFDirector.java:500)
	at ptolemy.actor.CompositeActor.fire(CompositeActor.java:455)
	at ptolemy.domains.de.kernel.DEDirector._fire(DEDirector.java:1949)
	at ptolemy.domains.de.kernel.DEDirector.fire(DEDirector.java:502)
	at ptolemy.actor.CompositeActor.fire(CompositeActor.java:455)
	at ptolemy.actor.Manager.iterate(Manager.java:851)
	at ptolemy.actor.Manager.execute(Manager.java:369)
	at ptolemy.actor.Manager.run(Manager.java:1263)
	at ptolemy.actor.Manager$PtolemyRunThread.run(Manager.java:1915)
java.lang.RuntimeException: Execution failed
	at ptolemy.moml.MoMLSimpleApplication$UnloadThread.run(MoMLSimpleApplication.java:402)
Caused by: ptolemy.kernel.util.IllegalActionException: Test fails in iteration 1.
Value was: 1.0. Should have been: 2.0
  in .DirectFeedback.Test
	at ptolemy.actor.lib.Test.fire(Test.java:268)
	at ptolemy.domains.de.kernel.DEDirector._fire(DEDirector.java:1949)
	at ptolemy.domains.de.kernel.DEDirector.fire(DEDirector.java:502)
	at ptolemy.actor.CompositeActor.fire(CompositeActor.java:455)
	at ptolemy.actor.Manager.iterate(Manager.java:851)
	at ptolemy.actor.Manager.execute(Manager.java:369)
	at ptolemy.actor.Manager.run(Manager.java:1263)
	at ptolemy.actor.Manager$PtolemyRunThread.run(Manager.java:1915)
java.lang.reflect.InvocationTargetException
	at sun.reflect.NativeConstructorAccessorImpl.newInstance0(Native Method)
	at sun.reflect.NativeConstructorAccessorImpl.newInstance(NativeConstructorAccessorImpl.java:62)
	at sun.reflect.DelegatingConstructorAccessorImpl.newInstance(DelegatingConstructorAccessorImpl.java:45)
	at java.lang.reflect.Constructor.newInstance(Constructor.java:423)
	at ptolemy.util.test.junit.AutoKnownFailedTests.RunModel(AutoKnownFailedTests.java:107)
	at sun.reflect.NativeMethodAccessorImpl.invoke0(Native Method)
	at sun.reflect.NativeMethodAccessorImpl.invoke(NativeMethodAccessorImpl.java:62)
	at sun.reflect.DelegatingMethodAccessorImpl.invoke(DelegatingMethodAccessorImpl.java:43)
	at java.lang.reflect.Method.invoke(Method.java:498)
	at org.junit.runners.model.FrameworkMethod$1.runReflectiveCall(FrameworkMethod.java:44)
	at org.junit.internal.runners.model.ReflectiveCallable.run(ReflectiveCallable.java:15)
	at org.junit.runners.model.FrameworkMethod.invokeExplosively(FrameworkMethod.java:41)
	at junitparams.internal.InvokeParameterisedMethod.evaluate(InvokeParameterisedMethod.java:102)
	at org.junit.internal.runners.statements.FailOnTimeout$1.run(FailOnTimeout.java:28)
Caused by: ptolemy.kernel.util.IllegalActionException: Test fails in iteration 1.
Value was: 1.0. Should have been: 2.0
  in .DirectFeedback.Test
	at ptolemy.actor.lib.Test.fire(Test.java:268)
	at ptolemy.domains.de.kernel.DEDirector._fire(DEDirector.java:1949)
	at ptolemy.domains.de.kernel.DEDirector.fire(DEDirector.java:502)
	at ptolemy.actor.CompositeActor.fire(CompositeActor.java:455)
	at ptolemy.actor.Manager.iterate(Manager.java:851)
	at ptolemy.actor.Manager.execute(Manager.java:369)
	at ptolemy.actor.Manager.run(Manager.java:1263)
	at ptolemy.actor.Manager$PtolemyRunThread.run(Manager.java:1915)
java.lang.RuntimeException: Execution failed
	at ptolemy.moml.MoMLSimpleApplication$UnloadThread.run(MoMLSimpleApplication.java:402)
Caused by: ptolemy.kernel.util.IllegalActionException: Found a zero delay loop containing .HierarchicalModel.A
  in .HierarchicalModel and .HierarchicalModel.A
	at ptolemy.actor.util.CausalityInterfaceForComposites._computeOutputPortDepth(CausalityInterfaceForComposites.java:759)
	at ptolemy.actor.util.CausalityInterfaceForComposites._computeInputDepth(CausalityInterfaceForComposites.java:696)
	at ptolemy.actor.util.CausalityInterfaceForComposites._computeOutputPortDepth(CausalityInterfaceForComposites.java:765)
	at ptolemy.actor.util.CausalityInterfaceForComposites._computeInputDepth(CausalityInterfaceForComposites.java:696)
	at ptolemy.actor.util.CausalityInterfaceForComposites._computeOutputPortDepth(CausalityInterfaceForComposites.java:765)
	at ptolemy.actor.util.CausalityInterfaceForComposites._computeInputDepth(CausalityInterfaceForComposites.java:696)
	at ptolemy.actor.util.CausalityInterfaceForComposites._computeActorDepth(CausalityInterfaceForComposites.java:532)
	at ptolemy.actor.util.CausalityInterfaceForComposites.checkForCycles(CausalityInterfaceForComposites.java:96)
	at ptolemy.domains.de.kernel.DEDirector.preinitialize(DEDirector.java:1338)
	at ptolemy.actor.CompositeActor.preinitialize(CompositeActor.java:1828)
	at ptolemy.actor.Manager.preinitializeAndResolveTypes(Manager.java:1040)
	at ptolemy.actor.Manager.initialize(Manager.java:710)
	at ptolemy.actor.Manager.execute(Manager.java:356)
	at ptolemy.actor.Manager.run(Manager.java:1263)
	at ptolemy.actor.Manager$PtolemyRunThread.run(Manager.java:1915)
java.lang.reflect.InvocationTargetException
	at sun.reflect.NativeConstructorAccessorImpl.newInstance0(Native Method)
	at sun.reflect.NativeConstructorAccessorImpl.newInstance(NativeConstructorAccessorImpl.java:62)
	at sun.reflect.DelegatingConstructorAccessorImpl.newInstance(DelegatingConstructorAccessorImpl.java:45)
	at java.lang.reflect.Constructor.newInstance(Constructor.java:423)
	at ptolemy.util.test.junit.AutoKnownFailedTests.RunModel(AutoKnownFailedTests.java:107)
	at sun.reflect.NativeMethodAccessorImpl.invoke0(Native Method)
	at sun.reflect.NativeMethodAccessorImpl.invoke(NativeMethodAccessorImpl.java:62)
	at sun.reflect.DelegatingMethodAccessorImpl.invoke(DelegatingMethodAccessorImpl.java:43)
	at java.lang.reflect.Method.invoke(Method.java:498)
	at org.junit.runners.model.FrameworkMethod$1.runReflectiveCall(FrameworkMethod.java:44)
	at org.junit.internal.runners.model.ReflectiveCallable.run(ReflectiveCallable.java:15)
	at org.junit.runners.model.FrameworkMethod.invokeExplosively(FrameworkMethod.java:41)
	at junitparams.internal.InvokeParameterisedMethod.evaluate(InvokeParameterisedMethod.java:102)
	at org.junit.internal.runners.statements.FailOnTimeout$1.run(FailOnTimeout.java:28)
Caused by: ptolemy.kernel.util.IllegalActionException: Found a zero delay loop containing .HierarchicalModel.A
  in .HierarchicalModel and .HierarchicalModel.A
	at ptolemy.actor.util.CausalityInterfaceForComposites._computeOutputPortDepth(CausalityInterfaceForComposites.java:759)
	at ptolemy.actor.util.CausalityInterfaceForComposites._computeInputDepth(CausalityInterfaceForComposites.java:696)
	at ptolemy.actor.util.CausalityInterfaceForComposites._computeOutputPortDepth(CausalityInterfaceForComposites.java:765)
	at ptolemy.actor.util.CausalityInterfaceForComposites._computeInputDepth(CausalityInterfaceForComposites.java:696)
	at ptolemy.actor.util.CausalityInterfaceForComposites._computeOutputPortDepth(CausalityInterfaceForComposites.java:765)
	at ptolemy.actor.util.CausalityInterfaceForComposites._computeInputDepth(CausalityInterfaceForComposites.java:696)
	at ptolemy.actor.util.CausalityInterfaceForComposites._computeActorDepth(CausalityInterfaceForComposites.java:532)
	at ptolemy.actor.util.CausalityInterfaceForComposites.checkForCycles(CausalityInterfaceForComposites.java:96)
	at ptolemy.domains.de.kernel.DEDirector.preinitialize(DEDirector.java:1338)
	at ptolemy.actor.CompositeActor.preinitialize(CompositeActor.java:1828)
	at ptolemy.actor.Manager.preinitializeAndResolveTypes(Manager.java:1040)
	at ptolemy.actor.Manager.initialize(Manager.java:710)
	at ptolemy.actor.Manager.execute(Manager.java:356)
	at ptolemy.actor.Manager.run(Manager.java:1263)
	at ptolemy.actor.Manager$PtolemyRunThread.run(Manager.java:1915)
java.lang.RuntimeException: Execution failed
	at ptolemy.moml.MoMLSimpleApplication$UnloadThread.run(MoMLSimpleApplication.java:402)
Caused by: ptolemy.kernel.util.IllegalActionException: Found a zero delay loop containing .dependencyLoop.original
  in .dependencyLoop and .dependencyLoop.original
	at ptolemy.actor.util.CausalityInterfaceForComposites._computeOutputPortDepth(CausalityInterfaceForComposites.java:759)
	at ptolemy.actor.util.CausalityInterfaceForComposites._computeInputDepth(CausalityInterfaceForComposites.java:696)
	at ptolemy.actor.util.CausalityInterfaceForComposites._computeOutputPortDepth(CausalityInterfaceForComposites.java:765)
	at ptolemy.actor.util.CausalityInterfaceForComposites._computeInputDepth(CausalityInterfaceForComposites.java:696)
	at ptolemy.actor.util.CausalityInterfaceForComposites._computeOutputPortDepth(CausalityInterfaceForComposites.java:765)
	at ptolemy.actor.util.CausalityInterfaceForComposites._computeInputDepth(CausalityInterfaceForComposites.java:696)
	at ptolemy.actor.util.CausalityInterfaceForComposites._computeActorDepth(CausalityInterfaceForComposites.java:532)
	at ptolemy.actor.util.CausalityInterfaceForComposites.checkForCycles(CausalityInterfaceForComposites.java:96)
	at ptolemy.domains.de.kernel.DEDirector.preinitialize(DEDirector.java:1338)
	at ptolemy.actor.CompositeActor.preinitialize(CompositeActor.java:1828)
	at ptolemy.actor.Manager.preinitializeAndResolveTypes(Manager.java:1040)
	at ptolemy.actor.Manager.initialize(Manager.java:710)
	at ptolemy.actor.Manager.execute(Manager.java:356)
	at ptolemy.actor.Manager.run(Manager.java:1263)
	at ptolemy.actor.Manager$PtolemyRunThread.run(Manager.java:1915)
java.lang.reflect.InvocationTargetException
	at sun.reflect.NativeConstructorAccessorImpl.newInstance0(Native Method)
	at sun.reflect.NativeConstructorAccessorImpl.newInstance(NativeConstructorAccessorImpl.java:62)
	at sun.reflect.DelegatingConstructorAccessorImpl.newInstance(DelegatingConstructorAccessorImpl.java:45)
	at java.lang.reflect.Constructor.newInstance(Constructor.java:423)
	at ptolemy.util.test.junit.AutoKnownFailedTests.RunModel(AutoKnownFailedTests.java:107)
	at sun.reflect.NativeMethodAccessorImpl.invoke0(Native Method)
	at sun.reflect.NativeMethodAccessorImpl.invoke(NativeMethodAccessorImpl.java:62)
	at sun.reflect.DelegatingMethodAccessorImpl.invoke(DelegatingMethodAccessorImpl.java:43)
	at java.lang.reflect.Method.invoke(Method.java:498)
	at org.junit.runners.model.FrameworkMethod$1.runReflectiveCall(FrameworkMethod.java:44)
	at org.junit.internal.runners.model.ReflectiveCallable.run(ReflectiveCallable.java:15)
	at org.junit.runners.model.FrameworkMethod.invokeExplosively(FrameworkMethod.java:41)
	at junitparams.internal.InvokeParameterisedMethod.evaluate(InvokeParameterisedMethod.java:102)
	at org.junit.internal.runners.statements.FailOnTimeout$1.run(FailOnTimeout.java:28)
Caused by: ptolemy.kernel.util.IllegalActionException: Found a zero delay loop containing .dependencyLoop.original
  in .dependencyLoop and .dependencyLoop.original
	at ptolemy.actor.util.CausalityInterfaceForComposites._computeOutputPortDepth(CausalityInterfaceForComposites.java:759)
	at ptolemy.actor.util.CausalityInterfaceForComposites._computeInputDepth(CausalityInterfaceForComposites.java:696)
	at ptolemy.actor.util.CausalityInterfaceForComposites._computeOutputPortDepth(CausalityInterfaceForComposites.java:765)
	at ptolemy.actor.util.CausalityInterfaceForComposites._computeInputDepth(CausalityInterfaceForComposites.java:696)
	at ptolemy.actor.util.CausalityInterfaceForComposites._computeOutputPortDepth(CausalityInterfaceForComposites.java:765)
	at ptolemy.actor.util.CausalityInterfaceForComposites._computeInputDepth(CausalityInterfaceForComposites.java:696)
	at ptolemy.actor.util.CausalityInterfaceForComposites._computeActorDepth(CausalityInterfaceForComposites.java:532)
	at ptolemy.actor.util.CausalityInterfaceForComposites.checkForCycles(CausalityInterfaceForComposites.java:96)
	at ptolemy.domains.de.kernel.DEDirector.preinitialize(DEDirector.java:1338)
	at ptolemy.actor.CompositeActor.preinitialize(CompositeActor.java:1828)
	at ptolemy.actor.Manager.preinitializeAndResolveTypes(Manager.java:1040)
	at ptolemy.actor.Manager.initialize(Manager.java:710)
	at ptolemy.actor.Manager.execute(Manager.java:356)
	at ptolemy.actor.Manager.run(Manager.java:1263)
	at ptolemy.actor.Manager$PtolemyRunThread.run(Manager.java:1915)
java.lang.RuntimeException: Execution failed
	at ptolemy.moml.MoMLSimpleApplication$UnloadThread.run(MoMLSimpleApplication.java:402)
Caused by: ptolemy.kernel.util.IllegalActionException: Found a zero delay loop containing .dependencyLoop2.original
  in .dependencyLoop2 and .dependencyLoop2.original
	at ptolemy.actor.util.CausalityInterfaceForComposites._computeOutputPortDepth(CausalityInterfaceForComposites.java:759)
	at ptolemy.actor.util.CausalityInterfaceForComposites._computeInputDepth(CausalityInterfaceForComposites.java:696)
	at ptolemy.actor.util.CausalityInterfaceForComposites._computeOutputPortDepth(CausalityInterfaceForComposites.java:765)
	at ptolemy.actor.util.CausalityInterfaceForComposites._computeInputDepth(CausalityInterfaceForComposites.java:696)
	at ptolemy.actor.util.CausalityInterfaceForComposites._computeOutputPortDepth(CausalityInterfaceForComposites.java:765)
	at ptolemy.actor.util.CausalityInterfaceForComposites._computeInputDepth(CausalityInterfaceForComposites.java:696)
	at ptolemy.actor.util.CausalityInterfaceForComposites._computeActorDepth(CausalityInterfaceForComposites.java:532)
	at ptolemy.actor.util.CausalityInterfaceForComposites.checkForCycles(CausalityInterfaceForComposites.java:96)
	at ptolemy.domains.de.kernel.DEDirector.preinitialize(DEDirector.java:1338)
	at ptolemy.actor.CompositeActor.preinitialize(CompositeActor.java:1828)
	at ptolemy.actor.Manager.preinitializeAndResolveTypes(Manager.java:1040)
	at ptolemy.actor.Manager.initialize(Manager.java:710)
	at ptolemy.actor.Manager.execute(Manager.java:356)
	at ptolemy.actor.Manager.run(Manager.java:1263)
	at ptolemy.actor.Manager$PtolemyRunThread.run(Manager.java:1915)
java.lang.reflect.InvocationTargetException
	at sun.reflect.NativeConstructorAccessorImpl.newInstance0(Native Method)
	at sun.reflect.NativeConstructorAccessorImpl.newInstance(NativeConstructorAccessorImpl.java:62)
	at sun.reflect.DelegatingConstructorAccessorImpl.newInstance(DelegatingConstructorAccessorImpl.java:45)
	at java.lang.reflect.Constructor.newInstance(Constructor.java:423)
	at ptolemy.util.test.junit.AutoKnownFailedTests.RunModel(AutoKnownFailedTests.java:107)
	at sun.reflect.NativeMethodAccessorImpl.invoke0(Native Method)
	at sun.reflect.NativeMethodAccessorImpl.invoke(NativeMethodAccessorImpl.java:62)
	at sun.reflect.DelegatingMethodAccessorImpl.invoke(DelegatingMethodAccessorImpl.java:43)
	at java.lang.reflect.Method.invoke(Method.java:498)
	at org.junit.runners.model.FrameworkMethod$1.runReflectiveCall(FrameworkMethod.java:44)
	at org.junit.internal.runners.model.ReflectiveCallable.run(ReflectiveCallable.java:15)
	at org.junit.runners.model.FrameworkMethod.invokeExplosively(FrameworkMethod.java:41)
	at junitparams.internal.InvokeParameterisedMethod.evaluate(InvokeParameterisedMethod.java:102)
	at org.junit.internal.runners.statements.FailOnTimeout$1.run(FailOnTimeout.java:28)
Caused by: ptolemy.kernel.util.IllegalActionException: Found a zero delay loop containing .dependencyLoop2.original
  in .dependencyLoop2 and .dependencyLoop2.original
	at ptolemy.actor.util.CausalityInterfaceForComposites._computeOutputPortDepth(CausalityInterfaceForComposites.java:759)
	at ptolemy.actor.util.CausalityInterfaceForComposites._computeInputDepth(CausalityInterfaceForComposites.java:696)
	at ptolemy.actor.util.CausalityInterfaceForComposites._computeOutputPortDepth(CausalityInterfaceForComposites.java:765)
	at ptolemy.actor.util.CausalityInterfaceForComposites._computeInputDepth(CausalityInterfaceForComposites.java:696)
	at ptolemy.actor.util.CausalityInterfaceForComposites._computeOutputPortDepth(CausalityInterfaceForComposites.java:765)
	at ptolemy.actor.util.CausalityInterfaceForComposites._computeInputDepth(CausalityInterfaceForComposites.java:696)
	at ptolemy.actor.util.CausalityInterfaceForComposites._computeActorDepth(CausalityInterfaceForComposites.java:532)
	at ptolemy.actor.util.CausalityInterfaceForComposites.checkForCycles(CausalityInterfaceForComposites.java:96)
	at ptolemy.domains.de.kernel.DEDirector.preinitialize(DEDirector.java:1338)
	at ptolemy.actor.CompositeActor.preinitialize(CompositeActor.java:1828)
	at ptolemy.actor.Manager.preinitializeAndResolveTypes(Manager.java:1040)
	at ptolemy.actor.Manager.initialize(Manager.java:710)
	at ptolemy.actor.Manager.execute(Manager.java:356)
	at ptolemy.actor.Manager.run(Manager.java:1263)
	at ptolemy.actor.Manager$PtolemyRunThread.run(Manager.java:1915)
]]></system-err>
</testsuite>
