<?xml version="1.0" encoding="UTF-8" ?>
<testsuite errors="0" failures="0" hostname="travis-job-64f1e2d0-7d96-4820-a859-a60c7ab27b21" name="ptolemy.actor.lib.test.junit.JUnitTclTest" skipped="0" tests="517" time="62.179" timestamp="2020-09-26T16:14:46">
  <properties>
    <property name="npm.executable" value="npm" />
    <property name="env.TRAVIS_ROOT" value="/" />
    <property name="ptII.mk.exists" value="true" />
    <property name="env.TRAVIS_APP_HOST" value="build.travis-ci.org" />
    <property name="env.rvm_bin_path" value="/home/travis/.rvm/bin" />
    <property name="java.home" value="/usr/local/lib/jvm/openjdk11" />
    <property name="env.TRAVIS_JOB_NUMBER" value="1776.8" />
    <property name="env.TRAVIS_HOME" value="/home/travis" />
    <property name="env.DISPLAY" value=":99.0" />
    <property name="env.TRAVIS_INIT" value="systemd" />
    <property name="env.SSH_TTY" value="/dev/pts/0" />
    <property name="java.net.preferIPv4Stack" value="true" />
    <property name="env.RUN_TESTS" value="true" />
    <property name="timeout.short" value="1000000" />
    <property name="junit.formatter" value="xml" />
    <property name="env.TRAVIS_SUDO" value="true" />
    <property name="env.TRAVIS_JOB_NAME" value="" />
    <property name="env.TRAVIS_STACK_NODE_ATTRIBUTES" value="/.node-attributes.yml" />
    <property name="env.LOGNAME" value="travis" />
    <property name="env.PT_TRAVIS_TEST_CORE1_XML" value="true" />
    <property name="jsdoc.home" value="node_modules/@terraswarm/jsdoc" />
    <property name="debuglevel" value="source,lines,vars" />
    <property name="checkstyle.formatter" value="xml" />
    <property name="bin.vergil.makeable" value="true" />
    <property name="sun.os.patch.level" value="unknown" />
    <property name="java.vendor.url" value="http://java.oracle.com/" />
    <property name="env.TRAVIS_BUILD_WEB_URL" value="https://travis-ci.org/icyphy/ptII/builds/730519628" />
    <property name="java.version" value="11.0.2" />
    <property name="env.TZ" value="UTC" />
    <property name="env.TRAVIS_PULL_REQUEST_SHA" value="" />
    <property name="env.PT_NO_NET" value="true" />
    <property name="env.TRAVIS_SECURE_ENV_VARS" value="true" />
    <property name="java.vendor.url.bug" value="http://bugreport.java.com/bugreport/" />
    <property name="npmjs-org-is-up" value="true" />
    <property name="env.LANGUAGE" value="en_US.UTF-8" />
    <property name="env.SSH_CLIENT" value="10.16.1.13 42292 22" />
    <property name="env.GEM_HOME" value="/home/travis/.rvm/gems/ruby-2.5.3" />
    <property name="env.HAS_ANTARES_THREE_LITTLE_FRONZIES_BADGE" value="true" />
    <property name="java.version.date" value="2019-01-15" />
    <property name="env.PS4" value="+" />
    <property name="ant.project.invoked-targets" value="build,test.core1.xml" />
    <property name="env.TRAVIS_PULL_REQUEST_BRANCH" value="" />
    <property name="env.TRAVIS_REPO_SLUG" value="icyphy/ptII" />
    <property name="env.XDG_DATA_DIRS" value="/usr/local/share:/usr/share:/var/lib/snapd/desktop" />
    <property name="jdk.debug" value="release" />
    <property name="env.TRAVIS_APT_PROXY" value="http://build-cache.travisci.net" />
    <property name="env.TRAVIS_CPU_ARCH" value="amd64" />
    <property name="node.in.path" value="true" />
    <property name="user.name" value="travis" />
    <property name="java.maxmemory" value="1400m" />
    <property name="env.RUBY_VERSION" value="ruby-2.5.3" />
    <property name="env.LANG" value="en_US.UTF-8" />
    <property name="sun.io.unicode.encoding" value="UnicodeLittle" />
    <property name="sun.jnu.encoding" value="UTF-8" />
    <property name="java.runtime.name" value="OpenJDK Runtime Environment" />
    <property name="usefile" value="false" />
    <property name="return.code" value="0" />
    <property name="junit.single.formatter" value="plain" />
    <property name="env.DYLD_LIBRARY_PATH" value="/home/travis/pthla/certi-tools/lib:" />
    <property name="env.DEBIAN_FRONTEND" value="noninteractive" />
    <property name="env.SSH_CONNECTION" value="10.16.1.13 42292 10.20.0.2 22" />
    <property name="env.MYSQL_UNIX_PORT" value="/var/run/mysqld/mysqld.sock" />
    <property name="env.LC_ALL" value="en_US.UTF-8" />
    <property name="env.TRAVIS_ALLOW_FAILURE" value="" />
    <property name="env.TRAVIS_JOB_WEB_URL" value="https://travis-ci.org/icyphy/ptII/jobs/730519638" />
    <property name="java.specification.name" value="Java Platform API Specification" />
    <property name="node.works" value="true" />
    <property name="user.timezone" value="" />
    <property name="path.separator" value=":" />
    <property name="env.TRAVIS_ENABLE_INFRA_DETECTION" value="true" />
    <property name="env.PYTHON_CFLAGS" value="-g -fstack-protector --param=ssp-buffer-size=4 -Wformat -Werror=format-security" />
    <property name="timeout.long" value="4000000" />
    <property name="env.CERTI_HOME" value="/home/travis/pthla/certi-tools" />
    <property name="ant.file.ptII" value="/home/travis/build/icyphy/ptII/build.xml" />
    <property name="javadoc.packagenames" value="com.*,diva.*,lbnl.*,org.hlacerti.*,org.json.*,org.ptolemy.*,org.terraswarm.*,ptolemy.*,ptserver.*" />
    <property name="file.encoding" value="UTF-8" />
    <property name="env.TRAVIS_PULL_REQUEST_SLUG" value="" />
    <property name="ant.project.default-target" value="build" />
    <property name="env.GIT_ASKPASS" value="echo" />
    <property name="env.HOME" value="/home/travis" />
    <property name="sun.java.command" value="org.apache.tools.ant.taskdefs.optional.junit.JUnitTestRunner ptolemy.actor.lib.test.junit.JUnitTclTest skipNonTests=false filtertrace=true haltOnError=false haltOnFailure=false formatter=org.apache.tools.ant.taskdefs.optional.junit.OutErrSummaryJUnitResultFormatter showoutput=true outputtoformatters=true logfailedtests=true threadid=0 logtestlistenerevents=false formatter=org.apache.tools.ant.taskdefs.optional.junit.XMLJUnitResultFormatter,/home/travis/build/icyphy/ptII/reports/junit/TEST-ptolemy.actor.lib.test.junit.JUnitTclTest.xml crashfile=/home/travis/build/icyphy/ptII/junitvmwatcher13444295224707576082.properties propsfile=/home/travis/build/icyphy/ptII/junit9401697592784542016.properties" />
    <property name="env.COMPOSER_NO_INTERACTION" value="1" />
    <property name="env.MANPATH" value="/home/travis/.nvm/versions/node/v7.10.1/share/man:/home/travis/.rvm/rubies/ruby-2.5.3/share/man:/usr/local/cmake-3.12.4/man:/usr/local/clang-7.0.0/share/man:/usr/local/man:/usr/local/share/man:/usr/share/man:/home/travis/.rvm/man" />
    <property name="env.TRAVIS_TIMER_ID" value="051342a1" />
    <property name="ant.file" value="/home/travis/build/icyphy/ptII/build.xml" />
    <property name="env.TRAVIS_COMMIT_RANGE" value="3bb573e462e9b4151952318d01b7e361e9f419ad...74248200255084cca0f8d02e5ad09f36c0965423" />
    <property name="ptII.classpath.optional.property" value="/home/travis/build/icyphy/ptII/lib/bsh-2.0b4.jar:/home/travis/build/icyphy/ptII/lib/ptCal.jar:/home/travis/build/icyphy/ptII/lib/java_cup.jar:/home/travis/build/icyphy/ptII/lib/saxon8.jar:/home/travis/build/icyphy/ptII/lib/saxon8-dom.jar:/home/travis/build/icyphy/ptII/lib/chic.jar:/home/travis/build/icyphy/ptII/lib/ptcolt.jar:/home/travis/build/icyphy/ptII/vendors/misc/itext/iText.jar:/home/travis/build/icyphy/ptII/lib/g4ltl.jar:/home/travis/build/icyphy/ptII/lib/StructuralCoder.jar:/home/travis/build/icyphy/ptII/lib/jcerti.jar:/home/travis/build/icyphy/ptII/lib/javax.mail.jar:/home/travis/build/icyphy/ptII/vendors/JMF-2.1.1e/lib/jmf.jar:/home/travis/build/icyphy/ptII/lib/jna-4.0.0-variadic.jar:/home/travis/build/icyphy/ptII/vendors/misc/joystick/Joystick.jar:/home/travis/build/icyphy/ptII/lib/ptjacl.jar:/home/travis/build/icyphy/ptII/lib/jsoup-1.8.2.jar:/home/travis/build/icyphy/ptII/lib/junit-4.8.2.jar:/home/travis/build/icyphy/ptII/lib/JUnitParams-0.4.0.jar:/home/travis/build/icyphy/ptII/ptolemy/actor/lib/excel/jxl.jar:/home/travis/build/icyphy/ptII/lib/jython.jar:/home/travis/build/icyphy/ptII/lib/kieler.jar:/home/travis/build/icyphy/ptII/vendors/opencv/share/OpenCV/java/opencv-341.jar:/home/travis/build/icyphy/ptII/lib/oscP5.jar:/home/travis/build/icyphy/ptII/lib/nrjavaserial-3.11.0.devel.jar:/home/travis/build/icyphy/ptII/vendors/j3d/lib/Linux/j3dcore.jar:/home/travis/build/icyphy/ptII/vendors/j3d/lib/Linux/j3dutils.jar:/home/travis/build/icyphy/ptII/vendors/j3d/lib/Linux/vecmath.jar:/home/travis/build/icyphy/ptII/vendors/jogl/lib/Linux/gluegen-rt-natives-linux-amd64.jar:/home/travis/build/icyphy/ptII/vendors/jogl/lib/Linux/gluegen-rt.jar:/home/travis/build/icyphy/ptII/vendors/jogl/lib/Linux/jogl-all-natives-linux-amd64.jar:/home/travis/build/icyphy/ptII/vendors/jogl/lib/Linux/jogl-all.jar:/home/travis/build/icyphy/ptII/ptolemy/distributed/jini/jar/jini-core.jar:/home/travis/build/icyphy/ptII/ptolemy/distributed/jini/jar/jini-ext.jar:/home/travis/build/icyphy/ptII/ptolemy/distributed/jini/jar/sun-util.jar:/home/travis/build/icyphy/ptII/lib/protobuf-java-2.4.1.jar:/home/travis/build/icyphy/ptII/lib/org.eclipse.paho.client.mqttv3.jar:/home/travis/build/icyphy/ptII/lib/mapss.jar:/home/travis/build/icyphy/ptII/ptolemy/actor/ptalon/antlr/antlr.jar:/home/travis/build/icyphy/ptII/lib/JRI.jar:/home/travis/build/icyphy/ptII/lib/commons-lang-2.6.jar:/home/travis/build/icyphy/ptII/lib/commons-logging-1.1.1.jar:/home/travis/build/icyphy/ptII/lib/sootclasses.jar:/home/travis/build/icyphy/ptII/ptolemy/actor/lib/database/mysql-connector-java-5.1.6-bin.jar:/home/travis/build/icyphy/ptII/vendors/misc/sphinx4/sphinx4-data-5prealpha.jar:/home/travis/build/icyphy/ptII/vendors/misc/sphinx4/sphinx4-core-5prealpha.jar:/home/travis/build/icyphy/ptII/lib/PDFRenderer.jar:/home/travis/build/icyphy/ptII/lib/svgSalamander.jar:/home/travis/build/icyphy/ptII/lib/rsyntaxtextarea-2.6.0-SNAPSHOT.jar:/home/travis/build/icyphy/ptII/lib/hazelcast-3.8.2.jar:/home/travis/build/icyphy/ptII/lib/jackson-annotations-2.9.0.jar:/home/travis/build/icyphy/ptII/lib/jackson-core-2.9.3.jar:/home/travis/build/icyphy/ptII/lib/jackson-databind-2.9.3.jar:/home/travis/build/icyphy/ptII/lib/netty-buffer-4.1.19.Final.jar:/home/travis/build/icyphy/ptII/lib/netty-codec-4.1.19.Final.jar:/home/travis/build/icyphy/ptII/lib/netty-codec-dns-4.1.19.Final.jar:/home/travis/build/icyphy/ptII/lib/netty-codec-http-4.1.19.Final.jar:/home/travis/build/icyphy/ptII/lib/netty-codec-http2-4.1.19.Final.jar:/home/travis/build/icyphy/ptII/lib/netty-common-4.1.19.Final.jar:/home/travis/build/icyphy/ptII/lib/netty-handler-4.1.19.Final.jar:/home/travis/build/icyphy/ptII/lib/netty-resolver-4.1.19.Final.jar:/home/travis/build/icyphy/ptII/lib/netty-resolver-dns-4.1.19.Final.jar:/home/travis/build/icyphy/ptII/lib/netty-transport-4.1.19.Final.jar:/home/travis/build/icyphy/ptII/lib/vertx-codegen-3.5.1.jar:/home/travis/build/icyphy/ptII/lib/vertx-core-3.5.2-SNAPSHOT.jar:/home/travis/build/icyphy/ptII/lib/vertx-hazelcast-3.5.1.jar:/home/travis/build/icyphy/ptII/lib/vertx-lang-js-3.5.1.jar:/home/travis/build/icyphy/ptII/lib/vertx-service-proxy-3.5.1.jar:/home/travis/build/icyphy/ptII/lib/vertx-web-3.5.1.jar:/home/travis/build/icyphy/ptII/lib/slf4j-api-1.7.13.jar:/home/travis/build/icyphy/ptII/lib/slf4j-simple-1.7.13.jar:/home/travis/build/icyphy/ptII/lib/webcam-capture-0.3.12.jar:/home/travis/build/icyphy/ptII/lib/bridj-0.7.0.jar:/home/travis/build/icyphy/ptII/lib/xbjlib-1.1.0.nrjavaserial.jar" />
    <property name="timeout" value="2400000" />
    <property name="test.batch" value="**/junit/*.java" />
    <property name="env._" value="/usr/bin/timeout" />
    <property name="java.io.tmpdir" value="/tmp" />
    <property name="user.language" value="en" />
    <property name="env.TRAVIS_INTERNAL_RUBY_REGEX" value="^ruby-(2\.[0-4]\.[0-9]|1\.9\.3)" />
    <property name="env.HISTCONTROL" value="ignoredups:ignorespace" />
    <property name="env.GOROOT" value="/home/travis/.gimme/versions/go1.11.1.linux.amd64" />
    <property name="line.separator" value="&#xa;" />
    <property name="target" value="11" />
    <property name="env.TRAVIS_BUILD_DIR" value="/home/travis/build/icyphy/ptII" />
    <property name="env.ANT_OPTS" value="-Xmx2048m" />
    <property name="ant.file.type" value="file" />
    <property name="ptolemy.ptII.batchMode" value="true" />
    <property name="env.HISTSIZE" value="1000" />
    <property name="env.MERB_ENV" value="test" />
    <property name="java.vm.info" value="mixed mode" />
    <property name="source" value="11" />
    <property name="java.vm.specification.name" value="Java Virtual Machine Specification" />
    <property name="env.TRAVIS_TEST_RESULT" value="0" />
    <property name="jsdoc.command" value="node_modules/@terraswarm/jsdoc/jsdoc.js" />
    <property name="npm.works" value="true" />
    <property name="cobertura.dir" value="/home/travis/build/icyphy/ptII/vendors/cobertura-2.0.3" />
    <property name="jsdoc.command.exists" value="true" />
    <property name="env.rvm_path" value="/home/travis/.rvm" />
    <property name="env.GEM_PATH" value="/home/travis/.rvm/gems/ruby-2.5.3:/home/travis/.rvm/gems/ruby-2.5.3@global" />
    <property name="env.LC_CTYPE" value="en_US.UTF-8" />
    <property name="env.TRAVIS_CMD" value="$PTII/bin/ptIITravisBuild.sh $SECONDS" />
    <property name="java.awt.printerjob" value="sun.print.PSPrinterJob" />
    <property name="env.TRAVIS_STACK_NAME" value="sardonyx" />
    <property name="env.TRAVIS_TIMER_START_TIME" value="1601136252494427749" />
    <property name="ant.version" value="Apache Ant(TM) version 1.10.1 compiled on February 2 2017" />
    <property name="ptII.reports" value="/home/travis/build/icyphy/ptII/reports" />
    <property name="env.TRAVIS_STACK_TIMESTAMP" value="2020-06-24 13:13:18 UTC" />
    <property name="ant.file.type.ptII" value="file" />
    <property name="env.RBENV_SHELL" value="bash" />
    <property name="os.name" value="Linux" />
    <property name="java.specification.vendor" value="Oracle Corporation" />
    <property name="env.rvm_version" value="1.29.10 (latest)" />
    <property name="env.TRAVIS_INFRA" value="unknown" />
    <property name="env.TERM" value="xterm" />
    <property name="java.vm.name" value="OpenJDK 64-Bit Server VM" />
    <property name="env.TRAVIS_BUILD_NUMBER" value="1776" />
    <property name="env.CI" value="true" />
    <property name="java.library.path" value="/home/travis/pthla/certi-tools/lib:/usr/lib/jni:/usr/local/share/OpenCV/java/:/usr/share/OpenCV/java::/usr/java/packages/lib:/usr/lib64:/lib64:/lib:/usr/lib" />
    <property name="jdk.module.path" value="/home/travis/build/icyphy/ptII/vendors/javafx/javafx-sdk-11.0.2/lib:" />
    <property name="env.rvm_prefix" value="/home/travis" />
    <property name="env.PATH" value="/home/travis/pthla/certi-tools/share/scripts:/home/travis/.rvm/gems/ruby-2.5.3/bin:/home/travis/.rvm/gems/ruby-2.5.3@global/bin:/home/travis/.rvm/rubies/ruby-2.5.3/bin:/home/travis/.rvm/bin:/home/travis/.nvm/versions/node/v7.10.1/bin:./node_modules/.bin:/home/travis/build/icyphy/ptII/bin:/home/travis/pthla/certi-tools/bin:/home/travis/bin:/home/travis/.local/bin:/usr/local/lib/jvm/openjdk11/bin:/opt/pyenv/shims:/home/travis/.phpenv/shims:/home/travis/perl5/perlbrew/bin:/home/travis/gopath/bin:/home/travis/.gimme/versions/go1.11.1.linux.amd64/bin:/usr/local/maven-3.6.3/bin:/usr/local/cmake-3.12.4/bin:/usr/local/clang-7.0.0/bin:/usr/local/sbin:/usr/local/bin:/usr/sbin:/usr/bin:/sbin:/bin:/snap/bin:/home/travis/.phpenv/bin:/opt/pyenv/bin:/home/travis/.yarn/bin" />
    <property name="env.TRAVIS_OS_NAME" value="linux" />
    <property name="ant.java.version" value="9" />
    <property name="basedir" value="/home/travis/build/icyphy/ptII" />
    <property name="java.class.version" value="55.0" />
    <property name="env.SHLVL" value="3" />
    <property name="env.LD_LIBRARY_PATH" value="/home/travis/pthla/certi-tools/lib:/usr/lib/jni:/usr/local/share/OpenCV/java/:/usr/share/OpenCV/java:" />
    <property name="env.RACK_ENV" value="test" />
    <property name="ant.home" value="/home/travis/build/icyphy/ptII/ant" />
    <property name="env.NVM_DIR" value="/home/travis/.nvm" />
    <property name="env.CERTI_FOM_PATH" value="/home/travis/pthla/certi-tools/share/federations" />
    <property name="env.TRAVIS_BUILD_ID" value="730519628" />
    <property name="env.PYENV_ROOT" value="/opt/pyenv" />
    <property name="env.TRAVIS_UID" value="2000" />
    <property name="prism.verbose" value="true" />
    <property name="env.NVM_BIN" value="/home/travis/.nvm/versions/node/v7.10.1/bin" />
    <property name="env.TRAVIS_COMMIT" value="74248200255084cca0f8d02e5ad09f36c0965423" />
    <property name="node.executable" value="node" />
    <property name="sun.boot.library.path" value="/usr/local/lib/jvm/openjdk11/lib" />
    <property name="sun.management.compiler" value="HotSpot 64-Bit Tiered Compilers" />
    <property name="java.awt.graphicsenv" value="sun.awt.X11GraphicsEnvironment" />
    <property name="env.GOPATH" value="/home/travis/gopath" />
    <property name="ptolemy.ptII.dir" value="/home/travis/build/icyphy/ptII" />
    <property name="env.USER" value="travis" />
    <property name="env.HISTFILESIZE" value="2000" />
    <property name="env.NVM_INC" value="/home/travis/.nvm/versions/node/v7.10.1/include/node" />
    <property name="timeout.longest" value="19000000" />
    <property name="env.PERLBREW_SHELLRC_VERSION" value="0.88" />
    <property name="env.TRAVIS_STACK_FEATURES" value="basic couchdb disabled-ipv6 docker docker-compose elasticsearch firefox go-toolchain google-chrome jdk memcached mongodb mysql nodejs_interpreter perl_interpreter perlbrew phantomjs postgresql python_interpreter redis ruby_interpreter sqlite xserver" />
    <property name="env.TRAVIS_PULL_REQUEST" value="false" />
    <property name="env.PYENV_SHELL" value="bash" />
    <property name="ant.project.name" value="ptII" />
    <property name="env.ANSI_RESET" value="\033[0m" />
    <property name="java.vm.specification.version" value="11" />
    <property name="env.TRAVIS_DIST" value="xenial" />
    <property name="env.CERTI_VERSION" value="4.0.0" />
    <property name="env.CERTI_HOST" value="localhost" />
    <property name="awt.toolkit" value="sun.awt.X11.XToolkit" />
    <property name="env.MY_RUBY_HOME" value="/home/travis/.rvm/rubies/ruby-2.5.3" />
    <property name="sun.cpu.isalist" value="" />
    <property name="env.TRAVIS_TMPDIR" value="/tmp/tmp.yrhgWm8n9m" />
    <property name="java.vm.compressedOopsMode" value="Zero based" />
    <property name="os.version" value="4.15.0-1077-gcp" />
    <property name="user.home" value="/home/travis" />
    <property name="java.vm.vendor" value="Oracle Corporation" />
    <property name="env.TRAVIS_TAG" value="nightly" />
    <property name="env.ANSI_YELLOW" value="\033[33;1m" />
    <property name="env.TRAVIS_FILTERED" value="redirect_io" />
    <property name="env.ANSI_GREEN" value="\033[32;1m" />
    <property name="env.JAVA_HOME" value="/usr/local/lib/jvm/openjdk11" />
    <property name="javadoc.excludepackagenames" value="adm.cvs2svn.*,build.*,config.*,doc.coding.templates.*,jni.test.jni.meaningOfLife.*,jni.test.jni.testDeux.*,jni.test.jni.testTrois.*,org.terraswarm.accessor.accessors.web.node_modules.*,org.terraswarm.accessor.accessors.web.hosts.cordova.demo.*,org.terraswarm.accessor.accessors.web.hosts.cordova.plugins.*,org.terraswarm.accessor.accessors-svn.*,pt-modules.*,ptolemy.apps.agilent.*,ptolemy.apps.anytimecontrol.*,ptolemy.apps.apes.*,ptolemy.apps.charon.*,ptolemy.apps.crazyboard.*,ptolemy.apps.eclipse.*,ptolemy.apps.etherealSting.*,ptolemy.apps.fullscreen.*,ptolemy.apps.giotto.*,ptolemy.apps.ia.*,ptolemy.apps.interfaces.*,ptolemy.apps.jmf.*,ptolemy.apps.kurt.*,ptolemy.apps.kvm.*,ptolemy.apps.lego.*,ptolemy.apps.lejos.*,ptolemy.apps.midp.*,ptolemy.apps.mobileCoding.*,ptolemy.apps.pendulum.*,ptolemy.apps.rijndael.*,ptolemy.apps.robot.*,ptolemy.apps.security.*,ptolemy.apps.sobel.*,ptolemy.apps.soot.*,ptolemy.apps.throttle.*,ptolemy.apps.tini.*,ptolemy.apps.transmission.*,ptolemy.apps.vergil.*,ptolemy.apps.waba.*,ptolemy.apps.websensor.*,ptolemy.apps.webstart.*,ptolemy.apps.xsl.*,ptolemy.apps.zaurus.*,ptolemy.codegen.c.actor.lib.oldJavaFiles.*,ptolemy.codegen.dsp.lib.*,ptolemy.codegen.kernel.newInterfaces.*,ptolemy.codegen.lib.*,ptolemy.copernicus.kernel.fragment.*,ptolemy.copernicus.shallow.cg.*,ptolemy.domains.giotto.demo.Hierarchy.Hierarchy.*,ptolemy.domains.giotto.demo.Multimode.Multimode.*,ptolemy.domains.giotto.demo.Simple.Simple.*,ptolemy.domains.gr.lib.experimental.*,ptolemy.domains.gro.*,ptolemy.domains.pdf.*,ptolemy.domains.ptinyos.demo.Surge.output.*,ptolemy.moml.test.NoPackageActor.java*,ptolemy.plot.adm.*,ptolemy.plot.servlet.*,reports.*,signed.*,src.*,target.*,vendors.*,ptolemy.copernicus.applet.*,ptolemy.media.viewer.*,ptolemy.actor.corba.*,doc.doclets.*,ptolemy.apps.eclipse.awt.*,ptolemy.backtrack.*,ptolemy.backtrack.ast.*,ptolemy.cg.adapter.generic.program.procedural.c.mbed*,ptolemy.homer.*,ptolemy.actor.lib.jai.*,org.ptolemy.scala.*,diva.util.java2d.svg.*,ptolemy.domains.ptinyos.*,ptolemy.actor.lib.fmi.fmipp.*,,org.terraswarm.accessor.accessors.web.node_modules.*,org.terraswarm.accessor.accessors-svn,ptolemy.apps.*,ptolemy.actor.ptalon.demo.ptinyos.SendAndReceiveCnt.output,ptolemy.actor.ptalon.demo.ptinyos.SenseToLeds.output,ptolemy.domains.ptinyos.demo.CntToLedsAndRfm.output,ptolemy.domains.ptinyos.demo.RfmToLeds.output,ptolemy.domains.ptinyos.demo.SendAndReceiveCnt.output,ptolemy.domains.ptinyos.demo.SenseToLeds.output,ptolemy.actor.lib.jjs.modules.udpSocket.*" />
    <property name="env.PTII" value="/home/travis/build/icyphy/ptII" />
    <property name="env.XDG_SESSION_ID" value="2" />
    <property name="keystore" value="ptKeystore" />
    <property name="env.TRAVIS_COMMIT_MESSAGE" value="Exclude org/hlacerti/newModels1516e/VariableArrayPTIIJavaFed" />
    <property name="junit.output.dir" value="/home/travis/build/icyphy/ptII/reports/junit" />
    <property name="npm.return.code" value="0" />
    <property name="user.dir" value="/home/travis/build/icyphy/ptII/ptolemy/actor/lib/test" />
    <property name="env.TRAVIS_NODE_VERSION" value="7" />
    <property name="env.TRAVIS_EVENT_TYPE" value="cron" />
    <property name="env.MAIL" value="/var/mail/travis" />
    <property name="env.PERLBREW_ROOT" value="/home/travis/perl5/perlbrew" />
    <property name="env.PWD" value="/home/travis/build/icyphy/ptII" />
    <property name="timeout.npm" value="45000" />
    <property name="env.TRAVIS_ARCH" value="amd64" />
    <property name="sun.cpu.endian" value="little" />
    <property name="env.PAGER" value="cat" />
    <property name="env.TRAVIS_BUILD_STAGE_NAME" value="test" />
    <property name="env.PERLBREW_HOME" value="/home/travis/.perlbrew" />
    <property name="java.vm.version" value="11.0.2+9" />
    <property name="env.RAILS_ENV" value="test" />
    <property name="java.class.path" value="/home/travis/.ptolemyII:/home/travis/.ptolemyII/*:/home/travis/build/icyphy/ptII:/home/travis/build/icyphy/ptII/lib/bsh-2.0b4.jar:/home/travis/build/icyphy/ptII/lib/ptCal.jar:/home/travis/build/icyphy/ptII/lib/java_cup.jar:/home/travis/build/icyphy/ptII/lib/saxon8.jar:/home/travis/build/icyphy/ptII/lib/saxon8-dom.jar:/home/travis/build/icyphy/ptII/lib/chic.jar:/home/travis/build/icyphy/ptII/lib/ptcolt.jar:/home/travis/build/icyphy/ptII/vendors/misc/itext/iText.jar:/home/travis/build/icyphy/ptII/lib/g4ltl.jar:/home/travis/build/icyphy/ptII/lib/StructuralCoder.jar:/home/travis/build/icyphy/ptII/lib/jcerti.jar:/home/travis/build/icyphy/ptII/lib/javax.mail.jar:/home/travis/build/icyphy/ptII/vendors/JMF-2.1.1e/lib/jmf.jar:/home/travis/build/icyphy/ptII/lib/jna-4.0.0-variadic.jar:/home/travis/build/icyphy/ptII/vendors/misc/joystick/Joystick.jar:/home/travis/build/icyphy/ptII/lib/ptjacl.jar:/home/travis/build/icyphy/ptII/lib/jsoup-1.8.2.jar:/home/travis/build/icyphy/ptII/lib/junit-4.8.2.jar:/home/travis/build/icyphy/ptII/lib/JUnitParams-0.4.0.jar:/home/travis/build/icyphy/ptII/ptolemy/actor/lib/excel/jxl.jar:/home/travis/build/icyphy/ptII/lib/jython.jar:/home/travis/build/icyphy/ptII/lib/kieler.jar:/home/travis/build/icyphy/ptII/vendors/opencv/share/OpenCV/java/opencv-341.jar:/home/travis/build/icyphy/ptII/lib/oscP5.jar:/home/travis/build/icyphy/ptII/lib/nrjavaserial-3.11.0.devel.jar:/home/travis/build/icyphy/ptII/vendors/j3d/lib/Linux/j3dcore.jar:/home/travis/build/icyphy/ptII/vendors/j3d/lib/Linux/j3dutils.jar:/home/travis/build/icyphy/ptII/vendors/j3d/lib/Linux/vecmath.jar:/home/travis/build/icyphy/ptII/vendors/jogl/lib/Linux/gluegen-rt-natives-linux-amd64.jar:/home/travis/build/icyphy/ptII/vendors/jogl/lib/Linux/gluegen-rt.jar:/home/travis/build/icyphy/ptII/vendors/jogl/lib/Linux/jogl-all-natives-linux-amd64.jar:/home/travis/build/icyphy/ptII/vendors/jogl/lib/Linux/jogl-all.jar:/home/travis/build/icyphy/ptII/ptolemy/distributed/jini/jar/jini-core.jar:/home/travis/build/icyphy/ptII/ptolemy/distributed/jini/jar/jini-ext.jar:/home/travis/build/icyphy/ptII/ptolemy/distributed/jini/jar/sun-util.jar:/home/travis/build/icyphy/ptII/lib/protobuf-java-2.4.1.jar:/home/travis/build/icyphy/ptII/lib/org.eclipse.paho.client.mqttv3.jar:/home/travis/build/icyphy/ptII/lib/mapss.jar:/home/travis/build/icyphy/ptII/ptolemy/actor/ptalon/antlr/antlr.jar:/home/travis/build/icyphy/ptII/lib/JRI.jar:/home/travis/build/icyphy/ptII/lib/commons-lang-2.6.jar:/home/travis/build/icyphy/ptII/lib/commons-logging-1.1.1.jar:/home/travis/build/icyphy/ptII/lib/sootclasses.jar:/home/travis/build/icyphy/ptII/ptolemy/actor/lib/database/mysql-connector-java-5.1.6-bin.jar:/home/travis/build/icyphy/ptII/vendors/misc/sphinx4/sphinx4-data-5prealpha.jar:/home/travis/build/icyphy/ptII/vendors/misc/sphinx4/sphinx4-core-5prealpha.jar:/home/travis/build/icyphy/ptII/lib/PDFRenderer.jar:/home/travis/build/icyphy/ptII/lib/svgSalamander.jar:/home/travis/build/icyphy/ptII/lib/rsyntaxtextarea-2.6.0-SNAPSHOT.jar:/home/travis/build/icyphy/ptII/lib/hazelcast-3.8.2.jar:/home/travis/build/icyphy/ptII/lib/jackson-annotations-2.9.0.jar:/home/travis/build/icyphy/ptII/lib/jackson-core-2.9.3.jar:/home/travis/build/icyphy/ptII/lib/jackson-databind-2.9.3.jar:/home/travis/build/icyphy/ptII/lib/netty-buffer-4.1.19.Final.jar:/home/travis/build/icyphy/ptII/lib/netty-codec-4.1.19.Final.jar:/home/travis/build/icyphy/ptII/lib/netty-codec-dns-4.1.19.Final.jar:/home/travis/build/icyphy/ptII/lib/netty-codec-http-4.1.19.Final.jar:/home/travis/build/icyphy/ptII/lib/netty-codec-http2-4.1.19.Final.jar:/home/travis/build/icyphy/ptII/lib/netty-common-4.1.19.Final.jar:/home/travis/build/icyphy/ptII/lib/netty-handler-4.1.19.Final.jar:/home/travis/build/icyphy/ptII/lib/netty-resolver-4.1.19.Final.jar:/home/travis/build/icyphy/ptII/lib/netty-resolver-dns-4.1.19.Final.jar:/home/travis/build/icyphy/ptII/lib/netty-transport-4.1.19.Final.jar:/home/travis/build/icyphy/ptII/lib/vertx-codegen-3.5.1.jar:/home/travis/build/icyphy/ptII/lib/vertx-core-3.5.2-SNAPSHOT.jar:/home/travis/build/icyphy/ptII/lib/vertx-hazelcast-3.5.1.jar:/home/travis/build/icyphy/ptII/lib/vertx-lang-js-3.5.1.jar:/home/travis/build/icyphy/ptII/lib/vertx-service-proxy-3.5.1.jar:/home/travis/build/icyphy/ptII/lib/vertx-web-3.5.1.jar:/home/travis/build/icyphy/ptII/lib/slf4j-api-1.7.13.jar:/home/travis/build/icyphy/ptII/lib/slf4j-simple-1.7.13.jar:/home/travis/build/icyphy/ptII/lib/webcam-capture-0.3.12.jar:/home/travis/build/icyphy/ptII/lib/bridj-0.7.0.jar:/home/travis/build/icyphy/ptII/lib/xbjlib-1.1.0.nrjavaserial.jar:/home/travis/build/icyphy/ptII/ptolemy/moml/test:/home/travis/build/icyphy/ptII/ant/lib/ant-launcher.jar:/home/travis/build/icyphy/ptII/ant/lib/ant.jar:/home/travis/build/icyphy/ptII/ant/lib/ant-junit.jar:/home/travis/build/icyphy/ptII/ant/lib/ant-junit4.jar" />
    <property name="ant.library.dir" value="/home/travis/build/icyphy/ptII/ant/lib" />
    <property name="os.arch" value="amd64" />
    <property name="env.CONTINUOUS_INTEGRATION" value="true" />
    <property name="env.TRAVIS_LANGUAGE" value="node_js" />
    <property name="env.TRAVIS_STACK_LANGUAGES" value="__sardonyx__ c c++ clojure cplusplus cpp default generic go groovy java node_js php pure_java python ruby scala" />
    <property name="test.name" value="ptolemy.actor.lib.test.junit.JUnitTclTest" />
    <property name="env.APT_KEY_DONT_WARN_ON_DANGEROUS_USAGE" value="1" />
    <property name="sun.java.launcher" value="SUN_STANDARD" />
    <property name="env.PYTHON_CONFIGURE_OPTS" value="--enable-unicode=ucs4 --with-wide-unicode --enable-shared --enable-ipv6 --enable-loadable-sqlite-extensions --with-computed-gotos" />
    <property name="ant.core.lib" value="/home/travis/build/icyphy/ptII/ant/lib/ant.jar" />
    <property name="java.vm.specification.vendor" value="Oracle Corporation" />
    <property name="env.BCVTB_HOME" value="/home/travis/build/icyphy/ptII/lbnl" />
    <property name="file.separator" value="/" />
    <property name="spotbugs.home" value="/home/travis/build/icyphy/ptII/vendors/spotbugs-3.1.1" />
    <property name="java.runtime.version" value="11.0.2+9" />
    <property name="env.ANSI_CLEAR" value="\033[0K" />
    <property name="javafx.verbose" value="true" />
    <property name="env.HAS_JOSH_K_SEAL_OF_APPROVAL" value="true" />
    <property name="env.XDG_RUNTIME_DIR" value="/run/user/2000" />
    <property name="env.TRAVIS_OSX_IMAGE" value="" />
    <property name="env.TRAVIS_JOB_ID" value="730519638" />
    <property name="env.TRAVIS_BRANCH" value="master" />
    <property name="user.country" value="US" />
    <property name="env.CERTI_HOME_TRAVIS" value="/home/travis/pthla/certi-tools" />
    <property name="env.SHELL" value="/bin/bash" />
    <property name="java.maxmemory.large" value="3200m" />
    <property name="model" value="" />
    <property name="env.CASHER_DIR" value="/home/travis/.casher" />
    <property name="env.NVM_CD_FLAGS" value="" />
    <property name="java.vendor.version" value="18.9" />
    <property name="jshint.executable" value="/home/travis/node_modules/jshint/bin/jshint" />
    <property name="env.JRUBY_OPTS" value=" --client -J-XX:+TieredCompilation -J-XX:TieredStopAtLevel=1 -J-Xss2m -Xcompile.invokedynamic=false" />
    <property name="java.vendor" value="Oracle Corporation" />
    <property name="env.TRAVIS_PRE_CHEF_BOOTSTRAP_TIME" value="2020-06-24T13:13:03" />
    <property name="env.TRAVIS_STACK_JOB_BOARD_REGISTER" value="/.job-board-register.yml" />
    <property name="env.ANSI_RED" value="\033[31;1m" />
    <property name="java.specification.version" value="11" />
    <property name="env.IRBRC" value="/home/travis/.rvm/rubies/ruby-2.5.3/.irbrc" />
    <property name="env.TRAVIS" value="true" />
    <property name="sun.arch.data.model" value="64" />
  </properties>
  <testcase classname="ptolemy.util.test.junit.TclTests" name="[0] /home/travis/build/icyphy/ptII/ptolemy/actor/lib/test/AbsoluteValue.tcl (RunTclFile)" time="0.613" />
  <testcase classname="ptolemy.util.test.junit.TclTests" name="[1] /home/travis/build/icyphy/ptII/ptolemy/actor/lib/test/AddSubtract.tcl (RunTclFile)" time="0.206" />
  <testcase classname="ptolemy.util.test.junit.TclTests" name="[2] /home/travis/build/icyphy/ptII/ptolemy/actor/lib/test/Average.tcl (RunTclFile)" time="0.077" />
  <testcase classname="ptolemy.util.test.junit.TclTests" name="[3] /home/travis/build/icyphy/ptII/ptolemy/actor/lib/test/Bernoulli.tcl (RunTclFile)" time="0.044" />
  <testcase classname="ptolemy.util.test.junit.TclTests" name="[4] /home/travis/build/icyphy/ptII/ptolemy/actor/lib/test/Clock.tcl (RunTclFile)" time="0.115" />
  <testcase classname="ptolemy.util.test.junit.TclTests" name="[5] /home/travis/build/icyphy/ptII/ptolemy/actor/lib/test/Commutator.tcl (RunTclFile)" time="0.165" />
  <testcase classname="ptolemy.util.test.junit.TclTests" name="[6] /home/travis/build/icyphy/ptII/ptolemy/actor/lib/test/Const.tcl (RunTclFile)" time="0.083" />
  <testcase classname="ptolemy.util.test.junit.TclTests" name="[7] /home/travis/build/icyphy/ptII/ptolemy/actor/lib/test/CurrentTime.tcl (RunTclFile)" time="0.021" />
  <testcase classname="ptolemy.util.test.junit.TclTests" name="[8] /home/travis/build/icyphy/ptII/ptolemy/actor/lib/test/DB.tcl (RunTclFile)" time="0.023" />
  <testcase classname="ptolemy.util.test.junit.TclTests" name="[9] /home/travis/build/icyphy/ptII/ptolemy/actor/lib/test/DiscreteRandomSource.tcl (RunTclFile)" time="0.062" />
  <testcase classname="ptolemy.util.test.junit.TclTests" name="[10] /home/travis/build/icyphy/ptII/ptolemy/actor/lib/test/Distributor.tcl (RunTclFile)" time="0.094" />
  <testcase classname="ptolemy.util.test.junit.TclTests" name="[11] /home/travis/build/icyphy/ptII/ptolemy/actor/lib/test/Exit.tcl (RunTclFile)" time="0.121" />
  <testcase classname="ptolemy.util.test.junit.TclTests" name="[12] /home/travis/build/icyphy/ptII/ptolemy/actor/lib/test/Expression.tcl (RunTclFile)" time="0.144" />
  <testcase classname="ptolemy.util.test.junit.TclTests" name="[13] /home/travis/build/icyphy/ptII/ptolemy/actor/lib/test/Gaussian.tcl (RunTclFile)" time="0.16" />
  <testcase classname="ptolemy.util.test.junit.TclTests" name="[14] /home/travis/build/icyphy/ptII/ptolemy/actor/lib/test/IIR.tcl (RunTclFile)" time="0.023" />
  <testcase classname="ptolemy.util.test.junit.TclTests" name="[15] /home/travis/build/icyphy/ptII/ptolemy/actor/lib/test/Interpolator.tcl (RunTclFile)" time="0.097" />
  <testcase classname="ptolemy.util.test.junit.TclTests" name="[16] /home/travis/build/icyphy/ptII/ptolemy/actor/lib/test/MathFunction.tcl (RunTclFile)" time="0.072" />
  <testcase classname="ptolemy.util.test.junit.TclTests" name="[17] /home/travis/build/icyphy/ptII/ptolemy/actor/lib/test/Maximum.tcl (RunTclFile)" time="0.043" />
  <testcase classname="ptolemy.util.test.junit.TclTests" name="[18] /home/travis/build/icyphy/ptII/ptolemy/actor/lib/test/Minimum.tcl (RunTclFile)" time="0.031" />
  <testcase classname="ptolemy.util.test.junit.TclTests" name="[19] /home/travis/build/icyphy/ptII/ptolemy/actor/lib/test/MultiplyDivide.tcl (RunTclFile)" time="0.048" />
  <testcase classname="ptolemy.util.test.junit.TclTests" name="[20] /home/travis/build/icyphy/ptII/ptolemy/actor/lib/test/OrderedMerge.tcl (RunTclFile)" time="0.146" />
  <testcase classname="ptolemy.util.test.junit.TclTests" name="[21] /home/travis/build/icyphy/ptII/ptolemy/actor/lib/test/Publisher.tcl (RunTclFile)" time="0.786" />
  <testcase classname="ptolemy.util.test.junit.TclTests" name="[22] /home/travis/build/icyphy/ptII/ptolemy/actor/lib/test/Pulse.tcl (RunTclFile)" time="0.063" />
  <testcase classname="ptolemy.util.test.junit.TclTests" name="[23] /home/travis/build/icyphy/ptII/ptolemy/actor/lib/test/Ramp.tcl (RunTclFile)" time="2.236" />
  <testcase classname="ptolemy.util.test.junit.TclTests" name="[24] /home/travis/build/icyphy/ptII/ptolemy/actor/lib/test/RampContinuous.tcl (RunTclFile)" time="0.032" />
  <testcase classname="ptolemy.util.test.junit.TclTests" name="[25] /home/travis/build/icyphy/ptII/ptolemy/actor/lib/test/RecordAssembler.tcl (RunTclFile)" time="0.019" />
  <testcase classname="ptolemy.util.test.junit.TclTests" name="[26] /home/travis/build/icyphy/ptII/ptolemy/actor/lib/test/RecordDisassembler.tcl (RunTclFile)" time="0.037" />
  <testcase classname="ptolemy.util.test.junit.TclTests" name="[27] /home/travis/build/icyphy/ptII/ptolemy/actor/lib/test/Scale.tcl (RunTclFile)" time="0.04" />
  <testcase classname="ptolemy.util.test.junit.TclTests" name="[28] /home/travis/build/icyphy/ptII/ptolemy/actor/lib/test/SequentialClock.tcl (RunTclFile)" time="0.016" />
  <testcase classname="ptolemy.util.test.junit.TclTests" name="[29] /home/travis/build/icyphy/ptII/ptolemy/actor/lib/test/SetVariable.tcl (RunTclFile)" time="0.011" />
  <testcase classname="ptolemy.util.test.junit.TclTests" name="[30] /home/travis/build/icyphy/ptII/ptolemy/actor/lib/test/Sinewave.tcl (RunTclFile)" time="0.062" />
  <testcase classname="ptolemy.util.test.junit.TclTests" name="[31] /home/travis/build/icyphy/ptII/ptolemy/actor/lib/test/SubscriptionAggregator.tcl (RunTclFile)" time="2.078" />
  <testcase classname="ptolemy.util.test.junit.TclTests" name="[32] /home/travis/build/icyphy/ptII/ptolemy/actor/lib/test/Test.tcl (RunTclFile)" time="0.073" />
  <testcase classname="ptolemy.util.test.junit.TclTests" name="[33] /home/travis/build/icyphy/ptII/ptolemy/actor/lib/test/TestExceptionHandler.tcl (RunTclFile)" time="0.01" />
  <testcase classname="ptolemy.util.test.junit.TclTests" name="[34] /home/travis/build/icyphy/ptII/ptolemy/actor/lib/test/UnionDisassembler.tcl (RunTclFile)" time="0.044" />
  <testcase classname="ptolemy.util.test.junit.TclTests" name="[35] /home/travis/build/icyphy/ptII/ptolemy/actor/lib/test/VariableClock.tcl (RunTclFile)" time="0.014" />
  <testcase classname="ptolemy.util.test.junit.AutoKnownFailedTests" name="[0] /home/travis/build/icyphy/ptII/ptolemy/actor/lib/test/auto/knownFailedTests/PublisherPortToplevelSubscriber.xml (RunModel)" time="0.024" />
  <testcase classname="ptolemy.util.test.junit.AutoKnownFailedTests" name="[1] /home/travis/build/icyphy/ptII/ptolemy/actor/lib/test/auto/knownFailedTests/PublisherSubscriberPortToplevel.xml (RunModel)" time="0.022" />
  <testcase classname="ptolemy.util.test.junit.AutoKnownFailedTests" name="[2] /home/travis/build/icyphy/ptII/ptolemy/actor/lib/test/auto/knownFailedTests/PublisherSubscriptionAggregatorPort.xml (RunModel)" time="0.02" />
  <testcase classname="ptolemy.util.test.junit.AutoKnownFailedTests" name="[3] /home/travis/build/icyphy/ptII/ptolemy/actor/lib/test/auto/knownFailedTests/sizedarray3.xml (RunModel)" time="0.028" />
  <testcase classname="ptolemy.util.test.junit.AutoNameArchTests" name="[0] ThereAreNoAutoArchTests (RunModel)" time="0.002" />
  <testcase classname="ptolemy.util.test.junit.AutoTests" name="[0] /home/travis/build/icyphy/ptII/ptolemy/actor/lib/test/auto/AbsoluteValue.xml (RunModel)" time="0.107" />
  <testcase classname="ptolemy.util.test.junit.AutoTests" name="[1] /home/travis/build/icyphy/ptII/ptolemy/actor/lib/test/auto/AbsoluteValue2.xml (RunModel)" time="0.052" />
  <testcase classname="ptolemy.util.test.junit.AutoTests" name="[2] /home/travis/build/icyphy/ptII/ptolemy/actor/lib/test/auto/Accumulator.xml (RunModel)" time="0.047" />
  <testcase classname="ptolemy.util.test.junit.AutoTests" name="[3] /home/travis/build/icyphy/ptII/ptolemy/actor/lib/test/auto/Accumulator2.xml (RunModel)" time="0.049" />
  <testcase classname="ptolemy.util.test.junit.AutoTests" name="[4] /home/travis/build/icyphy/ptII/ptolemy/actor/lib/test/auto/Accumulator3.xml (RunModel)" time="0.044" />
  <testcase classname="ptolemy.util.test.junit.AutoTests" name="[5] /home/travis/build/icyphy/ptII/ptolemy/actor/lib/test/auto/ArrayAppend.xml (RunModel)" time="0.03" />
  <testcase classname="ptolemy.util.test.junit.AutoTests" name="[6] /home/travis/build/icyphy/ptII/ptolemy/actor/lib/test/auto/ArrayAppend2.xml (RunModel)" time="0.354" />
  <testcase classname="ptolemy.util.test.junit.AutoTests" name="[7] /home/travis/build/icyphy/ptII/ptolemy/actor/lib/test/auto/ArrayAppend3.xml (RunModel)" time="0.043" />
  <testcase classname="ptolemy.util.test.junit.AutoTests" name="[8] /home/travis/build/icyphy/ptII/ptolemy/actor/lib/test/auto/ArrayAppend4.xml (RunModel)" time="0.024" />
  <testcase classname="ptolemy.util.test.junit.AutoTests" name="[9] /home/travis/build/icyphy/ptII/ptolemy/actor/lib/test/auto/ArrayAppend5.xml (RunModel)" time="0.018" />
  <testcase classname="ptolemy.util.test.junit.AutoTests" name="[10] /home/travis/build/icyphy/ptII/ptolemy/actor/lib/test/auto/ArrayAppend6.xml (RunModel)" time="0.023" />
  <testcase classname="ptolemy.util.test.junit.AutoTests" name="[11] /home/travis/build/icyphy/ptII/ptolemy/actor/lib/test/auto/ArrayAppendPerformanceTest.xml (RunModel)" time="0.134" />
  <testcase classname="ptolemy.util.test.junit.AutoTests" name="[12] /home/travis/build/icyphy/ptII/ptolemy/actor/lib/test/auto/ArrayAppendWithEmptyInput.xml (RunModel)" time="0.066" />
  <testcase classname="ptolemy.util.test.junit.AutoTests" name="[13] /home/travis/build/icyphy/ptII/ptolemy/actor/lib/test/auto/ArrayAverage.xml (RunModel)" time="0.049" />
  <testcase classname="ptolemy.util.test.junit.AutoTests" name="[14] /home/travis/build/icyphy/ptII/ptolemy/actor/lib/test/auto/ArrayContains.xml (RunModel)" time="0.022" />
  <testcase classname="ptolemy.util.test.junit.AutoTests" name="[15] /home/travis/build/icyphy/ptII/ptolemy/actor/lib/test/auto/ArrayElement.xml (RunModel)" time="0.035" />
  <testcase classname="ptolemy.util.test.junit.AutoTests" name="[16] /home/travis/build/icyphy/ptII/ptolemy/actor/lib/test/auto/ArrayElementAsMatrix.xml (RunModel)" time="0.081" />
  <testcase classname="ptolemy.util.test.junit.AutoTests" name="[17] /home/travis/build/icyphy/ptII/ptolemy/actor/lib/test/auto/ArrayElementI.xml (RunModel)" time="0.02" />
  <testcase classname="ptolemy.util.test.junit.AutoTests" name="[18] /home/travis/build/icyphy/ptII/ptolemy/actor/lib/test/auto/ArrayExtract.xml (RunModel)" time="0.045" />
  <testcase classname="ptolemy.util.test.junit.AutoTests" name="[19] /home/travis/build/icyphy/ptII/ptolemy/actor/lib/test/auto/ArrayExtract2.xml (RunModel)" time="0.018" />
  <testcase classname="ptolemy.util.test.junit.AutoTests" name="[20] /home/travis/build/icyphy/ptII/ptolemy/actor/lib/test/auto/ArrayLength.xml (RunModel)" time="0.031" />
  <testcase classname="ptolemy.util.test.junit.AutoTests" name="[21] /home/travis/build/icyphy/ptII/ptolemy/actor/lib/test/auto/ArrayLevelCrossing.xml (RunModel)" time="0.028" />
  <testcase classname="ptolemy.util.test.junit.AutoTests" name="[22] /home/travis/build/icyphy/ptII/ptolemy/actor/lib/test/auto/ArrayLevelCrossing2.xml (RunModel)" time="0.027" />
  <testcase classname="ptolemy.util.test.junit.AutoTests" name="[23] /home/travis/build/icyphy/ptII/ptolemy/actor/lib/test/auto/ArrayPeakSearch.xml (RunModel)" time="0.041" />
  <testcase classname="ptolemy.util.test.junit.AutoTests" name="[24] /home/travis/build/icyphy/ptII/ptolemy/actor/lib/test/auto/ArrayPeakSearch2.xml (RunModel)" time="0.042" />
  <testcase classname="ptolemy.util.test.junit.AutoTests" name="[25] /home/travis/build/icyphy/ptII/ptolemy/actor/lib/test/auto/ArrayPeakSearch3.xml (RunModel)" time="0.033" />
  <testcase classname="ptolemy.util.test.junit.AutoTests" name="[26] /home/travis/build/icyphy/ptII/ptolemy/actor/lib/test/auto/ArrayRemoveElement.xml (RunModel)" time="0.034" />
  <testcase classname="ptolemy.util.test.junit.AutoTests" name="[27] /home/travis/build/icyphy/ptII/ptolemy/actor/lib/test/auto/ArraySort.xml (RunModel)" time="0.035" />
  <testcase classname="ptolemy.util.test.junit.AutoTests" name="[28] /home/travis/build/icyphy/ptII/ptolemy/actor/lib/test/auto/ArraySum.xml (RunModel)" time="0.02" />
  <testcase classname="ptolemy.util.test.junit.AutoTests" name="[29] /home/travis/build/icyphy/ptII/ptolemy/actor/lib/test/auto/ArrayToElements.xml (RunModel)" time="0.021" />
  <testcase classname="ptolemy.util.test.junit.AutoTests" name="[30] /home/travis/build/icyphy/ptII/ptolemy/actor/lib/test/auto/ArrayToMatrix.xml (RunModel)" time="0.046" />
  <testcase classname="ptolemy.util.test.junit.AutoTests" name="[31] /home/travis/build/icyphy/ptII/ptolemy/actor/lib/test/auto/ArrayUpdate1.xml (RunModel)" time="0.027" />
  <testcase classname="ptolemy.util.test.junit.AutoTests" name="[32] /home/travis/build/icyphy/ptII/ptolemy/actor/lib/test/auto/ArrayUpdate2.xml (RunModel)" time="0.034" />
  <testcase classname="ptolemy.util.test.junit.AutoTests" name="[33] /home/travis/build/icyphy/ptII/ptolemy/actor/lib/test/auto/ArrayUpdate3.xml (RunModel)" time="0.02" />
  <testcase classname="ptolemy.util.test.junit.AutoTests" name="[34] /home/travis/build/icyphy/ptII/ptolemy/actor/lib/test/auto/Assert1.xml (RunModel)" time="0.023" />
  <testcase classname="ptolemy.util.test.junit.AutoTests" name="[35] /home/travis/build/icyphy/ptII/ptolemy/actor/lib/test/auto/Assert2.xml (RunModel)" time="0.018" />
  <testcase classname="ptolemy.util.test.junit.AutoTests" name="[36] /home/travis/build/icyphy/ptII/ptolemy/actor/lib/test/auto/BooleanMultiplexor.xml (RunModel)" time="0.018" />
  <testcase classname="ptolemy.util.test.junit.AutoTests" name="[37] /home/travis/build/icyphy/ptII/ptolemy/actor/lib/test/auto/BooleanMultiplexor2.xml (RunModel)" time="0.029" />
  <testcase classname="ptolemy.util.test.junit.AutoTests" name="[38] /home/travis/build/icyphy/ptII/ptolemy/actor/lib/test/auto/BooleanMultiplexor3.xml (RunModel)" time="0.023" />
  <testcase classname="ptolemy.util.test.junit.AutoTests" name="[39] /home/travis/build/icyphy/ptII/ptolemy/actor/lib/test/auto/BooleanSelect.xml (RunModel)" time="0.022" />
  <testcase classname="ptolemy.util.test.junit.AutoTests" name="[40] /home/travis/build/icyphy/ptII/ptolemy/actor/lib/test/auto/BooleanSelect2.xml (RunModel)" time="0.018" />
  <testcase classname="ptolemy.util.test.junit.AutoTests" name="[41] /home/travis/build/icyphy/ptII/ptolemy/actor/lib/test/auto/BooleanSwitch.xml (RunModel)" time="0.021" />
  <testcase classname="ptolemy.util.test.junit.AutoTests" name="[42] /home/travis/build/icyphy/ptII/ptolemy/actor/lib/test/auto/BooleanSwitch2.xml (RunModel)" time="0.015" />
  <testcase classname="ptolemy.util.test.junit.AutoTests" name="[43] /home/travis/build/icyphy/ptII/ptolemy/actor/lib/test/auto/BooleanSwitchCloningBugWithClassRelationGroup.xml (RunModel)" time="0.04" />
  <testcase classname="ptolemy.util.test.junit.AutoTests" name="[44] /home/travis/build/icyphy/ptII/ptolemy/actor/lib/test/auto/BusActors.xml (RunModel)" time="0.03" />
  <testcase classname="ptolemy.util.test.junit.AutoTests" name="[45] /home/travis/build/icyphy/ptII/ptolemy/actor/lib/test/auto/ClassWrapper.xml (RunModel)" time="0.022" />
  <testcase classname="ptolemy.util.test.junit.AutoTests" name="[46] /home/travis/build/icyphy/ptII/ptolemy/actor/lib/test/auto/Clock.xml (RunModel)" time="0.011" />
  <testcase classname="ptolemy.util.test.junit.AutoTests" name="[47] /home/travis/build/icyphy/ptII/ptolemy/actor/lib/test/auto/Clock10.xml (RunModel)" time="0.017" />
  <testcase classname="ptolemy.util.test.junit.AutoTests" name="[48] /home/travis/build/icyphy/ptII/ptolemy/actor/lib/test/auto/Clock11.xml (RunModel)" time="0.019" />
  <testcase classname="ptolemy.util.test.junit.AutoTests" name="[49] /home/travis/build/icyphy/ptII/ptolemy/actor/lib/test/auto/Clock12.xml (RunModel)" time="0.02" />
  <testcase classname="ptolemy.util.test.junit.AutoTests" name="[50] /home/travis/build/icyphy/ptII/ptolemy/actor/lib/test/auto/Clock13.xml (RunModel)" time="0.023" />
  <testcase classname="ptolemy.util.test.junit.AutoTests" name="[51] /home/travis/build/icyphy/ptII/ptolemy/actor/lib/test/auto/Clock14.xml (RunModel)" time="0.018" />
  <testcase classname="ptolemy.util.test.junit.AutoTests" name="[52] /home/travis/build/icyphy/ptII/ptolemy/actor/lib/test/auto/Clock15.xml (RunModel)" time="0.012" />
  <testcase classname="ptolemy.util.test.junit.AutoTests" name="[53] /home/travis/build/icyphy/ptII/ptolemy/actor/lib/test/auto/Clock16.xml (RunModel)" time="0.08" />
  <testcase classname="ptolemy.util.test.junit.AutoTests" name="[54] /home/travis/build/icyphy/ptII/ptolemy/actor/lib/test/auto/Clock17.xml (RunModel)" time="0.037" />
  <testcase classname="ptolemy.util.test.junit.AutoTests" name="[55] /home/travis/build/icyphy/ptII/ptolemy/actor/lib/test/auto/Clock18.xml (RunModel)" time="0.045" />
  <testcase classname="ptolemy.util.test.junit.AutoTests" name="[56] /home/travis/build/icyphy/ptII/ptolemy/actor/lib/test/auto/Clock19.xml (RunModel)" time="0.05" />
  <testcase classname="ptolemy.util.test.junit.AutoTests" name="[57] /home/travis/build/icyphy/ptII/ptolemy/actor/lib/test/auto/Clock2.xml (RunModel)" time="0.01" />
  <testcase classname="ptolemy.util.test.junit.AutoTests" name="[58] /home/travis/build/icyphy/ptII/ptolemy/actor/lib/test/auto/Clock20.xml (RunModel)" time="0.017" />
  <testcase classname="ptolemy.util.test.junit.AutoTests" name="[59] /home/travis/build/icyphy/ptII/ptolemy/actor/lib/test/auto/Clock21.xml (RunModel)" time="0.015" />
  <testcase classname="ptolemy.util.test.junit.AutoTests" name="[60] /home/travis/build/icyphy/ptII/ptolemy/actor/lib/test/auto/Clock22.xml (RunModel)" time="0.016" />
  <testcase classname="ptolemy.util.test.junit.AutoTests" name="[61] /home/travis/build/icyphy/ptII/ptolemy/actor/lib/test/auto/Clock23.xml (RunModel)" time="0.016" />
  <testcase classname="ptolemy.util.test.junit.AutoTests" name="[62] /home/travis/build/icyphy/ptII/ptolemy/actor/lib/test/auto/Clock24.xml (RunModel)" time="0.015" />
  <testcase classname="ptolemy.util.test.junit.AutoTests" name="[63] /home/travis/build/icyphy/ptII/ptolemy/actor/lib/test/auto/Clock4.xml (RunModel)" time="0.016" />
  <testcase classname="ptolemy.util.test.junit.AutoTests" name="[64] /home/travis/build/icyphy/ptII/ptolemy/actor/lib/test/auto/Clock5.xml (RunModel)" time="0.017" />
  <testcase classname="ptolemy.util.test.junit.AutoTests" name="[65] /home/travis/build/icyphy/ptII/ptolemy/actor/lib/test/auto/Clock6.xml (RunModel)" time="0.015" />
  <testcase classname="ptolemy.util.test.junit.AutoTests" name="[66] /home/travis/build/icyphy/ptII/ptolemy/actor/lib/test/auto/Clock7.xml (RunModel)" time="0.009" />
  <testcase classname="ptolemy.util.test.junit.AutoTests" name="[67] /home/travis/build/icyphy/ptII/ptolemy/actor/lib/test/auto/Clock8.xml (RunModel)" time="0.011" />
  <testcase classname="ptolemy.util.test.junit.AutoTests" name="[68] /home/travis/build/icyphy/ptII/ptolemy/actor/lib/test/auto/Clock9.xml (RunModel)" time="0.015" />
  <testcase classname="ptolemy.util.test.junit.AutoTests" name="[69] /home/travis/build/icyphy/ptII/ptolemy/actor/lib/test/auto/CommDistDiscard.xml (RunModel)" time="0.018" />
  <testcase classname="ptolemy.util.test.junit.AutoTests" name="[70] /home/travis/build/icyphy/ptII/ptolemy/actor/lib/test/auto/Commutator.xml (RunModel)" time="0.016" />
  <testcase classname="ptolemy.util.test.junit.AutoTests" name="[71] /home/travis/build/icyphy/ptII/ptolemy/actor/lib/test/auto/Commutator2.xml (RunModel)" time="0.009" />
  <testcase classname="ptolemy.util.test.junit.AutoTests" name="[72] /home/travis/build/icyphy/ptII/ptolemy/actor/lib/test/auto/Commutator3.xml (RunModel)" time="0.015" />
  <testcase classname="ptolemy.util.test.junit.AutoTests" name="[73] /home/travis/build/icyphy/ptII/ptolemy/actor/lib/test/auto/Compare.xml (RunModel)" time="0.018" />
  <testcase classname="ptolemy.util.test.junit.AutoTests" name="[74] /home/travis/build/icyphy/ptII/ptolemy/actor/lib/test/auto/CompareDE.xml (RunModel)" time="0.017" />
  <testcase classname="ptolemy.util.test.junit.AutoTests" name="[75] /home/travis/build/icyphy/ptII/ptolemy/actor/lib/test/auto/ComplexDivide.xml (RunModel)" time="0.008" />
  <testcase classname="ptolemy.util.test.junit.AutoTests" name="[76] /home/travis/build/icyphy/ptII/ptolemy/actor/lib/test/auto/ComputeHistogram.xml (RunModel)" time="0.062" />
  <testcase classname="ptolemy.util.test.junit.AutoTests" name="[77] /home/travis/build/icyphy/ptII/ptolemy/actor/lib/test/auto/ConfigurationSelect.xml (RunModel)" time="0.02" />
  <testcase classname="ptolemy.util.test.junit.AutoTests" name="[78] /home/travis/build/icyphy/ptII/ptolemy/actor/lib/test/auto/ConfigurationSelect2.xml (RunModel)" time="0.011" />
  <testcase classname="ptolemy.util.test.junit.AutoTests" name="[79] /home/travis/build/icyphy/ptII/ptolemy/actor/lib/test/auto/ConfigurationSwitch.xml (RunModel)" time="0.031" />
  <testcase classname="ptolemy.util.test.junit.AutoTests" name="[80] /home/travis/build/icyphy/ptII/ptolemy/actor/lib/test/auto/ConfigurationSwitch2.xml (RunModel)" time="0.016" />
  <testcase classname="ptolemy.util.test.junit.AutoTests" name="[81] /home/travis/build/icyphy/ptII/ptolemy/actor/lib/test/auto/ConfigurationSwitchCloningBugWithClassRelationGroup.xml (RunModel)" time="0.016" />
  <testcase classname="ptolemy.util.test.junit.AutoTests" name="[82] /home/travis/build/icyphy/ptII/ptolemy/actor/lib/test/auto/ConfigurationSwitchSelectSDF.xml (RunModel)" time="0.014" />
  <testcase classname="ptolemy.util.test.junit.AutoTests" name="[83] /home/travis/build/icyphy/ptII/ptolemy/actor/lib/test/auto/ConfigurationSwitchSelectSDF2.xml (RunModel)" time="0.013" />
  <testcase classname="ptolemy.util.test.junit.AutoTests" name="[84] /home/travis/build/icyphy/ptII/ptolemy/actor/lib/test/auto/Const.xml (RunModel)" time="0.007" />
  <testcase classname="ptolemy.util.test.junit.AutoTests" name="[85] /home/travis/build/icyphy/ptII/ptolemy/actor/lib/test/auto/Const2.xml (RunModel)" time="0.01" />
  <testcase classname="ptolemy.util.test.junit.AutoTests" name="[86] /home/travis/build/icyphy/ptII/ptolemy/actor/lib/test/auto/Const3.xml (RunModel)" time="0.012" />
  <testcase classname="ptolemy.util.test.junit.AutoTests" name="[87] /home/travis/build/icyphy/ptII/ptolemy/actor/lib/test/auto/ConstantPublisherPort1.xml (RunModel)" time="0.034" />
  <testcase classname="ptolemy.util.test.junit.AutoTests" name="[88] /home/travis/build/icyphy/ptII/ptolemy/actor/lib/test/auto/ConstantPublisherPort2.xml (RunModel)" time="0.037" />
  <testcase classname="ptolemy.util.test.junit.AutoTests" name="[89] /home/travis/build/icyphy/ptII/ptolemy/actor/lib/test/auto/ConstantPublisherPort3.xml (RunModel)" time="0.03" />
  <testcase classname="ptolemy.util.test.junit.AutoTests" name="[90] /home/travis/build/icyphy/ptII/ptolemy/actor/lib/test/auto/ConstantPublisherPort4.xml (RunModel)" time="0.026" />
  <testcase classname="ptolemy.util.test.junit.AutoTests" name="[91] /home/travis/build/icyphy/ptII/ptolemy/actor/lib/test/auto/ConstantPublisherPort5.xml (RunModel)" time="0.052" />
  <testcase classname="ptolemy.util.test.junit.AutoTests" name="[92] /home/travis/build/icyphy/ptII/ptolemy/actor/lib/test/auto/ConstantPublisherPort6.xml (RunModel)" time="0.038" />
  <testcase classname="ptolemy.util.test.junit.AutoTests" name="[93] /home/travis/build/icyphy/ptII/ptolemy/actor/lib/test/auto/ConstantPublisherPort7.xml (RunModel)" time="0.04" />
  <testcase classname="ptolemy.util.test.junit.AutoTests" name="[94] /home/travis/build/icyphy/ptII/ptolemy/actor/lib/test/auto/ConstraintMonitor1.xml (RunModel)" time="0.049" />
  <testcase classname="ptolemy.util.test.junit.AutoTests" name="[95] /home/travis/build/icyphy/ptII/ptolemy/actor/lib/test/auto/ConstraintMonitor2.xml (RunModel)" time="0.016" />
  <testcase classname="ptolemy.util.test.junit.AutoTests" name="[96] /home/travis/build/icyphy/ptII/ptolemy/actor/lib/test/auto/ConstraintMonitor3.xml (RunModel)" time="0.019" />
  <testcase classname="ptolemy.util.test.junit.AutoTests" name="[97] /home/travis/build/icyphy/ptII/ptolemy/actor/lib/test/auto/ConstraintMonitor4.xml (RunModel)" time="0.015" />
  <testcase classname="ptolemy.util.test.junit.AutoTests" name="[98] /home/travis/build/icyphy/ptII/ptolemy/actor/lib/test/auto/ConstraintMonitor5.xml (RunModel)" time="0.019" />
  <testcase classname="ptolemy.util.test.junit.AutoTests" name="[99] /home/travis/build/icyphy/ptII/ptolemy/actor/lib/test/auto/ConstraintMonitor6.xml (RunModel)" time="0.017" />
  <testcase classname="ptolemy.util.test.junit.AutoTests" name="[100] /home/travis/build/icyphy/ptII/ptolemy/actor/lib/test/auto/ConstraintMonitor7.xml (RunModel)" time="0.017" />
  <testcase classname="ptolemy.util.test.junit.AutoTests" name="[101] /home/travis/build/icyphy/ptII/ptolemy/actor/lib/test/auto/ConstraintMonitor8.xml (RunModel)" time="0.022" />
  <testcase classname="ptolemy.util.test.junit.AutoTests" name="[102] /home/travis/build/icyphy/ptII/ptolemy/actor/lib/test/auto/Counter.xml (RunModel)" time="0.023" />
  <testcase classname="ptolemy.util.test.junit.AutoTests" name="[103] /home/travis/build/icyphy/ptII/ptolemy/actor/lib/test/auto/CurrentTimeSDF.xml (RunModel)" time="0.01" />
  <testcase classname="ptolemy.util.test.junit.AutoTests" name="[104] /home/travis/build/icyphy/ptII/ptolemy/actor/lib/test/auto/DB.xml (RunModel)" time="0.016" />
  <testcase classname="ptolemy.util.test.junit.AutoTests" name="[105] /home/travis/build/icyphy/ptII/ptolemy/actor/lib/test/auto/DBDE.xml (RunModel)" time="0.017" />
  <testcase classname="ptolemy.util.test.junit.AutoTests" name="[106] /home/travis/build/icyphy/ptII/ptolemy/actor/lib/test/auto/DateConstructor.xml (RunModel)" time="0.088" />
  <testcase classname="ptolemy.util.test.junit.AutoTests" name="[107] /home/travis/build/icyphy/ptII/ptolemy/actor/lib/test/auto/DelayTime.xml (RunModel)" time="0.021" />
  <testcase classname="ptolemy.util.test.junit.AutoTests" name="[108] /home/travis/build/icyphy/ptII/ptolemy/actor/lib/test/auto/Dictionary1.xml (RunModel)" time="0.024" />
  <testcase classname="ptolemy.util.test.junit.AutoTests" name="[109] /home/travis/build/icyphy/ptII/ptolemy/actor/lib/test/auto/Dictionary2.xml (RunModel)" time="0.019" />
  <testcase classname="ptolemy.util.test.junit.AutoTests" name="[110] /home/travis/build/icyphy/ptII/ptolemy/actor/lib/test/auto/Dictionary3.xml (RunModel)" time="0.015" />
  <testcase classname="ptolemy.util.test.junit.AutoTests" name="[111] /home/travis/build/icyphy/ptII/ptolemy/actor/lib/test/auto/Dictionary4.xml (RunModel)" time="0.02" />
  <testcase classname="ptolemy.util.test.junit.AutoTests" name="[112] /home/travis/build/icyphy/ptII/ptolemy/actor/lib/test/auto/Differential.xml (RunModel)" time="0.018" />
  <testcase classname="ptolemy.util.test.junit.AutoTests" name="[113] /home/travis/build/icyphy/ptII/ptolemy/actor/lib/test/auto/Director.xml (RunModel)" time="0.012" />
  <testcase classname="ptolemy.util.test.junit.AutoTests" name="[114] /home/travis/build/icyphy/ptII/ptolemy/actor/lib/test/auto/DiscreteClock.xml (RunModel)" time="0.008" />
  <testcase classname="ptolemy.util.test.junit.AutoTests" name="[115] /home/travis/build/icyphy/ptII/ptolemy/actor/lib/test/auto/DiscreteClock10.xml (RunModel)" time="0.013" />
  <testcase classname="ptolemy.util.test.junit.AutoTests" name="[116] /home/travis/build/icyphy/ptII/ptolemy/actor/lib/test/auto/DiscreteClock11.xml (RunModel)" time="0.011" />
  <testcase classname="ptolemy.util.test.junit.AutoTests" name="[117] /home/travis/build/icyphy/ptII/ptolemy/actor/lib/test/auto/DiscreteClock12.xml (RunModel)" time="0.014" />
  <testcase classname="ptolemy.util.test.junit.AutoTests" name="[118] /home/travis/build/icyphy/ptII/ptolemy/actor/lib/test/auto/DiscreteClock13.xml (RunModel)" time="0.014" />
  <testcase classname="ptolemy.util.test.junit.AutoTests" name="[119] /home/travis/build/icyphy/ptII/ptolemy/actor/lib/test/auto/DiscreteClock14.xml (RunModel)" time="0.015" />
  <testcase classname="ptolemy.util.test.junit.AutoTests" name="[120] /home/travis/build/icyphy/ptII/ptolemy/actor/lib/test/auto/DiscreteClock15.xml (RunModel)" time="0.014" />
  <testcase classname="ptolemy.util.test.junit.AutoTests" name="[121] /home/travis/build/icyphy/ptII/ptolemy/actor/lib/test/auto/DiscreteClock16.xml (RunModel)" time="0.039" />
  <testcase classname="ptolemy.util.test.junit.AutoTests" name="[122] /home/travis/build/icyphy/ptII/ptolemy/actor/lib/test/auto/DiscreteClock17.xml (RunModel)" time="0.038" />
  <testcase classname="ptolemy.util.test.junit.AutoTests" name="[123] /home/travis/build/icyphy/ptII/ptolemy/actor/lib/test/auto/DiscreteClock18.xml (RunModel)" time="0.044" />
  <testcase classname="ptolemy.util.test.junit.AutoTests" name="[124] /home/travis/build/icyphy/ptII/ptolemy/actor/lib/test/auto/DiscreteClock19.xml (RunModel)" time="0.048" />
  <testcase classname="ptolemy.util.test.junit.AutoTests" name="[125] /home/travis/build/icyphy/ptII/ptolemy/actor/lib/test/auto/DiscreteClock2.xml (RunModel)" time="0.014" />
  <testcase classname="ptolemy.util.test.junit.AutoTests" name="[126] /home/travis/build/icyphy/ptII/ptolemy/actor/lib/test/auto/DiscreteClock20.xml (RunModel)" time="0.021" />
  <testcase classname="ptolemy.util.test.junit.AutoTests" name="[127] /home/travis/build/icyphy/ptII/ptolemy/actor/lib/test/auto/DiscreteClock21.xml (RunModel)" time="0.018" />
  <testcase classname="ptolemy.util.test.junit.AutoTests" name="[128] /home/travis/build/icyphy/ptII/ptolemy/actor/lib/test/auto/DiscreteClock22.xml (RunModel)" time="0.015" />
  <testcase classname="ptolemy.util.test.junit.AutoTests" name="[129] /home/travis/build/icyphy/ptII/ptolemy/actor/lib/test/auto/DiscreteClock23.xml (RunModel)" time="0.02" />
  <testcase classname="ptolemy.util.test.junit.AutoTests" name="[130] /home/travis/build/icyphy/ptII/ptolemy/actor/lib/test/auto/DiscreteClock24.xml (RunModel)" time="0.013" />
  <testcase classname="ptolemy.util.test.junit.AutoTests" name="[131] /home/travis/build/icyphy/ptII/ptolemy/actor/lib/test/auto/DiscreteClock4.xml (RunModel)" time="0.012" />
  <testcase classname="ptolemy.util.test.junit.AutoTests" name="[132] /home/travis/build/icyphy/ptII/ptolemy/actor/lib/test/auto/DiscreteClock5.xml (RunModel)" time="0.009" />
  <testcase classname="ptolemy.util.test.junit.AutoTests" name="[133] /home/travis/build/icyphy/ptII/ptolemy/actor/lib/test/auto/DiscreteClock6.xml (RunModel)" time="0.01" />
  <testcase classname="ptolemy.util.test.junit.AutoTests" name="[134] /home/travis/build/icyphy/ptII/ptolemy/actor/lib/test/auto/DiscreteClock7.xml (RunModel)" time="0.009" />
  <testcase classname="ptolemy.util.test.junit.AutoTests" name="[135] /home/travis/build/icyphy/ptII/ptolemy/actor/lib/test/auto/DiscreteClock8.xml (RunModel)" time="0.02" />
  <testcase classname="ptolemy.util.test.junit.AutoTests" name="[136] /home/travis/build/icyphy/ptII/ptolemy/actor/lib/test/auto/DiscreteClock9.xml (RunModel)" time="0.014" />
  <testcase classname="ptolemy.util.test.junit.AutoTests" name="[137] /home/travis/build/icyphy/ptII/ptolemy/actor/lib/test/auto/DisplayArray.xml (RunModel)" time="0.009" />
  <testcase classname="ptolemy.util.test.junit.AutoTests" name="[138] /home/travis/build/icyphy/ptII/ptolemy/actor/lib/test/auto/Distributor.xml (RunModel)" time="0.009" />
  <testcase classname="ptolemy.util.test.junit.AutoTests" name="[139] /home/travis/build/icyphy/ptII/ptolemy/actor/lib/test/auto/Distributor2.xml (RunModel)" time="0.01" />
  <testcase classname="ptolemy.util.test.junit.AutoTests" name="[140] /home/travis/build/icyphy/ptII/ptolemy/actor/lib/test/auto/DownSample.xml (RunModel)" time="0.009" />
  <testcase classname="ptolemy.util.test.junit.AutoTests" name="[141] /home/travis/build/icyphy/ptII/ptolemy/actor/lib/test/auto/ElectronicUnitBase1.xml (RunModel)" time="0.055" />
  <testcase classname="ptolemy.util.test.junit.AutoTests" name="[142] /home/travis/build/icyphy/ptII/ptolemy/actor/lib/test/auto/ElementsToArray.xml (RunModel)" time="0.011" />
  <testcase classname="ptolemy.util.test.junit.AutoTests" name="[143] /home/travis/build/icyphy/ptII/ptolemy/actor/lib/test/auto/Equals.xml (RunModel)" time="0.014" />
  <testcase classname="ptolemy.util.test.junit.AutoTests" name="[144] /home/travis/build/icyphy/ptII/ptolemy/actor/lib/test/auto/Exec.xml (RunModel)" time="0.028" />
  <testcase classname="ptolemy.util.test.junit.AutoTests" name="[145] /home/travis/build/icyphy/ptII/ptolemy/actor/lib/test/auto/ExecEnvironment.xml (RunModel)" time="0.035" />
  <testcase classname="ptolemy.util.test.junit.AutoTests" name="[146] /home/travis/build/icyphy/ptII/ptolemy/actor/lib/test/auto/ExecNonZeroReturnOutput.xml (RunModel)" time="0.197" />
  <testcase classname="ptolemy.util.test.junit.AutoTests" name="[147] /home/travis/build/icyphy/ptII/ptolemy/actor/lib/test/auto/ExecRunDemos.xml (RunModel)" time="10.862" />
  <testcase classname="ptolemy.util.test.junit.AutoTests" name="[148] /home/travis/build/icyphy/ptII/ptolemy/actor/lib/test/auto/ExecStop.xml (RunModel)" time="5.033" />
  <testcase classname="ptolemy.util.test.junit.AutoTests" name="[149] /home/travis/build/icyphy/ptII/ptolemy/actor/lib/test/auto/ExecutionTimeSDF.xml (RunModel)" time="6.031" />
  <testcase classname="ptolemy.util.test.junit.AutoTests" name="[150] /home/travis/build/icyphy/ptII/ptolemy/actor/lib/test/auto/Expression1.xml (RunModel)" time="0.011" />
  <testcase classname="ptolemy.util.test.junit.AutoTests" name="[151] /home/travis/build/icyphy/ptII/ptolemy/actor/lib/test/auto/Expression10.xml (RunModel)" time="0.021" />
  <testcase classname="ptolemy.util.test.junit.AutoTests" name="[152] /home/travis/build/icyphy/ptII/ptolemy/actor/lib/test/auto/Expression11.xml (RunModel)" time="0.01" />
  <testcase classname="ptolemy.util.test.junit.AutoTests" name="[153] /home/travis/build/icyphy/ptII/ptolemy/actor/lib/test/auto/Expression12.xml (RunModel)" time="0.013" />
  <testcase classname="ptolemy.util.test.junit.AutoTests" name="[154] /home/travis/build/icyphy/ptII/ptolemy/actor/lib/test/auto/Expression13.xml (RunModel)" time="0.011" />
  <testcase classname="ptolemy.util.test.junit.AutoTests" name="[155] /home/travis/build/icyphy/ptII/ptolemy/actor/lib/test/auto/Expression14.xml (RunModel)" time="0.02" />
  <testcase classname="ptolemy.util.test.junit.AutoTests" name="[156] /home/travis/build/icyphy/ptII/ptolemy/actor/lib/test/auto/Expression15.xml (RunModel)" time="0.007" />
  <testcase classname="ptolemy.util.test.junit.AutoTests" name="[157] /home/travis/build/icyphy/ptII/ptolemy/actor/lib/test/auto/Expression16.xml (RunModel)" time="0.02" />
  <testcase classname="ptolemy.util.test.junit.AutoTests" name="[158] /home/travis/build/icyphy/ptII/ptolemy/actor/lib/test/auto/Expression17.xml (RunModel)" time="0.018" />
  <testcase classname="ptolemy.util.test.junit.AutoTests" name="[159] /home/travis/build/icyphy/ptII/ptolemy/actor/lib/test/auto/Expression18.xml (RunModel)" time="0.011" />
  <testcase classname="ptolemy.util.test.junit.AutoTests" name="[160] /home/travis/build/icyphy/ptII/ptolemy/actor/lib/test/auto/Expression2.xml (RunModel)" time="0.013" />
  <testcase classname="ptolemy.util.test.junit.AutoTests" name="[161] /home/travis/build/icyphy/ptII/ptolemy/actor/lib/test/auto/Expression3.xml (RunModel)" time="0.013" />
  <testcase classname="ptolemy.util.test.junit.AutoTests" name="[162] /home/travis/build/icyphy/ptII/ptolemy/actor/lib/test/auto/Expression4.xml (RunModel)" time="0.017" />
  <testcase classname="ptolemy.util.test.junit.AutoTests" name="[163] /home/travis/build/icyphy/ptII/ptolemy/actor/lib/test/auto/Expression5.xml (RunModel)" time="0.012" />
  <testcase classname="ptolemy.util.test.junit.AutoTests" name="[164] /home/travis/build/icyphy/ptII/ptolemy/actor/lib/test/auto/Expression6.xml (RunModel)" time="0.009" />
  <testcase classname="ptolemy.util.test.junit.AutoTests" name="[165] /home/travis/build/icyphy/ptII/ptolemy/actor/lib/test/auto/Expression7.xml (RunModel)" time="0.017" />
  <testcase classname="ptolemy.util.test.junit.AutoTests" name="[166] /home/travis/build/icyphy/ptII/ptolemy/actor/lib/test/auto/Expression8.xml (RunModel)" time="0.013" />
  <testcase classname="ptolemy.util.test.junit.AutoTests" name="[167] /home/travis/build/icyphy/ptII/ptolemy/actor/lib/test/auto/Expression9.xml (RunModel)" time="0.008" />
  <testcase classname="ptolemy.util.test.junit.AutoTests" name="[168] /home/travis/build/icyphy/ptII/ptolemy/actor/lib/test/auto/ExpressionConcatenateArrayType.xml (RunModel)" time="0.029" />
  <testcase classname="ptolemy.util.test.junit.AutoTests" name="[169] /home/travis/build/icyphy/ptII/ptolemy/actor/lib/test/auto/ExpressionConcatenateArrayType2.xml (RunModel)" time="0.021" />
  <testcase classname="ptolemy.util.test.junit.AutoTests" name="[170] /home/travis/build/icyphy/ptII/ptolemy/actor/lib/test/auto/ExpressionFix.xml (RunModel)" time="0.044" />
  <testcase classname="ptolemy.util.test.junit.AutoTests" name="[171] /home/travis/build/icyphy/ptII/ptolemy/actor/lib/test/auto/ExpressionFix2.xml (RunModel)" time="0.013" />
  <testcase classname="ptolemy.util.test.junit.AutoTests" name="[172] /home/travis/build/icyphy/ptII/ptolemy/actor/lib/test/auto/ExpressionFix3.xml (RunModel)" time="0.012" />
  <testcase classname="ptolemy.util.test.junit.AutoTests" name="[173] /home/travis/build/icyphy/ptII/ptolemy/actor/lib/test/auto/FileWriter1.xml (RunModel)" time="0.008" />
  <testcase classname="ptolemy.util.test.junit.AutoTests" name="[174] /home/travis/build/icyphy/ptII/ptolemy/actor/lib/test/auto/FileWriter2.xml (RunModel)" time="0.012" />
  <testcase classname="ptolemy.util.test.junit.AutoTests" name="[175] /home/travis/build/icyphy/ptII/ptolemy/actor/lib/test/auto/FileWriter3.xml (RunModel)" time="0.011" />
  <testcase classname="ptolemy.util.test.junit.AutoTests" name="[176] /home/travis/build/icyphy/ptII/ptolemy/actor/lib/test/auto/Gaussian.xml (RunModel)" time="0.011" />
  <testcase classname="ptolemy.util.test.junit.AutoTests" name="[177] /home/travis/build/icyphy/ptII/ptolemy/actor/lib/test/auto/Gaussian1.xml (RunModel)" time="0.015" />
  <testcase classname="ptolemy.util.test.junit.AutoTests" name="[178] /home/travis/build/icyphy/ptII/ptolemy/actor/lib/test/auto/Gaussian2.xml (RunModel)" time="0.023" />
  <testcase classname="ptolemy.util.test.junit.AutoTests" name="[179] /home/travis/build/icyphy/ptII/ptolemy/actor/lib/test/auto/GradientAdaptiveLattice.xml (RunModel)" time="0.016" />
  <testcase classname="ptolemy.util.test.junit.AutoTests" name="[180] /home/travis/build/icyphy/ptII/ptolemy/actor/lib/test/auto/IIR.xml (RunModel)" time="0.011" />
  <testcase classname="ptolemy.util.test.junit.AutoTests" name="[181] /home/travis/build/icyphy/ptII/ptolemy/actor/lib/test/auto/InputOutputTransparentPorts.xml (RunModel)" time="0.019" />
  <testcase classname="ptolemy.util.test.junit.AutoTests" name="[182] /home/travis/build/icyphy/ptII/ptolemy/actor/lib/test/auto/Interpolator.xml (RunModel)" time="0.016" />
  <testcase classname="ptolemy.util.test.junit.AutoTests" name="[183] /home/travis/build/icyphy/ptII/ptolemy/actor/lib/test/auto/InterpolatorFiringLimitDE.xml (RunModel)" time="0.013" />
  <testcase classname="ptolemy.util.test.junit.AutoTests" name="[184] /home/travis/build/icyphy/ptII/ptolemy/actor/lib/test/auto/Lattice.xml (RunModel)" time="0.009" />
  <testcase classname="ptolemy.util.test.junit.AutoTests" name="[185] /home/travis/build/icyphy/ptII/ptolemy/actor/lib/test/auto/LazyAOCTestLazy.xml (RunModel)" time="0.021" />
  <testcase classname="ptolemy.util.test.junit.AutoTests" name="[186] /home/travis/build/icyphy/ptII/ptolemy/actor/lib/test/auto/LazyAOCTestNonLazy.xml (RunModel)" time="0.059" />
  <testcase classname="ptolemy.util.test.junit.AutoTests" name="[187] /home/travis/build/icyphy/ptII/ptolemy/actor/lib/test/auto/LazyInnerClass.xml (RunModel)" time="0.057" />
  <testcase classname="ptolemy.util.test.junit.AutoTests" name="[188] /home/travis/build/icyphy/ptII/ptolemy/actor/lib/test/auto/LazyPubSub.xml (RunModel)" time="0.051" />
  <testcase classname="ptolemy.util.test.junit.AutoTests" name="[189] /home/travis/build/icyphy/ptII/ptolemy/actor/lib/test/auto/LazyPubSub2.xml (RunModel)" time="0.045" />
  <testcase classname="ptolemy.util.test.junit.AutoTests" name="[190] /home/travis/build/icyphy/ptII/ptolemy/actor/lib/test/auto/LazyPubSub3.xml (RunModel)" time="0.026" />
  <testcase classname="ptolemy.util.test.junit.AutoTests" name="[191] /home/travis/build/icyphy/ptII/ptolemy/actor/lib/test/auto/LazySubClassModel.xml (RunModel)" time="0.021" />
  <testcase classname="ptolemy.util.test.junit.AutoTests" name="[192] /home/travis/build/icyphy/ptII/ptolemy/actor/lib/test/auto/LevelCrossTest1.xml (RunModel)" time="0.014" />
  <testcase classname="ptolemy.util.test.junit.AutoTests" name="[193] /home/travis/build/icyphy/ptII/ptolemy/actor/lib/test/auto/LevelCrossTest10.xml (RunModel)" time="0.015" />
  <testcase classname="ptolemy.util.test.junit.AutoTests" name="[194] /home/travis/build/icyphy/ptII/ptolemy/actor/lib/test/auto/LevelCrossTest11.xml (RunModel)" time="0.018" />
  <testcase classname="ptolemy.util.test.junit.AutoTests" name="[195] /home/travis/build/icyphy/ptII/ptolemy/actor/lib/test/auto/LevelCrossTest12.xml (RunModel)" time="0.022" />
  <testcase classname="ptolemy.util.test.junit.AutoTests" name="[196] /home/travis/build/icyphy/ptII/ptolemy/actor/lib/test/auto/LevelCrossTest13.xml (RunModel)" time="0.015" />
  <testcase classname="ptolemy.util.test.junit.AutoTests" name="[197] /home/travis/build/icyphy/ptII/ptolemy/actor/lib/test/auto/LevelCrossTest2.xml (RunModel)" time="0.011" />
  <testcase classname="ptolemy.util.test.junit.AutoTests" name="[198] /home/travis/build/icyphy/ptII/ptolemy/actor/lib/test/auto/LevelCrossTest3.xml (RunModel)" time="0.013" />
  <testcase classname="ptolemy.util.test.junit.AutoTests" name="[199] /home/travis/build/icyphy/ptII/ptolemy/actor/lib/test/auto/LevelCrossTest4.xml (RunModel)" time="0.012" />
  <testcase classname="ptolemy.util.test.junit.AutoTests" name="[200] /home/travis/build/icyphy/ptII/ptolemy/actor/lib/test/auto/LevelCrossTest5.xml (RunModel)" time="0.017" />
  <testcase classname="ptolemy.util.test.junit.AutoTests" name="[201] /home/travis/build/icyphy/ptII/ptolemy/actor/lib/test/auto/LevelCrossTest6.xml (RunModel)" time="0.018" />
  <testcase classname="ptolemy.util.test.junit.AutoTests" name="[202] /home/travis/build/icyphy/ptII/ptolemy/actor/lib/test/auto/LevelCrossTest7.xml (RunModel)" time="0.017" />
  <testcase classname="ptolemy.util.test.junit.AutoTests" name="[203] /home/travis/build/icyphy/ptII/ptolemy/actor/lib/test/auto/LevelCrossTest8.xml (RunModel)" time="0.014" />
  <testcase classname="ptolemy.util.test.junit.AutoTests" name="[204] /home/travis/build/icyphy/ptII/ptolemy/actor/lib/test/auto/LevelCrossTest9.xml (RunModel)" time="0.016" />
  <testcase classname="ptolemy.util.test.junit.AutoTests" name="[205] /home/travis/build/icyphy/ptII/ptolemy/actor/lib/test/auto/LevinsonDurbin.xml (RunModel)" time="0.009" />
  <testcase classname="ptolemy.util.test.junit.AutoTests" name="[206] /home/travis/build/icyphy/ptII/ptolemy/actor/lib/test/auto/LevinsonDurbin2.xml (RunModel)" time="0.008" />
  <testcase classname="ptolemy.util.test.junit.AutoTests" name="[207] /home/travis/build/icyphy/ptII/ptolemy/actor/lib/test/auto/LevinsonDurbin3.xml (RunModel)" time="0.023" />
  <testcase classname="ptolemy.util.test.junit.AutoTests" name="[208] /home/travis/build/icyphy/ptII/ptolemy/actor/lib/test/auto/Limiter.xml (RunModel)" time="0.047" />
  <testcase classname="ptolemy.util.test.junit.AutoTests" name="[209] /home/travis/build/icyphy/ptII/ptolemy/actor/lib/test/auto/LinearDifferenceEquationSystem.xml (RunModel)" time="0.024" />
  <testcase classname="ptolemy.util.test.junit.AutoTests" name="[210] /home/travis/build/icyphy/ptII/ptolemy/actor/lib/test/auto/LookupTable.xml (RunModel)" time="0.01" />
  <testcase classname="ptolemy.util.test.junit.AutoTests" name="[211] /home/travis/build/icyphy/ptII/ptolemy/actor/lib/test/auto/MathFunction.xml (RunModel)" time="0.02" />
  <testcase classname="ptolemy.util.test.junit.AutoTests" name="[212] /home/travis/build/icyphy/ptII/ptolemy/actor/lib/test/auto/MathFunction2.xml (RunModel)" time="0.01" />
  <testcase classname="ptolemy.util.test.junit.AutoTests" name="[213] /home/travis/build/icyphy/ptII/ptolemy/actor/lib/test/auto/MathFunction3.xml (RunModel)" time="0.018" />
  <testcase classname="ptolemy.util.test.junit.AutoTests" name="[214] /home/travis/build/icyphy/ptII/ptolemy/actor/lib/test/auto/MatrixCropBoolean.xml (RunModel)" time="0.013" />
  <testcase classname="ptolemy.util.test.junit.AutoTests" name="[215] /home/travis/build/icyphy/ptII/ptolemy/actor/lib/test/auto/MatrixCropComplex.xml (RunModel)" time="0.01" />
  <testcase classname="ptolemy.util.test.junit.AutoTests" name="[216] /home/travis/build/icyphy/ptII/ptolemy/actor/lib/test/auto/MatrixCropDouble.xml (RunModel)" time="0.009" />
  <testcase classname="ptolemy.util.test.junit.AutoTests" name="[217] /home/travis/build/icyphy/ptII/ptolemy/actor/lib/test/auto/MatrixCropFix.xml (RunModel)" time="0.011" />
  <testcase classname="ptolemy.util.test.junit.AutoTests" name="[218] /home/travis/build/icyphy/ptII/ptolemy/actor/lib/test/auto/MatrixCropInt.xml (RunModel)" time="0.011" />
  <testcase classname="ptolemy.util.test.junit.AutoTests" name="[219] /home/travis/build/icyphy/ptII/ptolemy/actor/lib/test/auto/MatrixCropLong.xml (RunModel)" time="0.009" />
  <testcase classname="ptolemy.util.test.junit.AutoTests" name="[220] /home/travis/build/icyphy/ptII/ptolemy/actor/lib/test/auto/MatrixToArray.xml (RunModel)" time="0.056" />
  <testcase classname="ptolemy.util.test.junit.AutoTests" name="[221] /home/travis/build/icyphy/ptII/ptolemy/actor/lib/test/auto/MaxIndex.xml (RunModel)" time="0.018" />
  <testcase classname="ptolemy.util.test.junit.AutoTests" name="[222] /home/travis/build/icyphy/ptII/ptolemy/actor/lib/test/auto/Maximum.xml (RunModel)" time="0.011" />
  <testcase classname="ptolemy.util.test.junit.AutoTests" name="[223] /home/travis/build/icyphy/ptII/ptolemy/actor/lib/test/auto/MaximumComplex.xml (RunModel)" time="0.018" />
  <testcase classname="ptolemy.util.test.junit.AutoTests" name="[224] /home/travis/build/icyphy/ptII/ptolemy/actor/lib/test/auto/MethodCallTest.xml (RunModel)" time="0.026" />
  <testcase classname="ptolemy.util.test.junit.AutoTests" name="[225] /home/travis/build/icyphy/ptII/ptolemy/actor/lib/test/auto/Minimum.xml (RunModel)" time="0.022" />
  <testcase classname="ptolemy.util.test.junit.AutoTests" name="[226] /home/travis/build/icyphy/ptII/ptolemy/actor/lib/test/auto/MinimumComplex.xml (RunModel)" time="0.025" />
  <testcase classname="ptolemy.util.test.junit.AutoTests" name="[227] /home/travis/build/icyphy/ptII/ptolemy/actor/lib/test/auto/MinimumMultiports.xml (RunModel)" time="0.016" />
  <testcase classname="ptolemy.util.test.junit.AutoTests" name="[228] /home/travis/build/icyphy/ptII/ptolemy/actor/lib/test/auto/ModifyDate.xml (RunModel)" time="0.04" />
  <testcase classname="ptolemy.util.test.junit.AutoTests" name="[229] /home/travis/build/icyphy/ptII/ptolemy/actor/lib/test/auto/ModifyDate2.xml (RunModel)" time="0.032" />
  <testcase classname="ptolemy.util.test.junit.AutoTests" name="[230] /home/travis/build/icyphy/ptII/ptolemy/actor/lib/test/auto/MovingAverage.xml (RunModel)" time="0.012" />
  <testcase classname="ptolemy.util.test.junit.AutoTests" name="[231] /home/travis/build/icyphy/ptII/ptolemy/actor/lib/test/auto/MovingMaximum.xml (RunModel)" time="0.014" />
  <testcase classname="ptolemy.util.test.junit.AutoTests" name="[232] /home/travis/build/icyphy/ptII/ptolemy/actor/lib/test/auto/MultipleLinksToSameRelation.xml (RunModel)" time="0.008" />
  <testcase classname="ptolemy.util.test.junit.AutoTests" name="[233] /home/travis/build/icyphy/ptII/ptolemy/actor/lib/test/auto/MultipleLinksToSameRelationDE.xml (RunModel)" time="0.019" />
  <testcase classname="ptolemy.util.test.junit.AutoTests" name="[234] /home/travis/build/icyphy/ptII/ptolemy/actor/lib/test/auto/Multiplexor.xml (RunModel)" time="0.019" />
  <testcase classname="ptolemy.util.test.junit.AutoTests" name="[235] /home/travis/build/icyphy/ptII/ptolemy/actor/lib/test/auto/Multiplexor1.xml (RunModel)" time="0.011" />
  <testcase classname="ptolemy.util.test.junit.AutoTests" name="[236] /home/travis/build/icyphy/ptII/ptolemy/actor/lib/test/auto/Multiplexor2.xml (RunModel)" time="0.012" />
  <testcase classname="ptolemy.util.test.junit.AutoTests" name="[237] /home/travis/build/icyphy/ptII/ptolemy/actor/lib/test/auto/Multiplexor3.xml (RunModel)" time="0.009" />
  <testcase classname="ptolemy.util.test.junit.AutoTests" name="[238] /home/travis/build/icyphy/ptII/ptolemy/actor/lib/test/auto/MultiplexorDE.xml (RunModel)" time="0.017" />
  <testcase classname="ptolemy.util.test.junit.AutoTests" name="[239] /home/travis/build/icyphy/ptII/ptolemy/actor/lib/test/auto/MultiportBroadcastTest.xml (RunModel)" time="0.09" />
  <testcase classname="ptolemy.util.test.junit.AutoTests" name="[240] /home/travis/build/icyphy/ptII/ptolemy/actor/lib/test/auto/MultiportOutHangDuringGetWidth.xml (RunModel)" time="0.048" />
  <testcase classname="ptolemy.util.test.junit.AutoTests" name="[241] /home/travis/build/icyphy/ptII/ptolemy/actor/lib/test/auto/NilToken.xml (RunModel)" time="0.007" />
  <testcase classname="ptolemy.util.test.junit.AutoTests" name="[242] /home/travis/build/icyphy/ptII/ptolemy/actor/lib/test/auto/NilTokenNonStrictTest.xml (RunModel)" time="0.012" />
  <testcase classname="ptolemy.util.test.junit.AutoTests" name="[243] /home/travis/build/icyphy/ptII/ptolemy/actor/lib/test/auto/NilTokenRecord.xml (RunModel)" time="0.022" />
  <testcase classname="ptolemy.util.test.junit.AutoTests" name="[244] /home/travis/build/icyphy/ptII/ptolemy/actor/lib/test/auto/NilTokenTypeTest.xml (RunModel)" time="0.033" />
  <testcase classname="ptolemy.util.test.junit.AutoTests" name="[245] /home/travis/build/icyphy/ptII/ptolemy/actor/lib/test/auto/ObjectToken1.xml (RunModel)" time="0.009" />
  <testcase classname="ptolemy.util.test.junit.AutoTests" name="[246] /home/travis/build/icyphy/ptII/ptolemy/actor/lib/test/auto/OrderedMerge.xml (RunModel)" time="0.018" />
  <testcase classname="ptolemy.util.test.junit.AutoTests" name="[247] /home/travis/build/icyphy/ptII/ptolemy/actor/lib/test/auto/OrderedRecordDisassembler.xml (RunModel)" time="0.018" />
  <testcase classname="ptolemy.util.test.junit.AutoTests" name="[248] /home/travis/build/icyphy/ptII/ptolemy/actor/lib/test/auto/OrderedRecordDisassembler2.xml (RunModel)" time="0.019" />
  <testcase classname="ptolemy.util.test.junit.AutoTests" name="[249] /home/travis/build/icyphy/ptII/ptolemy/actor/lib/test/auto/OrderedRecordUpdater.xml (RunModel)" time="0.011" />
  <testcase classname="ptolemy.util.test.junit.AutoTests" name="[250] /home/travis/build/icyphy/ptII/ptolemy/actor/lib/test/auto/OrderedRecordUpdater2.xml (RunModel)" time="0.019" />
  <testcase classname="ptolemy.util.test.junit.AutoTests" name="[251] /home/travis/build/icyphy/ptII/ptolemy/actor/lib/test/auto/PhaseUnwrap.xml (RunModel)" time="0.013" />
  <testcase classname="ptolemy.util.test.junit.AutoTests" name="[252] /home/travis/build/icyphy/ptII/ptolemy/actor/lib/test/auto/PoissonClock.xml (RunModel)" time="0.011" />
  <testcase classname="ptolemy.util.test.junit.AutoTests" name="[253] /home/travis/build/icyphy/ptII/ptolemy/actor/lib/test/auto/PoissonClock2.xml (RunModel)" time="0.008" />
  <testcase classname="ptolemy.util.test.junit.AutoTests" name="[254] /home/travis/build/icyphy/ptII/ptolemy/actor/lib/test/auto/PoissonClock3.xml (RunModel)" time="0.027" />
  <testcase classname="ptolemy.util.test.junit.AutoTests" name="[255] /home/travis/build/icyphy/ptII/ptolemy/actor/lib/test/auto/PubSubWithInitialTokens.xml (RunModel)" time="0.018" />
  <testcase classname="ptolemy.util.test.junit.AutoTests" name="[256] /home/travis/build/icyphy/ptII/ptolemy/actor/lib/test/auto/PubSubWithInitialTokens2.xml (RunModel)" time="0.011" />
  <testcase classname="ptolemy.util.test.junit.AutoTests" name="[257] /home/travis/build/icyphy/ptII/ptolemy/actor/lib/test/auto/PublisherClassNoParameter.xml (RunModel)" time="0.041" />
  <testcase classname="ptolemy.util.test.junit.AutoTests" name="[258] /home/travis/build/icyphy/ptII/ptolemy/actor/lib/test/auto/PublisherClassParameter.xml (RunModel)" time="0.022" />
  <testcase classname="ptolemy.util.test.junit.AutoTests" name="[259] /home/travis/build/icyphy/ptII/ptolemy/actor/lib/test/auto/PublisherNonStrictTest.xml (RunModel)" time="0.015" />
  <testcase classname="ptolemy.util.test.junit.AutoTests" name="[260] /home/travis/build/icyphy/ptII/ptolemy/actor/lib/test/auto/PublisherPort1.xml (RunModel)" time="0.02" />
  <testcase classname="ptolemy.util.test.junit.AutoTests" name="[261] /home/travis/build/icyphy/ptII/ptolemy/actor/lib/test/auto/PublisherPort2.xml (RunModel)" time="0.013" />
  <testcase classname="ptolemy.util.test.junit.AutoTests" name="[262] /home/travis/build/icyphy/ptII/ptolemy/actor/lib/test/auto/PublisherPort3.xml (RunModel)" time="0.011" />
  <testcase classname="ptolemy.util.test.junit.AutoTests" name="[263] /home/travis/build/icyphy/ptII/ptolemy/actor/lib/test/auto/PublisherPort4.xml (RunModel)" time="0.011" />
  <testcase classname="ptolemy.util.test.junit.AutoTests" name="[264] /home/travis/build/icyphy/ptII/ptolemy/actor/lib/test/auto/PublisherPort5.xml (RunModel)" time="0.014" />
  <testcase classname="ptolemy.util.test.junit.AutoTests" name="[265] /home/travis/build/icyphy/ptII/ptolemy/actor/lib/test/auto/PublisherPort5LookAlike.xml (RunModel)" time="0.018" />
  <testcase classname="ptolemy.util.test.junit.AutoTests" name="[266] /home/travis/build/icyphy/ptII/ptolemy/actor/lib/test/auto/PublisherPort6.xml (RunModel)" time="0.017" />
  <testcase classname="ptolemy.util.test.junit.AutoTests" name="[267] /home/travis/build/icyphy/ptII/ptolemy/actor/lib/test/auto/PublisherPort7.xml (RunModel)" time="0.016" />
  <testcase classname="ptolemy.util.test.junit.AutoTests" name="[268] /home/travis/build/icyphy/ptII/ptolemy/actor/lib/test/auto/PublisherPort8.xml (RunModel)" time="0.016" />
  <testcase classname="ptolemy.util.test.junit.AutoTests" name="[269] /home/travis/build/icyphy/ptII/ptolemy/actor/lib/test/auto/PublisherPortSubscriberChannelVariablesAOC2.xml (RunModel)" time="0.032" />
  <testcase classname="ptolemy.util.test.junit.AutoTests" name="[270] /home/travis/build/icyphy/ptII/ptolemy/actor/lib/test/auto/PublisherPortSubscriberOpaqueWidthInference.xml (RunModel)" time="0.016" />
  <testcase classname="ptolemy.util.test.junit.AutoTests" name="[271] /home/travis/build/icyphy/ptII/ptolemy/actor/lib/test/auto/PublisherPortSubscriberPortAdjacent.xml (RunModel)" time="0.02" />
  <testcase classname="ptolemy.util.test.junit.AutoTests" name="[272] /home/travis/build/icyphy/ptII/ptolemy/actor/lib/test/auto/PublisherPortSubscriberPortExpression.xml (RunModel)" time="0.017" />
  <testcase classname="ptolemy.util.test.junit.AutoTests" name="[273] /home/travis/build/icyphy/ptII/ptolemy/actor/lib/test/auto/PublisherPortSubscriberPortOpaqueD3Reverse.xml (RunModel)" time="0.02" />
  <testcase classname="ptolemy.util.test.junit.AutoTests" name="[274] /home/travis/build/icyphy/ptII/ptolemy/actor/lib/test/auto/PublisherPortSubscriberPortOpaqueWidthInference.xml (RunModel)" time="0.014" />
  <testcase classname="ptolemy.util.test.junit.AutoTests" name="[275] /home/travis/build/icyphy/ptII/ptolemy/actor/lib/test/auto/PublisherPortToplevelSubscriberPortAOC.xml (RunModel)" time="0.01" />
  <testcase classname="ptolemy.util.test.junit.AutoTests" name="[276] /home/travis/build/icyphy/ptII/ptolemy/actor/lib/test/auto/PublisherSubscriber.xml (RunModel)" time="0.012" />
  <testcase classname="ptolemy.util.test.junit.AutoTests" name="[277] /home/travis/build/icyphy/ptII/ptolemy/actor/lib/test/auto/PublisherSubscriber10.xml (RunModel)" time="0.019" />
  <testcase classname="ptolemy.util.test.junit.AutoTests" name="[278] /home/travis/build/icyphy/ptII/ptolemy/actor/lib/test/auto/PublisherSubscriber10InitialOutputs.xml (RunModel)" time="0.03" />
  <testcase classname="ptolemy.util.test.junit.AutoTests" name="[279] /home/travis/build/icyphy/ptII/ptolemy/actor/lib/test/auto/PublisherSubscriber11.xml (RunModel)" time="0.025" />
  <testcase classname="ptolemy.util.test.junit.AutoTests" name="[280] /home/travis/build/icyphy/ptII/ptolemy/actor/lib/test/auto/PublisherSubscriber12.xml (RunModel)" time="0.022" />
  <testcase classname="ptolemy.util.test.junit.AutoTests" name="[281] /home/travis/build/icyphy/ptII/ptolemy/actor/lib/test/auto/PublisherSubscriber13.xml (RunModel)" time="0.009" />
  <testcase classname="ptolemy.util.test.junit.AutoTests" name="[282] /home/travis/build/icyphy/ptII/ptolemy/actor/lib/test/auto/PublisherSubscriber14.xml (RunModel)" time="0.028" />
  <testcase classname="ptolemy.util.test.junit.AutoTests" name="[283] /home/travis/build/icyphy/ptII/ptolemy/actor/lib/test/auto/PublisherSubscriber2.xml (RunModel)" time="0.01" />
  <testcase classname="ptolemy.util.test.junit.AutoTests" name="[284] /home/travis/build/icyphy/ptII/ptolemy/actor/lib/test/auto/PublisherSubscriber3.xml (RunModel)" time="0.008" />
  <testcase classname="ptolemy.util.test.junit.AutoTests" name="[285] /home/travis/build/icyphy/ptII/ptolemy/actor/lib/test/auto/PublisherSubscriber4.xml (RunModel)" time="0.011" />
  <testcase classname="ptolemy.util.test.junit.AutoTests" name="[286] /home/travis/build/icyphy/ptII/ptolemy/actor/lib/test/auto/PublisherSubscriber5.xml (RunModel)" time="0.012" />
  <testcase classname="ptolemy.util.test.junit.AutoTests" name="[287] /home/travis/build/icyphy/ptII/ptolemy/actor/lib/test/auto/PublisherSubscriber6.xml (RunModel)" time="0.017" />
  <testcase classname="ptolemy.util.test.junit.AutoTests" name="[288] /home/travis/build/icyphy/ptII/ptolemy/actor/lib/test/auto/PublisherSubscriber7.xml (RunModel)" time="0.018" />
  <testcase classname="ptolemy.util.test.junit.AutoTests" name="[289] /home/travis/build/icyphy/ptII/ptolemy/actor/lib/test/auto/PublisherSubscriber8.xml (RunModel)" time="0.039" />
  <testcase classname="ptolemy.util.test.junit.AutoTests" name="[290] /home/travis/build/icyphy/ptII/ptolemy/actor/lib/test/auto/PublisherSubscriber9.xml (RunModel)" time="0.018" />
  <testcase classname="ptolemy.util.test.junit.AutoTests" name="[291] /home/travis/build/icyphy/ptII/ptolemy/actor/lib/test/auto/PublisherSubscriberAdjacent.xml (RunModel)" time="0.016" />
  <testcase classname="ptolemy.util.test.junit.AutoTests" name="[292] /home/travis/build/icyphy/ptII/ptolemy/actor/lib/test/auto/PublisherSubscriberChannelVariablesAOC2.xml (RunModel)" time="0.027" />
  <testcase classname="ptolemy.util.test.junit.AutoTests" name="[293] /home/travis/build/icyphy/ptII/ptolemy/actor/lib/test/auto/PublisherSubscriberD3.xml (RunModel)" time="0.013" />
  <testcase classname="ptolemy.util.test.junit.AutoTests" name="[294] /home/travis/build/icyphy/ptII/ptolemy/actor/lib/test/auto/PublisherSubscriberD3Reverse.xml (RunModel)" time="0.01" />
  <testcase classname="ptolemy.util.test.junit.AutoTests" name="[295] /home/travis/build/icyphy/ptII/ptolemy/actor/lib/test/auto/PublisherSubscriberExpression.xml (RunModel)" time="0.017" />
  <testcase classname="ptolemy.util.test.junit.AutoTests" name="[296] /home/travis/build/icyphy/ptII/ptolemy/actor/lib/test/auto/PublisherSubscriberOpaque.xml (RunModel)" time="0.014" />
  <testcase classname="ptolemy.util.test.junit.AutoTests" name="[297] /home/travis/build/icyphy/ptII/ptolemy/actor/lib/test/auto/PublisherSubscriberOpaqueD3.xml (RunModel)" time="0.029" />
  <testcase classname="ptolemy.util.test.junit.AutoTests" name="[298] /home/travis/build/icyphy/ptII/ptolemy/actor/lib/test/auto/PublisherSubscriberOpaqueD3Reverse.xml (RunModel)" time="0.02" />
  <testcase classname="ptolemy.util.test.junit.AutoTests" name="[299] /home/travis/build/icyphy/ptII/ptolemy/actor/lib/test/auto/PublisherSubscriberOpaqueWidthInference.xml (RunModel)" time="0.018" />
  <testcase classname="ptolemy.util.test.junit.AutoTests" name="[300] /home/travis/build/icyphy/ptII/ptolemy/actor/lib/test/auto/PublisherTestSubscriber.xml (RunModel)" time="0.014" />
  <testcase classname="ptolemy.util.test.junit.AutoTests" name="[301] /home/travis/build/icyphy/ptII/ptolemy/actor/lib/test/auto/PublisherToplevelSubscriberPortAOC.xml (RunModel)" time="0.011" />
  <testcase classname="ptolemy.util.test.junit.AutoTests" name="[302] /home/travis/build/icyphy/ptII/ptolemy/actor/lib/test/auto/PulseFiringLimitDE.xml (RunModel)" time="0.015" />
  <testcase classname="ptolemy.util.test.junit.AutoTests" name="[303] /home/travis/build/icyphy/ptII/ptolemy/actor/lib/test/auto/Ramp1.xml (RunModel)" time="0.007" />
  <testcase classname="ptolemy.util.test.junit.AutoTests" name="[304] /home/travis/build/icyphy/ptII/ptolemy/actor/lib/test/auto/RampFiringLimitDE.xml (RunModel)" time="0.01" />
  <testcase classname="ptolemy.util.test.junit.AutoTests" name="[305] /home/travis/build/icyphy/ptII/ptolemy/actor/lib/test/auto/RampFiringLimitSDF.xml (RunModel)" time="0.009" />
  <testcase classname="ptolemy.util.test.junit.AutoTests" name="[306] /home/travis/build/icyphy/ptII/ptolemy/actor/lib/test/auto/RandomInteger.xml (RunModel)" time="0.008" />
  <testcase classname="ptolemy.util.test.junit.AutoTests" name="[307] /home/travis/build/icyphy/ptII/ptolemy/actor/lib/test/auto/ReadFile1.xml (RunModel)" time="0.007" />
  <testcase classname="ptolemy.util.test.junit.AutoTests" name="[308] /home/travis/build/icyphy/ptII/ptolemy/actor/lib/test/auto/ReadFile2.xml (RunModel)" time="0.008" />
  <testcase classname="ptolemy.util.test.junit.AutoTests" name="[309] /home/travis/build/icyphy/ptII/ptolemy/actor/lib/test/auto/Reader.xml (RunModel)" time="0.009" />
  <testcase classname="ptolemy.util.test.junit.AutoTests" name="[310] /home/travis/build/icyphy/ptII/ptolemy/actor/lib/test/auto/RecordAssemblerDisplayNameTest.xml (RunModel)" time="3.605" />
  <testcase classname="ptolemy.util.test.junit.AutoTests" name="[311] /home/travis/build/icyphy/ptII/ptolemy/actor/lib/test/auto/RecordAssemblerTypeError.xml (RunModel)" time="0.04" />
  <testcase classname="ptolemy.util.test.junit.AutoTests" name="[312] /home/travis/build/icyphy/ptII/ptolemy/actor/lib/test/auto/RecordDisassember.xml (RunModel)" time="0.01" />
  <testcase classname="ptolemy.util.test.junit.AutoTests" name="[313] /home/travis/build/icyphy/ptII/ptolemy/actor/lib/test/auto/RecordDisassemberDisplayNameTest.xml (RunModel)" time="0.026" />
  <testcase classname="ptolemy.util.test.junit.AutoTests" name="[314] /home/travis/build/icyphy/ptII/ptolemy/actor/lib/test/auto/RecordDisassembler.xml (RunModel)" time="0.016" />
  <testcase classname="ptolemy.util.test.junit.AutoTests" name="[315] /home/travis/build/icyphy/ptII/ptolemy/actor/lib/test/auto/RecordDisassembler2.xml (RunModel)" time="0.01" />
  <testcase classname="ptolemy.util.test.junit.AutoTests" name="[316] /home/travis/build/icyphy/ptII/ptolemy/actor/lib/test/auto/RecordUpdater.xml (RunModel)" time="0.01" />
  <testcase classname="ptolemy.util.test.junit.AutoTests" name="[317] /home/travis/build/icyphy/ptII/ptolemy/actor/lib/test/auto/RecordUpdater2.xml (RunModel)" time="0.009" />
  <testcase classname="ptolemy.util.test.junit.AutoTests" name="[318] /home/travis/build/icyphy/ptII/ptolemy/actor/lib/test/auto/RecursiveLattice.xml (RunModel)" time="0.008" />
  <testcase classname="ptolemy.util.test.junit.AutoTests" name="[319] /home/travis/build/icyphy/ptII/ptolemy/actor/lib/test/auto/Router.xml (RunModel)" time="3.026" />
  <testcase classname="ptolemy.util.test.junit.AutoTests" name="[320] /home/travis/build/icyphy/ptII/ptolemy/actor/lib/test/auto/Router2.xml (RunModel)" time="3.029" />
  <testcase classname="ptolemy.util.test.junit.AutoTests" name="[321] /home/travis/build/icyphy/ptII/ptolemy/actor/lib/test/auto/RunningMaximum.xml (RunModel)" time="0.02" />
  <testcase classname="ptolemy.util.test.junit.AutoTests" name="[322] /home/travis/build/icyphy/ptII/ptolemy/actor/lib/test/auto/RunningMinimum.xml (RunModel)" time="0.016" />
  <testcase classname="ptolemy.util.test.junit.AutoTests" name="[323] /home/travis/build/icyphy/ptII/ptolemy/actor/lib/test/auto/Scale.xml (RunModel)" time="0.008" />
  <testcase classname="ptolemy.util.test.junit.AutoTests" name="[324] /home/travis/build/icyphy/ptII/ptolemy/actor/lib/test/auto/Scale2.xml (RunModel)" time="0.009" />
  <testcase classname="ptolemy.util.test.junit.AutoTests" name="[325] /home/travis/build/icyphy/ptII/ptolemy/actor/lib/test/auto/Scale3.xml (RunModel)" time="0.012" />
  <testcase classname="ptolemy.util.test.junit.AutoTests" name="[326] /home/travis/build/icyphy/ptII/ptolemy/actor/lib/test/auto/ScaleArray.xml (RunModel)" time="0.007" />
  <testcase classname="ptolemy.util.test.junit.AutoTests" name="[327] /home/travis/build/icyphy/ptII/ptolemy/actor/lib/test/auto/ScaleArray2.xml (RunModel)" time="0.007" />
  <testcase classname="ptolemy.util.test.junit.AutoTests" name="[328] /home/travis/build/icyphy/ptII/ptolemy/actor/lib/test/auto/ScaleMatrix.xml (RunModel)" time="0.146" />
  <testcase classname="ptolemy.util.test.junit.AutoTests" name="[329] /home/travis/build/icyphy/ptII/ptolemy/actor/lib/test/auto/Select.xml (RunModel)" time="0.012" />
  <testcase classname="ptolemy.util.test.junit.AutoTests" name="[330] /home/travis/build/icyphy/ptII/ptolemy/actor/lib/test/auto/Select2.xml (RunModel)" time="0.007" />
  <testcase classname="ptolemy.util.test.junit.AutoTests" name="[331] /home/travis/build/icyphy/ptII/ptolemy/actor/lib/test/auto/SequenceToArray2.xml (RunModel)" time="0.129" />
  <testcase classname="ptolemy.util.test.junit.AutoTests" name="[332] /home/travis/build/icyphy/ptII/ptolemy/actor/lib/test/auto/SequentialClock.xml (RunModel)" time="0.006" />
  <testcase classname="ptolemy.util.test.junit.AutoTests" name="[333] /home/travis/build/icyphy/ptII/ptolemy/actor/lib/test/auto/SetVariable.xml (RunModel)" time="0.011" />
  <testcase classname="ptolemy.util.test.junit.AutoTests" name="[334] /home/travis/build/icyphy/ptII/ptolemy/actor/lib/test/auto/SetVariable2.xml (RunModel)" time="0.01" />
  <testcase classname="ptolemy.util.test.junit.AutoTests" name="[335] /home/travis/build/icyphy/ptII/ptolemy/actor/lib/test/auto/SetVariable3.xml (RunModel)" time="0.017" />
  <testcase classname="ptolemy.util.test.junit.AutoTests" name="[336] /home/travis/build/icyphy/ptII/ptolemy/actor/lib/test/auto/SetVariable4.xml (RunModel)" time="0.025" />
  <testcase classname="ptolemy.util.test.junit.AutoTests" name="[337] /home/travis/build/icyphy/ptII/ptolemy/actor/lib/test/auto/SetVariable5.xml (RunModel)" time="0.036" />
  <testcase classname="ptolemy.util.test.junit.AutoTests" name="[338] /home/travis/build/icyphy/ptII/ptolemy/actor/lib/test/auto/Sinewave.xml (RunModel)" time="0.024" />
  <testcase classname="ptolemy.util.test.junit.AutoTests" name="[339] /home/travis/build/icyphy/ptII/ptolemy/actor/lib/test/auto/Sinewave2.xml (RunModel)" time="0.019" />
  <testcase classname="ptolemy.util.test.junit.AutoTests" name="[340] /home/travis/build/icyphy/ptII/ptolemy/actor/lib/test/auto/Sinewave3.xml (RunModel)" time="0.022" />
  <testcase classname="ptolemy.util.test.junit.AutoTests" name="[341] /home/travis/build/icyphy/ptII/ptolemy/actor/lib/test/auto/SingleEvent.xml (RunModel)" time="0.007" />
  <testcase classname="ptolemy.util.test.junit.AutoTests" name="[342] /home/travis/build/icyphy/ptII/ptolemy/actor/lib/test/auto/Sleep.xml (RunModel)" time="6.02" />
  <testcase classname="ptolemy.util.test.junit.AutoTests" name="[343] /home/travis/build/icyphy/ptII/ptolemy/actor/lib/test/auto/SleepMultipleFire.xml (RunModel)" time="1.028" />
  <testcase classname="ptolemy.util.test.junit.AutoTests" name="[344] /home/travis/build/icyphy/ptII/ptolemy/actor/lib/test/auto/StopDE.xml (RunModel)" time="0.013" />
  <testcase classname="ptolemy.util.test.junit.AutoTests" name="[345] /home/travis/build/icyphy/ptII/ptolemy/actor/lib/test/auto/StopSDF.xml (RunModel)" time="0.011" />
  <testcase classname="ptolemy.util.test.junit.AutoTests" name="[346] /home/travis/build/icyphy/ptII/ptolemy/actor/lib/test/auto/StringConstant.xml (RunModel)" time="0.015" />
  <testcase classname="ptolemy.util.test.junit.AutoTests" name="[347] /home/travis/build/icyphy/ptII/ptolemy/actor/lib/test/auto/SubscriberPortInitialValues1.xml (RunModel)" time="0.021" />
  <testcase classname="ptolemy.util.test.junit.AutoTests" name="[348] /home/travis/build/icyphy/ptII/ptolemy/actor/lib/test/auto/SubscriberPortInitialValues13.xml (RunModel)" time="0.026" />
  <testcase classname="ptolemy.util.test.junit.AutoTests" name="[349] /home/travis/build/icyphy/ptII/ptolemy/actor/lib/test/auto/SubscriberPortInitialValues14.xml (RunModel)" time="0.027" />
  <testcase classname="ptolemy.util.test.junit.AutoTests" name="[350] /home/travis/build/icyphy/ptII/ptolemy/actor/lib/test/auto/SubscriberPortInitialValues2.xml (RunModel)" time="0.013" />
  <testcase classname="ptolemy.util.test.junit.AutoTests" name="[351] /home/travis/build/icyphy/ptII/ptolemy/actor/lib/test/auto/SubscriberPortInitialValues3.xml (RunModel)" time="0.017" />
  <testcase classname="ptolemy.util.test.junit.AutoTests" name="[352] /home/travis/build/icyphy/ptII/ptolemy/actor/lib/test/auto/SubscriptionAggregator.xml (RunModel)" time="0.01" />
  <testcase classname="ptolemy.util.test.junit.AutoTests" name="[353] /home/travis/build/icyphy/ptII/ptolemy/actor/lib/test/auto/SubscriptionAggregator2.xml (RunModel)" time="0.01" />
  <testcase classname="ptolemy.util.test.junit.AutoTests" name="[354] /home/travis/build/icyphy/ptII/ptolemy/actor/lib/test/auto/SubscriptionAggregator3.xml (RunModel)" time="0.014" />
  <testcase classname="ptolemy.util.test.junit.AutoTests" name="[355] /home/travis/build/icyphy/ptII/ptolemy/actor/lib/test/auto/SubscriptionAggregatorMultiply.xml (RunModel)" time="0.022" />
  <testcase classname="ptolemy.util.test.junit.AutoTests" name="[356] /home/travis/build/icyphy/ptII/ptolemy/actor/lib/test/auto/SubscriptionAggregatorPortMultiply1.xml (RunModel)" time="0.013" />
  <testcase classname="ptolemy.util.test.junit.AutoTests" name="[357] /home/travis/build/icyphy/ptII/ptolemy/actor/lib/test/auto/Switch.xml (RunModel)" time="0.017" />
  <testcase classname="ptolemy.util.test.junit.AutoTests" name="[358] /home/travis/build/icyphy/ptII/ptolemy/actor/lib/test/auto/Switch2.xml (RunModel)" time="0.011" />
  <testcase classname="ptolemy.util.test.junit.AutoTests" name="[359] /home/travis/build/icyphy/ptII/ptolemy/actor/lib/test/auto/SwitchDE.xml (RunModel)" time="0.011" />
  <testcase classname="ptolemy.util.test.junit.AutoTests" name="[360] /home/travis/build/icyphy/ptII/ptolemy/actor/lib/test/auto/SynchronizerDE.xml (RunModel)" time="0.019" />
  <testcase classname="ptolemy.util.test.junit.AutoTests" name="[361] /home/travis/build/icyphy/ptII/ptolemy/actor/lib/test/auto/Test.xml (RunModel)" time="0.007" />
  <testcase classname="ptolemy.util.test.junit.AutoTests" name="[362] /home/travis/build/icyphy/ptII/ptolemy/actor/lib/test/auto/TestExceptionAttribute1.xml (RunModel)" time="0.006" />
  <testcase classname="ptolemy.util.test.junit.AutoTests" name="[363] /home/travis/build/icyphy/ptII/ptolemy/actor/lib/test/auto/TestExceptionAttribute2.xml (RunModel)" time="0.007" />
  <testcase classname="ptolemy.util.test.junit.AutoTests" name="[364] /home/travis/build/icyphy/ptII/ptolemy/actor/lib/test/auto/TestExceptionAttribute3.xml (RunModel)" time="0.01" />
  <testcase classname="ptolemy.util.test.junit.AutoTests" name="[365] /home/travis/build/icyphy/ptII/ptolemy/actor/lib/test/auto/TestExceptionAttribute4.xml (RunModel)" time="0.007" />
  <testcase classname="ptolemy.util.test.junit.AutoTests" name="[366] /home/travis/build/icyphy/ptII/ptolemy/actor/lib/test/auto/TestExceptionHandler1.xml (RunModel)" time="0.008" />
  <testcase classname="ptolemy.util.test.junit.AutoTests" name="[367] /home/travis/build/icyphy/ptII/ptolemy/actor/lib/test/auto/TestExceptionHandler2.xml (RunModel)" time="0.007" />
  <testcase classname="ptolemy.util.test.junit.AutoTests" name="[368] /home/travis/build/icyphy/ptII/ptolemy/actor/lib/test/auto/TestExceptionHandler3.xml (RunModel)" time="0.007" />
  <testcase classname="ptolemy.util.test.junit.AutoTests" name="[369] /home/travis/build/icyphy/ptII/ptolemy/actor/lib/test/auto/TestExceptionHandler4.xml (RunModel)" time="0.005" />
  <testcase classname="ptolemy.util.test.junit.AutoTests" name="[370] /home/travis/build/icyphy/ptII/ptolemy/actor/lib/test/auto/TestRequireCorrectOrder.xml (RunModel)" time="0.007" />
  <testcase classname="ptolemy.util.test.junit.AutoTests" name="[371] /home/travis/build/icyphy/ptII/ptolemy/actor/lib/test/auto/TestSimple.xml (RunModel)" time="0.009" />
  <testcase classname="ptolemy.util.test.junit.AutoTests" name="[372] /home/travis/build/icyphy/ptII/ptolemy/actor/lib/test/auto/ThrowModelError.xml (RunModel)" time="0.009" />
  <testcase classname="ptolemy.util.test.junit.AutoTests" name="[373] /home/travis/build/icyphy/ptII/ptolemy/actor/lib/test/auto/TimeDelayMicrosteps.xml (RunModel)" time="0.013" />
  <testcase classname="ptolemy.util.test.junit.AutoTests" name="[374] /home/travis/build/icyphy/ptII/ptolemy/actor/lib/test/auto/TimeDelayMicrosteps2.xml (RunModel)" time="0.015" />
  <testcase classname="ptolemy.util.test.junit.AutoTests" name="[375] /home/travis/build/icyphy/ptII/ptolemy/actor/lib/test/auto/TimeDelayMicrosteps3.xml (RunModel)" time="0.012" />
  <testcase classname="ptolemy.util.test.junit.AutoTests" name="[376] /home/travis/build/icyphy/ptII/ptolemy/actor/lib/test/auto/TimeDelayVariableMicrosteps.xml (RunModel)" time="0.011" />
  <testcase classname="ptolemy.util.test.junit.AutoTests" name="[377] /home/travis/build/icyphy/ptII/ptolemy/actor/lib/test/auto/TimeGap.xml (RunModel)" time="0.012" />
  <testcase classname="ptolemy.util.test.junit.AutoTests" name="[378] /home/travis/build/icyphy/ptII/ptolemy/actor/lib/test/auto/TimeGap2.xml (RunModel)" time="0.009" />
  <testcase classname="ptolemy.util.test.junit.AutoTests" name="[379] /home/travis/build/icyphy/ptII/ptolemy/actor/lib/test/auto/TimedSinewave.xml (RunModel)" time="0.052" />
  <testcase classname="ptolemy.util.test.junit.AutoTests" name="[380] /home/travis/build/icyphy/ptII/ptolemy/actor/lib/test/auto/TimedSinewavePhase.xml (RunModel)" time="0.029" />
  <testcase classname="ptolemy.util.test.junit.AutoTests" name="[381] /home/travis/build/icyphy/ptII/ptolemy/actor/lib/test/auto/Timer.xml (RunModel)" time="0.011" />
  <testcase classname="ptolemy.util.test.junit.AutoTests" name="[382] /home/travis/build/icyphy/ptII/ptolemy/actor/lib/test/auto/TriangularDistTestModel.xml (RunModel)" time="0.014" />
  <testcase classname="ptolemy.util.test.junit.AutoTests" name="[383] /home/travis/build/icyphy/ptII/ptolemy/actor/lib/test/auto/TrigFunction.xml (RunModel)" time="0.007" />
  <testcase classname="ptolemy.util.test.junit.AutoTests" name="[384] /home/travis/build/icyphy/ptII/ptolemy/actor/lib/test/auto/TrigFunctionDE.xml (RunModel)" time="0.009" />
  <testcase classname="ptolemy.util.test.junit.AutoTests" name="[385] /home/travis/build/icyphy/ptII/ptolemy/actor/lib/test/auto/TrigFunctionInverse.xml (RunModel)" time="0.007" />
  <testcase classname="ptolemy.util.test.junit.AutoTests" name="[386] /home/travis/build/icyphy/ptII/ptolemy/actor/lib/test/auto/TrigFunctionTan.xml (RunModel)" time="0.006" />
  <testcase classname="ptolemy.util.test.junit.AutoTests" name="[387] /home/travis/build/icyphy/ptII/ptolemy/actor/lib/test/auto/TriggeredClock.xml (RunModel)" time="0.007" />
  <testcase classname="ptolemy.util.test.junit.AutoTests" name="[388] /home/travis/build/icyphy/ptII/ptolemy/actor/lib/test/auto/URLDirectoryReader.xml (RunModel)" time="0.092" />
  <testcase classname="ptolemy.util.test.junit.AutoTests" name="[389] /home/travis/build/icyphy/ptII/ptolemy/actor/lib/test/auto/URLDirectoryReader3.xml (RunModel)" time="1.589" />
  <testcase classname="ptolemy.util.test.junit.AutoTests" name="[390] /home/travis/build/icyphy/ptII/ptolemy/actor/lib/test/auto/UnaryMathFunction.xml (RunModel)" time="0.023" />
  <testcase classname="ptolemy.util.test.junit.AutoTests" name="[391] /home/travis/build/icyphy/ptII/ptolemy/actor/lib/test/auto/Uniform.xml (RunModel)" time="0.012" />
  <testcase classname="ptolemy.util.test.junit.AutoTests" name="[392] /home/travis/build/icyphy/ptII/ptolemy/actor/lib/test/auto/UnionDisassemblerTest.xml (RunModel)" time="0.016" />
  <testcase classname="ptolemy.util.test.junit.AutoTests" name="[393] /home/travis/build/icyphy/ptII/ptolemy/actor/lib/test/auto/UtilityFunctions.xml (RunModel)" time="0.007" />
  <testcase classname="ptolemy.util.test.junit.AutoTests" name="[394] /home/travis/build/icyphy/ptII/ptolemy/actor/lib/test/auto/VariableSleep.xml (RunModel)" time="0.511" />
  <testcase classname="ptolemy.util.test.junit.AutoTests" name="[395] /home/travis/build/icyphy/ptII/ptolemy/actor/lib/test/auto/VectorAssemblerDisassemblerCT.xml (RunModel)" time="0.115" />
  <testcase classname="ptolemy.util.test.junit.AutoTests" name="[396] /home/travis/build/icyphy/ptII/ptolemy/actor/lib/test/auto/VectorAssemblerDisassemblerDE.xml (RunModel)" time="0.013" />
  <testcase classname="ptolemy.util.test.junit.AutoTests" name="[397] /home/travis/build/icyphy/ptII/ptolemy/actor/lib/test/auto/VectorAssemblerDisassemblerSDF.xml (RunModel)" time="0.012" />
  <testcase classname="ptolemy.util.test.junit.AutoTests" name="[398] /home/travis/build/icyphy/ptII/ptolemy/actor/lib/test/auto/WallClockTime.xml (RunModel)" time="1.011" />
  <testcase classname="ptolemy.util.test.junit.AutoTests" name="[399] /home/travis/build/icyphy/ptII/ptolemy/actor/lib/test/auto/WidthTestWithSubscriberPublisher.xml (RunModel)" time="0.035" />
  <testcase classname="ptolemy.util.test.junit.AutoTests" name="[400] /home/travis/build/icyphy/ptII/ptolemy/actor/lib/test/auto/WidthTestWithSubscriberPublisher2.xml (RunModel)" time="0.016" />
  <testcase classname="ptolemy.util.test.junit.AutoTests" name="[401] /home/travis/build/icyphy/ptII/ptolemy/actor/lib/test/auto/WidthTestWithSubscriberPublisher3.xml (RunModel)" time="0.009" />
  <testcase classname="ptolemy.util.test.junit.AutoTests" name="[402] /home/travis/build/icyphy/ptII/ptolemy/actor/lib/test/auto/Writer.xml (RunModel)" time="0.007" />
  <testcase classname="ptolemy.util.test.junit.AutoTests" name="[403] /home/travis/build/icyphy/ptII/ptolemy/actor/lib/test/auto/array.xml (RunModel)" time="0.023" />
  <testcase classname="ptolemy.util.test.junit.AutoTests" name="[404] /home/travis/build/icyphy/ptII/ptolemy/actor/lib/test/auto/array2.xml (RunModel)" time="0.012" />
  <testcase classname="ptolemy.util.test.junit.AutoTests" name="[405] /home/travis/build/icyphy/ptII/ptolemy/actor/lib/test/auto/arrayType.xml (RunModel)" time="0.01" />
  <testcase classname="ptolemy.util.test.junit.AutoTests" name="[406] /home/travis/build/icyphy/ptII/ptolemy/actor/lib/test/auto/arrayType10.xml (RunModel)" time="0.007" />
  <testcase classname="ptolemy.util.test.junit.AutoTests" name="[407] /home/travis/build/icyphy/ptII/ptolemy/actor/lib/test/auto/arrayType11.xml (RunModel)" time="0.008" />
  <testcase classname="ptolemy.util.test.junit.AutoTests" name="[408] /home/travis/build/icyphy/ptII/ptolemy/actor/lib/test/auto/arrayType12.xml (RunModel)" time="0.01" />
  <testcase classname="ptolemy.util.test.junit.AutoTests" name="[409] /home/travis/build/icyphy/ptII/ptolemy/actor/lib/test/auto/arrayType13.xml (RunModel)" time="0.009" />
  <testcase classname="ptolemy.util.test.junit.AutoTests" name="[410] /home/travis/build/icyphy/ptII/ptolemy/actor/lib/test/auto/arrayType14.xml (RunModel)" time="0.008" />
  <testcase classname="ptolemy.util.test.junit.AutoTests" name="[411] /home/travis/build/icyphy/ptII/ptolemy/actor/lib/test/auto/arrayType15.xml (RunModel)" time="0.008" />
  <testcase classname="ptolemy.util.test.junit.AutoTests" name="[412] /home/travis/build/icyphy/ptII/ptolemy/actor/lib/test/auto/arrayType16.xml (RunModel)" time="0.008" />
  <testcase classname="ptolemy.util.test.junit.AutoTests" name="[413] /home/travis/build/icyphy/ptII/ptolemy/actor/lib/test/auto/arrayType17.xml (RunModel)" time="0.008" />
  <testcase classname="ptolemy.util.test.junit.AutoTests" name="[414] /home/travis/build/icyphy/ptII/ptolemy/actor/lib/test/auto/arrayType18.xml (RunModel)" time="0.008" />
  <testcase classname="ptolemy.util.test.junit.AutoTests" name="[415] /home/travis/build/icyphy/ptII/ptolemy/actor/lib/test/auto/arrayType19.xml (RunModel)" time="0.008" />
  <testcase classname="ptolemy.util.test.junit.AutoTests" name="[416] /home/travis/build/icyphy/ptII/ptolemy/actor/lib/test/auto/arrayType2.xml (RunModel)" time="0.008" />
  <testcase classname="ptolemy.util.test.junit.AutoTests" name="[417] /home/travis/build/icyphy/ptII/ptolemy/actor/lib/test/auto/arrayType20.xml (RunModel)" time="0.014" />
  <testcase classname="ptolemy.util.test.junit.AutoTests" name="[418] /home/travis/build/icyphy/ptII/ptolemy/actor/lib/test/auto/arrayType21.xml (RunModel)" time="0.035" />
  <testcase classname="ptolemy.util.test.junit.AutoTests" name="[419] /home/travis/build/icyphy/ptII/ptolemy/actor/lib/test/auto/arrayType22.xml (RunModel)" time="0.03" />
  <testcase classname="ptolemy.util.test.junit.AutoTests" name="[420] /home/travis/build/icyphy/ptII/ptolemy/actor/lib/test/auto/arrayType23.xml (RunModel)" time="0.036" />
  <testcase classname="ptolemy.util.test.junit.AutoTests" name="[421] /home/travis/build/icyphy/ptII/ptolemy/actor/lib/test/auto/arrayType24.xml (RunModel)" time="0.039" />
  <testcase classname="ptolemy.util.test.junit.AutoTests" name="[422] /home/travis/build/icyphy/ptII/ptolemy/actor/lib/test/auto/arrayType25.xml (RunModel)" time="0.042" />
  <testcase classname="ptolemy.util.test.junit.AutoTests" name="[423] /home/travis/build/icyphy/ptII/ptolemy/actor/lib/test/auto/arrayType26.xml (RunModel)" time="0.008" />
  <testcase classname="ptolemy.util.test.junit.AutoTests" name="[424] /home/travis/build/icyphy/ptII/ptolemy/actor/lib/test/auto/arrayType27.xml (RunModel)" time="0.022" />
  <testcase classname="ptolemy.util.test.junit.AutoTests" name="[425] /home/travis/build/icyphy/ptII/ptolemy/actor/lib/test/auto/arrayType28.xml (RunModel)" time="0.027" />
  <testcase classname="ptolemy.util.test.junit.AutoTests" name="[426] /home/travis/build/icyphy/ptII/ptolemy/actor/lib/test/auto/arrayType3.xml (RunModel)" time="0.029" />
  <testcase classname="ptolemy.util.test.junit.AutoTests" name="[427] /home/travis/build/icyphy/ptII/ptolemy/actor/lib/test/auto/arrayType4.xml (RunModel)" time="0.009" />
  <testcase classname="ptolemy.util.test.junit.AutoTests" name="[428] /home/travis/build/icyphy/ptII/ptolemy/actor/lib/test/auto/arrayType5.xml (RunModel)" time="0.015" />
  <testcase classname="ptolemy.util.test.junit.AutoTests" name="[429] /home/travis/build/icyphy/ptII/ptolemy/actor/lib/test/auto/arrayType6.xml (RunModel)" time="0.018" />
  <testcase classname="ptolemy.util.test.junit.AutoTests" name="[430] /home/travis/build/icyphy/ptII/ptolemy/actor/lib/test/auto/arrayType7.xml (RunModel)" time="0.008" />
  <testcase classname="ptolemy.util.test.junit.AutoTests" name="[431] /home/travis/build/icyphy/ptII/ptolemy/actor/lib/test/auto/arrayType8.xml (RunModel)" time="0.008" />
  <testcase classname="ptolemy.util.test.junit.AutoTests" name="[432] /home/travis/build/icyphy/ptII/ptolemy/actor/lib/test/auto/arrayType9.xml (RunModel)" time="0.006" />
  <testcase classname="ptolemy.util.test.junit.AutoTests" name="[433] /home/travis/build/icyphy/ptII/ptolemy/actor/lib/test/auto/cast.xml (RunModel)" time="0.008" />
  <testcase classname="ptolemy.util.test.junit.AutoTests" name="[434] /home/travis/build/icyphy/ptII/ptolemy/actor/lib/test/auto/compositeMultiPort.xml (RunModel)" time="0.017" />
  <testcase classname="ptolemy.util.test.junit.AutoTests" name="[435] /home/travis/build/icyphy/ptII/ptolemy/actor/lib/test/auto/expressionCastInference.xml (RunModel)" time="0.007" />
  <testcase classname="ptolemy.util.test.junit.AutoTests" name="[436] /home/travis/build/icyphy/ptII/ptolemy/actor/lib/test/auto/expressionCastInference2.xml (RunModel)" time="0.007" />
  <testcase classname="ptolemy.util.test.junit.AutoTests" name="[437] /home/travis/build/icyphy/ptII/ptolemy/actor/lib/test/auto/expressionInference.xml (RunModel)" time="0.006" />
  <testcase classname="ptolemy.util.test.junit.AutoTests" name="[438] /home/travis/build/icyphy/ptII/ptolemy/actor/lib/test/auto/expression_bug.xml (RunModel)" time="0.006" />
  <testcase classname="ptolemy.util.test.junit.AutoTests" name="[439] /home/travis/build/icyphy/ptII/ptolemy/actor/lib/test/auto/factorial.xml (RunModel)" time="0.046" />
  <testcase classname="ptolemy.util.test.junit.AutoTests" name="[440] /home/travis/build/icyphy/ptII/ptolemy/actor/lib/test/auto/filterTest1.xml (RunModel)" time="0.017" />
  <testcase classname="ptolemy.util.test.junit.AutoTests" name="[441] /home/travis/build/icyphy/ptII/ptolemy/actor/lib/test/auto/funcApplyInConst.xml (RunModel)" time="0.01" />
  <testcase classname="ptolemy.util.test.junit.AutoTests" name="[442] /home/travis/build/icyphy/ptII/ptolemy/actor/lib/test/auto/funcApplyInExpr.xml (RunModel)" time="0.006" />
  <testcase classname="ptolemy.util.test.junit.AutoTests" name="[443] /home/travis/build/icyphy/ptII/ptolemy/actor/lib/test/auto/function.xml (RunModel)" time="0.01" />
  <testcase classname="ptolemy.util.test.junit.AutoTests" name="[444] /home/travis/build/icyphy/ptII/ptolemy/actor/lib/test/auto/function2.xml (RunModel)" time="0.012" />
  <testcase classname="ptolemy.util.test.junit.AutoTests" name="[445] /home/travis/build/icyphy/ptII/ptolemy/actor/lib/test/auto/function3.xml (RunModel)" time="0.007" />
  <testcase classname="ptolemy.util.test.junit.AutoTests" name="[446] /home/travis/build/icyphy/ptII/ptolemy/actor/lib/test/auto/functionClosureTest1.xml (RunModel)" time="0.009" />
  <testcase classname="ptolemy.util.test.junit.AutoTests" name="[447] /home/travis/build/icyphy/ptII/ptolemy/actor/lib/test/auto/functionClosureTest2.xml (RunModel)" time="0.006" />
  <testcase classname="ptolemy.util.test.junit.AutoTests" name="[448] /home/travis/build/icyphy/ptII/ptolemy/actor/lib/test/auto/functionClosureTest3.xml (RunModel)" time="0.009" />
  <testcase classname="ptolemy.util.test.junit.AutoTests" name="[449] /home/travis/build/icyphy/ptII/ptolemy/actor/lib/test/auto/functionClosureTest4.xml (RunModel)" time="0.027" />
  <testcase classname="ptolemy.util.test.junit.AutoTests" name="[450] /home/travis/build/icyphy/ptII/ptolemy/actor/lib/test/auto/functionClosureTest5.xml (RunModel)" time="0.012" />
  <testcase classname="ptolemy.util.test.junit.AutoTests" name="[451] /home/travis/build/icyphy/ptII/ptolemy/actor/lib/test/auto/functionClosureTest6.xml (RunModel)" time="0.008" />
  <testcase classname="ptolemy.util.test.junit.AutoTests" name="[452] /home/travis/build/icyphy/ptII/ptolemy/actor/lib/test/auto/functionsOnArcs.xml (RunModel)" time="0.009" />
  <testcase classname="ptolemy.util.test.junit.AutoTests" name="[453] /home/travis/build/icyphy/ptII/ptolemy/actor/lib/test/auto/functionsOnArcsHOF.xml (RunModel)" time="0.012" />
  <testcase classname="ptolemy.util.test.junit.AutoTests" name="[454] /home/travis/build/icyphy/ptII/ptolemy/actor/lib/test/auto/logic.xml (RunModel)" time="0.016" />
  <testcase classname="ptolemy.util.test.junit.AutoTests" name="[455] /home/travis/build/icyphy/ptII/ptolemy/actor/lib/test/auto/matrixType.xml (RunModel)" time="0.008" />
  <testcase classname="ptolemy.util.test.junit.AutoTests" name="[456] /home/travis/build/icyphy/ptII/ptolemy/actor/lib/test/auto/matrixType10.xml (RunModel)" time="0.009" />
  <testcase classname="ptolemy.util.test.junit.AutoTests" name="[457] /home/travis/build/icyphy/ptII/ptolemy/actor/lib/test/auto/matrixType11.xml (RunModel)" time="0.023" />
  <testcase classname="ptolemy.util.test.junit.AutoTests" name="[458] /home/travis/build/icyphy/ptII/ptolemy/actor/lib/test/auto/matrixType12.xml (RunModel)" time="0.011" />
  <testcase classname="ptolemy.util.test.junit.AutoTests" name="[459] /home/travis/build/icyphy/ptII/ptolemy/actor/lib/test/auto/matrixType13.xml (RunModel)" time="0.008" />
  <testcase classname="ptolemy.util.test.junit.AutoTests" name="[460] /home/travis/build/icyphy/ptII/ptolemy/actor/lib/test/auto/matrixType14.xml (RunModel)" time="0.009" />
  <testcase classname="ptolemy.util.test.junit.AutoTests" name="[461] /home/travis/build/icyphy/ptII/ptolemy/actor/lib/test/auto/matrixType2.xml (RunModel)" time="0.008" />
  <testcase classname="ptolemy.util.test.junit.AutoTests" name="[462] /home/travis/build/icyphy/ptII/ptolemy/actor/lib/test/auto/matrixType3.xml (RunModel)" time="0.009" />
  <testcase classname="ptolemy.util.test.junit.AutoTests" name="[463] /home/travis/build/icyphy/ptII/ptolemy/actor/lib/test/auto/matrixType4.xml (RunModel)" time="0.008" />
  <testcase classname="ptolemy.util.test.junit.AutoTests" name="[464] /home/travis/build/icyphy/ptII/ptolemy/actor/lib/test/auto/matrixType5.xml (RunModel)" time="0.008" />
  <testcase classname="ptolemy.util.test.junit.AutoTests" name="[465] /home/travis/build/icyphy/ptII/ptolemy/actor/lib/test/auto/matrixType6.xml (RunModel)" time="0.007" />
  <testcase classname="ptolemy.util.test.junit.AutoTests" name="[466] /home/travis/build/icyphy/ptII/ptolemy/actor/lib/test/auto/matrixType7.xml (RunModel)" time="0.008" />
  <testcase classname="ptolemy.util.test.junit.AutoTests" name="[467] /home/travis/build/icyphy/ptII/ptolemy/actor/lib/test/auto/matrixType8.xml (RunModel)" time="0.008" />
  <testcase classname="ptolemy.util.test.junit.AutoTests" name="[468] /home/travis/build/icyphy/ptII/ptolemy/actor/lib/test/auto/matrixType9.xml (RunModel)" time="0.008" />
  <testcase classname="ptolemy.util.test.junit.AutoTests" name="[469] /home/travis/build/icyphy/ptII/ptolemy/actor/lib/test/auto/paraFunctest.xml (RunModel)" time="0.007" />
  <testcase classname="ptolemy.util.test.junit.AutoTests" name="[470] /home/travis/build/icyphy/ptII/ptolemy/actor/lib/test/auto/paraFunctest2.xml (RunModel)" time="0.013" />
  <testcase classname="ptolemy.util.test.junit.AutoTests" name="[471] /home/travis/build/icyphy/ptII/ptolemy/actor/lib/test/auto/parameterPassing.xml (RunModel)" time="0.01" />
  <testcase classname="ptolemy.util.test.junit.AutoTests" name="[472] /home/travis/build/icyphy/ptII/ptolemy/actor/lib/test/auto/record.xml (RunModel)" time="0.01" />
  <testcase classname="ptolemy.util.test.junit.AutoTests" name="[473] /home/travis/build/icyphy/ptII/ptolemy/actor/lib/test/auto/sizedarray1.xml (RunModel)" time="0.009" />
  <testcase classname="ptolemy.util.test.junit.AutoTests" name="[474] /home/travis/build/icyphy/ptII/ptolemy/actor/lib/test/auto/sizedarray2.xml (RunModel)" time="0.01" />
  <testcase classname="ptolemy.util.test.junit.AutoTests" name="[475] /home/travis/build/icyphy/ptII/ptolemy/actor/lib/test/auto/twoPublishers.xml (RunModel)" time="0.028" />
  <system-out><![CDATA[/home/travis/build/icyphy/ptII/ptolemy/actor/lib/test/AbsoluteValue.tcl
testDefs.tcl: setting time out to 9000 seconds at Sat Sep 26 16:14:47 UTC 2020
95 ms. Memory: 129024K Free: 93126K (72%)
9 ms. Memory: 129024K Free: 91080K (71%)
9 ms. Memory: 129024K Free: 90056K (70%)
12 ms. Memory: 129024K Free: 89527K (69%)
/home/travis/build/icyphy/ptII/ptolemy/actor/lib/test/AddSubtract.tcl
19 ms. Memory: 129024K Free: 87494K (68%)
16 ms. Memory: 129024K Free: 86984K (67%)
9 ms. Memory: 129024K Free: 85960K (67%)
14 ms. Memory: 129024K Free: 85439K (66%)
82 ms. Memory: 129024K Free: 82374K (64%)
12 ms. Memory: 129024K Free: 81350K (63%)
/home/travis/build/icyphy/ptII/ptolemy/actor/lib/test/Average.tcl
12 ms. Memory: 129024K Free: 79816K (62%)
19 ms. Memory: 129024K Free: 78792K (61%)
/home/travis/build/icyphy/ptII/ptolemy/actor/lib/test/Bernoulli.tcl
9 ms. Memory: 129024K Free: 77239K (60%)
5 ms. Memory: 129024K Free: 76744K (59%)
/home/travis/build/icyphy/ptII/ptolemy/actor/lib/test/Clock.tcl
preinitializing
resolving types
initializing
executing number 1
wrapping up
idle
34 ms. Memory: 129024K Free: 74182K (57%)
Completed execution with 5 iterations
preinitializing
resolving types
initializing
executing number 1
wrapping up
idle
8 ms. Memory: 129024K Free: 73127K (57%)
Completed execution with 5 iterations
preinitializing
resolving types
initializing
executing number 1
wrapping up
idle
3 ms. Memory: 129024K Free: 72648K (56%)
Completed execution with 5 iterations
/home/travis/build/icyphy/ptII/ptolemy/actor/lib/test/Commutator.tcl
5 ms. Memory: 129024K Free: 70600K (55%)
19 ms. Memory: 129024K Free: 69576K (54%)
13 ms. Memory: 129024K Free: 63911K (50%)
/home/travis/build/icyphy/ptII/ptolemy/actor/lib/test/Const.tcl
4 ms. Memory: 129024K Free: 62408K (48%)
2 ms. Memory: 129024K Free: 61879K (48%)
3 ms. Memory: 129024K Free: 61384K (48%)
2 ms. Memory: 129024K Free: 60863K (47%)
2 ms. Memory: 129024K Free: 60360K (47%)
13 ms. Memory: 129024K Free: 58822K (46%)
5 ms. Memory: 129024K Free: 57288K (44%)
3 ms. Memory: 129024K Free: 56767K (44%)
/home/travis/build/icyphy/ptII/ptolemy/actor/lib/test/CurrentTime.tcl
preinitializing
resolving types
initializing
executing number 1
wrapping up
idle
8 ms. Memory: 129024K Free: 54711K (42%)
Completed execution with 11 iterations
/home/travis/build/icyphy/ptII/ptolemy/actor/lib/test/DB.tcl
4 ms. Memory: 129024K Free: 53192K (41%)
3 ms. Memory: 129024K Free: 52677K (41%)
1 ms. Memory: 129024K Free: 52168K (40%)
/home/travis/build/icyphy/ptII/ptolemy/actor/lib/test/DiscreteRandomSource.tcl
preinitializing
resolving types
initializing
executing number 1
wrapping up
idle
13 ms. Memory: 129024K Free: 50615K (39%)
Completed execution with 4 iterations
preinitializing
resolving types
initializing
executing number 1
wrapping up
idle
6 ms. Memory: 129024K Free: 50120K (39%)
Completed execution with 4 iterations
preinitializing
resolving types
initializing
executing number 1
wrapping up
idle
7 ms. Memory: 129024K Free: 49606K (38%)
Completed execution with 4 iterations
preinitializing
resolving types
initializing
executing number 1
wrapping up
idle
3 ms. Memory: 129024K Free: 49096K (38%)
Completed execution with 4 iterations
preinitializing
resolving types
initializing
executing number 1
wrapping up
idle
16 ms. Memory: 129024K Free: 48582K (38%)
Completed execution with 4 iterations
/home/travis/build/icyphy/ptII/ptolemy/actor/lib/test/Distributor.tcl
27 ms. Memory: 129024K Free: 113810K (88%)
11 ms. Memory: 129024K Free: 113016K (88%)
StreamChangeRequest.changeExecuted(): <deleteEntity name="rec2"/> succeeded
StreamChangeRequest.changeExecuted(): <deleteRelation name="r2"/> succeeded
StreamChangeRequest.changeExecuted(): Record firings per iteration succeeded
15 ms. Memory: 129024K Free: 110054K (85%)
/home/travis/build/icyphy/ptII/ptolemy/actor/lib/test/Exit.tcl
Exit.tcl: this will print a message about Manager.exitAfterWrapup, which can be ignored.
11 ms. Memory: 129024K Free: 107219K (83%)
/home/travis/build/icyphy/ptII/ptolemy/actor/lib/test/Expression.tcl
22 ms. Memory: 129024K Free: 104084K (81%)
12 ms. Memory: 129024K Free: 103046K (80%)
4 ms. Memory: 129024K Free: 102522K (79%)
preinitializing
resolving types
initializing
executing number 1
wrapping up
idle
9 ms. Memory: 129024K Free: 100982K (78%)
Completed execution with 6 iterations
15 ms. Memory: 129024K Free: 99974K (77%)
2 ms. Memory: 129024K Free: 99457K (77%)
9 ms. Memory: 129024K Free: 98442K (76%)
8 ms. Memory: 129024K Free: 96902K (75%)
6 ms. Memory: 129024K Free: 95854K (74%)
/home/travis/build/icyphy/ptII/ptolemy/actor/lib/test/Gaussian.tcl
10 ms. Memory: 129024K Free: 93814K (73%)
sleeping 1 seconds: ....................................................................................................................................................................................................................................................................................................................................................................................................................................................................................................................................................................................................................................................................................................................................................................................................................................................................................................................................................................................................................................................................................................................................................................................................................................................................................................................................................................................................................................................................................................................................................................................................................................................................................................................................................................................................................................................................................................................................................................................................................................................................................................................................................................................................................................................................................................................................2 ms. Memory: 129024K Free: 107608K (83%)
2 ms. Memory: 129024K Free: 106584K (83%)
1 ms. Memory: 129024K Free: 106070K (82%)
2 ms. Memory: 129024K Free: 105560K (82%)
1 ms. Memory: 129024K Free: 105031K (81%)
/home/travis/build/icyphy/ptII/ptolemy/actor/lib/test/IIR.tcl
/home/travis/build/icyphy/ptII/ptolemy/actor/lib/test/Interpolator.tcl
3 ms. Memory: 129024K Free: 100943K (78%)
1 ms. Memory: 129024K Free: 100440K (78%)
1 ms. Memory: 129024K Free: 99911K (77%)
4 ms. Memory: 129024K Free: 99416K (77%)
4 ms. Memory: 129024K Free: 98392K (76%)
2 ms. Memory: 129024K Free: 97368K (75%)
2 ms. Memory: 129024K Free: 96823K (75%)
2 ms. Memory: 129024K Free: 95799K (74%)
2 ms. Memory: 129024K Free: 94791K (73%)
5 ms. Memory: 129024K Free: 93782K (73%)
/home/travis/build/icyphy/ptII/ptolemy/actor/lib/test/MathFunction.tcl
8 ms. Memory: 129024K Free: 91703K (71%)
2 ms. Memory: 129024K Free: 90710K (70%)
2 ms. Memory: 129024K Free: 89686K (70%)
2 ms. Memory: 129024K Free: 89176K (69%)
8 ms. Memory: 129024K Free: 87623K (68%)
7 ms. Memory: 129024K Free: 85559K (66%)
/home/travis/build/icyphy/ptII/ptolemy/actor/lib/test/Maximum.tcl
6 ms. Memory: 129024K Free: 84056K (65%)
8 ms. Memory: 129024K Free: 83032K (64%)
3 ms. Memory: 129024K Free: 82503K (64%)
4 ms. Memory: 129024K Free: 82008K (64%)
/home/travis/build/icyphy/ptII/ptolemy/actor/lib/test/Minimum.tcl
8 ms. Memory: 129024K Free: 79960K (62%)
3 ms. Memory: 129024K Free: 79431K (62%)
2 ms. Memory: 129024K Free: 78936K (61%)
3 ms. Memory: 129024K Free: 77912K (60%)
/home/travis/build/icyphy/ptII/ptolemy/actor/lib/test/MultiplyDivide.tcl
10 ms. Memory: 129024K Free: 76359K (59%)
10 ms. Memory: 129024K Free: 75350K (58%)
2 ms. Memory: 129024K Free: 74840K (58%)
8 ms. Memory: 129024K Free: 73816K (57%)
5 ms. Memory: 129024K Free: 73295K (57%)
/home/travis/build/icyphy/ptII/ptolemy/actor/lib/test/OrderedMerge.tcl
Connections changed on port: inputA
Connections changed on port: inputB
Connections changed on port: output
Connections changed on port: output
Connections changed on port: output
Connections changed on port: input
.top. Preinitializing ...
Invoking preinitialize():  .top.OrderedMerge
Called preinitialize()
Invoking preinitialize():  .top.Ramp
Called preinitialize()
Invoking preinitialize():  .top.Ramp2
Called preinitialize()
Invoking preinitialize():  .top.Test
Called preinitialize()
Connections changed on port: inputA
Connections changed on port: output
Connections changed on port: output
Connections changed on port: input
Connections changed on port: inputB
Connections changed on port: output
.top. Finished preinitialize().
Called initialize().
Invoking initialize():  .top.OrderedMerge
Initializing actor: .top.OrderedMerge
Adding a thread: .top.OrderedMerge
Invoking initialize():  .top.Ramp
Initializing actor: .top.Ramp
Adding a thread: .top.Ramp
Invoking initialize():  .top.Ramp2
Initializing actor: .top.Ramp2
Adding a thread: .top.Ramp2
Invoking initialize():  .top.Test
Initializing actor: .top.Test
Adding a thread: .top.Test
Called fire().
Checking for deadlock:
-- Starting thread.
Called initialize()
Called prefire()
Called fire()
-- Starting thread.
Called initialize()
Called prefire()
Called fire()
-- Starting thread.
Called initialize()
Called prefire()
Called fire()
-- Starting thread.
Called initialize()
Called prefire()
Called fire()
There are 0 Blocked actors, 0 Stopped actors, and 4 active threads.
Waiting for actors to stop.
Called postfire()
Called prefire()
Called fire()
Called postfire()
Called prefire()
Called fire()
Read input token from inputA with value 0.0
Next port to read input from is inputB
Called postfire()
Called prefire()
Called fire()
Checking for deadlock:
There are 2 Blocked actors, 0 Stopped actors, and 4 active threads.
Waiting for actors to stop.
Called postfire()
Called prefire()
Called fire()
Called postfire()
Called prefire()
Called fire()
Checking for deadlock:
There are 3 Blocked actors, 0 Stopped actors, and 4 active threads.
Waiting for actors to stop.
Read input token from inputB with value 0.0
-- Read input: 0.0, which is expected to match: 0.0
Called prefire()
Called fire()
Checking for deadlock:
There are 3 Blocked actors, 0 Stopped actors, and 4 active threads.
Waiting for actors to stop.
Sent output token with value 0.0
Next port to read input from is inputA
Called postfire()
Called prefire()
Called fire()
Checking for deadlock:
There are 2 Blocked actors, 0 Stopped actors, and 4 active threads.
Waiting for actors to stop.
Called postfire()
Called prefire()
Called fire()
Checking for deadlock:
There are 3 Blocked actors, 0 Stopped actors, and 4 active threads.
Waiting for actors to stop.
Read input token from inputA with value 1.0
Checking for deadlock:
There are 2 Blocked actors, 0 Stopped actors, and 4 active threads.
Waiting for actors to stop.
-- Read input: 0.0, which is expected to match: 0.0
Called prefire()
Called fire()
Checking for deadlock:
There are 3 Blocked actors, 0 Stopped actors, and 4 active threads.
Waiting for actors to stop.
Sent output token with value 0.0
Next port to read input from is inputB
Called postfire()
Called prefire()
Called fire()
Called postfire()
Called prefire()
Called fire()
Checking for deadlock:
There are 3 Blocked actors, 0 Stopped actors, and 4 active threads.
Waiting for actors to stop.
Read input token from inputB with value 1.5
-- Read input: 1.0, which is expected to match: 1.0
Called prefire()
Called fire()
Checking for deadlock:
There are 3 Blocked actors, 0 Stopped actors, and 4 active threads.
Waiting for actors to stop.
Sent output token with value 1.0
Next port to read input from is inputA
Called postfire()
Called prefire()
Called fire()
Checking for deadlock:
There are 2 Blocked actors, 0 Stopped actors, and 4 active threads.
Waiting for actors to stop.
Called postfire()
Called prefire()
Called fire()
Checking for deadlock:
There are 3 Blocked actors, 0 Stopped actors, and 4 active threads.
Waiting for actors to stop.
Read input token from inputA with value 2.0
Checking for deadlock:
There are 2 Blocked actors, 0 Stopped actors, and 4 active threads.
Waiting for actors to stop.
-- Read input: 1.5, which is expected to match: 1.5
Called prefire()
Called fire()
Checking for deadlock:
There are 3 Blocked actors, 0 Stopped actors, and 4 active threads.
Waiting for actors to stop.
Sent output token with value 1.5
Next port to read input from is inputB
Called postfire()
Called prefire()
Called fire()
Called postfire()
Called prefire()
Called fire()
Checking for deadlock:
There are 3 Blocked actors, 0 Stopped actors, and 4 active threads.
Waiting for actors to stop.
Read input token from inputB with value 3.0
-- Read input: 2.0, which is expected to match: 2.0
Called prefire()
Called fire()
Checking for deadlock:
There are 3 Blocked actors, 0 Stopped actors, and 4 active threads.
Waiting for actors to stop.
Sent output token with value 2.0
Next port to read input from is inputA
Called postfire()
Called prefire()
Called fire()
Checking for deadlock:
There are 2 Blocked actors, 0 Stopped actors, and 4 active threads.
Waiting for actors to stop.
Called postfire()
Called prefire()
Called fire()
Checking for deadlock:
There are 3 Blocked actors, 0 Stopped actors, and 4 active threads.
Waiting for actors to stop.
Read input token from inputA with value 3.0
Checking for deadlock:
There are 2 Blocked actors, 0 Stopped actors, and 4 active threads.
Waiting for actors to stop.
-- Read input: 3.0, which is expected to match: 3.0
Called prefire()
Called fire()
Checking for deadlock:
There are 3 Blocked actors, 0 Stopped actors, and 4 active threads.
Waiting for actors to stop.
Sent output token with value 3.0
Next port to read input from is inputB
Called postfire()
Called prefire()
Called fire()
Called postfire()
Called prefire()
Called fire()
Checking for deadlock:
There are 3 Blocked actors, 0 Stopped actors, and 4 active threads.
Waiting for actors to stop.
Read input token from inputB with value 4.5
-- Read input: 3.0, which is expected to match: 3.0
Called prefire()
Called fire()
Checking for deadlock:
There are 3 Blocked actors, 0 Stopped actors, and 4 active threads.
Waiting for actors to stop.
Sent output token with value 3.0
Next port to read input from is inputA
Called postfire()
Called prefire()
Called fire()
Checking for deadlock:
There are 2 Blocked actors, 0 Stopped actors, and 4 active threads.
Waiting for actors to stop.
Called postfire()
Called prefire()
Called fire()
Checking for deadlock:
There are 3 Blocked actors, 0 Stopped actors, and 4 active threads.
Waiting for actors to stop.
Read input token from inputA with value 4.0
Checking for deadlock:
There are 2 Blocked actors, 0 Stopped actors, and 4 active threads.
Waiting for actors to stop.
-- Read input: 4.0, which is expected to match: 4.0
Called prefire()
Called fire()
Past the end of training data. Read and discard all inputs.
Checking for deadlock:
There are 3 Blocked actors, 0 Stopped actors, and 4 active threads.
Waiting for actors to stop.
Sent output token with value 4.0
Next port to read input from is inputA
Called postfire()
Called prefire()
Called fire()
Checking for deadlock:
There are 2 Blocked actors, 0 Stopped actors, and 4 active threads.
Waiting for actors to stop.
Called postfire()
Called prefire()
Called fire()
Checking for deadlock:
There are 3 Blocked actors, 0 Stopped actors, and 4 active threads.
Waiting for actors to stop.
Read input token from inputA with value 5.0
Checking for deadlock:
There are 2 Blocked actors, 0 Stopped actors, and 4 active threads.
Waiting for actors to stop.
Called prefire()
Called fire()
Past the end of training data. Read and discard all inputs.
Checking for deadlock:
There are 3 Blocked actors, 0 Stopped actors, and 4 active threads.
Waiting for actors to stop.
Sent output token with value 4.5
Next port to read input from is inputB
Called postfire()
Called prefire()
Called fire()
Called postfire()
Called prefire()
Called fire()
Checking for deadlock:
There are 3 Blocked actors, 0 Stopped actors, and 4 active threads.
Waiting for actors to stop.
Read input token from inputB with value 6.0
Called prefire()
Called fire()
Past the end of training data. Read and discard all inputs.
Checking for deadlock:
There are 3 Blocked actors, 0 Stopped actors, and 4 active threads.
Waiting for actors to stop.
Sent output token with value 5.0
Next port to read input from is inputA
Called postfire()
Called prefire()
Called fire()
Checking for deadlock:
There are 2 Blocked actors, 0 Stopped actors, and 4 active threads.
Waiting for actors to stop.
Called postfire()
Called prefire()
Called fire()
Checking for deadlock:
There are 3 Blocked actors, 0 Stopped actors, and 4 active threads.
Waiting for actors to stop.
Read input token from inputA with value 6.0
Checking for deadlock:
There are 2 Blocked actors, 0 Stopped actors, and 4 active threads.
Waiting for actors to stop.
Called prefire()
Called fire()
Past the end of training data. Read and discard all inputs.
Checking for deadlock:
There are 3 Blocked actors, 0 Stopped actors, and 4 active threads.
Waiting for actors to stop.
Sent output token with value 6.0
Next port to read input from is inputB
Called postfire()
Called prefire()
Called fire()
Called postfire()
Called prefire()
Called fire()
Checking for deadlock:
There are 3 Blocked actors, 0 Stopped actors, and 4 active threads.
Waiting for actors to stop.
Read input token from inputB with value 7.5
Called prefire()
Called fire()
Past the end of training data. Read and discard all inputs.
Checking for deadlock:
There are 3 Blocked actors, 0 Stopped actors, and 4 active threads.
Waiting for actors to stop.
Sent output token with value 6.0
Next port to read input from is inputA
Called postfire()
Called prefire()
Called fire()
Checking for deadlock:
There are 2 Blocked actors, 0 Stopped actors, and 4 active threads.
Waiting for actors to stop.
Called postfire()
Called prefire()
Called fire()
Checking for deadlock:
There are 3 Blocked actors, 0 Stopped actors, and 4 active threads.
Waiting for actors to stop.
Read input token from inputA with value 7.0
Checking for deadlock:
There are 2 Blocked actors, 0 Stopped actors, and 4 active threads.
Waiting for actors to stop.
Called prefire()
Called fire()
Past the end of training data. Read and discard all inputs.
Checking for deadlock:
There are 3 Blocked actors, 0 Stopped actors, and 4 active threads.
Waiting for actors to stop.
Sent output token with value 7.0
Next port to read input from is inputA
Called postfire()
Called prefire()
Called fire()
Checking for deadlock:
There are 2 Blocked actors, 0 Stopped actors, and 4 active threads.
Waiting for actors to stop.
-- Thread wrapup() called.
Called wrapup()
Thread .top.Ramp is exiting.
-- Thread stopped.
Checking for deadlock:
There are 2 Blocked actors, 0 Stopped actors, and 3 active threads.
Waiting for actors to stop.
Read input token from inputA with value 8.0
Called prefire()
Called fire()
Past the end of training data. Read and discard all inputs.
Checking for deadlock:
There are 2 Blocked actors, 0 Stopped actors, and 3 active threads.
Waiting for actors to stop.
Sent output token with value 7.5
Next port to read input from is inputB
Called postfire()
Called prefire()
Called fire()
Checking for deadlock:
There are 1 Blocked actors, 0 Stopped actors, and 3 active threads.
Waiting for actors to stop.
Called postfire()
Called prefire()
Called fire()
Checking for deadlock:
There are 2 Blocked actors, 0 Stopped actors, and 3 active threads.
Waiting for actors to stop.
Read input token from inputB with value 9.0
Checking for deadlock:
There are 1 Blocked actors, 0 Stopped actors, and 3 active threads.
Waiting for actors to stop.
Called prefire()
Called fire()
Past the end of training data. Read and discard all inputs.
Checking for deadlock:
There are 2 Blocked actors, 0 Stopped actors, and 3 active threads.
Waiting for actors to stop.
Sent output token with value 8.0
Next port to read input from is inputA
Called postfire()
Called prefire()
Called fire()
Read input token from inputA with value 9.0
Called prefire()
Called fire()
Past the end of training data. Read and discard all inputs.
Checking for deadlock:
There are 2 Blocked actors, 0 Stopped actors, and 3 active threads.
Waiting for actors to stop.
Sent output token with value 9.0
Next port to read input from is inputB
Called postfire()
Called prefire()
Called fire()
Called postfire()
Called prefire()
Called fire()
Checking for deadlock:
There are 2 Blocked actors, 0 Stopped actors, and 3 active threads.
Waiting for actors to stop.
Read input token from inputB with value 10.5
Called prefire()
Called fire()
Past the end of training data. Read and discard all inputs.
Checking for deadlock:
There are 2 Blocked actors, 0 Stopped actors, and 3 active threads.
Waiting for actors to stop.
Sent output token with value 9.0
Next port to read input from is inputA
Called postfire()
Called prefire()
Called fire()
Checking for deadlock:
There are 3 Blocked actors, 0 Stopped actors, and 3 active threads.
Actors have stopped.
Checking for deadlock:
There are 3 Blocked actors, 0 Stopped actors, and 3 active threads.
Deadlock detected.
Resolving Deadlock
Checking for deadlock:
There are 3 Blocked actors, 0 Stopped actors, and 3 active threads.
Artificial Deadlock - increasing queue capacity.
increasing the capacity of receiver ptolemy.actor.TypedIOPort {.top.OrderedMerge.inputB} to 2
Director: Called postfire().
Called postfire().
_stopRequested = false
_stopFireRequested = false
Returning from postfire(): true
-- Thread wrapup() called.
Called wrapup()
Thread .top.Ramp2 is exiting.
-- Thread stopped.
Called fire().
Checking for deadlock:
There are 2 Blocked actors, 0 Stopped actors, and 2 active threads.
Actors have stopped.
Checking for deadlock:
There are 2 Blocked actors, 0 Stopped actors, and 2 active threads.
Deadlock detected.
Resolving Deadlock
Checking for deadlock:
There are 2 Blocked actors, 0 Stopped actors, and 2 active threads.
Deadlock detected: no processes blocked on write, but some are blocked on read.
Called postfire().
_stopRequested = false
_stopFireRequested = false
Returning from postfire(): false
Finished deactivating branches.
Called wrapup().
-- Thread wrapup() called.
Called wrapup()
Thread .top.Test is exiting.
-- Thread stopped.
-- Blocked Receiver call threw TerminateProcessException.
-- Thread wrapup() called.
Called wrapup()
Thread .top.OrderedMerge is exiting.
-- Thread stopped.
-- Blocked Receiver call threw TerminateProcessException.
78 ms. Memory: 129024K Free: 110460K (86%)
.top. Preinitializing ...
Invoking preinitialize():  .top.OrderedMerge
Called preinitialize()
Invoking preinitialize():  .top.Ramp
Called preinitialize()
Invoking preinitialize():  .top.Ramp2
Called preinitialize()
Invoking preinitialize():  .top.Test
Called preinitialize()
.top. Finished preinitialize().
Called initialize().
Invoking initialize():  .top.OrderedMerge
Initializing actor: .top.OrderedMerge
Adding a thread: .top.OrderedMerge
Invoking initialize():  .top.Ramp
Initializing actor: .top.Ramp
Adding a thread: .top.Ramp
Invoking initialize():  .top.Ramp2
Initializing actor: .top.Ramp2
Adding a thread: .top.Ramp2
Invoking initialize():  .top.Test
Initializing actor: .top.Test
Adding a thread: .top.Test
-- Starting thread.
Called initialize()
Called prefire()
Called fire()
Called postfire()
Called prefire()
Called fire()
-- Starting thread.
Called initialize()
Called prefire()
Called fire()
Called postfire()
Called prefire()
Called fire()
Called fire().
Checking for deadlock:
There are 2 Blocked actors, 0 Stopped actors, and 4 active threads.
Waiting for actors to stop.
-- Starting thread.
Called initialize()
Called prefire()
Called fire()
Checking for deadlock:
There are 3 Blocked actors, 0 Stopped actors, and 4 active threads.
Waiting for actors to stop.
-- Starting thread.
Called initialize()
Called prefire()
Called fire()
Checking for deadlock:
There are 2 Blocked actors, 0 Stopped actors, and 4 active threads.
Waiting for actors to stop.
Called postfire()
Called prefire()
Called fire()
Checking for deadlock:
There are 3 Blocked actors, 0 Stopped actors, and 4 active threads.
Waiting for actors to stop.
Read input token from inputA with value 0.0
Next port to read input from is inputB
Called postfire()
Called prefire()
Called fire()
Called postfire()
Called prefire()
Called fire()
Checking for deadlock:
There are 3 Blocked actors, 0 Stopped actors, and 4 active threads.
Waiting for actors to stop.
Read input token from inputB with value 0.0
-- Read input: 0.0, which is expected to match: 0.0
Called prefire()
Called fire()
Checking for deadlock:
There are 3 Blocked actors, 0 Stopped actors, and 4 active threads.
Waiting for actors to stop.
Sent output token with value 0.0
Next port to read input from is inputA
Called postfire()
Called prefire()
Called fire()
Checking for deadlock:
There are 2 Blocked actors, 0 Stopped actors, and 4 active threads.
Waiting for actors to stop.
Called postfire()
Called prefire()
Called fire()
Checking for deadlock:
There are 3 Blocked actors, 0 Stopped actors, and 4 active threads.
Waiting for actors to stop.
Read input token from inputA with value 1.0
Checking for deadlock:
There are 2 Blocked actors, 0 Stopped actors, and 4 active threads.
Waiting for actors to stop.
-- Read input: 0.0, which is expected to match: 0.0
Called prefire()
Called fire()
Checking for deadlock:
There are 3 Blocked actors, 0 Stopped actors, and 4 active threads.
Waiting for actors to stop.
Sent output token with value 0.0
Next port to read input from is inputB
Called postfire()
Called prefire()
Called fire()
Checking for deadlock:
There are 2 Blocked actors, 0 Stopped actors, and 4 active threads.
Waiting for actors to stop.
Called postfire()
Called prefire()
Called fire()
Checking for deadlock:
There are 3 Blocked actors, 0 Stopped actors, and 4 active threads.
Waiting for actors to stop.
Read input token from inputB with value 1.5
Checking for deadlock:
There are 2 Blocked actors, 0 Stopped actors, and 4 active threads.
Waiting for actors to stop.
-- Read input: 1.0, which is expected to match: 1.0
Called prefire()
Called fire()
Checking for deadlock:
There are 3 Blocked actors, 0 Stopped actors, and 4 active threads.
Waiting for actors to stop.
Sent output token with value 1.0
Next port to read input from is inputA
Called postfire()
Called prefire()
Called fire()
Checking for deadlock:
There are 2 Blocked actors, 0 Stopped actors, and 4 active threads.
Waiting for actors to stop.
Called postfire()
Called prefire()
Called fire()
Checking for deadlock:
There are 3 Blocked actors, 0 Stopped actors, and 4 active threads.
Waiting for actors to stop.
Read input token from inputA with value 2.0
Checking for deadlock:
There are 2 Blocked actors, 0 Stopped actors, and 4 active threads.
Waiting for actors to stop.
-- Read input: 1.5, which is expected to match: 1.5
Called prefire()
Called fire()
Checking for deadlock:
There are 3 Blocked actors, 0 Stopped actors, and 4 active threads.
Waiting for actors to stop.
Sent output token with value 1.5
Next port to read input from is inputB
Called postfire()
Called prefire()
Called fire()
Called postfire()
Called prefire()
Called fire()
Checking for deadlock:
There are 3 Blocked actors, 0 Stopped actors, and 4 active threads.
Waiting for actors to stop.
Read input token from inputB with value 3.0
Checking for deadlock:
-- Read input: 2.0, which is expected to match: 2.0
There are 2 Blocked actors, 0 Stopped actors, and 4 active threads.
Waiting for actors to stop.
Called prefire()
Called fire()
Checking for deadlock:
There are 3 Blocked actors, 0 Stopped actors, and 4 active threads.
Waiting for actors to stop.
Sent output token with value 2.0
Next port to read input from is inputA
Called postfire()
Called prefire()
Called fire()
Checking for deadlock:
There are 2 Blocked actors, 0 Stopped actors, and 4 active threads.
Waiting for actors to stop.
Called postfire()
Called prefire()
Called fire()
Checking for deadlock:
There are 3 Blocked actors, 0 Stopped actors, and 4 active threads.
Waiting for actors to stop.
Read input token from inputA with value 3.0
Checking for deadlock:
There are 2 Blocked actors, 0 Stopped actors, and 4 active threads.
Waiting for actors to stop.
Sent output token with value 3.0
-- Read input: 3.0, which is expected to match: 3.0
Called prefire()
Called fire()
Next port to read input from is inputB
Called postfire()
Called prefire()
Called fire()
Checking for deadlock:
There are 3 Blocked actors, 0 Stopped actors, and 4 active threads.
Waiting for actors to stop.
Called postfire()
Called prefire()
Called fire()
Checking for deadlock:
There are 3 Blocked actors, 0 Stopped actors, and 4 active threads.
Waiting for actors to stop.
Read input token from inputB with value 4.5
Checking for deadlock:
There are 2 Blocked actors, 0 Stopped actors, and 4 active threads.
Waiting for actors to stop.
-- Read input: 3.0, which is expected to match: 3.0
Sent output token with value 3.0
Called prefire()
Called fire()
Checking for deadlock:
There are 3 Blocked actors, 0 Stopped actors, and 4 active threads.
Waiting for actors to stop.
Next port to read input from is inputA
Called postfire()
Called prefire()
Called fire()
Called postfire()
Called prefire()
Called fire()
Checking for deadlock:
There are 3 Blocked actors, 0 Stopped actors, and 4 active threads.
Waiting for actors to stop.
Read input token from inputA with value 4.0
Checking for deadlock:
There are 2 Blocked actors, 0 Stopped actors, and 4 active threads.
Waiting for actors to stop.
-- Read input: 4.0, which is expected to match: 4.0
Called prefire()
Called fire()
Past the end of training data. Read and discard all inputs.
Checking for deadlock:
There are 3 Blocked actors, 0 Stopped actors, and 4 active threads.
Waiting for actors to stop.
Sent output token with value 4.0
Next port to read input from is inputA
Called postfire()
Called prefire()
Called fire()
Checking for deadlock:
There are 2 Blocked actors, 0 Stopped actors, and 4 active threads.
Waiting for actors to stop.
Called postfire()
Called prefire()
Called fire()
Read input token from inputA with value 5.0
Checking for deadlock:
There are 3 Blocked actors, 0 Stopped actors, and 4 active threads.
Waiting for actors to stop.
Checking for deadlock:
There are 2 Blocked actors, 0 Stopped actors, and 4 active threads.
Waiting for actors to stop.
Called prefire()
Called fire()
Sent output token with value 4.5
Past the end of training data. Read and discard all inputs.
Checking for deadlock:
There are 3 Blocked actors, 0 Stopped actors, and 4 active threads.
Waiting for actors to stop.
Next port to read input from is inputB
Called postfire()
Called prefire()
Called fire()
Called postfire()
Called prefire()
Called fire()
Checking for deadlock:
There are 3 Blocked actors, 0 Stopped actors, and 4 active threads.
Waiting for actors to stop.
Read input token from inputB with value 6.0
Called prefire()
Sent output token with value 5.0
Called fire()
Past the end of training data. Read and discard all inputs.
Checking for deadlock:
Next port to read input from is inputA
Called postfire()
There are 3 Blocked actors, 0 Stopped actors, and 4 active threads.
Waiting for actors to stop.
Called prefire()
Called fire()
Checking for deadlock:
There are 2 Blocked actors, 0 Stopped actors, and 4 active threads.
Waiting for actors to stop.
Called postfire()
Called prefire()
Called fire()
Checking for deadlock:
There are 3 Blocked actors, 0 Stopped actors, and 4 active threads.
Waiting for actors to stop.
Read input token from inputA with value 6.0
Checking for deadlock:
There are 2 Blocked actors, 0 Stopped actors, and 4 active threads.
Waiting for actors to stop.
Sent output token with value 6.0
Called prefire()
Called fire()
Past the end of training data. Read and discard all inputs.
Next port to read input from is inputB
Called postfire()
Checking for deadlock:
Called prefire()
There are 3 Blocked actors, 0 Stopped actors, and 4 active threads.
Called fire()
Waiting for actors to stop.
Checking for deadlock:
Called postfire()
Called prefire()
There are 2 Blocked actors, 0 Stopped actors, and 4 active threads.
Waiting for actors to stop.
Called fire()
Checking for deadlock:
There are 3 Blocked actors, 0 Stopped actors, and 4 active threads.
Read input token from inputB with value 7.5
Waiting for actors to stop.
Checking for deadlock:
There are 2 Blocked actors, 0 Stopped actors, and 4 active threads.
Waiting for actors to stop.
Called prefire()
Called fire()
Sent output token with value 6.0
Past the end of training data. Read and discard all inputs.
Checking for deadlock:
Next port to read input from is inputA
Called postfire()
There are 3 Blocked actors, 0 Stopped actors, and 4 active threads.
Waiting for actors to stop.
Called prefire()
Called fire()
Called postfire()
Called prefire()
Called fire()
Checking for deadlock:
There are 3 Blocked actors, 0 Stopped actors, and 4 active threads.
Waiting for actors to stop.
Read input token from inputA with value 7.0
Called prefire()
Called fire()
Sent output token with value 7.0
Past the end of training data. Read and discard all inputs.
Next port to read input from is inputA
Called postfire()
Checking for deadlock:
Called prefire()
Called fire()
There are 3 Blocked actors, 0 Stopped actors, and 4 active threads.
Waiting for actors to stop.
Checking for deadlock:
There are 2 Blocked actors, 0 Stopped actors, and 4 active threads.
Waiting for actors to stop.
Read input token from inputA with value 8.0
-- Thread wrapup() called.
Called wrapup()
Thread .top.Ramp is exiting.
-- Thread stopped.
Checking for deadlock:
There are 2 Blocked actors, 0 Stopped actors, and 3 active threads.
Waiting for actors to stop.
Called prefire()
Called fire()
Past the end of training data. Read and discard all inputs.
Sent output token with value 7.5
Checking for deadlock:
There are 2 Blocked actors, 0 Stopped actors, and 3 active threads.
Waiting for actors to stop.
Next port to read input from is inputB
Called postfire()
Called prefire()
Called fire()
Checking for deadlock:
There are 1 Blocked actors, 0 Stopped actors, and 3 active threads.
Waiting for actors to stop.
Read input token from inputB with value 9.0
Called postfire()
Called prefire()
Called fire()
Checking for deadlock:
There are 1 Blocked actors, 0 Stopped actors, and 3 active threads.
Waiting for actors to stop.
Called prefire()
Called fire()
Past the end of training data. Read and discard all inputs.
Checking for deadlock:
There are 2 Blocked actors, 0 Stopped actors, and 3 active threads.
Waiting for actors to stop.
Sent output token with value 8.0
Next port to read input from is inputA
Called postfire()
Called prefire()
Called fire()
Read input token from inputA with value 9.0
Called prefire()
Called fire()
Past the end of training data. Read and discard all inputs.
Checking for deadlock:
There are 2 Blocked actors, 0 Stopped actors, and 3 active threads.
Waiting for actors to stop.
Sent output token with value 9.0
Next port to read input from is inputB
Called postfire()
Called prefire()
Called fire()
Checking for deadlock:
There are 1 Blocked actors, 0 Stopped actors, and 3 active threads.
Waiting for actors to stop.
Called postfire()
Called prefire()
Called fire()
Read input token from inputB with value 10.5
Checking for deadlock:
There are 2 Blocked actors, 0 Stopped actors, and 3 active threads.
Waiting for actors to stop.
Checking for deadlock:
There are 1 Blocked actors, 0 Stopped actors, and 3 active threads.
Waiting for actors to stop.
Called prefire()
Sent output token with value 9.0
Called fire()
Past the end of training data. Read and discard all inputs.
Checking for deadlock:
Next port to read input from is inputA
Called postfire()
There are 2 Blocked actors, 0 Stopped actors, and 3 active threads.
Called prefire()
Waiting for actors to stop.
Called fire()
Checking for deadlock:
There are 3 Blocked actors, 0 Stopped actors, and 3 active threads.
Actors have stopped.
Checking for deadlock:
There are 3 Blocked actors, 0 Stopped actors, and 3 active threads.
Deadlock detected.
Resolving Deadlock
Checking for deadlock:
There are 3 Blocked actors, 0 Stopped actors, and 3 active threads.
Artificial Deadlock - increasing queue capacity.
increasing the capacity of receiver ptolemy.actor.TypedIOPort {.top.OrderedMerge.inputB} to 2
Director: Called postfire().
Called postfire().
_stopRequested = false
_stopFireRequested = false
Returning from postfire(): true
Called fire().
Checking for deadlock:
There are 2 Blocked actors, 0 Stopped actors, and 3 active threads.
Waiting for actors to stop.
-- Thread wrapup() called.
Called wrapup()
Thread .top.Ramp2 is exiting.
-- Thread stopped.
Checking for deadlock:
There are 2 Blocked actors, 0 Stopped actors, and 2 active threads.
Actors have stopped.
Checking for deadlock:
There are 2 Blocked actors, 0 Stopped actors, and 2 active threads.
Deadlock detected.
Resolving Deadlock
Checking for deadlock:
There are 2 Blocked actors, 0 Stopped actors, and 2 active threads.
Deadlock detected: no processes blocked on write, but some are blocked on read.
Called postfire().
_stopRequested = false
_stopFireRequested = false
Returning from postfire(): false
Finished deactivating branches.
Called wrapup().
-- Thread wrapup() called.
Called wrapup()
-- Thread wrapup() called.
Called wrapup()
Thread .top.Test is exiting.
-- Thread stopped.
-- Blocked Receiver call threw TerminateProcessException.
Thread .top.OrderedMerge is exiting.
-- Thread stopped.
-- Blocked Receiver call threw TerminateProcessException.
47 ms. Memory: 129024K Free: 109125K (85%)
/home/travis/build/icyphy/ptII/ptolemy/actor/lib/test/Publisher.tcl
17 ms. Memory: 129024K Free: 102782K (80%)
5 ms. Memory: 129024K Free: 97662K (76%)
6 ms. Memory: 155648K Free: 135781K (87%)
11 ms. Memory: 155648K Free: 134743K (87%)
7 ms. Memory: 155648K Free: 133733K (86%)
11 ms. Memory: 155648K Free: 132709K (85%)
2 ms. Memory: 155648K Free: 132199K (85%)
7 ms. Memory: 155648K Free: 131175K (84%)
18 ms. Memory: 155648K Free: 121445K (78%)
4 ms. Memory: 155648K Free: 117349K (75%)
2 ms. Memory: 155648K Free: 116839K (75%)
4 ms. Memory: 155648K Free: 114791K (74%)
14 ms. Memory: 155648K Free: 107109K (69%)
5 ms. Memory: 155648K Free: 97893K (63%)
14 ms. Memory: 155648K Free: 86629K (56%)
/home/travis/build/icyphy/ptII/ptolemy/actor/lib/test/Pulse.tcl
5 ms. Memory: 155648K Free: 102295K (66%)
10 ms. Memory: 155648K Free: 101785K (65%)
5 ms. Memory: 155648K Free: 101271K (65%)
2 ms. Memory: 155648K Free: 100761K (65%)
2 ms. Memory: 155648K Free: 100247K (64%)
6 ms. Memory: 155648K Free: 99223K (64%)
3 ms. Memory: 155648K Free: 98199K (63%)
2 ms. Memory: 155648K Free: 97689K (63%)
2 ms. Memory: 155648K Free: 96665K (62%)
/home/travis/build/icyphy/ptII/ptolemy/actor/lib/test/Ramp.tcl
6 ms. Memory: 155648K Free: 95113K (61%)
4 ms. Memory: 155648K Free: 94103K (60%)
3 ms. Memory: 155648K Free: 93593K (60%)
1 ms. Memory: 155648K Free: 92569K (59%)
7 ms. Memory: 155648K Free: 92041K (59%)
9 ms. Memory: 155648K Free: 91031K (58%)
6 ms. Memory: 155648K Free: 90007K (58%)
5 actors
6000 microseconds per iteration to create
10 ms. Memory: 155648K Free: 87449K (56%)
2 ms. Memory: 155648K Free: 86921K (56%)
5 ms. Memory: 155648K Free: 85897K (55%)
2 ms. Memory: 155648K Free: 85401K (55%)
50 actors
50000 microseconds per iteration to create
45 ms. Memory: 155648K Free: 136383K (88%)
13 ms. Memory: 155648K Free: 135359K (87%)
12 ms. Memory: 155648K Free: 134333K (86%)
4 ms. Memory: 155648K Free: 133311K (86%)
500 actors
1642000 microseconds per iteration to create
234 ms. Memory: 155648K Free: 114939K (74%)
42 ms. Memory: 155648K Free: 109819K (71%)
50 ms. Memory: 155648K Free: 104699K (67%)
43 ms. Memory: 155648K Free: 99579K (64%)
/home/travis/build/icyphy/ptII/ptolemy/actor/lib/test/RampContinuous.tcl
10 ms. Memory: 155648K Free: 98045K (63%)
/home/travis/build/icyphy/ptII/ptolemy/actor/lib/test/RecordAssembler.tcl
6 ms. Memory: 155648K Free: 96477K (62%)
3 ms. Memory: 155648K Free: 95469K (61%)
/home/travis/build/icyphy/ptII/ptolemy/actor/lib/test/RecordDisassembler.tcl
14 ms. Memory: 155648K Free: 93949K (60%)
5 ms. Memory: 155648K Free: 92925K (60%)
4 ms. Memory: 155648K Free: 91901K (59%)
/home/travis/build/icyphy/ptII/ptolemy/actor/lib/test/Scale.tcl
2 ms. Memory: 155648K Free: 89853K (58%)
2 ms. Memory: 155648K Free: 89309K (57%)
1 ms. Memory: 155648K Free: 88309K (57%)
6 ms. Memory: 155648K Free: 87805K (56%)
8 ms. Memory: 155648K Free: 86781K (56%)
/home/travis/build/icyphy/ptII/ptolemy/actor/lib/test/SequentialClock.tcl
preinitializing
resolving types
initializing
executing number 1
wrapping up
idle
4 ms. Memory: 155648K Free: 85757K (55%)
Completed execution with 5 iterations
preinitializing
resolving types
initializing
executing number 1
wrapping up
idle
2 ms. Memory: 155648K Free: 84733K (54%)
Completed execution with 5 iterations
preinitializing
resolving types
initializing
executing number 1
wrapping up
idle
1 ms. Memory: 155648K Free: 84733K (54%)
Completed execution with 5 iterations
/home/travis/build/icyphy/ptII/ptolemy/actor/lib/test/SetVariable.tcl
5 ms. Memory: 155648K Free: 82685K (53%)
/home/travis/build/icyphy/ptII/ptolemy/actor/lib/test/Sinewave.tcl
/home/travis/build/icyphy/ptII/ptolemy/actor/lib/test/SubscriptionAggregator.tcl
9 ms. Memory: 155648K Free: 71421K (46%)
2 ms. Memory: 155648K Free: 70397K (45%)
1 ms. Memory: 155648K Free: 69883K (45%)
1 ms. Memory: 155648K Free: 69883K (45%)
11 ms. Memory: 155648K Free: 65787K (42%)
17 ms. Memory: 155648K Free: 63739K (41%)
...............................................................918 ms. Memory: 275456K Free: 140028K (51%)
/home/travis/build/icyphy/ptII/ptolemy/actor/lib/test/Test.tcl
 The next command will produce a warning about training mode,
   which may be ignored.
5 ms. Memory: 275456K Free: 137980K (50%)
2 ms. Memory: 275456K Free: 137435K (50%)
2 ms. Memory: 275456K Free: 136427K (50%)
1 ms. Memory: 275456K Free: 135932K (49%)
1 ms. Memory: 275456K Free: 135403K (49%)
3 ms. Memory: 275456K Free: 134379K (49%)
3 ms. Memory: 275456K Free: 132860K (48%)
 The next command will produce a warning about training mode,
   which may be ignored.
4 ms. Memory: 275456K Free: 130812K (47%)
 The next command will produce a warning about training mode,
   which may be ignored.
2 ms. Memory: 275456K Free: 129259K (47%)
1 ms. Memory: 275456K Free: 128764K (47%)
1 ms. Memory: 275456K Free: 128250K (47%)
2 ms. Memory: 275456K Free: 127740K (46%)
5 ms. Memory: 275456K Free: 126716K (46%)
3 ms. Memory: 275456K Free: 123130K (45%)
/home/travis/build/icyphy/ptII/ptolemy/actor/lib/test/TestExceptionHandler.tcl
 The next command will produce a warning about training mode,
   which may be ignored.
2 ms. Memory: 275456K Free: 122106K (44%)
1 ms. Memory: 275456K Free: 121596K (44%)
1 ms. Memory: 275456K Free: 121067K (44%)
/home/travis/build/icyphy/ptII/ptolemy/actor/lib/test/UnionDisassembler.tcl
12 ms. Memory: 275456K Free: 113404K (41%)
/home/travis/build/icyphy/ptII/ptolemy/actor/lib/test/VariableClock.tcl
preinitializing
resolving types
initializing
executing number 1
wrapping up
idle
3 ms. Memory: 275456K Free: 111835K (41%)
Completed execution with 11 iterations
preinitializing
resolving types
initializing
executing number 1
wrapping up
idle
3 ms. Memory: 275456K Free: 110332K (40%)
Completed execution with 10 iterations
09/26/20 04:14:55
Failed: 0  Total Tests: 233  ((Passed: 233, Newly Passed: 0)  Known Failed: 0) /home/travis/build/icyphy/ptII/ptolemy/actor/lib/test
----------------- testing (KnownFailure) /home/travis/build/icyphy/ptII/ptolemy/actor/lib/test/auto/knownFailedTests/PublisherPortToplevelSubscriber.xml
1 ms. Memory: 275456K Free: 106746K (39%)
Known Failure: java.lang.reflect.InvocationTargetException
----------------- testing (KnownFailure) /home/travis/build/icyphy/ptII/ptolemy/actor/lib/test/auto/knownFailedTests/PublisherSubscriberPortToplevel.xml
0 ms. Memory: 275456K Free: 102650K (37%)
Known Failure: java.lang.reflect.InvocationTargetException
----------------- testing (KnownFailure) /home/travis/build/icyphy/ptII/ptolemy/actor/lib/test/auto/knownFailedTests/PublisherSubscriptionAggregatorPort.xml
1 ms. Memory: 275456K Free: 98554K (36%)
Known Failure: java.lang.reflect.InvocationTargetException
----------------- testing (KnownFailure) /home/travis/build/icyphy/ptII/ptolemy/actor/lib/test/auto/knownFailedTests/sizedarray3.xml
7 ms. Memory: 275456K Free: 94458K (34%)
Known Failure: java.lang.reflect.InvocationTargetException
No auto/linux-amd64/*.xml tests in /home/travis/build/icyphy/ptII/ptolemy/actor/lib/test
AutoTests.java: About to close Vertx.
AutoTests.java: Vertx closed.

===========================================================================================
----------------- testing Sat Sep 26 16:14:55 UTC 2020 /home/travis/build/icyphy/ptII/ptolemy/actor/lib/test/auto/AbsoluteValue.xml
----------------- Instantiating /home/travis/build/icyphy/ptII/ptolemy/actor/lib/test/auto/AbsoluteValue.xml
5 ms. Memory: 275456K Free: 211708K (77%)
----------------- Invoking toplevel() on ptolemy.moml.MoMLSimpleApplication@43beab56
----------------- Done invoking toplevel() on ptolemy.moml.MoMLSimpleApplication@43beab56
reloadAllAccessors: .AbsoluteValue

===========================================================================================
----------------- testing Sat Sep 26 16:14:55 UTC 2020 /home/travis/build/icyphy/ptII/ptolemy/actor/lib/test/auto/AbsoluteValue2.xml
----------------- Instantiating /home/travis/build/icyphy/ptII/ptolemy/actor/lib/test/auto/AbsoluteValue2.xml
4 ms. Memory: 275456K Free: 204540K (74%)
----------------- Invoking toplevel() on ptolemy.moml.MoMLSimpleApplication@3509687f
----------------- Done invoking toplevel() on ptolemy.moml.MoMLSimpleApplication@3509687f
reloadAllAccessors: .AbsoluteValue2

===========================================================================================
----------------- testing Sat Sep 26 16:14:55 UTC 2020 /home/travis/build/icyphy/ptII/ptolemy/actor/lib/test/auto/Accumulator.xml
----------------- Instantiating /home/travis/build/icyphy/ptII/ptolemy/actor/lib/test/auto/Accumulator.xml
4 ms. Memory: 275456K Free: 198396K (72%)
----------------- Invoking toplevel() on ptolemy.moml.MoMLSimpleApplication@7b26fc6
----------------- Done invoking toplevel() on ptolemy.moml.MoMLSimpleApplication@7b26fc6
reloadAllAccessors: .Accumulator

===========================================================================================
----------------- testing Sat Sep 26 16:14:55 UTC 2020 /home/travis/build/icyphy/ptII/ptolemy/actor/lib/test/auto/Accumulator2.xml
----------------- Instantiating /home/travis/build/icyphy/ptII/ptolemy/actor/lib/test/auto/Accumulator2.xml
4 ms. Memory: 275456K Free: 192762K (70%)
----------------- Invoking toplevel() on ptolemy.moml.MoMLSimpleApplication@5050c22b
----------------- Done invoking toplevel() on ptolemy.moml.MoMLSimpleApplication@5050c22b
reloadAllAccessors: .Accumulator2

===========================================================================================
----------------- testing Sat Sep 26 16:14:55 UTC 2020 /home/travis/build/icyphy/ptII/ptolemy/actor/lib/test/auto/Accumulator3.xml
----------------- Instantiating /home/travis/build/icyphy/ptII/ptolemy/actor/lib/test/auto/Accumulator3.xml
3 ms. Memory: 275456K Free: 188666K (68%)
----------------- Invoking toplevel() on ptolemy.moml.MoMLSimpleApplication@2ddfc02c
----------------- Done invoking toplevel() on ptolemy.moml.MoMLSimpleApplication@2ddfc02c
reloadAllAccessors: .Accumulator3

===========================================================================================
----------------- testing Sat Sep 26 16:14:55 UTC 2020 /home/travis/build/icyphy/ptII/ptolemy/actor/lib/test/auto/ArrayAppend.xml
----------------- Instantiating /home/travis/build/icyphy/ptII/ptolemy/actor/lib/test/auto/ArrayAppend.xml
9 ms. Memory: 275456K Free: 183036K (66%)
----------------- Invoking toplevel() on ptolemy.moml.MoMLSimpleApplication@c28d1f5
----------------- Done invoking toplevel() on ptolemy.moml.MoMLSimpleApplication@c28d1f5
reloadAllAccessors: .ArrayAppend

===========================================================================================
----------------- testing Sat Sep 26 16:14:55 UTC 2020 /home/travis/build/icyphy/ptII/ptolemy/actor/lib/test/auto/ArrayAppend2.xml
----------------- Instantiating /home/travis/build/icyphy/ptII/ptolemy/actor/lib/test/auto/ArrayAppend2.xml
321 ms. Memory: 275456K Free: 109308K (40%)
----------------- Invoking toplevel() on ptolemy.moml.MoMLSimpleApplication@59bf08ee
----------------- Done invoking toplevel() on ptolemy.moml.MoMLSimpleApplication@59bf08ee
reloadAllAccessors: .ArrayAppend2

===========================================================================================
----------------- testing Sat Sep 26 16:14:56 UTC 2020 /home/travis/build/icyphy/ptII/ptolemy/actor/lib/test/auto/ArrayAppend3.xml
----------------- Instantiating /home/travis/build/icyphy/ptII/ptolemy/actor/lib/test/auto/ArrayAppend3.xml
5 ms. Memory: 275456K Free: 104698K (38%)
----------------- Invoking toplevel() on ptolemy.moml.MoMLSimpleApplication@61b8e7b5
----------------- Done invoking toplevel() on ptolemy.moml.MoMLSimpleApplication@61b8e7b5
reloadAllAccessors: .ArrayAppend3

===========================================================================================
----------------- testing Sat Sep 26 16:14:56 UTC 2020 /home/travis/build/icyphy/ptII/ptolemy/actor/lib/test/auto/ArrayAppend4.xml
----------------- Instantiating /home/travis/build/icyphy/ptII/ptolemy/actor/lib/test/auto/ArrayAppend4.xml
4 ms. Memory: 275456K Free: 99578K (36%)
----------------- Invoking toplevel() on ptolemy.moml.MoMLSimpleApplication@7639234c
----------------- Done invoking toplevel() on ptolemy.moml.MoMLSimpleApplication@7639234c
reloadAllAccessors: .ArrayAppend4

===========================================================================================
----------------- testing Sat Sep 26 16:14:56 UTC 2020 /home/travis/build/icyphy/ptII/ptolemy/actor/lib/test/auto/ArrayAppend5.xml
----------------- Instantiating /home/travis/build/icyphy/ptII/ptolemy/actor/lib/test/auto/ArrayAppend5.xml
1 ms. Memory: 275456K Free: 94458K (34%)
----------------- Invoking toplevel() on ptolemy.moml.MoMLSimpleApplication@542bb8c
----------------- Done invoking toplevel() on ptolemy.moml.MoMLSimpleApplication@542bb8c
reloadAllAccessors: .ArrayAppend5

===========================================================================================
----------------- testing Sat Sep 26 16:14:56 UTC 2020 /home/travis/build/icyphy/ptII/ptolemy/actor/lib/test/auto/ArrayAppend6.xml
----------------- Instantiating /home/travis/build/icyphy/ptII/ptolemy/actor/lib/test/auto/ArrayAppend6.xml
4 ms. Memory: 275456K Free: 88828K (32%)
----------------- Invoking toplevel() on ptolemy.moml.MoMLSimpleApplication@5dafab97
----------------- Done invoking toplevel() on ptolemy.moml.MoMLSimpleApplication@5dafab97
reloadAllAccessors: .ArrayAppend6

===========================================================================================
----------------- testing Sat Sep 26 16:14:56 UTC 2020 /home/travis/build/icyphy/ptII/ptolemy/actor/lib/test/auto/ArrayAppendPerformanceTest.xml
----------------- Instantiating /home/travis/build/icyphy/ptII/ptolemy/actor/lib/test/auto/ArrayAppendPerformanceTest.xml
106 ms. Memory: 275456K Free: 223424K (81%)
----------------- Invoking toplevel() on ptolemy.moml.MoMLSimpleApplication@46ceb771
----------------- Done invoking toplevel() on ptolemy.moml.MoMLSimpleApplication@46ceb771
reloadAllAccessors: .ArrayAppendPerformanceTest

===========================================================================================
----------------- testing Sat Sep 26 16:14:56 UTC 2020 /home/travis/build/icyphy/ptII/ptolemy/actor/lib/test/auto/ArrayAppendWithEmptyInput.xml
----------------- Instantiating /home/travis/build/icyphy/ptII/ptolemy/actor/lib/test/auto/ArrayAppendWithEmptyInput.xml
22 ms. Memory: 275456K Free: 215038K (78%)
----------------- Invoking toplevel() on ptolemy.moml.MoMLSimpleApplication@3e42fbc3
----------------- Done invoking toplevel() on ptolemy.moml.MoMLSimpleApplication@3e42fbc3
reloadAllAccessors: .ArrayAppendWithEmptyInput

===========================================================================================
----------------- testing Sat Sep 26 16:14:56 UTC 2020 /home/travis/build/icyphy/ptII/ptolemy/actor/lib/test/auto/ArrayAverage.xml
----------------- Instantiating /home/travis/build/icyphy/ptII/ptolemy/actor/lib/test/auto/ArrayAverage.xml
5 ms. Memory: 275456K Free: 206846K (75%)
----------------- Invoking toplevel() on ptolemy.moml.MoMLSimpleApplication@700e1fab
----------------- Done invoking toplevel() on ptolemy.moml.MoMLSimpleApplication@700e1fab
reloadAllAccessors: .ArrayAverage

===========================================================================================
----------------- testing Sat Sep 26 16:14:56 UTC 2020 /home/travis/build/icyphy/ptII/ptolemy/actor/lib/test/auto/ArrayContains.xml
----------------- Instantiating /home/travis/build/icyphy/ptII/ptolemy/actor/lib/test/auto/ArrayContains.xml
8 ms. Memory: 275456K Free: 201216K (73%)
----------------- Invoking toplevel() on ptolemy.moml.MoMLSimpleApplication@1385304f
----------------- Done invoking toplevel() on ptolemy.moml.MoMLSimpleApplication@1385304f
reloadAllAccessors: .ArrayContains

===========================================================================================
----------------- testing Sat Sep 26 16:14:56 UTC 2020 /home/travis/build/icyphy/ptII/ptolemy/actor/lib/test/auto/ArrayElement.xml
----------------- Instantiating /home/travis/build/icyphy/ptII/ptolemy/actor/lib/test/auto/ArrayElement.xml
7 ms. Memory: 275456K Free: 195551K (71%)
----------------- Invoking toplevel() on ptolemy.moml.MoMLSimpleApplication@530bf6a7
----------------- Done invoking toplevel() on ptolemy.moml.MoMLSimpleApplication@530bf6a7
reloadAllAccessors: .ArrayElement

===========================================================================================
----------------- testing Sat Sep 26 16:14:56 UTC 2020 /home/travis/build/icyphy/ptII/ptolemy/actor/lib/test/auto/ArrayElementAsMatrix.xml
----------------- Instantiating /home/travis/build/icyphy/ptII/ptolemy/actor/lib/test/auto/ArrayElementAsMatrix.xml
35 ms. Memory: 275456K Free: 185856K (67%)
----------------- Invoking toplevel() on ptolemy.moml.MoMLSimpleApplication@3b42809d
----------------- Done invoking toplevel() on ptolemy.moml.MoMLSimpleApplication@3b42809d
reloadAllAccessors: .ArrayElementAsMatrix

===========================================================================================
----------------- testing Sat Sep 26 16:14:56 UTC 2020 /home/travis/build/icyphy/ptII/ptolemy/actor/lib/test/auto/ArrayElementI.xml
----------------- Instantiating /home/travis/build/icyphy/ptII/ptolemy/actor/lib/test/auto/ArrayElementI.xml
4 ms. Memory: 275456K Free: 180736K (66%)
----------------- Invoking toplevel() on ptolemy.moml.MoMLSimpleApplication@e8c81c9
----------------- Done invoking toplevel() on ptolemy.moml.MoMLSimpleApplication@e8c81c9
reloadAllAccessors: .ArrayElementI

===========================================================================================
----------------- testing Sat Sep 26 16:14:56 UTC 2020 /home/travis/build/icyphy/ptII/ptolemy/actor/lib/test/auto/ArrayExtract.xml
----------------- Instantiating /home/travis/build/icyphy/ptII/ptolemy/actor/lib/test/auto/ArrayExtract.xml
4 ms. Memory: 275456K Free: 172030K (62%)
----------------- Invoking toplevel() on ptolemy.moml.MoMLSimpleApplication@1d11c21b
----------------- Done invoking toplevel() on ptolemy.moml.MoMLSimpleApplication@1d11c21b
reloadAllAccessors: .ArrayExtract

===========================================================================================
----------------- testing Sat Sep 26 16:14:56 UTC 2020 /home/travis/build/icyphy/ptII/ptolemy/actor/lib/test/auto/ArrayExtract2.xml
----------------- Instantiating /home/travis/build/icyphy/ptII/ptolemy/actor/lib/test/auto/ArrayExtract2.xml
2 ms. Memory: 275456K Free: 166895K (61%)
----------------- Invoking toplevel() on ptolemy.moml.MoMLSimpleApplication@5d364c32
----------------- Done invoking toplevel() on ptolemy.moml.MoMLSimpleApplication@5d364c32
reloadAllAccessors: .ArrayExtract2

===========================================================================================
----------------- testing Sat Sep 26 16:14:56 UTC 2020 /home/travis/build/icyphy/ptII/ptolemy/actor/lib/test/auto/ArrayLength.xml
----------------- Instantiating /home/travis/build/icyphy/ptII/ptolemy/actor/lib/test/auto/ArrayLength.xml
1 ms. Memory: 275456K Free: 162814K (59%)
----------------- Invoking toplevel() on ptolemy.moml.MoMLSimpleApplication@6ec3168b
----------------- Done invoking toplevel() on ptolemy.moml.MoMLSimpleApplication@6ec3168b
reloadAllAccessors: .ArrayLength

===========================================================================================
----------------- testing Sat Sep 26 16:14:56 UTC 2020 /home/travis/build/icyphy/ptII/ptolemy/actor/lib/test/auto/ArrayLevelCrossing.xml
----------------- Instantiating /home/travis/build/icyphy/ptII/ptolemy/actor/lib/test/auto/ArrayLevelCrossing.xml
4 ms. Memory: 275456K Free: 154622K (56%)
----------------- Invoking toplevel() on ptolemy.moml.MoMLSimpleApplication@37b8d8c2
----------------- Done invoking toplevel() on ptolemy.moml.MoMLSimpleApplication@37b8d8c2
reloadAllAccessors: .ArrayLevelCrossing

===========================================================================================
----------------- testing Sat Sep 26 16:14:56 UTC 2020 /home/travis/build/icyphy/ptII/ptolemy/actor/lib/test/auto/ArrayLevelCrossing2.xml
----------------- Instantiating /home/travis/build/icyphy/ptII/ptolemy/actor/lib/test/auto/ArrayLevelCrossing2.xml
4 ms. Memory: 275456K Free: 146944K (53%)
----------------- Invoking toplevel() on ptolemy.moml.MoMLSimpleApplication@e104ac8
----------------- Done invoking toplevel() on ptolemy.moml.MoMLSimpleApplication@e104ac8
reloadAllAccessors: .ArrayLevelCrossing2

===========================================================================================
----------------- testing Sat Sep 26 16:14:56 UTC 2020 /home/travis/build/icyphy/ptII/ptolemy/actor/lib/test/auto/ArrayPeakSearch.xml
----------------- Instantiating /home/travis/build/icyphy/ptII/ptolemy/actor/lib/test/auto/ArrayPeakSearch.xml
5 ms. Memory: 275456K Free: 138238K (50%)
----------------- Invoking toplevel() on ptolemy.moml.MoMLSimpleApplication@61067b8f
----------------- Done invoking toplevel() on ptolemy.moml.MoMLSimpleApplication@61067b8f
reloadAllAccessors: .ArrayPeakSearch

===========================================================================================
----------------- testing Sat Sep 26 16:14:56 UTC 2020 /home/travis/build/icyphy/ptII/ptolemy/actor/lib/test/auto/ArrayPeakSearch2.xml
----------------- Instantiating /home/travis/build/icyphy/ptII/ptolemy/actor/lib/test/auto/ArrayPeakSearch2.xml
8 ms. Memory: 275456K Free: 127488K (46%)
----------------- Invoking toplevel() on ptolemy.moml.MoMLSimpleApplication@6a860528
----------------- Done invoking toplevel() on ptolemy.moml.MoMLSimpleApplication@6a860528
reloadAllAccessors: .ArrayPeakSearch2

===========================================================================================
----------------- testing Sat Sep 26 16:14:57 UTC 2020 /home/travis/build/icyphy/ptII/ptolemy/actor/lib/test/auto/ArrayPeakSearch3.xml
----------------- Instantiating /home/travis/build/icyphy/ptII/ptolemy/actor/lib/test/auto/ArrayPeakSearch3.xml
4 ms. Memory: 275456K Free: 118782K (43%)
----------------- Invoking toplevel() on ptolemy.moml.MoMLSimpleApplication@1bcf1144
----------------- Done invoking toplevel() on ptolemy.moml.MoMLSimpleApplication@1bcf1144
reloadAllAccessors: .ArrayPeakSearch3

===========================================================================================
----------------- testing Sat Sep 26 16:14:57 UTC 2020 /home/travis/build/icyphy/ptII/ptolemy/actor/lib/test/auto/ArrayRemoveElement.xml
----------------- Instantiating /home/travis/build/icyphy/ptII/ptolemy/actor/lib/test/auto/ArrayRemoveElement.xml
4 ms. Memory: 275456K Free: 110590K (40%)
----------------- Invoking toplevel() on ptolemy.moml.MoMLSimpleApplication@77ee3a7a
----------------- Done invoking toplevel() on ptolemy.moml.MoMLSimpleApplication@77ee3a7a
reloadAllAccessors: .ArrayRemoveElement

===========================================================================================
----------------- testing Sat Sep 26 16:14:57 UTC 2020 /home/travis/build/icyphy/ptII/ptolemy/actor/lib/test/auto/ArraySort.xml
----------------- Instantiating /home/travis/build/icyphy/ptII/ptolemy/actor/lib/test/auto/ArraySort.xml
7 ms. Memory: 275456K Free: 101888K (37%)
----------------- Invoking toplevel() on ptolemy.moml.MoMLSimpleApplication@3a42bde5
----------------- Done invoking toplevel() on ptolemy.moml.MoMLSimpleApplication@3a42bde5
reloadAllAccessors: .ArraySort

===========================================================================================
----------------- testing Sat Sep 26 16:14:57 UTC 2020 /home/travis/build/icyphy/ptII/ptolemy/actor/lib/test/auto/ArraySum.xml
----------------- Instantiating /home/travis/build/icyphy/ptII/ptolemy/actor/lib/test/auto/ArraySum.xml
5 ms. Memory: 275456K Free: 96254K (35%)
----------------- Invoking toplevel() on ptolemy.moml.MoMLSimpleApplication@507808f
----------------- Done invoking toplevel() on ptolemy.moml.MoMLSimpleApplication@507808f
reloadAllAccessors: .ArraySum

===========================================================================================
----------------- testing Sat Sep 26 16:14:57 UTC 2020 /home/travis/build/icyphy/ptII/ptolemy/actor/lib/test/auto/ArrayToElements.xml
----------------- Instantiating /home/travis/build/icyphy/ptII/ptolemy/actor/lib/test/auto/ArrayToElements.xml
6 ms. Memory: 275456K Free: 91134K (33%)
----------------- Invoking toplevel() on ptolemy.moml.MoMLSimpleApplication@55caffc3
----------------- Done invoking toplevel() on ptolemy.moml.MoMLSimpleApplication@55caffc3
reloadAllAccessors: .ArrayToElements

===========================================================================================
----------------- testing Sat Sep 26 16:14:57 UTC 2020 /home/travis/build/icyphy/ptII/ptolemy/actor/lib/test/auto/ArrayToMatrix.xml
----------------- Instantiating /home/travis/build/icyphy/ptII/ptolemy/actor/lib/test/auto/ArrayToMatrix.xml
9 ms. Memory: 275456K Free: 76798K (28%)
----------------- Invoking toplevel() on ptolemy.moml.MoMLSimpleApplication@17e42077
----------------- Done invoking toplevel() on ptolemy.moml.MoMLSimpleApplication@17e42077
reloadAllAccessors: .ArrayToMatrix

===========================================================================================
----------------- testing Sat Sep 26 16:14:57 UTC 2020 /home/travis/build/icyphy/ptII/ptolemy/actor/lib/test/auto/ArrayUpdate1.xml
----------------- Instantiating /home/travis/build/icyphy/ptII/ptolemy/actor/lib/test/auto/ArrayUpdate1.xml
5 ms. Memory: 275456K Free: 72192K (26%)
----------------- Invoking toplevel() on ptolemy.moml.MoMLSimpleApplication@68bc1a75
----------------- Done invoking toplevel() on ptolemy.moml.MoMLSimpleApplication@68bc1a75
reloadAllAccessors: .ArrayUpdate1

===========================================================================================
----------------- testing Sat Sep 26 16:14:57 UTC 2020 /home/travis/build/icyphy/ptII/ptolemy/actor/lib/test/auto/ArrayUpdate2.xml
----------------- Instantiating /home/travis/build/icyphy/ptII/ptolemy/actor/lib/test/auto/ArrayUpdate2.xml
6 ms. Memory: 275456K Free: 225401K (82%)
----------------- Invoking toplevel() on ptolemy.moml.MoMLSimpleApplication@437e9cf8
----------------- Done invoking toplevel() on ptolemy.moml.MoMLSimpleApplication@437e9cf8
reloadAllAccessors: .ArrayUpdate2

===========================================================================================
----------------- testing Sat Sep 26 16:14:57 UTC 2020 /home/travis/build/icyphy/ptII/ptolemy/actor/lib/test/auto/ArrayUpdate3.xml
----------------- Instantiating /home/travis/build/icyphy/ptII/ptolemy/actor/lib/test/auto/ArrayUpdate3.xml
5 ms. Memory: 275456K Free: 220281K (80%)
----------------- Invoking toplevel() on ptolemy.moml.MoMLSimpleApplication@499dca30
----------------- Done invoking toplevel() on ptolemy.moml.MoMLSimpleApplication@499dca30
reloadAllAccessors: .ArrayUpdate3

===========================================================================================
----------------- testing Sat Sep 26 16:14:57 UTC 2020 /home/travis/build/icyphy/ptII/ptolemy/actor/lib/test/auto/Assert1.xml
----------------- Instantiating /home/travis/build/icyphy/ptII/ptolemy/actor/lib/test/auto/Assert1.xml
3 ms. Memory: 275456K Free: 216185K (78%)
----------------- Invoking toplevel() on ptolemy.moml.MoMLSimpleApplication@3aae892e
----------------- Done invoking toplevel() on ptolemy.moml.MoMLSimpleApplication@3aae892e
reloadAllAccessors: .Assert1

===========================================================================================
----------------- testing Sat Sep 26 16:14:57 UTC 2020 /home/travis/build/icyphy/ptII/ptolemy/actor/lib/test/auto/Assert2.xml
----------------- Instantiating /home/travis/build/icyphy/ptII/ptolemy/actor/lib/test/auto/Assert2.xml
2 ms. Memory: 275456K Free: 210551K (76%)
----------------- Invoking toplevel() on ptolemy.moml.MoMLSimpleApplication@3fdb4875
----------------- Done invoking toplevel() on ptolemy.moml.MoMLSimpleApplication@3fdb4875
reloadAllAccessors: .Assert2

===========================================================================================
----------------- testing Sat Sep 26 16:14:57 UTC 2020 /home/travis/build/icyphy/ptII/ptolemy/actor/lib/test/auto/BooleanMultiplexor.xml
----------------- Instantiating /home/travis/build/icyphy/ptII/ptolemy/actor/lib/test/auto/BooleanMultiplexor.xml
2 ms. Memory: 275456K Free: 205425K (75%)
----------------- Invoking toplevel() on ptolemy.moml.MoMLSimpleApplication@3b4f393b
----------------- Done invoking toplevel() on ptolemy.moml.MoMLSimpleApplication@3b4f393b
reloadAllAccessors: .BooleanMultiplexor

===========================================================================================
----------------- testing Sat Sep 26 16:14:57 UTC 2020 /home/travis/build/icyphy/ptII/ptolemy/actor/lib/test/auto/BooleanMultiplexor2.xml
----------------- Instantiating /home/travis/build/icyphy/ptII/ptolemy/actor/lib/test/auto/BooleanMultiplexor2.xml
12 ms. Memory: 275456K Free: 198777K (72%)
----------------- Invoking toplevel() on ptolemy.moml.MoMLSimpleApplication@5fd0c083
----------------- Done invoking toplevel() on ptolemy.moml.MoMLSimpleApplication@5fd0c083
reloadAllAccessors: .BooleanMultiplexor2

===========================================================================================
----------------- testing Sat Sep 26 16:14:57 UTC 2020 /home/travis/build/icyphy/ptII/ptolemy/actor/lib/test/auto/BooleanMultiplexor3.xml
----------------- Instantiating /home/travis/build/icyphy/ptII/ptolemy/actor/lib/test/auto/BooleanMultiplexor3.xml
5 ms. Memory: 275456K Free: 194681K (71%)
----------------- Invoking toplevel() on ptolemy.moml.MoMLSimpleApplication@17947fda
----------------- Done invoking toplevel() on ptolemy.moml.MoMLSimpleApplication@17947fda
reloadAllAccessors: .BooleanMultiplexor3

===========================================================================================
----------------- testing Sat Sep 26 16:14:57 UTC 2020 /home/travis/build/icyphy/ptII/ptolemy/actor/lib/test/auto/BooleanSelect.xml
----------------- Instantiating /home/travis/build/icyphy/ptII/ptolemy/actor/lib/test/auto/BooleanSelect.xml
3 ms. Memory: 275456K Free: 189017K (69%)
----------------- Invoking toplevel() on ptolemy.moml.MoMLSimpleApplication@93ba186
----------------- Done invoking toplevel() on ptolemy.moml.MoMLSimpleApplication@93ba186
reloadAllAccessors: .BooleanSelect

===========================================================================================
----------------- testing Sat Sep 26 16:14:57 UTC 2020 /home/travis/build/icyphy/ptII/ptolemy/actor/lib/test/auto/BooleanSelect2.xml
----------------- Instantiating /home/travis/build/icyphy/ptII/ptolemy/actor/lib/test/auto/BooleanSelect2.xml
2 ms. Memory: 275456K Free: 184441K (67%)
----------------- Invoking toplevel() on ptolemy.moml.MoMLSimpleApplication@3a68f1de
----------------- Done invoking toplevel() on ptolemy.moml.MoMLSimpleApplication@3a68f1de
reloadAllAccessors: .BooleanSelect2

===========================================================================================
----------------- testing Sat Sep 26 16:14:57 UTC 2020 /home/travis/build/icyphy/ptII/ptolemy/actor/lib/test/auto/BooleanSwitch.xml
----------------- Instantiating /home/travis/build/icyphy/ptII/ptolemy/actor/lib/test/auto/BooleanSwitch.xml
5 ms. Memory: 275456K Free: 178297K (65%)
----------------- Invoking toplevel() on ptolemy.moml.MoMLSimpleApplication@4b709e2b
----------------- Done invoking toplevel() on ptolemy.moml.MoMLSimpleApplication@4b709e2b
reloadAllAccessors: .BooleanSwitch

===========================================================================================
----------------- testing Sat Sep 26 16:14:57 UTC 2020 /home/travis/build/icyphy/ptII/ptolemy/actor/lib/test/auto/BooleanSwitch2.xml
----------------- Instantiating /home/travis/build/icyphy/ptII/ptolemy/actor/lib/test/auto/BooleanSwitch2.xml
1 ms. Memory: 275456K Free: 173687K (63%)
----------------- Invoking toplevel() on ptolemy.moml.MoMLSimpleApplication@7f403ab6
----------------- Done invoking toplevel() on ptolemy.moml.MoMLSimpleApplication@7f403ab6
reloadAllAccessors: .BooleanSwitch2

===========================================================================================
----------------- testing Sat Sep 26 16:14:57 UTC 2020 /home/travis/build/icyphy/ptII/ptolemy/actor/lib/test/auto/BooleanSwitchCloningBugWithClassRelationGroup.xml
----------------- Instantiating /home/travis/build/icyphy/ptII/ptolemy/actor/lib/test/auto/BooleanSwitchCloningBugWithClassRelationGroup.xml
3 ms. Memory: 275456K Free: 167543K (61%)
----------------- Invoking toplevel() on ptolemy.moml.MoMLSimpleApplication@69a10857
----------------- Done invoking toplevel() on ptolemy.moml.MoMLSimpleApplication@69a10857
reloadAllAccessors: .BooleanSwitchCloningBugWithClassRelationGroup

===========================================================================================
----------------- testing Sat Sep 26 16:14:57 UTC 2020 /home/travis/build/icyphy/ptII/ptolemy/actor/lib/test/auto/BusActors.xml
----------------- Instantiating /home/travis/build/icyphy/ptII/ptolemy/actor/lib/test/auto/BusActors.xml
7 ms. Memory: 275456K Free: 159351K (58%)
----------------- Invoking toplevel() on ptolemy.moml.MoMLSimpleApplication@2e071a11
----------------- Done invoking toplevel() on ptolemy.moml.MoMLSimpleApplication@2e071a11
reloadAllAccessors: .BusActors

===========================================================================================
----------------- testing Sat Sep 26 16:14:57 UTC 2020 /home/travis/build/icyphy/ptII/ptolemy/actor/lib/test/auto/ClassWrapper.xml
----------------- Instantiating /home/travis/build/icyphy/ptII/ptolemy/actor/lib/test/auto/ClassWrapper.xml
5 ms. Memory: 275456K Free: 155255K (56%)
----------------- Invoking toplevel() on ptolemy.moml.MoMLSimpleApplication@6f3445d
----------------- Done invoking toplevel() on ptolemy.moml.MoMLSimpleApplication@6f3445d
reloadAllAccessors: .ClassWrapper

===========================================================================================
----------------- testing Sat Sep 26 16:14:57 UTC 2020 /home/travis/build/icyphy/ptII/ptolemy/actor/lib/test/auto/Clock.xml
----------------- Instantiating /home/travis/build/icyphy/ptII/ptolemy/actor/lib/test/auto/Clock.xml
3 ms. Memory: 275456K Free: 151159K (55%)
----------------- Invoking toplevel() on ptolemy.moml.MoMLSimpleApplication@273afac5
----------------- Done invoking toplevel() on ptolemy.moml.MoMLSimpleApplication@273afac5
reloadAllAccessors: .Clock

===========================================================================================
----------------- testing Sat Sep 26 16:14:57 UTC 2020 /home/travis/build/icyphy/ptII/ptolemy/actor/lib/test/auto/Clock10.xml
----------------- Instantiating /home/travis/build/icyphy/ptII/ptolemy/actor/lib/test/auto/Clock10.xml
3 ms. Memory: 275456K Free: 145529K (53%)
----------------- Invoking toplevel() on ptolemy.moml.MoMLSimpleApplication@2ad23297
----------------- Done invoking toplevel() on ptolemy.moml.MoMLSimpleApplication@2ad23297
reloadAllAccessors: .Clock10

===========================================================================================
----------------- testing Sat Sep 26 16:14:57 UTC 2020 /home/travis/build/icyphy/ptII/ptolemy/actor/lib/test/auto/Clock11.xml
----------------- Instantiating /home/travis/build/icyphy/ptII/ptolemy/actor/lib/test/auto/Clock11.xml
5 ms. Memory: 275456K Free: 139385K (51%)
----------------- Invoking toplevel() on ptolemy.moml.MoMLSimpleApplication@4c586ec5
----------------- Done invoking toplevel() on ptolemy.moml.MoMLSimpleApplication@4c586ec5
reloadAllAccessors: .Clock11

===========================================================================================
----------------- testing Sat Sep 26 16:14:57 UTC 2020 /home/travis/build/icyphy/ptII/ptolemy/actor/lib/test/auto/Clock12.xml
----------------- Instantiating /home/travis/build/icyphy/ptII/ptolemy/actor/lib/test/auto/Clock12.xml
5 ms. Memory: 275456K Free: 133751K (49%)
----------------- Invoking toplevel() on ptolemy.moml.MoMLSimpleApplication@6eeb772
----------------- Done invoking toplevel() on ptolemy.moml.MoMLSimpleApplication@6eeb772
reloadAllAccessors: .Clock12

===========================================================================================
----------------- testing Sat Sep 26 16:14:57 UTC 2020 /home/travis/build/icyphy/ptII/ptolemy/actor/lib/test/auto/Clock13.xml
----------------- Instantiating /home/travis/build/icyphy/ptII/ptolemy/actor/lib/test/auto/Clock13.xml
3 ms. Memory: 275456K Free: 127601K (46%)
----------------- Invoking toplevel() on ptolemy.moml.MoMLSimpleApplication@25262f05
----------------- Done invoking toplevel() on ptolemy.moml.MoMLSimpleApplication@25262f05
reloadAllAccessors: .Clock13

===========================================================================================
----------------- testing Sat Sep 26 16:14:57 UTC 2020 /home/travis/build/icyphy/ptII/ptolemy/actor/lib/test/auto/Clock14.xml
----------------- Instantiating /home/travis/build/icyphy/ptII/ptolemy/actor/lib/test/auto/Clock14.xml
2 ms. Memory: 275456K Free: 121977K (44%)
----------------- Invoking toplevel() on ptolemy.moml.MoMLSimpleApplication@76a11a69
----------------- Done invoking toplevel() on ptolemy.moml.MoMLSimpleApplication@76a11a69
reloadAllAccessors: .Clock14

===========================================================================================
----------------- testing Sat Sep 26 16:14:57 UTC 2020 /home/travis/build/icyphy/ptII/ptolemy/actor/lib/test/auto/Clock15.xml
----------------- Instantiating /home/travis/build/icyphy/ptII/ptolemy/actor/lib/test/auto/Clock15.xml
2 ms. Memory: 275456K Free: 115833K (42%)
----------------- Invoking toplevel() on ptolemy.moml.MoMLSimpleApplication@206299c0
----------------- Done invoking toplevel() on ptolemy.moml.MoMLSimpleApplication@206299c0
reloadAllAccessors: .Clock15

===========================================================================================
----------------- testing Sat Sep 26 16:14:57 UTC 2020 /home/travis/build/icyphy/ptII/ptolemy/actor/lib/test/auto/Clock16.xml
----------------- Instantiating /home/travis/build/icyphy/ptII/ptolemy/actor/lib/test/auto/Clock16.xml
28 ms. Memory: 275456K Free: 100969K (37%)
----------------- Invoking toplevel() on ptolemy.moml.MoMLSimpleApplication@2c8c1173
----------------- Done invoking toplevel() on ptolemy.moml.MoMLSimpleApplication@2c8c1173
reloadAllAccessors: .Clock16

===========================================================================================
----------------- testing Sat Sep 26 16:14:57 UTC 2020 /home/travis/build/icyphy/ptII/ptolemy/actor/lib/test/auto/Clock17.xml
----------------- Instantiating /home/travis/build/icyphy/ptII/ptolemy/actor/lib/test/auto/Clock17.xml
13 ms. Memory: 275456K Free: 87161K (32%)
----------------- Invoking toplevel() on ptolemy.moml.MoMLSimpleApplication@5eca0878
----------------- Done invoking toplevel() on ptolemy.moml.MoMLSimpleApplication@5eca0878
reloadAllAccessors: .Clock17

===========================================================================================
----------------- testing Sat Sep 26 16:14:57 UTC 2020 /home/travis/build/icyphy/ptII/ptolemy/actor/lib/test/auto/Clock18.xml
----------------- Instantiating /home/travis/build/icyphy/ptII/ptolemy/actor/lib/test/auto/Clock18.xml
17 ms. Memory: 275456K Free: 73849K (27%)
----------------- Invoking toplevel() on ptolemy.moml.MoMLSimpleApplication@11da41e5
----------------- Done invoking toplevel() on ptolemy.moml.MoMLSimpleApplication@11da41e5
reloadAllAccessors: .Clock18

===========================================================================================
----------------- testing Sat Sep 26 16:14:58 UTC 2020 /home/travis/build/icyphy/ptII/ptolemy/actor/lib/test/auto/Clock19.xml
----------------- Instantiating /home/travis/build/icyphy/ptII/ptolemy/actor/lib/test/auto/Clock19.xml
14 ms. Memory: 275456K Free: 223902K (81%)
----------------- Invoking toplevel() on ptolemy.moml.MoMLSimpleApplication@37ae3036
----------------- Done invoking toplevel() on ptolemy.moml.MoMLSimpleApplication@37ae3036
reloadAllAccessors: .Clock19

===========================================================================================
----------------- testing Sat Sep 26 16:14:58 UTC 2020 /home/travis/build/icyphy/ptII/ptolemy/actor/lib/test/auto/Clock2.xml
----------------- Instantiating /home/travis/build/icyphy/ptII/ptolemy/actor/lib/test/auto/Clock2.xml
4 ms. Memory: 275456K Free: 219300K (80%)
----------------- Invoking toplevel() on ptolemy.moml.MoMLSimpleApplication@60623a68
----------------- Done invoking toplevel() on ptolemy.moml.MoMLSimpleApplication@60623a68
reloadAllAccessors: .Clock2

===========================================================================================
----------------- testing Sat Sep 26 16:14:58 UTC 2020 /home/travis/build/icyphy/ptII/ptolemy/actor/lib/test/auto/Clock20.xml
----------------- Instantiating /home/travis/build/icyphy/ptII/ptolemy/actor/lib/test/auto/Clock20.xml
4 ms. Memory: 275456K Free: 213666K (78%)
----------------- Invoking toplevel() on ptolemy.moml.MoMLSimpleApplication@15619187
----------------- Done invoking toplevel() on ptolemy.moml.MoMLSimpleApplication@15619187
reloadAllAccessors: .Clock20

===========================================================================================
----------------- testing Sat Sep 26 16:14:58 UTC 2020 /home/travis/build/icyphy/ptII/ptolemy/actor/lib/test/auto/Clock21.xml
----------------- Instantiating /home/travis/build/icyphy/ptII/ptolemy/actor/lib/test/auto/Clock21.xml
5 ms. Memory: 275456K Free: 208546K (76%)
----------------- Invoking toplevel() on ptolemy.moml.MoMLSimpleApplication@5d4b9bf
----------------- Done invoking toplevel() on ptolemy.moml.MoMLSimpleApplication@5d4b9bf
reloadAllAccessors: .Clock21

===========================================================================================
----------------- testing Sat Sep 26 16:14:58 UTC 2020 /home/travis/build/icyphy/ptII/ptolemy/actor/lib/test/auto/Clock22.xml
----------------- Instantiating /home/travis/build/icyphy/ptII/ptolemy/actor/lib/test/auto/Clock22.xml
2 ms. Memory: 275456K Free: 202916K (74%)
----------------- Invoking toplevel() on ptolemy.moml.MoMLSimpleApplication@12c3b2d9
----------------- Done invoking toplevel() on ptolemy.moml.MoMLSimpleApplication@12c3b2d9
reloadAllAccessors: .Clock22

===========================================================================================
----------------- testing Sat Sep 26 16:14:58 UTC 2020 /home/travis/build/icyphy/ptII/ptolemy/actor/lib/test/auto/Clock23.xml
----------------- Instantiating /home/travis/build/icyphy/ptII/ptolemy/actor/lib/test/auto/Clock23.xml
7 ms. Memory: 275456K Free: 197796K (72%)
----------------- Invoking toplevel() on ptolemy.moml.MoMLSimpleApplication@42f989c6
----------------- Done invoking toplevel() on ptolemy.moml.MoMLSimpleApplication@42f989c6
reloadAllAccessors: .Clock23

===========================================================================================
----------------- testing Sat Sep 26 16:14:58 UTC 2020 /home/travis/build/icyphy/ptII/ptolemy/actor/lib/test/auto/Clock24.xml
----------------- Instantiating /home/travis/build/icyphy/ptII/ptolemy/actor/lib/test/auto/Clock24.xml
4 ms. Memory: 275456K Free: 192162K (70%)
----------------- Invoking toplevel() on ptolemy.moml.MoMLSimpleApplication@d5b593b
----------------- Done invoking toplevel() on ptolemy.moml.MoMLSimpleApplication@d5b593b
reloadAllAccessors: .Clock24

===========================================================================================
----------------- testing Sat Sep 26 16:14:58 UTC 2020 /home/travis/build/icyphy/ptII/ptolemy/actor/lib/test/auto/Clock4.xml
----------------- Instantiating /home/travis/build/icyphy/ptII/ptolemy/actor/lib/test/auto/Clock4.xml
1 ms. Memory: 275456K Free: 187556K (68%)
----------------- Invoking toplevel() on ptolemy.moml.MoMLSimpleApplication@61e83770
----------------- Done invoking toplevel() on ptolemy.moml.MoMLSimpleApplication@61e83770
reloadAllAccessors: .Clock4

===========================================================================================
----------------- testing Sat Sep 26 16:14:58 UTC 2020 /home/travis/build/icyphy/ptII/ptolemy/actor/lib/test/auto/Clock5.xml
----------------- Instantiating /home/travis/build/icyphy/ptII/ptolemy/actor/lib/test/auto/Clock5.xml
7 ms. Memory: 275456K Free: 181922K (66%)
----------------- Invoking toplevel() on ptolemy.moml.MoMLSimpleApplication@7bb0635d
----------------- Done invoking toplevel() on ptolemy.moml.MoMLSimpleApplication@7bb0635d
reloadAllAccessors: .Clock5

===========================================================================================
----------------- testing Sat Sep 26 16:14:58 UTC 2020 /home/travis/build/icyphy/ptII/ptolemy/actor/lib/test/auto/Clock6.xml
----------------- Instantiating /home/travis/build/icyphy/ptII/ptolemy/actor/lib/test/auto/Clock6.xml
3 ms. Memory: 275456K Free: 177316K (64%)
----------------- Invoking toplevel() on ptolemy.moml.MoMLSimpleApplication@4d81b121
----------------- Done invoking toplevel() on ptolemy.moml.MoMLSimpleApplication@4d81b121
reloadAllAccessors: .Clock6

===========================================================================================
----------------- testing Sat Sep 26 16:14:58 UTC 2020 /home/travis/build/icyphy/ptII/ptolemy/actor/lib/test/auto/Clock7.xml
----------------- Instantiating /home/travis/build/icyphy/ptII/ptolemy/actor/lib/test/auto/Clock7.xml
2 ms. Memory: 275456K Free: 172706K (63%)
----------------- Invoking toplevel() on ptolemy.moml.MoMLSimpleApplication@651f27b5
----------------- Done invoking toplevel() on ptolemy.moml.MoMLSimpleApplication@651f27b5
reloadAllAccessors: .Clock7

===========================================================================================
----------------- testing Sat Sep 26 16:14:58 UTC 2020 /home/travis/build/icyphy/ptII/ptolemy/actor/lib/test/auto/Clock8.xml
----------------- Instantiating /home/travis/build/icyphy/ptII/ptolemy/actor/lib/test/auto/Clock8.xml
3 ms. Memory: 275456K Free: 167076K (61%)
----------------- Invoking toplevel() on ptolemy.moml.MoMLSimpleApplication@46032b7f
----------------- Done invoking toplevel() on ptolemy.moml.MoMLSimpleApplication@46032b7f
reloadAllAccessors: .Clock8

===========================================================================================
----------------- testing Sat Sep 26 16:14:58 UTC 2020 /home/travis/build/icyphy/ptII/ptolemy/actor/lib/test/auto/Clock9.xml
----------------- Instantiating /home/travis/build/icyphy/ptII/ptolemy/actor/lib/test/auto/Clock9.xml
6 ms. Memory: 275456K Free: 161956K (59%)
----------------- Invoking toplevel() on ptolemy.moml.MoMLSimpleApplication@1578f47a
----------------- Done invoking toplevel() on ptolemy.moml.MoMLSimpleApplication@1578f47a
reloadAllAccessors: .Clock9

===========================================================================================
----------------- testing Sat Sep 26 16:14:58 UTC 2020 /home/travis/build/icyphy/ptII/ptolemy/actor/lib/test/auto/CommDistDiscard.xml
----------------- Instantiating /home/travis/build/icyphy/ptII/ptolemy/actor/lib/test/auto/CommDistDiscard.xml
2 ms. Memory: 275456K Free: 156322K (57%)
----------------- Invoking toplevel() on ptolemy.moml.MoMLSimpleApplication@7d19d891
----------------- Done invoking toplevel() on ptolemy.moml.MoMLSimpleApplication@7d19d891
reloadAllAccessors: .CommDistDiscard

===========================================================================================
----------------- testing Sat Sep 26 16:14:58 UTC 2020 /home/travis/build/icyphy/ptII/ptolemy/actor/lib/test/auto/Commutator.xml
----------------- Instantiating /home/travis/build/icyphy/ptII/ptolemy/actor/lib/test/auto/Commutator.xml
2 ms. Memory: 275456K Free: 151716K (55%)
----------------- Invoking toplevel() on ptolemy.moml.MoMLSimpleApplication@57f8b19d
----------------- Done invoking toplevel() on ptolemy.moml.MoMLSimpleApplication@57f8b19d
reloadAllAccessors: .Commutator

===========================================================================================
----------------- testing Sat Sep 26 16:14:58 UTC 2020 /home/travis/build/icyphy/ptII/ptolemy/actor/lib/test/auto/Commutator2.xml
----------------- Instantiating /home/travis/build/icyphy/ptII/ptolemy/actor/lib/test/auto/Commutator2.xml
1 ms. Memory: 275456K Free: 147620K (54%)
----------------- Invoking toplevel() on ptolemy.moml.MoMLSimpleApplication@5c7f896c
----------------- Done invoking toplevel() on ptolemy.moml.MoMLSimpleApplication@5c7f896c
reloadAllAccessors: .Commutator2

===========================================================================================
----------------- testing Sat Sep 26 16:14:58 UTC 2020 /home/travis/build/icyphy/ptII/ptolemy/actor/lib/test/auto/Commutator3.xml
----------------- Instantiating /home/travis/build/icyphy/ptII/ptolemy/actor/lib/test/auto/Commutator3.xml
2 ms. Memory: 275456K Free: 143010K (52%)
----------------- Invoking toplevel() on ptolemy.moml.MoMLSimpleApplication@50024633
----------------- Done invoking toplevel() on ptolemy.moml.MoMLSimpleApplication@50024633
reloadAllAccessors: .Commutator3

===========================================================================================
----------------- testing Sat Sep 26 16:14:58 UTC 2020 /home/travis/build/icyphy/ptII/ptolemy/actor/lib/test/auto/Compare.xml
----------------- Instantiating /home/travis/build/icyphy/ptII/ptolemy/actor/lib/test/auto/Compare.xml
2 ms. Memory: 275456K Free: 136866K (50%)
----------------- Invoking toplevel() on ptolemy.moml.MoMLSimpleApplication@2a63a0e
----------------- Done invoking toplevel() on ptolemy.moml.MoMLSimpleApplication@2a63a0e
reloadAllAccessors: .Compare

===========================================================================================
----------------- testing Sat Sep 26 16:14:58 UTC 2020 /home/travis/build/icyphy/ptII/ptolemy/actor/lib/test/auto/CompareDE.xml
----------------- Instantiating /home/travis/build/icyphy/ptII/ptolemy/actor/lib/test/auto/CompareDE.xml
3 ms. Memory: 275456K Free: 129684K (47%)
----------------- Invoking toplevel() on ptolemy.moml.MoMLSimpleApplication@6d8a1169
----------------- Done invoking toplevel() on ptolemy.moml.MoMLSimpleApplication@6d8a1169
reloadAllAccessors: .CompareDE

===========================================================================================
----------------- testing Sat Sep 26 16:14:58 UTC 2020 /home/travis/build/icyphy/ptII/ptolemy/actor/lib/test/auto/ComplexDivide.xml
----------------- Instantiating /home/travis/build/icyphy/ptII/ptolemy/actor/lib/test/auto/ComplexDivide.xml
1 ms. Memory: 275456K Free: 125602K (46%)
----------------- Invoking toplevel() on ptolemy.moml.MoMLSimpleApplication@6263bd36
----------------- Done invoking toplevel() on ptolemy.moml.MoMLSimpleApplication@6263bd36
reloadAllAccessors: .ComplexDivide

===========================================================================================
----------------- testing Sat Sep 26 16:14:58 UTC 2020 /home/travis/build/icyphy/ptII/ptolemy/actor/lib/test/auto/ComputeHistogram.xml
----------------- Instantiating /home/travis/build/icyphy/ptII/ptolemy/actor/lib/test/auto/ComputeHistogram.xml
30 ms. Memory: 275456K Free: 113314K (41%)
----------------- Invoking toplevel() on ptolemy.moml.MoMLSimpleApplication@6784a204
----------------- Done invoking toplevel() on ptolemy.moml.MoMLSimpleApplication@6784a204
reloadAllAccessors: .ComputeHistogram

===========================================================================================
----------------- testing Sat Sep 26 16:14:58 UTC 2020 /home/travis/build/icyphy/ptII/ptolemy/actor/lib/test/auto/ConfigurationSelect.xml
----------------- Instantiating /home/travis/build/icyphy/ptII/ptolemy/actor/lib/test/auto/ConfigurationSelect.xml
7 ms. Memory: 275456K Free: 107684K (39%)
----------------- Invoking toplevel() on ptolemy.moml.MoMLSimpleApplication@5add6b24
----------------- Done invoking toplevel() on ptolemy.moml.MoMLSimpleApplication@5add6b24
reloadAllAccessors: .ConfigurationSelect

===========================================================================================
----------------- testing Sat Sep 26 16:14:58 UTC 2020 /home/travis/build/icyphy/ptII/ptolemy/actor/lib/test/auto/ConfigurationSelect2.xml
----------------- Instantiating /home/travis/build/icyphy/ptII/ptolemy/actor/lib/test/auto/ConfigurationSelect2.xml
1 ms. Memory: 275456K Free: 103074K (37%)
----------------- Invoking toplevel() on ptolemy.moml.MoMLSimpleApplication@a06dce0
----------------- Done invoking toplevel() on ptolemy.moml.MoMLSimpleApplication@a06dce0
reloadAllAccessors: .ConfigurationSelect2

===========================================================================================
----------------- testing Sat Sep 26 16:14:58 UTC 2020 /home/travis/build/icyphy/ptII/ptolemy/actor/lib/test/auto/ConfigurationSwitch.xml
----------------- Instantiating /home/travis/build/icyphy/ptII/ptolemy/actor/lib/test/auto/ConfigurationSwitch.xml
2 ms. Memory: 275456K Free: 97954K (36%)
----------------- Invoking toplevel() on ptolemy.moml.MoMLSimpleApplication@23cf71aa
----------------- Done invoking toplevel() on ptolemy.moml.MoMLSimpleApplication@23cf71aa
reloadAllAccessors: .ConfigurationSwitch

===========================================================================================
----------------- testing Sat Sep 26 16:14:58 UTC 2020 /home/travis/build/icyphy/ptII/ptolemy/actor/lib/test/auto/ConfigurationSwitch2.xml
----------------- Instantiating /home/travis/build/icyphy/ptII/ptolemy/actor/lib/test/auto/ConfigurationSwitch2.xml
2 ms. Memory: 275456K Free: 92324K (34%)
----------------- Invoking toplevel() on ptolemy.moml.MoMLSimpleApplication@1ea3ff5f
----------------- Done invoking toplevel() on ptolemy.moml.MoMLSimpleApplication@1ea3ff5f
reloadAllAccessors: .ConfigurationSwitch2

===========================================================================================
----------------- testing Sat Sep 26 16:14:58 UTC 2020 /home/travis/build/icyphy/ptII/ptolemy/actor/lib/test/auto/ConfigurationSwitchCloningBugWithClassRelationGroup.xml
----------------- Instantiating /home/travis/build/icyphy/ptII/ptolemy/actor/lib/test/auto/ConfigurationSwitchCloningBugWithClassRelationGroup.xml
1 ms. Memory: 275456K Free: 86180K (31%)
----------------- Invoking toplevel() on ptolemy.moml.MoMLSimpleApplication@7e216b00
----------------- Done invoking toplevel() on ptolemy.moml.MoMLSimpleApplication@7e216b00
reloadAllAccessors: .ConfigurationSwitchCloningBugWithClassRelationGroup

===========================================================================================
----------------- testing Sat Sep 26 16:14:58 UTC 2020 /home/travis/build/icyphy/ptII/ptolemy/actor/lib/test/auto/ConfigurationSwitchSelectSDF.xml
----------------- Instantiating /home/travis/build/icyphy/ptII/ptolemy/actor/lib/test/auto/ConfigurationSwitchSelectSDF.xml
3 ms. Memory: 275456K Free: 80546K (29%)
----------------- Invoking toplevel() on ptolemy.moml.MoMLSimpleApplication@2fd746b9
----------------- Done invoking toplevel() on ptolemy.moml.MoMLSimpleApplication@2fd746b9
reloadAllAccessors: .ConfigurationSwitchSelectSDF

===========================================================================================
----------------- testing Sat Sep 26 16:14:58 UTC 2020 /home/travis/build/icyphy/ptII/ptolemy/actor/lib/test/auto/ConfigurationSwitchSelectSDF2.xml
----------------- Instantiating /home/travis/build/icyphy/ptII/ptolemy/actor/lib/test/auto/ConfigurationSwitchSelectSDF2.xml
2 ms. Memory: 275456K Free: 74402K (27%)
----------------- Invoking toplevel() on ptolemy.moml.MoMLSimpleApplication@1a9630c4
----------------- Done invoking toplevel() on ptolemy.moml.MoMLSimpleApplication@1a9630c4
reloadAllAccessors: .ConfigurationSwitchSelectSDF2

===========================================================================================
----------------- testing Sat Sep 26 16:14:58 UTC 2020 /home/travis/build/icyphy/ptII/ptolemy/actor/lib/test/auto/Const.xml
----------------- Instantiating /home/travis/build/icyphy/ptII/ptolemy/actor/lib/test/auto/Const.xml
1 ms. Memory: 275456K Free: 71330K (26%)
----------------- Invoking toplevel() on ptolemy.moml.MoMLSimpleApplication@355a5bc5
----------------- Done invoking toplevel() on ptolemy.moml.MoMLSimpleApplication@355a5bc5
reloadAllAccessors: .Const

===========================================================================================
----------------- testing Sat Sep 26 16:14:58 UTC 2020 /home/travis/build/icyphy/ptII/ptolemy/actor/lib/test/auto/Const2.xml
----------------- Instantiating /home/travis/build/icyphy/ptII/ptolemy/actor/lib/test/auto/Const2.xml
1 ms. Memory: 275456K Free: 67234K (24%)
----------------- Invoking toplevel() on ptolemy.moml.MoMLSimpleApplication@77577b8e
----------------- Done invoking toplevel() on ptolemy.moml.MoMLSimpleApplication@77577b8e
reloadAllAccessors: .Const2

===========================================================================================
----------------- testing Sat Sep 26 16:14:58 UTC 2020 /home/travis/build/icyphy/ptII/ptolemy/actor/lib/test/auto/Const3.xml
----------------- Instantiating /home/travis/build/icyphy/ptII/ptolemy/actor/lib/test/auto/Const3.xml
7 ms. Memory: 440320K Free: 392000K (89%)
----------------- Invoking toplevel() on ptolemy.moml.MoMLSimpleApplication@616b3d8f
----------------- Done invoking toplevel() on ptolemy.moml.MoMLSimpleApplication@616b3d8f
reloadAllAccessors: .Const3

===========================================================================================
----------------- testing Sat Sep 26 16:14:58 UTC 2020 /home/travis/build/icyphy/ptII/ptolemy/actor/lib/test/auto/ConstantPublisherPort1.xml
----------------- Instantiating /home/travis/build/icyphy/ptII/ptolemy/actor/lib/test/auto/ConstantPublisherPort1.xml
8 ms. Memory: 440320K Free: 382784K (87%)
----------------- Invoking toplevel() on ptolemy.moml.MoMLSimpleApplication@1d599452
----------------- Done invoking toplevel() on ptolemy.moml.MoMLSimpleApplication@1d599452
reloadAllAccessors: .ConstantPublisherPort1

===========================================================================================
----------------- testing Sat Sep 26 16:14:58 UTC 2020 /home/travis/build/icyphy/ptII/ptolemy/actor/lib/test/auto/ConstantPublisherPort2.xml
----------------- Instantiating /home/travis/build/icyphy/ptII/ptolemy/actor/lib/test/auto/ConstantPublisherPort2.xml
12 ms. Memory: 440320K Free: 375104K (85%)
----------------- Invoking toplevel() on ptolemy.moml.MoMLSimpleApplication@1ca8105d
----------------- Done invoking toplevel() on ptolemy.moml.MoMLSimpleApplication@1ca8105d
reloadAllAccessors: .ConstantPublisherPort2

===========================================================================================
----------------- testing Sat Sep 26 16:14:58 UTC 2020 /home/travis/build/icyphy/ptII/ptolemy/actor/lib/test/auto/ConstantPublisherPort3.xml
----------------- Instantiating /home/travis/build/icyphy/ptII/ptolemy/actor/lib/test/auto/ConstantPublisherPort3.xml
10 ms. Memory: 440320K Free: 367938K (84%)
----------------- Invoking toplevel() on ptolemy.moml.MoMLSimpleApplication@62c1e045
----------------- Done invoking toplevel() on ptolemy.moml.MoMLSimpleApplication@62c1e045
reloadAllAccessors: .ConstantPublisherPort3

===========================================================================================
----------------- testing Sat Sep 26 16:14:58 UTC 2020 /home/travis/build/icyphy/ptII/ptolemy/actor/lib/test/auto/ConstantPublisherPort4.xml
----------------- Instantiating /home/travis/build/icyphy/ptII/ptolemy/actor/lib/test/auto/ConstantPublisherPort4.xml
3 ms. Memory: 440320K Free: 360770K (82%)
----------------- Invoking toplevel() on ptolemy.moml.MoMLSimpleApplication@1d0c8923
----------------- Done invoking toplevel() on ptolemy.moml.MoMLSimpleApplication@1d0c8923
reloadAllAccessors: .ConstantPublisherPort4

===========================================================================================
----------------- testing Sat Sep 26 16:14:58 UTC 2020 /home/travis/build/icyphy/ptII/ptolemy/actor/lib/test/auto/ConstantPublisherPort5.xml
----------------- Instantiating /home/travis/build/icyphy/ptII/ptolemy/actor/lib/test/auto/ConstantPublisherPort5.xml
32 ms. Memory: 440320K Free: 351554K (80%)
----------------- Invoking toplevel() on ptolemy.moml.MoMLSimpleApplication@739c257f
----------------- Done invoking toplevel() on ptolemy.moml.MoMLSimpleApplication@739c257f
reloadAllAccessors: .ConstantPublisherPort5

===========================================================================================
----------------- testing Sat Sep 26 16:14:58 UTC 2020 /home/travis/build/icyphy/ptII/ptolemy/actor/lib/test/auto/ConstantPublisherPort6.xml
----------------- Instantiating /home/travis/build/icyphy/ptII/ptolemy/actor/lib/test/auto/ConstantPublisherPort6.xml
19 ms. Memory: 440320K Free: 341824K (78%)
----------------- Invoking toplevel() on ptolemy.moml.MoMLSimpleApplication@7785105b
----------------- Done invoking toplevel() on ptolemy.moml.MoMLSimpleApplication@7785105b
reloadAllAccessors: .ConstantPublisherPort6

===========================================================================================
----------------- testing Sat Sep 26 16:14:58 UTC 2020 /home/travis/build/icyphy/ptII/ptolemy/actor/lib/test/auto/ConstantPublisherPort7.xml
----------------- Instantiating /home/travis/build/icyphy/ptII/ptolemy/actor/lib/test/auto/ConstantPublisherPort7.xml
20 ms. Memory: 440320K Free: 332608K (76%)
----------------- Invoking toplevel() on ptolemy.moml.MoMLSimpleApplication@62258e42
----------------- Done invoking toplevel() on ptolemy.moml.MoMLSimpleApplication@62258e42
reloadAllAccessors: .ConstantPublisherPort7

===========================================================================================
----------------- testing Sat Sep 26 16:14:58 UTC 2020 /home/travis/build/icyphy/ptII/ptolemy/actor/lib/test/auto/ConstraintMonitor1.xml
----------------- Instantiating /home/travis/build/icyphy/ptII/ptolemy/actor/lib/test/auto/ConstraintMonitor1.xml
4 ms. Memory: 440320K Free: 328002K (74%)
----------------- Invoking toplevel() on ptolemy.moml.MoMLSimpleApplication@138c878e
----------------- Done invoking toplevel() on ptolemy.moml.MoMLSimpleApplication@138c878e
reloadAllAccessors: .ConstraintMonitor1

===========================================================================================
----------------- testing Sat Sep 26 16:14:59 UTC 2020 /home/travis/build/icyphy/ptII/ptolemy/actor/lib/test/auto/ConstraintMonitor2.xml
----------------- Instantiating /home/travis/build/icyphy/ptII/ptolemy/actor/lib/test/auto/ConstraintMonitor2.xml
5 ms. Memory: 440320K Free: 323392K (73%)
----------------- Invoking toplevel() on ptolemy.moml.MoMLSimpleApplication@47bafa39
----------------- Done invoking toplevel() on ptolemy.moml.MoMLSimpleApplication@47bafa39
reloadAllAccessors: .ConstraintMonitor2

===========================================================================================
----------------- testing Sat Sep 26 16:14:59 UTC 2020 /home/travis/build/icyphy/ptII/ptolemy/actor/lib/test/auto/ConstraintMonitor3.xml
----------------- Instantiating /home/travis/build/icyphy/ptII/ptolemy/actor/lib/test/auto/ConstraintMonitor3.xml
7 ms. Memory: 440320K Free: 318272K (72%)
----------------- Invoking toplevel() on ptolemy.moml.MoMLSimpleApplication@51101e7f
----------------- Done invoking toplevel() on ptolemy.moml.MoMLSimpleApplication@51101e7f
reloadAllAccessors: .ConstraintMonitor3

===========================================================================================
----------------- testing Sat Sep 26 16:14:59 UTC 2020 /home/travis/build/icyphy/ptII/ptolemy/actor/lib/test/auto/ConstraintMonitor4.xml
----------------- Instantiating /home/travis/build/icyphy/ptII/ptolemy/actor/lib/test/auto/ConstraintMonitor4.xml
4 ms. Memory: 440320K Free: 313666K (71%)
----------------- Invoking toplevel() on ptolemy.moml.MoMLSimpleApplication@6a0534f0
----------------- Done invoking toplevel() on ptolemy.moml.MoMLSimpleApplication@6a0534f0
reloadAllAccessors: .ConstraintMonitor4

===========================================================================================
----------------- testing Sat Sep 26 16:14:59 UTC 2020 /home/travis/build/icyphy/ptII/ptolemy/actor/lib/test/auto/ConstraintMonitor5.xml
----------------- Instantiating /home/travis/build/icyphy/ptII/ptolemy/actor/lib/test/auto/ConstraintMonitor5.xml
7 ms. Memory: 440320K Free: 308546K (70%)
----------------- Invoking toplevel() on ptolemy.moml.MoMLSimpleApplication@62bbef5d
----------------- Done invoking toplevel() on ptolemy.moml.MoMLSimpleApplication@62bbef5d
reloadAllAccessors: .ConstraintMonitor5

===========================================================================================
----------------- testing Sat Sep 26 16:14:59 UTC 2020 /home/travis/build/icyphy/ptII/ptolemy/actor/lib/test/auto/ConstraintMonitor6.xml
----------------- Instantiating /home/travis/build/icyphy/ptII/ptolemy/actor/lib/test/auto/ConstraintMonitor6.xml
3 ms. Memory: 440320K Free: 302882K (69%)
----------------- Invoking toplevel() on ptolemy.moml.MoMLSimpleApplication@51fd1da6
----------------- Done invoking toplevel() on ptolemy.moml.MoMLSimpleApplication@51fd1da6
reloadAllAccessors: .ConstraintMonitor6

===========================================================================================
----------------- testing Sat Sep 26 16:14:59 UTC 2020 /home/travis/build/icyphy/ptII/ptolemy/actor/lib/test/auto/ConstraintMonitor7.xml
----------------- Instantiating /home/travis/build/icyphy/ptII/ptolemy/actor/lib/test/auto/ConstraintMonitor7.xml
4 ms. Memory: 440320K Free: 296258K (67%)
----------------- Invoking toplevel() on ptolemy.moml.MoMLSimpleApplication@328c7e1c
----------------- Done invoking toplevel() on ptolemy.moml.MoMLSimpleApplication@328c7e1c
reloadAllAccessors: .ConstraintMonitor7

===========================================================================================
----------------- testing Sat Sep 26 16:14:59 UTC 2020 /home/travis/build/icyphy/ptII/ptolemy/actor/lib/test/auto/ConstraintMonitor8.xml
----------------- Instantiating /home/travis/build/icyphy/ptII/ptolemy/actor/lib/test/auto/ConstraintMonitor8.xml
6 ms. Memory: 440320K Free: 288576K (66%)
----------------- Invoking toplevel() on ptolemy.moml.MoMLSimpleApplication@403a4bcd
----------------- Done invoking toplevel() on ptolemy.moml.MoMLSimpleApplication@403a4bcd
reloadAllAccessors: .ConstraintMonitor8

===========================================================================================
----------------- testing Sat Sep 26 16:14:59 UTC 2020 /home/travis/build/icyphy/ptII/ptolemy/actor/lib/test/auto/Counter.xml
----------------- Instantiating /home/travis/build/icyphy/ptII/ptolemy/actor/lib/test/auto/Counter.xml
5 ms. Memory: 440320K Free: 283970K (64%)
----------------- Invoking toplevel() on ptolemy.moml.MoMLSimpleApplication@41929450
----------------- Done invoking toplevel() on ptolemy.moml.MoMLSimpleApplication@41929450
reloadAllAccessors: .Counter

===========================================================================================
----------------- testing Sat Sep 26 16:14:59 UTC 2020 /home/travis/build/icyphy/ptII/ptolemy/actor/lib/test/auto/CurrentTimeSDF.xml
----------------- Instantiating /home/travis/build/icyphy/ptII/ptolemy/actor/lib/test/auto/CurrentTimeSDF.xml
1 ms. Memory: 440320K Free: 279874K (64%)
----------------- Invoking toplevel() on ptolemy.moml.MoMLSimpleApplication@32cb3317
----------------- Done invoking toplevel() on ptolemy.moml.MoMLSimpleApplication@32cb3317
reloadAllAccessors: .CurrentTimeSDF

===========================================================================================
----------------- testing Sat Sep 26 16:14:59 UTC 2020 /home/travis/build/icyphy/ptII/ptolemy/actor/lib/test/auto/DB.xml
----------------- Instantiating /home/travis/build/icyphy/ptII/ptolemy/actor/lib/test/auto/DB.xml
3 ms. Memory: 440320K Free: 274240K (62%)
----------------- Invoking toplevel() on ptolemy.moml.MoMLSimpleApplication@16c26729
----------------- Done invoking toplevel() on ptolemy.moml.MoMLSimpleApplication@16c26729
reloadAllAccessors: .DB

===========================================================================================
----------------- testing Sat Sep 26 16:14:59 UTC 2020 /home/travis/build/icyphy/ptII/ptolemy/actor/lib/test/auto/DBDE.xml
----------------- Instantiating /home/travis/build/icyphy/ptII/ptolemy/actor/lib/test/auto/DBDE.xml
3 ms. Memory: 440320K Free: 268610K (61%)
----------------- Invoking toplevel() on ptolemy.moml.MoMLSimpleApplication@6ec04dcd
----------------- Done invoking toplevel() on ptolemy.moml.MoMLSimpleApplication@6ec04dcd
reloadAllAccessors: .DBDE

===========================================================================================
----------------- testing Sat Sep 26 16:14:59 UTC 2020 /home/travis/build/icyphy/ptII/ptolemy/actor/lib/test/auto/DateConstructor.xml
----------------- Instantiating /home/travis/build/icyphy/ptII/ptolemy/actor/lib/test/auto/DateConstructor.xml
33 ms. Memory: 440320K Free: 251202K (57%)
----------------- Invoking toplevel() on ptolemy.moml.MoMLSimpleApplication@47852d86
----------------- Done invoking toplevel() on ptolemy.moml.MoMLSimpleApplication@47852d86
reloadAllAccessors: .DateConstructor

===========================================================================================
----------------- testing Sat Sep 26 16:14:59 UTC 2020 /home/travis/build/icyphy/ptII/ptolemy/actor/lib/test/auto/DelayTime.xml
----------------- Instantiating /home/travis/build/icyphy/ptII/ptolemy/actor/lib/test/auto/DelayTime.xml
8 ms. Memory: 440320K Free: 246082K (56%)
----------------- Invoking toplevel() on ptolemy.moml.MoMLSimpleApplication@21f9bc9
----------------- Done invoking toplevel() on ptolemy.moml.MoMLSimpleApplication@21f9bc9
reloadAllAccessors: .DelayTime

===========================================================================================
----------------- testing Sat Sep 26 16:14:59 UTC 2020 /home/travis/build/icyphy/ptII/ptolemy/actor/lib/test/auto/Dictionary1.xml
----------------- Instantiating /home/travis/build/icyphy/ptII/ptolemy/actor/lib/test/auto/Dictionary1.xml
2 ms. Memory: 440320K Free: 240962K (55%)
----------------- Invoking toplevel() on ptolemy.moml.MoMLSimpleApplication@110b6f9c
----------------- Done invoking toplevel() on ptolemy.moml.MoMLSimpleApplication@110b6f9c
reloadAllAccessors: .Dictionary1

===========================================================================================
----------------- testing Sat Sep 26 16:14:59 UTC 2020 /home/travis/build/icyphy/ptII/ptolemy/actor/lib/test/auto/Dictionary2.xml
----------------- Instantiating /home/travis/build/icyphy/ptII/ptolemy/actor/lib/test/auto/Dictionary2.xml
4 ms. Memory: 440320K Free: 235328K (53%)
----------------- Invoking toplevel() on ptolemy.moml.MoMLSimpleApplication@644f1b29
----------------- Done invoking toplevel() on ptolemy.moml.MoMLSimpleApplication@644f1b29
reloadAllAccessors: .Dictionary2

===========================================================================================
----------------- testing Sat Sep 26 16:14:59 UTC 2020 /home/travis/build/icyphy/ptII/ptolemy/actor/lib/test/auto/Dictionary3.xml
----------------- Instantiating /home/travis/build/icyphy/ptII/ptolemy/actor/lib/test/auto/Dictionary3.xml
2 ms. Memory: 440320K Free: 229698K (52%)
----------------- Invoking toplevel() on ptolemy.moml.MoMLSimpleApplication@4b4ccb71
----------------- Done invoking toplevel() on ptolemy.moml.MoMLSimpleApplication@4b4ccb71
reloadAllAccessors: .Dictionary3

===========================================================================================
----------------- testing Sat Sep 26 16:14:59 UTC 2020 /home/travis/build/icyphy/ptII/ptolemy/actor/lib/test/auto/Dictionary4.xml
----------------- Instantiating /home/travis/build/icyphy/ptII/ptolemy/actor/lib/test/auto/Dictionary4.xml
3 ms. Memory: 440320K Free: 223040K (51%)
----------------- Invoking toplevel() on ptolemy.moml.MoMLSimpleApplication@6945b90
----------------- Done invoking toplevel() on ptolemy.moml.MoMLSimpleApplication@6945b90
reloadAllAccessors: .Dictionary4

===========================================================================================
----------------- testing Sat Sep 26 16:14:59 UTC 2020 /home/travis/build/icyphy/ptII/ptolemy/actor/lib/test/auto/Differential.xml
----------------- Instantiating /home/travis/build/icyphy/ptII/ptolemy/actor/lib/test/auto/Differential.xml
3 ms. Memory: 440320K Free: 218434K (50%)
----------------- Invoking toplevel() on ptolemy.moml.MoMLSimpleApplication@52b0532c
----------------- Done invoking toplevel() on ptolemy.moml.MoMLSimpleApplication@52b0532c
reloadAllAccessors: .Differential

===========================================================================================
----------------- testing Sat Sep 26 16:14:59 UTC 2020 /home/travis/build/icyphy/ptII/ptolemy/actor/lib/test/auto/Director.xml
----------------- Instantiating /home/travis/build/icyphy/ptII/ptolemy/actor/lib/test/auto/Director.xml
4 ms. Memory: 440320K Free: 214848K (49%)
----------------- Invoking toplevel() on ptolemy.moml.MoMLSimpleApplication@574ffc31
----------------- Done invoking toplevel() on ptolemy.moml.MoMLSimpleApplication@574ffc31
reloadAllAccessors: .Director

===========================================================================================
----------------- testing Sat Sep 26 16:14:59 UTC 2020 /home/travis/build/icyphy/ptII/ptolemy/actor/lib/test/auto/DiscreteClock.xml
----------------- Instantiating /home/travis/build/icyphy/ptII/ptolemy/actor/lib/test/auto/DiscreteClock.xml
1 ms. Memory: 440320K Free: 210752K (48%)
----------------- Invoking toplevel() on ptolemy.moml.MoMLSimpleApplication@15bab346
----------------- Done invoking toplevel() on ptolemy.moml.MoMLSimpleApplication@15bab346
reloadAllAccessors: .DiscreteClock

===========================================================================================
----------------- testing Sat Sep 26 16:14:59 UTC 2020 /home/travis/build/icyphy/ptII/ptolemy/actor/lib/test/auto/DiscreteClock10.xml
----------------- Instantiating /home/travis/build/icyphy/ptII/ptolemy/actor/lib/test/auto/DiscreteClock10.xml
3 ms. Memory: 440320K Free: 205122K (47%)
----------------- Invoking toplevel() on ptolemy.moml.MoMLSimpleApplication@60c1755c
----------------- Done invoking toplevel() on ptolemy.moml.MoMLSimpleApplication@60c1755c
reloadAllAccessors: .DiscreteClock10

===========================================================================================
----------------- testing Sat Sep 26 16:14:59 UTC 2020 /home/travis/build/icyphy/ptII/ptolemy/actor/lib/test/auto/DiscreteClock11.xml
----------------- Instantiating /home/travis/build/icyphy/ptII/ptolemy/actor/lib/test/auto/DiscreteClock11.xml
2 ms. Memory: 440320K Free: 198978K (45%)
----------------- Invoking toplevel() on ptolemy.moml.MoMLSimpleApplication@118bb17f
----------------- Done invoking toplevel() on ptolemy.moml.MoMLSimpleApplication@118bb17f
reloadAllAccessors: .DiscreteClock11

===========================================================================================
----------------- testing Sat Sep 26 16:14:59 UTC 2020 /home/travis/build/icyphy/ptII/ptolemy/actor/lib/test/auto/DiscreteClock12.xml
----------------- Instantiating /home/travis/build/icyphy/ptII/ptolemy/actor/lib/test/auto/DiscreteClock12.xml
2 ms. Memory: 440320K Free: 192834K (44%)
----------------- Invoking toplevel() on ptolemy.moml.MoMLSimpleApplication@7626bc1d
----------------- Done invoking toplevel() on ptolemy.moml.MoMLSimpleApplication@7626bc1d
reloadAllAccessors: .DiscreteClock12

===========================================================================================
----------------- testing Sat Sep 26 16:14:59 UTC 2020 /home/travis/build/icyphy/ptII/ptolemy/actor/lib/test/auto/DiscreteClock13.xml
----------------- Instantiating /home/travis/build/icyphy/ptII/ptolemy/actor/lib/test/auto/DiscreteClock13.xml
5 ms. Memory: 440320K Free: 186690K (42%)
----------------- Invoking toplevel() on ptolemy.moml.MoMLSimpleApplication@367d7f8f
----------------- Done invoking toplevel() on ptolemy.moml.MoMLSimpleApplication@367d7f8f
reloadAllAccessors: .DiscreteClock13

===========================================================================================
----------------- testing Sat Sep 26 16:14:59 UTC 2020 /home/travis/build/icyphy/ptII/ptolemy/actor/lib/test/auto/DiscreteClock14.xml
----------------- Instantiating /home/travis/build/icyphy/ptII/ptolemy/actor/lib/test/auto/DiscreteClock14.xml
6 ms. Memory: 440320K Free: 181050K (41%)
----------------- Invoking toplevel() on ptolemy.moml.MoMLSimpleApplication@74704ab2
----------------- Done invoking toplevel() on ptolemy.moml.MoMLSimpleApplication@74704ab2
reloadAllAccessors: .DiscreteClock14

===========================================================================================
----------------- testing Sat Sep 26 16:14:59 UTC 2020 /home/travis/build/icyphy/ptII/ptolemy/actor/lib/test/auto/DiscreteClock15.xml
----------------- Instantiating /home/travis/build/icyphy/ptII/ptolemy/actor/lib/test/auto/DiscreteClock15.xml
5 ms. Memory: 440320K Free: 174882K (40%)
----------------- Invoking toplevel() on ptolemy.moml.MoMLSimpleApplication@599151fa
----------------- Done invoking toplevel() on ptolemy.moml.MoMLSimpleApplication@599151fa
reloadAllAccessors: .DiscreteClock15

===========================================================================================
----------------- testing Sat Sep 26 16:14:59 UTC 2020 /home/travis/build/icyphy/ptII/ptolemy/actor/lib/test/auto/DiscreteClock16.xml
----------------- Instantiating /home/travis/build/icyphy/ptII/ptolemy/actor/lib/test/auto/DiscreteClock16.xml
16 ms. Memory: 440320K Free: 161090K (37%)
----------------- Invoking toplevel() on ptolemy.moml.MoMLSimpleApplication@5cbf452d
----------------- Done invoking toplevel() on ptolemy.moml.MoMLSimpleApplication@5cbf452d
reloadAllAccessors: .DiscreteClock16

===========================================================================================
----------------- testing Sat Sep 26 16:14:59 UTC 2020 /home/travis/build/icyphy/ptII/ptolemy/actor/lib/test/auto/DiscreteClock17.xml
----------------- Instantiating /home/travis/build/icyphy/ptII/ptolemy/actor/lib/test/auto/DiscreteClock17.xml
17 ms. Memory: 440320K Free: 377327K (86%)
----------------- Invoking toplevel() on ptolemy.moml.MoMLSimpleApplication@cb9bb90
----------------- Done invoking toplevel() on ptolemy.moml.MoMLSimpleApplication@cb9bb90
reloadAllAccessors: .DiscreteClock17

===========================================================================================
----------------- testing Sat Sep 26 16:14:59 UTC 2020 /home/travis/build/icyphy/ptII/ptolemy/actor/lib/test/auto/DiscreteClock18.xml
----------------- Instantiating /home/travis/build/icyphy/ptII/ptolemy/actor/lib/test/auto/DiscreteClock18.xml
22 ms. Memory: 440320K Free: 364030K (83%)
----------------- Invoking toplevel() on ptolemy.moml.MoMLSimpleApplication@4776f7e3
----------------- Done invoking toplevel() on ptolemy.moml.MoMLSimpleApplication@4776f7e3
reloadAllAccessors: .DiscreteClock18

===========================================================================================
----------------- testing Sat Sep 26 16:14:59 UTC 2020 /home/travis/build/icyphy/ptII/ptolemy/actor/lib/test/auto/DiscreteClock19.xml
----------------- Instantiating /home/travis/build/icyphy/ptII/ptolemy/actor/lib/test/auto/DiscreteClock19.xml
21 ms. Memory: 440320K Free: 350208K (80%)
----------------- Invoking toplevel() on ptolemy.moml.MoMLSimpleApplication@265468c3
----------------- Done invoking toplevel() on ptolemy.moml.MoMLSimpleApplication@265468c3
reloadAllAccessors: .DiscreteClock19

===========================================================================================
----------------- testing Sat Sep 26 16:14:59 UTC 2020 /home/travis/build/icyphy/ptII/ptolemy/actor/lib/test/auto/DiscreteClock2.xml
----------------- Instantiating /home/travis/build/icyphy/ptII/ptolemy/actor/lib/test/auto/DiscreteClock2.xml
4 ms. Memory: 440320K Free: 345088K (78%)
----------------- Invoking toplevel() on ptolemy.moml.MoMLSimpleApplication@303e141e
----------------- Done invoking toplevel() on ptolemy.moml.MoMLSimpleApplication@303e141e
reloadAllAccessors: .DiscreteClock2

===========================================================================================
----------------- testing Sat Sep 26 16:14:59 UTC 2020 /home/travis/build/icyphy/ptII/ptolemy/actor/lib/test/auto/DiscreteClock20.xml
----------------- Instantiating /home/travis/build/icyphy/ptII/ptolemy/actor/lib/test/auto/DiscreteClock20.xml
8 ms. Memory: 440320K Free: 339454K (77%)
----------------- Invoking toplevel() on ptolemy.moml.MoMLSimpleApplication@40c664af
----------------- Done invoking toplevel() on ptolemy.moml.MoMLSimpleApplication@40c664af
reloadAllAccessors: .DiscreteClock20

===========================================================================================
----------------- testing Sat Sep 26 16:14:59 UTC 2020 /home/travis/build/icyphy/ptII/ptolemy/actor/lib/test/auto/DiscreteClock21.xml
----------------- Instantiating /home/travis/build/icyphy/ptII/ptolemy/actor/lib/test/auto/DiscreteClock21.xml
5 ms. Memory: 440320K Free: 334334K (76%)
----------------- Invoking toplevel() on ptolemy.moml.MoMLSimpleApplication@457269da
----------------- Done invoking toplevel() on ptolemy.moml.MoMLSimpleApplication@457269da
reloadAllAccessors: .DiscreteClock21

===========================================================================================
----------------- testing Sat Sep 26 16:14:59 UTC 2020 /home/travis/build/icyphy/ptII/ptolemy/actor/lib/test/auto/DiscreteClock22.xml
----------------- Instantiating /home/travis/build/icyphy/ptII/ptolemy/actor/lib/test/auto/DiscreteClock22.xml
5 ms. Memory: 440320K Free: 328704K (75%)
----------------- Invoking toplevel() on ptolemy.moml.MoMLSimpleApplication@1281c9e6
----------------- Done invoking toplevel() on ptolemy.moml.MoMLSimpleApplication@1281c9e6
reloadAllAccessors: .DiscreteClock22

===========================================================================================
----------------- testing Sat Sep 26 16:14:59 UTC 2020 /home/travis/build/icyphy/ptII/ptolemy/actor/lib/test/auto/DiscreteClock23.xml
----------------- Instantiating /home/travis/build/icyphy/ptII/ptolemy/actor/lib/test/auto/DiscreteClock23.xml
10 ms. Memory: 440320K Free: 323070K (73%)
----------------- Invoking toplevel() on ptolemy.moml.MoMLSimpleApplication@2c2a1ef8
----------------- Done invoking toplevel() on ptolemy.moml.MoMLSimpleApplication@2c2a1ef8
reloadAllAccessors: .DiscreteClock23

===========================================================================================
----------------- testing Sat Sep 26 16:15:00 UTC 2020 /home/travis/build/icyphy/ptII/ptolemy/actor/lib/test/auto/DiscreteClock24.xml
----------------- Instantiating /home/travis/build/icyphy/ptII/ptolemy/actor/lib/test/auto/DiscreteClock24.xml
4 ms. Memory: 440320K Free: 317440K (72%)
----------------- Invoking toplevel() on ptolemy.moml.MoMLSimpleApplication@2a7a641b
----------------- Done invoking toplevel() on ptolemy.moml.MoMLSimpleApplication@2a7a641b
reloadAllAccessors: .DiscreteClock24

===========================================================================================
----------------- testing Sat Sep 26 16:15:00 UTC 2020 /home/travis/build/icyphy/ptII/ptolemy/actor/lib/test/auto/DiscreteClock4.xml
----------------- Instantiating /home/travis/build/icyphy/ptII/ptolemy/actor/lib/test/auto/DiscreteClock4.xml
4 ms. Memory: 440320K Free: 312320K (71%)
----------------- Invoking toplevel() on ptolemy.moml.MoMLSimpleApplication@4b65b3cb
----------------- Done invoking toplevel() on ptolemy.moml.MoMLSimpleApplication@4b65b3cb
reloadAllAccessors: .DiscreteClock4

===========================================================================================
----------------- testing Sat Sep 26 16:15:00 UTC 2020 /home/travis/build/icyphy/ptII/ptolemy/actor/lib/test/auto/DiscreteClock5.xml
----------------- Instantiating /home/travis/build/icyphy/ptII/ptolemy/actor/lib/test/auto/DiscreteClock5.xml
1 ms. Memory: 440320K Free: 306671K (70%)
----------------- Invoking toplevel() on ptolemy.moml.MoMLSimpleApplication@124f6fcb
----------------- Done invoking toplevel() on ptolemy.moml.MoMLSimpleApplication@124f6fcb
reloadAllAccessors: .DiscreteClock5

===========================================================================================
----------------- testing Sat Sep 26 16:15:00 UTC 2020 /home/travis/build/icyphy/ptII/ptolemy/actor/lib/test/auto/DiscreteClock6.xml
----------------- Instantiating /home/travis/build/icyphy/ptII/ptolemy/actor/lib/test/auto/DiscreteClock6.xml
1 ms. Memory: 440320K Free: 302080K (69%)
----------------- Invoking toplevel() on ptolemy.moml.MoMLSimpleApplication@4981be06
----------------- Done invoking toplevel() on ptolemy.moml.MoMLSimpleApplication@4981be06
reloadAllAccessors: .DiscreteClock6

===========================================================================================
----------------- testing Sat Sep 26 16:15:00 UTC 2020 /home/travis/build/icyphy/ptII/ptolemy/actor/lib/test/auto/DiscreteClock7.xml
----------------- Instantiating /home/travis/build/icyphy/ptII/ptolemy/actor/lib/test/auto/DiscreteClock7.xml
1 ms. Memory: 440320K Free: 297470K (68%)
----------------- Invoking toplevel() on ptolemy.moml.MoMLSimpleApplication@93f4343
----------------- Done invoking toplevel() on ptolemy.moml.MoMLSimpleApplication@93f4343
reloadAllAccessors: .DiscreteClock7

===========================================================================================
----------------- testing Sat Sep 26 16:15:00 UTC 2020 /home/travis/build/icyphy/ptII/ptolemy/actor/lib/test/auto/DiscreteClock8.xml
----------------- Instantiating /home/travis/build/icyphy/ptII/ptolemy/actor/lib/test/auto/DiscreteClock8.xml
4 ms. Memory: 440320K Free: 291840K (66%)
----------------- Invoking toplevel() on ptolemy.moml.MoMLSimpleApplication@2bc884f4
----------------- Done invoking toplevel() on ptolemy.moml.MoMLSimpleApplication@2bc884f4
reloadAllAccessors: .DiscreteClock8

===========================================================================================
----------------- testing Sat Sep 26 16:15:00 UTC 2020 /home/travis/build/icyphy/ptII/ptolemy/actor/lib/test/auto/DiscreteClock9.xml
----------------- Instantiating /home/travis/build/icyphy/ptII/ptolemy/actor/lib/test/auto/DiscreteClock9.xml
4 ms. Memory: 440320K Free: 286191K (65%)
----------------- Invoking toplevel() on ptolemy.moml.MoMLSimpleApplication@5f6c64fd
----------------- Done invoking toplevel() on ptolemy.moml.MoMLSimpleApplication@5f6c64fd
reloadAllAccessors: .DiscreteClock9

===========================================================================================
----------------- testing Sat Sep 26 16:15:00 UTC 2020 /home/travis/build/icyphy/ptII/ptolemy/actor/lib/test/auto/DisplayArray.xml
----------------- Instantiating /home/travis/build/icyphy/ptII/ptolemy/actor/lib/test/auto/DisplayArray.xml
1 ms. Memory: 440320K Free: 282624K (64%)
----------------- Invoking toplevel() on ptolemy.moml.MoMLSimpleApplication@55703d72
----------------- Done invoking toplevel() on ptolemy.moml.MoMLSimpleApplication@55703d72
reloadAllAccessors: .DisplayArray

===========================================================================================
----------------- testing Sat Sep 26 16:15:00 UTC 2020 /home/travis/build/icyphy/ptII/ptolemy/actor/lib/test/auto/Distributor.xml
----------------- Instantiating /home/travis/build/icyphy/ptII/ptolemy/actor/lib/test/auto/Distributor.xml
1 ms. Memory: 440320K Free: 277504K (63%)
----------------- Invoking toplevel() on ptolemy.moml.MoMLSimpleApplication@1572e1c9
----------------- Done invoking toplevel() on ptolemy.moml.MoMLSimpleApplication@1572e1c9
reloadAllAccessors: .Distributor

===========================================================================================
----------------- testing Sat Sep 26 16:15:00 UTC 2020 /home/travis/build/icyphy/ptII/ptolemy/actor/lib/test/auto/Distributor2.xml
----------------- Instantiating /home/travis/build/icyphy/ptII/ptolemy/actor/lib/test/auto/Distributor2.xml
2 ms. Memory: 440320K Free: 272384K (62%)
----------------- Invoking toplevel() on ptolemy.moml.MoMLSimpleApplication@5ec2de8f
----------------- Done invoking toplevel() on ptolemy.moml.MoMLSimpleApplication@5ec2de8f
reloadAllAccessors: .Distributor2

===========================================================================================
----------------- testing Sat Sep 26 16:15:00 UTC 2020 /home/travis/build/icyphy/ptII/ptolemy/actor/lib/test/auto/DownSample.xml
----------------- Instantiating /home/travis/build/icyphy/ptII/ptolemy/actor/lib/test/auto/DownSample.xml
1 ms. Memory: 440320K Free: 268288K (61%)
----------------- Invoking toplevel() on ptolemy.moml.MoMLSimpleApplication@2bdbc2fc
----------------- Done invoking toplevel() on ptolemy.moml.MoMLSimpleApplication@2bdbc2fc
reloadAllAccessors: .DownSample

===========================================================================================
----------------- testing Sat Sep 26 16:15:00 UTC 2020 /home/travis/build/icyphy/ptII/ptolemy/actor/lib/test/auto/ElectronicUnitBase1.xml
----------------- Instantiating /home/travis/build/icyphy/ptII/ptolemy/actor/lib/test/auto/ElectronicUnitBase1.xml
15 ms. Memory: 440320K Free: 251904K (57%)
----------------- Invoking toplevel() on ptolemy.moml.MoMLSimpleApplication@1f27f619
----------------- Done invoking toplevel() on ptolemy.moml.MoMLSimpleApplication@1f27f619
reloadAllAccessors: .ElectronicUnitBase1

===========================================================================================
----------------- testing Sat Sep 26 16:15:00 UTC 2020 /home/travis/build/icyphy/ptII/ptolemy/actor/lib/test/auto/ElementsToArray.xml
----------------- Instantiating /home/travis/build/icyphy/ptII/ptolemy/actor/lib/test/auto/ElementsToArray.xml
3 ms. Memory: 440320K Free: 246784K (56%)
----------------- Invoking toplevel() on ptolemy.moml.MoMLSimpleApplication@451e58fd
----------------- Done invoking toplevel() on ptolemy.moml.MoMLSimpleApplication@451e58fd
reloadAllAccessors: .ElementsToArray

===========================================================================================
----------------- testing Sat Sep 26 16:15:00 UTC 2020 /home/travis/build/icyphy/ptII/ptolemy/actor/lib/test/auto/Equals.xml
----------------- Instantiating /home/travis/build/icyphy/ptII/ptolemy/actor/lib/test/auto/Equals.xml
3 ms. Memory: 440320K Free: 242174K (55%)
----------------- Invoking toplevel() on ptolemy.moml.MoMLSimpleApplication@d4f8e01
----------------- Done invoking toplevel() on ptolemy.moml.MoMLSimpleApplication@d4f8e01
reloadAllAccessors: .Equals

===========================================================================================
----------------- testing Sat Sep 26 16:15:00 UTC 2020 /home/travis/build/icyphy/ptII/ptolemy/actor/lib/test/auto/Exec.xml
----------------- Instantiating /home/travis/build/icyphy/ptII/ptolemy/actor/lib/test/auto/Exec.xml
19 ms. Memory: 440320K Free: 235520K (53%)
----------------- Invoking toplevel() on ptolemy.moml.MoMLSimpleApplication@698d0d29
----------------- Done invoking toplevel() on ptolemy.moml.MoMLSimpleApplication@698d0d29
reloadAllAccessors: .Exec

===========================================================================================
----------------- testing Sat Sep 26 16:15:00 UTC 2020 /home/travis/build/icyphy/ptII/ptolemy/actor/lib/test/auto/ExecEnvironment.xml
----------------- Instantiating /home/travis/build/icyphy/ptII/ptolemy/actor/lib/test/auto/ExecEnvironment.xml
20 ms. Memory: 440320K Free: 230895K (52%)
----------------- Invoking toplevel() on ptolemy.moml.MoMLSimpleApplication@ee65f6b
----------------- Done invoking toplevel() on ptolemy.moml.MoMLSimpleApplication@ee65f6b
reloadAllAccessors: .ExecEnvironment

===========================================================================================
----------------- testing Sat Sep 26 16:15:00 UTC 2020 /home/travis/build/icyphy/ptII/ptolemy/actor/lib/test/auto/ExecNonZeroReturnOutput.xml
----------------- Instantiating /home/travis/build/icyphy/ptII/ptolemy/actor/lib/test/auto/ExecNonZeroReturnOutput.xml
169 ms. Memory: 440320K Free: 219646K (50%)
----------------- Invoking toplevel() on ptolemy.moml.MoMLSimpleApplication@5a491038
----------------- Done invoking toplevel() on ptolemy.moml.MoMLSimpleApplication@5a491038
reloadAllAccessors: .ExecNonZeroReturnOutput

===========================================================================================
----------------- testing Sat Sep 26 16:15:00 UTC 2020 /home/travis/build/icyphy/ptII/ptolemy/actor/lib/test/auto/ExecRunDemos.xml
----------------- Instantiating /home/travis/build/icyphy/ptII/ptolemy/actor/lib/test/auto/ExecRunDemos.xml
Finished: 104 ms. Memory: 129024K Free: 112383K (87%)

Finished: 81 ms. Memory: 129024K Free: 109709K (85%)

Finished: 122 ms. Memory: 129024K Free: 109495K (85%)

Finished: 77 ms. Memory: 129024K Free: 111005K (86%)

Finished: 53 ms. Memory: 129024K Free: 111906K (87%)

10804 ms. Memory: 440320K Free: 198654K (45%)
----------------- Invoking toplevel() on ptolemy.moml.MoMLSimpleApplication@49f928fb
----------------- Done invoking toplevel() on ptolemy.moml.MoMLSimpleApplication@49f928fb
reloadAllAccessors: .ExecRunDemos

===========================================================================================
----------------- testing Sat Sep 26 16:15:11 UTC 2020 /home/travis/build/icyphy/ptII/ptolemy/actor/lib/test/auto/ExecStop.xml
----------------- Instantiating /home/travis/build/icyphy/ptII/ptolemy/actor/lib/test/auto/ExecStop.xml
5016 ms. Memory: 440320K Free: 339098K (77%)
----------------- Invoking toplevel() on ptolemy.moml.MoMLSimpleApplication@2342ba6c
----------------- Done invoking toplevel() on ptolemy.moml.MoMLSimpleApplication@2342ba6c
reloadAllAccessors: .ExecStop

===========================================================================================
----------------- testing Sat Sep 26 16:15:16 UTC 2020 /home/travis/build/icyphy/ptII/ptolemy/actor/lib/test/auto/ExecutionTimeSDF.xml
----------------- Instantiating /home/travis/build/icyphy/ptII/ptolemy/actor/lib/test/auto/ExecutionTimeSDF.xml
Fired ExecutionTime: -852167296
Fired ExecutionTime: 1503600000
Fired ExecutionTime: 1542800000
6004 ms. Memory: 440320K Free: 326299K (74%)
----------------- Invoking toplevel() on ptolemy.moml.MoMLSimpleApplication@4c8659da
----------------- Done invoking toplevel() on ptolemy.moml.MoMLSimpleApplication@4c8659da
reloadAllAccessors: .ExecutionTimeSDF

===========================================================================================
----------------- testing Sat Sep 26 16:15:22 UTC 2020 /home/travis/build/icyphy/ptII/ptolemy/actor/lib/test/auto/Expression1.xml
----------------- Instantiating /home/travis/build/icyphy/ptII/ptolemy/actor/lib/test/auto/Expression1.xml
2 ms. Memory: 440320K Free: 322713K (73%)
----------------- Invoking toplevel() on ptolemy.moml.MoMLSimpleApplication@70347da1
----------------- Done invoking toplevel() on ptolemy.moml.MoMLSimpleApplication@70347da1
reloadAllAccessors: .Expression1

===========================================================================================
----------------- testing Sat Sep 26 16:15:22 UTC 2020 /home/travis/build/icyphy/ptII/ptolemy/actor/lib/test/auto/Expression10.xml
----------------- Instantiating /home/travis/build/icyphy/ptII/ptolemy/actor/lib/test/auto/Expression10.xml
7 ms. Memory: 440320K Free: 317083K (72%)
----------------- Invoking toplevel() on ptolemy.moml.MoMLSimpleApplication@47050d8b
----------------- Done invoking toplevel() on ptolemy.moml.MoMLSimpleApplication@47050d8b
reloadAllAccessors: .Expression10

===========================================================================================
----------------- testing Sat Sep 26 16:15:22 UTC 2020 /home/travis/build/icyphy/ptII/ptolemy/actor/lib/test/auto/Expression11.xml
----------------- Instantiating /home/travis/build/icyphy/ptII/ptolemy/actor/lib/test/auto/Expression11.xml
2 ms. Memory: 440320K Free: 312987K (71%)
----------------- Invoking toplevel() on ptolemy.moml.MoMLSimpleApplication@5582bae3
----------------- Done invoking toplevel() on ptolemy.moml.MoMLSimpleApplication@5582bae3
reloadAllAccessors: .Expression11

===========================================================================================
----------------- testing Sat Sep 26 16:15:22 UTC 2020 /home/travis/build/icyphy/ptII/ptolemy/actor/lib/test/auto/Expression12.xml
----------------- Instantiating /home/travis/build/icyphy/ptII/ptolemy/actor/lib/test/auto/Expression12.xml
2 ms. Memory: 440320K Free: 307353K (70%)
----------------- Invoking toplevel() on ptolemy.moml.MoMLSimpleApplication@35cf242a
----------------- Done invoking toplevel() on ptolemy.moml.MoMLSimpleApplication@35cf242a
reloadAllAccessors: .Expression12

===========================================================================================
----------------- testing Sat Sep 26 16:15:22 UTC 2020 /home/travis/build/icyphy/ptII/ptolemy/actor/lib/test/auto/Expression13.xml
----------------- Instantiating /home/travis/build/icyphy/ptII/ptolemy/actor/lib/test/auto/Expression13.xml
4 ms. Memory: 440320K Free: 302233K (69%)
----------------- Invoking toplevel() on ptolemy.moml.MoMLSimpleApplication@2b1b7be4
----------------- Done invoking toplevel() on ptolemy.moml.MoMLSimpleApplication@2b1b7be4
reloadAllAccessors: .Expression13

===========================================================================================
----------------- testing Sat Sep 26 16:15:22 UTC 2020 /home/travis/build/icyphy/ptII/ptolemy/actor/lib/test/auto/Expression14.xml
----------------- Instantiating /home/travis/build/icyphy/ptII/ptolemy/actor/lib/test/auto/Expression14.xml
9 ms. Memory: 440320K Free: 296089K (67%)
----------------- Invoking toplevel() on ptolemy.moml.MoMLSimpleApplication@4be5905e
----------------- Done invoking toplevel() on ptolemy.moml.MoMLSimpleApplication@4be5905e
reloadAllAccessors: .Expression14

===========================================================================================
----------------- testing Sat Sep 26 16:15:22 UTC 2020 /home/travis/build/icyphy/ptII/ptolemy/actor/lib/test/auto/Expression15.xml
----------------- Instantiating /home/travis/build/icyphy/ptII/ptolemy/actor/lib/test/auto/Expression15.xml
2 ms. Memory: 440320K Free: 291993K (66%)
----------------- Invoking toplevel() on ptolemy.moml.MoMLSimpleApplication@7a424c6c
----------------- Done invoking toplevel() on ptolemy.moml.MoMLSimpleApplication@7a424c6c
reloadAllAccessors: .Expression15

===========================================================================================
----------------- testing Sat Sep 26 16:15:22 UTC 2020 /home/travis/build/icyphy/ptII/ptolemy/actor/lib/test/auto/Expression16.xml
----------------- Instantiating /home/travis/build/icyphy/ptII/ptolemy/actor/lib/test/auto/Expression16.xml
11 ms. Memory: 440320K Free: 286873K (65%)
----------------- Invoking toplevel() on ptolemy.moml.MoMLSimpleApplication@1683ff6b
----------------- Done invoking toplevel() on ptolemy.moml.MoMLSimpleApplication@1683ff6b
reloadAllAccessors: .Expression16

===========================================================================================
----------------- testing Sat Sep 26 16:15:22 UTC 2020 /home/travis/build/icyphy/ptII/ptolemy/actor/lib/test/auto/Expression17.xml
----------------- Instantiating /home/travis/build/icyphy/ptII/ptolemy/actor/lib/test/auto/Expression17.xml
3 ms. Memory: 440320K Free: 282267K (64%)
----------------- Invoking toplevel() on ptolemy.moml.MoMLSimpleApplication@5d591eb8
----------------- Done invoking toplevel() on ptolemy.moml.MoMLSimpleApplication@5d591eb8
reloadAllAccessors: .Expression17

===========================================================================================
----------------- testing Sat Sep 26 16:15:22 UTC 2020 /home/travis/build/icyphy/ptII/ptolemy/actor/lib/test/auto/Expression18.xml
----------------- Instantiating /home/travis/build/icyphy/ptII/ptolemy/actor/lib/test/auto/Expression18.xml
3 ms. Memory: 440320K Free: 276633K (63%)
----------------- Invoking toplevel() on ptolemy.moml.MoMLSimpleApplication@310d0c7d
----------------- Done invoking toplevel() on ptolemy.moml.MoMLSimpleApplication@310d0c7d
reloadAllAccessors: .Expression18

===========================================================================================
----------------- testing Sat Sep 26 16:15:22 UTC 2020 /home/travis/build/icyphy/ptII/ptolemy/actor/lib/test/auto/Expression2.xml
----------------- Instantiating /home/travis/build/icyphy/ptII/ptolemy/actor/lib/test/auto/Expression2.xml
2 ms. Memory: 440320K Free: 271513K (62%)
----------------- Invoking toplevel() on ptolemy.moml.MoMLSimpleApplication@72d163be
----------------- Done invoking toplevel() on ptolemy.moml.MoMLSimpleApplication@72d163be
reloadAllAccessors: .Expression2

===========================================================================================
----------------- testing Sat Sep 26 16:15:22 UTC 2020 /home/travis/build/icyphy/ptII/ptolemy/actor/lib/test/auto/Expression3.xml
----------------- Instantiating /home/travis/build/icyphy/ptII/ptolemy/actor/lib/test/auto/Expression3.xml
7 ms. Memory: 440320K Free: 266393K (60%)
----------------- Invoking toplevel() on ptolemy.moml.MoMLSimpleApplication@58c2e627
----------------- Done invoking toplevel() on ptolemy.moml.MoMLSimpleApplication@58c2e627
reloadAllAccessors: .Expression3

===========================================================================================
----------------- testing Sat Sep 26 16:15:22 UTC 2020 /home/travis/build/icyphy/ptII/ptolemy/actor/lib/test/auto/Expression4.xml
----------------- Instantiating /home/travis/build/icyphy/ptII/ptolemy/actor/lib/test/auto/Expression4.xml
3 ms. Memory: 440320K Free: 258715K (59%)
----------------- Invoking toplevel() on ptolemy.moml.MoMLSimpleApplication@55327512
----------------- Done invoking toplevel() on ptolemy.moml.MoMLSimpleApplication@55327512
reloadAllAccessors: .Expression4

===========================================================================================
----------------- testing Sat Sep 26 16:15:22 UTC 2020 /home/travis/build/icyphy/ptII/ptolemy/actor/lib/test/auto/Expression5.xml
----------------- Instantiating /home/travis/build/icyphy/ptII/ptolemy/actor/lib/test/auto/Expression5.xml
4 ms. Memory: 440320K Free: 253595K (58%)
----------------- Invoking toplevel() on ptolemy.moml.MoMLSimpleApplication@e4f6ff9
----------------- Done invoking toplevel() on ptolemy.moml.MoMLSimpleApplication@e4f6ff9
reloadAllAccessors: .Expression5

===========================================================================================
----------------- testing Sat Sep 26 16:15:22 UTC 2020 /home/travis/build/icyphy/ptII/ptolemy/actor/lib/test/auto/Expression6.xml
----------------- Instantiating /home/travis/build/icyphy/ptII/ptolemy/actor/lib/test/auto/Expression6.xml
2 ms. Memory: 440320K Free: 249499K (57%)
----------------- Invoking toplevel() on ptolemy.moml.MoMLSimpleApplication@23e15563
----------------- Done invoking toplevel() on ptolemy.moml.MoMLSimpleApplication@23e15563
reloadAllAccessors: .Expression6

===========================================================================================
----------------- testing Sat Sep 26 16:15:22 UTC 2020 /home/travis/build/icyphy/ptII/ptolemy/actor/lib/test/auto/Expression7.xml
----------------- Instantiating /home/travis/build/icyphy/ptII/ptolemy/actor/lib/test/auto/Expression7.xml
8 ms. Memory: 440320K Free: 244379K (56%)
----------------- Invoking toplevel() on ptolemy.moml.MoMLSimpleApplication@14c64735
----------------- Done invoking toplevel() on ptolemy.moml.MoMLSimpleApplication@14c64735
reloadAllAccessors: .Expression7

===========================================================================================
----------------- testing Sat Sep 26 16:15:22 UTC 2020 /home/travis/build/icyphy/ptII/ptolemy/actor/lib/test/auto/Expression8.xml
----------------- Instantiating /home/travis/build/icyphy/ptII/ptolemy/actor/lib/test/auto/Expression8.xml
6 ms. Memory: 440320K Free: 239259K (54%)
----------------- Invoking toplevel() on ptolemy.moml.MoMLSimpleApplication@228ca341
----------------- Done invoking toplevel() on ptolemy.moml.MoMLSimpleApplication@228ca341
reloadAllAccessors: .Expression8

===========================================================================================
----------------- testing Sat Sep 26 16:15:22 UTC 2020 /home/travis/build/icyphy/ptII/ptolemy/actor/lib/test/auto/Expression9.xml
----------------- Instantiating /home/travis/build/icyphy/ptII/ptolemy/actor/lib/test/auto/Expression9.xml
1 ms. Memory: 440320K Free: 235163K (53%)
----------------- Invoking toplevel() on ptolemy.moml.MoMLSimpleApplication@293014e
----------------- Done invoking toplevel() on ptolemy.moml.MoMLSimpleApplication@293014e
reloadAllAccessors: .Expression9

===========================================================================================
----------------- testing Sat Sep 26 16:15:22 UTC 2020 /home/travis/build/icyphy/ptII/ptolemy/actor/lib/test/auto/ExpressionConcatenateArrayType.xml
----------------- Instantiating /home/travis/build/icyphy/ptII/ptolemy/actor/lib/test/auto/ExpressionConcatenateArrayType.xml
3 ms. Memory: 440320K Free: 228505K (52%)
----------------- Invoking toplevel() on ptolemy.moml.MoMLSimpleApplication@330e9ec6
----------------- Done invoking toplevel() on ptolemy.moml.MoMLSimpleApplication@330e9ec6
reloadAllAccessors: .ExpressionConcatenateArrayType

===========================================================================================
----------------- testing Sat Sep 26 16:15:22 UTC 2020 /home/travis/build/icyphy/ptII/ptolemy/actor/lib/test/auto/ExpressionConcatenateArrayType2.xml
----------------- Instantiating /home/travis/build/icyphy/ptII/ptolemy/actor/lib/test/auto/ExpressionConcatenateArrayType2.xml
2 ms. Memory: 440320K Free: 222875K (51%)
----------------- Invoking toplevel() on ptolemy.moml.MoMLSimpleApplication@1e9664e1
----------------- Done invoking toplevel() on ptolemy.moml.MoMLSimpleApplication@1e9664e1
reloadAllAccessors: .ExpressionConcatenateArrayType2

===========================================================================================
----------------- testing Sat Sep 26 16:15:22 UTC 2020 /home/travis/build/icyphy/ptII/ptolemy/actor/lib/test/auto/ExpressionFix.xml
----------------- Instantiating /home/travis/build/icyphy/ptII/ptolemy/actor/lib/test/auto/ExpressionFix.xml
21 ms. Memory: 440320K Free: 216217K (49%)
----------------- Invoking toplevel() on ptolemy.moml.MoMLSimpleApplication@1cec0ca8
----------------- Done invoking toplevel() on ptolemy.moml.MoMLSimpleApplication@1cec0ca8
reloadAllAccessors: .ExpressionFix

===========================================================================================
----------------- testing Sat Sep 26 16:15:22 UTC 2020 /home/travis/build/icyphy/ptII/ptolemy/actor/lib/test/auto/ExpressionFix2.xml
----------------- Instantiating /home/travis/build/icyphy/ptII/ptolemy/actor/lib/test/auto/ExpressionFix2.xml
3 ms. Memory: 440320K Free: 212121K (48%)
----------------- Invoking toplevel() on ptolemy.moml.MoMLSimpleApplication@bb0168e
----------------- Done invoking toplevel() on ptolemy.moml.MoMLSimpleApplication@bb0168e
reloadAllAccessors: .ExpressionFix2

===========================================================================================
----------------- testing Sat Sep 26 16:15:22 UTC 2020 /home/travis/build/icyphy/ptII/ptolemy/actor/lib/test/auto/ExpressionFix3.xml
----------------- Instantiating /home/travis/build/icyphy/ptII/ptolemy/actor/lib/test/auto/ExpressionFix3.xml
3 ms. Memory: 440320K Free: 208025K (47%)
----------------- Invoking toplevel() on ptolemy.moml.MoMLSimpleApplication@37c4bf2f
----------------- Done invoking toplevel() on ptolemy.moml.MoMLSimpleApplication@37c4bf2f
reloadAllAccessors: .ExpressionFix3

===========================================================================================
----------------- testing Sat Sep 26 16:15:22 UTC 2020 /home/travis/build/icyphy/ptII/ptolemy/actor/lib/test/auto/FileWriter1.xml
----------------- Instantiating /home/travis/build/icyphy/ptII/ptolemy/actor/lib/test/auto/FileWriter1.xml
2 ms. Memory: 440320K Free: 203929K (46%)
----------------- Invoking toplevel() on ptolemy.moml.MoMLSimpleApplication@4601bc2c
----------------- Done invoking toplevel() on ptolemy.moml.MoMLSimpleApplication@4601bc2c
reloadAllAccessors: .FileWriter1

===========================================================================================
----------------- testing Sat Sep 26 16:15:22 UTC 2020 /home/travis/build/icyphy/ptII/ptolemy/actor/lib/test/auto/FileWriter2.xml
----------------- Instantiating /home/travis/build/icyphy/ptII/ptolemy/actor/lib/test/auto/FileWriter2.xml
2 ms. Memory: 440320K Free: 199323K (45%)
----------------- Invoking toplevel() on ptolemy.moml.MoMLSimpleApplication@324a11d5
----------------- Done invoking toplevel() on ptolemy.moml.MoMLSimpleApplication@324a11d5
reloadAllAccessors: .FileWriter2

===========================================================================================
----------------- testing Sat Sep 26 16:15:22 UTC 2020 /home/travis/build/icyphy/ptII/ptolemy/actor/lib/test/auto/FileWriter3.xml
----------------- Instantiating /home/travis/build/icyphy/ptII/ptolemy/actor/lib/test/auto/FileWriter3.xml
4 ms. Memory: 440320K Free: 195227K (44%)
----------------- Invoking toplevel() on ptolemy.moml.MoMLSimpleApplication@3ac1b947
----------------- Done invoking toplevel() on ptolemy.moml.MoMLSimpleApplication@3ac1b947
reloadAllAccessors: .FileWriter3

===========================================================================================
----------------- testing Sat Sep 26 16:15:23 UTC 2020 /home/travis/build/icyphy/ptII/ptolemy/actor/lib/test/auto/Gaussian.xml
----------------- Instantiating /home/travis/build/icyphy/ptII/ptolemy/actor/lib/test/auto/Gaussian.xml
1 ms. Memory: 440320K Free: 190603K (43%)
----------------- Invoking toplevel() on ptolemy.moml.MoMLSimpleApplication@6bf0f48c
----------------- Done invoking toplevel() on ptolemy.moml.MoMLSimpleApplication@6bf0f48c
reloadAllAccessors: .Gaussian

===========================================================================================
----------------- testing Sat Sep 26 16:15:23 UTC 2020 /home/travis/build/icyphy/ptII/ptolemy/actor/lib/test/auto/Gaussian1.xml
----------------- Instantiating /home/travis/build/icyphy/ptII/ptolemy/actor/lib/test/auto/Gaussian1.xml
3 ms. Memory: 440320K Free: 184987K (42%)
----------------- Invoking toplevel() on ptolemy.moml.MoMLSimpleApplication@10dd7ec2
----------------- Done invoking toplevel() on ptolemy.moml.MoMLSimpleApplication@10dd7ec2
reloadAllAccessors: .Gaussian1

===========================================================================================
----------------- testing Sat Sep 26 16:15:23 UTC 2020 /home/travis/build/icyphy/ptII/ptolemy/actor/lib/test/auto/Gaussian2.xml
----------------- Instantiating /home/travis/build/icyphy/ptII/ptolemy/actor/lib/test/auto/Gaussian2.xml
9 ms. Memory: 440320K Free: 179339K (41%)
----------------- Invoking toplevel() on ptolemy.moml.MoMLSimpleApplication@45672348
----------------- Done invoking toplevel() on ptolemy.moml.MoMLSimpleApplication@45672348
reloadAllAccessors: .Gaussian2

===========================================================================================
----------------- testing Sat Sep 26 16:15:23 UTC 2020 /home/travis/build/icyphy/ptII/ptolemy/actor/lib/test/auto/GradientAdaptiveLattice.xml
----------------- Instantiating /home/travis/build/icyphy/ptII/ptolemy/actor/lib/test/auto/GradientAdaptiveLattice.xml
3 ms. Memory: 440320K Free: 174233K (40%)
----------------- Invoking toplevel() on ptolemy.moml.MoMLSimpleApplication@704214f5
----------------- Done invoking toplevel() on ptolemy.moml.MoMLSimpleApplication@704214f5
reloadAllAccessors: .GradientAdaptiveLattice

===========================================================================================
----------------- testing Sat Sep 26 16:15:23 UTC 2020 /home/travis/build/icyphy/ptII/ptolemy/actor/lib/test/auto/IIR.xml
----------------- Instantiating /home/travis/build/icyphy/ptII/ptolemy/actor/lib/test/auto/IIR.xml
2 ms. Memory: 440320K Free: 169627K (39%)
----------------- Invoking toplevel() on ptolemy.moml.MoMLSimpleApplication@6aaaa25c
----------------- Done invoking toplevel() on ptolemy.moml.MoMLSimpleApplication@6aaaa25c
reloadAllAccessors: .IIR

===========================================================================================
----------------- testing Sat Sep 26 16:15:23 UTC 2020 /home/travis/build/icyphy/ptII/ptolemy/actor/lib/test/auto/InputOutputTransparentPorts.xml
----------------- Instantiating /home/travis/build/icyphy/ptII/ptolemy/actor/lib/test/auto/InputOutputTransparentPorts.xml
2 ms. Memory: 440320K Free: 161945K (37%)
----------------- Invoking toplevel() on ptolemy.moml.MoMLSimpleApplication@a219f0d
----------------- Done invoking toplevel() on ptolemy.moml.MoMLSimpleApplication@a219f0d
reloadAllAccessors: .InputOutputTransparentPorts

===========================================================================================
----------------- testing Sat Sep 26 16:15:23 UTC 2020 /home/travis/build/icyphy/ptII/ptolemy/actor/lib/test/auto/Interpolator.xml
----------------- Instantiating /home/travis/build/icyphy/ptII/ptolemy/actor/lib/test/auto/Interpolator.xml
7 ms. Memory: 440320K Free: 158361K (36%)
----------------- Invoking toplevel() on ptolemy.moml.MoMLSimpleApplication@5571765f
----------------- Done invoking toplevel() on ptolemy.moml.MoMLSimpleApplication@5571765f
reloadAllAccessors: .Interpolator

===========================================================================================
----------------- testing Sat Sep 26 16:15:23 UTC 2020 /home/travis/build/icyphy/ptII/ptolemy/actor/lib/test/auto/InterpolatorFiringLimitDE.xml
----------------- Instantiating /home/travis/build/icyphy/ptII/ptolemy/actor/lib/test/auto/InterpolatorFiringLimitDE.xml
2 ms. Memory: 440320K Free: 151705K (34%)
----------------- Invoking toplevel() on ptolemy.moml.MoMLSimpleApplication@3183b9ef
----------------- Done invoking toplevel() on ptolemy.moml.MoMLSimpleApplication@3183b9ef
reloadAllAccessors: .InterpolatorFiringLimitDE

===========================================================================================
----------------- testing Sat Sep 26 16:15:23 UTC 2020 /home/travis/build/icyphy/ptII/ptolemy/actor/lib/test/auto/Lattice.xml
----------------- Instantiating /home/travis/build/icyphy/ptII/ptolemy/actor/lib/test/auto/Lattice.xml
1 ms. Memory: 440320K Free: 147609K (34%)
----------------- Invoking toplevel() on ptolemy.moml.MoMLSimpleApplication@5e25b056
----------------- Done invoking toplevel() on ptolemy.moml.MoMLSimpleApplication@5e25b056
reloadAllAccessors: .Lattice

===========================================================================================
----------------- testing Sat Sep 26 16:15:23 UTC 2020 /home/travis/build/icyphy/ptII/ptolemy/actor/lib/test/auto/LazyAOCTestLazy.xml
----------------- Instantiating /home/travis/build/icyphy/ptII/ptolemy/actor/lib/test/auto/LazyAOCTestLazy.xml
7 ms. Memory: 440320K Free: 141465K (32%)
----------------- Invoking toplevel() on ptolemy.moml.MoMLSimpleApplication@64f98a3b
----------------- Done invoking toplevel() on ptolemy.moml.MoMLSimpleApplication@64f98a3b
reloadAllAccessors: .LazyAOCTestLazy

===========================================================================================
----------------- testing Sat Sep 26 16:15:23 UTC 2020 /home/travis/build/icyphy/ptII/ptolemy/actor/lib/test/auto/LazyAOCTestNonLazy.xml
----------------- Instantiating /home/travis/build/icyphy/ptII/ptolemy/actor/lib/test/auto/LazyAOCTestNonLazy.xml
2 ms. Memory: 440320K Free: 134811K (31%)
----------------- Invoking toplevel() on ptolemy.moml.MoMLSimpleApplication@4f32572d
----------------- Done invoking toplevel() on ptolemy.moml.MoMLSimpleApplication@4f32572d
reloadAllAccessors: .LazyAOCTestNonLazy

===========================================================================================
----------------- testing Sat Sep 26 16:15:23 UTC 2020 /home/travis/build/icyphy/ptII/ptolemy/actor/lib/test/auto/LazyInnerClass.xml
----------------- Instantiating /home/travis/build/icyphy/ptII/ptolemy/actor/lib/test/auto/LazyInnerClass.xml
25 ms. Memory: 440320K Free: 386872K (88%)
----------------- Invoking toplevel() on ptolemy.moml.MoMLSimpleApplication@6c00d2db
----------------- Done invoking toplevel() on ptolemy.moml.MoMLSimpleApplication@6c00d2db
reloadAllAccessors: .LazyInnerClass

===========================================================================================
----------------- testing Sat Sep 26 16:15:23 UTC 2020 /home/travis/build/icyphy/ptII/ptolemy/actor/lib/test/auto/LazyPubSub.xml
----------------- Instantiating /home/travis/build/icyphy/ptII/ptolemy/actor/lib/test/auto/LazyPubSub.xml
17 ms. Memory: 440320K Free: 376662K (86%)
----------------- Invoking toplevel() on ptolemy.moml.MoMLSimpleApplication@778b61e3
----------------- Done invoking toplevel() on ptolemy.moml.MoMLSimpleApplication@778b61e3
reloadAllAccessors: .LazyPubSub

===========================================================================================
----------------- testing Sat Sep 26 16:15:23 UTC 2020 /home/travis/build/icyphy/ptII/ptolemy/actor/lib/test/auto/LazyPubSub2.xml
----------------- Instantiating /home/travis/build/icyphy/ptII/ptolemy/actor/lib/test/auto/LazyPubSub2.xml
17 ms. Memory: 440320K Free: 366419K (83%)
----------------- Invoking toplevel() on ptolemy.moml.MoMLSimpleApplication@429569e4
----------------- Done invoking toplevel() on ptolemy.moml.MoMLSimpleApplication@429569e4
reloadAllAccessors: .LazyPubSub2

===========================================================================================
----------------- testing Sat Sep 26 16:15:23 UTC 2020 /home/travis/build/icyphy/ptII/ptolemy/actor/lib/test/auto/LazyPubSub3.xml
----------------- Instantiating /home/travis/build/icyphy/ptII/ptolemy/actor/lib/test/auto/LazyPubSub3.xml
13 ms. Memory: 440320K Free: 356182K (81%)
----------------- Invoking toplevel() on ptolemy.moml.MoMLSimpleApplication@3e8d7775
----------------- Done invoking toplevel() on ptolemy.moml.MoMLSimpleApplication@3e8d7775
reloadAllAccessors: .LazyPubSub3

===========================================================================================
----------------- testing Sat Sep 26 16:15:23 UTC 2020 /home/travis/build/icyphy/ptII/ptolemy/actor/lib/test/auto/LazySubClassModel.xml
----------------- Instantiating /home/travis/build/icyphy/ptII/ptolemy/actor/lib/test/auto/LazySubClassModel.xml
2 ms. Memory: 440320K Free: 346966K (79%)
----------------- Invoking toplevel() on ptolemy.moml.MoMLSimpleApplication@7ea9f389
----------------- Done invoking toplevel() on ptolemy.moml.MoMLSimpleApplication@7ea9f389
reloadAllAccessors: .LazySubClassModel

===========================================================================================
----------------- testing Sat Sep 26 16:15:23 UTC 2020 /home/travis/build/icyphy/ptII/ptolemy/actor/lib/test/auto/LevelCrossTest1.xml
----------------- Instantiating /home/travis/build/icyphy/ptII/ptolemy/actor/lib/test/auto/LevelCrossTest1.xml
6 ms. Memory: 440320K Free: 341846K (78%)
----------------- Invoking toplevel() on ptolemy.moml.MoMLSimpleApplication@2a639ba8
----------------- Done invoking toplevel() on ptolemy.moml.MoMLSimpleApplication@2a639ba8
reloadAllAccessors: .broken

===========================================================================================
----------------- testing Sat Sep 26 16:15:23 UTC 2020 /home/travis/build/icyphy/ptII/ptolemy/actor/lib/test/auto/LevelCrossTest10.xml
----------------- Instantiating /home/travis/build/icyphy/ptII/ptolemy/actor/lib/test/auto/LevelCrossTest10.xml
1 ms. Memory: 440320K Free: 335192K (76%)
----------------- Invoking toplevel() on ptolemy.moml.MoMLSimpleApplication@687da101
----------------- Done invoking toplevel() on ptolemy.moml.MoMLSimpleApplication@687da101
reloadAllAccessors: .LevelCrossTest10

===========================================================================================
----------------- testing Sat Sep 26 16:15:23 UTC 2020 /home/travis/build/icyphy/ptII/ptolemy/actor/lib/test/auto/LevelCrossTest11.xml
----------------- Instantiating /home/travis/build/icyphy/ptII/ptolemy/actor/lib/test/auto/LevelCrossTest11.xml
1 ms. Memory: 440320K Free: 328024K (74%)
----------------- Invoking toplevel() on ptolemy.moml.MoMLSimpleApplication@33907435
----------------- Done invoking toplevel() on ptolemy.moml.MoMLSimpleApplication@33907435
reloadAllAccessors: .LevelCrossTest11

===========================================================================================
----------------- testing Sat Sep 26 16:15:23 UTC 2020 /home/travis/build/icyphy/ptII/ptolemy/actor/lib/test/auto/LevelCrossTest12.xml
----------------- Instantiating /home/travis/build/icyphy/ptII/ptolemy/actor/lib/test/auto/LevelCrossTest12.xml
2 ms. Memory: 440320K Free: 320342K (73%)
----------------- Invoking toplevel() on ptolemy.moml.MoMLSimpleApplication@544d7464
----------------- Done invoking toplevel() on ptolemy.moml.MoMLSimpleApplication@544d7464
reloadAllAccessors: .LevelCrossTest12

===========================================================================================
----------------- testing Sat Sep 26 16:15:23 UTC 2020 /home/travis/build/icyphy/ptII/ptolemy/actor/lib/test/auto/LevelCrossTest13.xml
----------------- Instantiating /home/travis/build/icyphy/ptII/ptolemy/actor/lib/test/auto/LevelCrossTest13.xml
2 ms. Memory: 440320K Free: 312150K (71%)
----------------- Invoking toplevel() on ptolemy.moml.MoMLSimpleApplication@5b77fa3b
----------------- Done invoking toplevel() on ptolemy.moml.MoMLSimpleApplication@5b77fa3b
reloadAllAccessors: .LevelCrossTest13

===========================================================================================
----------------- testing Sat Sep 26 16:15:23 UTC 2020 /home/travis/build/icyphy/ptII/ptolemy/actor/lib/test/auto/LevelCrossTest2.xml
----------------- Instantiating /home/travis/build/icyphy/ptII/ptolemy/actor/lib/test/auto/LevelCrossTest2.xml
1 ms. Memory: 440320K Free: 306520K (70%)
----------------- Invoking toplevel() on ptolemy.moml.MoMLSimpleApplication@4672811c
----------------- Done invoking toplevel() on ptolemy.moml.MoMLSimpleApplication@4672811c
reloadAllAccessors: .broken

===========================================================================================
----------------- testing Sat Sep 26 16:15:23 UTC 2020 /home/travis/build/icyphy/ptII/ptolemy/actor/lib/test/auto/LevelCrossTest3.xml
----------------- Instantiating /home/travis/build/icyphy/ptII/ptolemy/actor/lib/test/auto/LevelCrossTest3.xml
2 ms. Memory: 440320K Free: 300886K (68%)
----------------- Invoking toplevel() on ptolemy.moml.MoMLSimpleApplication@76a6a085
----------------- Done invoking toplevel() on ptolemy.moml.MoMLSimpleApplication@76a6a085
reloadAllAccessors: .LevelCrossTest3

===========================================================================================
----------------- testing Sat Sep 26 16:15:23 UTC 2020 /home/travis/build/icyphy/ptII/ptolemy/actor/lib/test/auto/LevelCrossTest4.xml
----------------- Instantiating /home/travis/build/icyphy/ptII/ptolemy/actor/lib/test/auto/LevelCrossTest4.xml
1 ms. Memory: 440320K Free: 295256K (67%)
----------------- Invoking toplevel() on ptolemy.moml.MoMLSimpleApplication@1f8615a4
----------------- Done invoking toplevel() on ptolemy.moml.MoMLSimpleApplication@1f8615a4
reloadAllAccessors: .broken

===========================================================================================
----------------- testing Sat Sep 26 16:15:23 UTC 2020 /home/travis/build/icyphy/ptII/ptolemy/actor/lib/test/auto/LevelCrossTest5.xml
----------------- Instantiating /home/travis/build/icyphy/ptII/ptolemy/actor/lib/test/auto/LevelCrossTest5.xml
4 ms. Memory: 440320K Free: 288598K (66%)
----------------- Invoking toplevel() on ptolemy.moml.MoMLSimpleApplication@505da1b6
----------------- Done invoking toplevel() on ptolemy.moml.MoMLSimpleApplication@505da1b6
reloadAllAccessors: .LevelCrossTest5

===========================================================================================
----------------- testing Sat Sep 26 16:15:23 UTC 2020 /home/travis/build/icyphy/ptII/ptolemy/actor/lib/test/auto/LevelCrossTest6.xml
----------------- Instantiating /home/travis/build/icyphy/ptII/ptolemy/actor/lib/test/auto/LevelCrossTest6.xml
1 ms. Memory: 440320K Free: 281430K (64%)
----------------- Invoking toplevel() on ptolemy.moml.MoMLSimpleApplication@416b9f4d
----------------- Done invoking toplevel() on ptolemy.moml.MoMLSimpleApplication@416b9f4d
reloadAllAccessors: .LevelCrossTest6

===========================================================================================
----------------- testing Sat Sep 26 16:15:23 UTC 2020 /home/travis/build/icyphy/ptII/ptolemy/actor/lib/test/auto/LevelCrossTest7.xml
----------------- Instantiating /home/travis/build/icyphy/ptII/ptolemy/actor/lib/test/auto/LevelCrossTest7.xml
2 ms. Memory: 440320K Free: 273238K (62%)
----------------- Invoking toplevel() on ptolemy.moml.MoMLSimpleApplication@2db696c1
----------------- Done invoking toplevel() on ptolemy.moml.MoMLSimpleApplication@2db696c1
reloadAllAccessors: .LevelCrossTest7

===========================================================================================
----------------- testing Sat Sep 26 16:15:23 UTC 2020 /home/travis/build/icyphy/ptII/ptolemy/actor/lib/test/auto/LevelCrossTest8.xml
----------------- Instantiating /home/travis/build/icyphy/ptII/ptolemy/actor/lib/test/auto/LevelCrossTest8.xml
1 ms. Memory: 440320K Free: 266584K (61%)
----------------- Invoking toplevel() on ptolemy.moml.MoMLSimpleApplication@23f77441
----------------- Done invoking toplevel() on ptolemy.moml.MoMLSimpleApplication@23f77441
reloadAllAccessors: .LevelCrossTest8

===========================================================================================
----------------- testing Sat Sep 26 16:15:23 UTC 2020 /home/travis/build/icyphy/ptII/ptolemy/actor/lib/test/auto/LevelCrossTest9.xml
----------------- Instantiating /home/travis/build/icyphy/ptII/ptolemy/actor/lib/test/auto/LevelCrossTest9.xml
2 ms. Memory: 440320K Free: 259416K (59%)
----------------- Invoking toplevel() on ptolemy.moml.MoMLSimpleApplication@1e1139d1
----------------- Done invoking toplevel() on ptolemy.moml.MoMLSimpleApplication@1e1139d1
reloadAllAccessors: .LevelCrossTest9

===========================================================================================
----------------- testing Sat Sep 26 16:15:23 UTC 2020 /home/travis/build/icyphy/ptII/ptolemy/actor/lib/test/auto/LevinsonDurbin.xml
----------------- Instantiating /home/travis/build/icyphy/ptII/ptolemy/actor/lib/test/auto/LevinsonDurbin.xml
2 ms. Memory: 440320K Free: 255320K (58%)
----------------- Invoking toplevel() on ptolemy.moml.MoMLSimpleApplication@784d3c88
----------------- Done invoking toplevel() on ptolemy.moml.MoMLSimpleApplication@784d3c88
reloadAllAccessors: .LevinsonDurbin

===========================================================================================
----------------- testing Sat Sep 26 16:15:23 UTC 2020 /home/travis/build/icyphy/ptII/ptolemy/actor/lib/test/auto/LevinsonDurbin2.xml
----------------- Instantiating /home/travis/build/icyphy/ptII/ptolemy/actor/lib/test/auto/LevinsonDurbin2.xml
2 ms. Memory: 440320K Free: 251224K (57%)
----------------- Invoking toplevel() on ptolemy.moml.MoMLSimpleApplication@2bbc091d
----------------- Done invoking toplevel() on ptolemy.moml.MoMLSimpleApplication@2bbc091d
reloadAllAccessors: .LevinsonDurbin2

===========================================================================================
----------------- testing Sat Sep 26 16:15:23 UTC 2020 /home/travis/build/icyphy/ptII/ptolemy/actor/lib/test/auto/LevinsonDurbin3.xml
----------------- Instantiating /home/travis/build/icyphy/ptII/ptolemy/actor/lib/test/auto/LevinsonDurbin3.xml
8 ms. Memory: 440320K Free: 247128K (56%)
----------------- Invoking toplevel() on ptolemy.moml.MoMLSimpleApplication@787e9224
----------------- Done invoking toplevel() on ptolemy.moml.MoMLSimpleApplication@787e9224
reloadAllAccessors: .LevinsonDurbin3

===========================================================================================
----------------- testing Sat Sep 26 16:15:23 UTC 2020 /home/travis/build/icyphy/ptII/ptolemy/actor/lib/test/auto/Limiter.xml
----------------- Instantiating /home/travis/build/icyphy/ptII/ptolemy/actor/lib/test/auto/Limiter.xml
5 ms. Memory: 440320K Free: 237912K (54%)
----------------- Invoking toplevel() on ptolemy.moml.MoMLSimpleApplication@2d3fd55
----------------- Done invoking toplevel() on ptolemy.moml.MoMLSimpleApplication@2d3fd55
reloadAllAccessors: .Limiter

===========================================================================================
----------------- testing Sat Sep 26 16:15:23 UTC 2020 /home/travis/build/icyphy/ptII/ptolemy/actor/lib/test/auto/LinearDifferenceEquationSystem.xml
----------------- Instantiating /home/travis/build/icyphy/ptII/ptolemy/actor/lib/test/auto/LinearDifferenceEquationSystem.xml
5 ms. Memory: 440320K Free: 230230K (52%)
----------------- Invoking toplevel() on ptolemy.moml.MoMLSimpleApplication@79bc66f8
----------------- Done invoking toplevel() on ptolemy.moml.MoMLSimpleApplication@79bc66f8
reloadAllAccessors: .LinearDifferenceEquationSystem

===========================================================================================
----------------- testing Sat Sep 26 16:15:23 UTC 2020 /home/travis/build/icyphy/ptII/ptolemy/actor/lib/test/auto/LookupTable.xml
----------------- Instantiating /home/travis/build/icyphy/ptII/ptolemy/actor/lib/test/auto/LookupTable.xml
1 ms. Memory: 440320K Free: 225624K (51%)
----------------- Invoking toplevel() on ptolemy.moml.MoMLSimpleApplication@14b8dc63
----------------- Done invoking toplevel() on ptolemy.moml.MoMLSimpleApplication@14b8dc63
reloadAllAccessors: .LookupTable

===========================================================================================
----------------- testing Sat Sep 26 16:15:23 UTC 2020 /home/travis/build/icyphy/ptII/ptolemy/actor/lib/test/auto/MathFunction.xml
----------------- Instantiating /home/travis/build/icyphy/ptII/ptolemy/actor/lib/test/auto/MathFunction.xml
2 ms. Memory: 440320K Free: 217432K (49%)
----------------- Invoking toplevel() on ptolemy.moml.MoMLSimpleApplication@643b50bc
----------------- Done invoking toplevel() on ptolemy.moml.MoMLSimpleApplication@643b50bc
reloadAllAccessors: .MathFunction

===========================================================================================
----------------- testing Sat Sep 26 16:15:23 UTC 2020 /home/travis/build/icyphy/ptII/ptolemy/actor/lib/test/auto/MathFunction2.xml
----------------- Instantiating /home/travis/build/icyphy/ptII/ptolemy/actor/lib/test/auto/MathFunction2.xml
2 ms. Memory: 440320K Free: 213336K (48%)
----------------- Invoking toplevel() on ptolemy.moml.MoMLSimpleApplication@172e9fbf
----------------- Done invoking toplevel() on ptolemy.moml.MoMLSimpleApplication@172e9fbf
reloadAllAccessors: .MathFunction2

===========================================================================================
----------------- testing Sat Sep 26 16:15:23 UTC 2020 /home/travis/build/icyphy/ptII/ptolemy/actor/lib/test/auto/MathFunction3.xml
----------------- Instantiating /home/travis/build/icyphy/ptII/ptolemy/actor/lib/test/auto/MathFunction3.xml
2 ms. Memory: 440320K Free: 206168K (47%)
----------------- Invoking toplevel() on ptolemy.moml.MoMLSimpleApplication@4b677367
----------------- Done invoking toplevel() on ptolemy.moml.MoMLSimpleApplication@4b677367
reloadAllAccessors: .MathFunction3

===========================================================================================
----------------- testing Sat Sep 26 16:15:23 UTC 2020 /home/travis/build/icyphy/ptII/ptolemy/actor/lib/test/auto/MatrixCropBoolean.xml
----------------- Instantiating /home/travis/build/icyphy/ptII/ptolemy/actor/lib/test/auto/MatrixCropBoolean.xml
2 ms. Memory: 440320K Free: 201552K (46%)
----------------- Invoking toplevel() on ptolemy.moml.MoMLSimpleApplication@7f0893d
----------------- Done invoking toplevel() on ptolemy.moml.MoMLSimpleApplication@7f0893d
reloadAllAccessors: .MatrixCropBoolean

===========================================================================================
----------------- testing Sat Sep 26 16:15:23 UTC 2020 /home/travis/build/icyphy/ptII/ptolemy/actor/lib/test/auto/MatrixCropComplex.xml
----------------- Instantiating /home/travis/build/icyphy/ptII/ptolemy/actor/lib/test/auto/MatrixCropComplex.xml
2 ms. Memory: 440320K Free: 196408K (45%)
----------------- Invoking toplevel() on ptolemy.moml.MoMLSimpleApplication@6de3bbc2
----------------- Done invoking toplevel() on ptolemy.moml.MoMLSimpleApplication@6de3bbc2
reloadAllAccessors: .MatrixCropComplex

===========================================================================================
----------------- testing Sat Sep 26 16:15:23 UTC 2020 /home/travis/build/icyphy/ptII/ptolemy/actor/lib/test/auto/MatrixCropDouble.xml
----------------- Instantiating /home/travis/build/icyphy/ptII/ptolemy/actor/lib/test/auto/MatrixCropDouble.xml
2 ms. Memory: 440320K Free: 191304K (43%)
----------------- Invoking toplevel() on ptolemy.moml.MoMLSimpleApplication@1150c90a
----------------- Done invoking toplevel() on ptolemy.moml.MoMLSimpleApplication@1150c90a
reloadAllAccessors: .MatrixCropDouble

===========================================================================================
----------------- testing Sat Sep 26 16:15:23 UTC 2020 /home/travis/build/icyphy/ptII/ptolemy/actor/lib/test/auto/MatrixCropFix.xml
----------------- Instantiating /home/travis/build/icyphy/ptII/ptolemy/actor/lib/test/auto/MatrixCropFix.xml
2 ms. Memory: 440320K Free: 186192K (42%)
----------------- Invoking toplevel() on ptolemy.moml.MoMLSimpleApplication@1048308c
----------------- Done invoking toplevel() on ptolemy.moml.MoMLSimpleApplication@1048308c
reloadAllAccessors: .MatrixCropFix

===========================================================================================
----------------- testing Sat Sep 26 16:15:23 UTC 2020 /home/travis/build/icyphy/ptII/ptolemy/actor/lib/test/auto/MatrixCropInt.xml
----------------- Instantiating /home/travis/build/icyphy/ptII/ptolemy/actor/lib/test/auto/MatrixCropInt.xml
2 ms. Memory: 440320K Free: 181048K (41%)
----------------- Invoking toplevel() on ptolemy.moml.MoMLSimpleApplication@65fb0823
----------------- Done invoking toplevel() on ptolemy.moml.MoMLSimpleApplication@65fb0823
reloadAllAccessors: .MatrixCropInt

===========================================================================================
----------------- testing Sat Sep 26 16:15:24 UTC 2020 /home/travis/build/icyphy/ptII/ptolemy/actor/lib/test/auto/MatrixCropLong.xml
----------------- Instantiating /home/travis/build/icyphy/ptII/ptolemy/actor/lib/test/auto/MatrixCropLong.xml
1 ms. Memory: 440320K Free: 175944K (40%)
----------------- Invoking toplevel() on ptolemy.moml.MoMLSimpleApplication@7aa73fe5
----------------- Done invoking toplevel() on ptolemy.moml.MoMLSimpleApplication@7aa73fe5
reloadAllAccessors: .MatrixCropLong

===========================================================================================
----------------- testing Sat Sep 26 16:15:24 UTC 2020 /home/travis/build/icyphy/ptII/ptolemy/actor/lib/test/auto/MatrixToArray.xml
----------------- Instantiating /home/travis/build/icyphy/ptII/ptolemy/actor/lib/test/auto/MatrixToArray.xml
11 ms. Memory: 440320K Free: 160598K (36%)
----------------- Invoking toplevel() on ptolemy.moml.MoMLSimpleApplication@57c05317
----------------- Done invoking toplevel() on ptolemy.moml.MoMLSimpleApplication@57c05317
reloadAllAccessors: .MatrixToArray

===========================================================================================
----------------- testing Sat Sep 26 16:15:24 UTC 2020 /home/travis/build/icyphy/ptII/ptolemy/actor/lib/test/auto/MaxIndex.xml
----------------- Instantiating /home/travis/build/icyphy/ptII/ptolemy/actor/lib/test/auto/MaxIndex.xml
2 ms. Memory: 440320K Free: 155478K (35%)
----------------- Invoking toplevel() on ptolemy.moml.MoMLSimpleApplication@60d8fefa
----------------- Done invoking toplevel() on ptolemy.moml.MoMLSimpleApplication@60d8fefa
reloadAllAccessors: .MaxIndex

===========================================================================================
----------------- testing Sat Sep 26 16:15:24 UTC 2020 /home/travis/build/icyphy/ptII/ptolemy/actor/lib/test/auto/Maximum.xml
----------------- Instantiating /home/travis/build/icyphy/ptII/ptolemy/actor/lib/test/auto/Maximum.xml
3 ms. Memory: 440320K Free: 148824K (34%)
----------------- Invoking toplevel() on ptolemy.moml.MoMLSimpleApplication@4664c5e6
----------------- Done invoking toplevel() on ptolemy.moml.MoMLSimpleApplication@4664c5e6
reloadAllAccessors: .Maximum

===========================================================================================
----------------- testing Sat Sep 26 16:15:24 UTC 2020 /home/travis/build/icyphy/ptII/ptolemy/actor/lib/test/auto/MaximumComplex.xml
----------------- Instantiating /home/travis/build/icyphy/ptII/ptolemy/actor/lib/test/auto/MaximumComplex.xml
4 ms. Memory: 440320K Free: 142680K (32%)
----------------- Invoking toplevel() on ptolemy.moml.MoMLSimpleApplication@2cfd7396
----------------- Done invoking toplevel() on ptolemy.moml.MoMLSimpleApplication@2cfd7396
reloadAllAccessors: .MaximumComplex

===========================================================================================
----------------- testing Sat Sep 26 16:15:24 UTC 2020 /home/travis/build/icyphy/ptII/ptolemy/actor/lib/test/auto/MethodCallTest.xml
----------------- Instantiating /home/travis/build/icyphy/ptII/ptolemy/actor/lib/test/auto/MethodCallTest.xml
2 ms. Memory: 440320K Free: 136022K (31%)
----------------- Invoking toplevel() on ptolemy.moml.MoMLSimpleApplication@3552bddf
----------------- Done invoking toplevel() on ptolemy.moml.MoMLSimpleApplication@3552bddf
reloadAllAccessors: .MethodCallTest

===========================================================================================
----------------- testing Sat Sep 26 16:15:24 UTC 2020 /home/travis/build/icyphy/ptII/ptolemy/actor/lib/test/auto/Minimum.xml
----------------- Instantiating /home/travis/build/icyphy/ptII/ptolemy/actor/lib/test/auto/Minimum.xml
12 ms. Memory: 440320K Free: 390461K (89%)
----------------- Invoking toplevel() on ptolemy.moml.MoMLSimpleApplication@3482737a
----------------- Done invoking toplevel() on ptolemy.moml.MoMLSimpleApplication@3482737a
reloadAllAccessors: .Minimum

===========================================================================================
----------------- testing Sat Sep 26 16:15:24 UTC 2020 /home/travis/build/icyphy/ptII/ptolemy/actor/lib/test/auto/MinimumComplex.xml
----------------- Instantiating /home/travis/build/icyphy/ptII/ptolemy/actor/lib/test/auto/MinimumComplex.xml
3 ms. Memory: 440320K Free: 383596K (87%)
----------------- Invoking toplevel() on ptolemy.moml.MoMLSimpleApplication@51413467
----------------- Done invoking toplevel() on ptolemy.moml.MoMLSimpleApplication@51413467
reloadAllAccessors: .MinimumComplex

===========================================================================================
----------------- testing Sat Sep 26 16:15:24 UTC 2020 /home/travis/build/icyphy/ptII/ptolemy/actor/lib/test/auto/MinimumMultiports.xml
----------------- Instantiating /home/travis/build/icyphy/ptII/ptolemy/actor/lib/test/auto/MinimumMultiports.xml
3 ms. Memory: 440320K Free: 374908K (85%)
----------------- Invoking toplevel() on ptolemy.moml.MoMLSimpleApplication@21f7b6b3
----------------- Done invoking toplevel() on ptolemy.moml.MoMLSimpleApplication@21f7b6b3
reloadAllAccessors: .MinimumMultiports

===========================================================================================
----------------- testing Sat Sep 26 16:15:24 UTC 2020 /home/travis/build/icyphy/ptII/ptolemy/actor/lib/test/auto/ModifyDate.xml
----------------- Instantiating /home/travis/build/icyphy/ptII/ptolemy/actor/lib/test/auto/ModifyDate.xml
7 ms. Memory: 440320K Free: 362106K (82%)
----------------- Invoking toplevel() on ptolemy.moml.MoMLSimpleApplication@31b92b2a
----------------- Done invoking toplevel() on ptolemy.moml.MoMLSimpleApplication@31b92b2a
reloadAllAccessors: .ModifyDate

===========================================================================================
----------------- testing Sat Sep 26 16:15:24 UTC 2020 /home/travis/build/icyphy/ptII/ptolemy/actor/lib/test/auto/ModifyDate2.xml
----------------- Instantiating /home/travis/build/icyphy/ptII/ptolemy/actor/lib/test/auto/ModifyDate2.xml
9 ms. Memory: 440320K Free: 353404K (80%)
----------------- Invoking toplevel() on ptolemy.moml.MoMLSimpleApplication@3eeb3f20
----------------- Done invoking toplevel() on ptolemy.moml.MoMLSimpleApplication@3eeb3f20
reloadAllAccessors: .ModifyDate2

===========================================================================================
----------------- testing Sat Sep 26 16:15:24 UTC 2020 /home/travis/build/icyphy/ptII/ptolemy/actor/lib/test/auto/MovingAverage.xml
----------------- Instantiating /home/travis/build/icyphy/ptII/ptolemy/actor/lib/test/auto/MovingAverage.xml
2 ms. Memory: 440320K Free: 348284K (79%)
----------------- Invoking toplevel() on ptolemy.moml.MoMLSimpleApplication@6de3fa94
----------------- Done invoking toplevel() on ptolemy.moml.MoMLSimpleApplication@6de3fa94
reloadAllAccessors: .MovingAverage

===========================================================================================
----------------- testing Sat Sep 26 16:15:24 UTC 2020 /home/travis/build/icyphy/ptII/ptolemy/actor/lib/test/auto/MovingMaximum.xml
----------------- Instantiating /home/travis/build/icyphy/ptII/ptolemy/actor/lib/test/auto/MovingMaximum.xml
2 ms. Memory: 440320K Free: 343674K (78%)
----------------- Invoking toplevel() on ptolemy.moml.MoMLSimpleApplication@1b82ac09
----------------- Done invoking toplevel() on ptolemy.moml.MoMLSimpleApplication@1b82ac09
reloadAllAccessors: .MovingMaximum

===========================================================================================
----------------- testing Sat Sep 26 16:15:24 UTC 2020 /home/travis/build/icyphy/ptII/ptolemy/actor/lib/test/auto/MultipleLinksToSameRelation.xml
----------------- Instantiating /home/travis/build/icyphy/ptII/ptolemy/actor/lib/test/auto/MultipleLinksToSameRelation.xml
2 ms. Memory: 440320K Free: 339578K (77%)
----------------- Invoking toplevel() on ptolemy.moml.MoMLSimpleApplication@b92f148
----------------- Done invoking toplevel() on ptolemy.moml.MoMLSimpleApplication@b92f148
reloadAllAccessors: .MultipleLinksToSameRelation

===========================================================================================
----------------- testing Sat Sep 26 16:15:24 UTC 2020 /home/travis/build/icyphy/ptII/ptolemy/actor/lib/test/auto/MultipleLinksToSameRelationDE.xml
----------------- Instantiating /home/travis/build/icyphy/ptII/ptolemy/actor/lib/test/auto/MultipleLinksToSameRelationDE.xml
11 ms. Memory: 440320K Free: 334972K (76%)
----------------- Invoking toplevel() on ptolemy.moml.MoMLSimpleApplication@67b86020
----------------- Done invoking toplevel() on ptolemy.moml.MoMLSimpleApplication@67b86020
reloadAllAccessors: .MultipleLinksToSameRelationDE

===========================================================================================
----------------- testing Sat Sep 26 16:15:24 UTC 2020 /home/travis/build/icyphy/ptII/ptolemy/actor/lib/test/auto/Multiplexor.xml
----------------- Instantiating /home/travis/build/icyphy/ptII/ptolemy/actor/lib/test/auto/Multiplexor.xml
2 ms. Memory: 440320K Free: 329338K (75%)
----------------- Invoking toplevel() on ptolemy.moml.MoMLSimpleApplication@38bc2748
----------------- Done invoking toplevel() on ptolemy.moml.MoMLSimpleApplication@38bc2748
reloadAllAccessors: .Multiplexor

===========================================================================================
----------------- testing Sat Sep 26 16:15:24 UTC 2020 /home/travis/build/icyphy/ptII/ptolemy/actor/lib/test/auto/Multiplexor1.xml
----------------- Instantiating /home/travis/build/icyphy/ptII/ptolemy/actor/lib/test/auto/Multiplexor1.xml
2 ms. Memory: 440320K Free: 323708K (74%)
----------------- Invoking toplevel() on ptolemy.moml.MoMLSimpleApplication@2354dacd
----------------- Done invoking toplevel() on ptolemy.moml.MoMLSimpleApplication@2354dacd
reloadAllAccessors: .Multiplexor1

===========================================================================================
----------------- testing Sat Sep 26 16:15:24 UTC 2020 /home/travis/build/icyphy/ptII/ptolemy/actor/lib/test/auto/Multiplexor2.xml
----------------- Instantiating /home/travis/build/icyphy/ptII/ptolemy/actor/lib/test/auto/Multiplexor2.xml
2 ms. Memory: 440320K Free: 317050K (72%)
----------------- Invoking toplevel() on ptolemy.moml.MoMLSimpleApplication@1dca1990
----------------- Done invoking toplevel() on ptolemy.moml.MoMLSimpleApplication@1dca1990
reloadAllAccessors: .Multiplexor2

===========================================================================================
----------------- testing Sat Sep 26 16:15:24 UTC 2020 /home/travis/build/icyphy/ptII/ptolemy/actor/lib/test/auto/Multiplexor3.xml
----------------- Instantiating /home/travis/build/icyphy/ptII/ptolemy/actor/lib/test/auto/Multiplexor3.xml
2 ms. Memory: 440320K Free: 312954K (71%)
----------------- Invoking toplevel() on ptolemy.moml.MoMLSimpleApplication@5365230a
----------------- Done invoking toplevel() on ptolemy.moml.MoMLSimpleApplication@5365230a
reloadAllAccessors: .Multiplexor3

===========================================================================================
----------------- testing Sat Sep 26 16:15:24 UTC 2020 /home/travis/build/icyphy/ptII/ptolemy/actor/lib/test/auto/MultiplexorDE.xml
----------------- Instantiating /home/travis/build/icyphy/ptII/ptolemy/actor/lib/test/auto/MultiplexorDE.xml
3 ms. Memory: 440320K Free: 305276K (69%)
----------------- Invoking toplevel() on ptolemy.moml.MoMLSimpleApplication@425dd64a
----------------- Done invoking toplevel() on ptolemy.moml.MoMLSimpleApplication@425dd64a
reloadAllAccessors: .MultiplexorDE

===========================================================================================
----------------- testing Sat Sep 26 16:15:24 UTC 2020 /home/travis/build/icyphy/ptII/ptolemy/actor/lib/test/auto/MultiportBroadcastTest.xml
----------------- Instantiating /home/travis/build/icyphy/ptII/ptolemy/actor/lib/test/auto/MultiportBroadcastTest.xml
82 ms. Memory: 440320K Free: 299132K (68%)
----------------- Invoking toplevel() on ptolemy.moml.MoMLSimpleApplication@281f15de
----------------- Done invoking toplevel() on ptolemy.moml.MoMLSimpleApplication@281f15de
reloadAllAccessors: .MultiportBroadcastTest

===========================================================================================
----------------- testing Sat Sep 26 16:15:24 UTC 2020 /home/travis/build/icyphy/ptII/ptolemy/actor/lib/test/auto/MultiportOutHangDuringGetWidth.xml
----------------- Instantiating /home/travis/build/icyphy/ptII/ptolemy/actor/lib/test/auto/MultiportOutHangDuringGetWidth.xml
6 ms. Memory: 440320K Free: 286844K (65%)
----------------- Invoking toplevel() on ptolemy.moml.MoMLSimpleApplication@55fd11d2
----------------- Done invoking toplevel() on ptolemy.moml.MoMLSimpleApplication@55fd11d2
reloadAllAccessors: .MultiportOutHangDuringGetWidth

===========================================================================================
----------------- testing Sat Sep 26 16:15:24 UTC 2020 /home/travis/build/icyphy/ptII/ptolemy/actor/lib/test/auto/NilToken.xml
----------------- Instantiating /home/travis/build/icyphy/ptII/ptolemy/actor/lib/test/auto/NilToken.xml
2 ms. Memory: 440320K Free: 282748K (64%)
----------------- Invoking toplevel() on ptolemy.moml.MoMLSimpleApplication@70988e9a
----------------- Done invoking toplevel() on ptolemy.moml.MoMLSimpleApplication@70988e9a
reloadAllAccessors: .NilToken

===========================================================================================
----------------- testing Sat Sep 26 16:15:24 UTC 2020 /home/travis/build/icyphy/ptII/ptolemy/actor/lib/test/auto/NilTokenNonStrictTest.xml
----------------- Instantiating /home/travis/build/icyphy/ptII/ptolemy/actor/lib/test/auto/NilTokenNonStrictTest.xml
3 ms. Memory: 440320K Free: 278138K (63%)
----------------- Invoking toplevel() on ptolemy.moml.MoMLSimpleApplication@678ca10a
----------------- Done invoking toplevel() on ptolemy.moml.MoMLSimpleApplication@678ca10a
reloadAllAccessors: .NilTokenNonStrictTest

===========================================================================================
----------------- testing Sat Sep 26 16:15:24 UTC 2020 /home/travis/build/icyphy/ptII/ptolemy/actor/lib/test/auto/NilTokenRecord.xml
----------------- Instantiating /home/travis/build/icyphy/ptII/ptolemy/actor/lib/test/auto/NilTokenRecord.xml
6 ms. Memory: 440320K Free: 270970K (62%)
----------------- Invoking toplevel() on ptolemy.moml.MoMLSimpleApplication@4a12bef
----------------- Done invoking toplevel() on ptolemy.moml.MoMLSimpleApplication@4a12bef
reloadAllAccessors: .NilTokenRecord

===========================================================================================
----------------- testing Sat Sep 26 16:15:24 UTC 2020 /home/travis/build/icyphy/ptII/ptolemy/actor/lib/test/auto/NilTokenTypeTest.xml
----------------- Instantiating /home/travis/build/icyphy/ptII/ptolemy/actor/lib/test/auto/NilTokenTypeTest.xml
11 ms. Memory: 440320K Free: 261244K (59%)
----------------- Invoking toplevel() on ptolemy.moml.MoMLSimpleApplication@1325c236
----------------- Done invoking toplevel() on ptolemy.moml.MoMLSimpleApplication@1325c236
reloadAllAccessors: .NilTokenTypeTest

===========================================================================================
----------------- testing Sat Sep 26 16:15:24 UTC 2020 /home/travis/build/icyphy/ptII/ptolemy/actor/lib/test/auto/ObjectToken1.xml
----------------- Instantiating /home/travis/build/icyphy/ptII/ptolemy/actor/lib/test/auto/ObjectToken1.xml
3 ms. Memory: 440320K Free: 257148K (58%)
----------------- Invoking toplevel() on ptolemy.moml.MoMLSimpleApplication@5c61f7ad
----------------- Done invoking toplevel() on ptolemy.moml.MoMLSimpleApplication@5c61f7ad
reloadAllAccessors: .ObjectToken1

===========================================================================================
----------------- testing Sat Sep 26 16:15:24 UTC 2020 /home/travis/build/icyphy/ptII/ptolemy/actor/lib/test/auto/OrderedMerge.xml
----------------- Instantiating /home/travis/build/icyphy/ptII/ptolemy/actor/lib/test/auto/OrderedMerge.xml
9 ms. Memory: 440320K Free: 251514K (57%)
----------------- Invoking toplevel() on ptolemy.moml.MoMLSimpleApplication@5f5db424
----------------- Done invoking toplevel() on ptolemy.moml.MoMLSimpleApplication@5f5db424
reloadAllAccessors: .OrderedMerge

===========================================================================================
----------------- testing Sat Sep 26 16:15:24 UTC 2020 /home/travis/build/icyphy/ptII/ptolemy/actor/lib/test/auto/OrderedRecordDisassembler.xml
----------------- Instantiating /home/travis/build/icyphy/ptII/ptolemy/actor/lib/test/auto/OrderedRecordDisassembler.xml
3 ms. Memory: 440320K Free: 246388K (56%)
----------------- Invoking toplevel() on ptolemy.moml.MoMLSimpleApplication@45753559
----------------- Done invoking toplevel() on ptolemy.moml.MoMLSimpleApplication@45753559
reloadAllAccessors: .OrderedRecordDisassembler

===========================================================================================
----------------- testing Sat Sep 26 16:15:24 UTC 2020 /home/travis/build/icyphy/ptII/ptolemy/actor/lib/test/auto/OrderedRecordDisassembler2.xml
----------------- Instantiating /home/travis/build/icyphy/ptII/ptolemy/actor/lib/test/auto/OrderedRecordDisassembler2.xml
5 ms. Memory: 440320K Free: 238716K (54%)
----------------- Invoking toplevel() on ptolemy.moml.MoMLSimpleApplication@33e4c599
----------------- Done invoking toplevel() on ptolemy.moml.MoMLSimpleApplication@33e4c599
reloadAllAccessors: .OrderedRecordDisassembler2

===========================================================================================
----------------- testing Sat Sep 26 16:15:24 UTC 2020 /home/travis/build/icyphy/ptII/ptolemy/actor/lib/test/auto/OrderedRecordUpdater.xml
----------------- Instantiating /home/travis/build/icyphy/ptII/ptolemy/actor/lib/test/auto/OrderedRecordUpdater.xml
1 ms. Memory: 440320K Free: 233596K (53%)
----------------- Invoking toplevel() on ptolemy.moml.MoMLSimpleApplication@2bf0a46a
----------------- Done invoking toplevel() on ptolemy.moml.MoMLSimpleApplication@2bf0a46a
reloadAllAccessors: .RecordUpdater

===========================================================================================
----------------- testing Sat Sep 26 16:15:24 UTC 2020 /home/travis/build/icyphy/ptII/ptolemy/actor/lib/test/auto/OrderedRecordUpdater2.xml
----------------- Instantiating /home/travis/build/icyphy/ptII/ptolemy/actor/lib/test/auto/OrderedRecordUpdater2.xml
3 ms. Memory: 440320K Free: 228476K (52%)
----------------- Invoking toplevel() on ptolemy.moml.MoMLSimpleApplication@1e5d38d6
----------------- Done invoking toplevel() on ptolemy.moml.MoMLSimpleApplication@1e5d38d6
reloadAllAccessors: .RecordUpdater2

===========================================================================================
----------------- testing Sat Sep 26 16:15:24 UTC 2020 /home/travis/build/icyphy/ptII/ptolemy/actor/lib/test/auto/PhaseUnwrap.xml
----------------- Instantiating /home/travis/build/icyphy/ptII/ptolemy/actor/lib/test/auto/PhaseUnwrap.xml
2 ms. Memory: 440320K Free: 223866K (51%)
----------------- Invoking toplevel() on ptolemy.moml.MoMLSimpleApplication@8f3d3d7
----------------- Done invoking toplevel() on ptolemy.moml.MoMLSimpleApplication@8f3d3d7
reloadAllAccessors: .PhaseUnwrap

===========================================================================================
----------------- testing Sat Sep 26 16:15:24 UTC 2020 /home/travis/build/icyphy/ptII/ptolemy/actor/lib/test/auto/PoissonClock.xml
----------------- Instantiating /home/travis/build/icyphy/ptII/ptolemy/actor/lib/test/auto/PoissonClock.xml
1 ms. Memory: 440320K Free: 219770K (50%)
----------------- Invoking toplevel() on ptolemy.moml.MoMLSimpleApplication@44a16826
----------------- Done invoking toplevel() on ptolemy.moml.MoMLSimpleApplication@44a16826
reloadAllAccessors: .PoissonClock

===========================================================================================
----------------- testing Sat Sep 26 16:15:24 UTC 2020 /home/travis/build/icyphy/ptII/ptolemy/actor/lib/test/auto/PoissonClock2.xml
----------------- Instantiating /home/travis/build/icyphy/ptII/ptolemy/actor/lib/test/auto/PoissonClock2.xml
2 ms. Memory: 440320K Free: 215164K (49%)
----------------- Invoking toplevel() on ptolemy.moml.MoMLSimpleApplication@dbb764a
----------------- Done invoking toplevel() on ptolemy.moml.MoMLSimpleApplication@dbb764a
reloadAllAccessors: .PoissonClock2

===========================================================================================
----------------- testing Sat Sep 26 16:15:24 UTC 2020 /home/travis/build/icyphy/ptII/ptolemy/actor/lib/test/auto/PoissonClock3.xml
----------------- Instantiating /home/travis/build/icyphy/ptII/ptolemy/actor/lib/test/auto/PoissonClock3.xml
2 ms. Memory: 440320K Free: 210044K (48%)
----------------- Invoking toplevel() on ptolemy.moml.MoMLSimpleApplication@1c6c0abe
----------------- Done invoking toplevel() on ptolemy.moml.MoMLSimpleApplication@1c6c0abe
reloadAllAccessors: .PoissonClock3

===========================================================================================
----------------- testing Sat Sep 26 16:15:24 UTC 2020 /home/travis/build/icyphy/ptII/ptolemy/actor/lib/test/auto/PubSubWithInitialTokens.xml
----------------- Instantiating /home/travis/build/icyphy/ptII/ptolemy/actor/lib/test/auto/PubSubWithInitialTokens.xml
2 ms. Memory: 440320K Free: 204396K (46%)
----------------- Invoking toplevel() on ptolemy.moml.MoMLSimpleApplication@5b2668ad
----------------- Done invoking toplevel() on ptolemy.moml.MoMLSimpleApplication@5b2668ad
reloadAllAccessors: .PubSubWithInitialTokens

===========================================================================================
----------------- testing Sat Sep 26 16:15:24 UTC 2020 /home/travis/build/icyphy/ptII/ptolemy/actor/lib/test/auto/PubSubWithInitialTokens2.xml
----------------- Instantiating /home/travis/build/icyphy/ptII/ptolemy/actor/lib/test/auto/PubSubWithInitialTokens2.xml
2 ms. Memory: 440320K Free: 198252K (45%)
----------------- Invoking toplevel() on ptolemy.moml.MoMLSimpleApplication@629a7124
----------------- Done invoking toplevel() on ptolemy.moml.MoMLSimpleApplication@629a7124
reloadAllAccessors: .PubSubWithInitialTokens2

===========================================================================================
----------------- testing Sat Sep 26 16:15:24 UTC 2020 /home/travis/build/icyphy/ptII/ptolemy/actor/lib/test/auto/PublisherClassNoParameter.xml
----------------- Instantiating /home/travis/build/icyphy/ptII/ptolemy/actor/lib/test/auto/PublisherClassNoParameter.xml
3 ms. Memory: 440320K Free: 188540K (43%)
----------------- Invoking toplevel() on ptolemy.moml.MoMLSimpleApplication@162d395a
----------------- Done invoking toplevel() on ptolemy.moml.MoMLSimpleApplication@162d395a
reloadAllAccessors: .PublisherClassNoParameter

===========================================================================================
----------------- testing Sat Sep 26 16:15:24 UTC 2020 /home/travis/build/icyphy/ptII/ptolemy/actor/lib/test/auto/PublisherClassParameter.xml
----------------- Instantiating /home/travis/build/icyphy/ptII/ptolemy/actor/lib/test/auto/PublisherClassParameter.xml
2 ms. Memory: 440320K Free: 177786K (40%)
----------------- Invoking toplevel() on ptolemy.moml.MoMLSimpleApplication@1885eb27
----------------- Done invoking toplevel() on ptolemy.moml.MoMLSimpleApplication@1885eb27
reloadAllAccessors: .PublisherClassParameter

===========================================================================================
----------------- testing Sat Sep 26 16:15:25 UTC 2020 /home/travis/build/icyphy/ptII/ptolemy/actor/lib/test/auto/PublisherNonStrictTest.xml
----------------- Instantiating /home/travis/build/icyphy/ptII/ptolemy/actor/lib/test/auto/PublisherNonStrictTest.xml
2 ms. Memory: 440320K Free: 170108K (39%)
----------------- Invoking toplevel() on ptolemy.moml.MoMLSimpleApplication@7e29772f
----------------- Done invoking toplevel() on ptolemy.moml.MoMLSimpleApplication@7e29772f
reloadAllAccessors: .PublisherNonStrictTest

===========================================================================================
----------------- testing Sat Sep 26 16:15:25 UTC 2020 /home/travis/build/icyphy/ptII/ptolemy/actor/lib/test/auto/PublisherPort1.xml
----------------- Instantiating /home/travis/build/icyphy/ptII/ptolemy/actor/lib/test/auto/PublisherPort1.xml
11 ms. Memory: 440320K Free: 164460K (37%)
----------------- Invoking toplevel() on ptolemy.moml.MoMLSimpleApplication@3d06ed51
----------------- Done invoking toplevel() on ptolemy.moml.MoMLSimpleApplication@3d06ed51
reloadAllAccessors: .PublisherPort1

===========================================================================================
----------------- testing Sat Sep 26 16:15:25 UTC 2020 /home/travis/build/icyphy/ptII/ptolemy/actor/lib/test/auto/PublisherPort2.xml
----------------- Instantiating /home/travis/build/icyphy/ptII/ptolemy/actor/lib/test/auto/PublisherPort2.xml
1 ms. Memory: 440320K Free: 158844K (36%)
----------------- Invoking toplevel() on ptolemy.moml.MoMLSimpleApplication@393f3a60
----------------- Done invoking toplevel() on ptolemy.moml.MoMLSimpleApplication@393f3a60
reloadAllAccessors: .PublisherPort2

===========================================================================================
----------------- testing Sat Sep 26 16:15:25 UTC 2020 /home/travis/build/icyphy/ptII/ptolemy/actor/lib/test/auto/PublisherPort3.xml
----------------- Instantiating /home/travis/build/icyphy/ptII/ptolemy/actor/lib/test/auto/PublisherPort3.xml
3 ms. Memory: 440320K Free: 152156K (35%)
----------------- Invoking toplevel() on ptolemy.moml.MoMLSimpleApplication@79474598
----------------- Done invoking toplevel() on ptolemy.moml.MoMLSimpleApplication@79474598
reloadAllAccessors: .PublisherPort3

===========================================================================================
----------------- testing Sat Sep 26 16:15:25 UTC 2020 /home/travis/build/icyphy/ptII/ptolemy/actor/lib/test/auto/PublisherPort4.xml
----------------- Instantiating /home/travis/build/icyphy/ptII/ptolemy/actor/lib/test/auto/PublisherPort4.xml
2 ms. Memory: 440320K Free: 146556K (33%)
----------------- Invoking toplevel() on ptolemy.moml.MoMLSimpleApplication@49cad2bf
----------------- Done invoking toplevel() on ptolemy.moml.MoMLSimpleApplication@49cad2bf
reloadAllAccessors: .PublisherPort4

===========================================================================================
----------------- testing Sat Sep 26 16:15:25 UTC 2020 /home/travis/build/icyphy/ptII/ptolemy/actor/lib/test/auto/PublisherPort5.xml
----------------- Instantiating /home/travis/build/icyphy/ptII/ptolemy/actor/lib/test/auto/PublisherPort5.xml
3 ms. Memory: 440320K Free: 138874K (32%)
----------------- Invoking toplevel() on ptolemy.moml.MoMLSimpleApplication@d79e25
----------------- Done invoking toplevel() on ptolemy.moml.MoMLSimpleApplication@d79e25
reloadAllAccessors: .PublisherPort5

===========================================================================================
----------------- testing Sat Sep 26 16:15:25 UTC 2020 /home/travis/build/icyphy/ptII/ptolemy/actor/lib/test/auto/PublisherPort5LookAlike.xml
----------------- Instantiating /home/travis/build/icyphy/ptII/ptolemy/actor/lib/test/auto/PublisherPort5LookAlike.xml
7 ms. Memory: 440320K Free: 131196K (30%)
----------------- Invoking toplevel() on ptolemy.moml.MoMLSimpleApplication@4c817f76
----------------- Done invoking toplevel() on ptolemy.moml.MoMLSimpleApplication@4c817f76
reloadAllAccessors: .PublisherPort5LookAlike

===========================================================================================
----------------- testing Sat Sep 26 16:15:25 UTC 2020 /home/travis/build/icyphy/ptII/ptolemy/actor/lib/test/auto/PublisherPort6.xml
----------------- Instantiating /home/travis/build/icyphy/ptII/ptolemy/actor/lib/test/auto/PublisherPort6.xml
4 ms. Memory: 440320K Free: 385519K (88%)
----------------- Invoking toplevel() on ptolemy.moml.MoMLSimpleApplication@5a4900ce
----------------- Done invoking toplevel() on ptolemy.moml.MoMLSimpleApplication@5a4900ce
reloadAllAccessors: .PublisherPort6

===========================================================================================
----------------- testing Sat Sep 26 16:15:25 UTC 2020 /home/travis/build/icyphy/ptII/ptolemy/actor/lib/test/auto/PublisherPort7.xml
----------------- Instantiating /home/travis/build/icyphy/ptII/ptolemy/actor/lib/test/auto/PublisherPort7.xml
4 ms. Memory: 440320K Free: 377856K (86%)
----------------- Invoking toplevel() on ptolemy.moml.MoMLSimpleApplication@4a0cd521
----------------- Done invoking toplevel() on ptolemy.moml.MoMLSimpleApplication@4a0cd521
reloadAllAccessors: .PublisherPort7

===========================================================================================
----------------- testing Sat Sep 26 16:15:25 UTC 2020 /home/travis/build/icyphy/ptII/ptolemy/actor/lib/test/auto/PublisherPort8.xml
----------------- Instantiating /home/travis/build/icyphy/ptII/ptolemy/actor/lib/test/auto/PublisherPort8.xml
4 ms. Memory: 440320K Free: 368640K (84%)
----------------- Invoking toplevel() on ptolemy.moml.MoMLSimpleApplication@6f18a772
----------------- Done invoking toplevel() on ptolemy.moml.MoMLSimpleApplication@6f18a772
reloadAllAccessors: .PublisherPort8

===========================================================================================
----------------- testing Sat Sep 26 16:15:25 UTC 2020 /home/travis/build/icyphy/ptII/ptolemy/actor/lib/test/auto/PublisherPortSubscriberChannelVariablesAOC2.xml
----------------- Instantiating /home/travis/build/icyphy/ptII/ptolemy/actor/lib/test/auto/PublisherPortSubscriberChannelVariablesAOC2.xml
2 ms. Memory: 440320K Free: 350718K (80%)
----------------- Invoking toplevel() on ptolemy.moml.MoMLSimpleApplication@403e1e2b
----------------- Done invoking toplevel() on ptolemy.moml.MoMLSimpleApplication@403e1e2b
reloadAllAccessors: .PublisherPortSubscriberChannelVariablesAOC2

===========================================================================================
----------------- testing Sat Sep 26 16:15:25 UTC 2020 /home/travis/build/icyphy/ptII/ptolemy/actor/lib/test/auto/PublisherPortSubscriberOpaqueWidthInference.xml
----------------- Instantiating /home/travis/build/icyphy/ptII/ptolemy/actor/lib/test/auto/PublisherPortSubscriberOpaqueWidthInference.xml
4 ms. Memory: 440320K Free: 343040K (78%)
----------------- Invoking toplevel() on ptolemy.moml.MoMLSimpleApplication@2fecd3bb
----------------- Done invoking toplevel() on ptolemy.moml.MoMLSimpleApplication@2fecd3bb
reloadAllAccessors: .PublisherPortSubscriberOpaqueWidthInference

===========================================================================================
----------------- testing Sat Sep 26 16:15:25 UTC 2020 /home/travis/build/icyphy/ptII/ptolemy/actor/lib/test/auto/PublisherPortSubscriberPortAdjacent.xml
----------------- Instantiating /home/travis/build/icyphy/ptII/ptolemy/actor/lib/test/auto/PublisherPortSubscriberPortAdjacent.xml
2 ms. Memory: 440320K Free: 334848K (76%)
----------------- Invoking toplevel() on ptolemy.moml.MoMLSimpleApplication@2b502d63
----------------- Done invoking toplevel() on ptolemy.moml.MoMLSimpleApplication@2b502d63
reloadAllAccessors: .PublisherPortSubscriberPortAdjacent

===========================================================================================
----------------- testing Sat Sep 26 16:15:25 UTC 2020 /home/travis/build/icyphy/ptII/ptolemy/actor/lib/test/auto/PublisherPortSubscriberPortExpression.xml
----------------- Instantiating /home/travis/build/icyphy/ptII/ptolemy/actor/lib/test/auto/PublisherPortSubscriberPortExpression.xml
5 ms. Memory: 440320K Free: 327151K (74%)
----------------- Invoking toplevel() on ptolemy.moml.MoMLSimpleApplication@437aa9ce
----------------- Done invoking toplevel() on ptolemy.moml.MoMLSimpleApplication@437aa9ce
reloadAllAccessors: .PublisherPortSubscriberPortExpression

===========================================================================================
----------------- testing Sat Sep 26 16:15:25 UTC 2020 /home/travis/build/icyphy/ptII/ptolemy/actor/lib/test/auto/PublisherPortSubscriberPortOpaqueD3Reverse.xml
----------------- Instantiating /home/travis/build/icyphy/ptII/ptolemy/actor/lib/test/auto/PublisherPortSubscriberPortOpaqueD3Reverse.xml
8 ms. Memory: 440320K Free: 316926K (72%)
----------------- Invoking toplevel() on ptolemy.moml.MoMLSimpleApplication@40087c10
----------------- Done invoking toplevel() on ptolemy.moml.MoMLSimpleApplication@40087c10
reloadAllAccessors: .PublisherPortSubscriberPortOpaqueD3Reverse

===========================================================================================
----------------- testing Sat Sep 26 16:15:25 UTC 2020 /home/travis/build/icyphy/ptII/ptolemy/actor/lib/test/auto/PublisherPortSubscriberPortOpaqueWidthInference.xml
----------------- Instantiating /home/travis/build/icyphy/ptII/ptolemy/actor/lib/test/auto/PublisherPortSubscriberPortOpaqueWidthInference.xml
3 ms. Memory: 440320K Free: 308719K (70%)
----------------- Invoking toplevel() on ptolemy.moml.MoMLSimpleApplication@7e1fd3d5
----------------- Done invoking toplevel() on ptolemy.moml.MoMLSimpleApplication@7e1fd3d5
reloadAllAccessors: .PublisherPortSubscriberPortOpaqueWidthInference

===========================================================================================
----------------- testing Sat Sep 26 16:15:25 UTC 2020 /home/travis/build/icyphy/ptII/ptolemy/actor/lib/test/auto/PublisherPortToplevelSubscriberPortAOC.xml
----------------- Instantiating /home/travis/build/icyphy/ptII/ptolemy/actor/lib/test/auto/PublisherPortToplevelSubscriberPortAOC.xml
.PublisherPortToplevelSubscriberPortAOC.TestExceptionAttribute: initialize() was not invoked, but wrapup() was.  This is unusual, but not always a problem.  For example, exporting JNLP will do this.
1 ms. Memory: 440320K Free: 302590K (69%)
----------------- Invoking toplevel() on ptolemy.moml.MoMLSimpleApplication@2688f574
----------------- Done invoking toplevel() on ptolemy.moml.MoMLSimpleApplication@2688f574
reloadAllAccessors: .PublisherPortToplevelSubscriberPortAOC

===========================================================================================
----------------- testing Sat Sep 26 16:15:25 UTC 2020 /home/travis/build/icyphy/ptII/ptolemy/actor/lib/test/auto/PublisherSubscriber.xml
----------------- Instantiating /home/travis/build/icyphy/ptII/ptolemy/actor/lib/test/auto/PublisherSubscriber.xml
3 ms. Memory: 440320K Free: 294912K (67%)
----------------- Invoking toplevel() on ptolemy.moml.MoMLSimpleApplication@5e855269
----------------- Done invoking toplevel() on ptolemy.moml.MoMLSimpleApplication@5e855269
reloadAllAccessors: .PublisherSubscriber

===========================================================================================
----------------- testing Sat Sep 26 16:15:25 UTC 2020 /home/travis/build/icyphy/ptII/ptolemy/actor/lib/test/auto/PublisherSubscriber10.xml
----------------- Instantiating /home/travis/build/icyphy/ptII/ptolemy/actor/lib/test/auto/PublisherSubscriber10.xml
5 ms. Memory: 440320K Free: 285182K (65%)
----------------- Invoking toplevel() on ptolemy.moml.MoMLSimpleApplication@2a8abdd
----------------- Done invoking toplevel() on ptolemy.moml.MoMLSimpleApplication@2a8abdd
reloadAllAccessors: .PublisherSubscriber10

===========================================================================================
----------------- testing Sat Sep 26 16:15:25 UTC 2020 /home/travis/build/icyphy/ptII/ptolemy/actor/lib/test/auto/PublisherSubscriber10InitialOutputs.xml
----------------- Instantiating /home/travis/build/icyphy/ptII/ptolemy/actor/lib/test/auto/PublisherSubscriber10InitialOutputs.xml
16 ms. Memory: 440320K Free: 275966K (63%)
----------------- Invoking toplevel() on ptolemy.moml.MoMLSimpleApplication@53b2e15e
----------------- Done invoking toplevel() on ptolemy.moml.MoMLSimpleApplication@53b2e15e
reloadAllAccessors: .PublisherSubscriber10InitialOutputs

===========================================================================================
----------------- testing Sat Sep 26 16:15:25 UTC 2020 /home/travis/build/icyphy/ptII/ptolemy/actor/lib/test/auto/PublisherSubscriber11.xml
----------------- Instantiating /home/travis/build/icyphy/ptII/ptolemy/actor/lib/test/auto/PublisherSubscriber11.xml
2 ms. Memory: 440320K Free: 269312K (61%)
----------------- Invoking toplevel() on ptolemy.moml.MoMLSimpleApplication@5dcb4a5a
----------------- Done invoking toplevel() on ptolemy.moml.MoMLSimpleApplication@5dcb4a5a
reloadAllAccessors: .PublisherSubscriber11

===========================================================================================
----------------- testing Sat Sep 26 16:15:25 UTC 2020 /home/travis/build/icyphy/ptII/ptolemy/actor/lib/test/auto/PublisherSubscriber12.xml
----------------- Instantiating /home/travis/build/icyphy/ptII/ptolemy/actor/lib/test/auto/PublisherSubscriber12.xml
5 ms. Memory: 440320K Free: 262144K (60%)
----------------- Invoking toplevel() on ptolemy.moml.MoMLSimpleApplication@6b715545
----------------- Done invoking toplevel() on ptolemy.moml.MoMLSimpleApplication@6b715545
reloadAllAccessors: .PublisherSubscriber12

===========================================================================================
----------------- testing Sat Sep 26 16:15:25 UTC 2020 /home/travis/build/icyphy/ptII/ptolemy/actor/lib/test/auto/PublisherSubscriber13.xml
----------------- Instantiating /home/travis/build/icyphy/ptII/ptolemy/actor/lib/test/auto/PublisherSubscriber13.xml
2 ms. Memory: 440320K Free: 256479K (58%)
----------------- Invoking toplevel() on ptolemy.moml.MoMLSimpleApplication@13dcd780
----------------- Done invoking toplevel() on ptolemy.moml.MoMLSimpleApplication@13dcd780
reloadAllAccessors: .PublisherSubscriber13

===========================================================================================
----------------- testing Sat Sep 26 16:15:25 UTC 2020 /home/travis/build/icyphy/ptII/ptolemy/actor/lib/test/auto/PublisherSubscriber14.xml
----------------- Instantiating /home/travis/build/icyphy/ptII/ptolemy/actor/lib/test/auto/PublisherSubscriber14.xml
2 ms. Memory: 440320K Free: 247808K (56%)
----------------- Invoking toplevel() on ptolemy.moml.MoMLSimpleApplication@76639335
----------------- Done invoking toplevel() on ptolemy.moml.MoMLSimpleApplication@76639335
reloadAllAccessors: .PublisherSubscriber14

===========================================================================================
----------------- testing Sat Sep 26 16:15:25 UTC 2020 /home/travis/build/icyphy/ptII/ptolemy/actor/lib/test/auto/PublisherSubscriber2.xml
----------------- Instantiating /home/travis/build/icyphy/ptII/ptolemy/actor/lib/test/auto/PublisherSubscriber2.xml
3 ms. Memory: 440320K Free: 242174K (55%)
----------------- Invoking toplevel() on ptolemy.moml.MoMLSimpleApplication@1650c28
----------------- Done invoking toplevel() on ptolemy.moml.MoMLSimpleApplication@1650c28
reloadAllAccessors: .PublisherSubscriber2

===========================================================================================
----------------- testing Sat Sep 26 16:15:25 UTC 2020 /home/travis/build/icyphy/ptII/ptolemy/actor/lib/test/auto/PublisherSubscriber3.xml
----------------- Instantiating /home/travis/build/icyphy/ptII/ptolemy/actor/lib/test/auto/PublisherSubscriber3.xml
2 ms. Memory: 440320K Free: 236015K (54%)
----------------- Invoking toplevel() on ptolemy.moml.MoMLSimpleApplication@2b3f2cb9
----------------- Done invoking toplevel() on ptolemy.moml.MoMLSimpleApplication@2b3f2cb9
reloadAllAccessors: .PublisherSubscriber3

===========================================================================================
----------------- testing Sat Sep 26 16:15:25 UTC 2020 /home/travis/build/icyphy/ptII/ptolemy/actor/lib/test/auto/PublisherSubscriber4.xml
----------------- Instantiating /home/travis/build/icyphy/ptII/ptolemy/actor/lib/test/auto/PublisherSubscriber4.xml
2 ms. Memory: 440320K Free: 230879K (52%)
----------------- Invoking toplevel() on ptolemy.moml.MoMLSimpleApplication@cddf9de
----------------- Done invoking toplevel() on ptolemy.moml.MoMLSimpleApplication@cddf9de
reloadAllAccessors: .PublisherSubscriber4

===========================================================================================
----------------- testing Sat Sep 26 16:15:25 UTC 2020 /home/travis/build/icyphy/ptII/ptolemy/actor/lib/test/auto/PublisherSubscriber5.xml
----------------- Instantiating /home/travis/build/icyphy/ptII/ptolemy/actor/lib/test/auto/PublisherSubscriber5.xml
2 ms. Memory: 440320K Free: 224256K (51%)
----------------- Invoking toplevel() on ptolemy.moml.MoMLSimpleApplication@4956d0f3
----------------- Done invoking toplevel() on ptolemy.moml.MoMLSimpleApplication@4956d0f3
reloadAllAccessors: .PublisherSubscriber5

===========================================================================================
----------------- testing Sat Sep 26 16:15:25 UTC 2020 /home/travis/build/icyphy/ptII/ptolemy/actor/lib/test/auto/PublisherSubscriber6.xml
----------------- Instantiating /home/travis/build/icyphy/ptII/ptolemy/actor/lib/test/auto/PublisherSubscriber6.xml
4 ms. Memory: 440320K Free: 217583K (49%)
----------------- Invoking toplevel() on ptolemy.moml.MoMLSimpleApplication@736030f8
----------------- Done invoking toplevel() on ptolemy.moml.MoMLSimpleApplication@736030f8
reloadAllAccessors: .PublisherSubscriber6

===========================================================================================
----------------- testing Sat Sep 26 16:15:25 UTC 2020 /home/travis/build/icyphy/ptII/ptolemy/actor/lib/test/auto/PublisherSubscriber7.xml
----------------- Instantiating /home/travis/build/icyphy/ptII/ptolemy/actor/lib/test/auto/PublisherSubscriber7.xml
7 ms. Memory: 440320K Free: 210944K (48%)
----------------- Invoking toplevel() on ptolemy.moml.MoMLSimpleApplication@52f54289
----------------- Done invoking toplevel() on ptolemy.moml.MoMLSimpleApplication@52f54289
reloadAllAccessors: .PublisherSubscriber7

===========================================================================================
----------------- testing Sat Sep 26 16:15:25 UTC 2020 /home/travis/build/icyphy/ptII/ptolemy/actor/lib/test/auto/PublisherSubscriber8.xml
----------------- Instantiating /home/travis/build/icyphy/ptII/ptolemy/actor/lib/test/auto/PublisherSubscriber8.xml
25 ms. Memory: 440320K Free: 198656K (45%)
----------------- Invoking toplevel() on ptolemy.moml.MoMLSimpleApplication@63808dff
----------------- Done invoking toplevel() on ptolemy.moml.MoMLSimpleApplication@63808dff
reloadAllAccessors: .PublisherSubscriber8

===========================================================================================
----------------- testing Sat Sep 26 16:15:25 UTC 2020 /home/travis/build/icyphy/ptII/ptolemy/actor/lib/test/auto/PublisherSubscriber9.xml
----------------- Instantiating /home/travis/build/icyphy/ptII/ptolemy/actor/lib/test/auto/PublisherSubscriber9.xml
3 ms. Memory: 440320K Free: 191488K (43%)
----------------- Invoking toplevel() on ptolemy.moml.MoMLSimpleApplication@42af5ba0
----------------- Done invoking toplevel() on ptolemy.moml.MoMLSimpleApplication@42af5ba0
reloadAllAccessors: .PublisherSubscriber9

===========================================================================================
----------------- testing Sat Sep 26 16:15:25 UTC 2020 /home/travis/build/icyphy/ptII/ptolemy/actor/lib/test/auto/PublisherSubscriberAdjacent.xml
----------------- Instantiating /home/travis/build/icyphy/ptII/ptolemy/actor/lib/test/auto/PublisherSubscriberAdjacent.xml
1 ms. Memory: 440320K Free: 183296K (42%)
----------------- Invoking toplevel() on ptolemy.moml.MoMLSimpleApplication@3cb2f145
----------------- Done invoking toplevel() on ptolemy.moml.MoMLSimpleApplication@3cb2f145
reloadAllAccessors: .PublisherSubscriberAdjacent

===========================================================================================
----------------- testing Sat Sep 26 16:15:25 UTC 2020 /home/travis/build/icyphy/ptII/ptolemy/actor/lib/test/auto/PublisherSubscriberChannelVariablesAOC2.xml
----------------- Instantiating /home/travis/build/icyphy/ptII/ptolemy/actor/lib/test/auto/PublisherSubscriberChannelVariablesAOC2.xml
2 ms. Memory: 440320K Free: 168446K (38%)
----------------- Invoking toplevel() on ptolemy.moml.MoMLSimpleApplication@5a9b2937
----------------- Done invoking toplevel() on ptolemy.moml.MoMLSimpleApplication@5a9b2937
reloadAllAccessors: .PublisherSubscriberChannelVariablesAOC2

===========================================================================================
----------------- testing Sat Sep 26 16:15:25 UTC 2020 /home/travis/build/icyphy/ptII/ptolemy/actor/lib/test/auto/PublisherSubscriberD3.xml
----------------- Instantiating /home/travis/build/icyphy/ptII/ptolemy/actor/lib/test/auto/PublisherSubscriberD3.xml
2 ms. Memory: 440320K Free: 160768K (37%)
----------------- Invoking toplevel() on ptolemy.moml.MoMLSimpleApplication@335f123b
----------------- Done invoking toplevel() on ptolemy.moml.MoMLSimpleApplication@335f123b
reloadAllAccessors: .PublisherSubscriberD3

===========================================================================================
----------------- testing Sat Sep 26 16:15:25 UTC 2020 /home/travis/build/icyphy/ptII/ptolemy/actor/lib/test/auto/PublisherSubscriberD3Reverse.xml
----------------- Instantiating /home/travis/build/icyphy/ptII/ptolemy/actor/lib/test/auto/PublisherSubscriberD3Reverse.xml
2 ms. Memory: 440320K Free: 154624K (35%)
----------------- Invoking toplevel() on ptolemy.moml.MoMLSimpleApplication@28823e8c
----------------- Done invoking toplevel() on ptolemy.moml.MoMLSimpleApplication@28823e8c
reloadAllAccessors: .PublisherSubscriberD3Reverse

===========================================================================================
----------------- testing Sat Sep 26 16:15:25 UTC 2020 /home/travis/build/icyphy/ptII/ptolemy/actor/lib/test/auto/PublisherSubscriberExpression.xml
----------------- Instantiating /home/travis/build/icyphy/ptII/ptolemy/actor/lib/test/auto/PublisherSubscriberExpression.xml
3 ms. Memory: 440320K Free: 145903K (33%)
----------------- Invoking toplevel() on ptolemy.moml.MoMLSimpleApplication@236aa9df
----------------- Done invoking toplevel() on ptolemy.moml.MoMLSimpleApplication@236aa9df
reloadAllAccessors: .PublisherSubscriberExpression

===========================================================================================
----------------- testing Sat Sep 26 16:15:25 UTC 2020 /home/travis/build/icyphy/ptII/ptolemy/actor/lib/test/auto/PublisherSubscriberOpaque.xml
----------------- Instantiating /home/travis/build/icyphy/ptII/ptolemy/actor/lib/test/auto/PublisherSubscriberOpaque.xml
4 ms. Memory: 440320K Free: 137726K (31%)
----------------- Invoking toplevel() on ptolemy.moml.MoMLSimpleApplication@88a1d53
----------------- Done invoking toplevel() on ptolemy.moml.MoMLSimpleApplication@88a1d53
reloadAllAccessors: .PublisherSubscriberOpaque

===========================================================================================
----------------- testing Sat Sep 26 16:15:25 UTC 2020 /home/travis/build/icyphy/ptII/ptolemy/actor/lib/test/auto/PublisherSubscriberOpaqueD3.xml
----------------- Instantiating /home/travis/build/icyphy/ptII/ptolemy/actor/lib/test/auto/PublisherSubscriberOpaqueD3.xml
5 ms. Memory: 440320K Free: 387349K (88%)
----------------- Invoking toplevel() on ptolemy.moml.MoMLSimpleApplication@5dff5dee
----------------- Done invoking toplevel() on ptolemy.moml.MoMLSimpleApplication@5dff5dee
reloadAllAccessors: .PublisherSubscriberOpaqueD3

===========================================================================================
----------------- testing Sat Sep 26 16:15:25 UTC 2020 /home/travis/build/icyphy/ptII/ptolemy/actor/lib/test/auto/PublisherSubscriberOpaqueD3Reverse.xml
----------------- Instantiating /home/travis/build/icyphy/ptII/ptolemy/actor/lib/test/auto/PublisherSubscriberOpaqueD3Reverse.xml
8 ms. Memory: 440320K Free: 376085K (85%)
----------------- Invoking toplevel() on ptolemy.moml.MoMLSimpleApplication@7d87d240
----------------- Done invoking toplevel() on ptolemy.moml.MoMLSimpleApplication@7d87d240
reloadAllAccessors: .PublisherSubscriberOpaqueD3Reverse

===========================================================================================
----------------- testing Sat Sep 26 16:15:25 UTC 2020 /home/travis/build/icyphy/ptII/ptolemy/actor/lib/test/auto/PublisherSubscriberOpaqueWidthInference.xml
----------------- Instantiating /home/travis/build/icyphy/ptII/ptolemy/actor/lib/test/auto/PublisherSubscriberOpaqueWidthInference.xml
5 ms. Memory: 440320K Free: 367879K (84%)
----------------- Invoking toplevel() on ptolemy.moml.MoMLSimpleApplication@3ae1a33b
----------------- Done invoking toplevel() on ptolemy.moml.MoMLSimpleApplication@3ae1a33b
reloadAllAccessors: .PublisherSubscriberOpaqueWidthInference

===========================================================================================
----------------- testing Sat Sep 26 16:15:25 UTC 2020 /home/travis/build/icyphy/ptII/ptolemy/actor/lib/test/auto/PublisherTestSubscriber.xml
----------------- Instantiating /home/travis/build/icyphy/ptII/ptolemy/actor/lib/test/auto/PublisherTestSubscriber.xml
3 ms. Memory: 440320K Free: 360215K (82%)
----------------- Invoking toplevel() on ptolemy.moml.MoMLSimpleApplication@3b78905a
----------------- Done invoking toplevel() on ptolemy.moml.MoMLSimpleApplication@3b78905a
reloadAllAccessors: .PublisherTestSubscriber

===========================================================================================
----------------- testing Sat Sep 26 16:15:25 UTC 2020 /home/travis/build/icyphy/ptII/ptolemy/actor/lib/test/auto/PublisherToplevelSubscriberPortAOC.xml
----------------- Instantiating /home/travis/build/icyphy/ptII/ptolemy/actor/lib/test/auto/PublisherToplevelSubscriberPortAOC.xml
2 ms. Memory: 440320K Free: 353551K (80%)
----------------- Invoking toplevel() on ptolemy.moml.MoMLSimpleApplication@315e6e9
----------------- Done invoking toplevel() on ptolemy.moml.MoMLSimpleApplication@315e6e9
reloadAllAccessors: .PublisherToplevelSubscriberPortAOC

===========================================================================================
----------------- testing Sat Sep 26 16:15:25 UTC 2020 /home/travis/build/icyphy/ptII/ptolemy/actor/lib/test/auto/PulseFiringLimitDE.xml
----------------- Instantiating /home/travis/build/icyphy/ptII/ptolemy/actor/lib/test/auto/PulseFiringLimitDE.xml
2 ms. Memory: 440320K Free: 346903K (79%)
----------------- Invoking toplevel() on ptolemy.moml.MoMLSimpleApplication@544b64af
----------------- Done invoking toplevel() on ptolemy.moml.MoMLSimpleApplication@544b64af
reloadAllAccessors: .PulseFiringLimitDE

===========================================================================================
----------------- testing Sat Sep 26 16:15:25 UTC 2020 /home/travis/build/icyphy/ptII/ptolemy/actor/lib/test/auto/Ramp1.xml
----------------- Instantiating /home/travis/build/icyphy/ptII/ptolemy/actor/lib/test/auto/Ramp1.xml
1 ms. Memory: 440320K Free: 342279K (78%)
----------------- Invoking toplevel() on ptolemy.moml.MoMLSimpleApplication@74091851
----------------- Done invoking toplevel() on ptolemy.moml.MoMLSimpleApplication@74091851
reloadAllAccessors: .Ramp1

===========================================================================================
----------------- testing Sat Sep 26 16:15:25 UTC 2020 /home/travis/build/icyphy/ptII/ptolemy/actor/lib/test/auto/RampFiringLimitDE.xml
----------------- Instantiating /home/travis/build/icyphy/ptII/ptolemy/actor/lib/test/auto/RampFiringLimitDE.xml
2 ms. Memory: 440320K Free: 336135K (76%)
----------------- Invoking toplevel() on ptolemy.moml.MoMLSimpleApplication@492ebdcd
----------------- Done invoking toplevel() on ptolemy.moml.MoMLSimpleApplication@492ebdcd
reloadAllAccessors: .RampFiringLimitDE

===========================================================================================
----------------- testing Sat Sep 26 16:15:25 UTC 2020 /home/travis/build/icyphy/ptII/ptolemy/actor/lib/test/auto/RampFiringLimitSDF.xml
----------------- Instantiating /home/travis/build/icyphy/ptII/ptolemy/actor/lib/test/auto/RampFiringLimitSDF.xml
2 ms. Memory: 440320K Free: 330519K (75%)
----------------- Invoking toplevel() on ptolemy.moml.MoMLSimpleApplication@53014153
----------------- Done invoking toplevel() on ptolemy.moml.MoMLSimpleApplication@53014153
reloadAllAccessors: .RampFiringLimitSDF

===========================================================================================
----------------- testing Sat Sep 26 16:15:25 UTC 2020 /home/travis/build/icyphy/ptII/ptolemy/actor/lib/test/auto/RandomInteger.xml
----------------- Instantiating /home/travis/build/icyphy/ptII/ptolemy/actor/lib/test/auto/RandomInteger.xml
2 ms. Memory: 440320K Free: 326423K (74%)
----------------- Invoking toplevel() on ptolemy.moml.MoMLSimpleApplication@1e6c048f
----------------- Done invoking toplevel() on ptolemy.moml.MoMLSimpleApplication@1e6c048f
reloadAllAccessors: .RandomInteger

===========================================================================================
----------------- testing Sat Sep 26 16:15:25 UTC 2020 /home/travis/build/icyphy/ptII/ptolemy/actor/lib/test/auto/ReadFile1.xml
----------------- Instantiating /home/travis/build/icyphy/ptII/ptolemy/actor/lib/test/auto/ReadFile1.xml
2 ms. Memory: 440320K Free: 321813K (73%)
----------------- Invoking toplevel() on ptolemy.moml.MoMLSimpleApplication@3470dca2
----------------- Done invoking toplevel() on ptolemy.moml.MoMLSimpleApplication@3470dca2
reloadAllAccessors: .ReadFile1

===========================================================================================
----------------- testing Sat Sep 26 16:15:25 UTC 2020 /home/travis/build/icyphy/ptII/ptolemy/actor/lib/test/auto/ReadFile2.xml
----------------- Instantiating /home/travis/build/icyphy/ptII/ptolemy/actor/lib/test/auto/ReadFile2.xml
1 ms. Memory: 440320K Free: 317717K (72%)
----------------- Invoking toplevel() on ptolemy.moml.MoMLSimpleApplication@2443adc8
----------------- Done invoking toplevel() on ptolemy.moml.MoMLSimpleApplication@2443adc8
reloadAllAccessors: .ReadFile2

===========================================================================================
----------------- testing Sat Sep 26 16:15:26 UTC 2020 /home/travis/build/icyphy/ptII/ptolemy/actor/lib/test/auto/Reader.xml
----------------- Instantiating /home/travis/build/icyphy/ptII/ptolemy/actor/lib/test/auto/Reader.xml
actor.lib.Reader is obsolete, use actor.lib.io.ExpressionReader instead
2 ms. Memory: 440320K Free: 313111K (71%)
----------------- Invoking toplevel() on ptolemy.moml.MoMLSimpleApplication@3363df32
----------------- Done invoking toplevel() on ptolemy.moml.MoMLSimpleApplication@3363df32
reloadAllAccessors: .Reader

===========================================================================================
----------------- testing Sat Sep 26 16:15:26 UTC 2020 /home/travis/build/icyphy/ptII/ptolemy/actor/lib/test/auto/RecordAssemblerDisplayNameTest.xml
----------------- Instantiating /home/travis/build/icyphy/ptII/ptolemy/actor/lib/test/auto/RecordAssemblerDisplayNameTest.xml
3596 ms. Memory: 440320K Free: 146432K (33%)
----------------- Invoking toplevel() on ptolemy.moml.MoMLSimpleApplication@40811708
----------------- Done invoking toplevel() on ptolemy.moml.MoMLSimpleApplication@40811708
reloadAllAccessors: .RecordAssemblerDisplayNameTest

===========================================================================================
----------------- testing Sat Sep 26 16:15:29 UTC 2020 /home/travis/build/icyphy/ptII/ptolemy/actor/lib/test/auto/RecordAssemblerTypeError.xml
----------------- Instantiating /home/travis/build/icyphy/ptII/ptolemy/actor/lib/test/auto/RecordAssemblerTypeError.xml
16 ms. Memory: 440320K Free: 136702K (31%)
----------------- Invoking toplevel() on ptolemy.moml.MoMLSimpleApplication@586b5ed3
----------------- Done invoking toplevel() on ptolemy.moml.MoMLSimpleApplication@586b5ed3
reloadAllAccessors: .RecordAssemblerTypeError

===========================================================================================
----------------- testing Sat Sep 26 16:15:29 UTC 2020 /home/travis/build/icyphy/ptII/ptolemy/actor/lib/test/auto/RecordDisassember.xml
----------------- Instantiating /home/travis/build/icyphy/ptII/ptolemy/actor/lib/test/auto/RecordDisassember.xml
3 ms. Memory: 440320K Free: 131549K (30%)
----------------- Invoking toplevel() on ptolemy.moml.MoMLSimpleApplication@62dbbfec
----------------- Done invoking toplevel() on ptolemy.moml.MoMLSimpleApplication@62dbbfec
reloadAllAccessors: .RecordDisassember

===========================================================================================
----------------- testing Sat Sep 26 16:15:29 UTC 2020 /home/travis/build/icyphy/ptII/ptolemy/actor/lib/test/auto/RecordDisassemberDisplayNameTest.xml
----------------- Instantiating /home/travis/build/icyphy/ptII/ptolemy/actor/lib/test/auto/RecordDisassemberDisplayNameTest.xml
5 ms. Memory: 440320K Free: 385024K (87%)
----------------- Invoking toplevel() on ptolemy.moml.MoMLSimpleApplication@63617e5
----------------- Done invoking toplevel() on ptolemy.moml.MoMLSimpleApplication@63617e5
reloadAllAccessors: .RecordDisassemberDisplayNameTest

===========================================================================================
----------------- testing Sat Sep 26 16:15:29 UTC 2020 /home/travis/build/icyphy/ptII/ptolemy/actor/lib/test/auto/RecordDisassembler.xml
----------------- Instantiating /home/travis/build/icyphy/ptII/ptolemy/actor/lib/test/auto/RecordDisassembler.xml
3 ms. Memory: 440320K Free: 379359K (86%)
----------------- Invoking toplevel() on ptolemy.moml.MoMLSimpleApplication@3de4afd8
----------------- Done invoking toplevel() on ptolemy.moml.MoMLSimpleApplication@3de4afd8
reloadAllAccessors: .RecordDisassembler

===========================================================================================
----------------- testing Sat Sep 26 16:15:29 UTC 2020 /home/travis/build/icyphy/ptII/ptolemy/actor/lib/test/auto/RecordDisassembler2.xml
----------------- Instantiating /home/travis/build/icyphy/ptII/ptolemy/actor/lib/test/auto/RecordDisassembler2.xml
2 ms. Memory: 440320K Free: 374255K (85%)
----------------- Invoking toplevel() on ptolemy.moml.MoMLSimpleApplication@8d1697
----------------- Done invoking toplevel() on ptolemy.moml.MoMLSimpleApplication@8d1697
reloadAllAccessors: .RecordDisassembler2

===========================================================================================
----------------- testing Sat Sep 26 16:15:29 UTC 2020 /home/travis/build/icyphy/ptII/ptolemy/actor/lib/test/auto/RecordUpdater.xml
----------------- Instantiating /home/travis/build/icyphy/ptII/ptolemy/actor/lib/test/auto/RecordUpdater.xml
2 ms. Memory: 440320K Free: 369150K (84%)
----------------- Invoking toplevel() on ptolemy.moml.MoMLSimpleApplication@1aa58237
----------------- Done invoking toplevel() on ptolemy.moml.MoMLSimpleApplication@1aa58237
reloadAllAccessors: .RecordUpdater

===========================================================================================
----------------- testing Sat Sep 26 16:15:29 UTC 2020 /home/travis/build/icyphy/ptII/ptolemy/actor/lib/test/auto/RecordUpdater2.xml
----------------- Instantiating /home/travis/build/icyphy/ptII/ptolemy/actor/lib/test/auto/RecordUpdater2.xml
2 ms. Memory: 440320K Free: 363520K (83%)
----------------- Invoking toplevel() on ptolemy.moml.MoMLSimpleApplication@4ccff6e2
----------------- Done invoking toplevel() on ptolemy.moml.MoMLSimpleApplication@4ccff6e2
reloadAllAccessors: .RecordUpdater2

===========================================================================================
----------------- testing Sat Sep 26 16:15:29 UTC 2020 /home/travis/build/icyphy/ptII/ptolemy/actor/lib/test/auto/RecursiveLattice.xml
----------------- Instantiating /home/travis/build/icyphy/ptII/ptolemy/actor/lib/test/auto/RecursiveLattice.xml
2 ms. Memory: 440320K Free: 359424K (82%)
----------------- Invoking toplevel() on ptolemy.moml.MoMLSimpleApplication@323ce5e7
----------------- Done invoking toplevel() on ptolemy.moml.MoMLSimpleApplication@323ce5e7
reloadAllAccessors: .RecursiveLattice

===========================================================================================
----------------- testing Sat Sep 26 16:15:29 UTC 2020 /home/travis/build/icyphy/ptII/ptolemy/actor/lib/test/auto/Router.xml
----------------- Instantiating /home/travis/build/icyphy/ptII/ptolemy/actor/lib/test/auto/Router.xml
3004 ms. Memory: 440320K Free: 348670K (79%)
----------------- Invoking toplevel() on ptolemy.moml.MoMLSimpleApplication@579a36eb
----------------- Done invoking toplevel() on ptolemy.moml.MoMLSimpleApplication@579a36eb
reloadAllAccessors: .Router

===========================================================================================
----------------- testing Sat Sep 26 16:15:32 UTC 2020 /home/travis/build/icyphy/ptII/ptolemy/actor/lib/test/auto/Router2.xml
----------------- Instantiating /home/travis/build/icyphy/ptII/ptolemy/actor/lib/test/auto/Router2.xml
3006 ms. Memory: 440320K Free: 337406K (77%)
----------------- Invoking toplevel() on ptolemy.moml.MoMLSimpleApplication@7eca6aa6
----------------- Done invoking toplevel() on ptolemy.moml.MoMLSimpleApplication@7eca6aa6
reloadAllAccessors: .Router2

===========================================================================================
----------------- testing Sat Sep 26 16:15:35 UTC 2020 /home/travis/build/icyphy/ptII/ptolemy/actor/lib/test/auto/RunningMaximum.xml
----------------- Instantiating /home/travis/build/icyphy/ptII/ptolemy/actor/lib/test/auto/RunningMaximum.xml
6 ms. Memory: 440320K Free: 332800K (76%)
----------------- Invoking toplevel() on ptolemy.moml.MoMLSimpleApplication@1393b25d
----------------- Done invoking toplevel() on ptolemy.moml.MoMLSimpleApplication@1393b25d
reloadAllAccessors: .RunningMaximum

===========================================================================================
----------------- testing Sat Sep 26 16:15:35 UTC 2020 /home/travis/build/icyphy/ptII/ptolemy/actor/lib/test/auto/RunningMinimum.xml
----------------- Instantiating /home/travis/build/icyphy/ptII/ptolemy/actor/lib/test/auto/RunningMinimum.xml
8 ms. Memory: 440320K Free: 328190K (75%)
----------------- Invoking toplevel() on ptolemy.moml.MoMLSimpleApplication@57bb9f71
----------------- Done invoking toplevel() on ptolemy.moml.MoMLSimpleApplication@57bb9f71
reloadAllAccessors: .RunningMinimum

===========================================================================================
----------------- testing Sat Sep 26 16:15:35 UTC 2020 /home/travis/build/icyphy/ptII/ptolemy/actor/lib/test/auto/Scale.xml
----------------- Instantiating /home/travis/build/icyphy/ptII/ptolemy/actor/lib/test/auto/Scale.xml
2 ms. Memory: 440320K Free: 323584K (73%)
----------------- Invoking toplevel() on ptolemy.moml.MoMLSimpleApplication@447bb36d
----------------- Done invoking toplevel() on ptolemy.moml.MoMLSimpleApplication@447bb36d
reloadAllAccessors: .Scale

===========================================================================================
----------------- testing Sat Sep 26 16:15:35 UTC 2020 /home/travis/build/icyphy/ptII/ptolemy/actor/lib/test/auto/Scale2.xml
----------------- Instantiating /home/travis/build/icyphy/ptII/ptolemy/actor/lib/test/auto/Scale2.xml
1 ms. Memory: 440320K Free: 318464K (72%)
----------------- Invoking toplevel() on ptolemy.moml.MoMLSimpleApplication@43f0f5b1
----------------- Done invoking toplevel() on ptolemy.moml.MoMLSimpleApplication@43f0f5b1
reloadAllAccessors: .Scale2

===========================================================================================
----------------- testing Sat Sep 26 16:15:35 UTC 2020 /home/travis/build/icyphy/ptII/ptolemy/actor/lib/test/auto/Scale3.xml
----------------- Instantiating /home/travis/build/icyphy/ptII/ptolemy/actor/lib/test/auto/Scale3.xml
3 ms. Memory: 440320K Free: 312320K (71%)
----------------- Invoking toplevel() on ptolemy.moml.MoMLSimpleApplication@2181f3eb
----------------- Done invoking toplevel() on ptolemy.moml.MoMLSimpleApplication@2181f3eb
reloadAllAccessors: .Scale3

===========================================================================================
----------------- testing Sat Sep 26 16:15:35 UTC 2020 /home/travis/build/icyphy/ptII/ptolemy/actor/lib/test/auto/ScaleArray.xml
----------------- Instantiating /home/travis/build/icyphy/ptII/ptolemy/actor/lib/test/auto/ScaleArray.xml
1 ms. Memory: 440320K Free: 307710K (70%)
----------------- Invoking toplevel() on ptolemy.moml.MoMLSimpleApplication@760d85f3
----------------- Done invoking toplevel() on ptolemy.moml.MoMLSimpleApplication@760d85f3
reloadAllAccessors: .ScaleArray

===========================================================================================
----------------- testing Sat Sep 26 16:15:35 UTC 2020 /home/travis/build/icyphy/ptII/ptolemy/actor/lib/test/auto/ScaleArray2.xml
----------------- Instantiating /home/travis/build/icyphy/ptII/ptolemy/actor/lib/test/auto/ScaleArray2.xml
1 ms. Memory: 440320K Free: 302590K (69%)
----------------- Invoking toplevel() on ptolemy.moml.MoMLSimpleApplication@7f6a23a9
----------------- Done invoking toplevel() on ptolemy.moml.MoMLSimpleApplication@7f6a23a9
reloadAllAccessors: .ScaleArray2

===========================================================================================
----------------- testing Sat Sep 26 16:15:35 UTC 2020 /home/travis/build/icyphy/ptII/ptolemy/actor/lib/test/auto/ScaleMatrix.xml
----------------- Instantiating /home/travis/build/icyphy/ptII/ptolemy/actor/lib/test/auto/ScaleMatrix.xml
140 ms. Memory: 440320K Free: 288768K (66%)
----------------- Invoking toplevel() on ptolemy.moml.MoMLSimpleApplication@204bfd1e
----------------- Done invoking toplevel() on ptolemy.moml.MoMLSimpleApplication@204bfd1e
reloadAllAccessors: .ScaleMatrix

===========================================================================================
----------------- testing Sat Sep 26 16:15:36 UTC 2020 /home/travis/build/icyphy/ptII/ptolemy/actor/lib/test/auto/Select.xml
----------------- Instantiating /home/travis/build/icyphy/ptII/ptolemy/actor/lib/test/auto/Select.xml
2 ms. Memory: 440320K Free: 282624K (64%)
----------------- Invoking toplevel() on ptolemy.moml.MoMLSimpleApplication@7e907ab1
----------------- Done invoking toplevel() on ptolemy.moml.MoMLSimpleApplication@7e907ab1
reloadAllAccessors: .Select

===========================================================================================
----------------- testing Sat Sep 26 16:15:36 UTC 2020 /home/travis/build/icyphy/ptII/ptolemy/actor/lib/test/auto/Select2.xml
----------------- Instantiating /home/travis/build/icyphy/ptII/ptolemy/actor/lib/test/auto/Select2.xml
1 ms. Memory: 440320K Free: 277504K (63%)
----------------- Invoking toplevel() on ptolemy.moml.MoMLSimpleApplication@4b695d
----------------- Done invoking toplevel() on ptolemy.moml.MoMLSimpleApplication@4b695d
reloadAllAccessors: .Select2

===========================================================================================
----------------- testing Sat Sep 26 16:15:36 UTC 2020 /home/travis/build/icyphy/ptII/ptolemy/actor/lib/test/auto/SequenceToArray2.xml
----------------- Instantiating /home/travis/build/icyphy/ptII/ptolemy/actor/lib/test/auto/SequenceToArray2.xml
98 ms. Memory: 440320K Free: 253438K (58%)
----------------- Invoking toplevel() on ptolemy.moml.MoMLSimpleApplication@45d1ac4b
----------------- Done invoking toplevel() on ptolemy.moml.MoMLSimpleApplication@45d1ac4b
reloadAllAccessors: .SequenceToArray2

===========================================================================================
----------------- testing Sat Sep 26 16:15:36 UTC 2020 /home/travis/build/icyphy/ptII/ptolemy/actor/lib/test/auto/SequentialClock.xml
----------------- Instantiating /home/travis/build/icyphy/ptII/ptolemy/actor/lib/test/auto/SequentialClock.xml
1 ms. Memory: 440320K Free: 249342K (57%)
----------------- Invoking toplevel() on ptolemy.moml.MoMLSimpleApplication@784ce2a3
----------------- Done invoking toplevel() on ptolemy.moml.MoMLSimpleApplication@784ce2a3
reloadAllAccessors: .SequentialClock

===========================================================================================
----------------- testing Sat Sep 26 16:15:36 UTC 2020 /home/travis/build/icyphy/ptII/ptolemy/actor/lib/test/auto/SetVariable.xml
----------------- Instantiating /home/travis/build/icyphy/ptII/ptolemy/actor/lib/test/auto/SetVariable.xml
3 ms. Memory: 440320K Free: 244222K (55%)
----------------- Invoking toplevel() on ptolemy.moml.MoMLSimpleApplication@4aba3306
----------------- Done invoking toplevel() on ptolemy.moml.MoMLSimpleApplication@4aba3306
reloadAllAccessors: .SetVariable

===========================================================================================
----------------- testing Sat Sep 26 16:15:36 UTC 2020 /home/travis/build/icyphy/ptII/ptolemy/actor/lib/test/auto/SetVariable2.xml
----------------- Instantiating /home/travis/build/icyphy/ptII/ptolemy/actor/lib/test/auto/SetVariable2.xml
3 ms. Memory: 440320K Free: 238592K (54%)
----------------- Invoking toplevel() on ptolemy.moml.MoMLSimpleApplication@11177369
----------------- Done invoking toplevel() on ptolemy.moml.MoMLSimpleApplication@11177369
reloadAllAccessors: .SetVariable2

===========================================================================================
----------------- testing Sat Sep 26 16:15:36 UTC 2020 /home/travis/build/icyphy/ptII/ptolemy/actor/lib/test/auto/SetVariable3.xml
----------------- Instantiating /home/travis/build/icyphy/ptII/ptolemy/actor/lib/test/auto/SetVariable3.xml
8 ms. Memory: 440320K Free: 233472K (53%)
----------------- Invoking toplevel() on ptolemy.moml.MoMLSimpleApplication@667fd762
----------------- Done invoking toplevel() on ptolemy.moml.MoMLSimpleApplication@667fd762
reloadAllAccessors: .SetVariable3

===========================================================================================
----------------- testing Sat Sep 26 16:15:36 UTC 2020 /home/travis/build/icyphy/ptII/ptolemy/actor/lib/test/auto/SetVariable4.xml
----------------- Instantiating /home/travis/build/icyphy/ptII/ptolemy/actor/lib/test/auto/SetVariable4.xml
16 ms. Memory: 440320K Free: 223230K (51%)
----------------- Invoking toplevel() on ptolemy.moml.MoMLSimpleApplication@7cda2ac0
----------------- Done invoking toplevel() on ptolemy.moml.MoMLSimpleApplication@7cda2ac0
reloadAllAccessors: .SetVariable4

===========================================================================================
----------------- testing Sat Sep 26 16:15:36 UTC 2020 /home/travis/build/icyphy/ptII/ptolemy/actor/lib/test/auto/SetVariable5.xml
----------------- Instantiating /home/travis/build/icyphy/ptII/ptolemy/actor/lib/test/auto/SetVariable5.xml
18 ms. Memory: 440320K Free: 214016K (49%)
----------------- Invoking toplevel() on ptolemy.moml.MoMLSimpleApplication@4de016e8
----------------- Done invoking toplevel() on ptolemy.moml.MoMLSimpleApplication@4de016e8
reloadAllAccessors: .SetVariable5

===========================================================================================
----------------- testing Sat Sep 26 16:15:36 UTC 2020 /home/travis/build/icyphy/ptII/ptolemy/actor/lib/test/auto/Sinewave.xml
----------------- Instantiating /home/travis/build/icyphy/ptII/ptolemy/actor/lib/test/auto/Sinewave.xml
6 ms. Memory: 440320K Free: 203776K (46%)
----------------- Invoking toplevel() on ptolemy.moml.MoMLSimpleApplication@7478c590
----------------- Done invoking toplevel() on ptolemy.moml.MoMLSimpleApplication@7478c590
reloadAllAccessors: .Sinewave

===========================================================================================
----------------- testing Sat Sep 26 16:15:36 UTC 2020 /home/travis/build/icyphy/ptII/ptolemy/actor/lib/test/auto/Sinewave2.xml
----------------- Instantiating /home/travis/build/icyphy/ptII/ptolemy/actor/lib/test/auto/Sinewave2.xml
9 ms. Memory: 440320K Free: 195055K (44%)
----------------- Invoking toplevel() on ptolemy.moml.MoMLSimpleApplication@34b7b17b
----------------- Done invoking toplevel() on ptolemy.moml.MoMLSimpleApplication@34b7b17b
reloadAllAccessors: .Sinewave2

===========================================================================================
----------------- testing Sat Sep 26 16:15:36 UTC 2020 /home/travis/build/icyphy/ptII/ptolemy/actor/lib/test/auto/Sinewave3.xml
----------------- Instantiating /home/travis/build/icyphy/ptII/ptolemy/actor/lib/test/auto/Sinewave3.xml
7 ms. Memory: 440320K Free: 186863K (42%)
----------------- Invoking toplevel() on ptolemy.moml.MoMLSimpleApplication@4a0d0a5a
----------------- Done invoking toplevel() on ptolemy.moml.MoMLSimpleApplication@4a0d0a5a
reloadAllAccessors: .Sinewave3

===========================================================================================
----------------- testing Sat Sep 26 16:15:36 UTC 2020 /home/travis/build/icyphy/ptII/ptolemy/actor/lib/test/auto/SingleEvent.xml
----------------- Instantiating /home/travis/build/icyphy/ptII/ptolemy/actor/lib/test/auto/SingleEvent.xml
1 ms. Memory: 440320K Free: 182782K (42%)
----------------- Invoking toplevel() on ptolemy.moml.MoMLSimpleApplication@12ed4ae4
----------------- Done invoking toplevel() on ptolemy.moml.MoMLSimpleApplication@12ed4ae4
reloadAllAccessors: .SingleEvent

===========================================================================================
----------------- testing Sat Sep 26 16:15:36 UTC 2020 /home/travis/build/icyphy/ptII/ptolemy/actor/lib/test/auto/Sleep.xml
----------------- Instantiating /home/travis/build/icyphy/ptII/ptolemy/actor/lib/test/auto/Sleep.xml
6003 ms. Memory: 440320K Free: 176607K (40%)
----------------- Invoking toplevel() on ptolemy.moml.MoMLSimpleApplication@f4dcb57
----------------- Done invoking toplevel() on ptolemy.moml.MoMLSimpleApplication@f4dcb57
reloadAllAccessors: .Sleep

===========================================================================================
----------------- testing Sat Sep 26 16:15:42 UTC 2020 /home/travis/build/icyphy/ptII/ptolemy/actor/lib/test/auto/SleepMultipleFire.xml
----------------- Instantiating /home/travis/build/icyphy/ptII/ptolemy/actor/lib/test/auto/SleepMultipleFire.xml
1012 ms. Memory: 440320K Free: 171008K (39%)
----------------- Invoking toplevel() on ptolemy.moml.MoMLSimpleApplication@3e87f8bd
----------------- Done invoking toplevel() on ptolemy.moml.MoMLSimpleApplication@3e87f8bd
reloadAllAccessors: .SleepMultipleFire

===========================================================================================
----------------- testing Sat Sep 26 16:15:43 UTC 2020 /home/travis/build/icyphy/ptII/ptolemy/actor/lib/test/auto/StopDE.xml
----------------- Instantiating /home/travis/build/icyphy/ptII/ptolemy/actor/lib/test/auto/StopDE.xml
4 ms. Memory: 440320K Free: 164864K (37%)
----------------- Invoking toplevel() on ptolemy.moml.MoMLSimpleApplication@6df4e907
----------------- Done invoking toplevel() on ptolemy.moml.MoMLSimpleApplication@6df4e907
reloadAllAccessors: .StopDE

===========================================================================================
----------------- testing Sat Sep 26 16:15:43 UTC 2020 /home/travis/build/icyphy/ptII/ptolemy/actor/lib/test/auto/StopSDF.xml
----------------- Instantiating /home/travis/build/icyphy/ptII/ptolemy/actor/lib/test/auto/StopSDF.xml
4 ms. Memory: 440320K Free: 159744K (36%)
----------------- Invoking toplevel() on ptolemy.moml.MoMLSimpleApplication@4d89517b
----------------- Done invoking toplevel() on ptolemy.moml.MoMLSimpleApplication@4d89517b
reloadAllAccessors: .StopSDF

===========================================================================================
----------------- testing Sat Sep 26 16:15:43 UTC 2020 /home/travis/build/icyphy/ptII/ptolemy/actor/lib/test/auto/StringConstant.xml
----------------- Instantiating /home/travis/build/icyphy/ptII/ptolemy/actor/lib/test/auto/StringConstant.xml
9 ms. Memory: 440320K Free: 155134K (35%)
----------------- Invoking toplevel() on ptolemy.moml.MoMLSimpleApplication@59637955
----------------- Done invoking toplevel() on ptolemy.moml.MoMLSimpleApplication@59637955
reloadAllAccessors: .StringConstant

===========================================================================================
----------------- testing Sat Sep 26 16:15:43 UTC 2020 /home/travis/build/icyphy/ptII/ptolemy/actor/lib/test/auto/SubscriberPortInitialValues1.xml
----------------- Instantiating /home/travis/build/icyphy/ptII/ptolemy/actor/lib/test/auto/SubscriberPortInitialValues1.xml
10 ms. Memory: 440320K Free: 145918K (33%)
----------------- Invoking toplevel() on ptolemy.moml.MoMLSimpleApplication@53d02afb
----------------- Done invoking toplevel() on ptolemy.moml.MoMLSimpleApplication@53d02afb
reloadAllAccessors: .SubscriberPortInitialValues1

===========================================================================================
----------------- testing Sat Sep 26 16:15:43 UTC 2020 /home/travis/build/icyphy/ptII/ptolemy/actor/lib/test/auto/SubscriberPortInitialValues13.xml
----------------- Instantiating /home/travis/build/icyphy/ptII/ptolemy/actor/lib/test/auto/SubscriberPortInitialValues13.xml
5 ms. Memory: 440320K Free: 132606K (30%)
----------------- Invoking toplevel() on ptolemy.moml.MoMLSimpleApplication@53e7fe6b
----------------- Done invoking toplevel() on ptolemy.moml.MoMLSimpleApplication@53e7fe6b
reloadAllAccessors: .SubscriberPortInitialValues13

===========================================================================================
----------------- testing Sat Sep 26 16:15:43 UTC 2020 /home/travis/build/icyphy/ptII/ptolemy/actor/lib/test/auto/SubscriberPortInitialValues14.xml
----------------- Instantiating /home/travis/build/icyphy/ptII/ptolemy/actor/lib/test/auto/SubscriberPortInitialValues14.xml
4 ms. Memory: 440320K Free: 385388K (88%)
----------------- Invoking toplevel() on ptolemy.moml.MoMLSimpleApplication@131d64bb
----------------- Done invoking toplevel() on ptolemy.moml.MoMLSimpleApplication@131d64bb
reloadAllAccessors: .SubscriberPortInitialValues14

===========================================================================================
----------------- testing Sat Sep 26 16:15:43 UTC 2020 /home/travis/build/icyphy/ptII/ptolemy/actor/lib/test/auto/SubscriberPortInitialValues2.xml
----------------- Instantiating /home/travis/build/icyphy/ptII/ptolemy/actor/lib/test/auto/SubscriberPortInitialValues2.xml
3 ms. Memory: 440320K Free: 377196K (86%)
----------------- Invoking toplevel() on ptolemy.moml.MoMLSimpleApplication@33b3f3eb
----------------- Done invoking toplevel() on ptolemy.moml.MoMLSimpleApplication@33b3f3eb
reloadAllAccessors: .SubscriberPortInitialValues2

===========================================================================================
----------------- testing Sat Sep 26 16:15:43 UTC 2020 /home/travis/build/icyphy/ptII/ptolemy/actor/lib/test/auto/SubscriberPortInitialValues3.xml
----------------- Instantiating /home/travis/build/icyphy/ptII/ptolemy/actor/lib/test/auto/SubscriberPortInitialValues3.xml
4 ms. Memory: 440320K Free: 366442K (83%)
----------------- Invoking toplevel() on ptolemy.moml.MoMLSimpleApplication@b050c70
----------------- Done invoking toplevel() on ptolemy.moml.MoMLSimpleApplication@b050c70
reloadAllAccessors: .SubscriberPortInitialValues3

===========================================================================================
----------------- testing Sat Sep 26 16:15:43 UTC 2020 /home/travis/build/icyphy/ptII/ptolemy/actor/lib/test/auto/SubscriptionAggregator.xml
----------------- Instantiating /home/travis/build/icyphy/ptII/ptolemy/actor/lib/test/auto/SubscriptionAggregator.xml
2 ms. Memory: 440320K Free: 359260K (82%)
----------------- Invoking toplevel() on ptolemy.moml.MoMLSimpleApplication@a175cbc
----------------- Done invoking toplevel() on ptolemy.moml.MoMLSimpleApplication@a175cbc
reloadAllAccessors: .SubscriptionAggregator

===========================================================================================
----------------- testing Sat Sep 26 16:15:43 UTC 2020 /home/travis/build/icyphy/ptII/ptolemy/actor/lib/test/auto/SubscriptionAggregator2.xml
----------------- Instantiating /home/travis/build/icyphy/ptII/ptolemy/actor/lib/test/auto/SubscriptionAggregator2.xml
3 ms. Memory: 440320K Free: 352620K (80%)
----------------- Invoking toplevel() on ptolemy.moml.MoMLSimpleApplication@2c34cbbf
----------------- Done invoking toplevel() on ptolemy.moml.MoMLSimpleApplication@2c34cbbf
reloadAllAccessors: .SubscriptionAggregator2

===========================================================================================
----------------- testing Sat Sep 26 16:15:43 UTC 2020 /home/travis/build/icyphy/ptII/ptolemy/actor/lib/test/auto/SubscriptionAggregator3.xml
----------------- Instantiating /home/travis/build/icyphy/ptII/ptolemy/actor/lib/test/auto/SubscriptionAggregator3.xml
4 ms. Memory: 440320K Free: 343914K (78%)
----------------- Invoking toplevel() on ptolemy.moml.MoMLSimpleApplication@38318f15
----------------- Done invoking toplevel() on ptolemy.moml.MoMLSimpleApplication@38318f15
reloadAllAccessors: .SubscriptionAggregator3

===========================================================================================
----------------- testing Sat Sep 26 16:15:43 UTC 2020 /home/travis/build/icyphy/ptII/ptolemy/actor/lib/test/auto/SubscriptionAggregatorMultiply.xml
----------------- Instantiating /home/travis/build/icyphy/ptII/ptolemy/actor/lib/test/auto/SubscriptionAggregatorMultiply.xml
13 ms. Memory: 440320K Free: 335212K (76%)
----------------- Invoking toplevel() on ptolemy.moml.MoMLSimpleApplication@7d386fa1
----------------- Done invoking toplevel() on ptolemy.moml.MoMLSimpleApplication@7d386fa1
reloadAllAccessors: .SubscriptionAggregatorMultiply

===========================================================================================
----------------- testing Sat Sep 26 16:15:43 UTC 2020 /home/travis/build/icyphy/ptII/ptolemy/actor/lib/test/auto/SubscriptionAggregatorPortMultiply1.xml
----------------- Instantiating /home/travis/build/icyphy/ptII/ptolemy/actor/lib/test/auto/SubscriptionAggregatorPortMultiply1.xml
3 ms. Memory: 440320K Free: 327020K (74%)
----------------- Invoking toplevel() on ptolemy.moml.MoMLSimpleApplication@1e19ebd4
----------------- Done invoking toplevel() on ptolemy.moml.MoMLSimpleApplication@1e19ebd4
reloadAllAccessors: .SubscriptionAggregatorPortMultiply1

===========================================================================================
----------------- testing Sat Sep 26 16:15:43 UTC 2020 /home/travis/build/icyphy/ptII/ptolemy/actor/lib/test/auto/Switch.xml
----------------- Instantiating /home/travis/build/icyphy/ptII/ptolemy/actor/lib/test/auto/Switch.xml
7 ms. Memory: 440320K Free: 318314K (72%)
----------------- Invoking toplevel() on ptolemy.moml.MoMLSimpleApplication@3df1058e
----------------- Done invoking toplevel() on ptolemy.moml.MoMLSimpleApplication@3df1058e
reloadAllAccessors: .Switch

===========================================================================================
----------------- testing Sat Sep 26 16:15:43 UTC 2020 /home/travis/build/icyphy/ptII/ptolemy/actor/lib/test/auto/Switch2.xml
----------------- Instantiating /home/travis/build/icyphy/ptII/ptolemy/actor/lib/test/auto/Switch2.xml
1 ms. Memory: 440320K Free: 313708K (71%)
----------------- Invoking toplevel() on ptolemy.moml.MoMLSimpleApplication@799d87e7
----------------- Done invoking toplevel() on ptolemy.moml.MoMLSimpleApplication@799d87e7
reloadAllAccessors: .Switch2

===========================================================================================
----------------- testing Sat Sep 26 16:15:43 UTC 2020 /home/travis/build/icyphy/ptII/ptolemy/actor/lib/test/auto/SwitchDE.xml
----------------- Instantiating /home/travis/build/icyphy/ptII/ptolemy/actor/lib/test/auto/SwitchDE.xml
2 ms. Memory: 440320K Free: 307564K (70%)
----------------- Invoking toplevel() on ptolemy.moml.MoMLSimpleApplication@ba12437
----------------- Done invoking toplevel() on ptolemy.moml.MoMLSimpleApplication@ba12437
reloadAllAccessors: .SwitchDE

===========================================================================================
----------------- testing Sat Sep 26 16:15:43 UTC 2020 /home/travis/build/icyphy/ptII/ptolemy/actor/lib/test/auto/SynchronizerDE.xml
----------------- Instantiating /home/travis/build/icyphy/ptII/ptolemy/actor/lib/test/auto/SynchronizerDE.xml
7 ms. Memory: 440320K Free: 298844K (68%)
----------------- Invoking toplevel() on ptolemy.moml.MoMLSimpleApplication@57482f94
----------------- Done invoking toplevel() on ptolemy.moml.MoMLSimpleApplication@57482f94
reloadAllAccessors: .SynchronizerDE

===========================================================================================
----------------- testing Sat Sep 26 16:15:43 UTC 2020 /home/travis/build/icyphy/ptII/ptolemy/actor/lib/test/auto/Test.xml
----------------- Instantiating /home/travis/build/icyphy/ptII/ptolemy/actor/lib/test/auto/Test.xml
2 ms. Memory: 440320K Free: 293724K (67%)
----------------- Invoking toplevel() on ptolemy.moml.MoMLSimpleApplication@79d7edff
----------------- Done invoking toplevel() on ptolemy.moml.MoMLSimpleApplication@79d7edff
reloadAllAccessors: .Test

===========================================================================================
----------------- testing Sat Sep 26 16:15:43 UTC 2020 /home/travis/build/icyphy/ptII/ptolemy/actor/lib/test/auto/TestExceptionAttribute1.xml
----------------- Instantiating /home/travis/build/icyphy/ptII/ptolemy/actor/lib/test/auto/TestExceptionAttribute1.xml
1 ms. Memory: 440320K Free: 289642K (66%)
----------------- Invoking toplevel() on ptolemy.moml.MoMLSimpleApplication@2b3680a8
----------------- Done invoking toplevel() on ptolemy.moml.MoMLSimpleApplication@2b3680a8
reloadAllAccessors: .TestExceptionAttribute1

===========================================================================================
----------------- testing Sat Sep 26 16:15:43 UTC 2020 /home/travis/build/icyphy/ptII/ptolemy/actor/lib/test/auto/TestExceptionAttribute2.xml
----------------- Instantiating /home/travis/build/icyphy/ptII/ptolemy/actor/lib/test/auto/TestExceptionAttribute2.xml
1 ms. Memory: 440320K Free: 286060K (65%)
----------------- Invoking toplevel() on ptolemy.moml.MoMLSimpleApplication@6b744e01
----------------- Done invoking toplevel() on ptolemy.moml.MoMLSimpleApplication@6b744e01
reloadAllAccessors: .TestExceptionAttribute2

===========================================================================================
----------------- testing Sat Sep 26 16:15:43 UTC 2020 /home/travis/build/icyphy/ptII/ptolemy/actor/lib/test/auto/TestExceptionAttribute3.xml
----------------- Instantiating /home/travis/build/icyphy/ptII/ptolemy/actor/lib/test/auto/TestExceptionAttribute3.xml
.TestExceptionAttribute3.TestExceptionAttribute: initialize() was not invoked, but wrapup() was.  This is unusual, but not always a problem.  For example, exporting JNLP will do this.
0 ms. Memory: 440320K Free: 281964K (64%)
----------------- Invoking toplevel() on ptolemy.moml.MoMLSimpleApplication@2e85936b
----------------- Done invoking toplevel() on ptolemy.moml.MoMLSimpleApplication@2e85936b
reloadAllAccessors: .TestExceptionAttribute3

===========================================================================================
----------------- testing Sat Sep 26 16:15:43 UTC 2020 /home/travis/build/icyphy/ptII/ptolemy/actor/lib/test/auto/TestExceptionAttribute4.xml
----------------- Instantiating /home/travis/build/icyphy/ptII/ptolemy/actor/lib/test/auto/TestExceptionAttribute4.xml
.TestExceptionAttribute4.TestExceptionAttribute: initialize() was not invoked, but wrapup() was.  This is unusual, but not always a problem.  For example, exporting JNLP will do this.
.TestExceptionAttribute4.TestExceptionAttribute2: initialize() was not invoked, but wrapup() was.  This is unusual, but not always a problem.  For example, exporting JNLP will do this.
0 ms. Memory: 440320K Free: 277868K (63%)
----------------- Invoking toplevel() on ptolemy.moml.MoMLSimpleApplication@4e1dbec2
----------------- Done invoking toplevel() on ptolemy.moml.MoMLSimpleApplication@4e1dbec2
reloadAllAccessors: .TestExceptionAttribute4

===========================================================================================
----------------- testing Sat Sep 26 16:15:43 UTC 2020 /home/travis/build/icyphy/ptII/ptolemy/actor/lib/test/auto/TestExceptionHandler1.xml
----------------- Instantiating /home/travis/build/icyphy/ptII/ptolemy/actor/lib/test/auto/TestExceptionHandler1.xml
1 ms. Memory: 440320K Free: 274282K (62%)
----------------- Invoking toplevel() on ptolemy.moml.MoMLSimpleApplication@5c67f476
----------------- Done invoking toplevel() on ptolemy.moml.MoMLSimpleApplication@5c67f476
reloadAllAccessors: .TestExceptionHandler1

===========================================================================================
----------------- testing Sat Sep 26 16:15:43 UTC 2020 /home/travis/build/icyphy/ptII/ptolemy/actor/lib/test/auto/TestExceptionHandler2.xml
----------------- Instantiating /home/travis/build/icyphy/ptII/ptolemy/actor/lib/test/auto/TestExceptionHandler2.xml
1 ms. Memory: 440320K Free: 270186K (61%)
----------------- Invoking toplevel() on ptolemy.moml.MoMLSimpleApplication@6054cff5
----------------- Done invoking toplevel() on ptolemy.moml.MoMLSimpleApplication@6054cff5
reloadAllAccessors: .TestExceptionHandler2

===========================================================================================
----------------- testing Sat Sep 26 16:15:43 UTC 2020 /home/travis/build/icyphy/ptII/ptolemy/actor/lib/test/auto/TestExceptionHandler3.xml
----------------- Instantiating /home/travis/build/icyphy/ptII/ptolemy/actor/lib/test/auto/TestExceptionHandler3.xml
0 ms. Memory: 440320K Free: 266604K (61%)
----------------- Invoking toplevel() on ptolemy.moml.MoMLSimpleApplication@73525db3
----------------- Done invoking toplevel() on ptolemy.moml.MoMLSimpleApplication@73525db3
reloadAllAccessors: .TestExceptionHandler3

===========================================================================================
----------------- testing Sat Sep 26 16:15:43 UTC 2020 /home/travis/build/icyphy/ptII/ptolemy/actor/lib/test/auto/TestExceptionHandler4.xml
----------------- Instantiating /home/travis/build/icyphy/ptII/ptolemy/actor/lib/test/auto/TestExceptionHandler4.xml
1 ms. Memory: 440320K Free: 261994K (60%)
----------------- Invoking toplevel() on ptolemy.moml.MoMLSimpleApplication@364b50cb
----------------- Done invoking toplevel() on ptolemy.moml.MoMLSimpleApplication@364b50cb
reloadAllAccessors: .TestExceptionHandler4

===========================================================================================
----------------- testing Sat Sep 26 16:15:43 UTC 2020 /home/travis/build/icyphy/ptII/ptolemy/actor/lib/test/auto/TestRequireCorrectOrder.xml
----------------- Instantiating /home/travis/build/icyphy/ptII/ptolemy/actor/lib/test/auto/TestRequireCorrectOrder.xml
2 ms. Memory: 440320K Free: 256860K (58%)
----------------- Invoking toplevel() on ptolemy.moml.MoMLSimpleApplication@7eb17458
----------------- Done invoking toplevel() on ptolemy.moml.MoMLSimpleApplication@7eb17458
reloadAllAccessors: .TestRequireCorrectOrder

===========================================================================================
----------------- testing Sat Sep 26 16:15:43 UTC 2020 /home/travis/build/icyphy/ptII/ptolemy/actor/lib/test/auto/TestSimple.xml
----------------- Instantiating /home/travis/build/icyphy/ptII/ptolemy/actor/lib/test/auto/TestSimple.xml
4 ms. Memory: 440320K Free: 251748K (57%)
----------------- Invoking toplevel() on ptolemy.moml.MoMLSimpleApplication@60a7d6c2
----------------- Done invoking toplevel() on ptolemy.moml.MoMLSimpleApplication@60a7d6c2
reloadAllAccessors: .TestSimple

===========================================================================================
----------------- testing Sat Sep 26 16:15:43 UTC 2020 /home/travis/build/icyphy/ptII/ptolemy/actor/lib/test/auto/ThrowModelError.xml
----------------- Instantiating /home/travis/build/icyphy/ptII/ptolemy/actor/lib/test/auto/ThrowModelError.xml
1 ms. Memory: 440320K Free: 247148K (56%)
----------------- Invoking toplevel() on ptolemy.moml.MoMLSimpleApplication@1ab15bb4
----------------- Done invoking toplevel() on ptolemy.moml.MoMLSimpleApplication@1ab15bb4
reloadAllAccessors: .ThrowModelError

===========================================================================================
----------------- testing Sat Sep 26 16:15:44 UTC 2020 /home/travis/build/icyphy/ptII/ptolemy/actor/lib/test/auto/TimeDelayMicrosteps.xml
----------------- Instantiating /home/travis/build/icyphy/ptII/ptolemy/actor/lib/test/auto/TimeDelayMicrosteps.xml
2 ms. Memory: 440320K Free: 240460K (55%)
----------------- Invoking toplevel() on ptolemy.moml.MoMLSimpleApplication@701a2573
----------------- Done invoking toplevel() on ptolemy.moml.MoMLSimpleApplication@701a2573
reloadAllAccessors: .TimeDelayMicrosteps

===========================================================================================
----------------- testing Sat Sep 26 16:15:44 UTC 2020 /home/travis/build/icyphy/ptII/ptolemy/actor/lib/test/auto/TimeDelayMicrosteps2.xml
----------------- Instantiating /home/travis/build/icyphy/ptII/ptolemy/actor/lib/test/auto/TimeDelayMicrosteps2.xml
4 ms. Memory: 440320K Free: 232812K (53%)
----------------- Invoking toplevel() on ptolemy.moml.MoMLSimpleApplication@1856a289
----------------- Done invoking toplevel() on ptolemy.moml.MoMLSimpleApplication@1856a289
reloadAllAccessors: .TimeDelayMicrosteps2

===========================================================================================
----------------- testing Sat Sep 26 16:15:44 UTC 2020 /home/travis/build/icyphy/ptII/ptolemy/actor/lib/test/auto/TimeDelayMicrosteps3.xml
----------------- Instantiating /home/travis/build/icyphy/ptII/ptolemy/actor/lib/test/auto/TimeDelayMicrosteps3.xml
2 ms. Memory: 440320K Free: 226124K (51%)
----------------- Invoking toplevel() on ptolemy.moml.MoMLSimpleApplication@7119a647
----------------- Done invoking toplevel() on ptolemy.moml.MoMLSimpleApplication@7119a647
reloadAllAccessors: .TimeDelayMicrosteps3

===========================================================================================
----------------- testing Sat Sep 26 16:15:44 UTC 2020 /home/travis/build/icyphy/ptII/ptolemy/actor/lib/test/auto/TimeDelayVariableMicrosteps.xml
----------------- Instantiating /home/travis/build/icyphy/ptII/ptolemy/actor/lib/test/auto/TimeDelayVariableMicrosteps.xml
3 ms. Memory: 440320K Free: 218984K (50%)
----------------- Invoking toplevel() on ptolemy.moml.MoMLSimpleApplication@38a8523
----------------- Done invoking toplevel() on ptolemy.moml.MoMLSimpleApplication@38a8523
reloadAllAccessors: .TimeDelayVariableMicrosteps

===========================================================================================
----------------- testing Sat Sep 26 16:15:44 UTC 2020 /home/travis/build/icyphy/ptII/ptolemy/actor/lib/test/auto/TimeGap.xml
----------------- Instantiating /home/travis/build/icyphy/ptII/ptolemy/actor/lib/test/auto/TimeGap.xml
3 ms. Memory: 440320K Free: 213852K (49%)
----------------- Invoking toplevel() on ptolemy.moml.MoMLSimpleApplication@6b00e78b
----------------- Done invoking toplevel() on ptolemy.moml.MoMLSimpleApplication@6b00e78b
reloadAllAccessors: .TimeGap

===========================================================================================
----------------- testing Sat Sep 26 16:15:44 UTC 2020 /home/travis/build/icyphy/ptII/ptolemy/actor/lib/test/auto/TimeGap2.xml
----------------- Instantiating /home/travis/build/icyphy/ptII/ptolemy/actor/lib/test/auto/TimeGap2.xml
1 ms. Memory: 440320K Free: 207692K (47%)
----------------- Invoking toplevel() on ptolemy.moml.MoMLSimpleApplication@3a9f0364
----------------- Done invoking toplevel() on ptolemy.moml.MoMLSimpleApplication@3a9f0364
reloadAllAccessors: .TimeGap2

===========================================================================================
----------------- testing Sat Sep 26 16:15:44 UTC 2020 /home/travis/build/icyphy/ptII/ptolemy/actor/lib/test/auto/TimedSinewave.xml
----------------- Instantiating /home/travis/build/icyphy/ptII/ptolemy/actor/lib/test/auto/TimedSinewave.xml
25 ms. Memory: 440320K Free: 193386K (44%)
----------------- Invoking toplevel() on ptolemy.moml.MoMLSimpleApplication@4018003d
----------------- Done invoking toplevel() on ptolemy.moml.MoMLSimpleApplication@4018003d
reloadAllAccessors: .TimedSinewave

===========================================================================================
----------------- testing Sat Sep 26 16:15:44 UTC 2020 /home/travis/build/icyphy/ptII/ptolemy/actor/lib/test/auto/TimedSinewavePhase.xml
----------------- Instantiating /home/travis/build/icyphy/ptII/ptolemy/actor/lib/test/auto/TimedSinewavePhase.xml
8 ms. Memory: 440320K Free: 183146K (42%)
----------------- Invoking toplevel() on ptolemy.moml.MoMLSimpleApplication@7ad20f5f
----------------- Done invoking toplevel() on ptolemy.moml.MoMLSimpleApplication@7ad20f5f
reloadAllAccessors: .TimedSinewavePhase

===========================================================================================
----------------- testing Sat Sep 26 16:15:44 UTC 2020 /home/travis/build/icyphy/ptII/ptolemy/actor/lib/test/auto/Timer.xml
----------------- Instantiating /home/travis/build/icyphy/ptII/ptolemy/actor/lib/test/auto/Timer.xml
1 ms. Memory: 440320K Free: 177516K (40%)
----------------- Invoking toplevel() on ptolemy.moml.MoMLSimpleApplication@184c2a0d
----------------- Done invoking toplevel() on ptolemy.moml.MoMLSimpleApplication@184c2a0d
reloadAllAccessors: .Timer

===========================================================================================
----------------- testing Sat Sep 26 16:15:44 UTC 2020 /home/travis/build/icyphy/ptII/ptolemy/actor/lib/test/auto/TriangularDistTestModel.xml
----------------- Instantiating /home/travis/build/icyphy/ptII/ptolemy/actor/lib/test/auto/TriangularDistTestModel.xml
2 ms. Memory: 440320K Free: 171372K (39%)
----------------- Invoking toplevel() on ptolemy.moml.MoMLSimpleApplication@4e0175d4
----------------- Done invoking toplevel() on ptolemy.moml.MoMLSimpleApplication@4e0175d4
reloadAllAccessors: .TriangularDistTestModel

===========================================================================================
----------------- testing Sat Sep 26 16:15:44 UTC 2020 /home/travis/build/icyphy/ptII/ptolemy/actor/lib/test/auto/TrigFunction.xml
----------------- Instantiating /home/travis/build/icyphy/ptII/ptolemy/actor/lib/test/auto/TrigFunction.xml
1 ms. Memory: 440320K Free: 166762K (38%)
----------------- Invoking toplevel() on ptolemy.moml.MoMLSimpleApplication@1d40554
----------------- Done invoking toplevel() on ptolemy.moml.MoMLSimpleApplication@1d40554
reloadAllAccessors: .TrigFunction

===========================================================================================
----------------- testing Sat Sep 26 16:15:44 UTC 2020 /home/travis/build/icyphy/ptII/ptolemy/actor/lib/test/auto/TrigFunctionDE.xml
----------------- Instantiating /home/travis/build/icyphy/ptII/ptolemy/actor/lib/test/auto/TrigFunctionDE.xml
1 ms. Memory: 440320K Free: 160612K (36%)
----------------- Invoking toplevel() on ptolemy.moml.MoMLSimpleApplication@699377e4
----------------- Done invoking toplevel() on ptolemy.moml.MoMLSimpleApplication@699377e4
reloadAllAccessors: .TrigFunctionDE

===========================================================================================
----------------- testing Sat Sep 26 16:15:44 UTC 2020 /home/travis/build/icyphy/ptII/ptolemy/actor/lib/test/auto/TrigFunctionInverse.xml
----------------- Instantiating /home/travis/build/icyphy/ptII/ptolemy/actor/lib/test/auto/TrigFunctionInverse.xml
2 ms. Memory: 440320K Free: 155498K (35%)
----------------- Invoking toplevel() on ptolemy.moml.MoMLSimpleApplication@67f85996
----------------- Done invoking toplevel() on ptolemy.moml.MoMLSimpleApplication@67f85996
reloadAllAccessors: .TrigFunctionInverse

===========================================================================================
----------------- testing Sat Sep 26 16:15:44 UTC 2020 /home/travis/build/icyphy/ptII/ptolemy/actor/lib/test/auto/TrigFunctionTan.xml
----------------- Instantiating /home/travis/build/icyphy/ptII/ptolemy/actor/lib/test/auto/TrigFunctionTan.xml
2 ms. Memory: 440320K Free: 150892K (34%)
----------------- Invoking toplevel() on ptolemy.moml.MoMLSimpleApplication@3624d70
----------------- Done invoking toplevel() on ptolemy.moml.MoMLSimpleApplication@3624d70
reloadAllAccessors: .TrigFunctionTan

===========================================================================================
----------------- testing Sat Sep 26 16:15:44 UTC 2020 /home/travis/build/icyphy/ptII/ptolemy/actor/lib/test/auto/TriggeredClock.xml
----------------- Instantiating /home/travis/build/icyphy/ptII/ptolemy/actor/lib/test/auto/TriggeredClock.xml
1 ms. Memory: 440320K Free: 145772K (33%)
----------------- Invoking toplevel() on ptolemy.moml.MoMLSimpleApplication@4b2a7e2d
----------------- Done invoking toplevel() on ptolemy.moml.MoMLSimpleApplication@4b2a7e2d
reloadAllAccessors: .TriggeredClock

===========================================================================================
----------------- testing Sat Sep 26 16:15:44 UTC 2020 /home/travis/build/icyphy/ptII/ptolemy/actor/lib/test/auto/URLDirectoryReader.xml
----------------- Instantiating /home/travis/build/icyphy/ptII/ptolemy/actor/lib/test/auto/URLDirectoryReader.xml
29 ms. Memory: 440320K Free: 135532K (31%)
----------------- Invoking toplevel() on ptolemy.moml.MoMLSimpleApplication@2fde7019
----------------- Done invoking toplevel() on ptolemy.moml.MoMLSimpleApplication@2fde7019
reloadAllAccessors: .URLDirectoryReader

===========================================================================================
----------------- testing Sat Sep 26 16:15:44 UTC 2020 /home/travis/build/icyphy/ptII/ptolemy/actor/lib/test/auto/URLDirectoryReader3.xml
----------------- Instantiating /home/travis/build/icyphy/ptII/ptolemy/actor/lib/test/auto/URLDirectoryReader3.xml
1259 ms. Memory: 440320K Free: 382567K (87%)
----------------- Invoking toplevel() on ptolemy.moml.MoMLSimpleApplication@30f35554
----------------- Done invoking toplevel() on ptolemy.moml.MoMLSimpleApplication@30f35554
reloadAllAccessors: .URLDirectoryReader3

===========================================================================================
----------------- testing Sat Sep 26 16:15:45 UTC 2020 /home/travis/build/icyphy/ptII/ptolemy/actor/lib/test/auto/UnaryMathFunction.xml
----------------- Instantiating /home/travis/build/icyphy/ptII/ptolemy/actor/lib/test/auto/UnaryMathFunction.xml
2 ms. Memory: 440320K Free: 374800K (85%)
----------------- Invoking toplevel() on ptolemy.moml.MoMLSimpleApplication@24b29226
----------------- Done invoking toplevel() on ptolemy.moml.MoMLSimpleApplication@24b29226
reloadAllAccessors: .UnaryMathFunction

===========================================================================================
----------------- testing Sat Sep 26 16:15:45 UTC 2020 /home/travis/build/icyphy/ptII/ptolemy/actor/lib/test/auto/Uniform.xml
----------------- Instantiating /home/travis/build/icyphy/ptII/ptolemy/actor/lib/test/auto/Uniform.xml
4 ms. Memory: 440320K Free: 370194K (84%)
----------------- Invoking toplevel() on ptolemy.moml.MoMLSimpleApplication@5e65b9ea
----------------- Done invoking toplevel() on ptolemy.moml.MoMLSimpleApplication@5e65b9ea
reloadAllAccessors: .Uniform

===========================================================================================
----------------- testing Sat Sep 26 16:15:46 UTC 2020 /home/travis/build/icyphy/ptII/ptolemy/actor/lib/test/auto/UnionDisassemblerTest.xml
----------------- Instantiating /home/travis/build/icyphy/ptII/ptolemy/actor/lib/test/auto/UnionDisassemblerTest.xml
15 ms. Memory: 440320K Free: 366098K (83%)
----------------- Invoking toplevel() on ptolemy.moml.MoMLSimpleApplication@42ca914f
----------------- Done invoking toplevel() on ptolemy.moml.MoMLSimpleApplication@42ca914f
reloadAllAccessors: .UnionDisassemblerTest

===========================================================================================
----------------- testing Sat Sep 26 16:15:46 UTC 2020 /home/travis/build/icyphy/ptII/ptolemy/actor/lib/test/auto/UtilityFunctions.xml
----------------- Instantiating /home/travis/build/icyphy/ptII/ptolemy/actor/lib/test/auto/UtilityFunctions.xml
1 ms. Memory: 440320K Free: 362002K (82%)
----------------- Invoking toplevel() on ptolemy.moml.MoMLSimpleApplication@2329b479
----------------- Done invoking toplevel() on ptolemy.moml.MoMLSimpleApplication@2329b479
reloadAllAccessors: .UtilityFunctions

===========================================================================================
----------------- testing Sat Sep 26 16:15:46 UTC 2020 /home/travis/build/icyphy/ptII/ptolemy/actor/lib/test/auto/VariableSleep.xml
----------------- Instantiating /home/travis/build/icyphy/ptII/ptolemy/actor/lib/test/auto/VariableSleep.xml
503 ms. Memory: 440320K Free: 356368K (81%)
----------------- Invoking toplevel() on ptolemy.moml.MoMLSimpleApplication@4a64f8fb
----------------- Done invoking toplevel() on ptolemy.moml.MoMLSimpleApplication@4a64f8fb
reloadAllAccessors: .VariableSleep

===========================================================================================
----------------- testing Sat Sep 26 16:15:46 UTC 2020 /home/travis/build/icyphy/ptII/ptolemy/actor/lib/test/auto/VectorAssemblerDisassemblerCT.xml
----------------- Instantiating /home/travis/build/icyphy/ptII/ptolemy/actor/lib/test/auto/VectorAssemblerDisassemblerCT.xml
73 ms. Memory: 440320K Free: 336402K (76%)
----------------- Invoking toplevel() on ptolemy.moml.MoMLSimpleApplication@39fd6110
----------------- Done invoking toplevel() on ptolemy.moml.MoMLSimpleApplication@39fd6110
reloadAllAccessors: .VectorAssemblerDisassemblerCT

===========================================================================================
----------------- testing Sat Sep 26 16:15:46 UTC 2020 /home/travis/build/icyphy/ptII/ptolemy/actor/lib/test/auto/VectorAssemblerDisassemblerDE.xml
----------------- Instantiating /home/travis/build/icyphy/ptII/ptolemy/actor/lib/test/auto/VectorAssemblerDisassemblerDE.xml
3 ms. Memory: 440320K Free: 328720K (75%)
----------------- Invoking toplevel() on ptolemy.moml.MoMLSimpleApplication@7637ad82
----------------- Done invoking toplevel() on ptolemy.moml.MoMLSimpleApplication@7637ad82
reloadAllAccessors: .VectorAssemblerDisassemblerDE

===========================================================================================
----------------- testing Sat Sep 26 16:15:46 UTC 2020 /home/travis/build/icyphy/ptII/ptolemy/actor/lib/test/auto/VectorAssemblerDisassemblerSDF.xml
----------------- Instantiating /home/travis/build/icyphy/ptII/ptolemy/actor/lib/test/auto/VectorAssemblerDisassemblerSDF.xml
3 ms. Memory: 440320K Free: 322570K (73%)
----------------- Invoking toplevel() on ptolemy.moml.MoMLSimpleApplication@190e9170
----------------- Done invoking toplevel() on ptolemy.moml.MoMLSimpleApplication@190e9170
reloadAllAccessors: .VectorAssemblerDisassemblerSDF

===========================================================================================
----------------- testing Sat Sep 26 16:15:46 UTC 2020 /home/travis/build/icyphy/ptII/ptolemy/actor/lib/test/auto/WallClockTime.xml
----------------- Instantiating /home/travis/build/icyphy/ptII/ptolemy/actor/lib/test/auto/WallClockTime.xml
1004 ms. Memory: 440320K Free: 316946K (72%)
----------------- Invoking toplevel() on ptolemy.moml.MoMLSimpleApplication@d2834ec
----------------- Done invoking toplevel() on ptolemy.moml.MoMLSimpleApplication@d2834ec
reloadAllAccessors: .WallClockTime

===========================================================================================
----------------- testing Sat Sep 26 16:15:47 UTC 2020 /home/travis/build/icyphy/ptII/ptolemy/actor/lib/test/auto/WidthTestWithSubscriberPublisher.xml
----------------- Instantiating /home/travis/build/icyphy/ptII/ptolemy/actor/lib/test/auto/WidthTestWithSubscriberPublisher.xml
8 ms. Memory: 440320K Free: 299024K (68%)
----------------- Invoking toplevel() on ptolemy.moml.MoMLSimpleApplication@43ff4c3b
----------------- Done invoking toplevel() on ptolemy.moml.MoMLSimpleApplication@43ff4c3b
reloadAllAccessors: .WidthTestWithSubscriberPublisher

===========================================================================================
----------------- testing Sat Sep 26 16:15:47 UTC 2020 /home/travis/build/icyphy/ptII/ptolemy/actor/lib/test/auto/WidthTestWithSubscriberPublisher2.xml
----------------- Instantiating /home/travis/build/icyphy/ptII/ptolemy/actor/lib/test/auto/WidthTestWithSubscriberPublisher2.xml
2 ms. Memory: 440320K Free: 292370K (66%)
----------------- Invoking toplevel() on ptolemy.moml.MoMLSimpleApplication@69182248
----------------- Done invoking toplevel() on ptolemy.moml.MoMLSimpleApplication@69182248
reloadAllAccessors: .WidthTestWithSubscriberPublisher2

===========================================================================================
----------------- testing Sat Sep 26 16:15:47 UTC 2020 /home/travis/build/icyphy/ptII/ptolemy/actor/lib/test/auto/WidthTestWithSubscriberPublisher3.xml
----------------- Instantiating /home/travis/build/icyphy/ptII/ptolemy/actor/lib/test/auto/WidthTestWithSubscriberPublisher3.xml
3 ms. Memory: 440320K Free: 286736K (65%)
----------------- Invoking toplevel() on ptolemy.moml.MoMLSimpleApplication@4f23007c
----------------- Done invoking toplevel() on ptolemy.moml.MoMLSimpleApplication@4f23007c
reloadAllAccessors: .WidthTestWithSubscriberPublisher3

===========================================================================================
----------------- testing Sat Sep 26 16:15:47 UTC 2020 /home/travis/build/icyphy/ptII/ptolemy/actor/lib/test/auto/Writer.xml
----------------- Instantiating /home/travis/build/icyphy/ptII/ptolemy/actor/lib/test/auto/Writer.xml
0
1
2
3
4
2 ms. Memory: 440320K Free: 282626K (64%)
----------------- Invoking toplevel() on ptolemy.moml.MoMLSimpleApplication@7eb62d65
----------------- Done invoking toplevel() on ptolemy.moml.MoMLSimpleApplication@7eb62d65
reloadAllAccessors: .Writer

===========================================================================================
----------------- testing Sat Sep 26 16:15:47 UTC 2020 /home/travis/build/icyphy/ptII/ptolemy/actor/lib/test/auto/array.xml
----------------- Instantiating /home/travis/build/icyphy/ptII/ptolemy/actor/lib/test/auto/array.xml
3 ms. Memory: 440320K Free: 277520K (63%)
----------------- Invoking toplevel() on ptolemy.moml.MoMLSimpleApplication@6409a819
----------------- Done invoking toplevel() on ptolemy.moml.MoMLSimpleApplication@6409a819
reloadAllAccessors: .array

===========================================================================================
----------------- testing Sat Sep 26 16:15:47 UTC 2020 /home/travis/build/icyphy/ptII/ptolemy/actor/lib/test/auto/array2.xml
----------------- Instantiating /home/travis/build/icyphy/ptII/ptolemy/actor/lib/test/auto/array2.xml
6 ms. Memory: 440320K Free: 272914K (62%)
----------------- Invoking toplevel() on ptolemy.moml.MoMLSimpleApplication@6fca309
----------------- Done invoking toplevel() on ptolemy.moml.MoMLSimpleApplication@6fca309
reloadAllAccessors: .array2

===========================================================================================
----------------- testing Sat Sep 26 16:15:47 UTC 2020 /home/travis/build/icyphy/ptII/ptolemy/actor/lib/test/auto/arrayType.xml
----------------- Instantiating /home/travis/build/icyphy/ptII/ptolemy/actor/lib/test/auto/arrayType.xml
1 ms. Memory: 440320K Free: 267280K (61%)
----------------- Invoking toplevel() on ptolemy.moml.MoMLSimpleApplication@58060266
----------------- Done invoking toplevel() on ptolemy.moml.MoMLSimpleApplication@58060266
reloadAllAccessors: .arrayType

===========================================================================================
----------------- testing Sat Sep 26 16:15:47 UTC 2020 /home/travis/build/icyphy/ptII/ptolemy/actor/lib/test/auto/arrayType10.xml
----------------- Instantiating /home/travis/build/icyphy/ptII/ptolemy/actor/lib/test/auto/arrayType10.xml
1 ms. Memory: 440320K Free: 262674K (60%)
----------------- Invoking toplevel() on ptolemy.moml.MoMLSimpleApplication@620951e3
----------------- Done invoking toplevel() on ptolemy.moml.MoMLSimpleApplication@620951e3
reloadAllAccessors: .arrayType10

===========================================================================================
----------------- testing Sat Sep 26 16:15:47 UTC 2020 /home/travis/build/icyphy/ptII/ptolemy/actor/lib/test/auto/arrayType11.xml
----------------- Instantiating /home/travis/build/icyphy/ptII/ptolemy/actor/lib/test/auto/arrayType11.xml
1 ms. Memory: 440320K Free: 257554K (58%)
----------------- Invoking toplevel() on ptolemy.moml.MoMLSimpleApplication@5e0497ba
----------------- Done invoking toplevel() on ptolemy.moml.MoMLSimpleApplication@5e0497ba
reloadAllAccessors: .arrayType11

===========================================================================================
----------------- testing Sat Sep 26 16:15:47 UTC 2020 /home/travis/build/icyphy/ptII/ptolemy/actor/lib/test/auto/arrayType12.xml
----------------- Instantiating /home/travis/build/icyphy/ptII/ptolemy/actor/lib/test/auto/arrayType12.xml
1 ms. Memory: 440320K Free: 252944K (57%)
----------------- Invoking toplevel() on ptolemy.moml.MoMLSimpleApplication@56536207
----------------- Done invoking toplevel() on ptolemy.moml.MoMLSimpleApplication@56536207
reloadAllAccessors: .arrayType12

===========================================================================================
----------------- testing Sat Sep 26 16:15:47 UTC 2020 /home/travis/build/icyphy/ptII/ptolemy/actor/lib/test/auto/arrayType13.xml
----------------- Instantiating /home/travis/build/icyphy/ptII/ptolemy/actor/lib/test/auto/arrayType13.xml
1 ms. Memory: 440320K Free: 247314K (56%)
----------------- Invoking toplevel() on ptolemy.moml.MoMLSimpleApplication@48418c83
----------------- Done invoking toplevel() on ptolemy.moml.MoMLSimpleApplication@48418c83
reloadAllAccessors: .arrayType13

===========================================================================================
----------------- testing Sat Sep 26 16:15:47 UTC 2020 /home/travis/build/icyphy/ptII/ptolemy/actor/lib/test/auto/arrayType14.xml
----------------- Instantiating /home/travis/build/icyphy/ptII/ptolemy/actor/lib/test/auto/arrayType14.xml
1 ms. Memory: 440320K Free: 242194K (55%)
----------------- Invoking toplevel() on ptolemy.moml.MoMLSimpleApplication@55ee69e2
----------------- Done invoking toplevel() on ptolemy.moml.MoMLSimpleApplication@55ee69e2
reloadAllAccessors: .arrayType14

===========================================================================================
----------------- testing Sat Sep 26 16:15:47 UTC 2020 /home/travis/build/icyphy/ptII/ptolemy/actor/lib/test/auto/arrayType15.xml
----------------- Instantiating /home/travis/build/icyphy/ptII/ptolemy/actor/lib/test/auto/arrayType15.xml
3 ms. Memory: 440320K Free: 235536K (53%)
----------------- Invoking toplevel() on ptolemy.moml.MoMLSimpleApplication@1a11f120
----------------- Done invoking toplevel() on ptolemy.moml.MoMLSimpleApplication@1a11f120
reloadAllAccessors: .arrayType15

===========================================================================================
----------------- testing Sat Sep 26 16:15:47 UTC 2020 /home/travis/build/icyphy/ptII/ptolemy/actor/lib/test/auto/arrayType16.xml
----------------- Instantiating /home/travis/build/icyphy/ptII/ptolemy/actor/lib/test/auto/arrayType16.xml
2 ms. Memory: 440320K Free: 230416K (52%)
----------------- Invoking toplevel() on ptolemy.moml.MoMLSimpleApplication@5ce05275
----------------- Done invoking toplevel() on ptolemy.moml.MoMLSimpleApplication@5ce05275
reloadAllAccessors: .arrayType16

===========================================================================================
----------------- testing Sat Sep 26 16:15:47 UTC 2020 /home/travis/build/icyphy/ptII/ptolemy/actor/lib/test/auto/arrayType17.xml
----------------- Instantiating /home/travis/build/icyphy/ptII/ptolemy/actor/lib/test/auto/arrayType17.xml
1 ms. Memory: 440320K Free: 224786K (51%)
----------------- Invoking toplevel() on ptolemy.moml.MoMLSimpleApplication@1f0eeb8f
----------------- Done invoking toplevel() on ptolemy.moml.MoMLSimpleApplication@1f0eeb8f
reloadAllAccessors: .arrayType17

===========================================================================================
----------------- testing Sat Sep 26 16:15:47 UTC 2020 /home/travis/build/icyphy/ptII/ptolemy/actor/lib/test/auto/arrayType18.xml
----------------- Instantiating /home/travis/build/icyphy/ptII/ptolemy/actor/lib/test/auto/arrayType18.xml
3 ms. Memory: 440320K Free: 220176K (50%)
----------------- Invoking toplevel() on ptolemy.moml.MoMLSimpleApplication@26458e0d
----------------- Done invoking toplevel() on ptolemy.moml.MoMLSimpleApplication@26458e0d
reloadAllAccessors: .arrayType18

===========================================================================================
----------------- testing Sat Sep 26 16:15:47 UTC 2020 /home/travis/build/icyphy/ptII/ptolemy/actor/lib/test/auto/arrayType19.xml
----------------- Instantiating /home/travis/build/icyphy/ptII/ptolemy/actor/lib/test/auto/arrayType19.xml
1 ms. Memory: 440320K Free: 215056K (49%)
----------------- Invoking toplevel() on ptolemy.moml.MoMLSimpleApplication@7dc542c3
----------------- Done invoking toplevel() on ptolemy.moml.MoMLSimpleApplication@7dc542c3
reloadAllAccessors: .arrayType19

===========================================================================================
----------------- testing Sat Sep 26 16:15:47 UTC 2020 /home/travis/build/icyphy/ptII/ptolemy/actor/lib/test/auto/arrayType2.xml
----------------- Instantiating /home/travis/build/icyphy/ptII/ptolemy/actor/lib/test/auto/arrayType2.xml
1 ms. Memory: 440320K Free: 209936K (48%)
----------------- Invoking toplevel() on ptolemy.moml.MoMLSimpleApplication@582d009e
----------------- Done invoking toplevel() on ptolemy.moml.MoMLSimpleApplication@582d009e
reloadAllAccessors: .arrayType2

===========================================================================================
----------------- testing Sat Sep 26 16:15:48 UTC 2020 /home/travis/build/icyphy/ptII/ptolemy/actor/lib/test/auto/arrayType20.xml
----------------- Instantiating /home/travis/build/icyphy/ptII/ptolemy/actor/lib/test/auto/arrayType20.xml
2 ms. Memory: 440320K Free: 205330K (47%)
----------------- Invoking toplevel() on ptolemy.moml.MoMLSimpleApplication@7b8102fd
----------------- Done invoking toplevel() on ptolemy.moml.MoMLSimpleApplication@7b8102fd
reloadAllAccessors: .arrayType20

===========================================================================================
----------------- testing Sat Sep 26 16:15:48 UTC 2020 /home/travis/build/icyphy/ptII/ptolemy/actor/lib/test/auto/arrayType21.xml
----------------- Instantiating /home/travis/build/icyphy/ptII/ptolemy/actor/lib/test/auto/arrayType21.xml
2 ms. Memory: 440320K Free: 384464K (87%)
----------------- Invoking toplevel() on ptolemy.moml.MoMLSimpleApplication@3261ddc1
----------------- Done invoking toplevel() on ptolemy.moml.MoMLSimpleApplication@3261ddc1
reloadAllAccessors: .arrayType21

===========================================================================================
----------------- testing Sat Sep 26 16:15:48 UTC 2020 /home/travis/build/icyphy/ptII/ptolemy/actor/lib/test/auto/arrayType22.xml
----------------- Instantiating /home/travis/build/icyphy/ptII/ptolemy/actor/lib/test/auto/arrayType22.xml
2 ms. Memory: 440320K Free: 379374K (86%)
----------------- Invoking toplevel() on ptolemy.moml.MoMLSimpleApplication@5fbac906
----------------- Done invoking toplevel() on ptolemy.moml.MoMLSimpleApplication@5fbac906
reloadAllAccessors: .arrayType22

===========================================================================================
----------------- testing Sat Sep 26 16:15:48 UTC 2020 /home/travis/build/icyphy/ptII/ptolemy/actor/lib/test/auto/arrayType23.xml
----------------- Instantiating /home/travis/build/icyphy/ptII/ptolemy/actor/lib/test/auto/arrayType23.xml
2 ms. Memory: 440320K Free: 374254K (85%)
----------------- Invoking toplevel() on ptolemy.moml.MoMLSimpleApplication@1ab56045
----------------- Done invoking toplevel() on ptolemy.moml.MoMLSimpleApplication@1ab56045
reloadAllAccessors: .arrayType23

===========================================================================================
----------------- testing Sat Sep 26 16:15:48 UTC 2020 /home/travis/build/icyphy/ptII/ptolemy/actor/lib/test/auto/arrayType24.xml
----------------- Instantiating /home/travis/build/icyphy/ptII/ptolemy/actor/lib/test/auto/arrayType24.xml
2 ms. Memory: 440320K Free: 369648K (84%)
----------------- Invoking toplevel() on ptolemy.moml.MoMLSimpleApplication@658430f5
----------------- Done invoking toplevel() on ptolemy.moml.MoMLSimpleApplication@658430f5
reloadAllAccessors: .arrayType24

===========================================================================================
----------------- testing Sat Sep 26 16:15:48 UTC 2020 /home/travis/build/icyphy/ptII/ptolemy/actor/lib/test/auto/arrayType25.xml
----------------- Instantiating /home/travis/build/icyphy/ptII/ptolemy/actor/lib/test/auto/arrayType25.xml
1 ms. Memory: 440320K Free: 364000K (83%)
----------------- Invoking toplevel() on ptolemy.moml.MoMLSimpleApplication@78526823
----------------- Done invoking toplevel() on ptolemy.moml.MoMLSimpleApplication@78526823
reloadAllAccessors: .arrayType25

===========================================================================================
----------------- testing Sat Sep 26 16:15:48 UTC 2020 /home/travis/build/icyphy/ptII/ptolemy/actor/lib/test/auto/arrayType26.xml
----------------- Instantiating /home/travis/build/icyphy/ptII/ptolemy/actor/lib/test/auto/arrayType26.xml
1 ms. Memory: 440320K Free: 358894K (82%)
----------------- Invoking toplevel() on ptolemy.moml.MoMLSimpleApplication@75ec623
----------------- Done invoking toplevel() on ptolemy.moml.MoMLSimpleApplication@75ec623
reloadAllAccessors: .arrayType26

===========================================================================================
----------------- testing Sat Sep 26 16:15:48 UTC 2020 /home/travis/build/icyphy/ptII/ptolemy/actor/lib/test/auto/arrayType27.xml
----------------- Instantiating /home/travis/build/icyphy/ptII/ptolemy/actor/lib/test/auto/arrayType27.xml
2 ms. Memory: 440320K Free: 353264K (80%)
----------------- Invoking toplevel() on ptolemy.moml.MoMLSimpleApplication@5abdcc62
----------------- Done invoking toplevel() on ptolemy.moml.MoMLSimpleApplication@5abdcc62
reloadAllAccessors: .arrayType27

===========================================================================================
----------------- testing Sat Sep 26 16:15:48 UTC 2020 /home/travis/build/icyphy/ptII/ptolemy/actor/lib/test/auto/arrayType28.xml
----------------- Instantiating /home/travis/build/icyphy/ptII/ptolemy/actor/lib/test/auto/arrayType28.xml
2 ms. Memory: 440320K Free: 348144K (79%)
----------------- Invoking toplevel() on ptolemy.moml.MoMLSimpleApplication@31571198
----------------- Done invoking toplevel() on ptolemy.moml.MoMLSimpleApplication@31571198
reloadAllAccessors: .arrayType28

===========================================================================================
----------------- testing Sat Sep 26 16:15:48 UTC 2020 /home/travis/build/icyphy/ptII/ptolemy/actor/lib/test/auto/arrayType3.xml
----------------- Instantiating /home/travis/build/icyphy/ptII/ptolemy/actor/lib/test/auto/arrayType3.xml
3 ms. Memory: 440320K Free: 342510K (78%)
----------------- Invoking toplevel() on ptolemy.moml.MoMLSimpleApplication@7a4a1b20
----------------- Done invoking toplevel() on ptolemy.moml.MoMLSimpleApplication@7a4a1b20
reloadAllAccessors: .arrayType3

===========================================================================================
----------------- testing Sat Sep 26 16:15:48 UTC 2020 /home/travis/build/icyphy/ptII/ptolemy/actor/lib/test/auto/arrayType4.xml
----------------- Instantiating /home/travis/build/icyphy/ptII/ptolemy/actor/lib/test/auto/arrayType4.xml
2 ms. Memory: 440320K Free: 337376K (77%)
----------------- Invoking toplevel() on ptolemy.moml.MoMLSimpleApplication@1a39d1db
----------------- Done invoking toplevel() on ptolemy.moml.MoMLSimpleApplication@1a39d1db
reloadAllAccessors: .arrayType4

===========================================================================================
----------------- testing Sat Sep 26 16:15:48 UTC 2020 /home/travis/build/icyphy/ptII/ptolemy/actor/lib/test/auto/arrayType5.xml
----------------- Instantiating /home/travis/build/icyphy/ptII/ptolemy/actor/lib/test/auto/arrayType5.xml
7 ms. Memory: 440320K Free: 331760K (75%)
----------------- Invoking toplevel() on ptolemy.moml.MoMLSimpleApplication@411ceb90
----------------- Done invoking toplevel() on ptolemy.moml.MoMLSimpleApplication@411ceb90
reloadAllAccessors: .arrayType5

===========================================================================================
----------------- testing Sat Sep 26 16:15:48 UTC 2020 /home/travis/build/icyphy/ptII/ptolemy/actor/lib/test/auto/arrayType6.xml
----------------- Instantiating /home/travis/build/icyphy/ptII/ptolemy/actor/lib/test/auto/arrayType6.xml
1 ms. Memory: 440320K Free: 327150K (74%)
----------------- Invoking toplevel() on ptolemy.moml.MoMLSimpleApplication@6becc5ef
----------------- Done invoking toplevel() on ptolemy.moml.MoMLSimpleApplication@6becc5ef
reloadAllAccessors: .arrayType6

===========================================================================================
----------------- testing Sat Sep 26 16:15:48 UTC 2020 /home/travis/build/icyphy/ptII/ptolemy/actor/lib/test/auto/arrayType7.xml
----------------- Instantiating /home/travis/build/icyphy/ptII/ptolemy/actor/lib/test/auto/arrayType7.xml
1 ms. Memory: 440320K Free: 322030K (73%)
----------------- Invoking toplevel() on ptolemy.moml.MoMLSimpleApplication@64c935d7
----------------- Done invoking toplevel() on ptolemy.moml.MoMLSimpleApplication@64c935d7
reloadAllAccessors: .arrayType7

===========================================================================================
----------------- testing Sat Sep 26 16:15:48 UTC 2020 /home/travis/build/icyphy/ptII/ptolemy/actor/lib/test/auto/arrayType8.xml
----------------- Instantiating /home/travis/build/icyphy/ptII/ptolemy/actor/lib/test/auto/arrayType8.xml
1 ms. Memory: 440320K Free: 317424K (72%)
----------------- Invoking toplevel() on ptolemy.moml.MoMLSimpleApplication@2d4a3cc2
----------------- Done invoking toplevel() on ptolemy.moml.MoMLSimpleApplication@2d4a3cc2
reloadAllAccessors: .arrayType8

===========================================================================================
----------------- testing Sat Sep 26 16:15:48 UTC 2020 /home/travis/build/icyphy/ptII/ptolemy/actor/lib/test/auto/arrayType9.xml
----------------- Instantiating /home/travis/build/icyphy/ptII/ptolemy/actor/lib/test/auto/arrayType9.xml
1 ms. Memory: 440320K Free: 312304K (71%)
----------------- Invoking toplevel() on ptolemy.moml.MoMLSimpleApplication@5e50c131
----------------- Done invoking toplevel() on ptolemy.moml.MoMLSimpleApplication@5e50c131
reloadAllAccessors: .arrayType9

===========================================================================================
----------------- testing Sat Sep 26 16:15:48 UTC 2020 /home/travis/build/icyphy/ptII/ptolemy/actor/lib/test/auto/cast.xml
----------------- Instantiating /home/travis/build/icyphy/ptII/ptolemy/actor/lib/test/auto/cast.xml
2 ms. Memory: 440320K Free: 307694K (70%)
----------------- Invoking toplevel() on ptolemy.moml.MoMLSimpleApplication@6e1c7f1e
----------------- Done invoking toplevel() on ptolemy.moml.MoMLSimpleApplication@6e1c7f1e
reloadAllAccessors: .cast

===========================================================================================
----------------- testing Sat Sep 26 16:15:48 UTC 2020 /home/travis/build/icyphy/ptII/ptolemy/actor/lib/test/auto/compositeMultiPort.xml
----------------- Instantiating /home/travis/build/icyphy/ptII/ptolemy/actor/lib/test/auto/compositeMultiPort.xml
4 ms. Memory: 440320K Free: 298464K (68%)
----------------- Invoking toplevel() on ptolemy.moml.MoMLSimpleApplication@3d0ea162
----------------- Done invoking toplevel() on ptolemy.moml.MoMLSimpleApplication@3d0ea162
reloadAllAccessors: .compositeMultiPort

===========================================================================================
----------------- testing Sat Sep 26 16:15:48 UTC 2020 /home/travis/build/icyphy/ptII/ptolemy/actor/lib/test/auto/expressionCastInference.xml
----------------- Instantiating /home/travis/build/icyphy/ptII/ptolemy/actor/lib/test/auto/expressionCastInference.xml
1 ms. Memory: 440320K Free: 293872K (67%)
----------------- Invoking toplevel() on ptolemy.moml.MoMLSimpleApplication@66eec84
----------------- Done invoking toplevel() on ptolemy.moml.MoMLSimpleApplication@66eec84
reloadAllAccessors: .expressionCastInference

===========================================================================================
----------------- testing Sat Sep 26 16:15:48 UTC 2020 /home/travis/build/icyphy/ptII/ptolemy/actor/lib/test/auto/expressionCastInference2.xml
----------------- Instantiating /home/travis/build/icyphy/ptII/ptolemy/actor/lib/test/auto/expressionCastInference2.xml
2 ms. Memory: 440320K Free: 288752K (66%)
----------------- Invoking toplevel() on ptolemy.moml.MoMLSimpleApplication@6f8930d7
----------------- Done invoking toplevel() on ptolemy.moml.MoMLSimpleApplication@6f8930d7
reloadAllAccessors: .expressionCastInference2

===========================================================================================
----------------- testing Sat Sep 26 16:15:48 UTC 2020 /home/travis/build/icyphy/ptII/ptolemy/actor/lib/test/auto/expressionInference.xml
----------------- Instantiating /home/travis/build/icyphy/ptII/ptolemy/actor/lib/test/auto/expressionInference.xml
1 ms. Memory: 440320K Free: 284656K (65%)
----------------- Invoking toplevel() on ptolemy.moml.MoMLSimpleApplication@24283c27
----------------- Done invoking toplevel() on ptolemy.moml.MoMLSimpleApplication@24283c27
reloadAllAccessors: .expressionInference

===========================================================================================
----------------- testing Sat Sep 26 16:15:48 UTC 2020 /home/travis/build/icyphy/ptII/ptolemy/actor/lib/test/auto/expression_bug.xml
----------------- Instantiating /home/travis/build/icyphy/ptII/ptolemy/actor/lib/test/auto/expression_bug.xml
1 ms. Memory: 440320K Free: 280046K (64%)
----------------- Invoking toplevel() on ptolemy.moml.MoMLSimpleApplication@3f2b3759
----------------- Done invoking toplevel() on ptolemy.moml.MoMLSimpleApplication@3f2b3759
reloadAllAccessors: .expression_bug

===========================================================================================
----------------- testing Sat Sep 26 16:15:48 UTC 2020 /home/travis/build/icyphy/ptII/ptolemy/actor/lib/test/auto/factorial.xml
----------------- Instantiating /home/travis/build/icyphy/ptII/ptolemy/actor/lib/test/auto/factorial.xml
36 ms. Memory: 440320K Free: 271344K (62%)
----------------- Invoking toplevel() on ptolemy.moml.MoMLSimpleApplication@77f3d607
----------------- Done invoking toplevel() on ptolemy.moml.MoMLSimpleApplication@77f3d607
reloadAllAccessors: .factorial

===========================================================================================
----------------- testing Sat Sep 26 16:15:48 UTC 2020 /home/travis/build/icyphy/ptII/ptolemy/actor/lib/test/auto/filterTest1.xml
----------------- Instantiating /home/travis/build/icyphy/ptII/ptolemy/actor/lib/test/auto/filterTest1.xml
3 ms. Memory: 440320K Free: 265710K (60%)
----------------- Invoking toplevel() on ptolemy.moml.MoMLSimpleApplication@6bdcd675
----------------- Done invoking toplevel() on ptolemy.moml.MoMLSimpleApplication@6bdcd675
reloadAllAccessors: .filterTest1

===========================================================================================
----------------- testing Sat Sep 26 16:15:48 UTC 2020 /home/travis/build/icyphy/ptII/ptolemy/actor/lib/test/auto/funcApplyInConst.xml
----------------- Instantiating /home/travis/build/icyphy/ptII/ptolemy/actor/lib/test/auto/funcApplyInConst.xml
1 ms. Memory: 440320K Free: 261614K (59%)
----------------- Invoking toplevel() on ptolemy.moml.MoMLSimpleApplication@293f839
----------------- Done invoking toplevel() on ptolemy.moml.MoMLSimpleApplication@293f839
reloadAllAccessors: .funcApplyInConst

===========================================================================================
----------------- testing Sat Sep 26 16:15:48 UTC 2020 /home/travis/build/icyphy/ptII/ptolemy/actor/lib/test/auto/funcApplyInExpr.xml
----------------- Instantiating /home/travis/build/icyphy/ptII/ptolemy/actor/lib/test/auto/funcApplyInExpr.xml
1 ms. Memory: 440320K Free: 258032K (59%)
----------------- Invoking toplevel() on ptolemy.moml.MoMLSimpleApplication@50b48242
----------------- Done invoking toplevel() on ptolemy.moml.MoMLSimpleApplication@50b48242
reloadAllAccessors: .funcApplyInExpr

===========================================================================================
----------------- testing Sat Sep 26 16:15:48 UTC 2020 /home/travis/build/icyphy/ptII/ptolemy/actor/lib/test/auto/function.xml
----------------- Instantiating /home/travis/build/icyphy/ptII/ptolemy/actor/lib/test/auto/function.xml
1 ms. Memory: 440320K Free: 252912K (57%)
----------------- Invoking toplevel() on ptolemy.moml.MoMLSimpleApplication@1c11a020
----------------- Done invoking toplevel() on ptolemy.moml.MoMLSimpleApplication@1c11a020
reloadAllAccessors: .function

===========================================================================================
----------------- testing Sat Sep 26 16:15:48 UTC 2020 /home/travis/build/icyphy/ptII/ptolemy/actor/lib/test/auto/function2.xml
----------------- Instantiating /home/travis/build/icyphy/ptII/ptolemy/actor/lib/test/auto/function2.xml
4 ms. Memory: 440320K Free: 248302K (56%)
----------------- Invoking toplevel() on ptolemy.moml.MoMLSimpleApplication@503c574e
----------------- Done invoking toplevel() on ptolemy.moml.MoMLSimpleApplication@503c574e
reloadAllAccessors: .function2

===========================================================================================
----------------- testing Sat Sep 26 16:15:48 UTC 2020 /home/travis/build/icyphy/ptII/ptolemy/actor/lib/test/auto/function3.xml
----------------- Instantiating /home/travis/build/icyphy/ptII/ptolemy/actor/lib/test/auto/function3.xml
2 ms. Memory: 440320K Free: 244206K (55%)
----------------- Invoking toplevel() on ptolemy.moml.MoMLSimpleApplication@64276c27
----------------- Done invoking toplevel() on ptolemy.moml.MoMLSimpleApplication@64276c27
reloadAllAccessors: .function3

===========================================================================================
----------------- testing Sat Sep 26 16:15:48 UTC 2020 /home/travis/build/icyphy/ptII/ptolemy/actor/lib/test/auto/functionClosureTest1.xml
----------------- Instantiating /home/travis/build/icyphy/ptII/ptolemy/actor/lib/test/auto/functionClosureTest1.xml
2 ms. Memory: 440320K Free: 238576K (54%)
----------------- Invoking toplevel() on ptolemy.moml.MoMLSimpleApplication@efaad79
----------------- Done invoking toplevel() on ptolemy.moml.MoMLSimpleApplication@efaad79
reloadAllAccessors: .functionClosureTest1

===========================================================================================
----------------- testing Sat Sep 26 16:15:48 UTC 2020 /home/travis/build/icyphy/ptII/ptolemy/actor/lib/test/auto/functionClosureTest2.xml
----------------- Instantiating /home/travis/build/icyphy/ptII/ptolemy/actor/lib/test/auto/functionClosureTest2.xml
1 ms. Memory: 440320K Free: 234480K (53%)
----------------- Invoking toplevel() on ptolemy.moml.MoMLSimpleApplication@55f78d68
----------------- Done invoking toplevel() on ptolemy.moml.MoMLSimpleApplication@55f78d68
reloadAllAccessors: .functionClosureTest2

===========================================================================================
----------------- testing Sat Sep 26 16:15:48 UTC 2020 /home/travis/build/icyphy/ptII/ptolemy/actor/lib/test/auto/functionClosureTest3.xml
----------------- Instantiating /home/travis/build/icyphy/ptII/ptolemy/actor/lib/test/auto/functionClosureTest3.xml
2 ms. Memory: 440320K Free: 228846K (52%)
----------------- Invoking toplevel() on ptolemy.moml.MoMLSimpleApplication@76b3d416
----------------- Done invoking toplevel() on ptolemy.moml.MoMLSimpleApplication@76b3d416
reloadAllAccessors: .functionClosureTest3

===========================================================================================
----------------- testing Sat Sep 26 16:15:48 UTC 2020 /home/travis/build/icyphy/ptII/ptolemy/actor/lib/test/auto/functionClosureTest4.xml
----------------- Instantiating /home/travis/build/icyphy/ptII/ptolemy/actor/lib/test/auto/functionClosureTest4.xml
4 ms. Memory: 440320K Free: 222702K (51%)
----------------- Invoking toplevel() on ptolemy.moml.MoMLSimpleApplication@6eef2311
----------------- Done invoking toplevel() on ptolemy.moml.MoMLSimpleApplication@6eef2311
reloadAllAccessors: .functionClosureTest4

===========================================================================================
----------------- testing Sat Sep 26 16:15:48 UTC 2020 /home/travis/build/icyphy/ptII/ptolemy/actor/lib/test/auto/functionClosureTest5.xml
----------------- Instantiating /home/travis/build/icyphy/ptII/ptolemy/actor/lib/test/auto/functionClosureTest5.xml
4 ms. Memory: 440320K Free: 217072K (49%)
----------------- Invoking toplevel() on ptolemy.moml.MoMLSimpleApplication@b6d401e
----------------- Done invoking toplevel() on ptolemy.moml.MoMLSimpleApplication@b6d401e
reloadAllAccessors: .functionClosureTest5

===========================================================================================
----------------- testing Sat Sep 26 16:15:48 UTC 2020 /home/travis/build/icyphy/ptII/ptolemy/actor/lib/test/auto/functionClosureTest6.xml
----------------- Instantiating /home/travis/build/icyphy/ptII/ptolemy/actor/lib/test/auto/functionClosureTest6.xml
2 ms. Memory: 440320K Free: 212456K (48%)
----------------- Invoking toplevel() on ptolemy.moml.MoMLSimpleApplication@6991f04
----------------- Done invoking toplevel() on ptolemy.moml.MoMLSimpleApplication@6991f04
reloadAllAccessors: .functionClosureTest6

===========================================================================================
----------------- testing Sat Sep 26 16:15:48 UTC 2020 /home/travis/build/icyphy/ptII/ptolemy/actor/lib/test/auto/functionsOnArcs.xml
----------------- Instantiating /home/travis/build/icyphy/ptII/ptolemy/actor/lib/test/auto/functionsOnArcs.xml
2 ms. Memory: 440320K Free: 206832K (47%)
----------------- Invoking toplevel() on ptolemy.moml.MoMLSimpleApplication@34733d8d
----------------- Done invoking toplevel() on ptolemy.moml.MoMLSimpleApplication@34733d8d
reloadAllAccessors: .functionsOnArcs

===========================================================================================
----------------- testing Sat Sep 26 16:15:48 UTC 2020 /home/travis/build/icyphy/ptII/ptolemy/actor/lib/test/auto/functionsOnArcsHOF.xml
----------------- Instantiating /home/travis/build/icyphy/ptII/ptolemy/actor/lib/test/auto/functionsOnArcsHOF.xml
3 ms. Memory: 440320K Free: 201198K (46%)
----------------- Invoking toplevel() on ptolemy.moml.MoMLSimpleApplication@43fba364
----------------- Done invoking toplevel() on ptolemy.moml.MoMLSimpleApplication@43fba364
reloadAllAccessors: .functionsOnArcsHOF

===========================================================================================
----------------- testing Sat Sep 26 16:15:48 UTC 2020 /home/travis/build/icyphy/ptII/ptolemy/actor/lib/test/auto/logic.xml
----------------- Instantiating /home/travis/build/icyphy/ptII/ptolemy/actor/lib/test/auto/logic.xml
2 ms. Memory: 440320K Free: 193520K (44%)
----------------- Invoking toplevel() on ptolemy.moml.MoMLSimpleApplication@1aa827b9
----------------- Done invoking toplevel() on ptolemy.moml.MoMLSimpleApplication@1aa827b9
reloadAllAccessors: .logic

===========================================================================================
----------------- testing Sat Sep 26 16:15:48 UTC 2020 /home/travis/build/icyphy/ptII/ptolemy/actor/lib/test/auto/matrixType.xml
----------------- Instantiating /home/travis/build/icyphy/ptII/ptolemy/actor/lib/test/auto/matrixType.xml
1 ms. Memory: 440320K Free: 187886K (43%)
----------------- Invoking toplevel() on ptolemy.moml.MoMLSimpleApplication@55b2381a
----------------- Done invoking toplevel() on ptolemy.moml.MoMLSimpleApplication@55b2381a
reloadAllAccessors: .matrixType

===========================================================================================
----------------- testing Sat Sep 26 16:15:48 UTC 2020 /home/travis/build/icyphy/ptII/ptolemy/actor/lib/test/auto/matrixType10.xml
----------------- Instantiating /home/travis/build/icyphy/ptII/ptolemy/actor/lib/test/auto/matrixType10.xml
2 ms. Memory: 440320K Free: 183280K (42%)
----------------- Invoking toplevel() on ptolemy.moml.MoMLSimpleApplication@6d0f55bc
----------------- Done invoking toplevel() on ptolemy.moml.MoMLSimpleApplication@6d0f55bc
reloadAllAccessors: .matrixType10

===========================================================================================
----------------- testing Sat Sep 26 16:15:48 UTC 2020 /home/travis/build/icyphy/ptII/ptolemy/actor/lib/test/auto/matrixType11.xml
----------------- Instantiating /home/travis/build/icyphy/ptII/ptolemy/actor/lib/test/auto/matrixType11.xml
2 ms. Memory: 440320K Free: 384413K (87%)
----------------- Invoking toplevel() on ptolemy.moml.MoMLSimpleApplication@350dfacd
----------------- Done invoking toplevel() on ptolemy.moml.MoMLSimpleApplication@350dfacd
reloadAllAccessors: .matrixType11

===========================================================================================
----------------- testing Sat Sep 26 16:15:48 UTC 2020 /home/travis/build/icyphy/ptII/ptolemy/actor/lib/test/auto/matrixType12.xml
----------------- Instantiating /home/travis/build/icyphy/ptII/ptolemy/actor/lib/test/auto/matrixType12.xml
1 ms. Memory: 440320K Free: 379293K (86%)
----------------- Invoking toplevel() on ptolemy.moml.MoMLSimpleApplication@e37c7a1
----------------- Done invoking toplevel() on ptolemy.moml.MoMLSimpleApplication@e37c7a1
reloadAllAccessors: .matrixType12

===========================================================================================
----------------- testing Sat Sep 26 16:15:48 UTC 2020 /home/travis/build/icyphy/ptII/ptolemy/actor/lib/test/auto/matrixType13.xml
----------------- Instantiating /home/travis/build/icyphy/ptII/ptolemy/actor/lib/test/auto/matrixType13.xml
1 ms. Memory: 440320K Free: 374173K (85%)
----------------- Invoking toplevel() on ptolemy.moml.MoMLSimpleApplication@6cbbfd1
----------------- Done invoking toplevel() on ptolemy.moml.MoMLSimpleApplication@6cbbfd1
reloadAllAccessors: .matrixType13

===========================================================================================
----------------- testing Sat Sep 26 16:15:48 UTC 2020 /home/travis/build/icyphy/ptII/ptolemy/actor/lib/test/auto/matrixType14.xml
----------------- Instantiating /home/travis/build/icyphy/ptII/ptolemy/actor/lib/test/auto/matrixType14.xml
2 ms. Memory: 440320K Free: 369563K (84%)
----------------- Invoking toplevel() on ptolemy.moml.MoMLSimpleApplication@45985676
----------------- Done invoking toplevel() on ptolemy.moml.MoMLSimpleApplication@45985676
reloadAllAccessors: .matrixType14

===========================================================================================
----------------- testing Sat Sep 26 16:15:48 UTC 2020 /home/travis/build/icyphy/ptII/ptolemy/actor/lib/test/auto/matrixType2.xml
----------------- Instantiating /home/travis/build/icyphy/ptII/ptolemy/actor/lib/test/auto/matrixType2.xml
1 ms. Memory: 440320K Free: 364443K (83%)
----------------- Invoking toplevel() on ptolemy.moml.MoMLSimpleApplication@1f827323
----------------- Done invoking toplevel() on ptolemy.moml.MoMLSimpleApplication@1f827323
reloadAllAccessors: .matrixType2

===========================================================================================
----------------- testing Sat Sep 26 16:15:48 UTC 2020 /home/travis/build/icyphy/ptII/ptolemy/actor/lib/test/auto/matrixType3.xml
----------------- Instantiating /home/travis/build/icyphy/ptII/ptolemy/actor/lib/test/auto/matrixType3.xml
3 ms. Memory: 440320K Free: 359323K (82%)
----------------- Invoking toplevel() on ptolemy.moml.MoMLSimpleApplication@791d8de0
----------------- Done invoking toplevel() on ptolemy.moml.MoMLSimpleApplication@791d8de0
reloadAllAccessors: .matrixType3

===========================================================================================
----------------- testing Sat Sep 26 16:15:48 UTC 2020 /home/travis/build/icyphy/ptII/ptolemy/actor/lib/test/auto/matrixType4.xml
----------------- Instantiating /home/travis/build/icyphy/ptII/ptolemy/actor/lib/test/auto/matrixType4.xml
2 ms. Memory: 440320K Free: 354717K (81%)
----------------- Invoking toplevel() on ptolemy.moml.MoMLSimpleApplication@1c58cbf3
----------------- Done invoking toplevel() on ptolemy.moml.MoMLSimpleApplication@1c58cbf3
reloadAllAccessors: .matrixType4

===========================================================================================
----------------- testing Sat Sep 26 16:15:48 UTC 2020 /home/travis/build/icyphy/ptII/ptolemy/actor/lib/test/auto/matrixType5.xml
----------------- Instantiating /home/travis/build/icyphy/ptII/ptolemy/actor/lib/test/auto/matrixType5.xml
1 ms. Memory: 440320K Free: 349597K (79%)
----------------- Invoking toplevel() on ptolemy.moml.MoMLSimpleApplication@719a7117
----------------- Done invoking toplevel() on ptolemy.moml.MoMLSimpleApplication@719a7117
reloadAllAccessors: .matrixType5

===========================================================================================
----------------- testing Sat Sep 26 16:15:48 UTC 2020 /home/travis/build/icyphy/ptII/ptolemy/actor/lib/test/auto/matrixType6.xml
----------------- Instantiating /home/travis/build/icyphy/ptII/ptolemy/actor/lib/test/auto/matrixType6.xml
1 ms. Memory: 440320K Free: 344987K (78%)
----------------- Invoking toplevel() on ptolemy.moml.MoMLSimpleApplication@5e59f13b
----------------- Done invoking toplevel() on ptolemy.moml.MoMLSimpleApplication@5e59f13b
reloadAllAccessors: .matrixType6

===========================================================================================
----------------- testing Sat Sep 26 16:15:48 UTC 2020 /home/travis/build/icyphy/ptII/ptolemy/actor/lib/test/auto/matrixType7.xml
----------------- Instantiating /home/travis/build/icyphy/ptII/ptolemy/actor/lib/test/auto/matrixType7.xml
1 ms. Memory: 440320K Free: 339867K (77%)
----------------- Invoking toplevel() on ptolemy.moml.MoMLSimpleApplication@2a54da83
----------------- Done invoking toplevel() on ptolemy.moml.MoMLSimpleApplication@2a54da83
reloadAllAccessors: .matrixType7

===========================================================================================
----------------- testing Sat Sep 26 16:15:48 UTC 2020 /home/travis/build/icyphy/ptII/ptolemy/actor/lib/test/auto/matrixType8.xml
----------------- Instantiating /home/travis/build/icyphy/ptII/ptolemy/actor/lib/test/auto/matrixType8.xml
1 ms. Memory: 440320K Free: 334747K (76%)
----------------- Invoking toplevel() on ptolemy.moml.MoMLSimpleApplication@a20bb97
----------------- Done invoking toplevel() on ptolemy.moml.MoMLSimpleApplication@a20bb97
reloadAllAccessors: .matrixType8

===========================================================================================
----------------- testing Sat Sep 26 16:15:48 UTC 2020 /home/travis/build/icyphy/ptII/ptolemy/actor/lib/test/auto/matrixType9.xml
----------------- Instantiating /home/travis/build/icyphy/ptII/ptolemy/actor/lib/test/auto/matrixType9.xml
2 ms. Memory: 440320K Free: 330141K (75%)
----------------- Invoking toplevel() on ptolemy.moml.MoMLSimpleApplication@13e390f
----------------- Done invoking toplevel() on ptolemy.moml.MoMLSimpleApplication@13e390f
reloadAllAccessors: .matrixType9

===========================================================================================
----------------- testing Sat Sep 26 16:15:48 UTC 2020 /home/travis/build/icyphy/ptII/ptolemy/actor/lib/test/auto/paraFunctest.xml
----------------- Instantiating /home/travis/build/icyphy/ptII/ptolemy/actor/lib/test/auto/paraFunctest.xml
2 ms. Memory: 440320K Free: 326045K (74%)
----------------- Invoking toplevel() on ptolemy.moml.MoMLSimpleApplication@30f45f1c
----------------- Done invoking toplevel() on ptolemy.moml.MoMLSimpleApplication@30f45f1c
reloadAllAccessors: .paraFunctest

===========================================================================================
----------------- testing Sat Sep 26 16:15:48 UTC 2020 /home/travis/build/icyphy/ptII/ptolemy/actor/lib/test/auto/paraFunctest2.xml
----------------- Instantiating /home/travis/build/icyphy/ptII/ptolemy/actor/lib/test/auto/paraFunctest2.xml
1 ms. Memory: 440320K Free: 321435K (73%)
----------------- Invoking toplevel() on ptolemy.moml.MoMLSimpleApplication@337316f7
----------------- Done invoking toplevel() on ptolemy.moml.MoMLSimpleApplication@337316f7
reloadAllAccessors: .paraFunctest2

===========================================================================================
----------------- testing Sat Sep 26 16:15:48 UTC 2020 /home/travis/build/icyphy/ptII/ptolemy/actor/lib/test/auto/parameterPassing.xml
----------------- Instantiating /home/travis/build/icyphy/ptII/ptolemy/actor/lib/test/auto/parameterPassing.xml
1 ms. Memory: 440320K Free: 317339K (72%)
----------------- Invoking toplevel() on ptolemy.moml.MoMLSimpleApplication@7537fcc7
----------------- Done invoking toplevel() on ptolemy.moml.MoMLSimpleApplication@7537fcc7
reloadAllAccessors: .parameterPassing

===========================================================================================
----------------- testing Sat Sep 26 16:15:49 UTC 2020 /home/travis/build/icyphy/ptII/ptolemy/actor/lib/test/auto/record.xml
----------------- Instantiating /home/travis/build/icyphy/ptII/ptolemy/actor/lib/test/auto/record.xml
2 ms. Memory: 440320K Free: 312219K (71%)
----------------- Invoking toplevel() on ptolemy.moml.MoMLSimpleApplication@78e0fa85
----------------- Done invoking toplevel() on ptolemy.moml.MoMLSimpleApplication@78e0fa85
reloadAllAccessors: .record

===========================================================================================
----------------- testing Sat Sep 26 16:15:49 UTC 2020 /home/travis/build/icyphy/ptII/ptolemy/actor/lib/test/auto/sizedarray1.xml
----------------- Instantiating /home/travis/build/icyphy/ptII/ptolemy/actor/lib/test/auto/sizedarray1.xml
1 ms. Memory: 440320K Free: 307099K (70%)
----------------- Invoking toplevel() on ptolemy.moml.MoMLSimpleApplication@30eb7db2
----------------- Done invoking toplevel() on ptolemy.moml.MoMLSimpleApplication@30eb7db2
reloadAllAccessors: .sizedarray1

===========================================================================================
----------------- testing Sat Sep 26 16:15:49 UTC 2020 /home/travis/build/icyphy/ptII/ptolemy/actor/lib/test/auto/sizedarray2.xml
----------------- Instantiating /home/travis/build/icyphy/ptII/ptolemy/actor/lib/test/auto/sizedarray2.xml
2 ms. Memory: 440320K Free: 301469K (68%)
----------------- Invoking toplevel() on ptolemy.moml.MoMLSimpleApplication@4c05461c
----------------- Done invoking toplevel() on ptolemy.moml.MoMLSimpleApplication@4c05461c
reloadAllAccessors: .sizedarray2

===========================================================================================
----------------- testing Sat Sep 26 16:15:49 UTC 2020 /home/travis/build/icyphy/ptII/ptolemy/actor/lib/test/auto/twoPublishers.xml
----------------- Instantiating /home/travis/build/icyphy/ptII/ptolemy/actor/lib/test/auto/twoPublishers.xml
6 ms. Memory: 440320K Free: 290715K (66%)
----------------- Invoking toplevel() on ptolemy.moml.MoMLSimpleApplication@4cc35809
----------------- Done invoking toplevel() on ptolemy.moml.MoMLSimpleApplication@4cc35809
reloadAllAccessors: .twoPublishers
AutoTests.java: About to close Vertx.
AutoTests.java: Vertx closed.
]]></system-out>
  <system-err><![CDATA[java.lang.RuntimeException: Execution failed
	at ptolemy.moml.MoMLSimpleApplication$UnloadThread.run(MoMLSimpleApplication.java:402)
Caused by: java.lang.RuntimeException: StringUtilities.exit() was called. Normally, we would exit here because Manager.exitAfterWrapup() was called.  However, because the ptolemy.ptII.exitAfterWrapup property is set, we throw this exception instead.
	at ptolemy.util.StringUtilities.exit(StringUtilities.java:365)
	at ptolemy.actor.Manager.wrapup(Manager.java:1549)
	at ptolemy.actor.Manager.execute(Manager.java:407)
	at ptolemy.actor.Manager.run(Manager.java:1263)
	at ptolemy.actor.Manager$PtolemyRunThread.run(Manager.java:1933)
Warning: '.top.test' is in training mode, set the trainingMode parameter to false before checking in
Warning: '.top.test' is in training mode, set the trainingMode parameter to false before checking in
Warning: '.top.test' is in training mode, set the trainingMode parameter to false before checking in
Warning: '.BooleanSwitch_RegressionTest_WrongTrainingValues.Test' is in training mode, set the trainingMode parameter to false before checking in
Warning: '.BooleanSwitch_RegressionTest_WrongTrainingValues.Test2' is in training mode, set the trainingMode parameter to false before checking in
Warning: '.BooleanSwitch_RegressionTest_WrongTrainingValues.Test2' The test produced 0 tokens.
Warning: '.top.testExceptionHandler' is in training mode, set the trainingMode parameter to false before checking in
java.lang.RuntimeException: Execution failed
	at ptolemy.moml.MoMLSimpleApplication$UnloadThread.run(MoMLSimpleApplication.java:402)
Caused by: ptolemy.kernel.util.IllegalActionException: PublisherPorts cannot be used at the top level, use a Publisher actor instead.
  in .PublisherPortToplevelSubscriber.PublisherPort
	at ptolemy.actor.PublisherPort.preinitialize(PublisherPort.java:403)
	at ptolemy.actor.CompositeActor.preinitialize(CompositeActor.java:1769)
	at ptolemy.actor.Manager.preinitializeAndResolveTypes(Manager.java:1040)
	at ptolemy.actor.Manager.initialize(Manager.java:710)
	at ptolemy.actor.Manager.execute(Manager.java:356)
	at ptolemy.actor.Manager.run(Manager.java:1263)
	at ptolemy.actor.Manager$PtolemyRunThread.run(Manager.java:1933)
java.lang.reflect.InvocationTargetException
	at java.base/jdk.internal.reflect.NativeConstructorAccessorImpl.newInstance0(Native Method)
	at java.base/jdk.internal.reflect.NativeConstructorAccessorImpl.newInstance(NativeConstructorAccessorImpl.java:62)
	at java.base/jdk.internal.reflect.DelegatingConstructorAccessorImpl.newInstance(DelegatingConstructorAccessorImpl.java:45)
	at java.base/java.lang.reflect.Constructor.newInstance(Constructor.java:490)
	at ptolemy.util.test.junit.AutoKnownFailedTests.RunModel(AutoKnownFailedTests.java:105)
	at java.base/jdk.internal.reflect.NativeMethodAccessorImpl.invoke0(Native Method)
	at java.base/jdk.internal.reflect.NativeMethodAccessorImpl.invoke(NativeMethodAccessorImpl.java:62)
	at java.base/jdk.internal.reflect.DelegatingMethodAccessorImpl.invoke(DelegatingMethodAccessorImpl.java:43)
	at java.base/java.lang.reflect.Method.invoke(Method.java:566)
	at org.junit.runners.model.FrameworkMethod$1.runReflectiveCall(FrameworkMethod.java:44)
	at org.junit.internal.runners.model.ReflectiveCallable.run(ReflectiveCallable.java:15)
	at org.junit.runners.model.FrameworkMethod.invokeExplosively(FrameworkMethod.java:41)
	at junitparams.internal.InvokeParameterisedMethod.evaluate(InvokeParameterisedMethod.java:102)
	at org.junit.internal.runners.statements.FailOnTimeout$1.run(FailOnTimeout.java:28)
Caused by: ptolemy.kernel.util.IllegalActionException: PublisherPorts cannot be used at the top level, use a Publisher actor instead.
  in .PublisherPortToplevelSubscriber.PublisherPort
	at ptolemy.actor.PublisherPort.preinitialize(PublisherPort.java:403)
	at ptolemy.actor.CompositeActor.preinitialize(CompositeActor.java:1769)
	at ptolemy.actor.Manager.preinitializeAndResolveTypes(Manager.java:1040)
	at ptolemy.actor.Manager.initialize(Manager.java:710)
	at ptolemy.actor.Manager.execute(Manager.java:356)
	at ptolemy.actor.Manager.run(Manager.java:1263)
	at ptolemy.actor.Manager$PtolemyRunThread.run(Manager.java:1933)
java.lang.RuntimeException: Execution failed
	at ptolemy.moml.MoMLSimpleApplication$UnloadThread.run(MoMLSimpleApplication.java:402)
Caused by: ptolemy.kernel.util.IllegalActionException: SubscriberPorts cannot be used at the top level, use a Subscriber actor instead.
  in .PublisherSubscriberPortToplevel.SubscriberPort
	at ptolemy.actor.SubscriberPort.preinitialize(SubscriberPort.java:328)
	at ptolemy.actor.CompositeActor.preinitialize(CompositeActor.java:1769)
	at ptolemy.actor.Manager.preinitializeAndResolveTypes(Manager.java:1040)
	at ptolemy.actor.Manager.initialize(Manager.java:710)
	at ptolemy.actor.Manager.execute(Manager.java:356)
	at ptolemy.actor.Manager.run(Manager.java:1263)
	at ptolemy.actor.Manager$PtolemyRunThread.run(Manager.java:1933)
java.lang.reflect.InvocationTargetException
	at java.base/jdk.internal.reflect.NativeConstructorAccessorImpl.newInstance0(Native Method)
	at java.base/jdk.internal.reflect.NativeConstructorAccessorImpl.newInstance(NativeConstructorAccessorImpl.java:62)
	at java.base/jdk.internal.reflect.DelegatingConstructorAccessorImpl.newInstance(DelegatingConstructorAccessorImpl.java:45)
	at java.base/java.lang.reflect.Constructor.newInstance(Constructor.java:490)
	at ptolemy.util.test.junit.AutoKnownFailedTests.RunModel(AutoKnownFailedTests.java:105)
	at java.base/jdk.internal.reflect.NativeMethodAccessorImpl.invoke0(Native Method)
	at java.base/jdk.internal.reflect.NativeMethodAccessorImpl.invoke(NativeMethodAccessorImpl.java:62)
	at java.base/jdk.internal.reflect.DelegatingMethodAccessorImpl.invoke(DelegatingMethodAccessorImpl.java:43)
	at java.base/java.lang.reflect.Method.invoke(Method.java:566)
	at org.junit.runners.model.FrameworkMethod$1.runReflectiveCall(FrameworkMethod.java:44)
	at org.junit.internal.runners.model.ReflectiveCallable.run(ReflectiveCallable.java:15)
	at org.junit.runners.model.FrameworkMethod.invokeExplosively(FrameworkMethod.java:41)
	at junitparams.internal.InvokeParameterisedMethod.evaluate(InvokeParameterisedMethod.java:102)
	at org.junit.internal.runners.statements.FailOnTimeout$1.run(FailOnTimeout.java:28)
Caused by: ptolemy.kernel.util.IllegalActionException: SubscriberPorts cannot be used at the top level, use a Subscriber actor instead.
  in .PublisherSubscriberPortToplevel.SubscriberPort
	at ptolemy.actor.SubscriberPort.preinitialize(SubscriberPort.java:328)
	at ptolemy.actor.CompositeActor.preinitialize(CompositeActor.java:1769)
	at ptolemy.actor.Manager.preinitializeAndResolveTypes(Manager.java:1040)
	at ptolemy.actor.Manager.initialize(Manager.java:710)
	at ptolemy.actor.Manager.execute(Manager.java:356)
	at ptolemy.actor.Manager.run(Manager.java:1263)
	at ptolemy.actor.Manager$PtolemyRunThread.run(Manager.java:1933)
java.lang.RuntimeException: Execution failed
	at ptolemy.moml.MoMLSimpleApplication$UnloadThread.run(MoMLSimpleApplication.java:402)
Caused by: ptolemy.kernel.util.IllegalActionException: SubscriptionAggregatorPorts cannot be used at the top level, use a SubscriptionAggregator actor instead.
  in .PublisherSubscriptionAggregatorPort.SubscriptionAggregatorPort
	at ptolemy.actor.SubscriptionAggregatorPort.preinitialize(SubscriptionAggregatorPort.java:353)
	at ptolemy.actor.CompositeActor.preinitialize(CompositeActor.java:1769)
	at ptolemy.actor.Manager.preinitializeAndResolveTypes(Manager.java:1040)
	at ptolemy.actor.Manager.initialize(Manager.java:710)
	at ptolemy.actor.Manager.execute(Manager.java:356)
	at ptolemy.actor.Manager.run(Manager.java:1263)
	at ptolemy.actor.Manager$PtolemyRunThread.run(Manager.java:1933)
java.lang.reflect.InvocationTargetException
	at java.base/jdk.internal.reflect.NativeConstructorAccessorImpl.newInstance0(Native Method)
	at java.base/jdk.internal.reflect.NativeConstructorAccessorImpl.newInstance(NativeConstructorAccessorImpl.java:62)
	at java.base/jdk.internal.reflect.DelegatingConstructorAccessorImpl.newInstance(DelegatingConstructorAccessorImpl.java:45)
	at java.base/java.lang.reflect.Constructor.newInstance(Constructor.java:490)
	at ptolemy.util.test.junit.AutoKnownFailedTests.RunModel(AutoKnownFailedTests.java:105)
	at java.base/jdk.internal.reflect.NativeMethodAccessorImpl.invoke0(Native Method)
	at java.base/jdk.internal.reflect.NativeMethodAccessorImpl.invoke(NativeMethodAccessorImpl.java:62)
	at java.base/jdk.internal.reflect.DelegatingMethodAccessorImpl.invoke(DelegatingMethodAccessorImpl.java:43)
	at java.base/java.lang.reflect.Method.invoke(Method.java:566)
	at org.junit.runners.model.FrameworkMethod$1.runReflectiveCall(FrameworkMethod.java:44)
	at org.junit.internal.runners.model.ReflectiveCallable.run(ReflectiveCallable.java:15)
	at org.junit.runners.model.FrameworkMethod.invokeExplosively(FrameworkMethod.java:41)
	at junitparams.internal.InvokeParameterisedMethod.evaluate(InvokeParameterisedMethod.java:102)
	at org.junit.internal.runners.statements.FailOnTimeout$1.run(FailOnTimeout.java:28)
Caused by: ptolemy.kernel.util.IllegalActionException: SubscriptionAggregatorPorts cannot be used at the top level, use a SubscriptionAggregator actor instead.
  in .PublisherSubscriptionAggregatorPort.SubscriptionAggregatorPort
	at ptolemy.actor.SubscriptionAggregatorPort.preinitialize(SubscriptionAggregatorPort.java:353)
	at ptolemy.actor.CompositeActor.preinitialize(CompositeActor.java:1769)
	at ptolemy.actor.Manager.preinitializeAndResolveTypes(Manager.java:1040)
	at ptolemy.actor.Manager.initialize(Manager.java:710)
	at ptolemy.actor.Manager.execute(Manager.java:356)
	at ptolemy.actor.Manager.run(Manager.java:1263)
	at ptolemy.actor.Manager$PtolemyRunThread.run(Manager.java:1933)
java.lang.RuntimeException: Execution failed
	at ptolemy.moml.MoMLSimpleApplication$UnloadThread.run(MoMLSimpleApplication.java:402)
Caused by: ptolemy.kernel.util.IllegalActionException: TypeTest actor has no training data.
  in .sizedarray3.TypeTest
	at ptolemy.actor.lib.TypeTest.initialize(TypeTest.java:250)
	at ptolemy.actor.Director.initialize(Director.java:938)
	at ptolemy.actor.Director.initialize(Director.java:907)
	at ptolemy.actor.sched.StaticSchedulingDirector.initialize(StaticSchedulingDirector.java:159)
	at ptolemy.domains.sdf.kernel.SDFDirector.initialize(SDFDirector.java:544)
	at ptolemy.actor.CompositeActor.initialize(CompositeActor.java:935)
	at ptolemy.actor.Manager.initialize(Manager.java:724)
	at ptolemy.actor.Manager.execute(Manager.java:356)
	at ptolemy.actor.Manager.run(Manager.java:1263)
	at ptolemy.actor.Manager$PtolemyRunThread.run(Manager.java:1933)
java.lang.reflect.InvocationTargetException
	at java.base/jdk.internal.reflect.NativeConstructorAccessorImpl.newInstance0(Native Method)
	at java.base/jdk.internal.reflect.NativeConstructorAccessorImpl.newInstance(NativeConstructorAccessorImpl.java:62)
	at java.base/jdk.internal.reflect.DelegatingConstructorAccessorImpl.newInstance(DelegatingConstructorAccessorImpl.java:45)
	at java.base/java.lang.reflect.Constructor.newInstance(Constructor.java:490)
	at ptolemy.util.test.junit.AutoKnownFailedTests.RunModel(AutoKnownFailedTests.java:105)
	at java.base/jdk.internal.reflect.NativeMethodAccessorImpl.invoke0(Native Method)
	at java.base/jdk.internal.reflect.NativeMethodAccessorImpl.invoke(NativeMethodAccessorImpl.java:62)
	at java.base/jdk.internal.reflect.DelegatingMethodAccessorImpl.invoke(DelegatingMethodAccessorImpl.java:43)
	at java.base/java.lang.reflect.Method.invoke(Method.java:566)
	at org.junit.runners.model.FrameworkMethod$1.runReflectiveCall(FrameworkMethod.java:44)
	at org.junit.internal.runners.model.ReflectiveCallable.run(ReflectiveCallable.java:15)
	at org.junit.runners.model.FrameworkMethod.invokeExplosively(FrameworkMethod.java:41)
	at junitparams.internal.InvokeParameterisedMethod.evaluate(InvokeParameterisedMethod.java:102)
	at org.junit.internal.runners.statements.FailOnTimeout$1.run(FailOnTimeout.java:28)
Caused by: ptolemy.kernel.util.IllegalActionException: TypeTest actor has no training data.
  in .sizedarray3.TypeTest
	at ptolemy.actor.lib.TypeTest.initialize(TypeTest.java:250)
	at ptolemy.actor.Director.initialize(Director.java:938)
	at ptolemy.actor.Director.initialize(Director.java:907)
	at ptolemy.actor.sched.StaticSchedulingDirector.initialize(StaticSchedulingDirector.java:159)
	at ptolemy.domains.sdf.kernel.SDFDirector.initialize(SDFDirector.java:544)
	at ptolemy.actor.CompositeActor.initialize(CompositeActor.java:935)
	at ptolemy.actor.Manager.initialize(Manager.java:724)
	at ptolemy.actor.Manager.execute(Manager.java:356)
	at ptolemy.actor.Manager.run(Manager.java:1263)
	at ptolemy.actor.Manager$PtolemyRunThread.run(Manager.java:1933)
]]></system-err>
</testsuite>
