<?xml version="1.0" encoding="UTF-8" ?>
<testsuite errors="0" failures="0" hostname="travis-job-1e0aa454-ffe9-43ca-9acf-183010315b2e" name="ptolemy.actor.lib.test.junit.JUnitTclTest" skipped="0" tests="517" time="58.91" timestamp="2018-07-02T01:27:08">
  <properties>
    <property name="npm.executable" value="npm" />
    <property name="file.encoding.pkg" value="sun.io" />
    <property name="ptII.mk.exists" value="true" />
    <property name="env.rvm_bin_path" value="/home/travis/.rvm/bin" />
    <property name="java.home" value="/usr/lib/jvm/java-8-oracle/jre" />
    <property name="env.TRAVIS_JOB_NUMBER" value="639.8" />
    <property name="env.DISPLAY" value=":99.0" />
    <property name="java.net.preferIPv4Stack" value="true" />
    <property name="env.TRAVIS_INIT" value="upstart" />
    <property name="env.SSH_TTY" value="/dev/pts/0" />
    <property name="env.RUN_TESTS" value="false" />
    <property name="timeout.short" value="1000000" />
    <property name="env.TRAVIS_STACK_NODE_ATTRIBUTES" value="/.node-attributes.yml" />
    <property name="junit.formatter" value="xml" />
    <property name="java.endorsed.dirs" value="/usr/lib/jvm/java-8-oracle/jre/lib/endorsed" />
    <property name="env.TRAVIS_SUDO" value="true" />
    <property name="env.LOGNAME" value="travis" />
    <property name="env.PT_TRAVIS_TEST_CORE1_XML" value="true" />
    <property name="jsdoc.home" value="node_modules/@terraswarm/jsdoc" />
    <property name="debuglevel" value="source,lines,vars" />
    <property name="checkstyle.formatter" value="xml" />
    <property name="bin.vergil.makeable" value="true" />
    <property name="env._system_version" value="14.04" />
    <property name="sun.os.patch.level" value="unknown" />
    <property name="java.vendor.url" value="http://java.oracle.com/" />
    <property name="java.version" value="1.8.0_151" />
    <property name="env.TZ" value="UTC" />
    <property name="env.PT_NO_NET" value="true" />
    <property name="env.TRAVIS_PULL_REQUEST_SHA" value="" />
    <property name="env.TRAVIS_SECURE_ENV_VARS" value="true" />
    <property name="env._system_type" value="Linux" />
    <property name="java.vendor.url.bug" value="http://bugreport.sun.com/bugreport/" />
    <property name="env.SSH_CLIENT" value="10.10.16.2 46064 22" />
    <property name="npmjs-org-is-up" value="true" />
    <property name="env.GEM_HOME" value="/home/travis/.rvm/gems/ruby-2.4.1" />
    <property name="env.HAS_ANTARES_THREE_LITTLE_FRONZIES_BADGE" value="true" />
    <property name="env.PS4" value="+" />
    <property name="ant.project.invoked-targets" value="build,test.core1.xml" />
    <property name="env.TRAVIS_PULL_REQUEST_BRANCH" value="" />
    <property name="env.TRAVIS_REPO_SLUG" value="icyphy/ptII" />
    <property name="node.in.path" value="true" />
    <property name="java.maxmemory" value="1400m" />
    <property name="env.RUBY_VERSION" value="ruby-2.4.1" />
    <property name="user.name" value="travis" />
    <property name="env.LANG" value="en_US.UTF-8" />
    <property name="sun.io.unicode.encoding" value="UnicodeLittle" />
    <property name="sun.jnu.encoding" value="UTF-8" />
    <property name="java.runtime.name" value="Java(TM) SE Runtime Environment" />
    <property name="usefile" value="false" />
    <property name="return.code" value="0" />
    <property name="junit.single.formatter" value="plain" />
    <property name="env.DYLD_LIBRARY_PATH" value="/home/travis/pthla/certi-tools/lib:" />
    <property name="env.DEBIAN_FRONTEND" value="noninteractive" />
    <property name="env.SSH_CONNECTION" value="10.10.16.2 46064 10.20.0.23 22" />
    <property name="env.MYSQL_UNIX_PORT" value="/var/run/mysqld/mysqld.sock" />
    <property name="env.TRAVIS_ALLOW_FAILURE" value="false" />
    <property name="env.LC_ALL" value="en_US.UTF-8" />
    <property name="java.specification.name" value="Java Platform API Specification" />
    <property name="node.works" value="true" />
    <property name="user.timezone" value="" />
    <property name="path.separator" value=":" />
    <property name="env.PYTHON_CFLAGS" value="-g -fstack-protector --param=ssp-buffer-size=4 -Wformat -Werror=format-security" />
    <property name="timeout.long" value="4000000" />
    <property name="env.CERTI_HOME" value="/home/travis/pthla/certi-tools" />
    <property name="file.encoding" value="UTF-8" />
    <property name="ant.file.ptII" value="/home/travis/build/icyphy/ptII/build.xml" />
    <property name="javadoc.packagenames" value="com.*,diva.*,lbnl.*,org.hlacerti.*,org.json.*,org.ptolemy.*,org.terraswarm.*,ptolemy.*,ptserver.*" />
    <property name="env.TRAVIS_PULL_REQUEST_SLUG" value="" />
    <property name="ant.project.default-target" value="build" />
    <property name="env.GIT_ASKPASS" value="echo" />
    <property name="env.HOME" value="/home/travis" />
    <property name="sun.java.command" value="org.apache.tools.ant.taskdefs.optional.junit.JUnitTestRunner ptolemy.actor.lib.test.junit.JUnitTclTest skipNonTests=false filtertrace=true haltOnError=false haltOnFailure=false formatter=org.apache.tools.ant.taskdefs.optional.junit.OutErrSummaryJUnitResultFormatter showoutput=true outputtoformatters=true logfailedtests=true threadid=0 logtestlistenerevents=false formatter=org.apache.tools.ant.taskdefs.optional.junit.XMLJUnitResultFormatter,/home/travis/build/icyphy/ptII/reports/junit/TEST-ptolemy.actor.lib.test.junit.JUnitTclTest.xml crashfile=/home/travis/build/icyphy/ptII/junitvmwatcher8348844289629165473.properties propsfile=/home/travis/build/icyphy/ptII/junit142231918940201455.properties" />
    <property name="env.MANPATH" value="/home/travis/.nvm/versions/node/v7.10.1/share/man:/home/travis/.kiex/elixirs/elixir-1.4.5/man:/home/travis/.rvm/rubies/ruby-2.4.1/share/man:/usr/local/man:/usr/local/cmake-3.9.2/man:/usr/local/clang-5.0.0/share/man:/usr/local/share/man:/usr/share/man:/home/travis/.rvm/man" />
    <property name="env.COMPOSER_NO_INTERACTION" value="1" />
    <property name="env.JDK_SWITCHER_DEFAULT" value="oraclejdk8" />
    <property name="ant.file" value="/home/travis/build/icyphy/ptII/build.xml" />
    <property name="env.TRAVIS_COMMIT_RANGE" value="ccc6dcdeb986a88bd7adfc64f07cce96eb7c62d4...def9f10e04089c14f8ba284dbed157d0d1f7f1a8" />
    <property name="env._system_name" value="Ubuntu" />
    <property name="timeout" value="2400000" />
    <property name="ptII.classpath.optional.property" value="/home/travis/build/icyphy/ptII/lib/bsh-2.0b4.jar:/home/travis/build/icyphy/ptII/lib/ptCal.jar:/home/travis/build/icyphy/ptII/lib/java_cup.jar:/home/travis/build/icyphy/ptII/lib/saxon8.jar:/home/travis/build/icyphy/ptII/lib/saxon8-dom.jar:/home/travis/build/icyphy/ptII/lib/chic.jar:/home/travis/build/icyphy/ptII/lib/ptcolt.jar:/usr/lib/jvm/java-8-oracle/lib/tools.jar:/usr/lib/eclipse/plugins/org.eclipse.jdt.core_3.8.2.dist.jar:/usr/lib/eclipse/plugins/org.eclipse.core.runtime_3.8.0.dist.jar:/usr/lib/eclipse/plugins/org.eclipse.osgi_3.8.1.dist.jar:/usr/lib/eclipse/plugins/org.eclipse.core.resources_3.8.1.dist.jar:/usr/lib/eclipse/plugins/org.eclipse.equinox.common_3.6.100.dist.jar:/usr/lib/eclipse/plugins/org.eclipse.core.jobs_3.5.200.dist.jar:/usr/lib/eclipse/plugins/org.eclipse.core.contenttype_3.4.200.dist.jar:/usr/lib/eclipse/plugins/org.eclipse.equinox.preferences_3.5.0.dist.jar:/usr/lib/eclipse/plugins/org.eclipse.text_3.5.200.dist.jar:/usr/lib/eclipse/plugins/org.eclipse.ui.workbench_3.8.1.dist.jar:/usr/lib/eclipse/plugins/org.eclipse.jface_3.8.0.dist.jar:/usr/lib/eclipse/plugins/org.eclipse.swt_3.8.2.jar:/usr/lib/eclipse/plugins/org.eclipse.jface.text_3.8.1.dist.jar:/usr/lib/eclipse/plugins/org.eclipse.ui.workbench.texteditor_3.8.0.dist.jar:/usr/lib/eclipse/plugins/org.eclipse.ui.editors_3.8.0.dist.jar:/usr/lib/eclipse/plugins/org.eclipse.core.commands_3.6.1.dist.jar:/usr/lib/eclipse/plugins/org.eclipse.equinox.registry_3.5.200.dist.jar:/usr/lib/eclipse/plugins/org.eclipse.ui.console_3.5.100.dist.jar:/usr/lib/eclipse/plugins/org.eclipse.ui.forms_3.5.200.dist.jar:/usr/lib/eclipse/plugins/org.eclipse.ui.ide_3.8.1.dist.jar:/home/travis/build/icyphy/ptII/vendors/oracle/dbxml.jar:/home/travis/build/icyphy/ptII/vendors/oracle/db.jar:/home/travis/build/icyphy/ptII/vendors/misc/itext/iText.jar:/home/travis/build/icyphy/ptII/lib/g4ltl.jar:/home/travis/build/icyphy/ptII/lib/StructuralCoder.jar:/home/travis/build/icyphy/ptII/lib/org-openide-util.jar:/home/travis/build/icyphy/ptII/lib/org-openide-util-lookup.jar:/home/travis/build/icyphy/ptII/lib/org-netbeans-api-visual.jar:/home/travis/build/icyphy/ptII/vendors/jai-1_1_2_01/lib/jai_core.jar:/home/travis/build/icyphy/ptII/vendors/jai-1_1_2_01/lib/jai_codec.jar:/home/travis/build/icyphy/ptII/lib/jcerti.jar:/home/travis/build/icyphy/ptII/lib/smack.jar:/home/travis/build/icyphy/ptII/lib/smackx.jar:/home/travis/build/icyphy/ptII/lib/jetty-all-8.1.5-v20120716.jar:/home/travis/build/icyphy/ptII/lib/javax.servlet-api-3.0.1.jar:/home/travis/build/icyphy/ptII/lib/javax.mail.jar:/home/travis/build/icyphy/ptII/vendors/JMF-2.1.1e/lib/jmf.jar:/home/travis/build/icyphy/ptII/lib/jna-4.0.0-variadic.jar:/home/travis/build/icyphy/ptII/vendors/misc/joystick/Joystick.jar:/home/travis/build/icyphy/ptII/lib/ptjacl.jar:/home/travis/build/icyphy/ptII/lib/jsoup-1.8.2.jar:/home/travis/build/icyphy/ptII/lib/junit-4.8.2.jar:/home/travis/build/icyphy/ptII/lib/JUnitParams-0.4.0.jar:/home/travis/build/icyphy/ptII/ptolemy/actor/lib/excel/jxl.jar:/home/travis/build/icyphy/ptII/lib/jython.jar:/home/travis/build/icyphy/ptII/lib/kieler.jar:/home/travis/build/icyphy/ptII/vendors/opencv/share/OpenCV/java/opencv-341.jar:/home/travis/build/icyphy/ptII/lib/oscP5.jar:/home/travis/build/icyphy/ptII/lib/nrjavaserial-3.11.0.devel.jar:/home/travis/build/icyphy/ptII/vendors/j3d/lib/j3dcore.jar:/home/travis/build/icyphy/ptII/vendors/j3d/lib/j3dutils.jar:/home/travis/build/icyphy/ptII/vendors/j3d/lib/vecmath.jar:/home/travis/build/icyphy/ptII/ptolemy/distributed/jini/jar/jini-core.jar:/home/travis/build/icyphy/ptII/ptolemy/distributed/jini/jar/jini-ext.jar:/home/travis/build/icyphy/ptII/ptolemy/distributed/jini/jar/sun-util.jar:/home/travis/build/icyphy/ptII/lib/protobuf-java-2.4.1.jar:/home/travis/build/icyphy/ptII/lib/org.eclipse.paho.client.mqttv3.jar:/home/travis/build/icyphy/ptII/ptserver/lib/hessian-4.0.7.jar:/home/travis/build/icyphy/ptII/ptserver/lib/wmqtt.jar:/home/travis/build/icyphy/ptII/lib/mapss.jar:/home/travis/build/icyphy/ptII/ptolemy/actor/ptalon/antlr/antlr.jar:/home/travis/build/icyphy/ptII/lib/JRI.jar:/home/travis/build/icyphy/ptII/lib/commons-lang-2.6.jar:/home/travis/build/icyphy/ptII/lib/commons-logging-1.1.1.jar:/home/travis/build/icyphy/ptII/lib/sootclasses.jar:/home/travis/build/icyphy/ptII/ptolemy/actor/lib/database/mysql-connector-java-5.1.6-bin.jar:/home/travis/build/icyphy/ptII/vendors/misc/sphinx4/sphinx4-data-5prealpha.jar:/home/travis/build/icyphy/ptII/vendors/misc/sphinx4/sphinx4-core-5prealpha.jar:/home/travis/build/icyphy/ptII/lib/PDFRenderer.jar:/home/travis/build/icyphy/ptII/lib/svgSalamander.jar:/home/travis/build/icyphy/ptII/lib/rsyntaxtextarea-2.6.0-SNAPSHOT.jar:/home/travis/build/icyphy/ptII/lib/hazelcast-3.8.2.jar:/home/travis/build/icyphy/ptII/lib/jackson-annotations-2.9.0.jar:/home/travis/build/icyphy/ptII/lib/jackson-core-2.9.3.jar:/home/travis/build/icyphy/ptII/lib/jackson-databind-2.9.3.jar:/home/travis/build/icyphy/ptII/lib/netty-buffer-4.1.19.Final.jar:/home/travis/build/icyphy/ptII/lib/netty-codec-4.1.19.Final.jar:/home/travis/build/icyphy/ptII/lib/netty-codec-dns-4.1.19.Final.jar:/home/travis/build/icyphy/ptII/lib/netty-codec-http-4.1.19.Final.jar:/home/travis/build/icyphy/ptII/lib/netty-codec-http2-4.1.19.Final.jar:/home/travis/build/icyphy/ptII/lib/netty-common-4.1.19.Final.jar:/home/travis/build/icyphy/ptII/lib/netty-handler-4.1.19.Final.jar:/home/travis/build/icyphy/ptII/lib/netty-resolver-4.1.19.Final.jar:/home/travis/build/icyphy/ptII/lib/netty-resolver-dns-4.1.19.Final.jar:/home/travis/build/icyphy/ptII/lib/netty-transport-4.1.19.Final.jar:/home/travis/build/icyphy/ptII/lib/vertx-codegen-3.5.1.jar:/home/travis/build/icyphy/ptII/lib/vertx-core-3.5.2-SNAPSHOT.jar:/home/travis/build/icyphy/ptII/lib/vertx-hazelcast-3.5.1.jar:/home/travis/build/icyphy/ptII/lib/vertx-lang-js-3.5.1.jar:/home/travis/build/icyphy/ptII/lib/vertx-service-proxy-3.5.1.jar:/home/travis/build/icyphy/ptII/lib/vertx-web-3.5.1.jar:/home/travis/build/icyphy/ptII/lib/slf4j-api-1.7.13.jar:/home/travis/build/icyphy/ptII/lib/slf4j-simple-1.7.13.jar:/home/travis/build/icyphy/ptII/lib/webcam-capture-0.3.12.jar:/home/travis/build/icyphy/ptII/lib/bridj-0.7.0.jar:/home/travis/build/icyphy/ptII/lib/xbjlib-1.1.0.nrjavaserial.jar" />
    <property name="test.batch" value="**/junit/*.java" />
    <property name="env._" value="/usr/bin/timeout" />
    <property name="java.io.tmpdir" value="/tmp" />
    <property name="user.language" value="en" />
    <property name="env.HISTCONTROL" value="ignoredups:ignorespace" />
    <property name="env.GOROOT" value="/home/travis/.gimme/versions/go1.7.4.linux.amd64" />
    <property name="line.separator" value="&#xa;" />
    <property name="target" value="1.8" />
    <property name="env.TRAVIS_BUILD_DIR" value="/home/travis/build/icyphy/ptII" />
    <property name="env.ANT_OPTS" value="-Xmx2048m" />
    <property name="ant.file.type" value="file" />
    <property name="ptolemy.ptII.batchMode" value="true" />
    <property name="env.HISTSIZE" value="1000" />
    <property name="env.MERB_ENV" value="test" />
    <property name="java.vm.info" value="mixed mode" />
    <property name="source" value="1.8" />
    <property name="java.vm.specification.name" value="Java Virtual Machine Specification" />
    <property name="env.TRAVIS_TEST_RESULT" value="0" />
    <property name="jsdoc.command" value="node_modules/@terraswarm/jsdoc/jsdoc.js" />
    <property name="npm.works" value="true" />
    <property name="cobertura.dir" value="/home/travis/build/icyphy/ptII/vendors/cobertura-2.0.3" />
    <property name="env.rvm_path" value="/home/travis/.rvm" />
    <property name="env.GEM_PATH" value="/home/travis/.rvm/gems/ruby-2.4.1:/home/travis/.rvm/gems/ruby-2.4.1@global" />
    <property name="env.LC_CTYPE" value="en_US.UTF-8" />
    <property name="java.awt.printerjob" value="sun.print.PSPrinterJob" />
    <property name="env.TRAVIS_STACK_NAME" value="garnet" />
    <property name="ant.version" value="Apache Ant(TM) version 1.10.1 compiled on February 2 2017" />
    <property name="ptII.reports" value="/home/travis/build/icyphy/ptII/reports" />
    <property name="env.TRAVIS_STACK_TIMESTAMP" value="2017-12-05 19:33:09 UTC" />
    <property name="ant.file.type.ptII" value="file" />
    <property name="env.RBENV_SHELL" value="bash" />
    <property name="os.name" value="Linux" />
    <property name="java.specification.vendor" value="Oracle Corporation" />
    <property name="env.rvm_version" value="1.29.3 (latest)" />
    <property name="env.TERM" value="xterm" />
    <property name="java.vm.name" value="Java HotSpot(TM) 64-Bit Server VM" />
    <property name="env.TRAVIS_BUILD_NUMBER" value="639" />
    <property name="env.CI" value="true" />
    <property name="java.library.path" value="/home/travis/pthla/certi-tools/lib:/usr/lib/jni:/usr/local/share/OpenCV/java/:/usr/share/OpenCV/java::/usr/java/packages/lib/amd64:/usr/lib64:/lib64:/lib:/usr/lib" />
    <property name="env.rvm_prefix" value="/home/travis" />
    <property name="env.PATH" value="/home/travis/pthla/certi-tools/share/scripts:/home/travis/.rvm/gems/ruby-2.4.1/bin:/home/travis/.rvm/gems/ruby-2.4.1@global/bin:/home/travis/.rvm/rubies/ruby-2.4.1/bin:/home/travis/.rvm/bin:/home/travis/.nvm/versions/node/v7.10.1/bin:./node_modules/.bin:/home/travis/build/icyphy/ptII/bin:/home/travis/pthla/certi-tools/bin:/home/travis/bin:/home/travis/.local/bin:/opt/pyenv/shims:/home/travis/.phpenv/shims:/home/travis/perl5/perlbrew/bin:/home/travis/.kiex/elixirs/elixir-1.4.5/bin:/home/travis/.kiex/bin:/home/travis/gopath/bin:/home/travis/.gimme/versions/go1.7.4.linux.amd64/bin:/usr/local/phantomjs/bin:/usr/local/phantomjs:/usr/local/neo4j-3.2.7/bin:/usr/local/maven-3.5.2/bin:/usr/local/cmake-3.9.2/bin:/usr/local/clang-5.0.0/bin:/usr/local/sbin:/usr/local/bin:/usr/sbin:/usr/bin:/sbin:/bin:/home/travis/.phpenv/bin:/opt/pyenv/bin:/home/travis/.yarn/bin" />
    <property name="env.TRAVIS_OS_NAME" value="linux" />
    <property name="ant.java.version" value="1.8" />
    <property name="basedir" value="/home/travis/build/icyphy/ptII" />
    <property name="java.class.version" value="52.0" />
    <property name="env.SHLVL" value="3" />
    <property name="env.LD_LIBRARY_PATH" value="/home/travis/pthla/certi-tools/lib:/usr/lib/jni:/usr/local/share/OpenCV/java/:/usr/share/OpenCV/java:" />
    <property name="env.RACK_ENV" value="test" />
    <property name="ant.home" value="/home/travis/build/icyphy/ptII/ant" />
    <property name="env.NVM_DIR" value="/home/travis/.nvm" />
    <property name="env.PERLBREW_BASHRC_VERSION" value="0.80" />
    <property name="env.CERTI_FOM_PATH" value="/home/travis/pthla/certi-tools/share/federations" />
    <property name="env.TRAVIS_BUILD_ID" value="398947292" />
    <property name="env.PYENV_ROOT" value="/opt/pyenv" />
    <property name="env.TRAVIS_UID" value="2000" />
    <property name="env.rvm_pretty_print_flag" value="auto" />
    <property name="env.NVM_BIN" value="/home/travis/.nvm/versions/node/v7.10.1/bin" />
    <property name="env.TRAVIS_COMMIT" value="def9f10e04089c14f8ba284dbed157d0d1f7f1a8" />
    <property name="env._system_arch" value="x86_64" />
    <property name="node.executable" value="node" />
    <property name="sun.boot.library.path" value="/usr/lib/jvm/java-8-oracle/jre/lib/amd64" />
    <property name="sun.management.compiler" value="HotSpot 64-Bit Tiered Compilers" />
    <property name="env.GOPATH" value="/home/travis/gopath" />
    <property name="java.awt.graphicsenv" value="sun.awt.X11GraphicsEnvironment" />
    <property name="ptolemy.ptII.dir" value="/home/travis/build/icyphy/ptII" />
    <property name="env.USER" value="travis" />
    <property name="env.HISTFILESIZE" value="2000" />
    <property name="timeout.longest" value="19000000" />
    <property name="env.TRAVIS_STACK_FEATURES" value="basic cassandra chromium couchdb disabled-ipv6 docker docker-compose elasticsearch firefox go-toolchain google-chrome jdk memcached mongodb mysql neo4j nodejs_interpreter perl_interpreter perlbrew phantomjs postgresql python_interpreter rabbitmq redis riak ruby_interpreter sqlite xserver" />
    <property name="env.TRAVIS_PULL_REQUEST" value="false" />
    <property name="env.PYENV_SHELL" value="bash" />
    <property name="ant.project.name" value="ptII" />
    <property name="java.vm.specification.version" value="1.8" />
    <property name="env.TRAVIS_DIST" value="trusty" />
    <property name="env.CERTI_VERSION" value="4.0.0" />
    <property name="env.NLSPATH" value="/usr/dt/lib/nls/msg/%L/%N.cat" />
    <property name="awt.toolkit" value="sun.awt.X11.XToolkit" />
    <property name="env.CERTI_HOST" value="localhost" />
    <property name="env.MY_RUBY_HOME" value="/home/travis/.rvm/rubies/ruby-2.4.1" />
    <property name="sun.cpu.isalist" value="" />
    <property name="java.ext.dirs" value="/usr/lib/jvm/java-8-oracle/jre/lib/ext:/usr/java/packages/lib/ext" />
    <property name="os.version" value="4.4.0-101-generic" />
    <property name="user.home" value="/home/travis" />
    <property name="env.MIX_ARCHIVES" value="/home/travis/.kiex/mix/elixir-1.4.5" />
    <property name="java.vm.vendor" value="Oracle Corporation" />
    <property name="env.TRAVIS_TAG" value="nightly" />
    <property name="env.TRAVIS_FILTERED" value="redirect_io" />
    <property name="env.JAVA_HOME" value="/usr/lib/jvm/java-8-oracle" />
    <property name="env.PTII" value="/home/travis/build/icyphy/ptII" />
    <property name="javadoc.excludepackagenames" value="adm.cvs2svn.*,build.*,config.*,doc.coding.templates.*,jni.test.jni.meaningOfLife.*,jni.test.jni.testDeux.*,jni.test.jni.testTrois.*,org.terraswarm.accessor.accessors.web.node_modules.*,org.terraswarm.accessor.accessors.web.hosts.cordova.demo.*,org.terraswarm.accessor.accessors.web.hosts.cordova.plugins.*,org.terraswarm.accessor.accessors-svn.*,pt-modules.*,ptolemy.apps.agilent.*,ptolemy.apps.anytimecontrol.*,ptolemy.apps.apes.*,ptolemy.apps.charon.*,ptolemy.apps.crazyboard.*,ptolemy.apps.eclipse.*,ptolemy.apps.etherealSting.*,ptolemy.apps.fullscreen.*,ptolemy.apps.giotto.*,ptolemy.apps.ia.*,ptolemy.apps.interfaces.*,ptolemy.apps.jmf.*,ptolemy.apps.kurt.*,ptolemy.apps.kvm.*,ptolemy.apps.lego.*,ptolemy.apps.lejos.*,ptolemy.apps.midp.*,ptolemy.apps.mobileCoding.*,ptolemy.apps.pendulum.*,ptolemy.apps.rijndael.*,ptolemy.apps.robot.*,ptolemy.apps.security.*,ptolemy.apps.sobel.*,ptolemy.apps.soot.*,ptolemy.apps.throttle.*,ptolemy.apps.tini.*,ptolemy.apps.transmission.*,ptolemy.apps.vergil.*,ptolemy.apps.waba.*,ptolemy.apps.websensor.*,ptolemy.apps.webstart.*,ptolemy.apps.xsl.*,ptolemy.apps.zaurus.*,ptolemy.backtrack.eclipse.plugin.*,ptolemy.backtrack.test.*,ptolemy.codegen.c.actor.lib.oldJavaFiles.*,ptolemy.codegen.dsp.lib.*,ptolemy.codegen.kernel.newInterfaces.*,ptolemy.codegen.lib.*,ptolemy.copernicus.kernel.fragment.*,ptolemy.copernicus.shallow.cg.*,ptolemy.domains.giotto.demo.Hierarchy.Hierarchy.*,ptolemy.domains.giotto.demo.Multimode.Multimode.*,ptolemy.domains.giotto.demo.Simple.Simple.*,ptolemy.domains.gr.lib.experimental.*,ptolemy.domains.gro.*,ptolemy.domains.pdf.*,ptolemy.domains.ptinyos.demo.Surge.output.*,ptolemy.moml.test.NoPackageActor.java*,ptolemy.plot.adm.*,ptolemy.plot.servlet.*,reports.*,signed.*,src.*,target.*,vendors.*,ptolemy.cg.adapter.generic.program.procedural.c.mbed*,ptolemy.actor.lib.fmi.fmus.omc*,ptolemy.domains.openmodelica*,ptdb.kernel.bl.save.test.*,ptdb.kernel.bl.load.test.*,ptdb.kernel.bl.search.test.*,ptdb.kernel.bl.migration.test.*,ptdb.kernel.database.test.*,ptdb.test.*,ptdb.gui.test.*,org.ptolemy.scala.*,diva.util.java2d.svg.*,ptolemy.domains.ptinyos.*,ptolemy.actor.lib.fmi.fmipp.*,,org.terraswarm.accessor.accessors.web.node_modules.*,org.terraswarm.accessor.accessors-svn,ptolemy.apps.*,ptolemy.actor.ptalon.demo.ptinyos.SendAndReceiveCnt.output,ptolemy.actor.ptalon.demo.ptinyos.SenseToLeds.output,ptolemy.domains.ptinyos.demo.CntToLedsAndRfm.output,ptolemy.domains.ptinyos.demo.RfmToLeds.output,ptolemy.domains.ptinyos.demo.SendAndReceiveCnt.output,ptolemy.domains.ptinyos.demo.SenseToLeds.output,ptolemy.actor.lib.jjs.modules.udpSocket.*" />
    <property name="env.TRAVIS_COMMIT_MESSAGE" value="Monitor MQTT Errors on stdout" />
    <property name="keystore" value="ptKeystore" />
    <property name="env.XDG_SESSION_ID" value="2" />
    <property name="junit.output.dir" value="/home/travis/build/icyphy/ptII/reports/junit" />
    <property name="npm.return.code" value="0" />
    <property name="user.dir" value="/home/travis/build/icyphy/ptII/ptolemy/actor/lib/test" />
    <property name="env.TRAVIS_NODE_VERSION" value="7" />
    <property name="env.XFILESEARCHPATH" value="/usr/dt/app-defaults/%L/Dt" />
    <property name="env.TRAVIS_EVENT_TYPE" value="cron" />
    <property name="env.MAIL" value="/var/mail/travis" />
    <property name="env.PERLBREW_ROOT" value="/home/travis/perl5/perlbrew" />
    <property name="env.PWD" value="/home/travis/build/icyphy/ptII" />
    <property name="timeout.npm" value="45000" />
    <property name="env.PAGER" value="cat" />
    <property name="sun.cpu.endian" value="little" />
    <property name="env.TRAVIS_BUILD_STAGE_NAME" value="Test" />
    <property name="env.PERLBREW_HOME" value="/home/travis/.perlbrew" />
    <property name="env.RAILS_ENV" value="test" />
    <property name="java.vm.version" value="25.151-b12" />
    <property name="java.class.path" value="/home/travis/.ptolemyII:/home/travis/.ptolemyII/*:/home/travis/build/icyphy/ptII:/home/travis/build/icyphy/ptII/lib/bsh-2.0b4.jar:/home/travis/build/icyphy/ptII/lib/ptCal.jar:/home/travis/build/icyphy/ptII/lib/java_cup.jar:/home/travis/build/icyphy/ptII/lib/saxon8.jar:/home/travis/build/icyphy/ptII/lib/saxon8-dom.jar:/home/travis/build/icyphy/ptII/lib/chic.jar:/home/travis/build/icyphy/ptII/lib/ptcolt.jar:/usr/lib/jvm/java-8-oracle/lib/tools.jar:/usr/lib/eclipse/plugins/org.eclipse.jdt.core_3.8.2.dist.jar:/usr/lib/eclipse/plugins/org.eclipse.core.runtime_3.8.0.dist.jar:/usr/lib/eclipse/plugins/org.eclipse.osgi_3.8.1.dist.jar:/usr/lib/eclipse/plugins/org.eclipse.core.resources_3.8.1.dist.jar:/usr/lib/eclipse/plugins/org.eclipse.equinox.common_3.6.100.dist.jar:/usr/lib/eclipse/plugins/org.eclipse.core.jobs_3.5.200.dist.jar:/usr/lib/eclipse/plugins/org.eclipse.core.contenttype_3.4.200.dist.jar:/usr/lib/eclipse/plugins/org.eclipse.equinox.preferences_3.5.0.dist.jar:/usr/lib/eclipse/plugins/org.eclipse.text_3.5.200.dist.jar:/usr/lib/eclipse/plugins/org.eclipse.ui.workbench_3.8.1.dist.jar:/usr/lib/eclipse/plugins/org.eclipse.jface_3.8.0.dist.jar:/usr/lib/eclipse/plugins/org.eclipse.swt_3.8.2.jar:/usr/lib/eclipse/plugins/org.eclipse.jface.text_3.8.1.dist.jar:/usr/lib/eclipse/plugins/org.eclipse.ui.workbench.texteditor_3.8.0.dist.jar:/usr/lib/eclipse/plugins/org.eclipse.ui.editors_3.8.0.dist.jar:/usr/lib/eclipse/plugins/org.eclipse.core.commands_3.6.1.dist.jar:/usr/lib/eclipse/plugins/org.eclipse.equinox.registry_3.5.200.dist.jar:/usr/lib/eclipse/plugins/org.eclipse.ui.console_3.5.100.dist.jar:/usr/lib/eclipse/plugins/org.eclipse.ui.forms_3.5.200.dist.jar:/usr/lib/eclipse/plugins/org.eclipse.ui.ide_3.8.1.dist.jar:/home/travis/build/icyphy/ptII/vendors/oracle/dbxml.jar:/home/travis/build/icyphy/ptII/vendors/oracle/db.jar:/home/travis/build/icyphy/ptII/vendors/misc/itext/iText.jar:/home/travis/build/icyphy/ptII/lib/g4ltl.jar:/home/travis/build/icyphy/ptII/lib/StructuralCoder.jar:/home/travis/build/icyphy/ptII/lib/org-openide-util.jar:/home/travis/build/icyphy/ptII/lib/org-openide-util-lookup.jar:/home/travis/build/icyphy/ptII/lib/org-netbeans-api-visual.jar:/home/travis/build/icyphy/ptII/vendors/jai-1_1_2_01/lib/jai_core.jar:/home/travis/build/icyphy/ptII/vendors/jai-1_1_2_01/lib/jai_codec.jar:/home/travis/build/icyphy/ptII/lib/jcerti.jar:/home/travis/build/icyphy/ptII/lib/smack.jar:/home/travis/build/icyphy/ptII/lib/smackx.jar:/home/travis/build/icyphy/ptII/lib/jetty-all-8.1.5-v20120716.jar:/home/travis/build/icyphy/ptII/lib/javax.servlet-api-3.0.1.jar:/home/travis/build/icyphy/ptII/lib/javax.mail.jar:/home/travis/build/icyphy/ptII/vendors/JMF-2.1.1e/lib/jmf.jar:/home/travis/build/icyphy/ptII/lib/jna-4.0.0-variadic.jar:/home/travis/build/icyphy/ptII/vendors/misc/joystick/Joystick.jar:/home/travis/build/icyphy/ptII/lib/ptjacl.jar:/home/travis/build/icyphy/ptII/lib/jsoup-1.8.2.jar:/home/travis/build/icyphy/ptII/lib/junit-4.8.2.jar:/home/travis/build/icyphy/ptII/lib/JUnitParams-0.4.0.jar:/home/travis/build/icyphy/ptII/ptolemy/actor/lib/excel/jxl.jar:/home/travis/build/icyphy/ptII/lib/jython.jar:/home/travis/build/icyphy/ptII/lib/kieler.jar:/home/travis/build/icyphy/ptII/vendors/opencv/share/OpenCV/java/opencv-341.jar:/home/travis/build/icyphy/ptII/lib/oscP5.jar:/home/travis/build/icyphy/ptII/lib/nrjavaserial-3.11.0.devel.jar:/home/travis/build/icyphy/ptII/vendors/j3d/lib/j3dcore.jar:/home/travis/build/icyphy/ptII/vendors/j3d/lib/j3dutils.jar:/home/travis/build/icyphy/ptII/vendors/j3d/lib/vecmath.jar:/home/travis/build/icyphy/ptII/ptolemy/distributed/jini/jar/jini-core.jar:/home/travis/build/icyphy/ptII/ptolemy/distributed/jini/jar/jini-ext.jar:/home/travis/build/icyphy/ptII/ptolemy/distributed/jini/jar/sun-util.jar:/home/travis/build/icyphy/ptII/lib/protobuf-java-2.4.1.jar:/home/travis/build/icyphy/ptII/lib/org.eclipse.paho.client.mqttv3.jar:/home/travis/build/icyphy/ptII/ptserver/lib/hessian-4.0.7.jar:/home/travis/build/icyphy/ptII/ptserver/lib/wmqtt.jar:/home/travis/build/icyphy/ptII/lib/mapss.jar:/home/travis/build/icyphy/ptII/ptolemy/actor/ptalon/antlr/antlr.jar:/home/travis/build/icyphy/ptII/lib/JRI.jar:/home/travis/build/icyphy/ptII/lib/commons-lang-2.6.jar:/home/travis/build/icyphy/ptII/lib/commons-logging-1.1.1.jar:/home/travis/build/icyphy/ptII/lib/sootclasses.jar:/home/travis/build/icyphy/ptII/ptolemy/actor/lib/database/mysql-connector-java-5.1.6-bin.jar:/home/travis/build/icyphy/ptII/vendors/misc/sphinx4/sphinx4-data-5prealpha.jar:/home/travis/build/icyphy/ptII/vendors/misc/sphinx4/sphinx4-core-5prealpha.jar:/home/travis/build/icyphy/ptII/lib/PDFRenderer.jar:/home/travis/build/icyphy/ptII/lib/svgSalamander.jar:/home/travis/build/icyphy/ptII/lib/rsyntaxtextarea-2.6.0-SNAPSHOT.jar:/home/travis/build/icyphy/ptII/lib/hazelcast-3.8.2.jar:/home/travis/build/icyphy/ptII/lib/jackson-annotations-2.9.0.jar:/home/travis/build/icyphy/ptII/lib/jackson-core-2.9.3.jar:/home/travis/build/icyphy/ptII/lib/jackson-databind-2.9.3.jar:/home/travis/build/icyphy/ptII/lib/netty-buffer-4.1.19.Final.jar:/home/travis/build/icyphy/ptII/lib/netty-codec-4.1.19.Final.jar:/home/travis/build/icyphy/ptII/lib/netty-codec-dns-4.1.19.Final.jar:/home/travis/build/icyphy/ptII/lib/netty-codec-http-4.1.19.Final.jar:/home/travis/build/icyphy/ptII/lib/netty-codec-http2-4.1.19.Final.jar:/home/travis/build/icyphy/ptII/lib/netty-common-4.1.19.Final.jar:/home/travis/build/icyphy/ptII/lib/netty-handler-4.1.19.Final.jar:/home/travis/build/icyphy/ptII/lib/netty-resolver-4.1.19.Final.jar:/home/travis/build/icyphy/ptII/lib/netty-resolver-dns-4.1.19.Final.jar:/home/travis/build/icyphy/ptII/lib/netty-transport-4.1.19.Final.jar:/home/travis/build/icyphy/ptII/lib/vertx-codegen-3.5.1.jar:/home/travis/build/icyphy/ptII/lib/vertx-core-3.5.2-SNAPSHOT.jar:/home/travis/build/icyphy/ptII/lib/vertx-hazelcast-3.5.1.jar:/home/travis/build/icyphy/ptII/lib/vertx-lang-js-3.5.1.jar:/home/travis/build/icyphy/ptII/lib/vertx-service-proxy-3.5.1.jar:/home/travis/build/icyphy/ptII/lib/vertx-web-3.5.1.jar:/home/travis/build/icyphy/ptII/lib/slf4j-api-1.7.13.jar:/home/travis/build/icyphy/ptII/lib/slf4j-simple-1.7.13.jar:/home/travis/build/icyphy/ptII/lib/webcam-capture-0.3.12.jar:/home/travis/build/icyphy/ptII/lib/bridj-0.7.0.jar:/home/travis/build/icyphy/ptII/lib/xbjlib-1.1.0.nrjavaserial.jar:/home/travis/build/icyphy/ptII/ptolemy/moml/test:/home/travis/build/icyphy/ptII/ant/lib/ant-launcher.jar:/home/travis/build/icyphy/ptII/ant/lib/ant.jar:/home/travis/build/icyphy/ptII/ant/lib/ant-junit.jar:/home/travis/build/icyphy/ptII/ant/lib/ant-junit4.jar" />
    <property name="ant.library.dir" value="/home/travis/build/icyphy/ptII/ant/lib" />
    <property name="os.arch" value="amd64" />
    <property name="env.TRAVIS_LANGUAGE" value="node_js" />
    <property name="env.CONTINUOUS_INTEGRATION" value="true" />
    <property name="env.TRAVIS_STACK_LANGUAGES" value="__garnet__ c c++ clojure cplusplus cpp default go groovy java node_js php pure_java python ruby scala" />
    <property name="test.name" value="ptolemy.actor.lib.test.junit.JUnitTclTest" />
    <property name="sun.java.launcher" value="SUN_STANDARD" />
    <property name="env.PYTHON_CONFIGURE_OPTS" value="--enable-unicode=ucs4 --with-wide-unicode --enable-shared --enable-ipv6 --enable-loadable-sqlite-extensions --with-computed-gotos" />
    <property name="ant.core.lib" value="/home/travis/build/icyphy/ptII/ant/lib/ant.jar" />
    <property name="java.vm.specification.vendor" value="Oracle Corporation" />
    <property name="env.BCVTB_HOME" value="/home/travis/build/icyphy/ptII/lbnl" />
    <property name="file.separator" value="/" />
    <property name="java.runtime.version" value="1.8.0_151-b12" />
    <property name="spotbugs.home" value="/home/travis/build/icyphy/ptII/vendors/spotbugs-3.1.1" />
    <property name="sun.boot.class.path" value="/usr/lib/jvm/java-8-oracle/jre/lib/resources.jar:/usr/lib/jvm/java-8-oracle/jre/lib/rt.jar:/usr/lib/jvm/java-8-oracle/jre/lib/sunrsasign.jar:/usr/lib/jvm/java-8-oracle/jre/lib/jsse.jar:/usr/lib/jvm/java-8-oracle/jre/lib/jce.jar:/usr/lib/jvm/java-8-oracle/jre/lib/charsets.jar:/usr/lib/jvm/java-8-oracle/jre/lib/jfr.jar:/usr/lib/jvm/java-8-oracle/jre/classes" />
    <property name="env.HAS_JOSH_K_SEAL_OF_APPROVAL" value="true" />
    <property name="env.XDG_RUNTIME_DIR" value="/run/user/2000" />
    <property name="env.TRAVIS_OSX_IMAGE" value="" />
    <property name="env.TRAVIS_BRANCH" value="master" />
    <property name="env.TRAVIS_JOB_ID" value="398947300" />
    <property name="user.country" value="US" />
    <property name="env.CERTI_HOME_TRAVIS" value="/home/travis/pthla/certi-tools" />
    <property name="env.SHELL" value="/bin/bash" />
    <property name="java.maxmemory.large" value="5000m" />
    <property name="model" value="" />
    <property name="env.CASHER_DIR" value="/home/travis/.casher" />
    <property name="env.NVM_CD_FLAGS" value="" />
    <property name="jshint.executable" value="/home/travis/node_modules/jshint/bin/jshint" />
    <property name="java.vendor" value="Oracle Corporation" />
    <property name="env.JRUBY_OPTS" value=" --client -J-XX:+TieredCompilation -J-XX:TieredStopAtLevel=1 -J-Xss2m -Xcompile.invokedynamic=false" />
    <property name="env.TRAVIS_PRE_CHEF_BOOTSTRAP_TIME" value="2017-12-05T19:32:55" />
    <property name="env.ELIXIR_VERSION" value="1.4.5" />
    <property name="env.TRAVIS_STACK_JOB_BOARD_REGISTER" value="/.job-board-register.yml" />
    <property name="java.specification.version" value="1.8" />
    <property name="env.TRAVIS" value="true" />
    <property name="env.IRBRC" value="/home/travis/.rvm/rubies/ruby-2.4.1/.irbrc" />
    <property name="sun.arch.data.model" value="64" />
  </properties>
  <testcase classname="ptolemy.util.test.junit.TclTests" name="[0] /home/travis/build/icyphy/ptII/ptolemy/actor/lib/test/AbsoluteValue.tcl (RunTclFile)" time="0.445" />
  <testcase classname="ptolemy.util.test.junit.TclTests" name="[1] /home/travis/build/icyphy/ptII/ptolemy/actor/lib/test/AddSubtract.tcl (RunTclFile)" time="0.056" />
  <testcase classname="ptolemy.util.test.junit.TclTests" name="[2] /home/travis/build/icyphy/ptII/ptolemy/actor/lib/test/Average.tcl (RunTclFile)" time="0.057" />
  <testcase classname="ptolemy.util.test.junit.TclTests" name="[3] /home/travis/build/icyphy/ptII/ptolemy/actor/lib/test/Bernoulli.tcl (RunTclFile)" time="0.044" />
  <testcase classname="ptolemy.util.test.junit.TclTests" name="[4] /home/travis/build/icyphy/ptII/ptolemy/actor/lib/test/Clock.tcl (RunTclFile)" time="0.097" />
  <testcase classname="ptolemy.util.test.junit.TclTests" name="[5] /home/travis/build/icyphy/ptII/ptolemy/actor/lib/test/Commutator.tcl (RunTclFile)" time="0.102" />
  <testcase classname="ptolemy.util.test.junit.TclTests" name="[6] /home/travis/build/icyphy/ptII/ptolemy/actor/lib/test/Const.tcl (RunTclFile)" time="0.137" />
  <testcase classname="ptolemy.util.test.junit.TclTests" name="[7] /home/travis/build/icyphy/ptII/ptolemy/actor/lib/test/CurrentTime.tcl (RunTclFile)" time="0.023" />
  <testcase classname="ptolemy.util.test.junit.TclTests" name="[8] /home/travis/build/icyphy/ptII/ptolemy/actor/lib/test/DB.tcl (RunTclFile)" time="0.033" />
  <testcase classname="ptolemy.util.test.junit.TclTests" name="[9] /home/travis/build/icyphy/ptII/ptolemy/actor/lib/test/DiscreteRandomSource.tcl (RunTclFile)" time="0.053" />
  <testcase classname="ptolemy.util.test.junit.TclTests" name="[10] /home/travis/build/icyphy/ptII/ptolemy/actor/lib/test/Distributor.tcl (RunTclFile)" time="0.063" />
  <testcase classname="ptolemy.util.test.junit.TclTests" name="[11] /home/travis/build/icyphy/ptII/ptolemy/actor/lib/test/Exit.tcl (RunTclFile)" time="0.058" />
  <testcase classname="ptolemy.util.test.junit.TclTests" name="[12] /home/travis/build/icyphy/ptII/ptolemy/actor/lib/test/Expression.tcl (RunTclFile)" time="0.112" />
  <testcase classname="ptolemy.util.test.junit.TclTests" name="[13] /home/travis/build/icyphy/ptII/ptolemy/actor/lib/test/Gaussian.tcl (RunTclFile)" time="0.507" />
  <testcase classname="ptolemy.util.test.junit.TclTests" name="[14] /home/travis/build/icyphy/ptII/ptolemy/actor/lib/test/IIR.tcl (RunTclFile)" time="0.024" />
  <testcase classname="ptolemy.util.test.junit.TclTests" name="[15] /home/travis/build/icyphy/ptII/ptolemy/actor/lib/test/Interpolator.tcl (RunTclFile)" time="0.056" />
  <testcase classname="ptolemy.util.test.junit.TclTests" name="[16] /home/travis/build/icyphy/ptII/ptolemy/actor/lib/test/MathFunction.tcl (RunTclFile)" time="0.085" />
  <testcase classname="ptolemy.util.test.junit.TclTests" name="[17] /home/travis/build/icyphy/ptII/ptolemy/actor/lib/test/Maximum.tcl (RunTclFile)" time="0.048" />
  <testcase classname="ptolemy.util.test.junit.TclTests" name="[18] /home/travis/build/icyphy/ptII/ptolemy/actor/lib/test/Minimum.tcl (RunTclFile)" time="0.04" />
  <testcase classname="ptolemy.util.test.junit.TclTests" name="[19] /home/travis/build/icyphy/ptII/ptolemy/actor/lib/test/MultiplyDivide.tcl (RunTclFile)" time="0.041" />
  <testcase classname="ptolemy.util.test.junit.TclTests" name="[20] /home/travis/build/icyphy/ptII/ptolemy/actor/lib/test/OrderedMerge.tcl (RunTclFile)" time="0.093" />
  <testcase classname="ptolemy.util.test.junit.TclTests" name="[21] /home/travis/build/icyphy/ptII/ptolemy/actor/lib/test/Publisher.tcl (RunTclFile)" time="0.598" />
  <testcase classname="ptolemy.util.test.junit.TclTests" name="[22] /home/travis/build/icyphy/ptII/ptolemy/actor/lib/test/Pulse.tcl (RunTclFile)" time="0.026" />
  <testcase classname="ptolemy.util.test.junit.TclTests" name="[23] /home/travis/build/icyphy/ptII/ptolemy/actor/lib/test/Ramp.tcl (RunTclFile)" time="1.931" />
  <testcase classname="ptolemy.util.test.junit.TclTests" name="[24] /home/travis/build/icyphy/ptII/ptolemy/actor/lib/test/RampContinuous.tcl (RunTclFile)" time="0.014" />
  <testcase classname="ptolemy.util.test.junit.TclTests" name="[25] /home/travis/build/icyphy/ptII/ptolemy/actor/lib/test/RecordAssembler.tcl (RunTclFile)" time="0.015" />
  <testcase classname="ptolemy.util.test.junit.TclTests" name="[26] /home/travis/build/icyphy/ptII/ptolemy/actor/lib/test/RecordDisassembler.tcl (RunTclFile)" time="0.018" />
  <testcase classname="ptolemy.util.test.junit.TclTests" name="[27] /home/travis/build/icyphy/ptII/ptolemy/actor/lib/test/Scale.tcl (RunTclFile)" time="0.016" />
  <testcase classname="ptolemy.util.test.junit.TclTests" name="[28] /home/travis/build/icyphy/ptII/ptolemy/actor/lib/test/SequentialClock.tcl (RunTclFile)" time="0.011" />
  <testcase classname="ptolemy.util.test.junit.TclTests" name="[29] /home/travis/build/icyphy/ptII/ptolemy/actor/lib/test/SetVariable.tcl (RunTclFile)" time="0.012" />
  <testcase classname="ptolemy.util.test.junit.TclTests" name="[30] /home/travis/build/icyphy/ptII/ptolemy/actor/lib/test/Sinewave.tcl (RunTclFile)" time="0.029" />
  <testcase classname="ptolemy.util.test.junit.TclTests" name="[31] /home/travis/build/icyphy/ptII/ptolemy/actor/lib/test/SubscriptionAggregator.tcl (RunTclFile)" time="1.621" />
  <testcase classname="ptolemy.util.test.junit.TclTests" name="[32] /home/travis/build/icyphy/ptII/ptolemy/actor/lib/test/Test.tcl (RunTclFile)" time="0.121" />
  <testcase classname="ptolemy.util.test.junit.TclTests" name="[33] /home/travis/build/icyphy/ptII/ptolemy/actor/lib/test/TestExceptionHandler.tcl (RunTclFile)" time="0.012" />
  <testcase classname="ptolemy.util.test.junit.TclTests" name="[34] /home/travis/build/icyphy/ptII/ptolemy/actor/lib/test/UnionDisassembler.tcl (RunTclFile)" time="0.071" />
  <testcase classname="ptolemy.util.test.junit.TclTests" name="[35] /home/travis/build/icyphy/ptII/ptolemy/actor/lib/test/VariableClock.tcl (RunTclFile)" time="0.016" />
  <testcase classname="ptolemy.util.test.junit.AutoKnownFailedTests" name="[0] /home/travis/build/icyphy/ptII/ptolemy/actor/lib/test/auto/knownFailedTests/PublisherPortToplevelSubscriber.xml (RunModel)" time="0.013" />
  <testcase classname="ptolemy.util.test.junit.AutoKnownFailedTests" name="[1] /home/travis/build/icyphy/ptII/ptolemy/actor/lib/test/auto/knownFailedTests/PublisherSubscriberPortToplevel.xml (RunModel)" time="0.013" />
  <testcase classname="ptolemy.util.test.junit.AutoKnownFailedTests" name="[2] /home/travis/build/icyphy/ptII/ptolemy/actor/lib/test/auto/knownFailedTests/PublisherSubscriptionAggregatorPort.xml (RunModel)" time="0.015" />
  <testcase classname="ptolemy.util.test.junit.AutoKnownFailedTests" name="[3] /home/travis/build/icyphy/ptII/ptolemy/actor/lib/test/auto/knownFailedTests/sizedarray3.xml (RunModel)" time="0.028" />
  <testcase classname="ptolemy.util.test.junit.AutoNameArchTests" name="[0] ThereAreNoAutoArchTests (RunModel)" time="0.002" />
  <testcase classname="ptolemy.util.test.junit.AutoTests" name="[0] /home/travis/build/icyphy/ptII/ptolemy/actor/lib/test/auto/AbsoluteValue.xml (RunModel)" time="0.117" />
  <testcase classname="ptolemy.util.test.junit.AutoTests" name="[1] /home/travis/build/icyphy/ptII/ptolemy/actor/lib/test/auto/AbsoluteValue2.xml (RunModel)" time="0.073" />
  <testcase classname="ptolemy.util.test.junit.AutoTests" name="[2] /home/travis/build/icyphy/ptII/ptolemy/actor/lib/test/auto/Accumulator.xml (RunModel)" time="0.08" />
  <testcase classname="ptolemy.util.test.junit.AutoTests" name="[3] /home/travis/build/icyphy/ptII/ptolemy/actor/lib/test/auto/Accumulator2.xml (RunModel)" time="0.026" />
  <testcase classname="ptolemy.util.test.junit.AutoTests" name="[4] /home/travis/build/icyphy/ptII/ptolemy/actor/lib/test/auto/Accumulator3.xml (RunModel)" time="0.107" />
  <testcase classname="ptolemy.util.test.junit.AutoTests" name="[5] /home/travis/build/icyphy/ptII/ptolemy/actor/lib/test/auto/ArrayAppend.xml (RunModel)" time="0.047" />
  <testcase classname="ptolemy.util.test.junit.AutoTests" name="[6] /home/travis/build/icyphy/ptII/ptolemy/actor/lib/test/auto/ArrayAppend2.xml (RunModel)" time="0.37" />
  <testcase classname="ptolemy.util.test.junit.AutoTests" name="[7] /home/travis/build/icyphy/ptII/ptolemy/actor/lib/test/auto/ArrayAppend3.xml (RunModel)" time="0.026" />
  <testcase classname="ptolemy.util.test.junit.AutoTests" name="[8] /home/travis/build/icyphy/ptII/ptolemy/actor/lib/test/auto/ArrayAppend4.xml (RunModel)" time="0.035" />
  <testcase classname="ptolemy.util.test.junit.AutoTests" name="[9] /home/travis/build/icyphy/ptII/ptolemy/actor/lib/test/auto/ArrayAppend5.xml (RunModel)" time="0.026" />
  <testcase classname="ptolemy.util.test.junit.AutoTests" name="[10] /home/travis/build/icyphy/ptII/ptolemy/actor/lib/test/auto/ArrayAppend6.xml (RunModel)" time="0.021" />
  <testcase classname="ptolemy.util.test.junit.AutoTests" name="[11] /home/travis/build/icyphy/ptII/ptolemy/actor/lib/test/auto/ArrayAppendPerformanceTest.xml (RunModel)" time="0.051" />
  <testcase classname="ptolemy.util.test.junit.AutoTests" name="[12] /home/travis/build/icyphy/ptII/ptolemy/actor/lib/test/auto/ArrayAppendWithEmptyInput.xml (RunModel)" time="0.054" />
  <testcase classname="ptolemy.util.test.junit.AutoTests" name="[13] /home/travis/build/icyphy/ptII/ptolemy/actor/lib/test/auto/ArrayAverage.xml (RunModel)" time="0.045" />
  <testcase classname="ptolemy.util.test.junit.AutoTests" name="[14] /home/travis/build/icyphy/ptII/ptolemy/actor/lib/test/auto/ArrayContains.xml (RunModel)" time="0.033" />
  <testcase classname="ptolemy.util.test.junit.AutoTests" name="[15] /home/travis/build/icyphy/ptII/ptolemy/actor/lib/test/auto/ArrayElement.xml (RunModel)" time="0.023" />
  <testcase classname="ptolemy.util.test.junit.AutoTests" name="[16] /home/travis/build/icyphy/ptII/ptolemy/actor/lib/test/auto/ArrayElementAsMatrix.xml (RunModel)" time="0.05" />
  <testcase classname="ptolemy.util.test.junit.AutoTests" name="[17] /home/travis/build/icyphy/ptII/ptolemy/actor/lib/test/auto/ArrayElementI.xml (RunModel)" time="0.032" />
  <testcase classname="ptolemy.util.test.junit.AutoTests" name="[18] /home/travis/build/icyphy/ptII/ptolemy/actor/lib/test/auto/ArrayExtract.xml (RunModel)" time="0.027" />
  <testcase classname="ptolemy.util.test.junit.AutoTests" name="[19] /home/travis/build/icyphy/ptII/ptolemy/actor/lib/test/auto/ArrayExtract2.xml (RunModel)" time="0.015" />
  <testcase classname="ptolemy.util.test.junit.AutoTests" name="[20] /home/travis/build/icyphy/ptII/ptolemy/actor/lib/test/auto/ArrayLength.xml (RunModel)" time="0.031" />
  <testcase classname="ptolemy.util.test.junit.AutoTests" name="[21] /home/travis/build/icyphy/ptII/ptolemy/actor/lib/test/auto/ArrayLevelCrossing.xml (RunModel)" time="0.045" />
  <testcase classname="ptolemy.util.test.junit.AutoTests" name="[22] /home/travis/build/icyphy/ptII/ptolemy/actor/lib/test/auto/ArrayLevelCrossing2.xml (RunModel)" time="0.025" />
  <testcase classname="ptolemy.util.test.junit.AutoTests" name="[23] /home/travis/build/icyphy/ptII/ptolemy/actor/lib/test/auto/ArrayPeakSearch.xml (RunModel)" time="0.053" />
  <testcase classname="ptolemy.util.test.junit.AutoTests" name="[24] /home/travis/build/icyphy/ptII/ptolemy/actor/lib/test/auto/ArrayPeakSearch2.xml (RunModel)" time="0.036" />
  <testcase classname="ptolemy.util.test.junit.AutoTests" name="[25] /home/travis/build/icyphy/ptII/ptolemy/actor/lib/test/auto/ArrayPeakSearch3.xml (RunModel)" time="0.03" />
  <testcase classname="ptolemy.util.test.junit.AutoTests" name="[26] /home/travis/build/icyphy/ptII/ptolemy/actor/lib/test/auto/ArrayRemoveElement.xml (RunModel)" time="0.027" />
  <testcase classname="ptolemy.util.test.junit.AutoTests" name="[27] /home/travis/build/icyphy/ptII/ptolemy/actor/lib/test/auto/ArraySort.xml (RunModel)" time="0.033" />
  <testcase classname="ptolemy.util.test.junit.AutoTests" name="[28] /home/travis/build/icyphy/ptII/ptolemy/actor/lib/test/auto/ArraySum.xml (RunModel)" time="0.023" />
  <testcase classname="ptolemy.util.test.junit.AutoTests" name="[29] /home/travis/build/icyphy/ptII/ptolemy/actor/lib/test/auto/ArrayToElements.xml (RunModel)" time="0.03" />
  <testcase classname="ptolemy.util.test.junit.AutoTests" name="[30] /home/travis/build/icyphy/ptII/ptolemy/actor/lib/test/auto/ArrayToMatrix.xml (RunModel)" time="0.06" />
  <testcase classname="ptolemy.util.test.junit.AutoTests" name="[31] /home/travis/build/icyphy/ptII/ptolemy/actor/lib/test/auto/ArrayUpdate1.xml (RunModel)" time="0.017" />
  <testcase classname="ptolemy.util.test.junit.AutoTests" name="[32] /home/travis/build/icyphy/ptII/ptolemy/actor/lib/test/auto/ArrayUpdate2.xml (RunModel)" time="0.02" />
  <testcase classname="ptolemy.util.test.junit.AutoTests" name="[33] /home/travis/build/icyphy/ptII/ptolemy/actor/lib/test/auto/ArrayUpdate3.xml (RunModel)" time="0.018" />
  <testcase classname="ptolemy.util.test.junit.AutoTests" name="[34] /home/travis/build/icyphy/ptII/ptolemy/actor/lib/test/auto/Assert1.xml (RunModel)" time="0.086" />
  <testcase classname="ptolemy.util.test.junit.AutoTests" name="[35] /home/travis/build/icyphy/ptII/ptolemy/actor/lib/test/auto/Assert2.xml (RunModel)" time="0.019" />
  <testcase classname="ptolemy.util.test.junit.AutoTests" name="[36] /home/travis/build/icyphy/ptII/ptolemy/actor/lib/test/auto/BooleanMultiplexor.xml (RunModel)" time="0.024" />
  <testcase classname="ptolemy.util.test.junit.AutoTests" name="[37] /home/travis/build/icyphy/ptII/ptolemy/actor/lib/test/auto/BooleanMultiplexor2.xml (RunModel)" time="0.034" />
  <testcase classname="ptolemy.util.test.junit.AutoTests" name="[38] /home/travis/build/icyphy/ptII/ptolemy/actor/lib/test/auto/BooleanMultiplexor3.xml (RunModel)" time="0.022" />
  <testcase classname="ptolemy.util.test.junit.AutoTests" name="[39] /home/travis/build/icyphy/ptII/ptolemy/actor/lib/test/auto/BooleanSelect.xml (RunModel)" time="0.024" />
  <testcase classname="ptolemy.util.test.junit.AutoTests" name="[40] /home/travis/build/icyphy/ptII/ptolemy/actor/lib/test/auto/BooleanSelect2.xml (RunModel)" time="0.015" />
  <testcase classname="ptolemy.util.test.junit.AutoTests" name="[41] /home/travis/build/icyphy/ptII/ptolemy/actor/lib/test/auto/BooleanSwitch.xml (RunModel)" time="0.026" />
  <testcase classname="ptolemy.util.test.junit.AutoTests" name="[42] /home/travis/build/icyphy/ptII/ptolemy/actor/lib/test/auto/BooleanSwitch2.xml (RunModel)" time="0.015" />
  <testcase classname="ptolemy.util.test.junit.AutoTests" name="[43] /home/travis/build/icyphy/ptII/ptolemy/actor/lib/test/auto/BooleanSwitchCloningBugWithClassRelationGroup.xml (RunModel)" time="0.027" />
  <testcase classname="ptolemy.util.test.junit.AutoTests" name="[44] /home/travis/build/icyphy/ptII/ptolemy/actor/lib/test/auto/BusActors.xml (RunModel)" time="0.039" />
  <testcase classname="ptolemy.util.test.junit.AutoTests" name="[45] /home/travis/build/icyphy/ptII/ptolemy/actor/lib/test/auto/ClassWrapper.xml (RunModel)" time="0.01" />
  <testcase classname="ptolemy.util.test.junit.AutoTests" name="[46] /home/travis/build/icyphy/ptII/ptolemy/actor/lib/test/auto/Clock.xml (RunModel)" time="0.009" />
  <testcase classname="ptolemy.util.test.junit.AutoTests" name="[47] /home/travis/build/icyphy/ptII/ptolemy/actor/lib/test/auto/Clock10.xml (RunModel)" time="0.019" />
  <testcase classname="ptolemy.util.test.junit.AutoTests" name="[48] /home/travis/build/icyphy/ptII/ptolemy/actor/lib/test/auto/Clock11.xml (RunModel)" time="0.019" />
  <testcase classname="ptolemy.util.test.junit.AutoTests" name="[49] /home/travis/build/icyphy/ptII/ptolemy/actor/lib/test/auto/Clock12.xml (RunModel)" time="0.018" />
  <testcase classname="ptolemy.util.test.junit.AutoTests" name="[50] /home/travis/build/icyphy/ptII/ptolemy/actor/lib/test/auto/Clock13.xml (RunModel)" time="0.021" />
  <testcase classname="ptolemy.util.test.junit.AutoTests" name="[51] /home/travis/build/icyphy/ptII/ptolemy/actor/lib/test/auto/Clock14.xml (RunModel)" time="0.023" />
  <testcase classname="ptolemy.util.test.junit.AutoTests" name="[52] /home/travis/build/icyphy/ptII/ptolemy/actor/lib/test/auto/Clock15.xml (RunModel)" time="0.013" />
  <testcase classname="ptolemy.util.test.junit.AutoTests" name="[53] /home/travis/build/icyphy/ptII/ptolemy/actor/lib/test/auto/Clock16.xml (RunModel)" time="0.08" />
  <testcase classname="ptolemy.util.test.junit.AutoTests" name="[54] /home/travis/build/icyphy/ptII/ptolemy/actor/lib/test/auto/Clock17.xml (RunModel)" time="0.073" />
  <testcase classname="ptolemy.util.test.junit.AutoTests" name="[55] /home/travis/build/icyphy/ptII/ptolemy/actor/lib/test/auto/Clock18.xml (RunModel)" time="0.057" />
  <testcase classname="ptolemy.util.test.junit.AutoTests" name="[56] /home/travis/build/icyphy/ptII/ptolemy/actor/lib/test/auto/Clock19.xml (RunModel)" time="0.048" />
  <testcase classname="ptolemy.util.test.junit.AutoTests" name="[57] /home/travis/build/icyphy/ptII/ptolemy/actor/lib/test/auto/Clock2.xml (RunModel)" time="0.012" />
  <testcase classname="ptolemy.util.test.junit.AutoTests" name="[58] /home/travis/build/icyphy/ptII/ptolemy/actor/lib/test/auto/Clock20.xml (RunModel)" time="0.018" />
  <testcase classname="ptolemy.util.test.junit.AutoTests" name="[59] /home/travis/build/icyphy/ptII/ptolemy/actor/lib/test/auto/Clock21.xml (RunModel)" time="0.012" />
  <testcase classname="ptolemy.util.test.junit.AutoTests" name="[60] /home/travis/build/icyphy/ptII/ptolemy/actor/lib/test/auto/Clock22.xml (RunModel)" time="0.013" />
  <testcase classname="ptolemy.util.test.junit.AutoTests" name="[61] /home/travis/build/icyphy/ptII/ptolemy/actor/lib/test/auto/Clock23.xml (RunModel)" time="0.012" />
  <testcase classname="ptolemy.util.test.junit.AutoTests" name="[62] /home/travis/build/icyphy/ptII/ptolemy/actor/lib/test/auto/Clock24.xml (RunModel)" time="0.012" />
  <testcase classname="ptolemy.util.test.junit.AutoTests" name="[63] /home/travis/build/icyphy/ptII/ptolemy/actor/lib/test/auto/Clock4.xml (RunModel)" time="0.011" />
  <testcase classname="ptolemy.util.test.junit.AutoTests" name="[64] /home/travis/build/icyphy/ptII/ptolemy/actor/lib/test/auto/Clock5.xml (RunModel)" time="0.019" />
  <testcase classname="ptolemy.util.test.junit.AutoTests" name="[65] /home/travis/build/icyphy/ptII/ptolemy/actor/lib/test/auto/Clock6.xml (RunModel)" time="0.008" />
  <testcase classname="ptolemy.util.test.junit.AutoTests" name="[66] /home/travis/build/icyphy/ptII/ptolemy/actor/lib/test/auto/Clock7.xml (RunModel)" time="0.011" />
  <testcase classname="ptolemy.util.test.junit.AutoTests" name="[67] /home/travis/build/icyphy/ptII/ptolemy/actor/lib/test/auto/Clock8.xml (RunModel)" time="0.013" />
  <testcase classname="ptolemy.util.test.junit.AutoTests" name="[68] /home/travis/build/icyphy/ptII/ptolemy/actor/lib/test/auto/Clock9.xml (RunModel)" time="0.012" />
  <testcase classname="ptolemy.util.test.junit.AutoTests" name="[69] /home/travis/build/icyphy/ptII/ptolemy/actor/lib/test/auto/CommDistDiscard.xml (RunModel)" time="0.021" />
  <testcase classname="ptolemy.util.test.junit.AutoTests" name="[70] /home/travis/build/icyphy/ptII/ptolemy/actor/lib/test/auto/Commutator.xml (RunModel)" time="0.014" />
  <testcase classname="ptolemy.util.test.junit.AutoTests" name="[71] /home/travis/build/icyphy/ptII/ptolemy/actor/lib/test/auto/Commutator2.xml (RunModel)" time="0.012" />
  <testcase classname="ptolemy.util.test.junit.AutoTests" name="[72] /home/travis/build/icyphy/ptII/ptolemy/actor/lib/test/auto/Commutator3.xml (RunModel)" time="0.012" />
  <testcase classname="ptolemy.util.test.junit.AutoTests" name="[73] /home/travis/build/icyphy/ptII/ptolemy/actor/lib/test/auto/Compare.xml (RunModel)" time="0.022" />
  <testcase classname="ptolemy.util.test.junit.AutoTests" name="[74] /home/travis/build/icyphy/ptII/ptolemy/actor/lib/test/auto/CompareDE.xml (RunModel)" time="0.021" />
  <testcase classname="ptolemy.util.test.junit.AutoTests" name="[75] /home/travis/build/icyphy/ptII/ptolemy/actor/lib/test/auto/ComplexDivide.xml (RunModel)" time="0.011" />
  <testcase classname="ptolemy.util.test.junit.AutoTests" name="[76] /home/travis/build/icyphy/ptII/ptolemy/actor/lib/test/auto/ComputeHistogram.xml (RunModel)" time="0.075" />
  <testcase classname="ptolemy.util.test.junit.AutoTests" name="[77] /home/travis/build/icyphy/ptII/ptolemy/actor/lib/test/auto/ConfigurationSelect.xml (RunModel)" time="0.019" />
  <testcase classname="ptolemy.util.test.junit.AutoTests" name="[78] /home/travis/build/icyphy/ptII/ptolemy/actor/lib/test/auto/ConfigurationSelect2.xml (RunModel)" time="0.016" />
  <testcase classname="ptolemy.util.test.junit.AutoTests" name="[79] /home/travis/build/icyphy/ptII/ptolemy/actor/lib/test/auto/ConfigurationSwitch.xml (RunModel)" time="0.025" />
  <testcase classname="ptolemy.util.test.junit.AutoTests" name="[80] /home/travis/build/icyphy/ptII/ptolemy/actor/lib/test/auto/ConfigurationSwitch2.xml (RunModel)" time="0.015" />
  <testcase classname="ptolemy.util.test.junit.AutoTests" name="[81] /home/travis/build/icyphy/ptII/ptolemy/actor/lib/test/auto/ConfigurationSwitchCloningBugWithClassRelationGroup.xml (RunModel)" time="0.022" />
  <testcase classname="ptolemy.util.test.junit.AutoTests" name="[82] /home/travis/build/icyphy/ptII/ptolemy/actor/lib/test/auto/ConfigurationSwitchSelectSDF.xml (RunModel)" time="0.015" />
  <testcase classname="ptolemy.util.test.junit.AutoTests" name="[83] /home/travis/build/icyphy/ptII/ptolemy/actor/lib/test/auto/ConfigurationSwitchSelectSDF2.xml (RunModel)" time="0.015" />
  <testcase classname="ptolemy.util.test.junit.AutoTests" name="[84] /home/travis/build/icyphy/ptII/ptolemy/actor/lib/test/auto/Const.xml (RunModel)" time="0.008" />
  <testcase classname="ptolemy.util.test.junit.AutoTests" name="[85] /home/travis/build/icyphy/ptII/ptolemy/actor/lib/test/auto/Const2.xml (RunModel)" time="0.01" />
  <testcase classname="ptolemy.util.test.junit.AutoTests" name="[86] /home/travis/build/icyphy/ptII/ptolemy/actor/lib/test/auto/Const3.xml (RunModel)" time="0.007" />
  <testcase classname="ptolemy.util.test.junit.AutoTests" name="[87] /home/travis/build/icyphy/ptII/ptolemy/actor/lib/test/auto/ConstantPublisherPort1.xml (RunModel)" time="0.023" />
  <testcase classname="ptolemy.util.test.junit.AutoTests" name="[88] /home/travis/build/icyphy/ptII/ptolemy/actor/lib/test/auto/ConstantPublisherPort2.xml (RunModel)" time="0.02" />
  <testcase classname="ptolemy.util.test.junit.AutoTests" name="[89] /home/travis/build/icyphy/ptII/ptolemy/actor/lib/test/auto/ConstantPublisherPort3.xml (RunModel)" time="0.02" />
  <testcase classname="ptolemy.util.test.junit.AutoTests" name="[90] /home/travis/build/icyphy/ptII/ptolemy/actor/lib/test/auto/ConstantPublisherPort4.xml (RunModel)" time="0.04" />
  <testcase classname="ptolemy.util.test.junit.AutoTests" name="[91] /home/travis/build/icyphy/ptII/ptolemy/actor/lib/test/auto/ConstantPublisherPort5.xml (RunModel)" time="0.042" />
  <testcase classname="ptolemy.util.test.junit.AutoTests" name="[92] /home/travis/build/icyphy/ptII/ptolemy/actor/lib/test/auto/ConstantPublisherPort6.xml (RunModel)" time="0.026" />
  <testcase classname="ptolemy.util.test.junit.AutoTests" name="[93] /home/travis/build/icyphy/ptII/ptolemy/actor/lib/test/auto/ConstantPublisherPort7.xml (RunModel)" time="0.034" />
  <testcase classname="ptolemy.util.test.junit.AutoTests" name="[94] /home/travis/build/icyphy/ptII/ptolemy/actor/lib/test/auto/ConstraintMonitor1.xml (RunModel)" time="0.035" />
  <testcase classname="ptolemy.util.test.junit.AutoTests" name="[95] /home/travis/build/icyphy/ptII/ptolemy/actor/lib/test/auto/ConstraintMonitor2.xml (RunModel)" time="0.016" />
  <testcase classname="ptolemy.util.test.junit.AutoTests" name="[96] /home/travis/build/icyphy/ptII/ptolemy/actor/lib/test/auto/ConstraintMonitor3.xml (RunModel)" time="0.021" />
  <testcase classname="ptolemy.util.test.junit.AutoTests" name="[97] /home/travis/build/icyphy/ptII/ptolemy/actor/lib/test/auto/ConstraintMonitor4.xml (RunModel)" time="0.01" />
  <testcase classname="ptolemy.util.test.junit.AutoTests" name="[98] /home/travis/build/icyphy/ptII/ptolemy/actor/lib/test/auto/ConstraintMonitor5.xml (RunModel)" time="0.015" />
  <testcase classname="ptolemy.util.test.junit.AutoTests" name="[99] /home/travis/build/icyphy/ptII/ptolemy/actor/lib/test/auto/ConstraintMonitor6.xml (RunModel)" time="0.021" />
  <testcase classname="ptolemy.util.test.junit.AutoTests" name="[100] /home/travis/build/icyphy/ptII/ptolemy/actor/lib/test/auto/ConstraintMonitor7.xml (RunModel)" time="0.021" />
  <testcase classname="ptolemy.util.test.junit.AutoTests" name="[101] /home/travis/build/icyphy/ptII/ptolemy/actor/lib/test/auto/ConstraintMonitor8.xml (RunModel)" time="0.02" />
  <testcase classname="ptolemy.util.test.junit.AutoTests" name="[102] /home/travis/build/icyphy/ptII/ptolemy/actor/lib/test/auto/Counter.xml (RunModel)" time="0.012" />
  <testcase classname="ptolemy.util.test.junit.AutoTests" name="[103] /home/travis/build/icyphy/ptII/ptolemy/actor/lib/test/auto/CurrentTimeSDF.xml (RunModel)" time="0.01" />
  <testcase classname="ptolemy.util.test.junit.AutoTests" name="[104] /home/travis/build/icyphy/ptII/ptolemy/actor/lib/test/auto/DB.xml (RunModel)" time="0.014" />
  <testcase classname="ptolemy.util.test.junit.AutoTests" name="[105] /home/travis/build/icyphy/ptII/ptolemy/actor/lib/test/auto/DBDE.xml (RunModel)" time="0.013" />
  <testcase classname="ptolemy.util.test.junit.AutoTests" name="[106] /home/travis/build/icyphy/ptII/ptolemy/actor/lib/test/auto/DateConstructor.xml (RunModel)" time="0.06" />
  <testcase classname="ptolemy.util.test.junit.AutoTests" name="[107] /home/travis/build/icyphy/ptII/ptolemy/actor/lib/test/auto/DelayTime.xml (RunModel)" time="0.017" />
  <testcase classname="ptolemy.util.test.junit.AutoTests" name="[108] /home/travis/build/icyphy/ptII/ptolemy/actor/lib/test/auto/Dictionary1.xml (RunModel)" time="0.016" />
  <testcase classname="ptolemy.util.test.junit.AutoTests" name="[109] /home/travis/build/icyphy/ptII/ptolemy/actor/lib/test/auto/Dictionary2.xml (RunModel)" time="0.013" />
  <testcase classname="ptolemy.util.test.junit.AutoTests" name="[110] /home/travis/build/icyphy/ptII/ptolemy/actor/lib/test/auto/Dictionary3.xml (RunModel)" time="0.011" />
  <testcase classname="ptolemy.util.test.junit.AutoTests" name="[111] /home/travis/build/icyphy/ptII/ptolemy/actor/lib/test/auto/Dictionary4.xml (RunModel)" time="0.019" />
  <testcase classname="ptolemy.util.test.junit.AutoTests" name="[112] /home/travis/build/icyphy/ptII/ptolemy/actor/lib/test/auto/Differential.xml (RunModel)" time="0.01" />
  <testcase classname="ptolemy.util.test.junit.AutoTests" name="[113] /home/travis/build/icyphy/ptII/ptolemy/actor/lib/test/auto/Director.xml (RunModel)" time="0.008" />
  <testcase classname="ptolemy.util.test.junit.AutoTests" name="[114] /home/travis/build/icyphy/ptII/ptolemy/actor/lib/test/auto/DiscreteClock.xml (RunModel)" time="0.008" />
  <testcase classname="ptolemy.util.test.junit.AutoTests" name="[115] /home/travis/build/icyphy/ptII/ptolemy/actor/lib/test/auto/DiscreteClock10.xml (RunModel)" time="0.011" />
  <testcase classname="ptolemy.util.test.junit.AutoTests" name="[116] /home/travis/build/icyphy/ptII/ptolemy/actor/lib/test/auto/DiscreteClock11.xml (RunModel)" time="0.011" />
  <testcase classname="ptolemy.util.test.junit.AutoTests" name="[117] /home/travis/build/icyphy/ptII/ptolemy/actor/lib/test/auto/DiscreteClock12.xml (RunModel)" time="0.011" />
  <testcase classname="ptolemy.util.test.junit.AutoTests" name="[118] /home/travis/build/icyphy/ptII/ptolemy/actor/lib/test/auto/DiscreteClock13.xml (RunModel)" time="0.012" />
  <testcase classname="ptolemy.util.test.junit.AutoTests" name="[119] /home/travis/build/icyphy/ptII/ptolemy/actor/lib/test/auto/DiscreteClock14.xml (RunModel)" time="0.011" />
  <testcase classname="ptolemy.util.test.junit.AutoTests" name="[120] /home/travis/build/icyphy/ptII/ptolemy/actor/lib/test/auto/DiscreteClock15.xml (RunModel)" time="0.011" />
  <testcase classname="ptolemy.util.test.junit.AutoTests" name="[121] /home/travis/build/icyphy/ptII/ptolemy/actor/lib/test/auto/DiscreteClock16.xml (RunModel)" time="0.036" />
  <testcase classname="ptolemy.util.test.junit.AutoTests" name="[122] /home/travis/build/icyphy/ptII/ptolemy/actor/lib/test/auto/DiscreteClock17.xml (RunModel)" time="0.031" />
  <testcase classname="ptolemy.util.test.junit.AutoTests" name="[123] /home/travis/build/icyphy/ptII/ptolemy/actor/lib/test/auto/DiscreteClock18.xml (RunModel)" time="0.03" />
  <testcase classname="ptolemy.util.test.junit.AutoTests" name="[124] /home/travis/build/icyphy/ptII/ptolemy/actor/lib/test/auto/DiscreteClock19.xml (RunModel)" time="0.466" />
  <testcase classname="ptolemy.util.test.junit.AutoTests" name="[125] /home/travis/build/icyphy/ptII/ptolemy/actor/lib/test/auto/DiscreteClock2.xml (RunModel)" time="0.012" />
  <testcase classname="ptolemy.util.test.junit.AutoTests" name="[126] /home/travis/build/icyphy/ptII/ptolemy/actor/lib/test/auto/DiscreteClock20.xml (RunModel)" time="0.025" />
  <testcase classname="ptolemy.util.test.junit.AutoTests" name="[127] /home/travis/build/icyphy/ptII/ptolemy/actor/lib/test/auto/DiscreteClock21.xml (RunModel)" time="0.021" />
  <testcase classname="ptolemy.util.test.junit.AutoTests" name="[128] /home/travis/build/icyphy/ptII/ptolemy/actor/lib/test/auto/DiscreteClock22.xml (RunModel)" time="0.018" />
  <testcase classname="ptolemy.util.test.junit.AutoTests" name="[129] /home/travis/build/icyphy/ptII/ptolemy/actor/lib/test/auto/DiscreteClock23.xml (RunModel)" time="0.021" />
  <testcase classname="ptolemy.util.test.junit.AutoTests" name="[130] /home/travis/build/icyphy/ptII/ptolemy/actor/lib/test/auto/DiscreteClock24.xml (RunModel)" time="0.015" />
  <testcase classname="ptolemy.util.test.junit.AutoTests" name="[131] /home/travis/build/icyphy/ptII/ptolemy/actor/lib/test/auto/DiscreteClock4.xml (RunModel)" time="0.01" />
  <testcase classname="ptolemy.util.test.junit.AutoTests" name="[132] /home/travis/build/icyphy/ptII/ptolemy/actor/lib/test/auto/DiscreteClock5.xml (RunModel)" time="0.009" />
  <testcase classname="ptolemy.util.test.junit.AutoTests" name="[133] /home/travis/build/icyphy/ptII/ptolemy/actor/lib/test/auto/DiscreteClock6.xml (RunModel)" time="0.007" />
  <testcase classname="ptolemy.util.test.junit.AutoTests" name="[134] /home/travis/build/icyphy/ptII/ptolemy/actor/lib/test/auto/DiscreteClock7.xml (RunModel)" time="0.008" />
  <testcase classname="ptolemy.util.test.junit.AutoTests" name="[135] /home/travis/build/icyphy/ptII/ptolemy/actor/lib/test/auto/DiscreteClock8.xml (RunModel)" time="0.014" />
  <testcase classname="ptolemy.util.test.junit.AutoTests" name="[136] /home/travis/build/icyphy/ptII/ptolemy/actor/lib/test/auto/DiscreteClock9.xml (RunModel)" time="0.013" />
  <testcase classname="ptolemy.util.test.junit.AutoTests" name="[137] /home/travis/build/icyphy/ptII/ptolemy/actor/lib/test/auto/DisplayArray.xml (RunModel)" time="0.007" />
  <testcase classname="ptolemy.util.test.junit.AutoTests" name="[138] /home/travis/build/icyphy/ptII/ptolemy/actor/lib/test/auto/Distributor.xml (RunModel)" time="0.011" />
  <testcase classname="ptolemy.util.test.junit.AutoTests" name="[139] /home/travis/build/icyphy/ptII/ptolemy/actor/lib/test/auto/Distributor2.xml (RunModel)" time="0.011" />
  <testcase classname="ptolemy.util.test.junit.AutoTests" name="[140] /home/travis/build/icyphy/ptII/ptolemy/actor/lib/test/auto/DownSample.xml (RunModel)" time="0.018" />
  <testcase classname="ptolemy.util.test.junit.AutoTests" name="[141] /home/travis/build/icyphy/ptII/ptolemy/actor/lib/test/auto/ElectronicUnitBase1.xml (RunModel)" time="0.065" />
  <testcase classname="ptolemy.util.test.junit.AutoTests" name="[142] /home/travis/build/icyphy/ptII/ptolemy/actor/lib/test/auto/ElementsToArray.xml (RunModel)" time="0.01" />
  <testcase classname="ptolemy.util.test.junit.AutoTests" name="[143] /home/travis/build/icyphy/ptII/ptolemy/actor/lib/test/auto/Equals.xml (RunModel)" time="0.015" />
  <testcase classname="ptolemy.util.test.junit.AutoTests" name="[144] /home/travis/build/icyphy/ptII/ptolemy/actor/lib/test/auto/Exec.xml (RunModel)" time="0.02" />
  <testcase classname="ptolemy.util.test.junit.AutoTests" name="[145] /home/travis/build/icyphy/ptII/ptolemy/actor/lib/test/auto/ExecEnvironment.xml (RunModel)" time="0.031" />
  <testcase classname="ptolemy.util.test.junit.AutoTests" name="[146] /home/travis/build/icyphy/ptII/ptolemy/actor/lib/test/auto/ExecNonZeroReturnOutput.xml (RunModel)" time="0.129" />
  <testcase classname="ptolemy.util.test.junit.AutoTests" name="[147] /home/travis/build/icyphy/ptII/ptolemy/actor/lib/test/auto/ExecRunDemos.xml (RunModel)" time="9.776" />
  <testcase classname="ptolemy.util.test.junit.AutoTests" name="[148] /home/travis/build/icyphy/ptII/ptolemy/actor/lib/test/auto/ExecStop.xml (RunModel)" time="5.034" />
  <testcase classname="ptolemy.util.test.junit.AutoTests" name="[149] /home/travis/build/icyphy/ptII/ptolemy/actor/lib/test/auto/ExecutionTimeSDF.xml (RunModel)" time="6.025" />
  <testcase classname="ptolemy.util.test.junit.AutoTests" name="[150] /home/travis/build/icyphy/ptII/ptolemy/actor/lib/test/auto/Expression1.xml (RunModel)" time="0.009" />
  <testcase classname="ptolemy.util.test.junit.AutoTests" name="[151] /home/travis/build/icyphy/ptII/ptolemy/actor/lib/test/auto/Expression10.xml (RunModel)" time="0.016" />
  <testcase classname="ptolemy.util.test.junit.AutoTests" name="[152] /home/travis/build/icyphy/ptII/ptolemy/actor/lib/test/auto/Expression11.xml (RunModel)" time="0.012" />
  <testcase classname="ptolemy.util.test.junit.AutoTests" name="[153] /home/travis/build/icyphy/ptII/ptolemy/actor/lib/test/auto/Expression12.xml (RunModel)" time="0.015" />
  <testcase classname="ptolemy.util.test.junit.AutoTests" name="[154] /home/travis/build/icyphy/ptII/ptolemy/actor/lib/test/auto/Expression13.xml (RunModel)" time="0.013" />
  <testcase classname="ptolemy.util.test.junit.AutoTests" name="[155] /home/travis/build/icyphy/ptII/ptolemy/actor/lib/test/auto/Expression14.xml (RunModel)" time="0.019" />
  <testcase classname="ptolemy.util.test.junit.AutoTests" name="[156] /home/travis/build/icyphy/ptII/ptolemy/actor/lib/test/auto/Expression15.xml (RunModel)" time="0.008" />
  <testcase classname="ptolemy.util.test.junit.AutoTests" name="[157] /home/travis/build/icyphy/ptII/ptolemy/actor/lib/test/auto/Expression16.xml (RunModel)" time="0.014" />
  <testcase classname="ptolemy.util.test.junit.AutoTests" name="[158] /home/travis/build/icyphy/ptII/ptolemy/actor/lib/test/auto/Expression17.xml (RunModel)" time="0.014" />
  <testcase classname="ptolemy.util.test.junit.AutoTests" name="[159] /home/travis/build/icyphy/ptII/ptolemy/actor/lib/test/auto/Expression18.xml (RunModel)" time="0.015" />
  <testcase classname="ptolemy.util.test.junit.AutoTests" name="[160] /home/travis/build/icyphy/ptII/ptolemy/actor/lib/test/auto/Expression2.xml (RunModel)" time="0.015" />
  <testcase classname="ptolemy.util.test.junit.AutoTests" name="[161] /home/travis/build/icyphy/ptII/ptolemy/actor/lib/test/auto/Expression3.xml (RunModel)" time="0.014" />
  <testcase classname="ptolemy.util.test.junit.AutoTests" name="[162] /home/travis/build/icyphy/ptII/ptolemy/actor/lib/test/auto/Expression4.xml (RunModel)" time="0.02" />
  <testcase classname="ptolemy.util.test.junit.AutoTests" name="[163] /home/travis/build/icyphy/ptII/ptolemy/actor/lib/test/auto/Expression5.xml (RunModel)" time="0.014" />
  <testcase classname="ptolemy.util.test.junit.AutoTests" name="[164] /home/travis/build/icyphy/ptII/ptolemy/actor/lib/test/auto/Expression6.xml (RunModel)" time="0.01" />
  <testcase classname="ptolemy.util.test.junit.AutoTests" name="[165] /home/travis/build/icyphy/ptII/ptolemy/actor/lib/test/auto/Expression7.xml (RunModel)" time="0.012" />
  <testcase classname="ptolemy.util.test.junit.AutoTests" name="[166] /home/travis/build/icyphy/ptII/ptolemy/actor/lib/test/auto/Expression8.xml (RunModel)" time="0.016" />
  <testcase classname="ptolemy.util.test.junit.AutoTests" name="[167] /home/travis/build/icyphy/ptII/ptolemy/actor/lib/test/auto/Expression9.xml (RunModel)" time="0.009" />
  <testcase classname="ptolemy.util.test.junit.AutoTests" name="[168] /home/travis/build/icyphy/ptII/ptolemy/actor/lib/test/auto/ExpressionConcatenateArrayType.xml (RunModel)" time="0.024" />
  <testcase classname="ptolemy.util.test.junit.AutoTests" name="[169] /home/travis/build/icyphy/ptII/ptolemy/actor/lib/test/auto/ExpressionConcatenateArrayType2.xml (RunModel)" time="0.022" />
  <testcase classname="ptolemy.util.test.junit.AutoTests" name="[170] /home/travis/build/icyphy/ptII/ptolemy/actor/lib/test/auto/ExpressionFix.xml (RunModel)" time="0.042" />
  <testcase classname="ptolemy.util.test.junit.AutoTests" name="[171] /home/travis/build/icyphy/ptII/ptolemy/actor/lib/test/auto/ExpressionFix2.xml (RunModel)" time="0.012" />
  <testcase classname="ptolemy.util.test.junit.AutoTests" name="[172] /home/travis/build/icyphy/ptII/ptolemy/actor/lib/test/auto/ExpressionFix3.xml (RunModel)" time="0.014" />
  <testcase classname="ptolemy.util.test.junit.AutoTests" name="[173] /home/travis/build/icyphy/ptII/ptolemy/actor/lib/test/auto/FileWriter1.xml (RunModel)" time="0.01" />
  <testcase classname="ptolemy.util.test.junit.AutoTests" name="[174] /home/travis/build/icyphy/ptII/ptolemy/actor/lib/test/auto/FileWriter2.xml (RunModel)" time="0.013" />
  <testcase classname="ptolemy.util.test.junit.AutoTests" name="[175] /home/travis/build/icyphy/ptII/ptolemy/actor/lib/test/auto/FileWriter3.xml (RunModel)" time="0.011" />
  <testcase classname="ptolemy.util.test.junit.AutoTests" name="[176] /home/travis/build/icyphy/ptII/ptolemy/actor/lib/test/auto/Gaussian.xml (RunModel)" time="0.012" />
  <testcase classname="ptolemy.util.test.junit.AutoTests" name="[177] /home/travis/build/icyphy/ptII/ptolemy/actor/lib/test/auto/Gaussian1.xml (RunModel)" time="0.023" />
  <testcase classname="ptolemy.util.test.junit.AutoTests" name="[178] /home/travis/build/icyphy/ptII/ptolemy/actor/lib/test/auto/Gaussian2.xml (RunModel)" time="0.023" />
  <testcase classname="ptolemy.util.test.junit.AutoTests" name="[179] /home/travis/build/icyphy/ptII/ptolemy/actor/lib/test/auto/GradientAdaptiveLattice.xml (RunModel)" time="0.015" />
  <testcase classname="ptolemy.util.test.junit.AutoTests" name="[180] /home/travis/build/icyphy/ptII/ptolemy/actor/lib/test/auto/IIR.xml (RunModel)" time="0.01" />
  <testcase classname="ptolemy.util.test.junit.AutoTests" name="[181] /home/travis/build/icyphy/ptII/ptolemy/actor/lib/test/auto/InputOutputTransparentPorts.xml (RunModel)" time="0.025" />
  <testcase classname="ptolemy.util.test.junit.AutoTests" name="[182] /home/travis/build/icyphy/ptII/ptolemy/actor/lib/test/auto/Interpolator.xml (RunModel)" time="0.013" />
  <testcase classname="ptolemy.util.test.junit.AutoTests" name="[183] /home/travis/build/icyphy/ptII/ptolemy/actor/lib/test/auto/InterpolatorFiringLimitDE.xml (RunModel)" time="0.012" />
  <testcase classname="ptolemy.util.test.junit.AutoTests" name="[184] /home/travis/build/icyphy/ptII/ptolemy/actor/lib/test/auto/Lattice.xml (RunModel)" time="0.008" />
  <testcase classname="ptolemy.util.test.junit.AutoTests" name="[185] /home/travis/build/icyphy/ptII/ptolemy/actor/lib/test/auto/LazyAOCTestLazy.xml (RunModel)" time="0.019" />
  <testcase classname="ptolemy.util.test.junit.AutoTests" name="[186] /home/travis/build/icyphy/ptII/ptolemy/actor/lib/test/auto/LazyAOCTestNonLazy.xml (RunModel)" time="0.043" />
  <testcase classname="ptolemy.util.test.junit.AutoTests" name="[187] /home/travis/build/icyphy/ptII/ptolemy/actor/lib/test/auto/LazyInnerClass.xml (RunModel)" time="0.051" />
  <testcase classname="ptolemy.util.test.junit.AutoTests" name="[188] /home/travis/build/icyphy/ptII/ptolemy/actor/lib/test/auto/LazyPubSub.xml (RunModel)" time="0.042" />
  <testcase classname="ptolemy.util.test.junit.AutoTests" name="[189] /home/travis/build/icyphy/ptII/ptolemy/actor/lib/test/auto/LazyPubSub2.xml (RunModel)" time="0.023" />
  <testcase classname="ptolemy.util.test.junit.AutoTests" name="[190] /home/travis/build/icyphy/ptII/ptolemy/actor/lib/test/auto/LazyPubSub3.xml (RunModel)" time="0.025" />
  <testcase classname="ptolemy.util.test.junit.AutoTests" name="[191] /home/travis/build/icyphy/ptII/ptolemy/actor/lib/test/auto/LazySubClassModel.xml (RunModel)" time="0.02" />
  <testcase classname="ptolemy.util.test.junit.AutoTests" name="[192] /home/travis/build/icyphy/ptII/ptolemy/actor/lib/test/auto/LevelCrossTest1.xml (RunModel)" time="0.01" />
  <testcase classname="ptolemy.util.test.junit.AutoTests" name="[193] /home/travis/build/icyphy/ptII/ptolemy/actor/lib/test/auto/LevelCrossTest10.xml (RunModel)" time="0.014" />
  <testcase classname="ptolemy.util.test.junit.AutoTests" name="[194] /home/travis/build/icyphy/ptII/ptolemy/actor/lib/test/auto/LevelCrossTest11.xml (RunModel)" time="0.013" />
  <testcase classname="ptolemy.util.test.junit.AutoTests" name="[195] /home/travis/build/icyphy/ptII/ptolemy/actor/lib/test/auto/LevelCrossTest12.xml (RunModel)" time="0.012" />
  <testcase classname="ptolemy.util.test.junit.AutoTests" name="[196] /home/travis/build/icyphy/ptII/ptolemy/actor/lib/test/auto/LevelCrossTest13.xml (RunModel)" time="0.014" />
  <testcase classname="ptolemy.util.test.junit.AutoTests" name="[197] /home/travis/build/icyphy/ptII/ptolemy/actor/lib/test/auto/LevelCrossTest2.xml (RunModel)" time="0.01" />
  <testcase classname="ptolemy.util.test.junit.AutoTests" name="[198] /home/travis/build/icyphy/ptII/ptolemy/actor/lib/test/auto/LevelCrossTest3.xml (RunModel)" time="0.011" />
  <testcase classname="ptolemy.util.test.junit.AutoTests" name="[199] /home/travis/build/icyphy/ptII/ptolemy/actor/lib/test/auto/LevelCrossTest4.xml (RunModel)" time="0.01" />
  <testcase classname="ptolemy.util.test.junit.AutoTests" name="[200] /home/travis/build/icyphy/ptII/ptolemy/actor/lib/test/auto/LevelCrossTest5.xml (RunModel)" time="0.012" />
  <testcase classname="ptolemy.util.test.junit.AutoTests" name="[201] /home/travis/build/icyphy/ptII/ptolemy/actor/lib/test/auto/LevelCrossTest6.xml (RunModel)" time="0.012" />
  <testcase classname="ptolemy.util.test.junit.AutoTests" name="[202] /home/travis/build/icyphy/ptII/ptolemy/actor/lib/test/auto/LevelCrossTest7.xml (RunModel)" time="0.013" />
  <testcase classname="ptolemy.util.test.junit.AutoTests" name="[203] /home/travis/build/icyphy/ptII/ptolemy/actor/lib/test/auto/LevelCrossTest8.xml (RunModel)" time="0.013" />
  <testcase classname="ptolemy.util.test.junit.AutoTests" name="[204] /home/travis/build/icyphy/ptII/ptolemy/actor/lib/test/auto/LevelCrossTest9.xml (RunModel)" time="0.013" />
  <testcase classname="ptolemy.util.test.junit.AutoTests" name="[205] /home/travis/build/icyphy/ptII/ptolemy/actor/lib/test/auto/LevinsonDurbin.xml (RunModel)" time="0.009" />
  <testcase classname="ptolemy.util.test.junit.AutoTests" name="[206] /home/travis/build/icyphy/ptII/ptolemy/actor/lib/test/auto/LevinsonDurbin2.xml (RunModel)" time="0.008" />
  <testcase classname="ptolemy.util.test.junit.AutoTests" name="[207] /home/travis/build/icyphy/ptII/ptolemy/actor/lib/test/auto/LevinsonDurbin3.xml (RunModel)" time="0.007" />
  <testcase classname="ptolemy.util.test.junit.AutoTests" name="[208] /home/travis/build/icyphy/ptII/ptolemy/actor/lib/test/auto/Limiter.xml (RunModel)" time="0.022" />
  <testcase classname="ptolemy.util.test.junit.AutoTests" name="[209] /home/travis/build/icyphy/ptII/ptolemy/actor/lib/test/auto/LinearDifferenceEquationSystem.xml (RunModel)" time="0.018" />
  <testcase classname="ptolemy.util.test.junit.AutoTests" name="[210] /home/travis/build/icyphy/ptII/ptolemy/actor/lib/test/auto/LookupTable.xml (RunModel)" time="0.009" />
  <testcase classname="ptolemy.util.test.junit.AutoTests" name="[211] /home/travis/build/icyphy/ptII/ptolemy/actor/lib/test/auto/MathFunction.xml (RunModel)" time="0.018" />
  <testcase classname="ptolemy.util.test.junit.AutoTests" name="[212] /home/travis/build/icyphy/ptII/ptolemy/actor/lib/test/auto/MathFunction2.xml (RunModel)" time="0.009" />
  <testcase classname="ptolemy.util.test.junit.AutoTests" name="[213] /home/travis/build/icyphy/ptII/ptolemy/actor/lib/test/auto/MathFunction3.xml (RunModel)" time="0.016" />
  <testcase classname="ptolemy.util.test.junit.AutoTests" name="[214] /home/travis/build/icyphy/ptII/ptolemy/actor/lib/test/auto/MatrixCropBoolean.xml (RunModel)" time="0.01" />
  <testcase classname="ptolemy.util.test.junit.AutoTests" name="[215] /home/travis/build/icyphy/ptII/ptolemy/actor/lib/test/auto/MatrixCropComplex.xml (RunModel)" time="0.009" />
  <testcase classname="ptolemy.util.test.junit.AutoTests" name="[216] /home/travis/build/icyphy/ptII/ptolemy/actor/lib/test/auto/MatrixCropDouble.xml (RunModel)" time="0.009" />
  <testcase classname="ptolemy.util.test.junit.AutoTests" name="[217] /home/travis/build/icyphy/ptII/ptolemy/actor/lib/test/auto/MatrixCropFix.xml (RunModel)" time="0.01" />
  <testcase classname="ptolemy.util.test.junit.AutoTests" name="[218] /home/travis/build/icyphy/ptII/ptolemy/actor/lib/test/auto/MatrixCropInt.xml (RunModel)" time="0.008" />
  <testcase classname="ptolemy.util.test.junit.AutoTests" name="[219] /home/travis/build/icyphy/ptII/ptolemy/actor/lib/test/auto/MatrixCropLong.xml (RunModel)" time="0.008" />
  <testcase classname="ptolemy.util.test.junit.AutoTests" name="[220] /home/travis/build/icyphy/ptII/ptolemy/actor/lib/test/auto/MatrixToArray.xml (RunModel)" time="0.039" />
  <testcase classname="ptolemy.util.test.junit.AutoTests" name="[221] /home/travis/build/icyphy/ptII/ptolemy/actor/lib/test/auto/MaxIndex.xml (RunModel)" time="0.011" />
  <testcase classname="ptolemy.util.test.junit.AutoTests" name="[222] /home/travis/build/icyphy/ptII/ptolemy/actor/lib/test/auto/Maximum.xml (RunModel)" time="0.013" />
  <testcase classname="ptolemy.util.test.junit.AutoTests" name="[223] /home/travis/build/icyphy/ptII/ptolemy/actor/lib/test/auto/MaximumComplex.xml (RunModel)" time="0.013" />
  <testcase classname="ptolemy.util.test.junit.AutoTests" name="[224] /home/travis/build/icyphy/ptII/ptolemy/actor/lib/test/auto/MethodCallTest.xml (RunModel)" time="0.018" />
  <testcase classname="ptolemy.util.test.junit.AutoTests" name="[225] /home/travis/build/icyphy/ptII/ptolemy/actor/lib/test/auto/Minimum.xml (RunModel)" time="0.012" />
  <testcase classname="ptolemy.util.test.junit.AutoTests" name="[226] /home/travis/build/icyphy/ptII/ptolemy/actor/lib/test/auto/MinimumComplex.xml (RunModel)" time="0.012" />
  <testcase classname="ptolemy.util.test.junit.AutoTests" name="[227] /home/travis/build/icyphy/ptII/ptolemy/actor/lib/test/auto/MinimumMultiports.xml (RunModel)" time="0.017" />
  <testcase classname="ptolemy.util.test.junit.AutoTests" name="[228] /home/travis/build/icyphy/ptII/ptolemy/actor/lib/test/auto/ModifyDate.xml (RunModel)" time="0.034" />
  <testcase classname="ptolemy.util.test.junit.AutoTests" name="[229] /home/travis/build/icyphy/ptII/ptolemy/actor/lib/test/auto/ModifyDate2.xml (RunModel)" time="0.026" />
  <testcase classname="ptolemy.util.test.junit.AutoTests" name="[230] /home/travis/build/icyphy/ptII/ptolemy/actor/lib/test/auto/MovingAverage.xml (RunModel)" time="0.011" />
  <testcase classname="ptolemy.util.test.junit.AutoTests" name="[231] /home/travis/build/icyphy/ptII/ptolemy/actor/lib/test/auto/MovingMaximum.xml (RunModel)" time="0.009" />
  <testcase classname="ptolemy.util.test.junit.AutoTests" name="[232] /home/travis/build/icyphy/ptII/ptolemy/actor/lib/test/auto/MultipleLinksToSameRelation.xml (RunModel)" time="0.007" />
  <testcase classname="ptolemy.util.test.junit.AutoTests" name="[233] /home/travis/build/icyphy/ptII/ptolemy/actor/lib/test/auto/MultipleLinksToSameRelationDE.xml (RunModel)" time="0.008" />
  <testcase classname="ptolemy.util.test.junit.AutoTests" name="[234] /home/travis/build/icyphy/ptII/ptolemy/actor/lib/test/auto/Multiplexor.xml (RunModel)" time="0.01" />
  <testcase classname="ptolemy.util.test.junit.AutoTests" name="[235] /home/travis/build/icyphy/ptII/ptolemy/actor/lib/test/auto/Multiplexor1.xml (RunModel)" time="0.01" />
  <testcase classname="ptolemy.util.test.junit.AutoTests" name="[236] /home/travis/build/icyphy/ptII/ptolemy/actor/lib/test/auto/Multiplexor2.xml (RunModel)" time="0.012" />
  <testcase classname="ptolemy.util.test.junit.AutoTests" name="[237] /home/travis/build/icyphy/ptII/ptolemy/actor/lib/test/auto/Multiplexor3.xml (RunModel)" time="0.009" />
  <testcase classname="ptolemy.util.test.junit.AutoTests" name="[238] /home/travis/build/icyphy/ptII/ptolemy/actor/lib/test/auto/MultiplexorDE.xml (RunModel)" time="0.015" />
  <testcase classname="ptolemy.util.test.junit.AutoTests" name="[239] /home/travis/build/icyphy/ptII/ptolemy/actor/lib/test/auto/MultiportBroadcastTest.xml (RunModel)" time="0.056" />
  <testcase classname="ptolemy.util.test.junit.AutoTests" name="[240] /home/travis/build/icyphy/ptII/ptolemy/actor/lib/test/auto/MultiportOutHangDuringGetWidth.xml (RunModel)" time="0.029" />
  <testcase classname="ptolemy.util.test.junit.AutoTests" name="[241] /home/travis/build/icyphy/ptII/ptolemy/actor/lib/test/auto/NilToken.xml (RunModel)" time="0.008" />
  <testcase classname="ptolemy.util.test.junit.AutoTests" name="[242] /home/travis/build/icyphy/ptII/ptolemy/actor/lib/test/auto/NilTokenNonStrictTest.xml (RunModel)" time="0.01" />
  <testcase classname="ptolemy.util.test.junit.AutoTests" name="[243] /home/travis/build/icyphy/ptII/ptolemy/actor/lib/test/auto/NilTokenRecord.xml (RunModel)" time="0.018" />
  <testcase classname="ptolemy.util.test.junit.AutoTests" name="[244] /home/travis/build/icyphy/ptII/ptolemy/actor/lib/test/auto/NilTokenTypeTest.xml (RunModel)" time="0.024" />
  <testcase classname="ptolemy.util.test.junit.AutoTests" name="[245] /home/travis/build/icyphy/ptII/ptolemy/actor/lib/test/auto/ObjectToken1.xml (RunModel)" time="0.01" />
  <testcase classname="ptolemy.util.test.junit.AutoTests" name="[246] /home/travis/build/icyphy/ptII/ptolemy/actor/lib/test/auto/OrderedMerge.xml (RunModel)" time="0.011" />
  <testcase classname="ptolemy.util.test.junit.AutoTests" name="[247] /home/travis/build/icyphy/ptII/ptolemy/actor/lib/test/auto/OrderedRecordDisassembler.xml (RunModel)" time="0.012" />
  <testcase classname="ptolemy.util.test.junit.AutoTests" name="[248] /home/travis/build/icyphy/ptII/ptolemy/actor/lib/test/auto/OrderedRecordDisassembler2.xml (RunModel)" time="0.017" />
  <testcase classname="ptolemy.util.test.junit.AutoTests" name="[249] /home/travis/build/icyphy/ptII/ptolemy/actor/lib/test/auto/OrderedRecordUpdater.xml (RunModel)" time="0.009" />
  <testcase classname="ptolemy.util.test.junit.AutoTests" name="[250] /home/travis/build/icyphy/ptII/ptolemy/actor/lib/test/auto/OrderedRecordUpdater2.xml (RunModel)" time="0.009" />
  <testcase classname="ptolemy.util.test.junit.AutoTests" name="[251] /home/travis/build/icyphy/ptII/ptolemy/actor/lib/test/auto/PhaseUnwrap.xml (RunModel)" time="0.011" />
  <testcase classname="ptolemy.util.test.junit.AutoTests" name="[252] /home/travis/build/icyphy/ptII/ptolemy/actor/lib/test/auto/PoissonClock.xml (RunModel)" time="0.009" />
  <testcase classname="ptolemy.util.test.junit.AutoTests" name="[253] /home/travis/build/icyphy/ptII/ptolemy/actor/lib/test/auto/PoissonClock2.xml (RunModel)" time="0.008" />
  <testcase classname="ptolemy.util.test.junit.AutoTests" name="[254] /home/travis/build/icyphy/ptII/ptolemy/actor/lib/test/auto/PoissonClock3.xml (RunModel)" time="0.01" />
  <testcase classname="ptolemy.util.test.junit.AutoTests" name="[255] /home/travis/build/icyphy/ptII/ptolemy/actor/lib/test/auto/PubSubWithInitialTokens.xml (RunModel)" time="0.012" />
  <testcase classname="ptolemy.util.test.junit.AutoTests" name="[256] /home/travis/build/icyphy/ptII/ptolemy/actor/lib/test/auto/PubSubWithInitialTokens2.xml (RunModel)" time="0.011" />
  <testcase classname="ptolemy.util.test.junit.AutoTests" name="[257] /home/travis/build/icyphy/ptII/ptolemy/actor/lib/test/auto/PublisherClassNoParameter.xml (RunModel)" time="0.02" />
  <testcase classname="ptolemy.util.test.junit.AutoTests" name="[258] /home/travis/build/icyphy/ptII/ptolemy/actor/lib/test/auto/PublisherClassParameter.xml (RunModel)" time="0.029" />
  <testcase classname="ptolemy.util.test.junit.AutoTests" name="[259] /home/travis/build/icyphy/ptII/ptolemy/actor/lib/test/auto/PublisherNonStrictTest.xml (RunModel)" time="0.014" />
  <testcase classname="ptolemy.util.test.junit.AutoTests" name="[260] /home/travis/build/icyphy/ptII/ptolemy/actor/lib/test/auto/PublisherPort1.xml (RunModel)" time="0.011" />
  <testcase classname="ptolemy.util.test.junit.AutoTests" name="[261] /home/travis/build/icyphy/ptII/ptolemy/actor/lib/test/auto/PublisherPort2.xml (RunModel)" time="0.008" />
  <testcase classname="ptolemy.util.test.junit.AutoTests" name="[262] /home/travis/build/icyphy/ptII/ptolemy/actor/lib/test/auto/PublisherPort3.xml (RunModel)" time="0.011" />
  <testcase classname="ptolemy.util.test.junit.AutoTests" name="[263] /home/travis/build/icyphy/ptII/ptolemy/actor/lib/test/auto/PublisherPort4.xml (RunModel)" time="0.01" />
  <testcase classname="ptolemy.util.test.junit.AutoTests" name="[264] /home/travis/build/icyphy/ptII/ptolemy/actor/lib/test/auto/PublisherPort5.xml (RunModel)" time="0.014" />
  <testcase classname="ptolemy.util.test.junit.AutoTests" name="[265] /home/travis/build/icyphy/ptII/ptolemy/actor/lib/test/auto/PublisherPort5LookAlike.xml (RunModel)" time="0.013" />
  <testcase classname="ptolemy.util.test.junit.AutoTests" name="[266] /home/travis/build/icyphy/ptII/ptolemy/actor/lib/test/auto/PublisherPort6.xml (RunModel)" time="0.012" />
  <testcase classname="ptolemy.util.test.junit.AutoTests" name="[267] /home/travis/build/icyphy/ptII/ptolemy/actor/lib/test/auto/PublisherPort7.xml (RunModel)" time="0.014" />
  <testcase classname="ptolemy.util.test.junit.AutoTests" name="[268] /home/travis/build/icyphy/ptII/ptolemy/actor/lib/test/auto/PublisherPort8.xml (RunModel)" time="0.015" />
  <testcase classname="ptolemy.util.test.junit.AutoTests" name="[269] /home/travis/build/icyphy/ptII/ptolemy/actor/lib/test/auto/PublisherPortSubscriberChannelVariablesAOC2.xml (RunModel)" time="0.03" />
  <testcase classname="ptolemy.util.test.junit.AutoTests" name="[270] /home/travis/build/icyphy/ptII/ptolemy/actor/lib/test/auto/PublisherPortSubscriberOpaqueWidthInference.xml (RunModel)" time="0.015" />
  <testcase classname="ptolemy.util.test.junit.AutoTests" name="[271] /home/travis/build/icyphy/ptII/ptolemy/actor/lib/test/auto/PublisherPortSubscriberPortAdjacent.xml (RunModel)" time="0.015" />
  <testcase classname="ptolemy.util.test.junit.AutoTests" name="[272] /home/travis/build/icyphy/ptII/ptolemy/actor/lib/test/auto/PublisherPortSubscriberPortExpression.xml (RunModel)" time="0.015" />
  <testcase classname="ptolemy.util.test.junit.AutoTests" name="[273] /home/travis/build/icyphy/ptII/ptolemy/actor/lib/test/auto/PublisherPortSubscriberPortOpaqueD3Reverse.xml (RunModel)" time="0.018" />
  <testcase classname="ptolemy.util.test.junit.AutoTests" name="[274] /home/travis/build/icyphy/ptII/ptolemy/actor/lib/test/auto/PublisherPortSubscriberPortOpaqueWidthInference.xml (RunModel)" time="0.014" />
  <testcase classname="ptolemy.util.test.junit.AutoTests" name="[275] /home/travis/build/icyphy/ptII/ptolemy/actor/lib/test/auto/PublisherPortToplevelSubscriberPortAOC.xml (RunModel)" time="0.009" />
  <testcase classname="ptolemy.util.test.junit.AutoTests" name="[276] /home/travis/build/icyphy/ptII/ptolemy/actor/lib/test/auto/PublisherSubscriber.xml (RunModel)" time="0.013" />
  <testcase classname="ptolemy.util.test.junit.AutoTests" name="[277] /home/travis/build/icyphy/ptII/ptolemy/actor/lib/test/auto/PublisherSubscriber10.xml (RunModel)" time="0.018" />
  <testcase classname="ptolemy.util.test.junit.AutoTests" name="[278] /home/travis/build/icyphy/ptII/ptolemy/actor/lib/test/auto/PublisherSubscriber10InitialOutputs.xml (RunModel)" time="0.018" />
  <testcase classname="ptolemy.util.test.junit.AutoTests" name="[279] /home/travis/build/icyphy/ptII/ptolemy/actor/lib/test/auto/PublisherSubscriber11.xml (RunModel)" time="0.018" />
  <testcase classname="ptolemy.util.test.junit.AutoTests" name="[280] /home/travis/build/icyphy/ptII/ptolemy/actor/lib/test/auto/PublisherSubscriber12.xml (RunModel)" time="0.013" />
  <testcase classname="ptolemy.util.test.junit.AutoTests" name="[281] /home/travis/build/icyphy/ptII/ptolemy/actor/lib/test/auto/PublisherSubscriber13.xml (RunModel)" time="0.009" />
  <testcase classname="ptolemy.util.test.junit.AutoTests" name="[282] /home/travis/build/icyphy/ptII/ptolemy/actor/lib/test/auto/PublisherSubscriber14.xml (RunModel)" time="0.017" />
  <testcase classname="ptolemy.util.test.junit.AutoTests" name="[283] /home/travis/build/icyphy/ptII/ptolemy/actor/lib/test/auto/PublisherSubscriber2.xml (RunModel)" time="0.01" />
  <testcase classname="ptolemy.util.test.junit.AutoTests" name="[284] /home/travis/build/icyphy/ptII/ptolemy/actor/lib/test/auto/PublisherSubscriber3.xml (RunModel)" time="0.009" />
  <testcase classname="ptolemy.util.test.junit.AutoTests" name="[285] /home/travis/build/icyphy/ptII/ptolemy/actor/lib/test/auto/PublisherSubscriber4.xml (RunModel)" time="0.009" />
  <testcase classname="ptolemy.util.test.junit.AutoTests" name="[286] /home/travis/build/icyphy/ptII/ptolemy/actor/lib/test/auto/PublisherSubscriber5.xml (RunModel)" time="0.011" />
  <testcase classname="ptolemy.util.test.junit.AutoTests" name="[287] /home/travis/build/icyphy/ptII/ptolemy/actor/lib/test/auto/PublisherSubscriber6.xml (RunModel)" time="0.011" />
  <testcase classname="ptolemy.util.test.junit.AutoTests" name="[288] /home/travis/build/icyphy/ptII/ptolemy/actor/lib/test/auto/PublisherSubscriber7.xml (RunModel)" time="0.013" />
  <testcase classname="ptolemy.util.test.junit.AutoTests" name="[289] /home/travis/build/icyphy/ptII/ptolemy/actor/lib/test/auto/PublisherSubscriber8.xml (RunModel)" time="0.02" />
  <testcase classname="ptolemy.util.test.junit.AutoTests" name="[290] /home/travis/build/icyphy/ptII/ptolemy/actor/lib/test/auto/PublisherSubscriber9.xml (RunModel)" time="0.018" />
  <testcase classname="ptolemy.util.test.junit.AutoTests" name="[291] /home/travis/build/icyphy/ptII/ptolemy/actor/lib/test/auto/PublisherSubscriberAdjacent.xml (RunModel)" time="0.016" />
  <testcase classname="ptolemy.util.test.junit.AutoTests" name="[292] /home/travis/build/icyphy/ptII/ptolemy/actor/lib/test/auto/PublisherSubscriberChannelVariablesAOC2.xml (RunModel)" time="0.025" />
  <testcase classname="ptolemy.util.test.junit.AutoTests" name="[293] /home/travis/build/icyphy/ptII/ptolemy/actor/lib/test/auto/PublisherSubscriberD3.xml (RunModel)" time="0.021" />
  <testcase classname="ptolemy.util.test.junit.AutoTests" name="[294] /home/travis/build/icyphy/ptII/ptolemy/actor/lib/test/auto/PublisherSubscriberD3Reverse.xml (RunModel)" time="0.012" />
  <testcase classname="ptolemy.util.test.junit.AutoTests" name="[295] /home/travis/build/icyphy/ptII/ptolemy/actor/lib/test/auto/PublisherSubscriberExpression.xml (RunModel)" time="0.017" />
  <testcase classname="ptolemy.util.test.junit.AutoTests" name="[296] /home/travis/build/icyphy/ptII/ptolemy/actor/lib/test/auto/PublisherSubscriberOpaque.xml (RunModel)" time="0.015" />
  <testcase classname="ptolemy.util.test.junit.AutoTests" name="[297] /home/travis/build/icyphy/ptII/ptolemy/actor/lib/test/auto/PublisherSubscriberOpaqueD3.xml (RunModel)" time="0.022" />
  <testcase classname="ptolemy.util.test.junit.AutoTests" name="[298] /home/travis/build/icyphy/ptII/ptolemy/actor/lib/test/auto/PublisherSubscriberOpaqueD3Reverse.xml (RunModel)" time="0.019" />
  <testcase classname="ptolemy.util.test.junit.AutoTests" name="[299] /home/travis/build/icyphy/ptII/ptolemy/actor/lib/test/auto/PublisherSubscriberOpaqueWidthInference.xml (RunModel)" time="0.016" />
  <testcase classname="ptolemy.util.test.junit.AutoTests" name="[300] /home/travis/build/icyphy/ptII/ptolemy/actor/lib/test/auto/PublisherTestSubscriber.xml (RunModel)" time="0.014" />
  <testcase classname="ptolemy.util.test.junit.AutoTests" name="[301] /home/travis/build/icyphy/ptII/ptolemy/actor/lib/test/auto/PublisherToplevelSubscriberPortAOC.xml (RunModel)" time="0.011" />
  <testcase classname="ptolemy.util.test.junit.AutoTests" name="[302] /home/travis/build/icyphy/ptII/ptolemy/actor/lib/test/auto/PulseFiringLimitDE.xml (RunModel)" time="0.012" />
  <testcase classname="ptolemy.util.test.junit.AutoTests" name="[303] /home/travis/build/icyphy/ptII/ptolemy/actor/lib/test/auto/Ramp1.xml (RunModel)" time="0.007" />
  <testcase classname="ptolemy.util.test.junit.AutoTests" name="[304] /home/travis/build/icyphy/ptII/ptolemy/actor/lib/test/auto/RampFiringLimitDE.xml (RunModel)" time="0.01" />
  <testcase classname="ptolemy.util.test.junit.AutoTests" name="[305] /home/travis/build/icyphy/ptII/ptolemy/actor/lib/test/auto/RampFiringLimitSDF.xml (RunModel)" time="0.009" />
  <testcase classname="ptolemy.util.test.junit.AutoTests" name="[306] /home/travis/build/icyphy/ptII/ptolemy/actor/lib/test/auto/RandomInteger.xml (RunModel)" time="0.007" />
  <testcase classname="ptolemy.util.test.junit.AutoTests" name="[307] /home/travis/build/icyphy/ptII/ptolemy/actor/lib/test/auto/ReadFile1.xml (RunModel)" time="0.009" />
  <testcase classname="ptolemy.util.test.junit.AutoTests" name="[308] /home/travis/build/icyphy/ptII/ptolemy/actor/lib/test/auto/ReadFile2.xml (RunModel)" time="0.007" />
  <testcase classname="ptolemy.util.test.junit.AutoTests" name="[309] /home/travis/build/icyphy/ptII/ptolemy/actor/lib/test/auto/Reader.xml (RunModel)" time="0.015" />
  <testcase classname="ptolemy.util.test.junit.AutoTests" name="[310] /home/travis/build/icyphy/ptII/ptolemy/actor/lib/test/auto/RecordAssemblerDisplayNameTest.xml (RunModel)" time="2.927" />
  <testcase classname="ptolemy.util.test.junit.AutoTests" name="[311] /home/travis/build/icyphy/ptII/ptolemy/actor/lib/test/auto/RecordAssemblerTypeError.xml (RunModel)" time="0.031" />
  <testcase classname="ptolemy.util.test.junit.AutoTests" name="[312] /home/travis/build/icyphy/ptII/ptolemy/actor/lib/test/auto/RecordDisassember.xml (RunModel)" time="0.009" />
  <testcase classname="ptolemy.util.test.junit.AutoTests" name="[313] /home/travis/build/icyphy/ptII/ptolemy/actor/lib/test/auto/RecordDisassemberDisplayNameTest.xml (RunModel)" time="0.017" />
  <testcase classname="ptolemy.util.test.junit.AutoTests" name="[314] /home/travis/build/icyphy/ptII/ptolemy/actor/lib/test/auto/RecordDisassembler.xml (RunModel)" time="0.008" />
  <testcase classname="ptolemy.util.test.junit.AutoTests" name="[315] /home/travis/build/icyphy/ptII/ptolemy/actor/lib/test/auto/RecordDisassembler2.xml (RunModel)" time="0.011" />
  <testcase classname="ptolemy.util.test.junit.AutoTests" name="[316] /home/travis/build/icyphy/ptII/ptolemy/actor/lib/test/auto/RecordUpdater.xml (RunModel)" time="0.008" />
  <testcase classname="ptolemy.util.test.junit.AutoTests" name="[317] /home/travis/build/icyphy/ptII/ptolemy/actor/lib/test/auto/RecordUpdater2.xml (RunModel)" time="0.009" />
  <testcase classname="ptolemy.util.test.junit.AutoTests" name="[318] /home/travis/build/icyphy/ptII/ptolemy/actor/lib/test/auto/RecursiveLattice.xml (RunModel)" time="0.008" />
  <testcase classname="ptolemy.util.test.junit.AutoTests" name="[319] /home/travis/build/icyphy/ptII/ptolemy/actor/lib/test/auto/Router.xml (RunModel)" time="3.023" />
  <testcase classname="ptolemy.util.test.junit.AutoTests" name="[320] /home/travis/build/icyphy/ptII/ptolemy/actor/lib/test/auto/Router2.xml (RunModel)" time="3.035" />
  <testcase classname="ptolemy.util.test.junit.AutoTests" name="[321] /home/travis/build/icyphy/ptII/ptolemy/actor/lib/test/auto/RunningMaximum.xml (RunModel)" time="0.011" />
  <testcase classname="ptolemy.util.test.junit.AutoTests" name="[322] /home/travis/build/icyphy/ptII/ptolemy/actor/lib/test/auto/RunningMinimum.xml (RunModel)" time="0.009" />
  <testcase classname="ptolemy.util.test.junit.AutoTests" name="[323] /home/travis/build/icyphy/ptII/ptolemy/actor/lib/test/auto/Scale.xml (RunModel)" time="0.007" />
  <testcase classname="ptolemy.util.test.junit.AutoTests" name="[324] /home/travis/build/icyphy/ptII/ptolemy/actor/lib/test/auto/Scale2.xml (RunModel)" time="0.009" />
  <testcase classname="ptolemy.util.test.junit.AutoTests" name="[325] /home/travis/build/icyphy/ptII/ptolemy/actor/lib/test/auto/Scale3.xml (RunModel)" time="0.014" />
  <testcase classname="ptolemy.util.test.junit.AutoTests" name="[326] /home/travis/build/icyphy/ptII/ptolemy/actor/lib/test/auto/ScaleArray.xml (RunModel)" time="0.008" />
  <testcase classname="ptolemy.util.test.junit.AutoTests" name="[327] /home/travis/build/icyphy/ptII/ptolemy/actor/lib/test/auto/ScaleArray2.xml (RunModel)" time="0.008" />
  <testcase classname="ptolemy.util.test.junit.AutoTests" name="[328] /home/travis/build/icyphy/ptII/ptolemy/actor/lib/test/auto/ScaleMatrix.xml (RunModel)" time="0.108" />
  <testcase classname="ptolemy.util.test.junit.AutoTests" name="[329] /home/travis/build/icyphy/ptII/ptolemy/actor/lib/test/auto/Select.xml (RunModel)" time="0.013" />
  <testcase classname="ptolemy.util.test.junit.AutoTests" name="[330] /home/travis/build/icyphy/ptII/ptolemy/actor/lib/test/auto/Select2.xml (RunModel)" time="0.008" />
  <testcase classname="ptolemy.util.test.junit.AutoTests" name="[331] /home/travis/build/icyphy/ptII/ptolemy/actor/lib/test/auto/SequenceToArray2.xml (RunModel)" time="0.113" />
  <testcase classname="ptolemy.util.test.junit.AutoTests" name="[332] /home/travis/build/icyphy/ptII/ptolemy/actor/lib/test/auto/SequentialClock.xml (RunModel)" time="0.009" />
  <testcase classname="ptolemy.util.test.junit.AutoTests" name="[333] /home/travis/build/icyphy/ptII/ptolemy/actor/lib/test/auto/SetVariable.xml (RunModel)" time="0.011" />
  <testcase classname="ptolemy.util.test.junit.AutoTests" name="[334] /home/travis/build/icyphy/ptII/ptolemy/actor/lib/test/auto/SetVariable2.xml (RunModel)" time="0.012" />
  <testcase classname="ptolemy.util.test.junit.AutoTests" name="[335] /home/travis/build/icyphy/ptII/ptolemy/actor/lib/test/auto/SetVariable3.xml (RunModel)" time="0.013" />
  <testcase classname="ptolemy.util.test.junit.AutoTests" name="[336] /home/travis/build/icyphy/ptII/ptolemy/actor/lib/test/auto/SetVariable4.xml (RunModel)" time="0.029" />
  <testcase classname="ptolemy.util.test.junit.AutoTests" name="[337] /home/travis/build/icyphy/ptII/ptolemy/actor/lib/test/auto/SetVariable5.xml (RunModel)" time="0.043" />
  <testcase classname="ptolemy.util.test.junit.AutoTests" name="[338] /home/travis/build/icyphy/ptII/ptolemy/actor/lib/test/auto/Sinewave.xml (RunModel)" time="0.026" />
  <testcase classname="ptolemy.util.test.junit.AutoTests" name="[339] /home/travis/build/icyphy/ptII/ptolemy/actor/lib/test/auto/Sinewave2.xml (RunModel)" time="0.014" />
  <testcase classname="ptolemy.util.test.junit.AutoTests" name="[340] /home/travis/build/icyphy/ptII/ptolemy/actor/lib/test/auto/Sinewave3.xml (RunModel)" time="0.021" />
  <testcase classname="ptolemy.util.test.junit.AutoTests" name="[341] /home/travis/build/icyphy/ptII/ptolemy/actor/lib/test/auto/SingleEvent.xml (RunModel)" time="0.014" />
  <testcase classname="ptolemy.util.test.junit.AutoTests" name="[342] /home/travis/build/icyphy/ptII/ptolemy/actor/lib/test/auto/Sleep.xml (RunModel)" time="6.023" />
  <testcase classname="ptolemy.util.test.junit.AutoTests" name="[343] /home/travis/build/icyphy/ptII/ptolemy/actor/lib/test/auto/SleepMultipleFire.xml (RunModel)" time="1.016" />
  <testcase classname="ptolemy.util.test.junit.AutoTests" name="[344] /home/travis/build/icyphy/ptII/ptolemy/actor/lib/test/auto/StopDE.xml (RunModel)" time="0.017" />
  <testcase classname="ptolemy.util.test.junit.AutoTests" name="[345] /home/travis/build/icyphy/ptII/ptolemy/actor/lib/test/auto/StopSDF.xml (RunModel)" time="0.01" />
  <testcase classname="ptolemy.util.test.junit.AutoTests" name="[346] /home/travis/build/icyphy/ptII/ptolemy/actor/lib/test/auto/StringConstant.xml (RunModel)" time="0.011" />
  <testcase classname="ptolemy.util.test.junit.AutoTests" name="[347] /home/travis/build/icyphy/ptII/ptolemy/actor/lib/test/auto/SubscriberPortInitialValues1.xml (RunModel)" time="0.021" />
  <testcase classname="ptolemy.util.test.junit.AutoTests" name="[348] /home/travis/build/icyphy/ptII/ptolemy/actor/lib/test/auto/SubscriberPortInitialValues13.xml (RunModel)" time="0.027" />
  <testcase classname="ptolemy.util.test.junit.AutoTests" name="[349] /home/travis/build/icyphy/ptII/ptolemy/actor/lib/test/auto/SubscriberPortInitialValues14.xml (RunModel)" time="0.014" />
  <testcase classname="ptolemy.util.test.junit.AutoTests" name="[350] /home/travis/build/icyphy/ptII/ptolemy/actor/lib/test/auto/SubscriberPortInitialValues2.xml (RunModel)" time="0.014" />
  <testcase classname="ptolemy.util.test.junit.AutoTests" name="[351] /home/travis/build/icyphy/ptII/ptolemy/actor/lib/test/auto/SubscriberPortInitialValues3.xml (RunModel)" time="0.019" />
  <testcase classname="ptolemy.util.test.junit.AutoTests" name="[352] /home/travis/build/icyphy/ptII/ptolemy/actor/lib/test/auto/SubscriptionAggregator.xml (RunModel)" time="0.01" />
  <testcase classname="ptolemy.util.test.junit.AutoTests" name="[353] /home/travis/build/icyphy/ptII/ptolemy/actor/lib/test/auto/SubscriptionAggregator2.xml (RunModel)" time="0.015" />
  <testcase classname="ptolemy.util.test.junit.AutoTests" name="[354] /home/travis/build/icyphy/ptII/ptolemy/actor/lib/test/auto/SubscriptionAggregator3.xml (RunModel)" time="0.015" />
  <testcase classname="ptolemy.util.test.junit.AutoTests" name="[355] /home/travis/build/icyphy/ptII/ptolemy/actor/lib/test/auto/SubscriptionAggregatorMultiply.xml (RunModel)" time="0.017" />
  <testcase classname="ptolemy.util.test.junit.AutoTests" name="[356] /home/travis/build/icyphy/ptII/ptolemy/actor/lib/test/auto/SubscriptionAggregatorPortMultiply1.xml (RunModel)" time="0.012" />
  <testcase classname="ptolemy.util.test.junit.AutoTests" name="[357] /home/travis/build/icyphy/ptII/ptolemy/actor/lib/test/auto/Switch.xml (RunModel)" time="0.014" />
  <testcase classname="ptolemy.util.test.junit.AutoTests" name="[358] /home/travis/build/icyphy/ptII/ptolemy/actor/lib/test/auto/Switch2.xml (RunModel)" time="0.009" />
  <testcase classname="ptolemy.util.test.junit.AutoTests" name="[359] /home/travis/build/icyphy/ptII/ptolemy/actor/lib/test/auto/SwitchDE.xml (RunModel)" time="0.013" />
  <testcase classname="ptolemy.util.test.junit.AutoTests" name="[360] /home/travis/build/icyphy/ptII/ptolemy/actor/lib/test/auto/SynchronizerDE.xml (RunModel)" time="0.024" />
  <testcase classname="ptolemy.util.test.junit.AutoTests" name="[361] /home/travis/build/icyphy/ptII/ptolemy/actor/lib/test/auto/Test.xml (RunModel)" time="0.015" />
  <testcase classname="ptolemy.util.test.junit.AutoTests" name="[362] /home/travis/build/icyphy/ptII/ptolemy/actor/lib/test/auto/TestExceptionAttribute1.xml (RunModel)" time="0.009" />
  <testcase classname="ptolemy.util.test.junit.AutoTests" name="[363] /home/travis/build/icyphy/ptII/ptolemy/actor/lib/test/auto/TestExceptionAttribute2.xml (RunModel)" time="0.005" />
  <testcase classname="ptolemy.util.test.junit.AutoTests" name="[364] /home/travis/build/icyphy/ptII/ptolemy/actor/lib/test/auto/TestExceptionAttribute3.xml (RunModel)" time="0.007" />
  <testcase classname="ptolemy.util.test.junit.AutoTests" name="[365] /home/travis/build/icyphy/ptII/ptolemy/actor/lib/test/auto/TestExceptionAttribute4.xml (RunModel)" time="0.006" />
  <testcase classname="ptolemy.util.test.junit.AutoTests" name="[366] /home/travis/build/icyphy/ptII/ptolemy/actor/lib/test/auto/TestExceptionHandler1.xml (RunModel)" time="0.005" />
  <testcase classname="ptolemy.util.test.junit.AutoTests" name="[367] /home/travis/build/icyphy/ptII/ptolemy/actor/lib/test/auto/TestExceptionHandler2.xml (RunModel)" time="0.006" />
  <testcase classname="ptolemy.util.test.junit.AutoTests" name="[368] /home/travis/build/icyphy/ptII/ptolemy/actor/lib/test/auto/TestExceptionHandler3.xml (RunModel)" time="0.013" />
  <testcase classname="ptolemy.util.test.junit.AutoTests" name="[369] /home/travis/build/icyphy/ptII/ptolemy/actor/lib/test/auto/TestExceptionHandler4.xml (RunModel)" time="0.005" />
  <testcase classname="ptolemy.util.test.junit.AutoTests" name="[370] /home/travis/build/icyphy/ptII/ptolemy/actor/lib/test/auto/TestRequireCorrectOrder.xml (RunModel)" time="0.008" />
  <testcase classname="ptolemy.util.test.junit.AutoTests" name="[371] /home/travis/build/icyphy/ptII/ptolemy/actor/lib/test/auto/TestSimple.xml (RunModel)" time="0.005" />
  <testcase classname="ptolemy.util.test.junit.AutoTests" name="[372] /home/travis/build/icyphy/ptII/ptolemy/actor/lib/test/auto/ThrowModelError.xml (RunModel)" time="0.009" />
  <testcase classname="ptolemy.util.test.junit.AutoTests" name="[373] /home/travis/build/icyphy/ptII/ptolemy/actor/lib/test/auto/TimeDelayMicrosteps.xml (RunModel)" time="0.013" />
  <testcase classname="ptolemy.util.test.junit.AutoTests" name="[374] /home/travis/build/icyphy/ptII/ptolemy/actor/lib/test/auto/TimeDelayMicrosteps2.xml (RunModel)" time="0.014" />
  <testcase classname="ptolemy.util.test.junit.AutoTests" name="[375] /home/travis/build/icyphy/ptII/ptolemy/actor/lib/test/auto/TimeDelayMicrosteps3.xml (RunModel)" time="0.011" />
  <testcase classname="ptolemy.util.test.junit.AutoTests" name="[376] /home/travis/build/icyphy/ptII/ptolemy/actor/lib/test/auto/TimeDelayVariableMicrosteps.xml (RunModel)" time="0.01" />
  <testcase classname="ptolemy.util.test.junit.AutoTests" name="[377] /home/travis/build/icyphy/ptII/ptolemy/actor/lib/test/auto/TimeGap.xml (RunModel)" time="0.033" />
  <testcase classname="ptolemy.util.test.junit.AutoTests" name="[378] /home/travis/build/icyphy/ptII/ptolemy/actor/lib/test/auto/TimeGap2.xml (RunModel)" time="0.019" />
  <testcase classname="ptolemy.util.test.junit.AutoTests" name="[379] /home/travis/build/icyphy/ptII/ptolemy/actor/lib/test/auto/TimedSinewave.xml (RunModel)" time="0.052" />
  <testcase classname="ptolemy.util.test.junit.AutoTests" name="[380] /home/travis/build/icyphy/ptII/ptolemy/actor/lib/test/auto/TimedSinewavePhase.xml (RunModel)" time="0.032" />
  <testcase classname="ptolemy.util.test.junit.AutoTests" name="[381] /home/travis/build/icyphy/ptII/ptolemy/actor/lib/test/auto/Timer.xml (RunModel)" time="0.028" />
  <testcase classname="ptolemy.util.test.junit.AutoTests" name="[382] /home/travis/build/icyphy/ptII/ptolemy/actor/lib/test/auto/TriangularDistTestModel.xml (RunModel)" time="0.018" />
  <testcase classname="ptolemy.util.test.junit.AutoTests" name="[383] /home/travis/build/icyphy/ptII/ptolemy/actor/lib/test/auto/TrigFunction.xml (RunModel)" time="0.009" />
  <testcase classname="ptolemy.util.test.junit.AutoTests" name="[384] /home/travis/build/icyphy/ptII/ptolemy/actor/lib/test/auto/TrigFunctionDE.xml (RunModel)" time="0.01" />
  <testcase classname="ptolemy.util.test.junit.AutoTests" name="[385] /home/travis/build/icyphy/ptII/ptolemy/actor/lib/test/auto/TrigFunctionInverse.xml (RunModel)" time="0.008" />
  <testcase classname="ptolemy.util.test.junit.AutoTests" name="[386] /home/travis/build/icyphy/ptII/ptolemy/actor/lib/test/auto/TrigFunctionTan.xml (RunModel)" time="0.006" />
  <testcase classname="ptolemy.util.test.junit.AutoTests" name="[387] /home/travis/build/icyphy/ptII/ptolemy/actor/lib/test/auto/TriggeredClock.xml (RunModel)" time="0.008" />
  <testcase classname="ptolemy.util.test.junit.AutoTests" name="[388] /home/travis/build/icyphy/ptII/ptolemy/actor/lib/test/auto/URLDirectoryReader.xml (RunModel)" time="0.099" />
  <testcase classname="ptolemy.util.test.junit.AutoTests" name="[389] /home/travis/build/icyphy/ptII/ptolemy/actor/lib/test/auto/URLDirectoryReader3.xml (RunModel)" time="1.431" />
  <testcase classname="ptolemy.util.test.junit.AutoTests" name="[390] /home/travis/build/icyphy/ptII/ptolemy/actor/lib/test/auto/UnaryMathFunction.xml (RunModel)" time="0.018" />
  <testcase classname="ptolemy.util.test.junit.AutoTests" name="[391] /home/travis/build/icyphy/ptII/ptolemy/actor/lib/test/auto/Uniform.xml (RunModel)" time="0.01" />
  <testcase classname="ptolemy.util.test.junit.AutoTests" name="[392] /home/travis/build/icyphy/ptII/ptolemy/actor/lib/test/auto/UnionDisassemblerTest.xml (RunModel)" time="0.007" />
  <testcase classname="ptolemy.util.test.junit.AutoTests" name="[393] /home/travis/build/icyphy/ptII/ptolemy/actor/lib/test/auto/UtilityFunctions.xml (RunModel)" time="0.006" />
  <testcase classname="ptolemy.util.test.junit.AutoTests" name="[394] /home/travis/build/icyphy/ptII/ptolemy/actor/lib/test/auto/VariableSleep.xml (RunModel)" time="0.512" />
  <testcase classname="ptolemy.util.test.junit.AutoTests" name="[395] /home/travis/build/icyphy/ptII/ptolemy/actor/lib/test/auto/VectorAssemblerDisassemblerCT.xml (RunModel)" time="0.135" />
  <testcase classname="ptolemy.util.test.junit.AutoTests" name="[396] /home/travis/build/icyphy/ptII/ptolemy/actor/lib/test/auto/VectorAssemblerDisassemblerDE.xml (RunModel)" time="0.035" />
  <testcase classname="ptolemy.util.test.junit.AutoTests" name="[397] /home/travis/build/icyphy/ptII/ptolemy/actor/lib/test/auto/VectorAssemblerDisassemblerSDF.xml (RunModel)" time="0.013" />
  <testcase classname="ptolemy.util.test.junit.AutoTests" name="[398] /home/travis/build/icyphy/ptII/ptolemy/actor/lib/test/auto/WallClockTime.xml (RunModel)" time="1.014" />
  <testcase classname="ptolemy.util.test.junit.AutoTests" name="[399] /home/travis/build/icyphy/ptII/ptolemy/actor/lib/test/auto/WidthTestWithSubscriberPublisher.xml (RunModel)" time="0.06" />
  <testcase classname="ptolemy.util.test.junit.AutoTests" name="[400] /home/travis/build/icyphy/ptII/ptolemy/actor/lib/test/auto/WidthTestWithSubscriberPublisher2.xml (RunModel)" time="0.013" />
  <testcase classname="ptolemy.util.test.junit.AutoTests" name="[401] /home/travis/build/icyphy/ptII/ptolemy/actor/lib/test/auto/WidthTestWithSubscriberPublisher3.xml (RunModel)" time="0.019" />
  <testcase classname="ptolemy.util.test.junit.AutoTests" name="[402] /home/travis/build/icyphy/ptII/ptolemy/actor/lib/test/auto/Writer.xml (RunModel)" time="0.007" />
  <testcase classname="ptolemy.util.test.junit.AutoTests" name="[403] /home/travis/build/icyphy/ptII/ptolemy/actor/lib/test/auto/array.xml (RunModel)" time="0.011" />
  <testcase classname="ptolemy.util.test.junit.AutoTests" name="[404] /home/travis/build/icyphy/ptII/ptolemy/actor/lib/test/auto/array2.xml (RunModel)" time="0.009" />
  <testcase classname="ptolemy.util.test.junit.AutoTests" name="[405] /home/travis/build/icyphy/ptII/ptolemy/actor/lib/test/auto/arrayType.xml (RunModel)" time="0.009" />
  <testcase classname="ptolemy.util.test.junit.AutoTests" name="[406] /home/travis/build/icyphy/ptII/ptolemy/actor/lib/test/auto/arrayType10.xml (RunModel)" time="0.007" />
  <testcase classname="ptolemy.util.test.junit.AutoTests" name="[407] /home/travis/build/icyphy/ptII/ptolemy/actor/lib/test/auto/arrayType11.xml (RunModel)" time="0.007" />
  <testcase classname="ptolemy.util.test.junit.AutoTests" name="[408] /home/travis/build/icyphy/ptII/ptolemy/actor/lib/test/auto/arrayType12.xml (RunModel)" time="0.01" />
  <testcase classname="ptolemy.util.test.junit.AutoTests" name="[409] /home/travis/build/icyphy/ptII/ptolemy/actor/lib/test/auto/arrayType13.xml (RunModel)" time="0.007" />
  <testcase classname="ptolemy.util.test.junit.AutoTests" name="[410] /home/travis/build/icyphy/ptII/ptolemy/actor/lib/test/auto/arrayType14.xml (RunModel)" time="0.009" />
  <testcase classname="ptolemy.util.test.junit.AutoTests" name="[411] /home/travis/build/icyphy/ptII/ptolemy/actor/lib/test/auto/arrayType15.xml (RunModel)" time="0.008" />
  <testcase classname="ptolemy.util.test.junit.AutoTests" name="[412] /home/travis/build/icyphy/ptII/ptolemy/actor/lib/test/auto/arrayType16.xml (RunModel)" time="0.01" />
  <testcase classname="ptolemy.util.test.junit.AutoTests" name="[413] /home/travis/build/icyphy/ptII/ptolemy/actor/lib/test/auto/arrayType17.xml (RunModel)" time="0.009" />
  <testcase classname="ptolemy.util.test.junit.AutoTests" name="[414] /home/travis/build/icyphy/ptII/ptolemy/actor/lib/test/auto/arrayType18.xml (RunModel)" time="0.009" />
  <testcase classname="ptolemy.util.test.junit.AutoTests" name="[415] /home/travis/build/icyphy/ptII/ptolemy/actor/lib/test/auto/arrayType19.xml (RunModel)" time="0.009" />
  <testcase classname="ptolemy.util.test.junit.AutoTests" name="[416] /home/travis/build/icyphy/ptII/ptolemy/actor/lib/test/auto/arrayType2.xml (RunModel)" time="0.011" />
  <testcase classname="ptolemy.util.test.junit.AutoTests" name="[417] /home/travis/build/icyphy/ptII/ptolemy/actor/lib/test/auto/arrayType20.xml (RunModel)" time="0.012" />
  <testcase classname="ptolemy.util.test.junit.AutoTests" name="[418] /home/travis/build/icyphy/ptII/ptolemy/actor/lib/test/auto/arrayType21.xml (RunModel)" time="0.01" />
  <testcase classname="ptolemy.util.test.junit.AutoTests" name="[419] /home/travis/build/icyphy/ptII/ptolemy/actor/lib/test/auto/arrayType22.xml (RunModel)" time="0.009" />
  <testcase classname="ptolemy.util.test.junit.AutoTests" name="[420] /home/travis/build/icyphy/ptII/ptolemy/actor/lib/test/auto/arrayType23.xml (RunModel)" time="0.011" />
  <testcase classname="ptolemy.util.test.junit.AutoTests" name="[421] /home/travis/build/icyphy/ptII/ptolemy/actor/lib/test/auto/arrayType24.xml (RunModel)" time="0.014" />
  <testcase classname="ptolemy.util.test.junit.AutoTests" name="[422] /home/travis/build/icyphy/ptII/ptolemy/actor/lib/test/auto/arrayType25.xml (RunModel)" time="0.008" />
  <testcase classname="ptolemy.util.test.junit.AutoTests" name="[423] /home/travis/build/icyphy/ptII/ptolemy/actor/lib/test/auto/arrayType26.xml (RunModel)" time="0.008" />
  <testcase classname="ptolemy.util.test.junit.AutoTests" name="[424] /home/travis/build/icyphy/ptII/ptolemy/actor/lib/test/auto/arrayType27.xml (RunModel)" time="0.008" />
  <testcase classname="ptolemy.util.test.junit.AutoTests" name="[425] /home/travis/build/icyphy/ptII/ptolemy/actor/lib/test/auto/arrayType28.xml (RunModel)" time="0.008" />
  <testcase classname="ptolemy.util.test.junit.AutoTests" name="[426] /home/travis/build/icyphy/ptII/ptolemy/actor/lib/test/auto/arrayType3.xml (RunModel)" time="0.008" />
  <testcase classname="ptolemy.util.test.junit.AutoTests" name="[427] /home/travis/build/icyphy/ptII/ptolemy/actor/lib/test/auto/arrayType4.xml (RunModel)" time="0.008" />
  <testcase classname="ptolemy.util.test.junit.AutoTests" name="[428] /home/travis/build/icyphy/ptII/ptolemy/actor/lib/test/auto/arrayType5.xml (RunModel)" time="0.01" />
  <testcase classname="ptolemy.util.test.junit.AutoTests" name="[429] /home/travis/build/icyphy/ptII/ptolemy/actor/lib/test/auto/arrayType6.xml (RunModel)" time="0.008" />
  <testcase classname="ptolemy.util.test.junit.AutoTests" name="[430] /home/travis/build/icyphy/ptII/ptolemy/actor/lib/test/auto/arrayType7.xml (RunModel)" time="0.008" />
  <testcase classname="ptolemy.util.test.junit.AutoTests" name="[431] /home/travis/build/icyphy/ptII/ptolemy/actor/lib/test/auto/arrayType8.xml (RunModel)" time="0.009" />
  <testcase classname="ptolemy.util.test.junit.AutoTests" name="[432] /home/travis/build/icyphy/ptII/ptolemy/actor/lib/test/auto/arrayType9.xml (RunModel)" time="0.007" />
  <testcase classname="ptolemy.util.test.junit.AutoTests" name="[433] /home/travis/build/icyphy/ptII/ptolemy/actor/lib/test/auto/cast.xml (RunModel)" time="0.008" />
  <testcase classname="ptolemy.util.test.junit.AutoTests" name="[434] /home/travis/build/icyphy/ptII/ptolemy/actor/lib/test/auto/compositeMultiPort.xml (RunModel)" time="0.016" />
  <testcase classname="ptolemy.util.test.junit.AutoTests" name="[435] /home/travis/build/icyphy/ptII/ptolemy/actor/lib/test/auto/expressionCastInference.xml (RunModel)" time="0.008" />
  <testcase classname="ptolemy.util.test.junit.AutoTests" name="[436] /home/travis/build/icyphy/ptII/ptolemy/actor/lib/test/auto/expressionCastInference2.xml (RunModel)" time="0.007" />
  <testcase classname="ptolemy.util.test.junit.AutoTests" name="[437] /home/travis/build/icyphy/ptII/ptolemy/actor/lib/test/auto/expressionInference.xml (RunModel)" time="0.006" />
  <testcase classname="ptolemy.util.test.junit.AutoTests" name="[438] /home/travis/build/icyphy/ptII/ptolemy/actor/lib/test/auto/expression_bug.xml (RunModel)" time="0.006" />
  <testcase classname="ptolemy.util.test.junit.AutoTests" name="[439] /home/travis/build/icyphy/ptII/ptolemy/actor/lib/test/auto/factorial.xml (RunModel)" time="0.045" />
  <testcase classname="ptolemy.util.test.junit.AutoTests" name="[440] /home/travis/build/icyphy/ptII/ptolemy/actor/lib/test/auto/filterTest1.xml (RunModel)" time="0.012" />
  <testcase classname="ptolemy.util.test.junit.AutoTests" name="[441] /home/travis/build/icyphy/ptII/ptolemy/actor/lib/test/auto/funcApplyInConst.xml (RunModel)" time="0.005" />
  <testcase classname="ptolemy.util.test.junit.AutoTests" name="[442] /home/travis/build/icyphy/ptII/ptolemy/actor/lib/test/auto/funcApplyInExpr.xml (RunModel)" time="0.007" />
  <testcase classname="ptolemy.util.test.junit.AutoTests" name="[443] /home/travis/build/icyphy/ptII/ptolemy/actor/lib/test/auto/function.xml (RunModel)" time="0.009" />
  <testcase classname="ptolemy.util.test.junit.AutoTests" name="[444] /home/travis/build/icyphy/ptII/ptolemy/actor/lib/test/auto/function2.xml (RunModel)" time="0.009" />
  <testcase classname="ptolemy.util.test.junit.AutoTests" name="[445] /home/travis/build/icyphy/ptII/ptolemy/actor/lib/test/auto/function3.xml (RunModel)" time="0.006" />
  <testcase classname="ptolemy.util.test.junit.AutoTests" name="[446] /home/travis/build/icyphy/ptII/ptolemy/actor/lib/test/auto/functionClosureTest1.xml (RunModel)" time="0.009" />
  <testcase classname="ptolemy.util.test.junit.AutoTests" name="[447] /home/travis/build/icyphy/ptII/ptolemy/actor/lib/test/auto/functionClosureTest2.xml (RunModel)" time="0.006" />
  <testcase classname="ptolemy.util.test.junit.AutoTests" name="[448] /home/travis/build/icyphy/ptII/ptolemy/actor/lib/test/auto/functionClosureTest3.xml (RunModel)" time="0.014" />
  <testcase classname="ptolemy.util.test.junit.AutoTests" name="[449] /home/travis/build/icyphy/ptII/ptolemy/actor/lib/test/auto/functionClosureTest4.xml (RunModel)" time="0.012" />
  <testcase classname="ptolemy.util.test.junit.AutoTests" name="[450] /home/travis/build/icyphy/ptII/ptolemy/actor/lib/test/auto/functionClosureTest5.xml (RunModel)" time="0.011" />
  <testcase classname="ptolemy.util.test.junit.AutoTests" name="[451] /home/travis/build/icyphy/ptII/ptolemy/actor/lib/test/auto/functionClosureTest6.xml (RunModel)" time="0.007" />
  <testcase classname="ptolemy.util.test.junit.AutoTests" name="[452] /home/travis/build/icyphy/ptII/ptolemy/actor/lib/test/auto/functionsOnArcs.xml (RunModel)" time="0.01" />
  <testcase classname="ptolemy.util.test.junit.AutoTests" name="[453] /home/travis/build/icyphy/ptII/ptolemy/actor/lib/test/auto/functionsOnArcsHOF.xml (RunModel)" time="0.011" />
  <testcase classname="ptolemy.util.test.junit.AutoTests" name="[454] /home/travis/build/icyphy/ptII/ptolemy/actor/lib/test/auto/logic.xml (RunModel)" time="0.015" />
  <testcase classname="ptolemy.util.test.junit.AutoTests" name="[455] /home/travis/build/icyphy/ptII/ptolemy/actor/lib/test/auto/matrixType.xml (RunModel)" time="0.009" />
  <testcase classname="ptolemy.util.test.junit.AutoTests" name="[456] /home/travis/build/icyphy/ptII/ptolemy/actor/lib/test/auto/matrixType10.xml (RunModel)" time="0.008" />
  <testcase classname="ptolemy.util.test.junit.AutoTests" name="[457] /home/travis/build/icyphy/ptII/ptolemy/actor/lib/test/auto/matrixType11.xml (RunModel)" time="0.008" />
  <testcase classname="ptolemy.util.test.junit.AutoTests" name="[458] /home/travis/build/icyphy/ptII/ptolemy/actor/lib/test/auto/matrixType12.xml (RunModel)" time="0.008" />
  <testcase classname="ptolemy.util.test.junit.AutoTests" name="[459] /home/travis/build/icyphy/ptII/ptolemy/actor/lib/test/auto/matrixType13.xml (RunModel)" time="0.008" />
  <testcase classname="ptolemy.util.test.junit.AutoTests" name="[460] /home/travis/build/icyphy/ptII/ptolemy/actor/lib/test/auto/matrixType14.xml (RunModel)" time="0.008" />
  <testcase classname="ptolemy.util.test.junit.AutoTests" name="[461] /home/travis/build/icyphy/ptII/ptolemy/actor/lib/test/auto/matrixType2.xml (RunModel)" time="0.008" />
  <testcase classname="ptolemy.util.test.junit.AutoTests" name="[462] /home/travis/build/icyphy/ptII/ptolemy/actor/lib/test/auto/matrixType3.xml (RunModel)" time="0.008" />
  <testcase classname="ptolemy.util.test.junit.AutoTests" name="[463] /home/travis/build/icyphy/ptII/ptolemy/actor/lib/test/auto/matrixType4.xml (RunModel)" time="0.007" />
  <testcase classname="ptolemy.util.test.junit.AutoTests" name="[464] /home/travis/build/icyphy/ptII/ptolemy/actor/lib/test/auto/matrixType5.xml (RunModel)" time="0.008" />
  <testcase classname="ptolemy.util.test.junit.AutoTests" name="[465] /home/travis/build/icyphy/ptII/ptolemy/actor/lib/test/auto/matrixType6.xml (RunModel)" time="0.007" />
  <testcase classname="ptolemy.util.test.junit.AutoTests" name="[466] /home/travis/build/icyphy/ptII/ptolemy/actor/lib/test/auto/matrixType7.xml (RunModel)" time="0.008" />
  <testcase classname="ptolemy.util.test.junit.AutoTests" name="[467] /home/travis/build/icyphy/ptII/ptolemy/actor/lib/test/auto/matrixType8.xml (RunModel)" time="0.008" />
  <testcase classname="ptolemy.util.test.junit.AutoTests" name="[468] /home/travis/build/icyphy/ptII/ptolemy/actor/lib/test/auto/matrixType9.xml (RunModel)" time="0.008" />
  <testcase classname="ptolemy.util.test.junit.AutoTests" name="[469] /home/travis/build/icyphy/ptII/ptolemy/actor/lib/test/auto/paraFunctest.xml (RunModel)" time="0.006" />
  <testcase classname="ptolemy.util.test.junit.AutoTests" name="[470] /home/travis/build/icyphy/ptII/ptolemy/actor/lib/test/auto/paraFunctest2.xml (RunModel)" time="0.006" />
  <testcase classname="ptolemy.util.test.junit.AutoTests" name="[471] /home/travis/build/icyphy/ptII/ptolemy/actor/lib/test/auto/parameterPassing.xml (RunModel)" time="0.007" />
  <testcase classname="ptolemy.util.test.junit.AutoTests" name="[472] /home/travis/build/icyphy/ptII/ptolemy/actor/lib/test/auto/record.xml (RunModel)" time="0.008" />
  <testcase classname="ptolemy.util.test.junit.AutoTests" name="[473] /home/travis/build/icyphy/ptII/ptolemy/actor/lib/test/auto/sizedarray1.xml (RunModel)" time="0.009" />
  <testcase classname="ptolemy.util.test.junit.AutoTests" name="[474] /home/travis/build/icyphy/ptII/ptolemy/actor/lib/test/auto/sizedarray2.xml (RunModel)" time="0.008" />
  <testcase classname="ptolemy.util.test.junit.AutoTests" name="[475] /home/travis/build/icyphy/ptII/ptolemy/actor/lib/test/auto/twoPublishers.xml (RunModel)" time="0.017" />
  <system-out><![CDATA[/home/travis/build/icyphy/ptII/ptolemy/actor/lib/test/AbsoluteValue.tcl
testDefs.tcl: setting time out to 9000 seconds at Mon Jul 02 01:27:08 UTC 2018
70 ms. Memory: 116224K Free: 106757K (92%)
4 ms. Memory: 116224K Free: 105554K (91%)
3 ms. Memory: 116224K Free: 104962K (90%)
4 ms. Memory: 116224K Free: 103783K (89%)
/home/travis/build/icyphy/ptII/ptolemy/actor/lib/test/AddSubtract.tcl
8 ms. Memory: 116224K Free: 101990K (88%)
5 ms. Memory: 116224K Free: 100787K (87%)
5 ms. Memory: 116224K Free: 100197K (86%)
6 ms. Memory: 116224K Free: 99608K (86%)
6 ms. Memory: 116224K Free: 98978K (85%)
4 ms. Memory: 116224K Free: 97799K (84%)
/home/travis/build/icyphy/ptII/ptolemy/actor/lib/test/Average.tcl
16 ms. Memory: 116224K Free: 96604K (83%)
5 ms. Memory: 116224K Free: 94811K (82%)
/home/travis/build/icyphy/ptII/ptolemy/actor/lib/test/Bernoulli.tcl
9 ms. Memory: 116224K Free: 93584K (81%)
2 ms. Memory: 116224K Free: 92995K (80%)
/home/travis/build/icyphy/ptII/ptolemy/actor/lib/test/Clock.tcl
preinitializing
resolving types
initializing
executing number 1
wrapping up
idle
18 ms. Memory: 116224K Free: 90621K (78%)
Completed execution with 5 iterations
preinitializing
resolving types
initializing
executing number 1
wrapping up
idle
3 ms. Memory: 116224K Free: 90031K (77%)
Completed execution with 5 iterations
preinitializing
resolving types
initializing
executing number 1
wrapping up
idle
6 ms. Memory: 116224K Free: 89442K (77%)
Completed execution with 5 iterations
/home/travis/build/icyphy/ptII/ptolemy/actor/lib/test/Commutator.tcl
5 ms. Memory: 116224K Free: 87028K (75%)
5 ms. Memory: 116224K Free: 86398K (74%)
10 ms. Memory: 116224K Free: 81610K (70%)
/home/travis/build/icyphy/ptII/ptolemy/actor/lib/test/Const.tcl
11 ms. Memory: 146944K Free: 138762K (94%)
3 ms. Memory: 146944K Free: 137549K (94%)
6 ms. Memory: 146944K Free: 137549K (94%)
2 ms. Memory: 146944K Free: 136337K (93%)
1 ms. Memory: 146944K Free: 136337K (93%)
22 ms. Memory: 146944K Free: 133944K (91%)
8 ms. Memory: 146944K Free: 132748K (90%)
2 ms. Memory: 146944K Free: 132748K (90%)
/home/travis/build/icyphy/ptII/ptolemy/actor/lib/test/CurrentTime.tcl
preinitializing
resolving types
initializing
executing number 1
wrapping up
idle
7 ms. Memory: 146944K Free: 130339K (89%)
Completed execution with 11 iterations
/home/travis/build/icyphy/ptII/ptolemy/actor/lib/test/DB.tcl
8 ms. Memory: 146944K Free: 129143K (88%)
4 ms. Memory: 146944K Free: 127946K (87%)
2 ms. Memory: 146944K Free: 127946K (87%)
/home/travis/build/icyphy/ptII/ptolemy/actor/lib/test/DiscreteRandomSource.tcl
preinitializing
resolving types
initializing
executing number 1
wrapping up
idle
12 ms. Memory: 146944K Free: 126750K (86%)
Completed execution with 4 iterations
preinitializing
resolving types
initializing
executing number 1
wrapping up
idle
2 ms. Memory: 146944K Free: 125553K (85%)
Completed execution with 4 iterations
preinitializing
resolving types
initializing
executing number 1
wrapping up
idle
10 ms. Memory: 146944K Free: 125553K (85%)
Completed execution with 4 iterations
preinitializing
resolving types
initializing
executing number 1
wrapping up
idle
3 ms. Memory: 146944K Free: 124341K (85%)
Completed execution with 4 iterations
preinitializing
resolving types
initializing
executing number 1
wrapping up
idle
11 ms. Memory: 146944K Free: 124341K (85%)
Completed execution with 4 iterations
/home/travis/build/icyphy/ptII/ptolemy/actor/lib/test/Distributor.tcl
4 ms. Memory: 146944K Free: 123145K (84%)
8 ms. Memory: 146944K Free: 121948K (83%)
StreamChangeRequest.changeExecuted(): <deleteEntity name="rec2"/> succeeded
StreamChangeRequest.changeExecuted(): <deleteRelation name="r2"/> succeeded
StreamChangeRequest.changeExecuted(): Record firings per iteration succeeded
4 ms. Memory: 146944K Free: 119539K (81%)
/home/travis/build/icyphy/ptII/ptolemy/actor/lib/test/Exit.tcl
Exit.tcl: this will print a message about Manager.exitAfterWrapup, which can be ignored.
5 ms. Memory: 146944K Free: 116532K (79%)
/home/travis/build/icyphy/ptII/ptolemy/actor/lib/test/Expression.tcl
8 ms. Memory: 146944K Free: 112895K (77%)
7 ms. Memory: 146944K Free: 112895K (77%)
3 ms. Memory: 146944K Free: 111697K (76%)
preinitializing
resolving types
initializing
executing number 1
wrapping up
idle
10 ms. Memory: 146944K Free: 110485K (75%)
Completed execution with 6 iterations
8 ms. Memory: 146944K Free: 109273K (74%)
2 ms. Memory: 146944K Free: 108060K (74%)
13 ms. Memory: 146944K Free: 106848K (73%)
3 ms. Memory: 146944K Free: 105635K (72%)
7 ms. Memory: 146944K Free: 104439K (71%)
/home/travis/build/icyphy/ptII/ptolemy/actor/lib/test/Gaussian.tcl
3 ms. Memory: 146944K Free: 103227K (70%)
sleeping 1 seconds: .........................................................................................................................................................................................................................................................................................................................................................................................................................................................................................................................................................................................................................................................................................................................................................................................................................................................................................................................................................................................................................................................................................................................................................................................................................................................................................................................................................................................................................................................................................................................................................................................................................................................................................................................................................................................................................................................................................................................................................................................................................................................................................................................................................................................................................................................................................................................................................................................................................................................................................................................................................................................................................................................................................................................................................................................................................................................................................................................................................................................................................................................................................................................................................................................................................................................................................................................................................................................................................................................................................................................................................................................................................................................................................................................................................................................................................................................................................................................................................................................................................................................................................................................................................................................................................................................................................................................................................................................................................................................................................................................................................................................................................................................................................................................................................................................................................................................................................................................................................................................................................................................................................................................................................................................................................................................................................................................................................................................................................................................................................................................................................................................................................................................................................................................................................................................................................................................................................................................................................................................................................................................................................................................................................................................................................................................................................................................................................................................................................................................................................................................................................................................................................................................................................................................................................................................................................................................................................................................................................................................................................................................................................................................................................................................................................................................................................................................................................................................................................................................................................................................................................................................................................................................................................................................................................................................................................................................................................................................................................................................................................................................................................................................................................................................................................................................................................................................................................................................................................................................................................................................................................................................................................................................................................................................................................................................................................................................................................................................................................................................................................................................................................................................................................................................................................................................................................................................................................................................................................................................................................................................................................................................................................................................................................................................................................................................................................................................................................................................................................................................................................................................................................................................................................................................................................................................................................................................................................................................................................................................................................................................................................................................................................................................................................................................................................................................................................................................................................................................................................................................................................................................................................................................................................................................................................................................................................................................................................................................................................................................................................................................................................................................................................................................................................................................................................................................................................................................................................................................................................................................................................................................................................................................................................................................................................................................................................................................................................................................................................................................................................................................................................................................................................................................................................................................................................................................................................................................................................................................................................................................................................................................................................................................................................................................................................................................................................................................................................................................................................................................................................................................................................................................................................................................................................................................................................................................................................................................................................................................................................................................................................................................................................................................................................................................................................................................................................................................................................................................................................................................................................................................................................................................................................................................................................................................................................................................................................................................................................................................................................................................................................................................................................................................................................................................................................................................................................................................................................................................................................................................................................................................................................................................................................................................................................................................................................................................................................................................................................................................................................................................................................................................................................................................................................................................................................................................................................................................................................................................................................................................................................................................................................................................................................................................................................................................................................................................................................................................................................................................................................................................................................................................................................................................................................................................................................................................................................................................................................................................................................................................................................................................................................................................................................................................................................................................................................................................................................................................................................................................................................................................................................................................................................................................................................................................................................................................................................................................................................................................................................................................................................................................................................................................................................................................................................................................................................................................................................................................................................................................................................................................................................................................................................................................................................................................................................................................................................................................................................................................................................................................................................................................................................................................................................................................................................................................................................................................................................................................................................................................................................................................................................................................................................................................................................................................................................................................................................................................................................................................................................................................................................................................................................................................................................................................................................................................................................................................................................................................................................................................................................................................................................................................................................................................................................................................................................................................................................................................................................................................................................................................................................................................................................................................................................................................................................................................................................................................................................................................................................................................................................................................................................................................................................................................................................................................................................................................................................................................................................................................................................................................................................................................................................................................................................................................................................................................................................................................................................................................................................................................................................................................................................................................................................................................................................................................................................................................................................................................................................................................................................................................................................................................................................................................................................................................................................................................................................................................................................................................................................................................................................................................................................................................................................................................................................................................................................................................................................................................................................................................................................................................................................................................................................................................................................................................................................................................................................................................................................................................................................................................................................................................................................................................................................................................................................................................................................................................................................................................................................................................................................................................................................................................................................................................................................................................................................................................................................................................................................................................................................................................................................................................................................................................................................................................................................................................................................................................................................................................................................................................................................................................................................................................................................................................................................................................................................................................................................................................................................................................................................................................................................................................................................................................................................................................................................................................................................................................................................................................................................................................................................................................................................................................................................................................................................................................................................................................................................................................................................................................................................................................................................................................................................................................................................................................................................................................................................................................................................................................................................................................................................................................................................................................................................................................................................................................................................................................................................................................................................................................................................................................................................................................................................................................................................................................................................................................................................................................................................................................................................................................................................................................................................................................................................................................................................................................................................................................................................................................................................................................................................................................................................................................................................................................................................................................................................................................................................................................................................................................................................................................................................................................................................................................................................................................................................................................................................................................................................................................................................................................................................................................................................................................................................................................................................................................................................................................................................................................................................................................................................................................................................................................................................................................................................................................................................................................................................................................................................................................................................................................................................................................................................................................................................................................................................................................................................................................................................................................................................................................................................................................................................................................................................................................................................................................................................................................................................................................................................................................................................................................................................................................................................................................................................................................................................................................................................................................................................................................................................................................................................................................................................................................................................................................................................................................................................................2 ms. Memory: 208384K Free: 150828K (72%)
3 ms. Memory: 208384K Free: 148425K (71%)
2 ms. Memory: 208384K Free: 148425K (71%)
2 ms. Memory: 208384K Free: 148425K (71%)
2 ms. Memory: 208384K Free: 148425K (71%)
/home/travis/build/icyphy/ptII/ptolemy/actor/lib/test/IIR.tcl
/home/travis/build/icyphy/ptII/ptolemy/actor/lib/test/Interpolator.tcl
2 ms. Memory: 208384K Free: 143133K (69%)
2 ms. Memory: 208384K Free: 143133K (69%)
1 ms. Memory: 208384K Free: 143133K (69%)
2 ms. Memory: 208384K Free: 140747K (68%)
3 ms. Memory: 208384K Free: 140747K (68%)
2 ms. Memory: 208384K Free: 140747K (68%)
2 ms. Memory: 208384K Free: 138360K (66%)
6 ms. Memory: 208384K Free: 138360K (66%)
1 ms. Memory: 208384K Free: 138360K (66%)
2 ms. Memory: 208384K Free: 135974K (65%)
/home/travis/build/icyphy/ptII/ptolemy/actor/lib/test/MathFunction.tcl
6 ms. Memory: 208384K Free: 133587K (64%)
8 ms. Memory: 208384K Free: 133587K (64%)
2 ms. Memory: 208384K Free: 131201K (63%)
9 ms. Memory: 208384K Free: 131201K (63%)
4 ms. Memory: 208384K Free: 128814K (62%)
18 ms. Memory: 208384K Free: 128814K (62%)
/home/travis/build/icyphy/ptII/ptolemy/actor/lib/test/Maximum.tcl
4 ms. Memory: 208384K Free: 126428K (61%)
2 ms. Memory: 208384K Free: 124042K (60%)
2 ms. Memory: 208384K Free: 124042K (60%)
6 ms. Memory: 208384K Free: 124042K (60%)
/home/travis/build/icyphy/ptII/ptolemy/actor/lib/test/Minimum.tcl
9 ms. Memory: 208384K Free: 121655K (58%)
5 ms. Memory: 208384K Free: 121655K (58%)
2 ms. Memory: 208384K Free: 121655K (58%)
3 ms. Memory: 208384K Free: 119269K (57%)
/home/travis/build/icyphy/ptII/ptolemy/actor/lib/test/MultiplyDivide.tcl
8 ms. Memory: 208384K Free: 116883K (56%)
10 ms. Memory: 208384K Free: 116883K (56%)
2 ms. Memory: 208384K Free: 116883K (56%)
2 ms. Memory: 208384K Free: 116883K (56%)
7 ms. Memory: 208384K Free: 114496K (55%)
/home/travis/build/icyphy/ptII/ptolemy/actor/lib/test/OrderedMerge.tcl
Connections changed on port: inputA
Connections changed on port: inputB
Connections changed on port: output
Connections changed on port: output
Connections changed on port: output
Connections changed on port: input
.top. Preinitializing ...
Invoking preinitialize():  .top.OrderedMerge
Called preinitialize()
Invoking preinitialize():  .top.Ramp
Called preinitialize()
Invoking preinitialize():  .top.Ramp2
Called preinitialize()
Invoking preinitialize():  .top.Test
Called preinitialize()
Connections changed on port: inputA
Connections changed on port: output
Connections changed on port: inputB
Connections changed on port: output
Connections changed on port: output
Connections changed on port: input
.top. Finished preinitialize().
Called initialize().
Invoking initialize():  .top.OrderedMerge
Initializing actor: .top.OrderedMerge
Adding a thread: .top.OrderedMerge
Invoking initialize():  .top.Ramp
Initializing actor: .top.Ramp
Adding a thread: .top.Ramp
Invoking initialize():  .top.Ramp2
Initializing actor: .top.Ramp2
Adding a thread: .top.Ramp2
Invoking initialize():  .top.Test
Initializing actor: .top.Test
Adding a thread: .top.Test
-- Starting thread.
Called initialize()
Called prefire()
Called fire()
-- Starting thread.
Called initialize()
Called prefire()
Called fire()
Called postfire()
Called prefire()
Called fire()
-- Starting thread.
Called initialize()
Called prefire()
Called fire()
Called postfire()
Called prefire()
Called fire()
Called fire().
Checking for deadlock:
There are 3 Blocked actors, 0 Stopped actors, and 4 active threads.
Waiting for actors to stop.
-- Starting thread.
Called initialize()
Called prefire()
Called fire()
Checking for deadlock:
There are 2 Blocked actors, 0 Stopped actors, and 4 active threads.
Waiting for actors to stop.
Called postfire()
Called prefire()
Called fire()
Checking for deadlock:
There are 3 Blocked actors, 0 Stopped actors, and 4 active threads.
Waiting for actors to stop.
Read input token from inputA with value 0.0
Next port to read input from is inputB
Called postfire()
Called prefire()
Called fire()
Checking for deadlock:
There are 2 Blocked actors, 0 Stopped actors, and 4 active threads.
Waiting for actors to stop.
Called postfire()
Called prefire()
Called fire()
Checking for deadlock:
There are 3 Blocked actors, 0 Stopped actors, and 4 active threads.
Waiting for actors to stop.
Read input token from inputB with value 0.0
Checking for deadlock:
There are 2 Blocked actors, 0 Stopped actors, and 4 active threads.
Waiting for actors to stop.
-- Read input: 0.0, which is expected to match: 0.0
Called prefire()
Called fire()
Checking for deadlock:
There are 3 Blocked actors, 0 Stopped actors, and 4 active threads.
Waiting for actors to stop.
Sent output token with value 0.0
Next port to read input from is inputA
Called postfire()
Called prefire()
Called fire()
Called postfire()
Called prefire()
Called fire()
Checking for deadlock:
There are 3 Blocked actors, 0 Stopped actors, and 4 active threads.
Waiting for actors to stop.
Read input token from inputA with value 1.0
-- Read input: 0.0, which is expected to match: 0.0
Called prefire()
Called fire()
Checking for deadlock:
There are 3 Blocked actors, 0 Stopped actors, and 4 active threads.
Waiting for actors to stop.
Sent output token with value 0.0
Next port to read input from is inputB
Called postfire()
Called prefire()
Called fire()
Checking for deadlock:
There are 2 Blocked actors, 0 Stopped actors, and 4 active threads.
Waiting for actors to stop.
Called postfire()
Called prefire()
Called fire()
Checking for deadlock:
There are 3 Blocked actors, 0 Stopped actors, and 4 active threads.
Waiting for actors to stop.
Read input token from inputB with value 1.5
Checking for deadlock:
There are 2 Blocked actors, 0 Stopped actors, and 4 active threads.
Waiting for actors to stop.
-- Read input: 1.0, which is expected to match: 1.0
Called prefire()
Called fire()
Checking for deadlock:
There are 3 Blocked actors, 0 Stopped actors, and 4 active threads.
Waiting for actors to stop.
Sent output token with value 1.0
Next port to read input from is inputA
Called postfire()
Called prefire()
Called fire()
Called postfire()
Called prefire()
Called fire()
Checking for deadlock:
There are 3 Blocked actors, 0 Stopped actors, and 4 active threads.
Waiting for actors to stop.
Read input token from inputA with value 2.0
-- Read input: 1.5, which is expected to match: 1.5
Called prefire()
Called fire()
Checking for deadlock:
There are 3 Blocked actors, 0 Stopped actors, and 4 active threads.
Waiting for actors to stop.
Sent output token with value 1.5
Next port to read input from is inputB
Called postfire()
Called prefire()
Called fire()
Checking for deadlock:
There are 2 Blocked actors, 0 Stopped actors, and 4 active threads.
Waiting for actors to stop.
Called postfire()
Called prefire()
Called fire()
Checking for deadlock:
There are 3 Blocked actors, 0 Stopped actors, and 4 active threads.
Waiting for actors to stop.
Read input token from inputB with value 3.0
Checking for deadlock:
There are 2 Blocked actors, 0 Stopped actors, and 4 active threads.
Waiting for actors to stop.
-- Read input: 2.0, which is expected to match: 2.0
Called prefire()
Called fire()
Checking for deadlock:
There are 3 Blocked actors, 0 Stopped actors, and 4 active threads.
Waiting for actors to stop.
Sent output token with value 2.0
Next port to read input from is inputA
Called postfire()
Called prefire()
Called fire()
Called postfire()
Called prefire()
Called fire()
Checking for deadlock:
There are 3 Blocked actors, 0 Stopped actors, and 4 active threads.
Waiting for actors to stop.
Read input token from inputA with value 3.0
-- Read input: 3.0, which is expected to match: 3.0
Called prefire()
Called fire()
Checking for deadlock:
There are 2 Blocked actors, 0 Stopped actors, and 4 active threads.
Waiting for actors to stop.
Checking for deadlock:
There are 3 Blocked actors, 0 Stopped actors, and 4 active threads.
Waiting for actors to stop.
Sent output token with value 3.0
Next port to read input from is inputB
Called postfire()
Called prefire()
Called fire()
Called postfire()
Called prefire()
Called fire()
Checking for deadlock:
There are 3 Blocked actors, 0 Stopped actors, and 4 active threads.
Waiting for actors to stop.
Read input token from inputB with value 4.5
-- Read input: 3.0, which is expected to match: 3.0
Called prefire()
Called fire()
Checking for deadlock:
There are 3 Blocked actors, 0 Stopped actors, and 4 active threads.
Waiting for actors to stop.
Sent output token with value 3.0
Next port to read input from is inputA
Called postfire()
Called prefire()
Called fire()
Checking for deadlock:
There are 2 Blocked actors, 0 Stopped actors, and 4 active threads.
Waiting for actors to stop.
Called postfire()
Called prefire()
Called fire()
Checking for deadlock:
There are 3 Blocked actors, 0 Stopped actors, and 4 active threads.
Waiting for actors to stop.
Read input token from inputA with value 4.0
Checking for deadlock:
There are 2 Blocked actors, 0 Stopped actors, and 4 active threads.
Waiting for actors to stop.
-- Read input: 4.0, which is expected to match: 4.0
Called prefire()
Called fire()
Past the end of training data. Read and discard all inputs.
Checking for deadlock:
There are 3 Blocked actors, 0 Stopped actors, and 4 active threads.
Waiting for actors to stop.
Sent output token with value 4.0
Next port to read input from is inputA
Called postfire()
Called prefire()
Called fire()
Checking for deadlock:
There are 2 Blocked actors, 0 Stopped actors, and 4 active threads.
Waiting for actors to stop.
Called postfire()
Called prefire()
Called fire()
Checking for deadlock:
There are 3 Blocked actors, 0 Stopped actors, and 4 active threads.
Waiting for actors to stop.
Read input token from inputA with value 5.0
Checking for deadlock:
There are 2 Blocked actors, 0 Stopped actors, and 4 active threads.
Waiting for actors to stop.
Called prefire()
Called fire()
Past the end of training data. Read and discard all inputs.
Checking for deadlock:
There are 3 Blocked actors, 0 Stopped actors, and 4 active threads.
Waiting for actors to stop.
Sent output token with value 4.5
Next port to read input from is inputB
Called postfire()
Called prefire()
Called fire()
Called postfire()
Called prefire()
Called fire()
Checking for deadlock:
There are 3 Blocked actors, 0 Stopped actors, and 4 active threads.
Waiting for actors to stop.
Read input token from inputB with value 6.0
Called prefire()
Called fire()
Past the end of training data. Read and discard all inputs.
Checking for deadlock:
There are 3 Blocked actors, 0 Stopped actors, and 4 active threads.
Waiting for actors to stop.
Sent output token with value 5.0
Next port to read input from is inputA
Called postfire()
Called prefire()
Called fire()
Checking for deadlock:
There are 2 Blocked actors, 0 Stopped actors, and 4 active threads.
Waiting for actors to stop.
Called postfire()
Called prefire()
Called fire()
Checking for deadlock:
There are 3 Blocked actors, 0 Stopped actors, and 4 active threads.
Waiting for actors to stop.
Read input token from inputA with value 6.0
Checking for deadlock:
There are 2 Blocked actors, 0 Stopped actors, and 4 active threads.
Waiting for actors to stop.
Called prefire()
Called fire()
Past the end of training data. Read and discard all inputs.
Checking for deadlock:
There are 3 Blocked actors, 0 Stopped actors, and 4 active threads.
Waiting for actors to stop.
Sent output token with value 6.0
Next port to read input from is inputB
Called postfire()
Called prefire()
Called fire()
Called postfire()
Called prefire()
Called fire()
Checking for deadlock:
There are 3 Blocked actors, 0 Stopped actors, and 4 active threads.
Waiting for actors to stop.
Read input token from inputB with value 7.5
Called prefire()
Called fire()
Past the end of training data. Read and discard all inputs.
Checking for deadlock:
There are 3 Blocked actors, 0 Stopped actors, and 4 active threads.
Waiting for actors to stop.
Sent output token with value 6.0
Next port to read input from is inputA
Called postfire()
Called prefire()
Called fire()
Checking for deadlock:
There are 2 Blocked actors, 0 Stopped actors, and 4 active threads.
Waiting for actors to stop.
Called postfire()
Called prefire()
Called fire()
Checking for deadlock:
There are 3 Blocked actors, 0 Stopped actors, and 4 active threads.
Waiting for actors to stop.
Read input token from inputA with value 7.0
Checking for deadlock:
There are 2 Blocked actors, 0 Stopped actors, and 4 active threads.
Waiting for actors to stop.
Called prefire()
Called fire()
Past the end of training data. Read and discard all inputs.
Checking for deadlock:
There are 3 Blocked actors, 0 Stopped actors, and 4 active threads.
Waiting for actors to stop.
Sent output token with value 7.0
Next port to read input from is inputA
Called postfire()
Called prefire()
Called fire()
Checking for deadlock:
There are 2 Blocked actors, 0 Stopped actors, and 4 active threads.
Waiting for actors to stop.
-- Thread wrapup() called.
Called wrapup()
Thread .top.Ramp is exiting.
-- Thread stopped.
Checking for deadlock:
There are 2 Blocked actors, 0 Stopped actors, and 3 active threads.
Waiting for actors to stop.
Read input token from inputA with value 8.0
Checking for deadlock:
There are 1 Blocked actors, 0 Stopped actors, and 3 active threads.
Waiting for actors to stop.
Called prefire()
Called fire()
Past the end of training data. Read and discard all inputs.
Checking for deadlock:
There are 2 Blocked actors, 0 Stopped actors, and 3 active threads.
Waiting for actors to stop.
Sent output token with value 7.5
Next port to read input from is inputB
Called postfire()
Called prefire()
Called fire()
Called postfire()
Called prefire()
Called fire()
Checking for deadlock:
There are 2 Blocked actors, 0 Stopped actors, and 3 active threads.
Waiting for actors to stop.
Read input token from inputB with value 9.0
Called prefire()
Called fire()
Past the end of training data. Read and discard all inputs.
Checking for deadlock:
There are 2 Blocked actors, 0 Stopped actors, and 3 active threads.
Waiting for actors to stop.
Sent output token with value 8.0
Next port to read input from is inputA
Called postfire()
Called prefire()
Called fire()
Read input token from inputA with value 9.0
Checking for deadlock:
There are 1 Blocked actors, 0 Stopped actors, and 3 active threads.
Waiting for actors to stop.
Called prefire()
Called fire()
Past the end of training data. Read and discard all inputs.
Checking for deadlock:
There are 2 Blocked actors, 0 Stopped actors, and 3 active threads.
Waiting for actors to stop.
Sent output token with value 9.0
Next port to read input from is inputB
Called postfire()
Called prefire()
Called fire()
Called postfire()
Called prefire()
Called fire()
Checking for deadlock:
There are 2 Blocked actors, 0 Stopped actors, and 3 active threads.
Waiting for actors to stop.
Read input token from inputB with value 10.5
Called prefire()
Called fire()
Past the end of training data. Read and discard all inputs.
Checking for deadlock:
There are 2 Blocked actors, 0 Stopped actors, and 3 active threads.
Waiting for actors to stop.
Sent output token with value 9.0
Next port to read input from is inputA
Called postfire()
Called prefire()
Called fire()
Checking for deadlock:
There are 3 Blocked actors, 0 Stopped actors, and 3 active threads.
Actors have stopped.
Checking for deadlock:
There are 3 Blocked actors, 0 Stopped actors, and 3 active threads.
Deadlock detected.
Resolving Deadlock
Checking for deadlock:
There are 3 Blocked actors, 0 Stopped actors, and 3 active threads.
Artificial Deadlock - increasing queue capacity.
increasing the capacity of receiver ptolemy.actor.TypedIOPort {.top.OrderedMerge.inputB} to 2
Director: Called postfire().
Called postfire().
_stopRequested = false
_stopFireRequested = false
Returning from postfire(): true
Called fire().
Checking for deadlock:
There are 2 Blocked actors, 0 Stopped actors, and 3 active threads.
Waiting for actors to stop.
-- Thread wrapup() called.
Called wrapup()
Thread .top.Ramp2 is exiting.
-- Thread stopped.
Checking for deadlock:
There are 2 Blocked actors, 0 Stopped actors, and 2 active threads.
Actors have stopped.
Checking for deadlock:
There are 2 Blocked actors, 0 Stopped actors, and 2 active threads.
Deadlock detected.
Resolving Deadlock
Checking for deadlock:
There are 2 Blocked actors, 0 Stopped actors, and 2 active threads.
Deadlock detected: no processes blocked on write, but some are blocked on read.
Called postfire().
_stopRequested = false
_stopFireRequested = false
Returning from postfire(): false
Finished deactivating branches.
Called wrapup().
-- Thread wrapup() called.
Called wrapup()
Thread .top.OrderedMerge is exiting.
-- Thread wrapup() called.
Called wrapup()
Thread .top.Test is exiting.
-- Thread stopped.
-- Blocked Receiver call threw TerminateProcessException.
41 ms. Memory: 208384K Free: 107194K (51%)
.top. Preinitializing ...
Invoking preinitialize():  .top.OrderedMerge
Called preinitialize()
Invoking preinitialize():  .top.Ramp
Called preinitialize()
Invoking preinitialize():  .top.Ramp2
Called preinitialize()
Invoking preinitialize():  .top.Test
Called preinitialize()
.top. Finished preinitialize().
Called initialize().
Invoking initialize():  .top.OrderedMerge
Initializing actor: .top.OrderedMerge
Adding a thread: .top.OrderedMerge
Invoking initialize():  .top.Ramp
Initializing actor: .top.Ramp
Adding a thread: .top.Ramp
Invoking initialize():  .top.Ramp2
Initializing actor: .top.Ramp2
Adding a thread: .top.Ramp2
Invoking initialize():  .top.Test
Initializing actor: .top.Test
Adding a thread: .top.Test
-- Thread stopped.
-- Blocked Receiver call threw TerminateProcessException.
-- Starting thread.
Called initialize()
Called prefire()
Called fire()
-- Starting thread.
Called initialize()
Called prefire()
Called fire()
Called postfire()
Called prefire()
Called fire()
-- Starting thread.
Called initialize()
Called prefire()
Called fire()
Called postfire()
Called prefire()
Called fire()
Called fire().
Checking for deadlock:
There are 3 Blocked actors, 0 Stopped actors, and 4 active threads.
Waiting for actors to stop.
-- Starting thread.
Called initialize()
Called prefire()
Called fire()
Checking for deadlock:
There are 2 Blocked actors, 0 Stopped actors, and 4 active threads.
Waiting for actors to stop.
Called postfire()
Called prefire()
Called fire()
Checking for deadlock:
There are 3 Blocked actors, 0 Stopped actors, and 4 active threads.
Waiting for actors to stop.
Read input token from inputA with value 0.0
Next port to read input from is inputB
Called postfire()
Called prefire()
Called fire()
Checking for deadlock:
There are 2 Blocked actors, 0 Stopped actors, and 4 active threads.
Waiting for actors to stop.
Called postfire()
Called prefire()
Called fire()
Checking for deadlock:
There are 3 Blocked actors, 0 Stopped actors, and 4 active threads.
Waiting for actors to stop.
Read input token from inputB with value 0.0
Checking for deadlock:
There are 2 Blocked actors, 0 Stopped actors, and 4 active threads.
Waiting for actors to stop.
-- Read input: 0.0, which is expected to match: 0.0
Called prefire()
Called fire()
Checking for deadlock:
There are 3 Blocked actors, 0 Stopped actors, and 4 active threads.
Waiting for actors to stop.
Sent output token with value 0.0
Next port to read input from is inputA
Called postfire()
Called prefire()
Called fire()
Checking for deadlock:
There are 2 Blocked actors, 0 Stopped actors, and 4 active threads.
Waiting for actors to stop.
Called postfire()
Called prefire()
Called fire()
Checking for deadlock:
There are 3 Blocked actors, 0 Stopped actors, and 4 active threads.
Waiting for actors to stop.
Read input token from inputA with value 1.0
Checking for deadlock:
There are 2 Blocked actors, 0 Stopped actors, and 4 active threads.
Waiting for actors to stop.
-- Read input: 0.0, which is expected to match: 0.0
Called prefire()
Called fire()
Checking for deadlock:
There are 3 Blocked actors, 0 Stopped actors, and 4 active threads.
Waiting for actors to stop.
Sent output token with value 0.0
Next port to read input from is inputB
Called postfire()
Called prefire()
Called fire()
Checking for deadlock:
There are 2 Blocked actors, 0 Stopped actors, and 4 active threads.
Waiting for actors to stop.
Called postfire()
Called prefire()
Called fire()
Checking for deadlock:
There are 3 Blocked actors, 0 Stopped actors, and 4 active threads.
Waiting for actors to stop.
Read input token from inputB with value 1.5
Checking for deadlock:
There are 2 Blocked actors, 0 Stopped actors, and 4 active threads.
Waiting for actors to stop.
-- Read input: 1.0, which is expected to match: 1.0
Called prefire()
Called fire()
Checking for deadlock:
There are 3 Blocked actors, 0 Stopped actors, and 4 active threads.
Waiting for actors to stop.
Sent output token with value 1.0
Next port to read input from is inputA
Called postfire()
Called prefire()
Called fire()
Checking for deadlock:
There are 2 Blocked actors, 0 Stopped actors, and 4 active threads.
Waiting for actors to stop.
Called postfire()
Called prefire()
Called fire()
Checking for deadlock:
There are 3 Blocked actors, 0 Stopped actors, and 4 active threads.
Waiting for actors to stop.
Read input token from inputA with value 2.0
Checking for deadlock:
There are 2 Blocked actors, 0 Stopped actors, and 4 active threads.
Waiting for actors to stop.
-- Read input: 1.5, which is expected to match: 1.5
Called prefire()
Called fire()
Checking for deadlock:
There are 3 Blocked actors, 0 Stopped actors, and 4 active threads.
Waiting for actors to stop.
Sent output token with value 1.5
Next port to read input from is inputB
Called postfire()
Called prefire()
Called fire()
Checking for deadlock:
There are 2 Blocked actors, 0 Stopped actors, and 4 active threads.
Waiting for actors to stop.
Called postfire()
Called prefire()
Called fire()
Checking for deadlock:
There are 3 Blocked actors, 0 Stopped actors, and 4 active threads.
Waiting for actors to stop.
Read input token from inputB with value 3.0
Checking for deadlock:
There are 2 Blocked actors, 0 Stopped actors, and 4 active threads.
Waiting for actors to stop.
-- Read input: 2.0, which is expected to match: 2.0
Called prefire()
Called fire()
Checking for deadlock:
There are 3 Blocked actors, 0 Stopped actors, and 4 active threads.
Waiting for actors to stop.
Sent output token with value 2.0
Next port to read input from is inputA
Called postfire()
Called prefire()
Called fire()
Called postfire()
Called prefire()
Called fire()
Checking for deadlock:
There are 2 Blocked actors, 0 Stopped actors, and 4 active threads.
Waiting for actors to stop.
Checking for deadlock:
There are 3 Blocked actors, 0 Stopped actors, and 4 active threads.
Waiting for actors to stop.
Read input token from inputA with value 3.0
Checking for deadlock:
There are 2 Blocked actors, 0 Stopped actors, and 4 active threads.
Waiting for actors to stop.
-- Read input: 3.0, which is expected to match: 3.0
Called prefire()
Called fire()
Checking for deadlock:
There are 3 Blocked actors, 0 Stopped actors, and 4 active threads.
Waiting for actors to stop.
Sent output token with value 3.0
Next port to read input from is inputB
Called postfire()
Called prefire()
Called fire()
Checking for deadlock:
There are 2 Blocked actors, 0 Stopped actors, and 4 active threads.
Waiting for actors to stop.
Called postfire()
Called prefire()
Called fire()
Checking for deadlock:
There are 3 Blocked actors, 0 Stopped actors, and 4 active threads.
Waiting for actors to stop.
Read input token from inputB with value 4.5
Checking for deadlock:
There are 2 Blocked actors, 0 Stopped actors, and 4 active threads.
Waiting for actors to stop.
-- Read input: 3.0, which is expected to match: 3.0
Called prefire()
Called fire()
Checking for deadlock:
There are 3 Blocked actors, 0 Stopped actors, and 4 active threads.
Waiting for actors to stop.
Sent output token with value 3.0
Next port to read input from is inputA
Called postfire()
Called prefire()
Called fire()
Called postfire()
Called prefire()
Called fire()
Checking for deadlock:
There are 3 Blocked actors, 0 Stopped actors, and 4 active threads.
Waiting for actors to stop.
Read input token from inputA with value 4.0
-- Read input: 4.0, which is expected to match: 4.0
Called prefire()
Called fire()
Past the end of training data. Read and discard all inputs.
Checking for deadlock:
There are 3 Blocked actors, 0 Stopped actors, and 4 active threads.
Waiting for actors to stop.
Sent output token with value 4.0
Next port to read input from is inputA
Called postfire()
Called prefire()
Called fire()
Called postfire()
Called prefire()
Called fire()
Checking for deadlock:
There are 3 Blocked actors, 0 Stopped actors, and 4 active threads.
Waiting for actors to stop.
Read input token from inputA with value 5.0
Called prefire()
Called fire()
Past the end of training data. Read and discard all inputs.
Checking for deadlock:
There are 3 Blocked actors, 0 Stopped actors, and 4 active threads.
Waiting for actors to stop.
Sent output token with value 4.5
Next port to read input from is inputB
Called postfire()
Called prefire()
Called fire()
Checking for deadlock:
There are 2 Blocked actors, 0 Stopped actors, and 4 active threads.
Waiting for actors to stop.
Called postfire()
Called prefire()
Called fire()
Checking for deadlock:
There are 3 Blocked actors, 0 Stopped actors, and 4 active threads.
Waiting for actors to stop.
Read input token from inputB with value 6.0
Checking for deadlock:
There are 2 Blocked actors, 0 Stopped actors, and 4 active threads.
Waiting for actors to stop.
Called prefire()
Called fire()
Past the end of training data. Read and discard all inputs.
Checking for deadlock:
There are 3 Blocked actors, 0 Stopped actors, and 4 active threads.
Waiting for actors to stop.
Sent output token with value 5.0
Next port to read input from is inputA
Called postfire()
Called prefire()
Called fire()
Called postfire()
Called prefire()
Called fire()
Checking for deadlock:
There are 3 Blocked actors, 0 Stopped actors, and 4 active threads.
Waiting for actors to stop.
Read input token from inputA with value 6.0
Called prefire()
Called fire()
Past the end of training data. Read and discard all inputs.
Checking for deadlock:
There are 3 Blocked actors, 0 Stopped actors, and 4 active threads.
Waiting for actors to stop.
Sent output token with value 6.0
Next port to read input from is inputB
Called postfire()
Called prefire()
Called fire()
Checking for deadlock:
There are 2 Blocked actors, 0 Stopped actors, and 4 active threads.
Waiting for actors to stop.
Called postfire()
Called prefire()
Called fire()
Checking for deadlock:
There are 3 Blocked actors, 0 Stopped actors, and 4 active threads.
Waiting for actors to stop.
Read input token from inputB with value 7.5
Checking for deadlock:
There are 2 Blocked actors, 0 Stopped actors, and 4 active threads.
Waiting for actors to stop.
Called prefire()
Called fire()
Past the end of training data. Read and discard all inputs.
Checking for deadlock:
There are 3 Blocked actors, 0 Stopped actors, and 4 active threads.
Waiting for actors to stop.
Sent output token with value 6.0
Next port to read input from is inputA
Called postfire()
Called prefire()
Called fire()
Called postfire()
Called prefire()
Called fire()
Checking for deadlock:
There are 3 Blocked actors, 0 Stopped actors, and 4 active threads.
Waiting for actors to stop.
Read input token from inputA with value 7.0
Called prefire()
Called fire()
Past the end of training data. Read and discard all inputs.
Checking for deadlock:
There are 3 Blocked actors, 0 Stopped actors, and 4 active threads.
Waiting for actors to stop.
Sent output token with value 7.0
Next port to read input from is inputA
Called postfire()
Called prefire()
Called fire()
-- Thread wrapup() called.
Called wrapup()
Thread .top.Ramp is exiting.
-- Thread stopped.
Checking for deadlock:
There are 2 Blocked actors, 0 Stopped actors, and 3 active threads.
Waiting for actors to stop.
Read input token from inputA with value 8.0
Called prefire()
Called fire()
Past the end of training data. Read and discard all inputs.
Checking for deadlock:
There are 2 Blocked actors, 0 Stopped actors, and 3 active threads.
Waiting for actors to stop.
Sent output token with value 7.5
Next port to read input from is inputB
Called postfire()
Called prefire()
Called fire()
Checking for deadlock:
There are 1 Blocked actors, 0 Stopped actors, and 3 active threads.
Waiting for actors to stop.
Called postfire()
Called prefire()
Called fire()
Checking for deadlock:
There are 2 Blocked actors, 0 Stopped actors, and 3 active threads.
Waiting for actors to stop.
Read input token from inputB with value 9.0
Checking for deadlock:
There are 1 Blocked actors, 0 Stopped actors, and 3 active threads.
Waiting for actors to stop.
Called prefire()
Called fire()
Past the end of training data. Read and discard all inputs.
Checking for deadlock:
There are 2 Blocked actors, 0 Stopped actors, and 3 active threads.
Waiting for actors to stop.
Sent output token with value 8.0
Next port to read input from is inputA
Called postfire()
Called prefire()
Called fire()
Read input token from inputA with value 9.0
Checking for deadlock:
There are 1 Blocked actors, 0 Stopped actors, and 3 active threads.
Waiting for actors to stop.
Called prefire()
Called fire()
Past the end of training data. Read and discard all inputs.
Checking for deadlock:
There are 2 Blocked actors, 0 Stopped actors, and 3 active threads.
Waiting for actors to stop.
Sent output token with value 9.0
Next port to read input from is inputB
Called postfire()
Called prefire()
Called fire()
Checking for deadlock:
There are 1 Blocked actors, 0 Stopped actors, and 3 active threads.
Waiting for actors to stop.
Called postfire()
Called prefire()
Called fire()
Checking for deadlock:
There are 2 Blocked actors, 0 Stopped actors, and 3 active threads.
Waiting for actors to stop.
Read input token from inputB with value 10.5
Checking for deadlock:
There are 1 Blocked actors, 0 Stopped actors, and 3 active threads.
Waiting for actors to stop.
Called prefire()
Called fire()
Past the end of training data. Read and discard all inputs.
Checking for deadlock:
There are 2 Blocked actors, 0 Stopped actors, and 3 active threads.
Waiting for actors to stop.
Sent output token with value 9.0
Next port to read input from is inputA
Called postfire()
Called prefire()
Called fire()
Checking for deadlock:
There are 3 Blocked actors, 0 Stopped actors, and 3 active threads.
Actors have stopped.
Checking for deadlock:
There are 3 Blocked actors, 0 Stopped actors, and 3 active threads.
Deadlock detected.
Resolving Deadlock
Checking for deadlock:
There are 3 Blocked actors, 0 Stopped actors, and 3 active threads.
Artificial Deadlock - increasing queue capacity.
increasing the capacity of receiver ptolemy.actor.TypedIOPort {.top.OrderedMerge.inputB} to 2
Director: Called postfire().
Called postfire().
_stopRequested = false
_stopFireRequested = false
Returning from postfire(): true
Called fire().
Checking for deadlock:
There are 2 Blocked actors, 0 Stopped actors, and 3 active threads.
Waiting for actors to stop.
-- Thread wrapup() called.
Called wrapup()
Thread .top.Ramp2 is exiting.
-- Thread stopped.
Checking for deadlock:
There are 2 Blocked actors, 0 Stopped actors, and 2 active threads.
Actors have stopped.
Checking for deadlock:
There are 2 Blocked actors, 0 Stopped actors, and 2 active threads.
Deadlock detected.
Resolving Deadlock
Checking for deadlock:
There are 2 Blocked actors, 0 Stopped actors, and 2 active threads.
Deadlock detected: no processes blocked on write, but some are blocked on read.
Called postfire().
_stopRequested = false
_stopFireRequested = false
Returning from postfire(): false
Finished deactivating branches.
Called wrapup().
-- Thread wrapup() called.
Called wrapup()
Thread .top.Test is exiting.
-- Thread stopped.
-- Blocked Receiver call threw TerminateProcessException.
-- Thread wrapup() called.
Called wrapup()
Thread .top.OrderedMerge is exiting.
26 ms. Memory: 208384K Free: 102279K (49%)
/home/travis/build/icyphy/ptII/ptolemy/actor/lib/test/Publisher.tcl
-- Thread stopped.
-- Blocked Receiver call threw TerminateProcessException.
6 ms. Memory: 208384K Free: 95088K (46%)
4 ms. Memory: 208384K Free: 90315K (43%)
7 ms. Memory: 208384K Free: 85542K (41%)
8 ms. Memory: 208384K Free: 85542K (41%)
9 ms. Memory: 208384K Free: 85542K (41%)
9 ms. Memory: 208384K Free: 83156K (40%)
2 ms. Memory: 208384K Free: 83156K (40%)
4 ms. Memory: 208384K Free: 83156K (40%)
1 ms. Memory: 208384K Free: 195029K (94%)
3 ms. Memory: 208384K Free: 190347K (91%)
2 ms. Memory: 208384K Free: 190347K (91%)
1 ms. Memory: 208384K Free: 188007K (90%)
15 ms. Memory: 208384K Free: 178306K (86%)
5 ms. Memory: 208384K Free: 168943K (81%)
5 ms. Memory: 208384K Free: 157240K (75%)
/home/travis/build/icyphy/ptII/ptolemy/actor/lib/test/Pulse.tcl
2 ms. Memory: 208384K Free: 114963K (55%)
1 ms. Memory: 208384K Free: 114963K (55%)
1 ms. Memory: 208384K Free: 112622K (54%)
2 ms. Memory: 208384K Free: 112622K (54%)
1 ms. Memory: 208384K Free: 112622K (54%)
1 ms. Memory: 208384K Free: 112622K (54%)
2 ms. Memory: 208384K Free: 110282K (53%)
1 ms. Memory: 208384K Free: 110282K (53%)
1 ms. Memory: 208384K Free: 110282K (53%)
/home/travis/build/icyphy/ptII/ptolemy/actor/lib/test/Ramp.tcl
3 ms. Memory: 208384K Free: 107941K (52%)
1 ms. Memory: 208384K Free: 105600K (51%)
1 ms. Memory: 208384K Free: 105600K (51%)
1 ms. Memory: 208384K Free: 105600K (51%)
2 ms. Memory: 208384K Free: 103259K (50%)
3 ms. Memory: 208384K Free: 103259K (50%)
4 ms. Memory: 208384K Free: 103259K (50%)
5 actors
5000 microseconds per iteration to create
5 ms. Memory: 208384K Free: 100919K (48%)
1 ms. Memory: 208384K Free: 98578K (47%)
1 ms. Memory: 208384K Free: 98578K (47%)
2 ms. Memory: 208384K Free: 98578K (47%)
50 actors
23000 microseconds per iteration to create
21 ms. Memory: 208384K Free: 82137K (39%)
5 ms. Memory: 208384K Free: 82137K (39%)
16 ms. Memory: 208384K Free: 79796K (38%)
5 ms. Memory: 208384K Free: 79796K (38%)
500 actors
1459000 microseconds per iteration to create
221 ms. Memory: 331776K Free: 152078K (46%)
43 ms. Memory: 331776K Free: 142575K (43%)
41 ms. Memory: 331776K Free: 137832K (42%)
39 ms. Memory: 331776K Free: 133088K (40%)
/home/travis/build/icyphy/ptII/ptolemy/actor/lib/test/RampContinuous.tcl
6 ms. Memory: 331776K Free: 133088K (40%)
/home/travis/build/icyphy/ptII/ptolemy/actor/lib/test/RecordAssembler.tcl
5 ms. Memory: 331776K Free: 133088K (40%)
3 ms. Memory: 331776K Free: 128345K (39%)
/home/travis/build/icyphy/ptII/ptolemy/actor/lib/test/RecordDisassembler.tcl
5 ms. Memory: 331776K Free: 128345K (39%)
2 ms. Memory: 331776K Free: 128345K (39%)
3 ms. Memory: 331776K Free: 128345K (39%)
/home/travis/build/icyphy/ptII/ptolemy/actor/lib/test/Scale.tcl
2 ms. Memory: 331776K Free: 123601K (37%)
1 ms. Memory: 331776K Free: 123601K (37%)
1 ms. Memory: 331776K Free: 123601K (37%)
3 ms. Memory: 331776K Free: 123601K (37%)
2 ms. Memory: 331776K Free: 118857K (36%)
/home/travis/build/icyphy/ptII/ptolemy/actor/lib/test/SequentialClock.tcl
preinitializing
resolving types
initializing
executing number 1
wrapping up
idle
3 ms. Memory: 331776K Free: 118857K (36%)
Completed execution with 5 iterations
preinitializing
resolving types
initializing
executing number 1
wrapping up
idle
1 ms. Memory: 331776K Free: 118857K (36%)
Completed execution with 5 iterations
preinitializing
resolving types
initializing
executing number 1
wrapping up
idle
1 ms. Memory: 331776K Free: 118857K (36%)
Completed execution with 5 iterations
/home/travis/build/icyphy/ptII/ptolemy/actor/lib/test/SetVariable.tcl
3 ms. Memory: 331776K Free: 118857K (36%)
/home/travis/build/icyphy/ptII/ptolemy/actor/lib/test/Sinewave.tcl
/home/travis/build/icyphy/ptII/ptolemy/actor/lib/test/SubscriptionAggregator.tcl
4 ms. Memory: 331776K Free: 104595K (32%)
2 ms. Memory: 331776K Free: 99852K (30%)
0 ms. Memory: 331776K Free: 99852K (30%)
1 ms. Memory: 331776K Free: 99852K (30%)
2 ms. Memory: 331776K Free: 95093K (29%)
3 ms. Memory: 331776K Free: 95093K (29%)
...............................................................724 ms. Memory: 577536K Free: 296762K (51%)
/home/travis/build/icyphy/ptII/ptolemy/actor/lib/test/Test.tcl
 The next command will produce a warning about training mode,
   which may be ignored.
4 ms. Memory: 577536K Free: 296762K (51%)
3 ms. Memory: 577536K Free: 296762K (51%)
2 ms. Memory: 577536K Free: 287151K (50%)
1 ms. Memory: 577536K Free: 287151K (50%)
2 ms. Memory: 577536K Free: 287151K (50%)
2 ms. Memory: 577536K Free: 287151K (50%)
4 ms. Memory: 577536K Free: 287151K (50%)
 The next command will produce a warning about training mode,
   which may be ignored.
3 ms. Memory: 577536K Free: 287151K (50%)
 The next command will produce a warning about training mode,
   which may be ignored.
12 ms. Memory: 577536K Free: 287151K (50%)
1 ms. Memory: 577536K Free: 287151K (50%)
0 ms. Memory: 577536K Free: 287151K (50%)
7 ms. Memory: 577536K Free: 287151K (50%)
1 ms. Memory: 577536K Free: 277549K (48%)
6 ms. Memory: 577536K Free: 277549K (48%)
/home/travis/build/icyphy/ptII/ptolemy/actor/lib/test/TestExceptionHandler.tcl
 The next command will produce a warning about training mode,
   which may be ignored.
1 ms. Memory: 577536K Free: 277549K (48%)
1 ms. Memory: 577536K Free: 277549K (48%)
1 ms. Memory: 577536K Free: 277549K (48%)
/home/travis/build/icyphy/ptII/ptolemy/actor/lib/test/UnionDisassembler.tcl
12 ms. Memory: 577536K Free: 267954K (46%)
/home/travis/build/icyphy/ptII/ptolemy/actor/lib/test/VariableClock.tcl
preinitializing
resolving types
initializing
executing number 1
wrapping up
idle
4 ms. Memory: 577536K Free: 267954K (46%)
Completed execution with 11 iterations
preinitializing
resolving types
initializing
executing number 1
wrapping up
idle
4 ms. Memory: 577536K Free: 267954K (46%)
Completed execution with 10 iterations
07/02/18 01:27:14
Failed: 0  Total Tests: 234  ((Passed: 234, Newly Passed: 0)  Known Failed: 0) /home/travis/build/icyphy/ptII/ptolemy/actor/lib/test
----------------- testing (KnownFailure) /home/travis/build/icyphy/ptII/ptolemy/actor/lib/test/auto/knownFailedTests/PublisherPortToplevelSubscriber.xml
2 ms. Memory: 577536K Free: 258226K (45%)
Known Failure: java.lang.reflect.InvocationTargetException
----------------- testing (KnownFailure) /home/travis/build/icyphy/ptII/ptolemy/actor/lib/test/auto/knownFailedTests/PublisherSubscriberPortToplevel.xml
1 ms. Memory: 577536K Free: 238770K (41%)
Known Failure: java.lang.reflect.InvocationTargetException
----------------- testing (KnownFailure) /home/travis/build/icyphy/ptII/ptolemy/actor/lib/test/auto/knownFailedTests/PublisherSubscriptionAggregatorPort.xml
1 ms. Memory: 577536K Free: 219314K (38%)
Known Failure: java.lang.reflect.InvocationTargetException
----------------- testing (KnownFailure) /home/travis/build/icyphy/ptII/ptolemy/actor/lib/test/auto/knownFailedTests/sizedarray3.xml
4 ms. Memory: 577536K Free: 199858K (35%)
Known Failure: java.lang.reflect.InvocationTargetException
No auto/linux-amd64/*.xml tests in /home/travis/build/icyphy/ptII/ptolemy/actor/lib/test
AutoTests.java: About to close Vertx.
AutoTests.java: Vertx closed.

===========================================================================================
----------------- testing Mon Jul 02 01:27:15 UTC 2018 /home/travis/build/icyphy/ptII/ptolemy/actor/lib/test/auto/AbsoluteValue.xml
----------------- Instantiating /home/travis/build/icyphy/ptII/ptolemy/actor/lib/test/auto/AbsoluteValue.xml
15 ms. Memory: 577536K Free: 112703K (20%)
----------------- Invoking toplevel() on ptolemy.moml.MoMLSimpleApplication@11990f46
----------------- Done invoking toplevel() on ptolemy.moml.MoMLSimpleApplication@11990f46
reloadAllAccessors: .AbsoluteValue

===========================================================================================
----------------- testing Mon Jul 02 01:27:15 UTC 2018 /home/travis/build/icyphy/ptII/ptolemy/actor/lib/test/auto/AbsoluteValue2.xml
----------------- Instantiating /home/travis/build/icyphy/ptII/ptolemy/actor/lib/test/auto/AbsoluteValue2.xml
6 ms. Memory: 577536K Free: 98095K (17%)
----------------- Invoking toplevel() on ptolemy.moml.MoMLSimpleApplication@7bc61cc0
----------------- Done invoking toplevel() on ptolemy.moml.MoMLSimpleApplication@7bc61cc0
reloadAllAccessors: .AbsoluteValue2

===========================================================================================
----------------- testing Mon Jul 02 01:27:15 UTC 2018 /home/travis/build/icyphy/ptII/ptolemy/actor/lib/test/auto/Accumulator.xml
----------------- Instantiating /home/travis/build/icyphy/ptII/ptolemy/actor/lib/test/auto/Accumulator.xml
6 ms. Memory: 577536K Free: 78772K (14%)
----------------- Invoking toplevel() on ptolemy.moml.MoMLSimpleApplication@42236196
----------------- Done invoking toplevel() on ptolemy.moml.MoMLSimpleApplication@42236196
reloadAllAccessors: .Accumulator

===========================================================================================
----------------- testing Mon Jul 02 01:27:15 UTC 2018 /home/travis/build/icyphy/ptII/ptolemy/actor/lib/test/auto/Accumulator2.xml
----------------- Instantiating /home/travis/build/icyphy/ptII/ptolemy/actor/lib/test/auto/Accumulator2.xml
3 ms. Memory: 577536K Free: 69916K (12%)
----------------- Invoking toplevel() on ptolemy.moml.MoMLSimpleApplication@5d7efe8e
----------------- Done invoking toplevel() on ptolemy.moml.MoMLSimpleApplication@5d7efe8e
reloadAllAccessors: .Accumulator2

===========================================================================================
----------------- testing Mon Jul 02 01:27:15 UTC 2018 /home/travis/build/icyphy/ptII/ptolemy/actor/lib/test/auto/Accumulator3.xml
----------------- Instantiating /home/travis/build/icyphy/ptII/ptolemy/actor/lib/test/auto/Accumulator3.xml
9 ms. Memory: 580608K Free: 526586K (91%)
----------------- Invoking toplevel() on ptolemy.moml.MoMLSimpleApplication@61a7bdf5
----------------- Done invoking toplevel() on ptolemy.moml.MoMLSimpleApplication@61a7bdf5
reloadAllAccessors: .Accumulator3

===========================================================================================
----------------- testing Mon Jul 02 01:27:15 UTC 2018 /home/travis/build/icyphy/ptII/ptolemy/actor/lib/test/auto/ArrayAppend.xml
----------------- Instantiating /home/travis/build/icyphy/ptII/ptolemy/actor/lib/test/auto/ArrayAppend.xml
7 ms. Memory: 580608K Free: 508405K (88%)
----------------- Invoking toplevel() on ptolemy.moml.MoMLSimpleApplication@25332c95
----------------- Done invoking toplevel() on ptolemy.moml.MoMLSimpleApplication@25332c95
reloadAllAccessors: .ArrayAppend

===========================================================================================
----------------- testing Mon Jul 02 01:27:15 UTC 2018 /home/travis/build/icyphy/ptII/ptolemy/actor/lib/test/auto/ArrayAppend2.xml
----------------- Instantiating /home/travis/build/icyphy/ptII/ptolemy/actor/lib/test/auto/ArrayAppend2.xml
335 ms. Memory: 580608K Free: 444933K (77%)
----------------- Invoking toplevel() on ptolemy.moml.MoMLSimpleApplication@7015a2f3
----------------- Done invoking toplevel() on ptolemy.moml.MoMLSimpleApplication@7015a2f3
reloadAllAccessors: .ArrayAppend2

===========================================================================================
----------------- testing Mon Jul 02 01:27:16 UTC 2018 /home/travis/build/icyphy/ptII/ptolemy/actor/lib/test/auto/ArrayAppend3.xml
----------------- Instantiating /home/travis/build/icyphy/ptII/ptolemy/actor/lib/test/auto/ArrayAppend3.xml
10 ms. Memory: 580608K Free: 435205K (75%)
----------------- Invoking toplevel() on ptolemy.moml.MoMLSimpleApplication@5de412d6
----------------- Done invoking toplevel() on ptolemy.moml.MoMLSimpleApplication@5de412d6
reloadAllAccessors: .ArrayAppend3

===========================================================================================
----------------- testing Mon Jul 02 01:27:16 UTC 2018 /home/travis/build/icyphy/ptII/ptolemy/actor/lib/test/auto/ArrayAppend4.xml
----------------- Instantiating /home/travis/build/icyphy/ptII/ptolemy/actor/lib/test/auto/ArrayAppend4.xml
10 ms. Memory: 580608K Free: 417024K (72%)
----------------- Invoking toplevel() on ptolemy.moml.MoMLSimpleApplication@3ba197c2
----------------- Done invoking toplevel() on ptolemy.moml.MoMLSimpleApplication@3ba197c2
reloadAllAccessors: .ArrayAppend4

===========================================================================================
----------------- testing Mon Jul 02 01:27:16 UTC 2018 /home/travis/build/icyphy/ptII/ptolemy/actor/lib/test/auto/ArrayAppend5.xml
----------------- Instantiating /home/travis/build/icyphy/ptII/ptolemy/actor/lib/test/auto/ArrayAppend5.xml
4 ms. Memory: 580608K Free: 407296K (70%)
----------------- Invoking toplevel() on ptolemy.moml.MoMLSimpleApplication@511ea8c0
----------------- Done invoking toplevel() on ptolemy.moml.MoMLSimpleApplication@511ea8c0
reloadAllAccessors: .ArrayAppend5

===========================================================================================
----------------- testing Mon Jul 02 01:27:16 UTC 2018 /home/travis/build/icyphy/ptII/ptolemy/actor/lib/test/auto/ArrayAppend6.xml
----------------- Instantiating /home/travis/build/icyphy/ptII/ptolemy/actor/lib/test/auto/ArrayAppend6.xml
3 ms. Memory: 580608K Free: 397568K (68%)
----------------- Invoking toplevel() on ptolemy.moml.MoMLSimpleApplication@18429a1c
----------------- Done invoking toplevel() on ptolemy.moml.MoMLSimpleApplication@18429a1c
reloadAllAccessors: .ArrayAppend6

===========================================================================================
----------------- testing Mon Jul 02 01:27:16 UTC 2018 /home/travis/build/icyphy/ptII/ptolemy/actor/lib/test/auto/ArrayAppendPerformanceTest.xml
----------------- Instantiating /home/travis/build/icyphy/ptII/ptolemy/actor/lib/test/auto/ArrayAppendPerformanceTest.xml
24 ms. Memory: 580608K Free: 382959K (66%)
----------------- Invoking toplevel() on ptolemy.moml.MoMLSimpleApplication@1af1cd0a
----------------- Done invoking toplevel() on ptolemy.moml.MoMLSimpleApplication@1af1cd0a
reloadAllAccessors: .ArrayAppendPerformanceTest

===========================================================================================
----------------- testing Mon Jul 02 01:27:16 UTC 2018 /home/travis/build/icyphy/ptII/ptolemy/actor/lib/test/auto/ArrayAppendWithEmptyInput.xml
----------------- Instantiating /home/travis/build/icyphy/ptII/ptolemy/actor/lib/test/auto/ArrayAppendWithEmptyInput.xml
13 ms. Memory: 580608K Free: 359898K (62%)
----------------- Invoking toplevel() on ptolemy.moml.MoMLSimpleApplication@3f00df9e
----------------- Done invoking toplevel() on ptolemy.moml.MoMLSimpleApplication@3f00df9e
reloadAllAccessors: .ArrayAppendWithEmptyInput

===========================================================================================
----------------- testing Mon Jul 02 01:27:16 UTC 2018 /home/travis/build/icyphy/ptII/ptolemy/actor/lib/test/auto/ArrayAverage.xml
----------------- Instantiating /home/travis/build/icyphy/ptII/ptolemy/actor/lib/test/auto/ArrayAverage.xml
8 ms. Memory: 580608K Free: 345290K (59%)
----------------- Invoking toplevel() on ptolemy.moml.MoMLSimpleApplication@59d1a543
----------------- Done invoking toplevel() on ptolemy.moml.MoMLSimpleApplication@59d1a543
reloadAllAccessors: .ArrayAverage

===========================================================================================
----------------- testing Mon Jul 02 01:27:16 UTC 2018 /home/travis/build/icyphy/ptII/ptolemy/actor/lib/test/auto/ArrayContains.xml
----------------- Instantiating /home/travis/build/icyphy/ptII/ptolemy/actor/lib/test/auto/ArrayContains.xml
8 ms. Memory: 580608K Free: 335562K (58%)
----------------- Invoking toplevel() on ptolemy.moml.MoMLSimpleApplication@eadf475
----------------- Done invoking toplevel() on ptolemy.moml.MoMLSimpleApplication@eadf475
reloadAllAccessors: .ArrayContains

===========================================================================================
----------------- testing Mon Jul 02 01:27:16 UTC 2018 /home/travis/build/icyphy/ptII/ptolemy/actor/lib/test/auto/ArrayElement.xml
----------------- Instantiating /home/travis/build/icyphy/ptII/ptolemy/actor/lib/test/auto/ArrayElement.xml
3 ms. Memory: 580608K Free: 325834K (56%)
----------------- Invoking toplevel() on ptolemy.moml.MoMLSimpleApplication@7f132f27
----------------- Done invoking toplevel() on ptolemy.moml.MoMLSimpleApplication@7f132f27
reloadAllAccessors: .ArrayElement

===========================================================================================
----------------- testing Mon Jul 02 01:27:16 UTC 2018 /home/travis/build/icyphy/ptII/ptolemy/actor/lib/test/auto/ArrayElementAsMatrix.xml
----------------- Instantiating /home/travis/build/icyphy/ptII/ptolemy/actor/lib/test/auto/ArrayElementAsMatrix.xml
13 ms. Memory: 580608K Free: 302773K (52%)
----------------- Invoking toplevel() on ptolemy.moml.MoMLSimpleApplication@2ff37e6c
----------------- Done invoking toplevel() on ptolemy.moml.MoMLSimpleApplication@2ff37e6c
reloadAllAccessors: .ArrayElementAsMatrix

===========================================================================================
----------------- testing Mon Jul 02 01:27:16 UTC 2018 /home/travis/build/icyphy/ptII/ptolemy/actor/lib/test/auto/ArrayElementI.xml
----------------- Instantiating /home/travis/build/icyphy/ptII/ptolemy/actor/lib/test/auto/ArrayElementI.xml
5 ms. Memory: 580608K Free: 293045K (50%)
----------------- Invoking toplevel() on ptolemy.moml.MoMLSimpleApplication@19f46816
----------------- Done invoking toplevel() on ptolemy.moml.MoMLSimpleApplication@19f46816
reloadAllAccessors: .ArrayElementI

===========================================================================================
----------------- testing Mon Jul 02 01:27:16 UTC 2018 /home/travis/build/icyphy/ptII/ptolemy/actor/lib/test/auto/ArrayExtract.xml
----------------- Instantiating /home/travis/build/icyphy/ptII/ptolemy/actor/lib/test/auto/ArrayExtract.xml
4 ms. Memory: 580608K Free: 283316K (49%)
----------------- Invoking toplevel() on ptolemy.moml.MoMLSimpleApplication@36ce817f
----------------- Done invoking toplevel() on ptolemy.moml.MoMLSimpleApplication@36ce817f
reloadAllAccessors: .ArrayExtract

===========================================================================================
----------------- testing Mon Jul 02 01:27:16 UTC 2018 /home/travis/build/icyphy/ptII/ptolemy/actor/lib/test/auto/ArrayExtract2.xml
----------------- Instantiating /home/travis/build/icyphy/ptII/ptolemy/actor/lib/test/auto/ArrayExtract2.xml
2 ms. Memory: 580608K Free: 273588K (47%)
----------------- Invoking toplevel() on ptolemy.moml.MoMLSimpleApplication@1eb75c09
----------------- Done invoking toplevel() on ptolemy.moml.MoMLSimpleApplication@1eb75c09
reloadAllAccessors: .ArrayExtract2

===========================================================================================
----------------- testing Mon Jul 02 01:27:16 UTC 2018 /home/travis/build/icyphy/ptII/ptolemy/actor/lib/test/auto/ArrayLength.xml
----------------- Instantiating /home/travis/build/icyphy/ptII/ptolemy/actor/lib/test/auto/ArrayLength.xml
2 ms. Memory: 580608K Free: 255407K (44%)
----------------- Invoking toplevel() on ptolemy.moml.MoMLSimpleApplication@6c21a8d8
----------------- Done invoking toplevel() on ptolemy.moml.MoMLSimpleApplication@6c21a8d8
reloadAllAccessors: .ArrayLength

===========================================================================================
----------------- testing Mon Jul 02 01:27:16 UTC 2018 /home/travis/build/icyphy/ptII/ptolemy/actor/lib/test/auto/ArrayLevelCrossing.xml
----------------- Instantiating /home/travis/build/icyphy/ptII/ptolemy/actor/lib/test/auto/ArrayLevelCrossing.xml
3 ms. Memory: 580608K Free: 240799K (41%)
----------------- Invoking toplevel() on ptolemy.moml.MoMLSimpleApplication@1cd36911
----------------- Done invoking toplevel() on ptolemy.moml.MoMLSimpleApplication@1cd36911
reloadAllAccessors: .ArrayLevelCrossing

===========================================================================================
----------------- testing Mon Jul 02 01:27:16 UTC 2018 /home/travis/build/icyphy/ptII/ptolemy/actor/lib/test/auto/ArrayLevelCrossing2.xml
----------------- Instantiating /home/travis/build/icyphy/ptII/ptolemy/actor/lib/test/auto/ArrayLevelCrossing2.xml
2 ms. Memory: 580608K Free: 226191K (39%)
----------------- Invoking toplevel() on ptolemy.moml.MoMLSimpleApplication@1b2b302
----------------- Done invoking toplevel() on ptolemy.moml.MoMLSimpleApplication@1b2b302
reloadAllAccessors: .ArrayLevelCrossing2

===========================================================================================
----------------- testing Mon Jul 02 01:27:16 UTC 2018 /home/travis/build/icyphy/ptII/ptolemy/actor/lib/test/auto/ArrayPeakSearch.xml
----------------- Instantiating /home/travis/build/icyphy/ptII/ptolemy/actor/lib/test/auto/ArrayPeakSearch.xml
6 ms. Memory: 580608K Free: 211583K (36%)
----------------- Invoking toplevel() on ptolemy.moml.MoMLSimpleApplication@186aab22
----------------- Done invoking toplevel() on ptolemy.moml.MoMLSimpleApplication@186aab22
reloadAllAccessors: .ArrayPeakSearch

===========================================================================================
----------------- testing Mon Jul 02 01:27:16 UTC 2018 /home/travis/build/icyphy/ptII/ptolemy/actor/lib/test/auto/ArrayPeakSearch2.xml
----------------- Instantiating /home/travis/build/icyphy/ptII/ptolemy/actor/lib/test/auto/ArrayPeakSearch2.xml
8 ms. Memory: 580608K Free: 188537K (32%)
----------------- Invoking toplevel() on ptolemy.moml.MoMLSimpleApplication@79dbaaab
----------------- Done invoking toplevel() on ptolemy.moml.MoMLSimpleApplication@79dbaaab
reloadAllAccessors: .ArrayPeakSearch2

===========================================================================================
----------------- testing Mon Jul 02 01:27:16 UTC 2018 /home/travis/build/icyphy/ptII/ptolemy/actor/lib/test/auto/ArrayPeakSearch3.xml
----------------- Instantiating /home/travis/build/icyphy/ptII/ptolemy/actor/lib/test/auto/ArrayPeakSearch3.xml
3 ms. Memory: 580608K Free: 173929K (30%)
----------------- Invoking toplevel() on ptolemy.moml.MoMLSimpleApplication@62916eb5
----------------- Done invoking toplevel() on ptolemy.moml.MoMLSimpleApplication@62916eb5
reloadAllAccessors: .ArrayPeakSearch3

===========================================================================================
----------------- testing Mon Jul 02 01:27:16 UTC 2018 /home/travis/build/icyphy/ptII/ptolemy/actor/lib/test/auto/ArrayRemoveElement.xml
----------------- Instantiating /home/travis/build/icyphy/ptII/ptolemy/actor/lib/test/auto/ArrayRemoveElement.xml
7 ms. Memory: 580608K Free: 159337K (27%)
----------------- Invoking toplevel() on ptolemy.moml.MoMLSimpleApplication@2fd2cdaa
----------------- Done invoking toplevel() on ptolemy.moml.MoMLSimpleApplication@2fd2cdaa
reloadAllAccessors: .ArrayRemoveElement

===========================================================================================
----------------- testing Mon Jul 02 01:27:16 UTC 2018 /home/travis/build/icyphy/ptII/ptolemy/actor/lib/test/auto/ArraySort.xml
----------------- Instantiating /home/travis/build/icyphy/ptII/ptolemy/actor/lib/test/auto/ArraySort.xml
4 ms. Memory: 580608K Free: 144729K (25%)
----------------- Invoking toplevel() on ptolemy.moml.MoMLSimpleApplication@39eb35ab
----------------- Done invoking toplevel() on ptolemy.moml.MoMLSimpleApplication@39eb35ab
reloadAllAccessors: .ArraySort

===========================================================================================
----------------- testing Mon Jul 02 01:27:17 UTC 2018 /home/travis/build/icyphy/ptII/ptolemy/actor/lib/test/auto/ArraySum.xml
----------------- Instantiating /home/travis/build/icyphy/ptII/ptolemy/actor/lib/test/auto/ArraySum.xml
4 ms. Memory: 580608K Free: 126547K (22%)
----------------- Invoking toplevel() on ptolemy.moml.MoMLSimpleApplication@4d559591
----------------- Done invoking toplevel() on ptolemy.moml.MoMLSimpleApplication@4d559591
reloadAllAccessors: .ArraySum

===========================================================================================
----------------- testing Mon Jul 02 01:27:17 UTC 2018 /home/travis/build/icyphy/ptII/ptolemy/actor/lib/test/auto/ArrayToElements.xml
----------------- Instantiating /home/travis/build/icyphy/ptII/ptolemy/actor/lib/test/auto/ArrayToElements.xml
14 ms. Memory: 580608K Free: 116819K (20%)
----------------- Invoking toplevel() on ptolemy.moml.MoMLSimpleApplication@48a3f5cb
----------------- Done invoking toplevel() on ptolemy.moml.MoMLSimpleApplication@48a3f5cb
reloadAllAccessors: .ArrayToElements

===========================================================================================
----------------- testing Mon Jul 02 01:27:17 UTC 2018 /home/travis/build/icyphy/ptII/ptolemy/actor/lib/test/auto/ArrayToMatrix.xml
----------------- Instantiating /home/travis/build/icyphy/ptII/ptolemy/actor/lib/test/auto/ArrayToMatrix.xml
7 ms. Memory: 580608K Free: 97347K (17%)
----------------- Invoking toplevel() on ptolemy.moml.MoMLSimpleApplication@2024ef3d
----------------- Done invoking toplevel() on ptolemy.moml.MoMLSimpleApplication@2024ef3d
reloadAllAccessors: .ArrayToMatrix

===========================================================================================
----------------- testing Mon Jul 02 01:27:17 UTC 2018 /home/travis/build/icyphy/ptII/ptolemy/actor/lib/test/auto/ArrayUpdate1.xml
----------------- Instantiating /home/travis/build/icyphy/ptII/ptolemy/actor/lib/test/auto/ArrayUpdate1.xml
3 ms. Memory: 580608K Free: 79166K (14%)
----------------- Invoking toplevel() on ptolemy.moml.MoMLSimpleApplication@6da31fcb
----------------- Done invoking toplevel() on ptolemy.moml.MoMLSimpleApplication@6da31fcb
reloadAllAccessors: .ArrayUpdate1

===========================================================================================
----------------- testing Mon Jul 02 01:27:17 UTC 2018 /home/travis/build/icyphy/ptII/ptolemy/actor/lib/test/auto/ArrayUpdate2.xml
----------------- Instantiating /home/travis/build/icyphy/ptII/ptolemy/actor/lib/test/auto/ArrayUpdate2.xml
5 ms. Memory: 580608K Free: 69437K (12%)
----------------- Invoking toplevel() on ptolemy.moml.MoMLSimpleApplication@652bfc6b
----------------- Done invoking toplevel() on ptolemy.moml.MoMLSimpleApplication@652bfc6b
reloadAllAccessors: .ArrayUpdate2

===========================================================================================
----------------- testing Mon Jul 02 01:27:17 UTC 2018 /home/travis/build/icyphy/ptII/ptolemy/actor/lib/test/auto/ArrayUpdate3.xml
----------------- Instantiating /home/travis/build/icyphy/ptII/ptolemy/actor/lib/test/auto/ArrayUpdate3.xml
2 ms. Memory: 580608K Free: 59709K (10%)
----------------- Invoking toplevel() on ptolemy.moml.MoMLSimpleApplication@a44324f
----------------- Done invoking toplevel() on ptolemy.moml.MoMLSimpleApplication@a44324f
reloadAllAccessors: .ArrayUpdate3

===========================================================================================
----------------- testing Mon Jul 02 01:27:17 UTC 2018 /home/travis/build/icyphy/ptII/ptolemy/actor/lib/test/auto/Assert1.xml
----------------- Instantiating /home/travis/build/icyphy/ptII/ptolemy/actor/lib/test/auto/Assert1.xml
56 ms. Memory: 878592K Free: 834482K (95%)
----------------- Invoking toplevel() on ptolemy.moml.MoMLSimpleApplication@35c2e37b
----------------- Done invoking toplevel() on ptolemy.moml.MoMLSimpleApplication@35c2e37b
reloadAllAccessors: .Assert1

===========================================================================================
----------------- testing Mon Jul 02 01:27:17 UTC 2018 /home/travis/build/icyphy/ptII/ptolemy/actor/lib/test/auto/Assert2.xml
----------------- Instantiating /home/travis/build/icyphy/ptII/ptolemy/actor/lib/test/auto/Assert2.xml
6 ms. Memory: 878592K Free: 810445K (92%)
----------------- Invoking toplevel() on ptolemy.moml.MoMLSimpleApplication@6c1715e4
----------------- Done invoking toplevel() on ptolemy.moml.MoMLSimpleApplication@6c1715e4
reloadAllAccessors: .Assert2

===========================================================================================
----------------- testing Mon Jul 02 01:27:17 UTC 2018 /home/travis/build/icyphy/ptII/ptolemy/actor/lib/test/auto/BooleanMultiplexor.xml
----------------- Instantiating /home/travis/build/icyphy/ptII/ptolemy/actor/lib/test/auto/BooleanMultiplexor.xml
2 ms. Memory: 878592K Free: 800068K (91%)
----------------- Invoking toplevel() on ptolemy.moml.MoMLSimpleApplication@2d11ed4d
----------------- Done invoking toplevel() on ptolemy.moml.MoMLSimpleApplication@2d11ed4d
reloadAllAccessors: .BooleanMultiplexor

===========================================================================================
----------------- testing Mon Jul 02 01:27:17 UTC 2018 /home/travis/build/icyphy/ptII/ptolemy/actor/lib/test/auto/BooleanMultiplexor2.xml
----------------- Instantiating /home/travis/build/icyphy/ptII/ptolemy/actor/lib/test/auto/BooleanMultiplexor2.xml
7 ms. Memory: 878592K Free: 789691K (90%)
----------------- Invoking toplevel() on ptolemy.moml.MoMLSimpleApplication@7ee5a73a
----------------- Done invoking toplevel() on ptolemy.moml.MoMLSimpleApplication@7ee5a73a
reloadAllAccessors: .BooleanMultiplexor2

===========================================================================================
----------------- testing Mon Jul 02 01:27:17 UTC 2018 /home/travis/build/icyphy/ptII/ptolemy/actor/lib/test/auto/BooleanMultiplexor3.xml
----------------- Instantiating /home/travis/build/icyphy/ptII/ptolemy/actor/lib/test/auto/BooleanMultiplexor3.xml
2 ms. Memory: 878592K Free: 779315K (89%)
----------------- Invoking toplevel() on ptolemy.moml.MoMLSimpleApplication@3da74a9e
----------------- Done invoking toplevel() on ptolemy.moml.MoMLSimpleApplication@3da74a9e
reloadAllAccessors: .BooleanMultiplexor3

===========================================================================================
----------------- testing Mon Jul 02 01:27:17 UTC 2018 /home/travis/build/icyphy/ptII/ptolemy/actor/lib/test/auto/BooleanSelect.xml
----------------- Instantiating /home/travis/build/icyphy/ptII/ptolemy/actor/lib/test/auto/BooleanSelect.xml
7 ms. Memory: 878592K Free: 759417K (86%)
----------------- Invoking toplevel() on ptolemy.moml.MoMLSimpleApplication@2f05b318
----------------- Done invoking toplevel() on ptolemy.moml.MoMLSimpleApplication@2f05b318
reloadAllAccessors: .BooleanSelect

===========================================================================================
----------------- testing Mon Jul 02 01:27:17 UTC 2018 /home/travis/build/icyphy/ptII/ptolemy/actor/lib/test/auto/BooleanSelect2.xml
----------------- Instantiating /home/travis/build/icyphy/ptII/ptolemy/actor/lib/test/auto/BooleanSelect2.xml
1 ms. Memory: 878592K Free: 749040K (85%)
----------------- Invoking toplevel() on ptolemy.moml.MoMLSimpleApplication@5f38d238
----------------- Done invoking toplevel() on ptolemy.moml.MoMLSimpleApplication@5f38d238
reloadAllAccessors: .BooleanSelect2

===========================================================================================
----------------- testing Mon Jul 02 01:27:17 UTC 2018 /home/travis/build/icyphy/ptII/ptolemy/actor/lib/test/auto/BooleanSwitch.xml
----------------- Instantiating /home/travis/build/icyphy/ptII/ptolemy/actor/lib/test/auto/BooleanSwitch.xml
6 ms. Memory: 878592K Free: 738664K (84%)
----------------- Invoking toplevel() on ptolemy.moml.MoMLSimpleApplication@4e85130c
----------------- Done invoking toplevel() on ptolemy.moml.MoMLSimpleApplication@4e85130c
reloadAllAccessors: .BooleanSwitch

===========================================================================================
----------------- testing Mon Jul 02 01:27:17 UTC 2018 /home/travis/build/icyphy/ptII/ptolemy/actor/lib/test/auto/BooleanSwitch2.xml
----------------- Instantiating /home/travis/build/icyphy/ptII/ptolemy/actor/lib/test/auto/BooleanSwitch2.xml
1 ms. Memory: 878592K Free: 728287K (83%)
----------------- Invoking toplevel() on ptolemy.moml.MoMLSimpleApplication@371c3d1a
----------------- Done invoking toplevel() on ptolemy.moml.MoMLSimpleApplication@371c3d1a
reloadAllAccessors: .BooleanSwitch2

===========================================================================================
----------------- testing Mon Jul 02 01:27:17 UTC 2018 /home/travis/build/icyphy/ptII/ptolemy/actor/lib/test/auto/BooleanSwitchCloningBugWithClassRelationGroup.xml
----------------- Instantiating /home/travis/build/icyphy/ptII/ptolemy/actor/lib/test/auto/BooleanSwitchCloningBugWithClassRelationGroup.xml
2 ms. Memory: 878592K Free: 708389K (81%)
----------------- Invoking toplevel() on ptolemy.moml.MoMLSimpleApplication@1606766
----------------- Done invoking toplevel() on ptolemy.moml.MoMLSimpleApplication@1606766
reloadAllAccessors: .BooleanSwitchCloningBugWithClassRelationGroup

===========================================================================================
----------------- testing Mon Jul 02 01:27:17 UTC 2018 /home/travis/build/icyphy/ptII/ptolemy/actor/lib/test/auto/BusActors.xml
----------------- Instantiating /home/travis/build/icyphy/ptII/ptolemy/actor/lib/test/auto/BusActors.xml
5 ms. Memory: 878592K Free: 692824K (79%)
----------------- Invoking toplevel() on ptolemy.moml.MoMLSimpleApplication@764e4d41
----------------- Done invoking toplevel() on ptolemy.moml.MoMLSimpleApplication@764e4d41
reloadAllAccessors: .BusActors

===========================================================================================
----------------- testing Mon Jul 02 01:27:17 UTC 2018 /home/travis/build/icyphy/ptII/ptolemy/actor/lib/test/auto/ClassWrapper.xml
----------------- Instantiating /home/travis/build/icyphy/ptII/ptolemy/actor/lib/test/auto/ClassWrapper.xml
3 ms. Memory: 878592K Free: 682448K (78%)
----------------- Invoking toplevel() on ptolemy.moml.MoMLSimpleApplication@734511b4
----------------- Done invoking toplevel() on ptolemy.moml.MoMLSimpleApplication@734511b4
reloadAllAccessors: .ClassWrapper

===========================================================================================
----------------- testing Mon Jul 02 01:27:17 UTC 2018 /home/travis/build/icyphy/ptII/ptolemy/actor/lib/test/auto/Clock.xml
----------------- Instantiating /home/travis/build/icyphy/ptII/ptolemy/actor/lib/test/auto/Clock.xml
2 ms. Memory: 878592K Free: 672071K (76%)
----------------- Invoking toplevel() on ptolemy.moml.MoMLSimpleApplication@2444b86
----------------- Done invoking toplevel() on ptolemy.moml.MoMLSimpleApplication@2444b86
reloadAllAccessors: .Clock

===========================================================================================
----------------- testing Mon Jul 02 01:27:17 UTC 2018 /home/travis/build/icyphy/ptII/ptolemy/actor/lib/test/auto/Clock10.xml
----------------- Instantiating /home/travis/build/icyphy/ptII/ptolemy/actor/lib/test/auto/Clock10.xml
4 ms. Memory: 878592K Free: 652173K (74%)
----------------- Invoking toplevel() on ptolemy.moml.MoMLSimpleApplication@4abcdfe2
----------------- Done invoking toplevel() on ptolemy.moml.MoMLSimpleApplication@4abcdfe2
reloadAllAccessors: .Clock10

===========================================================================================
----------------- testing Mon Jul 02 01:27:17 UTC 2018 /home/travis/build/icyphy/ptII/ptolemy/actor/lib/test/auto/Clock11.xml
----------------- Instantiating /home/travis/build/icyphy/ptII/ptolemy/actor/lib/test/auto/Clock11.xml
5 ms. Memory: 878592K Free: 641796K (73%)
----------------- Invoking toplevel() on ptolemy.moml.MoMLSimpleApplication@62e25cf6
----------------- Done invoking toplevel() on ptolemy.moml.MoMLSimpleApplication@62e25cf6
reloadAllAccessors: .Clock11

===========================================================================================
----------------- testing Mon Jul 02 01:27:17 UTC 2018 /home/travis/build/icyphy/ptII/ptolemy/actor/lib/test/auto/Clock12.xml
----------------- Instantiating /home/travis/build/icyphy/ptII/ptolemy/actor/lib/test/auto/Clock12.xml
3 ms. Memory: 878592K Free: 631420K (72%)
----------------- Invoking toplevel() on ptolemy.moml.MoMLSimpleApplication@78ca587a
----------------- Done invoking toplevel() on ptolemy.moml.MoMLSimpleApplication@78ca587a
reloadAllAccessors: .Clock12

===========================================================================================
----------------- testing Mon Jul 02 01:27:17 UTC 2018 /home/travis/build/icyphy/ptII/ptolemy/actor/lib/test/auto/Clock13.xml
----------------- Instantiating /home/travis/build/icyphy/ptII/ptolemy/actor/lib/test/auto/Clock13.xml
5 ms. Memory: 878592K Free: 621043K (71%)
----------------- Invoking toplevel() on ptolemy.moml.MoMLSimpleApplication@30b1a20b
----------------- Done invoking toplevel() on ptolemy.moml.MoMLSimpleApplication@30b1a20b
reloadAllAccessors: .Clock13

===========================================================================================
----------------- testing Mon Jul 02 01:27:17 UTC 2018 /home/travis/build/icyphy/ptII/ptolemy/actor/lib/test/auto/Clock14.xml
----------------- Instantiating /home/travis/build/icyphy/ptII/ptolemy/actor/lib/test/auto/Clock14.xml
5 ms. Memory: 878592K Free: 610667K (70%)
----------------- Invoking toplevel() on ptolemy.moml.MoMLSimpleApplication@272d068a
----------------- Done invoking toplevel() on ptolemy.moml.MoMLSimpleApplication@272d068a
reloadAllAccessors: .Clock14

===========================================================================================
----------------- testing Mon Jul 02 01:27:17 UTC 2018 /home/travis/build/icyphy/ptII/ptolemy/actor/lib/test/auto/Clock15.xml
----------------- Instantiating /home/travis/build/icyphy/ptII/ptolemy/actor/lib/test/auto/Clock15.xml
2 ms. Memory: 878592K Free: 590768K (67%)
----------------- Invoking toplevel() on ptolemy.moml.MoMLSimpleApplication@43c23171
----------------- Done invoking toplevel() on ptolemy.moml.MoMLSimpleApplication@43c23171
reloadAllAccessors: .Clock15

===========================================================================================
----------------- testing Mon Jul 02 01:27:17 UTC 2018 /home/travis/build/icyphy/ptII/ptolemy/actor/lib/test/auto/Clock16.xml
----------------- Instantiating /home/travis/build/icyphy/ptII/ptolemy/actor/lib/test/auto/Clock16.xml
20 ms. Memory: 878592K Free: 570007K (65%)
----------------- Invoking toplevel() on ptolemy.moml.MoMLSimpleApplication@43cc75de
----------------- Done invoking toplevel() on ptolemy.moml.MoMLSimpleApplication@43cc75de
reloadAllAccessors: .Clock16

===========================================================================================
----------------- testing Mon Jul 02 01:27:17 UTC 2018 /home/travis/build/icyphy/ptII/ptolemy/actor/lib/test/auto/Clock17.xml
----------------- Instantiating /home/travis/build/icyphy/ptII/ptolemy/actor/lib/test/auto/Clock17.xml
25 ms. Memory: 878592K Free: 554426K (63%)
----------------- Invoking toplevel() on ptolemy.moml.MoMLSimpleApplication@437739aa
----------------- Done invoking toplevel() on ptolemy.moml.MoMLSimpleApplication@437739aa
reloadAllAccessors: .Clock17

===========================================================================================
----------------- testing Mon Jul 02 01:27:17 UTC 2018 /home/travis/build/icyphy/ptII/ptolemy/actor/lib/test/auto/Clock18.xml
----------------- Instantiating /home/travis/build/icyphy/ptII/ptolemy/actor/lib/test/auto/Clock18.xml
24 ms. Memory: 878592K Free: 538845K (61%)
----------------- Invoking toplevel() on ptolemy.moml.MoMLSimpleApplication@6d6b1f63
----------------- Done invoking toplevel() on ptolemy.moml.MoMLSimpleApplication@6d6b1f63
reloadAllAccessors: .Clock18

===========================================================================================
----------------- testing Mon Jul 02 01:27:18 UTC 2018 /home/travis/build/icyphy/ptII/ptolemy/actor/lib/test/auto/Clock19.xml
----------------- Instantiating /home/travis/build/icyphy/ptII/ptolemy/actor/lib/test/auto/Clock19.xml
15 ms. Memory: 878592K Free: 513759K (58%)
----------------- Invoking toplevel() on ptolemy.moml.MoMLSimpleApplication@fc3792c
----------------- Done invoking toplevel() on ptolemy.moml.MoMLSimpleApplication@fc3792c
reloadAllAccessors: .Clock19

===========================================================================================
----------------- testing Mon Jul 02 01:27:18 UTC 2018 /home/travis/build/icyphy/ptII/ptolemy/actor/lib/test/auto/Clock2.xml
----------------- Instantiating /home/travis/build/icyphy/ptII/ptolemy/actor/lib/test/auto/Clock2.xml
5 ms. Memory: 878592K Free: 503383K (57%)
----------------- Invoking toplevel() on ptolemy.moml.MoMLSimpleApplication@6c3281de
----------------- Done invoking toplevel() on ptolemy.moml.MoMLSimpleApplication@6c3281de
reloadAllAccessors: .Clock2

===========================================================================================
----------------- testing Mon Jul 02 01:27:18 UTC 2018 /home/travis/build/icyphy/ptII/ptolemy/actor/lib/test/auto/Clock20.xml
----------------- Instantiating /home/travis/build/icyphy/ptII/ptolemy/actor/lib/test/auto/Clock20.xml
4 ms. Memory: 878592K Free: 493006K (56%)
----------------- Invoking toplevel() on ptolemy.moml.MoMLSimpleApplication@6475c01d
----------------- Done invoking toplevel() on ptolemy.moml.MoMLSimpleApplication@6475c01d
reloadAllAccessors: .Clock20

===========================================================================================
----------------- testing Mon Jul 02 01:27:18 UTC 2018 /home/travis/build/icyphy/ptII/ptolemy/actor/lib/test/auto/Clock21.xml
----------------- Instantiating /home/travis/build/icyphy/ptII/ptolemy/actor/lib/test/auto/Clock21.xml
2 ms. Memory: 878592K Free: 482629K (55%)
----------------- Invoking toplevel() on ptolemy.moml.MoMLSimpleApplication@297ab96f
----------------- Done invoking toplevel() on ptolemy.moml.MoMLSimpleApplication@297ab96f
reloadAllAccessors: .Clock21

===========================================================================================
----------------- testing Mon Jul 02 01:27:18 UTC 2018 /home/travis/build/icyphy/ptII/ptolemy/actor/lib/test/auto/Clock22.xml
----------------- Instantiating /home/travis/build/icyphy/ptII/ptolemy/actor/lib/test/auto/Clock22.xml
1 ms. Memory: 878592K Free: 462732K (53%)
----------------- Invoking toplevel() on ptolemy.moml.MoMLSimpleApplication@18326478
----------------- Done invoking toplevel() on ptolemy.moml.MoMLSimpleApplication@18326478
reloadAllAccessors: .Clock22

===========================================================================================
----------------- testing Mon Jul 02 01:27:18 UTC 2018 /home/travis/build/icyphy/ptII/ptolemy/actor/lib/test/auto/Clock23.xml
----------------- Instantiating /home/travis/build/icyphy/ptII/ptolemy/actor/lib/test/auto/Clock23.xml
2 ms. Memory: 878592K Free: 452355K (51%)
----------------- Invoking toplevel() on ptolemy.moml.MoMLSimpleApplication@3260b3eb
----------------- Done invoking toplevel() on ptolemy.moml.MoMLSimpleApplication@3260b3eb
reloadAllAccessors: .Clock23

===========================================================================================
----------------- testing Mon Jul 02 01:27:18 UTC 2018 /home/travis/build/icyphy/ptII/ptolemy/actor/lib/test/auto/Clock24.xml
----------------- Instantiating /home/travis/build/icyphy/ptII/ptolemy/actor/lib/test/auto/Clock24.xml
2 ms. Memory: 878592K Free: 441978K (50%)
----------------- Invoking toplevel() on ptolemy.moml.MoMLSimpleApplication@17b374b5
----------------- Done invoking toplevel() on ptolemy.moml.MoMLSimpleApplication@17b374b5
reloadAllAccessors: .Clock24

===========================================================================================
----------------- testing Mon Jul 02 01:27:18 UTC 2018 /home/travis/build/icyphy/ptII/ptolemy/actor/lib/test/auto/Clock4.xml
----------------- Instantiating /home/travis/build/icyphy/ptII/ptolemy/actor/lib/test/auto/Clock4.xml
2 ms. Memory: 878592K Free: 431602K (49%)
----------------- Invoking toplevel() on ptolemy.moml.MoMLSimpleApplication@15742eb5
----------------- Done invoking toplevel() on ptolemy.moml.MoMLSimpleApplication@15742eb5
reloadAllAccessors: .Clock4

===========================================================================================
----------------- testing Mon Jul 02 01:27:18 UTC 2018 /home/travis/build/icyphy/ptII/ptolemy/actor/lib/test/auto/Clock5.xml
----------------- Instantiating /home/travis/build/icyphy/ptII/ptolemy/actor/lib/test/auto/Clock5.xml
1 ms. Memory: 878592K Free: 411703K (47%)
----------------- Invoking toplevel() on ptolemy.moml.MoMLSimpleApplication@67a4957
----------------- Done invoking toplevel() on ptolemy.moml.MoMLSimpleApplication@67a4957
reloadAllAccessors: .Clock5

===========================================================================================
----------------- testing Mon Jul 02 01:27:18 UTC 2018 /home/travis/build/icyphy/ptII/ptolemy/actor/lib/test/auto/Clock6.xml
----------------- Instantiating /home/travis/build/icyphy/ptII/ptolemy/actor/lib/test/auto/Clock6.xml
1 ms. Memory: 878592K Free: 401327K (46%)
----------------- Invoking toplevel() on ptolemy.moml.MoMLSimpleApplication@62c9a4b5
----------------- Done invoking toplevel() on ptolemy.moml.MoMLSimpleApplication@62c9a4b5
reloadAllAccessors: .Clock6

===========================================================================================
----------------- testing Mon Jul 02 01:27:18 UTC 2018 /home/travis/build/icyphy/ptII/ptolemy/actor/lib/test/auto/Clock7.xml
----------------- Instantiating /home/travis/build/icyphy/ptII/ptolemy/actor/lib/test/auto/Clock7.xml
4 ms. Memory: 878592K Free: 390950K (44%)
----------------- Invoking toplevel() on ptolemy.moml.MoMLSimpleApplication@6ac8a8c9
----------------- Done invoking toplevel() on ptolemy.moml.MoMLSimpleApplication@6ac8a8c9
reloadAllAccessors: .Clock7

===========================================================================================
----------------- testing Mon Jul 02 01:27:18 UTC 2018 /home/travis/build/icyphy/ptII/ptolemy/actor/lib/test/auto/Clock8.xml
----------------- Instantiating /home/travis/build/icyphy/ptII/ptolemy/actor/lib/test/auto/Clock8.xml
3 ms. Memory: 878592K Free: 380574K (43%)
----------------- Invoking toplevel() on ptolemy.moml.MoMLSimpleApplication@6d68a17
----------------- Done invoking toplevel() on ptolemy.moml.MoMLSimpleApplication@6d68a17
reloadAllAccessors: .Clock8

===========================================================================================
----------------- testing Mon Jul 02 01:27:18 UTC 2018 /home/travis/build/icyphy/ptII/ptolemy/actor/lib/test/auto/Clock9.xml
----------------- Instantiating /home/travis/build/icyphy/ptII/ptolemy/actor/lib/test/auto/Clock9.xml
2 ms. Memory: 878592K Free: 370197K (42%)
----------------- Invoking toplevel() on ptolemy.moml.MoMLSimpleApplication@7d7cdc13
----------------- Done invoking toplevel() on ptolemy.moml.MoMLSimpleApplication@7d7cdc13
reloadAllAccessors: .Clock9

===========================================================================================
----------------- testing Mon Jul 02 01:27:18 UTC 2018 /home/travis/build/icyphy/ptII/ptolemy/actor/lib/test/auto/CommDistDiscard.xml
----------------- Instantiating /home/travis/build/icyphy/ptII/ptolemy/actor/lib/test/auto/CommDistDiscard.xml
4 ms. Memory: 878592K Free: 350299K (40%)
----------------- Invoking toplevel() on ptolemy.moml.MoMLSimpleApplication@6a28b441
----------------- Done invoking toplevel() on ptolemy.moml.MoMLSimpleApplication@6a28b441
reloadAllAccessors: .CommDistDiscard

===========================================================================================
----------------- testing Mon Jul 02 01:27:18 UTC 2018 /home/travis/build/icyphy/ptII/ptolemy/actor/lib/test/auto/Commutator.xml
----------------- Instantiating /home/travis/build/icyphy/ptII/ptolemy/actor/lib/test/auto/Commutator.xml
2 ms. Memory: 878592K Free: 339923K (39%)
----------------- Invoking toplevel() on ptolemy.moml.MoMLSimpleApplication@4cb1ebce
----------------- Done invoking toplevel() on ptolemy.moml.MoMLSimpleApplication@4cb1ebce
reloadAllAccessors: .Commutator

===========================================================================================
----------------- testing Mon Jul 02 01:27:18 UTC 2018 /home/travis/build/icyphy/ptII/ptolemy/actor/lib/test/auto/Commutator2.xml
----------------- Instantiating /home/travis/build/icyphy/ptII/ptolemy/actor/lib/test/auto/Commutator2.xml
2 ms. Memory: 878592K Free: 329546K (38%)
----------------- Invoking toplevel() on ptolemy.moml.MoMLSimpleApplication@3e5aa2de
----------------- Done invoking toplevel() on ptolemy.moml.MoMLSimpleApplication@3e5aa2de
reloadAllAccessors: .Commutator2

===========================================================================================
----------------- testing Mon Jul 02 01:27:18 UTC 2018 /home/travis/build/icyphy/ptII/ptolemy/actor/lib/test/auto/Commutator3.xml
----------------- Instantiating /home/travis/build/icyphy/ptII/ptolemy/actor/lib/test/auto/Commutator3.xml
2 ms. Memory: 878592K Free: 319169K (36%)
----------------- Invoking toplevel() on ptolemy.moml.MoMLSimpleApplication@2866fc5a
----------------- Done invoking toplevel() on ptolemy.moml.MoMLSimpleApplication@2866fc5a
reloadAllAccessors: .Commutator3

===========================================================================================
----------------- testing Mon Jul 02 01:27:18 UTC 2018 /home/travis/build/icyphy/ptII/ptolemy/actor/lib/test/auto/Compare.xml
----------------- Instantiating /home/travis/build/icyphy/ptII/ptolemy/actor/lib/test/auto/Compare.xml
2 ms. Memory: 878592K Free: 299271K (34%)
----------------- Invoking toplevel() on ptolemy.moml.MoMLSimpleApplication@3a1ad611
----------------- Done invoking toplevel() on ptolemy.moml.MoMLSimpleApplication@3a1ad611
reloadAllAccessors: .Compare

===========================================================================================
----------------- testing Mon Jul 02 01:27:18 UTC 2018 /home/travis/build/icyphy/ptII/ptolemy/actor/lib/test/auto/CompareDE.xml
----------------- Instantiating /home/travis/build/icyphy/ptII/ptolemy/actor/lib/test/auto/CompareDE.xml
5 ms. Memory: 878592K Free: 281112K (32%)
----------------- Invoking toplevel() on ptolemy.moml.MoMLSimpleApplication@3a43cfca
----------------- Done invoking toplevel() on ptolemy.moml.MoMLSimpleApplication@3a43cfca
reloadAllAccessors: .CompareDE

===========================================================================================
----------------- testing Mon Jul 02 01:27:18 UTC 2018 /home/travis/build/icyphy/ptII/ptolemy/actor/lib/test/auto/ComplexDivide.xml
----------------- Instantiating /home/travis/build/icyphy/ptII/ptolemy/actor/lib/test/auto/ComplexDivide.xml
1 ms. Memory: 878592K Free: 270736K (31%)
----------------- Invoking toplevel() on ptolemy.moml.MoMLSimpleApplication@3644a001
----------------- Done invoking toplevel() on ptolemy.moml.MoMLSimpleApplication@3644a001
reloadAllAccessors: .ComplexDivide

===========================================================================================
----------------- testing Mon Jul 02 01:27:18 UTC 2018 /home/travis/build/icyphy/ptII/ptolemy/actor/lib/test/auto/ComputeHistogram.xml
----------------- Instantiating /home/travis/build/icyphy/ptII/ptolemy/actor/lib/test/auto/ComputeHistogram.xml
37 ms. Memory: 878592K Free: 255171K (29%)
----------------- Invoking toplevel() on ptolemy.moml.MoMLSimpleApplication@75429c3
----------------- Done invoking toplevel() on ptolemy.moml.MoMLSimpleApplication@75429c3
reloadAllAccessors: .ComputeHistogram

===========================================================================================
----------------- testing Mon Jul 02 01:27:18 UTC 2018 /home/travis/build/icyphy/ptII/ptolemy/actor/lib/test/auto/ConfigurationSelect.xml
----------------- Instantiating /home/travis/build/icyphy/ptII/ptolemy/actor/lib/test/auto/ConfigurationSelect.xml
5 ms. Memory: 878592K Free: 235273K (27%)
----------------- Invoking toplevel() on ptolemy.moml.MoMLSimpleApplication@22c44659
----------------- Done invoking toplevel() on ptolemy.moml.MoMLSimpleApplication@22c44659
reloadAllAccessors: .ConfigurationSelect

===========================================================================================
----------------- testing Mon Jul 02 01:27:18 UTC 2018 /home/travis/build/icyphy/ptII/ptolemy/actor/lib/test/auto/ConfigurationSelect2.xml
----------------- Instantiating /home/travis/build/icyphy/ptII/ptolemy/actor/lib/test/auto/ConfigurationSelect2.xml
3 ms. Memory: 878592K Free: 224896K (26%)
----------------- Invoking toplevel() on ptolemy.moml.MoMLSimpleApplication@5191699a
----------------- Done invoking toplevel() on ptolemy.moml.MoMLSimpleApplication@5191699a
reloadAllAccessors: .ConfigurationSelect2

===========================================================================================
----------------- testing Mon Jul 02 01:27:18 UTC 2018 /home/travis/build/icyphy/ptII/ptolemy/actor/lib/test/auto/ConfigurationSwitch.xml
----------------- Instantiating /home/travis/build/icyphy/ptII/ptolemy/actor/lib/test/auto/ConfigurationSwitch.xml
3 ms. Memory: 878592K Free: 214520K (24%)
----------------- Invoking toplevel() on ptolemy.moml.MoMLSimpleApplication@14a2ce7d
----------------- Done invoking toplevel() on ptolemy.moml.MoMLSimpleApplication@14a2ce7d
reloadAllAccessors: .ConfigurationSwitch

===========================================================================================
----------------- testing Mon Jul 02 01:27:18 UTC 2018 /home/travis/build/icyphy/ptII/ptolemy/actor/lib/test/auto/ConfigurationSwitch2.xml
----------------- Instantiating /home/travis/build/icyphy/ptII/ptolemy/actor/lib/test/auto/ConfigurationSwitch2.xml
3 ms. Memory: 878592K Free: 204143K (23%)
----------------- Invoking toplevel() on ptolemy.moml.MoMLSimpleApplication@12ea4ffc
----------------- Done invoking toplevel() on ptolemy.moml.MoMLSimpleApplication@12ea4ffc
reloadAllAccessors: .ConfigurationSwitch2

===========================================================================================
----------------- testing Mon Jul 02 01:27:18 UTC 2018 /home/travis/build/icyphy/ptII/ptolemy/actor/lib/test/auto/ConfigurationSwitchCloningBugWithClassRelationGroup.xml
----------------- Instantiating /home/travis/build/icyphy/ptII/ptolemy/actor/lib/test/auto/ConfigurationSwitchCloningBugWithClassRelationGroup.xml
2 ms. Memory: 878592K Free: 179056K (20%)
----------------- Invoking toplevel() on ptolemy.moml.MoMLSimpleApplication@31940545
----------------- Done invoking toplevel() on ptolemy.moml.MoMLSimpleApplication@31940545
reloadAllAccessors: .ConfigurationSwitchCloningBugWithClassRelationGroup

===========================================================================================
----------------- testing Mon Jul 02 01:27:18 UTC 2018 /home/travis/build/icyphy/ptII/ptolemy/actor/lib/test/auto/ConfigurationSwitchSelectSDF.xml
----------------- Instantiating /home/travis/build/icyphy/ptII/ptolemy/actor/lib/test/auto/ConfigurationSwitchSelectSDF.xml
3 ms. Memory: 878592K Free: 168680K (19%)
----------------- Invoking toplevel() on ptolemy.moml.MoMLSimpleApplication@28bc54a5
----------------- Done invoking toplevel() on ptolemy.moml.MoMLSimpleApplication@28bc54a5
reloadAllAccessors: .ConfigurationSwitchSelectSDF

===========================================================================================
----------------- testing Mon Jul 02 01:27:18 UTC 2018 /home/travis/build/icyphy/ptII/ptolemy/actor/lib/test/auto/ConfigurationSwitchSelectSDF2.xml
----------------- Instantiating /home/travis/build/icyphy/ptII/ptolemy/actor/lib/test/auto/ConfigurationSwitchSelectSDF2.xml
2 ms. Memory: 878592K Free: 158303K (18%)
----------------- Invoking toplevel() on ptolemy.moml.MoMLSimpleApplication@f8c366a
----------------- Done invoking toplevel() on ptolemy.moml.MoMLSimpleApplication@f8c366a
reloadAllAccessors: .ConfigurationSwitchSelectSDF2

===========================================================================================
----------------- testing Mon Jul 02 01:27:18 UTC 2018 /home/travis/build/icyphy/ptII/ptolemy/actor/lib/test/auto/Const.xml
----------------- Instantiating /home/travis/build/icyphy/ptII/ptolemy/actor/lib/test/auto/Const.xml
2 ms. Memory: 878592K Free: 147927K (17%)
----------------- Invoking toplevel() on ptolemy.moml.MoMLSimpleApplication@20d44e5
----------------- Done invoking toplevel() on ptolemy.moml.MoMLSimpleApplication@20d44e5
reloadAllAccessors: .Const

===========================================================================================
----------------- testing Mon Jul 02 01:27:18 UTC 2018 /home/travis/build/icyphy/ptII/ptolemy/actor/lib/test/auto/Const2.xml
----------------- Instantiating /home/travis/build/icyphy/ptII/ptolemy/actor/lib/test/auto/Const2.xml
1 ms. Memory: 878592K Free: 128028K (15%)
----------------- Invoking toplevel() on ptolemy.moml.MoMLSimpleApplication@707137b1
----------------- Done invoking toplevel() on ptolemy.moml.MoMLSimpleApplication@707137b1
reloadAllAccessors: .Const2

===========================================================================================
----------------- testing Mon Jul 02 01:27:18 UTC 2018 /home/travis/build/icyphy/ptII/ptolemy/actor/lib/test/auto/Const3.xml
----------------- Instantiating /home/travis/build/icyphy/ptII/ptolemy/actor/lib/test/auto/Const3.xml
1 ms. Memory: 878592K Free: 117652K (13%)
----------------- Invoking toplevel() on ptolemy.moml.MoMLSimpleApplication@5631e00c
----------------- Done invoking toplevel() on ptolemy.moml.MoMLSimpleApplication@5631e00c
reloadAllAccessors: .Const3

===========================================================================================
----------------- testing Mon Jul 02 01:27:18 UTC 2018 /home/travis/build/icyphy/ptII/ptolemy/actor/lib/test/auto/ConstantPublisherPort1.xml
----------------- Instantiating /home/travis/build/icyphy/ptII/ptolemy/actor/lib/test/auto/ConstantPublisherPort1.xml
7 ms. Memory: 878592K Free: 102071K (12%)
----------------- Invoking toplevel() on ptolemy.moml.MoMLSimpleApplication@2818a10d
----------------- Done invoking toplevel() on ptolemy.moml.MoMLSimpleApplication@2818a10d
reloadAllAccessors: .ConstantPublisherPort1

===========================================================================================
----------------- testing Mon Jul 02 01:27:18 UTC 2018 /home/travis/build/icyphy/ptII/ptolemy/actor/lib/test/auto/ConstantPublisherPort2.xml
----------------- Instantiating /home/travis/build/icyphy/ptII/ptolemy/actor/lib/test/auto/ConstantPublisherPort2.xml
4 ms. Memory: 878592K Free: 86490K (10%)
----------------- Invoking toplevel() on ptolemy.moml.MoMLSimpleApplication@2042d428
----------------- Done invoking toplevel() on ptolemy.moml.MoMLSimpleApplication@2042d428
reloadAllAccessors: .ConstantPublisherPort2

===========================================================================================
----------------- testing Mon Jul 02 01:27:18 UTC 2018 /home/travis/build/icyphy/ptII/ptolemy/actor/lib/test/auto/ConstantPublisherPort3.xml
----------------- Instantiating /home/travis/build/icyphy/ptII/ptolemy/actor/lib/test/auto/ConstantPublisherPort3.xml
5 ms. Memory: 878592K Free: 61388K (7%)
----------------- Invoking toplevel() on ptolemy.moml.MoMLSimpleApplication@131381f6
----------------- Done invoking toplevel() on ptolemy.moml.MoMLSimpleApplication@131381f6
reloadAllAccessors: .ConstantPublisherPort3

===========================================================================================
----------------- testing Mon Jul 02 01:27:18 UTC 2018 /home/travis/build/icyphy/ptII/ptolemy/actor/lib/test/auto/ConstantPublisherPort4.xml
----------------- Instantiating /home/travis/build/icyphy/ptII/ptolemy/actor/lib/test/auto/ConstantPublisherPort4.xml
3 ms. Memory: 879616K Free: 829768K (94%)
----------------- Invoking toplevel() on ptolemy.moml.MoMLSimpleApplication@17750e44
----------------- Done invoking toplevel() on ptolemy.moml.MoMLSimpleApplication@17750e44
reloadAllAccessors: .ConstantPublisherPort4

===========================================================================================
----------------- testing Mon Jul 02 01:27:18 UTC 2018 /home/travis/build/icyphy/ptII/ptolemy/actor/lib/test/auto/ConstantPublisherPort5.xml
----------------- Instantiating /home/travis/build/icyphy/ptII/ptolemy/actor/lib/test/auto/ConstantPublisherPort5.xml
27 ms. Memory: 879616K Free: 803032K (91%)
----------------- Invoking toplevel() on ptolemy.moml.MoMLSimpleApplication@47814f76
----------------- Done invoking toplevel() on ptolemy.moml.MoMLSimpleApplication@47814f76
reloadAllAccessors: .ConstantPublisherPort5

===========================================================================================
----------------- testing Mon Jul 02 01:27:18 UTC 2018 /home/travis/build/icyphy/ptII/ptolemy/actor/lib/test/auto/ConstantPublisherPort6.xml
----------------- Instantiating /home/travis/build/icyphy/ptII/ptolemy/actor/lib/test/auto/ConstantPublisherPort6.xml
13 ms. Memory: 879616K Free: 779668K (89%)
----------------- Invoking toplevel() on ptolemy.moml.MoMLSimpleApplication@2f69c5f4
----------------- Done invoking toplevel() on ptolemy.moml.MoMLSimpleApplication@2f69c5f4
reloadAllAccessors: .ConstantPublisherPort6

===========================================================================================
----------------- testing Mon Jul 02 01:27:19 UTC 2018 /home/travis/build/icyphy/ptII/ptolemy/actor/lib/test/auto/ConstantPublisherPort7.xml
----------------- Instantiating /home/travis/build/icyphy/ptII/ptolemy/actor/lib/test/auto/ConstantPublisherPort7.xml
15 ms. Memory: 879616K Free: 756305K (86%)
----------------- Invoking toplevel() on ptolemy.moml.MoMLSimpleApplication@5db33968
----------------- Done invoking toplevel() on ptolemy.moml.MoMLSimpleApplication@5db33968
reloadAllAccessors: .ConstantPublisherPort7

===========================================================================================
----------------- testing Mon Jul 02 01:27:19 UTC 2018 /home/travis/build/icyphy/ptII/ptolemy/actor/lib/test/auto/ConstraintMonitor1.xml
----------------- Instantiating /home/travis/build/icyphy/ptII/ptolemy/actor/lib/test/auto/ConstraintMonitor1.xml
4 ms. Memory: 879616K Free: 741419K (84%)
----------------- Invoking toplevel() on ptolemy.moml.MoMLSimpleApplication@3bd32f2c
----------------- Done invoking toplevel() on ptolemy.moml.MoMLSimpleApplication@3bd32f2c
reloadAllAccessors: .ConstraintMonitor1

===========================================================================================
----------------- testing Mon Jul 02 01:27:19 UTC 2018 /home/travis/build/icyphy/ptII/ptolemy/actor/lib/test/auto/ConstraintMonitor2.xml
----------------- Instantiating /home/travis/build/icyphy/ptII/ptolemy/actor/lib/test/auto/ConstraintMonitor2.xml
8 ms. Memory: 879616K Free: 733637K (83%)
----------------- Invoking toplevel() on ptolemy.moml.MoMLSimpleApplication@5ed39a48
----------------- Done invoking toplevel() on ptolemy.moml.MoMLSimpleApplication@5ed39a48
reloadAllAccessors: .ConstraintMonitor2

===========================================================================================
----------------- testing Mon Jul 02 01:27:19 UTC 2018 /home/travis/build/icyphy/ptII/ptolemy/actor/lib/test/auto/ConstraintMonitor3.xml
----------------- Instantiating /home/travis/build/icyphy/ptII/ptolemy/actor/lib/test/auto/ConstraintMonitor3.xml
4 ms. Memory: 879616K Free: 725855K (83%)
----------------- Invoking toplevel() on ptolemy.moml.MoMLSimpleApplication@35b14a2c
----------------- Done invoking toplevel() on ptolemy.moml.MoMLSimpleApplication@35b14a2c
reloadAllAccessors: .ConstraintMonitor3

===========================================================================================
----------------- testing Mon Jul 02 01:27:19 UTC 2018 /home/travis/build/icyphy/ptII/ptolemy/actor/lib/test/auto/ConstraintMonitor4.xml
----------------- Instantiating /home/travis/build/icyphy/ptII/ptolemy/actor/lib/test/auto/ConstraintMonitor4.xml
2 ms. Memory: 879616K Free: 710969K (81%)
----------------- Invoking toplevel() on ptolemy.moml.MoMLSimpleApplication@39a05df5
----------------- Done invoking toplevel() on ptolemy.moml.MoMLSimpleApplication@39a05df5
reloadAllAccessors: .ConstraintMonitor4

===========================================================================================
----------------- testing Mon Jul 02 01:27:19 UTC 2018 /home/travis/build/icyphy/ptII/ptolemy/actor/lib/test/auto/ConstraintMonitor5.xml
----------------- Instantiating /home/travis/build/icyphy/ptII/ptolemy/actor/lib/test/auto/ConstraintMonitor5.xml
5 ms. Memory: 879616K Free: 703187K (80%)
----------------- Invoking toplevel() on ptolemy.moml.MoMLSimpleApplication@5dd00f0b
----------------- Done invoking toplevel() on ptolemy.moml.MoMLSimpleApplication@5dd00f0b
reloadAllAccessors: .ConstraintMonitor5

===========================================================================================
----------------- testing Mon Jul 02 01:27:19 UTC 2018 /home/travis/build/icyphy/ptII/ptolemy/actor/lib/test/auto/ConstraintMonitor6.xml
----------------- Instantiating /home/travis/build/icyphy/ptII/ptolemy/actor/lib/test/auto/ConstraintMonitor6.xml
7 ms. Memory: 879616K Free: 691513K (79%)
----------------- Invoking toplevel() on ptolemy.moml.MoMLSimpleApplication@62f9433a
----------------- Done invoking toplevel() on ptolemy.moml.MoMLSimpleApplication@62f9433a
reloadAllAccessors: .ConstraintMonitor6

===========================================================================================
----------------- testing Mon Jul 02 01:27:19 UTC 2018 /home/travis/build/icyphy/ptII/ptolemy/actor/lib/test/auto/ConstraintMonitor7.xml
----------------- Instantiating /home/travis/build/icyphy/ptII/ptolemy/actor/lib/test/auto/ConstraintMonitor7.xml
7 ms. Memory: 879616K Free: 672736K (76%)
----------------- Invoking toplevel() on ptolemy.moml.MoMLSimpleApplication@15f5aa53
----------------- Done invoking toplevel() on ptolemy.moml.MoMLSimpleApplication@15f5aa53
reloadAllAccessors: .ConstraintMonitor7

===========================================================================================
----------------- testing Mon Jul 02 01:27:19 UTC 2018 /home/travis/build/icyphy/ptII/ptolemy/actor/lib/test/auto/ConstraintMonitor8.xml
----------------- Instantiating /home/travis/build/icyphy/ptII/ptolemy/actor/lib/test/auto/ConstraintMonitor8.xml
7 ms. Memory: 879616K Free: 661047K (75%)
----------------- Invoking toplevel() on ptolemy.moml.MoMLSimpleApplication@18ef4290
----------------- Done invoking toplevel() on ptolemy.moml.MoMLSimpleApplication@18ef4290
reloadAllAccessors: .ConstraintMonitor8

===========================================================================================
----------------- testing Mon Jul 02 01:27:19 UTC 2018 /home/travis/build/icyphy/ptII/ptolemy/actor/lib/test/auto/Counter.xml
----------------- Instantiating /home/travis/build/icyphy/ptII/ptolemy/actor/lib/test/auto/Counter.xml
3 ms. Memory: 879616K Free: 653264K (74%)
----------------- Invoking toplevel() on ptolemy.moml.MoMLSimpleApplication@4144bb34
----------------- Done invoking toplevel() on ptolemy.moml.MoMLSimpleApplication@4144bb34
reloadAllAccessors: .Counter

===========================================================================================
----------------- testing Mon Jul 02 01:27:19 UTC 2018 /home/travis/build/icyphy/ptII/ptolemy/actor/lib/test/auto/CurrentTimeSDF.xml
----------------- Instantiating /home/travis/build/icyphy/ptII/ptolemy/actor/lib/test/auto/CurrentTimeSDF.xml
1 ms. Memory: 879616K Free: 638379K (73%)
----------------- Invoking toplevel() on ptolemy.moml.MoMLSimpleApplication@43d974be
----------------- Done invoking toplevel() on ptolemy.moml.MoMLSimpleApplication@43d974be
reloadAllAccessors: .CurrentTimeSDF

===========================================================================================
----------------- testing Mon Jul 02 01:27:19 UTC 2018 /home/travis/build/icyphy/ptII/ptolemy/actor/lib/test/auto/DB.xml
----------------- Instantiating /home/travis/build/icyphy/ptII/ptolemy/actor/lib/test/auto/DB.xml
3 ms. Memory: 879616K Free: 630597K (72%)
----------------- Invoking toplevel() on ptolemy.moml.MoMLSimpleApplication@c08976a
----------------- Done invoking toplevel() on ptolemy.moml.MoMLSimpleApplication@c08976a
reloadAllAccessors: .DB

===========================================================================================
----------------- testing Mon Jul 02 01:27:19 UTC 2018 /home/travis/build/icyphy/ptII/ptolemy/actor/lib/test/auto/DBDE.xml
----------------- Instantiating /home/travis/build/icyphy/ptII/ptolemy/actor/lib/test/auto/DBDE.xml
2 ms. Memory: 879616K Free: 618907K (70%)
----------------- Invoking toplevel() on ptolemy.moml.MoMLSimpleApplication@144312f
----------------- Done invoking toplevel() on ptolemy.moml.MoMLSimpleApplication@144312f
reloadAllAccessors: .DBDE

===========================================================================================
----------------- testing Mon Jul 02 01:27:19 UTC 2018 /home/travis/build/icyphy/ptII/ptolemy/actor/lib/test/auto/DateConstructor.xml
----------------- Instantiating /home/travis/build/icyphy/ptII/ptolemy/actor/lib/test/auto/DateConstructor.xml
14 ms. Memory: 879616K Free: 592316K (67%)
----------------- Invoking toplevel() on ptolemy.moml.MoMLSimpleApplication@c59641a
----------------- Done invoking toplevel() on ptolemy.moml.MoMLSimpleApplication@c59641a
reloadAllAccessors: .DateConstructor

===========================================================================================
----------------- testing Mon Jul 02 01:27:19 UTC 2018 /home/travis/build/icyphy/ptII/ptolemy/actor/lib/test/auto/DelayTime.xml
----------------- Instantiating /home/travis/build/icyphy/ptII/ptolemy/actor/lib/test/auto/DelayTime.xml
4 ms. Memory: 879616K Free: 584534K (66%)
----------------- Invoking toplevel() on ptolemy.moml.MoMLSimpleApplication@98eb94e
----------------- Done invoking toplevel() on ptolemy.moml.MoMLSimpleApplication@98eb94e
reloadAllAccessors: .DelayTime

===========================================================================================
----------------- testing Mon Jul 02 01:27:19 UTC 2018 /home/travis/build/icyphy/ptII/ptolemy/actor/lib/test/auto/Dictionary1.xml
----------------- Instantiating /home/travis/build/icyphy/ptII/ptolemy/actor/lib/test/auto/Dictionary1.xml
2 ms. Memory: 879616K Free: 576751K (66%)
----------------- Invoking toplevel() on ptolemy.moml.MoMLSimpleApplication@2c240333
----------------- Done invoking toplevel() on ptolemy.moml.MoMLSimpleApplication@2c240333
reloadAllAccessors: .Dictionary1

===========================================================================================
----------------- testing Mon Jul 02 01:27:19 UTC 2018 /home/travis/build/icyphy/ptII/ptolemy/actor/lib/test/auto/Dictionary2.xml
----------------- Instantiating /home/travis/build/icyphy/ptII/ptolemy/actor/lib/test/auto/Dictionary2.xml
3 ms. Memory: 879616K Free: 561866K (64%)
----------------- Invoking toplevel() on ptolemy.moml.MoMLSimpleApplication@c7b0bbe
----------------- Done invoking toplevel() on ptolemy.moml.MoMLSimpleApplication@c7b0bbe
reloadAllAccessors: .Dictionary2

===========================================================================================
----------------- testing Mon Jul 02 01:27:19 UTC 2018 /home/travis/build/icyphy/ptII/ptolemy/actor/lib/test/auto/Dictionary3.xml
----------------- Instantiating /home/travis/build/icyphy/ptII/ptolemy/actor/lib/test/auto/Dictionary3.xml
1 ms. Memory: 879616K Free: 554083K (63%)
----------------- Invoking toplevel() on ptolemy.moml.MoMLSimpleApplication@2d2aa345
----------------- Done invoking toplevel() on ptolemy.moml.MoMLSimpleApplication@2d2aa345
reloadAllAccessors: .Dictionary3

===========================================================================================
----------------- testing Mon Jul 02 01:27:19 UTC 2018 /home/travis/build/icyphy/ptII/ptolemy/actor/lib/test/auto/Dictionary4.xml
----------------- Instantiating /home/travis/build/icyphy/ptII/ptolemy/actor/lib/test/auto/Dictionary4.xml
2 ms. Memory: 879616K Free: 542410K (62%)
----------------- Invoking toplevel() on ptolemy.moml.MoMLSimpleApplication@782478e6
----------------- Done invoking toplevel() on ptolemy.moml.MoMLSimpleApplication@782478e6
reloadAllAccessors: .Dictionary4

===========================================================================================
----------------- testing Mon Jul 02 01:27:19 UTC 2018 /home/travis/build/icyphy/ptII/ptolemy/actor/lib/test/auto/Differential.xml
----------------- Instantiating /home/travis/build/icyphy/ptII/ptolemy/actor/lib/test/auto/Differential.xml
1 ms. Memory: 879616K Free: 527524K (60%)
----------------- Invoking toplevel() on ptolemy.moml.MoMLSimpleApplication@60b8f0d3
----------------- Done invoking toplevel() on ptolemy.moml.MoMLSimpleApplication@60b8f0d3
reloadAllAccessors: .Differential

===========================================================================================
----------------- testing Mon Jul 02 01:27:19 UTC 2018 /home/travis/build/icyphy/ptII/ptolemy/actor/lib/test/auto/Director.xml
----------------- Instantiating /home/travis/build/icyphy/ptII/ptolemy/actor/lib/test/auto/Director.xml
2 ms. Memory: 879616K Free: 519742K (59%)
----------------- Invoking toplevel() on ptolemy.moml.MoMLSimpleApplication@4e8d448d
----------------- Done invoking toplevel() on ptolemy.moml.MoMLSimpleApplication@4e8d448d
reloadAllAccessors: .Director

===========================================================================================
----------------- testing Mon Jul 02 01:27:19 UTC 2018 /home/travis/build/icyphy/ptII/ptolemy/actor/lib/test/auto/DiscreteClock.xml
----------------- Instantiating /home/travis/build/icyphy/ptII/ptolemy/actor/lib/test/auto/DiscreteClock.xml
1 ms. Memory: 879616K Free: 511959K (58%)
----------------- Invoking toplevel() on ptolemy.moml.MoMLSimpleApplication@52e56ab9
----------------- Done invoking toplevel() on ptolemy.moml.MoMLSimpleApplication@52e56ab9
reloadAllAccessors: .DiscreteClock

===========================================================================================
----------------- testing Mon Jul 02 01:27:19 UTC 2018 /home/travis/build/icyphy/ptII/ptolemy/actor/lib/test/auto/DiscreteClock10.xml
----------------- Instantiating /home/travis/build/icyphy/ptII/ptolemy/actor/lib/test/auto/DiscreteClock10.xml
1 ms. Memory: 879616K Free: 497074K (57%)
----------------- Invoking toplevel() on ptolemy.moml.MoMLSimpleApplication@30090ef9
----------------- Done invoking toplevel() on ptolemy.moml.MoMLSimpleApplication@30090ef9
reloadAllAccessors: .DiscreteClock10

===========================================================================================
----------------- testing Mon Jul 02 01:27:19 UTC 2018 /home/travis/build/icyphy/ptII/ptolemy/actor/lib/test/auto/DiscreteClock11.xml
----------------- Instantiating /home/travis/build/icyphy/ptII/ptolemy/actor/lib/test/auto/DiscreteClock11.xml
2 ms. Memory: 879616K Free: 489292K (56%)
----------------- Invoking toplevel() on ptolemy.moml.MoMLSimpleApplication@6b79661c
----------------- Done invoking toplevel() on ptolemy.moml.MoMLSimpleApplication@6b79661c
reloadAllAccessors: .DiscreteClock11

===========================================================================================
----------------- testing Mon Jul 02 01:27:19 UTC 2018 /home/travis/build/icyphy/ptII/ptolemy/actor/lib/test/auto/DiscreteClock12.xml
----------------- Instantiating /home/travis/build/icyphy/ptII/ptolemy/actor/lib/test/auto/DiscreteClock12.xml
2 ms. Memory: 879616K Free: 481509K (55%)
----------------- Invoking toplevel() on ptolemy.moml.MoMLSimpleApplication@6e6dc3ff
----------------- Done invoking toplevel() on ptolemy.moml.MoMLSimpleApplication@6e6dc3ff
reloadAllAccessors: .DiscreteClock12

===========================================================================================
----------------- testing Mon Jul 02 01:27:19 UTC 2018 /home/travis/build/icyphy/ptII/ptolemy/actor/lib/test/auto/DiscreteClock13.xml
----------------- Instantiating /home/travis/build/icyphy/ptII/ptolemy/actor/lib/test/auto/DiscreteClock13.xml
2 ms. Memory: 879616K Free: 466340K (53%)
----------------- Invoking toplevel() on ptolemy.moml.MoMLSimpleApplication@303dd7bb
----------------- Done invoking toplevel() on ptolemy.moml.MoMLSimpleApplication@303dd7bb
reloadAllAccessors: .DiscreteClock13

===========================================================================================
----------------- testing Mon Jul 02 01:27:19 UTC 2018 /home/travis/build/icyphy/ptII/ptolemy/actor/lib/test/auto/DiscreteClock14.xml
----------------- Instantiating /home/travis/build/icyphy/ptII/ptolemy/actor/lib/test/auto/DiscreteClock14.xml
2 ms. Memory: 879616K Free: 458558K (52%)
----------------- Invoking toplevel() on ptolemy.moml.MoMLSimpleApplication@66b47eda
----------------- Done invoking toplevel() on ptolemy.moml.MoMLSimpleApplication@66b47eda
reloadAllAccessors: .DiscreteClock14

===========================================================================================
----------------- testing Mon Jul 02 01:27:19 UTC 2018 /home/travis/build/icyphy/ptII/ptolemy/actor/lib/test/auto/DiscreteClock15.xml
----------------- Instantiating /home/travis/build/icyphy/ptII/ptolemy/actor/lib/test/auto/DiscreteClock15.xml
2 ms. Memory: 879616K Free: 450775K (51%)
----------------- Invoking toplevel() on ptolemy.moml.MoMLSimpleApplication@1ad19e25
----------------- Done invoking toplevel() on ptolemy.moml.MoMLSimpleApplication@1ad19e25
reloadAllAccessors: .DiscreteClock15

===========================================================================================
----------------- testing Mon Jul 02 01:27:19 UTC 2018 /home/travis/build/icyphy/ptII/ptolemy/actor/lib/test/auto/DiscreteClock16.xml
----------------- Instantiating /home/travis/build/icyphy/ptII/ptolemy/actor/lib/test/auto/DiscreteClock16.xml
8 ms. Memory: 879616K Free: 428107K (49%)
----------------- Invoking toplevel() on ptolemy.moml.MoMLSimpleApplication@55146491
----------------- Done invoking toplevel() on ptolemy.moml.MoMLSimpleApplication@55146491
reloadAllAccessors: .DiscreteClock16

===========================================================================================
----------------- testing Mon Jul 02 01:27:19 UTC 2018 /home/travis/build/icyphy/ptII/ptolemy/actor/lib/test/auto/DiscreteClock17.xml
----------------- Instantiating /home/travis/build/icyphy/ptII/ptolemy/actor/lib/test/auto/DiscreteClock17.xml
9 ms. Memory: 879616K Free: 412526K (47%)
----------------- Invoking toplevel() on ptolemy.moml.MoMLSimpleApplication@45529916
----------------- Done invoking toplevel() on ptolemy.moml.MoMLSimpleApplication@45529916
reloadAllAccessors: .DiscreteClock17

===========================================================================================
----------------- testing Mon Jul 02 01:27:19 UTC 2018 /home/travis/build/icyphy/ptII/ptolemy/actor/lib/test/auto/DiscreteClock18.xml
----------------- Instantiating /home/travis/build/icyphy/ptII/ptolemy/actor/lib/test/auto/DiscreteClock18.xml
7 ms. Memory: 879616K Free: 396961K (45%)
----------------- Invoking toplevel() on ptolemy.moml.MoMLSimpleApplication@1a93ab5f
----------------- Done invoking toplevel() on ptolemy.moml.MoMLSimpleApplication@1a93ab5f
reloadAllAccessors: .DiscreteClock18

===========================================================================================
----------------- testing Mon Jul 02 01:27:19 UTC 2018 /home/travis/build/icyphy/ptII/ptolemy/actor/lib/test/auto/DiscreteClock19.xml
----------------- Instantiating /home/travis/build/icyphy/ptII/ptolemy/actor/lib/test/auto/DiscreteClock19.xml
436 ms. Memory: 1362944K Free: 1314355K (96%)
----------------- Invoking toplevel() on ptolemy.moml.MoMLSimpleApplication@36a6b20b
----------------- Done invoking toplevel() on ptolemy.moml.MoMLSimpleApplication@36a6b20b
reloadAllAccessors: .DiscreteClock19

===========================================================================================
----------------- testing Mon Jul 02 01:27:20 UTC 2018 /home/travis/build/icyphy/ptII/ptolemy/actor/lib/test/auto/DiscreteClock2.xml
----------------- Instantiating /home/travis/build/icyphy/ptII/ptolemy/actor/lib/test/auto/DiscreteClock2.xml
6 ms. Memory: 1362944K Free: 1289682K (95%)
----------------- Invoking toplevel() on ptolemy.moml.MoMLSimpleApplication@25a45817
----------------- Done invoking toplevel() on ptolemy.moml.MoMLSimpleApplication@25a45817
reloadAllAccessors: .DiscreteClock2

===========================================================================================
----------------- testing Mon Jul 02 01:27:20 UTC 2018 /home/travis/build/icyphy/ptII/ptolemy/actor/lib/test/auto/DiscreteClock20.xml
----------------- Instantiating /home/travis/build/icyphy/ptII/ptolemy/actor/lib/test/auto/DiscreteClock20.xml
9 ms. Memory: 1362944K Free: 1277230K (94%)
----------------- Invoking toplevel() on ptolemy.moml.MoMLSimpleApplication@510cbdf
----------------- Done invoking toplevel() on ptolemy.moml.MoMLSimpleApplication@510cbdf
reloadAllAccessors: .DiscreteClock20

===========================================================================================
----------------- testing Mon Jul 02 01:27:20 UTC 2018 /home/travis/build/icyphy/ptII/ptolemy/actor/lib/test/auto/DiscreteClock21.xml
----------------- Instantiating /home/travis/build/icyphy/ptII/ptolemy/actor/lib/test/auto/DiscreteClock21.xml
7 ms. Memory: 1362944K Free: 1264778K (93%)
----------------- Invoking toplevel() on ptolemy.moml.MoMLSimpleApplication@22fde4c8
----------------- Done invoking toplevel() on ptolemy.moml.MoMLSimpleApplication@22fde4c8
reloadAllAccessors: .DiscreteClock21

===========================================================================================
----------------- testing Mon Jul 02 01:27:20 UTC 2018 /home/travis/build/icyphy/ptII/ptolemy/actor/lib/test/auto/DiscreteClock22.xml
----------------- Instantiating /home/travis/build/icyphy/ptII/ptolemy/actor/lib/test/auto/DiscreteClock22.xml
7 ms. Memory: 1362944K Free: 1243427K (91%)
----------------- Invoking toplevel() on ptolemy.moml.MoMLSimpleApplication@70ca8568
----------------- Done invoking toplevel() on ptolemy.moml.MoMLSimpleApplication@70ca8568
reloadAllAccessors: .DiscreteClock22

===========================================================================================
----------------- testing Mon Jul 02 01:27:20 UTC 2018 /home/travis/build/icyphy/ptII/ptolemy/actor/lib/test/auto/DiscreteClock23.xml
----------------- Instantiating /home/travis/build/icyphy/ptII/ptolemy/actor/lib/test/auto/DiscreteClock23.xml
10 ms. Memory: 1362944K Free: 1230975K (90%)
----------------- Invoking toplevel() on ptolemy.moml.MoMLSimpleApplication@47c9478a
----------------- Done invoking toplevel() on ptolemy.moml.MoMLSimpleApplication@47c9478a
reloadAllAccessors: .DiscreteClock23

===========================================================================================
----------------- testing Mon Jul 02 01:27:20 UTC 2018 /home/travis/build/icyphy/ptII/ptolemy/actor/lib/test/auto/DiscreteClock24.xml
----------------- Instantiating /home/travis/build/icyphy/ptII/ptolemy/actor/lib/test/auto/DiscreteClock24.xml
1 ms. Memory: 1362944K Free: 1218523K (89%)
----------------- Invoking toplevel() on ptolemy.moml.MoMLSimpleApplication@59807d8
----------------- Done invoking toplevel() on ptolemy.moml.MoMLSimpleApplication@59807d8
reloadAllAccessors: .DiscreteClock24

===========================================================================================
----------------- testing Mon Jul 02 01:27:20 UTC 2018 /home/travis/build/icyphy/ptII/ptolemy/actor/lib/test/auto/DiscreteClock4.xml
----------------- Instantiating /home/travis/build/icyphy/ptII/ptolemy/actor/lib/test/auto/DiscreteClock4.xml
1 ms. Memory: 1362944K Free: 1206072K (88%)
----------------- Invoking toplevel() on ptolemy.moml.MoMLSimpleApplication@3bbeb302
----------------- Done invoking toplevel() on ptolemy.moml.MoMLSimpleApplication@3bbeb302
reloadAllAccessors: .DiscreteClock4

===========================================================================================
----------------- testing Mon Jul 02 01:27:20 UTC 2018 /home/travis/build/icyphy/ptII/ptolemy/actor/lib/test/auto/DiscreteClock5.xml
----------------- Instantiating /home/travis/build/icyphy/ptII/ptolemy/actor/lib/test/auto/DiscreteClock5.xml
2 ms. Memory: 1362944K Free: 1184720K (87%)
----------------- Invoking toplevel() on ptolemy.moml.MoMLSimpleApplication@23858da3
----------------- Done invoking toplevel() on ptolemy.moml.MoMLSimpleApplication@23858da3
reloadAllAccessors: .DiscreteClock5

===========================================================================================
----------------- testing Mon Jul 02 01:27:20 UTC 2018 /home/travis/build/icyphy/ptII/ptolemy/actor/lib/test/auto/DiscreteClock6.xml
----------------- Instantiating /home/travis/build/icyphy/ptII/ptolemy/actor/lib/test/auto/DiscreteClock6.xml
1 ms. Memory: 1362944K Free: 1172268K (86%)
----------------- Invoking toplevel() on ptolemy.moml.MoMLSimpleApplication@562216fe
----------------- Done invoking toplevel() on ptolemy.moml.MoMLSimpleApplication@562216fe
reloadAllAccessors: .DiscreteClock6

===========================================================================================
----------------- testing Mon Jul 02 01:27:20 UTC 2018 /home/travis/build/icyphy/ptII/ptolemy/actor/lib/test/auto/DiscreteClock7.xml
----------------- Instantiating /home/travis/build/icyphy/ptII/ptolemy/actor/lib/test/auto/DiscreteClock7.xml
2 ms. Memory: 1362944K Free: 1159816K (85%)
----------------- Invoking toplevel() on ptolemy.moml.MoMLSimpleApplication@4054509b
----------------- Done invoking toplevel() on ptolemy.moml.MoMLSimpleApplication@4054509b
reloadAllAccessors: .DiscreteClock7

===========================================================================================
----------------- testing Mon Jul 02 01:27:20 UTC 2018 /home/travis/build/icyphy/ptII/ptolemy/actor/lib/test/auto/DiscreteClock8.xml
----------------- Instantiating /home/travis/build/icyphy/ptII/ptolemy/actor/lib/test/auto/DiscreteClock8.xml
5 ms. Memory: 1362944K Free: 1147364K (84%)
----------------- Invoking toplevel() on ptolemy.moml.MoMLSimpleApplication@528b08be
----------------- Done invoking toplevel() on ptolemy.moml.MoMLSimpleApplication@528b08be
reloadAllAccessors: .DiscreteClock8

===========================================================================================
----------------- testing Mon Jul 02 01:27:20 UTC 2018 /home/travis/build/icyphy/ptII/ptolemy/actor/lib/test/auto/DiscreteClock9.xml
----------------- Instantiating /home/travis/build/icyphy/ptII/ptolemy/actor/lib/test/auto/DiscreteClock9.xml
6 ms. Memory: 1362944K Free: 1126013K (83%)
----------------- Invoking toplevel() on ptolemy.moml.MoMLSimpleApplication@6cb49e7f
----------------- Done invoking toplevel() on ptolemy.moml.MoMLSimpleApplication@6cb49e7f
reloadAllAccessors: .DiscreteClock9

===========================================================================================
----------------- testing Mon Jul 02 01:27:20 UTC 2018 /home/travis/build/icyphy/ptII/ptolemy/actor/lib/test/auto/DisplayArray.xml
----------------- Instantiating /home/travis/build/icyphy/ptII/ptolemy/actor/lib/test/auto/DisplayArray.xml
1 ms. Memory: 1362944K Free: 1113561K (82%)
----------------- Invoking toplevel() on ptolemy.moml.MoMLSimpleApplication@2041dbb7
----------------- Done invoking toplevel() on ptolemy.moml.MoMLSimpleApplication@2041dbb7
reloadAllAccessors: .DisplayArray

===========================================================================================
----------------- testing Mon Jul 02 01:27:20 UTC 2018 /home/travis/build/icyphy/ptII/ptolemy/actor/lib/test/auto/Distributor.xml
----------------- Instantiating /home/travis/build/icyphy/ptII/ptolemy/actor/lib/test/auto/Distributor.xml
4 ms. Memory: 1362944K Free: 1101109K (81%)
----------------- Invoking toplevel() on ptolemy.moml.MoMLSimpleApplication@7aa329f4
----------------- Done invoking toplevel() on ptolemy.moml.MoMLSimpleApplication@7aa329f4
reloadAllAccessors: .Distributor

===========================================================================================
----------------- testing Mon Jul 02 01:27:20 UTC 2018 /home/travis/build/icyphy/ptII/ptolemy/actor/lib/test/auto/Distributor2.xml
----------------- Instantiating /home/travis/build/icyphy/ptII/ptolemy/actor/lib/test/auto/Distributor2.xml
1 ms. Memory: 1362944K Free: 1088657K (80%)
----------------- Invoking toplevel() on ptolemy.moml.MoMLSimpleApplication@724d2e39
----------------- Done invoking toplevel() on ptolemy.moml.MoMLSimpleApplication@724d2e39
reloadAllAccessors: .Distributor2

===========================================================================================
----------------- testing Mon Jul 02 01:27:20 UTC 2018 /home/travis/build/icyphy/ptII/ptolemy/actor/lib/test/auto/DownSample.xml
----------------- Instantiating /home/travis/build/icyphy/ptII/ptolemy/actor/lib/test/auto/DownSample.xml
4 ms. Memory: 1362944K Free: 1067306K (78%)
----------------- Invoking toplevel() on ptolemy.moml.MoMLSimpleApplication@4974f0e5
----------------- Done invoking toplevel() on ptolemy.moml.MoMLSimpleApplication@4974f0e5
reloadAllAccessors: .DownSample

===========================================================================================
----------------- testing Mon Jul 02 01:27:20 UTC 2018 /home/travis/build/icyphy/ptII/ptolemy/actor/lib/test/auto/ElectronicUnitBase1.xml
----------------- Instantiating /home/travis/build/icyphy/ptII/ptolemy/actor/lib/test/auto/ElectronicUnitBase1.xml
17 ms. Memory: 1362944K Free: 1042386K (76%)
----------------- Invoking toplevel() on ptolemy.moml.MoMLSimpleApplication@6db5a9a9
----------------- Done invoking toplevel() on ptolemy.moml.MoMLSimpleApplication@6db5a9a9
reloadAllAccessors: .ElectronicUnitBase1

===========================================================================================
----------------- testing Mon Jul 02 01:27:20 UTC 2018 /home/travis/build/icyphy/ptII/ptolemy/actor/lib/test/auto/ElementsToArray.xml
----------------- Instantiating /home/travis/build/icyphy/ptII/ptolemy/actor/lib/test/auto/ElementsToArray.xml
3 ms. Memory: 1362944K Free: 1029934K (76%)
----------------- Invoking toplevel() on ptolemy.moml.MoMLSimpleApplication@417e0bb
----------------- Done invoking toplevel() on ptolemy.moml.MoMLSimpleApplication@417e0bb
reloadAllAccessors: .ElementsToArray

===========================================================================================
----------------- testing Mon Jul 02 01:27:20 UTC 2018 /home/travis/build/icyphy/ptII/ptolemy/actor/lib/test/auto/Equals.xml
----------------- Instantiating /home/travis/build/icyphy/ptII/ptolemy/actor/lib/test/auto/Equals.xml
2 ms. Memory: 1362944K Free: 1008582K (74%)
----------------- Invoking toplevel() on ptolemy.moml.MoMLSimpleApplication@6fe4ad44
----------------- Done invoking toplevel() on ptolemy.moml.MoMLSimpleApplication@6fe4ad44
reloadAllAccessors: .Equals

===========================================================================================
----------------- testing Mon Jul 02 01:27:20 UTC 2018 /home/travis/build/icyphy/ptII/ptolemy/actor/lib/test/auto/Exec.xml
----------------- Instantiating /home/travis/build/icyphy/ptII/ptolemy/actor/lib/test/auto/Exec.xml
11 ms. Memory: 1362944K Free: 983679K (72%)
----------------- Invoking toplevel() on ptolemy.moml.MoMLSimpleApplication@5bd8d2e
----------------- Done invoking toplevel() on ptolemy.moml.MoMLSimpleApplication@5bd8d2e
reloadAllAccessors: .Exec

===========================================================================================
----------------- testing Mon Jul 02 01:27:20 UTC 2018 /home/travis/build/icyphy/ptII/ptolemy/actor/lib/test/auto/ExecEnvironment.xml
----------------- Instantiating /home/travis/build/icyphy/ptII/ptolemy/actor/lib/test/auto/ExecEnvironment.xml
22 ms. Memory: 1362944K Free: 971227K (71%)
----------------- Invoking toplevel() on ptolemy.moml.MoMLSimpleApplication@21cfec03
----------------- Done invoking toplevel() on ptolemy.moml.MoMLSimpleApplication@21cfec03
reloadAllAccessors: .ExecEnvironment

===========================================================================================
----------------- testing Mon Jul 02 01:27:20 UTC 2018 /home/travis/build/icyphy/ptII/ptolemy/actor/lib/test/auto/ExecNonZeroReturnOutput.xml
----------------- Instantiating /home/travis/build/icyphy/ptII/ptolemy/actor/lib/test/auto/ExecNonZeroReturnOutput.xml
112 ms. Memory: 1362944K Free: 877837K (64%)
----------------- Invoking toplevel() on ptolemy.moml.MoMLSimpleApplication@44f06ad6
----------------- Done invoking toplevel() on ptolemy.moml.MoMLSimpleApplication@44f06ad6
reloadAllAccessors: .ExecNonZeroReturnOutput

===========================================================================================
----------------- testing Mon Jul 02 01:27:20 UTC 2018 /home/travis/build/icyphy/ptII/ptolemy/actor/lib/test/auto/ExecRunDemos.xml
----------------- Instantiating /home/travis/build/icyphy/ptII/ptolemy/actor/lib/test/auto/ExecRunDemos.xml
Finished: 34 ms. Memory: 116224K Free: 100103K (86%)

Finished: 58 ms. Memory: 116224K Free: 96359K (83%)

Finished: 64 ms. Memory: 116224K Free: 96933K (83%)

Finished: 44 ms. Memory: 116224K Free: 98268K (85%)

Finished: 35 ms. Memory: 116224K Free: 99505K (86%)

9735 ms. Memory: 1362944K Free: 781731K (57%)
----------------- Invoking toplevel() on ptolemy.moml.MoMLSimpleApplication@688ed5c1
----------------- Done invoking toplevel() on ptolemy.moml.MoMLSimpleApplication@688ed5c1
reloadAllAccessors: .ExecRunDemos

===========================================================================================
----------------- testing Mon Jul 02 01:27:30 UTC 2018 /home/travis/build/icyphy/ptII/ptolemy/actor/lib/test/auto/ExecStop.xml
----------------- Instantiating /home/travis/build/icyphy/ptII/ptolemy/actor/lib/test/auto/ExecStop.xml
5014 ms. Memory: 1362944K Free: 557597K (41%)
----------------- Invoking toplevel() on ptolemy.moml.MoMLSimpleApplication@17fc64de
----------------- Done invoking toplevel() on ptolemy.moml.MoMLSimpleApplication@17fc64de
reloadAllAccessors: .ExecStop

===========================================================================================
----------------- testing Mon Jul 02 01:27:35 UTC 2018 /home/travis/build/icyphy/ptII/ptolemy/actor/lib/test/auto/ExecutionTimeSDF.xml
----------------- Instantiating /home/travis/build/icyphy/ptII/ptolemy/actor/lib/test/auto/ExecutionTimeSDF.xml
Fired ExecutionTime: 2025200000
Fired ExecutionTime: 998400000
Fired ExecutionTime: -843767296
6003 ms. Memory: 1362944K Free: 538903K (40%)
----------------- Invoking toplevel() on ptolemy.moml.MoMLSimpleApplication@220a9974
----------------- Done invoking toplevel() on ptolemy.moml.MoMLSimpleApplication@220a9974
reloadAllAccessors: .ExecutionTimeSDF

===========================================================================================
----------------- testing Mon Jul 02 01:27:41 UTC 2018 /home/travis/build/icyphy/ptII/ptolemy/actor/lib/test/auto/Expression1.xml
----------------- Instantiating /home/travis/build/icyphy/ptII/ptolemy/actor/lib/test/auto/Expression1.xml
2 ms. Memory: 1362944K Free: 526451K (39%)
----------------- Invoking toplevel() on ptolemy.moml.MoMLSimpleApplication@13d3b032
----------------- Done invoking toplevel() on ptolemy.moml.MoMLSimpleApplication@13d3b032
reloadAllAccessors: .Expression1

===========================================================================================
----------------- testing Mon Jul 02 01:27:41 UTC 2018 /home/travis/build/icyphy/ptII/ptolemy/actor/lib/test/auto/Expression10.xml
----------------- Instantiating /home/travis/build/icyphy/ptII/ptolemy/actor/lib/test/auto/Expression10.xml
7 ms. Memory: 1362944K Free: 505100K (37%)
----------------- Invoking toplevel() on ptolemy.moml.MoMLSimpleApplication@4735ea4a
----------------- Done invoking toplevel() on ptolemy.moml.MoMLSimpleApplication@4735ea4a
reloadAllAccessors: .Expression10

===========================================================================================
----------------- testing Mon Jul 02 01:27:41 UTC 2018 /home/travis/build/icyphy/ptII/ptolemy/actor/lib/test/auto/Expression11.xml
----------------- Instantiating /home/travis/build/icyphy/ptII/ptolemy/actor/lib/test/auto/Expression11.xml
2 ms. Memory: 1362944K Free: 492648K (36%)
----------------- Invoking toplevel() on ptolemy.moml.MoMLSimpleApplication@58fd588c
----------------- Done invoking toplevel() on ptolemy.moml.MoMLSimpleApplication@58fd588c
reloadAllAccessors: .Expression11

===========================================================================================
----------------- testing Mon Jul 02 01:27:41 UTC 2018 /home/travis/build/icyphy/ptII/ptolemy/actor/lib/test/auto/Expression12.xml
----------------- Instantiating /home/travis/build/icyphy/ptII/ptolemy/actor/lib/test/auto/Expression12.xml
3 ms. Memory: 1362944K Free: 480196K (35%)
----------------- Invoking toplevel() on ptolemy.moml.MoMLSimpleApplication@e1c1c36
----------------- Done invoking toplevel() on ptolemy.moml.MoMLSimpleApplication@e1c1c36
reloadAllAccessors: .Expression12

===========================================================================================
----------------- testing Mon Jul 02 01:27:41 UTC 2018 /home/travis/build/icyphy/ptII/ptolemy/actor/lib/test/auto/Expression13.xml
----------------- Instantiating /home/travis/build/icyphy/ptII/ptolemy/actor/lib/test/auto/Expression13.xml
4 ms. Memory: 1362944K Free: 467744K (34%)
----------------- Invoking toplevel() on ptolemy.moml.MoMLSimpleApplication@1c0cd266
----------------- Done invoking toplevel() on ptolemy.moml.MoMLSimpleApplication@1c0cd266
reloadAllAccessors: .Expression13

===========================================================================================
----------------- testing Mon Jul 02 01:27:41 UTC 2018 /home/travis/build/icyphy/ptII/ptolemy/actor/lib/test/auto/Expression14.xml
----------------- Instantiating /home/travis/build/icyphy/ptII/ptolemy/actor/lib/test/auto/Expression14.xml
7 ms. Memory: 1362944K Free: 446393K (33%)
----------------- Invoking toplevel() on ptolemy.moml.MoMLSimpleApplication@447e176c
----------------- Done invoking toplevel() on ptolemy.moml.MoMLSimpleApplication@447e176c
reloadAllAccessors: .Expression14

===========================================================================================
----------------- testing Mon Jul 02 01:27:41 UTC 2018 /home/travis/build/icyphy/ptII/ptolemy/actor/lib/test/auto/Expression15.xml
----------------- Instantiating /home/travis/build/icyphy/ptII/ptolemy/actor/lib/test/auto/Expression15.xml
1 ms. Memory: 1362944K Free: 433941K (32%)
----------------- Invoking toplevel() on ptolemy.moml.MoMLSimpleApplication@5a58586f
----------------- Done invoking toplevel() on ptolemy.moml.MoMLSimpleApplication@5a58586f
reloadAllAccessors: .Expression15

===========================================================================================
----------------- testing Mon Jul 02 01:27:41 UTC 2018 /home/travis/build/icyphy/ptII/ptolemy/actor/lib/test/auto/Expression16.xml
----------------- Instantiating /home/travis/build/icyphy/ptII/ptolemy/actor/lib/test/auto/Expression16.xml
3 ms. Memory: 1362944K Free: 421489K (31%)
----------------- Invoking toplevel() on ptolemy.moml.MoMLSimpleApplication@ebcd23c
----------------- Done invoking toplevel() on ptolemy.moml.MoMLSimpleApplication@ebcd23c
reloadAllAccessors: .Expression16

===========================================================================================
----------------- testing Mon Jul 02 01:27:41 UTC 2018 /home/travis/build/icyphy/ptII/ptolemy/actor/lib/test/auto/Expression17.xml
----------------- Instantiating /home/travis/build/icyphy/ptII/ptolemy/actor/lib/test/auto/Expression17.xml
3 ms. Memory: 1362944K Free: 409037K (30%)
----------------- Invoking toplevel() on ptolemy.moml.MoMLSimpleApplication@44d2d2fc
----------------- Done invoking toplevel() on ptolemy.moml.MoMLSimpleApplication@44d2d2fc
reloadAllAccessors: .Expression17

===========================================================================================
----------------- testing Mon Jul 02 01:27:41 UTC 2018 /home/travis/build/icyphy/ptII/ptolemy/actor/lib/test/auto/Expression18.xml
----------------- Instantiating /home/travis/build/icyphy/ptII/ptolemy/actor/lib/test/auto/Expression18.xml
3 ms. Memory: 1362944K Free: 387685K (28%)
----------------- Invoking toplevel() on ptolemy.moml.MoMLSimpleApplication@343ad9f2
----------------- Done invoking toplevel() on ptolemy.moml.MoMLSimpleApplication@343ad9f2
reloadAllAccessors: .Expression18

===========================================================================================
----------------- testing Mon Jul 02 01:27:41 UTC 2018 /home/travis/build/icyphy/ptII/ptolemy/actor/lib/test/auto/Expression2.xml
----------------- Instantiating /home/travis/build/icyphy/ptII/ptolemy/actor/lib/test/auto/Expression2.xml
3 ms. Memory: 1362944K Free: 375233K (28%)
----------------- Invoking toplevel() on ptolemy.moml.MoMLSimpleApplication@3eda7599
----------------- Done invoking toplevel() on ptolemy.moml.MoMLSimpleApplication@3eda7599
reloadAllAccessors: .Expression2

===========================================================================================
----------------- testing Mon Jul 02 01:27:41 UTC 2018 /home/travis/build/icyphy/ptII/ptolemy/actor/lib/test/auto/Expression3.xml
----------------- Instantiating /home/travis/build/icyphy/ptII/ptolemy/actor/lib/test/auto/Expression3.xml
5 ms. Memory: 1362944K Free: 362782K (27%)
----------------- Invoking toplevel() on ptolemy.moml.MoMLSimpleApplication@4fae5d4c
----------------- Done invoking toplevel() on ptolemy.moml.MoMLSimpleApplication@4fae5d4c
reloadAllAccessors: .Expression3

===========================================================================================
----------------- testing Mon Jul 02 01:27:41 UTC 2018 /home/travis/build/icyphy/ptII/ptolemy/actor/lib/test/auto/Expression4.xml
----------------- Instantiating /home/travis/build/icyphy/ptII/ptolemy/actor/lib/test/auto/Expression4.xml
5 ms. Memory: 1362944K Free: 350330K (26%)
----------------- Invoking toplevel() on ptolemy.moml.MoMLSimpleApplication@381a860b
----------------- Done invoking toplevel() on ptolemy.moml.MoMLSimpleApplication@381a860b
reloadAllAccessors: .Expression4

===========================================================================================
----------------- testing Mon Jul 02 01:27:41 UTC 2018 /home/travis/build/icyphy/ptII/ptolemy/actor/lib/test/auto/Expression5.xml
----------------- Instantiating /home/travis/build/icyphy/ptII/ptolemy/actor/lib/test/auto/Expression5.xml
4 ms. Memory: 1362944K Free: 328979K (24%)
----------------- Invoking toplevel() on ptolemy.moml.MoMLSimpleApplication@7597b8c0
----------------- Done invoking toplevel() on ptolemy.moml.MoMLSimpleApplication@7597b8c0
reloadAllAccessors: .Expression5

===========================================================================================
----------------- testing Mon Jul 02 01:27:41 UTC 2018 /home/travis/build/icyphy/ptII/ptolemy/actor/lib/test/auto/Expression6.xml
----------------- Instantiating /home/travis/build/icyphy/ptII/ptolemy/actor/lib/test/auto/Expression6.xml
2 ms. Memory: 1362944K Free: 316527K (23%)
----------------- Invoking toplevel() on ptolemy.moml.MoMLSimpleApplication@1e247535
----------------- Done invoking toplevel() on ptolemy.moml.MoMLSimpleApplication@1e247535
reloadAllAccessors: .Expression6

===========================================================================================
----------------- testing Mon Jul 02 01:27:41 UTC 2018 /home/travis/build/icyphy/ptII/ptolemy/actor/lib/test/auto/Expression7.xml
----------------- Instantiating /home/travis/build/icyphy/ptII/ptolemy/actor/lib/test/auto/Expression7.xml
2 ms. Memory: 1362944K Free: 304075K (22%)
----------------- Invoking toplevel() on ptolemy.moml.MoMLSimpleApplication@77d8456c
----------------- Done invoking toplevel() on ptolemy.moml.MoMLSimpleApplication@77d8456c
reloadAllAccessors: .Expression7

===========================================================================================
----------------- testing Mon Jul 02 01:27:42 UTC 2018 /home/travis/build/icyphy/ptII/ptolemy/actor/lib/test/auto/Expression8.xml
----------------- Instantiating /home/travis/build/icyphy/ptII/ptolemy/actor/lib/test/auto/Expression8.xml
9 ms. Memory: 1362944K Free: 291623K (21%)
----------------- Invoking toplevel() on ptolemy.moml.MoMLSimpleApplication@c3c87cb
----------------- Done invoking toplevel() on ptolemy.moml.MoMLSimpleApplication@c3c87cb
reloadAllAccessors: .Expression8

===========================================================================================
----------------- testing Mon Jul 02 01:27:42 UTC 2018 /home/travis/build/icyphy/ptII/ptolemy/actor/lib/test/auto/Expression9.xml
----------------- Instantiating /home/travis/build/icyphy/ptII/ptolemy/actor/lib/test/auto/Expression9.xml
1 ms. Memory: 1362944K Free: 270271K (20%)
----------------- Invoking toplevel() on ptolemy.moml.MoMLSimpleApplication@79f2d582
----------------- Done invoking toplevel() on ptolemy.moml.MoMLSimpleApplication@79f2d582
reloadAllAccessors: .Expression9

===========================================================================================
----------------- testing Mon Jul 02 01:27:42 UTC 2018 /home/travis/build/icyphy/ptII/ptolemy/actor/lib/test/auto/ExpressionConcatenateArrayType.xml
----------------- Instantiating /home/travis/build/icyphy/ptII/ptolemy/actor/lib/test/auto/ExpressionConcatenateArrayType.xml
2 ms. Memory: 1362944K Free: 257820K (19%)
----------------- Invoking toplevel() on ptolemy.moml.MoMLSimpleApplication@6d2e64e4
----------------- Done invoking toplevel() on ptolemy.moml.MoMLSimpleApplication@6d2e64e4
reloadAllAccessors: .ExpressionConcatenateArrayType

===========================================================================================
----------------- testing Mon Jul 02 01:27:42 UTC 2018 /home/travis/build/icyphy/ptII/ptolemy/actor/lib/test/auto/ExpressionConcatenateArrayType2.xml
----------------- Instantiating /home/travis/build/icyphy/ptII/ptolemy/actor/lib/test/auto/ExpressionConcatenateArrayType2.xml
2 ms. Memory: 1362944K Free: 245368K (18%)
----------------- Invoking toplevel() on ptolemy.moml.MoMLSimpleApplication@6125d5a1
----------------- Done invoking toplevel() on ptolemy.moml.MoMLSimpleApplication@6125d5a1
reloadAllAccessors: .ExpressionConcatenateArrayType2

===========================================================================================
----------------- testing Mon Jul 02 01:27:42 UTC 2018 /home/travis/build/icyphy/ptII/ptolemy/actor/lib/test/auto/ExpressionFix.xml
----------------- Instantiating /home/travis/build/icyphy/ptII/ptolemy/actor/lib/test/auto/ExpressionFix.xml
15 ms. Memory: 1362944K Free: 232916K (17%)
----------------- Invoking toplevel() on ptolemy.moml.MoMLSimpleApplication@5e12fd16
----------------- Done invoking toplevel() on ptolemy.moml.MoMLSimpleApplication@5e12fd16
reloadAllAccessors: .ExpressionFix

===========================================================================================
----------------- testing Mon Jul 02 01:27:42 UTC 2018 /home/travis/build/icyphy/ptII/ptolemy/actor/lib/test/auto/ExpressionFix2.xml
----------------- Instantiating /home/travis/build/icyphy/ptII/ptolemy/actor/lib/test/auto/ExpressionFix2.xml
5 ms. Memory: 1362944K Free: 211564K (16%)
----------------- Invoking toplevel() on ptolemy.moml.MoMLSimpleApplication@2ecac0a0
----------------- Done invoking toplevel() on ptolemy.moml.MoMLSimpleApplication@2ecac0a0
reloadAllAccessors: .ExpressionFix2

===========================================================================================
----------------- testing Mon Jul 02 01:27:42 UTC 2018 /home/travis/build/icyphy/ptII/ptolemy/actor/lib/test/auto/ExpressionFix3.xml
----------------- Instantiating /home/travis/build/icyphy/ptII/ptolemy/actor/lib/test/auto/ExpressionFix3.xml
3 ms. Memory: 1362944K Free: 199112K (15%)
----------------- Invoking toplevel() on ptolemy.moml.MoMLSimpleApplication@7110621b
----------------- Done invoking toplevel() on ptolemy.moml.MoMLSimpleApplication@7110621b
reloadAllAccessors: .ExpressionFix3

===========================================================================================
----------------- testing Mon Jul 02 01:27:42 UTC 2018 /home/travis/build/icyphy/ptII/ptolemy/actor/lib/test/auto/FileWriter1.xml
----------------- Instantiating /home/travis/build/icyphy/ptII/ptolemy/actor/lib/test/auto/FileWriter1.xml
3 ms. Memory: 1362944K Free: 186661K (14%)
----------------- Invoking toplevel() on ptolemy.moml.MoMLSimpleApplication@2436bd72
----------------- Done invoking toplevel() on ptolemy.moml.MoMLSimpleApplication@2436bd72
reloadAllAccessors: .FileWriter1

===========================================================================================
----------------- testing Mon Jul 02 01:27:42 UTC 2018 /home/travis/build/icyphy/ptII/ptolemy/actor/lib/test/auto/FileWriter2.xml
----------------- Instantiating /home/travis/build/icyphy/ptII/ptolemy/actor/lib/test/auto/FileWriter2.xml
3 ms. Memory: 1362944K Free: 174209K (13%)
----------------- Invoking toplevel() on ptolemy.moml.MoMLSimpleApplication@5e99f01c
----------------- Done invoking toplevel() on ptolemy.moml.MoMLSimpleApplication@5e99f01c
reloadAllAccessors: .FileWriter2

===========================================================================================
----------------- testing Mon Jul 02 01:27:42 UTC 2018 /home/travis/build/icyphy/ptII/ptolemy/actor/lib/test/auto/FileWriter3.xml
----------------- Instantiating /home/travis/build/icyphy/ptII/ptolemy/actor/lib/test/auto/FileWriter3.xml
2 ms. Memory: 1362944K Free: 152857K (11%)
----------------- Invoking toplevel() on ptolemy.moml.MoMLSimpleApplication@235eb7a3
----------------- Done invoking toplevel() on ptolemy.moml.MoMLSimpleApplication@235eb7a3
reloadAllAccessors: .FileWriter3

===========================================================================================
----------------- testing Mon Jul 02 01:27:42 UTC 2018 /home/travis/build/icyphy/ptII/ptolemy/actor/lib/test/auto/Gaussian.xml
----------------- Instantiating /home/travis/build/icyphy/ptII/ptolemy/actor/lib/test/auto/Gaussian.xml
2 ms. Memory: 1362944K Free: 140405K (10%)
----------------- Invoking toplevel() on ptolemy.moml.MoMLSimpleApplication@7415e742
----------------- Done invoking toplevel() on ptolemy.moml.MoMLSimpleApplication@7415e742
reloadAllAccessors: .Gaussian

===========================================================================================
----------------- testing Mon Jul 02 01:27:42 UTC 2018 /home/travis/build/icyphy/ptII/ptolemy/actor/lib/test/auto/Gaussian1.xml
----------------- Instantiating /home/travis/build/icyphy/ptII/ptolemy/actor/lib/test/auto/Gaussian1.xml
8 ms. Memory: 1362944K Free: 127954K (9%)
----------------- Invoking toplevel() on ptolemy.moml.MoMLSimpleApplication@6ae886a2
----------------- Done invoking toplevel() on ptolemy.moml.MoMLSimpleApplication@6ae886a2
reloadAllAccessors: .Gaussian1

===========================================================================================
----------------- testing Mon Jul 02 01:27:42 UTC 2018 /home/travis/build/icyphy/ptII/ptolemy/actor/lib/test/auto/Gaussian2.xml
----------------- Instantiating /home/travis/build/icyphy/ptII/ptolemy/actor/lib/test/auto/Gaussian2.xml
3 ms. Memory: 1362944K Free: 115502K (8%)
----------------- Invoking toplevel() on ptolemy.moml.MoMLSimpleApplication@29a3b45b
----------------- Done invoking toplevel() on ptolemy.moml.MoMLSimpleApplication@29a3b45b
reloadAllAccessors: .Gaussian2

===========================================================================================
----------------- testing Mon Jul 02 01:27:42 UTC 2018 /home/travis/build/icyphy/ptII/ptolemy/actor/lib/test/auto/GradientAdaptiveLattice.xml
----------------- Instantiating /home/travis/build/icyphy/ptII/ptolemy/actor/lib/test/auto/GradientAdaptiveLattice.xml
2 ms. Memory: 1362944K Free: 94150K (7%)
----------------- Invoking toplevel() on ptolemy.moml.MoMLSimpleApplication@339634d
----------------- Done invoking toplevel() on ptolemy.moml.MoMLSimpleApplication@339634d
reloadAllAccessors: .GradientAdaptiveLattice

===========================================================================================
----------------- testing Mon Jul 02 01:27:42 UTC 2018 /home/travis/build/icyphy/ptII/ptolemy/actor/lib/test/auto/IIR.xml
----------------- Instantiating /home/travis/build/icyphy/ptII/ptolemy/actor/lib/test/auto/IIR.xml
2 ms. Memory: 1362944K Free: 81698K (6%)
----------------- Invoking toplevel() on ptolemy.moml.MoMLSimpleApplication@9d43639
----------------- Done invoking toplevel() on ptolemy.moml.MoMLSimpleApplication@9d43639
reloadAllAccessors: .IIR

===========================================================================================
----------------- testing Mon Jul 02 01:27:42 UTC 2018 /home/travis/build/icyphy/ptII/ptolemy/actor/lib/test/auto/InputOutputTransparentPorts.xml
----------------- Instantiating /home/travis/build/icyphy/ptII/ptolemy/actor/lib/test/auto/InputOutputTransparentPorts.xml
1 ms. Memory: 1362944K Free: 1312207K (96%)
----------------- Invoking toplevel() on ptolemy.moml.MoMLSimpleApplication@552d5228
----------------- Done invoking toplevel() on ptolemy.moml.MoMLSimpleApplication@552d5228
reloadAllAccessors: .InputOutputTransparentPorts

===========================================================================================
----------------- testing Mon Jul 02 01:27:42 UTC 2018 /home/travis/build/icyphy/ptII/ptolemy/actor/lib/test/auto/Interpolator.xml
----------------- Instantiating /home/travis/build/icyphy/ptII/ptolemy/actor/lib/test/auto/Interpolator.xml
4 ms. Memory: 1362944K Free: 1293098K (95%)
----------------- Invoking toplevel() on ptolemy.moml.MoMLSimpleApplication@6a38f800
----------------- Done invoking toplevel() on ptolemy.moml.MoMLSimpleApplication@6a38f800
reloadAllAccessors: .Interpolator

===========================================================================================
----------------- testing Mon Jul 02 01:27:42 UTC 2018 /home/travis/build/icyphy/ptII/ptolemy/actor/lib/test/auto/InterpolatorFiringLimitDE.xml
----------------- Instantiating /home/travis/build/icyphy/ptII/ptolemy/actor/lib/test/auto/InterpolatorFiringLimitDE.xml
2 ms. Memory: 1362944K Free: 1280646K (94%)
----------------- Invoking toplevel() on ptolemy.moml.MoMLSimpleApplication@57177e1e
----------------- Done invoking toplevel() on ptolemy.moml.MoMLSimpleApplication@57177e1e
reloadAllAccessors: .InterpolatorFiringLimitDE

===========================================================================================
----------------- testing Mon Jul 02 01:27:42 UTC 2018 /home/travis/build/icyphy/ptII/ptolemy/actor/lib/test/auto/Lattice.xml
----------------- Instantiating /home/travis/build/icyphy/ptII/ptolemy/actor/lib/test/auto/Lattice.xml
1 ms. Memory: 1362944K Free: 1261538K (93%)
----------------- Invoking toplevel() on ptolemy.moml.MoMLSimpleApplication@7428c01f
----------------- Done invoking toplevel() on ptolemy.moml.MoMLSimpleApplication@7428c01f
reloadAllAccessors: .Lattice

===========================================================================================
----------------- testing Mon Jul 02 01:27:42 UTC 2018 /home/travis/build/icyphy/ptII/ptolemy/actor/lib/test/auto/LazyAOCTestLazy.xml
----------------- Instantiating /home/travis/build/icyphy/ptII/ptolemy/actor/lib/test/auto/LazyAOCTestLazy.xml
6 ms. Memory: 1362944K Free: 1249086K (92%)
----------------- Invoking toplevel() on ptolemy.moml.MoMLSimpleApplication@181ee5db
----------------- Done invoking toplevel() on ptolemy.moml.MoMLSimpleApplication@181ee5db
reloadAllAccessors: .LazyAOCTestLazy

===========================================================================================
----------------- testing Mon Jul 02 01:27:42 UTC 2018 /home/travis/build/icyphy/ptII/ptolemy/actor/lib/test/auto/LazyAOCTestNonLazy.xml
----------------- Instantiating /home/travis/build/icyphy/ptII/ptolemy/actor/lib/test/auto/LazyAOCTestNonLazy.xml
6 ms. Memory: 1362944K Free: 1236634K (91%)
----------------- Invoking toplevel() on ptolemy.moml.MoMLSimpleApplication@6524273a
----------------- Done invoking toplevel() on ptolemy.moml.MoMLSimpleApplication@6524273a
reloadAllAccessors: .LazyAOCTestNonLazy

===========================================================================================
----------------- testing Mon Jul 02 01:27:42 UTC 2018 /home/travis/build/icyphy/ptII/ptolemy/actor/lib/test/auto/LazyInnerClass.xml
----------------- Instantiating /home/travis/build/icyphy/ptII/ptolemy/actor/lib/test/auto/LazyInnerClass.xml
17 ms. Memory: 1362944K Free: 1217525K (89%)
----------------- Invoking toplevel() on ptolemy.moml.MoMLSimpleApplication@20e62489
----------------- Done invoking toplevel() on ptolemy.moml.MoMLSimpleApplication@20e62489
reloadAllAccessors: .LazyInnerClass

===========================================================================================
----------------- testing Mon Jul 02 01:27:42 UTC 2018 /home/travis/build/icyphy/ptII/ptolemy/actor/lib/test/auto/LazyPubSub.xml
----------------- Instantiating /home/travis/build/icyphy/ptII/ptolemy/actor/lib/test/auto/LazyPubSub.xml
12 ms. Memory: 1362944K Free: 1204963K (88%)
----------------- Invoking toplevel() on ptolemy.moml.MoMLSimpleApplication@77ee1e2c
----------------- Done invoking toplevel() on ptolemy.moml.MoMLSimpleApplication@77ee1e2c
reloadAllAccessors: .LazyPubSub

===========================================================================================
----------------- testing Mon Jul 02 01:27:42 UTC 2018 /home/travis/build/icyphy/ptII/ptolemy/actor/lib/test/auto/LazyPubSub2.xml
----------------- Instantiating /home/travis/build/icyphy/ptII/ptolemy/actor/lib/test/auto/LazyPubSub2.xml
10 ms. Memory: 1362944K Free: 1192512K (87%)
----------------- Invoking toplevel() on ptolemy.moml.MoMLSimpleApplication@2b954b2f
----------------- Done invoking toplevel() on ptolemy.moml.MoMLSimpleApplication@2b954b2f
reloadAllAccessors: .LazyPubSub2

===========================================================================================
----------------- testing Mon Jul 02 01:27:42 UTC 2018 /home/travis/build/icyphy/ptII/ptolemy/actor/lib/test/auto/LazyPubSub3.xml
----------------- Instantiating /home/travis/build/icyphy/ptII/ptolemy/actor/lib/test/auto/LazyPubSub3.xml
11 ms. Memory: 1362944K Free: 1173403K (86%)
----------------- Invoking toplevel() on ptolemy.moml.MoMLSimpleApplication@358be57b
----------------- Done invoking toplevel() on ptolemy.moml.MoMLSimpleApplication@358be57b
reloadAllAccessors: .LazyPubSub3

===========================================================================================
----------------- testing Mon Jul 02 01:27:42 UTC 2018 /home/travis/build/icyphy/ptII/ptolemy/actor/lib/test/auto/LazySubClassModel.xml
----------------- Instantiating /home/travis/build/icyphy/ptII/ptolemy/actor/lib/test/auto/LazySubClassModel.xml
2 ms. Memory: 1362944K Free: 1154709K (85%)
----------------- Invoking toplevel() on ptolemy.moml.MoMLSimpleApplication@7035b424
----------------- Done invoking toplevel() on ptolemy.moml.MoMLSimpleApplication@7035b424
reloadAllAccessors: .LazySubClassModel

===========================================================================================
----------------- testing Mon Jul 02 01:27:42 UTC 2018 /home/travis/build/icyphy/ptII/ptolemy/actor/lib/test/auto/LevelCrossTest1.xml
----------------- Instantiating /home/travis/build/icyphy/ptII/ptolemy/actor/lib/test/auto/LevelCrossTest1.xml
1 ms. Memory: 1362944K Free: 1142257K (84%)
----------------- Invoking toplevel() on ptolemy.moml.MoMLSimpleApplication@468387ed
----------------- Done invoking toplevel() on ptolemy.moml.MoMLSimpleApplication@468387ed
reloadAllAccessors: .broken

===========================================================================================
----------------- testing Mon Jul 02 01:27:42 UTC 2018 /home/travis/build/icyphy/ptII/ptolemy/actor/lib/test/auto/LevelCrossTest10.xml
----------------- Instantiating /home/travis/build/icyphy/ptII/ptolemy/actor/lib/test/auto/LevelCrossTest10.xml
1 ms. Memory: 1362944K Free: 1123148K (82%)
----------------- Invoking toplevel() on ptolemy.moml.MoMLSimpleApplication@55dc6700
----------------- Done invoking toplevel() on ptolemy.moml.MoMLSimpleApplication@55dc6700
reloadAllAccessors: .LevelCrossTest10

===========================================================================================
----------------- testing Mon Jul 02 01:27:42 UTC 2018 /home/travis/build/icyphy/ptII/ptolemy/actor/lib/test/auto/LevelCrossTest11.xml
----------------- Instantiating /home/travis/build/icyphy/ptII/ptolemy/actor/lib/test/auto/LevelCrossTest11.xml
1 ms. Memory: 1362944K Free: 1110696K (81%)
----------------- Invoking toplevel() on ptolemy.moml.MoMLSimpleApplication@4a6ee1b0
----------------- Done invoking toplevel() on ptolemy.moml.MoMLSimpleApplication@4a6ee1b0
reloadAllAccessors: .LevelCrossTest11

===========================================================================================
----------------- testing Mon Jul 02 01:27:42 UTC 2018 /home/travis/build/icyphy/ptII/ptolemy/actor/lib/test/auto/LevelCrossTest12.xml
----------------- Instantiating /home/travis/build/icyphy/ptII/ptolemy/actor/lib/test/auto/LevelCrossTest12.xml
1 ms. Memory: 1362944K Free: 1098244K (81%)
----------------- Invoking toplevel() on ptolemy.moml.MoMLSimpleApplication@188229f8
----------------- Done invoking toplevel() on ptolemy.moml.MoMLSimpleApplication@188229f8
reloadAllAccessors: .LevelCrossTest12

===========================================================================================
----------------- testing Mon Jul 02 01:27:42 UTC 2018 /home/travis/build/icyphy/ptII/ptolemy/actor/lib/test/auto/LevelCrossTest13.xml
----------------- Instantiating /home/travis/build/icyphy/ptII/ptolemy/actor/lib/test/auto/LevelCrossTest13.xml
1 ms. Memory: 1362944K Free: 1079136K (79%)
----------------- Invoking toplevel() on ptolemy.moml.MoMLSimpleApplication@1b04c501
----------------- Done invoking toplevel() on ptolemy.moml.MoMLSimpleApplication@1b04c501
reloadAllAccessors: .LevelCrossTest13

===========================================================================================
----------------- testing Mon Jul 02 01:27:42 UTC 2018 /home/travis/build/icyphy/ptII/ptolemy/actor/lib/test/auto/LevelCrossTest2.xml
----------------- Instantiating /home/travis/build/icyphy/ptII/ptolemy/actor/lib/test/auto/LevelCrossTest2.xml
1 ms. Memory: 1362944K Free: 1060458K (78%)
----------------- Invoking toplevel() on ptolemy.moml.MoMLSimpleApplication@228818dc
----------------- Done invoking toplevel() on ptolemy.moml.MoMLSimpleApplication@228818dc
reloadAllAccessors: .broken

===========================================================================================
----------------- testing Mon Jul 02 01:27:42 UTC 2018 /home/travis/build/icyphy/ptII/ptolemy/actor/lib/test/auto/LevelCrossTest3.xml
----------------- Instantiating /home/travis/build/icyphy/ptII/ptolemy/actor/lib/test/auto/LevelCrossTest3.xml
1 ms. Memory: 1362944K Free: 1048006K (77%)
----------------- Invoking toplevel() on ptolemy.moml.MoMLSimpleApplication@7e285297
----------------- Done invoking toplevel() on ptolemy.moml.MoMLSimpleApplication@7e285297
reloadAllAccessors: .LevelCrossTest3

===========================================================================================
----------------- testing Mon Jul 02 01:27:42 UTC 2018 /home/travis/build/icyphy/ptII/ptolemy/actor/lib/test/auto/LevelCrossTest4.xml
----------------- Instantiating /home/travis/build/icyphy/ptII/ptolemy/actor/lib/test/auto/LevelCrossTest4.xml
1 ms. Memory: 1362944K Free: 1028897K (75%)
----------------- Invoking toplevel() on ptolemy.moml.MoMLSimpleApplication@121b1405
----------------- Done invoking toplevel() on ptolemy.moml.MoMLSimpleApplication@121b1405
reloadAllAccessors: .broken

===========================================================================================
----------------- testing Mon Jul 02 01:27:42 UTC 2018 /home/travis/build/icyphy/ptII/ptolemy/actor/lib/test/auto/LevelCrossTest5.xml
----------------- Instantiating /home/travis/build/icyphy/ptII/ptolemy/actor/lib/test/auto/LevelCrossTest5.xml
2 ms. Memory: 1362944K Free: 1016445K (75%)
----------------- Invoking toplevel() on ptolemy.moml.MoMLSimpleApplication@425a878d
----------------- Done invoking toplevel() on ptolemy.moml.MoMLSimpleApplication@425a878d
reloadAllAccessors: .LevelCrossTest5

===========================================================================================
----------------- testing Mon Jul 02 01:27:42 UTC 2018 /home/travis/build/icyphy/ptII/ptolemy/actor/lib/test/auto/LevelCrossTest6.xml
----------------- Instantiating /home/travis/build/icyphy/ptII/ptolemy/actor/lib/test/auto/LevelCrossTest6.xml
1 ms. Memory: 1362944K Free: 1003993K (74%)
----------------- Invoking toplevel() on ptolemy.moml.MoMLSimpleApplication@6f163f56
----------------- Done invoking toplevel() on ptolemy.moml.MoMLSimpleApplication@6f163f56
reloadAllAccessors: .LevelCrossTest6

===========================================================================================
----------------- testing Mon Jul 02 01:27:42 UTC 2018 /home/travis/build/icyphy/ptII/ptolemy/actor/lib/test/auto/LevelCrossTest7.xml
----------------- Instantiating /home/travis/build/icyphy/ptII/ptolemy/actor/lib/test/auto/LevelCrossTest7.xml
1 ms. Memory: 1362944K Free: 984884K (72%)
----------------- Invoking toplevel() on ptolemy.moml.MoMLSimpleApplication@4a13498f
----------------- Done invoking toplevel() on ptolemy.moml.MoMLSimpleApplication@4a13498f
reloadAllAccessors: .LevelCrossTest7

===========================================================================================
----------------- testing Mon Jul 02 01:27:42 UTC 2018 /home/travis/build/icyphy/ptII/ptolemy/actor/lib/test/auto/LevelCrossTest8.xml
----------------- Instantiating /home/travis/build/icyphy/ptII/ptolemy/actor/lib/test/auto/LevelCrossTest8.xml
1 ms. Memory: 1362944K Free: 972433K (71%)
----------------- Invoking toplevel() on ptolemy.moml.MoMLSimpleApplication@6b05ee06
----------------- Done invoking toplevel() on ptolemy.moml.MoMLSimpleApplication@6b05ee06
reloadAllAccessors: .LevelCrossTest8

===========================================================================================
----------------- testing Mon Jul 02 01:27:42 UTC 2018 /home/travis/build/icyphy/ptII/ptolemy/actor/lib/test/auto/LevelCrossTest9.xml
----------------- Instantiating /home/travis/build/icyphy/ptII/ptolemy/actor/lib/test/auto/LevelCrossTest9.xml
1 ms. Memory: 1362944K Free: 959981K (70%)
----------------- Invoking toplevel() on ptolemy.moml.MoMLSimpleApplication@1d2a9a34
----------------- Done invoking toplevel() on ptolemy.moml.MoMLSimpleApplication@1d2a9a34
reloadAllAccessors: .LevelCrossTest9

===========================================================================================
----------------- testing Mon Jul 02 01:27:42 UTC 2018 /home/travis/build/icyphy/ptII/ptolemy/actor/lib/test/auto/LevinsonDurbin.xml
----------------- Instantiating /home/travis/build/icyphy/ptII/ptolemy/actor/lib/test/auto/LevinsonDurbin.xml
1 ms. Memory: 1362944K Free: 940872K (69%)
----------------- Invoking toplevel() on ptolemy.moml.MoMLSimpleApplication@4018f475
----------------- Done invoking toplevel() on ptolemy.moml.MoMLSimpleApplication@4018f475
reloadAllAccessors: .LevinsonDurbin

===========================================================================================
----------------- testing Mon Jul 02 01:27:42 UTC 2018 /home/travis/build/icyphy/ptII/ptolemy/actor/lib/test/auto/LevinsonDurbin2.xml
----------------- Instantiating /home/travis/build/icyphy/ptII/ptolemy/actor/lib/test/auto/LevinsonDurbin2.xml
1 ms. Memory: 1362944K Free: 928420K (68%)
----------------- Invoking toplevel() on ptolemy.moml.MoMLSimpleApplication@6648f3e8
----------------- Done invoking toplevel() on ptolemy.moml.MoMLSimpleApplication@6648f3e8
reloadAllAccessors: .LevinsonDurbin2

===========================================================================================
----------------- testing Mon Jul 02 01:27:42 UTC 2018 /home/travis/build/icyphy/ptII/ptolemy/actor/lib/test/auto/LevinsonDurbin3.xml
----------------- Instantiating /home/travis/build/icyphy/ptII/ptolemy/actor/lib/test/auto/LevinsonDurbin3.xml
1 ms. Memory: 1362944K Free: 909312K (67%)
----------------- Invoking toplevel() on ptolemy.moml.MoMLSimpleApplication@30f2bcb0
----------------- Done invoking toplevel() on ptolemy.moml.MoMLSimpleApplication@30f2bcb0
reloadAllAccessors: .LevinsonDurbin3

===========================================================================================
----------------- testing Mon Jul 02 01:27:42 UTC 2018 /home/travis/build/icyphy/ptII/ptolemy/actor/lib/test/auto/Limiter.xml
----------------- Instantiating /home/travis/build/icyphy/ptII/ptolemy/actor/lib/test/auto/Limiter.xml
3 ms. Memory: 1362944K Free: 890618K (65%)
----------------- Invoking toplevel() on ptolemy.moml.MoMLSimpleApplication@1672e305
----------------- Done invoking toplevel() on ptolemy.moml.MoMLSimpleApplication@1672e305
reloadAllAccessors: .Limiter

===========================================================================================
----------------- testing Mon Jul 02 01:27:42 UTC 2018 /home/travis/build/icyphy/ptII/ptolemy/actor/lib/test/auto/LinearDifferenceEquationSystem.xml
----------------- Instantiating /home/travis/build/icyphy/ptII/ptolemy/actor/lib/test/auto/LinearDifferenceEquationSystem.xml
3 ms. Memory: 1362944K Free: 878166K (64%)
----------------- Invoking toplevel() on ptolemy.moml.MoMLSimpleApplication@24a81b6e
----------------- Done invoking toplevel() on ptolemy.moml.MoMLSimpleApplication@24a81b6e
reloadAllAccessors: .LinearDifferenceEquationSystem

===========================================================================================
----------------- testing Mon Jul 02 01:27:42 UTC 2018 /home/travis/build/icyphy/ptII/ptolemy/actor/lib/test/auto/LookupTable.xml
----------------- Instantiating /home/travis/build/icyphy/ptII/ptolemy/actor/lib/test/auto/LookupTable.xml
2 ms. Memory: 1362944K Free: 859057K (63%)
----------------- Invoking toplevel() on ptolemy.moml.MoMLSimpleApplication@6bb7332f
----------------- Done invoking toplevel() on ptolemy.moml.MoMLSimpleApplication@6bb7332f
reloadAllAccessors: .LookupTable

===========================================================================================
----------------- testing Mon Jul 02 01:27:42 UTC 2018 /home/travis/build/icyphy/ptII/ptolemy/actor/lib/test/auto/MathFunction.xml
----------------- Instantiating /home/travis/build/icyphy/ptII/ptolemy/actor/lib/test/auto/MathFunction.xml
2 ms. Memory: 1362944K Free: 846605K (62%)
----------------- Invoking toplevel() on ptolemy.moml.MoMLSimpleApplication@5e66c9dc
----------------- Done invoking toplevel() on ptolemy.moml.MoMLSimpleApplication@5e66c9dc
reloadAllAccessors: .MathFunction

===========================================================================================
----------------- testing Mon Jul 02 01:27:43 UTC 2018 /home/travis/build/icyphy/ptII/ptolemy/actor/lib/test/auto/MathFunction2.xml
----------------- Instantiating /home/travis/build/icyphy/ptII/ptolemy/actor/lib/test/auto/MathFunction2.xml
1 ms. Memory: 1362944K Free: 834153K (61%)
----------------- Invoking toplevel() on ptolemy.moml.MoMLSimpleApplication@2d5203fc
----------------- Done invoking toplevel() on ptolemy.moml.MoMLSimpleApplication@2d5203fc
reloadAllAccessors: .MathFunction2

===========================================================================================
----------------- testing Mon Jul 02 01:27:43 UTC 2018 /home/travis/build/icyphy/ptII/ptolemy/actor/lib/test/auto/MathFunction3.xml
----------------- Instantiating /home/travis/build/icyphy/ptII/ptolemy/actor/lib/test/auto/MathFunction3.xml
2 ms. Memory: 1362944K Free: 815045K (60%)
----------------- Invoking toplevel() on ptolemy.moml.MoMLSimpleApplication@54a9ef76
----------------- Done invoking toplevel() on ptolemy.moml.MoMLSimpleApplication@54a9ef76
reloadAllAccessors: .MathFunction3

===========================================================================================
----------------- testing Mon Jul 02 01:27:43 UTC 2018 /home/travis/build/icyphy/ptII/ptolemy/actor/lib/test/auto/MatrixCropBoolean.xml
----------------- Instantiating /home/travis/build/icyphy/ptII/ptolemy/actor/lib/test/auto/MatrixCropBoolean.xml
3 ms. Memory: 1362944K Free: 802593K (59%)
----------------- Invoking toplevel() on ptolemy.moml.MoMLSimpleApplication@5778fd33
----------------- Done invoking toplevel() on ptolemy.moml.MoMLSimpleApplication@5778fd33
reloadAllAccessors: .MatrixCropBoolean

===========================================================================================
----------------- testing Mon Jul 02 01:27:43 UTC 2018 /home/travis/build/icyphy/ptII/ptolemy/actor/lib/test/auto/MatrixCropComplex.xml
----------------- Instantiating /home/travis/build/icyphy/ptII/ptolemy/actor/lib/test/auto/MatrixCropComplex.xml
2 ms. Memory: 1362944K Free: 790141K (58%)
----------------- Invoking toplevel() on ptolemy.moml.MoMLSimpleApplication@1a23d28
----------------- Done invoking toplevel() on ptolemy.moml.MoMLSimpleApplication@1a23d28
reloadAllAccessors: .MatrixCropComplex

===========================================================================================
----------------- testing Mon Jul 02 01:27:43 UTC 2018 /home/travis/build/icyphy/ptII/ptolemy/actor/lib/test/auto/MatrixCropDouble.xml
----------------- Instantiating /home/travis/build/icyphy/ptII/ptolemy/actor/lib/test/auto/MatrixCropDouble.xml
1 ms. Memory: 1362944K Free: 771033K (57%)
----------------- Invoking toplevel() on ptolemy.moml.MoMLSimpleApplication@76cdc9a6
----------------- Done invoking toplevel() on ptolemy.moml.MoMLSimpleApplication@76cdc9a6
reloadAllAccessors: .MatrixCropDouble

===========================================================================================
----------------- testing Mon Jul 02 01:27:43 UTC 2018 /home/travis/build/icyphy/ptII/ptolemy/actor/lib/test/auto/MatrixCropFix.xml
----------------- Instantiating /home/travis/build/icyphy/ptII/ptolemy/actor/lib/test/auto/MatrixCropFix.xml
1 ms. Memory: 1362944K Free: 758581K (56%)
----------------- Invoking toplevel() on ptolemy.moml.MoMLSimpleApplication@10a354ef
----------------- Done invoking toplevel() on ptolemy.moml.MoMLSimpleApplication@10a354ef
reloadAllAccessors: .MatrixCropFix

===========================================================================================
----------------- testing Mon Jul 02 01:27:43 UTC 2018 /home/travis/build/icyphy/ptII/ptolemy/actor/lib/test/auto/MatrixCropInt.xml
----------------- Instantiating /home/travis/build/icyphy/ptII/ptolemy/actor/lib/test/auto/MatrixCropInt.xml
2 ms. Memory: 1362944K Free: 746129K (55%)
----------------- Invoking toplevel() on ptolemy.moml.MoMLSimpleApplication@52a9f87b
----------------- Done invoking toplevel() on ptolemy.moml.MoMLSimpleApplication@52a9f87b
reloadAllAccessors: .MatrixCropInt

===========================================================================================
----------------- testing Mon Jul 02 01:27:43 UTC 2018 /home/travis/build/icyphy/ptII/ptolemy/actor/lib/test/auto/MatrixCropLong.xml
----------------- Instantiating /home/travis/build/icyphy/ptII/ptolemy/actor/lib/test/auto/MatrixCropLong.xml
2 ms. Memory: 1362944K Free: 727020K (53%)
----------------- Invoking toplevel() on ptolemy.moml.MoMLSimpleApplication@4c7a3a7c
----------------- Done invoking toplevel() on ptolemy.moml.MoMLSimpleApplication@4c7a3a7c
reloadAllAccessors: .MatrixCropLong

===========================================================================================
----------------- testing Mon Jul 02 01:27:43 UTC 2018 /home/travis/build/icyphy/ptII/ptolemy/actor/lib/test/auto/MatrixToArray.xml
----------------- Instantiating /home/travis/build/icyphy/ptII/ptolemy/actor/lib/test/auto/MatrixToArray.xml
5 ms. Memory: 1362944K Free: 693991K (51%)
----------------- Invoking toplevel() on ptolemy.moml.MoMLSimpleApplication@582e7726
----------------- Done invoking toplevel() on ptolemy.moml.MoMLSimpleApplication@582e7726
reloadAllAccessors: .MatrixToArray

===========================================================================================
----------------- testing Mon Jul 02 01:27:43 UTC 2018 /home/travis/build/icyphy/ptII/ptolemy/actor/lib/test/auto/MaxIndex.xml
----------------- Instantiating /home/travis/build/icyphy/ptII/ptolemy/actor/lib/test/auto/MaxIndex.xml
1 ms. Memory: 1362944K Free: 681539K (50%)
----------------- Invoking toplevel() on ptolemy.moml.MoMLSimpleApplication@4a9d3aab
----------------- Done invoking toplevel() on ptolemy.moml.MoMLSimpleApplication@4a9d3aab
reloadAllAccessors: .MaxIndex

===========================================================================================
----------------- testing Mon Jul 02 01:27:43 UTC 2018 /home/travis/build/icyphy/ptII/ptolemy/actor/lib/test/auto/Maximum.xml
----------------- Instantiating /home/travis/build/icyphy/ptII/ptolemy/actor/lib/test/auto/Maximum.xml
3 ms. Memory: 1362944K Free: 662431K (49%)
----------------- Invoking toplevel() on ptolemy.moml.MoMLSimpleApplication@14d594b3
----------------- Done invoking toplevel() on ptolemy.moml.MoMLSimpleApplication@14d594b3
reloadAllAccessors: .Maximum

===========================================================================================
----------------- testing Mon Jul 02 01:27:43 UTC 2018 /home/travis/build/icyphy/ptII/ptolemy/actor/lib/test/auto/MaximumComplex.xml
----------------- Instantiating /home/travis/build/icyphy/ptII/ptolemy/actor/lib/test/auto/MaximumComplex.xml
3 ms. Memory: 1362944K Free: 649979K (48%)
----------------- Invoking toplevel() on ptolemy.moml.MoMLSimpleApplication@e60ab2
----------------- Done invoking toplevel() on ptolemy.moml.MoMLSimpleApplication@e60ab2
reloadAllAccessors: .MaximumComplex

===========================================================================================
----------------- testing Mon Jul 02 01:27:43 UTC 2018 /home/travis/build/icyphy/ptII/ptolemy/actor/lib/test/auto/MethodCallTest.xml
----------------- Instantiating /home/travis/build/icyphy/ptII/ptolemy/actor/lib/test/auto/MethodCallTest.xml
2 ms. Memory: 1362944K Free: 637527K (47%)
----------------- Invoking toplevel() on ptolemy.moml.MoMLSimpleApplication@15f3e65d
----------------- Done invoking toplevel() on ptolemy.moml.MoMLSimpleApplication@15f3e65d
reloadAllAccessors: .MethodCallTest

===========================================================================================
----------------- testing Mon Jul 02 01:27:43 UTC 2018 /home/travis/build/icyphy/ptII/ptolemy/actor/lib/test/auto/Minimum.xml
----------------- Instantiating /home/travis/build/icyphy/ptII/ptolemy/actor/lib/test/auto/Minimum.xml
2 ms. Memory: 1362944K Free: 618418K (45%)
----------------- Invoking toplevel() on ptolemy.moml.MoMLSimpleApplication@435e148c
----------------- Done invoking toplevel() on ptolemy.moml.MoMLSimpleApplication@435e148c
reloadAllAccessors: .Minimum

===========================================================================================
----------------- testing Mon Jul 02 01:27:43 UTC 2018 /home/travis/build/icyphy/ptII/ptolemy/actor/lib/test/auto/MinimumComplex.xml
----------------- Instantiating /home/travis/build/icyphy/ptII/ptolemy/actor/lib/test/auto/MinimumComplex.xml
2 ms. Memory: 1362944K Free: 605966K (44%)
----------------- Invoking toplevel() on ptolemy.moml.MoMLSimpleApplication@7fbd59d
----------------- Done invoking toplevel() on ptolemy.moml.MoMLSimpleApplication@7fbd59d
reloadAllAccessors: .MinimumComplex

===========================================================================================
----------------- testing Mon Jul 02 01:27:43 UTC 2018 /home/travis/build/icyphy/ptII/ptolemy/actor/lib/test/auto/MinimumMultiports.xml
----------------- Instantiating /home/travis/build/icyphy/ptII/ptolemy/actor/lib/test/auto/MinimumMultiports.xml
3 ms. Memory: 1362944K Free: 586858K (43%)
----------------- Invoking toplevel() on ptolemy.moml.MoMLSimpleApplication@7bc44fb2
----------------- Done invoking toplevel() on ptolemy.moml.MoMLSimpleApplication@7bc44fb2
reloadAllAccessors: .MinimumMultiports

===========================================================================================
----------------- testing Mon Jul 02 01:27:43 UTC 2018 /home/travis/build/icyphy/ptII/ptolemy/actor/lib/test/auto/ModifyDate.xml
----------------- Instantiating /home/travis/build/icyphy/ptII/ptolemy/actor/lib/test/auto/ModifyDate.xml
5 ms. Memory: 1362944K Free: 568164K (42%)
----------------- Invoking toplevel() on ptolemy.moml.MoMLSimpleApplication@2405e6a2
----------------- Done invoking toplevel() on ptolemy.moml.MoMLSimpleApplication@2405e6a2
reloadAllAccessors: .ModifyDate

===========================================================================================
----------------- testing Mon Jul 02 01:27:43 UTC 2018 /home/travis/build/icyphy/ptII/ptolemy/actor/lib/test/auto/ModifyDate2.xml
----------------- Instantiating /home/travis/build/icyphy/ptII/ptolemy/actor/lib/test/auto/ModifyDate2.xml
2 ms. Memory: 1362944K Free: 549486K (40%)
----------------- Invoking toplevel() on ptolemy.moml.MoMLSimpleApplication@2be3861c
----------------- Done invoking toplevel() on ptolemy.moml.MoMLSimpleApplication@2be3861c
reloadAllAccessors: .ModifyDate2

===========================================================================================
----------------- testing Mon Jul 02 01:27:43 UTC 2018 /home/travis/build/icyphy/ptII/ptolemy/actor/lib/test/auto/MovingAverage.xml
----------------- Instantiating /home/travis/build/icyphy/ptII/ptolemy/actor/lib/test/auto/MovingAverage.xml
1 ms. Memory: 1362944K Free: 530378K (39%)
----------------- Invoking toplevel() on ptolemy.moml.MoMLSimpleApplication@1c7aba21
----------------- Done invoking toplevel() on ptolemy.moml.MoMLSimpleApplication@1c7aba21
reloadAllAccessors: .MovingAverage

===========================================================================================
----------------- testing Mon Jul 02 01:27:43 UTC 2018 /home/travis/build/icyphy/ptII/ptolemy/actor/lib/test/auto/MovingMaximum.xml
----------------- Instantiating /home/travis/build/icyphy/ptII/ptolemy/actor/lib/test/auto/MovingMaximum.xml
2 ms. Memory: 1362944K Free: 517926K (38%)
----------------- Invoking toplevel() on ptolemy.moml.MoMLSimpleApplication@2ad66ec5
----------------- Done invoking toplevel() on ptolemy.moml.MoMLSimpleApplication@2ad66ec5
reloadAllAccessors: .MovingMaximum

===========================================================================================
----------------- testing Mon Jul 02 01:27:43 UTC 2018 /home/travis/build/icyphy/ptII/ptolemy/actor/lib/test/auto/MultipleLinksToSameRelation.xml
----------------- Instantiating /home/travis/build/icyphy/ptII/ptolemy/actor/lib/test/auto/MultipleLinksToSameRelation.xml
2 ms. Memory: 1362944K Free: 505474K (37%)
----------------- Invoking toplevel() on ptolemy.moml.MoMLSimpleApplication@55ea4526
----------------- Done invoking toplevel() on ptolemy.moml.MoMLSimpleApplication@55ea4526
reloadAllAccessors: .MultipleLinksToSameRelation

===========================================================================================
----------------- testing Mon Jul 02 01:27:43 UTC 2018 /home/travis/build/icyphy/ptII/ptolemy/actor/lib/test/auto/MultipleLinksToSameRelationDE.xml
----------------- Instantiating /home/travis/build/icyphy/ptII/ptolemy/actor/lib/test/auto/MultipleLinksToSameRelationDE.xml
2 ms. Memory: 1362944K Free: 486365K (36%)
----------------- Invoking toplevel() on ptolemy.moml.MoMLSimpleApplication@584c60de
----------------- Done invoking toplevel() on ptolemy.moml.MoMLSimpleApplication@584c60de
reloadAllAccessors: .MultipleLinksToSameRelationDE

===========================================================================================
----------------- testing Mon Jul 02 01:27:43 UTC 2018 /home/travis/build/icyphy/ptII/ptolemy/actor/lib/test/auto/Multiplexor.xml
----------------- Instantiating /home/travis/build/icyphy/ptII/ptolemy/actor/lib/test/auto/Multiplexor.xml
2 ms. Memory: 1362944K Free: 473914K (35%)
----------------- Invoking toplevel() on ptolemy.moml.MoMLSimpleApplication@3872b523
----------------- Done invoking toplevel() on ptolemy.moml.MoMLSimpleApplication@3872b523
reloadAllAccessors: .Multiplexor

===========================================================================================
----------------- testing Mon Jul 02 01:27:43 UTC 2018 /home/travis/build/icyphy/ptII/ptolemy/actor/lib/test/auto/Multiplexor1.xml
----------------- Instantiating /home/travis/build/icyphy/ptII/ptolemy/actor/lib/test/auto/Multiplexor1.xml
2 ms. Memory: 1362944K Free: 461462K (34%)
----------------- Invoking toplevel() on ptolemy.moml.MoMLSimpleApplication@73102822
----------------- Done invoking toplevel() on ptolemy.moml.MoMLSimpleApplication@73102822
reloadAllAccessors: .Multiplexor1

===========================================================================================
----------------- testing Mon Jul 02 01:27:43 UTC 2018 /home/travis/build/icyphy/ptII/ptolemy/actor/lib/test/auto/Multiplexor2.xml
----------------- Instantiating /home/travis/build/icyphy/ptII/ptolemy/actor/lib/test/auto/Multiplexor2.xml
3 ms. Memory: 1362944K Free: 442353K (32%)
----------------- Invoking toplevel() on ptolemy.moml.MoMLSimpleApplication@3d1fff09
----------------- Done invoking toplevel() on ptolemy.moml.MoMLSimpleApplication@3d1fff09
reloadAllAccessors: .Multiplexor2

===========================================================================================
----------------- testing Mon Jul 02 01:27:43 UTC 2018 /home/travis/build/icyphy/ptII/ptolemy/actor/lib/test/auto/Multiplexor3.xml
----------------- Instantiating /home/travis/build/icyphy/ptII/ptolemy/actor/lib/test/auto/Multiplexor3.xml
1 ms. Memory: 1362944K Free: 429901K (32%)
----------------- Invoking toplevel() on ptolemy.moml.MoMLSimpleApplication@5dca20f
----------------- Done invoking toplevel() on ptolemy.moml.MoMLSimpleApplication@5dca20f
reloadAllAccessors: .Multiplexor3

===========================================================================================
----------------- testing Mon Jul 02 01:27:43 UTC 2018 /home/travis/build/icyphy/ptII/ptolemy/actor/lib/test/auto/MultiplexorDE.xml
----------------- Instantiating /home/travis/build/icyphy/ptII/ptolemy/actor/lib/test/auto/MultiplexorDE.xml
2 ms. Memory: 1362944K Free: 417450K (31%)
----------------- Invoking toplevel() on ptolemy.moml.MoMLSimpleApplication@2157b5da
----------------- Done invoking toplevel() on ptolemy.moml.MoMLSimpleApplication@2157b5da
reloadAllAccessors: .MultiplexorDE

===========================================================================================
----------------- testing Mon Jul 02 01:27:43 UTC 2018 /home/travis/build/icyphy/ptII/ptolemy/actor/lib/test/auto/MultiportBroadcastTest.xml
----------------- Instantiating /home/travis/build/icyphy/ptII/ptolemy/actor/lib/test/auto/MultiportBroadcastTest.xml
48 ms. Memory: 1362944K Free: 398341K (29%)
----------------- Invoking toplevel() on ptolemy.moml.MoMLSimpleApplication@6d6d8a85
----------------- Done invoking toplevel() on ptolemy.moml.MoMLSimpleApplication@6d6d8a85
reloadAllAccessors: .MultiportBroadcastTest

===========================================================================================
----------------- testing Mon Jul 02 01:27:43 UTC 2018 /home/travis/build/icyphy/ptII/ptolemy/actor/lib/test/auto/MultiportOutHangDuringGetWidth.xml
----------------- Instantiating /home/travis/build/icyphy/ptII/ptolemy/actor/lib/test/auto/MultiportOutHangDuringGetWidth.xml
4 ms. Memory: 1362944K Free: 379663K (28%)
----------------- Invoking toplevel() on ptolemy.moml.MoMLSimpleApplication@2d2dc56f
----------------- Done invoking toplevel() on ptolemy.moml.MoMLSimpleApplication@2d2dc56f
reloadAllAccessors: .MultiportOutHangDuringGetWidth

===========================================================================================
----------------- testing Mon Jul 02 01:27:43 UTC 2018 /home/travis/build/icyphy/ptII/ptolemy/actor/lib/test/auto/NilToken.xml
----------------- Instantiating /home/travis/build/icyphy/ptII/ptolemy/actor/lib/test/auto/NilToken.xml
1 ms. Memory: 1362944K Free: 367211K (27%)
----------------- Invoking toplevel() on ptolemy.moml.MoMLSimpleApplication@7d513404
----------------- Done invoking toplevel() on ptolemy.moml.MoMLSimpleApplication@7d513404
reloadAllAccessors: .NilToken

===========================================================================================
----------------- testing Mon Jul 02 01:27:43 UTC 2018 /home/travis/build/icyphy/ptII/ptolemy/actor/lib/test/auto/NilTokenNonStrictTest.xml
----------------- Instantiating /home/travis/build/icyphy/ptII/ptolemy/actor/lib/test/auto/NilTokenNonStrictTest.xml
2 ms. Memory: 1362944K Free: 348103K (26%)
----------------- Invoking toplevel() on ptolemy.moml.MoMLSimpleApplication@535d2c02
----------------- Done invoking toplevel() on ptolemy.moml.MoMLSimpleApplication@535d2c02
reloadAllAccessors: .NilTokenNonStrictTest

===========================================================================================
----------------- testing Mon Jul 02 01:27:43 UTC 2018 /home/travis/build/icyphy/ptII/ptolemy/actor/lib/test/auto/NilTokenRecord.xml
----------------- Instantiating /home/travis/build/icyphy/ptII/ptolemy/actor/lib/test/auto/NilTokenRecord.xml
4 ms. Memory: 1362944K Free: 335651K (25%)
----------------- Invoking toplevel() on ptolemy.moml.MoMLSimpleApplication@75828263
----------------- Done invoking toplevel() on ptolemy.moml.MoMLSimpleApplication@75828263
reloadAllAccessors: .NilTokenRecord

===========================================================================================
----------------- testing Mon Jul 02 01:27:43 UTC 2018 /home/travis/build/icyphy/ptII/ptolemy/actor/lib/test/auto/NilTokenTypeTest.xml
----------------- Instantiating /home/travis/build/icyphy/ptII/ptolemy/actor/lib/test/auto/NilTokenTypeTest.xml
3 ms. Memory: 1362944K Free: 310300K (23%)
----------------- Invoking toplevel() on ptolemy.moml.MoMLSimpleApplication@72071d6b
----------------- Done invoking toplevel() on ptolemy.moml.MoMLSimpleApplication@72071d6b
reloadAllAccessors: .NilTokenTypeTest

===========================================================================================
----------------- testing Mon Jul 02 01:27:43 UTC 2018 /home/travis/build/icyphy/ptII/ptolemy/actor/lib/test/auto/ObjectToken1.xml
----------------- Instantiating /home/travis/build/icyphy/ptII/ptolemy/actor/lib/test/auto/ObjectToken1.xml
2 ms. Memory: 1362944K Free: 297849K (22%)
----------------- Invoking toplevel() on ptolemy.moml.MoMLSimpleApplication@29725b7
----------------- Done invoking toplevel() on ptolemy.moml.MoMLSimpleApplication@29725b7
reloadAllAccessors: .ObjectToken1

===========================================================================================
----------------- testing Mon Jul 02 01:27:43 UTC 2018 /home/travis/build/icyphy/ptII/ptolemy/actor/lib/test/auto/OrderedMerge.xml
----------------- Instantiating /home/travis/build/icyphy/ptII/ptolemy/actor/lib/test/auto/OrderedMerge.xml
5 ms. Memory: 1362944K Free: 260493K (19%)
----------------- Invoking toplevel() on ptolemy.moml.MoMLSimpleApplication@27bfba17
----------------- Done invoking toplevel() on ptolemy.moml.MoMLSimpleApplication@27bfba17
reloadAllAccessors: .OrderedMerge

===========================================================================================
----------------- testing Mon Jul 02 01:27:43 UTC 2018 /home/travis/build/icyphy/ptII/ptolemy/actor/lib/test/auto/OrderedRecordDisassembler.xml
----------------- Instantiating /home/travis/build/icyphy/ptII/ptolemy/actor/lib/test/auto/OrderedRecordDisassembler.xml
4 ms. Memory: 1362944K Free: 241384K (18%)
----------------- Invoking toplevel() on ptolemy.moml.MoMLSimpleApplication@5b3abf94
----------------- Done invoking toplevel() on ptolemy.moml.MoMLSimpleApplication@5b3abf94
reloadAllAccessors: .OrderedRecordDisassembler

===========================================================================================
----------------- testing Mon Jul 02 01:27:43 UTC 2018 /home/travis/build/icyphy/ptII/ptolemy/actor/lib/test/auto/OrderedRecordDisassembler2.xml
----------------- Instantiating /home/travis/build/icyphy/ptII/ptolemy/actor/lib/test/auto/OrderedRecordDisassembler2.xml
3 ms. Memory: 1362944K Free: 228932K (17%)
----------------- Invoking toplevel() on ptolemy.moml.MoMLSimpleApplication@4d179480
----------------- Done invoking toplevel() on ptolemy.moml.MoMLSimpleApplication@4d179480
reloadAllAccessors: .OrderedRecordDisassembler2

===========================================================================================
----------------- testing Mon Jul 02 01:27:43 UTC 2018 /home/travis/build/icyphy/ptII/ptolemy/actor/lib/test/auto/OrderedRecordUpdater.xml
----------------- Instantiating /home/travis/build/icyphy/ptII/ptolemy/actor/lib/test/auto/OrderedRecordUpdater.xml
2 ms. Memory: 1362944K Free: 216481K (16%)
----------------- Invoking toplevel() on ptolemy.moml.MoMLSimpleApplication@3405e9e0
----------------- Done invoking toplevel() on ptolemy.moml.MoMLSimpleApplication@3405e9e0
reloadAllAccessors: .RecordUpdater

===========================================================================================
----------------- testing Mon Jul 02 01:27:43 UTC 2018 /home/travis/build/icyphy/ptII/ptolemy/actor/lib/test/auto/OrderedRecordUpdater2.xml
----------------- Instantiating /home/travis/build/icyphy/ptII/ptolemy/actor/lib/test/auto/OrderedRecordUpdater2.xml
2 ms. Memory: 1362944K Free: 197372K (14%)
----------------- Invoking toplevel() on ptolemy.moml.MoMLSimpleApplication@4c141f67
----------------- Done invoking toplevel() on ptolemy.moml.MoMLSimpleApplication@4c141f67
reloadAllAccessors: .RecordUpdater2

===========================================================================================
----------------- testing Mon Jul 02 01:27:43 UTC 2018 /home/travis/build/icyphy/ptII/ptolemy/actor/lib/test/auto/PhaseUnwrap.xml
----------------- Instantiating /home/travis/build/icyphy/ptII/ptolemy/actor/lib/test/auto/PhaseUnwrap.xml
1 ms. Memory: 1362944K Free: 184920K (14%)
----------------- Invoking toplevel() on ptolemy.moml.MoMLSimpleApplication@705f6906
----------------- Done invoking toplevel() on ptolemy.moml.MoMLSimpleApplication@705f6906
reloadAllAccessors: .PhaseUnwrap

===========================================================================================
----------------- testing Mon Jul 02 01:27:43 UTC 2018 /home/travis/build/icyphy/ptII/ptolemy/actor/lib/test/auto/PoissonClock.xml
----------------- Instantiating /home/travis/build/icyphy/ptII/ptolemy/actor/lib/test/auto/PoissonClock.xml
1 ms. Memory: 1362944K Free: 172468K (13%)
----------------- Invoking toplevel() on ptolemy.moml.MoMLSimpleApplication@2f105bd9
----------------- Done invoking toplevel() on ptolemy.moml.MoMLSimpleApplication@2f105bd9
reloadAllAccessors: .PoissonClock

===========================================================================================
----------------- testing Mon Jul 02 01:27:43 UTC 2018 /home/travis/build/icyphy/ptII/ptolemy/actor/lib/test/auto/PoissonClock2.xml
----------------- Instantiating /home/travis/build/icyphy/ptII/ptolemy/actor/lib/test/auto/PoissonClock2.xml
1 ms. Memory: 1362944K Free: 153360K (11%)
----------------- Invoking toplevel() on ptolemy.moml.MoMLSimpleApplication@67c79b93
----------------- Done invoking toplevel() on ptolemy.moml.MoMLSimpleApplication@67c79b93
reloadAllAccessors: .PoissonClock2

===========================================================================================
----------------- testing Mon Jul 02 01:27:43 UTC 2018 /home/travis/build/icyphy/ptII/ptolemy/actor/lib/test/auto/PoissonClock3.xml
----------------- Instantiating /home/travis/build/icyphy/ptII/ptolemy/actor/lib/test/auto/PoissonClock3.xml
2 ms. Memory: 1362944K Free: 140908K (10%)
----------------- Invoking toplevel() on ptolemy.moml.MoMLSimpleApplication@3faa28ae
----------------- Done invoking toplevel() on ptolemy.moml.MoMLSimpleApplication@3faa28ae
reloadAllAccessors: .PoissonClock3

===========================================================================================
----------------- testing Mon Jul 02 01:27:43 UTC 2018 /home/travis/build/icyphy/ptII/ptolemy/actor/lib/test/auto/PubSubWithInitialTokens.xml
----------------- Instantiating /home/travis/build/icyphy/ptII/ptolemy/actor/lib/test/auto/PubSubWithInitialTokens.xml
2 ms. Memory: 1362944K Free: 128456K (9%)
----------------- Invoking toplevel() on ptolemy.moml.MoMLSimpleApplication@5b0e2e99
----------------- Done invoking toplevel() on ptolemy.moml.MoMLSimpleApplication@5b0e2e99
reloadAllAccessors: .PubSubWithInitialTokens

===========================================================================================
----------------- testing Mon Jul 02 01:27:43 UTC 2018 /home/travis/build/icyphy/ptII/ptolemy/actor/lib/test/auto/PubSubWithInitialTokens2.xml
----------------- Instantiating /home/travis/build/icyphy/ptII/ptolemy/actor/lib/test/auto/PubSubWithInitialTokens2.xml
1 ms. Memory: 1362944K Free: 109348K (8%)
----------------- Invoking toplevel() on ptolemy.moml.MoMLSimpleApplication@2173e8e9
----------------- Done invoking toplevel() on ptolemy.moml.MoMLSimpleApplication@2173e8e9
reloadAllAccessors: .PubSubWithInitialTokens2

===========================================================================================
----------------- testing Mon Jul 02 01:27:43 UTC 2018 /home/travis/build/icyphy/ptII/ptolemy/actor/lib/test/auto/PublisherClassNoParameter.xml
----------------- Instantiating /home/travis/build/icyphy/ptII/ptolemy/actor/lib/test/auto/PublisherClassNoParameter.xml
3 ms. Memory: 1362944K Free: 90670K (7%)
----------------- Invoking toplevel() on ptolemy.moml.MoMLSimpleApplication@6da7a151
----------------- Done invoking toplevel() on ptolemy.moml.MoMLSimpleApplication@6da7a151
reloadAllAccessors: .PublisherClassNoParameter

===========================================================================================
----------------- testing Mon Jul 02 01:27:43 UTC 2018 /home/travis/build/icyphy/ptII/ptolemy/actor/lib/test/auto/PublisherClassParameter.xml
----------------- Instantiating /home/travis/build/icyphy/ptII/ptolemy/actor/lib/test/auto/PublisherClassParameter.xml
2 ms. Memory: 1574912K Free: 1521254K (97%)
----------------- Invoking toplevel() on ptolemy.moml.MoMLSimpleApplication@7164030f
----------------- Done invoking toplevel() on ptolemy.moml.MoMLSimpleApplication@7164030f
reloadAllAccessors: .PublisherClassParameter

===========================================================================================
----------------- testing Mon Jul 02 01:27:43 UTC 2018 /home/travis/build/icyphy/ptII/ptolemy/actor/lib/test/auto/PublisherNonStrictTest.xml
----------------- Instantiating /home/travis/build/icyphy/ptII/ptolemy/actor/lib/test/auto/PublisherNonStrictTest.xml
3 ms. Memory: 1574912K Free: 1499816K (95%)
----------------- Invoking toplevel() on ptolemy.moml.MoMLSimpleApplication@6e0114cd
----------------- Done invoking toplevel() on ptolemy.moml.MoMLSimpleApplication@6e0114cd
reloadAllAccessors: .PublisherNonStrictTest

===========================================================================================
----------------- testing Mon Jul 02 01:27:43 UTC 2018 /home/travis/build/icyphy/ptII/ptolemy/actor/lib/test/auto/PublisherPort1.xml
----------------- Instantiating /home/travis/build/icyphy/ptII/ptolemy/actor/lib/test/auto/PublisherPort1.xml
2 ms. Memory: 1574912K Free: 1485055K (94%)
----------------- Invoking toplevel() on ptolemy.moml.MoMLSimpleApplication@5a19765f
----------------- Done invoking toplevel() on ptolemy.moml.MoMLSimpleApplication@5a19765f
reloadAllAccessors: .PublisherPort1

===========================================================================================
----------------- testing Mon Jul 02 01:27:43 UTC 2018 /home/travis/build/icyphy/ptII/ptolemy/actor/lib/test/auto/PublisherPort2.xml
----------------- Instantiating /home/travis/build/icyphy/ptII/ptolemy/actor/lib/test/auto/PublisherPort2.xml
1 ms. Memory: 1574912K Free: 1463617K (93%)
----------------- Invoking toplevel() on ptolemy.moml.MoMLSimpleApplication@43bdee15
----------------- Done invoking toplevel() on ptolemy.moml.MoMLSimpleApplication@43bdee15
reloadAllAccessors: .PublisherPort2

===========================================================================================
----------------- testing Mon Jul 02 01:27:43 UTC 2018 /home/travis/build/icyphy/ptII/ptolemy/actor/lib/test/auto/PublisherPort3.xml
----------------- Instantiating /home/travis/build/icyphy/ptII/ptolemy/actor/lib/test/auto/PublisherPort3.xml
3 ms. Memory: 1574912K Free: 1448856K (92%)
----------------- Invoking toplevel() on ptolemy.moml.MoMLSimpleApplication@2e011dba
----------------- Done invoking toplevel() on ptolemy.moml.MoMLSimpleApplication@2e011dba
reloadAllAccessors: .PublisherPort3

===========================================================================================
----------------- testing Mon Jul 02 01:27:43 UTC 2018 /home/travis/build/icyphy/ptII/ptolemy/actor/lib/test/auto/PublisherPort4.xml
----------------- Instantiating /home/travis/build/icyphy/ptII/ptolemy/actor/lib/test/auto/PublisherPort4.xml
2 ms. Memory: 1574912K Free: 1434095K (91%)
----------------- Invoking toplevel() on ptolemy.moml.MoMLSimpleApplication@6ddc4cfa
----------------- Done invoking toplevel() on ptolemy.moml.MoMLSimpleApplication@6ddc4cfa
reloadAllAccessors: .PublisherPort4

===========================================================================================
----------------- testing Mon Jul 02 01:27:43 UTC 2018 /home/travis/build/icyphy/ptII/ptolemy/actor/lib/test/auto/PublisherPort5.xml
----------------- Instantiating /home/travis/build/icyphy/ptII/ptolemy/actor/lib/test/auto/PublisherPort5.xml
4 ms. Memory: 1574912K Free: 1412657K (90%)
----------------- Invoking toplevel() on ptolemy.moml.MoMLSimpleApplication@e945f58
----------------- Done invoking toplevel() on ptolemy.moml.MoMLSimpleApplication@e945f58
reloadAllAccessors: .PublisherPort5

===========================================================================================
----------------- testing Mon Jul 02 01:27:44 UTC 2018 /home/travis/build/icyphy/ptII/ptolemy/actor/lib/test/auto/PublisherPort5LookAlike.xml
----------------- Instantiating /home/travis/build/icyphy/ptII/ptolemy/actor/lib/test/auto/PublisherPort5LookAlike.xml
3 ms. Memory: 1574912K Free: 1397812K (89%)
----------------- Invoking toplevel() on ptolemy.moml.MoMLSimpleApplication@5d408483
----------------- Done invoking toplevel() on ptolemy.moml.MoMLSimpleApplication@5d408483
reloadAllAccessors: .PublisherPort5LookAlike

===========================================================================================
----------------- testing Mon Jul 02 01:27:44 UTC 2018 /home/travis/build/icyphy/ptII/ptolemy/actor/lib/test/auto/PublisherPort6.xml
----------------- Instantiating /home/travis/build/icyphy/ptII/ptolemy/actor/lib/test/auto/PublisherPort6.xml
2 ms. Memory: 1574912K Free: 1383051K (88%)
----------------- Invoking toplevel() on ptolemy.moml.MoMLSimpleApplication@33ebe8f0
----------------- Done invoking toplevel() on ptolemy.moml.MoMLSimpleApplication@33ebe8f0
reloadAllAccessors: .PublisherPort6

===========================================================================================
----------------- testing Mon Jul 02 01:27:44 UTC 2018 /home/travis/build/icyphy/ptII/ptolemy/actor/lib/test/auto/PublisherPort7.xml
----------------- Instantiating /home/travis/build/icyphy/ptII/ptolemy/actor/lib/test/auto/PublisherPort7.xml
3 ms. Memory: 1574912K Free: 1361613K (86%)
----------------- Invoking toplevel() on ptolemy.moml.MoMLSimpleApplication@50eeab91
----------------- Done invoking toplevel() on ptolemy.moml.MoMLSimpleApplication@50eeab91
reloadAllAccessors: .PublisherPort7

===========================================================================================
----------------- testing Mon Jul 02 01:27:44 UTC 2018 /home/travis/build/icyphy/ptII/ptolemy/actor/lib/test/auto/PublisherPort8.xml
----------------- Instantiating /home/travis/build/icyphy/ptII/ptolemy/actor/lib/test/auto/PublisherPort8.xml
4 ms. Memory: 1574912K Free: 1346852K (86%)
----------------- Invoking toplevel() on ptolemy.moml.MoMLSimpleApplication@48a237f2
----------------- Done invoking toplevel() on ptolemy.moml.MoMLSimpleApplication@48a237f2
reloadAllAccessors: .PublisherPort8

===========================================================================================
----------------- testing Mon Jul 02 01:27:44 UTC 2018 /home/travis/build/icyphy/ptII/ptolemy/actor/lib/test/auto/PublisherPortSubscriberChannelVariablesAOC2.xml
----------------- Instantiating /home/travis/build/icyphy/ptII/ptolemy/actor/lib/test/auto/PublisherPortSubscriberChannelVariablesAOC2.xml
3 ms. Memory: 1574912K Free: 1317298K (84%)
----------------- Invoking toplevel() on ptolemy.moml.MoMLSimpleApplication@6509cef8
----------------- Done invoking toplevel() on ptolemy.moml.MoMLSimpleApplication@6509cef8
reloadAllAccessors: .PublisherPortSubscriberChannelVariablesAOC2

===========================================================================================
----------------- testing Mon Jul 02 01:27:44 UTC 2018 /home/travis/build/icyphy/ptII/ptolemy/actor/lib/test/auto/PublisherPortSubscriberOpaqueWidthInference.xml
----------------- Instantiating /home/travis/build/icyphy/ptII/ptolemy/actor/lib/test/auto/PublisherPortSubscriberOpaqueWidthInference.xml
3 ms. Memory: 1574912K Free: 1295861K (82%)
----------------- Invoking toplevel() on ptolemy.moml.MoMLSimpleApplication@7a06110f
----------------- Done invoking toplevel() on ptolemy.moml.MoMLSimpleApplication@7a06110f
reloadAllAccessors: .PublisherPortSubscriberOpaqueWidthInference

===========================================================================================
----------------- testing Mon Jul 02 01:27:44 UTC 2018 /home/travis/build/icyphy/ptII/ptolemy/actor/lib/test/auto/PublisherPortSubscriberPortAdjacent.xml
----------------- Instantiating /home/travis/build/icyphy/ptII/ptolemy/actor/lib/test/auto/PublisherPortSubscriberPortAdjacent.xml
1 ms. Memory: 1574912K Free: 1281100K (81%)
----------------- Invoking toplevel() on ptolemy.moml.MoMLSimpleApplication@65b41aee
----------------- Done invoking toplevel() on ptolemy.moml.MoMLSimpleApplication@65b41aee
reloadAllAccessors: .PublisherPortSubscriberPortAdjacent

===========================================================================================
----------------- testing Mon Jul 02 01:27:44 UTC 2018 /home/travis/build/icyphy/ptII/ptolemy/actor/lib/test/auto/PublisherPortSubscriberPortExpression.xml
----------------- Instantiating /home/travis/build/icyphy/ptII/ptolemy/actor/lib/test/auto/PublisherPortSubscriberPortExpression.xml
3 ms. Memory: 1574912K Free: 1259662K (80%)
----------------- Invoking toplevel() on ptolemy.moml.MoMLSimpleApplication@38189302
----------------- Done invoking toplevel() on ptolemy.moml.MoMLSimpleApplication@38189302
reloadAllAccessors: .PublisherPortSubscriberPortExpression

===========================================================================================
----------------- testing Mon Jul 02 01:27:44 UTC 2018 /home/travis/build/icyphy/ptII/ptolemy/actor/lib/test/auto/PublisherPortSubscriberPortOpaqueD3Reverse.xml
----------------- Instantiating /home/travis/build/icyphy/ptII/ptolemy/actor/lib/test/auto/PublisherPortSubscriberPortOpaqueD3Reverse.xml
5 ms. Memory: 1574912K Free: 1244901K (79%)
----------------- Invoking toplevel() on ptolemy.moml.MoMLSimpleApplication@2355e6eb
----------------- Done invoking toplevel() on ptolemy.moml.MoMLSimpleApplication@2355e6eb
reloadAllAccessors: .PublisherPortSubscriberPortOpaqueD3Reverse

===========================================================================================
----------------- testing Mon Jul 02 01:27:44 UTC 2018 /home/travis/build/icyphy/ptII/ptolemy/actor/lib/test/auto/PublisherPortSubscriberPortOpaqueWidthInference.xml
----------------- Instantiating /home/travis/build/icyphy/ptII/ptolemy/actor/lib/test/auto/PublisherPortSubscriberPortOpaqueWidthInference.xml
4 ms. Memory: 1574912K Free: 1230140K (78%)
----------------- Invoking toplevel() on ptolemy.moml.MoMLSimpleApplication@2a57c55e
----------------- Done invoking toplevel() on ptolemy.moml.MoMLSimpleApplication@2a57c55e
reloadAllAccessors: .PublisherPortSubscriberPortOpaqueWidthInference

===========================================================================================
----------------- testing Mon Jul 02 01:27:44 UTC 2018 /home/travis/build/icyphy/ptII/ptolemy/actor/lib/test/auto/PublisherPortToplevelSubscriberPortAOC.xml
----------------- Instantiating /home/travis/build/icyphy/ptII/ptolemy/actor/lib/test/auto/PublisherPortToplevelSubscriberPortAOC.xml
.PublisherPortToplevelSubscriberPortAOC.TestExceptionAttribute: initialize() was not invoked, but wrapup() was.  This is unusual, but not always a problem.  For example, exporting JNLP will do this.
0 ms. Memory: 1574912K Free: 1208702K (77%)
----------------- Invoking toplevel() on ptolemy.moml.MoMLSimpleApplication@28bb1560
----------------- Done invoking toplevel() on ptolemy.moml.MoMLSimpleApplication@28bb1560
reloadAllAccessors: .PublisherPortToplevelSubscriberPortAOC

===========================================================================================
----------------- testing Mon Jul 02 01:27:44 UTC 2018 /home/travis/build/icyphy/ptII/ptolemy/actor/lib/test/auto/PublisherSubscriber.xml
----------------- Instantiating /home/travis/build/icyphy/ptII/ptolemy/actor/lib/test/auto/PublisherSubscriber.xml
3 ms. Memory: 1574912K Free: 1193941K (76%)
----------------- Invoking toplevel() on ptolemy.moml.MoMLSimpleApplication@1bf8e392
----------------- Done invoking toplevel() on ptolemy.moml.MoMLSimpleApplication@1bf8e392
reloadAllAccessors: .PublisherSubscriber

===========================================================================================
----------------- testing Mon Jul 02 01:27:44 UTC 2018 /home/travis/build/icyphy/ptII/ptolemy/actor/lib/test/auto/PublisherSubscriber10.xml
----------------- Instantiating /home/travis/build/icyphy/ptII/ptolemy/actor/lib/test/auto/PublisherSubscriber10.xml
5 ms. Memory: 1574912K Free: 1179180K (75%)
----------------- Invoking toplevel() on ptolemy.moml.MoMLSimpleApplication@58a42fa1
----------------- Done invoking toplevel() on ptolemy.moml.MoMLSimpleApplication@58a42fa1
reloadAllAccessors: .PublisherSubscriber10

===========================================================================================
----------------- testing Mon Jul 02 01:27:44 UTC 2018 /home/travis/build/icyphy/ptII/ptolemy/actor/lib/test/auto/PublisherSubscriber10InitialOutputs.xml
----------------- Instantiating /home/travis/build/icyphy/ptII/ptolemy/actor/lib/test/auto/PublisherSubscriber10InitialOutputs.xml
4 ms. Memory: 1574912K Free: 1157742K (74%)
----------------- Invoking toplevel() on ptolemy.moml.MoMLSimpleApplication@31c83164
----------------- Done invoking toplevel() on ptolemy.moml.MoMLSimpleApplication@31c83164
reloadAllAccessors: .PublisherSubscriber10InitialOutputs

===========================================================================================
----------------- testing Mon Jul 02 01:27:44 UTC 2018 /home/travis/build/icyphy/ptII/ptolemy/actor/lib/test/auto/PublisherSubscriber11.xml
----------------- Instantiating /home/travis/build/icyphy/ptII/ptolemy/actor/lib/test/auto/PublisherSubscriber11.xml
2 ms. Memory: 1574912K Free: 1142981K (73%)
----------------- Invoking toplevel() on ptolemy.moml.MoMLSimpleApplication@2059e292
----------------- Done invoking toplevel() on ptolemy.moml.MoMLSimpleApplication@2059e292
reloadAllAccessors: .PublisherSubscriber11

===========================================================================================
----------------- testing Mon Jul 02 01:27:44 UTC 2018 /home/travis/build/icyphy/ptII/ptolemy/actor/lib/test/auto/PublisherSubscriber12.xml
----------------- Instantiating /home/travis/build/icyphy/ptII/ptolemy/actor/lib/test/auto/PublisherSubscriber12.xml
3 ms. Memory: 1574912K Free: 1128220K (72%)
----------------- Invoking toplevel() on ptolemy.moml.MoMLSimpleApplication@47c4844f
----------------- Done invoking toplevel() on ptolemy.moml.MoMLSimpleApplication@47c4844f
reloadAllAccessors: .PublisherSubscriber12

===========================================================================================
----------------- testing Mon Jul 02 01:27:44 UTC 2018 /home/travis/build/icyphy/ptII/ptolemy/actor/lib/test/auto/PublisherSubscriber13.xml
----------------- Instantiating /home/travis/build/icyphy/ptII/ptolemy/actor/lib/test/auto/PublisherSubscriber13.xml
2 ms. Memory: 1574912K Free: 1106782K (70%)
----------------- Invoking toplevel() on ptolemy.moml.MoMLSimpleApplication@1b4071e1
----------------- Done invoking toplevel() on ptolemy.moml.MoMLSimpleApplication@1b4071e1
reloadAllAccessors: .PublisherSubscriber13

===========================================================================================
----------------- testing Mon Jul 02 01:27:44 UTC 2018 /home/travis/build/icyphy/ptII/ptolemy/actor/lib/test/auto/PublisherSubscriber14.xml
----------------- Instantiating /home/travis/build/icyphy/ptII/ptolemy/actor/lib/test/auto/PublisherSubscriber14.xml
2 ms. Memory: 1574912K Free: 1092021K (69%)
----------------- Invoking toplevel() on ptolemy.moml.MoMLSimpleApplication@6f2ae08
----------------- Done invoking toplevel() on ptolemy.moml.MoMLSimpleApplication@6f2ae08
reloadAllAccessors: .PublisherSubscriber14

===========================================================================================
----------------- testing Mon Jul 02 01:27:44 UTC 2018 /home/travis/build/icyphy/ptII/ptolemy/actor/lib/test/auto/PublisherSubscriber2.xml
----------------- Instantiating /home/travis/build/icyphy/ptII/ptolemy/actor/lib/test/auto/PublisherSubscriber2.xml
2 ms. Memory: 1574912K Free: 1070583K (68%)
----------------- Invoking toplevel() on ptolemy.moml.MoMLSimpleApplication@25132ee6
----------------- Done invoking toplevel() on ptolemy.moml.MoMLSimpleApplication@25132ee6
reloadAllAccessors: .PublisherSubscriber2

===========================================================================================
----------------- testing Mon Jul 02 01:27:44 UTC 2018 /home/travis/build/icyphy/ptII/ptolemy/actor/lib/test/auto/PublisherSubscriber3.xml
----------------- Instantiating /home/travis/build/icyphy/ptII/ptolemy/actor/lib/test/auto/PublisherSubscriber3.xml
2 ms. Memory: 1574912K Free: 1055822K (67%)
----------------- Invoking toplevel() on ptolemy.moml.MoMLSimpleApplication@7772d3a7
----------------- Done invoking toplevel() on ptolemy.moml.MoMLSimpleApplication@7772d3a7
reloadAllAccessors: .PublisherSubscriber3

===========================================================================================
----------------- testing Mon Jul 02 01:27:44 UTC 2018 /home/travis/build/icyphy/ptII/ptolemy/actor/lib/test/auto/PublisherSubscriber4.xml
----------------- Instantiating /home/travis/build/icyphy/ptII/ptolemy/actor/lib/test/auto/PublisherSubscriber4.xml
2 ms. Memory: 1574912K Free: 1041061K (66%)
----------------- Invoking toplevel() on ptolemy.moml.MoMLSimpleApplication@591e024c
----------------- Done invoking toplevel() on ptolemy.moml.MoMLSimpleApplication@591e024c
reloadAllAccessors: .PublisherSubscriber4

===========================================================================================
----------------- testing Mon Jul 02 01:27:44 UTC 2018 /home/travis/build/icyphy/ptII/ptolemy/actor/lib/test/auto/PublisherSubscriber5.xml
----------------- Instantiating /home/travis/build/icyphy/ptII/ptolemy/actor/lib/test/auto/PublisherSubscriber5.xml
2 ms. Memory: 1574912K Free: 1019623K (65%)
----------------- Invoking toplevel() on ptolemy.moml.MoMLSimpleApplication@4bc84f6f
----------------- Done invoking toplevel() on ptolemy.moml.MoMLSimpleApplication@4bc84f6f
reloadAllAccessors: .PublisherSubscriber5

===========================================================================================
----------------- testing Mon Jul 02 01:27:44 UTC 2018 /home/travis/build/icyphy/ptII/ptolemy/actor/lib/test/auto/PublisherSubscriber6.xml
----------------- Instantiating /home/travis/build/icyphy/ptII/ptolemy/actor/lib/test/auto/PublisherSubscriber6.xml
2 ms. Memory: 1574912K Free: 1004862K (64%)
----------------- Invoking toplevel() on ptolemy.moml.MoMLSimpleApplication@30649735
----------------- Done invoking toplevel() on ptolemy.moml.MoMLSimpleApplication@30649735
reloadAllAccessors: .PublisherSubscriber6

===========================================================================================
----------------- testing Mon Jul 02 01:27:44 UTC 2018 /home/travis/build/icyphy/ptII/ptolemy/actor/lib/test/auto/PublisherSubscriber7.xml
----------------- Instantiating /home/travis/build/icyphy/ptII/ptolemy/actor/lib/test/auto/PublisherSubscriber7.xml
2 ms. Memory: 1574912K Free: 990101K (63%)
----------------- Invoking toplevel() on ptolemy.moml.MoMLSimpleApplication@8f63cd3
----------------- Done invoking toplevel() on ptolemy.moml.MoMLSimpleApplication@8f63cd3
reloadAllAccessors: .PublisherSubscriber7

===========================================================================================
----------------- testing Mon Jul 02 01:27:44 UTC 2018 /home/travis/build/icyphy/ptII/ptolemy/actor/lib/test/auto/PublisherSubscriber8.xml
----------------- Instantiating /home/travis/build/icyphy/ptII/ptolemy/actor/lib/test/auto/PublisherSubscriber8.xml
7 ms. Memory: 1574912K Free: 894858K (57%)
----------------- Invoking toplevel() on ptolemy.moml.MoMLSimpleApplication@231c458b
----------------- Done invoking toplevel() on ptolemy.moml.MoMLSimpleApplication@231c458b
reloadAllAccessors: .PublisherSubscriber8

===========================================================================================
----------------- testing Mon Jul 02 01:27:44 UTC 2018 /home/travis/build/icyphy/ptII/ptolemy/actor/lib/test/auto/PublisherSubscriber9.xml
----------------- Instantiating /home/travis/build/icyphy/ptII/ptolemy/actor/lib/test/auto/PublisherSubscriber9.xml
3 ms. Memory: 1574912K Free: 880098K (56%)
----------------- Invoking toplevel() on ptolemy.moml.MoMLSimpleApplication@14ba9602
----------------- Done invoking toplevel() on ptolemy.moml.MoMLSimpleApplication@14ba9602
reloadAllAccessors: .PublisherSubscriber9

===========================================================================================
----------------- testing Mon Jul 02 01:27:44 UTC 2018 /home/travis/build/icyphy/ptII/ptolemy/actor/lib/test/auto/PublisherSubscriberAdjacent.xml
----------------- Instantiating /home/travis/build/icyphy/ptII/ptolemy/actor/lib/test/auto/PublisherSubscriberAdjacent.xml
2 ms. Memory: 1574912K Free: 865337K (55%)
----------------- Invoking toplevel() on ptolemy.moml.MoMLSimpleApplication@47828222
----------------- Done invoking toplevel() on ptolemy.moml.MoMLSimpleApplication@47828222
reloadAllAccessors: .PublisherSubscriberAdjacent

===========================================================================================
----------------- testing Mon Jul 02 01:27:44 UTC 2018 /home/travis/build/icyphy/ptII/ptolemy/actor/lib/test/auto/PublisherSubscriberChannelVariablesAOC2.xml
----------------- Instantiating /home/travis/build/icyphy/ptII/ptolemy/actor/lib/test/auto/PublisherSubscriberChannelVariablesAOC2.xml
2 ms. Memory: 1574912K Free: 836510K (53%)
----------------- Invoking toplevel() on ptolemy.moml.MoMLSimpleApplication@8258d3d
----------------- Done invoking toplevel() on ptolemy.moml.MoMLSimpleApplication@8258d3d
reloadAllAccessors: .PublisherSubscriberChannelVariablesAOC2

===========================================================================================
----------------- testing Mon Jul 02 01:27:44 UTC 2018 /home/travis/build/icyphy/ptII/ptolemy/actor/lib/test/auto/PublisherSubscriberD3.xml
----------------- Instantiating /home/travis/build/icyphy/ptII/ptolemy/actor/lib/test/auto/PublisherSubscriberD3.xml
2 ms. Memory: 1574912K Free: 821749K (52%)
----------------- Invoking toplevel() on ptolemy.moml.MoMLSimpleApplication@6f86a793
----------------- Done invoking toplevel() on ptolemy.moml.MoMLSimpleApplication@6f86a793
reloadAllAccessors: .PublisherSubscriberD3

===========================================================================================
----------------- testing Mon Jul 02 01:27:44 UTC 2018 /home/travis/build/icyphy/ptII/ptolemy/actor/lib/test/auto/PublisherSubscriberD3Reverse.xml
----------------- Instantiating /home/travis/build/icyphy/ptII/ptolemy/actor/lib/test/auto/PublisherSubscriberD3Reverse.xml
1 ms. Memory: 1574912K Free: 800311K (51%)
----------------- Invoking toplevel() on ptolemy.moml.MoMLSimpleApplication@4d6afddf
----------------- Done invoking toplevel() on ptolemy.moml.MoMLSimpleApplication@4d6afddf
reloadAllAccessors: .PublisherSubscriberD3Reverse

===========================================================================================
----------------- testing Mon Jul 02 01:27:44 UTC 2018 /home/travis/build/icyphy/ptII/ptolemy/actor/lib/test/auto/PublisherSubscriberExpression.xml
----------------- Instantiating /home/travis/build/icyphy/ptII/ptolemy/actor/lib/test/auto/PublisherSubscriberExpression.xml
3 ms. Memory: 1574912K Free: 785550K (50%)
----------------- Invoking toplevel() on ptolemy.moml.MoMLSimpleApplication@290c6da8
----------------- Done invoking toplevel() on ptolemy.moml.MoMLSimpleApplication@290c6da8
reloadAllAccessors: .PublisherSubscriberExpression

===========================================================================================
----------------- testing Mon Jul 02 01:27:44 UTC 2018 /home/travis/build/icyphy/ptII/ptolemy/actor/lib/test/auto/PublisherSubscriberOpaque.xml
----------------- Instantiating /home/travis/build/icyphy/ptII/ptolemy/actor/lib/test/auto/PublisherSubscriberOpaque.xml
3 ms. Memory: 1574912K Free: 770789K (49%)
----------------- Invoking toplevel() on ptolemy.moml.MoMLSimpleApplication@961b860
----------------- Done invoking toplevel() on ptolemy.moml.MoMLSimpleApplication@961b860
reloadAllAccessors: .PublisherSubscriberOpaque

===========================================================================================
----------------- testing Mon Jul 02 01:27:44 UTC 2018 /home/travis/build/icyphy/ptII/ptolemy/actor/lib/test/auto/PublisherSubscriberOpaqueD3.xml
----------------- Instantiating /home/travis/build/icyphy/ptII/ptolemy/actor/lib/test/auto/PublisherSubscriberOpaqueD3.xml
5 ms. Memory: 1574912K Free: 741955K (47%)
----------------- Invoking toplevel() on ptolemy.moml.MoMLSimpleApplication@567537d2
----------------- Done invoking toplevel() on ptolemy.moml.MoMLSimpleApplication@567537d2
reloadAllAccessors: .PublisherSubscriberOpaqueD3

===========================================================================================
----------------- testing Mon Jul 02 01:27:44 UTC 2018 /home/travis/build/icyphy/ptII/ptolemy/actor/lib/test/auto/PublisherSubscriberOpaqueD3Reverse.xml
----------------- Instantiating /home/travis/build/icyphy/ptII/ptolemy/actor/lib/test/auto/PublisherSubscriberOpaqueD3Reverse.xml
4 ms. Memory: 1574912K Free: 727194K (46%)
----------------- Invoking toplevel() on ptolemy.moml.MoMLSimpleApplication@214a79bc
----------------- Done invoking toplevel() on ptolemy.moml.MoMLSimpleApplication@214a79bc
reloadAllAccessors: .PublisherSubscriberOpaqueD3Reverse

===========================================================================================
----------------- testing Mon Jul 02 01:27:44 UTC 2018 /home/travis/build/icyphy/ptII/ptolemy/actor/lib/test/auto/PublisherSubscriberOpaqueWidthInference.xml
----------------- Instantiating /home/travis/build/icyphy/ptII/ptolemy/actor/lib/test/auto/PublisherSubscriberOpaqueWidthInference.xml
3 ms. Memory: 1574912K Free: 712433K (45%)
----------------- Invoking toplevel() on ptolemy.moml.MoMLSimpleApplication@47dd730e
----------------- Done invoking toplevel() on ptolemy.moml.MoMLSimpleApplication@47dd730e
reloadAllAccessors: .PublisherSubscriberOpaqueWidthInference

===========================================================================================
----------------- testing Mon Jul 02 01:27:44 UTC 2018 /home/travis/build/icyphy/ptII/ptolemy/actor/lib/test/auto/PublisherTestSubscriber.xml
----------------- Instantiating /home/travis/build/icyphy/ptII/ptolemy/actor/lib/test/auto/PublisherTestSubscriber.xml
3 ms. Memory: 1574912K Free: 690995K (44%)
----------------- Invoking toplevel() on ptolemy.moml.MoMLSimpleApplication@42323f3d
----------------- Done invoking toplevel() on ptolemy.moml.MoMLSimpleApplication@42323f3d
reloadAllAccessors: .PublisherTestSubscriber

===========================================================================================
----------------- testing Mon Jul 02 01:27:44 UTC 2018 /home/travis/build/icyphy/ptII/ptolemy/actor/lib/test/auto/PublisherToplevelSubscriberPortAOC.xml
----------------- Instantiating /home/travis/build/icyphy/ptII/ptolemy/actor/lib/test/auto/PublisherToplevelSubscriberPortAOC.xml
1 ms. Memory: 1574912K Free: 676234K (43%)
----------------- Invoking toplevel() on ptolemy.moml.MoMLSimpleApplication@6de7ac42
----------------- Done invoking toplevel() on ptolemy.moml.MoMLSimpleApplication@6de7ac42
reloadAllAccessors: .PublisherToplevelSubscriberPortAOC

===========================================================================================
----------------- testing Mon Jul 02 01:27:44 UTC 2018 /home/travis/build/icyphy/ptII/ptolemy/actor/lib/test/auto/PulseFiringLimitDE.xml
----------------- Instantiating /home/travis/build/icyphy/ptII/ptolemy/actor/lib/test/auto/PulseFiringLimitDE.xml
2 ms. Memory: 1574912K Free: 661473K (42%)
----------------- Invoking toplevel() on ptolemy.moml.MoMLSimpleApplication@5ad2e3e6
----------------- Done invoking toplevel() on ptolemy.moml.MoMLSimpleApplication@5ad2e3e6
reloadAllAccessors: .PulseFiringLimitDE

===========================================================================================
----------------- testing Mon Jul 02 01:27:44 UTC 2018 /home/travis/build/icyphy/ptII/ptolemy/actor/lib/test/auto/Ramp1.xml
----------------- Instantiating /home/travis/build/icyphy/ptII/ptolemy/actor/lib/test/auto/Ramp1.xml
1 ms. Memory: 1574912K Free: 640035K (41%)
----------------- Invoking toplevel() on ptolemy.moml.MoMLSimpleApplication@6d3802c3
----------------- Done invoking toplevel() on ptolemy.moml.MoMLSimpleApplication@6d3802c3
reloadAllAccessors: .Ramp1

===========================================================================================
----------------- testing Mon Jul 02 01:27:44 UTC 2018 /home/travis/build/icyphy/ptII/ptolemy/actor/lib/test/auto/RampFiringLimitDE.xml
----------------- Instantiating /home/travis/build/icyphy/ptII/ptolemy/actor/lib/test/auto/RampFiringLimitDE.xml
3 ms. Memory: 1574912K Free: 625274K (40%)
----------------- Invoking toplevel() on ptolemy.moml.MoMLSimpleApplication@37970db9
----------------- Done invoking toplevel() on ptolemy.moml.MoMLSimpleApplication@37970db9
reloadAllAccessors: .RampFiringLimitDE

===========================================================================================
----------------- testing Mon Jul 02 01:27:44 UTC 2018 /home/travis/build/icyphy/ptII/ptolemy/actor/lib/test/auto/RampFiringLimitSDF.xml
----------------- Instantiating /home/travis/build/icyphy/ptII/ptolemy/actor/lib/test/auto/RampFiringLimitSDF.xml
2 ms. Memory: 1574912K Free: 603836K (38%)
----------------- Invoking toplevel() on ptolemy.moml.MoMLSimpleApplication@1fee8be5
----------------- Done invoking toplevel() on ptolemy.moml.MoMLSimpleApplication@1fee8be5
reloadAllAccessors: .RampFiringLimitSDF

===========================================================================================
----------------- testing Mon Jul 02 01:27:44 UTC 2018 /home/travis/build/icyphy/ptII/ptolemy/actor/lib/test/auto/RandomInteger.xml
----------------- Instantiating /home/travis/build/icyphy/ptII/ptolemy/actor/lib/test/auto/RandomInteger.xml
1 ms. Memory: 1574912K Free: 589075K (37%)
----------------- Invoking toplevel() on ptolemy.moml.MoMLSimpleApplication@2ee3b08e
----------------- Done invoking toplevel() on ptolemy.moml.MoMLSimpleApplication@2ee3b08e
reloadAllAccessors: .RandomInteger

===========================================================================================
----------------- testing Mon Jul 02 01:27:44 UTC 2018 /home/travis/build/icyphy/ptII/ptolemy/actor/lib/test/auto/ReadFile1.xml
----------------- Instantiating /home/travis/build/icyphy/ptII/ptolemy/actor/lib/test/auto/ReadFile1.xml
1 ms. Memory: 1574912K Free: 574314K (36%)
----------------- Invoking toplevel() on ptolemy.moml.MoMLSimpleApplication@7051b214
----------------- Done invoking toplevel() on ptolemy.moml.MoMLSimpleApplication@7051b214
reloadAllAccessors: .ReadFile1

===========================================================================================
----------------- testing Mon Jul 02 01:27:44 UTC 2018 /home/travis/build/icyphy/ptII/ptolemy/actor/lib/test/auto/ReadFile2.xml
----------------- Instantiating /home/travis/build/icyphy/ptII/ptolemy/actor/lib/test/auto/ReadFile2.xml
1 ms. Memory: 1574912K Free: 552876K (35%)
----------------- Invoking toplevel() on ptolemy.moml.MoMLSimpleApplication@8847bc4
----------------- Done invoking toplevel() on ptolemy.moml.MoMLSimpleApplication@8847bc4
reloadAllAccessors: .ReadFile2

===========================================================================================
----------------- testing Mon Jul 02 01:27:44 UTC 2018 /home/travis/build/icyphy/ptII/ptolemy/actor/lib/test/auto/Reader.xml
----------------- Instantiating /home/travis/build/icyphy/ptII/ptolemy/actor/lib/test/auto/Reader.xml
actor.lib.Reader is obsolete, use actor.lib.io.ExpressionReader instead
5 ms. Memory: 1574912K Free: 538115K (34%)
----------------- Invoking toplevel() on ptolemy.moml.MoMLSimpleApplication@34fd9920
----------------- Done invoking toplevel() on ptolemy.moml.MoMLSimpleApplication@34fd9920
reloadAllAccessors: .Reader

===========================================================================================
----------------- testing Mon Jul 02 01:27:44 UTC 2018 /home/travis/build/icyphy/ptII/ptolemy/actor/lib/test/auto/RecordAssemblerDisplayNameTest.xml
----------------- Instantiating /home/travis/build/icyphy/ptII/ptolemy/actor/lib/test/auto/RecordAssemblerDisplayNameTest.xml
2916 ms. Memory: 1606144K Free: 762447K (47%)
----------------- Invoking toplevel() on ptolemy.moml.MoMLSimpleApplication@f5368f0
----------------- Done invoking toplevel() on ptolemy.moml.MoMLSimpleApplication@f5368f0
reloadAllAccessors: .RecordAssemblerDisplayNameTest

===========================================================================================
----------------- testing Mon Jul 02 01:27:47 UTC 2018 /home/travis/build/icyphy/ptII/ptolemy/actor/lib/test/auto/RecordAssemblerTypeError.xml
----------------- Instantiating /home/travis/build/icyphy/ptII/ptolemy/actor/lib/test/auto/RecordAssemblerTypeError.xml
3 ms. Memory: 1606144K Free: 731097K (46%)
----------------- Invoking toplevel() on ptolemy.moml.MoMLSimpleApplication@28bf7b22
----------------- Done invoking toplevel() on ptolemy.moml.MoMLSimpleApplication@28bf7b22
reloadAllAccessors: .RecordAssemblerTypeError

===========================================================================================
----------------- testing Mon Jul 02 01:27:47 UTC 2018 /home/travis/build/icyphy/ptII/ptolemy/actor/lib/test/auto/RecordDisassember.xml
----------------- Instantiating /home/travis/build/icyphy/ptII/ptolemy/actor/lib/test/auto/RecordDisassember.xml
3 ms. Memory: 1606144K Free: 716203K (45%)
----------------- Invoking toplevel() on ptolemy.moml.MoMLSimpleApplication@3168aa89
----------------- Done invoking toplevel() on ptolemy.moml.MoMLSimpleApplication@3168aa89
reloadAllAccessors: .RecordDisassember

===========================================================================================
----------------- testing Mon Jul 02 01:27:47 UTC 2018 /home/travis/build/icyphy/ptII/ptolemy/actor/lib/test/auto/RecordDisassemberDisplayNameTest.xml
----------------- Instantiating /home/travis/build/icyphy/ptII/ptolemy/actor/lib/test/auto/RecordDisassemberDisplayNameTest.xml
4 ms. Memory: 1606144K Free: 696078K (43%)
----------------- Invoking toplevel() on ptolemy.moml.MoMLSimpleApplication@bfef0c6
----------------- Done invoking toplevel() on ptolemy.moml.MoMLSimpleApplication@bfef0c6
reloadAllAccessors: .RecordDisassemberDisplayNameTest

===========================================================================================
----------------- testing Mon Jul 02 01:27:47 UTC 2018 /home/travis/build/icyphy/ptII/ptolemy/actor/lib/test/auto/RecordDisassembler.xml
----------------- Instantiating /home/travis/build/icyphy/ptII/ptolemy/actor/lib/test/auto/RecordDisassembler.xml
2 ms. Memory: 1606144K Free: 681184K (42%)
----------------- Invoking toplevel() on ptolemy.moml.MoMLSimpleApplication@145ed565
----------------- Done invoking toplevel() on ptolemy.moml.MoMLSimpleApplication@145ed565
reloadAllAccessors: .RecordDisassembler

===========================================================================================
----------------- testing Mon Jul 02 01:27:47 UTC 2018 /home/travis/build/icyphy/ptII/ptolemy/actor/lib/test/auto/RecordDisassembler2.xml
----------------- Instantiating /home/travis/build/icyphy/ptII/ptolemy/actor/lib/test/auto/RecordDisassembler2.xml
2 ms. Memory: 1606144K Free: 661059K (41%)
----------------- Invoking toplevel() on ptolemy.moml.MoMLSimpleApplication@703f2817
----------------- Done invoking toplevel() on ptolemy.moml.MoMLSimpleApplication@703f2817
reloadAllAccessors: .RecordDisassembler2

===========================================================================================
----------------- testing Mon Jul 02 01:27:47 UTC 2018 /home/travis/build/icyphy/ptII/ptolemy/actor/lib/test/auto/RecordUpdater.xml
----------------- Instantiating /home/travis/build/icyphy/ptII/ptolemy/actor/lib/test/auto/RecordUpdater.xml
1 ms. Memory: 1606144K Free: 646165K (40%)
----------------- Invoking toplevel() on ptolemy.moml.MoMLSimpleApplication@5f71975e
----------------- Done invoking toplevel() on ptolemy.moml.MoMLSimpleApplication@5f71975e
reloadAllAccessors: .RecordUpdater

===========================================================================================
----------------- testing Mon Jul 02 01:27:47 UTC 2018 /home/travis/build/icyphy/ptII/ptolemy/actor/lib/test/auto/RecordUpdater2.xml
----------------- Instantiating /home/travis/build/icyphy/ptII/ptolemy/actor/lib/test/auto/RecordUpdater2.xml
1 ms. Memory: 1606144K Free: 626040K (39%)
----------------- Invoking toplevel() on ptolemy.moml.MoMLSimpleApplication@1f01c02e
----------------- Done invoking toplevel() on ptolemy.moml.MoMLSimpleApplication@1f01c02e
reloadAllAccessors: .RecordUpdater2

===========================================================================================
----------------- testing Mon Jul 02 01:27:47 UTC 2018 /home/travis/build/icyphy/ptII/ptolemy/actor/lib/test/auto/RecursiveLattice.xml
----------------- Instantiating /home/travis/build/icyphy/ptII/ptolemy/actor/lib/test/auto/RecursiveLattice.xml
1 ms. Memory: 1606144K Free: 611146K (38%)
----------------- Invoking toplevel() on ptolemy.moml.MoMLSimpleApplication@38bf558e
----------------- Done invoking toplevel() on ptolemy.moml.MoMLSimpleApplication@38bf558e
reloadAllAccessors: .RecursiveLattice

===========================================================================================
----------------- testing Mon Jul 02 01:27:47 UTC 2018 /home/travis/build/icyphy/ptII/ptolemy/actor/lib/test/auto/Router.xml
----------------- Instantiating /home/travis/build/icyphy/ptII/ptolemy/actor/lib/test/auto/Router.xml
3004 ms. Memory: 1606144K Free: 591022K (37%)
----------------- Invoking toplevel() on ptolemy.moml.MoMLSimpleApplication@3d422cd8
----------------- Done invoking toplevel() on ptolemy.moml.MoMLSimpleApplication@3d422cd8
reloadAllAccessors: .Router

===========================================================================================
----------------- testing Mon Jul 02 01:27:50 UTC 2018 /home/travis/build/icyphy/ptII/ptolemy/actor/lib/test/auto/Router2.xml
----------------- Instantiating /home/travis/build/icyphy/ptII/ptolemy/actor/lib/test/auto/Router2.xml
3003 ms. Memory: 1606144K Free: 576128K (36%)
----------------- Invoking toplevel() on ptolemy.moml.MoMLSimpleApplication@29871253
----------------- Done invoking toplevel() on ptolemy.moml.MoMLSimpleApplication@29871253
reloadAllAccessors: .Router2

===========================================================================================
----------------- testing Mon Jul 02 01:27:54 UTC 2018 /home/travis/build/icyphy/ptII/ptolemy/actor/lib/test/auto/RunningMaximum.xml
----------------- Instantiating /home/travis/build/icyphy/ptII/ptolemy/actor/lib/test/auto/RunningMaximum.xml
2 ms. Memory: 1606144K Free: 556003K (35%)
----------------- Invoking toplevel() on ptolemy.moml.MoMLSimpleApplication@7e2f98d6
----------------- Done invoking toplevel() on ptolemy.moml.MoMLSimpleApplication@7e2f98d6
reloadAllAccessors: .RunningMaximum

===========================================================================================
----------------- testing Mon Jul 02 01:27:54 UTC 2018 /home/travis/build/icyphy/ptII/ptolemy/actor/lib/test/auto/RunningMinimum.xml
----------------- Instantiating /home/travis/build/icyphy/ptII/ptolemy/actor/lib/test/auto/RunningMinimum.xml
1 ms. Memory: 1606144K Free: 541109K (34%)
----------------- Invoking toplevel() on ptolemy.moml.MoMLSimpleApplication@1d51d991
----------------- Done invoking toplevel() on ptolemy.moml.MoMLSimpleApplication@1d51d991
reloadAllAccessors: .RunningMinimum

===========================================================================================
----------------- testing Mon Jul 02 01:27:54 UTC 2018 /home/travis/build/icyphy/ptII/ptolemy/actor/lib/test/auto/Scale.xml
----------------- Instantiating /home/travis/build/icyphy/ptII/ptolemy/actor/lib/test/auto/Scale.xml
2 ms. Memory: 1606144K Free: 520984K (32%)
----------------- Invoking toplevel() on ptolemy.moml.MoMLSimpleApplication@11d0dc2a
----------------- Done invoking toplevel() on ptolemy.moml.MoMLSimpleApplication@11d0dc2a
reloadAllAccessors: .Scale

===========================================================================================
----------------- testing Mon Jul 02 01:27:54 UTC 2018 /home/travis/build/icyphy/ptII/ptolemy/actor/lib/test/auto/Scale2.xml
----------------- Instantiating /home/travis/build/icyphy/ptII/ptolemy/actor/lib/test/auto/Scale2.xml
2 ms. Memory: 1606144K Free: 506090K (32%)
----------------- Invoking toplevel() on ptolemy.moml.MoMLSimpleApplication@3d55167d
----------------- Done invoking toplevel() on ptolemy.moml.MoMLSimpleApplication@3d55167d
reloadAllAccessors: .Scale2

===========================================================================================
----------------- testing Mon Jul 02 01:27:54 UTC 2018 /home/travis/build/icyphy/ptII/ptolemy/actor/lib/test/auto/Scale3.xml
----------------- Instantiating /home/travis/build/icyphy/ptII/ptolemy/actor/lib/test/auto/Scale3.xml
2 ms. Memory: 1606144K Free: 485965K (30%)
----------------- Invoking toplevel() on ptolemy.moml.MoMLSimpleApplication@1422ba53
----------------- Done invoking toplevel() on ptolemy.moml.MoMLSimpleApplication@1422ba53
reloadAllAccessors: .Scale3

===========================================================================================
----------------- testing Mon Jul 02 01:27:54 UTC 2018 /home/travis/build/icyphy/ptII/ptolemy/actor/lib/test/auto/ScaleArray.xml
----------------- Instantiating /home/travis/build/icyphy/ptII/ptolemy/actor/lib/test/auto/ScaleArray.xml
2 ms. Memory: 1606144K Free: 471071K (29%)
----------------- Invoking toplevel() on ptolemy.moml.MoMLSimpleApplication@1a087058
----------------- Done invoking toplevel() on ptolemy.moml.MoMLSimpleApplication@1a087058
reloadAllAccessors: .ScaleArray

===========================================================================================
----------------- testing Mon Jul 02 01:27:54 UTC 2018 /home/travis/build/icyphy/ptII/ptolemy/actor/lib/test/auto/ScaleArray2.xml
----------------- Instantiating /home/travis/build/icyphy/ptII/ptolemy/actor/lib/test/auto/ScaleArray2.xml
1 ms. Memory: 1606144K Free: 456177K (28%)
----------------- Invoking toplevel() on ptolemy.moml.MoMLSimpleApplication@6efef366
----------------- Done invoking toplevel() on ptolemy.moml.MoMLSimpleApplication@6efef366
reloadAllAccessors: .ScaleArray2

===========================================================================================
----------------- testing Mon Jul 02 01:27:54 UTC 2018 /home/travis/build/icyphy/ptII/ptolemy/actor/lib/test/auto/ScaleMatrix.xml
----------------- Instantiating /home/travis/build/icyphy/ptII/ptolemy/actor/lib/test/auto/ScaleMatrix.xml
101 ms. Memory: 1606144K Free: 428605K (27%)
----------------- Invoking toplevel() on ptolemy.moml.MoMLSimpleApplication@28b0f9a5
----------------- Done invoking toplevel() on ptolemy.moml.MoMLSimpleApplication@28b0f9a5
reloadAllAccessors: .ScaleMatrix

===========================================================================================
----------------- testing Mon Jul 02 01:27:54 UTC 2018 /home/travis/build/icyphy/ptII/ptolemy/actor/lib/test/auto/Select.xml
----------------- Instantiating /home/travis/build/icyphy/ptII/ptolemy/actor/lib/test/auto/Select.xml
1 ms. Memory: 1606144K Free: 413711K (26%)
----------------- Invoking toplevel() on ptolemy.moml.MoMLSimpleApplication@1bbdd1b7
----------------- Done invoking toplevel() on ptolemy.moml.MoMLSimpleApplication@1bbdd1b7
reloadAllAccessors: .Select

===========================================================================================
----------------- testing Mon Jul 02 01:27:54 UTC 2018 /home/travis/build/icyphy/ptII/ptolemy/actor/lib/test/auto/Select2.xml
----------------- Instantiating /home/travis/build/icyphy/ptII/ptolemy/actor/lib/test/auto/Select2.xml
1 ms. Memory: 1606144K Free: 393587K (25%)
----------------- Invoking toplevel() on ptolemy.moml.MoMLSimpleApplication@19472d57
----------------- Done invoking toplevel() on ptolemy.moml.MoMLSimpleApplication@19472d57
reloadAllAccessors: .Select2

===========================================================================================
----------------- testing Mon Jul 02 01:27:54 UTC 2018 /home/travis/build/icyphy/ptII/ptolemy/actor/lib/test/auto/SequenceToArray2.xml
----------------- Instantiating /home/travis/build/icyphy/ptII/ptolemy/actor/lib/test/auto/SequenceToArray2.xml
80 ms. Memory: 1606144K Free: 304222K (19%)
----------------- Invoking toplevel() on ptolemy.moml.MoMLSimpleApplication@77ea89dc
----------------- Done invoking toplevel() on ptolemy.moml.MoMLSimpleApplication@77ea89dc
reloadAllAccessors: .SequenceToArray2

===========================================================================================
----------------- testing Mon Jul 02 01:27:54 UTC 2018 /home/travis/build/icyphy/ptII/ptolemy/actor/lib/test/auto/SequentialClock.xml
----------------- Instantiating /home/travis/build/icyphy/ptII/ptolemy/actor/lib/test/auto/SequentialClock.xml
1 ms. Memory: 1606144K Free: 284096K (18%)
----------------- Invoking toplevel() on ptolemy.moml.MoMLSimpleApplication@3a8b870
----------------- Done invoking toplevel() on ptolemy.moml.MoMLSimpleApplication@3a8b870
reloadAllAccessors: .SequentialClock

===========================================================================================
----------------- testing Mon Jul 02 01:27:54 UTC 2018 /home/travis/build/icyphy/ptII/ptolemy/actor/lib/test/auto/SetVariable.xml
----------------- Instantiating /home/travis/build/icyphy/ptII/ptolemy/actor/lib/test/auto/SetVariable.xml
4 ms. Memory: 1606144K Free: 269202K (17%)
----------------- Invoking toplevel() on ptolemy.moml.MoMLSimpleApplication@418650c5
----------------- Done invoking toplevel() on ptolemy.moml.MoMLSimpleApplication@418650c5
reloadAllAccessors: .SetVariable

===========================================================================================
----------------- testing Mon Jul 02 01:27:54 UTC 2018 /home/travis/build/icyphy/ptII/ptolemy/actor/lib/test/auto/SetVariable2.xml
----------------- Instantiating /home/travis/build/icyphy/ptII/ptolemy/actor/lib/test/auto/SetVariable2.xml
4 ms. Memory: 1606144K Free: 249077K (16%)
----------------- Invoking toplevel() on ptolemy.moml.MoMLSimpleApplication@49a459f8
----------------- Done invoking toplevel() on ptolemy.moml.MoMLSimpleApplication@49a459f8
reloadAllAccessors: .SetVariable2

===========================================================================================
----------------- testing Mon Jul 02 01:27:54 UTC 2018 /home/travis/build/icyphy/ptII/ptolemy/actor/lib/test/auto/SetVariable3.xml
----------------- Instantiating /home/travis/build/icyphy/ptII/ptolemy/actor/lib/test/auto/SetVariable3.xml
5 ms. Memory: 1606144K Free: 234183K (15%)
----------------- Invoking toplevel() on ptolemy.moml.MoMLSimpleApplication@6e54d356
----------------- Done invoking toplevel() on ptolemy.moml.MoMLSimpleApplication@6e54d356
reloadAllAccessors: .SetVariable3

===========================================================================================
----------------- testing Mon Jul 02 01:27:54 UTC 2018 /home/travis/build/icyphy/ptII/ptolemy/actor/lib/test/auto/SetVariable4.xml
----------------- Instantiating /home/travis/build/icyphy/ptII/ptolemy/actor/lib/test/auto/SetVariable4.xml
16 ms. Memory: 1606144K Free: 161929K (10%)
----------------- Invoking toplevel() on ptolemy.moml.MoMLSimpleApplication@33a2183a
----------------- Done invoking toplevel() on ptolemy.moml.MoMLSimpleApplication@33a2183a
reloadAllAccessors: .SetVariable4

===========================================================================================
----------------- testing Mon Jul 02 01:27:54 UTC 2018 /home/travis/build/icyphy/ptII/ptolemy/actor/lib/test/auto/SetVariable5.xml
----------------- Instantiating /home/travis/build/icyphy/ptII/ptolemy/actor/lib/test/auto/SetVariable5.xml
15 ms. Memory: 1606144K Free: 147035K (9%)
----------------- Invoking toplevel() on ptolemy.moml.MoMLSimpleApplication@7286656
----------------- Done invoking toplevel() on ptolemy.moml.MoMLSimpleApplication@7286656
reloadAllAccessors: .SetVariable5

===========================================================================================
----------------- testing Mon Jul 02 01:27:54 UTC 2018 /home/travis/build/icyphy/ptII/ptolemy/actor/lib/test/auto/Sinewave.xml
----------------- Instantiating /home/travis/build/icyphy/ptII/ptolemy/actor/lib/test/auto/Sinewave.xml
5 ms. Memory: 1606144K Free: 119455K (7%)
----------------- Invoking toplevel() on ptolemy.moml.MoMLSimpleApplication@5a09e5c6
----------------- Done invoking toplevel() on ptolemy.moml.MoMLSimpleApplication@5a09e5c6
reloadAllAccessors: .Sinewave

===========================================================================================
----------------- testing Mon Jul 02 01:27:54 UTC 2018 /home/travis/build/icyphy/ptII/ptolemy/actor/lib/test/auto/Sinewave2.xml
----------------- Instantiating /home/travis/build/icyphy/ptII/ptolemy/actor/lib/test/auto/Sinewave2.xml
4 ms. Memory: 1606144K Free: 104561K (7%)
----------------- Invoking toplevel() on ptolemy.moml.MoMLSimpleApplication@63ba047b
----------------- Done invoking toplevel() on ptolemy.moml.MoMLSimpleApplication@63ba047b
reloadAllAccessors: .Sinewave2

===========================================================================================
----------------- testing Mon Jul 02 01:27:54 UTC 2018 /home/travis/build/icyphy/ptII/ptolemy/actor/lib/test/auto/Sinewave3.xml
----------------- Instantiating /home/travis/build/icyphy/ptII/ptolemy/actor/lib/test/auto/Sinewave3.xml
6 ms. Memory: 1606144K Free: 84437K (5%)
----------------- Invoking toplevel() on ptolemy.moml.MoMLSimpleApplication@3eddeb5a
----------------- Done invoking toplevel() on ptolemy.moml.MoMLSimpleApplication@3eddeb5a
reloadAllAccessors: .Sinewave3

===========================================================================================
----------------- testing Mon Jul 02 01:27:54 UTC 2018 /home/travis/build/icyphy/ptII/ptolemy/actor/lib/test/auto/SingleEvent.xml
----------------- Instantiating /home/travis/build/icyphy/ptII/ptolemy/actor/lib/test/auto/SingleEvent.xml
7 ms. Memory: 1781760K Free: 1734388K (97%)
----------------- Invoking toplevel() on ptolemy.moml.MoMLSimpleApplication@3f9e34db
----------------- Done invoking toplevel() on ptolemy.moml.MoMLSimpleApplication@3f9e34db
reloadAllAccessors: .SingleEvent

===========================================================================================
----------------- testing Mon Jul 02 01:27:54 UTC 2018 /home/travis/build/icyphy/ptII/ptolemy/actor/lib/test/auto/Sleep.xml
----------------- Instantiating /home/travis/build/icyphy/ptII/ptolemy/actor/lib/test/auto/Sleep.xml
6002 ms. Memory: 1781760K Free: 1709124K (96%)
----------------- Invoking toplevel() on ptolemy.moml.MoMLSimpleApplication@3940acd2
----------------- Done invoking toplevel() on ptolemy.moml.MoMLSimpleApplication@3940acd2
reloadAllAccessors: .Sleep

===========================================================================================
----------------- testing Mon Jul 02 01:28:00 UTC 2018 /home/travis/build/icyphy/ptII/ptolemy/actor/lib/test/auto/SleepMultipleFire.xml
----------------- Instantiating /home/travis/build/icyphy/ptII/ptolemy/actor/lib/test/auto/SleepMultipleFire.xml
1004 ms. Memory: 1781760K Free: 1688027K (95%)
----------------- Invoking toplevel() on ptolemy.moml.MoMLSimpleApplication@57e55a69
----------------- Done invoking toplevel() on ptolemy.moml.MoMLSimpleApplication@57e55a69
reloadAllAccessors: .SleepMultipleFire

===========================================================================================
----------------- testing Mon Jul 02 01:28:01 UTC 2018 /home/travis/build/icyphy/ptII/ptolemy/actor/lib/test/auto/StopDE.xml
----------------- Instantiating /home/travis/build/icyphy/ptII/ptolemy/actor/lib/test/auto/StopDE.xml
3 ms. Memory: 1781760K Free: 1671357K (94%)
----------------- Invoking toplevel() on ptolemy.moml.MoMLSimpleApplication@1e3a14f8
----------------- Done invoking toplevel() on ptolemy.moml.MoMLSimpleApplication@1e3a14f8
reloadAllAccessors: .StopDE

===========================================================================================
----------------- testing Mon Jul 02 01:28:01 UTC 2018 /home/travis/build/icyphy/ptII/ptolemy/actor/lib/test/auto/StopSDF.xml
----------------- Instantiating /home/travis/build/icyphy/ptII/ptolemy/actor/lib/test/auto/StopSDF.xml
2 ms. Memory: 1781760K Free: 1650260K (93%)
----------------- Invoking toplevel() on ptolemy.moml.MoMLSimpleApplication@69e9b155
----------------- Done invoking toplevel() on ptolemy.moml.MoMLSimpleApplication@69e9b155
reloadAllAccessors: .StopSDF

===========================================================================================
----------------- testing Mon Jul 02 01:28:01 UTC 2018 /home/travis/build/icyphy/ptII/ptolemy/actor/lib/test/auto/StringConstant.xml
----------------- Instantiating /home/travis/build/icyphy/ptII/ptolemy/actor/lib/test/auto/StringConstant.xml
4 ms. Memory: 1781760K Free: 1633589K (92%)
----------------- Invoking toplevel() on ptolemy.moml.MoMLSimpleApplication@3e43ea33
----------------- Done invoking toplevel() on ptolemy.moml.MoMLSimpleApplication@3e43ea33
reloadAllAccessors: .StringConstant

===========================================================================================
----------------- testing Mon Jul 02 01:28:01 UTC 2018 /home/travis/build/icyphy/ptII/ptolemy/actor/lib/test/auto/SubscriberPortInitialValues1.xml
----------------- Instantiating /home/travis/build/icyphy/ptII/ptolemy/actor/lib/test/auto/SubscriberPortInitialValues1.xml
10 ms. Memory: 1781760K Free: 1612493K (91%)
----------------- Invoking toplevel() on ptolemy.moml.MoMLSimpleApplication@3bc34233
----------------- Done invoking toplevel() on ptolemy.moml.MoMLSimpleApplication@3bc34233
reloadAllAccessors: .SubscriberPortInitialValues1

===========================================================================================
----------------- testing Mon Jul 02 01:28:01 UTC 2018 /home/travis/build/icyphy/ptII/ptolemy/actor/lib/test/auto/SubscriberPortInitialValues13.xml
----------------- Instantiating /home/travis/build/icyphy/ptII/ptolemy/actor/lib/test/auto/SubscriberPortInitialValues13.xml
4 ms. Memory: 1781760K Free: 1587470K (89%)
----------------- Invoking toplevel() on ptolemy.moml.MoMLSimpleApplication@753a98cb
----------------- Done invoking toplevel() on ptolemy.moml.MoMLSimpleApplication@753a98cb
reloadAllAccessors: .SubscriberPortInitialValues13

===========================================================================================
----------------- testing Mon Jul 02 01:28:01 UTC 2018 /home/travis/build/icyphy/ptII/ptolemy/actor/lib/test/auto/SubscriberPortInitialValues14.xml
----------------- Instantiating /home/travis/build/icyphy/ptII/ptolemy/actor/lib/test/auto/SubscriberPortInitialValues14.xml
3 ms. Memory: 1781760K Free: 1566374K (88%)
----------------- Invoking toplevel() on ptolemy.moml.MoMLSimpleApplication@34397326
----------------- Done invoking toplevel() on ptolemy.moml.MoMLSimpleApplication@34397326
reloadAllAccessors: .SubscriberPortInitialValues14

===========================================================================================
----------------- testing Mon Jul 02 01:28:01 UTC 2018 /home/travis/build/icyphy/ptII/ptolemy/actor/lib/test/auto/SubscriberPortInitialValues2.xml
----------------- Instantiating /home/travis/build/icyphy/ptII/ptolemy/actor/lib/test/auto/SubscriberPortInitialValues2.xml
4 ms. Memory: 1781760K Free: 1549703K (87%)
----------------- Invoking toplevel() on ptolemy.moml.MoMLSimpleApplication@1ad51598
----------------- Done invoking toplevel() on ptolemy.moml.MoMLSimpleApplication@1ad51598
reloadAllAccessors: .SubscriberPortInitialValues2

===========================================================================================
----------------- testing Mon Jul 02 01:28:01 UTC 2018 /home/travis/build/icyphy/ptII/ptolemy/actor/lib/test/auto/SubscriberPortInitialValues3.xml
----------------- Instantiating /home/travis/build/icyphy/ptII/ptolemy/actor/lib/test/auto/SubscriberPortInitialValues3.xml
3 ms. Memory: 1781760K Free: 1528606K (86%)
----------------- Invoking toplevel() on ptolemy.moml.MoMLSimpleApplication@63e92c90
----------------- Done invoking toplevel() on ptolemy.moml.MoMLSimpleApplication@63e92c90
reloadAllAccessors: .SubscriberPortInitialValues3

===========================================================================================
----------------- testing Mon Jul 02 01:28:01 UTC 2018 /home/travis/build/icyphy/ptII/ptolemy/actor/lib/test/auto/SubscriptionAggregator.xml
----------------- Instantiating /home/travis/build/icyphy/ptII/ptolemy/actor/lib/test/auto/SubscriptionAggregator.xml
3 ms. Memory: 1781760K Free: 1507509K (85%)
----------------- Invoking toplevel() on ptolemy.moml.MoMLSimpleApplication@3e614aea
----------------- Done invoking toplevel() on ptolemy.moml.MoMLSimpleApplication@3e614aea
reloadAllAccessors: .SubscriptionAggregator

===========================================================================================
----------------- testing Mon Jul 02 01:28:01 UTC 2018 /home/travis/build/icyphy/ptII/ptolemy/actor/lib/test/auto/SubscriptionAggregator2.xml
----------------- Instantiating /home/travis/build/icyphy/ptII/ptolemy/actor/lib/test/auto/SubscriptionAggregator2.xml
4 ms. Memory: 1781760K Free: 1490839K (84%)
----------------- Invoking toplevel() on ptolemy.moml.MoMLSimpleApplication@2c9d41d3
----------------- Done invoking toplevel() on ptolemy.moml.MoMLSimpleApplication@2c9d41d3
reloadAllAccessors: .SubscriptionAggregator2

===========================================================================================
----------------- testing Mon Jul 02 01:28:01 UTC 2018 /home/travis/build/icyphy/ptII/ptolemy/actor/lib/test/auto/SubscriptionAggregator3.xml
----------------- Instantiating /home/travis/build/icyphy/ptII/ptolemy/actor/lib/test/auto/SubscriptionAggregator3.xml
3 ms. Memory: 1781760K Free: 1469740K (82%)
----------------- Invoking toplevel() on ptolemy.moml.MoMLSimpleApplication@4a3dba34
----------------- Done invoking toplevel() on ptolemy.moml.MoMLSimpleApplication@4a3dba34
reloadAllAccessors: .SubscriptionAggregator3

===========================================================================================
----------------- testing Mon Jul 02 01:28:01 UTC 2018 /home/travis/build/icyphy/ptII/ptolemy/actor/lib/test/auto/SubscriptionAggregatorMultiply.xml
----------------- Instantiating /home/travis/build/icyphy/ptII/ptolemy/actor/lib/test/auto/SubscriptionAggregatorMultiply.xml
5 ms. Memory: 1781760K Free: 1453069K (82%)
----------------- Invoking toplevel() on ptolemy.moml.MoMLSimpleApplication@5e054f4c
----------------- Done invoking toplevel() on ptolemy.moml.MoMLSimpleApplication@5e054f4c
reloadAllAccessors: .SubscriptionAggregatorMultiply

===========================================================================================
----------------- testing Mon Jul 02 01:28:01 UTC 2018 /home/travis/build/icyphy/ptII/ptolemy/actor/lib/test/auto/SubscriptionAggregatorPortMultiply1.xml
----------------- Instantiating /home/travis/build/icyphy/ptII/ptolemy/actor/lib/test/auto/SubscriptionAggregatorPortMultiply1.xml
3 ms. Memory: 1781760K Free: 1431972K (80%)
----------------- Invoking toplevel() on ptolemy.moml.MoMLSimpleApplication@6d801dca
----------------- Done invoking toplevel() on ptolemy.moml.MoMLSimpleApplication@6d801dca
reloadAllAccessors: .SubscriptionAggregatorPortMultiply1

===========================================================================================
----------------- testing Mon Jul 02 01:28:01 UTC 2018 /home/travis/build/icyphy/ptII/ptolemy/actor/lib/test/auto/Switch.xml
----------------- Instantiating /home/travis/build/icyphy/ptII/ptolemy/actor/lib/test/auto/Switch.xml
6 ms. Memory: 1781760K Free: 1365249K (77%)
----------------- Invoking toplevel() on ptolemy.moml.MoMLSimpleApplication@71d8f7c1
----------------- Done invoking toplevel() on ptolemy.moml.MoMLSimpleApplication@71d8f7c1
reloadAllAccessors: .Switch

===========================================================================================
----------------- testing Mon Jul 02 01:28:01 UTC 2018 /home/travis/build/icyphy/ptII/ptolemy/actor/lib/test/auto/Switch2.xml
----------------- Instantiating /home/travis/build/icyphy/ptII/ptolemy/actor/lib/test/auto/Switch2.xml
1 ms. Memory: 1781760K Free: 1344152K (75%)
----------------- Invoking toplevel() on ptolemy.moml.MoMLSimpleApplication@37f225a9
----------------- Done invoking toplevel() on ptolemy.moml.MoMLSimpleApplication@37f225a9
reloadAllAccessors: .Switch2

===========================================================================================
----------------- testing Mon Jul 02 01:28:01 UTC 2018 /home/travis/build/icyphy/ptII/ptolemy/actor/lib/test/auto/SwitchDE.xml
----------------- Instantiating /home/travis/build/icyphy/ptII/ptolemy/actor/lib/test/auto/SwitchDE.xml
1 ms. Memory: 1781760K Free: 1327482K (75%)
----------------- Invoking toplevel() on ptolemy.moml.MoMLSimpleApplication@4eb1127b
----------------- Done invoking toplevel() on ptolemy.moml.MoMLSimpleApplication@4eb1127b
reloadAllAccessors: .SwitchDE

===========================================================================================
----------------- testing Mon Jul 02 01:28:01 UTC 2018 /home/travis/build/icyphy/ptII/ptolemy/actor/lib/test/auto/SynchronizerDE.xml
----------------- Instantiating /home/travis/build/icyphy/ptII/ptolemy/actor/lib/test/auto/SynchronizerDE.xml
6 ms. Memory: 1781760K Free: 1306385K (73%)
----------------- Invoking toplevel() on ptolemy.moml.MoMLSimpleApplication@3afef15f
----------------- Done invoking toplevel() on ptolemy.moml.MoMLSimpleApplication@3afef15f
reloadAllAccessors: .SynchronizerDE

===========================================================================================
----------------- testing Mon Jul 02 01:28:01 UTC 2018 /home/travis/build/icyphy/ptII/ptolemy/actor/lib/test/auto/Test.xml
----------------- Instantiating /home/travis/build/icyphy/ptII/ptolemy/actor/lib/test/auto/Test.xml
8 ms. Memory: 1781760K Free: 1285288K (72%)
----------------- Invoking toplevel() on ptolemy.moml.MoMLSimpleApplication@79cf9433
----------------- Done invoking toplevel() on ptolemy.moml.MoMLSimpleApplication@79cf9433
reloadAllAccessors: .Test

===========================================================================================
----------------- testing Mon Jul 02 01:28:02 UTC 2018 /home/travis/build/icyphy/ptII/ptolemy/actor/lib/test/auto/TestExceptionAttribute1.xml
----------------- Instantiating /home/travis/build/icyphy/ptII/ptolemy/actor/lib/test/auto/TestExceptionAttribute1.xml
0 ms. Memory: 1781760K Free: 1268617K (71%)
----------------- Invoking toplevel() on ptolemy.moml.MoMLSimpleApplication@79b05ff5
----------------- Done invoking toplevel() on ptolemy.moml.MoMLSimpleApplication@79b05ff5
reloadAllAccessors: .TestExceptionAttribute1

===========================================================================================
----------------- testing Mon Jul 02 01:28:02 UTC 2018 /home/travis/build/icyphy/ptII/ptolemy/actor/lib/test/auto/TestExceptionAttribute2.xml
----------------- Instantiating /home/travis/build/icyphy/ptII/ptolemy/actor/lib/test/auto/TestExceptionAttribute2.xml
1 ms. Memory: 1781760K Free: 1247520K (70%)
----------------- Invoking toplevel() on ptolemy.moml.MoMLSimpleApplication@2a7de28a
----------------- Done invoking toplevel() on ptolemy.moml.MoMLSimpleApplication@2a7de28a
reloadAllAccessors: .TestExceptionAttribute2

===========================================================================================
----------------- testing Mon Jul 02 01:28:02 UTC 2018 /home/travis/build/icyphy/ptII/ptolemy/actor/lib/test/auto/TestExceptionAttribute3.xml
----------------- Instantiating /home/travis/build/icyphy/ptII/ptolemy/actor/lib/test/auto/TestExceptionAttribute3.xml
.TestExceptionAttribute3.TestExceptionAttribute: initialize() was not invoked, but wrapup() was.  This is unusual, but not always a problem.  For example, exporting JNLP will do this.
0 ms. Memory: 1781760K Free: 1230850K (69%)
----------------- Invoking toplevel() on ptolemy.moml.MoMLSimpleApplication@1ff52501
----------------- Done invoking toplevel() on ptolemy.moml.MoMLSimpleApplication@1ff52501
reloadAllAccessors: .TestExceptionAttribute3

===========================================================================================
----------------- testing Mon Jul 02 01:28:02 UTC 2018 /home/travis/build/icyphy/ptII/ptolemy/actor/lib/test/auto/TestExceptionAttribute4.xml
----------------- Instantiating /home/travis/build/icyphy/ptII/ptolemy/actor/lib/test/auto/TestExceptionAttribute4.xml
.TestExceptionAttribute4.TestExceptionAttribute: initialize() was not invoked, but wrapup() was.  This is unusual, but not always a problem.  For example, exporting JNLP will do this.
.TestExceptionAttribute4.TestExceptionAttribute2: initialize() was not invoked, but wrapup() was.  This is unusual, but not always a problem.  For example, exporting JNLP will do this.
0 ms. Memory: 1781760K Free: 1209753K (68%)
----------------- Invoking toplevel() on ptolemy.moml.MoMLSimpleApplication@2ef8ec1b
----------------- Done invoking toplevel() on ptolemy.moml.MoMLSimpleApplication@2ef8ec1b
reloadAllAccessors: .TestExceptionAttribute4

===========================================================================================
----------------- testing Mon Jul 02 01:28:02 UTC 2018 /home/travis/build/icyphy/ptII/ptolemy/actor/lib/test/auto/TestExceptionHandler1.xml
----------------- Instantiating /home/travis/build/icyphy/ptII/ptolemy/actor/lib/test/auto/TestExceptionHandler1.xml
1 ms. Memory: 1781760K Free: 1193082K (67%)
----------------- Invoking toplevel() on ptolemy.moml.MoMLSimpleApplication@4b4f9d1f
----------------- Done invoking toplevel() on ptolemy.moml.MoMLSimpleApplication@4b4f9d1f
reloadAllAccessors: .TestExceptionHandler1

===========================================================================================
----------------- testing Mon Jul 02 01:28:02 UTC 2018 /home/travis/build/icyphy/ptII/ptolemy/actor/lib/test/auto/TestExceptionHandler2.xml
----------------- Instantiating /home/travis/build/icyphy/ptII/ptolemy/actor/lib/test/auto/TestExceptionHandler2.xml
1 ms. Memory: 1781760K Free: 1171986K (66%)
----------------- Invoking toplevel() on ptolemy.moml.MoMLSimpleApplication@14e0c6e0
----------------- Done invoking toplevel() on ptolemy.moml.MoMLSimpleApplication@14e0c6e0
reloadAllAccessors: .TestExceptionHandler2

===========================================================================================
----------------- testing Mon Jul 02 01:28:02 UTC 2018 /home/travis/build/icyphy/ptII/ptolemy/actor/lib/test/auto/TestExceptionHandler3.xml
----------------- Instantiating /home/travis/build/icyphy/ptII/ptolemy/actor/lib/test/auto/TestExceptionHandler3.xml
1 ms. Memory: 1781760K Free: 1150889K (65%)
----------------- Invoking toplevel() on ptolemy.moml.MoMLSimpleApplication@69845e55
----------------- Done invoking toplevel() on ptolemy.moml.MoMLSimpleApplication@69845e55
reloadAllAccessors: .TestExceptionHandler3

===========================================================================================
----------------- testing Mon Jul 02 01:28:02 UTC 2018 /home/travis/build/icyphy/ptII/ptolemy/actor/lib/test/auto/TestExceptionHandler4.xml
----------------- Instantiating /home/travis/build/icyphy/ptII/ptolemy/actor/lib/test/auto/TestExceptionHandler4.xml
0 ms. Memory: 1781760K Free: 1134218K (64%)
----------------- Invoking toplevel() on ptolemy.moml.MoMLSimpleApplication@70ec0c21
----------------- Done invoking toplevel() on ptolemy.moml.MoMLSimpleApplication@70ec0c21
reloadAllAccessors: .TestExceptionHandler4

===========================================================================================
----------------- testing Mon Jul 02 01:28:02 UTC 2018 /home/travis/build/icyphy/ptII/ptolemy/actor/lib/test/auto/TestRequireCorrectOrder.xml
----------------- Instantiating /home/travis/build/icyphy/ptII/ptolemy/actor/lib/test/auto/TestRequireCorrectOrder.xml
2 ms. Memory: 1781760K Free: 1113121K (62%)
----------------- Invoking toplevel() on ptolemy.moml.MoMLSimpleApplication@56134058
----------------- Done invoking toplevel() on ptolemy.moml.MoMLSimpleApplication@56134058
reloadAllAccessors: .TestRequireCorrectOrder

===========================================================================================
----------------- testing Mon Jul 02 01:28:02 UTC 2018 /home/travis/build/icyphy/ptII/ptolemy/actor/lib/test/auto/TestSimple.xml
----------------- Instantiating /home/travis/build/icyphy/ptII/ptolemy/actor/lib/test/auto/TestSimple.xml
1 ms. Memory: 1781760K Free: 1096450K (62%)
----------------- Invoking toplevel() on ptolemy.moml.MoMLSimpleApplication@753a0bdf
----------------- Done invoking toplevel() on ptolemy.moml.MoMLSimpleApplication@753a0bdf
reloadAllAccessors: .TestSimple

===========================================================================================
----------------- testing Mon Jul 02 01:28:02 UTC 2018 /home/travis/build/icyphy/ptII/ptolemy/actor/lib/test/auto/ThrowModelError.xml
----------------- Instantiating /home/travis/build/icyphy/ptII/ptolemy/actor/lib/test/auto/ThrowModelError.xml
1 ms. Memory: 1781760K Free: 1075354K (60%)
----------------- Invoking toplevel() on ptolemy.moml.MoMLSimpleApplication@52a7711a
----------------- Done invoking toplevel() on ptolemy.moml.MoMLSimpleApplication@52a7711a
reloadAllAccessors: .ThrowModelError

===========================================================================================
----------------- testing Mon Jul 02 01:28:02 UTC 2018 /home/travis/build/icyphy/ptII/ptolemy/actor/lib/test/auto/TimeDelayMicrosteps.xml
----------------- Instantiating /home/travis/build/icyphy/ptII/ptolemy/actor/lib/test/auto/TimeDelayMicrosteps.xml
3 ms. Memory: 1781760K Free: 1058683K (59%)
----------------- Invoking toplevel() on ptolemy.moml.MoMLSimpleApplication@1d42954d
----------------- Done invoking toplevel() on ptolemy.moml.MoMLSimpleApplication@1d42954d
reloadAllAccessors: .TimeDelayMicrosteps

===========================================================================================
----------------- testing Mon Jul 02 01:28:02 UTC 2018 /home/travis/build/icyphy/ptII/ptolemy/actor/lib/test/auto/TimeDelayMicrosteps2.xml
----------------- Instantiating /home/travis/build/icyphy/ptII/ptolemy/actor/lib/test/auto/TimeDelayMicrosteps2.xml
2 ms. Memory: 1781760K Free: 1037587K (58%)
----------------- Invoking toplevel() on ptolemy.moml.MoMLSimpleApplication@2bfcf403
----------------- Done invoking toplevel() on ptolemy.moml.MoMLSimpleApplication@2bfcf403
reloadAllAccessors: .TimeDelayMicrosteps2

===========================================================================================
----------------- testing Mon Jul 02 01:28:02 UTC 2018 /home/travis/build/icyphy/ptII/ptolemy/actor/lib/test/auto/TimeDelayMicrosteps3.xml
----------------- Instantiating /home/travis/build/icyphy/ptII/ptolemy/actor/lib/test/auto/TimeDelayMicrosteps3.xml
2 ms. Memory: 1781760K Free: 1020916K (57%)
----------------- Invoking toplevel() on ptolemy.moml.MoMLSimpleApplication@707a5ab7
----------------- Done invoking toplevel() on ptolemy.moml.MoMLSimpleApplication@707a5ab7
reloadAllAccessors: .TimeDelayMicrosteps3

===========================================================================================
----------------- testing Mon Jul 02 01:28:02 UTC 2018 /home/travis/build/icyphy/ptII/ptolemy/actor/lib/test/auto/TimeDelayVariableMicrosteps.xml
----------------- Instantiating /home/travis/build/icyphy/ptII/ptolemy/actor/lib/test/auto/TimeDelayVariableMicrosteps.xml
3 ms. Memory: 1781760K Free: 999819K (56%)
----------------- Invoking toplevel() on ptolemy.moml.MoMLSimpleApplication@18ca9679
----------------- Done invoking toplevel() on ptolemy.moml.MoMLSimpleApplication@18ca9679
reloadAllAccessors: .TimeDelayVariableMicrosteps

===========================================================================================
----------------- testing Mon Jul 02 01:28:02 UTC 2018 /home/travis/build/icyphy/ptII/ptolemy/actor/lib/test/auto/TimeGap.xml
----------------- Instantiating /home/travis/build/icyphy/ptII/ptolemy/actor/lib/test/auto/TimeGap.xml
6 ms. Memory: 1781760K Free: 978723K (55%)
----------------- Invoking toplevel() on ptolemy.moml.MoMLSimpleApplication@7bbe0ad
----------------- Done invoking toplevel() on ptolemy.moml.MoMLSimpleApplication@7bbe0ad
reloadAllAccessors: .TimeGap

===========================================================================================
----------------- testing Mon Jul 02 01:28:02 UTC 2018 /home/travis/build/icyphy/ptII/ptolemy/actor/lib/test/auto/TimeGap2.xml
----------------- Instantiating /home/travis/build/icyphy/ptII/ptolemy/actor/lib/test/auto/TimeGap2.xml
1 ms. Memory: 1781760K Free: 962052K (54%)
----------------- Invoking toplevel() on ptolemy.moml.MoMLSimpleApplication@106eb48e
----------------- Done invoking toplevel() on ptolemy.moml.MoMLSimpleApplication@106eb48e
reloadAllAccessors: .TimeGap2

===========================================================================================
----------------- testing Mon Jul 02 01:28:02 UTC 2018 /home/travis/build/icyphy/ptII/ptolemy/actor/lib/test/auto/TimedSinewave.xml
----------------- Instantiating /home/travis/build/icyphy/ptII/ptolemy/actor/lib/test/auto/TimedSinewave.xml
22 ms. Memory: 1781760K Free: 932604K (52%)
----------------- Invoking toplevel() on ptolemy.moml.MoMLSimpleApplication@68ac46f0
----------------- Done invoking toplevel() on ptolemy.moml.MoMLSimpleApplication@68ac46f0
reloadAllAccessors: .TimedSinewave

===========================================================================================
----------------- testing Mon Jul 02 01:28:02 UTC 2018 /home/travis/build/icyphy/ptII/ptolemy/actor/lib/test/auto/TimedSinewavePhase.xml
----------------- Instantiating /home/travis/build/icyphy/ptII/ptolemy/actor/lib/test/auto/TimedSinewavePhase.xml
14 ms. Memory: 1781760K Free: 915933K (51%)
----------------- Invoking toplevel() on ptolemy.moml.MoMLSimpleApplication@6042ffcf
----------------- Done invoking toplevel() on ptolemy.moml.MoMLSimpleApplication@6042ffcf
reloadAllAccessors: .TimedSinewavePhase

===========================================================================================
----------------- testing Mon Jul 02 01:28:02 UTC 2018 /home/travis/build/icyphy/ptII/ptolemy/actor/lib/test/auto/Timer.xml
----------------- Instantiating /home/travis/build/icyphy/ptII/ptolemy/actor/lib/test/auto/Timer.xml
6 ms. Memory: 1781760K Free: 894837K (50%)
----------------- Invoking toplevel() on ptolemy.moml.MoMLSimpleApplication@4f1bed97
----------------- Done invoking toplevel() on ptolemy.moml.MoMLSimpleApplication@4f1bed97
reloadAllAccessors: .Timer

===========================================================================================
----------------- testing Mon Jul 02 01:28:02 UTC 2018 /home/travis/build/icyphy/ptII/ptolemy/actor/lib/test/auto/TriangularDistTestModel.xml
----------------- Instantiating /home/travis/build/icyphy/ptII/ptolemy/actor/lib/test/auto/TriangularDistTestModel.xml
2 ms. Memory: 1781760K Free: 878166K (49%)
----------------- Invoking toplevel() on ptolemy.moml.MoMLSimpleApplication@2a91684c
----------------- Done invoking toplevel() on ptolemy.moml.MoMLSimpleApplication@2a91684c
reloadAllAccessors: .TriangularDistTestModel

===========================================================================================
----------------- testing Mon Jul 02 01:28:02 UTC 2018 /home/travis/build/icyphy/ptII/ptolemy/actor/lib/test/auto/TrigFunction.xml
----------------- Instantiating /home/travis/build/icyphy/ptII/ptolemy/actor/lib/test/auto/TrigFunction.xml
2 ms. Memory: 1781760K Free: 857069K (48%)
----------------- Invoking toplevel() on ptolemy.moml.MoMLSimpleApplication@76078781
----------------- Done invoking toplevel() on ptolemy.moml.MoMLSimpleApplication@76078781
reloadAllAccessors: .TrigFunction

===========================================================================================
----------------- testing Mon Jul 02 01:28:02 UTC 2018 /home/travis/build/icyphy/ptII/ptolemy/actor/lib/test/auto/TrigFunctionDE.xml
----------------- Instantiating /home/travis/build/icyphy/ptII/ptolemy/actor/lib/test/auto/TrigFunctionDE.xml
2 ms. Memory: 1781760K Free: 835973K (47%)
----------------- Invoking toplevel() on ptolemy.moml.MoMLSimpleApplication@1444506b
----------------- Done invoking toplevel() on ptolemy.moml.MoMLSimpleApplication@1444506b
reloadAllAccessors: .TrigFunctionDE

===========================================================================================
----------------- testing Mon Jul 02 01:28:02 UTC 2018 /home/travis/build/icyphy/ptII/ptolemy/actor/lib/test/auto/TrigFunctionInverse.xml
----------------- Instantiating /home/travis/build/icyphy/ptII/ptolemy/actor/lib/test/auto/TrigFunctionInverse.xml
2 ms. Memory: 1781760K Free: 819302K (46%)
----------------- Invoking toplevel() on ptolemy.moml.MoMLSimpleApplication@42e0fffa
----------------- Done invoking toplevel() on ptolemy.moml.MoMLSimpleApplication@42e0fffa
reloadAllAccessors: .TrigFunctionInverse

===========================================================================================
----------------- testing Mon Jul 02 01:28:02 UTC 2018 /home/travis/build/icyphy/ptII/ptolemy/actor/lib/test/auto/TrigFunctionTan.xml
----------------- Instantiating /home/travis/build/icyphy/ptII/ptolemy/actor/lib/test/auto/TrigFunctionTan.xml
1 ms. Memory: 1781760K Free: 798205K (45%)
----------------- Invoking toplevel() on ptolemy.moml.MoMLSimpleApplication@7f8df205
----------------- Done invoking toplevel() on ptolemy.moml.MoMLSimpleApplication@7f8df205
reloadAllAccessors: .TrigFunctionTan

===========================================================================================
----------------- testing Mon Jul 02 01:28:02 UTC 2018 /home/travis/build/icyphy/ptII/ptolemy/actor/lib/test/auto/TriggeredClock.xml
----------------- Instantiating /home/travis/build/icyphy/ptII/ptolemy/actor/lib/test/auto/TriggeredClock.xml
1 ms. Memory: 1781760K Free: 781535K (44%)
----------------- Invoking toplevel() on ptolemy.moml.MoMLSimpleApplication@3b441181
----------------- Done invoking toplevel() on ptolemy.moml.MoMLSimpleApplication@3b441181
reloadAllAccessors: .TriggeredClock

===========================================================================================
----------------- testing Mon Jul 02 01:28:02 UTC 2018 /home/travis/build/icyphy/ptII/ptolemy/actor/lib/test/auto/URLDirectoryReader.xml
----------------- Instantiating /home/travis/build/icyphy/ptII/ptolemy/actor/lib/test/auto/URLDirectoryReader.xml
33 ms. Memory: 1781760K Free: 760437K (43%)
----------------- Invoking toplevel() on ptolemy.moml.MoMLSimpleApplication@66b336d4
----------------- Done invoking toplevel() on ptolemy.moml.MoMLSimpleApplication@66b336d4
reloadAllAccessors: .URLDirectoryReader

===========================================================================================
----------------- testing Mon Jul 02 01:28:02 UTC 2018 /home/travis/build/icyphy/ptII/ptolemy/actor/lib/test/auto/URLDirectoryReader3.xml
----------------- Instantiating /home/travis/build/icyphy/ptII/ptolemy/actor/lib/test/auto/URLDirectoryReader3.xml
1225 ms. Memory: 1781760K Free: 693754K (39%)
----------------- Invoking toplevel() on ptolemy.moml.MoMLSimpleApplication@54e0bfe6
----------------- Done invoking toplevel() on ptolemy.moml.MoMLSimpleApplication@54e0bfe6
reloadAllAccessors: .URLDirectoryReader3

===========================================================================================
----------------- testing Mon Jul 02 01:28:04 UTC 2018 /home/travis/build/icyphy/ptII/ptolemy/actor/lib/test/auto/UnaryMathFunction.xml
----------------- Instantiating /home/travis/build/icyphy/ptII/ptolemy/actor/lib/test/auto/UnaryMathFunction.xml
2 ms. Memory: 1781760K Free: 672658K (38%)
----------------- Invoking toplevel() on ptolemy.moml.MoMLSimpleApplication@3f2a2a8f
----------------- Done invoking toplevel() on ptolemy.moml.MoMLSimpleApplication@3f2a2a8f
reloadAllAccessors: .UnaryMathFunction

===========================================================================================
----------------- testing Mon Jul 02 01:28:04 UTC 2018 /home/travis/build/icyphy/ptII/ptolemy/actor/lib/test/auto/Uniform.xml
----------------- Instantiating /home/travis/build/icyphy/ptII/ptolemy/actor/lib/test/auto/Uniform.xml
2 ms. Memory: 1781760K Free: 651561K (37%)
----------------- Invoking toplevel() on ptolemy.moml.MoMLSimpleApplication@7a9c1d58
----------------- Done invoking toplevel() on ptolemy.moml.MoMLSimpleApplication@7a9c1d58
reloadAllAccessors: .Uniform

===========================================================================================
----------------- testing Mon Jul 02 01:28:04 UTC 2018 /home/travis/build/icyphy/ptII/ptolemy/actor/lib/test/auto/UnionDisassemblerTest.xml
----------------- Instantiating /home/travis/build/icyphy/ptII/ptolemy/actor/lib/test/auto/UnionDisassemblerTest.xml
7 ms. Memory: 1781760K Free: 634890K (36%)
----------------- Invoking toplevel() on ptolemy.moml.MoMLSimpleApplication@44142407
----------------- Done invoking toplevel() on ptolemy.moml.MoMLSimpleApplication@44142407
reloadAllAccessors: .UnionDisassemblerTest

===========================================================================================
----------------- testing Mon Jul 02 01:28:04 UTC 2018 /home/travis/build/icyphy/ptII/ptolemy/actor/lib/test/auto/UtilityFunctions.xml
----------------- Instantiating /home/travis/build/icyphy/ptII/ptolemy/actor/lib/test/auto/UtilityFunctions.xml
1 ms. Memory: 1781760K Free: 613794K (34%)
----------------- Invoking toplevel() on ptolemy.moml.MoMLSimpleApplication@6b439538
----------------- Done invoking toplevel() on ptolemy.moml.MoMLSimpleApplication@6b439538
reloadAllAccessors: .UtilityFunctions

===========================================================================================
----------------- testing Mon Jul 02 01:28:04 UTC 2018 /home/travis/build/icyphy/ptII/ptolemy/actor/lib/test/auto/VariableSleep.xml
----------------- Instantiating /home/travis/build/icyphy/ptII/ptolemy/actor/lib/test/auto/VariableSleep.xml
503 ms. Memory: 1781760K Free: 597123K (34%)
----------------- Invoking toplevel() on ptolemy.moml.MoMLSimpleApplication@67917cc8
----------------- Done invoking toplevel() on ptolemy.moml.MoMLSimpleApplication@67917cc8
reloadAllAccessors: .VariableSleep

===========================================================================================
----------------- testing Mon Jul 02 01:28:04 UTC 2018 /home/travis/build/icyphy/ptII/ptolemy/actor/lib/test/auto/VectorAssemblerDisassemblerCT.xml
----------------- Instantiating /home/travis/build/icyphy/ptII/ptolemy/actor/lib/test/auto/VectorAssemblerDisassemblerCT.xml
61 ms. Memory: 1781760K Free: 559339K (31%)
----------------- Invoking toplevel() on ptolemy.moml.MoMLSimpleApplication@648abba7
----------------- Done invoking toplevel() on ptolemy.moml.MoMLSimpleApplication@648abba7
reloadAllAccessors: .VectorAssemblerDisassemblerCT

===========================================================================================
----------------- testing Mon Jul 02 01:28:04 UTC 2018 /home/travis/build/icyphy/ptII/ptolemy/actor/lib/test/auto/VectorAssemblerDisassemblerDE.xml
----------------- Instantiating /home/travis/build/icyphy/ptII/ptolemy/actor/lib/test/auto/VectorAssemblerDisassemblerDE.xml
8 ms. Memory: 1781760K Free: 542669K (30%)
----------------- Invoking toplevel() on ptolemy.moml.MoMLSimpleApplication@ddcf923
----------------- Done invoking toplevel() on ptolemy.moml.MoMLSimpleApplication@ddcf923
reloadAllAccessors: .VectorAssemblerDisassemblerDE

===========================================================================================
----------------- testing Mon Jul 02 01:28:04 UTC 2018 /home/travis/build/icyphy/ptII/ptolemy/actor/lib/test/auto/VectorAssemblerDisassemblerSDF.xml
----------------- Instantiating /home/travis/build/icyphy/ptII/ptolemy/actor/lib/test/auto/VectorAssemblerDisassemblerSDF.xml
2 ms. Memory: 1781760K Free: 521572K (29%)
----------------- Invoking toplevel() on ptolemy.moml.MoMLSimpleApplication@71eb39f1
----------------- Done invoking toplevel() on ptolemy.moml.MoMLSimpleApplication@71eb39f1
reloadAllAccessors: .VectorAssemblerDisassemblerSDF

===========================================================================================
----------------- testing Mon Jul 02 01:28:04 UTC 2018 /home/travis/build/icyphy/ptII/ptolemy/actor/lib/test/auto/WallClockTime.xml
----------------- Instantiating /home/travis/build/icyphy/ptII/ptolemy/actor/lib/test/auto/WallClockTime.xml
1005 ms. Memory: 1781760K Free: 504901K (28%)
----------------- Invoking toplevel() on ptolemy.moml.MoMLSimpleApplication@45841eba
----------------- Done invoking toplevel() on ptolemy.moml.MoMLSimpleApplication@45841eba
reloadAllAccessors: .WallClockTime

===========================================================================================
----------------- testing Mon Jul 02 01:28:05 UTC 2018 /home/travis/build/icyphy/ptII/ptolemy/actor/lib/test/auto/WidthTestWithSubscriberPublisher.xml
----------------- Instantiating /home/travis/build/icyphy/ptII/ptolemy/actor/lib/test/auto/WidthTestWithSubscriberPublisher.xml
6 ms. Memory: 1781760K Free: 475469K (27%)
----------------- Invoking toplevel() on ptolemy.moml.MoMLSimpleApplication@52424971
----------------- Done invoking toplevel() on ptolemy.moml.MoMLSimpleApplication@52424971
reloadAllAccessors: .WidthTestWithSubscriberPublisher

===========================================================================================
----------------- testing Mon Jul 02 01:28:05 UTC 2018 /home/travis/build/icyphy/ptII/ptolemy/actor/lib/test/auto/WidthTestWithSubscriberPublisher2.xml
----------------- Instantiating /home/travis/build/icyphy/ptII/ptolemy/actor/lib/test/auto/WidthTestWithSubscriberPublisher2.xml
2 ms. Memory: 1781760K Free: 454372K (26%)
----------------- Invoking toplevel() on ptolemy.moml.MoMLSimpleApplication@3abc243d
----------------- Done invoking toplevel() on ptolemy.moml.MoMLSimpleApplication@3abc243d
reloadAllAccessors: .WidthTestWithSubscriberPublisher2

===========================================================================================
----------------- testing Mon Jul 02 01:28:05 UTC 2018 /home/travis/build/icyphy/ptII/ptolemy/actor/lib/test/auto/WidthTestWithSubscriberPublisher3.xml
----------------- Instantiating /home/travis/build/icyphy/ptII/ptolemy/actor/lib/test/auto/WidthTestWithSubscriberPublisher3.xml
2 ms. Memory: 1781760K Free: 437702K (25%)
----------------- Invoking toplevel() on ptolemy.moml.MoMLSimpleApplication@28d745f4
----------------- Done invoking toplevel() on ptolemy.moml.MoMLSimpleApplication@28d745f4
reloadAllAccessors: .WidthTestWithSubscriberPublisher3

===========================================================================================
----------------- testing Mon Jul 02 01:28:05 UTC 2018 /home/travis/build/icyphy/ptII/ptolemy/actor/lib/test/auto/Writer.xml
----------------- Instantiating /home/travis/build/icyphy/ptII/ptolemy/actor/lib/test/auto/Writer.xml
0
1
2
3
4
1 ms. Memory: 1781760K Free: 416605K (23%)
----------------- Invoking toplevel() on ptolemy.moml.MoMLSimpleApplication@22dfb0c7
----------------- Done invoking toplevel() on ptolemy.moml.MoMLSimpleApplication@22dfb0c7
reloadAllAccessors: .Writer

===========================================================================================
----------------- testing Mon Jul 02 01:28:05 UTC 2018 /home/travis/build/icyphy/ptII/ptolemy/actor/lib/test/auto/array.xml
----------------- Instantiating /home/travis/build/icyphy/ptII/ptolemy/actor/lib/test/auto/array.xml
2 ms. Memory: 1781760K Free: 399934K (22%)
----------------- Invoking toplevel() on ptolemy.moml.MoMLSimpleApplication@1efa2ab3
----------------- Done invoking toplevel() on ptolemy.moml.MoMLSimpleApplication@1efa2ab3
reloadAllAccessors: .array

===========================================================================================
----------------- testing Mon Jul 02 01:28:05 UTC 2018 /home/travis/build/icyphy/ptII/ptolemy/actor/lib/test/auto/array2.xml
----------------- Instantiating /home/travis/build/icyphy/ptII/ptolemy/actor/lib/test/auto/array2.xml
2 ms. Memory: 1781760K Free: 378837K (21%)
----------------- Invoking toplevel() on ptolemy.moml.MoMLSimpleApplication@43cd0807
----------------- Done invoking toplevel() on ptolemy.moml.MoMLSimpleApplication@43cd0807
reloadAllAccessors: .array2

===========================================================================================
----------------- testing Mon Jul 02 01:28:05 UTC 2018 /home/travis/build/icyphy/ptII/ptolemy/actor/lib/test/auto/arrayType.xml
----------------- Instantiating /home/travis/build/icyphy/ptII/ptolemy/actor/lib/test/auto/arrayType.xml
1 ms. Memory: 1781760K Free: 362166K (20%)
----------------- Invoking toplevel() on ptolemy.moml.MoMLSimpleApplication@345974cc
----------------- Done invoking toplevel() on ptolemy.moml.MoMLSimpleApplication@345974cc
reloadAllAccessors: .arrayType

===========================================================================================
----------------- testing Mon Jul 02 01:28:05 UTC 2018 /home/travis/build/icyphy/ptII/ptolemy/actor/lib/test/auto/arrayType10.xml
----------------- Instantiating /home/travis/build/icyphy/ptII/ptolemy/actor/lib/test/auto/arrayType10.xml
1 ms. Memory: 1781760K Free: 341070K (19%)
----------------- Invoking toplevel() on ptolemy.moml.MoMLSimpleApplication@5924ea25
----------------- Done invoking toplevel() on ptolemy.moml.MoMLSimpleApplication@5924ea25
reloadAllAccessors: .arrayType10

===========================================================================================
----------------- testing Mon Jul 02 01:28:06 UTC 2018 /home/travis/build/icyphy/ptII/ptolemy/actor/lib/test/auto/arrayType11.xml
----------------- Instantiating /home/travis/build/icyphy/ptII/ptolemy/actor/lib/test/auto/arrayType11.xml
1 ms. Memory: 1781760K Free: 319973K (18%)
----------------- Invoking toplevel() on ptolemy.moml.MoMLSimpleApplication@55f94cc0
----------------- Done invoking toplevel() on ptolemy.moml.MoMLSimpleApplication@55f94cc0
reloadAllAccessors: .arrayType11

===========================================================================================
----------------- testing Mon Jul 02 01:28:06 UTC 2018 /home/travis/build/icyphy/ptII/ptolemy/actor/lib/test/auto/arrayType12.xml
----------------- Instantiating /home/travis/build/icyphy/ptII/ptolemy/actor/lib/test/auto/arrayType12.xml
2 ms. Memory: 1781760K Free: 303302K (17%)
----------------- Invoking toplevel() on ptolemy.moml.MoMLSimpleApplication@7bd900f9
----------------- Done invoking toplevel() on ptolemy.moml.MoMLSimpleApplication@7bd900f9
reloadAllAccessors: .arrayType12

===========================================================================================
----------------- testing Mon Jul 02 01:28:06 UTC 2018 /home/travis/build/icyphy/ptII/ptolemy/actor/lib/test/auto/arrayType13.xml
----------------- Instantiating /home/travis/build/icyphy/ptII/ptolemy/actor/lib/test/auto/arrayType13.xml
1 ms. Memory: 1781760K Free: 282205K (16%)
----------------- Invoking toplevel() on ptolemy.moml.MoMLSimpleApplication@2233fa2c
----------------- Done invoking toplevel() on ptolemy.moml.MoMLSimpleApplication@2233fa2c
reloadAllAccessors: .arrayType13

===========================================================================================
----------------- testing Mon Jul 02 01:28:06 UTC 2018 /home/travis/build/icyphy/ptII/ptolemy/actor/lib/test/auto/arrayType14.xml
----------------- Instantiating /home/travis/build/icyphy/ptII/ptolemy/actor/lib/test/auto/arrayType14.xml
2 ms. Memory: 1781760K Free: 265534K (15%)
----------------- Invoking toplevel() on ptolemy.moml.MoMLSimpleApplication@7426648e
----------------- Done invoking toplevel() on ptolemy.moml.MoMLSimpleApplication@7426648e
reloadAllAccessors: .arrayType14

===========================================================================================
----------------- testing Mon Jul 02 01:28:06 UTC 2018 /home/travis/build/icyphy/ptII/ptolemy/actor/lib/test/auto/arrayType15.xml
----------------- Instantiating /home/travis/build/icyphy/ptII/ptolemy/actor/lib/test/auto/arrayType15.xml
1 ms. Memory: 1781760K Free: 244438K (14%)
----------------- Invoking toplevel() on ptolemy.moml.MoMLSimpleApplication@3c1dd446
----------------- Done invoking toplevel() on ptolemy.moml.MoMLSimpleApplication@3c1dd446
reloadAllAccessors: .arrayType15

===========================================================================================
----------------- testing Mon Jul 02 01:28:06 UTC 2018 /home/travis/build/icyphy/ptII/ptolemy/actor/lib/test/auto/arrayType16.xml
----------------- Instantiating /home/travis/build/icyphy/ptII/ptolemy/actor/lib/test/auto/arrayType16.xml
2 ms. Memory: 1781760K Free: 223341K (13%)
----------------- Invoking toplevel() on ptolemy.moml.MoMLSimpleApplication@318b2606
----------------- Done invoking toplevel() on ptolemy.moml.MoMLSimpleApplication@318b2606
reloadAllAccessors: .arrayType16

===========================================================================================
----------------- testing Mon Jul 02 01:28:06 UTC 2018 /home/travis/build/icyphy/ptII/ptolemy/actor/lib/test/auto/arrayType17.xml
----------------- Instantiating /home/travis/build/icyphy/ptII/ptolemy/actor/lib/test/auto/arrayType17.xml
1 ms. Memory: 1781760K Free: 206670K (12%)
----------------- Invoking toplevel() on ptolemy.moml.MoMLSimpleApplication@5fae4053
----------------- Done invoking toplevel() on ptolemy.moml.MoMLSimpleApplication@5fae4053
reloadAllAccessors: .arrayType17

===========================================================================================
----------------- testing Mon Jul 02 01:28:06 UTC 2018 /home/travis/build/icyphy/ptII/ptolemy/actor/lib/test/auto/arrayType18.xml
----------------- Instantiating /home/travis/build/icyphy/ptII/ptolemy/actor/lib/test/auto/arrayType18.xml
1 ms. Memory: 1781760K Free: 185574K (10%)
----------------- Invoking toplevel() on ptolemy.moml.MoMLSimpleApplication@5d08768b
----------------- Done invoking toplevel() on ptolemy.moml.MoMLSimpleApplication@5d08768b
reloadAllAccessors: .arrayType18

===========================================================================================
----------------- testing Mon Jul 02 01:28:06 UTC 2018 /home/travis/build/icyphy/ptII/ptolemy/actor/lib/test/auto/arrayType19.xml
----------------- Instantiating /home/travis/build/icyphy/ptII/ptolemy/actor/lib/test/auto/arrayType19.xml
2 ms. Memory: 1781760K Free: 168903K (9%)
----------------- Invoking toplevel() on ptolemy.moml.MoMLSimpleApplication@38cbd9f5
----------------- Done invoking toplevel() on ptolemy.moml.MoMLSimpleApplication@38cbd9f5
reloadAllAccessors: .arrayType19

===========================================================================================
----------------- testing Mon Jul 02 01:28:06 UTC 2018 /home/travis/build/icyphy/ptII/ptolemy/actor/lib/test/auto/arrayType2.xml
----------------- Instantiating /home/travis/build/icyphy/ptII/ptolemy/actor/lib/test/auto/arrayType2.xml
1 ms. Memory: 1781760K Free: 147806K (8%)
----------------- Invoking toplevel() on ptolemy.moml.MoMLSimpleApplication@f6ce21c
----------------- Done invoking toplevel() on ptolemy.moml.MoMLSimpleApplication@f6ce21c
reloadAllAccessors: .arrayType2

===========================================================================================
----------------- testing Mon Jul 02 01:28:06 UTC 2018 /home/travis/build/icyphy/ptII/ptolemy/actor/lib/test/auto/arrayType20.xml
----------------- Instantiating /home/travis/build/icyphy/ptII/ptolemy/actor/lib/test/auto/arrayType20.xml
3 ms. Memory: 1781760K Free: 131136K (7%)
----------------- Invoking toplevel() on ptolemy.moml.MoMLSimpleApplication@4819ae70
----------------- Done invoking toplevel() on ptolemy.moml.MoMLSimpleApplication@4819ae70
reloadAllAccessors: .arrayType20

===========================================================================================
----------------- testing Mon Jul 02 01:28:06 UTC 2018 /home/travis/build/icyphy/ptII/ptolemy/actor/lib/test/auto/arrayType21.xml
----------------- Instantiating /home/travis/build/icyphy/ptII/ptolemy/actor/lib/test/auto/arrayType21.xml
2 ms. Memory: 1781760K Free: 110039K (6%)
----------------- Invoking toplevel() on ptolemy.moml.MoMLSimpleApplication@703e2e10
----------------- Done invoking toplevel() on ptolemy.moml.MoMLSimpleApplication@703e2e10
reloadAllAccessors: .arrayType21

===========================================================================================
----------------- testing Mon Jul 02 01:28:06 UTC 2018 /home/travis/build/icyphy/ptII/ptolemy/actor/lib/test/auto/arrayType22.xml
----------------- Instantiating /home/travis/build/icyphy/ptII/ptolemy/actor/lib/test/auto/arrayType22.xml
1 ms. Memory: 1781760K Free: 88942K (5%)
----------------- Invoking toplevel() on ptolemy.moml.MoMLSimpleApplication@7cf1bf77
----------------- Done invoking toplevel() on ptolemy.moml.MoMLSimpleApplication@7cf1bf77
reloadAllAccessors: .arrayType22

===========================================================================================
----------------- testing Mon Jul 02 01:28:06 UTC 2018 /home/travis/build/icyphy/ptII/ptolemy/actor/lib/test/auto/arrayType23.xml
----------------- Instantiating /home/travis/build/icyphy/ptII/ptolemy/actor/lib/test/auto/arrayType23.xml
3 ms. Memory: 1781760K Free: 75652K (4%)
----------------- Invoking toplevel() on ptolemy.moml.MoMLSimpleApplication@27c96773
----------------- Done invoking toplevel() on ptolemy.moml.MoMLSimpleApplication@27c96773
reloadAllAccessors: .arrayType23

===========================================================================================
----------------- testing Mon Jul 02 01:28:06 UTC 2018 /home/travis/build/icyphy/ptII/ptolemy/actor/lib/test/auto/arrayType24.xml
----------------- Instantiating /home/travis/build/icyphy/ptII/ptolemy/actor/lib/test/auto/arrayType24.xml
1 ms. Memory: 1782784K Free: 1705237K (96%)
----------------- Invoking toplevel() on ptolemy.moml.MoMLSimpleApplication@49e62baf
----------------- Done invoking toplevel() on ptolemy.moml.MoMLSimpleApplication@49e62baf
reloadAllAccessors: .arrayType24

===========================================================================================
----------------- testing Mon Jul 02 01:28:06 UTC 2018 /home/travis/build/icyphy/ptII/ptolemy/actor/lib/test/auto/arrayType25.xml
----------------- Instantiating /home/travis/build/icyphy/ptII/ptolemy/actor/lib/test/auto/arrayType25.xml
1 ms. Memory: 1782784K Free: 1683009K (94%)
----------------- Invoking toplevel() on ptolemy.moml.MoMLSimpleApplication@f741cc
----------------- Done invoking toplevel() on ptolemy.moml.MoMLSimpleApplication@f741cc
reloadAllAccessors: .arrayType25

===========================================================================================
----------------- testing Mon Jul 02 01:28:06 UTC 2018 /home/travis/build/icyphy/ptII/ptolemy/actor/lib/test/auto/arrayType26.xml
----------------- Instantiating /home/travis/build/icyphy/ptII/ptolemy/actor/lib/test/auto/arrayType26.xml
1 ms. Memory: 1782784K Free: 1656493K (93%)
----------------- Invoking toplevel() on ptolemy.moml.MoMLSimpleApplication@4dcc4647
----------------- Done invoking toplevel() on ptolemy.moml.MoMLSimpleApplication@4dcc4647
reloadAllAccessors: .arrayType26

===========================================================================================
----------------- testing Mon Jul 02 01:28:06 UTC 2018 /home/travis/build/icyphy/ptII/ptolemy/actor/lib/test/auto/arrayType27.xml
----------------- Instantiating /home/travis/build/icyphy/ptII/ptolemy/actor/lib/test/auto/arrayType27.xml
1 ms. Memory: 1782784K Free: 1634266K (92%)
----------------- Invoking toplevel() on ptolemy.moml.MoMLSimpleApplication@69732f6c
----------------- Done invoking toplevel() on ptolemy.moml.MoMLSimpleApplication@69732f6c
reloadAllAccessors: .arrayType27

===========================================================================================
----------------- testing Mon Jul 02 01:28:06 UTC 2018 /home/travis/build/icyphy/ptII/ptolemy/actor/lib/test/auto/arrayType28.xml
----------------- Instantiating /home/travis/build/icyphy/ptII/ptolemy/actor/lib/test/auto/arrayType28.xml
1 ms. Memory: 1782784K Free: 1607750K (90%)
----------------- Invoking toplevel() on ptolemy.moml.MoMLSimpleApplication@791cc4c5
----------------- Done invoking toplevel() on ptolemy.moml.MoMLSimpleApplication@791cc4c5
reloadAllAccessors: .arrayType28

===========================================================================================
----------------- testing Mon Jul 02 01:28:06 UTC 2018 /home/travis/build/icyphy/ptII/ptolemy/actor/lib/test/auto/arrayType3.xml
----------------- Instantiating /home/travis/build/icyphy/ptII/ptolemy/actor/lib/test/auto/arrayType3.xml
2 ms. Memory: 1782784K Free: 1581234K (89%)
----------------- Invoking toplevel() on ptolemy.moml.MoMLSimpleApplication@70c720e3
----------------- Done invoking toplevel() on ptolemy.moml.MoMLSimpleApplication@70c720e3
reloadAllAccessors: .arrayType3

===========================================================================================
----------------- testing Mon Jul 02 01:28:06 UTC 2018 /home/travis/build/icyphy/ptII/ptolemy/actor/lib/test/auto/arrayType4.xml
----------------- Instantiating /home/travis/build/icyphy/ptII/ptolemy/actor/lib/test/auto/arrayType4.xml
1 ms. Memory: 1782784K Free: 1559006K (87%)
----------------- Invoking toplevel() on ptolemy.moml.MoMLSimpleApplication@140ad947
----------------- Done invoking toplevel() on ptolemy.moml.MoMLSimpleApplication@140ad947
reloadAllAccessors: .arrayType4

===========================================================================================
----------------- testing Mon Jul 02 01:28:06 UTC 2018 /home/travis/build/icyphy/ptII/ptolemy/actor/lib/test/auto/arrayType5.xml
----------------- Instantiating /home/travis/build/icyphy/ptII/ptolemy/actor/lib/test/auto/arrayType5.xml
2 ms. Memory: 1782784K Free: 1532491K (86%)
----------------- Invoking toplevel() on ptolemy.moml.MoMLSimpleApplication@6481082
----------------- Done invoking toplevel() on ptolemy.moml.MoMLSimpleApplication@6481082
reloadAllAccessors: .arrayType5

===========================================================================================
----------------- testing Mon Jul 02 01:28:06 UTC 2018 /home/travis/build/icyphy/ptII/ptolemy/actor/lib/test/auto/arrayType6.xml
----------------- Instantiating /home/travis/build/icyphy/ptII/ptolemy/actor/lib/test/auto/arrayType6.xml
1 ms. Memory: 1782784K Free: 1510263K (85%)
----------------- Invoking toplevel() on ptolemy.moml.MoMLSimpleApplication@3bb08c8a
----------------- Done invoking toplevel() on ptolemy.moml.MoMLSimpleApplication@3bb08c8a
reloadAllAccessors: .arrayType6

===========================================================================================
----------------- testing Mon Jul 02 01:28:06 UTC 2018 /home/travis/build/icyphy/ptII/ptolemy/actor/lib/test/auto/arrayType7.xml
----------------- Instantiating /home/travis/build/icyphy/ptII/ptolemy/actor/lib/test/auto/arrayType7.xml
1 ms. Memory: 1782784K Free: 1483747K (83%)
----------------- Invoking toplevel() on ptolemy.moml.MoMLSimpleApplication@3217d4dd
----------------- Done invoking toplevel() on ptolemy.moml.MoMLSimpleApplication@3217d4dd
reloadAllAccessors: .arrayType7

===========================================================================================
----------------- testing Mon Jul 02 01:28:06 UTC 2018 /home/travis/build/icyphy/ptII/ptolemy/actor/lib/test/auto/arrayType8.xml
----------------- Instantiating /home/travis/build/icyphy/ptII/ptolemy/actor/lib/test/auto/arrayType8.xml
2 ms. Memory: 1782784K Free: 1457231K (82%)
----------------- Invoking toplevel() on ptolemy.moml.MoMLSimpleApplication@3ceee37e
----------------- Done invoking toplevel() on ptolemy.moml.MoMLSimpleApplication@3ceee37e
reloadAllAccessors: .arrayType8

===========================================================================================
----------------- testing Mon Jul 02 01:28:06 UTC 2018 /home/travis/build/icyphy/ptII/ptolemy/actor/lib/test/auto/arrayType9.xml
----------------- Instantiating /home/travis/build/icyphy/ptII/ptolemy/actor/lib/test/auto/arrayType9.xml
1 ms. Memory: 1782784K Free: 1435003K (80%)
----------------- Invoking toplevel() on ptolemy.moml.MoMLSimpleApplication@7019bd5f
----------------- Done invoking toplevel() on ptolemy.moml.MoMLSimpleApplication@7019bd5f
reloadAllAccessors: .arrayType9

===========================================================================================
----------------- testing Mon Jul 02 01:28:06 UTC 2018 /home/travis/build/icyphy/ptII/ptolemy/actor/lib/test/auto/cast.xml
----------------- Instantiating /home/travis/build/icyphy/ptII/ptolemy/actor/lib/test/auto/cast.xml
2 ms. Memory: 1782784K Free: 1408488K (79%)
----------------- Invoking toplevel() on ptolemy.moml.MoMLSimpleApplication@6fb5b1c3
----------------- Done invoking toplevel() on ptolemy.moml.MoMLSimpleApplication@6fb5b1c3
reloadAllAccessors: .cast

===========================================================================================
----------------- testing Mon Jul 02 01:28:06 UTC 2018 /home/travis/build/icyphy/ptII/ptolemy/actor/lib/test/auto/compositeMultiPort.xml
----------------- Instantiating /home/travis/build/icyphy/ptII/ptolemy/actor/lib/test/auto/compositeMultiPort.xml
2 ms. Memory: 1782784K Free: 1386260K (78%)
----------------- Invoking toplevel() on ptolemy.moml.MoMLSimpleApplication@1a17ad5d
----------------- Done invoking toplevel() on ptolemy.moml.MoMLSimpleApplication@1a17ad5d
reloadAllAccessors: .compositeMultiPort

===========================================================================================
----------------- testing Mon Jul 02 01:28:06 UTC 2018 /home/travis/build/icyphy/ptII/ptolemy/actor/lib/test/auto/expressionCastInference.xml
----------------- Instantiating /home/travis/build/icyphy/ptII/ptolemy/actor/lib/test/auto/expressionCastInference.xml
2 ms. Memory: 1782784K Free: 1359744K (76%)
----------------- Invoking toplevel() on ptolemy.moml.MoMLSimpleApplication@34cedc33
----------------- Done invoking toplevel() on ptolemy.moml.MoMLSimpleApplication@34cedc33
reloadAllAccessors: .expressionCastInference

===========================================================================================
----------------- testing Mon Jul 02 01:28:06 UTC 2018 /home/travis/build/icyphy/ptII/ptolemy/actor/lib/test/auto/expressionCastInference2.xml
----------------- Instantiating /home/travis/build/icyphy/ptII/ptolemy/actor/lib/test/auto/expressionCastInference2.xml
2 ms. Memory: 1782784K Free: 1333228K (75%)
----------------- Invoking toplevel() on ptolemy.moml.MoMLSimpleApplication@5a16ad93
----------------- Done invoking toplevel() on ptolemy.moml.MoMLSimpleApplication@5a16ad93
reloadAllAccessors: .expressionCastInference2

===========================================================================================
----------------- testing Mon Jul 02 01:28:06 UTC 2018 /home/travis/build/icyphy/ptII/ptolemy/actor/lib/test/auto/expressionInference.xml
----------------- Instantiating /home/travis/build/icyphy/ptII/ptolemy/actor/lib/test/auto/expressionInference.xml
1 ms. Memory: 1782784K Free: 1311001K (74%)
----------------- Invoking toplevel() on ptolemy.moml.MoMLSimpleApplication@230223e0
----------------- Done invoking toplevel() on ptolemy.moml.MoMLSimpleApplication@230223e0
reloadAllAccessors: .expressionInference

===========================================================================================
----------------- testing Mon Jul 02 01:28:06 UTC 2018 /home/travis/build/icyphy/ptII/ptolemy/actor/lib/test/auto/expression_bug.xml
----------------- Instantiating /home/travis/build/icyphy/ptII/ptolemy/actor/lib/test/auto/expression_bug.xml
1 ms. Memory: 1782784K Free: 1284485K (72%)
----------------- Invoking toplevel() on ptolemy.moml.MoMLSimpleApplication@146e8914
----------------- Done invoking toplevel() on ptolemy.moml.MoMLSimpleApplication@146e8914
reloadAllAccessors: .expression_bug

===========================================================================================
----------------- testing Mon Jul 02 01:28:06 UTC 2018 /home/travis/build/icyphy/ptII/ptolemy/actor/lib/test/auto/factorial.xml
----------------- Instantiating /home/travis/build/icyphy/ptII/ptolemy/actor/lib/test/auto/factorial.xml
32 ms. Memory: 1782784K Free: 1262231K (71%)
----------------- Invoking toplevel() on ptolemy.moml.MoMLSimpleApplication@49394b0f
----------------- Done invoking toplevel() on ptolemy.moml.MoMLSimpleApplication@49394b0f
reloadAllAccessors: .factorial

===========================================================================================
----------------- testing Mon Jul 02 01:28:06 UTC 2018 /home/travis/build/icyphy/ptII/ptolemy/actor/lib/test/auto/filterTest1.xml
----------------- Instantiating /home/travis/build/icyphy/ptII/ptolemy/actor/lib/test/auto/filterTest1.xml
2 ms. Memory: 1782784K Free: 1235715K (69%)
----------------- Invoking toplevel() on ptolemy.moml.MoMLSimpleApplication@75a971f7
----------------- Done invoking toplevel() on ptolemy.moml.MoMLSimpleApplication@75a971f7
reloadAllAccessors: .filterTest1

===========================================================================================
----------------- testing Mon Jul 02 01:28:06 UTC 2018 /home/travis/build/icyphy/ptII/ptolemy/actor/lib/test/auto/funcApplyInConst.xml
----------------- Instantiating /home/travis/build/icyphy/ptII/ptolemy/actor/lib/test/auto/funcApplyInConst.xml
0 ms. Memory: 1782784K Free: 1209199K (68%)
----------------- Invoking toplevel() on ptolemy.moml.MoMLSimpleApplication@47a9ce9
----------------- Done invoking toplevel() on ptolemy.moml.MoMLSimpleApplication@47a9ce9
reloadAllAccessors: .funcApplyInConst

===========================================================================================
----------------- testing Mon Jul 02 01:28:06 UTC 2018 /home/travis/build/icyphy/ptII/ptolemy/actor/lib/test/auto/funcApplyInExpr.xml
----------------- Instantiating /home/travis/build/icyphy/ptII/ptolemy/actor/lib/test/auto/funcApplyInExpr.xml
1 ms. Memory: 1782784K Free: 1186971K (67%)
----------------- Invoking toplevel() on ptolemy.moml.MoMLSimpleApplication@746b537
----------------- Done invoking toplevel() on ptolemy.moml.MoMLSimpleApplication@746b537
reloadAllAccessors: .funcApplyInExpr

===========================================================================================
----------------- testing Mon Jul 02 01:28:06 UTC 2018 /home/travis/build/icyphy/ptII/ptolemy/actor/lib/test/auto/function.xml
----------------- Instantiating /home/travis/build/icyphy/ptII/ptolemy/actor/lib/test/auto/function.xml
2 ms. Memory: 1782784K Free: 1160456K (65%)
----------------- Invoking toplevel() on ptolemy.moml.MoMLSimpleApplication@3f34a039
----------------- Done invoking toplevel() on ptolemy.moml.MoMLSimpleApplication@3f34a039
reloadAllAccessors: .function

===========================================================================================
----------------- testing Mon Jul 02 01:28:06 UTC 2018 /home/travis/build/icyphy/ptII/ptolemy/actor/lib/test/auto/function2.xml
----------------- Instantiating /home/travis/build/icyphy/ptII/ptolemy/actor/lib/test/auto/function2.xml
1 ms. Memory: 1782784K Free: 1138228K (64%)
----------------- Invoking toplevel() on ptolemy.moml.MoMLSimpleApplication@292a500a
----------------- Done invoking toplevel() on ptolemy.moml.MoMLSimpleApplication@292a500a
reloadAllAccessors: .function2

===========================================================================================
----------------- testing Mon Jul 02 01:28:06 UTC 2018 /home/travis/build/icyphy/ptII/ptolemy/actor/lib/test/auto/function3.xml
----------------- Instantiating /home/travis/build/icyphy/ptII/ptolemy/actor/lib/test/auto/function3.xml
1 ms. Memory: 1782784K Free: 1111712K (62%)
----------------- Invoking toplevel() on ptolemy.moml.MoMLSimpleApplication@709e0b94
----------------- Done invoking toplevel() on ptolemy.moml.MoMLSimpleApplication@709e0b94
reloadAllAccessors: .function3

===========================================================================================
----------------- testing Mon Jul 02 01:28:06 UTC 2018 /home/travis/build/icyphy/ptII/ptolemy/actor/lib/test/auto/functionClosureTest1.xml
----------------- Instantiating /home/travis/build/icyphy/ptII/ptolemy/actor/lib/test/auto/functionClosureTest1.xml
1 ms. Memory: 1782784K Free: 1085196K (61%)
----------------- Invoking toplevel() on ptolemy.moml.MoMLSimpleApplication@5c0bd727
----------------- Done invoking toplevel() on ptolemy.moml.MoMLSimpleApplication@5c0bd727
reloadAllAccessors: .functionClosureTest1

===========================================================================================
----------------- testing Mon Jul 02 01:28:06 UTC 2018 /home/travis/build/icyphy/ptII/ptolemy/actor/lib/test/auto/functionClosureTest2.xml
----------------- Instantiating /home/travis/build/icyphy/ptII/ptolemy/actor/lib/test/auto/functionClosureTest2.xml
1 ms. Memory: 1782784K Free: 1062968K (60%)
----------------- Invoking toplevel() on ptolemy.moml.MoMLSimpleApplication@7fe4b13c
----------------- Done invoking toplevel() on ptolemy.moml.MoMLSimpleApplication@7fe4b13c
reloadAllAccessors: .functionClosureTest2

===========================================================================================
----------------- testing Mon Jul 02 01:28:06 UTC 2018 /home/travis/build/icyphy/ptII/ptolemy/actor/lib/test/auto/functionClosureTest3.xml
----------------- Instantiating /home/travis/build/icyphy/ptII/ptolemy/actor/lib/test/auto/functionClosureTest3.xml
1 ms. Memory: 1782784K Free: 1036453K (58%)
----------------- Invoking toplevel() on ptolemy.moml.MoMLSimpleApplication@40b1cbb3
----------------- Done invoking toplevel() on ptolemy.moml.MoMLSimpleApplication@40b1cbb3
reloadAllAccessors: .functionClosureTest3

===========================================================================================
----------------- testing Mon Jul 02 01:28:06 UTC 2018 /home/travis/build/icyphy/ptII/ptolemy/actor/lib/test/auto/functionClosureTest4.xml
----------------- Instantiating /home/travis/build/icyphy/ptII/ptolemy/actor/lib/test/auto/functionClosureTest4.xml
2 ms. Memory: 1782784K Free: 1014225K (57%)
----------------- Invoking toplevel() on ptolemy.moml.MoMLSimpleApplication@675a836d
----------------- Done invoking toplevel() on ptolemy.moml.MoMLSimpleApplication@675a836d
reloadAllAccessors: .functionClosureTest4

===========================================================================================
----------------- testing Mon Jul 02 01:28:06 UTC 2018 /home/travis/build/icyphy/ptII/ptolemy/actor/lib/test/auto/functionClosureTest5.xml
----------------- Instantiating /home/travis/build/icyphy/ptII/ptolemy/actor/lib/test/auto/functionClosureTest5.xml
3 ms. Memory: 1782784K Free: 987709K (55%)
----------------- Invoking toplevel() on ptolemy.moml.MoMLSimpleApplication@2d00e400
----------------- Done invoking toplevel() on ptolemy.moml.MoMLSimpleApplication@2d00e400
reloadAllAccessors: .functionClosureTest5

===========================================================================================
----------------- testing Mon Jul 02 01:28:06 UTC 2018 /home/travis/build/icyphy/ptII/ptolemy/actor/lib/test/auto/functionClosureTest6.xml
----------------- Instantiating /home/travis/build/icyphy/ptII/ptolemy/actor/lib/test/auto/functionClosureTest6.xml
1 ms. Memory: 1782784K Free: 961193K (54%)
----------------- Invoking toplevel() on ptolemy.moml.MoMLSimpleApplication@273e8bc5
----------------- Done invoking toplevel() on ptolemy.moml.MoMLSimpleApplication@273e8bc5
reloadAllAccessors: .functionClosureTest6

===========================================================================================
----------------- testing Mon Jul 02 01:28:06 UTC 2018 /home/travis/build/icyphy/ptII/ptolemy/actor/lib/test/auto/functionsOnArcs.xml
----------------- Instantiating /home/travis/build/icyphy/ptII/ptolemy/actor/lib/test/auto/functionsOnArcs.xml
1 ms. Memory: 1782784K Free: 938966K (53%)
----------------- Invoking toplevel() on ptolemy.moml.MoMLSimpleApplication@309c476f
----------------- Done invoking toplevel() on ptolemy.moml.MoMLSimpleApplication@309c476f
reloadAllAccessors: .functionsOnArcs

===========================================================================================
----------------- testing Mon Jul 02 01:28:06 UTC 2018 /home/travis/build/icyphy/ptII/ptolemy/actor/lib/test/auto/functionsOnArcsHOF.xml
----------------- Instantiating /home/travis/build/icyphy/ptII/ptolemy/actor/lib/test/auto/functionsOnArcsHOF.xml
2 ms. Memory: 1782784K Free: 912450K (51%)
----------------- Invoking toplevel() on ptolemy.moml.MoMLSimpleApplication@602e9265
----------------- Done invoking toplevel() on ptolemy.moml.MoMLSimpleApplication@602e9265
reloadAllAccessors: .functionsOnArcsHOF

===========================================================================================
----------------- testing Mon Jul 02 01:28:06 UTC 2018 /home/travis/build/icyphy/ptII/ptolemy/actor/lib/test/auto/logic.xml
----------------- Instantiating /home/travis/build/icyphy/ptII/ptolemy/actor/lib/test/auto/logic.xml
2 ms. Memory: 1782784K Free: 885934K (50%)
----------------- Invoking toplevel() on ptolemy.moml.MoMLSimpleApplication@5f8d8ed3
----------------- Done invoking toplevel() on ptolemy.moml.MoMLSimpleApplication@5f8d8ed3
reloadAllAccessors: .logic

===========================================================================================
----------------- testing Mon Jul 02 01:28:06 UTC 2018 /home/travis/build/icyphy/ptII/ptolemy/actor/lib/test/auto/matrixType.xml
----------------- Instantiating /home/travis/build/icyphy/ptII/ptolemy/actor/lib/test/auto/matrixType.xml
2 ms. Memory: 1782784K Free: 863706K (48%)
----------------- Invoking toplevel() on ptolemy.moml.MoMLSimpleApplication@31e69933
----------------- Done invoking toplevel() on ptolemy.moml.MoMLSimpleApplication@31e69933
reloadAllAccessors: .matrixType

===========================================================================================
----------------- testing Mon Jul 02 01:28:06 UTC 2018 /home/travis/build/icyphy/ptII/ptolemy/actor/lib/test/auto/matrixType10.xml
----------------- Instantiating /home/travis/build/icyphy/ptII/ptolemy/actor/lib/test/auto/matrixType10.xml
2 ms. Memory: 1782784K Free: 837190K (47%)
----------------- Invoking toplevel() on ptolemy.moml.MoMLSimpleApplication@4dae93c0
----------------- Done invoking toplevel() on ptolemy.moml.MoMLSimpleApplication@4dae93c0
reloadAllAccessors: .matrixType10

===========================================================================================
----------------- testing Mon Jul 02 01:28:06 UTC 2018 /home/travis/build/icyphy/ptII/ptolemy/actor/lib/test/auto/matrixType11.xml
----------------- Instantiating /home/travis/build/icyphy/ptII/ptolemy/actor/lib/test/auto/matrixType11.xml
2 ms. Memory: 1782784K Free: 814962K (46%)
----------------- Invoking toplevel() on ptolemy.moml.MoMLSimpleApplication@20bd2fa5
----------------- Done invoking toplevel() on ptolemy.moml.MoMLSimpleApplication@20bd2fa5
reloadAllAccessors: .matrixType11

===========================================================================================
----------------- testing Mon Jul 02 01:28:06 UTC 2018 /home/travis/build/icyphy/ptII/ptolemy/actor/lib/test/auto/matrixType12.xml
----------------- Instantiating /home/travis/build/icyphy/ptII/ptolemy/actor/lib/test/auto/matrixType12.xml
1 ms. Memory: 1782784K Free: 788447K (44%)
----------------- Invoking toplevel() on ptolemy.moml.MoMLSimpleApplication@53b10175
----------------- Done invoking toplevel() on ptolemy.moml.MoMLSimpleApplication@53b10175
reloadAllAccessors: .matrixType12

===========================================================================================
----------------- testing Mon Jul 02 01:28:06 UTC 2018 /home/travis/build/icyphy/ptII/ptolemy/actor/lib/test/auto/matrixType13.xml
----------------- Instantiating /home/travis/build/icyphy/ptII/ptolemy/actor/lib/test/auto/matrixType13.xml
2 ms. Memory: 1782784K Free: 761931K (43%)
----------------- Invoking toplevel() on ptolemy.moml.MoMLSimpleApplication@4cf26ed8
----------------- Done invoking toplevel() on ptolemy.moml.MoMLSimpleApplication@4cf26ed8
reloadAllAccessors: .matrixType13

===========================================================================================
----------------- testing Mon Jul 02 01:28:06 UTC 2018 /home/travis/build/icyphy/ptII/ptolemy/actor/lib/test/auto/matrixType14.xml
----------------- Instantiating /home/travis/build/icyphy/ptII/ptolemy/actor/lib/test/auto/matrixType14.xml
1 ms. Memory: 1782784K Free: 739703K (41%)
----------------- Invoking toplevel() on ptolemy.moml.MoMLSimpleApplication@676c4010
----------------- Done invoking toplevel() on ptolemy.moml.MoMLSimpleApplication@676c4010
reloadAllAccessors: .matrixType14

===========================================================================================
----------------- testing Mon Jul 02 01:28:06 UTC 2018 /home/travis/build/icyphy/ptII/ptolemy/actor/lib/test/auto/matrixType2.xml
----------------- Instantiating /home/travis/build/icyphy/ptII/ptolemy/actor/lib/test/auto/matrixType2.xml
1 ms. Memory: 1782784K Free: 713187K (40%)
----------------- Invoking toplevel() on ptolemy.moml.MoMLSimpleApplication@77b3b00d
----------------- Done invoking toplevel() on ptolemy.moml.MoMLSimpleApplication@77b3b00d
reloadAllAccessors: .matrixType2

===========================================================================================
----------------- testing Mon Jul 02 01:28:06 UTC 2018 /home/travis/build/icyphy/ptII/ptolemy/actor/lib/test/auto/matrixType3.xml
----------------- Instantiating /home/travis/build/icyphy/ptII/ptolemy/actor/lib/test/auto/matrixType3.xml
1 ms. Memory: 1782784K Free: 690959K (39%)
----------------- Invoking toplevel() on ptolemy.moml.MoMLSimpleApplication@4819ae6f
----------------- Done invoking toplevel() on ptolemy.moml.MoMLSimpleApplication@4819ae6f
reloadAllAccessors: .matrixType3

===========================================================================================
----------------- testing Mon Jul 02 01:28:06 UTC 2018 /home/travis/build/icyphy/ptII/ptolemy/actor/lib/test/auto/matrixType4.xml
----------------- Instantiating /home/travis/build/icyphy/ptII/ptolemy/actor/lib/test/auto/matrixType4.xml
1 ms. Memory: 1782784K Free: 664443K (37%)
----------------- Invoking toplevel() on ptolemy.moml.MoMLSimpleApplication@382d56c8
----------------- Done invoking toplevel() on ptolemy.moml.MoMLSimpleApplication@382d56c8
reloadAllAccessors: .matrixType4

===========================================================================================
----------------- testing Mon Jul 02 01:28:06 UTC 2018 /home/travis/build/icyphy/ptII/ptolemy/actor/lib/test/auto/matrixType5.xml
----------------- Instantiating /home/travis/build/icyphy/ptII/ptolemy/actor/lib/test/auto/matrixType5.xml
1 ms. Memory: 1782784K Free: 637928K (36%)
----------------- Invoking toplevel() on ptolemy.moml.MoMLSimpleApplication@3d50b3c1
----------------- Done invoking toplevel() on ptolemy.moml.MoMLSimpleApplication@3d50b3c1
reloadAllAccessors: .matrixType5

===========================================================================================
----------------- testing Mon Jul 02 01:28:06 UTC 2018 /home/travis/build/icyphy/ptII/ptolemy/actor/lib/test/auto/matrixType6.xml
----------------- Instantiating /home/travis/build/icyphy/ptII/ptolemy/actor/lib/test/auto/matrixType6.xml
1 ms. Memory: 1782784K Free: 615700K (35%)
----------------- Invoking toplevel() on ptolemy.moml.MoMLSimpleApplication@3e5c9c40
----------------- Done invoking toplevel() on ptolemy.moml.MoMLSimpleApplication@3e5c9c40
reloadAllAccessors: .matrixType6

===========================================================================================
----------------- testing Mon Jul 02 01:28:06 UTC 2018 /home/travis/build/icyphy/ptII/ptolemy/actor/lib/test/auto/matrixType7.xml
----------------- Instantiating /home/travis/build/icyphy/ptII/ptolemy/actor/lib/test/auto/matrixType7.xml
1 ms. Memory: 1782784K Free: 589184K (33%)
----------------- Invoking toplevel() on ptolemy.moml.MoMLSimpleApplication@51f99288
----------------- Done invoking toplevel() on ptolemy.moml.MoMLSimpleApplication@51f99288
reloadAllAccessors: .matrixType7

===========================================================================================
----------------- testing Mon Jul 02 01:28:06 UTC 2018 /home/travis/build/icyphy/ptII/ptolemy/actor/lib/test/auto/matrixType8.xml
----------------- Instantiating /home/travis/build/icyphy/ptII/ptolemy/actor/lib/test/auto/matrixType8.xml
1 ms. Memory: 1782784K Free: 566956K (32%)
----------------- Invoking toplevel() on ptolemy.moml.MoMLSimpleApplication@6899c9b3
----------------- Done invoking toplevel() on ptolemy.moml.MoMLSimpleApplication@6899c9b3
reloadAllAccessors: .matrixType8

===========================================================================================
----------------- testing Mon Jul 02 01:28:06 UTC 2018 /home/travis/build/icyphy/ptII/ptolemy/actor/lib/test/auto/matrixType9.xml
----------------- Instantiating /home/travis/build/icyphy/ptII/ptolemy/actor/lib/test/auto/matrixType9.xml
1 ms. Memory: 1782784K Free: 540440K (30%)
----------------- Invoking toplevel() on ptolemy.moml.MoMLSimpleApplication@38017886
----------------- Done invoking toplevel() on ptolemy.moml.MoMLSimpleApplication@38017886
reloadAllAccessors: .matrixType9

===========================================================================================
----------------- testing Mon Jul 02 01:28:06 UTC 2018 /home/travis/build/icyphy/ptII/ptolemy/actor/lib/test/auto/paraFunctest.xml
----------------- Instantiating /home/travis/build/icyphy/ptII/ptolemy/actor/lib/test/auto/paraFunctest.xml
2 ms. Memory: 1782784K Free: 513925K (29%)
----------------- Invoking toplevel() on ptolemy.moml.MoMLSimpleApplication@7245c38a
----------------- Done invoking toplevel() on ptolemy.moml.MoMLSimpleApplication@7245c38a
reloadAllAccessors: .paraFunctest

===========================================================================================
----------------- testing Mon Jul 02 01:28:06 UTC 2018 /home/travis/build/icyphy/ptII/ptolemy/actor/lib/test/auto/paraFunctest2.xml
----------------- Instantiating /home/travis/build/icyphy/ptII/ptolemy/actor/lib/test/auto/paraFunctest2.xml
1 ms. Memory: 1782784K Free: 491697K (28%)
----------------- Invoking toplevel() on ptolemy.moml.MoMLSimpleApplication@5cf80439
----------------- Done invoking toplevel() on ptolemy.moml.MoMLSimpleApplication@5cf80439
reloadAllAccessors: .paraFunctest2

===========================================================================================
----------------- testing Mon Jul 02 01:28:06 UTC 2018 /home/travis/build/icyphy/ptII/ptolemy/actor/lib/test/auto/parameterPassing.xml
----------------- Instantiating /home/travis/build/icyphy/ptII/ptolemy/actor/lib/test/auto/parameterPassing.xml
1 ms. Memory: 1782784K Free: 465181K (26%)
----------------- Invoking toplevel() on ptolemy.moml.MoMLSimpleApplication@7d8f96bf
----------------- Done invoking toplevel() on ptolemy.moml.MoMLSimpleApplication@7d8f96bf
reloadAllAccessors: .parameterPassing

===========================================================================================
----------------- testing Mon Jul 02 01:28:06 UTC 2018 /home/travis/build/icyphy/ptII/ptolemy/actor/lib/test/auto/record.xml
----------------- Instantiating /home/travis/build/icyphy/ptII/ptolemy/actor/lib/test/auto/record.xml
2 ms. Memory: 1782784K Free: 442953K (25%)
----------------- Invoking toplevel() on ptolemy.moml.MoMLSimpleApplication@4597569
----------------- Done invoking toplevel() on ptolemy.moml.MoMLSimpleApplication@4597569
reloadAllAccessors: .record

===========================================================================================
----------------- testing Mon Jul 02 01:28:06 UTC 2018 /home/travis/build/icyphy/ptII/ptolemy/actor/lib/test/auto/sizedarray1.xml
----------------- Instantiating /home/travis/build/icyphy/ptII/ptolemy/actor/lib/test/auto/sizedarray1.xml
1 ms. Memory: 1782784K Free: 416437K (23%)
----------------- Invoking toplevel() on ptolemy.moml.MoMLSimpleApplication@447e9dba
----------------- Done invoking toplevel() on ptolemy.moml.MoMLSimpleApplication@447e9dba
reloadAllAccessors: .sizedarray1

===========================================================================================
----------------- testing Mon Jul 02 01:28:06 UTC 2018 /home/travis/build/icyphy/ptII/ptolemy/actor/lib/test/auto/sizedarray2.xml
----------------- Instantiating /home/travis/build/icyphy/ptII/ptolemy/actor/lib/test/auto/sizedarray2.xml
1 ms. Memory: 1782784K Free: 389921K (22%)
----------------- Invoking toplevel() on ptolemy.moml.MoMLSimpleApplication@682b8253
----------------- Done invoking toplevel() on ptolemy.moml.MoMLSimpleApplication@682b8253
reloadAllAccessors: .sizedarray2

===========================================================================================
----------------- testing Mon Jul 02 01:28:06 UTC 2018 /home/travis/build/icyphy/ptII/ptolemy/actor/lib/test/auto/twoPublishers.xml
----------------- Instantiating /home/travis/build/icyphy/ptII/ptolemy/actor/lib/test/auto/twoPublishers.xml
2 ms. Memory: 1782784K Free: 367694K (21%)
----------------- Invoking toplevel() on ptolemy.moml.MoMLSimpleApplication@2cf0f807
----------------- Done invoking toplevel() on ptolemy.moml.MoMLSimpleApplication@2cf0f807
reloadAllAccessors: .twoPublishers
AutoTests.java: About to close Vertx.
AutoTests.java: Vertx closed.
]]></system-out>
  <system-err><![CDATA[java.lang.RuntimeException: Execution failed
	at ptolemy.moml.MoMLSimpleApplication$UnloadThread.run(MoMLSimpleApplication.java:402)
Caused by: java.lang.RuntimeException: Normally, we would exit here because Manager.exitAfterWrapup() was called.  However, because the ptolemy.ptII.exitAfterWrapup property is set, we throw this exception instead.
	at ptolemy.util.StringUtilities.exit(StringUtilities.java:363)
	at ptolemy.actor.Manager.wrapup(Manager.java:1531)
	at ptolemy.actor.Manager.execute(Manager.java:407)
	at ptolemy.actor.Manager.run(Manager.java:1263)
	at ptolemy.actor.Manager$PtolemyRunThread.run(Manager.java:1915)
Warning: '.top.test' is in training mode, set the trainingMode parameter to false before checking in
Warning: '.top.test' is in training mode, set the trainingMode parameter to false before checking in
Warning: '.top.test' is in training mode, set the trainingMode parameter to false before checking in
Warning: '.BooleanSwitch_RegressionTest_WrongTrainingValues.Test' is in training mode, set the trainingMode parameter to false before checking in
Warning: '.BooleanSwitch_RegressionTest_WrongTrainingValues.Test2' is in training mode, set the trainingMode parameter to false before checking in
Warning: '.BooleanSwitch_RegressionTest_WrongTrainingValues.Test2' The test produced 0 tokens.
Warning: '.top.testExceptionHandler' is in training mode, set the trainingMode parameter to false before checking in
java.lang.RuntimeException: Execution failed
	at ptolemy.moml.MoMLSimpleApplication$UnloadThread.run(MoMLSimpleApplication.java:402)
Caused by: ptolemy.kernel.util.IllegalActionException: PublisherPorts cannot be used at the top level, use a Publisher actor instead.
  in .PublisherPortToplevelSubscriber.PublisherPort
	at ptolemy.actor.PublisherPort.preinitialize(PublisherPort.java:403)
	at ptolemy.actor.CompositeActor.preinitialize(CompositeActor.java:1769)
	at ptolemy.actor.Manager.preinitializeAndResolveTypes(Manager.java:1040)
	at ptolemy.actor.Manager.initialize(Manager.java:710)
	at ptolemy.actor.Manager.execute(Manager.java:356)
	at ptolemy.actor.Manager.run(Manager.java:1263)
	at ptolemy.actor.Manager$PtolemyRunThread.run(Manager.java:1915)
java.lang.reflect.InvocationTargetException
	at sun.reflect.NativeConstructorAccessorImpl.newInstance0(Native Method)
	at sun.reflect.NativeConstructorAccessorImpl.newInstance(NativeConstructorAccessorImpl.java:62)
	at sun.reflect.DelegatingConstructorAccessorImpl.newInstance(DelegatingConstructorAccessorImpl.java:45)
	at java.lang.reflect.Constructor.newInstance(Constructor.java:423)
	at ptolemy.util.test.junit.AutoKnownFailedTests.RunModel(AutoKnownFailedTests.java:107)
	at sun.reflect.NativeMethodAccessorImpl.invoke0(Native Method)
	at sun.reflect.NativeMethodAccessorImpl.invoke(NativeMethodAccessorImpl.java:62)
	at sun.reflect.DelegatingMethodAccessorImpl.invoke(DelegatingMethodAccessorImpl.java:43)
	at java.lang.reflect.Method.invoke(Method.java:498)
	at org.junit.runners.model.FrameworkMethod$1.runReflectiveCall(FrameworkMethod.java:44)
	at org.junit.internal.runners.model.ReflectiveCallable.run(ReflectiveCallable.java:15)
	at org.junit.runners.model.FrameworkMethod.invokeExplosively(FrameworkMethod.java:41)
	at junitparams.internal.InvokeParameterisedMethod.evaluate(InvokeParameterisedMethod.java:102)
	at org.junit.internal.runners.statements.FailOnTimeout$1.run(FailOnTimeout.java:28)
Caused by: ptolemy.kernel.util.IllegalActionException: PublisherPorts cannot be used at the top level, use a Publisher actor instead.
  in .PublisherPortToplevelSubscriber.PublisherPort
	at ptolemy.actor.PublisherPort.preinitialize(PublisherPort.java:403)
	at ptolemy.actor.CompositeActor.preinitialize(CompositeActor.java:1769)
	at ptolemy.actor.Manager.preinitializeAndResolveTypes(Manager.java:1040)
	at ptolemy.actor.Manager.initialize(Manager.java:710)
	at ptolemy.actor.Manager.execute(Manager.java:356)
	at ptolemy.actor.Manager.run(Manager.java:1263)
	at ptolemy.actor.Manager$PtolemyRunThread.run(Manager.java:1915)
java.lang.RuntimeException: Execution failed
	at ptolemy.moml.MoMLSimpleApplication$UnloadThread.run(MoMLSimpleApplication.java:402)
Caused by: ptolemy.kernel.util.IllegalActionException: SubscriberPorts cannot be used at the top level, use a Subscriber actor instead.
  in .PublisherSubscriberPortToplevel.SubscriberPort
	at ptolemy.actor.SubscriberPort.preinitialize(SubscriberPort.java:328)
	at ptolemy.actor.CompositeActor.preinitialize(CompositeActor.java:1769)
	at ptolemy.actor.Manager.preinitializeAndResolveTypes(Manager.java:1040)
	at ptolemy.actor.Manager.initialize(Manager.java:710)
	at ptolemy.actor.Manager.execute(Manager.java:356)
	at ptolemy.actor.Manager.run(Manager.java:1263)
	at ptolemy.actor.Manager$PtolemyRunThread.run(Manager.java:1915)
java.lang.reflect.InvocationTargetException
	at sun.reflect.NativeConstructorAccessorImpl.newInstance0(Native Method)
	at sun.reflect.NativeConstructorAccessorImpl.newInstance(NativeConstructorAccessorImpl.java:62)
	at sun.reflect.DelegatingConstructorAccessorImpl.newInstance(DelegatingConstructorAccessorImpl.java:45)
	at java.lang.reflect.Constructor.newInstance(Constructor.java:423)
	at ptolemy.util.test.junit.AutoKnownFailedTests.RunModel(AutoKnownFailedTests.java:107)
	at sun.reflect.NativeMethodAccessorImpl.invoke0(Native Method)
	at sun.reflect.NativeMethodAccessorImpl.invoke(NativeMethodAccessorImpl.java:62)
	at sun.reflect.DelegatingMethodAccessorImpl.invoke(DelegatingMethodAccessorImpl.java:43)
	at java.lang.reflect.Method.invoke(Method.java:498)
	at org.junit.runners.model.FrameworkMethod$1.runReflectiveCall(FrameworkMethod.java:44)
	at org.junit.internal.runners.model.ReflectiveCallable.run(ReflectiveCallable.java:15)
	at org.junit.runners.model.FrameworkMethod.invokeExplosively(FrameworkMethod.java:41)
	at junitparams.internal.InvokeParameterisedMethod.evaluate(InvokeParameterisedMethod.java:102)
	at org.junit.internal.runners.statements.FailOnTimeout$1.run(FailOnTimeout.java:28)
Caused by: ptolemy.kernel.util.IllegalActionException: SubscriberPorts cannot be used at the top level, use a Subscriber actor instead.
  in .PublisherSubscriberPortToplevel.SubscriberPort
	at ptolemy.actor.SubscriberPort.preinitialize(SubscriberPort.java:328)
	at ptolemy.actor.CompositeActor.preinitialize(CompositeActor.java:1769)
	at ptolemy.actor.Manager.preinitializeAndResolveTypes(Manager.java:1040)
	at ptolemy.actor.Manager.initialize(Manager.java:710)
	at ptolemy.actor.Manager.execute(Manager.java:356)
	at ptolemy.actor.Manager.run(Manager.java:1263)
	at ptolemy.actor.Manager$PtolemyRunThread.run(Manager.java:1915)
java.lang.RuntimeException: Execution failed
	at ptolemy.moml.MoMLSimpleApplication$UnloadThread.run(MoMLSimpleApplication.java:402)
Caused by: ptolemy.kernel.util.IllegalActionException: SubscriptionAggregatorPorts cannot be used at the top level, use a SubscriptionAggregator actor instead.
  in .PublisherSubscriptionAggregatorPort.SubscriptionAggregatorPort
	at ptolemy.actor.SubscriptionAggregatorPort.preinitialize(SubscriptionAggregatorPort.java:353)
	at ptolemy.actor.CompositeActor.preinitialize(CompositeActor.java:1769)
	at ptolemy.actor.Manager.preinitializeAndResolveTypes(Manager.java:1040)
	at ptolemy.actor.Manager.initialize(Manager.java:710)
	at ptolemy.actor.Manager.execute(Manager.java:356)
	at ptolemy.actor.Manager.run(Manager.java:1263)
	at ptolemy.actor.Manager$PtolemyRunThread.run(Manager.java:1915)
java.lang.reflect.InvocationTargetException
	at sun.reflect.NativeConstructorAccessorImpl.newInstance0(Native Method)
	at sun.reflect.NativeConstructorAccessorImpl.newInstance(NativeConstructorAccessorImpl.java:62)
	at sun.reflect.DelegatingConstructorAccessorImpl.newInstance(DelegatingConstructorAccessorImpl.java:45)
	at java.lang.reflect.Constructor.newInstance(Constructor.java:423)
	at ptolemy.util.test.junit.AutoKnownFailedTests.RunModel(AutoKnownFailedTests.java:107)
	at sun.reflect.NativeMethodAccessorImpl.invoke0(Native Method)
	at sun.reflect.NativeMethodAccessorImpl.invoke(NativeMethodAccessorImpl.java:62)
	at sun.reflect.DelegatingMethodAccessorImpl.invoke(DelegatingMethodAccessorImpl.java:43)
	at java.lang.reflect.Method.invoke(Method.java:498)
	at org.junit.runners.model.FrameworkMethod$1.runReflectiveCall(FrameworkMethod.java:44)
	at org.junit.internal.runners.model.ReflectiveCallable.run(ReflectiveCallable.java:15)
	at org.junit.runners.model.FrameworkMethod.invokeExplosively(FrameworkMethod.java:41)
	at junitparams.internal.InvokeParameterisedMethod.evaluate(InvokeParameterisedMethod.java:102)
	at org.junit.internal.runners.statements.FailOnTimeout$1.run(FailOnTimeout.java:28)
Caused by: ptolemy.kernel.util.IllegalActionException: SubscriptionAggregatorPorts cannot be used at the top level, use a SubscriptionAggregator actor instead.
  in .PublisherSubscriptionAggregatorPort.SubscriptionAggregatorPort
	at ptolemy.actor.SubscriptionAggregatorPort.preinitialize(SubscriptionAggregatorPort.java:353)
	at ptolemy.actor.CompositeActor.preinitialize(CompositeActor.java:1769)
	at ptolemy.actor.Manager.preinitializeAndResolveTypes(Manager.java:1040)
	at ptolemy.actor.Manager.initialize(Manager.java:710)
	at ptolemy.actor.Manager.execute(Manager.java:356)
	at ptolemy.actor.Manager.run(Manager.java:1263)
	at ptolemy.actor.Manager$PtolemyRunThread.run(Manager.java:1915)
java.lang.RuntimeException: Execution failed
	at ptolemy.moml.MoMLSimpleApplication$UnloadThread.run(MoMLSimpleApplication.java:402)
Caused by: ptolemy.kernel.util.IllegalActionException: TypeTest actor has no training data.
  in .sizedarray3.TypeTest
	at ptolemy.actor.lib.TypeTest.initialize(TypeTest.java:250)
	at ptolemy.actor.Director.initialize(Director.java:938)
	at ptolemy.actor.Director.initialize(Director.java:907)
	at ptolemy.actor.sched.StaticSchedulingDirector.initialize(StaticSchedulingDirector.java:159)
	at ptolemy.domains.sdf.kernel.SDFDirector.initialize(SDFDirector.java:544)
	at ptolemy.actor.CompositeActor.initialize(CompositeActor.java:935)
	at ptolemy.actor.Manager.initialize(Manager.java:724)
	at ptolemy.actor.Manager.execute(Manager.java:356)
	at ptolemy.actor.Manager.run(Manager.java:1263)
	at ptolemy.actor.Manager$PtolemyRunThread.run(Manager.java:1915)
java.lang.reflect.InvocationTargetException
	at sun.reflect.NativeConstructorAccessorImpl.newInstance0(Native Method)
	at sun.reflect.NativeConstructorAccessorImpl.newInstance(NativeConstructorAccessorImpl.java:62)
	at sun.reflect.DelegatingConstructorAccessorImpl.newInstance(DelegatingConstructorAccessorImpl.java:45)
	at java.lang.reflect.Constructor.newInstance(Constructor.java:423)
	at ptolemy.util.test.junit.AutoKnownFailedTests.RunModel(AutoKnownFailedTests.java:107)
	at sun.reflect.NativeMethodAccessorImpl.invoke0(Native Method)
	at sun.reflect.NativeMethodAccessorImpl.invoke(NativeMethodAccessorImpl.java:62)
	at sun.reflect.DelegatingMethodAccessorImpl.invoke(DelegatingMethodAccessorImpl.java:43)
	at java.lang.reflect.Method.invoke(Method.java:498)
	at org.junit.runners.model.FrameworkMethod$1.runReflectiveCall(FrameworkMethod.java:44)
	at org.junit.internal.runners.model.ReflectiveCallable.run(ReflectiveCallable.java:15)
	at org.junit.runners.model.FrameworkMethod.invokeExplosively(FrameworkMethod.java:41)
	at junitparams.internal.InvokeParameterisedMethod.evaluate(InvokeParameterisedMethod.java:102)
	at org.junit.internal.runners.statements.FailOnTimeout$1.run(FailOnTimeout.java:28)
Caused by: ptolemy.kernel.util.IllegalActionException: TypeTest actor has no training data.
  in .sizedarray3.TypeTest
	at ptolemy.actor.lib.TypeTest.initialize(TypeTest.java:250)
	at ptolemy.actor.Director.initialize(Director.java:938)
	at ptolemy.actor.Director.initialize(Director.java:907)
	at ptolemy.actor.sched.StaticSchedulingDirector.initialize(StaticSchedulingDirector.java:159)
	at ptolemy.domains.sdf.kernel.SDFDirector.initialize(SDFDirector.java:544)
	at ptolemy.actor.CompositeActor.initialize(CompositeActor.java:935)
	at ptolemy.actor.Manager.initialize(Manager.java:724)
	at ptolemy.actor.Manager.execute(Manager.java:356)
	at ptolemy.actor.Manager.run(Manager.java:1263)
	at ptolemy.actor.Manager$PtolemyRunThread.run(Manager.java:1915)
]]></system-err>
</testsuite>
