<?xml version="1.0" encoding="UTF-8" ?>
<testsuite errors="0" failures="0" hostname="travis-job-8668174b-0809-41fb-98af-8a410314a9d7" name="ptolemy.domains.de.test.junit.JUnitTclTest" skipped="0" tests="101" time="137.985" timestamp="2019-10-18T05:57:23">
  <properties>
    <property name="npm.executable" value="npm" />
    <property name="env.TRAVIS_ROOT" value="/" />
    <property name="ptII.mk.exists" value="true" />
    <property name="env.TRAVIS_APP_HOST" value="build.travis-ci.org" />
    <property name="env.rvm_bin_path" value="/home/travis/.rvm/bin" />
    <property name="java.home" value="/usr/local/lib/jvm/openjdk11" />
    <property name="env.TRAVIS_JOB_NUMBER" value="1367.9" />
    <property name="env.TRAVIS_HOME" value="/home/travis" />
    <property name="env.DISPLAY" value=":99.0" />
    <property name="env.TRAVIS_INIT" value="systemd" />
    <property name="env.SSH_TTY" value="/dev/pts/0" />
    <property name="java.net.preferIPv4Stack" value="true" />
    <property name="env.RUN_TESTS" value="true" />
    <property name="timeout.short" value="1000000" />
    <property name="junit.formatter" value="xml" />
    <property name="env.TRAVIS_SUDO" value="true" />
    <property name="env.TRAVIS_JOB_NAME" value="" />
    <property name="env.TRAVIS_STACK_NODE_ATTRIBUTES" value="/.node-attributes.yml" />
    <property name="env.LOGNAME" value="travis" />
    <property name="jsdoc.home" value="node_modules/@terraswarm/jsdoc" />
    <property name="debuglevel" value="source,lines,vars" />
    <property name="checkstyle.formatter" value="xml" />
    <property name="env._system_version" value="16.04" />
    <property name="bin.vergil.makeable" value="true" />
    <property name="sun.os.patch.level" value="unknown" />
    <property name="java.vendor.url" value="http://java.oracle.com/" />
    <property name="env.TRAVIS_BUILD_WEB_URL" value="https://travis-ci.org/icyphy/ptII/builds/599473131" />
    <property name="java.version" value="11.0.2" />
    <property name="env.TZ" value="UTC" />
    <property name="env.TRAVIS_PULL_REQUEST_SHA" value="" />
    <property name="env.PT_NO_NET" value="true" />
    <property name="env.TRAVIS_SECURE_ENV_VARS" value="true" />
    <property name="env._system_type" value="Linux" />
    <property name="java.vendor.url.bug" value="http://bugreport.java.com/bugreport/" />
    <property name="npmjs-org-is-up" value="true" />
    <property name="env.LANGUAGE" value="en_US.UTF-8" />
    <property name="env.SSH_CLIENT" value="10.16.4.4 45432 22" />
    <property name="env.GEM_HOME" value="/home/travis/.rvm/gems/ruby-2.5.3" />
    <property name="env.HAS_ANTARES_THREE_LITTLE_FRONZIES_BADGE" value="true" />
    <property name="java.version.date" value="2019-01-15" />
    <property name="env.PS4" value="+" />
    <property name="ant.project.invoked-targets" value="build,test.core2.xml" />
    <property name="env.TRAVIS_PULL_REQUEST_BRANCH" value="" />
    <property name="env.TRAVIS_REPO_SLUG" value="icyphy/ptII" />
    <property name="env.XDG_DATA_DIRS" value="/usr/local/share:/usr/share:/var/lib/snapd/desktop" />
    <property name="jdk.debug" value="release" />
    <property name="env.TRAVIS_APT_PROXY" value="http://apt.cache.travis-ci.com" />
    <property name="node.in.path" value="true" />
    <property name="user.name" value="travis" />
    <property name="java.maxmemory" value="1400m" />
    <property name="env.RUBY_VERSION" value="ruby-2.5.3" />
    <property name="env.LANG" value="en_US.UTF-8" />
    <property name="sun.io.unicode.encoding" value="UnicodeLittle" />
    <property name="sun.jnu.encoding" value="UTF-8" />
    <property name="java.runtime.name" value="OpenJDK Runtime Environment" />
    <property name="usefile" value="false" />
    <property name="return.code" value="0" />
    <property name="junit.single.formatter" value="plain" />
    <property name="env.DYLD_LIBRARY_PATH" value="/home/travis/pthla/certi-tools/lib:" />
    <property name="env.DEBIAN_FRONTEND" value="noninteractive" />
    <property name="env.SSH_CONNECTION" value="10.16.4.4 45432 10.20.1.70 22" />
    <property name="env.MYSQL_UNIX_PORT" value="/var/run/mysqld/mysqld.sock" />
    <property name="env.LC_ALL" value="en_US.UTF-8" />
    <property name="env.TRAVIS_ALLOW_FAILURE" value="false" />
    <property name="env.TRAVIS_JOB_WEB_URL" value="https://travis-ci.org/icyphy/ptII/jobs/599473140" />
    <property name="java.specification.name" value="Java Platform API Specification" />
    <property name="node.works" value="true" />
    <property name="user.timezone" value="" />
    <property name="path.separator" value=":" />
    <property name="env.TRAVIS_ENABLE_INFRA_DETECTION" value="true" />
    <property name="env.PYTHON_CFLAGS" value="-g -fstack-protector --param=ssp-buffer-size=4 -Wformat -Werror=format-security" />
    <property name="timeout.long" value="4000000" />
    <property name="env.CERTI_HOME" value="/home/travis/pthla/certi-tools" />
    <property name="ant.file.ptII" value="/home/travis/build/icyphy/ptII/build.xml" />
    <property name="javadoc.packagenames" value="com.*,diva.*,lbnl.*,org.hlacerti.*,org.json.*,org.ptolemy.*,org.terraswarm.*,ptolemy.*,ptserver.*" />
    <property name="file.encoding" value="UTF-8" />
    <property name="env.TRAVIS_PULL_REQUEST_SLUG" value="" />
    <property name="ant.project.default-target" value="build" />
    <property name="env.GIT_ASKPASS" value="echo" />
    <property name="env.HOME" value="/home/travis" />
    <property name="sun.java.command" value="org.apache.tools.ant.taskdefs.optional.junit.JUnitTestRunner ptolemy.domains.de.test.junit.JUnitTclTest skipNonTests=false filtertrace=true haltOnError=false haltOnFailure=false formatter=org.apache.tools.ant.taskdefs.optional.junit.OutErrSummaryJUnitResultFormatter showoutput=true outputtoformatters=true logfailedtests=true threadid=0 logtestlistenerevents=false formatter=org.apache.tools.ant.taskdefs.optional.junit.XMLJUnitResultFormatter,/home/travis/build/icyphy/ptII/reports/junit/TEST-ptolemy.domains.de.test.junit.JUnitTclTest.xml crashfile=/home/travis/build/icyphy/ptII/junitvmwatcher15982733002526034865.properties propsfile=/home/travis/build/icyphy/ptII/junit12821433745043295865.properties" />
    <property name="env.COMPOSER_NO_INTERACTION" value="1" />
    <property name="env.MANPATH" value="/home/travis/.nvm/versions/node/v7.10.1/share/man:/home/travis/.rvm/rubies/ruby-2.5.3/share/man:/usr/local/cmake-3.12.4/man:/usr/local/clang-7.0.0/share/man:/usr/local/man:/usr/local/share/man:/usr/share/man:/home/travis/.rvm/man" />
    <property name="env.TRAVIS_TIMER_ID" value="150a0e5f" />
    <property name="ant.file" value="/home/travis/build/icyphy/ptII/build.xml" />
    <property name="env.TRAVIS_COMMIT_RANGE" value="88f03a27763bfaa83d68e8c126d7dc69b4b351f6...948bf656f66248ff65af09b7e6cc9885ef1f544d" />
    <property name="env._system_name" value="Ubuntu" />
    <property name="ptII.classpath.optional.property" value="/home/travis/build/icyphy/ptII/lib/bsh-2.0b4.jar:/home/travis/build/icyphy/ptII/lib/ptCal.jar:/home/travis/build/icyphy/ptII/lib/java_cup.jar:/home/travis/build/icyphy/ptII/lib/saxon8.jar:/home/travis/build/icyphy/ptII/lib/saxon8-dom.jar:/home/travis/build/icyphy/ptII/lib/chic.jar:/home/travis/build/icyphy/ptII/lib/ptcolt.jar:/home/travis/build/icyphy/ptII/vendors/misc/itext/iText.jar:/home/travis/build/icyphy/ptII/lib/g4ltl.jar:/home/travis/build/icyphy/ptII/lib/StructuralCoder.jar:/home/travis/build/icyphy/ptII/lib/jcerti.jar:/home/travis/build/icyphy/ptII/lib/javax.mail.jar:/home/travis/build/icyphy/ptII/vendors/JMF-2.1.1e/lib/jmf.jar:/home/travis/build/icyphy/ptII/lib/jna-4.0.0-variadic.jar:/home/travis/build/icyphy/ptII/vendors/misc/joystick/Joystick.jar:/home/travis/build/icyphy/ptII/lib/ptjacl.jar:/home/travis/build/icyphy/ptII/lib/jsoup-1.8.2.jar:/home/travis/build/icyphy/ptII/lib/junit-4.8.2.jar:/home/travis/build/icyphy/ptII/lib/JUnitParams-0.4.0.jar:/home/travis/build/icyphy/ptII/ptolemy/actor/lib/excel/jxl.jar:/home/travis/build/icyphy/ptII/lib/jython.jar:/home/travis/build/icyphy/ptII/lib/kieler.jar:/home/travis/build/icyphy/ptII/vendors/opencv/share/OpenCV/java/opencv-341.jar:/home/travis/build/icyphy/ptII/lib/oscP5.jar:/home/travis/build/icyphy/ptII/lib/nrjavaserial-3.11.0.devel.jar:/home/travis/build/icyphy/ptII/vendors/j3d/lib/Linux/j3dcore.jar:/home/travis/build/icyphy/ptII/vendors/j3d/lib/Linux/j3dutils.jar:/home/travis/build/icyphy/ptII/vendors/j3d/lib/Linux/vecmath.jar:/home/travis/build/icyphy/ptII/vendors/jogl/lib/Linux/gluegen-rt-natives-linux-amd64.jar:/home/travis/build/icyphy/ptII/vendors/jogl/lib/Linux/gluegen-rt.jar:/home/travis/build/icyphy/ptII/vendors/jogl/lib/Linux/jogl-all-natives-linux-amd64.jar:/home/travis/build/icyphy/ptII/vendors/jogl/lib/Linux/jogl-all.jar:/home/travis/build/icyphy/ptII/ptolemy/distributed/jini/jar/jini-core.jar:/home/travis/build/icyphy/ptII/ptolemy/distributed/jini/jar/jini-ext.jar:/home/travis/build/icyphy/ptII/ptolemy/distributed/jini/jar/sun-util.jar:/home/travis/build/icyphy/ptII/lib/protobuf-java-2.4.1.jar:/home/travis/build/icyphy/ptII/lib/org.eclipse.paho.client.mqttv3.jar:/home/travis/build/icyphy/ptII/lib/mapss.jar:/home/travis/build/icyphy/ptII/ptolemy/actor/ptalon/antlr/antlr.jar:/home/travis/build/icyphy/ptII/lib/JRI.jar:/home/travis/build/icyphy/ptII/lib/commons-lang-2.6.jar:/home/travis/build/icyphy/ptII/lib/commons-logging-1.1.1.jar:/home/travis/build/icyphy/ptII/lib/sootclasses.jar:/home/travis/build/icyphy/ptII/ptolemy/actor/lib/database/mysql-connector-java-5.1.6-bin.jar:/home/travis/build/icyphy/ptII/vendors/misc/sphinx4/sphinx4-data-5prealpha.jar:/home/travis/build/icyphy/ptII/vendors/misc/sphinx4/sphinx4-core-5prealpha.jar:/home/travis/build/icyphy/ptII/lib/PDFRenderer.jar:/home/travis/build/icyphy/ptII/lib/svgSalamander.jar:/home/travis/build/icyphy/ptII/lib/rsyntaxtextarea-2.6.0-SNAPSHOT.jar:/home/travis/build/icyphy/ptII/lib/hazelcast-3.8.2.jar:/home/travis/build/icyphy/ptII/lib/jackson-annotations-2.9.0.jar:/home/travis/build/icyphy/ptII/lib/jackson-core-2.9.3.jar:/home/travis/build/icyphy/ptII/lib/jackson-databind-2.9.3.jar:/home/travis/build/icyphy/ptII/lib/netty-buffer-4.1.19.Final.jar:/home/travis/build/icyphy/ptII/lib/netty-codec-4.1.19.Final.jar:/home/travis/build/icyphy/ptII/lib/netty-codec-dns-4.1.19.Final.jar:/home/travis/build/icyphy/ptII/lib/netty-codec-http-4.1.19.Final.jar:/home/travis/build/icyphy/ptII/lib/netty-codec-http2-4.1.19.Final.jar:/home/travis/build/icyphy/ptII/lib/netty-common-4.1.19.Final.jar:/home/travis/build/icyphy/ptII/lib/netty-handler-4.1.19.Final.jar:/home/travis/build/icyphy/ptII/lib/netty-resolver-4.1.19.Final.jar:/home/travis/build/icyphy/ptII/lib/netty-resolver-dns-4.1.19.Final.jar:/home/travis/build/icyphy/ptII/lib/netty-transport-4.1.19.Final.jar:/home/travis/build/icyphy/ptII/lib/vertx-codegen-3.5.1.jar:/home/travis/build/icyphy/ptII/lib/vertx-core-3.5.2-SNAPSHOT.jar:/home/travis/build/icyphy/ptII/lib/vertx-hazelcast-3.5.1.jar:/home/travis/build/icyphy/ptII/lib/vertx-lang-js-3.5.1.jar:/home/travis/build/icyphy/ptII/lib/vertx-service-proxy-3.5.1.jar:/home/travis/build/icyphy/ptII/lib/vertx-web-3.5.1.jar:/home/travis/build/icyphy/ptII/lib/slf4j-api-1.7.13.jar:/home/travis/build/icyphy/ptII/lib/slf4j-simple-1.7.13.jar:/home/travis/build/icyphy/ptII/lib/webcam-capture-0.3.12.jar:/home/travis/build/icyphy/ptII/lib/bridj-0.7.0.jar:/home/travis/build/icyphy/ptII/lib/xbjlib-1.1.0.nrjavaserial.jar" />
    <property name="timeout" value="2400000" />
    <property name="test.batch" value="**/junit/*.java" />
    <property name="env._" value="/usr/bin/timeout" />
    <property name="java.io.tmpdir" value="/tmp" />
    <property name="user.language" value="en" />
    <property name="env.TRAVIS_INTERNAL_RUBY_REGEX" value="^ruby-(2\.[0-4]\.[0-9]|1\.9\.3)" />
    <property name="env.HISTCONTROL" value="ignoredups:ignorespace" />
    <property name="env.GOROOT" value="/home/travis/.gimme/versions/go1.11.1.linux.amd64" />
    <property name="line.separator" value="&#xa;" />
    <property name="target" value="11" />
    <property name="env.TRAVIS_BUILD_DIR" value="/home/travis/build/icyphy/ptII" />
    <property name="env.ANT_OPTS" value="-Xmx2048m" />
    <property name="ant.file.type" value="file" />
    <property name="ptolemy.ptII.batchMode" value="true" />
    <property name="env.HISTSIZE" value="1000" />
    <property name="env.MERB_ENV" value="test" />
    <property name="java.vm.info" value="mixed mode" />
    <property name="source" value="11" />
    <property name="java.vm.specification.name" value="Java Virtual Machine Specification" />
    <property name="env.TRAVIS_TEST_RESULT" value="0" />
    <property name="jsdoc.command" value="node_modules/@terraswarm/jsdoc/jsdoc.js" />
    <property name="npm.works" value="true" />
    <property name="cobertura.dir" value="/home/travis/build/icyphy/ptII/vendors/cobertura-2.0.3" />
    <property name="jsdoc.command.exists" value="true" />
    <property name="env.rvm_path" value="/home/travis/.rvm" />
    <property name="env.GEM_PATH" value="/home/travis/.rvm/gems/ruby-2.5.3:/home/travis/.rvm/gems/ruby-2.5.3@global" />
    <property name="env.LC_CTYPE" value="en_US.UTF-8" />
    <property name="env.TRAVIS_CMD" value="$PTII/bin/ptIITravisBuild.sh $SECONDS" />
    <property name="java.awt.printerjob" value="sun.print.PSPrinterJob" />
    <property name="env.TRAVIS_STACK_NAME" value="sardonyx" />
    <property name="env.TRAVIS_TIMER_START_TIME" value="1571377986865142629" />
    <property name="ant.version" value="Apache Ant(TM) version 1.10.1 compiled on February 2 2017" />
    <property name="ptII.reports" value="/home/travis/build/icyphy/ptII/reports" />
    <property name="env.TRAVIS_STACK_TIMESTAMP" value="2019-03-25 16:16:56 UTC" />
    <property name="ant.file.type.ptII" value="file" />
    <property name="env.RBENV_SHELL" value="bash" />
    <property name="os.name" value="Linux" />
    <property name="java.specification.vendor" value="Oracle Corporation" />
    <property name="env.rvm_version" value="1.29.7 (latest)" />
    <property name="env.TRAVIS_INFRA" value="unknown" />
    <property name="env.TERM" value="xterm" />
    <property name="java.vm.name" value="OpenJDK 64-Bit Server VM" />
    <property name="env.TRAVIS_BUILD_NUMBER" value="1367" />
    <property name="env.CI" value="true" />
    <property name="java.library.path" value="/home/travis/pthla/certi-tools/lib:/usr/lib/jni:/usr/local/share/OpenCV/java/:/usr/share/OpenCV/java::/usr/java/packages/lib:/usr/lib64:/lib64:/lib:/usr/lib" />
    <property name="jdk.module.path" value="/home/travis/build/icyphy/ptII/vendors/javafx/javafx-sdk-11.0.2/lib:" />
    <property name="env.rvm_prefix" value="/home/travis" />
    <property name="env.PATH" value="/home/travis/pthla/certi-tools/share/scripts:/home/travis/.rvm/gems/ruby-2.5.3/bin:/home/travis/.rvm/gems/ruby-2.5.3@global/bin:/home/travis/.rvm/rubies/ruby-2.5.3/bin:/home/travis/.rvm/bin:/home/travis/.nvm/versions/node/v7.10.1/bin:./node_modules/.bin:/home/travis/build/icyphy/ptII/bin:/home/travis/pthla/certi-tools/bin:/home/travis/bin:/home/travis/.local/bin:/usr/local/lib/jvm/openjdk11/bin:/opt/pyenv/shims:/home/travis/.phpenv/shims:/home/travis/perl5/perlbrew/bin:/home/travis/gopath/bin:/home/travis/.gimme/versions/go1.11.1.linux.amd64/bin:/usr/local/maven-3.6.0/bin:/usr/local/cmake-3.12.4/bin:/usr/local/clang-7.0.0/bin:/usr/local/sbin:/usr/local/bin:/usr/sbin:/usr/bin:/sbin:/bin:/snap/bin:/home/travis/.phpenv/bin:/opt/pyenv/bin:/home/travis/.yarn/bin" />
    <property name="env.TRAVIS_OS_NAME" value="linux" />
    <property name="ant.java.version" value="9" />
    <property name="basedir" value="/home/travis/build/icyphy/ptII" />
    <property name="java.class.version" value="55.0" />
    <property name="env.SHLVL" value="3" />
    <property name="env.LD_LIBRARY_PATH" value="/home/travis/pthla/certi-tools/lib:/usr/lib/jni:/usr/local/share/OpenCV/java/:/usr/share/OpenCV/java:" />
    <property name="env.RACK_ENV" value="test" />
    <property name="ant.home" value="/home/travis/build/icyphy/ptII/ant" />
    <property name="env.NVM_DIR" value="/home/travis/.nvm" />
    <property name="env.CERTI_FOM_PATH" value="/home/travis/pthla/certi-tools/share/federations" />
    <property name="env.TRAVIS_BUILD_ID" value="599473131" />
    <property name="env.PYENV_ROOT" value="/opt/pyenv" />
    <property name="env.TRAVIS_UID" value="2000" />
    <property name="prism.verbose" value="true" />
    <property name="env.NVM_BIN" value="/home/travis/.nvm/versions/node/v7.10.1/bin" />
    <property name="env.TRAVIS_COMMIT" value="948bf656f66248ff65af09b7e6cc9885ef1f544d" />
    <property name="env._system_arch" value="x86_64" />
    <property name="node.executable" value="node" />
    <property name="sun.boot.library.path" value="/usr/local/lib/jvm/openjdk11/lib" />
    <property name="sun.management.compiler" value="HotSpot 64-Bit Tiered Compilers" />
    <property name="java.awt.graphicsenv" value="sun.awt.X11GraphicsEnvironment" />
    <property name="env.GOPATH" value="/home/travis/gopath" />
    <property name="ptolemy.ptII.dir" value="/home/travis/build/icyphy/ptII" />
    <property name="env.USER" value="travis" />
    <property name="env.HISTFILESIZE" value="2000" />
    <property name="timeout.longest" value="19000000" />
    <property name="env.PERLBREW_SHELLRC_VERSION" value="0.86" />
    <property name="env.TRAVIS_STACK_FEATURES" value="basic couchdb disabled-ipv6 docker docker-compose elasticsearch firefox go-toolchain google-chrome jdk memcached mongodb mysql nodejs_interpreter perl_interpreter perlbrew phantomjs postgresql python_interpreter redis ruby_interpreter sqlite xserver" />
    <property name="env.TRAVIS_PULL_REQUEST" value="false" />
    <property name="env.PYENV_SHELL" value="bash" />
    <property name="ant.project.name" value="ptII" />
    <property name="env.ANSI_RESET" value="\033[0m" />
    <property name="java.vm.specification.version" value="11" />
    <property name="env.TRAVIS_DIST" value="xenial" />
    <property name="env.CERTI_VERSION" value="4.0.0" />
    <property name="env.CERTI_HOST" value="localhost" />
    <property name="awt.toolkit" value="sun.awt.X11.XToolkit" />
    <property name="env.MY_RUBY_HOME" value="/home/travis/.rvm/rubies/ruby-2.5.3" />
    <property name="sun.cpu.isalist" value="" />
    <property name="env.TRAVIS_TMPDIR" value="/tmp/tmp.QurP0rFQbL" />
    <property name="java.vm.compressedOopsMode" value="Zero based" />
    <property name="os.version" value="4.15.0-1028-gcp" />
    <property name="user.home" value="/home/travis" />
    <property name="java.vm.vendor" value="Oracle Corporation" />
    <property name="env.TRAVIS_TAG" value="nightly" />
    <property name="env.ANSI_YELLOW" value="\033[33;1m" />
    <property name="env.TRAVIS_FILTERED" value="redirect_io" />
    <property name="env.ANSI_GREEN" value="\033[32;1m" />
    <property name="env.JAVA_HOME" value="/usr/local/lib/jvm/openjdk11" />
    <property name="javadoc.excludepackagenames" value="adm.cvs2svn.*,build.*,config.*,doc.coding.templates.*,jni.test.jni.meaningOfLife.*,jni.test.jni.testDeux.*,jni.test.jni.testTrois.*,org.terraswarm.accessor.accessors.web.node_modules.*,org.terraswarm.accessor.accessors.web.hosts.cordova.demo.*,org.terraswarm.accessor.accessors.web.hosts.cordova.plugins.*,org.terraswarm.accessor.accessors-svn.*,pt-modules.*,ptolemy.apps.agilent.*,ptolemy.apps.anytimecontrol.*,ptolemy.apps.apes.*,ptolemy.apps.charon.*,ptolemy.apps.crazyboard.*,ptolemy.apps.eclipse.*,ptolemy.apps.etherealSting.*,ptolemy.apps.fullscreen.*,ptolemy.apps.giotto.*,ptolemy.apps.ia.*,ptolemy.apps.interfaces.*,ptolemy.apps.jmf.*,ptolemy.apps.kurt.*,ptolemy.apps.kvm.*,ptolemy.apps.lego.*,ptolemy.apps.lejos.*,ptolemy.apps.midp.*,ptolemy.apps.mobileCoding.*,ptolemy.apps.pendulum.*,ptolemy.apps.rijndael.*,ptolemy.apps.robot.*,ptolemy.apps.security.*,ptolemy.apps.sobel.*,ptolemy.apps.soot.*,ptolemy.apps.throttle.*,ptolemy.apps.tini.*,ptolemy.apps.transmission.*,ptolemy.apps.vergil.*,ptolemy.apps.waba.*,ptolemy.apps.websensor.*,ptolemy.apps.webstart.*,ptolemy.apps.xsl.*,ptolemy.apps.zaurus.*,ptolemy.codegen.c.actor.lib.oldJavaFiles.*,ptolemy.codegen.dsp.lib.*,ptolemy.codegen.kernel.newInterfaces.*,ptolemy.codegen.lib.*,ptolemy.copernicus.kernel.fragment.*,ptolemy.copernicus.shallow.cg.*,ptolemy.domains.giotto.demo.Hierarchy.Hierarchy.*,ptolemy.domains.giotto.demo.Multimode.Multimode.*,ptolemy.domains.giotto.demo.Simple.Simple.*,ptolemy.domains.gr.lib.experimental.*,ptolemy.domains.gro.*,ptolemy.domains.pdf.*,ptolemy.domains.ptinyos.demo.Surge.output.*,ptolemy.moml.test.NoPackageActor.java*,ptolemy.plot.adm.*,ptolemy.plot.servlet.*,reports.*,signed.*,src.*,target.*,vendors.*,ptolemy.copernicus.applet.*,ptolemy.media.viewer.*,ptolemy.actor.corba.*,doc.doclets.*,ptolemy.apps.eclipse.awt.*,ptolemy.backtrack.*,ptolemy.backtrack.ast.*,ptolemy.cg.adapter.generic.program.procedural.c.mbed*,ptolemy.homer.*,ptolemy.actor.lib.jai.*,org.ptolemy.scala.*,diva.util.java2d.svg.*,ptolemy.domains.ptinyos.*,ptolemy.actor.lib.fmi.fmipp.*,,org.terraswarm.accessor.accessors.web.node_modules.*,org.terraswarm.accessor.accessors-svn,ptolemy.apps.*,ptolemy.actor.ptalon.demo.ptinyos.SendAndReceiveCnt.output,ptolemy.actor.ptalon.demo.ptinyos.SenseToLeds.output,ptolemy.domains.ptinyos.demo.CntToLedsAndRfm.output,ptolemy.domains.ptinyos.demo.RfmToLeds.output,ptolemy.domains.ptinyos.demo.SendAndReceiveCnt.output,ptolemy.domains.ptinyos.demo.SenseToLeds.output,ptolemy.actor.lib.jjs.modules.udpSocket.*" />
    <property name="env.PTII" value="/home/travis/build/icyphy/ptII" />
    <property name="env.XDG_SESSION_ID" value="2" />
    <property name="keystore" value="ptKeystore" />
    <property name="env.TRAVIS_COMMIT_MESSAGE" value="Updating org.hlacerti.models.StaticMultiInstanceJoker." />
    <property name="junit.output.dir" value="/home/travis/build/icyphy/ptII/reports/junit" />
    <property name="npm.return.code" value="0" />
    <property name="user.dir" value="/home/travis/build/icyphy/ptII/ptolemy/domains/de/test" />
    <property name="env.TRAVIS_NODE_VERSION" value="7" />
    <property name="env.TRAVIS_EVENT_TYPE" value="cron" />
    <property name="env.MAIL" value="/var/mail/travis" />
    <property name="env.PERLBREW_ROOT" value="/home/travis/perl5/perlbrew" />
    <property name="env.PWD" value="/home/travis/build/icyphy/ptII" />
    <property name="timeout.npm" value="45000" />
    <property name="env.PT_TRAVIS_TEST_CORE2_XML" value="true" />
    <property name="env.TRAVIS_ARCH" value="amd64" />
    <property name="sun.cpu.endian" value="little" />
    <property name="env.PAGER" value="cat" />
    <property name="env.TRAVIS_BUILD_STAGE_NAME" value="Test" />
    <property name="env.PERLBREW_HOME" value="/home/travis/.perlbrew" />
    <property name="java.vm.version" value="11.0.2+9" />
    <property name="env.RAILS_ENV" value="test" />
    <property name="java.class.path" value="/home/travis/build/icyphy/ptII:/home/travis/build/icyphy/ptII/lib/bsh-2.0b4.jar:/home/travis/build/icyphy/ptII/lib/ptCal.jar:/home/travis/build/icyphy/ptII/lib/java_cup.jar:/home/travis/build/icyphy/ptII/lib/saxon8.jar:/home/travis/build/icyphy/ptII/lib/saxon8-dom.jar:/home/travis/build/icyphy/ptII/lib/chic.jar:/home/travis/build/icyphy/ptII/lib/ptcolt.jar:/home/travis/build/icyphy/ptII/vendors/misc/itext/iText.jar:/home/travis/build/icyphy/ptII/lib/g4ltl.jar:/home/travis/build/icyphy/ptII/lib/StructuralCoder.jar:/home/travis/build/icyphy/ptII/lib/jcerti.jar:/home/travis/build/icyphy/ptII/lib/javax.mail.jar:/home/travis/build/icyphy/ptII/vendors/JMF-2.1.1e/lib/jmf.jar:/home/travis/build/icyphy/ptII/lib/jna-4.0.0-variadic.jar:/home/travis/build/icyphy/ptII/vendors/misc/joystick/Joystick.jar:/home/travis/build/icyphy/ptII/lib/ptjacl.jar:/home/travis/build/icyphy/ptII/lib/jsoup-1.8.2.jar:/home/travis/build/icyphy/ptII/lib/junit-4.8.2.jar:/home/travis/build/icyphy/ptII/lib/JUnitParams-0.4.0.jar:/home/travis/build/icyphy/ptII/ptolemy/actor/lib/excel/jxl.jar:/home/travis/build/icyphy/ptII/lib/jython.jar:/home/travis/build/icyphy/ptII/lib/kieler.jar:/home/travis/build/icyphy/ptII/vendors/opencv/share/OpenCV/java/opencv-341.jar:/home/travis/build/icyphy/ptII/lib/oscP5.jar:/home/travis/build/icyphy/ptII/lib/nrjavaserial-3.11.0.devel.jar:/home/travis/build/icyphy/ptII/vendors/j3d/lib/Linux/j3dcore.jar:/home/travis/build/icyphy/ptII/vendors/j3d/lib/Linux/j3dutils.jar:/home/travis/build/icyphy/ptII/vendors/j3d/lib/Linux/vecmath.jar:/home/travis/build/icyphy/ptII/vendors/jogl/lib/Linux/gluegen-rt-natives-linux-amd64.jar:/home/travis/build/icyphy/ptII/vendors/jogl/lib/Linux/gluegen-rt.jar:/home/travis/build/icyphy/ptII/vendors/jogl/lib/Linux/jogl-all-natives-linux-amd64.jar:/home/travis/build/icyphy/ptII/vendors/jogl/lib/Linux/jogl-all.jar:/home/travis/build/icyphy/ptII/ptolemy/distributed/jini/jar/jini-core.jar:/home/travis/build/icyphy/ptII/ptolemy/distributed/jini/jar/jini-ext.jar:/home/travis/build/icyphy/ptII/ptolemy/distributed/jini/jar/sun-util.jar:/home/travis/build/icyphy/ptII/lib/protobuf-java-2.4.1.jar:/home/travis/build/icyphy/ptII/lib/org.eclipse.paho.client.mqttv3.jar:/home/travis/build/icyphy/ptII/lib/mapss.jar:/home/travis/build/icyphy/ptII/ptolemy/actor/ptalon/antlr/antlr.jar:/home/travis/build/icyphy/ptII/lib/JRI.jar:/home/travis/build/icyphy/ptII/lib/commons-lang-2.6.jar:/home/travis/build/icyphy/ptII/lib/commons-logging-1.1.1.jar:/home/travis/build/icyphy/ptII/lib/sootclasses.jar:/home/travis/build/icyphy/ptII/ptolemy/actor/lib/database/mysql-connector-java-5.1.6-bin.jar:/home/travis/build/icyphy/ptII/vendors/misc/sphinx4/sphinx4-data-5prealpha.jar:/home/travis/build/icyphy/ptII/vendors/misc/sphinx4/sphinx4-core-5prealpha.jar:/home/travis/build/icyphy/ptII/lib/PDFRenderer.jar:/home/travis/build/icyphy/ptII/lib/svgSalamander.jar:/home/travis/build/icyphy/ptII/lib/rsyntaxtextarea-2.6.0-SNAPSHOT.jar:/home/travis/build/icyphy/ptII/lib/hazelcast-3.8.2.jar:/home/travis/build/icyphy/ptII/lib/jackson-annotations-2.9.0.jar:/home/travis/build/icyphy/ptII/lib/jackson-core-2.9.3.jar:/home/travis/build/icyphy/ptII/lib/jackson-databind-2.9.3.jar:/home/travis/build/icyphy/ptII/lib/netty-buffer-4.1.19.Final.jar:/home/travis/build/icyphy/ptII/lib/netty-codec-4.1.19.Final.jar:/home/travis/build/icyphy/ptII/lib/netty-codec-dns-4.1.19.Final.jar:/home/travis/build/icyphy/ptII/lib/netty-codec-http-4.1.19.Final.jar:/home/travis/build/icyphy/ptII/lib/netty-codec-http2-4.1.19.Final.jar:/home/travis/build/icyphy/ptII/lib/netty-common-4.1.19.Final.jar:/home/travis/build/icyphy/ptII/lib/netty-handler-4.1.19.Final.jar:/home/travis/build/icyphy/ptII/lib/netty-resolver-4.1.19.Final.jar:/home/travis/build/icyphy/ptII/lib/netty-resolver-dns-4.1.19.Final.jar:/home/travis/build/icyphy/ptII/lib/netty-transport-4.1.19.Final.jar:/home/travis/build/icyphy/ptII/lib/vertx-codegen-3.5.1.jar:/home/travis/build/icyphy/ptII/lib/vertx-core-3.5.2-SNAPSHOT.jar:/home/travis/build/icyphy/ptII/lib/vertx-hazelcast-3.5.1.jar:/home/travis/build/icyphy/ptII/lib/vertx-lang-js-3.5.1.jar:/home/travis/build/icyphy/ptII/lib/vertx-service-proxy-3.5.1.jar:/home/travis/build/icyphy/ptII/lib/vertx-web-3.5.1.jar:/home/travis/build/icyphy/ptII/lib/slf4j-api-1.7.13.jar:/home/travis/build/icyphy/ptII/lib/slf4j-simple-1.7.13.jar:/home/travis/build/icyphy/ptII/lib/webcam-capture-0.3.12.jar:/home/travis/build/icyphy/ptII/lib/bridj-0.7.0.jar:/home/travis/build/icyphy/ptII/lib/xbjlib-1.1.0.nrjavaserial.jar:/home/travis/build/icyphy/ptII/ptolemy/moml/test:/home/travis/build/icyphy/ptII/ant/lib/ant-launcher.jar:/home/travis/build/icyphy/ptII/ant/lib/ant.jar:/home/travis/build/icyphy/ptII/ant/lib/ant-junit.jar:/home/travis/build/icyphy/ptII/ant/lib/ant-junit4.jar" />
    <property name="ant.library.dir" value="/home/travis/build/icyphy/ptII/ant/lib" />
    <property name="os.arch" value="amd64" />
    <property name="env.CONTINUOUS_INTEGRATION" value="true" />
    <property name="env.TRAVIS_LANGUAGE" value="node_js" />
    <property name="env.TRAVIS_STACK_LANGUAGES" value="__sardonyx__ c c++ clojure cplusplus cpp default generic go groovy java node_js php pure_java python ruby scala" />
    <property name="test.name" value="ptolemy.actor.lib.test.junit.JUnitTclTest" />
    <property name="env.APT_KEY_DONT_WARN_ON_DANGEROUS_USAGE" value="1" />
    <property name="sun.java.launcher" value="SUN_STANDARD" />
    <property name="env.PYTHON_CONFIGURE_OPTS" value="--enable-unicode=ucs4 --with-wide-unicode --enable-shared --enable-ipv6 --enable-loadable-sqlite-extensions --with-computed-gotos" />
    <property name="ant.core.lib" value="/home/travis/build/icyphy/ptII/ant/lib/ant.jar" />
    <property name="java.vm.specification.vendor" value="Oracle Corporation" />
    <property name="env.BCVTB_HOME" value="/home/travis/build/icyphy/ptII/lbnl" />
    <property name="file.separator" value="/" />
    <property name="spotbugs.home" value="/home/travis/build/icyphy/ptII/vendors/spotbugs-3.1.1" />
    <property name="java.runtime.version" value="11.0.2+9" />
    <property name="env.ANSI_CLEAR" value="\033[0K" />
    <property name="javafx.verbose" value="true" />
    <property name="env.HAS_JOSH_K_SEAL_OF_APPROVAL" value="true" />
    <property name="env.XDG_RUNTIME_DIR" value="/run/user/2000" />
    <property name="env.TRAVIS_OSX_IMAGE" value="" />
    <property name="env.TRAVIS_JOB_ID" value="599473140" />
    <property name="env.TRAVIS_BRANCH" value="master" />
    <property name="user.country" value="US" />
    <property name="env.CERTI_HOME_TRAVIS" value="/home/travis/pthla/certi-tools" />
    <property name="env.SHELL" value="/bin/bash" />
    <property name="java.maxmemory.large" value="3200m" />
    <property name="model" value="" />
    <property name="env.CASHER_DIR" value="/home/travis/.casher" />
    <property name="env.NVM_CD_FLAGS" value="" />
    <property name="java.vendor.version" value="18.9" />
    <property name="jshint.executable" value="/home/travis/node_modules/jshint/bin/jshint" />
    <property name="env.JRUBY_OPTS" value=" --client -J-XX:+TieredCompilation -J-XX:TieredStopAtLevel=1 -J-Xss2m -Xcompile.invokedynamic=false" />
    <property name="java.vendor" value="Oracle Corporation" />
    <property name="env.TRAVIS_PRE_CHEF_BOOTSTRAP_TIME" value="2019-03-25T16:16:42" />
    <property name="env.TRAVIS_STACK_JOB_BOARD_REGISTER" value="/.job-board-register.yml" />
    <property name="env.ANSI_RED" value="\033[31;1m" />
    <property name="java.specification.version" value="11" />
    <property name="env.IRBRC" value="/home/travis/.rvm/rubies/ruby-2.5.3/.irbrc" />
    <property name="env.TRAVIS" value="true" />
    <property name="sun.arch.data.model" value="64" />
  </properties>
  <testcase classname="ptolemy.util.test.junit.TclTests" name="[0] /home/travis/build/icyphy/ptII/ptolemy/domains/de/test/DependencyLoop.tcl (RunTclFile)" time="1.205" />
  <testcase classname="ptolemy.util.test.junit.TclTests" name="[1] /home/travis/build/icyphy/ptII/ptolemy/domains/de/test/RunDETestsAsQSS.tcl (RunTclFile)" time="93.281" />
  <testcase classname="ptolemy.util.test.junit.AutoKnownFailedTests" name="[0] /home/travis/build/icyphy/ptII/ptolemy/domains/de/test/auto/knownFailedTests/DESDFClockTest.xml (RunModel)" time="2.088" />
  <testcase classname="ptolemy.util.test.junit.AutoKnownFailedTests" name="[1] /home/travis/build/icyphy/ptII/ptolemy/domains/de/test/auto/knownFailedTests/DirectFeedback.xml (RunModel)" time="0.014" />
  <testcase classname="ptolemy.util.test.junit.AutoKnownFailedTests" name="[2] /home/travis/build/icyphy/ptII/ptolemy/domains/de/test/auto/knownFailedTests/FSMSource.xml (RunModel)" time="0.033" />
  <testcase classname="ptolemy.util.test.junit.AutoKnownFailedTests" name="[3] /home/travis/build/icyphy/ptII/ptolemy/domains/de/test/auto/knownFailedTests/HierarchicalModel.xml (RunModel)" time="0.056" />
  <testcase classname="ptolemy.util.test.junit.AutoKnownFailedTests" name="[4] /home/travis/build/icyphy/ptII/ptolemy/domains/de/test/auto/knownFailedTests/dependencyLoop.xml (RunModel)" time="0.055" />
  <testcase classname="ptolemy.util.test.junit.AutoKnownFailedTests" name="[5] /home/travis/build/icyphy/ptII/ptolemy/domains/de/test/auto/knownFailedTests/dependencyLoop2.xml (RunModel)" time="0.05" />
  <testcase classname="ptolemy.util.test.junit.AutoNameArchTests" name="[0] ThereAreNoAutoArchTests (RunModel)" time="0.001" />
  <testcase classname="ptolemy.util.test.junit.AutoTests" name="[0] /home/travis/build/icyphy/ptII/ptolemy/domains/de/test/auto/ActorDepthCalculation_actorWithoutPorts.xml (RunModel)" time="0.016" />
  <testcase classname="ptolemy.util.test.junit.AutoTests" name="[1] /home/travis/build/icyphy/ptII/ptolemy/domains/de/test/auto/AssemblyLine.xml (RunModel)" time="0.026" />
  <testcase classname="ptolemy.util.test.junit.AutoTests" name="[2] /home/travis/build/icyphy/ptII/ptolemy/domains/de/test/auto/CQBug1.xml (RunModel)" time="0.013" />
  <testcase classname="ptolemy.util.test.junit.AutoTests" name="[3] /home/travis/build/icyphy/ptII/ptolemy/domains/de/test/auto/CancelFireAt.xml (RunModel)" time="0.015" />
  <testcase classname="ptolemy.util.test.junit.AutoTests" name="[4] /home/travis/build/icyphy/ptII/ptolemy/domains/de/test/auto/CausalityAndComposabilityAnalysis.xml (RunModel)" time="0.022" />
  <testcase classname="ptolemy.util.test.junit.AutoTests" name="[5] /home/travis/build/icyphy/ptII/ptolemy/domains/de/test/auto/CausalityInterface1.xml (RunModel)" time="0.023" />
  <testcase classname="ptolemy.util.test.junit.AutoTests" name="[6] /home/travis/build/icyphy/ptII/ptolemy/domains/de/test/auto/CausalityInterface15.xml (RunModel)" time="0.019" />
  <testcase classname="ptolemy.util.test.junit.AutoTests" name="[7] /home/travis/build/icyphy/ptII/ptolemy/domains/de/test/auto/CausalityInterface2.xml (RunModel)" time="0.019" />
  <testcase classname="ptolemy.util.test.junit.AutoTests" name="[8] /home/travis/build/icyphy/ptII/ptolemy/domains/de/test/auto/CausalityInterface3.xml (RunModel)" time="0.018" />
  <testcase classname="ptolemy.util.test.junit.AutoTests" name="[9] /home/travis/build/icyphy/ptII/ptolemy/domains/de/test/auto/ClockDrift.xml (RunModel)" time="0.042" />
  <testcase classname="ptolemy.util.test.junit.AutoTests" name="[10] /home/travis/build/icyphy/ptII/ptolemy/domains/de/test/auto/ClockDriftAndValueChange.xml (RunModel)" time="0.041" />
  <testcase classname="ptolemy.util.test.junit.AutoTests" name="[11] /home/travis/build/icyphy/ptII/ptolemy/domains/de/test/auto/ClockDriftChange.xml (RunModel)" time="0.039" />
  <testcase classname="ptolemy.util.test.junit.AutoTests" name="[12] /home/travis/build/icyphy/ptII/ptolemy/domains/de/test/auto/ComposableCausalityAnalysis.xml (RunModel)" time="0.023" />
  <testcase classname="ptolemy.util.test.junit.AutoTests" name="[13] /home/travis/build/icyphy/ptII/ptolemy/domains/de/test/auto/DEFixedPointLimitation.xml (RunModel)" time="0.018" />
  <testcase classname="ptolemy.util.test.junit.AutoTests" name="[14] /home/travis/build/icyphy/ptII/ptolemy/domains/de/test/auto/DEScheduleTest.xml (RunModel)" time="0.016" />
  <testcase classname="ptolemy.util.test.junit.AutoTests" name="[15] /home/travis/build/icyphy/ptII/ptolemy/domains/de/test/auto/DEinDEwithStartTimes.xml (RunModel)" time="0.021" />
  <testcase classname="ptolemy.util.test.junit.AutoTests" name="[16] /home/travis/build/icyphy/ptII/ptolemy/domains/de/test/auto/DEinDEwithStartTimes2.xml (RunModel)" time="0.019" />
  <testcase classname="ptolemy.util.test.junit.AutoTests" name="[17] /home/travis/build/icyphy/ptII/ptolemy/domains/de/test/auto/DateDemo.xml (RunModel)" time="0.041" />
  <testcase classname="ptolemy.util.test.junit.AutoTests" name="[18] /home/travis/build/icyphy/ptII/ptolemy/domains/de/test/auto/DateToEvent.xml (RunModel)" time="2.045" />
  <testcase classname="ptolemy.util.test.junit.AutoTests" name="[19] /home/travis/build/icyphy/ptII/ptolemy/domains/de/test/auto/DepthTest1.xml (RunModel)" time="0.014" />
  <testcase classname="ptolemy.util.test.junit.AutoTests" name="[20] /home/travis/build/icyphy/ptII/ptolemy/domains/de/test/auto/DepthTest2.xml (RunModel)" time="0.026" />
  <testcase classname="ptolemy.util.test.junit.AutoTests" name="[21] /home/travis/build/icyphy/ptII/ptolemy/domains/de/test/auto/DepthTest3.xml (RunModel)" time="0.01" />
  <testcase classname="ptolemy.util.test.junit.AutoTests" name="[22] /home/travis/build/icyphy/ptII/ptolemy/domains/de/test/auto/DepthTest4.xml (RunModel)" time="0.029" />
  <testcase classname="ptolemy.util.test.junit.AutoTests" name="[23] /home/travis/build/icyphy/ptII/ptolemy/domains/de/test/auto/DepthTest5.xml (RunModel)" time="0.018" />
  <testcase classname="ptolemy.util.test.junit.AutoTests" name="[24] /home/travis/build/icyphy/ptII/ptolemy/domains/de/test/auto/DepthTest6.xml (RunModel)" time="0.018" />
  <testcase classname="ptolemy.util.test.junit.AutoTests" name="[25] /home/travis/build/icyphy/ptII/ptolemy/domains/de/test/auto/DepthTest7.xml (RunModel)" time="0.016" />
  <testcase classname="ptolemy.util.test.junit.AutoTests" name="[26] /home/travis/build/icyphy/ptII/ptolemy/domains/de/test/auto/EventToDate.xml (RunModel)" time="3.049" />
  <testcase classname="ptolemy.util.test.junit.AutoTests" name="[27] /home/travis/build/icyphy/ptII/ptolemy/domains/de/test/auto/FSM1.xml (RunModel)" time="0.05" />
  <testcase classname="ptolemy.util.test.junit.AutoTests" name="[28] /home/travis/build/icyphy/ptII/ptolemy/domains/de/test/auto/FSM7.xml (RunModel)" time="0.039" />
  <testcase classname="ptolemy.util.test.junit.AutoTests" name="[29] /home/travis/build/icyphy/ptII/ptolemy/domains/de/test/auto/Inspection.xml (RunModel)" time="0.047" />
  <testcase classname="ptolemy.util.test.junit.AutoTests" name="[30] /home/travis/build/icyphy/ptII/ptolemy/domains/de/test/auto/Iteration.xml (RunModel)" time="0.025" />
  <testcase classname="ptolemy.util.test.junit.AutoTests" name="[31] /home/travis/build/icyphy/ptII/ptolemy/domains/de/test/auto/LineFault.xml (RunModel)" time="0.676" />
  <testcase classname="ptolemy.util.test.junit.AutoTests" name="[32] /home/travis/build/icyphy/ptII/ptolemy/domains/de/test/auto/MergeModel1Add.xml (RunModel)" time="0.053" />
  <testcase classname="ptolemy.util.test.junit.AutoTests" name="[33] /home/travis/build/icyphy/ptII/ptolemy/domains/de/test/auto/MergeModel2Add.xml (RunModel)" time="0.041" />
  <testcase classname="ptolemy.util.test.junit.AutoTests" name="[34] /home/travis/build/icyphy/ptII/ptolemy/domains/de/test/auto/MergeModel3Add.xml (RunModel)" time="0.047" />
  <testcase classname="ptolemy.util.test.junit.AutoTests" name="[35] /home/travis/build/icyphy/ptII/ptolemy/domains/de/test/auto/MergeWithoutDiscard.xml (RunModel)" time="0.013" />
  <testcase classname="ptolemy.util.test.junit.AutoTests" name="[36] /home/travis/build/icyphy/ptII/ptolemy/domains/de/test/auto/Modal1.xml (RunModel)" time="0.029" />
  <testcase classname="ptolemy.util.test.junit.AutoTests" name="[37] /home/travis/build/icyphy/ptII/ptolemy/domains/de/test/auto/Modal2.xml (RunModel)" time="0.034" />
  <testcase classname="ptolemy.util.test.junit.AutoTests" name="[38] /home/travis/build/icyphy/ptII/ptolemy/domains/de/test/auto/Modal3.xml (RunModel)" time="0.03" />
  <testcase classname="ptolemy.util.test.junit.AutoTests" name="[39] /home/travis/build/icyphy/ptII/ptolemy/domains/de/test/auto/Modal4.xml (RunModel)" time="0.056" />
  <testcase classname="ptolemy.util.test.junit.AutoTests" name="[40] /home/travis/build/icyphy/ptII/ptolemy/domains/de/test/auto/Modal5.xml (RunModel)" time="0.037" />
  <testcase classname="ptolemy.util.test.junit.AutoTests" name="[41] /home/travis/build/icyphy/ptII/ptolemy/domains/de/test/auto/Modal6.xml (RunModel)" time="0.031" />
  <testcase classname="ptolemy.util.test.junit.AutoTests" name="[42] /home/travis/build/icyphy/ptII/ptolemy/domains/de/test/auto/Modal7.xml (RunModel)" time="0.035" />
  <testcase classname="ptolemy.util.test.junit.AutoTests" name="[43] /home/travis/build/icyphy/ptII/ptolemy/domains/de/test/auto/ModalModel.xml (RunModel)" time="0.194" />
  <testcase classname="ptolemy.util.test.junit.AutoTests" name="[44] /home/travis/build/icyphy/ptII/ptolemy/domains/de/test/auto/ModalSource.xml (RunModel)" time="0.023" />
  <testcase classname="ptolemy.util.test.junit.AutoTests" name="[45] /home/travis/build/icyphy/ptII/ptolemy/domains/de/test/auto/NonInterruptibleTimerZeroDelay.xml (RunModel)" time="0.01" />
  <testcase classname="ptolemy.util.test.junit.AutoTests" name="[46] /home/travis/build/icyphy/ptII/ptolemy/domains/de/test/auto/OpenQueueingNetwork.xml (RunModel)" time="2.463" />
  <testcase classname="ptolemy.util.test.junit.AutoTests" name="[47] /home/travis/build/icyphy/ptII/ptolemy/domains/de/test/auto/OpenQueuingNetwork.xml (RunModel)" time="0.244" />
  <testcase classname="ptolemy.util.test.junit.AutoTests" name="[48] /home/travis/build/icyphy/ptII/ptolemy/domains/de/test/auto/PeriodicSampler.xml (RunModel)" time="0.009" />
  <testcase classname="ptolemy.util.test.junit.AutoTests" name="[49] /home/travis/build/icyphy/ptII/ptolemy/domains/de/test/auto/PersistentIO.xml (RunModel)" time="0.026" />
  <testcase classname="ptolemy.util.test.junit.AutoTests" name="[50] /home/travis/build/icyphy/ptII/ptolemy/domains/de/test/auto/PortParameterResetOnInitialize.xml (RunModel)" time="0.012" />
  <testcase classname="ptolemy.util.test.junit.AutoTests" name="[51] /home/travis/build/icyphy/ptII/ptolemy/domains/de/test/auto/PortParameterUpdates.xml (RunModel)" time="0.015" />
  <testcase classname="ptolemy.util.test.junit.AutoTests" name="[52] /home/travis/build/icyphy/ptII/ptolemy/domains/de/test/auto/QueueAndServer.xml (RunModel)" time="0.024" />
  <testcase classname="ptolemy.util.test.junit.AutoTests" name="[53] /home/travis/build/icyphy/ptII/ptolemy/domains/de/test/auto/Records.xml (RunModel)" time="0.018" />
  <testcase classname="ptolemy.util.test.junit.AutoTests" name="[54] /home/travis/build/icyphy/ptII/ptolemy/domains/de/test/auto/ResetTransitionWithStartTime1.xml (RunModel)" time="0.021" />
  <testcase classname="ptolemy.util.test.junit.AutoTests" name="[55] /home/travis/build/icyphy/ptII/ptolemy/domains/de/test/auto/ResetTransitionWithStartTime2.xml (RunModel)" time="0.021" />
  <testcase classname="ptolemy.util.test.junit.AutoTests" name="[56] /home/travis/build/icyphy/ptII/ptolemy/domains/de/test/auto/ResetTransitionWithStartTime3.xml (RunModel)" time="0.021" />
  <testcase classname="ptolemy.util.test.junit.AutoTests" name="[57] /home/travis/build/icyphy/ptII/ptolemy/domains/de/test/auto/ResetTransitionWithStartTime4.xml (RunModel)" time="0.024" />
  <testcase classname="ptolemy.util.test.junit.AutoTests" name="[58] /home/travis/build/icyphy/ptII/ptolemy/domains/de/test/auto/ResettableTimer1.xml (RunModel)" time="0.016" />
  <testcase classname="ptolemy.util.test.junit.AutoTests" name="[59] /home/travis/build/icyphy/ptII/ptolemy/domains/de/test/auto/ResettableTimer2.xml (RunModel)" time="0.017" />
  <testcase classname="ptolemy.util.test.junit.AutoTests" name="[60] /home/travis/build/icyphy/ptII/ptolemy/domains/de/test/auto/ResettableTimer3.xml (RunModel)" time="0.019" />
  <testcase classname="ptolemy.util.test.junit.AutoTests" name="[61] /home/travis/build/icyphy/ptII/ptolemy/domains/de/test/auto/ResettableTimer4.xml (RunModel)" time="0.015" />
  <testcase classname="ptolemy.util.test.junit.AutoTests" name="[62] /home/travis/build/icyphy/ptII/ptolemy/domains/de/test/auto/ResettableTimer5.xml (RunModel)" time="0.013" />
  <testcase classname="ptolemy.util.test.junit.AutoTests" name="[63] /home/travis/build/icyphy/ptII/ptolemy/domains/de/test/auto/ResettableTimer6.xml (RunModel)" time="0.02" />
  <testcase classname="ptolemy.util.test.junit.AutoTests" name="[64] /home/travis/build/icyphy/ptII/ptolemy/domains/de/test/auto/ServerZeroDelay.xml (RunModel)" time="0.009" />
  <testcase classname="ptolemy.util.test.junit.AutoTests" name="[65] /home/travis/build/icyphy/ptII/ptolemy/domains/de/test/auto/SmartSender.xml (RunModel)" time="3.008" />
  <testcase classname="ptolemy.util.test.junit.AutoTests" name="[66] /home/travis/build/icyphy/ptII/ptolemy/domains/de/test/auto/ThreadedComposite.xml (RunModel)" time="0.123" />
  <testcase classname="ptolemy.util.test.junit.AutoTests" name="[67] /home/travis/build/icyphy/ptII/ptolemy/domains/de/test/auto/Time.xml (RunModel)" time="0.426" />
  <testcase classname="ptolemy.util.test.junit.AutoTests" name="[68] /home/travis/build/icyphy/ptII/ptolemy/domains/de/test/auto/TimeDelayZeroDelay.xml (RunModel)" time="0.01" />
  <testcase classname="ptolemy.util.test.junit.AutoTests" name="[69] /home/travis/build/icyphy/ptII/ptolemy/domains/de/test/auto/TimerZeroDelay.xml (RunModel)" time="0.014" />
  <testcase classname="ptolemy.util.test.junit.AutoTests" name="[70] /home/travis/build/icyphy/ptII/ptolemy/domains/de/test/auto/TimingParadox.xml (RunModel)" time="0.415" />
  <testcase classname="ptolemy.util.test.junit.AutoTests" name="[71] /home/travis/build/icyphy/ptII/ptolemy/domains/de/test/auto/TransferInputs.xml (RunModel)" time="0.019" />
  <testcase classname="ptolemy.util.test.junit.AutoTests" name="[72] /home/travis/build/icyphy/ptII/ptolemy/domains/de/test/auto/TransferOutputs2.xml (RunModel)" time="0.018" />
  <testcase classname="ptolemy.util.test.junit.AutoTests" name="[73] /home/travis/build/icyphy/ptII/ptolemy/domains/de/test/auto/Trilateration.xml (RunModel)" time="13.923" />
  <testcase classname="ptolemy.util.test.junit.AutoTests" name="[74] /home/travis/build/icyphy/ptII/ptolemy/domains/de/test/auto/TwoSigmaDelta.xml (RunModel)" time="2.397" />
  <testcase classname="ptolemy.util.test.junit.AutoTests" name="[75] /home/travis/build/icyphy/ptII/ptolemy/domains/de/test/auto/VariableDelay.xml (RunModel)" time="0.035" />
  <testcase classname="ptolemy.util.test.junit.AutoTests" name="[76] /home/travis/build/icyphy/ptII/ptolemy/domains/de/test/auto/VariableDelay2.xml (RunModel)" time="0.014" />
  <testcase classname="ptolemy.util.test.junit.AutoTests" name="[77] /home/travis/build/icyphy/ptII/ptolemy/domains/de/test/auto/VariableDelayZeroDelay.xml (RunModel)" time="0.017" />
  <testcase classname="ptolemy.util.test.junit.AutoTests" name="[78] /home/travis/build/icyphy/ptII/ptolemy/domains/de/test/auto/VariableDelayZeroDelay2.xml (RunModel)" time="0.01" />
  <testcase classname="ptolemy.util.test.junit.AutoTests" name="[79] /home/travis/build/icyphy/ptII/ptolemy/domains/de/test/auto/deInCt.xml (RunModel)" time="0.017" />
  <testcase classname="ptolemy.util.test.junit.AutoTests" name="[80] /home/travis/build/icyphy/ptII/ptolemy/domains/de/test/auto/deInCt2.xml (RunModel)" time="0.017" />
  <testcase classname="ptolemy.util.test.junit.AutoTests" name="[81] /home/travis/build/icyphy/ptII/ptolemy/domains/de/test/auto/dynamicCausalityInterface1.xml (RunModel)" time="0.018" />
  <testcase classname="ptolemy.util.test.junit.AutoTests" name="[82] /home/travis/build/icyphy/ptII/ptolemy/domains/de/test/auto/fsm_de_test.xml (RunModel)" time="0.027" />
  <testcase classname="ptolemy.util.test.junit.AutoTests" name="[83] /home/travis/build/icyphy/ptII/ptolemy/domains/de/test/auto/functionDependencyReconstruction.xml (RunModel)" time="0.039" />
  <testcase classname="ptolemy.util.test.junit.AutoTests" name="[84] /home/travis/build/icyphy/ptII/ptolemy/domains/de/test/auto/multirate.xml (RunModel)" time="0.022" />
  <testcase classname="ptolemy.util.test.junit.AutoTests" name="[85] /home/travis/build/icyphy/ptII/ptolemy/domains/de/test/auto/multirate2.xml (RunModel)" time="0.02" />
  <testcase classname="ptolemy.util.test.junit.AutoTests" name="[86] /home/travis/build/icyphy/ptII/ptolemy/domains/de/test/auto/realtime.xml (RunModel)" time="10.017" />
  <testcase classname="ptolemy.util.test.junit.AutoTests" name="[87] /home/travis/build/icyphy/ptII/ptolemy/domains/de/test/auto/relationGroup.xml (RunModel)" time="0.014" />
  <testcase classname="ptolemy.util.test.junit.AutoTests" name="[88] /home/travis/build/icyphy/ptII/ptolemy/domains/de/test/auto/relationGroup2.xml (RunModel)" time="0.006" />
  <testcase classname="ptolemy.util.test.junit.AutoTests" name="[89] /home/travis/build/icyphy/ptII/ptolemy/domains/de/test/auto/sortWithOpaquePorts.xml (RunModel)" time="0.014" />
  <testcase classname="ptolemy.util.test.junit.AutoTests" name="[90] /home/travis/build/icyphy/ptII/ptolemy/domains/de/test/auto/transferInputsandOutputs.xml (RunModel)" time="0.023" />
  <testcase classname="ptolemy.util.test.junit.AutoTests" name="[91] /home/travis/build/icyphy/ptII/ptolemy/domains/de/test/auto/triggerType.xml (RunModel)" time="0.017" />
  <system-out><![CDATA[/home/travis/build/icyphy/ptII/ptolemy/domains/de/test/DependencyLoop.tcl
testDefs.tcl: setting time out to 9000 seconds at Fri Oct 18 05:57:23 UTC 2019
92 ms. Memory: 120832K Free: 72130K (60%)
26 ms. Memory: 120832K Free: 54707K (45%)
/home/travis/build/icyphy/ptII/ptolemy/domains/de/test/RunDETestsAsQSS.tcl
Run the DE tests using ptolemy.domains.qss.test.QSSDirectorTest, which extends QSSDirector and prints a message in the constructors.
------------------ testing $PTII/ptolemy/domains/de/test/auto/knownFailedTests/DirectFeedback.xml (Known Failure) 
51 ms. Memory: 120832K Free: 48578K (40%)


==== $PTIIhome/travis/build/icyphy/ptII/ptolemy/domains/de/test/../../../../: Auto Automatic test in file $PTII/ptolemy/domains/de/test/auto/knownFailedTests/DirectFeedback.xml
==== Contents of test case:

	    # FIXME: we should use $relativeFilename here, but it
	    # might have backslashes under Windows, which causes no end
	    # of trouble.
	    createAndExecute $file
	    list {}
	
.... Test generated KNOWN error:
    while executing
ptolemy.kernel.util.IllegalActionException: Test fails in iteration 1.
Value was: 1.0. Should have been: 2.0
  in .DirectFeedback.Test
	at ptolemy.actor.lib.Test.fire(Test.java:268)
	at ptolemy.domains.de.kernel.DEDirector._fire(DEDirector.java:1949)
	at ptolemy.domains.de.kernel.DEDirector.fire(DEDirector.java:502)
	at ptolemy.actor.CompositeActor.fire(CompositeActor.java:455)
	at ptolemy.actor.Manager.iterate(Manager.java:851)
	at ptolemy.actor.Manager.execute(Manager.java:369)
	at ptolemy.actor.Manager.run(Manager.java:1263)
	at ptolemy.actor.Manager$PtolemyRunThread.run(Manager.java:1933)

    while executing
ptolemy.kernel.util.IllegalActionException: Test fails in iteration 1.
Value was: 1.0. Should have been: 2.0
  in .DirectFeedback.Test
    while executing
"java::new ptolemy.moml.MoMLSimpleApplication $file
"
    (procedure "createAndExecute" line 2)
    invoked from within
"createAndExecute $file"
    ("uplevel" body line 5)
    invoked from within
"uplevel $contents_of_test"
------------------ testing $PTII/ptolemy/domains/de/test/auto/knownFailedTests/dependencyLoop.xml (Known Failure) 
50 ms. Memory: 120832K Free: 108259K (90%)


==== $PTIIhome/travis/build/icyphy/ptII/ptolemy/domains/de/test/../../../../: Auto Automatic test in file $PTII/ptolemy/domains/de/test/auto/knownFailedTests/dependencyLoop.xml
==== Contents of test case:

	    # FIXME: we should use $relativeFilename here, but it
	    # might have backslashes under Windows, which causes no end
	    # of trouble.
	    createAndExecute $file
	    list {}
	
.... Test generated KNOWN error:
    while executing
ptolemy.kernel.util.IllegalActionException: Found a zero delay loop containing .dependencyLoop.original
  in .dependencyLoop and .dependencyLoop.original
	at ptolemy.actor.util.CausalityInterfaceForComposites._computeOutputPortDepth(CausalityInterfaceForComposites.java:759)
	at ptolemy.actor.util.CausalityInterfaceForComposites._computeInputDepth(CausalityInterfaceForComposites.java:696)
	at ptolemy.actor.util.CausalityInterfaceForComposites._computeOutputPortDepth(CausalityInterfaceForComposites.java:765)
	at ptolemy.actor.util.CausalityInterfaceForComposites._computeInputDepth(CausalityInterfaceForComposites.java:696)
	at ptolemy.actor.util.CausalityInterfaceForComposites._computeOutputPortDepth(CausalityInterfaceForComposites.java:765)
	at ptolemy.actor.util.CausalityInterfaceForComposites._computeInputDepth(CausalityInterfaceForComposites.java:696)
	at ptolemy.actor.util.CausalityInterfaceForComposites._computeActorDepth(CausalityInterfaceForComposites.java:532)
	at ptolemy.actor.util.CausalityInterfaceForComposites.checkForCycles(CausalityInterfaceForComposites.java:96)
	at ptolemy.domains.de.kernel.DEDirector.preinitialize(DEDirector.java:1338)
	at ptolemy.actor.CompositeActor.preinitialize(CompositeActor.java:1828)
	at ptolemy.actor.Manager.preinitializeAndResolveTypes(Manager.java:1040)
	at ptolemy.actor.Manager.initialize(Manager.java:710)
	at ptolemy.actor.Manager.execute(Manager.java:356)
	at ptolemy.actor.Manager.run(Manager.java:1263)
	at ptolemy.actor.Manager$PtolemyRunThread.run(Manager.java:1933)

    while executing
ptolemy.kernel.util.IllegalActionException: Found a zero delay loop containing .dependencyLoop.original
  in .dependencyLoop and .dependencyLoop.original
    while executing
"java::new ptolemy.moml.MoMLSimpleApplication $file
"
    (procedure "createAndExecute" line 2)
    invoked from within
"createAndExecute $file"
    ("uplevel" body line 5)
    invoked from within
"uplevel $contents_of_test"
------------------ testing $PTII/ptolemy/domains/de/test/auto/knownFailedTests/FSMSource.xml (Known Failure) 
41 ms. Memory: 120832K Free: 98851K (82%)
!!!! Auto was marked as failing, but now passes
------------------ testing $PTII/ptolemy/domains/de/test/auto/knownFailedTests/HierarchicalModel.xml (Known Failure) 
15 ms. Memory: 120832K Free: 81662K (68%)


==== $PTIIhome/travis/build/icyphy/ptII/ptolemy/domains/de/test/../../../../: Auto Automatic test in file $PTII/ptolemy/domains/de/test/auto/knownFailedTests/HierarchicalModel.xml
==== Contents of test case:

	    # FIXME: we should use $relativeFilename here, but it
	    # might have backslashes under Windows, which causes no end
	    # of trouble.
	    createAndExecute $file
	    list {}
	
.... Test generated KNOWN error:
    while executing
ptolemy.kernel.util.IllegalActionException: Found a zero delay loop containing .HierarchicalModel.A
  in .HierarchicalModel and .HierarchicalModel.A
	at ptolemy.actor.util.CausalityInterfaceForComposites._computeOutputPortDepth(CausalityInterfaceForComposites.java:759)
	at ptolemy.actor.util.CausalityInterfaceForComposites._computeInputDepth(CausalityInterfaceForComposites.java:696)
	at ptolemy.actor.util.CausalityInterfaceForComposites._computeOutputPortDepth(CausalityInterfaceForComposites.java:765)
	at ptolemy.actor.util.CausalityInterfaceForComposites._computeInputDepth(CausalityInterfaceForComposites.java:696)
	at ptolemy.actor.util.CausalityInterfaceForComposites._computeOutputPortDepth(CausalityInterfaceForComposites.java:765)
	at ptolemy.actor.util.CausalityInterfaceForComposites._computeInputDepth(CausalityInterfaceForComposites.java:696)
	at ptolemy.actor.util.CausalityInterfaceForComposites._computeActorDepth(CausalityInterfaceForComposites.java:532)
	at ptolemy.actor.util.CausalityInterfaceForComposites.checkForCycles(CausalityInterfaceForComposites.java:96)
	at ptolemy.domains.de.kernel.DEDirector.preinitialize(DEDirector.java:1338)
	at ptolemy.actor.CompositeActor.preinitialize(CompositeActor.java:1828)
	at ptolemy.actor.Manager.preinitializeAndResolveTypes(Manager.java:1040)
	at ptolemy.actor.Manager.initialize(Manager.java:710)
	at ptolemy.actor.Manager.execute(Manager.java:356)
	at ptolemy.actor.Manager.run(Manager.java:1263)
	at ptolemy.actor.Manager$PtolemyRunThread.run(Manager.java:1933)

    while executing
ptolemy.kernel.util.IllegalActionException: Found a zero delay loop containing .HierarchicalModel.A
  in .HierarchicalModel and .HierarchicalModel.A
    while executing
"java::new ptolemy.moml.MoMLSimpleApplication $file
"
    (procedure "createAndExecute" line 2)
    invoked from within
"createAndExecute $file"
    ("uplevel" body line 5)
    invoked from within
"uplevel $contents_of_test"
------------------ testing $PTII/ptolemy/domains/de/test/auto/knownFailedTests/dependencyLoop2.xml (Known Failure) 
35 ms. Memory: 120832K Free: 105321K (87%)


==== $PTIIhome/travis/build/icyphy/ptII/ptolemy/domains/de/test/../../../../: Auto Automatic test in file $PTII/ptolemy/domains/de/test/auto/knownFailedTests/dependencyLoop2.xml
==== Contents of test case:

	    # FIXME: we should use $relativeFilename here, but it
	    # might have backslashes under Windows, which causes no end
	    # of trouble.
	    createAndExecute $file
	    list {}
	
.... Test generated KNOWN error:
    while executing
ptolemy.kernel.util.IllegalActionException: Found a zero delay loop containing .dependencyLoop2.original
  in .dependencyLoop2 and .dependencyLoop2.original
	at ptolemy.actor.util.CausalityInterfaceForComposites._computeOutputPortDepth(CausalityInterfaceForComposites.java:759)
	at ptolemy.actor.util.CausalityInterfaceForComposites._computeInputDepth(CausalityInterfaceForComposites.java:696)
	at ptolemy.actor.util.CausalityInterfaceForComposites._computeOutputPortDepth(CausalityInterfaceForComposites.java:765)
	at ptolemy.actor.util.CausalityInterfaceForComposites._computeInputDepth(CausalityInterfaceForComposites.java:696)
	at ptolemy.actor.util.CausalityInterfaceForComposites._computeOutputPortDepth(CausalityInterfaceForComposites.java:765)
	at ptolemy.actor.util.CausalityInterfaceForComposites._computeInputDepth(CausalityInterfaceForComposites.java:696)
	at ptolemy.actor.util.CausalityInterfaceForComposites._computeActorDepth(CausalityInterfaceForComposites.java:532)
	at ptolemy.actor.util.CausalityInterfaceForComposites.checkForCycles(CausalityInterfaceForComposites.java:96)
	at ptolemy.domains.de.kernel.DEDirector.preinitialize(DEDirector.java:1338)
	at ptolemy.actor.CompositeActor.preinitialize(CompositeActor.java:1828)
	at ptolemy.actor.Manager.preinitializeAndResolveTypes(Manager.java:1040)
	at ptolemy.actor.Manager.initialize(Manager.java:710)
	at ptolemy.actor.Manager.execute(Manager.java:356)
	at ptolemy.actor.Manager.run(Manager.java:1263)
	at ptolemy.actor.Manager$PtolemyRunThread.run(Manager.java:1933)

    while executing
ptolemy.kernel.util.IllegalActionException: Found a zero delay loop containing .dependencyLoop2.original
  in .dependencyLoop2 and .dependencyLoop2.original
    while executing
"java::new ptolemy.moml.MoMLSimpleApplication $file
"
    (procedure "createAndExecute" line 2)
    invoked from within
"createAndExecute $file"
    ("uplevel" body line 5)
    invoked from within
"uplevel $contents_of_test"
------------------ testing $PTII/ptolemy/domains/de/test/auto/knownFailedTests/DESDFClockTest.xml (Known Failure) 
2068 ms. Memory: 120832K Free: 92009K (76%)


==== $PTIIhome/travis/build/icyphy/ptII/ptolemy/domains/de/test/../../../../: Auto Automatic test in file $PTII/ptolemy/domains/de/test/auto/knownFailedTests/DESDFClockTest.xml
==== Contents of test case:

	    # FIXME: we should use $relativeFilename here, but it
	    # might have backslashes under Windows, which causes no end
	    # of trouble.
	    createAndExecute $file
	    list {}
	
.... Test generated KNOWN error:
    while executing
ptolemy.kernel.util.IllegalActionException: Actor is not ready to fire.  Perhaps UpSample.prefire() returned false? Try debugging the actor by selecting "Listen to Actor".  Also, for SDF check moml for tokenConsumptionRate on input.
  in .DESDFClockTest.Play Bell.Copy1:SDF Director and .DESDFClockTest.Play Bell.UpSample
	at ptolemy.actor.sched.StaticSchedulingDirector.fire(StaticSchedulingDirector.java:227)
	at ptolemy.domains.sdf.kernel.SDFDirector.fire(SDFDirector.java:500)
	at ptolemy.actor.CompositeActor.fire(CompositeActor.java:455)
	at ptolemy.domains.de.kernel.DEDirector._fire(DEDirector.java:1949)
	at ptolemy.domains.de.kernel.DEDirector.fire(DEDirector.java:502)
	at ptolemy.actor.CompositeActor.fire(CompositeActor.java:455)
	at ptolemy.actor.Manager.iterate(Manager.java:851)
	at ptolemy.actor.Manager.execute(Manager.java:369)
	at ptolemy.actor.Manager.run(Manager.java:1263)
	at ptolemy.actor.Manager$PtolemyRunThread.run(Manager.java:1933)

    while executing
ptolemy.kernel.util.IllegalActionException: Actor is not ready to fire.  Perhaps UpSample.prefire() returned false? Try debugging the actor by selecting "Listen to Actor".  Also, for SDF check moml for tokenConsumptionRate on input.
  in .DESDFClockTest.Play Bell.Copy1:SDF Director and .DESDFClockTest.Play Bell.UpSample
    while executing
"java::new ptolemy.moml.MoMLSimpleApplication $file
"
    (procedure "createAndExecute" line 2)
    invoked from within
"createAndExecute $file"
    ("uplevel" body line 5)
    invoked from within
"uplevel $contents_of_test"
------------------ testing $PTII/ptolemy/domains/de/test/auto/ActorDepthCalculation_actorWithoutPorts.xml
auto.tcl: Setting watchdog for 200 seconds at Fri Oct 18 05:57:27 UTC 2019
5 ms. Memory: 120832K Free: 84313K (70%)
ptolemy.util.test.WatchDog.cancel(): canceling Fri Oct 18 05:57:27 UTC 2019
auto.tcl: Setting watchdog for 200 seconds at Fri Oct 18 05:57:27 UTC 2019
8 ms. Memory: 120832K Free: 82793K (69%)
ptolemy.util.test.WatchDog.cancel(): canceling Fri Oct 18 05:57:27 UTC 2019
------------------ testing $PTII/ptolemy/domains/de/test/auto/AssemblyLine.xml
auto.tcl: Setting watchdog for 200 seconds at Fri Oct 18 05:57:27 UTC 2019
22 ms. Memory: 45056K Free: 22453K (50%)
ptolemy.util.test.WatchDog.cancel(): canceling Fri Oct 18 05:57:28 UTC 2019
auto.tcl: Setting watchdog for 200 seconds at Fri Oct 18 05:57:28 UTC 2019
15 ms. Memory: 45056K Free: 21669K (48%)
ptolemy.util.test.WatchDog.cancel(): canceling Fri Oct 18 05:57:28 UTC 2019
------------------ testing $PTII/ptolemy/domains/de/test/auto/CQBug1.xml
auto.tcl: Setting watchdog for 200 seconds at Fri Oct 18 05:57:28 UTC 2019
2 ms. Memory: 45056K Free: 28535K (63%)
ptolemy.util.test.WatchDog.cancel(): canceling Fri Oct 18 05:57:28 UTC 2019
auto.tcl: Setting watchdog for 200 seconds at Fri Oct 18 05:57:28 UTC 2019
3 ms. Memory: 45056K Free: 28151K (62%)
ptolemy.util.test.WatchDog.cancel(): canceling Fri Oct 18 05:57:28 UTC 2019
------------------ testing $PTII/ptolemy/domains/de/test/auto/CancelFireAt.xml
auto.tcl: Setting watchdog for 200 seconds at Fri Oct 18 05:57:28 UTC 2019
11 ms. Memory: 45056K Free: 29655K (66%)
ptolemy.util.test.WatchDog.cancel(): canceling Fri Oct 18 05:57:28 UTC 2019
auto.tcl: Setting watchdog for 200 seconds at Fri Oct 18 05:57:28 UTC 2019
2 ms. Memory: 45056K Free: 28939K (64%)
ptolemy.util.test.WatchDog.cancel(): canceling Fri Oct 18 05:57:28 UTC 2019
------------------ testing $PTII/ptolemy/domains/de/test/auto/CausalityAndComposabilityAnalysis.xml
auto.tcl: Setting watchdog for 200 seconds at Fri Oct 18 05:57:28 UTC 2019
5 ms. Memory: 45056K Free: 27922K (62%)
ptolemy.util.test.WatchDog.cancel(): canceling Fri Oct 18 05:57:28 UTC 2019
auto.tcl: Setting watchdog for 200 seconds at Fri Oct 18 05:57:28 UTC 2019
12 ms. Memory: 45056K Free: 27136K (60%)
ptolemy.util.test.WatchDog.cancel(): canceling Fri Oct 18 05:57:28 UTC 2019
------------------ testing $PTII/ptolemy/domains/de/test/auto/CausalityInterface1.xml
auto.tcl: Setting watchdog for 200 seconds at Fri Oct 18 05:57:28 UTC 2019
47 ms. Memory: 45056K Free: 26364K (59%)
ptolemy.util.test.WatchDog.cancel(): canceling Fri Oct 18 05:57:28 UTC 2019
auto.tcl: Setting watchdog for 200 seconds at Fri Oct 18 05:57:28 UTC 2019
5 ms. Memory: 45056K Free: 25013K (56%)
ptolemy.util.test.WatchDog.cancel(): canceling Fri Oct 18 05:57:28 UTC 2019
------------------ testing $PTII/ptolemy/domains/de/test/auto/CausalityInterface15.xml
auto.tcl: Setting watchdog for 200 seconds at Fri Oct 18 05:57:28 UTC 2019
11 ms. Memory: 45056K Free: 26046K (58%)
ptolemy.util.test.WatchDog.cancel(): canceling Fri Oct 18 05:57:28 UTC 2019
auto.tcl: Setting watchdog for 200 seconds at Fri Oct 18 05:57:28 UTC 2019
9 ms. Memory: 45056K Free: 25385K (56%)
ptolemy.util.test.WatchDog.cancel(): canceling Fri Oct 18 05:57:28 UTC 2019
------------------ testing $PTII/ptolemy/domains/de/test/auto/CausalityInterface2.xml
auto.tcl: Setting watchdog for 200 seconds at Fri Oct 18 05:57:28 UTC 2019
3 ms. Memory: 45056K Free: 26545K (59%)
ptolemy.util.test.WatchDog.cancel(): canceling Fri Oct 18 05:57:28 UTC 2019
auto.tcl: Setting watchdog for 200 seconds at Fri Oct 18 05:57:28 UTC 2019
4 ms. Memory: 45056K Free: 25794K (57%)
ptolemy.util.test.WatchDog.cancel(): canceling Fri Oct 18 05:57:28 UTC 2019
------------------ testing $PTII/ptolemy/domains/de/test/auto/CausalityInterface3.xml
auto.tcl: Setting watchdog for 200 seconds at Fri Oct 18 05:57:28 UTC 2019
11 ms. Memory: 45056K Free: 26557K (59%)
ptolemy.util.test.WatchDog.cancel(): canceling Fri Oct 18 05:57:28 UTC 2019
auto.tcl: Setting watchdog for 200 seconds at Fri Oct 18 05:57:28 UTC 2019
4 ms. Memory: 45056K Free: 25790K (57%)
ptolemy.util.test.WatchDog.cancel(): canceling Fri Oct 18 05:57:28 UTC 2019
------------------ testing $PTII/ptolemy/domains/de/test/auto/ClockDrift.xml
auto.tcl: Setting watchdog for 200 seconds at Fri Oct 18 05:57:28 UTC 2019
64 ms. Memory: 45056K Free: 19131K (42%)
ptolemy.util.test.WatchDog.cancel(): canceling Fri Oct 18 05:57:29 UTC 2019
auto.tcl: Setting watchdog for 200 seconds at Fri Oct 18 05:57:29 UTC 2019
42 ms. Memory: 45056K Free: 15761K (35%)
ptolemy.util.test.WatchDog.cancel(): canceling Fri Oct 18 05:57:29 UTC 2019
------------------ testing $PTII/ptolemy/domains/de/test/auto/ClockDriftAndValueChange.xml
auto.tcl: Setting watchdog for 200 seconds at Fri Oct 18 05:57:29 UTC 2019
60 ms. Memory: 45056K Free: 19221K (43%)
ptolemy.util.test.WatchDog.cancel(): canceling Fri Oct 18 05:57:29 UTC 2019
auto.tcl: Setting watchdog for 200 seconds at Fri Oct 18 05:57:29 UTC 2019
54 ms. Memory: 45056K Free: 16377K (36%)
ptolemy.util.test.WatchDog.cancel(): canceling Fri Oct 18 05:57:29 UTC 2019
------------------ testing $PTII/ptolemy/domains/de/test/auto/ClockDriftChange.xml
auto.tcl: Setting watchdog for 200 seconds at Fri Oct 18 05:57:29 UTC 2019
21 ms. Memory: 45056K Free: 21271K (47%)
ptolemy.util.test.WatchDog.cancel(): canceling Fri Oct 18 05:57:29 UTC 2019
auto.tcl: Setting watchdog for 200 seconds at Fri Oct 18 05:57:29 UTC 2019
18 ms. Memory: 45056K Free: 18737K (42%)
ptolemy.util.test.WatchDog.cancel(): canceling Fri Oct 18 05:57:29 UTC 2019
------------------ testing $PTII/ptolemy/domains/de/test/auto/ComposableCausalityAnalysis.xml
auto.tcl: Setting watchdog for 200 seconds at Fri Oct 18 05:57:29 UTC 2019
2 ms. Memory: 45056K Free: 25660K (57%)
ptolemy.util.test.WatchDog.cancel(): canceling Fri Oct 18 05:57:29 UTC 2019
auto.tcl: Setting watchdog for 200 seconds at Fri Oct 18 05:57:29 UTC 2019
3 ms. Memory: 45056K Free: 24650K (55%)
ptolemy.util.test.WatchDog.cancel(): canceling Fri Oct 18 05:57:29 UTC 2019
------------------ testing $PTII/ptolemy/domains/de/test/auto/DEFixedPointLimitation.xml
auto.tcl: Setting watchdog for 200 seconds at Fri Oct 18 05:57:29 UTC 2019
2 ms. Memory: 45056K Free: 27012K (60%)
ptolemy.util.test.WatchDog.cancel(): canceling Fri Oct 18 05:57:29 UTC 2019
auto.tcl: Setting watchdog for 200 seconds at Fri Oct 18 05:57:29 UTC 2019
1 ms. Memory: 45056K Free: 26116K (58%)
ptolemy.util.test.WatchDog.cancel(): canceling Fri Oct 18 05:57:29 UTC 2019
------------------ testing $PTII/ptolemy/domains/de/test/auto/DEScheduleTest.xml
auto.tcl: Setting watchdog for 200 seconds at Fri Oct 18 05:57:29 UTC 2019
8 ms. Memory: 45056K Free: 27337K (61%)
ptolemy.util.test.WatchDog.cancel(): canceling Fri Oct 18 05:57:29 UTC 2019
auto.tcl: Setting watchdog for 200 seconds at Fri Oct 18 05:57:29 UTC 2019
4 ms. Memory: 45056K Free: 26530K (59%)
ptolemy.util.test.WatchDog.cancel(): canceling Fri Oct 18 05:57:29 UTC 2019
------------------ testing $PTII/ptolemy/domains/de/test/auto/DEinDEwithStartTimes.xml
auto.tcl: Setting watchdog for 200 seconds at Fri Oct 18 05:57:29 UTC 2019
4 ms. Memory: 45056K Free: 25539K (57%)
ptolemy.util.test.WatchDog.cancel(): canceling Fri Oct 18 05:57:29 UTC 2019
auto.tcl: Setting watchdog for 200 seconds at Fri Oct 18 05:57:29 UTC 2019
4 ms. Memory: 45056K Free: 24432K (54%)
ptolemy.util.test.WatchDog.cancel(): canceling Fri Oct 18 05:57:29 UTC 2019
------------------ testing $PTII/ptolemy/domains/de/test/auto/DEinDEwithStartTimes2.xml
auto.tcl: Setting watchdog for 200 seconds at Fri Oct 18 05:57:29 UTC 2019
11 ms. Memory: 45056K Free: 24687K (55%)
ptolemy.util.test.WatchDog.cancel(): canceling Fri Oct 18 05:57:29 UTC 2019
auto.tcl: Setting watchdog for 200 seconds at Fri Oct 18 05:57:29 UTC 2019
3 ms. Memory: 45056K Free: 23387K (52%)
ptolemy.util.test.WatchDog.cancel(): canceling Fri Oct 18 05:57:29 UTC 2019
------------------ testing $PTII/ptolemy/domains/de/test/auto/DateDemo.xml
auto.tcl: Setting watchdog for 200 seconds at Fri Oct 18 05:57:30 UTC 2019
29 ms. Memory: 45056K Free: 19372K (43%)
ptolemy.util.test.WatchDog.cancel(): canceling Fri Oct 18 05:57:30 UTC 2019
auto.tcl: Setting watchdog for 200 seconds at Fri Oct 18 05:57:30 UTC 2019
8 ms. Memory: 45056K Free: 17548K (39%)
ptolemy.util.test.WatchDog.cancel(): canceling Fri Oct 18 05:57:30 UTC 2019
------------------ testing $PTII/ptolemy/domains/de/test/auto/DateToEvent.xml
auto.tcl: Setting watchdog for 200 seconds at Fri Oct 18 05:57:30 UTC 2019
2012 ms. Memory: 45056K Free: 14723K (33%)
ptolemy.util.test.WatchDog.cancel(): canceling Fri Oct 18 05:57:32 UTC 2019
auto.tcl: Setting watchdog for 200 seconds at Fri Oct 18 05:57:32 UTC 2019
2006 ms. Memory: 45056K Free: 14000K (31%)
ptolemy.util.test.WatchDog.cancel(): canceling Fri Oct 18 05:57:34 UTC 2019
------------------ testing $PTII/ptolemy/domains/de/test/auto/DepthTest1.xml
auto.tcl: Setting watchdog for 200 seconds at Fri Oct 18 05:57:34 UTC 2019
3 ms. Memory: 45056K Free: 28245K (63%)
ptolemy.util.test.WatchDog.cancel(): canceling Fri Oct 18 05:57:34 UTC 2019
auto.tcl: Setting watchdog for 200 seconds at Fri Oct 18 05:57:34 UTC 2019
2 ms. Memory: 45056K Free: 27708K (61%)
ptolemy.util.test.WatchDog.cancel(): canceling Fri Oct 18 05:57:34 UTC 2019
------------------ testing $PTII/ptolemy/domains/de/test/auto/DepthTest2.xml
auto.tcl: Setting watchdog for 200 seconds at Fri Oct 18 05:57:34 UTC 2019
5 ms. Memory: 45056K Free: 24983K (55%)
ptolemy.util.test.WatchDog.cancel(): canceling Fri Oct 18 05:57:34 UTC 2019
auto.tcl: Setting watchdog for 200 seconds at Fri Oct 18 05:57:34 UTC 2019
3 ms. Memory: 45056K Free: 24426K (54%)
ptolemy.util.test.WatchDog.cancel(): canceling Fri Oct 18 05:57:34 UTC 2019
------------------ testing $PTII/ptolemy/domains/de/test/auto/DepthTest3.xml
auto.tcl: Setting watchdog for 200 seconds at Fri Oct 18 05:57:34 UTC 2019
2 ms. Memory: 45056K Free: 28576K (63%)
ptolemy.util.test.WatchDog.cancel(): canceling Fri Oct 18 05:57:34 UTC 2019
auto.tcl: Setting watchdog for 200 seconds at Fri Oct 18 05:57:34 UTC 2019
2 ms. Memory: 45056K Free: 28038K (62%)
ptolemy.util.test.WatchDog.cancel(): canceling Fri Oct 18 05:57:34 UTC 2019
------------------ testing $PTII/ptolemy/domains/de/test/auto/DepthTest4.xml
auto.tcl: Setting watchdog for 200 seconds at Fri Oct 18 05:57:34 UTC 2019
4 ms. Memory: 45056K Free: 26790K (59%)
ptolemy.util.test.WatchDog.cancel(): canceling Fri Oct 18 05:57:34 UTC 2019
auto.tcl: Setting watchdog for 200 seconds at Fri Oct 18 05:57:34 UTC 2019
3 ms. Memory: 45056K Free: 26063K (58%)
ptolemy.util.test.WatchDog.cancel(): canceling Fri Oct 18 05:57:34 UTC 2019
------------------ testing $PTII/ptolemy/domains/de/test/auto/DepthTest5.xml
auto.tcl: Setting watchdog for 200 seconds at Fri Oct 18 05:57:34 UTC 2019
5 ms. Memory: 45056K Free: 25895K (57%)
ptolemy.util.test.WatchDog.cancel(): canceling Fri Oct 18 05:57:34 UTC 2019
auto.tcl: Setting watchdog for 200 seconds at Fri Oct 18 05:57:34 UTC 2019
3 ms. Memory: 45056K Free: 25497K (57%)
ptolemy.util.test.WatchDog.cancel(): canceling Fri Oct 18 05:57:34 UTC 2019
------------------ testing $PTII/ptolemy/domains/de/test/auto/DepthTest6.xml
auto.tcl: Setting watchdog for 200 seconds at Fri Oct 18 05:57:34 UTC 2019
4 ms. Memory: 45056K Free: 25896K (57%)
ptolemy.util.test.WatchDog.cancel(): canceling Fri Oct 18 05:57:34 UTC 2019
auto.tcl: Setting watchdog for 200 seconds at Fri Oct 18 05:57:34 UTC 2019
2 ms. Memory: 45056K Free: 25367K (56%)
ptolemy.util.test.WatchDog.cancel(): canceling Fri Oct 18 05:57:34 UTC 2019
------------------ testing $PTII/ptolemy/domains/de/test/auto/DepthTest7.xml
auto.tcl: Setting watchdog for 200 seconds at Fri Oct 18 05:57:34 UTC 2019
6 ms. Memory: 45056K Free: 26387K (59%)
ptolemy.util.test.WatchDog.cancel(): canceling Fri Oct 18 05:57:34 UTC 2019
auto.tcl: Setting watchdog for 200 seconds at Fri Oct 18 05:57:34 UTC 2019
2 ms. Memory: 45056K Free: 25989K (58%)
ptolemy.util.test.WatchDog.cancel(): canceling Fri Oct 18 05:57:34 UTC 2019
------------------ testing $PTII/ptolemy/domains/de/test/auto/EventToDate.xml
auto.tcl: Setting watchdog for 200 seconds at Fri Oct 18 05:57:34 UTC 2019
3006 ms. Memory: 45056K Free: 17515K (39%)
ptolemy.util.test.WatchDog.cancel(): canceling Fri Oct 18 05:57:37 UTC 2019
auto.tcl: Setting watchdog for 200 seconds at Fri Oct 18 05:57:37 UTC 2019
3006 ms. Memory: 45056K Free: 16800K (37%)
ptolemy.util.test.WatchDog.cancel(): canceling Fri Oct 18 05:57:40 UTC 2019
------------------ testing $PTII/ptolemy/domains/de/test/auto/FSM1.xml
auto.tcl: Setting watchdog for 200 seconds at Fri Oct 18 05:57:41 UTC 2019
26 ms. Memory: 45056K Free: 18714K (42%)
ptolemy.util.test.WatchDog.cancel(): canceling Fri Oct 18 05:57:41 UTC 2019
auto.tcl: Setting watchdog for 200 seconds at Fri Oct 18 05:57:41 UTC 2019
18 ms. Memory: 45056K Free: 15481K (34%)
ptolemy.util.test.WatchDog.cancel(): canceling Fri Oct 18 05:57:41 UTC 2019
------------------ testing $PTII/ptolemy/domains/de/test/auto/FSM7.xml
auto.tcl: Setting watchdog for 200 seconds at Fri Oct 18 05:57:41 UTC 2019
19 ms. Memory: 45056K Free: 18639K (41%)
ptolemy.util.test.WatchDog.cancel(): canceling Fri Oct 18 05:57:41 UTC 2019
auto.tcl: Setting watchdog for 200 seconds at Fri Oct 18 05:57:41 UTC 2019
15 ms. Memory: 45056K Free: 15344K (34%)
ptolemy.util.test.WatchDog.cancel(): canceling Fri Oct 18 05:57:41 UTC 2019
------------------ testing $PTII/ptolemy/domains/de/test/auto/Inspection.xml
auto.tcl: Setting watchdog for 200 seconds at Fri Oct 18 05:57:41 UTC 2019
25 ms. Memory: 45056K Free: 18442K (41%)
ptolemy.util.test.WatchDog.cancel(): canceling Fri Oct 18 05:57:41 UTC 2019
auto.tcl: Setting watchdog for 200 seconds at Fri Oct 18 05:57:41 UTC 2019
23 ms. Memory: 45056K Free: 16709K (37%)
ptolemy.util.test.WatchDog.cancel(): canceling Fri Oct 18 05:57:41 UTC 2019
------------------ testing $PTII/ptolemy/domains/de/test/auto/Iteration.xml
auto.tcl: Setting watchdog for 200 seconds at Fri Oct 18 05:57:41 UTC 2019
9 ms. Memory: 45056K Free: 24207K (54%)
ptolemy.util.test.WatchDog.cancel(): canceling Fri Oct 18 05:57:41 UTC 2019
auto.tcl: Setting watchdog for 200 seconds at Fri Oct 18 05:57:41 UTC 2019
8 ms. Memory: 45056K Free: 23131K (51%)
ptolemy.util.test.WatchDog.cancel(): canceling Fri Oct 18 05:57:41 UTC 2019
------------------ testing $PTII/ptolemy/domains/de/test/auto/LineFault.xml
auto.tcl: Setting watchdog for 200 seconds at Fri Oct 18 05:57:41 UTC 2019
737 ms. Memory: 56320K Free: 25807K (46%)
ptolemy.util.test.WatchDog.cancel(): canceling Fri Oct 18 05:57:42 UTC 2019
auto.tcl: Setting watchdog for 200 seconds at Fri Oct 18 05:57:42 UTC 2019
651 ms. Memory: 56320K Free: 17930K (32%)
ptolemy.util.test.WatchDog.cancel(): canceling Fri Oct 18 05:57:43 UTC 2019
------------------ testing $PTII/ptolemy/domains/de/test/auto/MergeModel1Add.xml
auto.tcl: Setting watchdog for 200 seconds at Fri Oct 18 05:57:43 UTC 2019
23 ms. Memory: 55296K Free: 19930K (36%)
ptolemy.util.test.WatchDog.cancel(): canceling Fri Oct 18 05:57:43 UTC 2019
auto.tcl: Setting watchdog for 200 seconds at Fri Oct 18 05:57:43 UTC 2019
36 ms. Memory: 55296K Free: 18434K (33%)
ptolemy.util.test.WatchDog.cancel(): canceling Fri Oct 18 05:57:43 UTC 2019
------------------ testing $PTII/ptolemy/domains/de/test/auto/MergeModel2Add.xml
auto.tcl: Setting watchdog for 200 seconds at Fri Oct 18 05:57:43 UTC 2019
25 ms. Memory: 51200K Free: 18704K (37%)
ptolemy.util.test.WatchDog.cancel(): canceling Fri Oct 18 05:57:43 UTC 2019
auto.tcl: Setting watchdog for 200 seconds at Fri Oct 18 05:57:43 UTC 2019
12 ms. Memory: 51200K Free: 17232K (34%)
ptolemy.util.test.WatchDog.cancel(): canceling Fri Oct 18 05:57:43 UTC 2019
------------------ testing $PTII/ptolemy/domains/de/test/auto/MergeModel3Add.xml
auto.tcl: Setting watchdog for 200 seconds at Fri Oct 18 05:57:43 UTC 2019
9 ms. Memory: 51200K Free: 18965K (37%)
ptolemy.util.test.WatchDog.cancel(): canceling Fri Oct 18 05:57:43 UTC 2019
auto.tcl: Setting watchdog for 200 seconds at Fri Oct 18 05:57:43 UTC 2019
9 ms. Memory: 51200K Free: 17251K (34%)
ptolemy.util.test.WatchDog.cancel(): canceling Fri Oct 18 05:57:43 UTC 2019
------------------ testing $PTII/ptolemy/domains/de/test/auto/MergeWithoutDiscard.xml
auto.tcl: Setting watchdog for 200 seconds at Fri Oct 18 05:57:43 UTC 2019
2 ms. Memory: 51200K Free: 32728K (64%)
ptolemy.util.test.WatchDog.cancel(): canceling Fri Oct 18 05:57:43 UTC 2019
auto.tcl: Setting watchdog for 200 seconds at Fri Oct 18 05:57:43 UTC 2019
2 ms. Memory: 51200K Free: 32292K (63%)
ptolemy.util.test.WatchDog.cancel(): canceling Fri Oct 18 05:57:43 UTC 2019
------------------ testing $PTII/ptolemy/domains/de/test/auto/Modal1.xml
auto.tcl: Setting watchdog for 200 seconds at Fri Oct 18 05:57:43 UTC 2019
13 ms. Memory: 48128K Free: 21855K (45%)
ptolemy.util.test.WatchDog.cancel(): canceling Fri Oct 18 05:57:43 UTC 2019
auto.tcl: Setting watchdog for 200 seconds at Fri Oct 18 05:57:43 UTC 2019
13 ms. Memory: 48128K Free: 18570K (39%)
ptolemy.util.test.WatchDog.cancel(): canceling Fri Oct 18 05:57:43 UTC 2019
------------------ testing $PTII/ptolemy/domains/de/test/auto/Modal2.xml
auto.tcl: Setting watchdog for 200 seconds at Fri Oct 18 05:57:44 UTC 2019
21 ms. Memory: 48128K Free: 21732K (45%)
ptolemy.util.test.WatchDog.cancel(): canceling Fri Oct 18 05:57:44 UTC 2019
auto.tcl: Setting watchdog for 200 seconds at Fri Oct 18 05:57:44 UTC 2019
15 ms. Memory: 48128K Free: 18466K (38%)
ptolemy.util.test.WatchDog.cancel(): canceling Fri Oct 18 05:57:44 UTC 2019
------------------ testing $PTII/ptolemy/domains/de/test/auto/Modal3.xml
auto.tcl: Setting watchdog for 200 seconds at Fri Oct 18 05:57:44 UTC 2019
13 ms. Memory: 48128K Free: 21244K (44%)
ptolemy.util.test.WatchDog.cancel(): canceling Fri Oct 18 05:57:44 UTC 2019
auto.tcl: Setting watchdog for 200 seconds at Fri Oct 18 05:57:44 UTC 2019
14 ms. Memory: 48128K Free: 18111K (38%)
ptolemy.util.test.WatchDog.cancel(): canceling Fri Oct 18 05:57:44 UTC 2019
------------------ testing $PTII/ptolemy/domains/de/test/auto/Modal4.xml
auto.tcl: Setting watchdog for 200 seconds at Fri Oct 18 05:57:44 UTC 2019
15 ms. Memory: 48128K Free: 20673K (43%)
ptolemy.util.test.WatchDog.cancel(): canceling Fri Oct 18 05:57:44 UTC 2019
auto.tcl: Setting watchdog for 200 seconds at Fri Oct 18 05:57:44 UTC 2019
14 ms. Memory: 48128K Free: 16845K (35%)
ptolemy.util.test.WatchDog.cancel(): canceling Fri Oct 18 05:57:44 UTC 2019
------------------ testing $PTII/ptolemy/domains/de/test/auto/Modal5.xml
auto.tcl: Setting watchdog for 200 seconds at Fri Oct 18 05:57:44 UTC 2019
17 ms. Memory: 48128K Free: 20660K (43%)
ptolemy.util.test.WatchDog.cancel(): canceling Fri Oct 18 05:57:44 UTC 2019
auto.tcl: Setting watchdog for 200 seconds at Fri Oct 18 05:57:44 UTC 2019
16 ms. Memory: 48128K Free: 16831K (35%)
ptolemy.util.test.WatchDog.cancel(): canceling Fri Oct 18 05:57:44 UTC 2019
------------------ testing $PTII/ptolemy/domains/de/test/auto/Modal6.xml
auto.tcl: Setting watchdog for 200 seconds at Fri Oct 18 05:57:44 UTC 2019
13 ms. Memory: 48128K Free: 21476K (45%)
ptolemy.util.test.WatchDog.cancel(): canceling Fri Oct 18 05:57:44 UTC 2019
auto.tcl: Setting watchdog for 200 seconds at Fri Oct 18 05:57:44 UTC 2019
15 ms. Memory: 48128K Free: 17480K (36%)
ptolemy.util.test.WatchDog.cancel(): canceling Fri Oct 18 05:57:44 UTC 2019
------------------ testing $PTII/ptolemy/domains/de/test/auto/Modal7.xml
auto.tcl: Setting watchdog for 200 seconds at Fri Oct 18 05:57:44 UTC 2019
11 ms. Memory: 48128K Free: 20643K (43%)
ptolemy.util.test.WatchDog.cancel(): canceling Fri Oct 18 05:57:44 UTC 2019
auto.tcl: Setting watchdog for 200 seconds at Fri Oct 18 05:57:44 UTC 2019
9 ms. Memory: 48128K Free: 17136K (36%)
ptolemy.util.test.WatchDog.cancel(): canceling Fri Oct 18 05:57:44 UTC 2019
------------------ testing $PTII/ptolemy/domains/de/test/auto/ModalModel.xml
auto.tcl: Setting watchdog for 200 seconds at Fri Oct 18 05:57:44 UTC 2019
242 ms. Memory: 48128K Free: 10455K (22%)
ptolemy.util.test.WatchDog.cancel(): canceling Fri Oct 18 05:57:45 UTC 2019
auto.tcl: Setting watchdog for 200 seconds at Fri Oct 18 05:57:45 UTC 2019
218 ms. Memory: 58368K Free: 42095K (72%)
ptolemy.util.test.WatchDog.cancel(): canceling Fri Oct 18 05:57:45 UTC 2019
------------------ testing $PTII/ptolemy/domains/de/test/auto/ModalSource.xml
auto.tcl: Setting watchdog for 200 seconds at Fri Oct 18 05:57:45 UTC 2019
7 ms. Memory: 51200K Free: 28575K (56%)
ptolemy.util.test.WatchDog.cancel(): canceling Fri Oct 18 05:57:45 UTC 2019
auto.tcl: Setting watchdog for 200 seconds at Fri Oct 18 05:57:45 UTC 2019
7 ms. Memory: 51200K Free: 26527K (52%)
ptolemy.util.test.WatchDog.cancel(): canceling Fri Oct 18 05:57:45 UTC 2019
------------------ testing $PTII/ptolemy/domains/de/test/auto/NonInterruptibleTimerZeroDelay.xml
auto.tcl: Setting watchdog for 200 seconds at Fri Oct 18 05:57:45 UTC 2019
4 ms. Memory: 51200K Free: 33503K (65%)
ptolemy.util.test.WatchDog.cancel(): canceling Fri Oct 18 05:57:45 UTC 2019
auto.tcl: Setting watchdog for 200 seconds at Fri Oct 18 05:57:45 UTC 2019
2 ms. Memory: 51200K Free: 32855K (64%)
ptolemy.util.test.WatchDog.cancel(): canceling Fri Oct 18 05:57:45 UTC 2019
------------------ testing $PTII/ptolemy/domains/de/test/auto/OpenQueueingNetwork.xml
auto.tcl: Setting watchdog for 200 seconds at Fri Oct 18 05:57:45 UTC 2019
2993 ms. Memory: 110592K Free: 81777K (74%)
ptolemy.util.test.WatchDog.cancel(): canceling Fri Oct 18 05:57:48 UTC 2019
auto.tcl: Setting watchdog for 200 seconds at Fri Oct 18 05:57:48 UTC 2019
2790 ms. Memory: 110592K Free: 49544K (45%)
ptolemy.util.test.WatchDog.cancel(): canceling Fri Oct 18 05:57:51 UTC 2019
------------------ testing $PTII/ptolemy/domains/de/test/auto/OpenQueuingNetwork.xml
auto.tcl: Setting watchdog for 200 seconds at Fri Oct 18 05:57:51 UTC 2019
295 ms. Memory: 51200K Free: 14731K (29%)
ptolemy.util.test.WatchDog.cancel(): canceling Fri Oct 18 05:57:51 UTC 2019
auto.tcl: Setting watchdog for 200 seconds at Fri Oct 18 05:57:51 UTC 2019
309 ms. Memory: 63488K Free: 31074K (49%)
ptolemy.util.test.WatchDog.cancel(): canceling Fri Oct 18 05:57:52 UTC 2019
------------------ testing $PTII/ptolemy/domains/de/test/auto/PeriodicSampler.xml
auto.tcl: Setting watchdog for 200 seconds at Fri Oct 18 05:57:52 UTC 2019
2 ms. Memory: 55296K Free: 36805K (67%)
ptolemy.util.test.WatchDog.cancel(): canceling Fri Oct 18 05:57:52 UTC 2019
auto.tcl: Setting watchdog for 200 seconds at Fri Oct 18 05:57:52 UTC 2019
2 ms. Memory: 55296K Free: 36285K (66%)
ptolemy.util.test.WatchDog.cancel(): canceling Fri Oct 18 05:57:52 UTC 2019
------------------ testing $PTII/ptolemy/domains/de/test/auto/PersistentIO.xml
auto.tcl: Setting watchdog for 200 seconds at Fri Oct 18 05:57:52 UTC 2019
18 ms. Memory: 48128K Free: 24563K (51%)
ptolemy.util.test.WatchDog.cancel(): canceling Fri Oct 18 05:57:52 UTC 2019
auto.tcl: Setting watchdog for 200 seconds at Fri Oct 18 05:57:52 UTC 2019
5 ms. Memory: 48128K Free: 23127K (48%)
ptolemy.util.test.WatchDog.cancel(): canceling Fri Oct 18 05:57:52 UTC 2019
------------------ testing $PTII/ptolemy/domains/de/test/auto/PortParameterResetOnInitialize.xml
auto.tcl: Setting watchdog for 200 seconds at Fri Oct 18 05:57:52 UTC 2019
8 ms. Memory: 48128K Free: 29547K (61%)
ptolemy.util.test.WatchDog.cancel(): canceling Fri Oct 18 05:57:52 UTC 2019
auto.tcl: Setting watchdog for 200 seconds at Fri Oct 18 05:57:52 UTC 2019
2 ms. Memory: 48128K Free: 29051K (60%)
ptolemy.util.test.WatchDog.cancel(): canceling Fri Oct 18 05:57:52 UTC 2019
------------------ testing $PTII/ptolemy/domains/de/test/auto/PortParameterUpdates.xml
auto.tcl: Setting watchdog for 200 seconds at Fri Oct 18 05:57:52 UTC 2019
4 ms. Memory: 48128K Free: 27891K (58%)
ptolemy.util.test.WatchDog.cancel(): canceling Fri Oct 18 05:57:52 UTC 2019
auto.tcl: Setting watchdog for 200 seconds at Fri Oct 18 05:57:52 UTC 2019
3 ms. Memory: 48128K Free: 26641K (55%)
ptolemy.util.test.WatchDog.cancel(): canceling Fri Oct 18 05:57:52 UTC 2019
------------------ testing $PTII/ptolemy/domains/de/test/auto/QueueAndServer.xml
auto.tcl: Setting watchdog for 200 seconds at Fri Oct 18 05:57:52 UTC 2019
7 ms. Memory: 48128K Free: 26831K (56%)
ptolemy.util.test.WatchDog.cancel(): canceling Fri Oct 18 05:57:52 UTC 2019
auto.tcl: Setting watchdog for 200 seconds at Fri Oct 18 05:57:52 UTC 2019
6 ms. Memory: 48128K Free: 25581K (53%)
ptolemy.util.test.WatchDog.cancel(): canceling Fri Oct 18 05:57:52 UTC 2019
------------------ testing $PTII/ptolemy/domains/de/test/auto/Records.xml
auto.tcl: Setting watchdog for 200 seconds at Fri Oct 18 05:57:52 UTC 2019
3 ms. Memory: 48128K Free: 29091K (60%)
ptolemy.util.test.WatchDog.cancel(): canceling Fri Oct 18 05:57:52 UTC 2019
auto.tcl: Setting watchdog for 200 seconds at Fri Oct 18 05:57:52 UTC 2019
2 ms. Memory: 48128K Free: 28612K (59%)
ptolemy.util.test.WatchDog.cancel(): canceling Fri Oct 18 05:57:52 UTC 2019
------------------ testing $PTII/ptolemy/domains/de/test/auto/ResetTransitionWithStartTime1.xml
auto.tcl: Setting watchdog for 200 seconds at Fri Oct 18 05:57:52 UTC 2019
11 ms. Memory: 48128K Free: 26168K (54%)
ptolemy.util.test.WatchDog.cancel(): canceling Fri Oct 18 05:57:52 UTC 2019
auto.tcl: Setting watchdog for 200 seconds at Fri Oct 18 05:57:52 UTC 2019
9 ms. Memory: 48128K Free: 23505K (49%)
ptolemy.util.test.WatchDog.cancel(): canceling Fri Oct 18 05:57:52 UTC 2019
------------------ testing $PTII/ptolemy/domains/de/test/auto/ResetTransitionWithStartTime2.xml
auto.tcl: Setting watchdog for 200 seconds at Fri Oct 18 05:57:53 UTC 2019
9 ms. Memory: 48128K Free: 26002K (54%)
ptolemy.util.test.WatchDog.cancel(): canceling Fri Oct 18 05:57:53 UTC 2019
auto.tcl: Setting watchdog for 200 seconds at Fri Oct 18 05:57:53 UTC 2019
7 ms. Memory: 48128K Free: 23468K (49%)
ptolemy.util.test.WatchDog.cancel(): canceling Fri Oct 18 05:57:53 UTC 2019
------------------ testing $PTII/ptolemy/domains/de/test/auto/ResetTransitionWithStartTime3.xml
auto.tcl: Setting watchdog for 200 seconds at Fri Oct 18 05:57:53 UTC 2019
8 ms. Memory: 48128K Free: 26000K (54%)
ptolemy.util.test.WatchDog.cancel(): canceling Fri Oct 18 05:57:53 UTC 2019
auto.tcl: Setting watchdog for 200 seconds at Fri Oct 18 05:57:53 UTC 2019
8 ms. Memory: 48128K Free: 23488K (49%)
ptolemy.util.test.WatchDog.cancel(): canceling Fri Oct 18 05:57:53 UTC 2019
------------------ testing $PTII/ptolemy/domains/de/test/auto/ResetTransitionWithStartTime4.xml
auto.tcl: Setting watchdog for 200 seconds at Fri Oct 18 05:57:53 UTC 2019
9 ms. Memory: 48128K Free: 26467K (55%)
ptolemy.util.test.WatchDog.cancel(): canceling Fri Oct 18 05:57:53 UTC 2019
auto.tcl: Setting watchdog for 200 seconds at Fri Oct 18 05:57:53 UTC 2019
4 ms. Memory: 48128K Free: 25035K (52%)
ptolemy.util.test.WatchDog.cancel(): canceling Fri Oct 18 05:57:53 UTC 2019
------------------ testing $PTII/ptolemy/domains/de/test/auto/ResettableTimer1.xml
auto.tcl: Setting watchdog for 200 seconds at Fri Oct 18 05:57:53 UTC 2019
5 ms. Memory: 48128K Free: 30077K (62%)
ptolemy.util.test.WatchDog.cancel(): canceling Fri Oct 18 05:57:53 UTC 2019
auto.tcl: Setting watchdog for 200 seconds at Fri Oct 18 05:57:53 UTC 2019
3 ms. Memory: 48128K Free: 29121K (61%)
ptolemy.util.test.WatchDog.cancel(): canceling Fri Oct 18 05:57:53 UTC 2019
------------------ testing $PTII/ptolemy/domains/de/test/auto/ResettableTimer2.xml
auto.tcl: Setting watchdog for 200 seconds at Fri Oct 18 05:57:53 UTC 2019
3 ms. Memory: 48128K Free: 30133K (63%)
ptolemy.util.test.WatchDog.cancel(): canceling Fri Oct 18 05:57:53 UTC 2019
auto.tcl: Setting watchdog for 200 seconds at Fri Oct 18 05:57:53 UTC 2019
2 ms. Memory: 48128K Free: 29191K (61%)
ptolemy.util.test.WatchDog.cancel(): canceling Fri Oct 18 05:57:53 UTC 2019
------------------ testing $PTII/ptolemy/domains/de/test/auto/ResettableTimer3.xml
auto.tcl: Setting watchdog for 200 seconds at Fri Oct 18 05:57:53 UTC 2019
1 ms. Memory: 48128K Free: 30166K (63%)
ptolemy.util.test.WatchDog.cancel(): canceling Fri Oct 18 05:57:53 UTC 2019
auto.tcl: Setting watchdog for 200 seconds at Fri Oct 18 05:57:53 UTC 2019
1 ms. Memory: 48128K Free: 30133K (63%)
ptolemy.util.test.WatchDog.cancel(): canceling Fri Oct 18 05:57:53 UTC 2019
------------------ testing $PTII/ptolemy/domains/de/test/auto/ResettableTimer4.xml
auto.tcl: Setting watchdog for 200 seconds at Fri Oct 18 05:57:53 UTC 2019
1 ms. Memory: 48128K Free: 30163K (63%)
ptolemy.util.test.WatchDog.cancel(): canceling Fri Oct 18 05:57:53 UTC 2019
auto.tcl: Setting watchdog for 200 seconds at Fri Oct 18 05:57:53 UTC 2019
1 ms. Memory: 48128K Free: 29681K (62%)
ptolemy.util.test.WatchDog.cancel(): canceling Fri Oct 18 05:57:53 UTC 2019
------------------ testing $PTII/ptolemy/domains/de/test/auto/ResettableTimer5.xml
auto.tcl: Setting watchdog for 200 seconds at Fri Oct 18 05:57:53 UTC 2019
2 ms. Memory: 48128K Free: 29630K (62%)
ptolemy.util.test.WatchDog.cancel(): canceling Fri Oct 18 05:57:53 UTC 2019
auto.tcl: Setting watchdog for 200 seconds at Fri Oct 18 05:57:53 UTC 2019
2 ms. Memory: 48128K Free: 29168K (61%)
ptolemy.util.test.WatchDog.cancel(): canceling Fri Oct 18 05:57:53 UTC 2019
------------------ testing $PTII/ptolemy/domains/de/test/auto/ResettableTimer6.xml
auto.tcl: Setting watchdog for 200 seconds at Fri Oct 18 05:57:53 UTC 2019
2 ms. Memory: 48128K Free: 29614K (62%)
ptolemy.util.test.WatchDog.cancel(): canceling Fri Oct 18 05:57:53 UTC 2019
auto.tcl: Setting watchdog for 200 seconds at Fri Oct 18 05:57:53 UTC 2019
2 ms. Memory: 48128K Free: 29152K (61%)
ptolemy.util.test.WatchDog.cancel(): canceling Fri Oct 18 05:57:53 UTC 2019
------------------ testing $PTII/ptolemy/domains/de/test/auto/ServerZeroDelay.xml
auto.tcl: Setting watchdog for 200 seconds at Fri Oct 18 05:57:53 UTC 2019
5 ms. Memory: 48128K Free: 30125K (63%)
ptolemy.util.test.WatchDog.cancel(): canceling Fri Oct 18 05:57:53 UTC 2019
auto.tcl: Setting watchdog for 200 seconds at Fri Oct 18 05:57:53 UTC 2019
3 ms. Memory: 48128K Free: 29169K (61%)
ptolemy.util.test.WatchDog.cancel(): canceling Fri Oct 18 05:57:53 UTC 2019
------------------ testing $PTII/ptolemy/domains/de/test/auto/SmartSender.xml
auto.tcl: Setting watchdog for 200 seconds at Fri Oct 18 05:57:53 UTC 2019
3001 ms. Memory: 48128K Free: 30138K (63%)
ptolemy.util.test.WatchDog.cancel(): canceling Fri Oct 18 05:57:56 UTC 2019
auto.tcl: Setting watchdog for 200 seconds at Fri Oct 18 05:57:56 UTC 2019
3002 ms. Memory: 48128K Free: 29656K (62%)
ptolemy.util.test.WatchDog.cancel(): canceling Fri Oct 18 05:57:59 UTC 2019
------------------ testing $PTII/ptolemy/domains/de/test/auto/ThreadedComposite.xml
auto.tcl: Setting watchdog for 200 seconds at Fri Oct 18 05:57:59 UTC 2019
268 ms. Memory: 48128K Free: 11188K (23%)
ptolemy.util.test.WatchDog.cancel(): canceling Fri Oct 18 05:58:00 UTC 2019
auto.tcl: Setting watchdog for 200 seconds at Fri Oct 18 05:58:00 UTC 2019
166 ms. Memory: 48128K Free: 24023K (50%)
ptolemy.util.test.WatchDog.cancel(): canceling Fri Oct 18 05:58:00 UTC 2019
------------------ testing $PTII/ptolemy/domains/de/test/auto/Time.xml
auto.tcl: Setting watchdog for 200 seconds at Fri Oct 18 05:58:00 UTC 2019
662 ms. Memory: 48128K Free: 28264K (59%)
ptolemy.util.test.WatchDog.cancel(): canceling Fri Oct 18 05:58:01 UTC 2019
auto.tcl: Setting watchdog for 200 seconds at Fri Oct 18 05:58:01 UTC 2019
617 ms. Memory: 48128K Free: 26842K (56%)
ptolemy.util.test.WatchDog.cancel(): canceling Fri Oct 18 05:58:01 UTC 2019
------------------ testing $PTII/ptolemy/domains/de/test/auto/TimeDelayZeroDelay.xml
auto.tcl: Setting watchdog for 200 seconds at Fri Oct 18 05:58:01 UTC 2019
3 ms. Memory: 48128K Free: 30553K (63%)
ptolemy.util.test.WatchDog.cancel(): canceling Fri Oct 18 05:58:01 UTC 2019
auto.tcl: Setting watchdog for 200 seconds at Fri Oct 18 05:58:01 UTC 2019
3 ms. Memory: 48128K Free: 29646K (62%)
ptolemy.util.test.WatchDog.cancel(): canceling Fri Oct 18 05:58:01 UTC 2019
------------------ testing $PTII/ptolemy/domains/de/test/auto/TimerZeroDelay.xml
auto.tcl: Setting watchdog for 200 seconds at Fri Oct 18 05:58:01 UTC 2019
2 ms. Memory: 48128K Free: 30092K (63%)
ptolemy.util.test.WatchDog.cancel(): canceling Fri Oct 18 05:58:01 UTC 2019
auto.tcl: Setting watchdog for 200 seconds at Fri Oct 18 05:58:01 UTC 2019
3 ms. Memory: 48128K Free: 29251K (61%)
ptolemy.util.test.WatchDog.cancel(): canceling Fri Oct 18 05:58:01 UTC 2019
------------------ testing $PTII/ptolemy/domains/de/test/auto/TimingParadox.xml
auto.tcl: Setting watchdog for 200 seconds at Fri Oct 18 05:58:01 UTC 2019
393 ms. Memory: 48128K Free: 14318K (30%)
ptolemy.util.test.WatchDog.cancel(): canceling Fri Oct 18 05:58:02 UTC 2019
auto.tcl: Setting watchdog for 200 seconds at Fri Oct 18 05:58:02 UTC 2019
392 ms. Memory: 58368K Free: 13719K (24%)
ptolemy.util.test.WatchDog.cancel(): canceling Fri Oct 18 05:58:02 UTC 2019
------------------ testing $PTII/ptolemy/domains/de/test/auto/TransferInputs.xml
auto.tcl: Setting watchdog for 200 seconds at Fri Oct 18 05:58:03 UTC 2019
2 ms. Memory: 55296K Free: 35728K (65%)
ptolemy.util.test.WatchDog.cancel(): canceling Fri Oct 18 05:58:03 UTC 2019
auto.tcl: Setting watchdog for 200 seconds at Fri Oct 18 05:58:03 UTC 2019
2 ms. Memory: 55296K Free: 34839K (63%)
ptolemy.util.test.WatchDog.cancel(): canceling Fri Oct 18 05:58:03 UTC 2019
------------------ testing $PTII/ptolemy/domains/de/test/auto/TransferOutputs2.xml
auto.tcl: Setting watchdog for 200 seconds at Fri Oct 18 05:58:03 UTC 2019
4 ms. Memory: 51200K Free: 29074K (57%)
ptolemy.util.test.WatchDog.cancel(): canceling Fri Oct 18 05:58:03 UTC 2019
auto.tcl: Setting watchdog for 200 seconds at Fri Oct 18 05:58:03 UTC 2019
4 ms. Memory: 51200K Free: 27657K (54%)
ptolemy.util.test.WatchDog.cancel(): canceling Fri Oct 18 05:58:03 UTC 2019
------------------ testing $PTII/ptolemy/domains/de/test/auto/Trilateration.xml
auto.tcl: Setting watchdog for 200 seconds at Fri Oct 18 05:58:03 UTC 2019
15657 ms. Memory: 475136K Free: 363963K (77%)
ptolemy.util.test.WatchDog.cancel(): canceling Fri Oct 18 05:58:19 UTC 2019
auto.tcl: Setting watchdog for 200 seconds at Fri Oct 18 05:58:19 UTC 2019
11321 ms. Memory: 475136K Free: 265149K (56%)
ptolemy.util.test.WatchDog.cancel(): canceling Fri Oct 18 05:58:31 UTC 2019
------------------ testing $PTII/ptolemy/domains/de/test/auto/TwoSigmaDelta.xml
auto.tcl: Setting watchdog for 200 seconds at Fri Oct 18 05:58:31 UTC 2019
2723 ms. Memory: 89088K Free: 17002K (19%)
ptolemy.util.test.WatchDog.cancel(): canceling Fri Oct 18 05:58:34 UTC 2019
auto.tcl: Setting watchdog for 200 seconds at Fri Oct 18 05:58:34 UTC 2019
2187 ms. Memory: 89088K Free: 13392K (15%)
ptolemy.util.test.WatchDog.cancel(): canceling Fri Oct 18 05:58:36 UTC 2019
------------------ testing $PTII/ptolemy/domains/de/test/auto/VariableDelay.xml
auto.tcl: Setting watchdog for 200 seconds at Fri Oct 18 05:58:36 UTC 2019
4 ms. Memory: 51200K Free: 32124K (63%)
ptolemy.util.test.WatchDog.cancel(): canceling Fri Oct 18 05:58:36 UTC 2019
auto.tcl: Setting watchdog for 200 seconds at Fri Oct 18 05:58:36 UTC 2019
2 ms. Memory: 51200K Free: 31114K (61%)
ptolemy.util.test.WatchDog.cancel(): canceling Fri Oct 18 05:58:36 UTC 2019
------------------ testing $PTII/ptolemy/domains/de/test/auto/VariableDelay2.xml
auto.tcl: Setting watchdog for 200 seconds at Fri Oct 18 05:58:36 UTC 2019
7 ms. Memory: 51200K Free: 32721K (64%)
ptolemy.util.test.WatchDog.cancel(): canceling Fri Oct 18 05:58:36 UTC 2019
auto.tcl: Setting watchdog for 200 seconds at Fri Oct 18 05:58:36 UTC 2019
2 ms. Memory: 51200K Free: 32026K (63%)
ptolemy.util.test.WatchDog.cancel(): canceling Fri Oct 18 05:58:36 UTC 2019
------------------ testing $PTII/ptolemy/domains/de/test/auto/VariableDelayZeroDelay.xml
auto.tcl: Setting watchdog for 200 seconds at Fri Oct 18 05:58:36 UTC 2019
2 ms. Memory: 48128K Free: 29977K (62%)
ptolemy.util.test.WatchDog.cancel(): canceling Fri Oct 18 05:58:36 UTC 2019
auto.tcl: Setting watchdog for 200 seconds at Fri Oct 18 05:58:36 UTC 2019
2 ms. Memory: 48128K Free: 29496K (61%)
ptolemy.util.test.WatchDog.cancel(): canceling Fri Oct 18 05:58:36 UTC 2019
------------------ testing $PTII/ptolemy/domains/de/test/auto/VariableDelayZeroDelay2.xml
auto.tcl: Setting watchdog for 200 seconds at Fri Oct 18 05:58:36 UTC 2019
2 ms. Memory: 48128K Free: 29977K (62%)
ptolemy.util.test.WatchDog.cancel(): canceling Fri Oct 18 05:58:36 UTC 2019
auto.tcl: Setting watchdog for 200 seconds at Fri Oct 18 05:58:36 UTC 2019
2 ms. Memory: 48128K Free: 29044K (60%)
ptolemy.util.test.WatchDog.cancel(): canceling Fri Oct 18 05:58:36 UTC 2019
------------------ testing $PTII/ptolemy/domains/de/test/auto/deInCt.xml
auto.tcl: Setting watchdog for 200 seconds at Fri Oct 18 05:58:36 UTC 2019
0
1
1
1
0
0
0
1
1
0
0
0
1
1
0
0
1
1
1
0
0
0
0
0
1
1
1
0
0
0
1
1
1
1
0
0
0
1
1
0
0
0
1
1
1
0
0
0
1
1
1
0
0
0
1
1
1
1
22 ms. Memory: 48128K Free: 28950K (60%)
ptolemy.util.test.WatchDog.cancel(): canceling Fri Oct 18 05:58:36 UTC 2019
auto.tcl: Setting watchdog for 200 seconds at Fri Oct 18 05:58:36 UTC 2019
0
1
1
1
0
0
0
0
1
1
1
0
0
0
0
0
0
0
1
1
1
0
0
0
1
1
1
0
0
0
0
0
5 ms. Memory: 48128K Free: 27415K (57%)
ptolemy.util.test.WatchDog.cancel(): canceling Fri Oct 18 05:58:36 UTC 2019
------------------ testing $PTII/ptolemy/domains/de/test/auto/deInCt2.xml
auto.tcl: Setting watchdog for 200 seconds at Fri Oct 18 05:58:36 UTC 2019
0
1
1
1
0
0
1
1
1
0
0
1
1
1
0
0
1
1
1
0
0
1
1
1
0
0
1
1
1
0
0
1
1
1
0
0
1
1
1
0
0
0
8 ms. Memory: 48128K Free: 28952K (60%)
ptolemy.util.test.WatchDog.cancel(): canceling Fri Oct 18 05:58:36 UTC 2019
auto.tcl: Setting watchdog for 200 seconds at Fri Oct 18 05:58:36 UTC 2019
0
1
1
1
0
0
1
1
1
0
0
1
1
1
0
0
1
1
1
0
0
1
1
1
0
0
1
1
1
0
0
1
1
1
0
0
1
1
1
0
0
0
5 ms. Memory: 48128K Free: 27427K (57%)
ptolemy.util.test.WatchDog.cancel(): canceling Fri Oct 18 05:58:36 UTC 2019
------------------ testing $PTII/ptolemy/domains/de/test/auto/dynamicCausalityInterface1.xml
auto.tcl: Setting watchdog for 200 seconds at Fri Oct 18 05:58:36 UTC 2019
2 ms. Memory: 48128K Free: 24323K (51%)
ptolemy.util.test.WatchDog.cancel(): canceling Fri Oct 18 05:58:37 UTC 2019
auto.tcl: Setting watchdog for 200 seconds at Fri Oct 18 05:58:37 UTC 2019
1 ms. Memory: 48128K Free: 23846K (50%)
ptolemy.util.test.WatchDog.cancel(): canceling Fri Oct 18 05:58:37 UTC 2019
------------------ testing $PTII/ptolemy/domains/de/test/auto/fsm_de_test.xml
auto.tcl: Setting watchdog for 200 seconds at Fri Oct 18 05:58:37 UTC 2019
10 ms. Memory: 48128K Free: 24749K (51%)
ptolemy.util.test.WatchDog.cancel(): canceling Fri Oct 18 05:58:37 UTC 2019
auto.tcl: Setting watchdog for 200 seconds at Fri Oct 18 05:58:37 UTC 2019
6 ms. Memory: 48128K Free: 22701K (47%)
ptolemy.util.test.WatchDog.cancel(): canceling Fri Oct 18 05:58:37 UTC 2019
------------------ testing $PTII/ptolemy/domains/de/test/auto/functionDependencyReconstruction.xml
auto.tcl: Setting watchdog for 200 seconds at Fri Oct 18 05:58:37 UTC 2019
10 ms. Memory: 48128K Free: 18595K (39%)
ptolemy.util.test.WatchDog.cancel(): canceling Fri Oct 18 05:58:37 UTC 2019
auto.tcl: Setting watchdog for 200 seconds at Fri Oct 18 05:58:37 UTC 2019
4 ms. Memory: 48128K Free: 16631K (35%)
ptolemy.util.test.WatchDog.cancel(): canceling Fri Oct 18 05:58:37 UTC 2019
------------------ testing $PTII/ptolemy/domains/de/test/auto/multirate.xml
auto.tcl: Setting watchdog for 200 seconds at Fri Oct 18 05:58:37 UTC 2019
4 ms. Memory: 48128K Free: 27198K (57%)
ptolemy.util.test.WatchDog.cancel(): canceling Fri Oct 18 05:58:37 UTC 2019
auto.tcl: Setting watchdog for 200 seconds at Fri Oct 18 05:58:37 UTC 2019
2 ms. Memory: 48128K Free: 25747K (53%)
ptolemy.util.test.WatchDog.cancel(): canceling Fri Oct 18 05:58:37 UTC 2019
------------------ testing $PTII/ptolemy/domains/de/test/auto/multirate2.xml
auto.tcl: Setting watchdog for 200 seconds at Fri Oct 18 05:58:37 UTC 2019
2 ms. Memory: 48128K Free: 27379K (57%)
ptolemy.util.test.WatchDog.cancel(): canceling Fri Oct 18 05:58:37 UTC 2019
auto.tcl: Setting watchdog for 200 seconds at Fri Oct 18 05:58:37 UTC 2019
3 ms. Memory: 48128K Free: 25901K (54%)
ptolemy.util.test.WatchDog.cancel(): canceling Fri Oct 18 05:58:37 UTC 2019
------------------ testing $PTII/ptolemy/domains/de/test/auto/realtime.xml
auto.tcl: Setting watchdog for 200 seconds at Fri Oct 18 05:58:37 UTC 2019
10001 ms. Memory: 48128K Free: 29670K (62%)
ptolemy.util.test.WatchDog.cancel(): canceling Fri Oct 18 05:58:47 UTC 2019
auto.tcl: Setting watchdog for 200 seconds at Fri Oct 18 05:58:47 UTC 2019
10001 ms. Memory: 48128K Free: 28929K (60%)
ptolemy.util.test.WatchDog.cancel(): canceling Fri Oct 18 05:58:57 UTC 2019
------------------ testing $PTII/ptolemy/domains/de/test/auto/relationGroup.xml
auto.tcl: Setting watchdog for 200 seconds at Fri Oct 18 05:58:57 UTC 2019
3 ms. Memory: 48128K Free: 30699K (64%)
ptolemy.util.test.WatchDog.cancel(): canceling Fri Oct 18 05:58:57 UTC 2019
auto.tcl: Setting watchdog for 200 seconds at Fri Oct 18 05:58:57 UTC 2019
2 ms. Memory: 48128K Free: 29979K (62%)
ptolemy.util.test.WatchDog.cancel(): canceling Fri Oct 18 05:58:57 UTC 2019
------------------ testing $PTII/ptolemy/domains/de/test/auto/relationGroup2.xml
auto.tcl: Setting watchdog for 200 seconds at Fri Oct 18 05:58:57 UTC 2019
2 ms. Memory: 48128K Free: 30514K (63%)
ptolemy.util.test.WatchDog.cancel(): canceling Fri Oct 18 05:58:57 UTC 2019
auto.tcl: Setting watchdog for 200 seconds at Fri Oct 18 05:58:57 UTC 2019
2 ms. Memory: 48128K Free: 29513K (61%)
ptolemy.util.test.WatchDog.cancel(): canceling Fri Oct 18 05:58:57 UTC 2019
------------------ testing $PTII/ptolemy/domains/de/test/auto/sortWithOpaquePorts.xml
auto.tcl: Setting watchdog for 200 seconds at Fri Oct 18 05:58:57 UTC 2019
2 ms. Memory: 48128K Free: 29476K (61%)
ptolemy.util.test.WatchDog.cancel(): canceling Fri Oct 18 05:58:57 UTC 2019
auto.tcl: Setting watchdog for 200 seconds at Fri Oct 18 05:58:57 UTC 2019
2 ms. Memory: 48128K Free: 28507K (59%)
ptolemy.util.test.WatchDog.cancel(): canceling Fri Oct 18 05:58:57 UTC 2019
------------------ testing $PTII/ptolemy/domains/de/test/auto/transferInputsandOutputs.xml
auto.tcl: Setting watchdog for 200 seconds at Fri Oct 18 05:58:57 UTC 2019
4 ms. Memory: 48128K Free: 26920K (56%)
ptolemy.util.test.WatchDog.cancel(): canceling Fri Oct 18 05:58:57 UTC 2019
auto.tcl: Setting watchdog for 200 seconds at Fri Oct 18 05:58:57 UTC 2019
3 ms. Memory: 48128K Free: 25934K (54%)
ptolemy.util.test.WatchDog.cancel(): canceling Fri Oct 18 05:58:57 UTC 2019
------------------ testing $PTII/ptolemy/domains/de/test/auto/triggerType.xml
auto.tcl: Setting watchdog for 200 seconds at Fri Oct 18 05:58:57 UTC 2019
1 ms. Memory: 48128K Free: 29945K (62%)
ptolemy.util.test.WatchDog.cancel(): canceling Fri Oct 18 05:58:57 UTC 2019
auto.tcl: Setting watchdog for 200 seconds at Fri Oct 18 05:58:57 UTC 2019
2 ms. Memory: 48128K Free: 28959K (60%)
ptolemy.util.test.WatchDog.cancel(): canceling Fri Oct 18 05:58:57 UTC 2019
10/18/19 05:58:57
Failed: 0  Total Tests: 192  ((Passed: 187, Newly Passed: 1)  Known Failed: 5) /home/travis/build/icyphy/ptII/ptolemy/domains/de/test
10/18/19 05:58:57
Failed: 0  Total Tests: 192  ((Passed: 187, Newly Passed: 1)  Known Failed: 5) /home/travis/build/icyphy/ptII/ptolemy/domains/de/test
----------------- testing (KnownFailure) /home/travis/build/icyphy/ptII/ptolemy/domains/de/test/auto/knownFailedTests/DESDFClockTest.xml
2014 ms. Memory: 48128K Free: 23339K (48%)
Known Failure: java.lang.reflect.InvocationTargetException
----------------- testing (KnownFailure) /home/travis/build/icyphy/ptII/ptolemy/domains/de/test/auto/knownFailedTests/DirectFeedback.xml
2 ms. Memory: 48128K Free: 19243K (40%)
Known Failure: java.lang.reflect.InvocationTargetException
----------------- testing (KnownFailure) /home/travis/build/icyphy/ptII/ptolemy/domains/de/test/auto/knownFailedTests/FSMSource.xml
18 ms. Memory: 48128K Free: 11565K (24%)
----------------- testing (KnownFailure) /home/travis/build/icyphy/ptII/ptolemy/domains/de/test/auto/knownFailedTests/HierarchicalModel.xml
4 ms. Memory: 48128K Free: 21362K (44%)
Known Failure: java.lang.reflect.InvocationTargetException
----------------- testing (KnownFailure) /home/travis/build/icyphy/ptII/ptolemy/domains/de/test/auto/knownFailedTests/dependencyLoop.xml
7 ms. Memory: 48128K Free: 31822K (66%)
Known Failure: java.lang.reflect.InvocationTargetException
----------------- testing (KnownFailure) /home/travis/build/icyphy/ptII/ptolemy/domains/de/test/auto/knownFailedTests/dependencyLoop2.xml
8 ms. Memory: 48128K Free: 16503K (34%)
Known Failure: java.lang.reflect.InvocationTargetException
No auto/linux-amd64/*.xml tests in /home/travis/build/icyphy/ptII/ptolemy/domains/de/test
AutoTests.java: About to close Vertx.
AutoTests.java: Vertx closed.

===========================================================================================
----------------- testing Fri Oct 18 05:59:00 UTC 2019 /home/travis/build/icyphy/ptII/ptolemy/domains/de/test/auto/ActorDepthCalculation_actorWithoutPorts.xml
----------------- Instantiating /home/travis/build/icyphy/ptII/ptolemy/domains/de/test/auto/ActorDepthCalculation_actorWithoutPorts.xml
2 ms. Memory: 48128K Free: 9894K (21%)
----------------- Invoking toplevel() on ptolemy.moml.MoMLSimpleApplication@48b7befa
----------------- Done invoking toplevel() on ptolemy.moml.MoMLSimpleApplication@48b7befa
reloadAllAccessors: .ActorDepthCalculation_actorWithoutPorts

===========================================================================================
----------------- testing Fri Oct 18 05:59:00 UTC 2019 /home/travis/build/icyphy/ptII/ptolemy/domains/de/test/auto/AssemblyLine.xml
----------------- Instantiating /home/travis/build/icyphy/ptII/ptolemy/domains/de/test/auto/AssemblyLine.xml
3 ms. Memory: 48128K Free: 28617K (59%)
----------------- Invoking toplevel() on ptolemy.moml.MoMLSimpleApplication@4107fd67
----------------- Done invoking toplevel() on ptolemy.moml.MoMLSimpleApplication@4107fd67
reloadAllAccessors: .AssemblyLine

===========================================================================================
----------------- testing Fri Oct 18 05:59:00 UTC 2019 /home/travis/build/icyphy/ptII/ptolemy/domains/de/test/auto/CQBug1.xml
----------------- Instantiating /home/travis/build/icyphy/ptII/ptolemy/domains/de/test/auto/CQBug1.xml
1 ms. Memory: 48128K Free: 25626K (53%)
----------------- Invoking toplevel() on ptolemy.moml.MoMLSimpleApplication@4829b29d
----------------- Done invoking toplevel() on ptolemy.moml.MoMLSimpleApplication@4829b29d
reloadAllAccessors: .CQBug1

===========================================================================================
----------------- testing Fri Oct 18 05:59:00 UTC 2019 /home/travis/build/icyphy/ptII/ptolemy/domains/de/test/auto/CancelFireAt.xml
----------------- Instantiating /home/travis/build/icyphy/ptII/ptolemy/domains/de/test/auto/CancelFireAt.xml
1 ms. Memory: 48128K Free: 23270K (48%)
----------------- Invoking toplevel() on ptolemy.moml.MoMLSimpleApplication@501c5aba
----------------- Done invoking toplevel() on ptolemy.moml.MoMLSimpleApplication@501c5aba
reloadAllAccessors: .CancelFireAt

===========================================================================================
----------------- testing Fri Oct 18 05:59:00 UTC 2019 /home/travis/build/icyphy/ptII/ptolemy/domains/de/test/auto/CausalityAndComposabilityAnalysis.xml
----------------- Instantiating /home/travis/build/icyphy/ptII/ptolemy/domains/de/test/auto/CausalityAndComposabilityAnalysis.xml
12 ms. Memory: 48128K Free: 19041K (40%)
----------------- Invoking toplevel() on ptolemy.moml.MoMLSimpleApplication@4ed18d65
----------------- Done invoking toplevel() on ptolemy.moml.MoMLSimpleApplication@4ed18d65
reloadAllAccessors: .CausalityAndComposabilityAnalysis

===========================================================================================
----------------- testing Fri Oct 18 05:59:00 UTC 2019 /home/travis/build/icyphy/ptII/ptolemy/domains/de/test/auto/CausalityInterface1.xml
----------------- Instantiating /home/travis/build/icyphy/ptII/ptolemy/domains/de/test/auto/CausalityInterface1.xml
6 ms. Memory: 48128K Free: 14291K (30%)
----------------- Invoking toplevel() on ptolemy.moml.MoMLSimpleApplication@33eca0fa
----------------- Done invoking toplevel() on ptolemy.moml.MoMLSimpleApplication@33eca0fa
reloadAllAccessors: .CausalityInterface1

===========================================================================================
----------------- testing Fri Oct 18 05:59:00 UTC 2019 /home/travis/build/icyphy/ptII/ptolemy/domains/de/test/auto/CausalityInterface15.xml
----------------- Instantiating /home/travis/build/icyphy/ptII/ptolemy/domains/de/test/auto/CausalityInterface15.xml
2 ms. Memory: 48128K Free: 8788K (18%)
----------------- Invoking toplevel() on ptolemy.moml.MoMLSimpleApplication@4ee99d0c
----------------- Done invoking toplevel() on ptolemy.moml.MoMLSimpleApplication@4ee99d0c
reloadAllAccessors: .CausalityInterface15

===========================================================================================
----------------- testing Fri Oct 18 05:59:00 UTC 2019 /home/travis/build/icyphy/ptII/ptolemy/domains/de/test/auto/CausalityInterface2.xml
----------------- Instantiating /home/travis/build/icyphy/ptII/ptolemy/domains/de/test/auto/CausalityInterface2.xml
2 ms. Memory: 48128K Free: 29935K (62%)
----------------- Invoking toplevel() on ptolemy.moml.MoMLSimpleApplication@34688882
----------------- Done invoking toplevel() on ptolemy.moml.MoMLSimpleApplication@34688882
reloadAllAccessors: .CausalityInterface2

===========================================================================================
----------------- testing Fri Oct 18 05:59:00 UTC 2019 /home/travis/build/icyphy/ptII/ptolemy/domains/de/test/auto/CausalityInterface3.xml
----------------- Instantiating /home/travis/build/icyphy/ptII/ptolemy/domains/de/test/auto/CausalityInterface3.xml
2 ms. Memory: 48128K Free: 24963K (52%)
----------------- Invoking toplevel() on ptolemy.moml.MoMLSimpleApplication@61d41ae
----------------- Done invoking toplevel() on ptolemy.moml.MoMLSimpleApplication@61d41ae
reloadAllAccessors: .CausalityInterface3

===========================================================================================
----------------- testing Fri Oct 18 05:59:00 UTC 2019 /home/travis/build/icyphy/ptII/ptolemy/domains/de/test/auto/ClockDrift.xml
----------------- Instantiating /home/travis/build/icyphy/ptII/ptolemy/domains/de/test/auto/ClockDrift.xml
15 ms. Memory: 48128K Free: 13300K (28%)
----------------- Invoking toplevel() on ptolemy.moml.MoMLSimpleApplication@22839214
----------------- Done invoking toplevel() on ptolemy.moml.MoMLSimpleApplication@22839214
reloadAllAccessors: .ClockDrift

===========================================================================================
----------------- testing Fri Oct 18 05:59:00 UTC 2019 /home/travis/build/icyphy/ptII/ptolemy/domains/de/test/auto/ClockDriftAndValueChange.xml
----------------- Instantiating /home/travis/build/icyphy/ptII/ptolemy/domains/de/test/auto/ClockDriftAndValueChange.xml
13 ms. Memory: 48128K Free: 27225K (57%)
----------------- Invoking toplevel() on ptolemy.moml.MoMLSimpleApplication@14aa4d86
----------------- Done invoking toplevel() on ptolemy.moml.MoMLSimpleApplication@14aa4d86
reloadAllAccessors: .ClockDriftAndValueChange

===========================================================================================
----------------- testing Fri Oct 18 05:59:00 UTC 2019 /home/travis/build/icyphy/ptII/ptolemy/domains/de/test/auto/ClockDriftChange.xml
----------------- Instantiating /home/travis/build/icyphy/ptII/ptolemy/domains/de/test/auto/ClockDriftChange.xml
10 ms. Memory: 48128K Free: 17272K (36%)
----------------- Invoking toplevel() on ptolemy.moml.MoMLSimpleApplication@1ac7d4ce
----------------- Done invoking toplevel() on ptolemy.moml.MoMLSimpleApplication@1ac7d4ce
reloadAllAccessors: .ClockDriftChange

===========================================================================================
----------------- testing Fri Oct 18 05:59:00 UTC 2019 /home/travis/build/icyphy/ptII/ptolemy/domains/de/test/auto/ComposableCausalityAnalysis.xml
----------------- Instantiating /home/travis/build/icyphy/ptII/ptolemy/domains/de/test/auto/ComposableCausalityAnalysis.xml
2 ms. Memory: 48128K Free: 11565K (24%)
----------------- Invoking toplevel() on ptolemy.moml.MoMLSimpleApplication@19e80298
----------------- Done invoking toplevel() on ptolemy.moml.MoMLSimpleApplication@19e80298
reloadAllAccessors: .ComposableCausalityAnalysis

===========================================================================================
----------------- testing Fri Oct 18 05:59:00 UTC 2019 /home/travis/build/icyphy/ptII/ptolemy/domains/de/test/auto/DEFixedPointLimitation.xml
----------------- Instantiating /home/travis/build/icyphy/ptII/ptolemy/domains/de/test/auto/DEFixedPointLimitation.xml
2 ms. Memory: 48128K Free: 31696K (66%)
----------------- Invoking toplevel() on ptolemy.moml.MoMLSimpleApplication@370878a1
----------------- Done invoking toplevel() on ptolemy.moml.MoMLSimpleApplication@370878a1
reloadAllAccessors: .DEFixedPointLimitation

===========================================================================================
----------------- testing Fri Oct 18 05:59:00 UTC 2019 /home/travis/build/icyphy/ptII/ptolemy/domains/de/test/auto/DEScheduleTest.xml
----------------- Instantiating /home/travis/build/icyphy/ptII/ptolemy/domains/de/test/auto/DEScheduleTest.xml
2 ms. Memory: 48128K Free: 27600K (57%)
----------------- Invoking toplevel() on ptolemy.moml.MoMLSimpleApplication@3c5c1b15
----------------- Done invoking toplevel() on ptolemy.moml.MoMLSimpleApplication@3c5c1b15
reloadAllAccessors: .DEScheduleTest

===========================================================================================
----------------- testing Fri Oct 18 05:59:00 UTC 2019 /home/travis/build/icyphy/ptII/ptolemy/domains/de/test/auto/DEinDEwithStartTimes.xml
----------------- Instantiating /home/travis/build/icyphy/ptII/ptolemy/domains/de/test/auto/DEinDEwithStartTimes.xml
2 ms. Memory: 48128K Free: 21909K (46%)
----------------- Invoking toplevel() on ptolemy.moml.MoMLSimpleApplication@b8261e7
----------------- Done invoking toplevel() on ptolemy.moml.MoMLSimpleApplication@b8261e7
reloadAllAccessors: .DEinDEwithStartTimes

===========================================================================================
----------------- testing Fri Oct 18 05:59:00 UTC 2019 /home/travis/build/icyphy/ptII/ptolemy/domains/de/test/auto/DEinDEwithStartTimes2.xml
----------------- Instantiating /home/travis/build/icyphy/ptII/ptolemy/domains/de/test/auto/DEinDEwithStartTimes2.xml
3 ms. Memory: 48128K Free: 15325K (32%)
----------------- Invoking toplevel() on ptolemy.moml.MoMLSimpleApplication@667edc93
----------------- Done invoking toplevel() on ptolemy.moml.MoMLSimpleApplication@667edc93
reloadAllAccessors: .DEinDEwithStartTimes2

===========================================================================================
----------------- testing Fri Oct 18 05:59:00 UTC 2019 /home/travis/build/icyphy/ptII/ptolemy/domains/de/test/auto/DateDemo.xml
----------------- Instantiating /home/travis/build/icyphy/ptII/ptolemy/domains/de/test/auto/DateDemo.xml
10 ms. Memory: 48128K Free: 28707K (60%)
----------------- Invoking toplevel() on ptolemy.moml.MoMLSimpleApplication@2dd4000d
----------------- Done invoking toplevel() on ptolemy.moml.MoMLSimpleApplication@2dd4000d
reloadAllAccessors: .DateDemo

===========================================================================================
----------------- testing Fri Oct 18 05:59:00 UTC 2019 /home/travis/build/icyphy/ptII/ptolemy/domains/de/test/auto/DateToEvent.xml
----------------- Instantiating /home/travis/build/icyphy/ptII/ptolemy/domains/de/test/auto/DateToEvent.xml
2005 ms. Memory: 48128K Free: 13055K (27%)
----------------- Invoking toplevel() on ptolemy.moml.MoMLSimpleApplication@3db4b50c
----------------- Done invoking toplevel() on ptolemy.moml.MoMLSimpleApplication@3db4b50c
reloadAllAccessors: .DateToEvent

===========================================================================================
----------------- testing Fri Oct 18 05:59:02 UTC 2019 /home/travis/build/icyphy/ptII/ptolemy/domains/de/test/auto/DepthTest1.xml
----------------- Instantiating /home/travis/build/icyphy/ptII/ptolemy/domains/de/test/auto/DepthTest1.xml
1 ms. Memory: 48128K Free: 10300K (21%)
----------------- Invoking toplevel() on ptolemy.moml.MoMLSimpleApplication@199df8d4
----------------- Done invoking toplevel() on ptolemy.moml.MoMLSimpleApplication@199df8d4
reloadAllAccessors: .DepthTest1

===========================================================================================
----------------- testing Fri Oct 18 05:59:02 UTC 2019 /home/travis/build/icyphy/ptII/ptolemy/domains/de/test/auto/DepthTest2.xml
----------------- Instantiating /home/travis/build/icyphy/ptII/ptolemy/domains/de/test/auto/DepthTest2.xml
1 ms. Memory: 48128K Free: 28504K (59%)
----------------- Invoking toplevel() on ptolemy.moml.MoMLSimpleApplication@15cdbaf5
----------------- Done invoking toplevel() on ptolemy.moml.MoMLSimpleApplication@15cdbaf5
reloadAllAccessors: .DepthTest2

===========================================================================================
----------------- testing Fri Oct 18 05:59:02 UTC 2019 /home/travis/build/icyphy/ptII/ptolemy/domains/de/test/auto/DepthTest3.xml
----------------- Instantiating /home/travis/build/icyphy/ptII/ptolemy/domains/de/test/auto/DepthTest3.xml
2 ms. Memory: 48128K Free: 25486K (53%)
----------------- Invoking toplevel() on ptolemy.moml.MoMLSimpleApplication@54e4e64c
----------------- Done invoking toplevel() on ptolemy.moml.MoMLSimpleApplication@54e4e64c
reloadAllAccessors: .DepthTest3

===========================================================================================
----------------- testing Fri Oct 18 05:59:02 UTC 2019 /home/travis/build/icyphy/ptII/ptolemy/domains/de/test/auto/DepthTest4.xml
----------------- Instantiating /home/travis/build/icyphy/ptII/ptolemy/domains/de/test/auto/DepthTest4.xml
10 ms. Memory: 48128K Free: 20798K (43%)
----------------- Invoking toplevel() on ptolemy.moml.MoMLSimpleApplication@7268bb1d
----------------- Done invoking toplevel() on ptolemy.moml.MoMLSimpleApplication@7268bb1d
reloadAllAccessors: .DepthTest4

===========================================================================================
----------------- testing Fri Oct 18 05:59:02 UTC 2019 /home/travis/build/icyphy/ptII/ptolemy/domains/de/test/auto/DepthTest5.xml
----------------- Instantiating /home/travis/build/icyphy/ptII/ptolemy/domains/de/test/auto/DepthTest5.xml
2 ms. Memory: 48128K Free: 15514K (32%)
----------------- Invoking toplevel() on ptolemy.moml.MoMLSimpleApplication@5f8fea52
----------------- Done invoking toplevel() on ptolemy.moml.MoMLSimpleApplication@5f8fea52
reloadAllAccessors: .DepthTest5

===========================================================================================
----------------- testing Fri Oct 18 05:59:02 UTC 2019 /home/travis/build/icyphy/ptII/ptolemy/domains/de/test/auto/DepthTest6.xml
----------------- Instantiating /home/travis/build/icyphy/ptII/ptolemy/domains/de/test/auto/DepthTest6.xml
2 ms. Memory: 48128K Free: 10190K (21%)
----------------- Invoking toplevel() on ptolemy.moml.MoMLSimpleApplication@45be49e8
----------------- Done invoking toplevel() on ptolemy.moml.MoMLSimpleApplication@45be49e8
reloadAllAccessors: .DepthTest6

===========================================================================================
----------------- testing Fri Oct 18 05:59:02 UTC 2019 /home/travis/build/icyphy/ptII/ptolemy/domains/de/test/auto/DepthTest7.xml
----------------- Instantiating /home/travis/build/icyphy/ptII/ptolemy/domains/de/test/auto/DepthTest7.xml
2 ms. Memory: 48128K Free: 30088K (63%)
----------------- Invoking toplevel() on ptolemy.moml.MoMLSimpleApplication@6751ecf3
----------------- Done invoking toplevel() on ptolemy.moml.MoMLSimpleApplication@6751ecf3
reloadAllAccessors: .DepthTest7

===========================================================================================
----------------- testing Fri Oct 18 05:59:02 UTC 2019 /home/travis/build/icyphy/ptII/ptolemy/domains/de/test/auto/EventToDate.xml
----------------- Instantiating /home/travis/build/icyphy/ptII/ptolemy/domains/de/test/auto/EventToDate.xml
3006 ms. Memory: 48128K Free: 16650K (35%)
----------------- Invoking toplevel() on ptolemy.moml.MoMLSimpleApplication@58457cbe
----------------- Done invoking toplevel() on ptolemy.moml.MoMLSimpleApplication@58457cbe
reloadAllAccessors: .EventToDate

===========================================================================================
----------------- testing Fri Oct 18 05:59:05 UTC 2019 /home/travis/build/icyphy/ptII/ptolemy/domains/de/test/auto/FSM1.xml
----------------- Instantiating /home/travis/build/icyphy/ptII/ptolemy/domains/de/test/auto/FSM1.xml
20 ms. Memory: 48128K Free: 29159K (61%)
----------------- Invoking toplevel() on ptolemy.moml.MoMLSimpleApplication@2b31c781
----------------- Done invoking toplevel() on ptolemy.moml.MoMLSimpleApplication@2b31c781
reloadAllAccessors: .FSM1

===========================================================================================
----------------- testing Fri Oct 18 05:59:05 UTC 2019 /home/travis/build/icyphy/ptII/ptolemy/domains/de/test/auto/FSM7.xml
----------------- Instantiating /home/travis/build/icyphy/ptII/ptolemy/domains/de/test/auto/FSM7.xml
16 ms. Memory: 48128K Free: 16699K (35%)
----------------- Invoking toplevel() on ptolemy.moml.MoMLSimpleApplication@3b53b36d
----------------- Done invoking toplevel() on ptolemy.moml.MoMLSimpleApplication@3b53b36d
reloadAllAccessors: .FSM7

===========================================================================================
----------------- testing Fri Oct 18 05:59:06 UTC 2019 /home/travis/build/icyphy/ptII/ptolemy/domains/de/test/auto/Inspection.xml
----------------- Instantiating /home/travis/build/icyphy/ptII/ptolemy/domains/de/test/auto/Inspection.xml
15 ms. Memory: 48128K Free: 29151K (61%)
----------------- Invoking toplevel() on ptolemy.moml.MoMLSimpleApplication@27b16414
----------------- Done invoking toplevel() on ptolemy.moml.MoMLSimpleApplication@27b16414
reloadAllAccessors: .Inspection

===========================================================================================
----------------- testing Fri Oct 18 05:59:06 UTC 2019 /home/travis/build/icyphy/ptII/ptolemy/domains/de/test/auto/Iteration.xml
----------------- Instantiating /home/travis/build/icyphy/ptII/ptolemy/domains/de/test/auto/Iteration.xml
12 ms. Memory: 48128K Free: 22193K (46%)
----------------- Invoking toplevel() on ptolemy.moml.MoMLSimpleApplication@527caab8
----------------- Done invoking toplevel() on ptolemy.moml.MoMLSimpleApplication@527caab8
reloadAllAccessors: .Iteration

===========================================================================================
----------------- testing Fri Oct 18 05:59:06 UTC 2019 /home/travis/build/icyphy/ptII/ptolemy/domains/de/test/auto/LineFault.xml
----------------- Instantiating /home/travis/build/icyphy/ptII/ptolemy/domains/de/test/auto/LineFault.xml
520 ms. Memory: 58368K Free: 27722K (47%)
----------------- Invoking toplevel() on ptolemy.moml.MoMLSimpleApplication@dfc2689
----------------- Done invoking toplevel() on ptolemy.moml.MoMLSimpleApplication@dfc2689
reloadAllAccessors: .LineFault

===========================================================================================
----------------- testing Fri Oct 18 05:59:06 UTC 2019 /home/travis/build/icyphy/ptII/ptolemy/domains/de/test/auto/MergeModel1Add.xml
----------------- Instantiating /home/travis/build/icyphy/ptII/ptolemy/domains/de/test/auto/MergeModel1Add.xml
6 ms. Memory: 58368K Free: 38637K (66%)
----------------- Invoking toplevel() on ptolemy.moml.MoMLSimpleApplication@54422631
----------------- Done invoking toplevel() on ptolemy.moml.MoMLSimpleApplication@54422631
reloadAllAccessors: .MergeModel1Add

===========================================================================================
----------------- testing Fri Oct 18 05:59:06 UTC 2019 /home/travis/build/icyphy/ptII/ptolemy/domains/de/test/auto/MergeModel2Add.xml
----------------- Instantiating /home/travis/build/icyphy/ptII/ptolemy/domains/de/test/auto/MergeModel2Add.xml
7 ms. Memory: 58368K Free: 21229K (36%)
----------------- Invoking toplevel() on ptolemy.moml.MoMLSimpleApplication@7507a47d
----------------- Done invoking toplevel() on ptolemy.moml.MoMLSimpleApplication@7507a47d
reloadAllAccessors: .MergeModel2Add

===========================================================================================
----------------- testing Fri Oct 18 05:59:06 UTC 2019 /home/travis/build/icyphy/ptII/ptolemy/domains/de/test/auto/MergeModel3Add.xml
----------------- Instantiating /home/travis/build/icyphy/ptII/ptolemy/domains/de/test/auto/MergeModel3Add.xml
6 ms. Memory: 58368K Free: 33252K (57%)
----------------- Invoking toplevel() on ptolemy.moml.MoMLSimpleApplication@176e821
----------------- Done invoking toplevel() on ptolemy.moml.MoMLSimpleApplication@176e821
reloadAllAccessors: .MergeModel3Add

===========================================================================================
----------------- testing Fri Oct 18 05:59:06 UTC 2019 /home/travis/build/icyphy/ptII/ptolemy/domains/de/test/auto/MergeWithoutDiscard.xml
----------------- Instantiating /home/travis/build/icyphy/ptII/ptolemy/domains/de/test/auto/MergeWithoutDiscard.xml
1 ms. Memory: 58368K Free: 28734K (49%)
----------------- Invoking toplevel() on ptolemy.moml.MoMLSimpleApplication@1b08b805
----------------- Done invoking toplevel() on ptolemy.moml.MoMLSimpleApplication@1b08b805
reloadAllAccessors: .MergeWithoutDiscard

===========================================================================================
----------------- testing Fri Oct 18 05:59:06 UTC 2019 /home/travis/build/icyphy/ptII/ptolemy/domains/de/test/auto/Modal1.xml
----------------- Instantiating /home/travis/build/icyphy/ptII/ptolemy/domains/de/test/auto/Modal1.xml
8 ms. Memory: 58368K Free: 16836K (29%)
----------------- Invoking toplevel() on ptolemy.moml.MoMLSimpleApplication@50c35531
----------------- Done invoking toplevel() on ptolemy.moml.MoMLSimpleApplication@50c35531
reloadAllAccessors: .Modal1

===========================================================================================
----------------- testing Fri Oct 18 05:59:06 UTC 2019 /home/travis/build/icyphy/ptII/ptolemy/domains/de/test/auto/Modal2.xml
----------------- Instantiating /home/travis/build/icyphy/ptII/ptolemy/domains/de/test/auto/Modal2.xml
11 ms. Memory: 58368K Free: 34678K (59%)
----------------- Invoking toplevel() on ptolemy.moml.MoMLSimpleApplication@2905e0f1
----------------- Done invoking toplevel() on ptolemy.moml.MoMLSimpleApplication@2905e0f1
reloadAllAccessors: .Modal2

===========================================================================================
----------------- testing Fri Oct 18 05:59:06 UTC 2019 /home/travis/build/icyphy/ptII/ptolemy/domains/de/test/auto/Modal3.xml
----------------- Instantiating /home/travis/build/icyphy/ptII/ptolemy/domains/de/test/auto/Modal3.xml
7 ms. Memory: 58368K Free: 22390K (38%)
----------------- Invoking toplevel() on ptolemy.moml.MoMLSimpleApplication@52ba179a
----------------- Done invoking toplevel() on ptolemy.moml.MoMLSimpleApplication@52ba179a
reloadAllAccessors: .Modal3

===========================================================================================
----------------- testing Fri Oct 18 05:59:07 UTC 2019 /home/travis/build/icyphy/ptII/ptolemy/domains/de/test/auto/Modal4.xml
----------------- Instantiating /home/travis/build/icyphy/ptII/ptolemy/domains/de/test/auto/Modal4.xml
13 ms. Memory: 58368K Free: 39153K (67%)
----------------- Invoking toplevel() on ptolemy.moml.MoMLSimpleApplication@506d54bc
----------------- Done invoking toplevel() on ptolemy.moml.MoMLSimpleApplication@506d54bc
reloadAllAccessors: .Modal4

===========================================================================================
----------------- testing Fri Oct 18 05:59:07 UTC 2019 /home/travis/build/icyphy/ptII/ptolemy/domains/de/test/auto/Modal5.xml
----------------- Instantiating /home/travis/build/icyphy/ptII/ptolemy/domains/de/test/auto/Modal5.xml
11 ms. Memory: 58368K Free: 26173K (45%)
----------------- Invoking toplevel() on ptolemy.moml.MoMLSimpleApplication@701d2a10
----------------- Done invoking toplevel() on ptolemy.moml.MoMLSimpleApplication@701d2a10
reloadAllAccessors: .Modal5

===========================================================================================
----------------- testing Fri Oct 18 05:59:07 UTC 2019 /home/travis/build/icyphy/ptII/ptolemy/domains/de/test/auto/Modal6.xml
----------------- Instantiating /home/travis/build/icyphy/ptII/ptolemy/domains/de/test/auto/Modal6.xml
10 ms. Memory: 58368K Free: 13917K (24%)
----------------- Invoking toplevel() on ptolemy.moml.MoMLSimpleApplication@1d4db9df
----------------- Done invoking toplevel() on ptolemy.moml.MoMLSimpleApplication@1d4db9df
reloadAllAccessors: .Modal6

===========================================================================================
----------------- testing Fri Oct 18 05:59:07 UTC 2019 /home/travis/build/icyphy/ptII/ptolemy/domains/de/test/auto/Modal7.xml
----------------- Instantiating /home/travis/build/icyphy/ptII/ptolemy/domains/de/test/auto/Modal7.xml
8 ms. Memory: 58368K Free: 31343K (54%)
----------------- Invoking toplevel() on ptolemy.moml.MoMLSimpleApplication@4bd4f65
----------------- Done invoking toplevel() on ptolemy.moml.MoMLSimpleApplication@4bd4f65
reloadAllAccessors: .Modal7

===========================================================================================
----------------- testing Fri Oct 18 05:59:07 UTC 2019 /home/travis/build/icyphy/ptII/ptolemy/domains/de/test/auto/ModalModel.xml
----------------- Instantiating /home/travis/build/icyphy/ptII/ptolemy/domains/de/test/auto/ModalModel.xml
147 ms. Memory: 58368K Free: 24992K (43%)
----------------- Invoking toplevel() on ptolemy.moml.MoMLSimpleApplication@2e411172
----------------- Done invoking toplevel() on ptolemy.moml.MoMLSimpleApplication@2e411172
reloadAllAccessors: .ModalModel

===========================================================================================
----------------- testing Fri Oct 18 05:59:07 UTC 2019 /home/travis/build/icyphy/ptII/ptolemy/domains/de/test/auto/ModalSource.xml
----------------- Instantiating /home/travis/build/icyphy/ptII/ptolemy/domains/de/test/auto/ModalSource.xml
5 ms. Memory: 58368K Free: 16498K (28%)
----------------- Invoking toplevel() on ptolemy.moml.MoMLSimpleApplication@3519497b
----------------- Done invoking toplevel() on ptolemy.moml.MoMLSimpleApplication@3519497b
reloadAllAccessors: .ModalSource

===========================================================================================
----------------- testing Fri Oct 18 05:59:07 UTC 2019 /home/travis/build/icyphy/ptII/ptolemy/domains/de/test/auto/NonInterruptibleTimerZeroDelay.xml
----------------- Instantiating /home/travis/build/icyphy/ptII/ptolemy/domains/de/test/auto/NonInterruptibleTimerZeroDelay.xml
2 ms. Memory: 58368K Free: 12773K (22%)
----------------- Invoking toplevel() on ptolemy.moml.MoMLSimpleApplication@2ce47832
----------------- Done invoking toplevel() on ptolemy.moml.MoMLSimpleApplication@2ce47832
reloadAllAccessors: .NonInterruptibleTimerZeroDelay

===========================================================================================
----------------- testing Fri Oct 18 05:59:07 UTC 2019 /home/travis/build/icyphy/ptII/ptolemy/domains/de/test/auto/OpenQueueingNetwork.xml
----------------- Instantiating /home/travis/build/icyphy/ptII/ptolemy/domains/de/test/auto/OpenQueueingNetwork.xml
2340 ms. Memory: 110592K Free: 52498K (47%)
----------------- Invoking toplevel() on ptolemy.moml.MoMLSimpleApplication@1575668f
----------------- Done invoking toplevel() on ptolemy.moml.MoMLSimpleApplication@1575668f
reloadAllAccessors: .OpenQueueingNetwork

===========================================================================================
----------------- testing Fri Oct 18 05:59:09 UTC 2019 /home/travis/build/icyphy/ptII/ptolemy/domains/de/test/auto/OpenQueuingNetwork.xml
----------------- Instantiating /home/travis/build/icyphy/ptII/ptolemy/domains/de/test/auto/OpenQueuingNetwork.xml
188 ms. Memory: 110592K Free: 37023K (33%)
----------------- Invoking toplevel() on ptolemy.moml.MoMLSimpleApplication@26529b45
----------------- Done invoking toplevel() on ptolemy.moml.MoMLSimpleApplication@26529b45
reloadAllAccessors: .OpenQueuingNetwork

===========================================================================================
----------------- testing Fri Oct 18 05:59:10 UTC 2019 /home/travis/build/icyphy/ptII/ptolemy/domains/de/test/auto/PeriodicSampler.xml
----------------- Instantiating /home/travis/build/icyphy/ptII/ptolemy/domains/de/test/auto/PeriodicSampler.xml
2 ms. Memory: 110592K Free: 32927K (30%)
----------------- Invoking toplevel() on ptolemy.moml.MoMLSimpleApplication@5d5b925e
----------------- Done invoking toplevel() on ptolemy.moml.MoMLSimpleApplication@5d5b925e
reloadAllAccessors: .PeriodicSampler

===========================================================================================
----------------- testing Fri Oct 18 05:59:10 UTC 2019 /home/travis/build/icyphy/ptII/ptolemy/domains/de/test/auto/PersistentIO.xml
----------------- Instantiating /home/travis/build/icyphy/ptII/ptolemy/domains/de/test/auto/PersistentIO.xml
4 ms. Memory: 110592K Free: 87545K (79%)
----------------- Invoking toplevel() on ptolemy.moml.MoMLSimpleApplication@4ee0a32b
----------------- Done invoking toplevel() on ptolemy.moml.MoMLSimpleApplication@4ee0a32b
reloadAllAccessors: .PersistentIO

===========================================================================================
----------------- testing Fri Oct 18 05:59:10 UTC 2019 /home/travis/build/icyphy/ptII/ptolemy/domains/de/test/auto/PortParameterResetOnInitialize.xml
----------------- Instantiating /home/travis/build/icyphy/ptII/ptolemy/domains/de/test/auto/PortParameterResetOnInitialize.xml
4 ms. Memory: 110592K Free: 82921K (75%)
----------------- Invoking toplevel() on ptolemy.moml.MoMLSimpleApplication@695f9d87
----------------- Done invoking toplevel() on ptolemy.moml.MoMLSimpleApplication@695f9d87
reloadAllAccessors: .PortParameterResetOnInitialize

===========================================================================================
----------------- testing Fri Oct 18 05:59:10 UTC 2019 /home/travis/build/icyphy/ptII/ptolemy/domains/de/test/auto/PortParameterUpdates.xml
----------------- Instantiating /home/travis/build/icyphy/ptII/ptolemy/domains/de/test/auto/PortParameterUpdates.xml
3 ms. Memory: 110592K Free: 76281K (69%)
----------------- Invoking toplevel() on ptolemy.moml.MoMLSimpleApplication@5e8c9d6d
----------------- Done invoking toplevel() on ptolemy.moml.MoMLSimpleApplication@5e8c9d6d
reloadAllAccessors: .PortParameterUpdates

===========================================================================================
----------------- testing Fri Oct 18 05:59:10 UTC 2019 /home/travis/build/icyphy/ptII/ptolemy/domains/de/test/auto/QueueAndServer.xml
----------------- Instantiating /home/travis/build/icyphy/ptII/ptolemy/domains/de/test/auto/QueueAndServer.xml
6 ms. Memory: 110592K Free: 68599K (62%)
----------------- Invoking toplevel() on ptolemy.moml.MoMLSimpleApplication@2a8f8b40
----------------- Done invoking toplevel() on ptolemy.moml.MoMLSimpleApplication@2a8f8b40
reloadAllAccessors: .QueueAndServer

===========================================================================================
----------------- testing Fri Oct 18 05:59:10 UTC 2019 /home/travis/build/icyphy/ptII/ptolemy/domains/de/test/auto/Records.xml
----------------- Instantiating /home/travis/build/icyphy/ptII/ptolemy/domains/de/test/auto/Records.xml
3 ms. Memory: 110592K Free: 62969K (57%)
----------------- Invoking toplevel() on ptolemy.moml.MoMLSimpleApplication@5928627a
----------------- Done invoking toplevel() on ptolemy.moml.MoMLSimpleApplication@5928627a
reloadAllAccessors: .Records

===========================================================================================
----------------- testing Fri Oct 18 05:59:10 UTC 2019 /home/travis/build/icyphy/ptII/ptolemy/domains/de/test/auto/ResetTransitionWithStartTime1.xml
----------------- Instantiating /home/travis/build/icyphy/ptII/ptolemy/domains/de/test/auto/ResetTransitionWithStartTime1.xml
5 ms. Memory: 110592K Free: 54777K (50%)
----------------- Invoking toplevel() on ptolemy.moml.MoMLSimpleApplication@5db64dab
----------------- Done invoking toplevel() on ptolemy.moml.MoMLSimpleApplication@5db64dab
reloadAllAccessors: .ResetTransitionWithStartTime1

===========================================================================================
----------------- testing Fri Oct 18 05:59:10 UTC 2019 /home/travis/build/icyphy/ptII/ptolemy/domains/de/test/auto/ResetTransitionWithStartTime2.xml
----------------- Instantiating /home/travis/build/icyphy/ptII/ptolemy/domains/de/test/auto/ResetTransitionWithStartTime2.xml
5 ms. Memory: 110592K Free: 46585K (42%)
----------------- Invoking toplevel() on ptolemy.moml.MoMLSimpleApplication@3a07caaf
----------------- Done invoking toplevel() on ptolemy.moml.MoMLSimpleApplication@3a07caaf
reloadAllAccessors: .ResetTransitionWithStartTime2

===========================================================================================
----------------- testing Fri Oct 18 05:59:10 UTC 2019 /home/travis/build/icyphy/ptII/ptolemy/domains/de/test/auto/ResetTransitionWithStartTime3.xml
----------------- Instantiating /home/travis/build/icyphy/ptII/ptolemy/domains/de/test/auto/ResetTransitionWithStartTime3.xml
4 ms. Memory: 110592K Free: 38393K (35%)
----------------- Invoking toplevel() on ptolemy.moml.MoMLSimpleApplication@5219d313
----------------- Done invoking toplevel() on ptolemy.moml.MoMLSimpleApplication@5219d313
reloadAllAccessors: .ResetTransitionWithStartTime3

===========================================================================================
----------------- testing Fri Oct 18 05:59:10 UTC 2019 /home/travis/build/icyphy/ptII/ptolemy/domains/de/test/auto/ResetTransitionWithStartTime4.xml
----------------- Instantiating /home/travis/build/icyphy/ptII/ptolemy/domains/de/test/auto/ResetTransitionWithStartTime4.xml
9 ms. Memory: 133120K Free: 118013K (89%)
----------------- Invoking toplevel() on ptolemy.moml.MoMLSimpleApplication@723bc293
----------------- Done invoking toplevel() on ptolemy.moml.MoMLSimpleApplication@723bc293
reloadAllAccessors: .ResetTransitionWithStartTime4

===========================================================================================
----------------- testing Fri Oct 18 05:59:10 UTC 2019 /home/travis/build/icyphy/ptII/ptolemy/domains/de/test/auto/ResettableTimer1.xml
----------------- Instantiating /home/travis/build/icyphy/ptII/ptolemy/domains/de/test/auto/ResettableTimer1.xml
2 ms. Memory: 133120K Free: 113242K (85%)
----------------- Invoking toplevel() on ptolemy.moml.MoMLSimpleApplication@2068215e
----------------- Done invoking toplevel() on ptolemy.moml.MoMLSimpleApplication@2068215e
reloadAllAccessors: .ResettableTimer1

===========================================================================================
----------------- testing Fri Oct 18 05:59:10 UTC 2019 /home/travis/build/icyphy/ptII/ptolemy/domains/de/test/auto/ResettableTimer2.xml
----------------- Instantiating /home/travis/build/icyphy/ptII/ptolemy/domains/de/test/auto/ResettableTimer2.xml
3 ms. Memory: 133120K Free: 109146K (82%)
----------------- Invoking toplevel() on ptolemy.moml.MoMLSimpleApplication@3f14bbb4
----------------- Done invoking toplevel() on ptolemy.moml.MoMLSimpleApplication@3f14bbb4
reloadAllAccessors: .ResettableTimer2

===========================================================================================
----------------- testing Fri Oct 18 05:59:10 UTC 2019 /home/travis/build/icyphy/ptII/ptolemy/domains/de/test/auto/ResettableTimer3.xml
----------------- Instantiating /home/travis/build/icyphy/ptII/ptolemy/domains/de/test/auto/ResettableTimer3.xml
2 ms. Memory: 133120K Free: 105050K (79%)
----------------- Invoking toplevel() on ptolemy.moml.MoMLSimpleApplication@3fbf7201
----------------- Done invoking toplevel() on ptolemy.moml.MoMLSimpleApplication@3fbf7201
reloadAllAccessors: .ResettableTimer3

===========================================================================================
----------------- testing Fri Oct 18 05:59:10 UTC 2019 /home/travis/build/icyphy/ptII/ptolemy/domains/de/test/auto/ResettableTimer4.xml
----------------- Instantiating /home/travis/build/icyphy/ptII/ptolemy/domains/de/test/auto/ResettableTimer4.xml
1 ms. Memory: 133120K Free: 100954K (76%)
----------------- Invoking toplevel() on ptolemy.moml.MoMLSimpleApplication@6baf7bb6
----------------- Done invoking toplevel() on ptolemy.moml.MoMLSimpleApplication@6baf7bb6
reloadAllAccessors: .ResettableTimer4

===========================================================================================
----------------- testing Fri Oct 18 05:59:10 UTC 2019 /home/travis/build/icyphy/ptII/ptolemy/domains/de/test/auto/ResettableTimer5.xml
----------------- Instantiating /home/travis/build/icyphy/ptII/ptolemy/domains/de/test/auto/ResettableTimer5.xml
1 ms. Memory: 133120K Free: 96858K (73%)
----------------- Invoking toplevel() on ptolemy.moml.MoMLSimpleApplication@60b93650
----------------- Done invoking toplevel() on ptolemy.moml.MoMLSimpleApplication@60b93650
reloadAllAccessors: .ResettableTimer5

===========================================================================================
----------------- testing Fri Oct 18 05:59:10 UTC 2019 /home/travis/build/icyphy/ptII/ptolemy/domains/de/test/auto/ResettableTimer6.xml
----------------- Instantiating /home/travis/build/icyphy/ptII/ptolemy/domains/de/test/auto/ResettableTimer6.xml
7 ms. Memory: 133120K Free: 92246K (69%)
----------------- Invoking toplevel() on ptolemy.moml.MoMLSimpleApplication@48e3a1c0
----------------- Done invoking toplevel() on ptolemy.moml.MoMLSimpleApplication@48e3a1c0
reloadAllAccessors: .ResettableTimer6

===========================================================================================
----------------- testing Fri Oct 18 05:59:10 UTC 2019 /home/travis/build/icyphy/ptII/ptolemy/domains/de/test/auto/ServerZeroDelay.xml
----------------- Instantiating /home/travis/build/icyphy/ptII/ptolemy/domains/de/test/auto/ServerZeroDelay.xml
2 ms. Memory: 133120K Free: 88138K (66%)
----------------- Invoking toplevel() on ptolemy.moml.MoMLSimpleApplication@3780e438
----------------- Done invoking toplevel() on ptolemy.moml.MoMLSimpleApplication@3780e438
reloadAllAccessors: .ServerZeroDelay

===========================================================================================
----------------- testing Fri Oct 18 05:59:10 UTC 2019 /home/travis/build/icyphy/ptII/ptolemy/domains/de/test/auto/SmartSender.xml
----------------- Instantiating /home/travis/build/icyphy/ptII/ptolemy/domains/de/test/auto/SmartSender.xml
3001 ms. Memory: 133120K Free: 84056K (63%)
----------------- Invoking toplevel() on ptolemy.moml.MoMLSimpleApplication@3437407c
----------------- Done invoking toplevel() on ptolemy.moml.MoMLSimpleApplication@3437407c
reloadAllAccessors: .SmartSender

===========================================================================================
----------------- testing Fri Oct 18 05:59:13 UTC 2019 /home/travis/build/icyphy/ptII/ptolemy/domains/de/test/auto/ThreadedComposite.xml
----------------- Instantiating /home/travis/build/icyphy/ptII/ptolemy/domains/de/test/auto/ThreadedComposite.xml
96 ms. Memory: 133120K Free: 64600K (49%)
----------------- Invoking toplevel() on ptolemy.moml.MoMLSimpleApplication@3b4afdba
----------------- Done invoking toplevel() on ptolemy.moml.MoMLSimpleApplication@3b4afdba
reloadAllAccessors: .ThreadedComposite

===========================================================================================
----------------- testing Fri Oct 18 05:59:13 UTC 2019 /home/travis/build/icyphy/ptII/ptolemy/domains/de/test/auto/Time.xml
----------------- Instantiating /home/travis/build/icyphy/ptII/ptolemy/domains/de/test/auto/Time.xml
415 ms. Memory: 133120K Free: 90727K (68%)
----------------- Invoking toplevel() on ptolemy.moml.MoMLSimpleApplication@48c851c3
----------------- Done invoking toplevel() on ptolemy.moml.MoMLSimpleApplication@48c851c3
reloadAllAccessors: .Time

===========================================================================================
----------------- testing Fri Oct 18 05:59:14 UTC 2019 /home/travis/build/icyphy/ptII/ptolemy/domains/de/test/auto/TimeDelayZeroDelay.xml
----------------- Instantiating /home/travis/build/icyphy/ptII/ptolemy/domains/de/test/auto/TimeDelayZeroDelay.xml
2 ms. Memory: 133120K Free: 86085K (65%)
----------------- Invoking toplevel() on ptolemy.moml.MoMLSimpleApplication@74e77947
----------------- Done invoking toplevel() on ptolemy.moml.MoMLSimpleApplication@74e77947
reloadAllAccessors: .TimeDelayZeroDelay

===========================================================================================
----------------- testing Fri Oct 18 05:59:14 UTC 2019 /home/travis/build/icyphy/ptII/ptolemy/domains/de/test/auto/TimerZeroDelay.xml
----------------- Instantiating /home/travis/build/icyphy/ptII/ptolemy/domains/de/test/auto/TimerZeroDelay.xml
4 ms. Memory: 133120K Free: 82007K (62%)
----------------- Invoking toplevel() on ptolemy.moml.MoMLSimpleApplication@b735349
----------------- Done invoking toplevel() on ptolemy.moml.MoMLSimpleApplication@b735349
reloadAllAccessors: .TimerZeroDelay

===========================================================================================
----------------- testing Fri Oct 18 05:59:14 UTC 2019 /home/travis/build/icyphy/ptII/ptolemy/domains/de/test/auto/TimingParadox.xml
----------------- Instantiating /home/travis/build/icyphy/ptII/ptolemy/domains/de/test/auto/TimingParadox.xml
338 ms. Memory: 133120K Free: 92857K (70%)
----------------- Invoking toplevel() on ptolemy.moml.MoMLSimpleApplication@2d30be08
----------------- Done invoking toplevel() on ptolemy.moml.MoMLSimpleApplication@2d30be08
reloadAllAccessors: .TimingParadox

===========================================================================================
----------------- testing Fri Oct 18 05:59:14 UTC 2019 /home/travis/build/icyphy/ptII/ptolemy/domains/de/test/auto/TransferInputs.xml
----------------- Instantiating /home/travis/build/icyphy/ptII/ptolemy/domains/de/test/auto/TransferInputs.xml
2 ms. Memory: 133120K Free: 87737K (66%)
----------------- Invoking toplevel() on ptolemy.moml.MoMLSimpleApplication@48a89fc
----------------- Done invoking toplevel() on ptolemy.moml.MoMLSimpleApplication@48a89fc
reloadAllAccessors: .TransferInputs

===========================================================================================
----------------- testing Fri Oct 18 05:59:14 UTC 2019 /home/travis/build/icyphy/ptII/ptolemy/domains/de/test/auto/TransferOutputs2.xml
----------------- Instantiating /home/travis/build/icyphy/ptII/ptolemy/domains/de/test/auto/TransferOutputs2.xml
3 ms. Memory: 133120K Free: 80055K (60%)
----------------- Invoking toplevel() on ptolemy.moml.MoMLSimpleApplication@531ff9cf
----------------- Done invoking toplevel() on ptolemy.moml.MoMLSimpleApplication@531ff9cf
reloadAllAccessors: .TransferOutputs2

===========================================================================================
----------------- testing Fri Oct 18 05:59:14 UTC 2019 /home/travis/build/icyphy/ptII/ptolemy/domains/de/test/auto/Trilateration.xml
----------------- Instantiating /home/travis/build/icyphy/ptII/ptolemy/domains/de/test/auto/Trilateration.xml
13012 ms. Memory: 428032K Free: 196781K (46%)
----------------- Invoking toplevel() on ptolemy.moml.MoMLSimpleApplication@66bce9e6
----------------- Done invoking toplevel() on ptolemy.moml.MoMLSimpleApplication@66bce9e6
reloadAllAccessors: .Trilateration

===========================================================================================
----------------- testing Fri Oct 18 05:59:28 UTC 2019 /home/travis/build/icyphy/ptII/ptolemy/domains/de/test/auto/TwoSigmaDelta.xml
----------------- Instantiating /home/travis/build/icyphy/ptII/ptolemy/domains/de/test/auto/TwoSigmaDelta.xml
2333 ms. Memory: 428032K Free: 247582K (58%)
----------------- Invoking toplevel() on ptolemy.moml.MoMLSimpleApplication@5862d19e
----------------- Done invoking toplevel() on ptolemy.moml.MoMLSimpleApplication@5862d19e
reloadAllAccessors: .TwoSigmaDelta

===========================================================================================
----------------- testing Fri Oct 18 05:59:30 UTC 2019 /home/travis/build/icyphy/ptII/ptolemy/domains/de/test/auto/VariableDelay.xml
----------------- Instantiating /home/travis/build/icyphy/ptII/ptolemy/domains/de/test/auto/VariableDelay.xml
2 ms. Memory: 428032K Free: 242432K (57%)
----------------- Invoking toplevel() on ptolemy.moml.MoMLSimpleApplication@25f2b28e
----------------- Done invoking toplevel() on ptolemy.moml.MoMLSimpleApplication@25f2b28e
reloadAllAccessors: .VariableDelay

===========================================================================================
----------------- testing Fri Oct 18 05:59:30 UTC 2019 /home/travis/build/icyphy/ptII/ptolemy/domains/de/test/auto/VariableDelay2.xml
----------------- Instantiating /home/travis/build/icyphy/ptII/ptolemy/domains/de/test/auto/VariableDelay2.xml
1 ms. Memory: 428032K Free: 237856K (56%)
----------------- Invoking toplevel() on ptolemy.moml.MoMLSimpleApplication@6d928398
----------------- Done invoking toplevel() on ptolemy.moml.MoMLSimpleApplication@6d928398
reloadAllAccessors: .VariableDelay2

===========================================================================================
----------------- testing Fri Oct 18 05:59:30 UTC 2019 /home/travis/build/icyphy/ptII/ptolemy/domains/de/test/auto/VariableDelayZeroDelay.xml
----------------- Instantiating /home/travis/build/icyphy/ptII/ptolemy/domains/de/test/auto/VariableDelayZeroDelay.xml
4 ms. Memory: 428032K Free: 233760K (55%)
----------------- Invoking toplevel() on ptolemy.moml.MoMLSimpleApplication@26b6a917
----------------- Done invoking toplevel() on ptolemy.moml.MoMLSimpleApplication@26b6a917
reloadAllAccessors: .VariableDelayZeroDelay

===========================================================================================
----------------- testing Fri Oct 18 05:59:30 UTC 2019 /home/travis/build/icyphy/ptII/ptolemy/domains/de/test/auto/VariableDelayZeroDelay2.xml
----------------- Instantiating /home/travis/build/icyphy/ptII/ptolemy/domains/de/test/auto/VariableDelayZeroDelay2.xml
1 ms. Memory: 428032K Free: 229664K (54%)
----------------- Invoking toplevel() on ptolemy.moml.MoMLSimpleApplication@6f9e5779
----------------- Done invoking toplevel() on ptolemy.moml.MoMLSimpleApplication@6f9e5779
reloadAllAccessors: .VariableDelayZeroDelay2

===========================================================================================
----------------- testing Fri Oct 18 05:59:30 UTC 2019 /home/travis/build/icyphy/ptII/ptolemy/domains/de/test/auto/deInCt.xml
----------------- Instantiating /home/travis/build/icyphy/ptII/ptolemy/domains/de/test/auto/deInCt.xml
0
1
1
1
0
0
0
0
0
1
1
1
0
0
0
1
1
1
0
0
0
0
1
1
1
0
0
1
1
1
1
1
1
0
0
0
0
7 ms. Memory: 428032K Free: 224544K (52%)
----------------- Invoking toplevel() on ptolemy.moml.MoMLSimpleApplication@61b8875d
----------------- Done invoking toplevel() on ptolemy.moml.MoMLSimpleApplication@61b8875d
reloadAllAccessors: .deInCt

===========================================================================================
----------------- testing Fri Oct 18 05:59:30 UTC 2019 /home/travis/build/icyphy/ptII/ptolemy/domains/de/test/auto/deInCt2.xml
----------------- Instantiating /home/travis/build/icyphy/ptII/ptolemy/domains/de/test/auto/deInCt2.xml
0
1
1
1
0
0
1
1
1
0
0
1
1
1
0
0
1
1
1
0
0
1
1
1
0
0
1
1
1
0
0
1
1
1
0
0
1
1
1
0
0
0
8 ms. Memory: 428032K Free: 219424K (51%)
----------------- Invoking toplevel() on ptolemy.moml.MoMLSimpleApplication@10d900d8
----------------- Done invoking toplevel() on ptolemy.moml.MoMLSimpleApplication@10d900d8
reloadAllAccessors: .deInCt2

===========================================================================================
----------------- testing Fri Oct 18 05:59:30 UTC 2019 /home/travis/build/icyphy/ptII/ptolemy/domains/de/test/auto/dynamicCausalityInterface1.xml
----------------- Instantiating /home/travis/build/icyphy/ptII/ptolemy/domains/de/test/auto/dynamicCausalityInterface1.xml
1 ms. Memory: 428032K Free: 210208K (49%)
----------------- Invoking toplevel() on ptolemy.moml.MoMLSimpleApplication@3b023a8
----------------- Done invoking toplevel() on ptolemy.moml.MoMLSimpleApplication@3b023a8
reloadAllAccessors: .dynamicCausalityInterface1

===========================================================================================
----------------- testing Fri Oct 18 05:59:30 UTC 2019 /home/travis/build/icyphy/ptII/ptolemy/domains/de/test/auto/fsm_de_test.xml
----------------- Instantiating /home/travis/build/icyphy/ptII/ptolemy/domains/de/test/auto/fsm_de_test.xml
8 ms. Memory: 428032K Free: 200992K (47%)
----------------- Invoking toplevel() on ptolemy.moml.MoMLSimpleApplication@54675620
----------------- Done invoking toplevel() on ptolemy.moml.MoMLSimpleApplication@54675620
reloadAllAccessors: .fsm_de_test

===========================================================================================
----------------- testing Fri Oct 18 05:59:31 UTC 2019 /home/travis/build/icyphy/ptII/ptolemy/domains/de/test/auto/functionDependencyReconstruction.xml
----------------- Instantiating /home/travis/build/icyphy/ptII/ptolemy/domains/de/test/auto/functionDependencyReconstruction.xml
3 ms. Memory: 428032K Free: 186136K (43%)
----------------- Invoking toplevel() on ptolemy.moml.MoMLSimpleApplication@43ed8eb2
----------------- Done invoking toplevel() on ptolemy.moml.MoMLSimpleApplication@43ed8eb2
reloadAllAccessors: .functionDependencyReconstruction

===========================================================================================
----------------- testing Fri Oct 18 05:59:31 UTC 2019 /home/travis/build/icyphy/ptII/ptolemy/domains/de/test/auto/multirate.xml
----------------- Instantiating /home/travis/build/icyphy/ptII/ptolemy/domains/de/test/auto/multirate.xml
8 ms. Memory: 428032K Free: 178960K (42%)
----------------- Invoking toplevel() on ptolemy.moml.MoMLSimpleApplication@1dd39c96
----------------- Done invoking toplevel() on ptolemy.moml.MoMLSimpleApplication@1dd39c96
reloadAllAccessors: .multirate

===========================================================================================
----------------- testing Fri Oct 18 05:59:31 UTC 2019 /home/travis/build/icyphy/ptII/ptolemy/domains/de/test/auto/multirate2.xml
----------------- Instantiating /home/travis/build/icyphy/ptII/ptolemy/domains/de/test/auto/multirate2.xml
3 ms. Memory: 428032K Free: 172320K (40%)
----------------- Invoking toplevel() on ptolemy.moml.MoMLSimpleApplication@3efc27af
----------------- Done invoking toplevel() on ptolemy.moml.MoMLSimpleApplication@3efc27af
reloadAllAccessors: .multirate2

===========================================================================================
----------------- testing Fri Oct 18 05:59:31 UTC 2019 /home/travis/build/icyphy/ptII/ptolemy/domains/de/test/auto/realtime.xml
----------------- Instantiating /home/travis/build/icyphy/ptII/ptolemy/domains/de/test/auto/realtime.xml
10002 ms. Memory: 428032K Free: 167704K (39%)
----------------- Invoking toplevel() on ptolemy.moml.MoMLSimpleApplication@32977316
----------------- Done invoking toplevel() on ptolemy.moml.MoMLSimpleApplication@32977316
reloadAllAccessors: .realtime

===========================================================================================
----------------- testing Fri Oct 18 05:59:41 UTC 2019 /home/travis/build/icyphy/ptII/ptolemy/domains/de/test/auto/relationGroup.xml
----------------- Instantiating /home/travis/build/icyphy/ptII/ptolemy/domains/de/test/auto/relationGroup.xml
2 ms. Memory: 428032K Free: 164128K (38%)
----------------- Invoking toplevel() on ptolemy.moml.MoMLSimpleApplication@2dbd6259
----------------- Done invoking toplevel() on ptolemy.moml.MoMLSimpleApplication@2dbd6259
reloadAllAccessors: .relationGroup

===========================================================================================
----------------- testing Fri Oct 18 05:59:41 UTC 2019 /home/travis/build/icyphy/ptII/ptolemy/domains/de/test/auto/relationGroup2.xml
----------------- Instantiating /home/travis/build/icyphy/ptII/ptolemy/domains/de/test/auto/relationGroup2.xml
2 ms. Memory: 428032K Free: 160542K (38%)
----------------- Invoking toplevel() on ptolemy.moml.MoMLSimpleApplication@638d00aa
----------------- Done invoking toplevel() on ptolemy.moml.MoMLSimpleApplication@638d00aa
reloadAllAccessors: .relationGroup2

===========================================================================================
----------------- testing Fri Oct 18 05:59:41 UTC 2019 /home/travis/build/icyphy/ptII/ptolemy/domains/de/test/auto/sortWithOpaquePorts.xml
----------------- Instantiating /home/travis/build/icyphy/ptII/ptolemy/domains/de/test/auto/sortWithOpaquePorts.xml
2 ms. Memory: 428032K Free: 155936K (36%)
----------------- Invoking toplevel() on ptolemy.moml.MoMLSimpleApplication@4fbec893
----------------- Done invoking toplevel() on ptolemy.moml.MoMLSimpleApplication@4fbec893
reloadAllAccessors: .sortWithOpaquePorts

===========================================================================================
----------------- testing Fri Oct 18 05:59:41 UTC 2019 /home/travis/build/icyphy/ptII/ptolemy/domains/de/test/auto/transferInputsandOutputs.xml
----------------- Instantiating /home/travis/build/icyphy/ptII/ptolemy/domains/de/test/auto/transferInputsandOutputs.xml
2 ms. Memory: 428032K Free: 148768K (35%)
----------------- Invoking toplevel() on ptolemy.moml.MoMLSimpleApplication@4abacbfd
----------------- Done invoking toplevel() on ptolemy.moml.MoMLSimpleApplication@4abacbfd
reloadAllAccessors: .transferInputsandOutputs

===========================================================================================
----------------- testing Fri Oct 18 05:59:41 UTC 2019 /home/travis/build/icyphy/ptII/ptolemy/domains/de/test/auto/triggerType.xml
----------------- Instantiating /home/travis/build/icyphy/ptII/ptolemy/domains/de/test/auto/triggerType.xml
7 ms. Memory: 428032K Free: 399892K (93%)
----------------- Invoking toplevel() on ptolemy.moml.MoMLSimpleApplication@1535dffa
----------------- Done invoking toplevel() on ptolemy.moml.MoMLSimpleApplication@1535dffa
reloadAllAccessors: .triggerType
AutoTests.java: About to close Vertx.
AutoTests.java: Vertx closed.
]]></system-out>
  <system-err><![CDATA[java.lang.RuntimeException: Execution failed
	at ptolemy.moml.MoMLSimpleApplication$UnloadThread.run(MoMLSimpleApplication.java:402)
Caused by: ptolemy.kernel.util.IllegalActionException: Found a zero delay loop containing .dependencyLoop.original
  in .dependencyLoop and .dependencyLoop.original
	at ptolemy.actor.util.CausalityInterfaceForComposites._computeOutputPortDepth(CausalityInterfaceForComposites.java:759)
	at ptolemy.actor.util.CausalityInterfaceForComposites._computeInputDepth(CausalityInterfaceForComposites.java:696)
	at ptolemy.actor.util.CausalityInterfaceForComposites._computeOutputPortDepth(CausalityInterfaceForComposites.java:765)
	at ptolemy.actor.util.CausalityInterfaceForComposites._computeInputDepth(CausalityInterfaceForComposites.java:696)
	at ptolemy.actor.util.CausalityInterfaceForComposites._computeOutputPortDepth(CausalityInterfaceForComposites.java:765)
	at ptolemy.actor.util.CausalityInterfaceForComposites._computeInputDepth(CausalityInterfaceForComposites.java:696)
	at ptolemy.actor.util.CausalityInterfaceForComposites._computeActorDepth(CausalityInterfaceForComposites.java:532)
	at ptolemy.actor.util.CausalityInterfaceForComposites.checkForCycles(CausalityInterfaceForComposites.java:96)
	at ptolemy.domains.de.kernel.DEDirector.preinitialize(DEDirector.java:1338)
	at ptolemy.actor.CompositeActor.preinitialize(CompositeActor.java:1828)
	at ptolemy.actor.Manager.preinitializeAndResolveTypes(Manager.java:1040)
	at ptolemy.actor.Manager.initialize(Manager.java:710)
	at ptolemy.actor.Manager.execute(Manager.java:356)
	at ptolemy.actor.Manager.run(Manager.java:1263)
	at ptolemy.actor.Manager$PtolemyRunThread.run(Manager.java:1933)
java.lang.RuntimeException: Execution failed
	at ptolemy.moml.MoMLSimpleApplication$UnloadThread.run(MoMLSimpleApplication.java:402)
Caused by: ptolemy.kernel.util.IllegalActionException: Found a zero delay loop containing .dependencyLoop2.original
  in .dependencyLoop2 and .dependencyLoop2.original
	at ptolemy.actor.util.CausalityInterfaceForComposites._computeOutputPortDepth(CausalityInterfaceForComposites.java:759)
	at ptolemy.actor.util.CausalityInterfaceForComposites._computeInputDepth(CausalityInterfaceForComposites.java:696)
	at ptolemy.actor.util.CausalityInterfaceForComposites._computeOutputPortDepth(CausalityInterfaceForComposites.java:765)
	at ptolemy.actor.util.CausalityInterfaceForComposites._computeInputDepth(CausalityInterfaceForComposites.java:696)
	at ptolemy.actor.util.CausalityInterfaceForComposites._computeOutputPortDepth(CausalityInterfaceForComposites.java:765)
	at ptolemy.actor.util.CausalityInterfaceForComposites._computeInputDepth(CausalityInterfaceForComposites.java:696)
	at ptolemy.actor.util.CausalityInterfaceForComposites._computeActorDepth(CausalityInterfaceForComposites.java:532)
	at ptolemy.actor.util.CausalityInterfaceForComposites.checkForCycles(CausalityInterfaceForComposites.java:96)
	at ptolemy.domains.de.kernel.DEDirector.preinitialize(DEDirector.java:1338)
	at ptolemy.actor.CompositeActor.preinitialize(CompositeActor.java:1828)
	at ptolemy.actor.Manager.preinitializeAndResolveTypes(Manager.java:1040)
	at ptolemy.actor.Manager.initialize(Manager.java:710)
	at ptolemy.actor.Manager.execute(Manager.java:356)
	at ptolemy.actor.Manager.run(Manager.java:1263)
	at ptolemy.actor.Manager$PtolemyRunThread.run(Manager.java:1933)
java.lang.RuntimeException: Execution failed
	at ptolemy.moml.MoMLSimpleApplication$UnloadThread.run(MoMLSimpleApplication.java:402)
Caused by: ptolemy.kernel.util.IllegalActionException: Test fails in iteration 1.
Value was: 1.0. Should have been: 2.0
  in .DirectFeedback.Test
	at ptolemy.actor.lib.Test.fire(Test.java:268)
	at ptolemy.domains.de.kernel.DEDirector._fire(DEDirector.java:1949)
	at ptolemy.domains.de.kernel.DEDirector.fire(DEDirector.java:502)
	at ptolemy.actor.CompositeActor.fire(CompositeActor.java:455)
	at ptolemy.actor.Manager.iterate(Manager.java:851)
	at ptolemy.actor.Manager.execute(Manager.java:369)
	at ptolemy.actor.Manager.run(Manager.java:1263)
	at ptolemy.actor.Manager$PtolemyRunThread.run(Manager.java:1933)
java.lang.RuntimeException: Execution failed
	at ptolemy.moml.MoMLSimpleApplication$UnloadThread.run(MoMLSimpleApplication.java:402)
Caused by: ptolemy.kernel.util.IllegalActionException: Found a zero delay loop containing .dependencyLoop.original
  in .dependencyLoop and .dependencyLoop.original
	at ptolemy.actor.util.CausalityInterfaceForComposites._computeOutputPortDepth(CausalityInterfaceForComposites.java:759)
	at ptolemy.actor.util.CausalityInterfaceForComposites._computeInputDepth(CausalityInterfaceForComposites.java:696)
	at ptolemy.actor.util.CausalityInterfaceForComposites._computeOutputPortDepth(CausalityInterfaceForComposites.java:765)
	at ptolemy.actor.util.CausalityInterfaceForComposites._computeInputDepth(CausalityInterfaceForComposites.java:696)
	at ptolemy.actor.util.CausalityInterfaceForComposites._computeOutputPortDepth(CausalityInterfaceForComposites.java:765)
	at ptolemy.actor.util.CausalityInterfaceForComposites._computeInputDepth(CausalityInterfaceForComposites.java:696)
	at ptolemy.actor.util.CausalityInterfaceForComposites._computeActorDepth(CausalityInterfaceForComposites.java:532)
	at ptolemy.actor.util.CausalityInterfaceForComposites.checkForCycles(CausalityInterfaceForComposites.java:96)
	at ptolemy.domains.de.kernel.DEDirector.preinitialize(DEDirector.java:1338)
	at ptolemy.actor.CompositeActor.preinitialize(CompositeActor.java:1828)
	at ptolemy.actor.Manager.preinitializeAndResolveTypes(Manager.java:1040)
	at ptolemy.actor.Manager.initialize(Manager.java:710)
	at ptolemy.actor.Manager.execute(Manager.java:356)
	at ptolemy.actor.Manager.run(Manager.java:1263)
	at ptolemy.actor.Manager$PtolemyRunThread.run(Manager.java:1933)
java.lang.RuntimeException: Execution failed
	at ptolemy.moml.MoMLSimpleApplication$UnloadThread.run(MoMLSimpleApplication.java:402)
Caused by: ptolemy.kernel.util.IllegalActionException: Found a zero delay loop containing .HierarchicalModel.A
  in .HierarchicalModel and .HierarchicalModel.A
	at ptolemy.actor.util.CausalityInterfaceForComposites._computeOutputPortDepth(CausalityInterfaceForComposites.java:759)
	at ptolemy.actor.util.CausalityInterfaceForComposites._computeInputDepth(CausalityInterfaceForComposites.java:696)
	at ptolemy.actor.util.CausalityInterfaceForComposites._computeOutputPortDepth(CausalityInterfaceForComposites.java:765)
	at ptolemy.actor.util.CausalityInterfaceForComposites._computeInputDepth(CausalityInterfaceForComposites.java:696)
	at ptolemy.actor.util.CausalityInterfaceForComposites._computeOutputPortDepth(CausalityInterfaceForComposites.java:765)
	at ptolemy.actor.util.CausalityInterfaceForComposites._computeInputDepth(CausalityInterfaceForComposites.java:696)
	at ptolemy.actor.util.CausalityInterfaceForComposites._computeActorDepth(CausalityInterfaceForComposites.java:532)
	at ptolemy.actor.util.CausalityInterfaceForComposites.checkForCycles(CausalityInterfaceForComposites.java:96)
	at ptolemy.domains.de.kernel.DEDirector.preinitialize(DEDirector.java:1338)
	at ptolemy.actor.CompositeActor.preinitialize(CompositeActor.java:1828)
	at ptolemy.actor.Manager.preinitializeAndResolveTypes(Manager.java:1040)
	at ptolemy.actor.Manager.initialize(Manager.java:710)
	at ptolemy.actor.Manager.execute(Manager.java:356)
	at ptolemy.actor.Manager.run(Manager.java:1263)
	at ptolemy.actor.Manager$PtolemyRunThread.run(Manager.java:1933)
java.lang.RuntimeException: Execution failed
	at ptolemy.moml.MoMLSimpleApplication$UnloadThread.run(MoMLSimpleApplication.java:402)
Caused by: ptolemy.kernel.util.IllegalActionException: Found a zero delay loop containing .dependencyLoop2.original
  in .dependencyLoop2 and .dependencyLoop2.original
	at ptolemy.actor.util.CausalityInterfaceForComposites._computeOutputPortDepth(CausalityInterfaceForComposites.java:759)
	at ptolemy.actor.util.CausalityInterfaceForComposites._computeInputDepth(CausalityInterfaceForComposites.java:696)
	at ptolemy.actor.util.CausalityInterfaceForComposites._computeOutputPortDepth(CausalityInterfaceForComposites.java:765)
	at ptolemy.actor.util.CausalityInterfaceForComposites._computeInputDepth(CausalityInterfaceForComposites.java:696)
	at ptolemy.actor.util.CausalityInterfaceForComposites._computeOutputPortDepth(CausalityInterfaceForComposites.java:765)
	at ptolemy.actor.util.CausalityInterfaceForComposites._computeInputDepth(CausalityInterfaceForComposites.java:696)
	at ptolemy.actor.util.CausalityInterfaceForComposites._computeActorDepth(CausalityInterfaceForComposites.java:532)
	at ptolemy.actor.util.CausalityInterfaceForComposites.checkForCycles(CausalityInterfaceForComposites.java:96)
	at ptolemy.domains.de.kernel.DEDirector.preinitialize(DEDirector.java:1338)
	at ptolemy.actor.CompositeActor.preinitialize(CompositeActor.java:1828)
	at ptolemy.actor.Manager.preinitializeAndResolveTypes(Manager.java:1040)
	at ptolemy.actor.Manager.initialize(Manager.java:710)
	at ptolemy.actor.Manager.execute(Manager.java:356)
	at ptolemy.actor.Manager.run(Manager.java:1263)
	at ptolemy.actor.Manager$PtolemyRunThread.run(Manager.java:1933)
java.lang.RuntimeException: Execution failed
	at ptolemy.moml.MoMLSimpleApplication$UnloadThread.run(MoMLSimpleApplication.java:402)
Caused by: ptolemy.kernel.util.IllegalActionException: Actor is not ready to fire.  Perhaps UpSample.prefire() returned false? Try debugging the actor by selecting "Listen to Actor".  Also, for SDF check moml for tokenConsumptionRate on input.
  in .DESDFClockTest.Play Bell.Copy1:SDF Director and .DESDFClockTest.Play Bell.UpSample
	at ptolemy.actor.sched.StaticSchedulingDirector.fire(StaticSchedulingDirector.java:227)
	at ptolemy.domains.sdf.kernel.SDFDirector.fire(SDFDirector.java:500)
	at ptolemy.actor.CompositeActor.fire(CompositeActor.java:455)
	at ptolemy.domains.de.kernel.DEDirector._fire(DEDirector.java:1949)
	at ptolemy.domains.de.kernel.DEDirector.fire(DEDirector.java:502)
	at ptolemy.actor.CompositeActor.fire(CompositeActor.java:455)
	at ptolemy.actor.Manager.iterate(Manager.java:851)
	at ptolemy.actor.Manager.execute(Manager.java:369)
	at ptolemy.actor.Manager.run(Manager.java:1263)
	at ptolemy.actor.Manager$PtolemyRunThread.run(Manager.java:1933)
java.lang.RuntimeException: Execution failed
	at ptolemy.moml.MoMLSimpleApplication$UnloadThread.run(MoMLSimpleApplication.java:402)
Caused by: ptolemy.kernel.util.IllegalActionException: Actor is not ready to fire.  Perhaps UpSample.prefire() returned false? Try debugging the actor by selecting "Listen to Actor".  Also, for SDF check moml for tokenConsumptionRate on input.
  in .DESDFClockTest.Play Bell.Copy1:SDF Director and .DESDFClockTest.Play Bell.UpSample
	at ptolemy.actor.sched.StaticSchedulingDirector.fire(StaticSchedulingDirector.java:227)
	at ptolemy.domains.sdf.kernel.SDFDirector.fire(SDFDirector.java:500)
	at ptolemy.actor.CompositeActor.fire(CompositeActor.java:455)
	at ptolemy.domains.de.kernel.DEDirector._fire(DEDirector.java:1949)
	at ptolemy.domains.de.kernel.DEDirector.fire(DEDirector.java:502)
	at ptolemy.actor.CompositeActor.fire(CompositeActor.java:455)
	at ptolemy.actor.Manager.iterate(Manager.java:851)
	at ptolemy.actor.Manager.execute(Manager.java:369)
	at ptolemy.actor.Manager.run(Manager.java:1263)
	at ptolemy.actor.Manager$PtolemyRunThread.run(Manager.java:1933)
java.lang.reflect.InvocationTargetException
	at java.base/jdk.internal.reflect.NativeConstructorAccessorImpl.newInstance0(Native Method)
	at java.base/jdk.internal.reflect.NativeConstructorAccessorImpl.newInstance(NativeConstructorAccessorImpl.java:62)
	at java.base/jdk.internal.reflect.DelegatingConstructorAccessorImpl.newInstance(DelegatingConstructorAccessorImpl.java:45)
	at java.base/java.lang.reflect.Constructor.newInstance(Constructor.java:490)
	at ptolemy.util.test.junit.AutoKnownFailedTests.RunModel(AutoKnownFailedTests.java:105)
	at java.base/jdk.internal.reflect.NativeMethodAccessorImpl.invoke0(Native Method)
	at java.base/jdk.internal.reflect.NativeMethodAccessorImpl.invoke(NativeMethodAccessorImpl.java:62)
	at java.base/jdk.internal.reflect.DelegatingMethodAccessorImpl.invoke(DelegatingMethodAccessorImpl.java:43)
	at java.base/java.lang.reflect.Method.invoke(Method.java:566)
	at org.junit.runners.model.FrameworkMethod$1.runReflectiveCall(FrameworkMethod.java:44)
	at org.junit.internal.runners.model.ReflectiveCallable.run(ReflectiveCallable.java:15)
	at org.junit.runners.model.FrameworkMethod.invokeExplosively(FrameworkMethod.java:41)
	at junitparams.internal.InvokeParameterisedMethod.evaluate(InvokeParameterisedMethod.java:102)
	at org.junit.internal.runners.statements.FailOnTimeout$1.run(FailOnTimeout.java:28)
Caused by: ptolemy.kernel.util.IllegalActionException: Actor is not ready to fire.  Perhaps UpSample.prefire() returned false? Try debugging the actor by selecting "Listen to Actor".  Also, for SDF check moml for tokenConsumptionRate on input.
  in .DESDFClockTest.Play Bell.Copy1:SDF Director and .DESDFClockTest.Play Bell.UpSample
	at ptolemy.actor.sched.StaticSchedulingDirector.fire(StaticSchedulingDirector.java:227)
	at ptolemy.domains.sdf.kernel.SDFDirector.fire(SDFDirector.java:500)
	at ptolemy.actor.CompositeActor.fire(CompositeActor.java:455)
	at ptolemy.domains.de.kernel.DEDirector._fire(DEDirector.java:1949)
	at ptolemy.domains.de.kernel.DEDirector.fire(DEDirector.java:502)
	at ptolemy.actor.CompositeActor.fire(CompositeActor.java:455)
	at ptolemy.actor.Manager.iterate(Manager.java:851)
	at ptolemy.actor.Manager.execute(Manager.java:369)
	at ptolemy.actor.Manager.run(Manager.java:1263)
	at ptolemy.actor.Manager$PtolemyRunThread.run(Manager.java:1933)
java.lang.RuntimeException: Execution failed
	at ptolemy.moml.MoMLSimpleApplication$UnloadThread.run(MoMLSimpleApplication.java:402)
Caused by: ptolemy.kernel.util.IllegalActionException: Test fails in iteration 1.
Value was: 1.0. Should have been: 2.0
  in .DirectFeedback.Test
	at ptolemy.actor.lib.Test.fire(Test.java:268)
	at ptolemy.domains.de.kernel.DEDirector._fire(DEDirector.java:1949)
	at ptolemy.domains.de.kernel.DEDirector.fire(DEDirector.java:502)
	at ptolemy.actor.CompositeActor.fire(CompositeActor.java:455)
	at ptolemy.actor.Manager.iterate(Manager.java:851)
	at ptolemy.actor.Manager.execute(Manager.java:369)
	at ptolemy.actor.Manager.run(Manager.java:1263)
	at ptolemy.actor.Manager$PtolemyRunThread.run(Manager.java:1933)
java.lang.reflect.InvocationTargetException
	at java.base/jdk.internal.reflect.NativeConstructorAccessorImpl.newInstance0(Native Method)
	at java.base/jdk.internal.reflect.NativeConstructorAccessorImpl.newInstance(NativeConstructorAccessorImpl.java:62)
	at java.base/jdk.internal.reflect.DelegatingConstructorAccessorImpl.newInstance(DelegatingConstructorAccessorImpl.java:45)
	at java.base/java.lang.reflect.Constructor.newInstance(Constructor.java:490)
	at ptolemy.util.test.junit.AutoKnownFailedTests.RunModel(AutoKnownFailedTests.java:105)
	at java.base/jdk.internal.reflect.NativeMethodAccessorImpl.invoke0(Native Method)
	at java.base/jdk.internal.reflect.NativeMethodAccessorImpl.invoke(NativeMethodAccessorImpl.java:62)
	at java.base/jdk.internal.reflect.DelegatingMethodAccessorImpl.invoke(DelegatingMethodAccessorImpl.java:43)
	at java.base/java.lang.reflect.Method.invoke(Method.java:566)
	at org.junit.runners.model.FrameworkMethod$1.runReflectiveCall(FrameworkMethod.java:44)
	at org.junit.internal.runners.model.ReflectiveCallable.run(ReflectiveCallable.java:15)
	at org.junit.runners.model.FrameworkMethod.invokeExplosively(FrameworkMethod.java:41)
	at junitparams.internal.InvokeParameterisedMethod.evaluate(InvokeParameterisedMethod.java:102)
	at org.junit.internal.runners.statements.FailOnTimeout$1.run(FailOnTimeout.java:28)
Caused by: ptolemy.kernel.util.IllegalActionException: Test fails in iteration 1.
Value was: 1.0. Should have been: 2.0
  in .DirectFeedback.Test
	at ptolemy.actor.lib.Test.fire(Test.java:268)
	at ptolemy.domains.de.kernel.DEDirector._fire(DEDirector.java:1949)
	at ptolemy.domains.de.kernel.DEDirector.fire(DEDirector.java:502)
	at ptolemy.actor.CompositeActor.fire(CompositeActor.java:455)
	at ptolemy.actor.Manager.iterate(Manager.java:851)
	at ptolemy.actor.Manager.execute(Manager.java:369)
	at ptolemy.actor.Manager.run(Manager.java:1263)
	at ptolemy.actor.Manager$PtolemyRunThread.run(Manager.java:1933)
java.lang.RuntimeException: Execution failed
	at ptolemy.moml.MoMLSimpleApplication$UnloadThread.run(MoMLSimpleApplication.java:402)
Caused by: ptolemy.kernel.util.IllegalActionException: Found a zero delay loop containing .HierarchicalModel.A
  in .HierarchicalModel and .HierarchicalModel.A
	at ptolemy.actor.util.CausalityInterfaceForComposites._computeOutputPortDepth(CausalityInterfaceForComposites.java:759)
	at ptolemy.actor.util.CausalityInterfaceForComposites._computeInputDepth(CausalityInterfaceForComposites.java:696)
	at ptolemy.actor.util.CausalityInterfaceForComposites._computeOutputPortDepth(CausalityInterfaceForComposites.java:765)
	at ptolemy.actor.util.CausalityInterfaceForComposites._computeInputDepth(CausalityInterfaceForComposites.java:696)
	at ptolemy.actor.util.CausalityInterfaceForComposites._computeOutputPortDepth(CausalityInterfaceForComposites.java:765)
	at ptolemy.actor.util.CausalityInterfaceForComposites._computeInputDepth(CausalityInterfaceForComposites.java:696)
	at ptolemy.actor.util.CausalityInterfaceForComposites._computeActorDepth(CausalityInterfaceForComposites.java:532)
	at ptolemy.actor.util.CausalityInterfaceForComposites.checkForCycles(CausalityInterfaceForComposites.java:96)
	at ptolemy.domains.de.kernel.DEDirector.preinitialize(DEDirector.java:1338)
	at ptolemy.actor.CompositeActor.preinitialize(CompositeActor.java:1828)
	at ptolemy.actor.Manager.preinitializeAndResolveTypes(Manager.java:1040)
	at ptolemy.actor.Manager.initialize(Manager.java:710)
	at ptolemy.actor.Manager.execute(Manager.java:356)
	at ptolemy.actor.Manager.run(Manager.java:1263)
	at ptolemy.actor.Manager$PtolemyRunThread.run(Manager.java:1933)
java.lang.reflect.InvocationTargetException
	at java.base/jdk.internal.reflect.NativeConstructorAccessorImpl.newInstance0(Native Method)
	at java.base/jdk.internal.reflect.NativeConstructorAccessorImpl.newInstance(NativeConstructorAccessorImpl.java:62)
	at java.base/jdk.internal.reflect.DelegatingConstructorAccessorImpl.newInstance(DelegatingConstructorAccessorImpl.java:45)
	at java.base/java.lang.reflect.Constructor.newInstance(Constructor.java:490)
	at ptolemy.util.test.junit.AutoKnownFailedTests.RunModel(AutoKnownFailedTests.java:105)
	at java.base/jdk.internal.reflect.NativeMethodAccessorImpl.invoke0(Native Method)
	at java.base/jdk.internal.reflect.NativeMethodAccessorImpl.invoke(NativeMethodAccessorImpl.java:62)
	at java.base/jdk.internal.reflect.DelegatingMethodAccessorImpl.invoke(DelegatingMethodAccessorImpl.java:43)
	at java.base/java.lang.reflect.Method.invoke(Method.java:566)
	at org.junit.runners.model.FrameworkMethod$1.runReflectiveCall(FrameworkMethod.java:44)
	at org.junit.internal.runners.model.ReflectiveCallable.run(ReflectiveCallable.java:15)
	at org.junit.runners.model.FrameworkMethod.invokeExplosively(FrameworkMethod.java:41)
	at junitparams.internal.InvokeParameterisedMethod.evaluate(InvokeParameterisedMethod.java:102)
	at org.junit.internal.runners.statements.FailOnTimeout$1.run(FailOnTimeout.java:28)
Caused by: ptolemy.kernel.util.IllegalActionException: Found a zero delay loop containing .HierarchicalModel.A
  in .HierarchicalModel and .HierarchicalModel.A
	at ptolemy.actor.util.CausalityInterfaceForComposites._computeOutputPortDepth(CausalityInterfaceForComposites.java:759)
	at ptolemy.actor.util.CausalityInterfaceForComposites._computeInputDepth(CausalityInterfaceForComposites.java:696)
	at ptolemy.actor.util.CausalityInterfaceForComposites._computeOutputPortDepth(CausalityInterfaceForComposites.java:765)
	at ptolemy.actor.util.CausalityInterfaceForComposites._computeInputDepth(CausalityInterfaceForComposites.java:696)
	at ptolemy.actor.util.CausalityInterfaceForComposites._computeOutputPortDepth(CausalityInterfaceForComposites.java:765)
	at ptolemy.actor.util.CausalityInterfaceForComposites._computeInputDepth(CausalityInterfaceForComposites.java:696)
	at ptolemy.actor.util.CausalityInterfaceForComposites._computeActorDepth(CausalityInterfaceForComposites.java:532)
	at ptolemy.actor.util.CausalityInterfaceForComposites.checkForCycles(CausalityInterfaceForComposites.java:96)
	at ptolemy.domains.de.kernel.DEDirector.preinitialize(DEDirector.java:1338)
	at ptolemy.actor.CompositeActor.preinitialize(CompositeActor.java:1828)
	at ptolemy.actor.Manager.preinitializeAndResolveTypes(Manager.java:1040)
	at ptolemy.actor.Manager.initialize(Manager.java:710)
	at ptolemy.actor.Manager.execute(Manager.java:356)
	at ptolemy.actor.Manager.run(Manager.java:1263)
	at ptolemy.actor.Manager$PtolemyRunThread.run(Manager.java:1933)
java.lang.RuntimeException: Execution failed
	at ptolemy.moml.MoMLSimpleApplication$UnloadThread.run(MoMLSimpleApplication.java:402)
Caused by: ptolemy.kernel.util.IllegalActionException: Found a zero delay loop containing .dependencyLoop.original
  in .dependencyLoop and .dependencyLoop.original
	at ptolemy.actor.util.CausalityInterfaceForComposites._computeOutputPortDepth(CausalityInterfaceForComposites.java:759)
	at ptolemy.actor.util.CausalityInterfaceForComposites._computeInputDepth(CausalityInterfaceForComposites.java:696)
	at ptolemy.actor.util.CausalityInterfaceForComposites._computeOutputPortDepth(CausalityInterfaceForComposites.java:765)
	at ptolemy.actor.util.CausalityInterfaceForComposites._computeInputDepth(CausalityInterfaceForComposites.java:696)
	at ptolemy.actor.util.CausalityInterfaceForComposites._computeOutputPortDepth(CausalityInterfaceForComposites.java:765)
	at ptolemy.actor.util.CausalityInterfaceForComposites._computeInputDepth(CausalityInterfaceForComposites.java:696)
	at ptolemy.actor.util.CausalityInterfaceForComposites._computeActorDepth(CausalityInterfaceForComposites.java:532)
	at ptolemy.actor.util.CausalityInterfaceForComposites.checkForCycles(CausalityInterfaceForComposites.java:96)
	at ptolemy.domains.de.kernel.DEDirector.preinitialize(DEDirector.java:1338)
	at ptolemy.actor.CompositeActor.preinitialize(CompositeActor.java:1828)
	at ptolemy.actor.Manager.preinitializeAndResolveTypes(Manager.java:1040)
	at ptolemy.actor.Manager.initialize(Manager.java:710)
	at ptolemy.actor.Manager.execute(Manager.java:356)
	at ptolemy.actor.Manager.run(Manager.java:1263)
	at ptolemy.actor.Manager$PtolemyRunThread.run(Manager.java:1933)
java.lang.reflect.InvocationTargetException
	at java.base/jdk.internal.reflect.NativeConstructorAccessorImpl.newInstance0(Native Method)
	at java.base/jdk.internal.reflect.NativeConstructorAccessorImpl.newInstance(NativeConstructorAccessorImpl.java:62)
	at java.base/jdk.internal.reflect.DelegatingConstructorAccessorImpl.newInstance(DelegatingConstructorAccessorImpl.java:45)
	at java.base/java.lang.reflect.Constructor.newInstance(Constructor.java:490)
	at ptolemy.util.test.junit.AutoKnownFailedTests.RunModel(AutoKnownFailedTests.java:105)
	at java.base/jdk.internal.reflect.NativeMethodAccessorImpl.invoke0(Native Method)
	at java.base/jdk.internal.reflect.NativeMethodAccessorImpl.invoke(NativeMethodAccessorImpl.java:62)
	at java.base/jdk.internal.reflect.DelegatingMethodAccessorImpl.invoke(DelegatingMethodAccessorImpl.java:43)
	at java.base/java.lang.reflect.Method.invoke(Method.java:566)
	at org.junit.runners.model.FrameworkMethod$1.runReflectiveCall(FrameworkMethod.java:44)
	at org.junit.internal.runners.model.ReflectiveCallable.run(ReflectiveCallable.java:15)
	at org.junit.runners.model.FrameworkMethod.invokeExplosively(FrameworkMethod.java:41)
	at junitparams.internal.InvokeParameterisedMethod.evaluate(InvokeParameterisedMethod.java:102)
	at org.junit.internal.runners.statements.FailOnTimeout$1.run(FailOnTimeout.java:28)
Caused by: ptolemy.kernel.util.IllegalActionException: Found a zero delay loop containing .dependencyLoop.original
  in .dependencyLoop and .dependencyLoop.original
	at ptolemy.actor.util.CausalityInterfaceForComposites._computeOutputPortDepth(CausalityInterfaceForComposites.java:759)
	at ptolemy.actor.util.CausalityInterfaceForComposites._computeInputDepth(CausalityInterfaceForComposites.java:696)
	at ptolemy.actor.util.CausalityInterfaceForComposites._computeOutputPortDepth(CausalityInterfaceForComposites.java:765)
	at ptolemy.actor.util.CausalityInterfaceForComposites._computeInputDepth(CausalityInterfaceForComposites.java:696)
	at ptolemy.actor.util.CausalityInterfaceForComposites._computeOutputPortDepth(CausalityInterfaceForComposites.java:765)
	at ptolemy.actor.util.CausalityInterfaceForComposites._computeInputDepth(CausalityInterfaceForComposites.java:696)
	at ptolemy.actor.util.CausalityInterfaceForComposites._computeActorDepth(CausalityInterfaceForComposites.java:532)
	at ptolemy.actor.util.CausalityInterfaceForComposites.checkForCycles(CausalityInterfaceForComposites.java:96)
	at ptolemy.domains.de.kernel.DEDirector.preinitialize(DEDirector.java:1338)
	at ptolemy.actor.CompositeActor.preinitialize(CompositeActor.java:1828)
	at ptolemy.actor.Manager.preinitializeAndResolveTypes(Manager.java:1040)
	at ptolemy.actor.Manager.initialize(Manager.java:710)
	at ptolemy.actor.Manager.execute(Manager.java:356)
	at ptolemy.actor.Manager.run(Manager.java:1263)
	at ptolemy.actor.Manager$PtolemyRunThread.run(Manager.java:1933)
java.lang.RuntimeException: Execution failed
	at ptolemy.moml.MoMLSimpleApplication$UnloadThread.run(MoMLSimpleApplication.java:402)
Caused by: ptolemy.kernel.util.IllegalActionException: Found a zero delay loop containing .dependencyLoop2.original
  in .dependencyLoop2 and .dependencyLoop2.original
	at ptolemy.actor.util.CausalityInterfaceForComposites._computeOutputPortDepth(CausalityInterfaceForComposites.java:759)
	at ptolemy.actor.util.CausalityInterfaceForComposites._computeInputDepth(CausalityInterfaceForComposites.java:696)
	at ptolemy.actor.util.CausalityInterfaceForComposites._computeOutputPortDepth(CausalityInterfaceForComposites.java:765)
	at ptolemy.actor.util.CausalityInterfaceForComposites._computeInputDepth(CausalityInterfaceForComposites.java:696)
	at ptolemy.actor.util.CausalityInterfaceForComposites._computeOutputPortDepth(CausalityInterfaceForComposites.java:765)
	at ptolemy.actor.util.CausalityInterfaceForComposites._computeInputDepth(CausalityInterfaceForComposites.java:696)
	at ptolemy.actor.util.CausalityInterfaceForComposites._computeActorDepth(CausalityInterfaceForComposites.java:532)
	at ptolemy.actor.util.CausalityInterfaceForComposites.checkForCycles(CausalityInterfaceForComposites.java:96)
	at ptolemy.domains.de.kernel.DEDirector.preinitialize(DEDirector.java:1338)
	at ptolemy.actor.CompositeActor.preinitialize(CompositeActor.java:1828)
	at ptolemy.actor.Manager.preinitializeAndResolveTypes(Manager.java:1040)
	at ptolemy.actor.Manager.initialize(Manager.java:710)
	at ptolemy.actor.Manager.execute(Manager.java:356)
	at ptolemy.actor.Manager.run(Manager.java:1263)
	at ptolemy.actor.Manager$PtolemyRunThread.run(Manager.java:1933)
java.lang.reflect.InvocationTargetException
	at java.base/jdk.internal.reflect.NativeConstructorAccessorImpl.newInstance0(Native Method)
	at java.base/jdk.internal.reflect.NativeConstructorAccessorImpl.newInstance(NativeConstructorAccessorImpl.java:62)
	at java.base/jdk.internal.reflect.DelegatingConstructorAccessorImpl.newInstance(DelegatingConstructorAccessorImpl.java:45)
	at java.base/java.lang.reflect.Constructor.newInstance(Constructor.java:490)
	at ptolemy.util.test.junit.AutoKnownFailedTests.RunModel(AutoKnownFailedTests.java:105)
	at java.base/jdk.internal.reflect.NativeMethodAccessorImpl.invoke0(Native Method)
	at java.base/jdk.internal.reflect.NativeMethodAccessorImpl.invoke(NativeMethodAccessorImpl.java:62)
	at java.base/jdk.internal.reflect.DelegatingMethodAccessorImpl.invoke(DelegatingMethodAccessorImpl.java:43)
	at java.base/java.lang.reflect.Method.invoke(Method.java:566)
	at org.junit.runners.model.FrameworkMethod$1.runReflectiveCall(FrameworkMethod.java:44)
	at org.junit.internal.runners.model.ReflectiveCallable.run(ReflectiveCallable.java:15)
	at org.junit.runners.model.FrameworkMethod.invokeExplosively(FrameworkMethod.java:41)
	at junitparams.internal.InvokeParameterisedMethod.evaluate(InvokeParameterisedMethod.java:102)
	at org.junit.internal.runners.statements.FailOnTimeout$1.run(FailOnTimeout.java:28)
Caused by: ptolemy.kernel.util.IllegalActionException: Found a zero delay loop containing .dependencyLoop2.original
  in .dependencyLoop2 and .dependencyLoop2.original
	at ptolemy.actor.util.CausalityInterfaceForComposites._computeOutputPortDepth(CausalityInterfaceForComposites.java:759)
	at ptolemy.actor.util.CausalityInterfaceForComposites._computeInputDepth(CausalityInterfaceForComposites.java:696)
	at ptolemy.actor.util.CausalityInterfaceForComposites._computeOutputPortDepth(CausalityInterfaceForComposites.java:765)
	at ptolemy.actor.util.CausalityInterfaceForComposites._computeInputDepth(CausalityInterfaceForComposites.java:696)
	at ptolemy.actor.util.CausalityInterfaceForComposites._computeOutputPortDepth(CausalityInterfaceForComposites.java:765)
	at ptolemy.actor.util.CausalityInterfaceForComposites._computeInputDepth(CausalityInterfaceForComposites.java:696)
	at ptolemy.actor.util.CausalityInterfaceForComposites._computeActorDepth(CausalityInterfaceForComposites.java:532)
	at ptolemy.actor.util.CausalityInterfaceForComposites.checkForCycles(CausalityInterfaceForComposites.java:96)
	at ptolemy.domains.de.kernel.DEDirector.preinitialize(DEDirector.java:1338)
	at ptolemy.actor.CompositeActor.preinitialize(CompositeActor.java:1828)
	at ptolemy.actor.Manager.preinitializeAndResolveTypes(Manager.java:1040)
	at ptolemy.actor.Manager.initialize(Manager.java:710)
	at ptolemy.actor.Manager.execute(Manager.java:356)
	at ptolemy.actor.Manager.run(Manager.java:1263)
	at ptolemy.actor.Manager$PtolemyRunThread.run(Manager.java:1933)
]]></system-err>
</testsuite>
