<?xml version="1.0" encoding="UTF-8" ?>
<testsuite errors="0" failures="1" hostname="travis-job-6584ca0f-84e8-45db-aa58-de4b57a02f84" name="ptolemy.actor.lib.test.junit.JUnitTclTest" skipped="0" tests="517" time="63.393" timestamp="2019-11-29T06:25:53">
  <properties>
    <property name="npm.executable" value="npm" />
    <property name="env.TRAVIS_ROOT" value="/" />
    <property name="ptII.mk.exists" value="true" />
    <property name="env.TRAVIS_APP_HOST" value="build.travis-ci.org" />
    <property name="env.rvm_bin_path" value="/home/travis/.rvm/bin" />
    <property name="java.home" value="/usr/local/lib/jvm/openjdk11" />
    <property name="env.TRAVIS_JOB_NUMBER" value="1412.8" />
    <property name="env.TRAVIS_HOME" value="/home/travis" />
    <property name="env.DISPLAY" value=":99.0" />
    <property name="env.TRAVIS_INIT" value="systemd" />
    <property name="env.SSH_TTY" value="/dev/pts/0" />
    <property name="java.net.preferIPv4Stack" value="true" />
    <property name="env.RUN_TESTS" value="true" />
    <property name="timeout.short" value="1000000" />
    <property name="junit.formatter" value="xml" />
    <property name="env.TRAVIS_SUDO" value="true" />
    <property name="env.TRAVIS_JOB_NAME" value="" />
    <property name="env.TRAVIS_STACK_NODE_ATTRIBUTES" value="/.node-attributes.yml" />
    <property name="env.LOGNAME" value="travis" />
    <property name="env.PT_TRAVIS_TEST_CORE1_XML" value="true" />
    <property name="jsdoc.home" value="node_modules/@terraswarm/jsdoc" />
    <property name="debuglevel" value="source,lines,vars" />
    <property name="checkstyle.formatter" value="xml" />
    <property name="env._system_version" value="16.04" />
    <property name="bin.vergil.makeable" value="true" />
    <property name="sun.os.patch.level" value="unknown" />
    <property name="java.vendor.url" value="http://java.oracle.com/" />
    <property name="env.TRAVIS_BUILD_WEB_URL" value="https://travis-ci.org/icyphy/ptII/builds/618457982" />
    <property name="java.version" value="11.0.2" />
    <property name="env.TZ" value="UTC" />
    <property name="env.TRAVIS_PULL_REQUEST_SHA" value="" />
    <property name="env.PT_NO_NET" value="true" />
    <property name="env.TRAVIS_SECURE_ENV_VARS" value="true" />
    <property name="env._system_type" value="Linux" />
    <property name="java.vendor.url.bug" value="http://bugreport.java.com/bugreport/" />
    <property name="npmjs-org-is-up" value="true" />
    <property name="env.LANGUAGE" value="en_US.UTF-8" />
    <property name="env.SSH_CLIENT" value="10.24.0.18 55050 22" />
    <property name="env.GEM_HOME" value="/home/travis/.rvm/gems/ruby-2.5.3" />
    <property name="env.HAS_ANTARES_THREE_LITTLE_FRONZIES_BADGE" value="true" />
    <property name="java.version.date" value="2019-01-15" />
    <property name="env.PS4" value="+" />
    <property name="ant.project.invoked-targets" value="build,test.core1.xml" />
    <property name="env.TRAVIS_PULL_REQUEST_BRANCH" value="" />
    <property name="env.TRAVIS_REPO_SLUG" value="icyphy/ptII" />
    <property name="env.XDG_DATA_DIRS" value="/usr/local/share:/usr/share:/var/lib/snapd/desktop" />
    <property name="jdk.debug" value="release" />
    <property name="env.TRAVIS_APT_PROXY" value="http://apt.cache.travis-ci.com" />
    <property name="env.TRAVIS_CPU_ARCH" value="amd64" />
    <property name="node.in.path" value="true" />
    <property name="user.name" value="travis" />
    <property name="java.maxmemory" value="1400m" />
    <property name="env.RUBY_VERSION" value="ruby-2.5.3" />
    <property name="env.LANG" value="en_US.UTF-8" />
    <property name="sun.io.unicode.encoding" value="UnicodeLittle" />
    <property name="sun.jnu.encoding" value="UTF-8" />
    <property name="java.runtime.name" value="OpenJDK Runtime Environment" />
    <property name="usefile" value="false" />
    <property name="return.code" value="0" />
    <property name="junit.single.formatter" value="plain" />
    <property name="env.DYLD_LIBRARY_PATH" value="/home/travis/pthla/certi-tools/lib:" />
    <property name="env.DEBIAN_FRONTEND" value="noninteractive" />
    <property name="env.SSH_CONNECTION" value="10.24.0.18 55050 10.20.0.234 22" />
    <property name="env.MYSQL_UNIX_PORT" value="/var/run/mysqld/mysqld.sock" />
    <property name="env.LC_ALL" value="en_US.UTF-8" />
    <property name="env.TRAVIS_ALLOW_FAILURE" value="false" />
    <property name="env.TRAVIS_JOB_WEB_URL" value="https://travis-ci.org/icyphy/ptII/jobs/618457993" />
    <property name="java.specification.name" value="Java Platform API Specification" />
    <property name="node.works" value="true" />
    <property name="user.timezone" value="" />
    <property name="path.separator" value=":" />
    <property name="env.TRAVIS_ENABLE_INFRA_DETECTION" value="true" />
    <property name="env.PYTHON_CFLAGS" value="-g -fstack-protector --param=ssp-buffer-size=4 -Wformat -Werror=format-security" />
    <property name="timeout.long" value="4000000" />
    <property name="env.CERTI_HOME" value="/home/travis/pthla/certi-tools" />
    <property name="ant.file.ptII" value="/home/travis/build/icyphy/ptII/build.xml" />
    <property name="javadoc.packagenames" value="com.*,diva.*,lbnl.*,org.hlacerti.*,org.json.*,org.ptolemy.*,org.terraswarm.*,ptolemy.*,ptserver.*" />
    <property name="file.encoding" value="UTF-8" />
    <property name="env.TRAVIS_PULL_REQUEST_SLUG" value="" />
    <property name="ant.project.default-target" value="build" />
    <property name="env.GIT_ASKPASS" value="echo" />
    <property name="env.HOME" value="/home/travis" />
    <property name="sun.java.command" value="org.apache.tools.ant.taskdefs.optional.junit.JUnitTestRunner ptolemy.actor.lib.test.junit.JUnitTclTest skipNonTests=false filtertrace=true haltOnError=false haltOnFailure=false formatter=org.apache.tools.ant.taskdefs.optional.junit.OutErrSummaryJUnitResultFormatter showoutput=true outputtoformatters=true logfailedtests=true threadid=0 logtestlistenerevents=false formatter=org.apache.tools.ant.taskdefs.optional.junit.XMLJUnitResultFormatter,/home/travis/build/icyphy/ptII/reports/junit/TEST-ptolemy.actor.lib.test.junit.JUnitTclTest.xml crashfile=/home/travis/build/icyphy/ptII/junitvmwatcher8001849082916246216.properties propsfile=/home/travis/build/icyphy/ptII/junit11280001237357868438.properties" />
    <property name="env.COMPOSER_NO_INTERACTION" value="1" />
    <property name="env.MANPATH" value="/home/travis/.nvm/versions/node/v7.10.1/share/man:/home/travis/.rvm/rubies/ruby-2.5.3/share/man:/usr/local/cmake-3.12.4/man:/usr/local/clang-7.0.0/share/man:/usr/local/man:/usr/local/share/man:/usr/share/man:/home/travis/.rvm/man" />
    <property name="env.TRAVIS_TIMER_ID" value="200f79aa" />
    <property name="ant.file" value="/home/travis/build/icyphy/ptII/build.xml" />
    <property name="env.TRAVIS_COMMIT_RANGE" value="45a1af74cde64810f1a740ff9bd66386be4e642c...11deb69804adb5926cd4863c8231df6048994796" />
    <property name="env._system_name" value="Ubuntu" />
    <property name="ptII.classpath.optional.property" value="/home/travis/build/icyphy/ptII/lib/bsh-2.0b4.jar:/home/travis/build/icyphy/ptII/lib/ptCal.jar:/home/travis/build/icyphy/ptII/lib/java_cup.jar:/home/travis/build/icyphy/ptII/lib/saxon8.jar:/home/travis/build/icyphy/ptII/lib/saxon8-dom.jar:/home/travis/build/icyphy/ptII/lib/chic.jar:/home/travis/build/icyphy/ptII/lib/ptcolt.jar:/home/travis/build/icyphy/ptII/vendors/misc/itext/iText.jar:/home/travis/build/icyphy/ptII/lib/g4ltl.jar:/home/travis/build/icyphy/ptII/lib/StructuralCoder.jar:/home/travis/build/icyphy/ptII/lib/jcerti.jar:/home/travis/build/icyphy/ptII/lib/javax.mail.jar:/home/travis/build/icyphy/ptII/vendors/JMF-2.1.1e/lib/jmf.jar:/home/travis/build/icyphy/ptII/lib/jna-4.0.0-variadic.jar:/home/travis/build/icyphy/ptII/vendors/misc/joystick/Joystick.jar:/home/travis/build/icyphy/ptII/lib/ptjacl.jar:/home/travis/build/icyphy/ptII/lib/jsoup-1.8.2.jar:/home/travis/build/icyphy/ptII/lib/junit-4.8.2.jar:/home/travis/build/icyphy/ptII/lib/JUnitParams-0.4.0.jar:/home/travis/build/icyphy/ptII/ptolemy/actor/lib/excel/jxl.jar:/home/travis/build/icyphy/ptII/lib/jython.jar:/home/travis/build/icyphy/ptII/lib/kieler.jar:/home/travis/build/icyphy/ptII/vendors/opencv/share/OpenCV/java/opencv-341.jar:/home/travis/build/icyphy/ptII/lib/oscP5.jar:/home/travis/build/icyphy/ptII/lib/nrjavaserial-3.11.0.devel.jar:/home/travis/build/icyphy/ptII/vendors/j3d/lib/Linux/j3dcore.jar:/home/travis/build/icyphy/ptII/vendors/j3d/lib/Linux/j3dutils.jar:/home/travis/build/icyphy/ptII/vendors/j3d/lib/Linux/vecmath.jar:/home/travis/build/icyphy/ptII/vendors/jogl/lib/Linux/gluegen-rt-natives-linux-amd64.jar:/home/travis/build/icyphy/ptII/vendors/jogl/lib/Linux/gluegen-rt.jar:/home/travis/build/icyphy/ptII/vendors/jogl/lib/Linux/jogl-all-natives-linux-amd64.jar:/home/travis/build/icyphy/ptII/vendors/jogl/lib/Linux/jogl-all.jar:/home/travis/build/icyphy/ptII/ptolemy/distributed/jini/jar/jini-core.jar:/home/travis/build/icyphy/ptII/ptolemy/distributed/jini/jar/jini-ext.jar:/home/travis/build/icyphy/ptII/ptolemy/distributed/jini/jar/sun-util.jar:/home/travis/build/icyphy/ptII/lib/protobuf-java-2.4.1.jar:/home/travis/build/icyphy/ptII/lib/org.eclipse.paho.client.mqttv3.jar:/home/travis/build/icyphy/ptII/lib/mapss.jar:/home/travis/build/icyphy/ptII/ptolemy/actor/ptalon/antlr/antlr.jar:/home/travis/build/icyphy/ptII/lib/JRI.jar:/home/travis/build/icyphy/ptII/lib/commons-lang-2.6.jar:/home/travis/build/icyphy/ptII/lib/commons-logging-1.1.1.jar:/home/travis/build/icyphy/ptII/lib/sootclasses.jar:/home/travis/build/icyphy/ptII/ptolemy/actor/lib/database/mysql-connector-java-5.1.6-bin.jar:/home/travis/build/icyphy/ptII/vendors/misc/sphinx4/sphinx4-data-5prealpha.jar:/home/travis/build/icyphy/ptII/vendors/misc/sphinx4/sphinx4-core-5prealpha.jar:/home/travis/build/icyphy/ptII/lib/PDFRenderer.jar:/home/travis/build/icyphy/ptII/lib/svgSalamander.jar:/home/travis/build/icyphy/ptII/lib/rsyntaxtextarea-2.6.0-SNAPSHOT.jar:/home/travis/build/icyphy/ptII/lib/hazelcast-3.8.2.jar:/home/travis/build/icyphy/ptII/lib/jackson-annotations-2.9.0.jar:/home/travis/build/icyphy/ptII/lib/jackson-core-2.9.3.jar:/home/travis/build/icyphy/ptII/lib/jackson-databind-2.9.3.jar:/home/travis/build/icyphy/ptII/lib/netty-buffer-4.1.19.Final.jar:/home/travis/build/icyphy/ptII/lib/netty-codec-4.1.19.Final.jar:/home/travis/build/icyphy/ptII/lib/netty-codec-dns-4.1.19.Final.jar:/home/travis/build/icyphy/ptII/lib/netty-codec-http-4.1.19.Final.jar:/home/travis/build/icyphy/ptII/lib/netty-codec-http2-4.1.19.Final.jar:/home/travis/build/icyphy/ptII/lib/netty-common-4.1.19.Final.jar:/home/travis/build/icyphy/ptII/lib/netty-handler-4.1.19.Final.jar:/home/travis/build/icyphy/ptII/lib/netty-resolver-4.1.19.Final.jar:/home/travis/build/icyphy/ptII/lib/netty-resolver-dns-4.1.19.Final.jar:/home/travis/build/icyphy/ptII/lib/netty-transport-4.1.19.Final.jar:/home/travis/build/icyphy/ptII/lib/vertx-codegen-3.5.1.jar:/home/travis/build/icyphy/ptII/lib/vertx-core-3.5.2-SNAPSHOT.jar:/home/travis/build/icyphy/ptII/lib/vertx-hazelcast-3.5.1.jar:/home/travis/build/icyphy/ptII/lib/vertx-lang-js-3.5.1.jar:/home/travis/build/icyphy/ptII/lib/vertx-service-proxy-3.5.1.jar:/home/travis/build/icyphy/ptII/lib/vertx-web-3.5.1.jar:/home/travis/build/icyphy/ptII/lib/slf4j-api-1.7.13.jar:/home/travis/build/icyphy/ptII/lib/slf4j-simple-1.7.13.jar:/home/travis/build/icyphy/ptII/lib/webcam-capture-0.3.12.jar:/home/travis/build/icyphy/ptII/lib/bridj-0.7.0.jar:/home/travis/build/icyphy/ptII/lib/xbjlib-1.1.0.nrjavaserial.jar" />
    <property name="timeout" value="2400000" />
    <property name="test.batch" value="**/junit/*.java" />
    <property name="env._" value="/usr/bin/timeout" />
    <property name="java.io.tmpdir" value="/tmp" />
    <property name="user.language" value="en" />
    <property name="env.TRAVIS_INTERNAL_RUBY_REGEX" value="^ruby-(2\.[0-4]\.[0-9]|1\.9\.3)" />
    <property name="env.HISTCONTROL" value="ignoredups:ignorespace" />
    <property name="env.GOROOT" value="/home/travis/.gimme/versions/go1.11.1.linux.amd64" />
    <property name="line.separator" value="&#xa;" />
    <property name="target" value="11" />
    <property name="env.TRAVIS_BUILD_DIR" value="/home/travis/build/icyphy/ptII" />
    <property name="env.ANT_OPTS" value="-Xmx2048m" />
    <property name="ant.file.type" value="file" />
    <property name="ptolemy.ptII.batchMode" value="true" />
    <property name="env.HISTSIZE" value="1000" />
    <property name="env.MERB_ENV" value="test" />
    <property name="java.vm.info" value="mixed mode" />
    <property name="source" value="11" />
    <property name="java.vm.specification.name" value="Java Virtual Machine Specification" />
    <property name="env.TRAVIS_TEST_RESULT" value="0" />
    <property name="jsdoc.command" value="node_modules/@terraswarm/jsdoc/jsdoc.js" />
    <property name="npm.works" value="true" />
    <property name="cobertura.dir" value="/home/travis/build/icyphy/ptII/vendors/cobertura-2.0.3" />
    <property name="jsdoc.command.exists" value="true" />
    <property name="env.rvm_path" value="/home/travis/.rvm" />
    <property name="env.GEM_PATH" value="/home/travis/.rvm/gems/ruby-2.5.3:/home/travis/.rvm/gems/ruby-2.5.3@global" />
    <property name="env.LC_CTYPE" value="en_US.UTF-8" />
    <property name="env.TRAVIS_CMD" value="$PTII/bin/ptIITravisBuild.sh $SECONDS" />
    <property name="java.awt.printerjob" value="sun.print.PSPrinterJob" />
    <property name="env.TRAVIS_STACK_NAME" value="sardonyx" />
    <property name="env.TRAVIS_TIMER_START_TIME" value="1575008088569825034" />
    <property name="ant.version" value="Apache Ant(TM) version 1.10.1 compiled on February 2 2017" />
    <property name="ptII.reports" value="/home/travis/build/icyphy/ptII/reports" />
    <property name="env.TRAVIS_STACK_TIMESTAMP" value="2019-03-25 16:16:56 UTC" />
    <property name="ant.file.type.ptII" value="file" />
    <property name="env.RBENV_SHELL" value="bash" />
    <property name="os.name" value="Linux" />
    <property name="java.specification.vendor" value="Oracle Corporation" />
    <property name="env.rvm_version" value="1.29.7 (latest)" />
    <property name="env.TRAVIS_INFRA" value="unknown" />
    <property name="env.TERM" value="xterm" />
    <property name="java.vm.name" value="OpenJDK 64-Bit Server VM" />
    <property name="env.TRAVIS_BUILD_NUMBER" value="1412" />
    <property name="env.CI" value="true" />
    <property name="java.library.path" value="/home/travis/pthla/certi-tools/lib:/usr/lib/jni:/usr/local/share/OpenCV/java/:/usr/share/OpenCV/java::/usr/java/packages/lib:/usr/lib64:/lib64:/lib:/usr/lib" />
    <property name="jdk.module.path" value="/home/travis/build/icyphy/ptII/vendors/javafx/javafx-sdk-11.0.2/lib:" />
    <property name="env.rvm_prefix" value="/home/travis" />
    <property name="env.PATH" value="/home/travis/pthla/certi-tools/share/scripts:/home/travis/.rvm/gems/ruby-2.5.3/bin:/home/travis/.rvm/gems/ruby-2.5.3@global/bin:/home/travis/.rvm/rubies/ruby-2.5.3/bin:/home/travis/.rvm/bin:/home/travis/.nvm/versions/node/v7.10.1/bin:./node_modules/.bin:/home/travis/build/icyphy/ptII/bin:/home/travis/pthla/certi-tools/bin:/home/travis/bin:/home/travis/.local/bin:/usr/local/lib/jvm/openjdk11/bin:/opt/pyenv/shims:/home/travis/.phpenv/shims:/home/travis/perl5/perlbrew/bin:/home/travis/gopath/bin:/home/travis/.gimme/versions/go1.11.1.linux.amd64/bin:/usr/local/maven-3.6.0/bin:/usr/local/cmake-3.12.4/bin:/usr/local/clang-7.0.0/bin:/usr/local/sbin:/usr/local/bin:/usr/sbin:/usr/bin:/sbin:/bin:/snap/bin:/home/travis/.phpenv/bin:/opt/pyenv/bin:/home/travis/.yarn/bin" />
    <property name="env.TRAVIS_OS_NAME" value="linux" />
    <property name="ant.java.version" value="9" />
    <property name="basedir" value="/home/travis/build/icyphy/ptII" />
    <property name="java.class.version" value="55.0" />
    <property name="env.SHLVL" value="3" />
    <property name="env.LD_LIBRARY_PATH" value="/home/travis/pthla/certi-tools/lib:/usr/lib/jni:/usr/local/share/OpenCV/java/:/usr/share/OpenCV/java:" />
    <property name="env.RACK_ENV" value="test" />
    <property name="ant.home" value="/home/travis/build/icyphy/ptII/ant" />
    <property name="env.NVM_DIR" value="/home/travis/.nvm" />
    <property name="env.CERTI_FOM_PATH" value="/home/travis/pthla/certi-tools/share/federations" />
    <property name="env.TRAVIS_BUILD_ID" value="618457982" />
    <property name="env.PYENV_ROOT" value="/opt/pyenv" />
    <property name="env.TRAVIS_UID" value="2000" />
    <property name="prism.verbose" value="true" />
    <property name="env.NVM_BIN" value="/home/travis/.nvm/versions/node/v7.10.1/bin" />
    <property name="env.TRAVIS_COMMIT" value="11deb69804adb5926cd4863c8231df6048994796" />
    <property name="env._system_arch" value="x86_64" />
    <property name="node.executable" value="node" />
    <property name="sun.boot.library.path" value="/usr/local/lib/jvm/openjdk11/lib" />
    <property name="sun.management.compiler" value="HotSpot 64-Bit Tiered Compilers" />
    <property name="java.awt.graphicsenv" value="sun.awt.X11GraphicsEnvironment" />
    <property name="env.GOPATH" value="/home/travis/gopath" />
    <property name="ptolemy.ptII.dir" value="/home/travis/build/icyphy/ptII" />
    <property name="env.USER" value="travis" />
    <property name="env.HISTFILESIZE" value="2000" />
    <property name="timeout.longest" value="19000000" />
    <property name="env.PERLBREW_SHELLRC_VERSION" value="0.86" />
    <property name="env.TRAVIS_STACK_FEATURES" value="basic couchdb disabled-ipv6 docker docker-compose elasticsearch firefox go-toolchain google-chrome jdk memcached mongodb mysql nodejs_interpreter perl_interpreter perlbrew phantomjs postgresql python_interpreter redis ruby_interpreter sqlite xserver" />
    <property name="env.TRAVIS_PULL_REQUEST" value="false" />
    <property name="env.PYENV_SHELL" value="bash" />
    <property name="ant.project.name" value="ptII" />
    <property name="env.ANSI_RESET" value="\033[0m" />
    <property name="java.vm.specification.version" value="11" />
    <property name="env.TRAVIS_DIST" value="xenial" />
    <property name="env.CERTI_VERSION" value="4.0.0" />
    <property name="env.CERTI_HOST" value="localhost" />
    <property name="awt.toolkit" value="sun.awt.X11.XToolkit" />
    <property name="env.MY_RUBY_HOME" value="/home/travis/.rvm/rubies/ruby-2.5.3" />
    <property name="sun.cpu.isalist" value="" />
    <property name="env.TRAVIS_TMPDIR" value="/tmp/tmp.P6A3ZkYWSs" />
    <property name="java.vm.compressedOopsMode" value="Zero based" />
    <property name="os.version" value="4.15.0-1028-gcp" />
    <property name="user.home" value="/home/travis" />
    <property name="java.vm.vendor" value="Oracle Corporation" />
    <property name="env.TRAVIS_TAG" value="nightly" />
    <property name="env.ANSI_YELLOW" value="\033[33;1m" />
    <property name="env.TRAVIS_FILTERED" value="redirect_io" />
    <property name="env.ANSI_GREEN" value="\033[32;1m" />
    <property name="env.JAVA_HOME" value="/usr/local/lib/jvm/openjdk11" />
    <property name="javadoc.excludepackagenames" value="adm.cvs2svn.*,build.*,config.*,doc.coding.templates.*,jni.test.jni.meaningOfLife.*,jni.test.jni.testDeux.*,jni.test.jni.testTrois.*,org.terraswarm.accessor.accessors.web.node_modules.*,org.terraswarm.accessor.accessors.web.hosts.cordova.demo.*,org.terraswarm.accessor.accessors.web.hosts.cordova.plugins.*,org.terraswarm.accessor.accessors-svn.*,pt-modules.*,ptolemy.apps.agilent.*,ptolemy.apps.anytimecontrol.*,ptolemy.apps.apes.*,ptolemy.apps.charon.*,ptolemy.apps.crazyboard.*,ptolemy.apps.eclipse.*,ptolemy.apps.etherealSting.*,ptolemy.apps.fullscreen.*,ptolemy.apps.giotto.*,ptolemy.apps.ia.*,ptolemy.apps.interfaces.*,ptolemy.apps.jmf.*,ptolemy.apps.kurt.*,ptolemy.apps.kvm.*,ptolemy.apps.lego.*,ptolemy.apps.lejos.*,ptolemy.apps.midp.*,ptolemy.apps.mobileCoding.*,ptolemy.apps.pendulum.*,ptolemy.apps.rijndael.*,ptolemy.apps.robot.*,ptolemy.apps.security.*,ptolemy.apps.sobel.*,ptolemy.apps.soot.*,ptolemy.apps.throttle.*,ptolemy.apps.tini.*,ptolemy.apps.transmission.*,ptolemy.apps.vergil.*,ptolemy.apps.waba.*,ptolemy.apps.websensor.*,ptolemy.apps.webstart.*,ptolemy.apps.xsl.*,ptolemy.apps.zaurus.*,ptolemy.codegen.c.actor.lib.oldJavaFiles.*,ptolemy.codegen.dsp.lib.*,ptolemy.codegen.kernel.newInterfaces.*,ptolemy.codegen.lib.*,ptolemy.copernicus.kernel.fragment.*,ptolemy.copernicus.shallow.cg.*,ptolemy.domains.giotto.demo.Hierarchy.Hierarchy.*,ptolemy.domains.giotto.demo.Multimode.Multimode.*,ptolemy.domains.giotto.demo.Simple.Simple.*,ptolemy.domains.gr.lib.experimental.*,ptolemy.domains.gro.*,ptolemy.domains.pdf.*,ptolemy.domains.ptinyos.demo.Surge.output.*,ptolemy.moml.test.NoPackageActor.java*,ptolemy.plot.adm.*,ptolemy.plot.servlet.*,reports.*,signed.*,src.*,target.*,vendors.*,ptolemy.copernicus.applet.*,ptolemy.media.viewer.*,ptolemy.actor.corba.*,doc.doclets.*,ptolemy.apps.eclipse.awt.*,ptolemy.backtrack.*,ptolemy.backtrack.ast.*,ptolemy.cg.adapter.generic.program.procedural.c.mbed*,ptolemy.homer.*,ptolemy.actor.lib.jai.*,org.ptolemy.scala.*,diva.util.java2d.svg.*,ptolemy.domains.ptinyos.*,ptolemy.actor.lib.fmi.fmipp.*,,org.terraswarm.accessor.accessors.web.node_modules.*,org.terraswarm.accessor.accessors-svn,ptolemy.apps.*,ptolemy.actor.ptalon.demo.ptinyos.SendAndReceiveCnt.output,ptolemy.actor.ptalon.demo.ptinyos.SenseToLeds.output,ptolemy.domains.ptinyos.demo.CntToLedsAndRfm.output,ptolemy.domains.ptinyos.demo.RfmToLeds.output,ptolemy.domains.ptinyos.demo.SendAndReceiveCnt.output,ptolemy.domains.ptinyos.demo.SenseToLeds.output,ptolemy.actor.lib.jjs.modules.udpSocket.*" />
    <property name="env.PTII" value="/home/travis/build/icyphy/ptII" />
    <property name="env.XDG_SESSION_ID" value="2" />
    <property name="keystore" value="ptKeystore" />
    <property name="env.TRAVIS_COMMIT_MESSAGE" value="Conform a model to new HlaManager design." />
    <property name="junit.output.dir" value="/home/travis/build/icyphy/ptII/reports/junit" />
    <property name="npm.return.code" value="0" />
    <property name="user.dir" value="/home/travis/build/icyphy/ptII/ptolemy/actor/lib/test" />
    <property name="env.TRAVIS_NODE_VERSION" value="7" />
    <property name="env.TRAVIS_EVENT_TYPE" value="cron" />
    <property name="env.MAIL" value="/var/mail/travis" />
    <property name="env.PERLBREW_ROOT" value="/home/travis/perl5/perlbrew" />
    <property name="env.PWD" value="/home/travis/build/icyphy/ptII" />
    <property name="timeout.npm" value="45000" />
    <property name="env.TRAVIS_ARCH" value="amd64" />
    <property name="sun.cpu.endian" value="little" />
    <property name="env.PAGER" value="cat" />
    <property name="env.TRAVIS_BUILD_STAGE_NAME" value="Test" />
    <property name="env.PERLBREW_HOME" value="/home/travis/.perlbrew" />
    <property name="java.vm.version" value="11.0.2+9" />
    <property name="env.RAILS_ENV" value="test" />
    <property name="java.class.path" value="/home/travis/.ptolemyII:/home/travis/.ptolemyII/*:/home/travis/build/icyphy/ptII:/home/travis/build/icyphy/ptII/lib/bsh-2.0b4.jar:/home/travis/build/icyphy/ptII/lib/ptCal.jar:/home/travis/build/icyphy/ptII/lib/java_cup.jar:/home/travis/build/icyphy/ptII/lib/saxon8.jar:/home/travis/build/icyphy/ptII/lib/saxon8-dom.jar:/home/travis/build/icyphy/ptII/lib/chic.jar:/home/travis/build/icyphy/ptII/lib/ptcolt.jar:/home/travis/build/icyphy/ptII/vendors/misc/itext/iText.jar:/home/travis/build/icyphy/ptII/lib/g4ltl.jar:/home/travis/build/icyphy/ptII/lib/StructuralCoder.jar:/home/travis/build/icyphy/ptII/lib/jcerti.jar:/home/travis/build/icyphy/ptII/lib/javax.mail.jar:/home/travis/build/icyphy/ptII/vendors/JMF-2.1.1e/lib/jmf.jar:/home/travis/build/icyphy/ptII/lib/jna-4.0.0-variadic.jar:/home/travis/build/icyphy/ptII/vendors/misc/joystick/Joystick.jar:/home/travis/build/icyphy/ptII/lib/ptjacl.jar:/home/travis/build/icyphy/ptII/lib/jsoup-1.8.2.jar:/home/travis/build/icyphy/ptII/lib/junit-4.8.2.jar:/home/travis/build/icyphy/ptII/lib/JUnitParams-0.4.0.jar:/home/travis/build/icyphy/ptII/ptolemy/actor/lib/excel/jxl.jar:/home/travis/build/icyphy/ptII/lib/jython.jar:/home/travis/build/icyphy/ptII/lib/kieler.jar:/home/travis/build/icyphy/ptII/vendors/opencv/share/OpenCV/java/opencv-341.jar:/home/travis/build/icyphy/ptII/lib/oscP5.jar:/home/travis/build/icyphy/ptII/lib/nrjavaserial-3.11.0.devel.jar:/home/travis/build/icyphy/ptII/vendors/j3d/lib/Linux/j3dcore.jar:/home/travis/build/icyphy/ptII/vendors/j3d/lib/Linux/j3dutils.jar:/home/travis/build/icyphy/ptII/vendors/j3d/lib/Linux/vecmath.jar:/home/travis/build/icyphy/ptII/vendors/jogl/lib/Linux/gluegen-rt-natives-linux-amd64.jar:/home/travis/build/icyphy/ptII/vendors/jogl/lib/Linux/gluegen-rt.jar:/home/travis/build/icyphy/ptII/vendors/jogl/lib/Linux/jogl-all-natives-linux-amd64.jar:/home/travis/build/icyphy/ptII/vendors/jogl/lib/Linux/jogl-all.jar:/home/travis/build/icyphy/ptII/ptolemy/distributed/jini/jar/jini-core.jar:/home/travis/build/icyphy/ptII/ptolemy/distributed/jini/jar/jini-ext.jar:/home/travis/build/icyphy/ptII/ptolemy/distributed/jini/jar/sun-util.jar:/home/travis/build/icyphy/ptII/lib/protobuf-java-2.4.1.jar:/home/travis/build/icyphy/ptII/lib/org.eclipse.paho.client.mqttv3.jar:/home/travis/build/icyphy/ptII/lib/mapss.jar:/home/travis/build/icyphy/ptII/ptolemy/actor/ptalon/antlr/antlr.jar:/home/travis/build/icyphy/ptII/lib/JRI.jar:/home/travis/build/icyphy/ptII/lib/commons-lang-2.6.jar:/home/travis/build/icyphy/ptII/lib/commons-logging-1.1.1.jar:/home/travis/build/icyphy/ptII/lib/sootclasses.jar:/home/travis/build/icyphy/ptII/ptolemy/actor/lib/database/mysql-connector-java-5.1.6-bin.jar:/home/travis/build/icyphy/ptII/vendors/misc/sphinx4/sphinx4-data-5prealpha.jar:/home/travis/build/icyphy/ptII/vendors/misc/sphinx4/sphinx4-core-5prealpha.jar:/home/travis/build/icyphy/ptII/lib/PDFRenderer.jar:/home/travis/build/icyphy/ptII/lib/svgSalamander.jar:/home/travis/build/icyphy/ptII/lib/rsyntaxtextarea-2.6.0-SNAPSHOT.jar:/home/travis/build/icyphy/ptII/lib/hazelcast-3.8.2.jar:/home/travis/build/icyphy/ptII/lib/jackson-annotations-2.9.0.jar:/home/travis/build/icyphy/ptII/lib/jackson-core-2.9.3.jar:/home/travis/build/icyphy/ptII/lib/jackson-databind-2.9.3.jar:/home/travis/build/icyphy/ptII/lib/netty-buffer-4.1.19.Final.jar:/home/travis/build/icyphy/ptII/lib/netty-codec-4.1.19.Final.jar:/home/travis/build/icyphy/ptII/lib/netty-codec-dns-4.1.19.Final.jar:/home/travis/build/icyphy/ptII/lib/netty-codec-http-4.1.19.Final.jar:/home/travis/build/icyphy/ptII/lib/netty-codec-http2-4.1.19.Final.jar:/home/travis/build/icyphy/ptII/lib/netty-common-4.1.19.Final.jar:/home/travis/build/icyphy/ptII/lib/netty-handler-4.1.19.Final.jar:/home/travis/build/icyphy/ptII/lib/netty-resolver-4.1.19.Final.jar:/home/travis/build/icyphy/ptII/lib/netty-resolver-dns-4.1.19.Final.jar:/home/travis/build/icyphy/ptII/lib/netty-transport-4.1.19.Final.jar:/home/travis/build/icyphy/ptII/lib/vertx-codegen-3.5.1.jar:/home/travis/build/icyphy/ptII/lib/vertx-core-3.5.2-SNAPSHOT.jar:/home/travis/build/icyphy/ptII/lib/vertx-hazelcast-3.5.1.jar:/home/travis/build/icyphy/ptII/lib/vertx-lang-js-3.5.1.jar:/home/travis/build/icyphy/ptII/lib/vertx-service-proxy-3.5.1.jar:/home/travis/build/icyphy/ptII/lib/vertx-web-3.5.1.jar:/home/travis/build/icyphy/ptII/lib/slf4j-api-1.7.13.jar:/home/travis/build/icyphy/ptII/lib/slf4j-simple-1.7.13.jar:/home/travis/build/icyphy/ptII/lib/webcam-capture-0.3.12.jar:/home/travis/build/icyphy/ptII/lib/bridj-0.7.0.jar:/home/travis/build/icyphy/ptII/lib/xbjlib-1.1.0.nrjavaserial.jar:/home/travis/build/icyphy/ptII/ptolemy/moml/test:/home/travis/build/icyphy/ptII/ant/lib/ant-launcher.jar:/home/travis/build/icyphy/ptII/ant/lib/ant.jar:/home/travis/build/icyphy/ptII/ant/lib/ant-junit.jar:/home/travis/build/icyphy/ptII/ant/lib/ant-junit4.jar" />
    <property name="ant.library.dir" value="/home/travis/build/icyphy/ptII/ant/lib" />
    <property name="os.arch" value="amd64" />
    <property name="env.CONTINUOUS_INTEGRATION" value="true" />
    <property name="env.TRAVIS_LANGUAGE" value="node_js" />
    <property name="env.TRAVIS_STACK_LANGUAGES" value="__sardonyx__ c c++ clojure cplusplus cpp default generic go groovy java node_js php pure_java python ruby scala" />
    <property name="test.name" value="ptolemy.actor.lib.test.junit.JUnitTclTest" />
    <property name="env.APT_KEY_DONT_WARN_ON_DANGEROUS_USAGE" value="1" />
    <property name="sun.java.launcher" value="SUN_STANDARD" />
    <property name="env.PYTHON_CONFIGURE_OPTS" value="--enable-unicode=ucs4 --with-wide-unicode --enable-shared --enable-ipv6 --enable-loadable-sqlite-extensions --with-computed-gotos" />
    <property name="ant.core.lib" value="/home/travis/build/icyphy/ptII/ant/lib/ant.jar" />
    <property name="java.vm.specification.vendor" value="Oracle Corporation" />
    <property name="env.BCVTB_HOME" value="/home/travis/build/icyphy/ptII/lbnl" />
    <property name="file.separator" value="/" />
    <property name="spotbugs.home" value="/home/travis/build/icyphy/ptII/vendors/spotbugs-3.1.1" />
    <property name="java.runtime.version" value="11.0.2+9" />
    <property name="env.ANSI_CLEAR" value="\033[0K" />
    <property name="javafx.verbose" value="true" />
    <property name="env.HAS_JOSH_K_SEAL_OF_APPROVAL" value="true" />
    <property name="env.XDG_RUNTIME_DIR" value="/run/user/2000" />
    <property name="env.TRAVIS_OSX_IMAGE" value="" />
    <property name="env.TRAVIS_JOB_ID" value="618457993" />
    <property name="env.TRAVIS_BRANCH" value="master" />
    <property name="user.country" value="US" />
    <property name="env.CERTI_HOME_TRAVIS" value="/home/travis/pthla/certi-tools" />
    <property name="env.SHELL" value="/bin/bash" />
    <property name="java.maxmemory.large" value="3200m" />
    <property name="model" value="" />
    <property name="env.CASHER_DIR" value="/home/travis/.casher" />
    <property name="env.NVM_CD_FLAGS" value="" />
    <property name="java.vendor.version" value="18.9" />
    <property name="jshint.executable" value="/home/travis/node_modules/jshint/bin/jshint" />
    <property name="env.JRUBY_OPTS" value=" --client -J-XX:+TieredCompilation -J-XX:TieredStopAtLevel=1 -J-Xss2m -Xcompile.invokedynamic=false" />
    <property name="java.vendor" value="Oracle Corporation" />
    <property name="env.TRAVIS_PRE_CHEF_BOOTSTRAP_TIME" value="2019-03-25T16:16:42" />
    <property name="env.TRAVIS_STACK_JOB_BOARD_REGISTER" value="/.job-board-register.yml" />
    <property name="env.ANSI_RED" value="\033[31;1m" />
    <property name="java.specification.version" value="11" />
    <property name="env.IRBRC" value="/home/travis/.rvm/rubies/ruby-2.5.3/.irbrc" />
    <property name="env.TRAVIS" value="true" />
    <property name="sun.arch.data.model" value="64" />
  </properties>
  <testcase classname="ptolemy.util.test.junit.TclTests" name="[0] /home/travis/build/icyphy/ptII/ptolemy/actor/lib/test/AbsoluteValue.tcl (RunTclFile)" time="0.582" />
  <testcase classname="ptolemy.util.test.junit.TclTests" name="[1] /home/travis/build/icyphy/ptII/ptolemy/actor/lib/test/AddSubtract.tcl (RunTclFile)" time="0.13" />
  <testcase classname="ptolemy.util.test.junit.TclTests" name="[2] /home/travis/build/icyphy/ptII/ptolemy/actor/lib/test/Average.tcl (RunTclFile)" time="0.062" />
  <testcase classname="ptolemy.util.test.junit.TclTests" name="[3] /home/travis/build/icyphy/ptII/ptolemy/actor/lib/test/Bernoulli.tcl (RunTclFile)" time="0.027" />
  <testcase classname="ptolemy.util.test.junit.TclTests" name="[4] /home/travis/build/icyphy/ptII/ptolemy/actor/lib/test/Clock.tcl (RunTclFile)" time="0.112" />
  <testcase classname="ptolemy.util.test.junit.TclTests" name="[5] /home/travis/build/icyphy/ptII/ptolemy/actor/lib/test/Commutator.tcl (RunTclFile)" time="0.174" />
  <testcase classname="ptolemy.util.test.junit.TclTests" name="[6] /home/travis/build/icyphy/ptII/ptolemy/actor/lib/test/Const.tcl (RunTclFile)" time="0.103" />
  <testcase classname="ptolemy.util.test.junit.TclTests" name="[7] /home/travis/build/icyphy/ptII/ptolemy/actor/lib/test/CurrentTime.tcl (RunTclFile)" time="0.023" />
  <testcase classname="ptolemy.util.test.junit.TclTests" name="[8] /home/travis/build/icyphy/ptII/ptolemy/actor/lib/test/DB.tcl (RunTclFile)" time="0.052" />
  <testcase classname="ptolemy.util.test.junit.TclTests" name="[9] /home/travis/build/icyphy/ptII/ptolemy/actor/lib/test/DiscreteRandomSource.tcl (RunTclFile)" time="0.054" />
  <testcase classname="ptolemy.util.test.junit.TclTests" name="[10] /home/travis/build/icyphy/ptII/ptolemy/actor/lib/test/Distributor.tcl (RunTclFile)" time="0.036" />
  <testcase classname="ptolemy.util.test.junit.TclTests" name="[11] /home/travis/build/icyphy/ptII/ptolemy/actor/lib/test/Exit.tcl (RunTclFile)" time="0.114" />
  <testcase classname="ptolemy.util.test.junit.TclTests" name="[12] /home/travis/build/icyphy/ptII/ptolemy/actor/lib/test/Expression.tcl (RunTclFile)" time="0.131" />
  <testcase classname="ptolemy.util.test.junit.TclTests" name="[13] /home/travis/build/icyphy/ptII/ptolemy/actor/lib/test/Gaussian.tcl (RunTclFile)" time="0.532" />
  <testcase classname="ptolemy.util.test.junit.TclTests" name="[14] /home/travis/build/icyphy/ptII/ptolemy/actor/lib/test/IIR.tcl (RunTclFile)" time="0.042" />
  <testcase classname="ptolemy.util.test.junit.TclTests" name="[15] /home/travis/build/icyphy/ptII/ptolemy/actor/lib/test/Interpolator.tcl (RunTclFile)" time="0.053" />
  <testcase classname="ptolemy.util.test.junit.TclTests" name="[16] /home/travis/build/icyphy/ptII/ptolemy/actor/lib/test/MathFunction.tcl (RunTclFile)" time="0.049" />
  <testcase classname="ptolemy.util.test.junit.TclTests" name="[17] /home/travis/build/icyphy/ptII/ptolemy/actor/lib/test/Maximum.tcl (RunTclFile)" time="0.052" />
  <testcase classname="ptolemy.util.test.junit.TclTests" name="[18] /home/travis/build/icyphy/ptII/ptolemy/actor/lib/test/Minimum.tcl (RunTclFile)" time="0.045" />
  <testcase classname="ptolemy.util.test.junit.TclTests" name="[19] /home/travis/build/icyphy/ptII/ptolemy/actor/lib/test/MultiplyDivide.tcl (RunTclFile)" time="0.045" />
  <testcase classname="ptolemy.util.test.junit.TclTests" name="[20] /home/travis/build/icyphy/ptII/ptolemy/actor/lib/test/OrderedMerge.tcl (RunTclFile)" time="0.151" />
  <testcase classname="ptolemy.util.test.junit.TclTests" name="[21] /home/travis/build/icyphy/ptII/ptolemy/actor/lib/test/Publisher.tcl (RunTclFile)" time="0.866" />
  <testcase classname="ptolemy.util.test.junit.TclTests" name="[22] /home/travis/build/icyphy/ptII/ptolemy/actor/lib/test/Pulse.tcl (RunTclFile)" time="0.043" />
  <testcase classname="ptolemy.util.test.junit.TclTests" name="[23] /home/travis/build/icyphy/ptII/ptolemy/actor/lib/test/Ramp.tcl (RunTclFile)" time="2.221" />
  <testcase classname="ptolemy.util.test.junit.TclTests" name="[24] /home/travis/build/icyphy/ptII/ptolemy/actor/lib/test/RampContinuous.tcl (RunTclFile)" time="0.017" />
  <testcase classname="ptolemy.util.test.junit.TclTests" name="[25] /home/travis/build/icyphy/ptII/ptolemy/actor/lib/test/RecordAssembler.tcl (RunTclFile)" time="0.016" />
  <testcase classname="ptolemy.util.test.junit.TclTests" name="[26] /home/travis/build/icyphy/ptII/ptolemy/actor/lib/test/RecordDisassembler.tcl (RunTclFile)" time="0.021" />
  <testcase classname="ptolemy.util.test.junit.TclTests" name="[27] /home/travis/build/icyphy/ptII/ptolemy/actor/lib/test/Scale.tcl (RunTclFile)" time="0.047" />
  <testcase classname="ptolemy.util.test.junit.TclTests" name="[28] /home/travis/build/icyphy/ptII/ptolemy/actor/lib/test/SequentialClock.tcl (RunTclFile)" time="0.021" />
  <testcase classname="ptolemy.util.test.junit.TclTests" name="[29] /home/travis/build/icyphy/ptII/ptolemy/actor/lib/test/SetVariable.tcl (RunTclFile)" time="0.024">
    <failure message="Number of failed tests is has increased. expected:&lt;0&gt; but was:&lt;1&gt;" type="junit.framework.AssertionFailedError">junit.framework.AssertionFailedError: Number of failed tests is has increased. expected:&lt;0&gt; but was:&lt;1&gt;
	at ptolemy.util.test.junit.TclTests.RunTclFile(TclTests.java:286)
	at jdk.internal.reflect.GeneratedMethodAccessor19.invoke(Unknown Source)
	at java.base/jdk.internal.reflect.DelegatingMethodAccessorImpl.invoke(DelegatingMethodAccessorImpl.java:43)
	at junitparams.internal.InvokeParameterisedMethod.evaluate(InvokeParameterisedMethod.java:102)
	at junitparams.internal.ParameterisedTestMethodRunner.runMethodInvoker(ParameterisedTestMethodRunner.java:47)
	at junitparams.internal.ParameterisedTestMethodRunner.runTestMethod(ParameterisedTestMethodRunner.java:41)
	at junitparams.internal.ParameterisedTestClassRunner.runParameterisedTest(ParameterisedTestClassRunner.java:143)
	at junitparams.JUnitParamsRunner.runChild(JUnitParamsRunner.java:237)
	at junitparams.JUnitParamsRunner.runChild(JUnitParamsRunner.java:215)
</failure>
  </testcase>
  <testcase classname="ptolemy.util.test.junit.TclTests" name="[30] /home/travis/build/icyphy/ptII/ptolemy/actor/lib/test/Sinewave.tcl (RunTclFile)" time="0.029" />
  <testcase classname="ptolemy.util.test.junit.TclTests" name="[31] /home/travis/build/icyphy/ptII/ptolemy/actor/lib/test/SubscriptionAggregator.tcl (RunTclFile)" time="2.168" />
  <testcase classname="ptolemy.util.test.junit.TclTests" name="[32] /home/travis/build/icyphy/ptII/ptolemy/actor/lib/test/Test.tcl (RunTclFile)" time="0.127" />
  <testcase classname="ptolemy.util.test.junit.TclTests" name="[33] /home/travis/build/icyphy/ptII/ptolemy/actor/lib/test/TestExceptionHandler.tcl (RunTclFile)" time="0.016" />
  <testcase classname="ptolemy.util.test.junit.TclTests" name="[34] /home/travis/build/icyphy/ptII/ptolemy/actor/lib/test/UnionDisassembler.tcl (RunTclFile)" time="0.08" />
  <testcase classname="ptolemy.util.test.junit.TclTests" name="[35] /home/travis/build/icyphy/ptII/ptolemy/actor/lib/test/VariableClock.tcl (RunTclFile)" time="0.029" />
  <testcase classname="ptolemy.util.test.junit.AutoKnownFailedTests" name="[0] /home/travis/build/icyphy/ptII/ptolemy/actor/lib/test/auto/knownFailedTests/PublisherPortToplevelSubscriber.xml (RunModel)" time="0.029" />
  <testcase classname="ptolemy.util.test.junit.AutoKnownFailedTests" name="[1] /home/travis/build/icyphy/ptII/ptolemy/actor/lib/test/auto/knownFailedTests/PublisherSubscriberPortToplevel.xml (RunModel)" time="0.02" />
  <testcase classname="ptolemy.util.test.junit.AutoKnownFailedTests" name="[2] /home/travis/build/icyphy/ptII/ptolemy/actor/lib/test/auto/knownFailedTests/PublisherSubscriptionAggregatorPort.xml (RunModel)" time="0.083" />
  <testcase classname="ptolemy.util.test.junit.AutoKnownFailedTests" name="[3] /home/travis/build/icyphy/ptII/ptolemy/actor/lib/test/auto/knownFailedTests/sizedarray3.xml (RunModel)" time="0.024" />
  <testcase classname="ptolemy.util.test.junit.AutoNameArchTests" name="[0] ThereAreNoAutoArchTests (RunModel)" time="0.008" />
  <testcase classname="ptolemy.util.test.junit.AutoTests" name="[0] /home/travis/build/icyphy/ptII/ptolemy/actor/lib/test/auto/AbsoluteValue.xml (RunModel)" time="0.093" />
  <testcase classname="ptolemy.util.test.junit.AutoTests" name="[1] /home/travis/build/icyphy/ptII/ptolemy/actor/lib/test/auto/AbsoluteValue2.xml (RunModel)" time="0.085" />
  <testcase classname="ptolemy.util.test.junit.AutoTests" name="[2] /home/travis/build/icyphy/ptII/ptolemy/actor/lib/test/auto/Accumulator.xml (RunModel)" time="0.039" />
  <testcase classname="ptolemy.util.test.junit.AutoTests" name="[3] /home/travis/build/icyphy/ptII/ptolemy/actor/lib/test/auto/Accumulator2.xml (RunModel)" time="0.048" />
  <testcase classname="ptolemy.util.test.junit.AutoTests" name="[4] /home/travis/build/icyphy/ptII/ptolemy/actor/lib/test/auto/Accumulator3.xml (RunModel)" time="0.047" />
  <testcase classname="ptolemy.util.test.junit.AutoTests" name="[5] /home/travis/build/icyphy/ptII/ptolemy/actor/lib/test/auto/ArrayAppend.xml (RunModel)" time="0.04" />
  <testcase classname="ptolemy.util.test.junit.AutoTests" name="[6] /home/travis/build/icyphy/ptII/ptolemy/actor/lib/test/auto/ArrayAppend2.xml (RunModel)" time="0.375" />
  <testcase classname="ptolemy.util.test.junit.AutoTests" name="[7] /home/travis/build/icyphy/ptII/ptolemy/actor/lib/test/auto/ArrayAppend3.xml (RunModel)" time="0.044" />
  <testcase classname="ptolemy.util.test.junit.AutoTests" name="[8] /home/travis/build/icyphy/ptII/ptolemy/actor/lib/test/auto/ArrayAppend4.xml (RunModel)" time="0.013" />
  <testcase classname="ptolemy.util.test.junit.AutoTests" name="[9] /home/travis/build/icyphy/ptII/ptolemy/actor/lib/test/auto/ArrayAppend5.xml (RunModel)" time="0.014" />
  <testcase classname="ptolemy.util.test.junit.AutoTests" name="[10] /home/travis/build/icyphy/ptII/ptolemy/actor/lib/test/auto/ArrayAppend6.xml (RunModel)" time="0.085" />
  <testcase classname="ptolemy.util.test.junit.AutoTests" name="[11] /home/travis/build/icyphy/ptII/ptolemy/actor/lib/test/auto/ArrayAppendPerformanceTest.xml (RunModel)" time="0.064" />
  <testcase classname="ptolemy.util.test.junit.AutoTests" name="[12] /home/travis/build/icyphy/ptII/ptolemy/actor/lib/test/auto/ArrayAppendWithEmptyInput.xml (RunModel)" time="0.035" />
  <testcase classname="ptolemy.util.test.junit.AutoTests" name="[13] /home/travis/build/icyphy/ptII/ptolemy/actor/lib/test/auto/ArrayAverage.xml (RunModel)" time="0.031" />
  <testcase classname="ptolemy.util.test.junit.AutoTests" name="[14] /home/travis/build/icyphy/ptII/ptolemy/actor/lib/test/auto/ArrayContains.xml (RunModel)" time="0.033" />
  <testcase classname="ptolemy.util.test.junit.AutoTests" name="[15] /home/travis/build/icyphy/ptII/ptolemy/actor/lib/test/auto/ArrayElement.xml (RunModel)" time="0.024" />
  <testcase classname="ptolemy.util.test.junit.AutoTests" name="[16] /home/travis/build/icyphy/ptII/ptolemy/actor/lib/test/auto/ArrayElementAsMatrix.xml (RunModel)" time="0.051" />
  <testcase classname="ptolemy.util.test.junit.AutoTests" name="[17] /home/travis/build/icyphy/ptII/ptolemy/actor/lib/test/auto/ArrayElementI.xml (RunModel)" time="0.035" />
  <testcase classname="ptolemy.util.test.junit.AutoTests" name="[18] /home/travis/build/icyphy/ptII/ptolemy/actor/lib/test/auto/ArrayExtract.xml (RunModel)" time="0.033" />
  <testcase classname="ptolemy.util.test.junit.AutoTests" name="[19] /home/travis/build/icyphy/ptII/ptolemy/actor/lib/test/auto/ArrayExtract2.xml (RunModel)" time="0.017" />
  <testcase classname="ptolemy.util.test.junit.AutoTests" name="[20] /home/travis/build/icyphy/ptII/ptolemy/actor/lib/test/auto/ArrayLength.xml (RunModel)" time="0.012" />
  <testcase classname="ptolemy.util.test.junit.AutoTests" name="[21] /home/travis/build/icyphy/ptII/ptolemy/actor/lib/test/auto/ArrayLevelCrossing.xml (RunModel)" time="0.024" />
  <testcase classname="ptolemy.util.test.junit.AutoTests" name="[22] /home/travis/build/icyphy/ptII/ptolemy/actor/lib/test/auto/ArrayLevelCrossing2.xml (RunModel)" time="0.022" />
  <testcase classname="ptolemy.util.test.junit.AutoTests" name="[23] /home/travis/build/icyphy/ptII/ptolemy/actor/lib/test/auto/ArrayPeakSearch.xml (RunModel)" time="0.043" />
  <testcase classname="ptolemy.util.test.junit.AutoTests" name="[24] /home/travis/build/icyphy/ptII/ptolemy/actor/lib/test/auto/ArrayPeakSearch2.xml (RunModel)" time="0.041" />
  <testcase classname="ptolemy.util.test.junit.AutoTests" name="[25] /home/travis/build/icyphy/ptII/ptolemy/actor/lib/test/auto/ArrayPeakSearch3.xml (RunModel)" time="0.032" />
  <testcase classname="ptolemy.util.test.junit.AutoTests" name="[26] /home/travis/build/icyphy/ptII/ptolemy/actor/lib/test/auto/ArrayRemoveElement.xml (RunModel)" time="0.032" />
  <testcase classname="ptolemy.util.test.junit.AutoTests" name="[27] /home/travis/build/icyphy/ptII/ptolemy/actor/lib/test/auto/ArraySort.xml (RunModel)" time="0.031" />
  <testcase classname="ptolemy.util.test.junit.AutoTests" name="[28] /home/travis/build/icyphy/ptII/ptolemy/actor/lib/test/auto/ArraySum.xml (RunModel)" time="0.021" />
  <testcase classname="ptolemy.util.test.junit.AutoTests" name="[29] /home/travis/build/icyphy/ptII/ptolemy/actor/lib/test/auto/ArrayToElements.xml (RunModel)" time="0.027" />
  <testcase classname="ptolemy.util.test.junit.AutoTests" name="[30] /home/travis/build/icyphy/ptII/ptolemy/actor/lib/test/auto/ArrayToMatrix.xml (RunModel)" time="0.063" />
  <testcase classname="ptolemy.util.test.junit.AutoTests" name="[31] /home/travis/build/icyphy/ptII/ptolemy/actor/lib/test/auto/ArrayUpdate1.xml (RunModel)" time="0.017" />
  <testcase classname="ptolemy.util.test.junit.AutoTests" name="[32] /home/travis/build/icyphy/ptII/ptolemy/actor/lib/test/auto/ArrayUpdate2.xml (RunModel)" time="0.027" />
  <testcase classname="ptolemy.util.test.junit.AutoTests" name="[33] /home/travis/build/icyphy/ptII/ptolemy/actor/lib/test/auto/ArrayUpdate3.xml (RunModel)" time="0.017" />
  <testcase classname="ptolemy.util.test.junit.AutoTests" name="[34] /home/travis/build/icyphy/ptII/ptolemy/actor/lib/test/auto/Assert1.xml (RunModel)" time="0.019" />
  <testcase classname="ptolemy.util.test.junit.AutoTests" name="[35] /home/travis/build/icyphy/ptII/ptolemy/actor/lib/test/auto/Assert2.xml (RunModel)" time="0.022" />
  <testcase classname="ptolemy.util.test.junit.AutoTests" name="[36] /home/travis/build/icyphy/ptII/ptolemy/actor/lib/test/auto/BooleanMultiplexor.xml (RunModel)" time="0.024" />
  <testcase classname="ptolemy.util.test.junit.AutoTests" name="[37] /home/travis/build/icyphy/ptII/ptolemy/actor/lib/test/auto/BooleanMultiplexor2.xml (RunModel)" time="0.019" />
  <testcase classname="ptolemy.util.test.junit.AutoTests" name="[38] /home/travis/build/icyphy/ptII/ptolemy/actor/lib/test/auto/BooleanMultiplexor3.xml (RunModel)" time="0.013" />
  <testcase classname="ptolemy.util.test.junit.AutoTests" name="[39] /home/travis/build/icyphy/ptII/ptolemy/actor/lib/test/auto/BooleanSelect.xml (RunModel)" time="0.02" />
  <testcase classname="ptolemy.util.test.junit.AutoTests" name="[40] /home/travis/build/icyphy/ptII/ptolemy/actor/lib/test/auto/BooleanSelect2.xml (RunModel)" time="0.014" />
  <testcase classname="ptolemy.util.test.junit.AutoTests" name="[41] /home/travis/build/icyphy/ptII/ptolemy/actor/lib/test/auto/BooleanSwitch.xml (RunModel)" time="0.022" />
  <testcase classname="ptolemy.util.test.junit.AutoTests" name="[42] /home/travis/build/icyphy/ptII/ptolemy/actor/lib/test/auto/BooleanSwitch2.xml (RunModel)" time="0.017" />
  <testcase classname="ptolemy.util.test.junit.AutoTests" name="[43] /home/travis/build/icyphy/ptII/ptolemy/actor/lib/test/auto/BooleanSwitchCloningBugWithClassRelationGroup.xml (RunModel)" time="0.028" />
  <testcase classname="ptolemy.util.test.junit.AutoTests" name="[44] /home/travis/build/icyphy/ptII/ptolemy/actor/lib/test/auto/BusActors.xml (RunModel)" time="0.04" />
  <testcase classname="ptolemy.util.test.junit.AutoTests" name="[45] /home/travis/build/icyphy/ptII/ptolemy/actor/lib/test/auto/ClassWrapper.xml (RunModel)" time="0.026" />
  <testcase classname="ptolemy.util.test.junit.AutoTests" name="[46] /home/travis/build/icyphy/ptII/ptolemy/actor/lib/test/auto/Clock.xml (RunModel)" time="0.021" />
  <testcase classname="ptolemy.util.test.junit.AutoTests" name="[47] /home/travis/build/icyphy/ptII/ptolemy/actor/lib/test/auto/Clock10.xml (RunModel)" time="0.033" />
  <testcase classname="ptolemy.util.test.junit.AutoTests" name="[48] /home/travis/build/icyphy/ptII/ptolemy/actor/lib/test/auto/Clock11.xml (RunModel)" time="0.018" />
  <testcase classname="ptolemy.util.test.junit.AutoTests" name="[49] /home/travis/build/icyphy/ptII/ptolemy/actor/lib/test/auto/Clock12.xml (RunModel)" time="0.021" />
  <testcase classname="ptolemy.util.test.junit.AutoTests" name="[50] /home/travis/build/icyphy/ptII/ptolemy/actor/lib/test/auto/Clock13.xml (RunModel)" time="0.023" />
  <testcase classname="ptolemy.util.test.junit.AutoTests" name="[51] /home/travis/build/icyphy/ptII/ptolemy/actor/lib/test/auto/Clock14.xml (RunModel)" time="0.02" />
  <testcase classname="ptolemy.util.test.junit.AutoTests" name="[52] /home/travis/build/icyphy/ptII/ptolemy/actor/lib/test/auto/Clock15.xml (RunModel)" time="0.016" />
  <testcase classname="ptolemy.util.test.junit.AutoTests" name="[53] /home/travis/build/icyphy/ptII/ptolemy/actor/lib/test/auto/Clock16.xml (RunModel)" time="0.106" />
  <testcase classname="ptolemy.util.test.junit.AutoTests" name="[54] /home/travis/build/icyphy/ptII/ptolemy/actor/lib/test/auto/Clock17.xml (RunModel)" time="0.068" />
  <testcase classname="ptolemy.util.test.junit.AutoTests" name="[55] /home/travis/build/icyphy/ptII/ptolemy/actor/lib/test/auto/Clock18.xml (RunModel)" time="0.06" />
  <testcase classname="ptolemy.util.test.junit.AutoTests" name="[56] /home/travis/build/icyphy/ptII/ptolemy/actor/lib/test/auto/Clock19.xml (RunModel)" time="0.046" />
  <testcase classname="ptolemy.util.test.junit.AutoTests" name="[57] /home/travis/build/icyphy/ptII/ptolemy/actor/lib/test/auto/Clock2.xml (RunModel)" time="0.016" />
  <testcase classname="ptolemy.util.test.junit.AutoTests" name="[58] /home/travis/build/icyphy/ptII/ptolemy/actor/lib/test/auto/Clock20.xml (RunModel)" time="0.024" />
  <testcase classname="ptolemy.util.test.junit.AutoTests" name="[59] /home/travis/build/icyphy/ptII/ptolemy/actor/lib/test/auto/Clock21.xml (RunModel)" time="0.018" />
  <testcase classname="ptolemy.util.test.junit.AutoTests" name="[60] /home/travis/build/icyphy/ptII/ptolemy/actor/lib/test/auto/Clock22.xml (RunModel)" time="0.016" />
  <testcase classname="ptolemy.util.test.junit.AutoTests" name="[61] /home/travis/build/icyphy/ptII/ptolemy/actor/lib/test/auto/Clock23.xml (RunModel)" time="0.019" />
  <testcase classname="ptolemy.util.test.junit.AutoTests" name="[62] /home/travis/build/icyphy/ptII/ptolemy/actor/lib/test/auto/Clock24.xml (RunModel)" time="0.02" />
  <testcase classname="ptolemy.util.test.junit.AutoTests" name="[63] /home/travis/build/icyphy/ptII/ptolemy/actor/lib/test/auto/Clock4.xml (RunModel)" time="0.01" />
  <testcase classname="ptolemy.util.test.junit.AutoTests" name="[64] /home/travis/build/icyphy/ptII/ptolemy/actor/lib/test/auto/Clock5.xml (RunModel)" time="0.011" />
  <testcase classname="ptolemy.util.test.junit.AutoTests" name="[65] /home/travis/build/icyphy/ptII/ptolemy/actor/lib/test/auto/Clock6.xml (RunModel)" time="0.014" />
  <testcase classname="ptolemy.util.test.junit.AutoTests" name="[66] /home/travis/build/icyphy/ptII/ptolemy/actor/lib/test/auto/Clock7.xml (RunModel)" time="0.009" />
  <testcase classname="ptolemy.util.test.junit.AutoTests" name="[67] /home/travis/build/icyphy/ptII/ptolemy/actor/lib/test/auto/Clock8.xml (RunModel)" time="0.014" />
  <testcase classname="ptolemy.util.test.junit.AutoTests" name="[68] /home/travis/build/icyphy/ptII/ptolemy/actor/lib/test/auto/Clock9.xml (RunModel)" time="0.019" />
  <testcase classname="ptolemy.util.test.junit.AutoTests" name="[69] /home/travis/build/icyphy/ptII/ptolemy/actor/lib/test/auto/CommDistDiscard.xml (RunModel)" time="0.022" />
  <testcase classname="ptolemy.util.test.junit.AutoTests" name="[70] /home/travis/build/icyphy/ptII/ptolemy/actor/lib/test/auto/Commutator.xml (RunModel)" time="0.013" />
  <testcase classname="ptolemy.util.test.junit.AutoTests" name="[71] /home/travis/build/icyphy/ptII/ptolemy/actor/lib/test/auto/Commutator2.xml (RunModel)" time="0.009" />
  <testcase classname="ptolemy.util.test.junit.AutoTests" name="[72] /home/travis/build/icyphy/ptII/ptolemy/actor/lib/test/auto/Commutator3.xml (RunModel)" time="0.012" />
  <testcase classname="ptolemy.util.test.junit.AutoTests" name="[73] /home/travis/build/icyphy/ptII/ptolemy/actor/lib/test/auto/Compare.xml (RunModel)" time="0.018" />
  <testcase classname="ptolemy.util.test.junit.AutoTests" name="[74] /home/travis/build/icyphy/ptII/ptolemy/actor/lib/test/auto/CompareDE.xml (RunModel)" time="0.017" />
  <testcase classname="ptolemy.util.test.junit.AutoTests" name="[75] /home/travis/build/icyphy/ptII/ptolemy/actor/lib/test/auto/ComplexDivide.xml (RunModel)" time="0.008" />
  <testcase classname="ptolemy.util.test.junit.AutoTests" name="[76] /home/travis/build/icyphy/ptII/ptolemy/actor/lib/test/auto/ComputeHistogram.xml (RunModel)" time="0.066" />
  <testcase classname="ptolemy.util.test.junit.AutoTests" name="[77] /home/travis/build/icyphy/ptII/ptolemy/actor/lib/test/auto/ConfigurationSelect.xml (RunModel)" time="0.023" />
  <testcase classname="ptolemy.util.test.junit.AutoTests" name="[78] /home/travis/build/icyphy/ptII/ptolemy/actor/lib/test/auto/ConfigurationSelect2.xml (RunModel)" time="0.015" />
  <testcase classname="ptolemy.util.test.junit.AutoTests" name="[79] /home/travis/build/icyphy/ptII/ptolemy/actor/lib/test/auto/ConfigurationSwitch.xml (RunModel)" time="0.027" />
  <testcase classname="ptolemy.util.test.junit.AutoTests" name="[80] /home/travis/build/icyphy/ptII/ptolemy/actor/lib/test/auto/ConfigurationSwitch2.xml (RunModel)" time="0.028" />
  <testcase classname="ptolemy.util.test.junit.AutoTests" name="[81] /home/travis/build/icyphy/ptII/ptolemy/actor/lib/test/auto/ConfigurationSwitchCloningBugWithClassRelationGroup.xml (RunModel)" time="0.019" />
  <testcase classname="ptolemy.util.test.junit.AutoTests" name="[82] /home/travis/build/icyphy/ptII/ptolemy/actor/lib/test/auto/ConfigurationSwitchSelectSDF.xml (RunModel)" time="0.016" />
  <testcase classname="ptolemy.util.test.junit.AutoTests" name="[83] /home/travis/build/icyphy/ptII/ptolemy/actor/lib/test/auto/ConfigurationSwitchSelectSDF2.xml (RunModel)" time="0.018" />
  <testcase classname="ptolemy.util.test.junit.AutoTests" name="[84] /home/travis/build/icyphy/ptII/ptolemy/actor/lib/test/auto/Const.xml (RunModel)" time="0.007" />
  <testcase classname="ptolemy.util.test.junit.AutoTests" name="[85] /home/travis/build/icyphy/ptII/ptolemy/actor/lib/test/auto/Const2.xml (RunModel)" time="0.01" />
  <testcase classname="ptolemy.util.test.junit.AutoTests" name="[86] /home/travis/build/icyphy/ptII/ptolemy/actor/lib/test/auto/Const3.xml (RunModel)" time="0.008" />
  <testcase classname="ptolemy.util.test.junit.AutoTests" name="[87] /home/travis/build/icyphy/ptII/ptolemy/actor/lib/test/auto/ConstantPublisherPort1.xml (RunModel)" time="0.023" />
  <testcase classname="ptolemy.util.test.junit.AutoTests" name="[88] /home/travis/build/icyphy/ptII/ptolemy/actor/lib/test/auto/ConstantPublisherPort2.xml (RunModel)" time="0.023" />
  <testcase classname="ptolemy.util.test.junit.AutoTests" name="[89] /home/travis/build/icyphy/ptII/ptolemy/actor/lib/test/auto/ConstantPublisherPort3.xml (RunModel)" time="0.019" />
  <testcase classname="ptolemy.util.test.junit.AutoTests" name="[90] /home/travis/build/icyphy/ptII/ptolemy/actor/lib/test/auto/ConstantPublisherPort4.xml (RunModel)" time="0.015" />
  <testcase classname="ptolemy.util.test.junit.AutoTests" name="[91] /home/travis/build/icyphy/ptII/ptolemy/actor/lib/test/auto/ConstantPublisherPort5.xml (RunModel)" time="0.042" />
  <testcase classname="ptolemy.util.test.junit.AutoTests" name="[92] /home/travis/build/icyphy/ptII/ptolemy/actor/lib/test/auto/ConstantPublisherPort6.xml (RunModel)" time="0.027" />
  <testcase classname="ptolemy.util.test.junit.AutoTests" name="[93] /home/travis/build/icyphy/ptII/ptolemy/actor/lib/test/auto/ConstantPublisherPort7.xml (RunModel)" time="0.03" />
  <testcase classname="ptolemy.util.test.junit.AutoTests" name="[94] /home/travis/build/icyphy/ptII/ptolemy/actor/lib/test/auto/ConstraintMonitor1.xml (RunModel)" time="0.036" />
  <testcase classname="ptolemy.util.test.junit.AutoTests" name="[95] /home/travis/build/icyphy/ptII/ptolemy/actor/lib/test/auto/ConstraintMonitor2.xml (RunModel)" time="0.011" />
  <testcase classname="ptolemy.util.test.junit.AutoTests" name="[96] /home/travis/build/icyphy/ptII/ptolemy/actor/lib/test/auto/ConstraintMonitor3.xml (RunModel)" time="0.02" />
  <testcase classname="ptolemy.util.test.junit.AutoTests" name="[97] /home/travis/build/icyphy/ptII/ptolemy/actor/lib/test/auto/ConstraintMonitor4.xml (RunModel)" time="0.014" />
  <testcase classname="ptolemy.util.test.junit.AutoTests" name="[98] /home/travis/build/icyphy/ptII/ptolemy/actor/lib/test/auto/ConstraintMonitor5.xml (RunModel)" time="0.013" />
  <testcase classname="ptolemy.util.test.junit.AutoTests" name="[99] /home/travis/build/icyphy/ptII/ptolemy/actor/lib/test/auto/ConstraintMonitor6.xml (RunModel)" time="0.014" />
  <testcase classname="ptolemy.util.test.junit.AutoTests" name="[100] /home/travis/build/icyphy/ptII/ptolemy/actor/lib/test/auto/ConstraintMonitor7.xml (RunModel)" time="0.019" />
  <testcase classname="ptolemy.util.test.junit.AutoTests" name="[101] /home/travis/build/icyphy/ptII/ptolemy/actor/lib/test/auto/ConstraintMonitor8.xml (RunModel)" time="0.018" />
  <testcase classname="ptolemy.util.test.junit.AutoTests" name="[102] /home/travis/build/icyphy/ptII/ptolemy/actor/lib/test/auto/Counter.xml (RunModel)" time="0.014" />
  <testcase classname="ptolemy.util.test.junit.AutoTests" name="[103] /home/travis/build/icyphy/ptII/ptolemy/actor/lib/test/auto/CurrentTimeSDF.xml (RunModel)" time="0.008" />
  <testcase classname="ptolemy.util.test.junit.AutoTests" name="[104] /home/travis/build/icyphy/ptII/ptolemy/actor/lib/test/auto/DB.xml (RunModel)" time="0.013" />
  <testcase classname="ptolemy.util.test.junit.AutoTests" name="[105] /home/travis/build/icyphy/ptII/ptolemy/actor/lib/test/auto/DBDE.xml (RunModel)" time="0.014" />
  <testcase classname="ptolemy.util.test.junit.AutoTests" name="[106] /home/travis/build/icyphy/ptII/ptolemy/actor/lib/test/auto/DateConstructor.xml (RunModel)" time="0.07" />
  <testcase classname="ptolemy.util.test.junit.AutoTests" name="[107] /home/travis/build/icyphy/ptII/ptolemy/actor/lib/test/auto/DelayTime.xml (RunModel)" time="0.02" />
  <testcase classname="ptolemy.util.test.junit.AutoTests" name="[108] /home/travis/build/icyphy/ptII/ptolemy/actor/lib/test/auto/Dictionary1.xml (RunModel)" time="0.019" />
  <testcase classname="ptolemy.util.test.junit.AutoTests" name="[109] /home/travis/build/icyphy/ptII/ptolemy/actor/lib/test/auto/Dictionary2.xml (RunModel)" time="0.022" />
  <testcase classname="ptolemy.util.test.junit.AutoTests" name="[110] /home/travis/build/icyphy/ptII/ptolemy/actor/lib/test/auto/Dictionary3.xml (RunModel)" time="0.015" />
  <testcase classname="ptolemy.util.test.junit.AutoTests" name="[111] /home/travis/build/icyphy/ptII/ptolemy/actor/lib/test/auto/Dictionary4.xml (RunModel)" time="0.02" />
  <testcase classname="ptolemy.util.test.junit.AutoTests" name="[112] /home/travis/build/icyphy/ptII/ptolemy/actor/lib/test/auto/Differential.xml (RunModel)" time="0.013" />
  <testcase classname="ptolemy.util.test.junit.AutoTests" name="[113] /home/travis/build/icyphy/ptII/ptolemy/actor/lib/test/auto/Director.xml (RunModel)" time="0.01" />
  <testcase classname="ptolemy.util.test.junit.AutoTests" name="[114] /home/travis/build/icyphy/ptII/ptolemy/actor/lib/test/auto/DiscreteClock.xml (RunModel)" time="0.009" />
  <testcase classname="ptolemy.util.test.junit.AutoTests" name="[115] /home/travis/build/icyphy/ptII/ptolemy/actor/lib/test/auto/DiscreteClock10.xml (RunModel)" time="0.013" />
  <testcase classname="ptolemy.util.test.junit.AutoTests" name="[116] /home/travis/build/icyphy/ptII/ptolemy/actor/lib/test/auto/DiscreteClock11.xml (RunModel)" time="0.011" />
  <testcase classname="ptolemy.util.test.junit.AutoTests" name="[117] /home/travis/build/icyphy/ptII/ptolemy/actor/lib/test/auto/DiscreteClock12.xml (RunModel)" time="0.013" />
  <testcase classname="ptolemy.util.test.junit.AutoTests" name="[118] /home/travis/build/icyphy/ptII/ptolemy/actor/lib/test/auto/DiscreteClock13.xml (RunModel)" time="0.017" />
  <testcase classname="ptolemy.util.test.junit.AutoTests" name="[119] /home/travis/build/icyphy/ptII/ptolemy/actor/lib/test/auto/DiscreteClock14.xml (RunModel)" time="0.014" />
  <testcase classname="ptolemy.util.test.junit.AutoTests" name="[120] /home/travis/build/icyphy/ptII/ptolemy/actor/lib/test/auto/DiscreteClock15.xml (RunModel)" time="0.015" />
  <testcase classname="ptolemy.util.test.junit.AutoTests" name="[121] /home/travis/build/icyphy/ptII/ptolemy/actor/lib/test/auto/DiscreteClock16.xml (RunModel)" time="0.043" />
  <testcase classname="ptolemy.util.test.junit.AutoTests" name="[122] /home/travis/build/icyphy/ptII/ptolemy/actor/lib/test/auto/DiscreteClock17.xml (RunModel)" time="0.039" />
  <testcase classname="ptolemy.util.test.junit.AutoTests" name="[123] /home/travis/build/icyphy/ptII/ptolemy/actor/lib/test/auto/DiscreteClock18.xml (RunModel)" time="0.049" />
  <testcase classname="ptolemy.util.test.junit.AutoTests" name="[124] /home/travis/build/icyphy/ptII/ptolemy/actor/lib/test/auto/DiscreteClock19.xml (RunModel)" time="0.043" />
  <testcase classname="ptolemy.util.test.junit.AutoTests" name="[125] /home/travis/build/icyphy/ptII/ptolemy/actor/lib/test/auto/DiscreteClock2.xml (RunModel)" time="0.011" />
  <testcase classname="ptolemy.util.test.junit.AutoTests" name="[126] /home/travis/build/icyphy/ptII/ptolemy/actor/lib/test/auto/DiscreteClock20.xml (RunModel)" time="0.017" />
  <testcase classname="ptolemy.util.test.junit.AutoTests" name="[127] /home/travis/build/icyphy/ptII/ptolemy/actor/lib/test/auto/DiscreteClock21.xml (RunModel)" time="0.017" />
  <testcase classname="ptolemy.util.test.junit.AutoTests" name="[128] /home/travis/build/icyphy/ptII/ptolemy/actor/lib/test/auto/DiscreteClock22.xml (RunModel)" time="0.019" />
  <testcase classname="ptolemy.util.test.junit.AutoTests" name="[129] /home/travis/build/icyphy/ptII/ptolemy/actor/lib/test/auto/DiscreteClock23.xml (RunModel)" time="0.02" />
  <testcase classname="ptolemy.util.test.junit.AutoTests" name="[130] /home/travis/build/icyphy/ptII/ptolemy/actor/lib/test/auto/DiscreteClock24.xml (RunModel)" time="0.018" />
  <testcase classname="ptolemy.util.test.junit.AutoTests" name="[131] /home/travis/build/icyphy/ptII/ptolemy/actor/lib/test/auto/DiscreteClock4.xml (RunModel)" time="0.014" />
  <testcase classname="ptolemy.util.test.junit.AutoTests" name="[132] /home/travis/build/icyphy/ptII/ptolemy/actor/lib/test/auto/DiscreteClock5.xml (RunModel)" time="0.011" />
  <testcase classname="ptolemy.util.test.junit.AutoTests" name="[133] /home/travis/build/icyphy/ptII/ptolemy/actor/lib/test/auto/DiscreteClock6.xml (RunModel)" time="0.011" />
  <testcase classname="ptolemy.util.test.junit.AutoTests" name="[134] /home/travis/build/icyphy/ptII/ptolemy/actor/lib/test/auto/DiscreteClock7.xml (RunModel)" time="0.009" />
  <testcase classname="ptolemy.util.test.junit.AutoTests" name="[135] /home/travis/build/icyphy/ptII/ptolemy/actor/lib/test/auto/DiscreteClock8.xml (RunModel)" time="0.021" />
  <testcase classname="ptolemy.util.test.junit.AutoTests" name="[136] /home/travis/build/icyphy/ptII/ptolemy/actor/lib/test/auto/DiscreteClock9.xml (RunModel)" time="0.013" />
  <testcase classname="ptolemy.util.test.junit.AutoTests" name="[137] /home/travis/build/icyphy/ptII/ptolemy/actor/lib/test/auto/DisplayArray.xml (RunModel)" time="0.01" />
  <testcase classname="ptolemy.util.test.junit.AutoTests" name="[138] /home/travis/build/icyphy/ptII/ptolemy/actor/lib/test/auto/Distributor.xml (RunModel)" time="0.009" />
  <testcase classname="ptolemy.util.test.junit.AutoTests" name="[139] /home/travis/build/icyphy/ptII/ptolemy/actor/lib/test/auto/Distributor2.xml (RunModel)" time="0.011" />
  <testcase classname="ptolemy.util.test.junit.AutoTests" name="[140] /home/travis/build/icyphy/ptII/ptolemy/actor/lib/test/auto/DownSample.xml (RunModel)" time="0.011" />
  <testcase classname="ptolemy.util.test.junit.AutoTests" name="[141] /home/travis/build/icyphy/ptII/ptolemy/actor/lib/test/auto/ElectronicUnitBase1.xml (RunModel)" time="0.064" />
  <testcase classname="ptolemy.util.test.junit.AutoTests" name="[142] /home/travis/build/icyphy/ptII/ptolemy/actor/lib/test/auto/ElementsToArray.xml (RunModel)" time="0.014" />
  <testcase classname="ptolemy.util.test.junit.AutoTests" name="[143] /home/travis/build/icyphy/ptII/ptolemy/actor/lib/test/auto/Equals.xml (RunModel)" time="0.017" />
  <testcase classname="ptolemy.util.test.junit.AutoTests" name="[144] /home/travis/build/icyphy/ptII/ptolemy/actor/lib/test/auto/Exec.xml (RunModel)" time="0.032" />
  <testcase classname="ptolemy.util.test.junit.AutoTests" name="[145] /home/travis/build/icyphy/ptII/ptolemy/actor/lib/test/auto/ExecEnvironment.xml (RunModel)" time="0.038" />
  <testcase classname="ptolemy.util.test.junit.AutoTests" name="[146] /home/travis/build/icyphy/ptII/ptolemy/actor/lib/test/auto/ExecNonZeroReturnOutput.xml (RunModel)" time="0.208" />
  <testcase classname="ptolemy.util.test.junit.AutoTests" name="[147] /home/travis/build/icyphy/ptII/ptolemy/actor/lib/test/auto/ExecRunDemos.xml (RunModel)" time="11.233" />
  <testcase classname="ptolemy.util.test.junit.AutoTests" name="[148] /home/travis/build/icyphy/ptII/ptolemy/actor/lib/test/auto/ExecStop.xml (RunModel)" time="5.033" />
  <testcase classname="ptolemy.util.test.junit.AutoTests" name="[149] /home/travis/build/icyphy/ptII/ptolemy/actor/lib/test/auto/ExecutionTimeSDF.xml (RunModel)" time="6.036" />
  <testcase classname="ptolemy.util.test.junit.AutoTests" name="[150] /home/travis/build/icyphy/ptII/ptolemy/actor/lib/test/auto/Expression1.xml (RunModel)" time="0.01" />
  <testcase classname="ptolemy.util.test.junit.AutoTests" name="[151] /home/travis/build/icyphy/ptII/ptolemy/actor/lib/test/auto/Expression10.xml (RunModel)" time="0.036" />
  <testcase classname="ptolemy.util.test.junit.AutoTests" name="[152] /home/travis/build/icyphy/ptII/ptolemy/actor/lib/test/auto/Expression11.xml (RunModel)" time="0.016" />
  <testcase classname="ptolemy.util.test.junit.AutoTests" name="[153] /home/travis/build/icyphy/ptII/ptolemy/actor/lib/test/auto/Expression12.xml (RunModel)" time="0.014" />
  <testcase classname="ptolemy.util.test.junit.AutoTests" name="[154] /home/travis/build/icyphy/ptII/ptolemy/actor/lib/test/auto/Expression13.xml (RunModel)" time="0.013" />
  <testcase classname="ptolemy.util.test.junit.AutoTests" name="[155] /home/travis/build/icyphy/ptII/ptolemy/actor/lib/test/auto/Expression14.xml (RunModel)" time="0.019" />
  <testcase classname="ptolemy.util.test.junit.AutoTests" name="[156] /home/travis/build/icyphy/ptII/ptolemy/actor/lib/test/auto/Expression15.xml (RunModel)" time="0.007" />
  <testcase classname="ptolemy.util.test.junit.AutoTests" name="[157] /home/travis/build/icyphy/ptII/ptolemy/actor/lib/test/auto/Expression16.xml (RunModel)" time="0.012" />
  <testcase classname="ptolemy.util.test.junit.AutoTests" name="[158] /home/travis/build/icyphy/ptII/ptolemy/actor/lib/test/auto/Expression17.xml (RunModel)" time="0.013" />
  <testcase classname="ptolemy.util.test.junit.AutoTests" name="[159] /home/travis/build/icyphy/ptII/ptolemy/actor/lib/test/auto/Expression18.xml (RunModel)" time="0.015" />
  <testcase classname="ptolemy.util.test.junit.AutoTests" name="[160] /home/travis/build/icyphy/ptII/ptolemy/actor/lib/test/auto/Expression2.xml (RunModel)" time="0.014" />
  <testcase classname="ptolemy.util.test.junit.AutoTests" name="[161] /home/travis/build/icyphy/ptII/ptolemy/actor/lib/test/auto/Expression3.xml (RunModel)" time="0.015" />
  <testcase classname="ptolemy.util.test.junit.AutoTests" name="[162] /home/travis/build/icyphy/ptII/ptolemy/actor/lib/test/auto/Expression4.xml (RunModel)" time="0.02" />
  <testcase classname="ptolemy.util.test.junit.AutoTests" name="[163] /home/travis/build/icyphy/ptII/ptolemy/actor/lib/test/auto/Expression5.xml (RunModel)" time="0.013" />
  <testcase classname="ptolemy.util.test.junit.AutoTests" name="[164] /home/travis/build/icyphy/ptII/ptolemy/actor/lib/test/auto/Expression6.xml (RunModel)" time="0.011" />
  <testcase classname="ptolemy.util.test.junit.AutoTests" name="[165] /home/travis/build/icyphy/ptII/ptolemy/actor/lib/test/auto/Expression7.xml (RunModel)" time="0.012" />
  <testcase classname="ptolemy.util.test.junit.AutoTests" name="[166] /home/travis/build/icyphy/ptII/ptolemy/actor/lib/test/auto/Expression8.xml (RunModel)" time="0.017" />
  <testcase classname="ptolemy.util.test.junit.AutoTests" name="[167] /home/travis/build/icyphy/ptII/ptolemy/actor/lib/test/auto/Expression9.xml (RunModel)" time="0.009" />
  <testcase classname="ptolemy.util.test.junit.AutoTests" name="[168] /home/travis/build/icyphy/ptII/ptolemy/actor/lib/test/auto/ExpressionConcatenateArrayType.xml (RunModel)" time="0.027" />
  <testcase classname="ptolemy.util.test.junit.AutoTests" name="[169] /home/travis/build/icyphy/ptII/ptolemy/actor/lib/test/auto/ExpressionConcatenateArrayType2.xml (RunModel)" time="0.026" />
  <testcase classname="ptolemy.util.test.junit.AutoTests" name="[170] /home/travis/build/icyphy/ptII/ptolemy/actor/lib/test/auto/ExpressionFix.xml (RunModel)" time="0.046" />
  <testcase classname="ptolemy.util.test.junit.AutoTests" name="[171] /home/travis/build/icyphy/ptII/ptolemy/actor/lib/test/auto/ExpressionFix2.xml (RunModel)" time="0.014" />
  <testcase classname="ptolemy.util.test.junit.AutoTests" name="[172] /home/travis/build/icyphy/ptII/ptolemy/actor/lib/test/auto/ExpressionFix3.xml (RunModel)" time="0.012" />
  <testcase classname="ptolemy.util.test.junit.AutoTests" name="[173] /home/travis/build/icyphy/ptII/ptolemy/actor/lib/test/auto/FileWriter1.xml (RunModel)" time="0.01" />
  <testcase classname="ptolemy.util.test.junit.AutoTests" name="[174] /home/travis/build/icyphy/ptII/ptolemy/actor/lib/test/auto/FileWriter2.xml (RunModel)" time="0.016" />
  <testcase classname="ptolemy.util.test.junit.AutoTests" name="[175] /home/travis/build/icyphy/ptII/ptolemy/actor/lib/test/auto/FileWriter3.xml (RunModel)" time="0.014" />
  <testcase classname="ptolemy.util.test.junit.AutoTests" name="[176] /home/travis/build/icyphy/ptII/ptolemy/actor/lib/test/auto/Gaussian.xml (RunModel)" time="0.017" />
  <testcase classname="ptolemy.util.test.junit.AutoTests" name="[177] /home/travis/build/icyphy/ptII/ptolemy/actor/lib/test/auto/Gaussian1.xml (RunModel)" time="0.024" />
  <testcase classname="ptolemy.util.test.junit.AutoTests" name="[178] /home/travis/build/icyphy/ptII/ptolemy/actor/lib/test/auto/Gaussian2.xml (RunModel)" time="0.019" />
  <testcase classname="ptolemy.util.test.junit.AutoTests" name="[179] /home/travis/build/icyphy/ptII/ptolemy/actor/lib/test/auto/GradientAdaptiveLattice.xml (RunModel)" time="0.017" />
  <testcase classname="ptolemy.util.test.junit.AutoTests" name="[180] /home/travis/build/icyphy/ptII/ptolemy/actor/lib/test/auto/IIR.xml (RunModel)" time="0.014" />
  <testcase classname="ptolemy.util.test.junit.AutoTests" name="[181] /home/travis/build/icyphy/ptII/ptolemy/actor/lib/test/auto/InputOutputTransparentPorts.xml (RunModel)" time="0.019" />
  <testcase classname="ptolemy.util.test.junit.AutoTests" name="[182] /home/travis/build/icyphy/ptII/ptolemy/actor/lib/test/auto/Interpolator.xml (RunModel)" time="0.012" />
  <testcase classname="ptolemy.util.test.junit.AutoTests" name="[183] /home/travis/build/icyphy/ptII/ptolemy/actor/lib/test/auto/InterpolatorFiringLimitDE.xml (RunModel)" time="0.013" />
  <testcase classname="ptolemy.util.test.junit.AutoTests" name="[184] /home/travis/build/icyphy/ptII/ptolemy/actor/lib/test/auto/Lattice.xml (RunModel)" time="0.009" />
  <testcase classname="ptolemy.util.test.junit.AutoTests" name="[185] /home/travis/build/icyphy/ptII/ptolemy/actor/lib/test/auto/LazyAOCTestLazy.xml (RunModel)" time="0.024" />
  <testcase classname="ptolemy.util.test.junit.AutoTests" name="[186] /home/travis/build/icyphy/ptII/ptolemy/actor/lib/test/auto/LazyAOCTestNonLazy.xml (RunModel)" time="0.048" />
  <testcase classname="ptolemy.util.test.junit.AutoTests" name="[187] /home/travis/build/icyphy/ptII/ptolemy/actor/lib/test/auto/LazyInnerClass.xml (RunModel)" time="0.057" />
  <testcase classname="ptolemy.util.test.junit.AutoTests" name="[188] /home/travis/build/icyphy/ptII/ptolemy/actor/lib/test/auto/LazyPubSub.xml (RunModel)" time="0.065" />
  <testcase classname="ptolemy.util.test.junit.AutoTests" name="[189] /home/travis/build/icyphy/ptII/ptolemy/actor/lib/test/auto/LazyPubSub2.xml (RunModel)" time="0.055" />
  <testcase classname="ptolemy.util.test.junit.AutoTests" name="[190] /home/travis/build/icyphy/ptII/ptolemy/actor/lib/test/auto/LazyPubSub3.xml (RunModel)" time="0.028" />
  <testcase classname="ptolemy.util.test.junit.AutoTests" name="[191] /home/travis/build/icyphy/ptII/ptolemy/actor/lib/test/auto/LazySubClassModel.xml (RunModel)" time="0.024" />
  <testcase classname="ptolemy.util.test.junit.AutoTests" name="[192] /home/travis/build/icyphy/ptII/ptolemy/actor/lib/test/auto/LevelCrossTest1.xml (RunModel)" time="0.011" />
  <testcase classname="ptolemy.util.test.junit.AutoTests" name="[193] /home/travis/build/icyphy/ptII/ptolemy/actor/lib/test/auto/LevelCrossTest10.xml (RunModel)" time="0.015" />
  <testcase classname="ptolemy.util.test.junit.AutoTests" name="[194] /home/travis/build/icyphy/ptII/ptolemy/actor/lib/test/auto/LevelCrossTest11.xml (RunModel)" time="0.015" />
  <testcase classname="ptolemy.util.test.junit.AutoTests" name="[195] /home/travis/build/icyphy/ptII/ptolemy/actor/lib/test/auto/LevelCrossTest12.xml (RunModel)" time="0.026" />
  <testcase classname="ptolemy.util.test.junit.AutoTests" name="[196] /home/travis/build/icyphy/ptII/ptolemy/actor/lib/test/auto/LevelCrossTest13.xml (RunModel)" time="0.013" />
  <testcase classname="ptolemy.util.test.junit.AutoTests" name="[197] /home/travis/build/icyphy/ptII/ptolemy/actor/lib/test/auto/LevelCrossTest2.xml (RunModel)" time="0.011" />
  <testcase classname="ptolemy.util.test.junit.AutoTests" name="[198] /home/travis/build/icyphy/ptII/ptolemy/actor/lib/test/auto/LevelCrossTest3.xml (RunModel)" time="0.013" />
  <testcase classname="ptolemy.util.test.junit.AutoTests" name="[199] /home/travis/build/icyphy/ptII/ptolemy/actor/lib/test/auto/LevelCrossTest4.xml (RunModel)" time="0.011" />
  <testcase classname="ptolemy.util.test.junit.AutoTests" name="[200] /home/travis/build/icyphy/ptII/ptolemy/actor/lib/test/auto/LevelCrossTest5.xml (RunModel)" time="0.014" />
  <testcase classname="ptolemy.util.test.junit.AutoTests" name="[201] /home/travis/build/icyphy/ptII/ptolemy/actor/lib/test/auto/LevelCrossTest6.xml (RunModel)" time="0.013" />
  <testcase classname="ptolemy.util.test.junit.AutoTests" name="[202] /home/travis/build/icyphy/ptII/ptolemy/actor/lib/test/auto/LevelCrossTest7.xml (RunModel)" time="0.019" />
  <testcase classname="ptolemy.util.test.junit.AutoTests" name="[203] /home/travis/build/icyphy/ptII/ptolemy/actor/lib/test/auto/LevelCrossTest8.xml (RunModel)" time="0.014" />
  <testcase classname="ptolemy.util.test.junit.AutoTests" name="[204] /home/travis/build/icyphy/ptII/ptolemy/actor/lib/test/auto/LevelCrossTest9.xml (RunModel)" time="0.015" />
  <testcase classname="ptolemy.util.test.junit.AutoTests" name="[205] /home/travis/build/icyphy/ptII/ptolemy/actor/lib/test/auto/LevinsonDurbin.xml (RunModel)" time="0.017" />
  <testcase classname="ptolemy.util.test.junit.AutoTests" name="[206] /home/travis/build/icyphy/ptII/ptolemy/actor/lib/test/auto/LevinsonDurbin2.xml (RunModel)" time="0.014" />
  <testcase classname="ptolemy.util.test.junit.AutoTests" name="[207] /home/travis/build/icyphy/ptII/ptolemy/actor/lib/test/auto/LevinsonDurbin3.xml (RunModel)" time="0.011" />
  <testcase classname="ptolemy.util.test.junit.AutoTests" name="[208] /home/travis/build/icyphy/ptII/ptolemy/actor/lib/test/auto/Limiter.xml (RunModel)" time="0.037" />
  <testcase classname="ptolemy.util.test.junit.AutoTests" name="[209] /home/travis/build/icyphy/ptII/ptolemy/actor/lib/test/auto/LinearDifferenceEquationSystem.xml (RunModel)" time="0.02" />
  <testcase classname="ptolemy.util.test.junit.AutoTests" name="[210] /home/travis/build/icyphy/ptII/ptolemy/actor/lib/test/auto/LookupTable.xml (RunModel)" time="0.01" />
  <testcase classname="ptolemy.util.test.junit.AutoTests" name="[211] /home/travis/build/icyphy/ptII/ptolemy/actor/lib/test/auto/MathFunction.xml (RunModel)" time="0.019" />
  <testcase classname="ptolemy.util.test.junit.AutoTests" name="[212] /home/travis/build/icyphy/ptII/ptolemy/actor/lib/test/auto/MathFunction2.xml (RunModel)" time="0.015" />
  <testcase classname="ptolemy.util.test.junit.AutoTests" name="[213] /home/travis/build/icyphy/ptII/ptolemy/actor/lib/test/auto/MathFunction3.xml (RunModel)" time="0.025" />
  <testcase classname="ptolemy.util.test.junit.AutoTests" name="[214] /home/travis/build/icyphy/ptII/ptolemy/actor/lib/test/auto/MatrixCropBoolean.xml (RunModel)" time="0.017" />
  <testcase classname="ptolemy.util.test.junit.AutoTests" name="[215] /home/travis/build/icyphy/ptII/ptolemy/actor/lib/test/auto/MatrixCropComplex.xml (RunModel)" time="0.009" />
  <testcase classname="ptolemy.util.test.junit.AutoTests" name="[216] /home/travis/build/icyphy/ptII/ptolemy/actor/lib/test/auto/MatrixCropDouble.xml (RunModel)" time="0.013" />
  <testcase classname="ptolemy.util.test.junit.AutoTests" name="[217] /home/travis/build/icyphy/ptII/ptolemy/actor/lib/test/auto/MatrixCropFix.xml (RunModel)" time="0.015" />
  <testcase classname="ptolemy.util.test.junit.AutoTests" name="[218] /home/travis/build/icyphy/ptII/ptolemy/actor/lib/test/auto/MatrixCropInt.xml (RunModel)" time="0.009" />
  <testcase classname="ptolemy.util.test.junit.AutoTests" name="[219] /home/travis/build/icyphy/ptII/ptolemy/actor/lib/test/auto/MatrixCropLong.xml (RunModel)" time="0.009" />
  <testcase classname="ptolemy.util.test.junit.AutoTests" name="[220] /home/travis/build/icyphy/ptII/ptolemy/actor/lib/test/auto/MatrixToArray.xml (RunModel)" time="0.04" />
  <testcase classname="ptolemy.util.test.junit.AutoTests" name="[221] /home/travis/build/icyphy/ptII/ptolemy/actor/lib/test/auto/MaxIndex.xml (RunModel)" time="0.015" />
  <testcase classname="ptolemy.util.test.junit.AutoTests" name="[222] /home/travis/build/icyphy/ptII/ptolemy/actor/lib/test/auto/Maximum.xml (RunModel)" time="0.018" />
  <testcase classname="ptolemy.util.test.junit.AutoTests" name="[223] /home/travis/build/icyphy/ptII/ptolemy/actor/lib/test/auto/MaximumComplex.xml (RunModel)" time="0.033" />
  <testcase classname="ptolemy.util.test.junit.AutoTests" name="[224] /home/travis/build/icyphy/ptII/ptolemy/actor/lib/test/auto/MethodCallTest.xml (RunModel)" time="0.021" />
  <testcase classname="ptolemy.util.test.junit.AutoTests" name="[225] /home/travis/build/icyphy/ptII/ptolemy/actor/lib/test/auto/Minimum.xml (RunModel)" time="0.016" />
  <testcase classname="ptolemy.util.test.junit.AutoTests" name="[226] /home/travis/build/icyphy/ptII/ptolemy/actor/lib/test/auto/MinimumComplex.xml (RunModel)" time="0.029" />
  <testcase classname="ptolemy.util.test.junit.AutoTests" name="[227] /home/travis/build/icyphy/ptII/ptolemy/actor/lib/test/auto/MinimumMultiports.xml (RunModel)" time="0.018" />
  <testcase classname="ptolemy.util.test.junit.AutoTests" name="[228] /home/travis/build/icyphy/ptII/ptolemy/actor/lib/test/auto/ModifyDate.xml (RunModel)" time="0.042" />
  <testcase classname="ptolemy.util.test.junit.AutoTests" name="[229] /home/travis/build/icyphy/ptII/ptolemy/actor/lib/test/auto/ModifyDate2.xml (RunModel)" time="0.028" />
  <testcase classname="ptolemy.util.test.junit.AutoTests" name="[230] /home/travis/build/icyphy/ptII/ptolemy/actor/lib/test/auto/MovingAverage.xml (RunModel)" time="0.012" />
  <testcase classname="ptolemy.util.test.junit.AutoTests" name="[231] /home/travis/build/icyphy/ptII/ptolemy/actor/lib/test/auto/MovingMaximum.xml (RunModel)" time="0.013" />
  <testcase classname="ptolemy.util.test.junit.AutoTests" name="[232] /home/travis/build/icyphy/ptII/ptolemy/actor/lib/test/auto/MultipleLinksToSameRelation.xml (RunModel)" time="0.008" />
  <testcase classname="ptolemy.util.test.junit.AutoTests" name="[233] /home/travis/build/icyphy/ptII/ptolemy/actor/lib/test/auto/MultipleLinksToSameRelationDE.xml (RunModel)" time="0.011" />
  <testcase classname="ptolemy.util.test.junit.AutoTests" name="[234] /home/travis/build/icyphy/ptII/ptolemy/actor/lib/test/auto/Multiplexor.xml (RunModel)" time="0.012" />
  <testcase classname="ptolemy.util.test.junit.AutoTests" name="[235] /home/travis/build/icyphy/ptII/ptolemy/actor/lib/test/auto/Multiplexor1.xml (RunModel)" time="0.013" />
  <testcase classname="ptolemy.util.test.junit.AutoTests" name="[236] /home/travis/build/icyphy/ptII/ptolemy/actor/lib/test/auto/Multiplexor2.xml (RunModel)" time="0.016" />
  <testcase classname="ptolemy.util.test.junit.AutoTests" name="[237] /home/travis/build/icyphy/ptII/ptolemy/actor/lib/test/auto/Multiplexor3.xml (RunModel)" time="0.01" />
  <testcase classname="ptolemy.util.test.junit.AutoTests" name="[238] /home/travis/build/icyphy/ptII/ptolemy/actor/lib/test/auto/MultiplexorDE.xml (RunModel)" time="0.021" />
  <testcase classname="ptolemy.util.test.junit.AutoTests" name="[239] /home/travis/build/icyphy/ptII/ptolemy/actor/lib/test/auto/MultiportBroadcastTest.xml (RunModel)" time="0.078" />
  <testcase classname="ptolemy.util.test.junit.AutoTests" name="[240] /home/travis/build/icyphy/ptII/ptolemy/actor/lib/test/auto/MultiportOutHangDuringGetWidth.xml (RunModel)" time="0.027" />
  <testcase classname="ptolemy.util.test.junit.AutoTests" name="[241] /home/travis/build/icyphy/ptII/ptolemy/actor/lib/test/auto/NilToken.xml (RunModel)" time="0.009" />
  <testcase classname="ptolemy.util.test.junit.AutoTests" name="[242] /home/travis/build/icyphy/ptII/ptolemy/actor/lib/test/auto/NilTokenNonStrictTest.xml (RunModel)" time="0.012" />
  <testcase classname="ptolemy.util.test.junit.AutoTests" name="[243] /home/travis/build/icyphy/ptII/ptolemy/actor/lib/test/auto/NilTokenRecord.xml (RunModel)" time="0.022" />
  <testcase classname="ptolemy.util.test.junit.AutoTests" name="[244] /home/travis/build/icyphy/ptII/ptolemy/actor/lib/test/auto/NilTokenTypeTest.xml (RunModel)" time="0.028" />
  <testcase classname="ptolemy.util.test.junit.AutoTests" name="[245] /home/travis/build/icyphy/ptII/ptolemy/actor/lib/test/auto/ObjectToken1.xml (RunModel)" time="0.008" />
  <testcase classname="ptolemy.util.test.junit.AutoTests" name="[246] /home/travis/build/icyphy/ptII/ptolemy/actor/lib/test/auto/OrderedMerge.xml (RunModel)" time="0.016" />
  <testcase classname="ptolemy.util.test.junit.AutoTests" name="[247] /home/travis/build/icyphy/ptII/ptolemy/actor/lib/test/auto/OrderedRecordDisassembler.xml (RunModel)" time="0.019" />
  <testcase classname="ptolemy.util.test.junit.AutoTests" name="[248] /home/travis/build/icyphy/ptII/ptolemy/actor/lib/test/auto/OrderedRecordDisassembler2.xml (RunModel)" time="0.018" />
  <testcase classname="ptolemy.util.test.junit.AutoTests" name="[249] /home/travis/build/icyphy/ptII/ptolemy/actor/lib/test/auto/OrderedRecordUpdater.xml (RunModel)" time="0.01" />
  <testcase classname="ptolemy.util.test.junit.AutoTests" name="[250] /home/travis/build/icyphy/ptII/ptolemy/actor/lib/test/auto/OrderedRecordUpdater2.xml (RunModel)" time="0.02" />
  <testcase classname="ptolemy.util.test.junit.AutoTests" name="[251] /home/travis/build/icyphy/ptII/ptolemy/actor/lib/test/auto/PhaseUnwrap.xml (RunModel)" time="0.012" />
  <testcase classname="ptolemy.util.test.junit.AutoTests" name="[252] /home/travis/build/icyphy/ptII/ptolemy/actor/lib/test/auto/PoissonClock.xml (RunModel)" time="0.011" />
  <testcase classname="ptolemy.util.test.junit.AutoTests" name="[253] /home/travis/build/icyphy/ptII/ptolemy/actor/lib/test/auto/PoissonClock2.xml (RunModel)" time="0.007" />
  <testcase classname="ptolemy.util.test.junit.AutoTests" name="[254] /home/travis/build/icyphy/ptII/ptolemy/actor/lib/test/auto/PoissonClock3.xml (RunModel)" time="0.027" />
  <testcase classname="ptolemy.util.test.junit.AutoTests" name="[255] /home/travis/build/icyphy/ptII/ptolemy/actor/lib/test/auto/PubSubWithInitialTokens.xml (RunModel)" time="0.018" />
  <testcase classname="ptolemy.util.test.junit.AutoTests" name="[256] /home/travis/build/icyphy/ptII/ptolemy/actor/lib/test/auto/PubSubWithInitialTokens2.xml (RunModel)" time="0.012" />
  <testcase classname="ptolemy.util.test.junit.AutoTests" name="[257] /home/travis/build/icyphy/ptII/ptolemy/actor/lib/test/auto/PublisherClassNoParameter.xml (RunModel)" time="0.024" />
  <testcase classname="ptolemy.util.test.junit.AutoTests" name="[258] /home/travis/build/icyphy/ptII/ptolemy/actor/lib/test/auto/PublisherClassParameter.xml (RunModel)" time="0.021" />
  <testcase classname="ptolemy.util.test.junit.AutoTests" name="[259] /home/travis/build/icyphy/ptII/ptolemy/actor/lib/test/auto/PublisherNonStrictTest.xml (RunModel)" time="0.017" />
  <testcase classname="ptolemy.util.test.junit.AutoTests" name="[260] /home/travis/build/icyphy/ptII/ptolemy/actor/lib/test/auto/PublisherPort1.xml (RunModel)" time="0.011" />
  <testcase classname="ptolemy.util.test.junit.AutoTests" name="[261] /home/travis/build/icyphy/ptII/ptolemy/actor/lib/test/auto/PublisherPort2.xml (RunModel)" time="0.008" />
  <testcase classname="ptolemy.util.test.junit.AutoTests" name="[262] /home/travis/build/icyphy/ptII/ptolemy/actor/lib/test/auto/PublisherPort3.xml (RunModel)" time="0.023" />
  <testcase classname="ptolemy.util.test.junit.AutoTests" name="[263] /home/travis/build/icyphy/ptII/ptolemy/actor/lib/test/auto/PublisherPort4.xml (RunModel)" time="0.016" />
  <testcase classname="ptolemy.util.test.junit.AutoTests" name="[264] /home/travis/build/icyphy/ptII/ptolemy/actor/lib/test/auto/PublisherPort5.xml (RunModel)" time="0.014" />
  <testcase classname="ptolemy.util.test.junit.AutoTests" name="[265] /home/travis/build/icyphy/ptII/ptolemy/actor/lib/test/auto/PublisherPort5LookAlike.xml (RunModel)" time="0.019" />
  <testcase classname="ptolemy.util.test.junit.AutoTests" name="[266] /home/travis/build/icyphy/ptII/ptolemy/actor/lib/test/auto/PublisherPort6.xml (RunModel)" time="0.012" />
  <testcase classname="ptolemy.util.test.junit.AutoTests" name="[267] /home/travis/build/icyphy/ptII/ptolemy/actor/lib/test/auto/PublisherPort7.xml (RunModel)" time="0.035" />
  <testcase classname="ptolemy.util.test.junit.AutoTests" name="[268] /home/travis/build/icyphy/ptII/ptolemy/actor/lib/test/auto/PublisherPort8.xml (RunModel)" time="0.017" />
  <testcase classname="ptolemy.util.test.junit.AutoTests" name="[269] /home/travis/build/icyphy/ptII/ptolemy/actor/lib/test/auto/PublisherPortSubscriberChannelVariablesAOC2.xml (RunModel)" time="0.042" />
  <testcase classname="ptolemy.util.test.junit.AutoTests" name="[270] /home/travis/build/icyphy/ptII/ptolemy/actor/lib/test/auto/PublisherPortSubscriberOpaqueWidthInference.xml (RunModel)" time="0.014" />
  <testcase classname="ptolemy.util.test.junit.AutoTests" name="[271] /home/travis/build/icyphy/ptII/ptolemy/actor/lib/test/auto/PublisherPortSubscriberPortAdjacent.xml (RunModel)" time="0.018" />
  <testcase classname="ptolemy.util.test.junit.AutoTests" name="[272] /home/travis/build/icyphy/ptII/ptolemy/actor/lib/test/auto/PublisherPortSubscriberPortExpression.xml (RunModel)" time="0.017" />
  <testcase classname="ptolemy.util.test.junit.AutoTests" name="[273] /home/travis/build/icyphy/ptII/ptolemy/actor/lib/test/auto/PublisherPortSubscriberPortOpaqueD3Reverse.xml (RunModel)" time="0.018" />
  <testcase classname="ptolemy.util.test.junit.AutoTests" name="[274] /home/travis/build/icyphy/ptII/ptolemy/actor/lib/test/auto/PublisherPortSubscriberPortOpaqueWidthInference.xml (RunModel)" time="0.015" />
  <testcase classname="ptolemy.util.test.junit.AutoTests" name="[275] /home/travis/build/icyphy/ptII/ptolemy/actor/lib/test/auto/PublisherPortToplevelSubscriberPortAOC.xml (RunModel)" time="0.01" />
  <testcase classname="ptolemy.util.test.junit.AutoTests" name="[276] /home/travis/build/icyphy/ptII/ptolemy/actor/lib/test/auto/PublisherSubscriber.xml (RunModel)" time="0.011" />
  <testcase classname="ptolemy.util.test.junit.AutoTests" name="[277] /home/travis/build/icyphy/ptII/ptolemy/actor/lib/test/auto/PublisherSubscriber10.xml (RunModel)" time="0.027" />
  <testcase classname="ptolemy.util.test.junit.AutoTests" name="[278] /home/travis/build/icyphy/ptII/ptolemy/actor/lib/test/auto/PublisherSubscriber10InitialOutputs.xml (RunModel)" time="0.028" />
  <testcase classname="ptolemy.util.test.junit.AutoTests" name="[279] /home/travis/build/icyphy/ptII/ptolemy/actor/lib/test/auto/PublisherSubscriber11.xml (RunModel)" time="0.017" />
  <testcase classname="ptolemy.util.test.junit.AutoTests" name="[280] /home/travis/build/icyphy/ptII/ptolemy/actor/lib/test/auto/PublisherSubscriber12.xml (RunModel)" time="0.02" />
  <testcase classname="ptolemy.util.test.junit.AutoTests" name="[281] /home/travis/build/icyphy/ptII/ptolemy/actor/lib/test/auto/PublisherSubscriber13.xml (RunModel)" time="0.011" />
  <testcase classname="ptolemy.util.test.junit.AutoTests" name="[282] /home/travis/build/icyphy/ptII/ptolemy/actor/lib/test/auto/PublisherSubscriber14.xml (RunModel)" time="0.018" />
  <testcase classname="ptolemy.util.test.junit.AutoTests" name="[283] /home/travis/build/icyphy/ptII/ptolemy/actor/lib/test/auto/PublisherSubscriber2.xml (RunModel)" time="0.01" />
  <testcase classname="ptolemy.util.test.junit.AutoTests" name="[284] /home/travis/build/icyphy/ptII/ptolemy/actor/lib/test/auto/PublisherSubscriber3.xml (RunModel)" time="0.008" />
  <testcase classname="ptolemy.util.test.junit.AutoTests" name="[285] /home/travis/build/icyphy/ptII/ptolemy/actor/lib/test/auto/PublisherSubscriber4.xml (RunModel)" time="0.008" />
  <testcase classname="ptolemy.util.test.junit.AutoTests" name="[286] /home/travis/build/icyphy/ptII/ptolemy/actor/lib/test/auto/PublisherSubscriber5.xml (RunModel)" time="0.011" />
  <testcase classname="ptolemy.util.test.junit.AutoTests" name="[287] /home/travis/build/icyphy/ptII/ptolemy/actor/lib/test/auto/PublisherSubscriber6.xml (RunModel)" time="0.013" />
  <testcase classname="ptolemy.util.test.junit.AutoTests" name="[288] /home/travis/build/icyphy/ptII/ptolemy/actor/lib/test/auto/PublisherSubscriber7.xml (RunModel)" time="0.019" />
  <testcase classname="ptolemy.util.test.junit.AutoTests" name="[289] /home/travis/build/icyphy/ptII/ptolemy/actor/lib/test/auto/PublisherSubscriber8.xml (RunModel)" time="0.04" />
  <testcase classname="ptolemy.util.test.junit.AutoTests" name="[290] /home/travis/build/icyphy/ptII/ptolemy/actor/lib/test/auto/PublisherSubscriber9.xml (RunModel)" time="0.017" />
  <testcase classname="ptolemy.util.test.junit.AutoTests" name="[291] /home/travis/build/icyphy/ptII/ptolemy/actor/lib/test/auto/PublisherSubscriberAdjacent.xml (RunModel)" time="0.018" />
  <testcase classname="ptolemy.util.test.junit.AutoTests" name="[292] /home/travis/build/icyphy/ptII/ptolemy/actor/lib/test/auto/PublisherSubscriberChannelVariablesAOC2.xml (RunModel)" time="0.028" />
  <testcase classname="ptolemy.util.test.junit.AutoTests" name="[293] /home/travis/build/icyphy/ptII/ptolemy/actor/lib/test/auto/PublisherSubscriberD3.xml (RunModel)" time="0.013" />
  <testcase classname="ptolemy.util.test.junit.AutoTests" name="[294] /home/travis/build/icyphy/ptII/ptolemy/actor/lib/test/auto/PublisherSubscriberD3Reverse.xml (RunModel)" time="0.012" />
  <testcase classname="ptolemy.util.test.junit.AutoTests" name="[295] /home/travis/build/icyphy/ptII/ptolemy/actor/lib/test/auto/PublisherSubscriberExpression.xml (RunModel)" time="0.016" />
  <testcase classname="ptolemy.util.test.junit.AutoTests" name="[296] /home/travis/build/icyphy/ptII/ptolemy/actor/lib/test/auto/PublisherSubscriberOpaque.xml (RunModel)" time="0.016" />
  <testcase classname="ptolemy.util.test.junit.AutoTests" name="[297] /home/travis/build/icyphy/ptII/ptolemy/actor/lib/test/auto/PublisherSubscriberOpaqueD3.xml (RunModel)" time="0.022" />
  <testcase classname="ptolemy.util.test.junit.AutoTests" name="[298] /home/travis/build/icyphy/ptII/ptolemy/actor/lib/test/auto/PublisherSubscriberOpaqueD3Reverse.xml (RunModel)" time="0.02" />
  <testcase classname="ptolemy.util.test.junit.AutoTests" name="[299] /home/travis/build/icyphy/ptII/ptolemy/actor/lib/test/auto/PublisherSubscriberOpaqueWidthInference.xml (RunModel)" time="0.015" />
  <testcase classname="ptolemy.util.test.junit.AutoTests" name="[300] /home/travis/build/icyphy/ptII/ptolemy/actor/lib/test/auto/PublisherTestSubscriber.xml (RunModel)" time="0.013" />
  <testcase classname="ptolemy.util.test.junit.AutoTests" name="[301] /home/travis/build/icyphy/ptII/ptolemy/actor/lib/test/auto/PublisherToplevelSubscriberPortAOC.xml (RunModel)" time="0.031" />
  <testcase classname="ptolemy.util.test.junit.AutoTests" name="[302] /home/travis/build/icyphy/ptII/ptolemy/actor/lib/test/auto/PulseFiringLimitDE.xml (RunModel)" time="0.013" />
  <testcase classname="ptolemy.util.test.junit.AutoTests" name="[303] /home/travis/build/icyphy/ptII/ptolemy/actor/lib/test/auto/Ramp1.xml (RunModel)" time="0.006" />
  <testcase classname="ptolemy.util.test.junit.AutoTests" name="[304] /home/travis/build/icyphy/ptII/ptolemy/actor/lib/test/auto/RampFiringLimitDE.xml (RunModel)" time="0.01" />
  <testcase classname="ptolemy.util.test.junit.AutoTests" name="[305] /home/travis/build/icyphy/ptII/ptolemy/actor/lib/test/auto/RampFiringLimitSDF.xml (RunModel)" time="0.009" />
  <testcase classname="ptolemy.util.test.junit.AutoTests" name="[306] /home/travis/build/icyphy/ptII/ptolemy/actor/lib/test/auto/RandomInteger.xml (RunModel)" time="0.007" />
  <testcase classname="ptolemy.util.test.junit.AutoTests" name="[307] /home/travis/build/icyphy/ptII/ptolemy/actor/lib/test/auto/ReadFile1.xml (RunModel)" time="0.007" />
  <testcase classname="ptolemy.util.test.junit.AutoTests" name="[308] /home/travis/build/icyphy/ptII/ptolemy/actor/lib/test/auto/ReadFile2.xml (RunModel)" time="0.009" />
  <testcase classname="ptolemy.util.test.junit.AutoTests" name="[309] /home/travis/build/icyphy/ptII/ptolemy/actor/lib/test/auto/Reader.xml (RunModel)" time="0.008" />
  <testcase classname="ptolemy.util.test.junit.AutoTests" name="[310] /home/travis/build/icyphy/ptII/ptolemy/actor/lib/test/auto/RecordAssemblerDisplayNameTest.xml (RunModel)" time="3.803" />
  <testcase classname="ptolemy.util.test.junit.AutoTests" name="[311] /home/travis/build/icyphy/ptII/ptolemy/actor/lib/test/auto/RecordAssemblerTypeError.xml (RunModel)" time="0.05" />
  <testcase classname="ptolemy.util.test.junit.AutoTests" name="[312] /home/travis/build/icyphy/ptII/ptolemy/actor/lib/test/auto/RecordDisassember.xml (RunModel)" time="0.018" />
  <testcase classname="ptolemy.util.test.junit.AutoTests" name="[313] /home/travis/build/icyphy/ptII/ptolemy/actor/lib/test/auto/RecordDisassemberDisplayNameTest.xml (RunModel)" time="0.021" />
  <testcase classname="ptolemy.util.test.junit.AutoTests" name="[314] /home/travis/build/icyphy/ptII/ptolemy/actor/lib/test/auto/RecordDisassembler.xml (RunModel)" time="0.014" />
  <testcase classname="ptolemy.util.test.junit.AutoTests" name="[315] /home/travis/build/icyphy/ptII/ptolemy/actor/lib/test/auto/RecordDisassembler2.xml (RunModel)" time="0.011" />
  <testcase classname="ptolemy.util.test.junit.AutoTests" name="[316] /home/travis/build/icyphy/ptII/ptolemy/actor/lib/test/auto/RecordUpdater.xml (RunModel)" time="0.011" />
  <testcase classname="ptolemy.util.test.junit.AutoTests" name="[317] /home/travis/build/icyphy/ptII/ptolemy/actor/lib/test/auto/RecordUpdater2.xml (RunModel)" time="0.009" />
  <testcase classname="ptolemy.util.test.junit.AutoTests" name="[318] /home/travis/build/icyphy/ptII/ptolemy/actor/lib/test/auto/RecursiveLattice.xml (RunModel)" time="0.008" />
  <testcase classname="ptolemy.util.test.junit.AutoTests" name="[319] /home/travis/build/icyphy/ptII/ptolemy/actor/lib/test/auto/Router.xml (RunModel)" time="3.025" />
  <testcase classname="ptolemy.util.test.junit.AutoTests" name="[320] /home/travis/build/icyphy/ptII/ptolemy/actor/lib/test/auto/Router2.xml (RunModel)" time="3.02" />
  <testcase classname="ptolemy.util.test.junit.AutoTests" name="[321] /home/travis/build/icyphy/ptII/ptolemy/actor/lib/test/auto/RunningMaximum.xml (RunModel)" time="0.016" />
  <testcase classname="ptolemy.util.test.junit.AutoTests" name="[322] /home/travis/build/icyphy/ptII/ptolemy/actor/lib/test/auto/RunningMinimum.xml (RunModel)" time="0.022" />
  <testcase classname="ptolemy.util.test.junit.AutoTests" name="[323] /home/travis/build/icyphy/ptII/ptolemy/actor/lib/test/auto/Scale.xml (RunModel)" time="0.013" />
  <testcase classname="ptolemy.util.test.junit.AutoTests" name="[324] /home/travis/build/icyphy/ptII/ptolemy/actor/lib/test/auto/Scale2.xml (RunModel)" time="0.009" />
  <testcase classname="ptolemy.util.test.junit.AutoTests" name="[325] /home/travis/build/icyphy/ptII/ptolemy/actor/lib/test/auto/Scale3.xml (RunModel)" time="0.019" />
  <testcase classname="ptolemy.util.test.junit.AutoTests" name="[326] /home/travis/build/icyphy/ptII/ptolemy/actor/lib/test/auto/ScaleArray.xml (RunModel)" time="0.007" />
  <testcase classname="ptolemy.util.test.junit.AutoTests" name="[327] /home/travis/build/icyphy/ptII/ptolemy/actor/lib/test/auto/ScaleArray2.xml (RunModel)" time="0.007" />
  <testcase classname="ptolemy.util.test.junit.AutoTests" name="[328] /home/travis/build/icyphy/ptII/ptolemy/actor/lib/test/auto/ScaleMatrix.xml (RunModel)" time="0.156" />
  <testcase classname="ptolemy.util.test.junit.AutoTests" name="[329] /home/travis/build/icyphy/ptII/ptolemy/actor/lib/test/auto/Select.xml (RunModel)" time="0.015" />
  <testcase classname="ptolemy.util.test.junit.AutoTests" name="[330] /home/travis/build/icyphy/ptII/ptolemy/actor/lib/test/auto/Select2.xml (RunModel)" time="0.008" />
  <testcase classname="ptolemy.util.test.junit.AutoTests" name="[331] /home/travis/build/icyphy/ptII/ptolemy/actor/lib/test/auto/SequenceToArray2.xml (RunModel)" time="0.166" />
  <testcase classname="ptolemy.util.test.junit.AutoTests" name="[332] /home/travis/build/icyphy/ptII/ptolemy/actor/lib/test/auto/SequentialClock.xml (RunModel)" time="0.011" />
  <testcase classname="ptolemy.util.test.junit.AutoTests" name="[333] /home/travis/build/icyphy/ptII/ptolemy/actor/lib/test/auto/SetVariable.xml (RunModel)" time="0.013" />
  <testcase classname="ptolemy.util.test.junit.AutoTests" name="[334] /home/travis/build/icyphy/ptII/ptolemy/actor/lib/test/auto/SetVariable2.xml (RunModel)" time="0.009" />
  <testcase classname="ptolemy.util.test.junit.AutoTests" name="[335] /home/travis/build/icyphy/ptII/ptolemy/actor/lib/test/auto/SetVariable3.xml (RunModel)" time="0.016" />
  <testcase classname="ptolemy.util.test.junit.AutoTests" name="[336] /home/travis/build/icyphy/ptII/ptolemy/actor/lib/test/auto/SetVariable4.xml (RunModel)" time="0.023" />
  <testcase classname="ptolemy.util.test.junit.AutoTests" name="[337] /home/travis/build/icyphy/ptII/ptolemy/actor/lib/test/auto/SetVariable5.xml (RunModel)" time="0.038" />
  <testcase classname="ptolemy.util.test.junit.AutoTests" name="[338] /home/travis/build/icyphy/ptII/ptolemy/actor/lib/test/auto/Sinewave.xml (RunModel)" time="0.035" />
  <testcase classname="ptolemy.util.test.junit.AutoTests" name="[339] /home/travis/build/icyphy/ptII/ptolemy/actor/lib/test/auto/Sinewave2.xml (RunModel)" time="0.02" />
  <testcase classname="ptolemy.util.test.junit.AutoTests" name="[340] /home/travis/build/icyphy/ptII/ptolemy/actor/lib/test/auto/Sinewave3.xml (RunModel)" time="0.026" />
  <testcase classname="ptolemy.util.test.junit.AutoTests" name="[341] /home/travis/build/icyphy/ptII/ptolemy/actor/lib/test/auto/SingleEvent.xml (RunModel)" time="0.008" />
  <testcase classname="ptolemy.util.test.junit.AutoTests" name="[342] /home/travis/build/icyphy/ptII/ptolemy/actor/lib/test/auto/Sleep.xml (RunModel)" time="6.013" />
  <testcase classname="ptolemy.util.test.junit.AutoTests" name="[343] /home/travis/build/icyphy/ptII/ptolemy/actor/lib/test/auto/SleepMultipleFire.xml (RunModel)" time="1.021" />
  <testcase classname="ptolemy.util.test.junit.AutoTests" name="[344] /home/travis/build/icyphy/ptII/ptolemy/actor/lib/test/auto/StopDE.xml (RunModel)" time="0.015" />
  <testcase classname="ptolemy.util.test.junit.AutoTests" name="[345] /home/travis/build/icyphy/ptII/ptolemy/actor/lib/test/auto/StopSDF.xml (RunModel)" time="0.01" />
  <testcase classname="ptolemy.util.test.junit.AutoTests" name="[346] /home/travis/build/icyphy/ptII/ptolemy/actor/lib/test/auto/StringConstant.xml (RunModel)" time="0.014" />
  <testcase classname="ptolemy.util.test.junit.AutoTests" name="[347] /home/travis/build/icyphy/ptII/ptolemy/actor/lib/test/auto/SubscriberPortInitialValues1.xml (RunModel)" time="0.025" />
  <testcase classname="ptolemy.util.test.junit.AutoTests" name="[348] /home/travis/build/icyphy/ptII/ptolemy/actor/lib/test/auto/SubscriberPortInitialValues13.xml (RunModel)" time="0.028" />
  <testcase classname="ptolemy.util.test.junit.AutoTests" name="[349] /home/travis/build/icyphy/ptII/ptolemy/actor/lib/test/auto/SubscriberPortInitialValues14.xml (RunModel)" time="0.016" />
  <testcase classname="ptolemy.util.test.junit.AutoTests" name="[350] /home/travis/build/icyphy/ptII/ptolemy/actor/lib/test/auto/SubscriberPortInitialValues2.xml (RunModel)" time="0.018" />
  <testcase classname="ptolemy.util.test.junit.AutoTests" name="[351] /home/travis/build/icyphy/ptII/ptolemy/actor/lib/test/auto/SubscriberPortInitialValues3.xml (RunModel)" time="0.021" />
  <testcase classname="ptolemy.util.test.junit.AutoTests" name="[352] /home/travis/build/icyphy/ptII/ptolemy/actor/lib/test/auto/SubscriptionAggregator.xml (RunModel)" time="0.011" />
  <testcase classname="ptolemy.util.test.junit.AutoTests" name="[353] /home/travis/build/icyphy/ptII/ptolemy/actor/lib/test/auto/SubscriptionAggregator2.xml (RunModel)" time="0.012" />
  <testcase classname="ptolemy.util.test.junit.AutoTests" name="[354] /home/travis/build/icyphy/ptII/ptolemy/actor/lib/test/auto/SubscriptionAggregator3.xml (RunModel)" time="0.016" />
  <testcase classname="ptolemy.util.test.junit.AutoTests" name="[355] /home/travis/build/icyphy/ptII/ptolemy/actor/lib/test/auto/SubscriptionAggregatorMultiply.xml (RunModel)" time="0.015" />
  <testcase classname="ptolemy.util.test.junit.AutoTests" name="[356] /home/travis/build/icyphy/ptII/ptolemy/actor/lib/test/auto/SubscriptionAggregatorPortMultiply1.xml (RunModel)" time="0.014" />
  <testcase classname="ptolemy.util.test.junit.AutoTests" name="[357] /home/travis/build/icyphy/ptII/ptolemy/actor/lib/test/auto/Switch.xml (RunModel)" time="0.017" />
  <testcase classname="ptolemy.util.test.junit.AutoTests" name="[358] /home/travis/build/icyphy/ptII/ptolemy/actor/lib/test/auto/Switch2.xml (RunModel)" time="0.014" />
  <testcase classname="ptolemy.util.test.junit.AutoTests" name="[359] /home/travis/build/icyphy/ptII/ptolemy/actor/lib/test/auto/SwitchDE.xml (RunModel)" time="0.015" />
  <testcase classname="ptolemy.util.test.junit.AutoTests" name="[360] /home/travis/build/icyphy/ptII/ptolemy/actor/lib/test/auto/SynchronizerDE.xml (RunModel)" time="0.022" />
  <testcase classname="ptolemy.util.test.junit.AutoTests" name="[361] /home/travis/build/icyphy/ptII/ptolemy/actor/lib/test/auto/Test.xml (RunModel)" time="0.02" />
  <testcase classname="ptolemy.util.test.junit.AutoTests" name="[362] /home/travis/build/icyphy/ptII/ptolemy/actor/lib/test/auto/TestExceptionAttribute1.xml (RunModel)" time="0.008" />
  <testcase classname="ptolemy.util.test.junit.AutoTests" name="[363] /home/travis/build/icyphy/ptII/ptolemy/actor/lib/test/auto/TestExceptionAttribute2.xml (RunModel)" time="0.012" />
  <testcase classname="ptolemy.util.test.junit.AutoTests" name="[364] /home/travis/build/icyphy/ptII/ptolemy/actor/lib/test/auto/TestExceptionAttribute3.xml (RunModel)" time="0.011" />
  <testcase classname="ptolemy.util.test.junit.AutoTests" name="[365] /home/travis/build/icyphy/ptII/ptolemy/actor/lib/test/auto/TestExceptionAttribute4.xml (RunModel)" time="0.007" />
  <testcase classname="ptolemy.util.test.junit.AutoTests" name="[366] /home/travis/build/icyphy/ptII/ptolemy/actor/lib/test/auto/TestExceptionHandler1.xml (RunModel)" time="0.006" />
  <testcase classname="ptolemy.util.test.junit.AutoTests" name="[367] /home/travis/build/icyphy/ptII/ptolemy/actor/lib/test/auto/TestExceptionHandler2.xml (RunModel)" time="0.01" />
  <testcase classname="ptolemy.util.test.junit.AutoTests" name="[368] /home/travis/build/icyphy/ptII/ptolemy/actor/lib/test/auto/TestExceptionHandler3.xml (RunModel)" time="0.007" />
  <testcase classname="ptolemy.util.test.junit.AutoTests" name="[369] /home/travis/build/icyphy/ptII/ptolemy/actor/lib/test/auto/TestExceptionHandler4.xml (RunModel)" time="0.007" />
  <testcase classname="ptolemy.util.test.junit.AutoTests" name="[370] /home/travis/build/icyphy/ptII/ptolemy/actor/lib/test/auto/TestRequireCorrectOrder.xml (RunModel)" time="0.013" />
  <testcase classname="ptolemy.util.test.junit.AutoTests" name="[371] /home/travis/build/icyphy/ptII/ptolemy/actor/lib/test/auto/TestSimple.xml (RunModel)" time="0.007" />
  <testcase classname="ptolemy.util.test.junit.AutoTests" name="[372] /home/travis/build/icyphy/ptII/ptolemy/actor/lib/test/auto/ThrowModelError.xml (RunModel)" time="0.009" />
  <testcase classname="ptolemy.util.test.junit.AutoTests" name="[373] /home/travis/build/icyphy/ptII/ptolemy/actor/lib/test/auto/TimeDelayMicrosteps.xml (RunModel)" time="0.035" />
  <testcase classname="ptolemy.util.test.junit.AutoTests" name="[374] /home/travis/build/icyphy/ptII/ptolemy/actor/lib/test/auto/TimeDelayMicrosteps2.xml (RunModel)" time="0.013" />
  <testcase classname="ptolemy.util.test.junit.AutoTests" name="[375] /home/travis/build/icyphy/ptII/ptolemy/actor/lib/test/auto/TimeDelayMicrosteps3.xml (RunModel)" time="0.011" />
  <testcase classname="ptolemy.util.test.junit.AutoTests" name="[376] /home/travis/build/icyphy/ptII/ptolemy/actor/lib/test/auto/TimeDelayVariableMicrosteps.xml (RunModel)" time="0.011" />
  <testcase classname="ptolemy.util.test.junit.AutoTests" name="[377] /home/travis/build/icyphy/ptII/ptolemy/actor/lib/test/auto/TimeGap.xml (RunModel)" time="0.013" />
  <testcase classname="ptolemy.util.test.junit.AutoTests" name="[378] /home/travis/build/icyphy/ptII/ptolemy/actor/lib/test/auto/TimeGap2.xml (RunModel)" time="0.011" />
  <testcase classname="ptolemy.util.test.junit.AutoTests" name="[379] /home/travis/build/icyphy/ptII/ptolemy/actor/lib/test/auto/TimedSinewave.xml (RunModel)" time="0.054" />
  <testcase classname="ptolemy.util.test.junit.AutoTests" name="[380] /home/travis/build/icyphy/ptII/ptolemy/actor/lib/test/auto/TimedSinewavePhase.xml (RunModel)" time="0.043" />
  <testcase classname="ptolemy.util.test.junit.AutoTests" name="[381] /home/travis/build/icyphy/ptII/ptolemy/actor/lib/test/auto/Timer.xml (RunModel)" time="0.018" />
  <testcase classname="ptolemy.util.test.junit.AutoTests" name="[382] /home/travis/build/icyphy/ptII/ptolemy/actor/lib/test/auto/TriangularDistTestModel.xml (RunModel)" time="0.019" />
  <testcase classname="ptolemy.util.test.junit.AutoTests" name="[383] /home/travis/build/icyphy/ptII/ptolemy/actor/lib/test/auto/TrigFunction.xml (RunModel)" time="0.009" />
  <testcase classname="ptolemy.util.test.junit.AutoTests" name="[384] /home/travis/build/icyphy/ptII/ptolemy/actor/lib/test/auto/TrigFunctionDE.xml (RunModel)" time="0.011" />
  <testcase classname="ptolemy.util.test.junit.AutoTests" name="[385] /home/travis/build/icyphy/ptII/ptolemy/actor/lib/test/auto/TrigFunctionInverse.xml (RunModel)" time="0.009" />
  <testcase classname="ptolemy.util.test.junit.AutoTests" name="[386] /home/travis/build/icyphy/ptII/ptolemy/actor/lib/test/auto/TrigFunctionTan.xml (RunModel)" time="0.007" />
  <testcase classname="ptolemy.util.test.junit.AutoTests" name="[387] /home/travis/build/icyphy/ptII/ptolemy/actor/lib/test/auto/TriggeredClock.xml (RunModel)" time="0.008" />
  <testcase classname="ptolemy.util.test.junit.AutoTests" name="[388] /home/travis/build/icyphy/ptII/ptolemy/actor/lib/test/auto/URLDirectoryReader.xml (RunModel)" time="0.121" />
  <testcase classname="ptolemy.util.test.junit.AutoTests" name="[389] /home/travis/build/icyphy/ptII/ptolemy/actor/lib/test/auto/URLDirectoryReader3.xml (RunModel)" time="1.548" />
  <testcase classname="ptolemy.util.test.junit.AutoTests" name="[390] /home/travis/build/icyphy/ptII/ptolemy/actor/lib/test/auto/UnaryMathFunction.xml (RunModel)" time="0.039" />
  <testcase classname="ptolemy.util.test.junit.AutoTests" name="[391] /home/travis/build/icyphy/ptII/ptolemy/actor/lib/test/auto/Uniform.xml (RunModel)" time="0.014" />
  <testcase classname="ptolemy.util.test.junit.AutoTests" name="[392] /home/travis/build/icyphy/ptII/ptolemy/actor/lib/test/auto/UnionDisassemblerTest.xml (RunModel)" time="0.018" />
  <testcase classname="ptolemy.util.test.junit.AutoTests" name="[393] /home/travis/build/icyphy/ptII/ptolemy/actor/lib/test/auto/UtilityFunctions.xml (RunModel)" time="0.008" />
  <testcase classname="ptolemy.util.test.junit.AutoTests" name="[394] /home/travis/build/icyphy/ptII/ptolemy/actor/lib/test/auto/VariableSleep.xml (RunModel)" time="0.513" />
  <testcase classname="ptolemy.util.test.junit.AutoTests" name="[395] /home/travis/build/icyphy/ptII/ptolemy/actor/lib/test/auto/VectorAssemblerDisassemblerCT.xml (RunModel)" time="0.12" />
  <testcase classname="ptolemy.util.test.junit.AutoTests" name="[396] /home/travis/build/icyphy/ptII/ptolemy/actor/lib/test/auto/VectorAssemblerDisassemblerDE.xml (RunModel)" time="0.017" />
  <testcase classname="ptolemy.util.test.junit.AutoTests" name="[397] /home/travis/build/icyphy/ptII/ptolemy/actor/lib/test/auto/VectorAssemblerDisassemblerSDF.xml (RunModel)" time="0.013" />
  <testcase classname="ptolemy.util.test.junit.AutoTests" name="[398] /home/travis/build/icyphy/ptII/ptolemy/actor/lib/test/auto/WallClockTime.xml (RunModel)" time="1.014" />
  <testcase classname="ptolemy.util.test.junit.AutoTests" name="[399] /home/travis/build/icyphy/ptII/ptolemy/actor/lib/test/auto/WidthTestWithSubscriberPublisher.xml (RunModel)" time="0.037" />
  <testcase classname="ptolemy.util.test.junit.AutoTests" name="[400] /home/travis/build/icyphy/ptII/ptolemy/actor/lib/test/auto/WidthTestWithSubscriberPublisher2.xml (RunModel)" time="0.014" />
  <testcase classname="ptolemy.util.test.junit.AutoTests" name="[401] /home/travis/build/icyphy/ptII/ptolemy/actor/lib/test/auto/WidthTestWithSubscriberPublisher3.xml (RunModel)" time="0.012" />
  <testcase classname="ptolemy.util.test.junit.AutoTests" name="[402] /home/travis/build/icyphy/ptII/ptolemy/actor/lib/test/auto/Writer.xml (RunModel)" time="0.007" />
  <testcase classname="ptolemy.util.test.junit.AutoTests" name="[403] /home/travis/build/icyphy/ptII/ptolemy/actor/lib/test/auto/array.xml (RunModel)" time="0.008" />
  <testcase classname="ptolemy.util.test.junit.AutoTests" name="[404] /home/travis/build/icyphy/ptII/ptolemy/actor/lib/test/auto/array2.xml (RunModel)" time="0.01" />
  <testcase classname="ptolemy.util.test.junit.AutoTests" name="[405] /home/travis/build/icyphy/ptII/ptolemy/actor/lib/test/auto/arrayType.xml (RunModel)" time="0.01" />
  <testcase classname="ptolemy.util.test.junit.AutoTests" name="[406] /home/travis/build/icyphy/ptII/ptolemy/actor/lib/test/auto/arrayType10.xml (RunModel)" time="0.008" />
  <testcase classname="ptolemy.util.test.junit.AutoTests" name="[407] /home/travis/build/icyphy/ptII/ptolemy/actor/lib/test/auto/arrayType11.xml (RunModel)" time="0.008" />
  <testcase classname="ptolemy.util.test.junit.AutoTests" name="[408] /home/travis/build/icyphy/ptII/ptolemy/actor/lib/test/auto/arrayType12.xml (RunModel)" time="0.009" />
  <testcase classname="ptolemy.util.test.junit.AutoTests" name="[409] /home/travis/build/icyphy/ptII/ptolemy/actor/lib/test/auto/arrayType13.xml (RunModel)" time="0.009" />
  <testcase classname="ptolemy.util.test.junit.AutoTests" name="[410] /home/travis/build/icyphy/ptII/ptolemy/actor/lib/test/auto/arrayType14.xml (RunModel)" time="0.008" />
  <testcase classname="ptolemy.util.test.junit.AutoTests" name="[411] /home/travis/build/icyphy/ptII/ptolemy/actor/lib/test/auto/arrayType15.xml (RunModel)" time="0.01" />
  <testcase classname="ptolemy.util.test.junit.AutoTests" name="[412] /home/travis/build/icyphy/ptII/ptolemy/actor/lib/test/auto/arrayType16.xml (RunModel)" time="0.009" />
  <testcase classname="ptolemy.util.test.junit.AutoTests" name="[413] /home/travis/build/icyphy/ptII/ptolemy/actor/lib/test/auto/arrayType17.xml (RunModel)" time="0.008" />
  <testcase classname="ptolemy.util.test.junit.AutoTests" name="[414] /home/travis/build/icyphy/ptII/ptolemy/actor/lib/test/auto/arrayType18.xml (RunModel)" time="0.008" />
  <testcase classname="ptolemy.util.test.junit.AutoTests" name="[415] /home/travis/build/icyphy/ptII/ptolemy/actor/lib/test/auto/arrayType19.xml (RunModel)" time="0.008" />
  <testcase classname="ptolemy.util.test.junit.AutoTests" name="[416] /home/travis/build/icyphy/ptII/ptolemy/actor/lib/test/auto/arrayType2.xml (RunModel)" time="0.008" />
  <testcase classname="ptolemy.util.test.junit.AutoTests" name="[417] /home/travis/build/icyphy/ptII/ptolemy/actor/lib/test/auto/arrayType20.xml (RunModel)" time="0.008" />
  <testcase classname="ptolemy.util.test.junit.AutoTests" name="[418] /home/travis/build/icyphy/ptII/ptolemy/actor/lib/test/auto/arrayType21.xml (RunModel)" time="0.007" />
  <testcase classname="ptolemy.util.test.junit.AutoTests" name="[419] /home/travis/build/icyphy/ptII/ptolemy/actor/lib/test/auto/arrayType22.xml (RunModel)" time="0.008" />
  <testcase classname="ptolemy.util.test.junit.AutoTests" name="[420] /home/travis/build/icyphy/ptII/ptolemy/actor/lib/test/auto/arrayType23.xml (RunModel)" time="0.008" />
  <testcase classname="ptolemy.util.test.junit.AutoTests" name="[421] /home/travis/build/icyphy/ptII/ptolemy/actor/lib/test/auto/arrayType24.xml (RunModel)" time="0.012" />
  <testcase classname="ptolemy.util.test.junit.AutoTests" name="[422] /home/travis/build/icyphy/ptII/ptolemy/actor/lib/test/auto/arrayType25.xml (RunModel)" time="0.008" />
  <testcase classname="ptolemy.util.test.junit.AutoTests" name="[423] /home/travis/build/icyphy/ptII/ptolemy/actor/lib/test/auto/arrayType26.xml (RunModel)" time="0.009" />
  <testcase classname="ptolemy.util.test.junit.AutoTests" name="[424] /home/travis/build/icyphy/ptII/ptolemy/actor/lib/test/auto/arrayType27.xml (RunModel)" time="0.008" />
  <testcase classname="ptolemy.util.test.junit.AutoTests" name="[425] /home/travis/build/icyphy/ptII/ptolemy/actor/lib/test/auto/arrayType28.xml (RunModel)" time="0.01" />
  <testcase classname="ptolemy.util.test.junit.AutoTests" name="[426] /home/travis/build/icyphy/ptII/ptolemy/actor/lib/test/auto/arrayType3.xml (RunModel)" time="0.018" />
  <testcase classname="ptolemy.util.test.junit.AutoTests" name="[427] /home/travis/build/icyphy/ptII/ptolemy/actor/lib/test/auto/arrayType4.xml (RunModel)" time="0.008" />
  <testcase classname="ptolemy.util.test.junit.AutoTests" name="[428] /home/travis/build/icyphy/ptII/ptolemy/actor/lib/test/auto/arrayType5.xml (RunModel)" time="0.01" />
  <testcase classname="ptolemy.util.test.junit.AutoTests" name="[429] /home/travis/build/icyphy/ptII/ptolemy/actor/lib/test/auto/arrayType6.xml (RunModel)" time="0.008" />
  <testcase classname="ptolemy.util.test.junit.AutoTests" name="[430] /home/travis/build/icyphy/ptII/ptolemy/actor/lib/test/auto/arrayType7.xml (RunModel)" time="0.02" />
  <testcase classname="ptolemy.util.test.junit.AutoTests" name="[431] /home/travis/build/icyphy/ptII/ptolemy/actor/lib/test/auto/arrayType8.xml (RunModel)" time="0.01" />
  <testcase classname="ptolemy.util.test.junit.AutoTests" name="[432] /home/travis/build/icyphy/ptII/ptolemy/actor/lib/test/auto/arrayType9.xml (RunModel)" time="0.013" />
  <testcase classname="ptolemy.util.test.junit.AutoTests" name="[433] /home/travis/build/icyphy/ptII/ptolemy/actor/lib/test/auto/cast.xml (RunModel)" time="0.009" />
  <testcase classname="ptolemy.util.test.junit.AutoTests" name="[434] /home/travis/build/icyphy/ptII/ptolemy/actor/lib/test/auto/compositeMultiPort.xml (RunModel)" time="0.017" />
  <testcase classname="ptolemy.util.test.junit.AutoTests" name="[435] /home/travis/build/icyphy/ptII/ptolemy/actor/lib/test/auto/expressionCastInference.xml (RunModel)" time="0.01" />
  <testcase classname="ptolemy.util.test.junit.AutoTests" name="[436] /home/travis/build/icyphy/ptII/ptolemy/actor/lib/test/auto/expressionCastInference2.xml (RunModel)" time="0.009" />
  <testcase classname="ptolemy.util.test.junit.AutoTests" name="[437] /home/travis/build/icyphy/ptII/ptolemy/actor/lib/test/auto/expressionInference.xml (RunModel)" time="0.009" />
  <testcase classname="ptolemy.util.test.junit.AutoTests" name="[438] /home/travis/build/icyphy/ptII/ptolemy/actor/lib/test/auto/expression_bug.xml (RunModel)" time="0.008" />
  <testcase classname="ptolemy.util.test.junit.AutoTests" name="[439] /home/travis/build/icyphy/ptII/ptolemy/actor/lib/test/auto/factorial.xml (RunModel)" time="0.061" />
  <testcase classname="ptolemy.util.test.junit.AutoTests" name="[440] /home/travis/build/icyphy/ptII/ptolemy/actor/lib/test/auto/filterTest1.xml (RunModel)" time="0.013" />
  <testcase classname="ptolemy.util.test.junit.AutoTests" name="[441] /home/travis/build/icyphy/ptII/ptolemy/actor/lib/test/auto/funcApplyInConst.xml (RunModel)" time="0.006" />
  <testcase classname="ptolemy.util.test.junit.AutoTests" name="[442] /home/travis/build/icyphy/ptII/ptolemy/actor/lib/test/auto/funcApplyInExpr.xml (RunModel)" time="0.005" />
  <testcase classname="ptolemy.util.test.junit.AutoTests" name="[443] /home/travis/build/icyphy/ptII/ptolemy/actor/lib/test/auto/function.xml (RunModel)" time="0.011" />
  <testcase classname="ptolemy.util.test.junit.AutoTests" name="[444] /home/travis/build/icyphy/ptII/ptolemy/actor/lib/test/auto/function2.xml (RunModel)" time="0.008" />
  <testcase classname="ptolemy.util.test.junit.AutoTests" name="[445] /home/travis/build/icyphy/ptII/ptolemy/actor/lib/test/auto/function3.xml (RunModel)" time="0.008" />
  <testcase classname="ptolemy.util.test.junit.AutoTests" name="[446] /home/travis/build/icyphy/ptII/ptolemy/actor/lib/test/auto/functionClosureTest1.xml (RunModel)" time="0.01" />
  <testcase classname="ptolemy.util.test.junit.AutoTests" name="[447] /home/travis/build/icyphy/ptII/ptolemy/actor/lib/test/auto/functionClosureTest2.xml (RunModel)" time="0.007" />
  <testcase classname="ptolemy.util.test.junit.AutoTests" name="[448] /home/travis/build/icyphy/ptII/ptolemy/actor/lib/test/auto/functionClosureTest3.xml (RunModel)" time="0.01" />
  <testcase classname="ptolemy.util.test.junit.AutoTests" name="[449] /home/travis/build/icyphy/ptII/ptolemy/actor/lib/test/auto/functionClosureTest4.xml (RunModel)" time="0.015" />
  <testcase classname="ptolemy.util.test.junit.AutoTests" name="[450] /home/travis/build/icyphy/ptII/ptolemy/actor/lib/test/auto/functionClosureTest5.xml (RunModel)" time="0.011" />
  <testcase classname="ptolemy.util.test.junit.AutoTests" name="[451] /home/travis/build/icyphy/ptII/ptolemy/actor/lib/test/auto/functionClosureTest6.xml (RunModel)" time="0.008" />
  <testcase classname="ptolemy.util.test.junit.AutoTests" name="[452] /home/travis/build/icyphy/ptII/ptolemy/actor/lib/test/auto/functionsOnArcs.xml (RunModel)" time="0.009" />
  <testcase classname="ptolemy.util.test.junit.AutoTests" name="[453] /home/travis/build/icyphy/ptII/ptolemy/actor/lib/test/auto/functionsOnArcsHOF.xml (RunModel)" time="0.011" />
  <testcase classname="ptolemy.util.test.junit.AutoTests" name="[454] /home/travis/build/icyphy/ptII/ptolemy/actor/lib/test/auto/logic.xml (RunModel)" time="0.019" />
  <testcase classname="ptolemy.util.test.junit.AutoTests" name="[455] /home/travis/build/icyphy/ptII/ptolemy/actor/lib/test/auto/matrixType.xml (RunModel)" time="0.008" />
  <testcase classname="ptolemy.util.test.junit.AutoTests" name="[456] /home/travis/build/icyphy/ptII/ptolemy/actor/lib/test/auto/matrixType10.xml (RunModel)" time="0.009" />
  <testcase classname="ptolemy.util.test.junit.AutoTests" name="[457] /home/travis/build/icyphy/ptII/ptolemy/actor/lib/test/auto/matrixType11.xml (RunModel)" time="0.007" />
  <testcase classname="ptolemy.util.test.junit.AutoTests" name="[458] /home/travis/build/icyphy/ptII/ptolemy/actor/lib/test/auto/matrixType12.xml (RunModel)" time="0.009" />
  <testcase classname="ptolemy.util.test.junit.AutoTests" name="[459] /home/travis/build/icyphy/ptII/ptolemy/actor/lib/test/auto/matrixType13.xml (RunModel)" time="0.008" />
  <testcase classname="ptolemy.util.test.junit.AutoTests" name="[460] /home/travis/build/icyphy/ptII/ptolemy/actor/lib/test/auto/matrixType14.xml (RunModel)" time="0.009" />
  <testcase classname="ptolemy.util.test.junit.AutoTests" name="[461] /home/travis/build/icyphy/ptII/ptolemy/actor/lib/test/auto/matrixType2.xml (RunModel)" time="0.008" />
  <testcase classname="ptolemy.util.test.junit.AutoTests" name="[462] /home/travis/build/icyphy/ptII/ptolemy/actor/lib/test/auto/matrixType3.xml (RunModel)" time="0.01" />
  <testcase classname="ptolemy.util.test.junit.AutoTests" name="[463] /home/travis/build/icyphy/ptII/ptolemy/actor/lib/test/auto/matrixType4.xml (RunModel)" time="0.008" />
  <testcase classname="ptolemy.util.test.junit.AutoTests" name="[464] /home/travis/build/icyphy/ptII/ptolemy/actor/lib/test/auto/matrixType5.xml (RunModel)" time="0.007" />
  <testcase classname="ptolemy.util.test.junit.AutoTests" name="[465] /home/travis/build/icyphy/ptII/ptolemy/actor/lib/test/auto/matrixType6.xml (RunModel)" time="0.008" />
  <testcase classname="ptolemy.util.test.junit.AutoTests" name="[466] /home/travis/build/icyphy/ptII/ptolemy/actor/lib/test/auto/matrixType7.xml (RunModel)" time="0.008" />
  <testcase classname="ptolemy.util.test.junit.AutoTests" name="[467] /home/travis/build/icyphy/ptII/ptolemy/actor/lib/test/auto/matrixType8.xml (RunModel)" time="0.008" />
  <testcase classname="ptolemy.util.test.junit.AutoTests" name="[468] /home/travis/build/icyphy/ptII/ptolemy/actor/lib/test/auto/matrixType9.xml (RunModel)" time="0.008" />
  <testcase classname="ptolemy.util.test.junit.AutoTests" name="[469] /home/travis/build/icyphy/ptII/ptolemy/actor/lib/test/auto/paraFunctest.xml (RunModel)" time="0.007" />
  <testcase classname="ptolemy.util.test.junit.AutoTests" name="[470] /home/travis/build/icyphy/ptII/ptolemy/actor/lib/test/auto/paraFunctest2.xml (RunModel)" time="0.011" />
  <testcase classname="ptolemy.util.test.junit.AutoTests" name="[471] /home/travis/build/icyphy/ptII/ptolemy/actor/lib/test/auto/parameterPassing.xml (RunModel)" time="0.009" />
  <testcase classname="ptolemy.util.test.junit.AutoTests" name="[472] /home/travis/build/icyphy/ptII/ptolemy/actor/lib/test/auto/record.xml (RunModel)" time="0.01" />
  <testcase classname="ptolemy.util.test.junit.AutoTests" name="[473] /home/travis/build/icyphy/ptII/ptolemy/actor/lib/test/auto/sizedarray1.xml (RunModel)" time="0.009" />
  <testcase classname="ptolemy.util.test.junit.AutoTests" name="[474] /home/travis/build/icyphy/ptII/ptolemy/actor/lib/test/auto/sizedarray2.xml (RunModel)" time="0.01" />
  <testcase classname="ptolemy.util.test.junit.AutoTests" name="[475] /home/travis/build/icyphy/ptII/ptolemy/actor/lib/test/auto/twoPublishers.xml (RunModel)" time="0.036" />
  <system-out><![CDATA[/home/travis/build/icyphy/ptII/ptolemy/actor/lib/test/AbsoluteValue.tcl
testDefs.tcl: setting time out to 9000 seconds at Fri Nov 29 06:25:53 UTC 2019
113 ms. Memory: 120832K Free: 85960K (71%)
9 ms. Memory: 120832K Free: 84422K (70%)
6 ms. Memory: 120832K Free: 83398K (69%)
5 ms. Memory: 120832K Free: 82888K (69%)
/home/travis/build/icyphy/ptII/ptolemy/actor/lib/test/AddSubtract.tcl
19 ms. Memory: 120832K Free: 80840K (67%)
12 ms. Memory: 120832K Free: 79816K (66%)
5 ms. Memory: 120832K Free: 79302K (66%)
8 ms. Memory: 120832K Free: 78263K (65%)
53 ms. Memory: 120832K Free: 75720K (63%)
8 ms. Memory: 120832K Free: 74696K (62%)
/home/travis/build/icyphy/ptII/ptolemy/actor/lib/test/Average.tcl
20 ms. Memory: 120832K Free: 73143K (61%)
7 ms. Memory: 120832K Free: 71624K (59%)
/home/travis/build/icyphy/ptII/ptolemy/actor/lib/test/Bernoulli.tcl
5 ms. Memory: 120832K Free: 70071K (58%)
2 ms. Memory: 120832K Free: 70071K (58%)
/home/travis/build/icyphy/ptII/ptolemy/actor/lib/test/Clock.tcl
preinitializing
resolving types
initializing
executing number 1
wrapping up
idle
41 ms. Memory: 120832K Free: 67014K (55%)
Completed execution with 5 iterations
preinitializing
resolving types
initializing
executing number 1
wrapping up
idle
4 ms. Memory: 120832K Free: 66504K (55%)
Completed execution with 5 iterations
preinitializing
resolving types
initializing
executing number 1
wrapping up
idle
5 ms. Memory: 120832K Free: 65990K (55%)
Completed execution with 5 iterations
/home/travis/build/icyphy/ptII/ptolemy/actor/lib/test/Commutator.tcl
7 ms. Memory: 120832K Free: 63927K (53%)
15 ms. Memory: 120832K Free: 62918K (52%)
10 ms. Memory: 120832K Free: 57288K (47%)
/home/travis/build/icyphy/ptII/ptolemy/actor/lib/test/Const.tcl
4 ms. Memory: 120832K Free: 55743K (46%)
2 ms. Memory: 120832K Free: 55240K (46%)
3 ms. Memory: 120832K Free: 54726K (45%)
3 ms. Memory: 120832K Free: 54216K (45%)
3 ms. Memory: 120832K Free: 53192K (44%)
18 ms. Memory: 120832K Free: 51654K (43%)
13 ms. Memory: 120832K Free: 50623K (42%)
6 ms. Memory: 120832K Free: 49591K (41%)
/home/travis/build/icyphy/ptII/ptolemy/actor/lib/test/CurrentTime.tcl
preinitializing
resolving types
initializing
executing number 1
wrapping up
idle
8 ms. Memory: 120832K Free: 48072K (40%)
Completed execution with 11 iterations
/home/travis/build/icyphy/ptII/ptolemy/actor/lib/test/DB.tcl
5 ms. Memory: 120832K Free: 46024K (38%)
23 ms. Memory: 120832K Free: 107292K (89%)
8 ms. Memory: 120832K Free: 106796K (88%)
/home/travis/build/icyphy/ptII/ptolemy/actor/lib/test/DiscreteRandomSource.tcl
preinitializing
resolving types
initializing
executing number 1
wrapping up
idle
4 ms. Memory: 120832K Free: 105228K (87%)
Completed execution with 4 iterations
preinitializing
resolving types
initializing
executing number 1
wrapping up
idle
3 ms. Memory: 120832K Free: 104748K (87%)
Completed execution with 4 iterations
preinitializing
resolving types
initializing
executing number 1
wrapping up
idle
11 ms. Memory: 120832K Free: 104220K (86%)
Completed execution with 4 iterations
preinitializing
resolving types
initializing
executing number 1
wrapping up
idle
3 ms. Memory: 120832K Free: 104220K (86%)
Completed execution with 4 iterations
preinitializing
resolving types
initializing
executing number 1
wrapping up
idle
4 ms. Memory: 120832K Free: 103724K (86%)
Completed execution with 4 iterations
/home/travis/build/icyphy/ptII/ptolemy/actor/lib/test/Distributor.tcl
4 ms. Memory: 120832K Free: 102172K (85%)
3 ms. Memory: 120832K Free: 101162K (84%)
StreamChangeRequest.changeExecuted(): <deleteEntity name="rec2"/> succeeded
StreamChangeRequest.changeExecuted(): <deleteRelation name="r2"/> succeeded
StreamChangeRequest.changeExecuted(): Record firings per iteration succeeded
5 ms. Memory: 120832K Free: 98604K (82%)
/home/travis/build/icyphy/ptII/ptolemy/actor/lib/test/Exit.tcl
Exit.tcl: this will print a message about Manager.exitAfterWrapup, which can be ignored.
7 ms. Memory: 120832K Free: 104607K (87%)
/home/travis/build/icyphy/ptII/ptolemy/actor/lib/test/Expression.tcl
25 ms. Memory: 120832K Free: 101532K (84%)
10 ms. Memory: 120832K Free: 100499K (83%)
2 ms. Memory: 120832K Free: 99958K (83%)
preinitializing
resolving types
initializing
executing number 1
wrapping up
idle
15 ms. Memory: 120832K Free: 98419K (81%)
Completed execution with 6 iterations
9 ms. Memory: 120832K Free: 97449K (81%)
7 ms. Memory: 120832K Free: 96886K (80%)
5 ms. Memory: 120832K Free: 95387K (79%)
4 ms. Memory: 120832K Free: 94371K (78%)
3 ms. Memory: 120832K Free: 93324K (77%)
/home/travis/build/icyphy/ptII/ptolemy/actor/lib/test/Gaussian.tcl
4 ms. Memory: 120832K Free: 91300K (76%)
sleeping 1 seconds: ..................................................................................................................................................................................................................................................................................................................................................................................................................................................................................................................................................................................................................................................................................................................................................................................................................................................................................................................................................................................................................................................................................................................................................................................................................................................................................................................................................................................................................................................................................................................................................................................................................................................................................................................................................................................................................................................................................................................................................................................................................................................................................................................................................................................................................................................................................................................................................................................................................................................................................................................................................................................................................................................................................................................................................................................................................................................................................................................................................................................................................................................................................................................................................................................................................................................................................................................................................................................................................................................................................................................................................................................................................................................................................................................................................................................................................................................................................................................................................................................................................................................................................................................................................................................................................................................................................................................................................................................................................................................................................................................................................................................................................................................................................................................................................................................................................................................................................................................................................................................................................................................................................................................................................................................................................................................................................................................................................................................................................................................................................................................................................................................................................................................................................................................................................................................................................................................................................................................................................................................................................................................................................................................................................................................................................................................................................................................................................................................................................................................................................................................................................................................................................................................................................................................................................................................................................................................................................................................................................................................................................................................................................................................................................................................................................................................................................................................................................................................................................................................................................................................................................................................................................................................................................................................................................................................................................................................................................................................................................................................................................................................................................................................................................................................................................................................................................................................................................................................................................................................................................................................................................................................................................................................................................................................................................................................................................................................................................................................................................................................................................................................................................................................................................................................................................................................................................................................................................................................................................................................................................................................................................................................................................................................................................................................................................................................................................................................................................................................................................................................................................................................................................................................................................................................................................................................................................................................................................................................................................................................................................................................................................................................................................................................................................................................................................................................................................................................................................................................................................................................................................................................................................................................................................................................................................................................................................................................................................................................................................................................................................................................................................................................................................................................................................................................................................................................................................................................................................................................................................................................................................................................................................................................................................................................................................................................................................................................................................................................................................................................................................................................................................................................................................................................................................................................................................................................................................................................................................................................................................................................................................................................................................................................................................................................................................................................................................................................................................................................................................................................................................................................................................................................................................................................................................................................................................................................................................................................................................................................................................................................................................................................................................................................................................................................................................................................................................................................................................................................................................................................................................................................................................................................................................................................................................................................................................................................................................................................................................................................................................................................................................................................................................................................................................................................................................................................................................................................................................................................................................................................................................................................................................................................................................................................................................................................................................................................................................................................................................................................................................................................................................................................................................................................................................................................................................................................................................................................................................................................................................................................................................................................................................................................................................................................................................................................................................................................................................................................................................................................................................................................................................................................................................................................................................................................................................................................................................................................................................................................................................................................................................................................................................................................................................................................................................................................................................................................................................................................................................................................................................................................................................................................................................................................................................................................................................................................................................................................................................................................................................................................................................................................................................................................................................................................................................................................................................................................................................................................................................................................................................................................................................................................................................................................................................................................................................................................................................................................................................................................................................................................................................................................................................................................................................................................................................................................................................................................................................................................................................................................................................................................................................................................................................................................................................................................................................................................................................................................................................................................................................................................................................................................................................................................................................................................................................................................................................................................................................................................................................................................................................................................................................................................................................................................................................................................................................................................................................................................................................................................................................................................................................................................................................................................................................................................................................................................................................................................................................................................................................................................................................................................................................................................................................................................................................................................................................................................................................................................................................................................................................................................................................................................................................................................................................................................................................................................................................................................................................................................................................................................................................................................................................................................................................................................................................................................................................................................................................................................................................................................................................................................................................................................................................................................................................................................................................................................................................................................................................................................................................................................................................................................................................................................................................................................................................................................................................................................................................................................................................................................................................................................................................................................................................................................................................................................................................................................................................................................................................................................................................................................................................................................................................................................................................................................................................................................................................................................................................................................................................................................................................................................................................................................................................................................................................................................................................................................................................................................................................................................................................................................................................................................................................................................................................................................................................................................................................................................................................................................................................................................................................................................................................................................................................................................................................................................................................................................................................................................................................4 ms. Memory: 120832K Free: 89779K (74%)
3 ms. Memory: 120832K Free: 89269K (74%)
2 ms. Memory: 120832K Free: 88741K (73%)
6 ms. Memory: 120832K Free: 87554K (72%)
4 ms. Memory: 120832K Free: 87221K (72%)
/home/travis/build/icyphy/ptII/ptolemy/actor/lib/test/IIR.tcl
/home/travis/build/icyphy/ptII/ptolemy/actor/lib/test/Interpolator.tcl
3 ms. Memory: 120832K Free: 83621K (69%)
1 ms. Memory: 120832K Free: 82611K (68%)
1 ms. Memory: 120832K Free: 82101K (68%)
1 ms. Memory: 120832K Free: 81573K (68%)
3 ms. Memory: 120832K Free: 81077K (67%)
2 ms. Memory: 120832K Free: 80053K (66%)
3 ms. Memory: 120832K Free: 79029K (65%)
2 ms. Memory: 120832K Free: 78005K (65%)
2 ms. Memory: 120832K Free: 77477K (64%)
3 ms. Memory: 120832K Free: 76453K (63%)
/home/travis/build/icyphy/ptII/ptolemy/actor/lib/test/MathFunction.tcl
4 ms. Memory: 120832K Free: 74405K (62%)
2 ms. Memory: 120832K Free: 73381K (61%)
2 ms. Memory: 120832K Free: 72357K (60%)
1 ms. Memory: 120832K Free: 71317K (59%)
4 ms. Memory: 120832K Free: 70317K (58%)
7 ms. Memory: 120832K Free: 68245K (56%)
/home/travis/build/icyphy/ptII/ptolemy/actor/lib/test/Maximum.tcl
11 ms. Memory: 120832K Free: 66213K (55%)
4 ms. Memory: 120832K Free: 65717K (54%)
8 ms. Memory: 120832K Free: 65203K (54%)
5 ms. Memory: 120832K Free: 64165K (53%)
/home/travis/build/icyphy/ptII/ptolemy/actor/lib/test/Minimum.tcl
11 ms. Memory: 120832K Free: 62645K (52%)
2 ms. Memory: 120832K Free: 62101K (51%)
3 ms. Memory: 120832K Free: 61077K (51%)
4 ms. Memory: 120832K Free: 60597K (50%)
/home/travis/build/icyphy/ptII/ptolemy/actor/lib/test/MultiplyDivide.tcl
4 ms. Memory: 120832K Free: 58549K (48%)
12 ms. Memory: 120832K Free: 58021K (48%)
3 ms. Memory: 120832K Free: 57011K (47%)
10 ms. Memory: 120832K Free: 56501K (47%)
3 ms. Memory: 120832K Free: 55973K (46%)
/home/travis/build/icyphy/ptII/ptolemy/actor/lib/test/OrderedMerge.tcl
Connections changed on port: inputA
Connections changed on port: inputB
Connections changed on port: output
Connections changed on port: output
Connections changed on port: output
Connections changed on port: input
.top. Preinitializing ...
Invoking preinitialize():  .top.OrderedMerge
Called preinitialize()
Invoking preinitialize():  .top.Ramp
Called preinitialize()
Invoking preinitialize():  .top.Ramp2
Called preinitialize()
Invoking preinitialize():  .top.Test
Called preinitialize()
Connections changed on port: inputA
Connections changed on port: output
Connections changed on port: output
Connections changed on port: input
Connections changed on port: inputB
Connections changed on port: output
.top. Finished preinitialize().
Called initialize().
Invoking initialize():  .top.OrderedMerge
Initializing actor: .top.OrderedMerge
Adding a thread: .top.OrderedMerge
Invoking initialize():  .top.Ramp
Initializing actor: .top.Ramp
Adding a thread: .top.Ramp
Invoking initialize():  .top.Ramp2
Initializing actor: .top.Ramp2
Adding a thread: .top.Ramp2
Invoking initialize():  .top.Test
Initializing actor: .top.Test
Adding a thread: .top.Test
Called fire().
Checking for deadlock:
-- Starting thread.
Called initialize()
Called prefire()
Called fire()
There are 0 Blocked actors, 0 Stopped actors, and 4 active threads.
Waiting for actors to stop.
-- Starting thread.
Called initialize()
Called prefire()
-- Starting thread.
Called initialize()
-- Starting thread.
Called initialize()
Checking for deadlock:
Called fire()
There are 1 Blocked actors, 0 Stopped actors, and 4 active threads.
Called prefire()
Called prefire()
Called fire()
Waiting for actors to stop.
Called fire()
Called postfire()
Called prefire()
Called fire()
Called postfire()
Called prefire()
Called fire()
Called postfire()
Called prefire()
Called fire()
Checking for deadlock:
There are 3 Blocked actors, 0 Stopped actors, and 4 active threads.
Waiting for actors to stop.
Read input token from inputA with value 0.0
Next port to read input from is inputB
Called postfire()
Called prefire()
Called fire()
Called postfire()
Read input token from inputB with value 0.0
Called prefire()
Called fire()
Checking for deadlock:
There are 3 Blocked actors, 0 Stopped actors, and 4 active threads.
Waiting for actors to stop.
Checking for deadlock:
There are 2 Blocked actors, 0 Stopped actors, and 4 active threads.
Waiting for actors to stop.
-- Read input: 0.0, which is expected to match: 0.0
Called prefire()
Called fire()
Checking for deadlock:
There are 3 Blocked actors, 0 Stopped actors, and 4 active threads.
Waiting for actors to stop.
Sent output token with value 0.0
Next port to read input from is inputA
Called postfire()
Called prefire()
Called fire()
Called postfire()
Called prefire()
Called fire()
Checking for deadlock:
There are 3 Blocked actors, 0 Stopped actors, and 4 active threads.
Waiting for actors to stop.
Read input token from inputA with value 1.0
-- Read input: 0.0, which is expected to match: 0.0
Called prefire()
Called fire()
Checking for deadlock:
There are 3 Blocked actors, 0 Stopped actors, and 4 active threads.
Waiting for actors to stop.
Sent output token with value 0.0
Next port to read input from is inputB
Called postfire()
Called prefire()
Called fire()
Checking for deadlock:
There are 2 Blocked actors, 0 Stopped actors, and 4 active threads.
Waiting for actors to stop.
Called postfire()
Called prefire()
Called fire()
Checking for deadlock:
There are 3 Blocked actors, 0 Stopped actors, and 4 active threads.
Waiting for actors to stop.
Read input token from inputB with value 1.5
Checking for deadlock:
There are 2 Blocked actors, 0 Stopped actors, and 4 active threads.
Waiting for actors to stop.
-- Read input: 1.0, which is expected to match: 1.0
Called prefire()
Called fire()
Checking for deadlock:
There are 3 Blocked actors, 0 Stopped actors, and 4 active threads.
Waiting for actors to stop.
Sent output token with value 1.0
Next port to read input from is inputA
Called postfire()
Called prefire()
Called fire()
Called postfire()
Called prefire()
Called fire()
Checking for deadlock:
There are 3 Blocked actors, 0 Stopped actors, and 4 active threads.
Waiting for actors to stop.
Read input token from inputA with value 2.0
-- Read input: 1.5, which is expected to match: 1.5
Called prefire()
Called fire()
Checking for deadlock:
There are 3 Blocked actors, 0 Stopped actors, and 4 active threads.
Waiting for actors to stop.
Sent output token with value 1.5
Next port to read input from is inputB
Called postfire()
Called prefire()
Called fire()
Checking for deadlock:
There are 2 Blocked actors, 0 Stopped actors, and 4 active threads.
Waiting for actors to stop.
Called postfire()
Called prefire()
Called fire()
Checking for deadlock:
There are 3 Blocked actors, 0 Stopped actors, and 4 active threads.
Waiting for actors to stop.
Read input token from inputB with value 3.0
Checking for deadlock:
There are 2 Blocked actors, 0 Stopped actors, and 4 active threads.
Waiting for actors to stop.
-- Read input: 2.0, which is expected to match: 2.0
Called prefire()
Called fire()
Checking for deadlock:
There are 3 Blocked actors, 0 Stopped actors, and 4 active threads.
Waiting for actors to stop.
Sent output token with value 2.0
Next port to read input from is inputA
Called postfire()
Called prefire()
Called fire()
Called postfire()
Called prefire()
Called fire()
Checking for deadlock:
There are 3 Blocked actors, 0 Stopped actors, and 4 active threads.
Waiting for actors to stop.
Read input token from inputA with value 3.0
-- Read input: 3.0, which is expected to match: 3.0
Called prefire()
Called fire()
Checking for deadlock:
There are 3 Blocked actors, 0 Stopped actors, and 4 active threads.
Waiting for actors to stop.
Sent output token with value 3.0
Next port to read input from is inputB
Called postfire()
Called prefire()
Called fire()
Checking for deadlock:
There are 2 Blocked actors, 0 Stopped actors, and 4 active threads.
Waiting for actors to stop.
Called postfire()
Called prefire()
Called fire()
Checking for deadlock:
There are 3 Blocked actors, 0 Stopped actors, and 4 active threads.
Waiting for actors to stop.
Read input token from inputB with value 4.5
Checking for deadlock:
There are 2 Blocked actors, 0 Stopped actors, and 4 active threads.
Waiting for actors to stop.
-- Read input: 3.0, which is expected to match: 3.0
Called prefire()
Called fire()
Checking for deadlock:
There are 3 Blocked actors, 0 Stopped actors, and 4 active threads.
Waiting for actors to stop.
Sent output token with value 3.0
Next port to read input from is inputA
Called postfire()
Called prefire()
Called fire()
Called postfire()
Called prefire()
Called fire()
Checking for deadlock:
There are 3 Blocked actors, 0 Stopped actors, and 4 active threads.
Waiting for actors to stop.
Read input token from inputA with value 4.0
-- Read input: 4.0, which is expected to match: 4.0
Called prefire()
Called fire()
Past the end of training data. Read and discard all inputs.
Checking for deadlock:
There are 3 Blocked actors, 0 Stopped actors, and 4 active threads.
Waiting for actors to stop.
Sent output token with value 4.0
Next port to read input from is inputA
Called postfire()
Called prefire()
Called fire()
Called postfire()
Called prefire()
Called fire()
Checking for deadlock:
There are 3 Blocked actors, 0 Stopped actors, and 4 active threads.
Waiting for actors to stop.
Read input token from inputA with value 5.0
Called prefire()
Called fire()
Past the end of training data. Read and discard all inputs.
Checking for deadlock:
There are 3 Blocked actors, 0 Stopped actors, and 4 active threads.
Waiting for actors to stop.
Sent output token with value 4.5
Next port to read input from is inputB
Called postfire()
Called prefire()
Called fire()
Checking for deadlock:
There are 2 Blocked actors, 0 Stopped actors, and 4 active threads.
Waiting for actors to stop.
Called postfire()
Called prefire()
Called fire()
Checking for deadlock:
There are 3 Blocked actors, 0 Stopped actors, and 4 active threads.
Waiting for actors to stop.
Read input token from inputB with value 6.0
Checking for deadlock:
There are 2 Blocked actors, 0 Stopped actors, and 4 active threads.
Waiting for actors to stop.
Called prefire()
Called fire()
Past the end of training data. Read and discard all inputs.
Checking for deadlock:
There are 3 Blocked actors, 0 Stopped actors, and 4 active threads.
Waiting for actors to stop.
Sent output token with value 5.0
Next port to read input from is inputA
Called postfire()
Called prefire()
Called fire()
Called postfire()
Called prefire()
Called fire()
Checking for deadlock:
There are 3 Blocked actors, 0 Stopped actors, and 4 active threads.
Waiting for actors to stop.
Read input token from inputA with value 6.0
Called prefire()
Called fire()
Past the end of training data. Read and discard all inputs.
Checking for deadlock:
There are 3 Blocked actors, 0 Stopped actors, and 4 active threads.
Waiting for actors to stop.
Sent output token with value 6.0
Next port to read input from is inputB
Called postfire()
Called prefire()
Called fire()
Checking for deadlock:
There are 2 Blocked actors, 0 Stopped actors, and 4 active threads.
Waiting for actors to stop.
Called postfire()
Called prefire()
Called fire()
Checking for deadlock:
There are 3 Blocked actors, 0 Stopped actors, and 4 active threads.
Waiting for actors to stop.
Read input token from inputB with value 7.5
Checking for deadlock:
There are 2 Blocked actors, 0 Stopped actors, and 4 active threads.
Waiting for actors to stop.
Called prefire()
Called fire()
Past the end of training data. Read and discard all inputs.
Checking for deadlock:
There are 3 Blocked actors, 0 Stopped actors, and 4 active threads.
Waiting for actors to stop.
Sent output token with value 6.0
Next port to read input from is inputA
Called postfire()
Called prefire()
Called fire()
Called postfire()
Called prefire()
Called fire()
Checking for deadlock:
There are 3 Blocked actors, 0 Stopped actors, and 4 active threads.
Waiting for actors to stop.
Read input token from inputA with value 7.0
Called prefire()
Called fire()
Past the end of training data. Read and discard all inputs.
Checking for deadlock:
There are 3 Blocked actors, 0 Stopped actors, and 4 active threads.
Waiting for actors to stop.
Sent output token with value 7.0
Next port to read input from is inputA
Called postfire()
Called prefire()
Called fire()
-- Thread wrapup() called.
Called wrapup()
Thread .top.Ramp is exiting.
-- Thread stopped.
Checking for deadlock:
There are 2 Blocked actors, 0 Stopped actors, and 3 active threads.
Waiting for actors to stop.
Read input token from inputA with value 8.0
Checking for deadlock:
There are 1 Blocked actors, 0 Stopped actors, and 3 active threads.
Waiting for actors to stop.
Called prefire()
Called fire()
Past the end of training data. Read and discard all inputs.
Checking for deadlock:
There are 2 Blocked actors, 0 Stopped actors, and 3 active threads.
Waiting for actors to stop.
Sent output token with value 7.5
Next port to read input from is inputB
Called postfire()
Called prefire()
Called fire()
Checking for deadlock:
There are 1 Blocked actors, 0 Stopped actors, and 3 active threads.
Waiting for actors to stop.
Called postfire()
Called prefire()
Called fire()
Checking for deadlock:
There are 2 Blocked actors, 0 Stopped actors, and 3 active threads.
Waiting for actors to stop.
Read input token from inputB with value 9.0
Checking for deadlock:
There are 1 Blocked actors, 0 Stopped actors, and 3 active threads.
Waiting for actors to stop.
Called prefire()
Called fire()
Past the end of training data. Read and discard all inputs.
Checking for deadlock:
There are 2 Blocked actors, 0 Stopped actors, and 3 active threads.
Waiting for actors to stop.
Sent output token with value 8.0
Next port to read input from is inputA
Called postfire()
Called prefire()
Called fire()
Read input token from inputA with value 9.0
Called prefire()
Called fire()
Past the end of training data. Read and discard all inputs.
Checking for deadlock:
There are 2 Blocked actors, 0 Stopped actors, and 3 active threads.
Waiting for actors to stop.
Sent output token with value 9.0
Next port to read input from is inputB
Called postfire()
Called prefire()
Called fire()
Called postfire()
Called prefire()
Called fire()
Checking for deadlock:
There are 2 Blocked actors, 0 Stopped actors, and 3 active threads.
Waiting for actors to stop.
Read input token from inputB with value 10.5
Called prefire()
Called fire()
Past the end of training data. Read and discard all inputs.
Checking for deadlock:
There are 2 Blocked actors, 0 Stopped actors, and 3 active threads.
Waiting for actors to stop.
Sent output token with value 9.0
Next port to read input from is inputA
Called postfire()
Called prefire()
Called fire()
Checking for deadlock:
There are 3 Blocked actors, 0 Stopped actors, and 3 active threads.
Actors have stopped.
Checking for deadlock:
There are 3 Blocked actors, 0 Stopped actors, and 3 active threads.
Deadlock detected.
Resolving Deadlock
Checking for deadlock:
There are 3 Blocked actors, 0 Stopped actors, and 3 active threads.
Artificial Deadlock - increasing queue capacity.
increasing the capacity of receiver ptolemy.actor.TypedIOPort {.top.OrderedMerge.inputB} to 2
Director: Called postfire().
Called postfire().
_stopRequested = false
_stopFireRequested = false
Returning from postfire(): true
Called fire().
Checking for deadlock:
There are 2 Blocked actors, 0 Stopped actors, and 3 active threads.
Waiting for actors to stop.
-- Thread wrapup() called.
Called wrapup()
Thread .top.Ramp2 is exiting.
-- Thread stopped.
Checking for deadlock:
There are 2 Blocked actors, 0 Stopped actors, and 2 active threads.
Actors have stopped.
Checking for deadlock:
There are 2 Blocked actors, 0 Stopped actors, and 2 active threads.
Deadlock detected.
Resolving Deadlock
Checking for deadlock:
There are 2 Blocked actors, 0 Stopped actors, and 2 active threads.
Deadlock detected: no processes blocked on write, but some are blocked on read.
Called postfire().
_stopRequested = false
_stopFireRequested = false
Returning from postfire(): false
Finished deactivating branches.
Called wrapup().
-- Thread wrapup() called.
Called wrapup()
Thread .top.Test is exiting.
-- Thread stopped.
-- Blocked Receiver call threw TerminateProcessException.
-- Thread wrapup() called.
Called wrapup()
Thread .top.OrderedMerge is exiting.
-- Thread stopped.
-- Blocked Receiver call threw TerminateProcessException.
63 ms. Memory: 147456K Free: 129905K (88%)
.top. Preinitializing ...
Invoking preinitialize():  .top.OrderedMerge
Called preinitialize()
Invoking preinitialize():  .top.Ramp
Called preinitialize()
Invoking preinitialize():  .top.Ramp2
Called preinitialize()
Invoking preinitialize():  .top.Test
Called preinitialize()
.top. Finished preinitialize().
Called initialize().
Invoking initialize():  .top.OrderedMerge
Initializing actor: .top.OrderedMerge
Adding a thread: .top.OrderedMerge
Invoking initialize():  .top.Ramp
Initializing actor: .top.Ramp
Adding a thread: .top.Ramp
Invoking initialize():  .top.Ramp2
Initializing actor: .top.Ramp2
Adding a thread: .top.Ramp2
Invoking initialize():  .top.Test
Initializing actor: .top.Test
Adding a thread: .top.Test
-- Starting thread.
Called initialize()
Called prefire()
Called fire()
-- Starting thread.
Called initialize()
Called prefire()
Called fire()
Called postfire()
Called prefire()
Called fire()
-- Starting thread.
Called initialize()
Called prefire()
Called fire()
Called postfire()
Called prefire()
Called fire()
Called fire().
Checking for deadlock:
-- Starting thread.
There are 3 Blocked actors, 0 Stopped actors, and 4 active threads.
Waiting for actors to stop.
Called initialize()
Called prefire()
Called fire()
Called postfire()
Called prefire()
Called fire()
Read input token from inputA with value 0.0
Checking for deadlock:
There are 3 Blocked actors, 0 Stopped actors, and 4 active threads.
Waiting for actors to stop.
Next port to read input from is inputB
Called postfire()
Called prefire()
Called fire()
Called postfire()
Called prefire()
Called fire()
Checking for deadlock:
There are 3 Blocked actors, 0 Stopped actors, and 4 active threads.
Waiting for actors to stop.
Read input token from inputB with value 0.0
Sent output token with value 0.0
Checking for deadlock:
There are 2 Blocked actors, 0 Stopped actors, and 4 active threads.
Next port to read input from is inputA
Called postfire()
Waiting for actors to stop.
Called prefire()
-- Read input: 0.0, which is expected to match: 0.0
Called prefire()
Called fire()
Checking for deadlock:
There are 3 Blocked actors, 0 Stopped actors, and 4 active threads.
Waiting for actors to stop.
Called fire()
Called postfire()
Called prefire()
Called fire()
Checking for deadlock:
There are 3 Blocked actors, 0 Stopped actors, and 4 active threads.
Waiting for actors to stop.
Read input token from inputA with value 1.0
-- Read input: 0.0, which is expected to match: 0.0
Called prefire()
Called fire()
Checking for deadlock:
There are 3 Blocked actors, 0 Stopped actors, and 4 active threads.
Waiting for actors to stop.
Sent output token with value 0.0
Next port to read input from is inputB
Called postfire()
Called prefire()
Called fire()
Read input token from inputB with value 1.5
Checking for deadlock:
There are 2 Blocked actors, 0 Stopped actors, and 4 active threads.
Waiting for actors to stop.
Called postfire()
Called prefire()
Called fire()
Checking for deadlock:
Sent output token with value 1.0
There are 2 Blocked actors, 0 Stopped actors, and 4 active threads.
Waiting for actors to stop.
Next port to read input from is inputA
Called postfire()
Called prefire()
Called fire()
-- Read input: 1.0, which is expected to match: 1.0
Read input token from inputA with value 2.0
Called prefire()
Called fire()
Sent output token with value 1.5
-- Read input: 1.5, which is expected to match: 1.5
Next port to read input from is inputB
Called postfire()
Called prefire()
Called fire()
Called postfire()
Called prefire()
Called fire()
Checking for deadlock:
There are 2 Blocked actors, 0 Stopped actors, and 4 active threads.
Waiting for actors to stop.
Called prefire()
Called fire()
Called postfire()
Called prefire()
Called fire()
Read input token from inputB with value 3.0
Checking for deadlock:
There are 3 Blocked actors, 0 Stopped actors, and 4 active threads.
Waiting for actors to stop.
Sent output token with value 2.0
-- Read input: 2.0, which is expected to match: 2.0
Called prefire()
Called fire()
Next port to read input from is inputA
Called postfire()
Called prefire()
Checking for deadlock:
Called fire()
There are 3 Blocked actors, 0 Stopped actors, and 4 active threads.
Waiting for actors to stop.
Called postfire()
Checking for deadlock:
Called prefire()
There are 2 Blocked actors, 0 Stopped actors, and 4 active threads.
Waiting for actors to stop.
Called fire()
Checking for deadlock:
Read input token from inputA with value 3.0
There are 3 Blocked actors, 0 Stopped actors, and 4 active threads.
Waiting for actors to stop.
Checking for deadlock:
There are 2 Blocked actors, 0 Stopped actors, and 4 active threads.
Waiting for actors to stop.
Sent output token with value 3.0
Next port to read input from is inputB
-- Read input: 3.0, which is expected to match: 3.0
Called prefire()
Called fire()
Checking for deadlock:
There are 3 Blocked actors, 0 Stopped actors, and 4 active threads.
Waiting for actors to stop.
Called postfire()
Called prefire()
Called fire()
Checking for deadlock:
There are 2 Blocked actors, 0 Stopped actors, and 4 active threads.
Waiting for actors to stop.
Read input token from inputB with value 4.5
Called postfire()
Called prefire()
Called fire()
Sent output token with value 3.0
-- Read input: 3.0, which is expected to match: 3.0
Next port to read input from is inputA
Called postfire()
Called prefire()
Called fire()
Called prefire()
Called fire()
Checking for deadlock:
There are 2 Blocked actors, 0 Stopped actors, and 4 active threads.
Waiting for actors to stop.
Checking for deadlock:
Read input token from inputA with value 4.0
There are 2 Blocked actors, 0 Stopped actors, and 4 active threads.
Waiting for actors to stop.
Checking for deadlock:
There are 1 Blocked actors, 0 Stopped actors, and 4 active threads.
Called postfire()
Waiting for actors to stop.
Called prefire()
Called fire()
-- Read input: 4.0, which is expected to match: 4.0
Sent output token with value 4.0
Called prefire()
Next port to read input from is inputA
Called postfire()
Called prefire()
Called fire()
Checking for deadlock:
There are 2 Blocked actors, 0 Stopped actors, and 4 active threads.
Waiting for actors to stop.
Called fire()
Past the end of training data. Read and discard all inputs.
Checking for deadlock:
Read input token from inputA with value 5.0
There are 2 Blocked actors, 0 Stopped actors, and 4 active threads.
Waiting for actors to stop.
Checking for deadlock:
There are 1 Blocked actors, 0 Stopped actors, and 4 active threads.
Waiting for actors to stop.
Called prefire()
Called postfire()
Called fire()
Called prefire()
Past the end of training data. Read and discard all inputs.
Called fire()
Checking for deadlock:
There are 3 Blocked actors, 0 Stopped actors, and 4 active threads.
Waiting for actors to stop.
Sent output token with value 4.5
Next port to read input from is inputB
Called postfire()
Called prefire()
Called fire()
Read input token from inputB with value 6.0
Called postfire()
Called prefire()
Called fire()
Sent output token with value 5.0
Checking for deadlock:
Next port to read input from is inputA
Called postfire()
Called prefire()
There are 2 Blocked actors, 0 Stopped actors, and 4 active threads.
Waiting for actors to stop.
Called prefire()
Called fire()
Past the end of training data. Read and discard all inputs.
Checking for deadlock:
There are 3 Blocked actors, 0 Stopped actors, and 4 active threads.
Waiting for actors to stop.
Called fire()
Checking for deadlock:
Read input token from inputA with value 6.0
There are 2 Blocked actors, 0 Stopped actors, and 4 active threads.
Waiting for actors to stop.
Called postfire()
Sent output token with value 6.0
Called prefire()
Called fire()
Next port to read input from is inputB
Called postfire()
Called prefire()
Checking for deadlock:
There are 2 Blocked actors, 0 Stopped actors, and 4 active threads.
Waiting for actors to stop.
Called prefire()
Called fire()
Past the end of training data. Read and discard all inputs.
Checking for deadlock:
There are 3 Blocked actors, 0 Stopped actors, and 4 active threads.
Waiting for actors to stop.
Called fire()
Checking for deadlock:
There are 2 Blocked actors, 0 Stopped actors, and 4 active threads.
Waiting for actors to stop.
Read input token from inputB with value 7.5
Called postfire()
Called prefire()
Called fire()
Sent output token with value 6.0
Checking for deadlock:
Next port to read input from is inputA
Called postfire()
There are 2 Blocked actors, 0 Stopped actors, and 4 active threads.
Called prefire()
Waiting for actors to stop.
Called fire()
Called prefire()
Called fire()
Past the end of training data. Read and discard all inputs.
Read input token from inputA with value 7.0
Checking for deadlock:
There are 2 Blocked actors, 0 Stopped actors, and 4 active threads.
Waiting for actors to stop.
Called postfire()
Called prefire()
Called fire()
Checking for deadlock:
Sent output token with value 7.0
There are 2 Blocked actors, 0 Stopped actors, and 4 active threads.
Waiting for actors to stop.
Next port to read input from is inputA
Called postfire()
Called prefire()
Called fire()
Called prefire()
Called fire()
Past the end of training data. Read and discard all inputs.
Read input token from inputA with value 8.0
-- Thread wrapup() called.
Called wrapup()
Thread .top.Ramp is exiting.
-- Thread stopped.
Sent output token with value 7.5
Checking for deadlock:
There are 1 Blocked actors, 0 Stopped actors, and 3 active threads.
Waiting for actors to stop.
Called prefire()
Called fire()
Past the end of training data. Read and discard all inputs.
Checking for deadlock:
There are 2 Blocked actors, 0 Stopped actors, and 3 active threads.
Waiting for actors to stop.
Next port to read input from is inputB
Called postfire()
Called prefire()
Called fire()
Checking for deadlock:
Read input token from inputB with value 9.0
There are 1 Blocked actors, 0 Stopped actors, and 3 active threads.
Waiting for actors to stop.
Called postfire()
Sent output token with value 8.0
Called prefire()
Called fire()
Next port to read input from is inputA
Called postfire()
Checking for deadlock:
There are 1 Blocked actors, 0 Stopped actors, and 3 active threads.
Waiting for actors to stop.
Called prefire()
Called fire()
Past the end of training data. Read and discard all inputs.
Checking for deadlock:
There are 2 Blocked actors, 0 Stopped actors, and 3 active threads.
Waiting for actors to stop.
Called prefire()
Called fire()
Read input token from inputA with value 9.0
Sent output token with value 9.0
Called prefire()
Called fire()
Past the end of training data. Read and discard all inputs.
Next port to read input from is inputB
Called postfire()
Called prefire()
Checking for deadlock:
Called fire()
There are 2 Blocked actors, 0 Stopped actors, and 3 active threads.
Waiting for actors to stop.
Called postfire()
Read input token from inputB with value 10.5
Called prefire()
Called fire()
Checking for deadlock:
Sent output token with value 9.0
There are 1 Blocked actors, 0 Stopped actors, and 3 active threads.
Waiting for actors to stop.
Called prefire()
Called fire()
Past the end of training data. Read and discard all inputs.
Checking for deadlock:
There are 2 Blocked actors, 0 Stopped actors, and 3 active threads.
Waiting for actors to stop.
Next port to read input from is inputA
Called postfire()
Called prefire()
Called fire()
Checking for deadlock:
There are 3 Blocked actors, 0 Stopped actors, and 3 active threads.
Actors have stopped.
Checking for deadlock:
There are 3 Blocked actors, 0 Stopped actors, and 3 active threads.
Deadlock detected.
Resolving Deadlock
Checking for deadlock:
There are 3 Blocked actors, 0 Stopped actors, and 3 active threads.
Artificial Deadlock - increasing queue capacity.
increasing the capacity of receiver ptolemy.actor.TypedIOPort {.top.OrderedMerge.inputB} to 2
Director: Called postfire().
Called postfire().
_stopRequested = false
_stopFireRequested = false
Returning from postfire(): true
Called fire().
Checking for deadlock:
There are 2 Blocked actors, 0 Stopped actors, and 3 active threads.
Waiting for actors to stop.
-- Thread wrapup() called.
Called wrapup()
Thread .top.Ramp2 is exiting.
-- Thread stopped.
Checking for deadlock:
There are 2 Blocked actors, 0 Stopped actors, and 2 active threads.
Actors have stopped.
Checking for deadlock:
There are 2 Blocked actors, 0 Stopped actors, and 2 active threads.
Deadlock detected.
Resolving Deadlock
Checking for deadlock:
There are 2 Blocked actors, 0 Stopped actors, and 2 active threads.
Deadlock detected: no processes blocked on write, but some are blocked on read.
Called postfire().
_stopRequested = false
_stopFireRequested = false
Returning from postfire(): false
Finished deactivating branches.
Called wrapup().
-- Thread wrapup() called.
Called wrapup()
-- Thread wrapup() called.
Called wrapup()
Thread .top.Test is exiting.
-- Thread stopped.
-- Blocked Receiver call threw TerminateProcessException.
Thread .top.OrderedMerge is exiting.
-- Thread stopped.
-- Blocked Receiver call threw TerminateProcessException.
58 ms. Memory: 147456K Free: 127345K (86%)
/home/travis/build/icyphy/ptII/ptolemy/actor/lib/test/Publisher.tcl
17 ms. Memory: 147456K Free: 121203K (82%)
7 ms. Memory: 147456K Free: 116083K (79%)
7 ms. Memory: 147456K Free: 112491K (76%)
11 ms. Memory: 147456K Free: 111459K (76%)
7 ms. Memory: 147456K Free: 110334K (75%)
15 ms. Memory: 147456K Free: 109411K (74%)
2 ms. Memory: 147456K Free: 108915K (74%)
3 ms. Memory: 147456K Free: 107891K (73%)
45 ms. Memory: 147456K Free: 130820K (89%)
6 ms. Memory: 147456K Free: 127234K (86%)
6 ms. Memory: 147456K Free: 126210K (86%)
4 ms. Memory: 147456K Free: 124162K (84%)
6 ms. Memory: 147456K Free: 116484K (79%)
5 ms. Memory: 147456K Free: 107268K (73%)
6 ms. Memory: 147456K Free: 96004K (65%)
/home/travis/build/icyphy/ptII/ptolemy/actor/lib/test/Pulse.tcl
2 ms. Memory: 147456K Free: 122216K (83%)
2 ms. Memory: 147456K Free: 121706K (83%)
2 ms. Memory: 147456K Free: 121192K (82%)
2 ms. Memory: 147456K Free: 120682K (82%)
1 ms. Memory: 147456K Free: 120168K (81%)
6 ms. Memory: 147456K Free: 118634K (80%)
3 ms. Memory: 147456K Free: 117610K (80%)
2 ms. Memory: 147456K Free: 117082K (79%)
1 ms. Memory: 147456K Free: 116586K (79%)
/home/travis/build/icyphy/ptII/ptolemy/actor/lib/test/Ramp.tcl
9 ms. Memory: 147456K Free: 114538K (78%)
2 ms. Memory: 147456K Free: 113514K (77%)
1 ms. Memory: 147456K Free: 112986K (77%)
6 ms. Memory: 147456K Free: 111962K (76%)
8 ms. Memory: 147456K Free: 111466K (76%)
8 ms. Memory: 147456K Free: 110442K (75%)
6 ms. Memory: 147456K Free: 109418K (74%)
5 actors
14000 microseconds per iteration to create
9 ms. Memory: 147456K Free: 106856K (72%)
2 ms. Memory: 147456K Free: 106346K (72%)
2 ms. Memory: 147456K Free: 105818K (72%)
4 ms. Memory: 147456K Free: 104794K (71%)
50 actors
49000 microseconds per iteration to create
45 ms. Memory: 147456K Free: 89448K (61%)
13 ms. Memory: 147456K Free: 88424K (60%)
5 ms. Memory: 147456K Free: 87400K (59%)
11 ms. Memory: 147456K Free: 86376K (59%)
500 actors
1616000 microseconds per iteration to create
250 ms. Memory: 177152K Free: 91930K (52%)
37 ms. Memory: 177152K Free: 86824K (49%)
38 ms. Memory: 177152K Free: 81194K (46%)
57 ms. Memory: 177152K Free: 76074K (43%)
/home/travis/build/icyphy/ptII/ptolemy/actor/lib/test/RampContinuous.tcl
8 ms. Memory: 177152K Free: 74536K (42%)
/home/travis/build/icyphy/ptII/ptolemy/actor/lib/test/RecordAssembler.tcl
5 ms. Memory: 177152K Free: 73002K (41%)
3 ms. Memory: 177152K Free: 71978K (41%)
/home/travis/build/icyphy/ptII/ptolemy/actor/lib/test/RecordDisassembler.tcl
6 ms. Memory: 177152K Free: 70426K (40%)
3 ms. Memory: 177152K Free: 69930K (39%)
3 ms. Memory: 177152K Free: 68392K (39%)
/home/travis/build/icyphy/ptII/ptolemy/actor/lib/test/Scale.tcl
3 ms. Memory: 177152K Free: 66858K (38%)
1 ms. Memory: 177152K Free: 154407K (87%)
1 ms. Memory: 177152K Free: 153878K (87%)
2 ms. Memory: 177152K Free: 152854K (86%)
11 ms. Memory: 177152K Free: 151845K (86%)
/home/travis/build/icyphy/ptII/ptolemy/actor/lib/test/SequentialClock.tcl
preinitializing
resolving types
initializing
executing number 1
wrapping up
idle
2 ms. Memory: 177152K Free: 150814K (85%)
Completed execution with 5 iterations
preinitializing
resolving types
initializing
executing number 1
wrapping up
idle
1 ms. Memory: 177152K Free: 150311K (85%)
Completed execution with 5 iterations
preinitializing
resolving types
initializing
executing number 1
wrapping up
idle
1 ms. Memory: 177152K Free: 149797K (85%)
Completed execution with 5 iterations
/home/travis/build/icyphy/ptII/ptolemy/actor/lib/test/SetVariable.tcl
4 ms. Memory: 177152K Free: 147749K (83%)


==== $PTII/ptolemy/actor/lib/test/SetVariable.tcl: SetVariable-3.1 changeFailed
==== Contents of test case:

    #Uses 2.1 above
    jdkCaptureErr {
        # This test was failing if we ran Exit.tcl and then this test.
        # MessageHandler.error() now actually throws the Exception.
	catch {$setVariable changeFailed [java::null]  [java::new Exception {Test exception for SetVariable.changeFailed()}]} errMsg
    } results
    list [string range $results 0 89] "\n" $errMsg

==== Result was:
{java.lang.Exception: Test exception for SetVariable.changeFailed()
	at java.base/jdk.inter} {
} {java.lang.RuntimeException: java.lang.Exception: Test exception for SetVariable.changeFailed()}
---- Result should have been:
{Failed to set variable.
java.lang.Exception: Test exception for SetVariable.changeFailed()} {
} {java.lang.RuntimeException: java.lang.Exception: Test exception for SetVariable.changeFailed()}
---- SetVariable-3.1 FAILED
/home/travis/build/icyphy/ptII/ptolemy/actor/lib/test/Sinewave.tcl
/home/travis/build/icyphy/ptII/ptolemy/actor/lib/test/SubscriptionAggregator.tcl
11 ms. Memory: 177152K Free: 135975K (77%)
2 ms. Memory: 177152K Free: 134951K (76%)
1 ms. Memory: 177152K Free: 134951K (76%)
0 ms. Memory: 177152K Free: 134437K (76%)
1 ms. Memory: 177152K Free: 130855K (74%)
9 ms. Memory: 177152K Free: 128807K (73%)
...............................................................955 ms. Memory: 263168K Free: 120830K (46%)
/home/travis/build/icyphy/ptII/ptolemy/actor/lib/test/Test.tcl
 The next command will produce a warning about training mode,
   which may be ignored.
9 ms. Memory: 263168K Free: 118782K (45%)
3 ms. Memory: 263168K Free: 117751K (45%)
2 ms. Memory: 263168K Free: 117248K (45%)
14 ms. Memory: 263168K Free: 116719K (44%)
1 ms. Memory: 263168K Free: 116224K (44%)
3 ms. Memory: 263168K Free: 114686K (44%)
8 ms. Memory: 263168K Free: 113647K (43%)
 The next command will produce a warning about training mode,
   which may be ignored.
12 ms. Memory: 263168K Free: 111104K (42%)
 The next command will produce a warning about training mode,
   which may be ignored.
2 ms. Memory: 263168K Free: 110080K (42%)
1 ms. Memory: 263168K Free: 109551K (42%)
1 ms. Memory: 263168K Free: 109056K (41%)
2 ms. Memory: 263168K Free: 108527K (41%)
7 ms. Memory: 263168K Free: 107518K (41%)
4 ms. Memory: 263168K Free: 103422K (39%)
/home/travis/build/icyphy/ptII/ptolemy/actor/lib/test/TestExceptionHandler.tcl
 The next command will produce a warning about training mode,
   which may be ignored.
3 ms. Memory: 263168K Free: 102398K (39%)
1 ms. Memory: 263168K Free: 101888K (39%)
1 ms. Memory: 263168K Free: 101374K (39%)
/home/travis/build/icyphy/ptII/ptolemy/actor/lib/test/UnionDisassembler.tcl
24 ms. Memory: 263168K Free: 94206K (36%)
/home/travis/build/icyphy/ptII/ptolemy/actor/lib/test/VariableClock.tcl
preinitializing
resolving types
initializing
executing number 1
wrapping up
idle
10 ms. Memory: 263168K Free: 92158K (35%)
Completed execution with 11 iterations
preinitializing
resolving types
initializing
executing number 1
wrapping up
idle
3 ms. Memory: 263168K Free: 90624K (34%)
Completed execution with 10 iterations
11/29/19 06:26:02
Failed: 1  Total Tests: 234  ((Passed: 233, Newly Passed: 0)  Known Failed: 0) /home/travis/build/icyphy/ptII/ptolemy/actor/lib/test
----------------- testing (KnownFailure) /home/travis/build/icyphy/ptII/ptolemy/actor/lib/test/auto/knownFailedTests/PublisherPortToplevelSubscriber.xml
1 ms. Memory: 263168K Free: 87038K (33%)
Known Failure: java.lang.reflect.InvocationTargetException
----------------- testing (KnownFailure) /home/travis/build/icyphy/ptII/ptolemy/actor/lib/test/auto/knownFailedTests/PublisherSubscriberPortToplevel.xml
0 ms. Memory: 263168K Free: 82942K (32%)
Known Failure: java.lang.reflect.InvocationTargetException
----------------- testing (KnownFailure) /home/travis/build/icyphy/ptII/ptolemy/actor/lib/test/auto/knownFailedTests/PublisherSubscriptionAggregatorPort.xml
0 ms. Memory: 263168K Free: 216062K (82%)
Known Failure: java.lang.reflect.InvocationTargetException
----------------- testing (KnownFailure) /home/travis/build/icyphy/ptII/ptolemy/actor/lib/test/auto/knownFailedTests/sizedarray3.xml
4 ms. Memory: 263168K Free: 211456K (80%)
Known Failure: java.lang.reflect.InvocationTargetException
No auto/linux-amd64/*.xml tests in /home/travis/build/icyphy/ptII/ptolemy/actor/lib/test
AutoTests.java: About to close Vertx.
AutoTests.java: Vertx closed.

===========================================================================================
----------------- testing Fri Nov 29 06:26:02 UTC 2019 /home/travis/build/icyphy/ptII/ptolemy/actor/lib/test/auto/AbsoluteValue.xml
----------------- Instantiating /home/travis/build/icyphy/ptII/ptolemy/actor/lib/test/auto/AbsoluteValue.xml
5 ms. Memory: 263168K Free: 188928K (72%)
----------------- Invoking toplevel() on ptolemy.moml.MoMLSimpleApplication@7761b2a1
----------------- Done invoking toplevel() on ptolemy.moml.MoMLSimpleApplication@7761b2a1
reloadAllAccessors: .AbsoluteValue

===========================================================================================
----------------- testing Fri Nov 29 06:26:02 UTC 2019 /home/travis/build/icyphy/ptII/ptolemy/actor/lib/test/auto/AbsoluteValue2.xml
----------------- Instantiating /home/travis/build/icyphy/ptII/ptolemy/actor/lib/test/auto/AbsoluteValue2.xml
5 ms. Memory: 263168K Free: 182270K (69%)
----------------- Invoking toplevel() on ptolemy.moml.MoMLSimpleApplication@292c6f98
----------------- Done invoking toplevel() on ptolemy.moml.MoMLSimpleApplication@292c6f98
reloadAllAccessors: .AbsoluteValue2

===========================================================================================
----------------- testing Fri Nov 29 06:26:02 UTC 2019 /home/travis/build/icyphy/ptII/ptolemy/actor/lib/test/auto/Accumulator.xml
----------------- Instantiating /home/travis/build/icyphy/ptII/ptolemy/actor/lib/test/auto/Accumulator.xml
4 ms. Memory: 263168K Free: 175616K (67%)
----------------- Invoking toplevel() on ptolemy.moml.MoMLSimpleApplication@566158aa
----------------- Done invoking toplevel() on ptolemy.moml.MoMLSimpleApplication@566158aa
reloadAllAccessors: .Accumulator

===========================================================================================
----------------- testing Fri Nov 29 06:26:02 UTC 2019 /home/travis/build/icyphy/ptII/ptolemy/actor/lib/test/auto/Accumulator2.xml
----------------- Instantiating /home/travis/build/icyphy/ptII/ptolemy/actor/lib/test/auto/Accumulator2.xml
3 ms. Memory: 263168K Free: 170496K (65%)
----------------- Invoking toplevel() on ptolemy.moml.MoMLSimpleApplication@24b32a47
----------------- Done invoking toplevel() on ptolemy.moml.MoMLSimpleApplication@24b32a47
reloadAllAccessors: .Accumulator2

===========================================================================================
----------------- testing Fri Nov 29 06:26:03 UTC 2019 /home/travis/build/icyphy/ptII/ptolemy/actor/lib/test/auto/Accumulator3.xml
----------------- Instantiating /home/travis/build/icyphy/ptII/ptolemy/actor/lib/test/auto/Accumulator3.xml
2 ms. Memory: 263168K Free: 165886K (63%)
----------------- Invoking toplevel() on ptolemy.moml.MoMLSimpleApplication@16c1e7b1
----------------- Done invoking toplevel() on ptolemy.moml.MoMLSimpleApplication@16c1e7b1
reloadAllAccessors: .Accumulator3

===========================================================================================
----------------- testing Fri Nov 29 06:26:03 UTC 2019 /home/travis/build/icyphy/ptII/ptolemy/actor/lib/test/auto/ArrayAppend.xml
----------------- Instantiating /home/travis/build/icyphy/ptII/ptolemy/actor/lib/test/auto/ArrayAppend.xml
6 ms. Memory: 263168K Free: 160256K (61%)
----------------- Invoking toplevel() on ptolemy.moml.MoMLSimpleApplication@21948860
----------------- Done invoking toplevel() on ptolemy.moml.MoMLSimpleApplication@21948860
reloadAllAccessors: .ArrayAppend

===========================================================================================
----------------- testing Fri Nov 29 06:26:03 UTC 2019 /home/travis/build/icyphy/ptII/ptolemy/actor/lib/test/auto/ArrayAppend2.xml
----------------- Instantiating /home/travis/build/icyphy/ptII/ptolemy/actor/lib/test/auto/ArrayAppend2.xml
349 ms. Memory: 263168K Free: 97792K (37%)
----------------- Invoking toplevel() on ptolemy.moml.MoMLSimpleApplication@648fe5b
----------------- Done invoking toplevel() on ptolemy.moml.MoMLSimpleApplication@648fe5b
reloadAllAccessors: .ArrayAppend2

===========================================================================================
----------------- testing Fri Nov 29 06:26:03 UTC 2019 /home/travis/build/icyphy/ptII/ptolemy/actor/lib/test/auto/ArrayAppend3.xml
----------------- Instantiating /home/travis/build/icyphy/ptII/ptolemy/actor/lib/test/auto/ArrayAppend3.xml
3 ms. Memory: 263168K Free: 92158K (35%)
----------------- Invoking toplevel() on ptolemy.moml.MoMLSimpleApplication@18846daa
----------------- Done invoking toplevel() on ptolemy.moml.MoMLSimpleApplication@18846daa
reloadAllAccessors: .ArrayAppend3

===========================================================================================
----------------- testing Fri Nov 29 06:26:03 UTC 2019 /home/travis/build/icyphy/ptII/ptolemy/actor/lib/test/auto/ArrayAppend4.xml
----------------- Instantiating /home/travis/build/icyphy/ptII/ptolemy/actor/lib/test/auto/ArrayAppend4.xml
2 ms. Memory: 263168K Free: 87038K (33%)
----------------- Invoking toplevel() on ptolemy.moml.MoMLSimpleApplication@378306c
----------------- Done invoking toplevel() on ptolemy.moml.MoMLSimpleApplication@378306c
reloadAllAccessors: .ArrayAppend4

===========================================================================================
----------------- testing Fri Nov 29 06:26:03 UTC 2019 /home/travis/build/icyphy/ptII/ptolemy/actor/lib/test/auto/ArrayAppend5.xml
----------------- Instantiating /home/travis/build/icyphy/ptII/ptolemy/actor/lib/test/auto/ArrayAppend5.xml
2 ms. Memory: 263168K Free: 81408K (31%)
----------------- Invoking toplevel() on ptolemy.moml.MoMLSimpleApplication@5d098328
----------------- Done invoking toplevel() on ptolemy.moml.MoMLSimpleApplication@5d098328
reloadAllAccessors: .ArrayAppend5

===========================================================================================
----------------- testing Fri Nov 29 06:26:03 UTC 2019 /home/travis/build/icyphy/ptII/ptolemy/actor/lib/test/auto/ArrayAppend6.xml
----------------- Instantiating /home/travis/build/icyphy/ptII/ptolemy/actor/lib/test/auto/ArrayAppend6.xml
3 ms. Memory: 263168K Free: 211513K (80%)
----------------- Invoking toplevel() on ptolemy.moml.MoMLSimpleApplication@42ea22fd
----------------- Done invoking toplevel() on ptolemy.moml.MoMLSimpleApplication@42ea22fd
reloadAllAccessors: .ArrayAppend6

===========================================================================================
----------------- testing Fri Nov 29 06:26:03 UTC 2019 /home/travis/build/icyphy/ptII/ptolemy/actor/lib/test/auto/ArrayAppendPerformanceTest.xml
----------------- Instantiating /home/travis/build/icyphy/ptII/ptolemy/actor/lib/test/auto/ArrayAppendPerformanceTest.xml
36 ms. Memory: 263168K Free: 200249K (76%)
----------------- Invoking toplevel() on ptolemy.moml.MoMLSimpleApplication@5f9ae88b
----------------- Done invoking toplevel() on ptolemy.moml.MoMLSimpleApplication@5f9ae88b
reloadAllAccessors: .ArrayAppendPerformanceTest

===========================================================================================
----------------- testing Fri Nov 29 06:26:03 UTC 2019 /home/travis/build/icyphy/ptII/ptolemy/actor/lib/test/auto/ArrayAppendWithEmptyInput.xml
----------------- Instantiating /home/travis/build/icyphy/ptII/ptolemy/actor/lib/test/auto/ArrayAppendWithEmptyInput.xml
9 ms. Memory: 263168K Free: 192571K (73%)
----------------- Invoking toplevel() on ptolemy.moml.MoMLSimpleApplication@26690c1d
----------------- Done invoking toplevel() on ptolemy.moml.MoMLSimpleApplication@26690c1d
reloadAllAccessors: .ArrayAppendWithEmptyInput

===========================================================================================
----------------- testing Fri Nov 29 06:26:03 UTC 2019 /home/travis/build/icyphy/ptII/ptolemy/actor/lib/test/auto/ArrayAverage.xml
----------------- Instantiating /home/travis/build/icyphy/ptII/ptolemy/actor/lib/test/auto/ArrayAverage.xml
5 ms. Memory: 263168K Free: 184379K (70%)
----------------- Invoking toplevel() on ptolemy.moml.MoMLSimpleApplication@55e2b12d
----------------- Done invoking toplevel() on ptolemy.moml.MoMLSimpleApplication@55e2b12d
reloadAllAccessors: .ArrayAverage

===========================================================================================
----------------- testing Fri Nov 29 06:26:03 UTC 2019 /home/travis/build/icyphy/ptII/ptolemy/actor/lib/test/auto/ArrayContains.xml
----------------- Instantiating /home/travis/build/icyphy/ptII/ptolemy/actor/lib/test/auto/ArrayContains.xml
8 ms. Memory: 263168K Free: 178745K (68%)
----------------- Invoking toplevel() on ptolemy.moml.MoMLSimpleApplication@35d52cfa
----------------- Done invoking toplevel() on ptolemy.moml.MoMLSimpleApplication@35d52cfa
reloadAllAccessors: .ArrayContains

===========================================================================================
----------------- testing Fri Nov 29 06:26:03 UTC 2019 /home/travis/build/icyphy/ptII/ptolemy/actor/lib/test/auto/ArrayElement.xml
----------------- Instantiating /home/travis/build/icyphy/ptII/ptolemy/actor/lib/test/auto/ArrayElement.xml
3 ms. Memory: 263168K Free: 172601K (66%)
----------------- Invoking toplevel() on ptolemy.moml.MoMLSimpleApplication@51c360a9
----------------- Done invoking toplevel() on ptolemy.moml.MoMLSimpleApplication@51c360a9
reloadAllAccessors: .ArrayElement

===========================================================================================
----------------- testing Fri Nov 29 06:26:03 UTC 2019 /home/travis/build/icyphy/ptII/ptolemy/actor/lib/test/auto/ArrayElementAsMatrix.xml
----------------- Instantiating /home/travis/build/icyphy/ptII/ptolemy/actor/lib/test/auto/ArrayElementAsMatrix.xml
17 ms. Memory: 263168K Free: 162875K (62%)
----------------- Invoking toplevel() on ptolemy.moml.MoMLSimpleApplication@5ebed4c9
----------------- Done invoking toplevel() on ptolemy.moml.MoMLSimpleApplication@5ebed4c9
reloadAllAccessors: .ArrayElementAsMatrix

===========================================================================================
----------------- testing Fri Nov 29 06:26:03 UTC 2019 /home/travis/build/icyphy/ptII/ptolemy/actor/lib/test/auto/ArrayElementI.xml
----------------- Instantiating /home/travis/build/icyphy/ptII/ptolemy/actor/lib/test/auto/ArrayElementI.xml
4 ms. Memory: 263168K Free: 157241K (60%)
----------------- Invoking toplevel() on ptolemy.moml.MoMLSimpleApplication@5f5e36cc
----------------- Done invoking toplevel() on ptolemy.moml.MoMLSimpleApplication@5f5e36cc
reloadAllAccessors: .ArrayElementI

===========================================================================================
----------------- testing Fri Nov 29 06:26:03 UTC 2019 /home/travis/build/icyphy/ptII/ptolemy/actor/lib/test/auto/ArrayExtract.xml
----------------- Instantiating /home/travis/build/icyphy/ptII/ptolemy/actor/lib/test/auto/ArrayExtract.xml
8 ms. Memory: 263168K Free: 149049K (57%)
----------------- Invoking toplevel() on ptolemy.moml.MoMLSimpleApplication@24d0deae
----------------- Done invoking toplevel() on ptolemy.moml.MoMLSimpleApplication@24d0deae
reloadAllAccessors: .ArrayExtract

===========================================================================================
----------------- testing Fri Nov 29 06:26:03 UTC 2019 /home/travis/build/icyphy/ptII/ptolemy/actor/lib/test/auto/ArrayExtract2.xml
----------------- Instantiating /home/travis/build/icyphy/ptII/ptolemy/actor/lib/test/auto/ArrayExtract2.xml
2 ms. Memory: 263168K Free: 143419K (54%)
----------------- Invoking toplevel() on ptolemy.moml.MoMLSimpleApplication@6927faea
----------------- Done invoking toplevel() on ptolemy.moml.MoMLSimpleApplication@6927faea
reloadAllAccessors: .ArrayExtract2

===========================================================================================
----------------- testing Fri Nov 29 06:26:04 UTC 2019 /home/travis/build/icyphy/ptII/ptolemy/actor/lib/test/auto/ArrayLength.xml
----------------- Instantiating /home/travis/build/icyphy/ptII/ptolemy/actor/lib/test/auto/ArrayLength.xml
1 ms. Memory: 263168K Free: 139323K (53%)
----------------- Invoking toplevel() on ptolemy.moml.MoMLSimpleApplication@43bb4d8b
----------------- Done invoking toplevel() on ptolemy.moml.MoMLSimpleApplication@43bb4d8b
reloadAllAccessors: .ArrayLength

===========================================================================================
----------------- testing Fri Nov 29 06:26:04 UTC 2019 /home/travis/build/icyphy/ptII/ptolemy/actor/lib/test/auto/ArrayLevelCrossing.xml
----------------- Instantiating /home/travis/build/icyphy/ptII/ptolemy/actor/lib/test/auto/ArrayLevelCrossing.xml
4 ms. Memory: 263168K Free: 131641K (50%)
----------------- Invoking toplevel() on ptolemy.moml.MoMLSimpleApplication@a7fd315
----------------- Done invoking toplevel() on ptolemy.moml.MoMLSimpleApplication@a7fd315
reloadAllAccessors: .ArrayLevelCrossing

===========================================================================================
----------------- testing Fri Nov 29 06:26:04 UTC 2019 /home/travis/build/icyphy/ptII/ptolemy/actor/lib/test/auto/ArrayLevelCrossing2.xml
----------------- Instantiating /home/travis/build/icyphy/ptII/ptolemy/actor/lib/test/auto/ArrayLevelCrossing2.xml
3 ms. Memory: 263168K Free: 123963K (47%)
----------------- Invoking toplevel() on ptolemy.moml.MoMLSimpleApplication@1df72fc1
----------------- Done invoking toplevel() on ptolemy.moml.MoMLSimpleApplication@1df72fc1
reloadAllAccessors: .ArrayLevelCrossing2

===========================================================================================
----------------- testing Fri Nov 29 06:26:04 UTC 2019 /home/travis/build/icyphy/ptII/ptolemy/actor/lib/test/auto/ArrayPeakSearch.xml
----------------- Instantiating /home/travis/build/icyphy/ptII/ptolemy/actor/lib/test/auto/ArrayPeakSearch.xml
8 ms. Memory: 263168K Free: 115257K (44%)
----------------- Invoking toplevel() on ptolemy.moml.MoMLSimpleApplication@2b6f3ba5
----------------- Done invoking toplevel() on ptolemy.moml.MoMLSimpleApplication@2b6f3ba5
reloadAllAccessors: .ArrayPeakSearch

===========================================================================================
----------------- testing Fri Nov 29 06:26:04 UTC 2019 /home/travis/build/icyphy/ptII/ptolemy/actor/lib/test/auto/ArrayPeakSearch2.xml
----------------- Instantiating /home/travis/build/icyphy/ptII/ptolemy/actor/lib/test/auto/ArrayPeakSearch2.xml
7 ms. Memory: 263168K Free: 104507K (40%)
----------------- Invoking toplevel() on ptolemy.moml.MoMLSimpleApplication@117cc8f2
----------------- Done invoking toplevel() on ptolemy.moml.MoMLSimpleApplication@117cc8f2
reloadAllAccessors: .ArrayPeakSearch2

===========================================================================================
----------------- testing Fri Nov 29 06:26:04 UTC 2019 /home/travis/build/icyphy/ptII/ptolemy/actor/lib/test/auto/ArrayPeakSearch3.xml
----------------- Instantiating /home/travis/build/icyphy/ptII/ptolemy/actor/lib/test/auto/ArrayPeakSearch3.xml
6 ms. Memory: 263168K Free: 95801K (36%)
----------------- Invoking toplevel() on ptolemy.moml.MoMLSimpleApplication@709179ea
----------------- Done invoking toplevel() on ptolemy.moml.MoMLSimpleApplication@709179ea
reloadAllAccessors: .ArrayPeakSearch3

===========================================================================================
----------------- testing Fri Nov 29 06:26:04 UTC 2019 /home/travis/build/icyphy/ptII/ptolemy/actor/lib/test/auto/ArrayRemoveElement.xml
----------------- Instantiating /home/travis/build/icyphy/ptII/ptolemy/actor/lib/test/auto/ArrayRemoveElement.xml
3 ms. Memory: 263168K Free: 87609K (33%)
----------------- Invoking toplevel() on ptolemy.moml.MoMLSimpleApplication@2a326ab5
----------------- Done invoking toplevel() on ptolemy.moml.MoMLSimpleApplication@2a326ab5
reloadAllAccessors: .ArrayRemoveElement

===========================================================================================
----------------- testing Fri Nov 29 06:26:04 UTC 2019 /home/travis/build/icyphy/ptII/ptolemy/actor/lib/test/auto/ArraySort.xml
----------------- Instantiating /home/travis/build/icyphy/ptII/ptolemy/actor/lib/test/auto/ArraySort.xml
8 ms. Memory: 263168K Free: 78907K (30%)
----------------- Invoking toplevel() on ptolemy.moml.MoMLSimpleApplication@77100417
----------------- Done invoking toplevel() on ptolemy.moml.MoMLSimpleApplication@77100417
reloadAllAccessors: .ArraySort

===========================================================================================
----------------- testing Fri Nov 29 06:26:04 UTC 2019 /home/travis/build/icyphy/ptII/ptolemy/actor/lib/test/auto/ArraySum.xml
----------------- Instantiating /home/travis/build/icyphy/ptII/ptolemy/actor/lib/test/auto/ArraySum.xml
3 ms. Memory: 263168K Free: 73273K (28%)
----------------- Invoking toplevel() on ptolemy.moml.MoMLSimpleApplication@5ddee35f
----------------- Done invoking toplevel() on ptolemy.moml.MoMLSimpleApplication@5ddee35f
reloadAllAccessors: .ArraySum

===========================================================================================
----------------- testing Fri Nov 29 06:26:04 UTC 2019 /home/travis/build/icyphy/ptII/ptolemy/actor/lib/test/auto/ArrayToElements.xml
----------------- Instantiating /home/travis/build/icyphy/ptII/ptolemy/actor/lib/test/auto/ArrayToElements.xml
6 ms. Memory: 263168K Free: 68153K (26%)
----------------- Invoking toplevel() on ptolemy.moml.MoMLSimpleApplication@75facbdd
----------------- Done invoking toplevel() on ptolemy.moml.MoMLSimpleApplication@75facbdd
reloadAllAccessors: .ArrayToElements

===========================================================================================
----------------- testing Fri Nov 29 06:26:04 UTC 2019 /home/travis/build/icyphy/ptII/ptolemy/actor/lib/test/auto/ArrayToMatrix.xml
----------------- Instantiating /home/travis/build/icyphy/ptII/ptolemy/actor/lib/test/auto/ArrayToMatrix.xml
7 ms. Memory: 477184K Free: 422971K (89%)
----------------- Invoking toplevel() on ptolemy.moml.MoMLSimpleApplication@61aeb071
----------------- Done invoking toplevel() on ptolemy.moml.MoMLSimpleApplication@61aeb071
reloadAllAccessors: .ArrayToMatrix

===========================================================================================
----------------- testing Fri Nov 29 06:26:04 UTC 2019 /home/travis/build/icyphy/ptII/ptolemy/actor/lib/test/auto/ArrayUpdate1.xml
----------------- Instantiating /home/travis/build/icyphy/ptII/ptolemy/actor/lib/test/auto/ArrayUpdate1.xml
5 ms. Memory: 477184K Free: 417851K (88%)
----------------- Invoking toplevel() on ptolemy.moml.MoMLSimpleApplication@20bbe470
----------------- Done invoking toplevel() on ptolemy.moml.MoMLSimpleApplication@20bbe470
reloadAllAccessors: .ArrayUpdate1

===========================================================================================
----------------- testing Fri Nov 29 06:26:04 UTC 2019 /home/travis/build/icyphy/ptII/ptolemy/actor/lib/test/auto/ArrayUpdate2.xml
----------------- Instantiating /home/travis/build/icyphy/ptII/ptolemy/actor/lib/test/auto/ArrayUpdate2.xml
9 ms. Memory: 477184K Free: 411707K (86%)
----------------- Invoking toplevel() on ptolemy.moml.MoMLSimpleApplication@72bd186
----------------- Done invoking toplevel() on ptolemy.moml.MoMLSimpleApplication@72bd186
reloadAllAccessors: .ArrayUpdate2

===========================================================================================
----------------- testing Fri Nov 29 06:26:04 UTC 2019 /home/travis/build/icyphy/ptII/ptolemy/actor/lib/test/auto/ArrayUpdate3.xml
----------------- Instantiating /home/travis/build/icyphy/ptII/ptolemy/actor/lib/test/auto/ArrayUpdate3.xml
6 ms. Memory: 477184K Free: 406587K (85%)
----------------- Invoking toplevel() on ptolemy.moml.MoMLSimpleApplication@53f096e4
----------------- Done invoking toplevel() on ptolemy.moml.MoMLSimpleApplication@53f096e4
reloadAllAccessors: .ArrayUpdate3

===========================================================================================
----------------- testing Fri Nov 29 06:26:04 UTC 2019 /home/travis/build/icyphy/ptII/ptolemy/actor/lib/test/auto/Assert1.xml
----------------- Instantiating /home/travis/build/icyphy/ptII/ptolemy/actor/lib/test/auto/Assert1.xml
5 ms. Memory: 477184K Free: 402491K (84%)
----------------- Invoking toplevel() on ptolemy.moml.MoMLSimpleApplication@5db2a7d0
----------------- Done invoking toplevel() on ptolemy.moml.MoMLSimpleApplication@5db2a7d0
reloadAllAccessors: .Assert1

===========================================================================================
----------------- testing Fri Nov 29 06:26:04 UTC 2019 /home/travis/build/icyphy/ptII/ptolemy/actor/lib/test/auto/Assert2.xml
----------------- Instantiating /home/travis/build/icyphy/ptII/ptolemy/actor/lib/test/auto/Assert2.xml
12 ms. Memory: 477184K Free: 396857K (83%)
----------------- Invoking toplevel() on ptolemy.moml.MoMLSimpleApplication@18d71cd8
----------------- Done invoking toplevel() on ptolemy.moml.MoMLSimpleApplication@18d71cd8
reloadAllAccessors: .Assert2

===========================================================================================
----------------- testing Fri Nov 29 06:26:04 UTC 2019 /home/travis/build/icyphy/ptII/ptolemy/actor/lib/test/auto/BooleanMultiplexor.xml
----------------- Instantiating /home/travis/build/icyphy/ptII/ptolemy/actor/lib/test/auto/BooleanMultiplexor.xml
2 ms. Memory: 477184K Free: 391707K (82%)
----------------- Invoking toplevel() on ptolemy.moml.MoMLSimpleApplication@6c044d9e
----------------- Done invoking toplevel() on ptolemy.moml.MoMLSimpleApplication@6c044d9e
reloadAllAccessors: .BooleanMultiplexor

===========================================================================================
----------------- testing Fri Nov 29 06:26:04 UTC 2019 /home/travis/build/icyphy/ptII/ptolemy/actor/lib/test/auto/BooleanMultiplexor2.xml
----------------- Instantiating /home/travis/build/icyphy/ptII/ptolemy/actor/lib/test/auto/BooleanMultiplexor2.xml
4 ms. Memory: 477184K Free: 385083K (81%)
----------------- Invoking toplevel() on ptolemy.moml.MoMLSimpleApplication@3ed66a82
----------------- Done invoking toplevel() on ptolemy.moml.MoMLSimpleApplication@3ed66a82
reloadAllAccessors: .BooleanMultiplexor2

===========================================================================================
----------------- testing Fri Nov 29 06:26:04 UTC 2019 /home/travis/build/icyphy/ptII/ptolemy/actor/lib/test/auto/BooleanMultiplexor3.xml
----------------- Instantiating /home/travis/build/icyphy/ptII/ptolemy/actor/lib/test/auto/BooleanMultiplexor3.xml
2 ms. Memory: 477184K Free: 380987K (80%)
----------------- Invoking toplevel() on ptolemy.moml.MoMLSimpleApplication@29013c54
----------------- Done invoking toplevel() on ptolemy.moml.MoMLSimpleApplication@29013c54
reloadAllAccessors: .BooleanMultiplexor3

===========================================================================================
----------------- testing Fri Nov 29 06:26:04 UTC 2019 /home/travis/build/icyphy/ptII/ptolemy/actor/lib/test/auto/BooleanSelect.xml
----------------- Instantiating /home/travis/build/icyphy/ptII/ptolemy/actor/lib/test/auto/BooleanSelect.xml
4 ms. Memory: 477184K Free: 375323K (79%)
----------------- Invoking toplevel() on ptolemy.moml.MoMLSimpleApplication@709c66a9
----------------- Done invoking toplevel() on ptolemy.moml.MoMLSimpleApplication@709c66a9
reloadAllAccessors: .BooleanSelect

===========================================================================================
----------------- testing Fri Nov 29 06:26:04 UTC 2019 /home/travis/build/icyphy/ptII/ptolemy/actor/lib/test/auto/BooleanSelect2.xml
----------------- Instantiating /home/travis/build/icyphy/ptII/ptolemy/actor/lib/test/auto/BooleanSelect2.xml
2 ms. Memory: 477184K Free: 370747K (78%)
----------------- Invoking toplevel() on ptolemy.moml.MoMLSimpleApplication@17277f64
----------------- Done invoking toplevel() on ptolemy.moml.MoMLSimpleApplication@17277f64
reloadAllAccessors: .BooleanSelect2

===========================================================================================
----------------- testing Fri Nov 29 06:26:04 UTC 2019 /home/travis/build/icyphy/ptII/ptolemy/actor/lib/test/auto/BooleanSwitch.xml
----------------- Instantiating /home/travis/build/icyphy/ptII/ptolemy/actor/lib/test/auto/BooleanSwitch.xml
7 ms. Memory: 477184K Free: 364603K (76%)
----------------- Invoking toplevel() on ptolemy.moml.MoMLSimpleApplication@6c6ed702
----------------- Done invoking toplevel() on ptolemy.moml.MoMLSimpleApplication@6c6ed702
reloadAllAccessors: .BooleanSwitch

===========================================================================================
----------------- testing Fri Nov 29 06:26:04 UTC 2019 /home/travis/build/icyphy/ptII/ptolemy/actor/lib/test/auto/BooleanSwitch2.xml
----------------- Instantiating /home/travis/build/icyphy/ptII/ptolemy/actor/lib/test/auto/BooleanSwitch2.xml
1 ms. Memory: 477184K Free: 359993K (75%)
----------------- Invoking toplevel() on ptolemy.moml.MoMLSimpleApplication@40f15fcd
----------------- Done invoking toplevel() on ptolemy.moml.MoMLSimpleApplication@40f15fcd
reloadAllAccessors: .BooleanSwitch2

===========================================================================================
----------------- testing Fri Nov 29 06:26:04 UTC 2019 /home/travis/build/icyphy/ptII/ptolemy/actor/lib/test/auto/BooleanSwitchCloningBugWithClassRelationGroup.xml
----------------- Instantiating /home/travis/build/icyphy/ptII/ptolemy/actor/lib/test/auto/BooleanSwitchCloningBugWithClassRelationGroup.xml
3 ms. Memory: 477184K Free: 354363K (74%)
----------------- Invoking toplevel() on ptolemy.moml.MoMLSimpleApplication@ab84901
----------------- Done invoking toplevel() on ptolemy.moml.MoMLSimpleApplication@ab84901
reloadAllAccessors: .BooleanSwitchCloningBugWithClassRelationGroup

===========================================================================================
----------------- testing Fri Nov 29 06:26:04 UTC 2019 /home/travis/build/icyphy/ptII/ptolemy/actor/lib/test/auto/BusActors.xml
----------------- Instantiating /home/travis/build/icyphy/ptII/ptolemy/actor/lib/test/auto/BusActors.xml
7 ms. Memory: 477184K Free: 346171K (73%)
----------------- Invoking toplevel() on ptolemy.moml.MoMLSimpleApplication@3c5d8e1a
----------------- Done invoking toplevel() on ptolemy.moml.MoMLSimpleApplication@3c5d8e1a
reloadAllAccessors: .BusActors

===========================================================================================
----------------- testing Fri Nov 29 06:26:04 UTC 2019 /home/travis/build/icyphy/ptII/ptolemy/actor/lib/test/auto/ClassWrapper.xml
----------------- Instantiating /home/travis/build/icyphy/ptII/ptolemy/actor/lib/test/auto/ClassWrapper.xml
4 ms. Memory: 477184K Free: 342075K (72%)
----------------- Invoking toplevel() on ptolemy.moml.MoMLSimpleApplication@520c7e48
----------------- Done invoking toplevel() on ptolemy.moml.MoMLSimpleApplication@520c7e48
reloadAllAccessors: .ClassWrapper

===========================================================================================
----------------- testing Fri Nov 29 06:26:04 UTC 2019 /home/travis/build/icyphy/ptII/ptolemy/actor/lib/test/auto/Clock.xml
----------------- Instantiating /home/travis/build/icyphy/ptII/ptolemy/actor/lib/test/auto/Clock.xml
12 ms. Memory: 477184K Free: 337979K (71%)
----------------- Invoking toplevel() on ptolemy.moml.MoMLSimpleApplication@68ad9d35
----------------- Done invoking toplevel() on ptolemy.moml.MoMLSimpleApplication@68ad9d35
reloadAllAccessors: .Clock

===========================================================================================
----------------- testing Fri Nov 29 06:26:04 UTC 2019 /home/travis/build/icyphy/ptII/ptolemy/actor/lib/test/auto/Clock10.xml
----------------- Instantiating /home/travis/build/icyphy/ptII/ptolemy/actor/lib/test/auto/Clock10.xml
7 ms. Memory: 477184K Free: 332345K (70%)
----------------- Invoking toplevel() on ptolemy.moml.MoMLSimpleApplication@320cb33e
----------------- Done invoking toplevel() on ptolemy.moml.MoMLSimpleApplication@320cb33e
reloadAllAccessors: .Clock10

===========================================================================================
----------------- testing Fri Nov 29 06:26:04 UTC 2019 /home/travis/build/icyphy/ptII/ptolemy/actor/lib/test/auto/Clock11.xml
----------------- Instantiating /home/travis/build/icyphy/ptII/ptolemy/actor/lib/test/auto/Clock11.xml
5 ms. Memory: 477184K Free: 326201K (68%)
----------------- Invoking toplevel() on ptolemy.moml.MoMLSimpleApplication@705880b7
----------------- Done invoking toplevel() on ptolemy.moml.MoMLSimpleApplication@705880b7
reloadAllAccessors: .Clock11

===========================================================================================
----------------- testing Fri Nov 29 06:26:04 UTC 2019 /home/travis/build/icyphy/ptII/ptolemy/actor/lib/test/auto/Clock12.xml
----------------- Instantiating /home/travis/build/icyphy/ptII/ptolemy/actor/lib/test/auto/Clock12.xml
5 ms. Memory: 477184K Free: 320571K (67%)
----------------- Invoking toplevel() on ptolemy.moml.MoMLSimpleApplication@1cba0565
----------------- Done invoking toplevel() on ptolemy.moml.MoMLSimpleApplication@1cba0565
reloadAllAccessors: .Clock12

===========================================================================================
----------------- testing Fri Nov 29 06:26:04 UTC 2019 /home/travis/build/icyphy/ptII/ptolemy/actor/lib/test/auto/Clock13.xml
----------------- Instantiating /home/travis/build/icyphy/ptII/ptolemy/actor/lib/test/auto/Clock13.xml
10 ms. Memory: 477184K Free: 314427K (66%)
----------------- Invoking toplevel() on ptolemy.moml.MoMLSimpleApplication@17e15690
----------------- Done invoking toplevel() on ptolemy.moml.MoMLSimpleApplication@17e15690
reloadAllAccessors: .Clock13

===========================================================================================
----------------- testing Fri Nov 29 06:26:04 UTC 2019 /home/travis/build/icyphy/ptII/ptolemy/actor/lib/test/auto/Clock14.xml
----------------- Instantiating /home/travis/build/icyphy/ptII/ptolemy/actor/lib/test/auto/Clock14.xml
6 ms. Memory: 477184K Free: 308787K (65%)
----------------- Invoking toplevel() on ptolemy.moml.MoMLSimpleApplication@180088ac
----------------- Done invoking toplevel() on ptolemy.moml.MoMLSimpleApplication@180088ac
reloadAllAccessors: .Clock14

===========================================================================================
----------------- testing Fri Nov 29 06:26:04 UTC 2019 /home/travis/build/icyphy/ptII/ptolemy/actor/lib/test/auto/Clock15.xml
----------------- Instantiating /home/travis/build/icyphy/ptII/ptolemy/actor/lib/test/auto/Clock15.xml
5 ms. Memory: 477184K Free: 302619K (63%)
----------------- Invoking toplevel() on ptolemy.moml.MoMLSimpleApplication@6834f9da
----------------- Done invoking toplevel() on ptolemy.moml.MoMLSimpleApplication@6834f9da
reloadAllAccessors: .Clock15

===========================================================================================
----------------- testing Fri Nov 29 06:26:05 UTC 2019 /home/travis/build/icyphy/ptII/ptolemy/actor/lib/test/auto/Clock16.xml
----------------- Instantiating /home/travis/build/icyphy/ptII/ptolemy/actor/lib/test/auto/Clock16.xml
41 ms. Memory: 477184K Free: 287771K (60%)
----------------- Invoking toplevel() on ptolemy.moml.MoMLSimpleApplication@1acc7c81
----------------- Done invoking toplevel() on ptolemy.moml.MoMLSimpleApplication@1acc7c81
reloadAllAccessors: .Clock16

===========================================================================================
----------------- testing Fri Nov 29 06:26:05 UTC 2019 /home/travis/build/icyphy/ptII/ptolemy/actor/lib/test/auto/Clock17.xml
----------------- Instantiating /home/travis/build/icyphy/ptII/ptolemy/actor/lib/test/auto/Clock17.xml
17 ms. Memory: 477184K Free: 273963K (57%)
----------------- Invoking toplevel() on ptolemy.moml.MoMLSimpleApplication@68abe558
----------------- Done invoking toplevel() on ptolemy.moml.MoMLSimpleApplication@68abe558
reloadAllAccessors: .Clock17

===========================================================================================
----------------- testing Fri Nov 29 06:26:05 UTC 2019 /home/travis/build/icyphy/ptII/ptolemy/actor/lib/test/auto/Clock18.xml
----------------- Instantiating /home/travis/build/icyphy/ptII/ptolemy/actor/lib/test/auto/Clock18.xml
28 ms. Memory: 477184K Free: 260651K (55%)
----------------- Invoking toplevel() on ptolemy.moml.MoMLSimpleApplication@28343b27
----------------- Done invoking toplevel() on ptolemy.moml.MoMLSimpleApplication@28343b27
reloadAllAccessors: .Clock18

===========================================================================================
----------------- testing Fri Nov 29 06:26:05 UTC 2019 /home/travis/build/icyphy/ptII/ptolemy/actor/lib/test/auto/Clock19.xml
----------------- Instantiating /home/travis/build/icyphy/ptII/ptolemy/actor/lib/test/auto/Clock19.xml
15 ms. Memory: 477184K Free: 247867K (52%)
----------------- Invoking toplevel() on ptolemy.moml.MoMLSimpleApplication@5d9f3edc
----------------- Done invoking toplevel() on ptolemy.moml.MoMLSimpleApplication@5d9f3edc
reloadAllAccessors: .Clock19

===========================================================================================
----------------- testing Fri Nov 29 06:26:05 UTC 2019 /home/travis/build/icyphy/ptII/ptolemy/actor/lib/test/auto/Clock2.xml
----------------- Instantiating /home/travis/build/icyphy/ptII/ptolemy/actor/lib/test/auto/Clock2.xml
8 ms. Memory: 477184K Free: 243251K (51%)
----------------- Invoking toplevel() on ptolemy.moml.MoMLSimpleApplication@481172f7
----------------- Done invoking toplevel() on ptolemy.moml.MoMLSimpleApplication@481172f7
reloadAllAccessors: .Clock2

===========================================================================================
----------------- testing Fri Nov 29 06:26:05 UTC 2019 /home/travis/build/icyphy/ptII/ptolemy/actor/lib/test/auto/Clock20.xml
----------------- Instantiating /home/travis/build/icyphy/ptII/ptolemy/actor/lib/test/auto/Clock20.xml
9 ms. Memory: 477184K Free: 237627K (50%)
----------------- Invoking toplevel() on ptolemy.moml.MoMLSimpleApplication@3b75d133
----------------- Done invoking toplevel() on ptolemy.moml.MoMLSimpleApplication@3b75d133
reloadAllAccessors: .Clock20

===========================================================================================
----------------- testing Fri Nov 29 06:26:05 UTC 2019 /home/travis/build/icyphy/ptII/ptolemy/actor/lib/test/auto/Clock21.xml
----------------- Instantiating /home/travis/build/icyphy/ptII/ptolemy/actor/lib/test/auto/Clock21.xml
8 ms. Memory: 477184K Free: 232507K (49%)
----------------- Invoking toplevel() on ptolemy.moml.MoMLSimpleApplication@7e7af899
----------------- Done invoking toplevel() on ptolemy.moml.MoMLSimpleApplication@7e7af899
reloadAllAccessors: .Clock21

===========================================================================================
----------------- testing Fri Nov 29 06:26:05 UTC 2019 /home/travis/build/icyphy/ptII/ptolemy/actor/lib/test/auto/Clock22.xml
----------------- Instantiating /home/travis/build/icyphy/ptII/ptolemy/actor/lib/test/auto/Clock22.xml
5 ms. Memory: 477184K Free: 226873K (48%)
----------------- Invoking toplevel() on ptolemy.moml.MoMLSimpleApplication@eca3bd
----------------- Done invoking toplevel() on ptolemy.moml.MoMLSimpleApplication@eca3bd
reloadAllAccessors: .Clock22

===========================================================================================
----------------- testing Fri Nov 29 06:26:05 UTC 2019 /home/travis/build/icyphy/ptII/ptolemy/actor/lib/test/auto/Clock23.xml
----------------- Instantiating /home/travis/build/icyphy/ptII/ptolemy/actor/lib/test/auto/Clock23.xml
6 ms. Memory: 477184K Free: 221753K (46%)
----------------- Invoking toplevel() on ptolemy.moml.MoMLSimpleApplication@33894a71
----------------- Done invoking toplevel() on ptolemy.moml.MoMLSimpleApplication@33894a71
reloadAllAccessors: .Clock23

===========================================================================================
----------------- testing Fri Nov 29 06:26:05 UTC 2019 /home/travis/build/icyphy/ptII/ptolemy/actor/lib/test/auto/Clock24.xml
----------------- Instantiating /home/travis/build/icyphy/ptII/ptolemy/actor/lib/test/auto/Clock24.xml
7 ms. Memory: 477184K Free: 216123K (45%)
----------------- Invoking toplevel() on ptolemy.moml.MoMLSimpleApplication@5db657e7
----------------- Done invoking toplevel() on ptolemy.moml.MoMLSimpleApplication@5db657e7
reloadAllAccessors: .Clock24

===========================================================================================
----------------- testing Fri Nov 29 06:26:05 UTC 2019 /home/travis/build/icyphy/ptII/ptolemy/actor/lib/test/auto/Clock4.xml
----------------- Instantiating /home/travis/build/icyphy/ptII/ptolemy/actor/lib/test/auto/Clock4.xml
2 ms. Memory: 477184K Free: 211483K (44%)
----------------- Invoking toplevel() on ptolemy.moml.MoMLSimpleApplication@5070e156
----------------- Done invoking toplevel() on ptolemy.moml.MoMLSimpleApplication@5070e156
reloadAllAccessors: .Clock4

===========================================================================================
----------------- testing Fri Nov 29 06:26:05 UTC 2019 /home/travis/build/icyphy/ptII/ptolemy/actor/lib/test/auto/Clock5.xml
----------------- Instantiating /home/travis/build/icyphy/ptII/ptolemy/actor/lib/test/auto/Clock5.xml
2 ms. Memory: 477184K Free: 425124K (89%)
----------------- Invoking toplevel() on ptolemy.moml.MoMLSimpleApplication@5eff7922
----------------- Done invoking toplevel() on ptolemy.moml.MoMLSimpleApplication@5eff7922
reloadAllAccessors: .Clock5

===========================================================================================
----------------- testing Fri Nov 29 06:26:05 UTC 2019 /home/travis/build/icyphy/ptII/ptolemy/actor/lib/test/auto/Clock6.xml
----------------- Instantiating /home/travis/build/icyphy/ptII/ptolemy/actor/lib/test/auto/Clock6.xml
1 ms. Memory: 477184K Free: 420514K (88%)
----------------- Invoking toplevel() on ptolemy.moml.MoMLSimpleApplication@31e7df14
----------------- Done invoking toplevel() on ptolemy.moml.MoMLSimpleApplication@31e7df14
reloadAllAccessors: .Clock6

===========================================================================================
----------------- testing Fri Nov 29 06:26:05 UTC 2019 /home/travis/build/icyphy/ptII/ptolemy/actor/lib/test/auto/Clock7.xml
----------------- Instantiating /home/travis/build/icyphy/ptII/ptolemy/actor/lib/test/auto/Clock7.xml
3 ms. Memory: 477184K Free: 416418K (87%)
----------------- Invoking toplevel() on ptolemy.moml.MoMLSimpleApplication@65f7962c
----------------- Done invoking toplevel() on ptolemy.moml.MoMLSimpleApplication@65f7962c
reloadAllAccessors: .Clock7

===========================================================================================
----------------- testing Fri Nov 29 06:26:05 UTC 2019 /home/travis/build/icyphy/ptII/ptolemy/actor/lib/test/auto/Clock8.xml
----------------- Instantiating /home/travis/build/icyphy/ptII/ptolemy/actor/lib/test/auto/Clock8.xml
6 ms. Memory: 477184K Free: 410788K (86%)
----------------- Invoking toplevel() on ptolemy.moml.MoMLSimpleApplication@7ff8bc47
----------------- Done invoking toplevel() on ptolemy.moml.MoMLSimpleApplication@7ff8bc47
reloadAllAccessors: .Clock8

===========================================================================================
----------------- testing Fri Nov 29 06:26:05 UTC 2019 /home/travis/build/icyphy/ptII/ptolemy/actor/lib/test/auto/Clock9.xml
----------------- Instantiating /home/travis/build/icyphy/ptII/ptolemy/actor/lib/test/auto/Clock9.xml
5 ms. Memory: 477184K Free: 405668K (85%)
----------------- Invoking toplevel() on ptolemy.moml.MoMLSimpleApplication@9104253
----------------- Done invoking toplevel() on ptolemy.moml.MoMLSimpleApplication@9104253
reloadAllAccessors: .Clock9

===========================================================================================
----------------- testing Fri Nov 29 06:26:05 UTC 2019 /home/travis/build/icyphy/ptII/ptolemy/actor/lib/test/auto/CommDistDiscard.xml
----------------- Instantiating /home/travis/build/icyphy/ptII/ptolemy/actor/lib/test/auto/CommDistDiscard.xml
4 ms. Memory: 477184K Free: 400034K (84%)
----------------- Invoking toplevel() on ptolemy.moml.MoMLSimpleApplication@55ab9ad5
----------------- Done invoking toplevel() on ptolemy.moml.MoMLSimpleApplication@55ab9ad5
reloadAllAccessors: .CommDistDiscard

===========================================================================================
----------------- testing Fri Nov 29 06:26:05 UTC 2019 /home/travis/build/icyphy/ptII/ptolemy/actor/lib/test/auto/Commutator.xml
----------------- Instantiating /home/travis/build/icyphy/ptII/ptolemy/actor/lib/test/auto/Commutator.xml
1 ms. Memory: 477184K Free: 395428K (83%)
----------------- Invoking toplevel() on ptolemy.moml.MoMLSimpleApplication@7e07b4db
----------------- Done invoking toplevel() on ptolemy.moml.MoMLSimpleApplication@7e07b4db
reloadAllAccessors: .Commutator

===========================================================================================
----------------- testing Fri Nov 29 06:26:05 UTC 2019 /home/travis/build/icyphy/ptII/ptolemy/actor/lib/test/auto/Commutator2.xml
----------------- Instantiating /home/travis/build/icyphy/ptII/ptolemy/actor/lib/test/auto/Commutator2.xml
2 ms. Memory: 477184K Free: 391332K (82%)
----------------- Invoking toplevel() on ptolemy.moml.MoMLSimpleApplication@3937fc54
----------------- Done invoking toplevel() on ptolemy.moml.MoMLSimpleApplication@3937fc54
reloadAllAccessors: .Commutator2

===========================================================================================
----------------- testing Fri Nov 29 06:26:05 UTC 2019 /home/travis/build/icyphy/ptII/ptolemy/actor/lib/test/auto/Commutator3.xml
----------------- Instantiating /home/travis/build/icyphy/ptII/ptolemy/actor/lib/test/auto/Commutator3.xml
2 ms. Memory: 477184K Free: 386722K (81%)
----------------- Invoking toplevel() on ptolemy.moml.MoMLSimpleApplication@2abec0a5
----------------- Done invoking toplevel() on ptolemy.moml.MoMLSimpleApplication@2abec0a5
reloadAllAccessors: .Commutator3

===========================================================================================
----------------- testing Fri Nov 29 06:26:05 UTC 2019 /home/travis/build/icyphy/ptII/ptolemy/actor/lib/test/auto/Compare.xml
----------------- Instantiating /home/travis/build/icyphy/ptII/ptolemy/actor/lib/test/auto/Compare.xml
2 ms. Memory: 477184K Free: 380578K (80%)
----------------- Invoking toplevel() on ptolemy.moml.MoMLSimpleApplication@56e9f4fb
----------------- Done invoking toplevel() on ptolemy.moml.MoMLSimpleApplication@56e9f4fb
reloadAllAccessors: .Compare

===========================================================================================
----------------- testing Fri Nov 29 06:26:05 UTC 2019 /home/travis/build/icyphy/ptII/ptolemy/actor/lib/test/auto/CompareDE.xml
----------------- Instantiating /home/travis/build/icyphy/ptII/ptolemy/actor/lib/test/auto/CompareDE.xml
5 ms. Memory: 477184K Free: 373396K (78%)
----------------- Invoking toplevel() on ptolemy.moml.MoMLSimpleApplication@77c806ef
----------------- Done invoking toplevel() on ptolemy.moml.MoMLSimpleApplication@77c806ef
reloadAllAccessors: .CompareDE

===========================================================================================
----------------- testing Fri Nov 29 06:26:05 UTC 2019 /home/travis/build/icyphy/ptII/ptolemy/actor/lib/test/auto/ComplexDivide.xml
----------------- Instantiating /home/travis/build/icyphy/ptII/ptolemy/actor/lib/test/auto/ComplexDivide.xml
1 ms. Memory: 477184K Free: 369314K (77%)
----------------- Invoking toplevel() on ptolemy.moml.MoMLSimpleApplication@668e4a27
----------------- Done invoking toplevel() on ptolemy.moml.MoMLSimpleApplication@668e4a27
reloadAllAccessors: .ComplexDivide

===========================================================================================
----------------- testing Fri Nov 29 06:26:05 UTC 2019 /home/travis/build/icyphy/ptII/ptolemy/actor/lib/test/auto/ComputeHistogram.xml
----------------- Instantiating /home/travis/build/icyphy/ptII/ptolemy/actor/lib/test/auto/ComputeHistogram.xml
35 ms. Memory: 477184K Free: 357026K (75%)
----------------- Invoking toplevel() on ptolemy.moml.MoMLSimpleApplication@ed31d4e
----------------- Done invoking toplevel() on ptolemy.moml.MoMLSimpleApplication@ed31d4e
reloadAllAccessors: .ComputeHistogram

===========================================================================================
----------------- testing Fri Nov 29 06:26:05 UTC 2019 /home/travis/build/icyphy/ptII/ptolemy/actor/lib/test/auto/ConfigurationSelect.xml
----------------- Instantiating /home/travis/build/icyphy/ptII/ptolemy/actor/lib/test/auto/ConfigurationSelect.xml
10 ms. Memory: 477184K Free: 351396K (74%)
----------------- Invoking toplevel() on ptolemy.moml.MoMLSimpleApplication@556d6cd4
----------------- Done invoking toplevel() on ptolemy.moml.MoMLSimpleApplication@556d6cd4
reloadAllAccessors: .ConfigurationSelect

===========================================================================================
----------------- testing Fri Nov 29 06:26:05 UTC 2019 /home/travis/build/icyphy/ptII/ptolemy/actor/lib/test/auto/ConfigurationSelect2.xml
----------------- Instantiating /home/travis/build/icyphy/ptII/ptolemy/actor/lib/test/auto/ConfigurationSelect2.xml
2 ms. Memory: 477184K Free: 346786K (73%)
----------------- Invoking toplevel() on ptolemy.moml.MoMLSimpleApplication@fbb1bf6
----------------- Done invoking toplevel() on ptolemy.moml.MoMLSimpleApplication@fbb1bf6
reloadAllAccessors: .ConfigurationSelect2

===========================================================================================
----------------- testing Fri Nov 29 06:26:05 UTC 2019 /home/travis/build/icyphy/ptII/ptolemy/actor/lib/test/auto/ConfigurationSwitch.xml
----------------- Instantiating /home/travis/build/icyphy/ptII/ptolemy/actor/lib/test/auto/ConfigurationSwitch.xml
10 ms. Memory: 477184K Free: 341666K (72%)
----------------- Invoking toplevel() on ptolemy.moml.MoMLSimpleApplication@61c653c8
----------------- Done invoking toplevel() on ptolemy.moml.MoMLSimpleApplication@61c653c8
reloadAllAccessors: .ConfigurationSwitch

===========================================================================================
----------------- testing Fri Nov 29 06:26:05 UTC 2019 /home/travis/build/icyphy/ptII/ptolemy/actor/lib/test/auto/ConfigurationSwitch2.xml
----------------- Instantiating /home/travis/build/icyphy/ptII/ptolemy/actor/lib/test/auto/ConfigurationSwitch2.xml
3 ms. Memory: 477184K Free: 336036K (70%)
----------------- Invoking toplevel() on ptolemy.moml.MoMLSimpleApplication@4d5912fc
----------------- Done invoking toplevel() on ptolemy.moml.MoMLSimpleApplication@4d5912fc
reloadAllAccessors: .ConfigurationSwitch2

===========================================================================================
----------------- testing Fri Nov 29 06:26:05 UTC 2019 /home/travis/build/icyphy/ptII/ptolemy/actor/lib/test/auto/ConfigurationSwitchCloningBugWithClassRelationGroup.xml
----------------- Instantiating /home/travis/build/icyphy/ptII/ptolemy/actor/lib/test/auto/ConfigurationSwitchCloningBugWithClassRelationGroup.xml
2 ms. Memory: 477184K Free: 329892K (69%)
----------------- Invoking toplevel() on ptolemy.moml.MoMLSimpleApplication@6f8b1547
----------------- Done invoking toplevel() on ptolemy.moml.MoMLSimpleApplication@6f8b1547
reloadAllAccessors: .ConfigurationSwitchCloningBugWithClassRelationGroup

===========================================================================================
----------------- testing Fri Nov 29 06:26:05 UTC 2019 /home/travis/build/icyphy/ptII/ptolemy/actor/lib/test/auto/ConfigurationSwitchSelectSDF.xml
----------------- Instantiating /home/travis/build/icyphy/ptII/ptolemy/actor/lib/test/auto/ConfigurationSwitchSelectSDF.xml
3 ms. Memory: 477184K Free: 324258K (68%)
----------------- Invoking toplevel() on ptolemy.moml.MoMLSimpleApplication@39e02e37
----------------- Done invoking toplevel() on ptolemy.moml.MoMLSimpleApplication@39e02e37
reloadAllAccessors: .ConfigurationSwitchSelectSDF

===========================================================================================
----------------- testing Fri Nov 29 06:26:05 UTC 2019 /home/travis/build/icyphy/ptII/ptolemy/actor/lib/test/auto/ConfigurationSwitchSelectSDF2.xml
----------------- Instantiating /home/travis/build/icyphy/ptII/ptolemy/actor/lib/test/auto/ConfigurationSwitchSelectSDF2.xml
3 ms. Memory: 477184K Free: 318114K (67%)
----------------- Invoking toplevel() on ptolemy.moml.MoMLSimpleApplication@1ac9b0c3
----------------- Done invoking toplevel() on ptolemy.moml.MoMLSimpleApplication@1ac9b0c3
reloadAllAccessors: .ConfigurationSwitchSelectSDF2

===========================================================================================
----------------- testing Fri Nov 29 06:26:05 UTC 2019 /home/travis/build/icyphy/ptII/ptolemy/actor/lib/test/auto/Const.xml
----------------- Instantiating /home/travis/build/icyphy/ptII/ptolemy/actor/lib/test/auto/Const.xml
1 ms. Memory: 477184K Free: 315042K (66%)
----------------- Invoking toplevel() on ptolemy.moml.MoMLSimpleApplication@6c68c8d9
----------------- Done invoking toplevel() on ptolemy.moml.MoMLSimpleApplication@6c68c8d9
reloadAllAccessors: .Const

===========================================================================================
----------------- testing Fri Nov 29 06:26:05 UTC 2019 /home/travis/build/icyphy/ptII/ptolemy/actor/lib/test/auto/Const2.xml
----------------- Instantiating /home/travis/build/icyphy/ptII/ptolemy/actor/lib/test/auto/Const2.xml
1 ms. Memory: 477184K Free: 310946K (65%)
----------------- Invoking toplevel() on ptolemy.moml.MoMLSimpleApplication@7971098b
----------------- Done invoking toplevel() on ptolemy.moml.MoMLSimpleApplication@7971098b
reloadAllAccessors: .Const2

===========================================================================================
----------------- testing Fri Nov 29 06:26:06 UTC 2019 /home/travis/build/icyphy/ptII/ptolemy/actor/lib/test/auto/Const3.xml
----------------- Instantiating /home/travis/build/icyphy/ptII/ptolemy/actor/lib/test/auto/Const3.xml
1 ms. Memory: 477184K Free: 307874K (65%)
----------------- Invoking toplevel() on ptolemy.moml.MoMLSimpleApplication@6e9fcd03
----------------- Done invoking toplevel() on ptolemy.moml.MoMLSimpleApplication@6e9fcd03
reloadAllAccessors: .Const3

===========================================================================================
----------------- testing Fri Nov 29 06:26:06 UTC 2019 /home/travis/build/icyphy/ptII/ptolemy/actor/lib/test/auto/ConstantPublisherPort1.xml
----------------- Instantiating /home/travis/build/icyphy/ptII/ptolemy/actor/lib/test/auto/ConstantPublisherPort1.xml
6 ms. Memory: 477184K Free: 299172K (63%)
----------------- Invoking toplevel() on ptolemy.moml.MoMLSimpleApplication@78fcc6dd
----------------- Done invoking toplevel() on ptolemy.moml.MoMLSimpleApplication@78fcc6dd
reloadAllAccessors: .ConstantPublisherPort1

===========================================================================================
----------------- testing Fri Nov 29 06:26:06 UTC 2019 /home/travis/build/icyphy/ptII/ptolemy/actor/lib/test/auto/ConstantPublisherPort2.xml
----------------- Instantiating /home/travis/build/icyphy/ptII/ptolemy/actor/lib/test/auto/ConstantPublisherPort2.xml
11 ms. Memory: 477184K Free: 291490K (61%)
----------------- Invoking toplevel() on ptolemy.moml.MoMLSimpleApplication@e6af49e
----------------- Done invoking toplevel() on ptolemy.moml.MoMLSimpleApplication@e6af49e
reloadAllAccessors: .ConstantPublisherPort2

===========================================================================================
----------------- testing Fri Nov 29 06:26:06 UTC 2019 /home/travis/build/icyphy/ptII/ptolemy/actor/lib/test/auto/ConstantPublisherPort3.xml
----------------- Instantiating /home/travis/build/icyphy/ptII/ptolemy/actor/lib/test/auto/ConstantPublisherPort3.xml
4 ms. Memory: 477184K Free: 283812K (59%)
----------------- Invoking toplevel() on ptolemy.moml.MoMLSimpleApplication@1f451dd
----------------- Done invoking toplevel() on ptolemy.moml.MoMLSimpleApplication@1f451dd
reloadAllAccessors: .ConstantPublisherPort3

===========================================================================================
----------------- testing Fri Nov 29 06:26:06 UTC 2019 /home/travis/build/icyphy/ptII/ptolemy/actor/lib/test/auto/ConstantPublisherPort4.xml
----------------- Instantiating /home/travis/build/icyphy/ptII/ptolemy/actor/lib/test/auto/ConstantPublisherPort4.xml
3 ms. Memory: 477184K Free: 277154K (58%)
----------------- Invoking toplevel() on ptolemy.moml.MoMLSimpleApplication@6d6770c6
----------------- Done invoking toplevel() on ptolemy.moml.MoMLSimpleApplication@6d6770c6
reloadAllAccessors: .ConstantPublisherPort4

===========================================================================================
----------------- testing Fri Nov 29 06:26:06 UTC 2019 /home/travis/build/icyphy/ptII/ptolemy/actor/lib/test/auto/ConstantPublisherPort5.xml
----------------- Instantiating /home/travis/build/icyphy/ptII/ptolemy/actor/lib/test/auto/ConstantPublisherPort5.xml
27 ms. Memory: 477184K Free: 267428K (56%)
----------------- Invoking toplevel() on ptolemy.moml.MoMLSimpleApplication@30e95c3f
----------------- Done invoking toplevel() on ptolemy.moml.MoMLSimpleApplication@30e95c3f
reloadAllAccessors: .ConstantPublisherPort5

===========================================================================================
----------------- testing Fri Nov 29 06:26:06 UTC 2019 /home/travis/build/icyphy/ptII/ptolemy/actor/lib/test/auto/ConstantPublisherPort6.xml
----------------- Instantiating /home/travis/build/icyphy/ptII/ptolemy/actor/lib/test/auto/ConstantPublisherPort6.xml
13 ms. Memory: 477184K Free: 258722K (54%)
----------------- Invoking toplevel() on ptolemy.moml.MoMLSimpleApplication@8ab1342
----------------- Done invoking toplevel() on ptolemy.moml.MoMLSimpleApplication@8ab1342
reloadAllAccessors: .ConstantPublisherPort6

===========================================================================================
----------------- testing Fri Nov 29 06:26:06 UTC 2019 /home/travis/build/icyphy/ptII/ptolemy/actor/lib/test/auto/ConstantPublisherPort7.xml
----------------- Instantiating /home/travis/build/icyphy/ptII/ptolemy/actor/lib/test/auto/ConstantPublisherPort7.xml
14 ms. Memory: 477184K Free: 249506K (52%)
----------------- Invoking toplevel() on ptolemy.moml.MoMLSimpleApplication@516e6455
----------------- Done invoking toplevel() on ptolemy.moml.MoMLSimpleApplication@516e6455
reloadAllAccessors: .ConstantPublisherPort7

===========================================================================================
----------------- testing Fri Nov 29 06:26:06 UTC 2019 /home/travis/build/icyphy/ptII/ptolemy/actor/lib/test/auto/ConstraintMonitor1.xml
----------------- Instantiating /home/travis/build/icyphy/ptII/ptolemy/actor/lib/test/auto/ConstraintMonitor1.xml
3 ms. Memory: 477184K Free: 244386K (51%)
----------------- Invoking toplevel() on ptolemy.moml.MoMLSimpleApplication@5b219e95
----------------- Done invoking toplevel() on ptolemy.moml.MoMLSimpleApplication@5b219e95
reloadAllAccessors: .ConstraintMonitor1

===========================================================================================
----------------- testing Fri Nov 29 06:26:06 UTC 2019 /home/travis/build/icyphy/ptII/ptolemy/actor/lib/test/auto/ConstraintMonitor2.xml
----------------- Instantiating /home/travis/build/icyphy/ptII/ptolemy/actor/lib/test/auto/ConstraintMonitor2.xml
2 ms. Memory: 477184K Free: 240290K (50%)
----------------- Invoking toplevel() on ptolemy.moml.MoMLSimpleApplication@46209f59
----------------- Done invoking toplevel() on ptolemy.moml.MoMLSimpleApplication@46209f59
reloadAllAccessors: .ConstraintMonitor2

===========================================================================================
----------------- testing Fri Nov 29 06:26:06 UTC 2019 /home/travis/build/icyphy/ptII/ptolemy/actor/lib/test/auto/ConstraintMonitor3.xml
----------------- Instantiating /home/travis/build/icyphy/ptII/ptolemy/actor/lib/test/auto/ConstraintMonitor3.xml
8 ms. Memory: 477184K Free: 235170K (49%)
----------------- Invoking toplevel() on ptolemy.moml.MoMLSimpleApplication@45db8be4
----------------- Done invoking toplevel() on ptolemy.moml.MoMLSimpleApplication@45db8be4
reloadAllAccessors: .ConstraintMonitor3

===========================================================================================
----------------- testing Fri Nov 29 06:26:06 UTC 2019 /home/travis/build/icyphy/ptII/ptolemy/actor/lib/test/auto/ConstraintMonitor4.xml
----------------- Instantiating /home/travis/build/icyphy/ptII/ptolemy/actor/lib/test/auto/ConstraintMonitor4.xml
5 ms. Memory: 477184K Free: 230050K (48%)
----------------- Invoking toplevel() on ptolemy.moml.MoMLSimpleApplication@1749b98e
----------------- Done invoking toplevel() on ptolemy.moml.MoMLSimpleApplication@1749b98e
reloadAllAccessors: .ConstraintMonitor4

===========================================================================================
----------------- testing Fri Nov 29 06:26:06 UTC 2019 /home/travis/build/icyphy/ptII/ptolemy/actor/lib/test/auto/ConstraintMonitor5.xml
----------------- Instantiating /home/travis/build/icyphy/ptII/ptolemy/actor/lib/test/auto/ConstraintMonitor5.xml
5 ms. Memory: 477184K Free: 224420K (47%)
----------------- Invoking toplevel() on ptolemy.moml.MoMLSimpleApplication@4474a0fc
----------------- Done invoking toplevel() on ptolemy.moml.MoMLSimpleApplication@4474a0fc
reloadAllAccessors: .ConstraintMonitor5

===========================================================================================
----------------- testing Fri Nov 29 06:26:06 UTC 2019 /home/travis/build/icyphy/ptII/ptolemy/actor/lib/test/auto/ConstraintMonitor6.xml
----------------- Instantiating /home/travis/build/icyphy/ptII/ptolemy/actor/lib/test/auto/ConstraintMonitor6.xml
3 ms. Memory: 477184K Free: 218780K (46%)
----------------- Invoking toplevel() on ptolemy.moml.MoMLSimpleApplication@21eb49ed
----------------- Done invoking toplevel() on ptolemy.moml.MoMLSimpleApplication@21eb49ed
reloadAllAccessors: .ConstraintMonitor6

===========================================================================================
----------------- testing Fri Nov 29 06:26:06 UTC 2019 /home/travis/build/icyphy/ptII/ptolemy/actor/lib/test/auto/ConstraintMonitor7.xml
----------------- Instantiating /home/travis/build/icyphy/ptII/ptolemy/actor/lib/test/auto/ConstraintMonitor7.xml
5 ms. Memory: 477184K Free: 212132K (44%)
----------------- Invoking toplevel() on ptolemy.moml.MoMLSimpleApplication@7ababe4a
----------------- Done invoking toplevel() on ptolemy.moml.MoMLSimpleApplication@7ababe4a
reloadAllAccessors: .ConstraintMonitor7

===========================================================================================
----------------- testing Fri Nov 29 06:26:06 UTC 2019 /home/travis/build/icyphy/ptII/ptolemy/actor/lib/test/auto/ConstraintMonitor8.xml
----------------- Instantiating /home/travis/build/icyphy/ptII/ptolemy/actor/lib/test/auto/ConstraintMonitor8.xml
7 ms. Memory: 477184K Free: 204444K (43%)
----------------- Invoking toplevel() on ptolemy.moml.MoMLSimpleApplication@7cebb91d
----------------- Done invoking toplevel() on ptolemy.moml.MoMLSimpleApplication@7cebb91d
reloadAllAccessors: .ConstraintMonitor8

===========================================================================================
----------------- testing Fri Nov 29 06:26:06 UTC 2019 /home/travis/build/icyphy/ptII/ptolemy/actor/lib/test/auto/Counter.xml
----------------- Instantiating /home/travis/build/icyphy/ptII/ptolemy/actor/lib/test/auto/Counter.xml
3 ms. Memory: 477184K Free: 199842K (42%)
----------------- Invoking toplevel() on ptolemy.moml.MoMLSimpleApplication@7f94d6a0
----------------- Done invoking toplevel() on ptolemy.moml.MoMLSimpleApplication@7f94d6a0
reloadAllAccessors: .Counter

===========================================================================================
----------------- testing Fri Nov 29 06:26:06 UTC 2019 /home/travis/build/icyphy/ptII/ptolemy/actor/lib/test/auto/CurrentTimeSDF.xml
----------------- Instantiating /home/travis/build/icyphy/ptII/ptolemy/actor/lib/test/auto/CurrentTimeSDF.xml
1 ms. Memory: 477184K Free: 195748K (41%)
----------------- Invoking toplevel() on ptolemy.moml.MoMLSimpleApplication@2666ca99
----------------- Done invoking toplevel() on ptolemy.moml.MoMLSimpleApplication@2666ca99
reloadAllAccessors: .CurrentTimeSDF

===========================================================================================
----------------- testing Fri Nov 29 06:26:06 UTC 2019 /home/travis/build/icyphy/ptII/ptolemy/actor/lib/test/auto/DB.xml
----------------- Instantiating /home/travis/build/icyphy/ptII/ptolemy/actor/lib/test/auto/DB.xml
3 ms. Memory: 477184K Free: 190114K (40%)
----------------- Invoking toplevel() on ptolemy.moml.MoMLSimpleApplication@376ab709
----------------- Done invoking toplevel() on ptolemy.moml.MoMLSimpleApplication@376ab709
reloadAllAccessors: .DB

===========================================================================================
----------------- testing Fri Nov 29 06:26:06 UTC 2019 /home/travis/build/icyphy/ptII/ptolemy/actor/lib/test/auto/DBDE.xml
----------------- Instantiating /home/travis/build/icyphy/ptII/ptolemy/actor/lib/test/auto/DBDE.xml
2 ms. Memory: 477184K Free: 184484K (39%)
----------------- Invoking toplevel() on ptolemy.moml.MoMLSimpleApplication@3a10b697
----------------- Done invoking toplevel() on ptolemy.moml.MoMLSimpleApplication@3a10b697
reloadAllAccessors: .DBDE

===========================================================================================
----------------- testing Fri Nov 29 06:26:06 UTC 2019 /home/travis/build/icyphy/ptII/ptolemy/actor/lib/test/auto/DateConstructor.xml
----------------- Instantiating /home/travis/build/icyphy/ptII/ptolemy/actor/lib/test/auto/DateConstructor.xml
25 ms. Memory: 477184K Free: 166562K (35%)
----------------- Invoking toplevel() on ptolemy.moml.MoMLSimpleApplication@64f5811d
----------------- Done invoking toplevel() on ptolemy.moml.MoMLSimpleApplication@64f5811d
reloadAllAccessors: .DateConstructor

===========================================================================================
----------------- testing Fri Nov 29 06:26:06 UTC 2019 /home/travis/build/icyphy/ptII/ptolemy/actor/lib/test/auto/DelayTime.xml
----------------- Instantiating /home/travis/build/icyphy/ptII/ptolemy/actor/lib/test/auto/DelayTime.xml
6 ms. Memory: 477184K Free: 425183K (89%)
----------------- Invoking toplevel() on ptolemy.moml.MoMLSimpleApplication@6b3031b1
----------------- Done invoking toplevel() on ptolemy.moml.MoMLSimpleApplication@6b3031b1
reloadAllAccessors: .DelayTime

===========================================================================================
----------------- testing Fri Nov 29 06:26:06 UTC 2019 /home/travis/build/icyphy/ptII/ptolemy/actor/lib/test/auto/Dictionary1.xml
----------------- Instantiating /home/travis/build/icyphy/ptII/ptolemy/actor/lib/test/auto/Dictionary1.xml
2 ms. Memory: 477184K Free: 420063K (88%)
----------------- Invoking toplevel() on ptolemy.moml.MoMLSimpleApplication@71389da5
----------------- Done invoking toplevel() on ptolemy.moml.MoMLSimpleApplication@71389da5
reloadAllAccessors: .Dictionary1

===========================================================================================
----------------- testing Fri Nov 29 06:26:06 UTC 2019 /home/travis/build/icyphy/ptII/ptolemy/actor/lib/test/auto/Dictionary2.xml
----------------- Instantiating /home/travis/build/icyphy/ptII/ptolemy/actor/lib/test/auto/Dictionary2.xml
4 ms. Memory: 477184K Free: 414433K (87%)
----------------- Invoking toplevel() on ptolemy.moml.MoMLSimpleApplication@f3f488f
----------------- Done invoking toplevel() on ptolemy.moml.MoMLSimpleApplication@f3f488f
reloadAllAccessors: .Dictionary2

===========================================================================================
----------------- testing Fri Nov 29 06:26:06 UTC 2019 /home/travis/build/icyphy/ptII/ptolemy/actor/lib/test/auto/Dictionary3.xml
----------------- Instantiating /home/travis/build/icyphy/ptII/ptolemy/actor/lib/test/auto/Dictionary3.xml
2 ms. Memory: 477184K Free: 408799K (86%)
----------------- Invoking toplevel() on ptolemy.moml.MoMLSimpleApplication@3e247153
----------------- Done invoking toplevel() on ptolemy.moml.MoMLSimpleApplication@3e247153
reloadAllAccessors: .Dictionary3

===========================================================================================
----------------- testing Fri Nov 29 06:26:06 UTC 2019 /home/travis/build/icyphy/ptII/ptolemy/actor/lib/test/auto/Dictionary4.xml
----------------- Instantiating /home/travis/build/icyphy/ptII/ptolemy/actor/lib/test/auto/Dictionary4.xml
4 ms. Memory: 477184K Free: 401631K (84%)
----------------- Invoking toplevel() on ptolemy.moml.MoMLSimpleApplication@5bec6ec5
----------------- Done invoking toplevel() on ptolemy.moml.MoMLSimpleApplication@5bec6ec5
reloadAllAccessors: .Dictionary4

===========================================================================================
----------------- testing Fri Nov 29 06:26:06 UTC 2019 /home/travis/build/icyphy/ptII/ptolemy/actor/lib/test/auto/Differential.xml
----------------- Instantiating /home/travis/build/icyphy/ptII/ptolemy/actor/lib/test/auto/Differential.xml
3 ms. Memory: 477184K Free: 397535K (83%)
----------------- Invoking toplevel() on ptolemy.moml.MoMLSimpleApplication@4cc75901
----------------- Done invoking toplevel() on ptolemy.moml.MoMLSimpleApplication@4cc75901
reloadAllAccessors: .Differential

===========================================================================================
----------------- testing Fri Nov 29 06:26:06 UTC 2019 /home/travis/build/icyphy/ptII/ptolemy/actor/lib/test/auto/Director.xml
----------------- Instantiating /home/travis/build/icyphy/ptII/ptolemy/actor/lib/test/auto/Director.xml
1 ms. Memory: 477184K Free: 393953K (83%)
----------------- Invoking toplevel() on ptolemy.moml.MoMLSimpleApplication@5e458fa9
----------------- Done invoking toplevel() on ptolemy.moml.MoMLSimpleApplication@5e458fa9
reloadAllAccessors: .Director

===========================================================================================
----------------- testing Fri Nov 29 06:26:06 UTC 2019 /home/travis/build/icyphy/ptII/ptolemy/actor/lib/test/auto/DiscreteClock.xml
----------------- Instantiating /home/travis/build/icyphy/ptII/ptolemy/actor/lib/test/auto/DiscreteClock.xml
1 ms. Memory: 477184K Free: 389857K (82%)
----------------- Invoking toplevel() on ptolemy.moml.MoMLSimpleApplication@184348d
----------------- Done invoking toplevel() on ptolemy.moml.MoMLSimpleApplication@184348d
reloadAllAccessors: .DiscreteClock

===========================================================================================
----------------- testing Fri Nov 29 06:26:06 UTC 2019 /home/travis/build/icyphy/ptII/ptolemy/actor/lib/test/auto/DiscreteClock10.xml
----------------- Instantiating /home/travis/build/icyphy/ptII/ptolemy/actor/lib/test/auto/DiscreteClock10.xml
4 ms. Memory: 477184K Free: 384223K (81%)
----------------- Invoking toplevel() on ptolemy.moml.MoMLSimpleApplication@57f2b3f8
----------------- Done invoking toplevel() on ptolemy.moml.MoMLSimpleApplication@57f2b3f8
reloadAllAccessors: .DiscreteClock10

===========================================================================================
----------------- testing Fri Nov 29 06:26:06 UTC 2019 /home/travis/build/icyphy/ptII/ptolemy/actor/lib/test/auto/DiscreteClock11.xml
----------------- Instantiating /home/travis/build/icyphy/ptII/ptolemy/actor/lib/test/auto/DiscreteClock11.xml
2 ms. Memory: 477184K Free: 378079K (79%)
----------------- Invoking toplevel() on ptolemy.moml.MoMLSimpleApplication@4177baf0
----------------- Done invoking toplevel() on ptolemy.moml.MoMLSimpleApplication@4177baf0
reloadAllAccessors: .DiscreteClock11

===========================================================================================
----------------- testing Fri Nov 29 06:26:06 UTC 2019 /home/travis/build/icyphy/ptII/ptolemy/actor/lib/test/auto/DiscreteClock12.xml
----------------- Instantiating /home/travis/build/icyphy/ptII/ptolemy/actor/lib/test/auto/DiscreteClock12.xml
3 ms. Memory: 477184K Free: 371935K (78%)
----------------- Invoking toplevel() on ptolemy.moml.MoMLSimpleApplication@4bd01ae1
----------------- Done invoking toplevel() on ptolemy.moml.MoMLSimpleApplication@4bd01ae1
reloadAllAccessors: .DiscreteClock12

===========================================================================================
----------------- testing Fri Nov 29 06:26:06 UTC 2019 /home/travis/build/icyphy/ptII/ptolemy/actor/lib/test/auto/DiscreteClock13.xml
----------------- Instantiating /home/travis/build/icyphy/ptII/ptolemy/actor/lib/test/auto/DiscreteClock13.xml
8 ms. Memory: 477184K Free: 365785K (77%)
----------------- Invoking toplevel() on ptolemy.moml.MoMLSimpleApplication@6d04b82f
----------------- Done invoking toplevel() on ptolemy.moml.MoMLSimpleApplication@6d04b82f
reloadAllAccessors: .DiscreteClock13

===========================================================================================
----------------- testing Fri Nov 29 06:26:06 UTC 2019 /home/travis/build/icyphy/ptII/ptolemy/actor/lib/test/auto/DiscreteClock14.xml
----------------- Instantiating /home/travis/build/icyphy/ptII/ptolemy/actor/lib/test/auto/DiscreteClock14.xml
6 ms. Memory: 477184K Free: 360161K (75%)
----------------- Invoking toplevel() on ptolemy.moml.MoMLSimpleApplication@1febb358
----------------- Done invoking toplevel() on ptolemy.moml.MoMLSimpleApplication@1febb358
reloadAllAccessors: .DiscreteClock14

===========================================================================================
----------------- testing Fri Nov 29 06:26:06 UTC 2019 /home/travis/build/icyphy/ptII/ptolemy/actor/lib/test/auto/DiscreteClock15.xml
----------------- Instantiating /home/travis/build/icyphy/ptII/ptolemy/actor/lib/test/auto/DiscreteClock15.xml
6 ms. Memory: 477184K Free: 354017K (74%)
----------------- Invoking toplevel() on ptolemy.moml.MoMLSimpleApplication@2374db3f
----------------- Done invoking toplevel() on ptolemy.moml.MoMLSimpleApplication@2374db3f
reloadAllAccessors: .DiscreteClock15

===========================================================================================
----------------- testing Fri Nov 29 06:26:06 UTC 2019 /home/travis/build/icyphy/ptII/ptolemy/actor/lib/test/auto/DiscreteClock16.xml
----------------- Instantiating /home/travis/build/icyphy/ptII/ptolemy/actor/lib/test/auto/DiscreteClock16.xml
17 ms. Memory: 477184K Free: 340177K (71%)
----------------- Invoking toplevel() on ptolemy.moml.MoMLSimpleApplication@407b5194
----------------- Done invoking toplevel() on ptolemy.moml.MoMLSimpleApplication@407b5194
reloadAllAccessors: .DiscreteClock16

===========================================================================================
----------------- testing Fri Nov 29 06:26:06 UTC 2019 /home/travis/build/icyphy/ptII/ptolemy/actor/lib/test/auto/DiscreteClock17.xml
----------------- Instantiating /home/travis/build/icyphy/ptII/ptolemy/actor/lib/test/auto/DiscreteClock17.xml
17 ms. Memory: 477184K Free: 325345K (68%)
----------------- Invoking toplevel() on ptolemy.moml.MoMLSimpleApplication@3b207f08
----------------- Done invoking toplevel() on ptolemy.moml.MoMLSimpleApplication@3b207f08
reloadAllAccessors: .DiscreteClock17

===========================================================================================
----------------- testing Fri Nov 29 06:26:06 UTC 2019 /home/travis/build/icyphy/ptII/ptolemy/actor/lib/test/auto/DiscreteClock18.xml
----------------- Instantiating /home/travis/build/icyphy/ptII/ptolemy/actor/lib/test/auto/DiscreteClock18.xml
26 ms. Memory: 477184K Free: 312033K (65%)
----------------- Invoking toplevel() on ptolemy.moml.MoMLSimpleApplication@163c9012
----------------- Done invoking toplevel() on ptolemy.moml.MoMLSimpleApplication@163c9012
reloadAllAccessors: .DiscreteClock18

===========================================================================================
----------------- testing Fri Nov 29 06:26:07 UTC 2019 /home/travis/build/icyphy/ptII/ptolemy/actor/lib/test/auto/DiscreteClock19.xml
----------------- Instantiating /home/travis/build/icyphy/ptII/ptolemy/actor/lib/test/auto/DiscreteClock19.xml
14 ms. Memory: 477184K Free: 298207K (62%)
----------------- Invoking toplevel() on ptolemy.moml.MoMLSimpleApplication@930823e
----------------- Done invoking toplevel() on ptolemy.moml.MoMLSimpleApplication@930823e
reloadAllAccessors: .DiscreteClock19

===========================================================================================
----------------- testing Fri Nov 29 06:26:07 UTC 2019 /home/travis/build/icyphy/ptII/ptolemy/actor/lib/test/auto/DiscreteClock2.xml
----------------- Instantiating /home/travis/build/icyphy/ptII/ptolemy/actor/lib/test/auto/DiscreteClock2.xml
5 ms. Memory: 477184K Free: 293081K (61%)
----------------- Invoking toplevel() on ptolemy.moml.MoMLSimpleApplication@347fc18a
----------------- Done invoking toplevel() on ptolemy.moml.MoMLSimpleApplication@347fc18a
reloadAllAccessors: .DiscreteClock2

===========================================================================================
----------------- testing Fri Nov 29 06:26:07 UTC 2019 /home/travis/build/icyphy/ptII/ptolemy/actor/lib/test/auto/DiscreteClock20.xml
----------------- Instantiating /home/travis/build/icyphy/ptII/ptolemy/actor/lib/test/auto/DiscreteClock20.xml
5 ms. Memory: 477184K Free: 287457K (60%)
----------------- Invoking toplevel() on ptolemy.moml.MoMLSimpleApplication@1dac238a
----------------- Done invoking toplevel() on ptolemy.moml.MoMLSimpleApplication@1dac238a
reloadAllAccessors: .DiscreteClock20

===========================================================================================
----------------- testing Fri Nov 29 06:26:07 UTC 2019 /home/travis/build/icyphy/ptII/ptolemy/actor/lib/test/auto/DiscreteClock21.xml
----------------- Instantiating /home/travis/build/icyphy/ptII/ptolemy/actor/lib/test/auto/DiscreteClock21.xml
3 ms. Memory: 477184K Free: 282337K (59%)
----------------- Invoking toplevel() on ptolemy.moml.MoMLSimpleApplication@7c7bd5c9
----------------- Done invoking toplevel() on ptolemy.moml.MoMLSimpleApplication@7c7bd5c9
reloadAllAccessors: .DiscreteClock21

===========================================================================================
----------------- testing Fri Nov 29 06:26:07 UTC 2019 /home/travis/build/icyphy/ptII/ptolemy/actor/lib/test/auto/DiscreteClock22.xml
----------------- Instantiating /home/travis/build/icyphy/ptII/ptolemy/actor/lib/test/auto/DiscreteClock22.xml
3 ms. Memory: 477184K Free: 276703K (58%)
----------------- Invoking toplevel() on ptolemy.moml.MoMLSimpleApplication@34d2ba0f
----------------- Done invoking toplevel() on ptolemy.moml.MoMLSimpleApplication@34d2ba0f
reloadAllAccessors: .DiscreteClock22

===========================================================================================
----------------- testing Fri Nov 29 06:26:07 UTC 2019 /home/travis/build/icyphy/ptII/ptolemy/actor/lib/test/auto/DiscreteClock23.xml
----------------- Instantiating /home/travis/build/icyphy/ptII/ptolemy/actor/lib/test/auto/DiscreteClock23.xml
7 ms. Memory: 477184K Free: 271073K (57%)
----------------- Invoking toplevel() on ptolemy.moml.MoMLSimpleApplication@6d2b664d
----------------- Done invoking toplevel() on ptolemy.moml.MoMLSimpleApplication@6d2b664d
reloadAllAccessors: .DiscreteClock23

===========================================================================================
----------------- testing Fri Nov 29 06:26:07 UTC 2019 /home/travis/build/icyphy/ptII/ptolemy/actor/lib/test/auto/DiscreteClock24.xml
----------------- Instantiating /home/travis/build/icyphy/ptII/ptolemy/actor/lib/test/auto/DiscreteClock24.xml
5 ms. Memory: 477184K Free: 265439K (56%)
----------------- Invoking toplevel() on ptolemy.moml.MoMLSimpleApplication@358c414c
----------------- Done invoking toplevel() on ptolemy.moml.MoMLSimpleApplication@358c414c
reloadAllAccessors: .DiscreteClock24

===========================================================================================
----------------- testing Fri Nov 29 06:26:07 UTC 2019 /home/travis/build/icyphy/ptII/ptolemy/actor/lib/test/auto/DiscreteClock4.xml
----------------- Instantiating /home/travis/build/icyphy/ptII/ptolemy/actor/lib/test/auto/DiscreteClock4.xml
4 ms. Memory: 477184K Free: 260319K (55%)
----------------- Invoking toplevel() on ptolemy.moml.MoMLSimpleApplication@7d765b2d
----------------- Done invoking toplevel() on ptolemy.moml.MoMLSimpleApplication@7d765b2d
reloadAllAccessors: .DiscreteClock4

===========================================================================================
----------------- testing Fri Nov 29 06:26:07 UTC 2019 /home/travis/build/icyphy/ptII/ptolemy/actor/lib/test/auto/DiscreteClock5.xml
----------------- Instantiating /home/travis/build/icyphy/ptII/ptolemy/actor/lib/test/auto/DiscreteClock5.xml
2 ms. Memory: 477184K Free: 254689K (53%)
----------------- Invoking toplevel() on ptolemy.moml.MoMLSimpleApplication@44c500e9
----------------- Done invoking toplevel() on ptolemy.moml.MoMLSimpleApplication@44c500e9
reloadAllAccessors: .DiscreteClock5

===========================================================================================
----------------- testing Fri Nov 29 06:26:07 UTC 2019 /home/travis/build/icyphy/ptII/ptolemy/actor/lib/test/auto/DiscreteClock6.xml
----------------- Instantiating /home/travis/build/icyphy/ptII/ptolemy/actor/lib/test/auto/DiscreteClock6.xml
1 ms. Memory: 477184K Free: 250079K (52%)
----------------- Invoking toplevel() on ptolemy.moml.MoMLSimpleApplication@d3c1f4c
----------------- Done invoking toplevel() on ptolemy.moml.MoMLSimpleApplication@d3c1f4c
reloadAllAccessors: .DiscreteClock6

===========================================================================================
----------------- testing Fri Nov 29 06:26:07 UTC 2019 /home/travis/build/icyphy/ptII/ptolemy/actor/lib/test/auto/DiscreteClock7.xml
----------------- Instantiating /home/travis/build/icyphy/ptII/ptolemy/actor/lib/test/auto/DiscreteClock7.xml
2 ms. Memory: 477184K Free: 244959K (51%)
----------------- Invoking toplevel() on ptolemy.moml.MoMLSimpleApplication@3ed6eae1
----------------- Done invoking toplevel() on ptolemy.moml.MoMLSimpleApplication@3ed6eae1
reloadAllAccessors: .DiscreteClock7

===========================================================================================
----------------- testing Fri Nov 29 06:26:07 UTC 2019 /home/travis/build/icyphy/ptII/ptolemy/actor/lib/test/auto/DiscreteClock8.xml
----------------- Instantiating /home/travis/build/icyphy/ptII/ptolemy/actor/lib/test/auto/DiscreteClock8.xml
5 ms. Memory: 477184K Free: 239329K (50%)
----------------- Invoking toplevel() on ptolemy.moml.MoMLSimpleApplication@42a7a6f0
----------------- Done invoking toplevel() on ptolemy.moml.MoMLSimpleApplication@42a7a6f0
reloadAllAccessors: .DiscreteClock8

===========================================================================================
----------------- testing Fri Nov 29 06:26:07 UTC 2019 /home/travis/build/icyphy/ptII/ptolemy/actor/lib/test/auto/DiscreteClock9.xml
----------------- Instantiating /home/travis/build/icyphy/ptII/ptolemy/actor/lib/test/auto/DiscreteClock9.xml
5 ms. Memory: 477184K Free: 233681K (49%)
----------------- Invoking toplevel() on ptolemy.moml.MoMLSimpleApplication@3ad2c6d1
----------------- Done invoking toplevel() on ptolemy.moml.MoMLSimpleApplication@3ad2c6d1
reloadAllAccessors: .DiscreteClock9

===========================================================================================
----------------- testing Fri Nov 29 06:26:07 UTC 2019 /home/travis/build/icyphy/ptII/ptolemy/actor/lib/test/auto/DisplayArray.xml
----------------- Instantiating /home/travis/build/icyphy/ptII/ptolemy/actor/lib/test/auto/DisplayArray.xml
1 ms. Memory: 477184K Free: 230113K (48%)
----------------- Invoking toplevel() on ptolemy.moml.MoMLSimpleApplication@37968433
----------------- Done invoking toplevel() on ptolemy.moml.MoMLSimpleApplication@37968433
reloadAllAccessors: .DisplayArray

===========================================================================================
----------------- testing Fri Nov 29 06:26:07 UTC 2019 /home/travis/build/icyphy/ptII/ptolemy/actor/lib/test/auto/Distributor.xml
----------------- Instantiating /home/travis/build/icyphy/ptII/ptolemy/actor/lib/test/auto/Distributor.xml
2 ms. Memory: 477184K Free: 225503K (47%)
----------------- Invoking toplevel() on ptolemy.moml.MoMLSimpleApplication@373af3cb
----------------- Done invoking toplevel() on ptolemy.moml.MoMLSimpleApplication@373af3cb
reloadAllAccessors: .Distributor

===========================================================================================
----------------- testing Fri Nov 29 06:26:07 UTC 2019 /home/travis/build/icyphy/ptII/ptolemy/actor/lib/test/auto/Distributor2.xml
----------------- Instantiating /home/travis/build/icyphy/ptII/ptolemy/actor/lib/test/auto/Distributor2.xml
2 ms. Memory: 477184K Free: 220383K (46%)
----------------- Invoking toplevel() on ptolemy.moml.MoMLSimpleApplication@49895d6e
----------------- Done invoking toplevel() on ptolemy.moml.MoMLSimpleApplication@49895d6e
reloadAllAccessors: .Distributor2

===========================================================================================
----------------- testing Fri Nov 29 06:26:07 UTC 2019 /home/travis/build/icyphy/ptII/ptolemy/actor/lib/test/auto/DownSample.xml
----------------- Instantiating /home/travis/build/icyphy/ptII/ptolemy/actor/lib/test/auto/DownSample.xml
1 ms. Memory: 477184K Free: 215777K (45%)
----------------- Invoking toplevel() on ptolemy.moml.MoMLSimpleApplication@3bc75
----------------- Done invoking toplevel() on ptolemy.moml.MoMLSimpleApplication@3bc75
reloadAllAccessors: .DownSample

===========================================================================================
----------------- testing Fri Nov 29 06:26:07 UTC 2019 /home/travis/build/icyphy/ptII/ptolemy/actor/lib/test/auto/ElectronicUnitBase1.xml
----------------- Instantiating /home/travis/build/icyphy/ptII/ptolemy/actor/lib/test/auto/ElectronicUnitBase1.xml
17 ms. Memory: 477184K Free: 199903K (42%)
----------------- Invoking toplevel() on ptolemy.moml.MoMLSimpleApplication@339ff5f9
----------------- Done invoking toplevel() on ptolemy.moml.MoMLSimpleApplication@339ff5f9
reloadAllAccessors: .ElectronicUnitBase1

===========================================================================================
----------------- testing Fri Nov 29 06:26:07 UTC 2019 /home/travis/build/icyphy/ptII/ptolemy/actor/lib/test/auto/ElementsToArray.xml
----------------- Instantiating /home/travis/build/icyphy/ptII/ptolemy/actor/lib/test/auto/ElementsToArray.xml
3 ms. Memory: 477184K Free: 194783K (41%)
----------------- Invoking toplevel() on ptolemy.moml.MoMLSimpleApplication@275fd58b
----------------- Done invoking toplevel() on ptolemy.moml.MoMLSimpleApplication@275fd58b
reloadAllAccessors: .ElementsToArray

===========================================================================================
----------------- testing Fri Nov 29 06:26:07 UTC 2019 /home/travis/build/icyphy/ptII/ptolemy/actor/lib/test/auto/Equals.xml
----------------- Instantiating /home/travis/build/icyphy/ptII/ptolemy/actor/lib/test/auto/Equals.xml
4 ms. Memory: 477184K Free: 190177K (40%)
----------------- Invoking toplevel() on ptolemy.moml.MoMLSimpleApplication@62d96054
----------------- Done invoking toplevel() on ptolemy.moml.MoMLSimpleApplication@62d96054
reloadAllAccessors: .Equals

===========================================================================================
----------------- testing Fri Nov 29 06:26:07 UTC 2019 /home/travis/build/icyphy/ptII/ptolemy/actor/lib/test/auto/Exec.xml
----------------- Instantiating /home/travis/build/icyphy/ptII/ptolemy/actor/lib/test/auto/Exec.xml
22 ms. Memory: 477184K Free: 184543K (39%)
----------------- Invoking toplevel() on ptolemy.moml.MoMLSimpleApplication@383bfd24
----------------- Done invoking toplevel() on ptolemy.moml.MoMLSimpleApplication@383bfd24
reloadAllAccessors: .Exec

===========================================================================================
----------------- testing Fri Nov 29 06:26:07 UTC 2019 /home/travis/build/icyphy/ptII/ptolemy/actor/lib/test/auto/ExecEnvironment.xml
----------------- Instantiating /home/travis/build/icyphy/ptII/ptolemy/actor/lib/test/auto/ExecEnvironment.xml
20 ms. Memory: 477184K Free: 179409K (38%)
----------------- Invoking toplevel() on ptolemy.moml.MoMLSimpleApplication@53259b9b
----------------- Done invoking toplevel() on ptolemy.moml.MoMLSimpleApplication@53259b9b
reloadAllAccessors: .ExecEnvironment

===========================================================================================
----------------- testing Fri Nov 29 06:26:07 UTC 2019 /home/travis/build/icyphy/ptII/ptolemy/actor/lib/test/auto/ExecNonZeroReturnOutput.xml
----------------- Instantiating /home/travis/build/icyphy/ptII/ptolemy/actor/lib/test/auto/ExecNonZeroReturnOutput.xml
185 ms. Memory: 477184K Free: 168159K (35%)
----------------- Invoking toplevel() on ptolemy.moml.MoMLSimpleApplication@16cdf5fc
----------------- Done invoking toplevel() on ptolemy.moml.MoMLSimpleApplication@16cdf5fc
reloadAllAccessors: .ExecNonZeroReturnOutput

===========================================================================================
----------------- testing Fri Nov 29 06:26:07 UTC 2019 /home/travis/build/icyphy/ptII/ptolemy/actor/lib/test/auto/ExecRunDemos.xml
----------------- Instantiating /home/travis/build/icyphy/ptII/ptolemy/actor/lib/test/auto/ExecRunDemos.xml
Finished: 84 ms. Memory: 120832K Free: 111519K (92%)

Finished: 85 ms. Memory: 120832K Free: 109782K (91%)

Finished: 116 ms. Memory: 120832K Free: 110965K (92%)

Finished: 77 ms. Memory: 120832K Free: 103364K (86%)

Finished: 89 ms. Memory: 120832K Free: 104062K (86%)

11177 ms. Memory: 477184K Free: 428244K (90%)
----------------- Invoking toplevel() on ptolemy.moml.MoMLSimpleApplication@756600c8
----------------- Done invoking toplevel() on ptolemy.moml.MoMLSimpleApplication@756600c8
reloadAllAccessors: .ExecRunDemos

===========================================================================================
----------------- testing Fri Nov 29 06:26:19 UTC 2019 /home/travis/build/icyphy/ptII/ptolemy/actor/lib/test/auto/ExecStop.xml
----------------- Instantiating /home/travis/build/icyphy/ptII/ptolemy/actor/lib/test/auto/ExecStop.xml
5017 ms. Memory: 477184K Free: 306388K (64%)
----------------- Invoking toplevel() on ptolemy.moml.MoMLSimpleApplication@305c8daa
----------------- Done invoking toplevel() on ptolemy.moml.MoMLSimpleApplication@305c8daa
reloadAllAccessors: .ExecStop

===========================================================================================
----------------- testing Fri Nov 29 06:26:24 UTC 2019 /home/travis/build/icyphy/ptII/ptolemy/actor/lib/test/auto/ExecutionTimeSDF.xml
----------------- Instantiating /home/travis/build/icyphy/ptII/ptolemy/actor/lib/test/auto/ExecutionTimeSDF.xml
Fired ExecutionTime: 2042400000
Fired ExecutionTime: 1062000000
Fired ExecutionTime: -1040167296
6007 ms. Memory: 477184K Free: 294100K (62%)
----------------- Invoking toplevel() on ptolemy.moml.MoMLSimpleApplication@57c7bbc9
----------------- Done invoking toplevel() on ptolemy.moml.MoMLSimpleApplication@57c7bbc9
reloadAllAccessors: .ExecutionTimeSDF

===========================================================================================
----------------- testing Fri Nov 29 06:26:30 UTC 2019 /home/travis/build/icyphy/ptII/ptolemy/actor/lib/test/auto/Expression1.xml
----------------- Instantiating /home/travis/build/icyphy/ptII/ptolemy/actor/lib/test/auto/Expression1.xml
1 ms. Memory: 477184K Free: 291028K (61%)
----------------- Invoking toplevel() on ptolemy.moml.MoMLSimpleApplication@7f4e83f2
----------------- Done invoking toplevel() on ptolemy.moml.MoMLSimpleApplication@7f4e83f2
reloadAllAccessors: .Expression1

===========================================================================================
----------------- testing Fri Nov 29 06:26:30 UTC 2019 /home/travis/build/icyphy/ptII/ptolemy/actor/lib/test/auto/Expression10.xml
----------------- Instantiating /home/travis/build/icyphy/ptII/ptolemy/actor/lib/test/auto/Expression10.xml
6 ms. Memory: 477184K Free: 285394K (60%)
----------------- Invoking toplevel() on ptolemy.moml.MoMLSimpleApplication@3368a7e7
----------------- Done invoking toplevel() on ptolemy.moml.MoMLSimpleApplication@3368a7e7
reloadAllAccessors: .Expression10

===========================================================================================
----------------- testing Fri Nov 29 06:26:30 UTC 2019 /home/travis/build/icyphy/ptII/ptolemy/actor/lib/test/auto/Expression11.xml
----------------- Instantiating /home/travis/build/icyphy/ptII/ptolemy/actor/lib/test/auto/Expression11.xml
3 ms. Memory: 477184K Free: 281298K (59%)
----------------- Invoking toplevel() on ptolemy.moml.MoMLSimpleApplication@4d532e66
----------------- Done invoking toplevel() on ptolemy.moml.MoMLSimpleApplication@4d532e66
reloadAllAccessors: .Expression11

===========================================================================================
----------------- testing Fri Nov 29 06:26:30 UTC 2019 /home/travis/build/icyphy/ptII/ptolemy/actor/lib/test/auto/Expression12.xml
----------------- Instantiating /home/travis/build/icyphy/ptII/ptolemy/actor/lib/test/auto/Expression12.xml
3 ms. Memory: 477184K Free: 275668K (58%)
----------------- Invoking toplevel() on ptolemy.moml.MoMLSimpleApplication@6dddcb3f
----------------- Done invoking toplevel() on ptolemy.moml.MoMLSimpleApplication@6dddcb3f
reloadAllAccessors: .Expression12

===========================================================================================
----------------- testing Fri Nov 29 06:26:30 UTC 2019 /home/travis/build/icyphy/ptII/ptolemy/actor/lib/test/auto/Expression13.xml
----------------- Instantiating /home/travis/build/icyphy/ptII/ptolemy/actor/lib/test/auto/Expression13.xml
4 ms. Memory: 477184K Free: 270548K (57%)
----------------- Invoking toplevel() on ptolemy.moml.MoMLSimpleApplication@55ef47af
----------------- Done invoking toplevel() on ptolemy.moml.MoMLSimpleApplication@55ef47af
reloadAllAccessors: .Expression13

===========================================================================================
----------------- testing Fri Nov 29 06:26:30 UTC 2019 /home/travis/build/icyphy/ptII/ptolemy/actor/lib/test/auto/Expression14.xml
----------------- Instantiating /home/travis/build/icyphy/ptII/ptolemy/actor/lib/test/auto/Expression14.xml
8 ms. Memory: 477184K Free: 264914K (56%)
----------------- Invoking toplevel() on ptolemy.moml.MoMLSimpleApplication@52eee152
----------------- Done invoking toplevel() on ptolemy.moml.MoMLSimpleApplication@52eee152
reloadAllAccessors: .Expression14

===========================================================================================
----------------- testing Fri Nov 29 06:26:30 UTC 2019 /home/travis/build/icyphy/ptII/ptolemy/actor/lib/test/auto/Expression15.xml
----------------- Instantiating /home/travis/build/icyphy/ptII/ptolemy/actor/lib/test/auto/Expression15.xml
1 ms. Memory: 477184K Free: 261332K (55%)
----------------- Invoking toplevel() on ptolemy.moml.MoMLSimpleApplication@4b83a268
----------------- Done invoking toplevel() on ptolemy.moml.MoMLSimpleApplication@4b83a268
reloadAllAccessors: .Expression15

===========================================================================================
----------------- testing Fri Nov 29 06:26:30 UTC 2019 /home/travis/build/icyphy/ptII/ptolemy/actor/lib/test/auto/Expression16.xml
----------------- Instantiating /home/travis/build/icyphy/ptII/ptolemy/actor/lib/test/auto/Expression16.xml
3 ms. Memory: 477184K Free: 256722K (54%)
----------------- Invoking toplevel() on ptolemy.moml.MoMLSimpleApplication@5bca4829
----------------- Done invoking toplevel() on ptolemy.moml.MoMLSimpleApplication@5bca4829
reloadAllAccessors: .Expression16

===========================================================================================
----------------- testing Fri Nov 29 06:26:30 UTC 2019 /home/travis/build/icyphy/ptII/ptolemy/actor/lib/test/auto/Expression17.xml
----------------- Instantiating /home/travis/build/icyphy/ptII/ptolemy/actor/lib/test/auto/Expression17.xml
4 ms. Memory: 477184K Free: 251602K (53%)
----------------- Invoking toplevel() on ptolemy.moml.MoMLSimpleApplication@114b455a
----------------- Done invoking toplevel() on ptolemy.moml.MoMLSimpleApplication@114b455a
reloadAllAccessors: .Expression17

===========================================================================================
----------------- testing Fri Nov 29 06:26:30 UTC 2019 /home/travis/build/icyphy/ptII/ptolemy/actor/lib/test/auto/Expression18.xml
----------------- Instantiating /home/travis/build/icyphy/ptII/ptolemy/actor/lib/test/auto/Expression18.xml
3 ms. Memory: 477184K Free: 246482K (52%)
----------------- Invoking toplevel() on ptolemy.moml.MoMLSimpleApplication@94db92c
----------------- Done invoking toplevel() on ptolemy.moml.MoMLSimpleApplication@94db92c
reloadAllAccessors: .Expression18

===========================================================================================
----------------- testing Fri Nov 29 06:26:30 UTC 2019 /home/travis/build/icyphy/ptII/ptolemy/actor/lib/test/auto/Expression2.xml
----------------- Instantiating /home/travis/build/icyphy/ptII/ptolemy/actor/lib/test/auto/Expression2.xml
3 ms. Memory: 477184K Free: 241876K (51%)
----------------- Invoking toplevel() on ptolemy.moml.MoMLSimpleApplication@46310e19
----------------- Done invoking toplevel() on ptolemy.moml.MoMLSimpleApplication@46310e19
reloadAllAccessors: .Expression2

===========================================================================================
----------------- testing Fri Nov 29 06:26:30 UTC 2019 /home/travis/build/icyphy/ptII/ptolemy/actor/lib/test/auto/Expression3.xml
----------------- Instantiating /home/travis/build/icyphy/ptII/ptolemy/actor/lib/test/auto/Expression3.xml
6 ms. Memory: 477184K Free: 236756K (50%)
----------------- Invoking toplevel() on ptolemy.moml.MoMLSimpleApplication@7bce5143
----------------- Done invoking toplevel() on ptolemy.moml.MoMLSimpleApplication@7bce5143
reloadAllAccessors: .Expression3

===========================================================================================
----------------- testing Fri Nov 29 06:26:30 UTC 2019 /home/travis/build/icyphy/ptII/ptolemy/actor/lib/test/auto/Expression4.xml
----------------- Instantiating /home/travis/build/icyphy/ptII/ptolemy/actor/lib/test/auto/Expression4.xml
5 ms. Memory: 477184K Free: 229588K (48%)
----------------- Invoking toplevel() on ptolemy.moml.MoMLSimpleApplication@5f288fe0
----------------- Done invoking toplevel() on ptolemy.moml.MoMLSimpleApplication@5f288fe0
reloadAllAccessors: .Expression4

===========================================================================================
----------------- testing Fri Nov 29 06:26:30 UTC 2019 /home/travis/build/icyphy/ptII/ptolemy/actor/lib/test/auto/Expression5.xml
----------------- Instantiating /home/travis/build/icyphy/ptII/ptolemy/actor/lib/test/auto/Expression5.xml
4 ms. Memory: 477184K Free: 224468K (47%)
----------------- Invoking toplevel() on ptolemy.moml.MoMLSimpleApplication@23206310
----------------- Done invoking toplevel() on ptolemy.moml.MoMLSimpleApplication@23206310
reloadAllAccessors: .Expression5

===========================================================================================
----------------- testing Fri Nov 29 06:26:30 UTC 2019 /home/travis/build/icyphy/ptII/ptolemy/actor/lib/test/auto/Expression6.xml
----------------- Instantiating /home/travis/build/icyphy/ptII/ptolemy/actor/lib/test/auto/Expression6.xml
2 ms. Memory: 477184K Free: 219858K (46%)
----------------- Invoking toplevel() on ptolemy.moml.MoMLSimpleApplication@3dd90f3f
----------------- Done invoking toplevel() on ptolemy.moml.MoMLSimpleApplication@3dd90f3f
reloadAllAccessors: .Expression6

===========================================================================================
----------------- testing Fri Nov 29 06:26:30 UTC 2019 /home/travis/build/icyphy/ptII/ptolemy/actor/lib/test/auto/Expression7.xml
----------------- Instantiating /home/travis/build/icyphy/ptII/ptolemy/actor/lib/test/auto/Expression7.xml
3 ms. Memory: 477184K Free: 215252K (45%)
----------------- Invoking toplevel() on ptolemy.moml.MoMLSimpleApplication@3a2a56f1
----------------- Done invoking toplevel() on ptolemy.moml.MoMLSimpleApplication@3a2a56f1
reloadAllAccessors: .Expression7

===========================================================================================
----------------- testing Fri Nov 29 06:26:30 UTC 2019 /home/travis/build/icyphy/ptII/ptolemy/actor/lib/test/auto/Expression8.xml
----------------- Instantiating /home/travis/build/icyphy/ptII/ptolemy/actor/lib/test/auto/Expression8.xml
10 ms. Memory: 477184K Free: 210132K (44%)
----------------- Invoking toplevel() on ptolemy.moml.MoMLSimpleApplication@76f87194
----------------- Done invoking toplevel() on ptolemy.moml.MoMLSimpleApplication@76f87194
reloadAllAccessors: .Expression8

===========================================================================================
----------------- testing Fri Nov 29 06:26:30 UTC 2019 /home/travis/build/icyphy/ptII/ptolemy/actor/lib/test/auto/Expression9.xml
----------------- Instantiating /home/travis/build/icyphy/ptII/ptolemy/actor/lib/test/auto/Expression9.xml
2 ms. Memory: 477184K Free: 206546K (43%)
----------------- Invoking toplevel() on ptolemy.moml.MoMLSimpleApplication@7d888950
----------------- Done invoking toplevel() on ptolemy.moml.MoMLSimpleApplication@7d888950
reloadAllAccessors: .Expression9

===========================================================================================
----------------- testing Fri Nov 29 06:26:30 UTC 2019 /home/travis/build/icyphy/ptII/ptolemy/actor/lib/test/auto/ExpressionConcatenateArrayType.xml
----------------- Instantiating /home/travis/build/icyphy/ptII/ptolemy/actor/lib/test/auto/ExpressionConcatenateArrayType.xml
3 ms. Memory: 477184K Free: 199892K (42%)
----------------- Invoking toplevel() on ptolemy.moml.MoMLSimpleApplication@45e125d6
----------------- Done invoking toplevel() on ptolemy.moml.MoMLSimpleApplication@45e125d6
reloadAllAccessors: .ExpressionConcatenateArrayType

===========================================================================================
----------------- testing Fri Nov 29 06:26:30 UTC 2019 /home/travis/build/icyphy/ptII/ptolemy/actor/lib/test/auto/ExpressionConcatenateArrayType2.xml
----------------- Instantiating /home/travis/build/icyphy/ptII/ptolemy/actor/lib/test/auto/ExpressionConcatenateArrayType2.xml
2 ms. Memory: 477184K Free: 194258K (41%)
----------------- Invoking toplevel() on ptolemy.moml.MoMLSimpleApplication@421c05e3
----------------- Done invoking toplevel() on ptolemy.moml.MoMLSimpleApplication@421c05e3
reloadAllAccessors: .ExpressionConcatenateArrayType2

===========================================================================================
----------------- testing Fri Nov 29 06:26:30 UTC 2019 /home/travis/build/icyphy/ptII/ptolemy/actor/lib/test/auto/ExpressionFix.xml
----------------- Instantiating /home/travis/build/icyphy/ptII/ptolemy/actor/lib/test/auto/ExpressionFix.xml
21 ms. Memory: 477184K Free: 188114K (39%)
----------------- Invoking toplevel() on ptolemy.moml.MoMLSimpleApplication@51d3e945
----------------- Done invoking toplevel() on ptolemy.moml.MoMLSimpleApplication@51d3e945
reloadAllAccessors: .ExpressionFix

===========================================================================================
----------------- testing Fri Nov 29 06:26:30 UTC 2019 /home/travis/build/icyphy/ptII/ptolemy/actor/lib/test/auto/ExpressionFix2.xml
----------------- Instantiating /home/travis/build/icyphy/ptII/ptolemy/actor/lib/test/auto/ExpressionFix2.xml
3 ms. Memory: 477184K Free: 184018K (39%)
----------------- Invoking toplevel() on ptolemy.moml.MoMLSimpleApplication@787572c0
----------------- Done invoking toplevel() on ptolemy.moml.MoMLSimpleApplication@787572c0
reloadAllAccessors: .ExpressionFix2

===========================================================================================
----------------- testing Fri Nov 29 06:26:30 UTC 2019 /home/travis/build/icyphy/ptII/ptolemy/actor/lib/test/auto/ExpressionFix3.xml
----------------- Instantiating /home/travis/build/icyphy/ptII/ptolemy/actor/lib/test/auto/ExpressionFix3.xml
3 ms. Memory: 477184K Free: 179412K (38%)
----------------- Invoking toplevel() on ptolemy.moml.MoMLSimpleApplication@1aad45c
----------------- Done invoking toplevel() on ptolemy.moml.MoMLSimpleApplication@1aad45c
reloadAllAccessors: .ExpressionFix3

===========================================================================================
----------------- testing Fri Nov 29 06:26:30 UTC 2019 /home/travis/build/icyphy/ptII/ptolemy/actor/lib/test/auto/FileWriter1.xml
----------------- Instantiating /home/travis/build/icyphy/ptII/ptolemy/actor/lib/test/auto/FileWriter1.xml
3 ms. Memory: 477184K Free: 175826K (37%)
----------------- Invoking toplevel() on ptolemy.moml.MoMLSimpleApplication@7cfb7cd7
----------------- Done invoking toplevel() on ptolemy.moml.MoMLSimpleApplication@7cfb7cd7
reloadAllAccessors: .FileWriter1

===========================================================================================
----------------- testing Fri Nov 29 06:26:30 UTC 2019 /home/travis/build/icyphy/ptII/ptolemy/actor/lib/test/auto/FileWriter2.xml
----------------- Instantiating /home/travis/build/icyphy/ptII/ptolemy/actor/lib/test/auto/FileWriter2.xml
9 ms. Memory: 477184K Free: 171220K (36%)
----------------- Invoking toplevel() on ptolemy.moml.MoMLSimpleApplication@76ab1e0a
----------------- Done invoking toplevel() on ptolemy.moml.MoMLSimpleApplication@76ab1e0a
reloadAllAccessors: .FileWriter2

===========================================================================================
----------------- testing Fri Nov 29 06:26:30 UTC 2019 /home/travis/build/icyphy/ptII/ptolemy/actor/lib/test/auto/FileWriter3.xml
----------------- Instantiating /home/travis/build/icyphy/ptII/ptolemy/actor/lib/test/auto/FileWriter3.xml
3 ms. Memory: 477184K Free: 167634K (35%)
----------------- Invoking toplevel() on ptolemy.moml.MoMLSimpleApplication@369e5087
----------------- Done invoking toplevel() on ptolemy.moml.MoMLSimpleApplication@369e5087
reloadAllAccessors: .FileWriter3

===========================================================================================
----------------- testing Fri Nov 29 06:26:30 UTC 2019 /home/travis/build/icyphy/ptII/ptolemy/actor/lib/test/auto/Gaussian.xml
----------------- Instantiating /home/travis/build/icyphy/ptII/ptolemy/actor/lib/test/auto/Gaussian.xml
4 ms. Memory: 477184K Free: 163028K (34%)
----------------- Invoking toplevel() on ptolemy.moml.MoMLSimpleApplication@5d6f62c2
----------------- Done invoking toplevel() on ptolemy.moml.MoMLSimpleApplication@5d6f62c2
reloadAllAccessors: .Gaussian

===========================================================================================
----------------- testing Fri Nov 29 06:26:30 UTC 2019 /home/travis/build/icyphy/ptII/ptolemy/actor/lib/test/auto/Gaussian1.xml
----------------- Instantiating /home/travis/build/icyphy/ptII/ptolemy/actor/lib/test/auto/Gaussian1.xml
12 ms. Memory: 477184K Free: 157364K (33%)
----------------- Invoking toplevel() on ptolemy.moml.MoMLSimpleApplication@155c8bce
----------------- Done invoking toplevel() on ptolemy.moml.MoMLSimpleApplication@155c8bce
reloadAllAccessors: .Gaussian1

===========================================================================================
----------------- testing Fri Nov 29 06:26:30 UTC 2019 /home/travis/build/icyphy/ptII/ptolemy/actor/lib/test/auto/Gaussian2.xml
----------------- Instantiating /home/travis/build/icyphy/ptII/ptolemy/actor/lib/test/auto/Gaussian2.xml
2 ms. Memory: 477184K Free: 152260K (32%)
----------------- Invoking toplevel() on ptolemy.moml.MoMLSimpleApplication@51fcd2
----------------- Done invoking toplevel() on ptolemy.moml.MoMLSimpleApplication@51fcd2
reloadAllAccessors: .Gaussian2

===========================================================================================
----------------- testing Fri Nov 29 06:26:30 UTC 2019 /home/travis/build/icyphy/ptII/ptolemy/actor/lib/test/auto/GradientAdaptiveLattice.xml
----------------- Instantiating /home/travis/build/icyphy/ptII/ptolemy/actor/lib/test/auto/GradientAdaptiveLattice.xml
5 ms. Memory: 477184K Free: 147154K (31%)
----------------- Invoking toplevel() on ptolemy.moml.MoMLSimpleApplication@5335837c
----------------- Done invoking toplevel() on ptolemy.moml.MoMLSimpleApplication@5335837c
reloadAllAccessors: .GradientAdaptiveLattice

===========================================================================================
----------------- testing Fri Nov 29 06:26:30 UTC 2019 /home/travis/build/icyphy/ptII/ptolemy/actor/lib/test/auto/IIR.xml
----------------- Instantiating /home/travis/build/icyphy/ptII/ptolemy/actor/lib/test/auto/IIR.xml
1 ms. Memory: 477184K Free: 425280K (89%)
----------------- Invoking toplevel() on ptolemy.moml.MoMLSimpleApplication@d70a753
----------------- Done invoking toplevel() on ptolemy.moml.MoMLSimpleApplication@d70a753
reloadAllAccessors: .IIR

===========================================================================================
----------------- testing Fri Nov 29 06:26:30 UTC 2019 /home/travis/build/icyphy/ptII/ptolemy/actor/lib/test/auto/InputOutputTransparentPorts.xml
----------------- Instantiating /home/travis/build/icyphy/ptII/ptolemy/actor/lib/test/auto/InputOutputTransparentPorts.xml
2 ms. Memory: 477184K Free: 418622K (88%)
----------------- Invoking toplevel() on ptolemy.moml.MoMLSimpleApplication@745e8271
----------------- Done invoking toplevel() on ptolemy.moml.MoMLSimpleApplication@745e8271
reloadAllAccessors: .InputOutputTransparentPorts

===========================================================================================
----------------- testing Fri Nov 29 06:26:30 UTC 2019 /home/travis/build/icyphy/ptII/ptolemy/actor/lib/test/auto/Interpolator.xml
----------------- Instantiating /home/travis/build/icyphy/ptII/ptolemy/actor/lib/test/auto/Interpolator.xml
4 ms. Memory: 477184K Free: 414014K (87%)
----------------- Invoking toplevel() on ptolemy.moml.MoMLSimpleApplication@3b682549
----------------- Done invoking toplevel() on ptolemy.moml.MoMLSimpleApplication@3b682549
reloadAllAccessors: .Interpolator

===========================================================================================
----------------- testing Fri Nov 29 06:26:30 UTC 2019 /home/travis/build/icyphy/ptII/ptolemy/actor/lib/test/auto/InterpolatorFiringLimitDE.xml
----------------- Instantiating /home/travis/build/icyphy/ptII/ptolemy/actor/lib/test/auto/InterpolatorFiringLimitDE.xml
1 ms. Memory: 477184K Free: 407358K (85%)
----------------- Invoking toplevel() on ptolemy.moml.MoMLSimpleApplication@4065c4b4
----------------- Done invoking toplevel() on ptolemy.moml.MoMLSimpleApplication@4065c4b4
reloadAllAccessors: .InterpolatorFiringLimitDE

===========================================================================================
----------------- testing Fri Nov 29 06:26:30 UTC 2019 /home/travis/build/icyphy/ptII/ptolemy/actor/lib/test/auto/Lattice.xml
----------------- Instantiating /home/travis/build/icyphy/ptII/ptolemy/actor/lib/test/auto/Lattice.xml
1 ms. Memory: 477184K Free: 403776K (85%)
----------------- Invoking toplevel() on ptolemy.moml.MoMLSimpleApplication@347bd0f4
----------------- Done invoking toplevel() on ptolemy.moml.MoMLSimpleApplication@347bd0f4
reloadAllAccessors: .Lattice

===========================================================================================
----------------- testing Fri Nov 29 06:26:30 UTC 2019 /home/travis/build/icyphy/ptII/ptolemy/actor/lib/test/auto/LazyAOCTestLazy.xml
----------------- Instantiating /home/travis/build/icyphy/ptII/ptolemy/actor/lib/test/auto/LazyAOCTestLazy.xml
10 ms. Memory: 477184K Free: 397632K (83%)
----------------- Invoking toplevel() on ptolemy.moml.MoMLSimpleApplication@9adac9
----------------- Done invoking toplevel() on ptolemy.moml.MoMLSimpleApplication@9adac9
reloadAllAccessors: .LazyAOCTestLazy

===========================================================================================
----------------- testing Fri Nov 29 06:26:30 UTC 2019 /home/travis/build/icyphy/ptII/ptolemy/actor/lib/test/auto/LazyAOCTestNonLazy.xml
----------------- Instantiating /home/travis/build/icyphy/ptII/ptolemy/actor/lib/test/auto/LazyAOCTestNonLazy.xml
2 ms. Memory: 477184K Free: 390974K (82%)
----------------- Invoking toplevel() on ptolemy.moml.MoMLSimpleApplication@414a50b7
----------------- Done invoking toplevel() on ptolemy.moml.MoMLSimpleApplication@414a50b7
reloadAllAccessors: .LazyAOCTestNonLazy

===========================================================================================
----------------- testing Fri Nov 29 06:26:30 UTC 2019 /home/travis/build/icyphy/ptII/ptolemy/actor/lib/test/auto/LazyInnerClass.xml
----------------- Instantiating /home/travis/build/icyphy/ptII/ptolemy/actor/lib/test/auto/LazyInnerClass.xml
19 ms. Memory: 477184K Free: 382768K (80%)
----------------- Invoking toplevel() on ptolemy.moml.MoMLSimpleApplication@73efa452
----------------- Done invoking toplevel() on ptolemy.moml.MoMLSimpleApplication@73efa452
reloadAllAccessors: .LazyInnerClass

===========================================================================================
----------------- testing Fri Nov 29 06:26:31 UTC 2019 /home/travis/build/icyphy/ptII/ptolemy/actor/lib/test/auto/LazyPubSub.xml
----------------- Instantiating /home/travis/build/icyphy/ptII/ptolemy/actor/lib/test/auto/LazyPubSub.xml
28 ms. Memory: 477184K Free: 372542K (78%)
----------------- Invoking toplevel() on ptolemy.moml.MoMLSimpleApplication@114b37cf
----------------- Done invoking toplevel() on ptolemy.moml.MoMLSimpleApplication@114b37cf
reloadAllAccessors: .LazyPubSub

===========================================================================================
----------------- testing Fri Nov 29 06:26:31 UTC 2019 /home/travis/build/icyphy/ptII/ptolemy/actor/lib/test/auto/LazyPubSub2.xml
----------------- Instantiating /home/travis/build/icyphy/ptII/ptolemy/actor/lib/test/auto/LazyPubSub2.xml
19 ms. Memory: 477184K Free: 362302K (76%)
----------------- Invoking toplevel() on ptolemy.moml.MoMLSimpleApplication@274a2a80
----------------- Done invoking toplevel() on ptolemy.moml.MoMLSimpleApplication@274a2a80
reloadAllAccessors: .LazyPubSub2

===========================================================================================
----------------- testing Fri Nov 29 06:26:31 UTC 2019 /home/travis/build/icyphy/ptII/ptolemy/actor/lib/test/auto/LazyPubSub3.xml
----------------- Instantiating /home/travis/build/icyphy/ptII/ptolemy/actor/lib/test/auto/LazyPubSub3.xml
15 ms. Memory: 477184K Free: 352062K (74%)
----------------- Invoking toplevel() on ptolemy.moml.MoMLSimpleApplication@a1d58a8
----------------- Done invoking toplevel() on ptolemy.moml.MoMLSimpleApplication@a1d58a8
reloadAllAccessors: .LazyPubSub3

===========================================================================================
----------------- testing Fri Nov 29 06:26:31 UTC 2019 /home/travis/build/icyphy/ptII/ptolemy/actor/lib/test/auto/LazySubClassModel.xml
----------------- Instantiating /home/travis/build/icyphy/ptII/ptolemy/actor/lib/test/auto/LazySubClassModel.xml
1 ms. Memory: 477184K Free: 343360K (72%)
----------------- Invoking toplevel() on ptolemy.moml.MoMLSimpleApplication@28eea215
----------------- Done invoking toplevel() on ptolemy.moml.MoMLSimpleApplication@28eea215
reloadAllAccessors: .LazySubClassModel

===========================================================================================
----------------- testing Fri Nov 29 06:26:31 UTC 2019 /home/travis/build/icyphy/ptII/ptolemy/actor/lib/test/auto/LevelCrossTest1.xml
----------------- Instantiating /home/travis/build/icyphy/ptII/ptolemy/actor/lib/test/auto/LevelCrossTest1.xml
2 ms. Memory: 477184K Free: 337726K (71%)
----------------- Invoking toplevel() on ptolemy.moml.MoMLSimpleApplication@7c84157c
----------------- Done invoking toplevel() on ptolemy.moml.MoMLSimpleApplication@7c84157c
reloadAllAccessors: .broken

===========================================================================================
----------------- testing Fri Nov 29 06:26:31 UTC 2019 /home/travis/build/icyphy/ptII/ptolemy/actor/lib/test/auto/LevelCrossTest10.xml
----------------- Instantiating /home/travis/build/icyphy/ptII/ptolemy/actor/lib/test/auto/LevelCrossTest10.xml
1 ms. Memory: 477184K Free: 330048K (69%)
----------------- Invoking toplevel() on ptolemy.moml.MoMLSimpleApplication@36bed54e
----------------- Done invoking toplevel() on ptolemy.moml.MoMLSimpleApplication@36bed54e
reloadAllAccessors: .LevelCrossTest10

===========================================================================================
----------------- testing Fri Nov 29 06:26:31 UTC 2019 /home/travis/build/icyphy/ptII/ptolemy/actor/lib/test/auto/LevelCrossTest11.xml
----------------- Instantiating /home/travis/build/icyphy/ptII/ptolemy/actor/lib/test/auto/LevelCrossTest11.xml
2 ms. Memory: 477184K Free: 323390K (68%)
----------------- Invoking toplevel() on ptolemy.moml.MoMLSimpleApplication@4c0c2fa3
----------------- Done invoking toplevel() on ptolemy.moml.MoMLSimpleApplication@4c0c2fa3
reloadAllAccessors: .LevelCrossTest11

===========================================================================================
----------------- testing Fri Nov 29 06:26:31 UTC 2019 /home/travis/build/icyphy/ptII/ptolemy/actor/lib/test/auto/LevelCrossTest12.xml
----------------- Instantiating /home/travis/build/icyphy/ptII/ptolemy/actor/lib/test/auto/LevelCrossTest12.xml
1 ms. Memory: 477184K Free: 316222K (66%)
----------------- Invoking toplevel() on ptolemy.moml.MoMLSimpleApplication@4384a1be
----------------- Done invoking toplevel() on ptolemy.moml.MoMLSimpleApplication@4384a1be
reloadAllAccessors: .LevelCrossTest12

===========================================================================================
----------------- testing Fri Nov 29 06:26:31 UTC 2019 /home/travis/build/icyphy/ptII/ptolemy/actor/lib/test/auto/LevelCrossTest13.xml
----------------- Instantiating /home/travis/build/icyphy/ptII/ptolemy/actor/lib/test/auto/LevelCrossTest13.xml
1 ms. Memory: 477184K Free: 308030K (65%)
----------------- Invoking toplevel() on ptolemy.moml.MoMLSimpleApplication@55efaf79
----------------- Done invoking toplevel() on ptolemy.moml.MoMLSimpleApplication@55efaf79
reloadAllAccessors: .LevelCrossTest13

===========================================================================================
----------------- testing Fri Nov 29 06:26:31 UTC 2019 /home/travis/build/icyphy/ptII/ptolemy/actor/lib/test/auto/LevelCrossTest2.xml
----------------- Instantiating /home/travis/build/icyphy/ptII/ptolemy/actor/lib/test/auto/LevelCrossTest2.xml
1 ms. Memory: 477184K Free: 302910K (63%)
----------------- Invoking toplevel() on ptolemy.moml.MoMLSimpleApplication@1d546b1e
----------------- Done invoking toplevel() on ptolemy.moml.MoMLSimpleApplication@1d546b1e
reloadAllAccessors: .broken

===========================================================================================
----------------- testing Fri Nov 29 06:26:31 UTC 2019 /home/travis/build/icyphy/ptII/ptolemy/actor/lib/test/auto/LevelCrossTest3.xml
----------------- Instantiating /home/travis/build/icyphy/ptII/ptolemy/actor/lib/test/auto/LevelCrossTest3.xml
2 ms. Memory: 477184K Free: 296256K (62%)
----------------- Invoking toplevel() on ptolemy.moml.MoMLSimpleApplication@1ee0651
----------------- Done invoking toplevel() on ptolemy.moml.MoMLSimpleApplication@1ee0651
reloadAllAccessors: .LevelCrossTest3

===========================================================================================
----------------- testing Fri Nov 29 06:26:31 UTC 2019 /home/travis/build/icyphy/ptII/ptolemy/actor/lib/test/auto/LevelCrossTest4.xml
----------------- Instantiating /home/travis/build/icyphy/ptII/ptolemy/actor/lib/test/auto/LevelCrossTest4.xml
1 ms. Memory: 477184K Free: 290622K (61%)
----------------- Invoking toplevel() on ptolemy.moml.MoMLSimpleApplication@43b65fd5
----------------- Done invoking toplevel() on ptolemy.moml.MoMLSimpleApplication@43b65fd5
reloadAllAccessors: .broken

===========================================================================================
----------------- testing Fri Nov 29 06:26:31 UTC 2019 /home/travis/build/icyphy/ptII/ptolemy/actor/lib/test/auto/LevelCrossTest5.xml
----------------- Instantiating /home/travis/build/icyphy/ptII/ptolemy/actor/lib/test/auto/LevelCrossTest5.xml
4 ms. Memory: 477184K Free: 283968K (60%)
----------------- Invoking toplevel() on ptolemy.moml.MoMLSimpleApplication@51276d19
----------------- Done invoking toplevel() on ptolemy.moml.MoMLSimpleApplication@51276d19
reloadAllAccessors: .LevelCrossTest5

===========================================================================================
----------------- testing Fri Nov 29 06:26:31 UTC 2019 /home/travis/build/icyphy/ptII/ptolemy/actor/lib/test/auto/LevelCrossTest6.xml
----------------- Instantiating /home/travis/build/icyphy/ptII/ptolemy/actor/lib/test/auto/LevelCrossTest6.xml
1 ms. Memory: 477184K Free: 277824K (58%)
----------------- Invoking toplevel() on ptolemy.moml.MoMLSimpleApplication@6ee63c7e
----------------- Done invoking toplevel() on ptolemy.moml.MoMLSimpleApplication@6ee63c7e
reloadAllAccessors: .LevelCrossTest6

===========================================================================================
----------------- testing Fri Nov 29 06:26:31 UTC 2019 /home/travis/build/icyphy/ptII/ptolemy/actor/lib/test/auto/LevelCrossTest7.xml
----------------- Instantiating /home/travis/build/icyphy/ptII/ptolemy/actor/lib/test/auto/LevelCrossTest7.xml
1 ms. Memory: 477184K Free: 270142K (57%)
----------------- Invoking toplevel() on ptolemy.moml.MoMLSimpleApplication@3337f68b
----------------- Done invoking toplevel() on ptolemy.moml.MoMLSimpleApplication@3337f68b
reloadAllAccessors: .LevelCrossTest7

===========================================================================================
----------------- testing Fri Nov 29 06:26:31 UTC 2019 /home/travis/build/icyphy/ptII/ptolemy/actor/lib/test/auto/LevelCrossTest8.xml
----------------- Instantiating /home/travis/build/icyphy/ptII/ptolemy/actor/lib/test/auto/LevelCrossTest8.xml
2 ms. Memory: 477184K Free: 262974K (55%)
----------------- Invoking toplevel() on ptolemy.moml.MoMLSimpleApplication@e8024e4
----------------- Done invoking toplevel() on ptolemy.moml.MoMLSimpleApplication@e8024e4
reloadAllAccessors: .LevelCrossTest8

===========================================================================================
----------------- testing Fri Nov 29 06:26:31 UTC 2019 /home/travis/build/icyphy/ptII/ptolemy/actor/lib/test/auto/LevelCrossTest9.xml
----------------- Instantiating /home/travis/build/icyphy/ptII/ptolemy/actor/lib/test/auto/LevelCrossTest9.xml
1 ms. Memory: 477184K Free: 256830K (54%)
----------------- Invoking toplevel() on ptolemy.moml.MoMLSimpleApplication@112daa2f
----------------- Done invoking toplevel() on ptolemy.moml.MoMLSimpleApplication@112daa2f
reloadAllAccessors: .LevelCrossTest9

===========================================================================================
----------------- testing Fri Nov 29 06:26:31 UTC 2019 /home/travis/build/icyphy/ptII/ptolemy/actor/lib/test/auto/LevinsonDurbin.xml
----------------- Instantiating /home/travis/build/icyphy/ptII/ptolemy/actor/lib/test/auto/LevinsonDurbin.xml
10 ms. Memory: 477184K Free: 252734K (53%)
----------------- Invoking toplevel() on ptolemy.moml.MoMLSimpleApplication@75cff285
----------------- Done invoking toplevel() on ptolemy.moml.MoMLSimpleApplication@75cff285
reloadAllAccessors: .LevinsonDurbin

===========================================================================================
----------------- testing Fri Nov 29 06:26:31 UTC 2019 /home/travis/build/icyphy/ptII/ptolemy/actor/lib/test/auto/LevinsonDurbin2.xml
----------------- Instantiating /home/travis/build/icyphy/ptII/ptolemy/actor/lib/test/auto/LevinsonDurbin2.xml
2 ms. Memory: 477184K Free: 248638K (52%)
----------------- Invoking toplevel() on ptolemy.moml.MoMLSimpleApplication@3e16804b
----------------- Done invoking toplevel() on ptolemy.moml.MoMLSimpleApplication@3e16804b
reloadAllAccessors: .LevinsonDurbin2

===========================================================================================
----------------- testing Fri Nov 29 06:26:31 UTC 2019 /home/travis/build/icyphy/ptII/ptolemy/actor/lib/test/auto/LevinsonDurbin3.xml
----------------- Instantiating /home/travis/build/icyphy/ptII/ptolemy/actor/lib/test/auto/LevinsonDurbin3.xml
2 ms. Memory: 477184K Free: 244542K (51%)
----------------- Invoking toplevel() on ptolemy.moml.MoMLSimpleApplication@3db30f92
----------------- Done invoking toplevel() on ptolemy.moml.MoMLSimpleApplication@3db30f92
reloadAllAccessors: .LevinsonDurbin3

===========================================================================================
----------------- testing Fri Nov 29 06:26:31 UTC 2019 /home/travis/build/icyphy/ptII/ptolemy/actor/lib/test/auto/Limiter.xml
----------------- Instantiating /home/travis/build/icyphy/ptII/ptolemy/actor/lib/test/auto/Limiter.xml
4 ms. Memory: 477184K Free: 235840K (49%)
----------------- Invoking toplevel() on ptolemy.moml.MoMLSimpleApplication@261d54b6
----------------- Done invoking toplevel() on ptolemy.moml.MoMLSimpleApplication@261d54b6
reloadAllAccessors: .Limiter

===========================================================================================
----------------- testing Fri Nov 29 06:26:31 UTC 2019 /home/travis/build/icyphy/ptII/ptolemy/actor/lib/test/auto/LinearDifferenceEquationSystem.xml
----------------- Instantiating /home/travis/build/icyphy/ptII/ptolemy/actor/lib/test/auto/LinearDifferenceEquationSystem.xml
2 ms. Memory: 477184K Free: 228672K (48%)
----------------- Invoking toplevel() on ptolemy.moml.MoMLSimpleApplication@2792892b
----------------- Done invoking toplevel() on ptolemy.moml.MoMLSimpleApplication@2792892b
reloadAllAccessors: .LinearDifferenceEquationSystem

===========================================================================================
----------------- testing Fri Nov 29 06:26:31 UTC 2019 /home/travis/build/icyphy/ptII/ptolemy/actor/lib/test/auto/LookupTable.xml
----------------- Instantiating /home/travis/build/icyphy/ptII/ptolemy/actor/lib/test/auto/LookupTable.xml
2 ms. Memory: 477184K Free: 224062K (47%)
----------------- Invoking toplevel() on ptolemy.moml.MoMLSimpleApplication@5b42f27b
----------------- Done invoking toplevel() on ptolemy.moml.MoMLSimpleApplication@5b42f27b
reloadAllAccessors: .LookupTable

===========================================================================================
----------------- testing Fri Nov 29 06:26:31 UTC 2019 /home/travis/build/icyphy/ptII/ptolemy/actor/lib/test/auto/MathFunction.xml
----------------- Instantiating /home/travis/build/icyphy/ptII/ptolemy/actor/lib/test/auto/MathFunction.xml
2 ms. Memory: 477184K Free: 215870K (45%)
----------------- Invoking toplevel() on ptolemy.moml.MoMLSimpleApplication@50063782
----------------- Done invoking toplevel() on ptolemy.moml.MoMLSimpleApplication@50063782
reloadAllAccessors: .MathFunction

===========================================================================================
----------------- testing Fri Nov 29 06:26:31 UTC 2019 /home/travis/build/icyphy/ptII/ptolemy/actor/lib/test/auto/MathFunction2.xml
----------------- Instantiating /home/travis/build/icyphy/ptII/ptolemy/actor/lib/test/auto/MathFunction2.xml
8 ms. Memory: 477184K Free: 212288K (44%)
----------------- Invoking toplevel() on ptolemy.moml.MoMLSimpleApplication@425ceaab
----------------- Done invoking toplevel() on ptolemy.moml.MoMLSimpleApplication@425ceaab
reloadAllAccessors: .MathFunction2

===========================================================================================
----------------- testing Fri Nov 29 06:26:31 UTC 2019 /home/travis/build/icyphy/ptII/ptolemy/actor/lib/test/auto/MathFunction3.xml
----------------- Instantiating /home/travis/build/icyphy/ptII/ptolemy/actor/lib/test/auto/MathFunction3.xml
2 ms. Memory: 477184K Free: 205120K (43%)
----------------- Invoking toplevel() on ptolemy.moml.MoMLSimpleApplication@28684839
----------------- Done invoking toplevel() on ptolemy.moml.MoMLSimpleApplication@28684839
reloadAllAccessors: .MathFunction3

===========================================================================================
----------------- testing Fri Nov 29 06:26:31 UTC 2019 /home/travis/build/icyphy/ptII/ptolemy/actor/lib/test/auto/MatrixCropBoolean.xml
----------------- Instantiating /home/travis/build/icyphy/ptII/ptolemy/actor/lib/test/auto/MatrixCropBoolean.xml
2 ms. Memory: 477184K Free: 200000K (42%)
----------------- Invoking toplevel() on ptolemy.moml.MoMLSimpleApplication@2ab234e8
----------------- Done invoking toplevel() on ptolemy.moml.MoMLSimpleApplication@2ab234e8
reloadAllAccessors: .MatrixCropBoolean

===========================================================================================
----------------- testing Fri Nov 29 06:26:31 UTC 2019 /home/travis/build/icyphy/ptII/ptolemy/actor/lib/test/auto/MatrixCropComplex.xml
----------------- Instantiating /home/travis/build/icyphy/ptII/ptolemy/actor/lib/test/auto/MatrixCropComplex.xml
2 ms. Memory: 477184K Free: 194880K (41%)
----------------- Invoking toplevel() on ptolemy.moml.MoMLSimpleApplication@2ace51e6
----------------- Done invoking toplevel() on ptolemy.moml.MoMLSimpleApplication@2ace51e6
reloadAllAccessors: .MatrixCropComplex

===========================================================================================
----------------- testing Fri Nov 29 06:26:31 UTC 2019 /home/travis/build/icyphy/ptII/ptolemy/actor/lib/test/auto/MatrixCropDouble.xml
----------------- Instantiating /home/travis/build/icyphy/ptII/ptolemy/actor/lib/test/auto/MatrixCropDouble.xml
4 ms. Memory: 477184K Free: 190240K (40%)
----------------- Invoking toplevel() on ptolemy.moml.MoMLSimpleApplication@724eba6
----------------- Done invoking toplevel() on ptolemy.moml.MoMLSimpleApplication@724eba6
reloadAllAccessors: .MatrixCropDouble

===========================================================================================
----------------- testing Fri Nov 29 06:26:31 UTC 2019 /home/travis/build/icyphy/ptII/ptolemy/actor/lib/test/auto/MatrixCropFix.xml
----------------- Instantiating /home/travis/build/icyphy/ptII/ptolemy/actor/lib/test/auto/MatrixCropFix.xml
1 ms. Memory: 477184K Free: 185136K (39%)
----------------- Invoking toplevel() on ptolemy.moml.MoMLSimpleApplication@2e1ccca5
----------------- Done invoking toplevel() on ptolemy.moml.MoMLSimpleApplication@2e1ccca5
reloadAllAccessors: .MatrixCropFix

===========================================================================================
----------------- testing Fri Nov 29 06:26:31 UTC 2019 /home/travis/build/icyphy/ptII/ptolemy/actor/lib/test/auto/MatrixCropInt.xml
----------------- Instantiating /home/travis/build/icyphy/ptII/ptolemy/actor/lib/test/auto/MatrixCropInt.xml
1 ms. Memory: 477184K Free: 180000K (38%)
----------------- Invoking toplevel() on ptolemy.moml.MoMLSimpleApplication@6a13aa1b
----------------- Done invoking toplevel() on ptolemy.moml.MoMLSimpleApplication@6a13aa1b
reloadAllAccessors: .MatrixCropInt

===========================================================================================
----------------- testing Fri Nov 29 06:26:31 UTC 2019 /home/travis/build/icyphy/ptII/ptolemy/actor/lib/test/auto/MatrixCropLong.xml
----------------- Instantiating /home/travis/build/icyphy/ptII/ptolemy/actor/lib/test/auto/MatrixCropLong.xml
1 ms. Memory: 477184K Free: 175424K (37%)
----------------- Invoking toplevel() on ptolemy.moml.MoMLSimpleApplication@c22b5d3
----------------- Done invoking toplevel() on ptolemy.moml.MoMLSimpleApplication@c22b5d3
reloadAllAccessors: .MatrixCropLong

===========================================================================================
----------------- testing Fri Nov 29 06:26:31 UTC 2019 /home/travis/build/icyphy/ptII/ptolemy/actor/lib/test/auto/MatrixToArray.xml
----------------- Instantiating /home/travis/build/icyphy/ptII/ptolemy/actor/lib/test/auto/MatrixToArray.xml
5 ms. Memory: 477184K Free: 160574K (34%)
----------------- Invoking toplevel() on ptolemy.moml.MoMLSimpleApplication@2c44c652
----------------- Done invoking toplevel() on ptolemy.moml.MoMLSimpleApplication@2c44c652
reloadAllAccessors: .MatrixToArray

===========================================================================================
----------------- testing Fri Nov 29 06:26:31 UTC 2019 /home/travis/build/icyphy/ptII/ptolemy/actor/lib/test/auto/MaxIndex.xml
----------------- Instantiating /home/travis/build/icyphy/ptII/ptolemy/actor/lib/test/auto/MaxIndex.xml
2 ms. Memory: 477184K Free: 155454K (33%)
----------------- Invoking toplevel() on ptolemy.moml.MoMLSimpleApplication@9acdf2a
----------------- Done invoking toplevel() on ptolemy.moml.MoMLSimpleApplication@9acdf2a
reloadAllAccessors: .MaxIndex

===========================================================================================
----------------- testing Fri Nov 29 06:26:31 UTC 2019 /home/travis/build/icyphy/ptII/ptolemy/actor/lib/test/auto/Maximum.xml
----------------- Instantiating /home/travis/build/icyphy/ptII/ptolemy/actor/lib/test/auto/Maximum.xml
7 ms. Memory: 477184K Free: 148800K (31%)
----------------- Invoking toplevel() on ptolemy.moml.MoMLSimpleApplication@23be7731
----------------- Done invoking toplevel() on ptolemy.moml.MoMLSimpleApplication@23be7731
reloadAllAccessors: .Maximum

===========================================================================================
----------------- testing Fri Nov 29 06:26:31 UTC 2019 /home/travis/build/icyphy/ptII/ptolemy/actor/lib/test/auto/MaximumComplex.xml
----------------- Instantiating /home/travis/build/icyphy/ptII/ptolemy/actor/lib/test/auto/MaximumComplex.xml
4 ms. Memory: 477184K Free: 425019K (89%)
----------------- Invoking toplevel() on ptolemy.moml.MoMLSimpleApplication@1e9b089
----------------- Done invoking toplevel() on ptolemy.moml.MoMLSimpleApplication@1e9b089
reloadAllAccessors: .MaximumComplex

===========================================================================================
----------------- testing Fri Nov 29 06:26:31 UTC 2019 /home/travis/build/icyphy/ptII/ptolemy/actor/lib/test/auto/MethodCallTest.xml
----------------- Instantiating /home/travis/build/icyphy/ptII/ptolemy/actor/lib/test/auto/MethodCallTest.xml
3 ms. Memory: 477184K Free: 418361K (88%)
----------------- Invoking toplevel() on ptolemy.moml.MoMLSimpleApplication@670d6b00
----------------- Done invoking toplevel() on ptolemy.moml.MoMLSimpleApplication@670d6b00
reloadAllAccessors: .MethodCallTest

===========================================================================================
----------------- testing Fri Nov 29 06:26:31 UTC 2019 /home/travis/build/icyphy/ptII/ptolemy/actor/lib/test/auto/Minimum.xml
----------------- Instantiating /home/travis/build/icyphy/ptII/ptolemy/actor/lib/test/auto/Minimum.xml
4 ms. Memory: 477184K Free: 411707K (86%)
----------------- Invoking toplevel() on ptolemy.moml.MoMLSimpleApplication@49d4f341
----------------- Done invoking toplevel() on ptolemy.moml.MoMLSimpleApplication@49d4f341
reloadAllAccessors: .Minimum

===========================================================================================
----------------- testing Fri Nov 29 06:26:31 UTC 2019 /home/travis/build/icyphy/ptII/ptolemy/actor/lib/test/auto/MinimumComplex.xml
----------------- Instantiating /home/travis/build/icyphy/ptII/ptolemy/actor/lib/test/auto/MinimumComplex.xml
3 ms. Memory: 477184K Free: 405563K (85%)
----------------- Invoking toplevel() on ptolemy.moml.MoMLSimpleApplication@2885e431
----------------- Done invoking toplevel() on ptolemy.moml.MoMLSimpleApplication@2885e431
reloadAllAccessors: .MinimumComplex

===========================================================================================
----------------- testing Fri Nov 29 06:26:31 UTC 2019 /home/travis/build/icyphy/ptII/ptolemy/actor/lib/test/auto/MinimumMultiports.xml
----------------- Instantiating /home/travis/build/icyphy/ptII/ptolemy/actor/lib/test/auto/MinimumMultiports.xml
3 ms. Memory: 477184K Free: 396843K (83%)
----------------- Invoking toplevel() on ptolemy.moml.MoMLSimpleApplication@bda37e0
----------------- Done invoking toplevel() on ptolemy.moml.MoMLSimpleApplication@bda37e0
reloadAllAccessors: .MinimumMultiports

===========================================================================================
----------------- testing Fri Nov 29 06:26:31 UTC 2019 /home/travis/build/icyphy/ptII/ptolemy/actor/lib/test/auto/ModifyDate.xml
----------------- Instantiating /home/travis/build/icyphy/ptII/ptolemy/actor/lib/test/auto/ModifyDate.xml
10 ms. Memory: 477184K Free: 384569K (81%)
----------------- Invoking toplevel() on ptolemy.moml.MoMLSimpleApplication@43dc96a0
----------------- Done invoking toplevel() on ptolemy.moml.MoMLSimpleApplication@43dc96a0
reloadAllAccessors: .ModifyDate

===========================================================================================
----------------- testing Fri Nov 29 06:26:32 UTC 2019 /home/travis/build/icyphy/ptII/ptolemy/actor/lib/test/auto/ModifyDate2.xml
----------------- Instantiating /home/travis/build/icyphy/ptII/ptolemy/actor/lib/test/auto/ModifyDate2.xml
5 ms. Memory: 477184K Free: 375867K (79%)
----------------- Invoking toplevel() on ptolemy.moml.MoMLSimpleApplication@55e9e643
----------------- Done invoking toplevel() on ptolemy.moml.MoMLSimpleApplication@55e9e643
reloadAllAccessors: .ModifyDate2

===========================================================================================
----------------- testing Fri Nov 29 06:26:32 UTC 2019 /home/travis/build/icyphy/ptII/ptolemy/actor/lib/test/auto/MovingAverage.xml
----------------- Instantiating /home/travis/build/icyphy/ptII/ptolemy/actor/lib/test/auto/MovingAverage.xml
2 ms. Memory: 477184K Free: 370747K (78%)
----------------- Invoking toplevel() on ptolemy.moml.MoMLSimpleApplication@524f3a47
----------------- Done invoking toplevel() on ptolemy.moml.MoMLSimpleApplication@524f3a47
reloadAllAccessors: .MovingAverage

===========================================================================================
----------------- testing Fri Nov 29 06:26:32 UTC 2019 /home/travis/build/icyphy/ptII/ptolemy/actor/lib/test/auto/MovingMaximum.xml
----------------- Instantiating /home/travis/build/icyphy/ptII/ptolemy/actor/lib/test/auto/MovingMaximum.xml
1 ms. Memory: 477184K Free: 366137K (77%)
----------------- Invoking toplevel() on ptolemy.moml.MoMLSimpleApplication@60f22c4d
----------------- Done invoking toplevel() on ptolemy.moml.MoMLSimpleApplication@60f22c4d
reloadAllAccessors: .MovingMaximum

===========================================================================================
----------------- testing Fri Nov 29 06:26:32 UTC 2019 /home/travis/build/icyphy/ptII/ptolemy/actor/lib/test/auto/MultipleLinksToSameRelation.xml
----------------- Instantiating /home/travis/build/icyphy/ptII/ptolemy/actor/lib/test/auto/MultipleLinksToSameRelation.xml
3 ms. Memory: 477184K Free: 362041K (76%)
----------------- Invoking toplevel() on ptolemy.moml.MoMLSimpleApplication@524bf387
----------------- Done invoking toplevel() on ptolemy.moml.MoMLSimpleApplication@524bf387
reloadAllAccessors: .MultipleLinksToSameRelation

===========================================================================================
----------------- testing Fri Nov 29 06:26:32 UTC 2019 /home/travis/build/icyphy/ptII/ptolemy/actor/lib/test/auto/MultipleLinksToSameRelationDE.xml
----------------- Instantiating /home/travis/build/icyphy/ptII/ptolemy/actor/lib/test/auto/MultipleLinksToSameRelationDE.xml
4 ms. Memory: 477184K Free: 357931K (75%)
----------------- Invoking toplevel() on ptolemy.moml.MoMLSimpleApplication@57e89e50
----------------- Done invoking toplevel() on ptolemy.moml.MoMLSimpleApplication@57e89e50
reloadAllAccessors: .MultipleLinksToSameRelationDE

===========================================================================================
----------------- testing Fri Nov 29 06:26:32 UTC 2019 /home/travis/build/icyphy/ptII/ptolemy/actor/lib/test/auto/Multiplexor.xml
----------------- Instantiating /home/travis/build/icyphy/ptII/ptolemy/actor/lib/test/auto/Multiplexor.xml
2 ms. Memory: 477184K Free: 352315K (74%)
----------------- Invoking toplevel() on ptolemy.moml.MoMLSimpleApplication@5b21bdaf
----------------- Done invoking toplevel() on ptolemy.moml.MoMLSimpleApplication@5b21bdaf
reloadAllAccessors: .Multiplexor

===========================================================================================
----------------- testing Fri Nov 29 06:26:32 UTC 2019 /home/travis/build/icyphy/ptII/ptolemy/actor/lib/test/auto/Multiplexor1.xml
----------------- Instantiating /home/travis/build/icyphy/ptII/ptolemy/actor/lib/test/auto/Multiplexor1.xml
2 ms. Memory: 477184K Free: 346675K (73%)
----------------- Invoking toplevel() on ptolemy.moml.MoMLSimpleApplication@795f3425
----------------- Done invoking toplevel() on ptolemy.moml.MoMLSimpleApplication@795f3425
reloadAllAccessors: .Multiplexor1

===========================================================================================
----------------- testing Fri Nov 29 06:26:32 UTC 2019 /home/travis/build/icyphy/ptII/ptolemy/actor/lib/test/auto/Multiplexor2.xml
----------------- Instantiating /home/travis/build/icyphy/ptII/ptolemy/actor/lib/test/auto/Multiplexor2.xml
5 ms. Memory: 477184K Free: 340027K (71%)
----------------- Invoking toplevel() on ptolemy.moml.MoMLSimpleApplication@7666a2e1
----------------- Done invoking toplevel() on ptolemy.moml.MoMLSimpleApplication@7666a2e1
reloadAllAccessors: .Multiplexor2

===========================================================================================
----------------- testing Fri Nov 29 06:26:32 UTC 2019 /home/travis/build/icyphy/ptII/ptolemy/actor/lib/test/auto/Multiplexor3.xml
----------------- Instantiating /home/travis/build/icyphy/ptII/ptolemy/actor/lib/test/auto/Multiplexor3.xml
3 ms. Memory: 477184K Free: 335931K (70%)
----------------- Invoking toplevel() on ptolemy.moml.MoMLSimpleApplication@5c55f2a7
----------------- Done invoking toplevel() on ptolemy.moml.MoMLSimpleApplication@5c55f2a7
reloadAllAccessors: .Multiplexor3

===========================================================================================
----------------- testing Fri Nov 29 06:26:32 UTC 2019 /home/travis/build/icyphy/ptII/ptolemy/actor/lib/test/auto/MultiplexorDE.xml
----------------- Instantiating /home/travis/build/icyphy/ptII/ptolemy/actor/lib/test/auto/MultiplexorDE.xml
3 ms. Memory: 477184K Free: 328763K (69%)
----------------- Invoking toplevel() on ptolemy.moml.MoMLSimpleApplication@3c643a77
----------------- Done invoking toplevel() on ptolemy.moml.MoMLSimpleApplication@3c643a77
reloadAllAccessors: .MultiplexorDE

===========================================================================================
----------------- testing Fri Nov 29 06:26:32 UTC 2019 /home/travis/build/icyphy/ptII/ptolemy/actor/lib/test/auto/MultiportBroadcastTest.xml
----------------- Instantiating /home/travis/build/icyphy/ptII/ptolemy/actor/lib/test/auto/MultiportBroadcastTest.xml
70 ms. Memory: 477184K Free: 322619K (68%)
----------------- Invoking toplevel() on ptolemy.moml.MoMLSimpleApplication@2727f7c3
----------------- Done invoking toplevel() on ptolemy.moml.MoMLSimpleApplication@2727f7c3
reloadAllAccessors: .MultiportBroadcastTest

===========================================================================================
----------------- testing Fri Nov 29 06:26:32 UTC 2019 /home/travis/build/icyphy/ptII/ptolemy/actor/lib/test/auto/MultiportOutHangDuringGetWidth.xml
----------------- Instantiating /home/travis/build/icyphy/ptII/ptolemy/actor/lib/test/auto/MultiportOutHangDuringGetWidth.xml
4 ms. Memory: 477184K Free: 310331K (65%)
----------------- Invoking toplevel() on ptolemy.moml.MoMLSimpleApplication@4c72fb9c
----------------- Done invoking toplevel() on ptolemy.moml.MoMLSimpleApplication@4c72fb9c
reloadAllAccessors: .MultiportOutHangDuringGetWidth

===========================================================================================
----------------- testing Fri Nov 29 06:26:32 UTC 2019 /home/travis/build/icyphy/ptII/ptolemy/actor/lib/test/auto/NilToken.xml
----------------- Instantiating /home/travis/build/icyphy/ptII/ptolemy/actor/lib/test/auto/NilToken.xml
2 ms. Memory: 477184K Free: 306235K (64%)
----------------- Invoking toplevel() on ptolemy.moml.MoMLSimpleApplication@2f931e24
----------------- Done invoking toplevel() on ptolemy.moml.MoMLSimpleApplication@2f931e24
reloadAllAccessors: .NilToken

===========================================================================================
----------------- testing Fri Nov 29 06:26:32 UTC 2019 /home/travis/build/icyphy/ptII/ptolemy/actor/lib/test/auto/NilTokenNonStrictTest.xml
----------------- Instantiating /home/travis/build/icyphy/ptII/ptolemy/actor/lib/test/auto/NilTokenNonStrictTest.xml
1 ms. Memory: 477184K Free: 301115K (63%)
----------------- Invoking toplevel() on ptolemy.moml.MoMLSimpleApplication@529f73b2
----------------- Done invoking toplevel() on ptolemy.moml.MoMLSimpleApplication@529f73b2
reloadAllAccessors: .NilTokenNonStrictTest

===========================================================================================
----------------- testing Fri Nov 29 06:26:32 UTC 2019 /home/travis/build/icyphy/ptII/ptolemy/actor/lib/test/auto/NilTokenRecord.xml
----------------- Instantiating /home/travis/build/icyphy/ptII/ptolemy/actor/lib/test/auto/NilTokenRecord.xml
6 ms. Memory: 477184K Free: 294457K (62%)
----------------- Invoking toplevel() on ptolemy.moml.MoMLSimpleApplication@450c3e76
----------------- Done invoking toplevel() on ptolemy.moml.MoMLSimpleApplication@450c3e76
reloadAllAccessors: .NilTokenRecord

===========================================================================================
----------------- testing Fri Nov 29 06:26:32 UTC 2019 /home/travis/build/icyphy/ptII/ptolemy/actor/lib/test/auto/NilTokenTypeTest.xml
----------------- Instantiating /home/travis/build/icyphy/ptII/ptolemy/actor/lib/test/auto/NilTokenTypeTest.xml
6 ms. Memory: 477184K Free: 285241K (60%)
----------------- Invoking toplevel() on ptolemy.moml.MoMLSimpleApplication@637c6b7
----------------- Done invoking toplevel() on ptolemy.moml.MoMLSimpleApplication@637c6b7
reloadAllAccessors: .NilTokenTypeTest

===========================================================================================
----------------- testing Fri Nov 29 06:26:32 UTC 2019 /home/travis/build/icyphy/ptII/ptolemy/actor/lib/test/auto/ObjectToken1.xml
----------------- Instantiating /home/travis/build/icyphy/ptII/ptolemy/actor/lib/test/auto/ObjectToken1.xml
3 ms. Memory: 477184K Free: 281145K (59%)
----------------- Invoking toplevel() on ptolemy.moml.MoMLSimpleApplication@7adc786b
----------------- Done invoking toplevel() on ptolemy.moml.MoMLSimpleApplication@7adc786b
reloadAllAccessors: .ObjectToken1

===========================================================================================
----------------- testing Fri Nov 29 06:26:32 UTC 2019 /home/travis/build/icyphy/ptII/ptolemy/actor/lib/test/auto/OrderedMerge.xml
----------------- Instantiating /home/travis/build/icyphy/ptII/ptolemy/actor/lib/test/auto/OrderedMerge.xml
7 ms. Memory: 477184K Free: 275515K (58%)
----------------- Invoking toplevel() on ptolemy.moml.MoMLSimpleApplication@237f277c
----------------- Done invoking toplevel() on ptolemy.moml.MoMLSimpleApplication@237f277c
reloadAllAccessors: .OrderedMerge

===========================================================================================
----------------- testing Fri Nov 29 06:26:32 UTC 2019 /home/travis/build/icyphy/ptII/ptolemy/actor/lib/test/auto/OrderedRecordDisassembler.xml
----------------- Instantiating /home/travis/build/icyphy/ptII/ptolemy/actor/lib/test/auto/OrderedRecordDisassembler.xml
2 ms. Memory: 477184K Free: 270395K (57%)
----------------- Invoking toplevel() on ptolemy.moml.MoMLSimpleApplication@1858724b
----------------- Done invoking toplevel() on ptolemy.moml.MoMLSimpleApplication@1858724b
reloadAllAccessors: .OrderedRecordDisassembler

===========================================================================================
----------------- testing Fri Nov 29 06:26:32 UTC 2019 /home/travis/build/icyphy/ptII/ptolemy/actor/lib/test/auto/OrderedRecordDisassembler2.xml
----------------- Instantiating /home/travis/build/icyphy/ptII/ptolemy/actor/lib/test/auto/OrderedRecordDisassembler2.xml
4 ms. Memory: 477184K Free: 262699K (55%)
----------------- Invoking toplevel() on ptolemy.moml.MoMLSimpleApplication@5c1254ef
----------------- Done invoking toplevel() on ptolemy.moml.MoMLSimpleApplication@5c1254ef
reloadAllAccessors: .OrderedRecordDisassembler2

===========================================================================================
----------------- testing Fri Nov 29 06:26:32 UTC 2019 /home/travis/build/icyphy/ptII/ptolemy/actor/lib/test/auto/OrderedRecordUpdater.xml
----------------- Instantiating /home/travis/build/icyphy/ptII/ptolemy/actor/lib/test/auto/OrderedRecordUpdater.xml
2 ms. Memory: 477184K Free: 257593K (54%)
----------------- Invoking toplevel() on ptolemy.moml.MoMLSimpleApplication@3f49fab0
----------------- Done invoking toplevel() on ptolemy.moml.MoMLSimpleApplication@3f49fab0
reloadAllAccessors: .RecordUpdater

===========================================================================================
----------------- testing Fri Nov 29 06:26:32 UTC 2019 /home/travis/build/icyphy/ptII/ptolemy/actor/lib/test/auto/OrderedRecordUpdater2.xml
----------------- Instantiating /home/travis/build/icyphy/ptII/ptolemy/actor/lib/test/auto/OrderedRecordUpdater2.xml
3 ms. Memory: 477184K Free: 252473K (53%)
----------------- Invoking toplevel() on ptolemy.moml.MoMLSimpleApplication@5ab3416c
----------------- Done invoking toplevel() on ptolemy.moml.MoMLSimpleApplication@5ab3416c
reloadAllAccessors: .RecordUpdater2

===========================================================================================
----------------- testing Fri Nov 29 06:26:32 UTC 2019 /home/travis/build/icyphy/ptII/ptolemy/actor/lib/test/auto/PhaseUnwrap.xml
----------------- Instantiating /home/travis/build/icyphy/ptII/ptolemy/actor/lib/test/auto/PhaseUnwrap.xml
2 ms. Memory: 477184K Free: 248377K (52%)
----------------- Invoking toplevel() on ptolemy.moml.MoMLSimpleApplication@64bd8cb7
----------------- Done invoking toplevel() on ptolemy.moml.MoMLSimpleApplication@64bd8cb7
reloadAllAccessors: .PhaseUnwrap

===========================================================================================
----------------- testing Fri Nov 29 06:26:32 UTC 2019 /home/travis/build/icyphy/ptII/ptolemy/actor/lib/test/auto/PoissonClock.xml
----------------- Instantiating /home/travis/build/icyphy/ptII/ptolemy/actor/lib/test/auto/PoissonClock.xml
1 ms. Memory: 477184K Free: 244281K (51%)
----------------- Invoking toplevel() on ptolemy.moml.MoMLSimpleApplication@72633ecd
----------------- Done invoking toplevel() on ptolemy.moml.MoMLSimpleApplication@72633ecd
reloadAllAccessors: .PoissonClock

===========================================================================================
----------------- testing Fri Nov 29 06:26:32 UTC 2019 /home/travis/build/icyphy/ptII/ptolemy/actor/lib/test/auto/PoissonClock2.xml
----------------- Instantiating /home/travis/build/icyphy/ptII/ptolemy/actor/lib/test/auto/PoissonClock2.xml
1 ms. Memory: 477184K Free: 239675K (50%)
----------------- Invoking toplevel() on ptolemy.moml.MoMLSimpleApplication@26c1bffa
----------------- Done invoking toplevel() on ptolemy.moml.MoMLSimpleApplication@26c1bffa
reloadAllAccessors: .PoissonClock2

===========================================================================================
----------------- testing Fri Nov 29 06:26:32 UTC 2019 /home/travis/build/icyphy/ptII/ptolemy/actor/lib/test/auto/PoissonClock3.xml
----------------- Instantiating /home/travis/build/icyphy/ptII/ptolemy/actor/lib/test/auto/PoissonClock3.xml
3 ms. Memory: 477184K Free: 235065K (49%)
----------------- Invoking toplevel() on ptolemy.moml.MoMLSimpleApplication@625aa19c
----------------- Done invoking toplevel() on ptolemy.moml.MoMLSimpleApplication@625aa19c
reloadAllAccessors: .PoissonClock3

===========================================================================================
----------------- testing Fri Nov 29 06:26:32 UTC 2019 /home/travis/build/icyphy/ptII/ptolemy/actor/lib/test/auto/PubSubWithInitialTokens.xml
----------------- Instantiating /home/travis/build/icyphy/ptII/ptolemy/actor/lib/test/auto/PubSubWithInitialTokens.xml
2 ms. Memory: 477184K Free: 229435K (48%)
----------------- Invoking toplevel() on ptolemy.moml.MoMLSimpleApplication@41e90979
----------------- Done invoking toplevel() on ptolemy.moml.MoMLSimpleApplication@41e90979
reloadAllAccessors: .PubSubWithInitialTokens

===========================================================================================
----------------- testing Fri Nov 29 06:26:32 UTC 2019 /home/travis/build/icyphy/ptII/ptolemy/actor/lib/test/auto/PubSubWithInitialTokens2.xml
----------------- Instantiating /home/travis/build/icyphy/ptII/ptolemy/actor/lib/test/auto/PubSubWithInitialTokens2.xml
2 ms. Memory: 477184K Free: 223291K (47%)
----------------- Invoking toplevel() on ptolemy.moml.MoMLSimpleApplication@2b7d0a57
----------------- Done invoking toplevel() on ptolemy.moml.MoMLSimpleApplication@2b7d0a57
reloadAllAccessors: .PubSubWithInitialTokens2

===========================================================================================
----------------- testing Fri Nov 29 06:26:32 UTC 2019 /home/travis/build/icyphy/ptII/ptolemy/actor/lib/test/auto/PublisherClassNoParameter.xml
----------------- Instantiating /home/travis/build/icyphy/ptII/ptolemy/actor/lib/test/auto/PublisherClassNoParameter.xml
3 ms. Memory: 477184K Free: 213561K (45%)
----------------- Invoking toplevel() on ptolemy.moml.MoMLSimpleApplication@2edda3bc
----------------- Done invoking toplevel() on ptolemy.moml.MoMLSimpleApplication@2edda3bc
reloadAllAccessors: .PublisherClassNoParameter

===========================================================================================
----------------- testing Fri Nov 29 06:26:32 UTC 2019 /home/travis/build/icyphy/ptII/ptolemy/actor/lib/test/auto/PublisherClassParameter.xml
----------------- Instantiating /home/travis/build/icyphy/ptII/ptolemy/actor/lib/test/auto/PublisherClassParameter.xml
2 ms. Memory: 477184K Free: 203835K (43%)
----------------- Invoking toplevel() on ptolemy.moml.MoMLSimpleApplication@44df9803
----------------- Done invoking toplevel() on ptolemy.moml.MoMLSimpleApplication@44df9803
reloadAllAccessors: .PublisherClassParameter

===========================================================================================
----------------- testing Fri Nov 29 06:26:32 UTC 2019 /home/travis/build/icyphy/ptII/ptolemy/actor/lib/test/auto/PublisherNonStrictTest.xml
----------------- Instantiating /home/travis/build/icyphy/ptII/ptolemy/actor/lib/test/auto/PublisherNonStrictTest.xml
4 ms. Memory: 477184K Free: 196147K (41%)
----------------- Invoking toplevel() on ptolemy.moml.MoMLSimpleApplication@53b13cad
----------------- Done invoking toplevel() on ptolemy.moml.MoMLSimpleApplication@53b13cad
reloadAllAccessors: .PublisherNonStrictTest

===========================================================================================
----------------- testing Fri Nov 29 06:26:32 UTC 2019 /home/travis/build/icyphy/ptII/ptolemy/actor/lib/test/auto/PublisherPort1.xml
----------------- Instantiating /home/travis/build/icyphy/ptII/ptolemy/actor/lib/test/auto/PublisherPort1.xml
2 ms. Memory: 477184K Free: 190523K (40%)
----------------- Invoking toplevel() on ptolemy.moml.MoMLSimpleApplication@5cd7fb8e
----------------- Done invoking toplevel() on ptolemy.moml.MoMLSimpleApplication@5cd7fb8e
reloadAllAccessors: .PublisherPort1

===========================================================================================
----------------- testing Fri Nov 29 06:26:32 UTC 2019 /home/travis/build/icyphy/ptII/ptolemy/actor/lib/test/auto/PublisherPort2.xml
----------------- Instantiating /home/travis/build/icyphy/ptII/ptolemy/actor/lib/test/auto/PublisherPort2.xml
1 ms. Memory: 477184K Free: 185403K (39%)
----------------- Invoking toplevel() on ptolemy.moml.MoMLSimpleApplication@3f090e77
----------------- Done invoking toplevel() on ptolemy.moml.MoMLSimpleApplication@3f090e77
reloadAllAccessors: .PublisherPort2

===========================================================================================
----------------- testing Fri Nov 29 06:26:32 UTC 2019 /home/travis/build/icyphy/ptII/ptolemy/actor/lib/test/auto/PublisherPort3.xml
----------------- Instantiating /home/travis/build/icyphy/ptII/ptolemy/actor/lib/test/auto/PublisherPort3.xml
15 ms. Memory: 477184K Free: 178715K (37%)
----------------- Invoking toplevel() on ptolemy.moml.MoMLSimpleApplication@1a897e2d
----------------- Done invoking toplevel() on ptolemy.moml.MoMLSimpleApplication@1a897e2d
reloadAllAccessors: .PublisherPort3

===========================================================================================
----------------- testing Fri Nov 29 06:26:32 UTC 2019 /home/travis/build/icyphy/ptII/ptolemy/actor/lib/test/auto/PublisherPort4.xml
----------------- Instantiating /home/travis/build/icyphy/ptII/ptolemy/actor/lib/test/auto/PublisherPort4.xml
3 ms. Memory: 477184K Free: 173115K (36%)
----------------- Invoking toplevel() on ptolemy.moml.MoMLSimpleApplication@76691220
----------------- Done invoking toplevel() on ptolemy.moml.MoMLSimpleApplication@76691220
reloadAllAccessors: .PublisherPort4

===========================================================================================
----------------- testing Fri Nov 29 06:26:32 UTC 2019 /home/travis/build/icyphy/ptII/ptolemy/actor/lib/test/auto/PublisherPort5.xml
----------------- Instantiating /home/travis/build/icyphy/ptII/ptolemy/actor/lib/test/auto/PublisherPort5.xml
3 ms. Memory: 477184K Free: 165433K (35%)
----------------- Invoking toplevel() on ptolemy.moml.MoMLSimpleApplication@a619f0f
----------------- Done invoking toplevel() on ptolemy.moml.MoMLSimpleApplication@a619f0f
reloadAllAccessors: .PublisherPort5

===========================================================================================
----------------- testing Fri Nov 29 06:26:32 UTC 2019 /home/travis/build/icyphy/ptII/ptolemy/actor/lib/test/auto/PublisherPort5LookAlike.xml
----------------- Instantiating /home/travis/build/icyphy/ptII/ptolemy/actor/lib/test/auto/PublisherPort5LookAlike.xml
8 ms. Memory: 477184K Free: 157755K (33%)
----------------- Invoking toplevel() on ptolemy.moml.MoMLSimpleApplication@cb05b76
----------------- Done invoking toplevel() on ptolemy.moml.MoMLSimpleApplication@cb05b76
reloadAllAccessors: .PublisherPort5LookAlike

===========================================================================================
----------------- testing Fri Nov 29 06:26:32 UTC 2019 /home/travis/build/icyphy/ptII/ptolemy/actor/lib/test/auto/PublisherPort6.xml
----------------- Instantiating /home/travis/build/icyphy/ptII/ptolemy/actor/lib/test/auto/PublisherPort6.xml
2 ms. Memory: 477184K Free: 151083K (32%)
----------------- Invoking toplevel() on ptolemy.moml.MoMLSimpleApplication@25688771
----------------- Done invoking toplevel() on ptolemy.moml.MoMLSimpleApplication@25688771
reloadAllAccessors: .PublisherPort6

===========================================================================================
----------------- testing Fri Nov 29 06:26:32 UTC 2019 /home/travis/build/icyphy/ptII/ptolemy/actor/lib/test/auto/PublisherPort7.xml
----------------- Instantiating /home/travis/build/icyphy/ptII/ptolemy/actor/lib/test/auto/PublisherPort7.xml
4 ms. Memory: 477184K Free: 426046K (89%)
----------------- Invoking toplevel() on ptolemy.moml.MoMLSimpleApplication@2fbabd4f
----------------- Done invoking toplevel() on ptolemy.moml.MoMLSimpleApplication@2fbabd4f
reloadAllAccessors: .PublisherPort7

===========================================================================================
----------------- testing Fri Nov 29 06:26:32 UTC 2019 /home/travis/build/icyphy/ptII/ptolemy/actor/lib/test/auto/PublisherPort8.xml
----------------- Instantiating /home/travis/build/icyphy/ptII/ptolemy/actor/lib/test/auto/PublisherPort8.xml
4 ms. Memory: 477184K Free: 417344K (87%)
----------------- Invoking toplevel() on ptolemy.moml.MoMLSimpleApplication@72955ab7
----------------- Done invoking toplevel() on ptolemy.moml.MoMLSimpleApplication@72955ab7
reloadAllAccessors: .PublisherPort8

===========================================================================================
----------------- testing Fri Nov 29 06:26:32 UTC 2019 /home/travis/build/icyphy/ptII/ptolemy/actor/lib/test/auto/PublisherPortSubscriberChannelVariablesAOC2.xml
----------------- Instantiating /home/travis/build/icyphy/ptII/ptolemy/actor/lib/test/auto/PublisherPortSubscriberChannelVariablesAOC2.xml
3 ms. Memory: 477184K Free: 399422K (84%)
----------------- Invoking toplevel() on ptolemy.moml.MoMLSimpleApplication@2432bf3e
----------------- Done invoking toplevel() on ptolemy.moml.MoMLSimpleApplication@2432bf3e
reloadAllAccessors: .PublisherPortSubscriberChannelVariablesAOC2

===========================================================================================
----------------- testing Fri Nov 29 06:26:32 UTC 2019 /home/travis/build/icyphy/ptII/ptolemy/actor/lib/test/auto/PublisherPortSubscriberOpaqueWidthInference.xml
----------------- Instantiating /home/travis/build/icyphy/ptII/ptolemy/actor/lib/test/auto/PublisherPortSubscriberOpaqueWidthInference.xml
3 ms. Memory: 477184K Free: 391744K (82%)
----------------- Invoking toplevel() on ptolemy.moml.MoMLSimpleApplication@2e29e60e
----------------- Done invoking toplevel() on ptolemy.moml.MoMLSimpleApplication@2e29e60e
reloadAllAccessors: .PublisherPortSubscriberOpaqueWidthInference

===========================================================================================
----------------- testing Fri Nov 29 06:26:32 UTC 2019 /home/travis/build/icyphy/ptII/ptolemy/actor/lib/test/auto/PublisherPortSubscriberPortAdjacent.xml
----------------- Instantiating /home/travis/build/icyphy/ptII/ptolemy/actor/lib/test/auto/PublisherPortSubscriberPortAdjacent.xml
2 ms. Memory: 477184K Free: 383552K (80%)
----------------- Invoking toplevel() on ptolemy.moml.MoMLSimpleApplication@2c82c2d4
----------------- Done invoking toplevel() on ptolemy.moml.MoMLSimpleApplication@2c82c2d4
reloadAllAccessors: .PublisherPortSubscriberPortAdjacent

===========================================================================================
----------------- testing Fri Nov 29 06:26:32 UTC 2019 /home/travis/build/icyphy/ptII/ptolemy/actor/lib/test/auto/PublisherPortSubscriberPortExpression.xml
----------------- Instantiating /home/travis/build/icyphy/ptII/ptolemy/actor/lib/test/auto/PublisherPortSubscriberPortExpression.xml
3 ms. Memory: 477184K Free: 375856K (79%)
----------------- Invoking toplevel() on ptolemy.moml.MoMLSimpleApplication@6a34ead3
----------------- Done invoking toplevel() on ptolemy.moml.MoMLSimpleApplication@6a34ead3
reloadAllAccessors: .PublisherPortSubscriberPortExpression

===========================================================================================
----------------- testing Fri Nov 29 06:26:33 UTC 2019 /home/travis/build/icyphy/ptII/ptolemy/actor/lib/test/auto/PublisherPortSubscriberPortOpaqueD3Reverse.xml
----------------- Instantiating /home/travis/build/icyphy/ptII/ptolemy/actor/lib/test/auto/PublisherPortSubscriberPortOpaqueD3Reverse.xml
6 ms. Memory: 477184K Free: 365630K (77%)
----------------- Invoking toplevel() on ptolemy.moml.MoMLSimpleApplication@5838c221
----------------- Done invoking toplevel() on ptolemy.moml.MoMLSimpleApplication@5838c221
reloadAllAccessors: .PublisherPortSubscriberPortOpaqueD3Reverse

===========================================================================================
----------------- testing Fri Nov 29 06:26:33 UTC 2019 /home/travis/build/icyphy/ptII/ptolemy/actor/lib/test/auto/PublisherPortSubscriberPortOpaqueWidthInference.xml
----------------- Instantiating /home/travis/build/icyphy/ptII/ptolemy/actor/lib/test/auto/PublisherPortSubscriberPortOpaqueWidthInference.xml
3 ms. Memory: 477184K Free: 357952K (75%)
----------------- Invoking toplevel() on ptolemy.moml.MoMLSimpleApplication@291e39e7
----------------- Done invoking toplevel() on ptolemy.moml.MoMLSimpleApplication@291e39e7
reloadAllAccessors: .PublisherPortSubscriberPortOpaqueWidthInference

===========================================================================================
----------------- testing Fri Nov 29 06:26:33 UTC 2019 /home/travis/build/icyphy/ptII/ptolemy/actor/lib/test/auto/PublisherPortToplevelSubscriberPortAOC.xml
----------------- Instantiating /home/travis/build/icyphy/ptII/ptolemy/actor/lib/test/auto/PublisherPortToplevelSubscriberPortAOC.xml
.PublisherPortToplevelSubscriberPortAOC.TestExceptionAttribute: initialize() was not invoked, but wrapup() was.  This is unusual, but not always a problem.  For example, exporting JNLP will do this.
1 ms. Memory: 477184K Free: 352304K (74%)
----------------- Invoking toplevel() on ptolemy.moml.MoMLSimpleApplication@679cbcf3
----------------- Done invoking toplevel() on ptolemy.moml.MoMLSimpleApplication@679cbcf3
reloadAllAccessors: .PublisherPortToplevelSubscriberPortAOC

===========================================================================================
----------------- testing Fri Nov 29 06:26:33 UTC 2019 /home/travis/build/icyphy/ptII/ptolemy/actor/lib/test/auto/PublisherSubscriber.xml
----------------- Instantiating /home/travis/build/icyphy/ptII/ptolemy/actor/lib/test/auto/PublisherSubscriber.xml
2 ms. Memory: 477184K Free: 345120K (72%)
----------------- Invoking toplevel() on ptolemy.moml.MoMLSimpleApplication@3767fe4e
----------------- Done invoking toplevel() on ptolemy.moml.MoMLSimpleApplication@3767fe4e
reloadAllAccessors: .PublisherSubscriber

===========================================================================================
----------------- testing Fri Nov 29 06:26:33 UTC 2019 /home/travis/build/icyphy/ptII/ptolemy/actor/lib/test/auto/PublisherSubscriber10.xml
----------------- Instantiating /home/travis/build/icyphy/ptII/ptolemy/actor/lib/test/auto/PublisherSubscriber10.xml
10 ms. Memory: 477184K Free: 335424K (70%)
----------------- Invoking toplevel() on ptolemy.moml.MoMLSimpleApplication@173e897e
----------------- Done invoking toplevel() on ptolemy.moml.MoMLSimpleApplication@173e897e
reloadAllAccessors: .PublisherSubscriber10

===========================================================================================
----------------- testing Fri Nov 29 06:26:33 UTC 2019 /home/travis/build/icyphy/ptII/ptolemy/actor/lib/test/auto/PublisherSubscriber10InitialOutputs.xml
----------------- Instantiating /home/travis/build/icyphy/ptII/ptolemy/actor/lib/test/auto/PublisherSubscriber10InitialOutputs.xml
11 ms. Memory: 477184K Free: 326208K (68%)
----------------- Invoking toplevel() on ptolemy.moml.MoMLSimpleApplication@25d6f970
----------------- Done invoking toplevel() on ptolemy.moml.MoMLSimpleApplication@25d6f970
reloadAllAccessors: .PublisherSubscriber10InitialOutputs

===========================================================================================
----------------- testing Fri Nov 29 06:26:33 UTC 2019 /home/travis/build/icyphy/ptII/ptolemy/actor/lib/test/auto/PublisherSubscriber11.xml
----------------- Instantiating /home/travis/build/icyphy/ptII/ptolemy/actor/lib/test/auto/PublisherSubscriber11.xml
3 ms. Memory: 477184K Free: 320064K (67%)
----------------- Invoking toplevel() on ptolemy.moml.MoMLSimpleApplication@36151677
----------------- Done invoking toplevel() on ptolemy.moml.MoMLSimpleApplication@36151677
reloadAllAccessors: .PublisherSubscriber11

===========================================================================================
----------------- testing Fri Nov 29 06:26:33 UTC 2019 /home/travis/build/icyphy/ptII/ptolemy/actor/lib/test/auto/PublisherSubscriber12.xml
----------------- Instantiating /home/travis/build/icyphy/ptII/ptolemy/actor/lib/test/auto/PublisherSubscriber12.xml
5 ms. Memory: 477184K Free: 312896K (66%)
----------------- Invoking toplevel() on ptolemy.moml.MoMLSimpleApplication@48f9ad87
----------------- Done invoking toplevel() on ptolemy.moml.MoMLSimpleApplication@48f9ad87
reloadAllAccessors: .PublisherSubscriber12

===========================================================================================
----------------- testing Fri Nov 29 06:26:33 UTC 2019 /home/travis/build/icyphy/ptII/ptolemy/actor/lib/test/auto/PublisherSubscriber13.xml
----------------- Instantiating /home/travis/build/icyphy/ptII/ptolemy/actor/lib/test/auto/PublisherSubscriber13.xml
2 ms. Memory: 477184K Free: 307776K (64%)
----------------- Invoking toplevel() on ptolemy.moml.MoMLSimpleApplication@745bc1ba
----------------- Done invoking toplevel() on ptolemy.moml.MoMLSimpleApplication@745bc1ba
reloadAllAccessors: .PublisherSubscriber13

===========================================================================================
----------------- testing Fri Nov 29 06:26:33 UTC 2019 /home/travis/build/icyphy/ptII/ptolemy/actor/lib/test/auto/PublisherSubscriber14.xml
----------------- Instantiating /home/travis/build/icyphy/ptII/ptolemy/actor/lib/test/auto/PublisherSubscriber14.xml
2 ms. Memory: 477184K Free: 299056K (63%)
----------------- Invoking toplevel() on ptolemy.moml.MoMLSimpleApplication@3e5052fd
----------------- Done invoking toplevel() on ptolemy.moml.MoMLSimpleApplication@3e5052fd
reloadAllAccessors: .PublisherSubscriber14

===========================================================================================
----------------- testing Fri Nov 29 06:26:33 UTC 2019 /home/travis/build/icyphy/ptII/ptolemy/actor/lib/test/auto/PublisherSubscriber2.xml
----------------- Instantiating /home/travis/build/icyphy/ptII/ptolemy/actor/lib/test/auto/PublisherSubscriber2.xml
3 ms. Memory: 477184K Free: 293440K (61%)
----------------- Invoking toplevel() on ptolemy.moml.MoMLSimpleApplication@1d15265f
----------------- Done invoking toplevel() on ptolemy.moml.MoMLSimpleApplication@1d15265f
reloadAllAccessors: .PublisherSubscriber2

===========================================================================================
----------------- testing Fri Nov 29 06:26:33 UTC 2019 /home/travis/build/icyphy/ptII/ptolemy/actor/lib/test/auto/PublisherSubscriber3.xml
----------------- Instantiating /home/travis/build/icyphy/ptII/ptolemy/actor/lib/test/auto/PublisherSubscriber3.xml
1 ms. Memory: 477184K Free: 287776K (60%)
----------------- Invoking toplevel() on ptolemy.moml.MoMLSimpleApplication@2bb3d113
----------------- Done invoking toplevel() on ptolemy.moml.MoMLSimpleApplication@2bb3d113
reloadAllAccessors: .PublisherSubscriber3

===========================================================================================
----------------- testing Fri Nov 29 06:26:33 UTC 2019 /home/travis/build/icyphy/ptII/ptolemy/actor/lib/test/auto/PublisherSubscriber4.xml
----------------- Instantiating /home/travis/build/icyphy/ptII/ptolemy/actor/lib/test/auto/PublisherSubscriber4.xml
2 ms. Memory: 477184K Free: 282656K (59%)
----------------- Invoking toplevel() on ptolemy.moml.MoMLSimpleApplication@5f53cd4f
----------------- Done invoking toplevel() on ptolemy.moml.MoMLSimpleApplication@5f53cd4f
reloadAllAccessors: .PublisherSubscriber4

===========================================================================================
----------------- testing Fri Nov 29 06:26:33 UTC 2019 /home/travis/build/icyphy/ptII/ptolemy/actor/lib/test/auto/PublisherSubscriber5.xml
----------------- Instantiating /home/travis/build/icyphy/ptII/ptolemy/actor/lib/test/auto/PublisherSubscriber5.xml
2 ms. Memory: 477184K Free: 276032K (58%)
----------------- Invoking toplevel() on ptolemy.moml.MoMLSimpleApplication@3be084a
----------------- Done invoking toplevel() on ptolemy.moml.MoMLSimpleApplication@3be084a
reloadAllAccessors: .PublisherSubscriber5

===========================================================================================
----------------- testing Fri Nov 29 06:26:33 UTC 2019 /home/travis/build/icyphy/ptII/ptolemy/actor/lib/test/auto/PublisherSubscriber6.xml
----------------- Instantiating /home/travis/build/icyphy/ptII/ptolemy/actor/lib/test/auto/PublisherSubscriber6.xml
3 ms. Memory: 477184K Free: 269374K (56%)
----------------- Invoking toplevel() on ptolemy.moml.MoMLSimpleApplication@13c8d997
----------------- Done invoking toplevel() on ptolemy.moml.MoMLSimpleApplication@13c8d997
reloadAllAccessors: .PublisherSubscriber6

===========================================================================================
----------------- testing Fri Nov 29 06:26:33 UTC 2019 /home/travis/build/icyphy/ptII/ptolemy/actor/lib/test/auto/PublisherSubscriber7.xml
----------------- Instantiating /home/travis/build/icyphy/ptII/ptolemy/actor/lib/test/auto/PublisherSubscriber7.xml
10 ms. Memory: 477184K Free: 262720K (55%)
----------------- Invoking toplevel() on ptolemy.moml.MoMLSimpleApplication@78d9e626
----------------- Done invoking toplevel() on ptolemy.moml.MoMLSimpleApplication@78d9e626
reloadAllAccessors: .PublisherSubscriber7

===========================================================================================
----------------- testing Fri Nov 29 06:26:33 UTC 2019 /home/travis/build/icyphy/ptII/ptolemy/actor/lib/test/auto/PublisherSubscriber8.xml
----------------- Instantiating /home/travis/build/icyphy/ptII/ptolemy/actor/lib/test/auto/PublisherSubscriber8.xml
23 ms. Memory: 477184K Free: 250942K (53%)
----------------- Invoking toplevel() on ptolemy.moml.MoMLSimpleApplication@14b842c9
----------------- Done invoking toplevel() on ptolemy.moml.MoMLSimpleApplication@14b842c9
reloadAllAccessors: .PublisherSubscriber8

===========================================================================================
----------------- testing Fri Nov 29 06:26:33 UTC 2019 /home/travis/build/icyphy/ptII/ptolemy/actor/lib/test/auto/PublisherSubscriber9.xml
----------------- Instantiating /home/travis/build/icyphy/ptII/ptolemy/actor/lib/test/auto/PublisherSubscriber9.xml
6 ms. Memory: 477184K Free: 243774K (51%)
----------------- Invoking toplevel() on ptolemy.moml.MoMLSimpleApplication@10db9103
----------------- Done invoking toplevel() on ptolemy.moml.MoMLSimpleApplication@10db9103
reloadAllAccessors: .PublisherSubscriber9

===========================================================================================
----------------- testing Fri Nov 29 06:26:33 UTC 2019 /home/travis/build/icyphy/ptII/ptolemy/actor/lib/test/auto/PublisherSubscriberAdjacent.xml
----------------- Instantiating /home/travis/build/icyphy/ptII/ptolemy/actor/lib/test/auto/PublisherSubscriberAdjacent.xml
2 ms. Memory: 477184K Free: 235582K (49%)
----------------- Invoking toplevel() on ptolemy.moml.MoMLSimpleApplication@1df8c21c
----------------- Done invoking toplevel() on ptolemy.moml.MoMLSimpleApplication@1df8c21c
reloadAllAccessors: .PublisherSubscriberAdjacent

===========================================================================================
----------------- testing Fri Nov 29 06:26:33 UTC 2019 /home/travis/build/icyphy/ptII/ptolemy/actor/lib/test/auto/PublisherSubscriberChannelVariablesAOC2.xml
----------------- Instantiating /home/travis/build/icyphy/ptII/ptolemy/actor/lib/test/auto/PublisherSubscriberChannelVariablesAOC2.xml
3 ms. Memory: 477184K Free: 220736K (46%)
----------------- Invoking toplevel() on ptolemy.moml.MoMLSimpleApplication@5a140da0
----------------- Done invoking toplevel() on ptolemy.moml.MoMLSimpleApplication@5a140da0
reloadAllAccessors: .PublisherSubscriberChannelVariablesAOC2

===========================================================================================
----------------- testing Fri Nov 29 06:26:33 UTC 2019 /home/travis/build/icyphy/ptII/ptolemy/actor/lib/test/auto/PublisherSubscriberD3.xml
----------------- Instantiating /home/travis/build/icyphy/ptII/ptolemy/actor/lib/test/auto/PublisherSubscriberD3.xml
2 ms. Memory: 477184K Free: 213568K (45%)
----------------- Invoking toplevel() on ptolemy.moml.MoMLSimpleApplication@6487ed7d
----------------- Done invoking toplevel() on ptolemy.moml.MoMLSimpleApplication@6487ed7d
reloadAllAccessors: .PublisherSubscriberD3

===========================================================================================
----------------- testing Fri Nov 29 06:26:33 UTC 2019 /home/travis/build/icyphy/ptII/ptolemy/actor/lib/test/auto/PublisherSubscriberD3Reverse.xml
----------------- Instantiating /home/travis/build/icyphy/ptII/ptolemy/actor/lib/test/auto/PublisherSubscriberD3Reverse.xml
1 ms. Memory: 477184K Free: 206910K (43%)
----------------- Invoking toplevel() on ptolemy.moml.MoMLSimpleApplication@4794a394
----------------- Done invoking toplevel() on ptolemy.moml.MoMLSimpleApplication@4794a394
reloadAllAccessors: .PublisherSubscriberD3Reverse

===========================================================================================
----------------- testing Fri Nov 29 06:26:33 UTC 2019 /home/travis/build/icyphy/ptII/ptolemy/actor/lib/test/auto/PublisherSubscriberExpression.xml
----------------- Instantiating /home/travis/build/icyphy/ptII/ptolemy/actor/lib/test/auto/PublisherSubscriberExpression.xml
3 ms. Memory: 477184K Free: 198208K (42%)
----------------- Invoking toplevel() on ptolemy.moml.MoMLSimpleApplication@3044c04e
----------------- Done invoking toplevel() on ptolemy.moml.MoMLSimpleApplication@3044c04e
reloadAllAccessors: .PublisherSubscriberExpression

===========================================================================================
----------------- testing Fri Nov 29 06:26:33 UTC 2019 /home/travis/build/icyphy/ptII/ptolemy/actor/lib/test/auto/PublisherSubscriberOpaque.xml
----------------- Instantiating /home/travis/build/icyphy/ptII/ptolemy/actor/lib/test/auto/PublisherSubscriberOpaque.xml
3 ms. Memory: 477184K Free: 190016K (40%)
----------------- Invoking toplevel() on ptolemy.moml.MoMLSimpleApplication@6b4ce84
----------------- Done invoking toplevel() on ptolemy.moml.MoMLSimpleApplication@6b4ce84
reloadAllAccessors: .PublisherSubscriberOpaque

===========================================================================================
----------------- testing Fri Nov 29 06:26:33 UTC 2019 /home/travis/build/icyphy/ptII/ptolemy/actor/lib/test/auto/PublisherSubscriberOpaqueD3.xml
----------------- Instantiating /home/travis/build/icyphy/ptII/ptolemy/actor/lib/test/auto/PublisherSubscriberOpaqueD3.xml
6 ms. Memory: 477184K Free: 178752K (37%)
----------------- Invoking toplevel() on ptolemy.moml.MoMLSimpleApplication@68f50b2e
----------------- Done invoking toplevel() on ptolemy.moml.MoMLSimpleApplication@68f50b2e
reloadAllAccessors: .PublisherSubscriberOpaqueD3

===========================================================================================
----------------- testing Fri Nov 29 06:26:33 UTC 2019 /home/travis/build/icyphy/ptII/ptolemy/actor/lib/test/auto/PublisherSubscriberOpaqueD3Reverse.xml
----------------- Instantiating /home/travis/build/icyphy/ptII/ptolemy/actor/lib/test/auto/PublisherSubscriberOpaqueD3Reverse.xml
7 ms. Memory: 477184K Free: 167998K (35%)
----------------- Invoking toplevel() on ptolemy.moml.MoMLSimpleApplication@706d8eeb
----------------- Done invoking toplevel() on ptolemy.moml.MoMLSimpleApplication@706d8eeb
reloadAllAccessors: .PublisherSubscriberOpaqueD3Reverse

===========================================================================================
----------------- testing Fri Nov 29 06:26:33 UTC 2019 /home/travis/build/icyphy/ptII/ptolemy/actor/lib/test/auto/PublisherSubscriberOpaqueWidthInference.xml
----------------- Instantiating /home/travis/build/icyphy/ptII/ptolemy/actor/lib/test/auto/PublisherSubscriberOpaqueWidthInference.xml
5 ms. Memory: 477184K Free: 159792K (33%)
----------------- Invoking toplevel() on ptolemy.moml.MoMLSimpleApplication@425ffa41
----------------- Done invoking toplevel() on ptolemy.moml.MoMLSimpleApplication@425ffa41
reloadAllAccessors: .PublisherSubscriberOpaqueWidthInference

===========================================================================================
----------------- testing Fri Nov 29 06:26:33 UTC 2019 /home/travis/build/icyphy/ptII/ptolemy/actor/lib/test/auto/PublisherTestSubscriber.xml
----------------- Instantiating /home/travis/build/icyphy/ptII/ptolemy/actor/lib/test/auto/PublisherTestSubscriber.xml
3 ms. Memory: 477184K Free: 152128K (32%)
----------------- Invoking toplevel() on ptolemy.moml.MoMLSimpleApplication@6c8e498b
----------------- Done invoking toplevel() on ptolemy.moml.MoMLSimpleApplication@6c8e498b
reloadAllAccessors: .PublisherTestSubscriber

===========================================================================================
----------------- testing Fri Nov 29 06:26:33 UTC 2019 /home/travis/build/icyphy/ptII/ptolemy/actor/lib/test/auto/PublisherToplevelSubscriberPortAOC.xml
----------------- Instantiating /home/travis/build/icyphy/ptII/ptolemy/actor/lib/test/auto/PublisherToplevelSubscriberPortAOC.xml
2 ms. Memory: 477184K Free: 427015K (89%)
----------------- Invoking toplevel() on ptolemy.moml.MoMLSimpleApplication@17a9af94
----------------- Done invoking toplevel() on ptolemy.moml.MoMLSimpleApplication@17a9af94
reloadAllAccessors: .PublisherToplevelSubscriberPortAOC

===========================================================================================
----------------- testing Fri Nov 29 06:26:33 UTC 2019 /home/travis/build/icyphy/ptII/ptolemy/actor/lib/test/auto/PulseFiringLimitDE.xml
----------------- Instantiating /home/travis/build/icyphy/ptII/ptolemy/actor/lib/test/auto/PulseFiringLimitDE.xml
2 ms. Memory: 477184K Free: 419853K (88%)
----------------- Invoking toplevel() on ptolemy.moml.MoMLSimpleApplication@20f8af49
----------------- Done invoking toplevel() on ptolemy.moml.MoMLSimpleApplication@20f8af49
reloadAllAccessors: .PulseFiringLimitDE

===========================================================================================
----------------- testing Fri Nov 29 06:26:33 UTC 2019 /home/travis/build/icyphy/ptII/ptolemy/actor/lib/test/auto/Ramp1.xml
----------------- Instantiating /home/travis/build/icyphy/ptII/ptolemy/actor/lib/test/auto/Ramp1.xml
1 ms. Memory: 477184K Free: 415751K (87%)
----------------- Invoking toplevel() on ptolemy.moml.MoMLSimpleApplication@236f546f
----------------- Done invoking toplevel() on ptolemy.moml.MoMLSimpleApplication@236f546f
reloadAllAccessors: .Ramp1

===========================================================================================
----------------- testing Fri Nov 29 06:26:33 UTC 2019 /home/travis/build/icyphy/ptII/ptolemy/actor/lib/test/auto/RampFiringLimitDE.xml
----------------- Instantiating /home/travis/build/icyphy/ptII/ptolemy/actor/lib/test/auto/RampFiringLimitDE.xml
2 ms. Memory: 477184K Free: 409599K (86%)
----------------- Invoking toplevel() on ptolemy.moml.MoMLSimpleApplication@65095c47
----------------- Done invoking toplevel() on ptolemy.moml.MoMLSimpleApplication@65095c47
reloadAllAccessors: .RampFiringLimitDE

===========================================================================================
----------------- testing Fri Nov 29 06:26:33 UTC 2019 /home/travis/build/icyphy/ptII/ptolemy/actor/lib/test/auto/RampFiringLimitSDF.xml
----------------- Instantiating /home/travis/build/icyphy/ptII/ptolemy/actor/lib/test/auto/RampFiringLimitSDF.xml
2 ms. Memory: 477184K Free: 404463K (85%)
----------------- Invoking toplevel() on ptolemy.moml.MoMLSimpleApplication@46ae71b1
----------------- Done invoking toplevel() on ptolemy.moml.MoMLSimpleApplication@46ae71b1
reloadAllAccessors: .RampFiringLimitSDF

===========================================================================================
----------------- testing Fri Nov 29 06:26:33 UTC 2019 /home/travis/build/icyphy/ptII/ptolemy/actor/lib/test/auto/RandomInteger.xml
----------------- Instantiating /home/travis/build/icyphy/ptII/ptolemy/actor/lib/test/auto/RandomInteger.xml
1 ms. Memory: 477184K Free: 400397K (84%)
----------------- Invoking toplevel() on ptolemy.moml.MoMLSimpleApplication@5390bf09
----------------- Done invoking toplevel() on ptolemy.moml.MoMLSimpleApplication@5390bf09
reloadAllAccessors: .RandomInteger

===========================================================================================
----------------- testing Fri Nov 29 06:26:33 UTC 2019 /home/travis/build/icyphy/ptII/ptolemy/actor/lib/test/auto/ReadFile1.xml
----------------- Instantiating /home/travis/build/icyphy/ptII/ptolemy/actor/lib/test/auto/ReadFile1.xml
1 ms. Memory: 477184K Free: 395791K (83%)
----------------- Invoking toplevel() on ptolemy.moml.MoMLSimpleApplication@5860c58a
----------------- Done invoking toplevel() on ptolemy.moml.MoMLSimpleApplication@5860c58a
reloadAllAccessors: .ReadFile1

===========================================================================================
----------------- testing Fri Nov 29 06:26:33 UTC 2019 /home/travis/build/icyphy/ptII/ptolemy/actor/lib/test/auto/ReadFile2.xml
----------------- Instantiating /home/travis/build/icyphy/ptII/ptolemy/actor/lib/test/auto/ReadFile2.xml
1 ms. Memory: 477184K Free: 391695K (82%)
----------------- Invoking toplevel() on ptolemy.moml.MoMLSimpleApplication@8038bae
----------------- Done invoking toplevel() on ptolemy.moml.MoMLSimpleApplication@8038bae
reloadAllAccessors: .ReadFile2

===========================================================================================
----------------- testing Fri Nov 29 06:26:33 UTC 2019 /home/travis/build/icyphy/ptII/ptolemy/actor/lib/test/auto/Reader.xml
----------------- Instantiating /home/travis/build/icyphy/ptII/ptolemy/actor/lib/test/auto/Reader.xml
actor.lib.Reader is obsolete, use actor.lib.io.ExpressionReader instead
2 ms. Memory: 477184K Free: 387599K (81%)
----------------- Invoking toplevel() on ptolemy.moml.MoMLSimpleApplication@12598981
----------------- Done invoking toplevel() on ptolemy.moml.MoMLSimpleApplication@12598981
reloadAllAccessors: .Reader

===========================================================================================
----------------- testing Fri Nov 29 06:26:33 UTC 2019 /home/travis/build/icyphy/ptII/ptolemy/actor/lib/test/auto/RecordAssemblerDisplayNameTest.xml
----------------- Instantiating /home/travis/build/icyphy/ptII/ptolemy/actor/lib/test/auto/RecordAssemblerDisplayNameTest.xml
3795 ms. Memory: 477184K Free: 276257K (58%)
----------------- Invoking toplevel() on ptolemy.moml.MoMLSimpleApplication@5f1de070
----------------- Done invoking toplevel() on ptolemy.moml.MoMLSimpleApplication@5f1de070
reloadAllAccessors: .RecordAssemblerDisplayNameTest

===========================================================================================
----------------- testing Fri Nov 29 06:26:37 UTC 2019 /home/travis/build/icyphy/ptII/ptolemy/actor/lib/test/auto/RecordAssemblerTypeError.xml
----------------- Instantiating /home/travis/build/icyphy/ptII/ptolemy/actor/lib/test/auto/RecordAssemblerTypeError.xml
17 ms. Memory: 477184K Free: 266527K (56%)
----------------- Invoking toplevel() on ptolemy.moml.MoMLSimpleApplication@763d921a
----------------- Done invoking toplevel() on ptolemy.moml.MoMLSimpleApplication@763d921a
reloadAllAccessors: .RecordAssemblerTypeError

===========================================================================================
----------------- testing Fri Nov 29 06:26:37 UTC 2019 /home/travis/build/icyphy/ptII/ptolemy/actor/lib/test/auto/RecordDisassember.xml
----------------- Instantiating /home/travis/build/icyphy/ptII/ptolemy/actor/lib/test/auto/RecordDisassember.xml
3 ms. Memory: 477184K Free: 261921K (55%)
----------------- Invoking toplevel() on ptolemy.moml.MoMLSimpleApplication@76e5a1c0
----------------- Done invoking toplevel() on ptolemy.moml.MoMLSimpleApplication@76e5a1c0
reloadAllAccessors: .RecordDisassember

===========================================================================================
----------------- testing Fri Nov 29 06:26:37 UTC 2019 /home/travis/build/icyphy/ptII/ptolemy/actor/lib/test/auto/RecordDisassemberDisplayNameTest.xml
----------------- Instantiating /home/travis/build/icyphy/ptII/ptolemy/actor/lib/test/auto/RecordDisassemberDisplayNameTest.xml
7 ms. Memory: 477184K Free: 254239K (53%)
----------------- Invoking toplevel() on ptolemy.moml.MoMLSimpleApplication@45622224
----------------- Done invoking toplevel() on ptolemy.moml.MoMLSimpleApplication@45622224
reloadAllAccessors: .RecordDisassemberDisplayNameTest

===========================================================================================
----------------- testing Fri Nov 29 06:26:37 UTC 2019 /home/travis/build/icyphy/ptII/ptolemy/actor/lib/test/auto/RecordDisassembler.xml
----------------- Instantiating /home/travis/build/icyphy/ptII/ptolemy/actor/lib/test/auto/RecordDisassembler.xml
3 ms. Memory: 477184K Free: 249089K (52%)
----------------- Invoking toplevel() on ptolemy.moml.MoMLSimpleApplication@3acddaf5
----------------- Done invoking toplevel() on ptolemy.moml.MoMLSimpleApplication@3acddaf5
reloadAllAccessors: .RecordDisassembler

===========================================================================================
----------------- testing Fri Nov 29 06:26:37 UTC 2019 /home/travis/build/icyphy/ptII/ptolemy/actor/lib/test/auto/RecordDisassembler2.xml
----------------- Instantiating /home/travis/build/icyphy/ptII/ptolemy/actor/lib/test/auto/RecordDisassembler2.xml
4 ms. Memory: 477184K Free: 243969K (51%)
----------------- Invoking toplevel() on ptolemy.moml.MoMLSimpleApplication@43cd536b
----------------- Done invoking toplevel() on ptolemy.moml.MoMLSimpleApplication@43cd536b
reloadAllAccessors: .RecordDisassembler2

===========================================================================================
----------------- testing Fri Nov 29 06:26:37 UTC 2019 /home/travis/build/icyphy/ptII/ptolemy/actor/lib/test/auto/RecordUpdater.xml
----------------- Instantiating /home/travis/build/icyphy/ptII/ptolemy/actor/lib/test/auto/RecordUpdater.xml
2 ms. Memory: 477184K Free: 238879K (50%)
----------------- Invoking toplevel() on ptolemy.moml.MoMLSimpleApplication@6b354792
----------------- Done invoking toplevel() on ptolemy.moml.MoMLSimpleApplication@6b354792
reloadAllAccessors: .RecordUpdater

===========================================================================================
----------------- testing Fri Nov 29 06:26:37 UTC 2019 /home/travis/build/icyphy/ptII/ptolemy/actor/lib/test/auto/RecordUpdater2.xml
----------------- Instantiating /home/travis/build/icyphy/ptII/ptolemy/actor/lib/test/auto/RecordUpdater2.xml
2 ms. Memory: 477184K Free: 233759K (49%)
----------------- Invoking toplevel() on ptolemy.moml.MoMLSimpleApplication@376b8fb4
----------------- Done invoking toplevel() on ptolemy.moml.MoMLSimpleApplication@376b8fb4
reloadAllAccessors: .RecordUpdater2

===========================================================================================
----------------- testing Fri Nov 29 06:26:37 UTC 2019 /home/travis/build/icyphy/ptII/ptolemy/actor/lib/test/auto/RecursiveLattice.xml
----------------- Instantiating /home/travis/build/icyphy/ptII/ptolemy/actor/lib/test/auto/RecursiveLattice.xml
2 ms. Memory: 477184K Free: 229663K (48%)
----------------- Invoking toplevel() on ptolemy.moml.MoMLSimpleApplication@3cc70250
----------------- Done invoking toplevel() on ptolemy.moml.MoMLSimpleApplication@3cc70250
reloadAllAccessors: .RecursiveLattice

===========================================================================================
----------------- testing Fri Nov 29 06:26:37 UTC 2019 /home/travis/build/icyphy/ptII/ptolemy/actor/lib/test/auto/Router.xml
----------------- Instantiating /home/travis/build/icyphy/ptII/ptolemy/actor/lib/test/auto/Router.xml
3005 ms. Memory: 477184K Free: 219937K (46%)
----------------- Invoking toplevel() on ptolemy.moml.MoMLSimpleApplication@44103f7f
----------------- Done invoking toplevel() on ptolemy.moml.MoMLSimpleApplication@44103f7f
reloadAllAccessors: .Router

===========================================================================================
----------------- testing Fri Nov 29 06:26:40 UTC 2019 /home/travis/build/icyphy/ptII/ptolemy/actor/lib/test/auto/Router2.xml
----------------- Instantiating /home/travis/build/icyphy/ptII/ptolemy/actor/lib/test/auto/Router2.xml
3003 ms. Memory: 477184K Free: 209697K (44%)
----------------- Invoking toplevel() on ptolemy.moml.MoMLSimpleApplication@3b07854d
----------------- Done invoking toplevel() on ptolemy.moml.MoMLSimpleApplication@3b07854d
reloadAllAccessors: .Router2

===========================================================================================
----------------- testing Fri Nov 29 06:26:43 UTC 2019 /home/travis/build/icyphy/ptII/ptolemy/actor/lib/test/auto/RunningMaximum.xml
----------------- Instantiating /home/travis/build/icyphy/ptII/ptolemy/actor/lib/test/auto/RunningMaximum.xml
1 ms. Memory: 477184K Free: 205087K (43%)
----------------- Invoking toplevel() on ptolemy.moml.MoMLSimpleApplication@1e234ff9
----------------- Done invoking toplevel() on ptolemy.moml.MoMLSimpleApplication@1e234ff9
reloadAllAccessors: .RunningMaximum

===========================================================================================
----------------- testing Fri Nov 29 06:26:43 UTC 2019 /home/travis/build/icyphy/ptII/ptolemy/actor/lib/test/auto/RunningMinimum.xml
----------------- Instantiating /home/travis/build/icyphy/ptII/ptolemy/actor/lib/test/auto/RunningMinimum.xml
8 ms. Memory: 477184K Free: 200481K (42%)
----------------- Invoking toplevel() on ptolemy.moml.MoMLSimpleApplication@70380d8d
----------------- Done invoking toplevel() on ptolemy.moml.MoMLSimpleApplication@70380d8d
reloadAllAccessors: .RunningMinimum

===========================================================================================
----------------- testing Fri Nov 29 06:26:43 UTC 2019 /home/travis/build/icyphy/ptII/ptolemy/actor/lib/test/auto/Scale.xml
----------------- Instantiating /home/travis/build/icyphy/ptII/ptolemy/actor/lib/test/auto/Scale.xml
1 ms. Memory: 477184K Free: 195871K (41%)
----------------- Invoking toplevel() on ptolemy.moml.MoMLSimpleApplication@7eccfd74
----------------- Done invoking toplevel() on ptolemy.moml.MoMLSimpleApplication@7eccfd74
reloadAllAccessors: .Scale

===========================================================================================
----------------- testing Fri Nov 29 06:26:43 UTC 2019 /home/travis/build/icyphy/ptII/ptolemy/actor/lib/test/auto/Scale2.xml
----------------- Instantiating /home/travis/build/icyphy/ptII/ptolemy/actor/lib/test/auto/Scale2.xml
2 ms. Memory: 477184K Free: 191265K (40%)
----------------- Invoking toplevel() on ptolemy.moml.MoMLSimpleApplication@3c12a701
----------------- Done invoking toplevel() on ptolemy.moml.MoMLSimpleApplication@3c12a701
reloadAllAccessors: .Scale2

===========================================================================================
----------------- testing Fri Nov 29 06:26:43 UTC 2019 /home/travis/build/icyphy/ptII/ptolemy/actor/lib/test/auto/Scale3.xml
----------------- Instantiating /home/travis/build/icyphy/ptII/ptolemy/actor/lib/test/auto/Scale3.xml
9 ms. Memory: 477184K Free: 185121K (39%)
----------------- Invoking toplevel() on ptolemy.moml.MoMLSimpleApplication@7afe53ef
----------------- Done invoking toplevel() on ptolemy.moml.MoMLSimpleApplication@7afe53ef
reloadAllAccessors: .Scale3

===========================================================================================
----------------- testing Fri Nov 29 06:26:43 UTC 2019 /home/travis/build/icyphy/ptII/ptolemy/actor/lib/test/auto/ScaleArray.xml
----------------- Instantiating /home/travis/build/icyphy/ptII/ptolemy/actor/lib/test/auto/ScaleArray.xml
2 ms. Memory: 477184K Free: 180511K (38%)
----------------- Invoking toplevel() on ptolemy.moml.MoMLSimpleApplication@7af25621
----------------- Done invoking toplevel() on ptolemy.moml.MoMLSimpleApplication@7af25621
reloadAllAccessors: .ScaleArray

===========================================================================================
----------------- testing Fri Nov 29 06:26:43 UTC 2019 /home/travis/build/icyphy/ptII/ptolemy/actor/lib/test/auto/ScaleArray2.xml
----------------- Instantiating /home/travis/build/icyphy/ptII/ptolemy/actor/lib/test/auto/ScaleArray2.xml
2 ms. Memory: 477184K Free: 176385K (37%)
----------------- Invoking toplevel() on ptolemy.moml.MoMLSimpleApplication@174312e3
----------------- Done invoking toplevel() on ptolemy.moml.MoMLSimpleApplication@174312e3
reloadAllAccessors: .ScaleArray2

===========================================================================================
----------------- testing Fri Nov 29 06:26:43 UTC 2019 /home/travis/build/icyphy/ptII/ptolemy/actor/lib/test/auto/ScaleMatrix.xml
----------------- Instantiating /home/travis/build/icyphy/ptII/ptolemy/actor/lib/test/auto/ScaleMatrix.xml
150 ms. Memory: 477184K Free: 163103K (34%)
----------------- Invoking toplevel() on ptolemy.moml.MoMLSimpleApplication@37fca815
----------------- Done invoking toplevel() on ptolemy.moml.MoMLSimpleApplication@37fca815
reloadAllAccessors: .ScaleMatrix

===========================================================================================
----------------- testing Fri Nov 29 06:26:44 UTC 2019 /home/travis/build/icyphy/ptII/ptolemy/actor/lib/test/auto/Select.xml
----------------- Instantiating /home/travis/build/icyphy/ptII/ptolemy/actor/lib/test/auto/Select.xml
3 ms. Memory: 477184K Free: 156945K (33%)
----------------- Invoking toplevel() on ptolemy.moml.MoMLSimpleApplication@50708a8c
----------------- Done invoking toplevel() on ptolemy.moml.MoMLSimpleApplication@50708a8c
reloadAllAccessors: .Select

===========================================================================================
----------------- testing Fri Nov 29 06:26:44 UTC 2019 /home/travis/build/icyphy/ptII/ptolemy/actor/lib/test/auto/Select2.xml
----------------- Instantiating /home/travis/build/icyphy/ptII/ptolemy/actor/lib/test/auto/Select2.xml
1 ms. Memory: 477184K Free: 152353K (32%)
----------------- Invoking toplevel() on ptolemy.moml.MoMLSimpleApplication@295f820c
----------------- Done invoking toplevel() on ptolemy.moml.MoMLSimpleApplication@295f820c
reloadAllAccessors: .Select2

===========================================================================================
----------------- testing Fri Nov 29 06:26:44 UTC 2019 /home/travis/build/icyphy/ptII/ptolemy/actor/lib/test/auto/SequenceToArray2.xml
----------------- Instantiating /home/travis/build/icyphy/ptII/ptolemy/actor/lib/test/auto/SequenceToArray2.xml
118 ms. Memory: 477184K Free: 409094K (86%)
----------------- Invoking toplevel() on ptolemy.moml.MoMLSimpleApplication@6f89a455
----------------- Done invoking toplevel() on ptolemy.moml.MoMLSimpleApplication@6f89a455
reloadAllAccessors: .SequenceToArray2

===========================================================================================
----------------- testing Fri Nov 29 06:26:44 UTC 2019 /home/travis/build/icyphy/ptII/ptolemy/actor/lib/test/auto/SequentialClock.xml
----------------- Instantiating /home/travis/build/icyphy/ptII/ptolemy/actor/lib/test/auto/SequentialClock.xml
1 ms. Memory: 477184K Free: 404998K (85%)
----------------- Invoking toplevel() on ptolemy.moml.MoMLSimpleApplication@264e038e
----------------- Done invoking toplevel() on ptolemy.moml.MoMLSimpleApplication@264e038e
reloadAllAccessors: .SequentialClock

===========================================================================================
----------------- testing Fri Nov 29 06:26:44 UTC 2019 /home/travis/build/icyphy/ptII/ptolemy/actor/lib/test/auto/SetVariable.xml
----------------- Instantiating /home/travis/build/icyphy/ptII/ptolemy/actor/lib/test/auto/SetVariable.xml
4 ms. Memory: 477184K Free: 400388K (84%)
----------------- Invoking toplevel() on ptolemy.moml.MoMLSimpleApplication@2aaca003
----------------- Done invoking toplevel() on ptolemy.moml.MoMLSimpleApplication@2aaca003
reloadAllAccessors: .SetVariable

===========================================================================================
----------------- testing Fri Nov 29 06:26:44 UTC 2019 /home/travis/build/icyphy/ptII/ptolemy/actor/lib/test/auto/SetVariable2.xml
----------------- Instantiating /home/travis/build/icyphy/ptII/ptolemy/actor/lib/test/auto/SetVariable2.xml
1 ms. Memory: 477184K Free: 395268K (83%)
----------------- Invoking toplevel() on ptolemy.moml.MoMLSimpleApplication@5eaeb324
----------------- Done invoking toplevel() on ptolemy.moml.MoMLSimpleApplication@5eaeb324
reloadAllAccessors: .SetVariable2

===========================================================================================
----------------- testing Fri Nov 29 06:26:44 UTC 2019 /home/travis/build/icyphy/ptII/ptolemy/actor/lib/test/auto/SetVariable3.xml
----------------- Instantiating /home/travis/build/icyphy/ptII/ptolemy/actor/lib/test/auto/SetVariable3.xml
7 ms. Memory: 477184K Free: 390148K (82%)
----------------- Invoking toplevel() on ptolemy.moml.MoMLSimpleApplication@23d8a50e
----------------- Done invoking toplevel() on ptolemy.moml.MoMLSimpleApplication@23d8a50e
reloadAllAccessors: .SetVariable3

===========================================================================================
----------------- testing Fri Nov 29 06:26:44 UTC 2019 /home/travis/build/icyphy/ptII/ptolemy/actor/lib/test/auto/SetVariable4.xml
----------------- Instantiating /home/travis/build/icyphy/ptII/ptolemy/actor/lib/test/auto/SetVariable4.xml
13 ms. Memory: 477184K Free: 380932K (80%)
----------------- Invoking toplevel() on ptolemy.moml.MoMLSimpleApplication@464294ac
----------------- Done invoking toplevel() on ptolemy.moml.MoMLSimpleApplication@464294ac
reloadAllAccessors: .SetVariable4

===========================================================================================
----------------- testing Fri Nov 29 06:26:44 UTC 2019 /home/travis/build/icyphy/ptII/ptolemy/actor/lib/test/auto/SetVariable5.xml
----------------- Instantiating /home/travis/build/icyphy/ptII/ptolemy/actor/lib/test/auto/SetVariable5.xml
19 ms. Memory: 477184K Free: 371716K (78%)
----------------- Invoking toplevel() on ptolemy.moml.MoMLSimpleApplication@43dd2acb
----------------- Done invoking toplevel() on ptolemy.moml.MoMLSimpleApplication@43dd2acb
reloadAllAccessors: .SetVariable5

===========================================================================================
----------------- testing Fri Nov 29 06:26:44 UTC 2019 /home/travis/build/icyphy/ptII/ptolemy/actor/lib/test/auto/Sinewave.xml
----------------- Instantiating /home/travis/build/icyphy/ptII/ptolemy/actor/lib/test/auto/Sinewave.xml
13 ms. Memory: 477184K Free: 361476K (76%)
----------------- Invoking toplevel() on ptolemy.moml.MoMLSimpleApplication@407033e6
----------------- Done invoking toplevel() on ptolemy.moml.MoMLSimpleApplication@407033e6
reloadAllAccessors: .Sinewave

===========================================================================================
----------------- testing Fri Nov 29 06:26:44 UTC 2019 /home/travis/build/icyphy/ptII/ptolemy/actor/lib/test/auto/Sinewave2.xml
----------------- Instantiating /home/travis/build/icyphy/ptII/ptolemy/actor/lib/test/auto/Sinewave2.xml
5 ms. Memory: 477184K Free: 353284K (74%)
----------------- Invoking toplevel() on ptolemy.moml.MoMLSimpleApplication@1eeeaadd
----------------- Done invoking toplevel() on ptolemy.moml.MoMLSimpleApplication@1eeeaadd
reloadAllAccessors: .Sinewave2

===========================================================================================
----------------- testing Fri Nov 29 06:26:44 UTC 2019 /home/travis/build/icyphy/ptII/ptolemy/actor/lib/test/auto/Sinewave3.xml
----------------- Instantiating /home/travis/build/icyphy/ptII/ptolemy/actor/lib/test/auto/Sinewave3.xml
15 ms. Memory: 477184K Free: 345078K (72%)
----------------- Invoking toplevel() on ptolemy.moml.MoMLSimpleApplication@1c5e7386
----------------- Done invoking toplevel() on ptolemy.moml.MoMLSimpleApplication@1c5e7386
reloadAllAccessors: .Sinewave3

===========================================================================================
----------------- testing Fri Nov 29 06:26:44 UTC 2019 /home/travis/build/icyphy/ptII/ptolemy/actor/lib/test/auto/SingleEvent.xml
----------------- Instantiating /home/travis/build/icyphy/ptII/ptolemy/actor/lib/test/auto/SingleEvent.xml
1 ms. Memory: 477184K Free: 340996K (71%)
----------------- Invoking toplevel() on ptolemy.moml.MoMLSimpleApplication@73003f4b
----------------- Done invoking toplevel() on ptolemy.moml.MoMLSimpleApplication@73003f4b
reloadAllAccessors: .SingleEvent

===========================================================================================
----------------- testing Fri Nov 29 06:26:44 UTC 2019 /home/travis/build/icyphy/ptII/ptolemy/actor/lib/test/auto/Sleep.xml
----------------- Instantiating /home/travis/build/icyphy/ptII/ptolemy/actor/lib/test/auto/Sleep.xml
6003 ms. Memory: 477184K Free: 334822K (70%)
----------------- Invoking toplevel() on ptolemy.moml.MoMLSimpleApplication@56eb6190
----------------- Done invoking toplevel() on ptolemy.moml.MoMLSimpleApplication@56eb6190
reloadAllAccessors: .Sleep

===========================================================================================
----------------- testing Fri Nov 29 06:26:50 UTC 2019 /home/travis/build/icyphy/ptII/ptolemy/actor/lib/test/auto/SleepMultipleFire.xml
----------------- Instantiating /home/travis/build/icyphy/ptII/ptolemy/actor/lib/test/auto/SleepMultipleFire.xml
1005 ms. Memory: 477184K Free: 329222K (69%)
----------------- Invoking toplevel() on ptolemy.moml.MoMLSimpleApplication@6d037477
----------------- Done invoking toplevel() on ptolemy.moml.MoMLSimpleApplication@6d037477
reloadAllAccessors: .SleepMultipleFire

===========================================================================================
----------------- testing Fri Nov 29 06:26:51 UTC 2019 /home/travis/build/icyphy/ptII/ptolemy/actor/lib/test/auto/StopDE.xml
----------------- Instantiating /home/travis/build/icyphy/ptII/ptolemy/actor/lib/test/auto/StopDE.xml
4 ms. Memory: 477184K Free: 323588K (68%)
----------------- Invoking toplevel() on ptolemy.moml.MoMLSimpleApplication@573f1a25
----------------- Done invoking toplevel() on ptolemy.moml.MoMLSimpleApplication@573f1a25
reloadAllAccessors: .StopDE

===========================================================================================
----------------- testing Fri Nov 29 06:26:51 UTC 2019 /home/travis/build/icyphy/ptII/ptolemy/actor/lib/test/auto/StopSDF.xml
----------------- Instantiating /home/travis/build/icyphy/ptII/ptolemy/actor/lib/test/auto/StopSDF.xml
3 ms. Memory: 477184K Free: 318468K (67%)
----------------- Invoking toplevel() on ptolemy.moml.MoMLSimpleApplication@47e8e1e0
----------------- Done invoking toplevel() on ptolemy.moml.MoMLSimpleApplication@47e8e1e0
reloadAllAccessors: .StopSDF

===========================================================================================
----------------- testing Fri Nov 29 06:26:51 UTC 2019 /home/travis/build/icyphy/ptII/ptolemy/actor/lib/test/auto/StringConstant.xml
----------------- Instantiating /home/travis/build/icyphy/ptII/ptolemy/actor/lib/test/auto/StringConstant.xml
6 ms. Memory: 477184K Free: 313862K (66%)
----------------- Invoking toplevel() on ptolemy.moml.MoMLSimpleApplication@21b59100
----------------- Done invoking toplevel() on ptolemy.moml.MoMLSimpleApplication@21b59100
reloadAllAccessors: .StringConstant

===========================================================================================
----------------- testing Fri Nov 29 06:26:51 UTC 2019 /home/travis/build/icyphy/ptII/ptolemy/actor/lib/test/auto/SubscriberPortInitialValues1.xml
----------------- Instantiating /home/travis/build/icyphy/ptII/ptolemy/actor/lib/test/auto/SubscriberPortInitialValues1.xml
9 ms. Memory: 477184K Free: 305156K (64%)
----------------- Invoking toplevel() on ptolemy.moml.MoMLSimpleApplication@70389ec2
----------------- Done invoking toplevel() on ptolemy.moml.MoMLSimpleApplication@70389ec2
reloadAllAccessors: .SubscriberPortInitialValues1

===========================================================================================
----------------- testing Fri Nov 29 06:26:51 UTC 2019 /home/travis/build/icyphy/ptII/ptolemy/actor/lib/test/auto/SubscriberPortInitialValues13.xml
----------------- Instantiating /home/travis/build/icyphy/ptII/ptolemy/actor/lib/test/auto/SubscriberPortInitialValues13.xml
6 ms. Memory: 477184K Free: 291844K (61%)
----------------- Invoking toplevel() on ptolemy.moml.MoMLSimpleApplication@6067b17a
----------------- Done invoking toplevel() on ptolemy.moml.MoMLSimpleApplication@6067b17a
reloadAllAccessors: .SubscriberPortInitialValues13

===========================================================================================
----------------- testing Fri Nov 29 06:26:51 UTC 2019 /home/travis/build/icyphy/ptII/ptolemy/actor/lib/test/auto/SubscriberPortInitialValues14.xml
----------------- Instantiating /home/travis/build/icyphy/ptII/ptolemy/actor/lib/test/auto/SubscriberPortInitialValues14.xml
5 ms. Memory: 477184K Free: 283652K (59%)
----------------- Invoking toplevel() on ptolemy.moml.MoMLSimpleApplication@5e9dfd29
----------------- Done invoking toplevel() on ptolemy.moml.MoMLSimpleApplication@5e9dfd29
reloadAllAccessors: .SubscriberPortInitialValues14

===========================================================================================
----------------- testing Fri Nov 29 06:26:51 UTC 2019 /home/travis/build/icyphy/ptII/ptolemy/actor/lib/test/auto/SubscriberPortInitialValues2.xml
----------------- Instantiating /home/travis/build/icyphy/ptII/ptolemy/actor/lib/test/auto/SubscriberPortInitialValues2.xml
4 ms. Memory: 477184K Free: 275460K (58%)
----------------- Invoking toplevel() on ptolemy.moml.MoMLSimpleApplication@23dbd6f1
----------------- Done invoking toplevel() on ptolemy.moml.MoMLSimpleApplication@23dbd6f1
reloadAllAccessors: .SubscriberPortInitialValues2

===========================================================================================
----------------- testing Fri Nov 29 06:26:51 UTC 2019 /home/travis/build/icyphy/ptII/ptolemy/actor/lib/test/auto/SubscriberPortInitialValues3.xml
----------------- Instantiating /home/travis/build/icyphy/ptII/ptolemy/actor/lib/test/auto/SubscriberPortInitialValues3.xml
5 ms. Memory: 477184K Free: 264196K (55%)
----------------- Invoking toplevel() on ptolemy.moml.MoMLSimpleApplication@44d00e09
----------------- Done invoking toplevel() on ptolemy.moml.MoMLSimpleApplication@44d00e09
reloadAllAccessors: .SubscriberPortInitialValues3

===========================================================================================
----------------- testing Fri Nov 29 06:26:51 UTC 2019 /home/travis/build/icyphy/ptII/ptolemy/actor/lib/test/auto/SubscriptionAggregator.xml
----------------- Instantiating /home/travis/build/icyphy/ptII/ptolemy/actor/lib/test/auto/SubscriptionAggregator.xml
3 ms. Memory: 477184K Free: 257542K (54%)
----------------- Invoking toplevel() on ptolemy.moml.MoMLSimpleApplication@28ea3ebd
----------------- Done invoking toplevel() on ptolemy.moml.MoMLSimpleApplication@28ea3ebd
reloadAllAccessors: .SubscriptionAggregator

===========================================================================================
----------------- testing Fri Nov 29 06:26:51 UTC 2019 /home/travis/build/icyphy/ptII/ptolemy/actor/lib/test/auto/SubscriptionAggregator2.xml
----------------- Instantiating /home/travis/build/icyphy/ptII/ptolemy/actor/lib/test/auto/SubscriptionAggregator2.xml
2 ms. Memory: 477184K Free: 250878K (53%)
----------------- Invoking toplevel() on ptolemy.moml.MoMLSimpleApplication@47c4dec7
----------------- Done invoking toplevel() on ptolemy.moml.MoMLSimpleApplication@47c4dec7
reloadAllAccessors: .SubscriptionAggregator2

===========================================================================================
----------------- testing Fri Nov 29 06:26:51 UTC 2019 /home/travis/build/icyphy/ptII/ptolemy/actor/lib/test/auto/SubscriptionAggregator3.xml
----------------- Instantiating /home/travis/build/icyphy/ptII/ptolemy/actor/lib/test/auto/SubscriptionAggregator3.xml
4 ms. Memory: 477184K Free: 242678K (51%)
----------------- Invoking toplevel() on ptolemy.moml.MoMLSimpleApplication@70e4ee1e
----------------- Done invoking toplevel() on ptolemy.moml.MoMLSimpleApplication@70e4ee1e
reloadAllAccessors: .SubscriptionAggregator3

===========================================================================================
----------------- testing Fri Nov 29 06:26:51 UTC 2019 /home/travis/build/icyphy/ptII/ptolemy/actor/lib/test/auto/SubscriptionAggregatorMultiply.xml
----------------- Instantiating /home/travis/build/icyphy/ptII/ptolemy/actor/lib/test/auto/SubscriptionAggregatorMultiply.xml
3 ms. Memory: 477184K Free: 233990K (49%)
----------------- Invoking toplevel() on ptolemy.moml.MoMLSimpleApplication@4f29256e
----------------- Done invoking toplevel() on ptolemy.moml.MoMLSimpleApplication@4f29256e
reloadAllAccessors: .SubscriptionAggregatorMultiply

===========================================================================================
----------------- testing Fri Nov 29 06:26:51 UTC 2019 /home/travis/build/icyphy/ptII/ptolemy/actor/lib/test/auto/SubscriptionAggregatorPortMultiply1.xml
----------------- Instantiating /home/travis/build/icyphy/ptII/ptolemy/actor/lib/test/auto/SubscriptionAggregatorPortMultiply1.xml
3 ms. Memory: 477184K Free: 225798K (47%)
----------------- Invoking toplevel() on ptolemy.moml.MoMLSimpleApplication@4052e1fd
----------------- Done invoking toplevel() on ptolemy.moml.MoMLSimpleApplication@4052e1fd
reloadAllAccessors: .SubscriptionAggregatorPortMultiply1

===========================================================================================
----------------- testing Fri Nov 29 06:26:51 UTC 2019 /home/travis/build/icyphy/ptII/ptolemy/actor/lib/test/auto/Switch.xml
----------------- Instantiating /home/travis/build/icyphy/ptII/ptolemy/actor/lib/test/auto/Switch.xml
7 ms. Memory: 477184K Free: 217606K (46%)
----------------- Invoking toplevel() on ptolemy.moml.MoMLSimpleApplication@7b9dc3e2
----------------- Done invoking toplevel() on ptolemy.moml.MoMLSimpleApplication@7b9dc3e2
reloadAllAccessors: .Switch

===========================================================================================
----------------- testing Fri Nov 29 06:26:51 UTC 2019 /home/travis/build/icyphy/ptII/ptolemy/actor/lib/test/auto/Switch2.xml
----------------- Instantiating /home/travis/build/icyphy/ptII/ptolemy/actor/lib/test/auto/Switch2.xml
1 ms. Memory: 477184K Free: 212996K (45%)
----------------- Invoking toplevel() on ptolemy.moml.MoMLSimpleApplication@65fff550
----------------- Done invoking toplevel() on ptolemy.moml.MoMLSimpleApplication@65fff550
reloadAllAccessors: .Switch2

===========================================================================================
----------------- testing Fri Nov 29 06:26:51 UTC 2019 /home/travis/build/icyphy/ptII/ptolemy/actor/lib/test/auto/SwitchDE.xml
----------------- Instantiating /home/travis/build/icyphy/ptII/ptolemy/actor/lib/test/auto/SwitchDE.xml
4 ms. Memory: 477184K Free: 206822K (43%)
----------------- Invoking toplevel() on ptolemy.moml.MoMLSimpleApplication@2552bb1a
----------------- Done invoking toplevel() on ptolemy.moml.MoMLSimpleApplication@2552bb1a
reloadAllAccessors: .SwitchDE

===========================================================================================
----------------- testing Fri Nov 29 06:26:51 UTC 2019 /home/travis/build/icyphy/ptII/ptolemy/actor/lib/test/auto/SynchronizerDE.xml
----------------- Instantiating /home/travis/build/icyphy/ptII/ptolemy/actor/lib/test/auto/SynchronizerDE.xml
8 ms. Memory: 477184K Free: 198630K (42%)
----------------- Invoking toplevel() on ptolemy.moml.MoMLSimpleApplication@6d83b27b
----------------- Done invoking toplevel() on ptolemy.moml.MoMLSimpleApplication@6d83b27b
reloadAllAccessors: .SynchronizerDE

===========================================================================================
----------------- testing Fri Nov 29 06:26:51 UTC 2019 /home/travis/build/icyphy/ptII/ptolemy/actor/lib/test/auto/Test.xml
----------------- Instantiating /home/travis/build/icyphy/ptII/ptolemy/actor/lib/test/auto/Test.xml
11 ms. Memory: 477184K Free: 193510K (41%)
----------------- Invoking toplevel() on ptolemy.moml.MoMLSimpleApplication@12c760a9
----------------- Done invoking toplevel() on ptolemy.moml.MoMLSimpleApplication@12c760a9
reloadAllAccessors: .Test

===========================================================================================
----------------- testing Fri Nov 29 06:26:51 UTC 2019 /home/travis/build/icyphy/ptII/ptolemy/actor/lib/test/auto/TestExceptionAttribute1.xml
----------------- Instantiating /home/travis/build/icyphy/ptII/ptolemy/actor/lib/test/auto/TestExceptionAttribute1.xml
1 ms. Memory: 477184K Free: 189444K (40%)
----------------- Invoking toplevel() on ptolemy.moml.MoMLSimpleApplication@4662e20d
----------------- Done invoking toplevel() on ptolemy.moml.MoMLSimpleApplication@4662e20d
reloadAllAccessors: .TestExceptionAttribute1

===========================================================================================
----------------- testing Fri Nov 29 06:26:51 UTC 2019 /home/travis/build/icyphy/ptII/ptolemy/actor/lib/test/auto/TestExceptionAttribute2.xml
----------------- Instantiating /home/travis/build/icyphy/ptII/ptolemy/actor/lib/test/auto/TestExceptionAttribute2.xml
1 ms. Memory: 477184K Free: 185862K (39%)
----------------- Invoking toplevel() on ptolemy.moml.MoMLSimpleApplication@4ee4b999
----------------- Done invoking toplevel() on ptolemy.moml.MoMLSimpleApplication@4ee4b999
reloadAllAccessors: .TestExceptionAttribute2

===========================================================================================
----------------- testing Fri Nov 29 06:26:51 UTC 2019 /home/travis/build/icyphy/ptII/ptolemy/actor/lib/test/auto/TestExceptionAttribute3.xml
----------------- Instantiating /home/travis/build/icyphy/ptII/ptolemy/actor/lib/test/auto/TestExceptionAttribute3.xml
.TestExceptionAttribute3.TestExceptionAttribute: initialize() was not invoked, but wrapup() was.  This is unusual, but not always a problem.  For example, exporting JNLP will do this.
0 ms. Memory: 477184K Free: 182276K (38%)
----------------- Invoking toplevel() on ptolemy.moml.MoMLSimpleApplication@342a730
----------------- Done invoking toplevel() on ptolemy.moml.MoMLSimpleApplication@342a730
reloadAllAccessors: .TestExceptionAttribute3

===========================================================================================
----------------- testing Fri Nov 29 06:26:51 UTC 2019 /home/travis/build/icyphy/ptII/ptolemy/actor/lib/test/auto/TestExceptionAttribute4.xml
----------------- Instantiating /home/travis/build/icyphy/ptII/ptolemy/actor/lib/test/auto/TestExceptionAttribute4.xml
.TestExceptionAttribute4.TestExceptionAttribute: initialize() was not invoked, but wrapup() was.  This is unusual, but not always a problem.  For example, exporting JNLP will do this.
.TestExceptionAttribute4.TestExceptionAttribute2: initialize() was not invoked, but wrapup() was.  This is unusual, but not always a problem.  For example, exporting JNLP will do this.
0 ms. Memory: 477184K Free: 178180K (37%)
----------------- Invoking toplevel() on ptolemy.moml.MoMLSimpleApplication@789f05b
----------------- Done invoking toplevel() on ptolemy.moml.MoMLSimpleApplication@789f05b
reloadAllAccessors: .TestExceptionAttribute4

===========================================================================================
----------------- testing Fri Nov 29 06:26:51 UTC 2019 /home/travis/build/icyphy/ptII/ptolemy/actor/lib/test/auto/TestExceptionHandler1.xml
----------------- Instantiating /home/travis/build/icyphy/ptII/ptolemy/actor/lib/test/auto/TestExceptionHandler1.xml
1 ms. Memory: 477184K Free: 174598K (37%)
----------------- Invoking toplevel() on ptolemy.moml.MoMLSimpleApplication@614fb724
----------------- Done invoking toplevel() on ptolemy.moml.MoMLSimpleApplication@614fb724
reloadAllAccessors: .TestExceptionHandler1

===========================================================================================
----------------- testing Fri Nov 29 06:26:51 UTC 2019 /home/travis/build/icyphy/ptII/ptolemy/actor/lib/test/auto/TestExceptionHandler2.xml
----------------- Instantiating /home/travis/build/icyphy/ptII/ptolemy/actor/lib/test/auto/TestExceptionHandler2.xml
1 ms. Memory: 477184K Free: 171012K (36%)
----------------- Invoking toplevel() on ptolemy.moml.MoMLSimpleApplication@60009323
----------------- Done invoking toplevel() on ptolemy.moml.MoMLSimpleApplication@60009323
reloadAllAccessors: .TestExceptionHandler2

===========================================================================================
----------------- testing Fri Nov 29 06:26:51 UTC 2019 /home/travis/build/icyphy/ptII/ptolemy/actor/lib/test/auto/TestExceptionHandler3.xml
----------------- Instantiating /home/travis/build/icyphy/ptII/ptolemy/actor/lib/test/auto/TestExceptionHandler3.xml
1 ms. Memory: 477184K Free: 167430K (35%)
----------------- Invoking toplevel() on ptolemy.moml.MoMLSimpleApplication@20954093
----------------- Done invoking toplevel() on ptolemy.moml.MoMLSimpleApplication@20954093
reloadAllAccessors: .TestExceptionHandler3

===========================================================================================
----------------- testing Fri Nov 29 06:26:51 UTC 2019 /home/travis/build/icyphy/ptII/ptolemy/actor/lib/test/auto/TestExceptionHandler4.xml
----------------- Instantiating /home/travis/build/icyphy/ptII/ptolemy/actor/lib/test/auto/TestExceptionHandler4.xml
1 ms. Memory: 477184K Free: 163334K (34%)
----------------- Invoking toplevel() on ptolemy.moml.MoMLSimpleApplication@4392fa7d
----------------- Done invoking toplevel() on ptolemy.moml.MoMLSimpleApplication@4392fa7d
reloadAllAccessors: .TestExceptionHandler4

===========================================================================================
----------------- testing Fri Nov 29 06:26:52 UTC 2019 /home/travis/build/icyphy/ptII/ptolemy/actor/lib/test/auto/TestRequireCorrectOrder.xml
----------------- Instantiating /home/travis/build/icyphy/ptII/ptolemy/actor/lib/test/auto/TestRequireCorrectOrder.xml
7 ms. Memory: 477184K Free: 158214K (33%)
----------------- Invoking toplevel() on ptolemy.moml.MoMLSimpleApplication@55c5b593
----------------- Done invoking toplevel() on ptolemy.moml.MoMLSimpleApplication@55c5b593
reloadAllAccessors: .TestRequireCorrectOrder

===========================================================================================
----------------- testing Fri Nov 29 06:26:52 UTC 2019 /home/travis/build/icyphy/ptII/ptolemy/actor/lib/test/auto/TestSimple.xml
----------------- Instantiating /home/travis/build/icyphy/ptII/ptolemy/actor/lib/test/auto/TestSimple.xml
1 ms. Memory: 477184K Free: 153604K (32%)
----------------- Invoking toplevel() on ptolemy.moml.MoMLSimpleApplication@6c9f0093
----------------- Done invoking toplevel() on ptolemy.moml.MoMLSimpleApplication@6c9f0093
reloadAllAccessors: .TestSimple

===========================================================================================
----------------- testing Fri Nov 29 06:26:52 UTC 2019 /home/travis/build/icyphy/ptII/ptolemy/actor/lib/test/auto/ThrowModelError.xml
----------------- Instantiating /home/travis/build/icyphy/ptII/ptolemy/actor/lib/test/auto/ThrowModelError.xml
1 ms. Memory: 477184K Free: 148998K (31%)
----------------- Invoking toplevel() on ptolemy.moml.MoMLSimpleApplication@14aa449a
----------------- Done invoking toplevel() on ptolemy.moml.MoMLSimpleApplication@14aa449a
reloadAllAccessors: .ThrowModelError

===========================================================================================
----------------- testing Fri Nov 29 06:26:52 UTC 2019 /home/travis/build/icyphy/ptII/ptolemy/actor/lib/test/auto/TimeDelayMicrosteps.xml
----------------- Instantiating /home/travis/build/icyphy/ptII/ptolemy/actor/lib/test/auto/TimeDelayMicrosteps.xml
3 ms. Memory: 477184K Free: 423174K (89%)
----------------- Invoking toplevel() on ptolemy.moml.MoMLSimpleApplication@5a889408
----------------- Done invoking toplevel() on ptolemy.moml.MoMLSimpleApplication@5a889408
reloadAllAccessors: .TimeDelayMicrosteps

===========================================================================================
----------------- testing Fri Nov 29 06:26:52 UTC 2019 /home/travis/build/icyphy/ptII/ptolemy/actor/lib/test/auto/TimeDelayMicrosteps2.xml
----------------- Instantiating /home/travis/build/icyphy/ptII/ptolemy/actor/lib/test/auto/TimeDelayMicrosteps2.xml
4 ms. Memory: 477184K Free: 415496K (87%)
----------------- Invoking toplevel() on ptolemy.moml.MoMLSimpleApplication@7aa25af4
----------------- Done invoking toplevel() on ptolemy.moml.MoMLSimpleApplication@7aa25af4
reloadAllAccessors: .TimeDelayMicrosteps2

===========================================================================================
----------------- testing Fri Nov 29 06:26:52 UTC 2019 /home/travis/build/icyphy/ptII/ptolemy/actor/lib/test/auto/TimeDelayMicrosteps3.xml
----------------- Instantiating /home/travis/build/icyphy/ptII/ptolemy/actor/lib/test/auto/TimeDelayMicrosteps3.xml
3 ms. Memory: 477184K Free: 408808K (86%)
----------------- Invoking toplevel() on ptolemy.moml.MoMLSimpleApplication@2e60446f
----------------- Done invoking toplevel() on ptolemy.moml.MoMLSimpleApplication@2e60446f
reloadAllAccessors: .TimeDelayMicrosteps3

===========================================================================================
----------------- testing Fri Nov 29 06:26:52 UTC 2019 /home/travis/build/icyphy/ptII/ptolemy/actor/lib/test/auto/TimeDelayVariableMicrosteps.xml
----------------- Instantiating /home/travis/build/icyphy/ptII/ptolemy/actor/lib/test/auto/TimeDelayVariableMicrosteps.xml
3 ms. Memory: 477184K Free: 402184K (84%)
----------------- Invoking toplevel() on ptolemy.moml.MoMLSimpleApplication@172e11a6
----------------- Done invoking toplevel() on ptolemy.moml.MoMLSimpleApplication@172e11a6
reloadAllAccessors: .TimeDelayVariableMicrosteps

===========================================================================================
----------------- testing Fri Nov 29 06:26:52 UTC 2019 /home/travis/build/icyphy/ptII/ptolemy/actor/lib/test/auto/TimeGap.xml
----------------- Instantiating /home/travis/build/icyphy/ptII/ptolemy/actor/lib/test/auto/TimeGap.xml
2 ms. Memory: 477184K Free: 397064K (83%)
----------------- Invoking toplevel() on ptolemy.moml.MoMLSimpleApplication@7a183144
----------------- Done invoking toplevel() on ptolemy.moml.MoMLSimpleApplication@7a183144
reloadAllAccessors: .TimeGap

===========================================================================================
----------------- testing Fri Nov 29 06:26:52 UTC 2019 /home/travis/build/icyphy/ptII/ptolemy/actor/lib/test/auto/TimeGap2.xml
----------------- Instantiating /home/travis/build/icyphy/ptII/ptolemy/actor/lib/test/auto/TimeGap2.xml
2 ms. Memory: 477184K Free: 391416K (82%)
----------------- Invoking toplevel() on ptolemy.moml.MoMLSimpleApplication@1cd0b957
----------------- Done invoking toplevel() on ptolemy.moml.MoMLSimpleApplication@1cd0b957
reloadAllAccessors: .TimeGap2

===========================================================================================
----------------- testing Fri Nov 29 06:26:52 UTC 2019 /home/travis/build/icyphy/ptII/ptolemy/actor/lib/test/auto/TimedSinewave.xml
----------------- Instantiating /home/travis/build/icyphy/ptII/ptolemy/actor/lib/test/auto/TimedSinewave.xml
23 ms. Memory: 477184K Free: 377094K (79%)
----------------- Invoking toplevel() on ptolemy.moml.MoMLSimpleApplication@4565abe9
----------------- Done invoking toplevel() on ptolemy.moml.MoMLSimpleApplication@4565abe9
reloadAllAccessors: .TimedSinewave

===========================================================================================
----------------- testing Fri Nov 29 06:26:52 UTC 2019 /home/travis/build/icyphy/ptII/ptolemy/actor/lib/test/auto/TimedSinewavePhase.xml
----------------- Instantiating /home/travis/build/icyphy/ptII/ptolemy/actor/lib/test/auto/TimedSinewavePhase.xml
12 ms. Memory: 477184K Free: 366854K (77%)
----------------- Invoking toplevel() on ptolemy.moml.MoMLSimpleApplication@282e1768
----------------- Done invoking toplevel() on ptolemy.moml.MoMLSimpleApplication@282e1768
reloadAllAccessors: .TimedSinewavePhase

===========================================================================================
----------------- testing Fri Nov 29 06:26:52 UTC 2019 /home/travis/build/icyphy/ptII/ptolemy/actor/lib/test/auto/Timer.xml
----------------- Instantiating /home/travis/build/icyphy/ptII/ptolemy/actor/lib/test/auto/Timer.xml
2 ms. Memory: 477184K Free: 361224K (76%)
----------------- Invoking toplevel() on ptolemy.moml.MoMLSimpleApplication@1cf39028
----------------- Done invoking toplevel() on ptolemy.moml.MoMLSimpleApplication@1cf39028
reloadAllAccessors: .Timer

===========================================================================================
----------------- testing Fri Nov 29 06:26:52 UTC 2019 /home/travis/build/icyphy/ptII/ptolemy/actor/lib/test/auto/TriangularDistTestModel.xml
----------------- Instantiating /home/travis/build/icyphy/ptII/ptolemy/actor/lib/test/auto/TriangularDistTestModel.xml
2 ms. Memory: 477184K Free: 355560K (75%)
----------------- Invoking toplevel() on ptolemy.moml.MoMLSimpleApplication@13685ac
----------------- Done invoking toplevel() on ptolemy.moml.MoMLSimpleApplication@13685ac
reloadAllAccessors: .TriangularDistTestModel

===========================================================================================
----------------- testing Fri Nov 29 06:26:52 UTC 2019 /home/travis/build/icyphy/ptII/ptolemy/actor/lib/test/auto/TrigFunction.xml
----------------- Instantiating /home/travis/build/icyphy/ptII/ptolemy/actor/lib/test/auto/TrigFunction.xml
2 ms. Memory: 477184K Free: 350984K (74%)
----------------- Invoking toplevel() on ptolemy.moml.MoMLSimpleApplication@3ce43a11
----------------- Done invoking toplevel() on ptolemy.moml.MoMLSimpleApplication@3ce43a11
reloadAllAccessors: .TrigFunction

===========================================================================================
----------------- testing Fri Nov 29 06:26:52 UTC 2019 /home/travis/build/icyphy/ptII/ptolemy/actor/lib/test/auto/TrigFunctionDE.xml
----------------- Instantiating /home/travis/build/icyphy/ptII/ptolemy/actor/lib/test/auto/TrigFunctionDE.xml
2 ms. Memory: 477184K Free: 345344K (72%)
----------------- Invoking toplevel() on ptolemy.moml.MoMLSimpleApplication@6a12a2b0
----------------- Done invoking toplevel() on ptolemy.moml.MoMLSimpleApplication@6a12a2b0
reloadAllAccessors: .TrigFunctionDE

===========================================================================================
----------------- testing Fri Nov 29 06:26:52 UTC 2019 /home/travis/build/icyphy/ptII/ptolemy/actor/lib/test/auto/TrigFunctionInverse.xml
----------------- Instantiating /home/travis/build/icyphy/ptII/ptolemy/actor/lib/test/auto/TrigFunctionInverse.xml
2 ms. Memory: 477184K Free: 340230K (71%)
----------------- Invoking toplevel() on ptolemy.moml.MoMLSimpleApplication@54bd21de
----------------- Done invoking toplevel() on ptolemy.moml.MoMLSimpleApplication@54bd21de
reloadAllAccessors: .TrigFunctionInverse

===========================================================================================
----------------- testing Fri Nov 29 06:26:52 UTC 2019 /home/travis/build/icyphy/ptII/ptolemy/actor/lib/test/auto/TrigFunctionTan.xml
----------------- Instantiating /home/travis/build/icyphy/ptII/ptolemy/actor/lib/test/auto/TrigFunctionTan.xml
1 ms. Memory: 477184K Free: 336134K (70%)
----------------- Invoking toplevel() on ptolemy.moml.MoMLSimpleApplication@1d5ffb01
----------------- Done invoking toplevel() on ptolemy.moml.MoMLSimpleApplication@1d5ffb01
reloadAllAccessors: .TrigFunctionTan

===========================================================================================
----------------- testing Fri Nov 29 06:26:52 UTC 2019 /home/travis/build/icyphy/ptII/ptolemy/actor/lib/test/auto/TriggeredClock.xml
----------------- Instantiating /home/travis/build/icyphy/ptII/ptolemy/actor/lib/test/auto/TriggeredClock.xml
2 ms. Memory: 477184K Free: 330504K (69%)
----------------- Invoking toplevel() on ptolemy.moml.MoMLSimpleApplication@67df1d7e
----------------- Done invoking toplevel() on ptolemy.moml.MoMLSimpleApplication@67df1d7e
reloadAllAccessors: .TriggeredClock

===========================================================================================
----------------- testing Fri Nov 29 06:26:52 UTC 2019 /home/travis/build/icyphy/ptII/ptolemy/actor/lib/test/auto/URLDirectoryReader.xml
----------------- Instantiating /home/travis/build/icyphy/ptII/ptolemy/actor/lib/test/auto/URLDirectoryReader.xml
28 ms. Memory: 477184K Free: 320774K (67%)
----------------- Invoking toplevel() on ptolemy.moml.MoMLSimpleApplication@4cc8537d
----------------- Done invoking toplevel() on ptolemy.moml.MoMLSimpleApplication@4cc8537d
reloadAllAccessors: .URLDirectoryReader

===========================================================================================
----------------- testing Fri Nov 29 06:26:52 UTC 2019 /home/travis/build/icyphy/ptII/ptolemy/actor/lib/test/auto/URLDirectoryReader3.xml
----------------- Instantiating /home/travis/build/icyphy/ptII/ptolemy/actor/lib/test/auto/URLDirectoryReader3.xml
1258 ms. Memory: 477184K Free: 418623K (88%)
----------------- Invoking toplevel() on ptolemy.moml.MoMLSimpleApplication@454c18f3
----------------- Done invoking toplevel() on ptolemy.moml.MoMLSimpleApplication@454c18f3
reloadAllAccessors: .URLDirectoryReader3

===========================================================================================
----------------- testing Fri Nov 29 06:26:54 UTC 2019 /home/travis/build/icyphy/ptII/ptolemy/actor/lib/test/auto/UnaryMathFunction.xml
----------------- Instantiating /home/travis/build/icyphy/ptII/ptolemy/actor/lib/test/auto/UnaryMathFunction.xml
3 ms. Memory: 477184K Free: 410431K (86%)
----------------- Invoking toplevel() on ptolemy.moml.MoMLSimpleApplication@59dc302b
----------------- Done invoking toplevel() on ptolemy.moml.MoMLSimpleApplication@59dc302b
reloadAllAccessors: .UnaryMathFunction

===========================================================================================
----------------- testing Fri Nov 29 06:26:54 UTC 2019 /home/travis/build/icyphy/ptII/ptolemy/actor/lib/test/auto/Uniform.xml
----------------- Instantiating /home/travis/build/icyphy/ptII/ptolemy/actor/lib/test/auto/Uniform.xml
5 ms. Memory: 477184K Free: 405821K (85%)
----------------- Invoking toplevel() on ptolemy.moml.MoMLSimpleApplication@c17af1b
----------------- Done invoking toplevel() on ptolemy.moml.MoMLSimpleApplication@c17af1b
reloadAllAccessors: .Uniform

===========================================================================================
----------------- testing Fri Nov 29 06:26:54 UTC 2019 /home/travis/build/icyphy/ptII/ptolemy/actor/lib/test/auto/UnionDisassemblerTest.xml
----------------- Instantiating /home/travis/build/icyphy/ptII/ptolemy/actor/lib/test/auto/UnionDisassemblerTest.xml
17 ms. Memory: 477184K Free: 402239K (84%)
----------------- Invoking toplevel() on ptolemy.moml.MoMLSimpleApplication@1fa5cb5b
----------------- Done invoking toplevel() on ptolemy.moml.MoMLSimpleApplication@1fa5cb5b
reloadAllAccessors: .UnionDisassemblerTest

===========================================================================================
----------------- testing Fri Nov 29 06:26:54 UTC 2019 /home/travis/build/icyphy/ptII/ptolemy/actor/lib/test/auto/UtilityFunctions.xml
----------------- Instantiating /home/travis/build/icyphy/ptII/ptolemy/actor/lib/test/auto/UtilityFunctions.xml
1 ms. Memory: 477184K Free: 398143K (83%)
----------------- Invoking toplevel() on ptolemy.moml.MoMLSimpleApplication@359f7405
----------------- Done invoking toplevel() on ptolemy.moml.MoMLSimpleApplication@359f7405
reloadAllAccessors: .UtilityFunctions

===========================================================================================
----------------- testing Fri Nov 29 06:26:54 UTC 2019 /home/travis/build/icyphy/ptII/ptolemy/actor/lib/test/auto/VariableSleep.xml
----------------- Instantiating /home/travis/build/icyphy/ptII/ptolemy/actor/lib/test/auto/VariableSleep.xml
505 ms. Memory: 477184K Free: 393023K (82%)
----------------- Invoking toplevel() on ptolemy.moml.MoMLSimpleApplication@7d37ae96
----------------- Done invoking toplevel() on ptolemy.moml.MoMLSimpleApplication@7d37ae96
reloadAllAccessors: .VariableSleep

===========================================================================================
----------------- testing Fri Nov 29 06:26:54 UTC 2019 /home/travis/build/icyphy/ptII/ptolemy/actor/lib/test/auto/VectorAssemblerDisassemblerCT.xml
----------------- Instantiating /home/travis/build/icyphy/ptII/ptolemy/actor/lib/test/auto/VectorAssemblerDisassemblerCT.xml
73 ms. Memory: 477184K Free: 372543K (78%)
----------------- Invoking toplevel() on ptolemy.moml.MoMLSimpleApplication@76ede336
----------------- Done invoking toplevel() on ptolemy.moml.MoMLSimpleApplication@76ede336
reloadAllAccessors: .VectorAssemblerDisassemblerCT

===========================================================================================
----------------- testing Fri Nov 29 06:26:54 UTC 2019 /home/travis/build/icyphy/ptII/ptolemy/actor/lib/test/auto/VectorAssemblerDisassemblerDE.xml
----------------- Instantiating /home/travis/build/icyphy/ptII/ptolemy/actor/lib/test/auto/VectorAssemblerDisassemblerDE.xml
3 ms. Memory: 477184K Free: 365375K (77%)
----------------- Invoking toplevel() on ptolemy.moml.MoMLSimpleApplication@2a7f83b3
----------------- Done invoking toplevel() on ptolemy.moml.MoMLSimpleApplication@2a7f83b3
reloadAllAccessors: .VectorAssemblerDisassemblerDE

===========================================================================================
----------------- testing Fri Nov 29 06:26:54 UTC 2019 /home/travis/build/icyphy/ptII/ptolemy/actor/lib/test/auto/VectorAssemblerDisassemblerSDF.xml
----------------- Instantiating /home/travis/build/icyphy/ptII/ptolemy/actor/lib/test/auto/VectorAssemblerDisassemblerSDF.xml
2 ms. Memory: 477184K Free: 359231K (75%)
----------------- Invoking toplevel() on ptolemy.moml.MoMLSimpleApplication@24e75704
----------------- Done invoking toplevel() on ptolemy.moml.MoMLSimpleApplication@24e75704
reloadAllAccessors: .VectorAssemblerDisassemblerSDF

===========================================================================================
----------------- testing Fri Nov 29 06:26:54 UTC 2019 /home/travis/build/icyphy/ptII/ptolemy/actor/lib/test/auto/WallClockTime.xml
----------------- Instantiating /home/travis/build/icyphy/ptII/ptolemy/actor/lib/test/auto/WallClockTime.xml
1005 ms. Memory: 477184K Free: 354111K (74%)
----------------- Invoking toplevel() on ptolemy.moml.MoMLSimpleApplication@18670083
----------------- Done invoking toplevel() on ptolemy.moml.MoMLSimpleApplication@18670083
reloadAllAccessors: .WallClockTime

===========================================================================================
----------------- testing Fri Nov 29 06:26:55 UTC 2019 /home/travis/build/icyphy/ptII/ptolemy/actor/lib/test/auto/WidthTestWithSubscriberPublisher.xml
----------------- Instantiating /home/travis/build/icyphy/ptII/ptolemy/actor/lib/test/auto/WidthTestWithSubscriberPublisher.xml
7 ms. Memory: 477184K Free: 336189K (70%)
----------------- Invoking toplevel() on ptolemy.moml.MoMLSimpleApplication@605efe58
----------------- Done invoking toplevel() on ptolemy.moml.MoMLSimpleApplication@605efe58
reloadAllAccessors: .WidthTestWithSubscriberPublisher

===========================================================================================
----------------- testing Fri Nov 29 06:26:55 UTC 2019 /home/travis/build/icyphy/ptII/ptolemy/actor/lib/test/auto/WidthTestWithSubscriberPublisher2.xml
----------------- Instantiating /home/travis/build/icyphy/ptII/ptolemy/actor/lib/test/auto/WidthTestWithSubscriberPublisher2.xml
3 ms. Memory: 477184K Free: 330045K (69%)
----------------- Invoking toplevel() on ptolemy.moml.MoMLSimpleApplication@a6f81b0
----------------- Done invoking toplevel() on ptolemy.moml.MoMLSimpleApplication@a6f81b0
reloadAllAccessors: .WidthTestWithSubscriberPublisher2

===========================================================================================
----------------- testing Fri Nov 29 06:26:55 UTC 2019 /home/travis/build/icyphy/ptII/ptolemy/actor/lib/test/auto/WidthTestWithSubscriberPublisher3.xml
----------------- Instantiating /home/travis/build/icyphy/ptII/ptolemy/actor/lib/test/auto/WidthTestWithSubscriberPublisher3.xml
2 ms. Memory: 477184K Free: 323901K (68%)
----------------- Invoking toplevel() on ptolemy.moml.MoMLSimpleApplication@74fb4367
----------------- Done invoking toplevel() on ptolemy.moml.MoMLSimpleApplication@74fb4367
reloadAllAccessors: .WidthTestWithSubscriberPublisher3

===========================================================================================
----------------- testing Fri Nov 29 06:26:55 UTC 2019 /home/travis/build/icyphy/ptII/ptolemy/actor/lib/test/auto/Writer.xml
----------------- Instantiating /home/travis/build/icyphy/ptII/ptolemy/actor/lib/test/auto/Writer.xml
0
1
2
3
4
1 ms. Memory: 477184K Free: 319775K (67%)
----------------- Invoking toplevel() on ptolemy.moml.MoMLSimpleApplication@68581e1a
----------------- Done invoking toplevel() on ptolemy.moml.MoMLSimpleApplication@68581e1a
reloadAllAccessors: .Writer

===========================================================================================
----------------- testing Fri Nov 29 06:26:55 UTC 2019 /home/travis/build/icyphy/ptII/ptolemy/actor/lib/test/auto/array.xml
----------------- Instantiating /home/travis/build/icyphy/ptII/ptolemy/actor/lib/test/auto/array.xml
2 ms. Memory: 477184K Free: 315199K (66%)
----------------- Invoking toplevel() on ptolemy.moml.MoMLSimpleApplication@7000a596
----------------- Done invoking toplevel() on ptolemy.moml.MoMLSimpleApplication@7000a596
reloadAllAccessors: .array

===========================================================================================
----------------- testing Fri Nov 29 06:26:55 UTC 2019 /home/travis/build/icyphy/ptII/ptolemy/actor/lib/test/auto/array2.xml
----------------- Instantiating /home/travis/build/icyphy/ptII/ptolemy/actor/lib/test/auto/array2.xml
3 ms. Memory: 477184K Free: 310575K (65%)
----------------- Invoking toplevel() on ptolemy.moml.MoMLSimpleApplication@472404c5
----------------- Done invoking toplevel() on ptolemy.moml.MoMLSimpleApplication@472404c5
reloadAllAccessors: .array2

===========================================================================================
----------------- testing Fri Nov 29 06:26:55 UTC 2019 /home/travis/build/icyphy/ptII/ptolemy/actor/lib/test/auto/arrayType.xml
----------------- Instantiating /home/travis/build/icyphy/ptII/ptolemy/actor/lib/test/auto/arrayType.xml
1 ms. Memory: 477184K Free: 304959K (64%)
----------------- Invoking toplevel() on ptolemy.moml.MoMLSimpleApplication@6d145af0
----------------- Done invoking toplevel() on ptolemy.moml.MoMLSimpleApplication@6d145af0
reloadAllAccessors: .arrayType

===========================================================================================
----------------- testing Fri Nov 29 06:26:55 UTC 2019 /home/travis/build/icyphy/ptII/ptolemy/actor/lib/test/auto/arrayType10.xml
----------------- Instantiating /home/travis/build/icyphy/ptII/ptolemy/actor/lib/test/auto/arrayType10.xml
2 ms. Memory: 477184K Free: 300349K (63%)
----------------- Invoking toplevel() on ptolemy.moml.MoMLSimpleApplication@4044adbb
----------------- Done invoking toplevel() on ptolemy.moml.MoMLSimpleApplication@4044adbb
reloadAllAccessors: .arrayType10

===========================================================================================
----------------- testing Fri Nov 29 06:26:55 UTC 2019 /home/travis/build/icyphy/ptII/ptolemy/actor/lib/test/auto/arrayType11.xml
----------------- Instantiating /home/travis/build/icyphy/ptII/ptolemy/actor/lib/test/auto/arrayType11.xml
1 ms. Memory: 477184K Free: 295743K (62%)
----------------- Invoking toplevel() on ptolemy.moml.MoMLSimpleApplication@250de93c
----------------- Done invoking toplevel() on ptolemy.moml.MoMLSimpleApplication@250de93c
reloadAllAccessors: .arrayType11

===========================================================================================
----------------- testing Fri Nov 29 06:26:55 UTC 2019 /home/travis/build/icyphy/ptII/ptolemy/actor/lib/test/auto/arrayType12.xml
----------------- Instantiating /home/travis/build/icyphy/ptII/ptolemy/actor/lib/test/auto/arrayType12.xml
1 ms. Memory: 477184K Free: 291133K (61%)
----------------- Invoking toplevel() on ptolemy.moml.MoMLSimpleApplication@3c09398d
----------------- Done invoking toplevel() on ptolemy.moml.MoMLSimpleApplication@3c09398d
reloadAllAccessors: .arrayType12

===========================================================================================
----------------- testing Fri Nov 29 06:26:56 UTC 2019 /home/travis/build/icyphy/ptII/ptolemy/actor/lib/test/auto/arrayType13.xml
----------------- Instantiating /home/travis/build/icyphy/ptII/ptolemy/actor/lib/test/auto/arrayType13.xml
1 ms. Memory: 477184K Free: 285503K (60%)
----------------- Invoking toplevel() on ptolemy.moml.MoMLSimpleApplication@76e95c06
----------------- Done invoking toplevel() on ptolemy.moml.MoMLSimpleApplication@76e95c06
reloadAllAccessors: .arrayType13

===========================================================================================
----------------- testing Fri Nov 29 06:26:56 UTC 2019 /home/travis/build/icyphy/ptII/ptolemy/actor/lib/test/auto/arrayType14.xml
----------------- Instantiating /home/travis/build/icyphy/ptII/ptolemy/actor/lib/test/auto/arrayType14.xml
2 ms. Memory: 477184K Free: 279869K (59%)
----------------- Invoking toplevel() on ptolemy.moml.MoMLSimpleApplication@c95e396
----------------- Done invoking toplevel() on ptolemy.moml.MoMLSimpleApplication@c95e396
reloadAllAccessors: .arrayType14

===========================================================================================
----------------- testing Fri Nov 29 06:26:56 UTC 2019 /home/travis/build/icyphy/ptII/ptolemy/actor/lib/test/auto/arrayType15.xml
----------------- Instantiating /home/travis/build/icyphy/ptII/ptolemy/actor/lib/test/auto/arrayType15.xml
2 ms. Memory: 477184K Free: 274749K (58%)
----------------- Invoking toplevel() on ptolemy.moml.MoMLSimpleApplication@643b86aa
----------------- Done invoking toplevel() on ptolemy.moml.MoMLSimpleApplication@643b86aa
reloadAllAccessors: .arrayType15

===========================================================================================
----------------- testing Fri Nov 29 06:26:56 UTC 2019 /home/travis/build/icyphy/ptII/ptolemy/actor/lib/test/auto/arrayType16.xml
----------------- Instantiating /home/travis/build/icyphy/ptII/ptolemy/actor/lib/test/auto/arrayType16.xml
1 ms. Memory: 477184K Free: 269615K (57%)
----------------- Invoking toplevel() on ptolemy.moml.MoMLSimpleApplication@6a81fd09
----------------- Done invoking toplevel() on ptolemy.moml.MoMLSimpleApplication@6a81fd09
reloadAllAccessors: .arrayType16

===========================================================================================
----------------- testing Fri Nov 29 06:26:56 UTC 2019 /home/travis/build/icyphy/ptII/ptolemy/actor/lib/test/auto/arrayType17.xml
----------------- Instantiating /home/travis/build/icyphy/ptII/ptolemy/actor/lib/test/auto/arrayType17.xml
2 ms. Memory: 477184K Free: 264509K (55%)
----------------- Invoking toplevel() on ptolemy.moml.MoMLSimpleApplication@548d87a
----------------- Done invoking toplevel() on ptolemy.moml.MoMLSimpleApplication@548d87a
reloadAllAccessors: .arrayType17

===========================================================================================
----------------- testing Fri Nov 29 06:26:56 UTC 2019 /home/travis/build/icyphy/ptII/ptolemy/actor/lib/test/auto/arrayType18.xml
----------------- Instantiating /home/travis/build/icyphy/ptII/ptolemy/actor/lib/test/auto/arrayType18.xml
1 ms. Memory: 477184K Free: 259389K (54%)
----------------- Invoking toplevel() on ptolemy.moml.MoMLSimpleApplication@253d6879
----------------- Done invoking toplevel() on ptolemy.moml.MoMLSimpleApplication@253d6879
reloadAllAccessors: .arrayType18

===========================================================================================
----------------- testing Fri Nov 29 06:26:56 UTC 2019 /home/travis/build/icyphy/ptII/ptolemy/actor/lib/test/auto/arrayType19.xml
----------------- Instantiating /home/travis/build/icyphy/ptII/ptolemy/actor/lib/test/auto/arrayType19.xml
1 ms. Memory: 477184K Free: 254783K (53%)
----------------- Invoking toplevel() on ptolemy.moml.MoMLSimpleApplication@648576e9
----------------- Done invoking toplevel() on ptolemy.moml.MoMLSimpleApplication@648576e9
reloadAllAccessors: .arrayType19

===========================================================================================
----------------- testing Fri Nov 29 06:26:56 UTC 2019 /home/travis/build/icyphy/ptII/ptolemy/actor/lib/test/auto/arrayType2.xml
----------------- Instantiating /home/travis/build/icyphy/ptII/ptolemy/actor/lib/test/auto/arrayType2.xml
2 ms. Memory: 477184K Free: 249663K (52%)
----------------- Invoking toplevel() on ptolemy.moml.MoMLSimpleApplication@777620ad
----------------- Done invoking toplevel() on ptolemy.moml.MoMLSimpleApplication@777620ad
reloadAllAccessors: .arrayType2

===========================================================================================
----------------- testing Fri Nov 29 06:26:56 UTC 2019 /home/travis/build/icyphy/ptII/ptolemy/actor/lib/test/auto/arrayType20.xml
----------------- Instantiating /home/travis/build/icyphy/ptII/ptolemy/actor/lib/test/auto/arrayType20.xml
1 ms. Memory: 477184K Free: 245053K (51%)
----------------- Invoking toplevel() on ptolemy.moml.MoMLSimpleApplication@37c6bbde
----------------- Done invoking toplevel() on ptolemy.moml.MoMLSimpleApplication@37c6bbde
reloadAllAccessors: .arrayType20

===========================================================================================
----------------- testing Fri Nov 29 06:26:56 UTC 2019 /home/travis/build/icyphy/ptII/ptolemy/actor/lib/test/auto/arrayType21.xml
----------------- Instantiating /home/travis/build/icyphy/ptII/ptolemy/actor/lib/test/auto/arrayType21.xml
2 ms. Memory: 477184K Free: 239423K (50%)
----------------- Invoking toplevel() on ptolemy.moml.MoMLSimpleApplication@2dc4f63b
----------------- Done invoking toplevel() on ptolemy.moml.MoMLSimpleApplication@2dc4f63b
reloadAllAccessors: .arrayType21

===========================================================================================
----------------- testing Fri Nov 29 06:26:56 UTC 2019 /home/travis/build/icyphy/ptII/ptolemy/actor/lib/test/auto/arrayType22.xml
----------------- Instantiating /home/travis/build/icyphy/ptII/ptolemy/actor/lib/test/auto/arrayType22.xml
1 ms. Memory: 477184K Free: 234813K (49%)
----------------- Invoking toplevel() on ptolemy.moml.MoMLSimpleApplication@25d0ccb4
----------------- Done invoking toplevel() on ptolemy.moml.MoMLSimpleApplication@25d0ccb4
reloadAllAccessors: .arrayType22

===========================================================================================
----------------- testing Fri Nov 29 06:26:56 UTC 2019 /home/travis/build/icyphy/ptII/ptolemy/actor/lib/test/auto/arrayType23.xml
----------------- Instantiating /home/travis/build/icyphy/ptII/ptolemy/actor/lib/test/auto/arrayType23.xml
1 ms. Memory: 477184K Free: 230207K (48%)
----------------- Invoking toplevel() on ptolemy.moml.MoMLSimpleApplication@6d0f55bc
----------------- Done invoking toplevel() on ptolemy.moml.MoMLSimpleApplication@6d0f55bc
reloadAllAccessors: .arrayType23

===========================================================================================
----------------- testing Fri Nov 29 06:26:56 UTC 2019 /home/travis/build/icyphy/ptII/ptolemy/actor/lib/test/auto/arrayType24.xml
----------------- Instantiating /home/travis/build/icyphy/ptII/ptolemy/actor/lib/test/auto/arrayType24.xml
6 ms. Memory: 477184K Free: 225597K (47%)
----------------- Invoking toplevel() on ptolemy.moml.MoMLSimpleApplication@13ed7335
----------------- Done invoking toplevel() on ptolemy.moml.MoMLSimpleApplication@13ed7335
reloadAllAccessors: .arrayType24

===========================================================================================
----------------- testing Fri Nov 29 06:26:56 UTC 2019 /home/travis/build/icyphy/ptII/ptolemy/actor/lib/test/auto/arrayType25.xml
----------------- Instantiating /home/travis/build/icyphy/ptII/ptolemy/actor/lib/test/auto/arrayType25.xml
1 ms. Memory: 477184K Free: 219967K (46%)
----------------- Invoking toplevel() on ptolemy.moml.MoMLSimpleApplication@2a0d48d0
----------------- Done invoking toplevel() on ptolemy.moml.MoMLSimpleApplication@2a0d48d0
reloadAllAccessors: .arrayType25

===========================================================================================
----------------- testing Fri Nov 29 06:26:56 UTC 2019 /home/travis/build/icyphy/ptII/ptolemy/actor/lib/test/auto/arrayType26.xml
----------------- Instantiating /home/travis/build/icyphy/ptII/ptolemy/actor/lib/test/auto/arrayType26.xml
1 ms. Memory: 477184K Free: 214847K (45%)
----------------- Invoking toplevel() on ptolemy.moml.MoMLSimpleApplication@fe1f8d
----------------- Done invoking toplevel() on ptolemy.moml.MoMLSimpleApplication@fe1f8d
reloadAllAccessors: .arrayType26

===========================================================================================
----------------- testing Fri Nov 29 06:26:56 UTC 2019 /home/travis/build/icyphy/ptII/ptolemy/actor/lib/test/auto/arrayType27.xml
----------------- Instantiating /home/travis/build/icyphy/ptII/ptolemy/actor/lib/test/auto/arrayType27.xml
2 ms. Memory: 477184K Free: 209727K (44%)
----------------- Invoking toplevel() on ptolemy.moml.MoMLSimpleApplication@619042d3
----------------- Done invoking toplevel() on ptolemy.moml.MoMLSimpleApplication@619042d3
reloadAllAccessors: .arrayType27

===========================================================================================
----------------- testing Fri Nov 29 06:26:56 UTC 2019 /home/travis/build/icyphy/ptII/ptolemy/actor/lib/test/auto/arrayType28.xml
----------------- Instantiating /home/travis/build/icyphy/ptII/ptolemy/actor/lib/test/auto/arrayType28.xml
2 ms. Memory: 477184K Free: 204607K (43%)
----------------- Invoking toplevel() on ptolemy.moml.MoMLSimpleApplication@45985676
----------------- Done invoking toplevel() on ptolemy.moml.MoMLSimpleApplication@45985676
reloadAllAccessors: .arrayType28

===========================================================================================
----------------- testing Fri Nov 29 06:26:56 UTC 2019 /home/travis/build/icyphy/ptII/ptolemy/actor/lib/test/auto/arrayType3.xml
----------------- Instantiating /home/travis/build/icyphy/ptII/ptolemy/actor/lib/test/auto/arrayType3.xml
2 ms. Memory: 477184K Free: 198959K (42%)
----------------- Invoking toplevel() on ptolemy.moml.MoMLSimpleApplication@7c4cc82e
----------------- Done invoking toplevel() on ptolemy.moml.MoMLSimpleApplication@7c4cc82e
reloadAllAccessors: .arrayType3

===========================================================================================
----------------- testing Fri Nov 29 06:26:56 UTC 2019 /home/travis/build/icyphy/ptII/ptolemy/actor/lib/test/auto/arrayType4.xml
----------------- Instantiating /home/travis/build/icyphy/ptII/ptolemy/actor/lib/test/auto/arrayType4.xml
2 ms. Memory: 477184K Free: 193839K (41%)
----------------- Invoking toplevel() on ptolemy.moml.MoMLSimpleApplication@7f988f80
----------------- Done invoking toplevel() on ptolemy.moml.MoMLSimpleApplication@7f988f80
reloadAllAccessors: .arrayType4

===========================================================================================
----------------- testing Fri Nov 29 06:26:56 UTC 2019 /home/travis/build/icyphy/ptII/ptolemy/actor/lib/test/auto/arrayType5.xml
----------------- Instantiating /home/travis/build/icyphy/ptII/ptolemy/actor/lib/test/auto/arrayType5.xml
3 ms. Memory: 477184K Free: 188733K (40%)
----------------- Invoking toplevel() on ptolemy.moml.MoMLSimpleApplication@5619bd2a
----------------- Done invoking toplevel() on ptolemy.moml.MoMLSimpleApplication@5619bd2a
reloadAllAccessors: .arrayType5

===========================================================================================
----------------- testing Fri Nov 29 06:26:56 UTC 2019 /home/travis/build/icyphy/ptII/ptolemy/actor/lib/test/auto/arrayType6.xml
----------------- Instantiating /home/travis/build/icyphy/ptII/ptolemy/actor/lib/test/auto/arrayType6.xml
1 ms. Memory: 477184K Free: 183613K (38%)
----------------- Invoking toplevel() on ptolemy.moml.MoMLSimpleApplication@a082b69
----------------- Done invoking toplevel() on ptolemy.moml.MoMLSimpleApplication@a082b69
reloadAllAccessors: .arrayType6

===========================================================================================
----------------- testing Fri Nov 29 06:26:56 UTC 2019 /home/travis/build/icyphy/ptII/ptolemy/actor/lib/test/auto/arrayType7.xml
----------------- Instantiating /home/travis/build/icyphy/ptII/ptolemy/actor/lib/test/auto/arrayType7.xml
1 ms. Memory: 477184K Free: 179007K (38%)
----------------- Invoking toplevel() on ptolemy.moml.MoMLSimpleApplication@4496c74f
----------------- Done invoking toplevel() on ptolemy.moml.MoMLSimpleApplication@4496c74f
reloadAllAccessors: .arrayType7

===========================================================================================
----------------- testing Fri Nov 29 06:26:56 UTC 2019 /home/travis/build/icyphy/ptII/ptolemy/actor/lib/test/auto/arrayType8.xml
----------------- Instantiating /home/travis/build/icyphy/ptII/ptolemy/actor/lib/test/auto/arrayType8.xml
1 ms. Memory: 477184K Free: 174397K (37%)
----------------- Invoking toplevel() on ptolemy.moml.MoMLSimpleApplication@a20bb97
----------------- Done invoking toplevel() on ptolemy.moml.MoMLSimpleApplication@a20bb97
reloadAllAccessors: .arrayType8

===========================================================================================
----------------- testing Fri Nov 29 06:26:56 UTC 2019 /home/travis/build/icyphy/ptII/ptolemy/actor/lib/test/auto/arrayType9.xml
----------------- Instantiating /home/travis/build/icyphy/ptII/ptolemy/actor/lib/test/auto/arrayType9.xml
7 ms. Memory: 477184K Free: 169277K (35%)
----------------- Invoking toplevel() on ptolemy.moml.MoMLSimpleApplication@6698e2e0
----------------- Done invoking toplevel() on ptolemy.moml.MoMLSimpleApplication@6698e2e0
reloadAllAccessors: .arrayType9

===========================================================================================
----------------- testing Fri Nov 29 06:26:56 UTC 2019 /home/travis/build/icyphy/ptII/ptolemy/actor/lib/test/auto/cast.xml
----------------- Instantiating /home/travis/build/icyphy/ptII/ptolemy/actor/lib/test/auto/cast.xml
2 ms. Memory: 477184K Free: 164157K (34%)
----------------- Invoking toplevel() on ptolemy.moml.MoMLSimpleApplication@213c485
----------------- Done invoking toplevel() on ptolemy.moml.MoMLSimpleApplication@213c485
reloadAllAccessors: .cast

===========================================================================================
----------------- testing Fri Nov 29 06:26:56 UTC 2019 /home/travis/build/icyphy/ptII/ptolemy/actor/lib/test/auto/compositeMultiPort.xml
----------------- Instantiating /home/travis/build/icyphy/ptII/ptolemy/actor/lib/test/auto/compositeMultiPort.xml
4 ms. Memory: 477184K Free: 155455K (33%)
----------------- Invoking toplevel() on ptolemy.moml.MoMLSimpleApplication@2725404d
----------------- Done invoking toplevel() on ptolemy.moml.MoMLSimpleApplication@2725404d
reloadAllAccessors: .compositeMultiPort

===========================================================================================
----------------- testing Fri Nov 29 06:26:56 UTC 2019 /home/travis/build/icyphy/ptII/ptolemy/actor/lib/test/auto/expressionCastInference.xml
----------------- Instantiating /home/travis/build/icyphy/ptII/ptolemy/actor/lib/test/auto/expressionCastInference.xml
2 ms. Memory: 477184K Free: 150845K (32%)
----------------- Invoking toplevel() on ptolemy.moml.MoMLSimpleApplication@240650e7
----------------- Done invoking toplevel() on ptolemy.moml.MoMLSimpleApplication@240650e7
reloadAllAccessors: .expressionCastInference

===========================================================================================
----------------- testing Fri Nov 29 06:26:56 UTC 2019 /home/travis/build/icyphy/ptII/ptolemy/actor/lib/test/auto/expressionCastInference2.xml
----------------- Instantiating /home/travis/build/icyphy/ptII/ptolemy/actor/lib/test/auto/expressionCastInference2.xml
2 ms. Memory: 477184K Free: 145725K (31%)
----------------- Invoking toplevel() on ptolemy.moml.MoMLSimpleApplication@155c4a82
----------------- Done invoking toplevel() on ptolemy.moml.MoMLSimpleApplication@155c4a82
reloadAllAccessors: .expressionCastInference2

===========================================================================================
----------------- testing Fri Nov 29 06:26:56 UTC 2019 /home/travis/build/icyphy/ptII/ptolemy/actor/lib/test/auto/expressionInference.xml
----------------- Instantiating /home/travis/build/icyphy/ptII/ptolemy/actor/lib/test/auto/expressionInference.xml
2 ms. Memory: 477184K Free: 421554K (88%)
----------------- Invoking toplevel() on ptolemy.moml.MoMLSimpleApplication@a052df1
----------------- Done invoking toplevel() on ptolemy.moml.MoMLSimpleApplication@a052df1
reloadAllAccessors: .expressionInference

===========================================================================================
----------------- testing Fri Nov 29 06:26:56 UTC 2019 /home/travis/build/icyphy/ptII/ptolemy/actor/lib/test/auto/expression_bug.xml
----------------- Instantiating /home/travis/build/icyphy/ptII/ptolemy/actor/lib/test/auto/expression_bug.xml
1 ms. Memory: 477184K Free: 417458K (87%)
----------------- Invoking toplevel() on ptolemy.moml.MoMLSimpleApplication@19bbfb49
----------------- Done invoking toplevel() on ptolemy.moml.MoMLSimpleApplication@19bbfb49
reloadAllAccessors: .expression_bug

===========================================================================================
----------------- testing Fri Nov 29 06:26:56 UTC 2019 /home/travis/build/icyphy/ptII/ptolemy/actor/lib/test/auto/factorial.xml
----------------- Instantiating /home/travis/build/icyphy/ptII/ptolemy/actor/lib/test/auto/factorial.xml
48 ms. Memory: 477184K Free: 409266K (86%)
----------------- Invoking toplevel() on ptolemy.moml.MoMLSimpleApplication@2ae5f66a
----------------- Done invoking toplevel() on ptolemy.moml.MoMLSimpleApplication@2ae5f66a
reloadAllAccessors: .factorial

===========================================================================================
----------------- testing Fri Nov 29 06:26:56 UTC 2019 /home/travis/build/icyphy/ptII/ptolemy/actor/lib/test/auto/filterTest1.xml
----------------- Instantiating /home/travis/build/icyphy/ptII/ptolemy/actor/lib/test/auto/filterTest1.xml
3 ms. Memory: 477184K Free: 403122K (84%)
----------------- Invoking toplevel() on ptolemy.moml.MoMLSimpleApplication@4852d450
----------------- Done invoking toplevel() on ptolemy.moml.MoMLSimpleApplication@4852d450
reloadAllAccessors: .filterTest1

===========================================================================================
----------------- testing Fri Nov 29 06:26:56 UTC 2019 /home/travis/build/icyphy/ptII/ptolemy/actor/lib/test/auto/funcApplyInConst.xml
----------------- Instantiating /home/travis/build/icyphy/ptII/ptolemy/actor/lib/test/auto/funcApplyInConst.xml
1 ms. Memory: 477184K Free: 399540K (84%)
----------------- Invoking toplevel() on ptolemy.moml.MoMLSimpleApplication@6908c8c2
----------------- Done invoking toplevel() on ptolemy.moml.MoMLSimpleApplication@6908c8c2
reloadAllAccessors: .funcApplyInConst

===========================================================================================
----------------- testing Fri Nov 29 06:26:56 UTC 2019 /home/travis/build/icyphy/ptII/ptolemy/actor/lib/test/auto/funcApplyInExpr.xml
----------------- Instantiating /home/travis/build/icyphy/ptII/ptolemy/actor/lib/test/auto/funcApplyInExpr.xml
2 ms. Memory: 477184K Free: 395954K (83%)
----------------- Invoking toplevel() on ptolemy.moml.MoMLSimpleApplication@6dbd5f0b
----------------- Done invoking toplevel() on ptolemy.moml.MoMLSimpleApplication@6dbd5f0b
reloadAllAccessors: .funcApplyInExpr

===========================================================================================
----------------- testing Fri Nov 29 06:26:56 UTC 2019 /home/travis/build/icyphy/ptII/ptolemy/actor/lib/test/auto/function.xml
----------------- Instantiating /home/travis/build/icyphy/ptII/ptolemy/actor/lib/test/auto/function.xml
2 ms. Memory: 477184K Free: 390834K (82%)
----------------- Invoking toplevel() on ptolemy.moml.MoMLSimpleApplication@25e943b6
----------------- Done invoking toplevel() on ptolemy.moml.MoMLSimpleApplication@25e943b6
reloadAllAccessors: .function

===========================================================================================
----------------- testing Fri Nov 29 06:26:56 UTC 2019 /home/travis/build/icyphy/ptII/ptolemy/actor/lib/test/auto/function2.xml
----------------- Instantiating /home/travis/build/icyphy/ptII/ptolemy/actor/lib/test/auto/function2.xml
1 ms. Memory: 477184K Free: 386228K (81%)
----------------- Invoking toplevel() on ptolemy.moml.MoMLSimpleApplication@3ad84572
----------------- Done invoking toplevel() on ptolemy.moml.MoMLSimpleApplication@3ad84572
reloadAllAccessors: .function2

===========================================================================================
----------------- testing Fri Nov 29 06:26:56 UTC 2019 /home/travis/build/icyphy/ptII/ptolemy/actor/lib/test/auto/function3.xml
----------------- Instantiating /home/travis/build/icyphy/ptII/ptolemy/actor/lib/test/auto/function3.xml
3 ms. Memory: 477184K Free: 382642K (80%)
----------------- Invoking toplevel() on ptolemy.moml.MoMLSimpleApplication@6f2425e0
----------------- Done invoking toplevel() on ptolemy.moml.MoMLSimpleApplication@6f2425e0
reloadAllAccessors: .function3

===========================================================================================
----------------- testing Fri Nov 29 06:26:56 UTC 2019 /home/travis/build/icyphy/ptII/ptolemy/actor/lib/test/auto/functionClosureTest1.xml
----------------- Instantiating /home/travis/build/icyphy/ptII/ptolemy/actor/lib/test/auto/functionClosureTest1.xml
2 ms. Memory: 477184K Free: 376492K (79%)
----------------- Invoking toplevel() on ptolemy.moml.MoMLSimpleApplication@47010537
----------------- Done invoking toplevel() on ptolemy.moml.MoMLSimpleApplication@47010537
reloadAllAccessors: .functionClosureTest1

===========================================================================================
----------------- testing Fri Nov 29 06:26:56 UTC 2019 /home/travis/build/icyphy/ptII/ptolemy/actor/lib/test/auto/functionClosureTest2.xml
----------------- Instantiating /home/travis/build/icyphy/ptII/ptolemy/actor/lib/test/auto/functionClosureTest2.xml
1 ms. Memory: 477184K Free: 372916K (78%)
----------------- Invoking toplevel() on ptolemy.moml.MoMLSimpleApplication@3fa551e5
----------------- Done invoking toplevel() on ptolemy.moml.MoMLSimpleApplication@3fa551e5
reloadAllAccessors: .functionClosureTest2

===========================================================================================
----------------- testing Fri Nov 29 06:26:56 UTC 2019 /home/travis/build/icyphy/ptII/ptolemy/actor/lib/test/auto/functionClosureTest3.xml
----------------- Instantiating /home/travis/build/icyphy/ptII/ptolemy/actor/lib/test/auto/functionClosureTest3.xml
2 ms. Memory: 477184K Free: 367796K (77%)
----------------- Invoking toplevel() on ptolemy.moml.MoMLSimpleApplication@169a14ce
----------------- Done invoking toplevel() on ptolemy.moml.MoMLSimpleApplication@169a14ce
reloadAllAccessors: .functionClosureTest3

===========================================================================================
----------------- testing Fri Nov 29 06:26:56 UTC 2019 /home/travis/build/icyphy/ptII/ptolemy/actor/lib/test/auto/functionClosureTest4.xml
----------------- Instantiating /home/travis/build/icyphy/ptII/ptolemy/actor/lib/test/auto/functionClosureTest4.xml
3 ms. Memory: 477184K Free: 361138K (76%)
----------------- Invoking toplevel() on ptolemy.moml.MoMLSimpleApplication@71ef8e87
----------------- Done invoking toplevel() on ptolemy.moml.MoMLSimpleApplication@71ef8e87
reloadAllAccessors: .functionClosureTest4

===========================================================================================
----------------- testing Fri Nov 29 06:26:56 UTC 2019 /home/travis/build/icyphy/ptII/ptolemy/actor/lib/test/auto/functionClosureTest5.xml
----------------- Instantiating /home/travis/build/icyphy/ptII/ptolemy/actor/lib/test/auto/functionClosureTest5.xml
4 ms. Memory: 477184K Free: 356018K (75%)
----------------- Invoking toplevel() on ptolemy.moml.MoMLSimpleApplication@68149d95
----------------- Done invoking toplevel() on ptolemy.moml.MoMLSimpleApplication@68149d95
reloadAllAccessors: .functionClosureTest5

===========================================================================================
----------------- testing Fri Nov 29 06:26:56 UTC 2019 /home/travis/build/icyphy/ptII/ptolemy/actor/lib/test/auto/functionClosureTest6.xml
----------------- Instantiating /home/travis/build/icyphy/ptII/ptolemy/actor/lib/test/auto/functionClosureTest6.xml
2 ms. Memory: 477184K Free: 351412K (74%)
----------------- Invoking toplevel() on ptolemy.moml.MoMLSimpleApplication@7840db8f
----------------- Done invoking toplevel() on ptolemy.moml.MoMLSimpleApplication@7840db8f
reloadAllAccessors: .functionClosureTest6

===========================================================================================
----------------- testing Fri Nov 29 06:26:56 UTC 2019 /home/travis/build/icyphy/ptII/ptolemy/actor/lib/test/auto/functionsOnArcs.xml
----------------- Instantiating /home/travis/build/icyphy/ptII/ptolemy/actor/lib/test/auto/functionsOnArcs.xml
2 ms. Memory: 477184K Free: 345778K (72%)
----------------- Invoking toplevel() on ptolemy.moml.MoMLSimpleApplication@725376c7
----------------- Done invoking toplevel() on ptolemy.moml.MoMLSimpleApplication@725376c7
reloadAllAccessors: .functionsOnArcs

===========================================================================================
----------------- testing Fri Nov 29 06:26:56 UTC 2019 /home/travis/build/icyphy/ptII/ptolemy/actor/lib/test/auto/functionsOnArcsHOF.xml
----------------- Instantiating /home/travis/build/icyphy/ptII/ptolemy/actor/lib/test/auto/functionsOnArcsHOF.xml
4 ms. Memory: 477184K Free: 340148K (71%)
----------------- Invoking toplevel() on ptolemy.moml.MoMLSimpleApplication@1eadeeec
----------------- Done invoking toplevel() on ptolemy.moml.MoMLSimpleApplication@1eadeeec
reloadAllAccessors: .functionsOnArcsHOF

===========================================================================================
----------------- testing Fri Nov 29 06:26:56 UTC 2019 /home/travis/build/icyphy/ptII/ptolemy/actor/lib/test/auto/logic.xml
----------------- Instantiating /home/travis/build/icyphy/ptII/ptolemy/actor/lib/test/auto/logic.xml
2 ms. Memory: 477184K Free: 332980K (70%)
----------------- Invoking toplevel() on ptolemy.moml.MoMLSimpleApplication@19eec70b
----------------- Done invoking toplevel() on ptolemy.moml.MoMLSimpleApplication@19eec70b
reloadAllAccessors: .logic

===========================================================================================
----------------- testing Fri Nov 29 06:26:56 UTC 2019 /home/travis/build/icyphy/ptII/ptolemy/actor/lib/test/auto/matrixType.xml
----------------- Instantiating /home/travis/build/icyphy/ptII/ptolemy/actor/lib/test/auto/matrixType.xml
2 ms. Memory: 477184K Free: 327332K (69%)
----------------- Invoking toplevel() on ptolemy.moml.MoMLSimpleApplication@6cb9ab4
----------------- Done invoking toplevel() on ptolemy.moml.MoMLSimpleApplication@6cb9ab4
reloadAllAccessors: .matrixType

===========================================================================================
----------------- testing Fri Nov 29 06:26:56 UTC 2019 /home/travis/build/icyphy/ptII/ptolemy/actor/lib/test/auto/matrixType10.xml
----------------- Instantiating /home/travis/build/icyphy/ptII/ptolemy/actor/lib/test/auto/matrixType10.xml
1 ms. Memory: 477184K Free: 322740K (68%)
----------------- Invoking toplevel() on ptolemy.moml.MoMLSimpleApplication@1e807b84
----------------- Done invoking toplevel() on ptolemy.moml.MoMLSimpleApplication@1e807b84
reloadAllAccessors: .matrixType10

===========================================================================================
----------------- testing Fri Nov 29 06:26:56 UTC 2019 /home/travis/build/icyphy/ptII/ptolemy/actor/lib/test/auto/matrixType11.xml
----------------- Instantiating /home/travis/build/icyphy/ptII/ptolemy/actor/lib/test/auto/matrixType11.xml
1 ms. Memory: 477184K Free: 318130K (67%)
----------------- Invoking toplevel() on ptolemy.moml.MoMLSimpleApplication@530a007a
----------------- Done invoking toplevel() on ptolemy.moml.MoMLSimpleApplication@530a007a
reloadAllAccessors: .matrixType11

===========================================================================================
----------------- testing Fri Nov 29 06:26:56 UTC 2019 /home/travis/build/icyphy/ptII/ptolemy/actor/lib/test/auto/matrixType12.xml
----------------- Instantiating /home/travis/build/icyphy/ptII/ptolemy/actor/lib/test/auto/matrixType12.xml
1 ms. Memory: 477184K Free: 313010K (66%)
----------------- Invoking toplevel() on ptolemy.moml.MoMLSimpleApplication@2f38bf1e
----------------- Done invoking toplevel() on ptolemy.moml.MoMLSimpleApplication@2f38bf1e
reloadAllAccessors: .matrixType12

===========================================================================================
----------------- testing Fri Nov 29 06:26:56 UTC 2019 /home/travis/build/icyphy/ptII/ptolemy/actor/lib/test/auto/matrixType13.xml
----------------- Instantiating /home/travis/build/icyphy/ptII/ptolemy/actor/lib/test/auto/matrixType13.xml
2 ms. Memory: 477184K Free: 308404K (65%)
----------------- Invoking toplevel() on ptolemy.moml.MoMLSimpleApplication@f346832
----------------- Done invoking toplevel() on ptolemy.moml.MoMLSimpleApplication@f346832
reloadAllAccessors: .matrixType13

===========================================================================================
----------------- testing Fri Nov 29 06:26:56 UTC 2019 /home/travis/build/icyphy/ptII/ptolemy/actor/lib/test/auto/matrixType14.xml
----------------- Instantiating /home/travis/build/icyphy/ptII/ptolemy/actor/lib/test/auto/matrixType14.xml
2 ms. Memory: 477184K Free: 303794K (64%)
----------------- Invoking toplevel() on ptolemy.moml.MoMLSimpleApplication@faf2202
----------------- Done invoking toplevel() on ptolemy.moml.MoMLSimpleApplication@faf2202
reloadAllAccessors: .matrixType14

===========================================================================================
----------------- testing Fri Nov 29 06:26:56 UTC 2019 /home/travis/build/icyphy/ptII/ptolemy/actor/lib/test/auto/matrixType2.xml
----------------- Instantiating /home/travis/build/icyphy/ptII/ptolemy/actor/lib/test/auto/matrixType2.xml
2 ms. Memory: 477184K Free: 298674K (63%)
----------------- Invoking toplevel() on ptolemy.moml.MoMLSimpleApplication@63ad4c1a
----------------- Done invoking toplevel() on ptolemy.moml.MoMLSimpleApplication@63ad4c1a
reloadAllAccessors: .matrixType2

===========================================================================================
----------------- testing Fri Nov 29 06:26:56 UTC 2019 /home/travis/build/icyphy/ptII/ptolemy/actor/lib/test/auto/matrixType3.xml
----------------- Instantiating /home/travis/build/icyphy/ptII/ptolemy/actor/lib/test/auto/matrixType3.xml
4 ms. Memory: 477184K Free: 294068K (62%)
----------------- Invoking toplevel() on ptolemy.moml.MoMLSimpleApplication@32341c65
----------------- Done invoking toplevel() on ptolemy.moml.MoMLSimpleApplication@32341c65
reloadAllAccessors: .matrixType3

===========================================================================================
----------------- testing Fri Nov 29 06:26:56 UTC 2019 /home/travis/build/icyphy/ptII/ptolemy/actor/lib/test/auto/matrixType4.xml
----------------- Instantiating /home/travis/build/icyphy/ptII/ptolemy/actor/lib/test/auto/matrixType4.xml
1 ms. Memory: 477184K Free: 288948K (61%)
----------------- Invoking toplevel() on ptolemy.moml.MoMLSimpleApplication@4a2897f2
----------------- Done invoking toplevel() on ptolemy.moml.MoMLSimpleApplication@4a2897f2
reloadAllAccessors: .matrixType4

===========================================================================================
----------------- testing Fri Nov 29 06:26:56 UTC 2019 /home/travis/build/icyphy/ptII/ptolemy/actor/lib/test/auto/matrixType5.xml
----------------- Instantiating /home/travis/build/icyphy/ptII/ptolemy/actor/lib/test/auto/matrixType5.xml
2 ms. Memory: 477184K Free: 284338K (60%)
----------------- Invoking toplevel() on ptolemy.moml.MoMLSimpleApplication@44f70a0a
----------------- Done invoking toplevel() on ptolemy.moml.MoMLSimpleApplication@44f70a0a
reloadAllAccessors: .matrixType5

===========================================================================================
----------------- testing Fri Nov 29 06:26:56 UTC 2019 /home/travis/build/icyphy/ptII/ptolemy/actor/lib/test/auto/matrixType6.xml
----------------- Instantiating /home/travis/build/icyphy/ptII/ptolemy/actor/lib/test/auto/matrixType6.xml
1 ms. Memory: 477184K Free: 279732K (59%)
----------------- Invoking toplevel() on ptolemy.moml.MoMLSimpleApplication@e5d63a6
----------------- Done invoking toplevel() on ptolemy.moml.MoMLSimpleApplication@e5d63a6
reloadAllAccessors: .matrixType6

===========================================================================================
----------------- testing Fri Nov 29 06:26:56 UTC 2019 /home/travis/build/icyphy/ptII/ptolemy/actor/lib/test/auto/matrixType7.xml
----------------- Instantiating /home/travis/build/icyphy/ptII/ptolemy/actor/lib/test/auto/matrixType7.xml
1 ms. Memory: 477184K Free: 274612K (58%)
----------------- Invoking toplevel() on ptolemy.moml.MoMLSimpleApplication@3ddb0fe7
----------------- Done invoking toplevel() on ptolemy.moml.MoMLSimpleApplication@3ddb0fe7
reloadAllAccessors: .matrixType7

===========================================================================================
----------------- testing Fri Nov 29 06:26:56 UTC 2019 /home/travis/build/icyphy/ptII/ptolemy/actor/lib/test/auto/matrixType8.xml
----------------- Instantiating /home/travis/build/icyphy/ptII/ptolemy/actor/lib/test/auto/matrixType8.xml
2 ms. Memory: 477184K Free: 270002K (57%)
----------------- Invoking toplevel() on ptolemy.moml.MoMLSimpleApplication@39167e3
----------------- Done invoking toplevel() on ptolemy.moml.MoMLSimpleApplication@39167e3
reloadAllAccessors: .matrixType8

===========================================================================================
----------------- testing Fri Nov 29 06:26:56 UTC 2019 /home/travis/build/icyphy/ptII/ptolemy/actor/lib/test/auto/matrixType9.xml
----------------- Instantiating /home/travis/build/icyphy/ptII/ptolemy/actor/lib/test/auto/matrixType9.xml
2 ms. Memory: 477184K Free: 265396K (56%)
----------------- Invoking toplevel() on ptolemy.moml.MoMLSimpleApplication@1d9907dd
----------------- Done invoking toplevel() on ptolemy.moml.MoMLSimpleApplication@1d9907dd
reloadAllAccessors: .matrixType9

===========================================================================================
----------------- testing Fri Nov 29 06:26:56 UTC 2019 /home/travis/build/icyphy/ptII/ptolemy/actor/lib/test/auto/paraFunctest.xml
----------------- Instantiating /home/travis/build/icyphy/ptII/ptolemy/actor/lib/test/auto/paraFunctest.xml
2 ms. Memory: 477184K Free: 260786K (55%)
----------------- Invoking toplevel() on ptolemy.moml.MoMLSimpleApplication@2e86c642
----------------- Done invoking toplevel() on ptolemy.moml.MoMLSimpleApplication@2e86c642
reloadAllAccessors: .paraFunctest

===========================================================================================
----------------- testing Fri Nov 29 06:26:56 UTC 2019 /home/travis/build/icyphy/ptII/ptolemy/actor/lib/test/auto/paraFunctest2.xml
----------------- Instantiating /home/travis/build/icyphy/ptII/ptolemy/actor/lib/test/auto/paraFunctest2.xml
2 ms. Memory: 477184K Free: 256690K (54%)
----------------- Invoking toplevel() on ptolemy.moml.MoMLSimpleApplication@588b80a8
----------------- Done invoking toplevel() on ptolemy.moml.MoMLSimpleApplication@588b80a8
reloadAllAccessors: .paraFunctest2

===========================================================================================
----------------- testing Fri Nov 29 06:26:56 UTC 2019 /home/travis/build/icyphy/ptII/ptolemy/actor/lib/test/auto/parameterPassing.xml
----------------- Instantiating /home/travis/build/icyphy/ptII/ptolemy/actor/lib/test/auto/parameterPassing.xml
1 ms. Memory: 477184K Free: 252084K (53%)
----------------- Invoking toplevel() on ptolemy.moml.MoMLSimpleApplication@74425a4e
----------------- Done invoking toplevel() on ptolemy.moml.MoMLSimpleApplication@74425a4e
reloadAllAccessors: .parameterPassing

===========================================================================================
----------------- testing Fri Nov 29 06:26:56 UTC 2019 /home/travis/build/icyphy/ptII/ptolemy/actor/lib/test/auto/record.xml
----------------- Instantiating /home/travis/build/icyphy/ptII/ptolemy/actor/lib/test/auto/record.xml
2 ms. Memory: 477184K Free: 247474K (52%)
----------------- Invoking toplevel() on ptolemy.moml.MoMLSimpleApplication@2640620
----------------- Done invoking toplevel() on ptolemy.moml.MoMLSimpleApplication@2640620
reloadAllAccessors: .record

===========================================================================================
----------------- testing Fri Nov 29 06:26:56 UTC 2019 /home/travis/build/icyphy/ptII/ptolemy/actor/lib/test/auto/sizedarray1.xml
----------------- Instantiating /home/travis/build/icyphy/ptII/ptolemy/actor/lib/test/auto/sizedarray1.xml
2 ms. Memory: 477184K Free: 242354K (51%)
----------------- Invoking toplevel() on ptolemy.moml.MoMLSimpleApplication@389f17de
----------------- Done invoking toplevel() on ptolemy.moml.MoMLSimpleApplication@389f17de
reloadAllAccessors: .sizedarray1

===========================================================================================
----------------- testing Fri Nov 29 06:26:56 UTC 2019 /home/travis/build/icyphy/ptII/ptolemy/actor/lib/test/auto/sizedarray2.xml
----------------- Instantiating /home/travis/build/icyphy/ptII/ptolemy/actor/lib/test/auto/sizedarray2.xml
3 ms. Memory: 477184K Free: 236210K (50%)
----------------- Invoking toplevel() on ptolemy.moml.MoMLSimpleApplication@78d4b972
----------------- Done invoking toplevel() on ptolemy.moml.MoMLSimpleApplication@78d4b972
reloadAllAccessors: .sizedarray2

===========================================================================================
----------------- testing Fri Nov 29 06:26:56 UTC 2019 /home/travis/build/icyphy/ptII/ptolemy/actor/lib/test/auto/twoPublishers.xml
----------------- Instantiating /home/travis/build/icyphy/ptII/ptolemy/actor/lib/test/auto/twoPublishers.xml
6 ms. Memory: 477184K Free: 225970K (47%)
----------------- Invoking toplevel() on ptolemy.moml.MoMLSimpleApplication@1c1b2b37
----------------- Done invoking toplevel() on ptolemy.moml.MoMLSimpleApplication@1c1b2b37
reloadAllAccessors: .twoPublishers
AutoTests.java: About to close Vertx.
AutoTests.java: Vertx closed.
]]></system-out>
  <system-err><![CDATA[java.lang.RuntimeException: Execution failed
	at ptolemy.moml.MoMLSimpleApplication$UnloadThread.run(MoMLSimpleApplication.java:402)
Caused by: java.lang.RuntimeException: StringUtilities.exit() was called. Normally, we would exit here because Manager.exitAfterWrapup() was called.  However, because the ptolemy.ptII.exitAfterWrapup property is set, we throw this exception instead.
	at ptolemy.util.StringUtilities.exit(StringUtilities.java:365)
	at ptolemy.actor.Manager.wrapup(Manager.java:1549)
	at ptolemy.actor.Manager.execute(Manager.java:407)
	at ptolemy.actor.Manager.run(Manager.java:1263)
	at ptolemy.actor.Manager$PtolemyRunThread.run(Manager.java:1933)
Warning: '.top.test' is in training mode, set the trainingMode parameter to false before checking in
Warning: '.top.test' is in training mode, set the trainingMode parameter to false before checking in
Warning: '.top.test' is in training mode, set the trainingMode parameter to false before checking in
Warning: '.BooleanSwitch_RegressionTest_WrongTrainingValues.Test' is in training mode, set the trainingMode parameter to false before checking in
Warning: '.BooleanSwitch_RegressionTest_WrongTrainingValues.Test2' is in training mode, set the trainingMode parameter to false before checking in
Warning: '.BooleanSwitch_RegressionTest_WrongTrainingValues.Test2' The test produced 0 tokens.
Warning: '.top.testExceptionHandler' is in training mode, set the trainingMode parameter to false before checking in
java.lang.RuntimeException: Execution failed
	at ptolemy.moml.MoMLSimpleApplication$UnloadThread.run(MoMLSimpleApplication.java:402)
Caused by: ptolemy.kernel.util.IllegalActionException: PublisherPorts cannot be used at the top level, use a Publisher actor instead.
  in .PublisherPortToplevelSubscriber.PublisherPort
	at ptolemy.actor.PublisherPort.preinitialize(PublisherPort.java:403)
	at ptolemy.actor.CompositeActor.preinitialize(CompositeActor.java:1769)
	at ptolemy.actor.Manager.preinitializeAndResolveTypes(Manager.java:1040)
	at ptolemy.actor.Manager.initialize(Manager.java:710)
	at ptolemy.actor.Manager.execute(Manager.java:356)
	at ptolemy.actor.Manager.run(Manager.java:1263)
	at ptolemy.actor.Manager$PtolemyRunThread.run(Manager.java:1933)
java.lang.reflect.InvocationTargetException
	at java.base/jdk.internal.reflect.NativeConstructorAccessorImpl.newInstance0(Native Method)
	at java.base/jdk.internal.reflect.NativeConstructorAccessorImpl.newInstance(NativeConstructorAccessorImpl.java:62)
	at java.base/jdk.internal.reflect.DelegatingConstructorAccessorImpl.newInstance(DelegatingConstructorAccessorImpl.java:45)
	at java.base/java.lang.reflect.Constructor.newInstance(Constructor.java:490)
	at ptolemy.util.test.junit.AutoKnownFailedTests.RunModel(AutoKnownFailedTests.java:105)
	at java.base/jdk.internal.reflect.NativeMethodAccessorImpl.invoke0(Native Method)
	at java.base/jdk.internal.reflect.NativeMethodAccessorImpl.invoke(NativeMethodAccessorImpl.java:62)
	at java.base/jdk.internal.reflect.DelegatingMethodAccessorImpl.invoke(DelegatingMethodAccessorImpl.java:43)
	at java.base/java.lang.reflect.Method.invoke(Method.java:566)
	at org.junit.runners.model.FrameworkMethod$1.runReflectiveCall(FrameworkMethod.java:44)
	at org.junit.internal.runners.model.ReflectiveCallable.run(ReflectiveCallable.java:15)
	at org.junit.runners.model.FrameworkMethod.invokeExplosively(FrameworkMethod.java:41)
	at junitparams.internal.InvokeParameterisedMethod.evaluate(InvokeParameterisedMethod.java:102)
	at org.junit.internal.runners.statements.FailOnTimeout$1.run(FailOnTimeout.java:28)
Caused by: ptolemy.kernel.util.IllegalActionException: PublisherPorts cannot be used at the top level, use a Publisher actor instead.
  in .PublisherPortToplevelSubscriber.PublisherPort
	at ptolemy.actor.PublisherPort.preinitialize(PublisherPort.java:403)
	at ptolemy.actor.CompositeActor.preinitialize(CompositeActor.java:1769)
	at ptolemy.actor.Manager.preinitializeAndResolveTypes(Manager.java:1040)
	at ptolemy.actor.Manager.initialize(Manager.java:710)
	at ptolemy.actor.Manager.execute(Manager.java:356)
	at ptolemy.actor.Manager.run(Manager.java:1263)
	at ptolemy.actor.Manager$PtolemyRunThread.run(Manager.java:1933)
java.lang.RuntimeException: Execution failed
	at ptolemy.moml.MoMLSimpleApplication$UnloadThread.run(MoMLSimpleApplication.java:402)
Caused by: ptolemy.kernel.util.IllegalActionException: SubscriberPorts cannot be used at the top level, use a Subscriber actor instead.
  in .PublisherSubscriberPortToplevel.SubscriberPort
	at ptolemy.actor.SubscriberPort.preinitialize(SubscriberPort.java:328)
	at ptolemy.actor.CompositeActor.preinitialize(CompositeActor.java:1769)
	at ptolemy.actor.Manager.preinitializeAndResolveTypes(Manager.java:1040)
	at ptolemy.actor.Manager.initialize(Manager.java:710)
	at ptolemy.actor.Manager.execute(Manager.java:356)
	at ptolemy.actor.Manager.run(Manager.java:1263)
	at ptolemy.actor.Manager$PtolemyRunThread.run(Manager.java:1933)
java.lang.reflect.InvocationTargetException
	at java.base/jdk.internal.reflect.NativeConstructorAccessorImpl.newInstance0(Native Method)
	at java.base/jdk.internal.reflect.NativeConstructorAccessorImpl.newInstance(NativeConstructorAccessorImpl.java:62)
	at java.base/jdk.internal.reflect.DelegatingConstructorAccessorImpl.newInstance(DelegatingConstructorAccessorImpl.java:45)
	at java.base/java.lang.reflect.Constructor.newInstance(Constructor.java:490)
	at ptolemy.util.test.junit.AutoKnownFailedTests.RunModel(AutoKnownFailedTests.java:105)
	at java.base/jdk.internal.reflect.NativeMethodAccessorImpl.invoke0(Native Method)
	at java.base/jdk.internal.reflect.NativeMethodAccessorImpl.invoke(NativeMethodAccessorImpl.java:62)
	at java.base/jdk.internal.reflect.DelegatingMethodAccessorImpl.invoke(DelegatingMethodAccessorImpl.java:43)
	at java.base/java.lang.reflect.Method.invoke(Method.java:566)
	at org.junit.runners.model.FrameworkMethod$1.runReflectiveCall(FrameworkMethod.java:44)
	at org.junit.internal.runners.model.ReflectiveCallable.run(ReflectiveCallable.java:15)
	at org.junit.runners.model.FrameworkMethod.invokeExplosively(FrameworkMethod.java:41)
	at junitparams.internal.InvokeParameterisedMethod.evaluate(InvokeParameterisedMethod.java:102)
	at org.junit.internal.runners.statements.FailOnTimeout$1.run(FailOnTimeout.java:28)
Caused by: ptolemy.kernel.util.IllegalActionException: SubscriberPorts cannot be used at the top level, use a Subscriber actor instead.
  in .PublisherSubscriberPortToplevel.SubscriberPort
	at ptolemy.actor.SubscriberPort.preinitialize(SubscriberPort.java:328)
	at ptolemy.actor.CompositeActor.preinitialize(CompositeActor.java:1769)
	at ptolemy.actor.Manager.preinitializeAndResolveTypes(Manager.java:1040)
	at ptolemy.actor.Manager.initialize(Manager.java:710)
	at ptolemy.actor.Manager.execute(Manager.java:356)
	at ptolemy.actor.Manager.run(Manager.java:1263)
	at ptolemy.actor.Manager$PtolemyRunThread.run(Manager.java:1933)
java.lang.RuntimeException: Execution failed
	at ptolemy.moml.MoMLSimpleApplication$UnloadThread.run(MoMLSimpleApplication.java:402)
Caused by: ptolemy.kernel.util.IllegalActionException: SubscriptionAggregatorPorts cannot be used at the top level, use a SubscriptionAggregator actor instead.
  in .PublisherSubscriptionAggregatorPort.SubscriptionAggregatorPort
	at ptolemy.actor.SubscriptionAggregatorPort.preinitialize(SubscriptionAggregatorPort.java:353)
	at ptolemy.actor.CompositeActor.preinitialize(CompositeActor.java:1769)
	at ptolemy.actor.Manager.preinitializeAndResolveTypes(Manager.java:1040)
	at ptolemy.actor.Manager.initialize(Manager.java:710)
	at ptolemy.actor.Manager.execute(Manager.java:356)
	at ptolemy.actor.Manager.run(Manager.java:1263)
	at ptolemy.actor.Manager$PtolemyRunThread.run(Manager.java:1933)
java.lang.reflect.InvocationTargetException
	at java.base/jdk.internal.reflect.NativeConstructorAccessorImpl.newInstance0(Native Method)
	at java.base/jdk.internal.reflect.NativeConstructorAccessorImpl.newInstance(NativeConstructorAccessorImpl.java:62)
	at java.base/jdk.internal.reflect.DelegatingConstructorAccessorImpl.newInstance(DelegatingConstructorAccessorImpl.java:45)
	at java.base/java.lang.reflect.Constructor.newInstance(Constructor.java:490)
	at ptolemy.util.test.junit.AutoKnownFailedTests.RunModel(AutoKnownFailedTests.java:105)
	at java.base/jdk.internal.reflect.NativeMethodAccessorImpl.invoke0(Native Method)
	at java.base/jdk.internal.reflect.NativeMethodAccessorImpl.invoke(NativeMethodAccessorImpl.java:62)
	at java.base/jdk.internal.reflect.DelegatingMethodAccessorImpl.invoke(DelegatingMethodAccessorImpl.java:43)
	at java.base/java.lang.reflect.Method.invoke(Method.java:566)
	at org.junit.runners.model.FrameworkMethod$1.runReflectiveCall(FrameworkMethod.java:44)
	at org.junit.internal.runners.model.ReflectiveCallable.run(ReflectiveCallable.java:15)
	at org.junit.runners.model.FrameworkMethod.invokeExplosively(FrameworkMethod.java:41)
	at junitparams.internal.InvokeParameterisedMethod.evaluate(InvokeParameterisedMethod.java:102)
	at org.junit.internal.runners.statements.FailOnTimeout$1.run(FailOnTimeout.java:28)
Caused by: ptolemy.kernel.util.IllegalActionException: SubscriptionAggregatorPorts cannot be used at the top level, use a SubscriptionAggregator actor instead.
  in .PublisherSubscriptionAggregatorPort.SubscriptionAggregatorPort
	at ptolemy.actor.SubscriptionAggregatorPort.preinitialize(SubscriptionAggregatorPort.java:353)
	at ptolemy.actor.CompositeActor.preinitialize(CompositeActor.java:1769)
	at ptolemy.actor.Manager.preinitializeAndResolveTypes(Manager.java:1040)
	at ptolemy.actor.Manager.initialize(Manager.java:710)
	at ptolemy.actor.Manager.execute(Manager.java:356)
	at ptolemy.actor.Manager.run(Manager.java:1263)
	at ptolemy.actor.Manager$PtolemyRunThread.run(Manager.java:1933)
java.lang.RuntimeException: Execution failed
	at ptolemy.moml.MoMLSimpleApplication$UnloadThread.run(MoMLSimpleApplication.java:402)
Caused by: ptolemy.kernel.util.IllegalActionException: TypeTest actor has no training data.
  in .sizedarray3.TypeTest
	at ptolemy.actor.lib.TypeTest.initialize(TypeTest.java:250)
	at ptolemy.actor.Director.initialize(Director.java:938)
	at ptolemy.actor.Director.initialize(Director.java:907)
	at ptolemy.actor.sched.StaticSchedulingDirector.initialize(StaticSchedulingDirector.java:159)
	at ptolemy.domains.sdf.kernel.SDFDirector.initialize(SDFDirector.java:544)
	at ptolemy.actor.CompositeActor.initialize(CompositeActor.java:935)
	at ptolemy.actor.Manager.initialize(Manager.java:724)
	at ptolemy.actor.Manager.execute(Manager.java:356)
	at ptolemy.actor.Manager.run(Manager.java:1263)
	at ptolemy.actor.Manager$PtolemyRunThread.run(Manager.java:1933)
java.lang.reflect.InvocationTargetException
	at java.base/jdk.internal.reflect.NativeConstructorAccessorImpl.newInstance0(Native Method)
	at java.base/jdk.internal.reflect.NativeConstructorAccessorImpl.newInstance(NativeConstructorAccessorImpl.java:62)
	at java.base/jdk.internal.reflect.DelegatingConstructorAccessorImpl.newInstance(DelegatingConstructorAccessorImpl.java:45)
	at java.base/java.lang.reflect.Constructor.newInstance(Constructor.java:490)
	at ptolemy.util.test.junit.AutoKnownFailedTests.RunModel(AutoKnownFailedTests.java:105)
	at java.base/jdk.internal.reflect.NativeMethodAccessorImpl.invoke0(Native Method)
	at java.base/jdk.internal.reflect.NativeMethodAccessorImpl.invoke(NativeMethodAccessorImpl.java:62)
	at java.base/jdk.internal.reflect.DelegatingMethodAccessorImpl.invoke(DelegatingMethodAccessorImpl.java:43)
	at java.base/java.lang.reflect.Method.invoke(Method.java:566)
	at org.junit.runners.model.FrameworkMethod$1.runReflectiveCall(FrameworkMethod.java:44)
	at org.junit.internal.runners.model.ReflectiveCallable.run(ReflectiveCallable.java:15)
	at org.junit.runners.model.FrameworkMethod.invokeExplosively(FrameworkMethod.java:41)
	at junitparams.internal.InvokeParameterisedMethod.evaluate(InvokeParameterisedMethod.java:102)
	at org.junit.internal.runners.statements.FailOnTimeout$1.run(FailOnTimeout.java:28)
Caused by: ptolemy.kernel.util.IllegalActionException: TypeTest actor has no training data.
  in .sizedarray3.TypeTest
	at ptolemy.actor.lib.TypeTest.initialize(TypeTest.java:250)
	at ptolemy.actor.Director.initialize(Director.java:938)
	at ptolemy.actor.Director.initialize(Director.java:907)
	at ptolemy.actor.sched.StaticSchedulingDirector.initialize(StaticSchedulingDirector.java:159)
	at ptolemy.domains.sdf.kernel.SDFDirector.initialize(SDFDirector.java:544)
	at ptolemy.actor.CompositeActor.initialize(CompositeActor.java:935)
	at ptolemy.actor.Manager.initialize(Manager.java:724)
	at ptolemy.actor.Manager.execute(Manager.java:356)
	at ptolemy.actor.Manager.run(Manager.java:1263)
	at ptolemy.actor.Manager$PtolemyRunThread.run(Manager.java:1933)
]]></system-err>
</testsuite>
