<?xml version="1.0" encoding="UTF-8" ?>
<testsuite errors="1" failures="2" hostname="travis-job-e5cd0e0c-8815-4885-b9b3-ac91234a2ebd" name="ptolemy.actor.lib.test.junit.JUnitTclTest" skipped="0" tests="517" time="64.891" timestamp="2019-07-09T04:51:37">
  <properties>
    <property name="npm.executable" value="npm" />
    <property name="env.TRAVIS_ROOT" value="/" />
    <property name="ptII.mk.exists" value="true" />
    <property name="env.TRAVIS_APP_HOST" value="build.travis-ci.org" />
    <property name="env.rvm_bin_path" value="/home/travis/.rvm/bin" />
    <property name="java.home" value="/usr/local/lib/jvm/openjdk11" />
    <property name="env.TRAVIS_JOB_NUMBER" value="1199.8" />
    <property name="env.TRAVIS_HOME" value="/home/travis" />
    <property name="env.DISPLAY" value=":99.0" />
    <property name="env.TRAVIS_INIT" value="systemd" />
    <property name="env.SSH_TTY" value="/dev/pts/0" />
    <property name="java.net.preferIPv4Stack" value="true" />
    <property name="env.RUN_TESTS" value="true" />
    <property name="timeout.short" value="1000000" />
    <property name="junit.formatter" value="xml" />
    <property name="env.TRAVIS_SUDO" value="true" />
    <property name="env.TRAVIS_JOB_NAME" value="" />
    <property name="env.TRAVIS_STACK_NODE_ATTRIBUTES" value="/.node-attributes.yml" />
    <property name="env.LOGNAME" value="travis" />
    <property name="env.PT_TRAVIS_TEST_CORE1_XML" value="true" />
    <property name="jsdoc.home" value="node_modules/@terraswarm/jsdoc" />
    <property name="debuglevel" value="source,lines,vars" />
    <property name="checkstyle.formatter" value="xml" />
    <property name="env._system_version" value="16.04" />
    <property name="bin.vergil.makeable" value="true" />
    <property name="sun.os.patch.level" value="unknown" />
    <property name="java.vendor.url" value="http://java.oracle.com/" />
    <property name="env.TRAVIS_BUILD_WEB_URL" value="https://travis-ci.org/icyphy/ptII/builds/556113573" />
    <property name="java.version" value="11.0.2" />
    <property name="env.TZ" value="UTC" />
    <property name="env.TRAVIS_PULL_REQUEST_SHA" value="" />
    <property name="env.PT_NO_NET" value="true" />
    <property name="env.TRAVIS_SECURE_ENV_VARS" value="true" />
    <property name="env._system_type" value="Linux" />
    <property name="java.vendor.url.bug" value="http://bugreport.java.com/bugreport/" />
    <property name="npmjs-org-is-up" value="true" />
    <property name="env.LANGUAGE" value="en_US.UTF-8" />
    <property name="env.SSH_CLIENT" value="10.10.16.86 59354 22" />
    <property name="env.GEM_HOME" value="/home/travis/.rvm/gems/ruby-2.5.3" />
    <property name="env.HAS_ANTARES_THREE_LITTLE_FRONZIES_BADGE" value="true" />
    <property name="java.version.date" value="2019-01-15" />
    <property name="env.PS4" value="+" />
    <property name="ant.project.invoked-targets" value="build,test.core1.xml" />
    <property name="env.TRAVIS_PULL_REQUEST_BRANCH" value="" />
    <property name="env.TRAVIS_REPO_SLUG" value="icyphy/ptII" />
    <property name="env.XDG_DATA_DIRS" value="/usr/local/share:/usr/share:/var/lib/snapd/desktop" />
    <property name="jdk.debug" value="release" />
    <property name="env.TRAVIS_APT_PROXY" value="http://apt.cache.travis-ci.com" />
    <property name="node.in.path" value="true" />
    <property name="user.name" value="travis" />
    <property name="java.maxmemory" value="1400m" />
    <property name="env.RUBY_VERSION" value="ruby-2.5.3" />
    <property name="env.LANG" value="en_US.UTF-8" />
    <property name="sun.io.unicode.encoding" value="UnicodeLittle" />
    <property name="sun.jnu.encoding" value="UTF-8" />
    <property name="java.runtime.name" value="OpenJDK Runtime Environment" />
    <property name="usefile" value="false" />
    <property name="return.code" value="0" />
    <property name="junit.single.formatter" value="plain" />
    <property name="env.DYLD_LIBRARY_PATH" value="/home/travis/pthla/certi-tools/lib:" />
    <property name="env.DEBIAN_FRONTEND" value="noninteractive" />
    <property name="env.SSH_CONNECTION" value="10.10.16.86 59354 10.20.0.84 22" />
    <property name="env.MYSQL_UNIX_PORT" value="/var/run/mysqld/mysqld.sock" />
    <property name="env.LC_ALL" value="en_US.UTF-8" />
    <property name="env.TRAVIS_ALLOW_FAILURE" value="false" />
    <property name="env.TRAVIS_JOB_WEB_URL" value="https://travis-ci.org/icyphy/ptII/jobs/556113581" />
    <property name="java.specification.name" value="Java Platform API Specification" />
    <property name="node.works" value="true" />
    <property name="user.timezone" value="" />
    <property name="path.separator" value=":" />
    <property name="env.TRAVIS_ENABLE_INFRA_DETECTION" value="true" />
    <property name="env.PYTHON_CFLAGS" value="-g -fstack-protector --param=ssp-buffer-size=4 -Wformat -Werror=format-security" />
    <property name="timeout.long" value="4000000" />
    <property name="env.CERTI_HOME" value="/home/travis/pthla/certi-tools" />
    <property name="ant.file.ptII" value="/home/travis/build/icyphy/ptII/build.xml" />
    <property name="javadoc.packagenames" value="com.*,diva.*,lbnl.*,org.hlacerti.*,org.json.*,org.ptolemy.*,org.terraswarm.*,ptolemy.*,ptserver.*" />
    <property name="file.encoding" value="UTF-8" />
    <property name="env.TRAVIS_PULL_REQUEST_SLUG" value="" />
    <property name="ant.project.default-target" value="build" />
    <property name="env.GIT_ASKPASS" value="echo" />
    <property name="env.HOME" value="/home/travis" />
    <property name="sun.java.command" value="org.apache.tools.ant.taskdefs.optional.junit.JUnitTestRunner ptolemy.actor.lib.test.junit.JUnitTclTest skipNonTests=false filtertrace=true haltOnError=false haltOnFailure=false formatter=org.apache.tools.ant.taskdefs.optional.junit.OutErrSummaryJUnitResultFormatter showoutput=true outputtoformatters=true logfailedtests=true threadid=0 logtestlistenerevents=false formatter=org.apache.tools.ant.taskdefs.optional.junit.XMLJUnitResultFormatter,/home/travis/build/icyphy/ptII/reports/junit/TEST-ptolemy.actor.lib.test.junit.JUnitTclTest.xml crashfile=/home/travis/build/icyphy/ptII/junitvmwatcher641754919016688446.properties propsfile=/home/travis/build/icyphy/ptII/junit14952525166805992420.properties" />
    <property name="env.COMPOSER_NO_INTERACTION" value="1" />
    <property name="env.MANPATH" value="/home/travis/.nvm/versions/node/v7.10.1/share/man:/home/travis/.rvm/rubies/ruby-2.5.3/share/man:/usr/local/cmake-3.12.4/man:/usr/local/clang-7.0.0/share/man:/usr/local/man:/usr/local/share/man:/usr/share/man:/home/travis/.rvm/man" />
    <property name="env.TRAVIS_TIMER_ID" value="0235694d" />
    <property name="ant.file" value="/home/travis/build/icyphy/ptII/build.xml" />
    <property name="env.TRAVIS_COMMIT_RANGE" value="bbbff3adea58fb0643306c381462affccc328551...3871c4168cdf97692a0adaf236ab4dd3b8d46c8b" />
    <property name="env._system_name" value="Ubuntu" />
    <property name="ptII.classpath.optional.property" value="/home/travis/build/icyphy/ptII/lib/bsh-2.0b4.jar:/home/travis/build/icyphy/ptII/lib/ptCal.jar:/home/travis/build/icyphy/ptII/lib/java_cup.jar:/home/travis/build/icyphy/ptII/lib/saxon8.jar:/home/travis/build/icyphy/ptII/lib/saxon8-dom.jar:/home/travis/build/icyphy/ptII/lib/chic.jar:/home/travis/build/icyphy/ptII/lib/ptcolt.jar:/home/travis/build/icyphy/ptII/vendors/misc/itext/iText.jar:/home/travis/build/icyphy/ptII/lib/g4ltl.jar:/home/travis/build/icyphy/ptII/lib/StructuralCoder.jar:/home/travis/build/icyphy/ptII/vendors/jai-1_1_2_01/lib/jai_core.jar:/home/travis/build/icyphy/ptII/vendors/jai-1_1_2_01/lib/jai_codec.jar:/home/travis/build/icyphy/ptII/lib/jcerti.jar:/home/travis/build/icyphy/ptII/lib/javax.mail.jar:/home/travis/build/icyphy/ptII/vendors/JMF-2.1.1e/lib/jmf.jar:/home/travis/build/icyphy/ptII/lib/jna-4.0.0-variadic.jar:/home/travis/build/icyphy/ptII/vendors/misc/joystick/Joystick.jar:/home/travis/build/icyphy/ptII/lib/ptjacl.jar:/home/travis/build/icyphy/ptII/lib/jsoup-1.8.2.jar:/home/travis/build/icyphy/ptII/lib/junit-4.8.2.jar:/home/travis/build/icyphy/ptII/lib/JUnitParams-0.4.0.jar:/home/travis/build/icyphy/ptII/ptolemy/actor/lib/excel/jxl.jar:/home/travis/build/icyphy/ptII/lib/jython.jar:/home/travis/build/icyphy/ptII/lib/kieler.jar:/home/travis/build/icyphy/ptII/vendors/opencv/share/OpenCV/java/opencv-341.jar:/home/travis/build/icyphy/ptII/lib/oscP5.jar:/home/travis/build/icyphy/ptII/lib/nrjavaserial-3.11.0.devel.jar:/home/travis/build/icyphy/ptII/vendors/j3d/lib/j3dcore.jar:/home/travis/build/icyphy/ptII/vendors/j3d/lib/j3dutils.jar:/home/travis/build/icyphy/ptII/vendors/j3d/lib/vecmath.jar:/home/travis/build/icyphy/ptII/ptolemy/distributed/jini/jar/jini-core.jar:/home/travis/build/icyphy/ptII/ptolemy/distributed/jini/jar/jini-ext.jar:/home/travis/build/icyphy/ptII/ptolemy/distributed/jini/jar/sun-util.jar:/home/travis/build/icyphy/ptII/lib/protobuf-java-2.4.1.jar:/home/travis/build/icyphy/ptII/lib/org.eclipse.paho.client.mqttv3.jar:/home/travis/build/icyphy/ptII/lib/mapss.jar:/home/travis/build/icyphy/ptII/ptolemy/actor/ptalon/antlr/antlr.jar:/home/travis/build/icyphy/ptII/lib/JRI.jar:/home/travis/build/icyphy/ptII/lib/commons-lang-2.6.jar:/home/travis/build/icyphy/ptII/lib/commons-logging-1.1.1.jar:/home/travis/build/icyphy/ptII/lib/sootclasses.jar:/home/travis/build/icyphy/ptII/ptolemy/actor/lib/database/mysql-connector-java-5.1.6-bin.jar:/home/travis/build/icyphy/ptII/vendors/misc/sphinx4/sphinx4-data-5prealpha.jar:/home/travis/build/icyphy/ptII/vendors/misc/sphinx4/sphinx4-core-5prealpha.jar:/home/travis/build/icyphy/ptII/lib/PDFRenderer.jar:/home/travis/build/icyphy/ptII/lib/svgSalamander.jar:/home/travis/build/icyphy/ptII/lib/rsyntaxtextarea-2.6.0-SNAPSHOT.jar:/home/travis/build/icyphy/ptII/lib/hazelcast-3.8.2.jar:/home/travis/build/icyphy/ptII/lib/jackson-annotations-2.9.0.jar:/home/travis/build/icyphy/ptII/lib/jackson-core-2.9.3.jar:/home/travis/build/icyphy/ptII/lib/jackson-databind-2.9.3.jar:/home/travis/build/icyphy/ptII/lib/netty-buffer-4.1.19.Final.jar:/home/travis/build/icyphy/ptII/lib/netty-codec-4.1.19.Final.jar:/home/travis/build/icyphy/ptII/lib/netty-codec-dns-4.1.19.Final.jar:/home/travis/build/icyphy/ptII/lib/netty-codec-http-4.1.19.Final.jar:/home/travis/build/icyphy/ptII/lib/netty-codec-http2-4.1.19.Final.jar:/home/travis/build/icyphy/ptII/lib/netty-common-4.1.19.Final.jar:/home/travis/build/icyphy/ptII/lib/netty-handler-4.1.19.Final.jar:/home/travis/build/icyphy/ptII/lib/netty-resolver-4.1.19.Final.jar:/home/travis/build/icyphy/ptII/lib/netty-resolver-dns-4.1.19.Final.jar:/home/travis/build/icyphy/ptII/lib/netty-transport-4.1.19.Final.jar:/home/travis/build/icyphy/ptII/lib/vertx-codegen-3.5.1.jar:/home/travis/build/icyphy/ptII/lib/vertx-core-3.5.2-SNAPSHOT.jar:/home/travis/build/icyphy/ptII/lib/vertx-hazelcast-3.5.1.jar:/home/travis/build/icyphy/ptII/lib/vertx-lang-js-3.5.1.jar:/home/travis/build/icyphy/ptII/lib/vertx-service-proxy-3.5.1.jar:/home/travis/build/icyphy/ptII/lib/vertx-web-3.5.1.jar:/home/travis/build/icyphy/ptII/lib/slf4j-api-1.7.13.jar:/home/travis/build/icyphy/ptII/lib/slf4j-simple-1.7.13.jar:/home/travis/build/icyphy/ptII/lib/webcam-capture-0.3.12.jar:/home/travis/build/icyphy/ptII/lib/bridj-0.7.0.jar:/home/travis/build/icyphy/ptII/lib/xbjlib-1.1.0.nrjavaserial.jar" />
    <property name="timeout" value="2400000" />
    <property name="test.batch" value="**/junit/*.java" />
    <property name="env._" value="/usr/bin/timeout" />
    <property name="java.io.tmpdir" value="/tmp" />
    <property name="user.language" value="en" />
    <property name="env.TRAVIS_INTERNAL_RUBY_REGEX" value="^ruby-(2\.[0-4]\.[0-9]|1\.9\.3)" />
    <property name="env.HISTCONTROL" value="ignoredups:ignorespace" />
    <property name="env.GOROOT" value="/home/travis/.gimme/versions/go1.11.1.linux.amd64" />
    <property name="line.separator" value="&#xa;" />
    <property name="target" value="11" />
    <property name="env.TRAVIS_BUILD_DIR" value="/home/travis/build/icyphy/ptII" />
    <property name="env.ANT_OPTS" value="-Xmx2048m" />
    <property name="ant.file.type" value="file" />
    <property name="ptolemy.ptII.batchMode" value="true" />
    <property name="env.HISTSIZE" value="1000" />
    <property name="env.MERB_ENV" value="test" />
    <property name="java.vm.info" value="mixed mode" />
    <property name="source" value="11" />
    <property name="java.vm.specification.name" value="Java Virtual Machine Specification" />
    <property name="env.TRAVIS_TEST_RESULT" value="0" />
    <property name="jsdoc.command" value="node_modules/@terraswarm/jsdoc/jsdoc.js" />
    <property name="npm.works" value="true" />
    <property name="cobertura.dir" value="/home/travis/build/icyphy/ptII/vendors/cobertura-2.0.3" />
    <property name="env.rvm_path" value="/home/travis/.rvm" />
    <property name="env.GEM_PATH" value="/home/travis/.rvm/gems/ruby-2.5.3:/home/travis/.rvm/gems/ruby-2.5.3@global" />
    <property name="env.LC_CTYPE" value="en_US.UTF-8" />
    <property name="env.TRAVIS_CMD" value="$PTII/bin/ptIITravisBuild.sh $SECONDS" />
    <property name="java.awt.printerjob" value="sun.print.PSPrinterJob" />
    <property name="env.TRAVIS_STACK_NAME" value="sardonyx" />
    <property name="env.TRAVIS_TIMER_START_TIME" value="1562647228548678917" />
    <property name="ant.version" value="Apache Ant(TM) version 1.10.1 compiled on February 2 2017" />
    <property name="ptII.reports" value="/home/travis/build/icyphy/ptII/reports" />
    <property name="env.TRAVIS_STACK_TIMESTAMP" value="2019-03-25 16:16:56 UTC" />
    <property name="ant.file.type.ptII" value="file" />
    <property name="env.RBENV_SHELL" value="bash" />
    <property name="os.name" value="Linux" />
    <property name="java.specification.vendor" value="Oracle Corporation" />
    <property name="env.rvm_version" value="1.29.7 (latest)" />
    <property name="env.TRAVIS_INFRA" value="unknown" />
    <property name="env.TERM" value="xterm" />
    <property name="java.vm.name" value="OpenJDK 64-Bit Server VM" />
    <property name="env.TRAVIS_BUILD_NUMBER" value="1199" />
    <property name="env.CI" value="true" />
    <property name="java.library.path" value="/home/travis/pthla/certi-tools/lib:/usr/lib/jni:/usr/local/share/OpenCV/java/:/usr/share/OpenCV/java::/usr/java/packages/lib:/usr/lib64:/lib64:/lib:/usr/lib" />
    <property name="env.rvm_prefix" value="/home/travis" />
    <property name="env.PATH" value="/home/travis/pthla/certi-tools/share/scripts:/home/travis/.rvm/gems/ruby-2.5.3/bin:/home/travis/.rvm/gems/ruby-2.5.3@global/bin:/home/travis/.rvm/rubies/ruby-2.5.3/bin:/home/travis/.rvm/bin:/home/travis/.nvm/versions/node/v7.10.1/bin:./node_modules/.bin:/home/travis/build/icyphy/ptII/bin:/home/travis/pthla/certi-tools/bin:/home/travis/bin:/home/travis/.local/bin:/usr/local/lib/jvm/openjdk11/bin:/opt/pyenv/shims:/home/travis/.phpenv/shims:/home/travis/perl5/perlbrew/bin:/home/travis/gopath/bin:/home/travis/.gimme/versions/go1.11.1.linux.amd64/bin:/usr/local/maven-3.6.0/bin:/usr/local/cmake-3.12.4/bin:/usr/local/clang-7.0.0/bin:/usr/local/sbin:/usr/local/bin:/usr/sbin:/usr/bin:/sbin:/bin:/snap/bin:/home/travis/.phpenv/bin:/opt/pyenv/bin:/home/travis/.yarn/bin" />
    <property name="env.TRAVIS_OS_NAME" value="linux" />
    <property name="ant.java.version" value="9" />
    <property name="basedir" value="/home/travis/build/icyphy/ptII" />
    <property name="java.class.version" value="55.0" />
    <property name="env.SHLVL" value="3" />
    <property name="env.LD_LIBRARY_PATH" value="/home/travis/pthla/certi-tools/lib:/usr/lib/jni:/usr/local/share/OpenCV/java/:/usr/share/OpenCV/java:" />
    <property name="env.RACK_ENV" value="test" />
    <property name="ant.home" value="/home/travis/build/icyphy/ptII/ant" />
    <property name="env.NVM_DIR" value="/home/travis/.nvm" />
    <property name="env.CERTI_FOM_PATH" value="/home/travis/pthla/certi-tools/share/federations" />
    <property name="env.TRAVIS_BUILD_ID" value="556113573" />
    <property name="env.PYENV_ROOT" value="/opt/pyenv" />
    <property name="env.TRAVIS_UID" value="2000" />
    <property name="env.NVM_BIN" value="/home/travis/.nvm/versions/node/v7.10.1/bin" />
    <property name="env.TRAVIS_COMMIT" value="3871c4168cdf97692a0adaf236ab4dd3b8d46c8b" />
    <property name="env._system_arch" value="x86_64" />
    <property name="node.executable" value="node" />
    <property name="sun.boot.library.path" value="/usr/local/lib/jvm/openjdk11/lib" />
    <property name="sun.management.compiler" value="HotSpot 64-Bit Tiered Compilers" />
    <property name="java.awt.graphicsenv" value="sun.awt.X11GraphicsEnvironment" />
    <property name="env.GOPATH" value="/home/travis/gopath" />
    <property name="ptolemy.ptII.dir" value="/home/travis/build/icyphy/ptII" />
    <property name="env.USER" value="travis" />
    <property name="env.HISTFILESIZE" value="2000" />
    <property name="timeout.longest" value="19000000" />
    <property name="env.PERLBREW_SHELLRC_VERSION" value="0.86" />
    <property name="env.TRAVIS_STACK_FEATURES" value="basic couchdb disabled-ipv6 docker docker-compose elasticsearch firefox go-toolchain google-chrome jdk memcached mongodb mysql nodejs_interpreter perl_interpreter perlbrew phantomjs postgresql python_interpreter redis ruby_interpreter sqlite xserver" />
    <property name="env.TRAVIS_PULL_REQUEST" value="false" />
    <property name="env.PYENV_SHELL" value="bash" />
    <property name="ant.project.name" value="ptII" />
    <property name="env.ANSI_RESET" value="\033[0m" />
    <property name="java.vm.specification.version" value="11" />
    <property name="env.TRAVIS_DIST" value="xenial" />
    <property name="env.CERTI_VERSION" value="4.0.0" />
    <property name="env.CERTI_HOST" value="localhost" />
    <property name="awt.toolkit" value="sun.awt.X11.XToolkit" />
    <property name="env.MY_RUBY_HOME" value="/home/travis/.rvm/rubies/ruby-2.5.3" />
    <property name="sun.cpu.isalist" value="" />
    <property name="env.TRAVIS_TMPDIR" value="/tmp/tmp.jbDGzbGArJ" />
    <property name="java.vm.compressedOopsMode" value="Zero based" />
    <property name="os.version" value="4.15.0-1028-gcp" />
    <property name="user.home" value="/home/travis" />
    <property name="java.vm.vendor" value="Oracle Corporation" />
    <property name="env.TRAVIS_TAG" value="nightly" />
    <property name="env.ANSI_YELLOW" value="\033[33;1m" />
    <property name="env.TRAVIS_FILTERED" value="redirect_io" />
    <property name="env.ANSI_GREEN" value="\033[32;1m" />
    <property name="env.JAVA_HOME" value="/usr/local/lib/jvm/openjdk11" />
    <property name="javadoc.excludepackagenames" value="adm.cvs2svn.*,build.*,config.*,doc.coding.templates.*,jni.test.jni.meaningOfLife.*,jni.test.jni.testDeux.*,jni.test.jni.testTrois.*,org.terraswarm.accessor.accessors.web.node_modules.*,org.terraswarm.accessor.accessors.web.hosts.cordova.demo.*,org.terraswarm.accessor.accessors.web.hosts.cordova.plugins.*,org.terraswarm.accessor.accessors-svn.*,pt-modules.*,ptolemy.apps.agilent.*,ptolemy.apps.anytimecontrol.*,ptolemy.apps.apes.*,ptolemy.apps.charon.*,ptolemy.apps.crazyboard.*,ptolemy.apps.eclipse.*,ptolemy.apps.etherealSting.*,ptolemy.apps.fullscreen.*,ptolemy.apps.giotto.*,ptolemy.apps.ia.*,ptolemy.apps.interfaces.*,ptolemy.apps.jmf.*,ptolemy.apps.kurt.*,ptolemy.apps.kvm.*,ptolemy.apps.lego.*,ptolemy.apps.lejos.*,ptolemy.apps.midp.*,ptolemy.apps.mobileCoding.*,ptolemy.apps.pendulum.*,ptolemy.apps.rijndael.*,ptolemy.apps.robot.*,ptolemy.apps.security.*,ptolemy.apps.sobel.*,ptolemy.apps.soot.*,ptolemy.apps.throttle.*,ptolemy.apps.tini.*,ptolemy.apps.transmission.*,ptolemy.apps.vergil.*,ptolemy.apps.waba.*,ptolemy.apps.websensor.*,ptolemy.apps.webstart.*,ptolemy.apps.xsl.*,ptolemy.apps.zaurus.*,ptolemy.codegen.c.actor.lib.oldJavaFiles.*,ptolemy.codegen.dsp.lib.*,ptolemy.codegen.kernel.newInterfaces.*,ptolemy.codegen.lib.*,ptolemy.copernicus.kernel.fragment.*,ptolemy.copernicus.shallow.cg.*,ptolemy.domains.giotto.demo.Hierarchy.Hierarchy.*,ptolemy.domains.giotto.demo.Multimode.Multimode.*,ptolemy.domains.giotto.demo.Simple.Simple.*,ptolemy.domains.gr.lib.experimental.*,ptolemy.domains.gro.*,ptolemy.domains.pdf.*,ptolemy.domains.ptinyos.demo.Surge.output.*,ptolemy.moml.test.NoPackageActor.java*,ptolemy.plot.adm.*,ptolemy.plot.servlet.*,reports.*,signed.*,src.*,target.*,vendors.*,ptolemy.copernicus.applet.*,ptolemy.media.viewer.*,ptolemy.actor.corba.*,doc.doclets.*,ptolemy.apps.eclipse.awt.*,ptolemy.backtrack.*,ptolemy.backtrack.ast.*,ptolemy.cg.adapter.generic.program.procedural.c.mbed*,ptolemy.homer.*,ptolemy.actor.lib.jjs.modules.audio.*,org.ptolemy.scala.*,diva.util.java2d.svg.*,ptolemy.domains.ptinyos.*,ptolemy.actor.lib.fmi.fmipp.*,,org.terraswarm.accessor.accessors.web.node_modules.*,org.terraswarm.accessor.accessors-svn,ptolemy.apps.*,ptolemy.actor.ptalon.demo.ptinyos.SendAndReceiveCnt.output,ptolemy.actor.ptalon.demo.ptinyos.SenseToLeds.output,ptolemy.domains.ptinyos.demo.CntToLedsAndRfm.output,ptolemy.domains.ptinyos.demo.RfmToLeds.output,ptolemy.domains.ptinyos.demo.SendAndReceiveCnt.output,ptolemy.domains.ptinyos.demo.SenseToLeds.output,ptolemy.actor.lib.jjs.modules.udpSocket.*" />
    <property name="env.PTII" value="/home/travis/build/icyphy/ptII" />
    <property name="env.XDG_SESSION_ID" value="2" />
    <property name="keystore" value="ptKeystore" />
    <property name="env.TRAVIS_COMMIT_MESSAGE" value="Fixed typos in comments" />
    <property name="junit.output.dir" value="/home/travis/build/icyphy/ptII/reports/junit" />
    <property name="npm.return.code" value="0" />
    <property name="user.dir" value="/home/travis/build/icyphy/ptII/ptolemy/actor/lib/test" />
    <property name="env.TRAVIS_NODE_VERSION" value="7" />
    <property name="env.TRAVIS_EVENT_TYPE" value="cron" />
    <property name="env.MAIL" value="/var/mail/travis" />
    <property name="env.PERLBREW_ROOT" value="/home/travis/perl5/perlbrew" />
    <property name="env.PWD" value="/home/travis/build/icyphy/ptII" />
    <property name="timeout.npm" value="45000" />
    <property name="env.TRAVIS_ARCH" value="amd64" />
    <property name="sun.cpu.endian" value="little" />
    <property name="env.PAGER" value="cat" />
    <property name="env.TRAVIS_BUILD_STAGE_NAME" value="Test" />
    <property name="env.PERLBREW_HOME" value="/home/travis/.perlbrew" />
    <property name="java.vm.version" value="11.0.2+9" />
    <property name="env.RAILS_ENV" value="test" />
    <property name="java.class.path" value="/home/travis/.ptolemyII:/home/travis/.ptolemyII/*:/home/travis/build/icyphy/ptII:/home/travis/build/icyphy/ptII/lib/bsh-2.0b4.jar:/home/travis/build/icyphy/ptII/lib/ptCal.jar:/home/travis/build/icyphy/ptII/lib/java_cup.jar:/home/travis/build/icyphy/ptII/lib/saxon8.jar:/home/travis/build/icyphy/ptII/lib/saxon8-dom.jar:/home/travis/build/icyphy/ptII/lib/chic.jar:/home/travis/build/icyphy/ptII/lib/ptcolt.jar:/home/travis/build/icyphy/ptII/vendors/misc/itext/iText.jar:/home/travis/build/icyphy/ptII/lib/g4ltl.jar:/home/travis/build/icyphy/ptII/lib/StructuralCoder.jar:/home/travis/build/icyphy/ptII/vendors/jai-1_1_2_01/lib/jai_core.jar:/home/travis/build/icyphy/ptII/vendors/jai-1_1_2_01/lib/jai_codec.jar:/home/travis/build/icyphy/ptII/lib/jcerti.jar:/home/travis/build/icyphy/ptII/lib/javax.mail.jar:/home/travis/build/icyphy/ptII/vendors/JMF-2.1.1e/lib/jmf.jar:/home/travis/build/icyphy/ptII/lib/jna-4.0.0-variadic.jar:/home/travis/build/icyphy/ptII/vendors/misc/joystick/Joystick.jar:/home/travis/build/icyphy/ptII/lib/ptjacl.jar:/home/travis/build/icyphy/ptII/lib/jsoup-1.8.2.jar:/home/travis/build/icyphy/ptII/lib/junit-4.8.2.jar:/home/travis/build/icyphy/ptII/lib/JUnitParams-0.4.0.jar:/home/travis/build/icyphy/ptII/ptolemy/actor/lib/excel/jxl.jar:/home/travis/build/icyphy/ptII/lib/jython.jar:/home/travis/build/icyphy/ptII/lib/kieler.jar:/home/travis/build/icyphy/ptII/vendors/opencv/share/OpenCV/java/opencv-341.jar:/home/travis/build/icyphy/ptII/lib/oscP5.jar:/home/travis/build/icyphy/ptII/lib/nrjavaserial-3.11.0.devel.jar:/home/travis/build/icyphy/ptII/vendors/j3d/lib/j3dcore.jar:/home/travis/build/icyphy/ptII/vendors/j3d/lib/j3dutils.jar:/home/travis/build/icyphy/ptII/vendors/j3d/lib/vecmath.jar:/home/travis/build/icyphy/ptII/ptolemy/distributed/jini/jar/jini-core.jar:/home/travis/build/icyphy/ptII/ptolemy/distributed/jini/jar/jini-ext.jar:/home/travis/build/icyphy/ptII/ptolemy/distributed/jini/jar/sun-util.jar:/home/travis/build/icyphy/ptII/lib/protobuf-java-2.4.1.jar:/home/travis/build/icyphy/ptII/lib/org.eclipse.paho.client.mqttv3.jar:/home/travis/build/icyphy/ptII/lib/mapss.jar:/home/travis/build/icyphy/ptII/ptolemy/actor/ptalon/antlr/antlr.jar:/home/travis/build/icyphy/ptII/lib/JRI.jar:/home/travis/build/icyphy/ptII/lib/commons-lang-2.6.jar:/home/travis/build/icyphy/ptII/lib/commons-logging-1.1.1.jar:/home/travis/build/icyphy/ptII/lib/sootclasses.jar:/home/travis/build/icyphy/ptII/ptolemy/actor/lib/database/mysql-connector-java-5.1.6-bin.jar:/home/travis/build/icyphy/ptII/vendors/misc/sphinx4/sphinx4-data-5prealpha.jar:/home/travis/build/icyphy/ptII/vendors/misc/sphinx4/sphinx4-core-5prealpha.jar:/home/travis/build/icyphy/ptII/lib/PDFRenderer.jar:/home/travis/build/icyphy/ptII/lib/svgSalamander.jar:/home/travis/build/icyphy/ptII/lib/rsyntaxtextarea-2.6.0-SNAPSHOT.jar:/home/travis/build/icyphy/ptII/lib/hazelcast-3.8.2.jar:/home/travis/build/icyphy/ptII/lib/jackson-annotations-2.9.0.jar:/home/travis/build/icyphy/ptII/lib/jackson-core-2.9.3.jar:/home/travis/build/icyphy/ptII/lib/jackson-databind-2.9.3.jar:/home/travis/build/icyphy/ptII/lib/netty-buffer-4.1.19.Final.jar:/home/travis/build/icyphy/ptII/lib/netty-codec-4.1.19.Final.jar:/home/travis/build/icyphy/ptII/lib/netty-codec-dns-4.1.19.Final.jar:/home/travis/build/icyphy/ptII/lib/netty-codec-http-4.1.19.Final.jar:/home/travis/build/icyphy/ptII/lib/netty-codec-http2-4.1.19.Final.jar:/home/travis/build/icyphy/ptII/lib/netty-common-4.1.19.Final.jar:/home/travis/build/icyphy/ptII/lib/netty-handler-4.1.19.Final.jar:/home/travis/build/icyphy/ptII/lib/netty-resolver-4.1.19.Final.jar:/home/travis/build/icyphy/ptII/lib/netty-resolver-dns-4.1.19.Final.jar:/home/travis/build/icyphy/ptII/lib/netty-transport-4.1.19.Final.jar:/home/travis/build/icyphy/ptII/lib/vertx-codegen-3.5.1.jar:/home/travis/build/icyphy/ptII/lib/vertx-core-3.5.2-SNAPSHOT.jar:/home/travis/build/icyphy/ptII/lib/vertx-hazelcast-3.5.1.jar:/home/travis/build/icyphy/ptII/lib/vertx-lang-js-3.5.1.jar:/home/travis/build/icyphy/ptII/lib/vertx-service-proxy-3.5.1.jar:/home/travis/build/icyphy/ptII/lib/vertx-web-3.5.1.jar:/home/travis/build/icyphy/ptII/lib/slf4j-api-1.7.13.jar:/home/travis/build/icyphy/ptII/lib/slf4j-simple-1.7.13.jar:/home/travis/build/icyphy/ptII/lib/webcam-capture-0.3.12.jar:/home/travis/build/icyphy/ptII/lib/bridj-0.7.0.jar:/home/travis/build/icyphy/ptII/lib/xbjlib-1.1.0.nrjavaserial.jar:/home/travis/build/icyphy/ptII/ptolemy/moml/test:/home/travis/build/icyphy/ptII/ant/lib/ant-launcher.jar:/home/travis/build/icyphy/ptII/ant/lib/ant.jar:/home/travis/build/icyphy/ptII/ant/lib/ant-junit.jar:/home/travis/build/icyphy/ptII/ant/lib/ant-junit4.jar" />
    <property name="ant.library.dir" value="/home/travis/build/icyphy/ptII/ant/lib" />
    <property name="os.arch" value="amd64" />
    <property name="env.CONTINUOUS_INTEGRATION" value="true" />
    <property name="env.TRAVIS_LANGUAGE" value="node_js" />
    <property name="env.TRAVIS_STACK_LANGUAGES" value="__sardonyx__ c c++ clojure cplusplus cpp default generic go groovy java node_js php pure_java python ruby scala" />
    <property name="test.name" value="ptolemy.actor.lib.test.junit.JUnitTclTest" />
    <property name="env.APT_KEY_DONT_WARN_ON_DANGEROUS_USAGE" value="1" />
    <property name="sun.java.launcher" value="SUN_STANDARD" />
    <property name="env.PYTHON_CONFIGURE_OPTS" value="--enable-unicode=ucs4 --with-wide-unicode --enable-shared --enable-ipv6 --enable-loadable-sqlite-extensions --with-computed-gotos" />
    <property name="ant.core.lib" value="/home/travis/build/icyphy/ptII/ant/lib/ant.jar" />
    <property name="java.vm.specification.vendor" value="Oracle Corporation" />
    <property name="env.BCVTB_HOME" value="/home/travis/build/icyphy/ptII/lbnl" />
    <property name="file.separator" value="/" />
    <property name="spotbugs.home" value="/home/travis/build/icyphy/ptII/vendors/spotbugs-3.1.1" />
    <property name="java.runtime.version" value="11.0.2+9" />
    <property name="env.ANSI_CLEAR" value="\033[0K" />
    <property name="env.HAS_JOSH_K_SEAL_OF_APPROVAL" value="true" />
    <property name="env.XDG_RUNTIME_DIR" value="/run/user/2000" />
    <property name="env.TRAVIS_OSX_IMAGE" value="" />
    <property name="env.TRAVIS_JOB_ID" value="556113581" />
    <property name="env.TRAVIS_BRANCH" value="master" />
    <property name="user.country" value="US" />
    <property name="env.CERTI_HOME_TRAVIS" value="/home/travis/pthla/certi-tools" />
    <property name="env.SHELL" value="/bin/bash" />
    <property name="java.maxmemory.large" value="5000m" />
    <property name="model" value="" />
    <property name="env.CASHER_DIR" value="/home/travis/.casher" />
    <property name="env.NVM_CD_FLAGS" value="" />
    <property name="java.vendor.version" value="18.9" />
    <property name="jshint.executable" value="/home/travis/node_modules/jshint/bin/jshint" />
    <property name="env.JRUBY_OPTS" value=" --client -J-XX:+TieredCompilation -J-XX:TieredStopAtLevel=1 -J-Xss2m -Xcompile.invokedynamic=false" />
    <property name="java.vendor" value="Oracle Corporation" />
    <property name="env.TRAVIS_PRE_CHEF_BOOTSTRAP_TIME" value="2019-03-25T16:16:42" />
    <property name="env.TRAVIS_STACK_JOB_BOARD_REGISTER" value="/.job-board-register.yml" />
    <property name="env.ANSI_RED" value="\033[31;1m" />
    <property name="java.specification.version" value="11" />
    <property name="env.IRBRC" value="/home/travis/.rvm/rubies/ruby-2.5.3/.irbrc" />
    <property name="env.TRAVIS" value="true" />
    <property name="sun.arch.data.model" value="64" />
  </properties>
  <testcase classname="ptolemy.util.test.junit.TclTests" name="[0] /home/travis/build/icyphy/ptII/ptolemy/actor/lib/test/AbsoluteValue.tcl (RunTclFile)" time="0.623" />
  <testcase classname="ptolemy.util.test.junit.TclTests" name="[1] /home/travis/build/icyphy/ptII/ptolemy/actor/lib/test/AddSubtract.tcl (RunTclFile)" time="0.23" />
  <testcase classname="ptolemy.util.test.junit.TclTests" name="[2] /home/travis/build/icyphy/ptII/ptolemy/actor/lib/test/Average.tcl (RunTclFile)" time="0.077" />
  <testcase classname="ptolemy.util.test.junit.TclTests" name="[3] /home/travis/build/icyphy/ptII/ptolemy/actor/lib/test/Bernoulli.tcl (RunTclFile)" time="0.041" />
  <testcase classname="ptolemy.util.test.junit.TclTests" name="[4] /home/travis/build/icyphy/ptII/ptolemy/actor/lib/test/Clock.tcl (RunTclFile)" time="0.142" />
  <testcase classname="ptolemy.util.test.junit.TclTests" name="[5] /home/travis/build/icyphy/ptII/ptolemy/actor/lib/test/Commutator.tcl (RunTclFile)" time="0.181">
    <failure message="Number of failed tests is has increased. expected:&lt;0&gt; but was:&lt;1&gt;" type="junit.framework.AssertionFailedError">junit.framework.AssertionFailedError: Number of failed tests is has increased. expected:&lt;0&gt; but was:&lt;1&gt;
	at ptolemy.util.test.junit.TclTests.RunTclFile(TclTests.java:286)
	at java.base/jdk.internal.reflect.NativeMethodAccessorImpl.invoke0(Native Method)
	at java.base/jdk.internal.reflect.NativeMethodAccessorImpl.invoke(NativeMethodAccessorImpl.java:62)
	at java.base/jdk.internal.reflect.DelegatingMethodAccessorImpl.invoke(DelegatingMethodAccessorImpl.java:43)
	at junitparams.internal.InvokeParameterisedMethod.evaluate(InvokeParameterisedMethod.java:102)
	at junitparams.internal.ParameterisedTestMethodRunner.runMethodInvoker(ParameterisedTestMethodRunner.java:47)
	at junitparams.internal.ParameterisedTestMethodRunner.runTestMethod(ParameterisedTestMethodRunner.java:41)
	at junitparams.internal.ParameterisedTestClassRunner.runParameterisedTest(ParameterisedTestClassRunner.java:143)
	at junitparams.JUnitParamsRunner.runChild(JUnitParamsRunner.java:237)
	at junitparams.JUnitParamsRunner.runChild(JUnitParamsRunner.java:215)
</failure>
  </testcase>
  <testcase classname="ptolemy.util.test.junit.TclTests" name="[6] /home/travis/build/icyphy/ptII/ptolemy/actor/lib/test/Const.tcl (RunTclFile)" time="0.09" />
  <testcase classname="ptolemy.util.test.junit.TclTests" name="[7] /home/travis/build/icyphy/ptII/ptolemy/actor/lib/test/CurrentTime.tcl (RunTclFile)" time="0.03" />
  <testcase classname="ptolemy.util.test.junit.TclTests" name="[8] /home/travis/build/icyphy/ptII/ptolemy/actor/lib/test/DB.tcl (RunTclFile)" time="0.039" />
  <testcase classname="ptolemy.util.test.junit.TclTests" name="[9] /home/travis/build/icyphy/ptII/ptolemy/actor/lib/test/DiscreteRandomSource.tcl (RunTclFile)" time="0.065" />
  <testcase classname="ptolemy.util.test.junit.TclTests" name="[10] /home/travis/build/icyphy/ptII/ptolemy/actor/lib/test/Distributor.tcl (RunTclFile)" time="0.102" />
  <testcase classname="ptolemy.util.test.junit.TclTests" name="[11] /home/travis/build/icyphy/ptII/ptolemy/actor/lib/test/Exit.tcl (RunTclFile)" time="0.112" />
  <testcase classname="ptolemy.util.test.junit.TclTests" name="[12] /home/travis/build/icyphy/ptII/ptolemy/actor/lib/test/Expression.tcl (RunTclFile)" time="0.126" />
  <testcase classname="ptolemy.util.test.junit.TclTests" name="[13] /home/travis/build/icyphy/ptII/ptolemy/actor/lib/test/Gaussian.tcl (RunTclFile)" time="0.91" />
  <testcase classname="ptolemy.util.test.junit.TclTests" name="[14] /home/travis/build/icyphy/ptII/ptolemy/actor/lib/test/IIR.tcl (RunTclFile)" time="0.041" />
  <testcase classname="ptolemy.util.test.junit.TclTests" name="[15] /home/travis/build/icyphy/ptII/ptolemy/actor/lib/test/Interpolator.tcl (RunTclFile)" time="0.122" />
  <testcase classname="ptolemy.util.test.junit.TclTests" name="[16] /home/travis/build/icyphy/ptII/ptolemy/actor/lib/test/MathFunction.tcl (RunTclFile)" time="0.101" />
  <testcase classname="ptolemy.util.test.junit.TclTests" name="[17] /home/travis/build/icyphy/ptII/ptolemy/actor/lib/test/Maximum.tcl (RunTclFile)" time="0.057" />
  <testcase classname="ptolemy.util.test.junit.TclTests" name="[18] /home/travis/build/icyphy/ptII/ptolemy/actor/lib/test/Minimum.tcl (RunTclFile)" time="0.039" />
  <testcase classname="ptolemy.util.test.junit.TclTests" name="[19] /home/travis/build/icyphy/ptII/ptolemy/actor/lib/test/MultiplyDivide.tcl (RunTclFile)" time="0.049" />
  <testcase classname="ptolemy.util.test.junit.TclTests" name="[20] /home/travis/build/icyphy/ptII/ptolemy/actor/lib/test/OrderedMerge.tcl (RunTclFile)" time="0.164" />
  <testcase classname="ptolemy.util.test.junit.TclTests" name="[21] /home/travis/build/icyphy/ptII/ptolemy/actor/lib/test/Publisher.tcl (RunTclFile)" time="0.96" />
  <testcase classname="ptolemy.util.test.junit.TclTests" name="[22] /home/travis/build/icyphy/ptII/ptolemy/actor/lib/test/Pulse.tcl (RunTclFile)" time="0.077" />
  <testcase classname="ptolemy.util.test.junit.TclTests" name="[23] /home/travis/build/icyphy/ptII/ptolemy/actor/lib/test/Ramp.tcl (RunTclFile)" time="2.176" />
  <testcase classname="ptolemy.util.test.junit.TclTests" name="[24] /home/travis/build/icyphy/ptII/ptolemy/actor/lib/test/RampContinuous.tcl (RunTclFile)" time="0.019" />
  <testcase classname="ptolemy.util.test.junit.TclTests" name="[25] /home/travis/build/icyphy/ptII/ptolemy/actor/lib/test/RecordAssembler.tcl (RunTclFile)" time="0.016" />
  <testcase classname="ptolemy.util.test.junit.TclTests" name="[26] /home/travis/build/icyphy/ptII/ptolemy/actor/lib/test/RecordDisassembler.tcl (RunTclFile)" time="0.021" />
  <testcase classname="ptolemy.util.test.junit.TclTests" name="[27] /home/travis/build/icyphy/ptII/ptolemy/actor/lib/test/Scale.tcl (RunTclFile)" time="0.017" />
  <testcase classname="ptolemy.util.test.junit.TclTests" name="[28] /home/travis/build/icyphy/ptII/ptolemy/actor/lib/test/SequentialClock.tcl (RunTclFile)" time="0.013" />
  <testcase classname="ptolemy.util.test.junit.TclTests" name="[29] /home/travis/build/icyphy/ptII/ptolemy/actor/lib/test/SetVariable.tcl (RunTclFile)" time="0.019">
    <failure message="Number of failed tests is has increased. expected:&lt;1&gt; but was:&lt;2&gt;" type="junit.framework.AssertionFailedError">junit.framework.AssertionFailedError: Number of failed tests is has increased. expected:&lt;1&gt; but was:&lt;2&gt;
	at ptolemy.util.test.junit.TclTests.RunTclFile(TclTests.java:286)
	at jdk.internal.reflect.GeneratedMethodAccessor19.invoke(Unknown Source)
	at java.base/jdk.internal.reflect.DelegatingMethodAccessorImpl.invoke(DelegatingMethodAccessorImpl.java:43)
	at junitparams.internal.InvokeParameterisedMethod.evaluate(InvokeParameterisedMethod.java:102)
	at junitparams.internal.ParameterisedTestMethodRunner.runMethodInvoker(ParameterisedTestMethodRunner.java:47)
	at junitparams.internal.ParameterisedTestMethodRunner.runTestMethod(ParameterisedTestMethodRunner.java:41)
	at junitparams.internal.ParameterisedTestClassRunner.runParameterisedTest(ParameterisedTestClassRunner.java:143)
	at junitparams.JUnitParamsRunner.runChild(JUnitParamsRunner.java:237)
	at junitparams.JUnitParamsRunner.runChild(JUnitParamsRunner.java:215)
</failure>
  </testcase>
  <testcase classname="ptolemy.util.test.junit.TclTests" name="[30] /home/travis/build/icyphy/ptII/ptolemy/actor/lib/test/Sinewave.tcl (RunTclFile)" time="0.08" />
  <testcase classname="ptolemy.util.test.junit.TclTests" name="[31] /home/travis/build/icyphy/ptII/ptolemy/actor/lib/test/SubscriptionAggregator.tcl (RunTclFile)" time="2.276" />
  <testcase classname="ptolemy.util.test.junit.TclTests" name="[32] /home/travis/build/icyphy/ptII/ptolemy/actor/lib/test/Test.tcl (RunTclFile)" time="0.083" />
  <testcase classname="ptolemy.util.test.junit.TclTests" name="[33] /home/travis/build/icyphy/ptII/ptolemy/actor/lib/test/TestExceptionHandler.tcl (RunTclFile)" time="0.012" />
  <testcase classname="ptolemy.util.test.junit.TclTests" name="[34] /home/travis/build/icyphy/ptII/ptolemy/actor/lib/test/UnionDisassembler.tcl (RunTclFile)" time="0.049" />
  <testcase classname="ptolemy.util.test.junit.TclTests" name="[35] /home/travis/build/icyphy/ptII/ptolemy/actor/lib/test/VariableClock.tcl (RunTclFile)" time="0.017" />
  <testcase classname="ptolemy.util.test.junit.AutoKnownFailedTests" name="[0] /home/travis/build/icyphy/ptII/ptolemy/actor/lib/test/auto/knownFailedTests/PublisherPortToplevelSubscriber.xml (RunModel)" time="0.025" />
  <testcase classname="ptolemy.util.test.junit.AutoKnownFailedTests" name="[1] /home/travis/build/icyphy/ptII/ptolemy/actor/lib/test/auto/knownFailedTests/PublisherSubscriberPortToplevel.xml (RunModel)" time="0.021" />
  <testcase classname="ptolemy.util.test.junit.AutoKnownFailedTests" name="[2] /home/travis/build/icyphy/ptII/ptolemy/actor/lib/test/auto/knownFailedTests/PublisherSubscriptionAggregatorPort.xml (RunModel)" time="0.019" />
  <testcase classname="ptolemy.util.test.junit.AutoKnownFailedTests" name="[3] /home/travis/build/icyphy/ptII/ptolemy/actor/lib/test/auto/knownFailedTests/sizedarray3.xml (RunModel)" time="0.048" />
  <testcase classname="ptolemy.util.test.junit.AutoNameArchTests" name="[0] ThereAreNoAutoArchTests (RunModel)" time="0.004" />
  <testcase classname="ptolemy.util.test.junit.AutoTests" name="[0] /home/travis/build/icyphy/ptII/ptolemy/actor/lib/test/auto/AbsoluteValue.xml (RunModel)" time="0.143" />
  <testcase classname="ptolemy.util.test.junit.AutoTests" name="[1] /home/travis/build/icyphy/ptII/ptolemy/actor/lib/test/auto/AbsoluteValue2.xml (RunModel)" time="0.073" />
  <testcase classname="ptolemy.util.test.junit.AutoTests" name="[2] /home/travis/build/icyphy/ptII/ptolemy/actor/lib/test/auto/Accumulator.xml (RunModel)" time="0.074" />
  <testcase classname="ptolemy.util.test.junit.AutoTests" name="[3] /home/travis/build/icyphy/ptII/ptolemy/actor/lib/test/auto/Accumulator2.xml (RunModel)" time="0.054" />
  <testcase classname="ptolemy.util.test.junit.AutoTests" name="[4] /home/travis/build/icyphy/ptII/ptolemy/actor/lib/test/auto/Accumulator3.xml (RunModel)" time="0.096" />
  <testcase classname="ptolemy.util.test.junit.AutoTests" name="[5] /home/travis/build/icyphy/ptII/ptolemy/actor/lib/test/auto/ArrayAppend.xml (RunModel)" time="0.053" />
  <testcase classname="ptolemy.util.test.junit.AutoTests" name="[6] /home/travis/build/icyphy/ptII/ptolemy/actor/lib/test/auto/ArrayAppend2.xml (RunModel)" time="0.365" />
  <testcase classname="ptolemy.util.test.junit.AutoTests" name="[7] /home/travis/build/icyphy/ptII/ptolemy/actor/lib/test/auto/ArrayAppend3.xml (RunModel)" time="0.02" />
  <testcase classname="ptolemy.util.test.junit.AutoTests" name="[8] /home/travis/build/icyphy/ptII/ptolemy/actor/lib/test/auto/ArrayAppend4.xml (RunModel)" time="0.033" />
  <testcase classname="ptolemy.util.test.junit.AutoTests" name="[9] /home/travis/build/icyphy/ptII/ptolemy/actor/lib/test/auto/ArrayAppend5.xml (RunModel)" time="0.018" />
  <testcase classname="ptolemy.util.test.junit.AutoTests" name="[10] /home/travis/build/icyphy/ptII/ptolemy/actor/lib/test/auto/ArrayAppend6.xml (RunModel)" time="0.02" />
  <testcase classname="ptolemy.util.test.junit.AutoTests" name="[11] /home/travis/build/icyphy/ptII/ptolemy/actor/lib/test/auto/ArrayAppendPerformanceTest.xml (RunModel)" time="0.058" />
  <testcase classname="ptolemy.util.test.junit.AutoTests" name="[12] /home/travis/build/icyphy/ptII/ptolemy/actor/lib/test/auto/ArrayAppendWithEmptyInput.xml (RunModel)" time="0.037" />
  <testcase classname="ptolemy.util.test.junit.AutoTests" name="[13] /home/travis/build/icyphy/ptII/ptolemy/actor/lib/test/auto/ArrayAverage.xml (RunModel)" time="0.05" />
  <testcase classname="ptolemy.util.test.junit.AutoTests" name="[14] /home/travis/build/icyphy/ptII/ptolemy/actor/lib/test/auto/ArrayContains.xml (RunModel)" time="0.041" />
  <testcase classname="ptolemy.util.test.junit.AutoTests" name="[15] /home/travis/build/icyphy/ptII/ptolemy/actor/lib/test/auto/ArrayElement.xml (RunModel)" time="0.055" />
  <testcase classname="ptolemy.util.test.junit.AutoTests" name="[16] /home/travis/build/icyphy/ptII/ptolemy/actor/lib/test/auto/ArrayElementAsMatrix.xml (RunModel)" time="0.083" />
  <testcase classname="ptolemy.util.test.junit.AutoTests" name="[17] /home/travis/build/icyphy/ptII/ptolemy/actor/lib/test/auto/ArrayElementI.xml (RunModel)" time="0.022" />
  <testcase classname="ptolemy.util.test.junit.AutoTests" name="[18] /home/travis/build/icyphy/ptII/ptolemy/actor/lib/test/auto/ArrayExtract.xml (RunModel)" time="0.124" />
  <testcase classname="ptolemy.util.test.junit.AutoTests" name="[19] /home/travis/build/icyphy/ptII/ptolemy/actor/lib/test/auto/ArrayExtract2.xml (RunModel)" time="0.022" />
  <testcase classname="ptolemy.util.test.junit.AutoTests" name="[20] /home/travis/build/icyphy/ptII/ptolemy/actor/lib/test/auto/ArrayLength.xml (RunModel)" time="0.031" />
  <testcase classname="ptolemy.util.test.junit.AutoTests" name="[21] /home/travis/build/icyphy/ptII/ptolemy/actor/lib/test/auto/ArrayLevelCrossing.xml (RunModel)" time="0.037" />
  <testcase classname="ptolemy.util.test.junit.AutoTests" name="[22] /home/travis/build/icyphy/ptII/ptolemy/actor/lib/test/auto/ArrayLevelCrossing2.xml (RunModel)" time="0.032" />
  <testcase classname="ptolemy.util.test.junit.AutoTests" name="[23] /home/travis/build/icyphy/ptII/ptolemy/actor/lib/test/auto/ArrayPeakSearch.xml (RunModel)" time="0.052" />
  <testcase classname="ptolemy.util.test.junit.AutoTests" name="[24] /home/travis/build/icyphy/ptII/ptolemy/actor/lib/test/auto/ArrayPeakSearch2.xml (RunModel)" time="0.047" />
  <testcase classname="ptolemy.util.test.junit.AutoTests" name="[25] /home/travis/build/icyphy/ptII/ptolemy/actor/lib/test/auto/ArrayPeakSearch3.xml (RunModel)" time="0.044" />
  <testcase classname="ptolemy.util.test.junit.AutoTests" name="[26] /home/travis/build/icyphy/ptII/ptolemy/actor/lib/test/auto/ArrayRemoveElement.xml (RunModel)" time="0.032" />
  <testcase classname="ptolemy.util.test.junit.AutoTests" name="[27] /home/travis/build/icyphy/ptII/ptolemy/actor/lib/test/auto/ArraySort.xml (RunModel)" time="0.037" />
  <testcase classname="ptolemy.util.test.junit.AutoTests" name="[28] /home/travis/build/icyphy/ptII/ptolemy/actor/lib/test/auto/ArraySum.xml (RunModel)" time="0.024" />
  <testcase classname="ptolemy.util.test.junit.AutoTests" name="[29] /home/travis/build/icyphy/ptII/ptolemy/actor/lib/test/auto/ArrayToElements.xml (RunModel)" time="0.021" />
  <testcase classname="ptolemy.util.test.junit.AutoTests" name="[30] /home/travis/build/icyphy/ptII/ptolemy/actor/lib/test/auto/ArrayToMatrix.xml (RunModel)" time="0.07" />
  <testcase classname="ptolemy.util.test.junit.AutoTests" name="[31] /home/travis/build/icyphy/ptII/ptolemy/actor/lib/test/auto/ArrayUpdate1.xml (RunModel)" time="0.024" />
  <testcase classname="ptolemy.util.test.junit.AutoTests" name="[32] /home/travis/build/icyphy/ptII/ptolemy/actor/lib/test/auto/ArrayUpdate2.xml (RunModel)" time="0.028" />
  <testcase classname="ptolemy.util.test.junit.AutoTests" name="[33] /home/travis/build/icyphy/ptII/ptolemy/actor/lib/test/auto/ArrayUpdate3.xml (RunModel)" time="0.019" />
  <testcase classname="ptolemy.util.test.junit.AutoTests" name="[34] /home/travis/build/icyphy/ptII/ptolemy/actor/lib/test/auto/Assert1.xml (RunModel)" time="0.029" />
  <testcase classname="ptolemy.util.test.junit.AutoTests" name="[35] /home/travis/build/icyphy/ptII/ptolemy/actor/lib/test/auto/Assert2.xml (RunModel)" time="0.026" />
  <testcase classname="ptolemy.util.test.junit.AutoTests" name="[36] /home/travis/build/icyphy/ptII/ptolemy/actor/lib/test/auto/BooleanMultiplexor.xml (RunModel)" time="0.025" />
  <testcase classname="ptolemy.util.test.junit.AutoTests" name="[37] /home/travis/build/icyphy/ptII/ptolemy/actor/lib/test/auto/BooleanMultiplexor2.xml (RunModel)" time="0.03" />
  <testcase classname="ptolemy.util.test.junit.AutoTests" name="[38] /home/travis/build/icyphy/ptII/ptolemy/actor/lib/test/auto/BooleanMultiplexor3.xml (RunModel)" time="0.023" />
  <testcase classname="ptolemy.util.test.junit.AutoTests" name="[39] /home/travis/build/icyphy/ptII/ptolemy/actor/lib/test/auto/BooleanSelect.xml (RunModel)" time="0.03" />
  <testcase classname="ptolemy.util.test.junit.AutoTests" name="[40] /home/travis/build/icyphy/ptII/ptolemy/actor/lib/test/auto/BooleanSelect2.xml (RunModel)" time="0.018" />
  <testcase classname="ptolemy.util.test.junit.AutoTests" name="[41] /home/travis/build/icyphy/ptII/ptolemy/actor/lib/test/auto/BooleanSwitch.xml (RunModel)" time="0.029" />
  <testcase classname="ptolemy.util.test.junit.AutoTests" name="[42] /home/travis/build/icyphy/ptII/ptolemy/actor/lib/test/auto/BooleanSwitch2.xml (RunModel)" time="0.027" />
  <testcase classname="ptolemy.util.test.junit.AutoTests" name="[43] /home/travis/build/icyphy/ptII/ptolemy/actor/lib/test/auto/BooleanSwitchCloningBugWithClassRelationGroup.xml (RunModel)" time="0.039" />
  <testcase classname="ptolemy.util.test.junit.AutoTests" name="[44] /home/travis/build/icyphy/ptII/ptolemy/actor/lib/test/auto/BusActors.xml (RunModel)" time="0.045" />
  <testcase classname="ptolemy.util.test.junit.AutoTests" name="[45] /home/travis/build/icyphy/ptII/ptolemy/actor/lib/test/auto/ClassWrapper.xml (RunModel)" time="0.034" />
  <testcase classname="ptolemy.util.test.junit.AutoTests" name="[46] /home/travis/build/icyphy/ptII/ptolemy/actor/lib/test/auto/Clock.xml (RunModel)" time="0.016" />
  <testcase classname="ptolemy.util.test.junit.AutoTests" name="[47] /home/travis/build/icyphy/ptII/ptolemy/actor/lib/test/auto/Clock10.xml (RunModel)" time="0.035" />
  <testcase classname="ptolemy.util.test.junit.AutoTests" name="[48] /home/travis/build/icyphy/ptII/ptolemy/actor/lib/test/auto/Clock11.xml (RunModel)" time="0.024" />
  <testcase classname="ptolemy.util.test.junit.AutoTests" name="[49] /home/travis/build/icyphy/ptII/ptolemy/actor/lib/test/auto/Clock12.xml (RunModel)" time="0.023" />
  <testcase classname="ptolemy.util.test.junit.AutoTests" name="[50] /home/travis/build/icyphy/ptII/ptolemy/actor/lib/test/auto/Clock13.xml (RunModel)" time="0.02" />
  <testcase classname="ptolemy.util.test.junit.AutoTests" name="[51] /home/travis/build/icyphy/ptII/ptolemy/actor/lib/test/auto/Clock14.xml (RunModel)" time="0.019" />
  <testcase classname="ptolemy.util.test.junit.AutoTests" name="[52] /home/travis/build/icyphy/ptII/ptolemy/actor/lib/test/auto/Clock15.xml (RunModel)" time="0.016" />
  <testcase classname="ptolemy.util.test.junit.AutoTests" name="[53] /home/travis/build/icyphy/ptII/ptolemy/actor/lib/test/auto/Clock16.xml (RunModel)" time="0.109" />
  <testcase classname="ptolemy.util.test.junit.AutoTests" name="[54] /home/travis/build/icyphy/ptII/ptolemy/actor/lib/test/auto/Clock17.xml (RunModel)" time="0.084" />
  <testcase classname="ptolemy.util.test.junit.AutoTests" name="[55] /home/travis/build/icyphy/ptII/ptolemy/actor/lib/test/auto/Clock18.xml (RunModel)" time="0.057" />
  <testcase classname="ptolemy.util.test.junit.AutoTests" name="[56] /home/travis/build/icyphy/ptII/ptolemy/actor/lib/test/auto/Clock19.xml (RunModel)" time="0.041" />
  <testcase classname="ptolemy.util.test.junit.AutoTests" name="[57] /home/travis/build/icyphy/ptII/ptolemy/actor/lib/test/auto/Clock2.xml (RunModel)" time="0.012" />
  <testcase classname="ptolemy.util.test.junit.AutoTests" name="[58] /home/travis/build/icyphy/ptII/ptolemy/actor/lib/test/auto/Clock20.xml (RunModel)" time="0.018" />
  <testcase classname="ptolemy.util.test.junit.AutoTests" name="[59] /home/travis/build/icyphy/ptII/ptolemy/actor/lib/test/auto/Clock21.xml (RunModel)" time="0.021" />
  <testcase classname="ptolemy.util.test.junit.AutoTests" name="[60] /home/travis/build/icyphy/ptII/ptolemy/actor/lib/test/auto/Clock22.xml (RunModel)" time="0.016" />
  <testcase classname="ptolemy.util.test.junit.AutoTests" name="[61] /home/travis/build/icyphy/ptII/ptolemy/actor/lib/test/auto/Clock23.xml (RunModel)" time="0.012" />
  <testcase classname="ptolemy.util.test.junit.AutoTests" name="[62] /home/travis/build/icyphy/ptII/ptolemy/actor/lib/test/auto/Clock24.xml (RunModel)" time="0.013" />
  <testcase classname="ptolemy.util.test.junit.AutoTests" name="[63] /home/travis/build/icyphy/ptII/ptolemy/actor/lib/test/auto/Clock4.xml (RunModel)" time="0.012" />
  <testcase classname="ptolemy.util.test.junit.AutoTests" name="[64] /home/travis/build/icyphy/ptII/ptolemy/actor/lib/test/auto/Clock5.xml (RunModel)" time="0.011" />
  <testcase classname="ptolemy.util.test.junit.AutoTests" name="[65] /home/travis/build/icyphy/ptII/ptolemy/actor/lib/test/auto/Clock6.xml (RunModel)" time="0.008" />
  <testcase classname="ptolemy.util.test.junit.AutoTests" name="[66] /home/travis/build/icyphy/ptII/ptolemy/actor/lib/test/auto/Clock7.xml (RunModel)" time="0.009" />
  <testcase classname="ptolemy.util.test.junit.AutoTests" name="[67] /home/travis/build/icyphy/ptII/ptolemy/actor/lib/test/auto/Clock8.xml (RunModel)" time="0.011" />
  <testcase classname="ptolemy.util.test.junit.AutoTests" name="[68] /home/travis/build/icyphy/ptII/ptolemy/actor/lib/test/auto/Clock9.xml (RunModel)" time="0.017" />
  <testcase classname="ptolemy.util.test.junit.AutoTests" name="[69] /home/travis/build/icyphy/ptII/ptolemy/actor/lib/test/auto/CommDistDiscard.xml (RunModel)" time="0.019" />
  <testcase classname="ptolemy.util.test.junit.AutoTests" name="[70] /home/travis/build/icyphy/ptII/ptolemy/actor/lib/test/auto/Commutator.xml (RunModel)" time="0.012" />
  <testcase classname="ptolemy.util.test.junit.AutoTests" name="[71] /home/travis/build/icyphy/ptII/ptolemy/actor/lib/test/auto/Commutator2.xml (RunModel)" time="0.01" />
  <testcase classname="ptolemy.util.test.junit.AutoTests" name="[72] /home/travis/build/icyphy/ptII/ptolemy/actor/lib/test/auto/Commutator3.xml (RunModel)" time="0.01" />
  <testcase classname="ptolemy.util.test.junit.AutoTests" name="[73] /home/travis/build/icyphy/ptII/ptolemy/actor/lib/test/auto/Compare.xml (RunModel)" time="0.017" />
  <testcase classname="ptolemy.util.test.junit.AutoTests" name="[74] /home/travis/build/icyphy/ptII/ptolemy/actor/lib/test/auto/CompareDE.xml (RunModel)" time="0.021" />
  <testcase classname="ptolemy.util.test.junit.AutoTests" name="[75] /home/travis/build/icyphy/ptII/ptolemy/actor/lib/test/auto/ComplexDivide.xml (RunModel)" time="0.009" />
  <testcase classname="ptolemy.util.test.junit.AutoTests" name="[76] /home/travis/build/icyphy/ptII/ptolemy/actor/lib/test/auto/ComputeHistogram.xml (RunModel)" time="0.052" />
  <testcase classname="ptolemy.util.test.junit.AutoTests" name="[77] /home/travis/build/icyphy/ptII/ptolemy/actor/lib/test/auto/ConfigurationSelect.xml (RunModel)" time="0.021" />
  <testcase classname="ptolemy.util.test.junit.AutoTests" name="[78] /home/travis/build/icyphy/ptII/ptolemy/actor/lib/test/auto/ConfigurationSelect2.xml (RunModel)" time="0.015" />
  <testcase classname="ptolemy.util.test.junit.AutoTests" name="[79] /home/travis/build/icyphy/ptII/ptolemy/actor/lib/test/auto/ConfigurationSwitch.xml (RunModel)" time="0.034" />
  <testcase classname="ptolemy.util.test.junit.AutoTests" name="[80] /home/travis/build/icyphy/ptII/ptolemy/actor/lib/test/auto/ConfigurationSwitch2.xml (RunModel)" time="0.029" />
  <testcase classname="ptolemy.util.test.junit.AutoTests" name="[81] /home/travis/build/icyphy/ptII/ptolemy/actor/lib/test/auto/ConfigurationSwitchCloningBugWithClassRelationGroup.xml (RunModel)" time="0.021" />
  <testcase classname="ptolemy.util.test.junit.AutoTests" name="[82] /home/travis/build/icyphy/ptII/ptolemy/actor/lib/test/auto/ConfigurationSwitchSelectSDF.xml (RunModel)" time="0.017" />
  <testcase classname="ptolemy.util.test.junit.AutoTests" name="[83] /home/travis/build/icyphy/ptII/ptolemy/actor/lib/test/auto/ConfigurationSwitchSelectSDF2.xml (RunModel)" time="0.012" />
  <testcase classname="ptolemy.util.test.junit.AutoTests" name="[84] /home/travis/build/icyphy/ptII/ptolemy/actor/lib/test/auto/Const.xml (RunModel)" time="0.008" />
  <testcase classname="ptolemy.util.test.junit.AutoTests" name="[85] /home/travis/build/icyphy/ptII/ptolemy/actor/lib/test/auto/Const2.xml (RunModel)" time="0.016" />
  <testcase classname="ptolemy.util.test.junit.AutoTests" name="[86] /home/travis/build/icyphy/ptII/ptolemy/actor/lib/test/auto/Const3.xml (RunModel)" time="0.007" />
  <testcase classname="ptolemy.util.test.junit.AutoTests" name="[87] /home/travis/build/icyphy/ptII/ptolemy/actor/lib/test/auto/ConstantPublisherPort1.xml (RunModel)" time="0.024" />
  <testcase classname="ptolemy.util.test.junit.AutoTests" name="[88] /home/travis/build/icyphy/ptII/ptolemy/actor/lib/test/auto/ConstantPublisherPort2.xml (RunModel)" time="0.025" />
  <testcase classname="ptolemy.util.test.junit.AutoTests" name="[89] /home/travis/build/icyphy/ptII/ptolemy/actor/lib/test/auto/ConstantPublisherPort3.xml (RunModel)" time="0.024" />
  <testcase classname="ptolemy.util.test.junit.AutoTests" name="[90] /home/travis/build/icyphy/ptII/ptolemy/actor/lib/test/auto/ConstantPublisherPort4.xml (RunModel)" time="0.015" />
  <testcase classname="ptolemy.util.test.junit.AutoTests" name="[91] /home/travis/build/icyphy/ptII/ptolemy/actor/lib/test/auto/ConstantPublisherPort5.xml (RunModel)" time="0.047" />
  <testcase classname="ptolemy.util.test.junit.AutoTests" name="[92] /home/travis/build/icyphy/ptII/ptolemy/actor/lib/test/auto/ConstantPublisherPort6.xml (RunModel)" time="0.029" />
  <testcase classname="ptolemy.util.test.junit.AutoTests" name="[93] /home/travis/build/icyphy/ptII/ptolemy/actor/lib/test/auto/ConstantPublisherPort7.xml (RunModel)" time="0.04" />
  <testcase classname="ptolemy.util.test.junit.AutoTests" name="[94] /home/travis/build/icyphy/ptII/ptolemy/actor/lib/test/auto/ConstraintMonitor1.xml (RunModel)" time="0.045" />
  <testcase classname="ptolemy.util.test.junit.AutoTests" name="[95] /home/travis/build/icyphy/ptII/ptolemy/actor/lib/test/auto/ConstraintMonitor2.xml (RunModel)" time="0.012" />
  <testcase classname="ptolemy.util.test.junit.AutoTests" name="[96] /home/travis/build/icyphy/ptII/ptolemy/actor/lib/test/auto/ConstraintMonitor3.xml (RunModel)" time="0.017" />
  <testcase classname="ptolemy.util.test.junit.AutoTests" name="[97] /home/travis/build/icyphy/ptII/ptolemy/actor/lib/test/auto/ConstraintMonitor4.xml (RunModel)" time="0.016" />
  <testcase classname="ptolemy.util.test.junit.AutoTests" name="[98] /home/travis/build/icyphy/ptII/ptolemy/actor/lib/test/auto/ConstraintMonitor5.xml (RunModel)" time="0.014" />
  <testcase classname="ptolemy.util.test.junit.AutoTests" name="[99] /home/travis/build/icyphy/ptII/ptolemy/actor/lib/test/auto/ConstraintMonitor6.xml (RunModel)" time="0.02" />
  <testcase classname="ptolemy.util.test.junit.AutoTests" name="[100] /home/travis/build/icyphy/ptII/ptolemy/actor/lib/test/auto/ConstraintMonitor7.xml (RunModel)" time="0.015" />
  <testcase classname="ptolemy.util.test.junit.AutoTests" name="[101] /home/travis/build/icyphy/ptII/ptolemy/actor/lib/test/auto/ConstraintMonitor8.xml (RunModel)" time="0.025" />
  <testcase classname="ptolemy.util.test.junit.AutoTests" name="[102] /home/travis/build/icyphy/ptII/ptolemy/actor/lib/test/auto/Counter.xml (RunModel)" time="0.012" />
  <testcase classname="ptolemy.util.test.junit.AutoTests" name="[103] /home/travis/build/icyphy/ptII/ptolemy/actor/lib/test/auto/CurrentTimeSDF.xml (RunModel)" time="0.01" />
  <testcase classname="ptolemy.util.test.junit.AutoTests" name="[104] /home/travis/build/icyphy/ptII/ptolemy/actor/lib/test/auto/DB.xml (RunModel)" time="0.012" />
  <testcase classname="ptolemy.util.test.junit.AutoTests" name="[105] /home/travis/build/icyphy/ptII/ptolemy/actor/lib/test/auto/DBDE.xml (RunModel)" time="0.013" />
  <testcase classname="ptolemy.util.test.junit.AutoTests" name="[106] /home/travis/build/icyphy/ptII/ptolemy/actor/lib/test/auto/DateConstructor.xml (RunModel)" time="0.076" />
  <testcase classname="ptolemy.util.test.junit.AutoTests" name="[107] /home/travis/build/icyphy/ptII/ptolemy/actor/lib/test/auto/DelayTime.xml (RunModel)" time="0.024" />
  <testcase classname="ptolemy.util.test.junit.AutoTests" name="[108] /home/travis/build/icyphy/ptII/ptolemy/actor/lib/test/auto/Dictionary1.xml (RunModel)" time="0.021" />
  <testcase classname="ptolemy.util.test.junit.AutoTests" name="[109] /home/travis/build/icyphy/ptII/ptolemy/actor/lib/test/auto/Dictionary2.xml (RunModel)" time="0.025" />
  <testcase classname="ptolemy.util.test.junit.AutoTests" name="[110] /home/travis/build/icyphy/ptII/ptolemy/actor/lib/test/auto/Dictionary3.xml (RunModel)" time="0.018" />
  <testcase classname="ptolemy.util.test.junit.AutoTests" name="[111] /home/travis/build/icyphy/ptII/ptolemy/actor/lib/test/auto/Dictionary4.xml (RunModel)" time="0.018" />
  <testcase classname="ptolemy.util.test.junit.AutoTests" name="[112] /home/travis/build/icyphy/ptII/ptolemy/actor/lib/test/auto/Differential.xml (RunModel)" time="0.013" />
  <testcase classname="ptolemy.util.test.junit.AutoTests" name="[113] /home/travis/build/icyphy/ptII/ptolemy/actor/lib/test/auto/Director.xml (RunModel)" time="0.012" />
  <testcase classname="ptolemy.util.test.junit.AutoTests" name="[114] /home/travis/build/icyphy/ptII/ptolemy/actor/lib/test/auto/DiscreteClock.xml (RunModel)" time="0.008" />
  <testcase classname="ptolemy.util.test.junit.AutoTests" name="[115] /home/travis/build/icyphy/ptII/ptolemy/actor/lib/test/auto/DiscreteClock10.xml (RunModel)" time="0.014" />
  <testcase classname="ptolemy.util.test.junit.AutoTests" name="[116] /home/travis/build/icyphy/ptII/ptolemy/actor/lib/test/auto/DiscreteClock11.xml (RunModel)" time="0.012" />
  <testcase classname="ptolemy.util.test.junit.AutoTests" name="[117] /home/travis/build/icyphy/ptII/ptolemy/actor/lib/test/auto/DiscreteClock12.xml (RunModel)" time="0.027" />
  <testcase classname="ptolemy.util.test.junit.AutoTests" name="[118] /home/travis/build/icyphy/ptII/ptolemy/actor/lib/test/auto/DiscreteClock13.xml (RunModel)" time="0.017" />
  <testcase classname="ptolemy.util.test.junit.AutoTests" name="[119] /home/travis/build/icyphy/ptII/ptolemy/actor/lib/test/auto/DiscreteClock14.xml (RunModel)" time="0.015" />
  <testcase classname="ptolemy.util.test.junit.AutoTests" name="[120] /home/travis/build/icyphy/ptII/ptolemy/actor/lib/test/auto/DiscreteClock15.xml (RunModel)" time="0.016" />
  <testcase classname="ptolemy.util.test.junit.AutoTests" name="[121] /home/travis/build/icyphy/ptII/ptolemy/actor/lib/test/auto/DiscreteClock16.xml (RunModel)" time="0.05" />
  <testcase classname="ptolemy.util.test.junit.AutoTests" name="[122] /home/travis/build/icyphy/ptII/ptolemy/actor/lib/test/auto/DiscreteClock17.xml (RunModel)" time="0.043" />
  <testcase classname="ptolemy.util.test.junit.AutoTests" name="[123] /home/travis/build/icyphy/ptII/ptolemy/actor/lib/test/auto/DiscreteClock18.xml (RunModel)" time="0.052" />
  <testcase classname="ptolemy.util.test.junit.AutoTests" name="[124] /home/travis/build/icyphy/ptII/ptolemy/actor/lib/test/auto/DiscreteClock19.xml (RunModel)" time="0.053" />
  <testcase classname="ptolemy.util.test.junit.AutoTests" name="[125] /home/travis/build/icyphy/ptII/ptolemy/actor/lib/test/auto/DiscreteClock2.xml (RunModel)" time="0.012" />
  <testcase classname="ptolemy.util.test.junit.AutoTests" name="[126] /home/travis/build/icyphy/ptII/ptolemy/actor/lib/test/auto/DiscreteClock20.xml (RunModel)" time="0.021" />
  <testcase classname="ptolemy.util.test.junit.AutoTests" name="[127] /home/travis/build/icyphy/ptII/ptolemy/actor/lib/test/auto/DiscreteClock21.xml (RunModel)" time="0.017" />
  <testcase classname="ptolemy.util.test.junit.AutoTests" name="[128] /home/travis/build/icyphy/ptII/ptolemy/actor/lib/test/auto/DiscreteClock22.xml (RunModel)" time="0.016" />
  <testcase classname="ptolemy.util.test.junit.AutoTests" name="[129] /home/travis/build/icyphy/ptII/ptolemy/actor/lib/test/auto/DiscreteClock23.xml (RunModel)" time="0.023" />
  <testcase classname="ptolemy.util.test.junit.AutoTests" name="[130] /home/travis/build/icyphy/ptII/ptolemy/actor/lib/test/auto/DiscreteClock24.xml (RunModel)" time="0.014" />
  <testcase classname="ptolemy.util.test.junit.AutoTests" name="[131] /home/travis/build/icyphy/ptII/ptolemy/actor/lib/test/auto/DiscreteClock4.xml (RunModel)" time="0.013" />
  <testcase classname="ptolemy.util.test.junit.AutoTests" name="[132] /home/travis/build/icyphy/ptII/ptolemy/actor/lib/test/auto/DiscreteClock5.xml (RunModel)" time="0.011" />
  <testcase classname="ptolemy.util.test.junit.AutoTests" name="[133] /home/travis/build/icyphy/ptII/ptolemy/actor/lib/test/auto/DiscreteClock6.xml (RunModel)" time="0.009" />
  <testcase classname="ptolemy.util.test.junit.AutoTests" name="[134] /home/travis/build/icyphy/ptII/ptolemy/actor/lib/test/auto/DiscreteClock7.xml (RunModel)" time="0.012" />
  <testcase classname="ptolemy.util.test.junit.AutoTests" name="[135] /home/travis/build/icyphy/ptII/ptolemy/actor/lib/test/auto/DiscreteClock8.xml (RunModel)" time="0.023" />
  <testcase classname="ptolemy.util.test.junit.AutoTests" name="[136] /home/travis/build/icyphy/ptII/ptolemy/actor/lib/test/auto/DiscreteClock9.xml (RunModel)" time="0.014" />
  <testcase classname="ptolemy.util.test.junit.AutoTests" name="[137] /home/travis/build/icyphy/ptII/ptolemy/actor/lib/test/auto/DisplayArray.xml (RunModel)" time="0.009" />
  <testcase classname="ptolemy.util.test.junit.AutoTests" name="[138] /home/travis/build/icyphy/ptII/ptolemy/actor/lib/test/auto/Distributor.xml (RunModel)" time="0.01" />
  <testcase classname="ptolemy.util.test.junit.AutoTests" name="[139] /home/travis/build/icyphy/ptII/ptolemy/actor/lib/test/auto/Distributor2.xml (RunModel)" time="0.01" />
  <testcase classname="ptolemy.util.test.junit.AutoTests" name="[140] /home/travis/build/icyphy/ptII/ptolemy/actor/lib/test/auto/DownSample.xml (RunModel)" time="0.012" />
  <testcase classname="ptolemy.util.test.junit.AutoTests" name="[141] /home/travis/build/icyphy/ptII/ptolemy/actor/lib/test/auto/ElectronicUnitBase1.xml (RunModel)" time="0.094" />
  <testcase classname="ptolemy.util.test.junit.AutoTests" name="[142] /home/travis/build/icyphy/ptII/ptolemy/actor/lib/test/auto/ElementsToArray.xml (RunModel)" time="0.011" />
  <testcase classname="ptolemy.util.test.junit.AutoTests" name="[143] /home/travis/build/icyphy/ptII/ptolemy/actor/lib/test/auto/Equals.xml (RunModel)" time="0.016" />
  <testcase classname="ptolemy.util.test.junit.AutoTests" name="[144] /home/travis/build/icyphy/ptII/ptolemy/actor/lib/test/auto/Exec.xml (RunModel)" time="0.033" />
  <testcase classname="ptolemy.util.test.junit.AutoTests" name="[145] /home/travis/build/icyphy/ptII/ptolemy/actor/lib/test/auto/ExecEnvironment.xml (RunModel)" time="0.053" />
  <testcase classname="ptolemy.util.test.junit.AutoTests" name="[146] /home/travis/build/icyphy/ptII/ptolemy/actor/lib/test/auto/ExecNonZeroReturnOutput.xml (RunModel)" time="0.218" />
  <testcase classname="ptolemy.util.test.junit.AutoTests" name="[147] /home/travis/build/icyphy/ptII/ptolemy/actor/lib/test/auto/ExecRunDemos.xml (RunModel)" time="10.983">
    <error type="java.lang.reflect.InvocationTargetException">java.lang.reflect.InvocationTargetException
	at jdk.internal.reflect.GeneratedConstructorAccessor36.newInstance(Unknown Source)
	at java.base/jdk.internal.reflect.DelegatingConstructorAccessorImpl.newInstance(DelegatingConstructorAccessorImpl.java:45)
	at java.base/java.lang.reflect.Constructor.newInstance(Constructor.java:490)
	at ptolemy.util.test.junit.AutoTests.RunModel(AutoTests.java:193)
	at jdk.internal.reflect.GeneratedMethodAccessor43.invoke(Unknown Source)
	at java.base/jdk.internal.reflect.DelegatingMethodAccessorImpl.invoke(DelegatingMethodAccessorImpl.java:43)
	at junitparams.internal.InvokeParameterisedMethod.evaluate(InvokeParameterisedMethod.java:102)
Caused by: ptolemy.kernel.util.IllegalActionException: Test fails in iteration 0.
Value was: &quot;WARNING: An illegal reflective access operation has occurred\nWARNING: Illegal reflective access by io.netty.util.internal.ReflectionUtil (file:/home/travis/build/icyphy/ptII/lib/netty-common-4.1.19.Final.jar) to constructor java.nio.DirectByteBuffer(long,int)\nWARNING: Please consider reporting this to the maintainers of io.netty.util.internal.ReflectionUtil\nWARNING: Use --illegal-access=warn to enable warnings of further illegal reflective access operations\nWARNING: All illegal access operations will be denied in a future release\n&quot;. Should have been: &quot;&quot;
  in .ExecRunDemos.Test
	at ptolemy.actor.lib.Test.fire(Test.java:268)
	at ptolemy.actor.AtomicActor.iterate(AtomicActor.java:512)
	at ptolemy.actor.sched.StaticSchedulingDirector.fire(StaticSchedulingDirector.java:216)
	at ptolemy.domains.sdf.kernel.SDFDirector.fire(SDFDirector.java:500)
	at ptolemy.actor.CompositeActor.fire(CompositeActor.java:455)
	at ptolemy.actor.Manager.iterate(Manager.java:851)
	at ptolemy.actor.Manager.execute(Manager.java:369)
	at ptolemy.actor.Manager.run(Manager.java:1263)
	at ptolemy.actor.Manager$PtolemyRunThread.run(Manager.java:1915)
</error>
  </testcase>
  <testcase classname="ptolemy.util.test.junit.AutoTests" name="[148] /home/travis/build/icyphy/ptII/ptolemy/actor/lib/test/auto/ExecStop.xml (RunModel)" time="5.044" />
  <testcase classname="ptolemy.util.test.junit.AutoTests" name="[149] /home/travis/build/icyphy/ptII/ptolemy/actor/lib/test/auto/ExecutionTimeSDF.xml (RunModel)" time="6.049" />
  <testcase classname="ptolemy.util.test.junit.AutoTests" name="[150] /home/travis/build/icyphy/ptII/ptolemy/actor/lib/test/auto/Expression1.xml (RunModel)" time="0.025" />
  <testcase classname="ptolemy.util.test.junit.AutoTests" name="[151] /home/travis/build/icyphy/ptII/ptolemy/actor/lib/test/auto/Expression10.xml (RunModel)" time="0.034" />
  <testcase classname="ptolemy.util.test.junit.AutoTests" name="[152] /home/travis/build/icyphy/ptII/ptolemy/actor/lib/test/auto/Expression11.xml (RunModel)" time="0.019" />
  <testcase classname="ptolemy.util.test.junit.AutoTests" name="[153] /home/travis/build/icyphy/ptII/ptolemy/actor/lib/test/auto/Expression12.xml (RunModel)" time="0.014" />
  <testcase classname="ptolemy.util.test.junit.AutoTests" name="[154] /home/travis/build/icyphy/ptII/ptolemy/actor/lib/test/auto/Expression13.xml (RunModel)" time="0.012" />
  <testcase classname="ptolemy.util.test.junit.AutoTests" name="[155] /home/travis/build/icyphy/ptII/ptolemy/actor/lib/test/auto/Expression14.xml (RunModel)" time="0.016" />
  <testcase classname="ptolemy.util.test.junit.AutoTests" name="[156] /home/travis/build/icyphy/ptII/ptolemy/actor/lib/test/auto/Expression15.xml (RunModel)" time="0.008" />
  <testcase classname="ptolemy.util.test.junit.AutoTests" name="[157] /home/travis/build/icyphy/ptII/ptolemy/actor/lib/test/auto/Expression16.xml (RunModel)" time="0.013" />
  <testcase classname="ptolemy.util.test.junit.AutoTests" name="[158] /home/travis/build/icyphy/ptII/ptolemy/actor/lib/test/auto/Expression17.xml (RunModel)" time="0.016" />
  <testcase classname="ptolemy.util.test.junit.AutoTests" name="[159] /home/travis/build/icyphy/ptII/ptolemy/actor/lib/test/auto/Expression18.xml (RunModel)" time="0.014" />
  <testcase classname="ptolemy.util.test.junit.AutoTests" name="[160] /home/travis/build/icyphy/ptII/ptolemy/actor/lib/test/auto/Expression2.xml (RunModel)" time="0.011" />
  <testcase classname="ptolemy.util.test.junit.AutoTests" name="[161] /home/travis/build/icyphy/ptII/ptolemy/actor/lib/test/auto/Expression3.xml (RunModel)" time="0.015" />
  <testcase classname="ptolemy.util.test.junit.AutoTests" name="[162] /home/travis/build/icyphy/ptII/ptolemy/actor/lib/test/auto/Expression4.xml (RunModel)" time="0.022" />
  <testcase classname="ptolemy.util.test.junit.AutoTests" name="[163] /home/travis/build/icyphy/ptII/ptolemy/actor/lib/test/auto/Expression5.xml (RunModel)" time="0.016" />
  <testcase classname="ptolemy.util.test.junit.AutoTests" name="[164] /home/travis/build/icyphy/ptII/ptolemy/actor/lib/test/auto/Expression6.xml (RunModel)" time="0.014" />
  <testcase classname="ptolemy.util.test.junit.AutoTests" name="[165] /home/travis/build/icyphy/ptII/ptolemy/actor/lib/test/auto/Expression7.xml (RunModel)" time="0.012" />
  <testcase classname="ptolemy.util.test.junit.AutoTests" name="[166] /home/travis/build/icyphy/ptII/ptolemy/actor/lib/test/auto/Expression8.xml (RunModel)" time="0.017" />
  <testcase classname="ptolemy.util.test.junit.AutoTests" name="[167] /home/travis/build/icyphy/ptII/ptolemy/actor/lib/test/auto/Expression9.xml (RunModel)" time="0.009" />
  <testcase classname="ptolemy.util.test.junit.AutoTests" name="[168] /home/travis/build/icyphy/ptII/ptolemy/actor/lib/test/auto/ExpressionConcatenateArrayType.xml (RunModel)" time="0.032" />
  <testcase classname="ptolemy.util.test.junit.AutoTests" name="[169] /home/travis/build/icyphy/ptII/ptolemy/actor/lib/test/auto/ExpressionConcatenateArrayType2.xml (RunModel)" time="0.028" />
  <testcase classname="ptolemy.util.test.junit.AutoTests" name="[170] /home/travis/build/icyphy/ptII/ptolemy/actor/lib/test/auto/ExpressionFix.xml (RunModel)" time="0.049" />
  <testcase classname="ptolemy.util.test.junit.AutoTests" name="[171] /home/travis/build/icyphy/ptII/ptolemy/actor/lib/test/auto/ExpressionFix2.xml (RunModel)" time="0.017" />
  <testcase classname="ptolemy.util.test.junit.AutoTests" name="[172] /home/travis/build/icyphy/ptII/ptolemy/actor/lib/test/auto/ExpressionFix3.xml (RunModel)" time="0.014" />
  <testcase classname="ptolemy.util.test.junit.AutoTests" name="[173] /home/travis/build/icyphy/ptII/ptolemy/actor/lib/test/auto/FileWriter1.xml (RunModel)" time="0.012" />
  <testcase classname="ptolemy.util.test.junit.AutoTests" name="[174] /home/travis/build/icyphy/ptII/ptolemy/actor/lib/test/auto/FileWriter2.xml (RunModel)" time="0.015" />
  <testcase classname="ptolemy.util.test.junit.AutoTests" name="[175] /home/travis/build/icyphy/ptII/ptolemy/actor/lib/test/auto/FileWriter3.xml (RunModel)" time="0.015" />
  <testcase classname="ptolemy.util.test.junit.AutoTests" name="[176] /home/travis/build/icyphy/ptII/ptolemy/actor/lib/test/auto/Gaussian.xml (RunModel)" time="0.013" />
  <testcase classname="ptolemy.util.test.junit.AutoTests" name="[177] /home/travis/build/icyphy/ptII/ptolemy/actor/lib/test/auto/Gaussian1.xml (RunModel)" time="0.024" />
  <testcase classname="ptolemy.util.test.junit.AutoTests" name="[178] /home/travis/build/icyphy/ptII/ptolemy/actor/lib/test/auto/Gaussian2.xml (RunModel)" time="0.021" />
  <testcase classname="ptolemy.util.test.junit.AutoTests" name="[179] /home/travis/build/icyphy/ptII/ptolemy/actor/lib/test/auto/GradientAdaptiveLattice.xml (RunModel)" time="0.016" />
  <testcase classname="ptolemy.util.test.junit.AutoTests" name="[180] /home/travis/build/icyphy/ptII/ptolemy/actor/lib/test/auto/IIR.xml (RunModel)" time="0.012" />
  <testcase classname="ptolemy.util.test.junit.AutoTests" name="[181] /home/travis/build/icyphy/ptII/ptolemy/actor/lib/test/auto/InputOutputTransparentPorts.xml (RunModel)" time="0.02" />
  <testcase classname="ptolemy.util.test.junit.AutoTests" name="[182] /home/travis/build/icyphy/ptII/ptolemy/actor/lib/test/auto/Interpolator.xml (RunModel)" time="0.013" />
  <testcase classname="ptolemy.util.test.junit.AutoTests" name="[183] /home/travis/build/icyphy/ptII/ptolemy/actor/lib/test/auto/InterpolatorFiringLimitDE.xml (RunModel)" time="0.015" />
  <testcase classname="ptolemy.util.test.junit.AutoTests" name="[184] /home/travis/build/icyphy/ptII/ptolemy/actor/lib/test/auto/Lattice.xml (RunModel)" time="0.009" />
  <testcase classname="ptolemy.util.test.junit.AutoTests" name="[185] /home/travis/build/icyphy/ptII/ptolemy/actor/lib/test/auto/LazyAOCTestLazy.xml (RunModel)" time="0.025" />
  <testcase classname="ptolemy.util.test.junit.AutoTests" name="[186] /home/travis/build/icyphy/ptII/ptolemy/actor/lib/test/auto/LazyAOCTestNonLazy.xml (RunModel)" time="0.044" />
  <testcase classname="ptolemy.util.test.junit.AutoTests" name="[187] /home/travis/build/icyphy/ptII/ptolemy/actor/lib/test/auto/LazyInnerClass.xml (RunModel)" time="0.02" />
  <testcase classname="ptolemy.util.test.junit.AutoTests" name="[188] /home/travis/build/icyphy/ptII/ptolemy/actor/lib/test/auto/LazyPubSub.xml (RunModel)" time="0.057" />
  <testcase classname="ptolemy.util.test.junit.AutoTests" name="[189] /home/travis/build/icyphy/ptII/ptolemy/actor/lib/test/auto/LazyPubSub2.xml (RunModel)" time="0.066" />
  <testcase classname="ptolemy.util.test.junit.AutoTests" name="[190] /home/travis/build/icyphy/ptII/ptolemy/actor/lib/test/auto/LazyPubSub3.xml (RunModel)" time="0.054" />
  <testcase classname="ptolemy.util.test.junit.AutoTests" name="[191] /home/travis/build/icyphy/ptII/ptolemy/actor/lib/test/auto/LazySubClassModel.xml (RunModel)" time="0.027" />
  <testcase classname="ptolemy.util.test.junit.AutoTests" name="[192] /home/travis/build/icyphy/ptII/ptolemy/actor/lib/test/auto/LevelCrossTest1.xml (RunModel)" time="0.013" />
  <testcase classname="ptolemy.util.test.junit.AutoTests" name="[193] /home/travis/build/icyphy/ptII/ptolemy/actor/lib/test/auto/LevelCrossTest10.xml (RunModel)" time="0.017" />
  <testcase classname="ptolemy.util.test.junit.AutoTests" name="[194] /home/travis/build/icyphy/ptII/ptolemy/actor/lib/test/auto/LevelCrossTest11.xml (RunModel)" time="0.025" />
  <testcase classname="ptolemy.util.test.junit.AutoTests" name="[195] /home/travis/build/icyphy/ptII/ptolemy/actor/lib/test/auto/LevelCrossTest12.xml (RunModel)" time="0.017" />
  <testcase classname="ptolemy.util.test.junit.AutoTests" name="[196] /home/travis/build/icyphy/ptII/ptolemy/actor/lib/test/auto/LevelCrossTest13.xml (RunModel)" time="0.014" />
  <testcase classname="ptolemy.util.test.junit.AutoTests" name="[197] /home/travis/build/icyphy/ptII/ptolemy/actor/lib/test/auto/LevelCrossTest2.xml (RunModel)" time="0.011" />
  <testcase classname="ptolemy.util.test.junit.AutoTests" name="[198] /home/travis/build/icyphy/ptII/ptolemy/actor/lib/test/auto/LevelCrossTest3.xml (RunModel)" time="0.015" />
  <testcase classname="ptolemy.util.test.junit.AutoTests" name="[199] /home/travis/build/icyphy/ptII/ptolemy/actor/lib/test/auto/LevelCrossTest4.xml (RunModel)" time="0.011" />
  <testcase classname="ptolemy.util.test.junit.AutoTests" name="[200] /home/travis/build/icyphy/ptII/ptolemy/actor/lib/test/auto/LevelCrossTest5.xml (RunModel)" time="0.018" />
  <testcase classname="ptolemy.util.test.junit.AutoTests" name="[201] /home/travis/build/icyphy/ptII/ptolemy/actor/lib/test/auto/LevelCrossTest6.xml (RunModel)" time="0.013" />
  <testcase classname="ptolemy.util.test.junit.AutoTests" name="[202] /home/travis/build/icyphy/ptII/ptolemy/actor/lib/test/auto/LevelCrossTest7.xml (RunModel)" time="0.023" />
  <testcase classname="ptolemy.util.test.junit.AutoTests" name="[203] /home/travis/build/icyphy/ptII/ptolemy/actor/lib/test/auto/LevelCrossTest8.xml (RunModel)" time="0.015" />
  <testcase classname="ptolemy.util.test.junit.AutoTests" name="[204] /home/travis/build/icyphy/ptII/ptolemy/actor/lib/test/auto/LevelCrossTest9.xml (RunModel)" time="0.014" />
  <testcase classname="ptolemy.util.test.junit.AutoTests" name="[205] /home/travis/build/icyphy/ptII/ptolemy/actor/lib/test/auto/LevinsonDurbin.xml (RunModel)" time="0.015" />
  <testcase classname="ptolemy.util.test.junit.AutoTests" name="[206] /home/travis/build/icyphy/ptII/ptolemy/actor/lib/test/auto/LevinsonDurbin2.xml (RunModel)" time="0.009" />
  <testcase classname="ptolemy.util.test.junit.AutoTests" name="[207] /home/travis/build/icyphy/ptII/ptolemy/actor/lib/test/auto/LevinsonDurbin3.xml (RunModel)" time="0.012" />
  <testcase classname="ptolemy.util.test.junit.AutoTests" name="[208] /home/travis/build/icyphy/ptII/ptolemy/actor/lib/test/auto/Limiter.xml (RunModel)" time="0.04" />
  <testcase classname="ptolemy.util.test.junit.AutoTests" name="[209] /home/travis/build/icyphy/ptII/ptolemy/actor/lib/test/auto/LinearDifferenceEquationSystem.xml (RunModel)" time="0.024" />
  <testcase classname="ptolemy.util.test.junit.AutoTests" name="[210] /home/travis/build/icyphy/ptII/ptolemy/actor/lib/test/auto/LookupTable.xml (RunModel)" time="0.013" />
  <testcase classname="ptolemy.util.test.junit.AutoTests" name="[211] /home/travis/build/icyphy/ptII/ptolemy/actor/lib/test/auto/MathFunction.xml (RunModel)" time="0.025" />
  <testcase classname="ptolemy.util.test.junit.AutoTests" name="[212] /home/travis/build/icyphy/ptII/ptolemy/actor/lib/test/auto/MathFunction2.xml (RunModel)" time="0.02" />
  <testcase classname="ptolemy.util.test.junit.AutoTests" name="[213] /home/travis/build/icyphy/ptII/ptolemy/actor/lib/test/auto/MathFunction3.xml (RunModel)" time="0.039" />
  <testcase classname="ptolemy.util.test.junit.AutoTests" name="[214] /home/travis/build/icyphy/ptII/ptolemy/actor/lib/test/auto/MatrixCropBoolean.xml (RunModel)" time="0.016" />
  <testcase classname="ptolemy.util.test.junit.AutoTests" name="[215] /home/travis/build/icyphy/ptII/ptolemy/actor/lib/test/auto/MatrixCropComplex.xml (RunModel)" time="0.011" />
  <testcase classname="ptolemy.util.test.junit.AutoTests" name="[216] /home/travis/build/icyphy/ptII/ptolemy/actor/lib/test/auto/MatrixCropDouble.xml (RunModel)" time="0.011" />
  <testcase classname="ptolemy.util.test.junit.AutoTests" name="[217] /home/travis/build/icyphy/ptII/ptolemy/actor/lib/test/auto/MatrixCropFix.xml (RunModel)" time="0.016" />
  <testcase classname="ptolemy.util.test.junit.AutoTests" name="[218] /home/travis/build/icyphy/ptII/ptolemy/actor/lib/test/auto/MatrixCropInt.xml (RunModel)" time="0.012" />
  <testcase classname="ptolemy.util.test.junit.AutoTests" name="[219] /home/travis/build/icyphy/ptII/ptolemy/actor/lib/test/auto/MatrixCropLong.xml (RunModel)" time="0.01" />
  <testcase classname="ptolemy.util.test.junit.AutoTests" name="[220] /home/travis/build/icyphy/ptII/ptolemy/actor/lib/test/auto/MatrixToArray.xml (RunModel)" time="0.055" />
  <testcase classname="ptolemy.util.test.junit.AutoTests" name="[221] /home/travis/build/icyphy/ptII/ptolemy/actor/lib/test/auto/MaxIndex.xml (RunModel)" time="0.014" />
  <testcase classname="ptolemy.util.test.junit.AutoTests" name="[222] /home/travis/build/icyphy/ptII/ptolemy/actor/lib/test/auto/Maximum.xml (RunModel)" time="0.015" />
  <testcase classname="ptolemy.util.test.junit.AutoTests" name="[223] /home/travis/build/icyphy/ptII/ptolemy/actor/lib/test/auto/MaximumComplex.xml (RunModel)" time="0.018" />
  <testcase classname="ptolemy.util.test.junit.AutoTests" name="[224] /home/travis/build/icyphy/ptII/ptolemy/actor/lib/test/auto/MethodCallTest.xml (RunModel)" time="0.022" />
  <testcase classname="ptolemy.util.test.junit.AutoTests" name="[225] /home/travis/build/icyphy/ptII/ptolemy/actor/lib/test/auto/Minimum.xml (RunModel)" time="0.014" />
  <testcase classname="ptolemy.util.test.junit.AutoTests" name="[226] /home/travis/build/icyphy/ptII/ptolemy/actor/lib/test/auto/MinimumComplex.xml (RunModel)" time="0.023" />
  <testcase classname="ptolemy.util.test.junit.AutoTests" name="[227] /home/travis/build/icyphy/ptII/ptolemy/actor/lib/test/auto/MinimumMultiports.xml (RunModel)" time="0.032" />
  <testcase classname="ptolemy.util.test.junit.AutoTests" name="[228] /home/travis/build/icyphy/ptII/ptolemy/actor/lib/test/auto/ModifyDate.xml (RunModel)" time="0.049" />
  <testcase classname="ptolemy.util.test.junit.AutoTests" name="[229] /home/travis/build/icyphy/ptII/ptolemy/actor/lib/test/auto/ModifyDate2.xml (RunModel)" time="0.027" />
  <testcase classname="ptolemy.util.test.junit.AutoTests" name="[230] /home/travis/build/icyphy/ptII/ptolemy/actor/lib/test/auto/MovingAverage.xml (RunModel)" time="0.023" />
  <testcase classname="ptolemy.util.test.junit.AutoTests" name="[231] /home/travis/build/icyphy/ptII/ptolemy/actor/lib/test/auto/MovingMaximum.xml (RunModel)" time="0.016" />
  <testcase classname="ptolemy.util.test.junit.AutoTests" name="[232] /home/travis/build/icyphy/ptII/ptolemy/actor/lib/test/auto/MultipleLinksToSameRelation.xml (RunModel)" time="0.015" />
  <testcase classname="ptolemy.util.test.junit.AutoTests" name="[233] /home/travis/build/icyphy/ptII/ptolemy/actor/lib/test/auto/MultipleLinksToSameRelationDE.xml (RunModel)" time="0.009" />
  <testcase classname="ptolemy.util.test.junit.AutoTests" name="[234] /home/travis/build/icyphy/ptII/ptolemy/actor/lib/test/auto/Multiplexor.xml (RunModel)" time="0.013" />
  <testcase classname="ptolemy.util.test.junit.AutoTests" name="[235] /home/travis/build/icyphy/ptII/ptolemy/actor/lib/test/auto/Multiplexor1.xml (RunModel)" time="0.012" />
  <testcase classname="ptolemy.util.test.junit.AutoTests" name="[236] /home/travis/build/icyphy/ptII/ptolemy/actor/lib/test/auto/Multiplexor2.xml (RunModel)" time="0.016" />
  <testcase classname="ptolemy.util.test.junit.AutoTests" name="[237] /home/travis/build/icyphy/ptII/ptolemy/actor/lib/test/auto/Multiplexor3.xml (RunModel)" time="0.009" />
  <testcase classname="ptolemy.util.test.junit.AutoTests" name="[238] /home/travis/build/icyphy/ptII/ptolemy/actor/lib/test/auto/MultiplexorDE.xml (RunModel)" time="0.018" />
  <testcase classname="ptolemy.util.test.junit.AutoTests" name="[239] /home/travis/build/icyphy/ptII/ptolemy/actor/lib/test/auto/MultiportBroadcastTest.xml (RunModel)" time="0.091" />
  <testcase classname="ptolemy.util.test.junit.AutoTests" name="[240] /home/travis/build/icyphy/ptII/ptolemy/actor/lib/test/auto/MultiportOutHangDuringGetWidth.xml (RunModel)" time="0.03" />
  <testcase classname="ptolemy.util.test.junit.AutoTests" name="[241] /home/travis/build/icyphy/ptII/ptolemy/actor/lib/test/auto/NilToken.xml (RunModel)" time="0.013" />
  <testcase classname="ptolemy.util.test.junit.AutoTests" name="[242] /home/travis/build/icyphy/ptII/ptolemy/actor/lib/test/auto/NilTokenNonStrictTest.xml (RunModel)" time="0.013" />
  <testcase classname="ptolemy.util.test.junit.AutoTests" name="[243] /home/travis/build/icyphy/ptII/ptolemy/actor/lib/test/auto/NilTokenRecord.xml (RunModel)" time="0.027" />
  <testcase classname="ptolemy.util.test.junit.AutoTests" name="[244] /home/travis/build/icyphy/ptII/ptolemy/actor/lib/test/auto/NilTokenTypeTest.xml (RunModel)" time="0.035" />
  <testcase classname="ptolemy.util.test.junit.AutoTests" name="[245] /home/travis/build/icyphy/ptII/ptolemy/actor/lib/test/auto/ObjectToken1.xml (RunModel)" time="0.012" />
  <testcase classname="ptolemy.util.test.junit.AutoTests" name="[246] /home/travis/build/icyphy/ptII/ptolemy/actor/lib/test/auto/OrderedMerge.xml (RunModel)" time="0.02" />
  <testcase classname="ptolemy.util.test.junit.AutoTests" name="[247] /home/travis/build/icyphy/ptII/ptolemy/actor/lib/test/auto/OrderedRecordDisassembler.xml (RunModel)" time="0.022" />
  <testcase classname="ptolemy.util.test.junit.AutoTests" name="[248] /home/travis/build/icyphy/ptII/ptolemy/actor/lib/test/auto/OrderedRecordDisassembler2.xml (RunModel)" time="0.021" />
  <testcase classname="ptolemy.util.test.junit.AutoTests" name="[249] /home/travis/build/icyphy/ptII/ptolemy/actor/lib/test/auto/OrderedRecordUpdater.xml (RunModel)" time="0.012" />
  <testcase classname="ptolemy.util.test.junit.AutoTests" name="[250] /home/travis/build/icyphy/ptII/ptolemy/actor/lib/test/auto/OrderedRecordUpdater2.xml (RunModel)" time="0.021" />
  <testcase classname="ptolemy.util.test.junit.AutoTests" name="[251] /home/travis/build/icyphy/ptII/ptolemy/actor/lib/test/auto/PhaseUnwrap.xml (RunModel)" time="0.015" />
  <testcase classname="ptolemy.util.test.junit.AutoTests" name="[252] /home/travis/build/icyphy/ptII/ptolemy/actor/lib/test/auto/PoissonClock.xml (RunModel)" time="0.012" />
  <testcase classname="ptolemy.util.test.junit.AutoTests" name="[253] /home/travis/build/icyphy/ptII/ptolemy/actor/lib/test/auto/PoissonClock2.xml (RunModel)" time="0.007" />
  <testcase classname="ptolemy.util.test.junit.AutoTests" name="[254] /home/travis/build/icyphy/ptII/ptolemy/actor/lib/test/auto/PoissonClock3.xml (RunModel)" time="0.027" />
  <testcase classname="ptolemy.util.test.junit.AutoTests" name="[255] /home/travis/build/icyphy/ptII/ptolemy/actor/lib/test/auto/PubSubWithInitialTokens.xml (RunModel)" time="0.016" />
  <testcase classname="ptolemy.util.test.junit.AutoTests" name="[256] /home/travis/build/icyphy/ptII/ptolemy/actor/lib/test/auto/PubSubWithInitialTokens2.xml (RunModel)" time="0.014" />
  <testcase classname="ptolemy.util.test.junit.AutoTests" name="[257] /home/travis/build/icyphy/ptII/ptolemy/actor/lib/test/auto/PublisherClassNoParameter.xml (RunModel)" time="0.029" />
  <testcase classname="ptolemy.util.test.junit.AutoTests" name="[258] /home/travis/build/icyphy/ptII/ptolemy/actor/lib/test/auto/PublisherClassParameter.xml (RunModel)" time="0.023" />
  <testcase classname="ptolemy.util.test.junit.AutoTests" name="[259] /home/travis/build/icyphy/ptII/ptolemy/actor/lib/test/auto/PublisherNonStrictTest.xml (RunModel)" time="0.016" />
  <testcase classname="ptolemy.util.test.junit.AutoTests" name="[260] /home/travis/build/icyphy/ptII/ptolemy/actor/lib/test/auto/PublisherPort1.xml (RunModel)" time="0.02" />
  <testcase classname="ptolemy.util.test.junit.AutoTests" name="[261] /home/travis/build/icyphy/ptII/ptolemy/actor/lib/test/auto/PublisherPort2.xml (RunModel)" time="0.029" />
  <testcase classname="ptolemy.util.test.junit.AutoTests" name="[262] /home/travis/build/icyphy/ptII/ptolemy/actor/lib/test/auto/PublisherPort3.xml (RunModel)" time="0.013" />
  <testcase classname="ptolemy.util.test.junit.AutoTests" name="[263] /home/travis/build/icyphy/ptII/ptolemy/actor/lib/test/auto/PublisherPort4.xml (RunModel)" time="0.013" />
  <testcase classname="ptolemy.util.test.junit.AutoTests" name="[264] /home/travis/build/icyphy/ptII/ptolemy/actor/lib/test/auto/PublisherPort5.xml (RunModel)" time="0.016" />
  <testcase classname="ptolemy.util.test.junit.AutoTests" name="[265] /home/travis/build/icyphy/ptII/ptolemy/actor/lib/test/auto/PublisherPort5LookAlike.xml (RunModel)" time="0.02" />
  <testcase classname="ptolemy.util.test.junit.AutoTests" name="[266] /home/travis/build/icyphy/ptII/ptolemy/actor/lib/test/auto/PublisherPort6.xml (RunModel)" time="0.012" />
  <testcase classname="ptolemy.util.test.junit.AutoTests" name="[267] /home/travis/build/icyphy/ptII/ptolemy/actor/lib/test/auto/PublisherPort7.xml (RunModel)" time="0.017" />
  <testcase classname="ptolemy.util.test.junit.AutoTests" name="[268] /home/travis/build/icyphy/ptII/ptolemy/actor/lib/test/auto/PublisherPort8.xml (RunModel)" time="0.016" />
  <testcase classname="ptolemy.util.test.junit.AutoTests" name="[269] /home/travis/build/icyphy/ptII/ptolemy/actor/lib/test/auto/PublisherPortSubscriberChannelVariablesAOC2.xml (RunModel)" time="0.032" />
  <testcase classname="ptolemy.util.test.junit.AutoTests" name="[270] /home/travis/build/icyphy/ptII/ptolemy/actor/lib/test/auto/PublisherPortSubscriberOpaqueWidthInference.xml (RunModel)" time="0.015" />
  <testcase classname="ptolemy.util.test.junit.AutoTests" name="[271] /home/travis/build/icyphy/ptII/ptolemy/actor/lib/test/auto/PublisherPortSubscriberPortAdjacent.xml (RunModel)" time="0.018" />
  <testcase classname="ptolemy.util.test.junit.AutoTests" name="[272] /home/travis/build/icyphy/ptII/ptolemy/actor/lib/test/auto/PublisherPortSubscriberPortExpression.xml (RunModel)" time="0.026" />
  <testcase classname="ptolemy.util.test.junit.AutoTests" name="[273] /home/travis/build/icyphy/ptII/ptolemy/actor/lib/test/auto/PublisherPortSubscriberPortOpaqueD3Reverse.xml (RunModel)" time="0.042" />
  <testcase classname="ptolemy.util.test.junit.AutoTests" name="[274] /home/travis/build/icyphy/ptII/ptolemy/actor/lib/test/auto/PublisherPortSubscriberPortOpaqueWidthInference.xml (RunModel)" time="0.015" />
  <testcase classname="ptolemy.util.test.junit.AutoTests" name="[275] /home/travis/build/icyphy/ptII/ptolemy/actor/lib/test/auto/PublisherPortToplevelSubscriberPortAOC.xml (RunModel)" time="0.011" />
  <testcase classname="ptolemy.util.test.junit.AutoTests" name="[276] /home/travis/build/icyphy/ptII/ptolemy/actor/lib/test/auto/PublisherSubscriber.xml (RunModel)" time="0.015" />
  <testcase classname="ptolemy.util.test.junit.AutoTests" name="[277] /home/travis/build/icyphy/ptII/ptolemy/actor/lib/test/auto/PublisherSubscriber10.xml (RunModel)" time="0.023" />
  <testcase classname="ptolemy.util.test.junit.AutoTests" name="[278] /home/travis/build/icyphy/ptII/ptolemy/actor/lib/test/auto/PublisherSubscriber10InitialOutputs.xml (RunModel)" time="0.032" />
  <testcase classname="ptolemy.util.test.junit.AutoTests" name="[279] /home/travis/build/icyphy/ptII/ptolemy/actor/lib/test/auto/PublisherSubscriber11.xml (RunModel)" time="0.017" />
  <testcase classname="ptolemy.util.test.junit.AutoTests" name="[280] /home/travis/build/icyphy/ptII/ptolemy/actor/lib/test/auto/PublisherSubscriber12.xml (RunModel)" time="0.022" />
  <testcase classname="ptolemy.util.test.junit.AutoTests" name="[281] /home/travis/build/icyphy/ptII/ptolemy/actor/lib/test/auto/PublisherSubscriber13.xml (RunModel)" time="0.013" />
  <testcase classname="ptolemy.util.test.junit.AutoTests" name="[282] /home/travis/build/icyphy/ptII/ptolemy/actor/lib/test/auto/PublisherSubscriber14.xml (RunModel)" time="0.026" />
  <testcase classname="ptolemy.util.test.junit.AutoTests" name="[283] /home/travis/build/icyphy/ptII/ptolemy/actor/lib/test/auto/PublisherSubscriber2.xml (RunModel)" time="0.013" />
  <testcase classname="ptolemy.util.test.junit.AutoTests" name="[284] /home/travis/build/icyphy/ptII/ptolemy/actor/lib/test/auto/PublisherSubscriber3.xml (RunModel)" time="0.01" />
  <testcase classname="ptolemy.util.test.junit.AutoTests" name="[285] /home/travis/build/icyphy/ptII/ptolemy/actor/lib/test/auto/PublisherSubscriber4.xml (RunModel)" time="0.009" />
  <testcase classname="ptolemy.util.test.junit.AutoTests" name="[286] /home/travis/build/icyphy/ptII/ptolemy/actor/lib/test/auto/PublisherSubscriber5.xml (RunModel)" time="0.012" />
  <testcase classname="ptolemy.util.test.junit.AutoTests" name="[287] /home/travis/build/icyphy/ptII/ptolemy/actor/lib/test/auto/PublisherSubscriber6.xml (RunModel)" time="0.016" />
  <testcase classname="ptolemy.util.test.junit.AutoTests" name="[288] /home/travis/build/icyphy/ptII/ptolemy/actor/lib/test/auto/PublisherSubscriber7.xml (RunModel)" time="0.019" />
  <testcase classname="ptolemy.util.test.junit.AutoTests" name="[289] /home/travis/build/icyphy/ptII/ptolemy/actor/lib/test/auto/PublisherSubscriber8.xml (RunModel)" time="0.033" />
  <testcase classname="ptolemy.util.test.junit.AutoTests" name="[290] /home/travis/build/icyphy/ptII/ptolemy/actor/lib/test/auto/PublisherSubscriber9.xml (RunModel)" time="0.018" />
  <testcase classname="ptolemy.util.test.junit.AutoTests" name="[291] /home/travis/build/icyphy/ptII/ptolemy/actor/lib/test/auto/PublisherSubscriberAdjacent.xml (RunModel)" time="0.015" />
  <testcase classname="ptolemy.util.test.junit.AutoTests" name="[292] /home/travis/build/icyphy/ptII/ptolemy/actor/lib/test/auto/PublisherSubscriberChannelVariablesAOC2.xml (RunModel)" time="0.027" />
  <testcase classname="ptolemy.util.test.junit.AutoTests" name="[293] /home/travis/build/icyphy/ptII/ptolemy/actor/lib/test/auto/PublisherSubscriberD3.xml (RunModel)" time="0.013" />
  <testcase classname="ptolemy.util.test.junit.AutoTests" name="[294] /home/travis/build/icyphy/ptII/ptolemy/actor/lib/test/auto/PublisherSubscriberD3Reverse.xml (RunModel)" time="0.013" />
  <testcase classname="ptolemy.util.test.junit.AutoTests" name="[295] /home/travis/build/icyphy/ptII/ptolemy/actor/lib/test/auto/PublisherSubscriberExpression.xml (RunModel)" time="0.017" />
  <testcase classname="ptolemy.util.test.junit.AutoTests" name="[296] /home/travis/build/icyphy/ptII/ptolemy/actor/lib/test/auto/PublisherSubscriberOpaque.xml (RunModel)" time="0.016" />
  <testcase classname="ptolemy.util.test.junit.AutoTests" name="[297] /home/travis/build/icyphy/ptII/ptolemy/actor/lib/test/auto/PublisherSubscriberOpaqueD3.xml (RunModel)" time="0.024" />
  <testcase classname="ptolemy.util.test.junit.AutoTests" name="[298] /home/travis/build/icyphy/ptII/ptolemy/actor/lib/test/auto/PublisherSubscriberOpaqueD3Reverse.xml (RunModel)" time="0.022" />
  <testcase classname="ptolemy.util.test.junit.AutoTests" name="[299] /home/travis/build/icyphy/ptII/ptolemy/actor/lib/test/auto/PublisherSubscriberOpaqueWidthInference.xml (RunModel)" time="0.02" />
  <testcase classname="ptolemy.util.test.junit.AutoTests" name="[300] /home/travis/build/icyphy/ptII/ptolemy/actor/lib/test/auto/PublisherTestSubscriber.xml (RunModel)" time="0.016" />
  <testcase classname="ptolemy.util.test.junit.AutoTests" name="[301] /home/travis/build/icyphy/ptII/ptolemy/actor/lib/test/auto/PublisherToplevelSubscriberPortAOC.xml (RunModel)" time="0.018" />
  <testcase classname="ptolemy.util.test.junit.AutoTests" name="[302] /home/travis/build/icyphy/ptII/ptolemy/actor/lib/test/auto/PulseFiringLimitDE.xml (RunModel)" time="0.015" />
  <testcase classname="ptolemy.util.test.junit.AutoTests" name="[303] /home/travis/build/icyphy/ptII/ptolemy/actor/lib/test/auto/Ramp1.xml (RunModel)" time="0.008" />
  <testcase classname="ptolemy.util.test.junit.AutoTests" name="[304] /home/travis/build/icyphy/ptII/ptolemy/actor/lib/test/auto/RampFiringLimitDE.xml (RunModel)" time="0.011" />
  <testcase classname="ptolemy.util.test.junit.AutoTests" name="[305] /home/travis/build/icyphy/ptII/ptolemy/actor/lib/test/auto/RampFiringLimitSDF.xml (RunModel)" time="0.02" />
  <testcase classname="ptolemy.util.test.junit.AutoTests" name="[306] /home/travis/build/icyphy/ptII/ptolemy/actor/lib/test/auto/RandomInteger.xml (RunModel)" time="0.009" />
  <testcase classname="ptolemy.util.test.junit.AutoTests" name="[307] /home/travis/build/icyphy/ptII/ptolemy/actor/lib/test/auto/ReadFile1.xml (RunModel)" time="0.008" />
  <testcase classname="ptolemy.util.test.junit.AutoTests" name="[308] /home/travis/build/icyphy/ptII/ptolemy/actor/lib/test/auto/ReadFile2.xml (RunModel)" time="0.006" />
  <testcase classname="ptolemy.util.test.junit.AutoTests" name="[309] /home/travis/build/icyphy/ptII/ptolemy/actor/lib/test/auto/Reader.xml (RunModel)" time="0.016" />
  <testcase classname="ptolemy.util.test.junit.AutoTests" name="[310] /home/travis/build/icyphy/ptII/ptolemy/actor/lib/test/auto/RecordAssemblerDisplayNameTest.xml (RunModel)" time="3.707" />
  <testcase classname="ptolemy.util.test.junit.AutoTests" name="[311] /home/travis/build/icyphy/ptII/ptolemy/actor/lib/test/auto/RecordAssemblerTypeError.xml (RunModel)" time="0.039" />
  <testcase classname="ptolemy.util.test.junit.AutoTests" name="[312] /home/travis/build/icyphy/ptII/ptolemy/actor/lib/test/auto/RecordDisassember.xml (RunModel)" time="0.017" />
  <testcase classname="ptolemy.util.test.junit.AutoTests" name="[313] /home/travis/build/icyphy/ptII/ptolemy/actor/lib/test/auto/RecordDisassemberDisplayNameTest.xml (RunModel)" time="0.025" />
  <testcase classname="ptolemy.util.test.junit.AutoTests" name="[314] /home/travis/build/icyphy/ptII/ptolemy/actor/lib/test/auto/RecordDisassembler.xml (RunModel)" time="0.01" />
  <testcase classname="ptolemy.util.test.junit.AutoTests" name="[315] /home/travis/build/icyphy/ptII/ptolemy/actor/lib/test/auto/RecordDisassembler2.xml (RunModel)" time="0.011" />
  <testcase classname="ptolemy.util.test.junit.AutoTests" name="[316] /home/travis/build/icyphy/ptII/ptolemy/actor/lib/test/auto/RecordUpdater.xml (RunModel)" time="0.009" />
  <testcase classname="ptolemy.util.test.junit.AutoTests" name="[317] /home/travis/build/icyphy/ptII/ptolemy/actor/lib/test/auto/RecordUpdater2.xml (RunModel)" time="0.01" />
  <testcase classname="ptolemy.util.test.junit.AutoTests" name="[318] /home/travis/build/icyphy/ptII/ptolemy/actor/lib/test/auto/RecursiveLattice.xml (RunModel)" time="0.009" />
  <testcase classname="ptolemy.util.test.junit.AutoTests" name="[319] /home/travis/build/icyphy/ptII/ptolemy/actor/lib/test/auto/Router.xml (RunModel)" time="3.027" />
  <testcase classname="ptolemy.util.test.junit.AutoTests" name="[320] /home/travis/build/icyphy/ptII/ptolemy/actor/lib/test/auto/Router2.xml (RunModel)" time="3.03" />
  <testcase classname="ptolemy.util.test.junit.AutoTests" name="[321] /home/travis/build/icyphy/ptII/ptolemy/actor/lib/test/auto/RunningMaximum.xml (RunModel)" time="0.019" />
  <testcase classname="ptolemy.util.test.junit.AutoTests" name="[322] /home/travis/build/icyphy/ptII/ptolemy/actor/lib/test/auto/RunningMinimum.xml (RunModel)" time="0.022" />
  <testcase classname="ptolemy.util.test.junit.AutoTests" name="[323] /home/travis/build/icyphy/ptII/ptolemy/actor/lib/test/auto/Scale.xml (RunModel)" time="0.027" />
  <testcase classname="ptolemy.util.test.junit.AutoTests" name="[324] /home/travis/build/icyphy/ptII/ptolemy/actor/lib/test/auto/Scale2.xml (RunModel)" time="0.011" />
  <testcase classname="ptolemy.util.test.junit.AutoTests" name="[325] /home/travis/build/icyphy/ptII/ptolemy/actor/lib/test/auto/Scale3.xml (RunModel)" time="0.023" />
  <testcase classname="ptolemy.util.test.junit.AutoTests" name="[326] /home/travis/build/icyphy/ptII/ptolemy/actor/lib/test/auto/ScaleArray.xml (RunModel)" time="0.01" />
  <testcase classname="ptolemy.util.test.junit.AutoTests" name="[327] /home/travis/build/icyphy/ptII/ptolemy/actor/lib/test/auto/ScaleArray2.xml (RunModel)" time="0.012" />
  <testcase classname="ptolemy.util.test.junit.AutoTests" name="[328] /home/travis/build/icyphy/ptII/ptolemy/actor/lib/test/auto/ScaleMatrix.xml (RunModel)" time="0.192" />
  <testcase classname="ptolemy.util.test.junit.AutoTests" name="[329] /home/travis/build/icyphy/ptII/ptolemy/actor/lib/test/auto/Select.xml (RunModel)" time="0.023" />
  <testcase classname="ptolemy.util.test.junit.AutoTests" name="[330] /home/travis/build/icyphy/ptII/ptolemy/actor/lib/test/auto/Select2.xml (RunModel)" time="0.009" />
  <testcase classname="ptolemy.util.test.junit.AutoTests" name="[331] /home/travis/build/icyphy/ptII/ptolemy/actor/lib/test/auto/SequenceToArray2.xml (RunModel)" time="0.151" />
  <testcase classname="ptolemy.util.test.junit.AutoTests" name="[332] /home/travis/build/icyphy/ptII/ptolemy/actor/lib/test/auto/SequentialClock.xml (RunModel)" time="0.019" />
  <testcase classname="ptolemy.util.test.junit.AutoTests" name="[333] /home/travis/build/icyphy/ptII/ptolemy/actor/lib/test/auto/SetVariable.xml (RunModel)" time="0.013" />
  <testcase classname="ptolemy.util.test.junit.AutoTests" name="[334] /home/travis/build/icyphy/ptII/ptolemy/actor/lib/test/auto/SetVariable2.xml (RunModel)" time="0.013" />
  <testcase classname="ptolemy.util.test.junit.AutoTests" name="[335] /home/travis/build/icyphy/ptII/ptolemy/actor/lib/test/auto/SetVariable3.xml (RunModel)" time="0.019" />
  <testcase classname="ptolemy.util.test.junit.AutoTests" name="[336] /home/travis/build/icyphy/ptII/ptolemy/actor/lib/test/auto/SetVariable4.xml (RunModel)" time="0.026" />
  <testcase classname="ptolemy.util.test.junit.AutoTests" name="[337] /home/travis/build/icyphy/ptII/ptolemy/actor/lib/test/auto/SetVariable5.xml (RunModel)" time="0.038" />
  <testcase classname="ptolemy.util.test.junit.AutoTests" name="[338] /home/travis/build/icyphy/ptII/ptolemy/actor/lib/test/auto/Sinewave.xml (RunModel)" time="0.025" />
  <testcase classname="ptolemy.util.test.junit.AutoTests" name="[339] /home/travis/build/icyphy/ptII/ptolemy/actor/lib/test/auto/Sinewave2.xml (RunModel)" time="0.018" />
  <testcase classname="ptolemy.util.test.junit.AutoTests" name="[340] /home/travis/build/icyphy/ptII/ptolemy/actor/lib/test/auto/Sinewave3.xml (RunModel)" time="0.021" />
  <testcase classname="ptolemy.util.test.junit.AutoTests" name="[341] /home/travis/build/icyphy/ptII/ptolemy/actor/lib/test/auto/SingleEvent.xml (RunModel)" time="0.015" />
  <testcase classname="ptolemy.util.test.junit.AutoTests" name="[342] /home/travis/build/icyphy/ptII/ptolemy/actor/lib/test/auto/Sleep.xml (RunModel)" time="6.013" />
  <testcase classname="ptolemy.util.test.junit.AutoTests" name="[343] /home/travis/build/icyphy/ptII/ptolemy/actor/lib/test/auto/SleepMultipleFire.xml (RunModel)" time="1.016" />
  <testcase classname="ptolemy.util.test.junit.AutoTests" name="[344] /home/travis/build/icyphy/ptII/ptolemy/actor/lib/test/auto/StopDE.xml (RunModel)" time="0.017" />
  <testcase classname="ptolemy.util.test.junit.AutoTests" name="[345] /home/travis/build/icyphy/ptII/ptolemy/actor/lib/test/auto/StopSDF.xml (RunModel)" time="0.013" />
  <testcase classname="ptolemy.util.test.junit.AutoTests" name="[346] /home/travis/build/icyphy/ptII/ptolemy/actor/lib/test/auto/StringConstant.xml (RunModel)" time="0.016" />
  <testcase classname="ptolemy.util.test.junit.AutoTests" name="[347] /home/travis/build/icyphy/ptII/ptolemy/actor/lib/test/auto/SubscriberPortInitialValues1.xml (RunModel)" time="0.032" />
  <testcase classname="ptolemy.util.test.junit.AutoTests" name="[348] /home/travis/build/icyphy/ptII/ptolemy/actor/lib/test/auto/SubscriberPortInitialValues13.xml (RunModel)" time="0.03" />
  <testcase classname="ptolemy.util.test.junit.AutoTests" name="[349] /home/travis/build/icyphy/ptII/ptolemy/actor/lib/test/auto/SubscriberPortInitialValues14.xml (RunModel)" time="0.016" />
  <testcase classname="ptolemy.util.test.junit.AutoTests" name="[350] /home/travis/build/icyphy/ptII/ptolemy/actor/lib/test/auto/SubscriberPortInitialValues2.xml (RunModel)" time="0.016" />
  <testcase classname="ptolemy.util.test.junit.AutoTests" name="[351] /home/travis/build/icyphy/ptII/ptolemy/actor/lib/test/auto/SubscriberPortInitialValues3.xml (RunModel)" time="0.021" />
  <testcase classname="ptolemy.util.test.junit.AutoTests" name="[352] /home/travis/build/icyphy/ptII/ptolemy/actor/lib/test/auto/SubscriptionAggregator.xml (RunModel)" time="0.011" />
  <testcase classname="ptolemy.util.test.junit.AutoTests" name="[353] /home/travis/build/icyphy/ptII/ptolemy/actor/lib/test/auto/SubscriptionAggregator2.xml (RunModel)" time="0.012" />
  <testcase classname="ptolemy.util.test.junit.AutoTests" name="[354] /home/travis/build/icyphy/ptII/ptolemy/actor/lib/test/auto/SubscriptionAggregator3.xml (RunModel)" time="0.016" />
  <testcase classname="ptolemy.util.test.junit.AutoTests" name="[355] /home/travis/build/icyphy/ptII/ptolemy/actor/lib/test/auto/SubscriptionAggregatorMultiply.xml (RunModel)" time="0.028" />
  <testcase classname="ptolemy.util.test.junit.AutoTests" name="[356] /home/travis/build/icyphy/ptII/ptolemy/actor/lib/test/auto/SubscriptionAggregatorPortMultiply1.xml (RunModel)" time="0.014" />
  <testcase classname="ptolemy.util.test.junit.AutoTests" name="[357] /home/travis/build/icyphy/ptII/ptolemy/actor/lib/test/auto/Switch.xml (RunModel)" time="0.017" />
  <testcase classname="ptolemy.util.test.junit.AutoTests" name="[358] /home/travis/build/icyphy/ptII/ptolemy/actor/lib/test/auto/Switch2.xml (RunModel)" time="0.013" />
  <testcase classname="ptolemy.util.test.junit.AutoTests" name="[359] /home/travis/build/icyphy/ptII/ptolemy/actor/lib/test/auto/SwitchDE.xml (RunModel)" time="0.014" />
  <testcase classname="ptolemy.util.test.junit.AutoTests" name="[360] /home/travis/build/icyphy/ptII/ptolemy/actor/lib/test/auto/SynchronizerDE.xml (RunModel)" time="0.022" />
  <testcase classname="ptolemy.util.test.junit.AutoTests" name="[361] /home/travis/build/icyphy/ptII/ptolemy/actor/lib/test/auto/Test.xml (RunModel)" time="0.017" />
  <testcase classname="ptolemy.util.test.junit.AutoTests" name="[362] /home/travis/build/icyphy/ptII/ptolemy/actor/lib/test/auto/TestExceptionAttribute1.xml (RunModel)" time="0.01" />
  <testcase classname="ptolemy.util.test.junit.AutoTests" name="[363] /home/travis/build/icyphy/ptII/ptolemy/actor/lib/test/auto/TestExceptionAttribute2.xml (RunModel)" time="0.014" />
  <testcase classname="ptolemy.util.test.junit.AutoTests" name="[364] /home/travis/build/icyphy/ptII/ptolemy/actor/lib/test/auto/TestExceptionAttribute3.xml (RunModel)" time="0.006" />
  <testcase classname="ptolemy.util.test.junit.AutoTests" name="[365] /home/travis/build/icyphy/ptII/ptolemy/actor/lib/test/auto/TestExceptionAttribute4.xml (RunModel)" time="0.01" />
  <testcase classname="ptolemy.util.test.junit.AutoTests" name="[366] /home/travis/build/icyphy/ptII/ptolemy/actor/lib/test/auto/TestExceptionHandler1.xml (RunModel)" time="0.007" />
  <testcase classname="ptolemy.util.test.junit.AutoTests" name="[367] /home/travis/build/icyphy/ptII/ptolemy/actor/lib/test/auto/TestExceptionHandler2.xml (RunModel)" time="0.018" />
  <testcase classname="ptolemy.util.test.junit.AutoTests" name="[368] /home/travis/build/icyphy/ptII/ptolemy/actor/lib/test/auto/TestExceptionHandler3.xml (RunModel)" time="0.007" />
  <testcase classname="ptolemy.util.test.junit.AutoTests" name="[369] /home/travis/build/icyphy/ptII/ptolemy/actor/lib/test/auto/TestExceptionHandler4.xml (RunModel)" time="0.006" />
  <testcase classname="ptolemy.util.test.junit.AutoTests" name="[370] /home/travis/build/icyphy/ptII/ptolemy/actor/lib/test/auto/TestRequireCorrectOrder.xml (RunModel)" time="0.009" />
  <testcase classname="ptolemy.util.test.junit.AutoTests" name="[371] /home/travis/build/icyphy/ptII/ptolemy/actor/lib/test/auto/TestSimple.xml (RunModel)" time="0.011" />
  <testcase classname="ptolemy.util.test.junit.AutoTests" name="[372] /home/travis/build/icyphy/ptII/ptolemy/actor/lib/test/auto/ThrowModelError.xml (RunModel)" time="0.011" />
  <testcase classname="ptolemy.util.test.junit.AutoTests" name="[373] /home/travis/build/icyphy/ptII/ptolemy/actor/lib/test/auto/TimeDelayMicrosteps.xml (RunModel)" time="0.015" />
  <testcase classname="ptolemy.util.test.junit.AutoTests" name="[374] /home/travis/build/icyphy/ptII/ptolemy/actor/lib/test/auto/TimeDelayMicrosteps2.xml (RunModel)" time="0.018" />
  <testcase classname="ptolemy.util.test.junit.AutoTests" name="[375] /home/travis/build/icyphy/ptII/ptolemy/actor/lib/test/auto/TimeDelayMicrosteps3.xml (RunModel)" time="0.013" />
  <testcase classname="ptolemy.util.test.junit.AutoTests" name="[376] /home/travis/build/icyphy/ptII/ptolemy/actor/lib/test/auto/TimeDelayVariableMicrosteps.xml (RunModel)" time="0.011" />
  <testcase classname="ptolemy.util.test.junit.AutoTests" name="[377] /home/travis/build/icyphy/ptII/ptolemy/actor/lib/test/auto/TimeGap.xml (RunModel)" time="0.02" />
  <testcase classname="ptolemy.util.test.junit.AutoTests" name="[378] /home/travis/build/icyphy/ptII/ptolemy/actor/lib/test/auto/TimeGap2.xml (RunModel)" time="0.01" />
  <testcase classname="ptolemy.util.test.junit.AutoTests" name="[379] /home/travis/build/icyphy/ptII/ptolemy/actor/lib/test/auto/TimedSinewave.xml (RunModel)" time="0.053" />
  <testcase classname="ptolemy.util.test.junit.AutoTests" name="[380] /home/travis/build/icyphy/ptII/ptolemy/actor/lib/test/auto/TimedSinewavePhase.xml (RunModel)" time="0.03" />
  <testcase classname="ptolemy.util.test.junit.AutoTests" name="[381] /home/travis/build/icyphy/ptII/ptolemy/actor/lib/test/auto/Timer.xml (RunModel)" time="0.018" />
  <testcase classname="ptolemy.util.test.junit.AutoTests" name="[382] /home/travis/build/icyphy/ptII/ptolemy/actor/lib/test/auto/TriangularDistTestModel.xml (RunModel)" time="0.017" />
  <testcase classname="ptolemy.util.test.junit.AutoTests" name="[383] /home/travis/build/icyphy/ptII/ptolemy/actor/lib/test/auto/TrigFunction.xml (RunModel)" time="0.029" />
  <testcase classname="ptolemy.util.test.junit.AutoTests" name="[384] /home/travis/build/icyphy/ptII/ptolemy/actor/lib/test/auto/TrigFunctionDE.xml (RunModel)" time="0.01" />
  <testcase classname="ptolemy.util.test.junit.AutoTests" name="[385] /home/travis/build/icyphy/ptII/ptolemy/actor/lib/test/auto/TrigFunctionInverse.xml (RunModel)" time="0.01" />
  <testcase classname="ptolemy.util.test.junit.AutoTests" name="[386] /home/travis/build/icyphy/ptII/ptolemy/actor/lib/test/auto/TrigFunctionTan.xml (RunModel)" time="0.006" />
  <testcase classname="ptolemy.util.test.junit.AutoTests" name="[387] /home/travis/build/icyphy/ptII/ptolemy/actor/lib/test/auto/TriggeredClock.xml (RunModel)" time="0.008" />
  <testcase classname="ptolemy.util.test.junit.AutoTests" name="[388] /home/travis/build/icyphy/ptII/ptolemy/actor/lib/test/auto/URLDirectoryReader.xml (RunModel)" time="0.13" />
  <testcase classname="ptolemy.util.test.junit.AutoTests" name="[389] /home/travis/build/icyphy/ptII/ptolemy/actor/lib/test/auto/URLDirectoryReader3.xml (RunModel)" time="1.335" />
  <testcase classname="ptolemy.util.test.junit.AutoTests" name="[390] /home/travis/build/icyphy/ptII/ptolemy/actor/lib/test/auto/UnaryMathFunction.xml (RunModel)" time="0.036" />
  <testcase classname="ptolemy.util.test.junit.AutoTests" name="[391] /home/travis/build/icyphy/ptII/ptolemy/actor/lib/test/auto/Uniform.xml (RunModel)" time="0.018" />
  <testcase classname="ptolemy.util.test.junit.AutoTests" name="[392] /home/travis/build/icyphy/ptII/ptolemy/actor/lib/test/auto/UnionDisassemblerTest.xml (RunModel)" time="0.013" />
  <testcase classname="ptolemy.util.test.junit.AutoTests" name="[393] /home/travis/build/icyphy/ptII/ptolemy/actor/lib/test/auto/UtilityFunctions.xml (RunModel)" time="0.02" />
  <testcase classname="ptolemy.util.test.junit.AutoTests" name="[394] /home/travis/build/icyphy/ptII/ptolemy/actor/lib/test/auto/VariableSleep.xml (RunModel)" time="0.512" />
  <testcase classname="ptolemy.util.test.junit.AutoTests" name="[395] /home/travis/build/icyphy/ptII/ptolemy/actor/lib/test/auto/VectorAssemblerDisassemblerCT.xml (RunModel)" time="0.122" />
  <testcase classname="ptolemy.util.test.junit.AutoTests" name="[396] /home/travis/build/icyphy/ptII/ptolemy/actor/lib/test/auto/VectorAssemblerDisassemblerDE.xml (RunModel)" time="0.014" />
  <testcase classname="ptolemy.util.test.junit.AutoTests" name="[397] /home/travis/build/icyphy/ptII/ptolemy/actor/lib/test/auto/VectorAssemblerDisassemblerSDF.xml (RunModel)" time="0.018" />
  <testcase classname="ptolemy.util.test.junit.AutoTests" name="[398] /home/travis/build/icyphy/ptII/ptolemy/actor/lib/test/auto/WallClockTime.xml (RunModel)" time="1.021" />
  <testcase classname="ptolemy.util.test.junit.AutoTests" name="[399] /home/travis/build/icyphy/ptII/ptolemy/actor/lib/test/auto/WidthTestWithSubscriberPublisher.xml (RunModel)" time="0.039" />
  <testcase classname="ptolemy.util.test.junit.AutoTests" name="[400] /home/travis/build/icyphy/ptII/ptolemy/actor/lib/test/auto/WidthTestWithSubscriberPublisher2.xml (RunModel)" time="0.018" />
  <testcase classname="ptolemy.util.test.junit.AutoTests" name="[401] /home/travis/build/icyphy/ptII/ptolemy/actor/lib/test/auto/WidthTestWithSubscriberPublisher3.xml (RunModel)" time="0.014" />
  <testcase classname="ptolemy.util.test.junit.AutoTests" name="[402] /home/travis/build/icyphy/ptII/ptolemy/actor/lib/test/auto/Writer.xml (RunModel)" time="0.009" />
  <testcase classname="ptolemy.util.test.junit.AutoTests" name="[403] /home/travis/build/icyphy/ptII/ptolemy/actor/lib/test/auto/array.xml (RunModel)" time="0.009" />
  <testcase classname="ptolemy.util.test.junit.AutoTests" name="[404] /home/travis/build/icyphy/ptII/ptolemy/actor/lib/test/auto/array2.xml (RunModel)" time="0.028" />
  <testcase classname="ptolemy.util.test.junit.AutoTests" name="[405] /home/travis/build/icyphy/ptII/ptolemy/actor/lib/test/auto/arrayType.xml (RunModel)" time="0.014" />
  <testcase classname="ptolemy.util.test.junit.AutoTests" name="[406] /home/travis/build/icyphy/ptII/ptolemy/actor/lib/test/auto/arrayType10.xml (RunModel)" time="0.009" />
  <testcase classname="ptolemy.util.test.junit.AutoTests" name="[407] /home/travis/build/icyphy/ptII/ptolemy/actor/lib/test/auto/arrayType11.xml (RunModel)" time="0.008" />
  <testcase classname="ptolemy.util.test.junit.AutoTests" name="[408] /home/travis/build/icyphy/ptII/ptolemy/actor/lib/test/auto/arrayType12.xml (RunModel)" time="0.008" />
  <testcase classname="ptolemy.util.test.junit.AutoTests" name="[409] /home/travis/build/icyphy/ptII/ptolemy/actor/lib/test/auto/arrayType13.xml (RunModel)" time="0.009" />
  <testcase classname="ptolemy.util.test.junit.AutoTests" name="[410] /home/travis/build/icyphy/ptII/ptolemy/actor/lib/test/auto/arrayType14.xml (RunModel)" time="0.009" />
  <testcase classname="ptolemy.util.test.junit.AutoTests" name="[411] /home/travis/build/icyphy/ptII/ptolemy/actor/lib/test/auto/arrayType15.xml (RunModel)" time="0.01" />
  <testcase classname="ptolemy.util.test.junit.AutoTests" name="[412] /home/travis/build/icyphy/ptII/ptolemy/actor/lib/test/auto/arrayType16.xml (RunModel)" time="0.009" />
  <testcase classname="ptolemy.util.test.junit.AutoTests" name="[413] /home/travis/build/icyphy/ptII/ptolemy/actor/lib/test/auto/arrayType17.xml (RunModel)" time="0.009" />
  <testcase classname="ptolemy.util.test.junit.AutoTests" name="[414] /home/travis/build/icyphy/ptII/ptolemy/actor/lib/test/auto/arrayType18.xml (RunModel)" time="0.008" />
  <testcase classname="ptolemy.util.test.junit.AutoTests" name="[415] /home/travis/build/icyphy/ptII/ptolemy/actor/lib/test/auto/arrayType19.xml (RunModel)" time="0.008" />
  <testcase classname="ptolemy.util.test.junit.AutoTests" name="[416] /home/travis/build/icyphy/ptII/ptolemy/actor/lib/test/auto/arrayType2.xml (RunModel)" time="0.009" />
  <testcase classname="ptolemy.util.test.junit.AutoTests" name="[417] /home/travis/build/icyphy/ptII/ptolemy/actor/lib/test/auto/arrayType20.xml (RunModel)" time="0.008" />
  <testcase classname="ptolemy.util.test.junit.AutoTests" name="[418] /home/travis/build/icyphy/ptII/ptolemy/actor/lib/test/auto/arrayType21.xml (RunModel)" time="0.01" />
  <testcase classname="ptolemy.util.test.junit.AutoTests" name="[419] /home/travis/build/icyphy/ptII/ptolemy/actor/lib/test/auto/arrayType22.xml (RunModel)" time="0.008" />
  <testcase classname="ptolemy.util.test.junit.AutoTests" name="[420] /home/travis/build/icyphy/ptII/ptolemy/actor/lib/test/auto/arrayType23.xml (RunModel)" time="0.01" />
  <testcase classname="ptolemy.util.test.junit.AutoTests" name="[421] /home/travis/build/icyphy/ptII/ptolemy/actor/lib/test/auto/arrayType24.xml (RunModel)" time="0.009" />
  <testcase classname="ptolemy.util.test.junit.AutoTests" name="[422] /home/travis/build/icyphy/ptII/ptolemy/actor/lib/test/auto/arrayType25.xml (RunModel)" time="0.01" />
  <testcase classname="ptolemy.util.test.junit.AutoTests" name="[423] /home/travis/build/icyphy/ptII/ptolemy/actor/lib/test/auto/arrayType26.xml (RunModel)" time="0.009" />
  <testcase classname="ptolemy.util.test.junit.AutoTests" name="[424] /home/travis/build/icyphy/ptII/ptolemy/actor/lib/test/auto/arrayType27.xml (RunModel)" time="0.009" />
  <testcase classname="ptolemy.util.test.junit.AutoTests" name="[425] /home/travis/build/icyphy/ptII/ptolemy/actor/lib/test/auto/arrayType28.xml (RunModel)" time="0.009" />
  <testcase classname="ptolemy.util.test.junit.AutoTests" name="[426] /home/travis/build/icyphy/ptII/ptolemy/actor/lib/test/auto/arrayType3.xml (RunModel)" time="0.02" />
  <testcase classname="ptolemy.util.test.junit.AutoTests" name="[427] /home/travis/build/icyphy/ptII/ptolemy/actor/lib/test/auto/arrayType4.xml (RunModel)" time="0.009" />
  <testcase classname="ptolemy.util.test.junit.AutoTests" name="[428] /home/travis/build/icyphy/ptII/ptolemy/actor/lib/test/auto/arrayType5.xml (RunModel)" time="0.015" />
  <testcase classname="ptolemy.util.test.junit.AutoTests" name="[429] /home/travis/build/icyphy/ptII/ptolemy/actor/lib/test/auto/arrayType6.xml (RunModel)" time="0.009" />
  <testcase classname="ptolemy.util.test.junit.AutoTests" name="[430] /home/travis/build/icyphy/ptII/ptolemy/actor/lib/test/auto/arrayType7.xml (RunModel)" time="0.009" />
  <testcase classname="ptolemy.util.test.junit.AutoTests" name="[431] /home/travis/build/icyphy/ptII/ptolemy/actor/lib/test/auto/arrayType8.xml (RunModel)" time="0.022" />
  <testcase classname="ptolemy.util.test.junit.AutoTests" name="[432] /home/travis/build/icyphy/ptII/ptolemy/actor/lib/test/auto/arrayType9.xml (RunModel)" time="0.008" />
  <testcase classname="ptolemy.util.test.junit.AutoTests" name="[433] /home/travis/build/icyphy/ptII/ptolemy/actor/lib/test/auto/cast.xml (RunModel)" time="0.009" />
  <testcase classname="ptolemy.util.test.junit.AutoTests" name="[434] /home/travis/build/icyphy/ptII/ptolemy/actor/lib/test/auto/compositeMultiPort.xml (RunModel)" time="0.018" />
  <testcase classname="ptolemy.util.test.junit.AutoTests" name="[435] /home/travis/build/icyphy/ptII/ptolemy/actor/lib/test/auto/expressionCastInference.xml (RunModel)" time="0.009" />
  <testcase classname="ptolemy.util.test.junit.AutoTests" name="[436] /home/travis/build/icyphy/ptII/ptolemy/actor/lib/test/auto/expressionCastInference2.xml (RunModel)" time="0.007" />
  <testcase classname="ptolemy.util.test.junit.AutoTests" name="[437] /home/travis/build/icyphy/ptII/ptolemy/actor/lib/test/auto/expressionInference.xml (RunModel)" time="0.006" />
  <testcase classname="ptolemy.util.test.junit.AutoTests" name="[438] /home/travis/build/icyphy/ptII/ptolemy/actor/lib/test/auto/expression_bug.xml (RunModel)" time="0.009" />
  <testcase classname="ptolemy.util.test.junit.AutoTests" name="[439] /home/travis/build/icyphy/ptII/ptolemy/actor/lib/test/auto/factorial.xml (RunModel)" time="0.072" />
  <testcase classname="ptolemy.util.test.junit.AutoTests" name="[440] /home/travis/build/icyphy/ptII/ptolemy/actor/lib/test/auto/filterTest1.xml (RunModel)" time="0.013" />
  <testcase classname="ptolemy.util.test.junit.AutoTests" name="[441] /home/travis/build/icyphy/ptII/ptolemy/actor/lib/test/auto/funcApplyInConst.xml (RunModel)" time="0.007" />
  <testcase classname="ptolemy.util.test.junit.AutoTests" name="[442] /home/travis/build/icyphy/ptII/ptolemy/actor/lib/test/auto/funcApplyInExpr.xml (RunModel)" time="0.005" />
  <testcase classname="ptolemy.util.test.junit.AutoTests" name="[443] /home/travis/build/icyphy/ptII/ptolemy/actor/lib/test/auto/function.xml (RunModel)" time="0.014" />
  <testcase classname="ptolemy.util.test.junit.AutoTests" name="[444] /home/travis/build/icyphy/ptII/ptolemy/actor/lib/test/auto/function2.xml (RunModel)" time="0.035" />
  <testcase classname="ptolemy.util.test.junit.AutoTests" name="[445] /home/travis/build/icyphy/ptII/ptolemy/actor/lib/test/auto/function3.xml (RunModel)" time="0.038" />
  <testcase classname="ptolemy.util.test.junit.AutoTests" name="[446] /home/travis/build/icyphy/ptII/ptolemy/actor/lib/test/auto/functionClosureTest1.xml (RunModel)" time="0.012" />
  <testcase classname="ptolemy.util.test.junit.AutoTests" name="[447] /home/travis/build/icyphy/ptII/ptolemy/actor/lib/test/auto/functionClosureTest2.xml (RunModel)" time="0.007" />
  <testcase classname="ptolemy.util.test.junit.AutoTests" name="[448] /home/travis/build/icyphy/ptII/ptolemy/actor/lib/test/auto/functionClosureTest3.xml (RunModel)" time="0.039" />
  <testcase classname="ptolemy.util.test.junit.AutoTests" name="[449] /home/travis/build/icyphy/ptII/ptolemy/actor/lib/test/auto/functionClosureTest4.xml (RunModel)" time="0.026" />
  <testcase classname="ptolemy.util.test.junit.AutoTests" name="[450] /home/travis/build/icyphy/ptII/ptolemy/actor/lib/test/auto/functionClosureTest5.xml (RunModel)" time="0.034" />
  <testcase classname="ptolemy.util.test.junit.AutoTests" name="[451] /home/travis/build/icyphy/ptII/ptolemy/actor/lib/test/auto/functionClosureTest6.xml (RunModel)" time="0.024" />
  <testcase classname="ptolemy.util.test.junit.AutoTests" name="[452] /home/travis/build/icyphy/ptII/ptolemy/actor/lib/test/auto/functionsOnArcs.xml (RunModel)" time="0.025" />
  <testcase classname="ptolemy.util.test.junit.AutoTests" name="[453] /home/travis/build/icyphy/ptII/ptolemy/actor/lib/test/auto/functionsOnArcsHOF.xml (RunModel)" time="0.039" />
  <testcase classname="ptolemy.util.test.junit.AutoTests" name="[454] /home/travis/build/icyphy/ptII/ptolemy/actor/lib/test/auto/logic.xml (RunModel)" time="0.021" />
  <testcase classname="ptolemy.util.test.junit.AutoTests" name="[455] /home/travis/build/icyphy/ptII/ptolemy/actor/lib/test/auto/matrixType.xml (RunModel)" time="0.008" />
  <testcase classname="ptolemy.util.test.junit.AutoTests" name="[456] /home/travis/build/icyphy/ptII/ptolemy/actor/lib/test/auto/matrixType10.xml (RunModel)" time="0.009" />
  <testcase classname="ptolemy.util.test.junit.AutoTests" name="[457] /home/travis/build/icyphy/ptII/ptolemy/actor/lib/test/auto/matrixType11.xml (RunModel)" time="0.008" />
  <testcase classname="ptolemy.util.test.junit.AutoTests" name="[458] /home/travis/build/icyphy/ptII/ptolemy/actor/lib/test/auto/matrixType12.xml (RunModel)" time="0.011" />
  <testcase classname="ptolemy.util.test.junit.AutoTests" name="[459] /home/travis/build/icyphy/ptII/ptolemy/actor/lib/test/auto/matrixType13.xml (RunModel)" time="0.009" />
  <testcase classname="ptolemy.util.test.junit.AutoTests" name="[460] /home/travis/build/icyphy/ptII/ptolemy/actor/lib/test/auto/matrixType14.xml (RunModel)" time="0.011" />
  <testcase classname="ptolemy.util.test.junit.AutoTests" name="[461] /home/travis/build/icyphy/ptII/ptolemy/actor/lib/test/auto/matrixType2.xml (RunModel)" time="0.009" />
  <testcase classname="ptolemy.util.test.junit.AutoTests" name="[462] /home/travis/build/icyphy/ptII/ptolemy/actor/lib/test/auto/matrixType3.xml (RunModel)" time="0.01" />
  <testcase classname="ptolemy.util.test.junit.AutoTests" name="[463] /home/travis/build/icyphy/ptII/ptolemy/actor/lib/test/auto/matrixType4.xml (RunModel)" time="0.008" />
  <testcase classname="ptolemy.util.test.junit.AutoTests" name="[464] /home/travis/build/icyphy/ptII/ptolemy/actor/lib/test/auto/matrixType5.xml (RunModel)" time="0.007" />
  <testcase classname="ptolemy.util.test.junit.AutoTests" name="[465] /home/travis/build/icyphy/ptII/ptolemy/actor/lib/test/auto/matrixType6.xml (RunModel)" time="0.009" />
  <testcase classname="ptolemy.util.test.junit.AutoTests" name="[466] /home/travis/build/icyphy/ptII/ptolemy/actor/lib/test/auto/matrixType7.xml (RunModel)" time="0.009" />
  <testcase classname="ptolemy.util.test.junit.AutoTests" name="[467] /home/travis/build/icyphy/ptII/ptolemy/actor/lib/test/auto/matrixType8.xml (RunModel)" time="0.009" />
  <testcase classname="ptolemy.util.test.junit.AutoTests" name="[468] /home/travis/build/icyphy/ptII/ptolemy/actor/lib/test/auto/matrixType9.xml (RunModel)" time="0.007" />
  <testcase classname="ptolemy.util.test.junit.AutoTests" name="[469] /home/travis/build/icyphy/ptII/ptolemy/actor/lib/test/auto/paraFunctest.xml (RunModel)" time="0.007" />
  <testcase classname="ptolemy.util.test.junit.AutoTests" name="[470] /home/travis/build/icyphy/ptII/ptolemy/actor/lib/test/auto/paraFunctest2.xml (RunModel)" time="0.012" />
  <testcase classname="ptolemy.util.test.junit.AutoTests" name="[471] /home/travis/build/icyphy/ptII/ptolemy/actor/lib/test/auto/parameterPassing.xml (RunModel)" time="0.008" />
  <testcase classname="ptolemy.util.test.junit.AutoTests" name="[472] /home/travis/build/icyphy/ptII/ptolemy/actor/lib/test/auto/record.xml (RunModel)" time="0.009" />
  <testcase classname="ptolemy.util.test.junit.AutoTests" name="[473] /home/travis/build/icyphy/ptII/ptolemy/actor/lib/test/auto/sizedarray1.xml (RunModel)" time="0.01" />
  <testcase classname="ptolemy.util.test.junit.AutoTests" name="[474] /home/travis/build/icyphy/ptII/ptolemy/actor/lib/test/auto/sizedarray2.xml (RunModel)" time="0.009" />
  <testcase classname="ptolemy.util.test.junit.AutoTests" name="[475] /home/travis/build/icyphy/ptII/ptolemy/actor/lib/test/auto/twoPublishers.xml (RunModel)" time="0.025" />
  <system-out><![CDATA[/home/travis/build/icyphy/ptII/ptolemy/actor/lib/test/AbsoluteValue.tcl
testDefs.tcl: setting time out to 9000 seconds at Tue Jul 09 04:51:37 UTC 2019
110 ms. Memory: 120832K Free: 100098K (83%)
12 ms. Memory: 120832K Free: 98374K (81%)
9 ms. Memory: 120832K Free: 97475K (81%)
9 ms. Memory: 120832K Free: 96727K (80%)
/home/travis/build/icyphy/ptII/ptolemy/actor/lib/test/AddSubtract.tcl
15 ms. Memory: 120832K Free: 107475K (89%)
15 ms. Memory: 120832K Free: 106905K (88%)
17 ms. Memory: 120832K Free: 106284K (88%)
19 ms. Memory: 120832K Free: 105451K (87%)
88 ms. Memory: 120832K Free: 102408K (85%)
11 ms. Memory: 120832K Free: 101755K (84%)
/home/travis/build/icyphy/ptII/ptolemy/actor/lib/test/Average.tcl
9 ms. Memory: 120832K Free: 100339K (83%)
15 ms. Memory: 120832K Free: 98713K (82%)
/home/travis/build/icyphy/ptII/ptolemy/actor/lib/test/Bernoulli.tcl
8 ms. Memory: 120832K Free: 97251K (80%)
10 ms. Memory: 120832K Free: 96651K (80%)
/home/travis/build/icyphy/ptII/ptolemy/actor/lib/test/Clock.tcl
preinitializing
resolving types
initializing
executing number 1
wrapping up
idle
46 ms. Memory: 120832K Free: 94198K (78%)
Completed execution with 5 iterations
preinitializing
resolving types
initializing
executing number 1
wrapping up
idle
7 ms. Memory: 120832K Free: 93193K (77%)
Completed execution with 5 iterations
preinitializing
resolving types
initializing
executing number 1
wrapping up
idle
10 ms. Memory: 120832K Free: 92539K (77%)
Completed execution with 5 iterations
/home/travis/build/icyphy/ptII/ptolemy/actor/lib/test/Commutator.tcl
12 ms. Memory: 120832K Free: 90924K (75%)
14 ms. Memory: 120832K Free: 89467K (74%)


==== $PTII/ptolemy/actor/lib/test/Commutator.tcl: Commutator-4.1 run with mutations
==== Contents of test case:

    # Grab stdout and put it into results
    jdkCapture {
	$m addChangeListener  [java::new ptolemy.kernel.util.StreamChangeListener]

	set dir [$e0 getDirector]
	#	$dir addDebugListener  #		[java::new ptolemy.kernel.util.StreamListener]
	$m initialize
	$m iterate
	set c1 [java::new ptolemy.moml.MoMLChangeRequest $e0 $e0  {<deleteEntity name="ramp1"/>}]
	set c2 [java::new ptolemy.moml.MoMLChangeRequest $e0 $e0  {<deleteRelation name="r1"/>}]
	$e0 requestChange $c1
	$e0 requestChange $c2
	$m iterate
	$m wrapup
    } results
    # The MoML within <group> ...</group> comes 
    # from SDFScheduler._setBufferSize
    list $results  [enumToTokenValues [$rec getRecord 0]]

==== Result was:
{} {0 0 1}
---- Result should have been:
{StreamChangeRequest.changeExecuted(): <deleteEntity name="ramp1"/> succeeded
StreamChangeRequest.changeExecuted(): <deleteRelation name="r1"/> succeeded
StreamChangeRequest.changeExecuted(): Record firings per iteration succeeded
} {0 0 1}
---- Commutator-4.1 FAILED
10 ms. Memory: 180224K Free: 162755K (90%)
/home/travis/build/icyphy/ptII/ptolemy/actor/lib/test/Const.tcl
5 ms. Memory: 180224K Free: 160707K (89%)
2 ms. Memory: 180224K Free: 160179K (89%)
4 ms. Memory: 180224K Free: 159683K (89%)
2 ms. Memory: 180224K Free: 159155K (88%)
2 ms. Memory: 180224K Free: 158659K (88%)
15 ms. Memory: 180224K Free: 157121K (87%)
6 ms. Memory: 180224K Free: 156083K (87%)
4 ms. Memory: 180224K Free: 155059K (86%)
/home/travis/build/icyphy/ptII/ptolemy/actor/lib/test/CurrentTime.tcl
preinitializing
resolving types
initializing
executing number 1
wrapping up
idle
9 ms. Memory: 180224K Free: 153011K (85%)
Completed execution with 11 iterations
/home/travis/build/icyphy/ptII/ptolemy/actor/lib/test/DB.tcl
9 ms. Memory: 180224K Free: 151491K (84%)
7 ms. Memory: 180224K Free: 150963K (84%)
3 ms. Memory: 180224K Free: 150467K (83%)
/home/travis/build/icyphy/ptII/ptolemy/actor/lib/test/DiscreteRandomSource.tcl
preinitializing
resolving types
initializing
executing number 1
wrapping up
idle
9 ms. Memory: 180224K Free: 148915K (83%)
Completed execution with 4 iterations
preinitializing
resolving types
initializing
executing number 1
wrapping up
idle
2 ms. Memory: 180224K Free: 148419K (82%)
Completed execution with 4 iterations
preinitializing
resolving types
initializing
executing number 1
wrapping up
idle
5 ms. Memory: 180224K Free: 148419K (82%)
Completed execution with 4 iterations
preinitializing
resolving types
initializing
executing number 1
wrapping up
idle
17 ms. Memory: 180224K Free: 147905K (82%)
Completed execution with 4 iterations
preinitializing
resolving types
initializing
executing number 1
wrapping up
idle
11 ms. Memory: 180224K Free: 147395K (82%)
Completed execution with 4 iterations
/home/travis/build/icyphy/ptII/ptolemy/actor/lib/test/Distributor.tcl
14 ms. Memory: 180224K Free: 145827K (81%)
12 ms. Memory: 180224K Free: 144833K (80%)
StreamChangeRequest.changeExecuted(): <deleteEntity name="rec2"/> succeeded
StreamChangeRequest.changeExecuted(): <deleteRelation name="r2"/> succeeded
StreamChangeRequest.changeExecuted(): Record firings per iteration succeeded
22 ms. Memory: 180224K Free: 142275K (79%)
/home/travis/build/icyphy/ptII/ptolemy/actor/lib/test/Exit.tcl
Exit.tcl: this will print a message about Manager.exitAfterWrapup, which can be ignored.
8 ms. Memory: 180224K Free: 139553K (77%)
/home/travis/build/icyphy/ptII/ptolemy/actor/lib/test/Expression.tcl
25 ms. Memory: 180224K Free: 135617K (75%)
13 ms. Memory: 180224K Free: 135107K (75%)
17 ms. Memory: 180224K Free: 165933K (92%)
preinitializing
resolving types
initializing
executing number 1
wrapping up
idle
6 ms. Memory: 180224K Free: 163978K (91%)
Completed execution with 6 iterations
4 ms. Memory: 180224K Free: 163468K (91%)
3 ms. Memory: 180224K Free: 162444K (90%)
5 ms. Memory: 180224K Free: 161420K (90%)
4 ms. Memory: 180224K Free: 160396K (89%)
4 ms. Memory: 180224K Free: 158858K (88%)
/home/travis/build/icyphy/ptII/ptolemy/actor/lib/test/Gaussian.tcl
9 ms. Memory: 180224K Free: 157324K (87%)
sleeping 1 seconds: ...............................................................................................................................................................................................................................................................................................................................................................................................................................................................................................................................................................................................................................................................................................................................................................................................................................................................................................................................................................................................................................................................................................................................................................................................................................................................................................................................................................................................................................................................................................................................................................................................................................................................................................................................................................................................................................................................................................................................................................................................................................................................................................................................................................................................................................................................................................................................................................................................................................................................................................................................................................................................................................................................................................................................................................................................................................................................................................................................................................................................................................................................................................................................................................................................................................................................................................................................................................................................................................................................................................................................................................................................................................................................................................................................................................................................................................................................................................................................................................................................................................................................................................................................................................................................................................................................................................................................................................................................................................................................................................................................................................................................................................................................................................................................................................................................................................................................................................................................................................................................................................................................................................................................................................................................................................................................................................................................................................................................................................................................................................................................................................................................................................................................................................................................................................................................................................................................................................................................................................................................................................................................................................................................................................................................................................................................................................................................................................................................................................................................................................................................................................................................................................................................................................................................................................................................................................................................................................................................................................................................................................................................................................................................................................................................................................................................................................................................................................................................................................................................................................................................................................................................................................................................................................................................................................................................................................................................................................................................................................................................................................................................................................................................................................................................................................................................................................................................................................................................................................................................................................................................................................................................................................................................................................................................................................................................................................................................................................................................................................................................................................................................................................................................................................................................................................................................................................................................................................................................................................................................................................................................................................................................................................................................................................................................................................................................................................................................................................................................................................................................................................................................................................................................................................................................................................................................................................................................................................................................................................................................................................................................................................................................................................................................................................................................................................................................................................................................................................................................................................................................................................................................................................................................................................................................................................................................................................................................................................................................................................................................................................................................................................................................................................................................................................................................................................................................................................................................................................................................................................................................................................................................................................................................................................................................................................................................................................................................................................................................................................................................................................................................................................................................................................................................................................................................................................................................................................................................................................................................................................................................................................................................................................................................................................................................................................................................................................................................................................................................................................................................................................................................................................................................................................................................................................................................................................................................................................................................................................................................................................................................................................................................................................................................................................................................................................................................................................................................................................................................................................................................................................................................................................................................................................................................................................................................................................................................................................................................................................................................................................................................................................................................................................................................................................................................................................................................................................................................................................................................................................................................................................................................................................................................................................................................................................................................................................................................................................................................................................................................................................................................................................................................................................................................................................................................................................................................................................................................................................................................................................................................................................................................................................................................................................................................................................................................................................................................................................................................................................................................................................................................................................................................................................................................................................................................................................................................................................................................................................................................................................................................................................................................................................................................................................................................................................................................................................................................................................................................................................................................................................................................................................................................................................................................................................................................................................................................................................................................................................................................................................................................................................................................................................................................................................................................................................................................................................................................................................................................................................................................................................................................................................................................................................................................................................................................................................................................................................................................................................................................................................................................................................................................................................................................................................................................................................................................................................................................................................................................................................................................................................................................................................................................................................................................................................................................................................................................................................................................................................................................................................................................................................................................................................................................................................................................................................................................................................................................................................................................................................................................................................................................................................................................................................................................................................................................................................................................................................................................................................................................................................................................................................................................................................................................................................................................................................................................................................................................................................................................................................................................................................................................................................................................................................................................................................................................................................................................................................................................................................................................................................................................................................................................................................................................................................................................................................................................................................................................................................................................................................................................................................................................................................................................................................................................................................................................................................................................................................................................................................................................................................................................................................................................................................................................................................................................................................................................................................................................................................................................................................................................................................................................................................................................................................................................................................................................................................................................................................................................................................................................................................................................................................................................................................................................................................................................................................................................................................................................................................................................................................................................................................................................................................................................................................................................................................................................................................................................................................................................................................................................................................................................................................................................................................................................................................................................................................................................................................................................................................................................................................................................................................................................................................................................................................................................................................................................................................................................................................................................................................................................................................................................................................................................................................................................................................................................................................................................................................................................................................................................................................................................................................................................................................................................................................................................................................................................................................................................................................................................................................................................................................................................................................................................................................................................................................................................................................................................................................................................................................................................................................................................................................................................................................................................................................................................................................................................................................................................................................................................................................................................................................................................................................................................................................................................................................................................................................................................................................................................................................................................................................................................................................................................................................................................................................................................................................................................................................................................................................................................................................................................................................................................................................................................................................................................................................................................................................................................................................................................................................................................................................................................................................................................................................................................................................................................................................................................................................................................................................................................................................................................................................................................................................................................................................................................................................................................................................................................................................................................................................................................................................................................................................................................................................................................................................................................................................................................................................................................................................................................................................................................................................................................................................................................................................................................................................................................................................................................................................................................................................................................................................................................................................................................................................................................................................................................................................................................................................................................................................................................................................................................................................................................................................................................................................................................................................................................................................................................................................................................................................................................................................................................................................................................................................................................................................................................................................................................................................................................................................................................................................................................................................................................................................................................................................................................................................................................................................................................................................................................................................................................................................................................................................................................................................................................................................................................................................................................................................................................................................................................................................................................................................................................................................................................................................................................................................................................................................................................................................................................................................................................................................................................................................................................................................................................................................................................................................................................................................................................................................................................................................................................................................................................................................................................................................................................................................................................................................................................................................................................................................................................................................................................................................................................................................................................................................................................................................................................................................................................................................................................................................................................................................................................................................................................................................................................................................................................................................................................................................................................................................................................................................................................................................................................................................................................................................................................................................................................................................................................................................................................................................................................................................................................................................................................................................................................................................................................................................................................................................................................................................................................................................................................................................................................................................................................................................................................................................................................................................................................................................................................................................................................................................................................................................................................................................................................................................................................................................................................................................................................................................................................................................................................................................................................................................................................................................................................................................................................................................................................................................................................................................................................................................................................................................................................................................................................................................................................................................................................................................................................................................................................................................................................................................................................................................................................................................................................................................................................................................................................................................................................................................................................................................................................................................................................................................................................................................................................................................................................................................................................................................................................................................................................................................................................................................................................................................................................................................................................................................................................................................................................................................................................................................................................................................................................................................................................................................................................................................................................................................................................................................................................................................................................................................................................................................................................................................................................................................................................................................................................................................................................................................................................................................................................................................................................................................................................................................................................................................................................................................................................................................................................................................................................................................................................................................................................................................................................................................................................................................................................................................................................................................................................................................................................................................................................................................................................................................................................................................................................................................................................................................................................................................................................................................................................................................................................................................................................................................................................................................................................................................................................................................................................................................................................................................................................................................................................................................................................................................................................................................................................................................................................................................................................................................................................................................................................................................................................................................................................................................................................................................................................................................................................................................................................................................................................................................................................................................................................................................................................................................................................................................................................................................................................................................................................................................................................................................................................................................................................................................................................................................................................................................................................................................................................................................................................................................................................................................................................................................................................................................................................................................................................................................................................................................................................................................................................................................................................................................................................................................................................................................................................................................................................................................................................................................................................................................................................................................................................................................................................................................................................................................................................................................................................................................................................................................................................................................................................................................................................................................................................................................................................................................................................................................................................................................................................................................................................................................................................................................................................................................................................................................................................................................................................................................................................................................................................................................................................................................................................................................................................................................................................................................................................................................................................................................................................................................................................................................................................................................................................................................................................................................................................................................................................................................................................................................................................................................................................................................................................................................................................................................................................................................................................................................................................................................................................................................................................................................................................................................................................................................................................................................................................................................................................................................................................................................................................................................................................................................................................................................................................................................................................................................................................................................................................................................................................................................................................................................................................................................................................................................................................................................................................................................................................................................................................................................................................................................................................................................................................................................................................................................................................................................................................................................................................................................................................................................................................................................................................................................................................................................................................................................................................................................................................4 ms. Memory: 180224K Free: 109601K (61%)
4 ms. Memory: 180224K Free: 108591K (60%)
2 ms. Memory: 180224K Free: 108081K (60%)
4 ms. Memory: 180224K Free: 107474K (60%)
3 ms. Memory: 180224K Free: 107057K (59%)
/home/travis/build/icyphy/ptII/ptolemy/actor/lib/test/IIR.tcl
/home/travis/build/icyphy/ptII/ptolemy/actor/lib/test/Interpolator.tcl
5 ms. Memory: 180224K Free: 102961K (57%)
2 ms. Memory: 180224K Free: 102433K (57%)
5 ms. Memory: 180224K Free: 101937K (57%)
2 ms. Memory: 180224K Free: 101409K (56%)
11 ms. Memory: 180224K Free: 100368K (56%)
2 ms. Memory: 180224K Free: 99889K (55%)
7 ms. Memory: 180224K Free: 98865K (55%)
7 ms. Memory: 180224K Free: 97841K (54%)
2 ms. Memory: 180224K Free: 97321K (54%)
3 ms. Memory: 180224K Free: 96297K (53%)
/home/travis/build/icyphy/ptII/ptolemy/actor/lib/test/MathFunction.tcl
5 ms. Memory: 180224K Free: 94249K (52%)
11 ms. Memory: 180224K Free: 93231K (52%)
2 ms. Memory: 180224K Free: 92193K (51%)
11 ms. Memory: 180224K Free: 91152K (51%)
4 ms. Memory: 180224K Free: 89649K (50%)
12 ms. Memory: 180224K Free: 88097K (49%)
/home/travis/build/icyphy/ptII/ptolemy/actor/lib/test/Maximum.tcl
6 ms. Memory: 180224K Free: 86057K (48%)
10 ms. Memory: 180224K Free: 85553K (47%)
2 ms. Memory: 180224K Free: 84529K (47%)
5 ms. Memory: 180224K Free: 84001K (47%)
/home/travis/build/icyphy/ptII/ptolemy/actor/lib/test/Minimum.tcl
10 ms. Memory: 180224K Free: 82481K (46%)
5 ms. Memory: 180224K Free: 81457K (45%)
3 ms. Memory: 180224K Free: 80929K (45%)
3 ms. Memory: 180224K Free: 80433K (45%)
/home/travis/build/icyphy/ptII/ptolemy/actor/lib/test/MultiplyDivide.tcl
12 ms. Memory: 180224K Free: 78385K (43%)
10 ms. Memory: 180224K Free: 77840K (43%)
2 ms. Memory: 180224K Free: 76841K (43%)
6 ms. Memory: 180224K Free: 76337K (42%)
4 ms. Memory: 180224K Free: 75809K (42%)
/home/travis/build/icyphy/ptII/ptolemy/actor/lib/test/OrderedMerge.tcl
Connections changed on port: inputA
Connections changed on port: inputB
Connections changed on port: output
Connections changed on port: output
Connections changed on port: output
Connections changed on port: input
.top. Preinitializing ...
Invoking preinitialize():  .top.OrderedMerge
Called preinitialize()
Invoking preinitialize():  .top.Ramp
Called preinitialize()
Invoking preinitialize():  .top.Ramp2
Called preinitialize()
Invoking preinitialize():  .top.Test
Called preinitialize()
Connections changed on port: inputA
Connections changed on port: output
Connections changed on port: output
Connections changed on port: input
Connections changed on port: inputB
Connections changed on port: output
.top. Finished preinitialize().
Called initialize().
Invoking initialize():  .top.OrderedMerge
Initializing actor: .top.OrderedMerge
Adding a thread: .top.OrderedMerge
Invoking initialize():  .top.Ramp
Initializing actor: .top.Ramp
Adding a thread: .top.Ramp
Invoking initialize():  .top.Ramp2
Initializing actor: .top.Ramp2
Adding a thread: .top.Ramp2
Invoking initialize():  .top.Test
Initializing actor: .top.Test
Adding a thread: .top.Test
Called fire().
Checking for deadlock:
-- Starting thread.
Called initialize()
Called prefire()
Called fire()
-- Starting thread.
Called initialize()
Called prefire()
Called fire()
There are 0 Blocked actors, 0 Stopped actors, and 4 active threads.
Waiting for actors to stop.
Called postfire()
Called prefire()
Called fire()
-- Starting thread.
Called initialize()
Called prefire()
Called fire()
Called postfire()
Called prefire()
Called fire()
-- Starting thread.
Called initialize()
Called prefire()
Called fire()
Read input token from inputA with value 0.0
Next port to read input from is inputB
Called postfire()
Called prefire()
Called fire()
Read input token from inputB with value 0.0
Sent output token with value 0.0
Next port to read input from is inputA
Called postfire()
Called prefire()
Called fire()
Checking for deadlock:
There are 1 Blocked actors, 0 Stopped actors, and 4 active threads.
Waiting for actors to stop.
Called postfire()
Called prefire()
Called fire()
Called postfire()
Called prefire()
Called fire()
-- Read input: 0.0, which is expected to match: 0.0
Called prefire()
Called fire()
Checking for deadlock:
There are 3 Blocked actors, 0 Stopped actors, and 4 active threads.
Waiting for actors to stop.
Read input token from inputA with value 1.0
Sent output token with value 0.0
Next port to read input from is inputB
Called postfire()
Called prefire()
Called fire()
Read input token from inputB with value 1.5
Checking for deadlock:
There are 1 Blocked actors, 0 Stopped actors, and 4 active threads.
Waiting for actors to stop.
Called postfire()
Called prefire()
Called fire()
Called postfire()
Called prefire()
Called fire()
-- Read input: 0.0, which is expected to match: 0.0
Called prefire()
Called fire()
Checking for deadlock:
There are 3 Blocked actors, 0 Stopped actors, and 4 active threads.
Waiting for actors to stop.
-- Read input: 1.0, which is expected to match: 1.0
Called prefire()
Called fire()
Sent output token with value 1.0
Next port to read input from is inputA
Called postfire()
Called prefire()
Called fire()
Read input token from inputA with value 2.0
Sent output token with value 1.5
Next port to read input from is inputB
Called postfire()
Called prefire()
Called fire()
Read input token from inputB with value 3.0
Checking for deadlock:
There are 1 Blocked actors, 0 Stopped actors, and 4 active threads.
Waiting for actors to stop.
Called postfire()
Called prefire()
Called fire()
Called postfire()
Called prefire()
Called fire()
-- Read input: 1.5, which is expected to match: 1.5
Called prefire()
Called fire()
Checking for deadlock:
There are 3 Blocked actors, 0 Stopped actors, and 4 active threads.
Waiting for actors to stop.
-- Read input: 2.0, which is expected to match: 2.0
Called prefire()
Called fire()
Sent output token with value 2.0
Next port to read input from is inputA
Called postfire()
Called prefire()
Called fire()
Read input token from inputA with value 3.0
Sent output token with value 3.0
Next port to read input from is inputB
Called postfire()
Called prefire()
Called fire()
Read input token from inputB with value 4.5
Checking for deadlock:
There are 1 Blocked actors, 0 Stopped actors, and 4 active threads.
Waiting for actors to stop.
Called postfire()
Called prefire()
Called fire()
Called postfire()
Called prefire()
Called fire()
-- Read input: 3.0, which is expected to match: 3.0
Called prefire()
Called fire()
Checking for deadlock:
There are 3 Blocked actors, 0 Stopped actors, and 4 active threads.
Waiting for actors to stop.
-- Read input: 3.0, which is expected to match: 3.0
Called prefire()
Called fire()
Sent output token with value 3.0
Next port to read input from is inputA
Called postfire()
Called prefire()
Called fire()
Read input token from inputA with value 4.0
Sent output token with value 4.0
Next port to read input from is inputA
Called postfire()
Called prefire()
Called fire()
Checking for deadlock:
There are 2 Blocked actors, 0 Stopped actors, and 4 active threads.
Waiting for actors to stop.
Called postfire()
Called prefire()
Called fire()
-- Read input: 4.0, which is expected to match: 4.0
Called prefire()
Called fire()
Past the end of training data. Read and discard all inputs.
Checking for deadlock:
There are 3 Blocked actors, 0 Stopped actors, and 4 active threads.
Waiting for actors to stop.
Called postfire()
Called prefire()
Called fire()
Checking for deadlock:
There are 3 Blocked actors, 0 Stopped actors, and 4 active threads.
Waiting for actors to stop.
Read input token from inputA with value 5.0
Called prefire()
Called fire()
Past the end of training data. Read and discard all inputs.
Checking for deadlock:
There are 3 Blocked actors, 0 Stopped actors, and 4 active threads.
Waiting for actors to stop.
Sent output token with value 4.5
Next port to read input from is inputB
Called postfire()
Called prefire()
Called fire()
Called postfire()
Called prefire()
Called fire()
Checking for deadlock:
There are 3 Blocked actors, 0 Stopped actors, and 4 active threads.
Waiting for actors to stop.
Read input token from inputB with value 6.0
Called prefire()
Called fire()
Past the end of training data. Read and discard all inputs.
Checking for deadlock:
There are 3 Blocked actors, 0 Stopped actors, and 4 active threads.
Waiting for actors to stop.
Sent output token with value 5.0
Next port to read input from is inputA
Called postfire()
Called prefire()
Called fire()
Checking for deadlock:
There are 2 Blocked actors, 0 Stopped actors, and 4 active threads.
Waiting for actors to stop.
Called postfire()
Called prefire()
Called fire()
Checking for deadlock:
There are 3 Blocked actors, 0 Stopped actors, and 4 active threads.
Waiting for actors to stop.
Read input token from inputA with value 6.0
Checking for deadlock:
There are 2 Blocked actors, 0 Stopped actors, and 4 active threads.
Waiting for actors to stop.
Called prefire()
Called fire()
Past the end of training data. Read and discard all inputs.
Checking for deadlock:
There are 3 Blocked actors, 0 Stopped actors, and 4 active threads.
Waiting for actors to stop.
Sent output token with value 6.0
Next port to read input from is inputB
Called postfire()
Called prefire()
Called fire()
Called postfire()
Called prefire()
Called fire()
Checking for deadlock:
There are 3 Blocked actors, 0 Stopped actors, and 4 active threads.
Waiting for actors to stop.
Read input token from inputB with value 7.5
Called prefire()
Called fire()
Past the end of training data. Read and discard all inputs.
Checking for deadlock:
There are 3 Blocked actors, 0 Stopped actors, and 4 active threads.
Waiting for actors to stop.
Sent output token with value 6.0
Next port to read input from is inputA
Called postfire()
Called prefire()
Called fire()
Checking for deadlock:
There are 2 Blocked actors, 0 Stopped actors, and 4 active threads.
Waiting for actors to stop.
Called postfire()
Called prefire()
Called fire()
Checking for deadlock:
There are 3 Blocked actors, 0 Stopped actors, and 4 active threads.
Waiting for actors to stop.
Read input token from inputA with value 7.0
Checking for deadlock:
There are 2 Blocked actors, 0 Stopped actors, and 4 active threads.
Waiting for actors to stop.
Called prefire()
Called fire()
Past the end of training data. Read and discard all inputs.
Checking for deadlock:
There are 3 Blocked actors, 0 Stopped actors, and 4 active threads.
Waiting for actors to stop.
Sent output token with value 7.0
Next port to read input from is inputA
Called postfire()
Called prefire()
Called fire()
Checking for deadlock:
There are 2 Blocked actors, 0 Stopped actors, and 4 active threads.
Waiting for actors to stop.
-- Thread wrapup() called.
Called wrapup()
Thread .top.Ramp is exiting.
-- Thread stopped.
Checking for deadlock:
There are 2 Blocked actors, 0 Stopped actors, and 3 active threads.
Waiting for actors to stop.
Read input token from inputA with value 8.0
Called prefire()
Called fire()
Past the end of training data. Read and discard all inputs.
Checking for deadlock:
There are 2 Blocked actors, 0 Stopped actors, and 3 active threads.
Waiting for actors to stop.
Sent output token with value 7.5
Next port to read input from is inputB
Called postfire()
Called prefire()
Called fire()
Checking for deadlock:
There are 1 Blocked actors, 0 Stopped actors, and 3 active threads.
Waiting for actors to stop.
Called postfire()
Called prefire()
Called fire()
Checking for deadlock:
There are 2 Blocked actors, 0 Stopped actors, and 3 active threads.
Waiting for actors to stop.
Read input token from inputB with value 9.0
Checking for deadlock:
There are 1 Blocked actors, 0 Stopped actors, and 3 active threads.
Waiting for actors to stop.
Called prefire()
Called fire()
Past the end of training data. Read and discard all inputs.
Checking for deadlock:
There are 2 Blocked actors, 0 Stopped actors, and 3 active threads.
Waiting for actors to stop.
Sent output token with value 8.0
Next port to read input from is inputA
Called postfire()
Called prefire()
Called fire()
Read input token from inputA with value 9.0
Called prefire()
Called fire()
Past the end of training data. Read and discard all inputs.
Checking for deadlock:
There are 2 Blocked actors, 0 Stopped actors, and 3 active threads.
Waiting for actors to stop.
Sent output token with value 9.0
Next port to read input from is inputB
Called postfire()
Called prefire()
Called fire()
Called postfire()
Called prefire()
Called fire()
Checking for deadlock:
There are 2 Blocked actors, 0 Stopped actors, and 3 active threads.
Waiting for actors to stop.
Read input token from inputB with value 10.5
Called prefire()
Called fire()
Past the end of training data. Read and discard all inputs.
Checking for deadlock:
There are 2 Blocked actors, 0 Stopped actors, and 3 active threads.
Waiting for actors to stop.
Sent output token with value 9.0
Next port to read input from is inputA
Called postfire()
Called prefire()
Called fire()
Checking for deadlock:
There are 3 Blocked actors, 0 Stopped actors, and 3 active threads.
Actors have stopped.
Checking for deadlock:
There are 3 Blocked actors, 0 Stopped actors, and 3 active threads.
Deadlock detected.
Resolving Deadlock
Checking for deadlock:
There are 3 Blocked actors, 0 Stopped actors, and 3 active threads.
Artificial Deadlock - increasing queue capacity.
increasing the capacity of receiver ptolemy.actor.TypedIOPort {.top.OrderedMerge.inputB} to 2
Director: Called postfire().
Called postfire().
_stopRequested = false
_stopFireRequested = false
Returning from postfire(): true
Called fire().
Checking for deadlock:
There are 2 Blocked actors, 0 Stopped actors, and 3 active threads.
Waiting for actors to stop.
-- Thread wrapup() called.
Called wrapup()
Thread .top.Ramp2 is exiting.
-- Thread stopped.
Checking for deadlock:
There are 2 Blocked actors, 0 Stopped actors, and 2 active threads.
Actors have stopped.
Checking for deadlock:
There are 2 Blocked actors, 0 Stopped actors, and 2 active threads.
Deadlock detected.
Resolving Deadlock
Checking for deadlock:
There are 2 Blocked actors, 0 Stopped actors, and 2 active threads.
Deadlock detected: no processes blocked on write, but some are blocked on read.
Called postfire().
_stopRequested = false
_stopFireRequested = false
Returning from postfire(): false
Finished deactivating branches.
Called wrapup().
-- Thread wrapup() called.
Called wrapup()
Thread .top.Test is exiting.
-- Thread stopped.
-- Blocked Receiver call threw TerminateProcessException.
-- Thread wrapup() called.
Called wrapup()
Thread .top.OrderedMerge is exiting.
-- Thread stopped.
-- Blocked Receiver call threw TerminateProcessException.
82 ms. Memory: 180224K Free: 70703K (39%)
.top. Preinitializing ...
Invoking preinitialize():  .top.OrderedMerge
Called preinitialize()
Invoking preinitialize():  .top.Ramp
Called preinitialize()
Invoking preinitialize():  .top.Ramp2
Called preinitialize()
Invoking preinitialize():  .top.Test
Called preinitialize()
.top. Finished preinitialize().
Called initialize().
Invoking initialize():  .top.OrderedMerge
Initializing actor: .top.OrderedMerge
Adding a thread: .top.OrderedMerge
Invoking initialize():  .top.Ramp
Initializing actor: .top.Ramp
Adding a thread: .top.Ramp
Invoking initialize():  .top.Ramp2
Initializing actor: .top.Ramp2
Adding a thread: .top.Ramp2
Invoking initialize():  .top.Test
Initializing actor: .top.Test
Adding a thread: .top.Test
-- Starting thread.
Called initialize()
Called prefire()
Called fire()
-- Starting thread.
Called initialize()
Called prefire()
Called fire()
Called postfire()
Called prefire()
Called fire()
-- Starting thread.
Called initialize()
Called prefire()
Called fire()
Called postfire()
Called prefire()
Called fire()
-- Starting thread.
Called fire().
Called initialize()
Checking for deadlock:
Called prefire()
Called fire()
There are 3 Blocked actors, 0 Stopped actors, and 4 active threads.
Waiting for actors to stop.
Read input token from inputA with value 0.0
Next port to read input from is inputB
Called postfire()
Called prefire()
Called fire()
Read input token from inputB with value 0.0
Sent output token with value 0.0
Next port to read input from is inputA
Called postfire()
Called prefire()
Called fire()
Called postfire()
Called prefire()
Called fire()
Checking for deadlock:
There are 1 Blocked actors, 0 Stopped actors, and 4 active threads.
Waiting for actors to stop.
-- Read input: 0.0, which is expected to match: 0.0
Called prefire()
Called fire()
Checking for deadlock:
There are 2 Blocked actors, 0 Stopped actors, and 4 active threads.
Waiting for actors to stop.
Read input token from inputA with value 1.0
Sent output token with value 0.0
Next port to read input from is inputB
Called postfire()
Called prefire()
Called fire()
Called postfire()
Called prefire()
Called fire()
Read input token from inputB with value 1.5
Checking for deadlock:
There are 1 Blocked actors, 0 Stopped actors, and 4 active threads.
Waiting for actors to stop.
-- Read input: 0.0, which is expected to match: 0.0
Called prefire()
Called fire()
Called postfire()
Called prefire()
Called fire()
Called postfire()
Called prefire()
Called fire()
Checking for deadlock:
There are 3 Blocked actors, 0 Stopped actors, and 4 active threads.
Waiting for actors to stop.
Sent output token with value 1.0
Next port to read input from is inputA
Called postfire()
Called prefire()
Called fire()
Read input token from inputA with value 2.0
Checking for deadlock:
There are 2 Blocked actors, 0 Stopped actors, and 4 active threads.
Waiting for actors to stop.
-- Read input: 1.0, which is expected to match: 1.0
Called prefire()
Called fire()
Checking for deadlock:
There are 2 Blocked actors, 0 Stopped actors, and 4 active threads.
Waiting for actors to stop.
Sent output token with value 1.5
Next port to read input from is inputB
Called postfire()
Called prefire()
Called fire()
Read input token from inputB with value 3.0
Checking for deadlock:
Called postfire()
Called prefire()
There are 1 Blocked actors, 0 Stopped actors, and 4 active threads.
Called fire()
Waiting for actors to stop.
-- Read input: 1.5, which is expected to match: 1.5
Called prefire()
Called fire()
Called postfire()
Called prefire()
Called fire()
Checking for deadlock:
There are 3 Blocked actors, 0 Stopped actors, and 4 active threads.
Waiting for actors to stop.
Sent output token with value 2.0
Next port to read input from is inputA
Called postfire()
Called prefire()
Called fire()
Read input token from inputA with value 3.0
Called postfire()
Called prefire()
Called fire()
-- Read input: 2.0, which is expected to match: 2.0
Called prefire()
Called fire()
Checking for deadlock:
There are 3 Blocked actors, 0 Stopped actors, and 4 active threads.
Waiting for actors to stop.
Checking for deadlock:
There are 2 Blocked actors, 0 Stopped actors, and 4 active threads.
Waiting for actors to stop.
Sent output token with value 3.0
Next port to read input from is inputB
Called postfire()
Called prefire()
Called fire()
Read input token from inputB with value 4.5
Checking for deadlock:
There are 1 Blocked actors, 0 Stopped actors, and 4 active threads.
Waiting for actors to stop.
-- Read input: 3.0, which is expected to match: 3.0
Called prefire()
Called fire()
Checking for deadlock:
There are 2 Blocked actors, 0 Stopped actors, and 4 active threads.
Called postfire()
Called prefire()
Waiting for actors to stop.
Called fire()
Checking for deadlock:
There are 3 Blocked actors, 0 Stopped actors, and 4 active threads.
Waiting for actors to stop.
-- Read input: 3.0, which is expected to match: 3.0
Called prefire()
Called fire()
Checking for deadlock:
There are 3 Blocked actors, 0 Stopped actors, and 4 active threads.
Waiting for actors to stop.
Sent output token with value 3.0
Next port to read input from is inputA
Called postfire()
Called prefire()
Called fire()
Read input token from inputA with value 4.0
Sent output token with value 4.0
Next port to read input from is inputA
Called postfire()
Called prefire()
Called fire()
-- Read input: 4.0, which is expected to match: 4.0
Called prefire()
Called fire()
Past the end of training data. Read and discard all inputs.
Checking for deadlock:
There are 3 Blocked actors, 0 Stopped actors, and 4 active threads.
Waiting for actors to stop.
Called postfire()
Called prefire()
Called fire()
Checking for deadlock:
There are 2 Blocked actors, 0 Stopped actors, and 4 active threads.
Waiting for actors to stop.
Called postfire()
Called prefire()
Called fire()
Read input token from inputA with value 5.0
Checking for deadlock:
There are 3 Blocked actors, 0 Stopped actors, and 4 active threads.
Waiting for actors to stop.
Sent output token with value 4.5
Next port to read input from is inputB
Called postfire()
Called prefire()
Called fire()
Read input token from inputB with value 6.0
Called prefire()
Called fire()
Past the end of training data. Read and discard all inputs.
Called postfire()
Called prefire()
Called fire()
Checking for deadlock:
There are 3 Blocked actors, 0 Stopped actors, and 4 active threads.
Waiting for actors to stop.
Called prefire()
Called fire()
Past the end of training data. Read and discard all inputs.
Checking for deadlock:
There are 3 Blocked actors, 0 Stopped actors, and 4 active threads.
Waiting for actors to stop.
Sent output token with value 5.0
Next port to read input from is inputA
Called postfire()
Called prefire()
Called fire()
Called postfire()
Called prefire()
Called fire()
Checking for deadlock:
There are 3 Blocked actors, 0 Stopped actors, and 4 active threads.
Waiting for actors to stop.
Read input token from inputA with value 6.0
Called prefire()
Called fire()
Past the end of training data. Read and discard all inputs.
Checking for deadlock:
There are 3 Blocked actors, 0 Stopped actors, and 4 active threads.
Waiting for actors to stop.
Sent output token with value 6.0
Next port to read input from is inputB
Called postfire()
Called prefire()
Called fire()
Checking for deadlock:
There are 2 Blocked actors, 0 Stopped actors, and 4 active threads.
Waiting for actors to stop.
Called postfire()
Called prefire()
Called fire()
Checking for deadlock:
Read input token from inputB with value 7.5
There are 3 Blocked actors, 0 Stopped actors, and 4 active threads.
Waiting for actors to stop.
Checking for deadlock:
There are 2 Blocked actors, 0 Stopped actors, and 4 active threads.
Waiting for actors to stop.
Called prefire()
Called fire()
Past the end of training data. Read and discard all inputs.
Checking for deadlock:
There are 3 Blocked actors, 0 Stopped actors, and 4 active threads.
Sent output token with value 6.0
Waiting for actors to stop.
Next port to read input from is inputA
Called postfire()
Called prefire()
Called fire()
Checking for deadlock:
There are 2 Blocked actors, 0 Stopped actors, and 4 active threads.
Waiting for actors to stop.
Called postfire()
Called prefire()
Called fire()
Checking for deadlock:
Read input token from inputA with value 7.0
There are 3 Blocked actors, 0 Stopped actors, and 4 active threads.
Waiting for actors to stop.
Checking for deadlock:
There are 2 Blocked actors, 0 Stopped actors, and 4 active threads.
Waiting for actors to stop.
Called prefire()
Called fire()
Past the end of training data. Read and discard all inputs.
Checking for deadlock:
There are 3 Blocked actors, 0 Stopped actors, and 4 active threads.
Sent output token with value 7.0
Waiting for actors to stop.
Next port to read input from is inputA
Called postfire()
Called prefire()
Called fire()
-- Thread wrapup() called.
Called wrapup()
Thread .top.Ramp is exiting.
-- Thread stopped.
Checking for deadlock:
There are 2 Blocked actors, 0 Stopped actors, and 3 active threads.
Waiting for actors to stop.
Read input token from inputA with value 8.0
Checking for deadlock:
There are 1 Blocked actors, 0 Stopped actors, and 3 active threads.
Waiting for actors to stop.
Sent output token with value 7.5
Called prefire()
Called fire()
Past the end of training data. Read and discard all inputs.
Checking for deadlock:
There are 2 Blocked actors, 0 Stopped actors, and 3 active threads.
Waiting for actors to stop.
Next port to read input from is inputB
Called postfire()
Called prefire()
Called fire()
Checking for deadlock:
There are 1 Blocked actors, 0 Stopped actors, and 3 active threads.
Waiting for actors to stop.
Called postfire()
Called prefire()
Called fire()
Checking for deadlock:
Read input token from inputB with value 9.0
There are 2 Blocked actors, 0 Stopped actors, and 3 active threads.
Waiting for actors to stop.
Checking for deadlock:
There are 1 Blocked actors, 0 Stopped actors, and 3 active threads.
Waiting for actors to stop.
Called prefire()
Called fire()
Past the end of training data. Read and discard all inputs.
Checking for deadlock:
Sent output token with value 8.0
There are 2 Blocked actors, 0 Stopped actors, and 3 active threads.
Waiting for actors to stop.
Next port to read input from is inputA
Called postfire()
Called prefire()
Called fire()
Read input token from inputA with value 9.0
Checking for deadlock:
Called prefire()
There are 1 Blocked actors, 0 Stopped actors, and 3 active threads.
Called fire()
Waiting for actors to stop.
Past the end of training data. Read and discard all inputs.
Checking for deadlock:
There are 2 Blocked actors, 0 Stopped actors, and 3 active threads.
Waiting for actors to stop.
Sent output token with value 9.0
Next port to read input from is inputB
Called postfire()
Called prefire()
Called fire()
Checking for deadlock:
There are 1 Blocked actors, 0 Stopped actors, and 3 active threads.
Waiting for actors to stop.
Called postfire()
Called prefire()
Called fire()
Checking for deadlock:
Read input token from inputB with value 10.5
There are 2 Blocked actors, 0 Stopped actors, and 3 active threads.
Waiting for actors to stop.
Checking for deadlock:
There are 1 Blocked actors, 0 Stopped actors, and 3 active threads.
Waiting for actors to stop.
Called prefire()
Called fire()
Past the end of training data. Read and discard all inputs.
Checking for deadlock:
Sent output token with value 9.0
There are 2 Blocked actors, 0 Stopped actors, and 3 active threads.
Waiting for actors to stop.
Next port to read input from is inputA
Called postfire()
Called prefire()
Called fire()
Checking for deadlock:
There are 3 Blocked actors, 0 Stopped actors, and 3 active threads.
Actors have stopped.
Checking for deadlock:
There are 3 Blocked actors, 0 Stopped actors, and 3 active threads.
Deadlock detected.
Resolving Deadlock
Checking for deadlock:
There are 3 Blocked actors, 0 Stopped actors, and 3 active threads.
Artificial Deadlock - increasing queue capacity.
increasing the capacity of receiver ptolemy.actor.TypedIOPort {.top.OrderedMerge.inputB} to 2
Director: Called postfire().
Called postfire().
-- Thread wrapup() called.
Called wrapup()
_stopRequested = false
_stopFireRequested = false
Returning from postfire(): true
Thread .top.Ramp2 is exiting.
-- Thread stopped.
Called fire().
Checking for deadlock:
There are 2 Blocked actors, 0 Stopped actors, and 2 active threads.
Actors have stopped.
Checking for deadlock:
There are 2 Blocked actors, 0 Stopped actors, and 2 active threads.
Deadlock detected.
Resolving Deadlock
Checking for deadlock:
There are 2 Blocked actors, 0 Stopped actors, and 2 active threads.
Deadlock detected: no processes blocked on write, but some are blocked on read.
Called postfire().
_stopRequested = false
_stopFireRequested = false
Returning from postfire(): false
Finished deactivating branches.
Called wrapup().
-- Thread wrapup() called.
Called wrapup()
Thread .top.Test is exiting.
-- Thread stopped.
-- Blocked Receiver call threw TerminateProcessException.
-- Thread wrapup() called.
Called wrapup()
Thread .top.OrderedMerge is exiting.
-- Thread stopped.
-- Blocked Receiver call threw TerminateProcessException.
55 ms. Memory: 180224K Free: 68145K (38%)
/home/travis/build/icyphy/ptII/ptolemy/actor/lib/test/Publisher.tcl
23 ms. Memory: 240640K Free: 224486K (93%)
11 ms. Memory: 240640K Free: 219366K (91%)
6 ms. Memory: 240640K Free: 215780K (90%)
6 ms. Memory: 240640K Free: 214726K (89%)
5 ms. Memory: 240640K Free: 213732K (89%)
12 ms. Memory: 240640K Free: 213222K (89%)
3 ms. Memory: 240640K Free: 212198K (88%)
5 ms. Memory: 240640K Free: 211174K (88%)
20 ms. Memory: 240640K Free: 201444K (84%)
5 ms. Memory: 240640K Free: 197862K (82%)
2 ms. Memory: 240640K Free: 196838K (82%)
5 ms. Memory: 240640K Free: 194790K (81%)
6 ms. Memory: 240640K Free: 187108K (78%)
18 ms. Memory: 240640K Free: 177892K (74%)
6 ms. Memory: 240640K Free: 214888K (89%)
/home/travis/build/icyphy/ptII/ptolemy/actor/lib/test/Pulse.tcl
2 ms. Memory: 240640K Free: 178024K (74%)
8 ms. Memory: 240640K Free: 177514K (74%)
1 ms. Memory: 240640K Free: 177000K (74%)
2 ms. Memory: 240640K Free: 176490K (73%)
9 ms. Memory: 240640K Free: 175976K (73%)
12 ms. Memory: 240640K Free: 174442K (72%)
8 ms. Memory: 240640K Free: 173914K (72%)
7 ms. Memory: 240640K Free: 172890K (72%)
2 ms. Memory: 240640K Free: 172394K (72%)
/home/travis/build/icyphy/ptII/ptolemy/actor/lib/test/Ramp.tcl
5 ms. Memory: 240640K Free: 170346K (71%)
3 ms. Memory: 240640K Free: 169818K (71%)
3 ms. Memory: 240640K Free: 168794K (70%)
1 ms. Memory: 240640K Free: 168298K (70%)
6 ms. Memory: 240640K Free: 167274K (70%)
4 ms. Memory: 240640K Free: 166250K (69%)
12 ms. Memory: 240640K Free: 165722K (69%)
5 actors
14000 microseconds per iteration to create
7 ms. Memory: 240640K Free: 162634K (68%)
2 ms. Memory: 240640K Free: 162154K (67%)
4 ms. Memory: 240640K Free: 161640K (67%)
2 ms. Memory: 240640K Free: 161130K (67%)
50 actors
53000 microseconds per iteration to create
47 ms. Memory: 240640K Free: 145226K (60%)
14 ms. Memory: 240640K Free: 144226K (60%)
10 ms. Memory: 240640K Free: 143208K (60%)
4 ms. Memory: 240640K Free: 142170K (59%)
500 actors
1570000 microseconds per iteration to create
235 ms. Memory: 240640K Free: 92900K (39%)
70 ms. Memory: 240640K Free: 218838K (91%)
35 ms. Memory: 240640K Free: 213732K (89%)
33 ms. Memory: 240640K Free: 208612K (87%)
/home/travis/build/icyphy/ptII/ptolemy/actor/lib/test/RampContinuous.tcl
8 ms. Memory: 240640K Free: 207078K (86%)
/home/travis/build/icyphy/ptII/ptolemy/actor/lib/test/RecordAssembler.tcl
5 ms. Memory: 240640K Free: 205540K (85%)
3 ms. Memory: 240640K Free: 204516K (85%)
/home/travis/build/icyphy/ptII/ptolemy/actor/lib/test/RecordDisassembler.tcl
6 ms. Memory: 240640K Free: 202982K (84%)
3 ms. Memory: 240640K Free: 201958K (84%)
3 ms. Memory: 240640K Free: 200934K (83%)
/home/travis/build/icyphy/ptII/ptolemy/actor/lib/test/Scale.tcl
3 ms. Memory: 240640K Free: 199366K (83%)
1 ms. Memory: 240640K Free: 198358K (82%)
2 ms. Memory: 240640K Free: 197348K (82%)
2 ms. Memory: 240640K Free: 196838K (82%)
3 ms. Memory: 240640K Free: 195814K (81%)
/home/travis/build/icyphy/ptII/ptolemy/actor/lib/test/SequentialClock.tcl
preinitializing
resolving types
initializing
executing number 1
wrapping up
idle
2 ms. Memory: 240640K Free: 194790K (81%)
Completed execution with 5 iterations
preinitializing
resolving types
initializing
executing number 1
wrapping up
idle
1 ms. Memory: 240640K Free: 194276K (81%)
Completed execution with 5 iterations
preinitializing
resolving types
initializing
executing number 1
wrapping up
idle
1 ms. Memory: 240640K Free: 193766K (81%)
Completed execution with 5 iterations
/home/travis/build/icyphy/ptII/ptolemy/actor/lib/test/SetVariable.tcl
4 ms. Memory: 240640K Free: 191718K (80%)


==== $PTII/ptolemy/actor/lib/test/SetVariable.tcl: SetVariable-3.1 changeFailed
==== Contents of test case:

    #Uses 2.1 above
    jdkCaptureErr {
        # This test was failing if we ran Exit.tcl and then this test.
        # MessageHandler.error() now actually throws the Exception.
	catch {$setVariable changeFailed [java::null]  [java::new Exception {Test exception for SetVariable.changeFailed()}]} errMsg
    } results
    list [string range $results 0 89] "\n" $errMsg

==== Result was:
{java.lang.Exception: Test exception for SetVariable.changeFailed()
	at java.base/jdk.inter} {
} {java.lang.RuntimeException: java.lang.Exception: Test exception for SetVariable.changeFailed()}
---- Result should have been:
{java.lang.Exception: Test exception for SetVariable.changeFailed()
	at sun.reflect.NativeC} {
} {java.lang.RuntimeException: java.lang.Exception: Test exception for SetVariable.changeFailed()}
---- SetVariable-3.1 FAILED
/home/travis/build/icyphy/ptII/ptolemy/actor/lib/test/Sinewave.tcl
/home/travis/build/icyphy/ptII/ptolemy/actor/lib/test/SubscriptionAggregator.tcl
12 ms. Memory: 240640K Free: 179940K (75%)
2 ms. Memory: 240640K Free: 179430K (75%)
0 ms. Memory: 240640K Free: 178902K (74%)
1 ms. Memory: 240640K Free: 178406K (74%)
3 ms. Memory: 240640K Free: 175334K (73%)
9 ms. Memory: 240640K Free: 172772K (72%)
...............................................................1000 ms. Memory: 321536K Free: 201085K (63%)
/home/travis/build/icyphy/ptII/ptolemy/actor/lib/test/Test.tcl
 The next command will produce a warning about training mode,
   which may be ignored.
6 ms. Memory: 321536K Free: 199033K (62%)
3 ms. Memory: 321536K Free: 197993K (62%)
2 ms. Memory: 321536K Free: 197513K (61%)
1 ms. Memory: 321536K Free: 196999K (61%)
1 ms. Memory: 321536K Free: 196489K (61%)
3 ms. Memory: 321536K Free: 194937K (61%)
3 ms. Memory: 321536K Free: 193927K (60%)
 The next command will produce a warning about training mode,
   which may be ignored.
4 ms. Memory: 321536K Free: 191369K (60%)
 The next command will produce a warning about training mode,
   which may be ignored.
2 ms. Memory: 321536K Free: 190345K (59%)
1 ms. Memory: 321536K Free: 189817K (59%)
2 ms. Memory: 321536K Free: 189321K (59%)
2 ms. Memory: 321536K Free: 188793K (59%)
6 ms. Memory: 321536K Free: 187783K (58%)
4 ms. Memory: 321536K Free: 184201K (57%)
/home/travis/build/icyphy/ptII/ptolemy/actor/lib/test/TestExceptionHandler.tcl
 The next command will produce a warning about training mode,
   which may be ignored.
2 ms. Memory: 321536K Free: 182663K (57%)
1 ms. Memory: 321536K Free: 182153K (57%)
0 ms. Memory: 321536K Free: 181633K (56%)
/home/travis/build/icyphy/ptII/ptolemy/actor/lib/test/UnionDisassembler.tcl
14 ms. Memory: 321536K Free: 174471K (54%)
/home/travis/build/icyphy/ptII/ptolemy/actor/lib/test/VariableClock.tcl
preinitializing
resolving types
initializing
executing number 1
wrapping up
idle
3 ms. Memory: 321536K Free: 172423K (54%)
Completed execution with 11 iterations
preinitializing
resolving types
initializing
executing number 1
wrapping up
idle
3 ms. Memory: 321536K Free: 171399K (53%)
Completed execution with 10 iterations
07/09/19 04:51:46
Failed: 2  Total Tests: 234  ((Passed: 232, Newly Passed: 0)  Known Failed: 0) /home/travis/build/icyphy/ptII/ptolemy/actor/lib/test
----------------- testing (KnownFailure) /home/travis/build/icyphy/ptII/ptolemy/actor/lib/test/auto/knownFailedTests/PublisherPortToplevelSubscriber.xml
1 ms. Memory: 321536K Free: 167817K (52%)
Known Failure: java.lang.reflect.InvocationTargetException
----------------- testing (KnownFailure) /home/travis/build/icyphy/ptII/ptolemy/actor/lib/test/auto/knownFailedTests/PublisherSubscriberPortToplevel.xml
0 ms. Memory: 321536K Free: 164231K (51%)
Known Failure: java.lang.reflect.InvocationTargetException
----------------- testing (KnownFailure) /home/travis/build/icyphy/ptII/ptolemy/actor/lib/test/auto/knownFailedTests/PublisherSubscriptionAggregatorPort.xml
0 ms. Memory: 321536K Free: 160135K (50%)
Known Failure: java.lang.reflect.InvocationTargetException
----------------- testing (KnownFailure) /home/travis/build/icyphy/ptII/ptolemy/actor/lib/test/auto/knownFailedTests/sizedarray3.xml
14 ms. Memory: 321536K Free: 156039K (49%)
Known Failure: java.lang.reflect.InvocationTargetException
No auto/linux-amd64/*.xml tests in /home/travis/build/icyphy/ptII/ptolemy/actor/lib/test
AutoTests.java: About to close Vertx.
AutoTests.java: Vertx closed.

===========================================================================================
----------------- testing Tue Jul 09 04:51:47 UTC 2019 /home/travis/build/icyphy/ptII/ptolemy/actor/lib/test/auto/AbsoluteValue.xml
----------------- Instantiating /home/travis/build/icyphy/ptII/ptolemy/actor/lib/test/auto/AbsoluteValue.xml
24 ms. Memory: 321536K Free: 132487K (41%)
----------------- Invoking toplevel() on ptolemy.moml.MoMLSimpleApplication@752dea65
----------------- Done invoking toplevel() on ptolemy.moml.MoMLSimpleApplication@752dea65
reloadAllAccessors: .AbsoluteValue

===========================================================================================
----------------- testing Tue Jul 09 04:51:47 UTC 2019 /home/travis/build/icyphy/ptII/ptolemy/actor/lib/test/auto/AbsoluteValue2.xml
----------------- Instantiating /home/travis/build/icyphy/ptII/ptolemy/actor/lib/test/auto/AbsoluteValue2.xml
5 ms. Memory: 321536K Free: 125833K (39%)
----------------- Invoking toplevel() on ptolemy.moml.MoMLSimpleApplication@16f1d05b
----------------- Done invoking toplevel() on ptolemy.moml.MoMLSimpleApplication@16f1d05b
reloadAllAccessors: .AbsoluteValue2

===========================================================================================
----------------- testing Tue Jul 09 04:51:47 UTC 2019 /home/travis/build/icyphy/ptII/ptolemy/actor/lib/test/auto/Accumulator.xml
----------------- Instantiating /home/travis/build/icyphy/ptII/ptolemy/actor/lib/test/auto/Accumulator.xml
11 ms. Memory: 321536K Free: 119175K (37%)
----------------- Invoking toplevel() on ptolemy.moml.MoMLSimpleApplication@599d2f60
----------------- Done invoking toplevel() on ptolemy.moml.MoMLSimpleApplication@599d2f60
reloadAllAccessors: .Accumulator

===========================================================================================
----------------- testing Tue Jul 09 04:51:47 UTC 2019 /home/travis/build/icyphy/ptII/ptolemy/actor/lib/test/auto/Accumulator2.xml
----------------- Instantiating /home/travis/build/icyphy/ptII/ptolemy/actor/lib/test/auto/Accumulator2.xml
4 ms. Memory: 321536K Free: 114055K (35%)
----------------- Invoking toplevel() on ptolemy.moml.MoMLSimpleApplication@2da978ab
----------------- Done invoking toplevel() on ptolemy.moml.MoMLSimpleApplication@2da978ab
reloadAllAccessors: .Accumulator2

===========================================================================================
----------------- testing Tue Jul 09 04:51:47 UTC 2019 /home/travis/build/icyphy/ptII/ptolemy/actor/lib/test/auto/Accumulator3.xml
----------------- Instantiating /home/travis/build/icyphy/ptII/ptolemy/actor/lib/test/auto/Accumulator3.xml
83 ms. Memory: 321536K Free: 274080K (85%)
----------------- Invoking toplevel() on ptolemy.moml.MoMLSimpleApplication@1607dae5
----------------- Done invoking toplevel() on ptolemy.moml.MoMLSimpleApplication@1607dae5
reloadAllAccessors: .Accumulator3

===========================================================================================
----------------- testing Tue Jul 09 04:51:47 UTC 2019 /home/travis/build/icyphy/ptII/ptolemy/actor/lib/test/auto/ArrayAppend.xml
----------------- Instantiating /home/travis/build/icyphy/ptII/ptolemy/actor/lib/test/auto/ArrayAppend.xml
12 ms. Memory: 321536K Free: 267418K (83%)
----------------- Invoking toplevel() on ptolemy.moml.MoMLSimpleApplication@732aa7cc
----------------- Done invoking toplevel() on ptolemy.moml.MoMLSimpleApplication@732aa7cc
reloadAllAccessors: .ArrayAppend

===========================================================================================
----------------- testing Tue Jul 09 04:51:47 UTC 2019 /home/travis/build/icyphy/ptII/ptolemy/actor/lib/test/auto/ArrayAppend2.xml
----------------- Instantiating /home/travis/build/icyphy/ptII/ptolemy/actor/lib/test/auto/ArrayAppend2.xml
324 ms. Memory: 321536K Free: 184474K (57%)
----------------- Invoking toplevel() on ptolemy.moml.MoMLSimpleApplication@499f91d5
----------------- Done invoking toplevel() on ptolemy.moml.MoMLSimpleApplication@499f91d5
reloadAllAccessors: .ArrayAppend2

===========================================================================================
----------------- testing Tue Jul 09 04:51:47 UTC 2019 /home/travis/build/icyphy/ptII/ptolemy/actor/lib/test/auto/ArrayAppend3.xml
----------------- Instantiating /home/travis/build/icyphy/ptII/ptolemy/actor/lib/test/auto/ArrayAppend3.xml
3 ms. Memory: 321536K Free: 179864K (56%)
----------------- Invoking toplevel() on ptolemy.moml.MoMLSimpleApplication@34593005
----------------- Done invoking toplevel() on ptolemy.moml.MoMLSimpleApplication@34593005
reloadAllAccessors: .ArrayAppend3

===========================================================================================
----------------- testing Tue Jul 09 04:51:47 UTC 2019 /home/travis/build/icyphy/ptII/ptolemy/actor/lib/test/auto/ArrayAppend4.xml
----------------- Instantiating /home/travis/build/icyphy/ptII/ptolemy/actor/lib/test/auto/ArrayAppend4.xml
4 ms. Memory: 321536K Free: 174744K (54%)
----------------- Invoking toplevel() on ptolemy.moml.MoMLSimpleApplication@65e01c7d
----------------- Done invoking toplevel() on ptolemy.moml.MoMLSimpleApplication@65e01c7d
reloadAllAccessors: .ArrayAppend4

===========================================================================================
----------------- testing Tue Jul 09 04:51:47 UTC 2019 /home/travis/build/icyphy/ptII/ptolemy/actor/lib/test/auto/ArrayAppend5.xml
----------------- Instantiating /home/travis/build/icyphy/ptII/ptolemy/actor/lib/test/auto/ArrayAppend5.xml
2 ms. Memory: 321536K Free: 169624K (53%)
----------------- Invoking toplevel() on ptolemy.moml.MoMLSimpleApplication@3ec981c5
----------------- Done invoking toplevel() on ptolemy.moml.MoMLSimpleApplication@3ec981c5
reloadAllAccessors: .ArrayAppend5

===========================================================================================
----------------- testing Tue Jul 09 04:51:47 UTC 2019 /home/travis/build/icyphy/ptII/ptolemy/actor/lib/test/auto/ArrayAppend6.xml
----------------- Instantiating /home/travis/build/icyphy/ptII/ptolemy/actor/lib/test/auto/ArrayAppend6.xml
3 ms. Memory: 321536K Free: 163994K (51%)
----------------- Invoking toplevel() on ptolemy.moml.MoMLSimpleApplication@1e14a821
----------------- Done invoking toplevel() on ptolemy.moml.MoMLSimpleApplication@1e14a821
reloadAllAccessors: .ArrayAppend6

===========================================================================================
----------------- testing Tue Jul 09 04:51:48 UTC 2019 /home/travis/build/icyphy/ptII/ptolemy/actor/lib/test/auto/ArrayAppendPerformanceTest.xml
----------------- Instantiating /home/travis/build/icyphy/ptII/ptolemy/actor/lib/test/auto/ArrayAppendPerformanceTest.xml
32 ms. Memory: 321536K Free: 153240K (48%)
----------------- Invoking toplevel() on ptolemy.moml.MoMLSimpleApplication@364e866c
----------------- Done invoking toplevel() on ptolemy.moml.MoMLSimpleApplication@364e866c
reloadAllAccessors: .ArrayAppendPerformanceTest

===========================================================================================
----------------- testing Tue Jul 09 04:51:48 UTC 2019 /home/travis/build/icyphy/ptII/ptolemy/actor/lib/test/auto/ArrayAppendWithEmptyInput.xml
----------------- Instantiating /home/travis/build/icyphy/ptII/ptolemy/actor/lib/test/auto/ArrayAppendWithEmptyInput.xml
7 ms. Memory: 321536K Free: 145562K (45%)
----------------- Invoking toplevel() on ptolemy.moml.MoMLSimpleApplication@5c74be88
----------------- Done invoking toplevel() on ptolemy.moml.MoMLSimpleApplication@5c74be88
reloadAllAccessors: .ArrayAppendWithEmptyInput

===========================================================================================
----------------- testing Tue Jul 09 04:51:48 UTC 2019 /home/travis/build/icyphy/ptII/ptolemy/actor/lib/test/auto/ArrayAverage.xml
----------------- Instantiating /home/travis/build/icyphy/ptII/ptolemy/actor/lib/test/auto/ArrayAverage.xml
9 ms. Memory: 321536K Free: 137370K (43%)
----------------- Invoking toplevel() on ptolemy.moml.MoMLSimpleApplication@414ba2bf
----------------- Done invoking toplevel() on ptolemy.moml.MoMLSimpleApplication@414ba2bf
reloadAllAccessors: .ArrayAverage

===========================================================================================
----------------- testing Tue Jul 09 04:51:48 UTC 2019 /home/travis/build/icyphy/ptII/ptolemy/actor/lib/test/auto/ArrayContains.xml
----------------- Instantiating /home/travis/build/icyphy/ptII/ptolemy/actor/lib/test/auto/ArrayContains.xml
11 ms. Memory: 321536K Free: 131736K (41%)
----------------- Invoking toplevel() on ptolemy.moml.MoMLSimpleApplication@28380718
----------------- Done invoking toplevel() on ptolemy.moml.MoMLSimpleApplication@28380718
reloadAllAccessors: .ArrayContains

===========================================================================================
----------------- testing Tue Jul 09 04:51:48 UTC 2019 /home/travis/build/icyphy/ptII/ptolemy/actor/lib/test/auto/ArrayElement.xml
----------------- Instantiating /home/travis/build/icyphy/ptII/ptolemy/actor/lib/test/auto/ArrayElement.xml
7 ms. Memory: 321536K Free: 125592K (39%)
----------------- Invoking toplevel() on ptolemy.moml.MoMLSimpleApplication@77fe0555
----------------- Done invoking toplevel() on ptolemy.moml.MoMLSimpleApplication@77fe0555
reloadAllAccessors: .ArrayElement

===========================================================================================
----------------- testing Tue Jul 09 04:51:48 UTC 2019 /home/travis/build/icyphy/ptII/ptolemy/actor/lib/test/auto/ArrayElementAsMatrix.xml
----------------- Instantiating /home/travis/build/icyphy/ptII/ptolemy/actor/lib/test/auto/ArrayElementAsMatrix.xml
27 ms. Memory: 321536K Free: 115866K (36%)
----------------- Invoking toplevel() on ptolemy.moml.MoMLSimpleApplication@6575bc7a
----------------- Done invoking toplevel() on ptolemy.moml.MoMLSimpleApplication@6575bc7a
reloadAllAccessors: .ArrayElementAsMatrix

===========================================================================================
----------------- testing Tue Jul 09 04:51:48 UTC 2019 /home/travis/build/icyphy/ptII/ptolemy/actor/lib/test/auto/ArrayElementI.xml
----------------- Instantiating /home/travis/build/icyphy/ptII/ptolemy/actor/lib/test/auto/ArrayElementI.xml
6 ms. Memory: 321536K Free: 110217K (34%)
----------------- Invoking toplevel() on ptolemy.moml.MoMLSimpleApplication@65e3c392
----------------- Done invoking toplevel() on ptolemy.moml.MoMLSimpleApplication@65e3c392
reloadAllAccessors: .ArrayElementI

===========================================================================================
----------------- testing Tue Jul 09 04:51:48 UTC 2019 /home/travis/build/icyphy/ptII/ptolemy/actor/lib/test/auto/ArrayExtract.xml
----------------- Instantiating /home/travis/build/icyphy/ptII/ptolemy/actor/lib/test/auto/ArrayExtract.xml
82 ms. Memory: 573440K Free: 525395K (92%)
----------------- Invoking toplevel() on ptolemy.moml.MoMLSimpleApplication@3758f2f3
----------------- Done invoking toplevel() on ptolemy.moml.MoMLSimpleApplication@3758f2f3
reloadAllAccessors: .ArrayExtract

===========================================================================================
----------------- testing Tue Jul 09 04:51:48 UTC 2019 /home/travis/build/icyphy/ptII/ptolemy/actor/lib/test/auto/ArrayExtract2.xml
----------------- Instantiating /home/travis/build/icyphy/ptII/ptolemy/actor/lib/test/auto/ArrayExtract2.xml
3 ms. Memory: 573440K Free: 519151K (91%)
----------------- Invoking toplevel() on ptolemy.moml.MoMLSimpleApplication@3403b237
----------------- Done invoking toplevel() on ptolemy.moml.MoMLSimpleApplication@3403b237
reloadAllAccessors: .ArrayExtract2

===========================================================================================
----------------- testing Tue Jul 09 04:51:48 UTC 2019 /home/travis/build/icyphy/ptII/ptolemy/actor/lib/test/auto/ArrayLength.xml
----------------- Instantiating /home/travis/build/icyphy/ptII/ptolemy/actor/lib/test/auto/ArrayLength.xml
3 ms. Memory: 573440K Free: 515584K (90%)
----------------- Invoking toplevel() on ptolemy.moml.MoMLSimpleApplication@54905093
----------------- Done invoking toplevel() on ptolemy.moml.MoMLSimpleApplication@54905093
reloadAllAccessors: .ArrayLength

===========================================================================================
----------------- testing Tue Jul 09 04:51:48 UTC 2019 /home/travis/build/icyphy/ptII/ptolemy/actor/lib/test/auto/ArrayLevelCrossing.xml
----------------- Instantiating /home/travis/build/icyphy/ptII/ptolemy/actor/lib/test/auto/ArrayLevelCrossing.xml
6 ms. Memory: 573440K Free: 507392K (88%)
----------------- Invoking toplevel() on ptolemy.moml.MoMLSimpleApplication@4e37cfbd
----------------- Done invoking toplevel() on ptolemy.moml.MoMLSimpleApplication@4e37cfbd
reloadAllAccessors: .ArrayLevelCrossing

===========================================================================================
----------------- testing Tue Jul 09 04:51:48 UTC 2019 /home/travis/build/icyphy/ptII/ptolemy/actor/lib/test/auto/ArrayLevelCrossing2.xml
----------------- Instantiating /home/travis/build/icyphy/ptII/ptolemy/actor/lib/test/auto/ArrayLevelCrossing2.xml
3 ms. Memory: 573440K Free: 500224K (87%)
----------------- Invoking toplevel() on ptolemy.moml.MoMLSimpleApplication@21eaf509
----------------- Done invoking toplevel() on ptolemy.moml.MoMLSimpleApplication@21eaf509
reloadAllAccessors: .ArrayLevelCrossing2

===========================================================================================
----------------- testing Tue Jul 09 04:51:48 UTC 2019 /home/travis/build/icyphy/ptII/ptolemy/actor/lib/test/auto/ArrayPeakSearch.xml
----------------- Instantiating /home/travis/build/icyphy/ptII/ptolemy/actor/lib/test/auto/ArrayPeakSearch.xml
12 ms. Memory: 573440K Free: 491008K (86%)
----------------- Invoking toplevel() on ptolemy.moml.MoMLSimpleApplication@676ead9a
----------------- Done invoking toplevel() on ptolemy.moml.MoMLSimpleApplication@676ead9a
reloadAllAccessors: .ArrayPeakSearch

===========================================================================================
----------------- testing Tue Jul 09 04:51:48 UTC 2019 /home/travis/build/icyphy/ptII/ptolemy/actor/lib/test/auto/ArrayPeakSearch2.xml
----------------- Instantiating /home/travis/build/icyphy/ptII/ptolemy/actor/lib/test/auto/ArrayPeakSearch2.xml
8 ms. Memory: 573440K Free: 480768K (84%)
----------------- Invoking toplevel() on ptolemy.moml.MoMLSimpleApplication@400a3ef1
----------------- Done invoking toplevel() on ptolemy.moml.MoMLSimpleApplication@400a3ef1
reloadAllAccessors: .ArrayPeakSearch2

===========================================================================================
----------------- testing Tue Jul 09 04:51:48 UTC 2019 /home/travis/build/icyphy/ptII/ptolemy/actor/lib/test/auto/ArrayPeakSearch3.xml
----------------- Instantiating /home/travis/build/icyphy/ptII/ptolemy/actor/lib/test/auto/ArrayPeakSearch3.xml
5 ms. Memory: 573440K Free: 471552K (82%)
----------------- Invoking toplevel() on ptolemy.moml.MoMLSimpleApplication@7fb25604
----------------- Done invoking toplevel() on ptolemy.moml.MoMLSimpleApplication@7fb25604
reloadAllAccessors: .ArrayPeakSearch3

===========================================================================================
----------------- testing Tue Jul 09 04:51:48 UTC 2019 /home/travis/build/icyphy/ptII/ptolemy/actor/lib/test/auto/ArrayRemoveElement.xml
----------------- Instantiating /home/travis/build/icyphy/ptII/ptolemy/actor/lib/test/auto/ArrayRemoveElement.xml
4 ms. Memory: 573440K Free: 463870K (81%)
----------------- Invoking toplevel() on ptolemy.moml.MoMLSimpleApplication@586e080c
----------------- Done invoking toplevel() on ptolemy.moml.MoMLSimpleApplication@586e080c
reloadAllAccessors: .ArrayRemoveElement

===========================================================================================
----------------- testing Tue Jul 09 04:51:48 UTC 2019 /home/travis/build/icyphy/ptII/ptolemy/actor/lib/test/auto/ArraySort.xml
----------------- Instantiating /home/travis/build/icyphy/ptII/ptolemy/actor/lib/test/auto/ArraySort.xml
7 ms. Memory: 573440K Free: 454654K (79%)
----------------- Invoking toplevel() on ptolemy.moml.MoMLSimpleApplication@b1e4196
----------------- Done invoking toplevel() on ptolemy.moml.MoMLSimpleApplication@b1e4196
reloadAllAccessors: .ArraySort

===========================================================================================
----------------- testing Tue Jul 09 04:51:48 UTC 2019 /home/travis/build/icyphy/ptII/ptolemy/actor/lib/test/auto/ArraySum.xml
----------------- Instantiating /home/travis/build/icyphy/ptII/ptolemy/actor/lib/test/auto/ArraySum.xml
6 ms. Memory: 573440K Free: 449534K (78%)
----------------- Invoking toplevel() on ptolemy.moml.MoMLSimpleApplication@5abf3d37
----------------- Done invoking toplevel() on ptolemy.moml.MoMLSimpleApplication@5abf3d37
reloadAllAccessors: .ArraySum

===========================================================================================
----------------- testing Tue Jul 09 04:51:48 UTC 2019 /home/travis/build/icyphy/ptII/ptolemy/actor/lib/test/auto/ArrayToElements.xml
----------------- Instantiating /home/travis/build/icyphy/ptII/ptolemy/actor/lib/test/auto/ArrayToElements.xml
4 ms. Memory: 573440K Free: 444414K (77%)
----------------- Invoking toplevel() on ptolemy.moml.MoMLSimpleApplication@1578a35a
----------------- Done invoking toplevel() on ptolemy.moml.MoMLSimpleApplication@1578a35a
reloadAllAccessors: .ArrayToElements

===========================================================================================
----------------- testing Tue Jul 09 04:51:48 UTC 2019 /home/travis/build/icyphy/ptII/ptolemy/actor/lib/test/auto/ArrayToMatrix.xml
----------------- Instantiating /home/travis/build/icyphy/ptII/ptolemy/actor/lib/test/auto/ArrayToMatrix.xml
17 ms. Memory: 573440K Free: 430078K (75%)
----------------- Invoking toplevel() on ptolemy.moml.MoMLSimpleApplication@27f7d36c
----------------- Done invoking toplevel() on ptolemy.moml.MoMLSimpleApplication@27f7d36c
reloadAllAccessors: .ArrayToMatrix

===========================================================================================
----------------- testing Tue Jul 09 04:51:49 UTC 2019 /home/travis/build/icyphy/ptII/ptolemy/actor/lib/test/auto/ArrayUpdate1.xml
----------------- Instantiating /home/travis/build/icyphy/ptII/ptolemy/actor/lib/test/auto/ArrayUpdate1.xml
5 ms. Memory: 573440K Free: 425472K (74%)
----------------- Invoking toplevel() on ptolemy.moml.MoMLSimpleApplication@3a86379b
----------------- Done invoking toplevel() on ptolemy.moml.MoMLSimpleApplication@3a86379b
reloadAllAccessors: .ArrayUpdate1

===========================================================================================
----------------- testing Tue Jul 09 04:51:49 UTC 2019 /home/travis/build/icyphy/ptII/ptolemy/actor/lib/test/auto/ArrayUpdate2.xml
----------------- Instantiating /home/travis/build/icyphy/ptII/ptolemy/actor/lib/test/auto/ArrayUpdate2.xml
9 ms. Memory: 573440K Free: 418814K (73%)
----------------- Invoking toplevel() on ptolemy.moml.MoMLSimpleApplication@3d111ee4
----------------- Done invoking toplevel() on ptolemy.moml.MoMLSimpleApplication@3d111ee4
reloadAllAccessors: .ArrayUpdate2

===========================================================================================
----------------- testing Tue Jul 09 04:51:49 UTC 2019 /home/travis/build/icyphy/ptII/ptolemy/actor/lib/test/auto/ArrayUpdate3.xml
----------------- Instantiating /home/travis/build/icyphy/ptII/ptolemy/actor/lib/test/auto/ArrayUpdate3.xml
5 ms. Memory: 573440K Free: 414208K (72%)
----------------- Invoking toplevel() on ptolemy.moml.MoMLSimpleApplication@4d040095
----------------- Done invoking toplevel() on ptolemy.moml.MoMLSimpleApplication@4d040095
reloadAllAccessors: .ArrayUpdate3

===========================================================================================
----------------- testing Tue Jul 09 04:51:49 UTC 2019 /home/travis/build/icyphy/ptII/ptolemy/actor/lib/test/auto/Assert1.xml
----------------- Instantiating /home/travis/build/icyphy/ptII/ptolemy/actor/lib/test/auto/Assert1.xml
5 ms. Memory: 573440K Free: 409598K (71%)
----------------- Invoking toplevel() on ptolemy.moml.MoMLSimpleApplication@1cf42da5
----------------- Done invoking toplevel() on ptolemy.moml.MoMLSimpleApplication@1cf42da5
reloadAllAccessors: .Assert1

===========================================================================================
----------------- testing Tue Jul 09 04:51:49 UTC 2019 /home/travis/build/icyphy/ptII/ptolemy/actor/lib/test/auto/Assert2.xml
----------------- Instantiating /home/travis/build/icyphy/ptII/ptolemy/actor/lib/test/auto/Assert2.xml
13 ms. Memory: 573440K Free: 404463K (71%)
----------------- Invoking toplevel() on ptolemy.moml.MoMLSimpleApplication@249007cd
----------------- Done invoking toplevel() on ptolemy.moml.MoMLSimpleApplication@249007cd
reloadAllAccessors: .Assert2

===========================================================================================
----------------- testing Tue Jul 09 04:51:49 UTC 2019 /home/travis/build/icyphy/ptII/ptolemy/actor/lib/test/auto/BooleanMultiplexor.xml
----------------- Instantiating /home/travis/build/icyphy/ptII/ptolemy/actor/lib/test/auto/BooleanMultiplexor.xml
2 ms. Memory: 573440K Free: 398848K (70%)
----------------- Invoking toplevel() on ptolemy.moml.MoMLSimpleApplication@238d3f86
----------------- Done invoking toplevel() on ptolemy.moml.MoMLSimpleApplication@238d3f86
reloadAllAccessors: .BooleanMultiplexor

===========================================================================================
----------------- testing Tue Jul 09 04:51:49 UTC 2019 /home/travis/build/icyphy/ptII/ptolemy/actor/lib/test/auto/BooleanMultiplexor2.xml
----------------- Instantiating /home/travis/build/icyphy/ptII/ptolemy/actor/lib/test/auto/BooleanMultiplexor2.xml
12 ms. Memory: 573440K Free: 392704K (68%)
----------------- Invoking toplevel() on ptolemy.moml.MoMLSimpleApplication@6d1d7032
----------------- Done invoking toplevel() on ptolemy.moml.MoMLSimpleApplication@6d1d7032
reloadAllAccessors: .BooleanMultiplexor2

===========================================================================================
----------------- testing Tue Jul 09 04:51:49 UTC 2019 /home/travis/build/icyphy/ptII/ptolemy/actor/lib/test/auto/BooleanMultiplexor3.xml
----------------- Instantiating /home/travis/build/icyphy/ptII/ptolemy/actor/lib/test/auto/BooleanMultiplexor3.xml
4 ms. Memory: 573440K Free: 388608K (68%)
----------------- Invoking toplevel() on ptolemy.moml.MoMLSimpleApplication@553b4048
----------------- Done invoking toplevel() on ptolemy.moml.MoMLSimpleApplication@553b4048
reloadAllAccessors: .BooleanMultiplexor3

===========================================================================================
----------------- testing Tue Jul 09 04:51:49 UTC 2019 /home/travis/build/icyphy/ptII/ptolemy/actor/lib/test/auto/BooleanSelect.xml
----------------- Instantiating /home/travis/build/icyphy/ptII/ptolemy/actor/lib/test/auto/BooleanSelect.xml
10 ms. Memory: 573440K Free: 382464K (67%)
----------------- Invoking toplevel() on ptolemy.moml.MoMLSimpleApplication@16bacc87
----------------- Done invoking toplevel() on ptolemy.moml.MoMLSimpleApplication@16bacc87
reloadAllAccessors: .BooleanSelect

===========================================================================================
----------------- testing Tue Jul 09 04:51:49 UTC 2019 /home/travis/build/icyphy/ptII/ptolemy/actor/lib/test/auto/BooleanSelect2.xml
----------------- Instantiating /home/travis/build/icyphy/ptII/ptolemy/actor/lib/test/auto/BooleanSelect2.xml
3 ms. Memory: 573440K Free: 377854K (66%)
----------------- Invoking toplevel() on ptolemy.moml.MoMLSimpleApplication@38f9e71a
----------------- Done invoking toplevel() on ptolemy.moml.MoMLSimpleApplication@38f9e71a
reloadAllAccessors: .BooleanSelect2

===========================================================================================
----------------- testing Tue Jul 09 04:51:49 UTC 2019 /home/travis/build/icyphy/ptII/ptolemy/actor/lib/test/auto/BooleanSwitch.xml
----------------- Instantiating /home/travis/build/icyphy/ptII/ptolemy/actor/lib/test/auto/BooleanSwitch.xml
6 ms. Memory: 573440K Free: 371710K (65%)
----------------- Invoking toplevel() on ptolemy.moml.MoMLSimpleApplication@160f16f1
----------------- Done invoking toplevel() on ptolemy.moml.MoMLSimpleApplication@160f16f1
reloadAllAccessors: .BooleanSwitch

===========================================================================================
----------------- testing Tue Jul 09 04:51:49 UTC 2019 /home/travis/build/icyphy/ptII/ptolemy/actor/lib/test/auto/BooleanSwitch2.xml
----------------- Instantiating /home/travis/build/icyphy/ptII/ptolemy/actor/lib/test/auto/BooleanSwitch2.xml
3 ms. Memory: 573440K Free: 367614K (64%)
----------------- Invoking toplevel() on ptolemy.moml.MoMLSimpleApplication@738f3f08
----------------- Done invoking toplevel() on ptolemy.moml.MoMLSimpleApplication@738f3f08
reloadAllAccessors: .BooleanSwitch2

===========================================================================================
----------------- testing Tue Jul 09 04:51:49 UTC 2019 /home/travis/build/icyphy/ptII/ptolemy/actor/lib/test/auto/BooleanSwitchCloningBugWithClassRelationGroup.xml
----------------- Instantiating /home/travis/build/icyphy/ptII/ptolemy/actor/lib/test/auto/BooleanSwitchCloningBugWithClassRelationGroup.xml
4 ms. Memory: 573440K Free: 360960K (63%)
----------------- Invoking toplevel() on ptolemy.moml.MoMLSimpleApplication@586ffda4
----------------- Done invoking toplevel() on ptolemy.moml.MoMLSimpleApplication@586ffda4
reloadAllAccessors: .BooleanSwitchCloningBugWithClassRelationGroup

===========================================================================================
----------------- testing Tue Jul 09 04:51:49 UTC 2019 /home/travis/build/icyphy/ptII/ptolemy/actor/lib/test/auto/BusActors.xml
----------------- Instantiating /home/travis/build/icyphy/ptII/ptolemy/actor/lib/test/auto/BusActors.xml
9 ms. Memory: 573440K Free: 353792K (62%)
----------------- Invoking toplevel() on ptolemy.moml.MoMLSimpleApplication@3433ad6
----------------- Done invoking toplevel() on ptolemy.moml.MoMLSimpleApplication@3433ad6
reloadAllAccessors: .BusActors

===========================================================================================
----------------- testing Tue Jul 09 04:51:49 UTC 2019 /home/travis/build/icyphy/ptII/ptolemy/actor/lib/test/auto/ClassWrapper.xml
----------------- Instantiating /home/travis/build/icyphy/ptII/ptolemy/actor/lib/test/auto/ClassWrapper.xml
4 ms. Memory: 573440K Free: 349182K (61%)
----------------- Invoking toplevel() on ptolemy.moml.MoMLSimpleApplication@3fca791
----------------- Done invoking toplevel() on ptolemy.moml.MoMLSimpleApplication@3fca791
reloadAllAccessors: .ClassWrapper

===========================================================================================
----------------- testing Tue Jul 09 04:51:49 UTC 2019 /home/travis/build/icyphy/ptII/ptolemy/actor/lib/test/auto/Clock.xml
----------------- Instantiating /home/travis/build/icyphy/ptII/ptolemy/actor/lib/test/auto/Clock.xml
2 ms. Memory: 573440K Free: 345600K (60%)
----------------- Invoking toplevel() on ptolemy.moml.MoMLSimpleApplication@7e2bd3f
----------------- Done invoking toplevel() on ptolemy.moml.MoMLSimpleApplication@7e2bd3f
reloadAllAccessors: .Clock

===========================================================================================
----------------- testing Tue Jul 09 04:51:49 UTC 2019 /home/travis/build/icyphy/ptII/ptolemy/actor/lib/test/auto/Clock10.xml
----------------- Instantiating /home/travis/build/icyphy/ptII/ptolemy/actor/lib/test/auto/Clock10.xml
5 ms. Memory: 573440K Free: 339456K (59%)
----------------- Invoking toplevel() on ptolemy.moml.MoMLSimpleApplication@222e81ce
----------------- Done invoking toplevel() on ptolemy.moml.MoMLSimpleApplication@222e81ce
reloadAllAccessors: .Clock10

===========================================================================================
----------------- testing Tue Jul 09 04:51:49 UTC 2019 /home/travis/build/icyphy/ptII/ptolemy/actor/lib/test/auto/Clock11.xml
----------------- Instantiating /home/travis/build/icyphy/ptII/ptolemy/actor/lib/test/auto/Clock11.xml
10 ms. Memory: 573440K Free: 333822K (58%)
----------------- Invoking toplevel() on ptolemy.moml.MoMLSimpleApplication@16a263ae
----------------- Done invoking toplevel() on ptolemy.moml.MoMLSimpleApplication@16a263ae
reloadAllAccessors: .Clock11

===========================================================================================
----------------- testing Tue Jul 09 04:51:49 UTC 2019 /home/travis/build/icyphy/ptII/ptolemy/actor/lib/test/auto/Clock12.xml
----------------- Instantiating /home/travis/build/icyphy/ptII/ptolemy/actor/lib/test/auto/Clock12.xml
5 ms. Memory: 573440K Free: 327678K (57%)
----------------- Invoking toplevel() on ptolemy.moml.MoMLSimpleApplication@3f7aa94c
----------------- Done invoking toplevel() on ptolemy.moml.MoMLSimpleApplication@3f7aa94c
reloadAllAccessors: .Clock12

===========================================================================================
----------------- testing Tue Jul 09 04:51:49 UTC 2019 /home/travis/build/icyphy/ptII/ptolemy/actor/lib/test/auto/Clock13.xml
----------------- Instantiating /home/travis/build/icyphy/ptII/ptolemy/actor/lib/test/auto/Clock13.xml
4 ms. Memory: 573440K Free: 322048K (56%)
----------------- Invoking toplevel() on ptolemy.moml.MoMLSimpleApplication@43d90f6a
----------------- Done invoking toplevel() on ptolemy.moml.MoMLSimpleApplication@43d90f6a
reloadAllAccessors: .Clock13

===========================================================================================
----------------- testing Tue Jul 09 04:51:49 UTC 2019 /home/travis/build/icyphy/ptII/ptolemy/actor/lib/test/auto/Clock14.xml
----------------- Instantiating /home/travis/build/icyphy/ptII/ptolemy/actor/lib/test/auto/Clock14.xml
4 ms. Memory: 573440K Free: 315904K (55%)
----------------- Invoking toplevel() on ptolemy.moml.MoMLSimpleApplication@283a7294
----------------- Done invoking toplevel() on ptolemy.moml.MoMLSimpleApplication@283a7294
reloadAllAccessors: .Clock14

===========================================================================================
----------------- testing Tue Jul 09 04:51:49 UTC 2019 /home/travis/build/icyphy/ptII/ptolemy/actor/lib/test/auto/Clock15.xml
----------------- Instantiating /home/travis/build/icyphy/ptII/ptolemy/actor/lib/test/auto/Clock15.xml
4 ms. Memory: 573440K Free: 310239K (54%)
----------------- Invoking toplevel() on ptolemy.moml.MoMLSimpleApplication@462b595d
----------------- Done invoking toplevel() on ptolemy.moml.MoMLSimpleApplication@462b595d
reloadAllAccessors: .Clock15

===========================================================================================
----------------- testing Tue Jul 09 04:51:49 UTC 2019 /home/travis/build/icyphy/ptII/ptolemy/actor/lib/test/auto/Clock16.xml
----------------- Instantiating /home/travis/build/icyphy/ptII/ptolemy/actor/lib/test/auto/Clock16.xml
42 ms. Memory: 573440K Free: 295927K (52%)
----------------- Invoking toplevel() on ptolemy.moml.MoMLSimpleApplication@7fe30183
----------------- Done invoking toplevel() on ptolemy.moml.MoMLSimpleApplication@7fe30183
reloadAllAccessors: .Clock16

===========================================================================================
----------------- testing Tue Jul 09 04:51:49 UTC 2019 /home/travis/build/icyphy/ptII/ptolemy/actor/lib/test/auto/Clock17.xml
----------------- Instantiating /home/travis/build/icyphy/ptII/ptolemy/actor/lib/test/auto/Clock17.xml
28 ms. Memory: 573440K Free: 282112K (49%)
----------------- Invoking toplevel() on ptolemy.moml.MoMLSimpleApplication@4c241ddf
----------------- Done invoking toplevel() on ptolemy.moml.MoMLSimpleApplication@4c241ddf
reloadAllAccessors: .Clock17

===========================================================================================
----------------- testing Tue Jul 09 04:51:49 UTC 2019 /home/travis/build/icyphy/ptII/ptolemy/actor/lib/test/auto/Clock18.xml
----------------- Instantiating /home/travis/build/icyphy/ptII/ptolemy/actor/lib/test/auto/Clock18.xml
26 ms. Memory: 573440K Free: 269310K (47%)
----------------- Invoking toplevel() on ptolemy.moml.MoMLSimpleApplication@6709b95d
----------------- Done invoking toplevel() on ptolemy.moml.MoMLSimpleApplication@6709b95d
reloadAllAccessors: .Clock18

===========================================================================================
----------------- testing Tue Jul 09 04:51:50 UTC 2019 /home/travis/build/icyphy/ptII/ptolemy/actor/lib/test/auto/Clock19.xml
----------------- Instantiating /home/travis/build/icyphy/ptII/ptolemy/actor/lib/test/auto/Clock19.xml
16 ms. Memory: 573440K Free: 255998K (45%)
----------------- Invoking toplevel() on ptolemy.moml.MoMLSimpleApplication@5d09e403
----------------- Done invoking toplevel() on ptolemy.moml.MoMLSimpleApplication@5d09e403
reloadAllAccessors: .Clock19

===========================================================================================
----------------- testing Tue Jul 09 04:51:50 UTC 2019 /home/travis/build/icyphy/ptII/ptolemy/actor/lib/test/auto/Clock2.xml
----------------- Instantiating /home/travis/build/icyphy/ptII/ptolemy/actor/lib/test/auto/Clock2.xml
4 ms. Memory: 573440K Free: 251895K (44%)
----------------- Invoking toplevel() on ptolemy.moml.MoMLSimpleApplication@6e87d625
----------------- Done invoking toplevel() on ptolemy.moml.MoMLSimpleApplication@6e87d625
reloadAllAccessors: .Clock2

===========================================================================================
----------------- testing Tue Jul 09 04:51:50 UTC 2019 /home/travis/build/icyphy/ptII/ptolemy/actor/lib/test/auto/Clock20.xml
----------------- Instantiating /home/travis/build/icyphy/ptII/ptolemy/actor/lib/test/auto/Clock20.xml
6 ms. Memory: 573440K Free: 246272K (43%)
----------------- Invoking toplevel() on ptolemy.moml.MoMLSimpleApplication@67a06857
----------------- Done invoking toplevel() on ptolemy.moml.MoMLSimpleApplication@67a06857
reloadAllAccessors: .Clock20

===========================================================================================
----------------- testing Tue Jul 09 04:51:50 UTC 2019 /home/travis/build/icyphy/ptII/ptolemy/actor/lib/test/auto/Clock21.xml
----------------- Instantiating /home/travis/build/icyphy/ptII/ptolemy/actor/lib/test/auto/Clock21.xml
9 ms. Memory: 573440K Free: 521218K (91%)
----------------- Invoking toplevel() on ptolemy.moml.MoMLSimpleApplication@238b7c3c
----------------- Done invoking toplevel() on ptolemy.moml.MoMLSimpleApplication@238b7c3c
reloadAllAccessors: .Clock21

===========================================================================================
----------------- testing Tue Jul 09 04:51:50 UTC 2019 /home/travis/build/icyphy/ptII/ptolemy/actor/lib/test/auto/Clock22.xml
----------------- Instantiating /home/travis/build/icyphy/ptII/ptolemy/actor/lib/test/auto/Clock22.xml
4 ms. Memory: 573440K Free: 515584K (90%)
----------------- Invoking toplevel() on ptolemy.moml.MoMLSimpleApplication@742d628d
----------------- Done invoking toplevel() on ptolemy.moml.MoMLSimpleApplication@742d628d
reloadAllAccessors: .Clock22

===========================================================================================
----------------- testing Tue Jul 09 04:51:50 UTC 2019 /home/travis/build/icyphy/ptII/ptolemy/actor/lib/test/auto/Clock23.xml
----------------- Instantiating /home/travis/build/icyphy/ptII/ptolemy/actor/lib/test/auto/Clock23.xml
2 ms. Memory: 573440K Free: 509954K (89%)
----------------- Invoking toplevel() on ptolemy.moml.MoMLSimpleApplication@50297d61
----------------- Done invoking toplevel() on ptolemy.moml.MoMLSimpleApplication@50297d61
reloadAllAccessors: .Clock23

===========================================================================================
----------------- testing Tue Jul 09 04:51:50 UTC 2019 /home/travis/build/icyphy/ptII/ptolemy/actor/lib/test/auto/Clock24.xml
----------------- Instantiating /home/travis/build/icyphy/ptII/ptolemy/actor/lib/test/auto/Clock24.xml
2 ms. Memory: 573440K Free: 504834K (88%)
----------------- Invoking toplevel() on ptolemy.moml.MoMLSimpleApplication@6f6a9f59
----------------- Done invoking toplevel() on ptolemy.moml.MoMLSimpleApplication@6f6a9f59
reloadAllAccessors: .Clock24

===========================================================================================
----------------- testing Tue Jul 09 04:51:50 UTC 2019 /home/travis/build/icyphy/ptII/ptolemy/actor/lib/test/auto/Clock4.xml
----------------- Instantiating /home/travis/build/icyphy/ptII/ptolemy/actor/lib/test/auto/Clock4.xml
1 ms. Memory: 573440K Free: 499714K (87%)
----------------- Invoking toplevel() on ptolemy.moml.MoMLSimpleApplication@52c978c
----------------- Done invoking toplevel() on ptolemy.moml.MoMLSimpleApplication@52c978c
reloadAllAccessors: .Clock4

===========================================================================================
----------------- testing Tue Jul 09 04:51:50 UTC 2019 /home/travis/build/icyphy/ptII/ptolemy/actor/lib/test/auto/Clock5.xml
----------------- Instantiating /home/travis/build/icyphy/ptII/ptolemy/actor/lib/test/auto/Clock5.xml
2 ms. Memory: 573440K Free: 494594K (86%)
----------------- Invoking toplevel() on ptolemy.moml.MoMLSimpleApplication@66c72e65
----------------- Done invoking toplevel() on ptolemy.moml.MoMLSimpleApplication@66c72e65
reloadAllAccessors: .Clock5

===========================================================================================
----------------- testing Tue Jul 09 04:51:50 UTC 2019 /home/travis/build/icyphy/ptII/ptolemy/actor/lib/test/auto/Clock6.xml
----------------- Instantiating /home/travis/build/icyphy/ptII/ptolemy/actor/lib/test/auto/Clock6.xml
2 ms. Memory: 573440K Free: 490498K (86%)
----------------- Invoking toplevel() on ptolemy.moml.MoMLSimpleApplication@35d47d8b
----------------- Done invoking toplevel() on ptolemy.moml.MoMLSimpleApplication@35d47d8b
reloadAllAccessors: .Clock6

===========================================================================================
----------------- testing Tue Jul 09 04:51:50 UTC 2019 /home/travis/build/icyphy/ptII/ptolemy/actor/lib/test/auto/Clock7.xml
----------------- Instantiating /home/travis/build/icyphy/ptII/ptolemy/actor/lib/test/auto/Clock7.xml
1 ms. Memory: 573440K Free: 485888K (85%)
----------------- Invoking toplevel() on ptolemy.moml.MoMLSimpleApplication@3c61fd10
----------------- Done invoking toplevel() on ptolemy.moml.MoMLSimpleApplication@3c61fd10
reloadAllAccessors: .Clock7

===========================================================================================
----------------- testing Tue Jul 09 04:51:50 UTC 2019 /home/travis/build/icyphy/ptII/ptolemy/actor/lib/test/auto/Clock8.xml
----------------- Instantiating /home/travis/build/icyphy/ptII/ptolemy/actor/lib/test/auto/Clock8.xml
2 ms. Memory: 573440K Free: 480258K (84%)
----------------- Invoking toplevel() on ptolemy.moml.MoMLSimpleApplication@bbcced7
----------------- Done invoking toplevel() on ptolemy.moml.MoMLSimpleApplication@bbcced7
reloadAllAccessors: .Clock8

===========================================================================================
----------------- testing Tue Jul 09 04:51:50 UTC 2019 /home/travis/build/icyphy/ptII/ptolemy/actor/lib/test/auto/Clock9.xml
----------------- Instantiating /home/travis/build/icyphy/ptII/ptolemy/actor/lib/test/auto/Clock9.xml
8 ms. Memory: 573440K Free: 474594K (83%)
----------------- Invoking toplevel() on ptolemy.moml.MoMLSimpleApplication@7ba4f0a7
----------------- Done invoking toplevel() on ptolemy.moml.MoMLSimpleApplication@7ba4f0a7
reloadAllAccessors: .Clock9

===========================================================================================
----------------- testing Tue Jul 09 04:51:50 UTC 2019 /home/travis/build/icyphy/ptII/ptolemy/actor/lib/test/auto/CommDistDiscard.xml
----------------- Instantiating /home/travis/build/icyphy/ptII/ptolemy/actor/lib/test/auto/CommDistDiscard.xml
2 ms. Memory: 573440K Free: 469504K (82%)
----------------- Invoking toplevel() on ptolemy.moml.MoMLSimpleApplication@488450ec
----------------- Done invoking toplevel() on ptolemy.moml.MoMLSimpleApplication@488450ec
reloadAllAccessors: .CommDistDiscard

===========================================================================================
----------------- testing Tue Jul 09 04:51:50 UTC 2019 /home/travis/build/icyphy/ptII/ptolemy/actor/lib/test/auto/Commutator.xml
----------------- Instantiating /home/travis/build/icyphy/ptII/ptolemy/actor/lib/test/auto/Commutator.xml
1 ms. Memory: 573440K Free: 464898K (81%)
----------------- Invoking toplevel() on ptolemy.moml.MoMLSimpleApplication@3f2cf016
----------------- Done invoking toplevel() on ptolemy.moml.MoMLSimpleApplication@3f2cf016
reloadAllAccessors: .Commutator

===========================================================================================
----------------- testing Tue Jul 09 04:51:50 UTC 2019 /home/travis/build/icyphy/ptII/ptolemy/actor/lib/test/auto/Commutator2.xml
----------------- Instantiating /home/travis/build/icyphy/ptII/ptolemy/actor/lib/test/auto/Commutator2.xml
1 ms. Memory: 573440K Free: 460802K (80%)
----------------- Invoking toplevel() on ptolemy.moml.MoMLSimpleApplication@44048621
----------------- Done invoking toplevel() on ptolemy.moml.MoMLSimpleApplication@44048621
reloadAllAccessors: .Commutator2

===========================================================================================
----------------- testing Tue Jul 09 04:51:50 UTC 2019 /home/travis/build/icyphy/ptII/ptolemy/actor/lib/test/auto/Commutator3.xml
----------------- Instantiating /home/travis/build/icyphy/ptII/ptolemy/actor/lib/test/auto/Commutator3.xml
2 ms. Memory: 573440K Free: 456192K (80%)
----------------- Invoking toplevel() on ptolemy.moml.MoMLSimpleApplication@78d60cab
----------------- Done invoking toplevel() on ptolemy.moml.MoMLSimpleApplication@78d60cab
reloadAllAccessors: .Commutator3

===========================================================================================
----------------- testing Tue Jul 09 04:51:50 UTC 2019 /home/travis/build/icyphy/ptII/ptolemy/actor/lib/test/auto/Compare.xml
----------------- Instantiating /home/travis/build/icyphy/ptII/ptolemy/actor/lib/test/auto/Compare.xml
2 ms. Memory: 573440K Free: 449538K (78%)
----------------- Invoking toplevel() on ptolemy.moml.MoMLSimpleApplication@58c633f5
----------------- Done invoking toplevel() on ptolemy.moml.MoMLSimpleApplication@58c633f5
reloadAllAccessors: .Compare

===========================================================================================
----------------- testing Tue Jul 09 04:51:50 UTC 2019 /home/travis/build/icyphy/ptII/ptolemy/actor/lib/test/auto/CompareDE.xml
----------------- Instantiating /home/travis/build/icyphy/ptII/ptolemy/actor/lib/test/auto/CompareDE.xml
3 ms. Memory: 573440K Free: 442866K (77%)
----------------- Invoking toplevel() on ptolemy.moml.MoMLSimpleApplication@5e12fb67
----------------- Done invoking toplevel() on ptolemy.moml.MoMLSimpleApplication@5e12fb67
reloadAllAccessors: .CompareDE

===========================================================================================
----------------- testing Tue Jul 09 04:51:50 UTC 2019 /home/travis/build/icyphy/ptII/ptolemy/actor/lib/test/auto/ComplexDivide.xml
----------------- Instantiating /home/travis/build/icyphy/ptII/ptolemy/actor/lib/test/auto/ComplexDivide.xml
1 ms. Memory: 573440K Free: 438784K (77%)
----------------- Invoking toplevel() on ptolemy.moml.MoMLSimpleApplication@b275b10
----------------- Done invoking toplevel() on ptolemy.moml.MoMLSimpleApplication@b275b10
reloadAllAccessors: .ComplexDivide

===========================================================================================
----------------- testing Tue Jul 09 04:51:50 UTC 2019 /home/travis/build/icyphy/ptII/ptolemy/actor/lib/test/auto/ComputeHistogram.xml
----------------- Instantiating /home/travis/build/icyphy/ptII/ptolemy/actor/lib/test/auto/ComputeHistogram.xml
24 ms. Memory: 573440K Free: 426496K (74%)
----------------- Invoking toplevel() on ptolemy.moml.MoMLSimpleApplication@44ae96ad
----------------- Done invoking toplevel() on ptolemy.moml.MoMLSimpleApplication@44ae96ad
reloadAllAccessors: .ComputeHistogram

===========================================================================================
----------------- testing Tue Jul 09 04:51:50 UTC 2019 /home/travis/build/icyphy/ptII/ptolemy/actor/lib/test/auto/ConfigurationSelect.xml
----------------- Instantiating /home/travis/build/icyphy/ptII/ptolemy/actor/lib/test/auto/ConfigurationSelect.xml
8 ms. Memory: 573440K Free: 420866K (73%)
----------------- Invoking toplevel() on ptolemy.moml.MoMLSimpleApplication@6194db96
----------------- Done invoking toplevel() on ptolemy.moml.MoMLSimpleApplication@6194db96
reloadAllAccessors: .ConfigurationSelect

===========================================================================================
----------------- testing Tue Jul 09 04:51:50 UTC 2019 /home/travis/build/icyphy/ptII/ptolemy/actor/lib/test/auto/ConfigurationSelect2.xml
----------------- Instantiating /home/travis/build/icyphy/ptII/ptolemy/actor/lib/test/auto/ConfigurationSelect2.xml
2 ms. Memory: 573440K Free: 416770K (73%)
----------------- Invoking toplevel() on ptolemy.moml.MoMLSimpleApplication@790de563
----------------- Done invoking toplevel() on ptolemy.moml.MoMLSimpleApplication@790de563
reloadAllAccessors: .ConfigurationSelect2

===========================================================================================
----------------- testing Tue Jul 09 04:51:50 UTC 2019 /home/travis/build/icyphy/ptII/ptolemy/actor/lib/test/auto/ConfigurationSwitch.xml
----------------- Instantiating /home/travis/build/icyphy/ptII/ptolemy/actor/lib/test/auto/ConfigurationSwitch.xml
2 ms. Memory: 573440K Free: 411136K (72%)
----------------- Invoking toplevel() on ptolemy.moml.MoMLSimpleApplication@71c02954
----------------- Done invoking toplevel() on ptolemy.moml.MoMLSimpleApplication@71c02954
reloadAllAccessors: .ConfigurationSwitch

===========================================================================================
----------------- testing Tue Jul 09 04:51:50 UTC 2019 /home/travis/build/icyphy/ptII/ptolemy/actor/lib/test/auto/ConfigurationSwitch2.xml
----------------- Instantiating /home/travis/build/icyphy/ptII/ptolemy/actor/lib/test/auto/ConfigurationSwitch2.xml
4 ms. Memory: 573440K Free: 405506K (71%)
----------------- Invoking toplevel() on ptolemy.moml.MoMLSimpleApplication@554283ca
----------------- Done invoking toplevel() on ptolemy.moml.MoMLSimpleApplication@554283ca
reloadAllAccessors: .ConfigurationSwitch2

===========================================================================================
----------------- testing Tue Jul 09 04:51:50 UTC 2019 /home/travis/build/icyphy/ptII/ptolemy/actor/lib/test/auto/ConfigurationSwitchCloningBugWithClassRelationGroup.xml
----------------- Instantiating /home/travis/build/icyphy/ptII/ptolemy/actor/lib/test/auto/ConfigurationSwitchCloningBugWithClassRelationGroup.xml
2 ms. Memory: 573440K Free: 399362K (70%)
----------------- Invoking toplevel() on ptolemy.moml.MoMLSimpleApplication@69451b35
----------------- Done invoking toplevel() on ptolemy.moml.MoMLSimpleApplication@69451b35
reloadAllAccessors: .ConfigurationSwitchCloningBugWithClassRelationGroup

===========================================================================================
----------------- testing Tue Jul 09 04:51:50 UTC 2019 /home/travis/build/icyphy/ptII/ptolemy/actor/lib/test/auto/ConfigurationSwitchSelectSDF.xml
----------------- Instantiating /home/travis/build/icyphy/ptII/ptolemy/actor/lib/test/auto/ConfigurationSwitchSelectSDF.xml
3 ms. Memory: 573440K Free: 393728K (69%)
----------------- Invoking toplevel() on ptolemy.moml.MoMLSimpleApplication@22e6b2a3
----------------- Done invoking toplevel() on ptolemy.moml.MoMLSimpleApplication@22e6b2a3
reloadAllAccessors: .ConfigurationSwitchSelectSDF

===========================================================================================
----------------- testing Tue Jul 09 04:51:50 UTC 2019 /home/travis/build/icyphy/ptII/ptolemy/actor/lib/test/auto/ConfigurationSwitchSelectSDF2.xml
----------------- Instantiating /home/travis/build/icyphy/ptII/ptolemy/actor/lib/test/auto/ConfigurationSwitchSelectSDF2.xml
2 ms. Memory: 573440K Free: 388608K (68%)
----------------- Invoking toplevel() on ptolemy.moml.MoMLSimpleApplication@92d523c
----------------- Done invoking toplevel() on ptolemy.moml.MoMLSimpleApplication@92d523c
reloadAllAccessors: .ConfigurationSwitchSelectSDF2

===========================================================================================
----------------- testing Tue Jul 09 04:51:50 UTC 2019 /home/travis/build/icyphy/ptII/ptolemy/actor/lib/test/auto/Const.xml
----------------- Instantiating /home/travis/build/icyphy/ptII/ptolemy/actor/lib/test/auto/Const.xml
1 ms. Memory: 573440K Free: 385026K (67%)
----------------- Invoking toplevel() on ptolemy.moml.MoMLSimpleApplication@762a14bf
----------------- Done invoking toplevel() on ptolemy.moml.MoMLSimpleApplication@762a14bf
reloadAllAccessors: .Const

===========================================================================================
----------------- testing Tue Jul 09 04:51:50 UTC 2019 /home/travis/build/icyphy/ptII/ptolemy/actor/lib/test/auto/Const2.xml
----------------- Instantiating /home/travis/build/icyphy/ptII/ptolemy/actor/lib/test/auto/Const2.xml
1 ms. Memory: 573440K Free: 380930K (66%)
----------------- Invoking toplevel() on ptolemy.moml.MoMLSimpleApplication@b0c85e
----------------- Done invoking toplevel() on ptolemy.moml.MoMLSimpleApplication@b0c85e
reloadAllAccessors: .Const2

===========================================================================================
----------------- testing Tue Jul 09 04:51:50 UTC 2019 /home/travis/build/icyphy/ptII/ptolemy/actor/lib/test/auto/Const3.xml
----------------- Instantiating /home/travis/build/icyphy/ptII/ptolemy/actor/lib/test/auto/Const3.xml
1 ms. Memory: 573440K Free: 378368K (66%)
----------------- Invoking toplevel() on ptolemy.moml.MoMLSimpleApplication@6baf434f
----------------- Done invoking toplevel() on ptolemy.moml.MoMLSimpleApplication@6baf434f
reloadAllAccessors: .Const3

===========================================================================================
----------------- testing Tue Jul 09 04:51:50 UTC 2019 /home/travis/build/icyphy/ptII/ptolemy/actor/lib/test/auto/ConstantPublisherPort1.xml
----------------- Instantiating /home/travis/build/icyphy/ptII/ptolemy/actor/lib/test/auto/ConstantPublisherPort1.xml
8 ms. Memory: 573440K Free: 369666K (64%)
----------------- Invoking toplevel() on ptolemy.moml.MoMLSimpleApplication@3916bbaa
----------------- Done invoking toplevel() on ptolemy.moml.MoMLSimpleApplication@3916bbaa
reloadAllAccessors: .ConstantPublisherPort1

===========================================================================================
----------------- testing Tue Jul 09 04:51:50 UTC 2019 /home/travis/build/icyphy/ptII/ptolemy/actor/lib/test/auto/ConstantPublisherPort2.xml
----------------- Instantiating /home/travis/build/icyphy/ptII/ptolemy/actor/lib/test/auto/ConstantPublisherPort2.xml
11 ms. Memory: 573440K Free: 362498K (63%)
----------------- Invoking toplevel() on ptolemy.moml.MoMLSimpleApplication@5cc7df21
----------------- Done invoking toplevel() on ptolemy.moml.MoMLSimpleApplication@5cc7df21
reloadAllAccessors: .ConstantPublisherPort2

===========================================================================================
----------------- testing Tue Jul 09 04:51:50 UTC 2019 /home/travis/build/icyphy/ptII/ptolemy/actor/lib/test/auto/ConstantPublisherPort3.xml
----------------- Instantiating /home/travis/build/icyphy/ptII/ptolemy/actor/lib/test/auto/ConstantPublisherPort3.xml
5 ms. Memory: 573440K Free: 354816K (62%)
----------------- Invoking toplevel() on ptolemy.moml.MoMLSimpleApplication@5b496acc
----------------- Done invoking toplevel() on ptolemy.moml.MoMLSimpleApplication@5b496acc
reloadAllAccessors: .ConstantPublisherPort3

===========================================================================================
----------------- testing Tue Jul 09 04:51:50 UTC 2019 /home/travis/build/icyphy/ptII/ptolemy/actor/lib/test/auto/ConstantPublisherPort4.xml
----------------- Instantiating /home/travis/build/icyphy/ptII/ptolemy/actor/lib/test/auto/ConstantPublisherPort4.xml
2 ms. Memory: 573440K Free: 347634K (61%)
----------------- Invoking toplevel() on ptolemy.moml.MoMLSimpleApplication@688ce149
----------------- Done invoking toplevel() on ptolemy.moml.MoMLSimpleApplication@688ce149
reloadAllAccessors: .ConstantPublisherPort4

===========================================================================================
----------------- testing Tue Jul 09 04:51:50 UTC 2019 /home/travis/build/icyphy/ptII/ptolemy/actor/lib/test/auto/ConstantPublisherPort5.xml
----------------- Instantiating /home/travis/build/icyphy/ptII/ptolemy/actor/lib/test/auto/ConstantPublisherPort5.xml
32 ms. Memory: 573440K Free: 338432K (59%)
----------------- Invoking toplevel() on ptolemy.moml.MoMLSimpleApplication@fa15d4b
----------------- Done invoking toplevel() on ptolemy.moml.MoMLSimpleApplication@fa15d4b
reloadAllAccessors: .ConstantPublisherPort5

===========================================================================================
----------------- testing Tue Jul 09 04:51:50 UTC 2019 /home/travis/build/icyphy/ptII/ptolemy/actor/lib/test/auto/ConstantPublisherPort6.xml
----------------- Instantiating /home/travis/build/icyphy/ptII/ptolemy/actor/lib/test/auto/ConstantPublisherPort6.xml
14 ms. Memory: 573440K Free: 329216K (57%)
----------------- Invoking toplevel() on ptolemy.moml.MoMLSimpleApplication@1430aa70
----------------- Done invoking toplevel() on ptolemy.moml.MoMLSimpleApplication@1430aa70
reloadAllAccessors: .ConstantPublisherPort6

===========================================================================================
----------------- testing Tue Jul 09 04:51:50 UTC 2019 /home/travis/build/icyphy/ptII/ptolemy/actor/lib/test/auto/ConstantPublisherPort7.xml
----------------- Instantiating /home/travis/build/icyphy/ptII/ptolemy/actor/lib/test/auto/ConstantPublisherPort7.xml
24 ms. Memory: 573440K Free: 320000K (56%)
----------------- Invoking toplevel() on ptolemy.moml.MoMLSimpleApplication@36ac422e
----------------- Done invoking toplevel() on ptolemy.moml.MoMLSimpleApplication@36ac422e
reloadAllAccessors: .ConstantPublisherPort7

===========================================================================================
----------------- testing Tue Jul 09 04:51:50 UTC 2019 /home/travis/build/icyphy/ptII/ptolemy/actor/lib/test/auto/ConstraintMonitor1.xml
----------------- Instantiating /home/travis/build/icyphy/ptII/ptolemy/actor/lib/test/auto/ConstraintMonitor1.xml
7 ms. Memory: 573440K Free: 314880K (55%)
----------------- Invoking toplevel() on ptolemy.moml.MoMLSimpleApplication@13bbcb8d
----------------- Done invoking toplevel() on ptolemy.moml.MoMLSimpleApplication@13bbcb8d
reloadAllAccessors: .ConstraintMonitor1

===========================================================================================
----------------- testing Tue Jul 09 04:51:50 UTC 2019 /home/travis/build/icyphy/ptII/ptolemy/actor/lib/test/auto/ConstraintMonitor2.xml
----------------- Instantiating /home/travis/build/icyphy/ptII/ptolemy/actor/lib/test/auto/ConstraintMonitor2.xml
2 ms. Memory: 573440K Free: 310274K (54%)
----------------- Invoking toplevel() on ptolemy.moml.MoMLSimpleApplication@6a2a561
----------------- Done invoking toplevel() on ptolemy.moml.MoMLSimpleApplication@6a2a561
reloadAllAccessors: .ConstraintMonitor2

===========================================================================================
----------------- testing Tue Jul 09 04:51:50 UTC 2019 /home/travis/build/icyphy/ptII/ptolemy/actor/lib/test/auto/ConstraintMonitor3.xml
----------------- Instantiating /home/travis/build/icyphy/ptII/ptolemy/actor/lib/test/auto/ConstraintMonitor3.xml
2 ms. Memory: 573440K Free: 306178K (53%)
----------------- Invoking toplevel() on ptolemy.moml.MoMLSimpleApplication@64cb350b
----------------- Done invoking toplevel() on ptolemy.moml.MoMLSimpleApplication@64cb350b
reloadAllAccessors: .ConstraintMonitor3

===========================================================================================
----------------- testing Tue Jul 09 04:51:51 UTC 2019 /home/travis/build/icyphy/ptII/ptolemy/actor/lib/test/auto/ConstraintMonitor4.xml
----------------- Instantiating /home/travis/build/icyphy/ptII/ptolemy/actor/lib/test/auto/ConstraintMonitor4.xml
5 ms. Memory: 573440K Free: 301058K (53%)
----------------- Invoking toplevel() on ptolemy.moml.MoMLSimpleApplication@79074470
----------------- Done invoking toplevel() on ptolemy.moml.MoMLSimpleApplication@79074470
reloadAllAccessors: .ConstraintMonitor4

===========================================================================================
----------------- testing Tue Jul 09 04:51:51 UTC 2019 /home/travis/build/icyphy/ptII/ptolemy/actor/lib/test/auto/ConstraintMonitor5.xml
----------------- Instantiating /home/travis/build/icyphy/ptII/ptolemy/actor/lib/test/auto/ConstraintMonitor5.xml
1 ms. Memory: 573440K Free: 296448K (52%)
----------------- Invoking toplevel() on ptolemy.moml.MoMLSimpleApplication@c727e3a
----------------- Done invoking toplevel() on ptolemy.moml.MoMLSimpleApplication@c727e3a
reloadAllAccessors: .ConstraintMonitor5

===========================================================================================
----------------- testing Tue Jul 09 04:51:51 UTC 2019 /home/travis/build/icyphy/ptII/ptolemy/actor/lib/test/auto/ConstraintMonitor6.xml
----------------- Instantiating /home/travis/build/icyphy/ptII/ptolemy/actor/lib/test/auto/ConstraintMonitor6.xml
9 ms. Memory: 573440K Free: 290298K (51%)
----------------- Invoking toplevel() on ptolemy.moml.MoMLSimpleApplication@35e98fb5
----------------- Done invoking toplevel() on ptolemy.moml.MoMLSimpleApplication@35e98fb5
reloadAllAccessors: .ConstraintMonitor6

===========================================================================================
----------------- testing Tue Jul 09 04:51:51 UTC 2019 /home/travis/build/icyphy/ptII/ptolemy/actor/lib/test/auto/ConstraintMonitor7.xml
----------------- Instantiating /home/travis/build/icyphy/ptII/ptolemy/actor/lib/test/auto/ConstraintMonitor7.xml
2 ms. Memory: 573440K Free: 283650K (49%)
----------------- Invoking toplevel() on ptolemy.moml.MoMLSimpleApplication@60103a00
----------------- Done invoking toplevel() on ptolemy.moml.MoMLSimpleApplication@60103a00
reloadAllAccessors: .ConstraintMonitor7

===========================================================================================
----------------- testing Tue Jul 09 04:51:51 UTC 2019 /home/travis/build/icyphy/ptII/ptolemy/actor/lib/test/auto/ConstraintMonitor8.xml
----------------- Instantiating /home/travis/build/icyphy/ptII/ptolemy/actor/lib/test/auto/ConstraintMonitor8.xml
8 ms. Memory: 573440K Free: 276482K (48%)
----------------- Invoking toplevel() on ptolemy.moml.MoMLSimpleApplication@6a4631cb
----------------- Done invoking toplevel() on ptolemy.moml.MoMLSimpleApplication@6a4631cb
reloadAllAccessors: .ConstraintMonitor8

===========================================================================================
----------------- testing Tue Jul 09 04:51:51 UTC 2019 /home/travis/build/icyphy/ptII/ptolemy/actor/lib/test/auto/Counter.xml
----------------- Instantiating /home/travis/build/icyphy/ptII/ptolemy/actor/lib/test/auto/Counter.xml
2 ms. Memory: 573440K Free: 271362K (47%)
----------------- Invoking toplevel() on ptolemy.moml.MoMLSimpleApplication@5adcd671
----------------- Done invoking toplevel() on ptolemy.moml.MoMLSimpleApplication@5adcd671
reloadAllAccessors: .Counter

===========================================================================================
----------------- testing Tue Jul 09 04:51:51 UTC 2019 /home/travis/build/icyphy/ptII/ptolemy/actor/lib/test/auto/CurrentTimeSDF.xml
----------------- Instantiating /home/travis/build/icyphy/ptII/ptolemy/actor/lib/test/auto/CurrentTimeSDF.xml
2 ms. Memory: 573440K Free: 267266K (47%)
----------------- Invoking toplevel() on ptolemy.moml.MoMLSimpleApplication@2c77564e
----------------- Done invoking toplevel() on ptolemy.moml.MoMLSimpleApplication@2c77564e
reloadAllAccessors: .CurrentTimeSDF

===========================================================================================
----------------- testing Tue Jul 09 04:51:51 UTC 2019 /home/travis/build/icyphy/ptII/ptolemy/actor/lib/test/auto/DB.xml
----------------- Instantiating /home/travis/build/icyphy/ptII/ptolemy/actor/lib/test/auto/DB.xml
1 ms. Memory: 573440K Free: 262656K (46%)
----------------- Invoking toplevel() on ptolemy.moml.MoMLSimpleApplication@427b86d7
----------------- Done invoking toplevel() on ptolemy.moml.MoMLSimpleApplication@427b86d7
reloadAllAccessors: .DB

===========================================================================================
----------------- testing Tue Jul 09 04:51:51 UTC 2019 /home/travis/build/icyphy/ptII/ptolemy/actor/lib/test/auto/DBDE.xml
----------------- Instantiating /home/travis/build/icyphy/ptII/ptolemy/actor/lib/test/auto/DBDE.xml
2 ms. Memory: 573440K Free: 256482K (45%)
----------------- Invoking toplevel() on ptolemy.moml.MoMLSimpleApplication@7edbac07
----------------- Done invoking toplevel() on ptolemy.moml.MoMLSimpleApplication@7edbac07
reloadAllAccessors: .DBDE

===========================================================================================
----------------- testing Tue Jul 09 04:51:51 UTC 2019 /home/travis/build/icyphy/ptII/ptolemy/actor/lib/test/auto/DateConstructor.xml
----------------- Instantiating /home/travis/build/icyphy/ptII/ptolemy/actor/lib/test/auto/DateConstructor.xml
29 ms. Memory: 573440K Free: 239104K (42%)
----------------- Invoking toplevel() on ptolemy.moml.MoMLSimpleApplication@13d3292b
----------------- Done invoking toplevel() on ptolemy.moml.MoMLSimpleApplication@13d3292b
reloadAllAccessors: .DateConstructor

===========================================================================================
----------------- testing Tue Jul 09 04:51:51 UTC 2019 /home/travis/build/icyphy/ptII/ptolemy/actor/lib/test/auto/DelayTime.xml
----------------- Instantiating /home/travis/build/icyphy/ptII/ptolemy/actor/lib/test/auto/DelayTime.xml
9 ms. Memory: 573440K Free: 234498K (41%)
----------------- Invoking toplevel() on ptolemy.moml.MoMLSimpleApplication@7f5e06fe
----------------- Done invoking toplevel() on ptolemy.moml.MoMLSimpleApplication@7f5e06fe
reloadAllAccessors: .DelayTime

===========================================================================================
----------------- testing Tue Jul 09 04:51:51 UTC 2019 /home/travis/build/icyphy/ptII/ptolemy/actor/lib/test/auto/Dictionary1.xml
----------------- Instantiating /home/travis/build/icyphy/ptII/ptolemy/actor/lib/test/auto/Dictionary1.xml
2 ms. Memory: 573440K Free: 228864K (40%)
----------------- Invoking toplevel() on ptolemy.moml.MoMLSimpleApplication@7d97e2d0
----------------- Done invoking toplevel() on ptolemy.moml.MoMLSimpleApplication@7d97e2d0
reloadAllAccessors: .Dictionary1

===========================================================================================
----------------- testing Tue Jul 09 04:51:51 UTC 2019 /home/travis/build/icyphy/ptII/ptolemy/actor/lib/test/auto/Dictionary2.xml
----------------- Instantiating /home/travis/build/icyphy/ptII/ptolemy/actor/lib/test/auto/Dictionary2.xml
11 ms. Memory: 573440K Free: 223234K (39%)
----------------- Invoking toplevel() on ptolemy.moml.MoMLSimpleApplication@afa8a47
----------------- Done invoking toplevel() on ptolemy.moml.MoMLSimpleApplication@afa8a47
reloadAllAccessors: .Dictionary2

===========================================================================================
----------------- testing Tue Jul 09 04:51:51 UTC 2019 /home/travis/build/icyphy/ptII/ptolemy/actor/lib/test/auto/Dictionary3.xml
----------------- Instantiating /home/travis/build/icyphy/ptII/ptolemy/actor/lib/test/auto/Dictionary3.xml
1 ms. Memory: 573440K Free: 218114K (38%)
----------------- Invoking toplevel() on ptolemy.moml.MoMLSimpleApplication@6ec14f42
----------------- Done invoking toplevel() on ptolemy.moml.MoMLSimpleApplication@6ec14f42
reloadAllAccessors: .Dictionary3

===========================================================================================
----------------- testing Tue Jul 09 04:51:51 UTC 2019 /home/travis/build/icyphy/ptII/ptolemy/actor/lib/test/auto/Dictionary4.xml
----------------- Instantiating /home/travis/build/icyphy/ptII/ptolemy/actor/lib/test/auto/Dictionary4.xml
3 ms. Memory: 573440K Free: 210946K (37%)
----------------- Invoking toplevel() on ptolemy.moml.MoMLSimpleApplication@431f5535
----------------- Done invoking toplevel() on ptolemy.moml.MoMLSimpleApplication@431f5535
reloadAllAccessors: .Dictionary4

===========================================================================================
----------------- testing Tue Jul 09 04:51:51 UTC 2019 /home/travis/build/icyphy/ptII/ptolemy/actor/lib/test/auto/Differential.xml
----------------- Instantiating /home/travis/build/icyphy/ptII/ptolemy/actor/lib/test/auto/Differential.xml
3 ms. Memory: 573440K Free: 206336K (36%)
----------------- Invoking toplevel() on ptolemy.moml.MoMLSimpleApplication@accfce8
----------------- Done invoking toplevel() on ptolemy.moml.MoMLSimpleApplication@accfce8
reloadAllAccessors: .Differential

===========================================================================================
----------------- testing Tue Jul 09 04:51:51 UTC 2019 /home/travis/build/icyphy/ptII/ptolemy/actor/lib/test/auto/Director.xml
----------------- Instantiating /home/travis/build/icyphy/ptII/ptolemy/actor/lib/test/auto/Director.xml
2 ms. Memory: 573440K Free: 202754K (35%)
----------------- Invoking toplevel() on ptolemy.moml.MoMLSimpleApplication@1a5a9eab
----------------- Done invoking toplevel() on ptolemy.moml.MoMLSimpleApplication@1a5a9eab
reloadAllAccessors: .Director

===========================================================================================
----------------- testing Tue Jul 09 04:51:51 UTC 2019 /home/travis/build/icyphy/ptII/ptolemy/actor/lib/test/auto/DiscreteClock.xml
----------------- Instantiating /home/travis/build/icyphy/ptII/ptolemy/actor/lib/test/auto/DiscreteClock.xml
1 ms. Memory: 573440K Free: 199168K (35%)
----------------- Invoking toplevel() on ptolemy.moml.MoMLSimpleApplication@4c8cebd3
----------------- Done invoking toplevel() on ptolemy.moml.MoMLSimpleApplication@4c8cebd3
reloadAllAccessors: .DiscreteClock

===========================================================================================
----------------- testing Tue Jul 09 04:51:51 UTC 2019 /home/travis/build/icyphy/ptII/ptolemy/actor/lib/test/auto/DiscreteClock10.xml
----------------- Instantiating /home/travis/build/icyphy/ptII/ptolemy/actor/lib/test/auto/DiscreteClock10.xml
4 ms. Memory: 573440K Free: 193024K (34%)
----------------- Invoking toplevel() on ptolemy.moml.MoMLSimpleApplication@2bff38da
----------------- Done invoking toplevel() on ptolemy.moml.MoMLSimpleApplication@2bff38da
reloadAllAccessors: .DiscreteClock10

===========================================================================================
----------------- testing Tue Jul 09 04:51:51 UTC 2019 /home/travis/build/icyphy/ptII/ptolemy/actor/lib/test/auto/DiscreteClock11.xml
----------------- Instantiating /home/travis/build/icyphy/ptII/ptolemy/actor/lib/test/auto/DiscreteClock11.xml
3 ms. Memory: 573440K Free: 186880K (33%)
----------------- Invoking toplevel() on ptolemy.moml.MoMLSimpleApplication@393d871a
----------------- Done invoking toplevel() on ptolemy.moml.MoMLSimpleApplication@393d871a
reloadAllAccessors: .DiscreteClock11

===========================================================================================
----------------- testing Tue Jul 09 04:51:51 UTC 2019 /home/travis/build/icyphy/ptII/ptolemy/actor/lib/test/auto/DiscreteClock12.xml
----------------- Instantiating /home/travis/build/icyphy/ptII/ptolemy/actor/lib/test/auto/DiscreteClock12.xml
3 ms. Memory: 573440K Free: 522959K (91%)
----------------- Invoking toplevel() on ptolemy.moml.MoMLSimpleApplication@279e52bf
----------------- Done invoking toplevel() on ptolemy.moml.MoMLSimpleApplication@279e52bf
reloadAllAccessors: .DiscreteClock12

===========================================================================================
----------------- testing Tue Jul 09 04:51:51 UTC 2019 /home/travis/build/icyphy/ptII/ptolemy/actor/lib/test/auto/DiscreteClock13.xml
----------------- Instantiating /home/travis/build/icyphy/ptII/ptolemy/actor/lib/test/auto/DiscreteClock13.xml
7 ms. Memory: 573440K Free: 516815K (90%)
----------------- Invoking toplevel() on ptolemy.moml.MoMLSimpleApplication@4eef909d
----------------- Done invoking toplevel() on ptolemy.moml.MoMLSimpleApplication@4eef909d
reloadAllAccessors: .DiscreteClock13

===========================================================================================
----------------- testing Tue Jul 09 04:51:51 UTC 2019 /home/travis/build/icyphy/ptII/ptolemy/actor/lib/test/auto/DiscreteClock14.xml
----------------- Instantiating /home/travis/build/icyphy/ptII/ptolemy/actor/lib/test/auto/DiscreteClock14.xml
6 ms. Memory: 573440K Free: 510671K (89%)
----------------- Invoking toplevel() on ptolemy.moml.MoMLSimpleApplication@2470b4cb
----------------- Done invoking toplevel() on ptolemy.moml.MoMLSimpleApplication@2470b4cb
reloadAllAccessors: .DiscreteClock14

===========================================================================================
----------------- testing Tue Jul 09 04:51:51 UTC 2019 /home/travis/build/icyphy/ptII/ptolemy/actor/lib/test/auto/DiscreteClock15.xml
----------------- Instantiating /home/travis/build/icyphy/ptII/ptolemy/actor/lib/test/auto/DiscreteClock15.xml
5 ms. Memory: 573440K Free: 504527K (88%)
----------------- Invoking toplevel() on ptolemy.moml.MoMLSimpleApplication@184204c9
----------------- Done invoking toplevel() on ptolemy.moml.MoMLSimpleApplication@184204c9
reloadAllAccessors: .DiscreteClock15

===========================================================================================
----------------- testing Tue Jul 09 04:51:51 UTC 2019 /home/travis/build/icyphy/ptII/ptolemy/actor/lib/test/auto/DiscreteClock16.xml
----------------- Instantiating /home/travis/build/icyphy/ptII/ptolemy/actor/lib/test/auto/DiscreteClock16.xml
19 ms. Memory: 573440K Free: 491711K (86%)
----------------- Invoking toplevel() on ptolemy.moml.MoMLSimpleApplication@36bee219
----------------- Done invoking toplevel() on ptolemy.moml.MoMLSimpleApplication@36bee219
reloadAllAccessors: .DiscreteClock16

===========================================================================================
----------------- testing Tue Jul 09 04:51:51 UTC 2019 /home/travis/build/icyphy/ptII/ptolemy/actor/lib/test/auto/DiscreteClock17.xml
----------------- Instantiating /home/travis/build/icyphy/ptII/ptolemy/actor/lib/test/auto/DiscreteClock17.xml
19 ms. Memory: 573440K Free: 477383K (83%)
----------------- Invoking toplevel() on ptolemy.moml.MoMLSimpleApplication@69e9170
----------------- Done invoking toplevel() on ptolemy.moml.MoMLSimpleApplication@69e9170
reloadAllAccessors: .DiscreteClock17

===========================================================================================
----------------- testing Tue Jul 09 04:51:51 UTC 2019 /home/travis/build/icyphy/ptII/ptolemy/actor/lib/test/auto/DiscreteClock18.xml
----------------- Instantiating /home/travis/build/icyphy/ptII/ptolemy/actor/lib/test/auto/DiscreteClock18.xml
28 ms. Memory: 573440K Free: 464077K (81%)
----------------- Invoking toplevel() on ptolemy.moml.MoMLSimpleApplication@201c50c3
----------------- Done invoking toplevel() on ptolemy.moml.MoMLSimpleApplication@201c50c3
reloadAllAccessors: .DiscreteClock18

===========================================================================================
----------------- testing Tue Jul 09 04:51:51 UTC 2019 /home/travis/build/icyphy/ptII/ptolemy/actor/lib/test/auto/DiscreteClock19.xml
----------------- Instantiating /home/travis/build/icyphy/ptII/ptolemy/actor/lib/test/auto/DiscreteClock19.xml
21 ms. Memory: 573440K Free: 450751K (79%)
----------------- Invoking toplevel() on ptolemy.moml.MoMLSimpleApplication@47c72946
----------------- Done invoking toplevel() on ptolemy.moml.MoMLSimpleApplication@47c72946
reloadAllAccessors: .DiscreteClock19

===========================================================================================
----------------- testing Tue Jul 09 04:51:51 UTC 2019 /home/travis/build/icyphy/ptII/ptolemy/actor/lib/test/auto/DiscreteClock2.xml
----------------- Instantiating /home/travis/build/icyphy/ptII/ptolemy/actor/lib/test/auto/DiscreteClock2.xml
4 ms. Memory: 573440K Free: 446159K (78%)
----------------- Invoking toplevel() on ptolemy.moml.MoMLSimpleApplication@5fbe0e0
----------------- Done invoking toplevel() on ptolemy.moml.MoMLSimpleApplication@5fbe0e0
reloadAllAccessors: .DiscreteClock2

===========================================================================================
----------------- testing Tue Jul 09 04:51:51 UTC 2019 /home/travis/build/icyphy/ptII/ptolemy/actor/lib/test/auto/DiscreteClock20.xml
----------------- Instantiating /home/travis/build/icyphy/ptII/ptolemy/actor/lib/test/auto/DiscreteClock20.xml
7 ms. Memory: 573440K Free: 440525K (77%)
----------------- Invoking toplevel() on ptolemy.moml.MoMLSimpleApplication@7aec17fa
----------------- Done invoking toplevel() on ptolemy.moml.MoMLSimpleApplication@7aec17fa
reloadAllAccessors: .DiscreteClock20

===========================================================================================
----------------- testing Tue Jul 09 04:51:51 UTC 2019 /home/travis/build/icyphy/ptII/ptolemy/actor/lib/test/auto/DiscreteClock21.xml
----------------- Instantiating /home/travis/build/icyphy/ptII/ptolemy/actor/lib/test/auto/DiscreteClock21.xml
6 ms. Memory: 573440K Free: 434895K (76%)
----------------- Invoking toplevel() on ptolemy.moml.MoMLSimpleApplication@3dc0cb85
----------------- Done invoking toplevel() on ptolemy.moml.MoMLSimpleApplication@3dc0cb85
reloadAllAccessors: .DiscreteClock21

===========================================================================================
----------------- testing Tue Jul 09 04:51:51 UTC 2019 /home/travis/build/icyphy/ptII/ptolemy/actor/lib/test/auto/DiscreteClock22.xml
----------------- Instantiating /home/travis/build/icyphy/ptII/ptolemy/actor/lib/test/auto/DiscreteClock22.xml
6 ms. Memory: 573440K Free: 429261K (75%)
----------------- Invoking toplevel() on ptolemy.moml.MoMLSimpleApplication@37fd467a
----------------- Done invoking toplevel() on ptolemy.moml.MoMLSimpleApplication@37fd467a
reloadAllAccessors: .DiscreteClock22

===========================================================================================
----------------- testing Tue Jul 09 04:51:51 UTC 2019 /home/travis/build/icyphy/ptII/ptolemy/actor/lib/test/auto/DiscreteClock23.xml
----------------- Instantiating /home/travis/build/icyphy/ptII/ptolemy/actor/lib/test/auto/DiscreteClock23.xml
11 ms. Memory: 573440K Free: 423631K (74%)
----------------- Invoking toplevel() on ptolemy.moml.MoMLSimpleApplication@5fbd0e1
----------------- Done invoking toplevel() on ptolemy.moml.MoMLSimpleApplication@5fbd0e1
reloadAllAccessors: .DiscreteClock23

===========================================================================================
----------------- testing Tue Jul 09 04:51:51 UTC 2019 /home/travis/build/icyphy/ptII/ptolemy/actor/lib/test/auto/DiscreteClock24.xml
----------------- Instantiating /home/travis/build/icyphy/ptII/ptolemy/actor/lib/test/auto/DiscreteClock24.xml
4 ms. Memory: 573440K Free: 418511K (73%)
----------------- Invoking toplevel() on ptolemy.moml.MoMLSimpleApplication@6c6dcf54
----------------- Done invoking toplevel() on ptolemy.moml.MoMLSimpleApplication@6c6dcf54
reloadAllAccessors: .DiscreteClock24

===========================================================================================
----------------- testing Tue Jul 09 04:51:51 UTC 2019 /home/travis/build/icyphy/ptII/ptolemy/actor/lib/test/auto/DiscreteClock4.xml
----------------- Instantiating /home/travis/build/icyphy/ptII/ptolemy/actor/lib/test/auto/DiscreteClock4.xml
4 ms. Memory: 573440K Free: 412877K (72%)
----------------- Invoking toplevel() on ptolemy.moml.MoMLSimpleApplication@7e3ede44
----------------- Done invoking toplevel() on ptolemy.moml.MoMLSimpleApplication@7e3ede44
reloadAllAccessors: .DiscreteClock4

===========================================================================================
----------------- testing Tue Jul 09 04:51:52 UTC 2019 /home/travis/build/icyphy/ptII/ptolemy/actor/lib/test/auto/DiscreteClock5.xml
----------------- Instantiating /home/travis/build/icyphy/ptII/ptolemy/actor/lib/test/auto/DiscreteClock5.xml
1 ms. Memory: 573440K Free: 407247K (71%)
----------------- Invoking toplevel() on ptolemy.moml.MoMLSimpleApplication@2fe9fab7
----------------- Done invoking toplevel() on ptolemy.moml.MoMLSimpleApplication@2fe9fab7
reloadAllAccessors: .DiscreteClock5

===========================================================================================
----------------- testing Tue Jul 09 04:51:52 UTC 2019 /home/travis/build/icyphy/ptII/ptolemy/actor/lib/test/auto/DiscreteClock6.xml
----------------- Instantiating /home/travis/build/icyphy/ptII/ptolemy/actor/lib/test/auto/DiscreteClock6.xml
1 ms. Memory: 573440K Free: 403151K (70%)
----------------- Invoking toplevel() on ptolemy.moml.MoMLSimpleApplication@3466ff63
----------------- Done invoking toplevel() on ptolemy.moml.MoMLSimpleApplication@3466ff63
reloadAllAccessors: .DiscreteClock6

===========================================================================================
----------------- testing Tue Jul 09 04:51:52 UTC 2019 /home/travis/build/icyphy/ptII/ptolemy/actor/lib/test/auto/DiscreteClock7.xml
----------------- Instantiating /home/travis/build/icyphy/ptII/ptolemy/actor/lib/test/auto/DiscreteClock7.xml
2 ms. Memory: 573440K Free: 398541K (70%)
----------------- Invoking toplevel() on ptolemy.moml.MoMLSimpleApplication@76fd3d76
----------------- Done invoking toplevel() on ptolemy.moml.MoMLSimpleApplication@76fd3d76
reloadAllAccessors: .DiscreteClock7

===========================================================================================
----------------- testing Tue Jul 09 04:51:52 UTC 2019 /home/travis/build/icyphy/ptII/ptolemy/actor/lib/test/auto/DiscreteClock8.xml
----------------- Instantiating /home/travis/build/icyphy/ptII/ptolemy/actor/lib/test/auto/DiscreteClock8.xml
6 ms. Memory: 573440K Free: 392911K (69%)
----------------- Invoking toplevel() on ptolemy.moml.MoMLSimpleApplication@6f24f84e
----------------- Done invoking toplevel() on ptolemy.moml.MoMLSimpleApplication@6f24f84e
reloadAllAccessors: .DiscreteClock8

===========================================================================================
----------------- testing Tue Jul 09 04:51:52 UTC 2019 /home/travis/build/icyphy/ptII/ptolemy/actor/lib/test/auto/DiscreteClock9.xml
----------------- Instantiating /home/travis/build/icyphy/ptII/ptolemy/actor/lib/test/auto/DiscreteClock9.xml
4 ms. Memory: 573440K Free: 387271K (68%)
----------------- Invoking toplevel() on ptolemy.moml.MoMLSimpleApplication@4ff5a8d
----------------- Done invoking toplevel() on ptolemy.moml.MoMLSimpleApplication@4ff5a8d
reloadAllAccessors: .DiscreteClock9

===========================================================================================
----------------- testing Tue Jul 09 04:51:52 UTC 2019 /home/travis/build/icyphy/ptII/ptolemy/actor/lib/test/auto/DisplayArray.xml
----------------- Instantiating /home/travis/build/icyphy/ptII/ptolemy/actor/lib/test/auto/DisplayArray.xml
2 ms. Memory: 573440K Free: 383695K (67%)
----------------- Invoking toplevel() on ptolemy.moml.MoMLSimpleApplication@536a5fa1
----------------- Done invoking toplevel() on ptolemy.moml.MoMLSimpleApplication@536a5fa1
reloadAllAccessors: .DisplayArray

===========================================================================================
----------------- testing Tue Jul 09 04:51:52 UTC 2019 /home/travis/build/icyphy/ptII/ptolemy/actor/lib/test/auto/Distributor.xml
----------------- Instantiating /home/travis/build/icyphy/ptII/ptolemy/actor/lib/test/auto/Distributor.xml
1 ms. Memory: 573440K Free: 379085K (66%)
----------------- Invoking toplevel() on ptolemy.moml.MoMLSimpleApplication@13b5794f
----------------- Done invoking toplevel() on ptolemy.moml.MoMLSimpleApplication@13b5794f
reloadAllAccessors: .Distributor

===========================================================================================
----------------- testing Tue Jul 09 04:51:52 UTC 2019 /home/travis/build/icyphy/ptII/ptolemy/actor/lib/test/auto/Distributor2.xml
----------------- Instantiating /home/travis/build/icyphy/ptII/ptolemy/actor/lib/test/auto/Distributor2.xml
1 ms. Memory: 573440K Free: 374479K (65%)
----------------- Invoking toplevel() on ptolemy.moml.MoMLSimpleApplication@5e2508a
----------------- Done invoking toplevel() on ptolemy.moml.MoMLSimpleApplication@5e2508a
reloadAllAccessors: .Distributor2

===========================================================================================
----------------- testing Tue Jul 09 04:51:52 UTC 2019 /home/travis/build/icyphy/ptII/ptolemy/actor/lib/test/auto/DownSample.xml
----------------- Instantiating /home/travis/build/icyphy/ptII/ptolemy/actor/lib/test/auto/DownSample.xml
2 ms. Memory: 573440K Free: 369869K (65%)
----------------- Invoking toplevel() on ptolemy.moml.MoMLSimpleApplication@cd527fa
----------------- Done invoking toplevel() on ptolemy.moml.MoMLSimpleApplication@cd527fa
reloadAllAccessors: .DownSample

===========================================================================================
----------------- testing Tue Jul 09 04:51:52 UTC 2019 /home/travis/build/icyphy/ptII/ptolemy/actor/lib/test/auto/ElectronicUnitBase1.xml
----------------- Instantiating /home/travis/build/icyphy/ptII/ptolemy/actor/lib/test/auto/ElectronicUnitBase1.xml
17 ms. Memory: 573440K Free: 353999K (62%)
----------------- Invoking toplevel() on ptolemy.moml.MoMLSimpleApplication@218d0944
----------------- Done invoking toplevel() on ptolemy.moml.MoMLSimpleApplication@218d0944
reloadAllAccessors: .ElectronicUnitBase1

===========================================================================================
----------------- testing Tue Jul 09 04:51:52 UTC 2019 /home/travis/build/icyphy/ptII/ptolemy/actor/lib/test/auto/ElementsToArray.xml
----------------- Instantiating /home/travis/build/icyphy/ptII/ptolemy/actor/lib/test/auto/ElementsToArray.xml
3 ms. Memory: 573440K Free: 348879K (61%)
----------------- Invoking toplevel() on ptolemy.moml.MoMLSimpleApplication@3500c5be
----------------- Done invoking toplevel() on ptolemy.moml.MoMLSimpleApplication@3500c5be
reloadAllAccessors: .ElementsToArray

===========================================================================================
----------------- testing Tue Jul 09 04:51:52 UTC 2019 /home/travis/build/icyphy/ptII/ptolemy/actor/lib/test/auto/Equals.xml
----------------- Instantiating /home/travis/build/icyphy/ptII/ptolemy/actor/lib/test/auto/Equals.xml
4 ms. Memory: 573440K Free: 344783K (60%)
----------------- Invoking toplevel() on ptolemy.moml.MoMLSimpleApplication@2e92e450
----------------- Done invoking toplevel() on ptolemy.moml.MoMLSimpleApplication@2e92e450
reloadAllAccessors: .Equals

===========================================================================================
----------------- testing Tue Jul 09 04:51:52 UTC 2019 /home/travis/build/icyphy/ptII/ptolemy/actor/lib/test/auto/Exec.xml
----------------- Instantiating /home/travis/build/icyphy/ptII/ptolemy/actor/lib/test/auto/Exec.xml
22 ms. Memory: 573440K Free: 339149K (59%)
----------------- Invoking toplevel() on ptolemy.moml.MoMLSimpleApplication@3469bcbe
----------------- Done invoking toplevel() on ptolemy.moml.MoMLSimpleApplication@3469bcbe
reloadAllAccessors: .Exec

===========================================================================================
----------------- testing Tue Jul 09 04:51:52 UTC 2019 /home/travis/build/icyphy/ptII/ptolemy/actor/lib/test/auto/ExecEnvironment.xml
----------------- Instantiating /home/travis/build/icyphy/ptII/ptolemy/actor/lib/test/auto/ExecEnvironment.xml
42 ms. Memory: 573440K Free: 334015K (58%)
----------------- Invoking toplevel() on ptolemy.moml.MoMLSimpleApplication@677180f6
----------------- Done invoking toplevel() on ptolemy.moml.MoMLSimpleApplication@677180f6
reloadAllAccessors: .ExecEnvironment

===========================================================================================
----------------- testing Tue Jul 09 04:51:52 UTC 2019 /home/travis/build/icyphy/ptII/ptolemy/actor/lib/test/auto/ExecNonZeroReturnOutput.xml
----------------- Instantiating /home/travis/build/icyphy/ptII/ptolemy/actor/lib/test/auto/ExecNonZeroReturnOutput.xml
199 ms. Memory: 573440K Free: 323279K (56%)
----------------- Invoking toplevel() on ptolemy.moml.MoMLSimpleApplication@459a95db
----------------- Done invoking toplevel() on ptolemy.moml.MoMLSimpleApplication@459a95db
reloadAllAccessors: .ExecNonZeroReturnOutput

===========================================================================================
----------------- testing Tue Jul 09 04:51:52 UTC 2019 /home/travis/build/icyphy/ptII/ptolemy/actor/lib/test/auto/ExecRunDemos.xml
----------------- Instantiating /home/travis/build/icyphy/ptII/ptolemy/actor/lib/test/auto/ExecRunDemos.xml
10939 ms. Memory: 573440K Free: 303823K (53%)

===========================================================================================
----------------- testing Tue Jul 09 04:52:03 UTC 2019 /home/travis/build/icyphy/ptII/ptolemy/actor/lib/test/auto/ExecStop.xml
----------------- Instantiating /home/travis/build/icyphy/ptII/ptolemy/actor/lib/test/auto/ExecStop.xml
5021 ms. Memory: 573440K Free: 517847K (90%)
----------------- Invoking toplevel() on ptolemy.moml.MoMLSimpleApplication@160129f2
----------------- Done invoking toplevel() on ptolemy.moml.MoMLSimpleApplication@160129f2
reloadAllAccessors: .ExecStop

===========================================================================================
----------------- testing Tue Jul 09 04:52:08 UTC 2019 /home/travis/build/icyphy/ptII/ptolemy/actor/lib/test/auto/ExecutionTimeSDF.xml
----------------- Instantiating /home/travis/build/icyphy/ptII/ptolemy/actor/lib/test/auto/ExecutionTimeSDF.xml
Fired ExecutionTime: -1950167296
Fired ExecutionTime: 1077200000
Fired ExecutionTime: -1036567296
6011 ms. Memory: 573440K Free: 505047K (88%)
----------------- Invoking toplevel() on ptolemy.moml.MoMLSimpleApplication@5396de81
----------------- Done invoking toplevel() on ptolemy.moml.MoMLSimpleApplication@5396de81
reloadAllAccessors: .ExecutionTimeSDF

===========================================================================================
----------------- testing Tue Jul 09 04:52:14 UTC 2019 /home/travis/build/icyphy/ptII/ptolemy/actor/lib/test/auto/Expression1.xml
----------------- Instantiating /home/travis/build/icyphy/ptII/ptolemy/actor/lib/test/auto/Expression1.xml
1 ms. Memory: 573440K Free: 501975K (88%)
----------------- Invoking toplevel() on ptolemy.moml.MoMLSimpleApplication@1996a88e
----------------- Done invoking toplevel() on ptolemy.moml.MoMLSimpleApplication@1996a88e
reloadAllAccessors: .Expression1

===========================================================================================
----------------- testing Tue Jul 09 04:52:14 UTC 2019 /home/travis/build/icyphy/ptII/ptolemy/actor/lib/test/auto/Expression10.xml
----------------- Instantiating /home/travis/build/icyphy/ptII/ptolemy/actor/lib/test/auto/Expression10.xml
11 ms. Memory: 573440K Free: 496341K (87%)
----------------- Invoking toplevel() on ptolemy.moml.MoMLSimpleApplication@31ee84e2
----------------- Done invoking toplevel() on ptolemy.moml.MoMLSimpleApplication@31ee84e2
reloadAllAccessors: .Expression10

===========================================================================================
----------------- testing Tue Jul 09 04:52:14 UTC 2019 /home/travis/build/icyphy/ptII/ptolemy/actor/lib/test/auto/Expression11.xml
----------------- Instantiating /home/travis/build/icyphy/ptII/ptolemy/actor/lib/test/auto/Expression11.xml
6 ms. Memory: 573440K Free: 492245K (86%)
----------------- Invoking toplevel() on ptolemy.moml.MoMLSimpleApplication@202aa115
----------------- Done invoking toplevel() on ptolemy.moml.MoMLSimpleApplication@202aa115
reloadAllAccessors: .Expression11

===========================================================================================
----------------- testing Tue Jul 09 04:52:14 UTC 2019 /home/travis/build/icyphy/ptII/ptolemy/actor/lib/test/auto/Expression12.xml
----------------- Instantiating /home/travis/build/icyphy/ptII/ptolemy/actor/lib/test/auto/Expression12.xml
3 ms. Memory: 573440K Free: 486615K (85%)
----------------- Invoking toplevel() on ptolemy.moml.MoMLSimpleApplication@f2381c3
----------------- Done invoking toplevel() on ptolemy.moml.MoMLSimpleApplication@f2381c3
reloadAllAccessors: .Expression12

===========================================================================================
----------------- testing Tue Jul 09 04:52:14 UTC 2019 /home/travis/build/icyphy/ptII/ptolemy/actor/lib/test/auto/Expression13.xml
----------------- Instantiating /home/travis/build/icyphy/ptII/ptolemy/actor/lib/test/auto/Expression13.xml
4 ms. Memory: 573440K Free: 482005K (84%)
----------------- Invoking toplevel() on ptolemy.moml.MoMLSimpleApplication@1d673ca4
----------------- Done invoking toplevel() on ptolemy.moml.MoMLSimpleApplication@1d673ca4
reloadAllAccessors: .Expression13

===========================================================================================
----------------- testing Tue Jul 09 04:52:14 UTC 2019 /home/travis/build/icyphy/ptII/ptolemy/actor/lib/test/auto/Expression14.xml
----------------- Instantiating /home/travis/build/icyphy/ptII/ptolemy/actor/lib/test/auto/Expression14.xml
4 ms. Memory: 573440K Free: 475861K (83%)
----------------- Invoking toplevel() on ptolemy.moml.MoMLSimpleApplication@4e69cc2d
----------------- Done invoking toplevel() on ptolemy.moml.MoMLSimpleApplication@4e69cc2d
reloadAllAccessors: .Expression14

===========================================================================================
----------------- testing Tue Jul 09 04:52:14 UTC 2019 /home/travis/build/icyphy/ptII/ptolemy/actor/lib/test/auto/Expression15.xml
----------------- Instantiating /home/travis/build/icyphy/ptII/ptolemy/actor/lib/test/auto/Expression15.xml
1 ms. Memory: 573440K Free: 472789K (82%)
----------------- Invoking toplevel() on ptolemy.moml.MoMLSimpleApplication@2705915d
----------------- Done invoking toplevel() on ptolemy.moml.MoMLSimpleApplication@2705915d
reloadAllAccessors: .Expression15

===========================================================================================
----------------- testing Tue Jul 09 04:52:14 UTC 2019 /home/travis/build/icyphy/ptII/ptolemy/actor/lib/test/auto/Expression16.xml
----------------- Instantiating /home/travis/build/icyphy/ptII/ptolemy/actor/lib/test/auto/Expression16.xml
2 ms. Memory: 573440K Free: 467159K (81%)
----------------- Invoking toplevel() on ptolemy.moml.MoMLSimpleApplication@4006e290
----------------- Done invoking toplevel() on ptolemy.moml.MoMLSimpleApplication@4006e290
reloadAllAccessors: .Expression16

===========================================================================================
----------------- testing Tue Jul 09 04:52:14 UTC 2019 /home/travis/build/icyphy/ptII/ptolemy/actor/lib/test/auto/Expression17.xml
----------------- Instantiating /home/travis/build/icyphy/ptII/ptolemy/actor/lib/test/auto/Expression17.xml
3 ms. Memory: 573440K Free: 462039K (81%)
----------------- Invoking toplevel() on ptolemy.moml.MoMLSimpleApplication@6a1631a4
----------------- Done invoking toplevel() on ptolemy.moml.MoMLSimpleApplication@6a1631a4
reloadAllAccessors: .Expression17

===========================================================================================
----------------- testing Tue Jul 09 04:52:14 UTC 2019 /home/travis/build/icyphy/ptII/ptolemy/actor/lib/test/auto/Expression18.xml
----------------- Instantiating /home/travis/build/icyphy/ptII/ptolemy/actor/lib/test/auto/Expression18.xml
3 ms. Memory: 573440K Free: 457429K (80%)
----------------- Invoking toplevel() on ptolemy.moml.MoMLSimpleApplication@496ef4e1
----------------- Done invoking toplevel() on ptolemy.moml.MoMLSimpleApplication@496ef4e1
reloadAllAccessors: .Expression18

===========================================================================================
----------------- testing Tue Jul 09 04:52:14 UTC 2019 /home/travis/build/icyphy/ptII/ptolemy/actor/lib/test/auto/Expression2.xml
----------------- Instantiating /home/travis/build/icyphy/ptII/ptolemy/actor/lib/test/auto/Expression2.xml
3 ms. Memory: 573440K Free: 452309K (79%)
----------------- Invoking toplevel() on ptolemy.moml.MoMLSimpleApplication@508c366b
----------------- Done invoking toplevel() on ptolemy.moml.MoMLSimpleApplication@508c366b
reloadAllAccessors: .Expression2

===========================================================================================
----------------- testing Tue Jul 09 04:52:14 UTC 2019 /home/travis/build/icyphy/ptII/ptolemy/actor/lib/test/auto/Expression3.xml
----------------- Instantiating /home/travis/build/icyphy/ptII/ptolemy/actor/lib/test/auto/Expression3.xml
6 ms. Memory: 573440K Free: 447703K (78%)
----------------- Invoking toplevel() on ptolemy.moml.MoMLSimpleApplication@72070583
----------------- Done invoking toplevel() on ptolemy.moml.MoMLSimpleApplication@72070583
reloadAllAccessors: .Expression3

===========================================================================================
----------------- testing Tue Jul 09 04:52:14 UTC 2019 /home/travis/build/icyphy/ptII/ptolemy/actor/lib/test/auto/Expression4.xml
----------------- Instantiating /home/travis/build/icyphy/ptII/ptolemy/actor/lib/test/auto/Expression4.xml
7 ms. Memory: 573440K Free: 440007K (77%)
----------------- Invoking toplevel() on ptolemy.moml.MoMLSimpleApplication@c5ee747
----------------- Done invoking toplevel() on ptolemy.moml.MoMLSimpleApplication@c5ee747
reloadAllAccessors: .Expression4

===========================================================================================
----------------- testing Tue Jul 09 04:52:14 UTC 2019 /home/travis/build/icyphy/ptII/ptolemy/actor/lib/test/auto/Expression5.xml
----------------- Instantiating /home/travis/build/icyphy/ptII/ptolemy/actor/lib/test/auto/Expression5.xml
6 ms. Memory: 573440K Free: 435415K (76%)
----------------- Invoking toplevel() on ptolemy.moml.MoMLSimpleApplication@6348371d
----------------- Done invoking toplevel() on ptolemy.moml.MoMLSimpleApplication@6348371d
reloadAllAccessors: .Expression5

===========================================================================================
----------------- testing Tue Jul 09 04:52:14 UTC 2019 /home/travis/build/icyphy/ptII/ptolemy/actor/lib/test/auto/Expression6.xml
----------------- Instantiating /home/travis/build/icyphy/ptII/ptolemy/actor/lib/test/auto/Expression6.xml
3 ms. Memory: 573440K Free: 430805K (75%)
----------------- Invoking toplevel() on ptolemy.moml.MoMLSimpleApplication@635b8ff1
----------------- Done invoking toplevel() on ptolemy.moml.MoMLSimpleApplication@635b8ff1
reloadAllAccessors: .Expression6

===========================================================================================
----------------- testing Tue Jul 09 04:52:15 UTC 2019 /home/travis/build/icyphy/ptII/ptolemy/actor/lib/test/auto/Expression7.xml
----------------- Instantiating /home/travis/build/icyphy/ptII/ptolemy/actor/lib/test/auto/Expression7.xml
3 ms. Memory: 573440K Free: 425685K (74%)
----------------- Invoking toplevel() on ptolemy.moml.MoMLSimpleApplication@75fad42e
----------------- Done invoking toplevel() on ptolemy.moml.MoMLSimpleApplication@75fad42e
reloadAllAccessors: .Expression7

===========================================================================================
----------------- testing Tue Jul 09 04:52:15 UTC 2019 /home/travis/build/icyphy/ptII/ptolemy/actor/lib/test/auto/Expression8.xml
----------------- Instantiating /home/travis/build/icyphy/ptII/ptolemy/actor/lib/test/auto/Expression8.xml
9 ms. Memory: 573440K Free: 421079K (73%)
----------------- Invoking toplevel() on ptolemy.moml.MoMLSimpleApplication@8256ca5
----------------- Done invoking toplevel() on ptolemy.moml.MoMLSimpleApplication@8256ca5
reloadAllAccessors: .Expression8

===========================================================================================
----------------- testing Tue Jul 09 04:52:15 UTC 2019 /home/travis/build/icyphy/ptII/ptolemy/actor/lib/test/auto/Expression9.xml
----------------- Instantiating /home/travis/build/icyphy/ptII/ptolemy/actor/lib/test/auto/Expression9.xml
2 ms. Memory: 573440K Free: 416983K (73%)
----------------- Invoking toplevel() on ptolemy.moml.MoMLSimpleApplication@791ea37d
----------------- Done invoking toplevel() on ptolemy.moml.MoMLSimpleApplication@791ea37d
reloadAllAccessors: .Expression9

===========================================================================================
----------------- testing Tue Jul 09 04:52:15 UTC 2019 /home/travis/build/icyphy/ptII/ptolemy/actor/lib/test/auto/ExpressionConcatenateArrayType.xml
----------------- Instantiating /home/travis/build/icyphy/ptII/ptolemy/actor/lib/test/auto/ExpressionConcatenateArrayType.xml
4 ms. Memory: 573440K Free: 410839K (72%)
----------------- Invoking toplevel() on ptolemy.moml.MoMLSimpleApplication@69ac9ae1
----------------- Done invoking toplevel() on ptolemy.moml.MoMLSimpleApplication@69ac9ae1
reloadAllAccessors: .ExpressionConcatenateArrayType

===========================================================================================
----------------- testing Tue Jul 09 04:52:15 UTC 2019 /home/travis/build/icyphy/ptII/ptolemy/actor/lib/test/auto/ExpressionConcatenateArrayType2.xml
----------------- Instantiating /home/travis/build/icyphy/ptII/ptolemy/actor/lib/test/auto/ExpressionConcatenateArrayType2.xml
3 ms. Memory: 573440K Free: 405719K (71%)
----------------- Invoking toplevel() on ptolemy.moml.MoMLSimpleApplication@214120db
----------------- Done invoking toplevel() on ptolemy.moml.MoMLSimpleApplication@214120db
reloadAllAccessors: .ExpressionConcatenateArrayType2

===========================================================================================
----------------- testing Tue Jul 09 04:52:15 UTC 2019 /home/travis/build/icyphy/ptII/ptolemy/actor/lib/test/auto/ExpressionFix.xml
----------------- Instantiating /home/travis/build/icyphy/ptII/ptolemy/actor/lib/test/auto/ExpressionFix.xml
22 ms. Memory: 573440K Free: 399061K (70%)
----------------- Invoking toplevel() on ptolemy.moml.MoMLSimpleApplication@6cf8e9a
----------------- Done invoking toplevel() on ptolemy.moml.MoMLSimpleApplication@6cf8e9a
reloadAllAccessors: .ExpressionFix

===========================================================================================
----------------- testing Tue Jul 09 04:52:15 UTC 2019 /home/travis/build/icyphy/ptII/ptolemy/actor/lib/test/auto/ExpressionFix2.xml
----------------- Instantiating /home/travis/build/icyphy/ptII/ptolemy/actor/lib/test/auto/ExpressionFix2.xml
4 ms. Memory: 573440K Free: 395479K (69%)
----------------- Invoking toplevel() on ptolemy.moml.MoMLSimpleApplication@63909105
----------------- Done invoking toplevel() on ptolemy.moml.MoMLSimpleApplication@63909105
reloadAllAccessors: .ExpressionFix2

===========================================================================================
----------------- testing Tue Jul 09 04:52:15 UTC 2019 /home/travis/build/icyphy/ptII/ptolemy/actor/lib/test/auto/ExpressionFix3.xml
----------------- Instantiating /home/travis/build/icyphy/ptII/ptolemy/actor/lib/test/auto/ExpressionFix3.xml
3 ms. Memory: 573440K Free: 390869K (68%)
----------------- Invoking toplevel() on ptolemy.moml.MoMLSimpleApplication@77fed03d
----------------- Done invoking toplevel() on ptolemy.moml.MoMLSimpleApplication@77fed03d
reloadAllAccessors: .ExpressionFix3

===========================================================================================
----------------- testing Tue Jul 09 04:52:15 UTC 2019 /home/travis/build/icyphy/ptII/ptolemy/actor/lib/test/auto/FileWriter1.xml
----------------- Instantiating /home/travis/build/icyphy/ptII/ptolemy/actor/lib/test/auto/FileWriter1.xml
2 ms. Memory: 573440K Free: 387287K (68%)
----------------- Invoking toplevel() on ptolemy.moml.MoMLSimpleApplication@27190ddf
----------------- Done invoking toplevel() on ptolemy.moml.MoMLSimpleApplication@27190ddf
reloadAllAccessors: .FileWriter1

===========================================================================================
----------------- testing Tue Jul 09 04:52:15 UTC 2019 /home/travis/build/icyphy/ptII/ptolemy/actor/lib/test/auto/FileWriter2.xml
----------------- Instantiating /home/travis/build/icyphy/ptII/ptolemy/actor/lib/test/auto/FileWriter2.xml
7 ms. Memory: 573440K Free: 382677K (67%)
----------------- Invoking toplevel() on ptolemy.moml.MoMLSimpleApplication@4df895a4
----------------- Done invoking toplevel() on ptolemy.moml.MoMLSimpleApplication@4df895a4
reloadAllAccessors: .FileWriter2

===========================================================================================
----------------- testing Tue Jul 09 04:52:15 UTC 2019 /home/travis/build/icyphy/ptII/ptolemy/actor/lib/test/auto/FileWriter3.xml
----------------- Instantiating /home/travis/build/icyphy/ptII/ptolemy/actor/lib/test/auto/FileWriter3.xml
4 ms. Memory: 573440K Free: 378581K (66%)
----------------- Invoking toplevel() on ptolemy.moml.MoMLSimpleApplication@246597c4
----------------- Done invoking toplevel() on ptolemy.moml.MoMLSimpleApplication@246597c4
reloadAllAccessors: .FileWriter3

===========================================================================================
----------------- testing Tue Jul 09 04:52:15 UTC 2019 /home/travis/build/icyphy/ptII/ptolemy/actor/lib/test/auto/Gaussian.xml
----------------- Instantiating /home/travis/build/icyphy/ptII/ptolemy/actor/lib/test/auto/Gaussian.xml
3 ms. Memory: 573440K Free: 374485K (65%)
----------------- Invoking toplevel() on ptolemy.moml.MoMLSimpleApplication@650e6f92
----------------- Done invoking toplevel() on ptolemy.moml.MoMLSimpleApplication@650e6f92
reloadAllAccessors: .Gaussian

===========================================================================================
----------------- testing Tue Jul 09 04:52:15 UTC 2019 /home/travis/build/icyphy/ptII/ptolemy/actor/lib/test/auto/Gaussian1.xml
----------------- Instantiating /home/travis/build/icyphy/ptII/ptolemy/actor/lib/test/auto/Gaussian1.xml
12 ms. Memory: 573440K Free: 368855K (64%)
----------------- Invoking toplevel() on ptolemy.moml.MoMLSimpleApplication@5f8d3309
----------------- Done invoking toplevel() on ptolemy.moml.MoMLSimpleApplication@5f8d3309
reloadAllAccessors: .Gaussian1

===========================================================================================
----------------- testing Tue Jul 09 04:52:15 UTC 2019 /home/travis/build/icyphy/ptII/ptolemy/actor/lib/test/auto/Gaussian2.xml
----------------- Instantiating /home/travis/build/icyphy/ptII/ptolemy/actor/lib/test/auto/Gaussian2.xml
3 ms. Memory: 573440K Free: 363735K (63%)
----------------- Invoking toplevel() on ptolemy.moml.MoMLSimpleApplication@4e2fba7c
----------------- Done invoking toplevel() on ptolemy.moml.MoMLSimpleApplication@4e2fba7c
reloadAllAccessors: .Gaussian2

===========================================================================================
----------------- testing Tue Jul 09 04:52:15 UTC 2019 /home/travis/build/icyphy/ptII/ptolemy/actor/lib/test/auto/GradientAdaptiveLattice.xml
----------------- Instantiating /home/travis/build/icyphy/ptII/ptolemy/actor/lib/test/auto/GradientAdaptiveLattice.xml
2 ms. Memory: 573440K Free: 358615K (63%)
----------------- Invoking toplevel() on ptolemy.moml.MoMLSimpleApplication@1c6a8ac3
----------------- Done invoking toplevel() on ptolemy.moml.MoMLSimpleApplication@1c6a8ac3
reloadAllAccessors: .GradientAdaptiveLattice

===========================================================================================
----------------- testing Tue Jul 09 04:52:15 UTC 2019 /home/travis/build/icyphy/ptII/ptolemy/actor/lib/test/auto/IIR.xml
----------------- Instantiating /home/travis/build/icyphy/ptII/ptolemy/actor/lib/test/auto/IIR.xml
2 ms. Memory: 573440K Free: 354005K (62%)
----------------- Invoking toplevel() on ptolemy.moml.MoMLSimpleApplication@23297e51
----------------- Done invoking toplevel() on ptolemy.moml.MoMLSimpleApplication@23297e51
reloadAllAccessors: .IIR

===========================================================================================
----------------- testing Tue Jul 09 04:52:15 UTC 2019 /home/travis/build/icyphy/ptII/ptolemy/actor/lib/test/auto/InputOutputTransparentPorts.xml
----------------- Instantiating /home/travis/build/icyphy/ptII/ptolemy/actor/lib/test/auto/InputOutputTransparentPorts.xml
2 ms. Memory: 573440K Free: 346837K (60%)
----------------- Invoking toplevel() on ptolemy.moml.MoMLSimpleApplication@5e314153
----------------- Done invoking toplevel() on ptolemy.moml.MoMLSimpleApplication@5e314153
reloadAllAccessors: .InputOutputTransparentPorts

===========================================================================================
----------------- testing Tue Jul 09 04:52:15 UTC 2019 /home/travis/build/icyphy/ptII/ptolemy/actor/lib/test/auto/Interpolator.xml
----------------- Instantiating /home/travis/build/icyphy/ptII/ptolemy/actor/lib/test/auto/Interpolator.xml
5 ms. Memory: 573440K Free: 342741K (60%)
----------------- Invoking toplevel() on ptolemy.moml.MoMLSimpleApplication@2a2bd36
----------------- Done invoking toplevel() on ptolemy.moml.MoMLSimpleApplication@2a2bd36
reloadAllAccessors: .Interpolator

===========================================================================================
----------------- testing Tue Jul 09 04:52:15 UTC 2019 /home/travis/build/icyphy/ptII/ptolemy/actor/lib/test/auto/InterpolatorFiringLimitDE.xml
----------------- Instantiating /home/travis/build/icyphy/ptII/ptolemy/actor/lib/test/auto/InterpolatorFiringLimitDE.xml
3 ms. Memory: 573440K Free: 337111K (59%)
----------------- Invoking toplevel() on ptolemy.moml.MoMLSimpleApplication@10098f1c
----------------- Done invoking toplevel() on ptolemy.moml.MoMLSimpleApplication@10098f1c
reloadAllAccessors: .InterpolatorFiringLimitDE

===========================================================================================
----------------- testing Tue Jul 09 04:52:15 UTC 2019 /home/travis/build/icyphy/ptII/ptolemy/actor/lib/test/auto/Lattice.xml
----------------- Instantiating /home/travis/build/icyphy/ptII/ptolemy/actor/lib/test/auto/Lattice.xml
1 ms. Memory: 573440K Free: 333015K (58%)
----------------- Invoking toplevel() on ptolemy.moml.MoMLSimpleApplication@39e0c1c0
----------------- Done invoking toplevel() on ptolemy.moml.MoMLSimpleApplication@39e0c1c0
reloadAllAccessors: .Lattice

===========================================================================================
----------------- testing Tue Jul 09 04:52:15 UTC 2019 /home/travis/build/icyphy/ptII/ptolemy/actor/lib/test/auto/LazyAOCTestLazy.xml
----------------- Instantiating /home/travis/build/icyphy/ptII/ptolemy/actor/lib/test/auto/LazyAOCTestLazy.xml
11 ms. Memory: 573440K Free: 326871K (57%)
----------------- Invoking toplevel() on ptolemy.moml.MoMLSimpleApplication@60d796b
----------------- Done invoking toplevel() on ptolemy.moml.MoMLSimpleApplication@60d796b
reloadAllAccessors: .LazyAOCTestLazy

===========================================================================================
----------------- testing Tue Jul 09 04:52:15 UTC 2019 /home/travis/build/icyphy/ptII/ptolemy/actor/lib/test/auto/LazyAOCTestNonLazy.xml
----------------- Instantiating /home/travis/build/icyphy/ptII/ptolemy/actor/lib/test/auto/LazyAOCTestNonLazy.xml
2 ms. Memory: 573440K Free: 321237K (56%)
----------------- Invoking toplevel() on ptolemy.moml.MoMLSimpleApplication@6c91836e
----------------- Done invoking toplevel() on ptolemy.moml.MoMLSimpleApplication@6c91836e
reloadAllAccessors: .LazyAOCTestNonLazy

===========================================================================================
----------------- testing Tue Jul 09 04:52:15 UTC 2019 /home/travis/build/icyphy/ptII/ptolemy/actor/lib/test/auto/LazyInnerClass.xml
----------------- Instantiating /home/travis/build/icyphy/ptII/ptolemy/actor/lib/test/auto/LazyInnerClass.xml
11 ms. Memory: 573440K Free: 312535K (55%)
----------------- Invoking toplevel() on ptolemy.moml.MoMLSimpleApplication@dc7f949
----------------- Done invoking toplevel() on ptolemy.moml.MoMLSimpleApplication@dc7f949
reloadAllAccessors: .LazyInnerClass

===========================================================================================
----------------- testing Tue Jul 09 04:52:15 UTC 2019 /home/travis/build/icyphy/ptII/ptolemy/actor/lib/test/auto/LazyPubSub.xml
----------------- Instantiating /home/travis/build/icyphy/ptII/ptolemy/actor/lib/test/auto/LazyPubSub.xml
25 ms. Memory: 573440K Free: 302295K (53%)
----------------- Invoking toplevel() on ptolemy.moml.MoMLSimpleApplication@44f9e0c3
----------------- Done invoking toplevel() on ptolemy.moml.MoMLSimpleApplication@44f9e0c3
reloadAllAccessors: .LazyPubSub

===========================================================================================
----------------- testing Tue Jul 09 04:52:15 UTC 2019 /home/travis/build/icyphy/ptII/ptolemy/actor/lib/test/auto/LazyPubSub2.xml
----------------- Instantiating /home/travis/build/icyphy/ptII/ptolemy/actor/lib/test/auto/LazyPubSub2.xml
21 ms. Memory: 573440K Free: 293079K (51%)
----------------- Invoking toplevel() on ptolemy.moml.MoMLSimpleApplication@5c226284
----------------- Done invoking toplevel() on ptolemy.moml.MoMLSimpleApplication@5c226284
reloadAllAccessors: .LazyPubSub2

===========================================================================================
----------------- testing Tue Jul 09 04:52:15 UTC 2019 /home/travis/build/icyphy/ptII/ptolemy/actor/lib/test/auto/LazyPubSub3.xml
----------------- Instantiating /home/travis/build/icyphy/ptII/ptolemy/actor/lib/test/auto/LazyPubSub3.xml
16 ms. Memory: 573440K Free: 282839K (49%)
----------------- Invoking toplevel() on ptolemy.moml.MoMLSimpleApplication@1d759fb8
----------------- Done invoking toplevel() on ptolemy.moml.MoMLSimpleApplication@1d759fb8
reloadAllAccessors: .LazyPubSub3

===========================================================================================
----------------- testing Tue Jul 09 04:52:15 UTC 2019 /home/travis/build/icyphy/ptII/ptolemy/actor/lib/test/auto/LazySubClassModel.xml
----------------- Instantiating /home/travis/build/icyphy/ptII/ptolemy/actor/lib/test/auto/LazySubClassModel.xml
2 ms. Memory: 573440K Free: 273623K (48%)
----------------- Invoking toplevel() on ptolemy.moml.MoMLSimpleApplication@312cc366
----------------- Done invoking toplevel() on ptolemy.moml.MoMLSimpleApplication@312cc366
reloadAllAccessors: .LazySubClassModel

===========================================================================================
----------------- testing Tue Jul 09 04:52:15 UTC 2019 /home/travis/build/icyphy/ptII/ptolemy/actor/lib/test/auto/LevelCrossTest1.xml
----------------- Instantiating /home/travis/build/icyphy/ptII/ptolemy/actor/lib/test/auto/LevelCrossTest1.xml
1 ms. Memory: 573440K Free: 268503K (47%)
----------------- Invoking toplevel() on ptolemy.moml.MoMLSimpleApplication@64336965
----------------- Done invoking toplevel() on ptolemy.moml.MoMLSimpleApplication@64336965
reloadAllAccessors: .broken

===========================================================================================
----------------- testing Tue Jul 09 04:52:15 UTC 2019 /home/travis/build/icyphy/ptII/ptolemy/actor/lib/test/auto/LevelCrossTest10.xml
----------------- Instantiating /home/travis/build/icyphy/ptII/ptolemy/actor/lib/test/auto/LevelCrossTest10.xml
1 ms. Memory: 573440K Free: 260821K (45%)
----------------- Invoking toplevel() on ptolemy.moml.MoMLSimpleApplication@147f87ec
----------------- Done invoking toplevel() on ptolemy.moml.MoMLSimpleApplication@147f87ec
reloadAllAccessors: .LevelCrossTest10

===========================================================================================
----------------- testing Tue Jul 09 04:52:15 UTC 2019 /home/travis/build/icyphy/ptII/ptolemy/actor/lib/test/auto/LevelCrossTest11.xml
----------------- Instantiating /home/travis/build/icyphy/ptII/ptolemy/actor/lib/test/auto/LevelCrossTest11.xml
7 ms. Memory: 573440K Free: 253653K (44%)
----------------- Invoking toplevel() on ptolemy.moml.MoMLSimpleApplication@30ae8281
----------------- Done invoking toplevel() on ptolemy.moml.MoMLSimpleApplication@30ae8281
reloadAllAccessors: .LevelCrossTest11

===========================================================================================
----------------- testing Tue Jul 09 04:52:15 UTC 2019 /home/travis/build/icyphy/ptII/ptolemy/actor/lib/test/auto/LevelCrossTest12.xml
----------------- Instantiating /home/travis/build/icyphy/ptII/ptolemy/actor/lib/test/auto/LevelCrossTest12.xml
1 ms. Memory: 573440K Free: 247509K (43%)
----------------- Invoking toplevel() on ptolemy.moml.MoMLSimpleApplication@7caaab5b
----------------- Done invoking toplevel() on ptolemy.moml.MoMLSimpleApplication@7caaab5b
reloadAllAccessors: .LevelCrossTest12

===========================================================================================
----------------- testing Tue Jul 09 04:52:15 UTC 2019 /home/travis/build/icyphy/ptII/ptolemy/actor/lib/test/auto/LevelCrossTest13.xml
----------------- Instantiating /home/travis/build/icyphy/ptII/ptolemy/actor/lib/test/auto/LevelCrossTest13.xml
1 ms. Memory: 573440K Free: 239831K (42%)
----------------- Invoking toplevel() on ptolemy.moml.MoMLSimpleApplication@6a25b6d
----------------- Done invoking toplevel() on ptolemy.moml.MoMLSimpleApplication@6a25b6d
reloadAllAccessors: .LevelCrossTest13

===========================================================================================
----------------- testing Tue Jul 09 04:52:15 UTC 2019 /home/travis/build/icyphy/ptII/ptolemy/actor/lib/test/auto/LevelCrossTest2.xml
----------------- Instantiating /home/travis/build/icyphy/ptII/ptolemy/actor/lib/test/auto/LevelCrossTest2.xml
1 ms. Memory: 573440K Free: 234197K (41%)
----------------- Invoking toplevel() on ptolemy.moml.MoMLSimpleApplication@53a22766
----------------- Done invoking toplevel() on ptolemy.moml.MoMLSimpleApplication@53a22766
reloadAllAccessors: .broken

===========================================================================================
----------------- testing Tue Jul 09 04:52:15 UTC 2019 /home/travis/build/icyphy/ptII/ptolemy/actor/lib/test/auto/LevelCrossTest3.xml
----------------- Instantiating /home/travis/build/icyphy/ptII/ptolemy/actor/lib/test/auto/LevelCrossTest3.xml
2 ms. Memory: 573440K Free: 228567K (40%)
----------------- Invoking toplevel() on ptolemy.moml.MoMLSimpleApplication@2b582415
----------------- Done invoking toplevel() on ptolemy.moml.MoMLSimpleApplication@2b582415
reloadAllAccessors: .LevelCrossTest3

===========================================================================================
----------------- testing Tue Jul 09 04:52:15 UTC 2019 /home/travis/build/icyphy/ptII/ptolemy/actor/lib/test/auto/LevelCrossTest4.xml
----------------- Instantiating /home/travis/build/icyphy/ptII/ptolemy/actor/lib/test/auto/LevelCrossTest4.xml
2 ms. Memory: 573440K Free: 222933K (39%)
----------------- Invoking toplevel() on ptolemy.moml.MoMLSimpleApplication@67b9b64b
----------------- Done invoking toplevel() on ptolemy.moml.MoMLSimpleApplication@67b9b64b
reloadAllAccessors: .broken

===========================================================================================
----------------- testing Tue Jul 09 04:52:15 UTC 2019 /home/travis/build/icyphy/ptII/ptolemy/actor/lib/test/auto/LevelCrossTest5.xml
----------------- Instantiating /home/travis/build/icyphy/ptII/ptolemy/actor/lib/test/auto/LevelCrossTest5.xml
4 ms. Memory: 573440K Free: 216279K (38%)
----------------- Invoking toplevel() on ptolemy.moml.MoMLSimpleApplication@5cb45ca9
----------------- Done invoking toplevel() on ptolemy.moml.MoMLSimpleApplication@5cb45ca9
reloadAllAccessors: .LevelCrossTest5

===========================================================================================
----------------- testing Tue Jul 09 04:52:15 UTC 2019 /home/travis/build/icyphy/ptII/ptolemy/actor/lib/test/auto/LevelCrossTest6.xml
----------------- Instantiating /home/travis/build/icyphy/ptII/ptolemy/actor/lib/test/auto/LevelCrossTest6.xml
1 ms. Memory: 573440K Free: 210645K (37%)
----------------- Invoking toplevel() on ptolemy.moml.MoMLSimpleApplication@3e93b395
----------------- Done invoking toplevel() on ptolemy.moml.MoMLSimpleApplication@3e93b395
reloadAllAccessors: .LevelCrossTest6

===========================================================================================
----------------- testing Tue Jul 09 04:52:15 UTC 2019 /home/travis/build/icyphy/ptII/ptolemy/actor/lib/test/auto/LevelCrossTest7.xml
----------------- Instantiating /home/travis/build/icyphy/ptII/ptolemy/actor/lib/test/auto/LevelCrossTest7.xml
1 ms. Memory: 573440K Free: 202453K (35%)
----------------- Invoking toplevel() on ptolemy.moml.MoMLSimpleApplication@30d6866b
----------------- Done invoking toplevel() on ptolemy.moml.MoMLSimpleApplication@30d6866b
reloadAllAccessors: .LevelCrossTest7

===========================================================================================
----------------- testing Tue Jul 09 04:52:15 UTC 2019 /home/travis/build/icyphy/ptII/ptolemy/actor/lib/test/auto/LevelCrossTest8.xml
----------------- Instantiating /home/travis/build/icyphy/ptII/ptolemy/actor/lib/test/auto/LevelCrossTest8.xml
1 ms. Memory: 573440K Free: 195799K (34%)
----------------- Invoking toplevel() on ptolemy.moml.MoMLSimpleApplication@1ed39c4f
----------------- Done invoking toplevel() on ptolemy.moml.MoMLSimpleApplication@1ed39c4f
reloadAllAccessors: .LevelCrossTest8

===========================================================================================
----------------- testing Tue Jul 09 04:52:15 UTC 2019 /home/travis/build/icyphy/ptII/ptolemy/actor/lib/test/auto/LevelCrossTest9.xml
----------------- Instantiating /home/travis/build/icyphy/ptII/ptolemy/actor/lib/test/auto/LevelCrossTest9.xml
2 ms. Memory: 573440K Free: 189655K (33%)
----------------- Invoking toplevel() on ptolemy.moml.MoMLSimpleApplication@2f58bb08
----------------- Done invoking toplevel() on ptolemy.moml.MoMLSimpleApplication@2f58bb08
reloadAllAccessors: .LevelCrossTest9

===========================================================================================
----------------- testing Tue Jul 09 04:52:16 UTC 2019 /home/travis/build/icyphy/ptII/ptolemy/actor/lib/test/auto/LevinsonDurbin.xml
----------------- Instantiating /home/travis/build/icyphy/ptII/ptolemy/actor/lib/test/auto/LevinsonDurbin.xml
3 ms. Memory: 573440K Free: 185559K (32%)
----------------- Invoking toplevel() on ptolemy.moml.MoMLSimpleApplication@60ac5688
----------------- Done invoking toplevel() on ptolemy.moml.MoMLSimpleApplication@60ac5688
reloadAllAccessors: .LevinsonDurbin

===========================================================================================
----------------- testing Tue Jul 09 04:52:16 UTC 2019 /home/travis/build/icyphy/ptII/ptolemy/actor/lib/test/auto/LevinsonDurbin2.xml
----------------- Instantiating /home/travis/build/icyphy/ptII/ptolemy/actor/lib/test/auto/LevinsonDurbin2.xml
2 ms. Memory: 573440K Free: 522399K (91%)
----------------- Invoking toplevel() on ptolemy.moml.MoMLSimpleApplication@4fb69ac7
----------------- Done invoking toplevel() on ptolemy.moml.MoMLSimpleApplication@4fb69ac7
reloadAllAccessors: .LevinsonDurbin2

===========================================================================================
----------------- testing Tue Jul 09 04:52:16 UTC 2019 /home/travis/build/icyphy/ptII/ptolemy/actor/lib/test/auto/LevinsonDurbin3.xml
----------------- Instantiating /home/travis/build/icyphy/ptII/ptolemy/actor/lib/test/auto/LevinsonDurbin3.xml
2 ms. Memory: 573440K Free: 518813K (90%)
----------------- Invoking toplevel() on ptolemy.moml.MoMLSimpleApplication@12044295
----------------- Done invoking toplevel() on ptolemy.moml.MoMLSimpleApplication@12044295
reloadAllAccessors: .LevinsonDurbin3

===========================================================================================
----------------- testing Tue Jul 09 04:52:16 UTC 2019 /home/travis/build/icyphy/ptII/ptolemy/actor/lib/test/auto/Limiter.xml
----------------- Instantiating /home/travis/build/icyphy/ptII/ptolemy/actor/lib/test/auto/Limiter.xml
5 ms. Memory: 573440K Free: 509591K (89%)
----------------- Invoking toplevel() on ptolemy.moml.MoMLSimpleApplication@5e6cd484
----------------- Done invoking toplevel() on ptolemy.moml.MoMLSimpleApplication@5e6cd484
reloadAllAccessors: .Limiter

===========================================================================================
----------------- testing Tue Jul 09 04:52:16 UTC 2019 /home/travis/build/icyphy/ptII/ptolemy/actor/lib/test/auto/LinearDifferenceEquationSystem.xml
----------------- Instantiating /home/travis/build/icyphy/ptII/ptolemy/actor/lib/test/auto/LinearDifferenceEquationSystem.xml
4 ms. Memory: 573440K Free: 502429K (88%)
----------------- Invoking toplevel() on ptolemy.moml.MoMLSimpleApplication@6929b4e4
----------------- Done invoking toplevel() on ptolemy.moml.MoMLSimpleApplication@6929b4e4
reloadAllAccessors: .LinearDifferenceEquationSystem

===========================================================================================
----------------- testing Tue Jul 09 04:52:16 UTC 2019 /home/travis/build/icyphy/ptII/ptolemy/actor/lib/test/auto/LookupTable.xml
----------------- Instantiating /home/travis/build/icyphy/ptII/ptolemy/actor/lib/test/auto/LookupTable.xml
2 ms. Memory: 573440K Free: 497823K (87%)
----------------- Invoking toplevel() on ptolemy.moml.MoMLSimpleApplication@1597d899
----------------- Done invoking toplevel() on ptolemy.moml.MoMLSimpleApplication@1597d899
reloadAllAccessors: .LookupTable

===========================================================================================
----------------- testing Tue Jul 09 04:52:16 UTC 2019 /home/travis/build/icyphy/ptII/ptolemy/actor/lib/test/auto/MathFunction.xml
----------------- Instantiating /home/travis/build/icyphy/ptII/ptolemy/actor/lib/test/auto/MathFunction.xml
3 ms. Memory: 573440K Free: 490141K (85%)
----------------- Invoking toplevel() on ptolemy.moml.MoMLSimpleApplication@60be2562
----------------- Done invoking toplevel() on ptolemy.moml.MoMLSimpleApplication@60be2562
reloadAllAccessors: .MathFunction

===========================================================================================
----------------- testing Tue Jul 09 04:52:16 UTC 2019 /home/travis/build/icyphy/ptII/ptolemy/actor/lib/test/auto/MathFunction2.xml
----------------- Instantiating /home/travis/build/icyphy/ptII/ptolemy/actor/lib/test/auto/MathFunction2.xml
10 ms. Memory: 573440K Free: 486045K (85%)
----------------- Invoking toplevel() on ptolemy.moml.MoMLSimpleApplication@72e37ba5
----------------- Done invoking toplevel() on ptolemy.moml.MoMLSimpleApplication@72e37ba5
reloadAllAccessors: .MathFunction2

===========================================================================================
----------------- testing Tue Jul 09 04:52:16 UTC 2019 /home/travis/build/icyphy/ptII/ptolemy/actor/lib/test/auto/MathFunction3.xml
----------------- Instantiating /home/travis/build/icyphy/ptII/ptolemy/actor/lib/test/auto/MathFunction3.xml
6 ms. Memory: 573440K Free: 478877K (84%)
----------------- Invoking toplevel() on ptolemy.moml.MoMLSimpleApplication@aa8aae6
----------------- Done invoking toplevel() on ptolemy.moml.MoMLSimpleApplication@aa8aae6
reloadAllAccessors: .MathFunction3

===========================================================================================
----------------- testing Tue Jul 09 04:52:16 UTC 2019 /home/travis/build/icyphy/ptII/ptolemy/actor/lib/test/auto/MatrixCropBoolean.xml
----------------- Instantiating /home/travis/build/icyphy/ptII/ptolemy/actor/lib/test/auto/MatrixCropBoolean.xml
3 ms. Memory: 573440K Free: 474271K (83%)
----------------- Invoking toplevel() on ptolemy.moml.MoMLSimpleApplication@39374975
----------------- Done invoking toplevel() on ptolemy.moml.MoMLSimpleApplication@39374975
reloadAllAccessors: .MatrixCropBoolean

===========================================================================================
----------------- testing Tue Jul 09 04:52:16 UTC 2019 /home/travis/build/icyphy/ptII/ptolemy/actor/lib/test/auto/MatrixCropComplex.xml
----------------- Instantiating /home/travis/build/icyphy/ptII/ptolemy/actor/lib/test/auto/MatrixCropComplex.xml
2 ms. Memory: 573440K Free: 469151K (82%)
----------------- Invoking toplevel() on ptolemy.moml.MoMLSimpleApplication@46d51571
----------------- Done invoking toplevel() on ptolemy.moml.MoMLSimpleApplication@46d51571
reloadAllAccessors: .MatrixCropComplex

===========================================================================================
----------------- testing Tue Jul 09 04:52:16 UTC 2019 /home/travis/build/icyphy/ptII/ptolemy/actor/lib/test/auto/MatrixCropDouble.xml
----------------- Instantiating /home/travis/build/icyphy/ptII/ptolemy/actor/lib/test/auto/MatrixCropDouble.xml
3 ms. Memory: 573440K Free: 464511K (81%)
----------------- Invoking toplevel() on ptolemy.moml.MoMLSimpleApplication@44dfeb7d
----------------- Done invoking toplevel() on ptolemy.moml.MoMLSimpleApplication@44dfeb7d
reloadAllAccessors: .MatrixCropDouble

===========================================================================================
----------------- testing Tue Jul 09 04:52:16 UTC 2019 /home/travis/build/icyphy/ptII/ptolemy/actor/lib/test/auto/MatrixCropFix.xml
----------------- Instantiating /home/travis/build/icyphy/ptII/ptolemy/actor/lib/test/auto/MatrixCropFix.xml
2 ms. Memory: 573440K Free: 459391K (80%)
----------------- Invoking toplevel() on ptolemy.moml.MoMLSimpleApplication@574d0a9e
----------------- Done invoking toplevel() on ptolemy.moml.MoMLSimpleApplication@574d0a9e
reloadAllAccessors: .MatrixCropFix

===========================================================================================
----------------- testing Tue Jul 09 04:52:16 UTC 2019 /home/travis/build/icyphy/ptII/ptolemy/actor/lib/test/auto/MatrixCropInt.xml
----------------- Instantiating /home/travis/build/icyphy/ptII/ptolemy/actor/lib/test/auto/MatrixCropInt.xml
1 ms. Memory: 573440K Free: 454815K (79%)
----------------- Invoking toplevel() on ptolemy.moml.MoMLSimpleApplication@4e937ac7
----------------- Done invoking toplevel() on ptolemy.moml.MoMLSimpleApplication@4e937ac7
reloadAllAccessors: .MatrixCropInt

===========================================================================================
----------------- testing Tue Jul 09 04:52:16 UTC 2019 /home/travis/build/icyphy/ptII/ptolemy/actor/lib/test/auto/MatrixCropLong.xml
----------------- Instantiating /home/travis/build/icyphy/ptII/ptolemy/actor/lib/test/auto/MatrixCropLong.xml
2 ms. Memory: 573440K Free: 449695K (78%)
----------------- Invoking toplevel() on ptolemy.moml.MoMLSimpleApplication@2c62f03f
----------------- Done invoking toplevel() on ptolemy.moml.MoMLSimpleApplication@2c62f03f
reloadAllAccessors: .MatrixCropLong

===========================================================================================
----------------- testing Tue Jul 09 04:52:16 UTC 2019 /home/travis/build/icyphy/ptII/ptolemy/actor/lib/test/auto/MatrixToArray.xml
----------------- Instantiating /home/travis/build/icyphy/ptII/ptolemy/actor/lib/test/auto/MatrixToArray.xml
7 ms. Memory: 573440K Free: 434845K (76%)
----------------- Invoking toplevel() on ptolemy.moml.MoMLSimpleApplication@e17b134
----------------- Done invoking toplevel() on ptolemy.moml.MoMLSimpleApplication@e17b134
reloadAllAccessors: .MatrixToArray

===========================================================================================
----------------- testing Tue Jul 09 04:52:16 UTC 2019 /home/travis/build/icyphy/ptII/ptolemy/actor/lib/test/auto/MaxIndex.xml
----------------- Instantiating /home/travis/build/icyphy/ptII/ptolemy/actor/lib/test/auto/MaxIndex.xml
2 ms. Memory: 573440K Free: 429725K (75%)
----------------- Invoking toplevel() on ptolemy.moml.MoMLSimpleApplication@506cafee
----------------- Done invoking toplevel() on ptolemy.moml.MoMLSimpleApplication@506cafee
reloadAllAccessors: .MaxIndex

===========================================================================================
----------------- testing Tue Jul 09 04:52:16 UTC 2019 /home/travis/build/icyphy/ptII/ptolemy/actor/lib/test/auto/Maximum.xml
----------------- Instantiating /home/travis/build/icyphy/ptII/ptolemy/actor/lib/test/auto/Maximum.xml
2 ms. Memory: 573440K Free: 423551K (74%)
----------------- Invoking toplevel() on ptolemy.moml.MoMLSimpleApplication@3c61f4fc
----------------- Done invoking toplevel() on ptolemy.moml.MoMLSimpleApplication@3c61f4fc
reloadAllAccessors: .Maximum

===========================================================================================
----------------- testing Tue Jul 09 04:52:16 UTC 2019 /home/travis/build/icyphy/ptII/ptolemy/actor/lib/test/auto/MaximumComplex.xml
----------------- Instantiating /home/travis/build/icyphy/ptII/ptolemy/actor/lib/test/auto/MaximumComplex.xml
7 ms. Memory: 573440K Free: 417423K (73%)
----------------- Invoking toplevel() on ptolemy.moml.MoMLSimpleApplication@52d62b99
----------------- Done invoking toplevel() on ptolemy.moml.MoMLSimpleApplication@52d62b99
reloadAllAccessors: .MaximumComplex

===========================================================================================
----------------- testing Tue Jul 09 04:52:16 UTC 2019 /home/travis/build/icyphy/ptII/ptolemy/actor/lib/test/auto/MethodCallTest.xml
----------------- Instantiating /home/travis/build/icyphy/ptII/ptolemy/actor/lib/test/auto/MethodCallTest.xml
2 ms. Memory: 573440K Free: 410783K (72%)
----------------- Invoking toplevel() on ptolemy.moml.MoMLSimpleApplication@1b2ac81f
----------------- Done invoking toplevel() on ptolemy.moml.MoMLSimpleApplication@1b2ac81f
reloadAllAccessors: .MethodCallTest

===========================================================================================
----------------- testing Tue Jul 09 04:52:16 UTC 2019 /home/travis/build/icyphy/ptII/ptolemy/actor/lib/test/auto/Minimum.xml
----------------- Instantiating /home/travis/build/icyphy/ptII/ptolemy/actor/lib/test/auto/Minimum.xml
2 ms. Memory: 573440K Free: 404639K (71%)
----------------- Invoking toplevel() on ptolemy.moml.MoMLSimpleApplication@512f5738
----------------- Done invoking toplevel() on ptolemy.moml.MoMLSimpleApplication@512f5738
reloadAllAccessors: .Minimum

===========================================================================================
----------------- testing Tue Jul 09 04:52:16 UTC 2019 /home/travis/build/icyphy/ptII/ptolemy/actor/lib/test/auto/MinimumComplex.xml
----------------- Instantiating /home/travis/build/icyphy/ptII/ptolemy/actor/lib/test/auto/MinimumComplex.xml
3 ms. Memory: 573440K Free: 398991K (70%)
----------------- Invoking toplevel() on ptolemy.moml.MoMLSimpleApplication@4177b1fc
----------------- Done invoking toplevel() on ptolemy.moml.MoMLSimpleApplication@4177b1fc
reloadAllAccessors: .MinimumComplex

===========================================================================================
----------------- testing Tue Jul 09 04:52:16 UTC 2019 /home/travis/build/icyphy/ptII/ptolemy/actor/lib/test/auto/MinimumMultiports.xml
----------------- Instantiating /home/travis/build/icyphy/ptII/ptolemy/actor/lib/test/auto/MinimumMultiports.xml
4 ms. Memory: 573440K Free: 390799K (68%)
----------------- Invoking toplevel() on ptolemy.moml.MoMLSimpleApplication@970c42f
----------------- Done invoking toplevel() on ptolemy.moml.MoMLSimpleApplication@970c42f
reloadAllAccessors: .MinimumMultiports

===========================================================================================
----------------- testing Tue Jul 09 04:52:16 UTC 2019 /home/travis/build/icyphy/ptII/ptolemy/actor/lib/test/auto/ModifyDate.xml
----------------- Instantiating /home/travis/build/icyphy/ptII/ptolemy/actor/lib/test/auto/ModifyDate.xml
11 ms. Memory: 573440K Free: 378015K (66%)
----------------- Invoking toplevel() on ptolemy.moml.MoMLSimpleApplication@348e46a8
----------------- Done invoking toplevel() on ptolemy.moml.MoMLSimpleApplication@348e46a8
reloadAllAccessors: .ModifyDate

===========================================================================================
----------------- testing Tue Jul 09 04:52:16 UTC 2019 /home/travis/build/icyphy/ptII/ptolemy/actor/lib/test/auto/ModifyDate2.xml
----------------- Instantiating /home/travis/build/icyphy/ptII/ptolemy/actor/lib/test/auto/ModifyDate2.xml
3 ms. Memory: 573440K Free: 369309K (64%)
----------------- Invoking toplevel() on ptolemy.moml.MoMLSimpleApplication@40302aee
----------------- Done invoking toplevel() on ptolemy.moml.MoMLSimpleApplication@40302aee
reloadAllAccessors: .ModifyDate2

===========================================================================================
----------------- testing Tue Jul 09 04:52:16 UTC 2019 /home/travis/build/icyphy/ptII/ptolemy/actor/lib/test/auto/MovingAverage.xml
----------------- Instantiating /home/travis/build/icyphy/ptII/ptolemy/actor/lib/test/auto/MovingAverage.xml
5 ms. Memory: 573440K Free: 364703K (64%)
----------------- Invoking toplevel() on ptolemy.moml.MoMLSimpleApplication@755e5d71
----------------- Done invoking toplevel() on ptolemy.moml.MoMLSimpleApplication@755e5d71
reloadAllAccessors: .MovingAverage

===========================================================================================
----------------- testing Tue Jul 09 04:52:16 UTC 2019 /home/travis/build/icyphy/ptII/ptolemy/actor/lib/test/auto/MovingMaximum.xml
----------------- Instantiating /home/travis/build/icyphy/ptII/ptolemy/actor/lib/test/auto/MovingMaximum.xml
1 ms. Memory: 573440K Free: 360607K (63%)
----------------- Invoking toplevel() on ptolemy.moml.MoMLSimpleApplication@52d22221
----------------- Done invoking toplevel() on ptolemy.moml.MoMLSimpleApplication@52d22221
reloadAllAccessors: .MovingMaximum

===========================================================================================
----------------- testing Tue Jul 09 04:52:16 UTC 2019 /home/travis/build/icyphy/ptII/ptolemy/actor/lib/test/auto/MultipleLinksToSameRelation.xml
----------------- Instantiating /home/travis/build/icyphy/ptII/ptolemy/actor/lib/test/auto/MultipleLinksToSameRelation.xml
3 ms. Memory: 573440K Free: 356511K (62%)
----------------- Invoking toplevel() on ptolemy.moml.MoMLSimpleApplication@9b4b77a
----------------- Done invoking toplevel() on ptolemy.moml.MoMLSimpleApplication@9b4b77a
reloadAllAccessors: .MultipleLinksToSameRelation

===========================================================================================
----------------- testing Tue Jul 09 04:52:16 UTC 2019 /home/travis/build/icyphy/ptII/ptolemy/actor/lib/test/auto/MultipleLinksToSameRelationDE.xml
----------------- Instantiating /home/travis/build/icyphy/ptII/ptolemy/actor/lib/test/auto/MultipleLinksToSameRelationDE.xml
2 ms. Memory: 573440K Free: 351871K (61%)
----------------- Invoking toplevel() on ptolemy.moml.MoMLSimpleApplication@29fe78a3
----------------- Done invoking toplevel() on ptolemy.moml.MoMLSimpleApplication@29fe78a3
reloadAllAccessors: .MultipleLinksToSameRelationDE

===========================================================================================
----------------- testing Tue Jul 09 04:52:16 UTC 2019 /home/travis/build/icyphy/ptII/ptolemy/actor/lib/test/auto/Multiplexor.xml
----------------- Instantiating /home/travis/build/icyphy/ptII/ptolemy/actor/lib/test/auto/Multiplexor.xml
2 ms. Memory: 573440K Free: 346781K (60%)
----------------- Invoking toplevel() on ptolemy.moml.MoMLSimpleApplication@79390a22
----------------- Done invoking toplevel() on ptolemy.moml.MoMLSimpleApplication@79390a22
reloadAllAccessors: .Multiplexor

===========================================================================================
----------------- testing Tue Jul 09 04:52:16 UTC 2019 /home/travis/build/icyphy/ptII/ptolemy/actor/lib/test/auto/Multiplexor1.xml
----------------- Instantiating /home/travis/build/icyphy/ptII/ptolemy/actor/lib/test/auto/Multiplexor1.xml
3 ms. Memory: 573440K Free: 341151K (59%)
----------------- Invoking toplevel() on ptolemy.moml.MoMLSimpleApplication@1bf90a13
----------------- Done invoking toplevel() on ptolemy.moml.MoMLSimpleApplication@1bf90a13
reloadAllAccessors: .Multiplexor1

===========================================================================================
----------------- testing Tue Jul 09 04:52:16 UTC 2019 /home/travis/build/icyphy/ptII/ptolemy/actor/lib/test/auto/Multiplexor2.xml
----------------- Instantiating /home/travis/build/icyphy/ptII/ptolemy/actor/lib/test/auto/Multiplexor2.xml
6 ms. Memory: 573440K Free: 334493K (58%)
----------------- Invoking toplevel() on ptolemy.moml.MoMLSimpleApplication@25e52ce7
----------------- Done invoking toplevel() on ptolemy.moml.MoMLSimpleApplication@25e52ce7
reloadAllAccessors: .Multiplexor2

===========================================================================================
----------------- testing Tue Jul 09 04:52:16 UTC 2019 /home/travis/build/icyphy/ptII/ptolemy/actor/lib/test/auto/Multiplexor3.xml
----------------- Instantiating /home/travis/build/icyphy/ptII/ptolemy/actor/lib/test/auto/Multiplexor3.xml
2 ms. Memory: 573440K Free: 330397K (58%)
----------------- Invoking toplevel() on ptolemy.moml.MoMLSimpleApplication@60023bfb
----------------- Done invoking toplevel() on ptolemy.moml.MoMLSimpleApplication@60023bfb
reloadAllAccessors: .Multiplexor3

===========================================================================================
----------------- testing Tue Jul 09 04:52:16 UTC 2019 /home/travis/build/icyphy/ptII/ptolemy/actor/lib/test/auto/MultiplexorDE.xml
----------------- Instantiating /home/travis/build/icyphy/ptII/ptolemy/actor/lib/test/auto/MultiplexorDE.xml
2 ms. Memory: 573440K Free: 322719K (56%)
----------------- Invoking toplevel() on ptolemy.moml.MoMLSimpleApplication@6a3073d4
----------------- Done invoking toplevel() on ptolemy.moml.MoMLSimpleApplication@6a3073d4
reloadAllAccessors: .MultiplexorDE

===========================================================================================
----------------- testing Tue Jul 09 04:52:16 UTC 2019 /home/travis/build/icyphy/ptII/ptolemy/actor/lib/test/auto/MultiportBroadcastTest.xml
----------------- Instantiating /home/travis/build/icyphy/ptII/ptolemy/actor/lib/test/auto/MultiportBroadcastTest.xml
81 ms. Memory: 573440K Free: 317071K (55%)
----------------- Invoking toplevel() on ptolemy.moml.MoMLSimpleApplication@a12c270
----------------- Done invoking toplevel() on ptolemy.moml.MoMLSimpleApplication@a12c270
reloadAllAccessors: .MultiportBroadcastTest

===========================================================================================
----------------- testing Tue Jul 09 04:52:16 UTC 2019 /home/travis/build/icyphy/ptII/ptolemy/actor/lib/test/auto/MultiportOutHangDuringGetWidth.xml
----------------- Instantiating /home/travis/build/icyphy/ptII/ptolemy/actor/lib/test/auto/MultiportOutHangDuringGetWidth.xml
5 ms. Memory: 573440K Free: 305311K (53%)
----------------- Invoking toplevel() on ptolemy.moml.MoMLSimpleApplication@12203c07
----------------- Done invoking toplevel() on ptolemy.moml.MoMLSimpleApplication@12203c07
reloadAllAccessors: .MultiportOutHangDuringGetWidth

===========================================================================================
----------------- testing Tue Jul 09 04:52:16 UTC 2019 /home/travis/build/icyphy/ptII/ptolemy/actor/lib/test/auto/NilToken.xml
----------------- Instantiating /home/travis/build/icyphy/ptII/ptolemy/actor/lib/test/auto/NilToken.xml
1 ms. Memory: 573440K Free: 301215K (53%)
----------------- Invoking toplevel() on ptolemy.moml.MoMLSimpleApplication@7477ec2c
----------------- Done invoking toplevel() on ptolemy.moml.MoMLSimpleApplication@7477ec2c
reloadAllAccessors: .NilToken

===========================================================================================
----------------- testing Tue Jul 09 04:52:16 UTC 2019 /home/travis/build/icyphy/ptII/ptolemy/actor/lib/test/auto/NilTokenNonStrictTest.xml
----------------- Instantiating /home/travis/build/icyphy/ptII/ptolemy/actor/lib/test/auto/NilTokenNonStrictTest.xml
1 ms. Memory: 573440K Free: 296605K (52%)
----------------- Invoking toplevel() on ptolemy.moml.MoMLSimpleApplication@741ad0e9
----------------- Done invoking toplevel() on ptolemy.moml.MoMLSimpleApplication@741ad0e9
reloadAllAccessors: .NilTokenNonStrictTest

===========================================================================================
----------------- testing Tue Jul 09 04:52:16 UTC 2019 /home/travis/build/icyphy/ptII/ptolemy/actor/lib/test/auto/NilTokenRecord.xml
----------------- Instantiating /home/travis/build/icyphy/ptII/ptolemy/actor/lib/test/auto/NilTokenRecord.xml
6 ms. Memory: 573440K Free: 289951K (51%)
----------------- Invoking toplevel() on ptolemy.moml.MoMLSimpleApplication@376028
----------------- Done invoking toplevel() on ptolemy.moml.MoMLSimpleApplication@376028
reloadAllAccessors: .NilTokenRecord

===========================================================================================
----------------- testing Tue Jul 09 04:52:17 UTC 2019 /home/travis/build/icyphy/ptII/ptolemy/actor/lib/test/auto/NilTokenTypeTest.xml
----------------- Instantiating /home/travis/build/icyphy/ptII/ptolemy/actor/lib/test/auto/NilTokenTypeTest.xml
14 ms. Memory: 573440K Free: 280735K (49%)
----------------- Invoking toplevel() on ptolemy.moml.MoMLSimpleApplication@7a5f0af5
----------------- Done invoking toplevel() on ptolemy.moml.MoMLSimpleApplication@7a5f0af5
reloadAllAccessors: .NilTokenTypeTest

===========================================================================================
----------------- testing Tue Jul 09 04:52:17 UTC 2019 /home/travis/build/icyphy/ptII/ptolemy/actor/lib/test/auto/ObjectToken1.xml
----------------- Instantiating /home/travis/build/icyphy/ptII/ptolemy/actor/lib/test/auto/ObjectToken1.xml
4 ms. Memory: 573440K Free: 276639K (48%)
----------------- Invoking toplevel() on ptolemy.moml.MoMLSimpleApplication@720fbb65
----------------- Done invoking toplevel() on ptolemy.moml.MoMLSimpleApplication@720fbb65
reloadAllAccessors: .ObjectToken1

===========================================================================================
----------------- testing Tue Jul 09 04:52:17 UTC 2019 /home/travis/build/icyphy/ptII/ptolemy/actor/lib/test/auto/OrderedMerge.xml
----------------- Instantiating /home/travis/build/icyphy/ptII/ptolemy/actor/lib/test/auto/OrderedMerge.xml
9 ms. Memory: 573440K Free: 271005K (47%)
----------------- Invoking toplevel() on ptolemy.moml.MoMLSimpleApplication@10d6213
----------------- Done invoking toplevel() on ptolemy.moml.MoMLSimpleApplication@10d6213
reloadAllAccessors: .OrderedMerge

===========================================================================================
----------------- testing Tue Jul 09 04:52:17 UTC 2019 /home/travis/build/icyphy/ptII/ptolemy/actor/lib/test/auto/OrderedRecordDisassembler.xml
----------------- Instantiating /home/travis/build/icyphy/ptII/ptolemy/actor/lib/test/auto/OrderedRecordDisassembler.xml
3 ms. Memory: 573440K Free: 265871K (46%)
----------------- Invoking toplevel() on ptolemy.moml.MoMLSimpleApplication@20cdfad
----------------- Done invoking toplevel() on ptolemy.moml.MoMLSimpleApplication@20cdfad
reloadAllAccessors: .OrderedRecordDisassembler

===========================================================================================
----------------- testing Tue Jul 09 04:52:17 UTC 2019 /home/travis/build/icyphy/ptII/ptolemy/actor/lib/test/auto/OrderedRecordDisassembler2.xml
----------------- Instantiating /home/travis/build/icyphy/ptII/ptolemy/actor/lib/test/auto/OrderedRecordDisassembler2.xml
5 ms. Memory: 573440K Free: 258207K (45%)
----------------- Invoking toplevel() on ptolemy.moml.MoMLSimpleApplication@4a6a0c5a
----------------- Done invoking toplevel() on ptolemy.moml.MoMLSimpleApplication@4a6a0c5a
reloadAllAccessors: .OrderedRecordDisassembler2

===========================================================================================
----------------- testing Tue Jul 09 04:52:17 UTC 2019 /home/travis/build/icyphy/ptII/ptolemy/actor/lib/test/auto/OrderedRecordUpdater.xml
----------------- Instantiating /home/travis/build/icyphy/ptII/ptolemy/actor/lib/test/auto/OrderedRecordUpdater.xml
2 ms. Memory: 573440K Free: 253597K (44%)
----------------- Invoking toplevel() on ptolemy.moml.MoMLSimpleApplication@55d3b56e
----------------- Done invoking toplevel() on ptolemy.moml.MoMLSimpleApplication@55d3b56e
reloadAllAccessors: .RecordUpdater

===========================================================================================
----------------- testing Tue Jul 09 04:52:17 UTC 2019 /home/travis/build/icyphy/ptII/ptolemy/actor/lib/test/auto/OrderedRecordUpdater2.xml
----------------- Instantiating /home/travis/build/icyphy/ptII/ptolemy/actor/lib/test/auto/OrderedRecordUpdater2.xml
3 ms. Memory: 573440K Free: 248991K (43%)
----------------- Invoking toplevel() on ptolemy.moml.MoMLSimpleApplication@7cfbe89a
----------------- Done invoking toplevel() on ptolemy.moml.MoMLSimpleApplication@7cfbe89a
reloadAllAccessors: .RecordUpdater2

===========================================================================================
----------------- testing Tue Jul 09 04:52:17 UTC 2019 /home/travis/build/icyphy/ptII/ptolemy/actor/lib/test/auto/PhaseUnwrap.xml
----------------- Instantiating /home/travis/build/icyphy/ptII/ptolemy/actor/lib/test/auto/PhaseUnwrap.xml
2 ms. Memory: 573440K Free: 244381K (43%)
----------------- Invoking toplevel() on ptolemy.moml.MoMLSimpleApplication@3c9347de
----------------- Done invoking toplevel() on ptolemy.moml.MoMLSimpleApplication@3c9347de
reloadAllAccessors: .PhaseUnwrap

===========================================================================================
----------------- testing Tue Jul 09 04:52:17 UTC 2019 /home/travis/build/icyphy/ptII/ptolemy/actor/lib/test/auto/PoissonClock.xml
----------------- Instantiating /home/travis/build/icyphy/ptII/ptolemy/actor/lib/test/auto/PoissonClock.xml
3 ms. Memory: 573440K Free: 240285K (42%)
----------------- Invoking toplevel() on ptolemy.moml.MoMLSimpleApplication@13df010d
----------------- Done invoking toplevel() on ptolemy.moml.MoMLSimpleApplication@13df010d
reloadAllAccessors: .PoissonClock

===========================================================================================
----------------- testing Tue Jul 09 04:52:17 UTC 2019 /home/travis/build/icyphy/ptII/ptolemy/actor/lib/test/auto/PoissonClock2.xml
----------------- Instantiating /home/travis/build/icyphy/ptII/ptolemy/actor/lib/test/auto/PoissonClock2.xml
1 ms. Memory: 573440K Free: 236189K (41%)
----------------- Invoking toplevel() on ptolemy.moml.MoMLSimpleApplication@26007ecc
----------------- Done invoking toplevel() on ptolemy.moml.MoMLSimpleApplication@26007ecc
reloadAllAccessors: .PoissonClock2

===========================================================================================
----------------- testing Tue Jul 09 04:52:17 UTC 2019 /home/travis/build/icyphy/ptII/ptolemy/actor/lib/test/auto/PoissonClock3.xml
----------------- Instantiating /home/travis/build/icyphy/ptII/ptolemy/actor/lib/test/auto/PoissonClock3.xml
1 ms. Memory: 573440K Free: 231583K (40%)
----------------- Invoking toplevel() on ptolemy.moml.MoMLSimpleApplication@35fdc723
----------------- Done invoking toplevel() on ptolemy.moml.MoMLSimpleApplication@35fdc723
reloadAllAccessors: .PoissonClock3

===========================================================================================
----------------- testing Tue Jul 09 04:52:17 UTC 2019 /home/travis/build/icyphy/ptII/ptolemy/actor/lib/test/auto/PubSubWithInitialTokens.xml
----------------- Instantiating /home/travis/build/icyphy/ptII/ptolemy/actor/lib/test/auto/PubSubWithInitialTokens.xml
2 ms. Memory: 573440K Free: 226463K (39%)
----------------- Invoking toplevel() on ptolemy.moml.MoMLSimpleApplication@494ab0ad
----------------- Done invoking toplevel() on ptolemy.moml.MoMLSimpleApplication@494ab0ad
reloadAllAccessors: .PubSubWithInitialTokens

===========================================================================================
----------------- testing Tue Jul 09 04:52:17 UTC 2019 /home/travis/build/icyphy/ptII/ptolemy/actor/lib/test/auto/PubSubWithInitialTokens2.xml
----------------- Instantiating /home/travis/build/icyphy/ptII/ptolemy/actor/lib/test/auto/PubSubWithInitialTokens2.xml
5 ms. Memory: 573440K Free: 220319K (38%)
----------------- Invoking toplevel() on ptolemy.moml.MoMLSimpleApplication@1316b0d9
----------------- Done invoking toplevel() on ptolemy.moml.MoMLSimpleApplication@1316b0d9
reloadAllAccessors: .PubSubWithInitialTokens2

===========================================================================================
----------------- testing Tue Jul 09 04:52:17 UTC 2019 /home/travis/build/icyphy/ptII/ptolemy/actor/lib/test/auto/PublisherClassNoParameter.xml
----------------- Instantiating /home/travis/build/icyphy/ptII/ptolemy/actor/lib/test/auto/PublisherClassNoParameter.xml
3 ms. Memory: 573440K Free: 210589K (37%)
----------------- Invoking toplevel() on ptolemy.moml.MoMLSimpleApplication@55823a69
----------------- Done invoking toplevel() on ptolemy.moml.MoMLSimpleApplication@55823a69
reloadAllAccessors: .PublisherClassNoParameter

===========================================================================================
----------------- testing Tue Jul 09 04:52:17 UTC 2019 /home/travis/build/icyphy/ptII/ptolemy/actor/lib/test/auto/PublisherClassParameter.xml
----------------- Instantiating /home/travis/build/icyphy/ptII/ptolemy/actor/lib/test/auto/PublisherClassParameter.xml
2 ms. Memory: 573440K Free: 200335K (35%)
----------------- Invoking toplevel() on ptolemy.moml.MoMLSimpleApplication@3e3b6ca7
----------------- Done invoking toplevel() on ptolemy.moml.MoMLSimpleApplication@3e3b6ca7
reloadAllAccessors: .PublisherClassParameter

===========================================================================================
----------------- testing Tue Jul 09 04:52:17 UTC 2019 /home/travis/build/icyphy/ptII/ptolemy/actor/lib/test/auto/PublisherNonStrictTest.xml
----------------- Instantiating /home/travis/build/icyphy/ptII/ptolemy/actor/lib/test/auto/PublisherNonStrictTest.xml
3 ms. Memory: 573440K Free: 192671K (34%)
----------------- Invoking toplevel() on ptolemy.moml.MoMLSimpleApplication@1784f48f
----------------- Done invoking toplevel() on ptolemy.moml.MoMLSimpleApplication@1784f48f
reloadAllAccessors: .PublisherNonStrictTest

===========================================================================================
----------------- testing Tue Jul 09 04:52:17 UTC 2019 /home/travis/build/icyphy/ptII/ptolemy/actor/lib/test/auto/PublisherPort1.xml
----------------- Instantiating /home/travis/build/icyphy/ptII/ptolemy/actor/lib/test/auto/PublisherPort1.xml
12 ms. Memory: 573440K Free: 187023K (33%)
----------------- Invoking toplevel() on ptolemy.moml.MoMLSimpleApplication@454eb9a8
----------------- Done invoking toplevel() on ptolemy.moml.MoMLSimpleApplication@454eb9a8
reloadAllAccessors: .PublisherPort1

===========================================================================================
----------------- testing Tue Jul 09 04:52:17 UTC 2019 /home/travis/build/icyphy/ptII/ptolemy/actor/lib/test/auto/PublisherPort2.xml
----------------- Instantiating /home/travis/build/icyphy/ptII/ptolemy/actor/lib/test/auto/PublisherPort2.xml
1 ms. Memory: 573440K Free: 523611K (91%)
----------------- Invoking toplevel() on ptolemy.moml.MoMLSimpleApplication@5fcef27d
----------------- Done invoking toplevel() on ptolemy.moml.MoMLSimpleApplication@5fcef27d
reloadAllAccessors: .PublisherPort2

===========================================================================================
----------------- testing Tue Jul 09 04:52:17 UTC 2019 /home/travis/build/icyphy/ptII/ptolemy/actor/lib/test/auto/PublisherPort3.xml
----------------- Instantiating /home/travis/build/icyphy/ptII/ptolemy/actor/lib/test/auto/PublisherPort3.xml
3 ms. Memory: 573440K Free: 516971K (90%)
----------------- Invoking toplevel() on ptolemy.moml.MoMLSimpleApplication@485058b2
----------------- Done invoking toplevel() on ptolemy.moml.MoMLSimpleApplication@485058b2
reloadAllAccessors: .PublisherPort3

===========================================================================================
----------------- testing Tue Jul 09 04:52:17 UTC 2019 /home/travis/build/icyphy/ptII/ptolemy/actor/lib/test/auto/PublisherPort4.xml
----------------- Instantiating /home/travis/build/icyphy/ptII/ptolemy/actor/lib/test/auto/PublisherPort4.xml
3 ms. Memory: 573440K Free: 511331K (89%)
----------------- Invoking toplevel() on ptolemy.moml.MoMLSimpleApplication@2f776e2d
----------------- Done invoking toplevel() on ptolemy.moml.MoMLSimpleApplication@2f776e2d
reloadAllAccessors: .PublisherPort4

===========================================================================================
----------------- testing Tue Jul 09 04:52:17 UTC 2019 /home/travis/build/icyphy/ptII/ptolemy/actor/lib/test/auto/PublisherPort5.xml
----------------- Instantiating /home/travis/build/icyphy/ptII/ptolemy/actor/lib/test/auto/PublisherPort5.xml
4 ms. Memory: 573440K Free: 503659K (88%)
----------------- Invoking toplevel() on ptolemy.moml.MoMLSimpleApplication@1c2404a7
----------------- Done invoking toplevel() on ptolemy.moml.MoMLSimpleApplication@1c2404a7
reloadAllAccessors: .PublisherPort5

===========================================================================================
----------------- testing Tue Jul 09 04:52:17 UTC 2019 /home/travis/build/icyphy/ptII/ptolemy/actor/lib/test/auto/PublisherPort5LookAlike.xml
----------------- Instantiating /home/travis/build/icyphy/ptII/ptolemy/actor/lib/test/auto/PublisherPort5LookAlike.xml
8 ms. Memory: 573440K Free: 495977K (86%)
----------------- Invoking toplevel() on ptolemy.moml.MoMLSimpleApplication@38cc8579
----------------- Done invoking toplevel() on ptolemy.moml.MoMLSimpleApplication@38cc8579
reloadAllAccessors: .PublisherPort5LookAlike

===========================================================================================
----------------- testing Tue Jul 09 04:52:17 UTC 2019 /home/travis/build/icyphy/ptII/ptolemy/actor/lib/test/auto/PublisherPort6.xml
----------------- Instantiating /home/travis/build/icyphy/ptII/ptolemy/actor/lib/test/auto/PublisherPort6.xml
2 ms. Memory: 573440K Free: 489323K (85%)
----------------- Invoking toplevel() on ptolemy.moml.MoMLSimpleApplication@45b406ce
----------------- Done invoking toplevel() on ptolemy.moml.MoMLSimpleApplication@45b406ce
reloadAllAccessors: .PublisherPort6

===========================================================================================
----------------- testing Tue Jul 09 04:52:17 UTC 2019 /home/travis/build/icyphy/ptII/ptolemy/actor/lib/test/auto/PublisherPort7.xml
----------------- Instantiating /home/travis/build/icyphy/ptII/ptolemy/actor/lib/test/auto/PublisherPort7.xml
4 ms. Memory: 573440K Free: 481641K (84%)
----------------- Invoking toplevel() on ptolemy.moml.MoMLSimpleApplication@5d286bcc
----------------- Done invoking toplevel() on ptolemy.moml.MoMLSimpleApplication@5d286bcc
reloadAllAccessors: .PublisherPort7

===========================================================================================
----------------- testing Tue Jul 09 04:52:17 UTC 2019 /home/travis/build/icyphy/ptII/ptolemy/actor/lib/test/auto/PublisherPort8.xml
----------------- Instantiating /home/travis/build/icyphy/ptII/ptolemy/actor/lib/test/auto/PublisherPort8.xml
4 ms. Memory: 573440K Free: 472939K (82%)
----------------- Invoking toplevel() on ptolemy.moml.MoMLSimpleApplication@3062fa26
----------------- Done invoking toplevel() on ptolemy.moml.MoMLSimpleApplication@3062fa26
reloadAllAccessors: .PublisherPort8

===========================================================================================
----------------- testing Tue Jul 09 04:52:17 UTC 2019 /home/travis/build/icyphy/ptII/ptolemy/actor/lib/test/auto/PublisherPortSubscriberChannelVariablesAOC2.xml
----------------- Instantiating /home/travis/build/icyphy/ptII/ptolemy/actor/lib/test/auto/PublisherPortSubscriberChannelVariablesAOC2.xml
3 ms. Memory: 573440K Free: 456555K (80%)
----------------- Invoking toplevel() on ptolemy.moml.MoMLSimpleApplication@1117d38e
----------------- Done invoking toplevel() on ptolemy.moml.MoMLSimpleApplication@1117d38e
reloadAllAccessors: .PublisherPortSubscriberChannelVariablesAOC2

===========================================================================================
----------------- testing Tue Jul 09 04:52:17 UTC 2019 /home/travis/build/icyphy/ptII/ptolemy/actor/lib/test/auto/PublisherPortSubscriberOpaqueWidthInference.xml
----------------- Instantiating /home/travis/build/icyphy/ptII/ptolemy/actor/lib/test/auto/PublisherPortSubscriberOpaqueWidthInference.xml
4 ms. Memory: 573440K Free: 448859K (78%)
----------------- Invoking toplevel() on ptolemy.moml.MoMLSimpleApplication@21432390
----------------- Done invoking toplevel() on ptolemy.moml.MoMLSimpleApplication@21432390
reloadAllAccessors: .PublisherPortSubscriberOpaqueWidthInference

===========================================================================================
----------------- testing Tue Jul 09 04:52:17 UTC 2019 /home/travis/build/icyphy/ptII/ptolemy/actor/lib/test/auto/PublisherPortSubscriberPortAdjacent.xml
----------------- Instantiating /home/travis/build/icyphy/ptII/ptolemy/actor/lib/test/auto/PublisherPortSubscriberPortAdjacent.xml
1 ms. Memory: 573440K Free: 440681K (77%)
----------------- Invoking toplevel() on ptolemy.moml.MoMLSimpleApplication@6f9a6161
----------------- Done invoking toplevel() on ptolemy.moml.MoMLSimpleApplication@6f9a6161
reloadAllAccessors: .PublisherPortSubscriberPortAdjacent

===========================================================================================
----------------- testing Tue Jul 09 04:52:17 UTC 2019 /home/travis/build/icyphy/ptII/ptolemy/actor/lib/test/auto/PublisherPortSubscriberPortExpression.xml
----------------- Instantiating /home/travis/build/icyphy/ptII/ptolemy/actor/lib/test/auto/PublisherPortSubscriberPortExpression.xml
13 ms. Memory: 573440K Free: 433003K (76%)
----------------- Invoking toplevel() on ptolemy.moml.MoMLSimpleApplication@7b39ca03
----------------- Done invoking toplevel() on ptolemy.moml.MoMLSimpleApplication@7b39ca03
reloadAllAccessors: .PublisherPortSubscriberPortExpression

===========================================================================================
----------------- testing Tue Jul 09 04:52:17 UTC 2019 /home/travis/build/icyphy/ptII/ptolemy/actor/lib/test/auto/PublisherPortSubscriberPortOpaqueD3Reverse.xml
----------------- Instantiating /home/travis/build/icyphy/ptII/ptolemy/actor/lib/test/auto/PublisherPortSubscriberPortOpaqueD3Reverse.xml
6 ms. Memory: 573440K Free: 422763K (74%)
----------------- Invoking toplevel() on ptolemy.moml.MoMLSimpleApplication@794795dd
----------------- Done invoking toplevel() on ptolemy.moml.MoMLSimpleApplication@794795dd
reloadAllAccessors: .PublisherPortSubscriberPortOpaqueD3Reverse

===========================================================================================
----------------- testing Tue Jul 09 04:52:17 UTC 2019 /home/travis/build/icyphy/ptII/ptolemy/actor/lib/test/auto/PublisherPortSubscriberPortOpaqueWidthInference.xml
----------------- Instantiating /home/travis/build/icyphy/ptII/ptolemy/actor/lib/test/auto/PublisherPortSubscriberPortOpaqueWidthInference.xml
3 ms. Memory: 573440K Free: 415067K (72%)
----------------- Invoking toplevel() on ptolemy.moml.MoMLSimpleApplication@75d0e910
----------------- Done invoking toplevel() on ptolemy.moml.MoMLSimpleApplication@75d0e910
reloadAllAccessors: .PublisherPortSubscriberPortOpaqueWidthInference

===========================================================================================
----------------- testing Tue Jul 09 04:52:17 UTC 2019 /home/travis/build/icyphy/ptII/ptolemy/actor/lib/test/auto/PublisherPortToplevelSubscriberPortAOC.xml
----------------- Instantiating /home/travis/build/icyphy/ptII/ptolemy/actor/lib/test/auto/PublisherPortToplevelSubscriberPortAOC.xml
.PublisherPortToplevelSubscriberPortAOC.TestExceptionAttribute: initialize() was not invoked, but wrapup() was.  This is unusual, but not always a problem.  For example, exporting JNLP will do this.
2 ms. Memory: 573440K Free: 408937K (71%)
----------------- Invoking toplevel() on ptolemy.moml.MoMLSimpleApplication@191eae40
----------------- Done invoking toplevel() on ptolemy.moml.MoMLSimpleApplication@191eae40
reloadAllAccessors: .PublisherPortToplevelSubscriberPortAOC

===========================================================================================
----------------- testing Tue Jul 09 04:52:17 UTC 2019 /home/travis/build/icyphy/ptII/ptolemy/actor/lib/test/auto/PublisherSubscriber.xml
----------------- Instantiating /home/travis/build/icyphy/ptII/ptolemy/actor/lib/test/auto/PublisherSubscriber.xml
2 ms. Memory: 573440K Free: 401755K (70%)
----------------- Invoking toplevel() on ptolemy.moml.MoMLSimpleApplication@47f3ad78
----------------- Done invoking toplevel() on ptolemy.moml.MoMLSimpleApplication@47f3ad78
reloadAllAccessors: .PublisherSubscriber

===========================================================================================
----------------- testing Tue Jul 09 04:52:17 UTC 2019 /home/travis/build/icyphy/ptII/ptolemy/actor/lib/test/auto/PublisherSubscriber10.xml
----------------- Instantiating /home/travis/build/icyphy/ptII/ptolemy/actor/lib/test/auto/PublisherSubscriber10.xml
8 ms. Memory: 573440K Free: 392553K (68%)
----------------- Invoking toplevel() on ptolemy.moml.MoMLSimpleApplication@1ef785a
----------------- Done invoking toplevel() on ptolemy.moml.MoMLSimpleApplication@1ef785a
reloadAllAccessors: .PublisherSubscriber10

===========================================================================================
----------------- testing Tue Jul 09 04:52:17 UTC 2019 /home/travis/build/icyphy/ptII/ptolemy/actor/lib/test/auto/PublisherSubscriber10InitialOutputs.xml
----------------- Instantiating /home/travis/build/icyphy/ptII/ptolemy/actor/lib/test/auto/PublisherSubscriber10InitialOutputs.xml
17 ms. Memory: 573440K Free: 383337K (67%)
----------------- Invoking toplevel() on ptolemy.moml.MoMLSimpleApplication@25a0ae58
----------------- Done invoking toplevel() on ptolemy.moml.MoMLSimpleApplication@25a0ae58
reloadAllAccessors: .PublisherSubscriber10InitialOutputs

===========================================================================================
----------------- testing Tue Jul 09 04:52:17 UTC 2019 /home/travis/build/icyphy/ptII/ptolemy/actor/lib/test/auto/PublisherSubscriber11.xml
----------------- Instantiating /home/travis/build/icyphy/ptII/ptolemy/actor/lib/test/auto/PublisherSubscriber11.xml
3 ms. Memory: 573440K Free: 377163K (66%)
----------------- Invoking toplevel() on ptolemy.moml.MoMLSimpleApplication@36b76f70
----------------- Done invoking toplevel() on ptolemy.moml.MoMLSimpleApplication@36b76f70
reloadAllAccessors: .PublisherSubscriber11

===========================================================================================
----------------- testing Tue Jul 09 04:52:17 UTC 2019 /home/travis/build/icyphy/ptII/ptolemy/actor/lib/test/auto/PublisherSubscriber12.xml
----------------- Instantiating /home/travis/build/icyphy/ptII/ptolemy/actor/lib/test/auto/PublisherSubscriber12.xml
6 ms. Memory: 573440K Free: 370025K (65%)
----------------- Invoking toplevel() on ptolemy.moml.MoMLSimpleApplication@bd720e8
----------------- Done invoking toplevel() on ptolemy.moml.MoMLSimpleApplication@bd720e8
reloadAllAccessors: .PublisherSubscriber12

===========================================================================================
----------------- testing Tue Jul 09 04:52:17 UTC 2019 /home/travis/build/icyphy/ptII/ptolemy/actor/lib/test/auto/PublisherSubscriber13.xml
----------------- Instantiating /home/travis/build/icyphy/ptII/ptolemy/actor/lib/test/auto/PublisherSubscriber13.xml
3 ms. Memory: 573440K Free: 364395K (64%)
----------------- Invoking toplevel() on ptolemy.moml.MoMLSimpleApplication@2fe4f0d0
----------------- Done invoking toplevel() on ptolemy.moml.MoMLSimpleApplication@2fe4f0d0
reloadAllAccessors: .PublisherSubscriber13

===========================================================================================
----------------- testing Tue Jul 09 04:52:17 UTC 2019 /home/travis/build/icyphy/ptII/ptolemy/actor/lib/test/auto/PublisherSubscriber14.xml
----------------- Instantiating /home/travis/build/icyphy/ptII/ptolemy/actor/lib/test/auto/PublisherSubscriber14.xml
7 ms. Memory: 573440K Free: 355689K (62%)
----------------- Invoking toplevel() on ptolemy.moml.MoMLSimpleApplication@6c155d12
----------------- Done invoking toplevel() on ptolemy.moml.MoMLSimpleApplication@6c155d12
reloadAllAccessors: .PublisherSubscriber14

===========================================================================================
----------------- testing Tue Jul 09 04:52:17 UTC 2019 /home/travis/build/icyphy/ptII/ptolemy/actor/lib/test/auto/PublisherSubscriber2.xml
----------------- Instantiating /home/travis/build/icyphy/ptII/ptolemy/actor/lib/test/auto/PublisherSubscriber2.xml
3 ms. Memory: 573440K Free: 350059K (61%)
----------------- Invoking toplevel() on ptolemy.moml.MoMLSimpleApplication@52114840
----------------- Done invoking toplevel() on ptolemy.moml.MoMLSimpleApplication@52114840
reloadAllAccessors: .PublisherSubscriber2

===========================================================================================
----------------- testing Tue Jul 09 04:52:17 UTC 2019 /home/travis/build/icyphy/ptII/ptolemy/actor/lib/test/auto/PublisherSubscriber3.xml
----------------- Instantiating /home/travis/build/icyphy/ptII/ptolemy/actor/lib/test/auto/PublisherSubscriber3.xml
3 ms. Memory: 573440K Free: 344411K (60%)
----------------- Invoking toplevel() on ptolemy.moml.MoMLSimpleApplication@7be37f8f
----------------- Done invoking toplevel() on ptolemy.moml.MoMLSimpleApplication@7be37f8f
reloadAllAccessors: .PublisherSubscriber3

===========================================================================================
----------------- testing Tue Jul 09 04:52:17 UTC 2019 /home/travis/build/icyphy/ptII/ptolemy/actor/lib/test/auto/PublisherSubscriber4.xml
----------------- Instantiating /home/travis/build/icyphy/ptII/ptolemy/actor/lib/test/auto/PublisherSubscriber4.xml
2 ms. Memory: 573440K Free: 339305K (59%)
----------------- Invoking toplevel() on ptolemy.moml.MoMLSimpleApplication@4c39d4cf
----------------- Done invoking toplevel() on ptolemy.moml.MoMLSimpleApplication@4c39d4cf
reloadAllAccessors: .PublisherSubscriber4

===========================================================================================
----------------- testing Tue Jul 09 04:52:17 UTC 2019 /home/travis/build/icyphy/ptII/ptolemy/actor/lib/test/auto/PublisherSubscriber5.xml
----------------- Instantiating /home/travis/build/icyphy/ptII/ptolemy/actor/lib/test/auto/PublisherSubscriber5.xml
3 ms. Memory: 573440K Free: 332651K (58%)
----------------- Invoking toplevel() on ptolemy.moml.MoMLSimpleApplication@7ded4e2b
----------------- Done invoking toplevel() on ptolemy.moml.MoMLSimpleApplication@7ded4e2b
reloadAllAccessors: .PublisherSubscriber5

===========================================================================================
----------------- testing Tue Jul 09 04:52:17 UTC 2019 /home/travis/build/icyphy/ptII/ptolemy/actor/lib/test/auto/PublisherSubscriber6.xml
----------------- Instantiating /home/travis/build/icyphy/ptII/ptolemy/actor/lib/test/auto/PublisherSubscriber6.xml
4 ms. Memory: 573440K Free: 325979K (57%)
----------------- Invoking toplevel() on ptolemy.moml.MoMLSimpleApplication@4c101112
----------------- Done invoking toplevel() on ptolemy.moml.MoMLSimpleApplication@4c101112
reloadAllAccessors: .PublisherSubscriber6

===========================================================================================
----------------- testing Tue Jul 09 04:52:18 UTC 2019 /home/travis/build/icyphy/ptII/ptolemy/actor/lib/test/auto/PublisherSubscriber7.xml
----------------- Instantiating /home/travis/build/icyphy/ptII/ptolemy/actor/lib/test/auto/PublisherSubscriber7.xml
8 ms. Memory: 573440K Free: 319339K (56%)
----------------- Invoking toplevel() on ptolemy.moml.MoMLSimpleApplication@5d6c122
----------------- Done invoking toplevel() on ptolemy.moml.MoMLSimpleApplication@5d6c122
reloadAllAccessors: .PublisherSubscriber7

===========================================================================================
----------------- testing Tue Jul 09 04:52:18 UTC 2019 /home/travis/build/icyphy/ptII/ptolemy/actor/lib/test/auto/PublisherSubscriber8.xml
----------------- Instantiating /home/travis/build/icyphy/ptII/ptolemy/actor/lib/test/auto/PublisherSubscriber8.xml
20 ms. Memory: 573440K Free: 308075K (54%)
----------------- Invoking toplevel() on ptolemy.moml.MoMLSimpleApplication@46cf724a
----------------- Done invoking toplevel() on ptolemy.moml.MoMLSimpleApplication@46cf724a
reloadAllAccessors: .PublisherSubscriber8

===========================================================================================
----------------- testing Tue Jul 09 04:52:18 UTC 2019 /home/travis/build/icyphy/ptII/ptolemy/actor/lib/test/auto/PublisherSubscriber9.xml
----------------- Instantiating /home/travis/build/icyphy/ptII/ptolemy/actor/lib/test/auto/PublisherSubscriber9.xml
3 ms. Memory: 573440K Free: 300907K (52%)
----------------- Invoking toplevel() on ptolemy.moml.MoMLSimpleApplication@53a3477c
----------------- Done invoking toplevel() on ptolemy.moml.MoMLSimpleApplication@53a3477c
reloadAllAccessors: .PublisherSubscriber9

===========================================================================================
----------------- testing Tue Jul 09 04:52:18 UTC 2019 /home/travis/build/icyphy/ptII/ptolemy/actor/lib/test/auto/PublisherSubscriberAdjacent.xml
----------------- Instantiating /home/travis/build/icyphy/ptII/ptolemy/actor/lib/test/auto/PublisherSubscriberAdjacent.xml
2 ms. Memory: 573440K Free: 292715K (51%)
----------------- Invoking toplevel() on ptolemy.moml.MoMLSimpleApplication@2151f081
----------------- Done invoking toplevel() on ptolemy.moml.MoMLSimpleApplication@2151f081
reloadAllAccessors: .PublisherSubscriberAdjacent

===========================================================================================
----------------- testing Tue Jul 09 04:52:18 UTC 2019 /home/travis/build/icyphy/ptII/ptolemy/actor/lib/test/auto/PublisherSubscriberChannelVariablesAOC2.xml
----------------- Instantiating /home/travis/build/icyphy/ptII/ptolemy/actor/lib/test/auto/PublisherSubscriberChannelVariablesAOC2.xml
3 ms. Memory: 573440K Free: 277851K (48%)
----------------- Invoking toplevel() on ptolemy.moml.MoMLSimpleApplication@2142b15f
----------------- Done invoking toplevel() on ptolemy.moml.MoMLSimpleApplication@2142b15f
reloadAllAccessors: .PublisherSubscriberChannelVariablesAOC2

===========================================================================================
----------------- testing Tue Jul 09 04:52:18 UTC 2019 /home/travis/build/icyphy/ptII/ptolemy/actor/lib/test/auto/PublisherSubscriberD3.xml
----------------- Instantiating /home/travis/build/icyphy/ptII/ptolemy/actor/lib/test/auto/PublisherSubscriberD3.xml
2 ms. Memory: 573440K Free: 270697K (47%)
----------------- Invoking toplevel() on ptolemy.moml.MoMLSimpleApplication@2ac53f8f
----------------- Done invoking toplevel() on ptolemy.moml.MoMLSimpleApplication@2ac53f8f
reloadAllAccessors: .PublisherSubscriberD3

===========================================================================================
----------------- testing Tue Jul 09 04:52:18 UTC 2019 /home/travis/build/icyphy/ptII/ptolemy/actor/lib/test/auto/PublisherSubscriberD3Reverse.xml
----------------- Instantiating /home/travis/build/icyphy/ptII/ptolemy/actor/lib/test/auto/PublisherSubscriberD3Reverse.xml
1 ms. Memory: 573440K Free: 264553K (46%)
----------------- Invoking toplevel() on ptolemy.moml.MoMLSimpleApplication@1e9290d7
----------------- Done invoking toplevel() on ptolemy.moml.MoMLSimpleApplication@1e9290d7
reloadAllAccessors: .PublisherSubscriberD3Reverse

===========================================================================================
----------------- testing Tue Jul 09 04:52:18 UTC 2019 /home/travis/build/icyphy/ptII/ptolemy/actor/lib/test/auto/PublisherSubscriberExpression.xml
----------------- Instantiating /home/travis/build/icyphy/ptII/ptolemy/actor/lib/test/auto/PublisherSubscriberExpression.xml
4 ms. Memory: 573440K Free: 256347K (45%)
----------------- Invoking toplevel() on ptolemy.moml.MoMLSimpleApplication@78374862
----------------- Done invoking toplevel() on ptolemy.moml.MoMLSimpleApplication@78374862
reloadAllAccessors: .PublisherSubscriberExpression

===========================================================================================
----------------- testing Tue Jul 09 04:52:18 UTC 2019 /home/travis/build/icyphy/ptII/ptolemy/actor/lib/test/auto/PublisherSubscriberOpaque.xml
----------------- Instantiating /home/travis/build/icyphy/ptII/ptolemy/actor/lib/test/auto/PublisherSubscriberOpaque.xml
4 ms. Memory: 573440K Free: 248169K (43%)
----------------- Invoking toplevel() on ptolemy.moml.MoMLSimpleApplication@273752ba
----------------- Done invoking toplevel() on ptolemy.moml.MoMLSimpleApplication@273752ba
reloadAllAccessors: .PublisherSubscriberOpaque

===========================================================================================
----------------- testing Tue Jul 09 04:52:18 UTC 2019 /home/travis/build/icyphy/ptII/ptolemy/actor/lib/test/auto/PublisherSubscriberOpaqueD3.xml
----------------- Instantiating /home/travis/build/icyphy/ptII/ptolemy/actor/lib/test/auto/PublisherSubscriberOpaqueD3.xml
6 ms. Memory: 573440K Free: 236905K (41%)
----------------- Invoking toplevel() on ptolemy.moml.MoMLSimpleApplication@7300078
----------------- Done invoking toplevel() on ptolemy.moml.MoMLSimpleApplication@7300078
reloadAllAccessors: .PublisherSubscriberOpaqueD3

===========================================================================================
----------------- testing Tue Jul 09 04:52:18 UTC 2019 /home/travis/build/icyphy/ptII/ptolemy/actor/lib/test/auto/PublisherSubscriberOpaqueD3Reverse.xml
----------------- Instantiating /home/travis/build/icyphy/ptII/ptolemy/actor/lib/test/auto/PublisherSubscriberOpaqueD3Reverse.xml
8 ms. Memory: 573440K Free: 226665K (40%)
----------------- Invoking toplevel() on ptolemy.moml.MoMLSimpleApplication@63d63f74
----------------- Done invoking toplevel() on ptolemy.moml.MoMLSimpleApplication@63d63f74
reloadAllAccessors: .PublisherSubscriberOpaqueD3Reverse

===========================================================================================
----------------- testing Tue Jul 09 04:52:18 UTC 2019 /home/travis/build/icyphy/ptII/ptolemy/actor/lib/test/auto/PublisherSubscriberOpaqueWidthInference.xml
----------------- Instantiating /home/travis/build/icyphy/ptII/ptolemy/actor/lib/test/auto/PublisherSubscriberOpaqueWidthInference.xml
5 ms. Memory: 573440K Free: 218459K (38%)
----------------- Invoking toplevel() on ptolemy.moml.MoMLSimpleApplication@68ca9d40
----------------- Done invoking toplevel() on ptolemy.moml.MoMLSimpleApplication@68ca9d40
reloadAllAccessors: .PublisherSubscriberOpaqueWidthInference

===========================================================================================
----------------- testing Tue Jul 09 04:52:18 UTC 2019 /home/travis/build/icyphy/ptII/ptolemy/actor/lib/test/auto/PublisherTestSubscriber.xml
----------------- Instantiating /home/travis/build/icyphy/ptII/ptolemy/actor/lib/test/auto/PublisherTestSubscriber.xml
3 ms. Memory: 573440K Free: 210795K (37%)
----------------- Invoking toplevel() on ptolemy.moml.MoMLSimpleApplication@49258990
----------------- Done invoking toplevel() on ptolemy.moml.MoMLSimpleApplication@49258990
reloadAllAccessors: .PublisherTestSubscriber

===========================================================================================
----------------- testing Tue Jul 09 04:52:18 UTC 2019 /home/travis/build/icyphy/ptII/ptolemy/actor/lib/test/auto/PublisherToplevelSubscriberPortAOC.xml
----------------- Instantiating /home/travis/build/icyphy/ptII/ptolemy/actor/lib/test/auto/PublisherToplevelSubscriberPortAOC.xml
2 ms. Memory: 573440K Free: 204651K (36%)
----------------- Invoking toplevel() on ptolemy.moml.MoMLSimpleApplication@7b164bf9
----------------- Done invoking toplevel() on ptolemy.moml.MoMLSimpleApplication@7b164bf9
reloadAllAccessors: .PublisherToplevelSubscriberPortAOC

===========================================================================================
----------------- testing Tue Jul 09 04:52:18 UTC 2019 /home/travis/build/icyphy/ptII/ptolemy/actor/lib/test/auto/PulseFiringLimitDE.xml
----------------- Instantiating /home/travis/build/icyphy/ptII/ptolemy/actor/lib/test/auto/PulseFiringLimitDE.xml
2 ms. Memory: 573440K Free: 198507K (35%)
----------------- Invoking toplevel() on ptolemy.moml.MoMLSimpleApplication@30c017f9
----------------- Done invoking toplevel() on ptolemy.moml.MoMLSimpleApplication@30c017f9
reloadAllAccessors: .PulseFiringLimitDE

===========================================================================================
----------------- testing Tue Jul 09 04:52:18 UTC 2019 /home/travis/build/icyphy/ptII/ptolemy/actor/lib/test/auto/Ramp1.xml
----------------- Instantiating /home/travis/build/icyphy/ptII/ptolemy/actor/lib/test/auto/Ramp1.xml
1 ms. Memory: 573440K Free: 194411K (34%)
----------------- Invoking toplevel() on ptolemy.moml.MoMLSimpleApplication@44042de
----------------- Done invoking toplevel() on ptolemy.moml.MoMLSimpleApplication@44042de
reloadAllAccessors: .Ramp1

===========================================================================================
----------------- testing Tue Jul 09 04:52:18 UTC 2019 /home/travis/build/icyphy/ptII/ptolemy/actor/lib/test/auto/RampFiringLimitDE.xml
----------------- Instantiating /home/travis/build/icyphy/ptII/ptolemy/actor/lib/test/auto/RampFiringLimitDE.xml
3 ms. Memory: 573440K Free: 188267K (33%)
----------------- Invoking toplevel() on ptolemy.moml.MoMLSimpleApplication@11e88903
----------------- Done invoking toplevel() on ptolemy.moml.MoMLSimpleApplication@11e88903
reloadAllAccessors: .RampFiringLimitDE

===========================================================================================
----------------- testing Tue Jul 09 04:52:18 UTC 2019 /home/travis/build/icyphy/ptII/ptolemy/actor/lib/test/auto/RampFiringLimitSDF.xml
----------------- Instantiating /home/travis/build/icyphy/ptII/ptolemy/actor/lib/test/auto/RampFiringLimitSDF.xml
12 ms. Memory: 573440K Free: 523849K (91%)
----------------- Invoking toplevel() on ptolemy.moml.MoMLSimpleApplication@5804cc8e
----------------- Done invoking toplevel() on ptolemy.moml.MoMLSimpleApplication@5804cc8e
reloadAllAccessors: .RampFiringLimitSDF

===========================================================================================
----------------- testing Tue Jul 09 04:52:18 UTC 2019 /home/travis/build/icyphy/ptII/ptolemy/actor/lib/test/auto/RandomInteger.xml
----------------- Instantiating /home/travis/build/icyphy/ptII/ptolemy/actor/lib/test/auto/RandomInteger.xml
1 ms. Memory: 573440K Free: 519239K (91%)
----------------- Invoking toplevel() on ptolemy.moml.MoMLSimpleApplication@57e45e9e
----------------- Done invoking toplevel() on ptolemy.moml.MoMLSimpleApplication@57e45e9e
reloadAllAccessors: .RandomInteger

===========================================================================================
----------------- testing Tue Jul 09 04:52:18 UTC 2019 /home/travis/build/icyphy/ptII/ptolemy/actor/lib/test/auto/ReadFile1.xml
----------------- Instantiating /home/travis/build/icyphy/ptII/ptolemy/actor/lib/test/auto/ReadFile1.xml
1 ms. Memory: 573440K Free: 514633K (90%)
----------------- Invoking toplevel() on ptolemy.moml.MoMLSimpleApplication@ad749c5
----------------- Done invoking toplevel() on ptolemy.moml.MoMLSimpleApplication@ad749c5
reloadAllAccessors: .ReadFile1

===========================================================================================
----------------- testing Tue Jul 09 04:52:18 UTC 2019 /home/travis/build/icyphy/ptII/ptolemy/actor/lib/test/auto/ReadFile2.xml
----------------- Instantiating /home/travis/build/icyphy/ptII/ptolemy/actor/lib/test/auto/ReadFile2.xml
1 ms. Memory: 573440K Free: 510537K (89%)
----------------- Invoking toplevel() on ptolemy.moml.MoMLSimpleApplication@d8767a7
----------------- Done invoking toplevel() on ptolemy.moml.MoMLSimpleApplication@d8767a7
reloadAllAccessors: .ReadFile2

===========================================================================================
----------------- testing Tue Jul 09 04:52:18 UTC 2019 /home/travis/build/icyphy/ptII/ptolemy/actor/lib/test/auto/Reader.xml
----------------- Instantiating /home/travis/build/icyphy/ptII/ptolemy/actor/lib/test/auto/Reader.xml
actor.lib.Reader is obsolete, use actor.lib.io.ExpressionReader instead
4 ms. Memory: 573440K Free: 506441K (88%)
----------------- Invoking toplevel() on ptolemy.moml.MoMLSimpleApplication@19b9520
----------------- Done invoking toplevel() on ptolemy.moml.MoMLSimpleApplication@19b9520
reloadAllAccessors: .Reader

===========================================================================================
----------------- testing Tue Jul 09 04:52:18 UTC 2019 /home/travis/build/icyphy/ptII/ptolemy/actor/lib/test/auto/RecordAssemblerDisplayNameTest.xml
----------------- Instantiating /home/travis/build/icyphy/ptII/ptolemy/actor/lib/test/auto/RecordAssemblerDisplayNameTest.xml
3697 ms. Memory: 573440K Free: 334385K (58%)
----------------- Invoking toplevel() on ptolemy.moml.MoMLSimpleApplication@3beecc59
----------------- Done invoking toplevel() on ptolemy.moml.MoMLSimpleApplication@3beecc59
reloadAllAccessors: .RecordAssemblerDisplayNameTest

===========================================================================================
----------------- testing Tue Jul 09 04:52:22 UTC 2019 /home/travis/build/icyphy/ptII/ptolemy/actor/lib/test/auto/RecordAssemblerTypeError.xml
----------------- Instantiating /home/travis/build/icyphy/ptII/ptolemy/actor/lib/test/auto/RecordAssemblerTypeError.xml
16 ms. Memory: 573440K Free: 324655K (57%)
----------------- Invoking toplevel() on ptolemy.moml.MoMLSimpleApplication@5c0b6abc
----------------- Done invoking toplevel() on ptolemy.moml.MoMLSimpleApplication@5c0b6abc
reloadAllAccessors: .RecordAssemblerTypeError

===========================================================================================
----------------- testing Tue Jul 09 04:52:22 UTC 2019 /home/travis/build/icyphy/ptII/ptolemy/actor/lib/test/auto/RecordDisassember.xml
----------------- Instantiating /home/travis/build/icyphy/ptII/ptolemy/actor/lib/test/auto/RecordDisassember.xml
5 ms. Memory: 573440K Free: 320049K (56%)
----------------- Invoking toplevel() on ptolemy.moml.MoMLSimpleApplication@29eacf67
----------------- Done invoking toplevel() on ptolemy.moml.MoMLSimpleApplication@29eacf67
reloadAllAccessors: .RecordDisassember

===========================================================================================
----------------- testing Tue Jul 09 04:52:22 UTC 2019 /home/travis/build/icyphy/ptII/ptolemy/actor/lib/test/auto/RecordDisassemberDisplayNameTest.xml
----------------- Instantiating /home/travis/build/icyphy/ptII/ptolemy/actor/lib/test/auto/RecordDisassemberDisplayNameTest.xml
7 ms. Memory: 573440K Free: 312367K (54%)
----------------- Invoking toplevel() on ptolemy.moml.MoMLSimpleApplication@5ac3135b
----------------- Done invoking toplevel() on ptolemy.moml.MoMLSimpleApplication@5ac3135b
reloadAllAccessors: .RecordDisassemberDisplayNameTest

===========================================================================================
----------------- testing Tue Jul 09 04:52:22 UTC 2019 /home/travis/build/icyphy/ptII/ptolemy/actor/lib/test/auto/RecordDisassembler.xml
----------------- Instantiating /home/travis/build/icyphy/ptII/ptolemy/actor/lib/test/auto/RecordDisassembler.xml
2 ms. Memory: 573440K Free: 307233K (54%)
----------------- Invoking toplevel() on ptolemy.moml.MoMLSimpleApplication@6f48ff9
----------------- Done invoking toplevel() on ptolemy.moml.MoMLSimpleApplication@6f48ff9
reloadAllAccessors: .RecordDisassembler

===========================================================================================
----------------- testing Tue Jul 09 04:52:22 UTC 2019 /home/travis/build/icyphy/ptII/ptolemy/actor/lib/test/auto/RecordDisassembler2.xml
----------------- Instantiating /home/travis/build/icyphy/ptII/ptolemy/actor/lib/test/auto/RecordDisassembler2.xml
3 ms. Memory: 573440K Free: 302113K (53%)
----------------- Invoking toplevel() on ptolemy.moml.MoMLSimpleApplication@735a480b
----------------- Done invoking toplevel() on ptolemy.moml.MoMLSimpleApplication@735a480b
reloadAllAccessors: .RecordDisassembler2

===========================================================================================
----------------- testing Tue Jul 09 04:52:22 UTC 2019 /home/travis/build/icyphy/ptII/ptolemy/actor/lib/test/auto/RecordUpdater.xml
----------------- Instantiating /home/travis/build/icyphy/ptII/ptolemy/actor/lib/test/auto/RecordUpdater.xml
2 ms. Memory: 573440K Free: 297007K (52%)
----------------- Invoking toplevel() on ptolemy.moml.MoMLSimpleApplication@46ab6e50
----------------- Done invoking toplevel() on ptolemy.moml.MoMLSimpleApplication@46ab6e50
reloadAllAccessors: .RecordUpdater

===========================================================================================
----------------- testing Tue Jul 09 04:52:22 UTC 2019 /home/travis/build/icyphy/ptII/ptolemy/actor/lib/test/auto/RecordUpdater2.xml
----------------- Instantiating /home/travis/build/icyphy/ptII/ptolemy/actor/lib/test/auto/RecordUpdater2.xml
2 ms. Memory: 573440K Free: 291887K (51%)
----------------- Invoking toplevel() on ptolemy.moml.MoMLSimpleApplication@4b82e1f9
----------------- Done invoking toplevel() on ptolemy.moml.MoMLSimpleApplication@4b82e1f9
reloadAllAccessors: .RecordUpdater2

===========================================================================================
----------------- testing Tue Jul 09 04:52:22 UTC 2019 /home/travis/build/icyphy/ptII/ptolemy/actor/lib/test/auto/RecursiveLattice.xml
----------------- Instantiating /home/travis/build/icyphy/ptII/ptolemy/actor/lib/test/auto/RecursiveLattice.xml
1 ms. Memory: 573440K Free: 287281K (50%)
----------------- Invoking toplevel() on ptolemy.moml.MoMLSimpleApplication@32aad57f
----------------- Done invoking toplevel() on ptolemy.moml.MoMLSimpleApplication@32aad57f
reloadAllAccessors: .RecursiveLattice

===========================================================================================
----------------- testing Tue Jul 09 04:52:22 UTC 2019 /home/travis/build/icyphy/ptII/ptolemy/actor/lib/test/auto/Router.xml
----------------- Instantiating /home/travis/build/icyphy/ptII/ptolemy/actor/lib/test/auto/Router.xml
3005 ms. Memory: 573440K Free: 276017K (48%)
----------------- Invoking toplevel() on ptolemy.moml.MoMLSimpleApplication@a7ef3fa
----------------- Done invoking toplevel() on ptolemy.moml.MoMLSimpleApplication@a7ef3fa
reloadAllAccessors: .Router

===========================================================================================
----------------- testing Tue Jul 09 04:52:25 UTC 2019 /home/travis/build/icyphy/ptII/ptolemy/actor/lib/test/auto/Router2.xml
----------------- Instantiating /home/travis/build/icyphy/ptII/ptolemy/actor/lib/test/auto/Router2.xml
3004 ms. Memory: 573440K Free: 265263K (46%)
----------------- Invoking toplevel() on ptolemy.moml.MoMLSimpleApplication@113d75a8
----------------- Done invoking toplevel() on ptolemy.moml.MoMLSimpleApplication@113d75a8
reloadAllAccessors: .Router2

===========================================================================================
----------------- testing Tue Jul 09 04:52:28 UTC 2019 /home/travis/build/icyphy/ptII/ptolemy/actor/lib/test/auto/RunningMaximum.xml
----------------- Instantiating /home/travis/build/icyphy/ptII/ptolemy/actor/lib/test/auto/RunningMaximum.xml
4 ms. Memory: 573440K Free: 260657K (45%)
----------------- Invoking toplevel() on ptolemy.moml.MoMLSimpleApplication@9f56b7f
----------------- Done invoking toplevel() on ptolemy.moml.MoMLSimpleApplication@9f56b7f
reloadAllAccessors: .RunningMaximum

===========================================================================================
----------------- testing Tue Jul 09 04:52:28 UTC 2019 /home/travis/build/icyphy/ptII/ptolemy/actor/lib/test/auto/RunningMinimum.xml
----------------- Instantiating /home/travis/build/icyphy/ptII/ptolemy/actor/lib/test/auto/RunningMinimum.xml
3 ms. Memory: 573440K Free: 256047K (45%)
----------------- Invoking toplevel() on ptolemy.moml.MoMLSimpleApplication@2f05276e
----------------- Done invoking toplevel() on ptolemy.moml.MoMLSimpleApplication@2f05276e
reloadAllAccessors: .RunningMinimum

===========================================================================================
----------------- testing Tue Jul 09 04:52:28 UTC 2019 /home/travis/build/icyphy/ptII/ptolemy/actor/lib/test/auto/Scale.xml
----------------- Instantiating /home/travis/build/icyphy/ptII/ptolemy/actor/lib/test/auto/Scale.xml
2 ms. Memory: 573440K Free: 251441K (44%)
----------------- Invoking toplevel() on ptolemy.moml.MoMLSimpleApplication@c0a50f8
----------------- Done invoking toplevel() on ptolemy.moml.MoMLSimpleApplication@c0a50f8
reloadAllAccessors: .Scale

===========================================================================================
----------------- testing Tue Jul 09 04:52:28 UTC 2019 /home/travis/build/icyphy/ptII/ptolemy/actor/lib/test/auto/Scale2.xml
----------------- Instantiating /home/travis/build/icyphy/ptII/ptolemy/actor/lib/test/auto/Scale2.xml
2 ms. Memory: 573440K Free: 246831K (43%)
----------------- Invoking toplevel() on ptolemy.moml.MoMLSimpleApplication@56ffb2b3
----------------- Done invoking toplevel() on ptolemy.moml.MoMLSimpleApplication@56ffb2b3
reloadAllAccessors: .Scale2

===========================================================================================
----------------- testing Tue Jul 09 04:52:28 UTC 2019 /home/travis/build/icyphy/ptII/ptolemy/actor/lib/test/auto/Scale3.xml
----------------- Instantiating /home/travis/build/icyphy/ptII/ptolemy/actor/lib/test/auto/Scale3.xml
10 ms. Memory: 573440K Free: 240177K (42%)
----------------- Invoking toplevel() on ptolemy.moml.MoMLSimpleApplication@52a924a4
----------------- Done invoking toplevel() on ptolemy.moml.MoMLSimpleApplication@52a924a4
reloadAllAccessors: .Scale3

===========================================================================================
----------------- testing Tue Jul 09 04:52:28 UTC 2019 /home/travis/build/icyphy/ptII/ptolemy/actor/lib/test/auto/ScaleArray.xml
----------------- Instantiating /home/travis/build/icyphy/ptII/ptolemy/actor/lib/test/auto/ScaleArray.xml
2 ms. Memory: 573440K Free: 235567K (41%)
----------------- Invoking toplevel() on ptolemy.moml.MoMLSimpleApplication@1552631a
----------------- Done invoking toplevel() on ptolemy.moml.MoMLSimpleApplication@1552631a
reloadAllAccessors: .ScaleArray

===========================================================================================
----------------- testing Tue Jul 09 04:52:28 UTC 2019 /home/travis/build/icyphy/ptII/ptolemy/actor/lib/test/auto/ScaleArray2.xml
----------------- Instantiating /home/travis/build/icyphy/ptII/ptolemy/actor/lib/test/auto/ScaleArray2.xml
1 ms. Memory: 573440K Free: 230961K (40%)
----------------- Invoking toplevel() on ptolemy.moml.MoMLSimpleApplication@5e345f6a
----------------- Done invoking toplevel() on ptolemy.moml.MoMLSimpleApplication@5e345f6a
reloadAllAccessors: .ScaleArray2

===========================================================================================
----------------- testing Tue Jul 09 04:52:28 UTC 2019 /home/travis/build/icyphy/ptII/ptolemy/actor/lib/test/auto/ScaleMatrix.xml
----------------- Instantiating /home/travis/build/icyphy/ptII/ptolemy/actor/lib/test/auto/ScaleMatrix.xml
181 ms. Memory: 573440K Free: 215601K (38%)
----------------- Invoking toplevel() on ptolemy.moml.MoMLSimpleApplication@5a2b8994
----------------- Done invoking toplevel() on ptolemy.moml.MoMLSimpleApplication@5a2b8994
reloadAllAccessors: .ScaleMatrix

===========================================================================================
----------------- testing Tue Jul 09 04:52:28 UTC 2019 /home/travis/build/icyphy/ptII/ptolemy/actor/lib/test/auto/Select.xml
----------------- Instantiating /home/travis/build/icyphy/ptII/ptolemy/actor/lib/test/auto/Select.xml
2 ms. Memory: 573440K Free: 209457K (37%)
----------------- Invoking toplevel() on ptolemy.moml.MoMLSimpleApplication@6808c554
----------------- Done invoking toplevel() on ptolemy.moml.MoMLSimpleApplication@6808c554
reloadAllAccessors: .Select

===========================================================================================
----------------- testing Tue Jul 09 04:52:28 UTC 2019 /home/travis/build/icyphy/ptII/ptolemy/actor/lib/test/auto/Select2.xml
----------------- Instantiating /home/travis/build/icyphy/ptII/ptolemy/actor/lib/test/auto/Select2.xml
1 ms. Memory: 573440K Free: 204847K (36%)
----------------- Invoking toplevel() on ptolemy.moml.MoMLSimpleApplication@5d418711
----------------- Done invoking toplevel() on ptolemy.moml.MoMLSimpleApplication@5d418711
reloadAllAccessors: .Select2

===========================================================================================
----------------- testing Tue Jul 09 04:52:28 UTC 2019 /home/travis/build/icyphy/ptII/ptolemy/actor/lib/test/auto/SequenceToArray2.xml
----------------- Instantiating /home/travis/build/icyphy/ptII/ptolemy/actor/lib/test/auto/SequenceToArray2.xml
114 ms. Memory: 573440K Free: 520170K (91%)
----------------- Invoking toplevel() on ptolemy.moml.MoMLSimpleApplication@1f3baf1f
----------------- Done invoking toplevel() on ptolemy.moml.MoMLSimpleApplication@1f3baf1f
reloadAllAccessors: .SequenceToArray2

===========================================================================================
----------------- testing Tue Jul 09 04:52:28 UTC 2019 /home/travis/build/icyphy/ptII/ptolemy/actor/lib/test/auto/SequentialClock.xml
----------------- Instantiating /home/travis/build/icyphy/ptII/ptolemy/actor/lib/test/auto/SequentialClock.xml
1 ms. Memory: 573440K Free: 515348K (90%)
----------------- Invoking toplevel() on ptolemy.moml.MoMLSimpleApplication@260fc8ff
----------------- Done invoking toplevel() on ptolemy.moml.MoMLSimpleApplication@260fc8ff
reloadAllAccessors: .SequentialClock

===========================================================================================
----------------- testing Tue Jul 09 04:52:28 UTC 2019 /home/travis/build/icyphy/ptII/ptolemy/actor/lib/test/auto/SetVariable.xml
----------------- Instantiating /home/travis/build/icyphy/ptII/ptolemy/actor/lib/test/auto/SetVariable.xml
3 ms. Memory: 573440K Free: 510738K (89%)
----------------- Invoking toplevel() on ptolemy.moml.MoMLSimpleApplication@6d2eb168
----------------- Done invoking toplevel() on ptolemy.moml.MoMLSimpleApplication@6d2eb168
reloadAllAccessors: .SetVariable

===========================================================================================
----------------- testing Tue Jul 09 04:52:28 UTC 2019 /home/travis/build/icyphy/ptII/ptolemy/actor/lib/test/auto/SetVariable2.xml
----------------- Instantiating /home/travis/build/icyphy/ptII/ptolemy/actor/lib/test/auto/SetVariable2.xml
4 ms. Memory: 573440K Free: 504594K (88%)
----------------- Invoking toplevel() on ptolemy.moml.MoMLSimpleApplication@414ba0e1
----------------- Done invoking toplevel() on ptolemy.moml.MoMLSimpleApplication@414ba0e1
reloadAllAccessors: .SetVariable2

===========================================================================================
----------------- testing Tue Jul 09 04:52:29 UTC 2019 /home/travis/build/icyphy/ptII/ptolemy/actor/lib/test/auto/SetVariable3.xml
----------------- Instantiating /home/travis/build/icyphy/ptII/ptolemy/actor/lib/test/auto/SetVariable3.xml
9 ms. Memory: 573440K Free: 499474K (87%)
----------------- Invoking toplevel() on ptolemy.moml.MoMLSimpleApplication@66091b7f
----------------- Done invoking toplevel() on ptolemy.moml.MoMLSimpleApplication@66091b7f
reloadAllAccessors: .SetVariable3

===========================================================================================
----------------- testing Tue Jul 09 04:52:29 UTC 2019 /home/travis/build/icyphy/ptII/ptolemy/actor/lib/test/auto/SetVariable4.xml
----------------- Instantiating /home/travis/build/icyphy/ptII/ptolemy/actor/lib/test/auto/SetVariable4.xml
16 ms. Memory: 573440K Free: 489748K (85%)
----------------- Invoking toplevel() on ptolemy.moml.MoMLSimpleApplication@1239f741
----------------- Done invoking toplevel() on ptolemy.moml.MoMLSimpleApplication@1239f741
reloadAllAccessors: .SetVariable4

===========================================================================================
----------------- testing Tue Jul 09 04:52:29 UTC 2019 /home/travis/build/icyphy/ptII/ptolemy/actor/lib/test/auto/SetVariable5.xml
----------------- Instantiating /home/travis/build/icyphy/ptII/ptolemy/actor/lib/test/auto/SetVariable5.xml
18 ms. Memory: 573440K Free: 480532K (84%)
----------------- Invoking toplevel() on ptolemy.moml.MoMLSimpleApplication@3e86224e
----------------- Done invoking toplevel() on ptolemy.moml.MoMLSimpleApplication@3e86224e
reloadAllAccessors: .SetVariable5

===========================================================================================
----------------- testing Tue Jul 09 04:52:29 UTC 2019 /home/travis/build/icyphy/ptII/ptolemy/actor/lib/test/auto/Sinewave.xml
----------------- Instantiating /home/travis/build/icyphy/ptII/ptolemy/actor/lib/test/auto/Sinewave.xml
5 ms. Memory: 573440K Free: 470292K (82%)
----------------- Invoking toplevel() on ptolemy.moml.MoMLSimpleApplication@4b4512b0
----------------- Done invoking toplevel() on ptolemy.moml.MoMLSimpleApplication@4b4512b0
reloadAllAccessors: .Sinewave

===========================================================================================
----------------- testing Tue Jul 09 04:52:29 UTC 2019 /home/travis/build/icyphy/ptII/ptolemy/actor/lib/test/auto/Sinewave2.xml
----------------- Instantiating /home/travis/build/icyphy/ptII/ptolemy/actor/lib/test/auto/Sinewave2.xml
7 ms. Memory: 573440K Free: 462100K (81%)
----------------- Invoking toplevel() on ptolemy.moml.MoMLSimpleApplication@11ed522c
----------------- Done invoking toplevel() on ptolemy.moml.MoMLSimpleApplication@11ed522c
reloadAllAccessors: .Sinewave2

===========================================================================================
----------------- testing Tue Jul 09 04:52:29 UTC 2019 /home/travis/build/icyphy/ptII/ptolemy/actor/lib/test/auto/Sinewave3.xml
----------------- Instantiating /home/travis/build/icyphy/ptII/ptolemy/actor/lib/test/auto/Sinewave3.xml
8 ms. Memory: 573440K Free: 453908K (79%)
----------------- Invoking toplevel() on ptolemy.moml.MoMLSimpleApplication@2bce307c
----------------- Done invoking toplevel() on ptolemy.moml.MoMLSimpleApplication@2bce307c
reloadAllAccessors: .Sinewave3

===========================================================================================
----------------- testing Tue Jul 09 04:52:29 UTC 2019 /home/travis/build/icyphy/ptII/ptolemy/actor/lib/test/auto/SingleEvent.xml
----------------- Instantiating /home/travis/build/icyphy/ptII/ptolemy/actor/lib/test/auto/SingleEvent.xml
1 ms. Memory: 573440K Free: 449812K (78%)
----------------- Invoking toplevel() on ptolemy.moml.MoMLSimpleApplication@387521e4
----------------- Done invoking toplevel() on ptolemy.moml.MoMLSimpleApplication@387521e4
reloadAllAccessors: .SingleEvent

===========================================================================================
----------------- testing Tue Jul 09 04:52:29 UTC 2019 /home/travis/build/icyphy/ptII/ptolemy/actor/lib/test/auto/Sleep.xml
----------------- Instantiating /home/travis/build/icyphy/ptII/ptolemy/actor/lib/test/auto/Sleep.xml
6003 ms. Memory: 573440K Free: 444178K (77%)
----------------- Invoking toplevel() on ptolemy.moml.MoMLSimpleApplication@53d11297
----------------- Done invoking toplevel() on ptolemy.moml.MoMLSimpleApplication@53d11297
reloadAllAccessors: .Sleep

===========================================================================================
----------------- testing Tue Jul 09 04:52:35 UTC 2019 /home/travis/build/icyphy/ptII/ptolemy/actor/lib/test/auto/SleepMultipleFire.xml
----------------- Instantiating /home/travis/build/icyphy/ptII/ptolemy/actor/lib/test/auto/SleepMultipleFire.xml
1005 ms. Memory: 573440K Free: 438548K (76%)
----------------- Invoking toplevel() on ptolemy.moml.MoMLSimpleApplication@6025abd7
----------------- Done invoking toplevel() on ptolemy.moml.MoMLSimpleApplication@6025abd7
reloadAllAccessors: .SleepMultipleFire

===========================================================================================
----------------- testing Tue Jul 09 04:52:36 UTC 2019 /home/travis/build/icyphy/ptII/ptolemy/actor/lib/test/auto/StopDE.xml
----------------- Instantiating /home/travis/build/icyphy/ptII/ptolemy/actor/lib/test/auto/StopDE.xml
4 ms. Memory: 573440K Free: 432914K (75%)
----------------- Invoking toplevel() on ptolemy.moml.MoMLSimpleApplication@31c37276
----------------- Done invoking toplevel() on ptolemy.moml.MoMLSimpleApplication@31c37276
reloadAllAccessors: .StopDE

===========================================================================================
----------------- testing Tue Jul 09 04:52:36 UTC 2019 /home/travis/build/icyphy/ptII/ptolemy/actor/lib/test/auto/StopSDF.xml
----------------- Instantiating /home/travis/build/icyphy/ptII/ptolemy/actor/lib/test/auto/StopSDF.xml
4 ms. Memory: 573440K Free: 427284K (75%)
----------------- Invoking toplevel() on ptolemy.moml.MoMLSimpleApplication@76e4fcc6
----------------- Done invoking toplevel() on ptolemy.moml.MoMLSimpleApplication@76e4fcc6
reloadAllAccessors: .StopSDF

===========================================================================================
----------------- testing Tue Jul 09 04:52:36 UTC 2019 /home/travis/build/icyphy/ptII/ptolemy/actor/lib/test/auto/StringConstant.xml
----------------- Instantiating /home/travis/build/icyphy/ptII/ptolemy/actor/lib/test/auto/StringConstant.xml
8 ms. Memory: 573440K Free: 423188K (74%)
----------------- Invoking toplevel() on ptolemy.moml.MoMLSimpleApplication@6502a88
----------------- Done invoking toplevel() on ptolemy.moml.MoMLSimpleApplication@6502a88
reloadAllAccessors: .StringConstant

===========================================================================================
----------------- testing Tue Jul 09 04:52:36 UTC 2019 /home/travis/build/icyphy/ptII/ptolemy/actor/lib/test/auto/SubscriberPortInitialValues1.xml
----------------- Instantiating /home/travis/build/icyphy/ptII/ptolemy/actor/lib/test/auto/SubscriberPortInitialValues1.xml
11 ms. Memory: 573440K Free: 414482K (72%)
----------------- Invoking toplevel() on ptolemy.moml.MoMLSimpleApplication@5a7447e5
----------------- Done invoking toplevel() on ptolemy.moml.MoMLSimpleApplication@5a7447e5
reloadAllAccessors: .SubscriberPortInitialValues1

===========================================================================================
----------------- testing Tue Jul 09 04:52:36 UTC 2019 /home/travis/build/icyphy/ptII/ptolemy/actor/lib/test/auto/SubscriberPortInitialValues13.xml
----------------- Instantiating /home/travis/build/icyphy/ptII/ptolemy/actor/lib/test/auto/SubscriberPortInitialValues13.xml
6 ms. Memory: 573440K Free: 401684K (70%)
----------------- Invoking toplevel() on ptolemy.moml.MoMLSimpleApplication@3fde442
----------------- Done invoking toplevel() on ptolemy.moml.MoMLSimpleApplication@3fde442
reloadAllAccessors: .SubscriberPortInitialValues13

===========================================================================================
----------------- testing Tue Jul 09 04:52:36 UTC 2019 /home/travis/build/icyphy/ptII/ptolemy/actor/lib/test/auto/SubscriberPortInitialValues14.xml
----------------- Instantiating /home/travis/build/icyphy/ptII/ptolemy/actor/lib/test/auto/SubscriberPortInitialValues14.xml
6 ms. Memory: 573440K Free: 394002K (69%)
----------------- Invoking toplevel() on ptolemy.moml.MoMLSimpleApplication@7ffd4a23
----------------- Done invoking toplevel() on ptolemy.moml.MoMLSimpleApplication@7ffd4a23
reloadAllAccessors: .SubscriberPortInitialValues14

===========================================================================================
----------------- testing Tue Jul 09 04:52:36 UTC 2019 /home/travis/build/icyphy/ptII/ptolemy/actor/lib/test/auto/SubscriberPortInitialValues2.xml
----------------- Instantiating /home/travis/build/icyphy/ptII/ptolemy/actor/lib/test/auto/SubscriberPortInitialValues2.xml
4 ms. Memory: 573440K Free: 386324K (67%)
----------------- Invoking toplevel() on ptolemy.moml.MoMLSimpleApplication@ebc3bf
----------------- Done invoking toplevel() on ptolemy.moml.MoMLSimpleApplication@ebc3bf
reloadAllAccessors: .SubscriberPortInitialValues2

===========================================================================================
----------------- testing Tue Jul 09 04:52:36 UTC 2019 /home/travis/build/icyphy/ptII/ptolemy/actor/lib/test/auto/SubscriberPortInitialValues3.xml
----------------- Instantiating /home/travis/build/icyphy/ptII/ptolemy/actor/lib/test/auto/SubscriberPortInitialValues3.xml
5 ms. Memory: 573440K Free: 375570K (65%)
----------------- Invoking toplevel() on ptolemy.moml.MoMLSimpleApplication@c319b8c
----------------- Done invoking toplevel() on ptolemy.moml.MoMLSimpleApplication@c319b8c
reloadAllAccessors: .SubscriberPortInitialValues3

===========================================================================================
----------------- testing Tue Jul 09 04:52:36 UTC 2019 /home/travis/build/icyphy/ptII/ptolemy/actor/lib/test/auto/SubscriptionAggregator.xml
----------------- Instantiating /home/travis/build/icyphy/ptII/ptolemy/actor/lib/test/auto/SubscriptionAggregator.xml
3 ms. Memory: 573440K Free: 368916K (64%)
----------------- Invoking toplevel() on ptolemy.moml.MoMLSimpleApplication@415da761
----------------- Done invoking toplevel() on ptolemy.moml.MoMLSimpleApplication@415da761
reloadAllAccessors: .SubscriptionAggregator

===========================================================================================
----------------- testing Tue Jul 09 04:52:36 UTC 2019 /home/travis/build/icyphy/ptII/ptolemy/actor/lib/test/auto/SubscriptionAggregator2.xml
----------------- Instantiating /home/travis/build/icyphy/ptII/ptolemy/actor/lib/test/auto/SubscriptionAggregator2.xml
2 ms. Memory: 573440K Free: 362251K (63%)
----------------- Invoking toplevel() on ptolemy.moml.MoMLSimpleApplication@74fab878
----------------- Done invoking toplevel() on ptolemy.moml.MoMLSimpleApplication@74fab878
reloadAllAccessors: .SubscriptionAggregator2

===========================================================================================
----------------- testing Tue Jul 09 04:52:36 UTC 2019 /home/travis/build/icyphy/ptII/ptolemy/actor/lib/test/auto/SubscriptionAggregator3.xml
----------------- Instantiating /home/travis/build/icyphy/ptII/ptolemy/actor/lib/test/auto/SubscriptionAggregator3.xml
4 ms. Memory: 573440K Free: 353556K (62%)
----------------- Invoking toplevel() on ptolemy.moml.MoMLSimpleApplication@275bf48f
----------------- Done invoking toplevel() on ptolemy.moml.MoMLSimpleApplication@275bf48f
reloadAllAccessors: .SubscriptionAggregator3

===========================================================================================
----------------- testing Tue Jul 09 04:52:36 UTC 2019 /home/travis/build/icyphy/ptII/ptolemy/actor/lib/test/auto/SubscriptionAggregatorMultiply.xml
----------------- Instantiating /home/travis/build/icyphy/ptII/ptolemy/actor/lib/test/auto/SubscriptionAggregatorMultiply.xml
11 ms. Memory: 573440K Free: 345364K (60%)
----------------- Invoking toplevel() on ptolemy.moml.MoMLSimpleApplication@aa9f1ce
----------------- Done invoking toplevel() on ptolemy.moml.MoMLSimpleApplication@aa9f1ce
reloadAllAccessors: .SubscriptionAggregatorMultiply

===========================================================================================
----------------- testing Tue Jul 09 04:52:36 UTC 2019 /home/travis/build/icyphy/ptII/ptolemy/actor/lib/test/auto/SubscriptionAggregatorPortMultiply1.xml
----------------- Instantiating /home/travis/build/icyphy/ptII/ptolemy/actor/lib/test/auto/SubscriptionAggregatorPortMultiply1.xml
3 ms. Memory: 573440K Free: 337682K (59%)
----------------- Invoking toplevel() on ptolemy.moml.MoMLSimpleApplication@2c51de1d
----------------- Done invoking toplevel() on ptolemy.moml.MoMLSimpleApplication@2c51de1d
reloadAllAccessors: .SubscriptionAggregatorPortMultiply1

===========================================================================================
----------------- testing Tue Jul 09 04:52:36 UTC 2019 /home/travis/build/icyphy/ptII/ptolemy/actor/lib/test/auto/Switch.xml
----------------- Instantiating /home/travis/build/icyphy/ptII/ptolemy/actor/lib/test/auto/Switch.xml
7 ms. Memory: 573440K Free: 329490K (57%)
----------------- Invoking toplevel() on ptolemy.moml.MoMLSimpleApplication@2e9f3e97
----------------- Done invoking toplevel() on ptolemy.moml.MoMLSimpleApplication@2e9f3e97
reloadAllAccessors: .Switch

===========================================================================================
----------------- testing Tue Jul 09 04:52:36 UTC 2019 /home/travis/build/icyphy/ptII/ptolemy/actor/lib/test/auto/Switch2.xml
----------------- Instantiating /home/travis/build/icyphy/ptII/ptolemy/actor/lib/test/auto/Switch2.xml
1 ms. Memory: 573440K Free: 324884K (57%)
----------------- Invoking toplevel() on ptolemy.moml.MoMLSimpleApplication@69ed0816
----------------- Done invoking toplevel() on ptolemy.moml.MoMLSimpleApplication@69ed0816
reloadAllAccessors: .Switch2

===========================================================================================
----------------- testing Tue Jul 09 04:52:36 UTC 2019 /home/travis/build/icyphy/ptII/ptolemy/actor/lib/test/auto/SwitchDE.xml
----------------- Instantiating /home/travis/build/icyphy/ptII/ptolemy/actor/lib/test/auto/SwitchDE.xml
4 ms. Memory: 573440K Free: 318740K (56%)
----------------- Invoking toplevel() on ptolemy.moml.MoMLSimpleApplication@52fa5eb6
----------------- Done invoking toplevel() on ptolemy.moml.MoMLSimpleApplication@52fa5eb6
reloadAllAccessors: .SwitchDE

===========================================================================================
----------------- testing Tue Jul 09 04:52:36 UTC 2019 /home/travis/build/icyphy/ptII/ptolemy/actor/lib/test/auto/SynchronizerDE.xml
----------------- Instantiating /home/travis/build/icyphy/ptII/ptolemy/actor/lib/test/auto/SynchronizerDE.xml
7 ms. Memory: 573440K Free: 310548K (54%)
----------------- Invoking toplevel() on ptolemy.moml.MoMLSimpleApplication@4764a20b
----------------- Done invoking toplevel() on ptolemy.moml.MoMLSimpleApplication@4764a20b
reloadAllAccessors: .SynchronizerDE

===========================================================================================
----------------- testing Tue Jul 09 04:52:36 UTC 2019 /home/travis/build/icyphy/ptII/ptolemy/actor/lib/test/auto/Test.xml
----------------- Instantiating /home/travis/build/icyphy/ptII/ptolemy/actor/lib/test/auto/Test.xml
10 ms. Memory: 573440K Free: 305428K (53%)
----------------- Invoking toplevel() on ptolemy.moml.MoMLSimpleApplication@58e33300
----------------- Done invoking toplevel() on ptolemy.moml.MoMLSimpleApplication@58e33300
reloadAllAccessors: .Test

===========================================================================================
----------------- testing Tue Jul 09 04:52:36 UTC 2019 /home/travis/build/icyphy/ptII/ptolemy/actor/lib/test/auto/TestExceptionAttribute1.xml
----------------- Instantiating /home/travis/build/icyphy/ptII/ptolemy/actor/lib/test/auto/TestExceptionAttribute1.xml
2 ms. Memory: 573440K Free: 301842K (53%)
----------------- Invoking toplevel() on ptolemy.moml.MoMLSimpleApplication@5da92f33
----------------- Done invoking toplevel() on ptolemy.moml.MoMLSimpleApplication@5da92f33
reloadAllAccessors: .TestExceptionAttribute1

===========================================================================================
----------------- testing Tue Jul 09 04:52:36 UTC 2019 /home/travis/build/icyphy/ptII/ptolemy/actor/lib/test/auto/TestExceptionAttribute2.xml
----------------- Instantiating /home/travis/build/icyphy/ptII/ptolemy/actor/lib/test/auto/TestExceptionAttribute2.xml
1 ms. Memory: 573440K Free: 298260K (52%)
----------------- Invoking toplevel() on ptolemy.moml.MoMLSimpleApplication@62a675ef
----------------- Done invoking toplevel() on ptolemy.moml.MoMLSimpleApplication@62a675ef
reloadAllAccessors: .TestExceptionAttribute2

===========================================================================================
----------------- testing Tue Jul 09 04:52:36 UTC 2019 /home/travis/build/icyphy/ptII/ptolemy/actor/lib/test/auto/TestExceptionAttribute3.xml
----------------- Instantiating /home/travis/build/icyphy/ptII/ptolemy/actor/lib/test/auto/TestExceptionAttribute3.xml
.TestExceptionAttribute3.TestExceptionAttribute: initialize() was not invoked, but wrapup() was.  This is unusual, but not always a problem.  For example, exporting JNLP will do this.
0 ms. Memory: 573440K Free: 294674K (51%)
----------------- Invoking toplevel() on ptolemy.moml.MoMLSimpleApplication@314d9ea8
----------------- Done invoking toplevel() on ptolemy.moml.MoMLSimpleApplication@314d9ea8
reloadAllAccessors: .TestExceptionAttribute3

===========================================================================================
----------------- testing Tue Jul 09 04:52:36 UTC 2019 /home/travis/build/icyphy/ptII/ptolemy/actor/lib/test/auto/TestExceptionAttribute4.xml
----------------- Instantiating /home/travis/build/icyphy/ptII/ptolemy/actor/lib/test/auto/TestExceptionAttribute4.xml
.TestExceptionAttribute4.TestExceptionAttribute: initialize() was not invoked, but wrapup() was.  This is unusual, but not always a problem.  For example, exporting JNLP will do this.
.TestExceptionAttribute4.TestExceptionAttribute2: initialize() was not invoked, but wrapup() was.  This is unusual, but not always a problem.  For example, exporting JNLP will do this.
1 ms. Memory: 573440K Free: 290578K (51%)
----------------- Invoking toplevel() on ptolemy.moml.MoMLSimpleApplication@660bf913
----------------- Done invoking toplevel() on ptolemy.moml.MoMLSimpleApplication@660bf913
reloadAllAccessors: .TestExceptionAttribute4

===========================================================================================
----------------- testing Tue Jul 09 04:52:36 UTC 2019 /home/travis/build/icyphy/ptII/ptolemy/actor/lib/test/auto/TestExceptionHandler1.xml
----------------- Instantiating /home/travis/build/icyphy/ptII/ptolemy/actor/lib/test/auto/TestExceptionHandler1.xml
0 ms. Memory: 573440K Free: 286996K (50%)
----------------- Invoking toplevel() on ptolemy.moml.MoMLSimpleApplication@436711f
----------------- Done invoking toplevel() on ptolemy.moml.MoMLSimpleApplication@436711f
reloadAllAccessors: .TestExceptionHandler1

===========================================================================================
----------------- testing Tue Jul 09 04:52:36 UTC 2019 /home/travis/build/icyphy/ptII/ptolemy/actor/lib/test/auto/TestExceptionHandler2.xml
----------------- Instantiating /home/travis/build/icyphy/ptII/ptolemy/actor/lib/test/auto/TestExceptionHandler2.xml
2 ms. Memory: 573440K Free: 283410K (49%)
----------------- Invoking toplevel() on ptolemy.moml.MoMLSimpleApplication@16d0294f
----------------- Done invoking toplevel() on ptolemy.moml.MoMLSimpleApplication@16d0294f
reloadAllAccessors: .TestExceptionHandler2

===========================================================================================
----------------- testing Tue Jul 09 04:52:36 UTC 2019 /home/travis/build/icyphy/ptII/ptolemy/actor/lib/test/auto/TestExceptionHandler3.xml
----------------- Instantiating /home/travis/build/icyphy/ptII/ptolemy/actor/lib/test/auto/TestExceptionHandler3.xml
0 ms. Memory: 573440K Free: 279828K (49%)
----------------- Invoking toplevel() on ptolemy.moml.MoMLSimpleApplication@4c014265
----------------- Done invoking toplevel() on ptolemy.moml.MoMLSimpleApplication@4c014265
reloadAllAccessors: .TestExceptionHandler3

===========================================================================================
----------------- testing Tue Jul 09 04:52:36 UTC 2019 /home/travis/build/icyphy/ptII/ptolemy/actor/lib/test/auto/TestExceptionHandler4.xml
----------------- Instantiating /home/travis/build/icyphy/ptII/ptolemy/actor/lib/test/auto/TestExceptionHandler4.xml
1 ms. Memory: 573440K Free: 275218K (48%)
----------------- Invoking toplevel() on ptolemy.moml.MoMLSimpleApplication@69da93a6
----------------- Done invoking toplevel() on ptolemy.moml.MoMLSimpleApplication@69da93a6
reloadAllAccessors: .TestExceptionHandler4

===========================================================================================
----------------- testing Tue Jul 09 04:52:36 UTC 2019 /home/travis/build/icyphy/ptII/ptolemy/actor/lib/test/auto/TestRequireCorrectOrder.xml
----------------- Instantiating /home/travis/build/icyphy/ptII/ptolemy/actor/lib/test/auto/TestRequireCorrectOrder.xml
2 ms. Memory: 573440K Free: 270091K (47%)
----------------- Invoking toplevel() on ptolemy.moml.MoMLSimpleApplication@4f1e7c76
----------------- Done invoking toplevel() on ptolemy.moml.MoMLSimpleApplication@4f1e7c76
reloadAllAccessors: .TestRequireCorrectOrder

===========================================================================================
----------------- testing Tue Jul 09 04:52:36 UTC 2019 /home/travis/build/icyphy/ptII/ptolemy/actor/lib/test/auto/TestSimple.xml
----------------- Instantiating /home/travis/build/icyphy/ptII/ptolemy/actor/lib/test/auto/TestSimple.xml
5 ms. Memory: 573440K Free: 265492K (46%)
----------------- Invoking toplevel() on ptolemy.moml.MoMLSimpleApplication@1b486c7f
----------------- Done invoking toplevel() on ptolemy.moml.MoMLSimpleApplication@1b486c7f
reloadAllAccessors: .TestSimple

===========================================================================================
----------------- testing Tue Jul 09 04:52:36 UTC 2019 /home/travis/build/icyphy/ptII/ptolemy/actor/lib/test/auto/ThrowModelError.xml
----------------- Instantiating /home/travis/build/icyphy/ptII/ptolemy/actor/lib/test/auto/ThrowModelError.xml
2 ms. Memory: 573440K Free: 260882K (45%)
----------------- Invoking toplevel() on ptolemy.moml.MoMLSimpleApplication@36af3d75
----------------- Done invoking toplevel() on ptolemy.moml.MoMLSimpleApplication@36af3d75
reloadAllAccessors: .ThrowModelError

===========================================================================================
----------------- testing Tue Jul 09 04:52:36 UTC 2019 /home/travis/build/icyphy/ptII/ptolemy/actor/lib/test/auto/TimeDelayMicrosteps.xml
----------------- Instantiating /home/travis/build/icyphy/ptII/ptolemy/actor/lib/test/auto/TimeDelayMicrosteps.xml
4 ms. Memory: 573440K Free: 254228K (44%)
----------------- Invoking toplevel() on ptolemy.moml.MoMLSimpleApplication@ba62d89
----------------- Done invoking toplevel() on ptolemy.moml.MoMLSimpleApplication@ba62d89
reloadAllAccessors: .TimeDelayMicrosteps

===========================================================================================
----------------- testing Tue Jul 09 04:52:36 UTC 2019 /home/travis/build/icyphy/ptII/ptolemy/actor/lib/test/auto/TimeDelayMicrosteps2.xml
----------------- Instantiating /home/travis/build/icyphy/ptII/ptolemy/actor/lib/test/auto/TimeDelayMicrosteps2.xml
4 ms. Memory: 573440K Free: 247060K (43%)
----------------- Invoking toplevel() on ptolemy.moml.MoMLSimpleApplication@24fe4778
----------------- Done invoking toplevel() on ptolemy.moml.MoMLSimpleApplication@24fe4778
reloadAllAccessors: .TimeDelayMicrosteps2

===========================================================================================
----------------- testing Tue Jul 09 04:52:36 UTC 2019 /home/travis/build/icyphy/ptII/ptolemy/actor/lib/test/auto/TimeDelayMicrosteps3.xml
----------------- Instantiating /home/travis/build/icyphy/ptII/ptolemy/actor/lib/test/auto/TimeDelayMicrosteps3.xml
3 ms. Memory: 573440K Free: 240395K (42%)
----------------- Invoking toplevel() on ptolemy.moml.MoMLSimpleApplication@1298f94d
----------------- Done invoking toplevel() on ptolemy.moml.MoMLSimpleApplication@1298f94d
reloadAllAccessors: .TimeDelayMicrosteps3

===========================================================================================
----------------- testing Tue Jul 09 04:52:36 UTC 2019 /home/travis/build/icyphy/ptII/ptolemy/actor/lib/test/auto/TimeDelayVariableMicrosteps.xml
----------------- Instantiating /home/travis/build/icyphy/ptII/ptolemy/actor/lib/test/auto/TimeDelayVariableMicrosteps.xml
3 ms. Memory: 573440K Free: 233748K (41%)
----------------- Invoking toplevel() on ptolemy.moml.MoMLSimpleApplication@1921b025
----------------- Done invoking toplevel() on ptolemy.moml.MoMLSimpleApplication@1921b025
reloadAllAccessors: .TimeDelayVariableMicrosteps

===========================================================================================
----------------- testing Tue Jul 09 04:52:36 UTC 2019 /home/travis/build/icyphy/ptII/ptolemy/actor/lib/test/auto/TimeGap.xml
----------------- Instantiating /home/travis/build/icyphy/ptII/ptolemy/actor/lib/test/auto/TimeGap.xml
4 ms. Memory: 573440K Free: 228628K (40%)
----------------- Invoking toplevel() on ptolemy.moml.MoMLSimpleApplication@53080b61
----------------- Done invoking toplevel() on ptolemy.moml.MoMLSimpleApplication@53080b61
reloadAllAccessors: .TimeGap

===========================================================================================
----------------- testing Tue Jul 09 04:52:36 UTC 2019 /home/travis/build/icyphy/ptII/ptolemy/actor/lib/test/auto/TimeGap2.xml
----------------- Instantiating /home/travis/build/icyphy/ptII/ptolemy/actor/lib/test/auto/TimeGap2.xml
2 ms. Memory: 573440K Free: 222979K (39%)
----------------- Invoking toplevel() on ptolemy.moml.MoMLSimpleApplication@3aff00b8
----------------- Done invoking toplevel() on ptolemy.moml.MoMLSimpleApplication@3aff00b8
reloadAllAccessors: .TimeGap2

===========================================================================================
----------------- testing Tue Jul 09 04:52:36 UTC 2019 /home/travis/build/icyphy/ptII/ptolemy/actor/lib/test/auto/TimedSinewave.xml
----------------- Instantiating /home/travis/build/icyphy/ptII/ptolemy/actor/lib/test/auto/TimedSinewave.xml
21 ms. Memory: 573440K Free: 209172K (36%)
----------------- Invoking toplevel() on ptolemy.moml.MoMLSimpleApplication@13ad3d46
----------------- Done invoking toplevel() on ptolemy.moml.MoMLSimpleApplication@13ad3d46
reloadAllAccessors: .TimedSinewave

===========================================================================================
----------------- testing Tue Jul 09 04:52:36 UTC 2019 /home/travis/build/icyphy/ptII/ptolemy/actor/lib/test/auto/TimedSinewavePhase.xml
----------------- Instantiating /home/travis/build/icyphy/ptII/ptolemy/actor/lib/test/auto/TimedSinewavePhase.xml
10 ms. Memory: 573440K Free: 199442K (35%)
----------------- Invoking toplevel() on ptolemy.moml.MoMLSimpleApplication@284dba5e
----------------- Done invoking toplevel() on ptolemy.moml.MoMLSimpleApplication@284dba5e
reloadAllAccessors: .TimedSinewavePhase

===========================================================================================
----------------- testing Tue Jul 09 04:52:36 UTC 2019 /home/travis/build/icyphy/ptII/ptolemy/actor/lib/test/auto/Timer.xml
----------------- Instantiating /home/travis/build/icyphy/ptII/ptolemy/actor/lib/test/auto/Timer.xml
3 ms. Memory: 573440K Free: 193283K (34%)
----------------- Invoking toplevel() on ptolemy.moml.MoMLSimpleApplication@21b0c38a
----------------- Done invoking toplevel() on ptolemy.moml.MoMLSimpleApplication@21b0c38a
reloadAllAccessors: .Timer

===========================================================================================
----------------- testing Tue Jul 09 04:52:37 UTC 2019 /home/travis/build/icyphy/ptII/ptolemy/actor/lib/test/auto/TriangularDistTestModel.xml
----------------- Instantiating /home/travis/build/icyphy/ptII/ptolemy/actor/lib/test/auto/TriangularDistTestModel.xml
2 ms. Memory: 573440K Free: 187668K (33%)
----------------- Invoking toplevel() on ptolemy.moml.MoMLSimpleApplication@f4de8cb
----------------- Done invoking toplevel() on ptolemy.moml.MoMLSimpleApplication@f4de8cb
reloadAllAccessors: .TriangularDistTestModel

===========================================================================================
----------------- testing Tue Jul 09 04:52:37 UTC 2019 /home/travis/build/icyphy/ptII/ptolemy/actor/lib/test/auto/TrigFunction.xml
----------------- Instantiating /home/travis/build/icyphy/ptII/ptolemy/actor/lib/test/auto/TrigFunction.xml
22 ms. Memory: 573440K Free: 523512K (91%)
----------------- Invoking toplevel() on ptolemy.moml.MoMLSimpleApplication@324a82f4
----------------- Done invoking toplevel() on ptolemy.moml.MoMLSimpleApplication@324a82f4
reloadAllAccessors: .TrigFunction

===========================================================================================
----------------- testing Tue Jul 09 04:52:37 UTC 2019 /home/travis/build/icyphy/ptII/ptolemy/actor/lib/test/auto/TrigFunctionDE.xml
----------------- Instantiating /home/travis/build/icyphy/ptII/ptolemy/actor/lib/test/auto/TrigFunctionDE.xml
2 ms. Memory: 573440K Free: 517118K (90%)
----------------- Invoking toplevel() on ptolemy.moml.MoMLSimpleApplication@581bc070
----------------- Done invoking toplevel() on ptolemy.moml.MoMLSimpleApplication@581bc070
reloadAllAccessors: .TrigFunctionDE

===========================================================================================
----------------- testing Tue Jul 09 04:52:37 UTC 2019 /home/travis/build/icyphy/ptII/ptolemy/actor/lib/test/auto/TrigFunctionInverse.xml
----------------- Instantiating /home/travis/build/icyphy/ptII/ptolemy/actor/lib/test/auto/TrigFunctionInverse.xml
3 ms. Memory: 573440K Free: 511998K (89%)
----------------- Invoking toplevel() on ptolemy.moml.MoMLSimpleApplication@782e7a3f
----------------- Done invoking toplevel() on ptolemy.moml.MoMLSimpleApplication@782e7a3f
reloadAllAccessors: .TrigFunctionInverse

===========================================================================================
----------------- testing Tue Jul 09 04:52:37 UTC 2019 /home/travis/build/icyphy/ptII/ptolemy/actor/lib/test/auto/TrigFunctionTan.xml
----------------- Instantiating /home/travis/build/icyphy/ptII/ptolemy/actor/lib/test/auto/TrigFunctionTan.xml
2 ms. Memory: 573440K Free: 507902K (89%)
----------------- Invoking toplevel() on ptolemy.moml.MoMLSimpleApplication@69f51c31
----------------- Done invoking toplevel() on ptolemy.moml.MoMLSimpleApplication@69f51c31
reloadAllAccessors: .TrigFunctionTan

===========================================================================================
----------------- testing Tue Jul 09 04:52:37 UTC 2019 /home/travis/build/icyphy/ptII/ptolemy/actor/lib/test/auto/TriggeredClock.xml
----------------- Instantiating /home/travis/build/icyphy/ptII/ptolemy/actor/lib/test/auto/TriggeredClock.xml
1 ms. Memory: 573440K Free: 502767K (88%)
----------------- Invoking toplevel() on ptolemy.moml.MoMLSimpleApplication@48ed3c4b
----------------- Done invoking toplevel() on ptolemy.moml.MoMLSimpleApplication@48ed3c4b
reloadAllAccessors: .TriggeredClock

===========================================================================================
----------------- testing Tue Jul 09 04:52:37 UTC 2019 /home/travis/build/icyphy/ptII/ptolemy/actor/lib/test/auto/URLDirectoryReader.xml
----------------- Instantiating /home/travis/build/icyphy/ptII/ptolemy/actor/lib/test/auto/URLDirectoryReader.xml
42 ms. Memory: 573440K Free: 493566K (86%)
----------------- Invoking toplevel() on ptolemy.moml.MoMLSimpleApplication@7595baa3
----------------- Done invoking toplevel() on ptolemy.moml.MoMLSimpleApplication@7595baa3
reloadAllAccessors: .URLDirectoryReader

===========================================================================================
----------------- testing Tue Jul 09 04:52:37 UTC 2019 /home/travis/build/icyphy/ptII/ptolemy/actor/lib/test/auto/URLDirectoryReader3.xml
----------------- Instantiating /home/travis/build/icyphy/ptII/ptolemy/actor/lib/test/auto/URLDirectoryReader3.xml
1109 ms. Memory: 573440K Free: 515624K (90%)
----------------- Invoking toplevel() on ptolemy.moml.MoMLSimpleApplication@eb476d5
----------------- Done invoking toplevel() on ptolemy.moml.MoMLSimpleApplication@eb476d5
reloadAllAccessors: .URLDirectoryReader3

===========================================================================================
----------------- testing Tue Jul 09 04:52:38 UTC 2019 /home/travis/build/icyphy/ptII/ptolemy/actor/lib/test/auto/UnaryMathFunction.xml
----------------- Instantiating /home/travis/build/icyphy/ptII/ptolemy/actor/lib/test/auto/UnaryMathFunction.xml
2 ms. Memory: 573440K Free: 507902K (89%)
----------------- Invoking toplevel() on ptolemy.moml.MoMLSimpleApplication@1bdc685
----------------- Done invoking toplevel() on ptolemy.moml.MoMLSimpleApplication@1bdc685
reloadAllAccessors: .UnaryMathFunction

===========================================================================================
----------------- testing Tue Jul 09 04:52:38 UTC 2019 /home/travis/build/icyphy/ptII/ptolemy/actor/lib/test/auto/Uniform.xml
----------------- Instantiating /home/travis/build/icyphy/ptII/ptolemy/actor/lib/test/auto/Uniform.xml
10 ms. Memory: 573440K Free: 503296K (88%)
----------------- Invoking toplevel() on ptolemy.moml.MoMLSimpleApplication@3d7e05d6
----------------- Done invoking toplevel() on ptolemy.moml.MoMLSimpleApplication@3d7e05d6
reloadAllAccessors: .Uniform

===========================================================================================
----------------- testing Tue Jul 09 04:52:38 UTC 2019 /home/travis/build/icyphy/ptII/ptolemy/actor/lib/test/auto/UnionDisassemblerTest.xml
----------------- Instantiating /home/travis/build/icyphy/ptII/ptolemy/actor/lib/test/auto/UnionDisassemblerTest.xml
12 ms. Memory: 573440K Free: 499679K (87%)
----------------- Invoking toplevel() on ptolemy.moml.MoMLSimpleApplication@6b15ba8c
----------------- Done invoking toplevel() on ptolemy.moml.MoMLSimpleApplication@6b15ba8c
reloadAllAccessors: .UnionDisassemblerTest

===========================================================================================
----------------- testing Tue Jul 09 04:52:38 UTC 2019 /home/travis/build/icyphy/ptII/ptolemy/actor/lib/test/auto/UtilityFunctions.xml
----------------- Instantiating /home/travis/build/icyphy/ptII/ptolemy/actor/lib/test/auto/UtilityFunctions.xml
1 ms. Memory: 573440K Free: 495614K (86%)
----------------- Invoking toplevel() on ptolemy.moml.MoMLSimpleApplication@15cffcd9
----------------- Done invoking toplevel() on ptolemy.moml.MoMLSimpleApplication@15cffcd9
reloadAllAccessors: .UtilityFunctions

===========================================================================================
----------------- testing Tue Jul 09 04:52:38 UTC 2019 /home/travis/build/icyphy/ptII/ptolemy/actor/lib/test/auto/VariableSleep.xml
----------------- Instantiating /home/travis/build/icyphy/ptII/ptolemy/actor/lib/test/auto/VariableSleep.xml
503 ms. Memory: 573440K Free: 490494K (86%)
----------------- Invoking toplevel() on ptolemy.moml.MoMLSimpleApplication@71e25746
----------------- Done invoking toplevel() on ptolemy.moml.MoMLSimpleApplication@71e25746
reloadAllAccessors: .VariableSleep

===========================================================================================
----------------- testing Tue Jul 09 04:52:39 UTC 2019 /home/travis/build/icyphy/ptII/ptolemy/actor/lib/test/auto/VectorAssemblerDisassemblerCT.xml
----------------- Instantiating /home/travis/build/icyphy/ptII/ptolemy/actor/lib/test/auto/VectorAssemblerDisassemblerCT.xml
82 ms. Memory: 573440K Free: 470014K (82%)
----------------- Invoking toplevel() on ptolemy.moml.MoMLSimpleApplication@5bb21931
----------------- Done invoking toplevel() on ptolemy.moml.MoMLSimpleApplication@5bb21931
reloadAllAccessors: .VectorAssemblerDisassemblerCT

===========================================================================================
----------------- testing Tue Jul 09 04:52:39 UTC 2019 /home/travis/build/icyphy/ptII/ptolemy/actor/lib/test/auto/VectorAssemblerDisassemblerDE.xml
----------------- Instantiating /home/travis/build/icyphy/ptII/ptolemy/actor/lib/test/auto/VectorAssemblerDisassemblerDE.xml
3 ms. Memory: 573440K Free: 462336K (81%)
----------------- Invoking toplevel() on ptolemy.moml.MoMLSimpleApplication@25b885b9
----------------- Done invoking toplevel() on ptolemy.moml.MoMLSimpleApplication@25b885b9
reloadAllAccessors: .VectorAssemblerDisassemblerDE

===========================================================================================
----------------- testing Tue Jul 09 04:52:39 UTC 2019 /home/travis/build/icyphy/ptII/ptolemy/actor/lib/test/auto/VectorAssemblerDisassemblerSDF.xml
----------------- Instantiating /home/travis/build/icyphy/ptII/ptolemy/actor/lib/test/auto/VectorAssemblerDisassemblerSDF.xml
10 ms. Memory: 573440K Free: 455663K (79%)
----------------- Invoking toplevel() on ptolemy.moml.MoMLSimpleApplication@776b764b
----------------- Done invoking toplevel() on ptolemy.moml.MoMLSimpleApplication@776b764b
reloadAllAccessors: .VectorAssemblerDisassemblerSDF

===========================================================================================
----------------- testing Tue Jul 09 04:52:39 UTC 2019 /home/travis/build/icyphy/ptII/ptolemy/actor/lib/test/auto/WallClockTime.xml
----------------- Instantiating /home/travis/build/icyphy/ptII/ptolemy/actor/lib/test/auto/WallClockTime.xml
1011 ms. Memory: 573440K Free: 450558K (79%)
----------------- Invoking toplevel() on ptolemy.moml.MoMLSimpleApplication@3ee1501d
----------------- Done invoking toplevel() on ptolemy.moml.MoMLSimpleApplication@3ee1501d
reloadAllAccessors: .WallClockTime

===========================================================================================
----------------- testing Tue Jul 09 04:52:40 UTC 2019 /home/travis/build/icyphy/ptII/ptolemy/actor/lib/test/auto/WidthTestWithSubscriberPublisher.xml
----------------- Instantiating /home/travis/build/icyphy/ptII/ptolemy/actor/lib/test/auto/WidthTestWithSubscriberPublisher.xml
7 ms. Memory: 573440K Free: 433150K (76%)
----------------- Invoking toplevel() on ptolemy.moml.MoMLSimpleApplication@14e03624
----------------- Done invoking toplevel() on ptolemy.moml.MoMLSimpleApplication@14e03624
reloadAllAccessors: .WidthTestWithSubscriberPublisher

===========================================================================================
----------------- testing Tue Jul 09 04:52:40 UTC 2019 /home/travis/build/icyphy/ptII/ptolemy/actor/lib/test/auto/WidthTestWithSubscriberPublisher2.xml
----------------- Instantiating /home/travis/build/icyphy/ptII/ptolemy/actor/lib/test/auto/WidthTestWithSubscriberPublisher2.xml
6 ms. Memory: 573440K Free: 426496K (74%)
----------------- Invoking toplevel() on ptolemy.moml.MoMLSimpleApplication@2288381c
----------------- Done invoking toplevel() on ptolemy.moml.MoMLSimpleApplication@2288381c
reloadAllAccessors: .WidthTestWithSubscriberPublisher2

===========================================================================================
----------------- testing Tue Jul 09 04:52:40 UTC 2019 /home/travis/build/icyphy/ptII/ptolemy/actor/lib/test/auto/WidthTestWithSubscriberPublisher3.xml
----------------- Instantiating /home/travis/build/icyphy/ptII/ptolemy/actor/lib/test/auto/WidthTestWithSubscriberPublisher3.xml
2 ms. Memory: 573440K Free: 420352K (73%)
----------------- Invoking toplevel() on ptolemy.moml.MoMLSimpleApplication@622d9d3b
----------------- Done invoking toplevel() on ptolemy.moml.MoMLSimpleApplication@622d9d3b
reloadAllAccessors: .WidthTestWithSubscriberPublisher3

===========================================================================================
----------------- testing Tue Jul 09 04:52:40 UTC 2019 /home/travis/build/icyphy/ptII/ptolemy/actor/lib/test/auto/Writer.xml
----------------- Instantiating /home/travis/build/icyphy/ptII/ptolemy/actor/lib/test/auto/Writer.xml
0
1
2
3
4
1 ms. Memory: 573440K Free: 416256K (73%)
----------------- Invoking toplevel() on ptolemy.moml.MoMLSimpleApplication@1e2e1710
----------------- Done invoking toplevel() on ptolemy.moml.MoMLSimpleApplication@1e2e1710
reloadAllAccessors: .Writer

===========================================================================================
----------------- testing Tue Jul 09 04:52:40 UTC 2019 /home/travis/build/icyphy/ptII/ptolemy/actor/lib/test/auto/array.xml
----------------- Instantiating /home/travis/build/icyphy/ptII/ptolemy/actor/lib/test/auto/array.xml
2 ms. Memory: 573440K Free: 411646K (72%)
----------------- Invoking toplevel() on ptolemy.moml.MoMLSimpleApplication@384889f7
----------------- Done invoking toplevel() on ptolemy.moml.MoMLSimpleApplication@384889f7
reloadAllAccessors: .array

===========================================================================================
----------------- testing Tue Jul 09 04:52:40 UTC 2019 /home/travis/build/icyphy/ptII/ptolemy/actor/lib/test/auto/array2.xml
----------------- Instantiating /home/travis/build/icyphy/ptII/ptolemy/actor/lib/test/auto/array2.xml
4 ms. Memory: 573440K Free: 407040K (71%)
----------------- Invoking toplevel() on ptolemy.moml.MoMLSimpleApplication@345a3ed5
----------------- Done invoking toplevel() on ptolemy.moml.MoMLSimpleApplication@345a3ed5
reloadAllAccessors: .array2

===========================================================================================
----------------- testing Tue Jul 09 04:52:40 UTC 2019 /home/travis/build/icyphy/ptII/ptolemy/actor/lib/test/auto/arrayType.xml
----------------- Instantiating /home/travis/build/icyphy/ptII/ptolemy/actor/lib/test/auto/arrayType.xml
1 ms. Memory: 573440K Free: 401920K (70%)
----------------- Invoking toplevel() on ptolemy.moml.MoMLSimpleApplication@1c9266ff
----------------- Done invoking toplevel() on ptolemy.moml.MoMLSimpleApplication@1c9266ff
reloadAllAccessors: .arrayType

===========================================================================================
----------------- testing Tue Jul 09 04:52:40 UTC 2019 /home/travis/build/icyphy/ptII/ptolemy/actor/lib/test/auto/arrayType10.xml
----------------- Instantiating /home/travis/build/icyphy/ptII/ptolemy/actor/lib/test/auto/arrayType10.xml
1 ms. Memory: 573440K Free: 397310K (69%)
----------------- Invoking toplevel() on ptolemy.moml.MoMLSimpleApplication@2b71a035
----------------- Done invoking toplevel() on ptolemy.moml.MoMLSimpleApplication@2b71a035
reloadAllAccessors: .arrayType10

===========================================================================================
----------------- testing Tue Jul 09 04:52:40 UTC 2019 /home/travis/build/icyphy/ptII/ptolemy/actor/lib/test/auto/arrayType11.xml
----------------- Instantiating /home/travis/build/icyphy/ptII/ptolemy/actor/lib/test/auto/arrayType11.xml
1 ms. Memory: 573440K Free: 392190K (68%)
----------------- Invoking toplevel() on ptolemy.moml.MoMLSimpleApplication@4a3a5da2
----------------- Done invoking toplevel() on ptolemy.moml.MoMLSimpleApplication@4a3a5da2
reloadAllAccessors: .arrayType11

===========================================================================================
----------------- testing Tue Jul 09 04:52:40 UTC 2019 /home/travis/build/icyphy/ptII/ptolemy/actor/lib/test/auto/arrayType12.xml
----------------- Instantiating /home/travis/build/icyphy/ptII/ptolemy/actor/lib/test/auto/arrayType12.xml
2 ms. Memory: 573440K Free: 387584K (68%)
----------------- Invoking toplevel() on ptolemy.moml.MoMLSimpleApplication@2c22f084
----------------- Done invoking toplevel() on ptolemy.moml.MoMLSimpleApplication@2c22f084
reloadAllAccessors: .arrayType12

===========================================================================================
----------------- testing Tue Jul 09 04:52:40 UTC 2019 /home/travis/build/icyphy/ptII/ptolemy/actor/lib/test/auto/arrayType13.xml
----------------- Instantiating /home/travis/build/icyphy/ptII/ptolemy/actor/lib/test/auto/arrayType13.xml
1 ms. Memory: 573440K Free: 382464K (67%)
----------------- Invoking toplevel() on ptolemy.moml.MoMLSimpleApplication@ef5d466
----------------- Done invoking toplevel() on ptolemy.moml.MoMLSimpleApplication@ef5d466
reloadAllAccessors: .arrayType13

===========================================================================================
----------------- testing Tue Jul 09 04:52:40 UTC 2019 /home/travis/build/icyphy/ptII/ptolemy/actor/lib/test/auto/arrayType14.xml
----------------- Instantiating /home/travis/build/icyphy/ptII/ptolemy/actor/lib/test/auto/arrayType14.xml
2 ms. Memory: 573440K Free: 377344K (66%)
----------------- Invoking toplevel() on ptolemy.moml.MoMLSimpleApplication@67af8f7a
----------------- Done invoking toplevel() on ptolemy.moml.MoMLSimpleApplication@67af8f7a
reloadAllAccessors: .arrayType14

===========================================================================================
----------------- testing Tue Jul 09 04:52:40 UTC 2019 /home/travis/build/icyphy/ptII/ptolemy/actor/lib/test/auto/arrayType15.xml
----------------- Instantiating /home/travis/build/icyphy/ptII/ptolemy/actor/lib/test/auto/arrayType15.xml
3 ms. Memory: 573440K Free: 372224K (65%)
----------------- Invoking toplevel() on ptolemy.moml.MoMLSimpleApplication@716bc1c2
----------------- Done invoking toplevel() on ptolemy.moml.MoMLSimpleApplication@716bc1c2
reloadAllAccessors: .arrayType15

===========================================================================================
----------------- testing Tue Jul 09 04:52:40 UTC 2019 /home/travis/build/icyphy/ptII/ptolemy/actor/lib/test/auto/arrayType16.xml
----------------- Instantiating /home/travis/build/icyphy/ptII/ptolemy/actor/lib/test/auto/arrayType16.xml
2 ms. Memory: 573440K Free: 366590K (64%)
----------------- Invoking toplevel() on ptolemy.moml.MoMLSimpleApplication@3a5e67b7
----------------- Done invoking toplevel() on ptolemy.moml.MoMLSimpleApplication@3a5e67b7
reloadAllAccessors: .arrayType16

===========================================================================================
----------------- testing Tue Jul 09 04:52:40 UTC 2019 /home/travis/build/icyphy/ptII/ptolemy/actor/lib/test/auto/arrayType17.xml
----------------- Instantiating /home/travis/build/icyphy/ptII/ptolemy/actor/lib/test/auto/arrayType17.xml
1 ms. Memory: 573440K Free: 361470K (63%)
----------------- Invoking toplevel() on ptolemy.moml.MoMLSimpleApplication@2a3d1dce
----------------- Done invoking toplevel() on ptolemy.moml.MoMLSimpleApplication@2a3d1dce
reloadAllAccessors: .arrayType17

===========================================================================================
----------------- testing Tue Jul 09 04:52:40 UTC 2019 /home/travis/build/icyphy/ptII/ptolemy/actor/lib/test/auto/arrayType18.xml
----------------- Instantiating /home/travis/build/icyphy/ptII/ptolemy/actor/lib/test/auto/arrayType18.xml
2 ms. Memory: 573440K Free: 356864K (62%)
----------------- Invoking toplevel() on ptolemy.moml.MoMLSimpleApplication@57cbd4ab
----------------- Done invoking toplevel() on ptolemy.moml.MoMLSimpleApplication@57cbd4ab
reloadAllAccessors: .arrayType18

===========================================================================================
----------------- testing Tue Jul 09 04:52:40 UTC 2019 /home/travis/build/icyphy/ptII/ptolemy/actor/lib/test/auto/arrayType19.xml
----------------- Instantiating /home/travis/build/icyphy/ptII/ptolemy/actor/lib/test/auto/arrayType19.xml
2 ms. Memory: 573440K Free: 352254K (61%)
----------------- Invoking toplevel() on ptolemy.moml.MoMLSimpleApplication@28e8b8a1
----------------- Done invoking toplevel() on ptolemy.moml.MoMLSimpleApplication@28e8b8a1
reloadAllAccessors: .arrayType19

===========================================================================================
----------------- testing Tue Jul 09 04:52:40 UTC 2019 /home/travis/build/icyphy/ptII/ptolemy/actor/lib/test/auto/arrayType2.xml
----------------- Instantiating /home/travis/build/icyphy/ptII/ptolemy/actor/lib/test/auto/arrayType2.xml
1 ms. Memory: 573440K Free: 347134K (61%)
----------------- Invoking toplevel() on ptolemy.moml.MoMLSimpleApplication@1aebf1e5
----------------- Done invoking toplevel() on ptolemy.moml.MoMLSimpleApplication@1aebf1e5
reloadAllAccessors: .arrayType2

===========================================================================================
----------------- testing Tue Jul 09 04:52:40 UTC 2019 /home/travis/build/icyphy/ptII/ptolemy/actor/lib/test/auto/arrayType20.xml
----------------- Instantiating /home/travis/build/icyphy/ptII/ptolemy/actor/lib/test/auto/arrayType20.xml
1 ms. Memory: 573440K Free: 342014K (60%)
----------------- Invoking toplevel() on ptolemy.moml.MoMLSimpleApplication@1484eda5
----------------- Done invoking toplevel() on ptolemy.moml.MoMLSimpleApplication@1484eda5
reloadAllAccessors: .arrayType20

===========================================================================================
----------------- testing Tue Jul 09 04:52:40 UTC 2019 /home/travis/build/icyphy/ptII/ptolemy/actor/lib/test/auto/arrayType21.xml
----------------- Instantiating /home/travis/build/icyphy/ptII/ptolemy/actor/lib/test/auto/arrayType21.xml
3 ms. Memory: 573440K Free: 337408K (59%)
----------------- Invoking toplevel() on ptolemy.moml.MoMLSimpleApplication@61c4ff1d
----------------- Done invoking toplevel() on ptolemy.moml.MoMLSimpleApplication@61c4ff1d
reloadAllAccessors: .arrayType21

===========================================================================================
----------------- testing Tue Jul 09 04:52:40 UTC 2019 /home/travis/build/icyphy/ptII/ptolemy/actor/lib/test/auto/arrayType22.xml
----------------- Instantiating /home/travis/build/icyphy/ptII/ptolemy/actor/lib/test/auto/arrayType22.xml
2 ms. Memory: 573440K Free: 332798K (58%)
----------------- Invoking toplevel() on ptolemy.moml.MoMLSimpleApplication@40c738d2
----------------- Done invoking toplevel() on ptolemy.moml.MoMLSimpleApplication@40c738d2
reloadAllAccessors: .arrayType22

===========================================================================================
----------------- testing Tue Jul 09 04:52:40 UTC 2019 /home/travis/build/icyphy/ptII/ptolemy/actor/lib/test/auto/arrayType23.xml
----------------- Instantiating /home/travis/build/icyphy/ptII/ptolemy/actor/lib/test/auto/arrayType23.xml
2 ms. Memory: 573440K Free: 328192K (57%)
----------------- Invoking toplevel() on ptolemy.moml.MoMLSimpleApplication@285e847
----------------- Done invoking toplevel() on ptolemy.moml.MoMLSimpleApplication@285e847
reloadAllAccessors: .arrayType23

===========================================================================================
----------------- testing Tue Jul 09 04:52:40 UTC 2019 /home/travis/build/icyphy/ptII/ptolemy/actor/lib/test/auto/arrayType24.xml
----------------- Instantiating /home/travis/build/icyphy/ptII/ptolemy/actor/lib/test/auto/arrayType24.xml
2 ms. Memory: 573440K Free: 323072K (56%)
----------------- Invoking toplevel() on ptolemy.moml.MoMLSimpleApplication@76521c61
----------------- Done invoking toplevel() on ptolemy.moml.MoMLSimpleApplication@76521c61
reloadAllAccessors: .arrayType24

===========================================================================================
----------------- testing Tue Jul 09 04:52:40 UTC 2019 /home/travis/build/icyphy/ptII/ptolemy/actor/lib/test/auto/arrayType25.xml
----------------- Instantiating /home/travis/build/icyphy/ptII/ptolemy/actor/lib/test/auto/arrayType25.xml
1 ms. Memory: 573440K Free: 317952K (55%)
----------------- Invoking toplevel() on ptolemy.moml.MoMLSimpleApplication@4f7501c0
----------------- Done invoking toplevel() on ptolemy.moml.MoMLSimpleApplication@4f7501c0
reloadAllAccessors: .arrayType25

===========================================================================================
----------------- testing Tue Jul 09 04:52:40 UTC 2019 /home/travis/build/icyphy/ptII/ptolemy/actor/lib/test/auto/arrayType26.xml
----------------- Instantiating /home/travis/build/icyphy/ptII/ptolemy/actor/lib/test/auto/arrayType26.xml
1 ms. Memory: 573440K Free: 312832K (55%)
----------------- Invoking toplevel() on ptolemy.moml.MoMLSimpleApplication@ae77db5
----------------- Done invoking toplevel() on ptolemy.moml.MoMLSimpleApplication@ae77db5
reloadAllAccessors: .arrayType26

===========================================================================================
----------------- testing Tue Jul 09 04:52:40 UTC 2019 /home/travis/build/icyphy/ptII/ptolemy/actor/lib/test/auto/arrayType27.xml
----------------- Instantiating /home/travis/build/icyphy/ptII/ptolemy/actor/lib/test/auto/arrayType27.xml
1 ms. Memory: 573440K Free: 307712K (54%)
----------------- Invoking toplevel() on ptolemy.moml.MoMLSimpleApplication@7e893154
----------------- Done invoking toplevel() on ptolemy.moml.MoMLSimpleApplication@7e893154
reloadAllAccessors: .arrayType27

===========================================================================================
----------------- testing Tue Jul 09 04:52:40 UTC 2019 /home/travis/build/icyphy/ptII/ptolemy/actor/lib/test/auto/arrayType28.xml
----------------- Instantiating /home/travis/build/icyphy/ptII/ptolemy/actor/lib/test/auto/arrayType28.xml
2 ms. Memory: 573440K Free: 302078K (53%)
----------------- Invoking toplevel() on ptolemy.moml.MoMLSimpleApplication@18e397c1
----------------- Done invoking toplevel() on ptolemy.moml.MoMLSimpleApplication@18e397c1
reloadAllAccessors: .arrayType28

===========================================================================================
----------------- testing Tue Jul 09 04:52:40 UTC 2019 /home/travis/build/icyphy/ptII/ptolemy/actor/lib/test/auto/arrayType3.xml
----------------- Instantiating /home/travis/build/icyphy/ptII/ptolemy/actor/lib/test/auto/arrayType3.xml
12 ms. Memory: 573440K Free: 296958K (52%)
----------------- Invoking toplevel() on ptolemy.moml.MoMLSimpleApplication@6fe6930c
----------------- Done invoking toplevel() on ptolemy.moml.MoMLSimpleApplication@6fe6930c
reloadAllAccessors: .arrayType3

===========================================================================================
----------------- testing Tue Jul 09 04:52:40 UTC 2019 /home/travis/build/icyphy/ptII/ptolemy/actor/lib/test/auto/arrayType4.xml
----------------- Instantiating /home/travis/build/icyphy/ptII/ptolemy/actor/lib/test/auto/arrayType4.xml
2 ms. Memory: 573440K Free: 291838K (51%)
----------------- Invoking toplevel() on ptolemy.moml.MoMLSimpleApplication@48714328
----------------- Done invoking toplevel() on ptolemy.moml.MoMLSimpleApplication@48714328
reloadAllAccessors: .arrayType4

===========================================================================================
----------------- testing Tue Jul 09 04:52:40 UTC 2019 /home/travis/build/icyphy/ptII/ptolemy/actor/lib/test/auto/arrayType5.xml
----------------- Instantiating /home/travis/build/icyphy/ptII/ptolemy/actor/lib/test/auto/arrayType5.xml
7 ms. Memory: 573440K Free: 286718K (50%)
----------------- Invoking toplevel() on ptolemy.moml.MoMLSimpleApplication@2d08233a
----------------- Done invoking toplevel() on ptolemy.moml.MoMLSimpleApplication@2d08233a
reloadAllAccessors: .arrayType5

===========================================================================================
----------------- testing Tue Jul 09 04:52:40 UTC 2019 /home/travis/build/icyphy/ptII/ptolemy/actor/lib/test/auto/arrayType6.xml
----------------- Instantiating /home/travis/build/icyphy/ptII/ptolemy/actor/lib/test/auto/arrayType6.xml
2 ms. Memory: 573440K Free: 281598K (49%)
----------------- Invoking toplevel() on ptolemy.moml.MoMLSimpleApplication@6ac76ded
----------------- Done invoking toplevel() on ptolemy.moml.MoMLSimpleApplication@6ac76ded
reloadAllAccessors: .arrayType6

===========================================================================================
----------------- testing Tue Jul 09 04:52:40 UTC 2019 /home/travis/build/icyphy/ptII/ptolemy/actor/lib/test/auto/arrayType7.xml
----------------- Instantiating /home/travis/build/icyphy/ptII/ptolemy/actor/lib/test/auto/arrayType7.xml
1 ms. Memory: 573440K Free: 276992K (48%)
----------------- Invoking toplevel() on ptolemy.moml.MoMLSimpleApplication@343d9355
----------------- Done invoking toplevel() on ptolemy.moml.MoMLSimpleApplication@343d9355
reloadAllAccessors: .arrayType7

===========================================================================================
----------------- testing Tue Jul 09 04:52:40 UTC 2019 /home/travis/build/icyphy/ptII/ptolemy/actor/lib/test/auto/arrayType8.xml
----------------- Instantiating /home/travis/build/icyphy/ptII/ptolemy/actor/lib/test/auto/arrayType8.xml
2 ms. Memory: 573440K Free: 272382K (47%)
----------------- Invoking toplevel() on ptolemy.moml.MoMLSimpleApplication@5b399813
----------------- Done invoking toplevel() on ptolemy.moml.MoMLSimpleApplication@5b399813
reloadAllAccessors: .arrayType8

===========================================================================================
----------------- testing Tue Jul 09 04:52:40 UTC 2019 /home/travis/build/icyphy/ptII/ptolemy/actor/lib/test/auto/arrayType9.xml
----------------- Instantiating /home/travis/build/icyphy/ptII/ptolemy/actor/lib/test/auto/arrayType9.xml
1 ms. Memory: 573440K Free: 267776K (47%)
----------------- Invoking toplevel() on ptolemy.moml.MoMLSimpleApplication@3f0c2ee
----------------- Done invoking toplevel() on ptolemy.moml.MoMLSimpleApplication@3f0c2ee
reloadAllAccessors: .arrayType9

===========================================================================================
----------------- testing Tue Jul 09 04:52:40 UTC 2019 /home/travis/build/icyphy/ptII/ptolemy/actor/lib/test/auto/cast.xml
----------------- Instantiating /home/travis/build/icyphy/ptII/ptolemy/actor/lib/test/auto/cast.xml
2 ms. Memory: 573440K Free: 262656K (46%)
----------------- Invoking toplevel() on ptolemy.moml.MoMLSimpleApplication@de724cc
----------------- Done invoking toplevel() on ptolemy.moml.MoMLSimpleApplication@de724cc
reloadAllAccessors: .cast

===========================================================================================
----------------- testing Tue Jul 09 04:52:40 UTC 2019 /home/travis/build/icyphy/ptII/ptolemy/actor/lib/test/auto/compositeMultiPort.xml
----------------- Instantiating /home/travis/build/icyphy/ptII/ptolemy/actor/lib/test/auto/compositeMultiPort.xml
3 ms. Memory: 573440K Free: 253943K (44%)
----------------- Invoking toplevel() on ptolemy.moml.MoMLSimpleApplication@49deab62
----------------- Done invoking toplevel() on ptolemy.moml.MoMLSimpleApplication@49deab62
reloadAllAccessors: .compositeMultiPort

===========================================================================================
----------------- testing Tue Jul 09 04:52:41 UTC 2019 /home/travis/build/icyphy/ptII/ptolemy/actor/lib/test/auto/expressionCastInference.xml
----------------- Instantiating /home/travis/build/icyphy/ptII/ptolemy/actor/lib/test/auto/expressionCastInference.xml
2 ms. Memory: 573440K Free: 249344K (43%)
----------------- Invoking toplevel() on ptolemy.moml.MoMLSimpleApplication@57c92235
----------------- Done invoking toplevel() on ptolemy.moml.MoMLSimpleApplication@57c92235
reloadAllAccessors: .expressionCastInference

===========================================================================================
----------------- testing Tue Jul 09 04:52:41 UTC 2019 /home/travis/build/icyphy/ptII/ptolemy/actor/lib/test/auto/expressionCastInference2.xml
----------------- Instantiating /home/travis/build/icyphy/ptII/ptolemy/actor/lib/test/auto/expressionCastInference2.xml
2 ms. Memory: 573440K Free: 244734K (43%)
----------------- Invoking toplevel() on ptolemy.moml.MoMLSimpleApplication@22df9793
----------------- Done invoking toplevel() on ptolemy.moml.MoMLSimpleApplication@22df9793
reloadAllAccessors: .expressionCastInference2

===========================================================================================
----------------- testing Tue Jul 09 04:52:41 UTC 2019 /home/travis/build/icyphy/ptII/ptolemy/actor/lib/test/auto/expressionInference.xml
----------------- Instantiating /home/travis/build/icyphy/ptII/ptolemy/actor/lib/test/auto/expressionInference.xml
1 ms. Memory: 573440K Free: 240128K (42%)
----------------- Invoking toplevel() on ptolemy.moml.MoMLSimpleApplication@dca88b1
----------------- Done invoking toplevel() on ptolemy.moml.MoMLSimpleApplication@dca88b1
reloadAllAccessors: .expressionInference

===========================================================================================
----------------- testing Tue Jul 09 04:52:41 UTC 2019 /home/travis/build/icyphy/ptII/ptolemy/actor/lib/test/auto/expression_bug.xml
----------------- Instantiating /home/travis/build/icyphy/ptII/ptolemy/actor/lib/test/auto/expression_bug.xml
1 ms. Memory: 573440K Free: 236032K (41%)
----------------- Invoking toplevel() on ptolemy.moml.MoMLSimpleApplication@6a7b0e41
----------------- Done invoking toplevel() on ptolemy.moml.MoMLSimpleApplication@6a7b0e41
reloadAllAccessors: .expression_bug

===========================================================================================
----------------- testing Tue Jul 09 04:52:41 UTC 2019 /home/travis/build/icyphy/ptII/ptolemy/actor/lib/test/auto/factorial.xml
----------------- Instantiating /home/travis/build/icyphy/ptII/ptolemy/actor/lib/test/auto/factorial.xml
40 ms. Memory: 573440K Free: 227326K (40%)
----------------- Invoking toplevel() on ptolemy.moml.MoMLSimpleApplication@47278eca
----------------- Done invoking toplevel() on ptolemy.moml.MoMLSimpleApplication@47278eca
reloadAllAccessors: .factorial

===========================================================================================
----------------- testing Tue Jul 09 04:52:41 UTC 2019 /home/travis/build/icyphy/ptII/ptolemy/actor/lib/test/auto/filterTest1.xml
----------------- Instantiating /home/travis/build/icyphy/ptII/ptolemy/actor/lib/test/auto/filterTest1.xml
3 ms. Memory: 573440K Free: 221167K (39%)
----------------- Invoking toplevel() on ptolemy.moml.MoMLSimpleApplication@6a8dcb41
----------------- Done invoking toplevel() on ptolemy.moml.MoMLSimpleApplication@6a8dcb41
reloadAllAccessors: .filterTest1

===========================================================================================
----------------- testing Tue Jul 09 04:52:41 UTC 2019 /home/travis/build/icyphy/ptII/ptolemy/actor/lib/test/auto/funcApplyInConst.xml
----------------- Instantiating /home/travis/build/icyphy/ptII/ptolemy/actor/lib/test/auto/funcApplyInConst.xml
1 ms. Memory: 573440K Free: 217600K (38%)
----------------- Invoking toplevel() on ptolemy.moml.MoMLSimpleApplication@3a44491b
----------------- Done invoking toplevel() on ptolemy.moml.MoMLSimpleApplication@3a44491b
reloadAllAccessors: .funcApplyInConst

===========================================================================================
----------------- testing Tue Jul 09 04:52:41 UTC 2019 /home/travis/build/icyphy/ptII/ptolemy/actor/lib/test/auto/funcApplyInExpr.xml
----------------- Instantiating /home/travis/build/icyphy/ptII/ptolemy/actor/lib/test/auto/funcApplyInExpr.xml
2 ms. Memory: 573440K Free: 214014K (37%)
----------------- Invoking toplevel() on ptolemy.moml.MoMLSimpleApplication@32ded4e3
----------------- Done invoking toplevel() on ptolemy.moml.MoMLSimpleApplication@32ded4e3
reloadAllAccessors: .funcApplyInExpr

===========================================================================================
----------------- testing Tue Jul 09 04:52:41 UTC 2019 /home/travis/build/icyphy/ptII/ptolemy/actor/lib/test/auto/function.xml
----------------- Instantiating /home/travis/build/icyphy/ptII/ptolemy/actor/lib/test/auto/function.xml
5 ms. Memory: 573440K Free: 209408K (37%)
----------------- Invoking toplevel() on ptolemy.moml.MoMLSimpleApplication@33bd6eba
----------------- Done invoking toplevel() on ptolemy.moml.MoMLSimpleApplication@33bd6eba
reloadAllAccessors: .function

===========================================================================================
----------------- testing Tue Jul 09 04:52:41 UTC 2019 /home/travis/build/icyphy/ptII/ptolemy/actor/lib/test/auto/function2.xml
----------------- Instantiating /home/travis/build/icyphy/ptII/ptolemy/actor/lib/test/auto/function2.xml
2 ms. Memory: 573440K Free: 516177K (90%)
----------------- Invoking toplevel() on ptolemy.moml.MoMLSimpleApplication@173acca2
----------------- Done invoking toplevel() on ptolemy.moml.MoMLSimpleApplication@173acca2
reloadAllAccessors: .function2

===========================================================================================
----------------- testing Tue Jul 09 04:52:41 UTC 2019 /home/travis/build/icyphy/ptII/ptolemy/actor/lib/test/auto/function3.xml
----------------- Instantiating /home/travis/build/icyphy/ptII/ptolemy/actor/lib/test/auto/function3.xml
1 ms. Memory: 573440K Free: 512591K (89%)
----------------- Invoking toplevel() on ptolemy.moml.MoMLSimpleApplication@2326bf87
----------------- Done invoking toplevel() on ptolemy.moml.MoMLSimpleApplication@2326bf87
reloadAllAccessors: .function3

===========================================================================================
----------------- testing Tue Jul 09 04:52:41 UTC 2019 /home/travis/build/icyphy/ptII/ptolemy/actor/lib/test/auto/functionClosureTest1.xml
----------------- Instantiating /home/travis/build/icyphy/ptII/ptolemy/actor/lib/test/auto/functionClosureTest1.xml
3 ms. Memory: 573440K Free: 506961K (88%)
----------------- Invoking toplevel() on ptolemy.moml.MoMLSimpleApplication@459b7d0c
----------------- Done invoking toplevel() on ptolemy.moml.MoMLSimpleApplication@459b7d0c
reloadAllAccessors: .functionClosureTest1

===========================================================================================
----------------- testing Tue Jul 09 04:52:41 UTC 2019 /home/travis/build/icyphy/ptII/ptolemy/actor/lib/test/auto/functionClosureTest2.xml
----------------- Instantiating /home/travis/build/icyphy/ptII/ptolemy/actor/lib/test/auto/functionClosureTest2.xml
1 ms. Memory: 573440K Free: 502865K (88%)
----------------- Invoking toplevel() on ptolemy.moml.MoMLSimpleApplication@19860739
----------------- Done invoking toplevel() on ptolemy.moml.MoMLSimpleApplication@19860739
reloadAllAccessors: .functionClosureTest2

===========================================================================================
----------------- testing Tue Jul 09 04:52:41 UTC 2019 /home/travis/build/icyphy/ptII/ptolemy/actor/lib/test/auto/functionClosureTest3.xml
----------------- Instantiating /home/travis/build/icyphy/ptII/ptolemy/actor/lib/test/auto/functionClosureTest3.xml
4 ms. Memory: 573440K Free: 497745K (87%)
----------------- Invoking toplevel() on ptolemy.moml.MoMLSimpleApplication@2d823d68
----------------- Done invoking toplevel() on ptolemy.moml.MoMLSimpleApplication@2d823d68
reloadAllAccessors: .functionClosureTest3

===========================================================================================
----------------- testing Tue Jul 09 04:52:41 UTC 2019 /home/travis/build/icyphy/ptII/ptolemy/actor/lib/test/auto/functionClosureTest4.xml
----------------- Instantiating /home/travis/build/icyphy/ptII/ptolemy/actor/lib/test/auto/functionClosureTest4.xml
4 ms. Memory: 573440K Free: 491601K (86%)
----------------- Invoking toplevel() on ptolemy.moml.MoMLSimpleApplication@4e398aa5
----------------- Done invoking toplevel() on ptolemy.moml.MoMLSimpleApplication@4e398aa5
reloadAllAccessors: .functionClosureTest4

===========================================================================================
----------------- testing Tue Jul 09 04:52:41 UTC 2019 /home/travis/build/icyphy/ptII/ptolemy/actor/lib/test/auto/functionClosureTest5.xml
----------------- Instantiating /home/travis/build/icyphy/ptII/ptolemy/actor/lib/test/auto/functionClosureTest5.xml
4 ms. Memory: 573440K Free: 485953K (85%)
----------------- Invoking toplevel() on ptolemy.moml.MoMLSimpleApplication@1fef7238
----------------- Done invoking toplevel() on ptolemy.moml.MoMLSimpleApplication@1fef7238
reloadAllAccessors: .functionClosureTest5

===========================================================================================
----------------- testing Tue Jul 09 04:52:41 UTC 2019 /home/travis/build/icyphy/ptII/ptolemy/actor/lib/test/auto/functionClosureTest6.xml
----------------- Instantiating /home/travis/build/icyphy/ptII/ptolemy/actor/lib/test/auto/functionClosureTest6.xml
2 ms. Memory: 573440K Free: 481361K (84%)
----------------- Invoking toplevel() on ptolemy.moml.MoMLSimpleApplication@4dcfac78
----------------- Done invoking toplevel() on ptolemy.moml.MoMLSimpleApplication@4dcfac78
reloadAllAccessors: .functionClosureTest6

===========================================================================================
----------------- testing Tue Jul 09 04:52:41 UTC 2019 /home/travis/build/icyphy/ptII/ptolemy/actor/lib/test/auto/functionsOnArcs.xml
----------------- Instantiating /home/travis/build/icyphy/ptII/ptolemy/actor/lib/test/auto/functionsOnArcs.xml
2 ms. Memory: 573440K Free: 476241K (83%)
----------------- Invoking toplevel() on ptolemy.moml.MoMLSimpleApplication@311176fa
----------------- Done invoking toplevel() on ptolemy.moml.MoMLSimpleApplication@311176fa
reloadAllAccessors: .functionsOnArcs

===========================================================================================
----------------- testing Tue Jul 09 04:52:41 UTC 2019 /home/travis/build/icyphy/ptII/ptolemy/actor/lib/test/auto/functionsOnArcsHOF.xml
----------------- Instantiating /home/travis/build/icyphy/ptII/ptolemy/actor/lib/test/auto/functionsOnArcsHOF.xml
4 ms. Memory: 573440K Free: 470097K (82%)
----------------- Invoking toplevel() on ptolemy.moml.MoMLSimpleApplication@7416c038
----------------- Done invoking toplevel() on ptolemy.moml.MoMLSimpleApplication@7416c038
reloadAllAccessors: .functionsOnArcsHOF

===========================================================================================
----------------- testing Tue Jul 09 04:52:41 UTC 2019 /home/travis/build/icyphy/ptII/ptolemy/actor/lib/test/auto/logic.xml
----------------- Instantiating /home/travis/build/icyphy/ptII/ptolemy/actor/lib/test/auto/logic.xml
2 ms. Memory: 573440K Free: 462929K (81%)
----------------- Invoking toplevel() on ptolemy.moml.MoMLSimpleApplication@27084928
----------------- Done invoking toplevel() on ptolemy.moml.MoMLSimpleApplication@27084928
reloadAllAccessors: .logic

===========================================================================================
----------------- testing Tue Jul 09 04:52:41 UTC 2019 /home/travis/build/icyphy/ptII/ptolemy/actor/lib/test/auto/matrixType.xml
----------------- Instantiating /home/travis/build/icyphy/ptII/ptolemy/actor/lib/test/auto/matrixType.xml
2 ms. Memory: 573440K Free: 458319K (80%)
----------------- Invoking toplevel() on ptolemy.moml.MoMLSimpleApplication@642b9a0
----------------- Done invoking toplevel() on ptolemy.moml.MoMLSimpleApplication@642b9a0
reloadAllAccessors: .matrixType

===========================================================================================
----------------- testing Tue Jul 09 04:52:41 UTC 2019 /home/travis/build/icyphy/ptII/ptolemy/actor/lib/test/auto/matrixType10.xml
----------------- Instantiating /home/travis/build/icyphy/ptII/ptolemy/actor/lib/test/auto/matrixType10.xml
2 ms. Memory: 573440K Free: 453199K (79%)
----------------- Invoking toplevel() on ptolemy.moml.MoMLSimpleApplication@c0e0bfc
----------------- Done invoking toplevel() on ptolemy.moml.MoMLSimpleApplication@c0e0bfc
reloadAllAccessors: .matrixType10

===========================================================================================
----------------- testing Tue Jul 09 04:52:41 UTC 2019 /home/travis/build/icyphy/ptII/ptolemy/actor/lib/test/auto/matrixType11.xml
----------------- Instantiating /home/travis/build/icyphy/ptII/ptolemy/actor/lib/test/auto/matrixType11.xml
2 ms. Memory: 573440K Free: 448593K (78%)
----------------- Invoking toplevel() on ptolemy.moml.MoMLSimpleApplication@421d1b39
----------------- Done invoking toplevel() on ptolemy.moml.MoMLSimpleApplication@421d1b39
reloadAllAccessors: .matrixType11

===========================================================================================
----------------- testing Tue Jul 09 04:52:41 UTC 2019 /home/travis/build/icyphy/ptII/ptolemy/actor/lib/test/auto/matrixType12.xml
----------------- Instantiating /home/travis/build/icyphy/ptII/ptolemy/actor/lib/test/auto/matrixType12.xml
2 ms. Memory: 573440K Free: 443983K (77%)
----------------- Invoking toplevel() on ptolemy.moml.MoMLSimpleApplication@2b17090b
----------------- Done invoking toplevel() on ptolemy.moml.MoMLSimpleApplication@2b17090b
reloadAllAccessors: .matrixType12

===========================================================================================
----------------- testing Tue Jul 09 04:52:41 UTC 2019 /home/travis/build/icyphy/ptII/ptolemy/actor/lib/test/auto/matrixType13.xml
----------------- Instantiating /home/travis/build/icyphy/ptII/ptolemy/actor/lib/test/auto/matrixType13.xml
1 ms. Memory: 573440K Free: 438863K (77%)
----------------- Invoking toplevel() on ptolemy.moml.MoMLSimpleApplication@52b1008
----------------- Done invoking toplevel() on ptolemy.moml.MoMLSimpleApplication@52b1008
reloadAllAccessors: .matrixType13

===========================================================================================
----------------- testing Tue Jul 09 04:52:41 UTC 2019 /home/travis/build/icyphy/ptII/ptolemy/actor/lib/test/auto/matrixType14.xml
----------------- Instantiating /home/travis/build/icyphy/ptII/ptolemy/actor/lib/test/auto/matrixType14.xml
1 ms. Memory: 573440K Free: 434255K (76%)
----------------- Invoking toplevel() on ptolemy.moml.MoMLSimpleApplication@599aff27
----------------- Done invoking toplevel() on ptolemy.moml.MoMLSimpleApplication@599aff27
reloadAllAccessors: .matrixType14

===========================================================================================
----------------- testing Tue Jul 09 04:52:41 UTC 2019 /home/travis/build/icyphy/ptII/ptolemy/actor/lib/test/auto/matrixType2.xml
----------------- Instantiating /home/travis/build/icyphy/ptII/ptolemy/actor/lib/test/auto/matrixType2.xml
2 ms. Memory: 573440K Free: 428623K (75%)
----------------- Invoking toplevel() on ptolemy.moml.MoMLSimpleApplication@27d6b057
----------------- Done invoking toplevel() on ptolemy.moml.MoMLSimpleApplication@27d6b057
reloadAllAccessors: .matrixType2

===========================================================================================
----------------- testing Tue Jul 09 04:52:41 UTC 2019 /home/travis/build/icyphy/ptII/ptolemy/actor/lib/test/auto/matrixType3.xml
----------------- Instantiating /home/travis/build/icyphy/ptII/ptolemy/actor/lib/test/auto/matrixType3.xml
4 ms. Memory: 573440K Free: 423503K (74%)
----------------- Invoking toplevel() on ptolemy.moml.MoMLSimpleApplication@15792f01
----------------- Done invoking toplevel() on ptolemy.moml.MoMLSimpleApplication@15792f01
reloadAllAccessors: .matrixType3

===========================================================================================
----------------- testing Tue Jul 09 04:52:41 UTC 2019 /home/travis/build/icyphy/ptII/ptolemy/actor/lib/test/auto/matrixType4.xml
----------------- Instantiating /home/travis/build/icyphy/ptII/ptolemy/actor/lib/test/auto/matrixType4.xml
2 ms. Memory: 573440K Free: 418897K (73%)
----------------- Invoking toplevel() on ptolemy.moml.MoMLSimpleApplication@699605de
----------------- Done invoking toplevel() on ptolemy.moml.MoMLSimpleApplication@699605de
reloadAllAccessors: .matrixType4

===========================================================================================
----------------- testing Tue Jul 09 04:52:41 UTC 2019 /home/travis/build/icyphy/ptII/ptolemy/actor/lib/test/auto/matrixType5.xml
----------------- Instantiating /home/travis/build/icyphy/ptII/ptolemy/actor/lib/test/auto/matrixType5.xml
1 ms. Memory: 573440K Free: 414287K (72%)
----------------- Invoking toplevel() on ptolemy.moml.MoMLSimpleApplication@7d457dff
----------------- Done invoking toplevel() on ptolemy.moml.MoMLSimpleApplication@7d457dff
reloadAllAccessors: .matrixType5

===========================================================================================
----------------- testing Tue Jul 09 04:52:41 UTC 2019 /home/travis/build/icyphy/ptII/ptolemy/actor/lib/test/auto/matrixType6.xml
----------------- Instantiating /home/travis/build/icyphy/ptII/ptolemy/actor/lib/test/auto/matrixType6.xml
2 ms. Memory: 573440K Free: 409167K (71%)
----------------- Invoking toplevel() on ptolemy.moml.MoMLSimpleApplication@7ee715e
----------------- Done invoking toplevel() on ptolemy.moml.MoMLSimpleApplication@7ee715e
reloadAllAccessors: .matrixType6

===========================================================================================
----------------- testing Tue Jul 09 04:52:41 UTC 2019 /home/travis/build/icyphy/ptII/ptolemy/actor/lib/test/auto/matrixType7.xml
----------------- Instantiating /home/travis/build/icyphy/ptII/ptolemy/actor/lib/test/auto/matrixType7.xml
1 ms. Memory: 573440K Free: 404561K (71%)
----------------- Invoking toplevel() on ptolemy.moml.MoMLSimpleApplication@6ae7c88b
----------------- Done invoking toplevel() on ptolemy.moml.MoMLSimpleApplication@6ae7c88b
reloadAllAccessors: .matrixType7

===========================================================================================
----------------- testing Tue Jul 09 04:52:41 UTC 2019 /home/travis/build/icyphy/ptII/ptolemy/actor/lib/test/auto/matrixType8.xml
----------------- Instantiating /home/travis/build/icyphy/ptII/ptolemy/actor/lib/test/auto/matrixType8.xml
1 ms. Memory: 573440K Free: 399951K (70%)
----------------- Invoking toplevel() on ptolemy.moml.MoMLSimpleApplication@df2bd06
----------------- Done invoking toplevel() on ptolemy.moml.MoMLSimpleApplication@df2bd06
reloadAllAccessors: .matrixType8

===========================================================================================
----------------- testing Tue Jul 09 04:52:41 UTC 2019 /home/travis/build/icyphy/ptII/ptolemy/actor/lib/test/auto/matrixType9.xml
----------------- Instantiating /home/travis/build/icyphy/ptII/ptolemy/actor/lib/test/auto/matrixType9.xml
1 ms. Memory: 573440K Free: 394831K (69%)
----------------- Invoking toplevel() on ptolemy.moml.MoMLSimpleApplication@62dd6a54
----------------- Done invoking toplevel() on ptolemy.moml.MoMLSimpleApplication@62dd6a54
reloadAllAccessors: .matrixType9

===========================================================================================
----------------- testing Tue Jul 09 04:52:41 UTC 2019 /home/travis/build/icyphy/ptII/ptolemy/actor/lib/test/auto/paraFunctest.xml
----------------- Instantiating /home/travis/build/icyphy/ptII/ptolemy/actor/lib/test/auto/paraFunctest.xml
1 ms. Memory: 573440K Free: 391249K (68%)
----------------- Invoking toplevel() on ptolemy.moml.MoMLSimpleApplication@3f0910a7
----------------- Done invoking toplevel() on ptolemy.moml.MoMLSimpleApplication@3f0910a7
reloadAllAccessors: .paraFunctest

===========================================================================================
----------------- testing Tue Jul 09 04:52:41 UTC 2019 /home/travis/build/icyphy/ptII/ptolemy/actor/lib/test/auto/paraFunctest2.xml
----------------- Instantiating /home/travis/build/icyphy/ptII/ptolemy/actor/lib/test/auto/paraFunctest2.xml
2 ms. Memory: 573440K Free: 386639K (67%)
----------------- Invoking toplevel() on ptolemy.moml.MoMLSimpleApplication@2ddb0b71
----------------- Done invoking toplevel() on ptolemy.moml.MoMLSimpleApplication@2ddb0b71
reloadAllAccessors: .paraFunctest2

===========================================================================================
----------------- testing Tue Jul 09 04:52:41 UTC 2019 /home/travis/build/icyphy/ptII/ptolemy/actor/lib/test/auto/parameterPassing.xml
----------------- Instantiating /home/travis/build/icyphy/ptII/ptolemy/actor/lib/test/auto/parameterPassing.xml
1 ms. Memory: 573440K Free: 382033K (67%)
----------------- Invoking toplevel() on ptolemy.moml.MoMLSimpleApplication@40f248aa
----------------- Done invoking toplevel() on ptolemy.moml.MoMLSimpleApplication@40f248aa
reloadAllAccessors: .parameterPassing

===========================================================================================
----------------- testing Tue Jul 09 04:52:41 UTC 2019 /home/travis/build/icyphy/ptII/ptolemy/actor/lib/test/auto/record.xml
----------------- Instantiating /home/travis/build/icyphy/ptII/ptolemy/actor/lib/test/auto/record.xml
2 ms. Memory: 573440K Free: 377423K (66%)
----------------- Invoking toplevel() on ptolemy.moml.MoMLSimpleApplication@35af1600
----------------- Done invoking toplevel() on ptolemy.moml.MoMLSimpleApplication@35af1600
reloadAllAccessors: .record

===========================================================================================
----------------- testing Tue Jul 09 04:52:41 UTC 2019 /home/travis/build/icyphy/ptII/ptolemy/actor/lib/test/auto/sizedarray1.xml
----------------- Instantiating /home/travis/build/icyphy/ptII/ptolemy/actor/lib/test/auto/sizedarray1.xml
1 ms. Memory: 573440K Free: 371793K (65%)
----------------- Invoking toplevel() on ptolemy.moml.MoMLSimpleApplication@45aae4d3
----------------- Done invoking toplevel() on ptolemy.moml.MoMLSimpleApplication@45aae4d3
reloadAllAccessors: .sizedarray1

===========================================================================================
----------------- testing Tue Jul 09 04:52:41 UTC 2019 /home/travis/build/icyphy/ptII/ptolemy/actor/lib/test/auto/sizedarray2.xml
----------------- Instantiating /home/travis/build/icyphy/ptII/ptolemy/actor/lib/test/auto/sizedarray2.xml
2 ms. Memory: 573440K Free: 366673K (64%)
----------------- Invoking toplevel() on ptolemy.moml.MoMLSimpleApplication@5ba377eb
----------------- Done invoking toplevel() on ptolemy.moml.MoMLSimpleApplication@5ba377eb
reloadAllAccessors: .sizedarray2

===========================================================================================
----------------- testing Tue Jul 09 04:52:41 UTC 2019 /home/travis/build/icyphy/ptII/ptolemy/actor/lib/test/auto/twoPublishers.xml
----------------- Instantiating /home/travis/build/icyphy/ptII/ptolemy/actor/lib/test/auto/twoPublishers.xml
6 ms. Memory: 573440K Free: 356433K (62%)
----------------- Invoking toplevel() on ptolemy.moml.MoMLSimpleApplication@7be0f3ac
----------------- Done invoking toplevel() on ptolemy.moml.MoMLSimpleApplication@7be0f3ac
reloadAllAccessors: .twoPublishers
AutoTests.java: About to close Vertx.
AutoTests.java: Vertx closed.
]]></system-out>
  <system-err><![CDATA[java.lang.RuntimeException: Execution failed
	at ptolemy.moml.MoMLSimpleApplication$UnloadThread.run(MoMLSimpleApplication.java:402)
Caused by: java.lang.RuntimeException: StringUtilities.exit() was called. Normally, we would exit here because Manager.exitAfterWrapup() was called.  However, because the ptolemy.ptII.exitAfterWrapup property is set, we throw this exception instead.
	at ptolemy.util.StringUtilities.exit(StringUtilities.java:363)
	at ptolemy.actor.Manager.wrapup(Manager.java:1531)
	at ptolemy.actor.Manager.execute(Manager.java:407)
	at ptolemy.actor.Manager.run(Manager.java:1263)
	at ptolemy.actor.Manager$PtolemyRunThread.run(Manager.java:1915)
Warning: '.top.test' is in training mode, set the trainingMode parameter to false before checking in
Warning: '.top.test' is in training mode, set the trainingMode parameter to false before checking in
Warning: '.top.test' is in training mode, set the trainingMode parameter to false before checking in
Warning: '.BooleanSwitch_RegressionTest_WrongTrainingValues.Test' is in training mode, set the trainingMode parameter to false before checking in
Warning: '.BooleanSwitch_RegressionTest_WrongTrainingValues.Test2' is in training mode, set the trainingMode parameter to false before checking in
Warning: '.BooleanSwitch_RegressionTest_WrongTrainingValues.Test2' The test produced 0 tokens.
Warning: '.top.testExceptionHandler' is in training mode, set the trainingMode parameter to false before checking in
java.lang.RuntimeException: Execution failed
	at ptolemy.moml.MoMLSimpleApplication$UnloadThread.run(MoMLSimpleApplication.java:402)
Caused by: ptolemy.kernel.util.IllegalActionException: PublisherPorts cannot be used at the top level, use a Publisher actor instead.
  in .PublisherPortToplevelSubscriber.PublisherPort
	at ptolemy.actor.PublisherPort.preinitialize(PublisherPort.java:403)
	at ptolemy.actor.CompositeActor.preinitialize(CompositeActor.java:1769)
	at ptolemy.actor.Manager.preinitializeAndResolveTypes(Manager.java:1040)
	at ptolemy.actor.Manager.initialize(Manager.java:710)
	at ptolemy.actor.Manager.execute(Manager.java:356)
	at ptolemy.actor.Manager.run(Manager.java:1263)
	at ptolemy.actor.Manager$PtolemyRunThread.run(Manager.java:1915)
java.lang.reflect.InvocationTargetException
	at java.base/jdk.internal.reflect.NativeConstructorAccessorImpl.newInstance0(Native Method)
	at java.base/jdk.internal.reflect.NativeConstructorAccessorImpl.newInstance(NativeConstructorAccessorImpl.java:62)
	at java.base/jdk.internal.reflect.DelegatingConstructorAccessorImpl.newInstance(DelegatingConstructorAccessorImpl.java:45)
	at java.base/java.lang.reflect.Constructor.newInstance(Constructor.java:490)
	at ptolemy.util.test.junit.AutoKnownFailedTests.RunModel(AutoKnownFailedTests.java:105)
	at java.base/jdk.internal.reflect.NativeMethodAccessorImpl.invoke0(Native Method)
	at java.base/jdk.internal.reflect.NativeMethodAccessorImpl.invoke(NativeMethodAccessorImpl.java:62)
	at java.base/jdk.internal.reflect.DelegatingMethodAccessorImpl.invoke(DelegatingMethodAccessorImpl.java:43)
	at java.base/java.lang.reflect.Method.invoke(Method.java:566)
	at org.junit.runners.model.FrameworkMethod$1.runReflectiveCall(FrameworkMethod.java:44)
	at org.junit.internal.runners.model.ReflectiveCallable.run(ReflectiveCallable.java:15)
	at org.junit.runners.model.FrameworkMethod.invokeExplosively(FrameworkMethod.java:41)
	at junitparams.internal.InvokeParameterisedMethod.evaluate(InvokeParameterisedMethod.java:102)
	at org.junit.internal.runners.statements.FailOnTimeout$1.run(FailOnTimeout.java:28)
Caused by: ptolemy.kernel.util.IllegalActionException: PublisherPorts cannot be used at the top level, use a Publisher actor instead.
  in .PublisherPortToplevelSubscriber.PublisherPort
	at ptolemy.actor.PublisherPort.preinitialize(PublisherPort.java:403)
	at ptolemy.actor.CompositeActor.preinitialize(CompositeActor.java:1769)
	at ptolemy.actor.Manager.preinitializeAndResolveTypes(Manager.java:1040)
	at ptolemy.actor.Manager.initialize(Manager.java:710)
	at ptolemy.actor.Manager.execute(Manager.java:356)
	at ptolemy.actor.Manager.run(Manager.java:1263)
	at ptolemy.actor.Manager$PtolemyRunThread.run(Manager.java:1915)
java.lang.RuntimeException: Execution failed
	at ptolemy.moml.MoMLSimpleApplication$UnloadThread.run(MoMLSimpleApplication.java:402)
Caused by: ptolemy.kernel.util.IllegalActionException: SubscriberPorts cannot be used at the top level, use a Subscriber actor instead.
  in .PublisherSubscriberPortToplevel.SubscriberPort
	at ptolemy.actor.SubscriberPort.preinitialize(SubscriberPort.java:328)
	at ptolemy.actor.CompositeActor.preinitialize(CompositeActor.java:1769)
	at ptolemy.actor.Manager.preinitializeAndResolveTypes(Manager.java:1040)
	at ptolemy.actor.Manager.initialize(Manager.java:710)
	at ptolemy.actor.Manager.execute(Manager.java:356)
	at ptolemy.actor.Manager.run(Manager.java:1263)
	at ptolemy.actor.Manager$PtolemyRunThread.run(Manager.java:1915)
java.lang.reflect.InvocationTargetException
	at java.base/jdk.internal.reflect.NativeConstructorAccessorImpl.newInstance0(Native Method)
	at java.base/jdk.internal.reflect.NativeConstructorAccessorImpl.newInstance(NativeConstructorAccessorImpl.java:62)
	at java.base/jdk.internal.reflect.DelegatingConstructorAccessorImpl.newInstance(DelegatingConstructorAccessorImpl.java:45)
	at java.base/java.lang.reflect.Constructor.newInstance(Constructor.java:490)
	at ptolemy.util.test.junit.AutoKnownFailedTests.RunModel(AutoKnownFailedTests.java:105)
	at java.base/jdk.internal.reflect.NativeMethodAccessorImpl.invoke0(Native Method)
	at java.base/jdk.internal.reflect.NativeMethodAccessorImpl.invoke(NativeMethodAccessorImpl.java:62)
	at java.base/jdk.internal.reflect.DelegatingMethodAccessorImpl.invoke(DelegatingMethodAccessorImpl.java:43)
	at java.base/java.lang.reflect.Method.invoke(Method.java:566)
	at org.junit.runners.model.FrameworkMethod$1.runReflectiveCall(FrameworkMethod.java:44)
	at org.junit.internal.runners.model.ReflectiveCallable.run(ReflectiveCallable.java:15)
	at org.junit.runners.model.FrameworkMethod.invokeExplosively(FrameworkMethod.java:41)
	at junitparams.internal.InvokeParameterisedMethod.evaluate(InvokeParameterisedMethod.java:102)
	at org.junit.internal.runners.statements.FailOnTimeout$1.run(FailOnTimeout.java:28)
Caused by: ptolemy.kernel.util.IllegalActionException: SubscriberPorts cannot be used at the top level, use a Subscriber actor instead.
  in .PublisherSubscriberPortToplevel.SubscriberPort
	at ptolemy.actor.SubscriberPort.preinitialize(SubscriberPort.java:328)
	at ptolemy.actor.CompositeActor.preinitialize(CompositeActor.java:1769)
	at ptolemy.actor.Manager.preinitializeAndResolveTypes(Manager.java:1040)
	at ptolemy.actor.Manager.initialize(Manager.java:710)
	at ptolemy.actor.Manager.execute(Manager.java:356)
	at ptolemy.actor.Manager.run(Manager.java:1263)
	at ptolemy.actor.Manager$PtolemyRunThread.run(Manager.java:1915)
java.lang.RuntimeException: Execution failed
	at ptolemy.moml.MoMLSimpleApplication$UnloadThread.run(MoMLSimpleApplication.java:402)
Caused by: ptolemy.kernel.util.IllegalActionException: SubscriptionAggregatorPorts cannot be used at the top level, use a SubscriptionAggregator actor instead.
  in .PublisherSubscriptionAggregatorPort.SubscriptionAggregatorPort
	at ptolemy.actor.SubscriptionAggregatorPort.preinitialize(SubscriptionAggregatorPort.java:353)
	at ptolemy.actor.CompositeActor.preinitialize(CompositeActor.java:1769)
	at ptolemy.actor.Manager.preinitializeAndResolveTypes(Manager.java:1040)
	at ptolemy.actor.Manager.initialize(Manager.java:710)
	at ptolemy.actor.Manager.execute(Manager.java:356)
	at ptolemy.actor.Manager.run(Manager.java:1263)
	at ptolemy.actor.Manager$PtolemyRunThread.run(Manager.java:1915)
java.lang.reflect.InvocationTargetException
	at java.base/jdk.internal.reflect.NativeConstructorAccessorImpl.newInstance0(Native Method)
	at java.base/jdk.internal.reflect.NativeConstructorAccessorImpl.newInstance(NativeConstructorAccessorImpl.java:62)
	at java.base/jdk.internal.reflect.DelegatingConstructorAccessorImpl.newInstance(DelegatingConstructorAccessorImpl.java:45)
	at java.base/java.lang.reflect.Constructor.newInstance(Constructor.java:490)
	at ptolemy.util.test.junit.AutoKnownFailedTests.RunModel(AutoKnownFailedTests.java:105)
	at java.base/jdk.internal.reflect.NativeMethodAccessorImpl.invoke0(Native Method)
	at java.base/jdk.internal.reflect.NativeMethodAccessorImpl.invoke(NativeMethodAccessorImpl.java:62)
	at java.base/jdk.internal.reflect.DelegatingMethodAccessorImpl.invoke(DelegatingMethodAccessorImpl.java:43)
	at java.base/java.lang.reflect.Method.invoke(Method.java:566)
	at org.junit.runners.model.FrameworkMethod$1.runReflectiveCall(FrameworkMethod.java:44)
	at org.junit.internal.runners.model.ReflectiveCallable.run(ReflectiveCallable.java:15)
	at org.junit.runners.model.FrameworkMethod.invokeExplosively(FrameworkMethod.java:41)
	at junitparams.internal.InvokeParameterisedMethod.evaluate(InvokeParameterisedMethod.java:102)
	at org.junit.internal.runners.statements.FailOnTimeout$1.run(FailOnTimeout.java:28)
Caused by: ptolemy.kernel.util.IllegalActionException: SubscriptionAggregatorPorts cannot be used at the top level, use a SubscriptionAggregator actor instead.
  in .PublisherSubscriptionAggregatorPort.SubscriptionAggregatorPort
	at ptolemy.actor.SubscriptionAggregatorPort.preinitialize(SubscriptionAggregatorPort.java:353)
	at ptolemy.actor.CompositeActor.preinitialize(CompositeActor.java:1769)
	at ptolemy.actor.Manager.preinitializeAndResolveTypes(Manager.java:1040)
	at ptolemy.actor.Manager.initialize(Manager.java:710)
	at ptolemy.actor.Manager.execute(Manager.java:356)
	at ptolemy.actor.Manager.run(Manager.java:1263)
	at ptolemy.actor.Manager$PtolemyRunThread.run(Manager.java:1915)
java.lang.RuntimeException: Execution failed
	at ptolemy.moml.MoMLSimpleApplication$UnloadThread.run(MoMLSimpleApplication.java:402)
Caused by: ptolemy.kernel.util.IllegalActionException: TypeTest actor has no training data.
  in .sizedarray3.TypeTest
	at ptolemy.actor.lib.TypeTest.initialize(TypeTest.java:250)
	at ptolemy.actor.Director.initialize(Director.java:938)
	at ptolemy.actor.Director.initialize(Director.java:907)
	at ptolemy.actor.sched.StaticSchedulingDirector.initialize(StaticSchedulingDirector.java:159)
	at ptolemy.domains.sdf.kernel.SDFDirector.initialize(SDFDirector.java:544)
	at ptolemy.actor.CompositeActor.initialize(CompositeActor.java:935)
	at ptolemy.actor.Manager.initialize(Manager.java:724)
	at ptolemy.actor.Manager.execute(Manager.java:356)
	at ptolemy.actor.Manager.run(Manager.java:1263)
	at ptolemy.actor.Manager$PtolemyRunThread.run(Manager.java:1915)
java.lang.reflect.InvocationTargetException
	at java.base/jdk.internal.reflect.NativeConstructorAccessorImpl.newInstance0(Native Method)
	at java.base/jdk.internal.reflect.NativeConstructorAccessorImpl.newInstance(NativeConstructorAccessorImpl.java:62)
	at java.base/jdk.internal.reflect.DelegatingConstructorAccessorImpl.newInstance(DelegatingConstructorAccessorImpl.java:45)
	at java.base/java.lang.reflect.Constructor.newInstance(Constructor.java:490)
	at ptolemy.util.test.junit.AutoKnownFailedTests.RunModel(AutoKnownFailedTests.java:105)
	at java.base/jdk.internal.reflect.NativeMethodAccessorImpl.invoke0(Native Method)
	at java.base/jdk.internal.reflect.NativeMethodAccessorImpl.invoke(NativeMethodAccessorImpl.java:62)
	at java.base/jdk.internal.reflect.DelegatingMethodAccessorImpl.invoke(DelegatingMethodAccessorImpl.java:43)
	at java.base/java.lang.reflect.Method.invoke(Method.java:566)
	at org.junit.runners.model.FrameworkMethod$1.runReflectiveCall(FrameworkMethod.java:44)
	at org.junit.internal.runners.model.ReflectiveCallable.run(ReflectiveCallable.java:15)
	at org.junit.runners.model.FrameworkMethod.invokeExplosively(FrameworkMethod.java:41)
	at junitparams.internal.InvokeParameterisedMethod.evaluate(InvokeParameterisedMethod.java:102)
	at org.junit.internal.runners.statements.FailOnTimeout$1.run(FailOnTimeout.java:28)
Caused by: ptolemy.kernel.util.IllegalActionException: TypeTest actor has no training data.
  in .sizedarray3.TypeTest
	at ptolemy.actor.lib.TypeTest.initialize(TypeTest.java:250)
	at ptolemy.actor.Director.initialize(Director.java:938)
	at ptolemy.actor.Director.initialize(Director.java:907)
	at ptolemy.actor.sched.StaticSchedulingDirector.initialize(StaticSchedulingDirector.java:159)
	at ptolemy.domains.sdf.kernel.SDFDirector.initialize(SDFDirector.java:544)
	at ptolemy.actor.CompositeActor.initialize(CompositeActor.java:935)
	at ptolemy.actor.Manager.initialize(Manager.java:724)
	at ptolemy.actor.Manager.execute(Manager.java:356)
	at ptolemy.actor.Manager.run(Manager.java:1263)
	at ptolemy.actor.Manager$PtolemyRunThread.run(Manager.java:1915)
java.lang.RuntimeException: Execution failed
	at ptolemy.moml.MoMLSimpleApplication$UnloadThread.run(MoMLSimpleApplication.java:402)
Caused by: ptolemy.kernel.util.IllegalActionException: Test fails in iteration 0.
Value was: "WARNING: An illegal reflective access operation has occurred\nWARNING: Illegal reflective access by io.netty.util.internal.ReflectionUtil (file:/home/travis/build/icyphy/ptII/lib/netty-common-4.1.19.Final.jar) to constructor java.nio.DirectByteBuffer(long,int)\nWARNING: Please consider reporting this to the maintainers of io.netty.util.internal.ReflectionUtil\nWARNING: Use --illegal-access=warn to enable warnings of further illegal reflective access operations\nWARNING: All illegal access operations will be denied in a future release\n". Should have been: ""
  in .ExecRunDemos.Test
	at ptolemy.actor.lib.Test.fire(Test.java:268)
	at ptolemy.actor.AtomicActor.iterate(AtomicActor.java:512)
	at ptolemy.actor.sched.StaticSchedulingDirector.fire(StaticSchedulingDirector.java:216)
	at ptolemy.domains.sdf.kernel.SDFDirector.fire(SDFDirector.java:500)
	at ptolemy.actor.CompositeActor.fire(CompositeActor.java:455)
	at ptolemy.actor.Manager.iterate(Manager.java:851)
	at ptolemy.actor.Manager.execute(Manager.java:369)
	at ptolemy.actor.Manager.run(Manager.java:1263)
	at ptolemy.actor.Manager$PtolemyRunThread.run(Manager.java:1915)
]]></system-err>
</testsuite>
