<?xml version="1.0" encoding="UTF-8" ?>
<testsuite errors="0" failures="2" hostname="travis-job-08b84bee-5bd3-4ec4-b45a-0120df8070f9" name="ptolemy.configs.test.junit.JUnitTclTest" skipped="0" tests="9" time="1443.759" timestamp="2020-07-07T15:12:49">
  <properties>
    <property name="npm.executable" value="npm" />
    <property name="env.TRAVIS_ROOT" value="/" />
    <property name="ptII.mk.exists" value="true" />
    <property name="env.TRAVIS_APP_HOST" value="build.travis-ci.org" />
    <property name="env.rvm_bin_path" value="/home/travis/.rvm/bin" />
    <property name="java.home" value="/usr/local/lib/jvm/openjdk11" />
    <property name="env.TRAVIS_JOB_NUMBER" value="1684.12" />
    <property name="env.TRAVIS_HOME" value="/home/travis" />
    <property name="env.DISPLAY" value=":99.0" />
    <property name="env.TRAVIS_INIT" value="systemd" />
    <property name="env.SSH_TTY" value="/dev/pts/0" />
    <property name="java.net.preferIPv4Stack" value="true" />
    <property name="env.RUN_TESTS" value="true" />
    <property name="timeout.short" value="1000000" />
    <property name="junit.formatter" value="xml" />
    <property name="env.TRAVIS_SUDO" value="true" />
    <property name="env.TRAVIS_JOB_NAME" value="" />
    <property name="env.TRAVIS_STACK_NODE_ATTRIBUTES" value="/.node-attributes.yml" />
    <property name="env.LOGNAME" value="travis" />
    <property name="jsdoc.home" value="node_modules/@terraswarm/jsdoc" />
    <property name="debuglevel" value="source,lines,vars" />
    <property name="checkstyle.formatter" value="xml" />
    <property name="env._system_version" value="16.04" />
    <property name="bin.vergil.makeable" value="true" />
    <property name="sun.os.patch.level" value="unknown" />
    <property name="java.vendor.url" value="http://java.oracle.com/" />
    <property name="env.TRAVIS_BUILD_WEB_URL" value="https://travis-ci.org/icyphy/ptII/builds/705812290" />
    <property name="java.version" value="11.0.2" />
    <property name="env.TZ" value="UTC" />
    <property name="env.TRAVIS_PULL_REQUEST_SHA" value="" />
    <property name="env.PT_NO_NET" value="true" />
    <property name="env.TRAVIS_SECURE_ENV_VARS" value="true" />
    <property name="env._system_type" value="Linux" />
    <property name="java.vendor.url.bug" value="http://bugreport.java.com/bugreport/" />
    <property name="npmjs-org-is-up" value="true" />
    <property name="env.LANGUAGE" value="en_US.UTF-8" />
    <property name="env.SSH_CLIENT" value="10.24.3.94 44360 22" />
    <property name="env.GEM_HOME" value="/home/travis/.rvm/gems/ruby-2.5.3" />
    <property name="env.HAS_ANTARES_THREE_LITTLE_FRONZIES_BADGE" value="true" />
    <property name="java.version.date" value="2019-01-15" />
    <property name="env.PS4" value="+" />
    <property name="ant.project.invoked-targets" value="build,test.core5.xml" />
    <property name="env.TRAVIS_PULL_REQUEST_BRANCH" value="" />
    <property name="env.TRAVIS_REPO_SLUG" value="icyphy/ptII" />
    <property name="env.XDG_DATA_DIRS" value="/usr/local/share:/usr/share:/var/lib/snapd/desktop" />
    <property name="jdk.debug" value="release" />
    <property name="env.TRAVIS_APT_PROXY" value="http://build-cache.travisci.net" />
    <property name="env.TRAVIS_CPU_ARCH" value="amd64" />
    <property name="node.in.path" value="true" />
    <property name="user.name" value="travis" />
    <property name="java.maxmemory" value="1400m" />
    <property name="env.RUBY_VERSION" value="ruby-2.5.3" />
    <property name="env.LANG" value="en_US.UTF-8" />
    <property name="sun.io.unicode.encoding" value="UnicodeLittle" />
    <property name="sun.jnu.encoding" value="UTF-8" />
    <property name="java.runtime.name" value="OpenJDK Runtime Environment" />
    <property name="usefile" value="false" />
    <property name="return.code" value="0" />
    <property name="junit.single.formatter" value="plain" />
    <property name="env.DYLD_LIBRARY_PATH" value="/home/travis/pthla/certi-tools/lib:" />
    <property name="env.DEBIAN_FRONTEND" value="noninteractive" />
    <property name="env.SSH_CONNECTION" value="10.24.3.94 44360 10.20.0.24 22" />
    <property name="env.MYSQL_UNIX_PORT" value="/var/run/mysqld/mysqld.sock" />
    <property name="env.LC_ALL" value="en_US.UTF-8" />
    <property name="env.TRAVIS_ALLOW_FAILURE" value="" />
    <property name="env.TRAVIS_JOB_WEB_URL" value="https://travis-ci.org/icyphy/ptII/jobs/705812313" />
    <property name="java.specification.name" value="Java Platform API Specification" />
    <property name="node.works" value="true" />
    <property name="user.timezone" value="" />
    <property name="path.separator" value=":" />
    <property name="env.TRAVIS_ENABLE_INFRA_DETECTION" value="true" />
    <property name="env.PYTHON_CFLAGS" value="-g -fstack-protector --param=ssp-buffer-size=4 -Wformat -Werror=format-security" />
    <property name="timeout.long" value="4000000" />
    <property name="env.CERTI_HOME" value="/home/travis/pthla/certi-tools" />
    <property name="ant.file.ptII" value="/home/travis/build/icyphy/ptII/build.xml" />
    <property name="javadoc.packagenames" value="com.*,diva.*,lbnl.*,org.hlacerti.*,org.json.*,org.ptolemy.*,org.terraswarm.*,ptolemy.*,ptserver.*" />
    <property name="file.encoding" value="UTF-8" />
    <property name="env.TRAVIS_PULL_REQUEST_SLUG" value="" />
    <property name="ant.project.default-target" value="build" />
    <property name="env.GIT_ASKPASS" value="echo" />
    <property name="env.HOME" value="/home/travis" />
    <property name="sun.java.command" value="org.apache.tools.ant.taskdefs.optional.junit.JUnitTestRunner ptolemy.configs.test.junit.JUnitTclTest skipNonTests=false filtertrace=true haltOnError=false haltOnFailure=false formatter=org.apache.tools.ant.taskdefs.optional.junit.OutErrSummaryJUnitResultFormatter showoutput=true outputtoformatters=true logfailedtests=true threadid=0 logtestlistenerevents=false formatter=org.apache.tools.ant.taskdefs.optional.junit.XMLJUnitResultFormatter,/home/travis/build/icyphy/ptII/reports/junit/TEST-ptolemy.configs.test.junit.JUnitTclTest.xml crashfile=/home/travis/build/icyphy/ptII/junitvmwatcher14729555157765174945.properties propsfile=/home/travis/build/icyphy/ptII/junit12517791475603800133.properties" />
    <property name="env.COMPOSER_NO_INTERACTION" value="1" />
    <property name="env.MANPATH" value="/home/travis/.nvm/versions/node/v7.10.1/share/man:/home/travis/.rvm/rubies/ruby-2.5.3/share/man:/usr/local/cmake-3.12.4/man:/usr/local/clang-7.0.0/share/man:/usr/local/man:/usr/local/share/man:/usr/share/man:/home/travis/.rvm/man" />
    <property name="env.TRAVIS_TIMER_ID" value="096a3000" />
    <property name="ant.file" value="/home/travis/build/icyphy/ptII/build.xml" />
    <property name="env.TRAVIS_COMMIT_RANGE" value="3e950cfe0f3c004454147d0a7dfedd7f8d8e77cc...52bfcaaec950ad6b43d11ffdb9cd3f924b0c1f76" />
    <property name="env._system_name" value="Ubuntu" />
    <property name="ptII.classpath.optional.property" value="/home/travis/build/icyphy/ptII/lib/bsh-2.0b4.jar:/home/travis/build/icyphy/ptII/lib/ptCal.jar:/home/travis/build/icyphy/ptII/lib/java_cup.jar:/home/travis/build/icyphy/ptII/lib/saxon8.jar:/home/travis/build/icyphy/ptII/lib/saxon8-dom.jar:/home/travis/build/icyphy/ptII/lib/chic.jar:/home/travis/build/icyphy/ptII/lib/ptcolt.jar:/home/travis/build/icyphy/ptII/vendors/misc/itext/iText.jar:/home/travis/build/icyphy/ptII/lib/g4ltl.jar:/home/travis/build/icyphy/ptII/lib/StructuralCoder.jar:/home/travis/build/icyphy/ptII/lib/jcerti.jar:/home/travis/build/icyphy/ptII/lib/javax.mail.jar:/home/travis/build/icyphy/ptII/vendors/JMF-2.1.1e/lib/jmf.jar:/home/travis/build/icyphy/ptII/lib/jna-4.0.0-variadic.jar:/home/travis/build/icyphy/ptII/vendors/misc/joystick/Joystick.jar:/home/travis/build/icyphy/ptII/lib/ptjacl.jar:/home/travis/build/icyphy/ptII/lib/jsoup-1.8.2.jar:/home/travis/build/icyphy/ptII/lib/junit-4.8.2.jar:/home/travis/build/icyphy/ptII/lib/JUnitParams-0.4.0.jar:/home/travis/build/icyphy/ptII/ptolemy/actor/lib/excel/jxl.jar:/home/travis/build/icyphy/ptII/lib/jython.jar:/home/travis/build/icyphy/ptII/lib/kieler.jar:/home/travis/build/icyphy/ptII/vendors/opencv/share/OpenCV/java/opencv-341.jar:/home/travis/build/icyphy/ptII/lib/oscP5.jar:/home/travis/build/icyphy/ptII/lib/nrjavaserial-3.11.0.devel.jar:/home/travis/build/icyphy/ptII/vendors/j3d/lib/Linux/j3dcore.jar:/home/travis/build/icyphy/ptII/vendors/j3d/lib/Linux/j3dutils.jar:/home/travis/build/icyphy/ptII/vendors/j3d/lib/Linux/vecmath.jar:/home/travis/build/icyphy/ptII/vendors/jogl/lib/Linux/gluegen-rt-natives-linux-amd64.jar:/home/travis/build/icyphy/ptII/vendors/jogl/lib/Linux/gluegen-rt.jar:/home/travis/build/icyphy/ptII/vendors/jogl/lib/Linux/jogl-all-natives-linux-amd64.jar:/home/travis/build/icyphy/ptII/vendors/jogl/lib/Linux/jogl-all.jar:/home/travis/build/icyphy/ptII/ptolemy/distributed/jini/jar/jini-core.jar:/home/travis/build/icyphy/ptII/ptolemy/distributed/jini/jar/jini-ext.jar:/home/travis/build/icyphy/ptII/ptolemy/distributed/jini/jar/sun-util.jar:/home/travis/build/icyphy/ptII/lib/protobuf-java-2.4.1.jar:/home/travis/build/icyphy/ptII/lib/org.eclipse.paho.client.mqttv3.jar:/home/travis/build/icyphy/ptII/lib/mapss.jar:/home/travis/build/icyphy/ptII/ptolemy/actor/ptalon/antlr/antlr.jar:/home/travis/build/icyphy/ptII/lib/JRI.jar:/home/travis/build/icyphy/ptII/lib/commons-lang-2.6.jar:/home/travis/build/icyphy/ptII/lib/commons-logging-1.1.1.jar:/home/travis/build/icyphy/ptII/lib/sootclasses.jar:/home/travis/build/icyphy/ptII/ptolemy/actor/lib/database/mysql-connector-java-5.1.6-bin.jar:/home/travis/build/icyphy/ptII/vendors/misc/sphinx4/sphinx4-data-5prealpha.jar:/home/travis/build/icyphy/ptII/vendors/misc/sphinx4/sphinx4-core-5prealpha.jar:/home/travis/build/icyphy/ptII/lib/PDFRenderer.jar:/home/travis/build/icyphy/ptII/lib/svgSalamander.jar:/home/travis/build/icyphy/ptII/lib/rsyntaxtextarea-2.6.0-SNAPSHOT.jar:/home/travis/build/icyphy/ptII/lib/hazelcast-3.8.2.jar:/home/travis/build/icyphy/ptII/lib/jackson-annotations-2.9.0.jar:/home/travis/build/icyphy/ptII/lib/jackson-core-2.9.3.jar:/home/travis/build/icyphy/ptII/lib/jackson-databind-2.9.3.jar:/home/travis/build/icyphy/ptII/lib/netty-buffer-4.1.19.Final.jar:/home/travis/build/icyphy/ptII/lib/netty-codec-4.1.19.Final.jar:/home/travis/build/icyphy/ptII/lib/netty-codec-dns-4.1.19.Final.jar:/home/travis/build/icyphy/ptII/lib/netty-codec-http-4.1.19.Final.jar:/home/travis/build/icyphy/ptII/lib/netty-codec-http2-4.1.19.Final.jar:/home/travis/build/icyphy/ptII/lib/netty-common-4.1.19.Final.jar:/home/travis/build/icyphy/ptII/lib/netty-handler-4.1.19.Final.jar:/home/travis/build/icyphy/ptII/lib/netty-resolver-4.1.19.Final.jar:/home/travis/build/icyphy/ptII/lib/netty-resolver-dns-4.1.19.Final.jar:/home/travis/build/icyphy/ptII/lib/netty-transport-4.1.19.Final.jar:/home/travis/build/icyphy/ptII/lib/vertx-codegen-3.5.1.jar:/home/travis/build/icyphy/ptII/lib/vertx-core-3.5.2-SNAPSHOT.jar:/home/travis/build/icyphy/ptII/lib/vertx-hazelcast-3.5.1.jar:/home/travis/build/icyphy/ptII/lib/vertx-lang-js-3.5.1.jar:/home/travis/build/icyphy/ptII/lib/vertx-service-proxy-3.5.1.jar:/home/travis/build/icyphy/ptII/lib/vertx-web-3.5.1.jar:/home/travis/build/icyphy/ptII/lib/slf4j-api-1.7.13.jar:/home/travis/build/icyphy/ptII/lib/slf4j-simple-1.7.13.jar:/home/travis/build/icyphy/ptII/lib/webcam-capture-0.3.12.jar:/home/travis/build/icyphy/ptII/lib/bridj-0.7.0.jar:/home/travis/build/icyphy/ptII/lib/xbjlib-1.1.0.nrjavaserial.jar" />
    <property name="timeout" value="2400000" />
    <property name="test.batch" value="**/junit/*.java" />
    <property name="env._" value="/usr/bin/timeout" />
    <property name="java.io.tmpdir" value="/tmp" />
    <property name="user.language" value="en" />
    <property name="env.TRAVIS_INTERNAL_RUBY_REGEX" value="^ruby-(2\.[0-4]\.[0-9]|1\.9\.3)" />
    <property name="env.HISTCONTROL" value="ignoredups:ignorespace" />
    <property name="env.GOROOT" value="/home/travis/.gimme/versions/go1.11.1.linux.amd64" />
    <property name="line.separator" value="&#xa;" />
    <property name="target" value="11" />
    <property name="env.TRAVIS_BUILD_DIR" value="/home/travis/build/icyphy/ptII" />
    <property name="env.ANT_OPTS" value="-Xmx2048m" />
    <property name="ant.file.type" value="file" />
    <property name="ptolemy.ptII.batchMode" value="true" />
    <property name="env.HISTSIZE" value="1000" />
    <property name="env.MERB_ENV" value="test" />
    <property name="java.vm.info" value="mixed mode" />
    <property name="source" value="11" />
    <property name="java.vm.specification.name" value="Java Virtual Machine Specification" />
    <property name="env.TRAVIS_TEST_RESULT" value="0" />
    <property name="jsdoc.command" value="node_modules/@terraswarm/jsdoc/jsdoc.js" />
    <property name="npm.works" value="true" />
    <property name="cobertura.dir" value="/home/travis/build/icyphy/ptII/vendors/cobertura-2.0.3" />
    <property name="jsdoc.command.exists" value="true" />
    <property name="env.rvm_path" value="/home/travis/.rvm" />
    <property name="env.GEM_PATH" value="/home/travis/.rvm/gems/ruby-2.5.3:/home/travis/.rvm/gems/ruby-2.5.3@global" />
    <property name="env.LC_CTYPE" value="en_US.UTF-8" />
    <property name="env.TRAVIS_CMD" value="$PTII/bin/ptIITravisBuild.sh $SECONDS" />
    <property name="java.awt.printerjob" value="sun.print.PSPrinterJob" />
    <property name="env.TRAVIS_STACK_NAME" value="sardonyx" />
    <property name="env.TRAVIS_TIMER_START_TIME" value="1594134686965049359" />
    <property name="ant.version" value="Apache Ant(TM) version 1.10.1 compiled on February 2 2017" />
    <property name="ptII.reports" value="/home/travis/build/icyphy/ptII/reports" />
    <property name="env.TRAVIS_STACK_TIMESTAMP" value="2019-03-25 16:16:56 UTC" />
    <property name="ant.file.type.ptII" value="file" />
    <property name="env.RBENV_SHELL" value="bash" />
    <property name="os.name" value="Linux" />
    <property name="java.specification.vendor" value="Oracle Corporation" />
    <property name="env.rvm_version" value="1.29.7 (latest)" />
    <property name="env.TRAVIS_INFRA" value="unknown" />
    <property name="env.TERM" value="xterm" />
    <property name="java.vm.name" value="OpenJDK 64-Bit Server VM" />
    <property name="env.TRAVIS_BUILD_NUMBER" value="1684" />
    <property name="env.CI" value="true" />
    <property name="java.library.path" value="/home/travis/pthla/certi-tools/lib:/usr/lib/jni:/usr/local/share/OpenCV/java/:/usr/share/OpenCV/java::/usr/java/packages/lib:/usr/lib64:/lib64:/lib:/usr/lib" />
    <property name="jdk.module.path" value="/home/travis/build/icyphy/ptII/vendors/javafx/javafx-sdk-11.0.2/lib:" />
    <property name="env.rvm_prefix" value="/home/travis" />
    <property name="env.PATH" value="/home/travis/pthla/certi-tools/share/scripts:/home/travis/.rvm/gems/ruby-2.5.3/bin:/home/travis/.rvm/gems/ruby-2.5.3@global/bin:/home/travis/.rvm/rubies/ruby-2.5.3/bin:/home/travis/.rvm/bin:/home/travis/.nvm/versions/node/v7.10.1/bin:./node_modules/.bin:/home/travis/build/icyphy/ptII/bin:/home/travis/pthla/certi-tools/bin:/home/travis/bin:/home/travis/.local/bin:/usr/local/lib/jvm/openjdk11/bin:/opt/pyenv/shims:/home/travis/.phpenv/shims:/home/travis/perl5/perlbrew/bin:/home/travis/gopath/bin:/home/travis/.gimme/versions/go1.11.1.linux.amd64/bin:/usr/local/maven-3.6.0/bin:/usr/local/cmake-3.12.4/bin:/usr/local/clang-7.0.0/bin:/usr/local/sbin:/usr/local/bin:/usr/sbin:/usr/bin:/sbin:/bin:/snap/bin:/home/travis/.phpenv/bin:/opt/pyenv/bin:/home/travis/.yarn/bin" />
    <property name="env.TRAVIS_OS_NAME" value="linux" />
    <property name="ant.java.version" value="9" />
    <property name="basedir" value="/home/travis/build/icyphy/ptII" />
    <property name="java.class.version" value="55.0" />
    <property name="env.SHLVL" value="3" />
    <property name="env.LD_LIBRARY_PATH" value="/home/travis/pthla/certi-tools/lib:/usr/lib/jni:/usr/local/share/OpenCV/java/:/usr/share/OpenCV/java:" />
    <property name="env.RACK_ENV" value="test" />
    <property name="ant.home" value="/home/travis/build/icyphy/ptII/ant" />
    <property name="env.NVM_DIR" value="/home/travis/.nvm" />
    <property name="env.CERTI_FOM_PATH" value="/home/travis/pthla/certi-tools/share/federations" />
    <property name="env.TRAVIS_BUILD_ID" value="705812290" />
    <property name="env.PYENV_ROOT" value="/opt/pyenv" />
    <property name="env.TRAVIS_UID" value="2000" />
    <property name="prism.verbose" value="true" />
    <property name="env.NVM_BIN" value="/home/travis/.nvm/versions/node/v7.10.1/bin" />
    <property name="env.TRAVIS_COMMIT" value="52bfcaaec950ad6b43d11ffdb9cd3f924b0c1f76" />
    <property name="env._system_arch" value="x86_64" />
    <property name="node.executable" value="node" />
    <property name="sun.boot.library.path" value="/usr/local/lib/jvm/openjdk11/lib" />
    <property name="sun.management.compiler" value="HotSpot 64-Bit Tiered Compilers" />
    <property name="java.awt.graphicsenv" value="sun.awt.X11GraphicsEnvironment" />
    <property name="env.GOPATH" value="/home/travis/gopath" />
    <property name="ptolemy.ptII.dir" value="/home/travis/build/icyphy/ptII" />
    <property name="env.USER" value="travis" />
    <property name="env.HISTFILESIZE" value="2000" />
    <property name="env.NVM_INC" value="/home/travis/.nvm/versions/node/v7.10.1/include/node" />
    <property name="timeout.longest" value="19000000" />
    <property name="env.PERLBREW_SHELLRC_VERSION" value="0.86" />
    <property name="env.TRAVIS_STACK_FEATURES" value="basic couchdb disabled-ipv6 docker docker-compose elasticsearch firefox go-toolchain google-chrome jdk memcached mongodb mysql nodejs_interpreter perl_interpreter perlbrew phantomjs postgresql python_interpreter redis ruby_interpreter sqlite xserver" />
    <property name="env.TRAVIS_PULL_REQUEST" value="false" />
    <property name="env.PYENV_SHELL" value="bash" />
    <property name="ant.project.name" value="ptII" />
    <property name="env.ANSI_RESET" value="\033[0m" />
    <property name="java.vm.specification.version" value="11" />
    <property name="env.TRAVIS_DIST" value="xenial" />
    <property name="env.CERTI_VERSION" value="4.0.0" />
    <property name="env.CERTI_HOST" value="localhost" />
    <property name="awt.toolkit" value="sun.awt.X11.XToolkit" />
    <property name="env.MY_RUBY_HOME" value="/home/travis/.rvm/rubies/ruby-2.5.3" />
    <property name="sun.cpu.isalist" value="" />
    <property name="env.TRAVIS_TMPDIR" value="/tmp/tmp.Uzrj7VASch" />
    <property name="java.vm.compressedOopsMode" value="Zero based" />
    <property name="os.version" value="4.15.0-1028-gcp" />
    <property name="user.home" value="/home/travis" />
    <property name="java.vm.vendor" value="Oracle Corporation" />
    <property name="env.TRAVIS_TAG" value="nightly" />
    <property name="env.ANSI_YELLOW" value="\033[33;1m" />
    <property name="env.TRAVIS_FILTERED" value="redirect_io" />
    <property name="env.ANSI_GREEN" value="\033[32;1m" />
    <property name="env.JAVA_HOME" value="/usr/local/lib/jvm/openjdk11" />
    <property name="javadoc.excludepackagenames" value="adm.cvs2svn.*,build.*,config.*,doc.coding.templates.*,jni.test.jni.meaningOfLife.*,jni.test.jni.testDeux.*,jni.test.jni.testTrois.*,org.terraswarm.accessor.accessors.web.node_modules.*,org.terraswarm.accessor.accessors.web.hosts.cordova.demo.*,org.terraswarm.accessor.accessors.web.hosts.cordova.plugins.*,org.terraswarm.accessor.accessors-svn.*,pt-modules.*,ptolemy.apps.agilent.*,ptolemy.apps.anytimecontrol.*,ptolemy.apps.apes.*,ptolemy.apps.charon.*,ptolemy.apps.crazyboard.*,ptolemy.apps.eclipse.*,ptolemy.apps.etherealSting.*,ptolemy.apps.fullscreen.*,ptolemy.apps.giotto.*,ptolemy.apps.ia.*,ptolemy.apps.interfaces.*,ptolemy.apps.jmf.*,ptolemy.apps.kurt.*,ptolemy.apps.kvm.*,ptolemy.apps.lego.*,ptolemy.apps.lejos.*,ptolemy.apps.midp.*,ptolemy.apps.mobileCoding.*,ptolemy.apps.pendulum.*,ptolemy.apps.rijndael.*,ptolemy.apps.robot.*,ptolemy.apps.security.*,ptolemy.apps.sobel.*,ptolemy.apps.soot.*,ptolemy.apps.throttle.*,ptolemy.apps.tini.*,ptolemy.apps.transmission.*,ptolemy.apps.vergil.*,ptolemy.apps.waba.*,ptolemy.apps.websensor.*,ptolemy.apps.webstart.*,ptolemy.apps.xsl.*,ptolemy.apps.zaurus.*,ptolemy.codegen.c.actor.lib.oldJavaFiles.*,ptolemy.codegen.dsp.lib.*,ptolemy.codegen.kernel.newInterfaces.*,ptolemy.codegen.lib.*,ptolemy.copernicus.kernel.fragment.*,ptolemy.copernicus.shallow.cg.*,ptolemy.domains.giotto.demo.Hierarchy.Hierarchy.*,ptolemy.domains.giotto.demo.Multimode.Multimode.*,ptolemy.domains.giotto.demo.Simple.Simple.*,ptolemy.domains.gr.lib.experimental.*,ptolemy.domains.gro.*,ptolemy.domains.pdf.*,ptolemy.domains.ptinyos.demo.Surge.output.*,ptolemy.moml.test.NoPackageActor.java*,ptolemy.plot.adm.*,ptolemy.plot.servlet.*,reports.*,signed.*,src.*,target.*,vendors.*,ptolemy.copernicus.applet.*,ptolemy.media.viewer.*,ptolemy.actor.corba.*,doc.doclets.*,ptolemy.apps.eclipse.awt.*,ptolemy.backtrack.*,ptolemy.backtrack.ast.*,ptolemy.cg.adapter.generic.program.procedural.c.mbed*,ptolemy.homer.*,ptolemy.actor.lib.jai.*,org.ptolemy.scala.*,diva.util.java2d.svg.*,ptolemy.domains.ptinyos.*,ptolemy.actor.lib.fmi.fmipp.*,,org.terraswarm.accessor.accessors.web.node_modules.*,org.terraswarm.accessor.accessors-svn,ptolemy.apps.*,ptolemy.actor.ptalon.demo.ptinyos.SendAndReceiveCnt.output,ptolemy.actor.ptalon.demo.ptinyos.SenseToLeds.output,ptolemy.domains.ptinyos.demo.CntToLedsAndRfm.output,ptolemy.domains.ptinyos.demo.RfmToLeds.output,ptolemy.domains.ptinyos.demo.SendAndReceiveCnt.output,ptolemy.domains.ptinyos.demo.SenseToLeds.output,ptolemy.actor.lib.jjs.modules.udpSocket.*" />
    <property name="env.PTII" value="/home/travis/build/icyphy/ptII" />
    <property name="env.XDG_SESSION_ID" value="2" />
    <property name="keystore" value="ptKeystore" />
    <property name="env.TRAVIS_COMMIT_MESSAGE" value="Updating models using array data type." />
    <property name="junit.output.dir" value="/home/travis/build/icyphy/ptII/reports/junit" />
    <property name="npm.return.code" value="0" />
    <property name="user.dir" value="/home/travis/build/icyphy/ptII/ptolemy/configs/test" />
    <property name="env.TRAVIS_NODE_VERSION" value="7" />
    <property name="env.TRAVIS_EVENT_TYPE" value="cron" />
    <property name="env.MAIL" value="/var/mail/travis" />
    <property name="env.PERLBREW_ROOT" value="/home/travis/perl5/perlbrew" />
    <property name="env.PWD" value="/home/travis/build/icyphy/ptII" />
    <property name="timeout.npm" value="45000" />
    <property name="env.TRAVIS_ARCH" value="amd64" />
    <property name="sun.cpu.endian" value="little" />
    <property name="env.PAGER" value="cat" />
    <property name="env.TRAVIS_BUILD_STAGE_NAME" value="test" />
    <property name="env.PERLBREW_HOME" value="/home/travis/.perlbrew" />
    <property name="java.vm.version" value="11.0.2+9" />
    <property name="env.RAILS_ENV" value="test" />
    <property name="java.class.path" value="/home/travis/build/icyphy/ptII:/home/travis/build/icyphy/ptII/lib/bsh-2.0b4.jar:/home/travis/build/icyphy/ptII/lib/ptCal.jar:/home/travis/build/icyphy/ptII/lib/java_cup.jar:/home/travis/build/icyphy/ptII/lib/saxon8.jar:/home/travis/build/icyphy/ptII/lib/saxon8-dom.jar:/home/travis/build/icyphy/ptII/lib/chic.jar:/home/travis/build/icyphy/ptII/lib/ptcolt.jar:/home/travis/build/icyphy/ptII/vendors/misc/itext/iText.jar:/home/travis/build/icyphy/ptII/lib/g4ltl.jar:/home/travis/build/icyphy/ptII/lib/StructuralCoder.jar:/home/travis/build/icyphy/ptII/lib/jcerti.jar:/home/travis/build/icyphy/ptII/lib/javax.mail.jar:/home/travis/build/icyphy/ptII/vendors/JMF-2.1.1e/lib/jmf.jar:/home/travis/build/icyphy/ptII/lib/jna-4.0.0-variadic.jar:/home/travis/build/icyphy/ptII/vendors/misc/joystick/Joystick.jar:/home/travis/build/icyphy/ptII/lib/ptjacl.jar:/home/travis/build/icyphy/ptII/lib/jsoup-1.8.2.jar:/home/travis/build/icyphy/ptII/lib/junit-4.8.2.jar:/home/travis/build/icyphy/ptII/lib/JUnitParams-0.4.0.jar:/home/travis/build/icyphy/ptII/ptolemy/actor/lib/excel/jxl.jar:/home/travis/build/icyphy/ptII/lib/jython.jar:/home/travis/build/icyphy/ptII/lib/kieler.jar:/home/travis/build/icyphy/ptII/vendors/opencv/share/OpenCV/java/opencv-341.jar:/home/travis/build/icyphy/ptII/lib/oscP5.jar:/home/travis/build/icyphy/ptII/lib/nrjavaserial-3.11.0.devel.jar:/home/travis/build/icyphy/ptII/vendors/j3d/lib/Linux/j3dcore.jar:/home/travis/build/icyphy/ptII/vendors/j3d/lib/Linux/j3dutils.jar:/home/travis/build/icyphy/ptII/vendors/j3d/lib/Linux/vecmath.jar:/home/travis/build/icyphy/ptII/vendors/jogl/lib/Linux/gluegen-rt-natives-linux-amd64.jar:/home/travis/build/icyphy/ptII/vendors/jogl/lib/Linux/gluegen-rt.jar:/home/travis/build/icyphy/ptII/vendors/jogl/lib/Linux/jogl-all-natives-linux-amd64.jar:/home/travis/build/icyphy/ptII/vendors/jogl/lib/Linux/jogl-all.jar:/home/travis/build/icyphy/ptII/ptolemy/distributed/jini/jar/jini-core.jar:/home/travis/build/icyphy/ptII/ptolemy/distributed/jini/jar/jini-ext.jar:/home/travis/build/icyphy/ptII/ptolemy/distributed/jini/jar/sun-util.jar:/home/travis/build/icyphy/ptII/lib/protobuf-java-2.4.1.jar:/home/travis/build/icyphy/ptII/lib/org.eclipse.paho.client.mqttv3.jar:/home/travis/build/icyphy/ptII/lib/mapss.jar:/home/travis/build/icyphy/ptII/ptolemy/actor/ptalon/antlr/antlr.jar:/home/travis/build/icyphy/ptII/lib/JRI.jar:/home/travis/build/icyphy/ptII/lib/commons-lang-2.6.jar:/home/travis/build/icyphy/ptII/lib/commons-logging-1.1.1.jar:/home/travis/build/icyphy/ptII/lib/sootclasses.jar:/home/travis/build/icyphy/ptII/ptolemy/actor/lib/database/mysql-connector-java-5.1.6-bin.jar:/home/travis/build/icyphy/ptII/vendors/misc/sphinx4/sphinx4-data-5prealpha.jar:/home/travis/build/icyphy/ptII/vendors/misc/sphinx4/sphinx4-core-5prealpha.jar:/home/travis/build/icyphy/ptII/lib/PDFRenderer.jar:/home/travis/build/icyphy/ptII/lib/svgSalamander.jar:/home/travis/build/icyphy/ptII/lib/rsyntaxtextarea-2.6.0-SNAPSHOT.jar:/home/travis/build/icyphy/ptII/lib/hazelcast-3.8.2.jar:/home/travis/build/icyphy/ptII/lib/jackson-annotations-2.9.0.jar:/home/travis/build/icyphy/ptII/lib/jackson-core-2.9.3.jar:/home/travis/build/icyphy/ptII/lib/jackson-databind-2.9.3.jar:/home/travis/build/icyphy/ptII/lib/netty-buffer-4.1.19.Final.jar:/home/travis/build/icyphy/ptII/lib/netty-codec-4.1.19.Final.jar:/home/travis/build/icyphy/ptII/lib/netty-codec-dns-4.1.19.Final.jar:/home/travis/build/icyphy/ptII/lib/netty-codec-http-4.1.19.Final.jar:/home/travis/build/icyphy/ptII/lib/netty-codec-http2-4.1.19.Final.jar:/home/travis/build/icyphy/ptII/lib/netty-common-4.1.19.Final.jar:/home/travis/build/icyphy/ptII/lib/netty-handler-4.1.19.Final.jar:/home/travis/build/icyphy/ptII/lib/netty-resolver-4.1.19.Final.jar:/home/travis/build/icyphy/ptII/lib/netty-resolver-dns-4.1.19.Final.jar:/home/travis/build/icyphy/ptII/lib/netty-transport-4.1.19.Final.jar:/home/travis/build/icyphy/ptII/lib/vertx-codegen-3.5.1.jar:/home/travis/build/icyphy/ptII/lib/vertx-core-3.5.2-SNAPSHOT.jar:/home/travis/build/icyphy/ptII/lib/vertx-hazelcast-3.5.1.jar:/home/travis/build/icyphy/ptII/lib/vertx-lang-js-3.5.1.jar:/home/travis/build/icyphy/ptII/lib/vertx-service-proxy-3.5.1.jar:/home/travis/build/icyphy/ptII/lib/vertx-web-3.5.1.jar:/home/travis/build/icyphy/ptII/lib/slf4j-api-1.7.13.jar:/home/travis/build/icyphy/ptII/lib/slf4j-simple-1.7.13.jar:/home/travis/build/icyphy/ptII/lib/webcam-capture-0.3.12.jar:/home/travis/build/icyphy/ptII/lib/bridj-0.7.0.jar:/home/travis/build/icyphy/ptII/lib/xbjlib-1.1.0.nrjavaserial.jar:/home/travis/build/icyphy/ptII/ptolemy/moml/test:/home/travis/build/icyphy/ptII/ant/lib/ant-launcher.jar:/home/travis/build/icyphy/ptII/ant/lib/ant.jar:/home/travis/build/icyphy/ptII/ant/lib/ant-junit.jar:/home/travis/build/icyphy/ptII/ant/lib/ant-junit4.jar" />
    <property name="ant.library.dir" value="/home/travis/build/icyphy/ptII/ant/lib" />
    <property name="os.arch" value="amd64" />
    <property name="env.CONTINUOUS_INTEGRATION" value="true" />
    <property name="env.TRAVIS_LANGUAGE" value="node_js" />
    <property name="env.TRAVIS_STACK_LANGUAGES" value="__sardonyx__ c c++ clojure cplusplus cpp default generic go groovy java node_js php pure_java python ruby scala" />
    <property name="test.name" value="ptolemy.actor.lib.test.junit.JUnitTclTest" />
    <property name="env.APT_KEY_DONT_WARN_ON_DANGEROUS_USAGE" value="1" />
    <property name="sun.java.launcher" value="SUN_STANDARD" />
    <property name="env.PYTHON_CONFIGURE_OPTS" value="--enable-unicode=ucs4 --with-wide-unicode --enable-shared --enable-ipv6 --enable-loadable-sqlite-extensions --with-computed-gotos" />
    <property name="ant.core.lib" value="/home/travis/build/icyphy/ptII/ant/lib/ant.jar" />
    <property name="java.vm.specification.vendor" value="Oracle Corporation" />
    <property name="env.BCVTB_HOME" value="/home/travis/build/icyphy/ptII/lbnl" />
    <property name="file.separator" value="/" />
    <property name="spotbugs.home" value="/home/travis/build/icyphy/ptII/vendors/spotbugs-3.1.1" />
    <property name="java.runtime.version" value="11.0.2+9" />
    <property name="env.ANSI_CLEAR" value="\033[0K" />
    <property name="javafx.verbose" value="true" />
    <property name="env.HAS_JOSH_K_SEAL_OF_APPROVAL" value="true" />
    <property name="env.XDG_RUNTIME_DIR" value="/run/user/2000" />
    <property name="env.TRAVIS_OSX_IMAGE" value="" />
    <property name="env.TRAVIS_JOB_ID" value="705812313" />
    <property name="env.TRAVIS_BRANCH" value="master" />
    <property name="user.country" value="US" />
    <property name="env.CERTI_HOME_TRAVIS" value="/home/travis/pthla/certi-tools" />
    <property name="env.SHELL" value="/bin/bash" />
    <property name="java.maxmemory.large" value="3200m" />
    <property name="model" value="" />
    <property name="env.PT_TRAVIS_TEST_CORE5_XML" value="true" />
    <property name="env.CASHER_DIR" value="/home/travis/.casher" />
    <property name="env.NVM_CD_FLAGS" value="" />
    <property name="java.vendor.version" value="18.9" />
    <property name="jshint.executable" value="/home/travis/node_modules/jshint/bin/jshint" />
    <property name="env.JRUBY_OPTS" value=" --client -J-XX:+TieredCompilation -J-XX:TieredStopAtLevel=1 -J-Xss2m -Xcompile.invokedynamic=false" />
    <property name="java.vendor" value="Oracle Corporation" />
    <property name="env.TRAVIS_PRE_CHEF_BOOTSTRAP_TIME" value="2019-03-25T16:16:42" />
    <property name="env.TRAVIS_STACK_JOB_BOARD_REGISTER" value="/.job-board-register.yml" />
    <property name="env.ANSI_RED" value="\033[31;1m" />
    <property name="java.specification.version" value="11" />
    <property name="env.IRBRC" value="/home/travis/.rvm/rubies/ruby-2.5.3/.irbrc" />
    <property name="env.TRAVIS" value="true" />
    <property name="sun.arch.data.model" value="64" />
  </properties>
  <testcase classname="ptolemy.util.test.junit.TclTests" name="[0] /home/travis/build/icyphy/ptII/ptolemy/configs/test/allConfigs.tcl (RunTclFile)" time="1006.346" />
  <testcase classname="ptolemy.util.test.junit.TclTests" name="[1] /home/travis/build/icyphy/ptII/ptolemy/configs/test/allDemos.tcl (RunTclFile)" time="0.001" />
  <testcase classname="ptolemy.util.test.junit.TclTests" name="[2] /home/travis/build/icyphy/ptII/ptolemy/configs/test/cloneTest.tcl (RunTclFile)" time="0.025" />
  <testcase classname="ptolemy.util.test.junit.TclTests" name="[3] /home/travis/build/icyphy/ptII/ptolemy/configs/test/configurationTools.tcl (RunTclFile)" time="0.017" />
  <testcase classname="ptolemy.util.test.junit.TclTests" name="[4] /home/travis/build/icyphy/ptII/ptolemy/configs/test/missingDemos.tcl (RunTclFile)" time="404.005">
    <failure message="Number of failed tests is has increased. expected:&lt;0&gt; but was:&lt;1&gt;" type="junit.framework.AssertionFailedError">junit.framework.AssertionFailedError: Number of failed tests is has increased. expected:&lt;0&gt; but was:&lt;1&gt;
	at ptolemy.util.test.junit.TclTests.RunTclFile(TclTests.java:286)
	at java.base/jdk.internal.reflect.NativeMethodAccessorImpl.invoke0(Native Method)
	at java.base/jdk.internal.reflect.NativeMethodAccessorImpl.invoke(NativeMethodAccessorImpl.java:62)
	at java.base/jdk.internal.reflect.DelegatingMethodAccessorImpl.invoke(DelegatingMethodAccessorImpl.java:43)
	at junitparams.internal.InvokeParameterisedMethod.evaluate(InvokeParameterisedMethod.java:102)
	at junitparams.internal.ParameterisedTestMethodRunner.runMethodInvoker(ParameterisedTestMethodRunner.java:47)
	at junitparams.internal.ParameterisedTestMethodRunner.runTestMethod(ParameterisedTestMethodRunner.java:41)
	at junitparams.internal.ParameterisedTestClassRunner.runParameterisedTest(ParameterisedTestClassRunner.java:143)
	at junitparams.JUnitParamsRunner.runChild(JUnitParamsRunner.java:237)
	at junitparams.JUnitParamsRunner.runChild(JUnitParamsRunner.java:215)
</failure>
  </testcase>
  <testcase classname="ptolemy.util.test.junit.TclTests" name="[5] /home/travis/build/icyphy/ptII/ptolemy/configs/test/validDemos.tcl (RunTclFile)" time="33.17">
    <failure message="Number of failed tests is has increased. expected:&lt;1&gt; but was:&lt;28&gt;" type="junit.framework.AssertionFailedError">junit.framework.AssertionFailedError: Number of failed tests is has increased. expected:&lt;1&gt; but was:&lt;28&gt;
	at ptolemy.util.test.junit.TclTests.RunTclFile(TclTests.java:286)
	at java.base/jdk.internal.reflect.NativeMethodAccessorImpl.invoke0(Native Method)
	at java.base/jdk.internal.reflect.NativeMethodAccessorImpl.invoke(NativeMethodAccessorImpl.java:62)
	at java.base/jdk.internal.reflect.DelegatingMethodAccessorImpl.invoke(DelegatingMethodAccessorImpl.java:43)
	at junitparams.internal.InvokeParameterisedMethod.evaluate(InvokeParameterisedMethod.java:102)
	at junitparams.internal.ParameterisedTestMethodRunner.runMethodInvoker(ParameterisedTestMethodRunner.java:47)
	at junitparams.internal.ParameterisedTestMethodRunner.runTestMethod(ParameterisedTestMethodRunner.java:41)
	at junitparams.internal.ParameterisedTestClassRunner.runParameterisedTest(ParameterisedTestClassRunner.java:143)
	at junitparams.JUnitParamsRunner.runChild(JUnitParamsRunner.java:237)
	at junitparams.JUnitParamsRunner.runChild(JUnitParamsRunner.java:215)
</failure>
  </testcase>
  <testcase classname="ptolemy.util.test.junit.AutoKnownFailedTests" name="[0] ThereAreNoKnowFailedTests (RunModel)" time="0.001" />
  <testcase classname="ptolemy.util.test.junit.AutoNameArchTests" name="[0] ThereAreNoAutoArchTests (RunModel)" time="0.001" />
  <testcase classname="ptolemy.util.test.junit.AutoTests" name="[0] ThereAreNoAutoTests (RunModel)" time="0.008" />
  <system-out><![CDATA[/home/travis/build/icyphy/ptII/ptolemy/configs/test/allConfigs.tcl
testDefs.tcl: setting time out to 9000 seconds at Tue Jul 07 15:12:50 UTC 2020
31 ms. Memory: 129024K Free: 103247K (80%)
Skipping jxta/configuration.xml, running vergil -jxta brings up a window
 Force everything to get expanded ptolemy/configs/full/configuration.xml
    (Skipping certain optional packages, jxta and viptos)
JSAccessor: PT_NO_NET environment variable is set, so git pull and ptdoc are not being run.
Retrieving library from file:/home/travis/build/icyphy/ptII/org/terraswarm/accessor/accessors/web/index.json
Retrieving library from file:/home/travis/build/icyphy/ptII/org/terraswarm/accessor/accessors/web/adapters/index.json
Retrieving library from file:/home/travis/build/icyphy/ptII/org/terraswarm/accessor/accessors/web/audio/index.json
Prism pipeline init order: es2 sw 
Using Double Precision Marlin Rasterizer
Using dirty region optimizations
Not using texture mask for primitives
Not forcing power of 2 sizes for textures
Using hardware CLAMP_TO_ZERO mode
Opting in for HiDPI pixel scaling
Prism pipeline name = com.sun.prism.es2.ES2Pipeline
Loading ES2 native library ... prism_es2
	succeeded.
GLFactory using com.sun.prism.es2.X11GLFactory
(X) Got class = class com.sun.prism.es2.ES2Pipeline
Prism pipeline name = com.sun.prism.sw.SWPipeline
(X) Got class = class com.sun.prism.sw.SWPipeline
Initialized prism pipeline: com.sun.prism.sw.SWPipeline
Retrieving library from file:/home/travis/build/icyphy/ptII/org/terraswarm/accessor/accessors/web/cameras/index.json
No physical cameras found, using WebcamDummyDriver.
Retrieving library from file:/home/travis/build/icyphy/ptII/org/terraswarm/accessor/accessors/web/dashboard/index.json
Retrieving library from file:/home/travis/build/icyphy/ptII/org/terraswarm/accessor/accessors/web/devices/index.json
Retrieving library from file:/home/travis/build/icyphy/ptII/org/terraswarm/accessor/accessors/web/image/index.json
CharacterRecognition: The tesseract module was not present.  The CharacterRecognition accessor is not supported on this accessor host. (Thread[main,5,main])
CharacterRecognition: The tesseract module was not present.  The CharacterRecognition accessor is not supported on this accessor host. (Thread[main,5,main])
Retrieving library from file:/home/travis/build/icyphy/ptII/org/terraswarm/accessor/accessors/web/net/index.json
Retrieving library from file:/home/travis/build/icyphy/ptII/org/terraswarm/accessor/accessors/web/robotics/index.json
Retrieving library from file:/home/travis/build/icyphy/ptII/org/terraswarm/accessor/accessors/web/geodesy/index.json
Retrieving library from file:/home/travis/build/icyphy/ptII/org/terraswarm/accessor/accessors/web/services/index.json
Retrieving library from file:/home/travis/build/icyphy/ptII/org/terraswarm/accessor/accessors/web/signals/index.json
Retrieving library from file:/home/travis/build/icyphy/ptII/org/terraswarm/accessor/accessors/web/test/index.json
Retrieving library from file:/home/travis/build/icyphy/ptII/org/terraswarm/accessor/accessors/web/utilities/index.json
The Mutable accessor original file has no documentation, so we are not running jsdoc on https://accessors.org/utilities/Mutable.js
HLA version is 1.3.
HLA version is 1.3.
-------> Before clone
HLA version is 1.3.
-------> after clone

Warning: In 'ptolemy.actor.lib.io.FileReader'
  The getName() method returns
   'fileOrURL' but the  field is named
   'fileOrURLPort'
   This is technically a violation  of the coding standard,
   but permissible because the name  ends in 'Port'
HLA version is 1.3.
Skipping StateSpaceModel as this test iterates through the attributes and calls attributeChanged, which triggers a ConcurrentModificationException.  See org/ptolemy/ssm/test/SSMTest.java
Skipping StateSpaceModel as this test iterates through the attributes and calls attributeChanged, which triggers a ConcurrentModificationException.  See org/ptolemy/ssm/test/SSMTest.java
Skipping StateSpaceModel as this test iterates through the attributes and calls attributeChanged, which triggers a ConcurrentModificationException.  See org/ptolemy/ssm/test/SSMTest.java
HLA version is 1.3.
HLA version is 1.3.
Skipping drop test of tm.kernel.SchedulePlotter because it must be dropped into a container that has a TMDirector
-------> Before clone
HLA version is 1.3.
-------> after clone
453058 ms. Memory: 2057216K Free: 786432K (38%)
The time is 15:20:23
Setting containers of atomic entities to null
454681 ms. Memory: 2057216K Free: 1357765K (66%)
 Force everything to get expanded ptolemy/configs/space/configuration.xml
    (Skipping certain optional packages, jxta and viptos)
-------> Before clone
-------> after clone
Warning: space/configuration.xml has no 'actor library.Directors'? (this is ok for dsp, viptos)
-------> Before clone
-------> after clone
454994 ms. Memory: 2057216K Free: 1292741K (63%)
The time is 15:20:25
Setting containers of atomic entities to null
456254 ms. Memory: 2057216K Free: 1364886K (66%)
 Force everything to get expanded ptolemy/configs/pn/configuration.xml
    (Skipping certain optional packages, jxta and viptos)
-------> Before clone
-------> after clone

Warning: In 'ptolemy.actor.lib.io.FileReader'
  The getName() method returns
   'fileOrURL' but the  field is named
   'fileOrURLPort'
   This is technically a violation  of the coding standard,
   but permissible because the name  ends in 'Port'
Warning: pn/configuration.xml has no 'actor library.Directors'? (this is ok for dsp, viptos)
-------> Before clone
-------> after clone
463001 ms. Memory: 2057216K Free: 1251595K (61%)
The time is 15:20:33
Setting containers of atomic entities to null
464304 ms. Memory: 2057216K Free: 1360976K (66%)
Skipping viptos/configuration.xml, PtinyOS is not typically installed.
 Force everything to get expanded ptolemy/configs/capecode/configuration.xml
    (Skipping certain optional packages, jxta and viptos)
Retrieving library from file:/home/travis/build/icyphy/ptII/org/terraswarm/accessor/accessors/web/index.json
Retrieving library from file:/home/travis/build/icyphy/ptII/org/terraswarm/accessor/accessors/web/adapters/index.json
Retrieving library from file:/home/travis/build/icyphy/ptII/org/terraswarm/accessor/accessors/web/audio/index.json
Retrieving library from file:/home/travis/build/icyphy/ptII/org/terraswarm/accessor/accessors/web/cameras/index.json
Retrieving library from file:/home/travis/build/icyphy/ptII/org/terraswarm/accessor/accessors/web/dashboard/index.json
Retrieving library from file:/home/travis/build/icyphy/ptII/org/terraswarm/accessor/accessors/web/devices/index.json
Retrieving library from file:/home/travis/build/icyphy/ptII/org/terraswarm/accessor/accessors/web/image/index.json
CharacterRecognition: The tesseract module was not present.  The CharacterRecognition accessor is not supported on this accessor host. (Thread[main,5,main])
CharacterRecognition: The tesseract module was not present.  The CharacterRecognition accessor is not supported on this accessor host. (Thread[main,5,main])
Retrieving library from file:/home/travis/build/icyphy/ptII/org/terraswarm/accessor/accessors/web/net/index.json
Retrieving library from file:/home/travis/build/icyphy/ptII/org/terraswarm/accessor/accessors/web/robotics/index.json
Retrieving library from file:/home/travis/build/icyphy/ptII/org/terraswarm/accessor/accessors/web/geodesy/index.json
Retrieving library from file:/home/travis/build/icyphy/ptII/org/terraswarm/accessor/accessors/web/services/index.json
Retrieving library from file:/home/travis/build/icyphy/ptII/org/terraswarm/accessor/accessors/web/signals/index.json
Retrieving library from file:/home/travis/build/icyphy/ptII/org/terraswarm/accessor/accessors/web/test/index.json
Retrieving library from file:/home/travis/build/icyphy/ptII/org/terraswarm/accessor/accessors/web/utilities/index.json
The Mutable accessor original file has no documentation, so we are not running jsdoc on https://accessors.org/utilities/Mutable.js
-------> Before clone
-------> after clone

Warning: In 'ptolemy.actor.lib.io.FileReader'
  The getName() method returns
   'fileOrURL' but the  field is named
   'fileOrURLPort'
   This is technically a violation  of the coding standard,
   but permissible because the name  ends in 'Port'
Skipping StateSpaceModel as this test iterates through the attributes and calls attributeChanged, which triggers a ConcurrentModificationException.  See org/ptolemy/ssm/test/SSMTest.java
Skipping StateSpaceModel as this test iterates through the attributes and calls attributeChanged, which triggers a ConcurrentModificationException.  See org/ptolemy/ssm/test/SSMTest.java
Skipping StateSpaceModel as this test iterates through the attributes and calls attributeChanged, which triggers a ConcurrentModificationException.  See org/ptolemy/ssm/test/SSMTest.java
Warning: capecode/configuration.xml has no 'actor library.Directors'? (this is ok for dsp, viptos)
-------> Before clone
-------> after clone
929902 ms. Memory: 2511872K Free: 245809K (10%)
The time is 15:28:20
Setting containers of atomic entities to null
932826 ms. Memory: 2511872K Free: 1205038K (48%)
 Force everything to get expanded ptolemy/configs/ptiny/configuration.xml
    (Skipping certain optional packages, jxta and viptos)
-------> Before clone
-------> after clone

Warning: In 'ptolemy.actor.lib.io.FileReader'
  The getName() method returns
   'fileOrURL' but the  field is named
   'fileOrURLPort'
   This is technically a violation  of the coding standard,
   but permissible because the name  ends in 'Port'
-------> Before clone
-------> after clone
941449 ms. Memory: 2511872K Free: 1067310K (42%)
The time is 15:28:31
Setting containers of atomic entities to null
943778 ms. Memory: 2511872K Free: 1218944K (49%)
 Force everything to get expanded ptolemy/configs/fullViewer/configuration.xml
    (Skipping certain optional packages, jxta and viptos)
-------> Before clone
-------> after clone
Warning: fullViewer/configuration.xml has no 'actor library'?  (this is ok for ptinyViewer)
-------> Before clone
-------> after clone
943884 ms. Memory: 2511872K Free: 1182078K (47%)
The time is 15:28:34
Setting containers of atomic entities to null
946153 ms. Memory: 2511872K Free: 1220412K (49%)
 Force everything to get expanded ptolemy/configs/ptinyKepler/configuration.xml
    (Skipping certain optional packages, jxta and viptos)
-------> Before clone
-------> after clone

Warning: In 'ptolemy.actor.lib.io.FileReader'
  The getName() method returns
   'fileOrURL' but the  field is named
   'fileOrURLPort'
   This is technically a violation  of the coding standard,
   but permissible because the name  ends in 'Port'
-------> Before clone
-------> after clone
953851 ms. Memory: 2511872K Free: 786075K (31%)
The time is 15:28:44
Setting containers of atomic entities to null
956209 ms. Memory: 2511872K Free: 1180543K (47%)
 Force everything to get expanded ptolemy/configs/cyphysim/configuration.xml
    (Skipping certain optional packages, jxta and viptos)
HLA version is 1.3.
HLA version is 1.3.
-------> Before clone
HLA version is 1.3.
-------> after clone

Warning: In 'ptolemy.actor.lib.io.FileReader'
  The getName() method returns
   'fileOrURL' but the  field is named
   'fileOrURLPort'
   This is technically a violation  of the coding standard,
   but permissible because the name  ends in 'Port'
HLA version is 1.3.
Skipping StateSpaceModel as this test iterates through the attributes and calls attributeChanged, which triggers a ConcurrentModificationException.  See org/ptolemy/ssm/test/SSMTest.java
Skipping StateSpaceModel as this test iterates through the attributes and calls attributeChanged, which triggers a ConcurrentModificationException.  See org/ptolemy/ssm/test/SSMTest.java
Skipping StateSpaceModel as this test iterates through the attributes and calls attributeChanged, which triggers a ConcurrentModificationException.  See org/ptolemy/ssm/test/SSMTest.java
HLA version is 1.3.
HLA version is 1.3.
Warning: cyphysim/configuration.xml has no 'actor library.Directors'? (this is ok for dsp, viptos)
-------> Before clone
HLA version is 1.3.
-------> after clone
965825 ms. Memory: 2511872K Free: 801149K (32%)
The time is 15:28:56
Setting containers of atomic entities to null
968250 ms. Memory: 2511872K Free: 1124013K (45%)
 Force everything to get expanded ptolemy/configs/bcvtb/configuration.xml
    (Skipping certain optional packages, jxta and viptos)
-------> Before clone
-------> after clone

Warning: In 'ptolemy.actor.lib.io.FileReader'
  The getName() method returns
   'fileOrURL' but the  field is named
   'fileOrURLPort'
   This is technically a violation  of the coding standard,
   but permissible because the name  ends in 'Port'
-------> Before clone
-------> after clone
971847 ms. Memory: 2511872K Free: 911019K (36%)
The time is 15:29:02
Setting containers of atomic entities to null
974262 ms. Memory: 2511872K Free: 1099027K (44%)
 Force everything to get expanded ptolemy/configs/visualsense/configuration.xml
    (Skipping certain optional packages, jxta and viptos)
-------> Before clone
-------> after clone

Warning: In 'ptolemy.actor.lib.io.FileReader'
  The getName() method returns
   'fileOrURL' but the  field is named
   'fileOrURLPort'
   This is technically a violation  of the coding standard,
   but permissible because the name  ends in 'Port'
-------> Before clone
-------> after clone
980007 ms. Memory: 2511872K Free: 576789K (23%)
The time is 15:29:10
Setting containers of atomic entities to null
982562 ms. Memory: 2511872K Free: 1058180K (42%)
 Force everything to get expanded ptolemy/configs/hyvisual/configuration.xml
    (Skipping certain optional packages, jxta and viptos)
-------> Before clone
-------> after clone
-------> Before clone
-------> after clone
985729 ms. Memory: 2754560K Free: 807300K (29%)
The time is 15:29:15
Setting containers of atomic entities to null
988207 ms. Memory: 2754560K Free: 1280205K (46%)
 Force everything to get expanded ptolemy/configs/ptinyViewer/configuration.xml
    (Skipping certain optional packages, jxta and viptos)
-------> Before clone
-------> after clone
Warning: ptinyViewer/configuration.xml has no 'actor library'?  (this is ok for ptinyViewer)
-------> Before clone
-------> after clone
988221 ms. Memory: 2754560K Free: 1275088K (46%)
The time is 15:29:18
Setting containers of atomic entities to null
990660 ms. Memory: 2754560K Free: 1282235K (47%)
 Force everything to get expanded ptolemy/configs/dsp/configuration.xml
    (Skipping certain optional packages, jxta and viptos)
-------> Before clone
-------> after clone

Warning: In 'ptolemy.actor.lib.io.FileReader'
  The getName() method returns
   'fileOrURL' but the  field is named
   'fileOrURLPort'
   This is technically a violation  of the coding standard,
   but permissible because the name  ends in 'Port'
Warning: dsp/configuration.xml has no 'actor library.Directors'? (this is ok for dsp, viptos)
-------> Before clone
-------> after clone
993220 ms. Memory: 2754560K Free: 783547K (28%)
The time is 15:29:23
Setting containers of atomic entities to null
995771 ms. Memory: 2754560K Free: 1262588K (46%)
 Force everything to get expanded ptolemy/configs/ptserver/configuration.xml
    (Skipping certain optional packages, jxta and viptos)
-------> Before clone
-------> after clone

Warning: In 'ptolemy.actor.lib.io.FileReader'
  The getName() method returns
   'fileOrURL' but the  field is named
   'fileOrURLPort'
   This is technically a violation  of the coding standard,
   but permissible because the name  ends in 'Port'
-------> Before clone
-------> after clone
1003521 ms. Memory: 2754560K Free: 655852K (24%)
The time is 15:29:33
Setting containers of atomic entities to null
1006184 ms. Memory: 2754560K Free: 1222604K (44%)
allConfigs.tcl done!
/home/travis/build/icyphy/ptII/ptolemy/configs/test/allDemos.tcl
Skipping allDemos-1.0, use cd /home/travis/build/icyphy/ptII/ptolemy/configs/test/../../..; ant test.single -Dtest.name=ptolemy.vergil.basic.export.test.junit.ExportModelJUnitTest
/home/travis/build/icyphy/ptII/ptolemy/configs/test/cloneTest.tcl
Simple standalone clone test
The constraints of the master:
  1. (TypeConstant, arrayType(double,2)) <= (variable .Top.Map.origin: arrayType(double))
  2. (TypeConstant, double) <= (variable .Top.Map.resolution: double)
  3. (TypeConstant, {grid = arrayType(int,2), height = int, width = int}) <= (variable .Top.Map.map: {grid = arrayType(int), height = int, width = int})
  4. (port .Top.Map.map: unknown) <= (variable .Top.Map.map: {grid = arrayType(int), height = int, width = int})
  5. (variable .Top.Map.map: {grid = arrayType(int), height = int, width = int}) <= (port .Top.Map.map: unknown)
The constraints of the clone:
  1. (TypeConstant, arrayType(double,2)) <= (variable .Top.Map.origin: arrayType(double))
  2. (TypeConstant, double) <= (variable .Top.Map.resolution: double)
  3. (TypeConstant, {grid = arrayType(int,2), height = int, width = int}) <= (variable .Top.Map.map: {grid = arrayType(int), height = int, width = int})
  4. (port .Top.Map.map: unknown) <= (variable .Top.Map.map: {grid = arrayType(int), height = int, width = int})
  5. (variable .Top.Map.map: {grid = arrayType(int), height = int, width = int}) <= (port .Top.Map.map: unknown)
Congrats, the constraints are the same.
/home/travis/build/icyphy/ptII/ptolemy/configs/test/configurationTools.tcl
/home/travis/build/icyphy/ptII/ptolemy/configs/test/missingDemos.tcl
Updating /home/travis/build/icyphy/ptII/ptolemy/configs/test/../../../ptolemy/configs/doc/models.txt.  This could take a minute.
Done updating /home/travis/build/icyphy/ptII/ptolemy/configs/test/../../../ptolemy/configs/doc/models.txt
Stderr for 'make -C ../doc missingDemos' was
--start--

--end--
Stderr for '/home/travis/build/icyphy/ptII/ptolemy/configs/test/../../../ptolemy/configs/test/missingDemos' was
--start--
org/hlacerti/demo/Fleet1516e/Fleet1516e.xml is not present
org/hlacerti/demo/Fleet1516e/Fleet1516e.xml is not present in completeDemos.htm.  Check for jar files in org/hlacerti/demo/Fleet1516e
--end--


==== $PTII/ptolemy/configs/test/missingDemos.tcl: missingDemos-2.0 Run the missingDemos script.
==== Contents of test case:

    jdkCaptureOutAndErr {
	# In the installer, missingDemos might not be executable.
	exec chmod a+x $PTII/ptolemy/configs/test/missingDemos
        exec $PTII/ptolemy/configs/test/missingDemos
    } out err
    puts "Stderr for '$PTII/ptolemy/configs/test/missingDemos' was\n--start--\n$err\n--end--"
    regsub -all {make: [^']*'} $err {} err2
    list $out $err2

==== Result was:
{} {org/hlacerti/demo/Fleet1516e/Fleet1516e.xml is not present
org/hlacerti/demo/Fleet1516e/Fleet1516e.xml is not present in completeDemos.htm.  Check for jar files in org/hlacerti/demo/Fleet1516e}
---- Result should have been:
{} {}
---- missingDemos-2.0 FAILED
/home/travis/build/icyphy/ptII/ptolemy/configs/test/validDemos.tcl
Validating the xml in /auto/ xml files after removing the configure blocks
................................................................................................................................................................................................................................................................................................................................................................................................................................................................................................................................................................................................................................................................................................................................................................................................................................................................................................................................................................................................................................................................................................................................................................................................................................................................................................................................................................................................................................................................................................................................................................................................................................................................................................................................................................................................................................................................................................................................................................................................................................................................................................................................................................................................................................................................................................................................................................................................................................................................................................................................................................................................................................................................................................................................................................................................................................................
 Error parsing line 2, uri file:///tmp/validDemos17445421021422991413.xml
   Document root element "objectModel", must match DOCTYPE root "null".
Could not parse /home/travis/build/icyphy/ptII/ptolemy/configs/test/../../../org/hlacerti/test/auto/FEDfiles/OneClassVehicle.xml, file /tmp/validDemos17445421021422991413.xml was
<?xml version="1.0"?>
<objectModel>
	<objects>
		<objectClass>
			<name>Vehicle</name>
			<attribute>
				<name>x</name>
				<dataType>HLAfloat64LE</dataType>
				<transportation>HLAreliable</transportation>
				<order>TimeStamp</order>
			</attribute>
			<attribute>
				<name>y</name>
				<dataType>HLAfloat64LE</dataType>
				<transportation>HLAreliable</transportation>
				<order>TimeStamp</order>
			</attribute>
            <attribute>
                <name>z</name>
                <dataType>HLAfloat64LE</dataType>
                <transportation>HLAreliable</transportation>
                <order>TimeStamp</order>
            </attribute>
		</objectClass>
		<objectClass>
			<name>Boule</name>
			<attribute>
				<name>Color</name>
				<dataType>HLAfloat64LE</dataType>
				<transportation>HLAreliable</transportation>
				<order>TimeStamp</order>
			</attribute>
		</objectClass>
	</objects>
	<interactions>
		<interactionClass>
			<name>Bing</name>
		    	<transportation>HLAreliable</transportation>
		    	<order>TimeStamp</order>
		    	<parameter>
		        	<name>BoulNum</name>
		        		<dataType>HLAfloat64LE</dataType>
		    		</parameter>
		    	<parameter>
		        	<name>DX</name>
		        	<dataType>HLAfloat64LE</dataType>
		    	</parameter>
			<parameter> 
				<name>DY</name>
				<dataType>HLAfloat64LE</dataType>
			</parameter>
		</interactionClass>
	    </interactions>
	<routingSpace>
        	<name>Geo</name>
        	<dimension>
            		<name>X</name>
        	</dimension>
        	<dimension>
            		<name>Y</name>
        	</dimension>
    	</routingSpace>
    		<synchronizations>
        	<synchronization label="Init" dataType="NA" capability="RegisterAchieve"/>
        	<synchronization label="Start" dataType="NA" capability="RegisterAchieve"/>
    	</synchronizations>
    	<transportations>
        	<transportation name="HLAreliable" description="Provide reliable delivery of data in the sense that TCP/IP delivers its data reliably"/>
        	<transportation name="HLAbestEffort" description="Make an effort to deliver data in the sense that UDP provides best-effort delivery"/>
    	</transportations>
	<dataTypes>
		<basicDataRepresentations>
			<basicData>
				<name>HLAinteger16BE</name>
				<size>16</size>
				<interpretation>Integer in the range [-2^15, 2^15 - 1]</interpretation>
				<endian>Big</endian>
				<encoding>16-bit two's complement signed integer. The most significant bit contains the sign.</encoding>
			</basicData>
			<basicData>
				<name>HLAinteger32BE</name>
				<size>32</size>
				<interpretation>Integer in the range [-2^31, 2^31 - 1]</interpretation>
				<endian>Big</endian>
				<encoding>32-bit two's complement signed integer. The most significant bit contains the sign.</encoding>
			</basicData>
			<basicData>
				<name>HLAinteger64BE</name>
				<size>64</size>
				<interpretation>Integer in the range [-2^63, 2^63 - 1]</interpretation>
				<endian>Big</endian>
				<encoding>64-bit two's complement signed integer first. The most significant bit contains the sign.
				</encoding>
			</basicData>
			<basicData>
				<name>HLAfloat32BE</name>
				<size>32</size>
				<interpretation>Single-precision floating point number</interpretation>
				<endian>Big</endian>
				<encoding>32-bit IEEE normalized single-precision format. See IEEE Std 754-1985</encoding>
			</basicData>
			<basicData>
				<name>HLAfloat64BE</name>
				<size>64</size>
				<interpretation>Double-precision floating point number</interpretation>
				<endian>Big</endian>
				<encoding>64-bit IEEE normalized double-precision format. See IEEE Std 754-1985</encoding>
			</basicData>
			<basicData>
				<name>HLAoctetPairBE</name>
				<size>16</size>
				<interpretation>16-bit value</interpretation>
				<endian>Big</endian>
				<encoding>Assumed to be portable among devices.</encoding>
			</basicData>
			<basicData>
				<name>HLAinteger16LE</name>
				<size>16</size>
				<interpretation>Integer in the range [-2^15, 2^15 - 1]</interpretation>
				<endian>Little</endian>
				<encoding>16-bit two's complement signed integer. The most significant bit contains the sign.</encoding>
			</basicData>
			<basicData>
				<name>HLAinteger32LE</name>
				<size>32</size>
				<interpretation>Integer in the range [-2^31, 2^31 - 1]</interpretation>
				<endian>Little</endian>
				<encoding>32-bit two's complement signed integer. The most significant bit contains the sign.</encoding>
			</basicData>
			<basicData>
				<name>HLAinteger64LE</name>
				<size>64</size>
				<interpretation>Integer in the range [-2^63, 2^63 - 1]</interpretation>
				<endian>Little</endian>
				<encoding>64-bit two's complement signed integer first. The most significant bit contains the sign.
				</encoding>
			</basicData>
			<basicData>
				<name>HLAfloat32LE</name>
				<size>32</size>
				<interpretation>Single-precision floating point number</interpretation>
				<endian>Little</endian>
				<encoding>32-bit IEEE normalized single-precision format. See IEEE Std 754-1985</encoding>
			</basicData>
			<basicData>
				<name>HLAfloat64LE</name>
				<size>64</size>
				<interpretation>Double-precision floating point number</interpretation>
				<endian>Little</endian>
				<encoding>64-bit IEEE normalized double-precision format. See IEEE Std 754-1985</encoding>
			</basicData>
			<basicData>
				<name>HLAoctetPairLE</name>
				<size>16</size>
				<interpretation>16-bit value</interpretation>
				<endian>Little</endian>
				<encoding>Assumed to be portable among hardware devices.</encoding>
			</basicData>
			<basicData>
				<name>HLAoctet</name>
				<size>8</size>
				<interpretation>8-bit value</interpretation>
				<endian>Big</endian>
				<encoding>Assumed to be portable among hardware devices.</encoding>
			</basicData>
		</basicDataRepresentations>
	</dataTypes>
</objectModel>




==== $PTII/ptolemy/configs/test/validDemos.tcl: validDemos-2736 Validating parse of /home/travis/build/icyphy/ptII/ptolemy/configs/test/../../../org/hlacerti/test/auto/FEDfiles/OneClassVehicle.xml after removing configure
==== Contents of test case:

	    set errMsg {}
	    if [catch {java::call ptolemy.configs.test.ValidatingXMLParser parse $filename} errMsg] {
		puts "Could not parse $modelPath, file $filename was"
		# Print out the contents of the failed file.
		# A common failure is a version control system conflict.
		set fp [open $filename r]
		puts [read $fp]
		close $fp
	    }

	    list $errMsg
	
==== Result was:
{org.xml.sax.SAXParseException; systemId: file:///tmp/validDemos17445421021422991413.xml; lineNumber: 2; columnNumber: 14; Document root element "objectModel", must match DOCTYPE root "null".}
---- Result should have been:
{}
---- validDemos-2736 FAILED
.
 Error parsing line 2, uri file:///tmp/validDemos17445421021422991413.xml
   Document root element "objectModel", must match DOCTYPE root "null".
Could not parse /home/travis/build/icyphy/ptII/ptolemy/configs/test/../../../org/hlacerti/test/auto/FEDfiles/Signal.xml, file /tmp/validDemos17445421021422991413.xml was
<?xml version="1.0"?>
<objectModel>
    <objects>
        <objectClass>
            <name>Signal</name>
            <attribute>
                <name>val</name>
                <dataType>HLAfloat64LE</dataType>
                <transportation>HLAreliable</transportation>
                <order>TimeStamp</order>
            </attribute>
        </objectClass>
    </objects>
    <dataTypes>
        <basicDataRepresentations>
            <basicData>
                <name>HLAinteger16BE</name>
                <size>16</size>
                <interpretation>Integer in the range [-2^15, 2^15 - 1]</interpretation>
                <endian>Big</endian>
                <encoding>16-bit two's complement signed integer. The most significant bit contains the sign.</encoding>
            </basicData>
            <basicData>
                <name>HLAinteger32BE</name>
                <size>32</size>
                <interpretation>Integer in the range [-2^31, 2^31 - 1]</interpretation>
                <endian>Big</endian>
                <encoding>32-bit two's complement signed integer. The most significant bit contains the sign.</encoding>
            </basicData>
            <basicData>
                <name>HLAinteger64BE</name>
                <size>64</size>
                <interpretation>Integer in the range [-2^63, 2^63 - 1]</interpretation>
                <endian>Big</endian>
                <encoding>64-bit two's complement signed integer first. The most significant bit contains the sign.
                </encoding>
            </basicData>
            <basicData>
                <name>HLAfloat32BE</name>
                <size>32</size>
                <interpretation>Single-precision floating point number</interpretation>
                <endian>Big</endian>
                <encoding>32-bit IEEE normalized single-precision format. See IEEE Std 754-1985</encoding>
            </basicData>
            <basicData>
                <name>HLAfloat64BE</name>
                <size>64</size>
                <interpretation>Double-precision floating point number</interpretation>
                <endian>Big</endian>
                <encoding>64-bit IEEE normalized double-precision format. See IEEE Std 754-1985</encoding>
            </basicData>
            <basicData>
                <name>HLAoctetPairBE</name>
                <size>16</size>
                <interpretation>16-bit value</interpretation>
                <endian>Big</endian>
                <encoding>Assumed to be portable among devices.</encoding>
            </basicData>
            <basicData>
                <name>HLAinteger16LE</name>
                <size>16</size>
                <interpretation>Integer in the range [-2^15, 2^15 - 1]</interpretation>
                <endian>Little</endian>
                <encoding>16-bit two's complement signed integer. The most significant bit contains the sign.</encoding>
            </basicData>
            <basicData>
                <name>HLAinteger32LE</name>
                <size>32</size>
                <interpretation>Integer in the range [-2^31, 2^31 - 1]</interpretation>
                <endian>Little</endian>
                <encoding>32-bit two's complement signed integer. The most significant bit contains the sign.</encoding>
            </basicData>
            <basicData>
                <name>HLAinteger64LE</name>
                <size>64</size>
                <interpretation>Integer in the range [-2^63, 2^63 - 1]</interpretation>
                <endian>Little</endian>
                <encoding>64-bit two's complement signed integer first. The most significant bit contains the sign.
                </encoding>
            </basicData>
            <basicData>
                <name>HLAfloat32LE</name>
                <size>32</size>
                <interpretation>Single-precision floating point number</interpretation>
                <endian>Little</endian>
                <encoding>32-bit IEEE normalized single-precision format. See IEEE Std 754-1985</encoding>
            </basicData>
            <basicData>
                <name>HLAfloat64LE</name>
                <size>64</size>
                <interpretation>Double-precision floating point number</interpretation>
                <endian>Little</endian>
                <encoding>64-bit IEEE normalized double-precision format. See IEEE Std 754-1985</encoding>
            </basicData>
            <basicData>
                <name>HLAoctetPairLE</name>
                <size>16</size>
                <interpretation>16-bit value</interpretation>
                <endian>Little</endian>
                <encoding>Assumed to be portable among hardware devices.</encoding>
            </basicData>
            <basicData>
                <name>HLAoctet</name>
                <size>8</size>
                <interpretation>8-bit value</interpretation>
                <endian>Big</endian>
                <encoding>Assumed to be portable among hardware devices.</encoding>
            </basicData>
        </basicDataRepresentations>
    </dataTypes>
</objectModel>



==== $PTII/ptolemy/configs/test/validDemos.tcl: validDemos-2737 Validating parse of /home/travis/build/icyphy/ptII/ptolemy/configs/test/../../../org/hlacerti/test/auto/FEDfiles/Signal.xml after removing configure
==== Contents of test case:

	    set errMsg {}
	    if [catch {java::call ptolemy.configs.test.ValidatingXMLParser parse $filename} errMsg] {
		puts "Could not parse $modelPath, file $filename was"
		# Print out the contents of the failed file.
		# A common failure is a version control system conflict.
		set fp [open $filename r]
		puts [read $fp]
		close $fp
	    }

	    list $errMsg
	
==== Result was:
{org.xml.sax.SAXParseException; systemId: file:///tmp/validDemos17445421021422991413.xml; lineNumber: 2; columnNumber: 14; Document root element "objectModel", must match DOCTYPE root "null".}
---- Result should have been:
{}
---- validDemos-2737 FAILED
.
 Error parsing line 2, uri file:///tmp/validDemos17445421021422991413.xml
   Document root element "objectModel", must match DOCTYPE root "null".
Could not parse /home/travis/build/icyphy/ptII/ptolemy/configs/test/../../../org/hlacerti/test/auto/FEDfiles/StaticMultiInstance12.xml, file /tmp/validDemos17445421021422991413.xml was
<?xml version="1.0"?>
<objectModel>
	<objects>
		<objectClass>
			<name>ValueTransfer</name>
			<attribute>
				<name>val1</name>
				<dataType>HLAfloat64LE</dataType>
				<transportation>HLAreliable</transportation>
				<order>TimeStamp</order>
			</attribute>
			<attribute>
				<name>val2</name>
				<dataType>HLAfloat64LE</dataType>
				<transportation>HLAreliable</transportation>
				<order>TimeStamp</order>
			</attribute>
		</objectClass>
		<objectClass>
			<name>AnotherValueTransfer</name>
			<attribute>
				<name>val3</name>
				<dataType>HLAfloat64LE</dataType>
				<transportation>HLAreliable</transportation>
				<order>TimeStamp</order>
			</attribute>
			<attribute>
				<name>val4</name>
				<dataType>HLAfloat64LE</dataType>
				<transportation>HLAreliable</transportation>
				<order>TimeStamp</order>
			</attribute>
		</objectClass>
	</objects>
	<dataTypes>
		<basicDataRepresentations>
			<basicData>
				<name>HLAinteger16BE</name>
				<size>16</size>
				<interpretation>Integer in the range [-2^15, 2^15 - 1]</interpretation>
				<endian>Big</endian>
				<encoding>16-bit two's complement signed integer. The most significant bit contains the sign.</encoding>
			</basicData>
			<basicData>
				<name>HLAinteger32BE</name>
				<size>32</size>
				<interpretation>Integer in the range [-2^31, 2^31 - 1]</interpretation>
				<endian>Big</endian>
				<encoding>32-bit two's complement signed integer. The most significant bit contains the sign.</encoding>
			</basicData>
			<basicData>
				<name>HLAinteger64BE</name>
				<size>64</size>
				<interpretation>Integer in the range [-2^63, 2^63 - 1]</interpretation>
				<endian>Big</endian>
				<encoding>64-bit two's complement signed integer first. The most significant bit contains the sign.
				</encoding>
			</basicData>
			<basicData>
				<name>HLAfloat32BE</name>
				<size>32</size>
				<interpretation>Single-precision floating point number</interpretation>
				<endian>Big</endian>
				<encoding>32-bit IEEE normalized single-precision format. See IEEE Std 754-1985</encoding>
			</basicData>
			<basicData>
				<name>HLAfloat64BE</name>
				<size>64</size>
				<interpretation>Double-precision floating point number</interpretation>
				<endian>Big</endian>
				<encoding>64-bit IEEE normalized double-precision format. See IEEE Std 754-1985</encoding>
			</basicData>
			<basicData>
				<name>HLAoctetPairBE</name>
				<size>16</size>
				<interpretation>16-bit value</interpretation>
				<endian>Big</endian>
				<encoding>Assumed to be portable among devices.</encoding>
			</basicData>
			<basicData>
				<name>HLAinteger16LE</name>
				<size>16</size>
				<interpretation>Integer in the range [-2^15, 2^15 - 1]</interpretation>
				<endian>Little</endian>
				<encoding>16-bit two's complement signed integer. The most significant bit contains the sign.</encoding>
			</basicData>
			<basicData>
				<name>HLAinteger32LE</name>
				<size>32</size>
				<interpretation>Integer in the range [-2^31, 2^31 - 1]</interpretation>
				<endian>Little</endian>
				<encoding>32-bit two's complement signed integer. The most significant bit contains the sign.</encoding>
			</basicData>
			<basicData>
				<name>HLAinteger64LE</name>
				<size>64</size>
				<interpretation>Integer in the range [-2^63, 2^63 - 1]</interpretation>
				<endian>Little</endian>
				<encoding>64-bit two's complement signed integer first. The most significant bit contains the sign.
				</encoding>
			</basicData>
			<basicData>
				<name>HLAfloat32LE</name>
				<size>32</size>
				<interpretation>Single-precision floating point number</interpretation>
				<endian>Little</endian>
				<encoding>32-bit IEEE normalized single-precision format. See IEEE Std 754-1985</encoding>
			</basicData>
			<basicData>
				<name>HLAfloat64LE</name>
				<size>64</size>
				<interpretation>Double-precision floating point number</interpretation>
				<endian>Little</endian>
				<encoding>64-bit IEEE normalized double-precision format. See IEEE Std 754-1985</encoding>
			</basicData>
			<basicData>
				<name>HLAoctetPairLE</name>
				<size>16</size>
				<interpretation>16-bit value</interpretation>
				<endian>Little</endian>
				<encoding>Assumed to be portable among hardware devices.</encoding>
			</basicData>
			<basicData>
				<name>HLAoctet</name>
				<size>8</size>
				<interpretation>8-bit value</interpretation>
				<endian>Big</endian>
				<encoding>Assumed to be portable among hardware devices.</encoding>
			</basicData>
		</basicDataRepresentations>
	</dataTypes>
</objectModel>



==== $PTII/ptolemy/configs/test/validDemos.tcl: validDemos-2738 Validating parse of /home/travis/build/icyphy/ptII/ptolemy/configs/test/../../../org/hlacerti/test/auto/FEDfiles/StaticMultiInstance12.xml after removing configure
==== Contents of test case:

	    set errMsg {}
	    if [catch {java::call ptolemy.configs.test.ValidatingXMLParser parse $filename} errMsg] {
		puts "Could not parse $modelPath, file $filename was"
		# Print out the contents of the failed file.
		# A common failure is a version control system conflict.
		set fp [open $filename r]
		puts [read $fp]
		close $fp
	    }

	    list $errMsg
	
==== Result was:
{org.xml.sax.SAXParseException; systemId: file:///tmp/validDemos17445421021422991413.xml; lineNumber: 2; columnNumber: 14; Document root element "objectModel", must match DOCTYPE root "null".}
---- Result should have been:
{}
---- validDemos-2738 FAILED
.
 Error parsing line 2, uri file:///tmp/validDemos17445421021422991413.xml
   Document root element "objectModel", must match DOCTYPE root "null".
Could not parse /home/travis/build/icyphy/ptII/ptolemy/configs/test/../../../org/hlacerti/test/auto/FEDfiles/Test1516e.xml, file /tmp/validDemos17445421021422991413.xml was
<?xml version="1.0"?>
<objectModel>
	<objects>
		<objectClass>
			<name>Bille</name>
			<attribute>
				<name>PositionX</name>
				<dataType>HLAfloat64LE</dataType>
				<transportation>HLAreliable</transportation>
				<order>TimeStamp</order>
			</attribute>
			<attribute>
				<name>PositionY</name>
				<dataType>HLAfloat64LE</dataType>
				<transportation>HLAreliable</transportation>
				<order>TimeStamp</order>
			</attribute>
		</objectClass>
		<objectClass>
			<name>Boule</name>
			<attribute>
				<name>Color</name>
				<dataType>HLAfloat64LE</dataType>
				<transportation>HLAreliable</transportation>
				<order>TimeStamp</order>
			</attribute>
		</objectClass>
	</objects>
	<interactions>
		<interactionClass>
			<name>Bing</name>
		    	<transportation>HLAreliable</transportation>
		    	<order>TimeStamp</order>
		    	<parameter>
		        	<name>BoulNum</name>
		        		<dataType>HLAfloat64LE</dataType>
		    		</parameter>
		    	<parameter>
		        	<name>DX</name>
		        	<dataType>HLAfloat64LE</dataType>
		    	</parameter>
			<parameter> 
				<name>DY</name>
				<dataType>HLAfloat64LE</dataType>
			</parameter>
		</interactionClass>
	    </interactions>
	<routingSpace>
        	<name>Geo</name>
        	<dimension>
            		<name>X</name>
        	</dimension>
        	<dimension>
            		<name>Y</name>
        	</dimension>
    	</routingSpace>
    		<synchronizations>
        	<synchronization label="Init" dataType="NA" capability="RegisterAchieve"/>
        	<synchronization label="Start" dataType="NA" capability="RegisterAchieve"/>
    	</synchronizations>
    	<transportations>
        	<transportation name="HLAreliable" description="Provide reliable delivery of data in the sense that TCP/IP delivers its data reliably"/>
        	<transportation name="HLAbestEffort" description="Make an effort to deliver data in the sense that UDP provides best-effort delivery"/>
    	</transportations>
	<dataTypes>
		<basicDataRepresentations>
			<basicData>
				<name>HLAinteger16BE</name>
				<size>16</size>
				<interpretation>Integer in the range [-2^15, 2^15 - 1]</interpretation>
				<endian>Big</endian>
				<encoding>16-bit two's complement signed integer. The most significant bit contains the sign.</encoding>
			</basicData>
			<basicData>
				<name>HLAinteger32BE</name>
				<size>32</size>
				<interpretation>Integer in the range [-2^31, 2^31 - 1]</interpretation>
				<endian>Big</endian>
				<encoding>32-bit two's complement signed integer. The most significant bit contains the sign.</encoding>
			</basicData>
			<basicData>
				<name>HLAinteger64BE</name>
				<size>64</size>
				<interpretation>Integer in the range [-2^63, 2^63 - 1]</interpretation>
				<endian>Big</endian>
				<encoding>64-bit two's complement signed integer first. The most significant bit contains the sign.
				</encoding>
			</basicData>
			<basicData>
				<name>HLAfloat32BE</name>
				<size>32</size>
				<interpretation>Single-precision floating point number</interpretation>
				<endian>Big</endian>
				<encoding>32-bit IEEE normalized single-precision format. See IEEE Std 754-1985</encoding>
			</basicData>
			<basicData>
				<name>HLAfloat64BE</name>
				<size>64</size>
				<interpretation>Double-precision floating point number</interpretation>
				<endian>Big</endian>
				<encoding>64-bit IEEE normalized double-precision format. See IEEE Std 754-1985</encoding>
			</basicData>
			<basicData>
				<name>HLAoctetPairBE</name>
				<size>16</size>
				<interpretation>16-bit value</interpretation>
				<endian>Big</endian>
				<encoding>Assumed to be portable among devices.</encoding>
			</basicData>
			<basicData>
				<name>HLAinteger16LE</name>
				<size>16</size>
				<interpretation>Integer in the range [-2^15, 2^15 - 1]</interpretation>
				<endian>Little</endian>
				<encoding>16-bit two's complement signed integer. The most significant bit contains the sign.</encoding>
			</basicData>
			<basicData>
				<name>HLAinteger32LE</name>
				<size>32</size>
				<interpretation>Integer in the range [-2^31, 2^31 - 1]</interpretation>
				<endian>Little</endian>
				<encoding>32-bit two's complement signed integer. The most significant bit contains the sign.</encoding>
			</basicData>
			<basicData>
				<name>HLAinteger64LE</name>
				<size>64</size>
				<interpretation>Integer in the range [-2^63, 2^63 - 1]</interpretation>
				<endian>Little</endian>
				<encoding>64-bit two's complement signed integer first. The most significant bit contains the sign.
				</encoding>
			</basicData>
			<basicData>
				<name>HLAfloat32LE</name>
				<size>32</size>
				<interpretation>Single-precision floating point number</interpretation>
				<endian>Little</endian>
				<encoding>32-bit IEEE normalized single-precision format. See IEEE Std 754-1985</encoding>
			</basicData>
			<basicData>
				<name>HLAfloat64LE</name>
				<size>64</size>
				<interpretation>Double-precision floating point number</interpretation>
				<endian>Little</endian>
				<encoding>64-bit IEEE normalized double-precision format. See IEEE Std 754-1985</encoding>
			</basicData>
			<basicData>
				<name>HLAoctetPairLE</name>
				<size>16</size>
				<interpretation>16-bit value</interpretation>
				<endian>Little</endian>
				<encoding>Assumed to be portable among hardware devices.</encoding>
			</basicData>
			<basicData>
				<name>HLAoctet</name>
				<size>8</size>
				<interpretation>8-bit value</interpretation>
				<endian>Big</endian>
				<encoding>Assumed to be portable among hardware devices.</encoding>
			</basicData>
		</basicDataRepresentations>
	</dataTypes>
</objectModel>




==== $PTII/ptolemy/configs/test/validDemos.tcl: validDemos-2739 Validating parse of /home/travis/build/icyphy/ptII/ptolemy/configs/test/../../../org/hlacerti/test/auto/FEDfiles/Test1516e.xml after removing configure
==== Contents of test case:

	    set errMsg {}
	    if [catch {java::call ptolemy.configs.test.ValidatingXMLParser parse $filename} errMsg] {
		puts "Could not parse $modelPath, file $filename was"
		# Print out the contents of the failed file.
		# A common failure is a version control system conflict.
		set fp [open $filename r]
		puts [read $fp]
		close $fp
	    }

	    list $errMsg
	
==== Result was:
{org.xml.sax.SAXParseException; systemId: file:///tmp/validDemos17445421021422991413.xml; lineNumber: 2; columnNumber: 14; Document root element "objectModel", must match DOCTYPE root "null".}
---- Result should have been:
{}
---- validDemos-2739 FAILED
.
 Error parsing line 2, uri file:///tmp/validDemos17445421021422991413.xml
   Document root element "objectModel", must match DOCTYPE root "null".
Could not parse /home/travis/build/icyphy/ptII/ptolemy/configs/test/../../../org/hlacerti/test/auto/FEDfiles/1PublisherBadClassName.xml, file /tmp/validDemos17445421021422991413.xml was
<?xml version="1.0"?>
<objectModel>
	<objects>
		<objectClass>
			<name>ValueTransfer</name>
			<attribute>
				<name>val1</name>
				<dataType>HLAfloat64LE</dataType>
				<transportation>HLAreliable</transportation>
				<order>TimeStamp</order>
			</attribute>
		</objectClass>
	</objects>
	<dataTypes>
		<basicDataRepresentations>
			<basicData>
				<name>HLAinteger16BE</name>
				<size>16</size>
				<interpretation>Integer in the range [-2^15, 2^15 - 1]</interpretation>
				<endian>Big</endian>
				<encoding>16-bit two's complement signed integer. The most significant bit contains the sign.</encoding>
			</basicData>
			<basicData>
				<name>HLAinteger32BE</name>
				<size>32</size>
				<interpretation>Integer in the range [-2^31, 2^31 - 1]</interpretation>
				<endian>Big</endian>
				<encoding>32-bit two's complement signed integer. The most significant bit contains the sign.</encoding>
			</basicData>
			<basicData>
				<name>HLAinteger64BE</name>
				<size>64</size>
				<interpretation>Integer in the range [-2^63, 2^63 - 1]</interpretation>
				<endian>Big</endian>
				<encoding>64-bit two's complement signed integer first. The most significant bit contains the sign.
				</encoding>
			</basicData>
			<basicData>
				<name>HLAfloat32BE</name>
				<size>32</size>
				<interpretation>Single-precision floating point number</interpretation>
				<endian>Big</endian>
				<encoding>32-bit IEEE normalized single-precision format. See IEEE Std 754-1985</encoding>
			</basicData>
			<basicData>
				<name>HLAfloat64BE</name>
				<size>64</size>
				<interpretation>Double-precision floating point number</interpretation>
				<endian>Big</endian>
				<encoding>64-bit IEEE normalized double-precision format. See IEEE Std 754-1985</encoding>
			</basicData>
			<basicData>
				<name>HLAoctetPairBE</name>
				<size>16</size>
				<interpretation>16-bit value</interpretation>
				<endian>Big</endian>
				<encoding>Assumed to be portable among devices.</encoding>
			</basicData>
			<basicData>
				<name>HLAinteger16LE</name>
				<size>16</size>
				<interpretation>Integer in the range [-2^15, 2^15 - 1]</interpretation>
				<endian>Little</endian>
				<encoding>16-bit two's complement signed integer. The most significant bit contains the sign.</encoding>
			</basicData>
			<basicData>
				<name>HLAinteger32LE</name>
				<size>32</size>
				<interpretation>Integer in the range [-2^31, 2^31 - 1]</interpretation>
				<endian>Little</endian>
				<encoding>32-bit two's complement signed integer. The most significant bit contains the sign.</encoding>
			</basicData>
			<basicData>
				<name>HLAinteger64LE</name>
				<size>64</size>
				<interpretation>Integer in the range [-2^63, 2^63 - 1]</interpretation>
				<endian>Little</endian>
				<encoding>64-bit two's complement signed integer first. The most significant bit contains the sign.
				</encoding>
			</basicData>
			<basicData>
				<name>HLAfloat32LE</name>
				<size>32</size>
				<interpretation>Single-precision floating point number</interpretation>
				<endian>Little</endian>
				<encoding>32-bit IEEE normalized single-precision format. See IEEE Std 754-1985</encoding>
			</basicData>
			<basicData>
				<name>HLAfloat64LE</name>
				<size>64</size>
				<interpretation>Double-precision floating point number</interpretation>
				<endian>Little</endian>
				<encoding>64-bit IEEE normalized double-precision format. See IEEE Std 754-1985</encoding>
			</basicData>
			<basicData>
				<name>HLAoctetPairLE</name>
				<size>16</size>
				<interpretation>16-bit value</interpretation>
				<endian>Little</endian>
				<encoding>Assumed to be portable among hardware devices.</encoding>
			</basicData>
			<basicData>
				<name>HLAoctet</name>
				<size>8</size>
				<interpretation>8-bit value</interpretation>
				<endian>Big</endian>
				<encoding>Assumed to be portable among hardware devices.</encoding>
			</basicData>
		</basicDataRepresentations>
	</dataTypes>
</objectModel>



==== $PTII/ptolemy/configs/test/validDemos.tcl: validDemos-2740 Validating parse of /home/travis/build/icyphy/ptII/ptolemy/configs/test/../../../org/hlacerti/test/auto/FEDfiles/1PublisherBadClassName.xml after removing configure
==== Contents of test case:

	    set errMsg {}
	    if [catch {java::call ptolemy.configs.test.ValidatingXMLParser parse $filename} errMsg] {
		puts "Could not parse $modelPath, file $filename was"
		# Print out the contents of the failed file.
		# A common failure is a version control system conflict.
		set fp [open $filename r]
		puts [read $fp]
		close $fp
	    }

	    list $errMsg
	
==== Result was:
{org.xml.sax.SAXParseException; systemId: file:///tmp/validDemos17445421021422991413.xml; lineNumber: 2; columnNumber: 14; Document root element "objectModel", must match DOCTYPE root "null".}
---- Result should have been:
{}
---- validDemos-2740 FAILED
.
 Error parsing line 2, uri file:///tmp/validDemos17445421021422991413.xml
   Document root element "objectModel", must match DOCTYPE root "null".
Could not parse /home/travis/build/icyphy/ptII/ptolemy/configs/test/../../../org/hlacerti/test/auto/FEDfiles/StaticMultiInstance1516e.xml, file /tmp/validDemos17445421021422991413.xml was
<?xml version="1.0"?>
<objectModel>
	<objects>
		<objectClass>
			<name>ValueTransfer</name>
			<attribute>
				<name>val1</name>
				<dataType>HLAfloat64LE</dataType>
				<transportation>HLAreliable</transportation>
				<order>TimeStamp</order>
			</attribute>
			<attribute>
				<name>val2</name>
				<dataType>HLAfloat64LE</dataType>
				<transportation>HLAreliable</transportation>
				<order>TimeStamp</order>
			</attribute>
		</objectClass>
		<objectClass>
			<name>AnotherValueTransfer</name>
			<attribute>
				<name>val3</name>
				<dataType>HLAfloat64LE</dataType>
				<transportation>HLAreliable</transportation>
				<order>TimeStamp</order>
			</attribute>
			<attribute>
				<name>val4</name>
				<dataType>HLAfloat64LE</dataType>
				<transportation>HLAreliable</transportation>
				<order>TimeStamp</order>
			</attribute>
		</objectClass>
	</objects>
	<dataTypes>
		<basicDataRepresentations>
			<basicData>
				<name>HLAinteger16BE</name>
				<size>16</size>
				<interpretation>Integer in the range [-2^15, 2^15 - 1]</interpretation>
				<endian>Big</endian>
				<encoding>16-bit two's complement signed integer. The most significant bit contains the sign.</encoding>
			</basicData>
			<basicData>
				<name>HLAinteger32BE</name>
				<size>32</size>
				<interpretation>Integer in the range [-2^31, 2^31 - 1]</interpretation>
				<endian>Big</endian>
				<encoding>32-bit two's complement signed integer. The most significant bit contains the sign.</encoding>
			</basicData>
			<basicData>
				<name>HLAinteger64BE</name>
				<size>64</size>
				<interpretation>Integer in the range [-2^63, 2^63 - 1]</interpretation>
				<endian>Big</endian>
				<encoding>64-bit two's complement signed integer first. The most significant bit contains the sign.
				</encoding>
			</basicData>
			<basicData>
				<name>HLAfloat32BE</name>
				<size>32</size>
				<interpretation>Single-precision floating point number</interpretation>
				<endian>Big</endian>
				<encoding>32-bit IEEE normalized single-precision format. See IEEE Std 754-1985</encoding>
			</basicData>
			<basicData>
				<name>HLAfloat64BE</name>
				<size>64</size>
				<interpretation>Double-precision floating point number</interpretation>
				<endian>Big</endian>
				<encoding>64-bit IEEE normalized double-precision format. See IEEE Std 754-1985</encoding>
			</basicData>
			<basicData>
				<name>HLAoctetPairBE</name>
				<size>16</size>
				<interpretation>16-bit value</interpretation>
				<endian>Big</endian>
				<encoding>Assumed to be portable among devices.</encoding>
			</basicData>
			<basicData>
				<name>HLAinteger16LE</name>
				<size>16</size>
				<interpretation>Integer in the range [-2^15, 2^15 - 1]</interpretation>
				<endian>Little</endian>
				<encoding>16-bit two's complement signed integer. The most significant bit contains the sign.</encoding>
			</basicData>
			<basicData>
				<name>HLAinteger32LE</name>
				<size>32</size>
				<interpretation>Integer in the range [-2^31, 2^31 - 1]</interpretation>
				<endian>Little</endian>
				<encoding>32-bit two's complement signed integer. The most significant bit contains the sign.</encoding>
			</basicData>
			<basicData>
				<name>HLAinteger64LE</name>
				<size>64</size>
				<interpretation>Integer in the range [-2^63, 2^63 - 1]</interpretation>
				<endian>Little</endian>
				<encoding>64-bit two's complement signed integer first. The most significant bit contains the sign.
				</encoding>
			</basicData>
			<basicData>
				<name>HLAfloat32LE</name>
				<size>32</size>
				<interpretation>Single-precision floating point number</interpretation>
				<endian>Little</endian>
				<encoding>32-bit IEEE normalized single-precision format. See IEEE Std 754-1985</encoding>
			</basicData>
			<basicData>
				<name>HLAfloat64LE</name>
				<size>64</size>
				<interpretation>Double-precision floating point number</interpretation>
				<endian>Little</endian>
				<encoding>64-bit IEEE normalized double-precision format. See IEEE Std 754-1985</encoding>
			</basicData>
			<basicData>
				<name>HLAoctetPairLE</name>
				<size>16</size>
				<interpretation>16-bit value</interpretation>
				<endian>Little</endian>
				<encoding>Assumed to be portable among hardware devices.</encoding>
			</basicData>
			<basicData>
				<name>HLAoctet</name>
				<size>8</size>
				<interpretation>8-bit value</interpretation>
				<endian>Big</endian>
				<encoding>Assumed to be portable among hardware devices.</encoding>
			</basicData>
		</basicDataRepresentations>
	</dataTypes>
</objectModel>



==== $PTII/ptolemy/configs/test/validDemos.tcl: validDemos-2741 Validating parse of /home/travis/build/icyphy/ptII/ptolemy/configs/test/../../../org/hlacerti/test/auto/FEDfiles/StaticMultiInstance1516e.xml after removing configure
==== Contents of test case:

	    set errMsg {}
	    if [catch {java::call ptolemy.configs.test.ValidatingXMLParser parse $filename} errMsg] {
		puts "Could not parse $modelPath, file $filename was"
		# Print out the contents of the failed file.
		# A common failure is a version control system conflict.
		set fp [open $filename r]
		puts [read $fp]
		close $fp
	    }

	    list $errMsg
	
==== Result was:
{org.xml.sax.SAXParseException; systemId: file:///tmp/validDemos17445421021422991413.xml; lineNumber: 2; columnNumber: 14; Document root element "objectModel", must match DOCTYPE root "null".}
---- Result should have been:
{}
---- validDemos-2741 FAILED
.
 Error parsing line 2, uri file:///tmp/validDemos17445421021422991413.xml
   Document root element "objectModel", must match DOCTYPE root "null".
Could not parse /home/travis/build/icyphy/ptII/ptolemy/configs/test/../../../org/hlacerti/test/auto/FEDfiles/StaticMultiInstance21.xml, file /tmp/validDemos17445421021422991413.xml was
<?xml version="1.0"?>
<objectModel>
	<objects>
		<objectClass>
			<name>ValueTransfer</name>
			<attribute>
				<name>val1</name>
				<dataType>HLAfloat64LE</dataType>
				<transportation>HLAreliable</transportation>
				<order>TimeStamp</order>
			</attribute>
			<attribute>
				<name>val2</name>
				<dataType>HLAfloat64LE</dataType>
				<transportation>HLAreliable</transportation>
				<order>TimeStamp</order>
			</attribute>
		</objectClass>
		<objectClass>
			<name>AnotherValueTransfer</name>
			<attribute>
				<name>val3</name>
				<dataType>HLAfloat64LE</dataType>
				<transportation>HLAreliable</transportation>
				<order>TimeStamp</order>
			</attribute>
			<attribute>
				<name>val4</name>
				<dataType>HLAfloat64LE</dataType>
				<transportation>HLAreliable</transportation>
				<order>TimeStamp</order>
			</attribute>
		</objectClass>
	</objects>
	<dataTypes>
		<basicDataRepresentations>
			<basicData>
				<name>HLAinteger16BE</name>
				<size>16</size>
				<interpretation>Integer in the range [-2^15, 2^15 - 1]</interpretation>
				<endian>Big</endian>
				<encoding>16-bit two's complement signed integer. The most significant bit contains the sign.</encoding>
			</basicData>
			<basicData>
				<name>HLAinteger32BE</name>
				<size>32</size>
				<interpretation>Integer in the range [-2^31, 2^31 - 1]</interpretation>
				<endian>Big</endian>
				<encoding>32-bit two's complement signed integer. The most significant bit contains the sign.</encoding>
			</basicData>
			<basicData>
				<name>HLAinteger64BE</name>
				<size>64</size>
				<interpretation>Integer in the range [-2^63, 2^63 - 1]</interpretation>
				<endian>Big</endian>
				<encoding>64-bit two's complement signed integer first. The most significant bit contains the sign.
				</encoding>
			</basicData>
			<basicData>
				<name>HLAfloat32BE</name>
				<size>32</size>
				<interpretation>Single-precision floating point number</interpretation>
				<endian>Big</endian>
				<encoding>32-bit IEEE normalized single-precision format. See IEEE Std 754-1985</encoding>
			</basicData>
			<basicData>
				<name>HLAfloat64BE</name>
				<size>64</size>
				<interpretation>Double-precision floating point number</interpretation>
				<endian>Big</endian>
				<encoding>64-bit IEEE normalized double-precision format. See IEEE Std 754-1985</encoding>
			</basicData>
			<basicData>
				<name>HLAoctetPairBE</name>
				<size>16</size>
				<interpretation>16-bit value</interpretation>
				<endian>Big</endian>
				<encoding>Assumed to be portable among devices.</encoding>
			</basicData>
			<basicData>
				<name>HLAinteger16LE</name>
				<size>16</size>
				<interpretation>Integer in the range [-2^15, 2^15 - 1]</interpretation>
				<endian>Little</endian>
				<encoding>16-bit two's complement signed integer. The most significant bit contains the sign.</encoding>
			</basicData>
			<basicData>
				<name>HLAinteger32LE</name>
				<size>32</size>
				<interpretation>Integer in the range [-2^31, 2^31 - 1]</interpretation>
				<endian>Little</endian>
				<encoding>32-bit two's complement signed integer. The most significant bit contains the sign.</encoding>
			</basicData>
			<basicData>
				<name>HLAinteger64LE</name>
				<size>64</size>
				<interpretation>Integer in the range [-2^63, 2^63 - 1]</interpretation>
				<endian>Little</endian>
				<encoding>64-bit two's complement signed integer first. The most significant bit contains the sign.
				</encoding>
			</basicData>
			<basicData>
				<name>HLAfloat32LE</name>
				<size>32</size>
				<interpretation>Single-precision floating point number</interpretation>
				<endian>Little</endian>
				<encoding>32-bit IEEE normalized single-precision format. See IEEE Std 754-1985</encoding>
			</basicData>
			<basicData>
				<name>HLAfloat64LE</name>
				<size>64</size>
				<interpretation>Double-precision floating point number</interpretation>
				<endian>Little</endian>
				<encoding>64-bit IEEE normalized double-precision format. See IEEE Std 754-1985</encoding>
			</basicData>
			<basicData>
				<name>HLAoctetPairLE</name>
				<size>16</size>
				<interpretation>16-bit value</interpretation>
				<endian>Little</endian>
				<encoding>Assumed to be portable among hardware devices.</encoding>
			</basicData>
			<basicData>
				<name>HLAoctet</name>
				<size>8</size>
				<interpretation>8-bit value</interpretation>
				<endian>Big</endian>
				<encoding>Assumed to be portable among hardware devices.</encoding>
			</basicData>
		</basicDataRepresentations>
	</dataTypes>
</objectModel>



==== $PTII/ptolemy/configs/test/validDemos.tcl: validDemos-2742 Validating parse of /home/travis/build/icyphy/ptII/ptolemy/configs/test/../../../org/hlacerti/test/auto/FEDfiles/StaticMultiInstance21.xml after removing configure
==== Contents of test case:

	    set errMsg {}
	    if [catch {java::call ptolemy.configs.test.ValidatingXMLParser parse $filename} errMsg] {
		puts "Could not parse $modelPath, file $filename was"
		# Print out the contents of the failed file.
		# A common failure is a version control system conflict.
		set fp [open $filename r]
		puts [read $fp]
		close $fp
	    }

	    list $errMsg
	
==== Result was:
{org.xml.sax.SAXParseException; systemId: file:///tmp/validDemos17445421021422991413.xml; lineNumber: 2; columnNumber: 14; Document root element "objectModel", must match DOCTYPE root "null".}
---- Result should have been:
{}
---- validDemos-2742 FAILED
.
 Error parsing line 2, uri file:///tmp/validDemos17445421021422991413.xml
   Document root element "objectModel", must match DOCTYPE root "null".
Could not parse /home/travis/build/icyphy/ptII/ptolemy/configs/test/../../../org/hlacerti/test/auto/FEDfiles/NoData.xml, file /tmp/validDemos17445421021422991413.xml was
<?xml version="1.0"?>
<objectModel>
    <objects>
        <objectClass name="Signal">
            <attribute name="val" transportation="HLAreliable" order="TimeStamp" />
            <attribute name="PositionY" transportation="HLAreliable" order="TimeStamp" />
        </objectClass>
    </objects>
    <interactions>
        <interactionClass name="Bing" transportation="HLAreliable" order="TimeStamp">
            <parameter name="BoulNum" />
            <parameter name="DX" />
            <parameter name="DY" />
        </interactionClass>
    </interactions>
    <dimensions>
    </dimensions>
    <time>
    </time>
    <transportations>
        <transportation name="HLAreliable" description="Provide reliable delivery of data in the sense that TCP/IP delivers its data reliably"/>
        <transportation name="HLAbestEffort" description="Make an effort to deliver data in the sense that UDP provides best-effort delivery"/>
    </transportations>
</objectModel>




==== $PTII/ptolemy/configs/test/validDemos.tcl: validDemos-2743 Validating parse of /home/travis/build/icyphy/ptII/ptolemy/configs/test/../../../org/hlacerti/test/auto/FEDfiles/NoData.xml after removing configure
==== Contents of test case:

	    set errMsg {}
	    if [catch {java::call ptolemy.configs.test.ValidatingXMLParser parse $filename} errMsg] {
		puts "Could not parse $modelPath, file $filename was"
		# Print out the contents of the failed file.
		# A common failure is a version control system conflict.
		set fp [open $filename r]
		puts [read $fp]
		close $fp
	    }

	    list $errMsg
	
==== Result was:
{org.xml.sax.SAXParseException; systemId: file:///tmp/validDemos17445421021422991413.xml; lineNumber: 2; columnNumber: 14; Document root element "objectModel", must match DOCTYPE root "null".}
---- Result should have been:
{}
---- validDemos-2743 FAILED
.
 Error parsing line 2, uri file:///tmp/validDemos17445421021422991413.xml
   Document root element "objectModel", must match DOCTYPE root "null".
Could not parse /home/travis/build/icyphy/ptII/ptolemy/configs/test/../../../org/hlacerti/test/auto/FEDfiles/uav_array.xml, file /tmp/validDemos17445421021422991413.xml was
<?xml version="1.0"?>
<objectModel>
    <objects>
        <objectClass>
            <name>ObjectRoot</name>
            <attribute>
                <name>privilegeToDelete</name>
                <dataType>HLAfloat64LE</dataType>
                <transportation>HLAreliable</transportation>
                <order>TimeStamp</order>
            </attribute>
            <objectClass>
                <name>RTIprivate</name>
            </objectClass>
            <objectClass>
                <name>SampleClass</name>
                <attribute>
                    <name>FixedArrayAttribute</name>
                    <dataType>HLAfixedArray</dataType>
                    <transportation>HLAreliable</transportation>
                    <order>TimeStamp</order>
                </attribute>
                <attribute>
                    <name>FixedRecordAttribute</name>
                    <dataType>HLAfixedRecord</dataType>
                    <transportation>HLAreliable</transportation>
                    <order>TimeStamp</order>
                </attribute>
                <attribute>
                    <name>VariableArrayAttribute</name>
                    <dataType>HLAvariableArray</dataType>
                    <transportation>HLAreliable</transportation>
                    <order>TimeStamp</order>
                </attribute>
                <attribute>
                    <name>FloatAttribute</name>
                    <dataType>HLAfloat32BE</dataType>
                    <transportation>HLAreliable</transportation>
                    <order>TimeStamp</order>
                </attribute>
                <attribute>
                    <name>DoubleAttribute</name>
                    <dataType>HLAfloat64BE</dataType>
                    <transportation>HLAreliable</transportation>
                    <order>TimeStamp</order>
                </attribute>
                <attribute>
                    <name>IntegerAttribute</name>
                    <dataType>HLAInteger64BE</dataType>
                    <transportation>HLAreliable</transportation>
                    <order>TimeStamp</order>
                </attribute>
            </objectClass>
        </objectClass>
    </objects>
    
</objectModel>





==== $PTII/ptolemy/configs/test/validDemos.tcl: validDemos-2744 Validating parse of /home/travis/build/icyphy/ptII/ptolemy/configs/test/../../../org/hlacerti/test/auto/FEDfiles/uav_array.xml after removing configure
==== Contents of test case:

	    set errMsg {}
	    if [catch {java::call ptolemy.configs.test.ValidatingXMLParser parse $filename} errMsg] {
		puts "Could not parse $modelPath, file $filename was"
		# Print out the contents of the failed file.
		# A common failure is a version control system conflict.
		set fp [open $filename r]
		puts [read $fp]
		close $fp
	    }

	    list $errMsg
	
==== Result was:
{org.xml.sax.SAXParseException; systemId: file:///tmp/validDemos17445421021422991413.xml; lineNumber: 2; columnNumber: 14; Document root element "objectModel", must match DOCTYPE root "null".}
---- Result should have been:
{}
---- validDemos-2744 FAILED
.
 Error parsing line 2, uri file:///tmp/validDemos17445421021422991413.xml
   Document root element "objectModel", must match DOCTYPE root "null".
Could not parse /home/travis/build/icyphy/ptII/ptolemy/configs/test/../../../org/hlacerti/test/auto/FEDfiles/1SubscriberBadClassName.xml, file /tmp/validDemos17445421021422991413.xml was
<?xml version="1.0"?>
<objectModel>
	<objects>
		<objectClass>
			<name>ValueTransfer</name>
			<attribute>
				<name>val1</name>
				<dataType>HLAfloat64LE</dataType>
				<transportation>HLAreliable</transportation>
				<order>TimeStamp</order>
			</attribute>
		</objectClass>
	</objects>
	<dataTypes>
		<basicDataRepresentations>
			<basicData>
				<name>HLAinteger16BE</name>
				<size>16</size>
				<interpretation>Integer in the range [-2^15, 2^15 - 1]</interpretation>
				<endian>Big</endian>
				<encoding>16-bit two's complement signed integer. The most significant bit contains the sign.</encoding>
			</basicData>
			<basicData>
				<name>HLAinteger32BE</name>
				<size>32</size>
				<interpretation>Integer in the range [-2^31, 2^31 - 1]</interpretation>
				<endian>Big</endian>
				<encoding>32-bit two's complement signed integer. The most significant bit contains the sign.</encoding>
			</basicData>
			<basicData>
				<name>HLAinteger64BE</name>
				<size>64</size>
				<interpretation>Integer in the range [-2^63, 2^63 - 1]</interpretation>
				<endian>Big</endian>
				<encoding>64-bit two's complement signed integer first. The most significant bit contains the sign.
				</encoding>
			</basicData>
			<basicData>
				<name>HLAfloat32BE</name>
				<size>32</size>
				<interpretation>Single-precision floating point number</interpretation>
				<endian>Big</endian>
				<encoding>32-bit IEEE normalized single-precision format. See IEEE Std 754-1985</encoding>
			</basicData>
			<basicData>
				<name>HLAfloat64BE</name>
				<size>64</size>
				<interpretation>Double-precision floating point number</interpretation>
				<endian>Big</endian>
				<encoding>64-bit IEEE normalized double-precision format. See IEEE Std 754-1985</encoding>
			</basicData>
			<basicData>
				<name>HLAoctetPairBE</name>
				<size>16</size>
				<interpretation>16-bit value</interpretation>
				<endian>Big</endian>
				<encoding>Assumed to be portable among devices.</encoding>
			</basicData>
			<basicData>
				<name>HLAinteger16LE</name>
				<size>16</size>
				<interpretation>Integer in the range [-2^15, 2^15 - 1]</interpretation>
				<endian>Little</endian>
				<encoding>16-bit two's complement signed integer. The most significant bit contains the sign.</encoding>
			</basicData>
			<basicData>
				<name>HLAinteger32LE</name>
				<size>32</size>
				<interpretation>Integer in the range [-2^31, 2^31 - 1]</interpretation>
				<endian>Little</endian>
				<encoding>32-bit two's complement signed integer. The most significant bit contains the sign.</encoding>
			</basicData>
			<basicData>
				<name>HLAinteger64LE</name>
				<size>64</size>
				<interpretation>Integer in the range [-2^63, 2^63 - 1]</interpretation>
				<endian>Little</endian>
				<encoding>64-bit two's complement signed integer first. The most significant bit contains the sign.
				</encoding>
			</basicData>
			<basicData>
				<name>HLAfloat32LE</name>
				<size>32</size>
				<interpretation>Single-precision floating point number</interpretation>
				<endian>Little</endian>
				<encoding>32-bit IEEE normalized single-precision format. See IEEE Std 754-1985</encoding>
			</basicData>
			<basicData>
				<name>HLAfloat64LE</name>
				<size>64</size>
				<interpretation>Double-precision floating point number</interpretation>
				<endian>Little</endian>
				<encoding>64-bit IEEE normalized double-precision format. See IEEE Std 754-1985</encoding>
			</basicData>
			<basicData>
				<name>HLAoctetPairLE</name>
				<size>16</size>
				<interpretation>16-bit value</interpretation>
				<endian>Little</endian>
				<encoding>Assumed to be portable among hardware devices.</encoding>
			</basicData>
			<basicData>
				<name>HLAoctet</name>
				<size>8</size>
				<interpretation>8-bit value</interpretation>
				<endian>Big</endian>
				<encoding>Assumed to be portable among hardware devices.</encoding>
			</basicData>
		</basicDataRepresentations>
	</dataTypes>
</objectModel>



==== $PTII/ptolemy/configs/test/validDemos.tcl: validDemos-2745 Validating parse of /home/travis/build/icyphy/ptII/ptolemy/configs/test/../../../org/hlacerti/test/auto/FEDfiles/1SubscriberBadClassName.xml after removing configure
==== Contents of test case:

	    set errMsg {}
	    if [catch {java::call ptolemy.configs.test.ValidatingXMLParser parse $filename} errMsg] {
		puts "Could not parse $modelPath, file $filename was"
		# Print out the contents of the failed file.
		# A common failure is a version control system conflict.
		set fp [open $filename r]
		puts [read $fp]
		close $fp
	    }

	    list $errMsg
	
==== Result was:
{org.xml.sax.SAXParseException; systemId: file:///tmp/validDemos17445421021422991413.xml; lineNumber: 2; columnNumber: 14; Document root element "objectModel", must match DOCTYPE root "null".}
---- Result should have been:
{}
---- validDemos-2745 FAILED
.
 Error parsing line 2, uri file:///tmp/validDemos17445421021422991413.xml
   Document root element "objectModel", must match DOCTYPE root "null".
Could not parse /home/travis/build/icyphy/ptII/ptolemy/configs/test/../../../org/hlacerti/test/auto/FEDfiles/aircraftFleet.xml, file /tmp/validDemos17445421021422991413.xml was
<?xml version="1.0"?>
<objectModel>
    <objects>
	<objectClass>
		<name>ObjectRoot</name>
		<attribute> 
			<name>privilegeToDelete</name>
			<dataType>HLAfloat64LE</dataType>
			<transportation>HLAreliable</transportation>
			<order>TimeStamp</order>
		</attribute>
		<objectClass>
			<name>RTIprivate</name>
		</objectClass>
		<objectClass>
			<name>Aircraft</name>
			<attribute>
				<name>speed</name>
				<dataType>HLAinteger64LE</dataType>
				<transportation>HLAreliable</transportation>
				<order>TimeStamp</order>
			</attribute>
		</objectClass>
	</objectClass>
    </objects>
</objectModel>




==== $PTII/ptolemy/configs/test/validDemos.tcl: validDemos-2746 Validating parse of /home/travis/build/icyphy/ptII/ptolemy/configs/test/../../../org/hlacerti/test/auto/FEDfiles/aircraftFleet.xml after removing configure
==== Contents of test case:

	    set errMsg {}
	    if [catch {java::call ptolemy.configs.test.ValidatingXMLParser parse $filename} errMsg] {
		puts "Could not parse $modelPath, file $filename was"
		# Print out the contents of the failed file.
		# A common failure is a version control system conflict.
		set fp [open $filename r]
		puts [read $fp]
		close $fp
	    }

	    list $errMsg
	
==== Result was:
{org.xml.sax.SAXParseException; systemId: file:///tmp/validDemos17445421021422991413.xml; lineNumber: 2; columnNumber: 14; Document root element "objectModel", must match DOCTYPE root "null".}
---- Result should have been:
{}
---- validDemos-2746 FAILED
.
 Error parsing line 2, uri file:///tmp/validDemos17445421021422991413.xml
   Document root element "objectModel", must match DOCTYPE root "null".
Could not parse /home/travis/build/icyphy/ptII/ptolemy/configs/test/../../../org/hlacerti/test/auto/FEDfiles/StaticMultiInstance22.xml, file /tmp/validDemos17445421021422991413.xml was
<?xml version="1.0"?>
<objectModel>
	<objects>
		<objectClass>
			<name>ValueTransfer</name>
			<attribute>
				<name>val1</name>
				<dataType>HLAfloat64LE</dataType>
				<transportation>HLAreliable</transportation>
				<order>TimeStamp</order>
			</attribute>
			<attribute>
				<name>val2</name>
				<dataType>HLAfloat64LE</dataType>
				<transportation>HLAreliable</transportation>
				<order>TimeStamp</order>
			</attribute>
		</objectClass>
		<objectClass>
			<name>AnotherValueTransfer</name>
			<attribute>
				<name>val3</name>
				<dataType>HLAfloat64LE</dataType>
				<transportation>HLAreliable</transportation>
				<order>TimeStamp</order>
			</attribute>
			<attribute>
				<name>val4</name>
				<dataType>HLAfloat64LE</dataType>
				<transportation>HLAreliable</transportation>
				<order>TimeStamp</order>
			</attribute>
		</objectClass>
	</objects>
	<dataTypes>
		<basicDataRepresentations>
			<basicData>
				<name>HLAinteger16BE</name>
				<size>16</size>
				<interpretation>Integer in the range [-2^15, 2^15 - 1]</interpretation>
				<endian>Big</endian>
				<encoding>16-bit two's complement signed integer. The most significant bit contains the sign.</encoding>
			</basicData>
			<basicData>
				<name>HLAinteger32BE</name>
				<size>32</size>
				<interpretation>Integer in the range [-2^31, 2^31 - 1]</interpretation>
				<endian>Big</endian>
				<encoding>32-bit two's complement signed integer. The most significant bit contains the sign.</encoding>
			</basicData>
			<basicData>
				<name>HLAinteger64BE</name>
				<size>64</size>
				<interpretation>Integer in the range [-2^63, 2^63 - 1]</interpretation>
				<endian>Big</endian>
				<encoding>64-bit two's complement signed integer first. The most significant bit contains the sign.
				</encoding>
			</basicData>
			<basicData>
				<name>HLAfloat32BE</name>
				<size>32</size>
				<interpretation>Single-precision floating point number</interpretation>
				<endian>Big</endian>
				<encoding>32-bit IEEE normalized single-precision format. See IEEE Std 754-1985</encoding>
			</basicData>
			<basicData>
				<name>HLAfloat64BE</name>
				<size>64</size>
				<interpretation>Double-precision floating point number</interpretation>
				<endian>Big</endian>
				<encoding>64-bit IEEE normalized double-precision format. See IEEE Std 754-1985</encoding>
			</basicData>
			<basicData>
				<name>HLAoctetPairBE</name>
				<size>16</size>
				<interpretation>16-bit value</interpretation>
				<endian>Big</endian>
				<encoding>Assumed to be portable among devices.</encoding>
			</basicData>
			<basicData>
				<name>HLAinteger16LE</name>
				<size>16</size>
				<interpretation>Integer in the range [-2^15, 2^15 - 1]</interpretation>
				<endian>Little</endian>
				<encoding>16-bit two's complement signed integer. The most significant bit contains the sign.</encoding>
			</basicData>
			<basicData>
				<name>HLAinteger32LE</name>
				<size>32</size>
				<interpretation>Integer in the range [-2^31, 2^31 - 1]</interpretation>
				<endian>Little</endian>
				<encoding>32-bit two's complement signed integer. The most significant bit contains the sign.</encoding>
			</basicData>
			<basicData>
				<name>HLAinteger64LE</name>
				<size>64</size>
				<interpretation>Integer in the range [-2^63, 2^63 - 1]</interpretation>
				<endian>Little</endian>
				<encoding>64-bit two's complement signed integer first. The most significant bit contains the sign.
				</encoding>
			</basicData>
			<basicData>
				<name>HLAfloat32LE</name>
				<size>32</size>
				<interpretation>Single-precision floating point number</interpretation>
				<endian>Little</endian>
				<encoding>32-bit IEEE normalized single-precision format. See IEEE Std 754-1985</encoding>
			</basicData>
			<basicData>
				<name>HLAfloat64LE</name>
				<size>64</size>
				<interpretation>Double-precision floating point number</interpretation>
				<endian>Little</endian>
				<encoding>64-bit IEEE normalized double-precision format. See IEEE Std 754-1985</encoding>
			</basicData>
			<basicData>
				<name>HLAoctetPairLE</name>
				<size>16</size>
				<interpretation>16-bit value</interpretation>
				<endian>Little</endian>
				<encoding>Assumed to be portable among hardware devices.</encoding>
			</basicData>
			<basicData>
				<name>HLAoctet</name>
				<size>8</size>
				<interpretation>8-bit value</interpretation>
				<endian>Big</endian>
				<encoding>Assumed to be portable among hardware devices.</encoding>
			</basicData>
		</basicDataRepresentations>
	</dataTypes>
</objectModel>



==== $PTII/ptolemy/configs/test/validDemos.tcl: validDemos-2747 Validating parse of /home/travis/build/icyphy/ptII/ptolemy/configs/test/../../../org/hlacerti/test/auto/FEDfiles/StaticMultiInstance22.xml after removing configure
==== Contents of test case:

	    set errMsg {}
	    if [catch {java::call ptolemy.configs.test.ValidatingXMLParser parse $filename} errMsg] {
		puts "Could not parse $modelPath, file $filename was"
		# Print out the contents of the failed file.
		# A common failure is a version control system conflict.
		set fp [open $filename r]
		puts [read $fp]
		close $fp
	    }

	    list $errMsg
	
==== Result was:
{org.xml.sax.SAXParseException; systemId: file:///tmp/validDemos17445421021422991413.xml; lineNumber: 2; columnNumber: 14; Document root element "objectModel", must match DOCTYPE root "null".}
---- Result should have been:
{}
---- validDemos-2747 FAILED
.
 Error parsing line 2, uri file:///tmp/validDemos17445421021422991413.xml
   Document root element "objectModel", must match DOCTYPE root "null".
Could not parse /home/travis/build/icyphy/ptII/ptolemy/configs/test/../../../org/hlacerti/test/auto/FEDfiles/1SubscriberBadAttributeName.xml, file /tmp/validDemos17445421021422991413.xml was
<?xml version="1.0"?>
<objectModel>
	<objects>
		<objectClass>
			<name>ValueTransfer</name>
			<attribute>
				<name>val1</name>
				<dataType>HLAfloat64LE</dataType>
				<transportation>HLAreliable</transportation>
				<order>TimeStamp</order>
			</attribute>
		</objectClass>
	</objects>
	<dataTypes>
		<basicDataRepresentations>
			<basicData>
				<name>HLAinteger16BE</name>
				<size>16</size>
				<interpretation>Integer in the range [-2^15, 2^15 - 1]</interpretation>
				<endian>Big</endian>
				<encoding>16-bit two's complement signed integer. The most significant bit contains the sign.</encoding>
			</basicData>
			<basicData>
				<name>HLAinteger32BE</name>
				<size>32</size>
				<interpretation>Integer in the range [-2^31, 2^31 - 1]</interpretation>
				<endian>Big</endian>
				<encoding>32-bit two's complement signed integer. The most significant bit contains the sign.</encoding>
			</basicData>
			<basicData>
				<name>HLAinteger64BE</name>
				<size>64</size>
				<interpretation>Integer in the range [-2^63, 2^63 - 1]</interpretation>
				<endian>Big</endian>
				<encoding>64-bit two's complement signed integer first. The most significant bit contains the sign.
				</encoding>
			</basicData>
			<basicData>
				<name>HLAfloat32BE</name>
				<size>32</size>
				<interpretation>Single-precision floating point number</interpretation>
				<endian>Big</endian>
				<encoding>32-bit IEEE normalized single-precision format. See IEEE Std 754-1985</encoding>
			</basicData>
			<basicData>
				<name>HLAfloat64BE</name>
				<size>64</size>
				<interpretation>Double-precision floating point number</interpretation>
				<endian>Big</endian>
				<encoding>64-bit IEEE normalized double-precision format. See IEEE Std 754-1985</encoding>
			</basicData>
			<basicData>
				<name>HLAoctetPairBE</name>
				<size>16</size>
				<interpretation>16-bit value</interpretation>
				<endian>Big</endian>
				<encoding>Assumed to be portable among devices.</encoding>
			</basicData>
			<basicData>
				<name>HLAinteger16LE</name>
				<size>16</size>
				<interpretation>Integer in the range [-2^15, 2^15 - 1]</interpretation>
				<endian>Little</endian>
				<encoding>16-bit two's complement signed integer. The most significant bit contains the sign.</encoding>
			</basicData>
			<basicData>
				<name>HLAinteger32LE</name>
				<size>32</size>
				<interpretation>Integer in the range [-2^31, 2^31 - 1]</interpretation>
				<endian>Little</endian>
				<encoding>32-bit two's complement signed integer. The most significant bit contains the sign.</encoding>
			</basicData>
			<basicData>
				<name>HLAinteger64LE</name>
				<size>64</size>
				<interpretation>Integer in the range [-2^63, 2^63 - 1]</interpretation>
				<endian>Little</endian>
				<encoding>64-bit two's complement signed integer first. The most significant bit contains the sign.
				</encoding>
			</basicData>
			<basicData>
				<name>HLAfloat32LE</name>
				<size>32</size>
				<interpretation>Single-precision floating point number</interpretation>
				<endian>Little</endian>
				<encoding>32-bit IEEE normalized single-precision format. See IEEE Std 754-1985</encoding>
			</basicData>
			<basicData>
				<name>HLAfloat64LE</name>
				<size>64</size>
				<interpretation>Double-precision floating point number</interpretation>
				<endian>Little</endian>
				<encoding>64-bit IEEE normalized double-precision format. See IEEE Std 754-1985</encoding>
			</basicData>
			<basicData>
				<name>HLAoctetPairLE</name>
				<size>16</size>
				<interpretation>16-bit value</interpretation>
				<endian>Little</endian>
				<encoding>Assumed to be portable among hardware devices.</encoding>
			</basicData>
			<basicData>
				<name>HLAoctet</name>
				<size>8</size>
				<interpretation>8-bit value</interpretation>
				<endian>Big</endian>
				<encoding>Assumed to be portable among hardware devices.</encoding>
			</basicData>
		</basicDataRepresentations>
	</dataTypes>
</objectModel>



==== $PTII/ptolemy/configs/test/validDemos.tcl: validDemos-2748 Validating parse of /home/travis/build/icyphy/ptII/ptolemy/configs/test/../../../org/hlacerti/test/auto/FEDfiles/1SubscriberBadAttributeName.xml after removing configure
==== Contents of test case:

	    set errMsg {}
	    if [catch {java::call ptolemy.configs.test.ValidatingXMLParser parse $filename} errMsg] {
		puts "Could not parse $modelPath, file $filename was"
		# Print out the contents of the failed file.
		# A common failure is a version control system conflict.
		set fp [open $filename r]
		puts [read $fp]
		close $fp
	    }

	    list $errMsg
	
==== Result was:
{org.xml.sax.SAXParseException; systemId: file:///tmp/validDemos17445421021422991413.xml; lineNumber: 2; columnNumber: 14; Document root element "objectModel", must match DOCTYPE root "null".}
---- Result should have been:
{}
---- validDemos-2748 FAILED
.
 Error parsing line 2, uri file:///tmp/validDemos17445421021422991413.xml
   Document root element "objectModel", must match DOCTYPE root "null".
Could not parse /home/travis/build/icyphy/ptII/ptolemy/configs/test/../../../org/hlacerti/test/auto/FEDfiles/MultiDataTypes.xml, file /tmp/validDemos17445421021422991413.xml was
<?xml version="1.0"?>
<objectModel>
	<objects>
		<objectClass>
			<name>HLAobjectClass</name>
			<attribute>
				<name>val</name>
				<dataType>HLAfloat64LE</dataType>
				<transportation>HLAreliable</transportation>
				<order>TimeStamp</order>
			</attribute>
			<attribute>
				<name>val1</name>
				<dataType>HLAfloat64LE</dataType>
				<transportation>HLAreliable</transportation>
				<order>TimeStamp</order>
			</attribute>
			<attribute>
				<name>val2</name>
				<dataType>HLAfloat64LE</dataType>
				<transportation>HLAreliable</transportation>
				<order>TimeStamp</order>
			</attribute>
			<attribute>
				<name>val3</name>
				<dataType>HLAfloat64LE</dataType>
				<transportation>HLAreliable</transportation>
				<order>TimeStamp</order>
			</attribute>
			<attribute>
				<name>val4</name>
				<dataType>HLAfloat64LE</dataType>
				<transportation>HLAreliable</transportation>
				<order>TimeStamp</order>
			</attribute>
			<attribute>
				<name>val5</name>
				<dataType>HLAfloat64LE</dataType>
				<transportation>HLAreliable</transportation>
				<order>TimeStamp</order>
			</attribute>
		</objectClass>
	</objects>
	<dataTypes>
		<basicDataRepresentations>
			<basicData>
				<name>HLAinteger16BE</name>
				<size>16</size>
				<interpretation>Integer in the range [-2^15, 2^15 - 1]</interpretation>
				<endian>Big</endian>
				<encoding>16-bit two's complement signed integer. The most significant bit contains the sign.</encoding>
			</basicData>
			<basicData>
				<name>HLAinteger32BE</name>
				<size>32</size>
				<interpretation>Integer in the range [-2^31, 2^31 - 1]</interpretation>
				<endian>Big</endian>
				<encoding>32-bit two's complement signed integer. The most significant bit contains the sign.</encoding>
			</basicData>
			<basicData>
				<name>HLAinteger64BE</name>
				<size>64</size>
				<interpretation>Integer in the range [-2^63, 2^63 - 1]</interpretation>
				<endian>Big</endian>
				<encoding>64-bit two's complement signed integer first. The most significant bit contains the sign.
				</encoding>
			</basicData>
			<basicData>
				<name>HLAfloat32BE</name>
				<size>32</size>
				<interpretation>Single-precision floating point number</interpretation>
				<endian>Big</endian>
				<encoding>32-bit IEEE normalized single-precision format. See IEEE Std 754-1985</encoding>
			</basicData>
			<basicData>
				<name>HLAfloat64BE</name>
				<size>64</size>
				<interpretation>Double-precision floating point number</interpretation>
				<endian>Big</endian>
				<encoding>64-bit IEEE normalized double-precision format. See IEEE Std 754-1985</encoding>
			</basicData>
			<basicData>
				<name>HLAoctetPairBE</name>
				<size>16</size>
				<interpretation>16-bit value</interpretation>
				<endian>Big</endian>
				<encoding>Assumed to be portable among devices.</encoding>
			</basicData>
			<basicData>
				<name>HLAinteger16LE</name>
				<size>16</size>
				<interpretation>Integer in the range [-2^15, 2^15 - 1]</interpretation>
				<endian>Little</endian>
				<encoding>16-bit two's complement signed integer. The most significant bit contains the sign.</encoding>
			</basicData>
			<basicData>
				<name>HLAinteger32LE</name>
				<size>32</size>
				<interpretation>Integer in the range [-2^31, 2^31 - 1]</interpretation>
				<endian>Little</endian>
				<encoding>32-bit two's complement signed integer. The most significant bit contains the sign.</encoding>
			</basicData>
			<basicData>
				<name>HLAinteger64LE</name>
				<size>64</size>
				<interpretation>Integer in the range [-2^63, 2^63 - 1]</interpretation>
				<endian>Little</endian>
				<encoding>64-bit two's complement signed integer first. The most significant bit contains the sign.
				</encoding>
			</basicData>
			<basicData>
				<name>HLAfloat32LE</name>
				<size>32</size>
				<interpretation>Single-precision floating point number</interpretation>
				<endian>Little</endian>
				<encoding>32-bit IEEE normalized single-precision format. See IEEE Std 754-1985</encoding>
			</basicData>
			<basicData>
				<name>HLAfloat64LE</name>
				<size>64</size>
				<interpretation>Double-precision floating point number</interpretation>
				<endian>Little</endian>
				<encoding>64-bit IEEE normalized double-precision format. See IEEE Std 754-1985</encoding>
			</basicData>
			<basicData>
				<name>HLAoctetPairLE</name>
				<size>16</size>
				<interpretation>16-bit value</interpretation>
				<endian>Little</endian>
				<encoding>Assumed to be portable among hardware devices.</encoding>
			</basicData>
			<basicData>
				<name>HLAoctet</name>
				<size>8</size>
				<interpretation>8-bit value</interpretation>
				<endian>Big</endian>
				<encoding>Assumed to be portable among hardware devices.</encoding>
			</basicData>
		</basicDataRepresentations>
	</dataTypes>
</objectModel>



==== $PTII/ptolemy/configs/test/validDemos.tcl: validDemos-2749 Validating parse of /home/travis/build/icyphy/ptII/ptolemy/configs/test/../../../org/hlacerti/test/auto/FEDfiles/MultiDataTypes.xml after removing configure
==== Contents of test case:

	    set errMsg {}
	    if [catch {java::call ptolemy.configs.test.ValidatingXMLParser parse $filename} errMsg] {
		puts "Could not parse $modelPath, file $filename was"
		# Print out the contents of the failed file.
		# A common failure is a version control system conflict.
		set fp [open $filename r]
		puts [read $fp]
		close $fp
	    }

	    list $errMsg
	
==== Result was:
{org.xml.sax.SAXParseException; systemId: file:///tmp/validDemos17445421021422991413.xml; lineNumber: 2; columnNumber: 14; Document root element "objectModel", must match DOCTYPE root "null".}
---- Result should have been:
{}
---- validDemos-2749 FAILED
.
 Error parsing line 2, uri file:///tmp/validDemos17445421021422991413.xml
   Document root element "objectModel", must match DOCTYPE root "null".
Could not parse /home/travis/build/icyphy/ptII/ptolemy/configs/test/../../../org/hlacerti/test/auto/FEDfiles/FDDpositionArray.xml, file /tmp/validDemos17445421021422991413.xml was
<?xml version="1.0"?>
<objectModel>
	<objects>
		<objectClass>
			<name>ObjectRoot</name>
			<attribute>
				<name>privilegeToDelete</name>
				<dataType>HLAfloat64LE</dataType>
				<transportation>HLAreliable</transportation>
				<order>TimeStamp</order>
			</attribute>
			<objectClass>
				<name>RTIprivate</name>
			</objectClass>
			<objectClass>
				<name>Ball</name>
				<attribute>
					<name>Position</name>
					<dataType>HLAfixedArray</dataType>
					<transportation>HLAreliable</transportation>
					<order>TimeStamp</order>
				</attribute>
			</objectClass>
		</objectClass>
	</objects>
</objectModel>




==== $PTII/ptolemy/configs/test/validDemos.tcl: validDemos-2750 Validating parse of /home/travis/build/icyphy/ptII/ptolemy/configs/test/../../../org/hlacerti/test/auto/FEDfiles/FDDpositionArray.xml after removing configure
==== Contents of test case:

	    set errMsg {}
	    if [catch {java::call ptolemy.configs.test.ValidatingXMLParser parse $filename} errMsg] {
		puts "Could not parse $modelPath, file $filename was"
		# Print out the contents of the failed file.
		# A common failure is a version control system conflict.
		set fp [open $filename r]
		puts [read $fp]
		close $fp
	    }

	    list $errMsg
	
==== Result was:
{org.xml.sax.SAXParseException; systemId: file:///tmp/validDemos17445421021422991413.xml; lineNumber: 2; columnNumber: 14; Document root element "objectModel", must match DOCTYPE root "null".}
---- Result should have been:
{}
---- validDemos-2750 FAILED
.
 Error parsing line 2, uri file:///tmp/validDemos17445421021422991413.xml
   Document root element "objectModel", must match DOCTYPE root "null".
Could not parse /home/travis/build/icyphy/ptII/ptolemy/configs/test/../../../org/hlacerti/test/auto/FEDfiles/1PublisherBadAttributeName.xml, file /tmp/validDemos17445421021422991413.xml was
<?xml version="1.0"?>
<objectModel>
	<objects>
		<objectClass>
			<name>ValueTransfer</name>
			<attribute>
				<name>val1</name>
				<dataType>HLAfloat64LE</dataType>
				<transportation>HLAreliable</transportation>
				<order>TimeStamp</order>
			</attribute>
		</objectClass>
	</objects>
	<dataTypes>
		<basicDataRepresentations>
			<basicData>
				<name>HLAinteger16BE</name>
				<size>16</size>
				<interpretation>Integer in the range [-2^15, 2^15 - 1]</interpretation>
				<endian>Big</endian>
				<encoding>16-bit two's complement signed integer. The most significant bit contains the sign.</encoding>
			</basicData>
			<basicData>
				<name>HLAinteger32BE</name>
				<size>32</size>
				<interpretation>Integer in the range [-2^31, 2^31 - 1]</interpretation>
				<endian>Big</endian>
				<encoding>32-bit two's complement signed integer. The most significant bit contains the sign.</encoding>
			</basicData>
			<basicData>
				<name>HLAinteger64BE</name>
				<size>64</size>
				<interpretation>Integer in the range [-2^63, 2^63 - 1]</interpretation>
				<endian>Big</endian>
				<encoding>64-bit two's complement signed integer first. The most significant bit contains the sign.
				</encoding>
			</basicData>
			<basicData>
				<name>HLAfloat32BE</name>
				<size>32</size>
				<interpretation>Single-precision floating point number</interpretation>
				<endian>Big</endian>
				<encoding>32-bit IEEE normalized single-precision format. See IEEE Std 754-1985</encoding>
			</basicData>
			<basicData>
				<name>HLAfloat64BE</name>
				<size>64</size>
				<interpretation>Double-precision floating point number</interpretation>
				<endian>Big</endian>
				<encoding>64-bit IEEE normalized double-precision format. See IEEE Std 754-1985</encoding>
			</basicData>
			<basicData>
				<name>HLAoctetPairBE</name>
				<size>16</size>
				<interpretation>16-bit value</interpretation>
				<endian>Big</endian>
				<encoding>Assumed to be portable among devices.</encoding>
			</basicData>
			<basicData>
				<name>HLAinteger16LE</name>
				<size>16</size>
				<interpretation>Integer in the range [-2^15, 2^15 - 1]</interpretation>
				<endian>Little</endian>
				<encoding>16-bit two's complement signed integer. The most significant bit contains the sign.</encoding>
			</basicData>
			<basicData>
				<name>HLAinteger32LE</name>
				<size>32</size>
				<interpretation>Integer in the range [-2^31, 2^31 - 1]</interpretation>
				<endian>Little</endian>
				<encoding>32-bit two's complement signed integer. The most significant bit contains the sign.</encoding>
			</basicData>
			<basicData>
				<name>HLAinteger64LE</name>
				<size>64</size>
				<interpretation>Integer in the range [-2^63, 2^63 - 1]</interpretation>
				<endian>Little</endian>
				<encoding>64-bit two's complement signed integer first. The most significant bit contains the sign.
				</encoding>
			</basicData>
			<basicData>
				<name>HLAfloat32LE</name>
				<size>32</size>
				<interpretation>Single-precision floating point number</interpretation>
				<endian>Little</endian>
				<encoding>32-bit IEEE normalized single-precision format. See IEEE Std 754-1985</encoding>
			</basicData>
			<basicData>
				<name>HLAfloat64LE</name>
				<size>64</size>
				<interpretation>Double-precision floating point number</interpretation>
				<endian>Little</endian>
				<encoding>64-bit IEEE normalized double-precision format. See IEEE Std 754-1985</encoding>
			</basicData>
			<basicData>
				<name>HLAoctetPairLE</name>
				<size>16</size>
				<interpretation>16-bit value</interpretation>
				<endian>Little</endian>
				<encoding>Assumed to be portable among hardware devices.</encoding>
			</basicData>
			<basicData>
				<name>HLAoctet</name>
				<size>8</size>
				<interpretation>8-bit value</interpretation>
				<endian>Big</endian>
				<encoding>Assumed to be portable among hardware devices.</encoding>
			</basicData>
		</basicDataRepresentations>
	</dataTypes>
</objectModel>



==== $PTII/ptolemy/configs/test/validDemos.tcl: validDemos-2751 Validating parse of /home/travis/build/icyphy/ptII/ptolemy/configs/test/../../../org/hlacerti/test/auto/FEDfiles/1PublisherBadAttributeName.xml after removing configure
==== Contents of test case:

	    set errMsg {}
	    if [catch {java::call ptolemy.configs.test.ValidatingXMLParser parse $filename} errMsg] {
		puts "Could not parse $modelPath, file $filename was"
		# Print out the contents of the failed file.
		# A common failure is a version control system conflict.
		set fp [open $filename r]
		puts [read $fp]
		close $fp
	    }

	    list $errMsg
	
==== Result was:
{org.xml.sax.SAXParseException; systemId: file:///tmp/validDemos17445421021422991413.xml; lineNumber: 2; columnNumber: 14; Document root element "objectModel", must match DOCTYPE root "null".}
---- Result should have been:
{}
---- validDemos-2751 FAILED
.
 Error parsing line 2, uri file:///tmp/validDemos17445421021422991413.xml
   Document root element "objectModel", must match DOCTYPE root "null".
Could not parse /home/travis/build/icyphy/ptII/ptolemy/configs/test/../../../org/hlacerti/test/auto/FEDfiles/FDDarray.xml, file /tmp/validDemos17445421021422991413.xml was
<?xml version="1.0"?>
<objectModel>
    <objects>
        <objectClass>
            <name>ObjectRoot</name>
            <attribute>
                <name>privilegeToDelete</name>
                <dataType>HLAfloat64LE</dataType>
                <transportation>HLAreliable</transportation>
                <order>TimeStamp</order>
            </attribute>
            <objectClass>
                <name>RTIprivate</name>
            </objectClass>
            <objectClass>
                <name>SampleClass</name>
                <attribute>
                    <name>FixedArrayAttribute</name>
                    <dataType>HLAfixedArray</dataType>
                    <transportation>HLAreliable</transportation>
                    <order>TimeStamp</order>
                </attribute>
                <attribute>
                    <name>FixedRecordAttribute</name>
                    <dataType>HLAfixedRecord</dataType>
                    <transportation>HLAreliable</transportation>
                    <order>TimeStamp</order>
                </attribute>
                <attribute>
                    <name>VariableArrayAttribute</name>
                    <dataType>HLAvariableArray</dataType>
                    <transportation>HLAreliable</transportation>
                    <order>TimeStamp</order>
                </attribute>
                <attribute>
                    <name>FloatAttribute</name>
                    <dataType>HLAfloat32BE</dataType>
                    <transportation>HLAreliable</transportation>
                    <order>TimeStamp</order>
                </attribute>
                <attribute>
                    <name>DoubleAttribute</name>
                    <dataType>HLAfloat64BE</dataType>
                    <transportation>HLAreliable</transportation>
                    <order>TimeStamp</order>
                </attribute>
                <attribute>
                    <name>IntegerAttribute</name>
                    <dataType>HLAInteger64BE</dataType>
                    <transportation>HLAreliable</transportation>
                    <order>TimeStamp</order>
                </attribute>
            </objectClass>
        </objectClass>
    </objects>
    
</objectModel>





==== $PTII/ptolemy/configs/test/validDemos.tcl: validDemos-2752 Validating parse of /home/travis/build/icyphy/ptII/ptolemy/configs/test/../../../org/hlacerti/test/auto/FEDfiles/FDDarray.xml after removing configure
==== Contents of test case:

	    set errMsg {}
	    if [catch {java::call ptolemy.configs.test.ValidatingXMLParser parse $filename} errMsg] {
		puts "Could not parse $modelPath, file $filename was"
		# Print out the contents of the failed file.
		# A common failure is a version control system conflict.
		set fp [open $filename r]
		puts [read $fp]
		close $fp
	    }

	    list $errMsg
	
==== Result was:
{org.xml.sax.SAXParseException; systemId: file:///tmp/validDemos17445421021422991413.xml; lineNumber: 2; columnNumber: 14; Document root element "objectModel", must match DOCTYPE root "null".}
---- Result should have been:
{}
---- validDemos-2752 FAILED
.
 Error parsing line 2, uri file:///tmp/validDemos17445421021422991413.xml
   Document root element "objectModel", must match DOCTYPE root "null".
Could not parse /home/travis/build/icyphy/ptII/ptolemy/configs/test/../../../org/hlacerti/test/auto/FEDfiles/StaticMultiInstance222.xml, file /tmp/validDemos17445421021422991413.xml was
<?xml version="1.0"?>
<objectModel>
	<objects>
		<objectClass>
			<name>ValueTransfer</name>
			<attribute>
				<name>val1</name>
				<dataType>HLAfloat64LE</dataType>
				<transportation>HLAreliable</transportation>
				<order>TimeStamp</order>
			</attribute>
			<attribute>
				<name>val2</name>
				<dataType>HLAfloat64LE</dataType>
				<transportation>HLAreliable</transportation>
				<order>TimeStamp</order>
			</attribute>
		</objectClass>
		<objectClass>
			<name>AnotherValueTransfer</name>
			<attribute>
				<name>val3</name>
				<dataType>HLAfloat64LE</dataType>
				<transportation>HLAreliable</transportation>
				<order>TimeStamp</order>
			</attribute>
			<attribute>
				<name>val4</name>
				<dataType>HLAfloat64LE</dataType>
				<transportation>HLAreliable</transportation>
				<order>TimeStamp</order>
			</attribute>
		</objectClass>
	</objects>
	<dataTypes>
		<basicDataRepresentations>
			<basicData>
				<name>HLAinteger16BE</name>
				<size>16</size>
				<interpretation>Integer in the range [-2^15, 2^15 - 1]</interpretation>
				<endian>Big</endian>
				<encoding>16-bit two's complement signed integer. The most significant bit contains the sign.</encoding>
			</basicData>
			<basicData>
				<name>HLAinteger32BE</name>
				<size>32</size>
				<interpretation>Integer in the range [-2^31, 2^31 - 1]</interpretation>
				<endian>Big</endian>
				<encoding>32-bit two's complement signed integer. The most significant bit contains the sign.</encoding>
			</basicData>
			<basicData>
				<name>HLAinteger64BE</name>
				<size>64</size>
				<interpretation>Integer in the range [-2^63, 2^63 - 1]</interpretation>
				<endian>Big</endian>
				<encoding>64-bit two's complement signed integer first. The most significant bit contains the sign.
				</encoding>
			</basicData>
			<basicData>
				<name>HLAfloat32BE</name>
				<size>32</size>
				<interpretation>Single-precision floating point number</interpretation>
				<endian>Big</endian>
				<encoding>32-bit IEEE normalized single-precision format. See IEEE Std 754-1985</encoding>
			</basicData>
			<basicData>
				<name>HLAfloat64BE</name>
				<size>64</size>
				<interpretation>Double-precision floating point number</interpretation>
				<endian>Big</endian>
				<encoding>64-bit IEEE normalized double-precision format. See IEEE Std 754-1985</encoding>
			</basicData>
			<basicData>
				<name>HLAoctetPairBE</name>
				<size>16</size>
				<interpretation>16-bit value</interpretation>
				<endian>Big</endian>
				<encoding>Assumed to be portable among devices.</encoding>
			</basicData>
			<basicData>
				<name>HLAinteger16LE</name>
				<size>16</size>
				<interpretation>Integer in the range [-2^15, 2^15 - 1]</interpretation>
				<endian>Little</endian>
				<encoding>16-bit two's complement signed integer. The most significant bit contains the sign.</encoding>
			</basicData>
			<basicData>
				<name>HLAinteger32LE</name>
				<size>32</size>
				<interpretation>Integer in the range [-2^31, 2^31 - 1]</interpretation>
				<endian>Little</endian>
				<encoding>32-bit two's complement signed integer. The most significant bit contains the sign.</encoding>
			</basicData>
			<basicData>
				<name>HLAinteger64LE</name>
				<size>64</size>
				<interpretation>Integer in the range [-2^63, 2^63 - 1]</interpretation>
				<endian>Little</endian>
				<encoding>64-bit two's complement signed integer first. The most significant bit contains the sign.
				</encoding>
			</basicData>
			<basicData>
				<name>HLAfloat32LE</name>
				<size>32</size>
				<interpretation>Single-precision floating point number</interpretation>
				<endian>Little</endian>
				<encoding>32-bit IEEE normalized single-precision format. See IEEE Std 754-1985</encoding>
			</basicData>
			<basicData>
				<name>HLAfloat64LE</name>
				<size>64</size>
				<interpretation>Double-precision floating point number</interpretation>
				<endian>Little</endian>
				<encoding>64-bit IEEE normalized double-precision format. See IEEE Std 754-1985</encoding>
			</basicData>
			<basicData>
				<name>HLAoctetPairLE</name>
				<size>16</size>
				<interpretation>16-bit value</interpretation>
				<endian>Little</endian>
				<encoding>Assumed to be portable among hardware devices.</encoding>
			</basicData>
			<basicData>
				<name>HLAoctet</name>
				<size>8</size>
				<interpretation>8-bit value</interpretation>
				<endian>Big</endian>
				<encoding>Assumed to be portable among hardware devices.</encoding>
			</basicData>
		</basicDataRepresentations>
	</dataTypes>
</objectModel>



==== $PTII/ptolemy/configs/test/validDemos.tcl: validDemos-2753 Validating parse of /home/travis/build/icyphy/ptII/ptolemy/configs/test/../../../org/hlacerti/test/auto/FEDfiles/StaticMultiInstance222.xml after removing configure
==== Contents of test case:

	    set errMsg {}
	    if [catch {java::call ptolemy.configs.test.ValidatingXMLParser parse $filename} errMsg] {
		puts "Could not parse $modelPath, file $filename was"
		# Print out the contents of the failed file.
		# A common failure is a version control system conflict.
		set fp [open $filename r]
		puts [read $fp]
		close $fp
	    }

	    list $errMsg
	
==== Result was:
{org.xml.sax.SAXParseException; systemId: file:///tmp/validDemos17445421021422991413.xml; lineNumber: 2; columnNumber: 14; Document root element "objectModel", must match DOCTYPE root "null".}
---- Result should have been:
{}
---- validDemos-2753 FAILED
....................
 Error parsing line 2, uri file:///tmp/validDemos17445421021422991413.xml
   Document root element "objectModel", must match DOCTYPE root "null".
Could not parse /home/travis/build/icyphy/ptII/ptolemy/configs/test/../../../org/hlacerti/test/auto/FederatesDifferentTimeManagement_1516/1ProdTAR1ConsNER/Signal.xml, file /tmp/validDemos17445421021422991413.xml was
<?xml version="1.0"?>
<objectModel>
    <objects>
        <objectClass>
            <name>Signal</name>
            <attribute>
                <name>val</name>
                <dataType>HLAfloat64LE</dataType>
                <transportation>HLAreliable</transportation>
                <order>TimeStamp</order>
            </attribute>
        </objectClass>
    </objects>
    <dataTypes>
        <basicDataRepresentations>
            <basicData>
                <name>HLAinteger16BE</name>
                <size>16</size>
                <interpretation>Integer in the range [-2^15, 2^15 - 1]</interpretation>
                <endian>Big</endian>
                <encoding>16-bit two's complement signed integer. The most significant bit contains the sign.</encoding>
            </basicData>
            <basicData>
                <name>HLAinteger32BE</name>
                <size>32</size>
                <interpretation>Integer in the range [-2^31, 2^31 - 1]</interpretation>
                <endian>Big</endian>
                <encoding>32-bit two's complement signed integer. The most significant bit contains the sign.</encoding>
            </basicData>
            <basicData>
                <name>HLAinteger64BE</name>
                <size>64</size>
                <interpretation>Integer in the range [-2^63, 2^63 - 1]</interpretation>
                <endian>Big</endian>
                <encoding>64-bit two's complement signed integer first. The most significant bit contains the sign.
                </encoding>
            </basicData>
            <basicData>
                <name>HLAfloat32BE</name>
                <size>32</size>
                <interpretation>Single-precision floating point number</interpretation>
                <endian>Big</endian>
                <encoding>32-bit IEEE normalized single-precision format. See IEEE Std 754-1985</encoding>
            </basicData>
            <basicData>
                <name>HLAfloat64BE</name>
                <size>64</size>
                <interpretation>Double-precision floating point number</interpretation>
                <endian>Big</endian>
                <encoding>64-bit IEEE normalized double-precision format. See IEEE Std 754-1985</encoding>
            </basicData>
            <basicData>
                <name>HLAoctetPairBE</name>
                <size>16</size>
                <interpretation>16-bit value</interpretation>
                <endian>Big</endian>
                <encoding>Assumed to be portable among devices.</encoding>
            </basicData>
            <basicData>
                <name>HLAinteger16LE</name>
                <size>16</size>
                <interpretation>Integer in the range [-2^15, 2^15 - 1]</interpretation>
                <endian>Little</endian>
                <encoding>16-bit two's complement signed integer. The most significant bit contains the sign.</encoding>
            </basicData>
            <basicData>
                <name>HLAinteger32LE</name>
                <size>32</size>
                <interpretation>Integer in the range [-2^31, 2^31 - 1]</interpretation>
                <endian>Little</endian>
                <encoding>32-bit two's complement signed integer. The most significant bit contains the sign.</encoding>
            </basicData>
            <basicData>
                <name>HLAinteger64LE</name>
                <size>64</size>
                <interpretation>Integer in the range [-2^63, 2^63 - 1]</interpretation>
                <endian>Little</endian>
                <encoding>64-bit two's complement signed integer first. The most significant bit contains the sign.
                </encoding>
            </basicData>
            <basicData>
                <name>HLAfloat32LE</name>
                <size>32</size>
                <interpretation>Single-precision floating point number</interpretation>
                <endian>Little</endian>
                <encoding>32-bit IEEE normalized single-precision format. See IEEE Std 754-1985</encoding>
            </basicData>
            <basicData>
                <name>HLAfloat64LE</name>
                <size>64</size>
                <interpretation>Double-precision floating point number</interpretation>
                <endian>Little</endian>
                <encoding>64-bit IEEE normalized double-precision format. See IEEE Std 754-1985</encoding>
            </basicData>
            <basicData>
                <name>HLAoctetPairLE</name>
                <size>16</size>
                <interpretation>16-bit value</interpretation>
                <endian>Little</endian>
                <encoding>Assumed to be portable among hardware devices.</encoding>
            </basicData>
            <basicData>
                <name>HLAoctet</name>
                <size>8</size>
                <interpretation>8-bit value</interpretation>
                <endian>Big</endian>
                <encoding>Assumed to be portable among hardware devices.</encoding>
            </basicData>
        </basicDataRepresentations>
    </dataTypes>
</objectModel>



==== $PTII/ptolemy/configs/test/validDemos.tcl: validDemos-2773 Validating parse of /home/travis/build/icyphy/ptII/ptolemy/configs/test/../../../org/hlacerti/test/auto/FederatesDifferentTimeManagement_1516/1ProdTAR1ConsNER/Signal.xml after removing configure
==== Contents of test case:

	    set errMsg {}
	    if [catch {java::call ptolemy.configs.test.ValidatingXMLParser parse $filename} errMsg] {
		puts "Could not parse $modelPath, file $filename was"
		# Print out the contents of the failed file.
		# A common failure is a version control system conflict.
		set fp [open $filename r]
		puts [read $fp]
		close $fp
	    }

	    list $errMsg
	
==== Result was:
{org.xml.sax.SAXParseException; systemId: file:///tmp/validDemos17445421021422991413.xml; lineNumber: 2; columnNumber: 14; Document root element "objectModel", must match DOCTYPE root "null".}
---- Result should have been:
{}
---- validDemos-2773 FAILED
...
 Error parsing line 2, uri file:///tmp/validDemos17445421021422991413.xml
   Document root element "objectModel", must match DOCTYPE root "null".
Could not parse /home/travis/build/icyphy/ptII/ptolemy/configs/test/../../../org/hlacerti/test/auto/FederatesDifferentTimeManagement_1516/1ProdNER1ConsNER/Signal.xml, file /tmp/validDemos17445421021422991413.xml was
<?xml version="1.0"?>
<objectModel>
    <objects>
        <objectClass>
            <name>Signal</name>
            <attribute>
                <name>val</name>
                <dataType>HLAfloat64LE</dataType>
                <transportation>HLAreliable</transportation>
                <order>TimeStamp</order>
            </attribute>
        </objectClass>
    </objects>
    <dataTypes>
        <basicDataRepresentations>
            <basicData>
                <name>HLAinteger16BE</name>
                <size>16</size>
                <interpretation>Integer in the range [-2^15, 2^15 - 1]</interpretation>
                <endian>Big</endian>
                <encoding>16-bit two's complement signed integer. The most significant bit contains the sign.</encoding>
            </basicData>
            <basicData>
                <name>HLAinteger32BE</name>
                <size>32</size>
                <interpretation>Integer in the range [-2^31, 2^31 - 1]</interpretation>
                <endian>Big</endian>
                <encoding>32-bit two's complement signed integer. The most significant bit contains the sign.</encoding>
            </basicData>
            <basicData>
                <name>HLAinteger64BE</name>
                <size>64</size>
                <interpretation>Integer in the range [-2^63, 2^63 - 1]</interpretation>
                <endian>Big</endian>
                <encoding>64-bit two's complement signed integer first. The most significant bit contains the sign.
                </encoding>
            </basicData>
            <basicData>
                <name>HLAfloat32BE</name>
                <size>32</size>
                <interpretation>Single-precision floating point number</interpretation>
                <endian>Big</endian>
                <encoding>32-bit IEEE normalized single-precision format. See IEEE Std 754-1985</encoding>
            </basicData>
            <basicData>
                <name>HLAfloat64BE</name>
                <size>64</size>
                <interpretation>Double-precision floating point number</interpretation>
                <endian>Big</endian>
                <encoding>64-bit IEEE normalized double-precision format. See IEEE Std 754-1985</encoding>
            </basicData>
            <basicData>
                <name>HLAoctetPairBE</name>
                <size>16</size>
                <interpretation>16-bit value</interpretation>
                <endian>Big</endian>
                <encoding>Assumed to be portable among devices.</encoding>
            </basicData>
            <basicData>
                <name>HLAinteger16LE</name>
                <size>16</size>
                <interpretation>Integer in the range [-2^15, 2^15 - 1]</interpretation>
                <endian>Little</endian>
                <encoding>16-bit two's complement signed integer. The most significant bit contains the sign.</encoding>
            </basicData>
            <basicData>
                <name>HLAinteger32LE</name>
                <size>32</size>
                <interpretation>Integer in the range [-2^31, 2^31 - 1]</interpretation>
                <endian>Little</endian>
                <encoding>32-bit two's complement signed integer. The most significant bit contains the sign.</encoding>
            </basicData>
            <basicData>
                <name>HLAinteger64LE</name>
                <size>64</size>
                <interpretation>Integer in the range [-2^63, 2^63 - 1]</interpretation>
                <endian>Little</endian>
                <encoding>64-bit two's complement signed integer first. The most significant bit contains the sign.
                </encoding>
            </basicData>
            <basicData>
                <name>HLAfloat32LE</name>
                <size>32</size>
                <interpretation>Single-precision floating point number</interpretation>
                <endian>Little</endian>
                <encoding>32-bit IEEE normalized single-precision format. See IEEE Std 754-1985</encoding>
            </basicData>
            <basicData>
                <name>HLAfloat64LE</name>
                <size>64</size>
                <interpretation>Double-precision floating point number</interpretation>
                <endian>Little</endian>
                <encoding>64-bit IEEE normalized double-precision format. See IEEE Std 754-1985</encoding>
            </basicData>
            <basicData>
                <name>HLAoctetPairLE</name>
                <size>16</size>
                <interpretation>16-bit value</interpretation>
                <endian>Little</endian>
                <encoding>Assumed to be portable among hardware devices.</encoding>
            </basicData>
            <basicData>
                <name>HLAoctet</name>
                <size>8</size>
                <interpretation>8-bit value</interpretation>
                <endian>Big</endian>
                <encoding>Assumed to be portable among hardware devices.</encoding>
            </basicData>
        </basicDataRepresentations>
    </dataTypes>
</objectModel>



==== $PTII/ptolemy/configs/test/validDemos.tcl: validDemos-2776 Validating parse of /home/travis/build/icyphy/ptII/ptolemy/configs/test/../../../org/hlacerti/test/auto/FederatesDifferentTimeManagement_1516/1ProdNER1ConsNER/Signal.xml after removing configure
==== Contents of test case:

	    set errMsg {}
	    if [catch {java::call ptolemy.configs.test.ValidatingXMLParser parse $filename} errMsg] {
		puts "Could not parse $modelPath, file $filename was"
		# Print out the contents of the failed file.
		# A common failure is a version control system conflict.
		set fp [open $filename r]
		puts [read $fp]
		close $fp
	    }

	    list $errMsg
	
==== Result was:
{org.xml.sax.SAXParseException; systemId: file:///tmp/validDemos17445421021422991413.xml; lineNumber: 2; columnNumber: 14; Document root element "objectModel", must match DOCTYPE root "null".}
---- Result should have been:
{}
---- validDemos-2776 FAILED
...
 Error parsing line 2, uri file:///tmp/validDemos17445421021422991413.xml
   Document root element "objectModel", must match DOCTYPE root "null".
Could not parse /home/travis/build/icyphy/ptII/ptolemy/configs/test/../../../org/hlacerti/test/auto/FederatesDifferentTimeManagement_1516/1ProdTAR1ConsTAR/Signal.xml, file /tmp/validDemos17445421021422991413.xml was
<?xml version="1.0"?>
<objectModel>
	<objects>
		<objectClass>
			<name>Signal</name>
			<attribute>
				<name>val</name>
				<dataType>HLAfloat64LE</dataType>
				<transportation>HLAreliable</transportation>
				<order>TimeStamp</order>
			</attribute>
		</objectClass>
	</objects>
	<dataTypes>
		<basicDataRepresentations>
			<basicData>
				<name>HLAinteger16BE</name>
				<size>16</size>
				<interpretation>Integer in the range [-2^15, 2^15 - 1]</interpretation>
				<endian>Big</endian>
				<encoding>16-bit two's complement signed integer. The most significant bit contains the sign.</encoding>
			</basicData>
			<basicData>
				<name>HLAinteger32BE</name>
				<size>32</size>
				<interpretation>Integer in the range [-2^31, 2^31 - 1]</interpretation>
				<endian>Big</endian>
				<encoding>32-bit two's complement signed integer. The most significant bit contains the sign.</encoding>
			</basicData>
			<basicData>
				<name>HLAinteger64BE</name>
				<size>64</size>
				<interpretation>Integer in the range [-2^63, 2^63 - 1]</interpretation>
				<endian>Big</endian>
				<encoding>64-bit two's complement signed integer first. The most significant bit contains the sign.
				</encoding>
			</basicData>
			<basicData>
				<name>HLAfloat32BE</name>
				<size>32</size>
				<interpretation>Single-precision floating point number</interpretation>
				<endian>Big</endian>
				<encoding>32-bit IEEE normalized single-precision format. See IEEE Std 754-1985</encoding>
			</basicData>
			<basicData>
				<name>HLAfloat64BE</name>
				<size>64</size>
				<interpretation>Double-precision floating point number</interpretation>
				<endian>Big</endian>
				<encoding>64-bit IEEE normalized double-precision format. See IEEE Std 754-1985</encoding>
			</basicData>
			<basicData>
				<name>HLAoctetPairBE</name>
				<size>16</size>
				<interpretation>16-bit value</interpretation>
				<endian>Big</endian>
				<encoding>Assumed to be portable among devices.</encoding>
			</basicData>
			<basicData>
				<name>HLAinteger16LE</name>
				<size>16</size>
				<interpretation>Integer in the range [-2^15, 2^15 - 1]</interpretation>
				<endian>Little</endian>
				<encoding>16-bit two's complement signed integer. The most significant bit contains the sign.</encoding>
			</basicData>
			<basicData>
				<name>HLAinteger32LE</name>
				<size>32</size>
				<interpretation>Integer in the range [-2^31, 2^31 - 1]</interpretation>
				<endian>Little</endian>
				<encoding>32-bit two's complement signed integer. The most significant bit contains the sign.</encoding>
			</basicData>
			<basicData>
				<name>HLAinteger64LE</name>
				<size>64</size>
				<interpretation>Integer in the range [-2^63, 2^63 - 1]</interpretation>
				<endian>Little</endian>
				<encoding>64-bit two's complement signed integer first. The most significant bit contains the sign.
				</encoding>
			</basicData>
			<basicData>
				<name>HLAfloat32LE</name>
				<size>32</size>
				<interpretation>Single-precision floating point number</interpretation>
				<endian>Little</endian>
				<encoding>32-bit IEEE normalized single-precision format. See IEEE Std 754-1985</encoding>
			</basicData>
			<basicData>
				<name>HLAfloat64LE</name>
				<size>64</size>
				<interpretation>Double-precision floating point number</interpretation>
				<endian>Little</endian>
				<encoding>64-bit IEEE normalized double-precision format. See IEEE Std 754-1985</encoding>
			</basicData>
			<basicData>
				<name>HLAoctetPairLE</name>
				<size>16</size>
				<interpretation>16-bit value</interpretation>
				<endian>Little</endian>
				<encoding>Assumed to be portable among hardware devices.</encoding>
			</basicData>
			<basicData>
				<name>HLAoctet</name>
				<size>8</size>
				<interpretation>8-bit value</interpretation>
				<endian>Big</endian>
				<encoding>Assumed to be portable among hardware devices.</encoding>
			</basicData>
		</basicDataRepresentations>
	</dataTypes>
</objectModel>



==== $PTII/ptolemy/configs/test/validDemos.tcl: validDemos-2779 Validating parse of /home/travis/build/icyphy/ptII/ptolemy/configs/test/../../../org/hlacerti/test/auto/FederatesDifferentTimeManagement_1516/1ProdTAR1ConsTAR/Signal.xml after removing configure
==== Contents of test case:

	    set errMsg {}
	    if [catch {java::call ptolemy.configs.test.ValidatingXMLParser parse $filename} errMsg] {
		puts "Could not parse $modelPath, file $filename was"
		# Print out the contents of the failed file.
		# A common failure is a version control system conflict.
		set fp [open $filename r]
		puts [read $fp]
		close $fp
	    }

	    list $errMsg
	
==== Result was:
{org.xml.sax.SAXParseException; systemId: file:///tmp/validDemos17445421021422991413.xml; lineNumber: 2; columnNumber: 14; Document root element "objectModel", must match DOCTYPE root "null".}
---- Result should have been:
{}
---- validDemos-2779 FAILED
...
 Error parsing line 2, uri file:///tmp/validDemos17445421021422991413.xml
   Document root element "objectModel", must match DOCTYPE root "null".
Could not parse /home/travis/build/icyphy/ptII/ptolemy/configs/test/../../../org/hlacerti/test/auto/FederatesDifferentTimeManagement_1516/1ProdNER1ConsTAR/Signal.xml, file /tmp/validDemos17445421021422991413.xml was
<?xml version="1.0"?>
<objectModel>
    <objects>
        <objectClass>
            <name>Signal</name>
            <attribute>
                <name>val</name>
                <dataType>HLAfloat64LE</dataType>
                <transportation>HLAreliable</transportation>
                <order>TimeStamp</order>
            </attribute>
        </objectClass>
    </objects>
    <dataTypes>
        <basicDataRepresentations>
            <basicData>
                <name>HLAinteger16BE</name>
                <size>16</size>
                <interpretation>Integer in the range [-2^15, 2^15 - 1]</interpretation>
                <endian>Big</endian>
                <encoding>16-bit two's complement signed integer. The most significant bit contains the sign.</encoding>
            </basicData>
            <basicData>
                <name>HLAinteger32BE</name>
                <size>32</size>
                <interpretation>Integer in the range [-2^31, 2^31 - 1]</interpretation>
                <endian>Big</endian>
                <encoding>32-bit two's complement signed integer. The most significant bit contains the sign.</encoding>
            </basicData>
            <basicData>
                <name>HLAinteger64BE</name>
                <size>64</size>
                <interpretation>Integer in the range [-2^63, 2^63 - 1]</interpretation>
                <endian>Big</endian>
                <encoding>64-bit two's complement signed integer first. The most significant bit contains the sign.
                </encoding>
            </basicData>
            <basicData>
                <name>HLAfloat32BE</name>
                <size>32</size>
                <interpretation>Single-precision floating point number</interpretation>
                <endian>Big</endian>
                <encoding>32-bit IEEE normalized single-precision format. See IEEE Std 754-1985</encoding>
            </basicData>
            <basicData>
                <name>HLAfloat64BE</name>
                <size>64</size>
                <interpretation>Double-precision floating point number</interpretation>
                <endian>Big</endian>
                <encoding>64-bit IEEE normalized double-precision format. See IEEE Std 754-1985</encoding>
            </basicData>
            <basicData>
                <name>HLAoctetPairBE</name>
                <size>16</size>
                <interpretation>16-bit value</interpretation>
                <endian>Big</endian>
                <encoding>Assumed to be portable among devices.</encoding>
            </basicData>
            <basicData>
                <name>HLAinteger16LE</name>
                <size>16</size>
                <interpretation>Integer in the range [-2^15, 2^15 - 1]</interpretation>
                <endian>Little</endian>
                <encoding>16-bit two's complement signed integer. The most significant bit contains the sign.</encoding>
            </basicData>
            <basicData>
                <name>HLAinteger32LE</name>
                <size>32</size>
                <interpretation>Integer in the range [-2^31, 2^31 - 1]</interpretation>
                <endian>Little</endian>
                <encoding>32-bit two's complement signed integer. The most significant bit contains the sign.</encoding>
            </basicData>
            <basicData>
                <name>HLAinteger64LE</name>
                <size>64</size>
                <interpretation>Integer in the range [-2^63, 2^63 - 1]</interpretation>
                <endian>Little</endian>
                <encoding>64-bit two's complement signed integer first. The most significant bit contains the sign.
                </encoding>
            </basicData>
            <basicData>
                <name>HLAfloat32LE</name>
                <size>32</size>
                <interpretation>Single-precision floating point number</interpretation>
                <endian>Little</endian>
                <encoding>32-bit IEEE normalized single-precision format. See IEEE Std 754-1985</encoding>
            </basicData>
            <basicData>
                <name>HLAfloat64LE</name>
                <size>64</size>
                <interpretation>Double-precision floating point number</interpretation>
                <endian>Little</endian>
                <encoding>64-bit IEEE normalized double-precision format. See IEEE Std 754-1985</encoding>
            </basicData>
            <basicData>
                <name>HLAoctetPairLE</name>
                <size>16</size>
                <interpretation>16-bit value</interpretation>
                <endian>Little</endian>
                <encoding>Assumed to be portable among hardware devices.</encoding>
            </basicData>
            <basicData>
                <name>HLAoctet</name>
                <size>8</size>
                <interpretation>8-bit value</interpretation>
                <endian>Big</endian>
                <encoding>Assumed to be portable among hardware devices.</encoding>
            </basicData>
        </basicDataRepresentations>
    </dataTypes>
</objectModel>



==== $PTII/ptolemy/configs/test/validDemos.tcl: validDemos-2782 Validating parse of /home/travis/build/icyphy/ptII/ptolemy/configs/test/../../../org/hlacerti/test/auto/FederatesDifferentTimeManagement_1516/1ProdNER1ConsTAR/Signal.xml after removing configure
==== Contents of test case:

	    set errMsg {}
	    if [catch {java::call ptolemy.configs.test.ValidatingXMLParser parse $filename} errMsg] {
		puts "Could not parse $modelPath, file $filename was"
		# Print out the contents of the failed file.
		# A common failure is a version control system conflict.
		set fp [open $filename r]
		puts [read $fp]
		close $fp
	    }

	    list $errMsg
	
==== Result was:
{org.xml.sax.SAXParseException; systemId: file:///tmp/validDemos17445421021422991413.xml; lineNumber: 2; columnNumber: 14; Document root element "objectModel", must match DOCTYPE root "null".}
---- Result should have been:
{}
---- validDemos-2782 FAILED
.......
 Error parsing line 2, uri file:///tmp/validDemos17445421021422991413.xml
   Document root element "objectModel", must match DOCTYPE root "null".
Could not parse /home/travis/build/icyphy/ptII/ptolemy/configs/test/../../../org/hlacerti/test/auto/StaticMultiInstance_1516/2Values2Instances/StaticMultiInstance22.xml, file /tmp/validDemos17445421021422991413.xml was
<?xml version="1.0"?>
<objectModel>
	<objects>
		<objectClass>
			<name>ValueTransfer</name>
			<attribute>
				<name>val1</name>
				<dataType>HLAfloat64LE</dataType>
				<transportation>HLAreliable</transportation>
				<order>TimeStamp</order>
			</attribute>
			<attribute>
				<name>val2</name>
				<dataType>HLAfloat64LE</dataType>
				<transportation>HLAreliable</transportation>
				<order>TimeStamp</order>
			</attribute>
		</objectClass>
		<objectClass>
			<name>AnotherValueTransfer</name>
			<attribute>
				<name>val3</name>
				<dataType>HLAfloat64LE</dataType>
				<transportation>HLAreliable</transportation>
				<order>TimeStamp</order>
			</attribute>
			<attribute>
				<name>val4</name>
				<dataType>HLAfloat64LE</dataType>
				<transportation>HLAreliable</transportation>
				<order>TimeStamp</order>
			</attribute>
		</objectClass>
	</objects>
	<dataTypes>
		<basicDataRepresentations>
			<basicData>
				<name>HLAinteger16BE</name>
				<size>16</size>
				<interpretation>Integer in the range [-2^15, 2^15 - 1]</interpretation>
				<endian>Big</endian>
				<encoding>16-bit two's complement signed integer. The most significant bit contains the sign.</encoding>
			</basicData>
			<basicData>
				<name>HLAinteger32BE</name>
				<size>32</size>
				<interpretation>Integer in the range [-2^31, 2^31 - 1]</interpretation>
				<endian>Big</endian>
				<encoding>32-bit two's complement signed integer. The most significant bit contains the sign.</encoding>
			</basicData>
			<basicData>
				<name>HLAinteger64BE</name>
				<size>64</size>
				<interpretation>Integer in the range [-2^63, 2^63 - 1]</interpretation>
				<endian>Big</endian>
				<encoding>64-bit two's complement signed integer first. The most significant bit contains the sign.
				</encoding>
			</basicData>
			<basicData>
				<name>HLAfloat32BE</name>
				<size>32</size>
				<interpretation>Single-precision floating point number</interpretation>
				<endian>Big</endian>
				<encoding>32-bit IEEE normalized single-precision format. See IEEE Std 754-1985</encoding>
			</basicData>
			<basicData>
				<name>HLAfloat64BE</name>
				<size>64</size>
				<interpretation>Double-precision floating point number</interpretation>
				<endian>Big</endian>
				<encoding>64-bit IEEE normalized double-precision format. See IEEE Std 754-1985</encoding>
			</basicData>
			<basicData>
				<name>HLAoctetPairBE</name>
				<size>16</size>
				<interpretation>16-bit value</interpretation>
				<endian>Big</endian>
				<encoding>Assumed to be portable among devices.</encoding>
			</basicData>
			<basicData>
				<name>HLAinteger16LE</name>
				<size>16</size>
				<interpretation>Integer in the range [-2^15, 2^15 - 1]</interpretation>
				<endian>Little</endian>
				<encoding>16-bit two's complement signed integer. The most significant bit contains the sign.</encoding>
			</basicData>
			<basicData>
				<name>HLAinteger32LE</name>
				<size>32</size>
				<interpretation>Integer in the range [-2^31, 2^31 - 1]</interpretation>
				<endian>Little</endian>
				<encoding>32-bit two's complement signed integer. The most significant bit contains the sign.</encoding>
			</basicData>
			<basicData>
				<name>HLAinteger64LE</name>
				<size>64</size>
				<interpretation>Integer in the range [-2^63, 2^63 - 1]</interpretation>
				<endian>Little</endian>
				<encoding>64-bit two's complement signed integer first. The most significant bit contains the sign.
				</encoding>
			</basicData>
			<basicData>
				<name>HLAfloat32LE</name>
				<size>32</size>
				<interpretation>Single-precision floating point number</interpretation>
				<endian>Little</endian>
				<encoding>32-bit IEEE normalized single-precision format. See IEEE Std 754-1985</encoding>
			</basicData>
			<basicData>
				<name>HLAfloat64LE</name>
				<size>64</size>
				<interpretation>Double-precision floating point number</interpretation>
				<endian>Little</endian>
				<encoding>64-bit IEEE normalized double-precision format. See IEEE Std 754-1985</encoding>
			</basicData>
			<basicData>
				<name>HLAoctetPairLE</name>
				<size>16</size>
				<interpretation>16-bit value</interpretation>
				<endian>Little</endian>
				<encoding>Assumed to be portable among hardware devices.</encoding>
			</basicData>
			<basicData>
				<name>HLAoctet</name>
				<size>8</size>
				<interpretation>8-bit value</interpretation>
				<endian>Big</endian>
				<encoding>Assumed to be portable among hardware devices.</encoding>
			</basicData>
		</basicDataRepresentations>
	</dataTypes>
</objectModel>



==== $PTII/ptolemy/configs/test/validDemos.tcl: validDemos-2789 Validating parse of /home/travis/build/icyphy/ptII/ptolemy/configs/test/../../../org/hlacerti/test/auto/StaticMultiInstance_1516/2Values2Instances/StaticMultiInstance22.xml after removing configure
==== Contents of test case:

	    set errMsg {}
	    if [catch {java::call ptolemy.configs.test.ValidatingXMLParser parse $filename} errMsg] {
		puts "Could not parse $modelPath, file $filename was"
		# Print out the contents of the failed file.
		# A common failure is a version control system conflict.
		set fp [open $filename r]
		puts [read $fp]
		close $fp
	    }

	    list $errMsg
	
==== Result was:
{org.xml.sax.SAXParseException; systemId: file:///tmp/validDemos17445421021422991413.xml; lineNumber: 2; columnNumber: 14; Document root element "objectModel", must match DOCTYPE root "null".}
---- Result should have been:
{}
---- validDemos-2789 FAILED
...
 Error parsing line 2, uri file:///tmp/validDemos17445421021422991413.xml
   Document root element "objectModel", must match DOCTYPE root "null".
Could not parse /home/travis/build/icyphy/ptII/ptolemy/configs/test/../../../org/hlacerti/test/auto/StaticMultiInstance_1516/2Values1Instance/StaticMultiInstance21.xml, file /tmp/validDemos17445421021422991413.xml was
<?xml version="1.0"?>
<objectModel>
	<objects>
		<objectClass>
			<name>ValueTransfer</name>
			<attribute>
				<name>val1</name>
				<dataType>HLAfloat64LE</dataType>
				<transportation>HLAreliable</transportation>
				<order>TimeStamp</order>
			</attribute>
			<attribute>
				<name>val2</name>
				<dataType>HLAfloat64LE</dataType>
				<transportation>HLAreliable</transportation>
				<order>TimeStamp</order>
			</attribute>
		</objectClass>
		<objectClass>
			<name>AnotherValueTransfer</name>
			<attribute>
				<name>val3</name>
				<dataType>HLAfloat64LE</dataType>
				<transportation>HLAreliable</transportation>
				<order>TimeStamp</order>
			</attribute>
			<attribute>
				<name>val4</name>
				<dataType>HLAfloat64LE</dataType>
				<transportation>HLAreliable</transportation>
				<order>TimeStamp</order>
			</attribute>
		</objectClass>
	</objects>
	<dataTypes>
		<basicDataRepresentations>
			<basicData>
				<name>HLAinteger16BE</name>
				<size>16</size>
				<interpretation>Integer in the range [-2^15, 2^15 - 1]</interpretation>
				<endian>Big</endian>
				<encoding>16-bit two's complement signed integer. The most significant bit contains the sign.</encoding>
			</basicData>
			<basicData>
				<name>HLAinteger32BE</name>
				<size>32</size>
				<interpretation>Integer in the range [-2^31, 2^31 - 1]</interpretation>
				<endian>Big</endian>
				<encoding>32-bit two's complement signed integer. The most significant bit contains the sign.</encoding>
			</basicData>
			<basicData>
				<name>HLAinteger64BE</name>
				<size>64</size>
				<interpretation>Integer in the range [-2^63, 2^63 - 1]</interpretation>
				<endian>Big</endian>
				<encoding>64-bit two's complement signed integer first. The most significant bit contains the sign.
				</encoding>
			</basicData>
			<basicData>
				<name>HLAfloat32BE</name>
				<size>32</size>
				<interpretation>Single-precision floating point number</interpretation>
				<endian>Big</endian>
				<encoding>32-bit IEEE normalized single-precision format. See IEEE Std 754-1985</encoding>
			</basicData>
			<basicData>
				<name>HLAfloat64BE</name>
				<size>64</size>
				<interpretation>Double-precision floating point number</interpretation>
				<endian>Big</endian>
				<encoding>64-bit IEEE normalized double-precision format. See IEEE Std 754-1985</encoding>
			</basicData>
			<basicData>
				<name>HLAoctetPairBE</name>
				<size>16</size>
				<interpretation>16-bit value</interpretation>
				<endian>Big</endian>
				<encoding>Assumed to be portable among devices.</encoding>
			</basicData>
			<basicData>
				<name>HLAinteger16LE</name>
				<size>16</size>
				<interpretation>Integer in the range [-2^15, 2^15 - 1]</interpretation>
				<endian>Little</endian>
				<encoding>16-bit two's complement signed integer. The most significant bit contains the sign.</encoding>
			</basicData>
			<basicData>
				<name>HLAinteger32LE</name>
				<size>32</size>
				<interpretation>Integer in the range [-2^31, 2^31 - 1]</interpretation>
				<endian>Little</endian>
				<encoding>32-bit two's complement signed integer. The most significant bit contains the sign.</encoding>
			</basicData>
			<basicData>
				<name>HLAinteger64LE</name>
				<size>64</size>
				<interpretation>Integer in the range [-2^63, 2^63 - 1]</interpretation>
				<endian>Little</endian>
				<encoding>64-bit two's complement signed integer first. The most significant bit contains the sign.
				</encoding>
			</basicData>
			<basicData>
				<name>HLAfloat32LE</name>
				<size>32</size>
				<interpretation>Single-precision floating point number</interpretation>
				<endian>Little</endian>
				<encoding>32-bit IEEE normalized single-precision format. See IEEE Std 754-1985</encoding>
			</basicData>
			<basicData>
				<name>HLAfloat64LE</name>
				<size>64</size>
				<interpretation>Double-precision floating point number</interpretation>
				<endian>Little</endian>
				<encoding>64-bit IEEE normalized double-precision format. See IEEE Std 754-1985</encoding>
			</basicData>
			<basicData>
				<name>HLAoctetPairLE</name>
				<size>16</size>
				<interpretation>16-bit value</interpretation>
				<endian>Little</endian>
				<encoding>Assumed to be portable among hardware devices.</encoding>
			</basicData>
			<basicData>
				<name>HLAoctet</name>
				<size>8</size>
				<interpretation>8-bit value</interpretation>
				<endian>Big</endian>
				<encoding>Assumed to be portable among hardware devices.</encoding>
			</basicData>
		</basicDataRepresentations>
	</dataTypes>
</objectModel>



==== $PTII/ptolemy/configs/test/validDemos.tcl: validDemos-2792 Validating parse of /home/travis/build/icyphy/ptII/ptolemy/configs/test/../../../org/hlacerti/test/auto/StaticMultiInstance_1516/2Values1Instance/StaticMultiInstance21.xml after removing configure
==== Contents of test case:

	    set errMsg {}
	    if [catch {java::call ptolemy.configs.test.ValidatingXMLParser parse $filename} errMsg] {
		puts "Could not parse $modelPath, file $filename was"
		# Print out the contents of the failed file.
		# A common failure is a version control system conflict.
		set fp [open $filename r]
		puts [read $fp]
		close $fp
	    }

	    list $errMsg
	
==== Result was:
{org.xml.sax.SAXParseException; systemId: file:///tmp/validDemos17445421021422991413.xml; lineNumber: 2; columnNumber: 14; Document root element "objectModel", must match DOCTYPE root "null".}
---- Result should have been:
{}
---- validDemos-2792 FAILED
.....
 Error parsing line 2, uri file:///tmp/validDemos17445421021422991413.xml
   Document root element "objectModel", must match DOCTYPE root "null".
Could not parse /home/travis/build/icyphy/ptII/ptolemy/configs/test/../../../org/hlacerti/test/auto/StaticMultiInstance_1516/2Classes2Values2Instances/StaticMultiInstance222.xml, file /tmp/validDemos17445421021422991413.xml was
<?xml version="1.0"?>
<objectModel>
	<objects>
		<objectClass>
			<name>ValueTransfer</name>
			<attribute>
				<name>val1</name>
				<dataType>HLAfloat64LE</dataType>
				<transportation>HLAreliable</transportation>
				<order>TimeStamp</order>
			</attribute>
			<attribute>
				<name>val2</name>
				<dataType>HLAfloat64LE</dataType>
				<transportation>HLAreliable</transportation>
				<order>TimeStamp</order>
			</attribute>
		</objectClass>
		<objectClass>
			<name>AnotherValueTransfer</name>
			<attribute>
				<name>val3</name>
				<dataType>HLAfloat64LE</dataType>
				<transportation>HLAreliable</transportation>
				<order>TimeStamp</order>
			</attribute>
			<attribute>
				<name>val4</name>
				<dataType>HLAfloat64LE</dataType>
				<transportation>HLAreliable</transportation>
				<order>TimeStamp</order>
			</attribute>
		</objectClass>
	</objects>
	<dataTypes>
		<basicDataRepresentations>
			<basicData>
				<name>HLAinteger16BE</name>
				<size>16</size>
				<interpretation>Integer in the range [-2^15, 2^15 - 1]</interpretation>
				<endian>Big</endian>
				<encoding>16-bit two's complement signed integer. The most significant bit contains the sign.</encoding>
			</basicData>
			<basicData>
				<name>HLAinteger32BE</name>
				<size>32</size>
				<interpretation>Integer in the range [-2^31, 2^31 - 1]</interpretation>
				<endian>Big</endian>
				<encoding>32-bit two's complement signed integer. The most significant bit contains the sign.</encoding>
			</basicData>
			<basicData>
				<name>HLAinteger64BE</name>
				<size>64</size>
				<interpretation>Integer in the range [-2^63, 2^63 - 1]</interpretation>
				<endian>Big</endian>
				<encoding>64-bit two's complement signed integer first. The most significant bit contains the sign.
				</encoding>
			</basicData>
			<basicData>
				<name>HLAfloat32BE</name>
				<size>32</size>
				<interpretation>Single-precision floating point number</interpretation>
				<endian>Big</endian>
				<encoding>32-bit IEEE normalized single-precision format. See IEEE Std 754-1985</encoding>
			</basicData>
			<basicData>
				<name>HLAfloat64BE</name>
				<size>64</size>
				<interpretation>Double-precision floating point number</interpretation>
				<endian>Big</endian>
				<encoding>64-bit IEEE normalized double-precision format. See IEEE Std 754-1985</encoding>
			</basicData>
			<basicData>
				<name>HLAoctetPairBE</name>
				<size>16</size>
				<interpretation>16-bit value</interpretation>
				<endian>Big</endian>
				<encoding>Assumed to be portable among devices.</encoding>
			</basicData>
			<basicData>
				<name>HLAinteger16LE</name>
				<size>16</size>
				<interpretation>Integer in the range [-2^15, 2^15 - 1]</interpretation>
				<endian>Little</endian>
				<encoding>16-bit two's complement signed integer. The most significant bit contains the sign.</encoding>
			</basicData>
			<basicData>
				<name>HLAinteger32LE</name>
				<size>32</size>
				<interpretation>Integer in the range [-2^31, 2^31 - 1]</interpretation>
				<endian>Little</endian>
				<encoding>32-bit two's complement signed integer. The most significant bit contains the sign.</encoding>
			</basicData>
			<basicData>
				<name>HLAinteger64LE</name>
				<size>64</size>
				<interpretation>Integer in the range [-2^63, 2^63 - 1]</interpretation>
				<endian>Little</endian>
				<encoding>64-bit two's complement signed integer first. The most significant bit contains the sign.
				</encoding>
			</basicData>
			<basicData>
				<name>HLAfloat32LE</name>
				<size>32</size>
				<interpretation>Single-precision floating point number</interpretation>
				<endian>Little</endian>
				<encoding>32-bit IEEE normalized single-precision format. See IEEE Std 754-1985</encoding>
			</basicData>
			<basicData>
				<name>HLAfloat64LE</name>
				<size>64</size>
				<interpretation>Double-precision floating point number</interpretation>
				<endian>Little</endian>
				<encoding>64-bit IEEE normalized double-precision format. See IEEE Std 754-1985</encoding>
			</basicData>
			<basicData>
				<name>HLAoctetPairLE</name>
				<size>16</size>
				<interpretation>16-bit value</interpretation>
				<endian>Little</endian>
				<encoding>Assumed to be portable among hardware devices.</encoding>
			</basicData>
			<basicData>
				<name>HLAoctet</name>
				<size>8</size>
				<interpretation>8-bit value</interpretation>
				<endian>Big</endian>
				<encoding>Assumed to be portable among hardware devices.</encoding>
			</basicData>
		</basicDataRepresentations>
	</dataTypes>
</objectModel>



==== $PTII/ptolemy/configs/test/validDemos.tcl: validDemos-2797 Validating parse of /home/travis/build/icyphy/ptII/ptolemy/configs/test/../../../org/hlacerti/test/auto/StaticMultiInstance_1516/2Classes2Values2Instances/StaticMultiInstance222.xml after removing configure
==== Contents of test case:

	    set errMsg {}
	    if [catch {java::call ptolemy.configs.test.ValidatingXMLParser parse $filename} errMsg] {
		puts "Could not parse $modelPath, file $filename was"
		# Print out the contents of the failed file.
		# A common failure is a version control system conflict.
		set fp [open $filename r]
		puts [read $fp]
		close $fp
	    }

	    list $errMsg
	
==== Result was:
{org.xml.sax.SAXParseException; systemId: file:///tmp/validDemos17445421021422991413.xml; lineNumber: 2; columnNumber: 14; Document root element "objectModel", must match DOCTYPE root "null".}
---- Result should have been:
{}
---- validDemos-2797 FAILED
..
 Error parsing line 2, uri file:///tmp/validDemos17445421021422991413.xml
   Document root element "objectModel", must match DOCTYPE root "null".
Could not parse /home/travis/build/icyphy/ptII/ptolemy/configs/test/../../../org/hlacerti/test/auto/StaticMultiInstance_1516/MultiDataTypes/MultiDataTypes.xml, file /tmp/validDemos17445421021422991413.xml was
<?xml version="1.0"?>
<objectModel>
	<objects>
		<objectClass>
			<name>HLAobjectClass</name>
			<attribute>
				<name>val</name>
				<dataType>HLAfloat64LE</dataType>
				<transportation>HLAreliable</transportation>
				<order>TimeStamp</order>
			</attribute>
			<attribute>
				<name>val1</name>
				<dataType>HLAfloat64LE</dataType>
				<transportation>HLAreliable</transportation>
				<order>TimeStamp</order>
			</attribute>
			<attribute>
				<name>val2</name>
				<dataType>HLAfloat64LE</dataType>
				<transportation>HLAreliable</transportation>
				<order>TimeStamp</order>
			</attribute>
			<attribute>
				<name>val3</name>
				<dataType>HLAfloat64LE</dataType>
				<transportation>HLAreliable</transportation>
				<order>TimeStamp</order>
			</attribute>
			<attribute>
				<name>val4</name>
				<dataType>HLAfloat64LE</dataType>
				<transportation>HLAreliable</transportation>
				<order>TimeStamp</order>
			</attribute>
			<attribute>
				<name>val5</name>
				<dataType>HLAfloat64LE</dataType>
				<transportation>HLAreliable</transportation>
				<order>TimeStamp</order>
			</attribute>
		</objectClass>
	</objects>
	<dataTypes>
		<basicDataRepresentations>
			<basicData>
				<name>HLAinteger16BE</name>
				<size>16</size>
				<interpretation>Integer in the range [-2^15, 2^15 - 1]</interpretation>
				<endian>Big</endian>
				<encoding>16-bit two's complement signed integer. The most significant bit contains the sign.</encoding>
			</basicData>
			<basicData>
				<name>HLAinteger32BE</name>
				<size>32</size>
				<interpretation>Integer in the range [-2^31, 2^31 - 1]</interpretation>
				<endian>Big</endian>
				<encoding>32-bit two's complement signed integer. The most significant bit contains the sign.</encoding>
			</basicData>
			<basicData>
				<name>HLAinteger64BE</name>
				<size>64</size>
				<interpretation>Integer in the range [-2^63, 2^63 - 1]</interpretation>
				<endian>Big</endian>
				<encoding>64-bit two's complement signed integer first. The most significant bit contains the sign.
				</encoding>
			</basicData>
			<basicData>
				<name>HLAfloat32BE</name>
				<size>32</size>
				<interpretation>Single-precision floating point number</interpretation>
				<endian>Big</endian>
				<encoding>32-bit IEEE normalized single-precision format. See IEEE Std 754-1985</encoding>
			</basicData>
			<basicData>
				<name>HLAfloat64BE</name>
				<size>64</size>
				<interpretation>Double-precision floating point number</interpretation>
				<endian>Big</endian>
				<encoding>64-bit IEEE normalized double-precision format. See IEEE Std 754-1985</encoding>
			</basicData>
			<basicData>
				<name>HLAoctetPairBE</name>
				<size>16</size>
				<interpretation>16-bit value</interpretation>
				<endian>Big</endian>
				<encoding>Assumed to be portable among devices.</encoding>
			</basicData>
			<basicData>
				<name>HLAinteger16LE</name>
				<size>16</size>
				<interpretation>Integer in the range [-2^15, 2^15 - 1]</interpretation>
				<endian>Little</endian>
				<encoding>16-bit two's complement signed integer. The most significant bit contains the sign.</encoding>
			</basicData>
			<basicData>
				<name>HLAinteger32LE</name>
				<size>32</size>
				<interpretation>Integer in the range [-2^31, 2^31 - 1]</interpretation>
				<endian>Little</endian>
				<encoding>32-bit two's complement signed integer. The most significant bit contains the sign.</encoding>
			</basicData>
			<basicData>
				<name>HLAinteger64LE</name>
				<size>64</size>
				<interpretation>Integer in the range [-2^63, 2^63 - 1]</interpretation>
				<endian>Little</endian>
				<encoding>64-bit two's complement signed integer first. The most significant bit contains the sign.
				</encoding>
			</basicData>
			<basicData>
				<name>HLAfloat32LE</name>
				<size>32</size>
				<interpretation>Single-precision floating point number</interpretation>
				<endian>Little</endian>
				<encoding>32-bit IEEE normalized single-precision format. See IEEE Std 754-1985</encoding>
			</basicData>
			<basicData>
				<name>HLAfloat64LE</name>
				<size>64</size>
				<interpretation>Double-precision floating point number</interpretation>
				<endian>Little</endian>
				<encoding>64-bit IEEE normalized double-precision format. See IEEE Std 754-1985</encoding>
			</basicData>
			<basicData>
				<name>HLAoctetPairLE</name>
				<size>16</size>
				<interpretation>16-bit value</interpretation>
				<endian>Little</endian>
				<encoding>Assumed to be portable among hardware devices.</encoding>
			</basicData>
			<basicData>
				<name>HLAoctet</name>
				<size>8</size>
				<interpretation>8-bit value</interpretation>
				<endian>Big</endian>
				<encoding>Assumed to be portable among hardware devices.</encoding>
			</basicData>
		</basicDataRepresentations>
	</dataTypes>
</objectModel>



==== $PTII/ptolemy/configs/test/validDemos.tcl: validDemos-2799 Validating parse of /home/travis/build/icyphy/ptII/ptolemy/configs/test/../../../org/hlacerti/test/auto/StaticMultiInstance_1516/MultiDataTypes/MultiDataTypes.xml after removing configure
==== Contents of test case:

	    set errMsg {}
	    if [catch {java::call ptolemy.configs.test.ValidatingXMLParser parse $filename} errMsg] {
		puts "Could not parse $modelPath, file $filename was"
		# Print out the contents of the failed file.
		# A common failure is a version control system conflict.
		set fp [open $filename r]
		puts [read $fp]
		close $fp
	    }

	    list $errMsg
	
==== Result was:
{org.xml.sax.SAXParseException; systemId: file:///tmp/validDemos17445421021422991413.xml; lineNumber: 2; columnNumber: 14; Document root element "objectModel", must match DOCTYPE root "null".}
---- Result should have been:
{}
---- validDemos-2799 FAILED
..
 Error parsing line 2, uri file:///tmp/validDemos17445421021422991413.xml
   Document root element "objectModel", must match DOCTYPE root "null".
Could not parse /home/travis/build/icyphy/ptII/ptolemy/configs/test/../../../org/hlacerti/test/auto/StaticMultiInstance_1516/1Value2Instances/StaticMultiInstance12.xml, file /tmp/validDemos17445421021422991413.xml was
<?xml version="1.0"?>
<objectModel>
	<objects>
		<objectClass>
			<name>ValueTransfer</name>
			<attribute>
				<name>val1</name>
				<dataType>HLAfloat64LE</dataType>
				<transportation>HLAreliable</transportation>
				<order>TimeStamp</order>
			</attribute>
			<attribute>
				<name>val2</name>
				<dataType>HLAfloat64LE</dataType>
				<transportation>HLAreliable</transportation>
				<order>TimeStamp</order>
			</attribute>
		</objectClass>
		<objectClass>
			<name>AnotherValueTransfer</name>
			<attribute>
				<name>val3</name>
				<dataType>HLAfloat64LE</dataType>
				<transportation>HLAreliable</transportation>
				<order>TimeStamp</order>
			</attribute>
			<attribute>
				<name>val4</name>
				<dataType>HLAfloat64LE</dataType>
				<transportation>HLAreliable</transportation>
				<order>TimeStamp</order>
			</attribute>
		</objectClass>
	</objects>
	<dataTypes>
		<basicDataRepresentations>
			<basicData>
				<name>HLAinteger16BE</name>
				<size>16</size>
				<interpretation>Integer in the range [-2^15, 2^15 - 1]</interpretation>
				<endian>Big</endian>
				<encoding>16-bit two's complement signed integer. The most significant bit contains the sign.</encoding>
			</basicData>
			<basicData>
				<name>HLAinteger32BE</name>
				<size>32</size>
				<interpretation>Integer in the range [-2^31, 2^31 - 1]</interpretation>
				<endian>Big</endian>
				<encoding>32-bit two's complement signed integer. The most significant bit contains the sign.</encoding>
			</basicData>
			<basicData>
				<name>HLAinteger64BE</name>
				<size>64</size>
				<interpretation>Integer in the range [-2^63, 2^63 - 1]</interpretation>
				<endian>Big</endian>
				<encoding>64-bit two's complement signed integer first. The most significant bit contains the sign.
				</encoding>
			</basicData>
			<basicData>
				<name>HLAfloat32BE</name>
				<size>32</size>
				<interpretation>Single-precision floating point number</interpretation>
				<endian>Big</endian>
				<encoding>32-bit IEEE normalized single-precision format. See IEEE Std 754-1985</encoding>
			</basicData>
			<basicData>
				<name>HLAfloat64BE</name>
				<size>64</size>
				<interpretation>Double-precision floating point number</interpretation>
				<endian>Big</endian>
				<encoding>64-bit IEEE normalized double-precision format. See IEEE Std 754-1985</encoding>
			</basicData>
			<basicData>
				<name>HLAoctetPairBE</name>
				<size>16</size>
				<interpretation>16-bit value</interpretation>
				<endian>Big</endian>
				<encoding>Assumed to be portable among devices.</encoding>
			</basicData>
			<basicData>
				<name>HLAinteger16LE</name>
				<size>16</size>
				<interpretation>Integer in the range [-2^15, 2^15 - 1]</interpretation>
				<endian>Little</endian>
				<encoding>16-bit two's complement signed integer. The most significant bit contains the sign.</encoding>
			</basicData>
			<basicData>
				<name>HLAinteger32LE</name>
				<size>32</size>
				<interpretation>Integer in the range [-2^31, 2^31 - 1]</interpretation>
				<endian>Little</endian>
				<encoding>32-bit two's complement signed integer. The most significant bit contains the sign.</encoding>
			</basicData>
			<basicData>
				<name>HLAinteger64LE</name>
				<size>64</size>
				<interpretation>Integer in the range [-2^63, 2^63 - 1]</interpretation>
				<endian>Little</endian>
				<encoding>64-bit two's complement signed integer first. The most significant bit contains the sign.
				</encoding>
			</basicData>
			<basicData>
				<name>HLAfloat32LE</name>
				<size>32</size>
				<interpretation>Single-precision floating point number</interpretation>
				<endian>Little</endian>
				<encoding>32-bit IEEE normalized single-precision format. See IEEE Std 754-1985</encoding>
			</basicData>
			<basicData>
				<name>HLAfloat64LE</name>
				<size>64</size>
				<interpretation>Double-precision floating point number</interpretation>
				<endian>Little</endian>
				<encoding>64-bit IEEE normalized double-precision format. See IEEE Std 754-1985</encoding>
			</basicData>
			<basicData>
				<name>HLAoctetPairLE</name>
				<size>16</size>
				<interpretation>16-bit value</interpretation>
				<endian>Little</endian>
				<encoding>Assumed to be portable among hardware devices.</encoding>
			</basicData>
			<basicData>
				<name>HLAoctet</name>
				<size>8</size>
				<interpretation>8-bit value</interpretation>
				<endian>Big</endian>
				<encoding>Assumed to be portable among hardware devices.</encoding>
			</basicData>
		</basicDataRepresentations>
	</dataTypes>
</objectModel>



==== $PTII/ptolemy/configs/test/validDemos.tcl: validDemos-2801 Validating parse of /home/travis/build/icyphy/ptII/ptolemy/configs/test/../../../org/hlacerti/test/auto/StaticMultiInstance_1516/1Value2Instances/StaticMultiInstance12.xml after removing configure
==== Contents of test case:

	    set errMsg {}
	    if [catch {java::call ptolemy.configs.test.ValidatingXMLParser parse $filename} errMsg] {
		puts "Could not parse $modelPath, file $filename was"
		# Print out the contents of the failed file.
		# A common failure is a version control system conflict.
		set fp [open $filename r]
		puts [read $fp]
		close $fp
	    }

	    list $errMsg
	
==== Result was:
{org.xml.sax.SAXParseException; systemId: file:///tmp/validDemos17445421021422991413.xml; lineNumber: 2; columnNumber: 14; Document root element "objectModel", must match DOCTYPE root "null".}
---- Result should have been:
{}
---- validDemos-2801 FAILED
...............................................................................................................................................................................Checked 2976 demos from configs/doc/models.txt
Validating the xml in demo xml files after removing the configure blocks
....................................................................................................................................................................................................................................................................................................................................................................................................................................................................................................................................................................................................................................................................................................................................................................................Checked 756 demos from configs/doc/models.txt
07/07/20 03:36:53
Failed: 28  Total Tests: 3820  ((Passed: 3792, Newly Passed: 0)  Known Failed: 0) /home/travis/build/icyphy/ptII/ptolemy/configs/test
No auto/knownFailedTests/*.xml tests in /home/travis/build/icyphy/ptII/ptolemy/configs/test
No auto/linux-amd64/*.xml tests in /home/travis/build/icyphy/ptII/ptolemy/configs/test
AutoTests.java: About to close Vertx.
AutoTests.java: Vertx closed.
No auto/*.xml tests in /home/travis/build/icyphy/ptII/ptolemy/configs/test
AutoTests.java: About to close Vertx.
AutoTests.java: Vertx closed.
]]></system-out>
  <system-err><![CDATA[Warning: Nashorn engine is planned to be removed from a future JDK release
Warning: Nashorn engine is planned to be removed from a future JDK release
Warning: Nashorn engine is planned to be removed from a future JDK release
Warning: Nashorn engine is planned to be removed from a future JDK release
Warning: Nashorn engine is planned to be removed from a future JDK release
Warning: Nashorn engine is planned to be removed from a future JDK release
Warning: Nashorn engine is planned to be removed from a future JDK release
Warning: Nashorn engine is planned to be removed from a future JDK release
Warning: Nashorn engine is planned to be removed from a future JDK release
Warning: Nashorn engine is planned to be removed from a future JDK release
Warning: Nashorn engine is planned to be removed from a future JDK release
Warning: Nashorn engine is planned to be removed from a future JDK release
Warning: Nashorn engine is planned to be removed from a future JDK release
Warning: Nashorn engine is planned to be removed from a future JDK release
Warning: Nashorn engine is planned to be removed from a future JDK release
Warning: Nashorn engine is planned to be removed from a future JDK release
Loaded /home/travis/build/icyphy/ptII/vendors/javafx/javafx-sdk-11.0.2/lib/./libprism_es2.so from relative path
Failed Graphics Hardware Qualifier check.
System GPU doesn't meet the es2 pipe requirement
GraphicsPipeline.createPipeline: error initializing pipeline com.sun.prism.es2.ES2Pipeline
*** Fallback to Prism SW pipeline
Loaded /home/travis/build/icyphy/ptII/vendors/javafx/javafx-sdk-11.0.2/lib/./libprism_sw.so from relative path
JavaFX: using com.sun.javafx.tk.quantum.QuantumToolkit
Loaded /home/travis/build/icyphy/ptII/vendors/javafx/javafx-sdk-11.0.2/lib/./libglass.so from relative path
Loaded /home/travis/build/icyphy/ptII/vendors/javafx/javafx-sdk-11.0.2/lib/./libglassgtk3.so from relative path
 vsync: true vpipe: false
Warning: Nashorn engine is planned to be removed from a future JDK release
Warning: Nashorn engine is planned to be removed from a future JDK release
Warning: Nashorn engine is planned to be removed from a future JDK release
Warning: Nashorn engine is planned to be removed from a future JDK release
Warning: Nashorn engine is planned to be removed from a future JDK release
Warning: Nashorn engine is planned to be removed from a future JDK release
Warning: Nashorn engine is planned to be removed from a future JDK release
Warning: Nashorn engine is planned to be removed from a future JDK release
Warning: Nashorn engine is planned to be removed from a future JDK release
[main] INFO com.github.sarxos.webcam.Webcam - WebcamDefaultDriver capture driver will be used
Warning: Nashorn engine is planned to be removed from a future JDK release
Warning: Nashorn engine is planned to be removed from a future JDK release
Warning: Nashorn engine is planned to be removed from a future JDK release
Warning: Nashorn engine is planned to be removed from a future JDK release
Warning: Nashorn engine is planned to be removed from a future JDK release
Warning: Nashorn engine is planned to be removed from a future JDK release
Warning: Nashorn engine is planned to be removed from a future JDK release
Warning: Nashorn engine is planned to be removed from a future JDK release
Warning: Nashorn engine is planned to be removed from a future JDK release
Warning: Nashorn engine is planned to be removed from a future JDK release
Warning: Nashorn engine is planned to be removed from a future JDK release
Warning: Nashorn engine is planned to be removed from a future JDK release
Warning: Nashorn engine is planned to be removed from a future JDK release
Warning: Nashorn engine is planned to be removed from a future JDK release
Warning: Nashorn engine is planned to be removed from a future JDK release
Warning: Nashorn engine is planned to be removed from a future JDK release
Warning: Nashorn engine is planned to be removed from a future JDK release
Warning: Nashorn engine is planned to be removed from a future JDK release
Warning: Nashorn engine is planned to be removed from a future JDK release
Warning: Nashorn engine is planned to be removed from a future JDK release
Warning: Nashorn engine is planned to be removed from a future JDK release
Warning: Nashorn engine is planned to be removed from a future JDK release
Warning: Nashorn engine is planned to be removed from a future JDK release
Warning: Nashorn engine is planned to be removed from a future JDK release
Warning: Nashorn engine is planned to be removed from a future JDK release
Warning: Nashorn engine is planned to be removed from a future JDK release
Warning: Nashorn engine is planned to be removed from a future JDK release
Warning: Nashorn engine is planned to be removed from a future JDK release
Warning: Nashorn engine is planned to be removed from a future JDK release
Warning: Nashorn engine is planned to be removed from a future JDK release
Warning: Nashorn engine is planned to be removed from a future JDK release
Warning: Nashorn engine is planned to be removed from a future JDK release
Warning: Nashorn engine is planned to be removed from a future JDK release
Warning: Nashorn engine is planned to be removed from a future JDK release
Warning: Nashorn engine is planned to be removed from a future JDK release
Warning: Nashorn engine is planned to be removed from a future JDK release
Warning: Nashorn engine is planned to be removed from a future JDK release
Warning: Nashorn engine is planned to be removed from a future JDK release
Warning: Nashorn engine is planned to be removed from a future JDK release
Warning: Nashorn engine is planned to be removed from a future JDK release
Warning: Nashorn engine is planned to be removed from a future JDK release
Warning: Nashorn engine is planned to be removed from a future JDK release
Warning: Nashorn engine is planned to be removed from a future JDK release
Warning: Nashorn engine is planned to be removed from a future JDK release
Warning: Nashorn engine is planned to be removed from a future JDK release
Warning: Nashorn engine is planned to be removed from a future JDK release
Warning: Nashorn engine is planned to be removed from a future JDK release
Warning: Nashorn engine is planned to be removed from a future JDK release
Warning: Nashorn engine is planned to be removed from a future JDK release
Warning: Nashorn engine is planned to be removed from a future JDK release
Warning: Nashorn engine is planned to be removed from a future JDK release
Warning: Nashorn engine is planned to be removed from a future JDK release
Warning: Nashorn engine is planned to be removed from a future JDK release
Warning: Nashorn engine is planned to be removed from a future JDK release
Warning: Nashorn engine is planned to be removed from a future JDK release
Warning: Nashorn engine is planned to be removed from a future JDK release
Warning: Nashorn engine is planned to be removed from a future JDK release
Warning: Nashorn engine is planned to be removed from a future JDK release
Warning: Nashorn engine is planned to be removed from a future JDK release
Warning: Nashorn engine is planned to be removed from a future JDK release
Warning: Nashorn engine is planned to be removed from a future JDK release
Warning: Nashorn engine is planned to be removed from a future JDK release
Warning: Nashorn engine is planned to be removed from a future JDK release
Warning: Nashorn engine is planned to be removed from a future JDK release
Warning: Nashorn engine is planned to be removed from a future JDK release
Warning: Nashorn engine is planned to be removed from a future JDK release
Warning: Nashorn engine is planned to be removed from a future JDK release
Warning: Nashorn engine is planned to be removed from a future JDK release
Warning: Nashorn engine is planned to be removed from a future JDK release
Warning: Nashorn engine is planned to be removed from a future JDK release
Warning: Nashorn engine is planned to be removed from a future JDK release
Warning: Nashorn engine is planned to be removed from a future JDK release
Warning: Nashorn engine is planned to be removed from a future JDK release
Warning: Nashorn engine is planned to be removed from a future JDK release
Warning: Nashorn engine is planned to be removed from a future JDK release
Warning: Nashorn engine is planned to be removed from a future JDK release
Warning: Nashorn engine is planned to be removed from a future JDK release
Warning: Nashorn engine is planned to be removed from a future JDK release
Warning: Nashorn engine is planned to be removed from a future JDK release
Warning: Nashorn engine is planned to be removed from a future JDK release
Warning: Nashorn engine is planned to be removed from a future JDK release
Warning: Nashorn engine is planned to be removed from a future JDK release
Warning: Nashorn engine is planned to be removed from a future JDK release
Warning: Nashorn engine is planned to be removed from a future JDK release
Warning: Nashorn engine is planned to be removed from a future JDK release
Warning: Nashorn engine is planned to be removed from a future JDK release
Warning: Nashorn engine is planned to be removed from a future JDK release
Warning: Nashorn engine is planned to be removed from a future JDK release
Warning: Nashorn engine is planned to be removed from a future JDK release
Warning: Nashorn engine is planned to be removed from a future JDK release
Warning: Nashorn engine is planned to be removed from a future JDK release
Warning: Nashorn engine is planned to be removed from a future JDK release
Warning: Nashorn engine is planned to be removed from a future JDK release
Warning: Nashorn engine is planned to be removed from a future JDK release
Warning: Nashorn engine is planned to be removed from a future JDK release
Warning: Nashorn engine is planned to be removed from a future JDK release
Warning: Nashorn engine is planned to be removed from a future JDK release
Warning: Nashorn engine is planned to be removed from a future JDK release
Warning: Nashorn engine is planned to be removed from a future JDK release
Warning: Nashorn engine is planned to be removed from a future JDK release
Warning: Nashorn engine is planned to be removed from a future JDK release
Warning: Nashorn engine is planned to be removed from a future JDK release
Warning: Nashorn engine is planned to be removed from a future JDK release
Warning: Nashorn engine is planned to be removed from a future JDK release
Warning: Nashorn engine is planned to be removed from a future JDK release
Warning: Nashorn engine is planned to be removed from a future JDK release
Warning: Nashorn engine is planned to be removed from a future JDK release
Warning: Nashorn engine is planned to be removed from a future JDK release
Warning: Nashorn engine is planned to be removed from a future JDK release
Warning: Nashorn engine is planned to be removed from a future JDK release
Warning: Nashorn engine is planned to be removed from a future JDK release
Warning: Nashorn engine is planned to be removed from a future JDK release
Warning: Nashorn engine is planned to be removed from a future JDK release
Warning: Nashorn engine is planned to be removed from a future JDK release
Warning: Nashorn engine is planned to be removed from a future JDK release
Warning: Nashorn engine is planned to be removed from a future JDK release
Warning: Nashorn engine is planned to be removed from a future JDK release
Warning: Nashorn engine is planned to be removed from a future JDK release
Warning: Nashorn engine is planned to be removed from a future JDK release
Warning: Nashorn engine is planned to be removed from a future JDK release
Warning: Nashorn engine is planned to be removed from a future JDK release
Warning: Nashorn engine is planned to be removed from a future JDK release
Warning: Nashorn engine is planned to be removed from a future JDK release
Warning: Nashorn engine is planned to be removed from a future JDK release
Warning: Nashorn engine is planned to be removed from a future JDK release
Warning: Nashorn engine is planned to be removed from a future JDK release
Warning: Nashorn engine is planned to be removed from a future JDK release
Warning: Nashorn engine is planned to be removed from a future JDK release
Warning: Nashorn engine is planned to be removed from a future JDK release
Warning: Nashorn engine is planned to be removed from a future JDK release
Warning: Nashorn engine is planned to be removed from a future JDK release
Warning: Nashorn engine is planned to be removed from a future JDK release
Warning: Nashorn engine is planned to be removed from a future JDK release
Warning: Nashorn engine is planned to be removed from a future JDK release
Warning: Nashorn engine is planned to be removed from a future JDK release
Warning: Nashorn engine is planned to be removed from a future JDK release
Warning: Nashorn engine is planned to be removed from a future JDK release
Warning: Nashorn engine is planned to be removed from a future JDK release
Warning: Nashorn engine is planned to be removed from a future JDK release
Warning: Nashorn engine is planned to be removed from a future JDK release
Warning: Nashorn engine is planned to be removed from a future JDK release
Warning: Nashorn engine is planned to be removed from a future JDK release
Warning: Nashorn engine is planned to be removed from a future JDK release
Warning: Nashorn engine is planned to be removed from a future JDK release
Warning: Nashorn engine is planned to be removed from a future JDK release
Warning: Nashorn engine is planned to be removed from a future JDK release
Warning: Nashorn engine is planned to be removed from a future JDK release
Warning: Nashorn engine is planned to be removed from a future JDK release
Warning: Nashorn engine is planned to be removed from a future JDK release
Warning: Nashorn engine is planned to be removed from a future JDK release
Warning: Nashorn engine is planned to be removed from a future JDK release
Warning: Nashorn engine is planned to be removed from a future JDK release
Warning: Nashorn engine is planned to be removed from a future JDK release
Warning: Nashorn engine is planned to be removed from a future JDK release
Warning: Nashorn engine is planned to be removed from a future JDK release
Warning: Nashorn engine is planned to be removed from a future JDK release
Warning: Nashorn engine is planned to be removed from a future JDK release
Warning: Nashorn engine is planned to be removed from a future JDK release
Warning: Nashorn engine is planned to be removed from a future JDK release
Warning: Nashorn engine is planned to be removed from a future JDK release
Warning: Nashorn engine is planned to be removed from a future JDK release
Warning: Nashorn engine is planned to be removed from a future JDK release
Warning: Nashorn engine is planned to be removed from a future JDK release
Warning: Nashorn engine is planned to be removed from a future JDK release
Warning: Nashorn engine is planned to be removed from a future JDK release
Warning: Nashorn engine is planned to be removed from a future JDK release
Warning: Nashorn engine is planned to be removed from a future JDK release
Warning: Nashorn engine is planned to be removed from a future JDK release
Warning: Nashorn engine is planned to be removed from a future JDK release
Warning: Nashorn engine is planned to be removed from a future JDK release
Warning: Nashorn engine is planned to be removed from a future JDK release
Warning: Nashorn engine is planned to be removed from a future JDK release
Warning: Nashorn engine is planned to be removed from a future JDK release
Warning: Nashorn engine is planned to be removed from a future JDK release
Warning: Nashorn engine is planned to be removed from a future JDK release
Warning: Nashorn engine is planned to be removed from a future JDK release
Warning: Nashorn engine is planned to be removed from a future JDK release
Warning: Nashorn engine is planned to be removed from a future JDK release
Warning: Nashorn engine is planned to be removed from a future JDK release
Warning: Nashorn engine is planned to be removed from a future JDK release
Warning: Nashorn engine is planned to be removed from a future JDK release
Warning: Nashorn engine is planned to be removed from a future JDK release
Warning: Nashorn engine is planned to be removed from a future JDK release
Warning: Nashorn engine is planned to be removed from a future JDK release
Warning: Nashorn engine is planned to be removed from a future JDK release
Warning: Nashorn engine is planned to be removed from a future JDK release
Warning: Nashorn engine is planned to be removed from a future JDK release
Warning: Nashorn engine is planned to be removed from a future JDK release
Warning: Nashorn engine is planned to be removed from a future JDK release
Warning: Nashorn engine is planned to be removed from a future JDK release
Warning: Nashorn engine is planned to be removed from a future JDK release
Warning: Nashorn engine is planned to be removed from a future JDK release
Warning: Nashorn engine is planned to be removed from a future JDK release
Warning: Nashorn engine is planned to be removed from a future JDK release
Warning: Nashorn engine is planned to be removed from a future JDK release
Warning: Nashorn engine is planned to be removed from a future JDK release
Warning: Nashorn engine is planned to be removed from a future JDK release
Warning: Nashorn engine is planned to be removed from a future JDK release
Warning: Nashorn engine is planned to be removed from a future JDK release
Warning: Nashorn engine is planned to be removed from a future JDK release
Warning: Nashorn engine is planned to be removed from a future JDK release
Warning: Nashorn engine is planned to be removed from a future JDK release
Warning: Nashorn engine is planned to be removed from a future JDK release
Warning: Nashorn engine is planned to be removed from a future JDK release
Warning: Nashorn engine is planned to be removed from a future JDK release
Warning: Nashorn engine is planned to be removed from a future JDK release
Warning: Nashorn engine is planned to be removed from a future JDK release
Warning: Nashorn engine is planned to be removed from a future JDK release
Warning: Nashorn engine is planned to be removed from a future JDK release
Warning: Nashorn engine is planned to be removed from a future JDK release
Warning: Nashorn engine is planned to be removed from a future JDK release
Warning: Nashorn engine is planned to be removed from a future JDK release
Warning: Nashorn engine is planned to be removed from a future JDK release
Warning: Nashorn engine is planned to be removed from a future JDK release
Warning: Nashorn engine is planned to be removed from a future JDK release
Warning: Nashorn engine is planned to be removed from a future JDK release
Warning: Nashorn engine is planned to be removed from a future JDK release
Warning: Nashorn engine is planned to be removed from a future JDK release
Warning: Nashorn engine is planned to be removed from a future JDK release
Warning: Nashorn engine is planned to be removed from a future JDK release
Warning: Nashorn engine is planned to be removed from a future JDK release
Warning: Nashorn engine is planned to be removed from a future JDK release
Warning: Nashorn engine is planned to be removed from a future JDK release
Warning: Nashorn engine is planned to be removed from a future JDK release
Warning: Nashorn engine is planned to be removed from a future JDK release
Warning: Nashorn engine is planned to be removed from a future JDK release
Warning: Nashorn engine is planned to be removed from a future JDK release
Warning: Nashorn engine is planned to be removed from a future JDK release
Warning: Nashorn engine is planned to be removed from a future JDK release
Warning: Nashorn engine is planned to be removed from a future JDK release
Warning: Nashorn engine is planned to be removed from a future JDK release
Warning: Nashorn engine is planned to be removed from a future JDK release
Warning: Nashorn engine is planned to be removed from a future JDK release
Warning: Nashorn engine is planned to be removed from a future JDK release
Warning: Nashorn engine is planned to be removed from a future JDK release
Warning: Nashorn engine is planned to be removed from a future JDK release
Warning: Nashorn engine is planned to be removed from a future JDK release
Warning: Nashorn engine is planned to be removed from a future JDK release
Warning: Nashorn engine is planned to be removed from a future JDK release
Warning: Nashorn engine is planned to be removed from a future JDK release
Warning: Nashorn engine is planned to be removed from a future JDK release
Warning: Nashorn engine is planned to be removed from a future JDK release
Warning: Nashorn engine is planned to be removed from a future JDK release
Warning: Nashorn engine is planned to be removed from a future JDK release
Warning: Nashorn engine is planned to be removed from a future JDK release
Warning: Nashorn engine is planned to be removed from a future JDK release
Warning: Nashorn engine is planned to be removed from a future JDK release
Warning: Nashorn engine is planned to be removed from a future JDK release
Warning: Nashorn engine is planned to be removed from a future JDK release
Warning: Nashorn engine is planned to be removed from a future JDK release
Warning: Nashorn engine is planned to be removed from a future JDK release
Warning: Nashorn engine is planned to be removed from a future JDK release
Warning: Nashorn engine is planned to be removed from a future JDK release
Warning: Nashorn engine is planned to be removed from a future JDK release
Warning: Nashorn engine is planned to be removed from a future JDK release
Warning: Nashorn engine is planned to be removed from a future JDK release
Warning: Nashorn engine is planned to be removed from a future JDK release
Warning: Nashorn engine is planned to be removed from a future JDK release
Warning: Nashorn engine is planned to be removed from a future JDK release
Warning: Nashorn engine is planned to be removed from a future JDK release
Warning: Nashorn engine is planned to be removed from a future JDK release
Warning: Nashorn engine is planned to be removed from a future JDK release
Warning: Nashorn engine is planned to be removed from a future JDK release
Warning: Nashorn engine is planned to be removed from a future JDK release
Warning: Nashorn engine is planned to be removed from a future JDK release
Warning: Nashorn engine is planned to be removed from a future JDK release
Warning: Nashorn engine is planned to be removed from a future JDK release
Warning: Nashorn engine is planned to be removed from a future JDK release
Warning: Nashorn engine is planned to be removed from a future JDK release
Warning: Nashorn engine is planned to be removed from a future JDK release
Warning: Nashorn engine is planned to be removed from a future JDK release
Warning: Nashorn engine is planned to be removed from a future JDK release
Warning: Nashorn engine is planned to be removed from a future JDK release
Warning: Nashorn engine is planned to be removed from a future JDK release
Warning: Nashorn engine is planned to be removed from a future JDK release
Warning: Nashorn engine is planned to be removed from a future JDK release
Warning: Nashorn engine is planned to be removed from a future JDK release
Warning: Nashorn engine is planned to be removed from a future JDK release
Warning: Nashorn engine is planned to be removed from a future JDK release
Warning: Nashorn engine is planned to be removed from a future JDK release
Warning: Nashorn engine is planned to be removed from a future JDK release
Warning: Nashorn engine is planned to be removed from a future JDK release
Warning: Nashorn engine is planned to be removed from a future JDK release
Warning: Nashorn engine is planned to be removed from a future JDK release
Warning: Nashorn engine is planned to be removed from a future JDK release
Warning: Nashorn engine is planned to be removed from a future JDK release
Warning: Nashorn engine is planned to be removed from a future JDK release
Warning: Nashorn engine is planned to be removed from a future JDK release
Warning: Nashorn engine is planned to be removed from a future JDK release
Warning: Nashorn engine is planned to be removed from a future JDK release
Warning: Nashorn engine is planned to be removed from a future JDK release
Warning: Nashorn engine is planned to be removed from a future JDK release
Warning: Nashorn engine is planned to be removed from a future JDK release
Warning: Nashorn engine is planned to be removed from a future JDK release
Warning: Nashorn engine is planned to be removed from a future JDK release
Warning: Nashorn engine is planned to be removed from a future JDK release
Warning: Nashorn engine is planned to be removed from a future JDK release
Warning: Nashorn engine is planned to be removed from a future JDK release
Warning: Nashorn engine is planned to be removed from a future JDK release
Warning: Nashorn engine is planned to be removed from a future JDK release
Warning: Nashorn engine is planned to be removed from a future JDK release
Warning: Nashorn engine is planned to be removed from a future JDK release
Warning: Nashorn engine is planned to be removed from a future JDK release
Warning: Nashorn engine is planned to be removed from a future JDK release
Warning: Nashorn engine is planned to be removed from a future JDK release
Warning: Nashorn engine is planned to be removed from a future JDK release
Warning: Nashorn engine is planned to be removed from a future JDK release
Warning: Nashorn engine is planned to be removed from a future JDK release
Warning: Nashorn engine is planned to be removed from a future JDK release
Warning: Nashorn engine is planned to be removed from a future JDK release
Warning: Nashorn engine is planned to be removed from a future JDK release
Warning: Nashorn engine is planned to be removed from a future JDK release
Warning: Nashorn engine is planned to be removed from a future JDK release
Warning: Nashorn engine is planned to be removed from a future JDK release
Warning: Nashorn engine is planned to be removed from a future JDK release
Warning: Nashorn engine is planned to be removed from a future JDK release
Warning: Nashorn engine is planned to be removed from a future JDK release
Warning: Nashorn engine is planned to be removed from a future JDK release
Warning: Nashorn engine is planned to be removed from a future JDK release
Warning: Nashorn engine is planned to be removed from a future JDK release
Warning: Nashorn engine is planned to be removed from a future JDK release
Warning: Nashorn engine is planned to be removed from a future JDK release
Warning: Nashorn engine is planned to be removed from a future JDK release
Warning: Nashorn engine is planned to be removed from a future JDK release
Warning: Nashorn engine is planned to be removed from a future JDK release
Warning: Nashorn engine is planned to be removed from a future JDK release
Warning: Nashorn engine is planned to be removed from a future JDK release
Warning: Nashorn engine is planned to be removed from a future JDK release
Warning: Nashorn engine is planned to be removed from a future JDK release
Warning: Nashorn engine is planned to be removed from a future JDK release
Warning: Nashorn engine is planned to be removed from a future JDK release
Warning: Nashorn engine is planned to be removed from a future JDK release
Warning: Nashorn engine is planned to be removed from a future JDK release
Warning: Nashorn engine is planned to be removed from a future JDK release
Warning: Nashorn engine is planned to be removed from a future JDK release
Warning: Nashorn engine is planned to be removed from a future JDK release
Warning: Nashorn engine is planned to be removed from a future JDK release
Warning: Nashorn engine is planned to be removed from a future JDK release
Warning: Nashorn engine is planned to be removed from a future JDK release
Warning: Nashorn engine is planned to be removed from a future JDK release
Warning: Nashorn engine is planned to be removed from a future JDK release
Warning: Nashorn engine is planned to be removed from a future JDK release
Warning: Nashorn engine is planned to be removed from a future JDK release
Warning: Nashorn engine is planned to be removed from a future JDK release
Warning: Nashorn engine is planned to be removed from a future JDK release
Warning: Nashorn engine is planned to be removed from a future JDK release
Warning: Nashorn engine is planned to be removed from a future JDK release
Warning: Nashorn engine is planned to be removed from a future JDK release
Warning: Nashorn engine is planned to be removed from a future JDK release
Warning: Nashorn engine is planned to be removed from a future JDK release
Warning: Nashorn engine is planned to be removed from a future JDK release
Warning: Nashorn engine is planned to be removed from a future JDK release
Warning: Nashorn engine is planned to be removed from a future JDK release
Warning: Nashorn engine is planned to be removed from a future JDK release
Warning: Nashorn engine is planned to be removed from a future JDK release
Warning: Nashorn engine is planned to be removed from a future JDK release
Warning: Nashorn engine is planned to be removed from a future JDK release
Warning: Nashorn engine is planned to be removed from a future JDK release
Warning: Nashorn engine is planned to be removed from a future JDK release
Warning: Nashorn engine is planned to be removed from a future JDK release
Warning: Nashorn engine is planned to be removed from a future JDK release
Warning: Nashorn engine is planned to be removed from a future JDK release
Warning: Nashorn engine is planned to be removed from a future JDK release
Warning: Nashorn engine is planned to be removed from a future JDK release
Warning: Nashorn engine is planned to be removed from a future JDK release
Warning: Nashorn engine is planned to be removed from a future JDK release
Warning: Nashorn engine is planned to be removed from a future JDK release
Warning: Nashorn engine is planned to be removed from a future JDK release
Warning: Nashorn engine is planned to be removed from a future JDK release
Warning: Nashorn engine is planned to be removed from a future JDK release
Warning: Nashorn engine is planned to be removed from a future JDK release
Warning: Nashorn engine is planned to be removed from a future JDK release
Warning: Nashorn engine is planned to be removed from a future JDK release
Warning: Nashorn engine is planned to be removed from a future JDK release
Warning: Nashorn engine is planned to be removed from a future JDK release
Warning: Nashorn engine is planned to be removed from a future JDK release
Warning: Nashorn engine is planned to be removed from a future JDK release
Warning: Nashorn engine is planned to be removed from a future JDK release
Warning: Nashorn engine is planned to be removed from a future JDK release
Warning: Nashorn engine is planned to be removed from a future JDK release
Warning: Nashorn engine is planned to be removed from a future JDK release
Warning: Nashorn engine is planned to be removed from a future JDK release
Warning: Nashorn engine is planned to be removed from a future JDK release
Warning: Nashorn engine is planned to be removed from a future JDK release
Warning: Nashorn engine is planned to be removed from a future JDK release
Warning: Nashorn engine is planned to be removed from a future JDK release
Warning: Nashorn engine is planned to be removed from a future JDK release
Warning: Nashorn engine is planned to be removed from a future JDK release
Warning: Nashorn engine is planned to be removed from a future JDK release
Warning: Nashorn engine is planned to be removed from a future JDK release
Warning: Nashorn engine is planned to be removed from a future JDK release
Warning: Nashorn engine is planned to be removed from a future JDK release
Warning: Nashorn engine is planned to be removed from a future JDK release
Warning: Nashorn engine is planned to be removed from a future JDK release
Warning: Nashorn engine is planned to be removed from a future JDK release
Warning: Nashorn engine is planned to be removed from a future JDK release
Warning: Nashorn engine is planned to be removed from a future JDK release
Warning: Nashorn engine is planned to be removed from a future JDK release
Warning: Nashorn engine is planned to be removed from a future JDK release
Warning: Nashorn engine is planned to be removed from a future JDK release
Warning: Nashorn engine is planned to be removed from a future JDK release
Warning: Nashorn engine is planned to be removed from a future JDK release
Warning: Nashorn engine is planned to be removed from a future JDK release
Warning: Nashorn engine is planned to be removed from a future JDK release
Warning: Nashorn engine is planned to be removed from a future JDK release
Warning: Nashorn engine is planned to be removed from a future JDK release
Warning: Nashorn engine is planned to be removed from a future JDK release
Warning: Nashorn engine is planned to be removed from a future JDK release
Warning: Nashorn engine is planned to be removed from a future JDK release
Warning: Nashorn engine is planned to be removed from a future JDK release
Warning: Nashorn engine is planned to be removed from a future JDK release
Warning: Nashorn engine is planned to be removed from a future JDK release
Warning: Nashorn engine is planned to be removed from a future JDK release
Warning: Nashorn engine is planned to be removed from a future JDK release
Warning: Nashorn engine is planned to be removed from a future JDK release
Warning: Nashorn engine is planned to be removed from a future JDK release
Warning: Nashorn engine is planned to be removed from a future JDK release
Warning: Nashorn engine is planned to be removed from a future JDK release
Warning: Nashorn engine is planned to be removed from a future JDK release
Warning: Nashorn engine is planned to be removed from a future JDK release
Warning: Nashorn engine is planned to be removed from a future JDK release
Warning: Nashorn engine is planned to be removed from a future JDK release
Warning: Nashorn engine is planned to be removed from a future JDK release
Warning: Nashorn engine is planned to be removed from a future JDK release
Warning: Nashorn engine is planned to be removed from a future JDK release
Warning: Nashorn engine is planned to be removed from a future JDK release
Warning: Nashorn engine is planned to be removed from a future JDK release
Warning: Nashorn engine is planned to be removed from a future JDK release
Warning: Nashorn engine is planned to be removed from a future JDK release
Warning: Nashorn engine is planned to be removed from a future JDK release
Warning: Nashorn engine is planned to be removed from a future JDK release
Warning: Nashorn engine is planned to be removed from a future JDK release
Warning: Nashorn engine is planned to be removed from a future JDK release
Warning: Nashorn engine is planned to be removed from a future JDK release
Warning: Nashorn engine is planned to be removed from a future JDK release
Warning: Nashorn engine is planned to be removed from a future JDK release
Warning: Nashorn engine is planned to be removed from a future JDK release
Warning: Nashorn engine is planned to be removed from a future JDK release
Warning: Nashorn engine is planned to be removed from a future JDK release
Warning: Nashorn engine is planned to be removed from a future JDK release
Warning: Nashorn engine is planned to be removed from a future JDK release
Warning: Nashorn engine is planned to be removed from a future JDK release
Warning: Nashorn engine is planned to be removed from a future JDK release
Warning: Nashorn engine is planned to be removed from a future JDK release
Warning: Nashorn engine is planned to be removed from a future JDK release
Warning: Nashorn engine is planned to be removed from a future JDK release
Warning: Nashorn engine is planned to be removed from a future JDK release
Warning: Nashorn engine is planned to be removed from a future JDK release
Warning: Nashorn engine is planned to be removed from a future JDK release
Warning: Nashorn engine is planned to be removed from a future JDK release
Warning: Nashorn engine is planned to be removed from a future JDK release
Warning: Nashorn engine is planned to be removed from a future JDK release
Warning: Nashorn engine is planned to be removed from a future JDK release
Warning: Nashorn engine is planned to be removed from a future JDK release
Warning: Nashorn engine is planned to be removed from a future JDK release
Warning: Nashorn engine is planned to be removed from a future JDK release
Warning: Nashorn engine is planned to be removed from a future JDK release
Warning: Nashorn engine is planned to be removed from a future JDK release
Warning: Nashorn engine is planned to be removed from a future JDK release
Warning: Nashorn engine is planned to be removed from a future JDK release
Warning: Nashorn engine is planned to be removed from a future JDK release
Warning: Nashorn engine is planned to be removed from a future JDK release
Warning: Nashorn engine is planned to be removed from a future JDK release
Warning: Nashorn engine is planned to be removed from a future JDK release
Warning: Nashorn engine is planned to be removed from a future JDK release
Warning: Nashorn engine is planned to be removed from a future JDK release
Warning: Nashorn engine is planned to be removed from a future JDK release
Warning: Nashorn engine is planned to be removed from a future JDK release
Warning: Nashorn engine is planned to be removed from a future JDK release
Warning: Nashorn engine is planned to be removed from a future JDK release
Warning: Nashorn engine is planned to be removed from a future JDK release
Warning: Nashorn engine is planned to be removed from a future JDK release
Warning: Nashorn engine is planned to be removed from a future JDK release
Warning: Nashorn engine is planned to be removed from a future JDK release
Warning: Nashorn engine is planned to be removed from a future JDK release
Warning: Nashorn engine is planned to be removed from a future JDK release
Warning: Nashorn engine is planned to be removed from a future JDK release
Warning: Nashorn engine is planned to be removed from a future JDK release
Warning: Nashorn engine is planned to be removed from a future JDK release
Warning: Nashorn engine is planned to be removed from a future JDK release
Warning: Nashorn engine is planned to be removed from a future JDK release
Warning: Nashorn engine is planned to be removed from a future JDK release
Warning: Nashorn engine is planned to be removed from a future JDK release
Warning: Nashorn engine is planned to be removed from a future JDK release
Warning: Nashorn engine is planned to be removed from a future JDK release
Warning: Nashorn engine is planned to be removed from a future JDK release
Warning: Nashorn engine is planned to be removed from a future JDK release
Warning: Nashorn engine is planned to be removed from a future JDK release
Warning: Nashorn engine is planned to be removed from a future JDK release
Warning: Nashorn engine is planned to be removed from a future JDK release
Warning: Nashorn engine is planned to be removed from a future JDK release
Warning: Nashorn engine is planned to be removed from a future JDK release
Warning: Nashorn engine is planned to be removed from a future JDK release
Warning: Nashorn engine is planned to be removed from a future JDK release
Warning: Nashorn engine is planned to be removed from a future JDK release
Warning: Nashorn engine is planned to be removed from a future JDK release
Warning: Nashorn engine is planned to be removed from a future JDK release
Warning: Nashorn engine is planned to be removed from a future JDK release
Warning: Nashorn engine is planned to be removed from a future JDK release
Warning: Nashorn engine is planned to be removed from a future JDK release
Warning: Nashorn engine is planned to be removed from a future JDK release
Warning: Nashorn engine is planned to be removed from a future JDK release
Warning: Nashorn engine is planned to be removed from a future JDK release
Warning: Nashorn engine is planned to be removed from a future JDK release
Warning: Nashorn engine is planned to be removed from a future JDK release
Warning: Nashorn engine is planned to be removed from a future JDK release
Warning: Nashorn engine is planned to be removed from a future JDK release
Warning: Nashorn engine is planned to be removed from a future JDK release
Warning: Nashorn engine is planned to be removed from a future JDK release
Warning: Nashorn engine is planned to be removed from a future JDK release
Warning: Nashorn engine is planned to be removed from a future JDK release
Warning: Nashorn engine is planned to be removed from a future JDK release
Warning: Nashorn engine is planned to be removed from a future JDK release
Warning: Nashorn engine is planned to be removed from a future JDK release
Warning: Nashorn engine is planned to be removed from a future JDK release
Warning: Nashorn engine is planned to be removed from a future JDK release
Warning: Nashorn engine is planned to be removed from a future JDK release
Warning: Nashorn engine is planned to be removed from a future JDK release
Warning: Nashorn engine is planned to be removed from a future JDK release
Warning: Nashorn engine is planned to be removed from a future JDK release
Warning: Nashorn engine is planned to be removed from a future JDK release
Warning: Nashorn engine is planned to be removed from a future JDK release
Warning: Nashorn engine is planned to be removed from a future JDK release
Warning: Nashorn engine is planned to be removed from a future JDK release
Warning: Nashorn engine is planned to be removed from a future JDK release
Warning: Nashorn engine is planned to be removed from a future JDK release
Warning: Nashorn engine is planned to be removed from a future JDK release
Warning: Nashorn engine is planned to be removed from a future JDK release
Warning: Nashorn engine is planned to be removed from a future JDK release
Warning: Nashorn engine is planned to be removed from a future JDK release
Warning: Nashorn engine is planned to be removed from a future JDK release
Warning: Nashorn engine is planned to be removed from a future JDK release
Warning: Nashorn engine is planned to be removed from a future JDK release
Warning: Nashorn engine is planned to be removed from a future JDK release
Warning: Nashorn engine is planned to be removed from a future JDK release
Warning: Nashorn engine is planned to be removed from a future JDK release
Warning: Nashorn engine is planned to be removed from a future JDK release
Warning: Nashorn engine is planned to be removed from a future JDK release
Warning: Nashorn engine is planned to be removed from a future JDK release
Warning: Nashorn engine is planned to be removed from a future JDK release
Warning: Nashorn engine is planned to be removed from a future JDK release
Warning: Nashorn engine is planned to be removed from a future JDK release
Warning: Nashorn engine is planned to be removed from a future JDK release
Warning: Nashorn engine is planned to be removed from a future JDK release
Warning: Nashorn engine is planned to be removed from a future JDK release
Warning: Nashorn engine is planned to be removed from a future JDK release
Warning: Nashorn engine is planned to be removed from a future JDK release
Warning: Nashorn engine is planned to be removed from a future JDK release
Warning: Nashorn engine is planned to be removed from a future JDK release
Warning: Nashorn engine is planned to be removed from a future JDK release
Warning: Nashorn engine is planned to be removed from a future JDK release
Warning: Nashorn engine is planned to be removed from a future JDK release
Warning: Nashorn engine is planned to be removed from a future JDK release
Warning: Nashorn engine is planned to be removed from a future JDK release
Warning: Nashorn engine is planned to be removed from a future JDK release
Warning: Nashorn engine is planned to be removed from a future JDK release
Warning: Nashorn engine is planned to be removed from a future JDK release
Warning: Nashorn engine is planned to be removed from a future JDK release
Warning: Nashorn engine is planned to be removed from a future JDK release
Warning: Nashorn engine is planned to be removed from a future JDK release
Warning: Nashorn engine is planned to be removed from a future JDK release
Warning: Nashorn engine is planned to be removed from a future JDK release
Warning: Nashorn engine is planned to be removed from a future JDK release
Warning: Nashorn engine is planned to be removed from a future JDK release
Warning: Nashorn engine is planned to be removed from a future JDK release
Warning: Nashorn engine is planned to be removed from a future JDK release
Warning: Nashorn engine is planned to be removed from a future JDK release
Warning: Nashorn engine is planned to be removed from a future JDK release
Warning: Nashorn engine is planned to be removed from a future JDK release
Warning: Nashorn engine is planned to be removed from a future JDK release
Warning: Nashorn engine is planned to be removed from a future JDK release
Warning: Nashorn engine is planned to be removed from a future JDK release
Warning: Nashorn engine is planned to be removed from a future JDK release
Warning: Nashorn engine is planned to be removed from a future JDK release
Warning: Nashorn engine is planned to be removed from a future JDK release
Warning: Nashorn engine is planned to be removed from a future JDK release
Warning: Nashorn engine is planned to be removed from a future JDK release
Warning: Nashorn engine is planned to be removed from a future JDK release
Warning: Nashorn engine is planned to be removed from a future JDK release
Warning: Nashorn engine is planned to be removed from a future JDK release
Warning: Nashorn engine is planned to be removed from a future JDK release
Warning: Nashorn engine is planned to be removed from a future JDK release
Warning: Nashorn engine is planned to be removed from a future JDK release
Warning: Nashorn engine is planned to be removed from a future JDK release
Warning: Nashorn engine is planned to be removed from a future JDK release
Warning: Nashorn engine is planned to be removed from a future JDK release
Warning: Nashorn engine is planned to be removed from a future JDK release
Warning: Nashorn engine is planned to be removed from a future JDK release
Warning: Nashorn engine is planned to be removed from a future JDK release
Warning: Nashorn engine is planned to be removed from a future JDK release
Warning: Nashorn engine is planned to be removed from a future JDK release
Warning: Nashorn engine is planned to be removed from a future JDK release
Warning: Nashorn engine is planned to be removed from a future JDK release
Warning: Nashorn engine is planned to be removed from a future JDK release
Warning: Nashorn engine is planned to be removed from a future JDK release
Warning: Nashorn engine is planned to be removed from a future JDK release
Warning: Nashorn engine is planned to be removed from a future JDK release
Warning: Nashorn engine is planned to be removed from a future JDK release
Warning: Nashorn engine is planned to be removed from a future JDK release
Warning: Nashorn engine is planned to be removed from a future JDK release
Warning: Nashorn engine is planned to be removed from a future JDK release
Warning: Nashorn engine is planned to be removed from a future JDK release
Warning: Nashorn engine is planned to be removed from a future JDK release
Warning: Nashorn engine is planned to be removed from a future JDK release
Warning: Nashorn engine is planned to be removed from a future JDK release
Warning: Nashorn engine is planned to be removed from a future JDK release
Warning: Nashorn engine is planned to be removed from a future JDK release
Warning: Nashorn engine is planned to be removed from a future JDK release
Warning: Nashorn engine is planned to be removed from a future JDK release
Warning: Nashorn engine is planned to be removed from a future JDK release
Warning: Nashorn engine is planned to be removed from a future JDK release
Warning: Nashorn engine is planned to be removed from a future JDK release
Warning: Nashorn engine is planned to be removed from a future JDK release
Warning: Nashorn engine is planned to be removed from a future JDK release
Warning: Nashorn engine is planned to be removed from a future JDK release
Warning: Nashorn engine is planned to be removed from a future JDK release
Warning: Nashorn engine is planned to be removed from a future JDK release
Warning: Nashorn engine is planned to be removed from a future JDK release
Warning: Nashorn engine is planned to be removed from a future JDK release
Warning: Nashorn engine is planned to be removed from a future JDK release
Warning: Nashorn engine is planned to be removed from a future JDK release
Warning: Nashorn engine is planned to be removed from a future JDK release
Warning: Nashorn engine is planned to be removed from a future JDK release
Warning: Nashorn engine is planned to be removed from a future JDK release
Warning: Nashorn engine is planned to be removed from a future JDK release
Warning: Nashorn engine is planned to be removed from a future JDK release
Warning: Nashorn engine is planned to be removed from a future JDK release
Warning: Nashorn engine is planned to be removed from a future JDK release
Warning: Nashorn engine is planned to be removed from a future JDK release
Warning: Nashorn engine is planned to be removed from a future JDK release
Warning: Nashorn engine is planned to be removed from a future JDK release
Warning: Nashorn engine is planned to be removed from a future JDK release
Warning: Nashorn engine is planned to be removed from a future JDK release
Warning: Nashorn engine is planned to be removed from a future JDK release
Warning: Nashorn engine is planned to be removed from a future JDK release
Warning: Nashorn engine is planned to be removed from a future JDK release
Warning: Nashorn engine is planned to be removed from a future JDK release
Warning: Nashorn engine is planned to be removed from a future JDK release
Warning: Nashorn engine is planned to be removed from a future JDK release
Warning: Nashorn engine is planned to be removed from a future JDK release
Warning: Nashorn engine is planned to be removed from a future JDK release
Warning: Nashorn engine is planned to be removed from a future JDK release
Warning: Nashorn engine is planned to be removed from a future JDK release
Warning: Nashorn engine is planned to be removed from a future JDK release
Warning: Nashorn engine is planned to be removed from a future JDK release
Warning: Nashorn engine is planned to be removed from a future JDK release
Warning: Nashorn engine is planned to be removed from a future JDK release
Warning: Nashorn engine is planned to be removed from a future JDK release
Warning: Nashorn engine is planned to be removed from a future JDK release
Warning: Nashorn engine is planned to be removed from a future JDK release
Warning: Nashorn engine is planned to be removed from a future JDK release
Warning: Nashorn engine is planned to be removed from a future JDK release
Warning: Nashorn engine is planned to be removed from a future JDK release
Warning: Nashorn engine is planned to be removed from a future JDK release
Warning: Nashorn engine is planned to be removed from a future JDK release
Warning: Nashorn engine is planned to be removed from a future JDK release
Warning: Nashorn engine is planned to be removed from a future JDK release
Warning: Nashorn engine is planned to be removed from a future JDK release
Warning: Nashorn engine is planned to be removed from a future JDK release
Warning: Nashorn engine is planned to be removed from a future JDK release
Warning: Nashorn engine is planned to be removed from a future JDK release
Warning: Nashorn engine is planned to be removed from a future JDK release
Warning: Nashorn engine is planned to be removed from a future JDK release
Warning: Nashorn engine is planned to be removed from a future JDK release
Warning: Nashorn engine is planned to be removed from a future JDK release
Warning: Nashorn engine is planned to be removed from a future JDK release
Warning: Nashorn engine is planned to be removed from a future JDK release
Warning: Nashorn engine is planned to be removed from a future JDK release
Warning: Nashorn engine is planned to be removed from a future JDK release
Warning: Nashorn engine is planned to be removed from a future JDK release
Warning: Nashorn engine is planned to be removed from a future JDK release
Warning: Nashorn engine is planned to be removed from a future JDK release
Warning: Nashorn engine is planned to be removed from a future JDK release
Warning: Nashorn engine is planned to be removed from a future JDK release
Warning: Nashorn engine is planned to be removed from a future JDK release
Warning: Nashorn engine is planned to be removed from a future JDK release
Warning: Nashorn engine is planned to be removed from a future JDK release
Warning: Nashorn engine is planned to be removed from a future JDK release
Warning: Nashorn engine is planned to be removed from a future JDK release
Warning: Nashorn engine is planned to be removed from a future JDK release
Warning: Nashorn engine is planned to be removed from a future JDK release
Warning: Nashorn engine is planned to be removed from a future JDK release
Warning: Nashorn engine is planned to be removed from a future JDK release
Warning: Nashorn engine is planned to be removed from a future JDK release
Warning: Nashorn engine is planned to be removed from a future JDK release
Warning: Nashorn engine is planned to be removed from a future JDK release
Warning: Nashorn engine is planned to be removed from a future JDK release
Warning: Nashorn engine is planned to be removed from a future JDK release
Warning: Nashorn engine is planned to be removed from a future JDK release
Warning: Nashorn engine is planned to be removed from a future JDK release
Warning: Nashorn engine is planned to be removed from a future JDK release
Warning: Nashorn engine is planned to be removed from a future JDK release
Warning: Nashorn engine is planned to be removed from a future JDK release
Warning: Nashorn engine is planned to be removed from a future JDK release
Warning: Nashorn engine is planned to be removed from a future JDK release
Warning: Nashorn engine is planned to be removed from a future JDK release
Warning: Nashorn engine is planned to be removed from a future JDK release
Warning: Nashorn engine is planned to be removed from a future JDK release
Warning: Nashorn engine is planned to be removed from a future JDK release
Warning: Nashorn engine is planned to be removed from a future JDK release
Warning: Nashorn engine is planned to be removed from a future JDK release
Warning: Nashorn engine is planned to be removed from a future JDK release
Warning: Nashorn engine is planned to be removed from a future JDK release
Warning: Nashorn engine is planned to be removed from a future JDK release
Warning: Nashorn engine is planned to be removed from a future JDK release
Warning: Nashorn engine is planned to be removed from a future JDK release
Warning: Nashorn engine is planned to be removed from a future JDK release
Warning: Nashorn engine is planned to be removed from a future JDK release
Warning: Nashorn engine is planned to be removed from a future JDK release
Warning: Nashorn engine is planned to be removed from a future JDK release
Warning: Nashorn engine is planned to be removed from a future JDK release
Warning: Nashorn engine is planned to be removed from a future JDK release
Warning: Nashorn engine is planned to be removed from a future JDK release
Warning: Nashorn engine is planned to be removed from a future JDK release
Warning: Nashorn engine is planned to be removed from a future JDK release
Warning: Nashorn engine is planned to be removed from a future JDK release
Warning: Nashorn engine is planned to be removed from a future JDK release
Warning: Nashorn engine is planned to be removed from a future JDK release
Warning: Nashorn engine is planned to be removed from a future JDK release
Warning: Nashorn engine is planned to be removed from a future JDK release
Warning: Nashorn engine is planned to be removed from a future JDK release
Warning: Nashorn engine is planned to be removed from a future JDK release
Warning: Nashorn engine is planned to be removed from a future JDK release
Warning: Nashorn engine is planned to be removed from a future JDK release
Warning: Nashorn engine is planned to be removed from a future JDK release
Warning: Nashorn engine is planned to be removed from a future JDK release
Warning: Nashorn engine is planned to be removed from a future JDK release
Warning: Nashorn engine is planned to be removed from a future JDK release
Warning: Nashorn engine is planned to be removed from a future JDK release
Warning: Nashorn engine is planned to be removed from a future JDK release
Warning: Nashorn engine is planned to be removed from a future JDK release
Warning: Nashorn engine is planned to be removed from a future JDK release
Warning: Nashorn engine is planned to be removed from a future JDK release
Warning: Nashorn engine is planned to be removed from a future JDK release
Warning: Nashorn engine is planned to be removed from a future JDK release
Warning: Nashorn engine is planned to be removed from a future JDK release
Warning: Nashorn engine is planned to be removed from a future JDK release
Warning: Nashorn engine is planned to be removed from a future JDK release
Warning: Nashorn engine is planned to be removed from a future JDK release
Warning: Nashorn engine is planned to be removed from a future JDK release
Warning: Nashorn engine is planned to be removed from a future JDK release
Warning: Nashorn engine is planned to be removed from a future JDK release
Warning: Nashorn engine is planned to be removed from a future JDK release
Warning: Nashorn engine is planned to be removed from a future JDK release
Warning: Nashorn engine is planned to be removed from a future JDK release
Warning: Nashorn engine is planned to be removed from a future JDK release
Warning: Nashorn engine is planned to be removed from a future JDK release
Warning: Nashorn engine is planned to be removed from a future JDK release
Warning: Nashorn engine is planned to be removed from a future JDK release
Warning: Nashorn engine is planned to be removed from a future JDK release
Warning: Nashorn engine is planned to be removed from a future JDK release
Warning: Nashorn engine is planned to be removed from a future JDK release
Warning: Nashorn engine is planned to be removed from a future JDK release
Warning: Nashorn engine is planned to be removed from a future JDK release
Warning: Nashorn engine is planned to be removed from a future JDK release
Warning: Nashorn engine is planned to be removed from a future JDK release
Warning: Nashorn engine is planned to be removed from a future JDK release
Warning: Nashorn engine is planned to be removed from a future JDK release
Warning: Nashorn engine is planned to be removed from a future JDK release
Warning: Nashorn engine is planned to be removed from a future JDK release
Warning: Nashorn engine is planned to be removed from a future JDK release
Warning: Nashorn engine is planned to be removed from a future JDK release
Warning: Nashorn engine is planned to be removed from a future JDK release
Warning: Nashorn engine is planned to be removed from a future JDK release
Warning: Nashorn engine is planned to be removed from a future JDK release
Warning: Nashorn engine is planned to be removed from a future JDK release
Warning: Nashorn engine is planned to be removed from a future JDK release
Warning: Nashorn engine is planned to be removed from a future JDK release
Warning: Nashorn engine is planned to be removed from a future JDK release
Warning: Nashorn engine is planned to be removed from a future JDK release
Warning: Nashorn engine is planned to be removed from a future JDK release
Warning: Nashorn engine is planned to be removed from a future JDK release
Warning: Nashorn engine is planned to be removed from a future JDK release
Warning: Nashorn engine is planned to be removed from a future JDK release
Warning: Nashorn engine is planned to be removed from a future JDK release
Warning: Nashorn engine is planned to be removed from a future JDK release
Warning: Nashorn engine is planned to be removed from a future JDK release
Warning: Nashorn engine is planned to be removed from a future JDK release
Warning: Nashorn engine is planned to be removed from a future JDK release
Warning: Nashorn engine is planned to be removed from a future JDK release
Warning: Nashorn engine is planned to be removed from a future JDK release
Warning: Nashorn engine is planned to be removed from a future JDK release
Warning: Nashorn engine is planned to be removed from a future JDK release
Warning: Nashorn engine is planned to be removed from a future JDK release
Warning: Nashorn engine is planned to be removed from a future JDK release
Warning: Nashorn engine is planned to be removed from a future JDK release
Warning: Nashorn engine is planned to be removed from a future JDK release
Warning: Nashorn engine is planned to be removed from a future JDK release
Warning: Nashorn engine is planned to be removed from a future JDK release
Warning: Nashorn engine is planned to be removed from a future JDK release
Warning: Nashorn engine is planned to be removed from a future JDK release
Warning: Nashorn engine is planned to be removed from a future JDK release
Warning: Nashorn engine is planned to be removed from a future JDK release
Warning: Nashorn engine is planned to be removed from a future JDK release
Warning: Nashorn engine is planned to be removed from a future JDK release
Warning: Nashorn engine is planned to be removed from a future JDK release
Warning: Nashorn engine is planned to be removed from a future JDK release
Warning: Nashorn engine is planned to be removed from a future JDK release
Warning: Nashorn engine is planned to be removed from a future JDK release
Warning: Nashorn engine is planned to be removed from a future JDK release
Warning: Nashorn engine is planned to be removed from a future JDK release
Warning: Nashorn engine is planned to be removed from a future JDK release
Warning: Nashorn engine is planned to be removed from a future JDK release
Warning: Nashorn engine is planned to be removed from a future JDK release
Warning: Nashorn engine is planned to be removed from a future JDK release
Warning: Nashorn engine is planned to be removed from a future JDK release
Warning: Nashorn engine is planned to be removed from a future JDK release
Warning: Nashorn engine is planned to be removed from a future JDK release
Warning: Nashorn engine is planned to be removed from a future JDK release
Warning: Nashorn engine is planned to be removed from a future JDK release
Warning: Nashorn engine is planned to be removed from a future JDK release
Warning: Nashorn engine is planned to be removed from a future JDK release
Warning: Nashorn engine is planned to be removed from a future JDK release
Warning: Nashorn engine is planned to be removed from a future JDK release
Warning: Nashorn engine is planned to be removed from a future JDK release
Warning: Nashorn engine is planned to be removed from a future JDK release
Warning: Nashorn engine is planned to be removed from a future JDK release
Warning: Nashorn engine is planned to be removed from a future JDK release
Warning: Nashorn engine is planned to be removed from a future JDK release
Warning: Nashorn engine is planned to be removed from a future JDK release
Warning: Nashorn engine is planned to be removed from a future JDK release
Warning: Nashorn engine is planned to be removed from a future JDK release
Warning: Nashorn engine is planned to be removed from a future JDK release
Warning: Nashorn engine is planned to be removed from a future JDK release
Warning: Nashorn engine is planned to be removed from a future JDK release
Warning: Nashorn engine is planned to be removed from a future JDK release
Warning: Nashorn engine is planned to be removed from a future JDK release
Warning: Nashorn engine is planned to be removed from a future JDK release
Warning: Nashorn engine is planned to be removed from a future JDK release
Warning: Nashorn engine is planned to be removed from a future JDK release
Warning: Nashorn engine is planned to be removed from a future JDK release
Warning: Nashorn engine is planned to be removed from a future JDK release
Warning: Nashorn engine is planned to be removed from a future JDK release
Warning: Nashorn engine is planned to be removed from a future JDK release
Warning: Nashorn engine is planned to be removed from a future JDK release
Warning: Nashorn engine is planned to be removed from a future JDK release
Warning: Nashorn engine is planned to be removed from a future JDK release
Warning: Nashorn engine is planned to be removed from a future JDK release
Warning: Nashorn engine is planned to be removed from a future JDK release
Warning: Nashorn engine is planned to be removed from a future JDK release
Warning: Nashorn engine is planned to be removed from a future JDK release
Warning: Nashorn engine is planned to be removed from a future JDK release
Warning: Nashorn engine is planned to be removed from a future JDK release
Warning: Nashorn engine is planned to be removed from a future JDK release
Warning: Nashorn engine is planned to be removed from a future JDK release
Warning: Nashorn engine is planned to be removed from a future JDK release
Warning: Nashorn engine is planned to be removed from a future JDK release
Warning: Nashorn engine is planned to be removed from a future JDK release
Warning: Nashorn engine is planned to be removed from a future JDK release
Warning: Nashorn engine is planned to be removed from a future JDK release
Warning: Nashorn engine is planned to be removed from a future JDK release
Warning: Nashorn engine is planned to be removed from a future JDK release
Warning: Nashorn engine is planned to be removed from a future JDK release
Warning: Nashorn engine is planned to be removed from a future JDK release
Warning: Nashorn engine is planned to be removed from a future JDK release
Warning: Nashorn engine is planned to be removed from a future JDK release
Warning: Nashorn engine is planned to be removed from a future JDK release
Warning: Nashorn engine is planned to be removed from a future JDK release
Warning: Nashorn engine is planned to be removed from a future JDK release
Warning: Nashorn engine is planned to be removed from a future JDK release
Warning: Nashorn engine is planned to be removed from a future JDK release
Warning: Nashorn engine is planned to be removed from a future JDK release
Warning: Nashorn engine is planned to be removed from a future JDK release
Warning: Nashorn engine is planned to be removed from a future JDK release
Warning: Nashorn engine is planned to be removed from a future JDK release
Warning: Nashorn engine is planned to be removed from a future JDK release
Warning: Nashorn engine is planned to be removed from a future JDK release
Warning: Nashorn engine is planned to be removed from a future JDK release
Warning: Nashorn engine is planned to be removed from a future JDK release
Warning: Nashorn engine is planned to be removed from a future JDK release
Warning: Nashorn engine is planned to be removed from a future JDK release
Warning: Nashorn engine is planned to be removed from a future JDK release
Warning: Nashorn engine is planned to be removed from a future JDK release
Warning: Nashorn engine is planned to be removed from a future JDK release
Warning: Nashorn engine is planned to be removed from a future JDK release
Warning: Nashorn engine is planned to be removed from a future JDK release
Warning: Nashorn engine is planned to be removed from a future JDK release
Warning: Nashorn engine is planned to be removed from a future JDK release
Warning: Nashorn engine is planned to be removed from a future JDK release
Warning: Nashorn engine is planned to be removed from a future JDK release
Warning: Nashorn engine is planned to be removed from a future JDK release
Warning: Nashorn engine is planned to be removed from a future JDK release
Warning: Nashorn engine is planned to be removed from a future JDK release
Warning: Nashorn engine is planned to be removed from a future JDK release
Warning: Nashorn engine is planned to be removed from a future JDK release
Warning: Nashorn engine is planned to be removed from a future JDK release
Warning: Nashorn engine is planned to be removed from a future JDK release
Warning: Nashorn engine is planned to be removed from a future JDK release
Warning: Nashorn engine is planned to be removed from a future JDK release
Warning: Nashorn engine is planned to be removed from a future JDK release
Warning: Nashorn engine is planned to be removed from a future JDK release
Warning: Nashorn engine is planned to be removed from a future JDK release
Warning: Nashorn engine is planned to be removed from a future JDK release
Warning: Nashorn engine is planned to be removed from a future JDK release
Warning: Nashorn engine is planned to be removed from a future JDK release
Warning: Nashorn engine is planned to be removed from a future JDK release
Warning: Nashorn engine is planned to be removed from a future JDK release
Warning: Nashorn engine is planned to be removed from a future JDK release
Warning: Nashorn engine is planned to be removed from a future JDK release
Warning: Nashorn engine is planned to be removed from a future JDK release
Warning: Nashorn engine is planned to be removed from a future JDK release
Warning: Nashorn engine is planned to be removed from a future JDK release
Warning: Nashorn engine is planned to be removed from a future JDK release
Warning: Nashorn engine is planned to be removed from a future JDK release
Warning: Nashorn engine is planned to be removed from a future JDK release
Warning: Nashorn engine is planned to be removed from a future JDK release
Warning: Nashorn engine is planned to be removed from a future JDK release
Warning: Nashorn engine is planned to be removed from a future JDK release
Warning: Nashorn engine is planned to be removed from a future JDK release
Warning: Nashorn engine is planned to be removed from a future JDK release
Warning: Nashorn engine is planned to be removed from a future JDK release
Warning: Nashorn engine is planned to be removed from a future JDK release
Warning: Nashorn engine is planned to be removed from a future JDK release
Warning: Nashorn engine is planned to be removed from a future JDK release
Warning: Nashorn engine is planned to be removed from a future JDK release
Warning: Nashorn engine is planned to be removed from a future JDK release
Warning: Nashorn engine is planned to be removed from a future JDK release
Warning: Nashorn engine is planned to be removed from a future JDK release
Warning: Nashorn engine is planned to be removed from a future JDK release
Warning: Nashorn engine is planned to be removed from a future JDK release
Warning: Nashorn engine is planned to be removed from a future JDK release
Warning: Nashorn engine is planned to be removed from a future JDK release
Warning: Nashorn engine is planned to be removed from a future JDK release
Warning: Nashorn engine is planned to be removed from a future JDK release
Warning: Nashorn engine is planned to be removed from a future JDK release
Warning: Nashorn engine is planned to be removed from a future JDK release
Warning: Nashorn engine is planned to be removed from a future JDK release
Warning: Nashorn engine is planned to be removed from a future JDK release
Warning: Nashorn engine is planned to be removed from a future JDK release
Warning: Nashorn engine is planned to be removed from a future JDK release
Warning: Nashorn engine is planned to be removed from a future JDK release
Warning: Nashorn engine is planned to be removed from a future JDK release
Warning: Nashorn engine is planned to be removed from a future JDK release
Warning: Nashorn engine is planned to be removed from a future JDK release
Warning: Nashorn engine is planned to be removed from a future JDK release
Warning: Nashorn engine is planned to be removed from a future JDK release
Warning: Nashorn engine is planned to be removed from a future JDK release
Warning: Nashorn engine is planned to be removed from a future JDK release
Warning: Nashorn engine is planned to be removed from a future JDK release
Warning: Nashorn engine is planned to be removed from a future JDK release
Warning: Nashorn engine is planned to be removed from a future JDK release
Warning: Nashorn engine is planned to be removed from a future JDK release
Warning: Nashorn engine is planned to be removed from a future JDK release
Warning: Nashorn engine is planned to be removed from a future JDK release
Warning: Nashorn engine is planned to be removed from a future JDK release
Warning: Nashorn engine is planned to be removed from a future JDK release
Warning: Nashorn engine is planned to be removed from a future JDK release
Warning: Nashorn engine is planned to be removed from a future JDK release
Warning: Nashorn engine is planned to be removed from a future JDK release
Warning: Nashorn engine is planned to be removed from a future JDK release
Warning: Nashorn engine is planned to be removed from a future JDK release
Warning: Nashorn engine is planned to be removed from a future JDK release
Warning: Nashorn engine is planned to be removed from a future JDK release
Warning: Nashorn engine is planned to be removed from a future JDK release
Warning: Nashorn engine is planned to be removed from a future JDK release
Warning: Nashorn engine is planned to be removed from a future JDK release
Warning: Nashorn engine is planned to be removed from a future JDK release
Warning: Nashorn engine is planned to be removed from a future JDK release
Warning: Nashorn engine is planned to be removed from a future JDK release
Warning: Nashorn engine is planned to be removed from a future JDK release
Warning: Nashorn engine is planned to be removed from a future JDK release
Warning: Nashorn engine is planned to be removed from a future JDK release
Warning: Nashorn engine is planned to be removed from a future JDK release
Warning: Nashorn engine is planned to be removed from a future JDK release
Warning: Nashorn engine is planned to be removed from a future JDK release
Warning: Nashorn engine is planned to be removed from a future JDK release
Warning: Nashorn engine is planned to be removed from a future JDK release
Warning: Nashorn engine is planned to be removed from a future JDK release
Warning: Nashorn engine is planned to be removed from a future JDK release
Warning: Nashorn engine is planned to be removed from a future JDK release
Warning: Nashorn engine is planned to be removed from a future JDK release
Warning: Nashorn engine is planned to be removed from a future JDK release
Warning: Nashorn engine is planned to be removed from a future JDK release
Warning: Nashorn engine is planned to be removed from a future JDK release
Warning: Nashorn engine is planned to be removed from a future JDK release
Warning: Nashorn engine is planned to be removed from a future JDK release
Warning: Nashorn engine is planned to be removed from a future JDK release
Warning: Nashorn engine is planned to be removed from a future JDK release
Warning: Nashorn engine is planned to be removed from a future JDK release
Warning: Nashorn engine is planned to be removed from a future JDK release
Warning: Nashorn engine is planned to be removed from a future JDK release
Warning: Nashorn engine is planned to be removed from a future JDK release
Warning: Nashorn engine is planned to be removed from a future JDK release
Warning: Nashorn engine is planned to be removed from a future JDK release
Warning: Nashorn engine is planned to be removed from a future JDK release
Warning: Nashorn engine is planned to be removed from a future JDK release
Warning: Nashorn engine is planned to be removed from a future JDK release
Warning: Nashorn engine is planned to be removed from a future JDK release
Warning: Nashorn engine is planned to be removed from a future JDK release
Warning: Nashorn engine is planned to be removed from a future JDK release
Warning: Nashorn engine is planned to be removed from a future JDK release
Warning: Nashorn engine is planned to be removed from a future JDK release
Warning: Nashorn engine is planned to be removed from a future JDK release
Warning: Nashorn engine is planned to be removed from a future JDK release
Warning: Nashorn engine is planned to be removed from a future JDK release
Warning: Nashorn engine is planned to be removed from a future JDK release
Warning: Nashorn engine is planned to be removed from a future JDK release
Warning: Nashorn engine is planned to be removed from a future JDK release
Warning: Nashorn engine is planned to be removed from a future JDK release
Warning: Nashorn engine is planned to be removed from a future JDK release
Warning: Nashorn engine is planned to be removed from a future JDK release
Warning: Nashorn engine is planned to be removed from a future JDK release
Warning: Nashorn engine is planned to be removed from a future JDK release
Warning: Nashorn engine is planned to be removed from a future JDK release
Warning: Nashorn engine is planned to be removed from a future JDK release
Warning: Nashorn engine is planned to be removed from a future JDK release
Warning: Nashorn engine is planned to be removed from a future JDK release
Warning: Nashorn engine is planned to be removed from a future JDK release
Warning: Nashorn engine is planned to be removed from a future JDK release
Warning: Nashorn engine is planned to be removed from a future JDK release
Warning: Nashorn engine is planned to be removed from a future JDK release
Warning: Nashorn engine is planned to be removed from a future JDK release
Warning: Nashorn engine is planned to be removed from a future JDK release
Warning: Nashorn engine is planned to be removed from a future JDK release
Warning: Nashorn engine is planned to be removed from a future JDK release
Warning: Nashorn engine is planned to be removed from a future JDK release
Warning: Nashorn engine is planned to be removed from a future JDK release
Warning: Nashorn engine is planned to be removed from a future JDK release
Warning: Nashorn engine is planned to be removed from a future JDK release
Warning: Nashorn engine is planned to be removed from a future JDK release
Warning: Nashorn engine is planned to be removed from a future JDK release
Warning: Nashorn engine is planned to be removed from a future JDK release
Warning: Nashorn engine is planned to be removed from a future JDK release
Warning: Nashorn engine is planned to be removed from a future JDK release
Warning: Nashorn engine is planned to be removed from a future JDK release
Warning: Nashorn engine is planned to be removed from a future JDK release
Warning: Nashorn engine is planned to be removed from a future JDK release
Warning: Nashorn engine is planned to be removed from a future JDK release
Warning: Nashorn engine is planned to be removed from a future JDK release
Warning: Nashorn engine is planned to be removed from a future JDK release
Warning: Nashorn engine is planned to be removed from a future JDK release
Warning: Nashorn engine is planned to be removed from a future JDK release
Warning: Nashorn engine is planned to be removed from a future JDK release
Warning: Nashorn engine is planned to be removed from a future JDK release
Warning: Nashorn engine is planned to be removed from a future JDK release
Warning: Nashorn engine is planned to be removed from a future JDK release
Warning: Nashorn engine is planned to be removed from a future JDK release
Warning: Nashorn engine is planned to be removed from a future JDK release
Warning: Nashorn engine is planned to be removed from a future JDK release
Warning: Nashorn engine is planned to be removed from a future JDK release
Warning: Nashorn engine is planned to be removed from a future JDK release
Warning: Nashorn engine is planned to be removed from a future JDK release
Warning: Nashorn engine is planned to be removed from a future JDK release
Warning: Nashorn engine is planned to be removed from a future JDK release
Warning: Nashorn engine is planned to be removed from a future JDK release
Warning: Nashorn engine is planned to be removed from a future JDK release
Warning: Nashorn engine is planned to be removed from a future JDK release
Warning: Nashorn engine is planned to be removed from a future JDK release
Warning: Nashorn engine is planned to be removed from a future JDK release
Warning: Nashorn engine is planned to be removed from a future JDK release
Warning: Nashorn engine is planned to be removed from a future JDK release
Warning: Nashorn engine is planned to be removed from a future JDK release
Warning: Nashorn engine is planned to be removed from a future JDK release
Warning: Nashorn engine is planned to be removed from a future JDK release
Warning: Nashorn engine is planned to be removed from a future JDK release
Warning: Nashorn engine is planned to be removed from a future JDK release
Warning: Nashorn engine is planned to be removed from a future JDK release
Warning: Nashorn engine is planned to be removed from a future JDK release
Warning: Nashorn engine is planned to be removed from a future JDK release
Warning: Nashorn engine is planned to be removed from a future JDK release
Warning: Nashorn engine is planned to be removed from a future JDK release
Warning: Nashorn engine is planned to be removed from a future JDK release
Warning: Nashorn engine is planned to be removed from a future JDK release
Warning: Nashorn engine is planned to be removed from a future JDK release
Warning: Nashorn engine is planned to be removed from a future JDK release
Warning: Nashorn engine is planned to be removed from a future JDK release
Warning: Nashorn engine is planned to be removed from a future JDK release
Warning: Nashorn engine is planned to be removed from a future JDK release
Warning: Nashorn engine is planned to be removed from a future JDK release
Warning: Nashorn engine is planned to be removed from a future JDK release
Warning: Nashorn engine is planned to be removed from a future JDK release
Warning: Nashorn engine is planned to be removed from a future JDK release
Warning: Nashorn engine is planned to be removed from a future JDK release
Warning: Nashorn engine is planned to be removed from a future JDK release
Warning: Nashorn engine is planned to be removed from a future JDK release
Warning: Nashorn engine is planned to be removed from a future JDK release
Warning: Nashorn engine is planned to be removed from a future JDK release
Warning: Nashorn engine is planned to be removed from a future JDK release
Warning: Nashorn engine is planned to be removed from a future JDK release
Warning: Nashorn engine is planned to be removed from a future JDK release
Warning: Nashorn engine is planned to be removed from a future JDK release
Warning: Nashorn engine is planned to be removed from a future JDK release
Warning: Nashorn engine is planned to be removed from a future JDK release
Warning: Nashorn engine is planned to be removed from a future JDK release
Warning: Nashorn engine is planned to be removed from a future JDK release
Warning: Nashorn engine is planned to be removed from a future JDK release
Warning: Nashorn engine is planned to be removed from a future JDK release
Warning: Nashorn engine is planned to be removed from a future JDK release
Warning: Nashorn engine is planned to be removed from a future JDK release
Warning: Nashorn engine is planned to be removed from a future JDK release
Warning: Nashorn engine is planned to be removed from a future JDK release
Warning: Nashorn engine is planned to be removed from a future JDK release
Warning: Nashorn engine is planned to be removed from a future JDK release
Warning: Nashorn engine is planned to be removed from a future JDK release
Warning: Nashorn engine is planned to be removed from a future JDK release
Warning: Nashorn engine is planned to be removed from a future JDK release
Warning: Nashorn engine is planned to be removed from a future JDK release
Warning: Nashorn engine is planned to be removed from a future JDK release
Warning: Nashorn engine is planned to be removed from a future JDK release
Warning: Nashorn engine is planned to be removed from a future JDK release
Warning: Nashorn engine is planned to be removed from a future JDK release
Warning: Nashorn engine is planned to be removed from a future JDK release
Warning: Nashorn engine is planned to be removed from a future JDK release
Warning: Nashorn engine is planned to be removed from a future JDK release
Warning: Nashorn engine is planned to be removed from a future JDK release
Warning: Nashorn engine is planned to be removed from a future JDK release
Warning: Nashorn engine is planned to be removed from a future JDK release
Warning: Nashorn engine is planned to be removed from a future JDK release
Warning: Nashorn engine is planned to be removed from a future JDK release
Warning: Nashorn engine is planned to be removed from a future JDK release
Warning: Nashorn engine is planned to be removed from a future JDK release
Warning: Nashorn engine is planned to be removed from a future JDK release
Warning: Nashorn engine is planned to be removed from a future JDK release
Warning: Nashorn engine is planned to be removed from a future JDK release
Warning: Nashorn engine is planned to be removed from a future JDK release
Warning: Nashorn engine is planned to be removed from a future JDK release
Warning: Nashorn engine is planned to be removed from a future JDK release
Warning: Nashorn engine is planned to be removed from a future JDK release
Warning: Nashorn engine is planned to be removed from a future JDK release
Warning: Nashorn engine is planned to be removed from a future JDK release
Warning: Nashorn engine is planned to be removed from a future JDK release
Warning: Nashorn engine is planned to be removed from a future JDK release
Warning: Nashorn engine is planned to be removed from a future JDK release
Warning: Nashorn engine is planned to be removed from a future JDK release
Warning: Nashorn engine is planned to be removed from a future JDK release
Warning: Nashorn engine is planned to be removed from a future JDK release
Warning: Nashorn engine is planned to be removed from a future JDK release
Warning: Nashorn engine is planned to be removed from a future JDK release
Warning: Nashorn engine is planned to be removed from a future JDK release
Warning: Nashorn engine is planned to be removed from a future JDK release
Warning: Nashorn engine is planned to be removed from a future JDK release
Warning: Nashorn engine is planned to be removed from a future JDK release
Warning: Nashorn engine is planned to be removed from a future JDK release
Warning: Nashorn engine is planned to be removed from a future JDK release
Warning: Nashorn engine is planned to be removed from a future JDK release
Warning: Nashorn engine is planned to be removed from a future JDK release
Warning: Nashorn engine is planned to be removed from a future JDK release
Warning: Nashorn engine is planned to be removed from a future JDK release
Warning: Nashorn engine is planned to be removed from a future JDK release
Warning: Nashorn engine is planned to be removed from a future JDK release
Warning: Nashorn engine is planned to be removed from a future JDK release
Warning: Nashorn engine is planned to be removed from a future JDK release
Warning: Nashorn engine is planned to be removed from a future JDK release
Warning: Nashorn engine is planned to be removed from a future JDK release
Warning: Nashorn engine is planned to be removed from a future JDK release
Warning: Nashorn engine is planned to be removed from a future JDK release
Warning: Nashorn engine is planned to be removed from a future JDK release
Warning: Nashorn engine is planned to be removed from a future JDK release
Warning: Nashorn engine is planned to be removed from a future JDK release
Warning: Nashorn engine is planned to be removed from a future JDK release
Warning: Nashorn engine is planned to be removed from a future JDK release
Warning: Nashorn engine is planned to be removed from a future JDK release
Warning: Nashorn engine is planned to be removed from a future JDK release
Warning: Nashorn engine is planned to be removed from a future JDK release
Warning: Nashorn engine is planned to be removed from a future JDK release
Warning: Nashorn engine is planned to be removed from a future JDK release
Warning: Nashorn engine is planned to be removed from a future JDK release
Warning: Nashorn engine is planned to be removed from a future JDK release
Warning: Nashorn engine is planned to be removed from a future JDK release
Warning: Nashorn engine is planned to be removed from a future JDK release
Warning: Nashorn engine is planned to be removed from a future JDK release
Warning: Nashorn engine is planned to be removed from a future JDK release
Warning: Nashorn engine is planned to be removed from a future JDK release
Warning: Nashorn engine is planned to be removed from a future JDK release
Warning: Nashorn engine is planned to be removed from a future JDK release
Warning: Nashorn engine is planned to be removed from a future JDK release
Warning: Nashorn engine is planned to be removed from a future JDK release
Warning: Nashorn engine is planned to be removed from a future JDK release
Warning: Nashorn engine is planned to be removed from a future JDK release
Warning: Nashorn engine is planned to be removed from a future JDK release
Warning: Nashorn engine is planned to be removed from a future JDK release
Warning: Nashorn engine is planned to be removed from a future JDK release
Warning: Nashorn engine is planned to be removed from a future JDK release
Warning: Nashorn engine is planned to be removed from a future JDK release
Warning: Nashorn engine is planned to be removed from a future JDK release
Warning: Nashorn engine is planned to be removed from a future JDK release
Warning: Nashorn engine is planned to be removed from a future JDK release
Warning: Nashorn engine is planned to be removed from a future JDK release
Warning: Nashorn engine is planned to be removed from a future JDK release
Warning: Nashorn engine is planned to be removed from a future JDK release
Warning: Nashorn engine is planned to be removed from a future JDK release
Warning: Nashorn engine is planned to be removed from a future JDK release
Warning: Nashorn engine is planned to be removed from a future JDK release
Warning: Nashorn engine is planned to be removed from a future JDK release
Warning: Nashorn engine is planned to be removed from a future JDK release
Warning: Nashorn engine is planned to be removed from a future JDK release
Warning: Nashorn engine is planned to be removed from a future JDK release
Warning: Nashorn engine is planned to be removed from a future JDK release
Warning: Nashorn engine is planned to be removed from a future JDK release
Warning: Nashorn engine is planned to be removed from a future JDK release
Warning: Nashorn engine is planned to be removed from a future JDK release
Warning: Nashorn engine is planned to be removed from a future JDK release
Warning: Nashorn engine is planned to be removed from a future JDK release
Warning: Nashorn engine is planned to be removed from a future JDK release
Warning: Nashorn engine is planned to be removed from a future JDK release
Warning: Nashorn engine is planned to be removed from a future JDK release
Warning: Nashorn engine is planned to be removed from a future JDK release
Warning: Nashorn engine is planned to be removed from a future JDK release
Warning: Nashorn engine is planned to be removed from a future JDK release
Warning: Nashorn engine is planned to be removed from a future JDK release
Warning: Nashorn engine is planned to be removed from a future JDK release
Warning: Nashorn engine is planned to be removed from a future JDK release
Warning: Nashorn engine is planned to be removed from a future JDK release
Warning: Nashorn engine is planned to be removed from a future JDK release
Warning: Nashorn engine is planned to be removed from a future JDK release
Warning: Nashorn engine is planned to be removed from a future JDK release
Warning: Nashorn engine is planned to be removed from a future JDK release
Warning: Nashorn engine is planned to be removed from a future JDK release
Warning: Nashorn engine is planned to be removed from a future JDK release
Warning: Nashorn engine is planned to be removed from a future JDK release
Warning: Nashorn engine is planned to be removed from a future JDK release
Warning: Nashorn engine is planned to be removed from a future JDK release
Warning: Nashorn engine is planned to be removed from a future JDK release
Warning: Nashorn engine is planned to be removed from a future JDK release
Warning: Nashorn engine is planned to be removed from a future JDK release
Warning: Nashorn engine is planned to be removed from a future JDK release
Warning: Nashorn engine is planned to be removed from a future JDK release
Warning: Nashorn engine is planned to be removed from a future JDK release
Warning: Nashorn engine is planned to be removed from a future JDK release
Warning: Nashorn engine is planned to be removed from a future JDK release
Warning: Nashorn engine is planned to be removed from a future JDK release
Warning: Nashorn engine is planned to be removed from a future JDK release
Warning: Nashorn engine is planned to be removed from a future JDK release
Warning: Nashorn engine is planned to be removed from a future JDK release
Warning: Nashorn engine is planned to be removed from a future JDK release
Warning: Nashorn engine is planned to be removed from a future JDK release
Warning: Nashorn engine is planned to be removed from a future JDK release
Warning: Nashorn engine is planned to be removed from a future JDK release
Warning: Nashorn engine is planned to be removed from a future JDK release
Warning: Nashorn engine is planned to be removed from a future JDK release
Warning: Nashorn engine is planned to be removed from a future JDK release
Warning: Nashorn engine is planned to be removed from a future JDK release
Warning: Nashorn engine is planned to be removed from a future JDK release
Warning: Nashorn engine is planned to be removed from a future JDK release
Warning: Nashorn engine is planned to be removed from a future JDK release
Warning: Nashorn engine is planned to be removed from a future JDK release
Warning: Nashorn engine is planned to be removed from a future JDK release
Warning: Nashorn engine is planned to be removed from a future JDK release
Warning: Nashorn engine is planned to be removed from a future JDK release
Warning: Nashorn engine is planned to be removed from a future JDK release
Warning: Nashorn engine is planned to be removed from a future JDK release
Warning: Nashorn engine is planned to be removed from a future JDK release
Warning: Nashorn engine is planned to be removed from a future JDK release
Warning: Nashorn engine is planned to be removed from a future JDK release
Warning: Nashorn engine is planned to be removed from a future JDK release
Warning: Nashorn engine is planned to be removed from a future JDK release
Warning: Nashorn engine is planned to be removed from a future JDK release
Warning: Nashorn engine is planned to be removed from a future JDK release
Warning: Nashorn engine is planned to be removed from a future JDK release
Warning: Nashorn engine is planned to be removed from a future JDK release
Warning: Nashorn engine is planned to be removed from a future JDK release
Warning: Nashorn engine is planned to be removed from a future JDK release
Warning: Nashorn engine is planned to be removed from a future JDK release
Warning: Nashorn engine is planned to be removed from a future JDK release
Warning: Nashorn engine is planned to be removed from a future JDK release
Warning: Nashorn engine is planned to be removed from a future JDK release
Warning: Nashorn engine is planned to be removed from a future JDK release
Warning: Nashorn engine is planned to be removed from a future JDK release
Warning: Nashorn engine is planned to be removed from a future JDK release
Warning: Nashorn engine is planned to be removed from a future JDK release
Warning: Nashorn engine is planned to be removed from a future JDK release
Warning: Nashorn engine is planned to be removed from a future JDK release
Warning: Nashorn engine is planned to be removed from a future JDK release
Warning: Nashorn engine is planned to be removed from a future JDK release
Warning: Nashorn engine is planned to be removed from a future JDK release
Warning: Nashorn engine is planned to be removed from a future JDK release
Warning: Nashorn engine is planned to be removed from a future JDK release
Warning: Nashorn engine is planned to be removed from a future JDK release
Warning: Nashorn engine is planned to be removed from a future JDK release
Warning: Nashorn engine is planned to be removed from a future JDK release
Warning: Nashorn engine is planned to be removed from a future JDK release
Warning: Nashorn engine is planned to be removed from a future JDK release
Warning: Nashorn engine is planned to be removed from a future JDK release
Warning: Nashorn engine is planned to be removed from a future JDK release
Warning: Nashorn engine is planned to be removed from a future JDK release
Warning: Nashorn engine is planned to be removed from a future JDK release
Warning: Nashorn engine is planned to be removed from a future JDK release
Warning: Nashorn engine is planned to be removed from a future JDK release
Warning: Nashorn engine is planned to be removed from a future JDK release
Warning: Nashorn engine is planned to be removed from a future JDK release
Warning: Nashorn engine is planned to be removed from a future JDK release
Warning: Nashorn engine is planned to be removed from a future JDK release
Warning: Nashorn engine is planned to be removed from a future JDK release
Warning: Nashorn engine is planned to be removed from a future JDK release
Warning: Nashorn engine is planned to be removed from a future JDK release
Warning: Nashorn engine is planned to be removed from a future JDK release
Warning: Nashorn engine is planned to be removed from a future JDK release
Warning: Nashorn engine is planned to be removed from a future JDK release
Warning: Nashorn engine is planned to be removed from a future JDK release
Warning: Nashorn engine is planned to be removed from a future JDK release
Warning: Nashorn engine is planned to be removed from a future JDK release
Warning: Nashorn engine is planned to be removed from a future JDK release
Warning: Nashorn engine is planned to be removed from a future JDK release
Warning: Nashorn engine is planned to be removed from a future JDK release
Warning: Nashorn engine is planned to be removed from a future JDK release
Warning: Nashorn engine is planned to be removed from a future JDK release
Warning: Nashorn engine is planned to be removed from a future JDK release
Warning: Nashorn engine is planned to be removed from a future JDK release
Warning: Nashorn engine is planned to be removed from a future JDK release
Warning: Nashorn engine is planned to be removed from a future JDK release
Warning: Nashorn engine is planned to be removed from a future JDK release
Warning: Nashorn engine is planned to be removed from a future JDK release
Warning: Nashorn engine is planned to be removed from a future JDK release
Warning: Nashorn engine is planned to be removed from a future JDK release
Warning: Nashorn engine is planned to be removed from a future JDK release
Warning: Nashorn engine is planned to be removed from a future JDK release
Warning: Nashorn engine is planned to be removed from a future JDK release
Warning: Nashorn engine is planned to be removed from a future JDK release
Warning: Nashorn engine is planned to be removed from a future JDK release
Warning: Nashorn engine is planned to be removed from a future JDK release
Warning: Nashorn engine is planned to be removed from a future JDK release
Warning: Nashorn engine is planned to be removed from a future JDK release
Warning: Nashorn engine is planned to be removed from a future JDK release
Warning: Nashorn engine is planned to be removed from a future JDK release
Warning: Nashorn engine is planned to be removed from a future JDK release
Warning: Nashorn engine is planned to be removed from a future JDK release
Warning: Nashorn engine is planned to be removed from a future JDK release
Warning: Nashorn engine is planned to be removed from a future JDK release
Warning: Nashorn engine is planned to be removed from a future JDK release
Warning: Nashorn engine is planned to be removed from a future JDK release
Warning: Nashorn engine is planned to be removed from a future JDK release
Warning: Nashorn engine is planned to be removed from a future JDK release
Warning: Nashorn engine is planned to be removed from a future JDK release
Warning: Nashorn engine is planned to be removed from a future JDK release
Warning: Nashorn engine is planned to be removed from a future JDK release
Warning: Nashorn engine is planned to be removed from a future JDK release
Warning: Nashorn engine is planned to be removed from a future JDK release
Warning: Nashorn engine is planned to be removed from a future JDK release
Warning: Nashorn engine is planned to be removed from a future JDK release
Warning: Nashorn engine is planned to be removed from a future JDK release
Warning: Nashorn engine is planned to be removed from a future JDK release
Warning: Nashorn engine is planned to be removed from a future JDK release
Warning: Nashorn engine is planned to be removed from a future JDK release
Warning: Nashorn engine is planned to be removed from a future JDK release
Warning: Nashorn engine is planned to be removed from a future JDK release
Warning: Nashorn engine is planned to be removed from a future JDK release
Warning: Nashorn engine is planned to be removed from a future JDK release
Warning: Nashorn engine is planned to be removed from a future JDK release
Warning: Nashorn engine is planned to be removed from a future JDK release
Warning: Nashorn engine is planned to be removed from a future JDK release
Warning: Nashorn engine is planned to be removed from a future JDK release
Warning: Nashorn engine is planned to be removed from a future JDK release
Warning: Nashorn engine is planned to be removed from a future JDK release
Warning: Nashorn engine is planned to be removed from a future JDK release
Warning: Nashorn engine is planned to be removed from a future JDK release
Warning: Nashorn engine is planned to be removed from a future JDK release
Warning: Nashorn engine is planned to be removed from a future JDK release
Warning: Nashorn engine is planned to be removed from a future JDK release
Warning: Nashorn engine is planned to be removed from a future JDK release
Warning: Nashorn engine is planned to be removed from a future JDK release
Warning: Nashorn engine is planned to be removed from a future JDK release
Warning: Nashorn engine is planned to be removed from a future JDK release
Warning: Nashorn engine is planned to be removed from a future JDK release
Warning: Nashorn engine is planned to be removed from a future JDK release
Warning: Nashorn engine is planned to be removed from a future JDK release
Warning: Nashorn engine is planned to be removed from a future JDK release
Warning: Nashorn engine is planned to be removed from a future JDK release
Warning: Nashorn engine is planned to be removed from a future JDK release
Warning: Nashorn engine is planned to be removed from a future JDK release
Warning: Nashorn engine is planned to be removed from a future JDK release
Warning: Nashorn engine is planned to be removed from a future JDK release
Warning: Nashorn engine is planned to be removed from a future JDK release
Warning: Nashorn engine is planned to be removed from a future JDK release
Warning: Nashorn engine is planned to be removed from a future JDK release
Warning: Nashorn engine is planned to be removed from a future JDK release
Warning: Nashorn engine is planned to be removed from a future JDK release
Warning: Nashorn engine is planned to be removed from a future JDK release
Warning: Nashorn engine is planned to be removed from a future JDK release
Warning: Nashorn engine is planned to be removed from a future JDK release
Warning: Nashorn engine is planned to be removed from a future JDK release
Warning: Nashorn engine is planned to be removed from a future JDK release
Warning: Nashorn engine is planned to be removed from a future JDK release
Warning: Nashorn engine is planned to be removed from a future JDK release
Warning: Nashorn engine is planned to be removed from a future JDK release
Warning: Nashorn engine is planned to be removed from a future JDK release
Warning: Nashorn engine is planned to be removed from a future JDK release
Warning: Nashorn engine is planned to be removed from a future JDK release
Warning: Nashorn engine is planned to be removed from a future JDK release
Warning: Nashorn engine is planned to be removed from a future JDK release
Warning: Nashorn engine is planned to be removed from a future JDK release
Warning: Nashorn engine is planned to be removed from a future JDK release
Warning: Nashorn engine is planned to be removed from a future JDK release
Warning: Nashorn engine is planned to be removed from a future JDK release
Warning: Nashorn engine is planned to be removed from a future JDK release
Warning: Nashorn engine is planned to be removed from a future JDK release
Warning: Nashorn engine is planned to be removed from a future JDK release
Warning: Nashorn engine is planned to be removed from a future JDK release
Warning: Nashorn engine is planned to be removed from a future JDK release
Warning: Nashorn engine is planned to be removed from a future JDK release
Warning: Nashorn engine is planned to be removed from a future JDK release
Warning: Nashorn engine is planned to be removed from a future JDK release
Warning: Nashorn engine is planned to be removed from a future JDK release
Warning: Nashorn engine is planned to be removed from a future JDK release
Warning: Nashorn engine is planned to be removed from a future JDK release
Warning: Nashorn engine is planned to be removed from a future JDK release
Warning: Nashorn engine is planned to be removed from a future JDK release
Warning: Nashorn engine is planned to be removed from a future JDK release
Warning: Nashorn engine is planned to be removed from a future JDK release
Warning: Nashorn engine is planned to be removed from a future JDK release
Warning: Nashorn engine is planned to be removed from a future JDK release
Warning: Nashorn engine is planned to be removed from a future JDK release
Warning: Nashorn engine is planned to be removed from a future JDK release
Warning: Nashorn engine is planned to be removed from a future JDK release
Warning: Nashorn engine is planned to be removed from a future JDK release
Warning: Nashorn engine is planned to be removed from a future JDK release
Warning: Nashorn engine is planned to be removed from a future JDK release
Warning: Nashorn engine is planned to be removed from a future JDK release
Warning: Nashorn engine is planned to be removed from a future JDK release
Warning: Nashorn engine is planned to be removed from a future JDK release
Warning: Nashorn engine is planned to be removed from a future JDK release
Warning: Nashorn engine is planned to be removed from a future JDK release
Warning: Nashorn engine is planned to be removed from a future JDK release
Warning: Nashorn engine is planned to be removed from a future JDK release
Warning: Nashorn engine is planned to be removed from a future JDK release
Warning: Nashorn engine is planned to be removed from a future JDK release
Warning: Nashorn engine is planned to be removed from a future JDK release
Warning: Nashorn engine is planned to be removed from a future JDK release
Warning: Nashorn engine is planned to be removed from a future JDK release
Warning: Nashorn engine is planned to be removed from a future JDK release
Warning: Nashorn engine is planned to be removed from a future JDK release
Warning: Nashorn engine is planned to be removed from a future JDK release
Warning: Nashorn engine is planned to be removed from a future JDK release
Warning: Nashorn engine is planned to be removed from a future JDK release
Warning: Nashorn engine is planned to be removed from a future JDK release
Warning: Nashorn engine is planned to be removed from a future JDK release
Warning: Nashorn engine is planned to be removed from a future JDK release
Warning: Nashorn engine is planned to be removed from a future JDK release
Warning: Nashorn engine is planned to be removed from a future JDK release
Warning: Nashorn engine is planned to be removed from a future JDK release
Warning: Nashorn engine is planned to be removed from a future JDK release
Warning: Nashorn engine is planned to be removed from a future JDK release
Warning: Nashorn engine is planned to be removed from a future JDK release
Warning: Nashorn engine is planned to be removed from a future JDK release
Warning: Nashorn engine is planned to be removed from a future JDK release
Warning: Nashorn engine is planned to be removed from a future JDK release
Warning: Nashorn engine is planned to be removed from a future JDK release
Warning: Nashorn engine is planned to be removed from a future JDK release
Warning: Nashorn engine is planned to be removed from a future JDK release
Warning: Nashorn engine is planned to be removed from a future JDK release
Warning: Nashorn engine is planned to be removed from a future JDK release
Warning: Nashorn engine is planned to be removed from a future JDK release
Warning: Nashorn engine is planned to be removed from a future JDK release
Warning: Nashorn engine is planned to be removed from a future JDK release
Warning: Nashorn engine is planned to be removed from a future JDK release
Warning: Nashorn engine is planned to be removed from a future JDK release
Warning: Nashorn engine is planned to be removed from a future JDK release
Warning: Nashorn engine is planned to be removed from a future JDK release
Warning: Nashorn engine is planned to be removed from a future JDK release
Warning: Nashorn engine is planned to be removed from a future JDK release
Warning: Nashorn engine is planned to be removed from a future JDK release
Warning: Nashorn engine is planned to be removed from a future JDK release
Warning: Nashorn engine is planned to be removed from a future JDK release
Warning: Nashorn engine is planned to be removed from a future JDK release
Warning: Nashorn engine is planned to be removed from a future JDK release
Warning: Nashorn engine is planned to be removed from a future JDK release
Warning: Nashorn engine is planned to be removed from a future JDK release
Warning: Nashorn engine is planned to be removed from a future JDK release
Warning: Nashorn engine is planned to be removed from a future JDK release
Warning: Nashorn engine is planned to be removed from a future JDK release
Warning: Nashorn engine is planned to be removed from a future JDK release
Warning: Nashorn engine is planned to be removed from a future JDK release
Warning: Nashorn engine is planned to be removed from a future JDK release
Warning: Nashorn engine is planned to be removed from a future JDK release
Warning: Nashorn engine is planned to be removed from a future JDK release
Warning: Nashorn engine is planned to be removed from a future JDK release
Warning: Nashorn engine is planned to be removed from a future JDK release
Warning: Nashorn engine is planned to be removed from a future JDK release
Warning: Nashorn engine is planned to be removed from a future JDK release
Warning: Nashorn engine is planned to be removed from a future JDK release
Warning: Nashorn engine is planned to be removed from a future JDK release
Warning: Nashorn engine is planned to be removed from a future JDK release
Warning: Nashorn engine is planned to be removed from a future JDK release
Warning: Nashorn engine is planned to be removed from a future JDK release
Warning: Nashorn engine is planned to be removed from a future JDK release
Warning: Nashorn engine is planned to be removed from a future JDK release
Warning: Nashorn engine is planned to be removed from a future JDK release
Warning: Nashorn engine is planned to be removed from a future JDK release
Warning: Nashorn engine is planned to be removed from a future JDK release
Warning: Nashorn engine is planned to be removed from a future JDK release
Warning: Nashorn engine is planned to be removed from a future JDK release
Warning: Nashorn engine is planned to be removed from a future JDK release
Warning: Nashorn engine is planned to be removed from a future JDK release
Warning: Nashorn engine is planned to be removed from a future JDK release
Warning: Nashorn engine is planned to be removed from a future JDK release
Warning: Nashorn engine is planned to be removed from a future JDK release
Warning: Nashorn engine is planned to be removed from a future JDK release
Warning: Nashorn engine is planned to be removed from a future JDK release
Warning: Nashorn engine is planned to be removed from a future JDK release
Warning: Nashorn engine is planned to be removed from a future JDK release
Warning: Nashorn engine is planned to be removed from a future JDK release
Warning: Nashorn engine is planned to be removed from a future JDK release
Warning: Nashorn engine is planned to be removed from a future JDK release
Warning: Nashorn engine is planned to be removed from a future JDK release
Warning: Nashorn engine is planned to be removed from a future JDK release
Warning: Nashorn engine is planned to be removed from a future JDK release
Warning: Nashorn engine is planned to be removed from a future JDK release
Warning: Nashorn engine is planned to be removed from a future JDK release
Warning: Nashorn engine is planned to be removed from a future JDK release
Warning: Nashorn engine is planned to be removed from a future JDK release
Warning: Nashorn engine is planned to be removed from a future JDK release
Warning: Nashorn engine is planned to be removed from a future JDK release
Warning: Nashorn engine is planned to be removed from a future JDK release
Warning: Nashorn engine is planned to be removed from a future JDK release
Warning: Nashorn engine is planned to be removed from a future JDK release
Warning: Nashorn engine is planned to be removed from a future JDK release
Warning: Nashorn engine is planned to be removed from a future JDK release
Warning: Nashorn engine is planned to be removed from a future JDK release
Warning: Nashorn engine is planned to be removed from a future JDK release
Warning: Nashorn engine is planned to be removed from a future JDK release
Warning: Nashorn engine is planned to be removed from a future JDK release
Warning: Nashorn engine is planned to be removed from a future JDK release
Warning: Nashorn engine is planned to be removed from a future JDK release
Warning: Nashorn engine is planned to be removed from a future JDK release
Warning: Nashorn engine is planned to be removed from a future JDK release
Warning: Nashorn engine is planned to be removed from a future JDK release
Warning: Nashorn engine is planned to be removed from a future JDK release
Warning: Nashorn engine is planned to be removed from a future JDK release
Warning: Nashorn engine is planned to be removed from a future JDK release
Warning: Nashorn engine is planned to be removed from a future JDK release
Warning: Nashorn engine is planned to be removed from a future JDK release
Warning: Nashorn engine is planned to be removed from a future JDK release
Warning: Nashorn engine is planned to be removed from a future JDK release
Warning: Nashorn engine is planned to be removed from a future JDK release
Warning: Nashorn engine is planned to be removed from a future JDK release
Warning: Nashorn engine is planned to be removed from a future JDK release
Warning: Nashorn engine is planned to be removed from a future JDK release
Warning: Nashorn engine is planned to be removed from a future JDK release
Warning: Nashorn engine is planned to be removed from a future JDK release
Warning: Nashorn engine is planned to be removed from a future JDK release
Warning: Nashorn engine is planned to be removed from a future JDK release
Warning: Nashorn engine is planned to be removed from a future JDK release
Warning: Nashorn engine is planned to be removed from a future JDK release
Warning: Nashorn engine is planned to be removed from a future JDK release
Warning: Nashorn engine is planned to be removed from a future JDK release
Warning: Nashorn engine is planned to be removed from a future JDK release
error: org.xml.sax.SAXParseException; systemId: file:///tmp/validDemos17445421021422991413.xml; lineNumber: 2; columnNumber: 14; Document root element "objectModel", must match DOCTYPE root "null".
error: org.xml.sax.SAXParseException; systemId: file:///tmp/validDemos17445421021422991413.xml; lineNumber: 2; columnNumber: 14; Document root element "objectModel", must match DOCTYPE root "null".
error: org.xml.sax.SAXParseException; systemId: file:///tmp/validDemos17445421021422991413.xml; lineNumber: 2; columnNumber: 14; Document root element "objectModel", must match DOCTYPE root "null".
error: org.xml.sax.SAXParseException; systemId: file:///tmp/validDemos17445421021422991413.xml; lineNumber: 2; columnNumber: 14; Document root element "objectModel", must match DOCTYPE root "null".
error: org.xml.sax.SAXParseException; systemId: file:///tmp/validDemos17445421021422991413.xml; lineNumber: 2; columnNumber: 14; Document root element "objectModel", must match DOCTYPE root "null".
error: org.xml.sax.SAXParseException; systemId: file:///tmp/validDemos17445421021422991413.xml; lineNumber: 2; columnNumber: 14; Document root element "objectModel", must match DOCTYPE root "null".
error: org.xml.sax.SAXParseException; systemId: file:///tmp/validDemos17445421021422991413.xml; lineNumber: 2; columnNumber: 14; Document root element "objectModel", must match DOCTYPE root "null".
error: org.xml.sax.SAXParseException; systemId: file:///tmp/validDemos17445421021422991413.xml; lineNumber: 2; columnNumber: 14; Document root element "objectModel", must match DOCTYPE root "null".
error: org.xml.sax.SAXParseException; systemId: file:///tmp/validDemos17445421021422991413.xml; lineNumber: 2; columnNumber: 14; Document root element "objectModel", must match DOCTYPE root "null".
error: org.xml.sax.SAXParseException; systemId: file:///tmp/validDemos17445421021422991413.xml; lineNumber: 2; columnNumber: 14; Document root element "objectModel", must match DOCTYPE root "null".
error: org.xml.sax.SAXParseException; systemId: file:///tmp/validDemos17445421021422991413.xml; lineNumber: 2; columnNumber: 14; Document root element "objectModel", must match DOCTYPE root "null".
error: org.xml.sax.SAXParseException; systemId: file:///tmp/validDemos17445421021422991413.xml; lineNumber: 2; columnNumber: 14; Document root element "objectModel", must match DOCTYPE root "null".
error: org.xml.sax.SAXParseException; systemId: file:///tmp/validDemos17445421021422991413.xml; lineNumber: 2; columnNumber: 14; Document root element "objectModel", must match DOCTYPE root "null".
error: org.xml.sax.SAXParseException; systemId: file:///tmp/validDemos17445421021422991413.xml; lineNumber: 2; columnNumber: 14; Document root element "objectModel", must match DOCTYPE root "null".
error: org.xml.sax.SAXParseException; systemId: file:///tmp/validDemos17445421021422991413.xml; lineNumber: 2; columnNumber: 14; Document root element "objectModel", must match DOCTYPE root "null".
error: org.xml.sax.SAXParseException; systemId: file:///tmp/validDemos17445421021422991413.xml; lineNumber: 2; columnNumber: 14; Document root element "objectModel", must match DOCTYPE root "null".
error: org.xml.sax.SAXParseException; systemId: file:///tmp/validDemos17445421021422991413.xml; lineNumber: 2; columnNumber: 14; Document root element "objectModel", must match DOCTYPE root "null".
error: org.xml.sax.SAXParseException; systemId: file:///tmp/validDemos17445421021422991413.xml; lineNumber: 2; columnNumber: 14; Document root element "objectModel", must match DOCTYPE root "null".
error: org.xml.sax.SAXParseException; systemId: file:///tmp/validDemos17445421021422991413.xml; lineNumber: 2; columnNumber: 14; Document root element "objectModel", must match DOCTYPE root "null".
error: org.xml.sax.SAXParseException; systemId: file:///tmp/validDemos17445421021422991413.xml; lineNumber: 2; columnNumber: 14; Document root element "objectModel", must match DOCTYPE root "null".
error: org.xml.sax.SAXParseException; systemId: file:///tmp/validDemos17445421021422991413.xml; lineNumber: 2; columnNumber: 14; Document root element "objectModel", must match DOCTYPE root "null".
error: org.xml.sax.SAXParseException; systemId: file:///tmp/validDemos17445421021422991413.xml; lineNumber: 2; columnNumber: 14; Document root element "objectModel", must match DOCTYPE root "null".
error: org.xml.sax.SAXParseException; systemId: file:///tmp/validDemos17445421021422991413.xml; lineNumber: 2; columnNumber: 14; Document root element "objectModel", must match DOCTYPE root "null".
error: org.xml.sax.SAXParseException; systemId: file:///tmp/validDemos17445421021422991413.xml; lineNumber: 2; columnNumber: 14; Document root element "objectModel", must match DOCTYPE root "null".
error: org.xml.sax.SAXParseException; systemId: file:///tmp/validDemos17445421021422991413.xml; lineNumber: 2; columnNumber: 14; Document root element "objectModel", must match DOCTYPE root "null".
error: org.xml.sax.SAXParseException; systemId: file:///tmp/validDemos17445421021422991413.xml; lineNumber: 2; columnNumber: 14; Document root element "objectModel", must match DOCTYPE root "null".
error: org.xml.sax.SAXParseException; systemId: file:///tmp/validDemos17445421021422991413.xml; lineNumber: 2; columnNumber: 14; Document root element "objectModel", must match DOCTYPE root "null".
]]></system-err>
</testsuite>
