<?xml version="1.0" encoding="UTF-8" ?>
<testsuite errors="0" failures="0" hostname="travis-job-dcb32f01-2314-4006-b45c-fb555180db3f" name="ptolemy.actor.lib.test.junit.JUnitTclTest" skipped="0" tests="517" time="60.101" timestamp="2020-01-31T06:57:11">
  <properties>
    <property name="npm.executable" value="npm" />
    <property name="env.TRAVIS_ROOT" value="/" />
    <property name="ptII.mk.exists" value="true" />
    <property name="env.TRAVIS_APP_HOST" value="build.travis-ci.org" />
    <property name="env.rvm_bin_path" value="/home/travis/.rvm/bin" />
    <property name="java.home" value="/usr/local/lib/jvm/openjdk11" />
    <property name="env.TRAVIS_JOB_NUMBER" value="1489.8" />
    <property name="env.TRAVIS_HOME" value="/home/travis" />
    <property name="env.DISPLAY" value=":99.0" />
    <property name="env.TRAVIS_INIT" value="systemd" />
    <property name="env.SSH_TTY" value="/dev/pts/0" />
    <property name="java.net.preferIPv4Stack" value="true" />
    <property name="env.RUN_TESTS" value="true" />
    <property name="timeout.short" value="1000000" />
    <property name="junit.formatter" value="xml" />
    <property name="env.TRAVIS_SUDO" value="true" />
    <property name="env.TRAVIS_JOB_NAME" value="" />
    <property name="env.TRAVIS_STACK_NODE_ATTRIBUTES" value="/.node-attributes.yml" />
    <property name="env.LOGNAME" value="travis" />
    <property name="env.PT_TRAVIS_TEST_CORE1_XML" value="true" />
    <property name="jsdoc.home" value="node_modules/@terraswarm/jsdoc" />
    <property name="debuglevel" value="source,lines,vars" />
    <property name="checkstyle.formatter" value="xml" />
    <property name="env._system_version" value="16.04" />
    <property name="bin.vergil.makeable" value="true" />
    <property name="sun.os.patch.level" value="unknown" />
    <property name="java.vendor.url" value="http://java.oracle.com/" />
    <property name="env.TRAVIS_BUILD_WEB_URL" value="https://travis-ci.org/icyphy/ptII/builds/644213902" />
    <property name="java.version" value="11.0.2" />
    <property name="env.TZ" value="UTC" />
    <property name="env.TRAVIS_PULL_REQUEST_SHA" value="" />
    <property name="env.PT_NO_NET" value="true" />
    <property name="env.TRAVIS_SECURE_ENV_VARS" value="true" />
    <property name="env._system_type" value="Linux" />
    <property name="java.vendor.url.bug" value="http://bugreport.java.com/bugreport/" />
    <property name="npmjs-org-is-up" value="true" />
    <property name="env.LANGUAGE" value="en_US.UTF-8" />
    <property name="env.SSH_CLIENT" value="10.16.4.64 33734 22" />
    <property name="env.GEM_HOME" value="/home/travis/.rvm/gems/ruby-2.5.3" />
    <property name="env.HAS_ANTARES_THREE_LITTLE_FRONZIES_BADGE" value="true" />
    <property name="java.version.date" value="2019-01-15" />
    <property name="env.PS4" value="+" />
    <property name="ant.project.invoked-targets" value="build,test.core1.xml" />
    <property name="env.TRAVIS_PULL_REQUEST_BRANCH" value="" />
    <property name="env.TRAVIS_REPO_SLUG" value="icyphy/ptII" />
    <property name="env.XDG_DATA_DIRS" value="/usr/local/share:/usr/share:/var/lib/snapd/desktop" />
    <property name="jdk.debug" value="release" />
    <property name="env.TRAVIS_APT_PROXY" value="http://build-cache.travisci.net" />
    <property name="env.TRAVIS_CPU_ARCH" value="amd64" />
    <property name="node.in.path" value="true" />
    <property name="user.name" value="travis" />
    <property name="java.maxmemory" value="1400m" />
    <property name="env.RUBY_VERSION" value="ruby-2.5.3" />
    <property name="env.LANG" value="en_US.UTF-8" />
    <property name="sun.io.unicode.encoding" value="UnicodeLittle" />
    <property name="sun.jnu.encoding" value="UTF-8" />
    <property name="java.runtime.name" value="OpenJDK Runtime Environment" />
    <property name="usefile" value="false" />
    <property name="return.code" value="0" />
    <property name="junit.single.formatter" value="plain" />
    <property name="env.DYLD_LIBRARY_PATH" value="/home/travis/pthla/certi-tools/lib:" />
    <property name="env.DEBIAN_FRONTEND" value="noninteractive" />
    <property name="env.SSH_CONNECTION" value="10.16.4.64 33734 10.20.0.149 22" />
    <property name="env.MYSQL_UNIX_PORT" value="/var/run/mysqld/mysqld.sock" />
    <property name="env.LC_ALL" value="en_US.UTF-8" />
    <property name="env.TRAVIS_ALLOW_FAILURE" value="false" />
    <property name="env.TRAVIS_JOB_WEB_URL" value="https://travis-ci.org/icyphy/ptII/jobs/644213910" />
    <property name="java.specification.name" value="Java Platform API Specification" />
    <property name="node.works" value="true" />
    <property name="user.timezone" value="" />
    <property name="path.separator" value=":" />
    <property name="env.TRAVIS_ENABLE_INFRA_DETECTION" value="true" />
    <property name="env.PYTHON_CFLAGS" value="-g -fstack-protector --param=ssp-buffer-size=4 -Wformat -Werror=format-security" />
    <property name="timeout.long" value="4000000" />
    <property name="env.CERTI_HOME" value="/home/travis/pthla/certi-tools" />
    <property name="ant.file.ptII" value="/home/travis/build/icyphy/ptII/build.xml" />
    <property name="javadoc.packagenames" value="com.*,diva.*,lbnl.*,org.hlacerti.*,org.json.*,org.ptolemy.*,org.terraswarm.*,ptolemy.*,ptserver.*" />
    <property name="file.encoding" value="UTF-8" />
    <property name="env.TRAVIS_PULL_REQUEST_SLUG" value="" />
    <property name="ant.project.default-target" value="build" />
    <property name="env.GIT_ASKPASS" value="echo" />
    <property name="env.HOME" value="/home/travis" />
    <property name="sun.java.command" value="org.apache.tools.ant.taskdefs.optional.junit.JUnitTestRunner ptolemy.actor.lib.test.junit.JUnitTclTest skipNonTests=false filtertrace=true haltOnError=false haltOnFailure=false formatter=org.apache.tools.ant.taskdefs.optional.junit.OutErrSummaryJUnitResultFormatter showoutput=true outputtoformatters=true logfailedtests=true threadid=0 logtestlistenerevents=false formatter=org.apache.tools.ant.taskdefs.optional.junit.XMLJUnitResultFormatter,/home/travis/build/icyphy/ptII/reports/junit/TEST-ptolemy.actor.lib.test.junit.JUnitTclTest.xml crashfile=/home/travis/build/icyphy/ptII/junitvmwatcher2297682404933829107.properties propsfile=/home/travis/build/icyphy/ptII/junit4095349046831167290.properties" />
    <property name="env.COMPOSER_NO_INTERACTION" value="1" />
    <property name="env.MANPATH" value="/home/travis/.nvm/versions/node/v7.10.1/share/man:/home/travis/.rvm/rubies/ruby-2.5.3/share/man:/usr/local/cmake-3.12.4/man:/usr/local/clang-7.0.0/share/man:/usr/local/man:/usr/local/share/man:/usr/share/man:/home/travis/.rvm/man" />
    <property name="env.TRAVIS_TIMER_ID" value="080888ca" />
    <property name="ant.file" value="/home/travis/build/icyphy/ptII/build.xml" />
    <property name="env.TRAVIS_COMMIT_RANGE" value="cc5a3a0262365f950a1bd5e90b0d962bcc213c52...b06f35d163e9d2fd60960e07537511f3f2abf6c1" />
    <property name="env._system_name" value="Ubuntu" />
    <property name="ptII.classpath.optional.property" value="/home/travis/build/icyphy/ptII/lib/bsh-2.0b4.jar:/home/travis/build/icyphy/ptII/lib/ptCal.jar:/home/travis/build/icyphy/ptII/lib/java_cup.jar:/home/travis/build/icyphy/ptII/lib/saxon8.jar:/home/travis/build/icyphy/ptII/lib/saxon8-dom.jar:/home/travis/build/icyphy/ptII/lib/chic.jar:/home/travis/build/icyphy/ptII/lib/ptcolt.jar:/home/travis/build/icyphy/ptII/vendors/misc/itext/iText.jar:/home/travis/build/icyphy/ptII/lib/g4ltl.jar:/home/travis/build/icyphy/ptII/lib/StructuralCoder.jar:/home/travis/build/icyphy/ptII/lib/jcerti.jar:/home/travis/build/icyphy/ptII/lib/javax.mail.jar:/home/travis/build/icyphy/ptII/vendors/JMF-2.1.1e/lib/jmf.jar:/home/travis/build/icyphy/ptII/lib/jna-4.0.0-variadic.jar:/home/travis/build/icyphy/ptII/vendors/misc/joystick/Joystick.jar:/home/travis/build/icyphy/ptII/lib/ptjacl.jar:/home/travis/build/icyphy/ptII/lib/jsoup-1.8.2.jar:/home/travis/build/icyphy/ptII/lib/junit-4.8.2.jar:/home/travis/build/icyphy/ptII/lib/JUnitParams-0.4.0.jar:/home/travis/build/icyphy/ptII/ptolemy/actor/lib/excel/jxl.jar:/home/travis/build/icyphy/ptII/lib/jython.jar:/home/travis/build/icyphy/ptII/lib/kieler.jar:/home/travis/build/icyphy/ptII/vendors/opencv/share/OpenCV/java/opencv-341.jar:/home/travis/build/icyphy/ptII/lib/oscP5.jar:/home/travis/build/icyphy/ptII/lib/nrjavaserial-3.11.0.devel.jar:/home/travis/build/icyphy/ptII/vendors/j3d/lib/Linux/j3dcore.jar:/home/travis/build/icyphy/ptII/vendors/j3d/lib/Linux/j3dutils.jar:/home/travis/build/icyphy/ptII/vendors/j3d/lib/Linux/vecmath.jar:/home/travis/build/icyphy/ptII/vendors/jogl/lib/Linux/gluegen-rt-natives-linux-amd64.jar:/home/travis/build/icyphy/ptII/vendors/jogl/lib/Linux/gluegen-rt.jar:/home/travis/build/icyphy/ptII/vendors/jogl/lib/Linux/jogl-all-natives-linux-amd64.jar:/home/travis/build/icyphy/ptII/vendors/jogl/lib/Linux/jogl-all.jar:/home/travis/build/icyphy/ptII/ptolemy/distributed/jini/jar/jini-core.jar:/home/travis/build/icyphy/ptII/ptolemy/distributed/jini/jar/jini-ext.jar:/home/travis/build/icyphy/ptII/ptolemy/distributed/jini/jar/sun-util.jar:/home/travis/build/icyphy/ptII/lib/protobuf-java-2.4.1.jar:/home/travis/build/icyphy/ptII/lib/org.eclipse.paho.client.mqttv3.jar:/home/travis/build/icyphy/ptII/lib/mapss.jar:/home/travis/build/icyphy/ptII/ptolemy/actor/ptalon/antlr/antlr.jar:/home/travis/build/icyphy/ptII/lib/JRI.jar:/home/travis/build/icyphy/ptII/lib/commons-lang-2.6.jar:/home/travis/build/icyphy/ptII/lib/commons-logging-1.1.1.jar:/home/travis/build/icyphy/ptII/lib/sootclasses.jar:/home/travis/build/icyphy/ptII/ptolemy/actor/lib/database/mysql-connector-java-5.1.6-bin.jar:/home/travis/build/icyphy/ptII/vendors/misc/sphinx4/sphinx4-data-5prealpha.jar:/home/travis/build/icyphy/ptII/vendors/misc/sphinx4/sphinx4-core-5prealpha.jar:/home/travis/build/icyphy/ptII/lib/PDFRenderer.jar:/home/travis/build/icyphy/ptII/lib/svgSalamander.jar:/home/travis/build/icyphy/ptII/lib/rsyntaxtextarea-2.6.0-SNAPSHOT.jar:/home/travis/build/icyphy/ptII/lib/hazelcast-3.8.2.jar:/home/travis/build/icyphy/ptII/lib/jackson-annotations-2.9.0.jar:/home/travis/build/icyphy/ptII/lib/jackson-core-2.9.3.jar:/home/travis/build/icyphy/ptII/lib/jackson-databind-2.9.3.jar:/home/travis/build/icyphy/ptII/lib/netty-buffer-4.1.19.Final.jar:/home/travis/build/icyphy/ptII/lib/netty-codec-4.1.19.Final.jar:/home/travis/build/icyphy/ptII/lib/netty-codec-dns-4.1.19.Final.jar:/home/travis/build/icyphy/ptII/lib/netty-codec-http-4.1.19.Final.jar:/home/travis/build/icyphy/ptII/lib/netty-codec-http2-4.1.19.Final.jar:/home/travis/build/icyphy/ptII/lib/netty-common-4.1.19.Final.jar:/home/travis/build/icyphy/ptII/lib/netty-handler-4.1.19.Final.jar:/home/travis/build/icyphy/ptII/lib/netty-resolver-4.1.19.Final.jar:/home/travis/build/icyphy/ptII/lib/netty-resolver-dns-4.1.19.Final.jar:/home/travis/build/icyphy/ptII/lib/netty-transport-4.1.19.Final.jar:/home/travis/build/icyphy/ptII/lib/vertx-codegen-3.5.1.jar:/home/travis/build/icyphy/ptII/lib/vertx-core-3.5.2-SNAPSHOT.jar:/home/travis/build/icyphy/ptII/lib/vertx-hazelcast-3.5.1.jar:/home/travis/build/icyphy/ptII/lib/vertx-lang-js-3.5.1.jar:/home/travis/build/icyphy/ptII/lib/vertx-service-proxy-3.5.1.jar:/home/travis/build/icyphy/ptII/lib/vertx-web-3.5.1.jar:/home/travis/build/icyphy/ptII/lib/slf4j-api-1.7.13.jar:/home/travis/build/icyphy/ptII/lib/slf4j-simple-1.7.13.jar:/home/travis/build/icyphy/ptII/lib/webcam-capture-0.3.12.jar:/home/travis/build/icyphy/ptII/lib/bridj-0.7.0.jar:/home/travis/build/icyphy/ptII/lib/xbjlib-1.1.0.nrjavaserial.jar" />
    <property name="timeout" value="2400000" />
    <property name="test.batch" value="**/junit/*.java" />
    <property name="env._" value="/usr/bin/timeout" />
    <property name="java.io.tmpdir" value="/tmp" />
    <property name="user.language" value="en" />
    <property name="env.TRAVIS_INTERNAL_RUBY_REGEX" value="^ruby-(2\.[0-4]\.[0-9]|1\.9\.3)" />
    <property name="env.HISTCONTROL" value="ignoredups:ignorespace" />
    <property name="env.GOROOT" value="/home/travis/.gimme/versions/go1.11.1.linux.amd64" />
    <property name="line.separator" value="&#xa;" />
    <property name="target" value="11" />
    <property name="env.TRAVIS_BUILD_DIR" value="/home/travis/build/icyphy/ptII" />
    <property name="env.ANT_OPTS" value="-Xmx2048m" />
    <property name="ant.file.type" value="file" />
    <property name="ptolemy.ptII.batchMode" value="true" />
    <property name="env.HISTSIZE" value="1000" />
    <property name="env.MERB_ENV" value="test" />
    <property name="java.vm.info" value="mixed mode" />
    <property name="source" value="11" />
    <property name="java.vm.specification.name" value="Java Virtual Machine Specification" />
    <property name="env.TRAVIS_TEST_RESULT" value="0" />
    <property name="jsdoc.command" value="node_modules/@terraswarm/jsdoc/jsdoc.js" />
    <property name="npm.works" value="true" />
    <property name="cobertura.dir" value="/home/travis/build/icyphy/ptII/vendors/cobertura-2.0.3" />
    <property name="jsdoc.command.exists" value="true" />
    <property name="env.rvm_path" value="/home/travis/.rvm" />
    <property name="env.GEM_PATH" value="/home/travis/.rvm/gems/ruby-2.5.3:/home/travis/.rvm/gems/ruby-2.5.3@global" />
    <property name="env.LC_CTYPE" value="en_US.UTF-8" />
    <property name="env.TRAVIS_CMD" value="$PTII/bin/ptIITravisBuild.sh $SECONDS" />
    <property name="java.awt.printerjob" value="sun.print.PSPrinterJob" />
    <property name="env.TRAVIS_STACK_NAME" value="sardonyx" />
    <property name="env.TRAVIS_TIMER_START_TIME" value="1580453228480802000" />
    <property name="ant.version" value="Apache Ant(TM) version 1.10.1 compiled on February 2 2017" />
    <property name="ptII.reports" value="/home/travis/build/icyphy/ptII/reports" />
    <property name="env.TRAVIS_STACK_TIMESTAMP" value="2019-03-25 16:16:56 UTC" />
    <property name="ant.file.type.ptII" value="file" />
    <property name="env.RBENV_SHELL" value="bash" />
    <property name="os.name" value="Linux" />
    <property name="java.specification.vendor" value="Oracle Corporation" />
    <property name="env.rvm_version" value="1.29.7 (latest)" />
    <property name="env.TRAVIS_INFRA" value="unknown" />
    <property name="env.TERM" value="xterm" />
    <property name="java.vm.name" value="OpenJDK 64-Bit Server VM" />
    <property name="env.TRAVIS_BUILD_NUMBER" value="1489" />
    <property name="env.CI" value="true" />
    <property name="java.library.path" value="/home/travis/pthla/certi-tools/lib:/usr/lib/jni:/usr/local/share/OpenCV/java/:/usr/share/OpenCV/java::/usr/java/packages/lib:/usr/lib64:/lib64:/lib:/usr/lib" />
    <property name="jdk.module.path" value="/home/travis/build/icyphy/ptII/vendors/javafx/javafx-sdk-11.0.2/lib:" />
    <property name="env.rvm_prefix" value="/home/travis" />
    <property name="env.PATH" value="/home/travis/pthla/certi-tools/share/scripts:/home/travis/.rvm/gems/ruby-2.5.3/bin:/home/travis/.rvm/gems/ruby-2.5.3@global/bin:/home/travis/.rvm/rubies/ruby-2.5.3/bin:/home/travis/.rvm/bin:/home/travis/.nvm/versions/node/v7.10.1/bin:./node_modules/.bin:/home/travis/build/icyphy/ptII/bin:/home/travis/pthla/certi-tools/bin:/home/travis/bin:/home/travis/.local/bin:/usr/local/lib/jvm/openjdk11/bin:/opt/pyenv/shims:/home/travis/.phpenv/shims:/home/travis/perl5/perlbrew/bin:/home/travis/gopath/bin:/home/travis/.gimme/versions/go1.11.1.linux.amd64/bin:/usr/local/maven-3.6.0/bin:/usr/local/cmake-3.12.4/bin:/usr/local/clang-7.0.0/bin:/usr/local/sbin:/usr/local/bin:/usr/sbin:/usr/bin:/sbin:/bin:/snap/bin:/home/travis/.phpenv/bin:/opt/pyenv/bin:/home/travis/.yarn/bin" />
    <property name="env.TRAVIS_OS_NAME" value="linux" />
    <property name="ant.java.version" value="9" />
    <property name="basedir" value="/home/travis/build/icyphy/ptII" />
    <property name="java.class.version" value="55.0" />
    <property name="env.SHLVL" value="3" />
    <property name="env.LD_LIBRARY_PATH" value="/home/travis/pthla/certi-tools/lib:/usr/lib/jni:/usr/local/share/OpenCV/java/:/usr/share/OpenCV/java:" />
    <property name="env.RACK_ENV" value="test" />
    <property name="ant.home" value="/home/travis/build/icyphy/ptII/ant" />
    <property name="env.NVM_DIR" value="/home/travis/.nvm" />
    <property name="env.CERTI_FOM_PATH" value="/home/travis/pthla/certi-tools/share/federations" />
    <property name="env.TRAVIS_BUILD_ID" value="644213902" />
    <property name="env.PYENV_ROOT" value="/opt/pyenv" />
    <property name="env.TRAVIS_UID" value="2000" />
    <property name="prism.verbose" value="true" />
    <property name="env.NVM_BIN" value="/home/travis/.nvm/versions/node/v7.10.1/bin" />
    <property name="env.TRAVIS_COMMIT" value="b06f35d163e9d2fd60960e07537511f3f2abf6c1" />
    <property name="env._system_arch" value="x86_64" />
    <property name="node.executable" value="node" />
    <property name="sun.boot.library.path" value="/usr/local/lib/jvm/openjdk11/lib" />
    <property name="sun.management.compiler" value="HotSpot 64-Bit Tiered Compilers" />
    <property name="java.awt.graphicsenv" value="sun.awt.X11GraphicsEnvironment" />
    <property name="env.GOPATH" value="/home/travis/gopath" />
    <property name="ptolemy.ptII.dir" value="/home/travis/build/icyphy/ptII" />
    <property name="env.USER" value="travis" />
    <property name="env.HISTFILESIZE" value="2000" />
    <property name="timeout.longest" value="19000000" />
    <property name="env.PERLBREW_SHELLRC_VERSION" value="0.86" />
    <property name="env.TRAVIS_STACK_FEATURES" value="basic couchdb disabled-ipv6 docker docker-compose elasticsearch firefox go-toolchain google-chrome jdk memcached mongodb mysql nodejs_interpreter perl_interpreter perlbrew phantomjs postgresql python_interpreter redis ruby_interpreter sqlite xserver" />
    <property name="env.TRAVIS_PULL_REQUEST" value="false" />
    <property name="env.PYENV_SHELL" value="bash" />
    <property name="ant.project.name" value="ptII" />
    <property name="env.ANSI_RESET" value="\033[0m" />
    <property name="java.vm.specification.version" value="11" />
    <property name="env.TRAVIS_DIST" value="xenial" />
    <property name="env.CERTI_VERSION" value="4.0.0" />
    <property name="env.CERTI_HOST" value="localhost" />
    <property name="awt.toolkit" value="sun.awt.X11.XToolkit" />
    <property name="env.MY_RUBY_HOME" value="/home/travis/.rvm/rubies/ruby-2.5.3" />
    <property name="sun.cpu.isalist" value="" />
    <property name="env.TRAVIS_TMPDIR" value="/tmp/tmp.WXDCC6lJsq" />
    <property name="java.vm.compressedOopsMode" value="Zero based" />
    <property name="os.version" value="4.15.0-1028-gcp" />
    <property name="user.home" value="/home/travis" />
    <property name="java.vm.vendor" value="Oracle Corporation" />
    <property name="env.TRAVIS_TAG" value="nightly" />
    <property name="env.ANSI_YELLOW" value="\033[33;1m" />
    <property name="env.TRAVIS_FILTERED" value="redirect_io" />
    <property name="env.ANSI_GREEN" value="\033[32;1m" />
    <property name="env.JAVA_HOME" value="/usr/local/lib/jvm/openjdk11" />
    <property name="javadoc.excludepackagenames" value="adm.cvs2svn.*,build.*,config.*,doc.coding.templates.*,jni.test.jni.meaningOfLife.*,jni.test.jni.testDeux.*,jni.test.jni.testTrois.*,org.terraswarm.accessor.accessors.web.node_modules.*,org.terraswarm.accessor.accessors.web.hosts.cordova.demo.*,org.terraswarm.accessor.accessors.web.hosts.cordova.plugins.*,org.terraswarm.accessor.accessors-svn.*,pt-modules.*,ptolemy.apps.agilent.*,ptolemy.apps.anytimecontrol.*,ptolemy.apps.apes.*,ptolemy.apps.charon.*,ptolemy.apps.crazyboard.*,ptolemy.apps.eclipse.*,ptolemy.apps.etherealSting.*,ptolemy.apps.fullscreen.*,ptolemy.apps.giotto.*,ptolemy.apps.ia.*,ptolemy.apps.interfaces.*,ptolemy.apps.jmf.*,ptolemy.apps.kurt.*,ptolemy.apps.kvm.*,ptolemy.apps.lego.*,ptolemy.apps.lejos.*,ptolemy.apps.midp.*,ptolemy.apps.mobileCoding.*,ptolemy.apps.pendulum.*,ptolemy.apps.rijndael.*,ptolemy.apps.robot.*,ptolemy.apps.security.*,ptolemy.apps.sobel.*,ptolemy.apps.soot.*,ptolemy.apps.throttle.*,ptolemy.apps.tini.*,ptolemy.apps.transmission.*,ptolemy.apps.vergil.*,ptolemy.apps.waba.*,ptolemy.apps.websensor.*,ptolemy.apps.webstart.*,ptolemy.apps.xsl.*,ptolemy.apps.zaurus.*,ptolemy.codegen.c.actor.lib.oldJavaFiles.*,ptolemy.codegen.dsp.lib.*,ptolemy.codegen.kernel.newInterfaces.*,ptolemy.codegen.lib.*,ptolemy.copernicus.kernel.fragment.*,ptolemy.copernicus.shallow.cg.*,ptolemy.domains.giotto.demo.Hierarchy.Hierarchy.*,ptolemy.domains.giotto.demo.Multimode.Multimode.*,ptolemy.domains.giotto.demo.Simple.Simple.*,ptolemy.domains.gr.lib.experimental.*,ptolemy.domains.gro.*,ptolemy.domains.pdf.*,ptolemy.domains.ptinyos.demo.Surge.output.*,ptolemy.moml.test.NoPackageActor.java*,ptolemy.plot.adm.*,ptolemy.plot.servlet.*,reports.*,signed.*,src.*,target.*,vendors.*,ptolemy.copernicus.applet.*,ptolemy.media.viewer.*,ptolemy.actor.corba.*,doc.doclets.*,ptolemy.apps.eclipse.awt.*,ptolemy.backtrack.*,ptolemy.backtrack.ast.*,ptolemy.cg.adapter.generic.program.procedural.c.mbed*,ptolemy.homer.*,ptolemy.actor.lib.jai.*,org.ptolemy.scala.*,diva.util.java2d.svg.*,ptolemy.domains.ptinyos.*,ptolemy.actor.lib.fmi.fmipp.*,,org.terraswarm.accessor.accessors.web.node_modules.*,org.terraswarm.accessor.accessors-svn,ptolemy.apps.*,ptolemy.actor.ptalon.demo.ptinyos.SendAndReceiveCnt.output,ptolemy.actor.ptalon.demo.ptinyos.SenseToLeds.output,ptolemy.domains.ptinyos.demo.CntToLedsAndRfm.output,ptolemy.domains.ptinyos.demo.RfmToLeds.output,ptolemy.domains.ptinyos.demo.SendAndReceiveCnt.output,ptolemy.domains.ptinyos.demo.SenseToLeds.output,ptolemy.actor.lib.jjs.modules.udpSocket.*" />
    <property name="env.PTII" value="/home/travis/build/icyphy/ptII" />
    <property name="env.XDG_SESSION_ID" value="2" />
    <property name="keystore" value="ptKeystore" />
    <property name="env.TRAVIS_COMMIT_MESSAGE" value="Fixing the name of the branch in build-certi1516e.sh." />
    <property name="junit.output.dir" value="/home/travis/build/icyphy/ptII/reports/junit" />
    <property name="npm.return.code" value="0" />
    <property name="user.dir" value="/home/travis/build/icyphy/ptII/ptolemy/actor/lib/test" />
    <property name="env.TRAVIS_NODE_VERSION" value="7" />
    <property name="env.TRAVIS_EVENT_TYPE" value="cron" />
    <property name="env.MAIL" value="/var/mail/travis" />
    <property name="env.PERLBREW_ROOT" value="/home/travis/perl5/perlbrew" />
    <property name="env.PWD" value="/home/travis/build/icyphy/ptII" />
    <property name="timeout.npm" value="45000" />
    <property name="env.TRAVIS_ARCH" value="amd64" />
    <property name="sun.cpu.endian" value="little" />
    <property name="env.PAGER" value="cat" />
    <property name="env.TRAVIS_BUILD_STAGE_NAME" value="Test" />
    <property name="env.PERLBREW_HOME" value="/home/travis/.perlbrew" />
    <property name="java.vm.version" value="11.0.2+9" />
    <property name="env.RAILS_ENV" value="test" />
    <property name="java.class.path" value="/home/travis/.ptolemyII:/home/travis/.ptolemyII/*:/home/travis/build/icyphy/ptII:/home/travis/build/icyphy/ptII/lib/bsh-2.0b4.jar:/home/travis/build/icyphy/ptII/lib/ptCal.jar:/home/travis/build/icyphy/ptII/lib/java_cup.jar:/home/travis/build/icyphy/ptII/lib/saxon8.jar:/home/travis/build/icyphy/ptII/lib/saxon8-dom.jar:/home/travis/build/icyphy/ptII/lib/chic.jar:/home/travis/build/icyphy/ptII/lib/ptcolt.jar:/home/travis/build/icyphy/ptII/vendors/misc/itext/iText.jar:/home/travis/build/icyphy/ptII/lib/g4ltl.jar:/home/travis/build/icyphy/ptII/lib/StructuralCoder.jar:/home/travis/build/icyphy/ptII/lib/jcerti.jar:/home/travis/build/icyphy/ptII/lib/javax.mail.jar:/home/travis/build/icyphy/ptII/vendors/JMF-2.1.1e/lib/jmf.jar:/home/travis/build/icyphy/ptII/lib/jna-4.0.0-variadic.jar:/home/travis/build/icyphy/ptII/vendors/misc/joystick/Joystick.jar:/home/travis/build/icyphy/ptII/lib/ptjacl.jar:/home/travis/build/icyphy/ptII/lib/jsoup-1.8.2.jar:/home/travis/build/icyphy/ptII/lib/junit-4.8.2.jar:/home/travis/build/icyphy/ptII/lib/JUnitParams-0.4.0.jar:/home/travis/build/icyphy/ptII/ptolemy/actor/lib/excel/jxl.jar:/home/travis/build/icyphy/ptII/lib/jython.jar:/home/travis/build/icyphy/ptII/lib/kieler.jar:/home/travis/build/icyphy/ptII/vendors/opencv/share/OpenCV/java/opencv-341.jar:/home/travis/build/icyphy/ptII/lib/oscP5.jar:/home/travis/build/icyphy/ptII/lib/nrjavaserial-3.11.0.devel.jar:/home/travis/build/icyphy/ptII/vendors/j3d/lib/Linux/j3dcore.jar:/home/travis/build/icyphy/ptII/vendors/j3d/lib/Linux/j3dutils.jar:/home/travis/build/icyphy/ptII/vendors/j3d/lib/Linux/vecmath.jar:/home/travis/build/icyphy/ptII/vendors/jogl/lib/Linux/gluegen-rt-natives-linux-amd64.jar:/home/travis/build/icyphy/ptII/vendors/jogl/lib/Linux/gluegen-rt.jar:/home/travis/build/icyphy/ptII/vendors/jogl/lib/Linux/jogl-all-natives-linux-amd64.jar:/home/travis/build/icyphy/ptII/vendors/jogl/lib/Linux/jogl-all.jar:/home/travis/build/icyphy/ptII/ptolemy/distributed/jini/jar/jini-core.jar:/home/travis/build/icyphy/ptII/ptolemy/distributed/jini/jar/jini-ext.jar:/home/travis/build/icyphy/ptII/ptolemy/distributed/jini/jar/sun-util.jar:/home/travis/build/icyphy/ptII/lib/protobuf-java-2.4.1.jar:/home/travis/build/icyphy/ptII/lib/org.eclipse.paho.client.mqttv3.jar:/home/travis/build/icyphy/ptII/lib/mapss.jar:/home/travis/build/icyphy/ptII/ptolemy/actor/ptalon/antlr/antlr.jar:/home/travis/build/icyphy/ptII/lib/JRI.jar:/home/travis/build/icyphy/ptII/lib/commons-lang-2.6.jar:/home/travis/build/icyphy/ptII/lib/commons-logging-1.1.1.jar:/home/travis/build/icyphy/ptII/lib/sootclasses.jar:/home/travis/build/icyphy/ptII/ptolemy/actor/lib/database/mysql-connector-java-5.1.6-bin.jar:/home/travis/build/icyphy/ptII/vendors/misc/sphinx4/sphinx4-data-5prealpha.jar:/home/travis/build/icyphy/ptII/vendors/misc/sphinx4/sphinx4-core-5prealpha.jar:/home/travis/build/icyphy/ptII/lib/PDFRenderer.jar:/home/travis/build/icyphy/ptII/lib/svgSalamander.jar:/home/travis/build/icyphy/ptII/lib/rsyntaxtextarea-2.6.0-SNAPSHOT.jar:/home/travis/build/icyphy/ptII/lib/hazelcast-3.8.2.jar:/home/travis/build/icyphy/ptII/lib/jackson-annotations-2.9.0.jar:/home/travis/build/icyphy/ptII/lib/jackson-core-2.9.3.jar:/home/travis/build/icyphy/ptII/lib/jackson-databind-2.9.3.jar:/home/travis/build/icyphy/ptII/lib/netty-buffer-4.1.19.Final.jar:/home/travis/build/icyphy/ptII/lib/netty-codec-4.1.19.Final.jar:/home/travis/build/icyphy/ptII/lib/netty-codec-dns-4.1.19.Final.jar:/home/travis/build/icyphy/ptII/lib/netty-codec-http-4.1.19.Final.jar:/home/travis/build/icyphy/ptII/lib/netty-codec-http2-4.1.19.Final.jar:/home/travis/build/icyphy/ptII/lib/netty-common-4.1.19.Final.jar:/home/travis/build/icyphy/ptII/lib/netty-handler-4.1.19.Final.jar:/home/travis/build/icyphy/ptII/lib/netty-resolver-4.1.19.Final.jar:/home/travis/build/icyphy/ptII/lib/netty-resolver-dns-4.1.19.Final.jar:/home/travis/build/icyphy/ptII/lib/netty-transport-4.1.19.Final.jar:/home/travis/build/icyphy/ptII/lib/vertx-codegen-3.5.1.jar:/home/travis/build/icyphy/ptII/lib/vertx-core-3.5.2-SNAPSHOT.jar:/home/travis/build/icyphy/ptII/lib/vertx-hazelcast-3.5.1.jar:/home/travis/build/icyphy/ptII/lib/vertx-lang-js-3.5.1.jar:/home/travis/build/icyphy/ptII/lib/vertx-service-proxy-3.5.1.jar:/home/travis/build/icyphy/ptII/lib/vertx-web-3.5.1.jar:/home/travis/build/icyphy/ptII/lib/slf4j-api-1.7.13.jar:/home/travis/build/icyphy/ptII/lib/slf4j-simple-1.7.13.jar:/home/travis/build/icyphy/ptII/lib/webcam-capture-0.3.12.jar:/home/travis/build/icyphy/ptII/lib/bridj-0.7.0.jar:/home/travis/build/icyphy/ptII/lib/xbjlib-1.1.0.nrjavaserial.jar:/home/travis/build/icyphy/ptII/ptolemy/moml/test:/home/travis/build/icyphy/ptII/ant/lib/ant-launcher.jar:/home/travis/build/icyphy/ptII/ant/lib/ant.jar:/home/travis/build/icyphy/ptII/ant/lib/ant-junit.jar:/home/travis/build/icyphy/ptII/ant/lib/ant-junit4.jar" />
    <property name="ant.library.dir" value="/home/travis/build/icyphy/ptII/ant/lib" />
    <property name="os.arch" value="amd64" />
    <property name="env.CONTINUOUS_INTEGRATION" value="true" />
    <property name="env.TRAVIS_LANGUAGE" value="node_js" />
    <property name="env.TRAVIS_STACK_LANGUAGES" value="__sardonyx__ c c++ clojure cplusplus cpp default generic go groovy java node_js php pure_java python ruby scala" />
    <property name="test.name" value="ptolemy.actor.lib.test.junit.JUnitTclTest" />
    <property name="env.APT_KEY_DONT_WARN_ON_DANGEROUS_USAGE" value="1" />
    <property name="sun.java.launcher" value="SUN_STANDARD" />
    <property name="env.PYTHON_CONFIGURE_OPTS" value="--enable-unicode=ucs4 --with-wide-unicode --enable-shared --enable-ipv6 --enable-loadable-sqlite-extensions --with-computed-gotos" />
    <property name="ant.core.lib" value="/home/travis/build/icyphy/ptII/ant/lib/ant.jar" />
    <property name="java.vm.specification.vendor" value="Oracle Corporation" />
    <property name="env.BCVTB_HOME" value="/home/travis/build/icyphy/ptII/lbnl" />
    <property name="file.separator" value="/" />
    <property name="spotbugs.home" value="/home/travis/build/icyphy/ptII/vendors/spotbugs-3.1.1" />
    <property name="java.runtime.version" value="11.0.2+9" />
    <property name="env.ANSI_CLEAR" value="\033[0K" />
    <property name="javafx.verbose" value="true" />
    <property name="env.HAS_JOSH_K_SEAL_OF_APPROVAL" value="true" />
    <property name="env.XDG_RUNTIME_DIR" value="/run/user/2000" />
    <property name="env.TRAVIS_OSX_IMAGE" value="" />
    <property name="env.TRAVIS_JOB_ID" value="644213910" />
    <property name="env.TRAVIS_BRANCH" value="master" />
    <property name="user.country" value="US" />
    <property name="env.CERTI_HOME_TRAVIS" value="/home/travis/pthla/certi-tools" />
    <property name="env.SHELL" value="/bin/bash" />
    <property name="java.maxmemory.large" value="3200m" />
    <property name="model" value="" />
    <property name="env.CASHER_DIR" value="/home/travis/.casher" />
    <property name="env.NVM_CD_FLAGS" value="" />
    <property name="java.vendor.version" value="18.9" />
    <property name="jshint.executable" value="/home/travis/node_modules/jshint/bin/jshint" />
    <property name="env.JRUBY_OPTS" value=" --client -J-XX:+TieredCompilation -J-XX:TieredStopAtLevel=1 -J-Xss2m -Xcompile.invokedynamic=false" />
    <property name="java.vendor" value="Oracle Corporation" />
    <property name="env.TRAVIS_PRE_CHEF_BOOTSTRAP_TIME" value="2019-03-25T16:16:42" />
    <property name="env.TRAVIS_STACK_JOB_BOARD_REGISTER" value="/.job-board-register.yml" />
    <property name="env.ANSI_RED" value="\033[31;1m" />
    <property name="java.specification.version" value="11" />
    <property name="env.IRBRC" value="/home/travis/.rvm/rubies/ruby-2.5.3/.irbrc" />
    <property name="env.TRAVIS" value="true" />
    <property name="sun.arch.data.model" value="64" />
  </properties>
  <testcase classname="ptolemy.util.test.junit.TclTests" name="[0] /home/travis/build/icyphy/ptII/ptolemy/actor/lib/test/AbsoluteValue.tcl (RunTclFile)" time="0.594" />
  <testcase classname="ptolemy.util.test.junit.TclTests" name="[1] /home/travis/build/icyphy/ptII/ptolemy/actor/lib/test/AddSubtract.tcl (RunTclFile)" time="0.192" />
  <testcase classname="ptolemy.util.test.junit.TclTests" name="[2] /home/travis/build/icyphy/ptII/ptolemy/actor/lib/test/Average.tcl (RunTclFile)" time="0.03" />
  <testcase classname="ptolemy.util.test.junit.TclTests" name="[3] /home/travis/build/icyphy/ptII/ptolemy/actor/lib/test/Bernoulli.tcl (RunTclFile)" time="0.018" />
  <testcase classname="ptolemy.util.test.junit.TclTests" name="[4] /home/travis/build/icyphy/ptII/ptolemy/actor/lib/test/Clock.tcl (RunTclFile)" time="0.059" />
  <testcase classname="ptolemy.util.test.junit.TclTests" name="[5] /home/travis/build/icyphy/ptII/ptolemy/actor/lib/test/Commutator.tcl (RunTclFile)" time="0.159" />
  <testcase classname="ptolemy.util.test.junit.TclTests" name="[6] /home/travis/build/icyphy/ptII/ptolemy/actor/lib/test/Const.tcl (RunTclFile)" time="0.149" />
  <testcase classname="ptolemy.util.test.junit.TclTests" name="[7] /home/travis/build/icyphy/ptII/ptolemy/actor/lib/test/CurrentTime.tcl (RunTclFile)" time="0.038" />
  <testcase classname="ptolemy.util.test.junit.TclTests" name="[8] /home/travis/build/icyphy/ptII/ptolemy/actor/lib/test/DB.tcl (RunTclFile)" time="0.044" />
  <testcase classname="ptolemy.util.test.junit.TclTests" name="[9] /home/travis/build/icyphy/ptII/ptolemy/actor/lib/test/DiscreteRandomSource.tcl (RunTclFile)" time="0.024" />
  <testcase classname="ptolemy.util.test.junit.TclTests" name="[10] /home/travis/build/icyphy/ptII/ptolemy/actor/lib/test/Distributor.tcl (RunTclFile)" time="0.08" />
  <testcase classname="ptolemy.util.test.junit.TclTests" name="[11] /home/travis/build/icyphy/ptII/ptolemy/actor/lib/test/Exit.tcl (RunTclFile)" time="0.101" />
  <testcase classname="ptolemy.util.test.junit.TclTests" name="[12] /home/travis/build/icyphy/ptII/ptolemy/actor/lib/test/Expression.tcl (RunTclFile)" time="0.122" />
  <testcase classname="ptolemy.util.test.junit.TclTests" name="[13] /home/travis/build/icyphy/ptII/ptolemy/actor/lib/test/Gaussian.tcl (RunTclFile)" time="0.291" />
  <testcase classname="ptolemy.util.test.junit.TclTests" name="[14] /home/travis/build/icyphy/ptII/ptolemy/actor/lib/test/IIR.tcl (RunTclFile)" time="0.02" />
  <testcase classname="ptolemy.util.test.junit.TclTests" name="[15] /home/travis/build/icyphy/ptII/ptolemy/actor/lib/test/Interpolator.tcl (RunTclFile)" time="0.048" />
  <testcase classname="ptolemy.util.test.junit.TclTests" name="[16] /home/travis/build/icyphy/ptII/ptolemy/actor/lib/test/MathFunction.tcl (RunTclFile)" time="0.07" />
  <testcase classname="ptolemy.util.test.junit.TclTests" name="[17] /home/travis/build/icyphy/ptII/ptolemy/actor/lib/test/Maximum.tcl (RunTclFile)" time="0.037" />
  <testcase classname="ptolemy.util.test.junit.TclTests" name="[18] /home/travis/build/icyphy/ptII/ptolemy/actor/lib/test/Minimum.tcl (RunTclFile)" time="0.021" />
  <testcase classname="ptolemy.util.test.junit.TclTests" name="[19] /home/travis/build/icyphy/ptII/ptolemy/actor/lib/test/MultiplyDivide.tcl (RunTclFile)" time="0.033" />
  <testcase classname="ptolemy.util.test.junit.TclTests" name="[20] /home/travis/build/icyphy/ptII/ptolemy/actor/lib/test/OrderedMerge.tcl (RunTclFile)" time="0.085" />
  <testcase classname="ptolemy.util.test.junit.TclTests" name="[21] /home/travis/build/icyphy/ptII/ptolemy/actor/lib/test/Publisher.tcl (RunTclFile)" time="0.779" />
  <testcase classname="ptolemy.util.test.junit.TclTests" name="[22] /home/travis/build/icyphy/ptII/ptolemy/actor/lib/test/Pulse.tcl (RunTclFile)" time="0.034" />
  <testcase classname="ptolemy.util.test.junit.TclTests" name="[23] /home/travis/build/icyphy/ptII/ptolemy/actor/lib/test/Ramp.tcl (RunTclFile)" time="2.13" />
  <testcase classname="ptolemy.util.test.junit.TclTests" name="[24] /home/travis/build/icyphy/ptII/ptolemy/actor/lib/test/RampContinuous.tcl (RunTclFile)" time="0.017" />
  <testcase classname="ptolemy.util.test.junit.TclTests" name="[25] /home/travis/build/icyphy/ptII/ptolemy/actor/lib/test/RecordAssembler.tcl (RunTclFile)" time="0.014" />
  <testcase classname="ptolemy.util.test.junit.TclTests" name="[26] /home/travis/build/icyphy/ptII/ptolemy/actor/lib/test/RecordDisassembler.tcl (RunTclFile)" time="0.027" />
  <testcase classname="ptolemy.util.test.junit.TclTests" name="[27] /home/travis/build/icyphy/ptII/ptolemy/actor/lib/test/Scale.tcl (RunTclFile)" time="0.029" />
  <testcase classname="ptolemy.util.test.junit.TclTests" name="[28] /home/travis/build/icyphy/ptII/ptolemy/actor/lib/test/SequentialClock.tcl (RunTclFile)" time="0.015" />
  <testcase classname="ptolemy.util.test.junit.TclTests" name="[29] /home/travis/build/icyphy/ptII/ptolemy/actor/lib/test/SetVariable.tcl (RunTclFile)" time="0.01" />
  <testcase classname="ptolemy.util.test.junit.TclTests" name="[30] /home/travis/build/icyphy/ptII/ptolemy/actor/lib/test/Sinewave.tcl (RunTclFile)" time="0.062" />
  <testcase classname="ptolemy.util.test.junit.TclTests" name="[31] /home/travis/build/icyphy/ptII/ptolemy/actor/lib/test/SubscriptionAggregator.tcl (RunTclFile)" time="2.087" />
  <testcase classname="ptolemy.util.test.junit.TclTests" name="[32] /home/travis/build/icyphy/ptII/ptolemy/actor/lib/test/Test.tcl (RunTclFile)" time="0.149" />
  <testcase classname="ptolemy.util.test.junit.TclTests" name="[33] /home/travis/build/icyphy/ptII/ptolemy/actor/lib/test/TestExceptionHandler.tcl (RunTclFile)" time="0.012" />
  <testcase classname="ptolemy.util.test.junit.TclTests" name="[34] /home/travis/build/icyphy/ptII/ptolemy/actor/lib/test/UnionDisassembler.tcl (RunTclFile)" time="0.059" />
  <testcase classname="ptolemy.util.test.junit.TclTests" name="[35] /home/travis/build/icyphy/ptII/ptolemy/actor/lib/test/VariableClock.tcl (RunTclFile)" time="0.029" />
  <testcase classname="ptolemy.util.test.junit.AutoKnownFailedTests" name="[0] /home/travis/build/icyphy/ptII/ptolemy/actor/lib/test/auto/knownFailedTests/PublisherPortToplevelSubscriber.xml (RunModel)" time="0.028" />
  <testcase classname="ptolemy.util.test.junit.AutoKnownFailedTests" name="[1] /home/travis/build/icyphy/ptII/ptolemy/actor/lib/test/auto/knownFailedTests/PublisherSubscriberPortToplevel.xml (RunModel)" time="0.02" />
  <testcase classname="ptolemy.util.test.junit.AutoKnownFailedTests" name="[2] /home/travis/build/icyphy/ptII/ptolemy/actor/lib/test/auto/knownFailedTests/PublisherSubscriptionAggregatorPort.xml (RunModel)" time="0.02" />
  <testcase classname="ptolemy.util.test.junit.AutoKnownFailedTests" name="[3] /home/travis/build/icyphy/ptII/ptolemy/actor/lib/test/auto/knownFailedTests/sizedarray3.xml (RunModel)" time="0.022" />
  <testcase classname="ptolemy.util.test.junit.AutoNameArchTests" name="[0] ThereAreNoAutoArchTests (RunModel)" time="0.003" />
  <testcase classname="ptolemy.util.test.junit.AutoTests" name="[0] /home/travis/build/icyphy/ptII/ptolemy/actor/lib/test/auto/AbsoluteValue.xml (RunModel)" time="0.106" />
  <testcase classname="ptolemy.util.test.junit.AutoTests" name="[1] /home/travis/build/icyphy/ptII/ptolemy/actor/lib/test/auto/AbsoluteValue2.xml (RunModel)" time="0.082" />
  <testcase classname="ptolemy.util.test.junit.AutoTests" name="[2] /home/travis/build/icyphy/ptII/ptolemy/actor/lib/test/auto/Accumulator.xml (RunModel)" time="0.065" />
  <testcase classname="ptolemy.util.test.junit.AutoTests" name="[3] /home/travis/build/icyphy/ptII/ptolemy/actor/lib/test/auto/Accumulator2.xml (RunModel)" time="0.048" />
  <testcase classname="ptolemy.util.test.junit.AutoTests" name="[4] /home/travis/build/icyphy/ptII/ptolemy/actor/lib/test/auto/Accumulator3.xml (RunModel)" time="0.031" />
  <testcase classname="ptolemy.util.test.junit.AutoTests" name="[5] /home/travis/build/icyphy/ptII/ptolemy/actor/lib/test/auto/ArrayAppend.xml (RunModel)" time="0.036" />
  <testcase classname="ptolemy.util.test.junit.AutoTests" name="[6] /home/travis/build/icyphy/ptII/ptolemy/actor/lib/test/auto/ArrayAppend2.xml (RunModel)" time="0.334" />
  <testcase classname="ptolemy.util.test.junit.AutoTests" name="[7] /home/travis/build/icyphy/ptII/ptolemy/actor/lib/test/auto/ArrayAppend3.xml (RunModel)" time="0.044" />
  <testcase classname="ptolemy.util.test.junit.AutoTests" name="[8] /home/travis/build/icyphy/ptII/ptolemy/actor/lib/test/auto/ArrayAppend4.xml (RunModel)" time="0.023" />
  <testcase classname="ptolemy.util.test.junit.AutoTests" name="[9] /home/travis/build/icyphy/ptII/ptolemy/actor/lib/test/auto/ArrayAppend5.xml (RunModel)" time="0.014" />
  <testcase classname="ptolemy.util.test.junit.AutoTests" name="[10] /home/travis/build/icyphy/ptII/ptolemy/actor/lib/test/auto/ArrayAppend6.xml (RunModel)" time="0.023" />
  <testcase classname="ptolemy.util.test.junit.AutoTests" name="[11] /home/travis/build/icyphy/ptII/ptolemy/actor/lib/test/auto/ArrayAppendPerformanceTest.xml (RunModel)" time="0.07" />
  <testcase classname="ptolemy.util.test.junit.AutoTests" name="[12] /home/travis/build/icyphy/ptII/ptolemy/actor/lib/test/auto/ArrayAppendWithEmptyInput.xml (RunModel)" time="0.046" />
  <testcase classname="ptolemy.util.test.junit.AutoTests" name="[13] /home/travis/build/icyphy/ptII/ptolemy/actor/lib/test/auto/ArrayAverage.xml (RunModel)" time="0.055" />
  <testcase classname="ptolemy.util.test.junit.AutoTests" name="[14] /home/travis/build/icyphy/ptII/ptolemy/actor/lib/test/auto/ArrayContains.xml (RunModel)" time="0.022" />
  <testcase classname="ptolemy.util.test.junit.AutoTests" name="[15] /home/travis/build/icyphy/ptII/ptolemy/actor/lib/test/auto/ArrayElement.xml (RunModel)" time="0.024" />
  <testcase classname="ptolemy.util.test.junit.AutoTests" name="[16] /home/travis/build/icyphy/ptII/ptolemy/actor/lib/test/auto/ArrayElementAsMatrix.xml (RunModel)" time="0.065" />
  <testcase classname="ptolemy.util.test.junit.AutoTests" name="[17] /home/travis/build/icyphy/ptII/ptolemy/actor/lib/test/auto/ArrayElementI.xml (RunModel)" time="0.019" />
  <testcase classname="ptolemy.util.test.junit.AutoTests" name="[18] /home/travis/build/icyphy/ptII/ptolemy/actor/lib/test/auto/ArrayExtract.xml (RunModel)" time="0.026" />
  <testcase classname="ptolemy.util.test.junit.AutoTests" name="[19] /home/travis/build/icyphy/ptII/ptolemy/actor/lib/test/auto/ArrayExtract2.xml (RunModel)" time="0.013" />
  <testcase classname="ptolemy.util.test.junit.AutoTests" name="[20] /home/travis/build/icyphy/ptII/ptolemy/actor/lib/test/auto/ArrayLength.xml (RunModel)" time="0.03" />
  <testcase classname="ptolemy.util.test.junit.AutoTests" name="[21] /home/travis/build/icyphy/ptII/ptolemy/actor/lib/test/auto/ArrayLevelCrossing.xml (RunModel)" time="0.026" />
  <testcase classname="ptolemy.util.test.junit.AutoTests" name="[22] /home/travis/build/icyphy/ptII/ptolemy/actor/lib/test/auto/ArrayLevelCrossing2.xml (RunModel)" time="0.019" />
  <testcase classname="ptolemy.util.test.junit.AutoTests" name="[23] /home/travis/build/icyphy/ptII/ptolemy/actor/lib/test/auto/ArrayPeakSearch.xml (RunModel)" time="0.055" />
  <testcase classname="ptolemy.util.test.junit.AutoTests" name="[24] /home/travis/build/icyphy/ptII/ptolemy/actor/lib/test/auto/ArrayPeakSearch2.xml (RunModel)" time="0.033" />
  <testcase classname="ptolemy.util.test.junit.AutoTests" name="[25] /home/travis/build/icyphy/ptII/ptolemy/actor/lib/test/auto/ArrayPeakSearch3.xml (RunModel)" time="0.034" />
  <testcase classname="ptolemy.util.test.junit.AutoTests" name="[26] /home/travis/build/icyphy/ptII/ptolemy/actor/lib/test/auto/ArrayRemoveElement.xml (RunModel)" time="0.038" />
  <testcase classname="ptolemy.util.test.junit.AutoTests" name="[27] /home/travis/build/icyphy/ptII/ptolemy/actor/lib/test/auto/ArraySort.xml (RunModel)" time="0.035" />
  <testcase classname="ptolemy.util.test.junit.AutoTests" name="[28] /home/travis/build/icyphy/ptII/ptolemy/actor/lib/test/auto/ArraySum.xml (RunModel)" time="0.022" />
  <testcase classname="ptolemy.util.test.junit.AutoTests" name="[29] /home/travis/build/icyphy/ptII/ptolemy/actor/lib/test/auto/ArrayToElements.xml (RunModel)" time="0.023" />
  <testcase classname="ptolemy.util.test.junit.AutoTests" name="[30] /home/travis/build/icyphy/ptII/ptolemy/actor/lib/test/auto/ArrayToMatrix.xml (RunModel)" time="0.059" />
  <testcase classname="ptolemy.util.test.junit.AutoTests" name="[31] /home/travis/build/icyphy/ptII/ptolemy/actor/lib/test/auto/ArrayUpdate1.xml (RunModel)" time="0.017" />
  <testcase classname="ptolemy.util.test.junit.AutoTests" name="[32] /home/travis/build/icyphy/ptII/ptolemy/actor/lib/test/auto/ArrayUpdate2.xml (RunModel)" time="0.025" />
  <testcase classname="ptolemy.util.test.junit.AutoTests" name="[33] /home/travis/build/icyphy/ptII/ptolemy/actor/lib/test/auto/ArrayUpdate3.xml (RunModel)" time="0.014" />
  <testcase classname="ptolemy.util.test.junit.AutoTests" name="[34] /home/travis/build/icyphy/ptII/ptolemy/actor/lib/test/auto/Assert1.xml (RunModel)" time="0.028" />
  <testcase classname="ptolemy.util.test.junit.AutoTests" name="[35] /home/travis/build/icyphy/ptII/ptolemy/actor/lib/test/auto/Assert2.xml (RunModel)" time="0.01" />
  <testcase classname="ptolemy.util.test.junit.AutoTests" name="[36] /home/travis/build/icyphy/ptII/ptolemy/actor/lib/test/auto/BooleanMultiplexor.xml (RunModel)" time="0.014" />
  <testcase classname="ptolemy.util.test.junit.AutoTests" name="[37] /home/travis/build/icyphy/ptII/ptolemy/actor/lib/test/auto/BooleanMultiplexor2.xml (RunModel)" time="0.028" />
  <testcase classname="ptolemy.util.test.junit.AutoTests" name="[38] /home/travis/build/icyphy/ptII/ptolemy/actor/lib/test/auto/BooleanMultiplexor3.xml (RunModel)" time="0.022" />
  <testcase classname="ptolemy.util.test.junit.AutoTests" name="[39] /home/travis/build/icyphy/ptII/ptolemy/actor/lib/test/auto/BooleanSelect.xml (RunModel)" time="0.023" />
  <testcase classname="ptolemy.util.test.junit.AutoTests" name="[40] /home/travis/build/icyphy/ptII/ptolemy/actor/lib/test/auto/BooleanSelect2.xml (RunModel)" time="0.015" />
  <testcase classname="ptolemy.util.test.junit.AutoTests" name="[41] /home/travis/build/icyphy/ptII/ptolemy/actor/lib/test/auto/BooleanSwitch.xml (RunModel)" time="0.018" />
  <testcase classname="ptolemy.util.test.junit.AutoTests" name="[42] /home/travis/build/icyphy/ptII/ptolemy/actor/lib/test/auto/BooleanSwitch2.xml (RunModel)" time="0.009" />
  <testcase classname="ptolemy.util.test.junit.AutoTests" name="[43] /home/travis/build/icyphy/ptII/ptolemy/actor/lib/test/auto/BooleanSwitchCloningBugWithClassRelationGroup.xml (RunModel)" time="0.025" />
  <testcase classname="ptolemy.util.test.junit.AutoTests" name="[44] /home/travis/build/icyphy/ptII/ptolemy/actor/lib/test/auto/BusActors.xml (RunModel)" time="0.031" />
  <testcase classname="ptolemy.util.test.junit.AutoTests" name="[45] /home/travis/build/icyphy/ptII/ptolemy/actor/lib/test/auto/ClassWrapper.xml (RunModel)" time="0.022" />
  <testcase classname="ptolemy.util.test.junit.AutoTests" name="[46] /home/travis/build/icyphy/ptII/ptolemy/actor/lib/test/auto/Clock.xml (RunModel)" time="0.007" />
  <testcase classname="ptolemy.util.test.junit.AutoTests" name="[47] /home/travis/build/icyphy/ptII/ptolemy/actor/lib/test/auto/Clock10.xml (RunModel)" time="0.04" />
  <testcase classname="ptolemy.util.test.junit.AutoTests" name="[48] /home/travis/build/icyphy/ptII/ptolemy/actor/lib/test/auto/Clock11.xml (RunModel)" time="0.021" />
  <testcase classname="ptolemy.util.test.junit.AutoTests" name="[49] /home/travis/build/icyphy/ptII/ptolemy/actor/lib/test/auto/Clock12.xml (RunModel)" time="0.012" />
  <testcase classname="ptolemy.util.test.junit.AutoTests" name="[50] /home/travis/build/icyphy/ptII/ptolemy/actor/lib/test/auto/Clock13.xml (RunModel)" time="0.014" />
  <testcase classname="ptolemy.util.test.junit.AutoTests" name="[51] /home/travis/build/icyphy/ptII/ptolemy/actor/lib/test/auto/Clock14.xml (RunModel)" time="0.016" />
  <testcase classname="ptolemy.util.test.junit.AutoTests" name="[52] /home/travis/build/icyphy/ptII/ptolemy/actor/lib/test/auto/Clock15.xml (RunModel)" time="0.014" />
  <testcase classname="ptolemy.util.test.junit.AutoTests" name="[53] /home/travis/build/icyphy/ptII/ptolemy/actor/lib/test/auto/Clock16.xml (RunModel)" time="0.092" />
  <testcase classname="ptolemy.util.test.junit.AutoTests" name="[54] /home/travis/build/icyphy/ptII/ptolemy/actor/lib/test/auto/Clock17.xml (RunModel)" time="0.052" />
  <testcase classname="ptolemy.util.test.junit.AutoTests" name="[55] /home/travis/build/icyphy/ptII/ptolemy/actor/lib/test/auto/Clock18.xml (RunModel)" time="0.041" />
  <testcase classname="ptolemy.util.test.junit.AutoTests" name="[56] /home/travis/build/icyphy/ptII/ptolemy/actor/lib/test/auto/Clock19.xml (RunModel)" time="0.042" />
  <testcase classname="ptolemy.util.test.junit.AutoTests" name="[57] /home/travis/build/icyphy/ptII/ptolemy/actor/lib/test/auto/Clock2.xml (RunModel)" time="0.016" />
  <testcase classname="ptolemy.util.test.junit.AutoTests" name="[58] /home/travis/build/icyphy/ptII/ptolemy/actor/lib/test/auto/Clock20.xml (RunModel)" time="0.021" />
  <testcase classname="ptolemy.util.test.junit.AutoTests" name="[59] /home/travis/build/icyphy/ptII/ptolemy/actor/lib/test/auto/Clock21.xml (RunModel)" time="0.015" />
  <testcase classname="ptolemy.util.test.junit.AutoTests" name="[60] /home/travis/build/icyphy/ptII/ptolemy/actor/lib/test/auto/Clock22.xml (RunModel)" time="0.014" />
  <testcase classname="ptolemy.util.test.junit.AutoTests" name="[61] /home/travis/build/icyphy/ptII/ptolemy/actor/lib/test/auto/Clock23.xml (RunModel)" time="0.014" />
  <testcase classname="ptolemy.util.test.junit.AutoTests" name="[62] /home/travis/build/icyphy/ptII/ptolemy/actor/lib/test/auto/Clock24.xml (RunModel)" time="0.014" />
  <testcase classname="ptolemy.util.test.junit.AutoTests" name="[63] /home/travis/build/icyphy/ptII/ptolemy/actor/lib/test/auto/Clock4.xml (RunModel)" time="0.009" />
  <testcase classname="ptolemy.util.test.junit.AutoTests" name="[64] /home/travis/build/icyphy/ptII/ptolemy/actor/lib/test/auto/Clock5.xml (RunModel)" time="0.011" />
  <testcase classname="ptolemy.util.test.junit.AutoTests" name="[65] /home/travis/build/icyphy/ptII/ptolemy/actor/lib/test/auto/Clock6.xml (RunModel)" time="0.008" />
  <testcase classname="ptolemy.util.test.junit.AutoTests" name="[66] /home/travis/build/icyphy/ptII/ptolemy/actor/lib/test/auto/Clock7.xml (RunModel)" time="0.016" />
  <testcase classname="ptolemy.util.test.junit.AutoTests" name="[67] /home/travis/build/icyphy/ptII/ptolemy/actor/lib/test/auto/Clock8.xml (RunModel)" time="0.013" />
  <testcase classname="ptolemy.util.test.junit.AutoTests" name="[68] /home/travis/build/icyphy/ptII/ptolemy/actor/lib/test/auto/Clock9.xml (RunModel)" time="0.023" />
  <testcase classname="ptolemy.util.test.junit.AutoTests" name="[69] /home/travis/build/icyphy/ptII/ptolemy/actor/lib/test/auto/CommDistDiscard.xml (RunModel)" time="0.019" />
  <testcase classname="ptolemy.util.test.junit.AutoTests" name="[70] /home/travis/build/icyphy/ptII/ptolemy/actor/lib/test/auto/Commutator.xml (RunModel)" time="0.013" />
  <testcase classname="ptolemy.util.test.junit.AutoTests" name="[71] /home/travis/build/icyphy/ptII/ptolemy/actor/lib/test/auto/Commutator2.xml (RunModel)" time="0.011" />
  <testcase classname="ptolemy.util.test.junit.AutoTests" name="[72] /home/travis/build/icyphy/ptII/ptolemy/actor/lib/test/auto/Commutator3.xml (RunModel)" time="0.011" />
  <testcase classname="ptolemy.util.test.junit.AutoTests" name="[73] /home/travis/build/icyphy/ptII/ptolemy/actor/lib/test/auto/Compare.xml (RunModel)" time="0.018" />
  <testcase classname="ptolemy.util.test.junit.AutoTests" name="[74] /home/travis/build/icyphy/ptII/ptolemy/actor/lib/test/auto/CompareDE.xml (RunModel)" time="0.016" />
  <testcase classname="ptolemy.util.test.junit.AutoTests" name="[75] /home/travis/build/icyphy/ptII/ptolemy/actor/lib/test/auto/ComplexDivide.xml (RunModel)" time="0.008" />
  <testcase classname="ptolemy.util.test.junit.AutoTests" name="[76] /home/travis/build/icyphy/ptII/ptolemy/actor/lib/test/auto/ComputeHistogram.xml (RunModel)" time="0.049" />
  <testcase classname="ptolemy.util.test.junit.AutoTests" name="[77] /home/travis/build/icyphy/ptII/ptolemy/actor/lib/test/auto/ConfigurationSelect.xml (RunModel)" time="0.019" />
  <testcase classname="ptolemy.util.test.junit.AutoTests" name="[78] /home/travis/build/icyphy/ptII/ptolemy/actor/lib/test/auto/ConfigurationSelect2.xml (RunModel)" time="0.017" />
  <testcase classname="ptolemy.util.test.junit.AutoTests" name="[79] /home/travis/build/icyphy/ptII/ptolemy/actor/lib/test/auto/ConfigurationSwitch.xml (RunModel)" time="0.023" />
  <testcase classname="ptolemy.util.test.junit.AutoTests" name="[80] /home/travis/build/icyphy/ptII/ptolemy/actor/lib/test/auto/ConfigurationSwitch2.xml (RunModel)" time="0.032" />
  <testcase classname="ptolemy.util.test.junit.AutoTests" name="[81] /home/travis/build/icyphy/ptII/ptolemy/actor/lib/test/auto/ConfigurationSwitchCloningBugWithClassRelationGroup.xml (RunModel)" time="0.032" />
  <testcase classname="ptolemy.util.test.junit.AutoTests" name="[82] /home/travis/build/icyphy/ptII/ptolemy/actor/lib/test/auto/ConfigurationSwitchSelectSDF.xml (RunModel)" time="0.012" />
  <testcase classname="ptolemy.util.test.junit.AutoTests" name="[83] /home/travis/build/icyphy/ptII/ptolemy/actor/lib/test/auto/ConfigurationSwitchSelectSDF2.xml (RunModel)" time="0.012" />
  <testcase classname="ptolemy.util.test.junit.AutoTests" name="[84] /home/travis/build/icyphy/ptII/ptolemy/actor/lib/test/auto/Const.xml (RunModel)" time="0.006" />
  <testcase classname="ptolemy.util.test.junit.AutoTests" name="[85] /home/travis/build/icyphy/ptII/ptolemy/actor/lib/test/auto/Const2.xml (RunModel)" time="0.007" />
  <testcase classname="ptolemy.util.test.junit.AutoTests" name="[86] /home/travis/build/icyphy/ptII/ptolemy/actor/lib/test/auto/Const3.xml (RunModel)" time="0.005" />
  <testcase classname="ptolemy.util.test.junit.AutoTests" name="[87] /home/travis/build/icyphy/ptII/ptolemy/actor/lib/test/auto/ConstantPublisherPort1.xml (RunModel)" time="0.017" />
  <testcase classname="ptolemy.util.test.junit.AutoTests" name="[88] /home/travis/build/icyphy/ptII/ptolemy/actor/lib/test/auto/ConstantPublisherPort2.xml (RunModel)" time="0.021" />
  <testcase classname="ptolemy.util.test.junit.AutoTests" name="[89] /home/travis/build/icyphy/ptII/ptolemy/actor/lib/test/auto/ConstantPublisherPort3.xml (RunModel)" time="0.026" />
  <testcase classname="ptolemy.util.test.junit.AutoTests" name="[90] /home/travis/build/icyphy/ptII/ptolemy/actor/lib/test/auto/ConstantPublisherPort4.xml (RunModel)" time="0.014" />
  <testcase classname="ptolemy.util.test.junit.AutoTests" name="[91] /home/travis/build/icyphy/ptII/ptolemy/actor/lib/test/auto/ConstantPublisherPort5.xml (RunModel)" time="0.036" />
  <testcase classname="ptolemy.util.test.junit.AutoTests" name="[92] /home/travis/build/icyphy/ptII/ptolemy/actor/lib/test/auto/ConstantPublisherPort6.xml (RunModel)" time="0.034" />
  <testcase classname="ptolemy.util.test.junit.AutoTests" name="[93] /home/travis/build/icyphy/ptII/ptolemy/actor/lib/test/auto/ConstantPublisherPort7.xml (RunModel)" time="0.042" />
  <testcase classname="ptolemy.util.test.junit.AutoTests" name="[94] /home/travis/build/icyphy/ptII/ptolemy/actor/lib/test/auto/ConstraintMonitor1.xml (RunModel)" time="0.036" />
  <testcase classname="ptolemy.util.test.junit.AutoTests" name="[95] /home/travis/build/icyphy/ptII/ptolemy/actor/lib/test/auto/ConstraintMonitor2.xml (RunModel)" time="0.015" />
  <testcase classname="ptolemy.util.test.junit.AutoTests" name="[96] /home/travis/build/icyphy/ptII/ptolemy/actor/lib/test/auto/ConstraintMonitor3.xml (RunModel)" time="0.016" />
  <testcase classname="ptolemy.util.test.junit.AutoTests" name="[97] /home/travis/build/icyphy/ptII/ptolemy/actor/lib/test/auto/ConstraintMonitor4.xml (RunModel)" time="0.014" />
  <testcase classname="ptolemy.util.test.junit.AutoTests" name="[98] /home/travis/build/icyphy/ptII/ptolemy/actor/lib/test/auto/ConstraintMonitor5.xml (RunModel)" time="0.012" />
  <testcase classname="ptolemy.util.test.junit.AutoTests" name="[99] /home/travis/build/icyphy/ptII/ptolemy/actor/lib/test/auto/ConstraintMonitor6.xml (RunModel)" time="0.016" />
  <testcase classname="ptolemy.util.test.junit.AutoTests" name="[100] /home/travis/build/icyphy/ptII/ptolemy/actor/lib/test/auto/ConstraintMonitor7.xml (RunModel)" time="0.017" />
  <testcase classname="ptolemy.util.test.junit.AutoTests" name="[101] /home/travis/build/icyphy/ptII/ptolemy/actor/lib/test/auto/ConstraintMonitor8.xml (RunModel)" time="0.019" />
  <testcase classname="ptolemy.util.test.junit.AutoTests" name="[102] /home/travis/build/icyphy/ptII/ptolemy/actor/lib/test/auto/Counter.xml (RunModel)" time="0.014" />
  <testcase classname="ptolemy.util.test.junit.AutoTests" name="[103] /home/travis/build/icyphy/ptII/ptolemy/actor/lib/test/auto/CurrentTimeSDF.xml (RunModel)" time="0.008" />
  <testcase classname="ptolemy.util.test.junit.AutoTests" name="[104] /home/travis/build/icyphy/ptII/ptolemy/actor/lib/test/auto/DB.xml (RunModel)" time="0.011" />
  <testcase classname="ptolemy.util.test.junit.AutoTests" name="[105] /home/travis/build/icyphy/ptII/ptolemy/actor/lib/test/auto/DBDE.xml (RunModel)" time="0.012" />
  <testcase classname="ptolemy.util.test.junit.AutoTests" name="[106] /home/travis/build/icyphy/ptII/ptolemy/actor/lib/test/auto/DateConstructor.xml (RunModel)" time="0.061" />
  <testcase classname="ptolemy.util.test.junit.AutoTests" name="[107] /home/travis/build/icyphy/ptII/ptolemy/actor/lib/test/auto/DelayTime.xml (RunModel)" time="0.015" />
  <testcase classname="ptolemy.util.test.junit.AutoTests" name="[108] /home/travis/build/icyphy/ptII/ptolemy/actor/lib/test/auto/Dictionary1.xml (RunModel)" time="0.014" />
  <testcase classname="ptolemy.util.test.junit.AutoTests" name="[109] /home/travis/build/icyphy/ptII/ptolemy/actor/lib/test/auto/Dictionary2.xml (RunModel)" time="0.012" />
  <testcase classname="ptolemy.util.test.junit.AutoTests" name="[110] /home/travis/build/icyphy/ptII/ptolemy/actor/lib/test/auto/Dictionary3.xml (RunModel)" time="0.01" />
  <testcase classname="ptolemy.util.test.junit.AutoTests" name="[111] /home/travis/build/icyphy/ptII/ptolemy/actor/lib/test/auto/Dictionary4.xml (RunModel)" time="0.014" />
  <testcase classname="ptolemy.util.test.junit.AutoTests" name="[112] /home/travis/build/icyphy/ptII/ptolemy/actor/lib/test/auto/Differential.xml (RunModel)" time="0.017" />
  <testcase classname="ptolemy.util.test.junit.AutoTests" name="[113] /home/travis/build/icyphy/ptII/ptolemy/actor/lib/test/auto/Director.xml (RunModel)" time="0.01" />
  <testcase classname="ptolemy.util.test.junit.AutoTests" name="[114] /home/travis/build/icyphy/ptII/ptolemy/actor/lib/test/auto/DiscreteClock.xml (RunModel)" time="0.008" />
  <testcase classname="ptolemy.util.test.junit.AutoTests" name="[115] /home/travis/build/icyphy/ptII/ptolemy/actor/lib/test/auto/DiscreteClock10.xml (RunModel)" time="0.01" />
  <testcase classname="ptolemy.util.test.junit.AutoTests" name="[116] /home/travis/build/icyphy/ptII/ptolemy/actor/lib/test/auto/DiscreteClock11.xml (RunModel)" time="0.01" />
  <testcase classname="ptolemy.util.test.junit.AutoTests" name="[117] /home/travis/build/icyphy/ptII/ptolemy/actor/lib/test/auto/DiscreteClock12.xml (RunModel)" time="0.014" />
  <testcase classname="ptolemy.util.test.junit.AutoTests" name="[118] /home/travis/build/icyphy/ptII/ptolemy/actor/lib/test/auto/DiscreteClock13.xml (RunModel)" time="0.017" />
  <testcase classname="ptolemy.util.test.junit.AutoTests" name="[119] /home/travis/build/icyphy/ptII/ptolemy/actor/lib/test/auto/DiscreteClock14.xml (RunModel)" time="0.015" />
  <testcase classname="ptolemy.util.test.junit.AutoTests" name="[120] /home/travis/build/icyphy/ptII/ptolemy/actor/lib/test/auto/DiscreteClock15.xml (RunModel)" time="0.015" />
  <testcase classname="ptolemy.util.test.junit.AutoTests" name="[121] /home/travis/build/icyphy/ptII/ptolemy/actor/lib/test/auto/DiscreteClock16.xml (RunModel)" time="0.041" />
  <testcase classname="ptolemy.util.test.junit.AutoTests" name="[122] /home/travis/build/icyphy/ptII/ptolemy/actor/lib/test/auto/DiscreteClock17.xml (RunModel)" time="0.038" />
  <testcase classname="ptolemy.util.test.junit.AutoTests" name="[123] /home/travis/build/icyphy/ptII/ptolemy/actor/lib/test/auto/DiscreteClock18.xml (RunModel)" time="0.03" />
  <testcase classname="ptolemy.util.test.junit.AutoTests" name="[124] /home/travis/build/icyphy/ptII/ptolemy/actor/lib/test/auto/DiscreteClock19.xml (RunModel)" time="0.037" />
  <testcase classname="ptolemy.util.test.junit.AutoTests" name="[125] /home/travis/build/icyphy/ptII/ptolemy/actor/lib/test/auto/DiscreteClock2.xml (RunModel)" time="0.009" />
  <testcase classname="ptolemy.util.test.junit.AutoTests" name="[126] /home/travis/build/icyphy/ptII/ptolemy/actor/lib/test/auto/DiscreteClock20.xml (RunModel)" time="0.012" />
  <testcase classname="ptolemy.util.test.junit.AutoTests" name="[127] /home/travis/build/icyphy/ptII/ptolemy/actor/lib/test/auto/DiscreteClock21.xml (RunModel)" time="0.012" />
  <testcase classname="ptolemy.util.test.junit.AutoTests" name="[128] /home/travis/build/icyphy/ptII/ptolemy/actor/lib/test/auto/DiscreteClock22.xml (RunModel)" time="0.012" />
  <testcase classname="ptolemy.util.test.junit.AutoTests" name="[129] /home/travis/build/icyphy/ptII/ptolemy/actor/lib/test/auto/DiscreteClock23.xml (RunModel)" time="0.017" />
  <testcase classname="ptolemy.util.test.junit.AutoTests" name="[130] /home/travis/build/icyphy/ptII/ptolemy/actor/lib/test/auto/DiscreteClock24.xml (RunModel)" time="0.013" />
  <testcase classname="ptolemy.util.test.junit.AutoTests" name="[131] /home/travis/build/icyphy/ptII/ptolemy/actor/lib/test/auto/DiscreteClock4.xml (RunModel)" time="0.021" />
  <testcase classname="ptolemy.util.test.junit.AutoTests" name="[132] /home/travis/build/icyphy/ptII/ptolemy/actor/lib/test/auto/DiscreteClock5.xml (RunModel)" time="0.01" />
  <testcase classname="ptolemy.util.test.junit.AutoTests" name="[133] /home/travis/build/icyphy/ptII/ptolemy/actor/lib/test/auto/DiscreteClock6.xml (RunModel)" time="0.007" />
  <testcase classname="ptolemy.util.test.junit.AutoTests" name="[134] /home/travis/build/icyphy/ptII/ptolemy/actor/lib/test/auto/DiscreteClock7.xml (RunModel)" time="0.008" />
  <testcase classname="ptolemy.util.test.junit.AutoTests" name="[135] /home/travis/build/icyphy/ptII/ptolemy/actor/lib/test/auto/DiscreteClock8.xml (RunModel)" time="0.024" />
  <testcase classname="ptolemy.util.test.junit.AutoTests" name="[136] /home/travis/build/icyphy/ptII/ptolemy/actor/lib/test/auto/DiscreteClock9.xml (RunModel)" time="0.012" />
  <testcase classname="ptolemy.util.test.junit.AutoTests" name="[137] /home/travis/build/icyphy/ptII/ptolemy/actor/lib/test/auto/DisplayArray.xml (RunModel)" time="0.007" />
  <testcase classname="ptolemy.util.test.junit.AutoTests" name="[138] /home/travis/build/icyphy/ptII/ptolemy/actor/lib/test/auto/Distributor.xml (RunModel)" time="0.008" />
  <testcase classname="ptolemy.util.test.junit.AutoTests" name="[139] /home/travis/build/icyphy/ptII/ptolemy/actor/lib/test/auto/Distributor2.xml (RunModel)" time="0.009" />
  <testcase classname="ptolemy.util.test.junit.AutoTests" name="[140] /home/travis/build/icyphy/ptII/ptolemy/actor/lib/test/auto/DownSample.xml (RunModel)" time="0.008" />
  <testcase classname="ptolemy.util.test.junit.AutoTests" name="[141] /home/travis/build/icyphy/ptII/ptolemy/actor/lib/test/auto/ElectronicUnitBase1.xml (RunModel)" time="0.049" />
  <testcase classname="ptolemy.util.test.junit.AutoTests" name="[142] /home/travis/build/icyphy/ptII/ptolemy/actor/lib/test/auto/ElementsToArray.xml (RunModel)" time="0.01" />
  <testcase classname="ptolemy.util.test.junit.AutoTests" name="[143] /home/travis/build/icyphy/ptII/ptolemy/actor/lib/test/auto/Equals.xml (RunModel)" time="0.012" />
  <testcase classname="ptolemy.util.test.junit.AutoTests" name="[144] /home/travis/build/icyphy/ptII/ptolemy/actor/lib/test/auto/Exec.xml (RunModel)" time="0.024" />
  <testcase classname="ptolemy.util.test.junit.AutoTests" name="[145] /home/travis/build/icyphy/ptII/ptolemy/actor/lib/test/auto/ExecEnvironment.xml (RunModel)" time="0.037" />
  <testcase classname="ptolemy.util.test.junit.AutoTests" name="[146] /home/travis/build/icyphy/ptII/ptolemy/actor/lib/test/auto/ExecNonZeroReturnOutput.xml (RunModel)" time="0.173" />
  <testcase classname="ptolemy.util.test.junit.AutoTests" name="[147] /home/travis/build/icyphy/ptII/ptolemy/actor/lib/test/auto/ExecRunDemos.xml (RunModel)" time="10.456" />
  <testcase classname="ptolemy.util.test.junit.AutoTests" name="[148] /home/travis/build/icyphy/ptII/ptolemy/actor/lib/test/auto/ExecStop.xml (RunModel)" time="5.034" />
  <testcase classname="ptolemy.util.test.junit.AutoTests" name="[149] /home/travis/build/icyphy/ptII/ptolemy/actor/lib/test/auto/ExecutionTimeSDF.xml (RunModel)" time="6.04" />
  <testcase classname="ptolemy.util.test.junit.AutoTests" name="[150] /home/travis/build/icyphy/ptII/ptolemy/actor/lib/test/auto/Expression1.xml (RunModel)" time="0.01" />
  <testcase classname="ptolemy.util.test.junit.AutoTests" name="[151] /home/travis/build/icyphy/ptII/ptolemy/actor/lib/test/auto/Expression10.xml (RunModel)" time="0.029" />
  <testcase classname="ptolemy.util.test.junit.AutoTests" name="[152] /home/travis/build/icyphy/ptII/ptolemy/actor/lib/test/auto/Expression11.xml (RunModel)" time="0.01" />
  <testcase classname="ptolemy.util.test.junit.AutoTests" name="[153] /home/travis/build/icyphy/ptII/ptolemy/actor/lib/test/auto/Expression12.xml (RunModel)" time="0.012" />
  <testcase classname="ptolemy.util.test.junit.AutoTests" name="[154] /home/travis/build/icyphy/ptII/ptolemy/actor/lib/test/auto/Expression13.xml (RunModel)" time="0.012" />
  <testcase classname="ptolemy.util.test.junit.AutoTests" name="[155] /home/travis/build/icyphy/ptII/ptolemy/actor/lib/test/auto/Expression14.xml (RunModel)" time="0.018" />
  <testcase classname="ptolemy.util.test.junit.AutoTests" name="[156] /home/travis/build/icyphy/ptII/ptolemy/actor/lib/test/auto/Expression15.xml (RunModel)" time="0.007" />
  <testcase classname="ptolemy.util.test.junit.AutoTests" name="[157] /home/travis/build/icyphy/ptII/ptolemy/actor/lib/test/auto/Expression16.xml (RunModel)" time="0.012" />
  <testcase classname="ptolemy.util.test.junit.AutoTests" name="[158] /home/travis/build/icyphy/ptII/ptolemy/actor/lib/test/auto/Expression17.xml (RunModel)" time="0.009" />
  <testcase classname="ptolemy.util.test.junit.AutoTests" name="[159] /home/travis/build/icyphy/ptII/ptolemy/actor/lib/test/auto/Expression18.xml (RunModel)" time="0.012" />
  <testcase classname="ptolemy.util.test.junit.AutoTests" name="[160] /home/travis/build/icyphy/ptII/ptolemy/actor/lib/test/auto/Expression2.xml (RunModel)" time="0.01" />
  <testcase classname="ptolemy.util.test.junit.AutoTests" name="[161] /home/travis/build/icyphy/ptII/ptolemy/actor/lib/test/auto/Expression3.xml (RunModel)" time="0.013" />
  <testcase classname="ptolemy.util.test.junit.AutoTests" name="[162] /home/travis/build/icyphy/ptII/ptolemy/actor/lib/test/auto/Expression4.xml (RunModel)" time="0.018" />
  <testcase classname="ptolemy.util.test.junit.AutoTests" name="[163] /home/travis/build/icyphy/ptII/ptolemy/actor/lib/test/auto/Expression5.xml (RunModel)" time="0.014" />
  <testcase classname="ptolemy.util.test.junit.AutoTests" name="[164] /home/travis/build/icyphy/ptII/ptolemy/actor/lib/test/auto/Expression6.xml (RunModel)" time="0.008" />
  <testcase classname="ptolemy.util.test.junit.AutoTests" name="[165] /home/travis/build/icyphy/ptII/ptolemy/actor/lib/test/auto/Expression7.xml (RunModel)" time="0.01" />
  <testcase classname="ptolemy.util.test.junit.AutoTests" name="[166] /home/travis/build/icyphy/ptII/ptolemy/actor/lib/test/auto/Expression8.xml (RunModel)" time="0.014" />
  <testcase classname="ptolemy.util.test.junit.AutoTests" name="[167] /home/travis/build/icyphy/ptII/ptolemy/actor/lib/test/auto/Expression9.xml (RunModel)" time="0.007" />
  <testcase classname="ptolemy.util.test.junit.AutoTests" name="[168] /home/travis/build/icyphy/ptII/ptolemy/actor/lib/test/auto/ExpressionConcatenateArrayType.xml (RunModel)" time="0.022" />
  <testcase classname="ptolemy.util.test.junit.AutoTests" name="[169] /home/travis/build/icyphy/ptII/ptolemy/actor/lib/test/auto/ExpressionConcatenateArrayType2.xml (RunModel)" time="0.019" />
  <testcase classname="ptolemy.util.test.junit.AutoTests" name="[170] /home/travis/build/icyphy/ptII/ptolemy/actor/lib/test/auto/ExpressionFix.xml (RunModel)" time="0.041" />
  <testcase classname="ptolemy.util.test.junit.AutoTests" name="[171] /home/travis/build/icyphy/ptII/ptolemy/actor/lib/test/auto/ExpressionFix2.xml (RunModel)" time="0.01" />
  <testcase classname="ptolemy.util.test.junit.AutoTests" name="[172] /home/travis/build/icyphy/ptII/ptolemy/actor/lib/test/auto/ExpressionFix3.xml (RunModel)" time="0.011" />
  <testcase classname="ptolemy.util.test.junit.AutoTests" name="[173] /home/travis/build/icyphy/ptII/ptolemy/actor/lib/test/auto/FileWriter1.xml (RunModel)" time="0.008" />
  <testcase classname="ptolemy.util.test.junit.AutoTests" name="[174] /home/travis/build/icyphy/ptII/ptolemy/actor/lib/test/auto/FileWriter2.xml (RunModel)" time="0.013" />
  <testcase classname="ptolemy.util.test.junit.AutoTests" name="[175] /home/travis/build/icyphy/ptII/ptolemy/actor/lib/test/auto/FileWriter3.xml (RunModel)" time="0.011" />
  <testcase classname="ptolemy.util.test.junit.AutoTests" name="[176] /home/travis/build/icyphy/ptII/ptolemy/actor/lib/test/auto/Gaussian.xml (RunModel)" time="0.012" />
  <testcase classname="ptolemy.util.test.junit.AutoTests" name="[177] /home/travis/build/icyphy/ptII/ptolemy/actor/lib/test/auto/Gaussian1.xml (RunModel)" time="0.012" />
  <testcase classname="ptolemy.util.test.junit.AutoTests" name="[178] /home/travis/build/icyphy/ptII/ptolemy/actor/lib/test/auto/Gaussian2.xml (RunModel)" time="0.023" />
  <testcase classname="ptolemy.util.test.junit.AutoTests" name="[179] /home/travis/build/icyphy/ptII/ptolemy/actor/lib/test/auto/GradientAdaptiveLattice.xml (RunModel)" time="0.014" />
  <testcase classname="ptolemy.util.test.junit.AutoTests" name="[180] /home/travis/build/icyphy/ptII/ptolemy/actor/lib/test/auto/IIR.xml (RunModel)" time="0.01" />
  <testcase classname="ptolemy.util.test.junit.AutoTests" name="[181] /home/travis/build/icyphy/ptII/ptolemy/actor/lib/test/auto/InputOutputTransparentPorts.xml (RunModel)" time="0.018" />
  <testcase classname="ptolemy.util.test.junit.AutoTests" name="[182] /home/travis/build/icyphy/ptII/ptolemy/actor/lib/test/auto/Interpolator.xml (RunModel)" time="0.012" />
  <testcase classname="ptolemy.util.test.junit.AutoTests" name="[183] /home/travis/build/icyphy/ptII/ptolemy/actor/lib/test/auto/InterpolatorFiringLimitDE.xml (RunModel)" time="0.012" />
  <testcase classname="ptolemy.util.test.junit.AutoTests" name="[184] /home/travis/build/icyphy/ptII/ptolemy/actor/lib/test/auto/Lattice.xml (RunModel)" time="0.009" />
  <testcase classname="ptolemy.util.test.junit.AutoTests" name="[185] /home/travis/build/icyphy/ptII/ptolemy/actor/lib/test/auto/LazyAOCTestLazy.xml (RunModel)" time="0.027" />
  <testcase classname="ptolemy.util.test.junit.AutoTests" name="[186] /home/travis/build/icyphy/ptII/ptolemy/actor/lib/test/auto/LazyAOCTestNonLazy.xml (RunModel)" time="0.038" />
  <testcase classname="ptolemy.util.test.junit.AutoTests" name="[187] /home/travis/build/icyphy/ptII/ptolemy/actor/lib/test/auto/LazyInnerClass.xml (RunModel)" time="0.039" />
  <testcase classname="ptolemy.util.test.junit.AutoTests" name="[188] /home/travis/build/icyphy/ptII/ptolemy/actor/lib/test/auto/LazyPubSub.xml (RunModel)" time="0.064" />
  <testcase classname="ptolemy.util.test.junit.AutoTests" name="[189] /home/travis/build/icyphy/ptII/ptolemy/actor/lib/test/auto/LazyPubSub2.xml (RunModel)" time="0.03" />
  <testcase classname="ptolemy.util.test.junit.AutoTests" name="[190] /home/travis/build/icyphy/ptII/ptolemy/actor/lib/test/auto/LazyPubSub3.xml (RunModel)" time="0.034" />
  <testcase classname="ptolemy.util.test.junit.AutoTests" name="[191] /home/travis/build/icyphy/ptII/ptolemy/actor/lib/test/auto/LazySubClassModel.xml (RunModel)" time="0.024" />
  <testcase classname="ptolemy.util.test.junit.AutoTests" name="[192] /home/travis/build/icyphy/ptII/ptolemy/actor/lib/test/auto/LevelCrossTest1.xml (RunModel)" time="0.009" />
  <testcase classname="ptolemy.util.test.junit.AutoTests" name="[193] /home/travis/build/icyphy/ptII/ptolemy/actor/lib/test/auto/LevelCrossTest10.xml (RunModel)" time="0.018" />
  <testcase classname="ptolemy.util.test.junit.AutoTests" name="[194] /home/travis/build/icyphy/ptII/ptolemy/actor/lib/test/auto/LevelCrossTest11.xml (RunModel)" time="0.015" />
  <testcase classname="ptolemy.util.test.junit.AutoTests" name="[195] /home/travis/build/icyphy/ptII/ptolemy/actor/lib/test/auto/LevelCrossTest12.xml (RunModel)" time="0.016" />
  <testcase classname="ptolemy.util.test.junit.AutoTests" name="[196] /home/travis/build/icyphy/ptII/ptolemy/actor/lib/test/auto/LevelCrossTest13.xml (RunModel)" time="0.013" />
  <testcase classname="ptolemy.util.test.junit.AutoTests" name="[197] /home/travis/build/icyphy/ptII/ptolemy/actor/lib/test/auto/LevelCrossTest2.xml (RunModel)" time="0.009" />
  <testcase classname="ptolemy.util.test.junit.AutoTests" name="[198] /home/travis/build/icyphy/ptII/ptolemy/actor/lib/test/auto/LevelCrossTest3.xml (RunModel)" time="0.011" />
  <testcase classname="ptolemy.util.test.junit.AutoTests" name="[199] /home/travis/build/icyphy/ptII/ptolemy/actor/lib/test/auto/LevelCrossTest4.xml (RunModel)" time="0.009" />
  <testcase classname="ptolemy.util.test.junit.AutoTests" name="[200] /home/travis/build/icyphy/ptII/ptolemy/actor/lib/test/auto/LevelCrossTest5.xml (RunModel)" time="0.013" />
  <testcase classname="ptolemy.util.test.junit.AutoTests" name="[201] /home/travis/build/icyphy/ptII/ptolemy/actor/lib/test/auto/LevelCrossTest6.xml (RunModel)" time="0.012" />
  <testcase classname="ptolemy.util.test.junit.AutoTests" name="[202] /home/travis/build/icyphy/ptII/ptolemy/actor/lib/test/auto/LevelCrossTest7.xml (RunModel)" time="0.019" />
  <testcase classname="ptolemy.util.test.junit.AutoTests" name="[203] /home/travis/build/icyphy/ptII/ptolemy/actor/lib/test/auto/LevelCrossTest8.xml (RunModel)" time="0.013" />
  <testcase classname="ptolemy.util.test.junit.AutoTests" name="[204] /home/travis/build/icyphy/ptII/ptolemy/actor/lib/test/auto/LevelCrossTest9.xml (RunModel)" time="0.013" />
  <testcase classname="ptolemy.util.test.junit.AutoTests" name="[205] /home/travis/build/icyphy/ptII/ptolemy/actor/lib/test/auto/LevinsonDurbin.xml (RunModel)" time="0.013" />
  <testcase classname="ptolemy.util.test.junit.AutoTests" name="[206] /home/travis/build/icyphy/ptII/ptolemy/actor/lib/test/auto/LevinsonDurbin2.xml (RunModel)" time="0.008" />
  <testcase classname="ptolemy.util.test.junit.AutoTests" name="[207] /home/travis/build/icyphy/ptII/ptolemy/actor/lib/test/auto/LevinsonDurbin3.xml (RunModel)" time="0.015" />
  <testcase classname="ptolemy.util.test.junit.AutoTests" name="[208] /home/travis/build/icyphy/ptII/ptolemy/actor/lib/test/auto/Limiter.xml (RunModel)" time="0.051" />
  <testcase classname="ptolemy.util.test.junit.AutoTests" name="[209] /home/travis/build/icyphy/ptII/ptolemy/actor/lib/test/auto/LinearDifferenceEquationSystem.xml (RunModel)" time="0.03" />
  <testcase classname="ptolemy.util.test.junit.AutoTests" name="[210] /home/travis/build/icyphy/ptII/ptolemy/actor/lib/test/auto/LookupTable.xml (RunModel)" time="0.009" />
  <testcase classname="ptolemy.util.test.junit.AutoTests" name="[211] /home/travis/build/icyphy/ptII/ptolemy/actor/lib/test/auto/MathFunction.xml (RunModel)" time="0.017" />
  <testcase classname="ptolemy.util.test.junit.AutoTests" name="[212] /home/travis/build/icyphy/ptII/ptolemy/actor/lib/test/auto/MathFunction2.xml (RunModel)" time="0.008" />
  <testcase classname="ptolemy.util.test.junit.AutoTests" name="[213] /home/travis/build/icyphy/ptII/ptolemy/actor/lib/test/auto/MathFunction3.xml (RunModel)" time="0.016" />
  <testcase classname="ptolemy.util.test.junit.AutoTests" name="[214] /home/travis/build/icyphy/ptII/ptolemy/actor/lib/test/auto/MatrixCropBoolean.xml (RunModel)" time="0.009" />
  <testcase classname="ptolemy.util.test.junit.AutoTests" name="[215] /home/travis/build/icyphy/ptII/ptolemy/actor/lib/test/auto/MatrixCropComplex.xml (RunModel)" time="0.008" />
  <testcase classname="ptolemy.util.test.junit.AutoTests" name="[216] /home/travis/build/icyphy/ptII/ptolemy/actor/lib/test/auto/MatrixCropDouble.xml (RunModel)" time="0.009" />
  <testcase classname="ptolemy.util.test.junit.AutoTests" name="[217] /home/travis/build/icyphy/ptII/ptolemy/actor/lib/test/auto/MatrixCropFix.xml (RunModel)" time="0.015" />
  <testcase classname="ptolemy.util.test.junit.AutoTests" name="[218] /home/travis/build/icyphy/ptII/ptolemy/actor/lib/test/auto/MatrixCropInt.xml (RunModel)" time="0.026" />
  <testcase classname="ptolemy.util.test.junit.AutoTests" name="[219] /home/travis/build/icyphy/ptII/ptolemy/actor/lib/test/auto/MatrixCropLong.xml (RunModel)" time="0.012" />
  <testcase classname="ptolemy.util.test.junit.AutoTests" name="[220] /home/travis/build/icyphy/ptII/ptolemy/actor/lib/test/auto/MatrixToArray.xml (RunModel)" time="0.052" />
  <testcase classname="ptolemy.util.test.junit.AutoTests" name="[221] /home/travis/build/icyphy/ptII/ptolemy/actor/lib/test/auto/MaxIndex.xml (RunModel)" time="0.021" />
  <testcase classname="ptolemy.util.test.junit.AutoTests" name="[222] /home/travis/build/icyphy/ptII/ptolemy/actor/lib/test/auto/Maximum.xml (RunModel)" time="0.012" />
  <testcase classname="ptolemy.util.test.junit.AutoTests" name="[223] /home/travis/build/icyphy/ptII/ptolemy/actor/lib/test/auto/MaximumComplex.xml (RunModel)" time="0.014" />
  <testcase classname="ptolemy.util.test.junit.AutoTests" name="[224] /home/travis/build/icyphy/ptII/ptolemy/actor/lib/test/auto/MethodCallTest.xml (RunModel)" time="0.02" />
  <testcase classname="ptolemy.util.test.junit.AutoTests" name="[225] /home/travis/build/icyphy/ptII/ptolemy/actor/lib/test/auto/Minimum.xml (RunModel)" time="0.012" />
  <testcase classname="ptolemy.util.test.junit.AutoTests" name="[226] /home/travis/build/icyphy/ptII/ptolemy/actor/lib/test/auto/MinimumComplex.xml (RunModel)" time="0.025" />
  <testcase classname="ptolemy.util.test.junit.AutoTests" name="[227] /home/travis/build/icyphy/ptII/ptolemy/actor/lib/test/auto/MinimumMultiports.xml (RunModel)" time="0.014" />
  <testcase classname="ptolemy.util.test.junit.AutoTests" name="[228] /home/travis/build/icyphy/ptII/ptolemy/actor/lib/test/auto/ModifyDate.xml (RunModel)" time="0.038" />
  <testcase classname="ptolemy.util.test.junit.AutoTests" name="[229] /home/travis/build/icyphy/ptII/ptolemy/actor/lib/test/auto/ModifyDate2.xml (RunModel)" time="0.025" />
  <testcase classname="ptolemy.util.test.junit.AutoTests" name="[230] /home/travis/build/icyphy/ptII/ptolemy/actor/lib/test/auto/MovingAverage.xml (RunModel)" time="0.017" />
  <testcase classname="ptolemy.util.test.junit.AutoTests" name="[231] /home/travis/build/icyphy/ptII/ptolemy/actor/lib/test/auto/MovingMaximum.xml (RunModel)" time="0.015" />
  <testcase classname="ptolemy.util.test.junit.AutoTests" name="[232] /home/travis/build/icyphy/ptII/ptolemy/actor/lib/test/auto/MultipleLinksToSameRelation.xml (RunModel)" time="0.008" />
  <testcase classname="ptolemy.util.test.junit.AutoTests" name="[233] /home/travis/build/icyphy/ptII/ptolemy/actor/lib/test/auto/MultipleLinksToSameRelationDE.xml (RunModel)" time="0.007" />
  <testcase classname="ptolemy.util.test.junit.AutoTests" name="[234] /home/travis/build/icyphy/ptII/ptolemy/actor/lib/test/auto/Multiplexor.xml (RunModel)" time="0.01" />
  <testcase classname="ptolemy.util.test.junit.AutoTests" name="[235] /home/travis/build/icyphy/ptII/ptolemy/actor/lib/test/auto/Multiplexor1.xml (RunModel)" time="0.009" />
  <testcase classname="ptolemy.util.test.junit.AutoTests" name="[236] /home/travis/build/icyphy/ptII/ptolemy/actor/lib/test/auto/Multiplexor2.xml (RunModel)" time="0.013" />
  <testcase classname="ptolemy.util.test.junit.AutoTests" name="[237] /home/travis/build/icyphy/ptII/ptolemy/actor/lib/test/auto/Multiplexor3.xml (RunModel)" time="0.007" />
  <testcase classname="ptolemy.util.test.junit.AutoTests" name="[238] /home/travis/build/icyphy/ptII/ptolemy/actor/lib/test/auto/MultiplexorDE.xml (RunModel)" time="0.013" />
  <testcase classname="ptolemy.util.test.junit.AutoTests" name="[239] /home/travis/build/icyphy/ptII/ptolemy/actor/lib/test/auto/MultiportBroadcastTest.xml (RunModel)" time="0.091" />
  <testcase classname="ptolemy.util.test.junit.AutoTests" name="[240] /home/travis/build/icyphy/ptII/ptolemy/actor/lib/test/auto/MultiportOutHangDuringGetWidth.xml (RunModel)" time="0.028" />
  <testcase classname="ptolemy.util.test.junit.AutoTests" name="[241] /home/travis/build/icyphy/ptII/ptolemy/actor/lib/test/auto/NilToken.xml (RunModel)" time="0.011" />
  <testcase classname="ptolemy.util.test.junit.AutoTests" name="[242] /home/travis/build/icyphy/ptII/ptolemy/actor/lib/test/auto/NilTokenNonStrictTest.xml (RunModel)" time="0.011" />
  <testcase classname="ptolemy.util.test.junit.AutoTests" name="[243] /home/travis/build/icyphy/ptII/ptolemy/actor/lib/test/auto/NilTokenRecord.xml (RunModel)" time="0.021" />
  <testcase classname="ptolemy.util.test.junit.AutoTests" name="[244] /home/travis/build/icyphy/ptII/ptolemy/actor/lib/test/auto/NilTokenTypeTest.xml (RunModel)" time="0.036" />
  <testcase classname="ptolemy.util.test.junit.AutoTests" name="[245] /home/travis/build/icyphy/ptII/ptolemy/actor/lib/test/auto/ObjectToken1.xml (RunModel)" time="0.008" />
  <testcase classname="ptolemy.util.test.junit.AutoTests" name="[246] /home/travis/build/icyphy/ptII/ptolemy/actor/lib/test/auto/OrderedMerge.xml (RunModel)" time="0.017" />
  <testcase classname="ptolemy.util.test.junit.AutoTests" name="[247] /home/travis/build/icyphy/ptII/ptolemy/actor/lib/test/auto/OrderedRecordDisassembler.xml (RunModel)" time="0.016" />
  <testcase classname="ptolemy.util.test.junit.AutoTests" name="[248] /home/travis/build/icyphy/ptII/ptolemy/actor/lib/test/auto/OrderedRecordDisassembler2.xml (RunModel)" time="0.016" />
  <testcase classname="ptolemy.util.test.junit.AutoTests" name="[249] /home/travis/build/icyphy/ptII/ptolemy/actor/lib/test/auto/OrderedRecordUpdater.xml (RunModel)" time="0.01" />
  <testcase classname="ptolemy.util.test.junit.AutoTests" name="[250] /home/travis/build/icyphy/ptII/ptolemy/actor/lib/test/auto/OrderedRecordUpdater2.xml (RunModel)" time="0.018" />
  <testcase classname="ptolemy.util.test.junit.AutoTests" name="[251] /home/travis/build/icyphy/ptII/ptolemy/actor/lib/test/auto/PhaseUnwrap.xml (RunModel)" time="0.012" />
  <testcase classname="ptolemy.util.test.junit.AutoTests" name="[252] /home/travis/build/icyphy/ptII/ptolemy/actor/lib/test/auto/PoissonClock.xml (RunModel)" time="0.009" />
  <testcase classname="ptolemy.util.test.junit.AutoTests" name="[253] /home/travis/build/icyphy/ptII/ptolemy/actor/lib/test/auto/PoissonClock2.xml (RunModel)" time="0.007" />
  <testcase classname="ptolemy.util.test.junit.AutoTests" name="[254] /home/travis/build/icyphy/ptII/ptolemy/actor/lib/test/auto/PoissonClock3.xml (RunModel)" time="0.028" />
  <testcase classname="ptolemy.util.test.junit.AutoTests" name="[255] /home/travis/build/icyphy/ptII/ptolemy/actor/lib/test/auto/PubSubWithInitialTokens.xml (RunModel)" time="0.017" />
  <testcase classname="ptolemy.util.test.junit.AutoTests" name="[256] /home/travis/build/icyphy/ptII/ptolemy/actor/lib/test/auto/PubSubWithInitialTokens2.xml (RunModel)" time="0.011" />
  <testcase classname="ptolemy.util.test.junit.AutoTests" name="[257] /home/travis/build/icyphy/ptII/ptolemy/actor/lib/test/auto/PublisherClassNoParameter.xml (RunModel)" time="0.022" />
  <testcase classname="ptolemy.util.test.junit.AutoTests" name="[258] /home/travis/build/icyphy/ptII/ptolemy/actor/lib/test/auto/PublisherClassParameter.xml (RunModel)" time="0.02" />
  <testcase classname="ptolemy.util.test.junit.AutoTests" name="[259] /home/travis/build/icyphy/ptII/ptolemy/actor/lib/test/auto/PublisherNonStrictTest.xml (RunModel)" time="0.014" />
  <testcase classname="ptolemy.util.test.junit.AutoTests" name="[260] /home/travis/build/icyphy/ptII/ptolemy/actor/lib/test/auto/PublisherPort1.xml (RunModel)" time="0.009" />
  <testcase classname="ptolemy.util.test.junit.AutoTests" name="[261] /home/travis/build/icyphy/ptII/ptolemy/actor/lib/test/auto/PublisherPort2.xml (RunModel)" time="0.008" />
  <testcase classname="ptolemy.util.test.junit.AutoTests" name="[262] /home/travis/build/icyphy/ptII/ptolemy/actor/lib/test/auto/PublisherPort3.xml (RunModel)" time="0.021" />
  <testcase classname="ptolemy.util.test.junit.AutoTests" name="[263] /home/travis/build/icyphy/ptII/ptolemy/actor/lib/test/auto/PublisherPort4.xml (RunModel)" time="0.025" />
  <testcase classname="ptolemy.util.test.junit.AutoTests" name="[264] /home/travis/build/icyphy/ptII/ptolemy/actor/lib/test/auto/PublisherPort5.xml (RunModel)" time="0.012" />
  <testcase classname="ptolemy.util.test.junit.AutoTests" name="[265] /home/travis/build/icyphy/ptII/ptolemy/actor/lib/test/auto/PublisherPort5LookAlike.xml (RunModel)" time="0.015" />
  <testcase classname="ptolemy.util.test.junit.AutoTests" name="[266] /home/travis/build/icyphy/ptII/ptolemy/actor/lib/test/auto/PublisherPort6.xml (RunModel)" time="0.013" />
  <testcase classname="ptolemy.util.test.junit.AutoTests" name="[267] /home/travis/build/icyphy/ptII/ptolemy/actor/lib/test/auto/PublisherPort7.xml (RunModel)" time="0.015" />
  <testcase classname="ptolemy.util.test.junit.AutoTests" name="[268] /home/travis/build/icyphy/ptII/ptolemy/actor/lib/test/auto/PublisherPort8.xml (RunModel)" time="0.016" />
  <testcase classname="ptolemy.util.test.junit.AutoTests" name="[269] /home/travis/build/icyphy/ptII/ptolemy/actor/lib/test/auto/PublisherPortSubscriberChannelVariablesAOC2.xml (RunModel)" time="0.061" />
  <testcase classname="ptolemy.util.test.junit.AutoTests" name="[270] /home/travis/build/icyphy/ptII/ptolemy/actor/lib/test/auto/PublisherPortSubscriberOpaqueWidthInference.xml (RunModel)" time="0.013" />
  <testcase classname="ptolemy.util.test.junit.AutoTests" name="[271] /home/travis/build/icyphy/ptII/ptolemy/actor/lib/test/auto/PublisherPortSubscriberPortAdjacent.xml (RunModel)" time="0.017" />
  <testcase classname="ptolemy.util.test.junit.AutoTests" name="[272] /home/travis/build/icyphy/ptII/ptolemy/actor/lib/test/auto/PublisherPortSubscriberPortExpression.xml (RunModel)" time="0.014" />
  <testcase classname="ptolemy.util.test.junit.AutoTests" name="[273] /home/travis/build/icyphy/ptII/ptolemy/actor/lib/test/auto/PublisherPortSubscriberPortOpaqueD3Reverse.xml (RunModel)" time="0.018" />
  <testcase classname="ptolemy.util.test.junit.AutoTests" name="[274] /home/travis/build/icyphy/ptII/ptolemy/actor/lib/test/auto/PublisherPortSubscriberPortOpaqueWidthInference.xml (RunModel)" time="0.016" />
  <testcase classname="ptolemy.util.test.junit.AutoTests" name="[275] /home/travis/build/icyphy/ptII/ptolemy/actor/lib/test/auto/PublisherPortToplevelSubscriberPortAOC.xml (RunModel)" time="0.01" />
  <testcase classname="ptolemy.util.test.junit.AutoTests" name="[276] /home/travis/build/icyphy/ptII/ptolemy/actor/lib/test/auto/PublisherSubscriber.xml (RunModel)" time="0.012" />
  <testcase classname="ptolemy.util.test.junit.AutoTests" name="[277] /home/travis/build/icyphy/ptII/ptolemy/actor/lib/test/auto/PublisherSubscriber10.xml (RunModel)" time="0.022" />
  <testcase classname="ptolemy.util.test.junit.AutoTests" name="[278] /home/travis/build/icyphy/ptII/ptolemy/actor/lib/test/auto/PublisherSubscriber10InitialOutputs.xml (RunModel)" time="0.028" />
  <testcase classname="ptolemy.util.test.junit.AutoTests" name="[279] /home/travis/build/icyphy/ptII/ptolemy/actor/lib/test/auto/PublisherSubscriber11.xml (RunModel)" time="0.024" />
  <testcase classname="ptolemy.util.test.junit.AutoTests" name="[280] /home/travis/build/icyphy/ptII/ptolemy/actor/lib/test/auto/PublisherSubscriber12.xml (RunModel)" time="0.011" />
  <testcase classname="ptolemy.util.test.junit.AutoTests" name="[281] /home/travis/build/icyphy/ptII/ptolemy/actor/lib/test/auto/PublisherSubscriber13.xml (RunModel)" time="0.009" />
  <testcase classname="ptolemy.util.test.junit.AutoTests" name="[282] /home/travis/build/icyphy/ptII/ptolemy/actor/lib/test/auto/PublisherSubscriber14.xml (RunModel)" time="0.017" />
  <testcase classname="ptolemy.util.test.junit.AutoTests" name="[283] /home/travis/build/icyphy/ptII/ptolemy/actor/lib/test/auto/PublisherSubscriber2.xml (RunModel)" time="0.008" />
  <testcase classname="ptolemy.util.test.junit.AutoTests" name="[284] /home/travis/build/icyphy/ptII/ptolemy/actor/lib/test/auto/PublisherSubscriber3.xml (RunModel)" time="0.008" />
  <testcase classname="ptolemy.util.test.junit.AutoTests" name="[285] /home/travis/build/icyphy/ptII/ptolemy/actor/lib/test/auto/PublisherSubscriber4.xml (RunModel)" time="0.008" />
  <testcase classname="ptolemy.util.test.junit.AutoTests" name="[286] /home/travis/build/icyphy/ptII/ptolemy/actor/lib/test/auto/PublisherSubscriber5.xml (RunModel)" time="0.011" />
  <testcase classname="ptolemy.util.test.junit.AutoTests" name="[287] /home/travis/build/icyphy/ptII/ptolemy/actor/lib/test/auto/PublisherSubscriber6.xml (RunModel)" time="0.01" />
  <testcase classname="ptolemy.util.test.junit.AutoTests" name="[288] /home/travis/build/icyphy/ptII/ptolemy/actor/lib/test/auto/PublisherSubscriber7.xml (RunModel)" time="0.011" />
  <testcase classname="ptolemy.util.test.junit.AutoTests" name="[289] /home/travis/build/icyphy/ptII/ptolemy/actor/lib/test/auto/PublisherSubscriber8.xml (RunModel)" time="0.024" />
  <testcase classname="ptolemy.util.test.junit.AutoTests" name="[290] /home/travis/build/icyphy/ptII/ptolemy/actor/lib/test/auto/PublisherSubscriber9.xml (RunModel)" time="0.02" />
  <testcase classname="ptolemy.util.test.junit.AutoTests" name="[291] /home/travis/build/icyphy/ptII/ptolemy/actor/lib/test/auto/PublisherSubscriberAdjacent.xml (RunModel)" time="0.015" />
  <testcase classname="ptolemy.util.test.junit.AutoTests" name="[292] /home/travis/build/icyphy/ptII/ptolemy/actor/lib/test/auto/PublisherSubscriberChannelVariablesAOC2.xml (RunModel)" time="0.024" />
  <testcase classname="ptolemy.util.test.junit.AutoTests" name="[293] /home/travis/build/icyphy/ptII/ptolemy/actor/lib/test/auto/PublisherSubscriberD3.xml (RunModel)" time="0.012" />
  <testcase classname="ptolemy.util.test.junit.AutoTests" name="[294] /home/travis/build/icyphy/ptII/ptolemy/actor/lib/test/auto/PublisherSubscriberD3Reverse.xml (RunModel)" time="0.011" />
  <testcase classname="ptolemy.util.test.junit.AutoTests" name="[295] /home/travis/build/icyphy/ptII/ptolemy/actor/lib/test/auto/PublisherSubscriberExpression.xml (RunModel)" time="0.014" />
  <testcase classname="ptolemy.util.test.junit.AutoTests" name="[296] /home/travis/build/icyphy/ptII/ptolemy/actor/lib/test/auto/PublisherSubscriberOpaque.xml (RunModel)" time="0.014" />
  <testcase classname="ptolemy.util.test.junit.AutoTests" name="[297] /home/travis/build/icyphy/ptII/ptolemy/actor/lib/test/auto/PublisherSubscriberOpaqueD3.xml (RunModel)" time="0.02" />
  <testcase classname="ptolemy.util.test.junit.AutoTests" name="[298] /home/travis/build/icyphy/ptII/ptolemy/actor/lib/test/auto/PublisherSubscriberOpaqueD3Reverse.xml (RunModel)" time="0.019" />
  <testcase classname="ptolemy.util.test.junit.AutoTests" name="[299] /home/travis/build/icyphy/ptII/ptolemy/actor/lib/test/auto/PublisherSubscriberOpaqueWidthInference.xml (RunModel)" time="0.016" />
  <testcase classname="ptolemy.util.test.junit.AutoTests" name="[300] /home/travis/build/icyphy/ptII/ptolemy/actor/lib/test/auto/PublisherTestSubscriber.xml (RunModel)" time="0.015" />
  <testcase classname="ptolemy.util.test.junit.AutoTests" name="[301] /home/travis/build/icyphy/ptII/ptolemy/actor/lib/test/auto/PublisherToplevelSubscriberPortAOC.xml (RunModel)" time="0.013" />
  <testcase classname="ptolemy.util.test.junit.AutoTests" name="[302] /home/travis/build/icyphy/ptII/ptolemy/actor/lib/test/auto/PulseFiringLimitDE.xml (RunModel)" time="0.013" />
  <testcase classname="ptolemy.util.test.junit.AutoTests" name="[303] /home/travis/build/icyphy/ptII/ptolemy/actor/lib/test/auto/Ramp1.xml (RunModel)" time="0.005" />
  <testcase classname="ptolemy.util.test.junit.AutoTests" name="[304] /home/travis/build/icyphy/ptII/ptolemy/actor/lib/test/auto/RampFiringLimitDE.xml (RunModel)" time="0.01" />
  <testcase classname="ptolemy.util.test.junit.AutoTests" name="[305] /home/travis/build/icyphy/ptII/ptolemy/actor/lib/test/auto/RampFiringLimitSDF.xml (RunModel)" time="0.009" />
  <testcase classname="ptolemy.util.test.junit.AutoTests" name="[306] /home/travis/build/icyphy/ptII/ptolemy/actor/lib/test/auto/RandomInteger.xml (RunModel)" time="0.007" />
  <testcase classname="ptolemy.util.test.junit.AutoTests" name="[307] /home/travis/build/icyphy/ptII/ptolemy/actor/lib/test/auto/ReadFile1.xml (RunModel)" time="0.007" />
  <testcase classname="ptolemy.util.test.junit.AutoTests" name="[308] /home/travis/build/icyphy/ptII/ptolemy/actor/lib/test/auto/ReadFile2.xml (RunModel)" time="0.006" />
  <testcase classname="ptolemy.util.test.junit.AutoTests" name="[309] /home/travis/build/icyphy/ptII/ptolemy/actor/lib/test/auto/Reader.xml (RunModel)" time="0.012" />
  <testcase classname="ptolemy.util.test.junit.AutoTests" name="[310] /home/travis/build/icyphy/ptII/ptolemy/actor/lib/test/auto/RecordAssemblerDisplayNameTest.xml (RunModel)" time="3.267" />
  <testcase classname="ptolemy.util.test.junit.AutoTests" name="[311] /home/travis/build/icyphy/ptII/ptolemy/actor/lib/test/auto/RecordAssemblerTypeError.xml (RunModel)" time="0.036" />
  <testcase classname="ptolemy.util.test.junit.AutoTests" name="[312] /home/travis/build/icyphy/ptII/ptolemy/actor/lib/test/auto/RecordDisassember.xml (RunModel)" time="0.01" />
  <testcase classname="ptolemy.util.test.junit.AutoTests" name="[313] /home/travis/build/icyphy/ptII/ptolemy/actor/lib/test/auto/RecordDisassemberDisplayNameTest.xml (RunModel)" time="0.018" />
  <testcase classname="ptolemy.util.test.junit.AutoTests" name="[314] /home/travis/build/icyphy/ptII/ptolemy/actor/lib/test/auto/RecordDisassembler.xml (RunModel)" time="0.008" />
  <testcase classname="ptolemy.util.test.junit.AutoTests" name="[315] /home/travis/build/icyphy/ptII/ptolemy/actor/lib/test/auto/RecordDisassembler2.xml (RunModel)" time="0.008" />
  <testcase classname="ptolemy.util.test.junit.AutoTests" name="[316] /home/travis/build/icyphy/ptII/ptolemy/actor/lib/test/auto/RecordUpdater.xml (RunModel)" time="0.009" />
  <testcase classname="ptolemy.util.test.junit.AutoTests" name="[317] /home/travis/build/icyphy/ptII/ptolemy/actor/lib/test/auto/RecordUpdater2.xml (RunModel)" time="0.007" />
  <testcase classname="ptolemy.util.test.junit.AutoTests" name="[318] /home/travis/build/icyphy/ptII/ptolemy/actor/lib/test/auto/RecursiveLattice.xml (RunModel)" time="0.006" />
  <testcase classname="ptolemy.util.test.junit.AutoTests" name="[319] /home/travis/build/icyphy/ptII/ptolemy/actor/lib/test/auto/Router.xml (RunModel)" time="3.023" />
  <testcase classname="ptolemy.util.test.junit.AutoTests" name="[320] /home/travis/build/icyphy/ptII/ptolemy/actor/lib/test/auto/Router2.xml (RunModel)" time="3.029" />
  <testcase classname="ptolemy.util.test.junit.AutoTests" name="[321] /home/travis/build/icyphy/ptII/ptolemy/actor/lib/test/auto/RunningMaximum.xml (RunModel)" time="0.015" />
  <testcase classname="ptolemy.util.test.junit.AutoTests" name="[322] /home/travis/build/icyphy/ptII/ptolemy/actor/lib/test/auto/RunningMinimum.xml (RunModel)" time="0.015" />
  <testcase classname="ptolemy.util.test.junit.AutoTests" name="[323] /home/travis/build/icyphy/ptII/ptolemy/actor/lib/test/auto/Scale.xml (RunModel)" time="0.006" />
  <testcase classname="ptolemy.util.test.junit.AutoTests" name="[324] /home/travis/build/icyphy/ptII/ptolemy/actor/lib/test/auto/Scale2.xml (RunModel)" time="0.008" />
  <testcase classname="ptolemy.util.test.junit.AutoTests" name="[325] /home/travis/build/icyphy/ptII/ptolemy/actor/lib/test/auto/Scale3.xml (RunModel)" time="0.015" />
  <testcase classname="ptolemy.util.test.junit.AutoTests" name="[326] /home/travis/build/icyphy/ptII/ptolemy/actor/lib/test/auto/ScaleArray.xml (RunModel)" time="0.007" />
  <testcase classname="ptolemy.util.test.junit.AutoTests" name="[327] /home/travis/build/icyphy/ptII/ptolemy/actor/lib/test/auto/ScaleArray2.xml (RunModel)" time="0.007" />
  <testcase classname="ptolemy.util.test.junit.AutoTests" name="[328] /home/travis/build/icyphy/ptII/ptolemy/actor/lib/test/auto/ScaleMatrix.xml (RunModel)" time="0.162" />
  <testcase classname="ptolemy.util.test.junit.AutoTests" name="[329] /home/travis/build/icyphy/ptII/ptolemy/actor/lib/test/auto/Select.xml (RunModel)" time="0.046" />
  <testcase classname="ptolemy.util.test.junit.AutoTests" name="[330] /home/travis/build/icyphy/ptII/ptolemy/actor/lib/test/auto/Select2.xml (RunModel)" time="0.033" />
  <testcase classname="ptolemy.util.test.junit.AutoTests" name="[331] /home/travis/build/icyphy/ptII/ptolemy/actor/lib/test/auto/SequenceToArray2.xml (RunModel)" time="0.14" />
  <testcase classname="ptolemy.util.test.junit.AutoTests" name="[332] /home/travis/build/icyphy/ptII/ptolemy/actor/lib/test/auto/SequentialClock.xml (RunModel)" time="0.006" />
  <testcase classname="ptolemy.util.test.junit.AutoTests" name="[333] /home/travis/build/icyphy/ptII/ptolemy/actor/lib/test/auto/SetVariable.xml (RunModel)" time="0.009" />
  <testcase classname="ptolemy.util.test.junit.AutoTests" name="[334] /home/travis/build/icyphy/ptII/ptolemy/actor/lib/test/auto/SetVariable2.xml (RunModel)" time="0.015" />
  <testcase classname="ptolemy.util.test.junit.AutoTests" name="[335] /home/travis/build/icyphy/ptII/ptolemy/actor/lib/test/auto/SetVariable3.xml (RunModel)" time="0.014" />
  <testcase classname="ptolemy.util.test.junit.AutoTests" name="[336] /home/travis/build/icyphy/ptII/ptolemy/actor/lib/test/auto/SetVariable4.xml (RunModel)" time="0.022" />
  <testcase classname="ptolemy.util.test.junit.AutoTests" name="[337] /home/travis/build/icyphy/ptII/ptolemy/actor/lib/test/auto/SetVariable5.xml (RunModel)" time="0.035" />
  <testcase classname="ptolemy.util.test.junit.AutoTests" name="[338] /home/travis/build/icyphy/ptII/ptolemy/actor/lib/test/auto/Sinewave.xml (RunModel)" time="0.031" />
  <testcase classname="ptolemy.util.test.junit.AutoTests" name="[339] /home/travis/build/icyphy/ptII/ptolemy/actor/lib/test/auto/Sinewave2.xml (RunModel)" time="0.021" />
  <testcase classname="ptolemy.util.test.junit.AutoTests" name="[340] /home/travis/build/icyphy/ptII/ptolemy/actor/lib/test/auto/Sinewave3.xml (RunModel)" time="0.018" />
  <testcase classname="ptolemy.util.test.junit.AutoTests" name="[341] /home/travis/build/icyphy/ptII/ptolemy/actor/lib/test/auto/SingleEvent.xml (RunModel)" time="0.006" />
  <testcase classname="ptolemy.util.test.junit.AutoTests" name="[342] /home/travis/build/icyphy/ptII/ptolemy/actor/lib/test/auto/Sleep.xml (RunModel)" time="6.014" />
  <testcase classname="ptolemy.util.test.junit.AutoTests" name="[343] /home/travis/build/icyphy/ptII/ptolemy/actor/lib/test/auto/SleepMultipleFire.xml (RunModel)" time="1.036" />
  <testcase classname="ptolemy.util.test.junit.AutoTests" name="[344] /home/travis/build/icyphy/ptII/ptolemy/actor/lib/test/auto/StopDE.xml (RunModel)" time="0.013" />
  <testcase classname="ptolemy.util.test.junit.AutoTests" name="[345] /home/travis/build/icyphy/ptII/ptolemy/actor/lib/test/auto/StopSDF.xml (RunModel)" time="0.014" />
  <testcase classname="ptolemy.util.test.junit.AutoTests" name="[346] /home/travis/build/icyphy/ptII/ptolemy/actor/lib/test/auto/StringConstant.xml (RunModel)" time="0.017" />
  <testcase classname="ptolemy.util.test.junit.AutoTests" name="[347] /home/travis/build/icyphy/ptII/ptolemy/actor/lib/test/auto/SubscriberPortInitialValues1.xml (RunModel)" time="0.028" />
  <testcase classname="ptolemy.util.test.junit.AutoTests" name="[348] /home/travis/build/icyphy/ptII/ptolemy/actor/lib/test/auto/SubscriberPortInitialValues13.xml (RunModel)" time="0.023" />
  <testcase classname="ptolemy.util.test.junit.AutoTests" name="[349] /home/travis/build/icyphy/ptII/ptolemy/actor/lib/test/auto/SubscriberPortInitialValues14.xml (RunModel)" time="0.013" />
  <testcase classname="ptolemy.util.test.junit.AutoTests" name="[350] /home/travis/build/icyphy/ptII/ptolemy/actor/lib/test/auto/SubscriberPortInitialValues2.xml (RunModel)" time="0.013" />
  <testcase classname="ptolemy.util.test.junit.AutoTests" name="[351] /home/travis/build/icyphy/ptII/ptolemy/actor/lib/test/auto/SubscriberPortInitialValues3.xml (RunModel)" time="0.017" />
  <testcase classname="ptolemy.util.test.junit.AutoTests" name="[352] /home/travis/build/icyphy/ptII/ptolemy/actor/lib/test/auto/SubscriptionAggregator.xml (RunModel)" time="0.009" />
  <testcase classname="ptolemy.util.test.junit.AutoTests" name="[353] /home/travis/build/icyphy/ptII/ptolemy/actor/lib/test/auto/SubscriptionAggregator2.xml (RunModel)" time="0.009" />
  <testcase classname="ptolemy.util.test.junit.AutoTests" name="[354] /home/travis/build/icyphy/ptII/ptolemy/actor/lib/test/auto/SubscriptionAggregator3.xml (RunModel)" time="0.015" />
  <testcase classname="ptolemy.util.test.junit.AutoTests" name="[355] /home/travis/build/icyphy/ptII/ptolemy/actor/lib/test/auto/SubscriptionAggregatorMultiply.xml (RunModel)" time="0.024" />
  <testcase classname="ptolemy.util.test.junit.AutoTests" name="[356] /home/travis/build/icyphy/ptII/ptolemy/actor/lib/test/auto/SubscriptionAggregatorPortMultiply1.xml (RunModel)" time="0.018" />
  <testcase classname="ptolemy.util.test.junit.AutoTests" name="[357] /home/travis/build/icyphy/ptII/ptolemy/actor/lib/test/auto/Switch.xml (RunModel)" time="0.015" />
  <testcase classname="ptolemy.util.test.junit.AutoTests" name="[358] /home/travis/build/icyphy/ptII/ptolemy/actor/lib/test/auto/Switch2.xml (RunModel)" time="0.011" />
  <testcase classname="ptolemy.util.test.junit.AutoTests" name="[359] /home/travis/build/icyphy/ptII/ptolemy/actor/lib/test/auto/SwitchDE.xml (RunModel)" time="0.012" />
  <testcase classname="ptolemy.util.test.junit.AutoTests" name="[360] /home/travis/build/icyphy/ptII/ptolemy/actor/lib/test/auto/SynchronizerDE.xml (RunModel)" time="0.019" />
  <testcase classname="ptolemy.util.test.junit.AutoTests" name="[361] /home/travis/build/icyphy/ptII/ptolemy/actor/lib/test/auto/Test.xml (RunModel)" time="0.009" />
  <testcase classname="ptolemy.util.test.junit.AutoTests" name="[362] /home/travis/build/icyphy/ptII/ptolemy/actor/lib/test/auto/TestExceptionAttribute1.xml (RunModel)" time="0.007" />
  <testcase classname="ptolemy.util.test.junit.AutoTests" name="[363] /home/travis/build/icyphy/ptII/ptolemy/actor/lib/test/auto/TestExceptionAttribute2.xml (RunModel)" time="0.007" />
  <testcase classname="ptolemy.util.test.junit.AutoTests" name="[364] /home/travis/build/icyphy/ptII/ptolemy/actor/lib/test/auto/TestExceptionAttribute3.xml (RunModel)" time="0.011" />
  <testcase classname="ptolemy.util.test.junit.AutoTests" name="[365] /home/travis/build/icyphy/ptII/ptolemy/actor/lib/test/auto/TestExceptionAttribute4.xml (RunModel)" time="0.006" />
  <testcase classname="ptolemy.util.test.junit.AutoTests" name="[366] /home/travis/build/icyphy/ptII/ptolemy/actor/lib/test/auto/TestExceptionHandler1.xml (RunModel)" time="0.005" />
  <testcase classname="ptolemy.util.test.junit.AutoTests" name="[367] /home/travis/build/icyphy/ptII/ptolemy/actor/lib/test/auto/TestExceptionHandler2.xml (RunModel)" time="0.005" />
  <testcase classname="ptolemy.util.test.junit.AutoTests" name="[368] /home/travis/build/icyphy/ptII/ptolemy/actor/lib/test/auto/TestExceptionHandler3.xml (RunModel)" time="0.006" />
  <testcase classname="ptolemy.util.test.junit.AutoTests" name="[369] /home/travis/build/icyphy/ptII/ptolemy/actor/lib/test/auto/TestExceptionHandler4.xml (RunModel)" time="0.005" />
  <testcase classname="ptolemy.util.test.junit.AutoTests" name="[370] /home/travis/build/icyphy/ptII/ptolemy/actor/lib/test/auto/TestRequireCorrectOrder.xml (RunModel)" time="0.011" />
  <testcase classname="ptolemy.util.test.junit.AutoTests" name="[371] /home/travis/build/icyphy/ptII/ptolemy/actor/lib/test/auto/TestSimple.xml (RunModel)" time="0.006" />
  <testcase classname="ptolemy.util.test.junit.AutoTests" name="[372] /home/travis/build/icyphy/ptII/ptolemy/actor/lib/test/auto/ThrowModelError.xml (RunModel)" time="0.009" />
  <testcase classname="ptolemy.util.test.junit.AutoTests" name="[373] /home/travis/build/icyphy/ptII/ptolemy/actor/lib/test/auto/TimeDelayMicrosteps.xml (RunModel)" time="0.013" />
  <testcase classname="ptolemy.util.test.junit.AutoTests" name="[374] /home/travis/build/icyphy/ptII/ptolemy/actor/lib/test/auto/TimeDelayMicrosteps2.xml (RunModel)" time="0.012" />
  <testcase classname="ptolemy.util.test.junit.AutoTests" name="[375] /home/travis/build/icyphy/ptII/ptolemy/actor/lib/test/auto/TimeDelayMicrosteps3.xml (RunModel)" time="0.012" />
  <testcase classname="ptolemy.util.test.junit.AutoTests" name="[376] /home/travis/build/icyphy/ptII/ptolemy/actor/lib/test/auto/TimeDelayVariableMicrosteps.xml (RunModel)" time="0.012" />
  <testcase classname="ptolemy.util.test.junit.AutoTests" name="[377] /home/travis/build/icyphy/ptII/ptolemy/actor/lib/test/auto/TimeGap.xml (RunModel)" time="0.019" />
  <testcase classname="ptolemy.util.test.junit.AutoTests" name="[378] /home/travis/build/icyphy/ptII/ptolemy/actor/lib/test/auto/TimeGap2.xml (RunModel)" time="0.012" />
  <testcase classname="ptolemy.util.test.junit.AutoTests" name="[379] /home/travis/build/icyphy/ptII/ptolemy/actor/lib/test/auto/TimedSinewave.xml (RunModel)" time="0.056" />
  <testcase classname="ptolemy.util.test.junit.AutoTests" name="[380] /home/travis/build/icyphy/ptII/ptolemy/actor/lib/test/auto/TimedSinewavePhase.xml (RunModel)" time="0.047" />
  <testcase classname="ptolemy.util.test.junit.AutoTests" name="[381] /home/travis/build/icyphy/ptII/ptolemy/actor/lib/test/auto/Timer.xml (RunModel)" time="0.022" />
  <testcase classname="ptolemy.util.test.junit.AutoTests" name="[382] /home/travis/build/icyphy/ptII/ptolemy/actor/lib/test/auto/TriangularDistTestModel.xml (RunModel)" time="0.017" />
  <testcase classname="ptolemy.util.test.junit.AutoTests" name="[383] /home/travis/build/icyphy/ptII/ptolemy/actor/lib/test/auto/TrigFunction.xml (RunModel)" time="0.007" />
  <testcase classname="ptolemy.util.test.junit.AutoTests" name="[384] /home/travis/build/icyphy/ptII/ptolemy/actor/lib/test/auto/TrigFunctionDE.xml (RunModel)" time="0.01" />
  <testcase classname="ptolemy.util.test.junit.AutoTests" name="[385] /home/travis/build/icyphy/ptII/ptolemy/actor/lib/test/auto/TrigFunctionInverse.xml (RunModel)" time="0.009" />
  <testcase classname="ptolemy.util.test.junit.AutoTests" name="[386] /home/travis/build/icyphy/ptII/ptolemy/actor/lib/test/auto/TrigFunctionTan.xml (RunModel)" time="0.006" />
  <testcase classname="ptolemy.util.test.junit.AutoTests" name="[387] /home/travis/build/icyphy/ptII/ptolemy/actor/lib/test/auto/TriggeredClock.xml (RunModel)" time="0.008" />
  <testcase classname="ptolemy.util.test.junit.AutoTests" name="[388] /home/travis/build/icyphy/ptII/ptolemy/actor/lib/test/auto/URLDirectoryReader.xml (RunModel)" time="0.115" />
  <testcase classname="ptolemy.util.test.junit.AutoTests" name="[389] /home/travis/build/icyphy/ptII/ptolemy/actor/lib/test/auto/URLDirectoryReader3.xml (RunModel)" time="1.247" />
  <testcase classname="ptolemy.util.test.junit.AutoTests" name="[390] /home/travis/build/icyphy/ptII/ptolemy/actor/lib/test/auto/UnaryMathFunction.xml (RunModel)" time="0.021" />
  <testcase classname="ptolemy.util.test.junit.AutoTests" name="[391] /home/travis/build/icyphy/ptII/ptolemy/actor/lib/test/auto/Uniform.xml (RunModel)" time="0.009" />
  <testcase classname="ptolemy.util.test.junit.AutoTests" name="[392] /home/travis/build/icyphy/ptII/ptolemy/actor/lib/test/auto/UnionDisassemblerTest.xml (RunModel)" time="0.018" />
  <testcase classname="ptolemy.util.test.junit.AutoTests" name="[393] /home/travis/build/icyphy/ptII/ptolemy/actor/lib/test/auto/UtilityFunctions.xml (RunModel)" time="0.006" />
  <testcase classname="ptolemy.util.test.junit.AutoTests" name="[394] /home/travis/build/icyphy/ptII/ptolemy/actor/lib/test/auto/VariableSleep.xml (RunModel)" time="0.51" />
  <testcase classname="ptolemy.util.test.junit.AutoTests" name="[395] /home/travis/build/icyphy/ptII/ptolemy/actor/lib/test/auto/VectorAssemblerDisassemblerCT.xml (RunModel)" time="0.103" />
  <testcase classname="ptolemy.util.test.junit.AutoTests" name="[396] /home/travis/build/icyphy/ptII/ptolemy/actor/lib/test/auto/VectorAssemblerDisassemblerDE.xml (RunModel)" time="0.011" />
  <testcase classname="ptolemy.util.test.junit.AutoTests" name="[397] /home/travis/build/icyphy/ptII/ptolemy/actor/lib/test/auto/VectorAssemblerDisassemblerSDF.xml (RunModel)" time="0.01" />
  <testcase classname="ptolemy.util.test.junit.AutoTests" name="[398] /home/travis/build/icyphy/ptII/ptolemy/actor/lib/test/auto/WallClockTime.xml (RunModel)" time="1.01" />
  <testcase classname="ptolemy.util.test.junit.AutoTests" name="[399] /home/travis/build/icyphy/ptII/ptolemy/actor/lib/test/auto/WidthTestWithSubscriberPublisher.xml (RunModel)" time="0.044" />
  <testcase classname="ptolemy.util.test.junit.AutoTests" name="[400] /home/travis/build/icyphy/ptII/ptolemy/actor/lib/test/auto/WidthTestWithSubscriberPublisher2.xml (RunModel)" time="0.012" />
  <testcase classname="ptolemy.util.test.junit.AutoTests" name="[401] /home/travis/build/icyphy/ptII/ptolemy/actor/lib/test/auto/WidthTestWithSubscriberPublisher3.xml (RunModel)" time="0.01" />
  <testcase classname="ptolemy.util.test.junit.AutoTests" name="[402] /home/travis/build/icyphy/ptII/ptolemy/actor/lib/test/auto/Writer.xml (RunModel)" time="0.007" />
  <testcase classname="ptolemy.util.test.junit.AutoTests" name="[403] /home/travis/build/icyphy/ptII/ptolemy/actor/lib/test/auto/array.xml (RunModel)" time="0.007" />
  <testcase classname="ptolemy.util.test.junit.AutoTests" name="[404] /home/travis/build/icyphy/ptII/ptolemy/actor/lib/test/auto/array2.xml (RunModel)" time="0.009" />
  <testcase classname="ptolemy.util.test.junit.AutoTests" name="[405] /home/travis/build/icyphy/ptII/ptolemy/actor/lib/test/auto/arrayType.xml (RunModel)" time="0.009" />
  <testcase classname="ptolemy.util.test.junit.AutoTests" name="[406] /home/travis/build/icyphy/ptII/ptolemy/actor/lib/test/auto/arrayType10.xml (RunModel)" time="0.007" />
  <testcase classname="ptolemy.util.test.junit.AutoTests" name="[407] /home/travis/build/icyphy/ptII/ptolemy/actor/lib/test/auto/arrayType11.xml (RunModel)" time="0.006" />
  <testcase classname="ptolemy.util.test.junit.AutoTests" name="[408] /home/travis/build/icyphy/ptII/ptolemy/actor/lib/test/auto/arrayType12.xml (RunModel)" time="0.007" />
  <testcase classname="ptolemy.util.test.junit.AutoTests" name="[409] /home/travis/build/icyphy/ptII/ptolemy/actor/lib/test/auto/arrayType13.xml (RunModel)" time="0.007" />
  <testcase classname="ptolemy.util.test.junit.AutoTests" name="[410] /home/travis/build/icyphy/ptII/ptolemy/actor/lib/test/auto/arrayType14.xml (RunModel)" time="0.007" />
  <testcase classname="ptolemy.util.test.junit.AutoTests" name="[411] /home/travis/build/icyphy/ptII/ptolemy/actor/lib/test/auto/arrayType15.xml (RunModel)" time="0.007" />
  <testcase classname="ptolemy.util.test.junit.AutoTests" name="[412] /home/travis/build/icyphy/ptII/ptolemy/actor/lib/test/auto/arrayType16.xml (RunModel)" time="0.008" />
  <testcase classname="ptolemy.util.test.junit.AutoTests" name="[413] /home/travis/build/icyphy/ptII/ptolemy/actor/lib/test/auto/arrayType17.xml (RunModel)" time="0.006" />
  <testcase classname="ptolemy.util.test.junit.AutoTests" name="[414] /home/travis/build/icyphy/ptII/ptolemy/actor/lib/test/auto/arrayType18.xml (RunModel)" time="0.007" />
  <testcase classname="ptolemy.util.test.junit.AutoTests" name="[415] /home/travis/build/icyphy/ptII/ptolemy/actor/lib/test/auto/arrayType19.xml (RunModel)" time="0.006" />
  <testcase classname="ptolemy.util.test.junit.AutoTests" name="[416] /home/travis/build/icyphy/ptII/ptolemy/actor/lib/test/auto/arrayType2.xml (RunModel)" time="0.007" />
  <testcase classname="ptolemy.util.test.junit.AutoTests" name="[417] /home/travis/build/icyphy/ptII/ptolemy/actor/lib/test/auto/arrayType20.xml (RunModel)" time="0.007" />
  <testcase classname="ptolemy.util.test.junit.AutoTests" name="[418] /home/travis/build/icyphy/ptII/ptolemy/actor/lib/test/auto/arrayType21.xml (RunModel)" time="0.006" />
  <testcase classname="ptolemy.util.test.junit.AutoTests" name="[419] /home/travis/build/icyphy/ptII/ptolemy/actor/lib/test/auto/arrayType22.xml (RunModel)" time="0.006" />
  <testcase classname="ptolemy.util.test.junit.AutoTests" name="[420] /home/travis/build/icyphy/ptII/ptolemy/actor/lib/test/auto/arrayType23.xml (RunModel)" time="0.007" />
  <testcase classname="ptolemy.util.test.junit.AutoTests" name="[421] /home/travis/build/icyphy/ptII/ptolemy/actor/lib/test/auto/arrayType24.xml (RunModel)" time="0.01" />
  <testcase classname="ptolemy.util.test.junit.AutoTests" name="[422] /home/travis/build/icyphy/ptII/ptolemy/actor/lib/test/auto/arrayType25.xml (RunModel)" time="0.007" />
  <testcase classname="ptolemy.util.test.junit.AutoTests" name="[423] /home/travis/build/icyphy/ptII/ptolemy/actor/lib/test/auto/arrayType26.xml (RunModel)" time="0.008" />
  <testcase classname="ptolemy.util.test.junit.AutoTests" name="[424] /home/travis/build/icyphy/ptII/ptolemy/actor/lib/test/auto/arrayType27.xml (RunModel)" time="0.007" />
  <testcase classname="ptolemy.util.test.junit.AutoTests" name="[425] /home/travis/build/icyphy/ptII/ptolemy/actor/lib/test/auto/arrayType28.xml (RunModel)" time="0.009" />
  <testcase classname="ptolemy.util.test.junit.AutoTests" name="[426] /home/travis/build/icyphy/ptII/ptolemy/actor/lib/test/auto/arrayType3.xml (RunModel)" time="0.008" />
  <testcase classname="ptolemy.util.test.junit.AutoTests" name="[427] /home/travis/build/icyphy/ptII/ptolemy/actor/lib/test/auto/arrayType4.xml (RunModel)" time="0.008" />
  <testcase classname="ptolemy.util.test.junit.AutoTests" name="[428] /home/travis/build/icyphy/ptII/ptolemy/actor/lib/test/auto/arrayType5.xml (RunModel)" time="0.007" />
  <testcase classname="ptolemy.util.test.junit.AutoTests" name="[429] /home/travis/build/icyphy/ptII/ptolemy/actor/lib/test/auto/arrayType6.xml (RunModel)" time="0.006" />
  <testcase classname="ptolemy.util.test.junit.AutoTests" name="[430] /home/travis/build/icyphy/ptII/ptolemy/actor/lib/test/auto/arrayType7.xml (RunModel)" time="0.012" />
  <testcase classname="ptolemy.util.test.junit.AutoTests" name="[431] /home/travis/build/icyphy/ptII/ptolemy/actor/lib/test/auto/arrayType8.xml (RunModel)" time="0.008" />
  <testcase classname="ptolemy.util.test.junit.AutoTests" name="[432] /home/travis/build/icyphy/ptII/ptolemy/actor/lib/test/auto/arrayType9.xml (RunModel)" time="0.006" />
  <testcase classname="ptolemy.util.test.junit.AutoTests" name="[433] /home/travis/build/icyphy/ptII/ptolemy/actor/lib/test/auto/cast.xml (RunModel)" time="0.007" />
  <testcase classname="ptolemy.util.test.junit.AutoTests" name="[434] /home/travis/build/icyphy/ptII/ptolemy/actor/lib/test/auto/compositeMultiPort.xml (RunModel)" time="0.017" />
  <testcase classname="ptolemy.util.test.junit.AutoTests" name="[435] /home/travis/build/icyphy/ptII/ptolemy/actor/lib/test/auto/expressionCastInference.xml (RunModel)" time="0.007" />
  <testcase classname="ptolemy.util.test.junit.AutoTests" name="[436] /home/travis/build/icyphy/ptII/ptolemy/actor/lib/test/auto/expressionCastInference2.xml (RunModel)" time="0.016" />
  <testcase classname="ptolemy.util.test.junit.AutoTests" name="[437] /home/travis/build/icyphy/ptII/ptolemy/actor/lib/test/auto/expressionInference.xml (RunModel)" time="0.007" />
  <testcase classname="ptolemy.util.test.junit.AutoTests" name="[438] /home/travis/build/icyphy/ptII/ptolemy/actor/lib/test/auto/expression_bug.xml (RunModel)" time="0.006" />
  <testcase classname="ptolemy.util.test.junit.AutoTests" name="[439] /home/travis/build/icyphy/ptII/ptolemy/actor/lib/test/auto/factorial.xml (RunModel)" time="0.041" />
  <testcase classname="ptolemy.util.test.junit.AutoTests" name="[440] /home/travis/build/icyphy/ptII/ptolemy/actor/lib/test/auto/filterTest1.xml (RunModel)" time="0.021" />
  <testcase classname="ptolemy.util.test.junit.AutoTests" name="[441] /home/travis/build/icyphy/ptII/ptolemy/actor/lib/test/auto/funcApplyInConst.xml (RunModel)" time="0.005" />
  <testcase classname="ptolemy.util.test.junit.AutoTests" name="[442] /home/travis/build/icyphy/ptII/ptolemy/actor/lib/test/auto/funcApplyInExpr.xml (RunModel)" time="0.005" />
  <testcase classname="ptolemy.util.test.junit.AutoTests" name="[443] /home/travis/build/icyphy/ptII/ptolemy/actor/lib/test/auto/function.xml (RunModel)" time="0.008" />
  <testcase classname="ptolemy.util.test.junit.AutoTests" name="[444] /home/travis/build/icyphy/ptII/ptolemy/actor/lib/test/auto/function2.xml (RunModel)" time="0.006" />
  <testcase classname="ptolemy.util.test.junit.AutoTests" name="[445] /home/travis/build/icyphy/ptII/ptolemy/actor/lib/test/auto/function3.xml (RunModel)" time="0.006" />
  <testcase classname="ptolemy.util.test.junit.AutoTests" name="[446] /home/travis/build/icyphy/ptII/ptolemy/actor/lib/test/auto/functionClosureTest1.xml (RunModel)" time="0.008" />
  <testcase classname="ptolemy.util.test.junit.AutoTests" name="[447] /home/travis/build/icyphy/ptII/ptolemy/actor/lib/test/auto/functionClosureTest2.xml (RunModel)" time="0.018" />
  <testcase classname="ptolemy.util.test.junit.AutoTests" name="[448] /home/travis/build/icyphy/ptII/ptolemy/actor/lib/test/auto/functionClosureTest3.xml (RunModel)" time="0.032" />
  <testcase classname="ptolemy.util.test.junit.AutoTests" name="[449] /home/travis/build/icyphy/ptII/ptolemy/actor/lib/test/auto/functionClosureTest4.xml (RunModel)" time="0.023" />
  <testcase classname="ptolemy.util.test.junit.AutoTests" name="[450] /home/travis/build/icyphy/ptII/ptolemy/actor/lib/test/auto/functionClosureTest5.xml (RunModel)" time="0.009" />
  <testcase classname="ptolemy.util.test.junit.AutoTests" name="[451] /home/travis/build/icyphy/ptII/ptolemy/actor/lib/test/auto/functionClosureTest6.xml (RunModel)" time="0.007" />
  <testcase classname="ptolemy.util.test.junit.AutoTests" name="[452] /home/travis/build/icyphy/ptII/ptolemy/actor/lib/test/auto/functionsOnArcs.xml (RunModel)" time="0.008" />
  <testcase classname="ptolemy.util.test.junit.AutoTests" name="[453] /home/travis/build/icyphy/ptII/ptolemy/actor/lib/test/auto/functionsOnArcsHOF.xml (RunModel)" time="0.009" />
  <testcase classname="ptolemy.util.test.junit.AutoTests" name="[454] /home/travis/build/icyphy/ptII/ptolemy/actor/lib/test/auto/logic.xml (RunModel)" time="0.015" />
  <testcase classname="ptolemy.util.test.junit.AutoTests" name="[455] /home/travis/build/icyphy/ptII/ptolemy/actor/lib/test/auto/matrixType.xml (RunModel)" time="0.007" />
  <testcase classname="ptolemy.util.test.junit.AutoTests" name="[456] /home/travis/build/icyphy/ptII/ptolemy/actor/lib/test/auto/matrixType10.xml (RunModel)" time="0.007" />
  <testcase classname="ptolemy.util.test.junit.AutoTests" name="[457] /home/travis/build/icyphy/ptII/ptolemy/actor/lib/test/auto/matrixType11.xml (RunModel)" time="0.007" />
  <testcase classname="ptolemy.util.test.junit.AutoTests" name="[458] /home/travis/build/icyphy/ptII/ptolemy/actor/lib/test/auto/matrixType12.xml (RunModel)" time="0.007" />
  <testcase classname="ptolemy.util.test.junit.AutoTests" name="[459] /home/travis/build/icyphy/ptII/ptolemy/actor/lib/test/auto/matrixType13.xml (RunModel)" time="0.038" />
  <testcase classname="ptolemy.util.test.junit.AutoTests" name="[460] /home/travis/build/icyphy/ptII/ptolemy/actor/lib/test/auto/matrixType14.xml (RunModel)" time="0.037" />
  <testcase classname="ptolemy.util.test.junit.AutoTests" name="[461] /home/travis/build/icyphy/ptII/ptolemy/actor/lib/test/auto/matrixType2.xml (RunModel)" time="0.014" />
  <testcase classname="ptolemy.util.test.junit.AutoTests" name="[462] /home/travis/build/icyphy/ptII/ptolemy/actor/lib/test/auto/matrixType3.xml (RunModel)" time="0.009" />
  <testcase classname="ptolemy.util.test.junit.AutoTests" name="[463] /home/travis/build/icyphy/ptII/ptolemy/actor/lib/test/auto/matrixType4.xml (RunModel)" time="0.007" />
  <testcase classname="ptolemy.util.test.junit.AutoTests" name="[464] /home/travis/build/icyphy/ptII/ptolemy/actor/lib/test/auto/matrixType5.xml (RunModel)" time="0.009" />
  <testcase classname="ptolemy.util.test.junit.AutoTests" name="[465] /home/travis/build/icyphy/ptII/ptolemy/actor/lib/test/auto/matrixType6.xml (RunModel)" time="0.008" />
  <testcase classname="ptolemy.util.test.junit.AutoTests" name="[466] /home/travis/build/icyphy/ptII/ptolemy/actor/lib/test/auto/matrixType7.xml (RunModel)" time="0.008" />
  <testcase classname="ptolemy.util.test.junit.AutoTests" name="[467] /home/travis/build/icyphy/ptII/ptolemy/actor/lib/test/auto/matrixType8.xml (RunModel)" time="0.008" />
  <testcase classname="ptolemy.util.test.junit.AutoTests" name="[468] /home/travis/build/icyphy/ptII/ptolemy/actor/lib/test/auto/matrixType9.xml (RunModel)" time="0.006" />
  <testcase classname="ptolemy.util.test.junit.AutoTests" name="[469] /home/travis/build/icyphy/ptII/ptolemy/actor/lib/test/auto/paraFunctest.xml (RunModel)" time="0.006" />
  <testcase classname="ptolemy.util.test.junit.AutoTests" name="[470] /home/travis/build/icyphy/ptII/ptolemy/actor/lib/test/auto/paraFunctest2.xml (RunModel)" time="0.011" />
  <testcase classname="ptolemy.util.test.junit.AutoTests" name="[471] /home/travis/build/icyphy/ptII/ptolemy/actor/lib/test/auto/parameterPassing.xml (RunModel)" time="0.01" />
  <testcase classname="ptolemy.util.test.junit.AutoTests" name="[472] /home/travis/build/icyphy/ptII/ptolemy/actor/lib/test/auto/record.xml (RunModel)" time="0.008" />
  <testcase classname="ptolemy.util.test.junit.AutoTests" name="[473] /home/travis/build/icyphy/ptII/ptolemy/actor/lib/test/auto/sizedarray1.xml (RunModel)" time="0.007" />
  <testcase classname="ptolemy.util.test.junit.AutoTests" name="[474] /home/travis/build/icyphy/ptII/ptolemy/actor/lib/test/auto/sizedarray2.xml (RunModel)" time="0.008" />
  <testcase classname="ptolemy.util.test.junit.AutoTests" name="[475] /home/travis/build/icyphy/ptII/ptolemy/actor/lib/test/auto/twoPublishers.xml (RunModel)" time="0.022" />
  <system-out><![CDATA[/home/travis/build/icyphy/ptII/ptolemy/actor/lib/test/AbsoluteValue.tcl
testDefs.tcl: setting time out to 9000 seconds at Fri Jan 31 06:57:12 UTC 2020
93 ms. Memory: 129024K Free: 93122K (72%)
9 ms. Memory: 129024K Free: 91076K (71%)
7 ms. Memory: 129024K Free: 90555K (70%)
10 ms. Memory: 129024K Free: 89523K (69%)
/home/travis/build/icyphy/ptII/ptolemy/actor/lib/test/AddSubtract.tcl
19 ms. Memory: 129024K Free: 86980K (67%)
14 ms. Memory: 129024K Free: 86451K (67%)
13 ms. Memory: 129024K Free: 85442K (66%)
18 ms. Memory: 129024K Free: 84932K (66%)
72 ms. Memory: 129024K Free: 81860K (63%)
11 ms. Memory: 129024K Free: 81315K (63%)
/home/travis/build/icyphy/ptII/ptolemy/actor/lib/test/Average.tcl
6 ms. Memory: 129024K Free: 79291K (61%)
6 ms. Memory: 129024K Free: 78274K (61%)
/home/travis/build/icyphy/ptII/ptolemy/actor/lib/test/Bernoulli.tcl
4 ms. Memory: 129024K Free: 76740K (59%)
2 ms. Memory: 129024K Free: 76211K (59%)
/home/travis/build/icyphy/ptII/ptolemy/actor/lib/test/Clock.tcl
preinitializing
resolving types
initializing
executing number 1
wrapping up
idle
19 ms. Memory: 129024K Free: 73668K (57%)
Completed execution with 5 iterations
preinitializing
resolving types
initializing
executing number 1
wrapping up
idle
4 ms. Memory: 129024K Free: 72644K (56%)
Completed execution with 5 iterations
preinitializing
resolving types
initializing
executing number 1
wrapping up
idle
3 ms. Memory: 129024K Free: 72115K (56%)
Completed execution with 5 iterations
/home/travis/build/icyphy/ptII/ptolemy/actor/lib/test/Commutator.tcl
6 ms. Memory: 129024K Free: 70082K (54%)
6 ms. Memory: 129024K Free: 69058K (54%)
15 ms. Memory: 129024K Free: 63428K (49%)
/home/travis/build/icyphy/ptII/ptolemy/actor/lib/test/Const.tcl
17 ms. Memory: 129024K Free: 61890K (48%)
3 ms. Memory: 129024K Free: 61380K (48%)
3 ms. Memory: 129024K Free: 60866K (47%)
2 ms. Memory: 129024K Free: 60356K (47%)
6 ms. Memory: 129024K Free: 59842K (46%)
17 ms. Memory: 129024K Free: 58308K (45%)
8 ms. Memory: 129024K Free: 56770K (44%)
12 ms. Memory: 129024K Free: 56260K (44%)
/home/travis/build/icyphy/ptII/ptolemy/actor/lib/test/CurrentTime.tcl
preinitializing
resolving types
initializing
executing number 1
wrapping up
idle
14 ms. Memory: 129024K Free: 54212K (42%)
Completed execution with 11 iterations
/home/travis/build/icyphy/ptII/ptolemy/actor/lib/test/DB.tcl
7 ms. Memory: 129024K Free: 52659K (41%)
2 ms. Memory: 129024K Free: 52164K (40%)
1 ms. Memory: 129024K Free: 51650K (40%)
/home/travis/build/icyphy/ptII/ptolemy/actor/lib/test/DiscreteRandomSource.tcl
preinitializing
resolving types
initializing
executing number 1
wrapping up
idle
4 ms. Memory: 129024K Free: 50116K (39%)
Completed execution with 4 iterations
preinitializing
resolving types
initializing
executing number 1
wrapping up
idle
3 ms. Memory: 129024K Free: 49602K (38%)
Completed execution with 4 iterations
preinitializing
resolving types
initializing
executing number 1
wrapping up
idle
3 ms. Memory: 129024K Free: 49092K (38%)
Completed execution with 4 iterations
preinitializing
resolving types
initializing
executing number 1
wrapping up
idle
3 ms. Memory: 129024K Free: 48547K (38%)
Completed execution with 4 iterations
preinitializing
resolving types
initializing
executing number 1
wrapping up
idle
4 ms. Memory: 129024K Free: 48068K (37%)
Completed execution with 4 iterations
/home/travis/build/icyphy/ptII/ptolemy/actor/lib/test/Distributor.tcl
6 ms. Memory: 129024K Free: 113345K (88%)
7 ms. Memory: 129024K Free: 112814K (87%)
StreamChangeRequest.changeExecuted(): <deleteEntity name="rec2"/> succeeded
StreamChangeRequest.changeExecuted(): <deleteRelation name="r2"/> succeeded
StreamChangeRequest.changeExecuted(): Record firings per iteration succeeded
12 ms. Memory: 129024K Free: 110295K (85%)
/home/travis/build/icyphy/ptII/ptolemy/actor/lib/test/Exit.tcl
Exit.tcl: this will print a message about Manager.exitAfterWrapup, which can be ignored.
7 ms. Memory: 129024K Free: 107342K (83%)
/home/travis/build/icyphy/ptII/ptolemy/actor/lib/test/Expression.tcl
30 ms. Memory: 129024K Free: 104151K (81%)
8 ms. Memory: 129024K Free: 103127K (80%)
2 ms. Memory: 129024K Free: 102611K (80%)
preinitializing
resolving types
initializing
executing number 1
wrapping up
idle
14 ms. Memory: 129024K Free: 100796K (78%)
Completed execution with 6 iterations
3 ms. Memory: 129024K Free: 100055K (78%)
2 ms. Memory: 129024K Free: 99009K (77%)
4 ms. Memory: 129024K Free: 97977K (76%)
5 ms. Memory: 129024K Free: 96469K (75%)
6 ms. Memory: 129024K Free: 95459K (74%)
/home/travis/build/icyphy/ptII/ptolemy/actor/lib/test/Gaussian.tcl
6 ms. Memory: 129024K Free: 93873K (73%)
sleeping 1 seconds: .............................................................................................................................................................................................................................................................................................................................................................................................................................................................................................................................................................................................................................................................................................................................................................................................................................................................................................................................................................................................................................................................................................................................................................................................................................................................................................................................................................................................................................................................................................................................................................................................................................................................................................................................................................................................................................................................................................................................................................................................................................................................................................................................................................................................................................................................................................................................................................................................................................................................................................................................................................................................................................................................................................................................................................................................................................................................................................................................................................................................................................................................................................................................................................................................................................................................................................................................................................................................................................................................................................................................................................................................................................................................................................................................................................................................................................................................................................................................................................................................................................................................................................................................................................................................................................................................................................................................................................................................................................................................................................................................................................................................................................................................................................................................................................................................................................................................................................................................................................................................................................................................................................................................................................................................................................................................................................................................................................................................................................................................................................................................................................................................................................................................................................................................................................................................................................................................................................................................................................................................................................................................................................................................................................................................................................................................................................................................................................................................................................................................................................................................................................................................................................................................................................................................................................................................................................................................................................................................................................................................................................................................................................................................................................................................................................................................................................................................................................................................................................................................................................................................................................................................................................................................................................................................................................................................................................................................................................................................................................................................................................................................................................................................................................................................................................................................................................................................................................................................................................................................................................................................................................................................................................................................................................................................................................................................................................................................................................................................................................................................................................................................................................................................................................................................................................................................................................................................................................................................................................................................................................................................................................................................................................................................................................................................................................................................................................................................................................................................................................................................................................................................................................................................................................................................................................................................................................................................................................................................................................................................................................................................................................................................................................................................................................................................................................................................................................................................................................................................................................................................................................................................................................................................................................................................................................................................................................................................................................................................................................................................................................................................................................................................................................................................................................................................................................................................................................................................................................................................................................................................................................................................................................................................................................................................................2 ms. Memory: 129024K Free: 110404K (86%)
1 ms. Memory: 129024K Free: 109908K (85%)
2 ms. Memory: 129024K Free: 109356K (85%)
2 ms. Memory: 129024K Free: 108356K (84%)
2 ms. Memory: 129024K Free: 107860K (84%)
/home/travis/build/icyphy/ptII/ptolemy/actor/lib/test/IIR.tcl
/home/travis/build/icyphy/ptII/ptolemy/actor/lib/test/Interpolator.tcl
3 ms. Memory: 129024K Free: 104260K (81%)
2 ms. Memory: 129024K Free: 103764K (80%)
1 ms. Memory: 129024K Free: 102740K (80%)
1 ms. Memory: 129024K Free: 102220K (79%)
2 ms. Memory: 129024K Free: 101716K (79%)
2 ms. Memory: 129024K Free: 100692K (78%)
2 ms. Memory: 129024K Free: 99668K (77%)
1 ms. Memory: 129024K Free: 98644K (76%)
1 ms. Memory: 129024K Free: 98124K (76%)
2 ms. Memory: 129024K Free: 97106K (75%)
/home/travis/build/icyphy/ptII/ptolemy/actor/lib/test/MathFunction.tcl
4 ms. Memory: 129024K Free: 95044K (74%)
8 ms. Memory: 129024K Free: 93878K (73%)
3 ms. Memory: 129024K Free: 92996K (72%)
4 ms. Memory: 129024K Free: 91956K (71%)
6 ms. Memory: 129024K Free: 90452K (70%)
7 ms. Memory: 129024K Free: 88884K (69%)
/home/travis/build/icyphy/ptII/ptolemy/actor/lib/test/Maximum.tcl
5 ms. Memory: 129024K Free: 86852K (67%)
3 ms. Memory: 129024K Free: 86356K (67%)
5 ms. Memory: 129024K Free: 85332K (66%)
4 ms. Memory: 129024K Free: 84804K (66%)
/home/travis/build/icyphy/ptII/ptolemy/actor/lib/test/Minimum.tcl
4 ms. Memory: 129024K Free: 83284K (65%)
2 ms. Memory: 129024K Free: 82260K (64%)
2 ms. Memory: 129024K Free: 81732K (63%)
4 ms. Memory: 129024K Free: 81236K (63%)
/home/travis/build/icyphy/ptII/ptolemy/actor/lib/test/MultiplyDivide.tcl
7 ms. Memory: 129024K Free: 79188K (61%)
2 ms. Memory: 129024K Free: 78660K (61%)
2 ms. Memory: 129024K Free: 77644K (60%)
3 ms. Memory: 129024K Free: 77140K (60%)
2 ms. Memory: 129024K Free: 76612K (59%)
/home/travis/build/icyphy/ptII/ptolemy/actor/lib/test/OrderedMerge.tcl
Connections changed on port: inputA
Connections changed on port: inputB
Connections changed on port: output
Connections changed on port: output
Connections changed on port: output
Connections changed on port: input
.top. Preinitializing ...
Invoking preinitialize():  .top.OrderedMerge
Called preinitialize()
Invoking preinitialize():  .top.Ramp
Called preinitialize()
Invoking preinitialize():  .top.Ramp2
Called preinitialize()
Invoking preinitialize():  .top.Test
Called preinitialize()
Connections changed on port: inputA
Connections changed on port: output
Connections changed on port: output
Connections changed on port: input
Connections changed on port: inputB
Connections changed on port: output
.top. Finished preinitialize().
Called initialize().
Invoking initialize():  .top.OrderedMerge
Initializing actor: .top.OrderedMerge
Adding a thread: .top.OrderedMerge
Invoking initialize():  .top.Ramp
Initializing actor: .top.Ramp
Adding a thread: .top.Ramp
Invoking initialize():  .top.Ramp2
Initializing actor: .top.Ramp2
Adding a thread: .top.Ramp2
Invoking initialize():  .top.Test
Initializing actor: .top.Test
Adding a thread: .top.Test
Called fire().
Checking for deadlock:
-- Starting thread.
Called initialize()
Called prefire()
Called fire()
-- Starting thread.
Called initialize()
-- Starting thread.
Called prefire()
Called initialize()
-- Starting thread.
Called initialize()
Called prefire()
Called fire()
Called fire()
There are 0 Blocked actors, 0 Stopped actors, and 4 active threads.
Waiting for actors to stop.
Called prefire()
Called fire()
Called postfire()
Called prefire()
Called fire()
Called postfire()
Called prefire()
Called fire()
Checking for deadlock:
There are 3 Blocked actors, 0 Stopped actors, and 4 active threads.
Waiting for actors to stop.
Read input token from inputA with value 0.0
Next port to read input from is inputB
Called postfire()
Called prefire()
Called fire()
Read input token from inputB with value 0.0
Sent output token with value 0.0
Next port to read input from is inputA
Called postfire()
Called prefire()
Called fire()
Checking for deadlock:
There are 1 Blocked actors, 0 Stopped actors, and 4 active threads.
Waiting for actors to stop.
Called postfire()
Called prefire()
Called fire()
Called postfire()
Called prefire()
Called fire()
-- Read input: 0.0, which is expected to match: 0.0
Called prefire()
Called fire()
Checking for deadlock:
There are 3 Blocked actors, 0 Stopped actors, and 4 active threads.
Waiting for actors to stop.
Read input token from inputA with value 1.0
Sent output token with value 0.0
Next port to read input from is inputB
Called postfire()
Called prefire()
Called fire()
Read input token from inputB with value 1.5
Called postfire()
Called prefire()
Called fire()
Checking for deadlock:
There are 2 Blocked actors, 0 Stopped actors, and 4 active threads.
Waiting for actors to stop.
Called postfire()
Called prefire()
Called fire()
-- Read input: 0.0, which is expected to match: 0.0
Called prefire()
Called fire()
Checking for deadlock:
There are 3 Blocked actors, 0 Stopped actors, and 4 active threads.
Waiting for actors to stop.
Sent output token with value 1.0
Next port to read input from is inputA
Called postfire()
Called prefire()
Called fire()
Read input token from inputA with value 2.0
Called postfire()
Called prefire()
Called fire()
Checking for deadlock:
There are 3 Blocked actors, 0 Stopped actors, and 4 active threads.
Waiting for actors to stop.
-- Read input: 1.0, which is expected to match: 1.0
Called prefire()
Called fire()
Sent output token with value 1.5
Next port to read input from is inputB
Called postfire()
Called prefire()
Called fire()
Read input token from inputB with value 3.0
Checking for deadlock:
There are 2 Blocked actors, 0 Stopped actors, and 4 active threads.
Waiting for actors to stop.
Called postfire()
Called prefire()
Called fire()
Checking for deadlock:
There are 3 Blocked actors, 0 Stopped actors, and 4 active threads.
Waiting for actors to stop.
-- Read input: 1.5, which is expected to match: 1.5
Called prefire()
Called fire()
Sent output token with value 2.0
Next port to read input from is inputA
Called postfire()
Called prefire()
Called fire()
Read input token from inputA with value 3.0
Checking for deadlock:
There are 2 Blocked actors, 0 Stopped actors, and 4 active threads.
Waiting for actors to stop.
Called postfire()
Called prefire()
Called fire()
-- Read input: 2.0, which is expected to match: 2.0
Called prefire()
Called fire()
Checking for deadlock:
There are 3 Blocked actors, 0 Stopped actors, and 4 active threads.
Waiting for actors to stop.
Sent output token with value 3.0
Next port to read input from is inputB
Called postfire()
Called prefire()
Called fire()
Read input token from inputB with value 4.5
Called postfire()
Called prefire()
Called fire()
Checking for deadlock:
There are 3 Blocked actors, 0 Stopped actors, and 4 active threads.
Waiting for actors to stop.
-- Read input: 3.0, which is expected to match: 3.0
Called prefire()
Called fire()
Checking for deadlock:
There are 3 Blocked actors, 0 Stopped actors, and 4 active threads.
Waiting for actors to stop.
Sent output token with value 3.0
Next port to read input from is inputA
Called postfire()
Called prefire()
Called fire()
Read input token from inputA with value 4.0
Called postfire()
Called prefire()
Called fire()
Checking for deadlock:
There are 3 Blocked actors, 0 Stopped actors, and 4 active threads.
Waiting for actors to stop.
-- Read input: 3.0, which is expected to match: 3.0
Called prefire()
Called fire()
Sent output token with value 4.0
Next port to read input from is inputA
Called postfire()
Called prefire()
Called fire()
Read input token from inputA with value 5.0
Checking for deadlock:
There are 2 Blocked actors, 0 Stopped actors, and 4 active threads.
Waiting for actors to stop.
Called postfire()
Called prefire()
Called fire()
-- Read input: 4.0, which is expected to match: 4.0
Called prefire()
Called fire()
Past the end of training data. Read and discard all inputs.
Checking for deadlock:
There are 3 Blocked actors, 0 Stopped actors, and 4 active threads.
Waiting for actors to stop.
Sent output token with value 4.5
Next port to read input from is inputB
Called postfire()
Called prefire()
Called fire()
Read input token from inputB with value 6.0
Called postfire()
Called prefire()
Called fire()
Checking for deadlock:
There are 3 Blocked actors, 0 Stopped actors, and 4 active threads.
Waiting for actors to stop.
Called prefire()
Called fire()
Past the end of training data. Read and discard all inputs.
Sent output token with value 5.0
Next port to read input from is inputA
Called postfire()
Called prefire()
Called fire()
Read input token from inputA with value 6.0
Checking for deadlock:
There are 2 Blocked actors, 0 Stopped actors, and 4 active threads.
Waiting for actors to stop.
Called postfire()
Called prefire()
Called fire()
Called prefire()
Called fire()
Past the end of training data. Read and discard all inputs.
Checking for deadlock:
There are 3 Blocked actors, 0 Stopped actors, and 4 active threads.
Waiting for actors to stop.
Sent output token with value 6.0
Next port to read input from is inputB
Called postfire()
Called prefire()
Called fire()
Read input token from inputB with value 7.5
Checking for deadlock:
There are 2 Blocked actors, 0 Stopped actors, and 4 active threads.
Waiting for actors to stop.
Called postfire()
Called prefire()
Called fire()
Called prefire()
Called fire()
Past the end of training data. Read and discard all inputs.
Checking for deadlock:
There are 3 Blocked actors, 0 Stopped actors, and 4 active threads.
Waiting for actors to stop.
Called prefire()
Called fire()
Past the end of training data. Read and discard all inputs.
Sent output token with value 6.0
Next port to read input from is inputA
Called postfire()
Called prefire()
Called fire()
Read input token from inputA with value 7.0
Sent output token with value 7.0
Next port to read input from is inputA
Called postfire()
Called prefire()
Called fire()
Checking for deadlock:
There are 2 Blocked actors, 0 Stopped actors, and 4 active threads.
Waiting for actors to stop.
Called postfire()
Called prefire()
Called fire()
Called prefire()
Called fire()
Past the end of training data. Read and discard all inputs.
Checking for deadlock:
There are 3 Blocked actors, 0 Stopped actors, and 4 active threads.
Waiting for actors to stop.
-- Thread wrapup() called.
Called wrapup()
Read input token from inputA with value 8.0
Thread .top.Ramp is exiting.
-- Thread stopped.
Checking for deadlock:
There are 2 Blocked actors, 0 Stopped actors, and 3 active threads.
Waiting for actors to stop.
Sent output token with value 7.5
Next port to read input from is inputB
Called postfire()
Called prefire()
Called fire()
Read input token from inputB with value 9.0
Checking for deadlock:
There are 1 Blocked actors, 0 Stopped actors, and 3 active threads.
Waiting for actors to stop.
Called prefire()
Called fire()
Past the end of training data. Read and discard all inputs.
Called postfire()
Called prefire()
Called fire()
Checking for deadlock:
There are 2 Blocked actors, 0 Stopped actors, and 3 active threads.
Waiting for actors to stop.
Called prefire()
Called fire()
Past the end of training data. Read and discard all inputs.
Sent output token with value 8.0
Next port to read input from is inputA
Called postfire()
Called prefire()
Called fire()
Read input token from inputA with value 9.0
Sent output token with value 9.0
Next port to read input from is inputB
Called postfire()
Called prefire()
Called fire()
Read input token from inputB with value 10.5
Checking for deadlock:
There are 1 Blocked actors, 0 Stopped actors, and 3 active threads.
Waiting for actors to stop.
Called prefire()
Called fire()
Past the end of training data. Read and discard all inputs.
Called postfire()
Called prefire()
Called fire()
Checking for deadlock:
There are 2 Blocked actors, 0 Stopped actors, and 3 active threads.
Waiting for actors to stop.
Called prefire()
Called fire()
Past the end of training data. Read and discard all inputs.
Sent output token with value 9.0
Next port to read input from is inputA
Called postfire()
Called prefire()
Called fire()
Checking for deadlock:
There are 3 Blocked actors, 0 Stopped actors, and 3 active threads.
Actors have stopped.
Checking for deadlock:
There are 3 Blocked actors, 0 Stopped actors, and 3 active threads.
Deadlock detected.
Resolving Deadlock
Checking for deadlock:
There are 3 Blocked actors, 0 Stopped actors, and 3 active threads.
Artificial Deadlock - increasing queue capacity.
increasing the capacity of receiver ptolemy.actor.TypedIOPort {.top.OrderedMerge.inputB} to 2
-- Thread wrapup() called.
Called wrapup()
Thread .top.Ramp2 is exiting.
-- Thread stopped.
Director: Called postfire().
Called postfire().
_stopRequested = false
_stopFireRequested = false
Returning from postfire(): true
Called fire().
Checking for deadlock:
There are 2 Blocked actors, 0 Stopped actors, and 2 active threads.
Actors have stopped.
Checking for deadlock:
There are 2 Blocked actors, 0 Stopped actors, and 2 active threads.
Deadlock detected.
Resolving Deadlock
Checking for deadlock:
There are 2 Blocked actors, 0 Stopped actors, and 2 active threads.
Deadlock detected: no processes blocked on write, but some are blocked on read.
Called postfire().
_stopRequested = false
_stopFireRequested = false
Returning from postfire(): false
Finished deactivating branches.
Called wrapup().
-- Thread wrapup() called.
Called wrapup()
Thread .top.OrderedMerge is exiting.
-- Thread stopped.
-- Blocked Receiver call threw TerminateProcessException.
-- Thread wrapup() called.
Called wrapup()
Thread .top.Test is exiting.
-- Thread stopped.
-- Blocked Receiver call threw TerminateProcessException.
51 ms. Memory: 129024K Free: 72160K (56%)
.top. Preinitializing ...
Invoking preinitialize():  .top.OrderedMerge
Called preinitialize()
Invoking preinitialize():  .top.Ramp
Called preinitialize()
Invoking preinitialize():  .top.Ramp2
Called preinitialize()
Invoking preinitialize():  .top.Test
Called preinitialize()
.top. Finished preinitialize().
Called initialize().
Invoking initialize():  .top.OrderedMerge
Initializing actor: .top.OrderedMerge
Adding a thread: .top.OrderedMerge
Invoking initialize():  .top.Ramp
Initializing actor: .top.Ramp
Adding a thread: .top.Ramp
Invoking initialize():  .top.Ramp2
Initializing actor: .top.Ramp2
Adding a thread: .top.Ramp2
Invoking initialize():  .top.Test
Initializing actor: .top.Test
Adding a thread: .top.Test
-- Starting thread.
Called initialize()
Called prefire()
Called fire()
-- Starting thread.
Called initialize()
Called prefire()
Called fire()
Called postfire()
Called prefire()
Called fire()
-- Starting thread.
Called initialize()
Called prefire()
Called fire()
Called postfire()
Called prefire()
Called fire()
Called fire().
Checking for deadlock:
There are 3 Blocked actors, 0 Stopped actors, and 4 active threads.
Waiting for actors to stop.
-- Starting thread.
Called initialize()
Called prefire()
Called fire()
Called postfire()
Called prefire()
Called fire()
Checking for deadlock:
There are 3 Blocked actors, 0 Stopped actors, and 4 active threads.
Waiting for actors to stop.
Read input token from inputA with value 0.0
Next port to read input from is inputB
Called postfire()
Called prefire()
Called fire()
Called postfire()
Called prefire()
Called fire()
Checking for deadlock:
There are 3 Blocked actors, 0 Stopped actors, and 4 active threads.
Waiting for actors to stop.
Read input token from inputB with value 0.0
Checking for deadlock:
There are 2 Blocked actors, 0 Stopped actors, and 4 active threads.
Waiting for actors to stop.
-- Read input: 0.0, which is expected to match: 0.0
Called prefire()
Called fire()
Checking for deadlock:
There are 3 Blocked actors, 0 Stopped actors, and 4 active threads.
Waiting for actors to stop.
Sent output token with value 0.0
Next port to read input from is inputA
Called postfire()
Called prefire()
Called fire()
Called postfire()
Called prefire()
Called fire()
Checking for deadlock:
There are 3 Blocked actors, 0 Stopped actors, and 4 active threads.
Waiting for actors to stop.
Read input token from inputA with value 1.0
-- Read input: 0.0, which is expected to match: 0.0
Called prefire()
Called fire()
Checking for deadlock:
There are 3 Blocked actors, 0 Stopped actors, and 4 active threads.
Waiting for actors to stop.
Sent output token with value 0.0
Next port to read input from is inputB
Called postfire()
Called prefire()
Called fire()
Checking for deadlock:
There are 2 Blocked actors, 0 Stopped actors, and 4 active threads.
Waiting for actors to stop.
Called postfire()
Called prefire()
Called fire()
Checking for deadlock:
There are 3 Blocked actors, 0 Stopped actors, and 4 active threads.
Waiting for actors to stop.
Read input token from inputB with value 1.5
Checking for deadlock:
There are 2 Blocked actors, 0 Stopped actors, and 4 active threads.
Waiting for actors to stop.
-- Read input: 1.0, which is expected to match: 1.0
Called prefire()
Called fire()
Checking for deadlock:
There are 3 Blocked actors, 0 Stopped actors, and 4 active threads.
Waiting for actors to stop.
Sent output token with value 1.0
Next port to read input from is inputA
Called postfire()
Called prefire()
Called fire()
Called postfire()
Called prefire()
Called fire()
Checking for deadlock:
There are 3 Blocked actors, 0 Stopped actors, and 4 active threads.
Waiting for actors to stop.
Read input token from inputA with value 2.0
-- Read input: 1.5, which is expected to match: 1.5
Called prefire()
Called fire()
Checking for deadlock:
There are 3 Blocked actors, 0 Stopped actors, and 4 active threads.
Waiting for actors to stop.
Sent output token with value 1.5
Next port to read input from is inputB
Called postfire()
Called prefire()
Called fire()
Checking for deadlock:
There are 2 Blocked actors, 0 Stopped actors, and 4 active threads.
Waiting for actors to stop.
Called postfire()
Called prefire()
Called fire()
Checking for deadlock:
There are 3 Blocked actors, 0 Stopped actors, and 4 active threads.
Waiting for actors to stop.
Read input token from inputB with value 3.0
Checking for deadlock:
There are 2 Blocked actors, 0 Stopped actors, and 4 active threads.
Waiting for actors to stop.
-- Read input: 2.0, which is expected to match: 2.0
Called prefire()
Called fire()
Checking for deadlock:
There are 3 Blocked actors, 0 Stopped actors, and 4 active threads.
Waiting for actors to stop.
Sent output token with value 2.0
Next port to read input from is inputA
Called postfire()
Called prefire()
Called fire()
Called postfire()
Called prefire()
Called fire()
Checking for deadlock:
There are 3 Blocked actors, 0 Stopped actors, and 4 active threads.
Waiting for actors to stop.
Read input token from inputA with value 3.0
-- Read input: 3.0, which is expected to match: 3.0
Called prefire()
Called fire()
Checking for deadlock:
There are 3 Blocked actors, 0 Stopped actors, and 4 active threads.
Waiting for actors to stop.
Sent output token with value 3.0
Next port to read input from is inputB
Called postfire()
Called prefire()
Called fire()
Checking for deadlock:
There are 2 Blocked actors, 0 Stopped actors, and 4 active threads.
Waiting for actors to stop.
Called postfire()
Called prefire()
Called fire()
Checking for deadlock:
There are 3 Blocked actors, 0 Stopped actors, and 4 active threads.
Waiting for actors to stop.
Read input token from inputB with value 4.5
Checking for deadlock:
There are 2 Blocked actors, 0 Stopped actors, and 4 active threads.
Waiting for actors to stop.
-- Read input: 3.0, which is expected to match: 3.0
Called prefire()
Called fire()
Checking for deadlock:
There are 3 Blocked actors, 0 Stopped actors, and 4 active threads.
Waiting for actors to stop.
Sent output token with value 3.0
Next port to read input from is inputA
Called postfire()
Called prefire()
Called fire()
Called postfire()
Called prefire()
Called fire()
Checking for deadlock:
There are 3 Blocked actors, 0 Stopped actors, and 4 active threads.
Waiting for actors to stop.
Read input token from inputA with value 4.0
-- Read input: 4.0, which is expected to match: 4.0
Called prefire()
Called fire()
Past the end of training data. Read and discard all inputs.
Checking for deadlock:
There are 3 Blocked actors, 0 Stopped actors, and 4 active threads.
Waiting for actors to stop.
Sent output token with value 4.0
Next port to read input from is inputA
Called postfire()
Called prefire()
Called fire()
Called postfire()
Called prefire()
Called fire()
Checking for deadlock:
There are 3 Blocked actors, 0 Stopped actors, and 4 active threads.
Waiting for actors to stop.
Read input token from inputA with value 5.0
Called prefire()
Called fire()
Past the end of training data. Read and discard all inputs.
Checking for deadlock:
There are 3 Blocked actors, 0 Stopped actors, and 4 active threads.
Waiting for actors to stop.
Sent output token with value 4.5
Next port to read input from is inputB
Called postfire()
Called prefire()
Called fire()
Checking for deadlock:
There are 2 Blocked actors, 0 Stopped actors, and 4 active threads.
Waiting for actors to stop.
Called postfire()
Called prefire()
Called fire()
Checking for deadlock:
There are 3 Blocked actors, 0 Stopped actors, and 4 active threads.
Waiting for actors to stop.
Read input token from inputB with value 6.0
Checking for deadlock:
There are 2 Blocked actors, 0 Stopped actors, and 4 active threads.
Waiting for actors to stop.
Called prefire()
Called fire()
Past the end of training data. Read and discard all inputs.
Checking for deadlock:
There are 3 Blocked actors, 0 Stopped actors, and 4 active threads.
Waiting for actors to stop.
Sent output token with value 5.0
Next port to read input from is inputA
Called postfire()
Called prefire()
Called fire()
Called postfire()
Called prefire()
Called fire()
Checking for deadlock:
There are 3 Blocked actors, 0 Stopped actors, and 4 active threads.
Waiting for actors to stop.
Read input token from inputA with value 6.0
Called prefire()
Called fire()
Past the end of training data. Read and discard all inputs.
Checking for deadlock:
There are 3 Blocked actors, 0 Stopped actors, and 4 active threads.
Waiting for actors to stop.
Sent output token with value 6.0
Next port to read input from is inputB
Called postfire()
Called prefire()
Called fire()
Checking for deadlock:
There are 2 Blocked actors, 0 Stopped actors, and 4 active threads.
Waiting for actors to stop.
Called postfire()
Called prefire()
Called fire()
Checking for deadlock:
There are 3 Blocked actors, 0 Stopped actors, and 4 active threads.
Waiting for actors to stop.
Read input token from inputB with value 7.5
Checking for deadlock:
There are 2 Blocked actors, 0 Stopped actors, and 4 active threads.
Waiting for actors to stop.
Called prefire()
Called fire()
Past the end of training data. Read and discard all inputs.
Checking for deadlock:
There are 3 Blocked actors, 0 Stopped actors, and 4 active threads.
Waiting for actors to stop.
Sent output token with value 6.0
Next port to read input from is inputA
Called postfire()
Called prefire()
Called fire()
Called postfire()
Called prefire()
Called fire()
Checking for deadlock:
There are 3 Blocked actors, 0 Stopped actors, and 4 active threads.
Waiting for actors to stop.
Read input token from inputA with value 7.0
Called prefire()
Called fire()
Past the end of training data. Read and discard all inputs.
Checking for deadlock:
There are 3 Blocked actors, 0 Stopped actors, and 4 active threads.
Waiting for actors to stop.
Sent output token with value 7.0
Next port to read input from is inputA
Called postfire()
Called prefire()
Called fire()
-- Thread wrapup() called.
Called wrapup()
Thread .top.Ramp is exiting.
-- Thread stopped.
Checking for deadlock:
There are 2 Blocked actors, 0 Stopped actors, and 3 active threads.
Waiting for actors to stop.
Read input token from inputA with value 8.0
Checking for deadlock:
There are 1 Blocked actors, 0 Stopped actors, and 3 active threads.
Waiting for actors to stop.
Called prefire()
Called fire()
Past the end of training data. Read and discard all inputs.
Checking for deadlock:
There are 2 Blocked actors, 0 Stopped actors, and 3 active threads.
Waiting for actors to stop.
Sent output token with value 7.5
Next port to read input from is inputB
Called postfire()
Called prefire()
Called fire()
Checking for deadlock:
There are 1 Blocked actors, 0 Stopped actors, and 3 active threads.
Waiting for actors to stop.
Called postfire()
Called prefire()
Called fire()
Checking for deadlock:
There are 2 Blocked actors, 0 Stopped actors, and 3 active threads.
Waiting for actors to stop.
Read input token from inputB with value 9.0
Checking for deadlock:
There are 1 Blocked actors, 0 Stopped actors, and 3 active threads.
Waiting for actors to stop.
Called prefire()
Called fire()
Past the end of training data. Read and discard all inputs.
Checking for deadlock:
There are 2 Blocked actors, 0 Stopped actors, and 3 active threads.
Waiting for actors to stop.
Sent output token with value 8.0
Next port to read input from is inputA
Called postfire()
Called prefire()
Called fire()
Read input token from inputA with value 9.0
Called prefire()
Called fire()
Past the end of training data. Read and discard all inputs.
Checking for deadlock:
There are 2 Blocked actors, 0 Stopped actors, and 3 active threads.
Waiting for actors to stop.
Sent output token with value 9.0
Next port to read input from is inputB
Called postfire()
Called prefire()
Called fire()
Called postfire()
Called prefire()
Called fire()
Checking for deadlock:
There are 2 Blocked actors, 0 Stopped actors, and 3 active threads.
Waiting for actors to stop.
Read input token from inputB with value 10.5
Called prefire()
Called fire()
Past the end of training data. Read and discard all inputs.
Checking for deadlock:
There are 2 Blocked actors, 0 Stopped actors, and 3 active threads.
Waiting for actors to stop.
Sent output token with value 9.0
Next port to read input from is inputA
Called postfire()
Called prefire()
Called fire()
Checking for deadlock:
There are 3 Blocked actors, 0 Stopped actors, and 3 active threads.
Actors have stopped.
Checking for deadlock:
There are 3 Blocked actors, 0 Stopped actors, and 3 active threads.
Deadlock detected.
Resolving Deadlock
Checking for deadlock:
There are 3 Blocked actors, 0 Stopped actors, and 3 active threads.
Artificial Deadlock - increasing queue capacity.
increasing the capacity of receiver ptolemy.actor.TypedIOPort {.top.OrderedMerge.inputB} to 2
Director: Called postfire().
Called postfire().
_stopRequested = false
_stopFireRequested = false
Returning from postfire(): true
Called fire().
Checking for deadlock:
There are 2 Blocked actors, 0 Stopped actors, and 3 active threads.
Waiting for actors to stop.
-- Thread wrapup() called.
Called wrapup()
Thread .top.Ramp2 is exiting.
-- Thread stopped.
Checking for deadlock:
There are 2 Blocked actors, 0 Stopped actors, and 2 active threads.
Actors have stopped.
Checking for deadlock:
There are 2 Blocked actors, 0 Stopped actors, and 2 active threads.
Deadlock detected.
Resolving Deadlock
Checking for deadlock:
There are 2 Blocked actors, 0 Stopped actors, and 2 active threads.
Deadlock detected: no processes blocked on write, but some are blocked on read.
Called postfire().
_stopRequested = false
_stopFireRequested = false
Returning from postfire(): false
Finished deactivating branches.
Called wrapup().
-- Thread wrapup() called.
Called wrapup()
-- Thread wrapup() called.
Called wrapup()
Thread .top.Test is exiting.
-- Thread stopped.
-- Blocked Receiver call threw TerminateProcessException.
Thread .top.OrderedMerge is exiting.
19 ms. Memory: 129024K Free: 70482K (55%)
/home/travis/build/icyphy/ptII/ptolemy/actor/lib/test/Publisher.tcl
-- Thread stopped.
-- Blocked Receiver call threw TerminateProcessException.
9 ms. Memory: 129024K Free: 64332K (50%)
17 ms. Memory: 129024K Free: 112311K (87%)
3 ms. Memory: 129024K Free: 108743K (84%)
8 ms. Memory: 129024K Free: 107719K (83%)
10 ms. Memory: 129024K Free: 106695K (83%)
13 ms. Memory: 129024K Free: 106167K (82%)
2 ms. Memory: 129024K Free: 105143K (81%)
3 ms. Memory: 129024K Free: 104119K (81%)
16 ms. Memory: 129024K Free: 102521K (79%)
4 ms. Memory: 129024K Free: 98921K (77%)
2 ms. Memory: 129024K Free: 98425K (76%)
4 ms. Memory: 129024K Free: 95849K (74%)
5 ms. Memory: 129024K Free: 88185K (68%)
8 ms. Memory: 129024K Free: 78969K (61%)
14 ms. Memory: 129024K Free: 67705K (52%)
/home/travis/build/icyphy/ptII/ptolemy/actor/lib/test/Pulse.tcl
1 ms. Memory: 129024K Free: 83997K (65%)
1 ms. Memory: 129024K Free: 83487K (65%)
1 ms. Memory: 129024K Free: 82967K (64%)
1 ms. Memory: 129024K Free: 82463K (64%)
1 ms. Memory: 129024K Free: 81943K (64%)
5 ms. Memory: 129024K Free: 80925K (63%)
2 ms. Memory: 129024K Free: 79887K (62%)
1 ms. Memory: 129024K Free: 78877K (61%)
1 ms. Memory: 129024K Free: 78367K (61%)
/home/travis/build/icyphy/ptII/ptolemy/actor/lib/test/Ramp.tcl
2 ms. Memory: 129024K Free: 76319K (59%)
2 ms. Memory: 129024K Free: 75791K (59%)
1 ms. Memory: 129024K Free: 74767K (58%)
2 ms. Memory: 129024K Free: 74271K (58%)
3 ms. Memory: 129024K Free: 73247K (57%)
10 ms. Memory: 129024K Free: 72727K (56%)
7 ms. Memory: 129024K Free: 71695K (56%)
5 actors
8000 microseconds per iteration to create
9 ms. Memory: 129024K Free: 69151K (54%)
2 ms. Memory: 129024K Free: 68127K (53%)
4 ms. Memory: 129024K Free: 67613K (52%)
2 ms. Memory: 129024K Free: 67103K (52%)
50 actors
53000 microseconds per iteration to create
56 ms. Memory: 161792K Free: 140631K (87%)
6 ms. Memory: 161792K Free: 139607K (86%)
15 ms. Memory: 161792K Free: 138583K (86%)
6 ms. Memory: 161792K Free: 137045K (85%)
500 actors
1548000 microseconds per iteration to create
255 ms. Memory: 161792K Free: 119235K (74%)
37 ms. Memory: 161792K Free: 114115K (71%)
38 ms. Memory: 161792K Free: 108485K (67%)
36 ms. Memory: 161792K Free: 103365K (64%)
/home/travis/build/icyphy/ptII/ptolemy/actor/lib/test/RampContinuous.tcl
9 ms. Memory: 161792K Free: 101813K (63%)
/home/travis/build/icyphy/ptII/ptolemy/actor/lib/test/RecordAssembler.tcl
4 ms. Memory: 161792K Free: 100293K (62%)
3 ms. Memory: 161792K Free: 99269K (61%)
/home/travis/build/icyphy/ptII/ptolemy/actor/lib/test/RecordDisassembler.tcl
10 ms. Memory: 161792K Free: 97701K (60%)
4 ms. Memory: 161792K Free: 96693K (60%)
3 ms. Memory: 161792K Free: 95669K (59%)
/home/travis/build/icyphy/ptII/ptolemy/actor/lib/test/Scale.tcl
3 ms. Memory: 161792K Free: 94117K (58%)
1 ms. Memory: 161792K Free: 93125K (58%)
1 ms. Memory: 161792K Free: 92101K (57%)
3 ms. Memory: 161792K Free: 91587K (57%)
7 ms. Memory: 161792K Free: 90563K (56%)
/home/travis/build/icyphy/ptII/ptolemy/actor/lib/test/SequentialClock.tcl
preinitializing
resolving types
initializing
executing number 1
wrapping up
idle
3 ms. Memory: 161792K Free: 89539K (55%)
Completed execution with 5 iterations
preinitializing
resolving types
initializing
executing number 1
wrapping up
idle
2 ms. Memory: 161792K Free: 89029K (55%)
Completed execution with 5 iterations
preinitializing
resolving types
initializing
executing number 1
wrapping up
idle
2 ms. Memory: 161792K Free: 88515K (55%)
Completed execution with 5 iterations
/home/travis/build/icyphy/ptII/ptolemy/actor/lib/test/SetVariable.tcl
4 ms. Memory: 161792K Free: 86467K (53%)
/home/travis/build/icyphy/ptII/ptolemy/actor/lib/test/Sinewave.tcl
/home/travis/build/icyphy/ptII/ptolemy/actor/lib/test/SubscriptionAggregator.tcl
5 ms. Memory: 161792K Free: 75189K (46%)
7 ms. Memory: 161792K Free: 74693K (46%)
1 ms. Memory: 161792K Free: 74179K (46%)
1 ms. Memory: 161792K Free: 73669K (46%)
2 ms. Memory: 161792K Free: 70069K (43%)
9 ms. Memory: 161792K Free: 68021K (42%)
...............................................................987 ms. Memory: 289792K Free: 236347K (82%)
/home/travis/build/icyphy/ptII/ptolemy/actor/lib/test/Test.tcl
 The next command will produce a warning about training mode,
   which may be ignored.
4 ms. Memory: 289792K Free: 234794K (81%)
3 ms. Memory: 289792K Free: 233770K (81%)
1 ms. Memory: 289792K Free: 233275K (80%)
1 ms. Memory: 289792K Free: 232746K (80%)
1 ms. Memory: 289792K Free: 231706K (80%)
3 ms. Memory: 289792K Free: 230713K (80%)
3 ms. Memory: 289792K Free: 229179K (79%)
 The next command will produce a warning about training mode,
   which may be ignored.
4 ms. Memory: 289792K Free: 227131K (78%)
 The next command will produce a warning about training mode,
   which may be ignored.
2 ms. Memory: 289792K Free: 226107K (78%)
1 ms. Memory: 289792K Free: 225578K (78%)
2 ms. Memory: 289792K Free: 225083K (78%)
2 ms. Memory: 289792K Free: 224554K (77%)
73 ms. Memory: 289792K Free: 240126K (83%)
4 ms. Memory: 289792K Free: 235999K (81%)
/home/travis/build/icyphy/ptII/ptolemy/actor/lib/test/TestExceptionHandler.tcl
 The next command will produce a warning about training mode,
   which may be ignored.
3 ms. Memory: 289792K Free: 234975K (81%)
1 ms. Memory: 289792K Free: 234496K (81%)
1 ms. Memory: 289792K Free: 233951K (81%)
/home/travis/build/icyphy/ptII/ptolemy/actor/lib/test/UnionDisassembler.tcl
21 ms. Memory: 289792K Free: 226814K (78%)
/home/travis/build/icyphy/ptII/ptolemy/actor/lib/test/VariableClock.tcl
preinitializing
resolving types
initializing
executing number 1
wrapping up
idle
9 ms. Memory: 289792K Free: 224766K (78%)
Completed execution with 11 iterations
preinitializing
resolving types
initializing
executing number 1
wrapping up
idle
5 ms. Memory: 289792K Free: 223232K (77%)
Completed execution with 10 iterations
01/31/20 06:57:19
Failed: 0  Total Tests: 233  ((Passed: 233, Newly Passed: 0)  Known Failed: 0) /home/travis/build/icyphy/ptII/ptolemy/actor/lib/test
----------------- testing (KnownFailure) /home/travis/build/icyphy/ptII/ptolemy/actor/lib/test/auto/knownFailedTests/PublisherPortToplevelSubscriber.xml
1 ms. Memory: 289792K Free: 219646K (76%)
Known Failure: java.lang.reflect.InvocationTargetException
----------------- testing (KnownFailure) /home/travis/build/icyphy/ptII/ptolemy/actor/lib/test/auto/knownFailedTests/PublisherSubscriberPortToplevel.xml
1 ms. Memory: 289792K Free: 215550K (74%)
Known Failure: java.lang.reflect.InvocationTargetException
----------------- testing (KnownFailure) /home/travis/build/icyphy/ptII/ptolemy/actor/lib/test/auto/knownFailedTests/PublisherSubscriptionAggregatorPort.xml
0 ms. Memory: 289792K Free: 210944K (73%)
Known Failure: java.lang.reflect.InvocationTargetException
----------------- testing (KnownFailure) /home/travis/build/icyphy/ptII/ptolemy/actor/lib/test/auto/knownFailedTests/sizedarray3.xml
4 ms. Memory: 289792K Free: 206848K (71%)
Known Failure: java.lang.reflect.InvocationTargetException
No auto/linux-amd64/*.xml tests in /home/travis/build/icyphy/ptII/ptolemy/actor/lib/test
AutoTests.java: About to close Vertx.
AutoTests.java: Vertx closed.

===========================================================================================
----------------- testing Fri Jan 31 06:57:20 UTC 2020 /home/travis/build/icyphy/ptII/ptolemy/actor/lib/test/auto/AbsoluteValue.xml
----------------- Instantiating /home/travis/build/icyphy/ptII/ptolemy/actor/lib/test/auto/AbsoluteValue.xml
11 ms. Memory: 289792K Free: 184320K (64%)
----------------- Invoking toplevel() on ptolemy.moml.MoMLSimpleApplication@35559853
----------------- Done invoking toplevel() on ptolemy.moml.MoMLSimpleApplication@35559853
reloadAllAccessors: .AbsoluteValue

===========================================================================================
----------------- testing Fri Jan 31 06:57:20 UTC 2020 /home/travis/build/icyphy/ptII/ptolemy/actor/lib/test/auto/AbsoluteValue2.xml
----------------- Instantiating /home/travis/build/icyphy/ptII/ptolemy/actor/lib/test/auto/AbsoluteValue2.xml
5 ms. Memory: 289792K Free: 177152K (61%)
----------------- Invoking toplevel() on ptolemy.moml.MoMLSimpleApplication@2c998d25
----------------- Done invoking toplevel() on ptolemy.moml.MoMLSimpleApplication@2c998d25
reloadAllAccessors: .AbsoluteValue2

===========================================================================================
----------------- testing Fri Jan 31 06:57:20 UTC 2020 /home/travis/build/icyphy/ptII/ptolemy/actor/lib/test/auto/Accumulator.xml
----------------- Instantiating /home/travis/build/icyphy/ptII/ptolemy/actor/lib/test/auto/Accumulator.xml
6 ms. Memory: 289792K Free: 171008K (59%)
----------------- Invoking toplevel() on ptolemy.moml.MoMLSimpleApplication@23ca09b0
----------------- Done invoking toplevel() on ptolemy.moml.MoMLSimpleApplication@23ca09b0
reloadAllAccessors: .Accumulator

===========================================================================================
----------------- testing Fri Jan 31 06:57:20 UTC 2020 /home/travis/build/icyphy/ptII/ptolemy/actor/lib/test/auto/Accumulator2.xml
----------------- Instantiating /home/travis/build/icyphy/ptII/ptolemy/actor/lib/test/auto/Accumulator2.xml
11 ms. Memory: 289792K Free: 165374K (57%)
----------------- Invoking toplevel() on ptolemy.moml.MoMLSimpleApplication@2ada1224
----------------- Done invoking toplevel() on ptolemy.moml.MoMLSimpleApplication@2ada1224
reloadAllAccessors: .Accumulator2

===========================================================================================
----------------- testing Fri Jan 31 06:57:20 UTC 2020 /home/travis/build/icyphy/ptII/ptolemy/actor/lib/test/auto/Accumulator3.xml
----------------- Instantiating /home/travis/build/icyphy/ptII/ptolemy/actor/lib/test/auto/Accumulator3.xml
2 ms. Memory: 289792K Free: 161278K (56%)
----------------- Invoking toplevel() on ptolemy.moml.MoMLSimpleApplication@6770d3c4
----------------- Done invoking toplevel() on ptolemy.moml.MoMLSimpleApplication@6770d3c4
reloadAllAccessors: .Accumulator3

===========================================================================================
----------------- testing Fri Jan 31 06:57:20 UTC 2020 /home/travis/build/icyphy/ptII/ptolemy/actor/lib/test/auto/ArrayAppend.xml
----------------- Instantiating /home/travis/build/icyphy/ptII/ptolemy/actor/lib/test/auto/ArrayAppend.xml
4 ms. Memory: 289792K Free: 155134K (54%)
----------------- Invoking toplevel() on ptolemy.moml.MoMLSimpleApplication@2c526a76
----------------- Done invoking toplevel() on ptolemy.moml.MoMLSimpleApplication@2c526a76
reloadAllAccessors: .ArrayAppend

===========================================================================================
----------------- testing Fri Jan 31 06:57:20 UTC 2020 /home/travis/build/icyphy/ptII/ptolemy/actor/lib/test/auto/ArrayAppend2.xml
----------------- Instantiating /home/travis/build/icyphy/ptII/ptolemy/actor/lib/test/auto/ArrayAppend2.xml
316 ms. Memory: 289792K Free: 207057K (71%)
----------------- Invoking toplevel() on ptolemy.moml.MoMLSimpleApplication@15f4fe3d
----------------- Done invoking toplevel() on ptolemy.moml.MoMLSimpleApplication@15f4fe3d
reloadAllAccessors: .ArrayAppend2

===========================================================================================
----------------- testing Fri Jan 31 06:57:20 UTC 2020 /home/travis/build/icyphy/ptII/ptolemy/actor/lib/test/auto/ArrayAppend3.xml
----------------- Instantiating /home/travis/build/icyphy/ptII/ptolemy/actor/lib/test/auto/ArrayAppend3.xml
11 ms. Memory: 289792K Free: 200913K (69%)
----------------- Invoking toplevel() on ptolemy.moml.MoMLSimpleApplication@bbc0715
----------------- Done invoking toplevel() on ptolemy.moml.MoMLSimpleApplication@bbc0715
reloadAllAccessors: .ArrayAppend3

===========================================================================================
----------------- testing Fri Jan 31 06:57:21 UTC 2020 /home/travis/build/icyphy/ptII/ptolemy/actor/lib/test/auto/ArrayAppend4.xml
----------------- Instantiating /home/travis/build/icyphy/ptII/ptolemy/actor/lib/test/auto/ArrayAppend4.xml
2 ms. Memory: 289792K Free: 195793K (68%)
----------------- Invoking toplevel() on ptolemy.moml.MoMLSimpleApplication@13afbc28
----------------- Done invoking toplevel() on ptolemy.moml.MoMLSimpleApplication@13afbc28
reloadAllAccessors: .ArrayAppend4

===========================================================================================
----------------- testing Fri Jan 31 06:57:21 UTC 2020 /home/travis/build/icyphy/ptII/ptolemy/actor/lib/test/auto/ArrayAppend5.xml
----------------- Instantiating /home/travis/build/icyphy/ptII/ptolemy/actor/lib/test/auto/ArrayAppend5.xml
2 ms. Memory: 289792K Free: 190673K (66%)
----------------- Invoking toplevel() on ptolemy.moml.MoMLSimpleApplication@266a0830
----------------- Done invoking toplevel() on ptolemy.moml.MoMLSimpleApplication@266a0830
reloadAllAccessors: .ArrayAppend5

===========================================================================================
----------------- testing Fri Jan 31 06:57:21 UTC 2020 /home/travis/build/icyphy/ptII/ptolemy/actor/lib/test/auto/ArrayAppend6.xml
----------------- Instantiating /home/travis/build/icyphy/ptII/ptolemy/actor/lib/test/auto/ArrayAppend6.xml
7 ms. Memory: 289792K Free: 185250K (64%)
----------------- Invoking toplevel() on ptolemy.moml.MoMLSimpleApplication@4104b498
----------------- Done invoking toplevel() on ptolemy.moml.MoMLSimpleApplication@4104b498
reloadAllAccessors: .ArrayAppend6

===========================================================================================
----------------- testing Fri Jan 31 06:57:21 UTC 2020 /home/travis/build/icyphy/ptII/ptolemy/actor/lib/test/auto/ArrayAppendPerformanceTest.xml
----------------- Instantiating /home/travis/build/icyphy/ptII/ptolemy/actor/lib/test/auto/ArrayAppendPerformanceTest.xml
37 ms. Memory: 289792K Free: 174803K (60%)
----------------- Invoking toplevel() on ptolemy.moml.MoMLSimpleApplication@5d1f4af9
----------------- Done invoking toplevel() on ptolemy.moml.MoMLSimpleApplication@5d1f4af9
reloadAllAccessors: .ArrayAppendPerformanceTest

===========================================================================================
----------------- testing Fri Jan 31 06:57:21 UTC 2020 /home/travis/build/icyphy/ptII/ptolemy/actor/lib/test/auto/ArrayAppendWithEmptyInput.xml
----------------- Instantiating /home/travis/build/icyphy/ptII/ptolemy/actor/lib/test/auto/ArrayAppendWithEmptyInput.xml
15 ms. Memory: 289792K Free: 167121K (58%)
----------------- Invoking toplevel() on ptolemy.moml.MoMLSimpleApplication@496e056b
----------------- Done invoking toplevel() on ptolemy.moml.MoMLSimpleApplication@496e056b
reloadAllAccessors: .ArrayAppendWithEmptyInput

===========================================================================================
----------------- testing Fri Jan 31 06:57:21 UTC 2020 /home/travis/build/icyphy/ptII/ptolemy/actor/lib/test/auto/ArrayAverage.xml
----------------- Instantiating /home/travis/build/icyphy/ptII/ptolemy/actor/lib/test/auto/ArrayAverage.xml
5 ms. Memory: 289792K Free: 158419K (55%)
----------------- Invoking toplevel() on ptolemy.moml.MoMLSimpleApplication@3c7e5403
----------------- Done invoking toplevel() on ptolemy.moml.MoMLSimpleApplication@3c7e5403
reloadAllAccessors: .ArrayAverage

===========================================================================================
----------------- testing Fri Jan 31 06:57:21 UTC 2020 /home/travis/build/icyphy/ptII/ptolemy/actor/lib/test/auto/ArrayContains.xml
----------------- Instantiating /home/travis/build/icyphy/ptII/ptolemy/actor/lib/test/auto/ArrayContains.xml
3 ms. Memory: 289792K Free: 152785K (53%)
----------------- Invoking toplevel() on ptolemy.moml.MoMLSimpleApplication@53fba6ae
----------------- Done invoking toplevel() on ptolemy.moml.MoMLSimpleApplication@53fba6ae
reloadAllAccessors: .ArrayContains

===========================================================================================
----------------- testing Fri Jan 31 06:57:21 UTC 2020 /home/travis/build/icyphy/ptII/ptolemy/actor/lib/test/auto/ArrayElement.xml
----------------- Instantiating /home/travis/build/icyphy/ptII/ptolemy/actor/lib/test/auto/ArrayElement.xml
4 ms. Memory: 289792K Free: 147635K (51%)
----------------- Invoking toplevel() on ptolemy.moml.MoMLSimpleApplication@59ca8200
----------------- Done invoking toplevel() on ptolemy.moml.MoMLSimpleApplication@59ca8200
reloadAllAccessors: .ArrayElement

===========================================================================================
----------------- testing Fri Jan 31 06:57:21 UTC 2020 /home/travis/build/icyphy/ptII/ptolemy/actor/lib/test/auto/ArrayElementAsMatrix.xml
----------------- Instantiating /home/travis/build/icyphy/ptII/ptolemy/actor/lib/test/auto/ArrayElementAsMatrix.xml
21 ms. Memory: 289792K Free: 137425K (47%)
----------------- Invoking toplevel() on ptolemy.moml.MoMLSimpleApplication@717c192d
----------------- Done invoking toplevel() on ptolemy.moml.MoMLSimpleApplication@717c192d
reloadAllAccessors: .ArrayElementAsMatrix

===========================================================================================
----------------- testing Fri Jan 31 06:57:21 UTC 2020 /home/travis/build/icyphy/ptII/ptolemy/actor/lib/test/auto/ArrayElementI.xml
----------------- Instantiating /home/travis/build/icyphy/ptII/ptolemy/actor/lib/test/auto/ArrayElementI.xml
4 ms. Memory: 289792K Free: 132291K (46%)
----------------- Invoking toplevel() on ptolemy.moml.MoMLSimpleApplication@3723f54d
----------------- Done invoking toplevel() on ptolemy.moml.MoMLSimpleApplication@3723f54d
reloadAllAccessors: .ArrayElementI

===========================================================================================
----------------- testing Fri Jan 31 06:57:21 UTC 2020 /home/travis/build/icyphy/ptII/ptolemy/actor/lib/test/auto/ArrayExtract.xml
----------------- Instantiating /home/travis/build/icyphy/ptII/ptolemy/actor/lib/test/auto/ArrayExtract.xml
4 ms. Memory: 289792K Free: 124113K (43%)
----------------- Invoking toplevel() on ptolemy.moml.MoMLSimpleApplication@57f58c86
----------------- Done invoking toplevel() on ptolemy.moml.MoMLSimpleApplication@57f58c86
reloadAllAccessors: .ArrayExtract

===========================================================================================
----------------- testing Fri Jan 31 06:57:21 UTC 2020 /home/travis/build/icyphy/ptII/ptolemy/actor/lib/test/auto/ArrayExtract2.xml
----------------- Instantiating /home/travis/build/icyphy/ptII/ptolemy/actor/lib/test/auto/ArrayExtract2.xml
2 ms. Memory: 289792K Free: 118483K (41%)
----------------- Invoking toplevel() on ptolemy.moml.MoMLSimpleApplication@16ae7eb3
----------------- Done invoking toplevel() on ptolemy.moml.MoMLSimpleApplication@16ae7eb3
reloadAllAccessors: .ArrayExtract2

===========================================================================================
----------------- testing Fri Jan 31 06:57:21 UTC 2020 /home/travis/build/icyphy/ptII/ptolemy/actor/lib/test/auto/ArrayLength.xml
----------------- Instantiating /home/travis/build/icyphy/ptII/ptolemy/actor/lib/test/auto/ArrayLength.xml
3 ms. Memory: 289792K Free: 114897K (40%)
----------------- Invoking toplevel() on ptolemy.moml.MoMLSimpleApplication@2ae90594
----------------- Done invoking toplevel() on ptolemy.moml.MoMLSimpleApplication@2ae90594
reloadAllAccessors: .ArrayLength

===========================================================================================
----------------- testing Fri Jan 31 06:57:21 UTC 2020 /home/travis/build/icyphy/ptII/ptolemy/actor/lib/test/auto/ArrayLevelCrossing.xml
----------------- Instantiating /home/travis/build/icyphy/ptII/ptolemy/actor/lib/test/auto/ArrayLevelCrossing.xml
5 ms. Memory: 289792K Free: 107219K (37%)
----------------- Invoking toplevel() on ptolemy.moml.MoMLSimpleApplication@220a376
----------------- Done invoking toplevel() on ptolemy.moml.MoMLSimpleApplication@220a376
reloadAllAccessors: .ArrayLevelCrossing

===========================================================================================
----------------- testing Fri Jan 31 06:57:21 UTC 2020 /home/travis/build/icyphy/ptII/ptolemy/actor/lib/test/auto/ArrayLevelCrossing2.xml
----------------- Instantiating /home/travis/build/icyphy/ptII/ptolemy/actor/lib/test/auto/ArrayLevelCrossing2.xml
2 ms. Memory: 289792K Free: 99523K (34%)
----------------- Invoking toplevel() on ptolemy.moml.MoMLSimpleApplication@31dfb7bf
----------------- Done invoking toplevel() on ptolemy.moml.MoMLSimpleApplication@31dfb7bf
reloadAllAccessors: .ArrayLevelCrossing2

===========================================================================================
----------------- testing Fri Jan 31 06:57:21 UTC 2020 /home/travis/build/icyphy/ptII/ptolemy/actor/lib/test/auto/ArrayPeakSearch.xml
----------------- Instantiating /home/travis/build/icyphy/ptII/ptolemy/actor/lib/test/auto/ArrayPeakSearch.xml
7 ms. Memory: 289792K Free: 235008K (81%)
----------------- Invoking toplevel() on ptolemy.moml.MoMLSimpleApplication@631905b2
----------------- Done invoking toplevel() on ptolemy.moml.MoMLSimpleApplication@631905b2
reloadAllAccessors: .ArrayPeakSearch

===========================================================================================
----------------- testing Fri Jan 31 06:57:21 UTC 2020 /home/travis/build/icyphy/ptII/ptolemy/actor/lib/test/auto/ArrayPeakSearch2.xml
----------------- Instantiating /home/travis/build/icyphy/ptII/ptolemy/actor/lib/test/auto/ArrayPeakSearch2.xml
4 ms. Memory: 289792K Free: 224223K (77%)
----------------- Invoking toplevel() on ptolemy.moml.MoMLSimpleApplication@1624bf19
----------------- Done invoking toplevel() on ptolemy.moml.MoMLSimpleApplication@1624bf19
reloadAllAccessors: .ArrayPeakSearch2

===========================================================================================
----------------- testing Fri Jan 31 06:57:21 UTC 2020 /home/travis/build/icyphy/ptII/ptolemy/actor/lib/test/auto/ArrayPeakSearch3.xml
----------------- Instantiating /home/travis/build/icyphy/ptII/ptolemy/actor/lib/test/auto/ArrayPeakSearch3.xml
4 ms. Memory: 289792K Free: 215552K (74%)
----------------- Invoking toplevel() on ptolemy.moml.MoMLSimpleApplication@10001965
----------------- Done invoking toplevel() on ptolemy.moml.MoMLSimpleApplication@10001965
reloadAllAccessors: .ArrayPeakSearch3

===========================================================================================
----------------- testing Fri Jan 31 06:57:21 UTC 2020 /home/travis/build/icyphy/ptII/ptolemy/actor/lib/test/auto/ArrayRemoveElement.xml
----------------- Instantiating /home/travis/build/icyphy/ptII/ptolemy/actor/lib/test/auto/ArrayRemoveElement.xml
9 ms. Memory: 289792K Free: 207360K (72%)
----------------- Invoking toplevel() on ptolemy.moml.MoMLSimpleApplication@cfa7271
----------------- Done invoking toplevel() on ptolemy.moml.MoMLSimpleApplication@cfa7271
reloadAllAccessors: .ArrayRemoveElement

===========================================================================================
----------------- testing Fri Jan 31 06:57:21 UTC 2020 /home/travis/build/icyphy/ptII/ptolemy/actor/lib/test/auto/ArraySort.xml
----------------- Instantiating /home/travis/build/icyphy/ptII/ptolemy/actor/lib/test/auto/ArraySort.xml
12 ms. Memory: 289792K Free: 198654K (69%)
----------------- Invoking toplevel() on ptolemy.moml.MoMLSimpleApplication@770b0062
----------------- Done invoking toplevel() on ptolemy.moml.MoMLSimpleApplication@770b0062
reloadAllAccessors: .ArraySort

===========================================================================================
----------------- testing Fri Jan 31 06:57:21 UTC 2020 /home/travis/build/icyphy/ptII/ptolemy/actor/lib/test/auto/ArraySum.xml
----------------- Instantiating /home/travis/build/icyphy/ptII/ptolemy/actor/lib/test/auto/ArraySum.xml
3 ms. Memory: 289792K Free: 193024K (67%)
----------------- Invoking toplevel() on ptolemy.moml.MoMLSimpleApplication@f7eddbe
----------------- Done invoking toplevel() on ptolemy.moml.MoMLSimpleApplication@f7eddbe
reloadAllAccessors: .ArraySum

===========================================================================================
----------------- testing Fri Jan 31 06:57:21 UTC 2020 /home/travis/build/icyphy/ptII/ptolemy/actor/lib/test/auto/ArrayToElements.xml
----------------- Instantiating /home/travis/build/icyphy/ptII/ptolemy/actor/lib/test/auto/ArrayToElements.xml
5 ms. Memory: 289792K Free: 187904K (65%)
----------------- Invoking toplevel() on ptolemy.moml.MoMLSimpleApplication@65a2a69d
----------------- Done invoking toplevel() on ptolemy.moml.MoMLSimpleApplication@65a2a69d
reloadAllAccessors: .ArrayToElements

===========================================================================================
----------------- testing Fri Jan 31 06:57:21 UTC 2020 /home/travis/build/icyphy/ptII/ptolemy/actor/lib/test/auto/ArrayToMatrix.xml
----------------- Instantiating /home/travis/build/icyphy/ptII/ptolemy/actor/lib/test/auto/ArrayToMatrix.xml
23 ms. Memory: 289792K Free: 173568K (60%)
----------------- Invoking toplevel() on ptolemy.moml.MoMLSimpleApplication@4e9dec8b
----------------- Done invoking toplevel() on ptolemy.moml.MoMLSimpleApplication@4e9dec8b
reloadAllAccessors: .ArrayToMatrix

===========================================================================================
----------------- testing Fri Jan 31 06:57:21 UTC 2020 /home/travis/build/icyphy/ptII/ptolemy/actor/lib/test/auto/ArrayUpdate1.xml
----------------- Instantiating /home/travis/build/icyphy/ptII/ptolemy/actor/lib/test/auto/ArrayUpdate1.xml
2 ms. Memory: 289792K Free: 168958K (58%)
----------------- Invoking toplevel() on ptolemy.moml.MoMLSimpleApplication@310aa627
----------------- Done invoking toplevel() on ptolemy.moml.MoMLSimpleApplication@310aa627
reloadAllAccessors: .ArrayUpdate1

===========================================================================================
----------------- testing Fri Jan 31 06:57:21 UTC 2020 /home/travis/build/icyphy/ptII/ptolemy/actor/lib/test/auto/ArrayUpdate2.xml
----------------- Instantiating /home/travis/build/icyphy/ptII/ptolemy/actor/lib/test/auto/ArrayUpdate2.xml
7 ms. Memory: 289792K Free: 162304K (56%)
----------------- Invoking toplevel() on ptolemy.moml.MoMLSimpleApplication@6a241ea1
----------------- Done invoking toplevel() on ptolemy.moml.MoMLSimpleApplication@6a241ea1
reloadAllAccessors: .ArrayUpdate2

===========================================================================================
----------------- testing Fri Jan 31 06:57:21 UTC 2020 /home/travis/build/icyphy/ptII/ptolemy/actor/lib/test/auto/ArrayUpdate3.xml
----------------- Instantiating /home/travis/build/icyphy/ptII/ptolemy/actor/lib/test/auto/ArrayUpdate3.xml
3 ms. Memory: 289792K Free: 157694K (54%)
----------------- Invoking toplevel() on ptolemy.moml.MoMLSimpleApplication@6df8f050
----------------- Done invoking toplevel() on ptolemy.moml.MoMLSimpleApplication@6df8f050
reloadAllAccessors: .ArrayUpdate3

===========================================================================================
----------------- testing Fri Jan 31 06:57:21 UTC 2020 /home/travis/build/icyphy/ptII/ptolemy/actor/lib/test/auto/Assert1.xml
----------------- Instantiating /home/travis/build/icyphy/ptII/ptolemy/actor/lib/test/auto/Assert1.xml
9 ms. Memory: 289792K Free: 153088K (53%)
----------------- Invoking toplevel() on ptolemy.moml.MoMLSimpleApplication@186cb299
----------------- Done invoking toplevel() on ptolemy.moml.MoMLSimpleApplication@186cb299
reloadAllAccessors: .Assert1

===========================================================================================
----------------- testing Fri Jan 31 06:57:22 UTC 2020 /home/travis/build/icyphy/ptII/ptolemy/actor/lib/test/auto/Assert2.xml
----------------- Instantiating /home/travis/build/icyphy/ptII/ptolemy/actor/lib/test/auto/Assert2.xml
2 ms. Memory: 289792K Free: 148478K (51%)
----------------- Invoking toplevel() on ptolemy.moml.MoMLSimpleApplication@5af15a05
----------------- Done invoking toplevel() on ptolemy.moml.MoMLSimpleApplication@5af15a05
reloadAllAccessors: .Assert2

===========================================================================================
----------------- testing Fri Jan 31 06:57:22 UTC 2020 /home/travis/build/icyphy/ptII/ptolemy/actor/lib/test/auto/BooleanMultiplexor.xml
----------------- Instantiating /home/travis/build/icyphy/ptII/ptolemy/actor/lib/test/auto/BooleanMultiplexor.xml
2 ms. Memory: 289792K Free: 142848K (49%)
----------------- Invoking toplevel() on ptolemy.moml.MoMLSimpleApplication@5730189f
----------------- Done invoking toplevel() on ptolemy.moml.MoMLSimpleApplication@5730189f
reloadAllAccessors: .BooleanMultiplexor

===========================================================================================
----------------- testing Fri Jan 31 06:57:22 UTC 2020 /home/travis/build/icyphy/ptII/ptolemy/actor/lib/test/auto/BooleanMultiplexor2.xml
----------------- Instantiating /home/travis/build/icyphy/ptII/ptolemy/actor/lib/test/auto/BooleanMultiplexor2.xml
13 ms. Memory: 289792K Free: 136704K (47%)
----------------- Invoking toplevel() on ptolemy.moml.MoMLSimpleApplication@67f5eee0
----------------- Done invoking toplevel() on ptolemy.moml.MoMLSimpleApplication@67f5eee0
reloadAllAccessors: .BooleanMultiplexor2

===========================================================================================
----------------- testing Fri Jan 31 06:57:22 UTC 2020 /home/travis/build/icyphy/ptII/ptolemy/actor/lib/test/auto/BooleanMultiplexor3.xml
----------------- Instantiating /home/travis/build/icyphy/ptII/ptolemy/actor/lib/test/auto/BooleanMultiplexor3.xml
3 ms. Memory: 289792K Free: 132608K (46%)
----------------- Invoking toplevel() on ptolemy.moml.MoMLSimpleApplication@2da52c92
----------------- Done invoking toplevel() on ptolemy.moml.MoMLSimpleApplication@2da52c92
reloadAllAccessors: .BooleanMultiplexor3

===========================================================================================
----------------- testing Fri Jan 31 06:57:22 UTC 2020 /home/travis/build/icyphy/ptII/ptolemy/actor/lib/test/auto/BooleanSelect.xml
----------------- Instantiating /home/travis/build/icyphy/ptII/ptolemy/actor/lib/test/auto/BooleanSelect.xml
10 ms. Memory: 289792K Free: 126943K (44%)
----------------- Invoking toplevel() on ptolemy.moml.MoMLSimpleApplication@4d456873
----------------- Done invoking toplevel() on ptolemy.moml.MoMLSimpleApplication@4d456873
reloadAllAccessors: .BooleanSelect

===========================================================================================
----------------- testing Fri Jan 31 06:57:22 UTC 2020 /home/travis/build/icyphy/ptII/ptolemy/actor/lib/test/auto/BooleanSelect2.xml
----------------- Instantiating /home/travis/build/icyphy/ptII/ptolemy/actor/lib/test/auto/BooleanSelect2.xml
1 ms. Memory: 289792K Free: 122368K (42%)
----------------- Invoking toplevel() on ptolemy.moml.MoMLSimpleApplication@8957c44
----------------- Done invoking toplevel() on ptolemy.moml.MoMLSimpleApplication@8957c44
reloadAllAccessors: .BooleanSelect2

===========================================================================================
----------------- testing Fri Jan 31 06:57:22 UTC 2020 /home/travis/build/icyphy/ptII/ptolemy/actor/lib/test/auto/BooleanSwitch.xml
----------------- Instantiating /home/travis/build/icyphy/ptII/ptolemy/actor/lib/test/auto/BooleanSwitch.xml
7 ms. Memory: 289792K Free: 116734K (40%)
----------------- Invoking toplevel() on ptolemy.moml.MoMLSimpleApplication@71f7f1ae
----------------- Done invoking toplevel() on ptolemy.moml.MoMLSimpleApplication@71f7f1ae
reloadAllAccessors: .BooleanSwitch

===========================================================================================
----------------- testing Fri Jan 31 06:57:22 UTC 2020 /home/travis/build/icyphy/ptII/ptolemy/actor/lib/test/auto/BooleanSwitch2.xml
----------------- Instantiating /home/travis/build/icyphy/ptII/ptolemy/actor/lib/test/auto/BooleanSwitch2.xml
1 ms. Memory: 289792K Free: 112128K (39%)
----------------- Invoking toplevel() on ptolemy.moml.MoMLSimpleApplication@eb6205e
----------------- Done invoking toplevel() on ptolemy.moml.MoMLSimpleApplication@eb6205e
reloadAllAccessors: .BooleanSwitch2

===========================================================================================
----------------- testing Fri Jan 31 06:57:22 UTC 2020 /home/travis/build/icyphy/ptII/ptolemy/actor/lib/test/auto/BooleanSwitchCloningBugWithClassRelationGroup.xml
----------------- Instantiating /home/travis/build/icyphy/ptII/ptolemy/actor/lib/test/auto/BooleanSwitchCloningBugWithClassRelationGroup.xml
5 ms. Memory: 289792K Free: 105470K (36%)
----------------- Invoking toplevel() on ptolemy.moml.MoMLSimpleApplication@51af52cf
----------------- Done invoking toplevel() on ptolemy.moml.MoMLSimpleApplication@51af52cf
reloadAllAccessors: .BooleanSwitchCloningBugWithClassRelationGroup

===========================================================================================
----------------- testing Fri Jan 31 06:57:22 UTC 2020 /home/travis/build/icyphy/ptII/ptolemy/actor/lib/test/auto/BusActors.xml
----------------- Instantiating /home/travis/build/icyphy/ptII/ptolemy/actor/lib/test/auto/BusActors.xml
6 ms. Memory: 289792K Free: 98302K (34%)
----------------- Invoking toplevel() on ptolemy.moml.MoMLSimpleApplication@5e6a617f
----------------- Done invoking toplevel() on ptolemy.moml.MoMLSimpleApplication@5e6a617f
reloadAllAccessors: .BusActors

===========================================================================================
----------------- testing Fri Jan 31 06:57:22 UTC 2020 /home/travis/build/icyphy/ptII/ptolemy/actor/lib/test/auto/ClassWrapper.xml
----------------- Instantiating /home/travis/build/icyphy/ptII/ptolemy/actor/lib/test/auto/ClassWrapper.xml
3 ms. Memory: 289792K Free: 93696K (32%)
----------------- Invoking toplevel() on ptolemy.moml.MoMLSimpleApplication@728b0527
----------------- Done invoking toplevel() on ptolemy.moml.MoMLSimpleApplication@728b0527
reloadAllAccessors: .ClassWrapper

===========================================================================================
----------------- testing Fri Jan 31 06:57:22 UTC 2020 /home/travis/build/icyphy/ptII/ptolemy/actor/lib/test/auto/Clock.xml
----------------- Instantiating /home/travis/build/icyphy/ptII/ptolemy/actor/lib/test/auto/Clock.xml
1 ms. Memory: 289792K Free: 90110K (31%)
----------------- Invoking toplevel() on ptolemy.moml.MoMLSimpleApplication@af2d943
----------------- Done invoking toplevel() on ptolemy.moml.MoMLSimpleApplication@af2d943
reloadAllAccessors: .Clock

===========================================================================================
----------------- testing Fri Jan 31 06:57:22 UTC 2020 /home/travis/build/icyphy/ptII/ptolemy/actor/lib/test/auto/Clock10.xml
----------------- Instantiating /home/travis/build/icyphy/ptII/ptolemy/actor/lib/test/auto/Clock10.xml
3 ms. Memory: 560128K Free: 505556K (90%)
----------------- Invoking toplevel() on ptolemy.moml.MoMLSimpleApplication@60036e96
----------------- Done invoking toplevel() on ptolemy.moml.MoMLSimpleApplication@60036e96
reloadAllAccessors: .Clock10

===========================================================================================
----------------- testing Fri Jan 31 06:57:22 UTC 2020 /home/travis/build/icyphy/ptII/ptolemy/actor/lib/test/auto/Clock11.xml
----------------- Instantiating /home/travis/build/icyphy/ptII/ptolemy/actor/lib/test/auto/Clock11.xml
5 ms. Memory: 560128K Free: 499424K (89%)
----------------- Invoking toplevel() on ptolemy.moml.MoMLSimpleApplication@7d21c27c
----------------- Done invoking toplevel() on ptolemy.moml.MoMLSimpleApplication@7d21c27c
reloadAllAccessors: .Clock11

===========================================================================================
----------------- testing Fri Jan 31 06:57:22 UTC 2020 /home/travis/build/icyphy/ptII/ptolemy/actor/lib/test/auto/Clock12.xml
----------------- Instantiating /home/travis/build/icyphy/ptII/ptolemy/actor/lib/test/auto/Clock12.xml
3 ms. Memory: 560128K Free: 493282K (88%)
----------------- Invoking toplevel() on ptolemy.moml.MoMLSimpleApplication@34d7773
----------------- Done invoking toplevel() on ptolemy.moml.MoMLSimpleApplication@34d7773
reloadAllAccessors: .Clock12

===========================================================================================
----------------- testing Fri Jan 31 06:57:22 UTC 2020 /home/travis/build/icyphy/ptII/ptolemy/actor/lib/test/auto/Clock13.xml
----------------- Instantiating /home/travis/build/icyphy/ptII/ptolemy/actor/lib/test/auto/Clock13.xml
5 ms. Memory: 560128K Free: 487652K (87%)
----------------- Invoking toplevel() on ptolemy.moml.MoMLSimpleApplication@757de139
----------------- Done invoking toplevel() on ptolemy.moml.MoMLSimpleApplication@757de139
reloadAllAccessors: .Clock13

===========================================================================================
----------------- testing Fri Jan 31 06:57:22 UTC 2020 /home/travis/build/icyphy/ptII/ptolemy/actor/lib/test/auto/Clock14.xml
----------------- Instantiating /home/travis/build/icyphy/ptII/ptolemy/actor/lib/test/auto/Clock14.xml
6 ms. Memory: 560128K Free: 481508K (86%)
----------------- Invoking toplevel() on ptolemy.moml.MoMLSimpleApplication@6ffaafdf
----------------- Done invoking toplevel() on ptolemy.moml.MoMLSimpleApplication@6ffaafdf
reloadAllAccessors: .Clock14

===========================================================================================
----------------- testing Fri Jan 31 06:57:22 UTC 2020 /home/travis/build/icyphy/ptII/ptolemy/actor/lib/test/auto/Clock15.xml
----------------- Instantiating /home/travis/build/icyphy/ptII/ptolemy/actor/lib/test/auto/Clock15.xml
4 ms. Memory: 560128K Free: 475860K (85%)
----------------- Invoking toplevel() on ptolemy.moml.MoMLSimpleApplication@178db6b1
----------------- Done invoking toplevel() on ptolemy.moml.MoMLSimpleApplication@178db6b1
reloadAllAccessors: .Clock15

===========================================================================================
----------------- testing Fri Jan 31 06:57:22 UTC 2020 /home/travis/build/icyphy/ptII/ptolemy/actor/lib/test/auto/Clock16.xml
----------------- Instantiating /home/travis/build/icyphy/ptII/ptolemy/actor/lib/test/auto/Clock16.xml
33 ms. Memory: 560128K Free: 461532K (82%)
----------------- Invoking toplevel() on ptolemy.moml.MoMLSimpleApplication@3a22d95c
----------------- Done invoking toplevel() on ptolemy.moml.MoMLSimpleApplication@3a22d95c
reloadAllAccessors: .Clock16

===========================================================================================
----------------- testing Fri Jan 31 06:57:22 UTC 2020 /home/travis/build/icyphy/ptII/ptolemy/actor/lib/test/auto/Clock17.xml
----------------- Instantiating /home/travis/build/icyphy/ptII/ptolemy/actor/lib/test/auto/Clock17.xml
20 ms. Memory: 560128K Free: 447716K (80%)
----------------- Invoking toplevel() on ptolemy.moml.MoMLSimpleApplication@2104dcc0
----------------- Done invoking toplevel() on ptolemy.moml.MoMLSimpleApplication@2104dcc0
reloadAllAccessors: .Clock17

===========================================================================================
----------------- testing Fri Jan 31 06:57:22 UTC 2020 /home/travis/build/icyphy/ptII/ptolemy/actor/lib/test/auto/Clock18.xml
----------------- Instantiating /home/travis/build/icyphy/ptII/ptolemy/actor/lib/test/auto/Clock18.xml
14 ms. Memory: 560128K Free: 434404K (78%)
----------------- Invoking toplevel() on ptolemy.moml.MoMLSimpleApplication@3a4e7af9
----------------- Done invoking toplevel() on ptolemy.moml.MoMLSimpleApplication@3a4e7af9
reloadAllAccessors: .Clock18

===========================================================================================
----------------- testing Fri Jan 31 06:57:22 UTC 2020 /home/travis/build/icyphy/ptII/ptolemy/actor/lib/test/auto/Clock19.xml
----------------- Instantiating /home/travis/build/icyphy/ptII/ptolemy/actor/lib/test/auto/Clock19.xml
13 ms. Memory: 560128K Free: 421588K (75%)
----------------- Invoking toplevel() on ptolemy.moml.MoMLSimpleApplication@758eed2c
----------------- Done invoking toplevel() on ptolemy.moml.MoMLSimpleApplication@758eed2c
reloadAllAccessors: .Clock19

===========================================================================================
----------------- testing Fri Jan 31 06:57:22 UTC 2020 /home/travis/build/icyphy/ptII/ptolemy/actor/lib/test/auto/Clock2.xml
----------------- Instantiating /home/travis/build/icyphy/ptII/ptolemy/actor/lib/test/auto/Clock2.xml
7 ms. Memory: 560128K Free: 416996K (74%)
----------------- Invoking toplevel() on ptolemy.moml.MoMLSimpleApplication@45a07861
----------------- Done invoking toplevel() on ptolemy.moml.MoMLSimpleApplication@45a07861
reloadAllAccessors: .Clock2

===========================================================================================
----------------- testing Fri Jan 31 06:57:22 UTC 2020 /home/travis/build/icyphy/ptII/ptolemy/actor/lib/test/auto/Clock20.xml
----------------- Instantiating /home/travis/build/icyphy/ptII/ptolemy/actor/lib/test/auto/Clock20.xml
7 ms. Memory: 560128K Free: 411362K (73%)
----------------- Invoking toplevel() on ptolemy.moml.MoMLSimpleApplication@19558d54
----------------- Done invoking toplevel() on ptolemy.moml.MoMLSimpleApplication@19558d54
reloadAllAccessors: .Clock20

===========================================================================================
----------------- testing Fri Jan 31 06:57:22 UTC 2020 /home/travis/build/icyphy/ptII/ptolemy/actor/lib/test/auto/Clock21.xml
----------------- Instantiating /home/travis/build/icyphy/ptII/ptolemy/actor/lib/test/auto/Clock21.xml
5 ms. Memory: 560128K Free: 406242K (73%)
----------------- Invoking toplevel() on ptolemy.moml.MoMLSimpleApplication@2f11a644
----------------- Done invoking toplevel() on ptolemy.moml.MoMLSimpleApplication@2f11a644
reloadAllAccessors: .Clock21

===========================================================================================
----------------- testing Fri Jan 31 06:57:22 UTC 2020 /home/travis/build/icyphy/ptII/ptolemy/actor/lib/test/auto/Clock22.xml
----------------- Instantiating /home/travis/build/icyphy/ptII/ptolemy/actor/lib/test/auto/Clock22.xml
4 ms. Memory: 560128K Free: 400612K (72%)
----------------- Invoking toplevel() on ptolemy.moml.MoMLSimpleApplication@2652c8a0
----------------- Done invoking toplevel() on ptolemy.moml.MoMLSimpleApplication@2652c8a0
reloadAllAccessors: .Clock22

===========================================================================================
----------------- testing Fri Jan 31 06:57:22 UTC 2020 /home/travis/build/icyphy/ptII/ptolemy/actor/lib/test/auto/Clock23.xml
----------------- Instantiating /home/travis/build/icyphy/ptII/ptolemy/actor/lib/test/auto/Clock23.xml
4 ms. Memory: 560128K Free: 395492K (71%)
----------------- Invoking toplevel() on ptolemy.moml.MoMLSimpleApplication@4622175e
----------------- Done invoking toplevel() on ptolemy.moml.MoMLSimpleApplication@4622175e
reloadAllAccessors: .Clock23

===========================================================================================
----------------- testing Fri Jan 31 06:57:22 UTC 2020 /home/travis/build/icyphy/ptII/ptolemy/actor/lib/test/auto/Clock24.xml
----------------- Instantiating /home/travis/build/icyphy/ptII/ptolemy/actor/lib/test/auto/Clock24.xml
4 ms. Memory: 560128K Free: 389858K (70%)
----------------- Invoking toplevel() on ptolemy.moml.MoMLSimpleApplication@4235cb49
----------------- Done invoking toplevel() on ptolemy.moml.MoMLSimpleApplication@4235cb49
reloadAllAccessors: .Clock24

===========================================================================================
----------------- testing Fri Jan 31 06:57:22 UTC 2020 /home/travis/build/icyphy/ptII/ptolemy/actor/lib/test/auto/Clock4.xml
----------------- Instantiating /home/travis/build/icyphy/ptII/ptolemy/actor/lib/test/auto/Clock4.xml
2 ms. Memory: 560128K Free: 385252K (69%)
----------------- Invoking toplevel() on ptolemy.moml.MoMLSimpleApplication@9813b17
----------------- Done invoking toplevel() on ptolemy.moml.MoMLSimpleApplication@9813b17
reloadAllAccessors: .Clock4

===========================================================================================
----------------- testing Fri Jan 31 06:57:22 UTC 2020 /home/travis/build/icyphy/ptII/ptolemy/actor/lib/test/auto/Clock5.xml
----------------- Instantiating /home/travis/build/icyphy/ptII/ptolemy/actor/lib/test/auto/Clock5.xml
2 ms. Memory: 560128K Free: 379618K (68%)
----------------- Invoking toplevel() on ptolemy.moml.MoMLSimpleApplication@5fa7c456
----------------- Done invoking toplevel() on ptolemy.moml.MoMLSimpleApplication@5fa7c456
reloadAllAccessors: .Clock5

===========================================================================================
----------------- testing Fri Jan 31 06:57:22 UTC 2020 /home/travis/build/icyphy/ptII/ptolemy/actor/lib/test/auto/Clock6.xml
----------------- Instantiating /home/travis/build/icyphy/ptII/ptolemy/actor/lib/test/auto/Clock6.xml
2 ms. Memory: 560128K Free: 375522K (67%)
----------------- Invoking toplevel() on ptolemy.moml.MoMLSimpleApplication@6b4b4cf4
----------------- Done invoking toplevel() on ptolemy.moml.MoMLSimpleApplication@6b4b4cf4
reloadAllAccessors: .Clock6

===========================================================================================
----------------- testing Fri Jan 31 06:57:22 UTC 2020 /home/travis/build/icyphy/ptII/ptolemy/actor/lib/test/auto/Clock7.xml
----------------- Instantiating /home/travis/build/icyphy/ptII/ptolemy/actor/lib/test/auto/Clock7.xml
3 ms. Memory: 560128K Free: 371426K (66%)
----------------- Invoking toplevel() on ptolemy.moml.MoMLSimpleApplication@2fd26cf2
----------------- Done invoking toplevel() on ptolemy.moml.MoMLSimpleApplication@2fd26cf2
reloadAllAccessors: .Clock7

===========================================================================================
----------------- testing Fri Jan 31 06:57:22 UTC 2020 /home/travis/build/icyphy/ptII/ptolemy/actor/lib/test/auto/Clock8.xml
----------------- Instantiating /home/travis/build/icyphy/ptII/ptolemy/actor/lib/test/auto/Clock8.xml
5 ms. Memory: 560128K Free: 365796K (65%)
----------------- Invoking toplevel() on ptolemy.moml.MoMLSimpleApplication@7d67834b
----------------- Done invoking toplevel() on ptolemy.moml.MoMLSimpleApplication@7d67834b
reloadAllAccessors: .Clock8

===========================================================================================
----------------- testing Fri Jan 31 06:57:22 UTC 2020 /home/travis/build/icyphy/ptII/ptolemy/actor/lib/test/auto/Clock9.xml
----------------- Instantiating /home/travis/build/icyphy/ptII/ptolemy/actor/lib/test/auto/Clock9.xml
10 ms. Memory: 560128K Free: 360676K (64%)
----------------- Invoking toplevel() on ptolemy.moml.MoMLSimpleApplication@e646380
----------------- Done invoking toplevel() on ptolemy.moml.MoMLSimpleApplication@e646380
reloadAllAccessors: .Clock9

===========================================================================================
----------------- testing Fri Jan 31 06:57:22 UTC 2020 /home/travis/build/icyphy/ptII/ptolemy/actor/lib/test/auto/CommDistDiscard.xml
----------------- Instantiating /home/travis/build/icyphy/ptII/ptolemy/actor/lib/test/auto/CommDistDiscard.xml
2 ms. Memory: 560128K Free: 355042K (63%)
----------------- Invoking toplevel() on ptolemy.moml.MoMLSimpleApplication@184aee53
----------------- Done invoking toplevel() on ptolemy.moml.MoMLSimpleApplication@184aee53
reloadAllAccessors: .CommDistDiscard

===========================================================================================
----------------- testing Fri Jan 31 06:57:22 UTC 2020 /home/travis/build/icyphy/ptII/ptolemy/actor/lib/test/auto/Commutator.xml
----------------- Instantiating /home/travis/build/icyphy/ptII/ptolemy/actor/lib/test/auto/Commutator.xml
1 ms. Memory: 560128K Free: 350436K (63%)
----------------- Invoking toplevel() on ptolemy.moml.MoMLSimpleApplication@571bd0c1
----------------- Done invoking toplevel() on ptolemy.moml.MoMLSimpleApplication@571bd0c1
reloadAllAccessors: .Commutator

===========================================================================================
----------------- testing Fri Jan 31 06:57:22 UTC 2020 /home/travis/build/icyphy/ptII/ptolemy/actor/lib/test/auto/Commutator2.xml
----------------- Instantiating /home/travis/build/icyphy/ptII/ptolemy/actor/lib/test/auto/Commutator2.xml
1 ms. Memory: 560128K Free: 346340K (62%)
----------------- Invoking toplevel() on ptolemy.moml.MoMLSimpleApplication@63b452a5
----------------- Done invoking toplevel() on ptolemy.moml.MoMLSimpleApplication@63b452a5
reloadAllAccessors: .Commutator2

===========================================================================================
----------------- testing Fri Jan 31 06:57:22 UTC 2020 /home/travis/build/icyphy/ptII/ptolemy/actor/lib/test/auto/Commutator3.xml
----------------- Instantiating /home/travis/build/icyphy/ptII/ptolemy/actor/lib/test/auto/Commutator3.xml
2 ms. Memory: 560128K Free: 341730K (61%)
----------------- Invoking toplevel() on ptolemy.moml.MoMLSimpleApplication@5c7f896c
----------------- Done invoking toplevel() on ptolemy.moml.MoMLSimpleApplication@5c7f896c
reloadAllAccessors: .Commutator3

===========================================================================================
----------------- testing Fri Jan 31 06:57:23 UTC 2020 /home/travis/build/icyphy/ptII/ptolemy/actor/lib/test/auto/Compare.xml
----------------- Instantiating /home/travis/build/icyphy/ptII/ptolemy/actor/lib/test/auto/Compare.xml
2 ms. Memory: 560128K Free: 335586K (60%)
----------------- Invoking toplevel() on ptolemy.moml.MoMLSimpleApplication@a72446a
----------------- Done invoking toplevel() on ptolemy.moml.MoMLSimpleApplication@a72446a
reloadAllAccessors: .Compare

===========================================================================================
----------------- testing Fri Jan 31 06:57:23 UTC 2020 /home/travis/build/icyphy/ptII/ptolemy/actor/lib/test/auto/CompareDE.xml
----------------- Instantiating /home/travis/build/icyphy/ptII/ptolemy/actor/lib/test/auto/CompareDE.xml
4 ms. Memory: 560128K Free: 328404K (59%)
----------------- Invoking toplevel() on ptolemy.moml.MoMLSimpleApplication@195536
----------------- Done invoking toplevel() on ptolemy.moml.MoMLSimpleApplication@195536
reloadAllAccessors: .CompareDE

===========================================================================================
----------------- testing Fri Jan 31 06:57:23 UTC 2020 /home/travis/build/icyphy/ptII/ptolemy/actor/lib/test/auto/ComplexDivide.xml
----------------- Instantiating /home/travis/build/icyphy/ptII/ptolemy/actor/lib/test/auto/ComplexDivide.xml
1 ms. Memory: 560128K Free: 324322K (58%)
----------------- Invoking toplevel() on ptolemy.moml.MoMLSimpleApplication@d6057a7
----------------- Done invoking toplevel() on ptolemy.moml.MoMLSimpleApplication@d6057a7
reloadAllAccessors: .ComplexDivide

===========================================================================================
----------------- testing Fri Jan 31 06:57:23 UTC 2020 /home/travis/build/icyphy/ptII/ptolemy/actor/lib/test/auto/ComputeHistogram.xml
----------------- Instantiating /home/travis/build/icyphy/ptII/ptolemy/actor/lib/test/auto/ComputeHistogram.xml
22 ms. Memory: 560128K Free: 312034K (56%)
----------------- Invoking toplevel() on ptolemy.moml.MoMLSimpleApplication@308c83af
----------------- Done invoking toplevel() on ptolemy.moml.MoMLSimpleApplication@308c83af
reloadAllAccessors: .ComputeHistogram

===========================================================================================
----------------- testing Fri Jan 31 06:57:23 UTC 2020 /home/travis/build/icyphy/ptII/ptolemy/actor/lib/test/auto/ConfigurationSelect.xml
----------------- Instantiating /home/travis/build/icyphy/ptII/ptolemy/actor/lib/test/auto/ConfigurationSelect.xml
2 ms. Memory: 560128K Free: 306404K (55%)
----------------- Invoking toplevel() on ptolemy.moml.MoMLSimpleApplication@2a447c37
----------------- Done invoking toplevel() on ptolemy.moml.MoMLSimpleApplication@2a447c37
reloadAllAccessors: .ConfigurationSelect

===========================================================================================
----------------- testing Fri Jan 31 06:57:23 UTC 2020 /home/travis/build/icyphy/ptII/ptolemy/actor/lib/test/auto/ConfigurationSelect2.xml
----------------- Instantiating /home/travis/build/icyphy/ptII/ptolemy/actor/lib/test/auto/ConfigurationSelect2.xml
2 ms. Memory: 560128K Free: 302308K (54%)
----------------- Invoking toplevel() on ptolemy.moml.MoMLSimpleApplication@1a712992
----------------- Done invoking toplevel() on ptolemy.moml.MoMLSimpleApplication@1a712992
reloadAllAccessors: .ConfigurationSelect2

===========================================================================================
----------------- testing Fri Jan 31 06:57:23 UTC 2020 /home/travis/build/icyphy/ptII/ptolemy/actor/lib/test/auto/ConfigurationSwitch.xml
----------------- Instantiating /home/travis/build/icyphy/ptII/ptolemy/actor/lib/test/auto/ConfigurationSwitch.xml
2 ms. Memory: 560128K Free: 296674K (53%)
----------------- Invoking toplevel() on ptolemy.moml.MoMLSimpleApplication@16aefce
----------------- Done invoking toplevel() on ptolemy.moml.MoMLSimpleApplication@16aefce
reloadAllAccessors: .ConfigurationSwitch

===========================================================================================
----------------- testing Fri Jan 31 06:57:23 UTC 2020 /home/travis/build/icyphy/ptII/ptolemy/actor/lib/test/auto/ConfigurationSwitch2.xml
----------------- Instantiating /home/travis/build/icyphy/ptII/ptolemy/actor/lib/test/auto/ConfigurationSwitch2.xml
2 ms. Memory: 560128K Free: 291044K (52%)
----------------- Invoking toplevel() on ptolemy.moml.MoMLSimpleApplication@bfcb363
----------------- Done invoking toplevel() on ptolemy.moml.MoMLSimpleApplication@bfcb363
reloadAllAccessors: .ConfigurationSwitch2

===========================================================================================
----------------- testing Fri Jan 31 06:57:23 UTC 2020 /home/travis/build/icyphy/ptII/ptolemy/actor/lib/test/auto/ConfigurationSwitchCloningBugWithClassRelationGroup.xml
----------------- Instantiating /home/travis/build/icyphy/ptII/ptolemy/actor/lib/test/auto/ConfigurationSwitchCloningBugWithClassRelationGroup.xml
1 ms. Memory: 560128K Free: 504028K (90%)
----------------- Invoking toplevel() on ptolemy.moml.MoMLSimpleApplication@204641e0
----------------- Done invoking toplevel() on ptolemy.moml.MoMLSimpleApplication@204641e0
reloadAllAccessors: .ConfigurationSwitchCloningBugWithClassRelationGroup

===========================================================================================
----------------- testing Fri Jan 31 06:57:23 UTC 2020 /home/travis/build/icyphy/ptII/ptolemy/actor/lib/test/auto/ConfigurationSwitchSelectSDF.xml
----------------- Instantiating /home/travis/build/icyphy/ptII/ptolemy/actor/lib/test/auto/ConfigurationSwitchSelectSDF.xml
3 ms. Memory: 560128K Free: 497884K (89%)
----------------- Invoking toplevel() on ptolemy.moml.MoMLSimpleApplication@50227c6e
----------------- Done invoking toplevel() on ptolemy.moml.MoMLSimpleApplication@50227c6e
reloadAllAccessors: .ConfigurationSwitchSelectSDF

===========================================================================================
----------------- testing Fri Jan 31 06:57:23 UTC 2020 /home/travis/build/icyphy/ptII/ptolemy/actor/lib/test/auto/ConfigurationSwitchSelectSDF2.xml
----------------- Instantiating /home/travis/build/icyphy/ptII/ptolemy/actor/lib/test/auto/ConfigurationSwitchSelectSDF2.xml
2 ms. Memory: 560128K Free: 491740K (88%)
----------------- Invoking toplevel() on ptolemy.moml.MoMLSimpleApplication@273d07db
----------------- Done invoking toplevel() on ptolemy.moml.MoMLSimpleApplication@273d07db
reloadAllAccessors: .ConfigurationSwitchSelectSDF2

===========================================================================================
----------------- testing Fri Jan 31 06:57:23 UTC 2020 /home/travis/build/icyphy/ptII/ptolemy/actor/lib/test/auto/Const.xml
----------------- Instantiating /home/travis/build/icyphy/ptII/ptolemy/actor/lib/test/auto/Const.xml
1 ms. Memory: 560128K Free: 488668K (87%)
----------------- Invoking toplevel() on ptolemy.moml.MoMLSimpleApplication@2ce4b7aa
----------------- Done invoking toplevel() on ptolemy.moml.MoMLSimpleApplication@2ce4b7aa
reloadAllAccessors: .Const

===========================================================================================
----------------- testing Fri Jan 31 06:57:23 UTC 2020 /home/travis/build/icyphy/ptII/ptolemy/actor/lib/test/auto/Const2.xml
----------------- Instantiating /home/travis/build/icyphy/ptII/ptolemy/actor/lib/test/auto/Const2.xml
1 ms. Memory: 560128K Free: 484572K (87%)
----------------- Invoking toplevel() on ptolemy.moml.MoMLSimpleApplication@41b584ec
----------------- Done invoking toplevel() on ptolemy.moml.MoMLSimpleApplication@41b584ec
reloadAllAccessors: .Const2

===========================================================================================
----------------- testing Fri Jan 31 06:57:23 UTC 2020 /home/travis/build/icyphy/ptII/ptolemy/actor/lib/test/auto/Const3.xml
----------------- Instantiating /home/travis/build/icyphy/ptII/ptolemy/actor/lib/test/auto/Const3.xml
1 ms. Memory: 560128K Free: 481500K (86%)
----------------- Invoking toplevel() on ptolemy.moml.MoMLSimpleApplication@4689f96d
----------------- Done invoking toplevel() on ptolemy.moml.MoMLSimpleApplication@4689f96d
reloadAllAccessors: .Const3

===========================================================================================
----------------- testing Fri Jan 31 06:57:23 UTC 2020 /home/travis/build/icyphy/ptII/ptolemy/actor/lib/test/auto/ConstantPublisherPort1.xml
----------------- Instantiating /home/travis/build/icyphy/ptII/ptolemy/actor/lib/test/auto/ConstantPublisherPort1.xml
5 ms. Memory: 560128K Free: 473308K (84%)
----------------- Invoking toplevel() on ptolemy.moml.MoMLSimpleApplication@35a06289
----------------- Done invoking toplevel() on ptolemy.moml.MoMLSimpleApplication@35a06289
reloadAllAccessors: .ConstantPublisherPort1

===========================================================================================
----------------- testing Fri Jan 31 06:57:23 UTC 2020 /home/travis/build/icyphy/ptII/ptolemy/actor/lib/test/auto/ConstantPublisherPort2.xml
----------------- Instantiating /home/travis/build/icyphy/ptII/ptolemy/actor/lib/test/auto/ConstantPublisherPort2.xml
9 ms. Memory: 560128K Free: 465626K (83%)
----------------- Invoking toplevel() on ptolemy.moml.MoMLSimpleApplication@2fa685b6
----------------- Done invoking toplevel() on ptolemy.moml.MoMLSimpleApplication@2fa685b6
reloadAllAccessors: .ConstantPublisherPort2

===========================================================================================
----------------- testing Fri Jan 31 06:57:23 UTC 2020 /home/travis/build/icyphy/ptII/ptolemy/actor/lib/test/auto/ConstantPublisherPort3.xml
----------------- Instantiating /home/travis/build/icyphy/ptII/ptolemy/actor/lib/test/auto/ConstantPublisherPort3.xml
9 ms. Memory: 560128K Free: 457948K (82%)
----------------- Invoking toplevel() on ptolemy.moml.MoMLSimpleApplication@478e3efd
----------------- Done invoking toplevel() on ptolemy.moml.MoMLSimpleApplication@478e3efd
reloadAllAccessors: .ConstantPublisherPort3

===========================================================================================
----------------- testing Fri Jan 31 06:57:23 UTC 2020 /home/travis/build/icyphy/ptII/ptolemy/actor/lib/test/auto/ConstantPublisherPort4.xml
----------------- Instantiating /home/travis/build/icyphy/ptII/ptolemy/actor/lib/test/auto/ConstantPublisherPort4.xml
2 ms. Memory: 560128K Free: 451276K (81%)
----------------- Invoking toplevel() on ptolemy.moml.MoMLSimpleApplication@3b457792
----------------- Done invoking toplevel() on ptolemy.moml.MoMLSimpleApplication@3b457792
reloadAllAccessors: .ConstantPublisherPort4

===========================================================================================
----------------- testing Fri Jan 31 06:57:23 UTC 2020 /home/travis/build/icyphy/ptII/ptolemy/actor/lib/test/auto/ConstantPublisherPort5.xml
----------------- Instantiating /home/travis/build/icyphy/ptII/ptolemy/actor/lib/test/auto/ConstantPublisherPort5.xml
22 ms. Memory: 560128K Free: 442074K (79%)
----------------- Invoking toplevel() on ptolemy.moml.MoMLSimpleApplication@151ddf91
----------------- Done invoking toplevel() on ptolemy.moml.MoMLSimpleApplication@151ddf91
reloadAllAccessors: .ConstantPublisherPort5

===========================================================================================
----------------- testing Fri Jan 31 06:57:23 UTC 2020 /home/travis/build/icyphy/ptII/ptolemy/actor/lib/test/auto/ConstantPublisherPort6.xml
----------------- Instantiating /home/travis/build/icyphy/ptII/ptolemy/actor/lib/test/auto/ConstantPublisherPort6.xml
18 ms. Memory: 560128K Free: 432348K (77%)
----------------- Invoking toplevel() on ptolemy.moml.MoMLSimpleApplication@711c3a81
----------------- Done invoking toplevel() on ptolemy.moml.MoMLSimpleApplication@711c3a81
reloadAllAccessors: .ConstantPublisherPort6

===========================================================================================
----------------- testing Fri Jan 31 06:57:23 UTC 2020 /home/travis/build/icyphy/ptII/ptolemy/actor/lib/test/auto/ConstantPublisherPort7.xml
----------------- Instantiating /home/travis/build/icyphy/ptII/ptolemy/actor/lib/test/auto/ConstantPublisherPort7.xml
18 ms. Memory: 560128K Free: 423132K (76%)
----------------- Invoking toplevel() on ptolemy.moml.MoMLSimpleApplication@268c6157
----------------- Done invoking toplevel() on ptolemy.moml.MoMLSimpleApplication@268c6157
reloadAllAccessors: .ConstantPublisherPort7

===========================================================================================
----------------- testing Fri Jan 31 06:57:23 UTC 2020 /home/travis/build/icyphy/ptII/ptolemy/actor/lib/test/auto/ConstraintMonitor1.xml
----------------- Instantiating /home/travis/build/icyphy/ptII/ptolemy/actor/lib/test/auto/ConstraintMonitor1.xml
5 ms. Memory: 560128K Free: 418012K (75%)
----------------- Invoking toplevel() on ptolemy.moml.MoMLSimpleApplication@20e35b3a
----------------- Done invoking toplevel() on ptolemy.moml.MoMLSimpleApplication@20e35b3a
reloadAllAccessors: .ConstraintMonitor1

===========================================================================================
----------------- testing Fri Jan 31 06:57:23 UTC 2020 /home/travis/build/icyphy/ptII/ptolemy/actor/lib/test/auto/ConstraintMonitor2.xml
----------------- Instantiating /home/travis/build/icyphy/ptII/ptolemy/actor/lib/test/auto/ConstraintMonitor2.xml
3 ms. Memory: 560128K Free: 413402K (74%)
----------------- Invoking toplevel() on ptolemy.moml.MoMLSimpleApplication@47bafa39
----------------- Done invoking toplevel() on ptolemy.moml.MoMLSimpleApplication@47bafa39
reloadAllAccessors: .ConstraintMonitor2

===========================================================================================
----------------- testing Fri Jan 31 06:57:23 UTC 2020 /home/travis/build/icyphy/ptII/ptolemy/actor/lib/test/auto/ConstraintMonitor3.xml
----------------- Instantiating /home/travis/build/icyphy/ptII/ptolemy/actor/lib/test/auto/ConstraintMonitor3.xml
5 ms. Memory: 560128K Free: 409306K (73%)
----------------- Invoking toplevel() on ptolemy.moml.MoMLSimpleApplication@20340a1
----------------- Done invoking toplevel() on ptolemy.moml.MoMLSimpleApplication@20340a1
reloadAllAccessors: .ConstraintMonitor3

===========================================================================================
----------------- testing Fri Jan 31 06:57:23 UTC 2020 /home/travis/build/icyphy/ptII/ptolemy/actor/lib/test/auto/ConstraintMonitor4.xml
----------------- Instantiating /home/travis/build/icyphy/ptII/ptolemy/actor/lib/test/auto/ConstraintMonitor4.xml
4 ms. Memory: 560128K Free: 404186K (72%)
----------------- Invoking toplevel() on ptolemy.moml.MoMLSimpleApplication@717e9ad0
----------------- Done invoking toplevel() on ptolemy.moml.MoMLSimpleApplication@717e9ad0
reloadAllAccessors: .ConstraintMonitor4

===========================================================================================
----------------- testing Fri Jan 31 06:57:23 UTC 2020 /home/travis/build/icyphy/ptII/ptolemy/actor/lib/test/auto/ConstraintMonitor5.xml
----------------- Instantiating /home/travis/build/icyphy/ptII/ptolemy/actor/lib/test/auto/ConstraintMonitor5.xml
4 ms. Memory: 560128K Free: 399066K (71%)
----------------- Invoking toplevel() on ptolemy.moml.MoMLSimpleApplication@62bbef5d
----------------- Done invoking toplevel() on ptolemy.moml.MoMLSimpleApplication@62bbef5d
reloadAllAccessors: .ConstraintMonitor5

===========================================================================================
----------------- testing Fri Jan 31 06:57:23 UTC 2020 /home/travis/build/icyphy/ptII/ptolemy/actor/lib/test/auto/ConstraintMonitor6.xml
----------------- Instantiating /home/travis/build/icyphy/ptII/ptolemy/actor/lib/test/auto/ConstraintMonitor6.xml
5 ms. Memory: 560128K Free: 393436K (70%)
----------------- Invoking toplevel() on ptolemy.moml.MoMLSimpleApplication@476d489c
----------------- Done invoking toplevel() on ptolemy.moml.MoMLSimpleApplication@476d489c
reloadAllAccessors: .ConstraintMonitor6

===========================================================================================
----------------- testing Fri Jan 31 06:57:23 UTC 2020 /home/travis/build/icyphy/ptII/ptolemy/actor/lib/test/auto/ConstraintMonitor7.xml
----------------- Instantiating /home/travis/build/icyphy/ptII/ptolemy/actor/lib/test/auto/ConstraintMonitor7.xml
2 ms. Memory: 560128K Free: 386772K (69%)
----------------- Invoking toplevel() on ptolemy.moml.MoMLSimpleApplication@328c7e1c
----------------- Done invoking toplevel() on ptolemy.moml.MoMLSimpleApplication@328c7e1c
reloadAllAccessors: .ConstraintMonitor7

===========================================================================================
----------------- testing Fri Jan 31 06:57:23 UTC 2020 /home/travis/build/icyphy/ptII/ptolemy/actor/lib/test/auto/ConstraintMonitor8.xml
----------------- Instantiating /home/travis/build/icyphy/ptII/ptolemy/actor/lib/test/auto/ConstraintMonitor8.xml
7 ms. Memory: 560128K Free: 379100K (68%)
----------------- Invoking toplevel() on ptolemy.moml.MoMLSimpleApplication@403a4bcd
----------------- Done invoking toplevel() on ptolemy.moml.MoMLSimpleApplication@403a4bcd
reloadAllAccessors: .ConstraintMonitor8

===========================================================================================
----------------- testing Fri Jan 31 06:57:23 UTC 2020 /home/travis/build/icyphy/ptII/ptolemy/actor/lib/test/auto/Counter.xml
----------------- Instantiating /home/travis/build/icyphy/ptII/ptolemy/actor/lib/test/auto/Counter.xml
2 ms. Memory: 560128K Free: 374490K (67%)
----------------- Invoking toplevel() on ptolemy.moml.MoMLSimpleApplication@1354a406
----------------- Done invoking toplevel() on ptolemy.moml.MoMLSimpleApplication@1354a406
reloadAllAccessors: .Counter

===========================================================================================
----------------- testing Fri Jan 31 06:57:23 UTC 2020 /home/travis/build/icyphy/ptII/ptolemy/actor/lib/test/auto/CurrentTimeSDF.xml
----------------- Instantiating /home/travis/build/icyphy/ptII/ptolemy/actor/lib/test/auto/CurrentTimeSDF.xml
1 ms. Memory: 560128K Free: 370394K (66%)
----------------- Invoking toplevel() on ptolemy.moml.MoMLSimpleApplication@258602a2
----------------- Done invoking toplevel() on ptolemy.moml.MoMLSimpleApplication@258602a2
reloadAllAccessors: .CurrentTimeSDF

===========================================================================================
----------------- testing Fri Jan 31 06:57:23 UTC 2020 /home/travis/build/icyphy/ptII/ptolemy/actor/lib/test/auto/DB.xml
----------------- Instantiating /home/travis/build/icyphy/ptII/ptolemy/actor/lib/test/auto/DB.xml
1 ms. Memory: 560128K Free: 365274K (65%)
----------------- Invoking toplevel() on ptolemy.moml.MoMLSimpleApplication@17a813c6
----------------- Done invoking toplevel() on ptolemy.moml.MoMLSimpleApplication@17a813c6
reloadAllAccessors: .DB

===========================================================================================
----------------- testing Fri Jan 31 06:57:23 UTC 2020 /home/travis/build/icyphy/ptII/ptolemy/actor/lib/test/auto/DBDE.xml
----------------- Instantiating /home/travis/build/icyphy/ptII/ptolemy/actor/lib/test/auto/DBDE.xml
1 ms. Memory: 560128K Free: 359644K (64%)
----------------- Invoking toplevel() on ptolemy.moml.MoMLSimpleApplication@5b454b4c
----------------- Done invoking toplevel() on ptolemy.moml.MoMLSimpleApplication@5b454b4c
reloadAllAccessors: .DBDE

===========================================================================================
----------------- testing Fri Jan 31 06:57:23 UTC 2020 /home/travis/build/icyphy/ptII/ptolemy/actor/lib/test/auto/DateConstructor.xml
----------------- Instantiating /home/travis/build/icyphy/ptII/ptolemy/actor/lib/test/auto/DateConstructor.xml
22 ms. Memory: 560128K Free: 341722K (61%)
----------------- Invoking toplevel() on ptolemy.moml.MoMLSimpleApplication@66c163e7
----------------- Done invoking toplevel() on ptolemy.moml.MoMLSimpleApplication@66c163e7
reloadAllAccessors: .DateConstructor

===========================================================================================
----------------- testing Fri Jan 31 06:57:23 UTC 2020 /home/travis/build/icyphy/ptII/ptolemy/actor/lib/test/auto/DelayTime.xml
----------------- Instantiating /home/travis/build/icyphy/ptII/ptolemy/actor/lib/test/auto/DelayTime.xml
6 ms. Memory: 560128K Free: 336602K (60%)
----------------- Invoking toplevel() on ptolemy.moml.MoMLSimpleApplication@66284822
----------------- Done invoking toplevel() on ptolemy.moml.MoMLSimpleApplication@66284822
reloadAllAccessors: .DelayTime

===========================================================================================
----------------- testing Fri Jan 31 06:57:23 UTC 2020 /home/travis/build/icyphy/ptII/ptolemy/actor/lib/test/auto/Dictionary1.xml
----------------- Instantiating /home/travis/build/icyphy/ptII/ptolemy/actor/lib/test/auto/Dictionary1.xml
1 ms. Memory: 560128K Free: 331482K (59%)
----------------- Invoking toplevel() on ptolemy.moml.MoMLSimpleApplication@2e625eca
----------------- Done invoking toplevel() on ptolemy.moml.MoMLSimpleApplication@2e625eca
reloadAllAccessors: .Dictionary1

===========================================================================================
----------------- testing Fri Jan 31 06:57:23 UTC 2020 /home/travis/build/icyphy/ptII/ptolemy/actor/lib/test/auto/Dictionary2.xml
----------------- Instantiating /home/travis/build/icyphy/ptII/ptolemy/actor/lib/test/auto/Dictionary2.xml
1 ms. Memory: 560128K Free: 325852K (58%)
----------------- Invoking toplevel() on ptolemy.moml.MoMLSimpleApplication@695e159b
----------------- Done invoking toplevel() on ptolemy.moml.MoMLSimpleApplication@695e159b
reloadAllAccessors: .Dictionary2

===========================================================================================
----------------- testing Fri Jan 31 06:57:23 UTC 2020 /home/travis/build/icyphy/ptII/ptolemy/actor/lib/test/auto/Dictionary3.xml
----------------- Instantiating /home/travis/build/icyphy/ptII/ptolemy/actor/lib/test/auto/Dictionary3.xml
2 ms. Memory: 560128K Free: 320218K (57%)
----------------- Invoking toplevel() on ptolemy.moml.MoMLSimpleApplication@67945bc4
----------------- Done invoking toplevel() on ptolemy.moml.MoMLSimpleApplication@67945bc4
reloadAllAccessors: .Dictionary3

===========================================================================================
----------------- testing Fri Jan 31 06:57:23 UTC 2020 /home/travis/build/icyphy/ptII/ptolemy/actor/lib/test/auto/Dictionary4.xml
----------------- Instantiating /home/travis/build/icyphy/ptII/ptolemy/actor/lib/test/auto/Dictionary4.xml
2 ms. Memory: 560128K Free: 313050K (56%)
----------------- Invoking toplevel() on ptolemy.moml.MoMLSimpleApplication@2398a78d
----------------- Done invoking toplevel() on ptolemy.moml.MoMLSimpleApplication@2398a78d
reloadAllAccessors: .Dictionary4

===========================================================================================
----------------- testing Fri Jan 31 06:57:23 UTC 2020 /home/travis/build/icyphy/ptII/ptolemy/actor/lib/test/auto/Differential.xml
----------------- Instantiating /home/travis/build/icyphy/ptII/ptolemy/actor/lib/test/auto/Differential.xml
3 ms. Memory: 560128K Free: 308954K (55%)
----------------- Invoking toplevel() on ptolemy.moml.MoMLSimpleApplication@7c5f0209
----------------- Done invoking toplevel() on ptolemy.moml.MoMLSimpleApplication@7c5f0209
reloadAllAccessors: .Differential

===========================================================================================
----------------- testing Fri Jan 31 06:57:23 UTC 2020 /home/travis/build/icyphy/ptII/ptolemy/actor/lib/test/auto/Director.xml
----------------- Instantiating /home/travis/build/icyphy/ptII/ptolemy/actor/lib/test/auto/Director.xml
3 ms. Memory: 560128K Free: 305372K (55%)
----------------- Invoking toplevel() on ptolemy.moml.MoMLSimpleApplication@68b816f6
----------------- Done invoking toplevel() on ptolemy.moml.MoMLSimpleApplication@68b816f6
reloadAllAccessors: .Director

===========================================================================================
----------------- testing Fri Jan 31 06:57:24 UTC 2020 /home/travis/build/icyphy/ptII/ptolemy/actor/lib/test/auto/DiscreteClock.xml
----------------- Instantiating /home/travis/build/icyphy/ptII/ptolemy/actor/lib/test/auto/DiscreteClock.xml
1 ms. Memory: 560128K Free: 301276K (54%)
----------------- Invoking toplevel() on ptolemy.moml.MoMLSimpleApplication@33a67e08
----------------- Done invoking toplevel() on ptolemy.moml.MoMLSimpleApplication@33a67e08
reloadAllAccessors: .DiscreteClock

===========================================================================================
----------------- testing Fri Jan 31 06:57:24 UTC 2020 /home/travis/build/icyphy/ptII/ptolemy/actor/lib/test/auto/DiscreteClock10.xml
----------------- Instantiating /home/travis/build/icyphy/ptII/ptolemy/actor/lib/test/auto/DiscreteClock10.xml
1 ms. Memory: 560128K Free: 295642K (53%)
----------------- Invoking toplevel() on ptolemy.moml.MoMLSimpleApplication@33595d0e
----------------- Done invoking toplevel() on ptolemy.moml.MoMLSimpleApplication@33595d0e
reloadAllAccessors: .DiscreteClock10

===========================================================================================
----------------- testing Fri Jan 31 06:57:24 UTC 2020 /home/travis/build/icyphy/ptII/ptolemy/actor/lib/test/auto/DiscreteClock11.xml
----------------- Instantiating /home/travis/build/icyphy/ptII/ptolemy/actor/lib/test/auto/DiscreteClock11.xml
2 ms. Memory: 560128K Free: 289498K (52%)
----------------- Invoking toplevel() on ptolemy.moml.MoMLSimpleApplication@190ddd0f
----------------- Done invoking toplevel() on ptolemy.moml.MoMLSimpleApplication@190ddd0f
reloadAllAccessors: .DiscreteClock11

===========================================================================================
----------------- testing Fri Jan 31 06:57:24 UTC 2020 /home/travis/build/icyphy/ptII/ptolemy/actor/lib/test/auto/DiscreteClock12.xml
----------------- Instantiating /home/travis/build/icyphy/ptII/ptolemy/actor/lib/test/auto/DiscreteClock12.xml
3 ms. Memory: 560128K Free: 283354K (51%)
----------------- Invoking toplevel() on ptolemy.moml.MoMLSimpleApplication@78cbffae
----------------- Done invoking toplevel() on ptolemy.moml.MoMLSimpleApplication@78cbffae
reloadAllAccessors: .DiscreteClock12

===========================================================================================
----------------- testing Fri Jan 31 06:57:24 UTC 2020 /home/travis/build/icyphy/ptII/ptolemy/actor/lib/test/auto/DiscreteClock13.xml
----------------- Instantiating /home/travis/build/icyphy/ptII/ptolemy/actor/lib/test/auto/DiscreteClock13.xml
5 ms. Memory: 560128K Free: 277724K (50%)
----------------- Invoking toplevel() on ptolemy.moml.MoMLSimpleApplication@25df43e8
----------------- Done invoking toplevel() on ptolemy.moml.MoMLSimpleApplication@25df43e8
reloadAllAccessors: .DiscreteClock13

===========================================================================================
----------------- testing Fri Jan 31 06:57:24 UTC 2020 /home/travis/build/icyphy/ptII/ptolemy/actor/lib/test/auto/DiscreteClock14.xml
----------------- Instantiating /home/travis/build/icyphy/ptII/ptolemy/actor/lib/test/auto/DiscreteClock14.xml
5 ms. Memory: 560128K Free: 271580K (48%)
----------------- Invoking toplevel() on ptolemy.moml.MoMLSimpleApplication@5d4d0aaa
----------------- Done invoking toplevel() on ptolemy.moml.MoMLSimpleApplication@5d4d0aaa
reloadAllAccessors: .DiscreteClock14

===========================================================================================
----------------- testing Fri Jan 31 06:57:24 UTC 2020 /home/travis/build/icyphy/ptII/ptolemy/actor/lib/test/auto/DiscreteClock15.xml
----------------- Instantiating /home/travis/build/icyphy/ptII/ptolemy/actor/lib/test/auto/DiscreteClock15.xml
4 ms. Memory: 560128K Free: 265436K (47%)
----------------- Invoking toplevel() on ptolemy.moml.MoMLSimpleApplication@591e80b1
----------------- Done invoking toplevel() on ptolemy.moml.MoMLSimpleApplication@591e80b1
reloadAllAccessors: .DiscreteClock15

===========================================================================================
----------------- testing Fri Jan 31 06:57:24 UTC 2020 /home/travis/build/icyphy/ptII/ptolemy/actor/lib/test/auto/DiscreteClock16.xml
----------------- Instantiating /home/travis/build/icyphy/ptII/ptolemy/actor/lib/test/auto/DiscreteClock16.xml
12 ms. Memory: 560128K Free: 251596K (45%)
----------------- Invoking toplevel() on ptolemy.moml.MoMLSimpleApplication@2eef19fd
----------------- Done invoking toplevel() on ptolemy.moml.MoMLSimpleApplication@2eef19fd
reloadAllAccessors: .DiscreteClock16

===========================================================================================
----------------- testing Fri Jan 31 06:57:24 UTC 2020 /home/travis/build/icyphy/ptII/ptolemy/actor/lib/test/auto/DiscreteClock17.xml
----------------- Instantiating /home/travis/build/icyphy/ptII/ptolemy/actor/lib/test/auto/DiscreteClock17.xml
15 ms. Memory: 560128K Free: 237788K (42%)
----------------- Invoking toplevel() on ptolemy.moml.MoMLSimpleApplication@74bea98a
----------------- Done invoking toplevel() on ptolemy.moml.MoMLSimpleApplication@74bea98a
reloadAllAccessors: .DiscreteClock17

===========================================================================================
----------------- testing Fri Jan 31 06:57:24 UTC 2020 /home/travis/build/icyphy/ptII/ptolemy/actor/lib/test/auto/DiscreteClock18.xml
----------------- Instantiating /home/travis/build/icyphy/ptII/ptolemy/actor/lib/test/auto/DiscreteClock18.xml
10 ms. Memory: 560128K Free: 223962K (40%)
----------------- Invoking toplevel() on ptolemy.moml.MoMLSimpleApplication@30008267
----------------- Done invoking toplevel() on ptolemy.moml.MoMLSimpleApplication@30008267
reloadAllAccessors: .DiscreteClock18

===========================================================================================
----------------- testing Fri Jan 31 06:57:24 UTC 2020 /home/travis/build/icyphy/ptII/ptolemy/actor/lib/test/auto/DiscreteClock19.xml
----------------- Instantiating /home/travis/build/icyphy/ptII/ptolemy/actor/lib/test/auto/DiscreteClock19.xml
15 ms. Memory: 560128K Free: 210140K (38%)
----------------- Invoking toplevel() on ptolemy.moml.MoMLSimpleApplication@26ce660c
----------------- Done invoking toplevel() on ptolemy.moml.MoMLSimpleApplication@26ce660c
reloadAllAccessors: .DiscreteClock19

===========================================================================================
----------------- testing Fri Jan 31 06:57:24 UTC 2020 /home/travis/build/icyphy/ptII/ptolemy/actor/lib/test/auto/DiscreteClock2.xml
----------------- Instantiating /home/travis/build/icyphy/ptII/ptolemy/actor/lib/test/auto/DiscreteClock2.xml
4 ms. Memory: 560128K Free: 205499K (37%)
----------------- Invoking toplevel() on ptolemy.moml.MoMLSimpleApplication@18eee0c8
----------------- Done invoking toplevel() on ptolemy.moml.MoMLSimpleApplication@18eee0c8
reloadAllAccessors: .DiscreteClock2

===========================================================================================
----------------- testing Fri Jan 31 06:57:24 UTC 2020 /home/travis/build/icyphy/ptII/ptolemy/actor/lib/test/auto/DiscreteClock20.xml
----------------- Instantiating /home/travis/build/icyphy/ptII/ptolemy/actor/lib/test/auto/DiscreteClock20.xml
5 ms. Memory: 560128K Free: 199900K (36%)
----------------- Invoking toplevel() on ptolemy.moml.MoMLSimpleApplication@539b556c
----------------- Done invoking toplevel() on ptolemy.moml.MoMLSimpleApplication@539b556c
reloadAllAccessors: .DiscreteClock20

===========================================================================================
----------------- testing Fri Jan 31 06:57:24 UTC 2020 /home/travis/build/icyphy/ptII/ptolemy/actor/lib/test/auto/DiscreteClock21.xml
----------------- Instantiating /home/travis/build/icyphy/ptII/ptolemy/actor/lib/test/auto/DiscreteClock21.xml
5 ms. Memory: 560128K Free: 194266K (35%)
----------------- Invoking toplevel() on ptolemy.moml.MoMLSimpleApplication@148da92
----------------- Done invoking toplevel() on ptolemy.moml.MoMLSimpleApplication@148da92
reloadAllAccessors: .DiscreteClock21

===========================================================================================
----------------- testing Fri Jan 31 06:57:24 UTC 2020 /home/travis/build/icyphy/ptII/ptolemy/actor/lib/test/auto/DiscreteClock22.xml
----------------- Instantiating /home/travis/build/icyphy/ptII/ptolemy/actor/lib/test/auto/DiscreteClock22.xml
5 ms. Memory: 560128K Free: 189146K (34%)
----------------- Invoking toplevel() on ptolemy.moml.MoMLSimpleApplication@2374300c
----------------- Done invoking toplevel() on ptolemy.moml.MoMLSimpleApplication@2374300c
reloadAllAccessors: .DiscreteClock22

===========================================================================================
----------------- testing Fri Jan 31 06:57:24 UTC 2020 /home/travis/build/icyphy/ptII/ptolemy/actor/lib/test/auto/DiscreteClock23.xml
----------------- Instantiating /home/travis/build/icyphy/ptII/ptolemy/actor/lib/test/auto/DiscreteClock23.xml
4 ms. Memory: 560128K Free: 183516K (33%)
----------------- Invoking toplevel() on ptolemy.moml.MoMLSimpleApplication@2a7a641b
----------------- Done invoking toplevel() on ptolemy.moml.MoMLSimpleApplication@2a7a641b
reloadAllAccessors: .DiscreteClock23

===========================================================================================
----------------- testing Fri Jan 31 06:57:24 UTC 2020 /home/travis/build/icyphy/ptII/ptolemy/actor/lib/test/auto/DiscreteClock24.xml
----------------- Instantiating /home/travis/build/icyphy/ptII/ptolemy/actor/lib/test/auto/DiscreteClock24.xml
4 ms. Memory: 560128K Free: 177882K (32%)
----------------- Invoking toplevel() on ptolemy.moml.MoMLSimpleApplication@2f63c5ea
----------------- Done invoking toplevel() on ptolemy.moml.MoMLSimpleApplication@2f63c5ea
reloadAllAccessors: .DiscreteClock24

===========================================================================================
----------------- testing Fri Jan 31 06:57:24 UTC 2020 /home/travis/build/icyphy/ptII/ptolemy/actor/lib/test/auto/DiscreteClock4.xml
----------------- Instantiating /home/travis/build/icyphy/ptII/ptolemy/actor/lib/test/auto/DiscreteClock4.xml
4 ms. Memory: 560128K Free: 503746K (90%)
----------------- Invoking toplevel() on ptolemy.moml.MoMLSimpleApplication@763ec8f1
----------------- Done invoking toplevel() on ptolemy.moml.MoMLSimpleApplication@763ec8f1
reloadAllAccessors: .DiscreteClock4

===========================================================================================
----------------- testing Fri Jan 31 06:57:24 UTC 2020 /home/travis/build/icyphy/ptII/ptolemy/actor/lib/test/auto/DiscreteClock5.xml
----------------- Instantiating /home/travis/build/icyphy/ptII/ptolemy/actor/lib/test/auto/DiscreteClock5.xml
1 ms. Memory: 560128K Free: 498626K (89%)
----------------- Invoking toplevel() on ptolemy.moml.MoMLSimpleApplication@66bd6ee2
----------------- Done invoking toplevel() on ptolemy.moml.MoMLSimpleApplication@66bd6ee2
reloadAllAccessors: .DiscreteClock5

===========================================================================================
----------------- testing Fri Jan 31 06:57:24 UTC 2020 /home/travis/build/icyphy/ptII/ptolemy/actor/lib/test/auto/DiscreteClock6.xml
----------------- Instantiating /home/travis/build/icyphy/ptII/ptolemy/actor/lib/test/auto/DiscreteClock6.xml
1 ms. Memory: 560128K Free: 494530K (88%)
----------------- Invoking toplevel() on ptolemy.moml.MoMLSimpleApplication@7a5053ae
----------------- Done invoking toplevel() on ptolemy.moml.MoMLSimpleApplication@7a5053ae
reloadAllAccessors: .DiscreteClock6

===========================================================================================
----------------- testing Fri Jan 31 06:57:24 UTC 2020 /home/travis/build/icyphy/ptII/ptolemy/actor/lib/test/auto/DiscreteClock7.xml
----------------- Instantiating /home/travis/build/icyphy/ptII/ptolemy/actor/lib/test/auto/DiscreteClock7.xml
1 ms. Memory: 560128K Free: 489920K (87%)
----------------- Invoking toplevel() on ptolemy.moml.MoMLSimpleApplication@2c2bf993
----------------- Done invoking toplevel() on ptolemy.moml.MoMLSimpleApplication@2c2bf993
reloadAllAccessors: .DiscreteClock7

===========================================================================================
----------------- testing Fri Jan 31 06:57:24 UTC 2020 /home/travis/build/icyphy/ptII/ptolemy/actor/lib/test/auto/DiscreteClock8.xml
----------------- Instantiating /home/travis/build/icyphy/ptII/ptolemy/actor/lib/test/auto/DiscreteClock8.xml
5 ms. Memory: 560128K Free: 484786K (87%)
----------------- Invoking toplevel() on ptolemy.moml.MoMLSimpleApplication@543239e
----------------- Done invoking toplevel() on ptolemy.moml.MoMLSimpleApplication@543239e
reloadAllAccessors: .DiscreteClock8

===========================================================================================
----------------- testing Fri Jan 31 06:57:24 UTC 2020 /home/travis/build/icyphy/ptII/ptolemy/actor/lib/test/auto/DiscreteClock9.xml
----------------- Instantiating /home/travis/build/icyphy/ptII/ptolemy/actor/lib/test/auto/DiscreteClock9.xml
3 ms. Memory: 560128K Free: 479170K (86%)
----------------- Invoking toplevel() on ptolemy.moml.MoMLSimpleApplication@10a15a8e
----------------- Done invoking toplevel() on ptolemy.moml.MoMLSimpleApplication@10a15a8e
reloadAllAccessors: .DiscreteClock9

===========================================================================================
----------------- testing Fri Jan 31 06:57:24 UTC 2020 /home/travis/build/icyphy/ptII/ptolemy/actor/lib/test/auto/DisplayArray.xml
----------------- Instantiating /home/travis/build/icyphy/ptII/ptolemy/actor/lib/test/auto/DisplayArray.xml
1 ms. Memory: 560128K Free: 475584K (85%)
----------------- Invoking toplevel() on ptolemy.moml.MoMLSimpleApplication@46bb3c26
----------------- Done invoking toplevel() on ptolemy.moml.MoMLSimpleApplication@46bb3c26
reloadAllAccessors: .DisplayArray

===========================================================================================
----------------- testing Fri Jan 31 06:57:24 UTC 2020 /home/travis/build/icyphy/ptII/ptolemy/actor/lib/test/auto/Distributor.xml
----------------- Instantiating /home/travis/build/icyphy/ptII/ptolemy/actor/lib/test/auto/Distributor.xml
2 ms. Memory: 560128K Free: 470978K (84%)
----------------- Invoking toplevel() on ptolemy.moml.MoMLSimpleApplication@7e4786d8
----------------- Done invoking toplevel() on ptolemy.moml.MoMLSimpleApplication@7e4786d8
reloadAllAccessors: .Distributor

===========================================================================================
----------------- testing Fri Jan 31 06:57:24 UTC 2020 /home/travis/build/icyphy/ptII/ptolemy/actor/lib/test/auto/Distributor2.xml
----------------- Instantiating /home/travis/build/icyphy/ptII/ptolemy/actor/lib/test/auto/Distributor2.xml
1 ms. Memory: 560128K Free: 466368K (83%)
----------------- Invoking toplevel() on ptolemy.moml.MoMLSimpleApplication@4f5ff711
----------------- Done invoking toplevel() on ptolemy.moml.MoMLSimpleApplication@4f5ff711
reloadAllAccessors: .Distributor2

===========================================================================================
----------------- testing Fri Jan 31 06:57:24 UTC 2020 /home/travis/build/icyphy/ptII/ptolemy/actor/lib/test/auto/DownSample.xml
----------------- Instantiating /home/travis/build/icyphy/ptII/ptolemy/actor/lib/test/auto/DownSample.xml
1 ms. Memory: 560128K Free: 461762K (82%)
----------------- Invoking toplevel() on ptolemy.moml.MoMLSimpleApplication@2de5eb2e
----------------- Done invoking toplevel() on ptolemy.moml.MoMLSimpleApplication@2de5eb2e
reloadAllAccessors: .DownSample

===========================================================================================
----------------- testing Fri Jan 31 06:57:24 UTC 2020 /home/travis/build/icyphy/ptII/ptolemy/actor/lib/test/auto/ElectronicUnitBase1.xml
----------------- Instantiating /home/travis/build/icyphy/ptII/ptolemy/actor/lib/test/auto/ElectronicUnitBase1.xml
15 ms. Memory: 560128K Free: 445888K (80%)
----------------- Invoking toplevel() on ptolemy.moml.MoMLSimpleApplication@6b8f5432
----------------- Done invoking toplevel() on ptolemy.moml.MoMLSimpleApplication@6b8f5432
reloadAllAccessors: .ElectronicUnitBase1

===========================================================================================
----------------- testing Fri Jan 31 06:57:24 UTC 2020 /home/travis/build/icyphy/ptII/ptolemy/actor/lib/test/auto/ElementsToArray.xml
----------------- Instantiating /home/travis/build/icyphy/ptII/ptolemy/actor/lib/test/auto/ElementsToArray.xml
2 ms. Memory: 560128K Free: 440768K (79%)
----------------- Invoking toplevel() on ptolemy.moml.MoMLSimpleApplication@274193c9
----------------- Done invoking toplevel() on ptolemy.moml.MoMLSimpleApplication@274193c9
reloadAllAccessors: .ElementsToArray

===========================================================================================
----------------- testing Fri Jan 31 06:57:24 UTC 2020 /home/travis/build/icyphy/ptII/ptolemy/actor/lib/test/auto/Equals.xml
----------------- Instantiating /home/travis/build/icyphy/ptII/ptolemy/actor/lib/test/auto/Equals.xml
3 ms. Memory: 560128K Free: 436672K (78%)
----------------- Invoking toplevel() on ptolemy.moml.MoMLSimpleApplication@565cfed8
----------------- Done invoking toplevel() on ptolemy.moml.MoMLSimpleApplication@565cfed8
reloadAllAccessors: .Equals

===========================================================================================
----------------- testing Fri Jan 31 06:57:24 UTC 2020 /home/travis/build/icyphy/ptII/ptolemy/actor/lib/test/auto/Exec.xml
----------------- Instantiating /home/travis/build/icyphy/ptII/ptolemy/actor/lib/test/auto/Exec.xml
16 ms. Memory: 560128K Free: 431042K (77%)
----------------- Invoking toplevel() on ptolemy.moml.MoMLSimpleApplication@6989eca3
----------------- Done invoking toplevel() on ptolemy.moml.MoMLSimpleApplication@6989eca3
reloadAllAccessors: .Exec

===========================================================================================
----------------- testing Fri Jan 31 06:57:24 UTC 2020 /home/travis/build/icyphy/ptII/ptolemy/actor/lib/test/auto/ExecEnvironment.xml
----------------- Instantiating /home/travis/build/icyphy/ptII/ptolemy/actor/lib/test/auto/ExecEnvironment.xml
24 ms. Memory: 560128K Free: 425920K (76%)
----------------- Invoking toplevel() on ptolemy.moml.MoMLSimpleApplication@1721a333
----------------- Done invoking toplevel() on ptolemy.moml.MoMLSimpleApplication@1721a333
reloadAllAccessors: .ExecEnvironment

===========================================================================================
----------------- testing Fri Jan 31 06:57:24 UTC 2020 /home/travis/build/icyphy/ptII/ptolemy/actor/lib/test/auto/ExecNonZeroReturnOutput.xml
----------------- Instantiating /home/travis/build/icyphy/ptII/ptolemy/actor/lib/test/auto/ExecNonZeroReturnOutput.xml
155 ms. Memory: 560128K Free: 414658K (74%)
----------------- Invoking toplevel() on ptolemy.moml.MoMLSimpleApplication@4f52b659
----------------- Done invoking toplevel() on ptolemy.moml.MoMLSimpleApplication@4f52b659
reloadAllAccessors: .ExecNonZeroReturnOutput

===========================================================================================
----------------- testing Fri Jan 31 06:57:24 UTC 2020 /home/travis/build/icyphy/ptII/ptolemy/actor/lib/test/auto/ExecRunDemos.xml
----------------- Instantiating /home/travis/build/icyphy/ptII/ptolemy/actor/lib/test/auto/ExecRunDemos.xml
Finished: 96 ms. Memory: 129024K Free: 112102K (87%)

Finished: 71 ms. Memory: 129024K Free: 109484K (85%)

Finished: 72 ms. Memory: 129024K Free: 109477K (85%)

Finished: 70 ms. Memory: 129024K Free: 111050K (86%)

Finished: 75 ms. Memory: 129024K Free: 111967K (87%)

10413 ms. Memory: 560128K Free: 393664K (70%)
----------------- Invoking toplevel() on ptolemy.moml.MoMLSimpleApplication@e8c621f
----------------- Done invoking toplevel() on ptolemy.moml.MoMLSimpleApplication@e8c621f
reloadAllAccessors: .ExecRunDemos

===========================================================================================
----------------- testing Fri Jan 31 06:57:35 UTC 2020 /home/travis/build/icyphy/ptII/ptolemy/actor/lib/test/auto/ExecStop.xml
----------------- Instantiating /home/travis/build/icyphy/ptII/ptolemy/actor/lib/test/auto/ExecStop.xml
5019 ms. Memory: 560128K Free: 254914K (46%)
----------------- Invoking toplevel() on ptolemy.moml.MoMLSimpleApplication@4437d117
----------------- Done invoking toplevel() on ptolemy.moml.MoMLSimpleApplication@4437d117
reloadAllAccessors: .ExecStop

===========================================================================================
----------------- testing Fri Jan 31 06:57:40 UTC 2020 /home/travis/build/icyphy/ptII/ptolemy/actor/lib/test/auto/ExecutionTimeSDF.xml
----------------- Instantiating /home/travis/build/icyphy/ptII/ptolemy/actor/lib/test/auto/ExecutionTimeSDF.xml
Fired ExecutionTime: -375767296
Fired ExecutionTime: 1329600000
Fired ExecutionTime: -291367296
6011 ms. Memory: 560128K Free: 242626K (43%)
----------------- Invoking toplevel() on ptolemy.moml.MoMLSimpleApplication@12e198ba
----------------- Done invoking toplevel() on ptolemy.moml.MoMLSimpleApplication@12e198ba
reloadAllAccessors: .ExecutionTimeSDF

===========================================================================================
----------------- testing Fri Jan 31 06:57:46 UTC 2020 /home/travis/build/icyphy/ptII/ptolemy/actor/lib/test/auto/Expression1.xml
----------------- Instantiating /home/travis/build/icyphy/ptII/ptolemy/actor/lib/test/auto/Expression1.xml
1 ms. Memory: 560128K Free: 239554K (43%)
----------------- Invoking toplevel() on ptolemy.moml.MoMLSimpleApplication@2f514f77
----------------- Done invoking toplevel() on ptolemy.moml.MoMLSimpleApplication@2f514f77
reloadAllAccessors: .Expression1

===========================================================================================
----------------- testing Fri Jan 31 06:57:46 UTC 2020 /home/travis/build/icyphy/ptII/ptolemy/actor/lib/test/auto/Expression10.xml
----------------- Instantiating /home/travis/build/icyphy/ptII/ptolemy/actor/lib/test/auto/Expression10.xml
7 ms. Memory: 560128K Free: 233920K (42%)
----------------- Invoking toplevel() on ptolemy.moml.MoMLSimpleApplication@e32c394
----------------- Done invoking toplevel() on ptolemy.moml.MoMLSimpleApplication@e32c394
reloadAllAccessors: .Expression10

===========================================================================================
----------------- testing Fri Jan 31 06:57:46 UTC 2020 /home/travis/build/icyphy/ptII/ptolemy/actor/lib/test/auto/Expression11.xml
----------------- Instantiating /home/travis/build/icyphy/ptII/ptolemy/actor/lib/test/auto/Expression11.xml
2 ms. Memory: 560128K Free: 229824K (41%)
----------------- Invoking toplevel() on ptolemy.moml.MoMLSimpleApplication@6de9e15f
----------------- Done invoking toplevel() on ptolemy.moml.MoMLSimpleApplication@6de9e15f
reloadAllAccessors: .Expression11

===========================================================================================
----------------- testing Fri Jan 31 06:57:46 UTC 2020 /home/travis/build/icyphy/ptII/ptolemy/actor/lib/test/auto/Expression12.xml
----------------- Instantiating /home/travis/build/icyphy/ptII/ptolemy/actor/lib/test/auto/Expression12.xml
3 ms. Memory: 560128K Free: 224194K (40%)
----------------- Invoking toplevel() on ptolemy.moml.MoMLSimpleApplication@1c6bc646
----------------- Done invoking toplevel() on ptolemy.moml.MoMLSimpleApplication@1c6bc646
reloadAllAccessors: .Expression12

===========================================================================================
----------------- testing Fri Jan 31 06:57:46 UTC 2020 /home/travis/build/icyphy/ptII/ptolemy/actor/lib/test/auto/Expression13.xml
----------------- Instantiating /home/travis/build/icyphy/ptII/ptolemy/actor/lib/test/auto/Expression13.xml
3 ms. Memory: 560128K Free: 219074K (39%)
----------------- Invoking toplevel() on ptolemy.moml.MoMLSimpleApplication@3e85bd14
----------------- Done invoking toplevel() on ptolemy.moml.MoMLSimpleApplication@3e85bd14
reloadAllAccessors: .Expression13

===========================================================================================
----------------- testing Fri Jan 31 06:57:46 UTC 2020 /home/travis/build/icyphy/ptII/ptolemy/actor/lib/test/auto/Expression14.xml
----------------- Instantiating /home/travis/build/icyphy/ptII/ptolemy/actor/lib/test/auto/Expression14.xml
8 ms. Memory: 560128K Free: 213440K (38%)
----------------- Invoking toplevel() on ptolemy.moml.MoMLSimpleApplication@4cd4c895
----------------- Done invoking toplevel() on ptolemy.moml.MoMLSimpleApplication@4cd4c895
reloadAllAccessors: .Expression14

===========================================================================================
----------------- testing Fri Jan 31 06:57:46 UTC 2020 /home/travis/build/icyphy/ptII/ptolemy/actor/lib/test/auto/Expression15.xml
----------------- Instantiating /home/travis/build/icyphy/ptII/ptolemy/actor/lib/test/auto/Expression15.xml
1 ms. Memory: 560128K Free: 209858K (37%)
----------------- Invoking toplevel() on ptolemy.moml.MoMLSimpleApplication@3153d44
----------------- Done invoking toplevel() on ptolemy.moml.MoMLSimpleApplication@3153d44
reloadAllAccessors: .Expression15

===========================================================================================
----------------- testing Fri Jan 31 06:57:46 UTC 2020 /home/travis/build/icyphy/ptII/ptolemy/actor/lib/test/auto/Expression16.xml
----------------- Instantiating /home/travis/build/icyphy/ptII/ptolemy/actor/lib/test/auto/Expression16.xml
3 ms. Memory: 560128K Free: 205248K (37%)
----------------- Invoking toplevel() on ptolemy.moml.MoMLSimpleApplication@78496bdb
----------------- Done invoking toplevel() on ptolemy.moml.MoMLSimpleApplication@78496bdb
reloadAllAccessors: .Expression16

===========================================================================================
----------------- testing Fri Jan 31 06:57:46 UTC 2020 /home/travis/build/icyphy/ptII/ptolemy/actor/lib/test/auto/Expression17.xml
----------------- Instantiating /home/travis/build/icyphy/ptII/ptolemy/actor/lib/test/auto/Expression17.xml
3 ms. Memory: 560128K Free: 200128K (36%)
----------------- Invoking toplevel() on ptolemy.moml.MoMLSimpleApplication@1b0fd0b5
----------------- Done invoking toplevel() on ptolemy.moml.MoMLSimpleApplication@1b0fd0b5
reloadAllAccessors: .Expression17

===========================================================================================
----------------- testing Fri Jan 31 06:57:46 UTC 2020 /home/travis/build/icyphy/ptII/ptolemy/actor/lib/test/auto/Expression18.xml
----------------- Instantiating /home/travis/build/icyphy/ptII/ptolemy/actor/lib/test/auto/Expression18.xml
3 ms. Memory: 560128K Free: 195008K (35%)
----------------- Invoking toplevel() on ptolemy.moml.MoMLSimpleApplication@40cd7d1a
----------------- Done invoking toplevel() on ptolemy.moml.MoMLSimpleApplication@40cd7d1a
reloadAllAccessors: .Expression18

===========================================================================================
----------------- testing Fri Jan 31 06:57:46 UTC 2020 /home/travis/build/icyphy/ptII/ptolemy/actor/lib/test/auto/Expression2.xml
----------------- Instantiating /home/travis/build/icyphy/ptII/ptolemy/actor/lib/test/auto/Expression2.xml
2 ms. Memory: 560128K Free: 189888K (34%)
----------------- Invoking toplevel() on ptolemy.moml.MoMLSimpleApplication@22fb1b2d
----------------- Done invoking toplevel() on ptolemy.moml.MoMLSimpleApplication@22fb1b2d
reloadAllAccessors: .Expression2

===========================================================================================
----------------- testing Fri Jan 31 06:57:46 UTC 2020 /home/travis/build/icyphy/ptII/ptolemy/actor/lib/test/auto/Expression3.xml
----------------- Instantiating /home/travis/build/icyphy/ptII/ptolemy/actor/lib/test/auto/Expression3.xml
6 ms. Memory: 560128K Free: 184768K (33%)
----------------- Invoking toplevel() on ptolemy.moml.MoMLSimpleApplication@522b7900
----------------- Done invoking toplevel() on ptolemy.moml.MoMLSimpleApplication@522b7900
reloadAllAccessors: .Expression3

===========================================================================================
----------------- testing Fri Jan 31 06:57:46 UTC 2020 /home/travis/build/icyphy/ptII/ptolemy/actor/lib/test/auto/Expression4.xml
----------------- Instantiating /home/travis/build/icyphy/ptII/ptolemy/actor/lib/test/auto/Expression4.xml
5 ms. Memory: 560128K Free: 177600K (32%)
----------------- Invoking toplevel() on ptolemy.moml.MoMLSimpleApplication@d6c09cc
----------------- Done invoking toplevel() on ptolemy.moml.MoMLSimpleApplication@d6c09cc
reloadAllAccessors: .Expression4

===========================================================================================
----------------- testing Fri Jan 31 06:57:46 UTC 2020 /home/travis/build/icyphy/ptII/ptolemy/actor/lib/test/auto/Expression5.xml
----------------- Instantiating /home/travis/build/icyphy/ptII/ptolemy/actor/lib/test/auto/Expression5.xml
3 ms. Memory: 560128K Free: 503484K (90%)
----------------- Invoking toplevel() on ptolemy.moml.MoMLSimpleApplication@a3cb8d7
----------------- Done invoking toplevel() on ptolemy.moml.MoMLSimpleApplication@a3cb8d7
reloadAllAccessors: .Expression5

===========================================================================================
----------------- testing Fri Jan 31 06:57:46 UTC 2020 /home/travis/build/icyphy/ptII/ptolemy/actor/lib/test/auto/Expression6.xml
----------------- Instantiating /home/travis/build/icyphy/ptII/ptolemy/actor/lib/test/auto/Expression6.xml
2 ms. Memory: 560128K Free: 499388K (89%)
----------------- Invoking toplevel() on ptolemy.moml.MoMLSimpleApplication@526688d3
----------------- Done invoking toplevel() on ptolemy.moml.MoMLSimpleApplication@526688d3
reloadAllAccessors: .Expression6

===========================================================================================
----------------- testing Fri Jan 31 06:57:46 UTC 2020 /home/travis/build/icyphy/ptII/ptolemy/actor/lib/test/auto/Expression7.xml
----------------- Instantiating /home/travis/build/icyphy/ptII/ptolemy/actor/lib/test/auto/Expression7.xml
1 ms. Memory: 560128K Free: 494268K (88%)
----------------- Invoking toplevel() on ptolemy.moml.MoMLSimpleApplication@561030c6
----------------- Done invoking toplevel() on ptolemy.moml.MoMLSimpleApplication@561030c6
reloadAllAccessors: .Expression7

===========================================================================================
----------------- testing Fri Jan 31 06:57:46 UTC 2020 /home/travis/build/icyphy/ptII/ptolemy/actor/lib/test/auto/Expression8.xml
----------------- Instantiating /home/travis/build/icyphy/ptII/ptolemy/actor/lib/test/auto/Expression8.xml
7 ms. Memory: 560128K Free: 489148K (87%)
----------------- Invoking toplevel() on ptolemy.moml.MoMLSimpleApplication@2cebfff9
----------------- Done invoking toplevel() on ptolemy.moml.MoMLSimpleApplication@2cebfff9
reloadAllAccessors: .Expression8

===========================================================================================
----------------- testing Fri Jan 31 06:57:46 UTC 2020 /home/travis/build/icyphy/ptII/ptolemy/actor/lib/test/auto/Expression9.xml
----------------- Instantiating /home/travis/build/icyphy/ptII/ptolemy/actor/lib/test/auto/Expression9.xml
1 ms. Memory: 560128K Free: 485566K (87%)
----------------- Invoking toplevel() on ptolemy.moml.MoMLSimpleApplication@74d3d86f
----------------- Done invoking toplevel() on ptolemy.moml.MoMLSimpleApplication@74d3d86f
reloadAllAccessors: .Expression9

===========================================================================================
----------------- testing Fri Jan 31 06:57:46 UTC 2020 /home/travis/build/icyphy/ptII/ptolemy/actor/lib/test/auto/ExpressionConcatenateArrayType.xml
----------------- Instantiating /home/travis/build/icyphy/ptII/ptolemy/actor/lib/test/auto/ExpressionConcatenateArrayType.xml
3 ms. Memory: 560128K Free: 478908K (85%)
----------------- Invoking toplevel() on ptolemy.moml.MoMLSimpleApplication@1e72fd0f
----------------- Done invoking toplevel() on ptolemy.moml.MoMLSimpleApplication@1e72fd0f
reloadAllAccessors: .ExpressionConcatenateArrayType

===========================================================================================
----------------- testing Fri Jan 31 06:57:46 UTC 2020 /home/travis/build/icyphy/ptII/ptolemy/actor/lib/test/auto/ExpressionConcatenateArrayType2.xml
----------------- Instantiating /home/travis/build/icyphy/ptII/ptolemy/actor/lib/test/auto/ExpressionConcatenateArrayType2.xml
2 ms. Memory: 560128K Free: 473788K (85%)
----------------- Invoking toplevel() on ptolemy.moml.MoMLSimpleApplication@5110b013
----------------- Done invoking toplevel() on ptolemy.moml.MoMLSimpleApplication@5110b013
reloadAllAccessors: .ExpressionConcatenateArrayType2

===========================================================================================
----------------- testing Fri Jan 31 06:57:46 UTC 2020 /home/travis/build/icyphy/ptII/ptolemy/actor/lib/test/auto/ExpressionFix.xml
----------------- Instantiating /home/travis/build/icyphy/ptII/ptolemy/actor/lib/test/auto/ExpressionFix.xml
23 ms. Memory: 560128K Free: 467132K (83%)
----------------- Invoking toplevel() on ptolemy.moml.MoMLSimpleApplication@3afeed84
----------------- Done invoking toplevel() on ptolemy.moml.MoMLSimpleApplication@3afeed84
reloadAllAccessors: .ExpressionFix

===========================================================================================
----------------- testing Fri Jan 31 06:57:46 UTC 2020 /home/travis/build/icyphy/ptII/ptolemy/actor/lib/test/auto/ExpressionFix2.xml
----------------- Instantiating /home/travis/build/icyphy/ptII/ptolemy/actor/lib/test/auto/ExpressionFix2.xml
4 ms. Memory: 560128K Free: 463038K (83%)
----------------- Invoking toplevel() on ptolemy.moml.MoMLSimpleApplication@6513ce15
----------------- Done invoking toplevel() on ptolemy.moml.MoMLSimpleApplication@6513ce15
reloadAllAccessors: .ExpressionFix2

===========================================================================================
----------------- testing Fri Jan 31 06:57:46 UTC 2020 /home/travis/build/icyphy/ptII/ptolemy/actor/lib/test/auto/ExpressionFix3.xml
----------------- Instantiating /home/travis/build/icyphy/ptII/ptolemy/actor/lib/test/auto/ExpressionFix3.xml
3 ms. Memory: 560128K Free: 458942K (82%)
----------------- Invoking toplevel() on ptolemy.moml.MoMLSimpleApplication@4386d4cf
----------------- Done invoking toplevel() on ptolemy.moml.MoMLSimpleApplication@4386d4cf
reloadAllAccessors: .ExpressionFix3

===========================================================================================
----------------- testing Fri Jan 31 06:57:46 UTC 2020 /home/travis/build/icyphy/ptII/ptolemy/actor/lib/test/auto/FileWriter1.xml
----------------- Instantiating /home/travis/build/icyphy/ptII/ptolemy/actor/lib/test/auto/FileWriter1.xml
2 ms. Memory: 560128K Free: 454846K (81%)
----------------- Invoking toplevel() on ptolemy.moml.MoMLSimpleApplication@169c4ef9
----------------- Done invoking toplevel() on ptolemy.moml.MoMLSimpleApplication@169c4ef9
reloadAllAccessors: .FileWriter1

===========================================================================================
----------------- testing Fri Jan 31 06:57:46 UTC 2020 /home/travis/build/icyphy/ptII/ptolemy/actor/lib/test/auto/FileWriter2.xml
----------------- Instantiating /home/travis/build/icyphy/ptII/ptolemy/actor/lib/test/auto/FileWriter2.xml
6 ms. Memory: 560128K Free: 450750K (80%)
----------------- Invoking toplevel() on ptolemy.moml.MoMLSimpleApplication@67dc631b
----------------- Done invoking toplevel() on ptolemy.moml.MoMLSimpleApplication@67dc631b
reloadAllAccessors: .FileWriter2

===========================================================================================
----------------- testing Fri Jan 31 06:57:46 UTC 2020 /home/travis/build/icyphy/ptII/ptolemy/actor/lib/test/auto/FileWriter3.xml
----------------- Instantiating /home/travis/build/icyphy/ptII/ptolemy/actor/lib/test/auto/FileWriter3.xml
4 ms. Memory: 560128K Free: 446654K (80%)
----------------- Invoking toplevel() on ptolemy.moml.MoMLSimpleApplication@2bc57899
----------------- Done invoking toplevel() on ptolemy.moml.MoMLSimpleApplication@2bc57899
reloadAllAccessors: .FileWriter3

===========================================================================================
----------------- testing Fri Jan 31 06:57:46 UTC 2020 /home/travis/build/icyphy/ptII/ptolemy/actor/lib/test/auto/Gaussian.xml
----------------- Instantiating /home/travis/build/icyphy/ptII/ptolemy/actor/lib/test/auto/Gaussian.xml
4 ms. Memory: 560128K Free: 442044K (79%)
----------------- Invoking toplevel() on ptolemy.moml.MoMLSimpleApplication@61564898
----------------- Done invoking toplevel() on ptolemy.moml.MoMLSimpleApplication@61564898
reloadAllAccessors: .Gaussian

===========================================================================================
----------------- testing Fri Jan 31 06:57:46 UTC 2020 /home/travis/build/icyphy/ptII/ptolemy/actor/lib/test/auto/Gaussian1.xml
----------------- Instantiating /home/travis/build/icyphy/ptII/ptolemy/actor/lib/test/auto/Gaussian1.xml
2 ms. Memory: 560128K Free: 436894K (78%)
----------------- Invoking toplevel() on ptolemy.moml.MoMLSimpleApplication@758fede1
----------------- Done invoking toplevel() on ptolemy.moml.MoMLSimpleApplication@758fede1
reloadAllAccessors: .Gaussian1

===========================================================================================
----------------- testing Fri Jan 31 06:57:47 UTC 2020 /home/travis/build/icyphy/ptII/ptolemy/actor/lib/test/auto/Gaussian2.xml
----------------- Instantiating /home/travis/build/icyphy/ptII/ptolemy/actor/lib/test/auto/Gaussian2.xml
8 ms. Memory: 560128K Free: 431294K (77%)
----------------- Invoking toplevel() on ptolemy.moml.MoMLSimpleApplication@62717724
----------------- Done invoking toplevel() on ptolemy.moml.MoMLSimpleApplication@62717724
reloadAllAccessors: .Gaussian2

===========================================================================================
----------------- testing Fri Jan 31 06:57:47 UTC 2020 /home/travis/build/icyphy/ptII/ptolemy/actor/lib/test/auto/GradientAdaptiveLattice.xml
----------------- Instantiating /home/travis/build/icyphy/ptII/ptolemy/actor/lib/test/auto/GradientAdaptiveLattice.xml
3 ms. Memory: 560128K Free: 426174K (76%)
----------------- Invoking toplevel() on ptolemy.moml.MoMLSimpleApplication@7b04a8f0
----------------- Done invoking toplevel() on ptolemy.moml.MoMLSimpleApplication@7b04a8f0
reloadAllAccessors: .GradientAdaptiveLattice

===========================================================================================
----------------- testing Fri Jan 31 06:57:47 UTC 2020 /home/travis/build/icyphy/ptII/ptolemy/actor/lib/test/auto/IIR.xml
----------------- Instantiating /home/travis/build/icyphy/ptII/ptolemy/actor/lib/test/auto/IIR.xml
2 ms. Memory: 560128K Free: 422078K (75%)
----------------- Invoking toplevel() on ptolemy.moml.MoMLSimpleApplication@342116e5
----------------- Done invoking toplevel() on ptolemy.moml.MoMLSimpleApplication@342116e5
reloadAllAccessors: .IIR

===========================================================================================
----------------- testing Fri Jan 31 06:57:47 UTC 2020 /home/travis/build/icyphy/ptII/ptolemy/actor/lib/test/auto/InputOutputTransparentPorts.xml
----------------- Instantiating /home/travis/build/icyphy/ptII/ptolemy/actor/lib/test/auto/InputOutputTransparentPorts.xml
3 ms. Memory: 560128K Free: 414396K (74%)
----------------- Invoking toplevel() on ptolemy.moml.MoMLSimpleApplication@6df22f32
----------------- Done invoking toplevel() on ptolemy.moml.MoMLSimpleApplication@6df22f32
reloadAllAccessors: .InputOutputTransparentPorts

===========================================================================================
----------------- testing Fri Jan 31 06:57:47 UTC 2020 /home/travis/build/icyphy/ptII/ptolemy/actor/lib/test/auto/Interpolator.xml
----------------- Instantiating /home/travis/build/icyphy/ptII/ptolemy/actor/lib/test/auto/Interpolator.xml
5 ms. Memory: 560128K Free: 410812K (73%)
----------------- Invoking toplevel() on ptolemy.moml.MoMLSimpleApplication@7a52136b
----------------- Done invoking toplevel() on ptolemy.moml.MoMLSimpleApplication@7a52136b
reloadAllAccessors: .Interpolator

===========================================================================================
----------------- testing Fri Jan 31 06:57:47 UTC 2020 /home/travis/build/icyphy/ptII/ptolemy/actor/lib/test/auto/InterpolatorFiringLimitDE.xml
----------------- Instantiating /home/travis/build/icyphy/ptII/ptolemy/actor/lib/test/auto/InterpolatorFiringLimitDE.xml
2 ms. Memory: 560128K Free: 404156K (72%)
----------------- Invoking toplevel() on ptolemy.moml.MoMLSimpleApplication@da067eb
----------------- Done invoking toplevel() on ptolemy.moml.MoMLSimpleApplication@da067eb
reloadAllAccessors: .InterpolatorFiringLimitDE

===========================================================================================
----------------- testing Fri Jan 31 06:57:47 UTC 2020 /home/travis/build/icyphy/ptII/ptolemy/actor/lib/test/auto/Lattice.xml
----------------- Instantiating /home/travis/build/icyphy/ptII/ptolemy/actor/lib/test/auto/Lattice.xml
1 ms. Memory: 560128K Free: 400060K (71%)
----------------- Invoking toplevel() on ptolemy.moml.MoMLSimpleApplication@5d95ad95
----------------- Done invoking toplevel() on ptolemy.moml.MoMLSimpleApplication@5d95ad95
reloadAllAccessors: .Lattice

===========================================================================================
----------------- testing Fri Jan 31 06:57:47 UTC 2020 /home/travis/build/icyphy/ptII/ptolemy/actor/lib/test/auto/LazyAOCTestLazy.xml
----------------- Instantiating /home/travis/build/icyphy/ptII/ptolemy/actor/lib/test/auto/LazyAOCTestLazy.xml
15 ms. Memory: 560128K Free: 394430K (70%)
----------------- Invoking toplevel() on ptolemy.moml.MoMLSimpleApplication@236946b
----------------- Done invoking toplevel() on ptolemy.moml.MoMLSimpleApplication@236946b
reloadAllAccessors: .LazyAOCTestLazy

===========================================================================================
----------------- testing Fri Jan 31 06:57:47 UTC 2020 /home/travis/build/icyphy/ptII/ptolemy/actor/lib/test/auto/LazyAOCTestNonLazy.xml
----------------- Instantiating /home/travis/build/icyphy/ptII/ptolemy/actor/lib/test/auto/LazyAOCTestNonLazy.xml
2 ms. Memory: 560128K Free: 387772K (69%)
----------------- Invoking toplevel() on ptolemy.moml.MoMLSimpleApplication@67181535
----------------- Done invoking toplevel() on ptolemy.moml.MoMLSimpleApplication@67181535
reloadAllAccessors: .LazyAOCTestNonLazy

===========================================================================================
----------------- testing Fri Jan 31 06:57:47 UTC 2020 /home/travis/build/icyphy/ptII/ptolemy/actor/lib/test/auto/LazyInnerClass.xml
----------------- Instantiating /home/travis/build/icyphy/ptII/ptolemy/actor/lib/test/auto/LazyInnerClass.xml
18 ms. Memory: 560128K Free: 379070K (68%)
----------------- Invoking toplevel() on ptolemy.moml.MoMLSimpleApplication@67ac1b9d
----------------- Done invoking toplevel() on ptolemy.moml.MoMLSimpleApplication@67ac1b9d
reloadAllAccessors: .LazyInnerClass

===========================================================================================
----------------- testing Fri Jan 31 06:57:47 UTC 2020 /home/travis/build/icyphy/ptII/ptolemy/actor/lib/test/auto/LazyPubSub.xml
----------------- Instantiating /home/travis/build/icyphy/ptII/ptolemy/actor/lib/test/auto/LazyPubSub.xml
26 ms. Memory: 560128K Free: 369340K (66%)
----------------- Invoking toplevel() on ptolemy.moml.MoMLSimpleApplication@7a80e237
----------------- Done invoking toplevel() on ptolemy.moml.MoMLSimpleApplication@7a80e237
reloadAllAccessors: .LazyPubSub

===========================================================================================
----------------- testing Fri Jan 31 06:57:47 UTC 2020 /home/travis/build/icyphy/ptII/ptolemy/actor/lib/test/auto/LazyPubSub2.xml
----------------- Instantiating /home/travis/build/icyphy/ptII/ptolemy/actor/lib/test/auto/LazyPubSub2.xml
10 ms. Memory: 560128K Free: 359100K (64%)
----------------- Invoking toplevel() on ptolemy.moml.MoMLSimpleApplication@69615e03
----------------- Done invoking toplevel() on ptolemy.moml.MoMLSimpleApplication@69615e03
reloadAllAccessors: .LazyPubSub2

===========================================================================================
----------------- testing Fri Jan 31 06:57:47 UTC 2020 /home/travis/build/icyphy/ptII/ptolemy/actor/lib/test/auto/LazyPubSub3.xml
----------------- Instantiating /home/travis/build/icyphy/ptII/ptolemy/actor/lib/test/auto/LazyPubSub3.xml
13 ms. Memory: 560128K Free: 348860K (62%)
----------------- Invoking toplevel() on ptolemy.moml.MoMLSimpleApplication@10eb91d1
----------------- Done invoking toplevel() on ptolemy.moml.MoMLSimpleApplication@10eb91d1
reloadAllAccessors: .LazyPubSub3

===========================================================================================
----------------- testing Fri Jan 31 06:57:47 UTC 2020 /home/travis/build/icyphy/ptII/ptolemy/actor/lib/test/auto/LazySubClassModel.xml
----------------- Instantiating /home/travis/build/icyphy/ptII/ptolemy/actor/lib/test/auto/LazySubClassModel.xml
2 ms. Memory: 560128K Free: 340158K (61%)
----------------- Invoking toplevel() on ptolemy.moml.MoMLSimpleApplication@18bc501a
----------------- Done invoking toplevel() on ptolemy.moml.MoMLSimpleApplication@18bc501a
reloadAllAccessors: .LazySubClassModel

===========================================================================================
----------------- testing Fri Jan 31 06:57:47 UTC 2020 /home/travis/build/icyphy/ptII/ptolemy/actor/lib/test/auto/LevelCrossTest1.xml
----------------- Instantiating /home/travis/build/icyphy/ptII/ptolemy/actor/lib/test/auto/LevelCrossTest1.xml
1 ms. Memory: 560128K Free: 334524K (60%)
----------------- Invoking toplevel() on ptolemy.moml.MoMLSimpleApplication@2b588449
----------------- Done invoking toplevel() on ptolemy.moml.MoMLSimpleApplication@2b588449
reloadAllAccessors: .broken

===========================================================================================
----------------- testing Fri Jan 31 06:57:47 UTC 2020 /home/travis/build/icyphy/ptII/ptolemy/actor/lib/test/auto/LevelCrossTest10.xml
----------------- Instantiating /home/travis/build/icyphy/ptII/ptolemy/actor/lib/test/auto/LevelCrossTest10.xml
5 ms. Memory: 560128K Free: 327356K (58%)
----------------- Invoking toplevel() on ptolemy.moml.MoMLSimpleApplication@77d8b9aa
----------------- Done invoking toplevel() on ptolemy.moml.MoMLSimpleApplication@77d8b9aa
reloadAllAccessors: .LevelCrossTest10

===========================================================================================
----------------- testing Fri Jan 31 06:57:47 UTC 2020 /home/travis/build/icyphy/ptII/ptolemy/actor/lib/test/auto/LevelCrossTest11.xml
----------------- Instantiating /home/travis/build/icyphy/ptII/ptolemy/actor/lib/test/auto/LevelCrossTest11.xml
1 ms. Memory: 560128K Free: 321212K (57%)
----------------- Invoking toplevel() on ptolemy.moml.MoMLSimpleApplication@4419632e
----------------- Done invoking toplevel() on ptolemy.moml.MoMLSimpleApplication@4419632e
reloadAllAccessors: .LevelCrossTest11

===========================================================================================
----------------- testing Fri Jan 31 06:57:47 UTC 2020 /home/travis/build/icyphy/ptII/ptolemy/actor/lib/test/auto/LevelCrossTest12.xml
----------------- Instantiating /home/travis/build/icyphy/ptII/ptolemy/actor/lib/test/auto/LevelCrossTest12.xml
1 ms. Memory: 560128K Free: 313534K (56%)
----------------- Invoking toplevel() on ptolemy.moml.MoMLSimpleApplication@20dd2c7e
----------------- Done invoking toplevel() on ptolemy.moml.MoMLSimpleApplication@20dd2c7e
reloadAllAccessors: .LevelCrossTest12

===========================================================================================
----------------- testing Fri Jan 31 06:57:47 UTC 2020 /home/travis/build/icyphy/ptII/ptolemy/actor/lib/test/auto/LevelCrossTest13.xml
----------------- Instantiating /home/travis/build/icyphy/ptII/ptolemy/actor/lib/test/auto/LevelCrossTest13.xml
1 ms. Memory: 560128K Free: 305342K (55%)
----------------- Invoking toplevel() on ptolemy.moml.MoMLSimpleApplication@2f212c9a
----------------- Done invoking toplevel() on ptolemy.moml.MoMLSimpleApplication@2f212c9a
reloadAllAccessors: .LevelCrossTest13

===========================================================================================
----------------- testing Fri Jan 31 06:57:47 UTC 2020 /home/travis/build/icyphy/ptII/ptolemy/actor/lib/test/auto/LevelCrossTest2.xml
----------------- Instantiating /home/travis/build/icyphy/ptII/ptolemy/actor/lib/test/auto/LevelCrossTest2.xml
1 ms. Memory: 560128K Free: 300222K (54%)
----------------- Invoking toplevel() on ptolemy.moml.MoMLSimpleApplication@64f04f7f
----------------- Done invoking toplevel() on ptolemy.moml.MoMLSimpleApplication@64f04f7f
reloadAllAccessors: .broken

===========================================================================================
----------------- testing Fri Jan 31 06:57:47 UTC 2020 /home/travis/build/icyphy/ptII/ptolemy/actor/lib/test/auto/LevelCrossTest3.xml
----------------- Instantiating /home/travis/build/icyphy/ptII/ptolemy/actor/lib/test/auto/LevelCrossTest3.xml
1 ms. Memory: 560128K Free: 293564K (52%)
----------------- Invoking toplevel() on ptolemy.moml.MoMLSimpleApplication@2914c7c7
----------------- Done invoking toplevel() on ptolemy.moml.MoMLSimpleApplication@2914c7c7
reloadAllAccessors: .LevelCrossTest3

===========================================================================================
----------------- testing Fri Jan 31 06:57:47 UTC 2020 /home/travis/build/icyphy/ptII/ptolemy/actor/lib/test/auto/LevelCrossTest4.xml
----------------- Instantiating /home/travis/build/icyphy/ptII/ptolemy/actor/lib/test/auto/LevelCrossTest4.xml
1 ms. Memory: 560128K Free: 287934K (51%)
----------------- Invoking toplevel() on ptolemy.moml.MoMLSimpleApplication@20c68262
----------------- Done invoking toplevel() on ptolemy.moml.MoMLSimpleApplication@20c68262
reloadAllAccessors: .broken

===========================================================================================
----------------- testing Fri Jan 31 06:57:47 UTC 2020 /home/travis/build/icyphy/ptII/ptolemy/actor/lib/test/auto/LevelCrossTest5.xml
----------------- Instantiating /home/travis/build/icyphy/ptII/ptolemy/actor/lib/test/auto/LevelCrossTest5.xml
1 ms. Memory: 560128K Free: 280766K (50%)
----------------- Invoking toplevel() on ptolemy.moml.MoMLSimpleApplication@7d0b84cd
----------------- Done invoking toplevel() on ptolemy.moml.MoMLSimpleApplication@7d0b84cd
reloadAllAccessors: .LevelCrossTest5

===========================================================================================
----------------- testing Fri Jan 31 06:57:47 UTC 2020 /home/travis/build/icyphy/ptII/ptolemy/actor/lib/test/auto/LevelCrossTest6.xml
----------------- Instantiating /home/travis/build/icyphy/ptII/ptolemy/actor/lib/test/auto/LevelCrossTest6.xml
2 ms. Memory: 560128K Free: 274108K (49%)
----------------- Invoking toplevel() on ptolemy.moml.MoMLSimpleApplication@21eb0c0a
----------------- Done invoking toplevel() on ptolemy.moml.MoMLSimpleApplication@21eb0c0a
reloadAllAccessors: .LevelCrossTest6

===========================================================================================
----------------- testing Fri Jan 31 06:57:47 UTC 2020 /home/travis/build/icyphy/ptII/ptolemy/actor/lib/test/auto/LevelCrossTest7.xml
----------------- Instantiating /home/travis/build/icyphy/ptII/ptolemy/actor/lib/test/auto/LevelCrossTest7.xml
1 ms. Memory: 560128K Free: 266430K (48%)
----------------- Invoking toplevel() on ptolemy.moml.MoMLSimpleApplication@740ab547
----------------- Done invoking toplevel() on ptolemy.moml.MoMLSimpleApplication@740ab547
reloadAllAccessors: .LevelCrossTest7

===========================================================================================
----------------- testing Fri Jan 31 06:57:47 UTC 2020 /home/travis/build/icyphy/ptII/ptolemy/actor/lib/test/auto/LevelCrossTest8.xml
----------------- Instantiating /home/travis/build/icyphy/ptII/ptolemy/actor/lib/test/auto/LevelCrossTest8.xml
1 ms. Memory: 560128K Free: 259262K (46%)
----------------- Invoking toplevel() on ptolemy.moml.MoMLSimpleApplication@48212440
----------------- Done invoking toplevel() on ptolemy.moml.MoMLSimpleApplication@48212440
reloadAllAccessors: .LevelCrossTest8

===========================================================================================
----------------- testing Fri Jan 31 06:57:47 UTC 2020 /home/travis/build/icyphy/ptII/ptolemy/actor/lib/test/auto/LevelCrossTest9.xml
----------------- Instantiating /home/travis/build/icyphy/ptII/ptolemy/actor/lib/test/auto/LevelCrossTest9.xml
1 ms. Memory: 560128K Free: 252094K (45%)
----------------- Invoking toplevel() on ptolemy.moml.MoMLSimpleApplication@6d61e3d4
----------------- Done invoking toplevel() on ptolemy.moml.MoMLSimpleApplication@6d61e3d4
reloadAllAccessors: .LevelCrossTest9

===========================================================================================
----------------- testing Fri Jan 31 06:57:47 UTC 2020 /home/travis/build/icyphy/ptII/ptolemy/actor/lib/test/auto/LevinsonDurbin.xml
----------------- Instantiating /home/travis/build/icyphy/ptII/ptolemy/actor/lib/test/auto/LevinsonDurbin.xml
1 ms. Memory: 560128K Free: 247998K (44%)
----------------- Invoking toplevel() on ptolemy.moml.MoMLSimpleApplication@158c3642
----------------- Done invoking toplevel() on ptolemy.moml.MoMLSimpleApplication@158c3642
reloadAllAccessors: .LevinsonDurbin

===========================================================================================
----------------- testing Fri Jan 31 06:57:47 UTC 2020 /home/travis/build/icyphy/ptII/ptolemy/actor/lib/test/auto/LevinsonDurbin2.xml
----------------- Instantiating /home/travis/build/icyphy/ptII/ptolemy/actor/lib/test/auto/LevinsonDurbin2.xml
1 ms. Memory: 560128K Free: 243902K (44%)
----------------- Invoking toplevel() on ptolemy.moml.MoMLSimpleApplication@5f1cb979
----------------- Done invoking toplevel() on ptolemy.moml.MoMLSimpleApplication@5f1cb979
reloadAllAccessors: .LevinsonDurbin2

===========================================================================================
----------------- testing Fri Jan 31 06:57:47 UTC 2020 /home/travis/build/icyphy/ptII/ptolemy/actor/lib/test/auto/LevinsonDurbin3.xml
----------------- Instantiating /home/travis/build/icyphy/ptII/ptolemy/actor/lib/test/auto/LevinsonDurbin3.xml
3 ms. Memory: 560128K Free: 240316K (43%)
----------------- Invoking toplevel() on ptolemy.moml.MoMLSimpleApplication@be2cc3f
----------------- Done invoking toplevel() on ptolemy.moml.MoMLSimpleApplication@be2cc3f
reloadAllAccessors: .LevinsonDurbin3

===========================================================================================
----------------- testing Fri Jan 31 06:57:47 UTC 2020 /home/travis/build/icyphy/ptII/ptolemy/actor/lib/test/auto/Limiter.xml
----------------- Instantiating /home/travis/build/icyphy/ptII/ptolemy/actor/lib/test/auto/Limiter.xml
13 ms. Memory: 560128K Free: 231086K (41%)
----------------- Invoking toplevel() on ptolemy.moml.MoMLSimpleApplication@119299f1
----------------- Done invoking toplevel() on ptolemy.moml.MoMLSimpleApplication@119299f1
reloadAllAccessors: .Limiter

===========================================================================================
----------------- testing Fri Jan 31 06:57:47 UTC 2020 /home/travis/build/icyphy/ptII/ptolemy/actor/lib/test/auto/LinearDifferenceEquationSystem.xml
----------------- Instantiating /home/travis/build/icyphy/ptII/ptolemy/actor/lib/test/auto/LinearDifferenceEquationSystem.xml
3 ms. Memory: 560128K Free: 223932K (40%)
----------------- Invoking toplevel() on ptolemy.moml.MoMLSimpleApplication@56aa0b05
----------------- Done invoking toplevel() on ptolemy.moml.MoMLSimpleApplication@56aa0b05
reloadAllAccessors: .LinearDifferenceEquationSystem

===========================================================================================
----------------- testing Fri Jan 31 06:57:47 UTC 2020 /home/travis/build/icyphy/ptII/ptolemy/actor/lib/test/auto/LookupTable.xml
----------------- Instantiating /home/travis/build/icyphy/ptII/ptolemy/actor/lib/test/auto/LookupTable.xml
1 ms. Memory: 560128K Free: 219326K (39%)
----------------- Invoking toplevel() on ptolemy.moml.MoMLSimpleApplication@3772737
----------------- Done invoking toplevel() on ptolemy.moml.MoMLSimpleApplication@3772737
reloadAllAccessors: .LookupTable

===========================================================================================
----------------- testing Fri Jan 31 06:57:47 UTC 2020 /home/travis/build/icyphy/ptII/ptolemy/actor/lib/test/auto/MathFunction.xml
----------------- Instantiating /home/travis/build/icyphy/ptII/ptolemy/actor/lib/test/auto/MathFunction.xml
2 ms. Memory: 560128K Free: 211644K (38%)
----------------- Invoking toplevel() on ptolemy.moml.MoMLSimpleApplication@3094e695
----------------- Done invoking toplevel() on ptolemy.moml.MoMLSimpleApplication@3094e695
reloadAllAccessors: .MathFunction

===========================================================================================
----------------- testing Fri Jan 31 06:57:47 UTC 2020 /home/travis/build/icyphy/ptII/ptolemy/actor/lib/test/auto/MathFunction2.xml
----------------- Instantiating /home/travis/build/icyphy/ptII/ptolemy/actor/lib/test/auto/MathFunction2.xml
1 ms. Memory: 560128K Free: 207548K (37%)
----------------- Invoking toplevel() on ptolemy.moml.MoMLSimpleApplication@35fda79f
----------------- Done invoking toplevel() on ptolemy.moml.MoMLSimpleApplication@35fda79f
reloadAllAccessors: .MathFunction2

===========================================================================================
----------------- testing Fri Jan 31 06:57:47 UTC 2020 /home/travis/build/icyphy/ptII/ptolemy/actor/lib/test/auto/MathFunction3.xml
----------------- Instantiating /home/travis/build/icyphy/ptII/ptolemy/actor/lib/test/auto/MathFunction3.xml
2 ms. Memory: 560128K Free: 200380K (36%)
----------------- Invoking toplevel() on ptolemy.moml.MoMLSimpleApplication@13402979
----------------- Done invoking toplevel() on ptolemy.moml.MoMLSimpleApplication@13402979
reloadAllAccessors: .MathFunction3

===========================================================================================
----------------- testing Fri Jan 31 06:57:47 UTC 2020 /home/travis/build/icyphy/ptII/ptolemy/actor/lib/test/auto/MatrixCropBoolean.xml
----------------- Instantiating /home/travis/build/icyphy/ptII/ptolemy/actor/lib/test/auto/MatrixCropBoolean.xml
2 ms. Memory: 560128K Free: 195774K (35%)
----------------- Invoking toplevel() on ptolemy.moml.MoMLSimpleApplication@757b2b4c
----------------- Done invoking toplevel() on ptolemy.moml.MoMLSimpleApplication@757b2b4c
reloadAllAccessors: .MatrixCropBoolean

===========================================================================================
----------------- testing Fri Jan 31 06:57:47 UTC 2020 /home/travis/build/icyphy/ptII/ptolemy/actor/lib/test/auto/MatrixCropComplex.xml
----------------- Instantiating /home/travis/build/icyphy/ptII/ptolemy/actor/lib/test/auto/MatrixCropComplex.xml
2 ms. Memory: 560128K Free: 191134K (34%)
----------------- Invoking toplevel() on ptolemy.moml.MoMLSimpleApplication@3d524481
----------------- Done invoking toplevel() on ptolemy.moml.MoMLSimpleApplication@3d524481
reloadAllAccessors: .MatrixCropComplex

===========================================================================================
----------------- testing Fri Jan 31 06:57:47 UTC 2020 /home/travis/build/icyphy/ptII/ptolemy/actor/lib/test/auto/MatrixCropDouble.xml
----------------- Instantiating /home/travis/build/icyphy/ptII/ptolemy/actor/lib/test/auto/MatrixCropDouble.xml
2 ms. Memory: 560128K Free: 186014K (33%)
----------------- Invoking toplevel() on ptolemy.moml.MoMLSimpleApplication@7aa73fe5
----------------- Done invoking toplevel() on ptolemy.moml.MoMLSimpleApplication@7aa73fe5
reloadAllAccessors: .MatrixCropDouble

===========================================================================================
----------------- testing Fri Jan 31 06:57:47 UTC 2020 /home/travis/build/icyphy/ptII/ptolemy/actor/lib/test/auto/MatrixCropFix.xml
----------------- Instantiating /home/travis/build/icyphy/ptII/ptolemy/actor/lib/test/auto/MatrixCropFix.xml
2 ms. Memory: 560128K Free: 180894K (32%)
----------------- Invoking toplevel() on ptolemy.moml.MoMLSimpleApplication@2c709536
----------------- Done invoking toplevel() on ptolemy.moml.MoMLSimpleApplication@2c709536
reloadAllAccessors: .MatrixCropFix

===========================================================================================
----------------- testing Fri Jan 31 06:57:47 UTC 2020 /home/travis/build/icyphy/ptII/ptolemy/actor/lib/test/auto/MatrixCropInt.xml
----------------- Instantiating /home/travis/build/icyphy/ptII/ptolemy/actor/lib/test/auto/MatrixCropInt.xml
16 ms. Memory: 560128K Free: 507044K (91%)
----------------- Invoking toplevel() on ptolemy.moml.MoMLSimpleApplication@58df4dcf
----------------- Done invoking toplevel() on ptolemy.moml.MoMLSimpleApplication@58df4dcf
reloadAllAccessors: .MatrixCropInt

===========================================================================================
----------------- testing Fri Jan 31 06:57:47 UTC 2020 /home/travis/build/icyphy/ptII/ptolemy/actor/lib/test/auto/MatrixCropLong.xml
----------------- Instantiating /home/travis/build/icyphy/ptII/ptolemy/actor/lib/test/auto/MatrixCropLong.xml
2 ms. Memory: 560128K Free: 501396K (90%)
----------------- Invoking toplevel() on ptolemy.moml.MoMLSimpleApplication@5181fe61
----------------- Done invoking toplevel() on ptolemy.moml.MoMLSimpleApplication@5181fe61
reloadAllAccessors: .MatrixCropLong

===========================================================================================
----------------- testing Fri Jan 31 06:57:47 UTC 2020 /home/travis/build/icyphy/ptII/ptolemy/actor/lib/test/auto/MatrixToArray.xml
----------------- Instantiating /home/travis/build/icyphy/ptII/ptolemy/actor/lib/test/auto/MatrixToArray.xml
11 ms. Memory: 560128K Free: 486564K (87%)
----------------- Invoking toplevel() on ptolemy.moml.MoMLSimpleApplication@635db378
----------------- Done invoking toplevel() on ptolemy.moml.MoMLSimpleApplication@635db378
reloadAllAccessors: .MatrixToArray

===========================================================================================
----------------- testing Fri Jan 31 06:57:47 UTC 2020 /home/travis/build/icyphy/ptII/ptolemy/actor/lib/test/auto/MaxIndex.xml
----------------- Instantiating /home/travis/build/icyphy/ptII/ptolemy/actor/lib/test/auto/MaxIndex.xml
3 ms. Memory: 560128K Free: 481954K (86%)
----------------- Invoking toplevel() on ptolemy.moml.MoMLSimpleApplication@202e6338
----------------- Done invoking toplevel() on ptolemy.moml.MoMLSimpleApplication@202e6338
reloadAllAccessors: .MaxIndex

===========================================================================================
----------------- testing Fri Jan 31 06:57:47 UTC 2020 /home/travis/build/icyphy/ptII/ptolemy/actor/lib/test/auto/Maximum.xml
----------------- Instantiating /home/travis/build/icyphy/ptII/ptolemy/actor/lib/test/auto/Maximum.xml
2 ms. Memory: 560128K Free: 475300K (85%)
----------------- Invoking toplevel() on ptolemy.moml.MoMLSimpleApplication@1371fd01
----------------- Done invoking toplevel() on ptolemy.moml.MoMLSimpleApplication@1371fd01
reloadAllAccessors: .Maximum

===========================================================================================
----------------- testing Fri Jan 31 06:57:47 UTC 2020 /home/travis/build/icyphy/ptII/ptolemy/actor/lib/test/auto/MaximumComplex.xml
----------------- Instantiating /home/travis/build/icyphy/ptII/ptolemy/actor/lib/test/auto/MaximumComplex.xml
3 ms. Memory: 560128K Free: 469156K (84%)
----------------- Invoking toplevel() on ptolemy.moml.MoMLSimpleApplication@7f554e3e
----------------- Done invoking toplevel() on ptolemy.moml.MoMLSimpleApplication@7f554e3e
reloadAllAccessors: .MaximumComplex

===========================================================================================
----------------- testing Fri Jan 31 06:57:48 UTC 2020 /home/travis/build/icyphy/ptII/ptolemy/actor/lib/test/auto/MethodCallTest.xml
----------------- Instantiating /home/travis/build/icyphy/ptII/ptolemy/actor/lib/test/auto/MethodCallTest.xml
3 ms. Memory: 560128K Free: 462498K (83%)
----------------- Invoking toplevel() on ptolemy.moml.MoMLSimpleApplication@69b63c8f
----------------- Done invoking toplevel() on ptolemy.moml.MoMLSimpleApplication@69b63c8f
reloadAllAccessors: .MethodCallTest

===========================================================================================
----------------- testing Fri Jan 31 06:57:48 UTC 2020 /home/travis/build/icyphy/ptII/ptolemy/actor/lib/test/auto/Minimum.xml
----------------- Instantiating /home/travis/build/icyphy/ptII/ptolemy/actor/lib/test/auto/Minimum.xml
2 ms. Memory: 560128K Free: 456868K (82%)
----------------- Invoking toplevel() on ptolemy.moml.MoMLSimpleApplication@75e28c18
----------------- Done invoking toplevel() on ptolemy.moml.MoMLSimpleApplication@75e28c18
reloadAllAccessors: .Minimum

===========================================================================================
----------------- testing Fri Jan 31 06:57:48 UTC 2020 /home/travis/build/icyphy/ptII/ptolemy/actor/lib/test/auto/MinimumComplex.xml
----------------- Instantiating /home/travis/build/icyphy/ptII/ptolemy/actor/lib/test/auto/MinimumComplex.xml
3 ms. Memory: 560128K Free: 450724K (80%)
----------------- Invoking toplevel() on ptolemy.moml.MoMLSimpleApplication@74814aa3
----------------- Done invoking toplevel() on ptolemy.moml.MoMLSimpleApplication@74814aa3
reloadAllAccessors: .MinimumComplex

===========================================================================================
----------------- testing Fri Jan 31 06:57:48 UTC 2020 /home/travis/build/icyphy/ptII/ptolemy/actor/lib/test/auto/MinimumMultiports.xml
----------------- Instantiating /home/travis/build/icyphy/ptII/ptolemy/actor/lib/test/auto/MinimumMultiports.xml
3 ms. Memory: 560128K Free: 442004K (79%)
----------------- Invoking toplevel() on ptolemy.moml.MoMLSimpleApplication@25fa4945
----------------- Done invoking toplevel() on ptolemy.moml.MoMLSimpleApplication@25fa4945
reloadAllAccessors: .MinimumMultiports

===========================================================================================
----------------- testing Fri Jan 31 06:57:48 UTC 2020 /home/travis/build/icyphy/ptII/ptolemy/actor/lib/test/auto/ModifyDate.xml
----------------- Instantiating /home/travis/build/icyphy/ptII/ptolemy/actor/lib/test/auto/ModifyDate.xml
6 ms. Memory: 560128K Free: 429220K (77%)
----------------- Invoking toplevel() on ptolemy.moml.MoMLSimpleApplication@55dfb179
----------------- Done invoking toplevel() on ptolemy.moml.MoMLSimpleApplication@55dfb179
reloadAllAccessors: .ModifyDate

===========================================================================================
----------------- testing Fri Jan 31 06:57:48 UTC 2020 /home/travis/build/icyphy/ptII/ptolemy/actor/lib/test/auto/ModifyDate2.xml
----------------- Instantiating /home/travis/build/icyphy/ptII/ptolemy/actor/lib/test/auto/ModifyDate2.xml
4 ms. Memory: 560128K Free: 421028K (75%)
----------------- Invoking toplevel() on ptolemy.moml.MoMLSimpleApplication@3cfba457
----------------- Done invoking toplevel() on ptolemy.moml.MoMLSimpleApplication@3cfba457
reloadAllAccessors: .ModifyDate2

===========================================================================================
----------------- testing Fri Jan 31 06:57:48 UTC 2020 /home/travis/build/icyphy/ptII/ptolemy/actor/lib/test/auto/MovingAverage.xml
----------------- Instantiating /home/travis/build/icyphy/ptII/ptolemy/actor/lib/test/auto/MovingAverage.xml
8 ms. Memory: 560128K Free: 415908K (74%)
----------------- Invoking toplevel() on ptolemy.moml.MoMLSimpleApplication@2beffb63
----------------- Done invoking toplevel() on ptolemy.moml.MoMLSimpleApplication@2beffb63
reloadAllAccessors: .MovingAverage

===========================================================================================
----------------- testing Fri Jan 31 06:57:48 UTC 2020 /home/travis/build/icyphy/ptII/ptolemy/actor/lib/test/auto/MovingMaximum.xml
----------------- Instantiating /home/travis/build/icyphy/ptII/ptolemy/actor/lib/test/auto/MovingMaximum.xml
2 ms. Memory: 560128K Free: 411298K (73%)
----------------- Invoking toplevel() on ptolemy.moml.MoMLSimpleApplication@26a26371
----------------- Done invoking toplevel() on ptolemy.moml.MoMLSimpleApplication@26a26371
reloadAllAccessors: .MovingMaximum

===========================================================================================
----------------- testing Fri Jan 31 06:57:48 UTC 2020 /home/travis/build/icyphy/ptII/ptolemy/actor/lib/test/auto/MultipleLinksToSameRelation.xml
----------------- Instantiating /home/travis/build/icyphy/ptII/ptolemy/actor/lib/test/auto/MultipleLinksToSameRelation.xml
2 ms. Memory: 560128K Free: 407202K (73%)
----------------- Invoking toplevel() on ptolemy.moml.MoMLSimpleApplication@7a270b6d
----------------- Done invoking toplevel() on ptolemy.moml.MoMLSimpleApplication@7a270b6d
reloadAllAccessors: .MultipleLinksToSameRelation

===========================================================================================
----------------- testing Fri Jan 31 06:57:48 UTC 2020 /home/travis/build/icyphy/ptII/ptolemy/actor/lib/test/auto/MultipleLinksToSameRelationDE.xml
----------------- Instantiating /home/travis/build/icyphy/ptII/ptolemy/actor/lib/test/auto/MultipleLinksToSameRelationDE.xml
2 ms. Memory: 560128K Free: 403076K (72%)
----------------- Invoking toplevel() on ptolemy.moml.MoMLSimpleApplication@11444723
----------------- Done invoking toplevel() on ptolemy.moml.MoMLSimpleApplication@11444723
reloadAllAccessors: .MultipleLinksToSameRelationDE

===========================================================================================
----------------- testing Fri Jan 31 06:57:48 UTC 2020 /home/travis/build/icyphy/ptII/ptolemy/actor/lib/test/auto/Multiplexor.xml
----------------- Instantiating /home/travis/build/icyphy/ptII/ptolemy/actor/lib/test/auto/Multiplexor.xml
2 ms. Memory: 560128K Free: 397986K (71%)
----------------- Invoking toplevel() on ptolemy.moml.MoMLSimpleApplication@126c58f8
----------------- Done invoking toplevel() on ptolemy.moml.MoMLSimpleApplication@126c58f8
reloadAllAccessors: .Multiplexor

===========================================================================================
----------------- testing Fri Jan 31 06:57:48 UTC 2020 /home/travis/build/icyphy/ptII/ptolemy/actor/lib/test/auto/Multiplexor1.xml
----------------- Instantiating /home/travis/build/icyphy/ptII/ptolemy/actor/lib/test/auto/Multiplexor1.xml
1 ms. Memory: 560128K Free: 391828K (70%)
----------------- Invoking toplevel() on ptolemy.moml.MoMLSimpleApplication@11b58946
----------------- Done invoking toplevel() on ptolemy.moml.MoMLSimpleApplication@11b58946
reloadAllAccessors: .Multiplexor1

===========================================================================================
----------------- testing Fri Jan 31 06:57:48 UTC 2020 /home/travis/build/icyphy/ptII/ptolemy/actor/lib/test/auto/Multiplexor2.xml
----------------- Instantiating /home/travis/build/icyphy/ptII/ptolemy/actor/lib/test/auto/Multiplexor2.xml
5 ms. Memory: 560128K Free: 385188K (69%)
----------------- Invoking toplevel() on ptolemy.moml.MoMLSimpleApplication@2005511e
----------------- Done invoking toplevel() on ptolemy.moml.MoMLSimpleApplication@2005511e
reloadAllAccessors: .Multiplexor2

===========================================================================================
----------------- testing Fri Jan 31 06:57:48 UTC 2020 /home/travis/build/icyphy/ptII/ptolemy/actor/lib/test/auto/Multiplexor3.xml
----------------- Instantiating /home/travis/build/icyphy/ptII/ptolemy/actor/lib/test/auto/Multiplexor3.xml
1 ms. Memory: 560128K Free: 381092K (68%)
----------------- Invoking toplevel() on ptolemy.moml.MoMLSimpleApplication@795ad377
----------------- Done invoking toplevel() on ptolemy.moml.MoMLSimpleApplication@795ad377
reloadAllAccessors: .Multiplexor3

===========================================================================================
----------------- testing Fri Jan 31 06:57:48 UTC 2020 /home/travis/build/icyphy/ptII/ptolemy/actor/lib/test/auto/MultiplexorDE.xml
----------------- Instantiating /home/travis/build/icyphy/ptII/ptolemy/actor/lib/test/auto/MultiplexorDE.xml
2 ms. Memory: 560128K Free: 373380K (67%)
----------------- Invoking toplevel() on ptolemy.moml.MoMLSimpleApplication@12f1dbc6
----------------- Done invoking toplevel() on ptolemy.moml.MoMLSimpleApplication@12f1dbc6
reloadAllAccessors: .MultiplexorDE

===========================================================================================
----------------- testing Fri Jan 31 06:57:48 UTC 2020 /home/travis/build/icyphy/ptII/ptolemy/actor/lib/test/auto/MultiportBroadcastTest.xml
----------------- Instantiating /home/travis/build/icyphy/ptII/ptolemy/actor/lib/test/auto/MultiportBroadcastTest.xml
81 ms. Memory: 560128K Free: 367780K (66%)
----------------- Invoking toplevel() on ptolemy.moml.MoMLSimpleApplication@8ddd04e
----------------- Done invoking toplevel() on ptolemy.moml.MoMLSimpleApplication@8ddd04e
reloadAllAccessors: .MultiportBroadcastTest

===========================================================================================
----------------- testing Fri Jan 31 06:57:48 UTC 2020 /home/travis/build/icyphy/ptII/ptolemy/actor/lib/test/auto/MultiportOutHangDuringGetWidth.xml
----------------- Instantiating /home/travis/build/icyphy/ptII/ptolemy/actor/lib/test/auto/MultiportOutHangDuringGetWidth.xml
4 ms. Memory: 560128K Free: 355988K (64%)
----------------- Invoking toplevel() on ptolemy.moml.MoMLSimpleApplication@787172b8
----------------- Done invoking toplevel() on ptolemy.moml.MoMLSimpleApplication@787172b8
reloadAllAccessors: .MultiportOutHangDuringGetWidth

===========================================================================================
----------------- testing Fri Jan 31 06:57:48 UTC 2020 /home/travis/build/icyphy/ptII/ptolemy/actor/lib/test/auto/NilToken.xml
----------------- Instantiating /home/travis/build/icyphy/ptII/ptolemy/actor/lib/test/auto/NilToken.xml
1 ms. Memory: 560128K Free: 351906K (63%)
----------------- Invoking toplevel() on ptolemy.moml.MoMLSimpleApplication@629a8a42
----------------- Done invoking toplevel() on ptolemy.moml.MoMLSimpleApplication@629a8a42
reloadAllAccessors: .NilToken

===========================================================================================
----------------- testing Fri Jan 31 06:57:48 UTC 2020 /home/travis/build/icyphy/ptII/ptolemy/actor/lib/test/auto/NilTokenNonStrictTest.xml
----------------- Instantiating /home/travis/build/icyphy/ptII/ptolemy/actor/lib/test/auto/NilTokenNonStrictTest.xml
3 ms. Memory: 560128K Free: 346786K (62%)
----------------- Invoking toplevel() on ptolemy.moml.MoMLSimpleApplication@3e9a3fd3
----------------- Done invoking toplevel() on ptolemy.moml.MoMLSimpleApplication@3e9a3fd3
reloadAllAccessors: .NilTokenNonStrictTest

===========================================================================================
----------------- testing Fri Jan 31 06:57:48 UTC 2020 /home/travis/build/icyphy/ptII/ptolemy/actor/lib/test/auto/NilTokenRecord.xml
----------------- Instantiating /home/travis/build/icyphy/ptII/ptolemy/actor/lib/test/auto/NilTokenRecord.xml
6 ms. Memory: 560128K Free: 340132K (61%)
----------------- Invoking toplevel() on ptolemy.moml.MoMLSimpleApplication@1dbce0f5
----------------- Done invoking toplevel() on ptolemy.moml.MoMLSimpleApplication@1dbce0f5
reloadAllAccessors: .NilTokenRecord

===========================================================================================
----------------- testing Fri Jan 31 06:57:48 UTC 2020 /home/travis/build/icyphy/ptII/ptolemy/actor/lib/test/auto/NilTokenTypeTest.xml
----------------- Instantiating /home/travis/build/icyphy/ptII/ptolemy/actor/lib/test/auto/NilTokenTypeTest.xml
10 ms. Memory: 560128K Free: 330916K (59%)
----------------- Invoking toplevel() on ptolemy.moml.MoMLSimpleApplication@3020a4f5
----------------- Done invoking toplevel() on ptolemy.moml.MoMLSimpleApplication@3020a4f5
reloadAllAccessors: .NilTokenTypeTest

===========================================================================================
----------------- testing Fri Jan 31 06:57:48 UTC 2020 /home/travis/build/icyphy/ptII/ptolemy/actor/lib/test/auto/ObjectToken1.xml
----------------- Instantiating /home/travis/build/icyphy/ptII/ptolemy/actor/lib/test/auto/ObjectToken1.xml
3 ms. Memory: 560128K Free: 326820K (58%)
----------------- Invoking toplevel() on ptolemy.moml.MoMLSimpleApplication@3e6c6d03
----------------- Done invoking toplevel() on ptolemy.moml.MoMLSimpleApplication@3e6c6d03
reloadAllAccessors: .ObjectToken1

===========================================================================================
----------------- testing Fri Jan 31 06:57:48 UTC 2020 /home/travis/build/icyphy/ptII/ptolemy/actor/lib/test/auto/OrderedMerge.xml
----------------- Instantiating /home/travis/build/icyphy/ptII/ptolemy/actor/lib/test/auto/OrderedMerge.xml
10 ms. Memory: 560128K Free: 321186K (57%)
----------------- Invoking toplevel() on ptolemy.moml.MoMLSimpleApplication@4d3b1daa
----------------- Done invoking toplevel() on ptolemy.moml.MoMLSimpleApplication@4d3b1daa
reloadAllAccessors: .OrderedMerge

===========================================================================================
----------------- testing Fri Jan 31 06:57:48 UTC 2020 /home/travis/build/icyphy/ptII/ptolemy/actor/lib/test/auto/OrderedRecordDisassembler.xml
----------------- Instantiating /home/travis/build/icyphy/ptII/ptolemy/actor/lib/test/auto/OrderedRecordDisassembler.xml
3 ms. Memory: 560128K Free: 316036K (56%)
----------------- Invoking toplevel() on ptolemy.moml.MoMLSimpleApplication@3ff15fe9
----------------- Done invoking toplevel() on ptolemy.moml.MoMLSimpleApplication@3ff15fe9
reloadAllAccessors: .OrderedRecordDisassembler

===========================================================================================
----------------- testing Fri Jan 31 06:57:48 UTC 2020 /home/travis/build/icyphy/ptII/ptolemy/actor/lib/test/auto/OrderedRecordDisassembler2.xml
----------------- Instantiating /home/travis/build/icyphy/ptII/ptolemy/actor/lib/test/auto/OrderedRecordDisassembler2.xml
4 ms. Memory: 560128K Free: 308388K (55%)
----------------- Invoking toplevel() on ptolemy.moml.MoMLSimpleApplication@2d80423a
----------------- Done invoking toplevel() on ptolemy.moml.MoMLSimpleApplication@2d80423a
reloadAllAccessors: .OrderedRecordDisassembler2

===========================================================================================
----------------- testing Fri Jan 31 06:57:48 UTC 2020 /home/travis/build/icyphy/ptII/ptolemy/actor/lib/test/auto/OrderedRecordUpdater.xml
----------------- Instantiating /home/travis/build/icyphy/ptII/ptolemy/actor/lib/test/auto/OrderedRecordUpdater.xml
2 ms. Memory: 560128K Free: 303268K (54%)
----------------- Invoking toplevel() on ptolemy.moml.MoMLSimpleApplication@44876737
----------------- Done invoking toplevel() on ptolemy.moml.MoMLSimpleApplication@44876737
reloadAllAccessors: .RecordUpdater

===========================================================================================
----------------- testing Fri Jan 31 06:57:48 UTC 2020 /home/travis/build/icyphy/ptII/ptolemy/actor/lib/test/auto/OrderedRecordUpdater2.xml
----------------- Instantiating /home/travis/build/icyphy/ptII/ptolemy/actor/lib/test/auto/OrderedRecordUpdater2.xml
2 ms. Memory: 560128K Free: 299172K (53%)
----------------- Invoking toplevel() on ptolemy.moml.MoMLSimpleApplication@400175a
----------------- Done invoking toplevel() on ptolemy.moml.MoMLSimpleApplication@400175a
reloadAllAccessors: .RecordUpdater2

===========================================================================================
----------------- testing Fri Jan 31 06:57:48 UTC 2020 /home/travis/build/icyphy/ptII/ptolemy/actor/lib/test/auto/PhaseUnwrap.xml
----------------- Instantiating /home/travis/build/icyphy/ptII/ptolemy/actor/lib/test/auto/PhaseUnwrap.xml
2 ms. Memory: 560128K Free: 294562K (53%)
----------------- Invoking toplevel() on ptolemy.moml.MoMLSimpleApplication@2c5f2f0c
----------------- Done invoking toplevel() on ptolemy.moml.MoMLSimpleApplication@2c5f2f0c
reloadAllAccessors: .PhaseUnwrap

===========================================================================================
----------------- testing Fri Jan 31 06:57:48 UTC 2020 /home/travis/build/icyphy/ptII/ptolemy/actor/lib/test/auto/PoissonClock.xml
----------------- Instantiating /home/travis/build/icyphy/ptII/ptolemy/actor/lib/test/auto/PoissonClock.xml
1 ms. Memory: 560128K Free: 290466K (52%)
----------------- Invoking toplevel() on ptolemy.moml.MoMLSimpleApplication@cd4fda2
----------------- Done invoking toplevel() on ptolemy.moml.MoMLSimpleApplication@cd4fda2
reloadAllAccessors: .PoissonClock

===========================================================================================
----------------- testing Fri Jan 31 06:57:48 UTC 2020 /home/travis/build/icyphy/ptII/ptolemy/actor/lib/test/auto/PoissonClock2.xml
----------------- Instantiating /home/travis/build/icyphy/ptII/ptolemy/actor/lib/test/auto/PoissonClock2.xml
2 ms. Memory: 560128K Free: 285860K (51%)
----------------- Invoking toplevel() on ptolemy.moml.MoMLSimpleApplication@56ecca41
----------------- Done invoking toplevel() on ptolemy.moml.MoMLSimpleApplication@56ecca41
reloadAllAccessors: .PoissonClock2

===========================================================================================
----------------- testing Fri Jan 31 06:57:48 UTC 2020 /home/travis/build/icyphy/ptII/ptolemy/actor/lib/test/auto/PoissonClock3.xml
----------------- Instantiating /home/travis/build/icyphy/ptII/ptolemy/actor/lib/test/auto/PoissonClock3.xml
6 ms. Memory: 560128K Free: 281250K (50%)
----------------- Invoking toplevel() on ptolemy.moml.MoMLSimpleApplication@d6a30cf
----------------- Done invoking toplevel() on ptolemy.moml.MoMLSimpleApplication@d6a30cf
reloadAllAccessors: .PoissonClock3

===========================================================================================
----------------- testing Fri Jan 31 06:57:48 UTC 2020 /home/travis/build/icyphy/ptII/ptolemy/actor/lib/test/auto/PubSubWithInitialTokens.xml
----------------- Instantiating /home/travis/build/icyphy/ptII/ptolemy/actor/lib/test/auto/PubSubWithInitialTokens.xml
2 ms. Memory: 560128K Free: 275620K (49%)
----------------- Invoking toplevel() on ptolemy.moml.MoMLSimpleApplication@7d807798
----------------- Done invoking toplevel() on ptolemy.moml.MoMLSimpleApplication@7d807798
reloadAllAccessors: .PubSubWithInitialTokens

===========================================================================================
----------------- testing Fri Jan 31 06:57:48 UTC 2020 /home/travis/build/icyphy/ptII/ptolemy/actor/lib/test/auto/PubSubWithInitialTokens2.xml
----------------- Instantiating /home/travis/build/icyphy/ptII/ptolemy/actor/lib/test/auto/PubSubWithInitialTokens2.xml
2 ms. Memory: 560128K Free: 269980K (48%)
----------------- Invoking toplevel() on ptolemy.moml.MoMLSimpleApplication@5392eee7
----------------- Done invoking toplevel() on ptolemy.moml.MoMLSimpleApplication@5392eee7
reloadAllAccessors: .PubSubWithInitialTokens2

===========================================================================================
----------------- testing Fri Jan 31 06:57:48 UTC 2020 /home/travis/build/icyphy/ptII/ptolemy/actor/lib/test/auto/PublisherClassNoParameter.xml
----------------- Instantiating /home/travis/build/icyphy/ptII/ptolemy/actor/lib/test/auto/PublisherClassNoParameter.xml
2 ms. Memory: 560128K Free: 260260K (46%)
----------------- Invoking toplevel() on ptolemy.moml.MoMLSimpleApplication@51c0587b
----------------- Done invoking toplevel() on ptolemy.moml.MoMLSimpleApplication@51c0587b
reloadAllAccessors: .PublisherClassNoParameter

===========================================================================================
----------------- testing Fri Jan 31 06:57:48 UTC 2020 /home/travis/build/icyphy/ptII/ptolemy/actor/lib/test/auto/PublisherClassParameter.xml
----------------- Instantiating /home/travis/build/icyphy/ptII/ptolemy/actor/lib/test/auto/PublisherClassParameter.xml
2 ms. Memory: 560128K Free: 250020K (45%)
----------------- Invoking toplevel() on ptolemy.moml.MoMLSimpleApplication@2959bb68
----------------- Done invoking toplevel() on ptolemy.moml.MoMLSimpleApplication@2959bb68
reloadAllAccessors: .PublisherClassParameter

===========================================================================================
----------------- testing Fri Jan 31 06:57:48 UTC 2020 /home/travis/build/icyphy/ptII/ptolemy/actor/lib/test/auto/PublisherNonStrictTest.xml
----------------- Instantiating /home/travis/build/icyphy/ptII/ptolemy/actor/lib/test/auto/PublisherNonStrictTest.xml
3 ms. Memory: 560128K Free: 242332K (43%)
----------------- Invoking toplevel() on ptolemy.moml.MoMLSimpleApplication@5a8001e6
----------------- Done invoking toplevel() on ptolemy.moml.MoMLSimpleApplication@5a8001e6
reloadAllAccessors: .PublisherNonStrictTest

===========================================================================================
----------------- testing Fri Jan 31 06:57:48 UTC 2020 /home/travis/build/icyphy/ptII/ptolemy/actor/lib/test/auto/PublisherPort1.xml
----------------- Instantiating /home/travis/build/icyphy/ptII/ptolemy/actor/lib/test/auto/PublisherPort1.xml
2 ms. Memory: 560128K Free: 236708K (42%)
----------------- Invoking toplevel() on ptolemy.moml.MoMLSimpleApplication@3a59bcc3
----------------- Done invoking toplevel() on ptolemy.moml.MoMLSimpleApplication@3a59bcc3
reloadAllAccessors: .PublisherPort1

===========================================================================================
----------------- testing Fri Jan 31 06:57:48 UTC 2020 /home/travis/build/icyphy/ptII/ptolemy/actor/lib/test/auto/PublisherPort2.xml
----------------- Instantiating /home/travis/build/icyphy/ptII/ptolemy/actor/lib/test/auto/PublisherPort2.xml
1 ms. Memory: 560128K Free: 231588K (41%)
----------------- Invoking toplevel() on ptolemy.moml.MoMLSimpleApplication@5ba534be
----------------- Done invoking toplevel() on ptolemy.moml.MoMLSimpleApplication@5ba534be
reloadAllAccessors: .PublisherPort2

===========================================================================================
----------------- testing Fri Jan 31 06:57:48 UTC 2020 /home/travis/build/icyphy/ptII/ptolemy/actor/lib/test/auto/PublisherPort3.xml
----------------- Instantiating /home/travis/build/icyphy/ptII/ptolemy/actor/lib/test/auto/PublisherPort3.xml
13 ms. Memory: 560128K Free: 224900K (40%)
----------------- Invoking toplevel() on ptolemy.moml.MoMLSimpleApplication@63411bbc
----------------- Done invoking toplevel() on ptolemy.moml.MoMLSimpleApplication@63411bbc
reloadAllAccessors: .PublisherPort3

===========================================================================================
----------------- testing Fri Jan 31 06:57:48 UTC 2020 /home/travis/build/icyphy/ptII/ptolemy/actor/lib/test/auto/PublisherPort4.xml
----------------- Instantiating /home/travis/build/icyphy/ptII/ptolemy/actor/lib/test/auto/PublisherPort4.xml
3 ms. Memory: 560128K Free: 219300K (39%)
----------------- Invoking toplevel() on ptolemy.moml.MoMLSimpleApplication@140fb6c4
----------------- Done invoking toplevel() on ptolemy.moml.MoMLSimpleApplication@140fb6c4
reloadAllAccessors: .PublisherPort4

===========================================================================================
----------------- testing Fri Jan 31 06:57:48 UTC 2020 /home/travis/build/icyphy/ptII/ptolemy/actor/lib/test/auto/PublisherPort5.xml
----------------- Instantiating /home/travis/build/icyphy/ptII/ptolemy/actor/lib/test/auto/PublisherPort5.xml
4 ms. Memory: 560128K Free: 212132K (38%)
----------------- Invoking toplevel() on ptolemy.moml.MoMLSimpleApplication@d47f09d
----------------- Done invoking toplevel() on ptolemy.moml.MoMLSimpleApplication@d47f09d
reloadAllAccessors: .PublisherPort5

===========================================================================================
----------------- testing Fri Jan 31 06:57:48 UTC 2020 /home/travis/build/icyphy/ptII/ptolemy/actor/lib/test/auto/PublisherPort5LookAlike.xml
----------------- Instantiating /home/travis/build/icyphy/ptII/ptolemy/actor/lib/test/auto/PublisherPort5LookAlike.xml
7 ms. Memory: 560128K Free: 204450K (37%)
----------------- Invoking toplevel() on ptolemy.moml.MoMLSimpleApplication@78da7db
----------------- Done invoking toplevel() on ptolemy.moml.MoMLSimpleApplication@78da7db
reloadAllAccessors: .PublisherPort5LookAlike

===========================================================================================
----------------- testing Fri Jan 31 06:57:48 UTC 2020 /home/travis/build/icyphy/ptII/ptolemy/actor/lib/test/auto/PublisherPort6.xml
----------------- Instantiating /home/travis/build/icyphy/ptII/ptolemy/actor/lib/test/auto/PublisherPort6.xml
2 ms. Memory: 560128K Free: 197796K (35%)
----------------- Invoking toplevel() on ptolemy.moml.MoMLSimpleApplication@349e91af
----------------- Done invoking toplevel() on ptolemy.moml.MoMLSimpleApplication@349e91af
reloadAllAccessors: .PublisherPort6

===========================================================================================
----------------- testing Fri Jan 31 06:57:48 UTC 2020 /home/travis/build/icyphy/ptII/ptolemy/actor/lib/test/auto/PublisherPort7.xml
----------------- Instantiating /home/travis/build/icyphy/ptII/ptolemy/actor/lib/test/auto/PublisherPort7.xml
3 ms. Memory: 560128K Free: 190114K (34%)
----------------- Invoking toplevel() on ptolemy.moml.MoMLSimpleApplication@128137f3
----------------- Done invoking toplevel() on ptolemy.moml.MoMLSimpleApplication@128137f3
reloadAllAccessors: .PublisherPort7

===========================================================================================
----------------- testing Fri Jan 31 06:57:48 UTC 2020 /home/travis/build/icyphy/ptII/ptolemy/actor/lib/test/auto/PublisherPort8.xml
----------------- Instantiating /home/travis/build/icyphy/ptII/ptolemy/actor/lib/test/auto/PublisherPort8.xml
4 ms. Memory: 560128K Free: 181412K (32%)
----------------- Invoking toplevel() on ptolemy.moml.MoMLSimpleApplication@4bfee388
----------------- Done invoking toplevel() on ptolemy.moml.MoMLSimpleApplication@4bfee388
reloadAllAccessors: .PublisherPort8

===========================================================================================
----------------- testing Fri Jan 31 06:57:48 UTC 2020 /home/travis/build/icyphy/ptII/ptolemy/actor/lib/test/auto/PublisherPortSubscriberChannelVariablesAOC2.xml
----------------- Instantiating /home/travis/build/icyphy/ptII/ptolemy/actor/lib/test/auto/PublisherPortSubscriberChannelVariablesAOC2.xml
3 ms. Memory: 560128K Free: 493853K (88%)
----------------- Invoking toplevel() on ptolemy.moml.MoMLSimpleApplication@328f810e
----------------- Done invoking toplevel() on ptolemy.moml.MoMLSimpleApplication@328f810e
reloadAllAccessors: .PublisherPortSubscriberChannelVariablesAOC2

===========================================================================================
----------------- testing Fri Jan 31 06:57:49 UTC 2020 /home/travis/build/icyphy/ptII/ptolemy/actor/lib/test/auto/PublisherPortSubscriberOpaqueWidthInference.xml
----------------- Instantiating /home/travis/build/icyphy/ptII/ptolemy/actor/lib/test/auto/PublisherPortSubscriberOpaqueWidthInference.xml
4 ms. Memory: 560128K Free: 486175K (87%)
----------------- Invoking toplevel() on ptolemy.moml.MoMLSimpleApplication@12bbab0b
----------------- Done invoking toplevel() on ptolemy.moml.MoMLSimpleApplication@12bbab0b
reloadAllAccessors: .PublisherPortSubscriberOpaqueWidthInference

===========================================================================================
----------------- testing Fri Jan 31 06:57:49 UTC 2020 /home/travis/build/icyphy/ptII/ptolemy/actor/lib/test/auto/PublisherPortSubscriberPortAdjacent.xml
----------------- Instantiating /home/travis/build/icyphy/ptII/ptolemy/actor/lib/test/auto/PublisherPortSubscriberPortAdjacent.xml
1 ms. Memory: 560128K Free: 478493K (85%)
----------------- Invoking toplevel() on ptolemy.moml.MoMLSimpleApplication@3fd48829
----------------- Done invoking toplevel() on ptolemy.moml.MoMLSimpleApplication@3fd48829
reloadAllAccessors: .PublisherPortSubscriberPortAdjacent

===========================================================================================
----------------- testing Fri Jan 31 06:57:49 UTC 2020 /home/travis/build/icyphy/ptII/ptolemy/actor/lib/test/auto/PublisherPortSubscriberPortExpression.xml
----------------- Instantiating /home/travis/build/icyphy/ptII/ptolemy/actor/lib/test/auto/PublisherPortSubscriberPortExpression.xml
3 ms. Memory: 560128K Free: 470815K (84%)
----------------- Invoking toplevel() on ptolemy.moml.MoMLSimpleApplication@5dcbe723
----------------- Done invoking toplevel() on ptolemy.moml.MoMLSimpleApplication@5dcbe723
reloadAllAccessors: .PublisherPortSubscriberPortExpression

===========================================================================================
----------------- testing Fri Jan 31 06:57:49 UTC 2020 /home/travis/build/icyphy/ptII/ptolemy/actor/lib/test/auto/PublisherPortSubscriberPortOpaqueD3Reverse.xml
----------------- Instantiating /home/travis/build/icyphy/ptII/ptolemy/actor/lib/test/auto/PublisherPortSubscriberPortOpaqueD3Reverse.xml
6 ms. Memory: 560128K Free: 460575K (82%)
----------------- Invoking toplevel() on ptolemy.moml.MoMLSimpleApplication@6d97252f
----------------- Done invoking toplevel() on ptolemy.moml.MoMLSimpleApplication@6d97252f
reloadAllAccessors: .PublisherPortSubscriberPortOpaqueD3Reverse

===========================================================================================
----------------- testing Fri Jan 31 06:57:49 UTC 2020 /home/travis/build/icyphy/ptII/ptolemy/actor/lib/test/auto/PublisherPortSubscriberPortOpaqueWidthInference.xml
----------------- Instantiating /home/travis/build/icyphy/ptII/ptolemy/actor/lib/test/auto/PublisherPortSubscriberPortOpaqueWidthInference.xml
3 ms. Memory: 560128K Free: 452879K (81%)
----------------- Invoking toplevel() on ptolemy.moml.MoMLSimpleApplication@2c4da9f2
----------------- Done invoking toplevel() on ptolemy.moml.MoMLSimpleApplication@2c4da9f2
reloadAllAccessors: .PublisherPortSubscriberPortOpaqueWidthInference

===========================================================================================
----------------- testing Fri Jan 31 06:57:49 UTC 2020 /home/travis/build/icyphy/ptII/ptolemy/actor/lib/test/auto/PublisherPortToplevelSubscriberPortAOC.xml
----------------- Instantiating /home/travis/build/icyphy/ptII/ptolemy/actor/lib/test/auto/PublisherPortToplevelSubscriberPortAOC.xml
.PublisherPortToplevelSubscriberPortAOC.TestExceptionAttribute: initialize() was not invoked, but wrapup() was.  This is unusual, but not always a problem.  For example, exporting JNLP will do this.
1 ms. Memory: 560128K Free: 447263K (80%)
----------------- Invoking toplevel() on ptolemy.moml.MoMLSimpleApplication@fe2180d
----------------- Done invoking toplevel() on ptolemy.moml.MoMLSimpleApplication@fe2180d
reloadAllAccessors: .PublisherPortToplevelSubscriberPortAOC

===========================================================================================
----------------- testing Fri Jan 31 06:57:49 UTC 2020 /home/travis/build/icyphy/ptII/ptolemy/actor/lib/test/auto/PublisherSubscriber.xml
----------------- Instantiating /home/travis/build/icyphy/ptII/ptolemy/actor/lib/test/auto/PublisherSubscriber.xml
2 ms. Memory: 560128K Free: 440095K (79%)
----------------- Invoking toplevel() on ptolemy.moml.MoMLSimpleApplication@6608f95c
----------------- Done invoking toplevel() on ptolemy.moml.MoMLSimpleApplication@6608f95c
reloadAllAccessors: .PublisherSubscriber

===========================================================================================
----------------- testing Fri Jan 31 06:57:49 UTC 2020 /home/travis/build/icyphy/ptII/ptolemy/actor/lib/test/auto/PublisherSubscriber10.xml
----------------- Instantiating /home/travis/build/icyphy/ptII/ptolemy/actor/lib/test/auto/PublisherSubscriber10.xml
5 ms. Memory: 560128K Free: 430365K (77%)
----------------- Invoking toplevel() on ptolemy.moml.MoMLSimpleApplication@9c1dda4
----------------- Done invoking toplevel() on ptolemy.moml.MoMLSimpleApplication@9c1dda4
reloadAllAccessors: .PublisherSubscriber10

===========================================================================================
----------------- testing Fri Jan 31 06:57:49 UTC 2020 /home/travis/build/icyphy/ptII/ptolemy/actor/lib/test/auto/PublisherSubscriber10InitialOutputs.xml
----------------- Instantiating /home/travis/build/icyphy/ptII/ptolemy/actor/lib/test/auto/PublisherSubscriber10InitialOutputs.xml
15 ms. Memory: 560128K Free: 421149K (75%)
----------------- Invoking toplevel() on ptolemy.moml.MoMLSimpleApplication@71290ad5
----------------- Done invoking toplevel() on ptolemy.moml.MoMLSimpleApplication@71290ad5
reloadAllAccessors: .PublisherSubscriber10InitialOutputs

===========================================================================================
----------------- testing Fri Jan 31 06:57:49 UTC 2020 /home/travis/build/icyphy/ptII/ptolemy/actor/lib/test/auto/PublisherSubscriber11.xml
----------------- Instantiating /home/travis/build/icyphy/ptII/ptolemy/actor/lib/test/auto/PublisherSubscriber11.xml
3 ms. Memory: 560128K Free: 415519K (74%)
----------------- Invoking toplevel() on ptolemy.moml.MoMLSimpleApplication@5e47c8e3
----------------- Done invoking toplevel() on ptolemy.moml.MoMLSimpleApplication@5e47c8e3
reloadAllAccessors: .PublisherSubscriber11

===========================================================================================
----------------- testing Fri Jan 31 06:57:49 UTC 2020 /home/travis/build/icyphy/ptII/ptolemy/actor/lib/test/auto/PublisherSubscriber12.xml
----------------- Instantiating /home/travis/build/icyphy/ptII/ptolemy/actor/lib/test/auto/PublisherSubscriber12.xml
3 ms. Memory: 560128K Free: 408351K (73%)
----------------- Invoking toplevel() on ptolemy.moml.MoMLSimpleApplication@4f358d83
----------------- Done invoking toplevel() on ptolemy.moml.MoMLSimpleApplication@4f358d83
reloadAllAccessors: .PublisherSubscriber12

===========================================================================================
----------------- testing Fri Jan 31 06:57:49 UTC 2020 /home/travis/build/icyphy/ptII/ptolemy/actor/lib/test/auto/PublisherSubscriber13.xml
----------------- Instantiating /home/travis/build/icyphy/ptII/ptolemy/actor/lib/test/auto/PublisherSubscriber13.xml
2 ms. Memory: 560128K Free: 402717K (72%)
----------------- Invoking toplevel() on ptolemy.moml.MoMLSimpleApplication@55bc8940
----------------- Done invoking toplevel() on ptolemy.moml.MoMLSimpleApplication@55bc8940
reloadAllAccessors: .PublisherSubscriber13

===========================================================================================
----------------- testing Fri Jan 31 06:57:49 UTC 2020 /home/travis/build/icyphy/ptII/ptolemy/actor/lib/test/auto/PublisherSubscriber14.xml
----------------- Instantiating /home/travis/build/icyphy/ptII/ptolemy/actor/lib/test/auto/PublisherSubscriber14.xml
1 ms. Memory: 560128K Free: 394015K (70%)
----------------- Invoking toplevel() on ptolemy.moml.MoMLSimpleApplication@329114a9
----------------- Done invoking toplevel() on ptolemy.moml.MoMLSimpleApplication@329114a9
reloadAllAccessors: .PublisherSubscriber14

===========================================================================================
----------------- testing Fri Jan 31 06:57:49 UTC 2020 /home/travis/build/icyphy/ptII/ptolemy/actor/lib/test/auto/PublisherSubscriber2.xml
----------------- Instantiating /home/travis/build/icyphy/ptII/ptolemy/actor/lib/test/auto/PublisherSubscriber2.xml
2 ms. Memory: 560128K Free: 388367K (69%)
----------------- Invoking toplevel() on ptolemy.moml.MoMLSimpleApplication@66bbe206
----------------- Done invoking toplevel() on ptolemy.moml.MoMLSimpleApplication@66bbe206
reloadAllAccessors: .PublisherSubscriber2

===========================================================================================
----------------- testing Fri Jan 31 06:57:49 UTC 2020 /home/travis/build/icyphy/ptII/ptolemy/actor/lib/test/auto/PublisherSubscriber3.xml
----------------- Instantiating /home/travis/build/icyphy/ptII/ptolemy/actor/lib/test/auto/PublisherSubscriber3.xml
2 ms. Memory: 560128K Free: 383261K (68%)
----------------- Invoking toplevel() on ptolemy.moml.MoMLSimpleApplication@1445725c
----------------- Done invoking toplevel() on ptolemy.moml.MoMLSimpleApplication@1445725c
reloadAllAccessors: .PublisherSubscriber3

===========================================================================================
----------------- testing Fri Jan 31 06:57:49 UTC 2020 /home/travis/build/icyphy/ptII/ptolemy/actor/lib/test/auto/PublisherSubscriber4.xml
----------------- Instantiating /home/travis/build/icyphy/ptII/ptolemy/actor/lib/test/auto/PublisherSubscriber4.xml
1 ms. Memory: 560128K Free: 378127K (68%)
----------------- Invoking toplevel() on ptolemy.moml.MoMLSimpleApplication@570bdb94
----------------- Done invoking toplevel() on ptolemy.moml.MoMLSimpleApplication@570bdb94
reloadAllAccessors: .PublisherSubscriber4

===========================================================================================
----------------- testing Fri Jan 31 06:57:49 UTC 2020 /home/travis/build/icyphy/ptII/ptolemy/actor/lib/test/auto/PublisherSubscriber5.xml
----------------- Instantiating /home/travis/build/icyphy/ptII/ptolemy/actor/lib/test/auto/PublisherSubscriber5.xml
2 ms. Memory: 560128K Free: 371487K (66%)
----------------- Invoking toplevel() on ptolemy.moml.MoMLSimpleApplication@70ced13e
----------------- Done invoking toplevel() on ptolemy.moml.MoMLSimpleApplication@70ced13e
reloadAllAccessors: .PublisherSubscriber5

===========================================================================================
----------------- testing Fri Jan 31 06:57:49 UTC 2020 /home/travis/build/icyphy/ptII/ptolemy/actor/lib/test/auto/PublisherSubscriber6.xml
----------------- Instantiating /home/travis/build/icyphy/ptII/ptolemy/actor/lib/test/auto/PublisherSubscriber6.xml
2 ms. Memory: 560128K Free: 364829K (65%)
----------------- Invoking toplevel() on ptolemy.moml.MoMLSimpleApplication@1b107c40
----------------- Done invoking toplevel() on ptolemy.moml.MoMLSimpleApplication@1b107c40
reloadAllAccessors: .PublisherSubscriber6

===========================================================================================
----------------- testing Fri Jan 31 06:57:49 UTC 2020 /home/travis/build/icyphy/ptII/ptolemy/actor/lib/test/auto/PublisherSubscriber7.xml
----------------- Instantiating /home/travis/build/icyphy/ptII/ptolemy/actor/lib/test/auto/PublisherSubscriber7.xml
2 ms. Memory: 560128K Free: 358175K (64%)
----------------- Invoking toplevel() on ptolemy.moml.MoMLSimpleApplication@2ce20fe7
----------------- Done invoking toplevel() on ptolemy.moml.MoMLSimpleApplication@2ce20fe7
reloadAllAccessors: .PublisherSubscriber7

===========================================================================================
----------------- testing Fri Jan 31 06:57:49 UTC 2020 /home/travis/build/icyphy/ptII/ptolemy/actor/lib/test/auto/PublisherSubscriber8.xml
----------------- Instantiating /home/travis/build/icyphy/ptII/ptolemy/actor/lib/test/auto/PublisherSubscriber8.xml
11 ms. Memory: 560128K Free: 345887K (62%)
----------------- Invoking toplevel() on ptolemy.moml.MoMLSimpleApplication@44c63dad
----------------- Done invoking toplevel() on ptolemy.moml.MoMLSimpleApplication@44c63dad
reloadAllAccessors: .PublisherSubscriber8

===========================================================================================
----------------- testing Fri Jan 31 06:57:49 UTC 2020 /home/travis/build/icyphy/ptII/ptolemy/actor/lib/test/auto/PublisherSubscriber9.xml
----------------- Instantiating /home/travis/build/icyphy/ptII/ptolemy/actor/lib/test/auto/PublisherSubscriber9.xml
2 ms. Memory: 560128K Free: 338719K (60%)
----------------- Invoking toplevel() on ptolemy.moml.MoMLSimpleApplication@3534e1e8
----------------- Done invoking toplevel() on ptolemy.moml.MoMLSimpleApplication@3534e1e8
reloadAllAccessors: .PublisherSubscriber9

===========================================================================================
----------------- testing Fri Jan 31 06:57:49 UTC 2020 /home/travis/build/icyphy/ptII/ptolemy/actor/lib/test/auto/PublisherSubscriberAdjacent.xml
----------------- Instantiating /home/travis/build/icyphy/ptII/ptolemy/actor/lib/test/auto/PublisherSubscriberAdjacent.xml
1 ms. Memory: 560128K Free: 330527K (59%)
----------------- Invoking toplevel() on ptolemy.moml.MoMLSimpleApplication@79bc88fe
----------------- Done invoking toplevel() on ptolemy.moml.MoMLSimpleApplication@79bc88fe
reloadAllAccessors: .PublisherSubscriberAdjacent

===========================================================================================
----------------- testing Fri Jan 31 06:57:49 UTC 2020 /home/travis/build/icyphy/ptII/ptolemy/actor/lib/test/auto/PublisherSubscriberChannelVariablesAOC2.xml
----------------- Instantiating /home/travis/build/icyphy/ptII/ptolemy/actor/lib/test/auto/PublisherSubscriberChannelVariablesAOC2.xml
2 ms. Memory: 560128K Free: 315663K (56%)
----------------- Invoking toplevel() on ptolemy.moml.MoMLSimpleApplication@48d14c0a
----------------- Done invoking toplevel() on ptolemy.moml.MoMLSimpleApplication@48d14c0a
reloadAllAccessors: .PublisherSubscriberChannelVariablesAOC2

===========================================================================================
----------------- testing Fri Jan 31 06:57:49 UTC 2020 /home/travis/build/icyphy/ptII/ptolemy/actor/lib/test/auto/PublisherSubscriberD3.xml
----------------- Instantiating /home/travis/build/icyphy/ptII/ptolemy/actor/lib/test/auto/PublisherSubscriberD3.xml
1 ms. Memory: 560128K Free: 308509K (55%)
----------------- Invoking toplevel() on ptolemy.moml.MoMLSimpleApplication@228073ce
----------------- Done invoking toplevel() on ptolemy.moml.MoMLSimpleApplication@228073ce
reloadAllAccessors: .PublisherSubscriberD3

===========================================================================================
----------------- testing Fri Jan 31 06:57:49 UTC 2020 /home/travis/build/icyphy/ptII/ptolemy/actor/lib/test/auto/PublisherSubscriberD3Reverse.xml
----------------- Instantiating /home/travis/build/icyphy/ptII/ptolemy/actor/lib/test/auto/PublisherSubscriberD3Reverse.xml
1 ms. Memory: 560128K Free: 302365K (54%)
----------------- Invoking toplevel() on ptolemy.moml.MoMLSimpleApplication@7ec9e22a
----------------- Done invoking toplevel() on ptolemy.moml.MoMLSimpleApplication@7ec9e22a
reloadAllAccessors: .PublisherSubscriberD3Reverse

===========================================================================================
----------------- testing Fri Jan 31 06:57:49 UTC 2020 /home/travis/build/icyphy/ptII/ptolemy/actor/lib/test/auto/PublisherSubscriberExpression.xml
----------------- Instantiating /home/travis/build/icyphy/ptII/ptolemy/actor/lib/test/auto/PublisherSubscriberExpression.xml
3 ms. Memory: 560128K Free: 293663K (52%)
----------------- Invoking toplevel() on ptolemy.moml.MoMLSimpleApplication@5c04858b
----------------- Done invoking toplevel() on ptolemy.moml.MoMLSimpleApplication@5c04858b
reloadAllAccessors: .PublisherSubscriberExpression

===========================================================================================
----------------- testing Fri Jan 31 06:57:49 UTC 2020 /home/travis/build/icyphy/ptII/ptolemy/actor/lib/test/auto/PublisherSubscriberOpaque.xml
----------------- Instantiating /home/travis/build/icyphy/ptII/ptolemy/actor/lib/test/auto/PublisherSubscriberOpaque.xml
4 ms. Memory: 560128K Free: 285967K (51%)
----------------- Invoking toplevel() on ptolemy.moml.MoMLSimpleApplication@3a9dcd44
----------------- Done invoking toplevel() on ptolemy.moml.MoMLSimpleApplication@3a9dcd44
reloadAllAccessors: .PublisherSubscriberOpaque

===========================================================================================
----------------- testing Fri Jan 31 06:57:49 UTC 2020 /home/travis/build/icyphy/ptII/ptolemy/actor/lib/test/auto/PublisherSubscriberOpaqueD3.xml
----------------- Instantiating /home/travis/build/icyphy/ptII/ptolemy/actor/lib/test/auto/PublisherSubscriberOpaqueD3.xml
5 ms. Memory: 560128K Free: 274207K (49%)
----------------- Invoking toplevel() on ptolemy.moml.MoMLSimpleApplication@512f912
----------------- Done invoking toplevel() on ptolemy.moml.MoMLSimpleApplication@512f912
reloadAllAccessors: .PublisherSubscriberOpaqueD3

===========================================================================================
----------------- testing Fri Jan 31 06:57:49 UTC 2020 /home/travis/build/icyphy/ptII/ptolemy/actor/lib/test/auto/PublisherSubscriberOpaqueD3Reverse.xml
----------------- Instantiating /home/travis/build/icyphy/ptII/ptolemy/actor/lib/test/auto/PublisherSubscriberOpaqueD3Reverse.xml
7 ms. Memory: 560128K Free: 263453K (47%)
----------------- Invoking toplevel() on ptolemy.moml.MoMLSimpleApplication@3f4163a1
----------------- Done invoking toplevel() on ptolemy.moml.MoMLSimpleApplication@3f4163a1
reloadAllAccessors: .PublisherSubscriberOpaqueD3Reverse

===========================================================================================
----------------- testing Fri Jan 31 06:57:49 UTC 2020 /home/travis/build/icyphy/ptII/ptolemy/actor/lib/test/auto/PublisherSubscriberOpaqueWidthInference.xml
----------------- Instantiating /home/travis/build/icyphy/ptII/ptolemy/actor/lib/test/auto/PublisherSubscriberOpaqueWidthInference.xml
6 ms. Memory: 560128K Free: 255247K (46%)
----------------- Invoking toplevel() on ptolemy.moml.MoMLSimpleApplication@3d072ab1
----------------- Done invoking toplevel() on ptolemy.moml.MoMLSimpleApplication@3d072ab1
reloadAllAccessors: .PublisherSubscriberOpaqueWidthInference

===========================================================================================
----------------- testing Fri Jan 31 06:57:49 UTC 2020 /home/travis/build/icyphy/ptII/ptolemy/actor/lib/test/auto/PublisherTestSubscriber.xml
----------------- Instantiating /home/travis/build/icyphy/ptII/ptolemy/actor/lib/test/auto/PublisherTestSubscriber.xml
3 ms. Memory: 560128K Free: 247583K (44%)
----------------- Invoking toplevel() on ptolemy.moml.MoMLSimpleApplication@7e70cc12
----------------- Done invoking toplevel() on ptolemy.moml.MoMLSimpleApplication@7e70cc12
reloadAllAccessors: .PublisherTestSubscriber

===========================================================================================
----------------- testing Fri Jan 31 06:57:49 UTC 2020 /home/travis/build/icyphy/ptII/ptolemy/actor/lib/test/auto/PublisherToplevelSubscriberPortAOC.xml
----------------- Instantiating /home/travis/build/icyphy/ptII/ptolemy/actor/lib/test/auto/PublisherToplevelSubscriberPortAOC.xml
1 ms. Memory: 560128K Free: 240919K (43%)
----------------- Invoking toplevel() on ptolemy.moml.MoMLSimpleApplication@4d1d5c23
----------------- Done invoking toplevel() on ptolemy.moml.MoMLSimpleApplication@4d1d5c23
reloadAllAccessors: .PublisherToplevelSubscriberPortAOC

===========================================================================================
----------------- testing Fri Jan 31 06:57:49 UTC 2020 /home/travis/build/icyphy/ptII/ptolemy/actor/lib/test/auto/PulseFiringLimitDE.xml
----------------- Instantiating /home/travis/build/icyphy/ptII/ptolemy/actor/lib/test/auto/PulseFiringLimitDE.xml
2 ms. Memory: 560128K Free: 234781K (42%)
----------------- Invoking toplevel() on ptolemy.moml.MoMLSimpleApplication@5c6b29ed
----------------- Done invoking toplevel() on ptolemy.moml.MoMLSimpleApplication@5c6b29ed
reloadAllAccessors: .PulseFiringLimitDE

===========================================================================================
----------------- testing Fri Jan 31 06:57:49 UTC 2020 /home/travis/build/icyphy/ptII/ptolemy/actor/lib/test/auto/Ramp1.xml
----------------- Instantiating /home/travis/build/icyphy/ptII/ptolemy/actor/lib/test/auto/Ramp1.xml
1 ms. Memory: 560128K Free: 230671K (41%)
----------------- Invoking toplevel() on ptolemy.moml.MoMLSimpleApplication@140ff6bc
----------------- Done invoking toplevel() on ptolemy.moml.MoMLSimpleApplication@140ff6bc
reloadAllAccessors: .Ramp1

===========================================================================================
----------------- testing Fri Jan 31 06:57:49 UTC 2020 /home/travis/build/icyphy/ptII/ptolemy/actor/lib/test/auto/RampFiringLimitDE.xml
----------------- Instantiating /home/travis/build/icyphy/ptII/ptolemy/actor/lib/test/auto/RampFiringLimitDE.xml
4 ms. Memory: 560128K Free: 224527K (40%)
----------------- Invoking toplevel() on ptolemy.moml.MoMLSimpleApplication@64a1f78f
----------------- Done invoking toplevel() on ptolemy.moml.MoMLSimpleApplication@64a1f78f
reloadAllAccessors: .RampFiringLimitDE

===========================================================================================
----------------- testing Fri Jan 31 06:57:49 UTC 2020 /home/travis/build/icyphy/ptII/ptolemy/actor/lib/test/auto/RampFiringLimitSDF.xml
----------------- Instantiating /home/travis/build/icyphy/ptII/ptolemy/actor/lib/test/auto/RampFiringLimitSDF.xml
1 ms. Memory: 560128K Free: 219415K (39%)
----------------- Invoking toplevel() on ptolemy.moml.MoMLSimpleApplication@1d4d4f56
----------------- Done invoking toplevel() on ptolemy.moml.MoMLSimpleApplication@1d4d4f56
reloadAllAccessors: .RampFiringLimitSDF

===========================================================================================
----------------- testing Fri Jan 31 06:57:49 UTC 2020 /home/travis/build/icyphy/ptII/ptolemy/actor/lib/test/auto/RandomInteger.xml
----------------- Instantiating /home/travis/build/icyphy/ptII/ptolemy/actor/lib/test/auto/RandomInteger.xml
1 ms. Memory: 560128K Free: 215325K (38%)
----------------- Invoking toplevel() on ptolemy.moml.MoMLSimpleApplication@5a8a93a2
----------------- Done invoking toplevel() on ptolemy.moml.MoMLSimpleApplication@5a8a93a2
reloadAllAccessors: .RandomInteger

===========================================================================================
----------------- testing Fri Jan 31 06:57:49 UTC 2020 /home/travis/build/icyphy/ptII/ptolemy/actor/lib/test/auto/ReadFile1.xml
----------------- Instantiating /home/travis/build/icyphy/ptII/ptolemy/actor/lib/test/auto/ReadFile1.xml
1 ms. Memory: 560128K Free: 210719K (38%)
----------------- Invoking toplevel() on ptolemy.moml.MoMLSimpleApplication@5ad71ea5
----------------- Done invoking toplevel() on ptolemy.moml.MoMLSimpleApplication@5ad71ea5
reloadAllAccessors: .ReadFile1

===========================================================================================
----------------- testing Fri Jan 31 06:57:49 UTC 2020 /home/travis/build/icyphy/ptII/ptolemy/actor/lib/test/auto/ReadFile2.xml
----------------- Instantiating /home/travis/build/icyphy/ptII/ptolemy/actor/lib/test/auto/ReadFile2.xml
1 ms. Memory: 560128K Free: 206623K (37%)
----------------- Invoking toplevel() on ptolemy.moml.MoMLSimpleApplication@7690387a
----------------- Done invoking toplevel() on ptolemy.moml.MoMLSimpleApplication@7690387a
reloadAllAccessors: .ReadFile2

===========================================================================================
----------------- testing Fri Jan 31 06:57:49 UTC 2020 /home/travis/build/icyphy/ptII/ptolemy/actor/lib/test/auto/Reader.xml
----------------- Instantiating /home/travis/build/icyphy/ptII/ptolemy/actor/lib/test/auto/Reader.xml
actor.lib.Reader is obsolete, use actor.lib.io.ExpressionReader instead
3 ms. Memory: 560128K Free: 202527K (36%)
----------------- Invoking toplevel() on ptolemy.moml.MoMLSimpleApplication@7dc476b1
----------------- Done invoking toplevel() on ptolemy.moml.MoMLSimpleApplication@7dc476b1
reloadAllAccessors: .Reader

===========================================================================================
----------------- testing Fri Jan 31 06:57:49 UTC 2020 /home/travis/build/icyphy/ptII/ptolemy/actor/lib/test/auto/RecordAssemblerDisplayNameTest.xml
----------------- Instantiating /home/travis/build/icyphy/ptII/ptolemy/actor/lib/test/auto/RecordAssemblerDisplayNameTest.xml
3257 ms. Memory: 560128K Free: 310458K (55%)
----------------- Invoking toplevel() on ptolemy.moml.MoMLSimpleApplication@1bb24344
----------------- Done invoking toplevel() on ptolemy.moml.MoMLSimpleApplication@1bb24344
reloadAllAccessors: .RecordAssemblerDisplayNameTest

===========================================================================================
----------------- testing Fri Jan 31 06:57:52 UTC 2020 /home/travis/build/icyphy/ptII/ptolemy/actor/lib/test/auto/RecordAssemblerTypeError.xml
----------------- Instantiating /home/travis/build/icyphy/ptII/ptolemy/actor/lib/test/auto/RecordAssemblerTypeError.xml
14 ms. Memory: 560128K Free: 300732K (54%)
----------------- Invoking toplevel() on ptolemy.moml.MoMLSimpleApplication@25842b07
----------------- Done invoking toplevel() on ptolemy.moml.MoMLSimpleApplication@25842b07
reloadAllAccessors: .RecordAssemblerTypeError

===========================================================================================
----------------- testing Fri Jan 31 06:57:53 UTC 2020 /home/travis/build/icyphy/ptII/ptolemy/actor/lib/test/auto/RecordDisassember.xml
----------------- Instantiating /home/travis/build/icyphy/ptII/ptolemy/actor/lib/test/auto/RecordDisassember.xml
3 ms. Memory: 560128K Free: 296108K (53%)
----------------- Invoking toplevel() on ptolemy.moml.MoMLSimpleApplication@699c7aa2
----------------- Done invoking toplevel() on ptolemy.moml.MoMLSimpleApplication@699c7aa2
reloadAllAccessors: .RecordDisassember

===========================================================================================
----------------- testing Fri Jan 31 06:57:53 UTC 2020 /home/travis/build/icyphy/ptII/ptolemy/actor/lib/test/auto/RecordDisassemberDisplayNameTest.xml
----------------- Instantiating /home/travis/build/icyphy/ptII/ptolemy/actor/lib/test/auto/RecordDisassemberDisplayNameTest.xml
5 ms. Memory: 560128K Free: 287930K (51%)
----------------- Invoking toplevel() on ptolemy.moml.MoMLSimpleApplication@46c3799
----------------- Done invoking toplevel() on ptolemy.moml.MoMLSimpleApplication@46c3799
reloadAllAccessors: .RecordDisassemberDisplayNameTest

===========================================================================================
----------------- testing Fri Jan 31 06:57:53 UTC 2020 /home/travis/build/icyphy/ptII/ptolemy/actor/lib/test/auto/RecordDisassembler.xml
----------------- Instantiating /home/travis/build/icyphy/ptII/ptolemy/actor/lib/test/auto/RecordDisassembler.xml
3 ms. Memory: 560128K Free: 282780K (50%)
----------------- Invoking toplevel() on ptolemy.moml.MoMLSimpleApplication@3bcc44ea
----------------- Done invoking toplevel() on ptolemy.moml.MoMLSimpleApplication@3bcc44ea
reloadAllAccessors: .RecordDisassembler

===========================================================================================
----------------- testing Fri Jan 31 06:57:53 UTC 2020 /home/travis/build/icyphy/ptII/ptolemy/actor/lib/test/auto/RecordDisassembler2.xml
----------------- Instantiating /home/travis/build/icyphy/ptII/ptolemy/actor/lib/test/auto/RecordDisassembler2.xml
2 ms. Memory: 560128K Free: 277676K (50%)
----------------- Invoking toplevel() on ptolemy.moml.MoMLSimpleApplication@712c16f4
----------------- Done invoking toplevel() on ptolemy.moml.MoMLSimpleApplication@712c16f4
reloadAllAccessors: .RecordDisassembler2

===========================================================================================
----------------- testing Fri Jan 31 06:57:53 UTC 2020 /home/travis/build/icyphy/ptII/ptolemy/actor/lib/test/auto/RecordUpdater.xml
----------------- Instantiating /home/travis/build/icyphy/ptII/ptolemy/actor/lib/test/auto/RecordUpdater.xml
2 ms. Memory: 560128K Free: 272570K (49%)
----------------- Invoking toplevel() on ptolemy.moml.MoMLSimpleApplication@73d64bb1
----------------- Done invoking toplevel() on ptolemy.moml.MoMLSimpleApplication@73d64bb1
reloadAllAccessors: .RecordUpdater

===========================================================================================
----------------- testing Fri Jan 31 06:57:53 UTC 2020 /home/travis/build/icyphy/ptII/ptolemy/actor/lib/test/auto/RecordUpdater2.xml
----------------- Instantiating /home/travis/build/icyphy/ptII/ptolemy/actor/lib/test/auto/RecordUpdater2.xml
2 ms. Memory: 560128K Free: 267450K (48%)
----------------- Invoking toplevel() on ptolemy.moml.MoMLSimpleApplication@4e214235
----------------- Done invoking toplevel() on ptolemy.moml.MoMLSimpleApplication@4e214235
reloadAllAccessors: .RecordUpdater2

===========================================================================================
----------------- testing Fri Jan 31 06:57:53 UTC 2020 /home/travis/build/icyphy/ptII/ptolemy/actor/lib/test/auto/RecursiveLattice.xml
----------------- Instantiating /home/travis/build/icyphy/ptII/ptolemy/actor/lib/test/auto/RecursiveLattice.xml
1 ms. Memory: 560128K Free: 262844K (47%)
----------------- Invoking toplevel() on ptolemy.moml.MoMLSimpleApplication@28acb810
----------------- Done invoking toplevel() on ptolemy.moml.MoMLSimpleApplication@28acb810
reloadAllAccessors: .RecursiveLattice

===========================================================================================
----------------- testing Fri Jan 31 06:57:53 UTC 2020 /home/travis/build/icyphy/ptII/ptolemy/actor/lib/test/auto/Router.xml
----------------- Instantiating /home/travis/build/icyphy/ptII/ptolemy/actor/lib/test/auto/Router.xml
3004 ms. Memory: 560128K Free: 252604K (45%)
----------------- Invoking toplevel() on ptolemy.moml.MoMLSimpleApplication@4374e18a
----------------- Done invoking toplevel() on ptolemy.moml.MoMLSimpleApplication@4374e18a
reloadAllAccessors: .Router

===========================================================================================
----------------- testing Fri Jan 31 06:57:56 UTC 2020 /home/travis/build/icyphy/ptII/ptolemy/actor/lib/test/auto/Router2.xml
----------------- Instantiating /home/travis/build/icyphy/ptII/ptolemy/actor/lib/test/auto/Router2.xml
3004 ms. Memory: 560128K Free: 242364K (43%)
----------------- Invoking toplevel() on ptolemy.moml.MoMLSimpleApplication@299f3ebd
----------------- Done invoking toplevel() on ptolemy.moml.MoMLSimpleApplication@299f3ebd
reloadAllAccessors: .Router2

===========================================================================================
----------------- testing Fri Jan 31 06:57:59 UTC 2020 /home/travis/build/icyphy/ptII/ptolemy/actor/lib/test/auto/RunningMaximum.xml
----------------- Instantiating /home/travis/build/icyphy/ptII/ptolemy/actor/lib/test/auto/RunningMaximum.xml
2 ms. Memory: 560128K Free: 237754K (42%)
----------------- Invoking toplevel() on ptolemy.moml.MoMLSimpleApplication@3eae9064
----------------- Done invoking toplevel() on ptolemy.moml.MoMLSimpleApplication@3eae9064
reloadAllAccessors: .RunningMaximum

===========================================================================================
----------------- testing Fri Jan 31 06:57:59 UTC 2020 /home/travis/build/icyphy/ptII/ptolemy/actor/lib/test/auto/RunningMinimum.xml
----------------- Instantiating /home/travis/build/icyphy/ptII/ptolemy/actor/lib/test/auto/RunningMinimum.xml
8 ms. Memory: 560128K Free: 233148K (42%)
----------------- Invoking toplevel() on ptolemy.moml.MoMLSimpleApplication@2dbd0dae
----------------- Done invoking toplevel() on ptolemy.moml.MoMLSimpleApplication@2dbd0dae
reloadAllAccessors: .RunningMinimum

===========================================================================================
----------------- testing Fri Jan 31 06:57:59 UTC 2020 /home/travis/build/icyphy/ptII/ptolemy/actor/lib/test/auto/Scale.xml
----------------- Instantiating /home/travis/build/icyphy/ptII/ptolemy/actor/lib/test/auto/Scale.xml
1 ms. Memory: 560128K Free: 228538K (41%)
----------------- Invoking toplevel() on ptolemy.moml.MoMLSimpleApplication@76442d2e
----------------- Done invoking toplevel() on ptolemy.moml.MoMLSimpleApplication@76442d2e
reloadAllAccessors: .Scale

===========================================================================================
----------------- testing Fri Jan 31 06:57:59 UTC 2020 /home/travis/build/icyphy/ptII/ptolemy/actor/lib/test/auto/Scale2.xml
----------------- Instantiating /home/travis/build/icyphy/ptII/ptolemy/actor/lib/test/auto/Scale2.xml
1 ms. Memory: 560128K Free: 223932K (40%)
----------------- Invoking toplevel() on ptolemy.moml.MoMLSimpleApplication@199714b2
----------------- Done invoking toplevel() on ptolemy.moml.MoMLSimpleApplication@199714b2
reloadAllAccessors: .Scale2

===========================================================================================
----------------- testing Fri Jan 31 06:57:59 UTC 2020 /home/travis/build/icyphy/ptII/ptolemy/actor/lib/test/auto/Scale3.xml
----------------- Instantiating /home/travis/build/icyphy/ptII/ptolemy/actor/lib/test/auto/Scale3.xml
6 ms. Memory: 560128K Free: 217274K (39%)
----------------- Invoking toplevel() on ptolemy.moml.MoMLSimpleApplication@54c99038
----------------- Done invoking toplevel() on ptolemy.moml.MoMLSimpleApplication@54c99038
reloadAllAccessors: .Scale3

===========================================================================================
----------------- testing Fri Jan 31 06:57:59 UTC 2020 /home/travis/build/icyphy/ptII/ptolemy/actor/lib/test/auto/ScaleArray.xml
----------------- Instantiating /home/travis/build/icyphy/ptII/ptolemy/actor/lib/test/auto/ScaleArray.xml
1 ms. Memory: 560128K Free: 212668K (38%)
----------------- Invoking toplevel() on ptolemy.moml.MoMLSimpleApplication@58522055
----------------- Done invoking toplevel() on ptolemy.moml.MoMLSimpleApplication@58522055
reloadAllAccessors: .ScaleArray

===========================================================================================
----------------- testing Fri Jan 31 06:57:59 UTC 2020 /home/travis/build/icyphy/ptII/ptolemy/actor/lib/test/auto/ScaleArray2.xml
----------------- Instantiating /home/travis/build/icyphy/ptII/ptolemy/actor/lib/test/auto/ScaleArray2.xml
2 ms. Memory: 560128K Free: 207548K (37%)
----------------- Invoking toplevel() on ptolemy.moml.MoMLSimpleApplication@28bc7fbb
----------------- Done invoking toplevel() on ptolemy.moml.MoMLSimpleApplication@28bc7fbb
reloadAllAccessors: .ScaleArray2

===========================================================================================
----------------- testing Fri Jan 31 06:57:59 UTC 2020 /home/travis/build/icyphy/ptII/ptolemy/actor/lib/test/auto/ScaleMatrix.xml
----------------- Instantiating /home/travis/build/icyphy/ptII/ptolemy/actor/lib/test/auto/ScaleMatrix.xml
156 ms. Memory: 560128K Free: 192698K (34%)
----------------- Invoking toplevel() on ptolemy.moml.MoMLSimpleApplication@4fbad597
----------------- Done invoking toplevel() on ptolemy.moml.MoMLSimpleApplication@4fbad597
reloadAllAccessors: .ScaleMatrix

===========================================================================================
----------------- testing Fri Jan 31 06:57:59 UTC 2020 /home/travis/build/icyphy/ptII/ptolemy/actor/lib/test/auto/Select.xml
----------------- Instantiating /home/travis/build/icyphy/ptII/ptolemy/actor/lib/test/auto/Select.xml
3 ms. Memory: 560128K Free: 186524K (33%)
----------------- Invoking toplevel() on ptolemy.moml.MoMLSimpleApplication@4ed02a16
----------------- Done invoking toplevel() on ptolemy.moml.MoMLSimpleApplication@4ed02a16
reloadAllAccessors: .Select

===========================================================================================
----------------- testing Fri Jan 31 06:57:59 UTC 2020 /home/travis/build/icyphy/ptII/ptolemy/actor/lib/test/auto/Select2.xml
----------------- Instantiating /home/travis/build/icyphy/ptII/ptolemy/actor/lib/test/auto/Select2.xml
1 ms. Memory: 560128K Free: 181948K (32%)
----------------- Invoking toplevel() on ptolemy.moml.MoMLSimpleApplication@2c675438
----------------- Done invoking toplevel() on ptolemy.moml.MoMLSimpleApplication@2c675438
reloadAllAccessors: .Select2

===========================================================================================
----------------- testing Fri Jan 31 06:57:59 UTC 2020 /home/travis/build/icyphy/ptII/ptolemy/actor/lib/test/auto/SequenceToArray2.xml
----------------- Instantiating /home/travis/build/icyphy/ptII/ptolemy/actor/lib/test/auto/SequenceToArray2.xml
87 ms. Memory: 560128K Free: 488960K (87%)
----------------- Invoking toplevel() on ptolemy.moml.MoMLSimpleApplication@480c3967
----------------- Done invoking toplevel() on ptolemy.moml.MoMLSimpleApplication@480c3967
reloadAllAccessors: .SequenceToArray2

===========================================================================================
----------------- testing Fri Jan 31 06:57:59 UTC 2020 /home/travis/build/icyphy/ptII/ptolemy/actor/lib/test/auto/SequentialClock.xml
----------------- Instantiating /home/travis/build/icyphy/ptII/ptolemy/actor/lib/test/auto/SequentialClock.xml
1 ms. Memory: 560128K Free: 484350K (86%)
----------------- Invoking toplevel() on ptolemy.moml.MoMLSimpleApplication@1cd49131
----------------- Done invoking toplevel() on ptolemy.moml.MoMLSimpleApplication@1cd49131
reloadAllAccessors: .SequentialClock

===========================================================================================
----------------- testing Fri Jan 31 06:57:59 UTC 2020 /home/travis/build/icyphy/ptII/ptolemy/actor/lib/test/auto/SetVariable.xml
----------------- Instantiating /home/travis/build/icyphy/ptII/ptolemy/actor/lib/test/auto/SetVariable.xml
3 ms. Memory: 560128K Free: 479744K (86%)
----------------- Invoking toplevel() on ptolemy.moml.MoMLSimpleApplication@4f405d38
----------------- Done invoking toplevel() on ptolemy.moml.MoMLSimpleApplication@4f405d38
reloadAllAccessors: .SetVariable

===========================================================================================
----------------- testing Fri Jan 31 06:57:59 UTC 2020 /home/travis/build/icyphy/ptII/ptolemy/actor/lib/test/auto/SetVariable2.xml
----------------- Instantiating /home/travis/build/icyphy/ptII/ptolemy/actor/lib/test/auto/SetVariable2.xml
5 ms. Memory: 560128K Free: 474624K (85%)
----------------- Invoking toplevel() on ptolemy.moml.MoMLSimpleApplication@43d50a9e
----------------- Done invoking toplevel() on ptolemy.moml.MoMLSimpleApplication@43d50a9e
reloadAllAccessors: .SetVariable2

===========================================================================================
----------------- testing Fri Jan 31 06:57:59 UTC 2020 /home/travis/build/icyphy/ptII/ptolemy/actor/lib/test/auto/SetVariable3.xml
----------------- Instantiating /home/travis/build/icyphy/ptII/ptolemy/actor/lib/test/auto/SetVariable3.xml
8 ms. Memory: 560128K Free: 469504K (84%)
----------------- Invoking toplevel() on ptolemy.moml.MoMLSimpleApplication@621d89ad
----------------- Done invoking toplevel() on ptolemy.moml.MoMLSimpleApplication@621d89ad
reloadAllAccessors: .SetVariable3

===========================================================================================
----------------- testing Fri Jan 31 06:57:59 UTC 2020 /home/travis/build/icyphy/ptII/ptolemy/actor/lib/test/auto/SetVariable4.xml
----------------- Instantiating /home/travis/build/icyphy/ptII/ptolemy/actor/lib/test/auto/SetVariable4.xml
12 ms. Memory: 560128K Free: 460288K (82%)
----------------- Invoking toplevel() on ptolemy.moml.MoMLSimpleApplication@7fba989
----------------- Done invoking toplevel() on ptolemy.moml.MoMLSimpleApplication@7fba989
reloadAllAccessors: .SetVariable4

===========================================================================================
----------------- testing Fri Jan 31 06:57:59 UTC 2020 /home/travis/build/icyphy/ptII/ptolemy/actor/lib/test/auto/SetVariable5.xml
----------------- Instantiating /home/travis/build/icyphy/ptII/ptolemy/actor/lib/test/auto/SetVariable5.xml
19 ms. Memory: 560128K Free: 451072K (81%)
----------------- Invoking toplevel() on ptolemy.moml.MoMLSimpleApplication@4efeb95
----------------- Done invoking toplevel() on ptolemy.moml.MoMLSimpleApplication@4efeb95
reloadAllAccessors: .SetVariable5

===========================================================================================
----------------- testing Fri Jan 31 06:57:59 UTC 2020 /home/travis/build/icyphy/ptII/ptolemy/actor/lib/test/auto/Sinewave.xml
----------------- Instantiating /home/travis/build/icyphy/ptII/ptolemy/actor/lib/test/auto/Sinewave.xml
13 ms. Memory: 560128K Free: 440832K (79%)
----------------- Invoking toplevel() on ptolemy.moml.MoMLSimpleApplication@710fad2b
----------------- Done invoking toplevel() on ptolemy.moml.MoMLSimpleApplication@710fad2b
reloadAllAccessors: .Sinewave

===========================================================================================
----------------- testing Fri Jan 31 06:57:59 UTC 2020 /home/travis/build/icyphy/ptII/ptolemy/actor/lib/test/auto/Sinewave2.xml
----------------- Instantiating /home/travis/build/icyphy/ptII/ptolemy/actor/lib/test/auto/Sinewave2.xml
7 ms. Memory: 560128K Free: 432640K (77%)
----------------- Invoking toplevel() on ptolemy.moml.MoMLSimpleApplication@41a4960d
----------------- Done invoking toplevel() on ptolemy.moml.MoMLSimpleApplication@41a4960d
reloadAllAccessors: .Sinewave2

===========================================================================================
----------------- testing Fri Jan 31 06:57:59 UTC 2020 /home/travis/build/icyphy/ptII/ptolemy/actor/lib/test/auto/Sinewave3.xml
----------------- Instantiating /home/travis/build/icyphy/ptII/ptolemy/actor/lib/test/auto/Sinewave3.xml
7 ms. Memory: 560128K Free: 424448K (76%)
----------------- Invoking toplevel() on ptolemy.moml.MoMLSimpleApplication@3f49819b
----------------- Done invoking toplevel() on ptolemy.moml.MoMLSimpleApplication@3f49819b
reloadAllAccessors: .Sinewave3

===========================================================================================
----------------- testing Fri Jan 31 06:57:59 UTC 2020 /home/travis/build/icyphy/ptII/ptolemy/actor/lib/test/auto/SingleEvent.xml
----------------- Instantiating /home/travis/build/icyphy/ptII/ptolemy/actor/lib/test/auto/SingleEvent.xml
1 ms. Memory: 560128K Free: 420352K (75%)
----------------- Invoking toplevel() on ptolemy.moml.MoMLSimpleApplication@3a34191a
----------------- Done invoking toplevel() on ptolemy.moml.MoMLSimpleApplication@3a34191a
reloadAllAccessors: .SingleEvent

===========================================================================================
----------------- testing Fri Jan 31 06:57:59 UTC 2020 /home/travis/build/icyphy/ptII/ptolemy/actor/lib/test/auto/Sleep.xml
----------------- Instantiating /home/travis/build/icyphy/ptII/ptolemy/actor/lib/test/auto/Sleep.xml
6003 ms. Memory: 560128K Free: 414718K (74%)
----------------- Invoking toplevel() on ptolemy.moml.MoMLSimpleApplication@1fe9e349
----------------- Done invoking toplevel() on ptolemy.moml.MoMLSimpleApplication@1fe9e349
reloadAllAccessors: .Sleep

===========================================================================================
----------------- testing Fri Jan 31 06:58:05 UTC 2020 /home/travis/build/icyphy/ptII/ptolemy/actor/lib/test/auto/SleepMultipleFire.xml
----------------- Instantiating /home/travis/build/icyphy/ptII/ptolemy/actor/lib/test/auto/SleepMultipleFire.xml
1012 ms. Memory: 560128K Free: 408574K (73%)
----------------- Invoking toplevel() on ptolemy.moml.MoMLSimpleApplication@6e5767fe
----------------- Done invoking toplevel() on ptolemy.moml.MoMLSimpleApplication@6e5767fe
reloadAllAccessors: .SleepMultipleFire

===========================================================================================
----------------- testing Fri Jan 31 06:58:06 UTC 2020 /home/travis/build/icyphy/ptII/ptolemy/actor/lib/test/auto/StopDE.xml
----------------- Instantiating /home/travis/build/icyphy/ptII/ptolemy/actor/lib/test/auto/StopDE.xml
4 ms. Memory: 560128K Free: 402944K (72%)
----------------- Invoking toplevel() on ptolemy.moml.MoMLSimpleApplication@19d1427d
----------------- Done invoking toplevel() on ptolemy.moml.MoMLSimpleApplication@19d1427d
reloadAllAccessors: .StopDE

===========================================================================================
----------------- testing Fri Jan 31 06:58:06 UTC 2020 /home/travis/build/icyphy/ptII/ptolemy/actor/lib/test/auto/StopSDF.xml
----------------- Instantiating /home/travis/build/icyphy/ptII/ptolemy/actor/lib/test/auto/StopSDF.xml
3 ms. Memory: 560128K Free: 397310K (71%)
----------------- Invoking toplevel() on ptolemy.moml.MoMLSimpleApplication@1425eca7
----------------- Done invoking toplevel() on ptolemy.moml.MoMLSimpleApplication@1425eca7
reloadAllAccessors: .StopSDF

===========================================================================================
----------------- testing Fri Jan 31 06:58:06 UTC 2020 /home/travis/build/icyphy/ptII/ptolemy/actor/lib/test/auto/StringConstant.xml
----------------- Instantiating /home/travis/build/icyphy/ptII/ptolemy/actor/lib/test/auto/StringConstant.xml
10 ms. Memory: 560128K Free: 393214K (70%)
----------------- Invoking toplevel() on ptolemy.moml.MoMLSimpleApplication@65c475ec
----------------- Done invoking toplevel() on ptolemy.moml.MoMLSimpleApplication@65c475ec
reloadAllAccessors: .StringConstant

===========================================================================================
----------------- testing Fri Jan 31 06:58:07 UTC 2020 /home/travis/build/icyphy/ptII/ptolemy/actor/lib/test/auto/SubscriberPortInitialValues1.xml
----------------- Instantiating /home/travis/build/icyphy/ptII/ptolemy/actor/lib/test/auto/SubscriberPortInitialValues1.xml
9 ms. Memory: 560128K Free: 384512K (69%)
----------------- Invoking toplevel() on ptolemy.moml.MoMLSimpleApplication@4123b388
----------------- Done invoking toplevel() on ptolemy.moml.MoMLSimpleApplication@4123b388
reloadAllAccessors: .SubscriberPortInitialValues1

===========================================================================================
----------------- testing Fri Jan 31 06:58:07 UTC 2020 /home/travis/build/icyphy/ptII/ptolemy/actor/lib/test/auto/SubscriberPortInitialValues13.xml
----------------- Instantiating /home/travis/build/icyphy/ptII/ptolemy/actor/lib/test/auto/SubscriberPortInitialValues13.xml
5 ms. Memory: 560128K Free: 371710K (66%)
----------------- Invoking toplevel() on ptolemy.moml.MoMLSimpleApplication@6825e118
----------------- Done invoking toplevel() on ptolemy.moml.MoMLSimpleApplication@6825e118
reloadAllAccessors: .SubscriberPortInitialValues13

===========================================================================================
----------------- testing Fri Jan 31 06:58:07 UTC 2020 /home/travis/build/icyphy/ptII/ptolemy/actor/lib/test/auto/SubscriberPortInitialValues14.xml
----------------- Instantiating /home/travis/build/icyphy/ptII/ptolemy/actor/lib/test/auto/SubscriberPortInitialValues14.xml
4 ms. Memory: 560128K Free: 363518K (65%)
----------------- Invoking toplevel() on ptolemy.moml.MoMLSimpleApplication@51cb9071
----------------- Done invoking toplevel() on ptolemy.moml.MoMLSimpleApplication@51cb9071
reloadAllAccessors: .SubscriberPortInitialValues14

===========================================================================================
----------------- testing Fri Jan 31 06:58:07 UTC 2020 /home/travis/build/icyphy/ptII/ptolemy/actor/lib/test/auto/SubscriberPortInitialValues2.xml
----------------- Instantiating /home/travis/build/icyphy/ptII/ptolemy/actor/lib/test/auto/SubscriberPortInitialValues2.xml
3 ms. Memory: 560128K Free: 355840K (64%)
----------------- Invoking toplevel() on ptolemy.moml.MoMLSimpleApplication@7497ea66
----------------- Done invoking toplevel() on ptolemy.moml.MoMLSimpleApplication@7497ea66
reloadAllAccessors: .SubscriberPortInitialValues2

===========================================================================================
----------------- testing Fri Jan 31 06:58:07 UTC 2020 /home/travis/build/icyphy/ptII/ptolemy/actor/lib/test/auto/SubscriberPortInitialValues3.xml
----------------- Instantiating /home/travis/build/icyphy/ptII/ptolemy/actor/lib/test/auto/SubscriberPortInitialValues3.xml
3 ms. Memory: 560128K Free: 345086K (62%)
----------------- Invoking toplevel() on ptolemy.moml.MoMLSimpleApplication@7b435ab
----------------- Done invoking toplevel() on ptolemy.moml.MoMLSimpleApplication@7b435ab
reloadAllAccessors: .SubscriberPortInitialValues3

===========================================================================================
----------------- testing Fri Jan 31 06:58:07 UTC 2020 /home/travis/build/icyphy/ptII/ptolemy/actor/lib/test/auto/SubscriptionAggregator.xml
----------------- Instantiating /home/travis/build/icyphy/ptII/ptolemy/actor/lib/test/auto/SubscriptionAggregator.xml
2 ms. Memory: 560128K Free: 338432K (60%)
----------------- Invoking toplevel() on ptolemy.moml.MoMLSimpleApplication@6abb390a
----------------- Done invoking toplevel() on ptolemy.moml.MoMLSimpleApplication@6abb390a
reloadAllAccessors: .SubscriptionAggregator

===========================================================================================
----------------- testing Fri Jan 31 06:58:07 UTC 2020 /home/travis/build/icyphy/ptII/ptolemy/actor/lib/test/auto/SubscriptionAggregator2.xml
----------------- Instantiating /home/travis/build/icyphy/ptII/ptolemy/actor/lib/test/auto/SubscriptionAggregator2.xml
2 ms. Memory: 560128K Free: 331767K (59%)
----------------- Invoking toplevel() on ptolemy.moml.MoMLSimpleApplication@7e51cc97
----------------- Done invoking toplevel() on ptolemy.moml.MoMLSimpleApplication@7e51cc97
reloadAllAccessors: .SubscriptionAggregator2

===========================================================================================
----------------- testing Fri Jan 31 06:58:07 UTC 2020 /home/travis/build/icyphy/ptII/ptolemy/actor/lib/test/auto/SubscriptionAggregator3.xml
----------------- Instantiating /home/travis/build/icyphy/ptII/ptolemy/actor/lib/test/auto/SubscriptionAggregator3.xml
3 ms. Memory: 560128K Free: 323072K (58%)
----------------- Invoking toplevel() on ptolemy.moml.MoMLSimpleApplication@3489ebe6
----------------- Done invoking toplevel() on ptolemy.moml.MoMLSimpleApplication@3489ebe6
reloadAllAccessors: .SubscriptionAggregator3

===========================================================================================
----------------- testing Fri Jan 31 06:58:07 UTC 2020 /home/travis/build/icyphy/ptII/ptolemy/actor/lib/test/auto/SubscriptionAggregatorMultiply.xml
----------------- Instantiating /home/travis/build/icyphy/ptII/ptolemy/actor/lib/test/auto/SubscriptionAggregatorMultiply.xml
12 ms. Memory: 560128K Free: 314880K (56%)
----------------- Invoking toplevel() on ptolemy.moml.MoMLSimpleApplication@f64e689
----------------- Done invoking toplevel() on ptolemy.moml.MoMLSimpleApplication@f64e689
reloadAllAccessors: .SubscriptionAggregatorMultiply

===========================================================================================
----------------- testing Fri Jan 31 06:58:07 UTC 2020 /home/travis/build/icyphy/ptII/ptolemy/actor/lib/test/auto/SubscriptionAggregatorPortMultiply1.xml
----------------- Instantiating /home/travis/build/icyphy/ptII/ptolemy/actor/lib/test/auto/SubscriptionAggregatorPortMultiply1.xml
3 ms. Memory: 560128K Free: 307198K (55%)
----------------- Invoking toplevel() on ptolemy.moml.MoMLSimpleApplication@305ca923
----------------- Done invoking toplevel() on ptolemy.moml.MoMLSimpleApplication@305ca923
reloadAllAccessors: .SubscriptionAggregatorPortMultiply1

===========================================================================================
----------------- testing Fri Jan 31 06:58:07 UTC 2020 /home/travis/build/icyphy/ptII/ptolemy/actor/lib/test/auto/Switch.xml
----------------- Instantiating /home/travis/build/icyphy/ptII/ptolemy/actor/lib/test/auto/Switch.xml
7 ms. Memory: 560128K Free: 299006K (53%)
----------------- Invoking toplevel() on ptolemy.moml.MoMLSimpleApplication@19449515
----------------- Done invoking toplevel() on ptolemy.moml.MoMLSimpleApplication@19449515
reloadAllAccessors: .Switch

===========================================================================================
----------------- testing Fri Jan 31 06:58:07 UTC 2020 /home/travis/build/icyphy/ptII/ptolemy/actor/lib/test/auto/Switch2.xml
----------------- Instantiating /home/travis/build/icyphy/ptII/ptolemy/actor/lib/test/auto/Switch2.xml
1 ms. Memory: 560128K Free: 294400K (53%)
----------------- Invoking toplevel() on ptolemy.moml.MoMLSimpleApplication@2b341834
----------------- Done invoking toplevel() on ptolemy.moml.MoMLSimpleApplication@2b341834
reloadAllAccessors: .Switch2

===========================================================================================
----------------- testing Fri Jan 31 06:58:07 UTC 2020 /home/travis/build/icyphy/ptII/ptolemy/actor/lib/test/auto/SwitchDE.xml
----------------- Instantiating /home/travis/build/icyphy/ptII/ptolemy/actor/lib/test/auto/SwitchDE.xml
3 ms. Memory: 560128K Free: 288256K (51%)
----------------- Invoking toplevel() on ptolemy.moml.MoMLSimpleApplication@ae0729
----------------- Done invoking toplevel() on ptolemy.moml.MoMLSimpleApplication@ae0729
reloadAllAccessors: .SwitchDE

===========================================================================================
----------------- testing Fri Jan 31 06:58:07 UTC 2020 /home/travis/build/icyphy/ptII/ptolemy/actor/lib/test/auto/SynchronizerDE.xml
----------------- Instantiating /home/travis/build/icyphy/ptII/ptolemy/actor/lib/test/auto/SynchronizerDE.xml
7 ms. Memory: 560128K Free: 280064K (50%)
----------------- Invoking toplevel() on ptolemy.moml.MoMLSimpleApplication@5118e555
----------------- Done invoking toplevel() on ptolemy.moml.MoMLSimpleApplication@5118e555
reloadAllAccessors: .SynchronizerDE

===========================================================================================
----------------- testing Fri Jan 31 06:58:07 UTC 2020 /home/travis/build/icyphy/ptII/ptolemy/actor/lib/test/auto/Test.xml
----------------- Instantiating /home/travis/build/icyphy/ptII/ptolemy/actor/lib/test/auto/Test.xml
2 ms. Memory: 560128K Free: 274944K (49%)
----------------- Invoking toplevel() on ptolemy.moml.MoMLSimpleApplication@583184fe
----------------- Done invoking toplevel() on ptolemy.moml.MoMLSimpleApplication@583184fe
reloadAllAccessors: .Test

===========================================================================================
----------------- testing Fri Jan 31 06:58:07 UTC 2020 /home/travis/build/icyphy/ptII/ptolemy/actor/lib/test/auto/TestExceptionAttribute1.xml
----------------- Instantiating /home/travis/build/icyphy/ptII/ptolemy/actor/lib/test/auto/TestExceptionAttribute1.xml
1 ms. Memory: 560128K Free: 271358K (48%)
----------------- Invoking toplevel() on ptolemy.moml.MoMLSimpleApplication@26ad7dea
----------------- Done invoking toplevel() on ptolemy.moml.MoMLSimpleApplication@26ad7dea
reloadAllAccessors: .TestExceptionAttribute1

===========================================================================================
----------------- testing Fri Jan 31 06:58:07 UTC 2020 /home/travis/build/icyphy/ptII/ptolemy/actor/lib/test/auto/TestExceptionAttribute2.xml
----------------- Instantiating /home/travis/build/icyphy/ptII/ptolemy/actor/lib/test/auto/TestExceptionAttribute2.xml
1 ms. Memory: 560128K Free: 267262K (48%)
----------------- Invoking toplevel() on ptolemy.moml.MoMLSimpleApplication@71d82c89
----------------- Done invoking toplevel() on ptolemy.moml.MoMLSimpleApplication@71d82c89
reloadAllAccessors: .TestExceptionAttribute2

===========================================================================================
----------------- testing Fri Jan 31 06:58:07 UTC 2020 /home/travis/build/icyphy/ptII/ptolemy/actor/lib/test/auto/TestExceptionAttribute3.xml
----------------- Instantiating /home/travis/build/icyphy/ptII/ptolemy/actor/lib/test/auto/TestExceptionAttribute3.xml
.TestExceptionAttribute3.TestExceptionAttribute: initialize() was not invoked, but wrapup() was.  This is unusual, but not always a problem.  For example, exporting JNLP will do this.
1 ms. Memory: 560128K Free: 263680K (47%)
----------------- Invoking toplevel() on ptolemy.moml.MoMLSimpleApplication@4dbb92be
----------------- Done invoking toplevel() on ptolemy.moml.MoMLSimpleApplication@4dbb92be
reloadAllAccessors: .TestExceptionAttribute3

===========================================================================================
----------------- testing Fri Jan 31 06:58:07 UTC 2020 /home/travis/build/icyphy/ptII/ptolemy/actor/lib/test/auto/TestExceptionAttribute4.xml
----------------- Instantiating /home/travis/build/icyphy/ptII/ptolemy/actor/lib/test/auto/TestExceptionAttribute4.xml
.TestExceptionAttribute4.TestExceptionAttribute: initialize() was not invoked, but wrapup() was.  This is unusual, but not always a problem.  For example, exporting JNLP will do this.
.TestExceptionAttribute4.TestExceptionAttribute2: initialize() was not invoked, but wrapup() was.  This is unusual, but not always a problem.  For example, exporting JNLP will do this.
1 ms. Memory: 560128K Free: 259584K (46%)
----------------- Invoking toplevel() on ptolemy.moml.MoMLSimpleApplication@794ef70a
----------------- Done invoking toplevel() on ptolemy.moml.MoMLSimpleApplication@794ef70a
reloadAllAccessors: .TestExceptionAttribute4

===========================================================================================
----------------- testing Fri Jan 31 06:58:07 UTC 2020 /home/travis/build/icyphy/ptII/ptolemy/actor/lib/test/auto/TestExceptionHandler1.xml
----------------- Instantiating /home/travis/build/icyphy/ptII/ptolemy/actor/lib/test/auto/TestExceptionHandler1.xml
1 ms. Memory: 560128K Free: 255998K (46%)
----------------- Invoking toplevel() on ptolemy.moml.MoMLSimpleApplication@5141759e
----------------- Done invoking toplevel() on ptolemy.moml.MoMLSimpleApplication@5141759e
reloadAllAccessors: .TestExceptionHandler1

===========================================================================================
----------------- testing Fri Jan 31 06:58:07 UTC 2020 /home/travis/build/icyphy/ptII/ptolemy/actor/lib/test/auto/TestExceptionHandler2.xml
----------------- Instantiating /home/travis/build/icyphy/ptII/ptolemy/actor/lib/test/auto/TestExceptionHandler2.xml
1 ms. Memory: 560128K Free: 252416K (45%)
----------------- Invoking toplevel() on ptolemy.moml.MoMLSimpleApplication@421ad23a
----------------- Done invoking toplevel() on ptolemy.moml.MoMLSimpleApplication@421ad23a
reloadAllAccessors: .TestExceptionHandler2

===========================================================================================
----------------- testing Fri Jan 31 06:58:07 UTC 2020 /home/travis/build/icyphy/ptII/ptolemy/actor/lib/test/auto/TestExceptionHandler3.xml
----------------- Instantiating /home/travis/build/icyphy/ptII/ptolemy/actor/lib/test/auto/TestExceptionHandler3.xml
1 ms. Memory: 560128K Free: 248830K (44%)
----------------- Invoking toplevel() on ptolemy.moml.MoMLSimpleApplication@6361f153
----------------- Done invoking toplevel() on ptolemy.moml.MoMLSimpleApplication@6361f153
reloadAllAccessors: .TestExceptionHandler3

===========================================================================================
----------------- testing Fri Jan 31 06:58:07 UTC 2020 /home/travis/build/icyphy/ptII/ptolemy/actor/lib/test/auto/TestExceptionHandler4.xml
----------------- Instantiating /home/travis/build/icyphy/ptII/ptolemy/actor/lib/test/auto/TestExceptionHandler4.xml
1 ms. Memory: 560128K Free: 244734K (44%)
----------------- Invoking toplevel() on ptolemy.moml.MoMLSimpleApplication@2592ebb0
----------------- Done invoking toplevel() on ptolemy.moml.MoMLSimpleApplication@2592ebb0
reloadAllAccessors: .TestExceptionHandler4

===========================================================================================
----------------- testing Fri Jan 31 06:58:07 UTC 2020 /home/travis/build/icyphy/ptII/ptolemy/actor/lib/test/auto/TestRequireCorrectOrder.xml
----------------- Instantiating /home/travis/build/icyphy/ptII/ptolemy/actor/lib/test/auto/TestRequireCorrectOrder.xml
5 ms. Memory: 560128K Free: 239583K (43%)
----------------- Invoking toplevel() on ptolemy.moml.MoMLSimpleApplication@6cb43088
----------------- Done invoking toplevel() on ptolemy.moml.MoMLSimpleApplication@6cb43088
reloadAllAccessors: .TestRequireCorrectOrder

===========================================================================================
----------------- testing Fri Jan 31 06:58:07 UTC 2020 /home/travis/build/icyphy/ptII/ptolemy/actor/lib/test/auto/TestSimple.xml
----------------- Instantiating /home/travis/build/icyphy/ptII/ptolemy/actor/lib/test/auto/TestSimple.xml
2 ms. Memory: 560128K Free: 235518K (42%)
----------------- Invoking toplevel() on ptolemy.moml.MoMLSimpleApplication@2e15b5f6
----------------- Done invoking toplevel() on ptolemy.moml.MoMLSimpleApplication@2e15b5f6
reloadAllAccessors: .TestSimple

===========================================================================================
----------------- testing Fri Jan 31 06:58:07 UTC 2020 /home/travis/build/icyphy/ptII/ptolemy/actor/lib/test/auto/ThrowModelError.xml
----------------- Instantiating /home/travis/build/icyphy/ptII/ptolemy/actor/lib/test/auto/ThrowModelError.xml
1 ms. Memory: 560128K Free: 230912K (41%)
----------------- Invoking toplevel() on ptolemy.moml.MoMLSimpleApplication@1787c497
----------------- Done invoking toplevel() on ptolemy.moml.MoMLSimpleApplication@1787c497
reloadAllAccessors: .ThrowModelError

===========================================================================================
----------------- testing Fri Jan 31 06:58:07 UTC 2020 /home/travis/build/icyphy/ptII/ptolemy/actor/lib/test/auto/TimeDelayMicrosteps.xml
----------------- Instantiating /home/travis/build/icyphy/ptII/ptolemy/actor/lib/test/auto/TimeDelayMicrosteps.xml
3 ms. Memory: 560128K Free: 224239K (40%)
----------------- Invoking toplevel() on ptolemy.moml.MoMLSimpleApplication@24b9b4b7
----------------- Done invoking toplevel() on ptolemy.moml.MoMLSimpleApplication@24b9b4b7
reloadAllAccessors: .TimeDelayMicrosteps

===========================================================================================
----------------- testing Fri Jan 31 06:58:07 UTC 2020 /home/travis/build/icyphy/ptII/ptolemy/actor/lib/test/auto/TimeDelayMicrosteps2.xml
----------------- Instantiating /home/travis/build/icyphy/ptII/ptolemy/actor/lib/test/auto/TimeDelayMicrosteps2.xml
3 ms. Memory: 560128K Free: 216576K (39%)
----------------- Invoking toplevel() on ptolemy.moml.MoMLSimpleApplication@72efe618
----------------- Done invoking toplevel() on ptolemy.moml.MoMLSimpleApplication@72efe618
reloadAllAccessors: .TimeDelayMicrosteps2

===========================================================================================
----------------- testing Fri Jan 31 06:58:07 UTC 2020 /home/travis/build/icyphy/ptII/ptolemy/actor/lib/test/auto/TimeDelayMicrosteps3.xml
----------------- Instantiating /home/travis/build/icyphy/ptII/ptolemy/actor/lib/test/auto/TimeDelayMicrosteps3.xml
3 ms. Memory: 560128K Free: 209887K (37%)
----------------- Invoking toplevel() on ptolemy.moml.MoMLSimpleApplication@7261fff4
----------------- Done invoking toplevel() on ptolemy.moml.MoMLSimpleApplication@7261fff4
reloadAllAccessors: .TimeDelayMicrosteps3

===========================================================================================
----------------- testing Fri Jan 31 06:58:07 UTC 2020 /home/travis/build/icyphy/ptII/ptolemy/actor/lib/test/auto/TimeDelayVariableMicrosteps.xml
----------------- Instantiating /home/travis/build/icyphy/ptII/ptolemy/actor/lib/test/auto/TimeDelayVariableMicrosteps.xml
3 ms. Memory: 560128K Free: 203264K (36%)
----------------- Invoking toplevel() on ptolemy.moml.MoMLSimpleApplication@38a8523
----------------- Done invoking toplevel() on ptolemy.moml.MoMLSimpleApplication@38a8523
reloadAllAccessors: .TimeDelayVariableMicrosteps

===========================================================================================
----------------- testing Fri Jan 31 06:58:07 UTC 2020 /home/travis/build/icyphy/ptII/ptolemy/actor/lib/test/auto/TimeGap.xml
----------------- Instantiating /home/travis/build/icyphy/ptII/ptolemy/actor/lib/test/auto/TimeGap.xml
4 ms. Memory: 560128K Free: 198144K (35%)
----------------- Invoking toplevel() on ptolemy.moml.MoMLSimpleApplication@147e849a
----------------- Done invoking toplevel() on ptolemy.moml.MoMLSimpleApplication@147e849a
reloadAllAccessors: .TimeGap

===========================================================================================
----------------- testing Fri Jan 31 06:58:07 UTC 2020 /home/travis/build/icyphy/ptII/ptolemy/actor/lib/test/auto/TimeGap2.xml
----------------- Instantiating /home/travis/build/icyphy/ptII/ptolemy/actor/lib/test/auto/TimeGap2.xml
3 ms. Memory: 560128K Free: 192495K (34%)
----------------- Invoking toplevel() on ptolemy.moml.MoMLSimpleApplication@21324bd1
----------------- Done invoking toplevel() on ptolemy.moml.MoMLSimpleApplication@21324bd1
reloadAllAccessors: .TimeGap2

===========================================================================================
----------------- testing Fri Jan 31 06:58:07 UTC 2020 /home/travis/build/icyphy/ptII/ptolemy/actor/lib/test/auto/TimedSinewave.xml
----------------- Instantiating /home/travis/build/icyphy/ptII/ptolemy/actor/lib/test/auto/TimedSinewave.xml
23 ms. Memory: 560128K Free: 178688K (32%)
----------------- Invoking toplevel() on ptolemy.moml.MoMLSimpleApplication@3eb2d898
----------------- Done invoking toplevel() on ptolemy.moml.MoMLSimpleApplication@3eb2d898
reloadAllAccessors: .TimedSinewave

===========================================================================================
----------------- testing Fri Jan 31 06:58:07 UTC 2020 /home/travis/build/icyphy/ptII/ptolemy/actor/lib/test/auto/TimedSinewavePhase.xml
----------------- Instantiating /home/travis/build/icyphy/ptII/ptolemy/actor/lib/test/auto/TimedSinewavePhase.xml
11 ms. Memory: 560128K Free: 498838K (89%)
----------------- Invoking toplevel() on ptolemy.moml.MoMLSimpleApplication@1fb3a100
----------------- Done invoking toplevel() on ptolemy.moml.MoMLSimpleApplication@1fb3a100
reloadAllAccessors: .TimedSinewavePhase

===========================================================================================
----------------- testing Fri Jan 31 06:58:07 UTC 2020 /home/travis/build/icyphy/ptII/ptolemy/actor/lib/test/auto/Timer.xml
----------------- Instantiating /home/travis/build/icyphy/ptII/ptolemy/actor/lib/test/auto/Timer.xml
4 ms. Memory: 560128K Free: 492664K (88%)
----------------- Invoking toplevel() on ptolemy.moml.MoMLSimpleApplication@43190546
----------------- Done invoking toplevel() on ptolemy.moml.MoMLSimpleApplication@43190546
reloadAllAccessors: .Timer

===========================================================================================
----------------- testing Fri Jan 31 06:58:07 UTC 2020 /home/travis/build/icyphy/ptII/ptolemy/actor/lib/test/auto/TriangularDistTestModel.xml
----------------- Instantiating /home/travis/build/icyphy/ptII/ptolemy/actor/lib/test/auto/TriangularDistTestModel.xml
2 ms. Memory: 560128K Free: 487064K (87%)
----------------- Invoking toplevel() on ptolemy.moml.MoMLSimpleApplication@429aa023
----------------- Done invoking toplevel() on ptolemy.moml.MoMLSimpleApplication@429aa023
reloadAllAccessors: .TriangularDistTestModel

===========================================================================================
----------------- testing Fri Jan 31 06:58:07 UTC 2020 /home/travis/build/icyphy/ptII/ptolemy/actor/lib/test/auto/TrigFunction.xml
----------------- Instantiating /home/travis/build/icyphy/ptII/ptolemy/actor/lib/test/auto/TrigFunction.xml
2 ms. Memory: 560128K Free: 482454K (86%)
----------------- Invoking toplevel() on ptolemy.moml.MoMLSimpleApplication@78cf79e9
----------------- Done invoking toplevel() on ptolemy.moml.MoMLSimpleApplication@78cf79e9
reloadAllAccessors: .TrigFunction

===========================================================================================
----------------- testing Fri Jan 31 06:58:07 UTC 2020 /home/travis/build/icyphy/ptII/ptolemy/actor/lib/test/auto/TrigFunctionDE.xml
----------------- Instantiating /home/travis/build/icyphy/ptII/ptolemy/actor/lib/test/auto/TrigFunctionDE.xml
1 ms. Memory: 560128K Free: 476824K (85%)
----------------- Invoking toplevel() on ptolemy.moml.MoMLSimpleApplication@7faf9352
----------------- Done invoking toplevel() on ptolemy.moml.MoMLSimpleApplication@7faf9352
reloadAllAccessors: .TrigFunctionDE

===========================================================================================
----------------- testing Fri Jan 31 06:58:07 UTC 2020 /home/travis/build/icyphy/ptII/ptolemy/actor/lib/test/auto/TrigFunctionInverse.xml
----------------- Instantiating /home/travis/build/icyphy/ptII/ptolemy/actor/lib/test/auto/TrigFunctionInverse.xml
2 ms. Memory: 560128K Free: 471704K (84%)
----------------- Invoking toplevel() on ptolemy.moml.MoMLSimpleApplication@107169f0
----------------- Done invoking toplevel() on ptolemy.moml.MoMLSimpleApplication@107169f0
reloadAllAccessors: .TrigFunctionInverse

===========================================================================================
----------------- testing Fri Jan 31 06:58:07 UTC 2020 /home/travis/build/icyphy/ptII/ptolemy/actor/lib/test/auto/TrigFunctionTan.xml
----------------- Instantiating /home/travis/build/icyphy/ptII/ptolemy/actor/lib/test/auto/TrigFunctionTan.xml
1 ms. Memory: 560128K Free: 467608K (83%)
----------------- Invoking toplevel() on ptolemy.moml.MoMLSimpleApplication@42815e1d
----------------- Done invoking toplevel() on ptolemy.moml.MoMLSimpleApplication@42815e1d
reloadAllAccessors: .TrigFunctionTan

===========================================================================================
----------------- testing Fri Jan 31 06:58:07 UTC 2020 /home/travis/build/icyphy/ptII/ptolemy/actor/lib/test/auto/TriggeredClock.xml
----------------- Instantiating /home/travis/build/icyphy/ptII/ptolemy/actor/lib/test/auto/TriggeredClock.xml
1 ms. Memory: 560128K Free: 462488K (83%)
----------------- Invoking toplevel() on ptolemy.moml.MoMLSimpleApplication@7b3a733b
----------------- Done invoking toplevel() on ptolemy.moml.MoMLSimpleApplication@7b3a733b
reloadAllAccessors: .TriggeredClock

===========================================================================================
----------------- testing Fri Jan 31 06:58:07 UTC 2020 /home/travis/build/icyphy/ptII/ptolemy/actor/lib/test/auto/URLDirectoryReader.xml
----------------- Instantiating /home/travis/build/icyphy/ptII/ptolemy/actor/lib/test/auto/URLDirectoryReader.xml
41 ms. Memory: 560128K Free: 453272K (81%)
----------------- Invoking toplevel() on ptolemy.moml.MoMLSimpleApplication@7464a5d7
----------------- Done invoking toplevel() on ptolemy.moml.MoMLSimpleApplication@7464a5d7
reloadAllAccessors: .URLDirectoryReader

===========================================================================================
----------------- testing Fri Jan 31 06:58:07 UTC 2020 /home/travis/build/icyphy/ptII/ptolemy/actor/lib/test/auto/URLDirectoryReader3.xml
----------------- Instantiating /home/travis/build/icyphy/ptII/ptolemy/actor/lib/test/auto/URLDirectoryReader3.xml
1035 ms. Memory: 560128K Free: 498446K (89%)
----------------- Invoking toplevel() on ptolemy.moml.MoMLSimpleApplication@151f022
----------------- Done invoking toplevel() on ptolemy.moml.MoMLSimpleApplication@151f022
reloadAllAccessors: .URLDirectoryReader3

===========================================================================================
----------------- testing Fri Jan 31 06:58:09 UTC 2020 /home/travis/build/icyphy/ptII/ptolemy/actor/lib/test/auto/UnaryMathFunction.xml
----------------- Instantiating /home/travis/build/icyphy/ptII/ptolemy/actor/lib/test/auto/UnaryMathFunction.xml
2 ms. Memory: 560128K Free: 490253K (88%)
----------------- Invoking toplevel() on ptolemy.moml.MoMLSimpleApplication@5f15ae55
----------------- Done invoking toplevel() on ptolemy.moml.MoMLSimpleApplication@5f15ae55
reloadAllAccessors: .UnaryMathFunction

===========================================================================================
----------------- testing Fri Jan 31 06:58:09 UTC 2020 /home/travis/build/icyphy/ptII/ptolemy/actor/lib/test/auto/Uniform.xml
----------------- Instantiating /home/travis/build/icyphy/ptII/ptolemy/actor/lib/test/auto/Uniform.xml
2 ms. Memory: 560128K Free: 485647K (87%)
----------------- Invoking toplevel() on ptolemy.moml.MoMLSimpleApplication@79fc8abd
----------------- Done invoking toplevel() on ptolemy.moml.MoMLSimpleApplication@79fc8abd
reloadAllAccessors: .Uniform

===========================================================================================
----------------- testing Fri Jan 31 06:58:09 UTC 2020 /home/travis/build/icyphy/ptII/ptolemy/actor/lib/test/auto/UnionDisassemblerTest.xml
----------------- Instantiating /home/travis/build/icyphy/ptII/ptolemy/actor/lib/test/auto/UnionDisassemblerTest.xml
17 ms. Memory: 560128K Free: 481551K (86%)
----------------- Invoking toplevel() on ptolemy.moml.MoMLSimpleApplication@c360e74
----------------- Done invoking toplevel() on ptolemy.moml.MoMLSimpleApplication@c360e74
reloadAllAccessors: .UnionDisassemblerTest

===========================================================================================
----------------- testing Fri Jan 31 06:58:09 UTC 2020 /home/travis/build/icyphy/ptII/ptolemy/actor/lib/test/auto/UtilityFunctions.xml
----------------- Instantiating /home/travis/build/icyphy/ptII/ptolemy/actor/lib/test/auto/UtilityFunctions.xml
0 ms. Memory: 560128K Free: 477965K (85%)
----------------- Invoking toplevel() on ptolemy.moml.MoMLSimpleApplication@6c1b0eec
----------------- Done invoking toplevel() on ptolemy.moml.MoMLSimpleApplication@6c1b0eec
reloadAllAccessors: .UtilityFunctions

===========================================================================================
----------------- testing Fri Jan 31 06:58:09 UTC 2020 /home/travis/build/icyphy/ptII/ptolemy/actor/lib/test/auto/VariableSleep.xml
----------------- Instantiating /home/travis/build/icyphy/ptII/ptolemy/actor/lib/test/auto/VariableSleep.xml
503 ms. Memory: 560128K Free: 472335K (84%)
----------------- Invoking toplevel() on ptolemy.moml.MoMLSimpleApplication@5f238f7d
----------------- Done invoking toplevel() on ptolemy.moml.MoMLSimpleApplication@5f238f7d
reloadAllAccessors: .VariableSleep

===========================================================================================
----------------- testing Fri Jan 31 06:58:09 UTC 2020 /home/travis/build/icyphy/ptII/ptolemy/actor/lib/test/auto/VectorAssemblerDisassemblerCT.xml
----------------- Instantiating /home/travis/build/icyphy/ptII/ptolemy/actor/lib/test/auto/VectorAssemblerDisassemblerCT.xml
66 ms. Memory: 560128K Free: 451855K (81%)
----------------- Invoking toplevel() on ptolemy.moml.MoMLSimpleApplication@7e00add
----------------- Done invoking toplevel() on ptolemy.moml.MoMLSimpleApplication@7e00add
reloadAllAccessors: .VectorAssemblerDisassemblerCT

===========================================================================================
----------------- testing Fri Jan 31 06:58:09 UTC 2020 /home/travis/build/icyphy/ptII/ptolemy/actor/lib/test/auto/VectorAssemblerDisassemblerDE.xml
----------------- Instantiating /home/travis/build/icyphy/ptII/ptolemy/actor/lib/test/auto/VectorAssemblerDisassemblerDE.xml
2 ms. Memory: 560128K Free: 444173K (79%)
----------------- Invoking toplevel() on ptolemy.moml.MoMLSimpleApplication@332bd42f
----------------- Done invoking toplevel() on ptolemy.moml.MoMLSimpleApplication@332bd42f
reloadAllAccessors: .VectorAssemblerDisassemblerDE

===========================================================================================
----------------- testing Fri Jan 31 06:58:09 UTC 2020 /home/travis/build/icyphy/ptII/ptolemy/actor/lib/test/auto/VectorAssemblerDisassemblerSDF.xml
----------------- Instantiating /home/travis/build/icyphy/ptII/ptolemy/actor/lib/test/auto/VectorAssemblerDisassemblerSDF.xml
2 ms. Memory: 560128K Free: 437519K (78%)
----------------- Invoking toplevel() on ptolemy.moml.MoMLSimpleApplication@f510465
----------------- Done invoking toplevel() on ptolemy.moml.MoMLSimpleApplication@f510465
reloadAllAccessors: .VectorAssemblerDisassemblerSDF

===========================================================================================
----------------- testing Fri Jan 31 06:58:09 UTC 2020 /home/travis/build/icyphy/ptII/ptolemy/actor/lib/test/auto/WallClockTime.xml
----------------- Instantiating /home/travis/build/icyphy/ptII/ptolemy/actor/lib/test/auto/WallClockTime.xml
1004 ms. Memory: 560128K Free: 432399K (77%)
----------------- Invoking toplevel() on ptolemy.moml.MoMLSimpleApplication@7be51159
----------------- Done invoking toplevel() on ptolemy.moml.MoMLSimpleApplication@7be51159
reloadAllAccessors: .WallClockTime

===========================================================================================
----------------- testing Fri Jan 31 06:58:10 UTC 2020 /home/travis/build/icyphy/ptII/ptolemy/actor/lib/test/auto/WidthTestWithSubscriberPublisher.xml
----------------- Instantiating /home/travis/build/icyphy/ptII/ptolemy/actor/lib/test/auto/WidthTestWithSubscriberPublisher.xml
7 ms. Memory: 560128K Free: 414991K (74%)
----------------- Invoking toplevel() on ptolemy.moml.MoMLSimpleApplication@5f7afab4
----------------- Done invoking toplevel() on ptolemy.moml.MoMLSimpleApplication@5f7afab4
reloadAllAccessors: .WidthTestWithSubscriberPublisher

===========================================================================================
----------------- testing Fri Jan 31 06:58:10 UTC 2020 /home/travis/build/icyphy/ptII/ptolemy/actor/lib/test/auto/WidthTestWithSubscriberPublisher2.xml
----------------- Instantiating /home/travis/build/icyphy/ptII/ptolemy/actor/lib/test/auto/WidthTestWithSubscriberPublisher2.xml
2 ms. Memory: 560128K Free: 408333K (73%)
----------------- Invoking toplevel() on ptolemy.moml.MoMLSimpleApplication@334a11d4
----------------- Done invoking toplevel() on ptolemy.moml.MoMLSimpleApplication@334a11d4
reloadAllAccessors: .WidthTestWithSubscriberPublisher2

===========================================================================================
----------------- testing Fri Jan 31 06:58:10 UTC 2020 /home/travis/build/icyphy/ptII/ptolemy/actor/lib/test/auto/WidthTestWithSubscriberPublisher3.xml
----------------- Instantiating /home/travis/build/icyphy/ptII/ptolemy/actor/lib/test/auto/WidthTestWithSubscriberPublisher3.xml
1 ms. Memory: 560128K Free: 401679K (72%)
----------------- Invoking toplevel() on ptolemy.moml.MoMLSimpleApplication@466af9e5
----------------- Done invoking toplevel() on ptolemy.moml.MoMLSimpleApplication@466af9e5
reloadAllAccessors: .WidthTestWithSubscriberPublisher3

===========================================================================================
----------------- testing Fri Jan 31 06:58:10 UTC 2020 /home/travis/build/icyphy/ptII/ptolemy/actor/lib/test/auto/Writer.xml
----------------- Instantiating /home/travis/build/icyphy/ptII/ptolemy/actor/lib/test/auto/Writer.xml
0
1
2
3
4
1 ms. Memory: 560128K Free: 397063K (71%)
----------------- Invoking toplevel() on ptolemy.moml.MoMLSimpleApplication@fadc1c1
----------------- Done invoking toplevel() on ptolemy.moml.MoMLSimpleApplication@fadc1c1
reloadAllAccessors: .Writer

===========================================================================================
----------------- testing Fri Jan 31 06:58:10 UTC 2020 /home/travis/build/icyphy/ptII/ptolemy/actor/lib/test/auto/array.xml
----------------- Instantiating /home/travis/build/icyphy/ptII/ptolemy/actor/lib/test/auto/array.xml
2 ms. Memory: 560128K Free: 392463K (70%)
----------------- Invoking toplevel() on ptolemy.moml.MoMLSimpleApplication@1e435362
----------------- Done invoking toplevel() on ptolemy.moml.MoMLSimpleApplication@1e435362
reloadAllAccessors: .array

===========================================================================================
----------------- testing Fri Jan 31 06:58:10 UTC 2020 /home/travis/build/icyphy/ptII/ptolemy/actor/lib/test/auto/array2.xml
----------------- Instantiating /home/travis/build/icyphy/ptII/ptolemy/actor/lib/test/auto/array2.xml
3 ms. Memory: 560128K Free: 387839K (69%)
----------------- Invoking toplevel() on ptolemy.moml.MoMLSimpleApplication@6d0ee80d
----------------- Done invoking toplevel() on ptolemy.moml.MoMLSimpleApplication@6d0ee80d
reloadAllAccessors: .array2

===========================================================================================
----------------- testing Fri Jan 31 06:58:10 UTC 2020 /home/travis/build/icyphy/ptII/ptolemy/actor/lib/test/auto/arrayType.xml
----------------- Instantiating /home/travis/build/icyphy/ptII/ptolemy/actor/lib/test/auto/arrayType.xml
2 ms. Memory: 560128K Free: 382733K (68%)
----------------- Invoking toplevel() on ptolemy.moml.MoMLSimpleApplication@5abdcc62
----------------- Done invoking toplevel() on ptolemy.moml.MoMLSimpleApplication@5abdcc62
reloadAllAccessors: .arrayType

===========================================================================================
----------------- testing Fri Jan 31 06:58:10 UTC 2020 /home/travis/build/icyphy/ptII/ptolemy/actor/lib/test/auto/arrayType10.xml
----------------- Instantiating /home/travis/build/icyphy/ptII/ptolemy/actor/lib/test/auto/arrayType10.xml
2 ms. Memory: 560128K Free: 378127K (68%)
----------------- Invoking toplevel() on ptolemy.moml.MoMLSimpleApplication@1ddc1360
----------------- Done invoking toplevel() on ptolemy.moml.MoMLSimpleApplication@1ddc1360
reloadAllAccessors: .arrayType10

===========================================================================================
----------------- testing Fri Jan 31 06:58:10 UTC 2020 /home/travis/build/icyphy/ptII/ptolemy/actor/lib/test/auto/arrayType11.xml
----------------- Instantiating /home/travis/build/icyphy/ptII/ptolemy/actor/lib/test/auto/arrayType11.xml
1 ms. Memory: 560128K Free: 373007K (67%)
----------------- Invoking toplevel() on ptolemy.moml.MoMLSimpleApplication@1abe2f87
----------------- Done invoking toplevel() on ptolemy.moml.MoMLSimpleApplication@1abe2f87
reloadAllAccessors: .arrayType11

===========================================================================================
----------------- testing Fri Jan 31 06:58:10 UTC 2020 /home/travis/build/icyphy/ptII/ptolemy/actor/lib/test/auto/arrayType12.xml
----------------- Instantiating /home/travis/build/icyphy/ptII/ptolemy/actor/lib/test/auto/arrayType12.xml
1 ms. Memory: 560128K Free: 368397K (66%)
----------------- Invoking toplevel() on ptolemy.moml.MoMLSimpleApplication@7f4c4c6f
----------------- Done invoking toplevel() on ptolemy.moml.MoMLSimpleApplication@7f4c4c6f
reloadAllAccessors: .arrayType12

===========================================================================================
----------------- testing Fri Jan 31 06:58:11 UTC 2020 /home/travis/build/icyphy/ptII/ptolemy/actor/lib/test/auto/arrayType13.xml
----------------- Instantiating /home/travis/build/icyphy/ptII/ptolemy/actor/lib/test/auto/arrayType13.xml
1 ms. Memory: 560128K Free: 363277K (65%)
----------------- Invoking toplevel() on ptolemy.moml.MoMLSimpleApplication@7a28c2e0
----------------- Done invoking toplevel() on ptolemy.moml.MoMLSimpleApplication@7a28c2e0
reloadAllAccessors: .arrayType13

===========================================================================================
----------------- testing Fri Jan 31 06:58:11 UTC 2020 /home/travis/build/icyphy/ptII/ptolemy/actor/lib/test/auto/arrayType14.xml
----------------- Instantiating /home/travis/build/icyphy/ptII/ptolemy/actor/lib/test/auto/arrayType14.xml
2 ms. Memory: 560128K Free: 358143K (64%)
----------------- Invoking toplevel() on ptolemy.moml.MoMLSimpleApplication@205df2cb
----------------- Done invoking toplevel() on ptolemy.moml.MoMLSimpleApplication@205df2cb
reloadAllAccessors: .arrayType14

===========================================================================================
----------------- testing Fri Jan 31 06:58:11 UTC 2020 /home/travis/build/icyphy/ptII/ptolemy/actor/lib/test/auto/arrayType15.xml
----------------- Instantiating /home/travis/build/icyphy/ptII/ptolemy/actor/lib/test/auto/arrayType15.xml
2 ms. Memory: 560128K Free: 353037K (63%)
----------------- Invoking toplevel() on ptolemy.moml.MoMLSimpleApplication@64a96d7b
----------------- Done invoking toplevel() on ptolemy.moml.MoMLSimpleApplication@64a96d7b
reloadAllAccessors: .arrayType15

===========================================================================================
----------------- testing Fri Jan 31 06:58:11 UTC 2020 /home/travis/build/icyphy/ptII/ptolemy/actor/lib/test/auto/arrayType16.xml
----------------- Instantiating /home/travis/build/icyphy/ptII/ptolemy/actor/lib/test/auto/arrayType16.xml
1 ms. Memory: 560128K Free: 347407K (62%)
----------------- Invoking toplevel() on ptolemy.moml.MoMLSimpleApplication@315e7e24
----------------- Done invoking toplevel() on ptolemy.moml.MoMLSimpleApplication@315e7e24
reloadAllAccessors: .arrayType16

===========================================================================================
----------------- testing Fri Jan 31 06:58:11 UTC 2020 /home/travis/build/icyphy/ptII/ptolemy/actor/lib/test/auto/arrayType17.xml
----------------- Instantiating /home/travis/build/icyphy/ptII/ptolemy/actor/lib/test/auto/arrayType17.xml
1 ms. Memory: 560128K Free: 342287K (61%)
----------------- Invoking toplevel() on ptolemy.moml.MoMLSimpleApplication@6dcf627d
----------------- Done invoking toplevel() on ptolemy.moml.MoMLSimpleApplication@6dcf627d
reloadAllAccessors: .arrayType17

===========================================================================================
----------------- testing Fri Jan 31 06:58:11 UTC 2020 /home/travis/build/icyphy/ptII/ptolemy/actor/lib/test/auto/arrayType18.xml
----------------- Instantiating /home/travis/build/icyphy/ptII/ptolemy/actor/lib/test/auto/arrayType18.xml
2 ms. Memory: 560128K Free: 337677K (60%)
----------------- Invoking toplevel() on ptolemy.moml.MoMLSimpleApplication@1951fe52
----------------- Done invoking toplevel() on ptolemy.moml.MoMLSimpleApplication@1951fe52
reloadAllAccessors: .arrayType18

===========================================================================================
----------------- testing Fri Jan 31 06:58:11 UTC 2020 /home/travis/build/icyphy/ptII/ptolemy/actor/lib/test/auto/arrayType19.xml
----------------- Instantiating /home/travis/build/icyphy/ptII/ptolemy/actor/lib/test/auto/arrayType19.xml
1 ms. Memory: 560128K Free: 333071K (59%)
----------------- Invoking toplevel() on ptolemy.moml.MoMLSimpleApplication@1daf3ae6
----------------- Done invoking toplevel() on ptolemy.moml.MoMLSimpleApplication@1daf3ae6
reloadAllAccessors: .arrayType19

===========================================================================================
----------------- testing Fri Jan 31 06:58:11 UTC 2020 /home/travis/build/icyphy/ptII/ptolemy/actor/lib/test/auto/arrayType2.xml
----------------- Instantiating /home/travis/build/icyphy/ptII/ptolemy/actor/lib/test/auto/arrayType2.xml
1 ms. Memory: 560128K Free: 327951K (59%)
----------------- Invoking toplevel() on ptolemy.moml.MoMLSimpleApplication@cc6b01
----------------- Done invoking toplevel() on ptolemy.moml.MoMLSimpleApplication@cc6b01
reloadAllAccessors: .arrayType2

===========================================================================================
----------------- testing Fri Jan 31 06:58:11 UTC 2020 /home/travis/build/icyphy/ptII/ptolemy/actor/lib/test/auto/arrayType20.xml
----------------- Instantiating /home/travis/build/icyphy/ptII/ptolemy/actor/lib/test/auto/arrayType20.xml
2 ms. Memory: 560128K Free: 322317K (58%)
----------------- Invoking toplevel() on ptolemy.moml.MoMLSimpleApplication@6779c750
----------------- Done invoking toplevel() on ptolemy.moml.MoMLSimpleApplication@6779c750
reloadAllAccessors: .arrayType20

===========================================================================================
----------------- testing Fri Jan 31 06:58:11 UTC 2020 /home/travis/build/icyphy/ptII/ptolemy/actor/lib/test/auto/arrayType21.xml
----------------- Instantiating /home/travis/build/icyphy/ptII/ptolemy/actor/lib/test/auto/arrayType21.xml
1 ms. Memory: 560128K Free: 317711K (57%)
----------------- Invoking toplevel() on ptolemy.moml.MoMLSimpleApplication@2879e8f3
----------------- Done invoking toplevel() on ptolemy.moml.MoMLSimpleApplication@2879e8f3
reloadAllAccessors: .arrayType21

===========================================================================================
----------------- testing Fri Jan 31 06:58:11 UTC 2020 /home/travis/build/icyphy/ptII/ptolemy/actor/lib/test/auto/arrayType22.xml
----------------- Instantiating /home/travis/build/icyphy/ptII/ptolemy/actor/lib/test/auto/arrayType22.xml
1 ms. Memory: 560128K Free: 313101K (56%)
----------------- Invoking toplevel() on ptolemy.moml.MoMLSimpleApplication@701bb1e5
----------------- Done invoking toplevel() on ptolemy.moml.MoMLSimpleApplication@701bb1e5
reloadAllAccessors: .arrayType22

===========================================================================================
----------------- testing Fri Jan 31 06:58:11 UTC 2020 /home/travis/build/icyphy/ptII/ptolemy/actor/lib/test/auto/arrayType23.xml
----------------- Instantiating /home/travis/build/icyphy/ptII/ptolemy/actor/lib/test/auto/arrayType23.xml
2 ms. Memory: 560128K Free: 308495K (55%)
----------------- Invoking toplevel() on ptolemy.moml.MoMLSimpleApplication@315d9bcc
----------------- Done invoking toplevel() on ptolemy.moml.MoMLSimpleApplication@315d9bcc
reloadAllAccessors: .arrayType23

===========================================================================================
----------------- testing Fri Jan 31 06:58:11 UTC 2020 /home/travis/build/icyphy/ptII/ptolemy/actor/lib/test/auto/arrayType24.xml
----------------- Instantiating /home/travis/build/icyphy/ptII/ptolemy/actor/lib/test/auto/arrayType24.xml
5 ms. Memory: 560128K Free: 303375K (54%)
----------------- Invoking toplevel() on ptolemy.moml.MoMLSimpleApplication@b0d678
----------------- Done invoking toplevel() on ptolemy.moml.MoMLSimpleApplication@b0d678
reloadAllAccessors: .arrayType24

===========================================================================================
----------------- testing Fri Jan 31 06:58:11 UTC 2020 /home/travis/build/icyphy/ptII/ptolemy/actor/lib/test/auto/arrayType25.xml
----------------- Instantiating /home/travis/build/icyphy/ptII/ptolemy/actor/lib/test/auto/arrayType25.xml
1 ms. Memory: 560128K Free: 298255K (53%)
----------------- Invoking toplevel() on ptolemy.moml.MoMLSimpleApplication@5ad8d7d8
----------------- Done invoking toplevel() on ptolemy.moml.MoMLSimpleApplication@5ad8d7d8
reloadAllAccessors: .arrayType25

===========================================================================================
----------------- testing Fri Jan 31 06:58:11 UTC 2020 /home/travis/build/icyphy/ptII/ptolemy/actor/lib/test/auto/arrayType26.xml
----------------- Instantiating /home/travis/build/icyphy/ptII/ptolemy/actor/lib/test/auto/arrayType26.xml
1 ms. Memory: 560128K Free: 293135K (52%)
----------------- Invoking toplevel() on ptolemy.moml.MoMLSimpleApplication@559d8a2f
----------------- Done invoking toplevel() on ptolemy.moml.MoMLSimpleApplication@559d8a2f
reloadAllAccessors: .arrayType26

===========================================================================================
----------------- testing Fri Jan 31 06:58:11 UTC 2020 /home/travis/build/icyphy/ptII/ptolemy/actor/lib/test/auto/arrayType27.xml
----------------- Instantiating /home/travis/build/icyphy/ptII/ptolemy/actor/lib/test/auto/arrayType27.xml
1 ms. Memory: 560128K Free: 288015K (51%)
----------------- Invoking toplevel() on ptolemy.moml.MoMLSimpleApplication@2d8a7b72
----------------- Done invoking toplevel() on ptolemy.moml.MoMLSimpleApplication@2d8a7b72
reloadAllAccessors: .arrayType27

===========================================================================================
----------------- testing Fri Jan 31 06:58:11 UTC 2020 /home/travis/build/icyphy/ptII/ptolemy/actor/lib/test/auto/arrayType28.xml
----------------- Instantiating /home/travis/build/icyphy/ptII/ptolemy/actor/lib/test/auto/arrayType28.xml
1 ms. Memory: 560128K Free: 282381K (50%)
----------------- Invoking toplevel() on ptolemy.moml.MoMLSimpleApplication@699d91b5
----------------- Done invoking toplevel() on ptolemy.moml.MoMLSimpleApplication@699d91b5
reloadAllAccessors: .arrayType28

===========================================================================================
----------------- testing Fri Jan 31 06:58:11 UTC 2020 /home/travis/build/icyphy/ptII/ptolemy/actor/lib/test/auto/arrayType3.xml
----------------- Instantiating /home/travis/build/icyphy/ptII/ptolemy/actor/lib/test/auto/arrayType3.xml
2 ms. Memory: 560128K Free: 277261K (49%)
----------------- Invoking toplevel() on ptolemy.moml.MoMLSimpleApplication@5251f5f0
----------------- Done invoking toplevel() on ptolemy.moml.MoMLSimpleApplication@5251f5f0
reloadAllAccessors: .arrayType3

===========================================================================================
----------------- testing Fri Jan 31 06:58:11 UTC 2020 /home/travis/build/icyphy/ptII/ptolemy/actor/lib/test/auto/arrayType4.xml
----------------- Instantiating /home/travis/build/icyphy/ptII/ptolemy/actor/lib/test/auto/arrayType4.xml
2 ms. Memory: 560128K Free: 272141K (49%)
----------------- Invoking toplevel() on ptolemy.moml.MoMLSimpleApplication@d94bcb7
----------------- Done invoking toplevel() on ptolemy.moml.MoMLSimpleApplication@d94bcb7
reloadAllAccessors: .arrayType4

===========================================================================================
----------------- testing Fri Jan 31 06:58:11 UTC 2020 /home/travis/build/icyphy/ptII/ptolemy/actor/lib/test/auto/arrayType5.xml
----------------- Instantiating /home/travis/build/icyphy/ptII/ptolemy/actor/lib/test/auto/arrayType5.xml
2 ms. Memory: 560128K Free: 267021K (48%)
----------------- Invoking toplevel() on ptolemy.moml.MoMLSimpleApplication@4b6ba3cc
----------------- Done invoking toplevel() on ptolemy.moml.MoMLSimpleApplication@4b6ba3cc
reloadAllAccessors: .arrayType5

===========================================================================================
----------------- testing Fri Jan 31 06:58:11 UTC 2020 /home/travis/build/icyphy/ptII/ptolemy/actor/lib/test/auto/arrayType6.xml
----------------- Instantiating /home/travis/build/icyphy/ptII/ptolemy/actor/lib/test/auto/arrayType6.xml
1 ms. Memory: 560128K Free: 261901K (47%)
----------------- Invoking toplevel() on ptolemy.moml.MoMLSimpleApplication@30acc7f6
----------------- Done invoking toplevel() on ptolemy.moml.MoMLSimpleApplication@30acc7f6
reloadAllAccessors: .arrayType6

===========================================================================================
----------------- testing Fri Jan 31 06:58:11 UTC 2020 /home/travis/build/icyphy/ptII/ptolemy/actor/lib/test/auto/arrayType7.xml
----------------- Instantiating /home/travis/build/icyphy/ptII/ptolemy/actor/lib/test/auto/arrayType7.xml
6 ms. Memory: 560128K Free: 257295K (46%)
----------------- Invoking toplevel() on ptolemy.moml.MoMLSimpleApplication@6eee8196
----------------- Done invoking toplevel() on ptolemy.moml.MoMLSimpleApplication@6eee8196
reloadAllAccessors: .arrayType7

===========================================================================================
----------------- testing Fri Jan 31 06:58:11 UTC 2020 /home/travis/build/icyphy/ptII/ptolemy/actor/lib/test/auto/arrayType8.xml
----------------- Instantiating /home/travis/build/icyphy/ptII/ptolemy/actor/lib/test/auto/arrayType8.xml
1 ms. Memory: 560128K Free: 252685K (45%)
----------------- Invoking toplevel() on ptolemy.moml.MoMLSimpleApplication@52c6296a
----------------- Done invoking toplevel() on ptolemy.moml.MoMLSimpleApplication@52c6296a
reloadAllAccessors: .arrayType8

===========================================================================================
----------------- testing Fri Jan 31 06:58:11 UTC 2020 /home/travis/build/icyphy/ptII/ptolemy/actor/lib/test/auto/arrayType9.xml
----------------- Instantiating /home/travis/build/icyphy/ptII/ptolemy/actor/lib/test/auto/arrayType9.xml
1 ms. Memory: 560128K Free: 248079K (44%)
----------------- Invoking toplevel() on ptolemy.moml.MoMLSimpleApplication@497ab86b
----------------- Done invoking toplevel() on ptolemy.moml.MoMLSimpleApplication@497ab86b
reloadAllAccessors: .arrayType9

===========================================================================================
----------------- testing Fri Jan 31 06:58:11 UTC 2020 /home/travis/build/icyphy/ptII/ptolemy/actor/lib/test/auto/cast.xml
----------------- Instantiating /home/travis/build/icyphy/ptII/ptolemy/actor/lib/test/auto/cast.xml
2 ms. Memory: 560128K Free: 242959K (43%)
----------------- Invoking toplevel() on ptolemy.moml.MoMLSimpleApplication@6b6da1fb
----------------- Done invoking toplevel() on ptolemy.moml.MoMLSimpleApplication@6b6da1fb
reloadAllAccessors: .cast

===========================================================================================
----------------- testing Fri Jan 31 06:58:11 UTC 2020 /home/travis/build/icyphy/ptII/ptolemy/actor/lib/test/auto/compositeMultiPort.xml
----------------- Instantiating /home/travis/build/icyphy/ptII/ptolemy/actor/lib/test/auto/compositeMultiPort.xml
2 ms. Memory: 560128K Free: 234247K (42%)
----------------- Invoking toplevel() on ptolemy.moml.MoMLSimpleApplication@7a5d6ce4
----------------- Done invoking toplevel() on ptolemy.moml.MoMLSimpleApplication@7a5d6ce4
reloadAllAccessors: .compositeMultiPort

===========================================================================================
----------------- testing Fri Jan 31 06:58:11 UTC 2020 /home/travis/build/icyphy/ptII/ptolemy/actor/lib/test/auto/expressionCastInference.xml
----------------- Instantiating /home/travis/build/icyphy/ptII/ptolemy/actor/lib/test/auto/expressionCastInference.xml
2 ms. Memory: 560128K Free: 229647K (41%)
----------------- Invoking toplevel() on ptolemy.moml.MoMLSimpleApplication@7e8bd46e
----------------- Done invoking toplevel() on ptolemy.moml.MoMLSimpleApplication@7e8bd46e
reloadAllAccessors: .expressionCastInference

===========================================================================================
----------------- testing Fri Jan 31 06:58:11 UTC 2020 /home/travis/build/icyphy/ptII/ptolemy/actor/lib/test/auto/expressionCastInference2.xml
----------------- Instantiating /home/travis/build/icyphy/ptII/ptolemy/actor/lib/test/auto/expressionCastInference2.xml
12 ms. Memory: 560128K Free: 225037K (40%)
----------------- Invoking toplevel() on ptolemy.moml.MoMLSimpleApplication@146aac4d
----------------- Done invoking toplevel() on ptolemy.moml.MoMLSimpleApplication@146aac4d
reloadAllAccessors: .expressionCastInference2

===========================================================================================
----------------- testing Fri Jan 31 06:58:11 UTC 2020 /home/travis/build/icyphy/ptII/ptolemy/actor/lib/test/auto/expressionInference.xml
----------------- Instantiating /home/travis/build/icyphy/ptII/ptolemy/actor/lib/test/auto/expressionInference.xml
2 ms. Memory: 560128K Free: 220431K (39%)
----------------- Invoking toplevel() on ptolemy.moml.MoMLSimpleApplication@36adc0ec
----------------- Done invoking toplevel() on ptolemy.moml.MoMLSimpleApplication@36adc0ec
reloadAllAccessors: .expressionInference

===========================================================================================
----------------- testing Fri Jan 31 06:58:11 UTC 2020 /home/travis/build/icyphy/ptII/ptolemy/actor/lib/test/auto/expression_bug.xml
----------------- Instantiating /home/travis/build/icyphy/ptII/ptolemy/actor/lib/test/auto/expression_bug.xml
1 ms. Memory: 560128K Free: 216335K (39%)
----------------- Invoking toplevel() on ptolemy.moml.MoMLSimpleApplication@161471e7
----------------- Done invoking toplevel() on ptolemy.moml.MoMLSimpleApplication@161471e7
reloadAllAccessors: .expression_bug

===========================================================================================
----------------- testing Fri Jan 31 06:58:11 UTC 2020 /home/travis/build/icyphy/ptII/ptolemy/actor/lib/test/auto/factorial.xml
----------------- Instantiating /home/travis/build/icyphy/ptII/ptolemy/actor/lib/test/auto/factorial.xml
23 ms. Memory: 560128K Free: 208143K (37%)
----------------- Invoking toplevel() on ptolemy.moml.MoMLSimpleApplication@3707b592
----------------- Done invoking toplevel() on ptolemy.moml.MoMLSimpleApplication@3707b592
reloadAllAccessors: .factorial

===========================================================================================
----------------- testing Fri Jan 31 06:58:11 UTC 2020 /home/travis/build/icyphy/ptII/ptolemy/actor/lib/test/auto/filterTest1.xml
----------------- Instantiating /home/travis/build/icyphy/ptII/ptolemy/actor/lib/test/auto/filterTest1.xml
9 ms. Memory: 560128K Free: 201999K (36%)
----------------- Invoking toplevel() on ptolemy.moml.MoMLSimpleApplication@6dab1d5a
----------------- Done invoking toplevel() on ptolemy.moml.MoMLSimpleApplication@6dab1d5a
reloadAllAccessors: .filterTest1

===========================================================================================
----------------- testing Fri Jan 31 06:58:11 UTC 2020 /home/travis/build/icyphy/ptII/ptolemy/actor/lib/test/auto/funcApplyInConst.xml
----------------- Instantiating /home/travis/build/icyphy/ptII/ptolemy/actor/lib/test/auto/funcApplyInConst.xml
1 ms. Memory: 560128K Free: 198413K (35%)
----------------- Invoking toplevel() on ptolemy.moml.MoMLSimpleApplication@36e488c7
----------------- Done invoking toplevel() on ptolemy.moml.MoMLSimpleApplication@36e488c7
reloadAllAccessors: .funcApplyInConst

===========================================================================================
----------------- testing Fri Jan 31 06:58:11 UTC 2020 /home/travis/build/icyphy/ptII/ptolemy/actor/lib/test/auto/funcApplyInExpr.xml
----------------- Instantiating /home/travis/build/icyphy/ptII/ptolemy/actor/lib/test/auto/funcApplyInExpr.xml
1 ms. Memory: 560128K Free: 194831K (35%)
----------------- Invoking toplevel() on ptolemy.moml.MoMLSimpleApplication@1d49641c
----------------- Done invoking toplevel() on ptolemy.moml.MoMLSimpleApplication@1d49641c
reloadAllAccessors: .funcApplyInExpr

===========================================================================================
----------------- testing Fri Jan 31 06:58:11 UTC 2020 /home/travis/build/icyphy/ptII/ptolemy/actor/lib/test/auto/function.xml
----------------- Instantiating /home/travis/build/icyphy/ptII/ptolemy/actor/lib/test/auto/function.xml
2 ms. Memory: 560128K Free: 190221K (34%)
----------------- Invoking toplevel() on ptolemy.moml.MoMLSimpleApplication@83f4937
----------------- Done invoking toplevel() on ptolemy.moml.MoMLSimpleApplication@83f4937
reloadAllAccessors: .function

===========================================================================================
----------------- testing Fri Jan 31 06:58:11 UTC 2020 /home/travis/build/icyphy/ptII/ptolemy/actor/lib/test/auto/function2.xml
----------------- Instantiating /home/travis/build/icyphy/ptII/ptolemy/actor/lib/test/auto/function2.xml
2 ms. Memory: 560128K Free: 185101K (33%)
----------------- Invoking toplevel() on ptolemy.moml.MoMLSimpleApplication@21f47c59
----------------- Done invoking toplevel() on ptolemy.moml.MoMLSimpleApplication@21f47c59
reloadAllAccessors: .function2

===========================================================================================
----------------- testing Fri Jan 31 06:58:11 UTC 2020 /home/travis/build/icyphy/ptII/ptolemy/actor/lib/test/auto/function3.xml
----------------- Instantiating /home/travis/build/icyphy/ptII/ptolemy/actor/lib/test/auto/function3.xml
1 ms. Memory: 560128K Free: 181519K (32%)
----------------- Invoking toplevel() on ptolemy.moml.MoMLSimpleApplication@66645ea8
----------------- Done invoking toplevel() on ptolemy.moml.MoMLSimpleApplication@66645ea8
reloadAllAccessors: .function3

===========================================================================================
----------------- testing Fri Jan 31 06:58:11 UTC 2020 /home/travis/build/icyphy/ptII/ptolemy/actor/lib/test/auto/functionClosureTest1.xml
----------------- Instantiating /home/travis/build/icyphy/ptII/ptolemy/actor/lib/test/auto/functionClosureTest1.xml
1 ms. Memory: 560128K Free: 175871K (31%)
----------------- Invoking toplevel() on ptolemy.moml.MoMLSimpleApplication@2016330a
----------------- Done invoking toplevel() on ptolemy.moml.MoMLSimpleApplication@2016330a
reloadAllAccessors: .functionClosureTest1

===========================================================================================
----------------- testing Fri Jan 31 06:58:11 UTC 2020 /home/travis/build/icyphy/ptII/ptolemy/actor/lib/test/auto/functionClosureTest2.xml
----------------- Instantiating /home/travis/build/icyphy/ptII/ptolemy/actor/lib/test/auto/functionClosureTest2.xml
1 ms. Memory: 560128K Free: 500054K (89%)
----------------- Invoking toplevel() on ptolemy.moml.MoMLSimpleApplication@36820e05
----------------- Done invoking toplevel() on ptolemy.moml.MoMLSimpleApplication@36820e05
reloadAllAccessors: .functionClosureTest2

===========================================================================================
----------------- testing Fri Jan 31 06:58:11 UTC 2020 /home/travis/build/icyphy/ptII/ptolemy/actor/lib/test/auto/functionClosureTest3.xml
----------------- Instantiating /home/travis/build/icyphy/ptII/ptolemy/actor/lib/test/auto/functionClosureTest3.xml
4 ms. Memory: 560128K Free: 494920K (88%)
----------------- Invoking toplevel() on ptolemy.moml.MoMLSimpleApplication@5f4a3515
----------------- Done invoking toplevel() on ptolemy.moml.MoMLSimpleApplication@5f4a3515
reloadAllAccessors: .functionClosureTest3

===========================================================================================
----------------- testing Fri Jan 31 06:58:11 UTC 2020 /home/travis/build/icyphy/ptII/ptolemy/actor/lib/test/auto/functionClosureTest4.xml
----------------- Instantiating /home/travis/build/icyphy/ptII/ptolemy/actor/lib/test/auto/functionClosureTest4.xml
3 ms. Memory: 560128K Free: 488790K (87%)
----------------- Invoking toplevel() on ptolemy.moml.MoMLSimpleApplication@3ab3c6a8
----------------- Done invoking toplevel() on ptolemy.moml.MoMLSimpleApplication@3ab3c6a8
reloadAllAccessors: .functionClosureTest4

===========================================================================================
----------------- testing Fri Jan 31 06:58:11 UTC 2020 /home/travis/build/icyphy/ptII/ptolemy/actor/lib/test/auto/functionClosureTest5.xml
----------------- Instantiating /home/travis/build/icyphy/ptII/ptolemy/actor/lib/test/auto/functionClosureTest5.xml
3 ms. Memory: 560128K Free: 483160K (86%)
----------------- Invoking toplevel() on ptolemy.moml.MoMLSimpleApplication@954fbee
----------------- Done invoking toplevel() on ptolemy.moml.MoMLSimpleApplication@954fbee
reloadAllAccessors: .functionClosureTest5

===========================================================================================
----------------- testing Fri Jan 31 06:58:11 UTC 2020 /home/travis/build/icyphy/ptII/ptolemy/actor/lib/test/auto/functionClosureTest6.xml
----------------- Instantiating /home/travis/build/icyphy/ptII/ptolemy/actor/lib/test/auto/functionClosureTest6.xml
1 ms. Memory: 560128K Free: 478550K (85%)
----------------- Invoking toplevel() on ptolemy.moml.MoMLSimpleApplication@40e31971
----------------- Done invoking toplevel() on ptolemy.moml.MoMLSimpleApplication@40e31971
reloadAllAccessors: .functionClosureTest6

===========================================================================================
----------------- testing Fri Jan 31 06:58:11 UTC 2020 /home/travis/build/icyphy/ptII/ptolemy/actor/lib/test/auto/functionsOnArcs.xml
----------------- Instantiating /home/travis/build/icyphy/ptII/ptolemy/actor/lib/test/auto/functionsOnArcs.xml
1 ms. Memory: 560128K Free: 473430K (85%)
----------------- Invoking toplevel() on ptolemy.moml.MoMLSimpleApplication@769c1aad
----------------- Done invoking toplevel() on ptolemy.moml.MoMLSimpleApplication@769c1aad
reloadAllAccessors: .functionsOnArcs

===========================================================================================
----------------- testing Fri Jan 31 06:58:11 UTC 2020 /home/travis/build/icyphy/ptII/ptolemy/actor/lib/test/auto/functionsOnArcsHOF.xml
----------------- Instantiating /home/travis/build/icyphy/ptII/ptolemy/actor/lib/test/auto/functionsOnArcsHOF.xml
2 ms. Memory: 560128K Free: 467286K (83%)
----------------- Invoking toplevel() on ptolemy.moml.MoMLSimpleApplication@13358abc
----------------- Done invoking toplevel() on ptolemy.moml.MoMLSimpleApplication@13358abc
reloadAllAccessors: .functionsOnArcsHOF

===========================================================================================
----------------- testing Fri Jan 31 06:58:11 UTC 2020 /home/travis/build/icyphy/ptII/ptolemy/actor/lib/test/auto/logic.xml
----------------- Instantiating /home/travis/build/icyphy/ptII/ptolemy/actor/lib/test/auto/logic.xml
1 ms. Memory: 560128K Free: 460118K (82%)
----------------- Invoking toplevel() on ptolemy.moml.MoMLSimpleApplication@15f50533
----------------- Done invoking toplevel() on ptolemy.moml.MoMLSimpleApplication@15f50533
reloadAllAccessors: .logic

===========================================================================================
----------------- testing Fri Jan 31 06:58:11 UTC 2020 /home/travis/build/icyphy/ptII/ptolemy/actor/lib/test/auto/matrixType.xml
----------------- Instantiating /home/travis/build/icyphy/ptII/ptolemy/actor/lib/test/auto/matrixType.xml
2 ms. Memory: 560128K Free: 454998K (81%)
----------------- Invoking toplevel() on ptolemy.moml.MoMLSimpleApplication@389cf8ca
----------------- Done invoking toplevel() on ptolemy.moml.MoMLSimpleApplication@389cf8ca
reloadAllAccessors: .matrixType

===========================================================================================
----------------- testing Fri Jan 31 06:58:11 UTC 2020 /home/travis/build/icyphy/ptII/ptolemy/actor/lib/test/auto/matrixType10.xml
----------------- Instantiating /home/travis/build/icyphy/ptII/ptolemy/actor/lib/test/auto/matrixType10.xml
1 ms. Memory: 560128K Free: 449878K (80%)
----------------- Invoking toplevel() on ptolemy.moml.MoMLSimpleApplication@54db8322
----------------- Done invoking toplevel() on ptolemy.moml.MoMLSimpleApplication@54db8322
reloadAllAccessors: .matrixType10

===========================================================================================
----------------- testing Fri Jan 31 06:58:11 UTC 2020 /home/travis/build/icyphy/ptII/ptolemy/actor/lib/test/auto/matrixType11.xml
----------------- Instantiating /home/travis/build/icyphy/ptII/ptolemy/actor/lib/test/auto/matrixType11.xml
1 ms. Memory: 560128K Free: 445272K (79%)
----------------- Invoking toplevel() on ptolemy.moml.MoMLSimpleApplication@61ce1dcc
----------------- Done invoking toplevel() on ptolemy.moml.MoMLSimpleApplication@61ce1dcc
reloadAllAccessors: .matrixType11

===========================================================================================
----------------- testing Fri Jan 31 06:58:11 UTC 2020 /home/travis/build/icyphy/ptII/ptolemy/actor/lib/test/auto/matrixType12.xml
----------------- Instantiating /home/travis/build/icyphy/ptII/ptolemy/actor/lib/test/auto/matrixType12.xml
1 ms. Memory: 560128K Free: 440662K (79%)
----------------- Invoking toplevel() on ptolemy.moml.MoMLSimpleApplication@c28575c
----------------- Done invoking toplevel() on ptolemy.moml.MoMLSimpleApplication@c28575c
reloadAllAccessors: .matrixType12

===========================================================================================
----------------- testing Fri Jan 31 06:58:11 UTC 2020 /home/travis/build/icyphy/ptII/ptolemy/actor/lib/test/auto/matrixType13.xml
----------------- Instantiating /home/travis/build/icyphy/ptII/ptolemy/actor/lib/test/auto/matrixType13.xml
1 ms. Memory: 560128K Free: 435542K (78%)
----------------- Invoking toplevel() on ptolemy.moml.MoMLSimpleApplication@3e52eae0
----------------- Done invoking toplevel() on ptolemy.moml.MoMLSimpleApplication@3e52eae0
reloadAllAccessors: .matrixType13

===========================================================================================
----------------- testing Fri Jan 31 06:58:11 UTC 2020 /home/travis/build/icyphy/ptII/ptolemy/actor/lib/test/auto/matrixType14.xml
----------------- Instantiating /home/travis/build/icyphy/ptII/ptolemy/actor/lib/test/auto/matrixType14.xml
2 ms. Memory: 560128K Free: 430422K (77%)
----------------- Invoking toplevel() on ptolemy.moml.MoMLSimpleApplication@47c7b69
----------------- Done invoking toplevel() on ptolemy.moml.MoMLSimpleApplication@47c7b69
reloadAllAccessors: .matrixType14

===========================================================================================
----------------- testing Fri Jan 31 06:58:11 UTC 2020 /home/travis/build/icyphy/ptII/ptolemy/actor/lib/test/auto/matrixType2.xml
----------------- Instantiating /home/travis/build/icyphy/ptII/ptolemy/actor/lib/test/auto/matrixType2.xml
1 ms. Memory: 560128K Free: 425302K (76%)
----------------- Invoking toplevel() on ptolemy.moml.MoMLSimpleApplication@59788457
----------------- Done invoking toplevel() on ptolemy.moml.MoMLSimpleApplication@59788457
reloadAllAccessors: .matrixType2

===========================================================================================
----------------- testing Fri Jan 31 06:58:11 UTC 2020 /home/travis/build/icyphy/ptII/ptolemy/actor/lib/test/auto/matrixType3.xml
----------------- Instantiating /home/travis/build/icyphy/ptII/ptolemy/actor/lib/test/auto/matrixType3.xml
3 ms. Memory: 560128K Free: 420182K (75%)
----------------- Invoking toplevel() on ptolemy.moml.MoMLSimpleApplication@2471e355
----------------- Done invoking toplevel() on ptolemy.moml.MoMLSimpleApplication@2471e355
reloadAllAccessors: .matrixType3

===========================================================================================
----------------- testing Fri Jan 31 06:58:11 UTC 2020 /home/travis/build/icyphy/ptII/ptolemy/actor/lib/test/auto/matrixType4.xml
----------------- Instantiating /home/travis/build/icyphy/ptII/ptolemy/actor/lib/test/auto/matrixType4.xml
2 ms. Memory: 560128K Free: 415576K (74%)
----------------- Invoking toplevel() on ptolemy.moml.MoMLSimpleApplication@3c4396f1
----------------- Done invoking toplevel() on ptolemy.moml.MoMLSimpleApplication@3c4396f1
reloadAllAccessors: .matrixType4

===========================================================================================
----------------- testing Fri Jan 31 06:58:11 UTC 2020 /home/travis/build/icyphy/ptII/ptolemy/actor/lib/test/auto/matrixType5.xml
----------------- Instantiating /home/travis/build/icyphy/ptII/ptolemy/actor/lib/test/auto/matrixType5.xml
1 ms. Memory: 560128K Free: 410966K (73%)
----------------- Invoking toplevel() on ptolemy.moml.MoMLSimpleApplication@7ffd20ea
----------------- Done invoking toplevel() on ptolemy.moml.MoMLSimpleApplication@7ffd20ea
reloadAllAccessors: .matrixType5

===========================================================================================
----------------- testing Fri Jan 31 06:58:11 UTC 2020 /home/travis/build/icyphy/ptII/ptolemy/actor/lib/test/auto/matrixType6.xml
----------------- Instantiating /home/travis/build/icyphy/ptII/ptolemy/actor/lib/test/auto/matrixType6.xml
1 ms. Memory: 560128K Free: 405846K (72%)
----------------- Invoking toplevel() on ptolemy.moml.MoMLSimpleApplication@4303724b
----------------- Done invoking toplevel() on ptolemy.moml.MoMLSimpleApplication@4303724b
reloadAllAccessors: .matrixType6

===========================================================================================
----------------- testing Fri Jan 31 06:58:11 UTC 2020 /home/travis/build/icyphy/ptII/ptolemy/actor/lib/test/auto/matrixType7.xml
----------------- Instantiating /home/travis/build/icyphy/ptII/ptolemy/actor/lib/test/auto/matrixType7.xml
1 ms. Memory: 560128K Free: 401240K (72%)
----------------- Invoking toplevel() on ptolemy.moml.MoMLSimpleApplication@4ad31177
----------------- Done invoking toplevel() on ptolemy.moml.MoMLSimpleApplication@4ad31177
reloadAllAccessors: .matrixType7

===========================================================================================
----------------- testing Fri Jan 31 06:58:11 UTC 2020 /home/travis/build/icyphy/ptII/ptolemy/actor/lib/test/auto/matrixType8.xml
----------------- Instantiating /home/travis/build/icyphy/ptII/ptolemy/actor/lib/test/auto/matrixType8.xml
1 ms. Memory: 560128K Free: 396630K (71%)
----------------- Invoking toplevel() on ptolemy.moml.MoMLSimpleApplication@14f9d80a
----------------- Done invoking toplevel() on ptolemy.moml.MoMLSimpleApplication@14f9d80a
reloadAllAccessors: .matrixType8

===========================================================================================
----------------- testing Fri Jan 31 06:58:11 UTC 2020 /home/travis/build/icyphy/ptII/ptolemy/actor/lib/test/auto/matrixType9.xml
----------------- Instantiating /home/travis/build/icyphy/ptII/ptolemy/actor/lib/test/auto/matrixType9.xml
1 ms. Memory: 560128K Free: 391510K (70%)
----------------- Invoking toplevel() on ptolemy.moml.MoMLSimpleApplication@60e41d5b
----------------- Done invoking toplevel() on ptolemy.moml.MoMLSimpleApplication@60e41d5b
reloadAllAccessors: .matrixType9

===========================================================================================
----------------- testing Fri Jan 31 06:58:11 UTC 2020 /home/travis/build/icyphy/ptII/ptolemy/actor/lib/test/auto/paraFunctest.xml
----------------- Instantiating /home/travis/build/icyphy/ptII/ptolemy/actor/lib/test/auto/paraFunctest.xml
2 ms. Memory: 560128K Free: 387928K (69%)
----------------- Invoking toplevel() on ptolemy.moml.MoMLSimpleApplication@5c1a4ba
----------------- Done invoking toplevel() on ptolemy.moml.MoMLSimpleApplication@5c1a4ba
reloadAllAccessors: .paraFunctest

===========================================================================================
----------------- testing Fri Jan 31 06:58:11 UTC 2020 /home/travis/build/icyphy/ptII/ptolemy/actor/lib/test/auto/paraFunctest2.xml
----------------- Instantiating /home/travis/build/icyphy/ptII/ptolemy/actor/lib/test/auto/paraFunctest2.xml
2 ms. Memory: 560128K Free: 384342K (69%)
----------------- Invoking toplevel() on ptolemy.moml.MoMLSimpleApplication@27df502d
----------------- Done invoking toplevel() on ptolemy.moml.MoMLSimpleApplication@27df502d
reloadAllAccessors: .paraFunctest2

===========================================================================================
----------------- testing Fri Jan 31 06:58:11 UTC 2020 /home/travis/build/icyphy/ptII/ptolemy/actor/lib/test/auto/parameterPassing.xml
----------------- Instantiating /home/travis/build/icyphy/ptII/ptolemy/actor/lib/test/auto/parameterPassing.xml
1 ms. Memory: 560128K Free: 379736K (68%)
----------------- Invoking toplevel() on ptolemy.moml.MoMLSimpleApplication@59eb5d83
----------------- Done invoking toplevel() on ptolemy.moml.MoMLSimpleApplication@59eb5d83
reloadAllAccessors: .parameterPassing

===========================================================================================
----------------- testing Fri Jan 31 06:58:11 UTC 2020 /home/travis/build/icyphy/ptII/ptolemy/actor/lib/test/auto/record.xml
----------------- Instantiating /home/travis/build/icyphy/ptII/ptolemy/actor/lib/test/auto/record.xml
3 ms. Memory: 560128K Free: 375126K (67%)
----------------- Invoking toplevel() on ptolemy.moml.MoMLSimpleApplication@4da122c5
----------------- Done invoking toplevel() on ptolemy.moml.MoMLSimpleApplication@4da122c5
reloadAllAccessors: .record

===========================================================================================
----------------- testing Fri Jan 31 06:58:11 UTC 2020 /home/travis/build/icyphy/ptII/ptolemy/actor/lib/test/auto/sizedarray1.xml
----------------- Instantiating /home/travis/build/icyphy/ptII/ptolemy/actor/lib/test/auto/sizedarray1.xml
1 ms. Memory: 560128K Free: 369496K (66%)
----------------- Invoking toplevel() on ptolemy.moml.MoMLSimpleApplication@64b076f9
----------------- Done invoking toplevel() on ptolemy.moml.MoMLSimpleApplication@64b076f9
reloadAllAccessors: .sizedarray1

===========================================================================================
----------------- testing Fri Jan 31 06:58:11 UTC 2020 /home/travis/build/icyphy/ptII/ptolemy/actor/lib/test/auto/sizedarray2.xml
----------------- Instantiating /home/travis/build/icyphy/ptII/ptolemy/actor/lib/test/auto/sizedarray2.xml
2 ms. Memory: 560128K Free: 363862K (65%)
----------------- Invoking toplevel() on ptolemy.moml.MoMLSimpleApplication@3cb64993
----------------- Done invoking toplevel() on ptolemy.moml.MoMLSimpleApplication@3cb64993
reloadAllAccessors: .sizedarray2

===========================================================================================
----------------- testing Fri Jan 31 06:58:11 UTC 2020 /home/travis/build/icyphy/ptII/ptolemy/actor/lib/test/auto/twoPublishers.xml
----------------- Instantiating /home/travis/build/icyphy/ptII/ptolemy/actor/lib/test/auto/twoPublishers.xml
6 ms. Memory: 560128K Free: 354136K (63%)
----------------- Invoking toplevel() on ptolemy.moml.MoMLSimpleApplication@5bbb2954
----------------- Done invoking toplevel() on ptolemy.moml.MoMLSimpleApplication@5bbb2954
reloadAllAccessors: .twoPublishers
AutoTests.java: About to close Vertx.
AutoTests.java: Vertx closed.
]]></system-out>
  <system-err><![CDATA[java.lang.RuntimeException: Execution failed
	at ptolemy.moml.MoMLSimpleApplication$UnloadThread.run(MoMLSimpleApplication.java:402)
Caused by: java.lang.RuntimeException: StringUtilities.exit() was called. Normally, we would exit here because Manager.exitAfterWrapup() was called.  However, because the ptolemy.ptII.exitAfterWrapup property is set, we throw this exception instead.
	at ptolemy.util.StringUtilities.exit(StringUtilities.java:365)
	at ptolemy.actor.Manager.wrapup(Manager.java:1549)
	at ptolemy.actor.Manager.execute(Manager.java:407)
	at ptolemy.actor.Manager.run(Manager.java:1263)
	at ptolemy.actor.Manager$PtolemyRunThread.run(Manager.java:1933)
Warning: '.top.test' is in training mode, set the trainingMode parameter to false before checking in
Warning: '.top.test' is in training mode, set the trainingMode parameter to false before checking in
Warning: '.top.test' is in training mode, set the trainingMode parameter to false before checking in
Warning: '.BooleanSwitch_RegressionTest_WrongTrainingValues.Test' is in training mode, set the trainingMode parameter to false before checking in
Warning: '.BooleanSwitch_RegressionTest_WrongTrainingValues.Test2' is in training mode, set the trainingMode parameter to false before checking in
Warning: '.BooleanSwitch_RegressionTest_WrongTrainingValues.Test2' The test produced 0 tokens.
Warning: '.top.testExceptionHandler' is in training mode, set the trainingMode parameter to false before checking in
java.lang.RuntimeException: Execution failed
	at ptolemy.moml.MoMLSimpleApplication$UnloadThread.run(MoMLSimpleApplication.java:402)
Caused by: ptolemy.kernel.util.IllegalActionException: PublisherPorts cannot be used at the top level, use a Publisher actor instead.
  in .PublisherPortToplevelSubscriber.PublisherPort
	at ptolemy.actor.PublisherPort.preinitialize(PublisherPort.java:403)
	at ptolemy.actor.CompositeActor.preinitialize(CompositeActor.java:1769)
	at ptolemy.actor.Manager.preinitializeAndResolveTypes(Manager.java:1040)
	at ptolemy.actor.Manager.initialize(Manager.java:710)
	at ptolemy.actor.Manager.execute(Manager.java:356)
	at ptolemy.actor.Manager.run(Manager.java:1263)
	at ptolemy.actor.Manager$PtolemyRunThread.run(Manager.java:1933)
java.lang.reflect.InvocationTargetException
	at java.base/jdk.internal.reflect.NativeConstructorAccessorImpl.newInstance0(Native Method)
	at java.base/jdk.internal.reflect.NativeConstructorAccessorImpl.newInstance(NativeConstructorAccessorImpl.java:62)
	at java.base/jdk.internal.reflect.DelegatingConstructorAccessorImpl.newInstance(DelegatingConstructorAccessorImpl.java:45)
	at java.base/java.lang.reflect.Constructor.newInstance(Constructor.java:490)
	at ptolemy.util.test.junit.AutoKnownFailedTests.RunModel(AutoKnownFailedTests.java:105)
	at java.base/jdk.internal.reflect.NativeMethodAccessorImpl.invoke0(Native Method)
	at java.base/jdk.internal.reflect.NativeMethodAccessorImpl.invoke(NativeMethodAccessorImpl.java:62)
	at java.base/jdk.internal.reflect.DelegatingMethodAccessorImpl.invoke(DelegatingMethodAccessorImpl.java:43)
	at java.base/java.lang.reflect.Method.invoke(Method.java:566)
	at org.junit.runners.model.FrameworkMethod$1.runReflectiveCall(FrameworkMethod.java:44)
	at org.junit.internal.runners.model.ReflectiveCallable.run(ReflectiveCallable.java:15)
	at org.junit.runners.model.FrameworkMethod.invokeExplosively(FrameworkMethod.java:41)
	at junitparams.internal.InvokeParameterisedMethod.evaluate(InvokeParameterisedMethod.java:102)
	at org.junit.internal.runners.statements.FailOnTimeout$1.run(FailOnTimeout.java:28)
Caused by: ptolemy.kernel.util.IllegalActionException: PublisherPorts cannot be used at the top level, use a Publisher actor instead.
  in .PublisherPortToplevelSubscriber.PublisherPort
	at ptolemy.actor.PublisherPort.preinitialize(PublisherPort.java:403)
	at ptolemy.actor.CompositeActor.preinitialize(CompositeActor.java:1769)
	at ptolemy.actor.Manager.preinitializeAndResolveTypes(Manager.java:1040)
	at ptolemy.actor.Manager.initialize(Manager.java:710)
	at ptolemy.actor.Manager.execute(Manager.java:356)
	at ptolemy.actor.Manager.run(Manager.java:1263)
	at ptolemy.actor.Manager$PtolemyRunThread.run(Manager.java:1933)
java.lang.RuntimeException: Execution failed
	at ptolemy.moml.MoMLSimpleApplication$UnloadThread.run(MoMLSimpleApplication.java:402)
Caused by: ptolemy.kernel.util.IllegalActionException: SubscriberPorts cannot be used at the top level, use a Subscriber actor instead.
  in .PublisherSubscriberPortToplevel.SubscriberPort
	at ptolemy.actor.SubscriberPort.preinitialize(SubscriberPort.java:328)
	at ptolemy.actor.CompositeActor.preinitialize(CompositeActor.java:1769)
	at ptolemy.actor.Manager.preinitializeAndResolveTypes(Manager.java:1040)
	at ptolemy.actor.Manager.initialize(Manager.java:710)
	at ptolemy.actor.Manager.execute(Manager.java:356)
	at ptolemy.actor.Manager.run(Manager.java:1263)
	at ptolemy.actor.Manager$PtolemyRunThread.run(Manager.java:1933)
java.lang.reflect.InvocationTargetException
	at java.base/jdk.internal.reflect.NativeConstructorAccessorImpl.newInstance0(Native Method)
	at java.base/jdk.internal.reflect.NativeConstructorAccessorImpl.newInstance(NativeConstructorAccessorImpl.java:62)
	at java.base/jdk.internal.reflect.DelegatingConstructorAccessorImpl.newInstance(DelegatingConstructorAccessorImpl.java:45)
	at java.base/java.lang.reflect.Constructor.newInstance(Constructor.java:490)
	at ptolemy.util.test.junit.AutoKnownFailedTests.RunModel(AutoKnownFailedTests.java:105)
	at java.base/jdk.internal.reflect.NativeMethodAccessorImpl.invoke0(Native Method)
	at java.base/jdk.internal.reflect.NativeMethodAccessorImpl.invoke(NativeMethodAccessorImpl.java:62)
	at java.base/jdk.internal.reflect.DelegatingMethodAccessorImpl.invoke(DelegatingMethodAccessorImpl.java:43)
	at java.base/java.lang.reflect.Method.invoke(Method.java:566)
	at org.junit.runners.model.FrameworkMethod$1.runReflectiveCall(FrameworkMethod.java:44)
	at org.junit.internal.runners.model.ReflectiveCallable.run(ReflectiveCallable.java:15)
	at org.junit.runners.model.FrameworkMethod.invokeExplosively(FrameworkMethod.java:41)
	at junitparams.internal.InvokeParameterisedMethod.evaluate(InvokeParameterisedMethod.java:102)
	at org.junit.internal.runners.statements.FailOnTimeout$1.run(FailOnTimeout.java:28)
Caused by: ptolemy.kernel.util.IllegalActionException: SubscriberPorts cannot be used at the top level, use a Subscriber actor instead.
  in .PublisherSubscriberPortToplevel.SubscriberPort
	at ptolemy.actor.SubscriberPort.preinitialize(SubscriberPort.java:328)
	at ptolemy.actor.CompositeActor.preinitialize(CompositeActor.java:1769)
	at ptolemy.actor.Manager.preinitializeAndResolveTypes(Manager.java:1040)
	at ptolemy.actor.Manager.initialize(Manager.java:710)
	at ptolemy.actor.Manager.execute(Manager.java:356)
	at ptolemy.actor.Manager.run(Manager.java:1263)
	at ptolemy.actor.Manager$PtolemyRunThread.run(Manager.java:1933)
java.lang.RuntimeException: Execution failed
	at ptolemy.moml.MoMLSimpleApplication$UnloadThread.run(MoMLSimpleApplication.java:402)
Caused by: ptolemy.kernel.util.IllegalActionException: SubscriptionAggregatorPorts cannot be used at the top level, use a SubscriptionAggregator actor instead.
  in .PublisherSubscriptionAggregatorPort.SubscriptionAggregatorPort
	at ptolemy.actor.SubscriptionAggregatorPort.preinitialize(SubscriptionAggregatorPort.java:353)
	at ptolemy.actor.CompositeActor.preinitialize(CompositeActor.java:1769)
	at ptolemy.actor.Manager.preinitializeAndResolveTypes(Manager.java:1040)
	at ptolemy.actor.Manager.initialize(Manager.java:710)
	at ptolemy.actor.Manager.execute(Manager.java:356)
	at ptolemy.actor.Manager.run(Manager.java:1263)
	at ptolemy.actor.Manager$PtolemyRunThread.run(Manager.java:1933)
java.lang.reflect.InvocationTargetException
	at java.base/jdk.internal.reflect.NativeConstructorAccessorImpl.newInstance0(Native Method)
	at java.base/jdk.internal.reflect.NativeConstructorAccessorImpl.newInstance(NativeConstructorAccessorImpl.java:62)
	at java.base/jdk.internal.reflect.DelegatingConstructorAccessorImpl.newInstance(DelegatingConstructorAccessorImpl.java:45)
	at java.base/java.lang.reflect.Constructor.newInstance(Constructor.java:490)
	at ptolemy.util.test.junit.AutoKnownFailedTests.RunModel(AutoKnownFailedTests.java:105)
	at java.base/jdk.internal.reflect.NativeMethodAccessorImpl.invoke0(Native Method)
	at java.base/jdk.internal.reflect.NativeMethodAccessorImpl.invoke(NativeMethodAccessorImpl.java:62)
	at java.base/jdk.internal.reflect.DelegatingMethodAccessorImpl.invoke(DelegatingMethodAccessorImpl.java:43)
	at java.base/java.lang.reflect.Method.invoke(Method.java:566)
	at org.junit.runners.model.FrameworkMethod$1.runReflectiveCall(FrameworkMethod.java:44)
	at org.junit.internal.runners.model.ReflectiveCallable.run(ReflectiveCallable.java:15)
	at org.junit.runners.model.FrameworkMethod.invokeExplosively(FrameworkMethod.java:41)
	at junitparams.internal.InvokeParameterisedMethod.evaluate(InvokeParameterisedMethod.java:102)
	at org.junit.internal.runners.statements.FailOnTimeout$1.run(FailOnTimeout.java:28)
Caused by: ptolemy.kernel.util.IllegalActionException: SubscriptionAggregatorPorts cannot be used at the top level, use a SubscriptionAggregator actor instead.
  in .PublisherSubscriptionAggregatorPort.SubscriptionAggregatorPort
	at ptolemy.actor.SubscriptionAggregatorPort.preinitialize(SubscriptionAggregatorPort.java:353)
	at ptolemy.actor.CompositeActor.preinitialize(CompositeActor.java:1769)
	at ptolemy.actor.Manager.preinitializeAndResolveTypes(Manager.java:1040)
	at ptolemy.actor.Manager.initialize(Manager.java:710)
	at ptolemy.actor.Manager.execute(Manager.java:356)
	at ptolemy.actor.Manager.run(Manager.java:1263)
	at ptolemy.actor.Manager$PtolemyRunThread.run(Manager.java:1933)
java.lang.RuntimeException: Execution failed
	at ptolemy.moml.MoMLSimpleApplication$UnloadThread.run(MoMLSimpleApplication.java:402)
Caused by: ptolemy.kernel.util.IllegalActionException: TypeTest actor has no training data.
  in .sizedarray3.TypeTest
	at ptolemy.actor.lib.TypeTest.initialize(TypeTest.java:250)
	at ptolemy.actor.Director.initialize(Director.java:938)
	at ptolemy.actor.Director.initialize(Director.java:907)
	at ptolemy.actor.sched.StaticSchedulingDirector.initialize(StaticSchedulingDirector.java:159)
	at ptolemy.domains.sdf.kernel.SDFDirector.initialize(SDFDirector.java:544)
	at ptolemy.actor.CompositeActor.initialize(CompositeActor.java:935)
	at ptolemy.actor.Manager.initialize(Manager.java:724)
	at ptolemy.actor.Manager.execute(Manager.java:356)
	at ptolemy.actor.Manager.run(Manager.java:1263)
	at ptolemy.actor.Manager$PtolemyRunThread.run(Manager.java:1933)
java.lang.reflect.InvocationTargetException
	at java.base/jdk.internal.reflect.NativeConstructorAccessorImpl.newInstance0(Native Method)
	at java.base/jdk.internal.reflect.NativeConstructorAccessorImpl.newInstance(NativeConstructorAccessorImpl.java:62)
	at java.base/jdk.internal.reflect.DelegatingConstructorAccessorImpl.newInstance(DelegatingConstructorAccessorImpl.java:45)
	at java.base/java.lang.reflect.Constructor.newInstance(Constructor.java:490)
	at ptolemy.util.test.junit.AutoKnownFailedTests.RunModel(AutoKnownFailedTests.java:105)
	at java.base/jdk.internal.reflect.NativeMethodAccessorImpl.invoke0(Native Method)
	at java.base/jdk.internal.reflect.NativeMethodAccessorImpl.invoke(NativeMethodAccessorImpl.java:62)
	at java.base/jdk.internal.reflect.DelegatingMethodAccessorImpl.invoke(DelegatingMethodAccessorImpl.java:43)
	at java.base/java.lang.reflect.Method.invoke(Method.java:566)
	at org.junit.runners.model.FrameworkMethod$1.runReflectiveCall(FrameworkMethod.java:44)
	at org.junit.internal.runners.model.ReflectiveCallable.run(ReflectiveCallable.java:15)
	at org.junit.runners.model.FrameworkMethod.invokeExplosively(FrameworkMethod.java:41)
	at junitparams.internal.InvokeParameterisedMethod.evaluate(InvokeParameterisedMethod.java:102)
	at org.junit.internal.runners.statements.FailOnTimeout$1.run(FailOnTimeout.java:28)
Caused by: ptolemy.kernel.util.IllegalActionException: TypeTest actor has no training data.
  in .sizedarray3.TypeTest
	at ptolemy.actor.lib.TypeTest.initialize(TypeTest.java:250)
	at ptolemy.actor.Director.initialize(Director.java:938)
	at ptolemy.actor.Director.initialize(Director.java:907)
	at ptolemy.actor.sched.StaticSchedulingDirector.initialize(StaticSchedulingDirector.java:159)
	at ptolemy.domains.sdf.kernel.SDFDirector.initialize(SDFDirector.java:544)
	at ptolemy.actor.CompositeActor.initialize(CompositeActor.java:935)
	at ptolemy.actor.Manager.initialize(Manager.java:724)
	at ptolemy.actor.Manager.execute(Manager.java:356)
	at ptolemy.actor.Manager.run(Manager.java:1263)
	at ptolemy.actor.Manager$PtolemyRunThread.run(Manager.java:1933)
]]></system-err>
</testsuite>
